<?xml version="1.0" encoding="UTF-8"?>
<testsuite xmlns:xsi="http://www.w3.org/2001/XMLSchema-instance" xsi:noNamespaceSchemaLocation="https://maven.apache.org/surefire/maven-failsafe-plugin/xsd/failsafe-test-report.xsd" version="3.0.2" name="io.apicurio.tests.serdes.apicurio.AvroSerdeIT" time="118.568" tests="21" errors="0" skipped="2" failures="0">
  <properties>
    <property name="java.specification.version" value="17"/>
    <property name="sun.jnu.encoding" value="UTF-8"/>
    <property name="java.class.path" value="/home/runner/work/apicurio-testing/apicurio-testing/clusters/ci419/namespaces/inmemory/tests/integration/apicurio-registry/integration-tests/target/test-classes:/home/runner/work/apicurio-testing/apicurio-testing/clusters/ci419/namespaces/inmemory/tests/integration/apicurio-registry/integration-tests/target/apicurio-registry-integration-tests-3.0.12-SNAPSHOT.jar:/home/runner/.m2/repository/io/quarkus/quarkus-junit5/3.20.2/quarkus-junit5-3.20.2.jar:/home/runner/.m2/repository/io/quarkus/quarkus-bootstrap-core/3.20.2/quarkus-bootstrap-core-3.20.2.jar:/home/runner/.m2/repository/io/quarkus/quarkus-classloader-commons/3.20.2/quarkus-classloader-commons-3.20.2.jar:/home/runner/.m2/repository/io/quarkus/quarkus-bootstrap-app-model/3.20.2/quarkus-bootstrap-app-model-3.20.2.jar:/home/runner/.m2/repository/io/smallrye/common/smallrye-common-io/2.12.0/smallrye-common-io-2.12.0.jar:/home/runner/.m2/repository/org/eclipse/sisu/org.eclipse.sisu.inject/0.9.0.M3/org.eclipse.sisu.inject-0.9.0.M3.jar:/home/runner/.m2/repository/io/quarkus/quarkus-test-common/3.20.2/quarkus-test-common-3.20.2.jar:/home/runner/.m2/repository/io/quarkus/quarkus-core-deployment/3.20.2/quarkus-core-deployment-3.20.2.jar:/home/runner/.m2/repository/org/aesh/readline/2.6/readline-2.6.jar:/home/runner/.m2/repository/org/fusesource/jansi/jansi/2.4.0/jansi-2.4.0.jar:/home/runner/.m2/repository/org/aesh/aesh/2.8.2/aesh-2.8.2.jar:/home/runner/.m2/repository/io/quarkus/gizmo/gizmo/1.8.0/gizmo-1.8.0.jar:/home/runner/.m2/repository/org/ow2/asm/asm-util/9.7.1/asm-util-9.7.1.jar:/home/runner/.m2/repository/org/ow2/asm/asm-analysis/9.7.1/asm-analysis-9.7.1.jar:/home/runner/.m2/repository/org/ow2/asm/asm-commons/9.7.1/asm-commons-9.7.1.jar:/home/runner/.m2/repository/org/ow2/asm/asm-tree/9.7.1/asm-tree-9.7.1.jar:/home/runner/.m2/repository/io/quarkus/quarkus-hibernate-validator-spi/3.20.2/quarkus-hibernate-validator-spi-3.20.2.jar:/home/runner/.m2/repository/io/quarkus/quarkus-class-change-agent/3.20.2/quarkus-class-change-agent-3.20.2.jar:/home/runner/.m2/repository/io/quarkus/quarkus-devtools-utilities/3.20.2/quarkus-devtools-utilities-3.20.2.jar:/home/runner/.m2/repository/io/quarkus/quarkus-builder/3.20.2/quarkus-builder-3.20.2.jar:/home/runner/.m2/repository/org/graalvm/sdk/nativeimage/23.1.2/nativeimage-23.1.2.jar:/home/runner/.m2/repository/org/graalvm/sdk/word/23.1.2/word-23.1.2.jar:/home/runner/.m2/repository/io/quarkus/quarkus-bootstrap-maven-resolver/3.20.2/quarkus-bootstrap-maven-resolver-3.20.2.jar:/home/runner/.m2/repository/io/smallrye/beanbag/smallrye-beanbag-maven/1.5.2/smallrye-beanbag-maven-1.5.2.jar:/home/runner/.m2/repository/io/smallrye/beanbag/smallrye-beanbag-sisu/1.5.2/smallrye-beanbag-sisu-1.5.2.jar:/home/runner/.m2/repository/io/smallrye/beanbag/smallrye-beanbag/1.5.2/smallrye-beanbag-1.5.2.jar:/home/runner/.m2/repository/javax/inject/javax.inject/1/javax.inject-1.jar:/home/runner/.m2/repository/org/apache/maven/maven-artifact/3.9.9/maven-artifact-3.9.9.jar:/home/runner/.m2/repository/org/apache/maven/maven-builder-support/3.9.9/maven-builder-support-3.9.9.jar:/home/runner/.m2/repository/org/apache/maven/maven-model/3.9.9/maven-model-3.9.9.jar:/home/runner/.m2/repository/org/apache/maven/maven-model-builder/3.9.9/maven-model-builder-3.9.9.jar:/home/runner/.m2/repository/org/apache/maven/maven-repository-metadata/3.9.9/maven-repository-metadata-3.9.9.jar:/home/runner/.m2/repository/org/apache/maven/maven-settings/3.9.9/maven-settings-3.9.9.jar:/home/runner/.m2/repository/org/apache/maven/resolver/maven-resolver-api/1.9.22/maven-resolver-api-1.9.22.jar:/home/runner/.m2/repository/org/apache/maven/resolver/maven-resolver-impl/1.9.22/maven-resolver-impl-1.9.22.jar:/home/runner/.m2/repository/org/apache/maven/resolver/maven-resolver-named-locks/1.9.22/maven-resolver-named-locks-1.9.22.jar:/home/runner/.m2/repository/org/apache/maven/resolver/maven-resolver-spi/1.9.22/maven-resolver-spi-1.9.22.jar:/home/runner/.m2/repository/org/apache/maven/resolver/maven-resolver-util/1.9.22/maven-resolver-util-1.9.22.jar:/home/runner/.m2/repository/org/apache/maven/resolver/maven-resolver-transport-http/1.9.20/maven-resolver-transport-http-1.9.20.jar:/home/runner/.m2/repository/org/apache/maven/wagon/wagon-provider-api/3.5.3/wagon-provider-api-3.5.3.jar:/home/runner/.m2/repository/org/apache/maven/wagon/wagon-http-shared/3.5.3/wagon-http-shared-3.5.3.jar:/home/runner/.m2/repository/org/codehaus/plexus/plexus-interpolation/1.26/plexus-interpolation-1.26.jar:/home/runner/.m2/repository/org/codehaus/plexus/plexus-utils/3.5.1/plexus-utils-3.5.1.jar:/home/runner/.m2/repository/org/codehaus/plexus/plexus-xml/4.0.1/plexus-xml-4.0.1.jar:/home/runner/.m2/repository/org/apache/maven/maven-xml-impl/4.0.0-alpha-5/maven-xml-impl-4.0.0-alpha-5.jar:/home/runner/.m2/repository/org/apache/maven/maven-api-xml/4.0.0-alpha-5/maven-api-xml-4.0.0-alpha-5.jar:/home/runner/.m2/repository/org/apache/maven/maven-api-meta/4.0.0-alpha-5/maven-api-meta-4.0.0-alpha-5.jar:/home/runner/.m2/repository/org/codehaus/plexus/plexus-cipher/2.0/plexus-cipher-2.0.jar:/home/runner/.m2/repository/org/codehaus/plexus/plexus-sec-dispatcher/2.0/plexus-sec-dispatcher-2.0.jar:/home/runner/.m2/repository/org/apache/maven/maven-embedder/3.9.9/maven-embedder-3.9.9.jar:/home/runner/.m2/repository/org/apache/maven/maven-core/3.9.9/maven-core-3.9.9.jar:/home/runner/.m2/repository/org/codehaus/plexus/plexus-component-annotations/2.1.0/plexus-component-annotations-2.1.0.jar:/home/runner/.m2/repository/org/apache/maven/maven-plugin-api/3.9.9/maven-plugin-api-3.9.9.jar:/home/runner/.m2/repository/org/apache/maven/shared/maven-shared-utils/3.4.2/maven-shared-utils-3.4.2.jar:/home/runner/.m2/repository/com/google/inject/guice/5.1.0/guice-5.1.0.jar:/home/runner/.m2/repository/aopalliance/aopalliance/1.0/aopalliance-1.0.jar:/home/runner/.m2/repository/org/codehaus/plexus/plexus-classworlds/2.6.0/plexus-classworlds-2.6.0.jar:/home/runner/.m2/repository/commons-cli/commons-cli/1.8.0/commons-cli-1.8.0.jar:/home/runner/.m2/repository/org/eclipse/sisu/org.eclipse.sisu.plexus/0.9.0.M3/org.eclipse.sisu.plexus-0.9.0.M3.jar:/home/runner/.m2/repository/org/apache/maven/maven-settings-builder/3.9.9/maven-settings-builder-3.9.9.jar:/home/runner/.m2/repository/org/apache/maven/maven-resolver-provider/3.9.9/maven-resolver-provider-3.9.9.jar:/home/runner/.m2/repository/org/apache/maven/resolver/maven-resolver-connector-basic/1.9.22/maven-resolver-connector-basic-1.9.22.jar:/home/runner/.m2/repository/org/apache/maven/resolver/maven-resolver-transport-wagon/1.9.22/maven-resolver-transport-wagon-1.9.22.jar:/home/runner/.m2/repository/org/apache/maven/wagon/wagon-http/3.5.3/wagon-http-3.5.3.jar:/home/runner/.m2/repository/org/apache/maven/wagon/wagon-file/3.5.3/wagon-file-3.5.3.jar:/home/runner/.m2/repository/io/quarkus/quarkus-bootstrap-gradle-resolver/3.20.2/quarkus-bootstrap-gradle-resolver-3.20.2.jar:/home/runner/.m2/repository/io/smallrye/jandex/3.3.0/jandex-3.3.0.jar:/home/runner/.m2/repository/org/jboss/logging/commons-logging-jboss-logging/1.0.0.Final/commons-logging-jboss-logging-1.0.0.Final.jar:/home/runner/.m2/repository/io/quarkus/quarkus-junit5-config/3.20.2/quarkus-junit5-config-3.20.2.jar:/home/runner/.m2/repository/org/junit/jupiter/junit-jupiter-api/5.12.1/junit-jupiter-api-5.12.1.jar:/home/runner/.m2/repository/io/smallrye/config/smallrye-config/3.11.4/smallrye-config-3.11.4.jar:/home/runner/.m2/repository/io/smallrye/config/smallrye-config-core/3.11.4/smallrye-config-core-3.11.4.jar:/home/runner/.m2/repository/io/smallrye/common/smallrye-common-classloader/2.12.0/smallrye-common-classloader-2.12.0.jar:/home/runner/.m2/repository/io/smallrye/config/smallrye-config-common/3.11.4/smallrye-config-common-3.11.4.jar:/home/runner/.m2/repository/org/junit/jupiter/junit-jupiter/5.12.1/junit-jupiter-5.12.1.jar:/home/runner/.m2/repository/org/junit/jupiter/junit-jupiter-params/5.12.1/junit-jupiter-params-5.12.1.jar:/home/runner/.m2/repository/org/junit/jupiter/junit-jupiter-engine/5.12.1/junit-jupiter-engine-5.12.1.jar:/home/runner/.m2/repository/io/quarkus/quarkus-core/3.20.2/quarkus-core-3.20.2.jar:/home/runner/.m2/repository/jakarta/enterprise/jakarta.enterprise.cdi-api/4.1.0/jakarta.enterprise.cdi-api-4.1.0.jar:/home/runner/.m2/repository/jakarta/enterprise/jakarta.enterprise.lang-model/4.1.0/jakarta.enterprise.lang-model-4.1.0.jar:/home/runner/.m2/repository/jakarta/el/jakarta.el-api/5.0.1/jakarta.el-api-5.0.1.jar:/home/runner/.m2/repository/jakarta/interceptor/jakarta.interceptor-api/2.2.0/jakarta.interceptor-api-2.2.0.jar:/home/runner/.m2/repository/jakarta/inject/jakarta.inject-api/2.0.1/jakarta.inject-api-2.0.1.jar:/home/runner/.m2/repository/io/smallrye/common/smallrye-common-os/2.12.0/smallrye-common-os-2.12.0.jar:/home/runner/.m2/repository/io/quarkus/quarkus-ide-launcher/3.20.2/quarkus-ide-launcher-3.20.2.jar:/home/runner/.m2/repository/io/quarkus/quarkus-development-mode-spi/3.20.2/quarkus-development-mode-spi-3.20.2.jar:/home/runner/.m2/repository/org/jboss/logging/jboss-logging/3.6.1.Final/jboss-logging-3.6.1.Final.jar:/home/runner/.m2/repository/org/jboss/logmanager/jboss-logmanager/3.1.2.Final/jboss-logmanager-3.1.2.Final.jar:/home/runner/.m2/repository/io/smallrye/common/smallrye-common-constraint/2.12.0/smallrye-common-constraint-2.12.0.jar:/home/runner/.m2/repository/io/smallrye/common/smallrye-common-cpu/2.12.0/smallrye-common-cpu-2.12.0.jar:/home/runner/.m2/repository/io/smallrye/common/smallrye-common-expression/2.12.0/smallrye-common-expression-2.12.0.jar:/home/runner/.m2/repository/io/smallrye/common/smallrye-common-net/2.12.0/smallrye-common-net-2.12.0.jar:/home/runner/.m2/repository/io/smallrye/common/smallrye-common-ref/2.12.0/smallrye-common-ref-2.12.0.jar:/home/runner/.m2/repository/jakarta/json/jakarta.json-api/2.1.3/jakarta.json-api-2.1.3.jar:/home/runner/.m2/repository/org/eclipse/parsson/parsson/1.1.7/parsson-1.1.7.jar:/home/runner/.m2/repository/org/jboss/logging/jboss-logging-annotations/3.0.4.Final/jboss-logging-annotations-3.0.4.Final.jar:/home/runner/.m2/repository/org/jboss/threads/jboss-threads/3.8.0.Final/jboss-threads-3.8.0.Final.jar:/home/runner/.m2/repository/io/smallrye/common/smallrye-common-annotation/2.12.0/smallrye-common-annotation-2.12.0.jar:/home/runner/.m2/repository/io/smallrye/common/smallrye-common-function/2.12.0/smallrye-common-function-2.12.0.jar:/home/runner/.m2/repository/org/jboss/slf4j/slf4j-jboss-logmanager/2.0.0.Final/slf4j-jboss-logmanager-2.0.0.Final.jar:/home/runner/.m2/repository/org/wildfly/common/wildfly-common/2.0.1/wildfly-common-2.0.1.jar:/home/runner/.m2/repository/io/quarkus/quarkus-bootstrap-runner/3.20.2/quarkus-bootstrap-runner-3.20.2.jar:/home/runner/.m2/repository/io/github/crac/org-crac/0.1.3/org-crac-0.1.3.jar:/home/runner/.m2/repository/io/quarkus/quarkus-fs-util/0.0.10/quarkus-fs-util-0.0.10.jar:/home/runner/.m2/repository/org/jboss/marshalling/jboss-marshalling/2.2.2.Final/jboss-marshalling-2.2.2.Final.jar:/home/runner/.m2/repository/io/fabric8/kubernetes-client/7.1.0/kubernetes-client-7.1.0.jar:/home/runner/.m2/repository/io/fabric8/kubernetes-client-api/7.1.0/kubernetes-client-api-7.1.0.jar:/home/runner/.m2/repository/io/fabric8/kubernetes-model-core/7.1.0/kubernetes-model-core-7.1.0.jar:/home/runner/.m2/repository/io/fabric8/kubernetes-model-common/7.1.0/kubernetes-model-common-7.1.0.jar:/home/runner/.m2/repository/javax/annotation/javax.annotation-api/1.3.2/javax.annotation-api-1.3.2.jar:/home/runner/.m2/repository/io/fabric8/kubernetes-model-gatewayapi/7.1.0/kubernetes-model-gatewayapi-7.1.0.jar:/home/runner/.m2/repository/io/fabric8/kubernetes-model-resource/7.1.0/kubernetes-model-resource-7.1.0.jar:/home/runner/.m2/repository/io/fabric8/kubernetes-model-rbac/7.1.0/kubernetes-model-rbac-7.1.0.jar:/home/runner/.m2/repository/io/fabric8/kubernetes-model-admissionregistration/7.1.0/kubernetes-model-admissionregistration-7.1.0.jar:/home/runner/.m2/repository/io/fabric8/kubernetes-model-apps/7.1.0/kubernetes-model-apps-7.1.0.jar:/home/runner/.m2/repository/io/fabric8/kubernetes-model-autoscaling/7.1.0/kubernetes-model-autoscaling-7.1.0.jar:/home/runner/.m2/repository/io/fabric8/kubernetes-model-apiextensions/7.1.0/kubernetes-model-apiextensions-7.1.0.jar:/home/runner/.m2/repository/io/fabric8/kubernetes-model-batch/7.1.0/kubernetes-model-batch-7.1.0.jar:/home/runner/.m2/repository/io/fabric8/kubernetes-model-certificates/7.1.0/kubernetes-model-certificates-7.1.0.jar:/home/runner/.m2/repository/io/fabric8/kubernetes-model-coordination/7.1.0/kubernetes-model-coordination-7.1.0.jar:/home/runner/.m2/repository/io/fabric8/kubernetes-model-discovery/7.1.0/kubernetes-model-discovery-7.1.0.jar:/home/runner/.m2/repository/io/fabric8/kubernetes-model-events/7.1.0/kubernetes-model-events-7.1.0.jar:/home/runner/.m2/repository/io/fabric8/kubernetes-model-extensions/7.1.0/kubernetes-model-extensions-7.1.0.jar:/home/runner/.m2/repository/io/fabric8/kubernetes-model-flowcontrol/7.1.0/kubernetes-model-flowcontrol-7.1.0.jar:/home/runner/.m2/repository/io/fabric8/kubernetes-model-networking/7.1.0/kubernetes-model-networking-7.1.0.jar:/home/runner/.m2/repository/io/fabric8/kubernetes-model-metrics/7.1.0/kubernetes-model-metrics-7.1.0.jar:/home/runner/.m2/repository/io/fabric8/kubernetes-model-policy/7.1.0/kubernetes-model-policy-7.1.0.jar:/home/runner/.m2/repository/io/fabric8/kubernetes-model-scheduling/7.1.0/kubernetes-model-scheduling-7.1.0.jar:/home/runner/.m2/repository/io/fabric8/kubernetes-model-storageclass/7.1.0/kubernetes-model-storageclass-7.1.0.jar:/home/runner/.m2/repository/io/fabric8/kubernetes-model-node/7.1.0/kubernetes-model-node-7.1.0.jar:/home/runner/.m2/repository/org/snakeyaml/snakeyaml-engine/2.9/snakeyaml-engine-2.9.jar:/home/runner/.m2/repository/com/fasterxml/jackson/dataformat/jackson-dataformat-yaml/2.18.2/jackson-dataformat-yaml-2.18.2.jar:/home/runner/.m2/repository/com/fasterxml/jackson/datatype/jackson-datatype-jsr310/2.18.2/jackson-datatype-jsr310-2.18.2.jar:/home/runner/.m2/repository/io/fabric8/zjsonpatch/7.1.0/zjsonpatch-7.1.0.jar:/home/runner/.m2/repository/io/fabric8/kubernetes-httpclient-vertx/7.1.0/kubernetes-httpclient-vertx-7.1.0.jar:/home/runner/.m2/repository/io/vertx/vertx-web-client/4.5.16/vertx-web-client-4.5.16.jar:/home/runner/.m2/repository/io/vertx/vertx-web-common/4.5.16/vertx-web-common-4.5.16.jar:/home/runner/.m2/repository/io/vertx/vertx-auth-common/4.5.16/vertx-auth-common-4.5.16.jar:/home/runner/.m2/repository/io/vertx/vertx-uri-template/4.5.16/vertx-uri-template-4.5.16.jar:/home/runner/.m2/repository/io/fabric8/openshift-client/7.1.0/openshift-client-7.1.0.jar:/home/runner/.m2/repository/io/fabric8/openshift-client-api/7.1.0/openshift-client-api-7.1.0.jar:/home/runner/.m2/repository/io/fabric8/openshift-model/7.1.0/openshift-model-7.1.0.jar:/home/runner/.m2/repository/io/fabric8/openshift-model-autoscaling/7.1.0/openshift-model-autoscaling-7.1.0.jar:/home/runner/.m2/repository/io/fabric8/openshift-model-operator/7.1.0/openshift-model-operator-7.1.0.jar:/home/runner/.m2/repository/io/fabric8/openshift-model-operatorhub/7.1.0/openshift-model-operatorhub-7.1.0.jar:/home/runner/.m2/repository/io/fabric8/openshift-model-machine/7.1.0/openshift-model-machine-7.1.0.jar:/home/runner/.m2/repository/io/fabric8/openshift-model-whereabouts/7.1.0/openshift-model-whereabouts-7.1.0.jar:/home/runner/.m2/repository/io/fabric8/openshift-model-monitoring/7.1.0/openshift-model-monitoring-7.1.0.jar:/home/runner/.m2/repository/io/fabric8/openshift-model-storageversionmigrator/7.1.0/openshift-model-storageversionmigrator-7.1.0.jar:/home/runner/.m2/repository/io/fabric8/openshift-model-tuned/7.1.0/openshift-model-tuned-7.1.0.jar:/home/runner/.m2/repository/io/fabric8/openshift-model-console/7.1.0/openshift-model-console-7.1.0.jar:/home/runner/.m2/repository/io/fabric8/openshift-model-config/7.1.0/openshift-model-config-7.1.0.jar:/home/runner/.m2/repository/io/fabric8/openshift-model-machineconfiguration/7.1.0/openshift-model-machineconfiguration-7.1.0.jar:/home/runner/.m2/repository/io/fabric8/openshift-model-miscellaneous/7.1.0/openshift-model-miscellaneous-7.1.0.jar:/home/runner/.m2/repository/io/fabric8/openshift-model-hive/7.1.0/openshift-model-hive-7.1.0.jar:/home/runner/.m2/repository/io/fabric8/openshift-model-installer/7.1.0/openshift-model-installer-7.1.0.jar:/home/runner/.m2/repository/org/junit/platform/junit-platform-launcher/1.12.1/junit-platform-launcher-1.12.1.jar:/home/runner/.m2/repository/org/junit/platform/junit-platform-engine/1.12.1/junit-platform-engine-1.12.1.jar:/home/runner/.m2/repository/org/opentest4j/opentest4j/1.3.0/opentest4j-1.3.0.jar:/home/runner/.m2/repository/org/junit/platform/junit-platform-commons/1.12.1/junit-platform-commons-1.12.1.jar:/home/runner/.m2/repository/org/apiguardian/apiguardian-api/1.1.2/apiguardian-api-1.1.2.jar:/home/runner/.m2/repository/jakarta/ws/rs/jakarta.ws.rs-api/3.1.0/jakarta.ws.rs-api-3.1.0.jar:/home/runner/work/apicurio-testing/apicurio-testing/clusters/ci419/namespaces/inmemory/tests/integration/apicurio-registry/java-sdk/target/apicurio-registry-java-sdk-3.0.12-SNAPSHOT.jar:/home/runner/.m2/repository/com/microsoft/kiota/microsoft-kiota-abstractions/1.8.9/microsoft-kiota-abstractions-1.8.9.jar:/home/runner/.m2/repository/io/github/std-uritemplate/std-uritemplate/2.0.0/std-uritemplate-2.0.0.jar:/home/runner/.m2/repository/io/kiota/kiota-http-jdk/0.0.29/kiota-http-jdk-0.0.29.jar:/home/runner/.m2/repository/io/kiota/kiota-http-vertx/0.0.29/kiota-http-vertx-0.0.29.jar:/home/runner/.m2/repository/io/kiota/kiota-serialization-jackson/0.0.29/kiota-serialization-jackson-0.0.29.jar:/home/runner/.m2/repository/com/microsoft/kiota/microsoft-kiota-serialization-text/1.8.9/microsoft-kiota-serialization-text-1.8.9.jar:/home/runner/.m2/repository/com/microsoft/kiota/microsoft-kiota-serialization-form/1.8.9/microsoft-kiota-serialization-form-1.8.9.jar:/home/runner/.m2/repository/com/microsoft/kiota/microsoft-kiota-serialization-multipart/1.8.9/microsoft-kiota-serialization-multipart-1.8.9.jar:/home/runner/.m2/repository/jakarta/annotation/jakarta.annotation-api/3.0.0/jakarta.annotation-api-3.0.0.jar:/home/runner/.m2/repository/io/vertx/vertx-auth-oauth2/4.5.16/vertx-auth-oauth2-4.5.16.jar:/home/runner/work/apicurio-testing/apicurio-testing/clusters/ci419/namespaces/inmemory/tests/integration/apicurio-registry/java-sdk-v2/target/apicurio-registry-v2-java-sdk-3.0.12-SNAPSHOT.jar:/home/runner/work/apicurio-testing/apicurio-testing/clusters/ci419/namespaces/inmemory/tests/integration/apicurio-registry/utils/kafka/target/apicurio-registry-utils-kafka-3.0.12-SNAPSHOT-tests.jar:/home/runner/.m2/repository/org/eclipse/microprofile/config/microprofile-config-api/3.1/microprofile-config-api-3.1.jar:/home/runner/.m2/repository/org/apache/kafka/kafka-clients/3.9.1/kafka-clients-3.9.1.jar:/home/runner/.m2/repository/com/github/luben/zstd-jni/1.5.6-4/zstd-jni-1.5.6-4.jar:/home/runner/.m2/repository/org/lz4/lz4-java/1.8.0/lz4-java-1.8.0.jar:/home/runner/.m2/repository/org/xerial/snappy/snappy-java/1.1.10.5/snappy-java-1.1.10.5.jar:/home/runner/.m2/repository/org/slf4j/slf4j-api/2.0.6/slf4j-api-2.0.6.jar:/home/runner/work/apicurio-testing/apicurio-testing/clusters/ci419/namespaces/inmemory/tests/integration/apicurio-registry/utils/tests/target/apicurio-registry-utils-tests-3.0.12-SNAPSHOT.jar:/home/runner/work/apicurio-testing/apicurio-testing/clusters/ci419/namespaces/inmemory/tests/integration/apicurio-registry/common/target/apicurio-registry-common-3.0.12-SNAPSHOT.jar:/home/runner/.m2/repository/jakarta/validation/jakarta.validation-api/3.0.2/jakarta.validation-api-3.0.2.jar:/home/runner/.m2/repository/com/github/dasniko/testcontainers-keycloak/3.8.0/testcontainers-keycloak-3.8.0.jar:/home/runner/.m2/repository/org/testcontainers/testcontainers/1.20.6/testcontainers-1.20.6.jar:/home/runner/.m2/repository/org/rnorth/duct-tape/duct-tape/1.0.8/duct-tape-1.0.8.jar:/home/runner/.m2/repository/com/github/docker-java/docker-java-transport-zerodep/3.4.1/docker-java-transport-zerodep-3.4.1.jar:/home/runner/.m2/repository/com/github/docker-java/docker-java-transport/3.4.1/docker-java-transport-3.4.1.jar:/home/runner/.m2/repository/net/java/dev/jna/jna/5.8.0/jna-5.8.0.jar:/home/runner/.m2/repository/io/quarkus/quarkus-junit4-mock/3.20.2/quarkus-junit4-mock-3.20.2.jar:/home/runner/.m2/repository/org/jboss/shrinkwrap/shrinkwrap-api/2.0.0-beta-2/shrinkwrap-api-2.0.0-beta-2.jar:/home/runner/.m2/repository/org/jboss/shrinkwrap/shrinkwrap-impl-base/2.0.0-beta-2/shrinkwrap-impl-base-2.0.0-beta-2.jar:/home/runner/.m2/repository/org/jboss/shrinkwrap/shrinkwrap-spi/2.0.0-beta-2/shrinkwrap-spi-2.0.0-beta-2.jar:/home/runner/.m2/repository/org/keycloak/keycloak-admin-client/26.0.4/keycloak-admin-client-26.0.4.jar:/home/runner/.m2/repository/org/keycloak/keycloak-client-common-synced/26.0.4/keycloak-client-common-synced-26.0.4.jar:/home/runner/.m2/repository/jakarta/activation/jakarta.activation-api/2.1.3/jakarta.activation-api-2.1.3.jar:/home/runner/.m2/repository/org/eclipse/microprofile/openapi/microprofile-openapi-api/4.0.2/microprofile-openapi-api-4.0.2.jar:/home/runner/.m2/repository/org/jboss/resteasy/resteasy-client/6.2.12.Final/resteasy-client-6.2.12.Final.jar:/home/runner/.m2/repository/org/jboss/resteasy/resteasy-client-api/6.2.12.Final/resteasy-client-api-6.2.12.Final.jar:/home/runner/.m2/repository/org/jboss/resteasy/resteasy-core-spi/6.2.12.Final/resteasy-core-spi-6.2.12.Final.jar:/home/runner/.m2/repository/org/jboss/resteasy/resteasy-core/6.2.12.Final/resteasy-core-6.2.12.Final.jar:/home/runner/.m2/repository/org/eclipse/angus/angus-activation/2.0.2/angus-activation-2.0.2.jar:/home/runner/.m2/repository/com/ibm/async/asyncutil/0.1.0/asyncutil-0.1.0.jar:/home/runner/.m2/repository/org/reactivestreams/reactive-streams/1.0.4/reactive-streams-1.0.4.jar:/home/runner/.m2/repository/org/jboss/resteasy/resteasy-multipart-provider/6.2.12.Final/resteasy-multipart-provider-6.2.12.Final.jar:/home/runner/.m2/repository/jakarta/mail/jakarta.mail-api/2.1.3/jakarta.mail-api-2.1.3.jar:/home/runner/.m2/repository/org/eclipse/angus/angus-mail/2.0.3/angus-mail-2.0.3.jar:/home/runner/.m2/repository/org/apache/james/apache-mime4j-dom/0.8.12/apache-mime4j-dom-0.8.12.jar:/home/runner/.m2/repository/org/apache/james/apache-mime4j-core/0.8.12/apache-mime4j-core-0.8.12.jar:/home/runner/.m2/repository/org/apache/james/apache-mime4j-storage/0.8.12/apache-mime4j-storage-0.8.12.jar:/home/runner/.m2/repository/org/jboss/resteasy/resteasy-jackson2-provider/6.2.12.Final/resteasy-jackson2-provider-6.2.12.Final.jar:/home/runner/.m2/repository/com/fasterxml/jackson/jakarta/rs/jackson-jakarta-rs-base/2.18.2/jackson-jakarta-rs-base-2.18.2.jar:/home/runner/.m2/repository/com/fasterxml/jackson/jakarta/rs/jackson-jakarta-rs-json-provider/2.18.2/jackson-jakarta-rs-json-provider-2.18.2.jar:/home/runner/.m2/repository/com/fasterxml/jackson/module/jackson-module-jakarta-xmlbind-annotations/2.18.2/jackson-module-jakarta-xmlbind-annotations-2.18.2.jar:/home/runner/.m2/repository/com/github/java-json-tools/json-patch/1.13/json-patch-1.13.jar:/home/runner/.m2/repository/com/github/java-json-tools/msg-simple/1.2/msg-simple-1.2.jar:/home/runner/.m2/repository/com/github/java-json-tools/btf/1.3/btf-1.3.jar:/home/runner/.m2/repository/com/github/java-json-tools/jackson-coreutils/2.0/jackson-coreutils-2.0.jar:/home/runner/.m2/repository/org/jboss/resteasy/resteasy-jaxb-provider/6.2.12.Final/resteasy-jaxb-provider-6.2.12.Final.jar:/home/runner/.m2/repository/org/glassfish/jaxb/codemodel/4.0.5/codemodel-4.0.5.jar:/home/runner/.m2/repository/org/glassfish/jaxb/jaxb-core/4.0.5/jaxb-core-4.0.5.jar:/home/runner/.m2/repository/org/glassfish/jaxb/jaxb-jxc/4.0.5/jaxb-jxc-4.0.5.jar:/home/runner/.m2/repository/org/glassfish/jaxb/jaxb-runtime/4.0.5/jaxb-runtime-4.0.5.jar:/home/runner/.m2/repository/org/glassfish/jaxb/txw2/4.0.5/txw2-4.0.5.jar:/home/runner/.m2/repository/org/glassfish/jaxb/jaxb-xjc/4.0.5/jaxb-xjc-4.0.5.jar:/home/runner/.m2/repository/org/glassfish/jaxb/xsom/4.0.5/xsom-4.0.5.jar:/home/runner/.m2/repository/com/sun/istack/istack-commons-runtime/4.1.2/istack-commons-runtime-4.1.2.jar:/home/runner/.m2/repository/com/sun/istack/istack-commons-tools/4.1.2/istack-commons-tools-4.1.2.jar:/home/runner/.m2/repository/com/sun/xml/bind/external/relaxng-datatype/4.0.5/relaxng-datatype-4.0.5.jar:/home/runner/.m2/repository/com/sun/xml/bind/external/rngom/4.0.5/rngom-4.0.5.jar:/home/runner/.m2/repository/org/testcontainers/mssqlserver/1.20.6/mssqlserver-1.20.6.jar:/home/runner/.m2/repository/org/testcontainers/jdbc/1.20.6/jdbc-1.20.6.jar:/home/runner/.m2/repository/org/testcontainers/database-commons/1.20.6/database-commons-1.20.6.jar:/home/runner/.m2/repository/org/testcontainers/mysql/1.20.6/mysql-1.20.6.jar:/home/runner/.m2/repository/io/strimzi/strimzi-test-container/0.111.0/strimzi-test-container-0.111.0.jar:/home/runner/.m2/repository/org/testcontainers/toxiproxy/1.20.6/toxiproxy-1.20.6.jar:/home/runner/.m2/repository/com/github/docker-java/docker-java-api/3.4.1/docker-java-api-3.4.1.jar:/home/runner/.m2/repository/org/apache/logging/log4j/log4j-slf4j-impl/2.19.0/log4j-slf4j-impl-2.19.0.jar:/home/runner/.m2/repository/org/apache/logging/log4j/log4j-api/2.24.3/log4j-api-2.24.3.jar:/home/runner/.m2/repository/org/apache/logging/log4j/log4j-core/2.19.0/log4j-core-2.19.0.jar:/home/runner/.m2/repository/eu/rekawek/toxiproxy/toxiproxy-java/2.1.7/toxiproxy-java-2.1.7.jar:/home/runner/.m2/repository/org/testcontainers/pulsar/1.21.3/pulsar-1.21.3.jar:/home/runner/.m2/repository/io/debezium/debezium-testing-testcontainers/2.7.4.Final/debezium-testing-testcontainers-2.7.4.Final.jar:/home/runner/.m2/repository/org/testcontainers/kafka/1.20.6/kafka-1.20.6.jar:/home/runner/.m2/repository/com/squareup/okhttp3/okhttp/4.8.1/okhttp-4.8.1.jar:/home/runner/.m2/repository/com/squareup/okio/okio/3.10.2/okio-3.10.2.jar:/home/runner/.m2/repository/com/squareup/okio/okio-jvm/3.10.2/okio-jvm-3.10.2.jar:/home/runner/.m2/repository/org/jetbrains/kotlin/kotlin-stdlib/2.0.21/kotlin-stdlib-2.0.21.jar:/home/runner/.m2/repository/org/awaitility/awaitility/4.3.0/awaitility-4.3.0.jar:/home/runner/.m2/repository/org/testcontainers/mongodb/1.20.6/mongodb-1.20.6.jar:/home/runner/.m2/repository/org/testcontainers/mariadb/1.20.6/mariadb-1.20.6.jar:/home/runner/.m2/repository/org/testcontainers/oracle-xe/1.20.6/oracle-xe-1.20.6.jar:/home/runner/.m2/repository/org/testcontainers/postgresql/1.20.6/postgresql-1.20.6.jar:/home/runner/.m2/repository/org/wiremock/wiremock/3.0.1/wiremock-3.0.1.jar:/home/runner/.m2/repository/org/eclipse/jetty/jetty-server/11.0.15/jetty-server-11.0.15.jar:/home/runner/.m2/repository/org/eclipse/jetty/toolchain/jetty-jakarta-servlet-api/5.0.2/jetty-jakarta-servlet-api-5.0.2.jar:/home/runner/.m2/repository/org/eclipse/jetty/jetty-http/11.0.15/jetty-http-11.0.15.jar:/home/runner/.m2/repository/org/eclipse/jetty/jetty-io/11.0.15/jetty-io-11.0.15.jar:/home/runner/.m2/repository/org/eclipse/jetty/jetty-servlet/11.0.15/jetty-servlet-11.0.15.jar:/home/runner/.m2/repository/org/eclipse/jetty/jetty-security/11.0.15/jetty-security-11.0.15.jar:/home/runner/.m2/repository/org/eclipse/jetty/jetty-servlets/11.0.15/jetty-servlets-11.0.15.jar:/home/runner/.m2/repository/org/eclipse/jetty/jetty-util/11.0.15/jetty-util-11.0.15.jar:/home/runner/.m2/repository/org/eclipse/jetty/jetty-webapp/11.0.15/jetty-webapp-11.0.15.jar:/home/runner/.m2/repository/org/eclipse/jetty/jetty-xml/11.0.15/jetty-xml-11.0.15.jar:/home/runner/.m2/repository/org/eclipse/jetty/jetty-proxy/11.0.15/jetty-proxy-11.0.15.jar:/home/runner/.m2/repository/org/eclipse/jetty/jetty-client/11.0.15/jetty-client-11.0.15.jar:/home/runner/.m2/repository/org/eclipse/jetty/http2/http2-server/11.0.15/http2-server-11.0.15.jar:/home/runner/.m2/repository/org/eclipse/jetty/http2/http2-common/11.0.15/http2-common-11.0.15.jar:/home/runner/.m2/repository/org/eclipse/jetty/http2/http2-hpack/11.0.15/http2-hpack-11.0.15.jar:/home/runner/.m2/repository/org/eclipse/jetty/jetty-alpn-server/11.0.15/jetty-alpn-server-11.0.15.jar:/home/runner/.m2/repository/org/eclipse/jetty/jetty-alpn-java-server/11.0.15/jetty-alpn-java-server-11.0.15.jar:/home/runner/.m2/repository/org/eclipse/jetty/jetty-alpn-java-client/11.0.15/jetty-alpn-java-client-11.0.15.jar:/home/runner/.m2/repository/org/eclipse/jetty/jetty-alpn-client/11.0.15/jetty-alpn-client-11.0.15.jar:/home/runner/.m2/repository/org/apache/httpcomponents/client5/httpclient5/5.2.1/httpclient5-5.2.1.jar:/home/runner/.m2/repository/org/apache/httpcomponents/core5/httpcore5/5.2/httpcore5-5.2.jar:/home/runner/.m2/repository/org/apache/httpcomponents/core5/httpcore5-h2/5.2/httpcore5-h2-5.2.jar:/home/runner/.m2/repository/org/xmlunit/xmlunit-core/2.9.1/xmlunit-core-2.9.1.jar:/home/runner/.m2/repository/jakarta/xml/bind/jakarta.xml.bind-api/4.0.2/jakarta.xml.bind-api-4.0.2.jar:/home/runner/.m2/repository/org/xmlunit/xmlunit-legacy/2.9.1/xmlunit-legacy-2.9.1.jar:/home/runner/.m2/repository/org/xmlunit/xmlunit-placeholders/2.9.1/xmlunit-placeholders-2.9.1.jar:/home/runner/.m2/repository/net/javacrumbs/json-unit/json-unit-core/2.38.0/json-unit-core-2.38.0.jar:/home/runner/.m2/repository/org/hamcrest/hamcrest-core/2.2/hamcrest-core-2.2.jar:/home/runner/.m2/repository/com/jayway/jsonpath/json-path/2.8.0/json-path-2.8.0.jar:/home/runner/.m2/repository/net/minidev/json-smart/2.4.10/json-smart-2.4.10.jar:/home/runner/.m2/repository/net/minidev/accessors-smart/2.4.9/accessors-smart-2.4.9.jar:/home/runner/.m2/repository/org/ow2/asm/asm/9.7.1/asm-9.7.1.jar:/home/runner/.m2/repository/net/sf/jopt-simple/jopt-simple/5.0.4/jopt-simple-5.0.4.jar:/home/runner/.m2/repository/com/github/jknack/handlebars/4.3.1/handlebars-4.3.1.jar:/home/runner/.m2/repository/com/github/jknack/handlebars-helpers/4.3.1/handlebars-helpers-4.3.1.jar:/home/runner/.m2/repository/commons-fileupload/commons-fileupload/1.5/commons-fileupload-1.5.jar:/home/runner/.m2/repository/com/networknt/json-schema-validator/1.5.8/json-schema-validator-1.5.8.jar:/home/runner/.m2/repository/com/ethlo/time/itu/1.10.3/itu-1.10.3.jar:/home/runner/.m2/repository/io/quarkus/quarkus-smallrye-jwt-build/3.20.2/quarkus-smallrye-jwt-build-3.20.2.jar:/home/runner/.m2/repository/io/smallrye/smallrye-jwt-build/4.6.2/smallrye-jwt-build-4.6.2.jar:/home/runner/.m2/repository/org/eclipse/microprofile/jwt/microprofile-jwt-auth-api/2.1/microprofile-jwt-auth-api-2.1.jar:/home/runner/.m2/repository/org/bitbucket/b_c/jose4j/0.9.6/jose4j-0.9.6.jar:/home/runner/.m2/repository/io/smallrye/smallrye-jwt-common/4.6.2/smallrye-jwt-common-4.6.2.jar:/home/runner/.m2/repository/io/quarkus/quarkus-jsonp/3.20.2/quarkus-jsonp-3.20.2.jar:/home/runner/.m2/repository/io/quarkus/quarkus-arc/3.20.2/quarkus-arc-3.20.2.jar:/home/runner/.m2/repository/io/quarkus/arc/arc/3.20.2/arc-3.20.2.jar:/home/runner/.m2/repository/jakarta/transaction/jakarta.transaction-api/2.0.1/jakarta.transaction-api-2.0.1.jar:/home/runner/.m2/repository/io/smallrye/reactive/mutiny/2.9.2/mutiny-2.9.2.jar:/home/runner/.m2/repository/org/jctools/jctools-core/4.0.5/jctools-core-4.0.5.jar:/home/runner/.m2/repository/org/eclipse/microprofile/context-propagation/microprofile-context-propagation-api/1.3/microprofile-context-propagation-api-1.3.jar:/home/runner/.m2/repository/io/apicurio/apicurio-common-rest-client-common/0.1.18.Final/apicurio-common-rest-client-common-0.1.18.Final.jar:/home/runner/work/apicurio-testing/apicurio-testing/clusters/ci419/namespaces/inmemory/tests/integration/apicurio-registry/utils/maven-plugin/target/apicurio-registry-maven-plugin-3.0.12-SNAPSHOT.jar:/home/runner/.m2/repository/com/fasterxml/jackson/core/jackson-databind/2.18.2/jackson-databind-2.18.2.jar:/home/runner/.m2/repository/org/apache/avro/avro/1.12.0/avro-1.12.0.jar:/home/runner/.m2/repository/com/google/protobuf/protobuf-java/4.31.1/protobuf-java-4.31.1.jar:/home/runner/.m2/repository/com/google/protobuf/protobuf-java-util/4.31.1/protobuf-java-util-4.31.1.jar:/home/runner/.m2/repository/com/google/code/findbugs/jsr305/3.0.2/jsr305-3.0.2.jar:/home/runner/.m2/repository/com/google/code/gson/gson/2.12.1/gson-2.12.1.jar:/home/runner/.m2/repository/com/google/errorprone/error_prone_annotations/2.36.0/error_prone_annotations-2.36.0.jar:/home/runner/.m2/repository/com/google/j2objc/j2objc-annotations/2.8/j2objc-annotations-2.8.jar:/home/runner/work/apicurio-testing/apicurio-testing/clusters/ci419/namespaces/inmemory/tests/integration/apicurio-registry/schema-util/util-provider/target/apicurio-registry-schema-util-provider-3.0.12-SNAPSHOT.jar:/home/runner/work/apicurio-testing/apicurio-testing/clusters/ci419/namespaces/inmemory/tests/integration/apicurio-registry/schema-util/common/target/apicurio-registry-schema-util-common-3.0.12-SNAPSHOT.jar:/home/runner/.m2/repository/com/fasterxml/jackson/module/jackson-module-parameter-names/2.18.2/jackson-module-parameter-names-2.18.2.jar:/home/runner/.m2/repository/com/fasterxml/jackson/datatype/jackson-datatype-json-org/2.18.2/jackson-datatype-json-org-2.18.2.jar:/home/runner/work/apicurio-testing/apicurio-testing/clusters/ci419/namespaces/inmemory/tests/integration/apicurio-registry/schema-util/json/target/apicurio-registry-schema-util-json-3.0.12-SNAPSHOT.jar:/home/runner/.m2/repository/com/github/erosb/everit-json-schema/1.14.5/everit-json-schema-1.14.5.jar:/home/runner/.m2/repository/commons-validator/commons-validator/1.9.0/commons-validator-1.9.0.jar:/home/runner/.m2/repository/commons-digester/commons-digester/2.1/commons-digester-2.1.jar:/home/runner/.m2/repository/commons-collections/commons-collections/3.2.2/commons-collections-3.2.2.jar:/home/runner/.m2/repository/com/damnhandy/handy-uri-templates/2.1.8/handy-uri-templates-2.1.8.jar:/home/runner/.m2/repository/joda-time/joda-time/2.10.2/joda-time-2.10.2.jar:/home/runner/.m2/repository/com/github/erosb/json-sKema/0.20.0/json-sKema-0.20.0.jar:/home/runner/.m2/repository/io/vertx/vertx-json-schema/4.5.16/vertx-json-schema-4.5.16.jar:/home/runner/work/apicurio-testing/apicurio-testing/clusters/ci419/namespaces/inmemory/tests/integration/apicurio-registry/schema-util/protobuf/target/apicurio-registry-schema-util-protobuf-3.0.12-SNAPSHOT.jar:/home/runner/work/apicurio-testing/apicurio-testing/clusters/ci419/namespaces/inmemory/tests/integration/apicurio-registry/utils/protobuf-schema-utilities/target/apicurio-registry-protobuf-schema-utilities-3.0.12-SNAPSHOT.jar:/home/runner/.m2/repository/com/google/api/grpc/proto-google-common-protos/2.52.0/proto-google-common-protos-2.52.0.jar:/home/runner/.m2/repository/com/squareup/wire/wire-schema-jvm/5.3.3/wire-schema-jvm-5.3.3.jar:/home/runner/.m2/repository/com/palantir/javapoet/javapoet/0.6.0/javapoet-0.6.0.jar:/home/runner/.m2/repository/com/squareup/kotlinpoet-jvm/2.0.0/kotlinpoet-jvm-2.0.0.jar:/home/runner/.m2/repository/org/jetbrains/kotlin/kotlin-reflect/2.0.21/kotlin-reflect-2.0.21.jar:/home/runner/.m2/repository/com/squareup/wire/wire-runtime-jvm/5.3.3/wire-runtime-jvm-5.3.3.jar:/home/runner/.m2/repository/com/ibm/icu/icu4j/76.1/icu4j-76.1.jar:/home/runner/.m2/repository/com/squareup/okio/okio-fakefilesystem/3.10.2/okio-fakefilesystem-3.10.2.jar:/home/runner/.m2/repository/com/squareup/okio/okio-fakefilesystem-jvm/3.10.2/okio-fakefilesystem-jvm-3.10.2.jar:/home/runner/.m2/repository/org/jetbrains/kotlinx/kotlinx-datetime-jvm/0.6.1/kotlinx-datetime-jvm-0.6.1.jar:/home/runner/work/apicurio-testing/apicurio-testing/clusters/ci419/namespaces/inmemory/tests/integration/apicurio-registry/schema-util/asyncapi/target/apicurio-registry-schema-util-asyncapi-3.0.12-SNAPSHOT.jar:/home/runner/work/apicurio-testing/apicurio-testing/clusters/ci419/namespaces/inmemory/tests/integration/apicurio-registry/schema-util/avro/target/apicurio-registry-schema-util-avro-3.0.12-SNAPSHOT.jar:/home/runner/work/apicurio-testing/apicurio-testing/clusters/ci419/namespaces/inmemory/tests/integration/apicurio-registry/schema-util/graphql/target/apicurio-registry-schema-util-graphql-3.0.12-SNAPSHOT.jar:/home/runner/.m2/repository/com/graphql-java/graphql-java/22.4/graphql-java-22.4.jar:/home/runner/.m2/repository/com/graphql-java/java-dataloader/3.3.0/java-dataloader-3.3.0.jar:/home/runner/work/apicurio-testing/apicurio-testing/clusters/ci419/namespaces/inmemory/tests/integration/apicurio-registry/schema-util/kconnect/target/apicurio-registry-schema-util-kconnect-3.0.12-SNAPSHOT.jar:/home/runner/work/apicurio-testing/apicurio-testing/clusters/ci419/namespaces/inmemory/tests/integration/apicurio-registry/schema-util/openapi/target/apicurio-registry-schema-util-openapi-3.0.12-SNAPSHOT.jar:/home/runner/.m2/repository/io/apicurio/apicurio-data-models/2.2.2/apicurio-data-models-2.2.2.jar:/home/runner/.m2/repository/org/openapitools/openapidiff/openapi-diff-core/2.1.2/openapi-diff-core-2.1.2.jar:/home/runner/.m2/repository/io/swagger/parser/v3/swagger-parser/2.1.28/swagger-parser-2.1.28.jar:/home/runner/.m2/repository/io/swagger/parser/v3/swagger-parser-v2-converter/2.1.28/swagger-parser-v2-converter-2.1.28.jar:/home/runner/.m2/repository/io/swagger/swagger-core/1.6.16/swagger-core-1.6.16.jar:/home/runner/.m2/repository/io/swagger/swagger-models/1.6.16/swagger-models-1.6.16.jar:/home/runner/.m2/repository/io/swagger/swagger-annotations/1.6.16/swagger-annotations-1.6.16.jar:/home/runner/.m2/repository/io/swagger/swagger-parser/1.0.75/swagger-parser-1.0.75.jar:/home/runner/.m2/repository/io/swagger/swagger-parser-safe-url-resolver/1.0.75/swagger-parser-safe-url-resolver-1.0.75.jar:/home/runner/.m2/repository/io/swagger/swagger-compat-spec-parser/1.0.75/swagger-compat-spec-parser-1.0.75.jar:/home/runner/.m2/repository/com/github/java-json-tools/json-schema-validator/2.2.14/json-schema-validator-2.2.14.jar:/home/runner/.m2/repository/com/github/java-json-tools/jackson-coreutils-equivalence/1.0/jackson-coreutils-equivalence-1.0.jar:/home/runner/.m2/repository/com/github/java-json-tools/json-schema-core/1.2.14/json-schema-core-1.2.14.jar:/home/runner/.m2/repository/com/github/java-json-tools/uri-template/0.10/uri-template-0.10.jar:/home/runner/.m2/repository/com/googlecode/libphonenumber/libphonenumber/8.11.1/libphonenumber-8.11.1.jar:/home/runner/.m2/repository/com/j2html/j2html/1.6.0/j2html-1.6.0.jar:/home/runner/.m2/repository/org/apache/commons/commons-collections4/4.5.0/commons-collections4-4.5.0.jar:/home/runner/.m2/repository/org/slf4j/jcl-over-slf4j/2.0.17/jcl-over-slf4j-2.0.17.jar:/home/runner/.m2/repository/io/swagger/parser/v3/swagger-parser-v3/2.1.31/swagger-parser-v3-2.1.31.jar:/home/runner/.m2/repository/io/swagger/core/v3/swagger-models/2.2.34/swagger-models-2.2.34.jar:/home/runner/.m2/repository/io/swagger/core/v3/swagger-core/2.2.34/swagger-core-2.2.34.jar:/home/runner/.m2/repository/io/swagger/parser/v3/swagger-parser-core/2.1.31/swagger-parser-core-2.1.31.jar:/home/runner/.m2/repository/io/swagger/parser/v3/swagger-parser-safe-url-resolver/2.1.31/swagger-parser-safe-url-resolver-2.1.31.jar:/home/runner/work/apicurio-testing/apicurio-testing/clusters/ci419/namespaces/inmemory/tests/integration/apicurio-registry/schema-util/wsdl/target/apicurio-registry-schema-util-wsdl-3.0.12-SNAPSHOT.jar:/home/runner/.m2/repository/wsdl4j/wsdl4j/1.6.3/wsdl4j-1.6.3.jar:/home/runner/work/apicurio-testing/apicurio-testing/clusters/ci419/namespaces/inmemory/tests/integration/apicurio-registry/schema-util/xml/target/apicurio-registry-schema-util-xml-3.0.12-SNAPSHOT.jar:/home/runner/.m2/repository/org/apache/santuario/xmlsec/4.0.4/xmlsec-4.0.4.jar:/home/runner/.m2/repository/com/fasterxml/woodstox/woodstox-core/7.1.1/woodstox-core-7.1.1.jar:/home/runner/.m2/repository/org/codehaus/woodstox/stax2-api/4.2.2/stax2-api-4.2.2.jar:/home/runner/work/apicurio-testing/apicurio-testing/clusters/ci419/namespaces/inmemory/tests/integration/apicurio-registry/schema-util/xsd/target/apicurio-registry-schema-util-xsd-3.0.12-SNAPSHOT.jar:/home/runner/work/apicurio-testing/apicurio-testing/clusters/ci419/namespaces/inmemory/tests/integration/apicurio-registry/serdes/kafka/jsonschema-serde/target/apicurio-registry-jsonschema-serde-kafka-3.0.12-SNAPSHOT.jar:/home/runner/work/apicurio-testing/apicurio-testing/clusters/ci419/namespaces/inmemory/tests/integration/apicurio-registry/serdes/kafka/serde-kafka-common/target/apicurio-registry-serde-kafka-common-3.0.12-SNAPSHOT.jar:/home/runner/work/apicurio-testing/apicurio-testing/clusters/ci419/namespaces/inmemory/tests/integration/apicurio-registry/serdes/generic/serde-common/target/apicurio-registry-serde-common-3.0.12-SNAPSHOT.jar:/home/runner/work/apicurio-testing/apicurio-testing/clusters/ci419/namespaces/inmemory/tests/integration/apicurio-registry/serdes/generic/serde-common-jsonschema/target/apicurio-registry-serde-common-jsonschema-3.0.12-SNAPSHOT.jar:/home/runner/.m2/repository/org/json/json/20250107/json-20250107.jar:/home/runner/work/apicurio-testing/apicurio-testing/clusters/ci419/namespaces/inmemory/tests/integration/apicurio-registry/serdes/kafka/avro-serde/target/apicurio-registry-avro-serde-kafka-3.0.12-SNAPSHOT.jar:/home/runner/work/apicurio-testing/apicurio-testing/clusters/ci419/namespaces/inmemory/tests/integration/apicurio-registry/serdes/generic/serde-common-avro/target/apicurio-registry-serde-common-avro-3.0.12-SNAPSHOT.jar:/home/runner/work/apicurio-testing/apicurio-testing/clusters/ci419/namespaces/inmemory/tests/integration/apicurio-registry/serdes/kafka/protobuf-serde/target/apicurio-registry-protobuf-serde-kafka-3.0.12-SNAPSHOT.jar:/home/runner/work/apicurio-testing/apicurio-testing/clusters/ci419/namespaces/inmemory/tests/integration/apicurio-registry/serdes/generic/serde-common-protobuf/target/apicurio-registry-serde-common-protobuf-3.0.12-SNAPSHOT.jar:/home/runner/.m2/repository/com/squareup/wire/wire-schema/5.3.3/wire-schema-5.3.3.jar:/home/runner/.m2/repository/com/squareup/wire/wire-runtime/5.3.3/wire-runtime-5.3.3.jar:/home/runner/work/apicurio-testing/apicurio-testing/clusters/ci419/namespaces/inmemory/tests/integration/apicurio-registry/serdes/pulsar/avro-serde/target/apicurio-registry-avro-serde-pulsar-3.0.12-SNAPSHOT.jar:/home/runner/.m2/repository/org/apache/pulsar/pulsar-functions-api/3.3.8/pulsar-functions-api-3.3.8.jar:/home/runner/work/apicurio-testing/apicurio-testing/clusters/ci419/namespaces/inmemory/tests/integration/apicurio-registry/serdes/nats/avro-serde/target/apicurio-registry-avro-serde-nats-3.0.12-SNAPSHOT.jar:/home/runner/.m2/repository/io/nats/jnats/2.21.4/jnats-2.21.4.jar:/home/runner/.m2/repository/org/bouncycastle/bcprov-lts8on/2.73.7/bcprov-lts8on-2.73.7.jar:/home/runner/.m2/repository/org/jetbrains/annotations/26.0.2/annotations-26.0.2.jar:/home/runner/work/apicurio-testing/apicurio-testing/clusters/ci419/namespaces/inmemory/tests/integration/apicurio-registry/utils/converter/target/apicurio-registry-utils-converter-3.0.12-SNAPSHOT.jar:/home/runner/work/apicurio-testing/apicurio-testing/clusters/ci419/namespaces/inmemory/tests/integration/apicurio-registry/schema-resolver/target/apicurio-registry-schema-resolver-3.0.12-SNAPSHOT.jar:/home/runner/.m2/repository/org/apache/kafka/connect-api/3.9.1/connect-api-3.9.1.jar:/home/runner/.m2/repository/javax/ws/rs/javax.ws.rs-api/2.1.1/javax.ws.rs-api-2.1.1.jar:/home/runner/.m2/repository/org/apache/kafka/connect-json/3.9.1/connect-json-3.9.1.jar:/home/runner/.m2/repository/com/fasterxml/jackson/datatype/jackson-datatype-jdk8/2.18.2/jackson-datatype-jdk8-2.18.2.jar:/home/runner/.m2/repository/com/fasterxml/jackson/module/jackson-module-afterburner/2.18.2/jackson-module-afterburner-2.18.2.jar:/home/runner/work/apicurio-testing/apicurio-testing/clusters/ci419/namespaces/inmemory/tests/integration/apicurio-registry/utils/kafka/target/apicurio-registry-utils-kafka-3.0.12-SNAPSHOT.jar:/home/runner/.m2/repository/org/apache/pulsar/pulsar-client/3.3.8/pulsar-client-3.3.8.jar:/home/runner/.m2/repository/org/apache/pulsar/pulsar-client-api/3.3.8/pulsar-client-api-3.3.8.jar:/home/runner/.m2/repository/org/apache/pulsar/pulsar-client-admin-api/3.3.8/pulsar-client-admin-api-3.3.8.jar:/home/runner/.m2/repository/org/apache/pulsar/bouncy-castle-bc/3.3.8/bouncy-castle-bc-3.3.8-pkg.jar:/home/runner/.m2/repository/org/bouncycastle/bcpkix-jdk18on/1.81/bcpkix-jdk18on-1.81.jar:/home/runner/.m2/repository/org/bouncycastle/bcutil-jdk18on/1.81/bcutil-jdk18on-1.81.jar:/home/runner/.m2/repository/org/bouncycastle/bcprov-jdk18on/1.81/bcprov-jdk18on-1.81.jar:/home/runner/.m2/repository/io/opentelemetry/opentelemetry-api/1.44.1/opentelemetry-api-1.44.1.jar:/home/runner/.m2/repository/io/opentelemetry/opentelemetry-context/1.44.1/opentelemetry-context-1.44.1.jar:/home/runner/.m2/repository/io/opentelemetry/opentelemetry-api-incubator/1.44.1-alpha/opentelemetry-api-incubator-1.44.1-alpha.jar:/home/runner/.m2/repository/com/fasterxml/jackson/core/jackson-annotations/2.18.2/jackson-annotations-2.18.2.jar:/home/runner/.m2/repository/javax/validation/validation-api/1.1.0.Final/validation-api-1.1.0.Final.jar:/home/runner/.m2/repository/org/jspecify/jspecify/1.0.0/jspecify-1.0.0.jar:/home/runner/.m2/repository/org/apache/commons/commons-configuration2/2.12.0/commons-configuration2-2.12.0.jar:/home/runner/.m2/repository/commons-logging/commons-logging/1.3.5/commons-logging-1.3.5.jar:/home/runner/.m2/repository/org/apache/commons/commons-text/1.13.0/commons-text-1.13.0.jar:/home/runner/.m2/repository/io/confluent/kafka-avro-serializer/8.0.0/kafka-avro-serializer-8.0.0.jar:/home/runner/.m2/repository/org/apache/commons/commons-compress/1.27.1/commons-compress-1.27.1.jar:/home/runner/.m2/repository/io/confluent/kafka-schema-serializer/8.0.0/kafka-schema-serializer-8.0.0.jar:/home/runner/.m2/repository/com/fasterxml/jackson/dataformat/jackson-dataformat-csv/2.18.2/jackson-dataformat-csv-2.18.2.jar:/home/runner/.m2/repository/io/confluent/kafka-schema-registry-client/8.0.0/kafka-schema-registry-client-8.0.0.jar:/home/runner/.m2/repository/org/yaml/snakeyaml/2.3/snakeyaml-2.3.jar:/home/runner/.m2/repository/io/swagger/core/v3/swagger-annotations/2.2.29/swagger-annotations-2.2.29.jar:/home/runner/.m2/repository/com/google/guava/guava/33.4.0-jre/guava-33.4.0-jre.jar:/home/runner/.m2/repository/com/google/guava/failureaccess/1.0.1/failureaccess-1.0.1.jar:/home/runner/.m2/repository/org/checkerframework/checker-qual/3.49.0/checker-qual-3.49.0.jar:/home/runner/.m2/repository/io/confluent/logredactor/1.0.13/logredactor-1.0.13.jar:/home/runner/.m2/repository/com/google/re2j/re2j/1.6/re2j-1.6.jar:/home/runner/.m2/repository/io/confluent/logredactor-metrics/1.0.13/logredactor-metrics-1.0.13.jar:/home/runner/.m2/repository/com/eclipsesource/minimal-json/minimal-json/0.9.5/minimal-json-0.9.5.jar:/home/runner/.m2/repository/io/confluent/common-utils/8.0.0/common-utils-8.0.0.jar:/home/runner/.m2/repository/io/confluent/kafka-connect-avro-converter/8.0.0/kafka-connect-avro-converter-8.0.0.jar:/home/runner/.m2/repository/io/confluent/kafka-connect-avro-data/8.0.0/kafka-connect-avro-data-8.0.0.jar:/home/runner/.m2/repository/io/confluent/kafka-schema-converter/8.0.0/kafka-schema-converter-8.0.0.jar:/home/runner/.m2/repository/io/rest-assured/rest-assured/5.5.1/rest-assured-5.5.1.jar:/home/runner/.m2/repository/org/apache/groovy/groovy/4.0.22/groovy-4.0.22.jar:/home/runner/.m2/repository/org/apache/groovy/groovy-xml/4.0.22/groovy-xml-4.0.22.jar:/home/runner/.m2/repository/org/apache/httpcomponents/httpclient/4.5.14/httpclient-4.5.14.jar:/home/runner/.m2/repository/org/apache/httpcomponents/httpcore/4.4.16/httpcore-4.4.16.jar:/home/runner/.m2/repository/org/apache/httpcomponents/httpmime/4.5.14/httpmime-4.5.14.jar:/home/runner/.m2/repository/org/hamcrest/hamcrest/2.2/hamcrest-2.2.jar:/home/runner/.m2/repository/org/ccil/cowan/tagsoup/tagsoup/1.2.1/tagsoup-1.2.1.jar:/home/runner/.m2/repository/io/rest-assured/json-path/5.5.1/json-path-5.5.1.jar:/home/runner/.m2/repository/org/apache/groovy/groovy-json/4.0.22/groovy-json-4.0.22.jar:/home/runner/.m2/repository/io/rest-assured/rest-assured-common/5.5.1/rest-assured-common-5.5.1.jar:/home/runner/.m2/repository/io/rest-assured/xml-path/5.5.1/xml-path-5.5.1.jar:/home/runner/.m2/repository/io/zonky/test/embedded-postgres/2.1.0/embedded-postgres-2.1.0.jar:/home/runner/.m2/repository/io/zonky/test/postgres/embedded-postgres-binaries-windows-amd64/14.15.0/embedded-postgres-binaries-windows-amd64-14.15.0.jar:/home/runner/.m2/repository/io/zonky/test/postgres/embedded-postgres-binaries-darwin-amd64/14.15.0/embedded-postgres-binaries-darwin-amd64-14.15.0.jar:/home/runner/.m2/repository/io/zonky/test/postgres/embedded-postgres-binaries-linux-amd64/14.15.0/embedded-postgres-binaries-linux-amd64-14.15.0.jar:/home/runner/.m2/repository/io/zonky/test/postgres/embedded-postgres-binaries-linux-amd64-alpine/14.15.0/embedded-postgres-binaries-linux-amd64-alpine-14.15.0.jar:/home/runner/.m2/repository/org/apache/commons/commons-lang3/3.17.0/commons-lang3-3.17.0.jar:/home/runner/.m2/repository/org/tukaani/xz/1.10/xz-1.10.jar:/home/runner/.m2/repository/commons-codec/commons-codec/1.19.0/commons-codec-1.19.0.jar:/home/runner/.m2/repository/org/postgresql/postgresql/42.7.7/postgresql-42.7.7.jar:/home/runner/.m2/repository/commons-io/commons-io/2.18.0/commons-io-2.18.0.jar:/home/runner/work/apicurio-testing/apicurio-testing/clusters/ci419/namespaces/inmemory/tests/integration/apicurio-registry/utils/importexport/target/apicurio-registry-utils-import-export-3.0.12-SNAPSHOT.jar:/home/runner/.m2/repository/io/vertx/vertx-core/4.5.16/vertx-core-4.5.16.jar:/home/runner/.m2/repository/io/netty/netty-common/4.1.121.Final/netty-common-4.1.121.Final.jar:/home/runner/.m2/repository/io/netty/netty-buffer/4.1.121.Final/netty-buffer-4.1.121.Final.jar:/home/runner/.m2/repository/io/netty/netty-transport/4.1.121.Final/netty-transport-4.1.121.Final.jar:/home/runner/.m2/repository/io/netty/netty-handler/4.1.121.Final/netty-handler-4.1.121.Final.jar:/home/runner/.m2/repository/io/netty/netty-transport-native-unix-common/4.1.121.Final/netty-transport-native-unix-common-4.1.121.Final.jar:/home/runner/.m2/repository/io/netty/netty-codec/4.1.121.Final/netty-codec-4.1.121.Final.jar:/home/runner/.m2/repository/io/netty/netty-handler-proxy/4.1.121.Final/netty-handler-proxy-4.1.121.Final.jar:/home/runner/.m2/repository/io/netty/netty-codec-socks/4.1.121.Final/netty-codec-socks-4.1.121.Final.jar:/home/runner/.m2/repository/io/netty/netty-codec-http/4.1.121.Final/netty-codec-http-4.1.121.Final.jar:/home/runner/.m2/repository/io/netty/netty-codec-http2/4.1.121.Final/netty-codec-http2-4.1.121.Final.jar:/home/runner/.m2/repository/io/netty/netty-resolver/4.1.121.Final/netty-resolver-4.1.121.Final.jar:/home/runner/.m2/repository/io/netty/netty-resolver-dns/4.1.121.Final/netty-resolver-dns-4.1.121.Final.jar:/home/runner/.m2/repository/io/netty/netty-codec-dns/4.1.121.Final/netty-codec-dns-4.1.121.Final.jar:/home/runner/.m2/repository/com/fasterxml/jackson/core/jackson-core/2.18.2/jackson-core-2.18.2.jar:"/>
    <property name="java.vm.vendor" value="Eclipse Adoptium"/>
    <property name="maven.javadoc.skip" value="true"/>
    <property name="sun.arch.data.model" value="64"/>
    <property name="java.vendor.url" value="https://adoptium.net/"/>
    <property name="user.timezone" value="Etc/UTC"/>
    <property name="os.name" value="Linux"/>
    <property name="java.vm.specification.version" value="17"/>
    <property name="sun.java.launcher" value="SUN_STANDARD"/>
    <property name="quarkus.http.test-port" value="80"/>
    <property name="sun.boot.library.path" value="/usr/lib/jvm/temurin-17-jdk-amd64/lib"/>
    <property name="sun.java.command" value="/home/runner/work/apicurio-testing/apicurio-testing/clusters/ci419/namespaces/inmemory/tests/integration/apicurio-registry/integration-tests/target/surefire/surefirebooter-20250812171952935_3.jar /home/runner/work/apicurio-testing/apicurio-testing/clusters/ci419/namespaces/inmemory/tests/integration/apicurio-registry/integration-tests/target/surefire 2025-08-12T17-19-52_829-jvmRun1 surefire-20250812171952935_1tmp surefire_0-20250812171952935_2tmp"/>
    <property name="maven.home" value="/home/runner/.m2/wrapper/dists/apache-maven-3.9.8-bin/4fnp1ql35bgk2a0p7m31ovbgb0/apache-maven-3.9.8"/>
    <property name="jdk.debug" value="release"/>
    <property name="surefire.test.class.path" value="/home/runner/work/apicurio-testing/apicurio-testing/clusters/ci419/namespaces/inmemory/tests/integration/apicurio-registry/integration-tests/target/test-classes:/home/runner/work/apicurio-testing/apicurio-testing/clusters/ci419/namespaces/inmemory/tests/integration/apicurio-registry/integration-tests/target/apicurio-registry-integration-tests-3.0.12-SNAPSHOT.jar:/home/runner/.m2/repository/io/quarkus/quarkus-junit5/3.20.2/quarkus-junit5-3.20.2.jar:/home/runner/.m2/repository/io/quarkus/quarkus-bootstrap-core/3.20.2/quarkus-bootstrap-core-3.20.2.jar:/home/runner/.m2/repository/io/quarkus/quarkus-classloader-commons/3.20.2/quarkus-classloader-commons-3.20.2.jar:/home/runner/.m2/repository/io/quarkus/quarkus-bootstrap-app-model/3.20.2/quarkus-bootstrap-app-model-3.20.2.jar:/home/runner/.m2/repository/io/smallrye/common/smallrye-common-io/2.12.0/smallrye-common-io-2.12.0.jar:/home/runner/.m2/repository/org/eclipse/sisu/org.eclipse.sisu.inject/0.9.0.M3/org.eclipse.sisu.inject-0.9.0.M3.jar:/home/runner/.m2/repository/io/quarkus/quarkus-test-common/3.20.2/quarkus-test-common-3.20.2.jar:/home/runner/.m2/repository/io/quarkus/quarkus-core-deployment/3.20.2/quarkus-core-deployment-3.20.2.jar:/home/runner/.m2/repository/org/aesh/readline/2.6/readline-2.6.jar:/home/runner/.m2/repository/org/fusesource/jansi/jansi/2.4.0/jansi-2.4.0.jar:/home/runner/.m2/repository/org/aesh/aesh/2.8.2/aesh-2.8.2.jar:/home/runner/.m2/repository/io/quarkus/gizmo/gizmo/1.8.0/gizmo-1.8.0.jar:/home/runner/.m2/repository/org/ow2/asm/asm-util/9.7.1/asm-util-9.7.1.jar:/home/runner/.m2/repository/org/ow2/asm/asm-analysis/9.7.1/asm-analysis-9.7.1.jar:/home/runner/.m2/repository/org/ow2/asm/asm-commons/9.7.1/asm-commons-9.7.1.jar:/home/runner/.m2/repository/org/ow2/asm/asm-tree/9.7.1/asm-tree-9.7.1.jar:/home/runner/.m2/repository/io/quarkus/quarkus-hibernate-validator-spi/3.20.2/quarkus-hibernate-validator-spi-3.20.2.jar:/home/runner/.m2/repository/io/quarkus/quarkus-class-change-agent/3.20.2/quarkus-class-change-agent-3.20.2.jar:/home/runner/.m2/repository/io/quarkus/quarkus-devtools-utilities/3.20.2/quarkus-devtools-utilities-3.20.2.jar:/home/runner/.m2/repository/io/quarkus/quarkus-builder/3.20.2/quarkus-builder-3.20.2.jar:/home/runner/.m2/repository/org/graalvm/sdk/nativeimage/23.1.2/nativeimage-23.1.2.jar:/home/runner/.m2/repository/org/graalvm/sdk/word/23.1.2/word-23.1.2.jar:/home/runner/.m2/repository/io/quarkus/quarkus-bootstrap-maven-resolver/3.20.2/quarkus-bootstrap-maven-resolver-3.20.2.jar:/home/runner/.m2/repository/io/smallrye/beanbag/smallrye-beanbag-maven/1.5.2/smallrye-beanbag-maven-1.5.2.jar:/home/runner/.m2/repository/io/smallrye/beanbag/smallrye-beanbag-sisu/1.5.2/smallrye-beanbag-sisu-1.5.2.jar:/home/runner/.m2/repository/io/smallrye/beanbag/smallrye-beanbag/1.5.2/smallrye-beanbag-1.5.2.jar:/home/runner/.m2/repository/javax/inject/javax.inject/1/javax.inject-1.jar:/home/runner/.m2/repository/org/apache/maven/maven-artifact/3.9.9/maven-artifact-3.9.9.jar:/home/runner/.m2/repository/org/apache/maven/maven-builder-support/3.9.9/maven-builder-support-3.9.9.jar:/home/runner/.m2/repository/org/apache/maven/maven-model/3.9.9/maven-model-3.9.9.jar:/home/runner/.m2/repository/org/apache/maven/maven-model-builder/3.9.9/maven-model-builder-3.9.9.jar:/home/runner/.m2/repository/org/apache/maven/maven-repository-metadata/3.9.9/maven-repository-metadata-3.9.9.jar:/home/runner/.m2/repository/org/apache/maven/maven-settings/3.9.9/maven-settings-3.9.9.jar:/home/runner/.m2/repository/org/apache/maven/resolver/maven-resolver-api/1.9.22/maven-resolver-api-1.9.22.jar:/home/runner/.m2/repository/org/apache/maven/resolver/maven-resolver-impl/1.9.22/maven-resolver-impl-1.9.22.jar:/home/runner/.m2/repository/org/apache/maven/resolver/maven-resolver-named-locks/1.9.22/maven-resolver-named-locks-1.9.22.jar:/home/runner/.m2/repository/org/apache/maven/resolver/maven-resolver-spi/1.9.22/maven-resolver-spi-1.9.22.jar:/home/runner/.m2/repository/org/apache/maven/resolver/maven-resolver-util/1.9.22/maven-resolver-util-1.9.22.jar:/home/runner/.m2/repository/org/apache/maven/resolver/maven-resolver-transport-http/1.9.20/maven-resolver-transport-http-1.9.20.jar:/home/runner/.m2/repository/org/apache/maven/wagon/wagon-provider-api/3.5.3/wagon-provider-api-3.5.3.jar:/home/runner/.m2/repository/org/apache/maven/wagon/wagon-http-shared/3.5.3/wagon-http-shared-3.5.3.jar:/home/runner/.m2/repository/org/codehaus/plexus/plexus-interpolation/1.26/plexus-interpolation-1.26.jar:/home/runner/.m2/repository/org/codehaus/plexus/plexus-utils/3.5.1/plexus-utils-3.5.1.jar:/home/runner/.m2/repository/org/codehaus/plexus/plexus-xml/4.0.1/plexus-xml-4.0.1.jar:/home/runner/.m2/repository/org/apache/maven/maven-xml-impl/4.0.0-alpha-5/maven-xml-impl-4.0.0-alpha-5.jar:/home/runner/.m2/repository/org/apache/maven/maven-api-xml/4.0.0-alpha-5/maven-api-xml-4.0.0-alpha-5.jar:/home/runner/.m2/repository/org/apache/maven/maven-api-meta/4.0.0-alpha-5/maven-api-meta-4.0.0-alpha-5.jar:/home/runner/.m2/repository/org/codehaus/plexus/plexus-cipher/2.0/plexus-cipher-2.0.jar:/home/runner/.m2/repository/org/codehaus/plexus/plexus-sec-dispatcher/2.0/plexus-sec-dispatcher-2.0.jar:/home/runner/.m2/repository/org/apache/maven/maven-embedder/3.9.9/maven-embedder-3.9.9.jar:/home/runner/.m2/repository/org/apache/maven/maven-core/3.9.9/maven-core-3.9.9.jar:/home/runner/.m2/repository/org/codehaus/plexus/plexus-component-annotations/2.1.0/plexus-component-annotations-2.1.0.jar:/home/runner/.m2/repository/org/apache/maven/maven-plugin-api/3.9.9/maven-plugin-api-3.9.9.jar:/home/runner/.m2/repository/org/apache/maven/shared/maven-shared-utils/3.4.2/maven-shared-utils-3.4.2.jar:/home/runner/.m2/repository/com/google/inject/guice/5.1.0/guice-5.1.0.jar:/home/runner/.m2/repository/aopalliance/aopalliance/1.0/aopalliance-1.0.jar:/home/runner/.m2/repository/org/codehaus/plexus/plexus-classworlds/2.6.0/plexus-classworlds-2.6.0.jar:/home/runner/.m2/repository/commons-cli/commons-cli/1.8.0/commons-cli-1.8.0.jar:/home/runner/.m2/repository/org/eclipse/sisu/org.eclipse.sisu.plexus/0.9.0.M3/org.eclipse.sisu.plexus-0.9.0.M3.jar:/home/runner/.m2/repository/org/apache/maven/maven-settings-builder/3.9.9/maven-settings-builder-3.9.9.jar:/home/runner/.m2/repository/org/apache/maven/maven-resolver-provider/3.9.9/maven-resolver-provider-3.9.9.jar:/home/runner/.m2/repository/org/apache/maven/resolver/maven-resolver-connector-basic/1.9.22/maven-resolver-connector-basic-1.9.22.jar:/home/runner/.m2/repository/org/apache/maven/resolver/maven-resolver-transport-wagon/1.9.22/maven-resolver-transport-wagon-1.9.22.jar:/home/runner/.m2/repository/org/apache/maven/wagon/wagon-http/3.5.3/wagon-http-3.5.3.jar:/home/runner/.m2/repository/org/apache/maven/wagon/wagon-file/3.5.3/wagon-file-3.5.3.jar:/home/runner/.m2/repository/io/quarkus/quarkus-bootstrap-gradle-resolver/3.20.2/quarkus-bootstrap-gradle-resolver-3.20.2.jar:/home/runner/.m2/repository/io/smallrye/jandex/3.3.0/jandex-3.3.0.jar:/home/runner/.m2/repository/org/jboss/logging/commons-logging-jboss-logging/1.0.0.Final/commons-logging-jboss-logging-1.0.0.Final.jar:/home/runner/.m2/repository/io/quarkus/quarkus-junit5-config/3.20.2/quarkus-junit5-config-3.20.2.jar:/home/runner/.m2/repository/org/junit/jupiter/junit-jupiter-api/5.12.1/junit-jupiter-api-5.12.1.jar:/home/runner/.m2/repository/io/smallrye/config/smallrye-config/3.11.4/smallrye-config-3.11.4.jar:/home/runner/.m2/repository/io/smallrye/config/smallrye-config-core/3.11.4/smallrye-config-core-3.11.4.jar:/home/runner/.m2/repository/io/smallrye/common/smallrye-common-classloader/2.12.0/smallrye-common-classloader-2.12.0.jar:/home/runner/.m2/repository/io/smallrye/config/smallrye-config-common/3.11.4/smallrye-config-common-3.11.4.jar:/home/runner/.m2/repository/org/junit/jupiter/junit-jupiter/5.12.1/junit-jupiter-5.12.1.jar:/home/runner/.m2/repository/org/junit/jupiter/junit-jupiter-params/5.12.1/junit-jupiter-params-5.12.1.jar:/home/runner/.m2/repository/org/junit/jupiter/junit-jupiter-engine/5.12.1/junit-jupiter-engine-5.12.1.jar:/home/runner/.m2/repository/io/quarkus/quarkus-core/3.20.2/quarkus-core-3.20.2.jar:/home/runner/.m2/repository/jakarta/enterprise/jakarta.enterprise.cdi-api/4.1.0/jakarta.enterprise.cdi-api-4.1.0.jar:/home/runner/.m2/repository/jakarta/enterprise/jakarta.enterprise.lang-model/4.1.0/jakarta.enterprise.lang-model-4.1.0.jar:/home/runner/.m2/repository/jakarta/el/jakarta.el-api/5.0.1/jakarta.el-api-5.0.1.jar:/home/runner/.m2/repository/jakarta/interceptor/jakarta.interceptor-api/2.2.0/jakarta.interceptor-api-2.2.0.jar:/home/runner/.m2/repository/jakarta/inject/jakarta.inject-api/2.0.1/jakarta.inject-api-2.0.1.jar:/home/runner/.m2/repository/io/smallrye/common/smallrye-common-os/2.12.0/smallrye-common-os-2.12.0.jar:/home/runner/.m2/repository/io/quarkus/quarkus-ide-launcher/3.20.2/quarkus-ide-launcher-3.20.2.jar:/home/runner/.m2/repository/io/quarkus/quarkus-development-mode-spi/3.20.2/quarkus-development-mode-spi-3.20.2.jar:/home/runner/.m2/repository/org/jboss/logging/jboss-logging/3.6.1.Final/jboss-logging-3.6.1.Final.jar:/home/runner/.m2/repository/org/jboss/logmanager/jboss-logmanager/3.1.2.Final/jboss-logmanager-3.1.2.Final.jar:/home/runner/.m2/repository/io/smallrye/common/smallrye-common-constraint/2.12.0/smallrye-common-constraint-2.12.0.jar:/home/runner/.m2/repository/io/smallrye/common/smallrye-common-cpu/2.12.0/smallrye-common-cpu-2.12.0.jar:/home/runner/.m2/repository/io/smallrye/common/smallrye-common-expression/2.12.0/smallrye-common-expression-2.12.0.jar:/home/runner/.m2/repository/io/smallrye/common/smallrye-common-net/2.12.0/smallrye-common-net-2.12.0.jar:/home/runner/.m2/repository/io/smallrye/common/smallrye-common-ref/2.12.0/smallrye-common-ref-2.12.0.jar:/home/runner/.m2/repository/jakarta/json/jakarta.json-api/2.1.3/jakarta.json-api-2.1.3.jar:/home/runner/.m2/repository/org/eclipse/parsson/parsson/1.1.7/parsson-1.1.7.jar:/home/runner/.m2/repository/org/jboss/logging/jboss-logging-annotations/3.0.4.Final/jboss-logging-annotations-3.0.4.Final.jar:/home/runner/.m2/repository/org/jboss/threads/jboss-threads/3.8.0.Final/jboss-threads-3.8.0.Final.jar:/home/runner/.m2/repository/io/smallrye/common/smallrye-common-annotation/2.12.0/smallrye-common-annotation-2.12.0.jar:/home/runner/.m2/repository/io/smallrye/common/smallrye-common-function/2.12.0/smallrye-common-function-2.12.0.jar:/home/runner/.m2/repository/org/jboss/slf4j/slf4j-jboss-logmanager/2.0.0.Final/slf4j-jboss-logmanager-2.0.0.Final.jar:/home/runner/.m2/repository/org/wildfly/common/wildfly-common/2.0.1/wildfly-common-2.0.1.jar:/home/runner/.m2/repository/io/quarkus/quarkus-bootstrap-runner/3.20.2/quarkus-bootstrap-runner-3.20.2.jar:/home/runner/.m2/repository/io/github/crac/org-crac/0.1.3/org-crac-0.1.3.jar:/home/runner/.m2/repository/io/quarkus/quarkus-fs-util/0.0.10/quarkus-fs-util-0.0.10.jar:/home/runner/.m2/repository/org/jboss/marshalling/jboss-marshalling/2.2.2.Final/jboss-marshalling-2.2.2.Final.jar:/home/runner/.m2/repository/io/fabric8/kubernetes-client/7.1.0/kubernetes-client-7.1.0.jar:/home/runner/.m2/repository/io/fabric8/kubernetes-client-api/7.1.0/kubernetes-client-api-7.1.0.jar:/home/runner/.m2/repository/io/fabric8/kubernetes-model-core/7.1.0/kubernetes-model-core-7.1.0.jar:/home/runner/.m2/repository/io/fabric8/kubernetes-model-common/7.1.0/kubernetes-model-common-7.1.0.jar:/home/runner/.m2/repository/javax/annotation/javax.annotation-api/1.3.2/javax.annotation-api-1.3.2.jar:/home/runner/.m2/repository/io/fabric8/kubernetes-model-gatewayapi/7.1.0/kubernetes-model-gatewayapi-7.1.0.jar:/home/runner/.m2/repository/io/fabric8/kubernetes-model-resource/7.1.0/kubernetes-model-resource-7.1.0.jar:/home/runner/.m2/repository/io/fabric8/kubernetes-model-rbac/7.1.0/kubernetes-model-rbac-7.1.0.jar:/home/runner/.m2/repository/io/fabric8/kubernetes-model-admissionregistration/7.1.0/kubernetes-model-admissionregistration-7.1.0.jar:/home/runner/.m2/repository/io/fabric8/kubernetes-model-apps/7.1.0/kubernetes-model-apps-7.1.0.jar:/home/runner/.m2/repository/io/fabric8/kubernetes-model-autoscaling/7.1.0/kubernetes-model-autoscaling-7.1.0.jar:/home/runner/.m2/repository/io/fabric8/kubernetes-model-apiextensions/7.1.0/kubernetes-model-apiextensions-7.1.0.jar:/home/runner/.m2/repository/io/fabric8/kubernetes-model-batch/7.1.0/kubernetes-model-batch-7.1.0.jar:/home/runner/.m2/repository/io/fabric8/kubernetes-model-certificates/7.1.0/kubernetes-model-certificates-7.1.0.jar:/home/runner/.m2/repository/io/fabric8/kubernetes-model-coordination/7.1.0/kubernetes-model-coordination-7.1.0.jar:/home/runner/.m2/repository/io/fabric8/kubernetes-model-discovery/7.1.0/kubernetes-model-discovery-7.1.0.jar:/home/runner/.m2/repository/io/fabric8/kubernetes-model-events/7.1.0/kubernetes-model-events-7.1.0.jar:/home/runner/.m2/repository/io/fabric8/kubernetes-model-extensions/7.1.0/kubernetes-model-extensions-7.1.0.jar:/home/runner/.m2/repository/io/fabric8/kubernetes-model-flowcontrol/7.1.0/kubernetes-model-flowcontrol-7.1.0.jar:/home/runner/.m2/repository/io/fabric8/kubernetes-model-networking/7.1.0/kubernetes-model-networking-7.1.0.jar:/home/runner/.m2/repository/io/fabric8/kubernetes-model-metrics/7.1.0/kubernetes-model-metrics-7.1.0.jar:/home/runner/.m2/repository/io/fabric8/kubernetes-model-policy/7.1.0/kubernetes-model-policy-7.1.0.jar:/home/runner/.m2/repository/io/fabric8/kubernetes-model-scheduling/7.1.0/kubernetes-model-scheduling-7.1.0.jar:/home/runner/.m2/repository/io/fabric8/kubernetes-model-storageclass/7.1.0/kubernetes-model-storageclass-7.1.0.jar:/home/runner/.m2/repository/io/fabric8/kubernetes-model-node/7.1.0/kubernetes-model-node-7.1.0.jar:/home/runner/.m2/repository/org/snakeyaml/snakeyaml-engine/2.9/snakeyaml-engine-2.9.jar:/home/runner/.m2/repository/com/fasterxml/jackson/dataformat/jackson-dataformat-yaml/2.18.2/jackson-dataformat-yaml-2.18.2.jar:/home/runner/.m2/repository/com/fasterxml/jackson/datatype/jackson-datatype-jsr310/2.18.2/jackson-datatype-jsr310-2.18.2.jar:/home/runner/.m2/repository/io/fabric8/zjsonpatch/7.1.0/zjsonpatch-7.1.0.jar:/home/runner/.m2/repository/io/fabric8/kubernetes-httpclient-vertx/7.1.0/kubernetes-httpclient-vertx-7.1.0.jar:/home/runner/.m2/repository/io/vertx/vertx-web-client/4.5.16/vertx-web-client-4.5.16.jar:/home/runner/.m2/repository/io/vertx/vertx-web-common/4.5.16/vertx-web-common-4.5.16.jar:/home/runner/.m2/repository/io/vertx/vertx-auth-common/4.5.16/vertx-auth-common-4.5.16.jar:/home/runner/.m2/repository/io/vertx/vertx-uri-template/4.5.16/vertx-uri-template-4.5.16.jar:/home/runner/.m2/repository/io/fabric8/openshift-client/7.1.0/openshift-client-7.1.0.jar:/home/runner/.m2/repository/io/fabric8/openshift-client-api/7.1.0/openshift-client-api-7.1.0.jar:/home/runner/.m2/repository/io/fabric8/openshift-model/7.1.0/openshift-model-7.1.0.jar:/home/runner/.m2/repository/io/fabric8/openshift-model-autoscaling/7.1.0/openshift-model-autoscaling-7.1.0.jar:/home/runner/.m2/repository/io/fabric8/openshift-model-operator/7.1.0/openshift-model-operator-7.1.0.jar:/home/runner/.m2/repository/io/fabric8/openshift-model-operatorhub/7.1.0/openshift-model-operatorhub-7.1.0.jar:/home/runner/.m2/repository/io/fabric8/openshift-model-machine/7.1.0/openshift-model-machine-7.1.0.jar:/home/runner/.m2/repository/io/fabric8/openshift-model-whereabouts/7.1.0/openshift-model-whereabouts-7.1.0.jar:/home/runner/.m2/repository/io/fabric8/openshift-model-monitoring/7.1.0/openshift-model-monitoring-7.1.0.jar:/home/runner/.m2/repository/io/fabric8/openshift-model-storageversionmigrator/7.1.0/openshift-model-storageversionmigrator-7.1.0.jar:/home/runner/.m2/repository/io/fabric8/openshift-model-tuned/7.1.0/openshift-model-tuned-7.1.0.jar:/home/runner/.m2/repository/io/fabric8/openshift-model-console/7.1.0/openshift-model-console-7.1.0.jar:/home/runner/.m2/repository/io/fabric8/openshift-model-config/7.1.0/openshift-model-config-7.1.0.jar:/home/runner/.m2/repository/io/fabric8/openshift-model-machineconfiguration/7.1.0/openshift-model-machineconfiguration-7.1.0.jar:/home/runner/.m2/repository/io/fabric8/openshift-model-miscellaneous/7.1.0/openshift-model-miscellaneous-7.1.0.jar:/home/runner/.m2/repository/io/fabric8/openshift-model-hive/7.1.0/openshift-model-hive-7.1.0.jar:/home/runner/.m2/repository/io/fabric8/openshift-model-installer/7.1.0/openshift-model-installer-7.1.0.jar:/home/runner/.m2/repository/org/junit/platform/junit-platform-launcher/1.12.1/junit-platform-launcher-1.12.1.jar:/home/runner/.m2/repository/org/junit/platform/junit-platform-engine/1.12.1/junit-platform-engine-1.12.1.jar:/home/runner/.m2/repository/org/opentest4j/opentest4j/1.3.0/opentest4j-1.3.0.jar:/home/runner/.m2/repository/org/junit/platform/junit-platform-commons/1.12.1/junit-platform-commons-1.12.1.jar:/home/runner/.m2/repository/org/apiguardian/apiguardian-api/1.1.2/apiguardian-api-1.1.2.jar:/home/runner/.m2/repository/jakarta/ws/rs/jakarta.ws.rs-api/3.1.0/jakarta.ws.rs-api-3.1.0.jar:/home/runner/work/apicurio-testing/apicurio-testing/clusters/ci419/namespaces/inmemory/tests/integration/apicurio-registry/java-sdk/target/apicurio-registry-java-sdk-3.0.12-SNAPSHOT.jar:/home/runner/.m2/repository/com/microsoft/kiota/microsoft-kiota-abstractions/1.8.9/microsoft-kiota-abstractions-1.8.9.jar:/home/runner/.m2/repository/io/github/std-uritemplate/std-uritemplate/2.0.0/std-uritemplate-2.0.0.jar:/home/runner/.m2/repository/io/kiota/kiota-http-jdk/0.0.29/kiota-http-jdk-0.0.29.jar:/home/runner/.m2/repository/io/kiota/kiota-http-vertx/0.0.29/kiota-http-vertx-0.0.29.jar:/home/runner/.m2/repository/io/kiota/kiota-serialization-jackson/0.0.29/kiota-serialization-jackson-0.0.29.jar:/home/runner/.m2/repository/com/microsoft/kiota/microsoft-kiota-serialization-text/1.8.9/microsoft-kiota-serialization-text-1.8.9.jar:/home/runner/.m2/repository/com/microsoft/kiota/microsoft-kiota-serialization-form/1.8.9/microsoft-kiota-serialization-form-1.8.9.jar:/home/runner/.m2/repository/com/microsoft/kiota/microsoft-kiota-serialization-multipart/1.8.9/microsoft-kiota-serialization-multipart-1.8.9.jar:/home/runner/.m2/repository/jakarta/annotation/jakarta.annotation-api/3.0.0/jakarta.annotation-api-3.0.0.jar:/home/runner/.m2/repository/io/vertx/vertx-auth-oauth2/4.5.16/vertx-auth-oauth2-4.5.16.jar:/home/runner/work/apicurio-testing/apicurio-testing/clusters/ci419/namespaces/inmemory/tests/integration/apicurio-registry/java-sdk-v2/target/apicurio-registry-v2-java-sdk-3.0.12-SNAPSHOT.jar:/home/runner/work/apicurio-testing/apicurio-testing/clusters/ci419/namespaces/inmemory/tests/integration/apicurio-registry/utils/kafka/target/apicurio-registry-utils-kafka-3.0.12-SNAPSHOT-tests.jar:/home/runner/.m2/repository/org/eclipse/microprofile/config/microprofile-config-api/3.1/microprofile-config-api-3.1.jar:/home/runner/.m2/repository/org/apache/kafka/kafka-clients/3.9.1/kafka-clients-3.9.1.jar:/home/runner/.m2/repository/com/github/luben/zstd-jni/1.5.6-4/zstd-jni-1.5.6-4.jar:/home/runner/.m2/repository/org/lz4/lz4-java/1.8.0/lz4-java-1.8.0.jar:/home/runner/.m2/repository/org/xerial/snappy/snappy-java/1.1.10.5/snappy-java-1.1.10.5.jar:/home/runner/.m2/repository/org/slf4j/slf4j-api/2.0.6/slf4j-api-2.0.6.jar:/home/runner/work/apicurio-testing/apicurio-testing/clusters/ci419/namespaces/inmemory/tests/integration/apicurio-registry/utils/tests/target/apicurio-registry-utils-tests-3.0.12-SNAPSHOT.jar:/home/runner/work/apicurio-testing/apicurio-testing/clusters/ci419/namespaces/inmemory/tests/integration/apicurio-registry/common/target/apicurio-registry-common-3.0.12-SNAPSHOT.jar:/home/runner/.m2/repository/jakarta/validation/jakarta.validation-api/3.0.2/jakarta.validation-api-3.0.2.jar:/home/runner/.m2/repository/com/github/dasniko/testcontainers-keycloak/3.8.0/testcontainers-keycloak-3.8.0.jar:/home/runner/.m2/repository/org/testcontainers/testcontainers/1.20.6/testcontainers-1.20.6.jar:/home/runner/.m2/repository/org/rnorth/duct-tape/duct-tape/1.0.8/duct-tape-1.0.8.jar:/home/runner/.m2/repository/com/github/docker-java/docker-java-transport-zerodep/3.4.1/docker-java-transport-zerodep-3.4.1.jar:/home/runner/.m2/repository/com/github/docker-java/docker-java-transport/3.4.1/docker-java-transport-3.4.1.jar:/home/runner/.m2/repository/net/java/dev/jna/jna/5.8.0/jna-5.8.0.jar:/home/runner/.m2/repository/io/quarkus/quarkus-junit4-mock/3.20.2/quarkus-junit4-mock-3.20.2.jar:/home/runner/.m2/repository/org/jboss/shrinkwrap/shrinkwrap-api/2.0.0-beta-2/shrinkwrap-api-2.0.0-beta-2.jar:/home/runner/.m2/repository/org/jboss/shrinkwrap/shrinkwrap-impl-base/2.0.0-beta-2/shrinkwrap-impl-base-2.0.0-beta-2.jar:/home/runner/.m2/repository/org/jboss/shrinkwrap/shrinkwrap-spi/2.0.0-beta-2/shrinkwrap-spi-2.0.0-beta-2.jar:/home/runner/.m2/repository/org/keycloak/keycloak-admin-client/26.0.4/keycloak-admin-client-26.0.4.jar:/home/runner/.m2/repository/org/keycloak/keycloak-client-common-synced/26.0.4/keycloak-client-common-synced-26.0.4.jar:/home/runner/.m2/repository/jakarta/activation/jakarta.activation-api/2.1.3/jakarta.activation-api-2.1.3.jar:/home/runner/.m2/repository/org/eclipse/microprofile/openapi/microprofile-openapi-api/4.0.2/microprofile-openapi-api-4.0.2.jar:/home/runner/.m2/repository/org/jboss/resteasy/resteasy-client/6.2.12.Final/resteasy-client-6.2.12.Final.jar:/home/runner/.m2/repository/org/jboss/resteasy/resteasy-client-api/6.2.12.Final/resteasy-client-api-6.2.12.Final.jar:/home/runner/.m2/repository/org/jboss/resteasy/resteasy-core-spi/6.2.12.Final/resteasy-core-spi-6.2.12.Final.jar:/home/runner/.m2/repository/org/jboss/resteasy/resteasy-core/6.2.12.Final/resteasy-core-6.2.12.Final.jar:/home/runner/.m2/repository/org/eclipse/angus/angus-activation/2.0.2/angus-activation-2.0.2.jar:/home/runner/.m2/repository/com/ibm/async/asyncutil/0.1.0/asyncutil-0.1.0.jar:/home/runner/.m2/repository/org/reactivestreams/reactive-streams/1.0.4/reactive-streams-1.0.4.jar:/home/runner/.m2/repository/org/jboss/resteasy/resteasy-multipart-provider/6.2.12.Final/resteasy-multipart-provider-6.2.12.Final.jar:/home/runner/.m2/repository/jakarta/mail/jakarta.mail-api/2.1.3/jakarta.mail-api-2.1.3.jar:/home/runner/.m2/repository/org/eclipse/angus/angus-mail/2.0.3/angus-mail-2.0.3.jar:/home/runner/.m2/repository/org/apache/james/apache-mime4j-dom/0.8.12/apache-mime4j-dom-0.8.12.jar:/home/runner/.m2/repository/org/apache/james/apache-mime4j-core/0.8.12/apache-mime4j-core-0.8.12.jar:/home/runner/.m2/repository/org/apache/james/apache-mime4j-storage/0.8.12/apache-mime4j-storage-0.8.12.jar:/home/runner/.m2/repository/org/jboss/resteasy/resteasy-jackson2-provider/6.2.12.Final/resteasy-jackson2-provider-6.2.12.Final.jar:/home/runner/.m2/repository/com/fasterxml/jackson/jakarta/rs/jackson-jakarta-rs-base/2.18.2/jackson-jakarta-rs-base-2.18.2.jar:/home/runner/.m2/repository/com/fasterxml/jackson/jakarta/rs/jackson-jakarta-rs-json-provider/2.18.2/jackson-jakarta-rs-json-provider-2.18.2.jar:/home/runner/.m2/repository/com/fasterxml/jackson/module/jackson-module-jakarta-xmlbind-annotations/2.18.2/jackson-module-jakarta-xmlbind-annotations-2.18.2.jar:/home/runner/.m2/repository/com/github/java-json-tools/json-patch/1.13/json-patch-1.13.jar:/home/runner/.m2/repository/com/github/java-json-tools/msg-simple/1.2/msg-simple-1.2.jar:/home/runner/.m2/repository/com/github/java-json-tools/btf/1.3/btf-1.3.jar:/home/runner/.m2/repository/com/github/java-json-tools/jackson-coreutils/2.0/jackson-coreutils-2.0.jar:/home/runner/.m2/repository/org/jboss/resteasy/resteasy-jaxb-provider/6.2.12.Final/resteasy-jaxb-provider-6.2.12.Final.jar:/home/runner/.m2/repository/org/glassfish/jaxb/codemodel/4.0.5/codemodel-4.0.5.jar:/home/runner/.m2/repository/org/glassfish/jaxb/jaxb-core/4.0.5/jaxb-core-4.0.5.jar:/home/runner/.m2/repository/org/glassfish/jaxb/jaxb-jxc/4.0.5/jaxb-jxc-4.0.5.jar:/home/runner/.m2/repository/org/glassfish/jaxb/jaxb-runtime/4.0.5/jaxb-runtime-4.0.5.jar:/home/runner/.m2/repository/org/glassfish/jaxb/txw2/4.0.5/txw2-4.0.5.jar:/home/runner/.m2/repository/org/glassfish/jaxb/jaxb-xjc/4.0.5/jaxb-xjc-4.0.5.jar:/home/runner/.m2/repository/org/glassfish/jaxb/xsom/4.0.5/xsom-4.0.5.jar:/home/runner/.m2/repository/com/sun/istack/istack-commons-runtime/4.1.2/istack-commons-runtime-4.1.2.jar:/home/runner/.m2/repository/com/sun/istack/istack-commons-tools/4.1.2/istack-commons-tools-4.1.2.jar:/home/runner/.m2/repository/com/sun/xml/bind/external/relaxng-datatype/4.0.5/relaxng-datatype-4.0.5.jar:/home/runner/.m2/repository/com/sun/xml/bind/external/rngom/4.0.5/rngom-4.0.5.jar:/home/runner/.m2/repository/org/testcontainers/mssqlserver/1.20.6/mssqlserver-1.20.6.jar:/home/runner/.m2/repository/org/testcontainers/jdbc/1.20.6/jdbc-1.20.6.jar:/home/runner/.m2/repository/org/testcontainers/database-commons/1.20.6/database-commons-1.20.6.jar:/home/runner/.m2/repository/org/testcontainers/mysql/1.20.6/mysql-1.20.6.jar:/home/runner/.m2/repository/io/strimzi/strimzi-test-container/0.111.0/strimzi-test-container-0.111.0.jar:/home/runner/.m2/repository/org/testcontainers/toxiproxy/1.20.6/toxiproxy-1.20.6.jar:/home/runner/.m2/repository/com/github/docker-java/docker-java-api/3.4.1/docker-java-api-3.4.1.jar:/home/runner/.m2/repository/org/apache/logging/log4j/log4j-slf4j-impl/2.19.0/log4j-slf4j-impl-2.19.0.jar:/home/runner/.m2/repository/org/apache/logging/log4j/log4j-api/2.24.3/log4j-api-2.24.3.jar:/home/runner/.m2/repository/org/apache/logging/log4j/log4j-core/2.19.0/log4j-core-2.19.0.jar:/home/runner/.m2/repository/eu/rekawek/toxiproxy/toxiproxy-java/2.1.7/toxiproxy-java-2.1.7.jar:/home/runner/.m2/repository/org/testcontainers/pulsar/1.21.3/pulsar-1.21.3.jar:/home/runner/.m2/repository/io/debezium/debezium-testing-testcontainers/2.7.4.Final/debezium-testing-testcontainers-2.7.4.Final.jar:/home/runner/.m2/repository/org/testcontainers/kafka/1.20.6/kafka-1.20.6.jar:/home/runner/.m2/repository/com/squareup/okhttp3/okhttp/4.8.1/okhttp-4.8.1.jar:/home/runner/.m2/repository/com/squareup/okio/okio/3.10.2/okio-3.10.2.jar:/home/runner/.m2/repository/com/squareup/okio/okio-jvm/3.10.2/okio-jvm-3.10.2.jar:/home/runner/.m2/repository/org/jetbrains/kotlin/kotlin-stdlib/2.0.21/kotlin-stdlib-2.0.21.jar:/home/runner/.m2/repository/org/awaitility/awaitility/4.3.0/awaitility-4.3.0.jar:/home/runner/.m2/repository/org/testcontainers/mongodb/1.20.6/mongodb-1.20.6.jar:/home/runner/.m2/repository/org/testcontainers/mariadb/1.20.6/mariadb-1.20.6.jar:/home/runner/.m2/repository/org/testcontainers/oracle-xe/1.20.6/oracle-xe-1.20.6.jar:/home/runner/.m2/repository/org/testcontainers/postgresql/1.20.6/postgresql-1.20.6.jar:/home/runner/.m2/repository/org/wiremock/wiremock/3.0.1/wiremock-3.0.1.jar:/home/runner/.m2/repository/org/eclipse/jetty/jetty-server/11.0.15/jetty-server-11.0.15.jar:/home/runner/.m2/repository/org/eclipse/jetty/toolchain/jetty-jakarta-servlet-api/5.0.2/jetty-jakarta-servlet-api-5.0.2.jar:/home/runner/.m2/repository/org/eclipse/jetty/jetty-http/11.0.15/jetty-http-11.0.15.jar:/home/runner/.m2/repository/org/eclipse/jetty/jetty-io/11.0.15/jetty-io-11.0.15.jar:/home/runner/.m2/repository/org/eclipse/jetty/jetty-servlet/11.0.15/jetty-servlet-11.0.15.jar:/home/runner/.m2/repository/org/eclipse/jetty/jetty-security/11.0.15/jetty-security-11.0.15.jar:/home/runner/.m2/repository/org/eclipse/jetty/jetty-servlets/11.0.15/jetty-servlets-11.0.15.jar:/home/runner/.m2/repository/org/eclipse/jetty/jetty-util/11.0.15/jetty-util-11.0.15.jar:/home/runner/.m2/repository/org/eclipse/jetty/jetty-webapp/11.0.15/jetty-webapp-11.0.15.jar:/home/runner/.m2/repository/org/eclipse/jetty/jetty-xml/11.0.15/jetty-xml-11.0.15.jar:/home/runner/.m2/repository/org/eclipse/jetty/jetty-proxy/11.0.15/jetty-proxy-11.0.15.jar:/home/runner/.m2/repository/org/eclipse/jetty/jetty-client/11.0.15/jetty-client-11.0.15.jar:/home/runner/.m2/repository/org/eclipse/jetty/http2/http2-server/11.0.15/http2-server-11.0.15.jar:/home/runner/.m2/repository/org/eclipse/jetty/http2/http2-common/11.0.15/http2-common-11.0.15.jar:/home/runner/.m2/repository/org/eclipse/jetty/http2/http2-hpack/11.0.15/http2-hpack-11.0.15.jar:/home/runner/.m2/repository/org/eclipse/jetty/jetty-alpn-server/11.0.15/jetty-alpn-server-11.0.15.jar:/home/runner/.m2/repository/org/eclipse/jetty/jetty-alpn-java-server/11.0.15/jetty-alpn-java-server-11.0.15.jar:/home/runner/.m2/repository/org/eclipse/jetty/jetty-alpn-java-client/11.0.15/jetty-alpn-java-client-11.0.15.jar:/home/runner/.m2/repository/org/eclipse/jetty/jetty-alpn-client/11.0.15/jetty-alpn-client-11.0.15.jar:/home/runner/.m2/repository/org/apache/httpcomponents/client5/httpclient5/5.2.1/httpclient5-5.2.1.jar:/home/runner/.m2/repository/org/apache/httpcomponents/core5/httpcore5/5.2/httpcore5-5.2.jar:/home/runner/.m2/repository/org/apache/httpcomponents/core5/httpcore5-h2/5.2/httpcore5-h2-5.2.jar:/home/runner/.m2/repository/org/xmlunit/xmlunit-core/2.9.1/xmlunit-core-2.9.1.jar:/home/runner/.m2/repository/jakarta/xml/bind/jakarta.xml.bind-api/4.0.2/jakarta.xml.bind-api-4.0.2.jar:/home/runner/.m2/repository/org/xmlunit/xmlunit-legacy/2.9.1/xmlunit-legacy-2.9.1.jar:/home/runner/.m2/repository/org/xmlunit/xmlunit-placeholders/2.9.1/xmlunit-placeholders-2.9.1.jar:/home/runner/.m2/repository/net/javacrumbs/json-unit/json-unit-core/2.38.0/json-unit-core-2.38.0.jar:/home/runner/.m2/repository/org/hamcrest/hamcrest-core/2.2/hamcrest-core-2.2.jar:/home/runner/.m2/repository/com/jayway/jsonpath/json-path/2.8.0/json-path-2.8.0.jar:/home/runner/.m2/repository/net/minidev/json-smart/2.4.10/json-smart-2.4.10.jar:/home/runner/.m2/repository/net/minidev/accessors-smart/2.4.9/accessors-smart-2.4.9.jar:/home/runner/.m2/repository/org/ow2/asm/asm/9.7.1/asm-9.7.1.jar:/home/runner/.m2/repository/net/sf/jopt-simple/jopt-simple/5.0.4/jopt-simple-5.0.4.jar:/home/runner/.m2/repository/com/github/jknack/handlebars/4.3.1/handlebars-4.3.1.jar:/home/runner/.m2/repository/com/github/jknack/handlebars-helpers/4.3.1/handlebars-helpers-4.3.1.jar:/home/runner/.m2/repository/commons-fileupload/commons-fileupload/1.5/commons-fileupload-1.5.jar:/home/runner/.m2/repository/com/networknt/json-schema-validator/1.5.8/json-schema-validator-1.5.8.jar:/home/runner/.m2/repository/com/ethlo/time/itu/1.10.3/itu-1.10.3.jar:/home/runner/.m2/repository/io/quarkus/quarkus-smallrye-jwt-build/3.20.2/quarkus-smallrye-jwt-build-3.20.2.jar:/home/runner/.m2/repository/io/smallrye/smallrye-jwt-build/4.6.2/smallrye-jwt-build-4.6.2.jar:/home/runner/.m2/repository/org/eclipse/microprofile/jwt/microprofile-jwt-auth-api/2.1/microprofile-jwt-auth-api-2.1.jar:/home/runner/.m2/repository/org/bitbucket/b_c/jose4j/0.9.6/jose4j-0.9.6.jar:/home/runner/.m2/repository/io/smallrye/smallrye-jwt-common/4.6.2/smallrye-jwt-common-4.6.2.jar:/home/runner/.m2/repository/io/quarkus/quarkus-jsonp/3.20.2/quarkus-jsonp-3.20.2.jar:/home/runner/.m2/repository/io/quarkus/quarkus-arc/3.20.2/quarkus-arc-3.20.2.jar:/home/runner/.m2/repository/io/quarkus/arc/arc/3.20.2/arc-3.20.2.jar:/home/runner/.m2/repository/jakarta/transaction/jakarta.transaction-api/2.0.1/jakarta.transaction-api-2.0.1.jar:/home/runner/.m2/repository/io/smallrye/reactive/mutiny/2.9.2/mutiny-2.9.2.jar:/home/runner/.m2/repository/org/jctools/jctools-core/4.0.5/jctools-core-4.0.5.jar:/home/runner/.m2/repository/org/eclipse/microprofile/context-propagation/microprofile-context-propagation-api/1.3/microprofile-context-propagation-api-1.3.jar:/home/runner/.m2/repository/io/apicurio/apicurio-common-rest-client-common/0.1.18.Final/apicurio-common-rest-client-common-0.1.18.Final.jar:/home/runner/work/apicurio-testing/apicurio-testing/clusters/ci419/namespaces/inmemory/tests/integration/apicurio-registry/utils/maven-plugin/target/apicurio-registry-maven-plugin-3.0.12-SNAPSHOT.jar:/home/runner/.m2/repository/com/fasterxml/jackson/core/jackson-databind/2.18.2/jackson-databind-2.18.2.jar:/home/runner/.m2/repository/org/apache/avro/avro/1.12.0/avro-1.12.0.jar:/home/runner/.m2/repository/com/google/protobuf/protobuf-java/4.31.1/protobuf-java-4.31.1.jar:/home/runner/.m2/repository/com/google/protobuf/protobuf-java-util/4.31.1/protobuf-java-util-4.31.1.jar:/home/runner/.m2/repository/com/google/code/findbugs/jsr305/3.0.2/jsr305-3.0.2.jar:/home/runner/.m2/repository/com/google/code/gson/gson/2.12.1/gson-2.12.1.jar:/home/runner/.m2/repository/com/google/errorprone/error_prone_annotations/2.36.0/error_prone_annotations-2.36.0.jar:/home/runner/.m2/repository/com/google/j2objc/j2objc-annotations/2.8/j2objc-annotations-2.8.jar:/home/runner/work/apicurio-testing/apicurio-testing/clusters/ci419/namespaces/inmemory/tests/integration/apicurio-registry/schema-util/util-provider/target/apicurio-registry-schema-util-provider-3.0.12-SNAPSHOT.jar:/home/runner/work/apicurio-testing/apicurio-testing/clusters/ci419/namespaces/inmemory/tests/integration/apicurio-registry/schema-util/common/target/apicurio-registry-schema-util-common-3.0.12-SNAPSHOT.jar:/home/runner/.m2/repository/com/fasterxml/jackson/module/jackson-module-parameter-names/2.18.2/jackson-module-parameter-names-2.18.2.jar:/home/runner/.m2/repository/com/fasterxml/jackson/datatype/jackson-datatype-json-org/2.18.2/jackson-datatype-json-org-2.18.2.jar:/home/runner/work/apicurio-testing/apicurio-testing/clusters/ci419/namespaces/inmemory/tests/integration/apicurio-registry/schema-util/json/target/apicurio-registry-schema-util-json-3.0.12-SNAPSHOT.jar:/home/runner/.m2/repository/com/github/erosb/everit-json-schema/1.14.5/everit-json-schema-1.14.5.jar:/home/runner/.m2/repository/commons-validator/commons-validator/1.9.0/commons-validator-1.9.0.jar:/home/runner/.m2/repository/commons-digester/commons-digester/2.1/commons-digester-2.1.jar:/home/runner/.m2/repository/commons-collections/commons-collections/3.2.2/commons-collections-3.2.2.jar:/home/runner/.m2/repository/com/damnhandy/handy-uri-templates/2.1.8/handy-uri-templates-2.1.8.jar:/home/runner/.m2/repository/joda-time/joda-time/2.10.2/joda-time-2.10.2.jar:/home/runner/.m2/repository/com/github/erosb/json-sKema/0.20.0/json-sKema-0.20.0.jar:/home/runner/.m2/repository/io/vertx/vertx-json-schema/4.5.16/vertx-json-schema-4.5.16.jar:/home/runner/work/apicurio-testing/apicurio-testing/clusters/ci419/namespaces/inmemory/tests/integration/apicurio-registry/schema-util/protobuf/target/apicurio-registry-schema-util-protobuf-3.0.12-SNAPSHOT.jar:/home/runner/work/apicurio-testing/apicurio-testing/clusters/ci419/namespaces/inmemory/tests/integration/apicurio-registry/utils/protobuf-schema-utilities/target/apicurio-registry-protobuf-schema-utilities-3.0.12-SNAPSHOT.jar:/home/runner/.m2/repository/com/google/api/grpc/proto-google-common-protos/2.52.0/proto-google-common-protos-2.52.0.jar:/home/runner/.m2/repository/com/squareup/wire/wire-schema-jvm/5.3.3/wire-schema-jvm-5.3.3.jar:/home/runner/.m2/repository/com/palantir/javapoet/javapoet/0.6.0/javapoet-0.6.0.jar:/home/runner/.m2/repository/com/squareup/kotlinpoet-jvm/2.0.0/kotlinpoet-jvm-2.0.0.jar:/home/runner/.m2/repository/org/jetbrains/kotlin/kotlin-reflect/2.0.21/kotlin-reflect-2.0.21.jar:/home/runner/.m2/repository/com/squareup/wire/wire-runtime-jvm/5.3.3/wire-runtime-jvm-5.3.3.jar:/home/runner/.m2/repository/com/ibm/icu/icu4j/76.1/icu4j-76.1.jar:/home/runner/.m2/repository/com/squareup/okio/okio-fakefilesystem/3.10.2/okio-fakefilesystem-3.10.2.jar:/home/runner/.m2/repository/com/squareup/okio/okio-fakefilesystem-jvm/3.10.2/okio-fakefilesystem-jvm-3.10.2.jar:/home/runner/.m2/repository/org/jetbrains/kotlinx/kotlinx-datetime-jvm/0.6.1/kotlinx-datetime-jvm-0.6.1.jar:/home/runner/work/apicurio-testing/apicurio-testing/clusters/ci419/namespaces/inmemory/tests/integration/apicurio-registry/schema-util/asyncapi/target/apicurio-registry-schema-util-asyncapi-3.0.12-SNAPSHOT.jar:/home/runner/work/apicurio-testing/apicurio-testing/clusters/ci419/namespaces/inmemory/tests/integration/apicurio-registry/schema-util/avro/target/apicurio-registry-schema-util-avro-3.0.12-SNAPSHOT.jar:/home/runner/work/apicurio-testing/apicurio-testing/clusters/ci419/namespaces/inmemory/tests/integration/apicurio-registry/schema-util/graphql/target/apicurio-registry-schema-util-graphql-3.0.12-SNAPSHOT.jar:/home/runner/.m2/repository/com/graphql-java/graphql-java/22.4/graphql-java-22.4.jar:/home/runner/.m2/repository/com/graphql-java/java-dataloader/3.3.0/java-dataloader-3.3.0.jar:/home/runner/work/apicurio-testing/apicurio-testing/clusters/ci419/namespaces/inmemory/tests/integration/apicurio-registry/schema-util/kconnect/target/apicurio-registry-schema-util-kconnect-3.0.12-SNAPSHOT.jar:/home/runner/work/apicurio-testing/apicurio-testing/clusters/ci419/namespaces/inmemory/tests/integration/apicurio-registry/schema-util/openapi/target/apicurio-registry-schema-util-openapi-3.0.12-SNAPSHOT.jar:/home/runner/.m2/repository/io/apicurio/apicurio-data-models/2.2.2/apicurio-data-models-2.2.2.jar:/home/runner/.m2/repository/org/openapitools/openapidiff/openapi-diff-core/2.1.2/openapi-diff-core-2.1.2.jar:/home/runner/.m2/repository/io/swagger/parser/v3/swagger-parser/2.1.28/swagger-parser-2.1.28.jar:/home/runner/.m2/repository/io/swagger/parser/v3/swagger-parser-v2-converter/2.1.28/swagger-parser-v2-converter-2.1.28.jar:/home/runner/.m2/repository/io/swagger/swagger-core/1.6.16/swagger-core-1.6.16.jar:/home/runner/.m2/repository/io/swagger/swagger-models/1.6.16/swagger-models-1.6.16.jar:/home/runner/.m2/repository/io/swagger/swagger-annotations/1.6.16/swagger-annotations-1.6.16.jar:/home/runner/.m2/repository/io/swagger/swagger-parser/1.0.75/swagger-parser-1.0.75.jar:/home/runner/.m2/repository/io/swagger/swagger-parser-safe-url-resolver/1.0.75/swagger-parser-safe-url-resolver-1.0.75.jar:/home/runner/.m2/repository/io/swagger/swagger-compat-spec-parser/1.0.75/swagger-compat-spec-parser-1.0.75.jar:/home/runner/.m2/repository/com/github/java-json-tools/json-schema-validator/2.2.14/json-schema-validator-2.2.14.jar:/home/runner/.m2/repository/com/github/java-json-tools/jackson-coreutils-equivalence/1.0/jackson-coreutils-equivalence-1.0.jar:/home/runner/.m2/repository/com/github/java-json-tools/json-schema-core/1.2.14/json-schema-core-1.2.14.jar:/home/runner/.m2/repository/com/github/java-json-tools/uri-template/0.10/uri-template-0.10.jar:/home/runner/.m2/repository/com/googlecode/libphonenumber/libphonenumber/8.11.1/libphonenumber-8.11.1.jar:/home/runner/.m2/repository/com/j2html/j2html/1.6.0/j2html-1.6.0.jar:/home/runner/.m2/repository/org/apache/commons/commons-collections4/4.5.0/commons-collections4-4.5.0.jar:/home/runner/.m2/repository/org/slf4j/jcl-over-slf4j/2.0.17/jcl-over-slf4j-2.0.17.jar:/home/runner/.m2/repository/io/swagger/parser/v3/swagger-parser-v3/2.1.31/swagger-parser-v3-2.1.31.jar:/home/runner/.m2/repository/io/swagger/core/v3/swagger-models/2.2.34/swagger-models-2.2.34.jar:/home/runner/.m2/repository/io/swagger/core/v3/swagger-core/2.2.34/swagger-core-2.2.34.jar:/home/runner/.m2/repository/io/swagger/parser/v3/swagger-parser-core/2.1.31/swagger-parser-core-2.1.31.jar:/home/runner/.m2/repository/io/swagger/parser/v3/swagger-parser-safe-url-resolver/2.1.31/swagger-parser-safe-url-resolver-2.1.31.jar:/home/runner/work/apicurio-testing/apicurio-testing/clusters/ci419/namespaces/inmemory/tests/integration/apicurio-registry/schema-util/wsdl/target/apicurio-registry-schema-util-wsdl-3.0.12-SNAPSHOT.jar:/home/runner/.m2/repository/wsdl4j/wsdl4j/1.6.3/wsdl4j-1.6.3.jar:/home/runner/work/apicurio-testing/apicurio-testing/clusters/ci419/namespaces/inmemory/tests/integration/apicurio-registry/schema-util/xml/target/apicurio-registry-schema-util-xml-3.0.12-SNAPSHOT.jar:/home/runner/.m2/repository/org/apache/santuario/xmlsec/4.0.4/xmlsec-4.0.4.jar:/home/runner/.m2/repository/com/fasterxml/woodstox/woodstox-core/7.1.1/woodstox-core-7.1.1.jar:/home/runner/.m2/repository/org/codehaus/woodstox/stax2-api/4.2.2/stax2-api-4.2.2.jar:/home/runner/work/apicurio-testing/apicurio-testing/clusters/ci419/namespaces/inmemory/tests/integration/apicurio-registry/schema-util/xsd/target/apicurio-registry-schema-util-xsd-3.0.12-SNAPSHOT.jar:/home/runner/work/apicurio-testing/apicurio-testing/clusters/ci419/namespaces/inmemory/tests/integration/apicurio-registry/serdes/kafka/jsonschema-serde/target/apicurio-registry-jsonschema-serde-kafka-3.0.12-SNAPSHOT.jar:/home/runner/work/apicurio-testing/apicurio-testing/clusters/ci419/namespaces/inmemory/tests/integration/apicurio-registry/serdes/kafka/serde-kafka-common/target/apicurio-registry-serde-kafka-common-3.0.12-SNAPSHOT.jar:/home/runner/work/apicurio-testing/apicurio-testing/clusters/ci419/namespaces/inmemory/tests/integration/apicurio-registry/serdes/generic/serde-common/target/apicurio-registry-serde-common-3.0.12-SNAPSHOT.jar:/home/runner/work/apicurio-testing/apicurio-testing/clusters/ci419/namespaces/inmemory/tests/integration/apicurio-registry/serdes/generic/serde-common-jsonschema/target/apicurio-registry-serde-common-jsonschema-3.0.12-SNAPSHOT.jar:/home/runner/.m2/repository/org/json/json/20250107/json-20250107.jar:/home/runner/work/apicurio-testing/apicurio-testing/clusters/ci419/namespaces/inmemory/tests/integration/apicurio-registry/serdes/kafka/avro-serde/target/apicurio-registry-avro-serde-kafka-3.0.12-SNAPSHOT.jar:/home/runner/work/apicurio-testing/apicurio-testing/clusters/ci419/namespaces/inmemory/tests/integration/apicurio-registry/serdes/generic/serde-common-avro/target/apicurio-registry-serde-common-avro-3.0.12-SNAPSHOT.jar:/home/runner/work/apicurio-testing/apicurio-testing/clusters/ci419/namespaces/inmemory/tests/integration/apicurio-registry/serdes/kafka/protobuf-serde/target/apicurio-registry-protobuf-serde-kafka-3.0.12-SNAPSHOT.jar:/home/runner/work/apicurio-testing/apicurio-testing/clusters/ci419/namespaces/inmemory/tests/integration/apicurio-registry/serdes/generic/serde-common-protobuf/target/apicurio-registry-serde-common-protobuf-3.0.12-SNAPSHOT.jar:/home/runner/.m2/repository/com/squareup/wire/wire-schema/5.3.3/wire-schema-5.3.3.jar:/home/runner/.m2/repository/com/squareup/wire/wire-runtime/5.3.3/wire-runtime-5.3.3.jar:/home/runner/work/apicurio-testing/apicurio-testing/clusters/ci419/namespaces/inmemory/tests/integration/apicurio-registry/serdes/pulsar/avro-serde/target/apicurio-registry-avro-serde-pulsar-3.0.12-SNAPSHOT.jar:/home/runner/.m2/repository/org/apache/pulsar/pulsar-functions-api/3.3.8/pulsar-functions-api-3.3.8.jar:/home/runner/work/apicurio-testing/apicurio-testing/clusters/ci419/namespaces/inmemory/tests/integration/apicurio-registry/serdes/nats/avro-serde/target/apicurio-registry-avro-serde-nats-3.0.12-SNAPSHOT.jar:/home/runner/.m2/repository/io/nats/jnats/2.21.4/jnats-2.21.4.jar:/home/runner/.m2/repository/org/bouncycastle/bcprov-lts8on/2.73.7/bcprov-lts8on-2.73.7.jar:/home/runner/.m2/repository/org/jetbrains/annotations/26.0.2/annotations-26.0.2.jar:/home/runner/work/apicurio-testing/apicurio-testing/clusters/ci419/namespaces/inmemory/tests/integration/apicurio-registry/utils/converter/target/apicurio-registry-utils-converter-3.0.12-SNAPSHOT.jar:/home/runner/work/apicurio-testing/apicurio-testing/clusters/ci419/namespaces/inmemory/tests/integration/apicurio-registry/schema-resolver/target/apicurio-registry-schema-resolver-3.0.12-SNAPSHOT.jar:/home/runner/.m2/repository/org/apache/kafka/connect-api/3.9.1/connect-api-3.9.1.jar:/home/runner/.m2/repository/javax/ws/rs/javax.ws.rs-api/2.1.1/javax.ws.rs-api-2.1.1.jar:/home/runner/.m2/repository/org/apache/kafka/connect-json/3.9.1/connect-json-3.9.1.jar:/home/runner/.m2/repository/com/fasterxml/jackson/datatype/jackson-datatype-jdk8/2.18.2/jackson-datatype-jdk8-2.18.2.jar:/home/runner/.m2/repository/com/fasterxml/jackson/module/jackson-module-afterburner/2.18.2/jackson-module-afterburner-2.18.2.jar:/home/runner/work/apicurio-testing/apicurio-testing/clusters/ci419/namespaces/inmemory/tests/integration/apicurio-registry/utils/kafka/target/apicurio-registry-utils-kafka-3.0.12-SNAPSHOT.jar:/home/runner/.m2/repository/org/apache/pulsar/pulsar-client/3.3.8/pulsar-client-3.3.8.jar:/home/runner/.m2/repository/org/apache/pulsar/pulsar-client-api/3.3.8/pulsar-client-api-3.3.8.jar:/home/runner/.m2/repository/org/apache/pulsar/pulsar-client-admin-api/3.3.8/pulsar-client-admin-api-3.3.8.jar:/home/runner/.m2/repository/org/apache/pulsar/bouncy-castle-bc/3.3.8/bouncy-castle-bc-3.3.8-pkg.jar:/home/runner/.m2/repository/org/bouncycastle/bcpkix-jdk18on/1.81/bcpkix-jdk18on-1.81.jar:/home/runner/.m2/repository/org/bouncycastle/bcutil-jdk18on/1.81/bcutil-jdk18on-1.81.jar:/home/runner/.m2/repository/org/bouncycastle/bcprov-jdk18on/1.81/bcprov-jdk18on-1.81.jar:/home/runner/.m2/repository/io/opentelemetry/opentelemetry-api/1.44.1/opentelemetry-api-1.44.1.jar:/home/runner/.m2/repository/io/opentelemetry/opentelemetry-context/1.44.1/opentelemetry-context-1.44.1.jar:/home/runner/.m2/repository/io/opentelemetry/opentelemetry-api-incubator/1.44.1-alpha/opentelemetry-api-incubator-1.44.1-alpha.jar:/home/runner/.m2/repository/com/fasterxml/jackson/core/jackson-annotations/2.18.2/jackson-annotations-2.18.2.jar:/home/runner/.m2/repository/javax/validation/validation-api/1.1.0.Final/validation-api-1.1.0.Final.jar:/home/runner/.m2/repository/org/jspecify/jspecify/1.0.0/jspecify-1.0.0.jar:/home/runner/.m2/repository/org/apache/commons/commons-configuration2/2.12.0/commons-configuration2-2.12.0.jar:/home/runner/.m2/repository/commons-logging/commons-logging/1.3.5/commons-logging-1.3.5.jar:/home/runner/.m2/repository/org/apache/commons/commons-text/1.13.0/commons-text-1.13.0.jar:/home/runner/.m2/repository/io/confluent/kafka-avro-serializer/8.0.0/kafka-avro-serializer-8.0.0.jar:/home/runner/.m2/repository/org/apache/commons/commons-compress/1.27.1/commons-compress-1.27.1.jar:/home/runner/.m2/repository/io/confluent/kafka-schema-serializer/8.0.0/kafka-schema-serializer-8.0.0.jar:/home/runner/.m2/repository/com/fasterxml/jackson/dataformat/jackson-dataformat-csv/2.18.2/jackson-dataformat-csv-2.18.2.jar:/home/runner/.m2/repository/io/confluent/kafka-schema-registry-client/8.0.0/kafka-schema-registry-client-8.0.0.jar:/home/runner/.m2/repository/org/yaml/snakeyaml/2.3/snakeyaml-2.3.jar:/home/runner/.m2/repository/io/swagger/core/v3/swagger-annotations/2.2.29/swagger-annotations-2.2.29.jar:/home/runner/.m2/repository/com/google/guava/guava/33.4.0-jre/guava-33.4.0-jre.jar:/home/runner/.m2/repository/com/google/guava/failureaccess/1.0.1/failureaccess-1.0.1.jar:/home/runner/.m2/repository/org/checkerframework/checker-qual/3.49.0/checker-qual-3.49.0.jar:/home/runner/.m2/repository/io/confluent/logredactor/1.0.13/logredactor-1.0.13.jar:/home/runner/.m2/repository/com/google/re2j/re2j/1.6/re2j-1.6.jar:/home/runner/.m2/repository/io/confluent/logredactor-metrics/1.0.13/logredactor-metrics-1.0.13.jar:/home/runner/.m2/repository/com/eclipsesource/minimal-json/minimal-json/0.9.5/minimal-json-0.9.5.jar:/home/runner/.m2/repository/io/confluent/common-utils/8.0.0/common-utils-8.0.0.jar:/home/runner/.m2/repository/io/confluent/kafka-connect-avro-converter/8.0.0/kafka-connect-avro-converter-8.0.0.jar:/home/runner/.m2/repository/io/confluent/kafka-connect-avro-data/8.0.0/kafka-connect-avro-data-8.0.0.jar:/home/runner/.m2/repository/io/confluent/kafka-schema-converter/8.0.0/kafka-schema-converter-8.0.0.jar:/home/runner/.m2/repository/io/rest-assured/rest-assured/5.5.1/rest-assured-5.5.1.jar:/home/runner/.m2/repository/org/apache/groovy/groovy/4.0.22/groovy-4.0.22.jar:/home/runner/.m2/repository/org/apache/groovy/groovy-xml/4.0.22/groovy-xml-4.0.22.jar:/home/runner/.m2/repository/org/apache/httpcomponents/httpclient/4.5.14/httpclient-4.5.14.jar:/home/runner/.m2/repository/org/apache/httpcomponents/httpcore/4.4.16/httpcore-4.4.16.jar:/home/runner/.m2/repository/org/apache/httpcomponents/httpmime/4.5.14/httpmime-4.5.14.jar:/home/runner/.m2/repository/org/hamcrest/hamcrest/2.2/hamcrest-2.2.jar:/home/runner/.m2/repository/org/ccil/cowan/tagsoup/tagsoup/1.2.1/tagsoup-1.2.1.jar:/home/runner/.m2/repository/io/rest-assured/json-path/5.5.1/json-path-5.5.1.jar:/home/runner/.m2/repository/org/apache/groovy/groovy-json/4.0.22/groovy-json-4.0.22.jar:/home/runner/.m2/repository/io/rest-assured/rest-assured-common/5.5.1/rest-assured-common-5.5.1.jar:/home/runner/.m2/repository/io/rest-assured/xml-path/5.5.1/xml-path-5.5.1.jar:/home/runner/.m2/repository/io/zonky/test/embedded-postgres/2.1.0/embedded-postgres-2.1.0.jar:/home/runner/.m2/repository/io/zonky/test/postgres/embedded-postgres-binaries-windows-amd64/14.15.0/embedded-postgres-binaries-windows-amd64-14.15.0.jar:/home/runner/.m2/repository/io/zonky/test/postgres/embedded-postgres-binaries-darwin-amd64/14.15.0/embedded-postgres-binaries-darwin-amd64-14.15.0.jar:/home/runner/.m2/repository/io/zonky/test/postgres/embedded-postgres-binaries-linux-amd64/14.15.0/embedded-postgres-binaries-linux-amd64-14.15.0.jar:/home/runner/.m2/repository/io/zonky/test/postgres/embedded-postgres-binaries-linux-amd64-alpine/14.15.0/embedded-postgres-binaries-linux-amd64-alpine-14.15.0.jar:/home/runner/.m2/repository/org/apache/commons/commons-lang3/3.17.0/commons-lang3-3.17.0.jar:/home/runner/.m2/repository/org/tukaani/xz/1.10/xz-1.10.jar:/home/runner/.m2/repository/commons-codec/commons-codec/1.19.0/commons-codec-1.19.0.jar:/home/runner/.m2/repository/org/postgresql/postgresql/42.7.7/postgresql-42.7.7.jar:/home/runner/.m2/repository/commons-io/commons-io/2.18.0/commons-io-2.18.0.jar:/home/runner/work/apicurio-testing/apicurio-testing/clusters/ci419/namespaces/inmemory/tests/integration/apicurio-registry/utils/importexport/target/apicurio-registry-utils-import-export-3.0.12-SNAPSHOT.jar:/home/runner/.m2/repository/io/vertx/vertx-core/4.5.16/vertx-core-4.5.16.jar:/home/runner/.m2/repository/io/netty/netty-common/4.1.121.Final/netty-common-4.1.121.Final.jar:/home/runner/.m2/repository/io/netty/netty-buffer/4.1.121.Final/netty-buffer-4.1.121.Final.jar:/home/runner/.m2/repository/io/netty/netty-transport/4.1.121.Final/netty-transport-4.1.121.Final.jar:/home/runner/.m2/repository/io/netty/netty-handler/4.1.121.Final/netty-handler-4.1.121.Final.jar:/home/runner/.m2/repository/io/netty/netty-transport-native-unix-common/4.1.121.Final/netty-transport-native-unix-common-4.1.121.Final.jar:/home/runner/.m2/repository/io/netty/netty-codec/4.1.121.Final/netty-codec-4.1.121.Final.jar:/home/runner/.m2/repository/io/netty/netty-handler-proxy/4.1.121.Final/netty-handler-proxy-4.1.121.Final.jar:/home/runner/.m2/repository/io/netty/netty-codec-socks/4.1.121.Final/netty-codec-socks-4.1.121.Final.jar:/home/runner/.m2/repository/io/netty/netty-codec-http/4.1.121.Final/netty-codec-http-4.1.121.Final.jar:/home/runner/.m2/repository/io/netty/netty-codec-http2/4.1.121.Final/netty-codec-http2-4.1.121.Final.jar:/home/runner/.m2/repository/io/netty/netty-resolver/4.1.121.Final/netty-resolver-4.1.121.Final.jar:/home/runner/.m2/repository/io/netty/netty-resolver-dns/4.1.121.Final/netty-resolver-dns-4.1.121.Final.jar:/home/runner/.m2/repository/io/netty/netty-codec-dns/4.1.121.Final/netty-codec-dns-4.1.121.Final.jar:/home/runner/.m2/repository/com/fasterxml/jackson/core/jackson-core/2.18.2/jackson-core-2.18.2.jar:"/>
    <property name="sun.cpu.endian" value="little"/>
    <property name="user.home" value="/home/runner"/>
    <property name="user.language" value="en"/>
    <property name="jboss.log-version" value="false"/>
    <property name="java.specification.vendor" value="Oracle Corporation"/>
    <property name="java.version.date" value="2025-07-15"/>
    <property name="java.home" value="/usr/lib/jvm/temurin-17-jdk-amd64"/>
    <property name="file.separator" value="/"/>
    <property name="basedir" value="/home/runner/work/apicurio-testing/apicurio-testing/clusters/ci419/namespaces/inmemory/tests/integration/apicurio-registry/integration-tests"/>
    <property name="java.vm.compressedOopsMode" value="32-bit"/>
    <property name="line.separator" value="&#10;"/>
    <property name="java.specification.name" value="Java Platform API Specification"/>
    <property name="java.vm.specification.vendor" value="Oracle Corporation"/>
    <property name="quarkus.http.test-host" value="registry-app-inmemory.apps.ci419.apicurio-testing.org"/>
    <property name="surefire.real.class.path" value="/home/runner/work/apicurio-testing/apicurio-testing/clusters/ci419/namespaces/inmemory/tests/integration/apicurio-registry/integration-tests/target/surefire/surefirebooter-20250812171952935_3.jar"/>
    <property name="sun.management.compiler" value="HotSpot 64-Bit Tiered Compilers"/>
    <property name="org.eclipse.jetty.http.HttpGenerator.STRICT" value="true"/>
    <property name="java.runtime.version" value="17.0.16+8"/>
    <property name="user.name" value="runner"/>
    <property name="path.separator" value=":"/>
    <property name="os.version" value="6.8.0-1031-azure"/>
    <property name="java.runtime.name" value="OpenJDK Runtime Environment"/>
    <property name="file.encoding" value="UTF-8"/>
    <property name="jnidispatch.path" value="/home/runner/.cache/JNA/temp/jna2378088636652283514.tmp"/>
    <property name="java.vm.name" value="OpenJDK 64-Bit Server VM"/>
    <property name="jna.platform.library.path" value="/usr/lib/x86_64-linux-gnu:/lib/x86_64-linux-gnu:/usr/lib64:/lib64:/usr/lib:/lib:/lib32:/usr/local/lib:/usr/lib/x86_64-linux-gnu/libfakeroot"/>
    <property name="java.vendor.version" value="Temurin-17.0.16+8"/>
    <property name="quarkus.oidc.token-path" value="https://keycloak-inmemory.apps.ci419.apicurio-testing.org/realms/registry/protocol/openid-connect/token"/>
    <property name="quarkus.http.host" value="registry-app-inmemory.apps.ci419.apicurio-testing.org"/>
    <property name="localRepository" value="/home/runner/.m2/repository"/>
    <property name="javax.xml.xpath.XPathFactory:http://java.sun.com/jaxp/xpath/dom" value="com.sun.org.apache.xpath.internal.jaxp.XPathFactoryImpl"/>
    <property name="jna.loaded" value="true"/>
    <property name="java.vendor.url.bug" value="https://github.com/adoptium/adoptium-support/issues"/>
    <property name="jetty.git.hash" value="5bc5e562c8d05c5862505aebe5cf83a61bdbcb96"/>
    <property name="java.io.tmpdir" value="/tmp"/>
    <property name="quarkus.http.test-protocol" value="http"/>
    <property name="java.version" value="17.0.16"/>
    <property name="user.dir" value="/home/runner/work/apicurio-testing/apicurio-testing/clusters/ci419/namespaces/inmemory/tests/integration/apicurio-registry/integration-tests"/>
    <property name="os.arch" value="amd64"/>
    <property name="groups" value="( smoke | serdes | acceptance | ui)"/>
    <property name="java.vm.specification.name" value="Java Virtual Machine Specification"/>
    <property name="native.encoding" value="UTF-8"/>
    <property name="java.util.logging.manager" value="org.jboss.logmanager.LogManager"/>
    <property name="java.library.path" value="/usr/java/packages/lib:/usr/lib64:/lib64:/lib:/usr/lib"/>
    <property name="jdk.console" value="java.base"/>
    <property name="java.vm.info" value="mixed mode, sharing"/>
    <property name="java.vendor" value="Eclipse Adoptium"/>
    <property name="java.vm.version" value="17.0.16+8"/>
    <property name="java.specification.maintenance.version" value="1"/>
    <property name="sun.io.unicode.encoding" value="UnicodeLittle"/>
    <property name="javax.xml.transform.TransformerFactory" value="com.sun.org.apache.xalan.internal.xsltc.trax.TransformerFactoryImpl"/>
    <property name="java.class.version" value="61.0"/>
  </properties>
  <testcase name="testGlobalIdInHeaders" classname="io.apicurio.tests.serdes.apicurio.AvroSerdeIT" time="6.233">
    <system-out><![CDATA[**** Registry Base URL: http://registry-app-inmemory.apps.ci419.apicurio-testing.org:80
**** Registry Base URL: http://registry-app-inmemory.apps.ci419.apicurio-testing.org:80
2025-08-12 17:20:06,309 INFO  [io.api.tes.ser.api.AvroSerdeIT] (main) RestAssured configured with http://registry-app-inmemory.apps.ci419.apicurio-testing.org:80/apis/registry/v3
2025-08-12 17:20:06,452 INFO  [io.api.tes.uti.KafkaFacade] (main) Starting kafka container
2025-08-12 17:20:06,507 INFO  [org.tes.ima.PullPolicy] (main) Image pull policy will be performed by: DefaultPullPolicy()
2025-08-12 17:20:06,510 INFO  [org.tes.uti.ImageNameSubstitutor] (main) Image name substitution will be performed by: DefaultImageNameSubstitutor (composite of 'ConfigurationFileImageNameSubstitutor' and 'PrefixingImageNameSubstitutor')
2025-08-12 17:20:06,520 INFO  [org.tes.DockerClientFactory] (main) Testcontainers version: 1.20.6
2025-08-12 17:20:07,011 INFO  [org.tes.doc.DockerClientProviderStrategy] (main) Found Docker environment with local Unix socket (unix:///var/run/docker.sock)
2025-08-12 17:20:07,019 INFO  [org.tes.DockerClientFactory] (main) Docker host IP address is localhost
2025-08-12 17:20:07,040 INFO  [org.tes.DockerClientFactory] (main) Connected to docker: 
  Server Version: 28.0.4
  API Version: 1.48
  Operating System: Ubuntu 22.04.5 LTS
  Total Memory: 7944 MB
2025-08-12 17:20:07,080 INFO  [tc.tes.11.0] (main) Pulling docker image: testcontainers/ryuk:0.11.0. Please be patient; this may take some time but only needs to be done once.
2025-08-12 17:20:07,971 INFO  [tc.tes.11.0] (docker-java-stream--1295187651) Starting to pull image
2025-08-12 17:20:07,991 INFO  [tc.tes.11.0] (docker-java-stream--1295187651) Pulling image layers:  0 pending,  0 downloaded,  0 extracted, (0 bytes/0 bytes)
2025-08-12 17:20:08,545 INFO  [tc.tes.11.0] (docker-java-stream--1295187651) Pulling image layers:  2 pending,  1 downloaded,  0 extracted, (114 KB/? MB)
2025-08-12 17:20:08,607 INFO  [tc.tes.11.0] (docker-java-stream--1295187651) Pulling image layers:  1 pending,  2 downloaded,  0 extracted, (2 MB/? MB)
2025-08-12 17:20:08,727 INFO  [tc.tes.11.0] (docker-java-stream--1295187651) Pulling image layers:  0 pending,  3 downloaded,  0 extracted, (10 MB/10 MB)
2025-08-12 17:20:08,729 INFO  [tc.tes.11.0] (docker-java-stream--1295187651) Pulling image layers:  0 pending,  3 downloaded,  1 extracted, (10 MB/10 MB)
2025-08-12 17:20:09,701 INFO  [tc.tes.11.0] (docker-java-stream--1295187651) Pulling image layers:  0 pending,  3 downloaded,  2 extracted, (10 MB/10 MB)
2025-08-12 17:20:09,742 INFO  [tc.tes.11.0] (docker-java-stream--1295187651) Pulling image layers:  0 pending,  3 downloaded,  3 extracted, (10 MB/10 MB)
2025-08-12 17:20:09,749 INFO  [tc.tes.11.0] (docker-java-stream--1295187651) Pull complete. 3 layers, pulled in 1s (downloaded 10 MB at 10 MB/s)
2025-08-12 17:20:09,749 INFO  [tc.tes.11.0] (main) Image testcontainers/ryuk:0.11.0 pull took PT2.66789461S
2025-08-12 17:20:09,770 INFO  [tc.tes.11.0] (main) Creating container for image: testcontainers/ryuk:0.11.0
2025-08-12 17:20:09,849 INFO  [tc.tes.11.0] (main) Container testcontainers/ryuk:0.11.0 is starting: 4bda65cc2c5bc39b1b8660277b48ab3e4727ab061ab7b8de0f2ed40d33c6b7cc
2025-08-12 17:20:10,157 INFO  [tc.tes.11.0] (main) Container testcontainers/ryuk:0.11.0 started in PT0.387928029S
2025-08-12 17:20:10,162 INFO  [org.tes.uti.RyukResourceReaper] (main) Ryuk started - will monitor and terminate Testcontainers containers on JVM exit
2025-08-12 17:20:10,162 INFO  [org.tes.DockerClientFactory] (main) Checking the system...
2025-08-12 17:20:10,163 INFO  [org.tes.DockerClientFactory] (main) ✔︎ Docker server version should be at least 1.6.0
2025-08-12 17:20:10,166 INFO  [io.str.tes.con.KafkaVersionService] (main) Latest release of Kafka is:LogicalKafkaVersionEntity{version='4.0.0', image='quay.io/strimzi-test-container/test-container:0.111.0-kafka-4.0.0'}
2025-08-12 17:20:10,166 INFO  [io.str.tes.con.KafkaVersionService] (main) Latest release of Kafka is:LogicalKafkaVersionEntity{version='4.0.0', image='quay.io/strimzi-test-container/test-container:0.111.0-kafka-4.0.0'}
2025-08-12 17:20:10,167 INFO  [io.str.tes.con.KafkaVersionService] (main) No Kafka version specified. Using latest release: 4.0.0
2025-08-12 17:20:10,171 INFO  [tc.qua.io/.111.0-k.0.0] (main) Pulling docker image: quay.io/strimzi-test-container/test-container:0.111.0-kafka-4.0.0. Please be patient; this may take some time but only needs to be done once.
2025-08-12 17:20:11,314 INFO  [tc.qua.io/.111.0-k.0.0] (docker-java-stream--29267298) Starting to pull image
2025-08-12 17:20:11,315 INFO  [tc.qua.io/.111.0-k.0.0] (docker-java-stream--29267298) Pulling image layers:  0 pending,  0 downloaded,  0 extracted, (0 bytes/0 bytes)
2025-08-12 17:20:11,965 INFO  [tc.qua.io/.111.0-k.0.0] (docker-java-stream--29267298) Pulling image layers:  6 pending,  1 downloaded,  0 extracted, (31 KB/? MB)
2025-08-12 17:20:12,464 INFO  [tc.qua.io/.111.0-k.0.0] (docker-java-stream--29267298) Pulling image layers:  5 pending,  2 downloaded,  0 extracted, (20 MB/? MB)
2025-08-12 17:20:13,135 INFO  [tc.qua.io/.111.0-k.0.0] (docker-java-stream--29267298) Pulling image layers:  4 pending,  3 downloaded,  0 extracted, (42 MB/? MB)
2025-08-12 17:20:13,646 INFO  [tc.qua.io/.111.0-k.0.0] (docker-java-stream--29267298) Pulling image layers:  3 pending,  4 downloaded,  0 extracted, (49 MB/? MB)
2025-08-12 17:20:14,084 INFO  [tc.qua.io/.111.0-k.0.0] (docker-java-stream--29267298) Pulling image layers:  2 pending,  5 downloaded,  0 extracted, (69 MB/? MB)
2025-08-12 17:20:14,199 INFO  [tc.qua.io/.111.0-k.0.0] (docker-java-stream--29267298) Pulling image layers:  2 pending,  5 downloaded,  1 extracted, (76 MB/? MB)
2025-08-12 17:20:17,013 INFO  [tc.qua.io/.111.0-k.0.0] (docker-java-stream--29267298) Pulling image layers:  1 pending,  6 downloaded,  1 extracted, (222 MB/? MB)
2025-08-12 17:20:18,142 INFO  [tc.qua.io/.111.0-k.0.0] (docker-java-stream--29267298) Pulling image layers:  0 pending,  7 downloaded,  1 extracted, (239 MB/249 MB)
2025-08-12 17:20:22,045 INFO  [tc.qua.io/.111.0-k.0.0] (docker-java-stream--29267298) Pulling image layers:  0 pending,  7 downloaded,  2 extracted, (241 MB/249 MB)
2025-08-12 17:20:22,085 INFO  [tc.qua.io/.111.0-k.0.0] (docker-java-stream--29267298) Pulling image layers:  0 pending,  7 downloaded,  3 extracted, (243 MB/249 MB)
2025-08-12 17:20:22,104 INFO  [tc.qua.io/.111.0-k.0.0] (docker-java-stream--29267298) Pulling image layers:  0 pending,  7 downloaded,  4 extracted, (243 MB/249 MB)
2025-08-12 17:20:23,209 INFO  [tc.qua.io/.111.0-k.0.0] (docker-java-stream--29267298) Pulling image layers:  0 pending,  7 downloaded,  5 extracted, (247 MB/249 MB)
2025-08-12 17:20:23,248 INFO  [tc.qua.io/.111.0-k.0.0] (docker-java-stream--29267298) Pulling image layers:  0 pending,  7 downloaded,  6 extracted, (249 MB/249 MB)
2025-08-12 17:20:23,263 INFO  [tc.qua.io/.111.0-k.0.0] (docker-java-stream--29267298) Pulling image layers:  0 pending,  7 downloaded,  7 extracted, (249 MB/249 MB)
2025-08-12 17:20:23,272 INFO  [tc.qua.io/.111.0-k.0.0] (docker-java-stream--29267298) Pull complete. 7 layers, pulled in 11s (downloaded 249 MB at 22 MB/s)
2025-08-12 17:20:23,272 INFO  [tc.qua.io/.111.0-k.0.0] (main) Image quay.io/strimzi-test-container/test-container:0.111.0-kafka-4.0.0 pull took PT13.100894373S
2025-08-12 17:20:23,275 INFO  [tc.qua.io/.111.0-k.0.0] (main) Creating container for image: quay.io/strimzi-test-container/test-container:0.111.0-kafka-4.0.0
2025-08-12 17:20:23,354 INFO  [tc.qua.io/.111.0-k.0.0] (main) Container quay.io/strimzi-test-container/test-container:0.111.0-kafka-4.0.0 is starting: daacb9ba38aafcc8283144489aaed444f126b88e239d773493412b176467d872
2025-08-12 17:20:23,541 INFO  [io.str.tes.con.StrimziKafkaContainer] (main) Mapped port: 32769
2025-08-12 17:20:23,541 WARN  [io.str.tes.con.StrimziKafkaContainer] (main) Node ID is not set. Using broker ID 0 as the default node ID.
2025-08-12 17:20:23,542 INFO  [io.str.tes.con.StrimziKafkaContainer] (main) This is all advertised listeners for Kafka PLAINTEXT://localhost:32769,BROKER1://172.18.0.2:9091,CONTROLLER://broker-0:9094
2025-08-12 17:20:23,571 INFO  [io.str.tes.con.StrimziKafkaContainer] (main) New `cluster.id` has been generated: Ursznb63T6OTazTEUvngGA
2025-08-12 17:20:23,572 INFO  [io.str.tes.con.StrimziKafkaContainer] (main) Copying command to 'STARTER_SCRIPT' script.
2025-08-12 17:20:28,797 INFO  [tc.qua.io/.111.0-k.0.0] (main) Container quay.io/strimzi-test-container/test-container:0.111.0-kafka-4.0.0 started in PT5.522249642S
2025-08-12 17:20:28,801 INFO  [io.api.tes.uti.TestSeparator] (main) ############################################################################
2025-08-12 17:20:28,802 INFO  [io.api.tes.uti.TestSeparator] (main) io.apicurio.tests.serdes.apicurio.AvroSerdeIT.testGlobalIdInHeaders-STARTED
2025-08-12 17:20:28,811 INFO  [org.apa.kaf.cli.adm.AdminClientConfig] (main) AdminClientConfig values: 
	auto.include.jmx.reporter = true
	bootstrap.controllers = []
	bootstrap.servers = [PLAINTEXT://localhost:32769]
	client.dns.lookup = use_all_dns_ips
	client.id = 
	connections.max.idle.ms = 10000
	default.api.timeout.ms = 60000
	enable.metrics.push = true
	metadata.max.age.ms = 300000
	metadata.recovery.strategy = none
	metric.reporters = []
	metrics.num.samples = 2
	metrics.recording.level = INFO
	metrics.sample.window.ms = 30000
	receive.buffer.bytes = 65536
	reconnect.backoff.max.ms = 1000
	reconnect.backoff.ms = 50
	request.timeout.ms = 5000
	retries = 2147483647
	retry.backoff.max.ms = 1000
	retry.backoff.ms = 100
	sasl.client.callback.handler.class = null
	sasl.jaas.config = null
	sasl.kerberos.kinit.cmd = /usr/bin/kinit
	sasl.kerberos.min.time.before.relogin = 60000
	sasl.kerberos.service.name = null
	sasl.kerberos.ticket.renew.jitter = 0.05
	sasl.kerberos.ticket.renew.window.factor = 0.8
	sasl.login.callback.handler.class = null
	sasl.login.class = null
	sasl.login.connect.timeout.ms = null
	sasl.login.read.timeout.ms = null
	sasl.login.refresh.buffer.seconds = 300
	sasl.login.refresh.min.period.seconds = 60
	sasl.login.refresh.window.factor = 0.8
	sasl.login.refresh.window.jitter = 0.05
	sasl.login.retry.backoff.max.ms = 10000
	sasl.login.retry.backoff.ms = 100
	sasl.mechanism = GSSAPI
	sasl.oauthbearer.clock.skew.seconds = 30
	sasl.oauthbearer.expected.audience = null
	sasl.oauthbearer.expected.issuer = null
	sasl.oauthbearer.header.urlencode = false
	sasl.oauthbearer.jwks.endpoint.refresh.ms = 3600000
	sasl.oauthbearer.jwks.endpoint.retry.backoff.max.ms = 10000
	sasl.oauthbearer.jwks.endpoint.retry.backoff.ms = 100
	sasl.oauthbearer.jwks.endpoint.url = null
	sasl.oauthbearer.scope.claim.name = scope
	sasl.oauthbearer.sub.claim.name = sub
	sasl.oauthbearer.token.endpoint.url = null
	security.protocol = PLAINTEXT
	security.providers = null
	send.buffer.bytes = 131072
	socket.connection.setup.timeout.max.ms = 30000
	socket.connection.setup.timeout.ms = 10000
	ssl.cipher.suites = null
	ssl.enabled.protocols = [TLSv1.2, TLSv1.3]
	ssl.endpoint.identification.algorithm = https
	ssl.engine.factory.class = null
	ssl.key.password = null
	ssl.keymanager.algorithm = SunX509
	ssl.keystore.certificate.chain = null
	ssl.keystore.key = null
	ssl.keystore.location = null
	ssl.keystore.password = null
	ssl.keystore.type = JKS
	ssl.protocol = TLSv1.3
	ssl.provider = null
	ssl.secure.random.implementation = null
	ssl.trustmanager.algorithm = PKIX
	ssl.truststore.certificates = null
	ssl.truststore.location = null
	ssl.truststore.password = null
	ssl.truststore.type = JKS

2025-08-12 17:20:29,052 INFO  [org.apa.kaf.com.uti.AppInfoParser] (main) Kafka version: 3.9.1
2025-08-12 17:20:29,052 INFO  [org.apa.kaf.com.uti.AppInfoParser] (main) Kafka commitId: f745dfdcee2b9851
2025-08-12 17:20:29,052 INFO  [org.apa.kaf.com.uti.AppInfoParser] (main) Kafka startTimeMs: 1755019229050
**** Registry Base URL: http://registry-app-inmemory.apps.ci419.apicurio-testing.org:80
2025-08-12 17:20:29,118 INFO  [org.apa.kaf.cli.pro.ProducerConfig] (main) ProducerConfig values: 
	acks = -1
	auto.include.jmx.reporter = true
	batch.size = 16384
	bootstrap.servers = [PLAINTEXT://localhost:32769]
	buffer.memory = 33554432
	client.dns.lookup = use_all_dns_ips
	client.id = Producer-topic-b5325bb2_0963_4f4b_a655_990f0fd579ff
	compression.gzip.level = -1
	compression.lz4.level = 9
	compression.type = none
	compression.zstd.level = 3
	connections.max.idle.ms = 10000
	delivery.timeout.ms = 120000
	enable.idempotence = true
	enable.metrics.push = true
	interceptor.classes = []
	key.serializer = class org.apache.kafka.common.serialization.StringSerializer
	linger.ms = 0
	max.block.ms = 60000
	max.in.flight.requests.per.connection = 5
	max.request.size = 1048576
	metadata.max.age.ms = 300000
	metadata.max.idle.ms = 300000
	metadata.recovery.strategy = none
	metric.reporters = []
	metrics.num.samples = 2
	metrics.recording.level = INFO
	metrics.sample.window.ms = 30000
	partitioner.adaptive.partitioning.enable = true
	partitioner.availability.timeout.ms = 0
	partitioner.class = null
	partitioner.ignore.keys = false
	receive.buffer.bytes = 32768
	reconnect.backoff.max.ms = 1000
	reconnect.backoff.ms = 50
	request.timeout.ms = 5000
	retries = 2147483647
	retry.backoff.max.ms = 1000
	retry.backoff.ms = 100
	sasl.client.callback.handler.class = null
	sasl.jaas.config = null
	sasl.kerberos.kinit.cmd = /usr/bin/kinit
	sasl.kerberos.min.time.before.relogin = 60000
	sasl.kerberos.service.name = null
	sasl.kerberos.ticket.renew.jitter = 0.05
	sasl.kerberos.ticket.renew.window.factor = 0.8
	sasl.login.callback.handler.class = null
	sasl.login.class = null
	sasl.login.connect.timeout.ms = null
	sasl.login.read.timeout.ms = null
	sasl.login.refresh.buffer.seconds = 300
	sasl.login.refresh.min.period.seconds = 60
	sasl.login.refresh.window.factor = 0.8
	sasl.login.refresh.window.jitter = 0.05
	sasl.login.retry.backoff.max.ms = 10000
	sasl.login.retry.backoff.ms = 100
	sasl.mechanism = GSSAPI
	sasl.oauthbearer.clock.skew.seconds = 30
	sasl.oauthbearer.expected.audience = null
	sasl.oauthbearer.expected.issuer = null
	sasl.oauthbearer.header.urlencode = false
	sasl.oauthbearer.jwks.endpoint.refresh.ms = 3600000
	sasl.oauthbearer.jwks.endpoint.retry.backoff.max.ms = 10000
	sasl.oauthbearer.jwks.endpoint.retry.backoff.ms = 100
	sasl.oauthbearer.jwks.endpoint.url = null
	sasl.oauthbearer.scope.claim.name = scope
	sasl.oauthbearer.sub.claim.name = sub
	sasl.oauthbearer.token.endpoint.url = null
	security.protocol = PLAINTEXT
	security.providers = null
	send.buffer.bytes = 131072
	socket.connection.setup.timeout.max.ms = 30000
	socket.connection.setup.timeout.ms = 10000
	ssl.cipher.suites = null
	ssl.enabled.protocols = [TLSv1.2, TLSv1.3]
	ssl.endpoint.identification.algorithm = https
	ssl.engine.factory.class = null
	ssl.key.password = null
	ssl.keymanager.algorithm = SunX509
	ssl.keystore.certificate.chain = null
	ssl.keystore.key = null
	ssl.keystore.location = null
	ssl.keystore.password = null
	ssl.keystore.type = JKS
	ssl.protocol = TLSv1.3
	ssl.provider = null
	ssl.secure.random.implementation = null
	ssl.trustmanager.algorithm = PKIX
	ssl.truststore.certificates = null
	ssl.truststore.location = null
	ssl.truststore.password = null
	ssl.truststore.type = JKS
	transaction.timeout.ms = 60000
	transactional.id = null
	value.serializer = class io.apicurio.registry.serde.avro.AvroKafkaSerializer

2025-08-12 17:20:29,186 INFO  [org.apa.kaf.com.tel.int.KafkaMetricsCollector] (main) initializing Kafka metrics collector
2025-08-12 17:20:29,219 INFO  [org.apa.kaf.cli.pro.KafkaProducer] (main) [Producer clientId=Producer-topic-b5325bb2_0963_4f4b_a655_990f0fd579ff] Instantiated an idempotent producer.
2025-08-12 17:20:29,276 INFO  [org.apa.kaf.cli.pro.ProducerConfig] (main) These configurations '[apicurio.registry.url, apicurio.registry.auto-register, apicurio.registry.use-id, apicurio.registry.artifact-resolver-strategy]' were supplied but are not used yet.
2025-08-12 17:20:29,276 INFO  [org.apa.kaf.com.uti.AppInfoParser] (main) Kafka version: 3.9.1
2025-08-12 17:20:29,277 INFO  [org.apa.kaf.com.uti.AppInfoParser] (main) Kafka commitId: f745dfdcee2b9851
2025-08-12 17:20:29,277 INFO  [org.apa.kaf.com.uti.AppInfoParser] (main) Kafka startTimeMs: 1755019229276
2025-08-12 17:20:29,277 INFO  [io.api.tes.ser.api.SimpleSerdesTesterBuilder$SimpleSerdesTester] (main) Using producer configuration: {apicurio.registry.url=http://registry-app-inmemory.apps.ci419.apicurio-testing.org:80/apis/registry/v3, apicurio.registry.auto-register=true, apicurio.registry.use-id=globalId, apicurio.registry.artifact-resolver-strategy=io.apicurio.registry.serde.strategy.TopicIdStrategy, value.serializer=io.apicurio.registry.serde.avro.AvroKafkaSerializer, request.timeout.ms=5000, acks=all, bootstrap.servers=PLAINTEXT://localhost:32769, connections.max.idle.ms=10000, key.serializer=org.apache.kafka.common.serialization.StringSerializer, client.id=Producer-topic-b5325bb2_0963_4f4b_a655_990f0fd579ff}
2025-08-12 17:20:29,277 INFO  [io.api.tes.ser.api.SimpleSerdesTesterBuilder$SimpleSerdesTester] (main) Using consumer configuration: {apicurio.registry.use-id=globalId}
2025-08-12 17:20:29,283 INFO  [io.api.tes.ser.api.KafkaSerdesTester] (Thread-600) Sending message {"key11755019229088": "value-0"} to topic topic-b5325bb2_0963_4f4b_a655_990f0fd579ff
2025-08-12 17:20:29,707 WARN  [org.apa.kaf.cli.NetworkClient] (kafka-producer-network-thread | Producer-topic-b5325bb2_0963_4f4b_a655_990f0fd579ff) [Producer clientId=Producer-topic-b5325bb2_0963_4f4b_a655_990f0fd579ff] The metadata response from the cluster reported a recoverable issue with correlation id 1 : {topic-b5325bb2_0963_4f4b_a655_990f0fd579ff=UNKNOWN_TOPIC_OR_PARTITION}
2025-08-12 17:20:29,711 INFO  [org.apa.kaf.cli.Metadata] (kafka-producer-network-thread | Producer-topic-b5325bb2_0963_4f4b_a655_990f0fd579ff) [Producer clientId=Producer-topic-b5325bb2_0963_4f4b_a655_990f0fd579ff] Cluster ID: Ursznb63T6OTazTEUvngGA
2025-08-12 17:20:29,841 INFO  [org.apa.kaf.cli.pro.int.TransactionManager] (kafka-producer-network-thread | Producer-topic-b5325bb2_0963_4f4b_a655_990f0fd579ff) [Producer clientId=Producer-topic-b5325bb2_0963_4f4b_a655_990f0fd579ff] ProducerId set to 0 with epoch 0
2025-08-12 17:20:30,083 INFO  [io.api.tes.ser.api.KafkaSerdesTester] (Thread-600) Sending message {"key11755019229088": "value-1"} to topic topic-b5325bb2_0963_4f4b_a655_990f0fd579ff
2025-08-12 17:20:30,093 INFO  [io.api.tes.ser.api.KafkaSerdesTester] (Thread-600) Sending message {"key11755019229088": "value-2"} to topic topic-b5325bb2_0963_4f4b_a655_990f0fd579ff
2025-08-12 17:20:30,099 INFO  [io.api.tes.ser.api.KafkaSerdesTester] (Thread-600) Sending message {"key11755019229088": "value-3"} to topic topic-b5325bb2_0963_4f4b_a655_990f0fd579ff
2025-08-12 17:20:30,103 INFO  [io.api.tes.ser.api.KafkaSerdesTester] (Thread-600) Sending message {"key11755019229088": "value-4"} to topic topic-b5325bb2_0963_4f4b_a655_990f0fd579ff
2025-08-12 17:20:30,107 INFO  [io.api.tes.ser.api.KafkaSerdesTester] (Thread-600) Sending message {"key11755019229088": "value-5"} to topic topic-b5325bb2_0963_4f4b_a655_990f0fd579ff
2025-08-12 17:20:30,115 INFO  [io.api.tes.ser.api.KafkaSerdesTester] (Thread-600) Sending message {"key11755019229088": "value-6"} to topic topic-b5325bb2_0963_4f4b_a655_990f0fd579ff
2025-08-12 17:20:30,126 INFO  [io.api.tes.ser.api.KafkaSerdesTester] (Thread-600) Sending message {"key11755019229088": "value-7"} to topic topic-b5325bb2_0963_4f4b_a655_990f0fd579ff
2025-08-12 17:20:30,133 INFO  [io.api.tes.ser.api.KafkaSerdesTester] (Thread-600) Sending message {"key11755019229088": "value-8"} to topic topic-b5325bb2_0963_4f4b_a655_990f0fd579ff
2025-08-12 17:20:30,142 INFO  [io.api.tes.ser.api.KafkaSerdesTester] (Thread-600) Sending message {"key11755019229088": "value-9"} to topic topic-b5325bb2_0963_4f4b_a655_990f0fd579ff
2025-08-12 17:20:30,149 INFO  [io.api.tes.ser.api.KafkaSerdesTester] (Thread-600) Produced 10 messages
2025-08-12 17:20:30,149 INFO  [org.apa.kaf.cli.pro.KafkaProducer] (Thread-600) [Producer clientId=Producer-topic-b5325bb2_0963_4f4b_a655_990f0fd579ff] Closing the Kafka producer with timeoutMillis = 9223372036854775807 ms.
2025-08-12 17:20:30,160 INFO  [org.apa.kaf.com.met.Metrics] (Thread-600) Metrics scheduler closed
2025-08-12 17:20:30,160 INFO  [org.apa.kaf.com.met.Metrics] (Thread-600) Closing reporter org.apache.kafka.common.metrics.JmxReporter
2025-08-12 17:20:30,160 INFO  [org.apa.kaf.com.met.Metrics] (Thread-600) Closing reporter org.apache.kafka.common.telemetry.internals.ClientTelemetryReporter
2025-08-12 17:20:30,160 INFO  [org.apa.kaf.com.met.Metrics] (Thread-600) Metrics reporters closed
2025-08-12 17:20:30,163 INFO  [org.apa.kaf.com.uti.AppInfoParser] (Thread-600) App info kafka.producer for Producer-topic-b5325bb2_0963_4f4b_a655_990f0fd579ff unregistered
**** Registry Base URL: http://registry-app-inmemory.apps.ci419.apicurio-testing.org:80
2025-08-12 17:20:30,318 INFO  [org.apa.kaf.cli.con.ConsumerConfig] (main) ConsumerConfig values: 
	allow.auto.create.topics = true
	auto.commit.interval.ms = 500
	auto.include.jmx.reporter = true
	auto.offset.reset = earliest
	bootstrap.servers = [PLAINTEXT://localhost:32769]
	check.crcs = true
	client.dns.lookup = use_all_dns_ips
	client.id = consumer-Consumer-topic-b5325bb2_0963_4f4b_a655_990f0fd579ff-1
	client.rack = 
	connections.max.idle.ms = 10000
	default.api.timeout.ms = 60000
	enable.auto.commit = true
	enable.metrics.push = true
	exclude.internal.topics = true
	fetch.max.bytes = 52428800
	fetch.max.wait.ms = 500
	fetch.min.bytes = 1
	group.id = Consumer-topic-b5325bb2_0963_4f4b_a655_990f0fd579ff
	group.instance.id = null
	group.protocol = classic
	group.remote.assignor = null
	heartbeat.interval.ms = 3000
	interceptor.classes = []
	internal.leave.group.on.close = true
	internal.throw.on.fetch.stable.offset.unsupported = false
	isolation.level = read_uncommitted
	key.deserializer = class org.apache.kafka.common.serialization.StringDeserializer
	max.partition.fetch.bytes = 1048576
	max.poll.interval.ms = 300000
	max.poll.records = 500
	metadata.max.age.ms = 300000
	metadata.recovery.strategy = none
	metric.reporters = []
	metrics.num.samples = 2
	metrics.recording.level = INFO
	metrics.sample.window.ms = 30000
	partition.assignment.strategy = [class org.apache.kafka.clients.consumer.RangeAssignor, class org.apache.kafka.clients.consumer.CooperativeStickyAssignor]
	receive.buffer.bytes = 65536
	reconnect.backoff.max.ms = 1000
	reconnect.backoff.ms = 50
	request.timeout.ms = 5000
	retry.backoff.max.ms = 1000
	retry.backoff.ms = 100
	sasl.client.callback.handler.class = null
	sasl.jaas.config = null
	sasl.kerberos.kinit.cmd = /usr/bin/kinit
	sasl.kerberos.min.time.before.relogin = 60000
	sasl.kerberos.service.name = null
	sasl.kerberos.ticket.renew.jitter = 0.05
	sasl.kerberos.ticket.renew.window.factor = 0.8
	sasl.login.callback.handler.class = null
	sasl.login.class = null
	sasl.login.connect.timeout.ms = null
	sasl.login.read.timeout.ms = null
	sasl.login.refresh.buffer.seconds = 300
	sasl.login.refresh.min.period.seconds = 60
	sasl.login.refresh.window.factor = 0.8
	sasl.login.refresh.window.jitter = 0.05
	sasl.login.retry.backoff.max.ms = 10000
	sasl.login.retry.backoff.ms = 100
	sasl.mechanism = GSSAPI
	sasl.oauthbearer.clock.skew.seconds = 30
	sasl.oauthbearer.expected.audience = null
	sasl.oauthbearer.expected.issuer = null
	sasl.oauthbearer.header.urlencode = false
	sasl.oauthbearer.jwks.endpoint.refresh.ms = 3600000
	sasl.oauthbearer.jwks.endpoint.retry.backoff.max.ms = 10000
	sasl.oauthbearer.jwks.endpoint.retry.backoff.ms = 100
	sasl.oauthbearer.jwks.endpoint.url = null
	sasl.oauthbearer.scope.claim.name = scope
	sasl.oauthbearer.sub.claim.name = sub
	sasl.oauthbearer.token.endpoint.url = null
	security.protocol = PLAINTEXT
	security.providers = null
	send.buffer.bytes = 131072
	session.timeout.ms = 45000
	socket.connection.setup.timeout.max.ms = 30000
	socket.connection.setup.timeout.ms = 10000
	ssl.cipher.suites = null
	ssl.enabled.protocols = [TLSv1.2, TLSv1.3]
	ssl.endpoint.identification.algorithm = https
	ssl.engine.factory.class = null
	ssl.key.password = null
	ssl.keymanager.algorithm = SunX509
	ssl.keystore.certificate.chain = null
	ssl.keystore.key = null
	ssl.keystore.location = null
	ssl.keystore.password = null
	ssl.keystore.type = JKS
	ssl.protocol = TLSv1.3
	ssl.provider = null
	ssl.secure.random.implementation = null
	ssl.trustmanager.algorithm = PKIX
	ssl.truststore.certificates = null
	ssl.truststore.location = null
	ssl.truststore.password = null
	ssl.truststore.type = JKS
	value.deserializer = class io.apicurio.registry.serde.avro.AvroKafkaDeserializer

2025-08-12 17:20:30,327 INFO  [org.apa.kaf.com.tel.int.KafkaMetricsCollector] (main) initializing Kafka metrics collector
2025-08-12 17:20:30,374 INFO  [org.apa.kaf.cli.con.ConsumerConfig] (main) These configurations '[apicurio.registry.url, apicurio.registry.use-id]' were supplied but are not used yet.
2025-08-12 17:20:30,375 INFO  [org.apa.kaf.com.uti.AppInfoParser] (main) Kafka version: 3.9.1
2025-08-12 17:20:30,375 INFO  [org.apa.kaf.com.uti.AppInfoParser] (main) Kafka commitId: f745dfdcee2b9851
2025-08-12 17:20:30,376 INFO  [org.apa.kaf.com.uti.AppInfoParser] (main) Kafka startTimeMs: 1755019230375
2025-08-12 17:20:30,379 INFO  [org.apa.kaf.cli.con.int.ClassicKafkaConsumer] (Thread-603) [Consumer clientId=consumer-Consumer-topic-b5325bb2_0963_4f4b_a655_990f0fd579ff-1, groupId=Consumer-topic-b5325bb2_0963_4f4b_a655_990f0fd579ff] Subscribed to topic(s): topic-b5325bb2_0963_4f4b_a655_990f0fd579ff
2025-08-12 17:20:30,395 INFO  [org.apa.kaf.cli.Metadata] (Thread-603) [Consumer clientId=consumer-Consumer-topic-b5325bb2_0963_4f4b_a655_990f0fd579ff-1, groupId=Consumer-topic-b5325bb2_0963_4f4b_a655_990f0fd579ff] Cluster ID: Ursznb63T6OTazTEUvngGA
2025-08-12 17:20:30,537 INFO  [org.apa.kaf.cli.con.int.ConsumerCoordinator] (Thread-603) [Consumer clientId=consumer-Consumer-topic-b5325bb2_0963_4f4b_a655_990f0fd579ff-1, groupId=Consumer-topic-b5325bb2_0963_4f4b_a655_990f0fd579ff] Discovered group coordinator localhost:32769 (id: 2147483647 rack: null)
2025-08-12 17:20:30,556 INFO  [org.apa.kaf.cli.con.int.ConsumerCoordinator] (Thread-603) [Consumer clientId=consumer-Consumer-topic-b5325bb2_0963_4f4b_a655_990f0fd579ff-1, groupId=Consumer-topic-b5325bb2_0963_4f4b_a655_990f0fd579ff] (Re-)joining group
2025-08-12 17:20:30,617 INFO  [org.apa.kaf.cli.con.int.ConsumerCoordinator] (Thread-603) [Consumer clientId=consumer-Consumer-topic-b5325bb2_0963_4f4b_a655_990f0fd579ff-1, groupId=Consumer-topic-b5325bb2_0963_4f4b_a655_990f0fd579ff] Group coordinator localhost:32769 (id: 2147483647 rack: null) is unavailable or invalid due to cause: error response NOT_COORDINATOR. isDisconnected: false. Rediscovery will be attempted.
2025-08-12 17:20:30,617 INFO  [org.apa.kaf.cli.con.int.ConsumerCoordinator] (Thread-603) [Consumer clientId=consumer-Consumer-topic-b5325bb2_0963_4f4b_a655_990f0fd579ff-1, groupId=Consumer-topic-b5325bb2_0963_4f4b_a655_990f0fd579ff] Requesting disconnect from last known coordinator localhost:32769 (id: 2147483647 rack: null)
2025-08-12 17:20:30,617 INFO  [org.apa.kaf.cli.con.int.ConsumerCoordinator] (Thread-603) [Consumer clientId=consumer-Consumer-topic-b5325bb2_0963_4f4b_a655_990f0fd579ff-1, groupId=Consumer-topic-b5325bb2_0963_4f4b_a655_990f0fd579ff] JoinGroup failed: This is not the correct coordinator. Marking coordinator unknown. Sent generation was Generation{generationId=-1, memberId='', protocol='null'}
2025-08-12 17:20:30,617 INFO  [org.apa.kaf.cli.NetworkClient] (Thread-603) [Consumer clientId=consumer-Consumer-topic-b5325bb2_0963_4f4b_a655_990f0fd579ff-1, groupId=Consumer-topic-b5325bb2_0963_4f4b_a655_990f0fd579ff] Client requested disconnect from node 2147483647
2025-08-12 17:20:30,625 INFO  [org.apa.kaf.cli.con.int.ConsumerCoordinator] (Thread-603) [Consumer clientId=consumer-Consumer-topic-b5325bb2_0963_4f4b_a655_990f0fd579ff-1, groupId=Consumer-topic-b5325bb2_0963_4f4b_a655_990f0fd579ff] Discovered group coordinator localhost:32769 (id: 2147483647 rack: null)
2025-08-12 17:20:30,628 INFO  [org.apa.kaf.cli.con.int.ConsumerCoordinator] (Thread-603) [Consumer clientId=consumer-Consumer-topic-b5325bb2_0963_4f4b_a655_990f0fd579ff-1, groupId=Consumer-topic-b5325bb2_0963_4f4b_a655_990f0fd579ff] Group coordinator localhost:32769 (id: 2147483647 rack: null) is unavailable or invalid due to cause: coordinator unavailable. isDisconnected: false. Rediscovery will be attempted.
2025-08-12 17:20:30,628 INFO  [org.apa.kaf.cli.con.int.ConsumerCoordinator] (Thread-603) [Consumer clientId=consumer-Consumer-topic-b5325bb2_0963_4f4b_a655_990f0fd579ff-1, groupId=Consumer-topic-b5325bb2_0963_4f4b_a655_990f0fd579ff] Requesting disconnect from last known coordinator localhost:32769 (id: 2147483647 rack: null)
2025-08-12 17:20:30,748 INFO  [org.apa.kaf.cli.con.int.ConsumerCoordinator] (Thread-603) [Consumer clientId=consumer-Consumer-topic-b5325bb2_0963_4f4b_a655_990f0fd579ff-1, groupId=Consumer-topic-b5325bb2_0963_4f4b_a655_990f0fd579ff] Discovered group coordinator localhost:32769 (id: 2147483647 rack: null)
2025-08-12 17:20:30,749 INFO  [org.apa.kaf.cli.con.int.ConsumerCoordinator] (Thread-603) [Consumer clientId=consumer-Consumer-topic-b5325bb2_0963_4f4b_a655_990f0fd579ff-1, groupId=Consumer-topic-b5325bb2_0963_4f4b_a655_990f0fd579ff] Request joining group due to: rebalance failed due to 'This is not the correct coordinator.' (NotCoordinatorException)
2025-08-12 17:20:30,750 INFO  [org.apa.kaf.cli.con.int.ConsumerCoordinator] (Thread-603) [Consumer clientId=consumer-Consumer-topic-b5325bb2_0963_4f4b_a655_990f0fd579ff-1, groupId=Consumer-topic-b5325bb2_0963_4f4b_a655_990f0fd579ff] (Re-)joining group
2025-08-12 17:20:30,759 INFO  [org.apa.kaf.cli.con.int.ConsumerCoordinator] (Thread-603) [Consumer clientId=consumer-Consumer-topic-b5325bb2_0963_4f4b_a655_990f0fd579ff-1, groupId=Consumer-topic-b5325bb2_0963_4f4b_a655_990f0fd579ff] Group coordinator localhost:32769 (id: 2147483647 rack: null) is unavailable or invalid due to cause: error response NOT_COORDINATOR. isDisconnected: false. Rediscovery will be attempted.
2025-08-12 17:20:30,759 INFO  [org.apa.kaf.cli.con.int.ConsumerCoordinator] (Thread-603) [Consumer clientId=consumer-Consumer-topic-b5325bb2_0963_4f4b_a655_990f0fd579ff-1, groupId=Consumer-topic-b5325bb2_0963_4f4b_a655_990f0fd579ff] Requesting disconnect from last known coordinator localhost:32769 (id: 2147483647 rack: null)
2025-08-12 17:20:30,759 INFO  [org.apa.kaf.cli.con.int.ConsumerCoordinator] (Thread-603) [Consumer clientId=consumer-Consumer-topic-b5325bb2_0963_4f4b_a655_990f0fd579ff-1, groupId=Consumer-topic-b5325bb2_0963_4f4b_a655_990f0fd579ff] JoinGroup failed: This is not the correct coordinator. Marking coordinator unknown. Sent generation was Generation{generationId=-1, memberId='', protocol='null'}
2025-08-12 17:20:30,759 INFO  [org.apa.kaf.cli.NetworkClient] (Thread-603) [Consumer clientId=consumer-Consumer-topic-b5325bb2_0963_4f4b_a655_990f0fd579ff-1, groupId=Consumer-topic-b5325bb2_0963_4f4b_a655_990f0fd579ff] Client requested disconnect from node 2147483647
2025-08-12 17:20:30,764 INFO  [org.apa.kaf.cli.con.int.ConsumerCoordinator] (Thread-603) [Consumer clientId=consumer-Consumer-topic-b5325bb2_0963_4f4b_a655_990f0fd579ff-1, groupId=Consumer-topic-b5325bb2_0963_4f4b_a655_990f0fd579ff] Discovered group coordinator localhost:32769 (id: 2147483647 rack: null)
2025-08-12 17:20:30,765 INFO  [org.apa.kaf.cli.con.int.ConsumerCoordinator] (Thread-603) [Consumer clientId=consumer-Consumer-topic-b5325bb2_0963_4f4b_a655_990f0fd579ff-1, groupId=Consumer-topic-b5325bb2_0963_4f4b_a655_990f0fd579ff] Group coordinator localhost:32769 (id: 2147483647 rack: null) is unavailable or invalid due to cause: coordinator unavailable. isDisconnected: false. Rediscovery will be attempted.
2025-08-12 17:20:30,765 INFO  [org.apa.kaf.cli.con.int.ConsumerCoordinator] (Thread-603) [Consumer clientId=consumer-Consumer-topic-b5325bb2_0963_4f4b_a655_990f0fd579ff-1, groupId=Consumer-topic-b5325bb2_0963_4f4b_a655_990f0fd579ff] Requesting disconnect from last known coordinator localhost:32769 (id: 2147483647 rack: null)
2025-08-12 17:20:30,890 INFO  [org.apa.kaf.cli.con.int.ConsumerCoordinator] (Thread-603) [Consumer clientId=consumer-Consumer-topic-b5325bb2_0963_4f4b_a655_990f0fd579ff-1, groupId=Consumer-topic-b5325bb2_0963_4f4b_a655_990f0fd579ff] Discovered group coordinator localhost:32769 (id: 2147483647 rack: null)
2025-08-12 17:20:30,892 INFO  [org.apa.kaf.cli.con.int.ConsumerCoordinator] (Thread-603) [Consumer clientId=consumer-Consumer-topic-b5325bb2_0963_4f4b_a655_990f0fd579ff-1, groupId=Consumer-topic-b5325bb2_0963_4f4b_a655_990f0fd579ff] Request joining group due to: rebalance failed due to 'This is not the correct coordinator.' (NotCoordinatorException)
2025-08-12 17:20:30,893 INFO  [org.apa.kaf.cli.con.int.ConsumerCoordinator] (Thread-603) [Consumer clientId=consumer-Consumer-topic-b5325bb2_0963_4f4b_a655_990f0fd579ff-1, groupId=Consumer-topic-b5325bb2_0963_4f4b_a655_990f0fd579ff] (Re-)joining group
2025-08-12 17:20:30,902 INFO  [org.apa.kaf.cli.con.int.ConsumerCoordinator] (Thread-603) [Consumer clientId=consumer-Consumer-topic-b5325bb2_0963_4f4b_a655_990f0fd579ff-1, groupId=Consumer-topic-b5325bb2_0963_4f4b_a655_990f0fd579ff] Group coordinator localhost:32769 (id: 2147483647 rack: null) is unavailable or invalid due to cause: error response NOT_COORDINATOR. isDisconnected: false. Rediscovery will be attempted.
2025-08-12 17:20:30,902 INFO  [org.apa.kaf.cli.con.int.ConsumerCoordinator] (Thread-603) [Consumer clientId=consumer-Consumer-topic-b5325bb2_0963_4f4b_a655_990f0fd579ff-1, groupId=Consumer-topic-b5325bb2_0963_4f4b_a655_990f0fd579ff] Requesting disconnect from last known coordinator localhost:32769 (id: 2147483647 rack: null)
2025-08-12 17:20:30,902 INFO  [org.apa.kaf.cli.con.int.ConsumerCoordinator] (Thread-603) [Consumer clientId=consumer-Consumer-topic-b5325bb2_0963_4f4b_a655_990f0fd579ff-1, groupId=Consumer-topic-b5325bb2_0963_4f4b_a655_990f0fd579ff] JoinGroup failed: This is not the correct coordinator. Marking coordinator unknown. Sent generation was Generation{generationId=-1, memberId='', protocol='null'}
2025-08-12 17:20:30,903 INFO  [org.apa.kaf.cli.NetworkClient] (Thread-603) [Consumer clientId=consumer-Consumer-topic-b5325bb2_0963_4f4b_a655_990f0fd579ff-1, groupId=Consumer-topic-b5325bb2_0963_4f4b_a655_990f0fd579ff] Client requested disconnect from node 2147483647
2025-08-12 17:20:30,911 INFO  [org.apa.kaf.cli.con.int.ConsumerCoordinator] (Thread-603) [Consumer clientId=consumer-Consumer-topic-b5325bb2_0963_4f4b_a655_990f0fd579ff-1, groupId=Consumer-topic-b5325bb2_0963_4f4b_a655_990f0fd579ff] Discovered group coordinator localhost:32769 (id: 2147483647 rack: null)
2025-08-12 17:20:30,913 INFO  [org.apa.kaf.cli.con.int.ConsumerCoordinator] (Thread-603) [Consumer clientId=consumer-Consumer-topic-b5325bb2_0963_4f4b_a655_990f0fd579ff-1, groupId=Consumer-topic-b5325bb2_0963_4f4b_a655_990f0fd579ff] Group coordinator localhost:32769 (id: 2147483647 rack: null) is unavailable or invalid due to cause: coordinator unavailable. isDisconnected: false. Rediscovery will be attempted.
2025-08-12 17:20:30,913 INFO  [org.apa.kaf.cli.con.int.ConsumerCoordinator] (Thread-603) [Consumer clientId=consumer-Consumer-topic-b5325bb2_0963_4f4b_a655_990f0fd579ff-1, groupId=Consumer-topic-b5325bb2_0963_4f4b_a655_990f0fd579ff] Requesting disconnect from last known coordinator localhost:32769 (id: 2147483647 rack: null)
2025-08-12 17:20:30,999 INFO  [org.apa.kaf.cli.con.int.ConsumerCoordinator] (Thread-603) [Consumer clientId=consumer-Consumer-topic-b5325bb2_0963_4f4b_a655_990f0fd579ff-1, groupId=Consumer-topic-b5325bb2_0963_4f4b_a655_990f0fd579ff] Discovered group coordinator localhost:32769 (id: 2147483647 rack: null)
2025-08-12 17:20:31,001 INFO  [org.apa.kaf.cli.con.int.ConsumerCoordinator] (Thread-603) [Consumer clientId=consumer-Consumer-topic-b5325bb2_0963_4f4b_a655_990f0fd579ff-1, groupId=Consumer-topic-b5325bb2_0963_4f4b_a655_990f0fd579ff] Request joining group due to: rebalance failed due to 'This is not the correct coordinator.' (NotCoordinatorException)
2025-08-12 17:20:31,001 INFO  [org.apa.kaf.cli.con.int.ConsumerCoordinator] (Thread-603) [Consumer clientId=consumer-Consumer-topic-b5325bb2_0963_4f4b_a655_990f0fd579ff-1, groupId=Consumer-topic-b5325bb2_0963_4f4b_a655_990f0fd579ff] (Re-)joining group
2025-08-12 17:20:31,008 INFO  [org.apa.kaf.cli.con.int.ConsumerCoordinator] (Thread-603) [Consumer clientId=consumer-Consumer-topic-b5325bb2_0963_4f4b_a655_990f0fd579ff-1, groupId=Consumer-topic-b5325bb2_0963_4f4b_a655_990f0fd579ff] Group coordinator localhost:32769 (id: 2147483647 rack: null) is unavailable or invalid due to cause: error response NOT_COORDINATOR. isDisconnected: false. Rediscovery will be attempted.
2025-08-12 17:20:31,008 INFO  [org.apa.kaf.cli.con.int.ConsumerCoordinator] (Thread-603) [Consumer clientId=consumer-Consumer-topic-b5325bb2_0963_4f4b_a655_990f0fd579ff-1, groupId=Consumer-topic-b5325bb2_0963_4f4b_a655_990f0fd579ff] Requesting disconnect from last known coordinator localhost:32769 (id: 2147483647 rack: null)
2025-08-12 17:20:31,008 INFO  [org.apa.kaf.cli.con.int.ConsumerCoordinator] (Thread-603) [Consumer clientId=consumer-Consumer-topic-b5325bb2_0963_4f4b_a655_990f0fd579ff-1, groupId=Consumer-topic-b5325bb2_0963_4f4b_a655_990f0fd579ff] JoinGroup failed: This is not the correct coordinator. Marking coordinator unknown. Sent generation was Generation{generationId=-1, memberId='', protocol='null'}
2025-08-12 17:20:31,008 INFO  [org.apa.kaf.cli.NetworkClient] (Thread-603) [Consumer clientId=consumer-Consumer-topic-b5325bb2_0963_4f4b_a655_990f0fd579ff-1, groupId=Consumer-topic-b5325bb2_0963_4f4b_a655_990f0fd579ff] Client requested disconnect from node 2147483647
2025-08-12 17:20:31,015 INFO  [org.apa.kaf.cli.con.int.ConsumerCoordinator] (Thread-603) [Consumer clientId=consumer-Consumer-topic-b5325bb2_0963_4f4b_a655_990f0fd579ff-1, groupId=Consumer-topic-b5325bb2_0963_4f4b_a655_990f0fd579ff] Discovered group coordinator localhost:32769 (id: 2147483647 rack: null)
2025-08-12 17:20:31,016 INFO  [org.apa.kaf.cli.con.int.ConsumerCoordinator] (Thread-603) [Consumer clientId=consumer-Consumer-topic-b5325bb2_0963_4f4b_a655_990f0fd579ff-1, groupId=Consumer-topic-b5325bb2_0963_4f4b_a655_990f0fd579ff] Group coordinator localhost:32769 (id: 2147483647 rack: null) is unavailable or invalid due to cause: coordinator unavailable. isDisconnected: false. Rediscovery will be attempted.
2025-08-12 17:20:31,016 INFO  [org.apa.kaf.cli.con.int.ConsumerCoordinator] (Thread-603) [Consumer clientId=consumer-Consumer-topic-b5325bb2_0963_4f4b_a655_990f0fd579ff-1, groupId=Consumer-topic-b5325bb2_0963_4f4b_a655_990f0fd579ff] Requesting disconnect from last known coordinator localhost:32769 (id: 2147483647 rack: null)
2025-08-12 17:20:31,111 INFO  [org.apa.kaf.cli.con.int.ConsumerCoordinator] (Thread-603) [Consumer clientId=consumer-Consumer-topic-b5325bb2_0963_4f4b_a655_990f0fd579ff-1, groupId=Consumer-topic-b5325bb2_0963_4f4b_a655_990f0fd579ff] Discovered group coordinator localhost:32769 (id: 2147483647 rack: null)
2025-08-12 17:20:31,112 INFO  [org.apa.kaf.cli.con.int.ConsumerCoordinator] (Thread-603) [Consumer clientId=consumer-Consumer-topic-b5325bb2_0963_4f4b_a655_990f0fd579ff-1, groupId=Consumer-topic-b5325bb2_0963_4f4b_a655_990f0fd579ff] Request joining group due to: rebalance failed due to 'This is not the correct coordinator.' (NotCoordinatorException)
2025-08-12 17:20:31,113 INFO  [org.apa.kaf.cli.con.int.ConsumerCoordinator] (Thread-603) [Consumer clientId=consumer-Consumer-topic-b5325bb2_0963_4f4b_a655_990f0fd579ff-1, groupId=Consumer-topic-b5325bb2_0963_4f4b_a655_990f0fd579ff] (Re-)joining group
2025-08-12 17:20:31,122 INFO  [org.apa.kaf.cli.con.int.ConsumerCoordinator] (Thread-603) [Consumer clientId=consumer-Consumer-topic-b5325bb2_0963_4f4b_a655_990f0fd579ff-1, groupId=Consumer-topic-b5325bb2_0963_4f4b_a655_990f0fd579ff] Request joining group due to: need to re-join with the given member-id: consumer-Consumer-topic-b5325bb2_0963_4f4b_a655_990f0fd579ff-1-ba7f005d-5381-4cc0-9d3a-386572137bca
2025-08-12 17:20:31,122 INFO  [org.apa.kaf.cli.con.int.ConsumerCoordinator] (Thread-603) [Consumer clientId=consumer-Consumer-topic-b5325bb2_0963_4f4b_a655_990f0fd579ff-1, groupId=Consumer-topic-b5325bb2_0963_4f4b_a655_990f0fd579ff] (Re-)joining group
2025-08-12 17:20:31,380 INFO  [io.api.tes.ser.api.KafkaSerdesTester] (Thread-603) None found
2025-08-12 17:20:32,380 INFO  [io.api.tes.ser.api.KafkaSerdesTester] (Thread-603) None found
2025-08-12 17:20:33,380 INFO  [io.api.tes.ser.api.KafkaSerdesTester] (Thread-603) None found
2025-08-12 17:20:34,144 INFO  [org.apa.kaf.cli.con.int.ConsumerCoordinator] (Thread-603) [Consumer clientId=consumer-Consumer-topic-b5325bb2_0963_4f4b_a655_990f0fd579ff-1, groupId=Consumer-topic-b5325bb2_0963_4f4b_a655_990f0fd579ff] Successfully joined group with generation Generation{generationId=1, memberId='consumer-Consumer-topic-b5325bb2_0963_4f4b_a655_990f0fd579ff-1-ba7f005d-5381-4cc0-9d3a-386572137bca', protocol='range'}
2025-08-12 17:20:34,160 INFO  [org.apa.kaf.cli.con.int.ConsumerCoordinator] (Thread-603) [Consumer clientId=consumer-Consumer-topic-b5325bb2_0963_4f4b_a655_990f0fd579ff-1, groupId=Consumer-topic-b5325bb2_0963_4f4b_a655_990f0fd579ff] Finished assignment for group at generation 1: {consumer-Consumer-topic-b5325bb2_0963_4f4b_a655_990f0fd579ff-1-ba7f005d-5381-4cc0-9d3a-386572137bca=Assignment(partitions=[topic-b5325bb2_0963_4f4b_a655_990f0fd579ff-0])}
2025-08-12 17:20:34,181 INFO  [org.apa.kaf.cli.con.int.ConsumerCoordinator] (Thread-603) [Consumer clientId=consumer-Consumer-topic-b5325bb2_0963_4f4b_a655_990f0fd579ff-1, groupId=Consumer-topic-b5325bb2_0963_4f4b_a655_990f0fd579ff] Successfully synced group in generation Generation{generationId=1, memberId='consumer-Consumer-topic-b5325bb2_0963_4f4b_a655_990f0fd579ff-1-ba7f005d-5381-4cc0-9d3a-386572137bca', protocol='range'}
2025-08-12 17:20:34,182 INFO  [org.apa.kaf.cli.con.int.ConsumerCoordinator] (Thread-603) [Consumer clientId=consumer-Consumer-topic-b5325bb2_0963_4f4b_a655_990f0fd579ff-1, groupId=Consumer-topic-b5325bb2_0963_4f4b_a655_990f0fd579ff] Notifying assignor about the new Assignment(partitions=[topic-b5325bb2_0963_4f4b_a655_990f0fd579ff-0])
2025-08-12 17:20:34,185 INFO  [org.apa.kaf.cli.con.int.ConsumerRebalanceListenerInvoker] (Thread-603) [Consumer clientId=consumer-Consumer-topic-b5325bb2_0963_4f4b_a655_990f0fd579ff-1, groupId=Consumer-topic-b5325bb2_0963_4f4b_a655_990f0fd579ff] Adding newly assigned partitions: topic-b5325bb2_0963_4f4b_a655_990f0fd579ff-0
2025-08-12 17:20:34,202 INFO  [org.apa.kaf.cli.con.int.ConsumerCoordinator] (Thread-603) [Consumer clientId=consumer-Consumer-topic-b5325bb2_0963_4f4b_a655_990f0fd579ff-1, groupId=Consumer-topic-b5325bb2_0963_4f4b_a655_990f0fd579ff] Found no committed offset for partition topic-b5325bb2_0963_4f4b_a655_990f0fd579ff-0
2025-08-12 17:20:34,217 INFO  [org.apa.kaf.cli.con.int.SubscriptionState] (Thread-603) [Consumer clientId=consumer-Consumer-topic-b5325bb2_0963_4f4b_a655_990f0fd579ff-1, groupId=Consumer-topic-b5325bb2_0963_4f4b_a655_990f0fd579ff] Resetting offset for partition topic-b5325bb2_0963_4f4b_a655_990f0fd579ff-0 to position FetchPosition{offset=0, offsetEpoch=Optional.empty, currentLeader=LeaderAndEpoch{leader=Optional[localhost:32769 (id: 0 rack: null)], epoch=0}}.
2025-08-12 17:20:34,503 INFO  [io.api.tes.ser.api.KafkaSerdesTester] (Thread-603) topic-b5325bb2_0963_4f4b_a655_990f0fd579ff 0 0 {"key11755019229088": "value-0"}
2025-08-12 17:20:34,504 INFO  [io.api.tes.ser.api.KafkaSerdesTester] (Thread-603) topic-b5325bb2_0963_4f4b_a655_990f0fd579ff 0 1 {"key11755019229088": "value-1"}
2025-08-12 17:20:34,504 INFO  [io.api.tes.ser.api.KafkaSerdesTester] (Thread-603) topic-b5325bb2_0963_4f4b_a655_990f0fd579ff 0 2 {"key11755019229088": "value-2"}
2025-08-12 17:20:34,504 INFO  [io.api.tes.ser.api.KafkaSerdesTester] (Thread-603) topic-b5325bb2_0963_4f4b_a655_990f0fd579ff 0 3 {"key11755019229088": "value-3"}
2025-08-12 17:20:34,504 INFO  [io.api.tes.ser.api.KafkaSerdesTester] (Thread-603) topic-b5325bb2_0963_4f4b_a655_990f0fd579ff 0 4 {"key11755019229088": "value-4"}
2025-08-12 17:20:34,504 INFO  [io.api.tes.ser.api.KafkaSerdesTester] (Thread-603) topic-b5325bb2_0963_4f4b_a655_990f0fd579ff 0 5 {"key11755019229088": "value-5"}
2025-08-12 17:20:34,504 INFO  [io.api.tes.ser.api.KafkaSerdesTester] (Thread-603) topic-b5325bb2_0963_4f4b_a655_990f0fd579ff 0 6 {"key11755019229088": "value-6"}
2025-08-12 17:20:34,504 INFO  [io.api.tes.ser.api.KafkaSerdesTester] (Thread-603) topic-b5325bb2_0963_4f4b_a655_990f0fd579ff 0 7 {"key11755019229088": "value-7"}
2025-08-12 17:20:34,505 INFO  [io.api.tes.ser.api.KafkaSerdesTester] (Thread-603) topic-b5325bb2_0963_4f4b_a655_990f0fd579ff 0 8 {"key11755019229088": "value-8"}
2025-08-12 17:20:34,505 INFO  [io.api.tes.ser.api.KafkaSerdesTester] (Thread-603) topic-b5325bb2_0963_4f4b_a655_990f0fd579ff 0 9 {"key11755019229088": "value-9"}
2025-08-12 17:20:34,505 INFO  [io.api.tes.ser.api.KafkaSerdesTester] (Thread-603) Consumed 10 messages
2025-08-12 17:20:34,534 INFO  [org.apa.kaf.cli.con.int.ConsumerRebalanceListenerInvoker] (Thread-603) [Consumer clientId=consumer-Consumer-topic-b5325bb2_0963_4f4b_a655_990f0fd579ff-1, groupId=Consumer-topic-b5325bb2_0963_4f4b_a655_990f0fd579ff] Revoke previously assigned partitions topic-b5325bb2_0963_4f4b_a655_990f0fd579ff-0
2025-08-12 17:20:34,535 INFO  [org.apa.kaf.cli.con.int.ConsumerCoordinator] (Thread-603) [Consumer clientId=consumer-Consumer-topic-b5325bb2_0963_4f4b_a655_990f0fd579ff-1, groupId=Consumer-topic-b5325bb2_0963_4f4b_a655_990f0fd579ff] Member consumer-Consumer-topic-b5325bb2_0963_4f4b_a655_990f0fd579ff-1-ba7f005d-5381-4cc0-9d3a-386572137bca sending LeaveGroup request to coordinator localhost:32769 (id: 2147483647 rack: null) due to the consumer is being closed
2025-08-12 17:20:34,538 INFO  [org.apa.kaf.cli.con.int.ConsumerCoordinator] (Thread-603) [Consumer clientId=consumer-Consumer-topic-b5325bb2_0963_4f4b_a655_990f0fd579ff-1, groupId=Consumer-topic-b5325bb2_0963_4f4b_a655_990f0fd579ff] Resetting generation and member id due to: consumer pro-actively leaving the group
2025-08-12 17:20:34,538 INFO  [org.apa.kaf.cli.con.int.ConsumerCoordinator] (Thread-603) [Consumer clientId=consumer-Consumer-topic-b5325bb2_0963_4f4b_a655_990f0fd579ff-1, groupId=Consumer-topic-b5325bb2_0963_4f4b_a655_990f0fd579ff] Request joining group due to: consumer pro-actively leaving the group
2025-08-12 17:20:35,022 INFO  [org.apa.kaf.com.met.Metrics] (Thread-603) Metrics scheduler closed
2025-08-12 17:20:35,023 INFO  [org.apa.kaf.com.met.Metrics] (Thread-603) Closing reporter org.apache.kafka.common.metrics.JmxReporter
2025-08-12 17:20:35,023 INFO  [org.apa.kaf.com.met.Metrics] (Thread-603) Closing reporter org.apache.kafka.common.telemetry.internals.ClientTelemetryReporter
2025-08-12 17:20:35,023 INFO  [org.apa.kaf.com.met.Metrics] (Thread-603) Metrics reporters closed
2025-08-12 17:20:35,030 INFO  [org.apa.kaf.com.uti.AppInfoParser] (Thread-603) App info kafka.consumer for consumer-Consumer-topic-b5325bb2_0963_4f4b_a655_990f0fd579ff-1 unregistered
2025-08-12 17:20:35,030 INFO  [io.api.tes.uti.TestSeparator] (main) io.apicurio.tests.serdes.apicurio.AvroSerdeIT.testGlobalIdInHeaders-FINISHED
2025-08-12 17:20:35,030 INFO  [io.api.tes.uti.TestSeparator] (main) ############################################################################
Test passed: testGlobalIdInHeaders
]]></system-out>
  </testcase>
  <testcase name="testSimpleTopicIdStrategyFindLatest" classname="io.apicurio.tests.serdes.apicurio.AvroSerdeIT" time="5.312">
    <system-out><![CDATA[2025-08-12 17:20:35,035 INFO  [io.api.tes.uti.TestSeparator] (main) ############################################################################
2025-08-12 17:20:35,035 INFO  [io.api.tes.uti.TestSeparator] (main) io.apicurio.tests.serdes.apicurio.AvroSerdeIT.testSimpleTopicIdStrategyFindLatest-STARTED
2025-08-12 17:20:35,036 INFO  [io.api.tes.ser.api.AvroSerdeIT] (main) Registering Avro Schema: {"type":"record","name":"myrecordapicurio1","fields":[{"name":"key11755019235035","type":"string"}]}
**** Registry Base URL: http://registry-app-inmemory.apps.ci419.apicurio-testing.org:80
2025-08-12 17:20:36,192 INFO  [org.apa.kaf.cli.pro.ProducerConfig] (main) ProducerConfig values: 
	acks = -1
	auto.include.jmx.reporter = true
	batch.size = 16384
	bootstrap.servers = [PLAINTEXT://localhost:32769]
	buffer.memory = 33554432
	client.dns.lookup = use_all_dns_ips
	client.id = Producer-topic-1e148766_80e3_4b82_baff_f95537890e58
	compression.gzip.level = -1
	compression.lz4.level = 9
	compression.type = none
	compression.zstd.level = 3
	connections.max.idle.ms = 10000
	delivery.timeout.ms = 120000
	enable.idempotence = true
	enable.metrics.push = true
	interceptor.classes = []
	key.serializer = class org.apache.kafka.common.serialization.StringSerializer
	linger.ms = 0
	max.block.ms = 60000
	max.in.flight.requests.per.connection = 5
	max.request.size = 1048576
	metadata.max.age.ms = 300000
	metadata.max.idle.ms = 300000
	metadata.recovery.strategy = none
	metric.reporters = []
	metrics.num.samples = 2
	metrics.recording.level = INFO
	metrics.sample.window.ms = 30000
	partitioner.adaptive.partitioning.enable = true
	partitioner.availability.timeout.ms = 0
	partitioner.class = null
	partitioner.ignore.keys = false
	receive.buffer.bytes = 32768
	reconnect.backoff.max.ms = 1000
	reconnect.backoff.ms = 50
	request.timeout.ms = 5000
	retries = 2147483647
	retry.backoff.max.ms = 1000
	retry.backoff.ms = 100
	sasl.client.callback.handler.class = null
	sasl.jaas.config = null
	sasl.kerberos.kinit.cmd = /usr/bin/kinit
	sasl.kerberos.min.time.before.relogin = 60000
	sasl.kerberos.service.name = null
	sasl.kerberos.ticket.renew.jitter = 0.05
	sasl.kerberos.ticket.renew.window.factor = 0.8
	sasl.login.callback.handler.class = null
	sasl.login.class = null
	sasl.login.connect.timeout.ms = null
	sasl.login.read.timeout.ms = null
	sasl.login.refresh.buffer.seconds = 300
	sasl.login.refresh.min.period.seconds = 60
	sasl.login.refresh.window.factor = 0.8
	sasl.login.refresh.window.jitter = 0.05
	sasl.login.retry.backoff.max.ms = 10000
	sasl.login.retry.backoff.ms = 100
	sasl.mechanism = GSSAPI
	sasl.oauthbearer.clock.skew.seconds = 30
	sasl.oauthbearer.expected.audience = null
	sasl.oauthbearer.expected.issuer = null
	sasl.oauthbearer.header.urlencode = false
	sasl.oauthbearer.jwks.endpoint.refresh.ms = 3600000
	sasl.oauthbearer.jwks.endpoint.retry.backoff.max.ms = 10000
	sasl.oauthbearer.jwks.endpoint.retry.backoff.ms = 100
	sasl.oauthbearer.jwks.endpoint.url = null
	sasl.oauthbearer.scope.claim.name = scope
	sasl.oauthbearer.sub.claim.name = sub
	sasl.oauthbearer.token.endpoint.url = null
	security.protocol = PLAINTEXT
	security.providers = null
	send.buffer.bytes = 131072
	socket.connection.setup.timeout.max.ms = 30000
	socket.connection.setup.timeout.ms = 10000
	ssl.cipher.suites = null
	ssl.enabled.protocols = [TLSv1.2, TLSv1.3]
	ssl.endpoint.identification.algorithm = https
	ssl.engine.factory.class = null
	ssl.key.password = null
	ssl.keymanager.algorithm = SunX509
	ssl.keystore.certificate.chain = null
	ssl.keystore.key = null
	ssl.keystore.location = null
	ssl.keystore.password = null
	ssl.keystore.type = JKS
	ssl.protocol = TLSv1.3
	ssl.provider = null
	ssl.secure.random.implementation = null
	ssl.trustmanager.algorithm = PKIX
	ssl.truststore.certificates = null
	ssl.truststore.location = null
	ssl.truststore.password = null
	ssl.truststore.type = JKS
	transaction.timeout.ms = 60000
	transactional.id = null
	value.serializer = class io.apicurio.registry.serde.avro.AvroKafkaSerializer

2025-08-12 17:20:36,192 INFO  [org.apa.kaf.com.tel.int.KafkaMetricsCollector] (main) initializing Kafka metrics collector
2025-08-12 17:20:36,197 INFO  [org.apa.kaf.cli.pro.KafkaProducer] (main) [Producer clientId=Producer-topic-1e148766_80e3_4b82_baff_f95537890e58] Instantiated an idempotent producer.
2025-08-12 17:20:36,203 INFO  [org.apa.kaf.cli.pro.ProducerConfig] (main) These configurations '[apicurio.registry.find-latest, apicurio.registry.artifact.group-id, apicurio.registry.url, apicurio.registry.artifact-resolver-strategy]' were supplied but are not used yet.
2025-08-12 17:20:36,203 INFO  [org.apa.kaf.com.uti.AppInfoParser] (main) Kafka version: 3.9.1
2025-08-12 17:20:36,204 INFO  [org.apa.kaf.com.uti.AppInfoParser] (main) Kafka commitId: f745dfdcee2b9851
2025-08-12 17:20:36,204 INFO  [org.apa.kaf.com.uti.AppInfoParser] (main) Kafka startTimeMs: 1755019236203
2025-08-12 17:20:36,204 INFO  [io.api.tes.ser.api.SimpleSerdesTesterBuilder$SimpleSerdesTester] (main) Using producer configuration: {apicurio.registry.find-latest=true, apicurio.registry.artifact.group-id=topic-1e148766_80e3_4b82_baff_f95537890e58, apicurio.registry.url=http://registry-app-inmemory.apps.ci419.apicurio-testing.org:80/apis/registry/v3, apicurio.registry.artifact-resolver-strategy=io.apicurio.registry.serde.strategy.SimpleTopicIdStrategy, value.serializer=io.apicurio.registry.serde.avro.AvroKafkaSerializer, request.timeout.ms=5000, acks=all, bootstrap.servers=PLAINTEXT://localhost:32769, connections.max.idle.ms=10000, key.serializer=org.apache.kafka.common.serialization.StringSerializer, client.id=Producer-topic-1e148766_80e3_4b82_baff_f95537890e58}
2025-08-12 17:20:36,204 INFO  [io.api.tes.ser.api.SimpleSerdesTesterBuilder$SimpleSerdesTester] (main) Using consumer configuration: {}
2025-08-12 17:20:36,208 INFO  [io.api.tes.ser.api.KafkaSerdesTester] (Thread-606) Sending message {"key11755019235035": "value-0"} to topic topic-1e148766_80e3_4b82_baff_f95537890e58
2025-08-12 17:20:36,213 INFO  [org.apa.kaf.cli.Metadata] (kafka-producer-network-thread | Producer-topic-1e148766_80e3_4b82_baff_f95537890e58) [Producer clientId=Producer-topic-1e148766_80e3_4b82_baff_f95537890e58] Cluster ID: Ursznb63T6OTazTEUvngGA
2025-08-12 17:20:36,217 INFO  [org.apa.kaf.cli.pro.int.TransactionManager] (kafka-producer-network-thread | Producer-topic-1e148766_80e3_4b82_baff_f95537890e58) [Producer clientId=Producer-topic-1e148766_80e3_4b82_baff_f95537890e58] ProducerId set to 1 with epoch 0
2025-08-12 17:20:36,521 INFO  [io.api.tes.ser.api.KafkaSerdesTester] (Thread-606) Sending message {"key11755019235035": "value-1"} to topic topic-1e148766_80e3_4b82_baff_f95537890e58
2025-08-12 17:20:36,525 INFO  [io.api.tes.ser.api.KafkaSerdesTester] (Thread-606) Sending message {"key11755019235035": "value-2"} to topic topic-1e148766_80e3_4b82_baff_f95537890e58
2025-08-12 17:20:36,527 INFO  [io.api.tes.ser.api.KafkaSerdesTester] (Thread-606) Sending message {"key11755019235035": "value-3"} to topic topic-1e148766_80e3_4b82_baff_f95537890e58
2025-08-12 17:20:36,529 INFO  [io.api.tes.ser.api.KafkaSerdesTester] (Thread-606) Sending message {"key11755019235035": "value-4"} to topic topic-1e148766_80e3_4b82_baff_f95537890e58
2025-08-12 17:20:36,532 INFO  [io.api.tes.ser.api.KafkaSerdesTester] (Thread-606) Sending message {"key11755019235035": "value-5"} to topic topic-1e148766_80e3_4b82_baff_f95537890e58
2025-08-12 17:20:36,534 INFO  [io.api.tes.ser.api.KafkaSerdesTester] (Thread-606) Sending message {"key11755019235035": "value-6"} to topic topic-1e148766_80e3_4b82_baff_f95537890e58
2025-08-12 17:20:36,536 INFO  [io.api.tes.ser.api.KafkaSerdesTester] (Thread-606) Sending message {"key11755019235035": "value-7"} to topic topic-1e148766_80e3_4b82_baff_f95537890e58
2025-08-12 17:20:36,540 INFO  [io.api.tes.ser.api.KafkaSerdesTester] (Thread-606) Sending message {"key11755019235035": "value-8"} to topic topic-1e148766_80e3_4b82_baff_f95537890e58
2025-08-12 17:20:36,543 INFO  [io.api.tes.ser.api.KafkaSerdesTester] (Thread-606) Sending message {"key11755019235035": "value-9"} to topic topic-1e148766_80e3_4b82_baff_f95537890e58
2025-08-12 17:20:36,546 INFO  [io.api.tes.ser.api.KafkaSerdesTester] (Thread-606) Produced 10 messages
2025-08-12 17:20:36,546 INFO  [org.apa.kaf.cli.pro.KafkaProducer] (Thread-606) [Producer clientId=Producer-topic-1e148766_80e3_4b82_baff_f95537890e58] Closing the Kafka producer with timeoutMillis = 9223372036854775807 ms.
2025-08-12 17:20:36,551 INFO  [org.apa.kaf.com.met.Metrics] (Thread-606) Metrics scheduler closed
2025-08-12 17:20:36,551 INFO  [org.apa.kaf.com.met.Metrics] (Thread-606) Closing reporter org.apache.kafka.common.metrics.JmxReporter
2025-08-12 17:20:36,552 INFO  [org.apa.kaf.com.met.Metrics] (Thread-606) Closing reporter org.apache.kafka.common.telemetry.internals.ClientTelemetryReporter
2025-08-12 17:20:36,552 INFO  [org.apa.kaf.com.met.Metrics] (Thread-606) Metrics reporters closed
2025-08-12 17:20:36,552 INFO  [org.apa.kaf.com.uti.AppInfoParser] (Thread-606) App info kafka.producer for Producer-topic-1e148766_80e3_4b82_baff_f95537890e58 unregistered
**** Registry Base URL: http://registry-app-inmemory.apps.ci419.apicurio-testing.org:80
2025-08-12 17:20:36,555 INFO  [org.apa.kaf.cli.con.ConsumerConfig] (main) ConsumerConfig values: 
	allow.auto.create.topics = true
	auto.commit.interval.ms = 500
	auto.include.jmx.reporter = true
	auto.offset.reset = earliest
	bootstrap.servers = [PLAINTEXT://localhost:32769]
	check.crcs = true
	client.dns.lookup = use_all_dns_ips
	client.id = consumer-Consumer-topic-1e148766_80e3_4b82_baff_f95537890e58-2
	client.rack = 
	connections.max.idle.ms = 10000
	default.api.timeout.ms = 60000
	enable.auto.commit = true
	enable.metrics.push = true
	exclude.internal.topics = true
	fetch.max.bytes = 52428800
	fetch.max.wait.ms = 500
	fetch.min.bytes = 1
	group.id = Consumer-topic-1e148766_80e3_4b82_baff_f95537890e58
	group.instance.id = null
	group.protocol = classic
	group.remote.assignor = null
	heartbeat.interval.ms = 3000
	interceptor.classes = []
	internal.leave.group.on.close = true
	internal.throw.on.fetch.stable.offset.unsupported = false
	isolation.level = read_uncommitted
	key.deserializer = class org.apache.kafka.common.serialization.StringDeserializer
	max.partition.fetch.bytes = 1048576
	max.poll.interval.ms = 300000
	max.poll.records = 500
	metadata.max.age.ms = 300000
	metadata.recovery.strategy = none
	metric.reporters = []
	metrics.num.samples = 2
	metrics.recording.level = INFO
	metrics.sample.window.ms = 30000
	partition.assignment.strategy = [class org.apache.kafka.clients.consumer.RangeAssignor, class org.apache.kafka.clients.consumer.CooperativeStickyAssignor]
	receive.buffer.bytes = 65536
	reconnect.backoff.max.ms = 1000
	reconnect.backoff.ms = 50
	request.timeout.ms = 5000
	retry.backoff.max.ms = 1000
	retry.backoff.ms = 100
	sasl.client.callback.handler.class = null
	sasl.jaas.config = null
	sasl.kerberos.kinit.cmd = /usr/bin/kinit
	sasl.kerberos.min.time.before.relogin = 60000
	sasl.kerberos.service.name = null
	sasl.kerberos.ticket.renew.jitter = 0.05
	sasl.kerberos.ticket.renew.window.factor = 0.8
	sasl.login.callback.handler.class = null
	sasl.login.class = null
	sasl.login.connect.timeout.ms = null
	sasl.login.read.timeout.ms = null
	sasl.login.refresh.buffer.seconds = 300
	sasl.login.refresh.min.period.seconds = 60
	sasl.login.refresh.window.factor = 0.8
	sasl.login.refresh.window.jitter = 0.05
	sasl.login.retry.backoff.max.ms = 10000
	sasl.login.retry.backoff.ms = 100
	sasl.mechanism = GSSAPI
	sasl.oauthbearer.clock.skew.seconds = 30
	sasl.oauthbearer.expected.audience = null
	sasl.oauthbearer.expected.issuer = null
	sasl.oauthbearer.header.urlencode = false
	sasl.oauthbearer.jwks.endpoint.refresh.ms = 3600000
	sasl.oauthbearer.jwks.endpoint.retry.backoff.max.ms = 10000
	sasl.oauthbearer.jwks.endpoint.retry.backoff.ms = 100
	sasl.oauthbearer.jwks.endpoint.url = null
	sasl.oauthbearer.scope.claim.name = scope
	sasl.oauthbearer.sub.claim.name = sub
	sasl.oauthbearer.token.endpoint.url = null
	security.protocol = PLAINTEXT
	security.providers = null
	send.buffer.bytes = 131072
	session.timeout.ms = 45000
	socket.connection.setup.timeout.max.ms = 30000
	socket.connection.setup.timeout.ms = 10000
	ssl.cipher.suites = null
	ssl.enabled.protocols = [TLSv1.2, TLSv1.3]
	ssl.endpoint.identification.algorithm = https
	ssl.engine.factory.class = null
	ssl.key.password = null
	ssl.keymanager.algorithm = SunX509
	ssl.keystore.certificate.chain = null
	ssl.keystore.key = null
	ssl.keystore.location = null
	ssl.keystore.password = null
	ssl.keystore.type = JKS
	ssl.protocol = TLSv1.3
	ssl.provider = null
	ssl.secure.random.implementation = null
	ssl.trustmanager.algorithm = PKIX
	ssl.truststore.certificates = null
	ssl.truststore.location = null
	ssl.truststore.password = null
	ssl.truststore.type = JKS
	value.deserializer = class io.apicurio.registry.serde.avro.AvroKafkaDeserializer

2025-08-12 17:20:36,555 INFO  [org.apa.kaf.com.tel.int.KafkaMetricsCollector] (main) initializing Kafka metrics collector
2025-08-12 17:20:36,570 INFO  [org.apa.kaf.cli.con.ConsumerConfig] (main) These configurations '[apicurio.registry.url]' were supplied but are not used yet.
2025-08-12 17:20:36,570 INFO  [org.apa.kaf.com.uti.AppInfoParser] (main) Kafka version: 3.9.1
2025-08-12 17:20:36,570 INFO  [org.apa.kaf.com.uti.AppInfoParser] (main) Kafka commitId: f745dfdcee2b9851
2025-08-12 17:20:36,570 INFO  [org.apa.kaf.com.uti.AppInfoParser] (main) Kafka startTimeMs: 1755019236570
2025-08-12 17:20:36,571 INFO  [org.apa.kaf.cli.con.int.ClassicKafkaConsumer] (Thread-609) [Consumer clientId=consumer-Consumer-topic-1e148766_80e3_4b82_baff_f95537890e58-2, groupId=Consumer-topic-1e148766_80e3_4b82_baff_f95537890e58] Subscribed to topic(s): topic-1e148766_80e3_4b82_baff_f95537890e58
2025-08-12 17:20:36,579 INFO  [org.apa.kaf.cli.Metadata] (Thread-609) [Consumer clientId=consumer-Consumer-topic-1e148766_80e3_4b82_baff_f95537890e58-2, groupId=Consumer-topic-1e148766_80e3_4b82_baff_f95537890e58] Cluster ID: Ursznb63T6OTazTEUvngGA
2025-08-12 17:20:36,580 INFO  [org.apa.kaf.cli.con.int.ConsumerCoordinator] (Thread-609) [Consumer clientId=consumer-Consumer-topic-1e148766_80e3_4b82_baff_f95537890e58-2, groupId=Consumer-topic-1e148766_80e3_4b82_baff_f95537890e58] Discovered group coordinator localhost:32769 (id: 2147483647 rack: null)
2025-08-12 17:20:36,584 INFO  [org.apa.kaf.cli.con.int.ConsumerCoordinator] (Thread-609) [Consumer clientId=consumer-Consumer-topic-1e148766_80e3_4b82_baff_f95537890e58-2, groupId=Consumer-topic-1e148766_80e3_4b82_baff_f95537890e58] (Re-)joining group
2025-08-12 17:20:36,588 INFO  [org.apa.kaf.cli.con.int.ConsumerCoordinator] (Thread-609) [Consumer clientId=consumer-Consumer-topic-1e148766_80e3_4b82_baff_f95537890e58-2, groupId=Consumer-topic-1e148766_80e3_4b82_baff_f95537890e58] Request joining group due to: need to re-join with the given member-id: consumer-Consumer-topic-1e148766_80e3_4b82_baff_f95537890e58-2-590d3e10-503d-48d9-967f-94daf2bdb181
2025-08-12 17:20:36,588 INFO  [org.apa.kaf.cli.con.int.ConsumerCoordinator] (Thread-609) [Consumer clientId=consumer-Consumer-topic-1e148766_80e3_4b82_baff_f95537890e58-2, groupId=Consumer-topic-1e148766_80e3_4b82_baff_f95537890e58] (Re-)joining group
2025-08-12 17:20:37,571 INFO  [io.api.tes.ser.api.KafkaSerdesTester] (Thread-609) None found
2025-08-12 17:20:38,571 INFO  [io.api.tes.ser.api.KafkaSerdesTester] (Thread-609) None found
2025-08-12 17:20:39,573 INFO  [io.api.tes.ser.api.KafkaSerdesTester] (Thread-609) None found
2025-08-12 17:20:39,591 INFO  [org.apa.kaf.cli.con.int.ConsumerCoordinator] (Thread-609) [Consumer clientId=consumer-Consumer-topic-1e148766_80e3_4b82_baff_f95537890e58-2, groupId=Consumer-topic-1e148766_80e3_4b82_baff_f95537890e58] Successfully joined group with generation Generation{generationId=1, memberId='consumer-Consumer-topic-1e148766_80e3_4b82_baff_f95537890e58-2-590d3e10-503d-48d9-967f-94daf2bdb181', protocol='range'}
2025-08-12 17:20:39,591 INFO  [org.apa.kaf.cli.con.int.ConsumerCoordinator] (Thread-609) [Consumer clientId=consumer-Consumer-topic-1e148766_80e3_4b82_baff_f95537890e58-2, groupId=Consumer-topic-1e148766_80e3_4b82_baff_f95537890e58] Finished assignment for group at generation 1: {consumer-Consumer-topic-1e148766_80e3_4b82_baff_f95537890e58-2-590d3e10-503d-48d9-967f-94daf2bdb181=Assignment(partitions=[topic-1e148766_80e3_4b82_baff_f95537890e58-0])}
2025-08-12 17:20:39,599 INFO  [org.apa.kaf.cli.con.int.ConsumerCoordinator] (Thread-609) [Consumer clientId=consumer-Consumer-topic-1e148766_80e3_4b82_baff_f95537890e58-2, groupId=Consumer-topic-1e148766_80e3_4b82_baff_f95537890e58] Successfully synced group in generation Generation{generationId=1, memberId='consumer-Consumer-topic-1e148766_80e3_4b82_baff_f95537890e58-2-590d3e10-503d-48d9-967f-94daf2bdb181', protocol='range'}
2025-08-12 17:20:39,599 INFO  [org.apa.kaf.cli.con.int.ConsumerCoordinator] (Thread-609) [Consumer clientId=consumer-Consumer-topic-1e148766_80e3_4b82_baff_f95537890e58-2, groupId=Consumer-topic-1e148766_80e3_4b82_baff_f95537890e58] Notifying assignor about the new Assignment(partitions=[topic-1e148766_80e3_4b82_baff_f95537890e58-0])
2025-08-12 17:20:39,599 INFO  [org.apa.kaf.cli.con.int.ConsumerRebalanceListenerInvoker] (Thread-609) [Consumer clientId=consumer-Consumer-topic-1e148766_80e3_4b82_baff_f95537890e58-2, groupId=Consumer-topic-1e148766_80e3_4b82_baff_f95537890e58] Adding newly assigned partitions: topic-1e148766_80e3_4b82_baff_f95537890e58-0
2025-08-12 17:20:39,601 INFO  [org.apa.kaf.cli.con.int.ConsumerCoordinator] (Thread-609) [Consumer clientId=consumer-Consumer-topic-1e148766_80e3_4b82_baff_f95537890e58-2, groupId=Consumer-topic-1e148766_80e3_4b82_baff_f95537890e58] Found no committed offset for partition topic-1e148766_80e3_4b82_baff_f95537890e58-0
2025-08-12 17:20:39,608 INFO  [org.apa.kaf.cli.con.int.SubscriptionState] (Thread-609) [Consumer clientId=consumer-Consumer-topic-1e148766_80e3_4b82_baff_f95537890e58-2, groupId=Consumer-topic-1e148766_80e3_4b82_baff_f95537890e58] Resetting offset for partition topic-1e148766_80e3_4b82_baff_f95537890e58-0 to position FetchPosition{offset=0, offsetEpoch=Optional.empty, currentLeader=LeaderAndEpoch{leader=Optional[localhost:32769 (id: 0 rack: null)], epoch=0}}.
2025-08-12 17:20:39,832 INFO  [io.api.tes.ser.api.KafkaSerdesTester] (Thread-609) topic-1e148766_80e3_4b82_baff_f95537890e58 0 0 {"key11755019235035": "value-0"}
2025-08-12 17:20:39,833 INFO  [io.api.tes.ser.api.KafkaSerdesTester] (Thread-609) topic-1e148766_80e3_4b82_baff_f95537890e58 0 1 {"key11755019235035": "value-1"}
2025-08-12 17:20:39,833 INFO  [io.api.tes.ser.api.KafkaSerdesTester] (Thread-609) topic-1e148766_80e3_4b82_baff_f95537890e58 0 2 {"key11755019235035": "value-2"}
2025-08-12 17:20:39,833 INFO  [io.api.tes.ser.api.KafkaSerdesTester] (Thread-609) topic-1e148766_80e3_4b82_baff_f95537890e58 0 3 {"key11755019235035": "value-3"}
2025-08-12 17:20:39,833 INFO  [io.api.tes.ser.api.KafkaSerdesTester] (Thread-609) topic-1e148766_80e3_4b82_baff_f95537890e58 0 4 {"key11755019235035": "value-4"}
2025-08-12 17:20:39,833 INFO  [io.api.tes.ser.api.KafkaSerdesTester] (Thread-609) topic-1e148766_80e3_4b82_baff_f95537890e58 0 5 {"key11755019235035": "value-5"}
2025-08-12 17:20:39,833 INFO  [io.api.tes.ser.api.KafkaSerdesTester] (Thread-609) topic-1e148766_80e3_4b82_baff_f95537890e58 0 6 {"key11755019235035": "value-6"}
2025-08-12 17:20:39,834 INFO  [io.api.tes.ser.api.KafkaSerdesTester] (Thread-609) topic-1e148766_80e3_4b82_baff_f95537890e58 0 7 {"key11755019235035": "value-7"}
2025-08-12 17:20:39,834 INFO  [io.api.tes.ser.api.KafkaSerdesTester] (Thread-609) topic-1e148766_80e3_4b82_baff_f95537890e58 0 8 {"key11755019235035": "value-8"}
2025-08-12 17:20:39,834 INFO  [io.api.tes.ser.api.KafkaSerdesTester] (Thread-609) topic-1e148766_80e3_4b82_baff_f95537890e58 0 9 {"key11755019235035": "value-9"}
2025-08-12 17:20:39,834 INFO  [io.api.tes.ser.api.KafkaSerdesTester] (Thread-609) Consumed 10 messages
2025-08-12 17:20:39,844 INFO  [org.apa.kaf.cli.con.int.ConsumerRebalanceListenerInvoker] (Thread-609) [Consumer clientId=consumer-Consumer-topic-1e148766_80e3_4b82_baff_f95537890e58-2, groupId=Consumer-topic-1e148766_80e3_4b82_baff_f95537890e58] Revoke previously assigned partitions topic-1e148766_80e3_4b82_baff_f95537890e58-0
2025-08-12 17:20:39,844 INFO  [org.apa.kaf.cli.con.int.ConsumerCoordinator] (Thread-609) [Consumer clientId=consumer-Consumer-topic-1e148766_80e3_4b82_baff_f95537890e58-2, groupId=Consumer-topic-1e148766_80e3_4b82_baff_f95537890e58] Member consumer-Consumer-topic-1e148766_80e3_4b82_baff_f95537890e58-2-590d3e10-503d-48d9-967f-94daf2bdb181 sending LeaveGroup request to coordinator localhost:32769 (id: 2147483647 rack: null) due to the consumer is being closed
2025-08-12 17:20:39,846 INFO  [org.apa.kaf.cli.con.int.ConsumerCoordinator] (Thread-609) [Consumer clientId=consumer-Consumer-topic-1e148766_80e3_4b82_baff_f95537890e58-2, groupId=Consumer-topic-1e148766_80e3_4b82_baff_f95537890e58] Resetting generation and member id due to: consumer pro-actively leaving the group
2025-08-12 17:20:39,846 INFO  [org.apa.kaf.cli.con.int.ConsumerCoordinator] (Thread-609) [Consumer clientId=consumer-Consumer-topic-1e148766_80e3_4b82_baff_f95537890e58-2, groupId=Consumer-topic-1e148766_80e3_4b82_baff_f95537890e58] Request joining group due to: consumer pro-actively leaving the group
2025-08-12 17:20:40,335 INFO  [org.apa.kaf.com.met.Metrics] (Thread-609) Metrics scheduler closed
2025-08-12 17:20:40,336 INFO  [org.apa.kaf.com.met.Metrics] (Thread-609) Closing reporter org.apache.kafka.common.metrics.JmxReporter
2025-08-12 17:20:40,336 INFO  [org.apa.kaf.com.met.Metrics] (Thread-609) Closing reporter org.apache.kafka.common.telemetry.internals.ClientTelemetryReporter
2025-08-12 17:20:40,336 INFO  [org.apa.kaf.com.met.Metrics] (Thread-609) Metrics reporters closed
2025-08-12 17:20:40,340 INFO  [org.apa.kaf.com.uti.AppInfoParser] (Thread-609) App info kafka.consumer for consumer-Consumer-topic-1e148766_80e3_4b82_baff_f95537890e58-2 unregistered
2025-08-12 17:20:40,342 INFO  [io.api.tes.uti.TestSeparator] (main) io.apicurio.tests.serdes.apicurio.AvroSerdeIT.testSimpleTopicIdStrategyFindLatest-FINISHED
2025-08-12 17:20:40,342 INFO  [io.api.tes.uti.TestSeparator] (main) ############################################################################
Test passed: testSimpleTopicIdStrategyFindLatest
]]></system-out>
  </testcase>
  <testcase name="testWrongSchema" classname="io.apicurio.tests.serdes.apicurio.AvroSerdeIT" time="1.336">
    <system-out><![CDATA[2025-08-12 17:20:40,344 INFO  [io.api.tes.uti.TestSeparator] (main) ############################################################################
2025-08-12 17:20:40,345 INFO  [io.api.tes.uti.TestSeparator] (main) io.apicurio.tests.serdes.apicurio.AvroSerdeIT.testWrongSchema-STARTED
**** Registry Base URL: http://registry-app-inmemory.apps.ci419.apicurio-testing.org:80
2025-08-12 17:20:41,502 INFO  [org.apa.kaf.cli.pro.ProducerConfig] (main) ProducerConfig values: 
	acks = -1
	auto.include.jmx.reporter = true
	batch.size = 16384
	bootstrap.servers = [PLAINTEXT://localhost:32769]
	buffer.memory = 33554432
	client.dns.lookup = use_all_dns_ips
	client.id = Producer-s14486b14x0a27x4337x9d6cx4c1720fcefb1
	compression.gzip.level = -1
	compression.lz4.level = 9
	compression.type = none
	compression.zstd.level = 3
	connections.max.idle.ms = 10000
	delivery.timeout.ms = 120000
	enable.idempotence = true
	enable.metrics.push = true
	interceptor.classes = []
	key.serializer = class org.apache.kafka.common.serialization.StringSerializer
	linger.ms = 0
	max.block.ms = 60000
	max.in.flight.requests.per.connection = 5
	max.request.size = 1048576
	metadata.max.age.ms = 300000
	metadata.max.idle.ms = 300000
	metadata.recovery.strategy = none
	metric.reporters = []
	metrics.num.samples = 2
	metrics.recording.level = INFO
	metrics.sample.window.ms = 30000
	partitioner.adaptive.partitioning.enable = true
	partitioner.availability.timeout.ms = 0
	partitioner.class = null
	partitioner.ignore.keys = false
	receive.buffer.bytes = 32768
	reconnect.backoff.max.ms = 1000
	reconnect.backoff.ms = 50
	request.timeout.ms = 5000
	retries = 2147483647
	retry.backoff.max.ms = 1000
	retry.backoff.ms = 100
	sasl.client.callback.handler.class = null
	sasl.jaas.config = null
	sasl.kerberos.kinit.cmd = /usr/bin/kinit
	sasl.kerberos.min.time.before.relogin = 60000
	sasl.kerberos.service.name = null
	sasl.kerberos.ticket.renew.jitter = 0.05
	sasl.kerberos.ticket.renew.window.factor = 0.8
	sasl.login.callback.handler.class = null
	sasl.login.class = null
	sasl.login.connect.timeout.ms = null
	sasl.login.read.timeout.ms = null
	sasl.login.refresh.buffer.seconds = 300
	sasl.login.refresh.min.period.seconds = 60
	sasl.login.refresh.window.factor = 0.8
	sasl.login.refresh.window.jitter = 0.05
	sasl.login.retry.backoff.max.ms = 10000
	sasl.login.retry.backoff.ms = 100
	sasl.mechanism = GSSAPI
	sasl.oauthbearer.clock.skew.seconds = 30
	sasl.oauthbearer.expected.audience = null
	sasl.oauthbearer.expected.issuer = null
	sasl.oauthbearer.header.urlencode = false
	sasl.oauthbearer.jwks.endpoint.refresh.ms = 3600000
	sasl.oauthbearer.jwks.endpoint.retry.backoff.max.ms = 10000
	sasl.oauthbearer.jwks.endpoint.retry.backoff.ms = 100
	sasl.oauthbearer.jwks.endpoint.url = null
	sasl.oauthbearer.scope.claim.name = scope
	sasl.oauthbearer.sub.claim.name = sub
	sasl.oauthbearer.token.endpoint.url = null
	security.protocol = PLAINTEXT
	security.providers = null
	send.buffer.bytes = 131072
	socket.connection.setup.timeout.max.ms = 30000
	socket.connection.setup.timeout.ms = 10000
	ssl.cipher.suites = null
	ssl.enabled.protocols = [TLSv1.2, TLSv1.3]
	ssl.endpoint.identification.algorithm = https
	ssl.engine.factory.class = null
	ssl.key.password = null
	ssl.keymanager.algorithm = SunX509
	ssl.keystore.certificate.chain = null
	ssl.keystore.key = null
	ssl.keystore.location = null
	ssl.keystore.password = null
	ssl.keystore.type = JKS
	ssl.protocol = TLSv1.3
	ssl.provider = null
	ssl.secure.random.implementation = null
	ssl.trustmanager.algorithm = PKIX
	ssl.truststore.certificates = null
	ssl.truststore.location = null
	ssl.truststore.password = null
	ssl.truststore.type = JKS
	transaction.timeout.ms = 60000
	transactional.id = null
	value.serializer = class io.apicurio.registry.serde.avro.AvroKafkaSerializer

2025-08-12 17:20:41,503 INFO  [org.apa.kaf.com.tel.int.KafkaMetricsCollector] (main) initializing Kafka metrics collector
2025-08-12 17:20:41,508 INFO  [org.apa.kaf.cli.pro.KafkaProducer] (main) [Producer clientId=Producer-s14486b14x0a27x4337x9d6cx4c1720fcefb1] Instantiated an idempotent producer.
2025-08-12 17:20:41,512 INFO  [org.apa.kaf.cli.pro.ProducerConfig] (main) These configurations '[apicurio.registry.find-latest, apicurio.registry.url, apicurio.registry.artifact-resolver-strategy]' were supplied but are not used yet.
2025-08-12 17:20:41,512 INFO  [org.apa.kaf.com.uti.AppInfoParser] (main) Kafka version: 3.9.1
2025-08-12 17:20:41,512 INFO  [org.apa.kaf.com.uti.AppInfoParser] (main) Kafka commitId: f745dfdcee2b9851
2025-08-12 17:20:41,512 INFO  [org.apa.kaf.com.uti.AppInfoParser] (main) Kafka startTimeMs: 1755019241512
2025-08-12 17:20:41,514 INFO  [io.api.tes.ser.api.KafkaSerdesTester] (Thread-612) Sending message {"keyB": "value-0"} to topic s14486b14x0a27x4337x9d6cx4c1720fcefb1
2025-08-12 17:20:41,519 INFO  [org.apa.kaf.cli.Metadata] (kafka-producer-network-thread | Producer-s14486b14x0a27x4337x9d6cx4c1720fcefb1) [Producer clientId=Producer-s14486b14x0a27x4337x9d6cx4c1720fcefb1] Cluster ID: Ursznb63T6OTazTEUvngGA
2025-08-12 17:20:41,522 INFO  [org.apa.kaf.cli.pro.int.TransactionManager] (kafka-producer-network-thread | Producer-s14486b14x0a27x4337x9d6cx4c1720fcefb1) [Producer clientId=Producer-s14486b14x0a27x4337x9d6cx4c1720fcefb1] ProducerId set to 2 with epoch 0
2025-08-12 17:20:41,675 INFO  [org.apa.kaf.cli.pro.KafkaProducer] (Thread-612) [Producer clientId=Producer-s14486b14x0a27x4337x9d6cx4c1720fcefb1] Closing the Kafka producer with timeoutMillis = 9223372036854775807 ms.
2025-08-12 17:20:41,677 INFO  [org.apa.kaf.com.met.Metrics] (Thread-612) Metrics scheduler closed
2025-08-12 17:20:41,677 INFO  [org.apa.kaf.com.met.Metrics] (Thread-612) Closing reporter org.apache.kafka.common.metrics.JmxReporter
2025-08-12 17:20:41,677 INFO  [org.apa.kaf.com.met.Metrics] (Thread-612) Closing reporter org.apache.kafka.common.telemetry.internals.ClientTelemetryReporter
2025-08-12 17:20:41,677 INFO  [org.apa.kaf.com.met.Metrics] (Thread-612) Metrics reporters closed
2025-08-12 17:20:41,678 INFO  [org.apa.kaf.com.uti.AppInfoParser] (Thread-612) App info kafka.producer for Producer-s14486b14x0a27x4337x9d6cx4c1720fcefb1 unregistered
2025-08-12 17:20:41,678 INFO  [io.api.tes.uti.TestSeparator] (main) io.apicurio.tests.serdes.apicurio.AvroSerdeIT.testWrongSchema-FINISHED
2025-08-12 17:20:41,678 INFO  [io.api.tes.uti.TestSeparator] (main) ############################################################################
Test passed: testWrongSchema
]]></system-out>
    <system-err><![CDATA[io.apicurio.registry.rest.client.models.ProblemDetails
	at io.apicurio.registry.rest.client.models.ProblemDetails.createFromDiscriminatorValue(ProblemDetails.java:58)
	at io.kiota.serialization.json.JsonParseNode.getObjectValue(JsonParseNode.java:247)
	at io.kiota.http.vertx.VertXRequestAdapter.lambda$throwIfFailedResponse$0(VertXRequestAdapter.java:400)
	at com.microsoft.kiota.ApiExceptionBuilder.<init>(ApiExceptionBuilder.java:26)
	at io.kiota.http.vertx.VertXRequestAdapter.throwIfFailedResponse(VertXRequestAdapter.java:399)
	at io.kiota.http.vertx.VertXRequestAdapter.send(VertXRequestAdapter.java:170)
	at io.apicurio.registry.rest.client.groups.item.artifacts.item.versions.item.WithVersionExpressionItemRequestBuilder.get(WithVersionExpressionItemRequestBuilder.java:128)
	at io.apicurio.registry.rest.client.groups.item.artifacts.item.versions.item.WithVersionExpressionItemRequestBuilder.get(WithVersionExpressionItemRequestBuilder.java:111)
	at io.apicurio.registry.resolver.client.RegistryClientFacadeImpl.getVersionCoordinatesByGAV(RegistryClientFacadeImpl.java:159)
	at io.apicurio.registry.resolver.DefaultSchemaResolver.resolveByCoordinates(DefaultSchemaResolver.java:352)
	at io.apicurio.registry.resolver.DefaultSchemaResolver.lambda$resolveSchemaByArtifactReferenceCached$6(DefaultSchemaResolver.java:340)
	at io.apicurio.registry.resolver.cache.ERCache.lambda$getValue$0(ERCache.java:174)
	at io.apicurio.registry.resolver.cache.ERCache.retry(ERCache.java:227)
	at io.apicurio.registry.resolver.cache.ERCache.getValue(ERCache.java:173)
	at io.apicurio.registry.resolver.cache.ERCache.getByArtifactCoordinates(ERCache.java:158)
	at io.apicurio.registry.resolver.DefaultSchemaResolver.resolveSchemaByArtifactReferenceCached(DefaultSchemaResolver.java:338)
	at io.apicurio.registry.resolver.DefaultSchemaResolver.resolveSchemaByCoordinates(DefaultSchemaResolver.java:193)
	at io.apicurio.registry.resolver.DefaultSchemaResolver.getSchemaFromRegistry(DefaultSchemaResolver.java:130)
	at io.apicurio.registry.resolver.DefaultSchemaResolver.lambda$resolveSchema$0(DefaultSchemaResolver.java:84)
	at java.base/java.util.Optional.orElseGet(Optional.java:364)
	at io.apicurio.registry.resolver.DefaultSchemaResolver.resolveSchema(DefaultSchemaResolver.java:84)
	at io.apicurio.registry.serde.AbstractSerializer.serializeData(AbstractSerializer.java:62)
	at io.apicurio.registry.serde.KafkaSerializer.serialize(KafkaSerializer.java:77)
	at org.apache.kafka.clients.producer.KafkaProducer.doSend(KafkaProducer.java:1046)
	at org.apache.kafka.clients.producer.KafkaProducer.send(KafkaProducer.java:993)
	at org.apache.kafka.clients.producer.KafkaProducer.send(KafkaProducer.java:875)
	at io.apicurio.tests.serdes.apicurio.KafkaSerdesTester.lambda$produceMessages$3(KafkaSerdesTester.java:138)
	at java.base/java.util.concurrent.CompletableFuture$AsyncSupply.run(CompletableFuture.java:1768)
	at java.base/java.lang.Thread.run(Thread.java:840)
]]></system-err>
  </testcase>
  <testcase name="testAvroJSON" classname="io.apicurio.tests.serdes.apicurio.AvroSerdeIT" time="4.278">
    <system-out><![CDATA[2025-08-12 17:20:41,686 INFO  [io.api.tes.uti.TestSeparator] (main) ############################################################################
2025-08-12 17:20:41,686 INFO  [io.api.tes.uti.TestSeparator] (main) io.apicurio.tests.serdes.apicurio.AvroSerdeIT.testAvroJSON-STARTED
**** Registry Base URL: http://registry-app-inmemory.apps.ci419.apicurio-testing.org:80
2025-08-12 17:20:41,689 INFO  [org.apa.kaf.cli.pro.ProducerConfig] (main) ProducerConfig values: 
	acks = -1
	auto.include.jmx.reporter = true
	batch.size = 16384
	bootstrap.servers = [PLAINTEXT://localhost:32769]
	buffer.memory = 33554432
	client.dns.lookup = use_all_dns_ips
	client.id = Producer-topic-b4588513_d20e_4651_bb7d_94ddef70fdd5
	compression.gzip.level = -1
	compression.lz4.level = 9
	compression.type = none
	compression.zstd.level = 3
	connections.max.idle.ms = 10000
	delivery.timeout.ms = 120000
	enable.idempotence = true
	enable.metrics.push = true
	interceptor.classes = []
	key.serializer = class org.apache.kafka.common.serialization.StringSerializer
	linger.ms = 0
	max.block.ms = 60000
	max.in.flight.requests.per.connection = 5
	max.request.size = 1048576
	metadata.max.age.ms = 300000
	metadata.max.idle.ms = 300000
	metadata.recovery.strategy = none
	metric.reporters = []
	metrics.num.samples = 2
	metrics.recording.level = INFO
	metrics.sample.window.ms = 30000
	partitioner.adaptive.partitioning.enable = true
	partitioner.availability.timeout.ms = 0
	partitioner.class = null
	partitioner.ignore.keys = false
	receive.buffer.bytes = 32768
	reconnect.backoff.max.ms = 1000
	reconnect.backoff.ms = 50
	request.timeout.ms = 5000
	retries = 2147483647
	retry.backoff.max.ms = 1000
	retry.backoff.ms = 100
	sasl.client.callback.handler.class = null
	sasl.jaas.config = null
	sasl.kerberos.kinit.cmd = /usr/bin/kinit
	sasl.kerberos.min.time.before.relogin = 60000
	sasl.kerberos.service.name = null
	sasl.kerberos.ticket.renew.jitter = 0.05
	sasl.kerberos.ticket.renew.window.factor = 0.8
	sasl.login.callback.handler.class = null
	sasl.login.class = null
	sasl.login.connect.timeout.ms = null
	sasl.login.read.timeout.ms = null
	sasl.login.refresh.buffer.seconds = 300
	sasl.login.refresh.min.period.seconds = 60
	sasl.login.refresh.window.factor = 0.8
	sasl.login.refresh.window.jitter = 0.05
	sasl.login.retry.backoff.max.ms = 10000
	sasl.login.retry.backoff.ms = 100
	sasl.mechanism = GSSAPI
	sasl.oauthbearer.clock.skew.seconds = 30
	sasl.oauthbearer.expected.audience = null
	sasl.oauthbearer.expected.issuer = null
	sasl.oauthbearer.header.urlencode = false
	sasl.oauthbearer.jwks.endpoint.refresh.ms = 3600000
	sasl.oauthbearer.jwks.endpoint.retry.backoff.max.ms = 10000
	sasl.oauthbearer.jwks.endpoint.retry.backoff.ms = 100
	sasl.oauthbearer.jwks.endpoint.url = null
	sasl.oauthbearer.scope.claim.name = scope
	sasl.oauthbearer.sub.claim.name = sub
	sasl.oauthbearer.token.endpoint.url = null
	security.protocol = PLAINTEXT
	security.providers = null
	send.buffer.bytes = 131072
	socket.connection.setup.timeout.max.ms = 30000
	socket.connection.setup.timeout.ms = 10000
	ssl.cipher.suites = null
	ssl.enabled.protocols = [TLSv1.2, TLSv1.3]
	ssl.endpoint.identification.algorithm = https
	ssl.engine.factory.class = null
	ssl.key.password = null
	ssl.keymanager.algorithm = SunX509
	ssl.keystore.certificate.chain = null
	ssl.keystore.key = null
	ssl.keystore.location = null
	ssl.keystore.password = null
	ssl.keystore.type = JKS
	ssl.protocol = TLSv1.3
	ssl.provider = null
	ssl.secure.random.implementation = null
	ssl.trustmanager.algorithm = PKIX
	ssl.truststore.certificates = null
	ssl.truststore.location = null
	ssl.truststore.password = null
	ssl.truststore.type = JKS
	transaction.timeout.ms = 60000
	transactional.id = null
	value.serializer = class io.apicurio.registry.serde.avro.AvroKafkaSerializer

2025-08-12 17:20:41,689 INFO  [org.apa.kaf.com.tel.int.KafkaMetricsCollector] (main) initializing Kafka metrics collector
2025-08-12 17:20:41,699 INFO  [org.apa.kaf.cli.pro.KafkaProducer] (main) [Producer clientId=Producer-topic-b4588513_d20e_4651_bb7d_94ddef70fdd5] Instantiated an idempotent producer.
2025-08-12 17:20:41,702 INFO  [org.apa.kaf.cli.pro.ProducerConfig] (main) These configurations '[apicurio.registry.avro.encoding, apicurio.registry.url, apicurio.registry.auto-register, apicurio.registry.artifact-resolver-strategy]' were supplied but are not used yet.
2025-08-12 17:20:41,702 INFO  [org.apa.kaf.com.uti.AppInfoParser] (main) Kafka version: 3.9.1
2025-08-12 17:20:41,702 INFO  [org.apa.kaf.com.uti.AppInfoParser] (main) Kafka commitId: f745dfdcee2b9851
2025-08-12 17:20:41,702 INFO  [org.apa.kaf.com.uti.AppInfoParser] (main) Kafka startTimeMs: 1755019241702
2025-08-12 17:20:41,703 INFO  [io.api.tes.ser.api.SimpleSerdesTesterBuilder$SimpleSerdesTester] (main) Using producer configuration: {apicurio.registry.avro.encoding=JSON, apicurio.registry.url=http://registry-app-inmemory.apps.ci419.apicurio-testing.org:80/apis/registry/v3, apicurio.registry.auto-register=true, apicurio.registry.artifact-resolver-strategy=io.apicurio.registry.serde.strategy.TopicIdStrategy, value.serializer=io.apicurio.registry.serde.avro.AvroKafkaSerializer, request.timeout.ms=5000, acks=all, bootstrap.servers=PLAINTEXT://localhost:32769, connections.max.idle.ms=10000, key.serializer=org.apache.kafka.common.serialization.StringSerializer, client.id=Producer-topic-b4588513_d20e_4651_bb7d_94ddef70fdd5}
2025-08-12 17:20:41,703 INFO  [io.api.tes.ser.api.SimpleSerdesTesterBuilder$SimpleSerdesTester] (main) Using consumer configuration: {apicurio.registry.avro.encoding=JSON}
2025-08-12 17:20:41,705 INFO  [io.api.tes.ser.api.KafkaSerdesTester] (Thread-615) Sending message {"bar": "value-0"} to topic topic-b4588513_d20e_4651_bb7d_94ddef70fdd5
2025-08-12 17:20:41,710 WARN  [org.apa.kaf.cli.NetworkClient] (kafka-producer-network-thread | Producer-topic-b4588513_d20e_4651_bb7d_94ddef70fdd5) [Producer clientId=Producer-topic-b4588513_d20e_4651_bb7d_94ddef70fdd5] The metadata response from the cluster reported a recoverable issue with correlation id 1 : {topic-b4588513_d20e_4651_bb7d_94ddef70fdd5=UNKNOWN_TOPIC_OR_PARTITION}
2025-08-12 17:20:41,710 INFO  [org.apa.kaf.cli.Metadata] (kafka-producer-network-thread | Producer-topic-b4588513_d20e_4651_bb7d_94ddef70fdd5) [Producer clientId=Producer-topic-b4588513_d20e_4651_bb7d_94ddef70fdd5] Cluster ID: Ursznb63T6OTazTEUvngGA
2025-08-12 17:20:41,711 INFO  [org.apa.kaf.cli.pro.int.TransactionManager] (kafka-producer-network-thread | Producer-topic-b4588513_d20e_4651_bb7d_94ddef70fdd5) [Producer clientId=Producer-topic-b4588513_d20e_4651_bb7d_94ddef70fdd5] ProducerId set to 3 with epoch 0
2025-08-12 17:20:41,980 INFO  [io.api.tes.ser.api.KafkaSerdesTester] (Thread-615) Sending message {"bar": "value-1"} to topic topic-b4588513_d20e_4651_bb7d_94ddef70fdd5
2025-08-12 17:20:41,987 INFO  [io.api.tes.ser.api.KafkaSerdesTester] (Thread-615) Sending message {"bar": "value-2"} to topic topic-b4588513_d20e_4651_bb7d_94ddef70fdd5
2025-08-12 17:20:41,989 INFO  [io.api.tes.ser.api.KafkaSerdesTester] (Thread-615) Sending message {"bar": "value-3"} to topic topic-b4588513_d20e_4651_bb7d_94ddef70fdd5
2025-08-12 17:20:41,992 INFO  [io.api.tes.ser.api.KafkaSerdesTester] (Thread-615) Sending message {"bar": "value-4"} to topic topic-b4588513_d20e_4651_bb7d_94ddef70fdd5
2025-08-12 17:20:41,995 INFO  [io.api.tes.ser.api.KafkaSerdesTester] (Thread-615) Sending message {"bar": "value-5"} to topic topic-b4588513_d20e_4651_bb7d_94ddef70fdd5
2025-08-12 17:20:41,999 INFO  [io.api.tes.ser.api.KafkaSerdesTester] (Thread-615) Sending message {"bar": "value-6"} to topic topic-b4588513_d20e_4651_bb7d_94ddef70fdd5
2025-08-12 17:20:42,002 INFO  [io.api.tes.ser.api.KafkaSerdesTester] (Thread-615) Sending message {"bar": "value-7"} to topic topic-b4588513_d20e_4651_bb7d_94ddef70fdd5
2025-08-12 17:20:42,009 INFO  [io.api.tes.ser.api.KafkaSerdesTester] (Thread-615) Sending message {"bar": "value-8"} to topic topic-b4588513_d20e_4651_bb7d_94ddef70fdd5
2025-08-12 17:20:42,015 INFO  [io.api.tes.ser.api.KafkaSerdesTester] (Thread-615) Sending message {"bar": "value-9"} to topic topic-b4588513_d20e_4651_bb7d_94ddef70fdd5
2025-08-12 17:20:42,022 INFO  [io.api.tes.ser.api.KafkaSerdesTester] (Thread-615) Produced 10 messages
2025-08-12 17:20:42,022 INFO  [org.apa.kaf.cli.pro.KafkaProducer] (Thread-615) [Producer clientId=Producer-topic-b4588513_d20e_4651_bb7d_94ddef70fdd5] Closing the Kafka producer with timeoutMillis = 9223372036854775807 ms.
2025-08-12 17:20:42,026 INFO  [org.apa.kaf.com.met.Metrics] (Thread-615) Metrics scheduler closed
2025-08-12 17:20:42,026 INFO  [org.apa.kaf.com.met.Metrics] (Thread-615) Closing reporter org.apache.kafka.common.metrics.JmxReporter
2025-08-12 17:20:42,026 INFO  [org.apa.kaf.com.met.Metrics] (Thread-615) Closing reporter org.apache.kafka.common.telemetry.internals.ClientTelemetryReporter
2025-08-12 17:20:42,026 INFO  [org.apa.kaf.com.met.Metrics] (Thread-615) Metrics reporters closed
2025-08-12 17:20:42,027 INFO  [org.apa.kaf.com.uti.AppInfoParser] (Thread-615) App info kafka.producer for Producer-topic-b4588513_d20e_4651_bb7d_94ddef70fdd5 unregistered
**** Registry Base URL: http://registry-app-inmemory.apps.ci419.apicurio-testing.org:80
2025-08-12 17:20:42,172 INFO  [org.apa.kaf.cli.con.ConsumerConfig] (main) ConsumerConfig values: 
	allow.auto.create.topics = true
	auto.commit.interval.ms = 500
	auto.include.jmx.reporter = true
	auto.offset.reset = earliest
	bootstrap.servers = [PLAINTEXT://localhost:32769]
	check.crcs = true
	client.dns.lookup = use_all_dns_ips
	client.id = consumer-Consumer-topic-b4588513_d20e_4651_bb7d_94ddef70fdd5-3
	client.rack = 
	connections.max.idle.ms = 10000
	default.api.timeout.ms = 60000
	enable.auto.commit = true
	enable.metrics.push = true
	exclude.internal.topics = true
	fetch.max.bytes = 52428800
	fetch.max.wait.ms = 500
	fetch.min.bytes = 1
	group.id = Consumer-topic-b4588513_d20e_4651_bb7d_94ddef70fdd5
	group.instance.id = null
	group.protocol = classic
	group.remote.assignor = null
	heartbeat.interval.ms = 3000
	interceptor.classes = []
	internal.leave.group.on.close = true
	internal.throw.on.fetch.stable.offset.unsupported = false
	isolation.level = read_uncommitted
	key.deserializer = class org.apache.kafka.common.serialization.StringDeserializer
	max.partition.fetch.bytes = 1048576
	max.poll.interval.ms = 300000
	max.poll.records = 500
	metadata.max.age.ms = 300000
	metadata.recovery.strategy = none
	metric.reporters = []
	metrics.num.samples = 2
	metrics.recording.level = INFO
	metrics.sample.window.ms = 30000
	partition.assignment.strategy = [class org.apache.kafka.clients.consumer.RangeAssignor, class org.apache.kafka.clients.consumer.CooperativeStickyAssignor]
	receive.buffer.bytes = 65536
	reconnect.backoff.max.ms = 1000
	reconnect.backoff.ms = 50
	request.timeout.ms = 5000
	retry.backoff.max.ms = 1000
	retry.backoff.ms = 100
	sasl.client.callback.handler.class = null
	sasl.jaas.config = null
	sasl.kerberos.kinit.cmd = /usr/bin/kinit
	sasl.kerberos.min.time.before.relogin = 60000
	sasl.kerberos.service.name = null
	sasl.kerberos.ticket.renew.jitter = 0.05
	sasl.kerberos.ticket.renew.window.factor = 0.8
	sasl.login.callback.handler.class = null
	sasl.login.class = null
	sasl.login.connect.timeout.ms = null
	sasl.login.read.timeout.ms = null
	sasl.login.refresh.buffer.seconds = 300
	sasl.login.refresh.min.period.seconds = 60
	sasl.login.refresh.window.factor = 0.8
	sasl.login.refresh.window.jitter = 0.05
	sasl.login.retry.backoff.max.ms = 10000
	sasl.login.retry.backoff.ms = 100
	sasl.mechanism = GSSAPI
	sasl.oauthbearer.clock.skew.seconds = 30
	sasl.oauthbearer.expected.audience = null
	sasl.oauthbearer.expected.issuer = null
	sasl.oauthbearer.header.urlencode = false
	sasl.oauthbearer.jwks.endpoint.refresh.ms = 3600000
	sasl.oauthbearer.jwks.endpoint.retry.backoff.max.ms = 10000
	sasl.oauthbearer.jwks.endpoint.retry.backoff.ms = 100
	sasl.oauthbearer.jwks.endpoint.url = null
	sasl.oauthbearer.scope.claim.name = scope
	sasl.oauthbearer.sub.claim.name = sub
	sasl.oauthbearer.token.endpoint.url = null
	security.protocol = PLAINTEXT
	security.providers = null
	send.buffer.bytes = 131072
	session.timeout.ms = 45000
	socket.connection.setup.timeout.max.ms = 30000
	socket.connection.setup.timeout.ms = 10000
	ssl.cipher.suites = null
	ssl.enabled.protocols = [TLSv1.2, TLSv1.3]
	ssl.endpoint.identification.algorithm = https
	ssl.engine.factory.class = null
	ssl.key.password = null
	ssl.keymanager.algorithm = SunX509
	ssl.keystore.certificate.chain = null
	ssl.keystore.key = null
	ssl.keystore.location = null
	ssl.keystore.password = null
	ssl.keystore.type = JKS
	ssl.protocol = TLSv1.3
	ssl.provider = null
	ssl.secure.random.implementation = null
	ssl.trustmanager.algorithm = PKIX
	ssl.truststore.certificates = null
	ssl.truststore.location = null
	ssl.truststore.password = null
	ssl.truststore.type = JKS
	value.deserializer = class io.apicurio.registry.serde.avro.AvroKafkaDeserializer

2025-08-12 17:20:42,173 INFO  [org.apa.kaf.com.tel.int.KafkaMetricsCollector] (main) initializing Kafka metrics collector
2025-08-12 17:20:42,179 INFO  [org.apa.kaf.cli.con.ConsumerConfig] (main) These configurations '[apicurio.registry.avro.encoding, apicurio.registry.url]' were supplied but are not used yet.
2025-08-12 17:20:42,179 INFO  [org.apa.kaf.com.uti.AppInfoParser] (main) Kafka version: 3.9.1
2025-08-12 17:20:42,179 INFO  [org.apa.kaf.com.uti.AppInfoParser] (main) Kafka commitId: f745dfdcee2b9851
2025-08-12 17:20:42,179 INFO  [org.apa.kaf.com.uti.AppInfoParser] (main) Kafka startTimeMs: 1755019242179
2025-08-12 17:20:42,180 INFO  [org.apa.kaf.cli.con.int.ClassicKafkaConsumer] (Thread-618) [Consumer clientId=consumer-Consumer-topic-b4588513_d20e_4651_bb7d_94ddef70fdd5-3, groupId=Consumer-topic-b4588513_d20e_4651_bb7d_94ddef70fdd5] Subscribed to topic(s): topic-b4588513_d20e_4651_bb7d_94ddef70fdd5
2025-08-12 17:20:42,189 INFO  [org.apa.kaf.cli.Metadata] (Thread-618) [Consumer clientId=consumer-Consumer-topic-b4588513_d20e_4651_bb7d_94ddef70fdd5-3, groupId=Consumer-topic-b4588513_d20e_4651_bb7d_94ddef70fdd5] Cluster ID: Ursznb63T6OTazTEUvngGA
2025-08-12 17:20:42,192 INFO  [org.apa.kaf.cli.con.int.ConsumerCoordinator] (Thread-618) [Consumer clientId=consumer-Consumer-topic-b4588513_d20e_4651_bb7d_94ddef70fdd5-3, groupId=Consumer-topic-b4588513_d20e_4651_bb7d_94ddef70fdd5] Discovered group coordinator localhost:32769 (id: 2147483647 rack: null)
2025-08-12 17:20:42,195 INFO  [org.apa.kaf.cli.con.int.ConsumerCoordinator] (Thread-618) [Consumer clientId=consumer-Consumer-topic-b4588513_d20e_4651_bb7d_94ddef70fdd5-3, groupId=Consumer-topic-b4588513_d20e_4651_bb7d_94ddef70fdd5] (Re-)joining group
2025-08-12 17:20:42,199 INFO  [org.apa.kaf.cli.con.int.ConsumerCoordinator] (Thread-618) [Consumer clientId=consumer-Consumer-topic-b4588513_d20e_4651_bb7d_94ddef70fdd5-3, groupId=Consumer-topic-b4588513_d20e_4651_bb7d_94ddef70fdd5] Request joining group due to: need to re-join with the given member-id: consumer-Consumer-topic-b4588513_d20e_4651_bb7d_94ddef70fdd5-3-14c05823-78b3-411d-9d0b-7eda55b49bee
2025-08-12 17:20:42,200 INFO  [org.apa.kaf.cli.con.int.ConsumerCoordinator] (Thread-618) [Consumer clientId=consumer-Consumer-topic-b4588513_d20e_4651_bb7d_94ddef70fdd5-3, groupId=Consumer-topic-b4588513_d20e_4651_bb7d_94ddef70fdd5] (Re-)joining group
2025-08-12 17:20:43,180 INFO  [io.api.tes.ser.api.KafkaSerdesTester] (Thread-618) None found
2025-08-12 17:20:44,181 INFO  [io.api.tes.ser.api.KafkaSerdesTester] (Thread-618) None found
2025-08-12 17:20:45,182 INFO  [io.api.tes.ser.api.KafkaSerdesTester] (Thread-618) None found
2025-08-12 17:20:45,202 INFO  [org.apa.kaf.cli.con.int.ConsumerCoordinator] (Thread-618) [Consumer clientId=consumer-Consumer-topic-b4588513_d20e_4651_bb7d_94ddef70fdd5-3, groupId=Consumer-topic-b4588513_d20e_4651_bb7d_94ddef70fdd5] Successfully joined group with generation Generation{generationId=1, memberId='consumer-Consumer-topic-b4588513_d20e_4651_bb7d_94ddef70fdd5-3-14c05823-78b3-411d-9d0b-7eda55b49bee', protocol='range'}
2025-08-12 17:20:45,202 INFO  [org.apa.kaf.cli.con.int.ConsumerCoordinator] (Thread-618) [Consumer clientId=consumer-Consumer-topic-b4588513_d20e_4651_bb7d_94ddef70fdd5-3, groupId=Consumer-topic-b4588513_d20e_4651_bb7d_94ddef70fdd5] Finished assignment for group at generation 1: {consumer-Consumer-topic-b4588513_d20e_4651_bb7d_94ddef70fdd5-3-14c05823-78b3-411d-9d0b-7eda55b49bee=Assignment(partitions=[topic-b4588513_d20e_4651_bb7d_94ddef70fdd5-0])}
2025-08-12 17:20:45,210 INFO  [org.apa.kaf.cli.con.int.ConsumerCoordinator] (Thread-618) [Consumer clientId=consumer-Consumer-topic-b4588513_d20e_4651_bb7d_94ddef70fdd5-3, groupId=Consumer-topic-b4588513_d20e_4651_bb7d_94ddef70fdd5] Successfully synced group in generation Generation{generationId=1, memberId='consumer-Consumer-topic-b4588513_d20e_4651_bb7d_94ddef70fdd5-3-14c05823-78b3-411d-9d0b-7eda55b49bee', protocol='range'}
2025-08-12 17:20:45,210 INFO  [org.apa.kaf.cli.con.int.ConsumerCoordinator] (Thread-618) [Consumer clientId=consumer-Consumer-topic-b4588513_d20e_4651_bb7d_94ddef70fdd5-3, groupId=Consumer-topic-b4588513_d20e_4651_bb7d_94ddef70fdd5] Notifying assignor about the new Assignment(partitions=[topic-b4588513_d20e_4651_bb7d_94ddef70fdd5-0])
2025-08-12 17:20:45,210 INFO  [org.apa.kaf.cli.con.int.ConsumerRebalanceListenerInvoker] (Thread-618) [Consumer clientId=consumer-Consumer-topic-b4588513_d20e_4651_bb7d_94ddef70fdd5-3, groupId=Consumer-topic-b4588513_d20e_4651_bb7d_94ddef70fdd5] Adding newly assigned partitions: topic-b4588513_d20e_4651_bb7d_94ddef70fdd5-0
2025-08-12 17:20:45,211 INFO  [org.apa.kaf.cli.con.int.ConsumerCoordinator] (Thread-618) [Consumer clientId=consumer-Consumer-topic-b4588513_d20e_4651_bb7d_94ddef70fdd5-3, groupId=Consumer-topic-b4588513_d20e_4651_bb7d_94ddef70fdd5] Found no committed offset for partition topic-b4588513_d20e_4651_bb7d_94ddef70fdd5-0
2025-08-12 17:20:45,220 INFO  [org.apa.kaf.cli.con.int.SubscriptionState] (Thread-618) [Consumer clientId=consumer-Consumer-topic-b4588513_d20e_4651_bb7d_94ddef70fdd5-3, groupId=Consumer-topic-b4588513_d20e_4651_bb7d_94ddef70fdd5] Resetting offset for partition topic-b4588513_d20e_4651_bb7d_94ddef70fdd5-0 to position FetchPosition{offset=0, offsetEpoch=Optional.empty, currentLeader=LeaderAndEpoch{leader=Optional[localhost:32769 (id: 0 rack: null)], epoch=0}}.
2025-08-12 17:20:45,445 INFO  [io.api.tes.ser.api.KafkaSerdesTester] (Thread-618) topic-b4588513_d20e_4651_bb7d_94ddef70fdd5 0 0 {"bar": "value-0"}
2025-08-12 17:20:45,445 INFO  [io.api.tes.ser.api.KafkaSerdesTester] (Thread-618) topic-b4588513_d20e_4651_bb7d_94ddef70fdd5 0 1 {"bar": "value-1"}
2025-08-12 17:20:45,445 INFO  [io.api.tes.ser.api.KafkaSerdesTester] (Thread-618) topic-b4588513_d20e_4651_bb7d_94ddef70fdd5 0 2 {"bar": "value-2"}
2025-08-12 17:20:45,445 INFO  [io.api.tes.ser.api.KafkaSerdesTester] (Thread-618) topic-b4588513_d20e_4651_bb7d_94ddef70fdd5 0 3 {"bar": "value-3"}
2025-08-12 17:20:45,446 INFO  [io.api.tes.ser.api.KafkaSerdesTester] (Thread-618) topic-b4588513_d20e_4651_bb7d_94ddef70fdd5 0 4 {"bar": "value-4"}
2025-08-12 17:20:45,446 INFO  [io.api.tes.ser.api.KafkaSerdesTester] (Thread-618) topic-b4588513_d20e_4651_bb7d_94ddef70fdd5 0 5 {"bar": "value-5"}
2025-08-12 17:20:45,446 INFO  [io.api.tes.ser.api.KafkaSerdesTester] (Thread-618) topic-b4588513_d20e_4651_bb7d_94ddef70fdd5 0 6 {"bar": "value-6"}
2025-08-12 17:20:45,446 INFO  [io.api.tes.ser.api.KafkaSerdesTester] (Thread-618) topic-b4588513_d20e_4651_bb7d_94ddef70fdd5 0 7 {"bar": "value-7"}
2025-08-12 17:20:45,446 INFO  [io.api.tes.ser.api.KafkaSerdesTester] (Thread-618) topic-b4588513_d20e_4651_bb7d_94ddef70fdd5 0 8 {"bar": "value-8"}
2025-08-12 17:20:45,446 INFO  [io.api.tes.ser.api.KafkaSerdesTester] (Thread-618) topic-b4588513_d20e_4651_bb7d_94ddef70fdd5 0 9 {"bar": "value-9"}
2025-08-12 17:20:45,446 INFO  [io.api.tes.ser.api.KafkaSerdesTester] (Thread-618) Consumed 10 messages
2025-08-12 17:20:45,453 INFO  [org.apa.kaf.cli.con.int.ConsumerRebalanceListenerInvoker] (Thread-618) [Consumer clientId=consumer-Consumer-topic-b4588513_d20e_4651_bb7d_94ddef70fdd5-3, groupId=Consumer-topic-b4588513_d20e_4651_bb7d_94ddef70fdd5] Revoke previously assigned partitions topic-b4588513_d20e_4651_bb7d_94ddef70fdd5-0
2025-08-12 17:20:45,454 INFO  [org.apa.kaf.cli.con.int.ConsumerCoordinator] (Thread-618) [Consumer clientId=consumer-Consumer-topic-b4588513_d20e_4651_bb7d_94ddef70fdd5-3, groupId=Consumer-topic-b4588513_d20e_4651_bb7d_94ddef70fdd5] Member consumer-Consumer-topic-b4588513_d20e_4651_bb7d_94ddef70fdd5-3-14c05823-78b3-411d-9d0b-7eda55b49bee sending LeaveGroup request to coordinator localhost:32769 (id: 2147483647 rack: null) due to the consumer is being closed
2025-08-12 17:20:45,455 INFO  [org.apa.kaf.cli.con.int.ConsumerCoordinator] (Thread-618) [Consumer clientId=consumer-Consumer-topic-b4588513_d20e_4651_bb7d_94ddef70fdd5-3, groupId=Consumer-topic-b4588513_d20e_4651_bb7d_94ddef70fdd5] Resetting generation and member id due to: consumer pro-actively leaving the group
2025-08-12 17:20:45,455 INFO  [org.apa.kaf.cli.con.int.ConsumerCoordinator] (Thread-618) [Consumer clientId=consumer-Consumer-topic-b4588513_d20e_4651_bb7d_94ddef70fdd5-3, groupId=Consumer-topic-b4588513_d20e_4651_bb7d_94ddef70fdd5] Request joining group due to: consumer pro-actively leaving the group
2025-08-12 17:20:45,952 INFO  [org.apa.kaf.com.met.Metrics] (Thread-618) Metrics scheduler closed
2025-08-12 17:20:45,952 INFO  [org.apa.kaf.com.met.Metrics] (Thread-618) Closing reporter org.apache.kafka.common.metrics.JmxReporter
2025-08-12 17:20:45,952 INFO  [org.apa.kaf.com.met.Metrics] (Thread-618) Closing reporter org.apache.kafka.common.telemetry.internals.ClientTelemetryReporter
2025-08-12 17:20:45,952 INFO  [org.apa.kaf.com.met.Metrics] (Thread-618) Metrics reporters closed
2025-08-12 17:20:45,955 INFO  [org.apa.kaf.com.uti.AppInfoParser] (Thread-618) App info kafka.consumer for consumer-Consumer-topic-b4588513_d20e_4651_bb7d_94ddef70fdd5-3 unregistered
2025-08-12 17:20:45,957 INFO  [io.api.tes.uti.TestSeparator] (main) io.apicurio.tests.serdes.apicurio.AvroSerdeIT.testAvroJSON-FINISHED
2025-08-12 17:20:45,957 INFO  [io.api.tes.uti.TestSeparator] (main) ############################################################################
Test passed: testAvroJSON
]]></system-out>
  </testcase>
  <testcase name="testTopicIdStrategyAutoRegister" classname="io.apicurio.tests.serdes.apicurio.AvroSerdeIT" time="4.306">
    <system-out><![CDATA[2025-08-12 17:20:45,962 INFO  [io.api.tes.uti.TestSeparator] (main) ############################################################################
2025-08-12 17:20:45,962 INFO  [io.api.tes.uti.TestSeparator] (main) io.apicurio.tests.serdes.apicurio.AvroSerdeIT.testTopicIdStrategyAutoRegister-STARTED
**** Registry Base URL: http://registry-app-inmemory.apps.ci419.apicurio-testing.org:80
2025-08-12 17:20:45,965 INFO  [org.apa.kaf.cli.pro.ProducerConfig] (main) ProducerConfig values: 
	acks = -1
	auto.include.jmx.reporter = true
	batch.size = 16384
	bootstrap.servers = [PLAINTEXT://localhost:32769]
	buffer.memory = 33554432
	client.dns.lookup = use_all_dns_ips
	client.id = Producer-topic-61ed9a7f_907e_470e_990c_74075c4fa33a
	compression.gzip.level = -1
	compression.lz4.level = 9
	compression.type = none
	compression.zstd.level = 3
	connections.max.idle.ms = 10000
	delivery.timeout.ms = 120000
	enable.idempotence = true
	enable.metrics.push = true
	interceptor.classes = []
	key.serializer = class org.apache.kafka.common.serialization.StringSerializer
	linger.ms = 0
	max.block.ms = 60000
	max.in.flight.requests.per.connection = 5
	max.request.size = 1048576
	metadata.max.age.ms = 300000
	metadata.max.idle.ms = 300000
	metadata.recovery.strategy = none
	metric.reporters = []
	metrics.num.samples = 2
	metrics.recording.level = INFO
	metrics.sample.window.ms = 30000
	partitioner.adaptive.partitioning.enable = true
	partitioner.availability.timeout.ms = 0
	partitioner.class = null
	partitioner.ignore.keys = false
	receive.buffer.bytes = 32768
	reconnect.backoff.max.ms = 1000
	reconnect.backoff.ms = 50
	request.timeout.ms = 5000
	retries = 2147483647
	retry.backoff.max.ms = 1000
	retry.backoff.ms = 100
	sasl.client.callback.handler.class = null
	sasl.jaas.config = null
	sasl.kerberos.kinit.cmd = /usr/bin/kinit
	sasl.kerberos.min.time.before.relogin = 60000
	sasl.kerberos.service.name = null
	sasl.kerberos.ticket.renew.jitter = 0.05
	sasl.kerberos.ticket.renew.window.factor = 0.8
	sasl.login.callback.handler.class = null
	sasl.login.class = null
	sasl.login.connect.timeout.ms = null
	sasl.login.read.timeout.ms = null
	sasl.login.refresh.buffer.seconds = 300
	sasl.login.refresh.min.period.seconds = 60
	sasl.login.refresh.window.factor = 0.8
	sasl.login.refresh.window.jitter = 0.05
	sasl.login.retry.backoff.max.ms = 10000
	sasl.login.retry.backoff.ms = 100
	sasl.mechanism = GSSAPI
	sasl.oauthbearer.clock.skew.seconds = 30
	sasl.oauthbearer.expected.audience = null
	sasl.oauthbearer.expected.issuer = null
	sasl.oauthbearer.header.urlencode = false
	sasl.oauthbearer.jwks.endpoint.refresh.ms = 3600000
	sasl.oauthbearer.jwks.endpoint.retry.backoff.max.ms = 10000
	sasl.oauthbearer.jwks.endpoint.retry.backoff.ms = 100
	sasl.oauthbearer.jwks.endpoint.url = null
	sasl.oauthbearer.scope.claim.name = scope
	sasl.oauthbearer.sub.claim.name = sub
	sasl.oauthbearer.token.endpoint.url = null
	security.protocol = PLAINTEXT
	security.providers = null
	send.buffer.bytes = 131072
	socket.connection.setup.timeout.max.ms = 30000
	socket.connection.setup.timeout.ms = 10000
	ssl.cipher.suites = null
	ssl.enabled.protocols = [TLSv1.2, TLSv1.3]
	ssl.endpoint.identification.algorithm = https
	ssl.engine.factory.class = null
	ssl.key.password = null
	ssl.keymanager.algorithm = SunX509
	ssl.keystore.certificate.chain = null
	ssl.keystore.key = null
	ssl.keystore.location = null
	ssl.keystore.password = null
	ssl.keystore.type = JKS
	ssl.protocol = TLSv1.3
	ssl.provider = null
	ssl.secure.random.implementation = null
	ssl.trustmanager.algorithm = PKIX
	ssl.truststore.certificates = null
	ssl.truststore.location = null
	ssl.truststore.password = null
	ssl.truststore.type = JKS
	transaction.timeout.ms = 60000
	transactional.id = null
	value.serializer = class io.apicurio.registry.serde.avro.AvroKafkaSerializer

2025-08-12 17:20:45,965 INFO  [org.apa.kaf.com.tel.int.KafkaMetricsCollector] (main) initializing Kafka metrics collector
2025-08-12 17:20:45,983 INFO  [org.apa.kaf.cli.pro.KafkaProducer] (main) [Producer clientId=Producer-topic-61ed9a7f_907e_470e_990c_74075c4fa33a] Instantiated an idempotent producer.
2025-08-12 17:20:45,988 INFO  [org.apa.kaf.cli.pro.ProducerConfig] (main) These configurations '[apicurio.registry.url, apicurio.registry.auto-register, apicurio.registry.artifact-resolver-strategy]' were supplied but are not used yet.
2025-08-12 17:20:45,988 INFO  [org.apa.kaf.com.uti.AppInfoParser] (main) Kafka version: 3.9.1
2025-08-12 17:20:45,988 INFO  [org.apa.kaf.com.uti.AppInfoParser] (main) Kafka commitId: f745dfdcee2b9851
2025-08-12 17:20:45,988 INFO  [org.apa.kaf.com.uti.AppInfoParser] (main) Kafka startTimeMs: 1755019245988
2025-08-12 17:20:45,989 INFO  [io.api.tes.ser.api.SimpleSerdesTesterBuilder$SimpleSerdesTester] (main) Using producer configuration: {apicurio.registry.url=http://registry-app-inmemory.apps.ci419.apicurio-testing.org:80/apis/registry/v3, apicurio.registry.auto-register=true, apicurio.registry.artifact-resolver-strategy=io.apicurio.registry.serde.strategy.TopicIdStrategy, value.serializer=io.apicurio.registry.serde.avro.AvroKafkaSerializer, request.timeout.ms=5000, acks=all, bootstrap.servers=PLAINTEXT://localhost:32769, connections.max.idle.ms=10000, key.serializer=org.apache.kafka.common.serialization.StringSerializer, client.id=Producer-topic-61ed9a7f_907e_470e_990c_74075c4fa33a}
2025-08-12 17:20:45,989 INFO  [io.api.tes.ser.api.SimpleSerdesTesterBuilder$SimpleSerdesTester] (main) Using consumer configuration: {}
2025-08-12 17:20:45,994 INFO  [io.api.tes.ser.api.KafkaSerdesTester] (Thread-621) Sending message {"key11755019245963": "value-0"} to topic topic-61ed9a7f_907e_470e_990c_74075c4fa33a
2025-08-12 17:20:45,995 INFO  [org.apa.kaf.cli.Metadata] (kafka-producer-network-thread | Producer-topic-61ed9a7f_907e_470e_990c_74075c4fa33a) [Producer clientId=Producer-topic-61ed9a7f_907e_470e_990c_74075c4fa33a] Cluster ID: Ursznb63T6OTazTEUvngGA
2025-08-12 17:20:46,000 INFO  [org.apa.kaf.cli.pro.int.TransactionManager] (kafka-producer-network-thread | Producer-topic-61ed9a7f_907e_470e_990c_74075c4fa33a) [Producer clientId=Producer-topic-61ed9a7f_907e_470e_990c_74075c4fa33a] ProducerId set to 4 with epoch 0
2025-08-12 17:20:46,182 INFO  [io.api.tes.ser.api.KafkaSerdesTester] (Thread-621) Sending message {"key11755019245963": "value-1"} to topic topic-61ed9a7f_907e_470e_990c_74075c4fa33a
2025-08-12 17:20:46,185 INFO  [io.api.tes.ser.api.KafkaSerdesTester] (Thread-621) Sending message {"key11755019245963": "value-2"} to topic topic-61ed9a7f_907e_470e_990c_74075c4fa33a
2025-08-12 17:20:46,192 INFO  [io.api.tes.ser.api.KafkaSerdesTester] (Thread-621) Sending message {"key11755019245963": "value-3"} to topic topic-61ed9a7f_907e_470e_990c_74075c4fa33a
2025-08-12 17:20:46,196 INFO  [io.api.tes.ser.api.KafkaSerdesTester] (Thread-621) Sending message {"key11755019245963": "value-4"} to topic topic-61ed9a7f_907e_470e_990c_74075c4fa33a
2025-08-12 17:20:46,198 INFO  [io.api.tes.ser.api.KafkaSerdesTester] (Thread-621) Sending message {"key11755019245963": "value-5"} to topic topic-61ed9a7f_907e_470e_990c_74075c4fa33a
2025-08-12 17:20:46,200 INFO  [io.api.tes.ser.api.KafkaSerdesTester] (Thread-621) Sending message {"key11755019245963": "value-6"} to topic topic-61ed9a7f_907e_470e_990c_74075c4fa33a
2025-08-12 17:20:46,202 INFO  [io.api.tes.ser.api.KafkaSerdesTester] (Thread-621) Sending message {"key11755019245963": "value-7"} to topic topic-61ed9a7f_907e_470e_990c_74075c4fa33a
2025-08-12 17:20:46,204 INFO  [io.api.tes.ser.api.KafkaSerdesTester] (Thread-621) Sending message {"key11755019245963": "value-8"} to topic topic-61ed9a7f_907e_470e_990c_74075c4fa33a
2025-08-12 17:20:46,206 INFO  [io.api.tes.ser.api.KafkaSerdesTester] (Thread-621) Sending message {"key11755019245963": "value-9"} to topic topic-61ed9a7f_907e_470e_990c_74075c4fa33a
2025-08-12 17:20:46,208 INFO  [io.api.tes.ser.api.KafkaSerdesTester] (Thread-621) Produced 10 messages
2025-08-12 17:20:46,209 INFO  [org.apa.kaf.cli.pro.KafkaProducer] (Thread-621) [Producer clientId=Producer-topic-61ed9a7f_907e_470e_990c_74075c4fa33a] Closing the Kafka producer with timeoutMillis = 9223372036854775807 ms.
2025-08-12 17:20:46,212 INFO  [org.apa.kaf.com.met.Metrics] (Thread-621) Metrics scheduler closed
2025-08-12 17:20:46,212 INFO  [org.apa.kaf.com.met.Metrics] (Thread-621) Closing reporter org.apache.kafka.common.metrics.JmxReporter
2025-08-12 17:20:46,212 INFO  [org.apa.kaf.com.met.Metrics] (Thread-621) Closing reporter org.apache.kafka.common.telemetry.internals.ClientTelemetryReporter
2025-08-12 17:20:46,212 INFO  [org.apa.kaf.com.met.Metrics] (Thread-621) Metrics reporters closed
2025-08-12 17:20:46,213 INFO  [org.apa.kaf.com.uti.AppInfoParser] (Thread-621) App info kafka.producer for Producer-topic-61ed9a7f_907e_470e_990c_74075c4fa33a unregistered
**** Registry Base URL: http://registry-app-inmemory.apps.ci419.apicurio-testing.org:80
2025-08-12 17:20:46,356 INFO  [org.apa.kaf.cli.con.ConsumerConfig] (main) ConsumerConfig values: 
	allow.auto.create.topics = true
	auto.commit.interval.ms = 500
	auto.include.jmx.reporter = true
	auto.offset.reset = earliest
	bootstrap.servers = [PLAINTEXT://localhost:32769]
	check.crcs = true
	client.dns.lookup = use_all_dns_ips
	client.id = consumer-Consumer-topic-61ed9a7f_907e_470e_990c_74075c4fa33a-4
	client.rack = 
	connections.max.idle.ms = 10000
	default.api.timeout.ms = 60000
	enable.auto.commit = true
	enable.metrics.push = true
	exclude.internal.topics = true
	fetch.max.bytes = 52428800
	fetch.max.wait.ms = 500
	fetch.min.bytes = 1
	group.id = Consumer-topic-61ed9a7f_907e_470e_990c_74075c4fa33a
	group.instance.id = null
	group.protocol = classic
	group.remote.assignor = null
	heartbeat.interval.ms = 3000
	interceptor.classes = []
	internal.leave.group.on.close = true
	internal.throw.on.fetch.stable.offset.unsupported = false
	isolation.level = read_uncommitted
	key.deserializer = class org.apache.kafka.common.serialization.StringDeserializer
	max.partition.fetch.bytes = 1048576
	max.poll.interval.ms = 300000
	max.poll.records = 500
	metadata.max.age.ms = 300000
	metadata.recovery.strategy = none
	metric.reporters = []
	metrics.num.samples = 2
	metrics.recording.level = INFO
	metrics.sample.window.ms = 30000
	partition.assignment.strategy = [class org.apache.kafka.clients.consumer.RangeAssignor, class org.apache.kafka.clients.consumer.CooperativeStickyAssignor]
	receive.buffer.bytes = 65536
	reconnect.backoff.max.ms = 1000
	reconnect.backoff.ms = 50
	request.timeout.ms = 5000
	retry.backoff.max.ms = 1000
	retry.backoff.ms = 100
	sasl.client.callback.handler.class = null
	sasl.jaas.config = null
	sasl.kerberos.kinit.cmd = /usr/bin/kinit
	sasl.kerberos.min.time.before.relogin = 60000
	sasl.kerberos.service.name = null
	sasl.kerberos.ticket.renew.jitter = 0.05
	sasl.kerberos.ticket.renew.window.factor = 0.8
	sasl.login.callback.handler.class = null
	sasl.login.class = null
	sasl.login.connect.timeout.ms = null
	sasl.login.read.timeout.ms = null
	sasl.login.refresh.buffer.seconds = 300
	sasl.login.refresh.min.period.seconds = 60
	sasl.login.refresh.window.factor = 0.8
	sasl.login.refresh.window.jitter = 0.05
	sasl.login.retry.backoff.max.ms = 10000
	sasl.login.retry.backoff.ms = 100
	sasl.mechanism = GSSAPI
	sasl.oauthbearer.clock.skew.seconds = 30
	sasl.oauthbearer.expected.audience = null
	sasl.oauthbearer.expected.issuer = null
	sasl.oauthbearer.header.urlencode = false
	sasl.oauthbearer.jwks.endpoint.refresh.ms = 3600000
	sasl.oauthbearer.jwks.endpoint.retry.backoff.max.ms = 10000
	sasl.oauthbearer.jwks.endpoint.retry.backoff.ms = 100
	sasl.oauthbearer.jwks.endpoint.url = null
	sasl.oauthbearer.scope.claim.name = scope
	sasl.oauthbearer.sub.claim.name = sub
	sasl.oauthbearer.token.endpoint.url = null
	security.protocol = PLAINTEXT
	security.providers = null
	send.buffer.bytes = 131072
	session.timeout.ms = 45000
	socket.connection.setup.timeout.max.ms = 30000
	socket.connection.setup.timeout.ms = 10000
	ssl.cipher.suites = null
	ssl.enabled.protocols = [TLSv1.2, TLSv1.3]
	ssl.endpoint.identification.algorithm = https
	ssl.engine.factory.class = null
	ssl.key.password = null
	ssl.keymanager.algorithm = SunX509
	ssl.keystore.certificate.chain = null
	ssl.keystore.key = null
	ssl.keystore.location = null
	ssl.keystore.password = null
	ssl.keystore.type = JKS
	ssl.protocol = TLSv1.3
	ssl.provider = null
	ssl.secure.random.implementation = null
	ssl.trustmanager.algorithm = PKIX
	ssl.truststore.certificates = null
	ssl.truststore.location = null
	ssl.truststore.password = null
	ssl.truststore.type = JKS
	value.deserializer = class io.apicurio.registry.serde.avro.AvroKafkaDeserializer

2025-08-12 17:20:46,356 INFO  [org.apa.kaf.com.tel.int.KafkaMetricsCollector] (main) initializing Kafka metrics collector
2025-08-12 17:20:46,363 INFO  [org.apa.kaf.cli.con.ConsumerConfig] (main) These configurations '[apicurio.registry.url]' were supplied but are not used yet.
2025-08-12 17:20:46,363 INFO  [org.apa.kaf.com.uti.AppInfoParser] (main) Kafka version: 3.9.1
2025-08-12 17:20:46,363 INFO  [org.apa.kaf.com.uti.AppInfoParser] (main) Kafka commitId: f745dfdcee2b9851
2025-08-12 17:20:46,363 INFO  [org.apa.kaf.com.uti.AppInfoParser] (main) Kafka startTimeMs: 1755019246363
2025-08-12 17:20:46,364 INFO  [org.apa.kaf.cli.con.int.ClassicKafkaConsumer] (Thread-624) [Consumer clientId=consumer-Consumer-topic-61ed9a7f_907e_470e_990c_74075c4fa33a-4, groupId=Consumer-topic-61ed9a7f_907e_470e_990c_74075c4fa33a] Subscribed to topic(s): topic-61ed9a7f_907e_470e_990c_74075c4fa33a
2025-08-12 17:20:46,373 INFO  [org.apa.kaf.cli.Metadata] (Thread-624) [Consumer clientId=consumer-Consumer-topic-61ed9a7f_907e_470e_990c_74075c4fa33a-4, groupId=Consumer-topic-61ed9a7f_907e_470e_990c_74075c4fa33a] Cluster ID: Ursznb63T6OTazTEUvngGA
2025-08-12 17:20:46,375 INFO  [org.apa.kaf.cli.con.int.ConsumerCoordinator] (Thread-624) [Consumer clientId=consumer-Consumer-topic-61ed9a7f_907e_470e_990c_74075c4fa33a-4, groupId=Consumer-topic-61ed9a7f_907e_470e_990c_74075c4fa33a] Discovered group coordinator localhost:32769 (id: 2147483647 rack: null)
2025-08-12 17:20:46,378 INFO  [org.apa.kaf.cli.con.int.ConsumerCoordinator] (Thread-624) [Consumer clientId=consumer-Consumer-topic-61ed9a7f_907e_470e_990c_74075c4fa33a-4, groupId=Consumer-topic-61ed9a7f_907e_470e_990c_74075c4fa33a] (Re-)joining group
2025-08-12 17:20:46,381 INFO  [org.apa.kaf.cli.con.int.ConsumerCoordinator] (Thread-624) [Consumer clientId=consumer-Consumer-topic-61ed9a7f_907e_470e_990c_74075c4fa33a-4, groupId=Consumer-topic-61ed9a7f_907e_470e_990c_74075c4fa33a] Request joining group due to: need to re-join with the given member-id: consumer-Consumer-topic-61ed9a7f_907e_470e_990c_74075c4fa33a-4-584f0801-0f4a-4bb5-9549-77c5233d3324
2025-08-12 17:20:46,381 INFO  [org.apa.kaf.cli.con.int.ConsumerCoordinator] (Thread-624) [Consumer clientId=consumer-Consumer-topic-61ed9a7f_907e_470e_990c_74075c4fa33a-4, groupId=Consumer-topic-61ed9a7f_907e_470e_990c_74075c4fa33a] (Re-)joining group
2025-08-12 17:20:47,364 INFO  [io.api.tes.ser.api.KafkaSerdesTester] (Thread-624) None found
2025-08-12 17:20:48,364 INFO  [io.api.tes.ser.api.KafkaSerdesTester] (Thread-624) None found
2025-08-12 17:20:49,364 INFO  [io.api.tes.ser.api.KafkaSerdesTester] (Thread-624) None found
2025-08-12 17:20:49,384 INFO  [org.apa.kaf.cli.con.int.ConsumerCoordinator] (Thread-624) [Consumer clientId=consumer-Consumer-topic-61ed9a7f_907e_470e_990c_74075c4fa33a-4, groupId=Consumer-topic-61ed9a7f_907e_470e_990c_74075c4fa33a] Successfully joined group with generation Generation{generationId=1, memberId='consumer-Consumer-topic-61ed9a7f_907e_470e_990c_74075c4fa33a-4-584f0801-0f4a-4bb5-9549-77c5233d3324', protocol='range'}
2025-08-12 17:20:49,384 INFO  [org.apa.kaf.cli.con.int.ConsumerCoordinator] (Thread-624) [Consumer clientId=consumer-Consumer-topic-61ed9a7f_907e_470e_990c_74075c4fa33a-4, groupId=Consumer-topic-61ed9a7f_907e_470e_990c_74075c4fa33a] Finished assignment for group at generation 1: {consumer-Consumer-topic-61ed9a7f_907e_470e_990c_74075c4fa33a-4-584f0801-0f4a-4bb5-9549-77c5233d3324=Assignment(partitions=[topic-61ed9a7f_907e_470e_990c_74075c4fa33a-0])}
2025-08-12 17:20:49,392 INFO  [org.apa.kaf.cli.con.int.ConsumerCoordinator] (Thread-624) [Consumer clientId=consumer-Consumer-topic-61ed9a7f_907e_470e_990c_74075c4fa33a-4, groupId=Consumer-topic-61ed9a7f_907e_470e_990c_74075c4fa33a] Successfully synced group in generation Generation{generationId=1, memberId='consumer-Consumer-topic-61ed9a7f_907e_470e_990c_74075c4fa33a-4-584f0801-0f4a-4bb5-9549-77c5233d3324', protocol='range'}
2025-08-12 17:20:49,392 INFO  [org.apa.kaf.cli.con.int.ConsumerCoordinator] (Thread-624) [Consumer clientId=consumer-Consumer-topic-61ed9a7f_907e_470e_990c_74075c4fa33a-4, groupId=Consumer-topic-61ed9a7f_907e_470e_990c_74075c4fa33a] Notifying assignor about the new Assignment(partitions=[topic-61ed9a7f_907e_470e_990c_74075c4fa33a-0])
2025-08-12 17:20:49,392 INFO  [org.apa.kaf.cli.con.int.ConsumerRebalanceListenerInvoker] (Thread-624) [Consumer clientId=consumer-Consumer-topic-61ed9a7f_907e_470e_990c_74075c4fa33a-4, groupId=Consumer-topic-61ed9a7f_907e_470e_990c_74075c4fa33a] Adding newly assigned partitions: topic-61ed9a7f_907e_470e_990c_74075c4fa33a-0
2025-08-12 17:20:49,393 INFO  [org.apa.kaf.cli.con.int.ConsumerCoordinator] (Thread-624) [Consumer clientId=consumer-Consumer-topic-61ed9a7f_907e_470e_990c_74075c4fa33a-4, groupId=Consumer-topic-61ed9a7f_907e_470e_990c_74075c4fa33a] Found no committed offset for partition topic-61ed9a7f_907e_470e_990c_74075c4fa33a-0
2025-08-12 17:20:49,397 INFO  [org.apa.kaf.cli.con.int.SubscriptionState] (Thread-624) [Consumer clientId=consumer-Consumer-topic-61ed9a7f_907e_470e_990c_74075c4fa33a-4, groupId=Consumer-topic-61ed9a7f_907e_470e_990c_74075c4fa33a] Resetting offset for partition topic-61ed9a7f_907e_470e_990c_74075c4fa33a-0 to position FetchPosition{offset=0, offsetEpoch=Optional.empty, currentLeader=LeaderAndEpoch{leader=Optional[localhost:32769 (id: 0 rack: null)], epoch=0}}.
2025-08-12 17:20:49,613 INFO  [io.api.tes.ser.api.KafkaSerdesTester] (Thread-624) topic-61ed9a7f_907e_470e_990c_74075c4fa33a 0 0 {"key11755019245963": "value-0"}
2025-08-12 17:20:49,613 INFO  [io.api.tes.ser.api.KafkaSerdesTester] (Thread-624) topic-61ed9a7f_907e_470e_990c_74075c4fa33a 0 1 {"key11755019245963": "value-1"}
2025-08-12 17:20:49,614 INFO  [io.api.tes.ser.api.KafkaSerdesTester] (Thread-624) topic-61ed9a7f_907e_470e_990c_74075c4fa33a 0 2 {"key11755019245963": "value-2"}
2025-08-12 17:20:49,614 INFO  [io.api.tes.ser.api.KafkaSerdesTester] (Thread-624) topic-61ed9a7f_907e_470e_990c_74075c4fa33a 0 3 {"key11755019245963": "value-3"}
2025-08-12 17:20:49,614 INFO  [io.api.tes.ser.api.KafkaSerdesTester] (Thread-624) topic-61ed9a7f_907e_470e_990c_74075c4fa33a 0 4 {"key11755019245963": "value-4"}
2025-08-12 17:20:49,614 INFO  [io.api.tes.ser.api.KafkaSerdesTester] (Thread-624) topic-61ed9a7f_907e_470e_990c_74075c4fa33a 0 5 {"key11755019245963": "value-5"}
2025-08-12 17:20:49,614 INFO  [io.api.tes.ser.api.KafkaSerdesTester] (Thread-624) topic-61ed9a7f_907e_470e_990c_74075c4fa33a 0 6 {"key11755019245963": "value-6"}
2025-08-12 17:20:49,614 INFO  [io.api.tes.ser.api.KafkaSerdesTester] (Thread-624) topic-61ed9a7f_907e_470e_990c_74075c4fa33a 0 7 {"key11755019245963": "value-7"}
2025-08-12 17:20:49,614 INFO  [io.api.tes.ser.api.KafkaSerdesTester] (Thread-624) topic-61ed9a7f_907e_470e_990c_74075c4fa33a 0 8 {"key11755019245963": "value-8"}
2025-08-12 17:20:49,615 INFO  [io.api.tes.ser.api.KafkaSerdesTester] (Thread-624) topic-61ed9a7f_907e_470e_990c_74075c4fa33a 0 9 {"key11755019245963": "value-9"}
2025-08-12 17:20:49,615 INFO  [io.api.tes.ser.api.KafkaSerdesTester] (Thread-624) Consumed 10 messages
2025-08-12 17:20:49,622 INFO  [org.apa.kaf.cli.con.int.ConsumerRebalanceListenerInvoker] (Thread-624) [Consumer clientId=consumer-Consumer-topic-61ed9a7f_907e_470e_990c_74075c4fa33a-4, groupId=Consumer-topic-61ed9a7f_907e_470e_990c_74075c4fa33a] Revoke previously assigned partitions topic-61ed9a7f_907e_470e_990c_74075c4fa33a-0
2025-08-12 17:20:49,623 INFO  [org.apa.kaf.cli.con.int.ConsumerCoordinator] (Thread-624) [Consumer clientId=consumer-Consumer-topic-61ed9a7f_907e_470e_990c_74075c4fa33a-4, groupId=Consumer-topic-61ed9a7f_907e_470e_990c_74075c4fa33a] Member consumer-Consumer-topic-61ed9a7f_907e_470e_990c_74075c4fa33a-4-584f0801-0f4a-4bb5-9549-77c5233d3324 sending LeaveGroup request to coordinator localhost:32769 (id: 2147483647 rack: null) due to the consumer is being closed
2025-08-12 17:20:49,623 INFO  [org.apa.kaf.cli.con.int.ConsumerCoordinator] (Thread-624) [Consumer clientId=consumer-Consumer-topic-61ed9a7f_907e_470e_990c_74075c4fa33a-4, groupId=Consumer-topic-61ed9a7f_907e_470e_990c_74075c4fa33a] Resetting generation and member id due to: consumer pro-actively leaving the group
2025-08-12 17:20:49,623 INFO  [org.apa.kaf.cli.con.int.ConsumerCoordinator] (Thread-624) [Consumer clientId=consumer-Consumer-topic-61ed9a7f_907e_470e_990c_74075c4fa33a-4, groupId=Consumer-topic-61ed9a7f_907e_470e_990c_74075c4fa33a] Request joining group due to: consumer pro-actively leaving the group
2025-08-12 17:20:50,117 INFO  [org.apa.kaf.com.met.Metrics] (Thread-624) Metrics scheduler closed
2025-08-12 17:20:50,117 INFO  [org.apa.kaf.com.met.Metrics] (Thread-624) Closing reporter org.apache.kafka.common.metrics.JmxReporter
2025-08-12 17:20:50,117 INFO  [org.apa.kaf.com.met.Metrics] (Thread-624) Closing reporter org.apache.kafka.common.telemetry.internals.ClientTelemetryReporter
2025-08-12 17:20:50,117 INFO  [org.apa.kaf.com.met.Metrics] (Thread-624) Metrics reporters closed
2025-08-12 17:20:50,121 INFO  [org.apa.kaf.com.uti.AppInfoParser] (Thread-624) App info kafka.consumer for consumer-Consumer-topic-61ed9a7f_907e_470e_990c_74075c4fa33a-4 unregistered
2025-08-12 17:20:50,265 INFO  [io.api.tes.uti.TestSeparator] (main) io.apicurio.tests.serdes.apicurio.AvroSerdeIT.testTopicIdStrategyAutoRegister-FINISHED
2025-08-12 17:20:50,265 INFO  [io.api.tes.uti.TestSeparator] (main) ############################################################################
Test passed: testTopicIdStrategyAutoRegister
]]></system-out>
  </testcase>
  <testcase name="testRecordIdStrategydFindLatest" classname="io.apicurio.tests.serdes.apicurio.AvroSerdeIT" time="5.261">
    <system-out><![CDATA[2025-08-12 17:20:50,267 INFO  [io.api.tes.uti.TestSeparator] (main) ############################################################################
2025-08-12 17:20:50,267 INFO  [io.api.tes.uti.TestSeparator] (main) io.apicurio.tests.serdes.apicurio.AvroSerdeIT.testRecordIdStrategydFindLatest-STARTED
2025-08-12 17:20:50,267 INFO  [io.api.tes.ser.api.AvroSerdeIT] (main) Registering Avro Schema: {"type":"record","name":"s0ce9d961xcbc4x4339x819bx41236db2b765","namespace":"sfd7e0669x059ax4cfdx841cx36fdaee6a974","fields":[{"name":"key11755019250267","type":"string"}]}
**** Registry Base URL: http://registry-app-inmemory.apps.ci419.apicurio-testing.org:80
2025-08-12 17:20:51,415 INFO  [org.apa.kaf.cli.pro.ProducerConfig] (main) ProducerConfig values: 
	acks = -1
	auto.include.jmx.reporter = true
	batch.size = 16384
	bootstrap.servers = [PLAINTEXT://localhost:32769]
	buffer.memory = 33554432
	client.dns.lookup = use_all_dns_ips
	client.id = Producer-topic-4d894e54_e829_4286_8506_2f00874c9872
	compression.gzip.level = -1
	compression.lz4.level = 9
	compression.type = none
	compression.zstd.level = 3
	connections.max.idle.ms = 10000
	delivery.timeout.ms = 120000
	enable.idempotence = true
	enable.metrics.push = true
	interceptor.classes = []
	key.serializer = class org.apache.kafka.common.serialization.StringSerializer
	linger.ms = 0
	max.block.ms = 60000
	max.in.flight.requests.per.connection = 5
	max.request.size = 1048576
	metadata.max.age.ms = 300000
	metadata.max.idle.ms = 300000
	metadata.recovery.strategy = none
	metric.reporters = []
	metrics.num.samples = 2
	metrics.recording.level = INFO
	metrics.sample.window.ms = 30000
	partitioner.adaptive.partitioning.enable = true
	partitioner.availability.timeout.ms = 0
	partitioner.class = null
	partitioner.ignore.keys = false
	receive.buffer.bytes = 32768
	reconnect.backoff.max.ms = 1000
	reconnect.backoff.ms = 50
	request.timeout.ms = 5000
	retries = 2147483647
	retry.backoff.max.ms = 1000
	retry.backoff.ms = 100
	sasl.client.callback.handler.class = null
	sasl.jaas.config = null
	sasl.kerberos.kinit.cmd = /usr/bin/kinit
	sasl.kerberos.min.time.before.relogin = 60000
	sasl.kerberos.service.name = null
	sasl.kerberos.ticket.renew.jitter = 0.05
	sasl.kerberos.ticket.renew.window.factor = 0.8
	sasl.login.callback.handler.class = null
	sasl.login.class = null
	sasl.login.connect.timeout.ms = null
	sasl.login.read.timeout.ms = null
	sasl.login.refresh.buffer.seconds = 300
	sasl.login.refresh.min.period.seconds = 60
	sasl.login.refresh.window.factor = 0.8
	sasl.login.refresh.window.jitter = 0.05
	sasl.login.retry.backoff.max.ms = 10000
	sasl.login.retry.backoff.ms = 100
	sasl.mechanism = GSSAPI
	sasl.oauthbearer.clock.skew.seconds = 30
	sasl.oauthbearer.expected.audience = null
	sasl.oauthbearer.expected.issuer = null
	sasl.oauthbearer.header.urlencode = false
	sasl.oauthbearer.jwks.endpoint.refresh.ms = 3600000
	sasl.oauthbearer.jwks.endpoint.retry.backoff.max.ms = 10000
	sasl.oauthbearer.jwks.endpoint.retry.backoff.ms = 100
	sasl.oauthbearer.jwks.endpoint.url = null
	sasl.oauthbearer.scope.claim.name = scope
	sasl.oauthbearer.sub.claim.name = sub
	sasl.oauthbearer.token.endpoint.url = null
	security.protocol = PLAINTEXT
	security.providers = null
	send.buffer.bytes = 131072
	socket.connection.setup.timeout.max.ms = 30000
	socket.connection.setup.timeout.ms = 10000
	ssl.cipher.suites = null
	ssl.enabled.protocols = [TLSv1.2, TLSv1.3]
	ssl.endpoint.identification.algorithm = https
	ssl.engine.factory.class = null
	ssl.key.password = null
	ssl.keymanager.algorithm = SunX509
	ssl.keystore.certificate.chain = null
	ssl.keystore.key = null
	ssl.keystore.location = null
	ssl.keystore.password = null
	ssl.keystore.type = JKS
	ssl.protocol = TLSv1.3
	ssl.provider = null
	ssl.secure.random.implementation = null
	ssl.trustmanager.algorithm = PKIX
	ssl.truststore.certificates = null
	ssl.truststore.location = null
	ssl.truststore.password = null
	ssl.truststore.type = JKS
	transaction.timeout.ms = 60000
	transactional.id = null
	value.serializer = class io.apicurio.registry.serde.avro.AvroKafkaSerializer

2025-08-12 17:20:51,415 INFO  [org.apa.kaf.com.tel.int.KafkaMetricsCollector] (main) initializing Kafka metrics collector
2025-08-12 17:20:51,419 INFO  [org.apa.kaf.cli.pro.KafkaProducer] (main) [Producer clientId=Producer-topic-4d894e54_e829_4286_8506_2f00874c9872] Instantiated an idempotent producer.
2025-08-12 17:20:51,421 INFO  [org.apa.kaf.cli.pro.ProducerConfig] (main) These configurations '[apicurio.registry.find-latest, apicurio.registry.url, apicurio.registry.artifact-resolver-strategy]' were supplied but are not used yet.
2025-08-12 17:20:51,422 INFO  [org.apa.kaf.com.uti.AppInfoParser] (main) Kafka version: 3.9.1
2025-08-12 17:20:51,422 INFO  [org.apa.kaf.com.uti.AppInfoParser] (main) Kafka commitId: f745dfdcee2b9851
2025-08-12 17:20:51,422 INFO  [org.apa.kaf.com.uti.AppInfoParser] (main) Kafka startTimeMs: 1755019251422
2025-08-12 17:20:51,422 INFO  [io.api.tes.ser.api.SimpleSerdesTesterBuilder$SimpleSerdesTester] (main) Using producer configuration: {apicurio.registry.find-latest=true, apicurio.registry.url=http://registry-app-inmemory.apps.ci419.apicurio-testing.org:80/apis/registry/v3, apicurio.registry.artifact-resolver-strategy=io.apicurio.registry.serde.avro.strategy.RecordIdStrategy, value.serializer=io.apicurio.registry.serde.avro.AvroKafkaSerializer, request.timeout.ms=5000, acks=all, bootstrap.servers=PLAINTEXT://localhost:32769, connections.max.idle.ms=10000, key.serializer=org.apache.kafka.common.serialization.StringSerializer, client.id=Producer-topic-4d894e54_e829_4286_8506_2f00874c9872}
2025-08-12 17:20:51,422 INFO  [io.api.tes.ser.api.SimpleSerdesTesterBuilder$SimpleSerdesTester] (main) Using consumer configuration: {}
2025-08-12 17:20:51,424 INFO  [io.api.tes.ser.api.KafkaSerdesTester] (Thread-627) Sending message {"key11755019250267": "value-0"} to topic topic-4d894e54_e829_4286_8506_2f00874c9872
2025-08-12 17:20:51,430 INFO  [org.apa.kaf.cli.Metadata] (kafka-producer-network-thread | Producer-topic-4d894e54_e829_4286_8506_2f00874c9872) [Producer clientId=Producer-topic-4d894e54_e829_4286_8506_2f00874c9872] Cluster ID: Ursznb63T6OTazTEUvngGA
2025-08-12 17:20:51,430 INFO  [org.apa.kaf.cli.pro.int.TransactionManager] (kafka-producer-network-thread | Producer-topic-4d894e54_e829_4286_8506_2f00874c9872) [Producer clientId=Producer-topic-4d894e54_e829_4286_8506_2f00874c9872] ProducerId set to 5 with epoch 0
2025-08-12 17:20:51,717 INFO  [io.api.tes.ser.api.KafkaSerdesTester] (Thread-627) Sending message {"key11755019250267": "value-1"} to topic topic-4d894e54_e829_4286_8506_2f00874c9872
2025-08-12 17:20:51,720 INFO  [io.api.tes.ser.api.KafkaSerdesTester] (Thread-627) Sending message {"key11755019250267": "value-2"} to topic topic-4d894e54_e829_4286_8506_2f00874c9872
2025-08-12 17:20:51,723 INFO  [io.api.tes.ser.api.KafkaSerdesTester] (Thread-627) Sending message {"key11755019250267": "value-3"} to topic topic-4d894e54_e829_4286_8506_2f00874c9872
2025-08-12 17:20:51,727 INFO  [io.api.tes.ser.api.KafkaSerdesTester] (Thread-627) Sending message {"key11755019250267": "value-4"} to topic topic-4d894e54_e829_4286_8506_2f00874c9872
2025-08-12 17:20:51,730 INFO  [io.api.tes.ser.api.KafkaSerdesTester] (Thread-627) Sending message {"key11755019250267": "value-5"} to topic topic-4d894e54_e829_4286_8506_2f00874c9872
2025-08-12 17:20:51,732 INFO  [io.api.tes.ser.api.KafkaSerdesTester] (Thread-627) Sending message {"key11755019250267": "value-6"} to topic topic-4d894e54_e829_4286_8506_2f00874c9872
2025-08-12 17:20:51,735 INFO  [io.api.tes.ser.api.KafkaSerdesTester] (Thread-627) Sending message {"key11755019250267": "value-7"} to topic topic-4d894e54_e829_4286_8506_2f00874c9872
2025-08-12 17:20:51,737 INFO  [io.api.tes.ser.api.KafkaSerdesTester] (Thread-627) Sending message {"key11755019250267": "value-8"} to topic topic-4d894e54_e829_4286_8506_2f00874c9872
2025-08-12 17:20:51,739 INFO  [io.api.tes.ser.api.KafkaSerdesTester] (Thread-627) Sending message {"key11755019250267": "value-9"} to topic topic-4d894e54_e829_4286_8506_2f00874c9872
2025-08-12 17:20:51,742 INFO  [io.api.tes.ser.api.KafkaSerdesTester] (Thread-627) Produced 10 messages
2025-08-12 17:20:51,742 INFO  [org.apa.kaf.cli.pro.KafkaProducer] (Thread-627) [Producer clientId=Producer-topic-4d894e54_e829_4286_8506_2f00874c9872] Closing the Kafka producer with timeoutMillis = 9223372036854775807 ms.
2025-08-12 17:20:51,752 INFO  [org.apa.kaf.com.met.Metrics] (Thread-627) Metrics scheduler closed
2025-08-12 17:20:51,752 INFO  [org.apa.kaf.com.met.Metrics] (Thread-627) Closing reporter org.apache.kafka.common.metrics.JmxReporter
2025-08-12 17:20:51,752 INFO  [org.apa.kaf.com.met.Metrics] (Thread-627) Closing reporter org.apache.kafka.common.telemetry.internals.ClientTelemetryReporter
2025-08-12 17:20:51,752 INFO  [org.apa.kaf.com.met.Metrics] (Thread-627) Metrics reporters closed
2025-08-12 17:20:51,752 INFO  [org.apa.kaf.com.uti.AppInfoParser] (Thread-627) App info kafka.producer for Producer-topic-4d894e54_e829_4286_8506_2f00874c9872 unregistered
**** Registry Base URL: http://registry-app-inmemory.apps.ci419.apicurio-testing.org:80
2025-08-12 17:20:51,754 INFO  [org.apa.kaf.cli.con.ConsumerConfig] (main) ConsumerConfig values: 
	allow.auto.create.topics = true
	auto.commit.interval.ms = 500
	auto.include.jmx.reporter = true
	auto.offset.reset = earliest
	bootstrap.servers = [PLAINTEXT://localhost:32769]
	check.crcs = true
	client.dns.lookup = use_all_dns_ips
	client.id = consumer-Consumer-topic-4d894e54_e829_4286_8506_2f00874c9872-5
	client.rack = 
	connections.max.idle.ms = 10000
	default.api.timeout.ms = 60000
	enable.auto.commit = true
	enable.metrics.push = true
	exclude.internal.topics = true
	fetch.max.bytes = 52428800
	fetch.max.wait.ms = 500
	fetch.min.bytes = 1
	group.id = Consumer-topic-4d894e54_e829_4286_8506_2f00874c9872
	group.instance.id = null
	group.protocol = classic
	group.remote.assignor = null
	heartbeat.interval.ms = 3000
	interceptor.classes = []
	internal.leave.group.on.close = true
	internal.throw.on.fetch.stable.offset.unsupported = false
	isolation.level = read_uncommitted
	key.deserializer = class org.apache.kafka.common.serialization.StringDeserializer
	max.partition.fetch.bytes = 1048576
	max.poll.interval.ms = 300000
	max.poll.records = 500
	metadata.max.age.ms = 300000
	metadata.recovery.strategy = none
	metric.reporters = []
	metrics.num.samples = 2
	metrics.recording.level = INFO
	metrics.sample.window.ms = 30000
	partition.assignment.strategy = [class org.apache.kafka.clients.consumer.RangeAssignor, class org.apache.kafka.clients.consumer.CooperativeStickyAssignor]
	receive.buffer.bytes = 65536
	reconnect.backoff.max.ms = 1000
	reconnect.backoff.ms = 50
	request.timeout.ms = 5000
	retry.backoff.max.ms = 1000
	retry.backoff.ms = 100
	sasl.client.callback.handler.class = null
	sasl.jaas.config = null
	sasl.kerberos.kinit.cmd = /usr/bin/kinit
	sasl.kerberos.min.time.before.relogin = 60000
	sasl.kerberos.service.name = null
	sasl.kerberos.ticket.renew.jitter = 0.05
	sasl.kerberos.ticket.renew.window.factor = 0.8
	sasl.login.callback.handler.class = null
	sasl.login.class = null
	sasl.login.connect.timeout.ms = null
	sasl.login.read.timeout.ms = null
	sasl.login.refresh.buffer.seconds = 300
	sasl.login.refresh.min.period.seconds = 60
	sasl.login.refresh.window.factor = 0.8
	sasl.login.refresh.window.jitter = 0.05
	sasl.login.retry.backoff.max.ms = 10000
	sasl.login.retry.backoff.ms = 100
	sasl.mechanism = GSSAPI
	sasl.oauthbearer.clock.skew.seconds = 30
	sasl.oauthbearer.expected.audience = null
	sasl.oauthbearer.expected.issuer = null
	sasl.oauthbearer.header.urlencode = false
	sasl.oauthbearer.jwks.endpoint.refresh.ms = 3600000
	sasl.oauthbearer.jwks.endpoint.retry.backoff.max.ms = 10000
	sasl.oauthbearer.jwks.endpoint.retry.backoff.ms = 100
	sasl.oauthbearer.jwks.endpoint.url = null
	sasl.oauthbearer.scope.claim.name = scope
	sasl.oauthbearer.sub.claim.name = sub
	sasl.oauthbearer.token.endpoint.url = null
	security.protocol = PLAINTEXT
	security.providers = null
	send.buffer.bytes = 131072
	session.timeout.ms = 45000
	socket.connection.setup.timeout.max.ms = 30000
	socket.connection.setup.timeout.ms = 10000
	ssl.cipher.suites = null
	ssl.enabled.protocols = [TLSv1.2, TLSv1.3]
	ssl.endpoint.identification.algorithm = https
	ssl.engine.factory.class = null
	ssl.key.password = null
	ssl.keymanager.algorithm = SunX509
	ssl.keystore.certificate.chain = null
	ssl.keystore.key = null
	ssl.keystore.location = null
	ssl.keystore.password = null
	ssl.keystore.type = JKS
	ssl.protocol = TLSv1.3
	ssl.provider = null
	ssl.secure.random.implementation = null
	ssl.trustmanager.algorithm = PKIX
	ssl.truststore.certificates = null
	ssl.truststore.location = null
	ssl.truststore.password = null
	ssl.truststore.type = JKS
	value.deserializer = class io.apicurio.registry.serde.avro.AvroKafkaDeserializer

2025-08-12 17:20:51,754 INFO  [org.apa.kaf.com.tel.int.KafkaMetricsCollector] (main) initializing Kafka metrics collector
2025-08-12 17:20:51,766 INFO  [org.apa.kaf.cli.con.ConsumerConfig] (main) These configurations '[apicurio.registry.url]' were supplied but are not used yet.
2025-08-12 17:20:51,767 INFO  [org.apa.kaf.com.uti.AppInfoParser] (main) Kafka version: 3.9.1
2025-08-12 17:20:51,767 INFO  [org.apa.kaf.com.uti.AppInfoParser] (main) Kafka commitId: f745dfdcee2b9851
2025-08-12 17:20:51,767 INFO  [org.apa.kaf.com.uti.AppInfoParser] (main) Kafka startTimeMs: 1755019251767
2025-08-12 17:20:51,769 INFO  [org.apa.kaf.cli.con.int.ClassicKafkaConsumer] (Thread-630) [Consumer clientId=consumer-Consumer-topic-4d894e54_e829_4286_8506_2f00874c9872-5, groupId=Consumer-topic-4d894e54_e829_4286_8506_2f00874c9872] Subscribed to topic(s): topic-4d894e54_e829_4286_8506_2f00874c9872
2025-08-12 17:20:51,776 INFO  [org.apa.kaf.cli.Metadata] (Thread-630) [Consumer clientId=consumer-Consumer-topic-4d894e54_e829_4286_8506_2f00874c9872-5, groupId=Consumer-topic-4d894e54_e829_4286_8506_2f00874c9872] Cluster ID: Ursznb63T6OTazTEUvngGA
2025-08-12 17:20:51,780 INFO  [org.apa.kaf.cli.con.int.ConsumerCoordinator] (Thread-630) [Consumer clientId=consumer-Consumer-topic-4d894e54_e829_4286_8506_2f00874c9872-5, groupId=Consumer-topic-4d894e54_e829_4286_8506_2f00874c9872] Discovered group coordinator localhost:32769 (id: 2147483647 rack: null)
2025-08-12 17:20:51,782 INFO  [org.apa.kaf.cli.con.int.ConsumerCoordinator] (Thread-630) [Consumer clientId=consumer-Consumer-topic-4d894e54_e829_4286_8506_2f00874c9872-5, groupId=Consumer-topic-4d894e54_e829_4286_8506_2f00874c9872] (Re-)joining group
2025-08-12 17:20:51,787 INFO  [org.apa.kaf.cli.con.int.ConsumerCoordinator] (Thread-630) [Consumer clientId=consumer-Consumer-topic-4d894e54_e829_4286_8506_2f00874c9872-5, groupId=Consumer-topic-4d894e54_e829_4286_8506_2f00874c9872] Request joining group due to: need to re-join with the given member-id: consumer-Consumer-topic-4d894e54_e829_4286_8506_2f00874c9872-5-f29e198c-b01b-4e89-a015-65278429e522
2025-08-12 17:20:51,788 INFO  [org.apa.kaf.cli.con.int.ConsumerCoordinator] (Thread-630) [Consumer clientId=consumer-Consumer-topic-4d894e54_e829_4286_8506_2f00874c9872-5, groupId=Consumer-topic-4d894e54_e829_4286_8506_2f00874c9872] (Re-)joining group
2025-08-12 17:20:52,769 INFO  [io.api.tes.ser.api.KafkaSerdesTester] (Thread-630) None found
2025-08-12 17:20:53,769 INFO  [io.api.tes.ser.api.KafkaSerdesTester] (Thread-630) None found
2025-08-12 17:20:54,769 INFO  [io.api.tes.ser.api.KafkaSerdesTester] (Thread-630) None found
2025-08-12 17:20:54,790 INFO  [org.apa.kaf.cli.con.int.ConsumerCoordinator] (Thread-630) [Consumer clientId=consumer-Consumer-topic-4d894e54_e829_4286_8506_2f00874c9872-5, groupId=Consumer-topic-4d894e54_e829_4286_8506_2f00874c9872] Successfully joined group with generation Generation{generationId=1, memberId='consumer-Consumer-topic-4d894e54_e829_4286_8506_2f00874c9872-5-f29e198c-b01b-4e89-a015-65278429e522', protocol='range'}
2025-08-12 17:20:54,791 INFO  [org.apa.kaf.cli.con.int.ConsumerCoordinator] (Thread-630) [Consumer clientId=consumer-Consumer-topic-4d894e54_e829_4286_8506_2f00874c9872-5, groupId=Consumer-topic-4d894e54_e829_4286_8506_2f00874c9872] Finished assignment for group at generation 1: {consumer-Consumer-topic-4d894e54_e829_4286_8506_2f00874c9872-5-f29e198c-b01b-4e89-a015-65278429e522=Assignment(partitions=[topic-4d894e54_e829_4286_8506_2f00874c9872-0])}
2025-08-12 17:20:54,799 INFO  [org.apa.kaf.cli.con.int.ConsumerCoordinator] (Thread-630) [Consumer clientId=consumer-Consumer-topic-4d894e54_e829_4286_8506_2f00874c9872-5, groupId=Consumer-topic-4d894e54_e829_4286_8506_2f00874c9872] Successfully synced group in generation Generation{generationId=1, memberId='consumer-Consumer-topic-4d894e54_e829_4286_8506_2f00874c9872-5-f29e198c-b01b-4e89-a015-65278429e522', protocol='range'}
2025-08-12 17:20:54,799 INFO  [org.apa.kaf.cli.con.int.ConsumerCoordinator] (Thread-630) [Consumer clientId=consumer-Consumer-topic-4d894e54_e829_4286_8506_2f00874c9872-5, groupId=Consumer-topic-4d894e54_e829_4286_8506_2f00874c9872] Notifying assignor about the new Assignment(partitions=[topic-4d894e54_e829_4286_8506_2f00874c9872-0])
2025-08-12 17:20:54,799 INFO  [org.apa.kaf.cli.con.int.ConsumerRebalanceListenerInvoker] (Thread-630) [Consumer clientId=consumer-Consumer-topic-4d894e54_e829_4286_8506_2f00874c9872-5, groupId=Consumer-topic-4d894e54_e829_4286_8506_2f00874c9872] Adding newly assigned partitions: topic-4d894e54_e829_4286_8506_2f00874c9872-0
2025-08-12 17:20:54,800 INFO  [org.apa.kaf.cli.con.int.ConsumerCoordinator] (Thread-630) [Consumer clientId=consumer-Consumer-topic-4d894e54_e829_4286_8506_2f00874c9872-5, groupId=Consumer-topic-4d894e54_e829_4286_8506_2f00874c9872] Found no committed offset for partition topic-4d894e54_e829_4286_8506_2f00874c9872-0
2025-08-12 17:20:54,805 INFO  [org.apa.kaf.cli.con.int.SubscriptionState] (Thread-630) [Consumer clientId=consumer-Consumer-topic-4d894e54_e829_4286_8506_2f00874c9872-5, groupId=Consumer-topic-4d894e54_e829_4286_8506_2f00874c9872] Resetting offset for partition topic-4d894e54_e829_4286_8506_2f00874c9872-0 to position FetchPosition{offset=0, offsetEpoch=Optional.empty, currentLeader=LeaderAndEpoch{leader=Optional[localhost:32769 (id: 0 rack: null)], epoch=0}}.
2025-08-12 17:20:55,018 INFO  [io.api.tes.ser.api.KafkaSerdesTester] (Thread-630) topic-4d894e54_e829_4286_8506_2f00874c9872 0 0 {"key11755019250267": "value-0"}
2025-08-12 17:20:55,018 INFO  [io.api.tes.ser.api.KafkaSerdesTester] (Thread-630) topic-4d894e54_e829_4286_8506_2f00874c9872 0 1 {"key11755019250267": "value-1"}
2025-08-12 17:20:55,018 INFO  [io.api.tes.ser.api.KafkaSerdesTester] (Thread-630) topic-4d894e54_e829_4286_8506_2f00874c9872 0 2 {"key11755019250267": "value-2"}
2025-08-12 17:20:55,018 INFO  [io.api.tes.ser.api.KafkaSerdesTester] (Thread-630) topic-4d894e54_e829_4286_8506_2f00874c9872 0 3 {"key11755019250267": "value-3"}
2025-08-12 17:20:55,018 INFO  [io.api.tes.ser.api.KafkaSerdesTester] (Thread-630) topic-4d894e54_e829_4286_8506_2f00874c9872 0 4 {"key11755019250267": "value-4"}
2025-08-12 17:20:55,018 INFO  [io.api.tes.ser.api.KafkaSerdesTester] (Thread-630) topic-4d894e54_e829_4286_8506_2f00874c9872 0 5 {"key11755019250267": "value-5"}
2025-08-12 17:20:55,018 INFO  [io.api.tes.ser.api.KafkaSerdesTester] (Thread-630) topic-4d894e54_e829_4286_8506_2f00874c9872 0 6 {"key11755019250267": "value-6"}
2025-08-12 17:20:55,018 INFO  [io.api.tes.ser.api.KafkaSerdesTester] (Thread-630) topic-4d894e54_e829_4286_8506_2f00874c9872 0 7 {"key11755019250267": "value-7"}
2025-08-12 17:20:55,018 INFO  [io.api.tes.ser.api.KafkaSerdesTester] (Thread-630) topic-4d894e54_e829_4286_8506_2f00874c9872 0 8 {"key11755019250267": "value-8"}
2025-08-12 17:20:55,018 INFO  [io.api.tes.ser.api.KafkaSerdesTester] (Thread-630) topic-4d894e54_e829_4286_8506_2f00874c9872 0 9 {"key11755019250267": "value-9"}
2025-08-12 17:20:55,018 INFO  [io.api.tes.ser.api.KafkaSerdesTester] (Thread-630) Consumed 10 messages
2025-08-12 17:20:55,026 INFO  [org.apa.kaf.cli.con.int.ConsumerRebalanceListenerInvoker] (Thread-630) [Consumer clientId=consumer-Consumer-topic-4d894e54_e829_4286_8506_2f00874c9872-5, groupId=Consumer-topic-4d894e54_e829_4286_8506_2f00874c9872] Revoke previously assigned partitions topic-4d894e54_e829_4286_8506_2f00874c9872-0
2025-08-12 17:20:55,026 INFO  [org.apa.kaf.cli.con.int.ConsumerCoordinator] (Thread-630) [Consumer clientId=consumer-Consumer-topic-4d894e54_e829_4286_8506_2f00874c9872-5, groupId=Consumer-topic-4d894e54_e829_4286_8506_2f00874c9872] Member consumer-Consumer-topic-4d894e54_e829_4286_8506_2f00874c9872-5-f29e198c-b01b-4e89-a015-65278429e522 sending LeaveGroup request to coordinator localhost:32769 (id: 2147483647 rack: null) due to the consumer is being closed
2025-08-12 17:20:55,027 INFO  [org.apa.kaf.cli.con.int.ConsumerCoordinator] (Thread-630) [Consumer clientId=consumer-Consumer-topic-4d894e54_e829_4286_8506_2f00874c9872-5, groupId=Consumer-topic-4d894e54_e829_4286_8506_2f00874c9872] Resetting generation and member id due to: consumer pro-actively leaving the group
2025-08-12 17:20:55,027 INFO  [org.apa.kaf.cli.con.int.ConsumerCoordinator] (Thread-630) [Consumer clientId=consumer-Consumer-topic-4d894e54_e829_4286_8506_2f00874c9872-5, groupId=Consumer-topic-4d894e54_e829_4286_8506_2f00874c9872] Request joining group due to: consumer pro-actively leaving the group
2025-08-12 17:20:55,521 INFO  [org.apa.kaf.com.met.Metrics] (Thread-630) Metrics scheduler closed
2025-08-12 17:20:55,522 INFO  [org.apa.kaf.com.met.Metrics] (Thread-630) Closing reporter org.apache.kafka.common.metrics.JmxReporter
2025-08-12 17:20:55,522 INFO  [org.apa.kaf.com.met.Metrics] (Thread-630) Closing reporter org.apache.kafka.common.telemetry.internals.ClientTelemetryReporter
2025-08-12 17:20:55,522 INFO  [org.apa.kaf.com.met.Metrics] (Thread-630) Metrics reporters closed
2025-08-12 17:20:55,525 INFO  [org.apa.kaf.com.uti.AppInfoParser] (Thread-630) App info kafka.consumer for consumer-Consumer-topic-4d894e54_e829_4286_8506_2f00874c9872-5 unregistered
2025-08-12 17:20:55,526 INFO  [io.api.tes.uti.TestSeparator] (main) io.apicurio.tests.serdes.apicurio.AvroSerdeIT.testRecordIdStrategydFindLatest-FINISHED
2025-08-12 17:20:55,526 INFO  [io.api.tes.uti.TestSeparator] (main) ############################################################################
Test passed: testRecordIdStrategydFindLatest
]]></system-out>
  </testcase>
  <testcase name="testReflectAutoRegister" classname="io.apicurio.tests.serdes.apicurio.AvroSerdeIT" time="4.311">
    <system-out><![CDATA[2025-08-12 17:20:55,529 INFO  [io.api.tes.uti.TestSeparator] (main) ############################################################################
2025-08-12 17:20:55,529 INFO  [io.api.tes.uti.TestSeparator] (main) io.apicurio.tests.serdes.apicurio.AvroSerdeIT.testReflectAutoRegister-STARTED
**** Registry Base URL: http://registry-app-inmemory.apps.ci419.apicurio-testing.org:80
2025-08-12 17:20:55,535 INFO  [org.apa.kaf.cli.pro.ProducerConfig] (main) ProducerConfig values: 
	acks = -1
	auto.include.jmx.reporter = true
	batch.size = 16384
	bootstrap.servers = [PLAINTEXT://localhost:32769]
	buffer.memory = 33554432
	client.dns.lookup = use_all_dns_ips
	client.id = Producer-topic-cb7d15bf_750d_4b89_8ef7_3e27d2ba0799
	compression.gzip.level = -1
	compression.lz4.level = 9
	compression.type = none
	compression.zstd.level = 3
	connections.max.idle.ms = 10000
	delivery.timeout.ms = 120000
	enable.idempotence = true
	enable.metrics.push = true
	interceptor.classes = []
	key.serializer = class org.apache.kafka.common.serialization.StringSerializer
	linger.ms = 0
	max.block.ms = 60000
	max.in.flight.requests.per.connection = 5
	max.request.size = 1048576
	metadata.max.age.ms = 300000
	metadata.max.idle.ms = 300000
	metadata.recovery.strategy = none
	metric.reporters = []
	metrics.num.samples = 2
	metrics.recording.level = INFO
	metrics.sample.window.ms = 30000
	partitioner.adaptive.partitioning.enable = true
	partitioner.availability.timeout.ms = 0
	partitioner.class = null
	partitioner.ignore.keys = false
	receive.buffer.bytes = 32768
	reconnect.backoff.max.ms = 1000
	reconnect.backoff.ms = 50
	request.timeout.ms = 5000
	retries = 2147483647
	retry.backoff.max.ms = 1000
	retry.backoff.ms = 100
	sasl.client.callback.handler.class = null
	sasl.jaas.config = null
	sasl.kerberos.kinit.cmd = /usr/bin/kinit
	sasl.kerberos.min.time.before.relogin = 60000
	sasl.kerberos.service.name = null
	sasl.kerberos.ticket.renew.jitter = 0.05
	sasl.kerberos.ticket.renew.window.factor = 0.8
	sasl.login.callback.handler.class = null
	sasl.login.class = null
	sasl.login.connect.timeout.ms = null
	sasl.login.read.timeout.ms = null
	sasl.login.refresh.buffer.seconds = 300
	sasl.login.refresh.min.period.seconds = 60
	sasl.login.refresh.window.factor = 0.8
	sasl.login.refresh.window.jitter = 0.05
	sasl.login.retry.backoff.max.ms = 10000
	sasl.login.retry.backoff.ms = 100
	sasl.mechanism = GSSAPI
	sasl.oauthbearer.clock.skew.seconds = 30
	sasl.oauthbearer.expected.audience = null
	sasl.oauthbearer.expected.issuer = null
	sasl.oauthbearer.header.urlencode = false
	sasl.oauthbearer.jwks.endpoint.refresh.ms = 3600000
	sasl.oauthbearer.jwks.endpoint.retry.backoff.max.ms = 10000
	sasl.oauthbearer.jwks.endpoint.retry.backoff.ms = 100
	sasl.oauthbearer.jwks.endpoint.url = null
	sasl.oauthbearer.scope.claim.name = scope
	sasl.oauthbearer.sub.claim.name = sub
	sasl.oauthbearer.token.endpoint.url = null
	security.protocol = PLAINTEXT
	security.providers = null
	send.buffer.bytes = 131072
	socket.connection.setup.timeout.max.ms = 30000
	socket.connection.setup.timeout.ms = 10000
	ssl.cipher.suites = null
	ssl.enabled.protocols = [TLSv1.2, TLSv1.3]
	ssl.endpoint.identification.algorithm = https
	ssl.engine.factory.class = null
	ssl.key.password = null
	ssl.keymanager.algorithm = SunX509
	ssl.keystore.certificate.chain = null
	ssl.keystore.key = null
	ssl.keystore.location = null
	ssl.keystore.password = null
	ssl.keystore.type = JKS
	ssl.protocol = TLSv1.3
	ssl.provider = null
	ssl.secure.random.implementation = null
	ssl.trustmanager.algorithm = PKIX
	ssl.truststore.certificates = null
	ssl.truststore.location = null
	ssl.truststore.password = null
	ssl.truststore.type = JKS
	transaction.timeout.ms = 60000
	transactional.id = null
	value.serializer = class io.apicurio.registry.serde.avro.AvroKafkaSerializer

2025-08-12 17:20:55,536 INFO  [org.apa.kaf.com.tel.int.KafkaMetricsCollector] (main) initializing Kafka metrics collector
2025-08-12 17:20:55,549 INFO  [org.apa.kaf.cli.pro.KafkaProducer] (main) [Producer clientId=Producer-topic-cb7d15bf_750d_4b89_8ef7_3e27d2ba0799] Instantiated an idempotent producer.
2025-08-12 17:20:55,551 INFO  [org.apa.kaf.cli.pro.ProducerConfig] (main) These configurations '[apicurio.registry.url, apicurio.registry.auto-register, apicurio.registry.artifact-resolver-strategy, apicurio.registry.avro-datum-provider]' were supplied but are not used yet.
2025-08-12 17:20:55,551 INFO  [org.apa.kaf.com.uti.AppInfoParser] (main) Kafka version: 3.9.1
2025-08-12 17:20:55,551 INFO  [org.apa.kaf.com.uti.AppInfoParser] (main) Kafka commitId: f745dfdcee2b9851
2025-08-12 17:20:55,552 INFO  [org.apa.kaf.com.uti.AppInfoParser] (main) Kafka startTimeMs: 1755019255551
2025-08-12 17:20:55,553 INFO  [io.api.tes.ser.api.SimpleSerdesTesterBuilder$SimpleSerdesTester] (main) Using producer configuration: {apicurio.registry.url=http://registry-app-inmemory.apps.ci419.apicurio-testing.org:80/apis/registry/v3, apicurio.registry.auto-register=true, apicurio.registry.artifact-resolver-strategy=io.apicurio.registry.serde.strategy.TopicIdStrategy, value.serializer=io.apicurio.registry.serde.avro.AvroKafkaSerializer, request.timeout.ms=5000, acks=all, bootstrap.servers=PLAINTEXT://localhost:32769, connections.max.idle.ms=10000, key.serializer=org.apache.kafka.common.serialization.StringSerializer, apicurio.registry.avro-datum-provider=io.apicurio.registry.serde.avro.ReflectAvroDatumProvider, client.id=Producer-topic-cb7d15bf_750d_4b89_8ef7_3e27d2ba0799}
2025-08-12 17:20:55,553 INFO  [io.api.tes.ser.api.SimpleSerdesTesterBuilder$SimpleSerdesTester] (main) Using consumer configuration: {apicurio.registry.avro-datum-provider=io.apicurio.registry.serde.avro.ReflectAvroDatumProvider}
2025-08-12 17:20:55,555 INFO  [io.api.tes.ser.api.KafkaSerdesTester] (Thread-633) Sending message io.apicurio.tests.common.serdes.TestObject@3dbd29cb to topic topic-cb7d15bf_750d_4b89_8ef7_3e27d2ba0799
2025-08-12 17:20:55,559 WARN  [org.apa.kaf.cli.NetworkClient] (kafka-producer-network-thread | Producer-topic-cb7d15bf_750d_4b89_8ef7_3e27d2ba0799) [Producer clientId=Producer-topic-cb7d15bf_750d_4b89_8ef7_3e27d2ba0799] The metadata response from the cluster reported a recoverable issue with correlation id 1 : {topic-cb7d15bf_750d_4b89_8ef7_3e27d2ba0799=UNKNOWN_TOPIC_OR_PARTITION}
2025-08-12 17:20:55,559 INFO  [org.apa.kaf.cli.Metadata] (kafka-producer-network-thread | Producer-topic-cb7d15bf_750d_4b89_8ef7_3e27d2ba0799) [Producer clientId=Producer-topic-cb7d15bf_750d_4b89_8ef7_3e27d2ba0799] Cluster ID: Ursznb63T6OTazTEUvngGA
2025-08-12 17:20:55,559 INFO  [org.apa.kaf.cli.pro.int.TransactionManager] (kafka-producer-network-thread | Producer-topic-cb7d15bf_750d_4b89_8ef7_3e27d2ba0799) [Producer clientId=Producer-topic-cb7d15bf_750d_4b89_8ef7_3e27d2ba0799] ProducerId set to 6 with epoch 0
2025-08-12 17:20:55,843 INFO  [io.api.tes.ser.api.KafkaSerdesTester] (Thread-633) Sending message io.apicurio.tests.common.serdes.TestObject@3dbd29cb to topic topic-cb7d15bf_750d_4b89_8ef7_3e27d2ba0799
2025-08-12 17:20:55,845 INFO  [io.api.tes.ser.api.KafkaSerdesTester] (Thread-633) Sending message io.apicurio.tests.common.serdes.TestObject@3dbd29cb to topic topic-cb7d15bf_750d_4b89_8ef7_3e27d2ba0799
2025-08-12 17:20:55,847 INFO  [io.api.tes.ser.api.KafkaSerdesTester] (Thread-633) Sending message io.apicurio.tests.common.serdes.TestObject@3dbd29cb to topic topic-cb7d15bf_750d_4b89_8ef7_3e27d2ba0799
2025-08-12 17:20:55,849 INFO  [io.api.tes.ser.api.KafkaSerdesTester] (Thread-633) Sending message io.apicurio.tests.common.serdes.TestObject@3dbd29cb to topic topic-cb7d15bf_750d_4b89_8ef7_3e27d2ba0799
2025-08-12 17:20:55,851 INFO  [io.api.tes.ser.api.KafkaSerdesTester] (Thread-633) Sending message io.apicurio.tests.common.serdes.TestObject@3dbd29cb to topic topic-cb7d15bf_750d_4b89_8ef7_3e27d2ba0799
2025-08-12 17:20:55,853 INFO  [io.api.tes.ser.api.KafkaSerdesTester] (Thread-633) Sending message io.apicurio.tests.common.serdes.TestObject@3dbd29cb to topic topic-cb7d15bf_750d_4b89_8ef7_3e27d2ba0799
2025-08-12 17:20:55,855 INFO  [io.api.tes.ser.api.KafkaSerdesTester] (Thread-633) Sending message io.apicurio.tests.common.serdes.TestObject@3dbd29cb to topic topic-cb7d15bf_750d_4b89_8ef7_3e27d2ba0799
2025-08-12 17:20:55,857 INFO  [io.api.tes.ser.api.KafkaSerdesTester] (Thread-633) Sending message io.apicurio.tests.common.serdes.TestObject@3dbd29cb to topic topic-cb7d15bf_750d_4b89_8ef7_3e27d2ba0799
2025-08-12 17:20:55,859 INFO  [io.api.tes.ser.api.KafkaSerdesTester] (Thread-633) Sending message io.apicurio.tests.common.serdes.TestObject@3dbd29cb to topic topic-cb7d15bf_750d_4b89_8ef7_3e27d2ba0799
2025-08-12 17:20:55,861 INFO  [io.api.tes.ser.api.KafkaSerdesTester] (Thread-633) Produced 10 messages
2025-08-12 17:20:55,861 INFO  [org.apa.kaf.cli.pro.KafkaProducer] (Thread-633) [Producer clientId=Producer-topic-cb7d15bf_750d_4b89_8ef7_3e27d2ba0799] Closing the Kafka producer with timeoutMillis = 9223372036854775807 ms.
2025-08-12 17:20:55,863 INFO  [org.apa.kaf.com.met.Metrics] (Thread-633) Metrics scheduler closed
2025-08-12 17:20:55,863 INFO  [org.apa.kaf.com.met.Metrics] (Thread-633) Closing reporter org.apache.kafka.common.metrics.JmxReporter
2025-08-12 17:20:55,864 INFO  [org.apa.kaf.com.met.Metrics] (Thread-633) Closing reporter org.apache.kafka.common.telemetry.internals.ClientTelemetryReporter
2025-08-12 17:20:55,864 INFO  [org.apa.kaf.com.met.Metrics] (Thread-633) Metrics reporters closed
2025-08-12 17:20:55,864 INFO  [org.apa.kaf.com.uti.AppInfoParser] (Thread-633) App info kafka.producer for Producer-topic-cb7d15bf_750d_4b89_8ef7_3e27d2ba0799 unregistered
**** Registry Base URL: http://registry-app-inmemory.apps.ci419.apicurio-testing.org:80
2025-08-12 17:20:56,081 INFO  [org.apa.kaf.cli.con.ConsumerConfig] (main) ConsumerConfig values: 
	allow.auto.create.topics = true
	auto.commit.interval.ms = 500
	auto.include.jmx.reporter = true
	auto.offset.reset = earliest
	bootstrap.servers = [PLAINTEXT://localhost:32769]
	check.crcs = true
	client.dns.lookup = use_all_dns_ips
	client.id = consumer-Consumer-topic-cb7d15bf_750d_4b89_8ef7_3e27d2ba0799-6
	client.rack = 
	connections.max.idle.ms = 10000
	default.api.timeout.ms = 60000
	enable.auto.commit = true
	enable.metrics.push = true
	exclude.internal.topics = true
	fetch.max.bytes = 52428800
	fetch.max.wait.ms = 500
	fetch.min.bytes = 1
	group.id = Consumer-topic-cb7d15bf_750d_4b89_8ef7_3e27d2ba0799
	group.instance.id = null
	group.protocol = classic
	group.remote.assignor = null
	heartbeat.interval.ms = 3000
	interceptor.classes = []
	internal.leave.group.on.close = true
	internal.throw.on.fetch.stable.offset.unsupported = false
	isolation.level = read_uncommitted
	key.deserializer = class org.apache.kafka.common.serialization.StringDeserializer
	max.partition.fetch.bytes = 1048576
	max.poll.interval.ms = 300000
	max.poll.records = 500
	metadata.max.age.ms = 300000
	metadata.recovery.strategy = none
	metric.reporters = []
	metrics.num.samples = 2
	metrics.recording.level = INFO
	metrics.sample.window.ms = 30000
	partition.assignment.strategy = [class org.apache.kafka.clients.consumer.RangeAssignor, class org.apache.kafka.clients.consumer.CooperativeStickyAssignor]
	receive.buffer.bytes = 65536
	reconnect.backoff.max.ms = 1000
	reconnect.backoff.ms = 50
	request.timeout.ms = 5000
	retry.backoff.max.ms = 1000
	retry.backoff.ms = 100
	sasl.client.callback.handler.class = null
	sasl.jaas.config = null
	sasl.kerberos.kinit.cmd = /usr/bin/kinit
	sasl.kerberos.min.time.before.relogin = 60000
	sasl.kerberos.service.name = null
	sasl.kerberos.ticket.renew.jitter = 0.05
	sasl.kerberos.ticket.renew.window.factor = 0.8
	sasl.login.callback.handler.class = null
	sasl.login.class = null
	sasl.login.connect.timeout.ms = null
	sasl.login.read.timeout.ms = null
	sasl.login.refresh.buffer.seconds = 300
	sasl.login.refresh.min.period.seconds = 60
	sasl.login.refresh.window.factor = 0.8
	sasl.login.refresh.window.jitter = 0.05
	sasl.login.retry.backoff.max.ms = 10000
	sasl.login.retry.backoff.ms = 100
	sasl.mechanism = GSSAPI
	sasl.oauthbearer.clock.skew.seconds = 30
	sasl.oauthbearer.expected.audience = null
	sasl.oauthbearer.expected.issuer = null
	sasl.oauthbearer.header.urlencode = false
	sasl.oauthbearer.jwks.endpoint.refresh.ms = 3600000
	sasl.oauthbearer.jwks.endpoint.retry.backoff.max.ms = 10000
	sasl.oauthbearer.jwks.endpoint.retry.backoff.ms = 100
	sasl.oauthbearer.jwks.endpoint.url = null
	sasl.oauthbearer.scope.claim.name = scope
	sasl.oauthbearer.sub.claim.name = sub
	sasl.oauthbearer.token.endpoint.url = null
	security.protocol = PLAINTEXT
	security.providers = null
	send.buffer.bytes = 131072
	session.timeout.ms = 45000
	socket.connection.setup.timeout.max.ms = 30000
	socket.connection.setup.timeout.ms = 10000
	ssl.cipher.suites = null
	ssl.enabled.protocols = [TLSv1.2, TLSv1.3]
	ssl.endpoint.identification.algorithm = https
	ssl.engine.factory.class = null
	ssl.key.password = null
	ssl.keymanager.algorithm = SunX509
	ssl.keystore.certificate.chain = null
	ssl.keystore.key = null
	ssl.keystore.location = null
	ssl.keystore.password = null
	ssl.keystore.type = JKS
	ssl.protocol = TLSv1.3
	ssl.provider = null
	ssl.secure.random.implementation = null
	ssl.trustmanager.algorithm = PKIX
	ssl.truststore.certificates = null
	ssl.truststore.location = null
	ssl.truststore.password = null
	ssl.truststore.type = JKS
	value.deserializer = class io.apicurio.registry.serde.avro.AvroKafkaDeserializer

2025-08-12 17:20:56,082 INFO  [org.apa.kaf.com.tel.int.KafkaMetricsCollector] (main) initializing Kafka metrics collector
2025-08-12 17:20:56,086 INFO  [org.apa.kaf.cli.con.ConsumerConfig] (main) These configurations '[apicurio.registry.url, apicurio.registry.avro-datum-provider]' were supplied but are not used yet.
2025-08-12 17:20:56,086 INFO  [org.apa.kaf.com.uti.AppInfoParser] (main) Kafka version: 3.9.1
2025-08-12 17:20:56,086 INFO  [org.apa.kaf.com.uti.AppInfoParser] (main) Kafka commitId: f745dfdcee2b9851
2025-08-12 17:20:56,086 INFO  [org.apa.kaf.com.uti.AppInfoParser] (main) Kafka startTimeMs: 1755019256086
2025-08-12 17:20:56,087 INFO  [org.apa.kaf.cli.con.int.ClassicKafkaConsumer] (Thread-636) [Consumer clientId=consumer-Consumer-topic-cb7d15bf_750d_4b89_8ef7_3e27d2ba0799-6, groupId=Consumer-topic-cb7d15bf_750d_4b89_8ef7_3e27d2ba0799] Subscribed to topic(s): topic-cb7d15bf_750d_4b89_8ef7_3e27d2ba0799
2025-08-12 17:20:56,093 INFO  [org.apa.kaf.cli.Metadata] (Thread-636) [Consumer clientId=consumer-Consumer-topic-cb7d15bf_750d_4b89_8ef7_3e27d2ba0799-6, groupId=Consumer-topic-cb7d15bf_750d_4b89_8ef7_3e27d2ba0799] Cluster ID: Ursznb63T6OTazTEUvngGA
2025-08-12 17:20:56,095 INFO  [org.apa.kaf.cli.con.int.ConsumerCoordinator] (Thread-636) [Consumer clientId=consumer-Consumer-topic-cb7d15bf_750d_4b89_8ef7_3e27d2ba0799-6, groupId=Consumer-topic-cb7d15bf_750d_4b89_8ef7_3e27d2ba0799] Discovered group coordinator localhost:32769 (id: 2147483647 rack: null)
2025-08-12 17:20:56,099 INFO  [org.apa.kaf.cli.con.int.ConsumerCoordinator] (Thread-636) [Consumer clientId=consumer-Consumer-topic-cb7d15bf_750d_4b89_8ef7_3e27d2ba0799-6, groupId=Consumer-topic-cb7d15bf_750d_4b89_8ef7_3e27d2ba0799] (Re-)joining group
2025-08-12 17:20:56,102 INFO  [org.apa.kaf.cli.con.int.ConsumerCoordinator] (Thread-636) [Consumer clientId=consumer-Consumer-topic-cb7d15bf_750d_4b89_8ef7_3e27d2ba0799-6, groupId=Consumer-topic-cb7d15bf_750d_4b89_8ef7_3e27d2ba0799] Request joining group due to: need to re-join with the given member-id: consumer-Consumer-topic-cb7d15bf_750d_4b89_8ef7_3e27d2ba0799-6-8aafa432-a3b8-4590-bce2-a399fc6826b2
2025-08-12 17:20:56,102 INFO  [org.apa.kaf.cli.con.int.ConsumerCoordinator] (Thread-636) [Consumer clientId=consumer-Consumer-topic-cb7d15bf_750d_4b89_8ef7_3e27d2ba0799-6, groupId=Consumer-topic-cb7d15bf_750d_4b89_8ef7_3e27d2ba0799] (Re-)joining group
2025-08-12 17:20:57,087 INFO  [io.api.tes.ser.api.KafkaSerdesTester] (Thread-636) None found
2025-08-12 17:20:58,088 INFO  [io.api.tes.ser.api.KafkaSerdesTester] (Thread-636) None found
2025-08-12 17:20:59,088 INFO  [io.api.tes.ser.api.KafkaSerdesTester] (Thread-636) None found
2025-08-12 17:20:59,104 INFO  [org.apa.kaf.cli.con.int.ConsumerCoordinator] (Thread-636) [Consumer clientId=consumer-Consumer-topic-cb7d15bf_750d_4b89_8ef7_3e27d2ba0799-6, groupId=Consumer-topic-cb7d15bf_750d_4b89_8ef7_3e27d2ba0799] Successfully joined group with generation Generation{generationId=1, memberId='consumer-Consumer-topic-cb7d15bf_750d_4b89_8ef7_3e27d2ba0799-6-8aafa432-a3b8-4590-bce2-a399fc6826b2', protocol='range'}
2025-08-12 17:20:59,104 INFO  [org.apa.kaf.cli.con.int.ConsumerCoordinator] (Thread-636) [Consumer clientId=consumer-Consumer-topic-cb7d15bf_750d_4b89_8ef7_3e27d2ba0799-6, groupId=Consumer-topic-cb7d15bf_750d_4b89_8ef7_3e27d2ba0799] Finished assignment for group at generation 1: {consumer-Consumer-topic-cb7d15bf_750d_4b89_8ef7_3e27d2ba0799-6-8aafa432-a3b8-4590-bce2-a399fc6826b2=Assignment(partitions=[topic-cb7d15bf_750d_4b89_8ef7_3e27d2ba0799-0])}
2025-08-12 17:20:59,112 INFO  [org.apa.kaf.cli.con.int.ConsumerCoordinator] (Thread-636) [Consumer clientId=consumer-Consumer-topic-cb7d15bf_750d_4b89_8ef7_3e27d2ba0799-6, groupId=Consumer-topic-cb7d15bf_750d_4b89_8ef7_3e27d2ba0799] Successfully synced group in generation Generation{generationId=1, memberId='consumer-Consumer-topic-cb7d15bf_750d_4b89_8ef7_3e27d2ba0799-6-8aafa432-a3b8-4590-bce2-a399fc6826b2', protocol='range'}
2025-08-12 17:20:59,112 INFO  [org.apa.kaf.cli.con.int.ConsumerCoordinator] (Thread-636) [Consumer clientId=consumer-Consumer-topic-cb7d15bf_750d_4b89_8ef7_3e27d2ba0799-6, groupId=Consumer-topic-cb7d15bf_750d_4b89_8ef7_3e27d2ba0799] Notifying assignor about the new Assignment(partitions=[topic-cb7d15bf_750d_4b89_8ef7_3e27d2ba0799-0])
2025-08-12 17:20:59,112 INFO  [org.apa.kaf.cli.con.int.ConsumerRebalanceListenerInvoker] (Thread-636) [Consumer clientId=consumer-Consumer-topic-cb7d15bf_750d_4b89_8ef7_3e27d2ba0799-6, groupId=Consumer-topic-cb7d15bf_750d_4b89_8ef7_3e27d2ba0799] Adding newly assigned partitions: topic-cb7d15bf_750d_4b89_8ef7_3e27d2ba0799-0
2025-08-12 17:20:59,113 INFO  [org.apa.kaf.cli.con.int.ConsumerCoordinator] (Thread-636) [Consumer clientId=consumer-Consumer-topic-cb7d15bf_750d_4b89_8ef7_3e27d2ba0799-6, groupId=Consumer-topic-cb7d15bf_750d_4b89_8ef7_3e27d2ba0799] Found no committed offset for partition topic-cb7d15bf_750d_4b89_8ef7_3e27d2ba0799-0
2025-08-12 17:20:59,119 INFO  [org.apa.kaf.cli.con.int.SubscriptionState] (Thread-636) [Consumer clientId=consumer-Consumer-topic-cb7d15bf_750d_4b89_8ef7_3e27d2ba0799-6, groupId=Consumer-topic-cb7d15bf_750d_4b89_8ef7_3e27d2ba0799] Resetting offset for partition topic-cb7d15bf_750d_4b89_8ef7_3e27d2ba0799-0 to position FetchPosition{offset=0, offsetEpoch=Optional.empty, currentLeader=LeaderAndEpoch{leader=Optional[localhost:32769 (id: 0 rack: null)], epoch=0}}.
2025-08-12 17:20:59,329 INFO  [io.api.tes.ser.api.KafkaSerdesTester] (Thread-636) topic-cb7d15bf_750d_4b89_8ef7_3e27d2ba0799 0 0 io.apicurio.tests.common.serdes.TestObject@3dbd29cb
2025-08-12 17:20:59,329 INFO  [io.api.tes.ser.api.KafkaSerdesTester] (Thread-636) topic-cb7d15bf_750d_4b89_8ef7_3e27d2ba0799 0 1 io.apicurio.tests.common.serdes.TestObject@3dbd29cb
2025-08-12 17:20:59,329 INFO  [io.api.tes.ser.api.KafkaSerdesTester] (Thread-636) topic-cb7d15bf_750d_4b89_8ef7_3e27d2ba0799 0 2 io.apicurio.tests.common.serdes.TestObject@3dbd29cb
2025-08-12 17:20:59,329 INFO  [io.api.tes.ser.api.KafkaSerdesTester] (Thread-636) topic-cb7d15bf_750d_4b89_8ef7_3e27d2ba0799 0 3 io.apicurio.tests.common.serdes.TestObject@3dbd29cb
2025-08-12 17:20:59,329 INFO  [io.api.tes.ser.api.KafkaSerdesTester] (Thread-636) topic-cb7d15bf_750d_4b89_8ef7_3e27d2ba0799 0 4 io.apicurio.tests.common.serdes.TestObject@3dbd29cb
2025-08-12 17:20:59,330 INFO  [io.api.tes.ser.api.KafkaSerdesTester] (Thread-636) topic-cb7d15bf_750d_4b89_8ef7_3e27d2ba0799 0 5 io.apicurio.tests.common.serdes.TestObject@3dbd29cb
2025-08-12 17:20:59,330 INFO  [io.api.tes.ser.api.KafkaSerdesTester] (Thread-636) topic-cb7d15bf_750d_4b89_8ef7_3e27d2ba0799 0 6 io.apicurio.tests.common.serdes.TestObject@3dbd29cb
2025-08-12 17:20:59,330 INFO  [io.api.tes.ser.api.KafkaSerdesTester] (Thread-636) topic-cb7d15bf_750d_4b89_8ef7_3e27d2ba0799 0 7 io.apicurio.tests.common.serdes.TestObject@3dbd29cb
2025-08-12 17:20:59,330 INFO  [io.api.tes.ser.api.KafkaSerdesTester] (Thread-636) topic-cb7d15bf_750d_4b89_8ef7_3e27d2ba0799 0 8 io.apicurio.tests.common.serdes.TestObject@3dbd29cb
2025-08-12 17:20:59,330 INFO  [io.api.tes.ser.api.KafkaSerdesTester] (Thread-636) topic-cb7d15bf_750d_4b89_8ef7_3e27d2ba0799 0 9 io.apicurio.tests.common.serdes.TestObject@3dbd29cb
2025-08-12 17:20:59,330 INFO  [io.api.tes.ser.api.KafkaSerdesTester] (Thread-636) Consumed 10 messages
2025-08-12 17:20:59,338 INFO  [org.apa.kaf.cli.con.int.ConsumerRebalanceListenerInvoker] (Thread-636) [Consumer clientId=consumer-Consumer-topic-cb7d15bf_750d_4b89_8ef7_3e27d2ba0799-6, groupId=Consumer-topic-cb7d15bf_750d_4b89_8ef7_3e27d2ba0799] Revoke previously assigned partitions topic-cb7d15bf_750d_4b89_8ef7_3e27d2ba0799-0
2025-08-12 17:20:59,338 INFO  [org.apa.kaf.cli.con.int.ConsumerCoordinator] (Thread-636) [Consumer clientId=consumer-Consumer-topic-cb7d15bf_750d_4b89_8ef7_3e27d2ba0799-6, groupId=Consumer-topic-cb7d15bf_750d_4b89_8ef7_3e27d2ba0799] Member consumer-Consumer-topic-cb7d15bf_750d_4b89_8ef7_3e27d2ba0799-6-8aafa432-a3b8-4590-bce2-a399fc6826b2 sending LeaveGroup request to coordinator localhost:32769 (id: 2147483647 rack: null) due to the consumer is being closed
2025-08-12 17:20:59,338 INFO  [org.apa.kaf.cli.con.int.ConsumerCoordinator] (Thread-636) [Consumer clientId=consumer-Consumer-topic-cb7d15bf_750d_4b89_8ef7_3e27d2ba0799-6, groupId=Consumer-topic-cb7d15bf_750d_4b89_8ef7_3e27d2ba0799] Resetting generation and member id due to: consumer pro-actively leaving the group
2025-08-12 17:20:59,338 INFO  [org.apa.kaf.cli.con.int.ConsumerCoordinator] (Thread-636) [Consumer clientId=consumer-Consumer-topic-cb7d15bf_750d_4b89_8ef7_3e27d2ba0799-6, groupId=Consumer-topic-cb7d15bf_750d_4b89_8ef7_3e27d2ba0799] Request joining group due to: consumer pro-actively leaving the group
2025-08-12 17:20:59,834 INFO  [org.apa.kaf.com.met.Metrics] (Thread-636) Metrics scheduler closed
2025-08-12 17:20:59,834 INFO  [org.apa.kaf.com.met.Metrics] (Thread-636) Closing reporter org.apache.kafka.common.metrics.JmxReporter
2025-08-12 17:20:59,834 INFO  [org.apa.kaf.com.met.Metrics] (Thread-636) Closing reporter org.apache.kafka.common.telemetry.internals.ClientTelemetryReporter
2025-08-12 17:20:59,834 INFO  [org.apa.kaf.com.met.Metrics] (Thread-636) Metrics reporters closed
2025-08-12 17:20:59,836 INFO  [org.apa.kaf.com.uti.AppInfoParser] (Thread-636) App info kafka.consumer for consumer-Consumer-topic-cb7d15bf_750d_4b89_8ef7_3e27d2ba0799-6 unregistered
2025-08-12 17:20:59,837 INFO  [io.api.tes.uti.TestSeparator] (main) io.apicurio.tests.serdes.apicurio.AvroSerdeIT.testReflectAutoRegister-FINISHED
2025-08-12 17:20:59,837 INFO  [io.api.tes.uti.TestSeparator] (main) ############################################################################
Test passed: testReflectAutoRegister
]]></system-out>
  </testcase>
  <testcase name="testArtifactNotFound" classname="io.apicurio.tests.serdes.apicurio.AvroSerdeIT" time="0.368">
    <system-out><![CDATA[2025-08-12 17:20:59,839 INFO  [io.api.tes.uti.TestSeparator] (main) ############################################################################
2025-08-12 17:20:59,839 INFO  [io.api.tes.uti.TestSeparator] (main) io.apicurio.tests.serdes.apicurio.AvroSerdeIT.testArtifactNotFound-STARTED
**** Registry Base URL: http://registry-app-inmemory.apps.ci419.apicurio-testing.org:80
2025-08-12 17:20:59,843 INFO  [org.apa.kaf.cli.pro.ProducerConfig] (main) ProducerConfig values: 
	acks = -1
	auto.include.jmx.reporter = true
	batch.size = 16384
	bootstrap.servers = [PLAINTEXT://localhost:32769]
	buffer.memory = 33554432
	client.dns.lookup = use_all_dns_ips
	client.id = Producer-s6f17d2d3xe79dx4b05x8a71x61057781cea2
	compression.gzip.level = -1
	compression.lz4.level = 9
	compression.type = none
	compression.zstd.level = 3
	connections.max.idle.ms = 10000
	delivery.timeout.ms = 120000
	enable.idempotence = true
	enable.metrics.push = true
	interceptor.classes = []
	key.serializer = class org.apache.kafka.common.serialization.StringSerializer
	linger.ms = 0
	max.block.ms = 60000
	max.in.flight.requests.per.connection = 5
	max.request.size = 1048576
	metadata.max.age.ms = 300000
	metadata.max.idle.ms = 300000
	metadata.recovery.strategy = none
	metric.reporters = []
	metrics.num.samples = 2
	metrics.recording.level = INFO
	metrics.sample.window.ms = 30000
	partitioner.adaptive.partitioning.enable = true
	partitioner.availability.timeout.ms = 0
	partitioner.class = null
	partitioner.ignore.keys = false
	receive.buffer.bytes = 32768
	reconnect.backoff.max.ms = 1000
	reconnect.backoff.ms = 50
	request.timeout.ms = 5000
	retries = 2147483647
	retry.backoff.max.ms = 1000
	retry.backoff.ms = 100
	sasl.client.callback.handler.class = null
	sasl.jaas.config = null
	sasl.kerberos.kinit.cmd = /usr/bin/kinit
	sasl.kerberos.min.time.before.relogin = 60000
	sasl.kerberos.service.name = null
	sasl.kerberos.ticket.renew.jitter = 0.05
	sasl.kerberos.ticket.renew.window.factor = 0.8
	sasl.login.callback.handler.class = null
	sasl.login.class = null
	sasl.login.connect.timeout.ms = null
	sasl.login.read.timeout.ms = null
	sasl.login.refresh.buffer.seconds = 300
	sasl.login.refresh.min.period.seconds = 60
	sasl.login.refresh.window.factor = 0.8
	sasl.login.refresh.window.jitter = 0.05
	sasl.login.retry.backoff.max.ms = 10000
	sasl.login.retry.backoff.ms = 100
	sasl.mechanism = GSSAPI
	sasl.oauthbearer.clock.skew.seconds = 30
	sasl.oauthbearer.expected.audience = null
	sasl.oauthbearer.expected.issuer = null
	sasl.oauthbearer.header.urlencode = false
	sasl.oauthbearer.jwks.endpoint.refresh.ms = 3600000
	sasl.oauthbearer.jwks.endpoint.retry.backoff.max.ms = 10000
	sasl.oauthbearer.jwks.endpoint.retry.backoff.ms = 100
	sasl.oauthbearer.jwks.endpoint.url = null
	sasl.oauthbearer.scope.claim.name = scope
	sasl.oauthbearer.sub.claim.name = sub
	sasl.oauthbearer.token.endpoint.url = null
	security.protocol = PLAINTEXT
	security.providers = null
	send.buffer.bytes = 131072
	socket.connection.setup.timeout.max.ms = 30000
	socket.connection.setup.timeout.ms = 10000
	ssl.cipher.suites = null
	ssl.enabled.protocols = [TLSv1.2, TLSv1.3]
	ssl.endpoint.identification.algorithm = https
	ssl.engine.factory.class = null
	ssl.key.password = null
	ssl.keymanager.algorithm = SunX509
	ssl.keystore.certificate.chain = null
	ssl.keystore.key = null
	ssl.keystore.location = null
	ssl.keystore.password = null
	ssl.keystore.type = JKS
	ssl.protocol = TLSv1.3
	ssl.provider = null
	ssl.secure.random.implementation = null
	ssl.trustmanager.algorithm = PKIX
	ssl.truststore.certificates = null
	ssl.truststore.location = null
	ssl.truststore.password = null
	ssl.truststore.type = JKS
	transaction.timeout.ms = 60000
	transactional.id = null
	value.serializer = class io.apicurio.registry.serde.avro.AvroKafkaSerializer

2025-08-12 17:20:59,843 INFO  [org.apa.kaf.com.tel.int.KafkaMetricsCollector] (main) initializing Kafka metrics collector
2025-08-12 17:20:59,850 INFO  [org.apa.kaf.cli.pro.KafkaProducer] (main) [Producer clientId=Producer-s6f17d2d3xe79dx4b05x8a71x61057781cea2] Instantiated an idempotent producer.
2025-08-12 17:20:59,852 INFO  [org.apa.kaf.cli.pro.ProducerConfig] (main) These configurations '[apicurio.registry.url, apicurio.registry.artifact-resolver-strategy]' were supplied but are not used yet.
2025-08-12 17:20:59,852 INFO  [org.apa.kaf.com.uti.AppInfoParser] (main) Kafka version: 3.9.1
2025-08-12 17:20:59,852 INFO  [org.apa.kaf.com.uti.AppInfoParser] (main) Kafka commitId: f745dfdcee2b9851
2025-08-12 17:20:59,852 INFO  [org.apa.kaf.com.uti.AppInfoParser] (main) Kafka startTimeMs: 1755019259852
2025-08-12 17:20:59,855 INFO  [io.api.tes.ser.api.KafkaSerdesTester] (Thread-639) Sending message {"keyB": "value-0"} to topic s6f17d2d3xe79dx4b05x8a71x61057781cea2
2025-08-12 17:20:59,858 WARN  [org.apa.kaf.cli.NetworkClient] (kafka-producer-network-thread | Producer-s6f17d2d3xe79dx4b05x8a71x61057781cea2) [Producer clientId=Producer-s6f17d2d3xe79dx4b05x8a71x61057781cea2] The metadata response from the cluster reported a recoverable issue with correlation id 1 : {s6f17d2d3xe79dx4b05x8a71x61057781cea2=UNKNOWN_TOPIC_OR_PARTITION}
2025-08-12 17:20:59,860 INFO  [org.apa.kaf.cli.Metadata] (kafka-producer-network-thread | Producer-s6f17d2d3xe79dx4b05x8a71x61057781cea2) [Producer clientId=Producer-s6f17d2d3xe79dx4b05x8a71x61057781cea2] Cluster ID: Ursznb63T6OTazTEUvngGA
2025-08-12 17:20:59,860 INFO  [org.apa.kaf.cli.pro.int.TransactionManager] (kafka-producer-network-thread | Producer-s6f17d2d3xe79dx4b05x8a71x61057781cea2) [Producer clientId=Producer-s6f17d2d3xe79dx4b05x8a71x61057781cea2] ProducerId set to 7 with epoch 0
2025-08-12 17:20:59,981 INFO  [DefaultSchemaResolver] (Thread-639) Retrieving schema content using string: {"type":"record","name":"myrecord","namespace":"mygroup","fields":[{"name":"keyB","type":"string"}]}
2025-08-12 17:21:00,201 INFO  [org.apa.kaf.cli.pro.KafkaProducer] (Thread-639) [Producer clientId=Producer-s6f17d2d3xe79dx4b05x8a71x61057781cea2] Closing the Kafka producer with timeoutMillis = 9223372036854775807 ms.
2025-08-12 17:21:00,204 INFO  [org.apa.kaf.com.met.Metrics] (Thread-639) Metrics scheduler closed
2025-08-12 17:21:00,204 INFO  [org.apa.kaf.com.met.Metrics] (Thread-639) Closing reporter org.apache.kafka.common.metrics.JmxReporter
2025-08-12 17:21:00,204 INFO  [org.apa.kaf.com.met.Metrics] (Thread-639) Closing reporter org.apache.kafka.common.telemetry.internals.ClientTelemetryReporter
2025-08-12 17:21:00,205 INFO  [org.apa.kaf.com.met.Metrics] (Thread-639) Metrics reporters closed
2025-08-12 17:21:00,205 INFO  [org.apa.kaf.com.uti.AppInfoParser] (Thread-639) App info kafka.producer for Producer-s6f17d2d3xe79dx4b05x8a71x61057781cea2 unregistered
2025-08-12 17:21:00,205 INFO  [io.api.tes.uti.TestSeparator] (main) io.apicurio.tests.serdes.apicurio.AvroSerdeIT.testArtifactNotFound-FINISHED
2025-08-12 17:21:00,205 INFO  [io.api.tes.uti.TestSeparator] (main) ############################################################################
Test passed: testArtifactNotFound
]]></system-out>
    <system-err><![CDATA[java.lang.RuntimeException: Could not resolve artifact reference by content: {"type":"record","name":"myrecord","namespace":"mygroup","fields":[{"name":"keyB","type":"string"}]}&ArtifactReference [groupId=default, artifactId=s6f17d2d3xe79dx4b05x8a71x61057781cea2-value, version=null, globalId=null, contentId=null, contentHash=null]
	at io.apicurio.registry.resolver.DefaultSchemaResolver.lambda$handleResolveSchemaByContent$3(DefaultSchemaResolver.java:265)
	at io.apicurio.registry.resolver.cache.ERCache.lambda$getValue$0(ERCache.java:174)
	at io.apicurio.registry.resolver.cache.ERCache.retry(ERCache.java:227)
	at io.apicurio.registry.resolver.cache.ERCache.getValue(ERCache.java:173)
	at io.apicurio.registry.resolver.cache.ERCache.getByContent(ERCache.java:147)
	at io.apicurio.registry.resolver.DefaultSchemaResolver.handleResolveSchemaByContent(DefaultSchemaResolver.java:253)
	at io.apicurio.registry.resolver.DefaultSchemaResolver.getSchemaFromRegistry(DefaultSchemaResolver.java:138)
	at io.apicurio.registry.resolver.DefaultSchemaResolver.lambda$resolveSchema$0(DefaultSchemaResolver.java:84)
	at java.base/java.util.Optional.orElseGet(Optional.java:364)
	at io.apicurio.registry.resolver.DefaultSchemaResolver.resolveSchema(DefaultSchemaResolver.java:84)
	at io.apicurio.registry.serde.AbstractSerializer.serializeData(AbstractSerializer.java:62)
	at io.apicurio.registry.serde.KafkaSerializer.serialize(KafkaSerializer.java:77)
	at org.apache.kafka.clients.producer.KafkaProducer.doSend(KafkaProducer.java:1046)
	at org.apache.kafka.clients.producer.KafkaProducer.send(KafkaProducer.java:993)
	at org.apache.kafka.clients.producer.KafkaProducer.send(KafkaProducer.java:875)
	at io.apicurio.tests.serdes.apicurio.KafkaSerdesTester.lambda$produceMessages$3(KafkaSerdesTester.java:138)
	at java.base/java.util.concurrent.CompletableFuture$AsyncSupply.run(CompletableFuture.java:1768)
	at java.base/java.lang.Thread.run(Thread.java:840)
]]></system-err>
  </testcase>
  <testcase name="testAvroSerDesFailDifferentSchemaByRecordName" classname="io.apicurio.tests.serdes.apicurio.AvroSerdeIT" time="1.338">
    <system-out><![CDATA[2025-08-12 17:21:00,207 INFO  [io.api.tes.uti.TestSeparator] (main) ############################################################################
2025-08-12 17:21:00,207 INFO  [io.api.tes.uti.TestSeparator] (main) io.apicurio.tests.serdes.apicurio.AvroSerdeIT.testAvroSerDesFailDifferentSchemaByRecordName-STARTED
**** Registry Base URL: http://registry-app-inmemory.apps.ci419.apicurio-testing.org:80
2025-08-12 17:21:01,364 INFO  [org.apa.kaf.cli.pro.ProducerConfig] (main) ProducerConfig values: 
	acks = -1
	auto.include.jmx.reporter = true
	batch.size = 16384
	bootstrap.servers = [PLAINTEXT://localhost:32769]
	buffer.memory = 33554432
	client.dns.lookup = use_all_dns_ips
	client.id = Producer-topic-d78e98f7_18d2_4c85_af0c_11e34eff7328
	compression.gzip.level = -1
	compression.lz4.level = 9
	compression.type = none
	compression.zstd.level = 3
	connections.max.idle.ms = 10000
	delivery.timeout.ms = 120000
	enable.idempotence = true
	enable.metrics.push = true
	interceptor.classes = []
	key.serializer = class org.apache.kafka.common.serialization.StringSerializer
	linger.ms = 0
	max.block.ms = 60000
	max.in.flight.requests.per.connection = 5
	max.request.size = 1048576
	metadata.max.age.ms = 300000
	metadata.max.idle.ms = 300000
	metadata.recovery.strategy = none
	metric.reporters = []
	metrics.num.samples = 2
	metrics.recording.level = INFO
	metrics.sample.window.ms = 30000
	partitioner.adaptive.partitioning.enable = true
	partitioner.availability.timeout.ms = 0
	partitioner.class = null
	partitioner.ignore.keys = false
	receive.buffer.bytes = 32768
	reconnect.backoff.max.ms = 1000
	reconnect.backoff.ms = 50
	request.timeout.ms = 5000
	retries = 2147483647
	retry.backoff.max.ms = 1000
	retry.backoff.ms = 100
	sasl.client.callback.handler.class = null
	sasl.jaas.config = null
	sasl.kerberos.kinit.cmd = /usr/bin/kinit
	sasl.kerberos.min.time.before.relogin = 60000
	sasl.kerberos.service.name = null
	sasl.kerberos.ticket.renew.jitter = 0.05
	sasl.kerberos.ticket.renew.window.factor = 0.8
	sasl.login.callback.handler.class = null
	sasl.login.class = null
	sasl.login.connect.timeout.ms = null
	sasl.login.read.timeout.ms = null
	sasl.login.refresh.buffer.seconds = 300
	sasl.login.refresh.min.period.seconds = 60
	sasl.login.refresh.window.factor = 0.8
	sasl.login.refresh.window.jitter = 0.05
	sasl.login.retry.backoff.max.ms = 10000
	sasl.login.retry.backoff.ms = 100
	sasl.mechanism = GSSAPI
	sasl.oauthbearer.clock.skew.seconds = 30
	sasl.oauthbearer.expected.audience = null
	sasl.oauthbearer.expected.issuer = null
	sasl.oauthbearer.header.urlencode = false
	sasl.oauthbearer.jwks.endpoint.refresh.ms = 3600000
	sasl.oauthbearer.jwks.endpoint.retry.backoff.max.ms = 10000
	sasl.oauthbearer.jwks.endpoint.retry.backoff.ms = 100
	sasl.oauthbearer.jwks.endpoint.url = null
	sasl.oauthbearer.scope.claim.name = scope
	sasl.oauthbearer.sub.claim.name = sub
	sasl.oauthbearer.token.endpoint.url = null
	security.protocol = PLAINTEXT
	security.providers = null
	send.buffer.bytes = 131072
	socket.connection.setup.timeout.max.ms = 30000
	socket.connection.setup.timeout.ms = 10000
	ssl.cipher.suites = null
	ssl.enabled.protocols = [TLSv1.2, TLSv1.3]
	ssl.endpoint.identification.algorithm = https
	ssl.engine.factory.class = null
	ssl.key.password = null
	ssl.keymanager.algorithm = SunX509
	ssl.keystore.certificate.chain = null
	ssl.keystore.key = null
	ssl.keystore.location = null
	ssl.keystore.password = null
	ssl.keystore.type = JKS
	ssl.protocol = TLSv1.3
	ssl.provider = null
	ssl.secure.random.implementation = null
	ssl.trustmanager.algorithm = PKIX
	ssl.truststore.certificates = null
	ssl.truststore.location = null
	ssl.truststore.password = null
	ssl.truststore.type = JKS
	transaction.timeout.ms = 60000
	transactional.id = null
	value.serializer = class io.apicurio.registry.serde.avro.AvroKafkaSerializer

2025-08-12 17:21:01,365 INFO  [org.apa.kaf.com.tel.int.KafkaMetricsCollector] (main) initializing Kafka metrics collector
2025-08-12 17:21:01,368 INFO  [org.apa.kaf.cli.pro.KafkaProducer] (main) [Producer clientId=Producer-topic-d78e98f7_18d2_4c85_af0c_11e34eff7328] Instantiated an idempotent producer.
2025-08-12 17:21:01,370 INFO  [org.apa.kaf.cli.pro.ProducerConfig] (main) These configurations '[apicurio.registry.find-latest, apicurio.registry.url, apicurio.registry.artifact-resolver-strategy]' were supplied but are not used yet.
2025-08-12 17:21:01,370 INFO  [org.apa.kaf.com.uti.AppInfoParser] (main) Kafka version: 3.9.1
2025-08-12 17:21:01,370 INFO  [org.apa.kaf.com.uti.AppInfoParser] (main) Kafka commitId: f745dfdcee2b9851
2025-08-12 17:21:01,370 INFO  [org.apa.kaf.com.uti.AppInfoParser] (main) Kafka startTimeMs: 1755019261370
2025-08-12 17:21:01,373 INFO  [io.api.tes.ser.api.KafkaSerdesTester] (Thread-642) Sending message {"keyB": "value-0"} to topic topic-d78e98f7_18d2_4c85_af0c_11e34eff7328
2025-08-12 17:21:01,378 INFO  [org.apa.kaf.cli.Metadata] (kafka-producer-network-thread | Producer-topic-d78e98f7_18d2_4c85_af0c_11e34eff7328) [Producer clientId=Producer-topic-d78e98f7_18d2_4c85_af0c_11e34eff7328] Cluster ID: Ursznb63T6OTazTEUvngGA
2025-08-12 17:21:01,378 INFO  [org.apa.kaf.cli.pro.int.TransactionManager] (kafka-producer-network-thread | Producer-topic-d78e98f7_18d2_4c85_af0c_11e34eff7328) [Producer clientId=Producer-topic-d78e98f7_18d2_4c85_af0c_11e34eff7328] ProducerId set to 8 with epoch 0
2025-08-12 17:21:01,541 INFO  [org.apa.kaf.cli.pro.KafkaProducer] (Thread-642) [Producer clientId=Producer-topic-d78e98f7_18d2_4c85_af0c_11e34eff7328] Closing the Kafka producer with timeoutMillis = 9223372036854775807 ms.
2025-08-12 17:21:01,543 INFO  [org.apa.kaf.com.met.Metrics] (Thread-642) Metrics scheduler closed
2025-08-12 17:21:01,543 INFO  [org.apa.kaf.com.met.Metrics] (Thread-642) Closing reporter org.apache.kafka.common.metrics.JmxReporter
2025-08-12 17:21:01,543 INFO  [org.apa.kaf.com.met.Metrics] (Thread-642) Closing reporter org.apache.kafka.common.telemetry.internals.ClientTelemetryReporter
2025-08-12 17:21:01,543 INFO  [org.apa.kaf.com.met.Metrics] (Thread-642) Metrics reporters closed
2025-08-12 17:21:01,543 INFO  [org.apa.kaf.com.uti.AppInfoParser] (Thread-642) App info kafka.producer for Producer-topic-d78e98f7_18d2_4c85_af0c_11e34eff7328 unregistered
2025-08-12 17:21:01,544 INFO  [io.api.tes.uti.TestSeparator] (main) io.apicurio.tests.serdes.apicurio.AvroSerdeIT.testAvroSerDesFailDifferentSchemaByRecordName-FINISHED
2025-08-12 17:21:01,544 INFO  [io.api.tes.uti.TestSeparator] (main) ############################################################################
Test passed: testAvroSerDesFailDifferentSchemaByRecordName
]]></system-out>
    <system-err><![CDATA[io.apicurio.registry.rest.client.models.ProblemDetails
	at io.apicurio.registry.rest.client.models.ProblemDetails.createFromDiscriminatorValue(ProblemDetails.java:58)
	at io.kiota.serialization.json.JsonParseNode.getObjectValue(JsonParseNode.java:247)
	at io.kiota.http.vertx.VertXRequestAdapter.lambda$throwIfFailedResponse$0(VertXRequestAdapter.java:400)
	at com.microsoft.kiota.ApiExceptionBuilder.<init>(ApiExceptionBuilder.java:26)
	at io.kiota.http.vertx.VertXRequestAdapter.throwIfFailedResponse(VertXRequestAdapter.java:399)
	at io.kiota.http.vertx.VertXRequestAdapter.send(VertXRequestAdapter.java:170)
	at io.apicurio.registry.rest.client.groups.item.artifacts.item.versions.item.WithVersionExpressionItemRequestBuilder.get(WithVersionExpressionItemRequestBuilder.java:128)
	at io.apicurio.registry.rest.client.groups.item.artifacts.item.versions.item.WithVersionExpressionItemRequestBuilder.get(WithVersionExpressionItemRequestBuilder.java:111)
	at io.apicurio.registry.resolver.client.RegistryClientFacadeImpl.getVersionCoordinatesByGAV(RegistryClientFacadeImpl.java:159)
	at io.apicurio.registry.resolver.DefaultSchemaResolver.resolveByCoordinates(DefaultSchemaResolver.java:352)
	at io.apicurio.registry.resolver.DefaultSchemaResolver.lambda$resolveSchemaByArtifactReferenceCached$6(DefaultSchemaResolver.java:340)
	at io.apicurio.registry.resolver.cache.ERCache.lambda$getValue$0(ERCache.java:174)
	at io.apicurio.registry.resolver.cache.ERCache.retry(ERCache.java:227)
	at io.apicurio.registry.resolver.cache.ERCache.getValue(ERCache.java:173)
	at io.apicurio.registry.resolver.cache.ERCache.getByArtifactCoordinates(ERCache.java:158)
	at io.apicurio.registry.resolver.DefaultSchemaResolver.resolveSchemaByArtifactReferenceCached(DefaultSchemaResolver.java:338)
	at io.apicurio.registry.resolver.DefaultSchemaResolver.resolveSchemaByCoordinates(DefaultSchemaResolver.java:193)
	at io.apicurio.registry.resolver.DefaultSchemaResolver.getSchemaFromRegistry(DefaultSchemaResolver.java:130)
	at io.apicurio.registry.resolver.DefaultSchemaResolver.lambda$resolveSchema$0(DefaultSchemaResolver.java:84)
	at java.base/java.util.Optional.orElseGet(Optional.java:364)
	at io.apicurio.registry.resolver.DefaultSchemaResolver.resolveSchema(DefaultSchemaResolver.java:84)
	at io.apicurio.registry.serde.AbstractSerializer.serializeData(AbstractSerializer.java:62)
	at io.apicurio.registry.serde.KafkaSerializer.serialize(KafkaSerializer.java:77)
	at org.apache.kafka.clients.producer.KafkaProducer.doSend(KafkaProducer.java:1046)
	at org.apache.kafka.clients.producer.KafkaProducer.send(KafkaProducer.java:993)
	at org.apache.kafka.clients.producer.KafkaProducer.send(KafkaProducer.java:875)
	at io.apicurio.tests.serdes.apicurio.KafkaSerdesTester.lambda$produceMessages$3(KafkaSerdesTester.java:138)
	at java.base/java.util.concurrent.CompletableFuture$AsyncSupply.run(CompletableFuture.java:1768)
	at java.base/java.lang.Thread.run(Thread.java:840)
]]></system-err>
  </testcase>
  <testcase name="testTopicIdStrategyFindLatest" classname="io.apicurio.tests.serdes.apicurio.AvroSerdeIT" time="5.268">
    <system-out><![CDATA[2025-08-12 17:21:01,550 INFO  [io.api.tes.uti.TestSeparator] (main) ############################################################################
2025-08-12 17:21:01,550 INFO  [io.api.tes.uti.TestSeparator] (main) io.apicurio.tests.serdes.apicurio.AvroSerdeIT.testTopicIdStrategyFindLatest-STARTED
2025-08-12 17:21:01,551 INFO  [io.api.tes.ser.api.AvroSerdeIT] (main) Registering Avro Schema: {"type":"record","name":"myrecordapicurio1","fields":[{"name":"key11755019261551","type":"string"}]}
**** Registry Base URL: http://registry-app-inmemory.apps.ci419.apicurio-testing.org:80
2025-08-12 17:21:02,704 INFO  [org.apa.kaf.cli.pro.ProducerConfig] (main) ProducerConfig values: 
	acks = -1
	auto.include.jmx.reporter = true
	batch.size = 16384
	bootstrap.servers = [PLAINTEXT://localhost:32769]
	buffer.memory = 33554432
	client.dns.lookup = use_all_dns_ips
	client.id = Producer-topic-f95f757f_e655_4bca_b2be_42669ad7d4f0
	compression.gzip.level = -1
	compression.lz4.level = 9
	compression.type = none
	compression.zstd.level = 3
	connections.max.idle.ms = 10000
	delivery.timeout.ms = 120000
	enable.idempotence = true
	enable.metrics.push = true
	interceptor.classes = []
	key.serializer = class org.apache.kafka.common.serialization.StringSerializer
	linger.ms = 0
	max.block.ms = 60000
	max.in.flight.requests.per.connection = 5
	max.request.size = 1048576
	metadata.max.age.ms = 300000
	metadata.max.idle.ms = 300000
	metadata.recovery.strategy = none
	metric.reporters = []
	metrics.num.samples = 2
	metrics.recording.level = INFO
	metrics.sample.window.ms = 30000
	partitioner.adaptive.partitioning.enable = true
	partitioner.availability.timeout.ms = 0
	partitioner.class = null
	partitioner.ignore.keys = false
	receive.buffer.bytes = 32768
	reconnect.backoff.max.ms = 1000
	reconnect.backoff.ms = 50
	request.timeout.ms = 5000
	retries = 2147483647
	retry.backoff.max.ms = 1000
	retry.backoff.ms = 100
	sasl.client.callback.handler.class = null
	sasl.jaas.config = null
	sasl.kerberos.kinit.cmd = /usr/bin/kinit
	sasl.kerberos.min.time.before.relogin = 60000
	sasl.kerberos.service.name = null
	sasl.kerberos.ticket.renew.jitter = 0.05
	sasl.kerberos.ticket.renew.window.factor = 0.8
	sasl.login.callback.handler.class = null
	sasl.login.class = null
	sasl.login.connect.timeout.ms = null
	sasl.login.read.timeout.ms = null
	sasl.login.refresh.buffer.seconds = 300
	sasl.login.refresh.min.period.seconds = 60
	sasl.login.refresh.window.factor = 0.8
	sasl.login.refresh.window.jitter = 0.05
	sasl.login.retry.backoff.max.ms = 10000
	sasl.login.retry.backoff.ms = 100
	sasl.mechanism = GSSAPI
	sasl.oauthbearer.clock.skew.seconds = 30
	sasl.oauthbearer.expected.audience = null
	sasl.oauthbearer.expected.issuer = null
	sasl.oauthbearer.header.urlencode = false
	sasl.oauthbearer.jwks.endpoint.refresh.ms = 3600000
	sasl.oauthbearer.jwks.endpoint.retry.backoff.max.ms = 10000
	sasl.oauthbearer.jwks.endpoint.retry.backoff.ms = 100
	sasl.oauthbearer.jwks.endpoint.url = null
	sasl.oauthbearer.scope.claim.name = scope
	sasl.oauthbearer.sub.claim.name = sub
	sasl.oauthbearer.token.endpoint.url = null
	security.protocol = PLAINTEXT
	security.providers = null
	send.buffer.bytes = 131072
	socket.connection.setup.timeout.max.ms = 30000
	socket.connection.setup.timeout.ms = 10000
	ssl.cipher.suites = null
	ssl.enabled.protocols = [TLSv1.2, TLSv1.3]
	ssl.endpoint.identification.algorithm = https
	ssl.engine.factory.class = null
	ssl.key.password = null
	ssl.keymanager.algorithm = SunX509
	ssl.keystore.certificate.chain = null
	ssl.keystore.key = null
	ssl.keystore.location = null
	ssl.keystore.password = null
	ssl.keystore.type = JKS
	ssl.protocol = TLSv1.3
	ssl.provider = null
	ssl.secure.random.implementation = null
	ssl.trustmanager.algorithm = PKIX
	ssl.truststore.certificates = null
	ssl.truststore.location = null
	ssl.truststore.password = null
	ssl.truststore.type = JKS
	transaction.timeout.ms = 60000
	transactional.id = null
	value.serializer = class io.apicurio.registry.serde.avro.AvroKafkaSerializer

2025-08-12 17:21:02,704 INFO  [org.apa.kaf.com.tel.int.KafkaMetricsCollector] (main) initializing Kafka metrics collector
2025-08-12 17:21:02,708 INFO  [org.apa.kaf.cli.pro.KafkaProducer] (main) [Producer clientId=Producer-topic-f95f757f_e655_4bca_b2be_42669ad7d4f0] Instantiated an idempotent producer.
2025-08-12 17:21:02,710 INFO  [org.apa.kaf.cli.pro.ProducerConfig] (main) These configurations '[apicurio.registry.find-latest, apicurio.registry.url, apicurio.registry.artifact-resolver-strategy]' were supplied but are not used yet.
2025-08-12 17:21:02,710 INFO  [org.apa.kaf.com.uti.AppInfoParser] (main) Kafka version: 3.9.1
2025-08-12 17:21:02,710 INFO  [org.apa.kaf.com.uti.AppInfoParser] (main) Kafka commitId: f745dfdcee2b9851
2025-08-12 17:21:02,710 INFO  [org.apa.kaf.com.uti.AppInfoParser] (main) Kafka startTimeMs: 1755019262710
2025-08-12 17:21:02,710 INFO  [io.api.tes.ser.api.SimpleSerdesTesterBuilder$SimpleSerdesTester] (main) Using producer configuration: {apicurio.registry.find-latest=true, apicurio.registry.url=http://registry-app-inmemory.apps.ci419.apicurio-testing.org:80/apis/registry/v3, apicurio.registry.artifact-resolver-strategy=io.apicurio.registry.serde.strategy.TopicIdStrategy, value.serializer=io.apicurio.registry.serde.avro.AvroKafkaSerializer, request.timeout.ms=5000, acks=all, bootstrap.servers=PLAINTEXT://localhost:32769, connections.max.idle.ms=10000, key.serializer=org.apache.kafka.common.serialization.StringSerializer, client.id=Producer-topic-f95f757f_e655_4bca_b2be_42669ad7d4f0}
2025-08-12 17:21:02,710 INFO  [io.api.tes.ser.api.SimpleSerdesTesterBuilder$SimpleSerdesTester] (main) Using consumer configuration: {}
2025-08-12 17:21:02,713 INFO  [io.api.tes.ser.api.KafkaSerdesTester] (Thread-645) Sending message {"key11755019261551": "value-0"} to topic topic-f95f757f_e655_4bca_b2be_42669ad7d4f0
2025-08-12 17:21:02,715 INFO  [org.apa.kaf.cli.Metadata] (kafka-producer-network-thread | Producer-topic-f95f757f_e655_4bca_b2be_42669ad7d4f0) [Producer clientId=Producer-topic-f95f757f_e655_4bca_b2be_42669ad7d4f0] Cluster ID: Ursznb63T6OTazTEUvngGA
2025-08-12 17:21:02,718 INFO  [org.apa.kaf.cli.pro.int.TransactionManager] (kafka-producer-network-thread | Producer-topic-f95f757f_e655_4bca_b2be_42669ad7d4f0) [Producer clientId=Producer-topic-f95f757f_e655_4bca_b2be_42669ad7d4f0] ProducerId set to 9 with epoch 0
2025-08-12 17:21:03,033 INFO  [io.api.tes.ser.api.KafkaSerdesTester] (Thread-645) Sending message {"key11755019261551": "value-1"} to topic topic-f95f757f_e655_4bca_b2be_42669ad7d4f0
2025-08-12 17:21:03,035 INFO  [io.api.tes.ser.api.KafkaSerdesTester] (Thread-645) Sending message {"key11755019261551": "value-2"} to topic topic-f95f757f_e655_4bca_b2be_42669ad7d4f0
2025-08-12 17:21:03,038 INFO  [io.api.tes.ser.api.KafkaSerdesTester] (Thread-645) Sending message {"key11755019261551": "value-3"} to topic topic-f95f757f_e655_4bca_b2be_42669ad7d4f0
2025-08-12 17:21:03,040 INFO  [io.api.tes.ser.api.KafkaSerdesTester] (Thread-645) Sending message {"key11755019261551": "value-4"} to topic topic-f95f757f_e655_4bca_b2be_42669ad7d4f0
2025-08-12 17:21:03,042 INFO  [io.api.tes.ser.api.KafkaSerdesTester] (Thread-645) Sending message {"key11755019261551": "value-5"} to topic topic-f95f757f_e655_4bca_b2be_42669ad7d4f0
2025-08-12 17:21:03,043 INFO  [io.api.tes.ser.api.KafkaSerdesTester] (Thread-645) Sending message {"key11755019261551": "value-6"} to topic topic-f95f757f_e655_4bca_b2be_42669ad7d4f0
2025-08-12 17:21:03,045 INFO  [io.api.tes.ser.api.KafkaSerdesTester] (Thread-645) Sending message {"key11755019261551": "value-7"} to topic topic-f95f757f_e655_4bca_b2be_42669ad7d4f0
2025-08-12 17:21:03,047 INFO  [io.api.tes.ser.api.KafkaSerdesTester] (Thread-645) Sending message {"key11755019261551": "value-8"} to topic topic-f95f757f_e655_4bca_b2be_42669ad7d4f0
2025-08-12 17:21:03,050 INFO  [io.api.tes.ser.api.KafkaSerdesTester] (Thread-645) Sending message {"key11755019261551": "value-9"} to topic topic-f95f757f_e655_4bca_b2be_42669ad7d4f0
2025-08-12 17:21:03,052 INFO  [io.api.tes.ser.api.KafkaSerdesTester] (Thread-645) Produced 10 messages
2025-08-12 17:21:03,052 INFO  [org.apa.kaf.cli.pro.KafkaProducer] (Thread-645) [Producer clientId=Producer-topic-f95f757f_e655_4bca_b2be_42669ad7d4f0] Closing the Kafka producer with timeoutMillis = 9223372036854775807 ms.
2025-08-12 17:21:03,056 INFO  [org.apa.kaf.com.met.Metrics] (Thread-645) Metrics scheduler closed
2025-08-12 17:21:03,056 INFO  [org.apa.kaf.com.met.Metrics] (Thread-645) Closing reporter org.apache.kafka.common.metrics.JmxReporter
2025-08-12 17:21:03,056 INFO  [org.apa.kaf.com.met.Metrics] (Thread-645) Closing reporter org.apache.kafka.common.telemetry.internals.ClientTelemetryReporter
2025-08-12 17:21:03,056 INFO  [org.apa.kaf.com.met.Metrics] (Thread-645) Metrics reporters closed
2025-08-12 17:21:03,057 INFO  [org.apa.kaf.com.uti.AppInfoParser] (Thread-645) App info kafka.producer for Producer-topic-f95f757f_e655_4bca_b2be_42669ad7d4f0 unregistered
**** Registry Base URL: http://registry-app-inmemory.apps.ci419.apicurio-testing.org:80
2025-08-12 17:21:03,058 INFO  [org.apa.kaf.cli.con.ConsumerConfig] (main) ConsumerConfig values: 
	allow.auto.create.topics = true
	auto.commit.interval.ms = 500
	auto.include.jmx.reporter = true
	auto.offset.reset = earliest
	bootstrap.servers = [PLAINTEXT://localhost:32769]
	check.crcs = true
	client.dns.lookup = use_all_dns_ips
	client.id = consumer-Consumer-topic-f95f757f_e655_4bca_b2be_42669ad7d4f0-7
	client.rack = 
	connections.max.idle.ms = 10000
	default.api.timeout.ms = 60000
	enable.auto.commit = true
	enable.metrics.push = true
	exclude.internal.topics = true
	fetch.max.bytes = 52428800
	fetch.max.wait.ms = 500
	fetch.min.bytes = 1
	group.id = Consumer-topic-f95f757f_e655_4bca_b2be_42669ad7d4f0
	group.instance.id = null
	group.protocol = classic
	group.remote.assignor = null
	heartbeat.interval.ms = 3000
	interceptor.classes = []
	internal.leave.group.on.close = true
	internal.throw.on.fetch.stable.offset.unsupported = false
	isolation.level = read_uncommitted
	key.deserializer = class org.apache.kafka.common.serialization.StringDeserializer
	max.partition.fetch.bytes = 1048576
	max.poll.interval.ms = 300000
	max.poll.records = 500
	metadata.max.age.ms = 300000
	metadata.recovery.strategy = none
	metric.reporters = []
	metrics.num.samples = 2
	metrics.recording.level = INFO
	metrics.sample.window.ms = 30000
	partition.assignment.strategy = [class org.apache.kafka.clients.consumer.RangeAssignor, class org.apache.kafka.clients.consumer.CooperativeStickyAssignor]
	receive.buffer.bytes = 65536
	reconnect.backoff.max.ms = 1000
	reconnect.backoff.ms = 50
	request.timeout.ms = 5000
	retry.backoff.max.ms = 1000
	retry.backoff.ms = 100
	sasl.client.callback.handler.class = null
	sasl.jaas.config = null
	sasl.kerberos.kinit.cmd = /usr/bin/kinit
	sasl.kerberos.min.time.before.relogin = 60000
	sasl.kerberos.service.name = null
	sasl.kerberos.ticket.renew.jitter = 0.05
	sasl.kerberos.ticket.renew.window.factor = 0.8
	sasl.login.callback.handler.class = null
	sasl.login.class = null
	sasl.login.connect.timeout.ms = null
	sasl.login.read.timeout.ms = null
	sasl.login.refresh.buffer.seconds = 300
	sasl.login.refresh.min.period.seconds = 60
	sasl.login.refresh.window.factor = 0.8
	sasl.login.refresh.window.jitter = 0.05
	sasl.login.retry.backoff.max.ms = 10000
	sasl.login.retry.backoff.ms = 100
	sasl.mechanism = GSSAPI
	sasl.oauthbearer.clock.skew.seconds = 30
	sasl.oauthbearer.expected.audience = null
	sasl.oauthbearer.expected.issuer = null
	sasl.oauthbearer.header.urlencode = false
	sasl.oauthbearer.jwks.endpoint.refresh.ms = 3600000
	sasl.oauthbearer.jwks.endpoint.retry.backoff.max.ms = 10000
	sasl.oauthbearer.jwks.endpoint.retry.backoff.ms = 100
	sasl.oauthbearer.jwks.endpoint.url = null
	sasl.oauthbearer.scope.claim.name = scope
	sasl.oauthbearer.sub.claim.name = sub
	sasl.oauthbearer.token.endpoint.url = null
	security.protocol = PLAINTEXT
	security.providers = null
	send.buffer.bytes = 131072
	session.timeout.ms = 45000
	socket.connection.setup.timeout.max.ms = 30000
	socket.connection.setup.timeout.ms = 10000
	ssl.cipher.suites = null
	ssl.enabled.protocols = [TLSv1.2, TLSv1.3]
	ssl.endpoint.identification.algorithm = https
	ssl.engine.factory.class = null
	ssl.key.password = null
	ssl.keymanager.algorithm = SunX509
	ssl.keystore.certificate.chain = null
	ssl.keystore.key = null
	ssl.keystore.location = null
	ssl.keystore.password = null
	ssl.keystore.type = JKS
	ssl.protocol = TLSv1.3
	ssl.provider = null
	ssl.secure.random.implementation = null
	ssl.trustmanager.algorithm = PKIX
	ssl.truststore.certificates = null
	ssl.truststore.location = null
	ssl.truststore.password = null
	ssl.truststore.type = JKS
	value.deserializer = class io.apicurio.registry.serde.avro.AvroKafkaDeserializer

2025-08-12 17:21:03,058 INFO  [org.apa.kaf.com.tel.int.KafkaMetricsCollector] (main) initializing Kafka metrics collector
2025-08-12 17:21:03,066 INFO  [org.apa.kaf.cli.con.ConsumerConfig] (main) These configurations '[apicurio.registry.url]' were supplied but are not used yet.
2025-08-12 17:21:03,066 INFO  [org.apa.kaf.com.uti.AppInfoParser] (main) Kafka version: 3.9.1
2025-08-12 17:21:03,066 INFO  [org.apa.kaf.com.uti.AppInfoParser] (main) Kafka commitId: f745dfdcee2b9851
2025-08-12 17:21:03,066 INFO  [org.apa.kaf.com.uti.AppInfoParser] (main) Kafka startTimeMs: 1755019263066
2025-08-12 17:21:03,067 INFO  [org.apa.kaf.cli.con.int.ClassicKafkaConsumer] (Thread-648) [Consumer clientId=consumer-Consumer-topic-f95f757f_e655_4bca_b2be_42669ad7d4f0-7, groupId=Consumer-topic-f95f757f_e655_4bca_b2be_42669ad7d4f0] Subscribed to topic(s): topic-f95f757f_e655_4bca_b2be_42669ad7d4f0
2025-08-12 17:21:03,074 INFO  [org.apa.kaf.cli.Metadata] (Thread-648) [Consumer clientId=consumer-Consumer-topic-f95f757f_e655_4bca_b2be_42669ad7d4f0-7, groupId=Consumer-topic-f95f757f_e655_4bca_b2be_42669ad7d4f0] Cluster ID: Ursznb63T6OTazTEUvngGA
2025-08-12 17:21:03,076 INFO  [org.apa.kaf.cli.con.int.ConsumerCoordinator] (Thread-648) [Consumer clientId=consumer-Consumer-topic-f95f757f_e655_4bca_b2be_42669ad7d4f0-7, groupId=Consumer-topic-f95f757f_e655_4bca_b2be_42669ad7d4f0] Discovered group coordinator localhost:32769 (id: 2147483647 rack: null)
2025-08-12 17:21:03,083 INFO  [org.apa.kaf.cli.con.int.ConsumerCoordinator] (Thread-648) [Consumer clientId=consumer-Consumer-topic-f95f757f_e655_4bca_b2be_42669ad7d4f0-7, groupId=Consumer-topic-f95f757f_e655_4bca_b2be_42669ad7d4f0] (Re-)joining group
2025-08-12 17:21:03,086 INFO  [org.apa.kaf.cli.con.int.ConsumerCoordinator] (Thread-648) [Consumer clientId=consumer-Consumer-topic-f95f757f_e655_4bca_b2be_42669ad7d4f0-7, groupId=Consumer-topic-f95f757f_e655_4bca_b2be_42669ad7d4f0] Request joining group due to: need to re-join with the given member-id: consumer-Consumer-topic-f95f757f_e655_4bca_b2be_42669ad7d4f0-7-271cb780-e537-4f56-8e11-d059c5a13632
2025-08-12 17:21:03,086 INFO  [org.apa.kaf.cli.con.int.ConsumerCoordinator] (Thread-648) [Consumer clientId=consumer-Consumer-topic-f95f757f_e655_4bca_b2be_42669ad7d4f0-7, groupId=Consumer-topic-f95f757f_e655_4bca_b2be_42669ad7d4f0] (Re-)joining group
2025-08-12 17:21:04,067 INFO  [io.api.tes.ser.api.KafkaSerdesTester] (Thread-648) None found
2025-08-12 17:21:05,067 INFO  [io.api.tes.ser.api.KafkaSerdesTester] (Thread-648) None found
2025-08-12 17:21:06,067 INFO  [io.api.tes.ser.api.KafkaSerdesTester] (Thread-648) None found
2025-08-12 17:21:06,089 INFO  [org.apa.kaf.cli.con.int.ConsumerCoordinator] (Thread-648) [Consumer clientId=consumer-Consumer-topic-f95f757f_e655_4bca_b2be_42669ad7d4f0-7, groupId=Consumer-topic-f95f757f_e655_4bca_b2be_42669ad7d4f0] Successfully joined group with generation Generation{generationId=1, memberId='consumer-Consumer-topic-f95f757f_e655_4bca_b2be_42669ad7d4f0-7-271cb780-e537-4f56-8e11-d059c5a13632', protocol='range'}
2025-08-12 17:21:06,089 INFO  [org.apa.kaf.cli.con.int.ConsumerCoordinator] (Thread-648) [Consumer clientId=consumer-Consumer-topic-f95f757f_e655_4bca_b2be_42669ad7d4f0-7, groupId=Consumer-topic-f95f757f_e655_4bca_b2be_42669ad7d4f0] Finished assignment for group at generation 1: {consumer-Consumer-topic-f95f757f_e655_4bca_b2be_42669ad7d4f0-7-271cb780-e537-4f56-8e11-d059c5a13632=Assignment(partitions=[topic-f95f757f_e655_4bca_b2be_42669ad7d4f0-0])}
2025-08-12 17:21:06,095 INFO  [org.apa.kaf.cli.con.int.ConsumerCoordinator] (Thread-648) [Consumer clientId=consumer-Consumer-topic-f95f757f_e655_4bca_b2be_42669ad7d4f0-7, groupId=Consumer-topic-f95f757f_e655_4bca_b2be_42669ad7d4f0] Successfully synced group in generation Generation{generationId=1, memberId='consumer-Consumer-topic-f95f757f_e655_4bca_b2be_42669ad7d4f0-7-271cb780-e537-4f56-8e11-d059c5a13632', protocol='range'}
2025-08-12 17:21:06,095 INFO  [org.apa.kaf.cli.con.int.ConsumerCoordinator] (Thread-648) [Consumer clientId=consumer-Consumer-topic-f95f757f_e655_4bca_b2be_42669ad7d4f0-7, groupId=Consumer-topic-f95f757f_e655_4bca_b2be_42669ad7d4f0] Notifying assignor about the new Assignment(partitions=[topic-f95f757f_e655_4bca_b2be_42669ad7d4f0-0])
2025-08-12 17:21:06,095 INFO  [org.apa.kaf.cli.con.int.ConsumerRebalanceListenerInvoker] (Thread-648) [Consumer clientId=consumer-Consumer-topic-f95f757f_e655_4bca_b2be_42669ad7d4f0-7, groupId=Consumer-topic-f95f757f_e655_4bca_b2be_42669ad7d4f0] Adding newly assigned partitions: topic-f95f757f_e655_4bca_b2be_42669ad7d4f0-0
2025-08-12 17:21:06,097 INFO  [org.apa.kaf.cli.con.int.ConsumerCoordinator] (Thread-648) [Consumer clientId=consumer-Consumer-topic-f95f757f_e655_4bca_b2be_42669ad7d4f0-7, groupId=Consumer-topic-f95f757f_e655_4bca_b2be_42669ad7d4f0] Found no committed offset for partition topic-f95f757f_e655_4bca_b2be_42669ad7d4f0-0
2025-08-12 17:21:06,098 INFO  [org.apa.kaf.cli.con.int.SubscriptionState] (Thread-648) [Consumer clientId=consumer-Consumer-topic-f95f757f_e655_4bca_b2be_42669ad7d4f0-7, groupId=Consumer-topic-f95f757f_e655_4bca_b2be_42669ad7d4f0] Resetting offset for partition topic-f95f757f_e655_4bca_b2be_42669ad7d4f0-0 to position FetchPosition{offset=0, offsetEpoch=Optional.empty, currentLeader=LeaderAndEpoch{leader=Optional[localhost:32769 (id: 0 rack: null)], epoch=0}}.
2025-08-12 17:21:06,306 INFO  [io.api.tes.ser.api.KafkaSerdesTester] (Thread-648) topic-f95f757f_e655_4bca_b2be_42669ad7d4f0 0 0 {"key11755019261551": "value-0"}
2025-08-12 17:21:06,306 INFO  [io.api.tes.ser.api.KafkaSerdesTester] (Thread-648) topic-f95f757f_e655_4bca_b2be_42669ad7d4f0 0 1 {"key11755019261551": "value-1"}
2025-08-12 17:21:06,306 INFO  [io.api.tes.ser.api.KafkaSerdesTester] (Thread-648) topic-f95f757f_e655_4bca_b2be_42669ad7d4f0 0 2 {"key11755019261551": "value-2"}
2025-08-12 17:21:06,306 INFO  [io.api.tes.ser.api.KafkaSerdesTester] (Thread-648) topic-f95f757f_e655_4bca_b2be_42669ad7d4f0 0 3 {"key11755019261551": "value-3"}
2025-08-12 17:21:06,306 INFO  [io.api.tes.ser.api.KafkaSerdesTester] (Thread-648) topic-f95f757f_e655_4bca_b2be_42669ad7d4f0 0 4 {"key11755019261551": "value-4"}
2025-08-12 17:21:06,306 INFO  [io.api.tes.ser.api.KafkaSerdesTester] (Thread-648) topic-f95f757f_e655_4bca_b2be_42669ad7d4f0 0 5 {"key11755019261551": "value-5"}
2025-08-12 17:21:06,306 INFO  [io.api.tes.ser.api.KafkaSerdesTester] (Thread-648) topic-f95f757f_e655_4bca_b2be_42669ad7d4f0 0 6 {"key11755019261551": "value-6"}
2025-08-12 17:21:06,307 INFO  [io.api.tes.ser.api.KafkaSerdesTester] (Thread-648) topic-f95f757f_e655_4bca_b2be_42669ad7d4f0 0 7 {"key11755019261551": "value-7"}
2025-08-12 17:21:06,307 INFO  [io.api.tes.ser.api.KafkaSerdesTester] (Thread-648) topic-f95f757f_e655_4bca_b2be_42669ad7d4f0 0 8 {"key11755019261551": "value-8"}
2025-08-12 17:21:06,307 INFO  [io.api.tes.ser.api.KafkaSerdesTester] (Thread-648) topic-f95f757f_e655_4bca_b2be_42669ad7d4f0 0 9 {"key11755019261551": "value-9"}
2025-08-12 17:21:06,307 INFO  [io.api.tes.ser.api.KafkaSerdesTester] (Thread-648) Consumed 10 messages
2025-08-12 17:21:06,315 INFO  [org.apa.kaf.cli.con.int.ConsumerRebalanceListenerInvoker] (Thread-648) [Consumer clientId=consumer-Consumer-topic-f95f757f_e655_4bca_b2be_42669ad7d4f0-7, groupId=Consumer-topic-f95f757f_e655_4bca_b2be_42669ad7d4f0] Revoke previously assigned partitions topic-f95f757f_e655_4bca_b2be_42669ad7d4f0-0
2025-08-12 17:21:06,315 INFO  [org.apa.kaf.cli.con.int.ConsumerCoordinator] (Thread-648) [Consumer clientId=consumer-Consumer-topic-f95f757f_e655_4bca_b2be_42669ad7d4f0-7, groupId=Consumer-topic-f95f757f_e655_4bca_b2be_42669ad7d4f0] Member consumer-Consumer-topic-f95f757f_e655_4bca_b2be_42669ad7d4f0-7-271cb780-e537-4f56-8e11-d059c5a13632 sending LeaveGroup request to coordinator localhost:32769 (id: 2147483647 rack: null) due to the consumer is being closed
2025-08-12 17:21:06,315 INFO  [org.apa.kaf.cli.con.int.ConsumerCoordinator] (Thread-648) [Consumer clientId=consumer-Consumer-topic-f95f757f_e655_4bca_b2be_42669ad7d4f0-7, groupId=Consumer-topic-f95f757f_e655_4bca_b2be_42669ad7d4f0] Resetting generation and member id due to: consumer pro-actively leaving the group
2025-08-12 17:21:06,315 INFO  [org.apa.kaf.cli.con.int.ConsumerCoordinator] (Thread-648) [Consumer clientId=consumer-Consumer-topic-f95f757f_e655_4bca_b2be_42669ad7d4f0-7, groupId=Consumer-topic-f95f757f_e655_4bca_b2be_42669ad7d4f0] Request joining group due to: consumer pro-actively leaving the group
2025-08-12 17:21:06,809 INFO  [org.apa.kaf.com.met.Metrics] (Thread-648) Metrics scheduler closed
2025-08-12 17:21:06,809 INFO  [org.apa.kaf.com.met.Metrics] (Thread-648) Closing reporter org.apache.kafka.common.metrics.JmxReporter
2025-08-12 17:21:06,809 INFO  [org.apa.kaf.com.met.Metrics] (Thread-648) Closing reporter org.apache.kafka.common.telemetry.internals.ClientTelemetryReporter
2025-08-12 17:21:06,809 INFO  [org.apa.kaf.com.met.Metrics] (Thread-648) Metrics reporters closed
2025-08-12 17:21:06,813 INFO  [org.apa.kaf.com.uti.AppInfoParser] (Thread-648) App info kafka.consumer for consumer-Consumer-topic-f95f757f_e655_4bca_b2be_42669ad7d4f0-7 unregistered
2025-08-12 17:21:06,814 INFO  [io.api.tes.uti.TestSeparator] (main) io.apicurio.tests.serdes.apicurio.AvroSerdeIT.testTopicIdStrategyFindLatest-FINISHED
2025-08-12 17:21:06,814 INFO  [io.api.tes.uti.TestSeparator] (main) ############################################################################
Test passed: testTopicIdStrategyFindLatest
]]></system-out>
  </testcase>
  <testcase name="testAvroUnionWithSpecificReader" classname="io.apicurio.tests.serdes.apicurio.AvroSerdeIT" time="4.642">
    <system-out><![CDATA[2025-08-12 17:21:06,815 INFO  [io.api.tes.uti.TestSeparator] (main) ############################################################################
2025-08-12 17:21:06,815 INFO  [io.api.tes.uti.TestSeparator] (main) io.apicurio.tests.serdes.apicurio.AvroSerdeIT.testAvroUnionWithSpecificReader-STARTED
**** Registry Base URL: http://registry-app-inmemory.apps.ci419.apicurio-testing.org:80
2025-08-12 17:21:06,822 INFO  [org.apa.kaf.cli.pro.ProducerConfig] (main) ProducerConfig values: 
	acks = -1
	auto.include.jmx.reporter = true
	batch.size = 16384
	bootstrap.servers = [PLAINTEXT://localhost:32769]
	buffer.memory = 33554432
	client.dns.lookup = use_all_dns_ips
	client.id = Producer-topic-4487f55d_dcb2_4c32_b8ea_e17a771decd6
	compression.gzip.level = -1
	compression.lz4.level = 9
	compression.type = none
	compression.zstd.level = 3
	connections.max.idle.ms = 10000
	delivery.timeout.ms = 120000
	enable.idempotence = true
	enable.metrics.push = true
	interceptor.classes = []
	key.serializer = class org.apache.kafka.common.serialization.StringSerializer
	linger.ms = 0
	max.block.ms = 60000
	max.in.flight.requests.per.connection = 5
	max.request.size = 1048576
	metadata.max.age.ms = 300000
	metadata.max.idle.ms = 300000
	metadata.recovery.strategy = none
	metric.reporters = []
	metrics.num.samples = 2
	metrics.recording.level = INFO
	metrics.sample.window.ms = 30000
	partitioner.adaptive.partitioning.enable = true
	partitioner.availability.timeout.ms = 0
	partitioner.class = null
	partitioner.ignore.keys = false
	receive.buffer.bytes = 32768
	reconnect.backoff.max.ms = 1000
	reconnect.backoff.ms = 50
	request.timeout.ms = 5000
	retries = 2147483647
	retry.backoff.max.ms = 1000
	retry.backoff.ms = 100
	sasl.client.callback.handler.class = null
	sasl.jaas.config = null
	sasl.kerberos.kinit.cmd = /usr/bin/kinit
	sasl.kerberos.min.time.before.relogin = 60000
	sasl.kerberos.service.name = null
	sasl.kerberos.ticket.renew.jitter = 0.05
	sasl.kerberos.ticket.renew.window.factor = 0.8
	sasl.login.callback.handler.class = null
	sasl.login.class = null
	sasl.login.connect.timeout.ms = null
	sasl.login.read.timeout.ms = null
	sasl.login.refresh.buffer.seconds = 300
	sasl.login.refresh.min.period.seconds = 60
	sasl.login.refresh.window.factor = 0.8
	sasl.login.refresh.window.jitter = 0.05
	sasl.login.retry.backoff.max.ms = 10000
	sasl.login.retry.backoff.ms = 100
	sasl.mechanism = GSSAPI
	sasl.oauthbearer.clock.skew.seconds = 30
	sasl.oauthbearer.expected.audience = null
	sasl.oauthbearer.expected.issuer = null
	sasl.oauthbearer.header.urlencode = false
	sasl.oauthbearer.jwks.endpoint.refresh.ms = 3600000
	sasl.oauthbearer.jwks.endpoint.retry.backoff.max.ms = 10000
	sasl.oauthbearer.jwks.endpoint.retry.backoff.ms = 100
	sasl.oauthbearer.jwks.endpoint.url = null
	sasl.oauthbearer.scope.claim.name = scope
	sasl.oauthbearer.sub.claim.name = sub
	sasl.oauthbearer.token.endpoint.url = null
	security.protocol = PLAINTEXT
	security.providers = null
	send.buffer.bytes = 131072
	socket.connection.setup.timeout.max.ms = 30000
	socket.connection.setup.timeout.ms = 10000
	ssl.cipher.suites = null
	ssl.enabled.protocols = [TLSv1.2, TLSv1.3]
	ssl.endpoint.identification.algorithm = https
	ssl.engine.factory.class = null
	ssl.key.password = null
	ssl.keymanager.algorithm = SunX509
	ssl.keystore.certificate.chain = null
	ssl.keystore.key = null
	ssl.keystore.location = null
	ssl.keystore.password = null
	ssl.keystore.type = JKS
	ssl.protocol = TLSv1.3
	ssl.provider = null
	ssl.secure.random.implementation = null
	ssl.trustmanager.algorithm = PKIX
	ssl.truststore.certificates = null
	ssl.truststore.location = null
	ssl.truststore.password = null
	ssl.truststore.type = JKS
	transaction.timeout.ms = 60000
	transactional.id = null
	value.serializer = class io.apicurio.registry.serde.avro.AvroKafkaSerializer

2025-08-12 17:21:06,823 INFO  [org.apa.kaf.com.tel.int.KafkaMetricsCollector] (main) initializing Kafka metrics collector
2025-08-12 17:21:06,827 INFO  [org.apa.kaf.cli.pro.KafkaProducer] (main) [Producer clientId=Producer-topic-4487f55d_dcb2_4c32_b8ea_e17a771decd6] Instantiated an idempotent producer.
2025-08-12 17:21:06,829 INFO  [org.apa.kaf.cli.pro.ProducerConfig] (main) These configurations '[apicurio.registry.url, apicurio.registry.auto-register, apicurio.registry.artifact-resolver-strategy]' were supplied but are not used yet.
2025-08-12 17:21:06,829 INFO  [org.apa.kaf.com.uti.AppInfoParser] (main) Kafka version: 3.9.1
2025-08-12 17:21:06,829 INFO  [org.apa.kaf.com.uti.AppInfoParser] (main) Kafka commitId: f745dfdcee2b9851
2025-08-12 17:21:06,829 INFO  [org.apa.kaf.com.uti.AppInfoParser] (main) Kafka startTimeMs: 1755019266829
2025-08-12 17:21:06,829 INFO  [io.api.tes.ser.api.SimpleSerdesTesterBuilder$SimpleSerdesTester] (main) Using producer configuration: {apicurio.registry.url=http://registry-app-inmemory.apps.ci419.apicurio-testing.org:80/apis/registry/v3, apicurio.registry.auto-register=true, apicurio.registry.artifact-resolver-strategy=io.apicurio.registry.serde.strategy.TopicIdStrategy, value.serializer=io.apicurio.registry.serde.avro.AvroKafkaSerializer, request.timeout.ms=5000, acks=all, bootstrap.servers=PLAINTEXT://localhost:32769, connections.max.idle.ms=10000, key.serializer=org.apache.kafka.common.serialization.StringSerializer, client.id=Producer-topic-4487f55d_dcb2_4c32_b8ea_e17a771decd6}
2025-08-12 17:21:06,830 INFO  [io.api.tes.ser.api.SimpleSerdesTesterBuilder$SimpleSerdesTester] (main) Using consumer configuration: {}
2025-08-12 17:21:06,834 INFO  [org.apa.kaf.cli.Metadata] (kafka-producer-network-thread | Producer-topic-4487f55d_dcb2_4c32_b8ea_e17a771decd6) [Producer clientId=Producer-topic-4487f55d_dcb2_4c32_b8ea_e17a771decd6] Cluster ID: Ursznb63T6OTazTEUvngGA
2025-08-12 17:21:06,838 INFO  [org.apa.kaf.cli.pro.int.TransactionManager] (kafka-producer-network-thread | Producer-topic-4487f55d_dcb2_4c32_b8ea_e17a771decd6) [Producer clientId=Producer-topic-4487f55d_dcb2_4c32_b8ea_e17a771decd6] ProducerId set to 10 with epoch 0
2025-08-12 17:21:06,840 INFO  [io.api.tes.ser.api.KafkaSerdesTester] (Thread-651) Sending message {"id": "record-0"} to topic topic-4487f55d_dcb2_4c32_b8ea_e17a771decd6
2025-08-12 17:21:06,844 WARN  [org.apa.kaf.cli.NetworkClient] (kafka-producer-network-thread | Producer-topic-4487f55d_dcb2_4c32_b8ea_e17a771decd6) [Producer clientId=Producer-topic-4487f55d_dcb2_4c32_b8ea_e17a771decd6] The metadata response from the cluster reported a recoverable issue with correlation id 5 : {topic-4487f55d_dcb2_4c32_b8ea_e17a771decd6=UNKNOWN_TOPIC_OR_PARTITION}
2025-08-12 17:21:07,123 INFO  [io.api.tes.ser.api.KafkaSerdesTester] (Thread-651) Sending message {"value": 1} to topic topic-4487f55d_dcb2_4c32_b8ea_e17a771decd6
2025-08-12 17:21:07,222 INFO  [io.api.tes.ser.api.KafkaSerdesTester] (Thread-651) Sending message {"active": true} to topic topic-4487f55d_dcb2_4c32_b8ea_e17a771decd6
2025-08-12 17:21:07,319 INFO  [io.api.tes.ser.api.KafkaSerdesTester] (Thread-651) Sending message {"id": "record-3"} to topic topic-4487f55d_dcb2_4c32_b8ea_e17a771decd6
2025-08-12 17:21:07,320 INFO  [io.api.tes.ser.api.KafkaSerdesTester] (Thread-651) Sending message {"value": 4} to topic topic-4487f55d_dcb2_4c32_b8ea_e17a771decd6
2025-08-12 17:21:07,325 INFO  [io.api.tes.ser.api.KafkaSerdesTester] (Thread-651) Sending message {"active": false} to topic topic-4487f55d_dcb2_4c32_b8ea_e17a771decd6
2025-08-12 17:21:07,328 INFO  [io.api.tes.ser.api.KafkaSerdesTester] (Thread-651) Sending message {"id": "record-6"} to topic topic-4487f55d_dcb2_4c32_b8ea_e17a771decd6
2025-08-12 17:21:07,330 INFO  [io.api.tes.ser.api.KafkaSerdesTester] (Thread-651) Sending message {"value": 7} to topic topic-4487f55d_dcb2_4c32_b8ea_e17a771decd6
2025-08-12 17:21:07,332 INFO  [io.api.tes.ser.api.KafkaSerdesTester] (Thread-651) Sending message {"active": true} to topic topic-4487f55d_dcb2_4c32_b8ea_e17a771decd6
2025-08-12 17:21:07,334 INFO  [io.api.tes.ser.api.KafkaSerdesTester] (Thread-651) Sending message {"id": "record-9"} to topic topic-4487f55d_dcb2_4c32_b8ea_e17a771decd6
2025-08-12 17:21:07,336 INFO  [io.api.tes.ser.api.KafkaSerdesTester] (Thread-651) Produced 10 messages
2025-08-12 17:21:07,336 INFO  [org.apa.kaf.cli.pro.KafkaProducer] (Thread-651) [Producer clientId=Producer-topic-4487f55d_dcb2_4c32_b8ea_e17a771decd6] Closing the Kafka producer with timeoutMillis = 9223372036854775807 ms.
2025-08-12 17:21:07,339 INFO  [org.apa.kaf.com.met.Metrics] (Thread-651) Metrics scheduler closed
2025-08-12 17:21:07,339 INFO  [org.apa.kaf.com.met.Metrics] (Thread-651) Closing reporter org.apache.kafka.common.metrics.JmxReporter
2025-08-12 17:21:07,339 INFO  [org.apa.kaf.com.met.Metrics] (Thread-651) Closing reporter org.apache.kafka.common.telemetry.internals.ClientTelemetryReporter
2025-08-12 17:21:07,339 INFO  [org.apa.kaf.com.met.Metrics] (Thread-651) Metrics reporters closed
2025-08-12 17:21:07,340 INFO  [org.apa.kaf.com.uti.AppInfoParser] (Thread-651) App info kafka.producer for Producer-topic-4487f55d_dcb2_4c32_b8ea_e17a771decd6 unregistered
2025-08-12 17:21:07,418 INFO  [io.api.tes.ser.api.AvroSerdeIT] (main) Artifact topic-4487f55d_dcb2_4c32_b8ea_e17a771decd6-value found in registry with globalId 25
**** Registry Base URL: http://registry-app-inmemory.apps.ci419.apicurio-testing.org:80
2025-08-12 17:21:07,419 INFO  [org.apa.kaf.cli.con.ConsumerConfig] (main) ConsumerConfig values: 
	allow.auto.create.topics = true
	auto.commit.interval.ms = 500
	auto.include.jmx.reporter = true
	auto.offset.reset = earliest
	bootstrap.servers = [PLAINTEXT://localhost:32769]
	check.crcs = true
	client.dns.lookup = use_all_dns_ips
	client.id = consumer-Consumer-topic-4487f55d_dcb2_4c32_b8ea_e17a771decd6-8
	client.rack = 
	connections.max.idle.ms = 10000
	default.api.timeout.ms = 60000
	enable.auto.commit = true
	enable.metrics.push = true
	exclude.internal.topics = true
	fetch.max.bytes = 52428800
	fetch.max.wait.ms = 500
	fetch.min.bytes = 1
	group.id = Consumer-topic-4487f55d_dcb2_4c32_b8ea_e17a771decd6
	group.instance.id = null
	group.protocol = classic
	group.remote.assignor = null
	heartbeat.interval.ms = 3000
	interceptor.classes = []
	internal.leave.group.on.close = true
	internal.throw.on.fetch.stable.offset.unsupported = false
	isolation.level = read_uncommitted
	key.deserializer = class org.apache.kafka.common.serialization.StringDeserializer
	max.partition.fetch.bytes = 1048576
	max.poll.interval.ms = 300000
	max.poll.records = 500
	metadata.max.age.ms = 300000
	metadata.recovery.strategy = none
	metric.reporters = []
	metrics.num.samples = 2
	metrics.recording.level = INFO
	metrics.sample.window.ms = 30000
	partition.assignment.strategy = [class org.apache.kafka.clients.consumer.RangeAssignor, class org.apache.kafka.clients.consumer.CooperativeStickyAssignor]
	receive.buffer.bytes = 65536
	reconnect.backoff.max.ms = 1000
	reconnect.backoff.ms = 50
	request.timeout.ms = 5000
	retry.backoff.max.ms = 1000
	retry.backoff.ms = 100
	sasl.client.callback.handler.class = null
	sasl.jaas.config = null
	sasl.kerberos.kinit.cmd = /usr/bin/kinit
	sasl.kerberos.min.time.before.relogin = 60000
	sasl.kerberos.service.name = null
	sasl.kerberos.ticket.renew.jitter = 0.05
	sasl.kerberos.ticket.renew.window.factor = 0.8
	sasl.login.callback.handler.class = null
	sasl.login.class = null
	sasl.login.connect.timeout.ms = null
	sasl.login.read.timeout.ms = null
	sasl.login.refresh.buffer.seconds = 300
	sasl.login.refresh.min.period.seconds = 60
	sasl.login.refresh.window.factor = 0.8
	sasl.login.refresh.window.jitter = 0.05
	sasl.login.retry.backoff.max.ms = 10000
	sasl.login.retry.backoff.ms = 100
	sasl.mechanism = GSSAPI
	sasl.oauthbearer.clock.skew.seconds = 30
	sasl.oauthbearer.expected.audience = null
	sasl.oauthbearer.expected.issuer = null
	sasl.oauthbearer.header.urlencode = false
	sasl.oauthbearer.jwks.endpoint.refresh.ms = 3600000
	sasl.oauthbearer.jwks.endpoint.retry.backoff.max.ms = 10000
	sasl.oauthbearer.jwks.endpoint.retry.backoff.ms = 100
	sasl.oauthbearer.jwks.endpoint.url = null
	sasl.oauthbearer.scope.claim.name = scope
	sasl.oauthbearer.sub.claim.name = sub
	sasl.oauthbearer.token.endpoint.url = null
	security.protocol = PLAINTEXT
	security.providers = null
	send.buffer.bytes = 131072
	session.timeout.ms = 45000
	socket.connection.setup.timeout.max.ms = 30000
	socket.connection.setup.timeout.ms = 10000
	ssl.cipher.suites = null
	ssl.enabled.protocols = [TLSv1.2, TLSv1.3]
	ssl.endpoint.identification.algorithm = https
	ssl.engine.factory.class = null
	ssl.key.password = null
	ssl.keymanager.algorithm = SunX509
	ssl.keystore.certificate.chain = null
	ssl.keystore.key = null
	ssl.keystore.location = null
	ssl.keystore.password = null
	ssl.keystore.type = JKS
	ssl.protocol = TLSv1.3
	ssl.provider = null
	ssl.secure.random.implementation = null
	ssl.trustmanager.algorithm = PKIX
	ssl.truststore.certificates = null
	ssl.truststore.location = null
	ssl.truststore.password = null
	ssl.truststore.type = JKS
	value.deserializer = class io.apicurio.registry.serde.avro.AvroKafkaDeserializer

2025-08-12 17:21:07,419 INFO  [org.apa.kaf.com.tel.int.KafkaMetricsCollector] (main) initializing Kafka metrics collector
2025-08-12 17:21:07,425 INFO  [org.apa.kaf.cli.con.ConsumerConfig] (main) These configurations '[apicurio.registry.url]' were supplied but are not used yet.
2025-08-12 17:21:07,425 INFO  [org.apa.kaf.com.uti.AppInfoParser] (main) Kafka version: 3.9.1
2025-08-12 17:21:07,425 INFO  [org.apa.kaf.com.uti.AppInfoParser] (main) Kafka commitId: f745dfdcee2b9851
2025-08-12 17:21:07,425 INFO  [org.apa.kaf.com.uti.AppInfoParser] (main) Kafka startTimeMs: 1755019267425
2025-08-12 17:21:07,426 INFO  [org.apa.kaf.cli.con.int.ClassicKafkaConsumer] (Thread-654) [Consumer clientId=consumer-Consumer-topic-4487f55d_dcb2_4c32_b8ea_e17a771decd6-8, groupId=Consumer-topic-4487f55d_dcb2_4c32_b8ea_e17a771decd6] Subscribed to topic(s): topic-4487f55d_dcb2_4c32_b8ea_e17a771decd6
2025-08-12 17:21:07,431 INFO  [org.apa.kaf.cli.Metadata] (Thread-654) [Consumer clientId=consumer-Consumer-topic-4487f55d_dcb2_4c32_b8ea_e17a771decd6-8, groupId=Consumer-topic-4487f55d_dcb2_4c32_b8ea_e17a771decd6] Cluster ID: Ursznb63T6OTazTEUvngGA
2025-08-12 17:21:07,433 INFO  [org.apa.kaf.cli.con.int.ConsumerCoordinator] (Thread-654) [Consumer clientId=consumer-Consumer-topic-4487f55d_dcb2_4c32_b8ea_e17a771decd6-8, groupId=Consumer-topic-4487f55d_dcb2_4c32_b8ea_e17a771decd6] Discovered group coordinator localhost:32769 (id: 2147483647 rack: null)
2025-08-12 17:21:07,435 INFO  [org.apa.kaf.cli.con.int.ConsumerCoordinator] (Thread-654) [Consumer clientId=consumer-Consumer-topic-4487f55d_dcb2_4c32_b8ea_e17a771decd6-8, groupId=Consumer-topic-4487f55d_dcb2_4c32_b8ea_e17a771decd6] (Re-)joining group
2025-08-12 17:21:07,437 INFO  [org.apa.kaf.cli.con.int.ConsumerCoordinator] (Thread-654) [Consumer clientId=consumer-Consumer-topic-4487f55d_dcb2_4c32_b8ea_e17a771decd6-8, groupId=Consumer-topic-4487f55d_dcb2_4c32_b8ea_e17a771decd6] Request joining group due to: need to re-join with the given member-id: consumer-Consumer-topic-4487f55d_dcb2_4c32_b8ea_e17a771decd6-8-c4fbc00f-1914-4fd5-9141-87483acbf86b
2025-08-12 17:21:07,437 INFO  [org.apa.kaf.cli.con.int.ConsumerCoordinator] (Thread-654) [Consumer clientId=consumer-Consumer-topic-4487f55d_dcb2_4c32_b8ea_e17a771decd6-8, groupId=Consumer-topic-4487f55d_dcb2_4c32_b8ea_e17a771decd6] (Re-)joining group
2025-08-12 17:21:08,426 INFO  [io.api.tes.ser.api.KafkaSerdesTester] (Thread-654) None found
2025-08-12 17:21:09,428 INFO  [io.api.tes.ser.api.KafkaSerdesTester] (Thread-654) None found
2025-08-12 17:21:10,428 INFO  [io.api.tes.ser.api.KafkaSerdesTester] (Thread-654) None found
2025-08-12 17:21:10,440 INFO  [org.apa.kaf.cli.con.int.ConsumerCoordinator] (Thread-654) [Consumer clientId=consumer-Consumer-topic-4487f55d_dcb2_4c32_b8ea_e17a771decd6-8, groupId=Consumer-topic-4487f55d_dcb2_4c32_b8ea_e17a771decd6] Successfully joined group with generation Generation{generationId=1, memberId='consumer-Consumer-topic-4487f55d_dcb2_4c32_b8ea_e17a771decd6-8-c4fbc00f-1914-4fd5-9141-87483acbf86b', protocol='range'}
2025-08-12 17:21:10,440 INFO  [org.apa.kaf.cli.con.int.ConsumerCoordinator] (Thread-654) [Consumer clientId=consumer-Consumer-topic-4487f55d_dcb2_4c32_b8ea_e17a771decd6-8, groupId=Consumer-topic-4487f55d_dcb2_4c32_b8ea_e17a771decd6] Finished assignment for group at generation 1: {consumer-Consumer-topic-4487f55d_dcb2_4c32_b8ea_e17a771decd6-8-c4fbc00f-1914-4fd5-9141-87483acbf86b=Assignment(partitions=[topic-4487f55d_dcb2_4c32_b8ea_e17a771decd6-0])}
2025-08-12 17:21:10,447 INFO  [org.apa.kaf.cli.con.int.ConsumerCoordinator] (Thread-654) [Consumer clientId=consumer-Consumer-topic-4487f55d_dcb2_4c32_b8ea_e17a771decd6-8, groupId=Consumer-topic-4487f55d_dcb2_4c32_b8ea_e17a771decd6] Successfully synced group in generation Generation{generationId=1, memberId='consumer-Consumer-topic-4487f55d_dcb2_4c32_b8ea_e17a771decd6-8-c4fbc00f-1914-4fd5-9141-87483acbf86b', protocol='range'}
2025-08-12 17:21:10,447 INFO  [org.apa.kaf.cli.con.int.ConsumerCoordinator] (Thread-654) [Consumer clientId=consumer-Consumer-topic-4487f55d_dcb2_4c32_b8ea_e17a771decd6-8, groupId=Consumer-topic-4487f55d_dcb2_4c32_b8ea_e17a771decd6] Notifying assignor about the new Assignment(partitions=[topic-4487f55d_dcb2_4c32_b8ea_e17a771decd6-0])
2025-08-12 17:21:10,447 INFO  [org.apa.kaf.cli.con.int.ConsumerRebalanceListenerInvoker] (Thread-654) [Consumer clientId=consumer-Consumer-topic-4487f55d_dcb2_4c32_b8ea_e17a771decd6-8, groupId=Consumer-topic-4487f55d_dcb2_4c32_b8ea_e17a771decd6] Adding newly assigned partitions: topic-4487f55d_dcb2_4c32_b8ea_e17a771decd6-0
2025-08-12 17:21:10,449 INFO  [org.apa.kaf.cli.con.int.ConsumerCoordinator] (Thread-654) [Consumer clientId=consumer-Consumer-topic-4487f55d_dcb2_4c32_b8ea_e17a771decd6-8, groupId=Consumer-topic-4487f55d_dcb2_4c32_b8ea_e17a771decd6] Found no committed offset for partition topic-4487f55d_dcb2_4c32_b8ea_e17a771decd6-0
2025-08-12 17:21:10,450 INFO  [org.apa.kaf.cli.con.int.SubscriptionState] (Thread-654) [Consumer clientId=consumer-Consumer-topic-4487f55d_dcb2_4c32_b8ea_e17a771decd6-8, groupId=Consumer-topic-4487f55d_dcb2_4c32_b8ea_e17a771decd6] Resetting offset for partition topic-4487f55d_dcb2_4c32_b8ea_e17a771decd6-0 to position FetchPosition{offset=0, offsetEpoch=Optional.empty, currentLeader=LeaderAndEpoch{leader=Optional[localhost:32769 (id: 0 rack: null)], epoch=0}}.
2025-08-12 17:21:10,945 INFO  [io.api.tes.ser.api.KafkaSerdesTester] (Thread-654) topic-4487f55d_dcb2_4c32_b8ea_e17a771decd6 0 0 {"id": "record-0"}
2025-08-12 17:21:10,945 INFO  [io.api.tes.ser.api.KafkaSerdesTester] (Thread-654) topic-4487f55d_dcb2_4c32_b8ea_e17a771decd6 0 1 {"value": 1}
2025-08-12 17:21:10,945 INFO  [io.api.tes.ser.api.KafkaSerdesTester] (Thread-654) topic-4487f55d_dcb2_4c32_b8ea_e17a771decd6 0 2 {"active": true}
2025-08-12 17:21:10,945 INFO  [io.api.tes.ser.api.KafkaSerdesTester] (Thread-654) topic-4487f55d_dcb2_4c32_b8ea_e17a771decd6 0 3 {"id": "record-3"}
2025-08-12 17:21:10,945 INFO  [io.api.tes.ser.api.KafkaSerdesTester] (Thread-654) topic-4487f55d_dcb2_4c32_b8ea_e17a771decd6 0 4 {"value": 4}
2025-08-12 17:21:10,945 INFO  [io.api.tes.ser.api.KafkaSerdesTester] (Thread-654) topic-4487f55d_dcb2_4c32_b8ea_e17a771decd6 0 5 {"active": false}
2025-08-12 17:21:10,945 INFO  [io.api.tes.ser.api.KafkaSerdesTester] (Thread-654) topic-4487f55d_dcb2_4c32_b8ea_e17a771decd6 0 6 {"id": "record-6"}
2025-08-12 17:21:10,945 INFO  [io.api.tes.ser.api.KafkaSerdesTester] (Thread-654) topic-4487f55d_dcb2_4c32_b8ea_e17a771decd6 0 7 {"value": 7}
2025-08-12 17:21:10,945 INFO  [io.api.tes.ser.api.KafkaSerdesTester] (Thread-654) topic-4487f55d_dcb2_4c32_b8ea_e17a771decd6 0 8 {"active": true}
2025-08-12 17:21:10,945 INFO  [io.api.tes.ser.api.KafkaSerdesTester] (Thread-654) topic-4487f55d_dcb2_4c32_b8ea_e17a771decd6 0 9 {"id": "record-9"}
2025-08-12 17:21:10,945 INFO  [io.api.tes.ser.api.KafkaSerdesTester] (Thread-654) Consumed 10 messages
2025-08-12 17:21:10,953 INFO  [org.apa.kaf.cli.con.int.ConsumerRebalanceListenerInvoker] (Thread-654) [Consumer clientId=consumer-Consumer-topic-4487f55d_dcb2_4c32_b8ea_e17a771decd6-8, groupId=Consumer-topic-4487f55d_dcb2_4c32_b8ea_e17a771decd6] Revoke previously assigned partitions topic-4487f55d_dcb2_4c32_b8ea_e17a771decd6-0
2025-08-12 17:21:10,953 INFO  [org.apa.kaf.cli.con.int.ConsumerCoordinator] (Thread-654) [Consumer clientId=consumer-Consumer-topic-4487f55d_dcb2_4c32_b8ea_e17a771decd6-8, groupId=Consumer-topic-4487f55d_dcb2_4c32_b8ea_e17a771decd6] Member consumer-Consumer-topic-4487f55d_dcb2_4c32_b8ea_e17a771decd6-8-c4fbc00f-1914-4fd5-9141-87483acbf86b sending LeaveGroup request to coordinator localhost:32769 (id: 2147483647 rack: null) due to the consumer is being closed
2025-08-12 17:21:10,953 INFO  [org.apa.kaf.cli.con.int.ConsumerCoordinator] (Thread-654) [Consumer clientId=consumer-Consumer-topic-4487f55d_dcb2_4c32_b8ea_e17a771decd6-8, groupId=Consumer-topic-4487f55d_dcb2_4c32_b8ea_e17a771decd6] Resetting generation and member id due to: consumer pro-actively leaving the group
2025-08-12 17:21:10,953 INFO  [org.apa.kaf.cli.con.int.ConsumerCoordinator] (Thread-654) [Consumer clientId=consumer-Consumer-topic-4487f55d_dcb2_4c32_b8ea_e17a771decd6-8, groupId=Consumer-topic-4487f55d_dcb2_4c32_b8ea_e17a771decd6] Request joining group due to: consumer pro-actively leaving the group
2025-08-12 17:21:11,450 INFO  [org.apa.kaf.com.met.Metrics] (Thread-654) Metrics scheduler closed
2025-08-12 17:21:11,450 INFO  [org.apa.kaf.com.met.Metrics] (Thread-654) Closing reporter org.apache.kafka.common.metrics.JmxReporter
2025-08-12 17:21:11,450 INFO  [org.apa.kaf.com.met.Metrics] (Thread-654) Closing reporter org.apache.kafka.common.telemetry.internals.ClientTelemetryReporter
2025-08-12 17:21:11,450 INFO  [org.apa.kaf.com.met.Metrics] (Thread-654) Metrics reporters closed
2025-08-12 17:21:11,454 INFO  [org.apa.kaf.com.uti.AppInfoParser] (Thread-654) App info kafka.consumer for consumer-Consumer-topic-4487f55d_dcb2_4c32_b8ea_e17a771decd6-8 unregistered
2025-08-12 17:21:11,455 INFO  [io.api.tes.uti.TestSeparator] (main) io.apicurio.tests.serdes.apicurio.AvroSerdeIT.testAvroUnionWithSpecificReader-FINISHED
2025-08-12 17:21:11,455 INFO  [io.api.tes.uti.TestSeparator] (main) ############################################################################
Test passed: testAvroUnionWithSpecificReader
]]></system-out>
  </testcase>
  <testcase name="testEvolveAvroApicurioReusingClient" classname="io.apicurio.tests.serdes.apicurio.AvroSerdeIT" time="8.025">
    <system-out><![CDATA[2025-08-12 17:21:11,458 INFO  [io.api.tes.uti.TestSeparator] (main) ############################################################################
2025-08-12 17:21:11,458 INFO  [io.api.tes.uti.TestSeparator] (main) io.apicurio.tests.serdes.apicurio.AvroSerdeIT.testEvolveAvroApicurioReusingClient-STARTED
2025-08-12 17:21:11,463 INFO  [io.api.tes.ser.api.AvroSerdeIT] (main) Registering Avro Schema: {"type":"record","name":"s16a39d99x4af3x41d9x8305xe8654877dd46","namespace":"ns_4986099b_668c_40c1_992b_a2bd1778de08","fields":[{"name":"key11755019271462","type":"string"}]}
**** Registry Base URL: http://registry-app-inmemory.apps.ci419.apicurio-testing.org:80
2025-08-12 17:21:12,617 INFO  [org.apa.kaf.cli.pro.ProducerConfig] (main) ProducerConfig values: 
	acks = -1
	auto.include.jmx.reporter = true
	batch.size = 16384
	bootstrap.servers = [PLAINTEXT://localhost:32769]
	buffer.memory = 33554432
	client.dns.lookup = use_all_dns_ips
	client.id = Producer-topic-f5fd8cff_d1d5_46a8_89f2_46796e09013a
	compression.gzip.level = -1
	compression.lz4.level = 9
	compression.type = none
	compression.zstd.level = 3
	connections.max.idle.ms = 10000
	delivery.timeout.ms = 120000
	enable.idempotence = true
	enable.metrics.push = true
	interceptor.classes = []
	key.serializer = class org.apache.kafka.common.serialization.StringSerializer
	linger.ms = 0
	max.block.ms = 60000
	max.in.flight.requests.per.connection = 5
	max.request.size = 1048576
	metadata.max.age.ms = 300000
	metadata.max.idle.ms = 300000
	metadata.recovery.strategy = none
	metric.reporters = []
	metrics.num.samples = 2
	metrics.recording.level = INFO
	metrics.sample.window.ms = 30000
	partitioner.adaptive.partitioning.enable = true
	partitioner.availability.timeout.ms = 0
	partitioner.class = null
	partitioner.ignore.keys = false
	receive.buffer.bytes = 32768
	reconnect.backoff.max.ms = 1000
	reconnect.backoff.ms = 50
	request.timeout.ms = 5000
	retries = 2147483647
	retry.backoff.max.ms = 1000
	retry.backoff.ms = 100
	sasl.client.callback.handler.class = null
	sasl.jaas.config = null
	sasl.kerberos.kinit.cmd = /usr/bin/kinit
	sasl.kerberos.min.time.before.relogin = 60000
	sasl.kerberos.service.name = null
	sasl.kerberos.ticket.renew.jitter = 0.05
	sasl.kerberos.ticket.renew.window.factor = 0.8
	sasl.login.callback.handler.class = null
	sasl.login.class = null
	sasl.login.connect.timeout.ms = null
	sasl.login.read.timeout.ms = null
	sasl.login.refresh.buffer.seconds = 300
	sasl.login.refresh.min.period.seconds = 60
	sasl.login.refresh.window.factor = 0.8
	sasl.login.refresh.window.jitter = 0.05
	sasl.login.retry.backoff.max.ms = 10000
	sasl.login.retry.backoff.ms = 100
	sasl.mechanism = GSSAPI
	sasl.oauthbearer.clock.skew.seconds = 30
	sasl.oauthbearer.expected.audience = null
	sasl.oauthbearer.expected.issuer = null
	sasl.oauthbearer.header.urlencode = false
	sasl.oauthbearer.jwks.endpoint.refresh.ms = 3600000
	sasl.oauthbearer.jwks.endpoint.retry.backoff.max.ms = 10000
	sasl.oauthbearer.jwks.endpoint.retry.backoff.ms = 100
	sasl.oauthbearer.jwks.endpoint.url = null
	sasl.oauthbearer.scope.claim.name = scope
	sasl.oauthbearer.sub.claim.name = sub
	sasl.oauthbearer.token.endpoint.url = null
	security.protocol = PLAINTEXT
	security.providers = null
	send.buffer.bytes = 131072
	socket.connection.setup.timeout.max.ms = 30000
	socket.connection.setup.timeout.ms = 10000
	ssl.cipher.suites = null
	ssl.enabled.protocols = [TLSv1.2, TLSv1.3]
	ssl.endpoint.identification.algorithm = https
	ssl.engine.factory.class = null
	ssl.key.password = null
	ssl.keymanager.algorithm = SunX509
	ssl.keystore.certificate.chain = null
	ssl.keystore.key = null
	ssl.keystore.location = null
	ssl.keystore.password = null
	ssl.keystore.type = JKS
	ssl.protocol = TLSv1.3
	ssl.provider = null
	ssl.secure.random.implementation = null
	ssl.trustmanager.algorithm = PKIX
	ssl.truststore.certificates = null
	ssl.truststore.location = null
	ssl.truststore.password = null
	ssl.truststore.type = JKS
	transaction.timeout.ms = 60000
	transactional.id = null
	value.serializer = class io.apicurio.registry.serde.avro.AvroKafkaSerializer

2025-08-12 17:21:12,617 INFO  [org.apa.kaf.com.tel.int.KafkaMetricsCollector] (main) initializing Kafka metrics collector
2025-08-12 17:21:12,620 INFO  [org.apa.kaf.cli.pro.KafkaProducer] (main) [Producer clientId=Producer-topic-f5fd8cff_d1d5_46a8_89f2_46796e09013a] Instantiated an idempotent producer.
2025-08-12 17:21:12,622 INFO  [org.apa.kaf.cli.pro.ProducerConfig] (main) These configurations '[apicurio.registry.url, apicurio.registry.artifact-resolver-strategy]' were supplied but are not used yet.
2025-08-12 17:21:12,622 INFO  [org.apa.kaf.com.uti.AppInfoParser] (main) Kafka version: 3.9.1
2025-08-12 17:21:12,622 INFO  [org.apa.kaf.com.uti.AppInfoParser] (main) Kafka commitId: f745dfdcee2b9851
2025-08-12 17:21:12,622 INFO  [org.apa.kaf.com.uti.AppInfoParser] (main) Kafka startTimeMs: 1755019272622
**** Registry Base URL: http://registry-app-inmemory.apps.ci419.apicurio-testing.org:80
2025-08-12 17:21:12,623 INFO  [org.apa.kaf.cli.con.ConsumerConfig] (main) ConsumerConfig values: 
	allow.auto.create.topics = true
	auto.commit.interval.ms = 500
	auto.include.jmx.reporter = true
	auto.offset.reset = earliest
	bootstrap.servers = [PLAINTEXT://localhost:32769]
	check.crcs = true
	client.dns.lookup = use_all_dns_ips
	client.id = consumer-Consumer-topic-f5fd8cff_d1d5_46a8_89f2_46796e09013a-9
	client.rack = 
	connections.max.idle.ms = 10000
	default.api.timeout.ms = 60000
	enable.auto.commit = true
	enable.metrics.push = true
	exclude.internal.topics = true
	fetch.max.bytes = 52428800
	fetch.max.wait.ms = 500
	fetch.min.bytes = 1
	group.id = Consumer-topic-f5fd8cff_d1d5_46a8_89f2_46796e09013a
	group.instance.id = null
	group.protocol = classic
	group.remote.assignor = null
	heartbeat.interval.ms = 3000
	interceptor.classes = []
	internal.leave.group.on.close = true
	internal.throw.on.fetch.stable.offset.unsupported = false
	isolation.level = read_uncommitted
	key.deserializer = class org.apache.kafka.common.serialization.StringDeserializer
	max.partition.fetch.bytes = 1048576
	max.poll.interval.ms = 300000
	max.poll.records = 500
	metadata.max.age.ms = 300000
	metadata.recovery.strategy = none
	metric.reporters = []
	metrics.num.samples = 2
	metrics.recording.level = INFO
	metrics.sample.window.ms = 30000
	partition.assignment.strategy = [class org.apache.kafka.clients.consumer.RangeAssignor, class org.apache.kafka.clients.consumer.CooperativeStickyAssignor]
	receive.buffer.bytes = 65536
	reconnect.backoff.max.ms = 1000
	reconnect.backoff.ms = 50
	request.timeout.ms = 5000
	retry.backoff.max.ms = 1000
	retry.backoff.ms = 100
	sasl.client.callback.handler.class = null
	sasl.jaas.config = null
	sasl.kerberos.kinit.cmd = /usr/bin/kinit
	sasl.kerberos.min.time.before.relogin = 60000
	sasl.kerberos.service.name = null
	sasl.kerberos.ticket.renew.jitter = 0.05
	sasl.kerberos.ticket.renew.window.factor = 0.8
	sasl.login.callback.handler.class = null
	sasl.login.class = null
	sasl.login.connect.timeout.ms = null
	sasl.login.read.timeout.ms = null
	sasl.login.refresh.buffer.seconds = 300
	sasl.login.refresh.min.period.seconds = 60
	sasl.login.refresh.window.factor = 0.8
	sasl.login.refresh.window.jitter = 0.05
	sasl.login.retry.backoff.max.ms = 10000
	sasl.login.retry.backoff.ms = 100
	sasl.mechanism = GSSAPI
	sasl.oauthbearer.clock.skew.seconds = 30
	sasl.oauthbearer.expected.audience = null
	sasl.oauthbearer.expected.issuer = null
	sasl.oauthbearer.header.urlencode = false
	sasl.oauthbearer.jwks.endpoint.refresh.ms = 3600000
	sasl.oauthbearer.jwks.endpoint.retry.backoff.max.ms = 10000
	sasl.oauthbearer.jwks.endpoint.retry.backoff.ms = 100
	sasl.oauthbearer.jwks.endpoint.url = null
	sasl.oauthbearer.scope.claim.name = scope
	sasl.oauthbearer.sub.claim.name = sub
	sasl.oauthbearer.token.endpoint.url = null
	security.protocol = PLAINTEXT
	security.providers = null
	send.buffer.bytes = 131072
	session.timeout.ms = 45000
	socket.connection.setup.timeout.max.ms = 30000
	socket.connection.setup.timeout.ms = 10000
	ssl.cipher.suites = null
	ssl.enabled.protocols = [TLSv1.2, TLSv1.3]
	ssl.endpoint.identification.algorithm = https
	ssl.engine.factory.class = null
	ssl.key.password = null
	ssl.keymanager.algorithm = SunX509
	ssl.keystore.certificate.chain = null
	ssl.keystore.key = null
	ssl.keystore.location = null
	ssl.keystore.password = null
	ssl.keystore.type = JKS
	ssl.protocol = TLSv1.3
	ssl.provider = null
	ssl.secure.random.implementation = null
	ssl.trustmanager.algorithm = PKIX
	ssl.truststore.certificates = null
	ssl.truststore.location = null
	ssl.truststore.password = null
	ssl.truststore.type = JKS
	value.deserializer = class io.apicurio.registry.serde.avro.AvroKafkaDeserializer

2025-08-12 17:21:12,624 INFO  [org.apa.kaf.com.tel.int.KafkaMetricsCollector] (main) initializing Kafka metrics collector
2025-08-12 17:21:12,630 INFO  [org.apa.kaf.cli.Metadata] (kafka-producer-network-thread | Producer-topic-f5fd8cff_d1d5_46a8_89f2_46796e09013a) [Producer clientId=Producer-topic-f5fd8cff_d1d5_46a8_89f2_46796e09013a] Cluster ID: Ursznb63T6OTazTEUvngGA
2025-08-12 17:21:12,630 INFO  [org.apa.kaf.cli.pro.int.TransactionManager] (kafka-producer-network-thread | Producer-topic-f5fd8cff_d1d5_46a8_89f2_46796e09013a) [Producer clientId=Producer-topic-f5fd8cff_d1d5_46a8_89f2_46796e09013a] ProducerId set to 11 with epoch 0
2025-08-12 17:21:12,631 INFO  [org.apa.kaf.cli.con.ConsumerConfig] (main) These configurations '[apicurio.registry.url]' were supplied but are not used yet.
2025-08-12 17:21:12,631 INFO  [org.apa.kaf.com.uti.AppInfoParser] (main) Kafka version: 3.9.1
2025-08-12 17:21:12,631 INFO  [org.apa.kaf.com.uti.AppInfoParser] (main) Kafka commitId: f745dfdcee2b9851
2025-08-12 17:21:12,631 INFO  [org.apa.kaf.com.uti.AppInfoParser] (main) Kafka startTimeMs: 1755019272631
2025-08-12 17:21:12,633 INFO  [io.api.tes.ser.api.KafkaSerdesTester] (Thread-659) Sending message {"key11755019271462": "value-0"} to topic topic-f5fd8cff_d1d5_46a8_89f2_46796e09013a
2025-08-12 17:21:12,637 INFO  [DefaultSchemaResolver] (Thread-659) Retrieving schema content using string: {"type":"record","name":"s16a39d99x4af3x41d9x8305xe8654877dd46","namespace":"ns_4986099b_668c_40c1_992b_a2bd1778de08","fields":[{"name":"key11755019271462","type":"string"}]}
2025-08-12 17:21:12,788 INFO  [io.api.tes.ser.api.KafkaSerdesTester] (Thread-659) Sending message {"key11755019271462": "value-1"} to topic topic-f5fd8cff_d1d5_46a8_89f2_46796e09013a
2025-08-12 17:21:12,790 INFO  [io.api.tes.ser.api.KafkaSerdesTester] (Thread-659) Sending message {"key11755019271462": "value-2"} to topic topic-f5fd8cff_d1d5_46a8_89f2_46796e09013a
2025-08-12 17:21:12,792 INFO  [io.api.tes.ser.api.KafkaSerdesTester] (Thread-659) Sending message {"key11755019271462": "value-3"} to topic topic-f5fd8cff_d1d5_46a8_89f2_46796e09013a
2025-08-12 17:21:12,794 INFO  [io.api.tes.ser.api.KafkaSerdesTester] (Thread-659) Sending message {"key11755019271462": "value-4"} to topic topic-f5fd8cff_d1d5_46a8_89f2_46796e09013a
2025-08-12 17:21:12,795 INFO  [io.api.tes.ser.api.KafkaSerdesTester] (Thread-659) Sending message {"key11755019271462": "value-5"} to topic topic-f5fd8cff_d1d5_46a8_89f2_46796e09013a
2025-08-12 17:21:12,797 INFO  [io.api.tes.ser.api.KafkaSerdesTester] (Thread-659) Sending message {"key11755019271462": "value-6"} to topic topic-f5fd8cff_d1d5_46a8_89f2_46796e09013a
2025-08-12 17:21:12,800 INFO  [io.api.tes.ser.api.KafkaSerdesTester] (Thread-659) Sending message {"key11755019271462": "value-7"} to topic topic-f5fd8cff_d1d5_46a8_89f2_46796e09013a
2025-08-12 17:21:12,802 INFO  [io.api.tes.ser.api.KafkaSerdesTester] (Thread-659) Sending message {"key11755019271462": "value-8"} to topic topic-f5fd8cff_d1d5_46a8_89f2_46796e09013a
2025-08-12 17:21:12,804 INFO  [io.api.tes.ser.api.KafkaSerdesTester] (Thread-659) Sending message {"key11755019271462": "value-9"} to topic topic-f5fd8cff_d1d5_46a8_89f2_46796e09013a
2025-08-12 17:21:12,806 INFO  [io.api.tes.ser.api.KafkaSerdesTester] (Thread-659) Produced 10 messages
2025-08-12 17:21:12,807 INFO  [org.apa.kaf.cli.con.int.ClassicKafkaConsumer] (Thread-660) [Consumer clientId=consumer-Consumer-topic-f5fd8cff_d1d5_46a8_89f2_46796e09013a-9, groupId=Consumer-topic-f5fd8cff_d1d5_46a8_89f2_46796e09013a] Subscribed to topic(s): topic-f5fd8cff_d1d5_46a8_89f2_46796e09013a
2025-08-12 17:21:12,813 INFO  [org.apa.kaf.cli.Metadata] (Thread-660) [Consumer clientId=consumer-Consumer-topic-f5fd8cff_d1d5_46a8_89f2_46796e09013a-9, groupId=Consumer-topic-f5fd8cff_d1d5_46a8_89f2_46796e09013a] Cluster ID: Ursznb63T6OTazTEUvngGA
2025-08-12 17:21:12,813 INFO  [org.apa.kaf.cli.con.int.ConsumerCoordinator] (Thread-660) [Consumer clientId=consumer-Consumer-topic-f5fd8cff_d1d5_46a8_89f2_46796e09013a-9, groupId=Consumer-topic-f5fd8cff_d1d5_46a8_89f2_46796e09013a] Discovered group coordinator localhost:32769 (id: 2147483647 rack: null)
2025-08-12 17:21:12,817 INFO  [org.apa.kaf.cli.con.int.ConsumerCoordinator] (Thread-660) [Consumer clientId=consumer-Consumer-topic-f5fd8cff_d1d5_46a8_89f2_46796e09013a-9, groupId=Consumer-topic-f5fd8cff_d1d5_46a8_89f2_46796e09013a] (Re-)joining group
2025-08-12 17:21:12,822 INFO  [org.apa.kaf.cli.con.int.ConsumerCoordinator] (Thread-660) [Consumer clientId=consumer-Consumer-topic-f5fd8cff_d1d5_46a8_89f2_46796e09013a-9, groupId=Consumer-topic-f5fd8cff_d1d5_46a8_89f2_46796e09013a] Request joining group due to: need to re-join with the given member-id: consumer-Consumer-topic-f5fd8cff_d1d5_46a8_89f2_46796e09013a-9-cd780481-de0b-41d7-95b1-0c3dce255113
2025-08-12 17:21:12,822 INFO  [org.apa.kaf.cli.con.int.ConsumerCoordinator] (Thread-660) [Consumer clientId=consumer-Consumer-topic-f5fd8cff_d1d5_46a8_89f2_46796e09013a-9, groupId=Consumer-topic-f5fd8cff_d1d5_46a8_89f2_46796e09013a] (Re-)joining group
2025-08-12 17:21:13,807 INFO  [io.api.tes.ser.api.KafkaSerdesTester] (Thread-660) None found
2025-08-12 17:21:14,807 INFO  [io.api.tes.ser.api.KafkaSerdesTester] (Thread-660) None found
2025-08-12 17:21:15,807 INFO  [io.api.tes.ser.api.KafkaSerdesTester] (Thread-660) None found
2025-08-12 17:21:15,824 INFO  [org.apa.kaf.cli.con.int.ConsumerCoordinator] (Thread-660) [Consumer clientId=consumer-Consumer-topic-f5fd8cff_d1d5_46a8_89f2_46796e09013a-9, groupId=Consumer-topic-f5fd8cff_d1d5_46a8_89f2_46796e09013a] Successfully joined group with generation Generation{generationId=1, memberId='consumer-Consumer-topic-f5fd8cff_d1d5_46a8_89f2_46796e09013a-9-cd780481-de0b-41d7-95b1-0c3dce255113', protocol='range'}
2025-08-12 17:21:15,825 INFO  [org.apa.kaf.cli.con.int.ConsumerCoordinator] (Thread-660) [Consumer clientId=consumer-Consumer-topic-f5fd8cff_d1d5_46a8_89f2_46796e09013a-9, groupId=Consumer-topic-f5fd8cff_d1d5_46a8_89f2_46796e09013a] Finished assignment for group at generation 1: {consumer-Consumer-topic-f5fd8cff_d1d5_46a8_89f2_46796e09013a-9-cd780481-de0b-41d7-95b1-0c3dce255113=Assignment(partitions=[topic-f5fd8cff_d1d5_46a8_89f2_46796e09013a-0])}
2025-08-12 17:21:15,832 INFO  [org.apa.kaf.cli.con.int.ConsumerCoordinator] (Thread-660) [Consumer clientId=consumer-Consumer-topic-f5fd8cff_d1d5_46a8_89f2_46796e09013a-9, groupId=Consumer-topic-f5fd8cff_d1d5_46a8_89f2_46796e09013a] Successfully synced group in generation Generation{generationId=1, memberId='consumer-Consumer-topic-f5fd8cff_d1d5_46a8_89f2_46796e09013a-9-cd780481-de0b-41d7-95b1-0c3dce255113', protocol='range'}
2025-08-12 17:21:15,832 INFO  [org.apa.kaf.cli.con.int.ConsumerCoordinator] (Thread-660) [Consumer clientId=consumer-Consumer-topic-f5fd8cff_d1d5_46a8_89f2_46796e09013a-9, groupId=Consumer-topic-f5fd8cff_d1d5_46a8_89f2_46796e09013a] Notifying assignor about the new Assignment(partitions=[topic-f5fd8cff_d1d5_46a8_89f2_46796e09013a-0])
2025-08-12 17:21:15,832 INFO  [org.apa.kaf.cli.con.int.ConsumerRebalanceListenerInvoker] (Thread-660) [Consumer clientId=consumer-Consumer-topic-f5fd8cff_d1d5_46a8_89f2_46796e09013a-9, groupId=Consumer-topic-f5fd8cff_d1d5_46a8_89f2_46796e09013a] Adding newly assigned partitions: topic-f5fd8cff_d1d5_46a8_89f2_46796e09013a-0
2025-08-12 17:21:15,833 INFO  [org.apa.kaf.cli.con.int.ConsumerCoordinator] (Thread-660) [Consumer clientId=consumer-Consumer-topic-f5fd8cff_d1d5_46a8_89f2_46796e09013a-9, groupId=Consumer-topic-f5fd8cff_d1d5_46a8_89f2_46796e09013a] Found no committed offset for partition topic-f5fd8cff_d1d5_46a8_89f2_46796e09013a-0
2025-08-12 17:21:15,837 INFO  [org.apa.kaf.cli.con.int.SubscriptionState] (Thread-660) [Consumer clientId=consumer-Consumer-topic-f5fd8cff_d1d5_46a8_89f2_46796e09013a-9, groupId=Consumer-topic-f5fd8cff_d1d5_46a8_89f2_46796e09013a] Resetting offset for partition topic-f5fd8cff_d1d5_46a8_89f2_46796e09013a-0 to position FetchPosition{offset=0, offsetEpoch=Optional.empty, currentLeader=LeaderAndEpoch{leader=Optional[localhost:32769 (id: 0 rack: null)], epoch=0}}.
2025-08-12 17:21:16,062 INFO  [io.api.tes.ser.api.KafkaSerdesTester] (Thread-660) topic-f5fd8cff_d1d5_46a8_89f2_46796e09013a 0 0 {"key11755019271462": "value-0"}
2025-08-12 17:21:16,062 INFO  [io.api.tes.ser.api.KafkaSerdesTester] (Thread-660) topic-f5fd8cff_d1d5_46a8_89f2_46796e09013a 0 1 {"key11755019271462": "value-1"}
2025-08-12 17:21:16,062 INFO  [io.api.tes.ser.api.KafkaSerdesTester] (Thread-660) topic-f5fd8cff_d1d5_46a8_89f2_46796e09013a 0 2 {"key11755019271462": "value-2"}
2025-08-12 17:21:16,062 INFO  [io.api.tes.ser.api.KafkaSerdesTester] (Thread-660) topic-f5fd8cff_d1d5_46a8_89f2_46796e09013a 0 3 {"key11755019271462": "value-3"}
2025-08-12 17:21:16,062 INFO  [io.api.tes.ser.api.KafkaSerdesTester] (Thread-660) topic-f5fd8cff_d1d5_46a8_89f2_46796e09013a 0 4 {"key11755019271462": "value-4"}
2025-08-12 17:21:16,062 INFO  [io.api.tes.ser.api.KafkaSerdesTester] (Thread-660) topic-f5fd8cff_d1d5_46a8_89f2_46796e09013a 0 5 {"key11755019271462": "value-5"}
2025-08-12 17:21:16,062 INFO  [io.api.tes.ser.api.KafkaSerdesTester] (Thread-660) topic-f5fd8cff_d1d5_46a8_89f2_46796e09013a 0 6 {"key11755019271462": "value-6"}
2025-08-12 17:21:16,062 INFO  [io.api.tes.ser.api.KafkaSerdesTester] (Thread-660) topic-f5fd8cff_d1d5_46a8_89f2_46796e09013a 0 7 {"key11755019271462": "value-7"}
2025-08-12 17:21:16,063 INFO  [io.api.tes.ser.api.KafkaSerdesTester] (Thread-660) topic-f5fd8cff_d1d5_46a8_89f2_46796e09013a 0 8 {"key11755019271462": "value-8"}
2025-08-12 17:21:16,063 INFO  [io.api.tes.ser.api.KafkaSerdesTester] (Thread-660) topic-f5fd8cff_d1d5_46a8_89f2_46796e09013a 0 9 {"key11755019271462": "value-9"}
2025-08-12 17:21:16,063 INFO  [io.api.tes.ser.api.KafkaSerdesTester] (Thread-660) Consumed 10 messages
2025-08-12 17:21:16,063 INFO  [io.api.tes.ser.api.AvroSerdeIT] (main) Registering Avro Schema 2: {"type":"record","name":"s16a39d99x4af3x41d9x8305xe8654877dd46","namespace":"ns_4986099b_668c_40c1_992b_a2bd1778de08","fields":[{"name":"key11755019271462","type":"string"},{"name":"key21755019276063","type":"string"}]}
2025-08-12 17:21:17,219 INFO  [io.api.tes.ser.api.KafkaSerdesTester] (Thread-661) Sending message {"key11755019271462": "value-0", "key21755019276063": "value-0"} to topic topic-f5fd8cff_d1d5_46a8_89f2_46796e09013a
2025-08-12 17:21:17,219 INFO  [DefaultSchemaResolver] (Thread-661) Retrieving schema content using string: {"type":"record","name":"s16a39d99x4af3x41d9x8305xe8654877dd46","namespace":"ns_4986099b_668c_40c1_992b_a2bd1778de08","fields":[{"name":"key11755019271462","type":"string"},{"name":"key21755019276063","type":"string"}]}
2025-08-12 17:21:17,301 INFO  [io.api.tes.ser.api.KafkaSerdesTester] (Thread-661) Sending message {"key11755019271462": "value-1", "key21755019276063": "value-1"} to topic topic-f5fd8cff_d1d5_46a8_89f2_46796e09013a
2025-08-12 17:21:17,304 INFO  [io.api.tes.ser.api.KafkaSerdesTester] (Thread-661) Sending message {"key11755019271462": "value-2", "key21755019276063": "value-2"} to topic topic-f5fd8cff_d1d5_46a8_89f2_46796e09013a
2025-08-12 17:21:17,306 INFO  [io.api.tes.ser.api.KafkaSerdesTester] (Thread-661) Sending message {"key11755019271462": "value-3", "key21755019276063": "value-3"} to topic topic-f5fd8cff_d1d5_46a8_89f2_46796e09013a
2025-08-12 17:21:17,308 INFO  [io.api.tes.ser.api.KafkaSerdesTester] (Thread-661) Sending message {"key11755019271462": "value-4", "key21755019276063": "value-4"} to topic topic-f5fd8cff_d1d5_46a8_89f2_46796e09013a
2025-08-12 17:21:17,310 INFO  [io.api.tes.ser.api.KafkaSerdesTester] (Thread-661) Sending message {"key11755019271462": "value-5", "key21755019276063": "value-5"} to topic topic-f5fd8cff_d1d5_46a8_89f2_46796e09013a
2025-08-12 17:21:17,314 INFO  [io.api.tes.ser.api.KafkaSerdesTester] (Thread-661) Sending message {"key11755019271462": "value-6", "key21755019276063": "value-6"} to topic topic-f5fd8cff_d1d5_46a8_89f2_46796e09013a
2025-08-12 17:21:17,317 INFO  [io.api.tes.ser.api.KafkaSerdesTester] (Thread-661) Sending message {"key11755019271462": "value-7", "key21755019276063": "value-7"} to topic topic-f5fd8cff_d1d5_46a8_89f2_46796e09013a
2025-08-12 17:21:17,319 INFO  [io.api.tes.ser.api.KafkaSerdesTester] (Thread-661) Sending message {"key11755019271462": "value-8", "key21755019276063": "value-8"} to topic topic-f5fd8cff_d1d5_46a8_89f2_46796e09013a
2025-08-12 17:21:17,321 INFO  [io.api.tes.ser.api.KafkaSerdesTester] (Thread-661) Sending message {"key11755019271462": "value-9", "key21755019276063": "value-9"} to topic topic-f5fd8cff_d1d5_46a8_89f2_46796e09013a
2025-08-12 17:21:17,322 INFO  [io.api.tes.ser.api.KafkaSerdesTester] (Thread-661) Produced 10 messages
2025-08-12 17:21:17,323 INFO  [io.api.tes.ser.api.KafkaSerdesTester] (Thread-662) Sending message {"key11755019271462": "value-0"} to topic topic-f5fd8cff_d1d5_46a8_89f2_46796e09013a
2025-08-12 17:21:17,324 INFO  [io.api.tes.ser.api.KafkaSerdesTester] (Thread-662) Sending message {"key11755019271462": "value-1"} to topic topic-f5fd8cff_d1d5_46a8_89f2_46796e09013a
2025-08-12 17:21:17,326 INFO  [io.api.tes.ser.api.KafkaSerdesTester] (Thread-662) Sending message {"key11755019271462": "value-2"} to topic topic-f5fd8cff_d1d5_46a8_89f2_46796e09013a
2025-08-12 17:21:17,328 INFO  [io.api.tes.ser.api.KafkaSerdesTester] (Thread-662) Sending message {"key11755019271462": "value-3"} to topic topic-f5fd8cff_d1d5_46a8_89f2_46796e09013a
2025-08-12 17:21:17,329 INFO  [io.api.tes.ser.api.KafkaSerdesTester] (Thread-662) Sending message {"key11755019271462": "value-4"} to topic topic-f5fd8cff_d1d5_46a8_89f2_46796e09013a
2025-08-12 17:21:17,331 INFO  [io.api.tes.ser.api.KafkaSerdesTester] (Thread-662) Sending message {"key11755019271462": "value-5"} to topic topic-f5fd8cff_d1d5_46a8_89f2_46796e09013a
2025-08-12 17:21:17,332 INFO  [io.api.tes.ser.api.KafkaSerdesTester] (Thread-662) Sending message {"key11755019271462": "value-6"} to topic topic-f5fd8cff_d1d5_46a8_89f2_46796e09013a
2025-08-12 17:21:17,334 INFO  [io.api.tes.ser.api.KafkaSerdesTester] (Thread-662) Sending message {"key11755019271462": "value-7"} to topic topic-f5fd8cff_d1d5_46a8_89f2_46796e09013a
2025-08-12 17:21:17,336 INFO  [io.api.tes.ser.api.KafkaSerdesTester] (Thread-662) Sending message {"key11755019271462": "value-8"} to topic topic-f5fd8cff_d1d5_46a8_89f2_46796e09013a
2025-08-12 17:21:17,339 INFO  [io.api.tes.ser.api.KafkaSerdesTester] (Thread-662) Sending message {"key11755019271462": "value-9"} to topic topic-f5fd8cff_d1d5_46a8_89f2_46796e09013a
2025-08-12 17:21:17,342 INFO  [io.api.tes.ser.api.KafkaSerdesTester] (Thread-662) Produced 10 messages
2025-08-12 17:21:17,343 INFO  [org.apa.kaf.cli.con.int.ClassicKafkaConsumer] (Thread-663) [Consumer clientId=consumer-Consumer-topic-f5fd8cff_d1d5_46a8_89f2_46796e09013a-9, groupId=Consumer-topic-f5fd8cff_d1d5_46a8_89f2_46796e09013a] Subscribed to topic(s): topic-f5fd8cff_d1d5_46a8_89f2_46796e09013a
2025-08-12 17:21:17,497 INFO  [io.api.tes.ser.api.KafkaSerdesTester] (Thread-663) topic-f5fd8cff_d1d5_46a8_89f2_46796e09013a 0 10 {"key11755019271462": "value-0", "key21755019276063": "value-0"}
2025-08-12 17:21:17,497 INFO  [io.api.tes.ser.api.KafkaSerdesTester] (Thread-663) topic-f5fd8cff_d1d5_46a8_89f2_46796e09013a 0 11 {"key11755019271462": "value-1", "key21755019276063": "value-1"}
2025-08-12 17:21:17,497 INFO  [io.api.tes.ser.api.KafkaSerdesTester] (Thread-663) topic-f5fd8cff_d1d5_46a8_89f2_46796e09013a 0 12 {"key11755019271462": "value-2", "key21755019276063": "value-2"}
2025-08-12 17:21:17,497 INFO  [io.api.tes.ser.api.KafkaSerdesTester] (Thread-663) topic-f5fd8cff_d1d5_46a8_89f2_46796e09013a 0 13 {"key11755019271462": "value-3", "key21755019276063": "value-3"}
2025-08-12 17:21:17,497 INFO  [io.api.tes.ser.api.KafkaSerdesTester] (Thread-663) topic-f5fd8cff_d1d5_46a8_89f2_46796e09013a 0 14 {"key11755019271462": "value-4", "key21755019276063": "value-4"}
2025-08-12 17:21:17,497 INFO  [io.api.tes.ser.api.KafkaSerdesTester] (Thread-663) topic-f5fd8cff_d1d5_46a8_89f2_46796e09013a 0 15 {"key11755019271462": "value-5", "key21755019276063": "value-5"}
2025-08-12 17:21:17,497 INFO  [io.api.tes.ser.api.KafkaSerdesTester] (Thread-663) topic-f5fd8cff_d1d5_46a8_89f2_46796e09013a 0 16 {"key11755019271462": "value-6", "key21755019276063": "value-6"}
2025-08-12 17:21:17,497 INFO  [io.api.tes.ser.api.KafkaSerdesTester] (Thread-663) topic-f5fd8cff_d1d5_46a8_89f2_46796e09013a 0 17 {"key11755019271462": "value-7", "key21755019276063": "value-7"}
2025-08-12 17:21:17,498 INFO  [io.api.tes.ser.api.KafkaSerdesTester] (Thread-663) topic-f5fd8cff_d1d5_46a8_89f2_46796e09013a 0 18 {"key11755019271462": "value-8", "key21755019276063": "value-8"}
2025-08-12 17:21:17,498 INFO  [io.api.tes.ser.api.KafkaSerdesTester] (Thread-663) topic-f5fd8cff_d1d5_46a8_89f2_46796e09013a 0 19 {"key11755019271462": "value-9", "key21755019276063": "value-9"}
2025-08-12 17:21:17,498 INFO  [io.api.tes.ser.api.KafkaSerdesTester] (Thread-663) topic-f5fd8cff_d1d5_46a8_89f2_46796e09013a 0 20 {"key11755019271462": "value-0"}
2025-08-12 17:21:17,498 INFO  [io.api.tes.ser.api.KafkaSerdesTester] (Thread-663) topic-f5fd8cff_d1d5_46a8_89f2_46796e09013a 0 21 {"key11755019271462": "value-1"}
2025-08-12 17:21:17,498 INFO  [io.api.tes.ser.api.KafkaSerdesTester] (Thread-663) topic-f5fd8cff_d1d5_46a8_89f2_46796e09013a 0 22 {"key11755019271462": "value-2"}
2025-08-12 17:21:17,498 INFO  [io.api.tes.ser.api.KafkaSerdesTester] (Thread-663) topic-f5fd8cff_d1d5_46a8_89f2_46796e09013a 0 23 {"key11755019271462": "value-3"}
2025-08-12 17:21:17,498 INFO  [io.api.tes.ser.api.KafkaSerdesTester] (Thread-663) topic-f5fd8cff_d1d5_46a8_89f2_46796e09013a 0 24 {"key11755019271462": "value-4"}
2025-08-12 17:21:17,498 INFO  [io.api.tes.ser.api.KafkaSerdesTester] (Thread-663) topic-f5fd8cff_d1d5_46a8_89f2_46796e09013a 0 25 {"key11755019271462": "value-5"}
2025-08-12 17:21:17,498 INFO  [io.api.tes.ser.api.KafkaSerdesTester] (Thread-663) topic-f5fd8cff_d1d5_46a8_89f2_46796e09013a 0 26 {"key11755019271462": "value-6"}
2025-08-12 17:21:17,498 INFO  [io.api.tes.ser.api.KafkaSerdesTester] (Thread-663) topic-f5fd8cff_d1d5_46a8_89f2_46796e09013a 0 27 {"key11755019271462": "value-7"}
2025-08-12 17:21:17,498 INFO  [io.api.tes.ser.api.KafkaSerdesTester] (Thread-663) topic-f5fd8cff_d1d5_46a8_89f2_46796e09013a 0 28 {"key11755019271462": "value-8"}
2025-08-12 17:21:17,498 INFO  [io.api.tes.ser.api.KafkaSerdesTester] (Thread-663) topic-f5fd8cff_d1d5_46a8_89f2_46796e09013a 0 29 {"key11755019271462": "value-9"}
2025-08-12 17:21:17,498 INFO  [io.api.tes.ser.api.KafkaSerdesTester] (Thread-663) Consumed 20 messages
2025-08-12 17:21:17,500 INFO  [io.api.tes.ser.api.AvroSerdeIT] (main) Registering Avro Schema 3: {"type":"record","name":"s16a39d99x4af3x41d9x8305xe8654877dd46","namespace":"ns_4986099b_668c_40c1_992b_a2bd1778de08","fields":[{"name":"key11755019271462","type":"string"},{"name":"key21755019276063","type":"string"},{"name":"key31755019277500","type":"string"}]}
2025-08-12 17:21:18,655 INFO  [io.api.tes.ser.api.KafkaSerdesTester] (Thread-664) Sending message {"key11755019271462": "value-0", "key21755019276063": "value-0", "key31755019277500": "value-0"} to topic topic-f5fd8cff_d1d5_46a8_89f2_46796e09013a
2025-08-12 17:21:18,656 INFO  [DefaultSchemaResolver] (Thread-664) Retrieving schema content using string: {"type":"record","name":"s16a39d99x4af3x41d9x8305xe8654877dd46","namespace":"ns_4986099b_668c_40c1_992b_a2bd1778de08","fields":[{"name":"key11755019271462","type":"string"},{"name":"key21755019276063","type":"string"},{"name":"key31755019277500","type":"string"}]}
2025-08-12 17:21:18,736 INFO  [io.api.tes.ser.api.KafkaSerdesTester] (Thread-664) Sending message {"key11755019271462": "value-1", "key21755019276063": "value-1", "key31755019277500": "value-1"} to topic topic-f5fd8cff_d1d5_46a8_89f2_46796e09013a
2025-08-12 17:21:18,738 INFO  [io.api.tes.ser.api.KafkaSerdesTester] (Thread-664) Sending message {"key11755019271462": "value-2", "key21755019276063": "value-2", "key31755019277500": "value-2"} to topic topic-f5fd8cff_d1d5_46a8_89f2_46796e09013a
2025-08-12 17:21:18,740 INFO  [io.api.tes.ser.api.KafkaSerdesTester] (Thread-664) Sending message {"key11755019271462": "value-3", "key21755019276063": "value-3", "key31755019277500": "value-3"} to topic topic-f5fd8cff_d1d5_46a8_89f2_46796e09013a
2025-08-12 17:21:18,744 INFO  [io.api.tes.ser.api.KafkaSerdesTester] (Thread-664) Sending message {"key11755019271462": "value-4", "key21755019276063": "value-4", "key31755019277500": "value-4"} to topic topic-f5fd8cff_d1d5_46a8_89f2_46796e09013a
2025-08-12 17:21:18,748 INFO  [io.api.tes.ser.api.KafkaSerdesTester] (Thread-664) Sending message {"key11755019271462": "value-5", "key21755019276063": "value-5", "key31755019277500": "value-5"} to topic topic-f5fd8cff_d1d5_46a8_89f2_46796e09013a
2025-08-12 17:21:18,754 INFO  [io.api.tes.ser.api.KafkaSerdesTester] (Thread-664) Sending message {"key11755019271462": "value-6", "key21755019276063": "value-6", "key31755019277500": "value-6"} to topic topic-f5fd8cff_d1d5_46a8_89f2_46796e09013a
2025-08-12 17:21:18,756 INFO  [io.api.tes.ser.api.KafkaSerdesTester] (Thread-664) Sending message {"key11755019271462": "value-7", "key21755019276063": "value-7", "key31755019277500": "value-7"} to topic topic-f5fd8cff_d1d5_46a8_89f2_46796e09013a
2025-08-12 17:21:18,759 INFO  [io.api.tes.ser.api.KafkaSerdesTester] (Thread-664) Sending message {"key11755019271462": "value-8", "key21755019276063": "value-8", "key31755019277500": "value-8"} to topic topic-f5fd8cff_d1d5_46a8_89f2_46796e09013a
2025-08-12 17:21:18,761 INFO  [io.api.tes.ser.api.KafkaSerdesTester] (Thread-664) Sending message {"key11755019271462": "value-9", "key21755019276063": "value-9", "key31755019277500": "value-9"} to topic topic-f5fd8cff_d1d5_46a8_89f2_46796e09013a
2025-08-12 17:21:18,763 INFO  [io.api.tes.ser.api.KafkaSerdesTester] (Thread-664) Produced 10 messages
2025-08-12 17:21:18,763 INFO  [io.api.tes.ser.api.KafkaSerdesTester] (Thread-665) Sending message {"key11755019271462": "value-0", "key21755019276063": "value-0"} to topic topic-f5fd8cff_d1d5_46a8_89f2_46796e09013a
2025-08-12 17:21:18,766 INFO  [io.api.tes.ser.api.KafkaSerdesTester] (Thread-665) Sending message {"key11755019271462": "value-1", "key21755019276063": "value-1"} to topic topic-f5fd8cff_d1d5_46a8_89f2_46796e09013a
2025-08-12 17:21:18,768 INFO  [io.api.tes.ser.api.KafkaSerdesTester] (Thread-665) Sending message {"key11755019271462": "value-2", "key21755019276063": "value-2"} to topic topic-f5fd8cff_d1d5_46a8_89f2_46796e09013a
2025-08-12 17:21:18,769 INFO  [io.api.tes.ser.api.KafkaSerdesTester] (Thread-665) Sending message {"key11755019271462": "value-3", "key21755019276063": "value-3"} to topic topic-f5fd8cff_d1d5_46a8_89f2_46796e09013a
2025-08-12 17:21:18,771 INFO  [io.api.tes.ser.api.KafkaSerdesTester] (Thread-665) Sending message {"key11755019271462": "value-4", "key21755019276063": "value-4"} to topic topic-f5fd8cff_d1d5_46a8_89f2_46796e09013a
2025-08-12 17:21:18,773 INFO  [io.api.tes.ser.api.KafkaSerdesTester] (Thread-665) Sending message {"key11755019271462": "value-5", "key21755019276063": "value-5"} to topic topic-f5fd8cff_d1d5_46a8_89f2_46796e09013a
2025-08-12 17:21:18,774 INFO  [io.api.tes.ser.api.KafkaSerdesTester] (Thread-665) Sending message {"key11755019271462": "value-6", "key21755019276063": "value-6"} to topic topic-f5fd8cff_d1d5_46a8_89f2_46796e09013a
2025-08-12 17:21:18,779 INFO  [io.api.tes.ser.api.KafkaSerdesTester] (Thread-665) Sending message {"key11755019271462": "value-7", "key21755019276063": "value-7"} to topic topic-f5fd8cff_d1d5_46a8_89f2_46796e09013a
2025-08-12 17:21:18,785 INFO  [io.api.tes.ser.api.KafkaSerdesTester] (Thread-665) Sending message {"key11755019271462": "value-8", "key21755019276063": "value-8"} to topic topic-f5fd8cff_d1d5_46a8_89f2_46796e09013a
2025-08-12 17:21:18,789 INFO  [io.api.tes.ser.api.KafkaSerdesTester] (Thread-665) Sending message {"key11755019271462": "value-9", "key21755019276063": "value-9"} to topic topic-f5fd8cff_d1d5_46a8_89f2_46796e09013a
2025-08-12 17:21:18,791 INFO  [io.api.tes.ser.api.KafkaSerdesTester] (Thread-665) Produced 10 messages
2025-08-12 17:21:18,791 INFO  [io.api.tes.ser.api.KafkaSerdesTester] (Thread-666) Sending message {"key11755019271462": "value-0"} to topic topic-f5fd8cff_d1d5_46a8_89f2_46796e09013a
2025-08-12 17:21:18,793 INFO  [io.api.tes.ser.api.KafkaSerdesTester] (Thread-666) Sending message {"key11755019271462": "value-1"} to topic topic-f5fd8cff_d1d5_46a8_89f2_46796e09013a
2025-08-12 17:21:18,795 INFO  [io.api.tes.ser.api.KafkaSerdesTester] (Thread-666) Sending message {"key11755019271462": "value-2"} to topic topic-f5fd8cff_d1d5_46a8_89f2_46796e09013a
2025-08-12 17:21:18,799 INFO  [io.api.tes.ser.api.KafkaSerdesTester] (Thread-666) Sending message {"key11755019271462": "value-3"} to topic topic-f5fd8cff_d1d5_46a8_89f2_46796e09013a
2025-08-12 17:21:18,805 INFO  [io.api.tes.ser.api.KafkaSerdesTester] (Thread-666) Sending message {"key11755019271462": "value-4"} to topic topic-f5fd8cff_d1d5_46a8_89f2_46796e09013a
2025-08-12 17:21:18,807 INFO  [io.api.tes.ser.api.KafkaSerdesTester] (Thread-666) Sending message {"key11755019271462": "value-5"} to topic topic-f5fd8cff_d1d5_46a8_89f2_46796e09013a
2025-08-12 17:21:18,808 INFO  [io.api.tes.ser.api.KafkaSerdesTester] (Thread-666) Sending message {"key11755019271462": "value-6"} to topic topic-f5fd8cff_d1d5_46a8_89f2_46796e09013a
2025-08-12 17:21:18,810 INFO  [io.api.tes.ser.api.KafkaSerdesTester] (Thread-666) Sending message {"key11755019271462": "value-7"} to topic topic-f5fd8cff_d1d5_46a8_89f2_46796e09013a
2025-08-12 17:21:18,812 INFO  [io.api.tes.ser.api.KafkaSerdesTester] (Thread-666) Sending message {"key11755019271462": "value-8"} to topic topic-f5fd8cff_d1d5_46a8_89f2_46796e09013a
2025-08-12 17:21:18,815 INFO  [io.api.tes.ser.api.KafkaSerdesTester] (Thread-666) Sending message {"key11755019271462": "value-9"} to topic topic-f5fd8cff_d1d5_46a8_89f2_46796e09013a
2025-08-12 17:21:18,818 INFO  [io.api.tes.ser.api.KafkaSerdesTester] (Thread-666) Produced 10 messages
2025-08-12 17:21:18,819 INFO  [org.apa.kaf.cli.con.int.ClassicKafkaConsumer] (Thread-667) [Consumer clientId=consumer-Consumer-topic-f5fd8cff_d1d5_46a8_89f2_46796e09013a-9, groupId=Consumer-topic-f5fd8cff_d1d5_46a8_89f2_46796e09013a] Subscribed to topic(s): topic-f5fd8cff_d1d5_46a8_89f2_46796e09013a
2025-08-12 17:21:18,975 INFO  [io.api.tes.ser.api.KafkaSerdesTester] (Thread-667) topic-f5fd8cff_d1d5_46a8_89f2_46796e09013a 0 30 {"key11755019271462": "value-0", "key21755019276063": "value-0", "key31755019277500": "value-0"}
2025-08-12 17:21:18,975 INFO  [io.api.tes.ser.api.KafkaSerdesTester] (Thread-667) topic-f5fd8cff_d1d5_46a8_89f2_46796e09013a 0 31 {"key11755019271462": "value-1", "key21755019276063": "value-1", "key31755019277500": "value-1"}
2025-08-12 17:21:18,975 INFO  [io.api.tes.ser.api.KafkaSerdesTester] (Thread-667) topic-f5fd8cff_d1d5_46a8_89f2_46796e09013a 0 32 {"key11755019271462": "value-2", "key21755019276063": "value-2", "key31755019277500": "value-2"}
2025-08-12 17:21:18,975 INFO  [io.api.tes.ser.api.KafkaSerdesTester] (Thread-667) topic-f5fd8cff_d1d5_46a8_89f2_46796e09013a 0 33 {"key11755019271462": "value-3", "key21755019276063": "value-3", "key31755019277500": "value-3"}
2025-08-12 17:21:18,975 INFO  [io.api.tes.ser.api.KafkaSerdesTester] (Thread-667) topic-f5fd8cff_d1d5_46a8_89f2_46796e09013a 0 34 {"key11755019271462": "value-4", "key21755019276063": "value-4", "key31755019277500": "value-4"}
2025-08-12 17:21:18,975 INFO  [io.api.tes.ser.api.KafkaSerdesTester] (Thread-667) topic-f5fd8cff_d1d5_46a8_89f2_46796e09013a 0 35 {"key11755019271462": "value-5", "key21755019276063": "value-5", "key31755019277500": "value-5"}
2025-08-12 17:21:18,975 INFO  [io.api.tes.ser.api.KafkaSerdesTester] (Thread-667) topic-f5fd8cff_d1d5_46a8_89f2_46796e09013a 0 36 {"key11755019271462": "value-6", "key21755019276063": "value-6", "key31755019277500": "value-6"}
2025-08-12 17:21:18,975 INFO  [io.api.tes.ser.api.KafkaSerdesTester] (Thread-667) topic-f5fd8cff_d1d5_46a8_89f2_46796e09013a 0 37 {"key11755019271462": "value-7", "key21755019276063": "value-7", "key31755019277500": "value-7"}
2025-08-12 17:21:18,975 INFO  [io.api.tes.ser.api.KafkaSerdesTester] (Thread-667) topic-f5fd8cff_d1d5_46a8_89f2_46796e09013a 0 38 {"key11755019271462": "value-8", "key21755019276063": "value-8", "key31755019277500": "value-8"}
2025-08-12 17:21:18,975 INFO  [io.api.tes.ser.api.KafkaSerdesTester] (Thread-667) topic-f5fd8cff_d1d5_46a8_89f2_46796e09013a 0 39 {"key11755019271462": "value-9", "key21755019276063": "value-9", "key31755019277500": "value-9"}
2025-08-12 17:21:18,975 INFO  [io.api.tes.ser.api.KafkaSerdesTester] (Thread-667) topic-f5fd8cff_d1d5_46a8_89f2_46796e09013a 0 40 {"key11755019271462": "value-0", "key21755019276063": "value-0"}
2025-08-12 17:21:18,975 INFO  [io.api.tes.ser.api.KafkaSerdesTester] (Thread-667) topic-f5fd8cff_d1d5_46a8_89f2_46796e09013a 0 41 {"key11755019271462": "value-1", "key21755019276063": "value-1"}
2025-08-12 17:21:18,975 INFO  [io.api.tes.ser.api.KafkaSerdesTester] (Thread-667) topic-f5fd8cff_d1d5_46a8_89f2_46796e09013a 0 42 {"key11755019271462": "value-2", "key21755019276063": "value-2"}
2025-08-12 17:21:18,976 INFO  [io.api.tes.ser.api.KafkaSerdesTester] (Thread-667) topic-f5fd8cff_d1d5_46a8_89f2_46796e09013a 0 43 {"key11755019271462": "value-3", "key21755019276063": "value-3"}
2025-08-12 17:21:18,976 INFO  [io.api.tes.ser.api.KafkaSerdesTester] (Thread-667) topic-f5fd8cff_d1d5_46a8_89f2_46796e09013a 0 44 {"key11755019271462": "value-4", "key21755019276063": "value-4"}
2025-08-12 17:21:18,976 INFO  [io.api.tes.ser.api.KafkaSerdesTester] (Thread-667) topic-f5fd8cff_d1d5_46a8_89f2_46796e09013a 0 45 {"key11755019271462": "value-5", "key21755019276063": "value-5"}
2025-08-12 17:21:18,976 INFO  [io.api.tes.ser.api.KafkaSerdesTester] (Thread-667) topic-f5fd8cff_d1d5_46a8_89f2_46796e09013a 0 46 {"key11755019271462": "value-6", "key21755019276063": "value-6"}
2025-08-12 17:21:18,976 INFO  [io.api.tes.ser.api.KafkaSerdesTester] (Thread-667) topic-f5fd8cff_d1d5_46a8_89f2_46796e09013a 0 47 {"key11755019271462": "value-7", "key21755019276063": "value-7"}
2025-08-12 17:21:18,976 INFO  [io.api.tes.ser.api.KafkaSerdesTester] (Thread-667) topic-f5fd8cff_d1d5_46a8_89f2_46796e09013a 0 48 {"key11755019271462": "value-8", "key21755019276063": "value-8"}
2025-08-12 17:21:18,976 INFO  [io.api.tes.ser.api.KafkaSerdesTester] (Thread-667) topic-f5fd8cff_d1d5_46a8_89f2_46796e09013a 0 49 {"key11755019271462": "value-9", "key21755019276063": "value-9"}
2025-08-12 17:21:18,976 INFO  [io.api.tes.ser.api.KafkaSerdesTester] (Thread-667) topic-f5fd8cff_d1d5_46a8_89f2_46796e09013a 0 50 {"key11755019271462": "value-0"}
2025-08-12 17:21:18,976 INFO  [io.api.tes.ser.api.KafkaSerdesTester] (Thread-667) topic-f5fd8cff_d1d5_46a8_89f2_46796e09013a 0 51 {"key11755019271462": "value-1"}
2025-08-12 17:21:18,976 INFO  [io.api.tes.ser.api.KafkaSerdesTester] (Thread-667) topic-f5fd8cff_d1d5_46a8_89f2_46796e09013a 0 52 {"key11755019271462": "value-2"}
2025-08-12 17:21:18,976 INFO  [io.api.tes.ser.api.KafkaSerdesTester] (Thread-667) topic-f5fd8cff_d1d5_46a8_89f2_46796e09013a 0 53 {"key11755019271462": "value-3"}
2025-08-12 17:21:18,976 INFO  [io.api.tes.ser.api.KafkaSerdesTester] (Thread-667) topic-f5fd8cff_d1d5_46a8_89f2_46796e09013a 0 54 {"key11755019271462": "value-4"}
2025-08-12 17:21:18,976 INFO  [io.api.tes.ser.api.KafkaSerdesTester] (Thread-667) topic-f5fd8cff_d1d5_46a8_89f2_46796e09013a 0 55 {"key11755019271462": "value-5"}
2025-08-12 17:21:18,976 INFO  [io.api.tes.ser.api.KafkaSerdesTester] (Thread-667) topic-f5fd8cff_d1d5_46a8_89f2_46796e09013a 0 56 {"key11755019271462": "value-6"}
2025-08-12 17:21:18,976 INFO  [io.api.tes.ser.api.KafkaSerdesTester] (Thread-667) topic-f5fd8cff_d1d5_46a8_89f2_46796e09013a 0 57 {"key11755019271462": "value-7"}
2025-08-12 17:21:18,976 INFO  [io.api.tes.ser.api.KafkaSerdesTester] (Thread-667) topic-f5fd8cff_d1d5_46a8_89f2_46796e09013a 0 58 {"key11755019271462": "value-8"}
2025-08-12 17:21:18,976 INFO  [io.api.tes.ser.api.KafkaSerdesTester] (Thread-667) topic-f5fd8cff_d1d5_46a8_89f2_46796e09013a 0 59 {"key11755019271462": "value-9"}
2025-08-12 17:21:18,976 INFO  [io.api.tes.ser.api.KafkaSerdesTester] (Thread-667) Consumed 30 messages
2025-08-12 17:21:18,977 INFO  [org.apa.kaf.cli.pro.KafkaProducer] (main) [Producer clientId=Producer-topic-f5fd8cff_d1d5_46a8_89f2_46796e09013a] Closing the Kafka producer with timeoutMillis = 9223372036854775807 ms.
2025-08-12 17:21:18,979 INFO  [org.apa.kaf.com.met.Metrics] (main) Metrics scheduler closed
2025-08-12 17:21:18,979 INFO  [org.apa.kaf.com.met.Metrics] (main) Closing reporter org.apache.kafka.common.metrics.JmxReporter
2025-08-12 17:21:18,979 INFO  [org.apa.kaf.com.met.Metrics] (main) Closing reporter org.apache.kafka.common.telemetry.internals.ClientTelemetryReporter
2025-08-12 17:21:18,979 INFO  [org.apa.kaf.com.met.Metrics] (main) Metrics reporters closed
2025-08-12 17:21:18,979 INFO  [org.apa.kaf.com.uti.AppInfoParser] (main) App info kafka.producer for Producer-topic-f5fd8cff_d1d5_46a8_89f2_46796e09013a unregistered
2025-08-12 17:21:18,986 INFO  [org.apa.kaf.cli.con.int.ConsumerRebalanceListenerInvoker] (main) [Consumer clientId=consumer-Consumer-topic-f5fd8cff_d1d5_46a8_89f2_46796e09013a-9, groupId=Consumer-topic-f5fd8cff_d1d5_46a8_89f2_46796e09013a] Revoke previously assigned partitions topic-f5fd8cff_d1d5_46a8_89f2_46796e09013a-0
2025-08-12 17:21:18,987 INFO  [org.apa.kaf.cli.con.int.ConsumerCoordinator] (main) [Consumer clientId=consumer-Consumer-topic-f5fd8cff_d1d5_46a8_89f2_46796e09013a-9, groupId=Consumer-topic-f5fd8cff_d1d5_46a8_89f2_46796e09013a] Member consumer-Consumer-topic-f5fd8cff_d1d5_46a8_89f2_46796e09013a-9-cd780481-de0b-41d7-95b1-0c3dce255113 sending LeaveGroup request to coordinator localhost:32769 (id: 2147483647 rack: null) due to the consumer is being closed
2025-08-12 17:21:18,987 INFO  [org.apa.kaf.cli.con.int.ConsumerCoordinator] (main) [Consumer clientId=consumer-Consumer-topic-f5fd8cff_d1d5_46a8_89f2_46796e09013a-9, groupId=Consumer-topic-f5fd8cff_d1d5_46a8_89f2_46796e09013a] Resetting generation and member id due to: consumer pro-actively leaving the group
2025-08-12 17:21:18,987 INFO  [org.apa.kaf.cli.con.int.ConsumerCoordinator] (main) [Consumer clientId=consumer-Consumer-topic-f5fd8cff_d1d5_46a8_89f2_46796e09013a-9, groupId=Consumer-topic-f5fd8cff_d1d5_46a8_89f2_46796e09013a] Request joining group due to: consumer pro-actively leaving the group
2025-08-12 17:21:19,477 INFO  [org.apa.kaf.com.met.Metrics] (main) Metrics scheduler closed
2025-08-12 17:21:19,477 INFO  [org.apa.kaf.com.met.Metrics] (main) Closing reporter org.apache.kafka.common.metrics.JmxReporter
2025-08-12 17:21:19,477 INFO  [org.apa.kaf.com.met.Metrics] (main) Closing reporter org.apache.kafka.common.telemetry.internals.ClientTelemetryReporter
2025-08-12 17:21:19,477 INFO  [org.apa.kaf.com.met.Metrics] (main) Metrics reporters closed
2025-08-12 17:21:19,481 INFO  [org.apa.kaf.com.uti.AppInfoParser] (main) App info kafka.consumer for consumer-Consumer-topic-f5fd8cff_d1d5_46a8_89f2_46796e09013a-9 unregistered
2025-08-12 17:21:19,481 INFO  [io.api.tes.uti.TestSeparator] (main) io.apicurio.tests.serdes.apicurio.AvroSerdeIT.testEvolveAvroApicurioReusingClient-FINISHED
2025-08-12 17:21:19,481 INFO  [io.api.tes.uti.TestSeparator] (main) ############################################################################
Test passed: testEvolveAvroApicurioReusingClient
]]></system-out>
  </testcase>
  <testcase name="testProducerUsesDefaultConsumerUsesGlobalId" classname="io.apicurio.tests.serdes.apicurio.AvroSerdeIT" time="0.0">
    <skipped message="void io.apicurio.tests.serdes.apicurio.AvroSerdeIT.testProducerUsesDefaultConsumerUsesGlobalId() throws java.lang.Exception is @Disabled"/>
  </testcase>
  <testcase name="testEvolveAvroApicurio" classname="io.apicurio.tests.serdes.apicurio.AvroSerdeIT" time="16.332">
    <system-out><![CDATA[2025-08-12 17:21:19,486 INFO  [io.api.tes.uti.TestSeparator] (main) ############################################################################
2025-08-12 17:21:19,486 INFO  [io.api.tes.uti.TestSeparator] (main) io.apicurio.tests.serdes.apicurio.AvroSerdeIT.testEvolveAvroApicurio-STARTED
2025-08-12 17:21:19,487 INFO  [io.api.tes.ser.api.AvroSerdeIT] (main) Registering Avro Schema: {"type":"record","name":"sef9d15eaxe79cx4cd0xb030x53589f0f144c","namespace":"ns_a3802f85_fb7e_42da_8ee9_8f80f1d806bd","fields":[{"name":"key11755019279487","type":"string"}]}
**** Registry Base URL: http://registry-app-inmemory.apps.ci419.apicurio-testing.org:80
2025-08-12 17:21:20,647 INFO  [org.apa.kaf.cli.pro.ProducerConfig] (main) ProducerConfig values: 
	acks = -1
	auto.include.jmx.reporter = true
	batch.size = 16384
	bootstrap.servers = [PLAINTEXT://localhost:32769]
	buffer.memory = 33554432
	client.dns.lookup = use_all_dns_ips
	client.id = Producer-topic-1ee489fe_841f_4ee9_926e_4e7535c5dcfd
	compression.gzip.level = -1
	compression.lz4.level = 9
	compression.type = none
	compression.zstd.level = 3
	connections.max.idle.ms = 10000
	delivery.timeout.ms = 120000
	enable.idempotence = true
	enable.metrics.push = true
	interceptor.classes = []
	key.serializer = class org.apache.kafka.common.serialization.StringSerializer
	linger.ms = 0
	max.block.ms = 60000
	max.in.flight.requests.per.connection = 5
	max.request.size = 1048576
	metadata.max.age.ms = 300000
	metadata.max.idle.ms = 300000
	metadata.recovery.strategy = none
	metric.reporters = []
	metrics.num.samples = 2
	metrics.recording.level = INFO
	metrics.sample.window.ms = 30000
	partitioner.adaptive.partitioning.enable = true
	partitioner.availability.timeout.ms = 0
	partitioner.class = null
	partitioner.ignore.keys = false
	receive.buffer.bytes = 32768
	reconnect.backoff.max.ms = 1000
	reconnect.backoff.ms = 50
	request.timeout.ms = 5000
	retries = 2147483647
	retry.backoff.max.ms = 1000
	retry.backoff.ms = 100
	sasl.client.callback.handler.class = null
	sasl.jaas.config = null
	sasl.kerberos.kinit.cmd = /usr/bin/kinit
	sasl.kerberos.min.time.before.relogin = 60000
	sasl.kerberos.service.name = null
	sasl.kerberos.ticket.renew.jitter = 0.05
	sasl.kerberos.ticket.renew.window.factor = 0.8
	sasl.login.callback.handler.class = null
	sasl.login.class = null
	sasl.login.connect.timeout.ms = null
	sasl.login.read.timeout.ms = null
	sasl.login.refresh.buffer.seconds = 300
	sasl.login.refresh.min.period.seconds = 60
	sasl.login.refresh.window.factor = 0.8
	sasl.login.refresh.window.jitter = 0.05
	sasl.login.retry.backoff.max.ms = 10000
	sasl.login.retry.backoff.ms = 100
	sasl.mechanism = GSSAPI
	sasl.oauthbearer.clock.skew.seconds = 30
	sasl.oauthbearer.expected.audience = null
	sasl.oauthbearer.expected.issuer = null
	sasl.oauthbearer.header.urlencode = false
	sasl.oauthbearer.jwks.endpoint.refresh.ms = 3600000
	sasl.oauthbearer.jwks.endpoint.retry.backoff.max.ms = 10000
	sasl.oauthbearer.jwks.endpoint.retry.backoff.ms = 100
	sasl.oauthbearer.jwks.endpoint.url = null
	sasl.oauthbearer.scope.claim.name = scope
	sasl.oauthbearer.sub.claim.name = sub
	sasl.oauthbearer.token.endpoint.url = null
	security.protocol = PLAINTEXT
	security.providers = null
	send.buffer.bytes = 131072
	socket.connection.setup.timeout.max.ms = 30000
	socket.connection.setup.timeout.ms = 10000
	ssl.cipher.suites = null
	ssl.enabled.protocols = [TLSv1.2, TLSv1.3]
	ssl.endpoint.identification.algorithm = https
	ssl.engine.factory.class = null
	ssl.key.password = null
	ssl.keymanager.algorithm = SunX509
	ssl.keystore.certificate.chain = null
	ssl.keystore.key = null
	ssl.keystore.location = null
	ssl.keystore.password = null
	ssl.keystore.type = JKS
	ssl.protocol = TLSv1.3
	ssl.provider = null
	ssl.secure.random.implementation = null
	ssl.trustmanager.algorithm = PKIX
	ssl.truststore.certificates = null
	ssl.truststore.location = null
	ssl.truststore.password = null
	ssl.truststore.type = JKS
	transaction.timeout.ms = 60000
	transactional.id = null
	value.serializer = class io.apicurio.registry.serde.avro.AvroKafkaSerializer

2025-08-12 17:21:20,648 INFO  [org.apa.kaf.com.tel.int.KafkaMetricsCollector] (main) initializing Kafka metrics collector
2025-08-12 17:21:20,653 INFO  [org.apa.kaf.cli.pro.KafkaProducer] (main) [Producer clientId=Producer-topic-1ee489fe_841f_4ee9_926e_4e7535c5dcfd] Instantiated an idempotent producer.
2025-08-12 17:21:20,655 INFO  [org.apa.kaf.cli.pro.ProducerConfig] (main) These configurations '[apicurio.registry.url, apicurio.registry.artifact-resolver-strategy]' were supplied but are not used yet.
2025-08-12 17:21:20,655 INFO  [org.apa.kaf.com.uti.AppInfoParser] (main) Kafka version: 3.9.1
2025-08-12 17:21:20,655 INFO  [org.apa.kaf.com.uti.AppInfoParser] (main) Kafka commitId: f745dfdcee2b9851
2025-08-12 17:21:20,655 INFO  [org.apa.kaf.com.uti.AppInfoParser] (main) Kafka startTimeMs: 1755019280655
**** Registry Base URL: http://registry-app-inmemory.apps.ci419.apicurio-testing.org:80
2025-08-12 17:21:20,656 INFO  [org.apa.kaf.cli.con.ConsumerConfig] (main) ConsumerConfig values: 
	allow.auto.create.topics = true
	auto.commit.interval.ms = 500
	auto.include.jmx.reporter = true
	auto.offset.reset = earliest
	bootstrap.servers = [PLAINTEXT://localhost:32769]
	check.crcs = true
	client.dns.lookup = use_all_dns_ips
	client.id = consumer-Consumer-topic-1ee489fe_841f_4ee9_926e_4e7535c5dcfd-10
	client.rack = 
	connections.max.idle.ms = 10000
	default.api.timeout.ms = 60000
	enable.auto.commit = true
	enable.metrics.push = true
	exclude.internal.topics = true
	fetch.max.bytes = 52428800
	fetch.max.wait.ms = 500
	fetch.min.bytes = 1
	group.id = Consumer-topic-1ee489fe_841f_4ee9_926e_4e7535c5dcfd
	group.instance.id = null
	group.protocol = classic
	group.remote.assignor = null
	heartbeat.interval.ms = 3000
	interceptor.classes = []
	internal.leave.group.on.close = true
	internal.throw.on.fetch.stable.offset.unsupported = false
	isolation.level = read_uncommitted
	key.deserializer = class org.apache.kafka.common.serialization.StringDeserializer
	max.partition.fetch.bytes = 1048576
	max.poll.interval.ms = 300000
	max.poll.records = 500
	metadata.max.age.ms = 300000
	metadata.recovery.strategy = none
	metric.reporters = []
	metrics.num.samples = 2
	metrics.recording.level = INFO
	metrics.sample.window.ms = 30000
	partition.assignment.strategy = [class org.apache.kafka.clients.consumer.RangeAssignor, class org.apache.kafka.clients.consumer.CooperativeStickyAssignor]
	receive.buffer.bytes = 65536
	reconnect.backoff.max.ms = 1000
	reconnect.backoff.ms = 50
	request.timeout.ms = 5000
	retry.backoff.max.ms = 1000
	retry.backoff.ms = 100
	sasl.client.callback.handler.class = null
	sasl.jaas.config = null
	sasl.kerberos.kinit.cmd = /usr/bin/kinit
	sasl.kerberos.min.time.before.relogin = 60000
	sasl.kerberos.service.name = null
	sasl.kerberos.ticket.renew.jitter = 0.05
	sasl.kerberos.ticket.renew.window.factor = 0.8
	sasl.login.callback.handler.class = null
	sasl.login.class = null
	sasl.login.connect.timeout.ms = null
	sasl.login.read.timeout.ms = null
	sasl.login.refresh.buffer.seconds = 300
	sasl.login.refresh.min.period.seconds = 60
	sasl.login.refresh.window.factor = 0.8
	sasl.login.refresh.window.jitter = 0.05
	sasl.login.retry.backoff.max.ms = 10000
	sasl.login.retry.backoff.ms = 100
	sasl.mechanism = GSSAPI
	sasl.oauthbearer.clock.skew.seconds = 30
	sasl.oauthbearer.expected.audience = null
	sasl.oauthbearer.expected.issuer = null
	sasl.oauthbearer.header.urlencode = false
	sasl.oauthbearer.jwks.endpoint.refresh.ms = 3600000
	sasl.oauthbearer.jwks.endpoint.retry.backoff.max.ms = 10000
	sasl.oauthbearer.jwks.endpoint.retry.backoff.ms = 100
	sasl.oauthbearer.jwks.endpoint.url = null
	sasl.oauthbearer.scope.claim.name = scope
	sasl.oauthbearer.sub.claim.name = sub
	sasl.oauthbearer.token.endpoint.url = null
	security.protocol = PLAINTEXT
	security.providers = null
	send.buffer.bytes = 131072
	session.timeout.ms = 45000
	socket.connection.setup.timeout.max.ms = 30000
	socket.connection.setup.timeout.ms = 10000
	ssl.cipher.suites = null
	ssl.enabled.protocols = [TLSv1.2, TLSv1.3]
	ssl.endpoint.identification.algorithm = https
	ssl.engine.factory.class = null
	ssl.key.password = null
	ssl.keymanager.algorithm = SunX509
	ssl.keystore.certificate.chain = null
	ssl.keystore.key = null
	ssl.keystore.location = null
	ssl.keystore.password = null
	ssl.keystore.type = JKS
	ssl.protocol = TLSv1.3
	ssl.provider = null
	ssl.secure.random.implementation = null
	ssl.trustmanager.algorithm = PKIX
	ssl.truststore.certificates = null
	ssl.truststore.location = null
	ssl.truststore.password = null
	ssl.truststore.type = JKS
	value.deserializer = class io.apicurio.registry.serde.avro.AvroKafkaDeserializer

2025-08-12 17:21:20,656 INFO  [org.apa.kaf.com.tel.int.KafkaMetricsCollector] (main) initializing Kafka metrics collector
2025-08-12 17:21:20,665 INFO  [org.apa.kaf.cli.con.ConsumerConfig] (main) These configurations '[apicurio.registry.url]' were supplied but are not used yet.
2025-08-12 17:21:20,665 INFO  [org.apa.kaf.com.uti.AppInfoParser] (main) Kafka version: 3.9.1
2025-08-12 17:21:20,665 INFO  [org.apa.kaf.com.uti.AppInfoParser] (main) Kafka commitId: f745dfdcee2b9851
2025-08-12 17:21:20,665 INFO  [org.apa.kaf.com.uti.AppInfoParser] (main) Kafka startTimeMs: 1755019280665
2025-08-12 17:21:20,665 INFO  [io.api.tes.ser.api.KafkaSerdesTester] (Thread-672) Sending message {"key11755019279487": "value-0"} to topic topic-1ee489fe_841f_4ee9_926e_4e7535c5dcfd
2025-08-12 17:21:20,667 INFO  [org.apa.kaf.cli.Metadata] (kafka-producer-network-thread | Producer-topic-1ee489fe_841f_4ee9_926e_4e7535c5dcfd) [Producer clientId=Producer-topic-1ee489fe_841f_4ee9_926e_4e7535c5dcfd] Cluster ID: Ursznb63T6OTazTEUvngGA
2025-08-12 17:21:20,667 INFO  [org.apa.kaf.cli.pro.int.TransactionManager] (kafka-producer-network-thread | Producer-topic-1ee489fe_841f_4ee9_926e_4e7535c5dcfd) [Producer clientId=Producer-topic-1ee489fe_841f_4ee9_926e_4e7535c5dcfd] ProducerId set to 12 with epoch 0
2025-08-12 17:21:20,673 INFO  [DefaultSchemaResolver] (Thread-672) Retrieving schema content using string: {"type":"record","name":"sef9d15eaxe79cx4cd0xb030x53589f0f144c","namespace":"ns_a3802f85_fb7e_42da_8ee9_8f80f1d806bd","fields":[{"name":"key11755019279487","type":"string"}]}
2025-08-12 17:21:20,815 INFO  [io.api.tes.ser.api.KafkaSerdesTester] (Thread-672) Sending message {"key11755019279487": "value-1"} to topic topic-1ee489fe_841f_4ee9_926e_4e7535c5dcfd
2025-08-12 17:21:20,819 INFO  [io.api.tes.ser.api.KafkaSerdesTester] (Thread-672) Sending message {"key11755019279487": "value-2"} to topic topic-1ee489fe_841f_4ee9_926e_4e7535c5dcfd
2025-08-12 17:21:20,820 INFO  [io.api.tes.ser.api.KafkaSerdesTester] (Thread-672) Sending message {"key11755019279487": "value-3"} to topic topic-1ee489fe_841f_4ee9_926e_4e7535c5dcfd
2025-08-12 17:21:20,822 INFO  [io.api.tes.ser.api.KafkaSerdesTester] (Thread-672) Sending message {"key11755019279487": "value-4"} to topic topic-1ee489fe_841f_4ee9_926e_4e7535c5dcfd
2025-08-12 17:21:20,823 INFO  [io.api.tes.ser.api.KafkaSerdesTester] (Thread-672) Sending message {"key11755019279487": "value-5"} to topic topic-1ee489fe_841f_4ee9_926e_4e7535c5dcfd
2025-08-12 17:21:20,824 INFO  [io.api.tes.ser.api.KafkaSerdesTester] (Thread-672) Sending message {"key11755019279487": "value-6"} to topic topic-1ee489fe_841f_4ee9_926e_4e7535c5dcfd
2025-08-12 17:21:20,831 INFO  [io.api.tes.ser.api.KafkaSerdesTester] (Thread-672) Sending message {"key11755019279487": "value-7"} to topic topic-1ee489fe_841f_4ee9_926e_4e7535c5dcfd
2025-08-12 17:21:20,833 INFO  [io.api.tes.ser.api.KafkaSerdesTester] (Thread-672) Sending message {"key11755019279487": "value-8"} to topic topic-1ee489fe_841f_4ee9_926e_4e7535c5dcfd
2025-08-12 17:21:20,834 INFO  [io.api.tes.ser.api.KafkaSerdesTester] (Thread-672) Sending message {"key11755019279487": "value-9"} to topic topic-1ee489fe_841f_4ee9_926e_4e7535c5dcfd
2025-08-12 17:21:20,838 INFO  [io.api.tes.ser.api.KafkaSerdesTester] (Thread-672) Produced 10 messages
2025-08-12 17:21:20,838 INFO  [org.apa.kaf.cli.pro.KafkaProducer] (Thread-672) [Producer clientId=Producer-topic-1ee489fe_841f_4ee9_926e_4e7535c5dcfd] Closing the Kafka producer with timeoutMillis = 9223372036854775807 ms.
2025-08-12 17:21:20,840 INFO  [org.apa.kaf.com.met.Metrics] (Thread-672) Metrics scheduler closed
2025-08-12 17:21:20,840 INFO  [org.apa.kaf.com.met.Metrics] (Thread-672) Closing reporter org.apache.kafka.common.metrics.JmxReporter
2025-08-12 17:21:20,841 INFO  [org.apa.kaf.com.met.Metrics] (Thread-672) Closing reporter org.apache.kafka.common.telemetry.internals.ClientTelemetryReporter
2025-08-12 17:21:20,841 INFO  [org.apa.kaf.com.met.Metrics] (Thread-672) Metrics reporters closed
2025-08-12 17:21:20,841 INFO  [org.apa.kaf.com.uti.AppInfoParser] (Thread-672) App info kafka.producer for Producer-topic-1ee489fe_841f_4ee9_926e_4e7535c5dcfd unregistered
2025-08-12 17:21:20,843 INFO  [org.apa.kaf.cli.con.int.ClassicKafkaConsumer] (Thread-673) [Consumer clientId=consumer-Consumer-topic-1ee489fe_841f_4ee9_926e_4e7535c5dcfd-10, groupId=Consumer-topic-1ee489fe_841f_4ee9_926e_4e7535c5dcfd] Subscribed to topic(s): topic-1ee489fe_841f_4ee9_926e_4e7535c5dcfd
2025-08-12 17:21:20,851 INFO  [org.apa.kaf.cli.Metadata] (Thread-673) [Consumer clientId=consumer-Consumer-topic-1ee489fe_841f_4ee9_926e_4e7535c5dcfd-10, groupId=Consumer-topic-1ee489fe_841f_4ee9_926e_4e7535c5dcfd] Cluster ID: Ursznb63T6OTazTEUvngGA
2025-08-12 17:21:20,853 INFO  [org.apa.kaf.cli.con.int.ConsumerCoordinator] (Thread-673) [Consumer clientId=consumer-Consumer-topic-1ee489fe_841f_4ee9_926e_4e7535c5dcfd-10, groupId=Consumer-topic-1ee489fe_841f_4ee9_926e_4e7535c5dcfd] Discovered group coordinator localhost:32769 (id: 2147483647 rack: null)
2025-08-12 17:21:20,856 INFO  [org.apa.kaf.cli.con.int.ConsumerCoordinator] (Thread-673) [Consumer clientId=consumer-Consumer-topic-1ee489fe_841f_4ee9_926e_4e7535c5dcfd-10, groupId=Consumer-topic-1ee489fe_841f_4ee9_926e_4e7535c5dcfd] (Re-)joining group
2025-08-12 17:21:20,861 INFO  [org.apa.kaf.cli.con.int.ConsumerCoordinator] (Thread-673) [Consumer clientId=consumer-Consumer-topic-1ee489fe_841f_4ee9_926e_4e7535c5dcfd-10, groupId=Consumer-topic-1ee489fe_841f_4ee9_926e_4e7535c5dcfd] Request joining group due to: need to re-join with the given member-id: consumer-Consumer-topic-1ee489fe_841f_4ee9_926e_4e7535c5dcfd-10-07cfaaea-832f-406c-b96b-b462ad24d71f
2025-08-12 17:21:20,861 INFO  [org.apa.kaf.cli.con.int.ConsumerCoordinator] (Thread-673) [Consumer clientId=consumer-Consumer-topic-1ee489fe_841f_4ee9_926e_4e7535c5dcfd-10, groupId=Consumer-topic-1ee489fe_841f_4ee9_926e_4e7535c5dcfd] (Re-)joining group
2025-08-12 17:21:21,843 INFO  [io.api.tes.ser.api.KafkaSerdesTester] (Thread-673) None found
2025-08-12 17:21:22,843 INFO  [io.api.tes.ser.api.KafkaSerdesTester] (Thread-673) None found
2025-08-12 17:21:23,843 INFO  [io.api.tes.ser.api.KafkaSerdesTester] (Thread-673) None found
2025-08-12 17:21:23,863 INFO  [org.apa.kaf.cli.con.int.ConsumerCoordinator] (Thread-673) [Consumer clientId=consumer-Consumer-topic-1ee489fe_841f_4ee9_926e_4e7535c5dcfd-10, groupId=Consumer-topic-1ee489fe_841f_4ee9_926e_4e7535c5dcfd] Successfully joined group with generation Generation{generationId=1, memberId='consumer-Consumer-topic-1ee489fe_841f_4ee9_926e_4e7535c5dcfd-10-07cfaaea-832f-406c-b96b-b462ad24d71f', protocol='range'}
2025-08-12 17:21:23,863 INFO  [org.apa.kaf.cli.con.int.ConsumerCoordinator] (Thread-673) [Consumer clientId=consumer-Consumer-topic-1ee489fe_841f_4ee9_926e_4e7535c5dcfd-10, groupId=Consumer-topic-1ee489fe_841f_4ee9_926e_4e7535c5dcfd] Finished assignment for group at generation 1: {consumer-Consumer-topic-1ee489fe_841f_4ee9_926e_4e7535c5dcfd-10-07cfaaea-832f-406c-b96b-b462ad24d71f=Assignment(partitions=[topic-1ee489fe_841f_4ee9_926e_4e7535c5dcfd-0])}
2025-08-12 17:21:23,871 INFO  [org.apa.kaf.cli.con.int.ConsumerCoordinator] (Thread-673) [Consumer clientId=consumer-Consumer-topic-1ee489fe_841f_4ee9_926e_4e7535c5dcfd-10, groupId=Consumer-topic-1ee489fe_841f_4ee9_926e_4e7535c5dcfd] Successfully synced group in generation Generation{generationId=1, memberId='consumer-Consumer-topic-1ee489fe_841f_4ee9_926e_4e7535c5dcfd-10-07cfaaea-832f-406c-b96b-b462ad24d71f', protocol='range'}
2025-08-12 17:21:23,871 INFO  [org.apa.kaf.cli.con.int.ConsumerCoordinator] (Thread-673) [Consumer clientId=consumer-Consumer-topic-1ee489fe_841f_4ee9_926e_4e7535c5dcfd-10, groupId=Consumer-topic-1ee489fe_841f_4ee9_926e_4e7535c5dcfd] Notifying assignor about the new Assignment(partitions=[topic-1ee489fe_841f_4ee9_926e_4e7535c5dcfd-0])
2025-08-12 17:21:23,871 INFO  [org.apa.kaf.cli.con.int.ConsumerRebalanceListenerInvoker] (Thread-673) [Consumer clientId=consumer-Consumer-topic-1ee489fe_841f_4ee9_926e_4e7535c5dcfd-10, groupId=Consumer-topic-1ee489fe_841f_4ee9_926e_4e7535c5dcfd] Adding newly assigned partitions: topic-1ee489fe_841f_4ee9_926e_4e7535c5dcfd-0
2025-08-12 17:21:23,872 INFO  [org.apa.kaf.cli.con.int.ConsumerCoordinator] (Thread-673) [Consumer clientId=consumer-Consumer-topic-1ee489fe_841f_4ee9_926e_4e7535c5dcfd-10, groupId=Consumer-topic-1ee489fe_841f_4ee9_926e_4e7535c5dcfd] Found no committed offset for partition topic-1ee489fe_841f_4ee9_926e_4e7535c5dcfd-0
2025-08-12 17:21:23,876 INFO  [org.apa.kaf.cli.con.int.SubscriptionState] (Thread-673) [Consumer clientId=consumer-Consumer-topic-1ee489fe_841f_4ee9_926e_4e7535c5dcfd-10, groupId=Consumer-topic-1ee489fe_841f_4ee9_926e_4e7535c5dcfd] Resetting offset for partition topic-1ee489fe_841f_4ee9_926e_4e7535c5dcfd-0 to position FetchPosition{offset=0, offsetEpoch=Optional.empty, currentLeader=LeaderAndEpoch{leader=Optional[localhost:32769 (id: 0 rack: null)], epoch=0}}.
2025-08-12 17:21:24,083 INFO  [io.api.tes.ser.api.KafkaSerdesTester] (Thread-673) topic-1ee489fe_841f_4ee9_926e_4e7535c5dcfd 0 0 {"key11755019279487": "value-0"}
2025-08-12 17:21:24,083 INFO  [io.api.tes.ser.api.KafkaSerdesTester] (Thread-673) topic-1ee489fe_841f_4ee9_926e_4e7535c5dcfd 0 1 {"key11755019279487": "value-1"}
2025-08-12 17:21:24,083 INFO  [io.api.tes.ser.api.KafkaSerdesTester] (Thread-673) topic-1ee489fe_841f_4ee9_926e_4e7535c5dcfd 0 2 {"key11755019279487": "value-2"}
2025-08-12 17:21:24,083 INFO  [io.api.tes.ser.api.KafkaSerdesTester] (Thread-673) topic-1ee489fe_841f_4ee9_926e_4e7535c5dcfd 0 3 {"key11755019279487": "value-3"}
2025-08-12 17:21:24,083 INFO  [io.api.tes.ser.api.KafkaSerdesTester] (Thread-673) topic-1ee489fe_841f_4ee9_926e_4e7535c5dcfd 0 4 {"key11755019279487": "value-4"}
2025-08-12 17:21:24,083 INFO  [io.api.tes.ser.api.KafkaSerdesTester] (Thread-673) topic-1ee489fe_841f_4ee9_926e_4e7535c5dcfd 0 5 {"key11755019279487": "value-5"}
2025-08-12 17:21:24,083 INFO  [io.api.tes.ser.api.KafkaSerdesTester] (Thread-673) topic-1ee489fe_841f_4ee9_926e_4e7535c5dcfd 0 6 {"key11755019279487": "value-6"}
2025-08-12 17:21:24,083 INFO  [io.api.tes.ser.api.KafkaSerdesTester] (Thread-673) topic-1ee489fe_841f_4ee9_926e_4e7535c5dcfd 0 7 {"key11755019279487": "value-7"}
2025-08-12 17:21:24,083 INFO  [io.api.tes.ser.api.KafkaSerdesTester] (Thread-673) topic-1ee489fe_841f_4ee9_926e_4e7535c5dcfd 0 8 {"key11755019279487": "value-8"}
2025-08-12 17:21:24,083 INFO  [io.api.tes.ser.api.KafkaSerdesTester] (Thread-673) topic-1ee489fe_841f_4ee9_926e_4e7535c5dcfd 0 9 {"key11755019279487": "value-9"}
2025-08-12 17:21:24,083 INFO  [io.api.tes.ser.api.KafkaSerdesTester] (Thread-673) Consumed 10 messages
2025-08-12 17:21:24,090 INFO  [org.apa.kaf.cli.con.int.ConsumerRebalanceListenerInvoker] (Thread-673) [Consumer clientId=consumer-Consumer-topic-1ee489fe_841f_4ee9_926e_4e7535c5dcfd-10, groupId=Consumer-topic-1ee489fe_841f_4ee9_926e_4e7535c5dcfd] Revoke previously assigned partitions topic-1ee489fe_841f_4ee9_926e_4e7535c5dcfd-0
2025-08-12 17:21:24,090 INFO  [org.apa.kaf.cli.con.int.ConsumerCoordinator] (Thread-673) [Consumer clientId=consumer-Consumer-topic-1ee489fe_841f_4ee9_926e_4e7535c5dcfd-10, groupId=Consumer-topic-1ee489fe_841f_4ee9_926e_4e7535c5dcfd] Member consumer-Consumer-topic-1ee489fe_841f_4ee9_926e_4e7535c5dcfd-10-07cfaaea-832f-406c-b96b-b462ad24d71f sending LeaveGroup request to coordinator localhost:32769 (id: 2147483647 rack: null) due to the consumer is being closed
2025-08-12 17:21:24,090 INFO  [org.apa.kaf.cli.con.int.ConsumerCoordinator] (Thread-673) [Consumer clientId=consumer-Consumer-topic-1ee489fe_841f_4ee9_926e_4e7535c5dcfd-10, groupId=Consumer-topic-1ee489fe_841f_4ee9_926e_4e7535c5dcfd] Resetting generation and member id due to: consumer pro-actively leaving the group
2025-08-12 17:21:24,090 INFO  [org.apa.kaf.cli.con.int.ConsumerCoordinator] (Thread-673) [Consumer clientId=consumer-Consumer-topic-1ee489fe_841f_4ee9_926e_4e7535c5dcfd-10, groupId=Consumer-topic-1ee489fe_841f_4ee9_926e_4e7535c5dcfd] Request joining group due to: consumer pro-actively leaving the group
2025-08-12 17:21:24,587 INFO  [org.apa.kaf.com.met.Metrics] (Thread-673) Metrics scheduler closed
2025-08-12 17:21:24,587 INFO  [org.apa.kaf.com.met.Metrics] (Thread-673) Closing reporter org.apache.kafka.common.metrics.JmxReporter
2025-08-12 17:21:24,587 INFO  [org.apa.kaf.com.met.Metrics] (Thread-673) Closing reporter org.apache.kafka.common.telemetry.internals.ClientTelemetryReporter
2025-08-12 17:21:24,587 INFO  [org.apa.kaf.com.met.Metrics] (Thread-673) Metrics reporters closed
2025-08-12 17:21:24,589 INFO  [org.apa.kaf.com.uti.AppInfoParser] (Thread-673) App info kafka.consumer for consumer-Consumer-topic-1ee489fe_841f_4ee9_926e_4e7535c5dcfd-10 unregistered
2025-08-12 17:21:24,590 INFO  [io.api.tes.ser.api.AvroSerdeIT] (main) Registering Avro Schema 2: {"type":"record","name":"sef9d15eaxe79cx4cd0xb030x53589f0f144c","namespace":"ns_a3802f85_fb7e_42da_8ee9_8f80f1d806bd","fields":[{"name":"key11755019279487","type":"string"},{"name":"key21755019284590","type":"string"}]}
**** Registry Base URL: http://registry-app-inmemory.apps.ci419.apicurio-testing.org:80
2025-08-12 17:21:25,746 INFO  [org.apa.kaf.cli.pro.ProducerConfig] (main) ProducerConfig values: 
	acks = -1
	auto.include.jmx.reporter = true
	batch.size = 16384
	bootstrap.servers = [PLAINTEXT://localhost:32769]
	buffer.memory = 33554432
	client.dns.lookup = use_all_dns_ips
	client.id = Producer-topic-1ee489fe_841f_4ee9_926e_4e7535c5dcfd
	compression.gzip.level = -1
	compression.lz4.level = 9
	compression.type = none
	compression.zstd.level = 3
	connections.max.idle.ms = 10000
	delivery.timeout.ms = 120000
	enable.idempotence = true
	enable.metrics.push = true
	interceptor.classes = []
	key.serializer = class org.apache.kafka.common.serialization.StringSerializer
	linger.ms = 0
	max.block.ms = 60000
	max.in.flight.requests.per.connection = 5
	max.request.size = 1048576
	metadata.max.age.ms = 300000
	metadata.max.idle.ms = 300000
	metadata.recovery.strategy = none
	metric.reporters = []
	metrics.num.samples = 2
	metrics.recording.level = INFO
	metrics.sample.window.ms = 30000
	partitioner.adaptive.partitioning.enable = true
	partitioner.availability.timeout.ms = 0
	partitioner.class = null
	partitioner.ignore.keys = false
	receive.buffer.bytes = 32768
	reconnect.backoff.max.ms = 1000
	reconnect.backoff.ms = 50
	request.timeout.ms = 5000
	retries = 2147483647
	retry.backoff.max.ms = 1000
	retry.backoff.ms = 100
	sasl.client.callback.handler.class = null
	sasl.jaas.config = null
	sasl.kerberos.kinit.cmd = /usr/bin/kinit
	sasl.kerberos.min.time.before.relogin = 60000
	sasl.kerberos.service.name = null
	sasl.kerberos.ticket.renew.jitter = 0.05
	sasl.kerberos.ticket.renew.window.factor = 0.8
	sasl.login.callback.handler.class = null
	sasl.login.class = null
	sasl.login.connect.timeout.ms = null
	sasl.login.read.timeout.ms = null
	sasl.login.refresh.buffer.seconds = 300
	sasl.login.refresh.min.period.seconds = 60
	sasl.login.refresh.window.factor = 0.8
	sasl.login.refresh.window.jitter = 0.05
	sasl.login.retry.backoff.max.ms = 10000
	sasl.login.retry.backoff.ms = 100
	sasl.mechanism = GSSAPI
	sasl.oauthbearer.clock.skew.seconds = 30
	sasl.oauthbearer.expected.audience = null
	sasl.oauthbearer.expected.issuer = null
	sasl.oauthbearer.header.urlencode = false
	sasl.oauthbearer.jwks.endpoint.refresh.ms = 3600000
	sasl.oauthbearer.jwks.endpoint.retry.backoff.max.ms = 10000
	sasl.oauthbearer.jwks.endpoint.retry.backoff.ms = 100
	sasl.oauthbearer.jwks.endpoint.url = null
	sasl.oauthbearer.scope.claim.name = scope
	sasl.oauthbearer.sub.claim.name = sub
	sasl.oauthbearer.token.endpoint.url = null
	security.protocol = PLAINTEXT
	security.providers = null
	send.buffer.bytes = 131072
	socket.connection.setup.timeout.max.ms = 30000
	socket.connection.setup.timeout.ms = 10000
	ssl.cipher.suites = null
	ssl.enabled.protocols = [TLSv1.2, TLSv1.3]
	ssl.endpoint.identification.algorithm = https
	ssl.engine.factory.class = null
	ssl.key.password = null
	ssl.keymanager.algorithm = SunX509
	ssl.keystore.certificate.chain = null
	ssl.keystore.key = null
	ssl.keystore.location = null
	ssl.keystore.password = null
	ssl.keystore.type = JKS
	ssl.protocol = TLSv1.3
	ssl.provider = null
	ssl.secure.random.implementation = null
	ssl.trustmanager.algorithm = PKIX
	ssl.truststore.certificates = null
	ssl.truststore.location = null
	ssl.truststore.password = null
	ssl.truststore.type = JKS
	transaction.timeout.ms = 60000
	transactional.id = null
	value.serializer = class io.apicurio.registry.serde.avro.AvroKafkaSerializer

2025-08-12 17:21:25,747 INFO  [org.apa.kaf.com.tel.int.KafkaMetricsCollector] (main) initializing Kafka metrics collector
2025-08-12 17:21:25,750 INFO  [org.apa.kaf.cli.pro.KafkaProducer] (main) [Producer clientId=Producer-topic-1ee489fe_841f_4ee9_926e_4e7535c5dcfd] Instantiated an idempotent producer.
2025-08-12 17:21:25,751 INFO  [org.apa.kaf.cli.pro.ProducerConfig] (main) These configurations '[apicurio.registry.url, apicurio.registry.artifact-resolver-strategy]' were supplied but are not used yet.
2025-08-12 17:21:25,751 INFO  [org.apa.kaf.com.uti.AppInfoParser] (main) Kafka version: 3.9.1
2025-08-12 17:21:25,751 INFO  [org.apa.kaf.com.uti.AppInfoParser] (main) Kafka commitId: f745dfdcee2b9851
2025-08-12 17:21:25,751 INFO  [org.apa.kaf.com.uti.AppInfoParser] (main) Kafka startTimeMs: 1755019285751
2025-08-12 17:21:25,751 INFO  [io.api.tes.ser.api.KafkaSerdesTester] (Thread-676) Sending message {"key11755019279487": "value-0", "key21755019284590": "value-0"} to topic topic-1ee489fe_841f_4ee9_926e_4e7535c5dcfd
2025-08-12 17:21:25,757 INFO  [org.apa.kaf.cli.Metadata] (kafka-producer-network-thread | Producer-topic-1ee489fe_841f_4ee9_926e_4e7535c5dcfd) [Producer clientId=Producer-topic-1ee489fe_841f_4ee9_926e_4e7535c5dcfd] Cluster ID: Ursznb63T6OTazTEUvngGA
2025-08-12 17:21:25,758 INFO  [DefaultSchemaResolver] (Thread-676) Retrieving schema content using string: {"type":"record","name":"sef9d15eaxe79cx4cd0xb030x53589f0f144c","namespace":"ns_a3802f85_fb7e_42da_8ee9_8f80f1d806bd","fields":[{"name":"key11755019279487","type":"string"},{"name":"key21755019284590","type":"string"}]}
2025-08-12 17:21:25,758 INFO  [org.apa.kaf.cli.pro.int.TransactionManager] (kafka-producer-network-thread | Producer-topic-1ee489fe_841f_4ee9_926e_4e7535c5dcfd) [Producer clientId=Producer-topic-1ee489fe_841f_4ee9_926e_4e7535c5dcfd] ProducerId set to 13 with epoch 0
2025-08-12 17:21:25,912 INFO  [io.api.tes.ser.api.KafkaSerdesTester] (Thread-676) Sending message {"key11755019279487": "value-1", "key21755019284590": "value-1"} to topic topic-1ee489fe_841f_4ee9_926e_4e7535c5dcfd
2025-08-12 17:21:25,914 INFO  [io.api.tes.ser.api.KafkaSerdesTester] (Thread-676) Sending message {"key11755019279487": "value-2", "key21755019284590": "value-2"} to topic topic-1ee489fe_841f_4ee9_926e_4e7535c5dcfd
2025-08-12 17:21:25,917 INFO  [io.api.tes.ser.api.KafkaSerdesTester] (Thread-676) Sending message {"key11755019279487": "value-3", "key21755019284590": "value-3"} to topic topic-1ee489fe_841f_4ee9_926e_4e7535c5dcfd
2025-08-12 17:21:25,919 INFO  [io.api.tes.ser.api.KafkaSerdesTester] (Thread-676) Sending message {"key11755019279487": "value-4", "key21755019284590": "value-4"} to topic topic-1ee489fe_841f_4ee9_926e_4e7535c5dcfd
2025-08-12 17:21:25,924 INFO  [io.api.tes.ser.api.KafkaSerdesTester] (Thread-676) Sending message {"key11755019279487": "value-5", "key21755019284590": "value-5"} to topic topic-1ee489fe_841f_4ee9_926e_4e7535c5dcfd
2025-08-12 17:21:25,925 INFO  [io.api.tes.ser.api.KafkaSerdesTester] (Thread-676) Sending message {"key11755019279487": "value-6", "key21755019284590": "value-6"} to topic topic-1ee489fe_841f_4ee9_926e_4e7535c5dcfd
2025-08-12 17:21:25,927 INFO  [io.api.tes.ser.api.KafkaSerdesTester] (Thread-676) Sending message {"key11755019279487": "value-7", "key21755019284590": "value-7"} to topic topic-1ee489fe_841f_4ee9_926e_4e7535c5dcfd
2025-08-12 17:21:25,928 INFO  [io.api.tes.ser.api.KafkaSerdesTester] (Thread-676) Sending message {"key11755019279487": "value-8", "key21755019284590": "value-8"} to topic topic-1ee489fe_841f_4ee9_926e_4e7535c5dcfd
2025-08-12 17:21:25,929 INFO  [io.api.tes.ser.api.KafkaSerdesTester] (Thread-676) Sending message {"key11755019279487": "value-9", "key21755019284590": "value-9"} to topic topic-1ee489fe_841f_4ee9_926e_4e7535c5dcfd
2025-08-12 17:21:25,930 INFO  [io.api.tes.ser.api.KafkaSerdesTester] (Thread-676) Produced 10 messages
2025-08-12 17:21:25,931 INFO  [org.apa.kaf.cli.pro.KafkaProducer] (Thread-676) [Producer clientId=Producer-topic-1ee489fe_841f_4ee9_926e_4e7535c5dcfd] Closing the Kafka producer with timeoutMillis = 9223372036854775807 ms.
2025-08-12 17:21:25,934 INFO  [org.apa.kaf.com.met.Metrics] (Thread-676) Metrics scheduler closed
2025-08-12 17:21:25,934 INFO  [org.apa.kaf.com.met.Metrics] (Thread-676) Closing reporter org.apache.kafka.common.metrics.JmxReporter
2025-08-12 17:21:25,934 INFO  [org.apa.kaf.com.met.Metrics] (Thread-676) Closing reporter org.apache.kafka.common.telemetry.internals.ClientTelemetryReporter
2025-08-12 17:21:25,934 INFO  [org.apa.kaf.com.met.Metrics] (Thread-676) Metrics reporters closed
2025-08-12 17:21:25,934 INFO  [org.apa.kaf.com.uti.AppInfoParser] (Thread-676) App info kafka.producer for Producer-topic-1ee489fe_841f_4ee9_926e_4e7535c5dcfd unregistered
**** Registry Base URL: http://registry-app-inmemory.apps.ci419.apicurio-testing.org:80
2025-08-12 17:21:25,935 INFO  [org.apa.kaf.cli.pro.ProducerConfig] (main) ProducerConfig values: 
	acks = -1
	auto.include.jmx.reporter = true
	batch.size = 16384
	bootstrap.servers = [PLAINTEXT://localhost:32769]
	buffer.memory = 33554432
	client.dns.lookup = use_all_dns_ips
	client.id = Producer-topic-1ee489fe_841f_4ee9_926e_4e7535c5dcfd
	compression.gzip.level = -1
	compression.lz4.level = 9
	compression.type = none
	compression.zstd.level = 3
	connections.max.idle.ms = 10000
	delivery.timeout.ms = 120000
	enable.idempotence = true
	enable.metrics.push = true
	interceptor.classes = []
	key.serializer = class org.apache.kafka.common.serialization.StringSerializer
	linger.ms = 0
	max.block.ms = 60000
	max.in.flight.requests.per.connection = 5
	max.request.size = 1048576
	metadata.max.age.ms = 300000
	metadata.max.idle.ms = 300000
	metadata.recovery.strategy = none
	metric.reporters = []
	metrics.num.samples = 2
	metrics.recording.level = INFO
	metrics.sample.window.ms = 30000
	partitioner.adaptive.partitioning.enable = true
	partitioner.availability.timeout.ms = 0
	partitioner.class = null
	partitioner.ignore.keys = false
	receive.buffer.bytes = 32768
	reconnect.backoff.max.ms = 1000
	reconnect.backoff.ms = 50
	request.timeout.ms = 5000
	retries = 2147483647
	retry.backoff.max.ms = 1000
	retry.backoff.ms = 100
	sasl.client.callback.handler.class = null
	sasl.jaas.config = null
	sasl.kerberos.kinit.cmd = /usr/bin/kinit
	sasl.kerberos.min.time.before.relogin = 60000
	sasl.kerberos.service.name = null
	sasl.kerberos.ticket.renew.jitter = 0.05
	sasl.kerberos.ticket.renew.window.factor = 0.8
	sasl.login.callback.handler.class = null
	sasl.login.class = null
	sasl.login.connect.timeout.ms = null
	sasl.login.read.timeout.ms = null
	sasl.login.refresh.buffer.seconds = 300
	sasl.login.refresh.min.period.seconds = 60
	sasl.login.refresh.window.factor = 0.8
	sasl.login.refresh.window.jitter = 0.05
	sasl.login.retry.backoff.max.ms = 10000
	sasl.login.retry.backoff.ms = 100
	sasl.mechanism = GSSAPI
	sasl.oauthbearer.clock.skew.seconds = 30
	sasl.oauthbearer.expected.audience = null
	sasl.oauthbearer.expected.issuer = null
	sasl.oauthbearer.header.urlencode = false
	sasl.oauthbearer.jwks.endpoint.refresh.ms = 3600000
	sasl.oauthbearer.jwks.endpoint.retry.backoff.max.ms = 10000
	sasl.oauthbearer.jwks.endpoint.retry.backoff.ms = 100
	sasl.oauthbearer.jwks.endpoint.url = null
	sasl.oauthbearer.scope.claim.name = scope
	sasl.oauthbearer.sub.claim.name = sub
	sasl.oauthbearer.token.endpoint.url = null
	security.protocol = PLAINTEXT
	security.providers = null
	send.buffer.bytes = 131072
	socket.connection.setup.timeout.max.ms = 30000
	socket.connection.setup.timeout.ms = 10000
	ssl.cipher.suites = null
	ssl.enabled.protocols = [TLSv1.2, TLSv1.3]
	ssl.endpoint.identification.algorithm = https
	ssl.engine.factory.class = null
	ssl.key.password = null
	ssl.keymanager.algorithm = SunX509
	ssl.keystore.certificate.chain = null
	ssl.keystore.key = null
	ssl.keystore.location = null
	ssl.keystore.password = null
	ssl.keystore.type = JKS
	ssl.protocol = TLSv1.3
	ssl.provider = null
	ssl.secure.random.implementation = null
	ssl.trustmanager.algorithm = PKIX
	ssl.truststore.certificates = null
	ssl.truststore.location = null
	ssl.truststore.password = null
	ssl.truststore.type = JKS
	transaction.timeout.ms = 60000
	transactional.id = null
	value.serializer = class io.apicurio.registry.serde.avro.AvroKafkaSerializer

2025-08-12 17:21:25,935 INFO  [org.apa.kaf.com.tel.int.KafkaMetricsCollector] (main) initializing Kafka metrics collector
2025-08-12 17:21:25,942 INFO  [org.apa.kaf.cli.pro.KafkaProducer] (main) [Producer clientId=Producer-topic-1ee489fe_841f_4ee9_926e_4e7535c5dcfd] Instantiated an idempotent producer.
2025-08-12 17:21:25,945 INFO  [org.apa.kaf.cli.pro.ProducerConfig] (main) These configurations '[apicurio.registry.url, apicurio.registry.artifact-resolver-strategy]' were supplied but are not used yet.
2025-08-12 17:21:25,945 INFO  [org.apa.kaf.com.uti.AppInfoParser] (main) Kafka version: 3.9.1
2025-08-12 17:21:25,945 INFO  [org.apa.kaf.com.uti.AppInfoParser] (main) Kafka commitId: f745dfdcee2b9851
2025-08-12 17:21:25,945 INFO  [org.apa.kaf.com.uti.AppInfoParser] (main) Kafka startTimeMs: 1755019285945
2025-08-12 17:21:25,947 INFO  [io.api.tes.ser.api.KafkaSerdesTester] (Thread-679) Sending message {"key11755019279487": "value-0"} to topic topic-1ee489fe_841f_4ee9_926e_4e7535c5dcfd
2025-08-12 17:21:25,953 INFO  [org.apa.kaf.cli.Metadata] (kafka-producer-network-thread | Producer-topic-1ee489fe_841f_4ee9_926e_4e7535c5dcfd) [Producer clientId=Producer-topic-1ee489fe_841f_4ee9_926e_4e7535c5dcfd] Cluster ID: Ursznb63T6OTazTEUvngGA
2025-08-12 17:21:25,953 INFO  [DefaultSchemaResolver] (Thread-679) Retrieving schema content using string: {"type":"record","name":"sef9d15eaxe79cx4cd0xb030x53589f0f144c","namespace":"ns_a3802f85_fb7e_42da_8ee9_8f80f1d806bd","fields":[{"name":"key11755019279487","type":"string"}]}
2025-08-12 17:21:25,953 INFO  [org.apa.kaf.cli.pro.int.TransactionManager] (kafka-producer-network-thread | Producer-topic-1ee489fe_841f_4ee9_926e_4e7535c5dcfd) [Producer clientId=Producer-topic-1ee489fe_841f_4ee9_926e_4e7535c5dcfd] ProducerId set to 14 with epoch 0
2025-08-12 17:21:26,096 INFO  [io.api.tes.ser.api.KafkaSerdesTester] (Thread-679) Sending message {"key11755019279487": "value-1"} to topic topic-1ee489fe_841f_4ee9_926e_4e7535c5dcfd
2025-08-12 17:21:26,098 INFO  [io.api.tes.ser.api.KafkaSerdesTester] (Thread-679) Sending message {"key11755019279487": "value-2"} to topic topic-1ee489fe_841f_4ee9_926e_4e7535c5dcfd
2025-08-12 17:21:26,099 INFO  [io.api.tes.ser.api.KafkaSerdesTester] (Thread-679) Sending message {"key11755019279487": "value-3"} to topic topic-1ee489fe_841f_4ee9_926e_4e7535c5dcfd
2025-08-12 17:21:26,100 INFO  [io.api.tes.ser.api.KafkaSerdesTester] (Thread-679) Sending message {"key11755019279487": "value-4"} to topic topic-1ee489fe_841f_4ee9_926e_4e7535c5dcfd
2025-08-12 17:21:26,101 INFO  [io.api.tes.ser.api.KafkaSerdesTester] (Thread-679) Sending message {"key11755019279487": "value-5"} to topic topic-1ee489fe_841f_4ee9_926e_4e7535c5dcfd
2025-08-12 17:21:26,102 INFO  [io.api.tes.ser.api.KafkaSerdesTester] (Thread-679) Sending message {"key11755019279487": "value-6"} to topic topic-1ee489fe_841f_4ee9_926e_4e7535c5dcfd
2025-08-12 17:21:26,103 INFO  [io.api.tes.ser.api.KafkaSerdesTester] (Thread-679) Sending message {"key11755019279487": "value-7"} to topic topic-1ee489fe_841f_4ee9_926e_4e7535c5dcfd
2025-08-12 17:21:26,104 INFO  [io.api.tes.ser.api.KafkaSerdesTester] (Thread-679) Sending message {"key11755019279487": "value-8"} to topic topic-1ee489fe_841f_4ee9_926e_4e7535c5dcfd
2025-08-12 17:21:26,105 INFO  [io.api.tes.ser.api.KafkaSerdesTester] (Thread-679) Sending message {"key11755019279487": "value-9"} to topic topic-1ee489fe_841f_4ee9_926e_4e7535c5dcfd
2025-08-12 17:21:26,107 INFO  [io.api.tes.ser.api.KafkaSerdesTester] (Thread-679) Produced 10 messages
2025-08-12 17:21:26,107 INFO  [org.apa.kaf.cli.pro.KafkaProducer] (Thread-679) [Producer clientId=Producer-topic-1ee489fe_841f_4ee9_926e_4e7535c5dcfd] Closing the Kafka producer with timeoutMillis = 9223372036854775807 ms.
2025-08-12 17:21:26,108 INFO  [org.apa.kaf.com.met.Metrics] (Thread-679) Metrics scheduler closed
2025-08-12 17:21:26,108 INFO  [org.apa.kaf.com.met.Metrics] (Thread-679) Closing reporter org.apache.kafka.common.metrics.JmxReporter
2025-08-12 17:21:26,108 INFO  [org.apa.kaf.com.met.Metrics] (Thread-679) Closing reporter org.apache.kafka.common.telemetry.internals.ClientTelemetryReporter
2025-08-12 17:21:26,108 INFO  [org.apa.kaf.com.met.Metrics] (Thread-679) Metrics reporters closed
2025-08-12 17:21:26,109 INFO  [org.apa.kaf.com.uti.AppInfoParser] (Thread-679) App info kafka.producer for Producer-topic-1ee489fe_841f_4ee9_926e_4e7535c5dcfd unregistered
**** Registry Base URL: http://registry-app-inmemory.apps.ci419.apicurio-testing.org:80
2025-08-12 17:21:26,109 INFO  [org.apa.kaf.cli.con.ConsumerConfig] (main) ConsumerConfig values: 
	allow.auto.create.topics = true
	auto.commit.interval.ms = 500
	auto.include.jmx.reporter = true
	auto.offset.reset = earliest
	bootstrap.servers = [PLAINTEXT://localhost:32769]
	check.crcs = true
	client.dns.lookup = use_all_dns_ips
	client.id = consumer-Consumer-topic-1ee489fe_841f_4ee9_926e_4e7535c5dcfd-11
	client.rack = 
	connections.max.idle.ms = 10000
	default.api.timeout.ms = 60000
	enable.auto.commit = true
	enable.metrics.push = true
	exclude.internal.topics = true
	fetch.max.bytes = 52428800
	fetch.max.wait.ms = 500
	fetch.min.bytes = 1
	group.id = Consumer-topic-1ee489fe_841f_4ee9_926e_4e7535c5dcfd
	group.instance.id = null
	group.protocol = classic
	group.remote.assignor = null
	heartbeat.interval.ms = 3000
	interceptor.classes = []
	internal.leave.group.on.close = true
	internal.throw.on.fetch.stable.offset.unsupported = false
	isolation.level = read_uncommitted
	key.deserializer = class org.apache.kafka.common.serialization.StringDeserializer
	max.partition.fetch.bytes = 1048576
	max.poll.interval.ms = 300000
	max.poll.records = 500
	metadata.max.age.ms = 300000
	metadata.recovery.strategy = none
	metric.reporters = []
	metrics.num.samples = 2
	metrics.recording.level = INFO
	metrics.sample.window.ms = 30000
	partition.assignment.strategy = [class org.apache.kafka.clients.consumer.RangeAssignor, class org.apache.kafka.clients.consumer.CooperativeStickyAssignor]
	receive.buffer.bytes = 65536
	reconnect.backoff.max.ms = 1000
	reconnect.backoff.ms = 50
	request.timeout.ms = 5000
	retry.backoff.max.ms = 1000
	retry.backoff.ms = 100
	sasl.client.callback.handler.class = null
	sasl.jaas.config = null
	sasl.kerberos.kinit.cmd = /usr/bin/kinit
	sasl.kerberos.min.time.before.relogin = 60000
	sasl.kerberos.service.name = null
	sasl.kerberos.ticket.renew.jitter = 0.05
	sasl.kerberos.ticket.renew.window.factor = 0.8
	sasl.login.callback.handler.class = null
	sasl.login.class = null
	sasl.login.connect.timeout.ms = null
	sasl.login.read.timeout.ms = null
	sasl.login.refresh.buffer.seconds = 300
	sasl.login.refresh.min.period.seconds = 60
	sasl.login.refresh.window.factor = 0.8
	sasl.login.refresh.window.jitter = 0.05
	sasl.login.retry.backoff.max.ms = 10000
	sasl.login.retry.backoff.ms = 100
	sasl.mechanism = GSSAPI
	sasl.oauthbearer.clock.skew.seconds = 30
	sasl.oauthbearer.expected.audience = null
	sasl.oauthbearer.expected.issuer = null
	sasl.oauthbearer.header.urlencode = false
	sasl.oauthbearer.jwks.endpoint.refresh.ms = 3600000
	sasl.oauthbearer.jwks.endpoint.retry.backoff.max.ms = 10000
	sasl.oauthbearer.jwks.endpoint.retry.backoff.ms = 100
	sasl.oauthbearer.jwks.endpoint.url = null
	sasl.oauthbearer.scope.claim.name = scope
	sasl.oauthbearer.sub.claim.name = sub
	sasl.oauthbearer.token.endpoint.url = null
	security.protocol = PLAINTEXT
	security.providers = null
	send.buffer.bytes = 131072
	session.timeout.ms = 45000
	socket.connection.setup.timeout.max.ms = 30000
	socket.connection.setup.timeout.ms = 10000
	ssl.cipher.suites = null
	ssl.enabled.protocols = [TLSv1.2, TLSv1.3]
	ssl.endpoint.identification.algorithm = https
	ssl.engine.factory.class = null
	ssl.key.password = null
	ssl.keymanager.algorithm = SunX509
	ssl.keystore.certificate.chain = null
	ssl.keystore.key = null
	ssl.keystore.location = null
	ssl.keystore.password = null
	ssl.keystore.type = JKS
	ssl.protocol = TLSv1.3
	ssl.provider = null
	ssl.secure.random.implementation = null
	ssl.trustmanager.algorithm = PKIX
	ssl.truststore.certificates = null
	ssl.truststore.location = null
	ssl.truststore.password = null
	ssl.truststore.type = JKS
	value.deserializer = class io.apicurio.registry.serde.avro.AvroKafkaDeserializer

2025-08-12 17:21:26,109 INFO  [org.apa.kaf.com.tel.int.KafkaMetricsCollector] (main) initializing Kafka metrics collector
2025-08-12 17:21:26,122 INFO  [org.apa.kaf.cli.con.ConsumerConfig] (main) These configurations '[apicurio.registry.url]' were supplied but are not used yet.
2025-08-12 17:21:26,122 INFO  [org.apa.kaf.com.uti.AppInfoParser] (main) Kafka version: 3.9.1
2025-08-12 17:21:26,122 INFO  [org.apa.kaf.com.uti.AppInfoParser] (main) Kafka commitId: f745dfdcee2b9851
2025-08-12 17:21:26,122 INFO  [org.apa.kaf.com.uti.AppInfoParser] (main) Kafka startTimeMs: 1755019286122
2025-08-12 17:21:26,122 INFO  [org.apa.kaf.cli.con.int.ClassicKafkaConsumer] (Thread-682) [Consumer clientId=consumer-Consumer-topic-1ee489fe_841f_4ee9_926e_4e7535c5dcfd-11, groupId=Consumer-topic-1ee489fe_841f_4ee9_926e_4e7535c5dcfd] Subscribed to topic(s): topic-1ee489fe_841f_4ee9_926e_4e7535c5dcfd
2025-08-12 17:21:26,129 INFO  [org.apa.kaf.cli.Metadata] (Thread-682) [Consumer clientId=consumer-Consumer-topic-1ee489fe_841f_4ee9_926e_4e7535c5dcfd-11, groupId=Consumer-topic-1ee489fe_841f_4ee9_926e_4e7535c5dcfd] Cluster ID: Ursznb63T6OTazTEUvngGA
2025-08-12 17:21:26,131 INFO  [org.apa.kaf.cli.con.int.ConsumerCoordinator] (Thread-682) [Consumer clientId=consumer-Consumer-topic-1ee489fe_841f_4ee9_926e_4e7535c5dcfd-11, groupId=Consumer-topic-1ee489fe_841f_4ee9_926e_4e7535c5dcfd] Discovered group coordinator localhost:32769 (id: 2147483647 rack: null)
2025-08-12 17:21:26,133 INFO  [org.apa.kaf.cli.con.int.ConsumerCoordinator] (Thread-682) [Consumer clientId=consumer-Consumer-topic-1ee489fe_841f_4ee9_926e_4e7535c5dcfd-11, groupId=Consumer-topic-1ee489fe_841f_4ee9_926e_4e7535c5dcfd] (Re-)joining group
2025-08-12 17:21:26,135 INFO  [org.apa.kaf.cli.con.int.ConsumerCoordinator] (Thread-682) [Consumer clientId=consumer-Consumer-topic-1ee489fe_841f_4ee9_926e_4e7535c5dcfd-11, groupId=Consumer-topic-1ee489fe_841f_4ee9_926e_4e7535c5dcfd] Request joining group due to: need to re-join with the given member-id: consumer-Consumer-topic-1ee489fe_841f_4ee9_926e_4e7535c5dcfd-11-312adb1e-0068-4d4e-8e6f-98bec0f69e44
2025-08-12 17:21:26,135 INFO  [org.apa.kaf.cli.con.int.ConsumerCoordinator] (Thread-682) [Consumer clientId=consumer-Consumer-topic-1ee489fe_841f_4ee9_926e_4e7535c5dcfd-11, groupId=Consumer-topic-1ee489fe_841f_4ee9_926e_4e7535c5dcfd] (Re-)joining group
2025-08-12 17:21:27,122 INFO  [io.api.tes.ser.api.KafkaSerdesTester] (Thread-682) None found
2025-08-12 17:21:28,122 INFO  [io.api.tes.ser.api.KafkaSerdesTester] (Thread-682) None found
2025-08-12 17:21:29,122 INFO  [io.api.tes.ser.api.KafkaSerdesTester] (Thread-682) None found
2025-08-12 17:21:29,138 INFO  [org.apa.kaf.cli.con.int.ConsumerCoordinator] (Thread-682) [Consumer clientId=consumer-Consumer-topic-1ee489fe_841f_4ee9_926e_4e7535c5dcfd-11, groupId=Consumer-topic-1ee489fe_841f_4ee9_926e_4e7535c5dcfd] Successfully joined group with generation Generation{generationId=3, memberId='consumer-Consumer-topic-1ee489fe_841f_4ee9_926e_4e7535c5dcfd-11-312adb1e-0068-4d4e-8e6f-98bec0f69e44', protocol='range'}
2025-08-12 17:21:29,138 INFO  [org.apa.kaf.cli.con.int.ConsumerCoordinator] (Thread-682) [Consumer clientId=consumer-Consumer-topic-1ee489fe_841f_4ee9_926e_4e7535c5dcfd-11, groupId=Consumer-topic-1ee489fe_841f_4ee9_926e_4e7535c5dcfd] Finished assignment for group at generation 3: {consumer-Consumer-topic-1ee489fe_841f_4ee9_926e_4e7535c5dcfd-11-312adb1e-0068-4d4e-8e6f-98bec0f69e44=Assignment(partitions=[topic-1ee489fe_841f_4ee9_926e_4e7535c5dcfd-0])}
2025-08-12 17:21:29,146 INFO  [org.apa.kaf.cli.con.int.ConsumerCoordinator] (Thread-682) [Consumer clientId=consumer-Consumer-topic-1ee489fe_841f_4ee9_926e_4e7535c5dcfd-11, groupId=Consumer-topic-1ee489fe_841f_4ee9_926e_4e7535c5dcfd] Successfully synced group in generation Generation{generationId=3, memberId='consumer-Consumer-topic-1ee489fe_841f_4ee9_926e_4e7535c5dcfd-11-312adb1e-0068-4d4e-8e6f-98bec0f69e44', protocol='range'}
2025-08-12 17:21:29,146 INFO  [org.apa.kaf.cli.con.int.ConsumerCoordinator] (Thread-682) [Consumer clientId=consumer-Consumer-topic-1ee489fe_841f_4ee9_926e_4e7535c5dcfd-11, groupId=Consumer-topic-1ee489fe_841f_4ee9_926e_4e7535c5dcfd] Notifying assignor about the new Assignment(partitions=[topic-1ee489fe_841f_4ee9_926e_4e7535c5dcfd-0])
2025-08-12 17:21:29,146 INFO  [org.apa.kaf.cli.con.int.ConsumerRebalanceListenerInvoker] (Thread-682) [Consumer clientId=consumer-Consumer-topic-1ee489fe_841f_4ee9_926e_4e7535c5dcfd-11, groupId=Consumer-topic-1ee489fe_841f_4ee9_926e_4e7535c5dcfd] Adding newly assigned partitions: topic-1ee489fe_841f_4ee9_926e_4e7535c5dcfd-0
2025-08-12 17:21:29,147 INFO  [org.apa.kaf.cli.con.int.ConsumerUtils] (Thread-682) Setting offset for partition topic-1ee489fe_841f_4ee9_926e_4e7535c5dcfd-0 to the committed offset FetchPosition{offset=10, offsetEpoch=Optional[0], currentLeader=LeaderAndEpoch{leader=Optional[localhost:32769 (id: 0 rack: null)], epoch=0}}
2025-08-12 17:21:29,502 INFO  [io.api.tes.ser.api.KafkaSerdesTester] (Thread-682) topic-1ee489fe_841f_4ee9_926e_4e7535c5dcfd 0 10 {"key11755019279487": "value-0", "key21755019284590": "value-0"}
2025-08-12 17:21:29,503 INFO  [io.api.tes.ser.api.KafkaSerdesTester] (Thread-682) topic-1ee489fe_841f_4ee9_926e_4e7535c5dcfd 0 11 {"key11755019279487": "value-1", "key21755019284590": "value-1"}
2025-08-12 17:21:29,503 INFO  [io.api.tes.ser.api.KafkaSerdesTester] (Thread-682) topic-1ee489fe_841f_4ee9_926e_4e7535c5dcfd 0 12 {"key11755019279487": "value-2", "key21755019284590": "value-2"}
2025-08-12 17:21:29,503 INFO  [io.api.tes.ser.api.KafkaSerdesTester] (Thread-682) topic-1ee489fe_841f_4ee9_926e_4e7535c5dcfd 0 13 {"key11755019279487": "value-3", "key21755019284590": "value-3"}
2025-08-12 17:21:29,503 INFO  [io.api.tes.ser.api.KafkaSerdesTester] (Thread-682) topic-1ee489fe_841f_4ee9_926e_4e7535c5dcfd 0 14 {"key11755019279487": "value-4", "key21755019284590": "value-4"}
2025-08-12 17:21:29,503 INFO  [io.api.tes.ser.api.KafkaSerdesTester] (Thread-682) topic-1ee489fe_841f_4ee9_926e_4e7535c5dcfd 0 15 {"key11755019279487": "value-5", "key21755019284590": "value-5"}
2025-08-12 17:21:29,503 INFO  [io.api.tes.ser.api.KafkaSerdesTester] (Thread-682) topic-1ee489fe_841f_4ee9_926e_4e7535c5dcfd 0 16 {"key11755019279487": "value-6", "key21755019284590": "value-6"}
2025-08-12 17:21:29,503 INFO  [io.api.tes.ser.api.KafkaSerdesTester] (Thread-682) topic-1ee489fe_841f_4ee9_926e_4e7535c5dcfd 0 17 {"key11755019279487": "value-7", "key21755019284590": "value-7"}
2025-08-12 17:21:29,503 INFO  [io.api.tes.ser.api.KafkaSerdesTester] (Thread-682) topic-1ee489fe_841f_4ee9_926e_4e7535c5dcfd 0 18 {"key11755019279487": "value-8", "key21755019284590": "value-8"}
2025-08-12 17:21:29,503 INFO  [io.api.tes.ser.api.KafkaSerdesTester] (Thread-682) topic-1ee489fe_841f_4ee9_926e_4e7535c5dcfd 0 19 {"key11755019279487": "value-9", "key21755019284590": "value-9"}
2025-08-12 17:21:29,503 INFO  [io.api.tes.ser.api.KafkaSerdesTester] (Thread-682) topic-1ee489fe_841f_4ee9_926e_4e7535c5dcfd 0 20 {"key11755019279487": "value-0"}
2025-08-12 17:21:29,503 INFO  [io.api.tes.ser.api.KafkaSerdesTester] (Thread-682) topic-1ee489fe_841f_4ee9_926e_4e7535c5dcfd 0 21 {"key11755019279487": "value-1"}
2025-08-12 17:21:29,503 INFO  [io.api.tes.ser.api.KafkaSerdesTester] (Thread-682) topic-1ee489fe_841f_4ee9_926e_4e7535c5dcfd 0 22 {"key11755019279487": "value-2"}
2025-08-12 17:21:29,503 INFO  [io.api.tes.ser.api.KafkaSerdesTester] (Thread-682) topic-1ee489fe_841f_4ee9_926e_4e7535c5dcfd 0 23 {"key11755019279487": "value-3"}
2025-08-12 17:21:29,503 INFO  [io.api.tes.ser.api.KafkaSerdesTester] (Thread-682) topic-1ee489fe_841f_4ee9_926e_4e7535c5dcfd 0 24 {"key11755019279487": "value-4"}
2025-08-12 17:21:29,503 INFO  [io.api.tes.ser.api.KafkaSerdesTester] (Thread-682) topic-1ee489fe_841f_4ee9_926e_4e7535c5dcfd 0 25 {"key11755019279487": "value-5"}
2025-08-12 17:21:29,503 INFO  [io.api.tes.ser.api.KafkaSerdesTester] (Thread-682) topic-1ee489fe_841f_4ee9_926e_4e7535c5dcfd 0 26 {"key11755019279487": "value-6"}
2025-08-12 17:21:29,503 INFO  [io.api.tes.ser.api.KafkaSerdesTester] (Thread-682) topic-1ee489fe_841f_4ee9_926e_4e7535c5dcfd 0 27 {"key11755019279487": "value-7"}
2025-08-12 17:21:29,503 INFO  [io.api.tes.ser.api.KafkaSerdesTester] (Thread-682) topic-1ee489fe_841f_4ee9_926e_4e7535c5dcfd 0 28 {"key11755019279487": "value-8"}
2025-08-12 17:21:29,503 INFO  [io.api.tes.ser.api.KafkaSerdesTester] (Thread-682) topic-1ee489fe_841f_4ee9_926e_4e7535c5dcfd 0 29 {"key11755019279487": "value-9"}
2025-08-12 17:21:29,503 INFO  [io.api.tes.ser.api.KafkaSerdesTester] (Thread-682) Consumed 20 messages
2025-08-12 17:21:29,511 INFO  [org.apa.kaf.cli.con.int.ConsumerRebalanceListenerInvoker] (Thread-682) [Consumer clientId=consumer-Consumer-topic-1ee489fe_841f_4ee9_926e_4e7535c5dcfd-11, groupId=Consumer-topic-1ee489fe_841f_4ee9_926e_4e7535c5dcfd] Revoke previously assigned partitions topic-1ee489fe_841f_4ee9_926e_4e7535c5dcfd-0
2025-08-12 17:21:29,511 INFO  [org.apa.kaf.cli.con.int.ConsumerCoordinator] (Thread-682) [Consumer clientId=consumer-Consumer-topic-1ee489fe_841f_4ee9_926e_4e7535c5dcfd-11, groupId=Consumer-topic-1ee489fe_841f_4ee9_926e_4e7535c5dcfd] Member consumer-Consumer-topic-1ee489fe_841f_4ee9_926e_4e7535c5dcfd-11-312adb1e-0068-4d4e-8e6f-98bec0f69e44 sending LeaveGroup request to coordinator localhost:32769 (id: 2147483647 rack: null) due to the consumer is being closed
2025-08-12 17:21:29,511 INFO  [org.apa.kaf.cli.con.int.ConsumerCoordinator] (Thread-682) [Consumer clientId=consumer-Consumer-topic-1ee489fe_841f_4ee9_926e_4e7535c5dcfd-11, groupId=Consumer-topic-1ee489fe_841f_4ee9_926e_4e7535c5dcfd] Resetting generation and member id due to: consumer pro-actively leaving the group
2025-08-12 17:21:29,511 INFO  [org.apa.kaf.cli.con.int.ConsumerCoordinator] (Thread-682) [Consumer clientId=consumer-Consumer-topic-1ee489fe_841f_4ee9_926e_4e7535c5dcfd-11, groupId=Consumer-topic-1ee489fe_841f_4ee9_926e_4e7535c5dcfd] Request joining group due to: consumer pro-actively leaving the group
2025-08-12 17:21:30,006 INFO  [org.apa.kaf.com.met.Metrics] (Thread-682) Metrics scheduler closed
2025-08-12 17:21:30,006 INFO  [org.apa.kaf.com.met.Metrics] (Thread-682) Closing reporter org.apache.kafka.common.metrics.JmxReporter
2025-08-12 17:21:30,006 INFO  [org.apa.kaf.com.met.Metrics] (Thread-682) Closing reporter org.apache.kafka.common.telemetry.internals.ClientTelemetryReporter
2025-08-12 17:21:30,006 INFO  [org.apa.kaf.com.met.Metrics] (Thread-682) Metrics reporters closed
2025-08-12 17:21:30,008 INFO  [org.apa.kaf.com.uti.AppInfoParser] (Thread-682) App info kafka.consumer for consumer-Consumer-topic-1ee489fe_841f_4ee9_926e_4e7535c5dcfd-11 unregistered
2025-08-12 17:21:30,009 INFO  [io.api.tes.ser.api.AvroSerdeIT] (main) Registering Avro Schema 3: {"type":"record","name":"sef9d15eaxe79cx4cd0xb030x53589f0f144c","namespace":"ns_a3802f85_fb7e_42da_8ee9_8f80f1d806bd","fields":[{"name":"key11755019279487","type":"string"},{"name":"key21755019284590","type":"string"},{"name":"key31755019290009","type":"string"}]}
**** Registry Base URL: http://registry-app-inmemory.apps.ci419.apicurio-testing.org:80
2025-08-12 17:21:31,164 INFO  [org.apa.kaf.cli.pro.ProducerConfig] (main) ProducerConfig values: 
	acks = -1
	auto.include.jmx.reporter = true
	batch.size = 16384
	bootstrap.servers = [PLAINTEXT://localhost:32769]
	buffer.memory = 33554432
	client.dns.lookup = use_all_dns_ips
	client.id = Producer-topic-1ee489fe_841f_4ee9_926e_4e7535c5dcfd
	compression.gzip.level = -1
	compression.lz4.level = 9
	compression.type = none
	compression.zstd.level = 3
	connections.max.idle.ms = 10000
	delivery.timeout.ms = 120000
	enable.idempotence = true
	enable.metrics.push = true
	interceptor.classes = []
	key.serializer = class org.apache.kafka.common.serialization.StringSerializer
	linger.ms = 0
	max.block.ms = 60000
	max.in.flight.requests.per.connection = 5
	max.request.size = 1048576
	metadata.max.age.ms = 300000
	metadata.max.idle.ms = 300000
	metadata.recovery.strategy = none
	metric.reporters = []
	metrics.num.samples = 2
	metrics.recording.level = INFO
	metrics.sample.window.ms = 30000
	partitioner.adaptive.partitioning.enable = true
	partitioner.availability.timeout.ms = 0
	partitioner.class = null
	partitioner.ignore.keys = false
	receive.buffer.bytes = 32768
	reconnect.backoff.max.ms = 1000
	reconnect.backoff.ms = 50
	request.timeout.ms = 5000
	retries = 2147483647
	retry.backoff.max.ms = 1000
	retry.backoff.ms = 100
	sasl.client.callback.handler.class = null
	sasl.jaas.config = null
	sasl.kerberos.kinit.cmd = /usr/bin/kinit
	sasl.kerberos.min.time.before.relogin = 60000
	sasl.kerberos.service.name = null
	sasl.kerberos.ticket.renew.jitter = 0.05
	sasl.kerberos.ticket.renew.window.factor = 0.8
	sasl.login.callback.handler.class = null
	sasl.login.class = null
	sasl.login.connect.timeout.ms = null
	sasl.login.read.timeout.ms = null
	sasl.login.refresh.buffer.seconds = 300
	sasl.login.refresh.min.period.seconds = 60
	sasl.login.refresh.window.factor = 0.8
	sasl.login.refresh.window.jitter = 0.05
	sasl.login.retry.backoff.max.ms = 10000
	sasl.login.retry.backoff.ms = 100
	sasl.mechanism = GSSAPI
	sasl.oauthbearer.clock.skew.seconds = 30
	sasl.oauthbearer.expected.audience = null
	sasl.oauthbearer.expected.issuer = null
	sasl.oauthbearer.header.urlencode = false
	sasl.oauthbearer.jwks.endpoint.refresh.ms = 3600000
	sasl.oauthbearer.jwks.endpoint.retry.backoff.max.ms = 10000
	sasl.oauthbearer.jwks.endpoint.retry.backoff.ms = 100
	sasl.oauthbearer.jwks.endpoint.url = null
	sasl.oauthbearer.scope.claim.name = scope
	sasl.oauthbearer.sub.claim.name = sub
	sasl.oauthbearer.token.endpoint.url = null
	security.protocol = PLAINTEXT
	security.providers = null
	send.buffer.bytes = 131072
	socket.connection.setup.timeout.max.ms = 30000
	socket.connection.setup.timeout.ms = 10000
	ssl.cipher.suites = null
	ssl.enabled.protocols = [TLSv1.2, TLSv1.3]
	ssl.endpoint.identification.algorithm = https
	ssl.engine.factory.class = null
	ssl.key.password = null
	ssl.keymanager.algorithm = SunX509
	ssl.keystore.certificate.chain = null
	ssl.keystore.key = null
	ssl.keystore.location = null
	ssl.keystore.password = null
	ssl.keystore.type = JKS
	ssl.protocol = TLSv1.3
	ssl.provider = null
	ssl.secure.random.implementation = null
	ssl.trustmanager.algorithm = PKIX
	ssl.truststore.certificates = null
	ssl.truststore.location = null
	ssl.truststore.password = null
	ssl.truststore.type = JKS
	transaction.timeout.ms = 60000
	transactional.id = null
	value.serializer = class io.apicurio.registry.serde.avro.AvroKafkaSerializer

2025-08-12 17:21:31,164 INFO  [org.apa.kaf.com.tel.int.KafkaMetricsCollector] (main) initializing Kafka metrics collector
2025-08-12 17:21:31,168 INFO  [org.apa.kaf.cli.pro.KafkaProducer] (main) [Producer clientId=Producer-topic-1ee489fe_841f_4ee9_926e_4e7535c5dcfd] Instantiated an idempotent producer.
2025-08-12 17:21:31,170 INFO  [org.apa.kaf.cli.pro.ProducerConfig] (main) These configurations '[apicurio.registry.url, apicurio.registry.artifact-resolver-strategy]' were supplied but are not used yet.
2025-08-12 17:21:31,170 INFO  [org.apa.kaf.com.uti.AppInfoParser] (main) Kafka version: 3.9.1
2025-08-12 17:21:31,170 INFO  [org.apa.kaf.com.uti.AppInfoParser] (main) Kafka commitId: f745dfdcee2b9851
2025-08-12 17:21:31,170 INFO  [org.apa.kaf.com.uti.AppInfoParser] (main) Kafka startTimeMs: 1755019291170
2025-08-12 17:21:31,172 INFO  [io.api.tes.ser.api.KafkaSerdesTester] (Thread-685) Sending message {"key11755019279487": "value-0", "key21755019284590": "value-0", "key31755019290009": "value-0"} to topic topic-1ee489fe_841f_4ee9_926e_4e7535c5dcfd
2025-08-12 17:21:31,175 INFO  [org.apa.kaf.cli.Metadata] (kafka-producer-network-thread | Producer-topic-1ee489fe_841f_4ee9_926e_4e7535c5dcfd) [Producer clientId=Producer-topic-1ee489fe_841f_4ee9_926e_4e7535c5dcfd] Cluster ID: Ursznb63T6OTazTEUvngGA
2025-08-12 17:21:31,175 INFO  [DefaultSchemaResolver] (Thread-685) Retrieving schema content using string: {"type":"record","name":"sef9d15eaxe79cx4cd0xb030x53589f0f144c","namespace":"ns_a3802f85_fb7e_42da_8ee9_8f80f1d806bd","fields":[{"name":"key11755019279487","type":"string"},{"name":"key21755019284590","type":"string"},{"name":"key31755019290009","type":"string"}]}
2025-08-12 17:21:31,176 INFO  [org.apa.kaf.cli.pro.int.TransactionManager] (kafka-producer-network-thread | Producer-topic-1ee489fe_841f_4ee9_926e_4e7535c5dcfd) [Producer clientId=Producer-topic-1ee489fe_841f_4ee9_926e_4e7535c5dcfd] ProducerId set to 15 with epoch 0
2025-08-12 17:21:31,325 INFO  [io.api.tes.ser.api.KafkaSerdesTester] (Thread-685) Sending message {"key11755019279487": "value-1", "key21755019284590": "value-1", "key31755019290009": "value-1"} to topic topic-1ee489fe_841f_4ee9_926e_4e7535c5dcfd
2025-08-12 17:21:31,327 INFO  [io.api.tes.ser.api.KafkaSerdesTester] (Thread-685) Sending message {"key11755019279487": "value-2", "key21755019284590": "value-2", "key31755019290009": "value-2"} to topic topic-1ee489fe_841f_4ee9_926e_4e7535c5dcfd
2025-08-12 17:21:31,329 INFO  [io.api.tes.ser.api.KafkaSerdesTester] (Thread-685) Sending message {"key11755019279487": "value-3", "key21755019284590": "value-3", "key31755019290009": "value-3"} to topic topic-1ee489fe_841f_4ee9_926e_4e7535c5dcfd
2025-08-12 17:21:31,331 INFO  [io.api.tes.ser.api.KafkaSerdesTester] (Thread-685) Sending message {"key11755019279487": "value-4", "key21755019284590": "value-4", "key31755019290009": "value-4"} to topic topic-1ee489fe_841f_4ee9_926e_4e7535c5dcfd
2025-08-12 17:21:31,332 INFO  [io.api.tes.ser.api.KafkaSerdesTester] (Thread-685) Sending message {"key11755019279487": "value-5", "key21755019284590": "value-5", "key31755019290009": "value-5"} to topic topic-1ee489fe_841f_4ee9_926e_4e7535c5dcfd
2025-08-12 17:21:31,335 INFO  [io.api.tes.ser.api.KafkaSerdesTester] (Thread-685) Sending message {"key11755019279487": "value-6", "key21755019284590": "value-6", "key31755019290009": "value-6"} to topic topic-1ee489fe_841f_4ee9_926e_4e7535c5dcfd
2025-08-12 17:21:31,337 INFO  [io.api.tes.ser.api.KafkaSerdesTester] (Thread-685) Sending message {"key11755019279487": "value-7", "key21755019284590": "value-7", "key31755019290009": "value-7"} to topic topic-1ee489fe_841f_4ee9_926e_4e7535c5dcfd
2025-08-12 17:21:31,339 INFO  [io.api.tes.ser.api.KafkaSerdesTester] (Thread-685) Sending message {"key11755019279487": "value-8", "key21755019284590": "value-8", "key31755019290009": "value-8"} to topic topic-1ee489fe_841f_4ee9_926e_4e7535c5dcfd
2025-08-12 17:21:31,341 INFO  [io.api.tes.ser.api.KafkaSerdesTester] (Thread-685) Sending message {"key11755019279487": "value-9", "key21755019284590": "value-9", "key31755019290009": "value-9"} to topic topic-1ee489fe_841f_4ee9_926e_4e7535c5dcfd
2025-08-12 17:21:31,342 INFO  [io.api.tes.ser.api.KafkaSerdesTester] (Thread-685) Produced 10 messages
2025-08-12 17:21:31,342 INFO  [org.apa.kaf.cli.pro.KafkaProducer] (Thread-685) [Producer clientId=Producer-topic-1ee489fe_841f_4ee9_926e_4e7535c5dcfd] Closing the Kafka producer with timeoutMillis = 9223372036854775807 ms.
2025-08-12 17:21:31,345 INFO  [org.apa.kaf.com.met.Metrics] (Thread-685) Metrics scheduler closed
2025-08-12 17:21:31,345 INFO  [org.apa.kaf.com.met.Metrics] (Thread-685) Closing reporter org.apache.kafka.common.metrics.JmxReporter
2025-08-12 17:21:31,345 INFO  [org.apa.kaf.com.met.Metrics] (Thread-685) Closing reporter org.apache.kafka.common.telemetry.internals.ClientTelemetryReporter
2025-08-12 17:21:31,345 INFO  [org.apa.kaf.com.met.Metrics] (Thread-685) Metrics reporters closed
2025-08-12 17:21:31,346 INFO  [org.apa.kaf.com.uti.AppInfoParser] (Thread-685) App info kafka.producer for Producer-topic-1ee489fe_841f_4ee9_926e_4e7535c5dcfd unregistered
**** Registry Base URL: http://registry-app-inmemory.apps.ci419.apicurio-testing.org:80
2025-08-12 17:21:31,347 INFO  [org.apa.kaf.cli.pro.ProducerConfig] (main) ProducerConfig values: 
	acks = -1
	auto.include.jmx.reporter = true
	batch.size = 16384
	bootstrap.servers = [PLAINTEXT://localhost:32769]
	buffer.memory = 33554432
	client.dns.lookup = use_all_dns_ips
	client.id = Producer-topic-1ee489fe_841f_4ee9_926e_4e7535c5dcfd
	compression.gzip.level = -1
	compression.lz4.level = 9
	compression.type = none
	compression.zstd.level = 3
	connections.max.idle.ms = 10000
	delivery.timeout.ms = 120000
	enable.idempotence = true
	enable.metrics.push = true
	interceptor.classes = []
	key.serializer = class org.apache.kafka.common.serialization.StringSerializer
	linger.ms = 0
	max.block.ms = 60000
	max.in.flight.requests.per.connection = 5
	max.request.size = 1048576
	metadata.max.age.ms = 300000
	metadata.max.idle.ms = 300000
	metadata.recovery.strategy = none
	metric.reporters = []
	metrics.num.samples = 2
	metrics.recording.level = INFO
	metrics.sample.window.ms = 30000
	partitioner.adaptive.partitioning.enable = true
	partitioner.availability.timeout.ms = 0
	partitioner.class = null
	partitioner.ignore.keys = false
	receive.buffer.bytes = 32768
	reconnect.backoff.max.ms = 1000
	reconnect.backoff.ms = 50
	request.timeout.ms = 5000
	retries = 2147483647
	retry.backoff.max.ms = 1000
	retry.backoff.ms = 100
	sasl.client.callback.handler.class = null
	sasl.jaas.config = null
	sasl.kerberos.kinit.cmd = /usr/bin/kinit
	sasl.kerberos.min.time.before.relogin = 60000
	sasl.kerberos.service.name = null
	sasl.kerberos.ticket.renew.jitter = 0.05
	sasl.kerberos.ticket.renew.window.factor = 0.8
	sasl.login.callback.handler.class = null
	sasl.login.class = null
	sasl.login.connect.timeout.ms = null
	sasl.login.read.timeout.ms = null
	sasl.login.refresh.buffer.seconds = 300
	sasl.login.refresh.min.period.seconds = 60
	sasl.login.refresh.window.factor = 0.8
	sasl.login.refresh.window.jitter = 0.05
	sasl.login.retry.backoff.max.ms = 10000
	sasl.login.retry.backoff.ms = 100
	sasl.mechanism = GSSAPI
	sasl.oauthbearer.clock.skew.seconds = 30
	sasl.oauthbearer.expected.audience = null
	sasl.oauthbearer.expected.issuer = null
	sasl.oauthbearer.header.urlencode = false
	sasl.oauthbearer.jwks.endpoint.refresh.ms = 3600000
	sasl.oauthbearer.jwks.endpoint.retry.backoff.max.ms = 10000
	sasl.oauthbearer.jwks.endpoint.retry.backoff.ms = 100
	sasl.oauthbearer.jwks.endpoint.url = null
	sasl.oauthbearer.scope.claim.name = scope
	sasl.oauthbearer.sub.claim.name = sub
	sasl.oauthbearer.token.endpoint.url = null
	security.protocol = PLAINTEXT
	security.providers = null
	send.buffer.bytes = 131072
	socket.connection.setup.timeout.max.ms = 30000
	socket.connection.setup.timeout.ms = 10000
	ssl.cipher.suites = null
	ssl.enabled.protocols = [TLSv1.2, TLSv1.3]
	ssl.endpoint.identification.algorithm = https
	ssl.engine.factory.class = null
	ssl.key.password = null
	ssl.keymanager.algorithm = SunX509
	ssl.keystore.certificate.chain = null
	ssl.keystore.key = null
	ssl.keystore.location = null
	ssl.keystore.password = null
	ssl.keystore.type = JKS
	ssl.protocol = TLSv1.3
	ssl.provider = null
	ssl.secure.random.implementation = null
	ssl.trustmanager.algorithm = PKIX
	ssl.truststore.certificates = null
	ssl.truststore.location = null
	ssl.truststore.password = null
	ssl.truststore.type = JKS
	transaction.timeout.ms = 60000
	transactional.id = null
	value.serializer = class io.apicurio.registry.serde.avro.AvroKafkaSerializer

2025-08-12 17:21:31,348 INFO  [org.apa.kaf.com.tel.int.KafkaMetricsCollector] (main) initializing Kafka metrics collector
2025-08-12 17:21:31,356 INFO  [org.apa.kaf.cli.pro.KafkaProducer] (main) [Producer clientId=Producer-topic-1ee489fe_841f_4ee9_926e_4e7535c5dcfd] Instantiated an idempotent producer.
2025-08-12 17:21:31,365 INFO  [org.apa.kaf.cli.pro.ProducerConfig] (main) These configurations '[apicurio.registry.url, apicurio.registry.artifact-resolver-strategy]' were supplied but are not used yet.
2025-08-12 17:21:31,365 INFO  [org.apa.kaf.com.uti.AppInfoParser] (main) Kafka version: 3.9.1
2025-08-12 17:21:31,365 INFO  [org.apa.kaf.com.uti.AppInfoParser] (main) Kafka commitId: f745dfdcee2b9851
2025-08-12 17:21:31,365 INFO  [org.apa.kaf.com.uti.AppInfoParser] (main) Kafka startTimeMs: 1755019291365
2025-08-12 17:21:31,367 INFO  [io.api.tes.ser.api.KafkaSerdesTester] (Thread-688) Sending message {"key11755019279487": "value-0", "key21755019284590": "value-0"} to topic topic-1ee489fe_841f_4ee9_926e_4e7535c5dcfd
2025-08-12 17:21:31,382 INFO  [org.apa.kaf.cli.Metadata] (kafka-producer-network-thread | Producer-topic-1ee489fe_841f_4ee9_926e_4e7535c5dcfd) [Producer clientId=Producer-topic-1ee489fe_841f_4ee9_926e_4e7535c5dcfd] Cluster ID: Ursznb63T6OTazTEUvngGA
2025-08-12 17:21:31,382 INFO  [org.apa.kaf.cli.pro.int.TransactionManager] (kafka-producer-network-thread | Producer-topic-1ee489fe_841f_4ee9_926e_4e7535c5dcfd) [Producer clientId=Producer-topic-1ee489fe_841f_4ee9_926e_4e7535c5dcfd] ProducerId set to 16 with epoch 0
2025-08-12 17:21:31,390 INFO  [DefaultSchemaResolver] (Thread-688) Retrieving schema content using string: {"type":"record","name":"sef9d15eaxe79cx4cd0xb030x53589f0f144c","namespace":"ns_a3802f85_fb7e_42da_8ee9_8f80f1d806bd","fields":[{"name":"key11755019279487","type":"string"},{"name":"key21755019284590","type":"string"}]}
2025-08-12 17:21:31,548 INFO  [io.api.tes.ser.api.KafkaSerdesTester] (Thread-688) Sending message {"key11755019279487": "value-1", "key21755019284590": "value-1"} to topic topic-1ee489fe_841f_4ee9_926e_4e7535c5dcfd
2025-08-12 17:21:31,550 INFO  [io.api.tes.ser.api.KafkaSerdesTester] (Thread-688) Sending message {"key11755019279487": "value-2", "key21755019284590": "value-2"} to topic topic-1ee489fe_841f_4ee9_926e_4e7535c5dcfd
2025-08-12 17:21:31,552 INFO  [io.api.tes.ser.api.KafkaSerdesTester] (Thread-688) Sending message {"key11755019279487": "value-3", "key21755019284590": "value-3"} to topic topic-1ee489fe_841f_4ee9_926e_4e7535c5dcfd
2025-08-12 17:21:31,554 INFO  [io.api.tes.ser.api.KafkaSerdesTester] (Thread-688) Sending message {"key11755019279487": "value-4", "key21755019284590": "value-4"} to topic topic-1ee489fe_841f_4ee9_926e_4e7535c5dcfd
2025-08-12 17:21:31,555 INFO  [io.api.tes.ser.api.KafkaSerdesTester] (Thread-688) Sending message {"key11755019279487": "value-5", "key21755019284590": "value-5"} to topic topic-1ee489fe_841f_4ee9_926e_4e7535c5dcfd
2025-08-12 17:21:31,556 INFO  [io.api.tes.ser.api.KafkaSerdesTester] (Thread-688) Sending message {"key11755019279487": "value-6", "key21755019284590": "value-6"} to topic topic-1ee489fe_841f_4ee9_926e_4e7535c5dcfd
2025-08-12 17:21:31,559 INFO  [io.api.tes.ser.api.KafkaSerdesTester] (Thread-688) Sending message {"key11755019279487": "value-7", "key21755019284590": "value-7"} to topic topic-1ee489fe_841f_4ee9_926e_4e7535c5dcfd
2025-08-12 17:21:31,561 INFO  [io.api.tes.ser.api.KafkaSerdesTester] (Thread-688) Sending message {"key11755019279487": "value-8", "key21755019284590": "value-8"} to topic topic-1ee489fe_841f_4ee9_926e_4e7535c5dcfd
2025-08-12 17:21:31,564 INFO  [io.api.tes.ser.api.KafkaSerdesTester] (Thread-688) Sending message {"key11755019279487": "value-9", "key21755019284590": "value-9"} to topic topic-1ee489fe_841f_4ee9_926e_4e7535c5dcfd
2025-08-12 17:21:31,568 INFO  [io.api.tes.ser.api.KafkaSerdesTester] (Thread-688) Produced 10 messages
2025-08-12 17:21:31,568 INFO  [org.apa.kaf.cli.pro.KafkaProducer] (Thread-688) [Producer clientId=Producer-topic-1ee489fe_841f_4ee9_926e_4e7535c5dcfd] Closing the Kafka producer with timeoutMillis = 9223372036854775807 ms.
2025-08-12 17:21:31,572 INFO  [org.apa.kaf.com.met.Metrics] (Thread-688) Metrics scheduler closed
2025-08-12 17:21:31,572 INFO  [org.apa.kaf.com.met.Metrics] (Thread-688) Closing reporter org.apache.kafka.common.metrics.JmxReporter
2025-08-12 17:21:31,572 INFO  [org.apa.kaf.com.met.Metrics] (Thread-688) Closing reporter org.apache.kafka.common.telemetry.internals.ClientTelemetryReporter
2025-08-12 17:21:31,572 INFO  [org.apa.kaf.com.met.Metrics] (Thread-688) Metrics reporters closed
2025-08-12 17:21:31,573 INFO  [org.apa.kaf.com.uti.AppInfoParser] (Thread-688) App info kafka.producer for Producer-topic-1ee489fe_841f_4ee9_926e_4e7535c5dcfd unregistered
**** Registry Base URL: http://registry-app-inmemory.apps.ci419.apicurio-testing.org:80
2025-08-12 17:21:31,574 INFO  [org.apa.kaf.cli.pro.ProducerConfig] (main) ProducerConfig values: 
	acks = -1
	auto.include.jmx.reporter = true
	batch.size = 16384
	bootstrap.servers = [PLAINTEXT://localhost:32769]
	buffer.memory = 33554432
	client.dns.lookup = use_all_dns_ips
	client.id = Producer-topic-1ee489fe_841f_4ee9_926e_4e7535c5dcfd
	compression.gzip.level = -1
	compression.lz4.level = 9
	compression.type = none
	compression.zstd.level = 3
	connections.max.idle.ms = 10000
	delivery.timeout.ms = 120000
	enable.idempotence = true
	enable.metrics.push = true
	interceptor.classes = []
	key.serializer = class org.apache.kafka.common.serialization.StringSerializer
	linger.ms = 0
	max.block.ms = 60000
	max.in.flight.requests.per.connection = 5
	max.request.size = 1048576
	metadata.max.age.ms = 300000
	metadata.max.idle.ms = 300000
	metadata.recovery.strategy = none
	metric.reporters = []
	metrics.num.samples = 2
	metrics.recording.level = INFO
	metrics.sample.window.ms = 30000
	partitioner.adaptive.partitioning.enable = true
	partitioner.availability.timeout.ms = 0
	partitioner.class = null
	partitioner.ignore.keys = false
	receive.buffer.bytes = 32768
	reconnect.backoff.max.ms = 1000
	reconnect.backoff.ms = 50
	request.timeout.ms = 5000
	retries = 2147483647
	retry.backoff.max.ms = 1000
	retry.backoff.ms = 100
	sasl.client.callback.handler.class = null
	sasl.jaas.config = null
	sasl.kerberos.kinit.cmd = /usr/bin/kinit
	sasl.kerberos.min.time.before.relogin = 60000
	sasl.kerberos.service.name = null
	sasl.kerberos.ticket.renew.jitter = 0.05
	sasl.kerberos.ticket.renew.window.factor = 0.8
	sasl.login.callback.handler.class = null
	sasl.login.class = null
	sasl.login.connect.timeout.ms = null
	sasl.login.read.timeout.ms = null
	sasl.login.refresh.buffer.seconds = 300
	sasl.login.refresh.min.period.seconds = 60
	sasl.login.refresh.window.factor = 0.8
	sasl.login.refresh.window.jitter = 0.05
	sasl.login.retry.backoff.max.ms = 10000
	sasl.login.retry.backoff.ms = 100
	sasl.mechanism = GSSAPI
	sasl.oauthbearer.clock.skew.seconds = 30
	sasl.oauthbearer.expected.audience = null
	sasl.oauthbearer.expected.issuer = null
	sasl.oauthbearer.header.urlencode = false
	sasl.oauthbearer.jwks.endpoint.refresh.ms = 3600000
	sasl.oauthbearer.jwks.endpoint.retry.backoff.max.ms = 10000
	sasl.oauthbearer.jwks.endpoint.retry.backoff.ms = 100
	sasl.oauthbearer.jwks.endpoint.url = null
	sasl.oauthbearer.scope.claim.name = scope
	sasl.oauthbearer.sub.claim.name = sub
	sasl.oauthbearer.token.endpoint.url = null
	security.protocol = PLAINTEXT
	security.providers = null
	send.buffer.bytes = 131072
	socket.connection.setup.timeout.max.ms = 30000
	socket.connection.setup.timeout.ms = 10000
	ssl.cipher.suites = null
	ssl.enabled.protocols = [TLSv1.2, TLSv1.3]
	ssl.endpoint.identification.algorithm = https
	ssl.engine.factory.class = null
	ssl.key.password = null
	ssl.keymanager.algorithm = SunX509
	ssl.keystore.certificate.chain = null
	ssl.keystore.key = null
	ssl.keystore.location = null
	ssl.keystore.password = null
	ssl.keystore.type = JKS
	ssl.protocol = TLSv1.3
	ssl.provider = null
	ssl.secure.random.implementation = null
	ssl.trustmanager.algorithm = PKIX
	ssl.truststore.certificates = null
	ssl.truststore.location = null
	ssl.truststore.password = null
	ssl.truststore.type = JKS
	transaction.timeout.ms = 60000
	transactional.id = null
	value.serializer = class io.apicurio.registry.serde.avro.AvroKafkaSerializer

2025-08-12 17:21:31,574 INFO  [org.apa.kaf.com.tel.int.KafkaMetricsCollector] (main) initializing Kafka metrics collector
2025-08-12 17:21:31,580 INFO  [org.apa.kaf.cli.pro.KafkaProducer] (main) [Producer clientId=Producer-topic-1ee489fe_841f_4ee9_926e_4e7535c5dcfd] Instantiated an idempotent producer.
2025-08-12 17:21:31,584 INFO  [org.apa.kaf.cli.pro.ProducerConfig] (main) These configurations '[apicurio.registry.url, apicurio.registry.artifact-resolver-strategy]' were supplied but are not used yet.
2025-08-12 17:21:31,584 INFO  [org.apa.kaf.com.uti.AppInfoParser] (main) Kafka version: 3.9.1
2025-08-12 17:21:31,584 INFO  [org.apa.kaf.com.uti.AppInfoParser] (main) Kafka commitId: f745dfdcee2b9851
2025-08-12 17:21:31,584 INFO  [org.apa.kaf.com.uti.AppInfoParser] (main) Kafka startTimeMs: 1755019291584
2025-08-12 17:21:31,585 INFO  [io.api.tes.ser.api.KafkaSerdesTester] (Thread-691) Sending message {"key11755019279487": "value-0"} to topic topic-1ee489fe_841f_4ee9_926e_4e7535c5dcfd
2025-08-12 17:21:31,589 INFO  [org.apa.kaf.cli.Metadata] (kafka-producer-network-thread | Producer-topic-1ee489fe_841f_4ee9_926e_4e7535c5dcfd) [Producer clientId=Producer-topic-1ee489fe_841f_4ee9_926e_4e7535c5dcfd] Cluster ID: Ursznb63T6OTazTEUvngGA
2025-08-12 17:21:31,589 INFO  [org.apa.kaf.cli.pro.int.TransactionManager] (kafka-producer-network-thread | Producer-topic-1ee489fe_841f_4ee9_926e_4e7535c5dcfd) [Producer clientId=Producer-topic-1ee489fe_841f_4ee9_926e_4e7535c5dcfd] ProducerId set to 17 with epoch 0
2025-08-12 17:21:31,590 INFO  [DefaultSchemaResolver] (Thread-691) Retrieving schema content using string: {"type":"record","name":"sef9d15eaxe79cx4cd0xb030x53589f0f144c","namespace":"ns_a3802f85_fb7e_42da_8ee9_8f80f1d806bd","fields":[{"name":"key11755019279487","type":"string"}]}
2025-08-12 17:21:31,734 INFO  [io.api.tes.ser.api.KafkaSerdesTester] (Thread-691) Sending message {"key11755019279487": "value-1"} to topic topic-1ee489fe_841f_4ee9_926e_4e7535c5dcfd
2025-08-12 17:21:31,739 INFO  [io.api.tes.ser.api.KafkaSerdesTester] (Thread-691) Sending message {"key11755019279487": "value-2"} to topic topic-1ee489fe_841f_4ee9_926e_4e7535c5dcfd
2025-08-12 17:21:31,743 INFO  [io.api.tes.ser.api.KafkaSerdesTester] (Thread-691) Sending message {"key11755019279487": "value-3"} to topic topic-1ee489fe_841f_4ee9_926e_4e7535c5dcfd
2025-08-12 17:21:31,745 INFO  [io.api.tes.ser.api.KafkaSerdesTester] (Thread-691) Sending message {"key11755019279487": "value-4"} to topic topic-1ee489fe_841f_4ee9_926e_4e7535c5dcfd
2025-08-12 17:21:31,746 INFO  [io.api.tes.ser.api.KafkaSerdesTester] (Thread-691) Sending message {"key11755019279487": "value-5"} to topic topic-1ee489fe_841f_4ee9_926e_4e7535c5dcfd
2025-08-12 17:21:31,748 INFO  [io.api.tes.ser.api.KafkaSerdesTester] (Thread-691) Sending message {"key11755019279487": "value-6"} to topic topic-1ee489fe_841f_4ee9_926e_4e7535c5dcfd
2025-08-12 17:21:31,749 INFO  [io.api.tes.ser.api.KafkaSerdesTester] (Thread-691) Sending message {"key11755019279487": "value-7"} to topic topic-1ee489fe_841f_4ee9_926e_4e7535c5dcfd
2025-08-12 17:21:31,751 INFO  [io.api.tes.ser.api.KafkaSerdesTester] (Thread-691) Sending message {"key11755019279487": "value-8"} to topic topic-1ee489fe_841f_4ee9_926e_4e7535c5dcfd
2025-08-12 17:21:31,752 INFO  [io.api.tes.ser.api.KafkaSerdesTester] (Thread-691) Sending message {"key11755019279487": "value-9"} to topic topic-1ee489fe_841f_4ee9_926e_4e7535c5dcfd
2025-08-12 17:21:31,754 INFO  [io.api.tes.ser.api.KafkaSerdesTester] (Thread-691) Produced 10 messages
2025-08-12 17:21:31,754 INFO  [org.apa.kaf.cli.pro.KafkaProducer] (Thread-691) [Producer clientId=Producer-topic-1ee489fe_841f_4ee9_926e_4e7535c5dcfd] Closing the Kafka producer with timeoutMillis = 9223372036854775807 ms.
2025-08-12 17:21:31,757 INFO  [org.apa.kaf.com.met.Metrics] (Thread-691) Metrics scheduler closed
2025-08-12 17:21:31,757 INFO  [org.apa.kaf.com.met.Metrics] (Thread-691) Closing reporter org.apache.kafka.common.metrics.JmxReporter
2025-08-12 17:21:31,757 INFO  [org.apa.kaf.com.met.Metrics] (Thread-691) Closing reporter org.apache.kafka.common.telemetry.internals.ClientTelemetryReporter
2025-08-12 17:21:31,757 INFO  [org.apa.kaf.com.met.Metrics] (Thread-691) Metrics reporters closed
2025-08-12 17:21:31,757 INFO  [org.apa.kaf.com.uti.AppInfoParser] (Thread-691) App info kafka.producer for Producer-topic-1ee489fe_841f_4ee9_926e_4e7535c5dcfd unregistered
**** Registry Base URL: http://registry-app-inmemory.apps.ci419.apicurio-testing.org:80
2025-08-12 17:21:31,759 INFO  [org.apa.kaf.cli.con.ConsumerConfig] (main) ConsumerConfig values: 
	allow.auto.create.topics = true
	auto.commit.interval.ms = 500
	auto.include.jmx.reporter = true
	auto.offset.reset = earliest
	bootstrap.servers = [PLAINTEXT://localhost:32769]
	check.crcs = true
	client.dns.lookup = use_all_dns_ips
	client.id = consumer-Consumer-topic-1ee489fe_841f_4ee9_926e_4e7535c5dcfd-12
	client.rack = 
	connections.max.idle.ms = 10000
	default.api.timeout.ms = 60000
	enable.auto.commit = true
	enable.metrics.push = true
	exclude.internal.topics = true
	fetch.max.bytes = 52428800
	fetch.max.wait.ms = 500
	fetch.min.bytes = 1
	group.id = Consumer-topic-1ee489fe_841f_4ee9_926e_4e7535c5dcfd
	group.instance.id = null
	group.protocol = classic
	group.remote.assignor = null
	heartbeat.interval.ms = 3000
	interceptor.classes = []
	internal.leave.group.on.close = true
	internal.throw.on.fetch.stable.offset.unsupported = false
	isolation.level = read_uncommitted
	key.deserializer = class org.apache.kafka.common.serialization.StringDeserializer
	max.partition.fetch.bytes = 1048576
	max.poll.interval.ms = 300000
	max.poll.records = 500
	metadata.max.age.ms = 300000
	metadata.recovery.strategy = none
	metric.reporters = []
	metrics.num.samples = 2
	metrics.recording.level = INFO
	metrics.sample.window.ms = 30000
	partition.assignment.strategy = [class org.apache.kafka.clients.consumer.RangeAssignor, class org.apache.kafka.clients.consumer.CooperativeStickyAssignor]
	receive.buffer.bytes = 65536
	reconnect.backoff.max.ms = 1000
	reconnect.backoff.ms = 50
	request.timeout.ms = 5000
	retry.backoff.max.ms = 1000
	retry.backoff.ms = 100
	sasl.client.callback.handler.class = null
	sasl.jaas.config = null
	sasl.kerberos.kinit.cmd = /usr/bin/kinit
	sasl.kerberos.min.time.before.relogin = 60000
	sasl.kerberos.service.name = null
	sasl.kerberos.ticket.renew.jitter = 0.05
	sasl.kerberos.ticket.renew.window.factor = 0.8
	sasl.login.callback.handler.class = null
	sasl.login.class = null
	sasl.login.connect.timeout.ms = null
	sasl.login.read.timeout.ms = null
	sasl.login.refresh.buffer.seconds = 300
	sasl.login.refresh.min.period.seconds = 60
	sasl.login.refresh.window.factor = 0.8
	sasl.login.refresh.window.jitter = 0.05
	sasl.login.retry.backoff.max.ms = 10000
	sasl.login.retry.backoff.ms = 100
	sasl.mechanism = GSSAPI
	sasl.oauthbearer.clock.skew.seconds = 30
	sasl.oauthbearer.expected.audience = null
	sasl.oauthbearer.expected.issuer = null
	sasl.oauthbearer.header.urlencode = false
	sasl.oauthbearer.jwks.endpoint.refresh.ms = 3600000
	sasl.oauthbearer.jwks.endpoint.retry.backoff.max.ms = 10000
	sasl.oauthbearer.jwks.endpoint.retry.backoff.ms = 100
	sasl.oauthbearer.jwks.endpoint.url = null
	sasl.oauthbearer.scope.claim.name = scope
	sasl.oauthbearer.sub.claim.name = sub
	sasl.oauthbearer.token.endpoint.url = null
	security.protocol = PLAINTEXT
	security.providers = null
	send.buffer.bytes = 131072
	session.timeout.ms = 45000
	socket.connection.setup.timeout.max.ms = 30000
	socket.connection.setup.timeout.ms = 10000
	ssl.cipher.suites = null
	ssl.enabled.protocols = [TLSv1.2, TLSv1.3]
	ssl.endpoint.identification.algorithm = https
	ssl.engine.factory.class = null
	ssl.key.password = null
	ssl.keymanager.algorithm = SunX509
	ssl.keystore.certificate.chain = null
	ssl.keystore.key = null
	ssl.keystore.location = null
	ssl.keystore.password = null
	ssl.keystore.type = JKS
	ssl.protocol = TLSv1.3
	ssl.provider = null
	ssl.secure.random.implementation = null
	ssl.trustmanager.algorithm = PKIX
	ssl.truststore.certificates = null
	ssl.truststore.location = null
	ssl.truststore.password = null
	ssl.truststore.type = JKS
	value.deserializer = class io.apicurio.registry.serde.avro.AvroKafkaDeserializer

2025-08-12 17:21:31,759 INFO  [org.apa.kaf.com.tel.int.KafkaMetricsCollector] (main) initializing Kafka metrics collector
2025-08-12 17:21:31,766 INFO  [org.apa.kaf.cli.con.ConsumerConfig] (main) These configurations '[apicurio.registry.url]' were supplied but are not used yet.
2025-08-12 17:21:31,766 INFO  [org.apa.kaf.com.uti.AppInfoParser] (main) Kafka version: 3.9.1
2025-08-12 17:21:31,766 INFO  [org.apa.kaf.com.uti.AppInfoParser] (main) Kafka commitId: f745dfdcee2b9851
2025-08-12 17:21:31,766 INFO  [org.apa.kaf.com.uti.AppInfoParser] (main) Kafka startTimeMs: 1755019291766
2025-08-12 17:21:31,767 INFO  [org.apa.kaf.cli.con.int.ClassicKafkaConsumer] (Thread-694) [Consumer clientId=consumer-Consumer-topic-1ee489fe_841f_4ee9_926e_4e7535c5dcfd-12, groupId=Consumer-topic-1ee489fe_841f_4ee9_926e_4e7535c5dcfd] Subscribed to topic(s): topic-1ee489fe_841f_4ee9_926e_4e7535c5dcfd
2025-08-12 17:21:31,774 INFO  [org.apa.kaf.cli.Metadata] (Thread-694) [Consumer clientId=consumer-Consumer-topic-1ee489fe_841f_4ee9_926e_4e7535c5dcfd-12, groupId=Consumer-topic-1ee489fe_841f_4ee9_926e_4e7535c5dcfd] Cluster ID: Ursznb63T6OTazTEUvngGA
2025-08-12 17:21:31,777 INFO  [org.apa.kaf.cli.con.int.ConsumerCoordinator] (Thread-694) [Consumer clientId=consumer-Consumer-topic-1ee489fe_841f_4ee9_926e_4e7535c5dcfd-12, groupId=Consumer-topic-1ee489fe_841f_4ee9_926e_4e7535c5dcfd] Discovered group coordinator localhost:32769 (id: 2147483647 rack: null)
2025-08-12 17:21:31,780 INFO  [org.apa.kaf.cli.con.int.ConsumerCoordinator] (Thread-694) [Consumer clientId=consumer-Consumer-topic-1ee489fe_841f_4ee9_926e_4e7535c5dcfd-12, groupId=Consumer-topic-1ee489fe_841f_4ee9_926e_4e7535c5dcfd] (Re-)joining group
2025-08-12 17:21:31,785 INFO  [org.apa.kaf.cli.con.int.ConsumerCoordinator] (Thread-694) [Consumer clientId=consumer-Consumer-topic-1ee489fe_841f_4ee9_926e_4e7535c5dcfd-12, groupId=Consumer-topic-1ee489fe_841f_4ee9_926e_4e7535c5dcfd] Request joining group due to: need to re-join with the given member-id: consumer-Consumer-topic-1ee489fe_841f_4ee9_926e_4e7535c5dcfd-12-fe1c1fd0-5f3d-4670-b263-d4068a44bad0
2025-08-12 17:21:31,785 INFO  [org.apa.kaf.cli.con.int.ConsumerCoordinator] (Thread-694) [Consumer clientId=consumer-Consumer-topic-1ee489fe_841f_4ee9_926e_4e7535c5dcfd-12, groupId=Consumer-topic-1ee489fe_841f_4ee9_926e_4e7535c5dcfd] (Re-)joining group
2025-08-12 17:21:32,767 INFO  [io.api.tes.ser.api.KafkaSerdesTester] (Thread-694) None found
2025-08-12 17:21:33,768 INFO  [io.api.tes.ser.api.KafkaSerdesTester] (Thread-694) None found
2025-08-12 17:21:34,768 INFO  [io.api.tes.ser.api.KafkaSerdesTester] (Thread-694) None found
2025-08-12 17:21:34,788 INFO  [org.apa.kaf.cli.con.int.ConsumerCoordinator] (Thread-694) [Consumer clientId=consumer-Consumer-topic-1ee489fe_841f_4ee9_926e_4e7535c5dcfd-12, groupId=Consumer-topic-1ee489fe_841f_4ee9_926e_4e7535c5dcfd] Successfully joined group with generation Generation{generationId=5, memberId='consumer-Consumer-topic-1ee489fe_841f_4ee9_926e_4e7535c5dcfd-12-fe1c1fd0-5f3d-4670-b263-d4068a44bad0', protocol='range'}
2025-08-12 17:21:34,788 INFO  [org.apa.kaf.cli.con.int.ConsumerCoordinator] (Thread-694) [Consumer clientId=consumer-Consumer-topic-1ee489fe_841f_4ee9_926e_4e7535c5dcfd-12, groupId=Consumer-topic-1ee489fe_841f_4ee9_926e_4e7535c5dcfd] Finished assignment for group at generation 5: {consumer-Consumer-topic-1ee489fe_841f_4ee9_926e_4e7535c5dcfd-12-fe1c1fd0-5f3d-4670-b263-d4068a44bad0=Assignment(partitions=[topic-1ee489fe_841f_4ee9_926e_4e7535c5dcfd-0])}
2025-08-12 17:21:34,795 INFO  [org.apa.kaf.cli.con.int.ConsumerCoordinator] (Thread-694) [Consumer clientId=consumer-Consumer-topic-1ee489fe_841f_4ee9_926e_4e7535c5dcfd-12, groupId=Consumer-topic-1ee489fe_841f_4ee9_926e_4e7535c5dcfd] Successfully synced group in generation Generation{generationId=5, memberId='consumer-Consumer-topic-1ee489fe_841f_4ee9_926e_4e7535c5dcfd-12-fe1c1fd0-5f3d-4670-b263-d4068a44bad0', protocol='range'}
2025-08-12 17:21:34,795 INFO  [org.apa.kaf.cli.con.int.ConsumerCoordinator] (Thread-694) [Consumer clientId=consumer-Consumer-topic-1ee489fe_841f_4ee9_926e_4e7535c5dcfd-12, groupId=Consumer-topic-1ee489fe_841f_4ee9_926e_4e7535c5dcfd] Notifying assignor about the new Assignment(partitions=[topic-1ee489fe_841f_4ee9_926e_4e7535c5dcfd-0])
2025-08-12 17:21:34,795 INFO  [org.apa.kaf.cli.con.int.ConsumerRebalanceListenerInvoker] (Thread-694) [Consumer clientId=consumer-Consumer-topic-1ee489fe_841f_4ee9_926e_4e7535c5dcfd-12, groupId=Consumer-topic-1ee489fe_841f_4ee9_926e_4e7535c5dcfd] Adding newly assigned partitions: topic-1ee489fe_841f_4ee9_926e_4e7535c5dcfd-0
2025-08-12 17:21:34,796 INFO  [org.apa.kaf.cli.con.int.ConsumerUtils] (Thread-694) Setting offset for partition topic-1ee489fe_841f_4ee9_926e_4e7535c5dcfd-0 to the committed offset FetchPosition{offset=30, offsetEpoch=Optional[0], currentLeader=LeaderAndEpoch{leader=Optional[localhost:32769 (id: 0 rack: null)], epoch=0}}
2025-08-12 17:21:35,311 INFO  [io.api.tes.ser.api.KafkaSerdesTester] (Thread-694) topic-1ee489fe_841f_4ee9_926e_4e7535c5dcfd 0 30 {"key11755019279487": "value-0", "key21755019284590": "value-0", "key31755019290009": "value-0"}
2025-08-12 17:21:35,311 INFO  [io.api.tes.ser.api.KafkaSerdesTester] (Thread-694) topic-1ee489fe_841f_4ee9_926e_4e7535c5dcfd 0 31 {"key11755019279487": "value-1", "key21755019284590": "value-1", "key31755019290009": "value-1"}
2025-08-12 17:21:35,312 INFO  [io.api.tes.ser.api.KafkaSerdesTester] (Thread-694) topic-1ee489fe_841f_4ee9_926e_4e7535c5dcfd 0 32 {"key11755019279487": "value-2", "key21755019284590": "value-2", "key31755019290009": "value-2"}
2025-08-12 17:21:35,312 INFO  [io.api.tes.ser.api.KafkaSerdesTester] (Thread-694) topic-1ee489fe_841f_4ee9_926e_4e7535c5dcfd 0 33 {"key11755019279487": "value-3", "key21755019284590": "value-3", "key31755019290009": "value-3"}
2025-08-12 17:21:35,312 INFO  [io.api.tes.ser.api.KafkaSerdesTester] (Thread-694) topic-1ee489fe_841f_4ee9_926e_4e7535c5dcfd 0 34 {"key11755019279487": "value-4", "key21755019284590": "value-4", "key31755019290009": "value-4"}
2025-08-12 17:21:35,312 INFO  [io.api.tes.ser.api.KafkaSerdesTester] (Thread-694) topic-1ee489fe_841f_4ee9_926e_4e7535c5dcfd 0 35 {"key11755019279487": "value-5", "key21755019284590": "value-5", "key31755019290009": "value-5"}
2025-08-12 17:21:35,312 INFO  [io.api.tes.ser.api.KafkaSerdesTester] (Thread-694) topic-1ee489fe_841f_4ee9_926e_4e7535c5dcfd 0 36 {"key11755019279487": "value-6", "key21755019284590": "value-6", "key31755019290009": "value-6"}
2025-08-12 17:21:35,312 INFO  [io.api.tes.ser.api.KafkaSerdesTester] (Thread-694) topic-1ee489fe_841f_4ee9_926e_4e7535c5dcfd 0 37 {"key11755019279487": "value-7", "key21755019284590": "value-7", "key31755019290009": "value-7"}
2025-08-12 17:21:35,312 INFO  [io.api.tes.ser.api.KafkaSerdesTester] (Thread-694) topic-1ee489fe_841f_4ee9_926e_4e7535c5dcfd 0 38 {"key11755019279487": "value-8", "key21755019284590": "value-8", "key31755019290009": "value-8"}
2025-08-12 17:21:35,312 INFO  [io.api.tes.ser.api.KafkaSerdesTester] (Thread-694) topic-1ee489fe_841f_4ee9_926e_4e7535c5dcfd 0 39 {"key11755019279487": "value-9", "key21755019284590": "value-9", "key31755019290009": "value-9"}
2025-08-12 17:21:35,312 INFO  [io.api.tes.ser.api.KafkaSerdesTester] (Thread-694) topic-1ee489fe_841f_4ee9_926e_4e7535c5dcfd 0 40 {"key11755019279487": "value-0", "key21755019284590": "value-0"}
2025-08-12 17:21:35,312 INFO  [io.api.tes.ser.api.KafkaSerdesTester] (Thread-694) topic-1ee489fe_841f_4ee9_926e_4e7535c5dcfd 0 41 {"key11755019279487": "value-1", "key21755019284590": "value-1"}
2025-08-12 17:21:35,312 INFO  [io.api.tes.ser.api.KafkaSerdesTester] (Thread-694) topic-1ee489fe_841f_4ee9_926e_4e7535c5dcfd 0 42 {"key11755019279487": "value-2", "key21755019284590": "value-2"}
2025-08-12 17:21:35,312 INFO  [io.api.tes.ser.api.KafkaSerdesTester] (Thread-694) topic-1ee489fe_841f_4ee9_926e_4e7535c5dcfd 0 43 {"key11755019279487": "value-3", "key21755019284590": "value-3"}
2025-08-12 17:21:35,313 INFO  [io.api.tes.ser.api.KafkaSerdesTester] (Thread-694) topic-1ee489fe_841f_4ee9_926e_4e7535c5dcfd 0 44 {"key11755019279487": "value-4", "key21755019284590": "value-4"}
2025-08-12 17:21:35,313 INFO  [io.api.tes.ser.api.KafkaSerdesTester] (Thread-694) topic-1ee489fe_841f_4ee9_926e_4e7535c5dcfd 0 45 {"key11755019279487": "value-5", "key21755019284590": "value-5"}
2025-08-12 17:21:35,313 INFO  [io.api.tes.ser.api.KafkaSerdesTester] (Thread-694) topic-1ee489fe_841f_4ee9_926e_4e7535c5dcfd 0 46 {"key11755019279487": "value-6", "key21755019284590": "value-6"}
2025-08-12 17:21:35,313 INFO  [io.api.tes.ser.api.KafkaSerdesTester] (Thread-694) topic-1ee489fe_841f_4ee9_926e_4e7535c5dcfd 0 47 {"key11755019279487": "value-7", "key21755019284590": "value-7"}
2025-08-12 17:21:35,313 INFO  [io.api.tes.ser.api.KafkaSerdesTester] (Thread-694) topic-1ee489fe_841f_4ee9_926e_4e7535c5dcfd 0 48 {"key11755019279487": "value-8", "key21755019284590": "value-8"}
2025-08-12 17:21:35,313 INFO  [io.api.tes.ser.api.KafkaSerdesTester] (Thread-694) topic-1ee489fe_841f_4ee9_926e_4e7535c5dcfd 0 49 {"key11755019279487": "value-9", "key21755019284590": "value-9"}
2025-08-12 17:21:35,313 INFO  [io.api.tes.ser.api.KafkaSerdesTester] (Thread-694) topic-1ee489fe_841f_4ee9_926e_4e7535c5dcfd 0 50 {"key11755019279487": "value-0"}
2025-08-12 17:21:35,313 INFO  [io.api.tes.ser.api.KafkaSerdesTester] (Thread-694) topic-1ee489fe_841f_4ee9_926e_4e7535c5dcfd 0 51 {"key11755019279487": "value-1"}
2025-08-12 17:21:35,313 INFO  [io.api.tes.ser.api.KafkaSerdesTester] (Thread-694) topic-1ee489fe_841f_4ee9_926e_4e7535c5dcfd 0 52 {"key11755019279487": "value-2"}
2025-08-12 17:21:35,313 INFO  [io.api.tes.ser.api.KafkaSerdesTester] (Thread-694) topic-1ee489fe_841f_4ee9_926e_4e7535c5dcfd 0 53 {"key11755019279487": "value-3"}
2025-08-12 17:21:35,313 INFO  [io.api.tes.ser.api.KafkaSerdesTester] (Thread-694) topic-1ee489fe_841f_4ee9_926e_4e7535c5dcfd 0 54 {"key11755019279487": "value-4"}
2025-08-12 17:21:35,313 INFO  [io.api.tes.ser.api.KafkaSerdesTester] (Thread-694) topic-1ee489fe_841f_4ee9_926e_4e7535c5dcfd 0 55 {"key11755019279487": "value-5"}
2025-08-12 17:21:35,313 INFO  [io.api.tes.ser.api.KafkaSerdesTester] (Thread-694) topic-1ee489fe_841f_4ee9_926e_4e7535c5dcfd 0 56 {"key11755019279487": "value-6"}
2025-08-12 17:21:35,313 INFO  [io.api.tes.ser.api.KafkaSerdesTester] (Thread-694) topic-1ee489fe_841f_4ee9_926e_4e7535c5dcfd 0 57 {"key11755019279487": "value-7"}
2025-08-12 17:21:35,313 INFO  [io.api.tes.ser.api.KafkaSerdesTester] (Thread-694) topic-1ee489fe_841f_4ee9_926e_4e7535c5dcfd 0 58 {"key11755019279487": "value-8"}
2025-08-12 17:21:35,314 INFO  [io.api.tes.ser.api.KafkaSerdesTester] (Thread-694) topic-1ee489fe_841f_4ee9_926e_4e7535c5dcfd 0 59 {"key11755019279487": "value-9"}
2025-08-12 17:21:35,314 INFO  [io.api.tes.ser.api.KafkaSerdesTester] (Thread-694) Consumed 30 messages
2025-08-12 17:21:35,321 INFO  [org.apa.kaf.cli.con.int.ConsumerRebalanceListenerInvoker] (Thread-694) [Consumer clientId=consumer-Consumer-topic-1ee489fe_841f_4ee9_926e_4e7535c5dcfd-12, groupId=Consumer-topic-1ee489fe_841f_4ee9_926e_4e7535c5dcfd] Revoke previously assigned partitions topic-1ee489fe_841f_4ee9_926e_4e7535c5dcfd-0
2025-08-12 17:21:35,321 INFO  [org.apa.kaf.cli.con.int.ConsumerCoordinator] (Thread-694) [Consumer clientId=consumer-Consumer-topic-1ee489fe_841f_4ee9_926e_4e7535c5dcfd-12, groupId=Consumer-topic-1ee489fe_841f_4ee9_926e_4e7535c5dcfd] Member consumer-Consumer-topic-1ee489fe_841f_4ee9_926e_4e7535c5dcfd-12-fe1c1fd0-5f3d-4670-b263-d4068a44bad0 sending LeaveGroup request to coordinator localhost:32769 (id: 2147483647 rack: null) due to the consumer is being closed
2025-08-12 17:21:35,322 INFO  [org.apa.kaf.cli.con.int.ConsumerCoordinator] (Thread-694) [Consumer clientId=consumer-Consumer-topic-1ee489fe_841f_4ee9_926e_4e7535c5dcfd-12, groupId=Consumer-topic-1ee489fe_841f_4ee9_926e_4e7535c5dcfd] Resetting generation and member id due to: consumer pro-actively leaving the group
2025-08-12 17:21:35,323 INFO  [org.apa.kaf.cli.con.int.ConsumerCoordinator] (Thread-694) [Consumer clientId=consumer-Consumer-topic-1ee489fe_841f_4ee9_926e_4e7535c5dcfd-12, groupId=Consumer-topic-1ee489fe_841f_4ee9_926e_4e7535c5dcfd] Request joining group due to: consumer pro-actively leaving the group
2025-08-12 17:21:35,814 INFO  [org.apa.kaf.com.met.Metrics] (Thread-694) Metrics scheduler closed
2025-08-12 17:21:35,814 INFO  [org.apa.kaf.com.met.Metrics] (Thread-694) Closing reporter org.apache.kafka.common.metrics.JmxReporter
2025-08-12 17:21:35,814 INFO  [org.apa.kaf.com.met.Metrics] (Thread-694) Closing reporter org.apache.kafka.common.telemetry.internals.ClientTelemetryReporter
2025-08-12 17:21:35,814 INFO  [org.apa.kaf.com.met.Metrics] (Thread-694) Metrics reporters closed
2025-08-12 17:21:35,816 INFO  [org.apa.kaf.com.uti.AppInfoParser] (Thread-694) App info kafka.consumer for consumer-Consumer-topic-1ee489fe_841f_4ee9_926e_4e7535c5dcfd-12 unregistered
2025-08-12 17:21:35,817 INFO  [org.apa.kaf.cli.pro.KafkaProducer] (main) [Producer clientId=Producer-topic-1ee489fe_841f_4ee9_926e_4e7535c5dcfd] Closing the Kafka producer with timeoutMillis = 9223372036854775807 ms.
2025-08-12 17:21:35,817 INFO  [org.apa.kaf.com.met.Metrics] (main) Metrics scheduler closed
2025-08-12 17:21:35,817 INFO  [org.apa.kaf.com.met.Metrics] (main) Closing reporter org.apache.kafka.common.metrics.JmxReporter
2025-08-12 17:21:35,817 INFO  [org.apa.kaf.com.met.Metrics] (main) Closing reporter org.apache.kafka.common.telemetry.internals.ClientTelemetryReporter
2025-08-12 17:21:35,817 INFO  [org.apa.kaf.com.met.Metrics] (main) Metrics reporters closed
2025-08-12 17:21:35,817 INFO  [org.apa.kaf.com.uti.AppInfoParser] (main) App info kafka.producer for Producer-topic-1ee489fe_841f_4ee9_926e_4e7535c5dcfd unregistered
2025-08-12 17:21:35,817 INFO  [io.api.tes.uti.TestSeparator] (main) io.apicurio.tests.serdes.apicurio.AvroSerdeIT.testEvolveAvroApicurio-FINISHED
2025-08-12 17:21:35,817 INFO  [io.api.tes.uti.TestSeparator] (main) ############################################################################
Test passed: testEvolveAvroApicurio
]]></system-out>
  </testcase>
  <testcase name="testTopicRecordIdStrategydFindLatest" classname="io.apicurio.tests.serdes.apicurio.AvroSerdeIT" time="5.211">
    <system-out><![CDATA[2025-08-12 17:21:35,821 INFO  [io.api.tes.uti.TestSeparator] (main) ############################################################################
2025-08-12 17:21:35,821 INFO  [io.api.tes.uti.TestSeparator] (main) io.apicurio.tests.serdes.apicurio.AvroSerdeIT.testTopicRecordIdStrategydFindLatest-STARTED
2025-08-12 17:21:35,822 INFO  [io.api.tes.ser.api.AvroSerdeIT] (main) Registering Avro Schema: {"type":"record","name":"sf39c721dx87e3x4917xbdc5x9d1db4f09c0b","namespace":"saf20cc19xdabex4056xb1f5x991da2ab454a","fields":[{"name":"key11755019295821","type":"string"}]}
**** Registry Base URL: http://registry-app-inmemory.apps.ci419.apicurio-testing.org:80
2025-08-12 17:21:36,976 INFO  [org.apa.kaf.cli.pro.ProducerConfig] (main) ProducerConfig values: 
	acks = -1
	auto.include.jmx.reporter = true
	batch.size = 16384
	bootstrap.servers = [PLAINTEXT://localhost:32769]
	buffer.memory = 33554432
	client.dns.lookup = use_all_dns_ips
	client.id = Producer-topic-d33ce61a_f197_444b_a9a7_e3dead1ccb1d
	compression.gzip.level = -1
	compression.lz4.level = 9
	compression.type = none
	compression.zstd.level = 3
	connections.max.idle.ms = 10000
	delivery.timeout.ms = 120000
	enable.idempotence = true
	enable.metrics.push = true
	interceptor.classes = []
	key.serializer = class org.apache.kafka.common.serialization.StringSerializer
	linger.ms = 0
	max.block.ms = 60000
	max.in.flight.requests.per.connection = 5
	max.request.size = 1048576
	metadata.max.age.ms = 300000
	metadata.max.idle.ms = 300000
	metadata.recovery.strategy = none
	metric.reporters = []
	metrics.num.samples = 2
	metrics.recording.level = INFO
	metrics.sample.window.ms = 30000
	partitioner.adaptive.partitioning.enable = true
	partitioner.availability.timeout.ms = 0
	partitioner.class = null
	partitioner.ignore.keys = false
	receive.buffer.bytes = 32768
	reconnect.backoff.max.ms = 1000
	reconnect.backoff.ms = 50
	request.timeout.ms = 5000
	retries = 2147483647
	retry.backoff.max.ms = 1000
	retry.backoff.ms = 100
	sasl.client.callback.handler.class = null
	sasl.jaas.config = null
	sasl.kerberos.kinit.cmd = /usr/bin/kinit
	sasl.kerberos.min.time.before.relogin = 60000
	sasl.kerberos.service.name = null
	sasl.kerberos.ticket.renew.jitter = 0.05
	sasl.kerberos.ticket.renew.window.factor = 0.8
	sasl.login.callback.handler.class = null
	sasl.login.class = null
	sasl.login.connect.timeout.ms = null
	sasl.login.read.timeout.ms = null
	sasl.login.refresh.buffer.seconds = 300
	sasl.login.refresh.min.period.seconds = 60
	sasl.login.refresh.window.factor = 0.8
	sasl.login.refresh.window.jitter = 0.05
	sasl.login.retry.backoff.max.ms = 10000
	sasl.login.retry.backoff.ms = 100
	sasl.mechanism = GSSAPI
	sasl.oauthbearer.clock.skew.seconds = 30
	sasl.oauthbearer.expected.audience = null
	sasl.oauthbearer.expected.issuer = null
	sasl.oauthbearer.header.urlencode = false
	sasl.oauthbearer.jwks.endpoint.refresh.ms = 3600000
	sasl.oauthbearer.jwks.endpoint.retry.backoff.max.ms = 10000
	sasl.oauthbearer.jwks.endpoint.retry.backoff.ms = 100
	sasl.oauthbearer.jwks.endpoint.url = null
	sasl.oauthbearer.scope.claim.name = scope
	sasl.oauthbearer.sub.claim.name = sub
	sasl.oauthbearer.token.endpoint.url = null
	security.protocol = PLAINTEXT
	security.providers = null
	send.buffer.bytes = 131072
	socket.connection.setup.timeout.max.ms = 30000
	socket.connection.setup.timeout.ms = 10000
	ssl.cipher.suites = null
	ssl.enabled.protocols = [TLSv1.2, TLSv1.3]
	ssl.endpoint.identification.algorithm = https
	ssl.engine.factory.class = null
	ssl.key.password = null
	ssl.keymanager.algorithm = SunX509
	ssl.keystore.certificate.chain = null
	ssl.keystore.key = null
	ssl.keystore.location = null
	ssl.keystore.password = null
	ssl.keystore.type = JKS
	ssl.protocol = TLSv1.3
	ssl.provider = null
	ssl.secure.random.implementation = null
	ssl.trustmanager.algorithm = PKIX
	ssl.truststore.certificates = null
	ssl.truststore.location = null
	ssl.truststore.password = null
	ssl.truststore.type = JKS
	transaction.timeout.ms = 60000
	transactional.id = null
	value.serializer = class io.apicurio.registry.serde.avro.AvroKafkaSerializer

2025-08-12 17:21:36,976 INFO  [org.apa.kaf.com.tel.int.KafkaMetricsCollector] (main) initializing Kafka metrics collector
2025-08-12 17:21:36,979 INFO  [org.apa.kaf.cli.pro.KafkaProducer] (main) [Producer clientId=Producer-topic-d33ce61a_f197_444b_a9a7_e3dead1ccb1d] Instantiated an idempotent producer.
2025-08-12 17:21:36,980 INFO  [org.apa.kaf.cli.pro.ProducerConfig] (main) These configurations '[apicurio.registry.find-latest, apicurio.registry.url, apicurio.registry.artifact-resolver-strategy]' were supplied but are not used yet.
2025-08-12 17:21:36,980 INFO  [org.apa.kaf.com.uti.AppInfoParser] (main) Kafka version: 3.9.1
2025-08-12 17:21:36,980 INFO  [org.apa.kaf.com.uti.AppInfoParser] (main) Kafka commitId: f745dfdcee2b9851
2025-08-12 17:21:36,980 INFO  [org.apa.kaf.com.uti.AppInfoParser] (main) Kafka startTimeMs: 1755019296980
2025-08-12 17:21:36,980 INFO  [io.api.tes.ser.api.SimpleSerdesTesterBuilder$SimpleSerdesTester] (main) Using producer configuration: {apicurio.registry.find-latest=true, apicurio.registry.url=http://registry-app-inmemory.apps.ci419.apicurio-testing.org:80/apis/registry/v3, apicurio.registry.artifact-resolver-strategy=io.apicurio.registry.serde.avro.strategy.TopicRecordIdStrategy, value.serializer=io.apicurio.registry.serde.avro.AvroKafkaSerializer, request.timeout.ms=5000, acks=all, bootstrap.servers=PLAINTEXT://localhost:32769, connections.max.idle.ms=10000, key.serializer=org.apache.kafka.common.serialization.StringSerializer, client.id=Producer-topic-d33ce61a_f197_444b_a9a7_e3dead1ccb1d}
2025-08-12 17:21:36,980 INFO  [io.api.tes.ser.api.SimpleSerdesTesterBuilder$SimpleSerdesTester] (main) Using consumer configuration: {}
2025-08-12 17:21:36,981 INFO  [io.api.tes.ser.api.KafkaSerdesTester] (Thread-697) Sending message {"key11755019295821": "value-0"} to topic topic-d33ce61a_f197_444b_a9a7_e3dead1ccb1d
2025-08-12 17:21:36,984 INFO  [org.apa.kaf.cli.Metadata] (kafka-producer-network-thread | Producer-topic-d33ce61a_f197_444b_a9a7_e3dead1ccb1d) [Producer clientId=Producer-topic-d33ce61a_f197_444b_a9a7_e3dead1ccb1d] Cluster ID: Ursznb63T6OTazTEUvngGA
2025-08-12 17:21:36,984 INFO  [org.apa.kaf.cli.pro.int.TransactionManager] (kafka-producer-network-thread | Producer-topic-d33ce61a_f197_444b_a9a7_e3dead1ccb1d) [Producer clientId=Producer-topic-d33ce61a_f197_444b_a9a7_e3dead1ccb1d] ProducerId set to 18 with epoch 0
2025-08-12 17:21:37,259 INFO  [io.api.tes.ser.api.KafkaSerdesTester] (Thread-697) Sending message {"key11755019295821": "value-1"} to topic topic-d33ce61a_f197_444b_a9a7_e3dead1ccb1d
2025-08-12 17:21:37,262 INFO  [io.api.tes.ser.api.KafkaSerdesTester] (Thread-697) Sending message {"key11755019295821": "value-2"} to topic topic-d33ce61a_f197_444b_a9a7_e3dead1ccb1d
2025-08-12 17:21:37,263 INFO  [io.api.tes.ser.api.KafkaSerdesTester] (Thread-697) Sending message {"key11755019295821": "value-3"} to topic topic-d33ce61a_f197_444b_a9a7_e3dead1ccb1d
2025-08-12 17:21:37,265 INFO  [io.api.tes.ser.api.KafkaSerdesTester] (Thread-697) Sending message {"key11755019295821": "value-4"} to topic topic-d33ce61a_f197_444b_a9a7_e3dead1ccb1d
2025-08-12 17:21:37,268 INFO  [io.api.tes.ser.api.KafkaSerdesTester] (Thread-697) Sending message {"key11755019295821": "value-5"} to topic topic-d33ce61a_f197_444b_a9a7_e3dead1ccb1d
2025-08-12 17:21:37,270 INFO  [io.api.tes.ser.api.KafkaSerdesTester] (Thread-697) Sending message {"key11755019295821": "value-6"} to topic topic-d33ce61a_f197_444b_a9a7_e3dead1ccb1d
2025-08-12 17:21:37,271 INFO  [io.api.tes.ser.api.KafkaSerdesTester] (Thread-697) Sending message {"key11755019295821": "value-7"} to topic topic-d33ce61a_f197_444b_a9a7_e3dead1ccb1d
2025-08-12 17:21:37,273 INFO  [io.api.tes.ser.api.KafkaSerdesTester] (Thread-697) Sending message {"key11755019295821": "value-8"} to topic topic-d33ce61a_f197_444b_a9a7_e3dead1ccb1d
2025-08-12 17:21:37,275 INFO  [io.api.tes.ser.api.KafkaSerdesTester] (Thread-697) Sending message {"key11755019295821": "value-9"} to topic topic-d33ce61a_f197_444b_a9a7_e3dead1ccb1d
2025-08-12 17:21:37,277 INFO  [io.api.tes.ser.api.KafkaSerdesTester] (Thread-697) Produced 10 messages
2025-08-12 17:21:37,277 INFO  [org.apa.kaf.cli.pro.KafkaProducer] (Thread-697) [Producer clientId=Producer-topic-d33ce61a_f197_444b_a9a7_e3dead1ccb1d] Closing the Kafka producer with timeoutMillis = 9223372036854775807 ms.
2025-08-12 17:21:37,278 INFO  [org.apa.kaf.com.met.Metrics] (Thread-697) Metrics scheduler closed
2025-08-12 17:21:37,278 INFO  [org.apa.kaf.com.met.Metrics] (Thread-697) Closing reporter org.apache.kafka.common.metrics.JmxReporter
2025-08-12 17:21:37,278 INFO  [org.apa.kaf.com.met.Metrics] (Thread-697) Closing reporter org.apache.kafka.common.telemetry.internals.ClientTelemetryReporter
2025-08-12 17:21:37,278 INFO  [org.apa.kaf.com.met.Metrics] (Thread-697) Metrics reporters closed
2025-08-12 17:21:37,278 INFO  [org.apa.kaf.com.uti.AppInfoParser] (Thread-697) App info kafka.producer for Producer-topic-d33ce61a_f197_444b_a9a7_e3dead1ccb1d unregistered
**** Registry Base URL: http://registry-app-inmemory.apps.ci419.apicurio-testing.org:80
2025-08-12 17:21:37,279 INFO  [org.apa.kaf.cli.con.ConsumerConfig] (main) ConsumerConfig values: 
	allow.auto.create.topics = true
	auto.commit.interval.ms = 500
	auto.include.jmx.reporter = true
	auto.offset.reset = earliest
	bootstrap.servers = [PLAINTEXT://localhost:32769]
	check.crcs = true
	client.dns.lookup = use_all_dns_ips
	client.id = consumer-Consumer-topic-d33ce61a_f197_444b_a9a7_e3dead1ccb1d-13
	client.rack = 
	connections.max.idle.ms = 10000
	default.api.timeout.ms = 60000
	enable.auto.commit = true
	enable.metrics.push = true
	exclude.internal.topics = true
	fetch.max.bytes = 52428800
	fetch.max.wait.ms = 500
	fetch.min.bytes = 1
	group.id = Consumer-topic-d33ce61a_f197_444b_a9a7_e3dead1ccb1d
	group.instance.id = null
	group.protocol = classic
	group.remote.assignor = null
	heartbeat.interval.ms = 3000
	interceptor.classes = []
	internal.leave.group.on.close = true
	internal.throw.on.fetch.stable.offset.unsupported = false
	isolation.level = read_uncommitted
	key.deserializer = class org.apache.kafka.common.serialization.StringDeserializer
	max.partition.fetch.bytes = 1048576
	max.poll.interval.ms = 300000
	max.poll.records = 500
	metadata.max.age.ms = 300000
	metadata.recovery.strategy = none
	metric.reporters = []
	metrics.num.samples = 2
	metrics.recording.level = INFO
	metrics.sample.window.ms = 30000
	partition.assignment.strategy = [class org.apache.kafka.clients.consumer.RangeAssignor, class org.apache.kafka.clients.consumer.CooperativeStickyAssignor]
	receive.buffer.bytes = 65536
	reconnect.backoff.max.ms = 1000
	reconnect.backoff.ms = 50
	request.timeout.ms = 5000
	retry.backoff.max.ms = 1000
	retry.backoff.ms = 100
	sasl.client.callback.handler.class = null
	sasl.jaas.config = null
	sasl.kerberos.kinit.cmd = /usr/bin/kinit
	sasl.kerberos.min.time.before.relogin = 60000
	sasl.kerberos.service.name = null
	sasl.kerberos.ticket.renew.jitter = 0.05
	sasl.kerberos.ticket.renew.window.factor = 0.8
	sasl.login.callback.handler.class = null
	sasl.login.class = null
	sasl.login.connect.timeout.ms = null
	sasl.login.read.timeout.ms = null
	sasl.login.refresh.buffer.seconds = 300
	sasl.login.refresh.min.period.seconds = 60
	sasl.login.refresh.window.factor = 0.8
	sasl.login.refresh.window.jitter = 0.05
	sasl.login.retry.backoff.max.ms = 10000
	sasl.login.retry.backoff.ms = 100
	sasl.mechanism = GSSAPI
	sasl.oauthbearer.clock.skew.seconds = 30
	sasl.oauthbearer.expected.audience = null
	sasl.oauthbearer.expected.issuer = null
	sasl.oauthbearer.header.urlencode = false
	sasl.oauthbearer.jwks.endpoint.refresh.ms = 3600000
	sasl.oauthbearer.jwks.endpoint.retry.backoff.max.ms = 10000
	sasl.oauthbearer.jwks.endpoint.retry.backoff.ms = 100
	sasl.oauthbearer.jwks.endpoint.url = null
	sasl.oauthbearer.scope.claim.name = scope
	sasl.oauthbearer.sub.claim.name = sub
	sasl.oauthbearer.token.endpoint.url = null
	security.protocol = PLAINTEXT
	security.providers = null
	send.buffer.bytes = 131072
	session.timeout.ms = 45000
	socket.connection.setup.timeout.max.ms = 30000
	socket.connection.setup.timeout.ms = 10000
	ssl.cipher.suites = null
	ssl.enabled.protocols = [TLSv1.2, TLSv1.3]
	ssl.endpoint.identification.algorithm = https
	ssl.engine.factory.class = null
	ssl.key.password = null
	ssl.keymanager.algorithm = SunX509
	ssl.keystore.certificate.chain = null
	ssl.keystore.key = null
	ssl.keystore.location = null
	ssl.keystore.password = null
	ssl.keystore.type = JKS
	ssl.protocol = TLSv1.3
	ssl.provider = null
	ssl.secure.random.implementation = null
	ssl.trustmanager.algorithm = PKIX
	ssl.truststore.certificates = null
	ssl.truststore.location = null
	ssl.truststore.password = null
	ssl.truststore.type = JKS
	value.deserializer = class io.apicurio.registry.serde.avro.AvroKafkaDeserializer

2025-08-12 17:21:37,279 INFO  [org.apa.kaf.com.tel.int.KafkaMetricsCollector] (main) initializing Kafka metrics collector
2025-08-12 17:21:37,284 INFO  [org.apa.kaf.cli.con.ConsumerConfig] (main) These configurations '[apicurio.registry.url]' were supplied but are not used yet.
2025-08-12 17:21:37,284 INFO  [org.apa.kaf.com.uti.AppInfoParser] (main) Kafka version: 3.9.1
2025-08-12 17:21:37,284 INFO  [org.apa.kaf.com.uti.AppInfoParser] (main) Kafka commitId: f745dfdcee2b9851
2025-08-12 17:21:37,284 INFO  [org.apa.kaf.com.uti.AppInfoParser] (main) Kafka startTimeMs: 1755019297284
2025-08-12 17:21:37,284 INFO  [org.apa.kaf.cli.con.int.ClassicKafkaConsumer] (Thread-700) [Consumer clientId=consumer-Consumer-topic-d33ce61a_f197_444b_a9a7_e3dead1ccb1d-13, groupId=Consumer-topic-d33ce61a_f197_444b_a9a7_e3dead1ccb1d] Subscribed to topic(s): topic-d33ce61a_f197_444b_a9a7_e3dead1ccb1d
2025-08-12 17:21:37,288 INFO  [org.apa.kaf.cli.Metadata] (Thread-700) [Consumer clientId=consumer-Consumer-topic-d33ce61a_f197_444b_a9a7_e3dead1ccb1d-13, groupId=Consumer-topic-d33ce61a_f197_444b_a9a7_e3dead1ccb1d] Cluster ID: Ursznb63T6OTazTEUvngGA
2025-08-12 17:21:37,289 INFO  [org.apa.kaf.cli.con.int.ConsumerCoordinator] (Thread-700) [Consumer clientId=consumer-Consumer-topic-d33ce61a_f197_444b_a9a7_e3dead1ccb1d-13, groupId=Consumer-topic-d33ce61a_f197_444b_a9a7_e3dead1ccb1d] Discovered group coordinator localhost:32769 (id: 2147483647 rack: null)
2025-08-12 17:21:37,290 INFO  [org.apa.kaf.cli.con.int.ConsumerCoordinator] (Thread-700) [Consumer clientId=consumer-Consumer-topic-d33ce61a_f197_444b_a9a7_e3dead1ccb1d-13, groupId=Consumer-topic-d33ce61a_f197_444b_a9a7_e3dead1ccb1d] (Re-)joining group
2025-08-12 17:21:37,293 INFO  [org.apa.kaf.cli.con.int.ConsumerCoordinator] (Thread-700) [Consumer clientId=consumer-Consumer-topic-d33ce61a_f197_444b_a9a7_e3dead1ccb1d-13, groupId=Consumer-topic-d33ce61a_f197_444b_a9a7_e3dead1ccb1d] Request joining group due to: need to re-join with the given member-id: consumer-Consumer-topic-d33ce61a_f197_444b_a9a7_e3dead1ccb1d-13-54f8ba9f-8b48-4a6f-be24-93d2878ca32f
2025-08-12 17:21:37,293 INFO  [org.apa.kaf.cli.con.int.ConsumerCoordinator] (Thread-700) [Consumer clientId=consumer-Consumer-topic-d33ce61a_f197_444b_a9a7_e3dead1ccb1d-13, groupId=Consumer-topic-d33ce61a_f197_444b_a9a7_e3dead1ccb1d] (Re-)joining group
2025-08-12 17:21:38,284 INFO  [io.api.tes.ser.api.KafkaSerdesTester] (Thread-700) None found
2025-08-12 17:21:39,285 INFO  [io.api.tes.ser.api.KafkaSerdesTester] (Thread-700) None found
2025-08-12 17:21:40,285 INFO  [io.api.tes.ser.api.KafkaSerdesTester] (Thread-700) None found
2025-08-12 17:21:40,294 INFO  [org.apa.kaf.cli.con.int.ConsumerCoordinator] (Thread-700) [Consumer clientId=consumer-Consumer-topic-d33ce61a_f197_444b_a9a7_e3dead1ccb1d-13, groupId=Consumer-topic-d33ce61a_f197_444b_a9a7_e3dead1ccb1d] Successfully joined group with generation Generation{generationId=1, memberId='consumer-Consumer-topic-d33ce61a_f197_444b_a9a7_e3dead1ccb1d-13-54f8ba9f-8b48-4a6f-be24-93d2878ca32f', protocol='range'}
2025-08-12 17:21:40,294 INFO  [org.apa.kaf.cli.con.int.ConsumerCoordinator] (Thread-700) [Consumer clientId=consumer-Consumer-topic-d33ce61a_f197_444b_a9a7_e3dead1ccb1d-13, groupId=Consumer-topic-d33ce61a_f197_444b_a9a7_e3dead1ccb1d] Finished assignment for group at generation 1: {consumer-Consumer-topic-d33ce61a_f197_444b_a9a7_e3dead1ccb1d-13-54f8ba9f-8b48-4a6f-be24-93d2878ca32f=Assignment(partitions=[topic-d33ce61a_f197_444b_a9a7_e3dead1ccb1d-0])}
2025-08-12 17:21:40,301 INFO  [org.apa.kaf.cli.con.int.ConsumerCoordinator] (Thread-700) [Consumer clientId=consumer-Consumer-topic-d33ce61a_f197_444b_a9a7_e3dead1ccb1d-13, groupId=Consumer-topic-d33ce61a_f197_444b_a9a7_e3dead1ccb1d] Successfully synced group in generation Generation{generationId=1, memberId='consumer-Consumer-topic-d33ce61a_f197_444b_a9a7_e3dead1ccb1d-13-54f8ba9f-8b48-4a6f-be24-93d2878ca32f', protocol='range'}
2025-08-12 17:21:40,301 INFO  [org.apa.kaf.cli.con.int.ConsumerCoordinator] (Thread-700) [Consumer clientId=consumer-Consumer-topic-d33ce61a_f197_444b_a9a7_e3dead1ccb1d-13, groupId=Consumer-topic-d33ce61a_f197_444b_a9a7_e3dead1ccb1d] Notifying assignor about the new Assignment(partitions=[topic-d33ce61a_f197_444b_a9a7_e3dead1ccb1d-0])
2025-08-12 17:21:40,301 INFO  [org.apa.kaf.cli.con.int.ConsumerRebalanceListenerInvoker] (Thread-700) [Consumer clientId=consumer-Consumer-topic-d33ce61a_f197_444b_a9a7_e3dead1ccb1d-13, groupId=Consumer-topic-d33ce61a_f197_444b_a9a7_e3dead1ccb1d] Adding newly assigned partitions: topic-d33ce61a_f197_444b_a9a7_e3dead1ccb1d-0
2025-08-12 17:21:40,302 INFO  [org.apa.kaf.cli.con.int.ConsumerCoordinator] (Thread-700) [Consumer clientId=consumer-Consumer-topic-d33ce61a_f197_444b_a9a7_e3dead1ccb1d-13, groupId=Consumer-topic-d33ce61a_f197_444b_a9a7_e3dead1ccb1d] Found no committed offset for partition topic-d33ce61a_f197_444b_a9a7_e3dead1ccb1d-0
2025-08-12 17:21:40,305 INFO  [org.apa.kaf.cli.con.int.SubscriptionState] (Thread-700) [Consumer clientId=consumer-Consumer-topic-d33ce61a_f197_444b_a9a7_e3dead1ccb1d-13, groupId=Consumer-topic-d33ce61a_f197_444b_a9a7_e3dead1ccb1d] Resetting offset for partition topic-d33ce61a_f197_444b_a9a7_e3dead1ccb1d-0 to position FetchPosition{offset=0, offsetEpoch=Optional.empty, currentLeader=LeaderAndEpoch{leader=Optional[localhost:32769 (id: 0 rack: null)], epoch=0}}.
2025-08-12 17:21:40,524 INFO  [io.api.tes.ser.api.KafkaSerdesTester] (Thread-700) topic-d33ce61a_f197_444b_a9a7_e3dead1ccb1d 0 0 {"key11755019295821": "value-0"}
2025-08-12 17:21:40,524 INFO  [io.api.tes.ser.api.KafkaSerdesTester] (Thread-700) topic-d33ce61a_f197_444b_a9a7_e3dead1ccb1d 0 1 {"key11755019295821": "value-1"}
2025-08-12 17:21:40,524 INFO  [io.api.tes.ser.api.KafkaSerdesTester] (Thread-700) topic-d33ce61a_f197_444b_a9a7_e3dead1ccb1d 0 2 {"key11755019295821": "value-2"}
2025-08-12 17:21:40,524 INFO  [io.api.tes.ser.api.KafkaSerdesTester] (Thread-700) topic-d33ce61a_f197_444b_a9a7_e3dead1ccb1d 0 3 {"key11755019295821": "value-3"}
2025-08-12 17:21:40,524 INFO  [io.api.tes.ser.api.KafkaSerdesTester] (Thread-700) topic-d33ce61a_f197_444b_a9a7_e3dead1ccb1d 0 4 {"key11755019295821": "value-4"}
2025-08-12 17:21:40,524 INFO  [io.api.tes.ser.api.KafkaSerdesTester] (Thread-700) topic-d33ce61a_f197_444b_a9a7_e3dead1ccb1d 0 5 {"key11755019295821": "value-5"}
2025-08-12 17:21:40,524 INFO  [io.api.tes.ser.api.KafkaSerdesTester] (Thread-700) topic-d33ce61a_f197_444b_a9a7_e3dead1ccb1d 0 6 {"key11755019295821": "value-6"}
2025-08-12 17:21:40,524 INFO  [io.api.tes.ser.api.KafkaSerdesTester] (Thread-700) topic-d33ce61a_f197_444b_a9a7_e3dead1ccb1d 0 7 {"key11755019295821": "value-7"}
2025-08-12 17:21:40,524 INFO  [io.api.tes.ser.api.KafkaSerdesTester] (Thread-700) topic-d33ce61a_f197_444b_a9a7_e3dead1ccb1d 0 8 {"key11755019295821": "value-8"}
2025-08-12 17:21:40,524 INFO  [io.api.tes.ser.api.KafkaSerdesTester] (Thread-700) topic-d33ce61a_f197_444b_a9a7_e3dead1ccb1d 0 9 {"key11755019295821": "value-9"}
2025-08-12 17:21:40,524 INFO  [io.api.tes.ser.api.KafkaSerdesTester] (Thread-700) Consumed 10 messages
2025-08-12 17:21:40,532 INFO  [org.apa.kaf.cli.con.int.ConsumerRebalanceListenerInvoker] (Thread-700) [Consumer clientId=consumer-Consumer-topic-d33ce61a_f197_444b_a9a7_e3dead1ccb1d-13, groupId=Consumer-topic-d33ce61a_f197_444b_a9a7_e3dead1ccb1d] Revoke previously assigned partitions topic-d33ce61a_f197_444b_a9a7_e3dead1ccb1d-0
2025-08-12 17:21:40,532 INFO  [org.apa.kaf.cli.con.int.ConsumerCoordinator] (Thread-700) [Consumer clientId=consumer-Consumer-topic-d33ce61a_f197_444b_a9a7_e3dead1ccb1d-13, groupId=Consumer-topic-d33ce61a_f197_444b_a9a7_e3dead1ccb1d] Member consumer-Consumer-topic-d33ce61a_f197_444b_a9a7_e3dead1ccb1d-13-54f8ba9f-8b48-4a6f-be24-93d2878ca32f sending LeaveGroup request to coordinator localhost:32769 (id: 2147483647 rack: null) due to the consumer is being closed
2025-08-12 17:21:40,532 INFO  [org.apa.kaf.cli.con.int.ConsumerCoordinator] (Thread-700) [Consumer clientId=consumer-Consumer-topic-d33ce61a_f197_444b_a9a7_e3dead1ccb1d-13, groupId=Consumer-topic-d33ce61a_f197_444b_a9a7_e3dead1ccb1d] Resetting generation and member id due to: consumer pro-actively leaving the group
2025-08-12 17:21:40,532 INFO  [org.apa.kaf.cli.con.int.ConsumerCoordinator] (Thread-700) [Consumer clientId=consumer-Consumer-topic-d33ce61a_f197_444b_a9a7_e3dead1ccb1d-13, groupId=Consumer-topic-d33ce61a_f197_444b_a9a7_e3dead1ccb1d] Request joining group due to: consumer pro-actively leaving the group
2025-08-12 17:21:41,026 INFO  [org.apa.kaf.com.met.Metrics] (Thread-700) Metrics scheduler closed
2025-08-12 17:21:41,026 INFO  [org.apa.kaf.com.met.Metrics] (Thread-700) Closing reporter org.apache.kafka.common.metrics.JmxReporter
2025-08-12 17:21:41,026 INFO  [org.apa.kaf.com.met.Metrics] (Thread-700) Closing reporter org.apache.kafka.common.telemetry.internals.ClientTelemetryReporter
2025-08-12 17:21:41,026 INFO  [org.apa.kaf.com.met.Metrics] (Thread-700) Metrics reporters closed
2025-08-12 17:21:41,028 INFO  [org.apa.kaf.com.uti.AppInfoParser] (Thread-700) App info kafka.consumer for consumer-Consumer-topic-d33ce61a_f197_444b_a9a7_e3dead1ccb1d-13 unregistered
2025-08-12 17:21:41,029 INFO  [io.api.tes.uti.TestSeparator] (main) io.apicurio.tests.serdes.apicurio.AvroSerdeIT.testTopicRecordIdStrategydFindLatest-FINISHED
2025-08-12 17:21:41,029 INFO  [io.api.tes.uti.TestSeparator] (main) ############################################################################
Test passed: testTopicRecordIdStrategydFindLatest
]]></system-out>
  </testcase>
  <testcase name="testAvroConfluentForMultipleTopics" classname="io.apicurio.tests.serdes.apicurio.AvroSerdeIT" time="12.944">
    <system-out><![CDATA[2025-08-12 17:21:41,032 INFO  [io.api.tes.uti.TestSeparator] (main) ############################################################################
2025-08-12 17:21:41,032 INFO  [io.api.tes.uti.TestSeparator] (main) io.apicurio.tests.serdes.apicurio.AvroSerdeIT.testAvroConfluentForMultipleTopics-STARTED
2025-08-12 17:21:41,035 INFO  [io.api.tes.ser.api.AvroSerdeIT] (main) Registering Avro Schema: {"type":"record","name":"myrecordconfluent","fields":[{"name":"key11755019301032","type":"string"}]}
**** Registry Base URL: http://registry-app-inmemory.apps.ci419.apicurio-testing.org:80
2025-08-12 17:21:42,194 INFO  [org.apa.kaf.cli.pro.ProducerConfig] (main) ProducerConfig values: 
	acks = -1
	auto.include.jmx.reporter = true
	batch.size = 16384
	bootstrap.servers = [PLAINTEXT://localhost:32769]
	buffer.memory = 33554432
	client.dns.lookup = use_all_dns_ips
	client.id = Producer-topic-c3b7134a_a56b_477e_b5ba_d04f63f349c1
	compression.gzip.level = -1
	compression.lz4.level = 9
	compression.type = none
	compression.zstd.level = 3
	connections.max.idle.ms = 10000
	delivery.timeout.ms = 120000
	enable.idempotence = true
	enable.metrics.push = true
	interceptor.classes = []
	key.serializer = class org.apache.kafka.common.serialization.StringSerializer
	linger.ms = 0
	max.block.ms = 60000
	max.in.flight.requests.per.connection = 5
	max.request.size = 1048576
	metadata.max.age.ms = 300000
	metadata.max.idle.ms = 300000
	metadata.recovery.strategy = none
	metric.reporters = []
	metrics.num.samples = 2
	metrics.recording.level = INFO
	metrics.sample.window.ms = 30000
	partitioner.adaptive.partitioning.enable = true
	partitioner.availability.timeout.ms = 0
	partitioner.class = null
	partitioner.ignore.keys = false
	receive.buffer.bytes = 32768
	reconnect.backoff.max.ms = 1000
	reconnect.backoff.ms = 50
	request.timeout.ms = 5000
	retries = 2147483647
	retry.backoff.max.ms = 1000
	retry.backoff.ms = 100
	sasl.client.callback.handler.class = null
	sasl.jaas.config = null
	sasl.kerberos.kinit.cmd = /usr/bin/kinit
	sasl.kerberos.min.time.before.relogin = 60000
	sasl.kerberos.service.name = null
	sasl.kerberos.ticket.renew.jitter = 0.05
	sasl.kerberos.ticket.renew.window.factor = 0.8
	sasl.login.callback.handler.class = null
	sasl.login.class = null
	sasl.login.connect.timeout.ms = null
	sasl.login.read.timeout.ms = null
	sasl.login.refresh.buffer.seconds = 300
	sasl.login.refresh.min.period.seconds = 60
	sasl.login.refresh.window.factor = 0.8
	sasl.login.refresh.window.jitter = 0.05
	sasl.login.retry.backoff.max.ms = 10000
	sasl.login.retry.backoff.ms = 100
	sasl.mechanism = GSSAPI
	sasl.oauthbearer.clock.skew.seconds = 30
	sasl.oauthbearer.expected.audience = null
	sasl.oauthbearer.expected.issuer = null
	sasl.oauthbearer.header.urlencode = false
	sasl.oauthbearer.jwks.endpoint.refresh.ms = 3600000
	sasl.oauthbearer.jwks.endpoint.retry.backoff.max.ms = 10000
	sasl.oauthbearer.jwks.endpoint.retry.backoff.ms = 100
	sasl.oauthbearer.jwks.endpoint.url = null
	sasl.oauthbearer.scope.claim.name = scope
	sasl.oauthbearer.sub.claim.name = sub
	sasl.oauthbearer.token.endpoint.url = null
	security.protocol = PLAINTEXT
	security.providers = null
	send.buffer.bytes = 131072
	socket.connection.setup.timeout.max.ms = 30000
	socket.connection.setup.timeout.ms = 10000
	ssl.cipher.suites = null
	ssl.enabled.protocols = [TLSv1.2, TLSv1.3]
	ssl.endpoint.identification.algorithm = https
	ssl.engine.factory.class = null
	ssl.key.password = null
	ssl.keymanager.algorithm = SunX509
	ssl.keystore.certificate.chain = null
	ssl.keystore.key = null
	ssl.keystore.location = null
	ssl.keystore.password = null
	ssl.keystore.type = JKS
	ssl.protocol = TLSv1.3
	ssl.provider = null
	ssl.secure.random.implementation = null
	ssl.trustmanager.algorithm = PKIX
	ssl.truststore.certificates = null
	ssl.truststore.location = null
	ssl.truststore.password = null
	ssl.truststore.type = JKS
	transaction.timeout.ms = 60000
	transactional.id = null
	value.serializer = class io.apicurio.registry.serde.avro.AvroKafkaSerializer

2025-08-12 17:21:42,194 INFO  [org.apa.kaf.com.tel.int.KafkaMetricsCollector] (main) initializing Kafka metrics collector
2025-08-12 17:21:42,197 INFO  [org.apa.kaf.cli.pro.KafkaProducer] (main) [Producer clientId=Producer-topic-c3b7134a_a56b_477e_b5ba_d04f63f349c1] Instantiated an idempotent producer.
2025-08-12 17:21:42,199 INFO  [org.apa.kaf.cli.pro.ProducerConfig] (main) These configurations '[apicurio.registry.url, apicurio.registry.artifact-resolver-strategy]' were supplied but are not used yet.
2025-08-12 17:21:42,200 INFO  [org.apa.kaf.com.uti.AppInfoParser] (main) Kafka version: 3.9.1
2025-08-12 17:21:42,200 INFO  [org.apa.kaf.com.uti.AppInfoParser] (main) Kafka commitId: f745dfdcee2b9851
2025-08-12 17:21:42,200 INFO  [org.apa.kaf.com.uti.AppInfoParser] (main) Kafka startTimeMs: 1755019302199
**** Registry Base URL: http://registry-app-inmemory.apps.ci419.apicurio-testing.org:80
2025-08-12 17:21:42,200 INFO  [org.apa.kaf.cli.pro.ProducerConfig] (main) ProducerConfig values: 
	acks = -1
	auto.include.jmx.reporter = true
	batch.size = 16384
	bootstrap.servers = [PLAINTEXT://localhost:32769]
	buffer.memory = 33554432
	client.dns.lookup = use_all_dns_ips
	client.id = Producer-topic-ceb7bd08_c30f_46cd_b426_5b1c3450b3db
	compression.gzip.level = -1
	compression.lz4.level = 9
	compression.type = none
	compression.zstd.level = 3
	connections.max.idle.ms = 10000
	delivery.timeout.ms = 120000
	enable.idempotence = true
	enable.metrics.push = true
	interceptor.classes = []
	key.serializer = class org.apache.kafka.common.serialization.StringSerializer
	linger.ms = 0
	max.block.ms = 60000
	max.in.flight.requests.per.connection = 5
	max.request.size = 1048576
	metadata.max.age.ms = 300000
	metadata.max.idle.ms = 300000
	metadata.recovery.strategy = none
	metric.reporters = []
	metrics.num.samples = 2
	metrics.recording.level = INFO
	metrics.sample.window.ms = 30000
	partitioner.adaptive.partitioning.enable = true
	partitioner.availability.timeout.ms = 0
	partitioner.class = null
	partitioner.ignore.keys = false
	receive.buffer.bytes = 32768
	reconnect.backoff.max.ms = 1000
	reconnect.backoff.ms = 50
	request.timeout.ms = 5000
	retries = 2147483647
	retry.backoff.max.ms = 1000
	retry.backoff.ms = 100
	sasl.client.callback.handler.class = null
	sasl.jaas.config = null
	sasl.kerberos.kinit.cmd = /usr/bin/kinit
	sasl.kerberos.min.time.before.relogin = 60000
	sasl.kerberos.service.name = null
	sasl.kerberos.ticket.renew.jitter = 0.05
	sasl.kerberos.ticket.renew.window.factor = 0.8
	sasl.login.callback.handler.class = null
	sasl.login.class = null
	sasl.login.connect.timeout.ms = null
	sasl.login.read.timeout.ms = null
	sasl.login.refresh.buffer.seconds = 300
	sasl.login.refresh.min.period.seconds = 60
	sasl.login.refresh.window.factor = 0.8
	sasl.login.refresh.window.jitter = 0.05
	sasl.login.retry.backoff.max.ms = 10000
	sasl.login.retry.backoff.ms = 100
	sasl.mechanism = GSSAPI
	sasl.oauthbearer.clock.skew.seconds = 30
	sasl.oauthbearer.expected.audience = null
	sasl.oauthbearer.expected.issuer = null
	sasl.oauthbearer.header.urlencode = false
	sasl.oauthbearer.jwks.endpoint.refresh.ms = 3600000
	sasl.oauthbearer.jwks.endpoint.retry.backoff.max.ms = 10000
	sasl.oauthbearer.jwks.endpoint.retry.backoff.ms = 100
	sasl.oauthbearer.jwks.endpoint.url = null
	sasl.oauthbearer.scope.claim.name = scope
	sasl.oauthbearer.sub.claim.name = sub
	sasl.oauthbearer.token.endpoint.url = null
	security.protocol = PLAINTEXT
	security.providers = null
	send.buffer.bytes = 131072
	socket.connection.setup.timeout.max.ms = 30000
	socket.connection.setup.timeout.ms = 10000
	ssl.cipher.suites = null
	ssl.enabled.protocols = [TLSv1.2, TLSv1.3]
	ssl.endpoint.identification.algorithm = https
	ssl.engine.factory.class = null
	ssl.key.password = null
	ssl.keymanager.algorithm = SunX509
	ssl.keystore.certificate.chain = null
	ssl.keystore.key = null
	ssl.keystore.location = null
	ssl.keystore.password = null
	ssl.keystore.type = JKS
	ssl.protocol = TLSv1.3
	ssl.provider = null
	ssl.secure.random.implementation = null
	ssl.trustmanager.algorithm = PKIX
	ssl.truststore.certificates = null
	ssl.truststore.location = null
	ssl.truststore.password = null
	ssl.truststore.type = JKS
	transaction.timeout.ms = 60000
	transactional.id = null
	value.serializer = class io.apicurio.registry.serde.avro.AvroKafkaSerializer

2025-08-12 17:21:42,201 INFO  [org.apa.kaf.com.tel.int.KafkaMetricsCollector] (main) initializing Kafka metrics collector
2025-08-12 17:21:42,206 INFO  [org.apa.kaf.cli.pro.KafkaProducer] (main) [Producer clientId=Producer-topic-ceb7bd08_c30f_46cd_b426_5b1c3450b3db] Instantiated an idempotent producer.
2025-08-12 17:21:42,208 INFO  [org.apa.kaf.cli.Metadata] (kafka-producer-network-thread | Producer-topic-c3b7134a_a56b_477e_b5ba_d04f63f349c1) [Producer clientId=Producer-topic-c3b7134a_a56b_477e_b5ba_d04f63f349c1] Cluster ID: Ursznb63T6OTazTEUvngGA
2025-08-12 17:21:42,208 INFO  [org.apa.kaf.cli.pro.int.TransactionManager] (kafka-producer-network-thread | Producer-topic-c3b7134a_a56b_477e_b5ba_d04f63f349c1) [Producer clientId=Producer-topic-c3b7134a_a56b_477e_b5ba_d04f63f349c1] ProducerId set to 19 with epoch 0
2025-08-12 17:21:42,208 INFO  [org.apa.kaf.cli.pro.ProducerConfig] (main) These configurations '[apicurio.registry.url, apicurio.registry.artifact-resolver-strategy]' were supplied but are not used yet.
2025-08-12 17:21:42,209 INFO  [org.apa.kaf.com.uti.AppInfoParser] (main) Kafka version: 3.9.1
2025-08-12 17:21:42,209 INFO  [org.apa.kaf.com.uti.AppInfoParser] (main) Kafka commitId: f745dfdcee2b9851
2025-08-12 17:21:42,209 INFO  [org.apa.kaf.com.uti.AppInfoParser] (main) Kafka startTimeMs: 1755019302208
**** Registry Base URL: http://registry-app-inmemory.apps.ci419.apicurio-testing.org:80
2025-08-12 17:21:42,209 INFO  [org.apa.kaf.cli.pro.ProducerConfig] (main) ProducerConfig values: 
	acks = -1
	auto.include.jmx.reporter = true
	batch.size = 16384
	bootstrap.servers = [PLAINTEXT://localhost:32769]
	buffer.memory = 33554432
	client.dns.lookup = use_all_dns_ips
	client.id = Producer-topic-b5e6d4ca_2c8f_45d4_9a0e_26524039b5ce
	compression.gzip.level = -1
	compression.lz4.level = 9
	compression.type = none
	compression.zstd.level = 3
	connections.max.idle.ms = 10000
	delivery.timeout.ms = 120000
	enable.idempotence = true
	enable.metrics.push = true
	interceptor.classes = []
	key.serializer = class org.apache.kafka.common.serialization.StringSerializer
	linger.ms = 0
	max.block.ms = 60000
	max.in.flight.requests.per.connection = 5
	max.request.size = 1048576
	metadata.max.age.ms = 300000
	metadata.max.idle.ms = 300000
	metadata.recovery.strategy = none
	metric.reporters = []
	metrics.num.samples = 2
	metrics.recording.level = INFO
	metrics.sample.window.ms = 30000
	partitioner.adaptive.partitioning.enable = true
	partitioner.availability.timeout.ms = 0
	partitioner.class = null
	partitioner.ignore.keys = false
	receive.buffer.bytes = 32768
	reconnect.backoff.max.ms = 1000
	reconnect.backoff.ms = 50
	request.timeout.ms = 5000
	retries = 2147483647
	retry.backoff.max.ms = 1000
	retry.backoff.ms = 100
	sasl.client.callback.handler.class = null
	sasl.jaas.config = null
	sasl.kerberos.kinit.cmd = /usr/bin/kinit
	sasl.kerberos.min.time.before.relogin = 60000
	sasl.kerberos.service.name = null
	sasl.kerberos.ticket.renew.jitter = 0.05
	sasl.kerberos.ticket.renew.window.factor = 0.8
	sasl.login.callback.handler.class = null
	sasl.login.class = null
	sasl.login.connect.timeout.ms = null
	sasl.login.read.timeout.ms = null
	sasl.login.refresh.buffer.seconds = 300
	sasl.login.refresh.min.period.seconds = 60
	sasl.login.refresh.window.factor = 0.8
	sasl.login.refresh.window.jitter = 0.05
	sasl.login.retry.backoff.max.ms = 10000
	sasl.login.retry.backoff.ms = 100
	sasl.mechanism = GSSAPI
	sasl.oauthbearer.clock.skew.seconds = 30
	sasl.oauthbearer.expected.audience = null
	sasl.oauthbearer.expected.issuer = null
	sasl.oauthbearer.header.urlencode = false
	sasl.oauthbearer.jwks.endpoint.refresh.ms = 3600000
	sasl.oauthbearer.jwks.endpoint.retry.backoff.max.ms = 10000
	sasl.oauthbearer.jwks.endpoint.retry.backoff.ms = 100
	sasl.oauthbearer.jwks.endpoint.url = null
	sasl.oauthbearer.scope.claim.name = scope
	sasl.oauthbearer.sub.claim.name = sub
	sasl.oauthbearer.token.endpoint.url = null
	security.protocol = PLAINTEXT
	security.providers = null
	send.buffer.bytes = 131072
	socket.connection.setup.timeout.max.ms = 30000
	socket.connection.setup.timeout.ms = 10000
	ssl.cipher.suites = null
	ssl.enabled.protocols = [TLSv1.2, TLSv1.3]
	ssl.endpoint.identification.algorithm = https
	ssl.engine.factory.class = null
	ssl.key.password = null
	ssl.keymanager.algorithm = SunX509
	ssl.keystore.certificate.chain = null
	ssl.keystore.key = null
	ssl.keystore.location = null
	ssl.keystore.password = null
	ssl.keystore.type = JKS
	ssl.protocol = TLSv1.3
	ssl.provider = null
	ssl.secure.random.implementation = null
	ssl.trustmanager.algorithm = PKIX
	ssl.truststore.certificates = null
	ssl.truststore.location = null
	ssl.truststore.password = null
	ssl.truststore.type = JKS
	transaction.timeout.ms = 60000
	transactional.id = null
	value.serializer = class io.apicurio.registry.serde.avro.AvroKafkaSerializer

2025-08-12 17:21:42,209 INFO  [org.apa.kaf.com.tel.int.KafkaMetricsCollector] (main) initializing Kafka metrics collector
2025-08-12 17:21:42,213 INFO  [org.apa.kaf.cli.Metadata] (kafka-producer-network-thread | Producer-topic-ceb7bd08_c30f_46cd_b426_5b1c3450b3db) [Producer clientId=Producer-topic-ceb7bd08_c30f_46cd_b426_5b1c3450b3db] Cluster ID: Ursznb63T6OTazTEUvngGA
2025-08-12 17:21:42,214 INFO  [org.apa.kaf.cli.pro.int.TransactionManager] (kafka-producer-network-thread | Producer-topic-ceb7bd08_c30f_46cd_b426_5b1c3450b3db) [Producer clientId=Producer-topic-ceb7bd08_c30f_46cd_b426_5b1c3450b3db] ProducerId set to 20 with epoch 0
2025-08-12 17:21:42,215 INFO  [org.apa.kaf.cli.pro.KafkaProducer] (main) [Producer clientId=Producer-topic-b5e6d4ca_2c8f_45d4_9a0e_26524039b5ce] Instantiated an idempotent producer.
2025-08-12 17:21:42,222 INFO  [org.apa.kaf.cli.pro.ProducerConfig] (main) These configurations '[apicurio.registry.url, apicurio.registry.artifact-resolver-strategy]' were supplied but are not used yet.
2025-08-12 17:21:42,222 INFO  [org.apa.kaf.com.uti.AppInfoParser] (main) Kafka version: 3.9.1
2025-08-12 17:21:42,222 INFO  [org.apa.kaf.com.uti.AppInfoParser] (main) Kafka commitId: f745dfdcee2b9851
2025-08-12 17:21:42,222 INFO  [org.apa.kaf.com.uti.AppInfoParser] (main) Kafka startTimeMs: 1755019302222
**** Registry Base URL: http://registry-app-inmemory.apps.ci419.apicurio-testing.org:80
2025-08-12 17:21:42,223 INFO  [org.apa.kaf.cli.con.ConsumerConfig] (main) ConsumerConfig values: 
	allow.auto.create.topics = true
	auto.commit.interval.ms = 500
	auto.include.jmx.reporter = true
	auto.offset.reset = earliest
	bootstrap.servers = [PLAINTEXT://localhost:32769]
	check.crcs = true
	client.dns.lookup = use_all_dns_ips
	client.id = consumer-Consumer-topic-c3b7134a_a56b_477e_b5ba_d04f63f349c1-14
	client.rack = 
	connections.max.idle.ms = 10000
	default.api.timeout.ms = 60000
	enable.auto.commit = true
	enable.metrics.push = true
	exclude.internal.topics = true
	fetch.max.bytes = 52428800
	fetch.max.wait.ms = 500
	fetch.min.bytes = 1
	group.id = Consumer-topic-c3b7134a_a56b_477e_b5ba_d04f63f349c1
	group.instance.id = null
	group.protocol = classic
	group.remote.assignor = null
	heartbeat.interval.ms = 3000
	interceptor.classes = []
	internal.leave.group.on.close = true
	internal.throw.on.fetch.stable.offset.unsupported = false
	isolation.level = read_uncommitted
	key.deserializer = class org.apache.kafka.common.serialization.StringDeserializer
	max.partition.fetch.bytes = 1048576
	max.poll.interval.ms = 300000
	max.poll.records = 500
	metadata.max.age.ms = 300000
	metadata.recovery.strategy = none
	metric.reporters = []
	metrics.num.samples = 2
	metrics.recording.level = INFO
	metrics.sample.window.ms = 30000
	partition.assignment.strategy = [class org.apache.kafka.clients.consumer.RangeAssignor, class org.apache.kafka.clients.consumer.CooperativeStickyAssignor]
	receive.buffer.bytes = 65536
	reconnect.backoff.max.ms = 1000
	reconnect.backoff.ms = 50
	request.timeout.ms = 5000
	retry.backoff.max.ms = 1000
	retry.backoff.ms = 100
	sasl.client.callback.handler.class = null
	sasl.jaas.config = null
	sasl.kerberos.kinit.cmd = /usr/bin/kinit
	sasl.kerberos.min.time.before.relogin = 60000
	sasl.kerberos.service.name = null
	sasl.kerberos.ticket.renew.jitter = 0.05
	sasl.kerberos.ticket.renew.window.factor = 0.8
	sasl.login.callback.handler.class = null
	sasl.login.class = null
	sasl.login.connect.timeout.ms = null
	sasl.login.read.timeout.ms = null
	sasl.login.refresh.buffer.seconds = 300
	sasl.login.refresh.min.period.seconds = 60
	sasl.login.refresh.window.factor = 0.8
	sasl.login.refresh.window.jitter = 0.05
	sasl.login.retry.backoff.max.ms = 10000
	sasl.login.retry.backoff.ms = 100
	sasl.mechanism = GSSAPI
	sasl.oauthbearer.clock.skew.seconds = 30
	sasl.oauthbearer.expected.audience = null
	sasl.oauthbearer.expected.issuer = null
	sasl.oauthbearer.header.urlencode = false
	sasl.oauthbearer.jwks.endpoint.refresh.ms = 3600000
	sasl.oauthbearer.jwks.endpoint.retry.backoff.max.ms = 10000
	sasl.oauthbearer.jwks.endpoint.retry.backoff.ms = 100
	sasl.oauthbearer.jwks.endpoint.url = null
	sasl.oauthbearer.scope.claim.name = scope
	sasl.oauthbearer.sub.claim.name = sub
	sasl.oauthbearer.token.endpoint.url = null
	security.protocol = PLAINTEXT
	security.providers = null
	send.buffer.bytes = 131072
	session.timeout.ms = 45000
	socket.connection.setup.timeout.max.ms = 30000
	socket.connection.setup.timeout.ms = 10000
	ssl.cipher.suites = null
	ssl.enabled.protocols = [TLSv1.2, TLSv1.3]
	ssl.endpoint.identification.algorithm = https
	ssl.engine.factory.class = null
	ssl.key.password = null
	ssl.keymanager.algorithm = SunX509
	ssl.keystore.certificate.chain = null
	ssl.keystore.key = null
	ssl.keystore.location = null
	ssl.keystore.password = null
	ssl.keystore.type = JKS
	ssl.protocol = TLSv1.3
	ssl.provider = null
	ssl.secure.random.implementation = null
	ssl.trustmanager.algorithm = PKIX
	ssl.truststore.certificates = null
	ssl.truststore.location = null
	ssl.truststore.password = null
	ssl.truststore.type = JKS
	value.deserializer = class io.apicurio.registry.serde.avro.AvroKafkaDeserializer

2025-08-12 17:21:42,223 INFO  [org.apa.kaf.com.tel.int.KafkaMetricsCollector] (main) initializing Kafka metrics collector
2025-08-12 17:21:42,230 INFO  [org.apa.kaf.cli.Metadata] (kafka-producer-network-thread | Producer-topic-b5e6d4ca_2c8f_45d4_9a0e_26524039b5ce) [Producer clientId=Producer-topic-b5e6d4ca_2c8f_45d4_9a0e_26524039b5ce] Cluster ID: Ursznb63T6OTazTEUvngGA
2025-08-12 17:21:42,232 INFO  [org.apa.kaf.cli.pro.int.TransactionManager] (kafka-producer-network-thread | Producer-topic-b5e6d4ca_2c8f_45d4_9a0e_26524039b5ce) [Producer clientId=Producer-topic-b5e6d4ca_2c8f_45d4_9a0e_26524039b5ce] ProducerId set to 21 with epoch 0
2025-08-12 17:21:42,235 INFO  [org.apa.kaf.cli.con.ConsumerConfig] (main) These configurations '[apicurio.registry.url]' were supplied but are not used yet.
2025-08-12 17:21:42,235 INFO  [org.apa.kaf.com.uti.AppInfoParser] (main) Kafka version: 3.9.1
2025-08-12 17:21:42,235 INFO  [org.apa.kaf.com.uti.AppInfoParser] (main) Kafka commitId: f745dfdcee2b9851
2025-08-12 17:21:42,235 INFO  [org.apa.kaf.com.uti.AppInfoParser] (main) Kafka startTimeMs: 1755019302235
**** Registry Base URL: http://registry-app-inmemory.apps.ci419.apicurio-testing.org:80
2025-08-12 17:21:42,236 INFO  [org.apa.kaf.cli.con.ConsumerConfig] (main) ConsumerConfig values: 
	allow.auto.create.topics = true
	auto.commit.interval.ms = 500
	auto.include.jmx.reporter = true
	auto.offset.reset = earliest
	bootstrap.servers = [PLAINTEXT://localhost:32769]
	check.crcs = true
	client.dns.lookup = use_all_dns_ips
	client.id = consumer-Consumer-topic-ceb7bd08_c30f_46cd_b426_5b1c3450b3db-15
	client.rack = 
	connections.max.idle.ms = 10000
	default.api.timeout.ms = 60000
	enable.auto.commit = true
	enable.metrics.push = true
	exclude.internal.topics = true
	fetch.max.bytes = 52428800
	fetch.max.wait.ms = 500
	fetch.min.bytes = 1
	group.id = Consumer-topic-ceb7bd08_c30f_46cd_b426_5b1c3450b3db
	group.instance.id = null
	group.protocol = classic
	group.remote.assignor = null
	heartbeat.interval.ms = 3000
	interceptor.classes = []
	internal.leave.group.on.close = true
	internal.throw.on.fetch.stable.offset.unsupported = false
	isolation.level = read_uncommitted
	key.deserializer = class org.apache.kafka.common.serialization.StringDeserializer
	max.partition.fetch.bytes = 1048576
	max.poll.interval.ms = 300000
	max.poll.records = 500
	metadata.max.age.ms = 300000
	metadata.recovery.strategy = none
	metric.reporters = []
	metrics.num.samples = 2
	metrics.recording.level = INFO
	metrics.sample.window.ms = 30000
	partition.assignment.strategy = [class org.apache.kafka.clients.consumer.RangeAssignor, class org.apache.kafka.clients.consumer.CooperativeStickyAssignor]
	receive.buffer.bytes = 65536
	reconnect.backoff.max.ms = 1000
	reconnect.backoff.ms = 50
	request.timeout.ms = 5000
	retry.backoff.max.ms = 1000
	retry.backoff.ms = 100
	sasl.client.callback.handler.class = null
	sasl.jaas.config = null
	sasl.kerberos.kinit.cmd = /usr/bin/kinit
	sasl.kerberos.min.time.before.relogin = 60000
	sasl.kerberos.service.name = null
	sasl.kerberos.ticket.renew.jitter = 0.05
	sasl.kerberos.ticket.renew.window.factor = 0.8
	sasl.login.callback.handler.class = null
	sasl.login.class = null
	sasl.login.connect.timeout.ms = null
	sasl.login.read.timeout.ms = null
	sasl.login.refresh.buffer.seconds = 300
	sasl.login.refresh.min.period.seconds = 60
	sasl.login.refresh.window.factor = 0.8
	sasl.login.refresh.window.jitter = 0.05
	sasl.login.retry.backoff.max.ms = 10000
	sasl.login.retry.backoff.ms = 100
	sasl.mechanism = GSSAPI
	sasl.oauthbearer.clock.skew.seconds = 30
	sasl.oauthbearer.expected.audience = null
	sasl.oauthbearer.expected.issuer = null
	sasl.oauthbearer.header.urlencode = false
	sasl.oauthbearer.jwks.endpoint.refresh.ms = 3600000
	sasl.oauthbearer.jwks.endpoint.retry.backoff.max.ms = 10000
	sasl.oauthbearer.jwks.endpoint.retry.backoff.ms = 100
	sasl.oauthbearer.jwks.endpoint.url = null
	sasl.oauthbearer.scope.claim.name = scope
	sasl.oauthbearer.sub.claim.name = sub
	sasl.oauthbearer.token.endpoint.url = null
	security.protocol = PLAINTEXT
	security.providers = null
	send.buffer.bytes = 131072
	session.timeout.ms = 45000
	socket.connection.setup.timeout.max.ms = 30000
	socket.connection.setup.timeout.ms = 10000
	ssl.cipher.suites = null
	ssl.enabled.protocols = [TLSv1.2, TLSv1.3]
	ssl.endpoint.identification.algorithm = https
	ssl.engine.factory.class = null
	ssl.key.password = null
	ssl.keymanager.algorithm = SunX509
	ssl.keystore.certificate.chain = null
	ssl.keystore.key = null
	ssl.keystore.location = null
	ssl.keystore.password = null
	ssl.keystore.type = JKS
	ssl.protocol = TLSv1.3
	ssl.provider = null
	ssl.secure.random.implementation = null
	ssl.trustmanager.algorithm = PKIX
	ssl.truststore.certificates = null
	ssl.truststore.location = null
	ssl.truststore.password = null
	ssl.truststore.type = JKS
	value.deserializer = class io.apicurio.registry.serde.avro.AvroKafkaDeserializer

2025-08-12 17:21:42,236 INFO  [org.apa.kaf.com.tel.int.KafkaMetricsCollector] (main) initializing Kafka metrics collector
2025-08-12 17:21:42,241 INFO  [org.apa.kaf.cli.con.ConsumerConfig] (main) These configurations '[apicurio.registry.url]' were supplied but are not used yet.
2025-08-12 17:21:42,241 INFO  [org.apa.kaf.com.uti.AppInfoParser] (main) Kafka version: 3.9.1
2025-08-12 17:21:42,241 INFO  [org.apa.kaf.com.uti.AppInfoParser] (main) Kafka commitId: f745dfdcee2b9851
2025-08-12 17:21:42,241 INFO  [org.apa.kaf.com.uti.AppInfoParser] (main) Kafka startTimeMs: 1755019302241
**** Registry Base URL: http://registry-app-inmemory.apps.ci419.apicurio-testing.org:80
2025-08-12 17:21:42,242 INFO  [org.apa.kaf.cli.con.ConsumerConfig] (main) ConsumerConfig values: 
	allow.auto.create.topics = true
	auto.commit.interval.ms = 500
	auto.include.jmx.reporter = true
	auto.offset.reset = earliest
	bootstrap.servers = [PLAINTEXT://localhost:32769]
	check.crcs = true
	client.dns.lookup = use_all_dns_ips
	client.id = consumer-Consumer-topic-b5e6d4ca_2c8f_45d4_9a0e_26524039b5ce-16
	client.rack = 
	connections.max.idle.ms = 10000
	default.api.timeout.ms = 60000
	enable.auto.commit = true
	enable.metrics.push = true
	exclude.internal.topics = true
	fetch.max.bytes = 52428800
	fetch.max.wait.ms = 500
	fetch.min.bytes = 1
	group.id = Consumer-topic-b5e6d4ca_2c8f_45d4_9a0e_26524039b5ce
	group.instance.id = null
	group.protocol = classic
	group.remote.assignor = null
	heartbeat.interval.ms = 3000
	interceptor.classes = []
	internal.leave.group.on.close = true
	internal.throw.on.fetch.stable.offset.unsupported = false
	isolation.level = read_uncommitted
	key.deserializer = class org.apache.kafka.common.serialization.StringDeserializer
	max.partition.fetch.bytes = 1048576
	max.poll.interval.ms = 300000
	max.poll.records = 500
	metadata.max.age.ms = 300000
	metadata.recovery.strategy = none
	metric.reporters = []
	metrics.num.samples = 2
	metrics.recording.level = INFO
	metrics.sample.window.ms = 30000
	partition.assignment.strategy = [class org.apache.kafka.clients.consumer.RangeAssignor, class org.apache.kafka.clients.consumer.CooperativeStickyAssignor]
	receive.buffer.bytes = 65536
	reconnect.backoff.max.ms = 1000
	reconnect.backoff.ms = 50
	request.timeout.ms = 5000
	retry.backoff.max.ms = 1000
	retry.backoff.ms = 100
	sasl.client.callback.handler.class = null
	sasl.jaas.config = null
	sasl.kerberos.kinit.cmd = /usr/bin/kinit
	sasl.kerberos.min.time.before.relogin = 60000
	sasl.kerberos.service.name = null
	sasl.kerberos.ticket.renew.jitter = 0.05
	sasl.kerberos.ticket.renew.window.factor = 0.8
	sasl.login.callback.handler.class = null
	sasl.login.class = null
	sasl.login.connect.timeout.ms = null
	sasl.login.read.timeout.ms = null
	sasl.login.refresh.buffer.seconds = 300
	sasl.login.refresh.min.period.seconds = 60
	sasl.login.refresh.window.factor = 0.8
	sasl.login.refresh.window.jitter = 0.05
	sasl.login.retry.backoff.max.ms = 10000
	sasl.login.retry.backoff.ms = 100
	sasl.mechanism = GSSAPI
	sasl.oauthbearer.clock.skew.seconds = 30
	sasl.oauthbearer.expected.audience = null
	sasl.oauthbearer.expected.issuer = null
	sasl.oauthbearer.header.urlencode = false
	sasl.oauthbearer.jwks.endpoint.refresh.ms = 3600000
	sasl.oauthbearer.jwks.endpoint.retry.backoff.max.ms = 10000
	sasl.oauthbearer.jwks.endpoint.retry.backoff.ms = 100
	sasl.oauthbearer.jwks.endpoint.url = null
	sasl.oauthbearer.scope.claim.name = scope
	sasl.oauthbearer.sub.claim.name = sub
	sasl.oauthbearer.token.endpoint.url = null
	security.protocol = PLAINTEXT
	security.providers = null
	send.buffer.bytes = 131072
	session.timeout.ms = 45000
	socket.connection.setup.timeout.max.ms = 30000
	socket.connection.setup.timeout.ms = 10000
	ssl.cipher.suites = null
	ssl.enabled.protocols = [TLSv1.2, TLSv1.3]
	ssl.endpoint.identification.algorithm = https
	ssl.engine.factory.class = null
	ssl.key.password = null
	ssl.keymanager.algorithm = SunX509
	ssl.keystore.certificate.chain = null
	ssl.keystore.key = null
	ssl.keystore.location = null
	ssl.keystore.password = null
	ssl.keystore.type = JKS
	ssl.protocol = TLSv1.3
	ssl.provider = null
	ssl.secure.random.implementation = null
	ssl.trustmanager.algorithm = PKIX
	ssl.truststore.certificates = null
	ssl.truststore.location = null
	ssl.truststore.password = null
	ssl.truststore.type = JKS
	value.deserializer = class io.apicurio.registry.serde.avro.AvroKafkaDeserializer

2025-08-12 17:21:42,242 INFO  [org.apa.kaf.com.tel.int.KafkaMetricsCollector] (main) initializing Kafka metrics collector
2025-08-12 17:21:42,249 INFO  [org.apa.kaf.cli.con.ConsumerConfig] (main) These configurations '[apicurio.registry.url]' were supplied but are not used yet.
2025-08-12 17:21:42,249 INFO  [org.apa.kaf.com.uti.AppInfoParser] (main) Kafka version: 3.9.1
2025-08-12 17:21:42,249 INFO  [org.apa.kaf.com.uti.AppInfoParser] (main) Kafka commitId: f745dfdcee2b9851
2025-08-12 17:21:42,249 INFO  [org.apa.kaf.com.uti.AppInfoParser] (main) Kafka startTimeMs: 1755019302249
2025-08-12 17:21:42,250 INFO  [io.api.tes.ser.api.KafkaSerdesTester] (Thread-713) Sending message {"key11755019301032": "value-0"} to topic topic-c3b7134a_a56b_477e_b5ba_d04f63f349c1
2025-08-12 17:21:42,255 INFO  [DefaultSchemaResolver] (Thread-713) Retrieving schema content using string: {"type":"record","name":"myrecordconfluent","fields":[{"name":"key11755019301032","type":"string"}]}
2025-08-12 17:21:42,399 INFO  [io.api.tes.ser.api.KafkaSerdesTester] (Thread-713) Sending message {"key11755019301032": "value-1"} to topic topic-c3b7134a_a56b_477e_b5ba_d04f63f349c1
2025-08-12 17:21:42,400 INFO  [io.api.tes.ser.api.KafkaSerdesTester] (Thread-713) Sending message {"key11755019301032": "value-2"} to topic topic-c3b7134a_a56b_477e_b5ba_d04f63f349c1
2025-08-12 17:21:42,401 INFO  [io.api.tes.ser.api.KafkaSerdesTester] (Thread-713) Sending message {"key11755019301032": "value-3"} to topic topic-c3b7134a_a56b_477e_b5ba_d04f63f349c1
2025-08-12 17:21:42,402 INFO  [io.api.tes.ser.api.KafkaSerdesTester] (Thread-713) Sending message {"key11755019301032": "value-4"} to topic topic-c3b7134a_a56b_477e_b5ba_d04f63f349c1
2025-08-12 17:21:42,404 INFO  [io.api.tes.ser.api.KafkaSerdesTester] (Thread-713) Sending message {"key11755019301032": "value-5"} to topic topic-c3b7134a_a56b_477e_b5ba_d04f63f349c1
2025-08-12 17:21:42,405 INFO  [io.api.tes.ser.api.KafkaSerdesTester] (Thread-713) Sending message {"key11755019301032": "value-6"} to topic topic-c3b7134a_a56b_477e_b5ba_d04f63f349c1
2025-08-12 17:21:42,406 INFO  [io.api.tes.ser.api.KafkaSerdesTester] (Thread-713) Sending message {"key11755019301032": "value-7"} to topic topic-c3b7134a_a56b_477e_b5ba_d04f63f349c1
2025-08-12 17:21:42,408 INFO  [io.api.tes.ser.api.KafkaSerdesTester] (Thread-713) Sending message {"key11755019301032": "value-8"} to topic topic-c3b7134a_a56b_477e_b5ba_d04f63f349c1
2025-08-12 17:21:42,409 INFO  [io.api.tes.ser.api.KafkaSerdesTester] (Thread-713) Sending message {"key11755019301032": "value-9"} to topic topic-c3b7134a_a56b_477e_b5ba_d04f63f349c1
2025-08-12 17:21:42,410 INFO  [io.api.tes.ser.api.KafkaSerdesTester] (Thread-713) Produced 10 messages
2025-08-12 17:21:42,410 INFO  [org.apa.kaf.cli.pro.KafkaProducer] (Thread-713) [Producer clientId=Producer-topic-c3b7134a_a56b_477e_b5ba_d04f63f349c1] Closing the Kafka producer with timeoutMillis = 9223372036854775807 ms.
2025-08-12 17:21:42,411 INFO  [org.apa.kaf.com.met.Metrics] (Thread-713) Metrics scheduler closed
2025-08-12 17:21:42,411 INFO  [org.apa.kaf.com.met.Metrics] (Thread-713) Closing reporter org.apache.kafka.common.metrics.JmxReporter
2025-08-12 17:21:42,411 INFO  [org.apa.kaf.com.met.Metrics] (Thread-713) Closing reporter org.apache.kafka.common.telemetry.internals.ClientTelemetryReporter
2025-08-12 17:21:42,411 INFO  [org.apa.kaf.com.met.Metrics] (Thread-713) Metrics reporters closed
2025-08-12 17:21:42,412 INFO  [org.apa.kaf.com.uti.AppInfoParser] (Thread-713) App info kafka.producer for Producer-topic-c3b7134a_a56b_477e_b5ba_d04f63f349c1 unregistered
2025-08-12 17:21:42,413 INFO  [io.api.tes.ser.api.KafkaSerdesTester] (Thread-714) Sending message {"key11755019301032": "value-0"} to topic topic-ceb7bd08_c30f_46cd_b426_5b1c3450b3db
2025-08-12 17:21:42,419 INFO  [DefaultSchemaResolver] (Thread-714) Retrieving schema content using string: {"type":"record","name":"myrecordconfluent","fields":[{"name":"key11755019301032","type":"string"}]}
2025-08-12 17:21:42,571 INFO  [io.api.tes.ser.api.KafkaSerdesTester] (Thread-714) Sending message {"key11755019301032": "value-1"} to topic topic-ceb7bd08_c30f_46cd_b426_5b1c3450b3db
2025-08-12 17:21:42,572 INFO  [io.api.tes.ser.api.KafkaSerdesTester] (Thread-714) Sending message {"key11755019301032": "value-2"} to topic topic-ceb7bd08_c30f_46cd_b426_5b1c3450b3db
2025-08-12 17:21:42,573 INFO  [io.api.tes.ser.api.KafkaSerdesTester] (Thread-714) Sending message {"key11755019301032": "value-3"} to topic topic-ceb7bd08_c30f_46cd_b426_5b1c3450b3db
2025-08-12 17:21:42,574 INFO  [io.api.tes.ser.api.KafkaSerdesTester] (Thread-714) Sending message {"key11755019301032": "value-4"} to topic topic-ceb7bd08_c30f_46cd_b426_5b1c3450b3db
2025-08-12 17:21:42,575 INFO  [io.api.tes.ser.api.KafkaSerdesTester] (Thread-714) Sending message {"key11755019301032": "value-5"} to topic topic-ceb7bd08_c30f_46cd_b426_5b1c3450b3db
2025-08-12 17:21:42,577 INFO  [io.api.tes.ser.api.KafkaSerdesTester] (Thread-714) Sending message {"key11755019301032": "value-6"} to topic topic-ceb7bd08_c30f_46cd_b426_5b1c3450b3db
2025-08-12 17:21:42,578 INFO  [io.api.tes.ser.api.KafkaSerdesTester] (Thread-714) Sending message {"key11755019301032": "value-7"} to topic topic-ceb7bd08_c30f_46cd_b426_5b1c3450b3db
2025-08-12 17:21:42,580 INFO  [io.api.tes.ser.api.KafkaSerdesTester] (Thread-714) Sending message {"key11755019301032": "value-8"} to topic topic-ceb7bd08_c30f_46cd_b426_5b1c3450b3db
2025-08-12 17:21:42,581 INFO  [io.api.tes.ser.api.KafkaSerdesTester] (Thread-714) Sending message {"key11755019301032": "value-9"} to topic topic-ceb7bd08_c30f_46cd_b426_5b1c3450b3db
2025-08-12 17:21:42,582 INFO  [io.api.tes.ser.api.KafkaSerdesTester] (Thread-714) Produced 10 messages
2025-08-12 17:21:42,582 INFO  [org.apa.kaf.cli.pro.KafkaProducer] (Thread-714) [Producer clientId=Producer-topic-ceb7bd08_c30f_46cd_b426_5b1c3450b3db] Closing the Kafka producer with timeoutMillis = 9223372036854775807 ms.
2025-08-12 17:21:42,585 INFO  [org.apa.kaf.com.met.Metrics] (Thread-714) Metrics scheduler closed
2025-08-12 17:21:42,585 INFO  [org.apa.kaf.com.met.Metrics] (Thread-714) Closing reporter org.apache.kafka.common.metrics.JmxReporter
2025-08-12 17:21:42,586 INFO  [org.apa.kaf.com.met.Metrics] (Thread-714) Closing reporter org.apache.kafka.common.telemetry.internals.ClientTelemetryReporter
2025-08-12 17:21:42,586 INFO  [org.apa.kaf.com.met.Metrics] (Thread-714) Metrics reporters closed
2025-08-12 17:21:42,586 INFO  [org.apa.kaf.com.uti.AppInfoParser] (Thread-714) App info kafka.producer for Producer-topic-ceb7bd08_c30f_46cd_b426_5b1c3450b3db unregistered
2025-08-12 17:21:42,587 INFO  [io.api.tes.ser.api.KafkaSerdesTester] (Thread-715) Sending message {"key11755019301032": "value-0"} to topic topic-b5e6d4ca_2c8f_45d4_9a0e_26524039b5ce
2025-08-12 17:21:42,589 INFO  [DefaultSchemaResolver] (Thread-715) Retrieving schema content using string: {"type":"record","name":"myrecordconfluent","fields":[{"name":"key11755019301032","type":"string"}]}
2025-08-12 17:21:42,738 INFO  [io.api.tes.ser.api.KafkaSerdesTester] (Thread-715) Sending message {"key11755019301032": "value-1"} to topic topic-b5e6d4ca_2c8f_45d4_9a0e_26524039b5ce
2025-08-12 17:21:42,740 INFO  [io.api.tes.ser.api.KafkaSerdesTester] (Thread-715) Sending message {"key11755019301032": "value-2"} to topic topic-b5e6d4ca_2c8f_45d4_9a0e_26524039b5ce
2025-08-12 17:21:42,741 INFO  [io.api.tes.ser.api.KafkaSerdesTester] (Thread-715) Sending message {"key11755019301032": "value-3"} to topic topic-b5e6d4ca_2c8f_45d4_9a0e_26524039b5ce
2025-08-12 17:21:42,742 INFO  [io.api.tes.ser.api.KafkaSerdesTester] (Thread-715) Sending message {"key11755019301032": "value-4"} to topic topic-b5e6d4ca_2c8f_45d4_9a0e_26524039b5ce
2025-08-12 17:21:42,744 INFO  [io.api.tes.ser.api.KafkaSerdesTester] (Thread-715) Sending message {"key11755019301032": "value-5"} to topic topic-b5e6d4ca_2c8f_45d4_9a0e_26524039b5ce
2025-08-12 17:21:42,746 INFO  [io.api.tes.ser.api.KafkaSerdesTester] (Thread-715) Sending message {"key11755019301032": "value-6"} to topic topic-b5e6d4ca_2c8f_45d4_9a0e_26524039b5ce
2025-08-12 17:21:42,747 INFO  [io.api.tes.ser.api.KafkaSerdesTester] (Thread-715) Sending message {"key11755019301032": "value-7"} to topic topic-b5e6d4ca_2c8f_45d4_9a0e_26524039b5ce
2025-08-12 17:21:42,749 INFO  [io.api.tes.ser.api.KafkaSerdesTester] (Thread-715) Sending message {"key11755019301032": "value-8"} to topic topic-b5e6d4ca_2c8f_45d4_9a0e_26524039b5ce
2025-08-12 17:21:42,750 INFO  [io.api.tes.ser.api.KafkaSerdesTester] (Thread-715) Sending message {"key11755019301032": "value-9"} to topic topic-b5e6d4ca_2c8f_45d4_9a0e_26524039b5ce
2025-08-12 17:21:42,751 INFO  [io.api.tes.ser.api.KafkaSerdesTester] (Thread-715) Produced 10 messages
2025-08-12 17:21:42,751 INFO  [org.apa.kaf.cli.pro.KafkaProducer] (Thread-715) [Producer clientId=Producer-topic-b5e6d4ca_2c8f_45d4_9a0e_26524039b5ce] Closing the Kafka producer with timeoutMillis = 9223372036854775807 ms.
2025-08-12 17:21:42,753 INFO  [org.apa.kaf.com.met.Metrics] (Thread-715) Metrics scheduler closed
2025-08-12 17:21:42,753 INFO  [org.apa.kaf.com.met.Metrics] (Thread-715) Closing reporter org.apache.kafka.common.metrics.JmxReporter
2025-08-12 17:21:42,753 INFO  [org.apa.kaf.com.met.Metrics] (Thread-715) Closing reporter org.apache.kafka.common.telemetry.internals.ClientTelemetryReporter
2025-08-12 17:21:42,753 INFO  [org.apa.kaf.com.met.Metrics] (Thread-715) Metrics reporters closed
2025-08-12 17:21:42,753 INFO  [org.apa.kaf.com.uti.AppInfoParser] (Thread-715) App info kafka.producer for Producer-topic-b5e6d4ca_2c8f_45d4_9a0e_26524039b5ce unregistered
2025-08-12 17:21:42,754 INFO  [org.apa.kaf.cli.con.int.ClassicKafkaConsumer] (Thread-716) [Consumer clientId=consumer-Consumer-topic-c3b7134a_a56b_477e_b5ba_d04f63f349c1-14, groupId=Consumer-topic-c3b7134a_a56b_477e_b5ba_d04f63f349c1] Subscribed to topic(s): topic-c3b7134a_a56b_477e_b5ba_d04f63f349c1
2025-08-12 17:21:42,760 INFO  [org.apa.kaf.cli.Metadata] (Thread-716) [Consumer clientId=consumer-Consumer-topic-c3b7134a_a56b_477e_b5ba_d04f63f349c1-14, groupId=Consumer-topic-c3b7134a_a56b_477e_b5ba_d04f63f349c1] Cluster ID: Ursznb63T6OTazTEUvngGA
2025-08-12 17:21:42,761 INFO  [org.apa.kaf.cli.con.int.ConsumerCoordinator] (Thread-716) [Consumer clientId=consumer-Consumer-topic-c3b7134a_a56b_477e_b5ba_d04f63f349c1-14, groupId=Consumer-topic-c3b7134a_a56b_477e_b5ba_d04f63f349c1] Discovered group coordinator localhost:32769 (id: 2147483647 rack: null)
2025-08-12 17:21:42,763 INFO  [org.apa.kaf.cli.con.int.ConsumerCoordinator] (Thread-716) [Consumer clientId=consumer-Consumer-topic-c3b7134a_a56b_477e_b5ba_d04f63f349c1-14, groupId=Consumer-topic-c3b7134a_a56b_477e_b5ba_d04f63f349c1] (Re-)joining group
2025-08-12 17:21:42,766 INFO  [org.apa.kaf.cli.con.int.ConsumerCoordinator] (Thread-716) [Consumer clientId=consumer-Consumer-topic-c3b7134a_a56b_477e_b5ba_d04f63f349c1-14, groupId=Consumer-topic-c3b7134a_a56b_477e_b5ba_d04f63f349c1] Request joining group due to: need to re-join with the given member-id: consumer-Consumer-topic-c3b7134a_a56b_477e_b5ba_d04f63f349c1-14-b5b7d630-7d88-4405-8154-fb6db30355c6
2025-08-12 17:21:42,766 INFO  [org.apa.kaf.cli.con.int.ConsumerCoordinator] (Thread-716) [Consumer clientId=consumer-Consumer-topic-c3b7134a_a56b_477e_b5ba_d04f63f349c1-14, groupId=Consumer-topic-c3b7134a_a56b_477e_b5ba_d04f63f349c1] (Re-)joining group
2025-08-12 17:21:43,754 INFO  [io.api.tes.ser.api.KafkaSerdesTester] (Thread-716) None found
2025-08-12 17:21:44,754 INFO  [io.api.tes.ser.api.KafkaSerdesTester] (Thread-716) None found
2025-08-12 17:21:45,754 INFO  [io.api.tes.ser.api.KafkaSerdesTester] (Thread-716) None found
2025-08-12 17:21:45,768 INFO  [org.apa.kaf.cli.con.int.ConsumerCoordinator] (Thread-716) [Consumer clientId=consumer-Consumer-topic-c3b7134a_a56b_477e_b5ba_d04f63f349c1-14, groupId=Consumer-topic-c3b7134a_a56b_477e_b5ba_d04f63f349c1] Successfully joined group with generation Generation{generationId=1, memberId='consumer-Consumer-topic-c3b7134a_a56b_477e_b5ba_d04f63f349c1-14-b5b7d630-7d88-4405-8154-fb6db30355c6', protocol='range'}
2025-08-12 17:21:45,768 INFO  [org.apa.kaf.cli.con.int.ConsumerCoordinator] (Thread-716) [Consumer clientId=consumer-Consumer-topic-c3b7134a_a56b_477e_b5ba_d04f63f349c1-14, groupId=Consumer-topic-c3b7134a_a56b_477e_b5ba_d04f63f349c1] Finished assignment for group at generation 1: {consumer-Consumer-topic-c3b7134a_a56b_477e_b5ba_d04f63f349c1-14-b5b7d630-7d88-4405-8154-fb6db30355c6=Assignment(partitions=[topic-c3b7134a_a56b_477e_b5ba_d04f63f349c1-0])}
2025-08-12 17:21:45,775 INFO  [org.apa.kaf.cli.con.int.ConsumerCoordinator] (Thread-716) [Consumer clientId=consumer-Consumer-topic-c3b7134a_a56b_477e_b5ba_d04f63f349c1-14, groupId=Consumer-topic-c3b7134a_a56b_477e_b5ba_d04f63f349c1] Successfully synced group in generation Generation{generationId=1, memberId='consumer-Consumer-topic-c3b7134a_a56b_477e_b5ba_d04f63f349c1-14-b5b7d630-7d88-4405-8154-fb6db30355c6', protocol='range'}
2025-08-12 17:21:45,775 INFO  [org.apa.kaf.cli.con.int.ConsumerCoordinator] (Thread-716) [Consumer clientId=consumer-Consumer-topic-c3b7134a_a56b_477e_b5ba_d04f63f349c1-14, groupId=Consumer-topic-c3b7134a_a56b_477e_b5ba_d04f63f349c1] Notifying assignor about the new Assignment(partitions=[topic-c3b7134a_a56b_477e_b5ba_d04f63f349c1-0])
2025-08-12 17:21:45,775 INFO  [org.apa.kaf.cli.con.int.ConsumerRebalanceListenerInvoker] (Thread-716) [Consumer clientId=consumer-Consumer-topic-c3b7134a_a56b_477e_b5ba_d04f63f349c1-14, groupId=Consumer-topic-c3b7134a_a56b_477e_b5ba_d04f63f349c1] Adding newly assigned partitions: topic-c3b7134a_a56b_477e_b5ba_d04f63f349c1-0
2025-08-12 17:21:45,776 INFO  [org.apa.kaf.cli.con.int.ConsumerCoordinator] (Thread-716) [Consumer clientId=consumer-Consumer-topic-c3b7134a_a56b_477e_b5ba_d04f63f349c1-14, groupId=Consumer-topic-c3b7134a_a56b_477e_b5ba_d04f63f349c1] Found no committed offset for partition topic-c3b7134a_a56b_477e_b5ba_d04f63f349c1-0
2025-08-12 17:21:45,779 INFO  [org.apa.kaf.cli.con.int.SubscriptionState] (Thread-716) [Consumer clientId=consumer-Consumer-topic-c3b7134a_a56b_477e_b5ba_d04f63f349c1-14, groupId=Consumer-topic-c3b7134a_a56b_477e_b5ba_d04f63f349c1] Resetting offset for partition topic-c3b7134a_a56b_477e_b5ba_d04f63f349c1-0 to position FetchPosition{offset=0, offsetEpoch=Optional.empty, currentLeader=LeaderAndEpoch{leader=Optional[localhost:32769 (id: 0 rack: null)], epoch=0}}.
2025-08-12 17:21:45,983 INFO  [io.api.tes.ser.api.KafkaSerdesTester] (Thread-716) topic-c3b7134a_a56b_477e_b5ba_d04f63f349c1 0 0 {"key11755019301032": "value-0"}
2025-08-12 17:21:45,983 INFO  [io.api.tes.ser.api.KafkaSerdesTester] (Thread-716) topic-c3b7134a_a56b_477e_b5ba_d04f63f349c1 0 1 {"key11755019301032": "value-1"}
2025-08-12 17:21:45,983 INFO  [io.api.tes.ser.api.KafkaSerdesTester] (Thread-716) topic-c3b7134a_a56b_477e_b5ba_d04f63f349c1 0 2 {"key11755019301032": "value-2"}
2025-08-12 17:21:45,983 INFO  [io.api.tes.ser.api.KafkaSerdesTester] (Thread-716) topic-c3b7134a_a56b_477e_b5ba_d04f63f349c1 0 3 {"key11755019301032": "value-3"}
2025-08-12 17:21:45,984 INFO  [io.api.tes.ser.api.KafkaSerdesTester] (Thread-716) topic-c3b7134a_a56b_477e_b5ba_d04f63f349c1 0 4 {"key11755019301032": "value-4"}
2025-08-12 17:21:45,984 INFO  [io.api.tes.ser.api.KafkaSerdesTester] (Thread-716) topic-c3b7134a_a56b_477e_b5ba_d04f63f349c1 0 5 {"key11755019301032": "value-5"}
2025-08-12 17:21:45,984 INFO  [io.api.tes.ser.api.KafkaSerdesTester] (Thread-716) topic-c3b7134a_a56b_477e_b5ba_d04f63f349c1 0 6 {"key11755019301032": "value-6"}
2025-08-12 17:21:45,984 INFO  [io.api.tes.ser.api.KafkaSerdesTester] (Thread-716) topic-c3b7134a_a56b_477e_b5ba_d04f63f349c1 0 7 {"key11755019301032": "value-7"}
2025-08-12 17:21:45,984 INFO  [io.api.tes.ser.api.KafkaSerdesTester] (Thread-716) topic-c3b7134a_a56b_477e_b5ba_d04f63f349c1 0 8 {"key11755019301032": "value-8"}
2025-08-12 17:21:45,984 INFO  [io.api.tes.ser.api.KafkaSerdesTester] (Thread-716) topic-c3b7134a_a56b_477e_b5ba_d04f63f349c1 0 9 {"key11755019301032": "value-9"}
2025-08-12 17:21:45,984 INFO  [io.api.tes.ser.api.KafkaSerdesTester] (Thread-716) Consumed 10 messages
2025-08-12 17:21:45,990 INFO  [org.apa.kaf.cli.con.int.ConsumerRebalanceListenerInvoker] (Thread-716) [Consumer clientId=consumer-Consumer-topic-c3b7134a_a56b_477e_b5ba_d04f63f349c1-14, groupId=Consumer-topic-c3b7134a_a56b_477e_b5ba_d04f63f349c1] Revoke previously assigned partitions topic-c3b7134a_a56b_477e_b5ba_d04f63f349c1-0
2025-08-12 17:21:45,990 INFO  [org.apa.kaf.cli.con.int.ConsumerCoordinator] (Thread-716) [Consumer clientId=consumer-Consumer-topic-c3b7134a_a56b_477e_b5ba_d04f63f349c1-14, groupId=Consumer-topic-c3b7134a_a56b_477e_b5ba_d04f63f349c1] Member consumer-Consumer-topic-c3b7134a_a56b_477e_b5ba_d04f63f349c1-14-b5b7d630-7d88-4405-8154-fb6db30355c6 sending LeaveGroup request to coordinator localhost:32769 (id: 2147483647 rack: null) due to the consumer is being closed
2025-08-12 17:21:45,990 INFO  [org.apa.kaf.cli.con.int.ConsumerCoordinator] (Thread-716) [Consumer clientId=consumer-Consumer-topic-c3b7134a_a56b_477e_b5ba_d04f63f349c1-14, groupId=Consumer-topic-c3b7134a_a56b_477e_b5ba_d04f63f349c1] Resetting generation and member id due to: consumer pro-actively leaving the group
2025-08-12 17:21:45,990 INFO  [org.apa.kaf.cli.con.int.ConsumerCoordinator] (Thread-716) [Consumer clientId=consumer-Consumer-topic-c3b7134a_a56b_477e_b5ba_d04f63f349c1-14, groupId=Consumer-topic-c3b7134a_a56b_477e_b5ba_d04f63f349c1] Request joining group due to: consumer pro-actively leaving the group
2025-08-12 17:21:46,486 INFO  [org.apa.kaf.com.met.Metrics] (Thread-716) Metrics scheduler closed
2025-08-12 17:21:46,486 INFO  [org.apa.kaf.com.met.Metrics] (Thread-716) Closing reporter org.apache.kafka.common.metrics.JmxReporter
2025-08-12 17:21:46,486 INFO  [org.apa.kaf.com.met.Metrics] (Thread-716) Closing reporter org.apache.kafka.common.telemetry.internals.ClientTelemetryReporter
2025-08-12 17:21:46,486 INFO  [org.apa.kaf.com.met.Metrics] (Thread-716) Metrics reporters closed
2025-08-12 17:21:46,488 INFO  [org.apa.kaf.com.uti.AppInfoParser] (Thread-716) App info kafka.consumer for consumer-Consumer-topic-c3b7134a_a56b_477e_b5ba_d04f63f349c1-14 unregistered
2025-08-12 17:21:46,489 INFO  [org.apa.kaf.cli.con.int.ClassicKafkaConsumer] (Thread-717) [Consumer clientId=consumer-Consumer-topic-ceb7bd08_c30f_46cd_b426_5b1c3450b3db-15, groupId=Consumer-topic-ceb7bd08_c30f_46cd_b426_5b1c3450b3db] Subscribed to topic(s): topic-ceb7bd08_c30f_46cd_b426_5b1c3450b3db
2025-08-12 17:21:46,493 INFO  [org.apa.kaf.cli.Metadata] (Thread-717) [Consumer clientId=consumer-Consumer-topic-ceb7bd08_c30f_46cd_b426_5b1c3450b3db-15, groupId=Consumer-topic-ceb7bd08_c30f_46cd_b426_5b1c3450b3db] Cluster ID: Ursznb63T6OTazTEUvngGA
2025-08-12 17:21:46,495 INFO  [org.apa.kaf.cli.con.int.ConsumerCoordinator] (Thread-717) [Consumer clientId=consumer-Consumer-topic-ceb7bd08_c30f_46cd_b426_5b1c3450b3db-15, groupId=Consumer-topic-ceb7bd08_c30f_46cd_b426_5b1c3450b3db] Discovered group coordinator localhost:32769 (id: 2147483647 rack: null)
2025-08-12 17:21:46,497 INFO  [org.apa.kaf.cli.con.int.ConsumerCoordinator] (Thread-717) [Consumer clientId=consumer-Consumer-topic-ceb7bd08_c30f_46cd_b426_5b1c3450b3db-15, groupId=Consumer-topic-ceb7bd08_c30f_46cd_b426_5b1c3450b3db] (Re-)joining group
2025-08-12 17:21:46,499 INFO  [org.apa.kaf.cli.con.int.ConsumerCoordinator] (Thread-717) [Consumer clientId=consumer-Consumer-topic-ceb7bd08_c30f_46cd_b426_5b1c3450b3db-15, groupId=Consumer-topic-ceb7bd08_c30f_46cd_b426_5b1c3450b3db] Request joining group due to: need to re-join with the given member-id: consumer-Consumer-topic-ceb7bd08_c30f_46cd_b426_5b1c3450b3db-15-8a00a127-69b8-4871-8427-2c1c33a99695
2025-08-12 17:21:46,499 INFO  [org.apa.kaf.cli.con.int.ConsumerCoordinator] (Thread-717) [Consumer clientId=consumer-Consumer-topic-ceb7bd08_c30f_46cd_b426_5b1c3450b3db-15, groupId=Consumer-topic-ceb7bd08_c30f_46cd_b426_5b1c3450b3db] (Re-)joining group
2025-08-12 17:21:47,489 INFO  [io.api.tes.ser.api.KafkaSerdesTester] (Thread-717) None found
2025-08-12 17:21:48,489 INFO  [io.api.tes.ser.api.KafkaSerdesTester] (Thread-717) None found
2025-08-12 17:21:49,489 INFO  [io.api.tes.ser.api.KafkaSerdesTester] (Thread-717) None found
2025-08-12 17:21:49,500 INFO  [org.apa.kaf.cli.con.int.ConsumerCoordinator] (Thread-717) [Consumer clientId=consumer-Consumer-topic-ceb7bd08_c30f_46cd_b426_5b1c3450b3db-15, groupId=Consumer-topic-ceb7bd08_c30f_46cd_b426_5b1c3450b3db] Successfully joined group with generation Generation{generationId=1, memberId='consumer-Consumer-topic-ceb7bd08_c30f_46cd_b426_5b1c3450b3db-15-8a00a127-69b8-4871-8427-2c1c33a99695', protocol='range'}
2025-08-12 17:21:49,501 INFO  [org.apa.kaf.cli.con.int.ConsumerCoordinator] (Thread-717) [Consumer clientId=consumer-Consumer-topic-ceb7bd08_c30f_46cd_b426_5b1c3450b3db-15, groupId=Consumer-topic-ceb7bd08_c30f_46cd_b426_5b1c3450b3db] Finished assignment for group at generation 1: {consumer-Consumer-topic-ceb7bd08_c30f_46cd_b426_5b1c3450b3db-15-8a00a127-69b8-4871-8427-2c1c33a99695=Assignment(partitions=[topic-ceb7bd08_c30f_46cd_b426_5b1c3450b3db-0])}
2025-08-12 17:21:49,508 INFO  [org.apa.kaf.cli.con.int.ConsumerCoordinator] (Thread-717) [Consumer clientId=consumer-Consumer-topic-ceb7bd08_c30f_46cd_b426_5b1c3450b3db-15, groupId=Consumer-topic-ceb7bd08_c30f_46cd_b426_5b1c3450b3db] Successfully synced group in generation Generation{generationId=1, memberId='consumer-Consumer-topic-ceb7bd08_c30f_46cd_b426_5b1c3450b3db-15-8a00a127-69b8-4871-8427-2c1c33a99695', protocol='range'}
2025-08-12 17:21:49,508 INFO  [org.apa.kaf.cli.con.int.ConsumerCoordinator] (Thread-717) [Consumer clientId=consumer-Consumer-topic-ceb7bd08_c30f_46cd_b426_5b1c3450b3db-15, groupId=Consumer-topic-ceb7bd08_c30f_46cd_b426_5b1c3450b3db] Notifying assignor about the new Assignment(partitions=[topic-ceb7bd08_c30f_46cd_b426_5b1c3450b3db-0])
2025-08-12 17:21:49,508 INFO  [org.apa.kaf.cli.con.int.ConsumerRebalanceListenerInvoker] (Thread-717) [Consumer clientId=consumer-Consumer-topic-ceb7bd08_c30f_46cd_b426_5b1c3450b3db-15, groupId=Consumer-topic-ceb7bd08_c30f_46cd_b426_5b1c3450b3db] Adding newly assigned partitions: topic-ceb7bd08_c30f_46cd_b426_5b1c3450b3db-0
2025-08-12 17:21:49,509 INFO  [org.apa.kaf.cli.con.int.ConsumerCoordinator] (Thread-717) [Consumer clientId=consumer-Consumer-topic-ceb7bd08_c30f_46cd_b426_5b1c3450b3db-15, groupId=Consumer-topic-ceb7bd08_c30f_46cd_b426_5b1c3450b3db] Found no committed offset for partition topic-ceb7bd08_c30f_46cd_b426_5b1c3450b3db-0
2025-08-12 17:21:49,510 INFO  [org.apa.kaf.cli.con.int.SubscriptionState] (Thread-717) [Consumer clientId=consumer-Consumer-topic-ceb7bd08_c30f_46cd_b426_5b1c3450b3db-15, groupId=Consumer-topic-ceb7bd08_c30f_46cd_b426_5b1c3450b3db] Resetting offset for partition topic-ceb7bd08_c30f_46cd_b426_5b1c3450b3db-0 to position FetchPosition{offset=0, offsetEpoch=Optional.empty, currentLeader=LeaderAndEpoch{leader=Optional[localhost:32769 (id: 0 rack: null)], epoch=0}}.
2025-08-12 17:21:49,728 INFO  [io.api.tes.ser.api.KafkaSerdesTester] (Thread-717) topic-ceb7bd08_c30f_46cd_b426_5b1c3450b3db 0 0 {"key11755019301032": "value-0"}
2025-08-12 17:21:49,728 INFO  [io.api.tes.ser.api.KafkaSerdesTester] (Thread-717) topic-ceb7bd08_c30f_46cd_b426_5b1c3450b3db 0 1 {"key11755019301032": "value-1"}
2025-08-12 17:21:49,728 INFO  [io.api.tes.ser.api.KafkaSerdesTester] (Thread-717) topic-ceb7bd08_c30f_46cd_b426_5b1c3450b3db 0 2 {"key11755019301032": "value-2"}
2025-08-12 17:21:49,728 INFO  [io.api.tes.ser.api.KafkaSerdesTester] (Thread-717) topic-ceb7bd08_c30f_46cd_b426_5b1c3450b3db 0 3 {"key11755019301032": "value-3"}
2025-08-12 17:21:49,728 INFO  [io.api.tes.ser.api.KafkaSerdesTester] (Thread-717) topic-ceb7bd08_c30f_46cd_b426_5b1c3450b3db 0 4 {"key11755019301032": "value-4"}
2025-08-12 17:21:49,728 INFO  [io.api.tes.ser.api.KafkaSerdesTester] (Thread-717) topic-ceb7bd08_c30f_46cd_b426_5b1c3450b3db 0 5 {"key11755019301032": "value-5"}
2025-08-12 17:21:49,728 INFO  [io.api.tes.ser.api.KafkaSerdesTester] (Thread-717) topic-ceb7bd08_c30f_46cd_b426_5b1c3450b3db 0 6 {"key11755019301032": "value-6"}
2025-08-12 17:21:49,728 INFO  [io.api.tes.ser.api.KafkaSerdesTester] (Thread-717) topic-ceb7bd08_c30f_46cd_b426_5b1c3450b3db 0 7 {"key11755019301032": "value-7"}
2025-08-12 17:21:49,729 INFO  [io.api.tes.ser.api.KafkaSerdesTester] (Thread-717) topic-ceb7bd08_c30f_46cd_b426_5b1c3450b3db 0 8 {"key11755019301032": "value-8"}
2025-08-12 17:21:49,729 INFO  [io.api.tes.ser.api.KafkaSerdesTester] (Thread-717) topic-ceb7bd08_c30f_46cd_b426_5b1c3450b3db 0 9 {"key11755019301032": "value-9"}
2025-08-12 17:21:49,729 INFO  [io.api.tes.ser.api.KafkaSerdesTester] (Thread-717) Consumed 10 messages
2025-08-12 17:21:49,736 INFO  [org.apa.kaf.cli.con.int.ConsumerRebalanceListenerInvoker] (Thread-717) [Consumer clientId=consumer-Consumer-topic-ceb7bd08_c30f_46cd_b426_5b1c3450b3db-15, groupId=Consumer-topic-ceb7bd08_c30f_46cd_b426_5b1c3450b3db] Revoke previously assigned partitions topic-ceb7bd08_c30f_46cd_b426_5b1c3450b3db-0
2025-08-12 17:21:49,736 INFO  [org.apa.kaf.cli.con.int.ConsumerCoordinator] (Thread-717) [Consumer clientId=consumer-Consumer-topic-ceb7bd08_c30f_46cd_b426_5b1c3450b3db-15, groupId=Consumer-topic-ceb7bd08_c30f_46cd_b426_5b1c3450b3db] Member consumer-Consumer-topic-ceb7bd08_c30f_46cd_b426_5b1c3450b3db-15-8a00a127-69b8-4871-8427-2c1c33a99695 sending LeaveGroup request to coordinator localhost:32769 (id: 2147483647 rack: null) due to the consumer is being closed
2025-08-12 17:21:49,736 INFO  [org.apa.kaf.cli.con.int.ConsumerCoordinator] (Thread-717) [Consumer clientId=consumer-Consumer-topic-ceb7bd08_c30f_46cd_b426_5b1c3450b3db-15, groupId=Consumer-topic-ceb7bd08_c30f_46cd_b426_5b1c3450b3db] Resetting generation and member id due to: consumer pro-actively leaving the group
2025-08-12 17:21:49,736 INFO  [org.apa.kaf.cli.con.int.ConsumerCoordinator] (Thread-717) [Consumer clientId=consumer-Consumer-topic-ceb7bd08_c30f_46cd_b426_5b1c3450b3db-15, groupId=Consumer-topic-ceb7bd08_c30f_46cd_b426_5b1c3450b3db] Request joining group due to: consumer pro-actively leaving the group
2025-08-12 17:21:50,230 INFO  [org.apa.kaf.com.met.Metrics] (Thread-717) Metrics scheduler closed
2025-08-12 17:21:50,230 INFO  [org.apa.kaf.com.met.Metrics] (Thread-717) Closing reporter org.apache.kafka.common.metrics.JmxReporter
2025-08-12 17:21:50,230 INFO  [org.apa.kaf.com.met.Metrics] (Thread-717) Closing reporter org.apache.kafka.common.telemetry.internals.ClientTelemetryReporter
2025-08-12 17:21:50,230 INFO  [org.apa.kaf.com.met.Metrics] (Thread-717) Metrics reporters closed
2025-08-12 17:21:50,232 INFO  [org.apa.kaf.com.uti.AppInfoParser] (Thread-717) App info kafka.consumer for consumer-Consumer-topic-ceb7bd08_c30f_46cd_b426_5b1c3450b3db-15 unregistered
2025-08-12 17:21:50,233 INFO  [org.apa.kaf.cli.con.int.ClassicKafkaConsumer] (Thread-718) [Consumer clientId=consumer-Consumer-topic-b5e6d4ca_2c8f_45d4_9a0e_26524039b5ce-16, groupId=Consumer-topic-b5e6d4ca_2c8f_45d4_9a0e_26524039b5ce] Subscribed to topic(s): topic-b5e6d4ca_2c8f_45d4_9a0e_26524039b5ce
2025-08-12 17:21:50,239 INFO  [org.apa.kaf.cli.Metadata] (Thread-718) [Consumer clientId=consumer-Consumer-topic-b5e6d4ca_2c8f_45d4_9a0e_26524039b5ce-16, groupId=Consumer-topic-b5e6d4ca_2c8f_45d4_9a0e_26524039b5ce] Cluster ID: Ursznb63T6OTazTEUvngGA
2025-08-12 17:21:50,239 INFO  [org.apa.kaf.cli.con.int.ConsumerCoordinator] (Thread-718) [Consumer clientId=consumer-Consumer-topic-b5e6d4ca_2c8f_45d4_9a0e_26524039b5ce-16, groupId=Consumer-topic-b5e6d4ca_2c8f_45d4_9a0e_26524039b5ce] Discovered group coordinator localhost:32769 (id: 2147483647 rack: null)
2025-08-12 17:21:50,241 INFO  [org.apa.kaf.cli.con.int.ConsumerCoordinator] (Thread-718) [Consumer clientId=consumer-Consumer-topic-b5e6d4ca_2c8f_45d4_9a0e_26524039b5ce-16, groupId=Consumer-topic-b5e6d4ca_2c8f_45d4_9a0e_26524039b5ce] (Re-)joining group
2025-08-12 17:21:50,243 INFO  [org.apa.kaf.cli.con.int.ConsumerCoordinator] (Thread-718) [Consumer clientId=consumer-Consumer-topic-b5e6d4ca_2c8f_45d4_9a0e_26524039b5ce-16, groupId=Consumer-topic-b5e6d4ca_2c8f_45d4_9a0e_26524039b5ce] Request joining group due to: need to re-join with the given member-id: consumer-Consumer-topic-b5e6d4ca_2c8f_45d4_9a0e_26524039b5ce-16-200a99bd-66e0-46f3-916a-aa57cbde4fd3
2025-08-12 17:21:50,243 INFO  [org.apa.kaf.cli.con.int.ConsumerCoordinator] (Thread-718) [Consumer clientId=consumer-Consumer-topic-b5e6d4ca_2c8f_45d4_9a0e_26524039b5ce-16, groupId=Consumer-topic-b5e6d4ca_2c8f_45d4_9a0e_26524039b5ce] (Re-)joining group
2025-08-12 17:21:51,233 INFO  [io.api.tes.ser.api.KafkaSerdesTester] (Thread-718) None found
2025-08-12 17:21:52,233 INFO  [io.api.tes.ser.api.KafkaSerdesTester] (Thread-718) None found
2025-08-12 17:21:53,233 INFO  [io.api.tes.ser.api.KafkaSerdesTester] (Thread-718) None found
2025-08-12 17:21:53,247 INFO  [org.apa.kaf.cli.con.int.ConsumerCoordinator] (Thread-718) [Consumer clientId=consumer-Consumer-topic-b5e6d4ca_2c8f_45d4_9a0e_26524039b5ce-16, groupId=Consumer-topic-b5e6d4ca_2c8f_45d4_9a0e_26524039b5ce] Successfully joined group with generation Generation{generationId=1, memberId='consumer-Consumer-topic-b5e6d4ca_2c8f_45d4_9a0e_26524039b5ce-16-200a99bd-66e0-46f3-916a-aa57cbde4fd3', protocol='range'}
2025-08-12 17:21:53,247 INFO  [org.apa.kaf.cli.con.int.ConsumerCoordinator] (Thread-718) [Consumer clientId=consumer-Consumer-topic-b5e6d4ca_2c8f_45d4_9a0e_26524039b5ce-16, groupId=Consumer-topic-b5e6d4ca_2c8f_45d4_9a0e_26524039b5ce] Finished assignment for group at generation 1: {consumer-Consumer-topic-b5e6d4ca_2c8f_45d4_9a0e_26524039b5ce-16-200a99bd-66e0-46f3-916a-aa57cbde4fd3=Assignment(partitions=[topic-b5e6d4ca_2c8f_45d4_9a0e_26524039b5ce-0])}
2025-08-12 17:21:53,254 INFO  [org.apa.kaf.cli.con.int.ConsumerCoordinator] (Thread-718) [Consumer clientId=consumer-Consumer-topic-b5e6d4ca_2c8f_45d4_9a0e_26524039b5ce-16, groupId=Consumer-topic-b5e6d4ca_2c8f_45d4_9a0e_26524039b5ce] Successfully synced group in generation Generation{generationId=1, memberId='consumer-Consumer-topic-b5e6d4ca_2c8f_45d4_9a0e_26524039b5ce-16-200a99bd-66e0-46f3-916a-aa57cbde4fd3', protocol='range'}
2025-08-12 17:21:53,254 INFO  [org.apa.kaf.cli.con.int.ConsumerCoordinator] (Thread-718) [Consumer clientId=consumer-Consumer-topic-b5e6d4ca_2c8f_45d4_9a0e_26524039b5ce-16, groupId=Consumer-topic-b5e6d4ca_2c8f_45d4_9a0e_26524039b5ce] Notifying assignor about the new Assignment(partitions=[topic-b5e6d4ca_2c8f_45d4_9a0e_26524039b5ce-0])
2025-08-12 17:21:53,254 INFO  [org.apa.kaf.cli.con.int.ConsumerRebalanceListenerInvoker] (Thread-718) [Consumer clientId=consumer-Consumer-topic-b5e6d4ca_2c8f_45d4_9a0e_26524039b5ce-16, groupId=Consumer-topic-b5e6d4ca_2c8f_45d4_9a0e_26524039b5ce] Adding newly assigned partitions: topic-b5e6d4ca_2c8f_45d4_9a0e_26524039b5ce-0
2025-08-12 17:21:53,256 INFO  [org.apa.kaf.cli.con.int.ConsumerCoordinator] (Thread-718) [Consumer clientId=consumer-Consumer-topic-b5e6d4ca_2c8f_45d4_9a0e_26524039b5ce-16, groupId=Consumer-topic-b5e6d4ca_2c8f_45d4_9a0e_26524039b5ce] Found no committed offset for partition topic-b5e6d4ca_2c8f_45d4_9a0e_26524039b5ce-0
2025-08-12 17:21:53,261 INFO  [org.apa.kaf.cli.con.int.SubscriptionState] (Thread-718) [Consumer clientId=consumer-Consumer-topic-b5e6d4ca_2c8f_45d4_9a0e_26524039b5ce-16, groupId=Consumer-topic-b5e6d4ca_2c8f_45d4_9a0e_26524039b5ce] Resetting offset for partition topic-b5e6d4ca_2c8f_45d4_9a0e_26524039b5ce-0 to position FetchPosition{offset=0, offsetEpoch=Optional.empty, currentLeader=LeaderAndEpoch{leader=Optional[localhost:32769 (id: 0 rack: null)], epoch=0}}.
2025-08-12 17:21:53,468 INFO  [io.api.tes.ser.api.KafkaSerdesTester] (Thread-718) topic-b5e6d4ca_2c8f_45d4_9a0e_26524039b5ce 0 0 {"key11755019301032": "value-0"}
2025-08-12 17:21:53,468 INFO  [io.api.tes.ser.api.KafkaSerdesTester] (Thread-718) topic-b5e6d4ca_2c8f_45d4_9a0e_26524039b5ce 0 1 {"key11755019301032": "value-1"}
2025-08-12 17:21:53,468 INFO  [io.api.tes.ser.api.KafkaSerdesTester] (Thread-718) topic-b5e6d4ca_2c8f_45d4_9a0e_26524039b5ce 0 2 {"key11755019301032": "value-2"}
2025-08-12 17:21:53,468 INFO  [io.api.tes.ser.api.KafkaSerdesTester] (Thread-718) topic-b5e6d4ca_2c8f_45d4_9a0e_26524039b5ce 0 3 {"key11755019301032": "value-3"}
2025-08-12 17:21:53,468 INFO  [io.api.tes.ser.api.KafkaSerdesTester] (Thread-718) topic-b5e6d4ca_2c8f_45d4_9a0e_26524039b5ce 0 4 {"key11755019301032": "value-4"}
2025-08-12 17:21:53,468 INFO  [io.api.tes.ser.api.KafkaSerdesTester] (Thread-718) topic-b5e6d4ca_2c8f_45d4_9a0e_26524039b5ce 0 5 {"key11755019301032": "value-5"}
2025-08-12 17:21:53,468 INFO  [io.api.tes.ser.api.KafkaSerdesTester] (Thread-718) topic-b5e6d4ca_2c8f_45d4_9a0e_26524039b5ce 0 6 {"key11755019301032": "value-6"}
2025-08-12 17:21:53,468 INFO  [io.api.tes.ser.api.KafkaSerdesTester] (Thread-718) topic-b5e6d4ca_2c8f_45d4_9a0e_26524039b5ce 0 7 {"key11755019301032": "value-7"}
2025-08-12 17:21:53,468 INFO  [io.api.tes.ser.api.KafkaSerdesTester] (Thread-718) topic-b5e6d4ca_2c8f_45d4_9a0e_26524039b5ce 0 8 {"key11755019301032": "value-8"}
2025-08-12 17:21:53,468 INFO  [io.api.tes.ser.api.KafkaSerdesTester] (Thread-718) topic-b5e6d4ca_2c8f_45d4_9a0e_26524039b5ce 0 9 {"key11755019301032": "value-9"}
2025-08-12 17:21:53,468 INFO  [io.api.tes.ser.api.KafkaSerdesTester] (Thread-718) Consumed 10 messages
2025-08-12 17:21:53,479 INFO  [org.apa.kaf.cli.con.int.ConsumerRebalanceListenerInvoker] (Thread-718) [Consumer clientId=consumer-Consumer-topic-b5e6d4ca_2c8f_45d4_9a0e_26524039b5ce-16, groupId=Consumer-topic-b5e6d4ca_2c8f_45d4_9a0e_26524039b5ce] Revoke previously assigned partitions topic-b5e6d4ca_2c8f_45d4_9a0e_26524039b5ce-0
2025-08-12 17:21:53,479 INFO  [org.apa.kaf.cli.con.int.ConsumerCoordinator] (Thread-718) [Consumer clientId=consumer-Consumer-topic-b5e6d4ca_2c8f_45d4_9a0e_26524039b5ce-16, groupId=Consumer-topic-b5e6d4ca_2c8f_45d4_9a0e_26524039b5ce] Member consumer-Consumer-topic-b5e6d4ca_2c8f_45d4_9a0e_26524039b5ce-16-200a99bd-66e0-46f3-916a-aa57cbde4fd3 sending LeaveGroup request to coordinator localhost:32769 (id: 2147483647 rack: null) due to the consumer is being closed
2025-08-12 17:21:53,480 INFO  [org.apa.kaf.cli.con.int.ConsumerCoordinator] (Thread-718) [Consumer clientId=consumer-Consumer-topic-b5e6d4ca_2c8f_45d4_9a0e_26524039b5ce-16, groupId=Consumer-topic-b5e6d4ca_2c8f_45d4_9a0e_26524039b5ce] Resetting generation and member id due to: consumer pro-actively leaving the group
2025-08-12 17:21:53,480 INFO  [org.apa.kaf.cli.con.int.ConsumerCoordinator] (Thread-718) [Consumer clientId=consumer-Consumer-topic-b5e6d4ca_2c8f_45d4_9a0e_26524039b5ce-16, groupId=Consumer-topic-b5e6d4ca_2c8f_45d4_9a0e_26524039b5ce] Request joining group due to: consumer pro-actively leaving the group
2025-08-12 17:21:53,971 INFO  [org.apa.kaf.com.met.Metrics] (Thread-718) Metrics scheduler closed
2025-08-12 17:21:53,971 INFO  [org.apa.kaf.com.met.Metrics] (Thread-718) Closing reporter org.apache.kafka.common.metrics.JmxReporter
2025-08-12 17:21:53,971 INFO  [org.apa.kaf.com.met.Metrics] (Thread-718) Closing reporter org.apache.kafka.common.telemetry.internals.ClientTelemetryReporter
2025-08-12 17:21:53,971 INFO  [org.apa.kaf.com.met.Metrics] (Thread-718) Metrics reporters closed
2025-08-12 17:21:53,973 INFO  [org.apa.kaf.com.uti.AppInfoParser] (Thread-718) App info kafka.consumer for consumer-Consumer-topic-b5e6d4ca_2c8f_45d4_9a0e_26524039b5ce-16 unregistered
2025-08-12 17:21:53,974 INFO  [io.api.tes.uti.TestSeparator] (main) io.apicurio.tests.serdes.apicurio.AvroSerdeIT.testAvroConfluentForMultipleTopics-FINISHED
2025-08-12 17:21:53,974 INFO  [io.api.tes.uti.TestSeparator] (main) ############################################################################
Test passed: testAvroConfluentForMultipleTopics
]]></system-out>
  </testcase>
  <testcase name="testFirstRequestFailsRateLimited" classname="io.apicurio.tests.serdes.apicurio.AvroSerdeIT" time="0.97">
    <system-out><![CDATA[2025-08-12 17:21:53,975 INFO  [io.api.tes.uti.TestSeparator] (main) ############################################################################
2025-08-12 17:21:53,977 INFO  [io.api.tes.uti.TestSeparator] (main) io.apicurio.tests.serdes.apicurio.AvroSerdeIT.testFirstRequestFailsRateLimited-STARTED
2025-08-12 17:21:54,458 WARN  [org.ecl.jet.ser.AbstractConnector] (main) Acceptors should be <= availableProcessors: NetworkTrafficServerConnector@6fd53298{HTTP/1.1, (http/1.1, h2c)}{0.0.0.0:0} 
2025-08-12 17:21:54,578 INFO  [org.ecl.jet.ser.Server] (main) jetty-11.0.15; built: 2023-04-11T18:37:53.775Z; git: 5bc5e562c8d05c5862505aebe5cf83a61bdbcb96; jvm 17.0.16+8
2025-08-12 17:21:54,608 INFO  [org.ecl.jet.ser.han.ContextHandler] (main) Started o.e.j.s.ServletContextHandler@74d56f47{/__admin,null,AVAILABLE}
2025-08-12 17:21:54,616 INFO  [org.ecl.jet.ser.han.Con.ROOT] (main) RequestHandlerClass from context returned com.github.tomakehurst.wiremock.http.StubRequestHandler. Normalized mapped under returned 'null'
2025-08-12 17:21:54,617 INFO  [org.ecl.jet.ser.han.ContextHandler] (main) Started o.e.j.s.ServletContextHandler@53e7ef2d{/,null,AVAILABLE}
2025-08-12 17:21:54,624 INFO  [org.ecl.jet.ser.AbstractConnector] (main) Started NetworkTrafficServerConnector@6fd53298{HTTP/1.1, (http/1.1, h2c)}{0.0.0.0:37037}
2025-08-12 17:21:54,627 INFO  [org.ecl.jet.ser.Server] (main) Started Server@2c127caf{STARTING}[11.0.15,sto=1000] @121589ms
**** Registry Base URL: http://registry-app-inmemory.apps.ci419.apicurio-testing.org:80
2025-08-12 17:21:54,646 INFO  [org.apa.kaf.cli.pro.ProducerConfig] (main) ProducerConfig values: 
	acks = -1
	auto.include.jmx.reporter = true
	batch.size = 16384
	bootstrap.servers = [PLAINTEXT://localhost:32769]
	buffer.memory = 33554432
	client.dns.lookup = use_all_dns_ips
	client.id = Producer-topic-db4a43ed_e0cd_470d_b465_f0c9990c391c
	compression.gzip.level = -1
	compression.lz4.level = 9
	compression.type = none
	compression.zstd.level = 3
	connections.max.idle.ms = 10000
	delivery.timeout.ms = 120000
	enable.idempotence = true
	enable.metrics.push = true
	interceptor.classes = []
	key.serializer = class org.apache.kafka.common.serialization.StringSerializer
	linger.ms = 0
	max.block.ms = 60000
	max.in.flight.requests.per.connection = 5
	max.request.size = 1048576
	metadata.max.age.ms = 300000
	metadata.max.idle.ms = 300000
	metadata.recovery.strategy = none
	metric.reporters = []
	metrics.num.samples = 2
	metrics.recording.level = INFO
	metrics.sample.window.ms = 30000
	partitioner.adaptive.partitioning.enable = true
	partitioner.availability.timeout.ms = 0
	partitioner.class = null
	partitioner.ignore.keys = false
	receive.buffer.bytes = 32768
	reconnect.backoff.max.ms = 1000
	reconnect.backoff.ms = 50
	request.timeout.ms = 5000
	retries = 2147483647
	retry.backoff.max.ms = 1000
	retry.backoff.ms = 100
	sasl.client.callback.handler.class = null
	sasl.jaas.config = null
	sasl.kerberos.kinit.cmd = /usr/bin/kinit
	sasl.kerberos.min.time.before.relogin = 60000
	sasl.kerberos.service.name = null
	sasl.kerberos.ticket.renew.jitter = 0.05
	sasl.kerberos.ticket.renew.window.factor = 0.8
	sasl.login.callback.handler.class = null
	sasl.login.class = null
	sasl.login.connect.timeout.ms = null
	sasl.login.read.timeout.ms = null
	sasl.login.refresh.buffer.seconds = 300
	sasl.login.refresh.min.period.seconds = 60
	sasl.login.refresh.window.factor = 0.8
	sasl.login.refresh.window.jitter = 0.05
	sasl.login.retry.backoff.max.ms = 10000
	sasl.login.retry.backoff.ms = 100
	sasl.mechanism = GSSAPI
	sasl.oauthbearer.clock.skew.seconds = 30
	sasl.oauthbearer.expected.audience = null
	sasl.oauthbearer.expected.issuer = null
	sasl.oauthbearer.header.urlencode = false
	sasl.oauthbearer.jwks.endpoint.refresh.ms = 3600000
	sasl.oauthbearer.jwks.endpoint.retry.backoff.max.ms = 10000
	sasl.oauthbearer.jwks.endpoint.retry.backoff.ms = 100
	sasl.oauthbearer.jwks.endpoint.url = null
	sasl.oauthbearer.scope.claim.name = scope
	sasl.oauthbearer.sub.claim.name = sub
	sasl.oauthbearer.token.endpoint.url = null
	security.protocol = PLAINTEXT
	security.providers = null
	send.buffer.bytes = 131072
	socket.connection.setup.timeout.max.ms = 30000
	socket.connection.setup.timeout.ms = 10000
	ssl.cipher.suites = null
	ssl.enabled.protocols = [TLSv1.2, TLSv1.3]
	ssl.endpoint.identification.algorithm = https
	ssl.engine.factory.class = null
	ssl.key.password = null
	ssl.keymanager.algorithm = SunX509
	ssl.keystore.certificate.chain = null
	ssl.keystore.key = null
	ssl.keystore.location = null
	ssl.keystore.password = null
	ssl.keystore.type = JKS
	ssl.protocol = TLSv1.3
	ssl.provider = null
	ssl.secure.random.implementation = null
	ssl.trustmanager.algorithm = PKIX
	ssl.truststore.certificates = null
	ssl.truststore.location = null
	ssl.truststore.password = null
	ssl.truststore.type = JKS
	transaction.timeout.ms = 60000
	transactional.id = null
	value.serializer = class io.apicurio.registry.serde.avro.AvroKafkaSerializer

2025-08-12 17:21:54,647 INFO  [org.apa.kaf.com.tel.int.KafkaMetricsCollector] (main) initializing Kafka metrics collector
2025-08-12 17:21:54,650 INFO  [org.apa.kaf.cli.pro.KafkaProducer] (main) [Producer clientId=Producer-topic-db4a43ed_e0cd_470d_b465_f0c9990c391c] Instantiated an idempotent producer.
2025-08-12 17:21:54,652 INFO  [org.apa.kaf.cli.pro.ProducerConfig] (main) These configurations '[apicurio.registry.url, apicurio.registry.artifact-resolver-strategy]' were supplied but are not used yet.
2025-08-12 17:21:54,652 INFO  [org.apa.kaf.com.uti.AppInfoParser] (main) Kafka version: 3.9.1
2025-08-12 17:21:54,652 INFO  [org.apa.kaf.com.uti.AppInfoParser] (main) Kafka commitId: f745dfdcee2b9851
2025-08-12 17:21:54,652 INFO  [org.apa.kaf.com.uti.AppInfoParser] (main) Kafka startTimeMs: 1755019314652
2025-08-12 17:21:54,653 INFO  [io.api.tes.ser.api.KafkaSerdesTester] (Thread-729) Sending message {"keyB": "value-0"} to topic topic-db4a43ed_e0cd_470d_b465_f0c9990c391c
2025-08-12 17:21:54,659 WARN  [org.apa.kaf.cli.NetworkClient] (kafka-producer-network-thread | Producer-topic-db4a43ed_e0cd_470d_b465_f0c9990c391c) [Producer clientId=Producer-topic-db4a43ed_e0cd_470d_b465_f0c9990c391c] The metadata response from the cluster reported a recoverable issue with correlation id 1 : {topic-db4a43ed_e0cd_470d_b465_f0c9990c391c=UNKNOWN_TOPIC_OR_PARTITION}
2025-08-12 17:21:54,659 INFO  [org.apa.kaf.cli.Metadata] (kafka-producer-network-thread | Producer-topic-db4a43ed_e0cd_470d_b465_f0c9990c391c) [Producer clientId=Producer-topic-db4a43ed_e0cd_470d_b465_f0c9990c391c] Cluster ID: Ursznb63T6OTazTEUvngGA
2025-08-12 17:21:54,659 INFO  [org.apa.kaf.cli.pro.int.TransactionManager] (kafka-producer-network-thread | Producer-topic-db4a43ed_e0cd_470d_b465_f0c9990c391c) [Producer clientId=Producer-topic-db4a43ed_e0cd_470d_b465_f0c9990c391c] ProducerId set to 22 with epoch 0
2025-08-12 17:21:54,771 INFO  [DefaultSchemaResolver] (Thread-729) Retrieving schema content using string: {"type":"record","name":"myrecord","namespace":"mygroup","fields":[{"name":"keyB","type":"string"}]}
2025-08-12 17:21:54,930 INFO  [org.apa.kaf.cli.pro.KafkaProducer] (Thread-729) [Producer clientId=Producer-topic-db4a43ed_e0cd_470d_b465_f0c9990c391c] Closing the Kafka producer with timeoutMillis = 9223372036854775807 ms.
2025-08-12 17:21:54,932 INFO  [org.apa.kaf.com.met.Metrics] (Thread-729) Metrics scheduler closed
2025-08-12 17:21:54,932 INFO  [org.apa.kaf.com.met.Metrics] (Thread-729) Closing reporter org.apache.kafka.common.metrics.JmxReporter
2025-08-12 17:21:54,932 INFO  [org.apa.kaf.com.met.Metrics] (Thread-729) Closing reporter org.apache.kafka.common.telemetry.internals.ClientTelemetryReporter
2025-08-12 17:21:54,932 INFO  [org.apa.kaf.com.met.Metrics] (Thread-729) Metrics reporters closed
2025-08-12 17:21:54,932 INFO  [org.apa.kaf.com.uti.AppInfoParser] (Thread-729) App info kafka.producer for Producer-topic-db4a43ed_e0cd_470d_b465_f0c9990c391c unregistered
2025-08-12 17:21:54,936 INFO  [org.ecl.jet.ser.Server] (main) Stopped Server@2c127caf{STOPPING}[11.0.15,sto=1000]
2025-08-12 17:21:54,936 INFO  [org.ecl.jet.ser.Server] (main) Shutdown Server@2c127caf{STOPPING}[11.0.15,sto=1000]
2025-08-12 17:21:54,939 INFO  [org.ecl.jet.ser.AbstractConnector] (main) Stopped NetworkTrafficServerConnector@6fd53298{HTTP/1.1, (http/1.1, h2c)}{0.0.0.0:0}
2025-08-12 17:21:54,940 INFO  [org.ecl.jet.ser.han.ContextHandler] (main) Stopped o.e.j.s.ServletContextHandler@53e7ef2d{/,null,STOPPED}
2025-08-12 17:21:54,941 INFO  [org.ecl.jet.ser.han.ContextHandler] (main) Stopped o.e.j.s.ServletContextHandler@74d56f47{/__admin,null,STOPPED}
2025-08-12 17:21:54,943 INFO  [io.api.tes.uti.TestSeparator] (main) io.apicurio.tests.serdes.apicurio.AvroSerdeIT.testFirstRequestFailsRateLimited-FINISHED
2025-08-12 17:21:54,943 INFO  [io.api.tes.uti.TestSeparator] (main) ############################################################################
Test passed: testFirstRequestFailsRateLimited
]]></system-out>
    <system-err><![CDATA[com.microsoft.kiota.ApiException: the server returned an unexpected status code and no error class is registered for this code 429
	at com.microsoft.kiota.ApiExceptionBuilder.withMessage(ApiExceptionBuilder.java:45)
	at io.kiota.http.vertx.VertXRequestAdapter.throwIfFailedResponse(VertXRequestAdapter.java:370)
	at io.kiota.http.vertx.VertXRequestAdapter.send(VertXRequestAdapter.java:170)
	at io.apicurio.registry.rest.client.search.versions.VersionsRequestBuilder.post(VersionsRequestBuilder.java:94)
	at io.apicurio.registry.resolver.client.RegistryClientFacadeImpl.searchVersionsByContent(RegistryClientFacadeImpl.java:106)
	at io.apicurio.registry.resolver.DefaultSchemaResolver.lambda$handleResolveSchemaByContent$3(DefaultSchemaResolver.java:258)
	at io.apicurio.registry.resolver.cache.ERCache.lambda$getValue$0(ERCache.java:174)
	at io.apicurio.registry.resolver.cache.ERCache.retry(ERCache.java:227)
	at io.apicurio.registry.resolver.cache.ERCache.getValue(ERCache.java:173)
	at io.apicurio.registry.resolver.cache.ERCache.getByContent(ERCache.java:147)
	at io.apicurio.registry.resolver.DefaultSchemaResolver.handleResolveSchemaByContent(DefaultSchemaResolver.java:253)
	at io.apicurio.registry.resolver.DefaultSchemaResolver.getSchemaFromRegistry(DefaultSchemaResolver.java:138)
	at io.apicurio.registry.resolver.DefaultSchemaResolver.lambda$resolveSchema$0(DefaultSchemaResolver.java:84)
	at java.base/java.util.Optional.orElseGet(Optional.java:364)
	at io.apicurio.registry.resolver.DefaultSchemaResolver.resolveSchema(DefaultSchemaResolver.java:84)
	at io.apicurio.registry.serde.AbstractSerializer.serializeData(AbstractSerializer.java:62)
	at io.apicurio.registry.serde.KafkaSerializer.serialize(KafkaSerializer.java:77)
	at org.apache.kafka.clients.producer.KafkaProducer.doSend(KafkaProducer.java:1046)
	at org.apache.kafka.clients.producer.KafkaProducer.send(KafkaProducer.java:993)
	at org.apache.kafka.clients.producer.KafkaProducer.send(KafkaProducer.java:875)
	at io.apicurio.tests.serdes.apicurio.KafkaSerdesTester.lambda$produceMessages$3(KafkaSerdesTester.java:138)
	at java.base/java.util.concurrent.CompletableFuture$AsyncSupply.run(CompletableFuture.java:1768)
	at java.base/java.lang.Thread.run(Thread.java:840)
]]></system-err>
  </testcase>
  <testcase name="testFirstEmptyFieldConfusedAsMagicByte" classname="io.apicurio.tests.serdes.apicurio.AvroSerdeIT" time="4.198">
    <system-out><![CDATA[2025-08-12 17:21:54,946 INFO  [io.api.tes.uti.TestSeparator] (main) ############################################################################
2025-08-12 17:21:54,946 INFO  [io.api.tes.uti.TestSeparator] (main) io.apicurio.tests.serdes.apicurio.AvroSerdeIT.testFirstEmptyFieldConfusedAsMagicByte-STARTED
**** Registry Base URL: http://registry-app-inmemory.apps.ci419.apicurio-testing.org:80
2025-08-12 17:21:54,948 INFO  [org.apa.kaf.cli.pro.ProducerConfig] (main) ProducerConfig values: 
	acks = -1
	auto.include.jmx.reporter = true
	batch.size = 16384
	bootstrap.servers = [PLAINTEXT://localhost:32769]
	buffer.memory = 33554432
	client.dns.lookup = use_all_dns_ips
	client.id = Producer-topic-f5c265f9_58c4_4d51_85bf_603ee5b438cc
	compression.gzip.level = -1
	compression.lz4.level = 9
	compression.type = none
	compression.zstd.level = 3
	connections.max.idle.ms = 10000
	delivery.timeout.ms = 120000
	enable.idempotence = true
	enable.metrics.push = true
	interceptor.classes = []
	key.serializer = class org.apache.kafka.common.serialization.StringSerializer
	linger.ms = 0
	max.block.ms = 60000
	max.in.flight.requests.per.connection = 5
	max.request.size = 1048576
	metadata.max.age.ms = 300000
	metadata.max.idle.ms = 300000
	metadata.recovery.strategy = none
	metric.reporters = []
	metrics.num.samples = 2
	metrics.recording.level = INFO
	metrics.sample.window.ms = 30000
	partitioner.adaptive.partitioning.enable = true
	partitioner.availability.timeout.ms = 0
	partitioner.class = null
	partitioner.ignore.keys = false
	receive.buffer.bytes = 32768
	reconnect.backoff.max.ms = 1000
	reconnect.backoff.ms = 50
	request.timeout.ms = 5000
	retries = 2147483647
	retry.backoff.max.ms = 1000
	retry.backoff.ms = 100
	sasl.client.callback.handler.class = null
	sasl.jaas.config = null
	sasl.kerberos.kinit.cmd = /usr/bin/kinit
	sasl.kerberos.min.time.before.relogin = 60000
	sasl.kerberos.service.name = null
	sasl.kerberos.ticket.renew.jitter = 0.05
	sasl.kerberos.ticket.renew.window.factor = 0.8
	sasl.login.callback.handler.class = null
	sasl.login.class = null
	sasl.login.connect.timeout.ms = null
	sasl.login.read.timeout.ms = null
	sasl.login.refresh.buffer.seconds = 300
	sasl.login.refresh.min.period.seconds = 60
	sasl.login.refresh.window.factor = 0.8
	sasl.login.refresh.window.jitter = 0.05
	sasl.login.retry.backoff.max.ms = 10000
	sasl.login.retry.backoff.ms = 100
	sasl.mechanism = GSSAPI
	sasl.oauthbearer.clock.skew.seconds = 30
	sasl.oauthbearer.expected.audience = null
	sasl.oauthbearer.expected.issuer = null
	sasl.oauthbearer.header.urlencode = false
	sasl.oauthbearer.jwks.endpoint.refresh.ms = 3600000
	sasl.oauthbearer.jwks.endpoint.retry.backoff.max.ms = 10000
	sasl.oauthbearer.jwks.endpoint.retry.backoff.ms = 100
	sasl.oauthbearer.jwks.endpoint.url = null
	sasl.oauthbearer.scope.claim.name = scope
	sasl.oauthbearer.sub.claim.name = sub
	sasl.oauthbearer.token.endpoint.url = null
	security.protocol = PLAINTEXT
	security.providers = null
	send.buffer.bytes = 131072
	socket.connection.setup.timeout.max.ms = 30000
	socket.connection.setup.timeout.ms = 10000
	ssl.cipher.suites = null
	ssl.enabled.protocols = [TLSv1.2, TLSv1.3]
	ssl.endpoint.identification.algorithm = https
	ssl.engine.factory.class = null
	ssl.key.password = null
	ssl.keymanager.algorithm = SunX509
	ssl.keystore.certificate.chain = null
	ssl.keystore.key = null
	ssl.keystore.location = null
	ssl.keystore.password = null
	ssl.keystore.type = JKS
	ssl.protocol = TLSv1.3
	ssl.provider = null
	ssl.secure.random.implementation = null
	ssl.trustmanager.algorithm = PKIX
	ssl.truststore.certificates = null
	ssl.truststore.location = null
	ssl.truststore.password = null
	ssl.truststore.type = JKS
	transaction.timeout.ms = 60000
	transactional.id = null
	value.serializer = class io.apicurio.registry.serde.avro.AvroKafkaSerializer

2025-08-12 17:21:54,952 INFO  [org.apa.kaf.com.tel.int.KafkaMetricsCollector] (main) initializing Kafka metrics collector
2025-08-12 17:21:54,958 INFO  [org.apa.kaf.cli.pro.KafkaProducer] (main) [Producer clientId=Producer-topic-f5c265f9_58c4_4d51_85bf_603ee5b438cc] Instantiated an idempotent producer.
2025-08-12 17:21:54,959 INFO  [org.apa.kaf.cli.pro.ProducerConfig] (main) These configurations '[apicurio.registry.url, apicurio.registry.auto-register, apicurio.registry.artifact-resolver-strategy]' were supplied but are not used yet.
2025-08-12 17:21:54,959 INFO  [org.apa.kaf.com.uti.AppInfoParser] (main) Kafka version: 3.9.1
2025-08-12 17:21:54,960 INFO  [org.apa.kaf.com.uti.AppInfoParser] (main) Kafka commitId: f745dfdcee2b9851
2025-08-12 17:21:54,960 INFO  [org.apa.kaf.com.uti.AppInfoParser] (main) Kafka startTimeMs: 1755019314959
2025-08-12 17:21:54,960 INFO  [io.api.tes.ser.api.SimpleSerdesTesterBuilder$SimpleSerdesTester] (main) Using producer configuration: {apicurio.registry.url=http://registry-app-inmemory.apps.ci419.apicurio-testing.org:80/apis/registry/v3, apicurio.registry.auto-register=true, apicurio.registry.artifact-resolver-strategy=io.apicurio.registry.serde.strategy.SimpleTopicIdStrategy, value.serializer=io.apicurio.registry.serde.avro.AvroKafkaSerializer, request.timeout.ms=5000, acks=all, bootstrap.servers=PLAINTEXT://localhost:32769, connections.max.idle.ms=10000, key.serializer=org.apache.kafka.common.serialization.StringSerializer, client.id=Producer-topic-f5c265f9_58c4_4d51_85bf_603ee5b438cc}
2025-08-12 17:21:54,960 INFO  [io.api.tes.ser.api.SimpleSerdesTesterBuilder$SimpleSerdesTester] (main) Using consumer configuration: {}
2025-08-12 17:21:54,961 INFO  [io.api.tes.ser.api.KafkaSerdesTester] (Thread-732) Sending message {"username": null} to topic topic-f5c265f9_58c4_4d51_85bf_603ee5b438cc
2025-08-12 17:21:54,964 WARN  [org.apa.kaf.cli.NetworkClient] (kafka-producer-network-thread | Producer-topic-f5c265f9_58c4_4d51_85bf_603ee5b438cc) [Producer clientId=Producer-topic-f5c265f9_58c4_4d51_85bf_603ee5b438cc] The metadata response from the cluster reported a recoverable issue with correlation id 1 : {topic-f5c265f9_58c4_4d51_85bf_603ee5b438cc=UNKNOWN_TOPIC_OR_PARTITION}
2025-08-12 17:21:54,964 INFO  [org.apa.kaf.cli.Metadata] (kafka-producer-network-thread | Producer-topic-f5c265f9_58c4_4d51_85bf_603ee5b438cc) [Producer clientId=Producer-topic-f5c265f9_58c4_4d51_85bf_603ee5b438cc] Cluster ID: Ursznb63T6OTazTEUvngGA
2025-08-12 17:21:54,964 INFO  [org.apa.kaf.cli.pro.int.TransactionManager] (kafka-producer-network-thread | Producer-topic-f5c265f9_58c4_4d51_85bf_603ee5b438cc) [Producer clientId=Producer-topic-f5c265f9_58c4_4d51_85bf_603ee5b438cc] ProducerId set to 23 with epoch 0
2025-08-12 17:21:55,222 INFO  [io.api.tes.ser.api.KafkaSerdesTester] (Thread-732) Sending message {"username": null} to topic topic-f5c265f9_58c4_4d51_85bf_603ee5b438cc
2025-08-12 17:21:55,224 INFO  [io.api.tes.ser.api.KafkaSerdesTester] (Thread-732) Sending message {"username": "value-2"} to topic topic-f5c265f9_58c4_4d51_85bf_603ee5b438cc
2025-08-12 17:21:55,225 INFO  [io.api.tes.ser.api.KafkaSerdesTester] (Thread-732) Sending message {"username": null} to topic topic-f5c265f9_58c4_4d51_85bf_603ee5b438cc
2025-08-12 17:21:55,226 INFO  [io.api.tes.ser.api.KafkaSerdesTester] (Thread-732) Sending message {"username": "value-4"} to topic topic-f5c265f9_58c4_4d51_85bf_603ee5b438cc
2025-08-12 17:21:55,228 INFO  [io.api.tes.ser.api.KafkaSerdesTester] (Thread-732) Sending message {"username": null} to topic topic-f5c265f9_58c4_4d51_85bf_603ee5b438cc
2025-08-12 17:21:55,229 INFO  [io.api.tes.ser.api.KafkaSerdesTester] (Thread-732) Sending message {"username": "value-6"} to topic topic-f5c265f9_58c4_4d51_85bf_603ee5b438cc
2025-08-12 17:21:55,231 INFO  [io.api.tes.ser.api.KafkaSerdesTester] (Thread-732) Sending message {"username": null} to topic topic-f5c265f9_58c4_4d51_85bf_603ee5b438cc
2025-08-12 17:21:55,232 INFO  [io.api.tes.ser.api.KafkaSerdesTester] (Thread-732) Sending message {"username": "value-8"} to topic topic-f5c265f9_58c4_4d51_85bf_603ee5b438cc
2025-08-12 17:21:55,234 INFO  [io.api.tes.ser.api.KafkaSerdesTester] (Thread-732) Sending message {"username": null} to topic topic-f5c265f9_58c4_4d51_85bf_603ee5b438cc
2025-08-12 17:21:55,236 INFO  [io.api.tes.ser.api.KafkaSerdesTester] (Thread-732) Produced 10 messages
2025-08-12 17:21:55,237 INFO  [org.apa.kaf.cli.pro.KafkaProducer] (Thread-732) [Producer clientId=Producer-topic-f5c265f9_58c4_4d51_85bf_603ee5b438cc] Closing the Kafka producer with timeoutMillis = 9223372036854775807 ms.
2025-08-12 17:21:55,241 INFO  [org.apa.kaf.com.met.Metrics] (Thread-732) Metrics scheduler closed
2025-08-12 17:21:55,241 INFO  [org.apa.kaf.com.met.Metrics] (Thread-732) Closing reporter org.apache.kafka.common.metrics.JmxReporter
2025-08-12 17:21:55,241 INFO  [org.apa.kaf.com.met.Metrics] (Thread-732) Closing reporter org.apache.kafka.common.telemetry.internals.ClientTelemetryReporter
2025-08-12 17:21:55,241 INFO  [org.apa.kaf.com.met.Metrics] (Thread-732) Metrics reporters closed
2025-08-12 17:21:55,242 INFO  [org.apa.kaf.com.uti.AppInfoParser] (Thread-732) App info kafka.producer for Producer-topic-f5c265f9_58c4_4d51_85bf_603ee5b438cc unregistered
**** Registry Base URL: http://registry-app-inmemory.apps.ci419.apicurio-testing.org:80
2025-08-12 17:21:55,388 INFO  [org.apa.kaf.cli.con.ConsumerConfig] (main) ConsumerConfig values: 
	allow.auto.create.topics = true
	auto.commit.interval.ms = 500
	auto.include.jmx.reporter = true
	auto.offset.reset = earliest
	bootstrap.servers = [PLAINTEXT://localhost:32769]
	check.crcs = true
	client.dns.lookup = use_all_dns_ips
	client.id = consumer-Consumer-topic-f5c265f9_58c4_4d51_85bf_603ee5b438cc-17
	client.rack = 
	connections.max.idle.ms = 10000
	default.api.timeout.ms = 60000
	enable.auto.commit = true
	enable.metrics.push = true
	exclude.internal.topics = true
	fetch.max.bytes = 52428800
	fetch.max.wait.ms = 500
	fetch.min.bytes = 1
	group.id = Consumer-topic-f5c265f9_58c4_4d51_85bf_603ee5b438cc
	group.instance.id = null
	group.protocol = classic
	group.remote.assignor = null
	heartbeat.interval.ms = 3000
	interceptor.classes = []
	internal.leave.group.on.close = true
	internal.throw.on.fetch.stable.offset.unsupported = false
	isolation.level = read_uncommitted
	key.deserializer = class org.apache.kafka.common.serialization.StringDeserializer
	max.partition.fetch.bytes = 1048576
	max.poll.interval.ms = 300000
	max.poll.records = 500
	metadata.max.age.ms = 300000
	metadata.recovery.strategy = none
	metric.reporters = []
	metrics.num.samples = 2
	metrics.recording.level = INFO
	metrics.sample.window.ms = 30000
	partition.assignment.strategy = [class org.apache.kafka.clients.consumer.RangeAssignor, class org.apache.kafka.clients.consumer.CooperativeStickyAssignor]
	receive.buffer.bytes = 65536
	reconnect.backoff.max.ms = 1000
	reconnect.backoff.ms = 50
	request.timeout.ms = 5000
	retry.backoff.max.ms = 1000
	retry.backoff.ms = 100
	sasl.client.callback.handler.class = null
	sasl.jaas.config = null
	sasl.kerberos.kinit.cmd = /usr/bin/kinit
	sasl.kerberos.min.time.before.relogin = 60000
	sasl.kerberos.service.name = null
	sasl.kerberos.ticket.renew.jitter = 0.05
	sasl.kerberos.ticket.renew.window.factor = 0.8
	sasl.login.callback.handler.class = null
	sasl.login.class = null
	sasl.login.connect.timeout.ms = null
	sasl.login.read.timeout.ms = null
	sasl.login.refresh.buffer.seconds = 300
	sasl.login.refresh.min.period.seconds = 60
	sasl.login.refresh.window.factor = 0.8
	sasl.login.refresh.window.jitter = 0.05
	sasl.login.retry.backoff.max.ms = 10000
	sasl.login.retry.backoff.ms = 100
	sasl.mechanism = GSSAPI
	sasl.oauthbearer.clock.skew.seconds = 30
	sasl.oauthbearer.expected.audience = null
	sasl.oauthbearer.expected.issuer = null
	sasl.oauthbearer.header.urlencode = false
	sasl.oauthbearer.jwks.endpoint.refresh.ms = 3600000
	sasl.oauthbearer.jwks.endpoint.retry.backoff.max.ms = 10000
	sasl.oauthbearer.jwks.endpoint.retry.backoff.ms = 100
	sasl.oauthbearer.jwks.endpoint.url = null
	sasl.oauthbearer.scope.claim.name = scope
	sasl.oauthbearer.sub.claim.name = sub
	sasl.oauthbearer.token.endpoint.url = null
	security.protocol = PLAINTEXT
	security.providers = null
	send.buffer.bytes = 131072
	session.timeout.ms = 45000
	socket.connection.setup.timeout.max.ms = 30000
	socket.connection.setup.timeout.ms = 10000
	ssl.cipher.suites = null
	ssl.enabled.protocols = [TLSv1.2, TLSv1.3]
	ssl.endpoint.identification.algorithm = https
	ssl.engine.factory.class = null
	ssl.key.password = null
	ssl.keymanager.algorithm = SunX509
	ssl.keystore.certificate.chain = null
	ssl.keystore.key = null
	ssl.keystore.location = null
	ssl.keystore.password = null
	ssl.keystore.type = JKS
	ssl.protocol = TLSv1.3
	ssl.provider = null
	ssl.secure.random.implementation = null
	ssl.trustmanager.algorithm = PKIX
	ssl.truststore.certificates = null
	ssl.truststore.location = null
	ssl.truststore.password = null
	ssl.truststore.type = JKS
	value.deserializer = class io.apicurio.registry.serde.avro.AvroKafkaDeserializer

2025-08-12 17:21:55,389 INFO  [org.apa.kaf.com.tel.int.KafkaMetricsCollector] (main) initializing Kafka metrics collector
2025-08-12 17:21:55,394 INFO  [org.apa.kaf.cli.con.ConsumerConfig] (main) These configurations '[apicurio.registry.url]' were supplied but are not used yet.
2025-08-12 17:21:55,394 INFO  [org.apa.kaf.com.uti.AppInfoParser] (main) Kafka version: 3.9.1
2025-08-12 17:21:55,394 INFO  [org.apa.kaf.com.uti.AppInfoParser] (main) Kafka commitId: f745dfdcee2b9851
2025-08-12 17:21:55,394 INFO  [org.apa.kaf.com.uti.AppInfoParser] (main) Kafka startTimeMs: 1755019315394
2025-08-12 17:21:55,394 INFO  [org.apa.kaf.cli.con.int.ClassicKafkaConsumer] (Thread-735) [Consumer clientId=consumer-Consumer-topic-f5c265f9_58c4_4d51_85bf_603ee5b438cc-17, groupId=Consumer-topic-f5c265f9_58c4_4d51_85bf_603ee5b438cc] Subscribed to topic(s): topic-f5c265f9_58c4_4d51_85bf_603ee5b438cc
2025-08-12 17:21:55,399 INFO  [org.apa.kaf.cli.Metadata] (Thread-735) [Consumer clientId=consumer-Consumer-topic-f5c265f9_58c4_4d51_85bf_603ee5b438cc-17, groupId=Consumer-topic-f5c265f9_58c4_4d51_85bf_603ee5b438cc] Cluster ID: Ursznb63T6OTazTEUvngGA
2025-08-12 17:21:55,400 INFO  [org.apa.kaf.cli.con.int.ConsumerCoordinator] (Thread-735) [Consumer clientId=consumer-Consumer-topic-f5c265f9_58c4_4d51_85bf_603ee5b438cc-17, groupId=Consumer-topic-f5c265f9_58c4_4d51_85bf_603ee5b438cc] Discovered group coordinator localhost:32769 (id: 2147483647 rack: null)
2025-08-12 17:21:55,401 INFO  [org.apa.kaf.cli.con.int.ConsumerCoordinator] (Thread-735) [Consumer clientId=consumer-Consumer-topic-f5c265f9_58c4_4d51_85bf_603ee5b438cc-17, groupId=Consumer-topic-f5c265f9_58c4_4d51_85bf_603ee5b438cc] (Re-)joining group
2025-08-12 17:21:55,403 INFO  [org.apa.kaf.cli.con.int.ConsumerCoordinator] (Thread-735) [Consumer clientId=consumer-Consumer-topic-f5c265f9_58c4_4d51_85bf_603ee5b438cc-17, groupId=Consumer-topic-f5c265f9_58c4_4d51_85bf_603ee5b438cc] Request joining group due to: need to re-join with the given member-id: consumer-Consumer-topic-f5c265f9_58c4_4d51_85bf_603ee5b438cc-17-0c2c8f8e-a503-4a19-a2c5-8b650c70ad2b
2025-08-12 17:21:55,403 INFO  [org.apa.kaf.cli.con.int.ConsumerCoordinator] (Thread-735) [Consumer clientId=consumer-Consumer-topic-f5c265f9_58c4_4d51_85bf_603ee5b438cc-17, groupId=Consumer-topic-f5c265f9_58c4_4d51_85bf_603ee5b438cc] (Re-)joining group
2025-08-12 17:21:56,394 INFO  [io.api.tes.ser.api.KafkaSerdesTester] (Thread-735) None found
2025-08-12 17:21:57,394 INFO  [io.api.tes.ser.api.KafkaSerdesTester] (Thread-735) None found
2025-08-12 17:21:58,394 INFO  [io.api.tes.ser.api.KafkaSerdesTester] (Thread-735) None found
2025-08-12 17:21:58,405 INFO  [org.apa.kaf.cli.con.int.ConsumerCoordinator] (Thread-735) [Consumer clientId=consumer-Consumer-topic-f5c265f9_58c4_4d51_85bf_603ee5b438cc-17, groupId=Consumer-topic-f5c265f9_58c4_4d51_85bf_603ee5b438cc] Successfully joined group with generation Generation{generationId=1, memberId='consumer-Consumer-topic-f5c265f9_58c4_4d51_85bf_603ee5b438cc-17-0c2c8f8e-a503-4a19-a2c5-8b650c70ad2b', protocol='range'}
2025-08-12 17:21:58,406 INFO  [org.apa.kaf.cli.con.int.ConsumerCoordinator] (Thread-735) [Consumer clientId=consumer-Consumer-topic-f5c265f9_58c4_4d51_85bf_603ee5b438cc-17, groupId=Consumer-topic-f5c265f9_58c4_4d51_85bf_603ee5b438cc] Finished assignment for group at generation 1: {consumer-Consumer-topic-f5c265f9_58c4_4d51_85bf_603ee5b438cc-17-0c2c8f8e-a503-4a19-a2c5-8b650c70ad2b=Assignment(partitions=[topic-f5c265f9_58c4_4d51_85bf_603ee5b438cc-0])}
2025-08-12 17:21:58,412 INFO  [org.apa.kaf.cli.con.int.ConsumerCoordinator] (Thread-735) [Consumer clientId=consumer-Consumer-topic-f5c265f9_58c4_4d51_85bf_603ee5b438cc-17, groupId=Consumer-topic-f5c265f9_58c4_4d51_85bf_603ee5b438cc] Successfully synced group in generation Generation{generationId=1, memberId='consumer-Consumer-topic-f5c265f9_58c4_4d51_85bf_603ee5b438cc-17-0c2c8f8e-a503-4a19-a2c5-8b650c70ad2b', protocol='range'}
2025-08-12 17:21:58,412 INFO  [org.apa.kaf.cli.con.int.ConsumerCoordinator] (Thread-735) [Consumer clientId=consumer-Consumer-topic-f5c265f9_58c4_4d51_85bf_603ee5b438cc-17, groupId=Consumer-topic-f5c265f9_58c4_4d51_85bf_603ee5b438cc] Notifying assignor about the new Assignment(partitions=[topic-f5c265f9_58c4_4d51_85bf_603ee5b438cc-0])
2025-08-12 17:21:58,412 INFO  [org.apa.kaf.cli.con.int.ConsumerRebalanceListenerInvoker] (Thread-735) [Consumer clientId=consumer-Consumer-topic-f5c265f9_58c4_4d51_85bf_603ee5b438cc-17, groupId=Consumer-topic-f5c265f9_58c4_4d51_85bf_603ee5b438cc] Adding newly assigned partitions: topic-f5c265f9_58c4_4d51_85bf_603ee5b438cc-0
2025-08-12 17:21:58,413 INFO  [org.apa.kaf.cli.con.int.ConsumerCoordinator] (Thread-735) [Consumer clientId=consumer-Consumer-topic-f5c265f9_58c4_4d51_85bf_603ee5b438cc-17, groupId=Consumer-topic-f5c265f9_58c4_4d51_85bf_603ee5b438cc] Found no committed offset for partition topic-f5c265f9_58c4_4d51_85bf_603ee5b438cc-0
2025-08-12 17:21:58,416 INFO  [org.apa.kaf.cli.con.int.SubscriptionState] (Thread-735) [Consumer clientId=consumer-Consumer-topic-f5c265f9_58c4_4d51_85bf_603ee5b438cc-17, groupId=Consumer-topic-f5c265f9_58c4_4d51_85bf_603ee5b438cc] Resetting offset for partition topic-f5c265f9_58c4_4d51_85bf_603ee5b438cc-0 to position FetchPosition{offset=0, offsetEpoch=Optional.empty, currentLeader=LeaderAndEpoch{leader=Optional[localhost:32769 (id: 0 rack: null)], epoch=0}}.
2025-08-12 17:21:58,636 INFO  [io.api.tes.ser.api.KafkaSerdesTester] (Thread-735) topic-f5c265f9_58c4_4d51_85bf_603ee5b438cc 0 0 {"username": null}
2025-08-12 17:21:58,636 INFO  [io.api.tes.ser.api.KafkaSerdesTester] (Thread-735) topic-f5c265f9_58c4_4d51_85bf_603ee5b438cc 0 1 {"username": null}
2025-08-12 17:21:58,636 INFO  [io.api.tes.ser.api.KafkaSerdesTester] (Thread-735) topic-f5c265f9_58c4_4d51_85bf_603ee5b438cc 0 2 {"username": "value-2"}
2025-08-12 17:21:58,636 INFO  [io.api.tes.ser.api.KafkaSerdesTester] (Thread-735) topic-f5c265f9_58c4_4d51_85bf_603ee5b438cc 0 3 {"username": null}
2025-08-12 17:21:58,636 INFO  [io.api.tes.ser.api.KafkaSerdesTester] (Thread-735) topic-f5c265f9_58c4_4d51_85bf_603ee5b438cc 0 4 {"username": "value-4"}
2025-08-12 17:21:58,636 INFO  [io.api.tes.ser.api.KafkaSerdesTester] (Thread-735) topic-f5c265f9_58c4_4d51_85bf_603ee5b438cc 0 5 {"username": null}
2025-08-12 17:21:58,636 INFO  [io.api.tes.ser.api.KafkaSerdesTester] (Thread-735) topic-f5c265f9_58c4_4d51_85bf_603ee5b438cc 0 6 {"username": "value-6"}
2025-08-12 17:21:58,636 INFO  [io.api.tes.ser.api.KafkaSerdesTester] (Thread-735) topic-f5c265f9_58c4_4d51_85bf_603ee5b438cc 0 7 {"username": null}
2025-08-12 17:21:58,636 INFO  [io.api.tes.ser.api.KafkaSerdesTester] (Thread-735) topic-f5c265f9_58c4_4d51_85bf_603ee5b438cc 0 8 {"username": "value-8"}
2025-08-12 17:21:58,636 INFO  [io.api.tes.ser.api.KafkaSerdesTester] (Thread-735) topic-f5c265f9_58c4_4d51_85bf_603ee5b438cc 0 9 {"username": null}
2025-08-12 17:21:58,636 INFO  [io.api.tes.ser.api.KafkaSerdesTester] (Thread-735) Consumed 10 messages
2025-08-12 17:21:58,644 INFO  [org.apa.kaf.cli.con.int.ConsumerRebalanceListenerInvoker] (Thread-735) [Consumer clientId=consumer-Consumer-topic-f5c265f9_58c4_4d51_85bf_603ee5b438cc-17, groupId=Consumer-topic-f5c265f9_58c4_4d51_85bf_603ee5b438cc] Revoke previously assigned partitions topic-f5c265f9_58c4_4d51_85bf_603ee5b438cc-0
2025-08-12 17:21:58,644 INFO  [org.apa.kaf.cli.con.int.ConsumerCoordinator] (Thread-735) [Consumer clientId=consumer-Consumer-topic-f5c265f9_58c4_4d51_85bf_603ee5b438cc-17, groupId=Consumer-topic-f5c265f9_58c4_4d51_85bf_603ee5b438cc] Member consumer-Consumer-topic-f5c265f9_58c4_4d51_85bf_603ee5b438cc-17-0c2c8f8e-a503-4a19-a2c5-8b650c70ad2b sending LeaveGroup request to coordinator localhost:32769 (id: 2147483647 rack: null) due to the consumer is being closed
2025-08-12 17:21:58,644 INFO  [org.apa.kaf.cli.con.int.ConsumerCoordinator] (Thread-735) [Consumer clientId=consumer-Consumer-topic-f5c265f9_58c4_4d51_85bf_603ee5b438cc-17, groupId=Consumer-topic-f5c265f9_58c4_4d51_85bf_603ee5b438cc] Resetting generation and member id due to: consumer pro-actively leaving the group
2025-08-12 17:21:58,644 INFO  [org.apa.kaf.cli.con.int.ConsumerCoordinator] (Thread-735) [Consumer clientId=consumer-Consumer-topic-f5c265f9_58c4_4d51_85bf_603ee5b438cc-17, groupId=Consumer-topic-f5c265f9_58c4_4d51_85bf_603ee5b438cc] Request joining group due to: consumer pro-actively leaving the group
2025-08-12 17:21:59,138 INFO  [org.apa.kaf.com.met.Metrics] (Thread-735) Metrics scheduler closed
2025-08-12 17:21:59,138 INFO  [org.apa.kaf.com.met.Metrics] (Thread-735) Closing reporter org.apache.kafka.common.metrics.JmxReporter
2025-08-12 17:21:59,139 INFO  [org.apa.kaf.com.met.Metrics] (Thread-735) Closing reporter org.apache.kafka.common.telemetry.internals.ClientTelemetryReporter
2025-08-12 17:21:59,139 INFO  [org.apa.kaf.com.met.Metrics] (Thread-735) Metrics reporters closed
2025-08-12 17:21:59,140 INFO  [org.apa.kaf.com.uti.AppInfoParser] (Thread-735) App info kafka.consumer for consumer-Consumer-topic-f5c265f9_58c4_4d51_85bf_603ee5b438cc-17 unregistered
2025-08-12 17:21:59,142 INFO  [io.api.tes.uti.TestSeparator] (main) io.apicurio.tests.serdes.apicurio.AvroSerdeIT.testFirstEmptyFieldConfusedAsMagicByte-FINISHED
2025-08-12 17:21:59,142 INFO  [io.api.tes.uti.TestSeparator] (main) ############################################################################
Test passed: testFirstEmptyFieldConfusedAsMagicByte
]]></system-out>
  </testcase>
  <testcase name="testAvroSerDesFailDifferentSchemaByContent" classname="io.apicurio.tests.serdes.apicurio.AvroSerdeIT" time="1.388">
    <system-out><![CDATA[2025-08-12 17:21:59,144 INFO  [io.api.tes.uti.TestSeparator] (main) ############################################################################
2025-08-12 17:21:59,144 INFO  [io.api.tes.uti.TestSeparator] (main) io.apicurio.tests.serdes.apicurio.AvroSerdeIT.testAvroSerDesFailDifferentSchemaByContent-STARTED
**** Registry Base URL: http://registry-app-inmemory.apps.ci419.apicurio-testing.org:80
2025-08-12 17:22:00,297 INFO  [org.apa.kaf.cli.pro.ProducerConfig] (main) ProducerConfig values: 
	acks = -1
	auto.include.jmx.reporter = true
	batch.size = 16384
	bootstrap.servers = [PLAINTEXT://localhost:32769]
	buffer.memory = 33554432
	client.dns.lookup = use_all_dns_ips
	client.id = Producer-topic-ec35cee6_df50_4f2d_92fb_85d471f09495
	compression.gzip.level = -1
	compression.lz4.level = 9
	compression.type = none
	compression.zstd.level = 3
	connections.max.idle.ms = 10000
	delivery.timeout.ms = 120000
	enable.idempotence = true
	enable.metrics.push = true
	interceptor.classes = []
	key.serializer = class org.apache.kafka.common.serialization.StringSerializer
	linger.ms = 0
	max.block.ms = 60000
	max.in.flight.requests.per.connection = 5
	max.request.size = 1048576
	metadata.max.age.ms = 300000
	metadata.max.idle.ms = 300000
	metadata.recovery.strategy = none
	metric.reporters = []
	metrics.num.samples = 2
	metrics.recording.level = INFO
	metrics.sample.window.ms = 30000
	partitioner.adaptive.partitioning.enable = true
	partitioner.availability.timeout.ms = 0
	partitioner.class = null
	partitioner.ignore.keys = false
	receive.buffer.bytes = 32768
	reconnect.backoff.max.ms = 1000
	reconnect.backoff.ms = 50
	request.timeout.ms = 5000
	retries = 2147483647
	retry.backoff.max.ms = 1000
	retry.backoff.ms = 100
	sasl.client.callback.handler.class = null
	sasl.jaas.config = null
	sasl.kerberos.kinit.cmd = /usr/bin/kinit
	sasl.kerberos.min.time.before.relogin = 60000
	sasl.kerberos.service.name = null
	sasl.kerberos.ticket.renew.jitter = 0.05
	sasl.kerberos.ticket.renew.window.factor = 0.8
	sasl.login.callback.handler.class = null
	sasl.login.class = null
	sasl.login.connect.timeout.ms = null
	sasl.login.read.timeout.ms = null
	sasl.login.refresh.buffer.seconds = 300
	sasl.login.refresh.min.period.seconds = 60
	sasl.login.refresh.window.factor = 0.8
	sasl.login.refresh.window.jitter = 0.05
	sasl.login.retry.backoff.max.ms = 10000
	sasl.login.retry.backoff.ms = 100
	sasl.mechanism = GSSAPI
	sasl.oauthbearer.clock.skew.seconds = 30
	sasl.oauthbearer.expected.audience = null
	sasl.oauthbearer.expected.issuer = null
	sasl.oauthbearer.header.urlencode = false
	sasl.oauthbearer.jwks.endpoint.refresh.ms = 3600000
	sasl.oauthbearer.jwks.endpoint.retry.backoff.max.ms = 10000
	sasl.oauthbearer.jwks.endpoint.retry.backoff.ms = 100
	sasl.oauthbearer.jwks.endpoint.url = null
	sasl.oauthbearer.scope.claim.name = scope
	sasl.oauthbearer.sub.claim.name = sub
	sasl.oauthbearer.token.endpoint.url = null
	security.protocol = PLAINTEXT
	security.providers = null
	send.buffer.bytes = 131072
	socket.connection.setup.timeout.max.ms = 30000
	socket.connection.setup.timeout.ms = 10000
	ssl.cipher.suites = null
	ssl.enabled.protocols = [TLSv1.2, TLSv1.3]
	ssl.endpoint.identification.algorithm = https
	ssl.engine.factory.class = null
	ssl.key.password = null
	ssl.keymanager.algorithm = SunX509
	ssl.keystore.certificate.chain = null
	ssl.keystore.key = null
	ssl.keystore.location = null
	ssl.keystore.password = null
	ssl.keystore.type = JKS
	ssl.protocol = TLSv1.3
	ssl.provider = null
	ssl.secure.random.implementation = null
	ssl.trustmanager.algorithm = PKIX
	ssl.truststore.certificates = null
	ssl.truststore.location = null
	ssl.truststore.password = null
	ssl.truststore.type = JKS
	transaction.timeout.ms = 60000
	transactional.id = null
	value.serializer = class io.apicurio.registry.serde.avro.AvroKafkaSerializer

2025-08-12 17:22:00,298 INFO  [org.apa.kaf.com.tel.int.KafkaMetricsCollector] (main) initializing Kafka metrics collector
2025-08-12 17:22:00,301 INFO  [org.apa.kaf.cli.pro.KafkaProducer] (main) [Producer clientId=Producer-topic-ec35cee6_df50_4f2d_92fb_85d471f09495] Instantiated an idempotent producer.
2025-08-12 17:22:00,302 INFO  [org.apa.kaf.cli.pro.ProducerConfig] (main) These configurations '[apicurio.registry.url, apicurio.registry.artifact-resolver-strategy]' were supplied but are not used yet.
2025-08-12 17:22:00,302 INFO  [org.apa.kaf.com.uti.AppInfoParser] (main) Kafka version: 3.9.1
2025-08-12 17:22:00,302 INFO  [org.apa.kaf.com.uti.AppInfoParser] (main) Kafka commitId: f745dfdcee2b9851
2025-08-12 17:22:00,302 INFO  [org.apa.kaf.com.uti.AppInfoParser] (main) Kafka startTimeMs: 1755019320302
2025-08-12 17:22:00,302 INFO  [io.api.tes.ser.api.KafkaSerdesTester] (Thread-738) Sending message {"keyB": "value-0"} to topic topic-ec35cee6_df50_4f2d_92fb_85d471f09495
2025-08-12 17:22:00,306 INFO  [org.apa.kaf.cli.Metadata] (kafka-producer-network-thread | Producer-topic-ec35cee6_df50_4f2d_92fb_85d471f09495) [Producer clientId=Producer-topic-ec35cee6_df50_4f2d_92fb_85d471f09495] Cluster ID: Ursznb63T6OTazTEUvngGA
2025-08-12 17:22:00,306 INFO  [DefaultSchemaResolver] (Thread-738) Retrieving schema content using string: {"type":"record","name":"sbb22b379x9c6fx4765x8d1exf04b0aad6f67","namespace":"se3418ba2x0cfdx46f2x8d4dx812c28217028","fields":[{"name":"keyB","type":"string"}]}
2025-08-12 17:22:00,307 INFO  [org.apa.kaf.cli.pro.int.TransactionManager] (kafka-producer-network-thread | Producer-topic-ec35cee6_df50_4f2d_92fb_85d471f09495) [Producer clientId=Producer-topic-ec35cee6_df50_4f2d_92fb_85d471f09495] ProducerId set to 24 with epoch 0
2025-08-12 17:22:00,529 INFO  [org.apa.kaf.cli.pro.KafkaProducer] (Thread-738) [Producer clientId=Producer-topic-ec35cee6_df50_4f2d_92fb_85d471f09495] Closing the Kafka producer with timeoutMillis = 9223372036854775807 ms.
2025-08-12 17:22:00,530 INFO  [org.apa.kaf.com.met.Metrics] (Thread-738) Metrics scheduler closed
2025-08-12 17:22:00,530 INFO  [org.apa.kaf.com.met.Metrics] (Thread-738) Closing reporter org.apache.kafka.common.metrics.JmxReporter
2025-08-12 17:22:00,530 INFO  [org.apa.kaf.com.met.Metrics] (Thread-738) Closing reporter org.apache.kafka.common.telemetry.internals.ClientTelemetryReporter
2025-08-12 17:22:00,530 INFO  [org.apa.kaf.com.met.Metrics] (Thread-738) Metrics reporters closed
2025-08-12 17:22:00,531 INFO  [org.apa.kaf.com.uti.AppInfoParser] (Thread-738) App info kafka.producer for Producer-topic-ec35cee6_df50_4f2d_92fb_85d471f09495 unregistered
2025-08-12 17:22:00,531 INFO  [io.api.tes.uti.TestSeparator] (main) io.apicurio.tests.serdes.apicurio.AvroSerdeIT.testAvroSerDesFailDifferentSchemaByContent-FINISHED
2025-08-12 17:22:00,531 INFO  [io.api.tes.uti.TestSeparator] (main) ############################################################################
Test passed: testAvroSerDesFailDifferentSchemaByContent
]]></system-out>
    <system-err><![CDATA[java.lang.RuntimeException: Could not resolve artifact reference by content: {"type":"record","name":"sbb22b379x9c6fx4765x8d1exf04b0aad6f67","namespace":"se3418ba2x0cfdx46f2x8d4dx812c28217028","fields":[{"name":"keyB","type":"string"}]}&ArtifactReference [groupId=se3418ba2x0cfdx46f2x8d4dx812c28217028, artifactId=sbb22b379x9c6fx4765x8d1exf04b0aad6f67, version=null, globalId=null, contentId=null, contentHash=null]
	at io.apicurio.registry.resolver.DefaultSchemaResolver.lambda$handleResolveSchemaByContent$3(DefaultSchemaResolver.java:265)
	at io.apicurio.registry.resolver.cache.ERCache.lambda$getValue$0(ERCache.java:174)
	at io.apicurio.registry.resolver.cache.ERCache.retry(ERCache.java:227)
	at io.apicurio.registry.resolver.cache.ERCache.getValue(ERCache.java:173)
	at io.apicurio.registry.resolver.cache.ERCache.getByContent(ERCache.java:147)
	at io.apicurio.registry.resolver.DefaultSchemaResolver.handleResolveSchemaByContent(DefaultSchemaResolver.java:253)
	at io.apicurio.registry.resolver.DefaultSchemaResolver.getSchemaFromRegistry(DefaultSchemaResolver.java:138)
	at io.apicurio.registry.resolver.DefaultSchemaResolver.lambda$resolveSchema$0(DefaultSchemaResolver.java:84)
	at java.base/java.util.Optional.orElseGet(Optional.java:364)
	at io.apicurio.registry.resolver.DefaultSchemaResolver.resolveSchema(DefaultSchemaResolver.java:84)
	at io.apicurio.registry.serde.AbstractSerializer.serializeData(AbstractSerializer.java:62)
	at io.apicurio.registry.serde.KafkaSerializer.serialize(KafkaSerializer.java:77)
	at org.apache.kafka.clients.producer.KafkaProducer.doSend(KafkaProducer.java:1046)
	at org.apache.kafka.clients.producer.KafkaProducer.send(KafkaProducer.java:993)
	at org.apache.kafka.clients.producer.KafkaProducer.send(KafkaProducer.java:875)
	at io.apicurio.tests.serdes.apicurio.KafkaSerdesTester.lambda$produceMessages$3(KafkaSerdesTester.java:138)
	at java.base/java.util.concurrent.CompletableFuture$AsyncSupply.run(CompletableFuture.java:1768)
	at java.base/java.lang.Thread.run(Thread.java:840)
]]></system-err>
  </testcase>
  <testcase name="testGlobalIdInBody" classname="io.apicurio.tests.serdes.apicurio.AvroSerdeIT" time="4.23">
    <system-out><![CDATA[2025-08-12 17:22:00,533 INFO  [io.api.tes.uti.TestSeparator] (main) ############################################################################
2025-08-12 17:22:00,533 INFO  [io.api.tes.uti.TestSeparator] (main) io.apicurio.tests.serdes.apicurio.AvroSerdeIT.testGlobalIdInBody-STARTED
**** Registry Base URL: http://registry-app-inmemory.apps.ci419.apicurio-testing.org:80
2025-08-12 17:22:00,541 INFO  [org.apa.kaf.cli.pro.ProducerConfig] (main) ProducerConfig values: 
	acks = -1
	auto.include.jmx.reporter = true
	batch.size = 16384
	bootstrap.servers = [PLAINTEXT://localhost:32769]
	buffer.memory = 33554432
	client.dns.lookup = use_all_dns_ips
	client.id = Producer-topic-d6c234f9_6f6a_46fd_acfd_34cc83bbb2e3
	compression.gzip.level = -1
	compression.lz4.level = 9
	compression.type = none
	compression.zstd.level = 3
	connections.max.idle.ms = 10000
	delivery.timeout.ms = 120000
	enable.idempotence = true
	enable.metrics.push = true
	interceptor.classes = []
	key.serializer = class org.apache.kafka.common.serialization.StringSerializer
	linger.ms = 0
	max.block.ms = 60000
	max.in.flight.requests.per.connection = 5
	max.request.size = 1048576
	metadata.max.age.ms = 300000
	metadata.max.idle.ms = 300000
	metadata.recovery.strategy = none
	metric.reporters = []
	metrics.num.samples = 2
	metrics.recording.level = INFO
	metrics.sample.window.ms = 30000
	partitioner.adaptive.partitioning.enable = true
	partitioner.availability.timeout.ms = 0
	partitioner.class = null
	partitioner.ignore.keys = false
	receive.buffer.bytes = 32768
	reconnect.backoff.max.ms = 1000
	reconnect.backoff.ms = 50
	request.timeout.ms = 5000
	retries = 2147483647
	retry.backoff.max.ms = 1000
	retry.backoff.ms = 100
	sasl.client.callback.handler.class = null
	sasl.jaas.config = null
	sasl.kerberos.kinit.cmd = /usr/bin/kinit
	sasl.kerberos.min.time.before.relogin = 60000
	sasl.kerberos.service.name = null
	sasl.kerberos.ticket.renew.jitter = 0.05
	sasl.kerberos.ticket.renew.window.factor = 0.8
	sasl.login.callback.handler.class = null
	sasl.login.class = null
	sasl.login.connect.timeout.ms = null
	sasl.login.read.timeout.ms = null
	sasl.login.refresh.buffer.seconds = 300
	sasl.login.refresh.min.period.seconds = 60
	sasl.login.refresh.window.factor = 0.8
	sasl.login.refresh.window.jitter = 0.05
	sasl.login.retry.backoff.max.ms = 10000
	sasl.login.retry.backoff.ms = 100
	sasl.mechanism = GSSAPI
	sasl.oauthbearer.clock.skew.seconds = 30
	sasl.oauthbearer.expected.audience = null
	sasl.oauthbearer.expected.issuer = null
	sasl.oauthbearer.header.urlencode = false
	sasl.oauthbearer.jwks.endpoint.refresh.ms = 3600000
	sasl.oauthbearer.jwks.endpoint.retry.backoff.max.ms = 10000
	sasl.oauthbearer.jwks.endpoint.retry.backoff.ms = 100
	sasl.oauthbearer.jwks.endpoint.url = null
	sasl.oauthbearer.scope.claim.name = scope
	sasl.oauthbearer.sub.claim.name = sub
	sasl.oauthbearer.token.endpoint.url = null
	security.protocol = PLAINTEXT
	security.providers = null
	send.buffer.bytes = 131072
	socket.connection.setup.timeout.max.ms = 30000
	socket.connection.setup.timeout.ms = 10000
	ssl.cipher.suites = null
	ssl.enabled.protocols = [TLSv1.2, TLSv1.3]
	ssl.endpoint.identification.algorithm = https
	ssl.engine.factory.class = null
	ssl.key.password = null
	ssl.keymanager.algorithm = SunX509
	ssl.keystore.certificate.chain = null
	ssl.keystore.key = null
	ssl.keystore.location = null
	ssl.keystore.password = null
	ssl.keystore.type = JKS
	ssl.protocol = TLSv1.3
	ssl.provider = null
	ssl.secure.random.implementation = null
	ssl.trustmanager.algorithm = PKIX
	ssl.truststore.certificates = null
	ssl.truststore.location = null
	ssl.truststore.password = null
	ssl.truststore.type = JKS
	transaction.timeout.ms = 60000
	transactional.id = null
	value.serializer = class io.apicurio.registry.serde.avro.AvroKafkaSerializer

2025-08-12 17:22:00,541 INFO  [org.apa.kaf.com.tel.int.KafkaMetricsCollector] (main) initializing Kafka metrics collector
2025-08-12 17:22:00,546 INFO  [org.apa.kaf.cli.pro.KafkaProducer] (main) [Producer clientId=Producer-topic-d6c234f9_6f6a_46fd_acfd_34cc83bbb2e3] Instantiated an idempotent producer.
2025-08-12 17:22:00,548 INFO  [org.apa.kaf.cli.pro.ProducerConfig] (main) These configurations '[apicurio.registry.url, apicurio.registry.auto-register, apicurio.registry.use-id, apicurio.registry.artifact-resolver-strategy]' were supplied but are not used yet.
2025-08-12 17:22:00,548 INFO  [org.apa.kaf.com.uti.AppInfoParser] (main) Kafka version: 3.9.1
2025-08-12 17:22:00,548 INFO  [org.apa.kaf.com.uti.AppInfoParser] (main) Kafka commitId: f745dfdcee2b9851
2025-08-12 17:22:00,548 INFO  [org.apa.kaf.com.uti.AppInfoParser] (main) Kafka startTimeMs: 1755019320548
2025-08-12 17:22:00,548 INFO  [io.api.tes.ser.api.SimpleSerdesTesterBuilder$SimpleSerdesTester] (main) Using producer configuration: {apicurio.registry.url=http://registry-app-inmemory.apps.ci419.apicurio-testing.org:80/apis/registry/v3, apicurio.registry.auto-register=true, apicurio.registry.use-id=globalId, apicurio.registry.artifact-resolver-strategy=io.apicurio.registry.serde.strategy.TopicIdStrategy, value.serializer=io.apicurio.registry.serde.avro.AvroKafkaSerializer, request.timeout.ms=5000, acks=all, bootstrap.servers=PLAINTEXT://localhost:32769, connections.max.idle.ms=10000, key.serializer=org.apache.kafka.common.serialization.StringSerializer, client.id=Producer-topic-d6c234f9_6f6a_46fd_acfd_34cc83bbb2e3}
2025-08-12 17:22:00,548 INFO  [io.api.tes.ser.api.SimpleSerdesTesterBuilder$SimpleSerdesTester] (main) Using consumer configuration: {apicurio.registry.use-id=globalId}
2025-08-12 17:22:00,550 INFO  [io.api.tes.ser.api.KafkaSerdesTester] (Thread-741) Sending message {"key11755019320533": "value-0"} to topic topic-d6c234f9_6f6a_46fd_acfd_34cc83bbb2e3
2025-08-12 17:22:00,553 WARN  [org.apa.kaf.cli.NetworkClient] (kafka-producer-network-thread | Producer-topic-d6c234f9_6f6a_46fd_acfd_34cc83bbb2e3) [Producer clientId=Producer-topic-d6c234f9_6f6a_46fd_acfd_34cc83bbb2e3] The metadata response from the cluster reported a recoverable issue with correlation id 1 : {topic-d6c234f9_6f6a_46fd_acfd_34cc83bbb2e3=UNKNOWN_TOPIC_OR_PARTITION}
2025-08-12 17:22:00,553 INFO  [org.apa.kaf.cli.Metadata] (kafka-producer-network-thread | Producer-topic-d6c234f9_6f6a_46fd_acfd_34cc83bbb2e3) [Producer clientId=Producer-topic-d6c234f9_6f6a_46fd_acfd_34cc83bbb2e3] Cluster ID: Ursznb63T6OTazTEUvngGA
2025-08-12 17:22:00,553 INFO  [org.apa.kaf.cli.pro.int.TransactionManager] (kafka-producer-network-thread | Producer-topic-d6c234f9_6f6a_46fd_acfd_34cc83bbb2e3) [Producer clientId=Producer-topic-d6c234f9_6f6a_46fd_acfd_34cc83bbb2e3] ProducerId set to 25 with epoch 0
2025-08-12 17:22:00,811 INFO  [io.api.tes.ser.api.KafkaSerdesTester] (Thread-741) Sending message {"key11755019320533": "value-1"} to topic topic-d6c234f9_6f6a_46fd_acfd_34cc83bbb2e3
2025-08-12 17:22:00,812 INFO  [io.api.tes.ser.api.KafkaSerdesTester] (Thread-741) Sending message {"key11755019320533": "value-2"} to topic topic-d6c234f9_6f6a_46fd_acfd_34cc83bbb2e3
2025-08-12 17:22:00,814 INFO  [io.api.tes.ser.api.KafkaSerdesTester] (Thread-741) Sending message {"key11755019320533": "value-3"} to topic topic-d6c234f9_6f6a_46fd_acfd_34cc83bbb2e3
2025-08-12 17:22:00,816 INFO  [io.api.tes.ser.api.KafkaSerdesTester] (Thread-741) Sending message {"key11755019320533": "value-4"} to topic topic-d6c234f9_6f6a_46fd_acfd_34cc83bbb2e3
2025-08-12 17:22:00,818 INFO  [io.api.tes.ser.api.KafkaSerdesTester] (Thread-741) Sending message {"key11755019320533": "value-5"} to topic topic-d6c234f9_6f6a_46fd_acfd_34cc83bbb2e3
2025-08-12 17:22:00,822 INFO  [io.api.tes.ser.api.KafkaSerdesTester] (Thread-741) Sending message {"key11755019320533": "value-6"} to topic topic-d6c234f9_6f6a_46fd_acfd_34cc83bbb2e3
2025-08-12 17:22:00,823 INFO  [io.api.tes.ser.api.KafkaSerdesTester] (Thread-741) Sending message {"key11755019320533": "value-7"} to topic topic-d6c234f9_6f6a_46fd_acfd_34cc83bbb2e3
2025-08-12 17:22:00,826 INFO  [io.api.tes.ser.api.KafkaSerdesTester] (Thread-741) Sending message {"key11755019320533": "value-8"} to topic topic-d6c234f9_6f6a_46fd_acfd_34cc83bbb2e3
2025-08-12 17:22:00,829 INFO  [io.api.tes.ser.api.KafkaSerdesTester] (Thread-741) Sending message {"key11755019320533": "value-9"} to topic topic-d6c234f9_6f6a_46fd_acfd_34cc83bbb2e3
2025-08-12 17:22:00,832 INFO  [io.api.tes.ser.api.KafkaSerdesTester] (Thread-741) Produced 10 messages
2025-08-12 17:22:00,832 INFO  [org.apa.kaf.cli.pro.KafkaProducer] (Thread-741) [Producer clientId=Producer-topic-d6c234f9_6f6a_46fd_acfd_34cc83bbb2e3] Closing the Kafka producer with timeoutMillis = 9223372036854775807 ms.
2025-08-12 17:22:00,835 INFO  [org.apa.kaf.com.met.Metrics] (Thread-741) Metrics scheduler closed
2025-08-12 17:22:00,835 INFO  [org.apa.kaf.com.met.Metrics] (Thread-741) Closing reporter org.apache.kafka.common.metrics.JmxReporter
2025-08-12 17:22:00,835 INFO  [org.apa.kaf.com.met.Metrics] (Thread-741) Closing reporter org.apache.kafka.common.telemetry.internals.ClientTelemetryReporter
2025-08-12 17:22:00,835 INFO  [org.apa.kaf.com.met.Metrics] (Thread-741) Metrics reporters closed
2025-08-12 17:22:00,835 INFO  [org.apa.kaf.com.uti.AppInfoParser] (Thread-741) App info kafka.producer for Producer-topic-d6c234f9_6f6a_46fd_acfd_34cc83bbb2e3 unregistered
**** Registry Base URL: http://registry-app-inmemory.apps.ci419.apicurio-testing.org:80
2025-08-12 17:22:00,982 INFO  [org.apa.kaf.cli.con.ConsumerConfig] (main) ConsumerConfig values: 
	allow.auto.create.topics = true
	auto.commit.interval.ms = 500
	auto.include.jmx.reporter = true
	auto.offset.reset = earliest
	bootstrap.servers = [PLAINTEXT://localhost:32769]
	check.crcs = true
	client.dns.lookup = use_all_dns_ips
	client.id = consumer-Consumer-topic-d6c234f9_6f6a_46fd_acfd_34cc83bbb2e3-18
	client.rack = 
	connections.max.idle.ms = 10000
	default.api.timeout.ms = 60000
	enable.auto.commit = true
	enable.metrics.push = true
	exclude.internal.topics = true
	fetch.max.bytes = 52428800
	fetch.max.wait.ms = 500
	fetch.min.bytes = 1
	group.id = Consumer-topic-d6c234f9_6f6a_46fd_acfd_34cc83bbb2e3
	group.instance.id = null
	group.protocol = classic
	group.remote.assignor = null
	heartbeat.interval.ms = 3000
	interceptor.classes = []
	internal.leave.group.on.close = true
	internal.throw.on.fetch.stable.offset.unsupported = false
	isolation.level = read_uncommitted
	key.deserializer = class org.apache.kafka.common.serialization.StringDeserializer
	max.partition.fetch.bytes = 1048576
	max.poll.interval.ms = 300000
	max.poll.records = 500
	metadata.max.age.ms = 300000
	metadata.recovery.strategy = none
	metric.reporters = []
	metrics.num.samples = 2
	metrics.recording.level = INFO
	metrics.sample.window.ms = 30000
	partition.assignment.strategy = [class org.apache.kafka.clients.consumer.RangeAssignor, class org.apache.kafka.clients.consumer.CooperativeStickyAssignor]
	receive.buffer.bytes = 65536
	reconnect.backoff.max.ms = 1000
	reconnect.backoff.ms = 50
	request.timeout.ms = 5000
	retry.backoff.max.ms = 1000
	retry.backoff.ms = 100
	sasl.client.callback.handler.class = null
	sasl.jaas.config = null
	sasl.kerberos.kinit.cmd = /usr/bin/kinit
	sasl.kerberos.min.time.before.relogin = 60000
	sasl.kerberos.service.name = null
	sasl.kerberos.ticket.renew.jitter = 0.05
	sasl.kerberos.ticket.renew.window.factor = 0.8
	sasl.login.callback.handler.class = null
	sasl.login.class = null
	sasl.login.connect.timeout.ms = null
	sasl.login.read.timeout.ms = null
	sasl.login.refresh.buffer.seconds = 300
	sasl.login.refresh.min.period.seconds = 60
	sasl.login.refresh.window.factor = 0.8
	sasl.login.refresh.window.jitter = 0.05
	sasl.login.retry.backoff.max.ms = 10000
	sasl.login.retry.backoff.ms = 100
	sasl.mechanism = GSSAPI
	sasl.oauthbearer.clock.skew.seconds = 30
	sasl.oauthbearer.expected.audience = null
	sasl.oauthbearer.expected.issuer = null
	sasl.oauthbearer.header.urlencode = false
	sasl.oauthbearer.jwks.endpoint.refresh.ms = 3600000
	sasl.oauthbearer.jwks.endpoint.retry.backoff.max.ms = 10000
	sasl.oauthbearer.jwks.endpoint.retry.backoff.ms = 100
	sasl.oauthbearer.jwks.endpoint.url = null
	sasl.oauthbearer.scope.claim.name = scope
	sasl.oauthbearer.sub.claim.name = sub
	sasl.oauthbearer.token.endpoint.url = null
	security.protocol = PLAINTEXT
	security.providers = null
	send.buffer.bytes = 131072
	session.timeout.ms = 45000
	socket.connection.setup.timeout.max.ms = 30000
	socket.connection.setup.timeout.ms = 10000
	ssl.cipher.suites = null
	ssl.enabled.protocols = [TLSv1.2, TLSv1.3]
	ssl.endpoint.identification.algorithm = https
	ssl.engine.factory.class = null
	ssl.key.password = null
	ssl.keymanager.algorithm = SunX509
	ssl.keystore.certificate.chain = null
	ssl.keystore.key = null
	ssl.keystore.location = null
	ssl.keystore.password = null
	ssl.keystore.type = JKS
	ssl.protocol = TLSv1.3
	ssl.provider = null
	ssl.secure.random.implementation = null
	ssl.trustmanager.algorithm = PKIX
	ssl.truststore.certificates = null
	ssl.truststore.location = null
	ssl.truststore.password = null
	ssl.truststore.type = JKS
	value.deserializer = class io.apicurio.registry.serde.avro.AvroKafkaDeserializer

2025-08-12 17:22:00,982 INFO  [org.apa.kaf.com.tel.int.KafkaMetricsCollector] (main) initializing Kafka metrics collector
2025-08-12 17:22:00,987 INFO  [org.apa.kaf.cli.con.ConsumerConfig] (main) These configurations '[apicurio.registry.url, apicurio.registry.use-id]' were supplied but are not used yet.
2025-08-12 17:22:00,987 INFO  [org.apa.kaf.com.uti.AppInfoParser] (main) Kafka version: 3.9.1
2025-08-12 17:22:00,987 INFO  [org.apa.kaf.com.uti.AppInfoParser] (main) Kafka commitId: f745dfdcee2b9851
2025-08-12 17:22:00,987 INFO  [org.apa.kaf.com.uti.AppInfoParser] (main) Kafka startTimeMs: 1755019320987
2025-08-12 17:22:00,987 INFO  [org.apa.kaf.cli.con.int.ClassicKafkaConsumer] (Thread-744) [Consumer clientId=consumer-Consumer-topic-d6c234f9_6f6a_46fd_acfd_34cc83bbb2e3-18, groupId=Consumer-topic-d6c234f9_6f6a_46fd_acfd_34cc83bbb2e3] Subscribed to topic(s): topic-d6c234f9_6f6a_46fd_acfd_34cc83bbb2e3
2025-08-12 17:22:00,995 INFO  [org.apa.kaf.cli.Metadata] (Thread-744) [Consumer clientId=consumer-Consumer-topic-d6c234f9_6f6a_46fd_acfd_34cc83bbb2e3-18, groupId=Consumer-topic-d6c234f9_6f6a_46fd_acfd_34cc83bbb2e3] Cluster ID: Ursznb63T6OTazTEUvngGA
2025-08-12 17:22:00,999 INFO  [org.apa.kaf.cli.con.int.ConsumerCoordinator] (Thread-744) [Consumer clientId=consumer-Consumer-topic-d6c234f9_6f6a_46fd_acfd_34cc83bbb2e3-18, groupId=Consumer-topic-d6c234f9_6f6a_46fd_acfd_34cc83bbb2e3] Discovered group coordinator localhost:32769 (id: 2147483647 rack: null)
2025-08-12 17:22:01,003 INFO  [org.apa.kaf.cli.con.int.ConsumerCoordinator] (Thread-744) [Consumer clientId=consumer-Consumer-topic-d6c234f9_6f6a_46fd_acfd_34cc83bbb2e3-18, groupId=Consumer-topic-d6c234f9_6f6a_46fd_acfd_34cc83bbb2e3] (Re-)joining group
2025-08-12 17:22:01,005 INFO  [org.apa.kaf.cli.con.int.ConsumerCoordinator] (Thread-744) [Consumer clientId=consumer-Consumer-topic-d6c234f9_6f6a_46fd_acfd_34cc83bbb2e3-18, groupId=Consumer-topic-d6c234f9_6f6a_46fd_acfd_34cc83bbb2e3] Request joining group due to: need to re-join with the given member-id: consumer-Consumer-topic-d6c234f9_6f6a_46fd_acfd_34cc83bbb2e3-18-0608185f-5cf7-4056-a9d7-2775e2cbca93
2025-08-12 17:22:01,005 INFO  [org.apa.kaf.cli.con.int.ConsumerCoordinator] (Thread-744) [Consumer clientId=consumer-Consumer-topic-d6c234f9_6f6a_46fd_acfd_34cc83bbb2e3-18, groupId=Consumer-topic-d6c234f9_6f6a_46fd_acfd_34cc83bbb2e3] (Re-)joining group
2025-08-12 17:22:01,987 INFO  [io.api.tes.ser.api.KafkaSerdesTester] (Thread-744) None found
2025-08-12 17:22:02,988 INFO  [io.api.tes.ser.api.KafkaSerdesTester] (Thread-744) None found
2025-08-12 17:22:03,988 INFO  [io.api.tes.ser.api.KafkaSerdesTester] (Thread-744) None found
2025-08-12 17:22:04,007 INFO  [org.apa.kaf.cli.con.int.ConsumerCoordinator] (Thread-744) [Consumer clientId=consumer-Consumer-topic-d6c234f9_6f6a_46fd_acfd_34cc83bbb2e3-18, groupId=Consumer-topic-d6c234f9_6f6a_46fd_acfd_34cc83bbb2e3] Successfully joined group with generation Generation{generationId=1, memberId='consumer-Consumer-topic-d6c234f9_6f6a_46fd_acfd_34cc83bbb2e3-18-0608185f-5cf7-4056-a9d7-2775e2cbca93', protocol='range'}
2025-08-12 17:22:04,008 INFO  [org.apa.kaf.cli.con.int.ConsumerCoordinator] (Thread-744) [Consumer clientId=consumer-Consumer-topic-d6c234f9_6f6a_46fd_acfd_34cc83bbb2e3-18, groupId=Consumer-topic-d6c234f9_6f6a_46fd_acfd_34cc83bbb2e3] Finished assignment for group at generation 1: {consumer-Consumer-topic-d6c234f9_6f6a_46fd_acfd_34cc83bbb2e3-18-0608185f-5cf7-4056-a9d7-2775e2cbca93=Assignment(partitions=[topic-d6c234f9_6f6a_46fd_acfd_34cc83bbb2e3-0])}
2025-08-12 17:22:04,014 INFO  [org.apa.kaf.cli.con.int.ConsumerCoordinator] (Thread-744) [Consumer clientId=consumer-Consumer-topic-d6c234f9_6f6a_46fd_acfd_34cc83bbb2e3-18, groupId=Consumer-topic-d6c234f9_6f6a_46fd_acfd_34cc83bbb2e3] Successfully synced group in generation Generation{generationId=1, memberId='consumer-Consumer-topic-d6c234f9_6f6a_46fd_acfd_34cc83bbb2e3-18-0608185f-5cf7-4056-a9d7-2775e2cbca93', protocol='range'}
2025-08-12 17:22:04,014 INFO  [org.apa.kaf.cli.con.int.ConsumerCoordinator] (Thread-744) [Consumer clientId=consumer-Consumer-topic-d6c234f9_6f6a_46fd_acfd_34cc83bbb2e3-18, groupId=Consumer-topic-d6c234f9_6f6a_46fd_acfd_34cc83bbb2e3] Notifying assignor about the new Assignment(partitions=[topic-d6c234f9_6f6a_46fd_acfd_34cc83bbb2e3-0])
2025-08-12 17:22:04,014 INFO  [org.apa.kaf.cli.con.int.ConsumerRebalanceListenerInvoker] (Thread-744) [Consumer clientId=consumer-Consumer-topic-d6c234f9_6f6a_46fd_acfd_34cc83bbb2e3-18, groupId=Consumer-topic-d6c234f9_6f6a_46fd_acfd_34cc83bbb2e3] Adding newly assigned partitions: topic-d6c234f9_6f6a_46fd_acfd_34cc83bbb2e3-0
2025-08-12 17:22:04,015 INFO  [org.apa.kaf.cli.con.int.ConsumerCoordinator] (Thread-744) [Consumer clientId=consumer-Consumer-topic-d6c234f9_6f6a_46fd_acfd_34cc83bbb2e3-18, groupId=Consumer-topic-d6c234f9_6f6a_46fd_acfd_34cc83bbb2e3] Found no committed offset for partition topic-d6c234f9_6f6a_46fd_acfd_34cc83bbb2e3-0
2025-08-12 17:22:04,017 INFO  [org.apa.kaf.cli.con.int.SubscriptionState] (Thread-744) [Consumer clientId=consumer-Consumer-topic-d6c234f9_6f6a_46fd_acfd_34cc83bbb2e3-18, groupId=Consumer-topic-d6c234f9_6f6a_46fd_acfd_34cc83bbb2e3] Resetting offset for partition topic-d6c234f9_6f6a_46fd_acfd_34cc83bbb2e3-0 to position FetchPosition{offset=0, offsetEpoch=Optional.empty, currentLeader=LeaderAndEpoch{leader=Optional[localhost:32769 (id: 0 rack: null)], epoch=0}}.
2025-08-12 17:22:04,253 INFO  [io.api.tes.ser.api.KafkaSerdesTester] (Thread-744) topic-d6c234f9_6f6a_46fd_acfd_34cc83bbb2e3 0 0 {"key11755019320533": "value-0"}
2025-08-12 17:22:04,253 INFO  [io.api.tes.ser.api.KafkaSerdesTester] (Thread-744) topic-d6c234f9_6f6a_46fd_acfd_34cc83bbb2e3 0 1 {"key11755019320533": "value-1"}
2025-08-12 17:22:04,254 INFO  [io.api.tes.ser.api.KafkaSerdesTester] (Thread-744) topic-d6c234f9_6f6a_46fd_acfd_34cc83bbb2e3 0 2 {"key11755019320533": "value-2"}
2025-08-12 17:22:04,254 INFO  [io.api.tes.ser.api.KafkaSerdesTester] (Thread-744) topic-d6c234f9_6f6a_46fd_acfd_34cc83bbb2e3 0 3 {"key11755019320533": "value-3"}
2025-08-12 17:22:04,254 INFO  [io.api.tes.ser.api.KafkaSerdesTester] (Thread-744) topic-d6c234f9_6f6a_46fd_acfd_34cc83bbb2e3 0 4 {"key11755019320533": "value-4"}
2025-08-12 17:22:04,254 INFO  [io.api.tes.ser.api.KafkaSerdesTester] (Thread-744) topic-d6c234f9_6f6a_46fd_acfd_34cc83bbb2e3 0 5 {"key11755019320533": "value-5"}
2025-08-12 17:22:04,254 INFO  [io.api.tes.ser.api.KafkaSerdesTester] (Thread-744) topic-d6c234f9_6f6a_46fd_acfd_34cc83bbb2e3 0 6 {"key11755019320533": "value-6"}
2025-08-12 17:22:04,254 INFO  [io.api.tes.ser.api.KafkaSerdesTester] (Thread-744) topic-d6c234f9_6f6a_46fd_acfd_34cc83bbb2e3 0 7 {"key11755019320533": "value-7"}
2025-08-12 17:22:04,254 INFO  [io.api.tes.ser.api.KafkaSerdesTester] (Thread-744) topic-d6c234f9_6f6a_46fd_acfd_34cc83bbb2e3 0 8 {"key11755019320533": "value-8"}
2025-08-12 17:22:04,254 INFO  [io.api.tes.ser.api.KafkaSerdesTester] (Thread-744) topic-d6c234f9_6f6a_46fd_acfd_34cc83bbb2e3 0 9 {"key11755019320533": "value-9"}
2025-08-12 17:22:04,254 INFO  [io.api.tes.ser.api.KafkaSerdesTester] (Thread-744) Consumed 10 messages
2025-08-12 17:22:04,260 INFO  [org.apa.kaf.cli.con.int.ConsumerRebalanceListenerInvoker] (Thread-744) [Consumer clientId=consumer-Consumer-topic-d6c234f9_6f6a_46fd_acfd_34cc83bbb2e3-18, groupId=Consumer-topic-d6c234f9_6f6a_46fd_acfd_34cc83bbb2e3] Revoke previously assigned partitions topic-d6c234f9_6f6a_46fd_acfd_34cc83bbb2e3-0
2025-08-12 17:22:04,260 INFO  [org.apa.kaf.cli.con.int.ConsumerCoordinator] (Thread-744) [Consumer clientId=consumer-Consumer-topic-d6c234f9_6f6a_46fd_acfd_34cc83bbb2e3-18, groupId=Consumer-topic-d6c234f9_6f6a_46fd_acfd_34cc83bbb2e3] Member consumer-Consumer-topic-d6c234f9_6f6a_46fd_acfd_34cc83bbb2e3-18-0608185f-5cf7-4056-a9d7-2775e2cbca93 sending LeaveGroup request to coordinator localhost:32769 (id: 2147483647 rack: null) due to the consumer is being closed
2025-08-12 17:22:04,261 INFO  [org.apa.kaf.cli.con.int.ConsumerCoordinator] (Thread-744) [Consumer clientId=consumer-Consumer-topic-d6c234f9_6f6a_46fd_acfd_34cc83bbb2e3-18, groupId=Consumer-topic-d6c234f9_6f6a_46fd_acfd_34cc83bbb2e3] Resetting generation and member id due to: consumer pro-actively leaving the group
2025-08-12 17:22:04,261 INFO  [org.apa.kaf.cli.con.int.ConsumerCoordinator] (Thread-744) [Consumer clientId=consumer-Consumer-topic-d6c234f9_6f6a_46fd_acfd_34cc83bbb2e3-18, groupId=Consumer-topic-d6c234f9_6f6a_46fd_acfd_34cc83bbb2e3] Request joining group due to: consumer pro-actively leaving the group
2025-08-12 17:22:04,757 INFO  [org.apa.kaf.com.met.Metrics] (Thread-744) Metrics scheduler closed
2025-08-12 17:22:04,757 INFO  [org.apa.kaf.com.met.Metrics] (Thread-744) Closing reporter org.apache.kafka.common.metrics.JmxReporter
2025-08-12 17:22:04,757 INFO  [org.apa.kaf.com.met.Metrics] (Thread-744) Closing reporter org.apache.kafka.common.telemetry.internals.ClientTelemetryReporter
2025-08-12 17:22:04,757 INFO  [org.apa.kaf.com.met.Metrics] (Thread-744) Metrics reporters closed
2025-08-12 17:22:04,761 INFO  [org.apa.kaf.com.uti.AppInfoParser] (Thread-744) App info kafka.consumer for consumer-Consumer-topic-d6c234f9_6f6a_46fd_acfd_34cc83bbb2e3-18 unregistered
2025-08-12 17:22:04,761 INFO  [io.api.tes.uti.TestSeparator] (main) io.apicurio.tests.serdes.apicurio.AvroSerdeIT.testGlobalIdInBody-FINISHED
2025-08-12 17:22:04,761 INFO  [io.api.tes.uti.TestSeparator] (main) ############################################################################
Test passed: testGlobalIdInBody
]]></system-out>
  </testcase>
  <testcase name="testProducerUsesGlobalIdConsumerUsesDefault" classname="io.apicurio.tests.serdes.apicurio.AvroSerdeIT" time="0.0">
    <skipped message="void io.apicurio.tests.serdes.apicurio.AvroSerdeIT.testProducerUsesGlobalIdConsumerUsesDefault() throws java.lang.Exception is @Disabled"/>
  </testcase>
</testsuite>