<?xml version="1.0" encoding="UTF-8"?>
<testsuite xmlns:xsi="http://www.w3.org/2001/XMLSchema-instance" xsi:noNamespaceSchemaLocation="https://maven.apache.org/surefire/maven-failsafe-plugin/xsd/failsafe-test-report.xsd" version="3.0.2" name="io.apicurio.tests.serdes.apicurio.ProtobufSerdeIT" time="66.641" tests="17" errors="0" skipped="0" failures="0">
  <properties>
    <property name="java.specification.version" value="17"/>
    <property name="sun.jnu.encoding" value="UTF-8"/>
    <property name="java.class.path" value="/home/runner/work/apicurio-testing/apicurio-testing/clusters/ci419/namespaces/inmemory/tests/integration/apicurio-registry/integration-tests/target/test-classes:/home/runner/work/apicurio-testing/apicurio-testing/clusters/ci419/namespaces/inmemory/tests/integration/apicurio-registry/integration-tests/target/apicurio-registry-integration-tests-3.0.12-SNAPSHOT.jar:/home/runner/.m2/repository/io/quarkus/quarkus-junit5/3.20.2/quarkus-junit5-3.20.2.jar:/home/runner/.m2/repository/io/quarkus/quarkus-bootstrap-core/3.20.2/quarkus-bootstrap-core-3.20.2.jar:/home/runner/.m2/repository/io/quarkus/quarkus-classloader-commons/3.20.2/quarkus-classloader-commons-3.20.2.jar:/home/runner/.m2/repository/io/quarkus/quarkus-bootstrap-app-model/3.20.2/quarkus-bootstrap-app-model-3.20.2.jar:/home/runner/.m2/repository/io/smallrye/common/smallrye-common-io/2.12.0/smallrye-common-io-2.12.0.jar:/home/runner/.m2/repository/org/eclipse/sisu/org.eclipse.sisu.inject/0.9.0.M3/org.eclipse.sisu.inject-0.9.0.M3.jar:/home/runner/.m2/repository/io/quarkus/quarkus-test-common/3.20.2/quarkus-test-common-3.20.2.jar:/home/runner/.m2/repository/io/quarkus/quarkus-core-deployment/3.20.2/quarkus-core-deployment-3.20.2.jar:/home/runner/.m2/repository/org/aesh/readline/2.6/readline-2.6.jar:/home/runner/.m2/repository/org/fusesource/jansi/jansi/2.4.0/jansi-2.4.0.jar:/home/runner/.m2/repository/org/aesh/aesh/2.8.2/aesh-2.8.2.jar:/home/runner/.m2/repository/io/quarkus/gizmo/gizmo/1.8.0/gizmo-1.8.0.jar:/home/runner/.m2/repository/org/ow2/asm/asm-util/9.7.1/asm-util-9.7.1.jar:/home/runner/.m2/repository/org/ow2/asm/asm-analysis/9.7.1/asm-analysis-9.7.1.jar:/home/runner/.m2/repository/org/ow2/asm/asm-commons/9.7.1/asm-commons-9.7.1.jar:/home/runner/.m2/repository/org/ow2/asm/asm-tree/9.7.1/asm-tree-9.7.1.jar:/home/runner/.m2/repository/io/quarkus/quarkus-hibernate-validator-spi/3.20.2/quarkus-hibernate-validator-spi-3.20.2.jar:/home/runner/.m2/repository/io/quarkus/quarkus-class-change-agent/3.20.2/quarkus-class-change-agent-3.20.2.jar:/home/runner/.m2/repository/io/quarkus/quarkus-devtools-utilities/3.20.2/quarkus-devtools-utilities-3.20.2.jar:/home/runner/.m2/repository/io/quarkus/quarkus-builder/3.20.2/quarkus-builder-3.20.2.jar:/home/runner/.m2/repository/org/graalvm/sdk/nativeimage/23.1.2/nativeimage-23.1.2.jar:/home/runner/.m2/repository/org/graalvm/sdk/word/23.1.2/word-23.1.2.jar:/home/runner/.m2/repository/io/quarkus/quarkus-bootstrap-maven-resolver/3.20.2/quarkus-bootstrap-maven-resolver-3.20.2.jar:/home/runner/.m2/repository/io/smallrye/beanbag/smallrye-beanbag-maven/1.5.2/smallrye-beanbag-maven-1.5.2.jar:/home/runner/.m2/repository/io/smallrye/beanbag/smallrye-beanbag-sisu/1.5.2/smallrye-beanbag-sisu-1.5.2.jar:/home/runner/.m2/repository/io/smallrye/beanbag/smallrye-beanbag/1.5.2/smallrye-beanbag-1.5.2.jar:/home/runner/.m2/repository/javax/inject/javax.inject/1/javax.inject-1.jar:/home/runner/.m2/repository/org/apache/maven/maven-artifact/3.9.9/maven-artifact-3.9.9.jar:/home/runner/.m2/repository/org/apache/maven/maven-builder-support/3.9.9/maven-builder-support-3.9.9.jar:/home/runner/.m2/repository/org/apache/maven/maven-model/3.9.9/maven-model-3.9.9.jar:/home/runner/.m2/repository/org/apache/maven/maven-model-builder/3.9.9/maven-model-builder-3.9.9.jar:/home/runner/.m2/repository/org/apache/maven/maven-repository-metadata/3.9.9/maven-repository-metadata-3.9.9.jar:/home/runner/.m2/repository/org/apache/maven/maven-settings/3.9.9/maven-settings-3.9.9.jar:/home/runner/.m2/repository/org/apache/maven/resolver/maven-resolver-api/1.9.22/maven-resolver-api-1.9.22.jar:/home/runner/.m2/repository/org/apache/maven/resolver/maven-resolver-impl/1.9.22/maven-resolver-impl-1.9.22.jar:/home/runner/.m2/repository/org/apache/maven/resolver/maven-resolver-named-locks/1.9.22/maven-resolver-named-locks-1.9.22.jar:/home/runner/.m2/repository/org/apache/maven/resolver/maven-resolver-spi/1.9.22/maven-resolver-spi-1.9.22.jar:/home/runner/.m2/repository/org/apache/maven/resolver/maven-resolver-util/1.9.22/maven-resolver-util-1.9.22.jar:/home/runner/.m2/repository/org/apache/maven/resolver/maven-resolver-transport-http/1.9.20/maven-resolver-transport-http-1.9.20.jar:/home/runner/.m2/repository/org/apache/maven/wagon/wagon-provider-api/3.5.3/wagon-provider-api-3.5.3.jar:/home/runner/.m2/repository/org/apache/maven/wagon/wagon-http-shared/3.5.3/wagon-http-shared-3.5.3.jar:/home/runner/.m2/repository/org/codehaus/plexus/plexus-interpolation/1.26/plexus-interpolation-1.26.jar:/home/runner/.m2/repository/org/codehaus/plexus/plexus-utils/3.5.1/plexus-utils-3.5.1.jar:/home/runner/.m2/repository/org/codehaus/plexus/plexus-xml/4.0.1/plexus-xml-4.0.1.jar:/home/runner/.m2/repository/org/apache/maven/maven-xml-impl/4.0.0-alpha-5/maven-xml-impl-4.0.0-alpha-5.jar:/home/runner/.m2/repository/org/apache/maven/maven-api-xml/4.0.0-alpha-5/maven-api-xml-4.0.0-alpha-5.jar:/home/runner/.m2/repository/org/apache/maven/maven-api-meta/4.0.0-alpha-5/maven-api-meta-4.0.0-alpha-5.jar:/home/runner/.m2/repository/org/codehaus/plexus/plexus-cipher/2.0/plexus-cipher-2.0.jar:/home/runner/.m2/repository/org/codehaus/plexus/plexus-sec-dispatcher/2.0/plexus-sec-dispatcher-2.0.jar:/home/runner/.m2/repository/org/apache/maven/maven-embedder/3.9.9/maven-embedder-3.9.9.jar:/home/runner/.m2/repository/org/apache/maven/maven-core/3.9.9/maven-core-3.9.9.jar:/home/runner/.m2/repository/org/codehaus/plexus/plexus-component-annotations/2.1.0/plexus-component-annotations-2.1.0.jar:/home/runner/.m2/repository/org/apache/maven/maven-plugin-api/3.9.9/maven-plugin-api-3.9.9.jar:/home/runner/.m2/repository/org/apache/maven/shared/maven-shared-utils/3.4.2/maven-shared-utils-3.4.2.jar:/home/runner/.m2/repository/com/google/inject/guice/5.1.0/guice-5.1.0.jar:/home/runner/.m2/repository/aopalliance/aopalliance/1.0/aopalliance-1.0.jar:/home/runner/.m2/repository/org/codehaus/plexus/plexus-classworlds/2.6.0/plexus-classworlds-2.6.0.jar:/home/runner/.m2/repository/commons-cli/commons-cli/1.8.0/commons-cli-1.8.0.jar:/home/runner/.m2/repository/org/eclipse/sisu/org.eclipse.sisu.plexus/0.9.0.M3/org.eclipse.sisu.plexus-0.9.0.M3.jar:/home/runner/.m2/repository/org/apache/maven/maven-settings-builder/3.9.9/maven-settings-builder-3.9.9.jar:/home/runner/.m2/repository/org/apache/maven/maven-resolver-provider/3.9.9/maven-resolver-provider-3.9.9.jar:/home/runner/.m2/repository/org/apache/maven/resolver/maven-resolver-connector-basic/1.9.22/maven-resolver-connector-basic-1.9.22.jar:/home/runner/.m2/repository/org/apache/maven/resolver/maven-resolver-transport-wagon/1.9.22/maven-resolver-transport-wagon-1.9.22.jar:/home/runner/.m2/repository/org/apache/maven/wagon/wagon-http/3.5.3/wagon-http-3.5.3.jar:/home/runner/.m2/repository/org/apache/maven/wagon/wagon-file/3.5.3/wagon-file-3.5.3.jar:/home/runner/.m2/repository/io/quarkus/quarkus-bootstrap-gradle-resolver/3.20.2/quarkus-bootstrap-gradle-resolver-3.20.2.jar:/home/runner/.m2/repository/io/smallrye/jandex/3.3.0/jandex-3.3.0.jar:/home/runner/.m2/repository/org/jboss/logging/commons-logging-jboss-logging/1.0.0.Final/commons-logging-jboss-logging-1.0.0.Final.jar:/home/runner/.m2/repository/io/quarkus/quarkus-junit5-config/3.20.2/quarkus-junit5-config-3.20.2.jar:/home/runner/.m2/repository/org/junit/jupiter/junit-jupiter-api/5.12.1/junit-jupiter-api-5.12.1.jar:/home/runner/.m2/repository/io/smallrye/config/smallrye-config/3.11.4/smallrye-config-3.11.4.jar:/home/runner/.m2/repository/io/smallrye/config/smallrye-config-core/3.11.4/smallrye-config-core-3.11.4.jar:/home/runner/.m2/repository/io/smallrye/common/smallrye-common-classloader/2.12.0/smallrye-common-classloader-2.12.0.jar:/home/runner/.m2/repository/io/smallrye/config/smallrye-config-common/3.11.4/smallrye-config-common-3.11.4.jar:/home/runner/.m2/repository/org/junit/jupiter/junit-jupiter/5.12.1/junit-jupiter-5.12.1.jar:/home/runner/.m2/repository/org/junit/jupiter/junit-jupiter-params/5.12.1/junit-jupiter-params-5.12.1.jar:/home/runner/.m2/repository/org/junit/jupiter/junit-jupiter-engine/5.12.1/junit-jupiter-engine-5.12.1.jar:/home/runner/.m2/repository/io/quarkus/quarkus-core/3.20.2/quarkus-core-3.20.2.jar:/home/runner/.m2/repository/jakarta/enterprise/jakarta.enterprise.cdi-api/4.1.0/jakarta.enterprise.cdi-api-4.1.0.jar:/home/runner/.m2/repository/jakarta/enterprise/jakarta.enterprise.lang-model/4.1.0/jakarta.enterprise.lang-model-4.1.0.jar:/home/runner/.m2/repository/jakarta/el/jakarta.el-api/5.0.1/jakarta.el-api-5.0.1.jar:/home/runner/.m2/repository/jakarta/interceptor/jakarta.interceptor-api/2.2.0/jakarta.interceptor-api-2.2.0.jar:/home/runner/.m2/repository/jakarta/inject/jakarta.inject-api/2.0.1/jakarta.inject-api-2.0.1.jar:/home/runner/.m2/repository/io/smallrye/common/smallrye-common-os/2.12.0/smallrye-common-os-2.12.0.jar:/home/runner/.m2/repository/io/quarkus/quarkus-ide-launcher/3.20.2/quarkus-ide-launcher-3.20.2.jar:/home/runner/.m2/repository/io/quarkus/quarkus-development-mode-spi/3.20.2/quarkus-development-mode-spi-3.20.2.jar:/home/runner/.m2/repository/org/jboss/logging/jboss-logging/3.6.1.Final/jboss-logging-3.6.1.Final.jar:/home/runner/.m2/repository/org/jboss/logmanager/jboss-logmanager/3.1.2.Final/jboss-logmanager-3.1.2.Final.jar:/home/runner/.m2/repository/io/smallrye/common/smallrye-common-constraint/2.12.0/smallrye-common-constraint-2.12.0.jar:/home/runner/.m2/repository/io/smallrye/common/smallrye-common-cpu/2.12.0/smallrye-common-cpu-2.12.0.jar:/home/runner/.m2/repository/io/smallrye/common/smallrye-common-expression/2.12.0/smallrye-common-expression-2.12.0.jar:/home/runner/.m2/repository/io/smallrye/common/smallrye-common-net/2.12.0/smallrye-common-net-2.12.0.jar:/home/runner/.m2/repository/io/smallrye/common/smallrye-common-ref/2.12.0/smallrye-common-ref-2.12.0.jar:/home/runner/.m2/repository/jakarta/json/jakarta.json-api/2.1.3/jakarta.json-api-2.1.3.jar:/home/runner/.m2/repository/org/eclipse/parsson/parsson/1.1.7/parsson-1.1.7.jar:/home/runner/.m2/repository/org/jboss/logging/jboss-logging-annotations/3.0.4.Final/jboss-logging-annotations-3.0.4.Final.jar:/home/runner/.m2/repository/org/jboss/threads/jboss-threads/3.8.0.Final/jboss-threads-3.8.0.Final.jar:/home/runner/.m2/repository/io/smallrye/common/smallrye-common-annotation/2.12.0/smallrye-common-annotation-2.12.0.jar:/home/runner/.m2/repository/io/smallrye/common/smallrye-common-function/2.12.0/smallrye-common-function-2.12.0.jar:/home/runner/.m2/repository/org/jboss/slf4j/slf4j-jboss-logmanager/2.0.0.Final/slf4j-jboss-logmanager-2.0.0.Final.jar:/home/runner/.m2/repository/org/wildfly/common/wildfly-common/2.0.1/wildfly-common-2.0.1.jar:/home/runner/.m2/repository/io/quarkus/quarkus-bootstrap-runner/3.20.2/quarkus-bootstrap-runner-3.20.2.jar:/home/runner/.m2/repository/io/github/crac/org-crac/0.1.3/org-crac-0.1.3.jar:/home/runner/.m2/repository/io/quarkus/quarkus-fs-util/0.0.10/quarkus-fs-util-0.0.10.jar:/home/runner/.m2/repository/org/jboss/marshalling/jboss-marshalling/2.2.2.Final/jboss-marshalling-2.2.2.Final.jar:/home/runner/.m2/repository/io/fabric8/kubernetes-client/7.1.0/kubernetes-client-7.1.0.jar:/home/runner/.m2/repository/io/fabric8/kubernetes-client-api/7.1.0/kubernetes-client-api-7.1.0.jar:/home/runner/.m2/repository/io/fabric8/kubernetes-model-core/7.1.0/kubernetes-model-core-7.1.0.jar:/home/runner/.m2/repository/io/fabric8/kubernetes-model-common/7.1.0/kubernetes-model-common-7.1.0.jar:/home/runner/.m2/repository/javax/annotation/javax.annotation-api/1.3.2/javax.annotation-api-1.3.2.jar:/home/runner/.m2/repository/io/fabric8/kubernetes-model-gatewayapi/7.1.0/kubernetes-model-gatewayapi-7.1.0.jar:/home/runner/.m2/repository/io/fabric8/kubernetes-model-resource/7.1.0/kubernetes-model-resource-7.1.0.jar:/home/runner/.m2/repository/io/fabric8/kubernetes-model-rbac/7.1.0/kubernetes-model-rbac-7.1.0.jar:/home/runner/.m2/repository/io/fabric8/kubernetes-model-admissionregistration/7.1.0/kubernetes-model-admissionregistration-7.1.0.jar:/home/runner/.m2/repository/io/fabric8/kubernetes-model-apps/7.1.0/kubernetes-model-apps-7.1.0.jar:/home/runner/.m2/repository/io/fabric8/kubernetes-model-autoscaling/7.1.0/kubernetes-model-autoscaling-7.1.0.jar:/home/runner/.m2/repository/io/fabric8/kubernetes-model-apiextensions/7.1.0/kubernetes-model-apiextensions-7.1.0.jar:/home/runner/.m2/repository/io/fabric8/kubernetes-model-batch/7.1.0/kubernetes-model-batch-7.1.0.jar:/home/runner/.m2/repository/io/fabric8/kubernetes-model-certificates/7.1.0/kubernetes-model-certificates-7.1.0.jar:/home/runner/.m2/repository/io/fabric8/kubernetes-model-coordination/7.1.0/kubernetes-model-coordination-7.1.0.jar:/home/runner/.m2/repository/io/fabric8/kubernetes-model-discovery/7.1.0/kubernetes-model-discovery-7.1.0.jar:/home/runner/.m2/repository/io/fabric8/kubernetes-model-events/7.1.0/kubernetes-model-events-7.1.0.jar:/home/runner/.m2/repository/io/fabric8/kubernetes-model-extensions/7.1.0/kubernetes-model-extensions-7.1.0.jar:/home/runner/.m2/repository/io/fabric8/kubernetes-model-flowcontrol/7.1.0/kubernetes-model-flowcontrol-7.1.0.jar:/home/runner/.m2/repository/io/fabric8/kubernetes-model-networking/7.1.0/kubernetes-model-networking-7.1.0.jar:/home/runner/.m2/repository/io/fabric8/kubernetes-model-metrics/7.1.0/kubernetes-model-metrics-7.1.0.jar:/home/runner/.m2/repository/io/fabric8/kubernetes-model-policy/7.1.0/kubernetes-model-policy-7.1.0.jar:/home/runner/.m2/repository/io/fabric8/kubernetes-model-scheduling/7.1.0/kubernetes-model-scheduling-7.1.0.jar:/home/runner/.m2/repository/io/fabric8/kubernetes-model-storageclass/7.1.0/kubernetes-model-storageclass-7.1.0.jar:/home/runner/.m2/repository/io/fabric8/kubernetes-model-node/7.1.0/kubernetes-model-node-7.1.0.jar:/home/runner/.m2/repository/org/snakeyaml/snakeyaml-engine/2.9/snakeyaml-engine-2.9.jar:/home/runner/.m2/repository/com/fasterxml/jackson/dataformat/jackson-dataformat-yaml/2.18.2/jackson-dataformat-yaml-2.18.2.jar:/home/runner/.m2/repository/com/fasterxml/jackson/datatype/jackson-datatype-jsr310/2.18.2/jackson-datatype-jsr310-2.18.2.jar:/home/runner/.m2/repository/io/fabric8/zjsonpatch/7.1.0/zjsonpatch-7.1.0.jar:/home/runner/.m2/repository/io/fabric8/kubernetes-httpclient-vertx/7.1.0/kubernetes-httpclient-vertx-7.1.0.jar:/home/runner/.m2/repository/io/vertx/vertx-web-client/4.5.16/vertx-web-client-4.5.16.jar:/home/runner/.m2/repository/io/vertx/vertx-web-common/4.5.16/vertx-web-common-4.5.16.jar:/home/runner/.m2/repository/io/vertx/vertx-auth-common/4.5.16/vertx-auth-common-4.5.16.jar:/home/runner/.m2/repository/io/vertx/vertx-uri-template/4.5.16/vertx-uri-template-4.5.16.jar:/home/runner/.m2/repository/io/fabric8/openshift-client/7.1.0/openshift-client-7.1.0.jar:/home/runner/.m2/repository/io/fabric8/openshift-client-api/7.1.0/openshift-client-api-7.1.0.jar:/home/runner/.m2/repository/io/fabric8/openshift-model/7.1.0/openshift-model-7.1.0.jar:/home/runner/.m2/repository/io/fabric8/openshift-model-autoscaling/7.1.0/openshift-model-autoscaling-7.1.0.jar:/home/runner/.m2/repository/io/fabric8/openshift-model-operator/7.1.0/openshift-model-operator-7.1.0.jar:/home/runner/.m2/repository/io/fabric8/openshift-model-operatorhub/7.1.0/openshift-model-operatorhub-7.1.0.jar:/home/runner/.m2/repository/io/fabric8/openshift-model-machine/7.1.0/openshift-model-machine-7.1.0.jar:/home/runner/.m2/repository/io/fabric8/openshift-model-whereabouts/7.1.0/openshift-model-whereabouts-7.1.0.jar:/home/runner/.m2/repository/io/fabric8/openshift-model-monitoring/7.1.0/openshift-model-monitoring-7.1.0.jar:/home/runner/.m2/repository/io/fabric8/openshift-model-storageversionmigrator/7.1.0/openshift-model-storageversionmigrator-7.1.0.jar:/home/runner/.m2/repository/io/fabric8/openshift-model-tuned/7.1.0/openshift-model-tuned-7.1.0.jar:/home/runner/.m2/repository/io/fabric8/openshift-model-console/7.1.0/openshift-model-console-7.1.0.jar:/home/runner/.m2/repository/io/fabric8/openshift-model-config/7.1.0/openshift-model-config-7.1.0.jar:/home/runner/.m2/repository/io/fabric8/openshift-model-machineconfiguration/7.1.0/openshift-model-machineconfiguration-7.1.0.jar:/home/runner/.m2/repository/io/fabric8/openshift-model-miscellaneous/7.1.0/openshift-model-miscellaneous-7.1.0.jar:/home/runner/.m2/repository/io/fabric8/openshift-model-hive/7.1.0/openshift-model-hive-7.1.0.jar:/home/runner/.m2/repository/io/fabric8/openshift-model-installer/7.1.0/openshift-model-installer-7.1.0.jar:/home/runner/.m2/repository/org/junit/platform/junit-platform-launcher/1.12.1/junit-platform-launcher-1.12.1.jar:/home/runner/.m2/repository/org/junit/platform/junit-platform-engine/1.12.1/junit-platform-engine-1.12.1.jar:/home/runner/.m2/repository/org/opentest4j/opentest4j/1.3.0/opentest4j-1.3.0.jar:/home/runner/.m2/repository/org/junit/platform/junit-platform-commons/1.12.1/junit-platform-commons-1.12.1.jar:/home/runner/.m2/repository/org/apiguardian/apiguardian-api/1.1.2/apiguardian-api-1.1.2.jar:/home/runner/.m2/repository/jakarta/ws/rs/jakarta.ws.rs-api/3.1.0/jakarta.ws.rs-api-3.1.0.jar:/home/runner/work/apicurio-testing/apicurio-testing/clusters/ci419/namespaces/inmemory/tests/integration/apicurio-registry/java-sdk/target/apicurio-registry-java-sdk-3.0.12-SNAPSHOT.jar:/home/runner/.m2/repository/com/microsoft/kiota/microsoft-kiota-abstractions/1.8.9/microsoft-kiota-abstractions-1.8.9.jar:/home/runner/.m2/repository/io/github/std-uritemplate/std-uritemplate/2.0.0/std-uritemplate-2.0.0.jar:/home/runner/.m2/repository/io/kiota/kiota-http-jdk/0.0.29/kiota-http-jdk-0.0.29.jar:/home/runner/.m2/repository/io/kiota/kiota-http-vertx/0.0.29/kiota-http-vertx-0.0.29.jar:/home/runner/.m2/repository/io/kiota/kiota-serialization-jackson/0.0.29/kiota-serialization-jackson-0.0.29.jar:/home/runner/.m2/repository/com/microsoft/kiota/microsoft-kiota-serialization-text/1.8.9/microsoft-kiota-serialization-text-1.8.9.jar:/home/runner/.m2/repository/com/microsoft/kiota/microsoft-kiota-serialization-form/1.8.9/microsoft-kiota-serialization-form-1.8.9.jar:/home/runner/.m2/repository/com/microsoft/kiota/microsoft-kiota-serialization-multipart/1.8.9/microsoft-kiota-serialization-multipart-1.8.9.jar:/home/runner/.m2/repository/jakarta/annotation/jakarta.annotation-api/3.0.0/jakarta.annotation-api-3.0.0.jar:/home/runner/.m2/repository/io/vertx/vertx-auth-oauth2/4.5.16/vertx-auth-oauth2-4.5.16.jar:/home/runner/work/apicurio-testing/apicurio-testing/clusters/ci419/namespaces/inmemory/tests/integration/apicurio-registry/java-sdk-v2/target/apicurio-registry-v2-java-sdk-3.0.12-SNAPSHOT.jar:/home/runner/work/apicurio-testing/apicurio-testing/clusters/ci419/namespaces/inmemory/tests/integration/apicurio-registry/utils/kafka/target/apicurio-registry-utils-kafka-3.0.12-SNAPSHOT-tests.jar:/home/runner/.m2/repository/org/eclipse/microprofile/config/microprofile-config-api/3.1/microprofile-config-api-3.1.jar:/home/runner/.m2/repository/org/apache/kafka/kafka-clients/3.9.1/kafka-clients-3.9.1.jar:/home/runner/.m2/repository/com/github/luben/zstd-jni/1.5.6-4/zstd-jni-1.5.6-4.jar:/home/runner/.m2/repository/org/lz4/lz4-java/1.8.0/lz4-java-1.8.0.jar:/home/runner/.m2/repository/org/xerial/snappy/snappy-java/1.1.10.5/snappy-java-1.1.10.5.jar:/home/runner/.m2/repository/org/slf4j/slf4j-api/2.0.6/slf4j-api-2.0.6.jar:/home/runner/work/apicurio-testing/apicurio-testing/clusters/ci419/namespaces/inmemory/tests/integration/apicurio-registry/utils/tests/target/apicurio-registry-utils-tests-3.0.12-SNAPSHOT.jar:/home/runner/work/apicurio-testing/apicurio-testing/clusters/ci419/namespaces/inmemory/tests/integration/apicurio-registry/common/target/apicurio-registry-common-3.0.12-SNAPSHOT.jar:/home/runner/.m2/repository/jakarta/validation/jakarta.validation-api/3.0.2/jakarta.validation-api-3.0.2.jar:/home/runner/.m2/repository/com/github/dasniko/testcontainers-keycloak/3.8.0/testcontainers-keycloak-3.8.0.jar:/home/runner/.m2/repository/org/testcontainers/testcontainers/1.20.6/testcontainers-1.20.6.jar:/home/runner/.m2/repository/org/rnorth/duct-tape/duct-tape/1.0.8/duct-tape-1.0.8.jar:/home/runner/.m2/repository/com/github/docker-java/docker-java-transport-zerodep/3.4.1/docker-java-transport-zerodep-3.4.1.jar:/home/runner/.m2/repository/com/github/docker-java/docker-java-transport/3.4.1/docker-java-transport-3.4.1.jar:/home/runner/.m2/repository/net/java/dev/jna/jna/5.8.0/jna-5.8.0.jar:/home/runner/.m2/repository/io/quarkus/quarkus-junit4-mock/3.20.2/quarkus-junit4-mock-3.20.2.jar:/home/runner/.m2/repository/org/jboss/shrinkwrap/shrinkwrap-api/2.0.0-beta-2/shrinkwrap-api-2.0.0-beta-2.jar:/home/runner/.m2/repository/org/jboss/shrinkwrap/shrinkwrap-impl-base/2.0.0-beta-2/shrinkwrap-impl-base-2.0.0-beta-2.jar:/home/runner/.m2/repository/org/jboss/shrinkwrap/shrinkwrap-spi/2.0.0-beta-2/shrinkwrap-spi-2.0.0-beta-2.jar:/home/runner/.m2/repository/org/keycloak/keycloak-admin-client/26.0.4/keycloak-admin-client-26.0.4.jar:/home/runner/.m2/repository/org/keycloak/keycloak-client-common-synced/26.0.4/keycloak-client-common-synced-26.0.4.jar:/home/runner/.m2/repository/jakarta/activation/jakarta.activation-api/2.1.3/jakarta.activation-api-2.1.3.jar:/home/runner/.m2/repository/org/eclipse/microprofile/openapi/microprofile-openapi-api/4.0.2/microprofile-openapi-api-4.0.2.jar:/home/runner/.m2/repository/org/jboss/resteasy/resteasy-client/6.2.12.Final/resteasy-client-6.2.12.Final.jar:/home/runner/.m2/repository/org/jboss/resteasy/resteasy-client-api/6.2.12.Final/resteasy-client-api-6.2.12.Final.jar:/home/runner/.m2/repository/org/jboss/resteasy/resteasy-core-spi/6.2.12.Final/resteasy-core-spi-6.2.12.Final.jar:/home/runner/.m2/repository/org/jboss/resteasy/resteasy-core/6.2.12.Final/resteasy-core-6.2.12.Final.jar:/home/runner/.m2/repository/org/eclipse/angus/angus-activation/2.0.2/angus-activation-2.0.2.jar:/home/runner/.m2/repository/com/ibm/async/asyncutil/0.1.0/asyncutil-0.1.0.jar:/home/runner/.m2/repository/org/reactivestreams/reactive-streams/1.0.4/reactive-streams-1.0.4.jar:/home/runner/.m2/repository/org/jboss/resteasy/resteasy-multipart-provider/6.2.12.Final/resteasy-multipart-provider-6.2.12.Final.jar:/home/runner/.m2/repository/jakarta/mail/jakarta.mail-api/2.1.3/jakarta.mail-api-2.1.3.jar:/home/runner/.m2/repository/org/eclipse/angus/angus-mail/2.0.3/angus-mail-2.0.3.jar:/home/runner/.m2/repository/org/apache/james/apache-mime4j-dom/0.8.12/apache-mime4j-dom-0.8.12.jar:/home/runner/.m2/repository/org/apache/james/apache-mime4j-core/0.8.12/apache-mime4j-core-0.8.12.jar:/home/runner/.m2/repository/org/apache/james/apache-mime4j-storage/0.8.12/apache-mime4j-storage-0.8.12.jar:/home/runner/.m2/repository/org/jboss/resteasy/resteasy-jackson2-provider/6.2.12.Final/resteasy-jackson2-provider-6.2.12.Final.jar:/home/runner/.m2/repository/com/fasterxml/jackson/jakarta/rs/jackson-jakarta-rs-base/2.18.2/jackson-jakarta-rs-base-2.18.2.jar:/home/runner/.m2/repository/com/fasterxml/jackson/jakarta/rs/jackson-jakarta-rs-json-provider/2.18.2/jackson-jakarta-rs-json-provider-2.18.2.jar:/home/runner/.m2/repository/com/fasterxml/jackson/module/jackson-module-jakarta-xmlbind-annotations/2.18.2/jackson-module-jakarta-xmlbind-annotations-2.18.2.jar:/home/runner/.m2/repository/com/github/java-json-tools/json-patch/1.13/json-patch-1.13.jar:/home/runner/.m2/repository/com/github/java-json-tools/msg-simple/1.2/msg-simple-1.2.jar:/home/runner/.m2/repository/com/github/java-json-tools/btf/1.3/btf-1.3.jar:/home/runner/.m2/repository/com/github/java-json-tools/jackson-coreutils/2.0/jackson-coreutils-2.0.jar:/home/runner/.m2/repository/org/jboss/resteasy/resteasy-jaxb-provider/6.2.12.Final/resteasy-jaxb-provider-6.2.12.Final.jar:/home/runner/.m2/repository/org/glassfish/jaxb/codemodel/4.0.5/codemodel-4.0.5.jar:/home/runner/.m2/repository/org/glassfish/jaxb/jaxb-core/4.0.5/jaxb-core-4.0.5.jar:/home/runner/.m2/repository/org/glassfish/jaxb/jaxb-jxc/4.0.5/jaxb-jxc-4.0.5.jar:/home/runner/.m2/repository/org/glassfish/jaxb/jaxb-runtime/4.0.5/jaxb-runtime-4.0.5.jar:/home/runner/.m2/repository/org/glassfish/jaxb/txw2/4.0.5/txw2-4.0.5.jar:/home/runner/.m2/repository/org/glassfish/jaxb/jaxb-xjc/4.0.5/jaxb-xjc-4.0.5.jar:/home/runner/.m2/repository/org/glassfish/jaxb/xsom/4.0.5/xsom-4.0.5.jar:/home/runner/.m2/repository/com/sun/istack/istack-commons-runtime/4.1.2/istack-commons-runtime-4.1.2.jar:/home/runner/.m2/repository/com/sun/istack/istack-commons-tools/4.1.2/istack-commons-tools-4.1.2.jar:/home/runner/.m2/repository/com/sun/xml/bind/external/relaxng-datatype/4.0.5/relaxng-datatype-4.0.5.jar:/home/runner/.m2/repository/com/sun/xml/bind/external/rngom/4.0.5/rngom-4.0.5.jar:/home/runner/.m2/repository/org/testcontainers/mssqlserver/1.20.6/mssqlserver-1.20.6.jar:/home/runner/.m2/repository/org/testcontainers/jdbc/1.20.6/jdbc-1.20.6.jar:/home/runner/.m2/repository/org/testcontainers/database-commons/1.20.6/database-commons-1.20.6.jar:/home/runner/.m2/repository/org/testcontainers/mysql/1.20.6/mysql-1.20.6.jar:/home/runner/.m2/repository/io/strimzi/strimzi-test-container/0.111.0/strimzi-test-container-0.111.0.jar:/home/runner/.m2/repository/org/testcontainers/toxiproxy/1.20.6/toxiproxy-1.20.6.jar:/home/runner/.m2/repository/com/github/docker-java/docker-java-api/3.4.1/docker-java-api-3.4.1.jar:/home/runner/.m2/repository/org/apache/logging/log4j/log4j-slf4j-impl/2.19.0/log4j-slf4j-impl-2.19.0.jar:/home/runner/.m2/repository/org/apache/logging/log4j/log4j-api/2.24.3/log4j-api-2.24.3.jar:/home/runner/.m2/repository/org/apache/logging/log4j/log4j-core/2.19.0/log4j-core-2.19.0.jar:/home/runner/.m2/repository/eu/rekawek/toxiproxy/toxiproxy-java/2.1.7/toxiproxy-java-2.1.7.jar:/home/runner/.m2/repository/org/testcontainers/pulsar/1.21.3/pulsar-1.21.3.jar:/home/runner/.m2/repository/io/debezium/debezium-testing-testcontainers/2.7.4.Final/debezium-testing-testcontainers-2.7.4.Final.jar:/home/runner/.m2/repository/org/testcontainers/kafka/1.20.6/kafka-1.20.6.jar:/home/runner/.m2/repository/com/squareup/okhttp3/okhttp/4.8.1/okhttp-4.8.1.jar:/home/runner/.m2/repository/com/squareup/okio/okio/3.10.2/okio-3.10.2.jar:/home/runner/.m2/repository/com/squareup/okio/okio-jvm/3.10.2/okio-jvm-3.10.2.jar:/home/runner/.m2/repository/org/jetbrains/kotlin/kotlin-stdlib/2.0.21/kotlin-stdlib-2.0.21.jar:/home/runner/.m2/repository/org/awaitility/awaitility/4.3.0/awaitility-4.3.0.jar:/home/runner/.m2/repository/org/testcontainers/mongodb/1.20.6/mongodb-1.20.6.jar:/home/runner/.m2/repository/org/testcontainers/mariadb/1.20.6/mariadb-1.20.6.jar:/home/runner/.m2/repository/org/testcontainers/oracle-xe/1.20.6/oracle-xe-1.20.6.jar:/home/runner/.m2/repository/org/testcontainers/postgresql/1.20.6/postgresql-1.20.6.jar:/home/runner/.m2/repository/org/wiremock/wiremock/3.0.1/wiremock-3.0.1.jar:/home/runner/.m2/repository/org/eclipse/jetty/jetty-server/11.0.15/jetty-server-11.0.15.jar:/home/runner/.m2/repository/org/eclipse/jetty/toolchain/jetty-jakarta-servlet-api/5.0.2/jetty-jakarta-servlet-api-5.0.2.jar:/home/runner/.m2/repository/org/eclipse/jetty/jetty-http/11.0.15/jetty-http-11.0.15.jar:/home/runner/.m2/repository/org/eclipse/jetty/jetty-io/11.0.15/jetty-io-11.0.15.jar:/home/runner/.m2/repository/org/eclipse/jetty/jetty-servlet/11.0.15/jetty-servlet-11.0.15.jar:/home/runner/.m2/repository/org/eclipse/jetty/jetty-security/11.0.15/jetty-security-11.0.15.jar:/home/runner/.m2/repository/org/eclipse/jetty/jetty-servlets/11.0.15/jetty-servlets-11.0.15.jar:/home/runner/.m2/repository/org/eclipse/jetty/jetty-util/11.0.15/jetty-util-11.0.15.jar:/home/runner/.m2/repository/org/eclipse/jetty/jetty-webapp/11.0.15/jetty-webapp-11.0.15.jar:/home/runner/.m2/repository/org/eclipse/jetty/jetty-xml/11.0.15/jetty-xml-11.0.15.jar:/home/runner/.m2/repository/org/eclipse/jetty/jetty-proxy/11.0.15/jetty-proxy-11.0.15.jar:/home/runner/.m2/repository/org/eclipse/jetty/jetty-client/11.0.15/jetty-client-11.0.15.jar:/home/runner/.m2/repository/org/eclipse/jetty/http2/http2-server/11.0.15/http2-server-11.0.15.jar:/home/runner/.m2/repository/org/eclipse/jetty/http2/http2-common/11.0.15/http2-common-11.0.15.jar:/home/runner/.m2/repository/org/eclipse/jetty/http2/http2-hpack/11.0.15/http2-hpack-11.0.15.jar:/home/runner/.m2/repository/org/eclipse/jetty/jetty-alpn-server/11.0.15/jetty-alpn-server-11.0.15.jar:/home/runner/.m2/repository/org/eclipse/jetty/jetty-alpn-java-server/11.0.15/jetty-alpn-java-server-11.0.15.jar:/home/runner/.m2/repository/org/eclipse/jetty/jetty-alpn-java-client/11.0.15/jetty-alpn-java-client-11.0.15.jar:/home/runner/.m2/repository/org/eclipse/jetty/jetty-alpn-client/11.0.15/jetty-alpn-client-11.0.15.jar:/home/runner/.m2/repository/org/apache/httpcomponents/client5/httpclient5/5.2.1/httpclient5-5.2.1.jar:/home/runner/.m2/repository/org/apache/httpcomponents/core5/httpcore5/5.2/httpcore5-5.2.jar:/home/runner/.m2/repository/org/apache/httpcomponents/core5/httpcore5-h2/5.2/httpcore5-h2-5.2.jar:/home/runner/.m2/repository/org/xmlunit/xmlunit-core/2.9.1/xmlunit-core-2.9.1.jar:/home/runner/.m2/repository/jakarta/xml/bind/jakarta.xml.bind-api/4.0.2/jakarta.xml.bind-api-4.0.2.jar:/home/runner/.m2/repository/org/xmlunit/xmlunit-legacy/2.9.1/xmlunit-legacy-2.9.1.jar:/home/runner/.m2/repository/org/xmlunit/xmlunit-placeholders/2.9.1/xmlunit-placeholders-2.9.1.jar:/home/runner/.m2/repository/net/javacrumbs/json-unit/json-unit-core/2.38.0/json-unit-core-2.38.0.jar:/home/runner/.m2/repository/org/hamcrest/hamcrest-core/2.2/hamcrest-core-2.2.jar:/home/runner/.m2/repository/com/jayway/jsonpath/json-path/2.8.0/json-path-2.8.0.jar:/home/runner/.m2/repository/net/minidev/json-smart/2.4.10/json-smart-2.4.10.jar:/home/runner/.m2/repository/net/minidev/accessors-smart/2.4.9/accessors-smart-2.4.9.jar:/home/runner/.m2/repository/org/ow2/asm/asm/9.7.1/asm-9.7.1.jar:/home/runner/.m2/repository/net/sf/jopt-simple/jopt-simple/5.0.4/jopt-simple-5.0.4.jar:/home/runner/.m2/repository/com/github/jknack/handlebars/4.3.1/handlebars-4.3.1.jar:/home/runner/.m2/repository/com/github/jknack/handlebars-helpers/4.3.1/handlebars-helpers-4.3.1.jar:/home/runner/.m2/repository/commons-fileupload/commons-fileupload/1.5/commons-fileupload-1.5.jar:/home/runner/.m2/repository/com/networknt/json-schema-validator/1.5.8/json-schema-validator-1.5.8.jar:/home/runner/.m2/repository/com/ethlo/time/itu/1.10.3/itu-1.10.3.jar:/home/runner/.m2/repository/io/quarkus/quarkus-smallrye-jwt-build/3.20.2/quarkus-smallrye-jwt-build-3.20.2.jar:/home/runner/.m2/repository/io/smallrye/smallrye-jwt-build/4.6.2/smallrye-jwt-build-4.6.2.jar:/home/runner/.m2/repository/org/eclipse/microprofile/jwt/microprofile-jwt-auth-api/2.1/microprofile-jwt-auth-api-2.1.jar:/home/runner/.m2/repository/org/bitbucket/b_c/jose4j/0.9.6/jose4j-0.9.6.jar:/home/runner/.m2/repository/io/smallrye/smallrye-jwt-common/4.6.2/smallrye-jwt-common-4.6.2.jar:/home/runner/.m2/repository/io/quarkus/quarkus-jsonp/3.20.2/quarkus-jsonp-3.20.2.jar:/home/runner/.m2/repository/io/quarkus/quarkus-arc/3.20.2/quarkus-arc-3.20.2.jar:/home/runner/.m2/repository/io/quarkus/arc/arc/3.20.2/arc-3.20.2.jar:/home/runner/.m2/repository/jakarta/transaction/jakarta.transaction-api/2.0.1/jakarta.transaction-api-2.0.1.jar:/home/runner/.m2/repository/io/smallrye/reactive/mutiny/2.9.2/mutiny-2.9.2.jar:/home/runner/.m2/repository/org/jctools/jctools-core/4.0.5/jctools-core-4.0.5.jar:/home/runner/.m2/repository/org/eclipse/microprofile/context-propagation/microprofile-context-propagation-api/1.3/microprofile-context-propagation-api-1.3.jar:/home/runner/.m2/repository/io/apicurio/apicurio-common-rest-client-common/0.1.18.Final/apicurio-common-rest-client-common-0.1.18.Final.jar:/home/runner/work/apicurio-testing/apicurio-testing/clusters/ci419/namespaces/inmemory/tests/integration/apicurio-registry/utils/maven-plugin/target/apicurio-registry-maven-plugin-3.0.12-SNAPSHOT.jar:/home/runner/.m2/repository/com/fasterxml/jackson/core/jackson-databind/2.18.2/jackson-databind-2.18.2.jar:/home/runner/.m2/repository/org/apache/avro/avro/1.12.0/avro-1.12.0.jar:/home/runner/.m2/repository/com/google/protobuf/protobuf-java/4.31.1/protobuf-java-4.31.1.jar:/home/runner/.m2/repository/com/google/protobuf/protobuf-java-util/4.31.1/protobuf-java-util-4.31.1.jar:/home/runner/.m2/repository/com/google/code/findbugs/jsr305/3.0.2/jsr305-3.0.2.jar:/home/runner/.m2/repository/com/google/code/gson/gson/2.12.1/gson-2.12.1.jar:/home/runner/.m2/repository/com/google/errorprone/error_prone_annotations/2.36.0/error_prone_annotations-2.36.0.jar:/home/runner/.m2/repository/com/google/j2objc/j2objc-annotations/2.8/j2objc-annotations-2.8.jar:/home/runner/work/apicurio-testing/apicurio-testing/clusters/ci419/namespaces/inmemory/tests/integration/apicurio-registry/schema-util/util-provider/target/apicurio-registry-schema-util-provider-3.0.12-SNAPSHOT.jar:/home/runner/work/apicurio-testing/apicurio-testing/clusters/ci419/namespaces/inmemory/tests/integration/apicurio-registry/schema-util/common/target/apicurio-registry-schema-util-common-3.0.12-SNAPSHOT.jar:/home/runner/.m2/repository/com/fasterxml/jackson/module/jackson-module-parameter-names/2.18.2/jackson-module-parameter-names-2.18.2.jar:/home/runner/.m2/repository/com/fasterxml/jackson/datatype/jackson-datatype-json-org/2.18.2/jackson-datatype-json-org-2.18.2.jar:/home/runner/work/apicurio-testing/apicurio-testing/clusters/ci419/namespaces/inmemory/tests/integration/apicurio-registry/schema-util/json/target/apicurio-registry-schema-util-json-3.0.12-SNAPSHOT.jar:/home/runner/.m2/repository/com/github/erosb/everit-json-schema/1.14.5/everit-json-schema-1.14.5.jar:/home/runner/.m2/repository/commons-validator/commons-validator/1.9.0/commons-validator-1.9.0.jar:/home/runner/.m2/repository/commons-digester/commons-digester/2.1/commons-digester-2.1.jar:/home/runner/.m2/repository/commons-collections/commons-collections/3.2.2/commons-collections-3.2.2.jar:/home/runner/.m2/repository/com/damnhandy/handy-uri-templates/2.1.8/handy-uri-templates-2.1.8.jar:/home/runner/.m2/repository/joda-time/joda-time/2.10.2/joda-time-2.10.2.jar:/home/runner/.m2/repository/com/github/erosb/json-sKema/0.20.0/json-sKema-0.20.0.jar:/home/runner/.m2/repository/io/vertx/vertx-json-schema/4.5.16/vertx-json-schema-4.5.16.jar:/home/runner/work/apicurio-testing/apicurio-testing/clusters/ci419/namespaces/inmemory/tests/integration/apicurio-registry/schema-util/protobuf/target/apicurio-registry-schema-util-protobuf-3.0.12-SNAPSHOT.jar:/home/runner/work/apicurio-testing/apicurio-testing/clusters/ci419/namespaces/inmemory/tests/integration/apicurio-registry/utils/protobuf-schema-utilities/target/apicurio-registry-protobuf-schema-utilities-3.0.12-SNAPSHOT.jar:/home/runner/.m2/repository/com/google/api/grpc/proto-google-common-protos/2.52.0/proto-google-common-protos-2.52.0.jar:/home/runner/.m2/repository/com/squareup/wire/wire-schema-jvm/5.3.3/wire-schema-jvm-5.3.3.jar:/home/runner/.m2/repository/com/palantir/javapoet/javapoet/0.6.0/javapoet-0.6.0.jar:/home/runner/.m2/repository/com/squareup/kotlinpoet-jvm/2.0.0/kotlinpoet-jvm-2.0.0.jar:/home/runner/.m2/repository/org/jetbrains/kotlin/kotlin-reflect/2.0.21/kotlin-reflect-2.0.21.jar:/home/runner/.m2/repository/com/squareup/wire/wire-runtime-jvm/5.3.3/wire-runtime-jvm-5.3.3.jar:/home/runner/.m2/repository/com/ibm/icu/icu4j/76.1/icu4j-76.1.jar:/home/runner/.m2/repository/com/squareup/okio/okio-fakefilesystem/3.10.2/okio-fakefilesystem-3.10.2.jar:/home/runner/.m2/repository/com/squareup/okio/okio-fakefilesystem-jvm/3.10.2/okio-fakefilesystem-jvm-3.10.2.jar:/home/runner/.m2/repository/org/jetbrains/kotlinx/kotlinx-datetime-jvm/0.6.1/kotlinx-datetime-jvm-0.6.1.jar:/home/runner/work/apicurio-testing/apicurio-testing/clusters/ci419/namespaces/inmemory/tests/integration/apicurio-registry/schema-util/asyncapi/target/apicurio-registry-schema-util-asyncapi-3.0.12-SNAPSHOT.jar:/home/runner/work/apicurio-testing/apicurio-testing/clusters/ci419/namespaces/inmemory/tests/integration/apicurio-registry/schema-util/avro/target/apicurio-registry-schema-util-avro-3.0.12-SNAPSHOT.jar:/home/runner/work/apicurio-testing/apicurio-testing/clusters/ci419/namespaces/inmemory/tests/integration/apicurio-registry/schema-util/graphql/target/apicurio-registry-schema-util-graphql-3.0.12-SNAPSHOT.jar:/home/runner/.m2/repository/com/graphql-java/graphql-java/22.4/graphql-java-22.4.jar:/home/runner/.m2/repository/com/graphql-java/java-dataloader/3.3.0/java-dataloader-3.3.0.jar:/home/runner/work/apicurio-testing/apicurio-testing/clusters/ci419/namespaces/inmemory/tests/integration/apicurio-registry/schema-util/kconnect/target/apicurio-registry-schema-util-kconnect-3.0.12-SNAPSHOT.jar:/home/runner/work/apicurio-testing/apicurio-testing/clusters/ci419/namespaces/inmemory/tests/integration/apicurio-registry/schema-util/openapi/target/apicurio-registry-schema-util-openapi-3.0.12-SNAPSHOT.jar:/home/runner/.m2/repository/io/apicurio/apicurio-data-models/2.2.2/apicurio-data-models-2.2.2.jar:/home/runner/.m2/repository/org/openapitools/openapidiff/openapi-diff-core/2.1.2/openapi-diff-core-2.1.2.jar:/home/runner/.m2/repository/io/swagger/parser/v3/swagger-parser/2.1.28/swagger-parser-2.1.28.jar:/home/runner/.m2/repository/io/swagger/parser/v3/swagger-parser-v2-converter/2.1.28/swagger-parser-v2-converter-2.1.28.jar:/home/runner/.m2/repository/io/swagger/swagger-core/1.6.16/swagger-core-1.6.16.jar:/home/runner/.m2/repository/io/swagger/swagger-models/1.6.16/swagger-models-1.6.16.jar:/home/runner/.m2/repository/io/swagger/swagger-annotations/1.6.16/swagger-annotations-1.6.16.jar:/home/runner/.m2/repository/io/swagger/swagger-parser/1.0.75/swagger-parser-1.0.75.jar:/home/runner/.m2/repository/io/swagger/swagger-parser-safe-url-resolver/1.0.75/swagger-parser-safe-url-resolver-1.0.75.jar:/home/runner/.m2/repository/io/swagger/swagger-compat-spec-parser/1.0.75/swagger-compat-spec-parser-1.0.75.jar:/home/runner/.m2/repository/com/github/java-json-tools/json-schema-validator/2.2.14/json-schema-validator-2.2.14.jar:/home/runner/.m2/repository/com/github/java-json-tools/jackson-coreutils-equivalence/1.0/jackson-coreutils-equivalence-1.0.jar:/home/runner/.m2/repository/com/github/java-json-tools/json-schema-core/1.2.14/json-schema-core-1.2.14.jar:/home/runner/.m2/repository/com/github/java-json-tools/uri-template/0.10/uri-template-0.10.jar:/home/runner/.m2/repository/com/googlecode/libphonenumber/libphonenumber/8.11.1/libphonenumber-8.11.1.jar:/home/runner/.m2/repository/com/j2html/j2html/1.6.0/j2html-1.6.0.jar:/home/runner/.m2/repository/org/apache/commons/commons-collections4/4.5.0/commons-collections4-4.5.0.jar:/home/runner/.m2/repository/org/slf4j/jcl-over-slf4j/2.0.17/jcl-over-slf4j-2.0.17.jar:/home/runner/.m2/repository/io/swagger/parser/v3/swagger-parser-v3/2.1.31/swagger-parser-v3-2.1.31.jar:/home/runner/.m2/repository/io/swagger/core/v3/swagger-models/2.2.34/swagger-models-2.2.34.jar:/home/runner/.m2/repository/io/swagger/core/v3/swagger-core/2.2.34/swagger-core-2.2.34.jar:/home/runner/.m2/repository/io/swagger/parser/v3/swagger-parser-core/2.1.31/swagger-parser-core-2.1.31.jar:/home/runner/.m2/repository/io/swagger/parser/v3/swagger-parser-safe-url-resolver/2.1.31/swagger-parser-safe-url-resolver-2.1.31.jar:/home/runner/work/apicurio-testing/apicurio-testing/clusters/ci419/namespaces/inmemory/tests/integration/apicurio-registry/schema-util/wsdl/target/apicurio-registry-schema-util-wsdl-3.0.12-SNAPSHOT.jar:/home/runner/.m2/repository/wsdl4j/wsdl4j/1.6.3/wsdl4j-1.6.3.jar:/home/runner/work/apicurio-testing/apicurio-testing/clusters/ci419/namespaces/inmemory/tests/integration/apicurio-registry/schema-util/xml/target/apicurio-registry-schema-util-xml-3.0.12-SNAPSHOT.jar:/home/runner/.m2/repository/org/apache/santuario/xmlsec/4.0.4/xmlsec-4.0.4.jar:/home/runner/.m2/repository/com/fasterxml/woodstox/woodstox-core/7.1.1/woodstox-core-7.1.1.jar:/home/runner/.m2/repository/org/codehaus/woodstox/stax2-api/4.2.2/stax2-api-4.2.2.jar:/home/runner/work/apicurio-testing/apicurio-testing/clusters/ci419/namespaces/inmemory/tests/integration/apicurio-registry/schema-util/xsd/target/apicurio-registry-schema-util-xsd-3.0.12-SNAPSHOT.jar:/home/runner/work/apicurio-testing/apicurio-testing/clusters/ci419/namespaces/inmemory/tests/integration/apicurio-registry/serdes/kafka/jsonschema-serde/target/apicurio-registry-jsonschema-serde-kafka-3.0.12-SNAPSHOT.jar:/home/runner/work/apicurio-testing/apicurio-testing/clusters/ci419/namespaces/inmemory/tests/integration/apicurio-registry/serdes/kafka/serde-kafka-common/target/apicurio-registry-serde-kafka-common-3.0.12-SNAPSHOT.jar:/home/runner/work/apicurio-testing/apicurio-testing/clusters/ci419/namespaces/inmemory/tests/integration/apicurio-registry/serdes/generic/serde-common/target/apicurio-registry-serde-common-3.0.12-SNAPSHOT.jar:/home/runner/work/apicurio-testing/apicurio-testing/clusters/ci419/namespaces/inmemory/tests/integration/apicurio-registry/serdes/generic/serde-common-jsonschema/target/apicurio-registry-serde-common-jsonschema-3.0.12-SNAPSHOT.jar:/home/runner/.m2/repository/org/json/json/20250107/json-20250107.jar:/home/runner/work/apicurio-testing/apicurio-testing/clusters/ci419/namespaces/inmemory/tests/integration/apicurio-registry/serdes/kafka/avro-serde/target/apicurio-registry-avro-serde-kafka-3.0.12-SNAPSHOT.jar:/home/runner/work/apicurio-testing/apicurio-testing/clusters/ci419/namespaces/inmemory/tests/integration/apicurio-registry/serdes/generic/serde-common-avro/target/apicurio-registry-serde-common-avro-3.0.12-SNAPSHOT.jar:/home/runner/work/apicurio-testing/apicurio-testing/clusters/ci419/namespaces/inmemory/tests/integration/apicurio-registry/serdes/kafka/protobuf-serde/target/apicurio-registry-protobuf-serde-kafka-3.0.12-SNAPSHOT.jar:/home/runner/work/apicurio-testing/apicurio-testing/clusters/ci419/namespaces/inmemory/tests/integration/apicurio-registry/serdes/generic/serde-common-protobuf/target/apicurio-registry-serde-common-protobuf-3.0.12-SNAPSHOT.jar:/home/runner/.m2/repository/com/squareup/wire/wire-schema/5.3.3/wire-schema-5.3.3.jar:/home/runner/.m2/repository/com/squareup/wire/wire-runtime/5.3.3/wire-runtime-5.3.3.jar:/home/runner/work/apicurio-testing/apicurio-testing/clusters/ci419/namespaces/inmemory/tests/integration/apicurio-registry/serdes/pulsar/avro-serde/target/apicurio-registry-avro-serde-pulsar-3.0.12-SNAPSHOT.jar:/home/runner/.m2/repository/org/apache/pulsar/pulsar-functions-api/3.3.8/pulsar-functions-api-3.3.8.jar:/home/runner/work/apicurio-testing/apicurio-testing/clusters/ci419/namespaces/inmemory/tests/integration/apicurio-registry/serdes/nats/avro-serde/target/apicurio-registry-avro-serde-nats-3.0.12-SNAPSHOT.jar:/home/runner/.m2/repository/io/nats/jnats/2.21.4/jnats-2.21.4.jar:/home/runner/.m2/repository/org/bouncycastle/bcprov-lts8on/2.73.7/bcprov-lts8on-2.73.7.jar:/home/runner/.m2/repository/org/jetbrains/annotations/26.0.2/annotations-26.0.2.jar:/home/runner/work/apicurio-testing/apicurio-testing/clusters/ci419/namespaces/inmemory/tests/integration/apicurio-registry/utils/converter/target/apicurio-registry-utils-converter-3.0.12-SNAPSHOT.jar:/home/runner/work/apicurio-testing/apicurio-testing/clusters/ci419/namespaces/inmemory/tests/integration/apicurio-registry/schema-resolver/target/apicurio-registry-schema-resolver-3.0.12-SNAPSHOT.jar:/home/runner/.m2/repository/org/apache/kafka/connect-api/3.9.1/connect-api-3.9.1.jar:/home/runner/.m2/repository/javax/ws/rs/javax.ws.rs-api/2.1.1/javax.ws.rs-api-2.1.1.jar:/home/runner/.m2/repository/org/apache/kafka/connect-json/3.9.1/connect-json-3.9.1.jar:/home/runner/.m2/repository/com/fasterxml/jackson/datatype/jackson-datatype-jdk8/2.18.2/jackson-datatype-jdk8-2.18.2.jar:/home/runner/.m2/repository/com/fasterxml/jackson/module/jackson-module-afterburner/2.18.2/jackson-module-afterburner-2.18.2.jar:/home/runner/work/apicurio-testing/apicurio-testing/clusters/ci419/namespaces/inmemory/tests/integration/apicurio-registry/utils/kafka/target/apicurio-registry-utils-kafka-3.0.12-SNAPSHOT.jar:/home/runner/.m2/repository/org/apache/pulsar/pulsar-client/3.3.8/pulsar-client-3.3.8.jar:/home/runner/.m2/repository/org/apache/pulsar/pulsar-client-api/3.3.8/pulsar-client-api-3.3.8.jar:/home/runner/.m2/repository/org/apache/pulsar/pulsar-client-admin-api/3.3.8/pulsar-client-admin-api-3.3.8.jar:/home/runner/.m2/repository/org/apache/pulsar/bouncy-castle-bc/3.3.8/bouncy-castle-bc-3.3.8-pkg.jar:/home/runner/.m2/repository/org/bouncycastle/bcpkix-jdk18on/1.81/bcpkix-jdk18on-1.81.jar:/home/runner/.m2/repository/org/bouncycastle/bcutil-jdk18on/1.81/bcutil-jdk18on-1.81.jar:/home/runner/.m2/repository/org/bouncycastle/bcprov-jdk18on/1.81/bcprov-jdk18on-1.81.jar:/home/runner/.m2/repository/io/opentelemetry/opentelemetry-api/1.44.1/opentelemetry-api-1.44.1.jar:/home/runner/.m2/repository/io/opentelemetry/opentelemetry-context/1.44.1/opentelemetry-context-1.44.1.jar:/home/runner/.m2/repository/io/opentelemetry/opentelemetry-api-incubator/1.44.1-alpha/opentelemetry-api-incubator-1.44.1-alpha.jar:/home/runner/.m2/repository/com/fasterxml/jackson/core/jackson-annotations/2.18.2/jackson-annotations-2.18.2.jar:/home/runner/.m2/repository/javax/validation/validation-api/1.1.0.Final/validation-api-1.1.0.Final.jar:/home/runner/.m2/repository/org/jspecify/jspecify/1.0.0/jspecify-1.0.0.jar:/home/runner/.m2/repository/org/apache/commons/commons-configuration2/2.12.0/commons-configuration2-2.12.0.jar:/home/runner/.m2/repository/commons-logging/commons-logging/1.3.5/commons-logging-1.3.5.jar:/home/runner/.m2/repository/org/apache/commons/commons-text/1.13.0/commons-text-1.13.0.jar:/home/runner/.m2/repository/io/confluent/kafka-avro-serializer/8.0.0/kafka-avro-serializer-8.0.0.jar:/home/runner/.m2/repository/org/apache/commons/commons-compress/1.27.1/commons-compress-1.27.1.jar:/home/runner/.m2/repository/io/confluent/kafka-schema-serializer/8.0.0/kafka-schema-serializer-8.0.0.jar:/home/runner/.m2/repository/com/fasterxml/jackson/dataformat/jackson-dataformat-csv/2.18.2/jackson-dataformat-csv-2.18.2.jar:/home/runner/.m2/repository/io/confluent/kafka-schema-registry-client/8.0.0/kafka-schema-registry-client-8.0.0.jar:/home/runner/.m2/repository/org/yaml/snakeyaml/2.3/snakeyaml-2.3.jar:/home/runner/.m2/repository/io/swagger/core/v3/swagger-annotations/2.2.29/swagger-annotations-2.2.29.jar:/home/runner/.m2/repository/com/google/guava/guava/33.4.0-jre/guava-33.4.0-jre.jar:/home/runner/.m2/repository/com/google/guava/failureaccess/1.0.1/failureaccess-1.0.1.jar:/home/runner/.m2/repository/org/checkerframework/checker-qual/3.49.0/checker-qual-3.49.0.jar:/home/runner/.m2/repository/io/confluent/logredactor/1.0.13/logredactor-1.0.13.jar:/home/runner/.m2/repository/com/google/re2j/re2j/1.6/re2j-1.6.jar:/home/runner/.m2/repository/io/confluent/logredactor-metrics/1.0.13/logredactor-metrics-1.0.13.jar:/home/runner/.m2/repository/com/eclipsesource/minimal-json/minimal-json/0.9.5/minimal-json-0.9.5.jar:/home/runner/.m2/repository/io/confluent/common-utils/8.0.0/common-utils-8.0.0.jar:/home/runner/.m2/repository/io/confluent/kafka-connect-avro-converter/8.0.0/kafka-connect-avro-converter-8.0.0.jar:/home/runner/.m2/repository/io/confluent/kafka-connect-avro-data/8.0.0/kafka-connect-avro-data-8.0.0.jar:/home/runner/.m2/repository/io/confluent/kafka-schema-converter/8.0.0/kafka-schema-converter-8.0.0.jar:/home/runner/.m2/repository/io/rest-assured/rest-assured/5.5.1/rest-assured-5.5.1.jar:/home/runner/.m2/repository/org/apache/groovy/groovy/4.0.22/groovy-4.0.22.jar:/home/runner/.m2/repository/org/apache/groovy/groovy-xml/4.0.22/groovy-xml-4.0.22.jar:/home/runner/.m2/repository/org/apache/httpcomponents/httpclient/4.5.14/httpclient-4.5.14.jar:/home/runner/.m2/repository/org/apache/httpcomponents/httpcore/4.4.16/httpcore-4.4.16.jar:/home/runner/.m2/repository/org/apache/httpcomponents/httpmime/4.5.14/httpmime-4.5.14.jar:/home/runner/.m2/repository/org/hamcrest/hamcrest/2.2/hamcrest-2.2.jar:/home/runner/.m2/repository/org/ccil/cowan/tagsoup/tagsoup/1.2.1/tagsoup-1.2.1.jar:/home/runner/.m2/repository/io/rest-assured/json-path/5.5.1/json-path-5.5.1.jar:/home/runner/.m2/repository/org/apache/groovy/groovy-json/4.0.22/groovy-json-4.0.22.jar:/home/runner/.m2/repository/io/rest-assured/rest-assured-common/5.5.1/rest-assured-common-5.5.1.jar:/home/runner/.m2/repository/io/rest-assured/xml-path/5.5.1/xml-path-5.5.1.jar:/home/runner/.m2/repository/io/zonky/test/embedded-postgres/2.1.0/embedded-postgres-2.1.0.jar:/home/runner/.m2/repository/io/zonky/test/postgres/embedded-postgres-binaries-windows-amd64/14.15.0/embedded-postgres-binaries-windows-amd64-14.15.0.jar:/home/runner/.m2/repository/io/zonky/test/postgres/embedded-postgres-binaries-darwin-amd64/14.15.0/embedded-postgres-binaries-darwin-amd64-14.15.0.jar:/home/runner/.m2/repository/io/zonky/test/postgres/embedded-postgres-binaries-linux-amd64/14.15.0/embedded-postgres-binaries-linux-amd64-14.15.0.jar:/home/runner/.m2/repository/io/zonky/test/postgres/embedded-postgres-binaries-linux-amd64-alpine/14.15.0/embedded-postgres-binaries-linux-amd64-alpine-14.15.0.jar:/home/runner/.m2/repository/org/apache/commons/commons-lang3/3.17.0/commons-lang3-3.17.0.jar:/home/runner/.m2/repository/org/tukaani/xz/1.10/xz-1.10.jar:/home/runner/.m2/repository/commons-codec/commons-codec/1.19.0/commons-codec-1.19.0.jar:/home/runner/.m2/repository/org/postgresql/postgresql/42.7.7/postgresql-42.7.7.jar:/home/runner/.m2/repository/commons-io/commons-io/2.18.0/commons-io-2.18.0.jar:/home/runner/work/apicurio-testing/apicurio-testing/clusters/ci419/namespaces/inmemory/tests/integration/apicurio-registry/utils/importexport/target/apicurio-registry-utils-import-export-3.0.12-SNAPSHOT.jar:/home/runner/.m2/repository/io/vertx/vertx-core/4.5.16/vertx-core-4.5.16.jar:/home/runner/.m2/repository/io/netty/netty-common/4.1.121.Final/netty-common-4.1.121.Final.jar:/home/runner/.m2/repository/io/netty/netty-buffer/4.1.121.Final/netty-buffer-4.1.121.Final.jar:/home/runner/.m2/repository/io/netty/netty-transport/4.1.121.Final/netty-transport-4.1.121.Final.jar:/home/runner/.m2/repository/io/netty/netty-handler/4.1.121.Final/netty-handler-4.1.121.Final.jar:/home/runner/.m2/repository/io/netty/netty-transport-native-unix-common/4.1.121.Final/netty-transport-native-unix-common-4.1.121.Final.jar:/home/runner/.m2/repository/io/netty/netty-codec/4.1.121.Final/netty-codec-4.1.121.Final.jar:/home/runner/.m2/repository/io/netty/netty-handler-proxy/4.1.121.Final/netty-handler-proxy-4.1.121.Final.jar:/home/runner/.m2/repository/io/netty/netty-codec-socks/4.1.121.Final/netty-codec-socks-4.1.121.Final.jar:/home/runner/.m2/repository/io/netty/netty-codec-http/4.1.121.Final/netty-codec-http-4.1.121.Final.jar:/home/runner/.m2/repository/io/netty/netty-codec-http2/4.1.121.Final/netty-codec-http2-4.1.121.Final.jar:/home/runner/.m2/repository/io/netty/netty-resolver/4.1.121.Final/netty-resolver-4.1.121.Final.jar:/home/runner/.m2/repository/io/netty/netty-resolver-dns/4.1.121.Final/netty-resolver-dns-4.1.121.Final.jar:/home/runner/.m2/repository/io/netty/netty-codec-dns/4.1.121.Final/netty-codec-dns-4.1.121.Final.jar:/home/runner/.m2/repository/com/fasterxml/jackson/core/jackson-core/2.18.2/jackson-core-2.18.2.jar:"/>
    <property name="java.vm.vendor" value="Eclipse Adoptium"/>
    <property name="maven.javadoc.skip" value="true"/>
    <property name="sun.arch.data.model" value="64"/>
    <property name="java.vendor.url" value="https://adoptium.net/"/>
    <property name="user.timezone" value="Etc/UTC"/>
    <property name="os.name" value="Linux"/>
    <property name="java.vm.specification.version" value="17"/>
    <property name="sun.java.launcher" value="SUN_STANDARD"/>
    <property name="quarkus.http.test-port" value="80"/>
    <property name="sun.boot.library.path" value="/usr/lib/jvm/temurin-17-jdk-amd64/lib"/>
    <property name="sun.java.command" value="/home/runner/work/apicurio-testing/apicurio-testing/clusters/ci419/namespaces/inmemory/tests/integration/apicurio-registry/integration-tests/target/surefire/surefirebooter-20250812171952935_3.jar /home/runner/work/apicurio-testing/apicurio-testing/clusters/ci419/namespaces/inmemory/tests/integration/apicurio-registry/integration-tests/target/surefire 2025-08-12T17-19-52_829-jvmRun1 surefire-20250812171952935_1tmp surefire_0-20250812171952935_2tmp"/>
    <property name="maven.home" value="/home/runner/.m2/wrapper/dists/apache-maven-3.9.8-bin/4fnp1ql35bgk2a0p7m31ovbgb0/apache-maven-3.9.8"/>
    <property name="jdk.debug" value="release"/>
    <property name="surefire.test.class.path" value="/home/runner/work/apicurio-testing/apicurio-testing/clusters/ci419/namespaces/inmemory/tests/integration/apicurio-registry/integration-tests/target/test-classes:/home/runner/work/apicurio-testing/apicurio-testing/clusters/ci419/namespaces/inmemory/tests/integration/apicurio-registry/integration-tests/target/apicurio-registry-integration-tests-3.0.12-SNAPSHOT.jar:/home/runner/.m2/repository/io/quarkus/quarkus-junit5/3.20.2/quarkus-junit5-3.20.2.jar:/home/runner/.m2/repository/io/quarkus/quarkus-bootstrap-core/3.20.2/quarkus-bootstrap-core-3.20.2.jar:/home/runner/.m2/repository/io/quarkus/quarkus-classloader-commons/3.20.2/quarkus-classloader-commons-3.20.2.jar:/home/runner/.m2/repository/io/quarkus/quarkus-bootstrap-app-model/3.20.2/quarkus-bootstrap-app-model-3.20.2.jar:/home/runner/.m2/repository/io/smallrye/common/smallrye-common-io/2.12.0/smallrye-common-io-2.12.0.jar:/home/runner/.m2/repository/org/eclipse/sisu/org.eclipse.sisu.inject/0.9.0.M3/org.eclipse.sisu.inject-0.9.0.M3.jar:/home/runner/.m2/repository/io/quarkus/quarkus-test-common/3.20.2/quarkus-test-common-3.20.2.jar:/home/runner/.m2/repository/io/quarkus/quarkus-core-deployment/3.20.2/quarkus-core-deployment-3.20.2.jar:/home/runner/.m2/repository/org/aesh/readline/2.6/readline-2.6.jar:/home/runner/.m2/repository/org/fusesource/jansi/jansi/2.4.0/jansi-2.4.0.jar:/home/runner/.m2/repository/org/aesh/aesh/2.8.2/aesh-2.8.2.jar:/home/runner/.m2/repository/io/quarkus/gizmo/gizmo/1.8.0/gizmo-1.8.0.jar:/home/runner/.m2/repository/org/ow2/asm/asm-util/9.7.1/asm-util-9.7.1.jar:/home/runner/.m2/repository/org/ow2/asm/asm-analysis/9.7.1/asm-analysis-9.7.1.jar:/home/runner/.m2/repository/org/ow2/asm/asm-commons/9.7.1/asm-commons-9.7.1.jar:/home/runner/.m2/repository/org/ow2/asm/asm-tree/9.7.1/asm-tree-9.7.1.jar:/home/runner/.m2/repository/io/quarkus/quarkus-hibernate-validator-spi/3.20.2/quarkus-hibernate-validator-spi-3.20.2.jar:/home/runner/.m2/repository/io/quarkus/quarkus-class-change-agent/3.20.2/quarkus-class-change-agent-3.20.2.jar:/home/runner/.m2/repository/io/quarkus/quarkus-devtools-utilities/3.20.2/quarkus-devtools-utilities-3.20.2.jar:/home/runner/.m2/repository/io/quarkus/quarkus-builder/3.20.2/quarkus-builder-3.20.2.jar:/home/runner/.m2/repository/org/graalvm/sdk/nativeimage/23.1.2/nativeimage-23.1.2.jar:/home/runner/.m2/repository/org/graalvm/sdk/word/23.1.2/word-23.1.2.jar:/home/runner/.m2/repository/io/quarkus/quarkus-bootstrap-maven-resolver/3.20.2/quarkus-bootstrap-maven-resolver-3.20.2.jar:/home/runner/.m2/repository/io/smallrye/beanbag/smallrye-beanbag-maven/1.5.2/smallrye-beanbag-maven-1.5.2.jar:/home/runner/.m2/repository/io/smallrye/beanbag/smallrye-beanbag-sisu/1.5.2/smallrye-beanbag-sisu-1.5.2.jar:/home/runner/.m2/repository/io/smallrye/beanbag/smallrye-beanbag/1.5.2/smallrye-beanbag-1.5.2.jar:/home/runner/.m2/repository/javax/inject/javax.inject/1/javax.inject-1.jar:/home/runner/.m2/repository/org/apache/maven/maven-artifact/3.9.9/maven-artifact-3.9.9.jar:/home/runner/.m2/repository/org/apache/maven/maven-builder-support/3.9.9/maven-builder-support-3.9.9.jar:/home/runner/.m2/repository/org/apache/maven/maven-model/3.9.9/maven-model-3.9.9.jar:/home/runner/.m2/repository/org/apache/maven/maven-model-builder/3.9.9/maven-model-builder-3.9.9.jar:/home/runner/.m2/repository/org/apache/maven/maven-repository-metadata/3.9.9/maven-repository-metadata-3.9.9.jar:/home/runner/.m2/repository/org/apache/maven/maven-settings/3.9.9/maven-settings-3.9.9.jar:/home/runner/.m2/repository/org/apache/maven/resolver/maven-resolver-api/1.9.22/maven-resolver-api-1.9.22.jar:/home/runner/.m2/repository/org/apache/maven/resolver/maven-resolver-impl/1.9.22/maven-resolver-impl-1.9.22.jar:/home/runner/.m2/repository/org/apache/maven/resolver/maven-resolver-named-locks/1.9.22/maven-resolver-named-locks-1.9.22.jar:/home/runner/.m2/repository/org/apache/maven/resolver/maven-resolver-spi/1.9.22/maven-resolver-spi-1.9.22.jar:/home/runner/.m2/repository/org/apache/maven/resolver/maven-resolver-util/1.9.22/maven-resolver-util-1.9.22.jar:/home/runner/.m2/repository/org/apache/maven/resolver/maven-resolver-transport-http/1.9.20/maven-resolver-transport-http-1.9.20.jar:/home/runner/.m2/repository/org/apache/maven/wagon/wagon-provider-api/3.5.3/wagon-provider-api-3.5.3.jar:/home/runner/.m2/repository/org/apache/maven/wagon/wagon-http-shared/3.5.3/wagon-http-shared-3.5.3.jar:/home/runner/.m2/repository/org/codehaus/plexus/plexus-interpolation/1.26/plexus-interpolation-1.26.jar:/home/runner/.m2/repository/org/codehaus/plexus/plexus-utils/3.5.1/plexus-utils-3.5.1.jar:/home/runner/.m2/repository/org/codehaus/plexus/plexus-xml/4.0.1/plexus-xml-4.0.1.jar:/home/runner/.m2/repository/org/apache/maven/maven-xml-impl/4.0.0-alpha-5/maven-xml-impl-4.0.0-alpha-5.jar:/home/runner/.m2/repository/org/apache/maven/maven-api-xml/4.0.0-alpha-5/maven-api-xml-4.0.0-alpha-5.jar:/home/runner/.m2/repository/org/apache/maven/maven-api-meta/4.0.0-alpha-5/maven-api-meta-4.0.0-alpha-5.jar:/home/runner/.m2/repository/org/codehaus/plexus/plexus-cipher/2.0/plexus-cipher-2.0.jar:/home/runner/.m2/repository/org/codehaus/plexus/plexus-sec-dispatcher/2.0/plexus-sec-dispatcher-2.0.jar:/home/runner/.m2/repository/org/apache/maven/maven-embedder/3.9.9/maven-embedder-3.9.9.jar:/home/runner/.m2/repository/org/apache/maven/maven-core/3.9.9/maven-core-3.9.9.jar:/home/runner/.m2/repository/org/codehaus/plexus/plexus-component-annotations/2.1.0/plexus-component-annotations-2.1.0.jar:/home/runner/.m2/repository/org/apache/maven/maven-plugin-api/3.9.9/maven-plugin-api-3.9.9.jar:/home/runner/.m2/repository/org/apache/maven/shared/maven-shared-utils/3.4.2/maven-shared-utils-3.4.2.jar:/home/runner/.m2/repository/com/google/inject/guice/5.1.0/guice-5.1.0.jar:/home/runner/.m2/repository/aopalliance/aopalliance/1.0/aopalliance-1.0.jar:/home/runner/.m2/repository/org/codehaus/plexus/plexus-classworlds/2.6.0/plexus-classworlds-2.6.0.jar:/home/runner/.m2/repository/commons-cli/commons-cli/1.8.0/commons-cli-1.8.0.jar:/home/runner/.m2/repository/org/eclipse/sisu/org.eclipse.sisu.plexus/0.9.0.M3/org.eclipse.sisu.plexus-0.9.0.M3.jar:/home/runner/.m2/repository/org/apache/maven/maven-settings-builder/3.9.9/maven-settings-builder-3.9.9.jar:/home/runner/.m2/repository/org/apache/maven/maven-resolver-provider/3.9.9/maven-resolver-provider-3.9.9.jar:/home/runner/.m2/repository/org/apache/maven/resolver/maven-resolver-connector-basic/1.9.22/maven-resolver-connector-basic-1.9.22.jar:/home/runner/.m2/repository/org/apache/maven/resolver/maven-resolver-transport-wagon/1.9.22/maven-resolver-transport-wagon-1.9.22.jar:/home/runner/.m2/repository/org/apache/maven/wagon/wagon-http/3.5.3/wagon-http-3.5.3.jar:/home/runner/.m2/repository/org/apache/maven/wagon/wagon-file/3.5.3/wagon-file-3.5.3.jar:/home/runner/.m2/repository/io/quarkus/quarkus-bootstrap-gradle-resolver/3.20.2/quarkus-bootstrap-gradle-resolver-3.20.2.jar:/home/runner/.m2/repository/io/smallrye/jandex/3.3.0/jandex-3.3.0.jar:/home/runner/.m2/repository/org/jboss/logging/commons-logging-jboss-logging/1.0.0.Final/commons-logging-jboss-logging-1.0.0.Final.jar:/home/runner/.m2/repository/io/quarkus/quarkus-junit5-config/3.20.2/quarkus-junit5-config-3.20.2.jar:/home/runner/.m2/repository/org/junit/jupiter/junit-jupiter-api/5.12.1/junit-jupiter-api-5.12.1.jar:/home/runner/.m2/repository/io/smallrye/config/smallrye-config/3.11.4/smallrye-config-3.11.4.jar:/home/runner/.m2/repository/io/smallrye/config/smallrye-config-core/3.11.4/smallrye-config-core-3.11.4.jar:/home/runner/.m2/repository/io/smallrye/common/smallrye-common-classloader/2.12.0/smallrye-common-classloader-2.12.0.jar:/home/runner/.m2/repository/io/smallrye/config/smallrye-config-common/3.11.4/smallrye-config-common-3.11.4.jar:/home/runner/.m2/repository/org/junit/jupiter/junit-jupiter/5.12.1/junit-jupiter-5.12.1.jar:/home/runner/.m2/repository/org/junit/jupiter/junit-jupiter-params/5.12.1/junit-jupiter-params-5.12.1.jar:/home/runner/.m2/repository/org/junit/jupiter/junit-jupiter-engine/5.12.1/junit-jupiter-engine-5.12.1.jar:/home/runner/.m2/repository/io/quarkus/quarkus-core/3.20.2/quarkus-core-3.20.2.jar:/home/runner/.m2/repository/jakarta/enterprise/jakarta.enterprise.cdi-api/4.1.0/jakarta.enterprise.cdi-api-4.1.0.jar:/home/runner/.m2/repository/jakarta/enterprise/jakarta.enterprise.lang-model/4.1.0/jakarta.enterprise.lang-model-4.1.0.jar:/home/runner/.m2/repository/jakarta/el/jakarta.el-api/5.0.1/jakarta.el-api-5.0.1.jar:/home/runner/.m2/repository/jakarta/interceptor/jakarta.interceptor-api/2.2.0/jakarta.interceptor-api-2.2.0.jar:/home/runner/.m2/repository/jakarta/inject/jakarta.inject-api/2.0.1/jakarta.inject-api-2.0.1.jar:/home/runner/.m2/repository/io/smallrye/common/smallrye-common-os/2.12.0/smallrye-common-os-2.12.0.jar:/home/runner/.m2/repository/io/quarkus/quarkus-ide-launcher/3.20.2/quarkus-ide-launcher-3.20.2.jar:/home/runner/.m2/repository/io/quarkus/quarkus-development-mode-spi/3.20.2/quarkus-development-mode-spi-3.20.2.jar:/home/runner/.m2/repository/org/jboss/logging/jboss-logging/3.6.1.Final/jboss-logging-3.6.1.Final.jar:/home/runner/.m2/repository/org/jboss/logmanager/jboss-logmanager/3.1.2.Final/jboss-logmanager-3.1.2.Final.jar:/home/runner/.m2/repository/io/smallrye/common/smallrye-common-constraint/2.12.0/smallrye-common-constraint-2.12.0.jar:/home/runner/.m2/repository/io/smallrye/common/smallrye-common-cpu/2.12.0/smallrye-common-cpu-2.12.0.jar:/home/runner/.m2/repository/io/smallrye/common/smallrye-common-expression/2.12.0/smallrye-common-expression-2.12.0.jar:/home/runner/.m2/repository/io/smallrye/common/smallrye-common-net/2.12.0/smallrye-common-net-2.12.0.jar:/home/runner/.m2/repository/io/smallrye/common/smallrye-common-ref/2.12.0/smallrye-common-ref-2.12.0.jar:/home/runner/.m2/repository/jakarta/json/jakarta.json-api/2.1.3/jakarta.json-api-2.1.3.jar:/home/runner/.m2/repository/org/eclipse/parsson/parsson/1.1.7/parsson-1.1.7.jar:/home/runner/.m2/repository/org/jboss/logging/jboss-logging-annotations/3.0.4.Final/jboss-logging-annotations-3.0.4.Final.jar:/home/runner/.m2/repository/org/jboss/threads/jboss-threads/3.8.0.Final/jboss-threads-3.8.0.Final.jar:/home/runner/.m2/repository/io/smallrye/common/smallrye-common-annotation/2.12.0/smallrye-common-annotation-2.12.0.jar:/home/runner/.m2/repository/io/smallrye/common/smallrye-common-function/2.12.0/smallrye-common-function-2.12.0.jar:/home/runner/.m2/repository/org/jboss/slf4j/slf4j-jboss-logmanager/2.0.0.Final/slf4j-jboss-logmanager-2.0.0.Final.jar:/home/runner/.m2/repository/org/wildfly/common/wildfly-common/2.0.1/wildfly-common-2.0.1.jar:/home/runner/.m2/repository/io/quarkus/quarkus-bootstrap-runner/3.20.2/quarkus-bootstrap-runner-3.20.2.jar:/home/runner/.m2/repository/io/github/crac/org-crac/0.1.3/org-crac-0.1.3.jar:/home/runner/.m2/repository/io/quarkus/quarkus-fs-util/0.0.10/quarkus-fs-util-0.0.10.jar:/home/runner/.m2/repository/org/jboss/marshalling/jboss-marshalling/2.2.2.Final/jboss-marshalling-2.2.2.Final.jar:/home/runner/.m2/repository/io/fabric8/kubernetes-client/7.1.0/kubernetes-client-7.1.0.jar:/home/runner/.m2/repository/io/fabric8/kubernetes-client-api/7.1.0/kubernetes-client-api-7.1.0.jar:/home/runner/.m2/repository/io/fabric8/kubernetes-model-core/7.1.0/kubernetes-model-core-7.1.0.jar:/home/runner/.m2/repository/io/fabric8/kubernetes-model-common/7.1.0/kubernetes-model-common-7.1.0.jar:/home/runner/.m2/repository/javax/annotation/javax.annotation-api/1.3.2/javax.annotation-api-1.3.2.jar:/home/runner/.m2/repository/io/fabric8/kubernetes-model-gatewayapi/7.1.0/kubernetes-model-gatewayapi-7.1.0.jar:/home/runner/.m2/repository/io/fabric8/kubernetes-model-resource/7.1.0/kubernetes-model-resource-7.1.0.jar:/home/runner/.m2/repository/io/fabric8/kubernetes-model-rbac/7.1.0/kubernetes-model-rbac-7.1.0.jar:/home/runner/.m2/repository/io/fabric8/kubernetes-model-admissionregistration/7.1.0/kubernetes-model-admissionregistration-7.1.0.jar:/home/runner/.m2/repository/io/fabric8/kubernetes-model-apps/7.1.0/kubernetes-model-apps-7.1.0.jar:/home/runner/.m2/repository/io/fabric8/kubernetes-model-autoscaling/7.1.0/kubernetes-model-autoscaling-7.1.0.jar:/home/runner/.m2/repository/io/fabric8/kubernetes-model-apiextensions/7.1.0/kubernetes-model-apiextensions-7.1.0.jar:/home/runner/.m2/repository/io/fabric8/kubernetes-model-batch/7.1.0/kubernetes-model-batch-7.1.0.jar:/home/runner/.m2/repository/io/fabric8/kubernetes-model-certificates/7.1.0/kubernetes-model-certificates-7.1.0.jar:/home/runner/.m2/repository/io/fabric8/kubernetes-model-coordination/7.1.0/kubernetes-model-coordination-7.1.0.jar:/home/runner/.m2/repository/io/fabric8/kubernetes-model-discovery/7.1.0/kubernetes-model-discovery-7.1.0.jar:/home/runner/.m2/repository/io/fabric8/kubernetes-model-events/7.1.0/kubernetes-model-events-7.1.0.jar:/home/runner/.m2/repository/io/fabric8/kubernetes-model-extensions/7.1.0/kubernetes-model-extensions-7.1.0.jar:/home/runner/.m2/repository/io/fabric8/kubernetes-model-flowcontrol/7.1.0/kubernetes-model-flowcontrol-7.1.0.jar:/home/runner/.m2/repository/io/fabric8/kubernetes-model-networking/7.1.0/kubernetes-model-networking-7.1.0.jar:/home/runner/.m2/repository/io/fabric8/kubernetes-model-metrics/7.1.0/kubernetes-model-metrics-7.1.0.jar:/home/runner/.m2/repository/io/fabric8/kubernetes-model-policy/7.1.0/kubernetes-model-policy-7.1.0.jar:/home/runner/.m2/repository/io/fabric8/kubernetes-model-scheduling/7.1.0/kubernetes-model-scheduling-7.1.0.jar:/home/runner/.m2/repository/io/fabric8/kubernetes-model-storageclass/7.1.0/kubernetes-model-storageclass-7.1.0.jar:/home/runner/.m2/repository/io/fabric8/kubernetes-model-node/7.1.0/kubernetes-model-node-7.1.0.jar:/home/runner/.m2/repository/org/snakeyaml/snakeyaml-engine/2.9/snakeyaml-engine-2.9.jar:/home/runner/.m2/repository/com/fasterxml/jackson/dataformat/jackson-dataformat-yaml/2.18.2/jackson-dataformat-yaml-2.18.2.jar:/home/runner/.m2/repository/com/fasterxml/jackson/datatype/jackson-datatype-jsr310/2.18.2/jackson-datatype-jsr310-2.18.2.jar:/home/runner/.m2/repository/io/fabric8/zjsonpatch/7.1.0/zjsonpatch-7.1.0.jar:/home/runner/.m2/repository/io/fabric8/kubernetes-httpclient-vertx/7.1.0/kubernetes-httpclient-vertx-7.1.0.jar:/home/runner/.m2/repository/io/vertx/vertx-web-client/4.5.16/vertx-web-client-4.5.16.jar:/home/runner/.m2/repository/io/vertx/vertx-web-common/4.5.16/vertx-web-common-4.5.16.jar:/home/runner/.m2/repository/io/vertx/vertx-auth-common/4.5.16/vertx-auth-common-4.5.16.jar:/home/runner/.m2/repository/io/vertx/vertx-uri-template/4.5.16/vertx-uri-template-4.5.16.jar:/home/runner/.m2/repository/io/fabric8/openshift-client/7.1.0/openshift-client-7.1.0.jar:/home/runner/.m2/repository/io/fabric8/openshift-client-api/7.1.0/openshift-client-api-7.1.0.jar:/home/runner/.m2/repository/io/fabric8/openshift-model/7.1.0/openshift-model-7.1.0.jar:/home/runner/.m2/repository/io/fabric8/openshift-model-autoscaling/7.1.0/openshift-model-autoscaling-7.1.0.jar:/home/runner/.m2/repository/io/fabric8/openshift-model-operator/7.1.0/openshift-model-operator-7.1.0.jar:/home/runner/.m2/repository/io/fabric8/openshift-model-operatorhub/7.1.0/openshift-model-operatorhub-7.1.0.jar:/home/runner/.m2/repository/io/fabric8/openshift-model-machine/7.1.0/openshift-model-machine-7.1.0.jar:/home/runner/.m2/repository/io/fabric8/openshift-model-whereabouts/7.1.0/openshift-model-whereabouts-7.1.0.jar:/home/runner/.m2/repository/io/fabric8/openshift-model-monitoring/7.1.0/openshift-model-monitoring-7.1.0.jar:/home/runner/.m2/repository/io/fabric8/openshift-model-storageversionmigrator/7.1.0/openshift-model-storageversionmigrator-7.1.0.jar:/home/runner/.m2/repository/io/fabric8/openshift-model-tuned/7.1.0/openshift-model-tuned-7.1.0.jar:/home/runner/.m2/repository/io/fabric8/openshift-model-console/7.1.0/openshift-model-console-7.1.0.jar:/home/runner/.m2/repository/io/fabric8/openshift-model-config/7.1.0/openshift-model-config-7.1.0.jar:/home/runner/.m2/repository/io/fabric8/openshift-model-machineconfiguration/7.1.0/openshift-model-machineconfiguration-7.1.0.jar:/home/runner/.m2/repository/io/fabric8/openshift-model-miscellaneous/7.1.0/openshift-model-miscellaneous-7.1.0.jar:/home/runner/.m2/repository/io/fabric8/openshift-model-hive/7.1.0/openshift-model-hive-7.1.0.jar:/home/runner/.m2/repository/io/fabric8/openshift-model-installer/7.1.0/openshift-model-installer-7.1.0.jar:/home/runner/.m2/repository/org/junit/platform/junit-platform-launcher/1.12.1/junit-platform-launcher-1.12.1.jar:/home/runner/.m2/repository/org/junit/platform/junit-platform-engine/1.12.1/junit-platform-engine-1.12.1.jar:/home/runner/.m2/repository/org/opentest4j/opentest4j/1.3.0/opentest4j-1.3.0.jar:/home/runner/.m2/repository/org/junit/platform/junit-platform-commons/1.12.1/junit-platform-commons-1.12.1.jar:/home/runner/.m2/repository/org/apiguardian/apiguardian-api/1.1.2/apiguardian-api-1.1.2.jar:/home/runner/.m2/repository/jakarta/ws/rs/jakarta.ws.rs-api/3.1.0/jakarta.ws.rs-api-3.1.0.jar:/home/runner/work/apicurio-testing/apicurio-testing/clusters/ci419/namespaces/inmemory/tests/integration/apicurio-registry/java-sdk/target/apicurio-registry-java-sdk-3.0.12-SNAPSHOT.jar:/home/runner/.m2/repository/com/microsoft/kiota/microsoft-kiota-abstractions/1.8.9/microsoft-kiota-abstractions-1.8.9.jar:/home/runner/.m2/repository/io/github/std-uritemplate/std-uritemplate/2.0.0/std-uritemplate-2.0.0.jar:/home/runner/.m2/repository/io/kiota/kiota-http-jdk/0.0.29/kiota-http-jdk-0.0.29.jar:/home/runner/.m2/repository/io/kiota/kiota-http-vertx/0.0.29/kiota-http-vertx-0.0.29.jar:/home/runner/.m2/repository/io/kiota/kiota-serialization-jackson/0.0.29/kiota-serialization-jackson-0.0.29.jar:/home/runner/.m2/repository/com/microsoft/kiota/microsoft-kiota-serialization-text/1.8.9/microsoft-kiota-serialization-text-1.8.9.jar:/home/runner/.m2/repository/com/microsoft/kiota/microsoft-kiota-serialization-form/1.8.9/microsoft-kiota-serialization-form-1.8.9.jar:/home/runner/.m2/repository/com/microsoft/kiota/microsoft-kiota-serialization-multipart/1.8.9/microsoft-kiota-serialization-multipart-1.8.9.jar:/home/runner/.m2/repository/jakarta/annotation/jakarta.annotation-api/3.0.0/jakarta.annotation-api-3.0.0.jar:/home/runner/.m2/repository/io/vertx/vertx-auth-oauth2/4.5.16/vertx-auth-oauth2-4.5.16.jar:/home/runner/work/apicurio-testing/apicurio-testing/clusters/ci419/namespaces/inmemory/tests/integration/apicurio-registry/java-sdk-v2/target/apicurio-registry-v2-java-sdk-3.0.12-SNAPSHOT.jar:/home/runner/work/apicurio-testing/apicurio-testing/clusters/ci419/namespaces/inmemory/tests/integration/apicurio-registry/utils/kafka/target/apicurio-registry-utils-kafka-3.0.12-SNAPSHOT-tests.jar:/home/runner/.m2/repository/org/eclipse/microprofile/config/microprofile-config-api/3.1/microprofile-config-api-3.1.jar:/home/runner/.m2/repository/org/apache/kafka/kafka-clients/3.9.1/kafka-clients-3.9.1.jar:/home/runner/.m2/repository/com/github/luben/zstd-jni/1.5.6-4/zstd-jni-1.5.6-4.jar:/home/runner/.m2/repository/org/lz4/lz4-java/1.8.0/lz4-java-1.8.0.jar:/home/runner/.m2/repository/org/xerial/snappy/snappy-java/1.1.10.5/snappy-java-1.1.10.5.jar:/home/runner/.m2/repository/org/slf4j/slf4j-api/2.0.6/slf4j-api-2.0.6.jar:/home/runner/work/apicurio-testing/apicurio-testing/clusters/ci419/namespaces/inmemory/tests/integration/apicurio-registry/utils/tests/target/apicurio-registry-utils-tests-3.0.12-SNAPSHOT.jar:/home/runner/work/apicurio-testing/apicurio-testing/clusters/ci419/namespaces/inmemory/tests/integration/apicurio-registry/common/target/apicurio-registry-common-3.0.12-SNAPSHOT.jar:/home/runner/.m2/repository/jakarta/validation/jakarta.validation-api/3.0.2/jakarta.validation-api-3.0.2.jar:/home/runner/.m2/repository/com/github/dasniko/testcontainers-keycloak/3.8.0/testcontainers-keycloak-3.8.0.jar:/home/runner/.m2/repository/org/testcontainers/testcontainers/1.20.6/testcontainers-1.20.6.jar:/home/runner/.m2/repository/org/rnorth/duct-tape/duct-tape/1.0.8/duct-tape-1.0.8.jar:/home/runner/.m2/repository/com/github/docker-java/docker-java-transport-zerodep/3.4.1/docker-java-transport-zerodep-3.4.1.jar:/home/runner/.m2/repository/com/github/docker-java/docker-java-transport/3.4.1/docker-java-transport-3.4.1.jar:/home/runner/.m2/repository/net/java/dev/jna/jna/5.8.0/jna-5.8.0.jar:/home/runner/.m2/repository/io/quarkus/quarkus-junit4-mock/3.20.2/quarkus-junit4-mock-3.20.2.jar:/home/runner/.m2/repository/org/jboss/shrinkwrap/shrinkwrap-api/2.0.0-beta-2/shrinkwrap-api-2.0.0-beta-2.jar:/home/runner/.m2/repository/org/jboss/shrinkwrap/shrinkwrap-impl-base/2.0.0-beta-2/shrinkwrap-impl-base-2.0.0-beta-2.jar:/home/runner/.m2/repository/org/jboss/shrinkwrap/shrinkwrap-spi/2.0.0-beta-2/shrinkwrap-spi-2.0.0-beta-2.jar:/home/runner/.m2/repository/org/keycloak/keycloak-admin-client/26.0.4/keycloak-admin-client-26.0.4.jar:/home/runner/.m2/repository/org/keycloak/keycloak-client-common-synced/26.0.4/keycloak-client-common-synced-26.0.4.jar:/home/runner/.m2/repository/jakarta/activation/jakarta.activation-api/2.1.3/jakarta.activation-api-2.1.3.jar:/home/runner/.m2/repository/org/eclipse/microprofile/openapi/microprofile-openapi-api/4.0.2/microprofile-openapi-api-4.0.2.jar:/home/runner/.m2/repository/org/jboss/resteasy/resteasy-client/6.2.12.Final/resteasy-client-6.2.12.Final.jar:/home/runner/.m2/repository/org/jboss/resteasy/resteasy-client-api/6.2.12.Final/resteasy-client-api-6.2.12.Final.jar:/home/runner/.m2/repository/org/jboss/resteasy/resteasy-core-spi/6.2.12.Final/resteasy-core-spi-6.2.12.Final.jar:/home/runner/.m2/repository/org/jboss/resteasy/resteasy-core/6.2.12.Final/resteasy-core-6.2.12.Final.jar:/home/runner/.m2/repository/org/eclipse/angus/angus-activation/2.0.2/angus-activation-2.0.2.jar:/home/runner/.m2/repository/com/ibm/async/asyncutil/0.1.0/asyncutil-0.1.0.jar:/home/runner/.m2/repository/org/reactivestreams/reactive-streams/1.0.4/reactive-streams-1.0.4.jar:/home/runner/.m2/repository/org/jboss/resteasy/resteasy-multipart-provider/6.2.12.Final/resteasy-multipart-provider-6.2.12.Final.jar:/home/runner/.m2/repository/jakarta/mail/jakarta.mail-api/2.1.3/jakarta.mail-api-2.1.3.jar:/home/runner/.m2/repository/org/eclipse/angus/angus-mail/2.0.3/angus-mail-2.0.3.jar:/home/runner/.m2/repository/org/apache/james/apache-mime4j-dom/0.8.12/apache-mime4j-dom-0.8.12.jar:/home/runner/.m2/repository/org/apache/james/apache-mime4j-core/0.8.12/apache-mime4j-core-0.8.12.jar:/home/runner/.m2/repository/org/apache/james/apache-mime4j-storage/0.8.12/apache-mime4j-storage-0.8.12.jar:/home/runner/.m2/repository/org/jboss/resteasy/resteasy-jackson2-provider/6.2.12.Final/resteasy-jackson2-provider-6.2.12.Final.jar:/home/runner/.m2/repository/com/fasterxml/jackson/jakarta/rs/jackson-jakarta-rs-base/2.18.2/jackson-jakarta-rs-base-2.18.2.jar:/home/runner/.m2/repository/com/fasterxml/jackson/jakarta/rs/jackson-jakarta-rs-json-provider/2.18.2/jackson-jakarta-rs-json-provider-2.18.2.jar:/home/runner/.m2/repository/com/fasterxml/jackson/module/jackson-module-jakarta-xmlbind-annotations/2.18.2/jackson-module-jakarta-xmlbind-annotations-2.18.2.jar:/home/runner/.m2/repository/com/github/java-json-tools/json-patch/1.13/json-patch-1.13.jar:/home/runner/.m2/repository/com/github/java-json-tools/msg-simple/1.2/msg-simple-1.2.jar:/home/runner/.m2/repository/com/github/java-json-tools/btf/1.3/btf-1.3.jar:/home/runner/.m2/repository/com/github/java-json-tools/jackson-coreutils/2.0/jackson-coreutils-2.0.jar:/home/runner/.m2/repository/org/jboss/resteasy/resteasy-jaxb-provider/6.2.12.Final/resteasy-jaxb-provider-6.2.12.Final.jar:/home/runner/.m2/repository/org/glassfish/jaxb/codemodel/4.0.5/codemodel-4.0.5.jar:/home/runner/.m2/repository/org/glassfish/jaxb/jaxb-core/4.0.5/jaxb-core-4.0.5.jar:/home/runner/.m2/repository/org/glassfish/jaxb/jaxb-jxc/4.0.5/jaxb-jxc-4.0.5.jar:/home/runner/.m2/repository/org/glassfish/jaxb/jaxb-runtime/4.0.5/jaxb-runtime-4.0.5.jar:/home/runner/.m2/repository/org/glassfish/jaxb/txw2/4.0.5/txw2-4.0.5.jar:/home/runner/.m2/repository/org/glassfish/jaxb/jaxb-xjc/4.0.5/jaxb-xjc-4.0.5.jar:/home/runner/.m2/repository/org/glassfish/jaxb/xsom/4.0.5/xsom-4.0.5.jar:/home/runner/.m2/repository/com/sun/istack/istack-commons-runtime/4.1.2/istack-commons-runtime-4.1.2.jar:/home/runner/.m2/repository/com/sun/istack/istack-commons-tools/4.1.2/istack-commons-tools-4.1.2.jar:/home/runner/.m2/repository/com/sun/xml/bind/external/relaxng-datatype/4.0.5/relaxng-datatype-4.0.5.jar:/home/runner/.m2/repository/com/sun/xml/bind/external/rngom/4.0.5/rngom-4.0.5.jar:/home/runner/.m2/repository/org/testcontainers/mssqlserver/1.20.6/mssqlserver-1.20.6.jar:/home/runner/.m2/repository/org/testcontainers/jdbc/1.20.6/jdbc-1.20.6.jar:/home/runner/.m2/repository/org/testcontainers/database-commons/1.20.6/database-commons-1.20.6.jar:/home/runner/.m2/repository/org/testcontainers/mysql/1.20.6/mysql-1.20.6.jar:/home/runner/.m2/repository/io/strimzi/strimzi-test-container/0.111.0/strimzi-test-container-0.111.0.jar:/home/runner/.m2/repository/org/testcontainers/toxiproxy/1.20.6/toxiproxy-1.20.6.jar:/home/runner/.m2/repository/com/github/docker-java/docker-java-api/3.4.1/docker-java-api-3.4.1.jar:/home/runner/.m2/repository/org/apache/logging/log4j/log4j-slf4j-impl/2.19.0/log4j-slf4j-impl-2.19.0.jar:/home/runner/.m2/repository/org/apache/logging/log4j/log4j-api/2.24.3/log4j-api-2.24.3.jar:/home/runner/.m2/repository/org/apache/logging/log4j/log4j-core/2.19.0/log4j-core-2.19.0.jar:/home/runner/.m2/repository/eu/rekawek/toxiproxy/toxiproxy-java/2.1.7/toxiproxy-java-2.1.7.jar:/home/runner/.m2/repository/org/testcontainers/pulsar/1.21.3/pulsar-1.21.3.jar:/home/runner/.m2/repository/io/debezium/debezium-testing-testcontainers/2.7.4.Final/debezium-testing-testcontainers-2.7.4.Final.jar:/home/runner/.m2/repository/org/testcontainers/kafka/1.20.6/kafka-1.20.6.jar:/home/runner/.m2/repository/com/squareup/okhttp3/okhttp/4.8.1/okhttp-4.8.1.jar:/home/runner/.m2/repository/com/squareup/okio/okio/3.10.2/okio-3.10.2.jar:/home/runner/.m2/repository/com/squareup/okio/okio-jvm/3.10.2/okio-jvm-3.10.2.jar:/home/runner/.m2/repository/org/jetbrains/kotlin/kotlin-stdlib/2.0.21/kotlin-stdlib-2.0.21.jar:/home/runner/.m2/repository/org/awaitility/awaitility/4.3.0/awaitility-4.3.0.jar:/home/runner/.m2/repository/org/testcontainers/mongodb/1.20.6/mongodb-1.20.6.jar:/home/runner/.m2/repository/org/testcontainers/mariadb/1.20.6/mariadb-1.20.6.jar:/home/runner/.m2/repository/org/testcontainers/oracle-xe/1.20.6/oracle-xe-1.20.6.jar:/home/runner/.m2/repository/org/testcontainers/postgresql/1.20.6/postgresql-1.20.6.jar:/home/runner/.m2/repository/org/wiremock/wiremock/3.0.1/wiremock-3.0.1.jar:/home/runner/.m2/repository/org/eclipse/jetty/jetty-server/11.0.15/jetty-server-11.0.15.jar:/home/runner/.m2/repository/org/eclipse/jetty/toolchain/jetty-jakarta-servlet-api/5.0.2/jetty-jakarta-servlet-api-5.0.2.jar:/home/runner/.m2/repository/org/eclipse/jetty/jetty-http/11.0.15/jetty-http-11.0.15.jar:/home/runner/.m2/repository/org/eclipse/jetty/jetty-io/11.0.15/jetty-io-11.0.15.jar:/home/runner/.m2/repository/org/eclipse/jetty/jetty-servlet/11.0.15/jetty-servlet-11.0.15.jar:/home/runner/.m2/repository/org/eclipse/jetty/jetty-security/11.0.15/jetty-security-11.0.15.jar:/home/runner/.m2/repository/org/eclipse/jetty/jetty-servlets/11.0.15/jetty-servlets-11.0.15.jar:/home/runner/.m2/repository/org/eclipse/jetty/jetty-util/11.0.15/jetty-util-11.0.15.jar:/home/runner/.m2/repository/org/eclipse/jetty/jetty-webapp/11.0.15/jetty-webapp-11.0.15.jar:/home/runner/.m2/repository/org/eclipse/jetty/jetty-xml/11.0.15/jetty-xml-11.0.15.jar:/home/runner/.m2/repository/org/eclipse/jetty/jetty-proxy/11.0.15/jetty-proxy-11.0.15.jar:/home/runner/.m2/repository/org/eclipse/jetty/jetty-client/11.0.15/jetty-client-11.0.15.jar:/home/runner/.m2/repository/org/eclipse/jetty/http2/http2-server/11.0.15/http2-server-11.0.15.jar:/home/runner/.m2/repository/org/eclipse/jetty/http2/http2-common/11.0.15/http2-common-11.0.15.jar:/home/runner/.m2/repository/org/eclipse/jetty/http2/http2-hpack/11.0.15/http2-hpack-11.0.15.jar:/home/runner/.m2/repository/org/eclipse/jetty/jetty-alpn-server/11.0.15/jetty-alpn-server-11.0.15.jar:/home/runner/.m2/repository/org/eclipse/jetty/jetty-alpn-java-server/11.0.15/jetty-alpn-java-server-11.0.15.jar:/home/runner/.m2/repository/org/eclipse/jetty/jetty-alpn-java-client/11.0.15/jetty-alpn-java-client-11.0.15.jar:/home/runner/.m2/repository/org/eclipse/jetty/jetty-alpn-client/11.0.15/jetty-alpn-client-11.0.15.jar:/home/runner/.m2/repository/org/apache/httpcomponents/client5/httpclient5/5.2.1/httpclient5-5.2.1.jar:/home/runner/.m2/repository/org/apache/httpcomponents/core5/httpcore5/5.2/httpcore5-5.2.jar:/home/runner/.m2/repository/org/apache/httpcomponents/core5/httpcore5-h2/5.2/httpcore5-h2-5.2.jar:/home/runner/.m2/repository/org/xmlunit/xmlunit-core/2.9.1/xmlunit-core-2.9.1.jar:/home/runner/.m2/repository/jakarta/xml/bind/jakarta.xml.bind-api/4.0.2/jakarta.xml.bind-api-4.0.2.jar:/home/runner/.m2/repository/org/xmlunit/xmlunit-legacy/2.9.1/xmlunit-legacy-2.9.1.jar:/home/runner/.m2/repository/org/xmlunit/xmlunit-placeholders/2.9.1/xmlunit-placeholders-2.9.1.jar:/home/runner/.m2/repository/net/javacrumbs/json-unit/json-unit-core/2.38.0/json-unit-core-2.38.0.jar:/home/runner/.m2/repository/org/hamcrest/hamcrest-core/2.2/hamcrest-core-2.2.jar:/home/runner/.m2/repository/com/jayway/jsonpath/json-path/2.8.0/json-path-2.8.0.jar:/home/runner/.m2/repository/net/minidev/json-smart/2.4.10/json-smart-2.4.10.jar:/home/runner/.m2/repository/net/minidev/accessors-smart/2.4.9/accessors-smart-2.4.9.jar:/home/runner/.m2/repository/org/ow2/asm/asm/9.7.1/asm-9.7.1.jar:/home/runner/.m2/repository/net/sf/jopt-simple/jopt-simple/5.0.4/jopt-simple-5.0.4.jar:/home/runner/.m2/repository/com/github/jknack/handlebars/4.3.1/handlebars-4.3.1.jar:/home/runner/.m2/repository/com/github/jknack/handlebars-helpers/4.3.1/handlebars-helpers-4.3.1.jar:/home/runner/.m2/repository/commons-fileupload/commons-fileupload/1.5/commons-fileupload-1.5.jar:/home/runner/.m2/repository/com/networknt/json-schema-validator/1.5.8/json-schema-validator-1.5.8.jar:/home/runner/.m2/repository/com/ethlo/time/itu/1.10.3/itu-1.10.3.jar:/home/runner/.m2/repository/io/quarkus/quarkus-smallrye-jwt-build/3.20.2/quarkus-smallrye-jwt-build-3.20.2.jar:/home/runner/.m2/repository/io/smallrye/smallrye-jwt-build/4.6.2/smallrye-jwt-build-4.6.2.jar:/home/runner/.m2/repository/org/eclipse/microprofile/jwt/microprofile-jwt-auth-api/2.1/microprofile-jwt-auth-api-2.1.jar:/home/runner/.m2/repository/org/bitbucket/b_c/jose4j/0.9.6/jose4j-0.9.6.jar:/home/runner/.m2/repository/io/smallrye/smallrye-jwt-common/4.6.2/smallrye-jwt-common-4.6.2.jar:/home/runner/.m2/repository/io/quarkus/quarkus-jsonp/3.20.2/quarkus-jsonp-3.20.2.jar:/home/runner/.m2/repository/io/quarkus/quarkus-arc/3.20.2/quarkus-arc-3.20.2.jar:/home/runner/.m2/repository/io/quarkus/arc/arc/3.20.2/arc-3.20.2.jar:/home/runner/.m2/repository/jakarta/transaction/jakarta.transaction-api/2.0.1/jakarta.transaction-api-2.0.1.jar:/home/runner/.m2/repository/io/smallrye/reactive/mutiny/2.9.2/mutiny-2.9.2.jar:/home/runner/.m2/repository/org/jctools/jctools-core/4.0.5/jctools-core-4.0.5.jar:/home/runner/.m2/repository/org/eclipse/microprofile/context-propagation/microprofile-context-propagation-api/1.3/microprofile-context-propagation-api-1.3.jar:/home/runner/.m2/repository/io/apicurio/apicurio-common-rest-client-common/0.1.18.Final/apicurio-common-rest-client-common-0.1.18.Final.jar:/home/runner/work/apicurio-testing/apicurio-testing/clusters/ci419/namespaces/inmemory/tests/integration/apicurio-registry/utils/maven-plugin/target/apicurio-registry-maven-plugin-3.0.12-SNAPSHOT.jar:/home/runner/.m2/repository/com/fasterxml/jackson/core/jackson-databind/2.18.2/jackson-databind-2.18.2.jar:/home/runner/.m2/repository/org/apache/avro/avro/1.12.0/avro-1.12.0.jar:/home/runner/.m2/repository/com/google/protobuf/protobuf-java/4.31.1/protobuf-java-4.31.1.jar:/home/runner/.m2/repository/com/google/protobuf/protobuf-java-util/4.31.1/protobuf-java-util-4.31.1.jar:/home/runner/.m2/repository/com/google/code/findbugs/jsr305/3.0.2/jsr305-3.0.2.jar:/home/runner/.m2/repository/com/google/code/gson/gson/2.12.1/gson-2.12.1.jar:/home/runner/.m2/repository/com/google/errorprone/error_prone_annotations/2.36.0/error_prone_annotations-2.36.0.jar:/home/runner/.m2/repository/com/google/j2objc/j2objc-annotations/2.8/j2objc-annotations-2.8.jar:/home/runner/work/apicurio-testing/apicurio-testing/clusters/ci419/namespaces/inmemory/tests/integration/apicurio-registry/schema-util/util-provider/target/apicurio-registry-schema-util-provider-3.0.12-SNAPSHOT.jar:/home/runner/work/apicurio-testing/apicurio-testing/clusters/ci419/namespaces/inmemory/tests/integration/apicurio-registry/schema-util/common/target/apicurio-registry-schema-util-common-3.0.12-SNAPSHOT.jar:/home/runner/.m2/repository/com/fasterxml/jackson/module/jackson-module-parameter-names/2.18.2/jackson-module-parameter-names-2.18.2.jar:/home/runner/.m2/repository/com/fasterxml/jackson/datatype/jackson-datatype-json-org/2.18.2/jackson-datatype-json-org-2.18.2.jar:/home/runner/work/apicurio-testing/apicurio-testing/clusters/ci419/namespaces/inmemory/tests/integration/apicurio-registry/schema-util/json/target/apicurio-registry-schema-util-json-3.0.12-SNAPSHOT.jar:/home/runner/.m2/repository/com/github/erosb/everit-json-schema/1.14.5/everit-json-schema-1.14.5.jar:/home/runner/.m2/repository/commons-validator/commons-validator/1.9.0/commons-validator-1.9.0.jar:/home/runner/.m2/repository/commons-digester/commons-digester/2.1/commons-digester-2.1.jar:/home/runner/.m2/repository/commons-collections/commons-collections/3.2.2/commons-collections-3.2.2.jar:/home/runner/.m2/repository/com/damnhandy/handy-uri-templates/2.1.8/handy-uri-templates-2.1.8.jar:/home/runner/.m2/repository/joda-time/joda-time/2.10.2/joda-time-2.10.2.jar:/home/runner/.m2/repository/com/github/erosb/json-sKema/0.20.0/json-sKema-0.20.0.jar:/home/runner/.m2/repository/io/vertx/vertx-json-schema/4.5.16/vertx-json-schema-4.5.16.jar:/home/runner/work/apicurio-testing/apicurio-testing/clusters/ci419/namespaces/inmemory/tests/integration/apicurio-registry/schema-util/protobuf/target/apicurio-registry-schema-util-protobuf-3.0.12-SNAPSHOT.jar:/home/runner/work/apicurio-testing/apicurio-testing/clusters/ci419/namespaces/inmemory/tests/integration/apicurio-registry/utils/protobuf-schema-utilities/target/apicurio-registry-protobuf-schema-utilities-3.0.12-SNAPSHOT.jar:/home/runner/.m2/repository/com/google/api/grpc/proto-google-common-protos/2.52.0/proto-google-common-protos-2.52.0.jar:/home/runner/.m2/repository/com/squareup/wire/wire-schema-jvm/5.3.3/wire-schema-jvm-5.3.3.jar:/home/runner/.m2/repository/com/palantir/javapoet/javapoet/0.6.0/javapoet-0.6.0.jar:/home/runner/.m2/repository/com/squareup/kotlinpoet-jvm/2.0.0/kotlinpoet-jvm-2.0.0.jar:/home/runner/.m2/repository/org/jetbrains/kotlin/kotlin-reflect/2.0.21/kotlin-reflect-2.0.21.jar:/home/runner/.m2/repository/com/squareup/wire/wire-runtime-jvm/5.3.3/wire-runtime-jvm-5.3.3.jar:/home/runner/.m2/repository/com/ibm/icu/icu4j/76.1/icu4j-76.1.jar:/home/runner/.m2/repository/com/squareup/okio/okio-fakefilesystem/3.10.2/okio-fakefilesystem-3.10.2.jar:/home/runner/.m2/repository/com/squareup/okio/okio-fakefilesystem-jvm/3.10.2/okio-fakefilesystem-jvm-3.10.2.jar:/home/runner/.m2/repository/org/jetbrains/kotlinx/kotlinx-datetime-jvm/0.6.1/kotlinx-datetime-jvm-0.6.1.jar:/home/runner/work/apicurio-testing/apicurio-testing/clusters/ci419/namespaces/inmemory/tests/integration/apicurio-registry/schema-util/asyncapi/target/apicurio-registry-schema-util-asyncapi-3.0.12-SNAPSHOT.jar:/home/runner/work/apicurio-testing/apicurio-testing/clusters/ci419/namespaces/inmemory/tests/integration/apicurio-registry/schema-util/avro/target/apicurio-registry-schema-util-avro-3.0.12-SNAPSHOT.jar:/home/runner/work/apicurio-testing/apicurio-testing/clusters/ci419/namespaces/inmemory/tests/integration/apicurio-registry/schema-util/graphql/target/apicurio-registry-schema-util-graphql-3.0.12-SNAPSHOT.jar:/home/runner/.m2/repository/com/graphql-java/graphql-java/22.4/graphql-java-22.4.jar:/home/runner/.m2/repository/com/graphql-java/java-dataloader/3.3.0/java-dataloader-3.3.0.jar:/home/runner/work/apicurio-testing/apicurio-testing/clusters/ci419/namespaces/inmemory/tests/integration/apicurio-registry/schema-util/kconnect/target/apicurio-registry-schema-util-kconnect-3.0.12-SNAPSHOT.jar:/home/runner/work/apicurio-testing/apicurio-testing/clusters/ci419/namespaces/inmemory/tests/integration/apicurio-registry/schema-util/openapi/target/apicurio-registry-schema-util-openapi-3.0.12-SNAPSHOT.jar:/home/runner/.m2/repository/io/apicurio/apicurio-data-models/2.2.2/apicurio-data-models-2.2.2.jar:/home/runner/.m2/repository/org/openapitools/openapidiff/openapi-diff-core/2.1.2/openapi-diff-core-2.1.2.jar:/home/runner/.m2/repository/io/swagger/parser/v3/swagger-parser/2.1.28/swagger-parser-2.1.28.jar:/home/runner/.m2/repository/io/swagger/parser/v3/swagger-parser-v2-converter/2.1.28/swagger-parser-v2-converter-2.1.28.jar:/home/runner/.m2/repository/io/swagger/swagger-core/1.6.16/swagger-core-1.6.16.jar:/home/runner/.m2/repository/io/swagger/swagger-models/1.6.16/swagger-models-1.6.16.jar:/home/runner/.m2/repository/io/swagger/swagger-annotations/1.6.16/swagger-annotations-1.6.16.jar:/home/runner/.m2/repository/io/swagger/swagger-parser/1.0.75/swagger-parser-1.0.75.jar:/home/runner/.m2/repository/io/swagger/swagger-parser-safe-url-resolver/1.0.75/swagger-parser-safe-url-resolver-1.0.75.jar:/home/runner/.m2/repository/io/swagger/swagger-compat-spec-parser/1.0.75/swagger-compat-spec-parser-1.0.75.jar:/home/runner/.m2/repository/com/github/java-json-tools/json-schema-validator/2.2.14/json-schema-validator-2.2.14.jar:/home/runner/.m2/repository/com/github/java-json-tools/jackson-coreutils-equivalence/1.0/jackson-coreutils-equivalence-1.0.jar:/home/runner/.m2/repository/com/github/java-json-tools/json-schema-core/1.2.14/json-schema-core-1.2.14.jar:/home/runner/.m2/repository/com/github/java-json-tools/uri-template/0.10/uri-template-0.10.jar:/home/runner/.m2/repository/com/googlecode/libphonenumber/libphonenumber/8.11.1/libphonenumber-8.11.1.jar:/home/runner/.m2/repository/com/j2html/j2html/1.6.0/j2html-1.6.0.jar:/home/runner/.m2/repository/org/apache/commons/commons-collections4/4.5.0/commons-collections4-4.5.0.jar:/home/runner/.m2/repository/org/slf4j/jcl-over-slf4j/2.0.17/jcl-over-slf4j-2.0.17.jar:/home/runner/.m2/repository/io/swagger/parser/v3/swagger-parser-v3/2.1.31/swagger-parser-v3-2.1.31.jar:/home/runner/.m2/repository/io/swagger/core/v3/swagger-models/2.2.34/swagger-models-2.2.34.jar:/home/runner/.m2/repository/io/swagger/core/v3/swagger-core/2.2.34/swagger-core-2.2.34.jar:/home/runner/.m2/repository/io/swagger/parser/v3/swagger-parser-core/2.1.31/swagger-parser-core-2.1.31.jar:/home/runner/.m2/repository/io/swagger/parser/v3/swagger-parser-safe-url-resolver/2.1.31/swagger-parser-safe-url-resolver-2.1.31.jar:/home/runner/work/apicurio-testing/apicurio-testing/clusters/ci419/namespaces/inmemory/tests/integration/apicurio-registry/schema-util/wsdl/target/apicurio-registry-schema-util-wsdl-3.0.12-SNAPSHOT.jar:/home/runner/.m2/repository/wsdl4j/wsdl4j/1.6.3/wsdl4j-1.6.3.jar:/home/runner/work/apicurio-testing/apicurio-testing/clusters/ci419/namespaces/inmemory/tests/integration/apicurio-registry/schema-util/xml/target/apicurio-registry-schema-util-xml-3.0.12-SNAPSHOT.jar:/home/runner/.m2/repository/org/apache/santuario/xmlsec/4.0.4/xmlsec-4.0.4.jar:/home/runner/.m2/repository/com/fasterxml/woodstox/woodstox-core/7.1.1/woodstox-core-7.1.1.jar:/home/runner/.m2/repository/org/codehaus/woodstox/stax2-api/4.2.2/stax2-api-4.2.2.jar:/home/runner/work/apicurio-testing/apicurio-testing/clusters/ci419/namespaces/inmemory/tests/integration/apicurio-registry/schema-util/xsd/target/apicurio-registry-schema-util-xsd-3.0.12-SNAPSHOT.jar:/home/runner/work/apicurio-testing/apicurio-testing/clusters/ci419/namespaces/inmemory/tests/integration/apicurio-registry/serdes/kafka/jsonschema-serde/target/apicurio-registry-jsonschema-serde-kafka-3.0.12-SNAPSHOT.jar:/home/runner/work/apicurio-testing/apicurio-testing/clusters/ci419/namespaces/inmemory/tests/integration/apicurio-registry/serdes/kafka/serde-kafka-common/target/apicurio-registry-serde-kafka-common-3.0.12-SNAPSHOT.jar:/home/runner/work/apicurio-testing/apicurio-testing/clusters/ci419/namespaces/inmemory/tests/integration/apicurio-registry/serdes/generic/serde-common/target/apicurio-registry-serde-common-3.0.12-SNAPSHOT.jar:/home/runner/work/apicurio-testing/apicurio-testing/clusters/ci419/namespaces/inmemory/tests/integration/apicurio-registry/serdes/generic/serde-common-jsonschema/target/apicurio-registry-serde-common-jsonschema-3.0.12-SNAPSHOT.jar:/home/runner/.m2/repository/org/json/json/20250107/json-20250107.jar:/home/runner/work/apicurio-testing/apicurio-testing/clusters/ci419/namespaces/inmemory/tests/integration/apicurio-registry/serdes/kafka/avro-serde/target/apicurio-registry-avro-serde-kafka-3.0.12-SNAPSHOT.jar:/home/runner/work/apicurio-testing/apicurio-testing/clusters/ci419/namespaces/inmemory/tests/integration/apicurio-registry/serdes/generic/serde-common-avro/target/apicurio-registry-serde-common-avro-3.0.12-SNAPSHOT.jar:/home/runner/work/apicurio-testing/apicurio-testing/clusters/ci419/namespaces/inmemory/tests/integration/apicurio-registry/serdes/kafka/protobuf-serde/target/apicurio-registry-protobuf-serde-kafka-3.0.12-SNAPSHOT.jar:/home/runner/work/apicurio-testing/apicurio-testing/clusters/ci419/namespaces/inmemory/tests/integration/apicurio-registry/serdes/generic/serde-common-protobuf/target/apicurio-registry-serde-common-protobuf-3.0.12-SNAPSHOT.jar:/home/runner/.m2/repository/com/squareup/wire/wire-schema/5.3.3/wire-schema-5.3.3.jar:/home/runner/.m2/repository/com/squareup/wire/wire-runtime/5.3.3/wire-runtime-5.3.3.jar:/home/runner/work/apicurio-testing/apicurio-testing/clusters/ci419/namespaces/inmemory/tests/integration/apicurio-registry/serdes/pulsar/avro-serde/target/apicurio-registry-avro-serde-pulsar-3.0.12-SNAPSHOT.jar:/home/runner/.m2/repository/org/apache/pulsar/pulsar-functions-api/3.3.8/pulsar-functions-api-3.3.8.jar:/home/runner/work/apicurio-testing/apicurio-testing/clusters/ci419/namespaces/inmemory/tests/integration/apicurio-registry/serdes/nats/avro-serde/target/apicurio-registry-avro-serde-nats-3.0.12-SNAPSHOT.jar:/home/runner/.m2/repository/io/nats/jnats/2.21.4/jnats-2.21.4.jar:/home/runner/.m2/repository/org/bouncycastle/bcprov-lts8on/2.73.7/bcprov-lts8on-2.73.7.jar:/home/runner/.m2/repository/org/jetbrains/annotations/26.0.2/annotations-26.0.2.jar:/home/runner/work/apicurio-testing/apicurio-testing/clusters/ci419/namespaces/inmemory/tests/integration/apicurio-registry/utils/converter/target/apicurio-registry-utils-converter-3.0.12-SNAPSHOT.jar:/home/runner/work/apicurio-testing/apicurio-testing/clusters/ci419/namespaces/inmemory/tests/integration/apicurio-registry/schema-resolver/target/apicurio-registry-schema-resolver-3.0.12-SNAPSHOT.jar:/home/runner/.m2/repository/org/apache/kafka/connect-api/3.9.1/connect-api-3.9.1.jar:/home/runner/.m2/repository/javax/ws/rs/javax.ws.rs-api/2.1.1/javax.ws.rs-api-2.1.1.jar:/home/runner/.m2/repository/org/apache/kafka/connect-json/3.9.1/connect-json-3.9.1.jar:/home/runner/.m2/repository/com/fasterxml/jackson/datatype/jackson-datatype-jdk8/2.18.2/jackson-datatype-jdk8-2.18.2.jar:/home/runner/.m2/repository/com/fasterxml/jackson/module/jackson-module-afterburner/2.18.2/jackson-module-afterburner-2.18.2.jar:/home/runner/work/apicurio-testing/apicurio-testing/clusters/ci419/namespaces/inmemory/tests/integration/apicurio-registry/utils/kafka/target/apicurio-registry-utils-kafka-3.0.12-SNAPSHOT.jar:/home/runner/.m2/repository/org/apache/pulsar/pulsar-client/3.3.8/pulsar-client-3.3.8.jar:/home/runner/.m2/repository/org/apache/pulsar/pulsar-client-api/3.3.8/pulsar-client-api-3.3.8.jar:/home/runner/.m2/repository/org/apache/pulsar/pulsar-client-admin-api/3.3.8/pulsar-client-admin-api-3.3.8.jar:/home/runner/.m2/repository/org/apache/pulsar/bouncy-castle-bc/3.3.8/bouncy-castle-bc-3.3.8-pkg.jar:/home/runner/.m2/repository/org/bouncycastle/bcpkix-jdk18on/1.81/bcpkix-jdk18on-1.81.jar:/home/runner/.m2/repository/org/bouncycastle/bcutil-jdk18on/1.81/bcutil-jdk18on-1.81.jar:/home/runner/.m2/repository/org/bouncycastle/bcprov-jdk18on/1.81/bcprov-jdk18on-1.81.jar:/home/runner/.m2/repository/io/opentelemetry/opentelemetry-api/1.44.1/opentelemetry-api-1.44.1.jar:/home/runner/.m2/repository/io/opentelemetry/opentelemetry-context/1.44.1/opentelemetry-context-1.44.1.jar:/home/runner/.m2/repository/io/opentelemetry/opentelemetry-api-incubator/1.44.1-alpha/opentelemetry-api-incubator-1.44.1-alpha.jar:/home/runner/.m2/repository/com/fasterxml/jackson/core/jackson-annotations/2.18.2/jackson-annotations-2.18.2.jar:/home/runner/.m2/repository/javax/validation/validation-api/1.1.0.Final/validation-api-1.1.0.Final.jar:/home/runner/.m2/repository/org/jspecify/jspecify/1.0.0/jspecify-1.0.0.jar:/home/runner/.m2/repository/org/apache/commons/commons-configuration2/2.12.0/commons-configuration2-2.12.0.jar:/home/runner/.m2/repository/commons-logging/commons-logging/1.3.5/commons-logging-1.3.5.jar:/home/runner/.m2/repository/org/apache/commons/commons-text/1.13.0/commons-text-1.13.0.jar:/home/runner/.m2/repository/io/confluent/kafka-avro-serializer/8.0.0/kafka-avro-serializer-8.0.0.jar:/home/runner/.m2/repository/org/apache/commons/commons-compress/1.27.1/commons-compress-1.27.1.jar:/home/runner/.m2/repository/io/confluent/kafka-schema-serializer/8.0.0/kafka-schema-serializer-8.0.0.jar:/home/runner/.m2/repository/com/fasterxml/jackson/dataformat/jackson-dataformat-csv/2.18.2/jackson-dataformat-csv-2.18.2.jar:/home/runner/.m2/repository/io/confluent/kafka-schema-registry-client/8.0.0/kafka-schema-registry-client-8.0.0.jar:/home/runner/.m2/repository/org/yaml/snakeyaml/2.3/snakeyaml-2.3.jar:/home/runner/.m2/repository/io/swagger/core/v3/swagger-annotations/2.2.29/swagger-annotations-2.2.29.jar:/home/runner/.m2/repository/com/google/guava/guava/33.4.0-jre/guava-33.4.0-jre.jar:/home/runner/.m2/repository/com/google/guava/failureaccess/1.0.1/failureaccess-1.0.1.jar:/home/runner/.m2/repository/org/checkerframework/checker-qual/3.49.0/checker-qual-3.49.0.jar:/home/runner/.m2/repository/io/confluent/logredactor/1.0.13/logredactor-1.0.13.jar:/home/runner/.m2/repository/com/google/re2j/re2j/1.6/re2j-1.6.jar:/home/runner/.m2/repository/io/confluent/logredactor-metrics/1.0.13/logredactor-metrics-1.0.13.jar:/home/runner/.m2/repository/com/eclipsesource/minimal-json/minimal-json/0.9.5/minimal-json-0.9.5.jar:/home/runner/.m2/repository/io/confluent/common-utils/8.0.0/common-utils-8.0.0.jar:/home/runner/.m2/repository/io/confluent/kafka-connect-avro-converter/8.0.0/kafka-connect-avro-converter-8.0.0.jar:/home/runner/.m2/repository/io/confluent/kafka-connect-avro-data/8.0.0/kafka-connect-avro-data-8.0.0.jar:/home/runner/.m2/repository/io/confluent/kafka-schema-converter/8.0.0/kafka-schema-converter-8.0.0.jar:/home/runner/.m2/repository/io/rest-assured/rest-assured/5.5.1/rest-assured-5.5.1.jar:/home/runner/.m2/repository/org/apache/groovy/groovy/4.0.22/groovy-4.0.22.jar:/home/runner/.m2/repository/org/apache/groovy/groovy-xml/4.0.22/groovy-xml-4.0.22.jar:/home/runner/.m2/repository/org/apache/httpcomponents/httpclient/4.5.14/httpclient-4.5.14.jar:/home/runner/.m2/repository/org/apache/httpcomponents/httpcore/4.4.16/httpcore-4.4.16.jar:/home/runner/.m2/repository/org/apache/httpcomponents/httpmime/4.5.14/httpmime-4.5.14.jar:/home/runner/.m2/repository/org/hamcrest/hamcrest/2.2/hamcrest-2.2.jar:/home/runner/.m2/repository/org/ccil/cowan/tagsoup/tagsoup/1.2.1/tagsoup-1.2.1.jar:/home/runner/.m2/repository/io/rest-assured/json-path/5.5.1/json-path-5.5.1.jar:/home/runner/.m2/repository/org/apache/groovy/groovy-json/4.0.22/groovy-json-4.0.22.jar:/home/runner/.m2/repository/io/rest-assured/rest-assured-common/5.5.1/rest-assured-common-5.5.1.jar:/home/runner/.m2/repository/io/rest-assured/xml-path/5.5.1/xml-path-5.5.1.jar:/home/runner/.m2/repository/io/zonky/test/embedded-postgres/2.1.0/embedded-postgres-2.1.0.jar:/home/runner/.m2/repository/io/zonky/test/postgres/embedded-postgres-binaries-windows-amd64/14.15.0/embedded-postgres-binaries-windows-amd64-14.15.0.jar:/home/runner/.m2/repository/io/zonky/test/postgres/embedded-postgres-binaries-darwin-amd64/14.15.0/embedded-postgres-binaries-darwin-amd64-14.15.0.jar:/home/runner/.m2/repository/io/zonky/test/postgres/embedded-postgres-binaries-linux-amd64/14.15.0/embedded-postgres-binaries-linux-amd64-14.15.0.jar:/home/runner/.m2/repository/io/zonky/test/postgres/embedded-postgres-binaries-linux-amd64-alpine/14.15.0/embedded-postgres-binaries-linux-amd64-alpine-14.15.0.jar:/home/runner/.m2/repository/org/apache/commons/commons-lang3/3.17.0/commons-lang3-3.17.0.jar:/home/runner/.m2/repository/org/tukaani/xz/1.10/xz-1.10.jar:/home/runner/.m2/repository/commons-codec/commons-codec/1.19.0/commons-codec-1.19.0.jar:/home/runner/.m2/repository/org/postgresql/postgresql/42.7.7/postgresql-42.7.7.jar:/home/runner/.m2/repository/commons-io/commons-io/2.18.0/commons-io-2.18.0.jar:/home/runner/work/apicurio-testing/apicurio-testing/clusters/ci419/namespaces/inmemory/tests/integration/apicurio-registry/utils/importexport/target/apicurio-registry-utils-import-export-3.0.12-SNAPSHOT.jar:/home/runner/.m2/repository/io/vertx/vertx-core/4.5.16/vertx-core-4.5.16.jar:/home/runner/.m2/repository/io/netty/netty-common/4.1.121.Final/netty-common-4.1.121.Final.jar:/home/runner/.m2/repository/io/netty/netty-buffer/4.1.121.Final/netty-buffer-4.1.121.Final.jar:/home/runner/.m2/repository/io/netty/netty-transport/4.1.121.Final/netty-transport-4.1.121.Final.jar:/home/runner/.m2/repository/io/netty/netty-handler/4.1.121.Final/netty-handler-4.1.121.Final.jar:/home/runner/.m2/repository/io/netty/netty-transport-native-unix-common/4.1.121.Final/netty-transport-native-unix-common-4.1.121.Final.jar:/home/runner/.m2/repository/io/netty/netty-codec/4.1.121.Final/netty-codec-4.1.121.Final.jar:/home/runner/.m2/repository/io/netty/netty-handler-proxy/4.1.121.Final/netty-handler-proxy-4.1.121.Final.jar:/home/runner/.m2/repository/io/netty/netty-codec-socks/4.1.121.Final/netty-codec-socks-4.1.121.Final.jar:/home/runner/.m2/repository/io/netty/netty-codec-http/4.1.121.Final/netty-codec-http-4.1.121.Final.jar:/home/runner/.m2/repository/io/netty/netty-codec-http2/4.1.121.Final/netty-codec-http2-4.1.121.Final.jar:/home/runner/.m2/repository/io/netty/netty-resolver/4.1.121.Final/netty-resolver-4.1.121.Final.jar:/home/runner/.m2/repository/io/netty/netty-resolver-dns/4.1.121.Final/netty-resolver-dns-4.1.121.Final.jar:/home/runner/.m2/repository/io/netty/netty-codec-dns/4.1.121.Final/netty-codec-dns-4.1.121.Final.jar:/home/runner/.m2/repository/com/fasterxml/jackson/core/jackson-core/2.18.2/jackson-core-2.18.2.jar:"/>
    <property name="sun.cpu.endian" value="little"/>
    <property name="user.home" value="/home/runner"/>
    <property name="user.language" value="en"/>
    <property name="jboss.log-version" value="false"/>
    <property name="java.specification.vendor" value="Oracle Corporation"/>
    <property name="java.version.date" value="2025-07-15"/>
    <property name="java.home" value="/usr/lib/jvm/temurin-17-jdk-amd64"/>
    <property name="file.separator" value="/"/>
    <property name="basedir" value="/home/runner/work/apicurio-testing/apicurio-testing/clusters/ci419/namespaces/inmemory/tests/integration/apicurio-registry/integration-tests"/>
    <property name="java.vm.compressedOopsMode" value="32-bit"/>
    <property name="line.separator" value="&#10;"/>
    <property name="java.specification.name" value="Java Platform API Specification"/>
    <property name="java.vm.specification.vendor" value="Oracle Corporation"/>
    <property name="quarkus.http.test-host" value="registry-app-inmemory.apps.ci419.apicurio-testing.org"/>
    <property name="surefire.real.class.path" value="/home/runner/work/apicurio-testing/apicurio-testing/clusters/ci419/namespaces/inmemory/tests/integration/apicurio-registry/integration-tests/target/surefire/surefirebooter-20250812171952935_3.jar"/>
    <property name="sun.management.compiler" value="HotSpot 64-Bit Tiered Compilers"/>
    <property name="org.eclipse.jetty.http.HttpGenerator.STRICT" value="true"/>
    <property name="java.runtime.version" value="17.0.16+8"/>
    <property name="user.name" value="runner"/>
    <property name="path.separator" value=":"/>
    <property name="os.version" value="6.8.0-1031-azure"/>
    <property name="java.runtime.name" value="OpenJDK Runtime Environment"/>
    <property name="file.encoding" value="UTF-8"/>
    <property name="jnidispatch.path" value="/home/runner/.cache/JNA/temp/jna2378088636652283514.tmp"/>
    <property name="java.vm.name" value="OpenJDK 64-Bit Server VM"/>
    <property name="jna.platform.library.path" value="/usr/lib/x86_64-linux-gnu:/lib/x86_64-linux-gnu:/usr/lib64:/lib64:/usr/lib:/lib:/lib32:/usr/local/lib:/usr/lib/x86_64-linux-gnu/libfakeroot"/>
    <property name="java.vendor.version" value="Temurin-17.0.16+8"/>
    <property name="quarkus.oidc.token-path" value="https://keycloak-inmemory.apps.ci419.apicurio-testing.org/realms/registry/protocol/openid-connect/token"/>
    <property name="quarkus.http.host" value="registry-app-inmemory.apps.ci419.apicurio-testing.org"/>
    <property name="localRepository" value="/home/runner/.m2/repository"/>
    <property name="javax.xml.xpath.XPathFactory:http://java.sun.com/jaxp/xpath/dom" value="com.sun.org.apache.xpath.internal.jaxp.XPathFactoryImpl"/>
    <property name="jna.loaded" value="true"/>
    <property name="java.vendor.url.bug" value="https://github.com/adoptium/adoptium-support/issues"/>
    <property name="jetty.git.hash" value="5bc5e562c8d05c5862505aebe5cf83a61bdbcb96"/>
    <property name="java.io.tmpdir" value="/tmp"/>
    <property name="quarkus.http.test-protocol" value="http"/>
    <property name="java.version" value="17.0.16"/>
    <property name="user.dir" value="/home/runner/work/apicurio-testing/apicurio-testing/clusters/ci419/namespaces/inmemory/tests/integration/apicurio-registry/integration-tests"/>
    <property name="os.arch" value="amd64"/>
    <property name="groups" value="( smoke | serdes | acceptance | ui)"/>
    <property name="java.vm.specification.name" value="Java Virtual Machine Specification"/>
    <property name="native.encoding" value="UTF-8"/>
    <property name="java.util.logging.manager" value="org.jboss.logmanager.LogManager"/>
    <property name="java.library.path" value="/usr/java/packages/lib:/usr/lib64:/lib64:/lib:/usr/lib"/>
    <property name="jdk.console" value="java.base"/>
    <property name="java.vm.info" value="mixed mode, sharing"/>
    <property name="java.vendor" value="Eclipse Adoptium"/>
    <property name="java.vm.version" value="17.0.16+8"/>
    <property name="java.specification.maintenance.version" value="1"/>
    <property name="sun.io.unicode.encoding" value="UnicodeLittle"/>
    <property name="javax.xml.transform.TransformerFactory" value="com.sun.org.apache.xalan.internal.xsltc.trax.TransformerFactoryImpl"/>
    <property name="java.class.version" value="61.0"/>
  </properties>
  <testcase name="testSimpleTopicIdStrategyFindLatest" classname="io.apicurio.tests.serdes.apicurio.ProtobufSerdeIT" time="1.737">
    <system-out><![CDATA[**** Registry Base URL: http://registry-app-inmemory.apps.ci419.apicurio-testing.org:80
**** Registry Base URL: http://registry-app-inmemory.apps.ci419.apicurio-testing.org:80
2025-08-12 17:22:27,590 INFO  [io.api.tes.ser.api.ProtobufSerdeIT] (main) RestAssured configured with http://registry-app-inmemory.apps.ci419.apicurio-testing.org:80/apis/registry/v3
2025-08-12 17:22:27,736 INFO  [io.api.tes.uti.KafkaFacade] (main) Skipping deployment of kafka, because it's already deployed
2025-08-12 17:22:27,737 INFO  [io.api.tes.uti.TestSeparator] (main) ############################################################################
2025-08-12 17:22:27,737 INFO  [io.api.tes.uti.TestSeparator] (main) io.apicurio.tests.serdes.apicurio.ProtobufSerdeIT.testSimpleTopicIdStrategyFindLatest-STARTED
2025-08-12 17:22:27,738 INFO  [org.apa.kaf.cli.adm.AdminClientConfig] (main) AdminClientConfig values: 
	auto.include.jmx.reporter = true
	bootstrap.controllers = []
	bootstrap.servers = [PLAINTEXT://localhost:32769]
	client.dns.lookup = use_all_dns_ips
	client.id = 
	connections.max.idle.ms = 10000
	default.api.timeout.ms = 60000
	enable.metrics.push = true
	metadata.max.age.ms = 300000
	metadata.recovery.strategy = none
	metric.reporters = []
	metrics.num.samples = 2
	metrics.recording.level = INFO
	metrics.sample.window.ms = 30000
	receive.buffer.bytes = 65536
	reconnect.backoff.max.ms = 1000
	reconnect.backoff.ms = 50
	request.timeout.ms = 5000
	retries = 2147483647
	retry.backoff.max.ms = 1000
	retry.backoff.ms = 100
	sasl.client.callback.handler.class = null
	sasl.jaas.config = null
	sasl.kerberos.kinit.cmd = /usr/bin/kinit
	sasl.kerberos.min.time.before.relogin = 60000
	sasl.kerberos.service.name = null
	sasl.kerberos.ticket.renew.jitter = 0.05
	sasl.kerberos.ticket.renew.window.factor = 0.8
	sasl.login.callback.handler.class = null
	sasl.login.class = null
	sasl.login.connect.timeout.ms = null
	sasl.login.read.timeout.ms = null
	sasl.login.refresh.buffer.seconds = 300
	sasl.login.refresh.min.period.seconds = 60
	sasl.login.refresh.window.factor = 0.8
	sasl.login.refresh.window.jitter = 0.05
	sasl.login.retry.backoff.max.ms = 10000
	sasl.login.retry.backoff.ms = 100
	sasl.mechanism = GSSAPI
	sasl.oauthbearer.clock.skew.seconds = 30
	sasl.oauthbearer.expected.audience = null
	sasl.oauthbearer.expected.issuer = null
	sasl.oauthbearer.header.urlencode = false
	sasl.oauthbearer.jwks.endpoint.refresh.ms = 3600000
	sasl.oauthbearer.jwks.endpoint.retry.backoff.max.ms = 10000
	sasl.oauthbearer.jwks.endpoint.retry.backoff.ms = 100
	sasl.oauthbearer.jwks.endpoint.url = null
	sasl.oauthbearer.scope.claim.name = scope
	sasl.oauthbearer.sub.claim.name = sub
	sasl.oauthbearer.token.endpoint.url = null
	security.protocol = PLAINTEXT
	security.providers = null
	send.buffer.bytes = 131072
	socket.connection.setup.timeout.max.ms = 30000
	socket.connection.setup.timeout.ms = 10000
	ssl.cipher.suites = null
	ssl.enabled.protocols = [TLSv1.2, TLSv1.3]
	ssl.endpoint.identification.algorithm = https
	ssl.engine.factory.class = null
	ssl.key.password = null
	ssl.keymanager.algorithm = SunX509
	ssl.keystore.certificate.chain = null
	ssl.keystore.key = null
	ssl.keystore.location = null
	ssl.keystore.password = null
	ssl.keystore.type = JKS
	ssl.protocol = TLSv1.3
	ssl.provider = null
	ssl.secure.random.implementation = null
	ssl.trustmanager.algorithm = PKIX
	ssl.truststore.certificates = null
	ssl.truststore.location = null
	ssl.truststore.password = null
	ssl.truststore.type = JKS

2025-08-12 17:22:27,739 INFO  [org.apa.kaf.com.uti.AppInfoParser] (main) Kafka version: 3.9.1
2025-08-12 17:22:27,739 INFO  [org.apa.kaf.com.uti.AppInfoParser] (main) Kafka commitId: f745dfdcee2b9851
2025-08-12 17:22:27,739 INFO  [org.apa.kaf.com.uti.AppInfoParser] (main) Kafka startTimeMs: 1755019347739
2025-08-12 17:22:29,473 INFO  [io.api.tes.uti.TestSeparator] (main) io.apicurio.tests.serdes.apicurio.ProtobufSerdeIT.testSimpleTopicIdStrategyFindLatest-FINISHED
2025-08-12 17:22:29,473 INFO  [io.api.tes.uti.TestSeparator] (main) ############################################################################
Test passed: testSimpleTopicIdStrategyFindLatest
]]></system-out>
  </testcase>
  <testcase name="testFindLatestDeriveClassProtobufTypeTopicIdStrategy" classname="io.apicurio.tests.serdes.apicurio.ProtobufSerdeIT" time="1.15">
    <system-out><![CDATA[2025-08-12 17:22:29,474 INFO  [io.api.tes.uti.TestSeparator] (main) ############################################################################
2025-08-12 17:22:29,475 INFO  [io.api.tes.uti.TestSeparator] (main) io.apicurio.tests.serdes.apicurio.ProtobufSerdeIT.testFindLatestDeriveClassProtobufTypeTopicIdStrategy-STARTED
2025-08-12 17:22:30,623 INFO  [io.api.tes.uti.TestSeparator] (main) io.apicurio.tests.serdes.apicurio.ProtobufSerdeIT.testFindLatestDeriveClassProtobufTypeTopicIdStrategy-FINISHED
2025-08-12 17:22:30,623 INFO  [io.api.tes.uti.TestSeparator] (main) ############################################################################
Test passed: testFindLatestDeriveClassProtobufTypeTopicIdStrategy
]]></system-out>
  </testcase>
  <testcase name="testWrongSchema" classname="io.apicurio.tests.serdes.apicurio.ProtobufSerdeIT" time="1.155">
    <system-out><![CDATA[2025-08-12 17:22:30,625 INFO  [io.api.tes.uti.TestSeparator] (main) ############################################################################
2025-08-12 17:22:30,625 INFO  [io.api.tes.uti.TestSeparator] (main) io.apicurio.tests.serdes.apicurio.ProtobufSerdeIT.testWrongSchema-STARTED
2025-08-12 17:22:31,779 INFO  [io.api.tes.uti.TestSeparator] (main) io.apicurio.tests.serdes.apicurio.ProtobufSerdeIT.testWrongSchema-FINISHED
2025-08-12 17:22:31,779 INFO  [io.api.tes.uti.TestSeparator] (main) ############################################################################
Test passed: testWrongSchema
]]></system-out>
  </testcase>
  <testcase name="testTopicIdStrategyAutoRegister" classname="io.apicurio.tests.serdes.apicurio.ProtobufSerdeIT" time="5.432">
    <system-out><![CDATA[2025-08-12 17:22:31,780 INFO  [io.api.tes.uti.TestSeparator] (main) ############################################################################
2025-08-12 17:22:31,780 INFO  [io.api.tes.uti.TestSeparator] (main) io.apicurio.tests.serdes.apicurio.ProtobufSerdeIT.testTopicIdStrategyAutoRegister-STARTED
**** Registry Base URL: http://registry-app-inmemory.apps.ci419.apicurio-testing.org:80
2025-08-12 17:22:31,782 INFO  [org.apa.kaf.cli.pro.ProducerConfig] (main) ProducerConfig values: 
	acks = -1
	auto.include.jmx.reporter = true
	batch.size = 16384
	bootstrap.servers = [PLAINTEXT://localhost:32769]
	buffer.memory = 33554432
	client.dns.lookup = use_all_dns_ips
	client.id = Producer-topic-ab350ffe_e5ca_4f45_b3fd_91a38d2f34b9
	compression.gzip.level = -1
	compression.lz4.level = 9
	compression.type = none
	compression.zstd.level = 3
	connections.max.idle.ms = 10000
	delivery.timeout.ms = 120000
	enable.idempotence = true
	enable.metrics.push = true
	interceptor.classes = []
	key.serializer = class org.apache.kafka.common.serialization.StringSerializer
	linger.ms = 0
	max.block.ms = 60000
	max.in.flight.requests.per.connection = 5
	max.request.size = 1048576
	metadata.max.age.ms = 300000
	metadata.max.idle.ms = 300000
	metadata.recovery.strategy = none
	metric.reporters = []
	metrics.num.samples = 2
	metrics.recording.level = INFO
	metrics.sample.window.ms = 30000
	partitioner.adaptive.partitioning.enable = true
	partitioner.availability.timeout.ms = 0
	partitioner.class = null
	partitioner.ignore.keys = false
	receive.buffer.bytes = 32768
	reconnect.backoff.max.ms = 1000
	reconnect.backoff.ms = 50
	request.timeout.ms = 5000
	retries = 2147483647
	retry.backoff.max.ms = 1000
	retry.backoff.ms = 100
	sasl.client.callback.handler.class = null
	sasl.jaas.config = null
	sasl.kerberos.kinit.cmd = /usr/bin/kinit
	sasl.kerberos.min.time.before.relogin = 60000
	sasl.kerberos.service.name = null
	sasl.kerberos.ticket.renew.jitter = 0.05
	sasl.kerberos.ticket.renew.window.factor = 0.8
	sasl.login.callback.handler.class = null
	sasl.login.class = null
	sasl.login.connect.timeout.ms = null
	sasl.login.read.timeout.ms = null
	sasl.login.refresh.buffer.seconds = 300
	sasl.login.refresh.min.period.seconds = 60
	sasl.login.refresh.window.factor = 0.8
	sasl.login.refresh.window.jitter = 0.05
	sasl.login.retry.backoff.max.ms = 10000
	sasl.login.retry.backoff.ms = 100
	sasl.mechanism = GSSAPI
	sasl.oauthbearer.clock.skew.seconds = 30
	sasl.oauthbearer.expected.audience = null
	sasl.oauthbearer.expected.issuer = null
	sasl.oauthbearer.header.urlencode = false
	sasl.oauthbearer.jwks.endpoint.refresh.ms = 3600000
	sasl.oauthbearer.jwks.endpoint.retry.backoff.max.ms = 10000
	sasl.oauthbearer.jwks.endpoint.retry.backoff.ms = 100
	sasl.oauthbearer.jwks.endpoint.url = null
	sasl.oauthbearer.scope.claim.name = scope
	sasl.oauthbearer.sub.claim.name = sub
	sasl.oauthbearer.token.endpoint.url = null
	security.protocol = PLAINTEXT
	security.providers = null
	send.buffer.bytes = 131072
	socket.connection.setup.timeout.max.ms = 30000
	socket.connection.setup.timeout.ms = 10000
	ssl.cipher.suites = null
	ssl.enabled.protocols = [TLSv1.2, TLSv1.3]
	ssl.endpoint.identification.algorithm = https
	ssl.engine.factory.class = null
	ssl.key.password = null
	ssl.keymanager.algorithm = SunX509
	ssl.keystore.certificate.chain = null
	ssl.keystore.key = null
	ssl.keystore.location = null
	ssl.keystore.password = null
	ssl.keystore.type = JKS
	ssl.protocol = TLSv1.3
	ssl.provider = null
	ssl.secure.random.implementation = null
	ssl.trustmanager.algorithm = PKIX
	ssl.truststore.certificates = null
	ssl.truststore.location = null
	ssl.truststore.password = null
	ssl.truststore.type = JKS
	transaction.timeout.ms = 60000
	transactional.id = null
	value.serializer = class io.apicurio.registry.serde.protobuf.ProtobufKafkaSerializer

2025-08-12 17:22:31,783 INFO  [org.apa.kaf.com.tel.int.KafkaMetricsCollector] (main) initializing Kafka metrics collector
2025-08-12 17:22:31,790 INFO  [org.apa.kaf.cli.pro.KafkaProducer] (main) [Producer clientId=Producer-topic-ab350ffe_e5ca_4f45_b3fd_91a38d2f34b9] Instantiated an idempotent producer.
2025-08-12 17:22:31,791 INFO  [org.apa.kaf.cli.pro.ProducerConfig] (main) These configurations '[apicurio.registry.url, apicurio.registry.headers.enabled, apicurio.registry.auto-register, apicurio.registry.artifact-resolver-strategy]' were supplied but are not used yet.
2025-08-12 17:22:31,791 INFO  [org.apa.kaf.com.uti.AppInfoParser] (main) Kafka version: 3.9.1
2025-08-12 17:22:31,791 INFO  [org.apa.kaf.com.uti.AppInfoParser] (main) Kafka commitId: f745dfdcee2b9851
2025-08-12 17:22:31,791 INFO  [org.apa.kaf.com.uti.AppInfoParser] (main) Kafka startTimeMs: 1755019351791
2025-08-12 17:22:31,791 INFO  [io.api.tes.ser.api.SimpleSerdesTesterBuilder$SimpleSerdesTester] (main) Using producer configuration: {apicurio.registry.url=http://registry-app-inmemory.apps.ci419.apicurio-testing.org:80/apis/registry/v3, apicurio.registry.headers.enabled=true, apicurio.registry.auto-register=true, apicurio.registry.artifact-resolver-strategy=io.apicurio.registry.serde.strategy.TopicIdStrategy, value.serializer=io.apicurio.registry.serde.protobuf.ProtobufKafkaSerializer, request.timeout.ms=5000, acks=all, bootstrap.servers=PLAINTEXT://localhost:32769, connections.max.idle.ms=10000, key.serializer=org.apache.kafka.common.serialization.StringSerializer, client.id=Producer-topic-ab350ffe_e5ca_4f45_b3fd_91a38d2f34b9}
2025-08-12 17:22:31,791 INFO  [io.api.tes.ser.api.SimpleSerdesTesterBuilder$SimpleSerdesTester] (main) Using consumer configuration: {apicurio.registry.headers.enabled=true}
2025-08-12 17:22:31,795 INFO  [org.apa.kaf.cli.Metadata] (kafka-producer-network-thread | Producer-topic-ab350ffe_e5ca_4f45_b3fd_91a38d2f34b9) [Producer clientId=Producer-topic-ab350ffe_e5ca_4f45_b3fd_91a38d2f34b9] Cluster ID: Ursznb63T6OTazTEUvngGA
2025-08-12 17:22:31,796 INFO  [org.apa.kaf.cli.pro.int.TransactionManager] (kafka-producer-network-thread | Producer-topic-ab350ffe_e5ca_4f45_b3fd_91a38d2f34b9) [Producer clientId=Producer-topic-ab350ffe_e5ca_4f45_b3fd_91a38d2f34b9] ProducerId set to 32 with epoch 0
2025-08-12 17:22:31,925 INFO  [io.api.tes.ser.api.KafkaSerdesTester] (Thread-779) Sending message header {
  time {
  }
}
d1: 1.755019351794E12
s1: "a"
i1: 123
bi1: 1
point {
  longitude: 22.0
  latitude: 22.0
  altitude: 1.0
}
 to topic topic-ab350ffe_e5ca_4f45_b3fd_91a38d2f34b9
2025-08-12 17:22:32,256 INFO  [io.api.tes.ser.api.KafkaSerdesTester] (Thread-779) Sending message header {
  time {
  }
}
d1: 1.755019352255E12
s1: "a"
i1: 123
bi1: 1
point {
  longitude: 22.0
  latitude: 22.0
  altitude: 1.0
}
 to topic topic-ab350ffe_e5ca_4f45_b3fd_91a38d2f34b9
2025-08-12 17:22:32,343 INFO  [io.api.tes.ser.api.KafkaSerdesTester] (Thread-779) Sending message header {
  time {
  }
}
d1: 1.755019352343E12
s1: "a"
i1: 123
bi1: 1
point {
  longitude: 22.0
  latitude: 22.0
  altitude: 1.0
}
 to topic topic-ab350ffe_e5ca_4f45_b3fd_91a38d2f34b9
2025-08-12 17:22:32,444 INFO  [io.api.tes.ser.api.KafkaSerdesTester] (Thread-779) Sending message header {
  time {
  }
}
d1: 1.755019352444E12
s1: "a"
i1: 123
bi1: 1
point {
  longitude: 22.0
  latitude: 22.0
  altitude: 1.0
}
 to topic topic-ab350ffe_e5ca_4f45_b3fd_91a38d2f34b9
2025-08-12 17:22:32,529 INFO  [io.api.tes.ser.api.KafkaSerdesTester] (Thread-779) Sending message header {
  time {
  }
}
d1: 1.755019352528E12
s1: "a"
i1: 123
bi1: 1
point {
  longitude: 22.0
  latitude: 22.0
  altitude: 1.0
}
 to topic topic-ab350ffe_e5ca_4f45_b3fd_91a38d2f34b9
2025-08-12 17:22:32,612 INFO  [io.api.tes.ser.api.KafkaSerdesTester] (Thread-779) Sending message header {
  time {
  }
}
d1: 1.755019352611E12
s1: "a"
i1: 123
bi1: 1
point {
  longitude: 22.0
  latitude: 22.0
  altitude: 1.0
}
 to topic topic-ab350ffe_e5ca_4f45_b3fd_91a38d2f34b9
2025-08-12 17:22:32,696 INFO  [io.api.tes.ser.api.KafkaSerdesTester] (Thread-779) Sending message header {
  time {
  }
}
d1: 1.755019352695E12
s1: "a"
i1: 123
bi1: 1
point {
  longitude: 22.0
  latitude: 22.0
  altitude: 1.0
}
 to topic topic-ab350ffe_e5ca_4f45_b3fd_91a38d2f34b9
2025-08-12 17:22:32,791 INFO  [io.api.tes.ser.api.KafkaSerdesTester] (Thread-779) Sending message header {
  time {
  }
}
d1: 1.755019352789E12
s1: "a"
i1: 123
bi1: 1
point {
  longitude: 22.0
  latitude: 22.0
  altitude: 1.0
}
 to topic topic-ab350ffe_e5ca_4f45_b3fd_91a38d2f34b9
2025-08-12 17:22:32,879 INFO  [io.api.tes.ser.api.KafkaSerdesTester] (Thread-779) Sending message header {
  time {
  }
}
d1: 1.755019352879E12
s1: "a"
i1: 123
bi1: 1
point {
  longitude: 22.0
  latitude: 22.0
  altitude: 1.0
}
 to topic topic-ab350ffe_e5ca_4f45_b3fd_91a38d2f34b9
2025-08-12 17:22:32,963 INFO  [io.api.tes.ser.api.KafkaSerdesTester] (Thread-779) Sending message header {
  time {
  }
}
d1: 1.755019352963E12
s1: "a"
i1: 123
bi1: 1
point {
  longitude: 22.0
  latitude: 22.0
  altitude: 1.0
}
 to topic topic-ab350ffe_e5ca_4f45_b3fd_91a38d2f34b9
2025-08-12 17:22:33,045 INFO  [io.api.tes.ser.api.KafkaSerdesTester] (Thread-779) Produced 10 messages
2025-08-12 17:22:33,045 INFO  [org.apa.kaf.cli.pro.KafkaProducer] (Thread-779) [Producer clientId=Producer-topic-ab350ffe_e5ca_4f45_b3fd_91a38d2f34b9] Closing the Kafka producer with timeoutMillis = 9223372036854775807 ms.
2025-08-12 17:22:33,046 INFO  [org.apa.kaf.com.met.Metrics] (Thread-779) Metrics scheduler closed
2025-08-12 17:22:33,046 INFO  [org.apa.kaf.com.met.Metrics] (Thread-779) Closing reporter org.apache.kafka.common.metrics.JmxReporter
2025-08-12 17:22:33,047 INFO  [org.apa.kaf.com.met.Metrics] (Thread-779) Closing reporter org.apache.kafka.common.telemetry.internals.ClientTelemetryReporter
2025-08-12 17:22:33,047 INFO  [org.apa.kaf.com.met.Metrics] (Thread-779) Metrics reporters closed
2025-08-12 17:22:33,047 INFO  [org.apa.kaf.com.uti.AppInfoParser] (Thread-779) App info kafka.producer for Producer-topic-ab350ffe_e5ca_4f45_b3fd_91a38d2f34b9 unregistered
**** Registry Base URL: http://registry-app-inmemory.apps.ci419.apicurio-testing.org:80
2025-08-12 17:22:33,196 INFO  [org.apa.kaf.cli.con.ConsumerConfig] (main) ConsumerConfig values: 
	allow.auto.create.topics = true
	auto.commit.interval.ms = 500
	auto.include.jmx.reporter = true
	auto.offset.reset = earliest
	bootstrap.servers = [PLAINTEXT://localhost:32769]
	check.crcs = true
	client.dns.lookup = use_all_dns_ips
	client.id = consumer-Consumer-topic-ab350ffe_e5ca_4f45_b3fd_91a38d2f34b9-23
	client.rack = 
	connections.max.idle.ms = 10000
	default.api.timeout.ms = 60000
	enable.auto.commit = true
	enable.metrics.push = true
	exclude.internal.topics = true
	fetch.max.bytes = 52428800
	fetch.max.wait.ms = 500
	fetch.min.bytes = 1
	group.id = Consumer-topic-ab350ffe_e5ca_4f45_b3fd_91a38d2f34b9
	group.instance.id = null
	group.protocol = classic
	group.remote.assignor = null
	heartbeat.interval.ms = 3000
	interceptor.classes = []
	internal.leave.group.on.close = true
	internal.throw.on.fetch.stable.offset.unsupported = false
	isolation.level = read_uncommitted
	key.deserializer = class org.apache.kafka.common.serialization.StringDeserializer
	max.partition.fetch.bytes = 1048576
	max.poll.interval.ms = 300000
	max.poll.records = 500
	metadata.max.age.ms = 300000
	metadata.recovery.strategy = none
	metric.reporters = []
	metrics.num.samples = 2
	metrics.recording.level = INFO
	metrics.sample.window.ms = 30000
	partition.assignment.strategy = [class org.apache.kafka.clients.consumer.RangeAssignor, class org.apache.kafka.clients.consumer.CooperativeStickyAssignor]
	receive.buffer.bytes = 65536
	reconnect.backoff.max.ms = 1000
	reconnect.backoff.ms = 50
	request.timeout.ms = 5000
	retry.backoff.max.ms = 1000
	retry.backoff.ms = 100
	sasl.client.callback.handler.class = null
	sasl.jaas.config = null
	sasl.kerberos.kinit.cmd = /usr/bin/kinit
	sasl.kerberos.min.time.before.relogin = 60000
	sasl.kerberos.service.name = null
	sasl.kerberos.ticket.renew.jitter = 0.05
	sasl.kerberos.ticket.renew.window.factor = 0.8
	sasl.login.callback.handler.class = null
	sasl.login.class = null
	sasl.login.connect.timeout.ms = null
	sasl.login.read.timeout.ms = null
	sasl.login.refresh.buffer.seconds = 300
	sasl.login.refresh.min.period.seconds = 60
	sasl.login.refresh.window.factor = 0.8
	sasl.login.refresh.window.jitter = 0.05
	sasl.login.retry.backoff.max.ms = 10000
	sasl.login.retry.backoff.ms = 100
	sasl.mechanism = GSSAPI
	sasl.oauthbearer.clock.skew.seconds = 30
	sasl.oauthbearer.expected.audience = null
	sasl.oauthbearer.expected.issuer = null
	sasl.oauthbearer.header.urlencode = false
	sasl.oauthbearer.jwks.endpoint.refresh.ms = 3600000
	sasl.oauthbearer.jwks.endpoint.retry.backoff.max.ms = 10000
	sasl.oauthbearer.jwks.endpoint.retry.backoff.ms = 100
	sasl.oauthbearer.jwks.endpoint.url = null
	sasl.oauthbearer.scope.claim.name = scope
	sasl.oauthbearer.sub.claim.name = sub
	sasl.oauthbearer.token.endpoint.url = null
	security.protocol = PLAINTEXT
	security.providers = null
	send.buffer.bytes = 131072
	session.timeout.ms = 45000
	socket.connection.setup.timeout.max.ms = 30000
	socket.connection.setup.timeout.ms = 10000
	ssl.cipher.suites = null
	ssl.enabled.protocols = [TLSv1.2, TLSv1.3]
	ssl.endpoint.identification.algorithm = https
	ssl.engine.factory.class = null
	ssl.key.password = null
	ssl.keymanager.algorithm = SunX509
	ssl.keystore.certificate.chain = null
	ssl.keystore.key = null
	ssl.keystore.location = null
	ssl.keystore.password = null
	ssl.keystore.type = JKS
	ssl.protocol = TLSv1.3
	ssl.provider = null
	ssl.secure.random.implementation = null
	ssl.trustmanager.algorithm = PKIX
	ssl.truststore.certificates = null
	ssl.truststore.location = null
	ssl.truststore.password = null
	ssl.truststore.type = JKS
	value.deserializer = class io.apicurio.registry.serde.protobuf.ProtobufKafkaDeserializer

2025-08-12 17:22:33,196 INFO  [org.apa.kaf.com.tel.int.KafkaMetricsCollector] (main) initializing Kafka metrics collector
2025-08-12 17:22:33,201 INFO  [org.apa.kaf.cli.con.ConsumerConfig] (main) These configurations '[apicurio.registry.url, apicurio.registry.headers.enabled]' were supplied but are not used yet.
2025-08-12 17:22:33,201 INFO  [org.apa.kaf.com.uti.AppInfoParser] (main) Kafka version: 3.9.1
2025-08-12 17:22:33,201 INFO  [org.apa.kaf.com.uti.AppInfoParser] (main) Kafka commitId: f745dfdcee2b9851
2025-08-12 17:22:33,201 INFO  [org.apa.kaf.com.uti.AppInfoParser] (main) Kafka startTimeMs: 1755019353201
2025-08-12 17:22:33,202 INFO  [org.apa.kaf.cli.con.int.ClassicKafkaConsumer] (Thread-782) [Consumer clientId=consumer-Consumer-topic-ab350ffe_e5ca_4f45_b3fd_91a38d2f34b9-23, groupId=Consumer-topic-ab350ffe_e5ca_4f45_b3fd_91a38d2f34b9] Subscribed to topic(s): topic-ab350ffe_e5ca_4f45_b3fd_91a38d2f34b9
2025-08-12 17:22:33,204 INFO  [org.apa.kaf.cli.Metadata] (Thread-782) [Consumer clientId=consumer-Consumer-topic-ab350ffe_e5ca_4f45_b3fd_91a38d2f34b9-23, groupId=Consumer-topic-ab350ffe_e5ca_4f45_b3fd_91a38d2f34b9] Cluster ID: Ursznb63T6OTazTEUvngGA
2025-08-12 17:22:33,205 INFO  [org.apa.kaf.cli.con.int.ConsumerCoordinator] (Thread-782) [Consumer clientId=consumer-Consumer-topic-ab350ffe_e5ca_4f45_b3fd_91a38d2f34b9-23, groupId=Consumer-topic-ab350ffe_e5ca_4f45_b3fd_91a38d2f34b9] Discovered group coordinator localhost:32769 (id: 2147483647 rack: null)
2025-08-12 17:22:33,206 INFO  [org.apa.kaf.cli.con.int.ConsumerCoordinator] (Thread-782) [Consumer clientId=consumer-Consumer-topic-ab350ffe_e5ca_4f45_b3fd_91a38d2f34b9-23, groupId=Consumer-topic-ab350ffe_e5ca_4f45_b3fd_91a38d2f34b9] (Re-)joining group
2025-08-12 17:22:33,207 INFO  [org.apa.kaf.cli.con.int.ConsumerCoordinator] (Thread-782) [Consumer clientId=consumer-Consumer-topic-ab350ffe_e5ca_4f45_b3fd_91a38d2f34b9-23, groupId=Consumer-topic-ab350ffe_e5ca_4f45_b3fd_91a38d2f34b9] Request joining group due to: need to re-join with the given member-id: consumer-Consumer-topic-ab350ffe_e5ca_4f45_b3fd_91a38d2f34b9-23-ea7d99be-d342-4dba-911e-961e504a6f61
2025-08-12 17:22:33,207 INFO  [org.apa.kaf.cli.con.int.ConsumerCoordinator] (Thread-782) [Consumer clientId=consumer-Consumer-topic-ab350ffe_e5ca_4f45_b3fd_91a38d2f34b9-23, groupId=Consumer-topic-ab350ffe_e5ca_4f45_b3fd_91a38d2f34b9] (Re-)joining group
2025-08-12 17:22:34,203 INFO  [io.api.tes.ser.api.KafkaSerdesTester] (Thread-782) None found
2025-08-12 17:22:35,203 INFO  [io.api.tes.ser.api.KafkaSerdesTester] (Thread-782) None found
2025-08-12 17:22:36,203 INFO  [io.api.tes.ser.api.KafkaSerdesTester] (Thread-782) None found
2025-08-12 17:22:36,208 INFO  [org.apa.kaf.cli.con.int.ConsumerCoordinator] (Thread-782) [Consumer clientId=consumer-Consumer-topic-ab350ffe_e5ca_4f45_b3fd_91a38d2f34b9-23, groupId=Consumer-topic-ab350ffe_e5ca_4f45_b3fd_91a38d2f34b9] Successfully joined group with generation Generation{generationId=1, memberId='consumer-Consumer-topic-ab350ffe_e5ca_4f45_b3fd_91a38d2f34b9-23-ea7d99be-d342-4dba-911e-961e504a6f61', protocol='range'}
2025-08-12 17:22:36,209 INFO  [org.apa.kaf.cli.con.int.ConsumerCoordinator] (Thread-782) [Consumer clientId=consumer-Consumer-topic-ab350ffe_e5ca_4f45_b3fd_91a38d2f34b9-23, groupId=Consumer-topic-ab350ffe_e5ca_4f45_b3fd_91a38d2f34b9] Finished assignment for group at generation 1: {consumer-Consumer-topic-ab350ffe_e5ca_4f45_b3fd_91a38d2f34b9-23-ea7d99be-d342-4dba-911e-961e504a6f61=Assignment(partitions=[topic-ab350ffe_e5ca_4f45_b3fd_91a38d2f34b9-0])}
2025-08-12 17:22:36,215 INFO  [org.apa.kaf.cli.con.int.ConsumerCoordinator] (Thread-782) [Consumer clientId=consumer-Consumer-topic-ab350ffe_e5ca_4f45_b3fd_91a38d2f34b9-23, groupId=Consumer-topic-ab350ffe_e5ca_4f45_b3fd_91a38d2f34b9] Successfully synced group in generation Generation{generationId=1, memberId='consumer-Consumer-topic-ab350ffe_e5ca_4f45_b3fd_91a38d2f34b9-23-ea7d99be-d342-4dba-911e-961e504a6f61', protocol='range'}
2025-08-12 17:22:36,215 INFO  [org.apa.kaf.cli.con.int.ConsumerCoordinator] (Thread-782) [Consumer clientId=consumer-Consumer-topic-ab350ffe_e5ca_4f45_b3fd_91a38d2f34b9-23, groupId=Consumer-topic-ab350ffe_e5ca_4f45_b3fd_91a38d2f34b9] Notifying assignor about the new Assignment(partitions=[topic-ab350ffe_e5ca_4f45_b3fd_91a38d2f34b9-0])
2025-08-12 17:22:36,215 INFO  [org.apa.kaf.cli.con.int.ConsumerRebalanceListenerInvoker] (Thread-782) [Consumer clientId=consumer-Consumer-topic-ab350ffe_e5ca_4f45_b3fd_91a38d2f34b9-23, groupId=Consumer-topic-ab350ffe_e5ca_4f45_b3fd_91a38d2f34b9] Adding newly assigned partitions: topic-ab350ffe_e5ca_4f45_b3fd_91a38d2f34b9-0
2025-08-12 17:22:36,216 INFO  [org.apa.kaf.cli.con.int.ConsumerCoordinator] (Thread-782) [Consumer clientId=consumer-Consumer-topic-ab350ffe_e5ca_4f45_b3fd_91a38d2f34b9-23, groupId=Consumer-topic-ab350ffe_e5ca_4f45_b3fd_91a38d2f34b9] Found no committed offset for partition topic-ab350ffe_e5ca_4f45_b3fd_91a38d2f34b9-0
2025-08-12 17:22:36,221 INFO  [org.apa.kaf.cli.con.int.SubscriptionState] (Thread-782) [Consumer clientId=consumer-Consumer-topic-ab350ffe_e5ca_4f45_b3fd_91a38d2f34b9-23, groupId=Consumer-topic-ab350ffe_e5ca_4f45_b3fd_91a38d2f34b9] Resetting offset for partition topic-ab350ffe_e5ca_4f45_b3fd_91a38d2f34b9-0 to position FetchPosition{offset=0, offsetEpoch=Optional.empty, currentLeader=LeaderAndEpoch{leader=Optional[localhost:32769 (id: 0 rack: null)], epoch=0}}.
2025-08-12 17:22:36,630 INFO  [io.api.tes.ser.api.KafkaSerdesTester] (Thread-782) topic-ab350ffe_e5ca_4f45_b3fd_91a38d2f34b9 0 0 header {
  time {
  }
}
d1: 1.755019351794E12
s1: "a"
i1: 123
bi1: 1
point {
  longitude: 22.0
  latitude: 22.0
  altitude: 1.0
}

2025-08-12 17:22:36,630 INFO  [io.api.tes.ser.api.KafkaSerdesTester] (Thread-782) topic-ab350ffe_e5ca_4f45_b3fd_91a38d2f34b9 0 1 header {
  time {
  }
}
d1: 1.755019352255E12
s1: "a"
i1: 123
bi1: 1
point {
  longitude: 22.0
  latitude: 22.0
  altitude: 1.0
}

2025-08-12 17:22:36,630 INFO  [io.api.tes.ser.api.KafkaSerdesTester] (Thread-782) topic-ab350ffe_e5ca_4f45_b3fd_91a38d2f34b9 0 2 header {
  time {
  }
}
d1: 1.755019352343E12
s1: "a"
i1: 123
bi1: 1
point {
  longitude: 22.0
  latitude: 22.0
  altitude: 1.0
}

2025-08-12 17:22:36,631 INFO  [io.api.tes.ser.api.KafkaSerdesTester] (Thread-782) topic-ab350ffe_e5ca_4f45_b3fd_91a38d2f34b9 0 3 header {
  time {
  }
}
d1: 1.755019352444E12
s1: "a"
i1: 123
bi1: 1
point {
  longitude: 22.0
  latitude: 22.0
  altitude: 1.0
}

2025-08-12 17:22:36,631 INFO  [io.api.tes.ser.api.KafkaSerdesTester] (Thread-782) topic-ab350ffe_e5ca_4f45_b3fd_91a38d2f34b9 0 4 header {
  time {
  }
}
d1: 1.755019352528E12
s1: "a"
i1: 123
bi1: 1
point {
  longitude: 22.0
  latitude: 22.0
  altitude: 1.0
}

2025-08-12 17:22:36,634 INFO  [io.api.tes.ser.api.KafkaSerdesTester] (Thread-782) topic-ab350ffe_e5ca_4f45_b3fd_91a38d2f34b9 0 5 header {
  time {
  }
}
d1: 1.755019352611E12
s1: "a"
i1: 123
bi1: 1
point {
  longitude: 22.0
  latitude: 22.0
  altitude: 1.0
}

2025-08-12 17:22:36,634 INFO  [io.api.tes.ser.api.KafkaSerdesTester] (Thread-782) topic-ab350ffe_e5ca_4f45_b3fd_91a38d2f34b9 0 6 header {
  time {
  }
}
d1: 1.755019352695E12
s1: "a"
i1: 123
bi1: 1
point {
  longitude: 22.0
  latitude: 22.0
  altitude: 1.0
}

2025-08-12 17:22:36,634 INFO  [io.api.tes.ser.api.KafkaSerdesTester] (Thread-782) topic-ab350ffe_e5ca_4f45_b3fd_91a38d2f34b9 0 7 header {
  time {
  }
}
d1: 1.755019352789E12
s1: "a"
i1: 123
bi1: 1
point {
  longitude: 22.0
  latitude: 22.0
  altitude: 1.0
}

2025-08-12 17:22:36,634 INFO  [io.api.tes.ser.api.KafkaSerdesTester] (Thread-782) topic-ab350ffe_e5ca_4f45_b3fd_91a38d2f34b9 0 8 header {
  time {
  }
}
d1: 1.755019352879E12
s1: "a"
i1: 123
bi1: 1
point {
  longitude: 22.0
  latitude: 22.0
  altitude: 1.0
}

2025-08-12 17:22:36,635 INFO  [io.api.tes.ser.api.KafkaSerdesTester] (Thread-782) topic-ab350ffe_e5ca_4f45_b3fd_91a38d2f34b9 0 9 header {
  time {
  }
}
d1: 1.755019352963E12
s1: "a"
i1: 123
bi1: 1
point {
  longitude: 22.0
  latitude: 22.0
  altitude: 1.0
}

2025-08-12 17:22:36,635 INFO  [io.api.tes.ser.api.KafkaSerdesTester] (Thread-782) Consumed 10 messages
2025-08-12 17:22:36,642 INFO  [org.apa.kaf.cli.con.int.ConsumerRebalanceListenerInvoker] (Thread-782) [Consumer clientId=consumer-Consumer-topic-ab350ffe_e5ca_4f45_b3fd_91a38d2f34b9-23, groupId=Consumer-topic-ab350ffe_e5ca_4f45_b3fd_91a38d2f34b9] Revoke previously assigned partitions topic-ab350ffe_e5ca_4f45_b3fd_91a38d2f34b9-0
2025-08-12 17:22:36,642 INFO  [org.apa.kaf.cli.con.int.ConsumerCoordinator] (Thread-782) [Consumer clientId=consumer-Consumer-topic-ab350ffe_e5ca_4f45_b3fd_91a38d2f34b9-23, groupId=Consumer-topic-ab350ffe_e5ca_4f45_b3fd_91a38d2f34b9] Member consumer-Consumer-topic-ab350ffe_e5ca_4f45_b3fd_91a38d2f34b9-23-ea7d99be-d342-4dba-911e-961e504a6f61 sending LeaveGroup request to coordinator localhost:32769 (id: 2147483647 rack: null) due to the consumer is being closed
2025-08-12 17:22:36,643 INFO  [org.apa.kaf.cli.con.int.ConsumerCoordinator] (Thread-782) [Consumer clientId=consumer-Consumer-topic-ab350ffe_e5ca_4f45_b3fd_91a38d2f34b9-23, groupId=Consumer-topic-ab350ffe_e5ca_4f45_b3fd_91a38d2f34b9] Resetting generation and member id due to: consumer pro-actively leaving the group
2025-08-12 17:22:36,643 INFO  [org.apa.kaf.cli.con.int.ConsumerCoordinator] (Thread-782) [Consumer clientId=consumer-Consumer-topic-ab350ffe_e5ca_4f45_b3fd_91a38d2f34b9-23, groupId=Consumer-topic-ab350ffe_e5ca_4f45_b3fd_91a38d2f34b9] Request joining group due to: consumer pro-actively leaving the group
2025-08-12 17:22:37,134 INFO  [org.apa.kaf.com.met.Metrics] (Thread-782) Metrics scheduler closed
2025-08-12 17:22:37,134 INFO  [org.apa.kaf.com.met.Metrics] (Thread-782) Closing reporter org.apache.kafka.common.metrics.JmxReporter
2025-08-12 17:22:37,134 INFO  [org.apa.kaf.com.met.Metrics] (Thread-782) Closing reporter org.apache.kafka.common.telemetry.internals.ClientTelemetryReporter
2025-08-12 17:22:37,134 INFO  [org.apa.kaf.com.met.Metrics] (Thread-782) Metrics reporters closed
2025-08-12 17:22:37,136 INFO  [org.apa.kaf.com.uti.AppInfoParser] (Thread-782) App info kafka.consumer for consumer-Consumer-topic-ab350ffe_e5ca_4f45_b3fd_91a38d2f34b9-23 unregistered
2025-08-12 17:22:37,211 INFO  [io.api.tes.uti.TestSeparator] (main) io.apicurio.tests.serdes.apicurio.ProtobufSerdeIT.testTopicIdStrategyAutoRegister-FINISHED
2025-08-12 17:22:37,211 INFO  [io.api.tes.uti.TestSeparator] (main) ############################################################################
Test passed: testTopicIdStrategyAutoRegister
]]></system-out>
  </testcase>
  <testcase name="testAutoRegisterAndUseBody" classname="io.apicurio.tests.serdes.apicurio.ProtobufSerdeIT" time="5.222">
    <system-out><![CDATA[2025-08-12 17:22:37,213 INFO  [io.api.tes.uti.TestSeparator] (main) ############################################################################
2025-08-12 17:22:37,213 INFO  [io.api.tes.uti.TestSeparator] (main) io.apicurio.tests.serdes.apicurio.ProtobufSerdeIT.testAutoRegisterAndUseBody-STARTED
**** Registry Base URL: http://registry-app-inmemory.apps.ci419.apicurio-testing.org:80
2025-08-12 17:22:37,214 INFO  [org.apa.kaf.cli.pro.ProducerConfig] (main) ProducerConfig values: 
	acks = -1
	auto.include.jmx.reporter = true
	batch.size = 16384
	bootstrap.servers = [PLAINTEXT://localhost:32769]
	buffer.memory = 33554432
	client.dns.lookup = use_all_dns_ips
	client.id = Producer-topic-93195a46_31be_43cf_92d8_6ccd2d03d667
	compression.gzip.level = -1
	compression.lz4.level = 9
	compression.type = none
	compression.zstd.level = 3
	connections.max.idle.ms = 10000
	delivery.timeout.ms = 120000
	enable.idempotence = true
	enable.metrics.push = true
	interceptor.classes = []
	key.serializer = class org.apache.kafka.common.serialization.StringSerializer
	linger.ms = 0
	max.block.ms = 60000
	max.in.flight.requests.per.connection = 5
	max.request.size = 1048576
	metadata.max.age.ms = 300000
	metadata.max.idle.ms = 300000
	metadata.recovery.strategy = none
	metric.reporters = []
	metrics.num.samples = 2
	metrics.recording.level = INFO
	metrics.sample.window.ms = 30000
	partitioner.adaptive.partitioning.enable = true
	partitioner.availability.timeout.ms = 0
	partitioner.class = null
	partitioner.ignore.keys = false
	receive.buffer.bytes = 32768
	reconnect.backoff.max.ms = 1000
	reconnect.backoff.ms = 50
	request.timeout.ms = 5000
	retries = 2147483647
	retry.backoff.max.ms = 1000
	retry.backoff.ms = 100
	sasl.client.callback.handler.class = null
	sasl.jaas.config = null
	sasl.kerberos.kinit.cmd = /usr/bin/kinit
	sasl.kerberos.min.time.before.relogin = 60000
	sasl.kerberos.service.name = null
	sasl.kerberos.ticket.renew.jitter = 0.05
	sasl.kerberos.ticket.renew.window.factor = 0.8
	sasl.login.callback.handler.class = null
	sasl.login.class = null
	sasl.login.connect.timeout.ms = null
	sasl.login.read.timeout.ms = null
	sasl.login.refresh.buffer.seconds = 300
	sasl.login.refresh.min.period.seconds = 60
	sasl.login.refresh.window.factor = 0.8
	sasl.login.refresh.window.jitter = 0.05
	sasl.login.retry.backoff.max.ms = 10000
	sasl.login.retry.backoff.ms = 100
	sasl.mechanism = GSSAPI
	sasl.oauthbearer.clock.skew.seconds = 30
	sasl.oauthbearer.expected.audience = null
	sasl.oauthbearer.expected.issuer = null
	sasl.oauthbearer.header.urlencode = false
	sasl.oauthbearer.jwks.endpoint.refresh.ms = 3600000
	sasl.oauthbearer.jwks.endpoint.retry.backoff.max.ms = 10000
	sasl.oauthbearer.jwks.endpoint.retry.backoff.ms = 100
	sasl.oauthbearer.jwks.endpoint.url = null
	sasl.oauthbearer.scope.claim.name = scope
	sasl.oauthbearer.sub.claim.name = sub
	sasl.oauthbearer.token.endpoint.url = null
	security.protocol = PLAINTEXT
	security.providers = null
	send.buffer.bytes = 131072
	socket.connection.setup.timeout.max.ms = 30000
	socket.connection.setup.timeout.ms = 10000
	ssl.cipher.suites = null
	ssl.enabled.protocols = [TLSv1.2, TLSv1.3]
	ssl.endpoint.identification.algorithm = https
	ssl.engine.factory.class = null
	ssl.key.password = null
	ssl.keymanager.algorithm = SunX509
	ssl.keystore.certificate.chain = null
	ssl.keystore.key = null
	ssl.keystore.location = null
	ssl.keystore.password = null
	ssl.keystore.type = JKS
	ssl.protocol = TLSv1.3
	ssl.provider = null
	ssl.secure.random.implementation = null
	ssl.trustmanager.algorithm = PKIX
	ssl.truststore.certificates = null
	ssl.truststore.location = null
	ssl.truststore.password = null
	ssl.truststore.type = JKS
	transaction.timeout.ms = 60000
	transactional.id = null
	value.serializer = class io.apicurio.registry.serde.protobuf.ProtobufKafkaSerializer

2025-08-12 17:22:37,214 INFO  [org.apa.kaf.com.tel.int.KafkaMetricsCollector] (main) initializing Kafka metrics collector
2025-08-12 17:22:37,222 INFO  [org.apa.kaf.cli.pro.KafkaProducer] (main) [Producer clientId=Producer-topic-93195a46_31be_43cf_92d8_6ccd2d03d667] Instantiated an idempotent producer.
2025-08-12 17:22:37,224 INFO  [org.apa.kaf.cli.pro.ProducerConfig] (main) These configurations '[apicurio.registry.url, apicurio.registry.auto-register, apicurio.registry.artifact-resolver-strategy]' were supplied but are not used yet.
2025-08-12 17:22:37,224 INFO  [org.apa.kaf.com.uti.AppInfoParser] (main) Kafka version: 3.9.1
2025-08-12 17:22:37,224 INFO  [org.apa.kaf.com.uti.AppInfoParser] (main) Kafka commitId: f745dfdcee2b9851
2025-08-12 17:22:37,224 INFO  [org.apa.kaf.com.uti.AppInfoParser] (main) Kafka startTimeMs: 1755019357224
2025-08-12 17:22:37,224 INFO  [io.api.tes.ser.api.SimpleSerdesTesterBuilder$SimpleSerdesTester] (main) Using producer configuration: {apicurio.registry.url=http://registry-app-inmemory.apps.ci419.apicurio-testing.org:80/apis/registry/v3, apicurio.registry.auto-register=true, apicurio.registry.artifact-resolver-strategy=io.apicurio.registry.serde.strategy.TopicIdStrategy, value.serializer=io.apicurio.registry.serde.protobuf.ProtobufKafkaSerializer, request.timeout.ms=5000, acks=all, bootstrap.servers=PLAINTEXT://localhost:32769, connections.max.idle.ms=10000, key.serializer=org.apache.kafka.common.serialization.StringSerializer, client.id=Producer-topic-93195a46_31be_43cf_92d8_6ccd2d03d667}
2025-08-12 17:22:37,224 INFO  [io.api.tes.ser.api.SimpleSerdesTesterBuilder$SimpleSerdesTester] (main) Using consumer configuration: {apicurio.protobuf.derive.class=true}
2025-08-12 17:22:37,226 INFO  [io.api.tes.ser.api.KafkaSerdesTester] (Thread-785) Sending message header {
  time {
  }
}
d1: 1.755019357225E12
s1: "a"
i1: 123
bi1: 1
point {
  longitude: 22.0
  latitude: 22.0
  altitude: 1.0
}
 to topic topic-93195a46_31be_43cf_92d8_6ccd2d03d667
2025-08-12 17:22:37,228 WARN  [org.apa.kaf.cli.NetworkClient] (kafka-producer-network-thread | Producer-topic-93195a46_31be_43cf_92d8_6ccd2d03d667) [Producer clientId=Producer-topic-93195a46_31be_43cf_92d8_6ccd2d03d667] The metadata response from the cluster reported a recoverable issue with correlation id 1 : {topic-93195a46_31be_43cf_92d8_6ccd2d03d667=UNKNOWN_TOPIC_OR_PARTITION}
2025-08-12 17:22:37,228 INFO  [org.apa.kaf.cli.Metadata] (kafka-producer-network-thread | Producer-topic-93195a46_31be_43cf_92d8_6ccd2d03d667) [Producer clientId=Producer-topic-93195a46_31be_43cf_92d8_6ccd2d03d667] Cluster ID: Ursznb63T6OTazTEUvngGA
2025-08-12 17:22:37,228 INFO  [org.apa.kaf.cli.pro.int.TransactionManager] (kafka-producer-network-thread | Producer-topic-93195a46_31be_43cf_92d8_6ccd2d03d667) [Producer clientId=Producer-topic-93195a46_31be_43cf_92d8_6ccd2d03d667] ProducerId set to 33 with epoch 0
2025-08-12 17:22:37,590 INFO  [io.api.tes.ser.api.KafkaSerdesTester] (Thread-785) Sending message header {
  time {
  }
}
d1: 1.75501935759E12
s1: "a"
i1: 123
bi1: 1
point {
  longitude: 22.0
  latitude: 22.0
  altitude: 1.0
}
 to topic topic-93195a46_31be_43cf_92d8_6ccd2d03d667
2025-08-12 17:22:37,672 INFO  [io.api.tes.ser.api.KafkaSerdesTester] (Thread-785) Sending message header {
  time {
  }
}
d1: 1.755019357672E12
s1: "a"
i1: 123
bi1: 1
point {
  longitude: 22.0
  latitude: 22.0
  altitude: 1.0
}
 to topic topic-93195a46_31be_43cf_92d8_6ccd2d03d667
2025-08-12 17:22:37,759 INFO  [io.api.tes.ser.api.KafkaSerdesTester] (Thread-785) Sending message header {
  time {
  }
}
d1: 1.755019357758E12
s1: "a"
i1: 123
bi1: 1
point {
  longitude: 22.0
  latitude: 22.0
  altitude: 1.0
}
 to topic topic-93195a46_31be_43cf_92d8_6ccd2d03d667
2025-08-12 17:22:37,845 INFO  [io.api.tes.ser.api.KafkaSerdesTester] (Thread-785) Sending message header {
  time {
  }
}
d1: 1.755019357845E12
s1: "a"
i1: 123
bi1: 1
point {
  longitude: 22.0
  latitude: 22.0
  altitude: 1.0
}
 to topic topic-93195a46_31be_43cf_92d8_6ccd2d03d667
2025-08-12 17:22:37,936 INFO  [io.api.tes.ser.api.KafkaSerdesTester] (Thread-785) Sending message header {
  time {
  }
}
d1: 1.755019357935E12
s1: "a"
i1: 123
bi1: 1
point {
  longitude: 22.0
  latitude: 22.0
  altitude: 1.0
}
 to topic topic-93195a46_31be_43cf_92d8_6ccd2d03d667
2025-08-12 17:22:38,031 INFO  [io.api.tes.ser.api.KafkaSerdesTester] (Thread-785) Sending message header {
  time {
  }
}
d1: 1.75501935803E12
s1: "a"
i1: 123
bi1: 1
point {
  longitude: 22.0
  latitude: 22.0
  altitude: 1.0
}
 to topic topic-93195a46_31be_43cf_92d8_6ccd2d03d667
2025-08-12 17:22:38,112 INFO  [io.api.tes.ser.api.KafkaSerdesTester] (Thread-785) Sending message header {
  time {
  }
}
d1: 1.755019358112E12
s1: "a"
i1: 123
bi1: 1
point {
  longitude: 22.0
  latitude: 22.0
  altitude: 1.0
}
 to topic topic-93195a46_31be_43cf_92d8_6ccd2d03d667
2025-08-12 17:22:38,194 INFO  [io.api.tes.ser.api.KafkaSerdesTester] (Thread-785) Sending message header {
  time {
  }
}
d1: 1.755019358194E12
s1: "a"
i1: 123
bi1: 1
point {
  longitude: 22.0
  latitude: 22.0
  altitude: 1.0
}
 to topic topic-93195a46_31be_43cf_92d8_6ccd2d03d667
2025-08-12 17:22:38,274 INFO  [io.api.tes.ser.api.KafkaSerdesTester] (Thread-785) Sending message header {
  time {
  }
}
d1: 1.755019358274E12
s1: "a"
i1: 123
bi1: 1
point {
  longitude: 22.0
  latitude: 22.0
  altitude: 1.0
}
 to topic topic-93195a46_31be_43cf_92d8_6ccd2d03d667
2025-08-12 17:22:38,376 INFO  [io.api.tes.ser.api.KafkaSerdesTester] (Thread-785) Produced 10 messages
2025-08-12 17:22:38,377 INFO  [org.apa.kaf.cli.pro.KafkaProducer] (Thread-785) [Producer clientId=Producer-topic-93195a46_31be_43cf_92d8_6ccd2d03d667] Closing the Kafka producer with timeoutMillis = 9223372036854775807 ms.
2025-08-12 17:22:38,378 INFO  [org.apa.kaf.com.met.Metrics] (Thread-785) Metrics scheduler closed
2025-08-12 17:22:38,378 INFO  [org.apa.kaf.com.met.Metrics] (Thread-785) Closing reporter org.apache.kafka.common.metrics.JmxReporter
2025-08-12 17:22:38,378 INFO  [org.apa.kaf.com.met.Metrics] (Thread-785) Closing reporter org.apache.kafka.common.telemetry.internals.ClientTelemetryReporter
2025-08-12 17:22:38,378 INFO  [org.apa.kaf.com.met.Metrics] (Thread-785) Metrics reporters closed
2025-08-12 17:22:38,378 INFO  [org.apa.kaf.com.uti.AppInfoParser] (Thread-785) App info kafka.producer for Producer-topic-93195a46_31be_43cf_92d8_6ccd2d03d667 unregistered
**** Registry Base URL: http://registry-app-inmemory.apps.ci419.apicurio-testing.org:80
2025-08-12 17:22:38,519 INFO  [org.apa.kaf.cli.con.ConsumerConfig] (main) ConsumerConfig values: 
	allow.auto.create.topics = true
	auto.commit.interval.ms = 500
	auto.include.jmx.reporter = true
	auto.offset.reset = earliest
	bootstrap.servers = [PLAINTEXT://localhost:32769]
	check.crcs = true
	client.dns.lookup = use_all_dns_ips
	client.id = consumer-Consumer-topic-93195a46_31be_43cf_92d8_6ccd2d03d667-24
	client.rack = 
	connections.max.idle.ms = 10000
	default.api.timeout.ms = 60000
	enable.auto.commit = true
	enable.metrics.push = true
	exclude.internal.topics = true
	fetch.max.bytes = 52428800
	fetch.max.wait.ms = 500
	fetch.min.bytes = 1
	group.id = Consumer-topic-93195a46_31be_43cf_92d8_6ccd2d03d667
	group.instance.id = null
	group.protocol = classic
	group.remote.assignor = null
	heartbeat.interval.ms = 3000
	interceptor.classes = []
	internal.leave.group.on.close = true
	internal.throw.on.fetch.stable.offset.unsupported = false
	isolation.level = read_uncommitted
	key.deserializer = class org.apache.kafka.common.serialization.StringDeserializer
	max.partition.fetch.bytes = 1048576
	max.poll.interval.ms = 300000
	max.poll.records = 500
	metadata.max.age.ms = 300000
	metadata.recovery.strategy = none
	metric.reporters = []
	metrics.num.samples = 2
	metrics.recording.level = INFO
	metrics.sample.window.ms = 30000
	partition.assignment.strategy = [class org.apache.kafka.clients.consumer.RangeAssignor, class org.apache.kafka.clients.consumer.CooperativeStickyAssignor]
	receive.buffer.bytes = 65536
	reconnect.backoff.max.ms = 1000
	reconnect.backoff.ms = 50
	request.timeout.ms = 5000
	retry.backoff.max.ms = 1000
	retry.backoff.ms = 100
	sasl.client.callback.handler.class = null
	sasl.jaas.config = null
	sasl.kerberos.kinit.cmd = /usr/bin/kinit
	sasl.kerberos.min.time.before.relogin = 60000
	sasl.kerberos.service.name = null
	sasl.kerberos.ticket.renew.jitter = 0.05
	sasl.kerberos.ticket.renew.window.factor = 0.8
	sasl.login.callback.handler.class = null
	sasl.login.class = null
	sasl.login.connect.timeout.ms = null
	sasl.login.read.timeout.ms = null
	sasl.login.refresh.buffer.seconds = 300
	sasl.login.refresh.min.period.seconds = 60
	sasl.login.refresh.window.factor = 0.8
	sasl.login.refresh.window.jitter = 0.05
	sasl.login.retry.backoff.max.ms = 10000
	sasl.login.retry.backoff.ms = 100
	sasl.mechanism = GSSAPI
	sasl.oauthbearer.clock.skew.seconds = 30
	sasl.oauthbearer.expected.audience = null
	sasl.oauthbearer.expected.issuer = null
	sasl.oauthbearer.header.urlencode = false
	sasl.oauthbearer.jwks.endpoint.refresh.ms = 3600000
	sasl.oauthbearer.jwks.endpoint.retry.backoff.max.ms = 10000
	sasl.oauthbearer.jwks.endpoint.retry.backoff.ms = 100
	sasl.oauthbearer.jwks.endpoint.url = null
	sasl.oauthbearer.scope.claim.name = scope
	sasl.oauthbearer.sub.claim.name = sub
	sasl.oauthbearer.token.endpoint.url = null
	security.protocol = PLAINTEXT
	security.providers = null
	send.buffer.bytes = 131072
	session.timeout.ms = 45000
	socket.connection.setup.timeout.max.ms = 30000
	socket.connection.setup.timeout.ms = 10000
	ssl.cipher.suites = null
	ssl.enabled.protocols = [TLSv1.2, TLSv1.3]
	ssl.endpoint.identification.algorithm = https
	ssl.engine.factory.class = null
	ssl.key.password = null
	ssl.keymanager.algorithm = SunX509
	ssl.keystore.certificate.chain = null
	ssl.keystore.key = null
	ssl.keystore.location = null
	ssl.keystore.password = null
	ssl.keystore.type = JKS
	ssl.protocol = TLSv1.3
	ssl.provider = null
	ssl.secure.random.implementation = null
	ssl.trustmanager.algorithm = PKIX
	ssl.truststore.certificates = null
	ssl.truststore.location = null
	ssl.truststore.password = null
	ssl.truststore.type = JKS
	value.deserializer = class io.apicurio.registry.serde.protobuf.ProtobufKafkaDeserializer

2025-08-12 17:22:38,519 INFO  [org.apa.kaf.com.tel.int.KafkaMetricsCollector] (main) initializing Kafka metrics collector
2025-08-12 17:22:38,523 INFO  [org.apa.kaf.cli.con.ConsumerConfig] (main) These configurations '[apicurio.registry.url, apicurio.protobuf.derive.class]' were supplied but are not used yet.
2025-08-12 17:22:38,523 INFO  [org.apa.kaf.com.uti.AppInfoParser] (main) Kafka version: 3.9.1
2025-08-12 17:22:38,523 INFO  [org.apa.kaf.com.uti.AppInfoParser] (main) Kafka commitId: f745dfdcee2b9851
2025-08-12 17:22:38,523 INFO  [org.apa.kaf.com.uti.AppInfoParser] (main) Kafka startTimeMs: 1755019358523
2025-08-12 17:22:38,523 INFO  [org.apa.kaf.cli.con.int.ClassicKafkaConsumer] (Thread-788) [Consumer clientId=consumer-Consumer-topic-93195a46_31be_43cf_92d8_6ccd2d03d667-24, groupId=Consumer-topic-93195a46_31be_43cf_92d8_6ccd2d03d667] Subscribed to topic(s): topic-93195a46_31be_43cf_92d8_6ccd2d03d667
2025-08-12 17:22:38,525 INFO  [org.apa.kaf.cli.Metadata] (Thread-788) [Consumer clientId=consumer-Consumer-topic-93195a46_31be_43cf_92d8_6ccd2d03d667-24, groupId=Consumer-topic-93195a46_31be_43cf_92d8_6ccd2d03d667] Cluster ID: Ursznb63T6OTazTEUvngGA
2025-08-12 17:22:38,526 INFO  [org.apa.kaf.cli.con.int.ConsumerCoordinator] (Thread-788) [Consumer clientId=consumer-Consumer-topic-93195a46_31be_43cf_92d8_6ccd2d03d667-24, groupId=Consumer-topic-93195a46_31be_43cf_92d8_6ccd2d03d667] Discovered group coordinator localhost:32769 (id: 2147483647 rack: null)
2025-08-12 17:22:38,527 INFO  [org.apa.kaf.cli.con.int.ConsumerCoordinator] (Thread-788) [Consumer clientId=consumer-Consumer-topic-93195a46_31be_43cf_92d8_6ccd2d03d667-24, groupId=Consumer-topic-93195a46_31be_43cf_92d8_6ccd2d03d667] (Re-)joining group
2025-08-12 17:22:38,529 INFO  [org.apa.kaf.cli.con.int.ConsumerCoordinator] (Thread-788) [Consumer clientId=consumer-Consumer-topic-93195a46_31be_43cf_92d8_6ccd2d03d667-24, groupId=Consumer-topic-93195a46_31be_43cf_92d8_6ccd2d03d667] Request joining group due to: need to re-join with the given member-id: consumer-Consumer-topic-93195a46_31be_43cf_92d8_6ccd2d03d667-24-522e40a3-b3c5-47d9-80f8-b6e62c57c910
2025-08-12 17:22:38,529 INFO  [org.apa.kaf.cli.con.int.ConsumerCoordinator] (Thread-788) [Consumer clientId=consumer-Consumer-topic-93195a46_31be_43cf_92d8_6ccd2d03d667-24, groupId=Consumer-topic-93195a46_31be_43cf_92d8_6ccd2d03d667] (Re-)joining group
2025-08-12 17:22:39,523 INFO  [io.api.tes.ser.api.KafkaSerdesTester] (Thread-788) None found
2025-08-12 17:22:40,523 INFO  [io.api.tes.ser.api.KafkaSerdesTester] (Thread-788) None found
2025-08-12 17:22:41,523 INFO  [io.api.tes.ser.api.KafkaSerdesTester] (Thread-788) None found
2025-08-12 17:22:41,531 INFO  [org.apa.kaf.cli.con.int.ConsumerCoordinator] (Thread-788) [Consumer clientId=consumer-Consumer-topic-93195a46_31be_43cf_92d8_6ccd2d03d667-24, groupId=Consumer-topic-93195a46_31be_43cf_92d8_6ccd2d03d667] Successfully joined group with generation Generation{generationId=1, memberId='consumer-Consumer-topic-93195a46_31be_43cf_92d8_6ccd2d03d667-24-522e40a3-b3c5-47d9-80f8-b6e62c57c910', protocol='range'}
2025-08-12 17:22:41,531 INFO  [org.apa.kaf.cli.con.int.ConsumerCoordinator] (Thread-788) [Consumer clientId=consumer-Consumer-topic-93195a46_31be_43cf_92d8_6ccd2d03d667-24, groupId=Consumer-topic-93195a46_31be_43cf_92d8_6ccd2d03d667] Finished assignment for group at generation 1: {consumer-Consumer-topic-93195a46_31be_43cf_92d8_6ccd2d03d667-24-522e40a3-b3c5-47d9-80f8-b6e62c57c910=Assignment(partitions=[topic-93195a46_31be_43cf_92d8_6ccd2d03d667-0])}
2025-08-12 17:22:41,537 INFO  [org.apa.kaf.cli.con.int.ConsumerCoordinator] (Thread-788) [Consumer clientId=consumer-Consumer-topic-93195a46_31be_43cf_92d8_6ccd2d03d667-24, groupId=Consumer-topic-93195a46_31be_43cf_92d8_6ccd2d03d667] Successfully synced group in generation Generation{generationId=1, memberId='consumer-Consumer-topic-93195a46_31be_43cf_92d8_6ccd2d03d667-24-522e40a3-b3c5-47d9-80f8-b6e62c57c910', protocol='range'}
2025-08-12 17:22:41,538 INFO  [org.apa.kaf.cli.con.int.ConsumerCoordinator] (Thread-788) [Consumer clientId=consumer-Consumer-topic-93195a46_31be_43cf_92d8_6ccd2d03d667-24, groupId=Consumer-topic-93195a46_31be_43cf_92d8_6ccd2d03d667] Notifying assignor about the new Assignment(partitions=[topic-93195a46_31be_43cf_92d8_6ccd2d03d667-0])
2025-08-12 17:22:41,538 INFO  [org.apa.kaf.cli.con.int.ConsumerRebalanceListenerInvoker] (Thread-788) [Consumer clientId=consumer-Consumer-topic-93195a46_31be_43cf_92d8_6ccd2d03d667-24, groupId=Consumer-topic-93195a46_31be_43cf_92d8_6ccd2d03d667] Adding newly assigned partitions: topic-93195a46_31be_43cf_92d8_6ccd2d03d667-0
2025-08-12 17:22:41,538 INFO  [org.apa.kaf.cli.con.int.ConsumerCoordinator] (Thread-788) [Consumer clientId=consumer-Consumer-topic-93195a46_31be_43cf_92d8_6ccd2d03d667-24, groupId=Consumer-topic-93195a46_31be_43cf_92d8_6ccd2d03d667] Found no committed offset for partition topic-93195a46_31be_43cf_92d8_6ccd2d03d667-0
2025-08-12 17:22:41,541 INFO  [org.apa.kaf.cli.con.int.SubscriptionState] (Thread-788) [Consumer clientId=consumer-Consumer-topic-93195a46_31be_43cf_92d8_6ccd2d03d667-24, groupId=Consumer-topic-93195a46_31be_43cf_92d8_6ccd2d03d667] Resetting offset for partition topic-93195a46_31be_43cf_92d8_6ccd2d03d667-0 to position FetchPosition{offset=0, offsetEpoch=Optional.empty, currentLeader=LeaderAndEpoch{leader=Optional[localhost:32769 (id: 0 rack: null)], epoch=0}}.
2025-08-12 17:22:41,926 INFO  [io.api.tes.ser.api.KafkaSerdesTester] (Thread-788) topic-93195a46_31be_43cf_92d8_6ccd2d03d667 0 0 header {
  time {
  }
}
d1: 1.755019357225E12
s1: "a"
i1: 123
bi1: 1
point {
  longitude: 22.0
  latitude: 22.0
  altitude: 1.0
}

2025-08-12 17:22:41,927 INFO  [io.api.tes.ser.api.KafkaSerdesTester] (Thread-788) topic-93195a46_31be_43cf_92d8_6ccd2d03d667 0 1 header {
  time {
  }
}
d1: 1.75501935759E12
s1: "a"
i1: 123
bi1: 1
point {
  longitude: 22.0
  latitude: 22.0
  altitude: 1.0
}

2025-08-12 17:22:41,927 INFO  [io.api.tes.ser.api.KafkaSerdesTester] (Thread-788) topic-93195a46_31be_43cf_92d8_6ccd2d03d667 0 2 header {
  time {
  }
}
d1: 1.755019357672E12
s1: "a"
i1: 123
bi1: 1
point {
  longitude: 22.0
  latitude: 22.0
  altitude: 1.0
}

2025-08-12 17:22:41,927 INFO  [io.api.tes.ser.api.KafkaSerdesTester] (Thread-788) topic-93195a46_31be_43cf_92d8_6ccd2d03d667 0 3 header {
  time {
  }
}
d1: 1.755019357758E12
s1: "a"
i1: 123
bi1: 1
point {
  longitude: 22.0
  latitude: 22.0
  altitude: 1.0
}

2025-08-12 17:22:41,928 INFO  [io.api.tes.ser.api.KafkaSerdesTester] (Thread-788) topic-93195a46_31be_43cf_92d8_6ccd2d03d667 0 4 header {
  time {
  }
}
d1: 1.755019357845E12
s1: "a"
i1: 123
bi1: 1
point {
  longitude: 22.0
  latitude: 22.0
  altitude: 1.0
}

2025-08-12 17:22:41,928 INFO  [io.api.tes.ser.api.KafkaSerdesTester] (Thread-788) topic-93195a46_31be_43cf_92d8_6ccd2d03d667 0 5 header {
  time {
  }
}
d1: 1.755019357935E12
s1: "a"
i1: 123
bi1: 1
point {
  longitude: 22.0
  latitude: 22.0
  altitude: 1.0
}

2025-08-12 17:22:41,929 INFO  [io.api.tes.ser.api.KafkaSerdesTester] (Thread-788) topic-93195a46_31be_43cf_92d8_6ccd2d03d667 0 6 header {
  time {
  }
}
d1: 1.75501935803E12
s1: "a"
i1: 123
bi1: 1
point {
  longitude: 22.0
  latitude: 22.0
  altitude: 1.0
}

2025-08-12 17:22:41,929 INFO  [io.api.tes.ser.api.KafkaSerdesTester] (Thread-788) topic-93195a46_31be_43cf_92d8_6ccd2d03d667 0 7 header {
  time {
  }
}
d1: 1.755019358112E12
s1: "a"
i1: 123
bi1: 1
point {
  longitude: 22.0
  latitude: 22.0
  altitude: 1.0
}

2025-08-12 17:22:41,929 INFO  [io.api.tes.ser.api.KafkaSerdesTester] (Thread-788) topic-93195a46_31be_43cf_92d8_6ccd2d03d667 0 8 header {
  time {
  }
}
d1: 1.755019358194E12
s1: "a"
i1: 123
bi1: 1
point {
  longitude: 22.0
  latitude: 22.0
  altitude: 1.0
}

2025-08-12 17:22:41,929 INFO  [io.api.tes.ser.api.KafkaSerdesTester] (Thread-788) topic-93195a46_31be_43cf_92d8_6ccd2d03d667 0 9 header {
  time {
  }
}
d1: 1.755019358274E12
s1: "a"
i1: 123
bi1: 1
point {
  longitude: 22.0
  latitude: 22.0
  altitude: 1.0
}

2025-08-12 17:22:41,929 INFO  [io.api.tes.ser.api.KafkaSerdesTester] (Thread-788) Consumed 10 messages
2025-08-12 17:22:41,937 INFO  [org.apa.kaf.cli.con.int.ConsumerRebalanceListenerInvoker] (Thread-788) [Consumer clientId=consumer-Consumer-topic-93195a46_31be_43cf_92d8_6ccd2d03d667-24, groupId=Consumer-topic-93195a46_31be_43cf_92d8_6ccd2d03d667] Revoke previously assigned partitions topic-93195a46_31be_43cf_92d8_6ccd2d03d667-0
2025-08-12 17:22:41,937 INFO  [org.apa.kaf.cli.con.int.ConsumerCoordinator] (Thread-788) [Consumer clientId=consumer-Consumer-topic-93195a46_31be_43cf_92d8_6ccd2d03d667-24, groupId=Consumer-topic-93195a46_31be_43cf_92d8_6ccd2d03d667] Member consumer-Consumer-topic-93195a46_31be_43cf_92d8_6ccd2d03d667-24-522e40a3-b3c5-47d9-80f8-b6e62c57c910 sending LeaveGroup request to coordinator localhost:32769 (id: 2147483647 rack: null) due to the consumer is being closed
2025-08-12 17:22:41,937 INFO  [org.apa.kaf.cli.con.int.ConsumerCoordinator] (Thread-788) [Consumer clientId=consumer-Consumer-topic-93195a46_31be_43cf_92d8_6ccd2d03d667-24, groupId=Consumer-topic-93195a46_31be_43cf_92d8_6ccd2d03d667] Resetting generation and member id due to: consumer pro-actively leaving the group
2025-08-12 17:22:41,937 INFO  [org.apa.kaf.cli.con.int.ConsumerCoordinator] (Thread-788) [Consumer clientId=consumer-Consumer-topic-93195a46_31be_43cf_92d8_6ccd2d03d667-24, groupId=Consumer-topic-93195a46_31be_43cf_92d8_6ccd2d03d667] Request joining group due to: consumer pro-actively leaving the group
2025-08-12 17:22:42,431 INFO  [org.apa.kaf.com.met.Metrics] (Thread-788) Metrics scheduler closed
2025-08-12 17:22:42,431 INFO  [org.apa.kaf.com.met.Metrics] (Thread-788) Closing reporter org.apache.kafka.common.metrics.JmxReporter
2025-08-12 17:22:42,431 INFO  [org.apa.kaf.com.met.Metrics] (Thread-788) Closing reporter org.apache.kafka.common.telemetry.internals.ClientTelemetryReporter
2025-08-12 17:22:42,431 INFO  [org.apa.kaf.com.met.Metrics] (Thread-788) Metrics reporters closed
2025-08-12 17:22:42,433 INFO  [org.apa.kaf.com.uti.AppInfoParser] (Thread-788) App info kafka.consumer for consumer-Consumer-topic-93195a46_31be_43cf_92d8_6ccd2d03d667-24 unregistered
2025-08-12 17:22:42,434 INFO  [io.api.tes.uti.TestSeparator] (main) io.apicurio.tests.serdes.apicurio.ProtobufSerdeIT.testAutoRegisterAndUseBody-FINISHED
2025-08-12 17:22:42,434 INFO  [io.api.tes.uti.TestSeparator] (main) ############################################################################
Test passed: testAutoRegisterAndUseBody
]]></system-out>
  </testcase>
  <testcase name="testValidation" classname="io.apicurio.tests.serdes.apicurio.ProtobufSerdeIT" time="23.842">
    <system-out><![CDATA[2025-08-12 17:22:42,436 INFO  [io.api.tes.uti.TestSeparator] (main) ############################################################################
2025-08-12 17:22:42,436 INFO  [io.api.tes.uti.TestSeparator] (main) io.apicurio.tests.serdes.apicurio.ProtobufSerdeIT.testValidation-STARTED
**** Registry Base URL: http://registry-app-inmemory.apps.ci419.apicurio-testing.org:80
2025-08-12 17:22:44,740 INFO  [org.apa.kaf.cli.pro.ProducerConfig] (main) ProducerConfig values: 
	acks = -1
	auto.include.jmx.reporter = true
	batch.size = 16384
	bootstrap.servers = [PLAINTEXT://localhost:32769]
	buffer.memory = 33554432
	client.dns.lookup = use_all_dns_ips
	client.id = Producer-se2b1cd68x8178x432exa149xb80abb82e2b0
	compression.gzip.level = -1
	compression.lz4.level = 9
	compression.type = none
	compression.zstd.level = 3
	connections.max.idle.ms = 10000
	delivery.timeout.ms = 120000
	enable.idempotence = true
	enable.metrics.push = true
	interceptor.classes = []
	key.serializer = class org.apache.kafka.common.serialization.StringSerializer
	linger.ms = 0
	max.block.ms = 60000
	max.in.flight.requests.per.connection = 5
	max.request.size = 1048576
	metadata.max.age.ms = 300000
	metadata.max.idle.ms = 300000
	metadata.recovery.strategy = none
	metric.reporters = []
	metrics.num.samples = 2
	metrics.recording.level = INFO
	metrics.sample.window.ms = 30000
	partitioner.adaptive.partitioning.enable = true
	partitioner.availability.timeout.ms = 0
	partitioner.class = null
	partitioner.ignore.keys = false
	receive.buffer.bytes = 32768
	reconnect.backoff.max.ms = 1000
	reconnect.backoff.ms = 50
	request.timeout.ms = 5000
	retries = 2147483647
	retry.backoff.max.ms = 1000
	retry.backoff.ms = 100
	sasl.client.callback.handler.class = null
	sasl.jaas.config = null
	sasl.kerberos.kinit.cmd = /usr/bin/kinit
	sasl.kerberos.min.time.before.relogin = 60000
	sasl.kerberos.service.name = null
	sasl.kerberos.ticket.renew.jitter = 0.05
	sasl.kerberos.ticket.renew.window.factor = 0.8
	sasl.login.callback.handler.class = null
	sasl.login.class = null
	sasl.login.connect.timeout.ms = null
	sasl.login.read.timeout.ms = null
	sasl.login.refresh.buffer.seconds = 300
	sasl.login.refresh.min.period.seconds = 60
	sasl.login.refresh.window.factor = 0.8
	sasl.login.refresh.window.jitter = 0.05
	sasl.login.retry.backoff.max.ms = 10000
	sasl.login.retry.backoff.ms = 100
	sasl.mechanism = GSSAPI
	sasl.oauthbearer.clock.skew.seconds = 30
	sasl.oauthbearer.expected.audience = null
	sasl.oauthbearer.expected.issuer = null
	sasl.oauthbearer.header.urlencode = false
	sasl.oauthbearer.jwks.endpoint.refresh.ms = 3600000
	sasl.oauthbearer.jwks.endpoint.retry.backoff.max.ms = 10000
	sasl.oauthbearer.jwks.endpoint.retry.backoff.ms = 100
	sasl.oauthbearer.jwks.endpoint.url = null
	sasl.oauthbearer.scope.claim.name = scope
	sasl.oauthbearer.sub.claim.name = sub
	sasl.oauthbearer.token.endpoint.url = null
	security.protocol = PLAINTEXT
	security.providers = null
	send.buffer.bytes = 131072
	socket.connection.setup.timeout.max.ms = 30000
	socket.connection.setup.timeout.ms = 10000
	ssl.cipher.suites = null
	ssl.enabled.protocols = [TLSv1.2, TLSv1.3]
	ssl.endpoint.identification.algorithm = https
	ssl.engine.factory.class = null
	ssl.key.password = null
	ssl.keymanager.algorithm = SunX509
	ssl.keystore.certificate.chain = null
	ssl.keystore.key = null
	ssl.keystore.location = null
	ssl.keystore.password = null
	ssl.keystore.type = JKS
	ssl.protocol = TLSv1.3
	ssl.provider = null
	ssl.secure.random.implementation = null
	ssl.trustmanager.algorithm = PKIX
	ssl.truststore.certificates = null
	ssl.truststore.location = null
	ssl.truststore.password = null
	ssl.truststore.type = JKS
	transaction.timeout.ms = 60000
	transactional.id = null
	value.serializer = class io.apicurio.registry.serde.protobuf.ProtobufKafkaSerializer

2025-08-12 17:22:44,740 INFO  [org.apa.kaf.com.tel.int.KafkaMetricsCollector] (main) initializing Kafka metrics collector
2025-08-12 17:22:44,742 INFO  [org.apa.kaf.cli.pro.KafkaProducer] (main) [Producer clientId=Producer-se2b1cd68x8178x432exa149xb80abb82e2b0] Instantiated an idempotent producer.
2025-08-12 17:22:44,744 INFO  [org.apa.kaf.cli.pro.ProducerConfig] (main) These configurations '[apicurio.registry.headers.enabled, apicurio.registry.find-latest, apicurio.registry.url, apicurio.registry.artifact-resolver-strategy, apicurio.registry.artifact.version]' were supplied but are not used yet.
2025-08-12 17:22:44,744 INFO  [org.apa.kaf.com.uti.AppInfoParser] (main) Kafka version: 3.9.1
2025-08-12 17:22:44,744 INFO  [org.apa.kaf.com.uti.AppInfoParser] (main) Kafka commitId: f745dfdcee2b9851
2025-08-12 17:22:44,744 INFO  [org.apa.kaf.com.uti.AppInfoParser] (main) Kafka startTimeMs: 1755019364744
2025-08-12 17:22:44,744 INFO  [io.api.tes.ser.api.SimpleSerdesTesterBuilder$SimpleSerdesTester] (main) Using producer configuration: {apicurio.registry.headers.enabled=true, request.timeout.ms=5000, acks=all, bootstrap.servers=PLAINTEXT://localhost:32769, key.serializer=org.apache.kafka.common.serialization.StringSerializer, apicurio.registry.find-latest=false, apicurio.registry.url=http://registry-app-inmemory.apps.ci419.apicurio-testing.org:80/apis/registry/v3, apicurio.registry.artifact-resolver-strategy=io.apicurio.registry.serde.strategy.TopicIdStrategy, value.serializer=io.apicurio.registry.serde.protobuf.ProtobufKafkaSerializer, connections.max.idle.ms=10000, apicurio.registry.artifact.version=1, client.id=Producer-se2b1cd68x8178x432exa149xb80abb82e2b0}
2025-08-12 17:22:44,744 INFO  [io.api.tes.ser.api.SimpleSerdesTesterBuilder$SimpleSerdesTester] (main) Using consumer configuration: {apicurio.registry.headers.enabled=true}
2025-08-12 17:22:44,745 INFO  [io.api.tes.ser.api.KafkaSerdesTester] (Thread-791) Sending message header {
  time {
  }
}
d1: 1.755019364744E12
s1: "a"
i1: 123
bi1: 1
point {
  longitude: 22.0
  latitude: 22.0
  altitude: 1.0
}
 to topic se2b1cd68x8178x432exa149xb80abb82e2b0
2025-08-12 17:22:44,746 INFO  [org.apa.kaf.cli.Metadata] (kafka-producer-network-thread | Producer-se2b1cd68x8178x432exa149xb80abb82e2b0) [Producer clientId=Producer-se2b1cd68x8178x432exa149xb80abb82e2b0] Cluster ID: Ursznb63T6OTazTEUvngGA
2025-08-12 17:22:44,747 INFO  [org.apa.kaf.cli.pro.int.TransactionManager] (kafka-producer-network-thread | Producer-se2b1cd68x8178x432exa149xb80abb82e2b0) [Producer clientId=Producer-se2b1cd68x8178x432exa149xb80abb82e2b0] ProducerId set to 34 with epoch 0
2025-08-12 17:22:46,042 INFO  [io.api.tes.ser.api.KafkaSerdesTester] (Thread-791) Sending message header {
  time {
  }
}
d1: 1.755019366041E12
s1: "a"
i1: 123
bi1: 1
point {
  longitude: 22.0
  latitude: 22.0
  altitude: 1.0
}
 to topic se2b1cd68x8178x432exa149xb80abb82e2b0
2025-08-12 17:22:46,045 INFO  [io.api.tes.ser.api.KafkaSerdesTester] (Thread-791) Sending message header {
  time {
  }
}
d1: 1.755019366045E12
s1: "a"
i1: 123
bi1: 1
point {
  longitude: 22.0
  latitude: 22.0
  altitude: 1.0
}
 to topic se2b1cd68x8178x432exa149xb80abb82e2b0
2025-08-12 17:22:46,047 INFO  [io.api.tes.ser.api.KafkaSerdesTester] (Thread-791) Sending message header {
  time {
  }
}
d1: 1.755019366047E12
s1: "a"
i1: 123
bi1: 1
point {
  longitude: 22.0
  latitude: 22.0
  altitude: 1.0
}
 to topic se2b1cd68x8178x432exa149xb80abb82e2b0
2025-08-12 17:22:46,050 INFO  [io.api.tes.ser.api.KafkaSerdesTester] (Thread-791) Sending message header {
  time {
  }
}
d1: 1.75501936605E12
s1: "a"
i1: 123
bi1: 1
point {
  longitude: 22.0
  latitude: 22.0
  altitude: 1.0
}
 to topic se2b1cd68x8178x432exa149xb80abb82e2b0
2025-08-12 17:22:46,055 INFO  [io.api.tes.ser.api.KafkaSerdesTester] (Thread-791) Sending message header {
  time {
  }
}
d1: 1.755019366055E12
s1: "a"
i1: 123
bi1: 1
point {
  longitude: 22.0
  latitude: 22.0
  altitude: 1.0
}
 to topic se2b1cd68x8178x432exa149xb80abb82e2b0
2025-08-12 17:22:46,059 INFO  [io.api.tes.ser.api.KafkaSerdesTester] (Thread-791) Sending message header {
  time {
  }
}
d1: 1.755019366059E12
s1: "a"
i1: 123
bi1: 1
point {
  longitude: 22.0
  latitude: 22.0
  altitude: 1.0
}
 to topic se2b1cd68x8178x432exa149xb80abb82e2b0
2025-08-12 17:22:46,062 INFO  [io.api.tes.ser.api.KafkaSerdesTester] (Thread-791) Sending message header {
  time {
  }
}
d1: 1.755019366062E12
s1: "a"
i1: 123
bi1: 1
point {
  longitude: 22.0
  latitude: 22.0
  altitude: 1.0
}
 to topic se2b1cd68x8178x432exa149xb80abb82e2b0
2025-08-12 17:22:46,064 INFO  [io.api.tes.ser.api.KafkaSerdesTester] (Thread-791) Sending message header {
  time {
  }
}
d1: 1.755019366064E12
s1: "a"
i1: 123
bi1: 1
point {
  longitude: 22.0
  latitude: 22.0
  altitude: 1.0
}
 to topic se2b1cd68x8178x432exa149xb80abb82e2b0
2025-08-12 17:22:46,066 INFO  [io.api.tes.ser.api.KafkaSerdesTester] (Thread-791) Sending message header {
  time {
  }
}
d1: 1.755019366065E12
s1: "a"
i1: 123
bi1: 1
point {
  longitude: 22.0
  latitude: 22.0
  altitude: 1.0
}
 to topic se2b1cd68x8178x432exa149xb80abb82e2b0
2025-08-12 17:22:46,067 INFO  [io.api.tes.ser.api.KafkaSerdesTester] (Thread-791) Produced 10 messages
2025-08-12 17:22:46,067 INFO  [org.apa.kaf.cli.pro.KafkaProducer] (Thread-791) [Producer clientId=Producer-se2b1cd68x8178x432exa149xb80abb82e2b0] Closing the Kafka producer with timeoutMillis = 9223372036854775807 ms.
2025-08-12 17:22:46,069 INFO  [org.apa.kaf.com.met.Metrics] (Thread-791) Metrics scheduler closed
2025-08-12 17:22:46,069 INFO  [org.apa.kaf.com.met.Metrics] (Thread-791) Closing reporter org.apache.kafka.common.metrics.JmxReporter
2025-08-12 17:22:46,069 INFO  [org.apa.kaf.com.met.Metrics] (Thread-791) Closing reporter org.apache.kafka.common.telemetry.internals.ClientTelemetryReporter
2025-08-12 17:22:46,069 INFO  [org.apa.kaf.com.met.Metrics] (Thread-791) Metrics reporters closed
2025-08-12 17:22:46,070 INFO  [org.apa.kaf.com.uti.AppInfoParser] (Thread-791) App info kafka.producer for Producer-se2b1cd68x8178x432exa149xb80abb82e2b0 unregistered
**** Registry Base URL: http://registry-app-inmemory.apps.ci419.apicurio-testing.org:80
2025-08-12 17:22:46,070 INFO  [org.apa.kaf.cli.con.ConsumerConfig] (main) ConsumerConfig values: 
	allow.auto.create.topics = true
	auto.commit.interval.ms = 500
	auto.include.jmx.reporter = true
	auto.offset.reset = earliest
	bootstrap.servers = [PLAINTEXT://localhost:32769]
	check.crcs = true
	client.dns.lookup = use_all_dns_ips
	client.id = consumer-Consumer-se2b1cd68x8178x432exa149xb80abb82e2b0-25
	client.rack = 
	connections.max.idle.ms = 10000
	default.api.timeout.ms = 60000
	enable.auto.commit = true
	enable.metrics.push = true
	exclude.internal.topics = true
	fetch.max.bytes = 52428800
	fetch.max.wait.ms = 500
	fetch.min.bytes = 1
	group.id = Consumer-se2b1cd68x8178x432exa149xb80abb82e2b0
	group.instance.id = null
	group.protocol = classic
	group.remote.assignor = null
	heartbeat.interval.ms = 3000
	interceptor.classes = []
	internal.leave.group.on.close = true
	internal.throw.on.fetch.stable.offset.unsupported = false
	isolation.level = read_uncommitted
	key.deserializer = class org.apache.kafka.common.serialization.StringDeserializer
	max.partition.fetch.bytes = 1048576
	max.poll.interval.ms = 300000
	max.poll.records = 500
	metadata.max.age.ms = 300000
	metadata.recovery.strategy = none
	metric.reporters = []
	metrics.num.samples = 2
	metrics.recording.level = INFO
	metrics.sample.window.ms = 30000
	partition.assignment.strategy = [class org.apache.kafka.clients.consumer.RangeAssignor, class org.apache.kafka.clients.consumer.CooperativeStickyAssignor]
	receive.buffer.bytes = 65536
	reconnect.backoff.max.ms = 1000
	reconnect.backoff.ms = 50
	request.timeout.ms = 5000
	retry.backoff.max.ms = 1000
	retry.backoff.ms = 100
	sasl.client.callback.handler.class = null
	sasl.jaas.config = null
	sasl.kerberos.kinit.cmd = /usr/bin/kinit
	sasl.kerberos.min.time.before.relogin = 60000
	sasl.kerberos.service.name = null
	sasl.kerberos.ticket.renew.jitter = 0.05
	sasl.kerberos.ticket.renew.window.factor = 0.8
	sasl.login.callback.handler.class = null
	sasl.login.class = null
	sasl.login.connect.timeout.ms = null
	sasl.login.read.timeout.ms = null
	sasl.login.refresh.buffer.seconds = 300
	sasl.login.refresh.min.period.seconds = 60
	sasl.login.refresh.window.factor = 0.8
	sasl.login.refresh.window.jitter = 0.05
	sasl.login.retry.backoff.max.ms = 10000
	sasl.login.retry.backoff.ms = 100
	sasl.mechanism = GSSAPI
	sasl.oauthbearer.clock.skew.seconds = 30
	sasl.oauthbearer.expected.audience = null
	sasl.oauthbearer.expected.issuer = null
	sasl.oauthbearer.header.urlencode = false
	sasl.oauthbearer.jwks.endpoint.refresh.ms = 3600000
	sasl.oauthbearer.jwks.endpoint.retry.backoff.max.ms = 10000
	sasl.oauthbearer.jwks.endpoint.retry.backoff.ms = 100
	sasl.oauthbearer.jwks.endpoint.url = null
	sasl.oauthbearer.scope.claim.name = scope
	sasl.oauthbearer.sub.claim.name = sub
	sasl.oauthbearer.token.endpoint.url = null
	security.protocol = PLAINTEXT
	security.providers = null
	send.buffer.bytes = 131072
	session.timeout.ms = 45000
	socket.connection.setup.timeout.max.ms = 30000
	socket.connection.setup.timeout.ms = 10000
	ssl.cipher.suites = null
	ssl.enabled.protocols = [TLSv1.2, TLSv1.3]
	ssl.endpoint.identification.algorithm = https
	ssl.engine.factory.class = null
	ssl.key.password = null
	ssl.keymanager.algorithm = SunX509
	ssl.keystore.certificate.chain = null
	ssl.keystore.key = null
	ssl.keystore.location = null
	ssl.keystore.password = null
	ssl.keystore.type = JKS
	ssl.protocol = TLSv1.3
	ssl.provider = null
	ssl.secure.random.implementation = null
	ssl.trustmanager.algorithm = PKIX
	ssl.truststore.certificates = null
	ssl.truststore.location = null
	ssl.truststore.password = null
	ssl.truststore.type = JKS
	value.deserializer = class io.apicurio.registry.serde.protobuf.ProtobufKafkaDeserializer

2025-08-12 17:22:46,070 INFO  [org.apa.kaf.com.tel.int.KafkaMetricsCollector] (main) initializing Kafka metrics collector
2025-08-12 17:22:46,079 INFO  [org.apa.kaf.cli.con.ConsumerConfig] (main) These configurations '[apicurio.registry.url, apicurio.registry.headers.enabled]' were supplied but are not used yet.
2025-08-12 17:22:46,079 INFO  [org.apa.kaf.com.uti.AppInfoParser] (main) Kafka version: 3.9.1
2025-08-12 17:22:46,079 INFO  [org.apa.kaf.com.uti.AppInfoParser] (main) Kafka commitId: f745dfdcee2b9851
2025-08-12 17:22:46,079 INFO  [org.apa.kaf.com.uti.AppInfoParser] (main) Kafka startTimeMs: 1755019366079
2025-08-12 17:22:46,079 INFO  [org.apa.kaf.cli.con.int.ClassicKafkaConsumer] (Thread-794) [Consumer clientId=consumer-Consumer-se2b1cd68x8178x432exa149xb80abb82e2b0-25, groupId=Consumer-se2b1cd68x8178x432exa149xb80abb82e2b0] Subscribed to topic(s): se2b1cd68x8178x432exa149xb80abb82e2b0
2025-08-12 17:22:46,083 INFO  [org.apa.kaf.cli.Metadata] (Thread-794) [Consumer clientId=consumer-Consumer-se2b1cd68x8178x432exa149xb80abb82e2b0-25, groupId=Consumer-se2b1cd68x8178x432exa149xb80abb82e2b0] Cluster ID: Ursznb63T6OTazTEUvngGA
2025-08-12 17:22:46,084 INFO  [org.apa.kaf.cli.con.int.ConsumerCoordinator] (Thread-794) [Consumer clientId=consumer-Consumer-se2b1cd68x8178x432exa149xb80abb82e2b0-25, groupId=Consumer-se2b1cd68x8178x432exa149xb80abb82e2b0] Discovered group coordinator localhost:32769 (id: 2147483647 rack: null)
2025-08-12 17:22:46,085 INFO  [org.apa.kaf.cli.con.int.ConsumerCoordinator] (Thread-794) [Consumer clientId=consumer-Consumer-se2b1cd68x8178x432exa149xb80abb82e2b0-25, groupId=Consumer-se2b1cd68x8178x432exa149xb80abb82e2b0] (Re-)joining group
2025-08-12 17:22:46,088 INFO  [org.apa.kaf.cli.con.int.ConsumerCoordinator] (Thread-794) [Consumer clientId=consumer-Consumer-se2b1cd68x8178x432exa149xb80abb82e2b0-25, groupId=Consumer-se2b1cd68x8178x432exa149xb80abb82e2b0] Request joining group due to: need to re-join with the given member-id: consumer-Consumer-se2b1cd68x8178x432exa149xb80abb82e2b0-25-1488e898-5711-47d3-83ce-4fe4d8524643
2025-08-12 17:22:46,088 INFO  [org.apa.kaf.cli.con.int.ConsumerCoordinator] (Thread-794) [Consumer clientId=consumer-Consumer-se2b1cd68x8178x432exa149xb80abb82e2b0-25, groupId=Consumer-se2b1cd68x8178x432exa149xb80abb82e2b0] (Re-)joining group
2025-08-12 17:22:47,079 INFO  [io.api.tes.ser.api.KafkaSerdesTester] (Thread-794) None found
2025-08-12 17:22:48,079 INFO  [io.api.tes.ser.api.KafkaSerdesTester] (Thread-794) None found
2025-08-12 17:22:49,079 INFO  [io.api.tes.ser.api.KafkaSerdesTester] (Thread-794) None found
2025-08-12 17:22:49,089 INFO  [org.apa.kaf.cli.con.int.ConsumerCoordinator] (Thread-794) [Consumer clientId=consumer-Consumer-se2b1cd68x8178x432exa149xb80abb82e2b0-25, groupId=Consumer-se2b1cd68x8178x432exa149xb80abb82e2b0] Successfully joined group with generation Generation{generationId=1, memberId='consumer-Consumer-se2b1cd68x8178x432exa149xb80abb82e2b0-25-1488e898-5711-47d3-83ce-4fe4d8524643', protocol='range'}
2025-08-12 17:22:49,090 INFO  [org.apa.kaf.cli.con.int.ConsumerCoordinator] (Thread-794) [Consumer clientId=consumer-Consumer-se2b1cd68x8178x432exa149xb80abb82e2b0-25, groupId=Consumer-se2b1cd68x8178x432exa149xb80abb82e2b0] Finished assignment for group at generation 1: {consumer-Consumer-se2b1cd68x8178x432exa149xb80abb82e2b0-25-1488e898-5711-47d3-83ce-4fe4d8524643=Assignment(partitions=[se2b1cd68x8178x432exa149xb80abb82e2b0-0])}
2025-08-12 17:22:49,096 INFO  [org.apa.kaf.cli.con.int.ConsumerCoordinator] (Thread-794) [Consumer clientId=consumer-Consumer-se2b1cd68x8178x432exa149xb80abb82e2b0-25, groupId=Consumer-se2b1cd68x8178x432exa149xb80abb82e2b0] Successfully synced group in generation Generation{generationId=1, memberId='consumer-Consumer-se2b1cd68x8178x432exa149xb80abb82e2b0-25-1488e898-5711-47d3-83ce-4fe4d8524643', protocol='range'}
2025-08-12 17:22:49,097 INFO  [org.apa.kaf.cli.con.int.ConsumerCoordinator] (Thread-794) [Consumer clientId=consumer-Consumer-se2b1cd68x8178x432exa149xb80abb82e2b0-25, groupId=Consumer-se2b1cd68x8178x432exa149xb80abb82e2b0] Notifying assignor about the new Assignment(partitions=[se2b1cd68x8178x432exa149xb80abb82e2b0-0])
2025-08-12 17:22:49,097 INFO  [org.apa.kaf.cli.con.int.ConsumerRebalanceListenerInvoker] (Thread-794) [Consumer clientId=consumer-Consumer-se2b1cd68x8178x432exa149xb80abb82e2b0-25, groupId=Consumer-se2b1cd68x8178x432exa149xb80abb82e2b0] Adding newly assigned partitions: se2b1cd68x8178x432exa149xb80abb82e2b0-0
2025-08-12 17:22:49,098 INFO  [org.apa.kaf.cli.con.int.ConsumerCoordinator] (Thread-794) [Consumer clientId=consumer-Consumer-se2b1cd68x8178x432exa149xb80abb82e2b0-25, groupId=Consumer-se2b1cd68x8178x432exa149xb80abb82e2b0] Found no committed offset for partition se2b1cd68x8178x432exa149xb80abb82e2b0-0
2025-08-12 17:22:49,099 INFO  [org.apa.kaf.cli.con.int.SubscriptionState] (Thread-794) [Consumer clientId=consumer-Consumer-se2b1cd68x8178x432exa149xb80abb82e2b0-25, groupId=Consumer-se2b1cd68x8178x432exa149xb80abb82e2b0] Resetting offset for partition se2b1cd68x8178x432exa149xb80abb82e2b0-0 to position FetchPosition{offset=0, offsetEpoch=Optional.empty, currentLeader=LeaderAndEpoch{leader=Optional[localhost:32769 (id: 0 rack: null)], epoch=0}}.
2025-08-12 17:22:49,429 INFO  [io.api.tes.ser.api.KafkaSerdesTester] (Thread-794) se2b1cd68x8178x432exa149xb80abb82e2b0 0 0 header {
  time {
  }
}
d1: 1.755019364744E12
s1: "a"
i1: 123
bi1: 1
point {
  longitude: 22.0
  latitude: 22.0
  altitude: 1.0
}

2025-08-12 17:22:49,430 INFO  [io.api.tes.ser.api.KafkaSerdesTester] (Thread-794) se2b1cd68x8178x432exa149xb80abb82e2b0 0 1 header {
  time {
  }
}
d1: 1.755019366041E12
s1: "a"
i1: 123
bi1: 1
point {
  longitude: 22.0
  latitude: 22.0
  altitude: 1.0
}

2025-08-12 17:22:49,430 INFO  [io.api.tes.ser.api.KafkaSerdesTester] (Thread-794) se2b1cd68x8178x432exa149xb80abb82e2b0 0 2 header {
  time {
  }
}
d1: 1.755019366045E12
s1: "a"
i1: 123
bi1: 1
point {
  longitude: 22.0
  latitude: 22.0
  altitude: 1.0
}

2025-08-12 17:22:49,430 INFO  [io.api.tes.ser.api.KafkaSerdesTester] (Thread-794) se2b1cd68x8178x432exa149xb80abb82e2b0 0 3 header {
  time {
  }
}
d1: 1.755019366047E12
s1: "a"
i1: 123
bi1: 1
point {
  longitude: 22.0
  latitude: 22.0
  altitude: 1.0
}

2025-08-12 17:22:49,430 INFO  [io.api.tes.ser.api.KafkaSerdesTester] (Thread-794) se2b1cd68x8178x432exa149xb80abb82e2b0 0 4 header {
  time {
  }
}
d1: 1.75501936605E12
s1: "a"
i1: 123
bi1: 1
point {
  longitude: 22.0
  latitude: 22.0
  altitude: 1.0
}

2025-08-12 17:22:49,430 INFO  [io.api.tes.ser.api.KafkaSerdesTester] (Thread-794) se2b1cd68x8178x432exa149xb80abb82e2b0 0 5 header {
  time {
  }
}
d1: 1.755019366055E12
s1: "a"
i1: 123
bi1: 1
point {
  longitude: 22.0
  latitude: 22.0
  altitude: 1.0
}

2025-08-12 17:22:49,453 INFO  [io.api.tes.ser.api.KafkaSerdesTester] (Thread-794) se2b1cd68x8178x432exa149xb80abb82e2b0 0 6 header {
  time {
  }
}
d1: 1.755019366059E12
s1: "a"
i1: 123
bi1: 1
point {
  longitude: 22.0
  latitude: 22.0
  altitude: 1.0
}

2025-08-12 17:22:49,453 INFO  [io.api.tes.ser.api.KafkaSerdesTester] (Thread-794) se2b1cd68x8178x432exa149xb80abb82e2b0 0 7 header {
  time {
  }
}
d1: 1.755019366062E12
s1: "a"
i1: 123
bi1: 1
point {
  longitude: 22.0
  latitude: 22.0
  altitude: 1.0
}

2025-08-12 17:22:49,454 INFO  [io.api.tes.ser.api.KafkaSerdesTester] (Thread-794) se2b1cd68x8178x432exa149xb80abb82e2b0 0 8 header {
  time {
  }
}
d1: 1.755019366064E12
s1: "a"
i1: 123
bi1: 1
point {
  longitude: 22.0
  latitude: 22.0
  altitude: 1.0
}

2025-08-12 17:22:49,454 INFO  [io.api.tes.ser.api.KafkaSerdesTester] (Thread-794) se2b1cd68x8178x432exa149xb80abb82e2b0 0 9 header {
  time {
  }
}
d1: 1.755019366065E12
s1: "a"
i1: 123
bi1: 1
point {
  longitude: 22.0
  latitude: 22.0
  altitude: 1.0
}

2025-08-12 17:22:49,454 INFO  [io.api.tes.ser.api.KafkaSerdesTester] (Thread-794) Consumed 10 messages
2025-08-12 17:22:49,464 INFO  [org.apa.kaf.cli.con.int.ConsumerRebalanceListenerInvoker] (Thread-794) [Consumer clientId=consumer-Consumer-se2b1cd68x8178x432exa149xb80abb82e2b0-25, groupId=Consumer-se2b1cd68x8178x432exa149xb80abb82e2b0] Revoke previously assigned partitions se2b1cd68x8178x432exa149xb80abb82e2b0-0
2025-08-12 17:22:49,464 INFO  [org.apa.kaf.cli.con.int.ConsumerCoordinator] (Thread-794) [Consumer clientId=consumer-Consumer-se2b1cd68x8178x432exa149xb80abb82e2b0-25, groupId=Consumer-se2b1cd68x8178x432exa149xb80abb82e2b0] Member consumer-Consumer-se2b1cd68x8178x432exa149xb80abb82e2b0-25-1488e898-5711-47d3-83ce-4fe4d8524643 sending LeaveGroup request to coordinator localhost:32769 (id: 2147483647 rack: null) due to the consumer is being closed
2025-08-12 17:22:49,464 INFO  [org.apa.kaf.cli.con.int.ConsumerCoordinator] (Thread-794) [Consumer clientId=consumer-Consumer-se2b1cd68x8178x432exa149xb80abb82e2b0-25, groupId=Consumer-se2b1cd68x8178x432exa149xb80abb82e2b0] Resetting generation and member id due to: consumer pro-actively leaving the group
2025-08-12 17:22:49,464 INFO  [org.apa.kaf.cli.con.int.ConsumerCoordinator] (Thread-794) [Consumer clientId=consumer-Consumer-se2b1cd68x8178x432exa149xb80abb82e2b0-25, groupId=Consumer-se2b1cd68x8178x432exa149xb80abb82e2b0] Request joining group due to: consumer pro-actively leaving the group
2025-08-12 17:22:49,932 INFO  [org.apa.kaf.com.met.Metrics] (Thread-794) Metrics scheduler closed
2025-08-12 17:22:49,932 INFO  [org.apa.kaf.com.met.Metrics] (Thread-794) Closing reporter org.apache.kafka.common.metrics.JmxReporter
2025-08-12 17:22:49,932 INFO  [org.apa.kaf.com.met.Metrics] (Thread-794) Closing reporter org.apache.kafka.common.telemetry.internals.ClientTelemetryReporter
2025-08-12 17:22:49,932 INFO  [org.apa.kaf.com.met.Metrics] (Thread-794) Metrics reporters closed
2025-08-12 17:22:49,935 INFO  [org.apa.kaf.com.uti.AppInfoParser] (Thread-794) App info kafka.consumer for consumer-Consumer-se2b1cd68x8178x432exa149xb80abb82e2b0-25 unregistered
**** Registry Base URL: http://registry-app-inmemory.apps.ci419.apicurio-testing.org:80
2025-08-12 17:22:49,936 INFO  [org.apa.kaf.cli.pro.ProducerConfig] (main) ProducerConfig values: 
	acks = -1
	auto.include.jmx.reporter = true
	batch.size = 16384
	bootstrap.servers = [PLAINTEXT://localhost:32769]
	buffer.memory = 33554432
	client.dns.lookup = use_all_dns_ips
	client.id = Producer-se2b1cd68x8178x432exa149xb80abb82e2b0
	compression.gzip.level = -1
	compression.lz4.level = 9
	compression.type = none
	compression.zstd.level = 3
	connections.max.idle.ms = 10000
	delivery.timeout.ms = 120000
	enable.idempotence = true
	enable.metrics.push = true
	interceptor.classes = []
	key.serializer = class org.apache.kafka.common.serialization.StringSerializer
	linger.ms = 0
	max.block.ms = 60000
	max.in.flight.requests.per.connection = 5
	max.request.size = 1048576
	metadata.max.age.ms = 300000
	metadata.max.idle.ms = 300000
	metadata.recovery.strategy = none
	metric.reporters = []
	metrics.num.samples = 2
	metrics.recording.level = INFO
	metrics.sample.window.ms = 30000
	partitioner.adaptive.partitioning.enable = true
	partitioner.availability.timeout.ms = 0
	partitioner.class = null
	partitioner.ignore.keys = false
	receive.buffer.bytes = 32768
	reconnect.backoff.max.ms = 1000
	reconnect.backoff.ms = 50
	request.timeout.ms = 5000
	retries = 2147483647
	retry.backoff.max.ms = 1000
	retry.backoff.ms = 100
	sasl.client.callback.handler.class = null
	sasl.jaas.config = null
	sasl.kerberos.kinit.cmd = /usr/bin/kinit
	sasl.kerberos.min.time.before.relogin = 60000
	sasl.kerberos.service.name = null
	sasl.kerberos.ticket.renew.jitter = 0.05
	sasl.kerberos.ticket.renew.window.factor = 0.8
	sasl.login.callback.handler.class = null
	sasl.login.class = null
	sasl.login.connect.timeout.ms = null
	sasl.login.read.timeout.ms = null
	sasl.login.refresh.buffer.seconds = 300
	sasl.login.refresh.min.period.seconds = 60
	sasl.login.refresh.window.factor = 0.8
	sasl.login.refresh.window.jitter = 0.05
	sasl.login.retry.backoff.max.ms = 10000
	sasl.login.retry.backoff.ms = 100
	sasl.mechanism = GSSAPI
	sasl.oauthbearer.clock.skew.seconds = 30
	sasl.oauthbearer.expected.audience = null
	sasl.oauthbearer.expected.issuer = null
	sasl.oauthbearer.header.urlencode = false
	sasl.oauthbearer.jwks.endpoint.refresh.ms = 3600000
	sasl.oauthbearer.jwks.endpoint.retry.backoff.max.ms = 10000
	sasl.oauthbearer.jwks.endpoint.retry.backoff.ms = 100
	sasl.oauthbearer.jwks.endpoint.url = null
	sasl.oauthbearer.scope.claim.name = scope
	sasl.oauthbearer.sub.claim.name = sub
	sasl.oauthbearer.token.endpoint.url = null
	security.protocol = PLAINTEXT
	security.providers = null
	send.buffer.bytes = 131072
	socket.connection.setup.timeout.max.ms = 30000
	socket.connection.setup.timeout.ms = 10000
	ssl.cipher.suites = null
	ssl.enabled.protocols = [TLSv1.2, TLSv1.3]
	ssl.endpoint.identification.algorithm = https
	ssl.engine.factory.class = null
	ssl.key.password = null
	ssl.keymanager.algorithm = SunX509
	ssl.keystore.certificate.chain = null
	ssl.keystore.key = null
	ssl.keystore.location = null
	ssl.keystore.password = null
	ssl.keystore.type = JKS
	ssl.protocol = TLSv1.3
	ssl.provider = null
	ssl.secure.random.implementation = null
	ssl.trustmanager.algorithm = PKIX
	ssl.truststore.certificates = null
	ssl.truststore.location = null
	ssl.truststore.password = null
	ssl.truststore.type = JKS
	transaction.timeout.ms = 60000
	transactional.id = null
	value.serializer = class io.apicurio.registry.serde.protobuf.ProtobufKafkaSerializer

2025-08-12 17:22:49,936 INFO  [org.apa.kaf.com.tel.int.KafkaMetricsCollector] (main) initializing Kafka metrics collector
2025-08-12 17:22:49,939 INFO  [org.apa.kaf.cli.pro.KafkaProducer] (main) [Producer clientId=Producer-se2b1cd68x8178x432exa149xb80abb82e2b0] Instantiated an idempotent producer.
2025-08-12 17:22:49,940 INFO  [org.apa.kaf.cli.pro.ProducerConfig] (main) These configurations '[apicurio.registry.find-latest, apicurio.registry.url, apicurio.registry.headers.enabled, apicurio.registry.artifact-resolver-strategy]' were supplied but are not used yet.
2025-08-12 17:22:49,941 INFO  [org.apa.kaf.com.uti.AppInfoParser] (main) Kafka version: 3.9.1
2025-08-12 17:22:49,941 INFO  [org.apa.kaf.com.uti.AppInfoParser] (main) Kafka commitId: f745dfdcee2b9851
2025-08-12 17:22:49,941 INFO  [org.apa.kaf.com.uti.AppInfoParser] (main) Kafka startTimeMs: 1755019369940
2025-08-12 17:22:49,941 INFO  [io.api.tes.ser.api.SimpleSerdesTesterBuilder$SimpleSerdesTester] (main) Using producer configuration: {apicurio.registry.find-latest=false, apicurio.registry.url=http://registry-app-inmemory.apps.ci419.apicurio-testing.org:80/apis/registry/v3, apicurio.registry.headers.enabled=true, apicurio.registry.artifact-resolver-strategy=io.apicurio.registry.serde.strategy.TopicIdStrategy, value.serializer=io.apicurio.registry.serde.protobuf.ProtobufKafkaSerializer, request.timeout.ms=5000, acks=all, bootstrap.servers=PLAINTEXT://localhost:32769, connections.max.idle.ms=10000, key.serializer=org.apache.kafka.common.serialization.StringSerializer, client.id=Producer-se2b1cd68x8178x432exa149xb80abb82e2b0}
2025-08-12 17:22:49,941 INFO  [io.api.tes.ser.api.SimpleSerdesTesterBuilder$SimpleSerdesTester] (main) Using consumer configuration: {apicurio.registry.headers.enabled=true}
2025-08-12 17:22:49,941 INFO  [io.api.tes.ser.api.KafkaSerdesTester] (Thread-797) Sending message header {
  time {
  }
}
d1: 1.755019369941E12
s1: "a"
i1: 123
bi1: 1
point {
  longitude: 22.0
  latitude: 22.0
  altitude: 1.0
}
 to topic se2b1cd68x8178x432exa149xb80abb82e2b0
2025-08-12 17:22:49,945 INFO  [org.apa.kaf.cli.Metadata] (kafka-producer-network-thread | Producer-se2b1cd68x8178x432exa149xb80abb82e2b0) [Producer clientId=Producer-se2b1cd68x8178x432exa149xb80abb82e2b0] Cluster ID: Ursznb63T6OTazTEUvngGA
2025-08-12 17:22:49,945 INFO  [org.apa.kaf.cli.pro.int.TransactionManager] (kafka-producer-network-thread | Producer-se2b1cd68x8178x432exa149xb80abb82e2b0) [Producer clientId=Producer-se2b1cd68x8178x432exa149xb80abb82e2b0] ProducerId set to 35 with epoch 0
2025-08-12 17:22:49,946 INFO  [DefaultSchemaResolver] (Thread-797) Retrieving schema content using string: // Proto schema formatted by Wire, do not edit.
// Source: 

syntax = "proto3";

package io.apicurio.tests.protobuf;

import "google/protobuf/timestamp.proto";

option java_multiple_files = true;

message ProtobufTestMessage {
  .io.apicurio.tests.protobuf.Header header = 1;

  double d1 = 2;

  string s1 = 4;

  int32 i1 = 7;

  int64 bi1 = 12;

  .google.protobuf.Timestamp state_time = 22;

  .io.apicurio.tests.protobuf.Point point = 30;
}

message Header {
  .google.protobuf.Timestamp time = 1;

  string source = 2;

  string destination = 3;

  string uuid = 4;

  repeated string source_uuids = 5;

  string message_type_id = 6;

  string raw_message = 7;
}

message Point {
  oneof longitude_oneof {
    double longitude = 1;
  }

  oneof latitude_oneof {
    double latitude = 2;
  }

  oneof altitude_oneof {
    double altitude = 3;
  }
}

2025-08-12 17:22:50,100 INFO  [io.api.tes.ser.api.KafkaSerdesTester] (Thread-797) Sending message header {
  time {
  }
}
d1: 1.7550193701E12
s1: "a"
i1: 123
bi1: 1
point {
  longitude: 22.0
  latitude: 22.0
  altitude: 1.0
}
 to topic se2b1cd68x8178x432exa149xb80abb82e2b0
2025-08-12 17:22:50,102 INFO  [io.api.tes.ser.api.KafkaSerdesTester] (Thread-797) Sending message header {
  time {
  }
}
d1: 1.755019370102E12
s1: "a"
i1: 123
bi1: 1
point {
  longitude: 22.0
  latitude: 22.0
  altitude: 1.0
}
 to topic se2b1cd68x8178x432exa149xb80abb82e2b0
2025-08-12 17:22:50,105 INFO  [io.api.tes.ser.api.KafkaSerdesTester] (Thread-797) Sending message header {
  time {
  }
}
d1: 1.755019370104E12
s1: "a"
i1: 123
bi1: 1
point {
  longitude: 22.0
  latitude: 22.0
  altitude: 1.0
}
 to topic se2b1cd68x8178x432exa149xb80abb82e2b0
2025-08-12 17:22:50,107 INFO  [io.api.tes.ser.api.KafkaSerdesTester] (Thread-797) Sending message header {
  time {
  }
}
d1: 1.755019370107E12
s1: "a"
i1: 123
bi1: 1
point {
  longitude: 22.0
  latitude: 22.0
  altitude: 1.0
}
 to topic se2b1cd68x8178x432exa149xb80abb82e2b0
2025-08-12 17:22:50,109 INFO  [io.api.tes.ser.api.KafkaSerdesTester] (Thread-797) Sending message header {
  time {
  }
}
d1: 1.755019370109E12
s1: "a"
i1: 123
bi1: 1
point {
  longitude: 22.0
  latitude: 22.0
  altitude: 1.0
}
 to topic se2b1cd68x8178x432exa149xb80abb82e2b0
2025-08-12 17:22:50,111 INFO  [io.api.tes.ser.api.KafkaSerdesTester] (Thread-797) Sending message header {
  time {
  }
}
d1: 1.755019370111E12
s1: "a"
i1: 123
bi1: 1
point {
  longitude: 22.0
  latitude: 22.0
  altitude: 1.0
}
 to topic se2b1cd68x8178x432exa149xb80abb82e2b0
2025-08-12 17:22:50,113 INFO  [io.api.tes.ser.api.KafkaSerdesTester] (Thread-797) Sending message header {
  time {
  }
}
d1: 1.755019370113E12
s1: "a"
i1: 123
bi1: 1
point {
  longitude: 22.0
  latitude: 22.0
  altitude: 1.0
}
 to topic se2b1cd68x8178x432exa149xb80abb82e2b0
2025-08-12 17:22:50,115 INFO  [io.api.tes.ser.api.KafkaSerdesTester] (Thread-797) Sending message header {
  time {
  }
}
d1: 1.755019370115E12
s1: "a"
i1: 123
bi1: 1
point {
  longitude: 22.0
  latitude: 22.0
  altitude: 1.0
}
 to topic se2b1cd68x8178x432exa149xb80abb82e2b0
2025-08-12 17:22:50,117 INFO  [io.api.tes.ser.api.KafkaSerdesTester] (Thread-797) Sending message header {
  time {
  }
}
d1: 1.755019370117E12
s1: "a"
i1: 123
bi1: 1
point {
  longitude: 22.0
  latitude: 22.0
  altitude: 1.0
}
 to topic se2b1cd68x8178x432exa149xb80abb82e2b0
2025-08-12 17:22:50,120 INFO  [io.api.tes.ser.api.KafkaSerdesTester] (Thread-797) Produced 10 messages
2025-08-12 17:22:50,121 INFO  [org.apa.kaf.cli.pro.KafkaProducer] (Thread-797) [Producer clientId=Producer-se2b1cd68x8178x432exa149xb80abb82e2b0] Closing the Kafka producer with timeoutMillis = 9223372036854775807 ms.
2025-08-12 17:22:50,123 INFO  [org.apa.kaf.com.met.Metrics] (Thread-797) Metrics scheduler closed
2025-08-12 17:22:50,123 INFO  [org.apa.kaf.com.met.Metrics] (Thread-797) Closing reporter org.apache.kafka.common.metrics.JmxReporter
2025-08-12 17:22:50,123 INFO  [org.apa.kaf.com.met.Metrics] (Thread-797) Closing reporter org.apache.kafka.common.telemetry.internals.ClientTelemetryReporter
2025-08-12 17:22:50,123 INFO  [org.apa.kaf.com.met.Metrics] (Thread-797) Metrics reporters closed
2025-08-12 17:22:50,123 INFO  [org.apa.kaf.com.uti.AppInfoParser] (Thread-797) App info kafka.producer for Producer-se2b1cd68x8178x432exa149xb80abb82e2b0 unregistered
**** Registry Base URL: http://registry-app-inmemory.apps.ci419.apicurio-testing.org:80
2025-08-12 17:22:50,123 INFO  [org.apa.kaf.cli.con.ConsumerConfig] (main) ConsumerConfig values: 
	allow.auto.create.topics = true
	auto.commit.interval.ms = 500
	auto.include.jmx.reporter = true
	auto.offset.reset = earliest
	bootstrap.servers = [PLAINTEXT://localhost:32769]
	check.crcs = true
	client.dns.lookup = use_all_dns_ips
	client.id = consumer-Consumer-se2b1cd68x8178x432exa149xb80abb82e2b0-26
	client.rack = 
	connections.max.idle.ms = 10000
	default.api.timeout.ms = 60000
	enable.auto.commit = true
	enable.metrics.push = true
	exclude.internal.topics = true
	fetch.max.bytes = 52428800
	fetch.max.wait.ms = 500
	fetch.min.bytes = 1
	group.id = Consumer-se2b1cd68x8178x432exa149xb80abb82e2b0
	group.instance.id = null
	group.protocol = classic
	group.remote.assignor = null
	heartbeat.interval.ms = 3000
	interceptor.classes = []
	internal.leave.group.on.close = true
	internal.throw.on.fetch.stable.offset.unsupported = false
	isolation.level = read_uncommitted
	key.deserializer = class org.apache.kafka.common.serialization.StringDeserializer
	max.partition.fetch.bytes = 1048576
	max.poll.interval.ms = 300000
	max.poll.records = 500
	metadata.max.age.ms = 300000
	metadata.recovery.strategy = none
	metric.reporters = []
	metrics.num.samples = 2
	metrics.recording.level = INFO
	metrics.sample.window.ms = 30000
	partition.assignment.strategy = [class org.apache.kafka.clients.consumer.RangeAssignor, class org.apache.kafka.clients.consumer.CooperativeStickyAssignor]
	receive.buffer.bytes = 65536
	reconnect.backoff.max.ms = 1000
	reconnect.backoff.ms = 50
	request.timeout.ms = 5000
	retry.backoff.max.ms = 1000
	retry.backoff.ms = 100
	sasl.client.callback.handler.class = null
	sasl.jaas.config = null
	sasl.kerberos.kinit.cmd = /usr/bin/kinit
	sasl.kerberos.min.time.before.relogin = 60000
	sasl.kerberos.service.name = null
	sasl.kerberos.ticket.renew.jitter = 0.05
	sasl.kerberos.ticket.renew.window.factor = 0.8
	sasl.login.callback.handler.class = null
	sasl.login.class = null
	sasl.login.connect.timeout.ms = null
	sasl.login.read.timeout.ms = null
	sasl.login.refresh.buffer.seconds = 300
	sasl.login.refresh.min.period.seconds = 60
	sasl.login.refresh.window.factor = 0.8
	sasl.login.refresh.window.jitter = 0.05
	sasl.login.retry.backoff.max.ms = 10000
	sasl.login.retry.backoff.ms = 100
	sasl.mechanism = GSSAPI
	sasl.oauthbearer.clock.skew.seconds = 30
	sasl.oauthbearer.expected.audience = null
	sasl.oauthbearer.expected.issuer = null
	sasl.oauthbearer.header.urlencode = false
	sasl.oauthbearer.jwks.endpoint.refresh.ms = 3600000
	sasl.oauthbearer.jwks.endpoint.retry.backoff.max.ms = 10000
	sasl.oauthbearer.jwks.endpoint.retry.backoff.ms = 100
	sasl.oauthbearer.jwks.endpoint.url = null
	sasl.oauthbearer.scope.claim.name = scope
	sasl.oauthbearer.sub.claim.name = sub
	sasl.oauthbearer.token.endpoint.url = null
	security.protocol = PLAINTEXT
	security.providers = null
	send.buffer.bytes = 131072
	session.timeout.ms = 45000
	socket.connection.setup.timeout.max.ms = 30000
	socket.connection.setup.timeout.ms = 10000
	ssl.cipher.suites = null
	ssl.enabled.protocols = [TLSv1.2, TLSv1.3]
	ssl.endpoint.identification.algorithm = https
	ssl.engine.factory.class = null
	ssl.key.password = null
	ssl.keymanager.algorithm = SunX509
	ssl.keystore.certificate.chain = null
	ssl.keystore.key = null
	ssl.keystore.location = null
	ssl.keystore.password = null
	ssl.keystore.type = JKS
	ssl.protocol = TLSv1.3
	ssl.provider = null
	ssl.secure.random.implementation = null
	ssl.trustmanager.algorithm = PKIX
	ssl.truststore.certificates = null
	ssl.truststore.location = null
	ssl.truststore.password = null
	ssl.truststore.type = JKS
	value.deserializer = class io.apicurio.registry.serde.protobuf.ProtobufKafkaDeserializer

2025-08-12 17:22:50,124 INFO  [org.apa.kaf.com.tel.int.KafkaMetricsCollector] (main) initializing Kafka metrics collector
2025-08-12 17:22:50,130 INFO  [org.apa.kaf.cli.con.ConsumerConfig] (main) These configurations '[apicurio.registry.url, apicurio.registry.headers.enabled]' were supplied but are not used yet.
2025-08-12 17:22:50,130 INFO  [org.apa.kaf.com.uti.AppInfoParser] (main) Kafka version: 3.9.1
2025-08-12 17:22:50,130 INFO  [org.apa.kaf.com.uti.AppInfoParser] (main) Kafka commitId: f745dfdcee2b9851
2025-08-12 17:22:50,130 INFO  [org.apa.kaf.com.uti.AppInfoParser] (main) Kafka startTimeMs: 1755019370130
2025-08-12 17:22:50,131 INFO  [org.apa.kaf.cli.con.int.ClassicKafkaConsumer] (Thread-800) [Consumer clientId=consumer-Consumer-se2b1cd68x8178x432exa149xb80abb82e2b0-26, groupId=Consumer-se2b1cd68x8178x432exa149xb80abb82e2b0] Subscribed to topic(s): se2b1cd68x8178x432exa149xb80abb82e2b0
2025-08-12 17:22:50,134 INFO  [org.apa.kaf.cli.Metadata] (Thread-800) [Consumer clientId=consumer-Consumer-se2b1cd68x8178x432exa149xb80abb82e2b0-26, groupId=Consumer-se2b1cd68x8178x432exa149xb80abb82e2b0] Cluster ID: Ursznb63T6OTazTEUvngGA
2025-08-12 17:22:50,136 INFO  [org.apa.kaf.cli.con.int.ConsumerCoordinator] (Thread-800) [Consumer clientId=consumer-Consumer-se2b1cd68x8178x432exa149xb80abb82e2b0-26, groupId=Consumer-se2b1cd68x8178x432exa149xb80abb82e2b0] Discovered group coordinator localhost:32769 (id: 2147483647 rack: null)
2025-08-12 17:22:50,137 INFO  [org.apa.kaf.cli.con.int.ConsumerCoordinator] (Thread-800) [Consumer clientId=consumer-Consumer-se2b1cd68x8178x432exa149xb80abb82e2b0-26, groupId=Consumer-se2b1cd68x8178x432exa149xb80abb82e2b0] (Re-)joining group
2025-08-12 17:22:50,140 INFO  [org.apa.kaf.cli.con.int.ConsumerCoordinator] (Thread-800) [Consumer clientId=consumer-Consumer-se2b1cd68x8178x432exa149xb80abb82e2b0-26, groupId=Consumer-se2b1cd68x8178x432exa149xb80abb82e2b0] Request joining group due to: need to re-join with the given member-id: consumer-Consumer-se2b1cd68x8178x432exa149xb80abb82e2b0-26-8243ca7a-dacb-426a-b485-f5eed4d9fef5
2025-08-12 17:22:50,140 INFO  [org.apa.kaf.cli.con.int.ConsumerCoordinator] (Thread-800) [Consumer clientId=consumer-Consumer-se2b1cd68x8178x432exa149xb80abb82e2b0-26, groupId=Consumer-se2b1cd68x8178x432exa149xb80abb82e2b0] (Re-)joining group
2025-08-12 17:22:51,131 INFO  [io.api.tes.ser.api.KafkaSerdesTester] (Thread-800) None found
2025-08-12 17:22:52,131 INFO  [io.api.tes.ser.api.KafkaSerdesTester] (Thread-800) None found
2025-08-12 17:22:53,132 INFO  [io.api.tes.ser.api.KafkaSerdesTester] (Thread-800) None found
2025-08-12 17:22:53,141 INFO  [org.apa.kaf.cli.con.int.ConsumerCoordinator] (Thread-800) [Consumer clientId=consumer-Consumer-se2b1cd68x8178x432exa149xb80abb82e2b0-26, groupId=Consumer-se2b1cd68x8178x432exa149xb80abb82e2b0] Successfully joined group with generation Generation{generationId=3, memberId='consumer-Consumer-se2b1cd68x8178x432exa149xb80abb82e2b0-26-8243ca7a-dacb-426a-b485-f5eed4d9fef5', protocol='range'}
2025-08-12 17:22:53,142 INFO  [org.apa.kaf.cli.con.int.ConsumerCoordinator] (Thread-800) [Consumer clientId=consumer-Consumer-se2b1cd68x8178x432exa149xb80abb82e2b0-26, groupId=Consumer-se2b1cd68x8178x432exa149xb80abb82e2b0] Finished assignment for group at generation 3: {consumer-Consumer-se2b1cd68x8178x432exa149xb80abb82e2b0-26-8243ca7a-dacb-426a-b485-f5eed4d9fef5=Assignment(partitions=[se2b1cd68x8178x432exa149xb80abb82e2b0-0])}
2025-08-12 17:22:53,149 INFO  [org.apa.kaf.cli.con.int.ConsumerCoordinator] (Thread-800) [Consumer clientId=consumer-Consumer-se2b1cd68x8178x432exa149xb80abb82e2b0-26, groupId=Consumer-se2b1cd68x8178x432exa149xb80abb82e2b0] Successfully synced group in generation Generation{generationId=3, memberId='consumer-Consumer-se2b1cd68x8178x432exa149xb80abb82e2b0-26-8243ca7a-dacb-426a-b485-f5eed4d9fef5', protocol='range'}
2025-08-12 17:22:53,149 INFO  [org.apa.kaf.cli.con.int.ConsumerCoordinator] (Thread-800) [Consumer clientId=consumer-Consumer-se2b1cd68x8178x432exa149xb80abb82e2b0-26, groupId=Consumer-se2b1cd68x8178x432exa149xb80abb82e2b0] Notifying assignor about the new Assignment(partitions=[se2b1cd68x8178x432exa149xb80abb82e2b0-0])
2025-08-12 17:22:53,149 INFO  [org.apa.kaf.cli.con.int.ConsumerRebalanceListenerInvoker] (Thread-800) [Consumer clientId=consumer-Consumer-se2b1cd68x8178x432exa149xb80abb82e2b0-26, groupId=Consumer-se2b1cd68x8178x432exa149xb80abb82e2b0] Adding newly assigned partitions: se2b1cd68x8178x432exa149xb80abb82e2b0-0
2025-08-12 17:22:53,150 INFO  [org.apa.kaf.cli.con.int.ConsumerUtils] (Thread-800) Setting offset for partition se2b1cd68x8178x432exa149xb80abb82e2b0-0 to the committed offset FetchPosition{offset=10, offsetEpoch=Optional[0], currentLeader=LeaderAndEpoch{leader=Optional[localhost:32769 (id: 0 rack: null)], epoch=0}}
2025-08-12 17:22:53,403 INFO  [io.api.tes.ser.api.KafkaSerdesTester] (Thread-800) se2b1cd68x8178x432exa149xb80abb82e2b0 0 10 header {
  time {
  }
}
d1: 1.755019369941E12
s1: "a"
i1: 123
bi1: 1
point {
  longitude: 22.0
  latitude: 22.0
  altitude: 1.0
}

2025-08-12 17:22:53,403 INFO  [io.api.tes.ser.api.KafkaSerdesTester] (Thread-800) se2b1cd68x8178x432exa149xb80abb82e2b0 0 11 header {
  time {
  }
}
d1: 1.7550193701E12
s1: "a"
i1: 123
bi1: 1
point {
  longitude: 22.0
  latitude: 22.0
  altitude: 1.0
}

2025-08-12 17:22:53,404 INFO  [io.api.tes.ser.api.KafkaSerdesTester] (Thread-800) se2b1cd68x8178x432exa149xb80abb82e2b0 0 12 header {
  time {
  }
}
d1: 1.755019370102E12
s1: "a"
i1: 123
bi1: 1
point {
  longitude: 22.0
  latitude: 22.0
  altitude: 1.0
}

2025-08-12 17:22:53,404 INFO  [io.api.tes.ser.api.KafkaSerdesTester] (Thread-800) se2b1cd68x8178x432exa149xb80abb82e2b0 0 13 header {
  time {
  }
}
d1: 1.755019370104E12
s1: "a"
i1: 123
bi1: 1
point {
  longitude: 22.0
  latitude: 22.0
  altitude: 1.0
}

2025-08-12 17:22:53,404 INFO  [io.api.tes.ser.api.KafkaSerdesTester] (Thread-800) se2b1cd68x8178x432exa149xb80abb82e2b0 0 14 header {
  time {
  }
}
d1: 1.755019370107E12
s1: "a"
i1: 123
bi1: 1
point {
  longitude: 22.0
  latitude: 22.0
  altitude: 1.0
}

2025-08-12 17:22:53,404 INFO  [io.api.tes.ser.api.KafkaSerdesTester] (Thread-800) se2b1cd68x8178x432exa149xb80abb82e2b0 0 15 header {
  time {
  }
}
d1: 1.755019370109E12
s1: "a"
i1: 123
bi1: 1
point {
  longitude: 22.0
  latitude: 22.0
  altitude: 1.0
}

2025-08-12 17:22:53,404 INFO  [io.api.tes.ser.api.KafkaSerdesTester] (Thread-800) se2b1cd68x8178x432exa149xb80abb82e2b0 0 16 header {
  time {
  }
}
d1: 1.755019370111E12
s1: "a"
i1: 123
bi1: 1
point {
  longitude: 22.0
  latitude: 22.0
  altitude: 1.0
}

2025-08-12 17:22:53,404 INFO  [io.api.tes.ser.api.KafkaSerdesTester] (Thread-800) se2b1cd68x8178x432exa149xb80abb82e2b0 0 17 header {
  time {
  }
}
d1: 1.755019370113E12
s1: "a"
i1: 123
bi1: 1
point {
  longitude: 22.0
  latitude: 22.0
  altitude: 1.0
}

2025-08-12 17:22:53,406 INFO  [io.api.tes.ser.api.KafkaSerdesTester] (Thread-800) se2b1cd68x8178x432exa149xb80abb82e2b0 0 18 header {
  time {
  }
}
d1: 1.755019370115E12
s1: "a"
i1: 123
bi1: 1
point {
  longitude: 22.0
  latitude: 22.0
  altitude: 1.0
}

2025-08-12 17:22:53,406 INFO  [io.api.tes.ser.api.KafkaSerdesTester] (Thread-800) se2b1cd68x8178x432exa149xb80abb82e2b0 0 19 header {
  time {
  }
}
d1: 1.755019370117E12
s1: "a"
i1: 123
bi1: 1
point {
  longitude: 22.0
  latitude: 22.0
  altitude: 1.0
}

2025-08-12 17:22:53,406 INFO  [io.api.tes.ser.api.KafkaSerdesTester] (Thread-800) Consumed 10 messages
2025-08-12 17:22:53,414 INFO  [org.apa.kaf.cli.con.int.ConsumerRebalanceListenerInvoker] (Thread-800) [Consumer clientId=consumer-Consumer-se2b1cd68x8178x432exa149xb80abb82e2b0-26, groupId=Consumer-se2b1cd68x8178x432exa149xb80abb82e2b0] Revoke previously assigned partitions se2b1cd68x8178x432exa149xb80abb82e2b0-0
2025-08-12 17:22:53,414 INFO  [org.apa.kaf.cli.con.int.ConsumerCoordinator] (Thread-800) [Consumer clientId=consumer-Consumer-se2b1cd68x8178x432exa149xb80abb82e2b0-26, groupId=Consumer-se2b1cd68x8178x432exa149xb80abb82e2b0] Member consumer-Consumer-se2b1cd68x8178x432exa149xb80abb82e2b0-26-8243ca7a-dacb-426a-b485-f5eed4d9fef5 sending LeaveGroup request to coordinator localhost:32769 (id: 2147483647 rack: null) due to the consumer is being closed
2025-08-12 17:22:53,415 INFO  [org.apa.kaf.cli.con.int.ConsumerCoordinator] (Thread-800) [Consumer clientId=consumer-Consumer-se2b1cd68x8178x432exa149xb80abb82e2b0-26, groupId=Consumer-se2b1cd68x8178x432exa149xb80abb82e2b0] Resetting generation and member id due to: consumer pro-actively leaving the group
2025-08-12 17:22:53,415 INFO  [org.apa.kaf.cli.con.int.ConsumerCoordinator] (Thread-800) [Consumer clientId=consumer-Consumer-se2b1cd68x8178x432exa149xb80abb82e2b0-26, groupId=Consumer-se2b1cd68x8178x432exa149xb80abb82e2b0] Request joining group due to: consumer pro-actively leaving the group
2025-08-12 17:22:53,903 INFO  [org.apa.kaf.com.met.Metrics] (Thread-800) Metrics scheduler closed
2025-08-12 17:22:53,903 INFO  [org.apa.kaf.com.met.Metrics] (Thread-800) Closing reporter org.apache.kafka.common.metrics.JmxReporter
2025-08-12 17:22:53,903 INFO  [org.apa.kaf.com.met.Metrics] (Thread-800) Closing reporter org.apache.kafka.common.telemetry.internals.ClientTelemetryReporter
2025-08-12 17:22:53,903 INFO  [org.apa.kaf.com.met.Metrics] (Thread-800) Metrics reporters closed
2025-08-12 17:22:53,905 INFO  [org.apa.kaf.com.uti.AppInfoParser] (Thread-800) App info kafka.consumer for consumer-Consumer-se2b1cd68x8178x432exa149xb80abb82e2b0-26 unregistered
**** Registry Base URL: http://registry-app-inmemory.apps.ci419.apicurio-testing.org:80
2025-08-12 17:22:53,906 INFO  [org.apa.kaf.cli.pro.ProducerConfig] (main) ProducerConfig values: 
	acks = -1
	auto.include.jmx.reporter = true
	batch.size = 16384
	bootstrap.servers = [PLAINTEXT://localhost:32769]
	buffer.memory = 33554432
	client.dns.lookup = use_all_dns_ips
	client.id = Producer-se2b1cd68x8178x432exa149xb80abb82e2b0
	compression.gzip.level = -1
	compression.lz4.level = 9
	compression.type = none
	compression.zstd.level = 3
	connections.max.idle.ms = 10000
	delivery.timeout.ms = 120000
	enable.idempotence = true
	enable.metrics.push = true
	interceptor.classes = []
	key.serializer = class org.apache.kafka.common.serialization.StringSerializer
	linger.ms = 0
	max.block.ms = 60000
	max.in.flight.requests.per.connection = 5
	max.request.size = 1048576
	metadata.max.age.ms = 300000
	metadata.max.idle.ms = 300000
	metadata.recovery.strategy = none
	metric.reporters = []
	metrics.num.samples = 2
	metrics.recording.level = INFO
	metrics.sample.window.ms = 30000
	partitioner.adaptive.partitioning.enable = true
	partitioner.availability.timeout.ms = 0
	partitioner.class = null
	partitioner.ignore.keys = false
	receive.buffer.bytes = 32768
	reconnect.backoff.max.ms = 1000
	reconnect.backoff.ms = 50
	request.timeout.ms = 5000
	retries = 2147483647
	retry.backoff.max.ms = 1000
	retry.backoff.ms = 100
	sasl.client.callback.handler.class = null
	sasl.jaas.config = null
	sasl.kerberos.kinit.cmd = /usr/bin/kinit
	sasl.kerberos.min.time.before.relogin = 60000
	sasl.kerberos.service.name = null
	sasl.kerberos.ticket.renew.jitter = 0.05
	sasl.kerberos.ticket.renew.window.factor = 0.8
	sasl.login.callback.handler.class = null
	sasl.login.class = null
	sasl.login.connect.timeout.ms = null
	sasl.login.read.timeout.ms = null
	sasl.login.refresh.buffer.seconds = 300
	sasl.login.refresh.min.period.seconds = 60
	sasl.login.refresh.window.factor = 0.8
	sasl.login.refresh.window.jitter = 0.05
	sasl.login.retry.backoff.max.ms = 10000
	sasl.login.retry.backoff.ms = 100
	sasl.mechanism = GSSAPI
	sasl.oauthbearer.clock.skew.seconds = 30
	sasl.oauthbearer.expected.audience = null
	sasl.oauthbearer.expected.issuer = null
	sasl.oauthbearer.header.urlencode = false
	sasl.oauthbearer.jwks.endpoint.refresh.ms = 3600000
	sasl.oauthbearer.jwks.endpoint.retry.backoff.max.ms = 10000
	sasl.oauthbearer.jwks.endpoint.retry.backoff.ms = 100
	sasl.oauthbearer.jwks.endpoint.url = null
	sasl.oauthbearer.scope.claim.name = scope
	sasl.oauthbearer.sub.claim.name = sub
	sasl.oauthbearer.token.endpoint.url = null
	security.protocol = PLAINTEXT
	security.providers = null
	send.buffer.bytes = 131072
	socket.connection.setup.timeout.max.ms = 30000
	socket.connection.setup.timeout.ms = 10000
	ssl.cipher.suites = null
	ssl.enabled.protocols = [TLSv1.2, TLSv1.3]
	ssl.endpoint.identification.algorithm = https
	ssl.engine.factory.class = null
	ssl.key.password = null
	ssl.keymanager.algorithm = SunX509
	ssl.keystore.certificate.chain = null
	ssl.keystore.key = null
	ssl.keystore.location = null
	ssl.keystore.password = null
	ssl.keystore.type = JKS
	ssl.protocol = TLSv1.3
	ssl.provider = null
	ssl.secure.random.implementation = null
	ssl.trustmanager.algorithm = PKIX
	ssl.truststore.certificates = null
	ssl.truststore.location = null
	ssl.truststore.password = null
	ssl.truststore.type = JKS
	transaction.timeout.ms = 60000
	transactional.id = null
	value.serializer = class io.apicurio.registry.serde.protobuf.ProtobufKafkaSerializer

2025-08-12 17:22:53,906 INFO  [org.apa.kaf.com.tel.int.KafkaMetricsCollector] (main) initializing Kafka metrics collector
2025-08-12 17:22:53,911 INFO  [org.apa.kaf.cli.pro.KafkaProducer] (main) [Producer clientId=Producer-se2b1cd68x8178x432exa149xb80abb82e2b0] Instantiated an idempotent producer.
2025-08-12 17:22:53,912 INFO  [org.apa.kaf.cli.pro.ProducerConfig] (main) These configurations '[apicurio.registry.url, apicurio.registry.headers.enabled, apicurio.registry.artifact-resolver-strategy]' were supplied but are not used yet.
2025-08-12 17:22:53,913 INFO  [org.apa.kaf.com.uti.AppInfoParser] (main) Kafka version: 3.9.1
2025-08-12 17:22:53,913 INFO  [org.apa.kaf.com.uti.AppInfoParser] (main) Kafka commitId: f745dfdcee2b9851
2025-08-12 17:22:53,913 INFO  [org.apa.kaf.com.uti.AppInfoParser] (main) Kafka startTimeMs: 1755019373912
2025-08-12 17:22:53,913 INFO  [io.api.tes.ser.api.SimpleSerdesTesterBuilder$SimpleSerdesTester] (main) Using producer configuration: {apicurio.registry.url=http://registry-app-inmemory.apps.ci419.apicurio-testing.org:80/apis/registry/v3, apicurio.registry.headers.enabled=true, apicurio.registry.artifact-resolver-strategy=io.apicurio.registry.serde.strategy.TopicIdStrategy, value.serializer=io.apicurio.registry.serde.protobuf.ProtobufKafkaSerializer, request.timeout.ms=5000, acks=all, bootstrap.servers=PLAINTEXT://localhost:32769, connections.max.idle.ms=10000, key.serializer=org.apache.kafka.common.serialization.StringSerializer, client.id=Producer-se2b1cd68x8178x432exa149xb80abb82e2b0}
2025-08-12 17:22:53,913 INFO  [io.api.tes.ser.api.SimpleSerdesTesterBuilder$SimpleSerdesTester] (main) Using consumer configuration: {apicurio.registry.headers.enabled=true}
2025-08-12 17:22:53,915 INFO  [io.api.tes.ser.api.KafkaSerdesTester] (Thread-803) Sending message msb: 1755019373914
lsb: 321
 to topic se2b1cd68x8178x432exa149xb80abb82e2b0
2025-08-12 17:22:53,917 INFO  [org.apa.kaf.cli.Metadata] (kafka-producer-network-thread | Producer-se2b1cd68x8178x432exa149xb80abb82e2b0) [Producer clientId=Producer-se2b1cd68x8178x432exa149xb80abb82e2b0] Cluster ID: Ursznb63T6OTazTEUvngGA
2025-08-12 17:22:53,918 INFO  [DefaultSchemaResolver] (Thread-803) Retrieving schema content using string: // Proto schema formatted by Wire, do not edit.
// Source: 

syntax = "proto3";

package io.apicurio.registry.common.proto;

option java_package = "io.apicurio.registry.common.proto";
option java_outer_classname = "Cmmn";

message UUID {
  fixed64 msb = 1;

  fixed64 lsb = 2;
}

2025-08-12 17:22:53,918 INFO  [org.apa.kaf.cli.pro.int.TransactionManager] (kafka-producer-network-thread | Producer-se2b1cd68x8178x432exa149xb80abb82e2b0) [Producer clientId=Producer-se2b1cd68x8178x432exa149xb80abb82e2b0] ProducerId set to 36 with epoch 0
2025-08-12 17:22:54,069 INFO  [io.api.tes.ser.api.KafkaSerdesTester] (Thread-803) Sending message msb: 1755019374069
lsb: 321
 to topic se2b1cd68x8178x432exa149xb80abb82e2b0
2025-08-12 17:22:54,070 INFO  [io.api.tes.ser.api.KafkaSerdesTester] (Thread-803) Sending message msb: 1755019374070
lsb: 321
 to topic se2b1cd68x8178x432exa149xb80abb82e2b0
2025-08-12 17:22:54,071 INFO  [io.api.tes.ser.api.KafkaSerdesTester] (Thread-803) Sending message msb: 1755019374071
lsb: 321
 to topic se2b1cd68x8178x432exa149xb80abb82e2b0
2025-08-12 17:22:54,072 INFO  [io.api.tes.ser.api.KafkaSerdesTester] (Thread-803) Sending message msb: 1755019374072
lsb: 321
 to topic se2b1cd68x8178x432exa149xb80abb82e2b0
2025-08-12 17:22:54,073 INFO  [io.api.tes.ser.api.KafkaSerdesTester] (Thread-803) Sending message msb: 1755019374073
lsb: 321
 to topic se2b1cd68x8178x432exa149xb80abb82e2b0
2025-08-12 17:22:54,075 INFO  [io.api.tes.ser.api.KafkaSerdesTester] (Thread-803) Sending message msb: 1755019374075
lsb: 321
 to topic se2b1cd68x8178x432exa149xb80abb82e2b0
2025-08-12 17:22:54,077 INFO  [io.api.tes.ser.api.KafkaSerdesTester] (Thread-803) Sending message msb: 1755019374076
lsb: 321
 to topic se2b1cd68x8178x432exa149xb80abb82e2b0
2025-08-12 17:22:54,078 INFO  [io.api.tes.ser.api.KafkaSerdesTester] (Thread-803) Sending message msb: 1755019374078
lsb: 321
 to topic se2b1cd68x8178x432exa149xb80abb82e2b0
2025-08-12 17:22:54,079 INFO  [io.api.tes.ser.api.KafkaSerdesTester] (Thread-803) Sending message msb: 1755019374079
lsb: 321
 to topic se2b1cd68x8178x432exa149xb80abb82e2b0
2025-08-12 17:22:54,085 INFO  [io.api.tes.ser.api.KafkaSerdesTester] (Thread-803) Produced 10 messages
2025-08-12 17:22:54,085 INFO  [org.apa.kaf.cli.pro.KafkaProducer] (Thread-803) [Producer clientId=Producer-se2b1cd68x8178x432exa149xb80abb82e2b0] Closing the Kafka producer with timeoutMillis = 9223372036854775807 ms.
2025-08-12 17:22:54,087 INFO  [org.apa.kaf.com.met.Metrics] (Thread-803) Metrics scheduler closed
2025-08-12 17:22:54,087 INFO  [org.apa.kaf.com.met.Metrics] (Thread-803) Closing reporter org.apache.kafka.common.metrics.JmxReporter
2025-08-12 17:22:54,087 INFO  [org.apa.kaf.com.met.Metrics] (Thread-803) Closing reporter org.apache.kafka.common.telemetry.internals.ClientTelemetryReporter
2025-08-12 17:22:54,087 INFO  [org.apa.kaf.com.met.Metrics] (Thread-803) Metrics reporters closed
2025-08-12 17:22:54,087 INFO  [org.apa.kaf.com.uti.AppInfoParser] (Thread-803) App info kafka.producer for Producer-se2b1cd68x8178x432exa149xb80abb82e2b0 unregistered
**** Registry Base URL: http://registry-app-inmemory.apps.ci419.apicurio-testing.org:80
2025-08-12 17:22:54,088 INFO  [org.apa.kaf.cli.con.ConsumerConfig] (main) ConsumerConfig values: 
	allow.auto.create.topics = true
	auto.commit.interval.ms = 500
	auto.include.jmx.reporter = true
	auto.offset.reset = earliest
	bootstrap.servers = [PLAINTEXT://localhost:32769]
	check.crcs = true
	client.dns.lookup = use_all_dns_ips
	client.id = consumer-Consumer-se2b1cd68x8178x432exa149xb80abb82e2b0-27
	client.rack = 
	connections.max.idle.ms = 10000
	default.api.timeout.ms = 60000
	enable.auto.commit = true
	enable.metrics.push = true
	exclude.internal.topics = true
	fetch.max.bytes = 52428800
	fetch.max.wait.ms = 500
	fetch.min.bytes = 1
	group.id = Consumer-se2b1cd68x8178x432exa149xb80abb82e2b0
	group.instance.id = null
	group.protocol = classic
	group.remote.assignor = null
	heartbeat.interval.ms = 3000
	interceptor.classes = []
	internal.leave.group.on.close = true
	internal.throw.on.fetch.stable.offset.unsupported = false
	isolation.level = read_uncommitted
	key.deserializer = class org.apache.kafka.common.serialization.StringDeserializer
	max.partition.fetch.bytes = 1048576
	max.poll.interval.ms = 300000
	max.poll.records = 500
	metadata.max.age.ms = 300000
	metadata.recovery.strategy = none
	metric.reporters = []
	metrics.num.samples = 2
	metrics.recording.level = INFO
	metrics.sample.window.ms = 30000
	partition.assignment.strategy = [class org.apache.kafka.clients.consumer.RangeAssignor, class org.apache.kafka.clients.consumer.CooperativeStickyAssignor]
	receive.buffer.bytes = 65536
	reconnect.backoff.max.ms = 1000
	reconnect.backoff.ms = 50
	request.timeout.ms = 5000
	retry.backoff.max.ms = 1000
	retry.backoff.ms = 100
	sasl.client.callback.handler.class = null
	sasl.jaas.config = null
	sasl.kerberos.kinit.cmd = /usr/bin/kinit
	sasl.kerberos.min.time.before.relogin = 60000
	sasl.kerberos.service.name = null
	sasl.kerberos.ticket.renew.jitter = 0.05
	sasl.kerberos.ticket.renew.window.factor = 0.8
	sasl.login.callback.handler.class = null
	sasl.login.class = null
	sasl.login.connect.timeout.ms = null
	sasl.login.read.timeout.ms = null
	sasl.login.refresh.buffer.seconds = 300
	sasl.login.refresh.min.period.seconds = 60
	sasl.login.refresh.window.factor = 0.8
	sasl.login.refresh.window.jitter = 0.05
	sasl.login.retry.backoff.max.ms = 10000
	sasl.login.retry.backoff.ms = 100
	sasl.mechanism = GSSAPI
	sasl.oauthbearer.clock.skew.seconds = 30
	sasl.oauthbearer.expected.audience = null
	sasl.oauthbearer.expected.issuer = null
	sasl.oauthbearer.header.urlencode = false
	sasl.oauthbearer.jwks.endpoint.refresh.ms = 3600000
	sasl.oauthbearer.jwks.endpoint.retry.backoff.max.ms = 10000
	sasl.oauthbearer.jwks.endpoint.retry.backoff.ms = 100
	sasl.oauthbearer.jwks.endpoint.url = null
	sasl.oauthbearer.scope.claim.name = scope
	sasl.oauthbearer.sub.claim.name = sub
	sasl.oauthbearer.token.endpoint.url = null
	security.protocol = PLAINTEXT
	security.providers = null
	send.buffer.bytes = 131072
	session.timeout.ms = 45000
	socket.connection.setup.timeout.max.ms = 30000
	socket.connection.setup.timeout.ms = 10000
	ssl.cipher.suites = null
	ssl.enabled.protocols = [TLSv1.2, TLSv1.3]
	ssl.endpoint.identification.algorithm = https
	ssl.engine.factory.class = null
	ssl.key.password = null
	ssl.keymanager.algorithm = SunX509
	ssl.keystore.certificate.chain = null
	ssl.keystore.key = null
	ssl.keystore.location = null
	ssl.keystore.password = null
	ssl.keystore.type = JKS
	ssl.protocol = TLSv1.3
	ssl.provider = null
	ssl.secure.random.implementation = null
	ssl.trustmanager.algorithm = PKIX
	ssl.truststore.certificates = null
	ssl.truststore.location = null
	ssl.truststore.password = null
	ssl.truststore.type = JKS
	value.deserializer = class io.apicurio.registry.serde.protobuf.ProtobufKafkaDeserializer

2025-08-12 17:22:54,088 INFO  [org.apa.kaf.com.tel.int.KafkaMetricsCollector] (main) initializing Kafka metrics collector
2025-08-12 17:22:54,098 INFO  [org.apa.kaf.cli.con.ConsumerConfig] (main) These configurations '[apicurio.registry.url, apicurio.registry.headers.enabled]' were supplied but are not used yet.
2025-08-12 17:22:54,098 INFO  [org.apa.kaf.com.uti.AppInfoParser] (main) Kafka version: 3.9.1
2025-08-12 17:22:54,098 INFO  [org.apa.kaf.com.uti.AppInfoParser] (main) Kafka commitId: f745dfdcee2b9851
2025-08-12 17:22:54,098 INFO  [org.apa.kaf.com.uti.AppInfoParser] (main) Kafka startTimeMs: 1755019374098
2025-08-12 17:22:54,098 INFO  [org.apa.kaf.cli.con.int.ClassicKafkaConsumer] (Thread-806) [Consumer clientId=consumer-Consumer-se2b1cd68x8178x432exa149xb80abb82e2b0-27, groupId=Consumer-se2b1cd68x8178x432exa149xb80abb82e2b0] Subscribed to topic(s): se2b1cd68x8178x432exa149xb80abb82e2b0
2025-08-12 17:22:54,101 INFO  [org.apa.kaf.cli.Metadata] (Thread-806) [Consumer clientId=consumer-Consumer-se2b1cd68x8178x432exa149xb80abb82e2b0-27, groupId=Consumer-se2b1cd68x8178x432exa149xb80abb82e2b0] Cluster ID: Ursznb63T6OTazTEUvngGA
2025-08-12 17:22:54,101 INFO  [org.apa.kaf.cli.con.int.ConsumerCoordinator] (Thread-806) [Consumer clientId=consumer-Consumer-se2b1cd68x8178x432exa149xb80abb82e2b0-27, groupId=Consumer-se2b1cd68x8178x432exa149xb80abb82e2b0] Discovered group coordinator localhost:32769 (id: 2147483647 rack: null)
2025-08-12 17:22:54,103 INFO  [org.apa.kaf.cli.con.int.ConsumerCoordinator] (Thread-806) [Consumer clientId=consumer-Consumer-se2b1cd68x8178x432exa149xb80abb82e2b0-27, groupId=Consumer-se2b1cd68x8178x432exa149xb80abb82e2b0] (Re-)joining group
2025-08-12 17:22:54,104 INFO  [org.apa.kaf.cli.con.int.ConsumerCoordinator] (Thread-806) [Consumer clientId=consumer-Consumer-se2b1cd68x8178x432exa149xb80abb82e2b0-27, groupId=Consumer-se2b1cd68x8178x432exa149xb80abb82e2b0] Request joining group due to: need to re-join with the given member-id: consumer-Consumer-se2b1cd68x8178x432exa149xb80abb82e2b0-27-2acaf1b3-726b-419b-a953-6293d9fd7329
2025-08-12 17:22:54,104 INFO  [org.apa.kaf.cli.con.int.ConsumerCoordinator] (Thread-806) [Consumer clientId=consumer-Consumer-se2b1cd68x8178x432exa149xb80abb82e2b0-27, groupId=Consumer-se2b1cd68x8178x432exa149xb80abb82e2b0] (Re-)joining group
2025-08-12 17:22:55,098 INFO  [io.api.tes.ser.api.KafkaSerdesTester] (Thread-806) None found
2025-08-12 17:22:56,098 INFO  [io.api.tes.ser.api.KafkaSerdesTester] (Thread-806) None found
2025-08-12 17:22:57,098 INFO  [io.api.tes.ser.api.KafkaSerdesTester] (Thread-806) None found
2025-08-12 17:22:57,105 INFO  [org.apa.kaf.cli.con.int.ConsumerCoordinator] (Thread-806) [Consumer clientId=consumer-Consumer-se2b1cd68x8178x432exa149xb80abb82e2b0-27, groupId=Consumer-se2b1cd68x8178x432exa149xb80abb82e2b0] Successfully joined group with generation Generation{generationId=5, memberId='consumer-Consumer-se2b1cd68x8178x432exa149xb80abb82e2b0-27-2acaf1b3-726b-419b-a953-6293d9fd7329', protocol='range'}
2025-08-12 17:22:57,106 INFO  [org.apa.kaf.cli.con.int.ConsumerCoordinator] (Thread-806) [Consumer clientId=consumer-Consumer-se2b1cd68x8178x432exa149xb80abb82e2b0-27, groupId=Consumer-se2b1cd68x8178x432exa149xb80abb82e2b0] Finished assignment for group at generation 5: {consumer-Consumer-se2b1cd68x8178x432exa149xb80abb82e2b0-27-2acaf1b3-726b-419b-a953-6293d9fd7329=Assignment(partitions=[se2b1cd68x8178x432exa149xb80abb82e2b0-0])}
2025-08-12 17:22:57,112 INFO  [org.apa.kaf.cli.con.int.ConsumerCoordinator] (Thread-806) [Consumer clientId=consumer-Consumer-se2b1cd68x8178x432exa149xb80abb82e2b0-27, groupId=Consumer-se2b1cd68x8178x432exa149xb80abb82e2b0] Successfully synced group in generation Generation{generationId=5, memberId='consumer-Consumer-se2b1cd68x8178x432exa149xb80abb82e2b0-27-2acaf1b3-726b-419b-a953-6293d9fd7329', protocol='range'}
2025-08-12 17:22:57,113 INFO  [org.apa.kaf.cli.con.int.ConsumerCoordinator] (Thread-806) [Consumer clientId=consumer-Consumer-se2b1cd68x8178x432exa149xb80abb82e2b0-27, groupId=Consumer-se2b1cd68x8178x432exa149xb80abb82e2b0] Notifying assignor about the new Assignment(partitions=[se2b1cd68x8178x432exa149xb80abb82e2b0-0])
2025-08-12 17:22:57,113 INFO  [org.apa.kaf.cli.con.int.ConsumerRebalanceListenerInvoker] (Thread-806) [Consumer clientId=consumer-Consumer-se2b1cd68x8178x432exa149xb80abb82e2b0-27, groupId=Consumer-se2b1cd68x8178x432exa149xb80abb82e2b0] Adding newly assigned partitions: se2b1cd68x8178x432exa149xb80abb82e2b0-0
2025-08-12 17:22:57,113 INFO  [org.apa.kaf.cli.con.int.ConsumerUtils] (Thread-806) Setting offset for partition se2b1cd68x8178x432exa149xb80abb82e2b0-0 to the committed offset FetchPosition{offset=20, offsetEpoch=Optional[0], currentLeader=LeaderAndEpoch{leader=Optional[localhost:32769 (id: 0 rack: null)], epoch=0}}
2025-08-12 17:22:57,331 INFO  [io.api.tes.ser.api.KafkaSerdesTester] (Thread-806) se2b1cd68x8178x432exa149xb80abb82e2b0 0 20 msb: 1755019373914
lsb: 321

2025-08-12 17:22:57,332 INFO  [io.api.tes.ser.api.KafkaSerdesTester] (Thread-806) se2b1cd68x8178x432exa149xb80abb82e2b0 0 21 msb: 1755019374069
lsb: 321

2025-08-12 17:22:57,332 INFO  [io.api.tes.ser.api.KafkaSerdesTester] (Thread-806) se2b1cd68x8178x432exa149xb80abb82e2b0 0 22 msb: 1755019374070
lsb: 321

2025-08-12 17:22:57,332 INFO  [io.api.tes.ser.api.KafkaSerdesTester] (Thread-806) se2b1cd68x8178x432exa149xb80abb82e2b0 0 23 msb: 1755019374071
lsb: 321

2025-08-12 17:22:57,332 INFO  [io.api.tes.ser.api.KafkaSerdesTester] (Thread-806) se2b1cd68x8178x432exa149xb80abb82e2b0 0 24 msb: 1755019374072
lsb: 321

2025-08-12 17:22:57,332 INFO  [io.api.tes.ser.api.KafkaSerdesTester] (Thread-806) se2b1cd68x8178x432exa149xb80abb82e2b0 0 25 msb: 1755019374073
lsb: 321

2025-08-12 17:22:57,332 INFO  [io.api.tes.ser.api.KafkaSerdesTester] (Thread-806) se2b1cd68x8178x432exa149xb80abb82e2b0 0 26 msb: 1755019374075
lsb: 321

2025-08-12 17:22:57,332 INFO  [io.api.tes.ser.api.KafkaSerdesTester] (Thread-806) se2b1cd68x8178x432exa149xb80abb82e2b0 0 27 msb: 1755019374076
lsb: 321

2025-08-12 17:22:57,332 INFO  [io.api.tes.ser.api.KafkaSerdesTester] (Thread-806) se2b1cd68x8178x432exa149xb80abb82e2b0 0 28 msb: 1755019374078
lsb: 321

2025-08-12 17:22:57,332 INFO  [io.api.tes.ser.api.KafkaSerdesTester] (Thread-806) se2b1cd68x8178x432exa149xb80abb82e2b0 0 29 msb: 1755019374079
lsb: 321

2025-08-12 17:22:57,332 INFO  [io.api.tes.ser.api.KafkaSerdesTester] (Thread-806) Consumed 10 messages
2025-08-12 17:22:57,341 INFO  [org.apa.kaf.cli.con.int.ConsumerRebalanceListenerInvoker] (Thread-806) [Consumer clientId=consumer-Consumer-se2b1cd68x8178x432exa149xb80abb82e2b0-27, groupId=Consumer-se2b1cd68x8178x432exa149xb80abb82e2b0] Revoke previously assigned partitions se2b1cd68x8178x432exa149xb80abb82e2b0-0
2025-08-12 17:22:57,341 INFO  [org.apa.kaf.cli.con.int.ConsumerCoordinator] (Thread-806) [Consumer clientId=consumer-Consumer-se2b1cd68x8178x432exa149xb80abb82e2b0-27, groupId=Consumer-se2b1cd68x8178x432exa149xb80abb82e2b0] Member consumer-Consumer-se2b1cd68x8178x432exa149xb80abb82e2b0-27-2acaf1b3-726b-419b-a953-6293d9fd7329 sending LeaveGroup request to coordinator localhost:32769 (id: 2147483647 rack: null) due to the consumer is being closed
2025-08-12 17:22:57,341 INFO  [org.apa.kaf.cli.con.int.ConsumerCoordinator] (Thread-806) [Consumer clientId=consumer-Consumer-se2b1cd68x8178x432exa149xb80abb82e2b0-27, groupId=Consumer-se2b1cd68x8178x432exa149xb80abb82e2b0] Resetting generation and member id due to: consumer pro-actively leaving the group
2025-08-12 17:22:57,341 INFO  [org.apa.kaf.cli.con.int.ConsumerCoordinator] (Thread-806) [Consumer clientId=consumer-Consumer-se2b1cd68x8178x432exa149xb80abb82e2b0-27, groupId=Consumer-se2b1cd68x8178x432exa149xb80abb82e2b0] Request joining group due to: consumer pro-actively leaving the group
2025-08-12 17:22:57,835 INFO  [org.apa.kaf.com.met.Metrics] (Thread-806) Metrics scheduler closed
2025-08-12 17:22:57,835 INFO  [org.apa.kaf.com.met.Metrics] (Thread-806) Closing reporter org.apache.kafka.common.metrics.JmxReporter
2025-08-12 17:22:57,835 INFO  [org.apa.kaf.com.met.Metrics] (Thread-806) Closing reporter org.apache.kafka.common.telemetry.internals.ClientTelemetryReporter
2025-08-12 17:22:57,835 INFO  [org.apa.kaf.com.met.Metrics] (Thread-806) Metrics reporters closed
2025-08-12 17:22:57,836 INFO  [org.apa.kaf.com.uti.AppInfoParser] (Thread-806) App info kafka.consumer for consumer-Consumer-se2b1cd68x8178x432exa149xb80abb82e2b0-27 unregistered
**** Registry Base URL: http://registry-app-inmemory.apps.ci419.apicurio-testing.org:80
2025-08-12 17:22:57,837 INFO  [org.apa.kaf.cli.pro.ProducerConfig] (main) ProducerConfig values: 
	acks = -1
	auto.include.jmx.reporter = true
	batch.size = 16384
	bootstrap.servers = [PLAINTEXT://localhost:32769]
	buffer.memory = 33554432
	client.dns.lookup = use_all_dns_ips
	client.id = Producer-se2b1cd68x8178x432exa149xb80abb82e2b0
	compression.gzip.level = -1
	compression.lz4.level = 9
	compression.type = none
	compression.zstd.level = 3
	connections.max.idle.ms = 10000
	delivery.timeout.ms = 120000
	enable.idempotence = true
	enable.metrics.push = true
	interceptor.classes = []
	key.serializer = class org.apache.kafka.common.serialization.StringSerializer
	linger.ms = 0
	max.block.ms = 60000
	max.in.flight.requests.per.connection = 5
	max.request.size = 1048576
	metadata.max.age.ms = 300000
	metadata.max.idle.ms = 300000
	metadata.recovery.strategy = none
	metric.reporters = []
	metrics.num.samples = 2
	metrics.recording.level = INFO
	metrics.sample.window.ms = 30000
	partitioner.adaptive.partitioning.enable = true
	partitioner.availability.timeout.ms = 0
	partitioner.class = null
	partitioner.ignore.keys = false
	receive.buffer.bytes = 32768
	reconnect.backoff.max.ms = 1000
	reconnect.backoff.ms = 50
	request.timeout.ms = 5000
	retries = 2147483647
	retry.backoff.max.ms = 1000
	retry.backoff.ms = 100
	sasl.client.callback.handler.class = null
	sasl.jaas.config = null
	sasl.kerberos.kinit.cmd = /usr/bin/kinit
	sasl.kerberos.min.time.before.relogin = 60000
	sasl.kerberos.service.name = null
	sasl.kerberos.ticket.renew.jitter = 0.05
	sasl.kerberos.ticket.renew.window.factor = 0.8
	sasl.login.callback.handler.class = null
	sasl.login.class = null
	sasl.login.connect.timeout.ms = null
	sasl.login.read.timeout.ms = null
	sasl.login.refresh.buffer.seconds = 300
	sasl.login.refresh.min.period.seconds = 60
	sasl.login.refresh.window.factor = 0.8
	sasl.login.refresh.window.jitter = 0.05
	sasl.login.retry.backoff.max.ms = 10000
	sasl.login.retry.backoff.ms = 100
	sasl.mechanism = GSSAPI
	sasl.oauthbearer.clock.skew.seconds = 30
	sasl.oauthbearer.expected.audience = null
	sasl.oauthbearer.expected.issuer = null
	sasl.oauthbearer.header.urlencode = false
	sasl.oauthbearer.jwks.endpoint.refresh.ms = 3600000
	sasl.oauthbearer.jwks.endpoint.retry.backoff.max.ms = 10000
	sasl.oauthbearer.jwks.endpoint.retry.backoff.ms = 100
	sasl.oauthbearer.jwks.endpoint.url = null
	sasl.oauthbearer.scope.claim.name = scope
	sasl.oauthbearer.sub.claim.name = sub
	sasl.oauthbearer.token.endpoint.url = null
	security.protocol = PLAINTEXT
	security.providers = null
	send.buffer.bytes = 131072
	socket.connection.setup.timeout.max.ms = 30000
	socket.connection.setup.timeout.ms = 10000
	ssl.cipher.suites = null
	ssl.enabled.protocols = [TLSv1.2, TLSv1.3]
	ssl.endpoint.identification.algorithm = https
	ssl.engine.factory.class = null
	ssl.key.password = null
	ssl.keymanager.algorithm = SunX509
	ssl.keystore.certificate.chain = null
	ssl.keystore.key = null
	ssl.keystore.location = null
	ssl.keystore.password = null
	ssl.keystore.type = JKS
	ssl.protocol = TLSv1.3
	ssl.provider = null
	ssl.secure.random.implementation = null
	ssl.trustmanager.algorithm = PKIX
	ssl.truststore.certificates = null
	ssl.truststore.location = null
	ssl.truststore.password = null
	ssl.truststore.type = JKS
	transaction.timeout.ms = 60000
	transactional.id = null
	value.serializer = class io.apicurio.registry.serde.protobuf.ProtobufKafkaSerializer

2025-08-12 17:22:57,837 INFO  [org.apa.kaf.com.tel.int.KafkaMetricsCollector] (main) initializing Kafka metrics collector
2025-08-12 17:22:57,841 INFO  [org.apa.kaf.cli.pro.KafkaProducer] (main) [Producer clientId=Producer-se2b1cd68x8178x432exa149xb80abb82e2b0] Instantiated an idempotent producer.
2025-08-12 17:22:57,842 INFO  [org.apa.kaf.cli.pro.ProducerConfig] (main) These configurations '[apicurio.registry.find-latest, apicurio.registry.url, apicurio.registry.artifact-resolver-strategy]' were supplied but are not used yet.
2025-08-12 17:22:57,842 INFO  [org.apa.kaf.com.uti.AppInfoParser] (main) Kafka version: 3.9.1
2025-08-12 17:22:57,842 INFO  [org.apa.kaf.com.uti.AppInfoParser] (main) Kafka commitId: f745dfdcee2b9851
2025-08-12 17:22:57,842 INFO  [org.apa.kaf.com.uti.AppInfoParser] (main) Kafka startTimeMs: 1755019377842
2025-08-12 17:22:57,844 INFO  [io.api.tes.ser.api.KafkaSerdesTester] (Thread-809) Sending message header {
  time {
  }
}
d1: 1.755019377844E12
s1: "a"
i1: 123
bi1: 1
point {
  longitude: 22.0
  latitude: 22.0
  altitude: 1.0
}
 to topic se2b1cd68x8178x432exa149xb80abb82e2b0
2025-08-12 17:22:57,846 INFO  [org.apa.kaf.cli.Metadata] (kafka-producer-network-thread | Producer-se2b1cd68x8178x432exa149xb80abb82e2b0) [Producer clientId=Producer-se2b1cd68x8178x432exa149xb80abb82e2b0] Cluster ID: Ursznb63T6OTazTEUvngGA
2025-08-12 17:22:57,846 INFO  [org.apa.kaf.cli.pro.int.TransactionManager] (kafka-producer-network-thread | Producer-se2b1cd68x8178x432exa149xb80abb82e2b0) [Producer clientId=Producer-se2b1cd68x8178x432exa149xb80abb82e2b0] ProducerId set to 37 with epoch 0
2025-08-12 17:22:58,132 INFO  [org.apa.kaf.cli.pro.KafkaProducer] (Thread-809) [Producer clientId=Producer-se2b1cd68x8178x432exa149xb80abb82e2b0] Closing the Kafka producer with timeoutMillis = 9223372036854775807 ms.
2025-08-12 17:22:58,133 INFO  [org.apa.kaf.com.met.Metrics] (Thread-809) Metrics scheduler closed
2025-08-12 17:22:58,133 INFO  [org.apa.kaf.com.met.Metrics] (Thread-809) Closing reporter org.apache.kafka.common.metrics.JmxReporter
2025-08-12 17:22:58,133 INFO  [org.apa.kaf.com.met.Metrics] (Thread-809) Closing reporter org.apache.kafka.common.telemetry.internals.ClientTelemetryReporter
2025-08-12 17:22:58,133 INFO  [org.apa.kaf.com.met.Metrics] (Thread-809) Metrics reporters closed
2025-08-12 17:22:58,133 INFO  [org.apa.kaf.com.uti.AppInfoParser] (Thread-809) App info kafka.producer for Producer-se2b1cd68x8178x432exa149xb80abb82e2b0 unregistered
**** Registry Base URL: http://registry-app-inmemory.apps.ci419.apicurio-testing.org:80
2025-08-12 17:22:58,134 INFO  [org.apa.kaf.cli.pro.ProducerConfig] (main) ProducerConfig values: 
	acks = -1
	auto.include.jmx.reporter = true
	batch.size = 16384
	bootstrap.servers = [PLAINTEXT://localhost:32769]
	buffer.memory = 33554432
	client.dns.lookup = use_all_dns_ips
	client.id = Producer-se2b1cd68x8178x432exa149xb80abb82e2b0
	compression.gzip.level = -1
	compression.lz4.level = 9
	compression.type = none
	compression.zstd.level = 3
	connections.max.idle.ms = 10000
	delivery.timeout.ms = 120000
	enable.idempotence = true
	enable.metrics.push = true
	interceptor.classes = []
	key.serializer = class org.apache.kafka.common.serialization.StringSerializer
	linger.ms = 0
	max.block.ms = 60000
	max.in.flight.requests.per.connection = 5
	max.request.size = 1048576
	metadata.max.age.ms = 300000
	metadata.max.idle.ms = 300000
	metadata.recovery.strategy = none
	metric.reporters = []
	metrics.num.samples = 2
	metrics.recording.level = INFO
	metrics.sample.window.ms = 30000
	partitioner.adaptive.partitioning.enable = true
	partitioner.availability.timeout.ms = 0
	partitioner.class = null
	partitioner.ignore.keys = false
	receive.buffer.bytes = 32768
	reconnect.backoff.max.ms = 1000
	reconnect.backoff.ms = 50
	request.timeout.ms = 5000
	retries = 2147483647
	retry.backoff.max.ms = 1000
	retry.backoff.ms = 100
	sasl.client.callback.handler.class = null
	sasl.jaas.config = null
	sasl.kerberos.kinit.cmd = /usr/bin/kinit
	sasl.kerberos.min.time.before.relogin = 60000
	sasl.kerberos.service.name = null
	sasl.kerberos.ticket.renew.jitter = 0.05
	sasl.kerberos.ticket.renew.window.factor = 0.8
	sasl.login.callback.handler.class = null
	sasl.login.class = null
	sasl.login.connect.timeout.ms = null
	sasl.login.read.timeout.ms = null
	sasl.login.refresh.buffer.seconds = 300
	sasl.login.refresh.min.period.seconds = 60
	sasl.login.refresh.window.factor = 0.8
	sasl.login.refresh.window.jitter = 0.05
	sasl.login.retry.backoff.max.ms = 10000
	sasl.login.retry.backoff.ms = 100
	sasl.mechanism = GSSAPI
	sasl.oauthbearer.clock.skew.seconds = 30
	sasl.oauthbearer.expected.audience = null
	sasl.oauthbearer.expected.issuer = null
	sasl.oauthbearer.header.urlencode = false
	sasl.oauthbearer.jwks.endpoint.refresh.ms = 3600000
	sasl.oauthbearer.jwks.endpoint.retry.backoff.max.ms = 10000
	sasl.oauthbearer.jwks.endpoint.retry.backoff.ms = 100
	sasl.oauthbearer.jwks.endpoint.url = null
	sasl.oauthbearer.scope.claim.name = scope
	sasl.oauthbearer.sub.claim.name = sub
	sasl.oauthbearer.token.endpoint.url = null
	security.protocol = PLAINTEXT
	security.providers = null
	send.buffer.bytes = 131072
	socket.connection.setup.timeout.max.ms = 30000
	socket.connection.setup.timeout.ms = 10000
	ssl.cipher.suites = null
	ssl.enabled.protocols = [TLSv1.2, TLSv1.3]
	ssl.endpoint.identification.algorithm = https
	ssl.engine.factory.class = null
	ssl.key.password = null
	ssl.keymanager.algorithm = SunX509
	ssl.keystore.certificate.chain = null
	ssl.keystore.key = null
	ssl.keystore.location = null
	ssl.keystore.password = null
	ssl.keystore.type = JKS
	ssl.protocol = TLSv1.3
	ssl.provider = null
	ssl.secure.random.implementation = null
	ssl.trustmanager.algorithm = PKIX
	ssl.truststore.certificates = null
	ssl.truststore.location = null
	ssl.truststore.password = null
	ssl.truststore.type = JKS
	transaction.timeout.ms = 60000
	transactional.id = null
	value.serializer = class io.apicurio.registry.serde.protobuf.ProtobufKafkaSerializer

2025-08-12 17:22:58,134 INFO  [org.apa.kaf.com.tel.int.KafkaMetricsCollector] (main) initializing Kafka metrics collector
2025-08-12 17:22:58,141 INFO  [org.apa.kaf.cli.pro.KafkaProducer] (main) [Producer clientId=Producer-se2b1cd68x8178x432exa149xb80abb82e2b0] Instantiated an idempotent producer.
2025-08-12 17:22:58,143 INFO  [org.apa.kaf.cli.pro.ProducerConfig] (main) These configurations '[apicurio.registry.find-latest, apicurio.registry.url, apicurio.registry.headers.enabled, apicurio.registry.artifact-resolver-strategy]' were supplied but are not used yet.
2025-08-12 17:22:58,143 INFO  [org.apa.kaf.com.uti.AppInfoParser] (main) Kafka version: 3.9.1
2025-08-12 17:22:58,143 INFO  [org.apa.kaf.com.uti.AppInfoParser] (main) Kafka commitId: f745dfdcee2b9851
2025-08-12 17:22:58,143 INFO  [org.apa.kaf.com.uti.AppInfoParser] (main) Kafka startTimeMs: 1755019378143
2025-08-12 17:22:58,143 INFO  [io.api.tes.ser.api.SimpleSerdesTesterBuilder$SimpleSerdesTester] (main) Using producer configuration: {apicurio.registry.find-latest=true, apicurio.registry.url=http://registry-app-inmemory.apps.ci419.apicurio-testing.org:80/apis/registry/v3, apicurio.registry.headers.enabled=true, apicurio.registry.artifact-resolver-strategy=io.apicurio.registry.serde.strategy.TopicIdStrategy, value.serializer=io.apicurio.registry.serde.protobuf.ProtobufKafkaSerializer, request.timeout.ms=5000, acks=all, bootstrap.servers=PLAINTEXT://localhost:32769, connections.max.idle.ms=10000, key.serializer=org.apache.kafka.common.serialization.StringSerializer, client.id=Producer-se2b1cd68x8178x432exa149xb80abb82e2b0}
2025-08-12 17:22:58,143 INFO  [io.api.tes.ser.api.SimpleSerdesTesterBuilder$SimpleSerdesTester] (main) Using consumer configuration: {apicurio.registry.headers.enabled=true}
2025-08-12 17:22:58,144 INFO  [io.api.tes.ser.api.KafkaSerdesTester] (Thread-812) Sending message msb: 1755019378144
lsb: 321
 to topic se2b1cd68x8178x432exa149xb80abb82e2b0
2025-08-12 17:22:58,146 INFO  [org.apa.kaf.cli.Metadata] (kafka-producer-network-thread | Producer-se2b1cd68x8178x432exa149xb80abb82e2b0) [Producer clientId=Producer-se2b1cd68x8178x432exa149xb80abb82e2b0] Cluster ID: Ursznb63T6OTazTEUvngGA
2025-08-12 17:22:58,147 INFO  [org.apa.kaf.cli.pro.int.TransactionManager] (kafka-producer-network-thread | Producer-se2b1cd68x8178x432exa149xb80abb82e2b0) [Producer clientId=Producer-se2b1cd68x8178x432exa149xb80abb82e2b0] ProducerId set to 38 with epoch 0
2025-08-12 17:22:58,419 INFO  [io.api.tes.ser.api.KafkaSerdesTester] (Thread-812) Sending message msb: 1755019378419
lsb: 321
 to topic se2b1cd68x8178x432exa149xb80abb82e2b0
2025-08-12 17:22:58,420 INFO  [io.api.tes.ser.api.KafkaSerdesTester] (Thread-812) Sending message msb: 1755019378420
lsb: 321
 to topic se2b1cd68x8178x432exa149xb80abb82e2b0
2025-08-12 17:22:58,422 INFO  [io.api.tes.ser.api.KafkaSerdesTester] (Thread-812) Sending message msb: 1755019378422
lsb: 321
 to topic se2b1cd68x8178x432exa149xb80abb82e2b0
2025-08-12 17:22:58,423 INFO  [io.api.tes.ser.api.KafkaSerdesTester] (Thread-812) Sending message msb: 1755019378423
lsb: 321
 to topic se2b1cd68x8178x432exa149xb80abb82e2b0
2025-08-12 17:22:58,424 INFO  [io.api.tes.ser.api.KafkaSerdesTester] (Thread-812) Sending message msb: 1755019378424
lsb: 321
 to topic se2b1cd68x8178x432exa149xb80abb82e2b0
2025-08-12 17:22:58,425 INFO  [io.api.tes.ser.api.KafkaSerdesTester] (Thread-812) Sending message msb: 1755019378425
lsb: 321
 to topic se2b1cd68x8178x432exa149xb80abb82e2b0
2025-08-12 17:22:58,426 INFO  [io.api.tes.ser.api.KafkaSerdesTester] (Thread-812) Sending message msb: 1755019378426
lsb: 321
 to topic se2b1cd68x8178x432exa149xb80abb82e2b0
2025-08-12 17:22:58,428 INFO  [io.api.tes.ser.api.KafkaSerdesTester] (Thread-812) Sending message msb: 1755019378428
lsb: 321
 to topic se2b1cd68x8178x432exa149xb80abb82e2b0
2025-08-12 17:22:58,429 INFO  [io.api.tes.ser.api.KafkaSerdesTester] (Thread-812) Sending message msb: 1755019378429
lsb: 321
 to topic se2b1cd68x8178x432exa149xb80abb82e2b0
2025-08-12 17:22:58,430 INFO  [io.api.tes.ser.api.KafkaSerdesTester] (Thread-812) Produced 10 messages
2025-08-12 17:22:58,430 INFO  [org.apa.kaf.cli.pro.KafkaProducer] (Thread-812) [Producer clientId=Producer-se2b1cd68x8178x432exa149xb80abb82e2b0] Closing the Kafka producer with timeoutMillis = 9223372036854775807 ms.
2025-08-12 17:22:58,432 INFO  [org.apa.kaf.com.met.Metrics] (Thread-812) Metrics scheduler closed
2025-08-12 17:22:58,432 INFO  [org.apa.kaf.com.met.Metrics] (Thread-812) Closing reporter org.apache.kafka.common.metrics.JmxReporter
2025-08-12 17:22:58,432 INFO  [org.apa.kaf.com.met.Metrics] (Thread-812) Closing reporter org.apache.kafka.common.telemetry.internals.ClientTelemetryReporter
2025-08-12 17:22:58,432 INFO  [org.apa.kaf.com.met.Metrics] (Thread-812) Metrics reporters closed
2025-08-12 17:22:58,432 INFO  [org.apa.kaf.com.uti.AppInfoParser] (Thread-812) App info kafka.producer for Producer-se2b1cd68x8178x432exa149xb80abb82e2b0 unregistered
**** Registry Base URL: http://registry-app-inmemory.apps.ci419.apicurio-testing.org:80
2025-08-12 17:22:58,433 INFO  [org.apa.kaf.cli.con.ConsumerConfig] (main) ConsumerConfig values: 
	allow.auto.create.topics = true
	auto.commit.interval.ms = 500
	auto.include.jmx.reporter = true
	auto.offset.reset = earliest
	bootstrap.servers = [PLAINTEXT://localhost:32769]
	check.crcs = true
	client.dns.lookup = use_all_dns_ips
	client.id = consumer-Consumer-se2b1cd68x8178x432exa149xb80abb82e2b0-28
	client.rack = 
	connections.max.idle.ms = 10000
	default.api.timeout.ms = 60000
	enable.auto.commit = true
	enable.metrics.push = true
	exclude.internal.topics = true
	fetch.max.bytes = 52428800
	fetch.max.wait.ms = 500
	fetch.min.bytes = 1
	group.id = Consumer-se2b1cd68x8178x432exa149xb80abb82e2b0
	group.instance.id = null
	group.protocol = classic
	group.remote.assignor = null
	heartbeat.interval.ms = 3000
	interceptor.classes = []
	internal.leave.group.on.close = true
	internal.throw.on.fetch.stable.offset.unsupported = false
	isolation.level = read_uncommitted
	key.deserializer = class org.apache.kafka.common.serialization.StringDeserializer
	max.partition.fetch.bytes = 1048576
	max.poll.interval.ms = 300000
	max.poll.records = 500
	metadata.max.age.ms = 300000
	metadata.recovery.strategy = none
	metric.reporters = []
	metrics.num.samples = 2
	metrics.recording.level = INFO
	metrics.sample.window.ms = 30000
	partition.assignment.strategy = [class org.apache.kafka.clients.consumer.RangeAssignor, class org.apache.kafka.clients.consumer.CooperativeStickyAssignor]
	receive.buffer.bytes = 65536
	reconnect.backoff.max.ms = 1000
	reconnect.backoff.ms = 50
	request.timeout.ms = 5000
	retry.backoff.max.ms = 1000
	retry.backoff.ms = 100
	sasl.client.callback.handler.class = null
	sasl.jaas.config = null
	sasl.kerberos.kinit.cmd = /usr/bin/kinit
	sasl.kerberos.min.time.before.relogin = 60000
	sasl.kerberos.service.name = null
	sasl.kerberos.ticket.renew.jitter = 0.05
	sasl.kerberos.ticket.renew.window.factor = 0.8
	sasl.login.callback.handler.class = null
	sasl.login.class = null
	sasl.login.connect.timeout.ms = null
	sasl.login.read.timeout.ms = null
	sasl.login.refresh.buffer.seconds = 300
	sasl.login.refresh.min.period.seconds = 60
	sasl.login.refresh.window.factor = 0.8
	sasl.login.refresh.window.jitter = 0.05
	sasl.login.retry.backoff.max.ms = 10000
	sasl.login.retry.backoff.ms = 100
	sasl.mechanism = GSSAPI
	sasl.oauthbearer.clock.skew.seconds = 30
	sasl.oauthbearer.expected.audience = null
	sasl.oauthbearer.expected.issuer = null
	sasl.oauthbearer.header.urlencode = false
	sasl.oauthbearer.jwks.endpoint.refresh.ms = 3600000
	sasl.oauthbearer.jwks.endpoint.retry.backoff.max.ms = 10000
	sasl.oauthbearer.jwks.endpoint.retry.backoff.ms = 100
	sasl.oauthbearer.jwks.endpoint.url = null
	sasl.oauthbearer.scope.claim.name = scope
	sasl.oauthbearer.sub.claim.name = sub
	sasl.oauthbearer.token.endpoint.url = null
	security.protocol = PLAINTEXT
	security.providers = null
	send.buffer.bytes = 131072
	session.timeout.ms = 45000
	socket.connection.setup.timeout.max.ms = 30000
	socket.connection.setup.timeout.ms = 10000
	ssl.cipher.suites = null
	ssl.enabled.protocols = [TLSv1.2, TLSv1.3]
	ssl.endpoint.identification.algorithm = https
	ssl.engine.factory.class = null
	ssl.key.password = null
	ssl.keymanager.algorithm = SunX509
	ssl.keystore.certificate.chain = null
	ssl.keystore.key = null
	ssl.keystore.location = null
	ssl.keystore.password = null
	ssl.keystore.type = JKS
	ssl.protocol = TLSv1.3
	ssl.provider = null
	ssl.secure.random.implementation = null
	ssl.trustmanager.algorithm = PKIX
	ssl.truststore.certificates = null
	ssl.truststore.location = null
	ssl.truststore.password = null
	ssl.truststore.type = JKS
	value.deserializer = class io.apicurio.registry.serde.protobuf.ProtobufKafkaDeserializer

2025-08-12 17:22:58,433 INFO  [org.apa.kaf.com.tel.int.KafkaMetricsCollector] (main) initializing Kafka metrics collector
2025-08-12 17:22:58,442 INFO  [org.apa.kaf.cli.con.ConsumerConfig] (main) These configurations '[apicurio.registry.url, apicurio.registry.headers.enabled]' were supplied but are not used yet.
2025-08-12 17:22:58,442 INFO  [org.apa.kaf.com.uti.AppInfoParser] (main) Kafka version: 3.9.1
2025-08-12 17:22:58,442 INFO  [org.apa.kaf.com.uti.AppInfoParser] (main) Kafka commitId: f745dfdcee2b9851
2025-08-12 17:22:58,442 INFO  [org.apa.kaf.com.uti.AppInfoParser] (main) Kafka startTimeMs: 1755019378442
2025-08-12 17:22:58,443 INFO  [org.apa.kaf.cli.con.int.ClassicKafkaConsumer] (Thread-815) [Consumer clientId=consumer-Consumer-se2b1cd68x8178x432exa149xb80abb82e2b0-28, groupId=Consumer-se2b1cd68x8178x432exa149xb80abb82e2b0] Subscribed to topic(s): se2b1cd68x8178x432exa149xb80abb82e2b0
2025-08-12 17:22:58,446 INFO  [org.apa.kaf.cli.Metadata] (Thread-815) [Consumer clientId=consumer-Consumer-se2b1cd68x8178x432exa149xb80abb82e2b0-28, groupId=Consumer-se2b1cd68x8178x432exa149xb80abb82e2b0] Cluster ID: Ursznb63T6OTazTEUvngGA
2025-08-12 17:22:58,446 INFO  [org.apa.kaf.cli.con.int.ConsumerCoordinator] (Thread-815) [Consumer clientId=consumer-Consumer-se2b1cd68x8178x432exa149xb80abb82e2b0-28, groupId=Consumer-se2b1cd68x8178x432exa149xb80abb82e2b0] Discovered group coordinator localhost:32769 (id: 2147483647 rack: null)
2025-08-12 17:22:58,452 INFO  [org.apa.kaf.cli.con.int.ConsumerCoordinator] (Thread-815) [Consumer clientId=consumer-Consumer-se2b1cd68x8178x432exa149xb80abb82e2b0-28, groupId=Consumer-se2b1cd68x8178x432exa149xb80abb82e2b0] (Re-)joining group
2025-08-12 17:22:58,454 INFO  [org.apa.kaf.cli.con.int.ConsumerCoordinator] (Thread-815) [Consumer clientId=consumer-Consumer-se2b1cd68x8178x432exa149xb80abb82e2b0-28, groupId=Consumer-se2b1cd68x8178x432exa149xb80abb82e2b0] Request joining group due to: need to re-join with the given member-id: consumer-Consumer-se2b1cd68x8178x432exa149xb80abb82e2b0-28-bc41c041-b7f9-4717-9b0c-0b9b5b311360
2025-08-12 17:22:58,454 INFO  [org.apa.kaf.cli.con.int.ConsumerCoordinator] (Thread-815) [Consumer clientId=consumer-Consumer-se2b1cd68x8178x432exa149xb80abb82e2b0-28, groupId=Consumer-se2b1cd68x8178x432exa149xb80abb82e2b0] (Re-)joining group
2025-08-12 17:22:59,443 INFO  [io.api.tes.ser.api.KafkaSerdesTester] (Thread-815) None found
2025-08-12 17:23:00,443 INFO  [io.api.tes.ser.api.KafkaSerdesTester] (Thread-815) None found
2025-08-12 17:23:01,444 INFO  [io.api.tes.ser.api.KafkaSerdesTester] (Thread-815) None found
2025-08-12 17:23:01,456 INFO  [org.apa.kaf.cli.con.int.ConsumerCoordinator] (Thread-815) [Consumer clientId=consumer-Consumer-se2b1cd68x8178x432exa149xb80abb82e2b0-28, groupId=Consumer-se2b1cd68x8178x432exa149xb80abb82e2b0] Successfully joined group with generation Generation{generationId=7, memberId='consumer-Consumer-se2b1cd68x8178x432exa149xb80abb82e2b0-28-bc41c041-b7f9-4717-9b0c-0b9b5b311360', protocol='range'}
2025-08-12 17:23:01,456 INFO  [org.apa.kaf.cli.con.int.ConsumerCoordinator] (Thread-815) [Consumer clientId=consumer-Consumer-se2b1cd68x8178x432exa149xb80abb82e2b0-28, groupId=Consumer-se2b1cd68x8178x432exa149xb80abb82e2b0] Finished assignment for group at generation 7: {consumer-Consumer-se2b1cd68x8178x432exa149xb80abb82e2b0-28-bc41c041-b7f9-4717-9b0c-0b9b5b311360=Assignment(partitions=[se2b1cd68x8178x432exa149xb80abb82e2b0-0])}
2025-08-12 17:23:01,463 INFO  [org.apa.kaf.cli.con.int.ConsumerCoordinator] (Thread-815) [Consumer clientId=consumer-Consumer-se2b1cd68x8178x432exa149xb80abb82e2b0-28, groupId=Consumer-se2b1cd68x8178x432exa149xb80abb82e2b0] Successfully synced group in generation Generation{generationId=7, memberId='consumer-Consumer-se2b1cd68x8178x432exa149xb80abb82e2b0-28-bc41c041-b7f9-4717-9b0c-0b9b5b311360', protocol='range'}
2025-08-12 17:23:01,463 INFO  [org.apa.kaf.cli.con.int.ConsumerCoordinator] (Thread-815) [Consumer clientId=consumer-Consumer-se2b1cd68x8178x432exa149xb80abb82e2b0-28, groupId=Consumer-se2b1cd68x8178x432exa149xb80abb82e2b0] Notifying assignor about the new Assignment(partitions=[se2b1cd68x8178x432exa149xb80abb82e2b0-0])
2025-08-12 17:23:01,463 INFO  [org.apa.kaf.cli.con.int.ConsumerRebalanceListenerInvoker] (Thread-815) [Consumer clientId=consumer-Consumer-se2b1cd68x8178x432exa149xb80abb82e2b0-28, groupId=Consumer-se2b1cd68x8178x432exa149xb80abb82e2b0] Adding newly assigned partitions: se2b1cd68x8178x432exa149xb80abb82e2b0-0
2025-08-12 17:23:01,464 INFO  [org.apa.kaf.cli.con.int.ConsumerUtils] (Thread-815) Setting offset for partition se2b1cd68x8178x432exa149xb80abb82e2b0-0 to the committed offset FetchPosition{offset=30, offsetEpoch=Optional[0], currentLeader=LeaderAndEpoch{leader=Optional[localhost:32769 (id: 0 rack: null)], epoch=0}}
2025-08-12 17:23:01,671 INFO  [io.api.tes.ser.api.KafkaSerdesTester] (Thread-815) se2b1cd68x8178x432exa149xb80abb82e2b0 0 30 msb: 1755019378144
lsb: 321

2025-08-12 17:23:01,671 INFO  [io.api.tes.ser.api.KafkaSerdesTester] (Thread-815) se2b1cd68x8178x432exa149xb80abb82e2b0 0 31 msb: 1755019378419
lsb: 321

2025-08-12 17:23:01,672 INFO  [io.api.tes.ser.api.KafkaSerdesTester] (Thread-815) se2b1cd68x8178x432exa149xb80abb82e2b0 0 32 msb: 1755019378420
lsb: 321

2025-08-12 17:23:01,672 INFO  [io.api.tes.ser.api.KafkaSerdesTester] (Thread-815) se2b1cd68x8178x432exa149xb80abb82e2b0 0 33 msb: 1755019378422
lsb: 321

2025-08-12 17:23:01,672 INFO  [io.api.tes.ser.api.KafkaSerdesTester] (Thread-815) se2b1cd68x8178x432exa149xb80abb82e2b0 0 34 msb: 1755019378423
lsb: 321

2025-08-12 17:23:01,672 INFO  [io.api.tes.ser.api.KafkaSerdesTester] (Thread-815) se2b1cd68x8178x432exa149xb80abb82e2b0 0 35 msb: 1755019378424
lsb: 321

2025-08-12 17:23:01,672 INFO  [io.api.tes.ser.api.KafkaSerdesTester] (Thread-815) se2b1cd68x8178x432exa149xb80abb82e2b0 0 36 msb: 1755019378425
lsb: 321

2025-08-12 17:23:01,672 INFO  [io.api.tes.ser.api.KafkaSerdesTester] (Thread-815) se2b1cd68x8178x432exa149xb80abb82e2b0 0 37 msb: 1755019378426
lsb: 321

2025-08-12 17:23:01,672 INFO  [io.api.tes.ser.api.KafkaSerdesTester] (Thread-815) se2b1cd68x8178x432exa149xb80abb82e2b0 0 38 msb: 1755019378428
lsb: 321

2025-08-12 17:23:01,672 INFO  [io.api.tes.ser.api.KafkaSerdesTester] (Thread-815) se2b1cd68x8178x432exa149xb80abb82e2b0 0 39 msb: 1755019378429
lsb: 321

2025-08-12 17:23:01,672 INFO  [io.api.tes.ser.api.KafkaSerdesTester] (Thread-815) Consumed 10 messages
2025-08-12 17:23:01,679 INFO  [org.apa.kaf.cli.con.int.ConsumerRebalanceListenerInvoker] (Thread-815) [Consumer clientId=consumer-Consumer-se2b1cd68x8178x432exa149xb80abb82e2b0-28, groupId=Consumer-se2b1cd68x8178x432exa149xb80abb82e2b0] Revoke previously assigned partitions se2b1cd68x8178x432exa149xb80abb82e2b0-0
2025-08-12 17:23:01,679 INFO  [org.apa.kaf.cli.con.int.ConsumerCoordinator] (Thread-815) [Consumer clientId=consumer-Consumer-se2b1cd68x8178x432exa149xb80abb82e2b0-28, groupId=Consumer-se2b1cd68x8178x432exa149xb80abb82e2b0] Member consumer-Consumer-se2b1cd68x8178x432exa149xb80abb82e2b0-28-bc41c041-b7f9-4717-9b0c-0b9b5b311360 sending LeaveGroup request to coordinator localhost:32769 (id: 2147483647 rack: null) due to the consumer is being closed
2025-08-12 17:23:01,681 INFO  [org.apa.kaf.cli.con.int.ConsumerCoordinator] (Thread-815) [Consumer clientId=consumer-Consumer-se2b1cd68x8178x432exa149xb80abb82e2b0-28, groupId=Consumer-se2b1cd68x8178x432exa149xb80abb82e2b0] Resetting generation and member id due to: consumer pro-actively leaving the group
2025-08-12 17:23:01,681 INFO  [org.apa.kaf.cli.con.int.ConsumerCoordinator] (Thread-815) [Consumer clientId=consumer-Consumer-se2b1cd68x8178x432exa149xb80abb82e2b0-28, groupId=Consumer-se2b1cd68x8178x432exa149xb80abb82e2b0] Request joining group due to: consumer pro-actively leaving the group
2025-08-12 17:23:02,172 INFO  [org.apa.kaf.com.met.Metrics] (Thread-815) Metrics scheduler closed
2025-08-12 17:23:02,173 INFO  [org.apa.kaf.com.met.Metrics] (Thread-815) Closing reporter org.apache.kafka.common.metrics.JmxReporter
2025-08-12 17:23:02,173 INFO  [org.apa.kaf.com.met.Metrics] (Thread-815) Closing reporter org.apache.kafka.common.telemetry.internals.ClientTelemetryReporter
2025-08-12 17:23:02,173 INFO  [org.apa.kaf.com.met.Metrics] (Thread-815) Metrics reporters closed
2025-08-12 17:23:02,174 INFO  [org.apa.kaf.com.uti.AppInfoParser] (Thread-815) App info kafka.consumer for consumer-Consumer-se2b1cd68x8178x432exa149xb80abb82e2b0-28 unregistered
**** Registry Base URL: http://registry-app-inmemory.apps.ci419.apicurio-testing.org:80
2025-08-12 17:23:02,176 INFO  [org.apa.kaf.cli.pro.ProducerConfig] (main) ProducerConfig values: 
	acks = -1
	auto.include.jmx.reporter = true
	batch.size = 16384
	bootstrap.servers = [PLAINTEXT://localhost:32769]
	buffer.memory = 33554432
	client.dns.lookup = use_all_dns_ips
	client.id = Producer-se2b1cd68x8178x432exa149xb80abb82e2b0
	compression.gzip.level = -1
	compression.lz4.level = 9
	compression.type = none
	compression.zstd.level = 3
	connections.max.idle.ms = 10000
	delivery.timeout.ms = 120000
	enable.idempotence = true
	enable.metrics.push = true
	interceptor.classes = []
	key.serializer = class org.apache.kafka.common.serialization.StringSerializer
	linger.ms = 0
	max.block.ms = 60000
	max.in.flight.requests.per.connection = 5
	max.request.size = 1048576
	metadata.max.age.ms = 300000
	metadata.max.idle.ms = 300000
	metadata.recovery.strategy = none
	metric.reporters = []
	metrics.num.samples = 2
	metrics.recording.level = INFO
	metrics.sample.window.ms = 30000
	partitioner.adaptive.partitioning.enable = true
	partitioner.availability.timeout.ms = 0
	partitioner.class = null
	partitioner.ignore.keys = false
	receive.buffer.bytes = 32768
	reconnect.backoff.max.ms = 1000
	reconnect.backoff.ms = 50
	request.timeout.ms = 5000
	retries = 2147483647
	retry.backoff.max.ms = 1000
	retry.backoff.ms = 100
	sasl.client.callback.handler.class = null
	sasl.jaas.config = null
	sasl.kerberos.kinit.cmd = /usr/bin/kinit
	sasl.kerberos.min.time.before.relogin = 60000
	sasl.kerberos.service.name = null
	sasl.kerberos.ticket.renew.jitter = 0.05
	sasl.kerberos.ticket.renew.window.factor = 0.8
	sasl.login.callback.handler.class = null
	sasl.login.class = null
	sasl.login.connect.timeout.ms = null
	sasl.login.read.timeout.ms = null
	sasl.login.refresh.buffer.seconds = 300
	sasl.login.refresh.min.period.seconds = 60
	sasl.login.refresh.window.factor = 0.8
	sasl.login.refresh.window.jitter = 0.05
	sasl.login.retry.backoff.max.ms = 10000
	sasl.login.retry.backoff.ms = 100
	sasl.mechanism = GSSAPI
	sasl.oauthbearer.clock.skew.seconds = 30
	sasl.oauthbearer.expected.audience = null
	sasl.oauthbearer.expected.issuer = null
	sasl.oauthbearer.header.urlencode = false
	sasl.oauthbearer.jwks.endpoint.refresh.ms = 3600000
	sasl.oauthbearer.jwks.endpoint.retry.backoff.max.ms = 10000
	sasl.oauthbearer.jwks.endpoint.retry.backoff.ms = 100
	sasl.oauthbearer.jwks.endpoint.url = null
	sasl.oauthbearer.scope.claim.name = scope
	sasl.oauthbearer.sub.claim.name = sub
	sasl.oauthbearer.token.endpoint.url = null
	security.protocol = PLAINTEXT
	security.providers = null
	send.buffer.bytes = 131072
	socket.connection.setup.timeout.max.ms = 30000
	socket.connection.setup.timeout.ms = 10000
	ssl.cipher.suites = null
	ssl.enabled.protocols = [TLSv1.2, TLSv1.3]
	ssl.endpoint.identification.algorithm = https
	ssl.engine.factory.class = null
	ssl.key.password = null
	ssl.keymanager.algorithm = SunX509
	ssl.keystore.certificate.chain = null
	ssl.keystore.key = null
	ssl.keystore.location = null
	ssl.keystore.password = null
	ssl.keystore.type = JKS
	ssl.protocol = TLSv1.3
	ssl.provider = null
	ssl.secure.random.implementation = null
	ssl.trustmanager.algorithm = PKIX
	ssl.truststore.certificates = null
	ssl.truststore.location = null
	ssl.truststore.password = null
	ssl.truststore.type = JKS
	transaction.timeout.ms = 60000
	transactional.id = null
	value.serializer = class io.apicurio.registry.serde.protobuf.ProtobufKafkaSerializer

2025-08-12 17:23:02,176 INFO  [org.apa.kaf.com.tel.int.KafkaMetricsCollector] (main) initializing Kafka metrics collector
2025-08-12 17:23:02,180 INFO  [org.apa.kaf.cli.pro.KafkaProducer] (main) [Producer clientId=Producer-se2b1cd68x8178x432exa149xb80abb82e2b0] Instantiated an idempotent producer.
2025-08-12 17:23:02,181 INFO  [org.apa.kaf.cli.pro.ProducerConfig] (main) These configurations '[apicurio.registry.url, apicurio.registry.headers.enabled, apicurio.registry.artifact-resolver-strategy, apicurio.registry.artifact.version]' were supplied but are not used yet.
2025-08-12 17:23:02,181 INFO  [org.apa.kaf.com.uti.AppInfoParser] (main) Kafka version: 3.9.1
2025-08-12 17:23:02,181 INFO  [org.apa.kaf.com.uti.AppInfoParser] (main) Kafka commitId: f745dfdcee2b9851
2025-08-12 17:23:02,181 INFO  [org.apa.kaf.com.uti.AppInfoParser] (main) Kafka startTimeMs: 1755019382181
2025-08-12 17:23:02,181 INFO  [io.api.tes.ser.api.SimpleSerdesTesterBuilder$SimpleSerdesTester] (main) Using producer configuration: {apicurio.registry.url=http://registry-app-inmemory.apps.ci419.apicurio-testing.org:80/apis/registry/v3, apicurio.registry.headers.enabled=true, apicurio.registry.artifact-resolver-strategy=io.apicurio.registry.serde.strategy.TopicIdStrategy, value.serializer=io.apicurio.registry.serde.protobuf.ProtobufKafkaSerializer, request.timeout.ms=5000, acks=all, bootstrap.servers=PLAINTEXT://localhost:32769, connections.max.idle.ms=10000, apicurio.registry.artifact.version=2, key.serializer=org.apache.kafka.common.serialization.StringSerializer, client.id=Producer-se2b1cd68x8178x432exa149xb80abb82e2b0}
2025-08-12 17:23:02,181 INFO  [io.api.tes.ser.api.SimpleSerdesTesterBuilder$SimpleSerdesTester] (main) Using consumer configuration: {apicurio.registry.headers.enabled=true}
2025-08-12 17:23:02,181 INFO  [io.api.tes.ser.api.KafkaSerdesTester] (Thread-818) Sending message msb: 1755019382181
lsb: 321
 to topic se2b1cd68x8178x432exa149xb80abb82e2b0
2025-08-12 17:23:02,185 INFO  [org.apa.kaf.cli.Metadata] (kafka-producer-network-thread | Producer-se2b1cd68x8178x432exa149xb80abb82e2b0) [Producer clientId=Producer-se2b1cd68x8178x432exa149xb80abb82e2b0] Cluster ID: Ursznb63T6OTazTEUvngGA
2025-08-12 17:23:02,185 INFO  [org.apa.kaf.cli.pro.int.TransactionManager] (kafka-producer-network-thread | Producer-se2b1cd68x8178x432exa149xb80abb82e2b0) [Producer clientId=Producer-se2b1cd68x8178x432exa149xb80abb82e2b0] ProducerId set to 39 with epoch 0
2025-08-12 17:23:02,489 INFO  [io.api.tes.ser.api.KafkaSerdesTester] (Thread-818) Sending message msb: 1755019382489
lsb: 321
 to topic se2b1cd68x8178x432exa149xb80abb82e2b0
2025-08-12 17:23:02,490 INFO  [io.api.tes.ser.api.KafkaSerdesTester] (Thread-818) Sending message msb: 1755019382490
lsb: 321
 to topic se2b1cd68x8178x432exa149xb80abb82e2b0
2025-08-12 17:23:02,491 INFO  [io.api.tes.ser.api.KafkaSerdesTester] (Thread-818) Sending message msb: 1755019382491
lsb: 321
 to topic se2b1cd68x8178x432exa149xb80abb82e2b0
2025-08-12 17:23:02,492 INFO  [io.api.tes.ser.api.KafkaSerdesTester] (Thread-818) Sending message msb: 1755019382492
lsb: 321
 to topic se2b1cd68x8178x432exa149xb80abb82e2b0
2025-08-12 17:23:02,493 INFO  [io.api.tes.ser.api.KafkaSerdesTester] (Thread-818) Sending message msb: 1755019382493
lsb: 321
 to topic se2b1cd68x8178x432exa149xb80abb82e2b0
2025-08-12 17:23:02,494 INFO  [io.api.tes.ser.api.KafkaSerdesTester] (Thread-818) Sending message msb: 1755019382494
lsb: 321
 to topic se2b1cd68x8178x432exa149xb80abb82e2b0
2025-08-12 17:23:02,495 INFO  [io.api.tes.ser.api.KafkaSerdesTester] (Thread-818) Sending message msb: 1755019382495
lsb: 321
 to topic se2b1cd68x8178x432exa149xb80abb82e2b0
2025-08-12 17:23:02,496 INFO  [io.api.tes.ser.api.KafkaSerdesTester] (Thread-818) Sending message msb: 1755019382496
lsb: 321
 to topic se2b1cd68x8178x432exa149xb80abb82e2b0
2025-08-12 17:23:02,497 INFO  [io.api.tes.ser.api.KafkaSerdesTester] (Thread-818) Sending message msb: 1755019382497
lsb: 321
 to topic se2b1cd68x8178x432exa149xb80abb82e2b0
2025-08-12 17:23:02,498 INFO  [io.api.tes.ser.api.KafkaSerdesTester] (Thread-818) Produced 10 messages
2025-08-12 17:23:02,498 INFO  [org.apa.kaf.cli.pro.KafkaProducer] (Thread-818) [Producer clientId=Producer-se2b1cd68x8178x432exa149xb80abb82e2b0] Closing the Kafka producer with timeoutMillis = 9223372036854775807 ms.
2025-08-12 17:23:02,500 INFO  [org.apa.kaf.com.met.Metrics] (Thread-818) Metrics scheduler closed
2025-08-12 17:23:02,500 INFO  [org.apa.kaf.com.met.Metrics] (Thread-818) Closing reporter org.apache.kafka.common.metrics.JmxReporter
2025-08-12 17:23:02,500 INFO  [org.apa.kaf.com.met.Metrics] (Thread-818) Closing reporter org.apache.kafka.common.telemetry.internals.ClientTelemetryReporter
2025-08-12 17:23:02,500 INFO  [org.apa.kaf.com.met.Metrics] (Thread-818) Metrics reporters closed
2025-08-12 17:23:02,500 INFO  [org.apa.kaf.com.uti.AppInfoParser] (Thread-818) App info kafka.producer for Producer-se2b1cd68x8178x432exa149xb80abb82e2b0 unregistered
**** Registry Base URL: http://registry-app-inmemory.apps.ci419.apicurio-testing.org:80
2025-08-12 17:23:02,500 INFO  [org.apa.kaf.cli.con.ConsumerConfig] (main) ConsumerConfig values: 
	allow.auto.create.topics = true
	auto.commit.interval.ms = 500
	auto.include.jmx.reporter = true
	auto.offset.reset = earliest
	bootstrap.servers = [PLAINTEXT://localhost:32769]
	check.crcs = true
	client.dns.lookup = use_all_dns_ips
	client.id = consumer-Consumer-se2b1cd68x8178x432exa149xb80abb82e2b0-29
	client.rack = 
	connections.max.idle.ms = 10000
	default.api.timeout.ms = 60000
	enable.auto.commit = true
	enable.metrics.push = true
	exclude.internal.topics = true
	fetch.max.bytes = 52428800
	fetch.max.wait.ms = 500
	fetch.min.bytes = 1
	group.id = Consumer-se2b1cd68x8178x432exa149xb80abb82e2b0
	group.instance.id = null
	group.protocol = classic
	group.remote.assignor = null
	heartbeat.interval.ms = 3000
	interceptor.classes = []
	internal.leave.group.on.close = true
	internal.throw.on.fetch.stable.offset.unsupported = false
	isolation.level = read_uncommitted
	key.deserializer = class org.apache.kafka.common.serialization.StringDeserializer
	max.partition.fetch.bytes = 1048576
	max.poll.interval.ms = 300000
	max.poll.records = 500
	metadata.max.age.ms = 300000
	metadata.recovery.strategy = none
	metric.reporters = []
	metrics.num.samples = 2
	metrics.recording.level = INFO
	metrics.sample.window.ms = 30000
	partition.assignment.strategy = [class org.apache.kafka.clients.consumer.RangeAssignor, class org.apache.kafka.clients.consumer.CooperativeStickyAssignor]
	receive.buffer.bytes = 65536
	reconnect.backoff.max.ms = 1000
	reconnect.backoff.ms = 50
	request.timeout.ms = 5000
	retry.backoff.max.ms = 1000
	retry.backoff.ms = 100
	sasl.client.callback.handler.class = null
	sasl.jaas.config = null
	sasl.kerberos.kinit.cmd = /usr/bin/kinit
	sasl.kerberos.min.time.before.relogin = 60000
	sasl.kerberos.service.name = null
	sasl.kerberos.ticket.renew.jitter = 0.05
	sasl.kerberos.ticket.renew.window.factor = 0.8
	sasl.login.callback.handler.class = null
	sasl.login.class = null
	sasl.login.connect.timeout.ms = null
	sasl.login.read.timeout.ms = null
	sasl.login.refresh.buffer.seconds = 300
	sasl.login.refresh.min.period.seconds = 60
	sasl.login.refresh.window.factor = 0.8
	sasl.login.refresh.window.jitter = 0.05
	sasl.login.retry.backoff.max.ms = 10000
	sasl.login.retry.backoff.ms = 100
	sasl.mechanism = GSSAPI
	sasl.oauthbearer.clock.skew.seconds = 30
	sasl.oauthbearer.expected.audience = null
	sasl.oauthbearer.expected.issuer = null
	sasl.oauthbearer.header.urlencode = false
	sasl.oauthbearer.jwks.endpoint.refresh.ms = 3600000
	sasl.oauthbearer.jwks.endpoint.retry.backoff.max.ms = 10000
	sasl.oauthbearer.jwks.endpoint.retry.backoff.ms = 100
	sasl.oauthbearer.jwks.endpoint.url = null
	sasl.oauthbearer.scope.claim.name = scope
	sasl.oauthbearer.sub.claim.name = sub
	sasl.oauthbearer.token.endpoint.url = null
	security.protocol = PLAINTEXT
	security.providers = null
	send.buffer.bytes = 131072
	session.timeout.ms = 45000
	socket.connection.setup.timeout.max.ms = 30000
	socket.connection.setup.timeout.ms = 10000
	ssl.cipher.suites = null
	ssl.enabled.protocols = [TLSv1.2, TLSv1.3]
	ssl.endpoint.identification.algorithm = https
	ssl.engine.factory.class = null
	ssl.key.password = null
	ssl.keymanager.algorithm = SunX509
	ssl.keystore.certificate.chain = null
	ssl.keystore.key = null
	ssl.keystore.location = null
	ssl.keystore.password = null
	ssl.keystore.type = JKS
	ssl.protocol = TLSv1.3
	ssl.provider = null
	ssl.secure.random.implementation = null
	ssl.trustmanager.algorithm = PKIX
	ssl.truststore.certificates = null
	ssl.truststore.location = null
	ssl.truststore.password = null
	ssl.truststore.type = JKS
	value.deserializer = class io.apicurio.registry.serde.protobuf.ProtobufKafkaDeserializer

2025-08-12 17:23:02,501 INFO  [org.apa.kaf.com.tel.int.KafkaMetricsCollector] (main) initializing Kafka metrics collector
2025-08-12 17:23:02,506 INFO  [org.apa.kaf.cli.con.ConsumerConfig] (main) These configurations '[apicurio.registry.url, apicurio.registry.headers.enabled]' were supplied but are not used yet.
2025-08-12 17:23:02,506 INFO  [org.apa.kaf.com.uti.AppInfoParser] (main) Kafka version: 3.9.1
2025-08-12 17:23:02,506 INFO  [org.apa.kaf.com.uti.AppInfoParser] (main) Kafka commitId: f745dfdcee2b9851
2025-08-12 17:23:02,506 INFO  [org.apa.kaf.com.uti.AppInfoParser] (main) Kafka startTimeMs: 1755019382506
2025-08-12 17:23:02,507 INFO  [org.apa.kaf.cli.con.int.ClassicKafkaConsumer] (Thread-821) [Consumer clientId=consumer-Consumer-se2b1cd68x8178x432exa149xb80abb82e2b0-29, groupId=Consumer-se2b1cd68x8178x432exa149xb80abb82e2b0] Subscribed to topic(s): se2b1cd68x8178x432exa149xb80abb82e2b0
2025-08-12 17:23:02,510 INFO  [org.apa.kaf.cli.Metadata] (Thread-821) [Consumer clientId=consumer-Consumer-se2b1cd68x8178x432exa149xb80abb82e2b0-29, groupId=Consumer-se2b1cd68x8178x432exa149xb80abb82e2b0] Cluster ID: Ursznb63T6OTazTEUvngGA
2025-08-12 17:23:02,510 INFO  [org.apa.kaf.cli.con.int.ConsumerCoordinator] (Thread-821) [Consumer clientId=consumer-Consumer-se2b1cd68x8178x432exa149xb80abb82e2b0-29, groupId=Consumer-se2b1cd68x8178x432exa149xb80abb82e2b0] Discovered group coordinator localhost:32769 (id: 2147483647 rack: null)
2025-08-12 17:23:02,511 INFO  [org.apa.kaf.cli.con.int.ConsumerCoordinator] (Thread-821) [Consumer clientId=consumer-Consumer-se2b1cd68x8178x432exa149xb80abb82e2b0-29, groupId=Consumer-se2b1cd68x8178x432exa149xb80abb82e2b0] (Re-)joining group
2025-08-12 17:23:02,514 INFO  [org.apa.kaf.cli.con.int.ConsumerCoordinator] (Thread-821) [Consumer clientId=consumer-Consumer-se2b1cd68x8178x432exa149xb80abb82e2b0-29, groupId=Consumer-se2b1cd68x8178x432exa149xb80abb82e2b0] Request joining group due to: need to re-join with the given member-id: consumer-Consumer-se2b1cd68x8178x432exa149xb80abb82e2b0-29-4ec7af89-1b7e-43c2-b78f-eb4e4c550a0e
2025-08-12 17:23:02,514 INFO  [org.apa.kaf.cli.con.int.ConsumerCoordinator] (Thread-821) [Consumer clientId=consumer-Consumer-se2b1cd68x8178x432exa149xb80abb82e2b0-29, groupId=Consumer-se2b1cd68x8178x432exa149xb80abb82e2b0] (Re-)joining group
2025-08-12 17:23:03,508 INFO  [io.api.tes.ser.api.KafkaSerdesTester] (Thread-821) None found
2025-08-12 17:23:04,508 INFO  [io.api.tes.ser.api.KafkaSerdesTester] (Thread-821) None found
2025-08-12 17:23:05,509 INFO  [io.api.tes.ser.api.KafkaSerdesTester] (Thread-821) None found
2025-08-12 17:23:05,516 INFO  [org.apa.kaf.cli.con.int.ConsumerCoordinator] (Thread-821) [Consumer clientId=consumer-Consumer-se2b1cd68x8178x432exa149xb80abb82e2b0-29, groupId=Consumer-se2b1cd68x8178x432exa149xb80abb82e2b0] Successfully joined group with generation Generation{generationId=9, memberId='consumer-Consumer-se2b1cd68x8178x432exa149xb80abb82e2b0-29-4ec7af89-1b7e-43c2-b78f-eb4e4c550a0e', protocol='range'}
2025-08-12 17:23:05,516 INFO  [org.apa.kaf.cli.con.int.ConsumerCoordinator] (Thread-821) [Consumer clientId=consumer-Consumer-se2b1cd68x8178x432exa149xb80abb82e2b0-29, groupId=Consumer-se2b1cd68x8178x432exa149xb80abb82e2b0] Finished assignment for group at generation 9: {consumer-Consumer-se2b1cd68x8178x432exa149xb80abb82e2b0-29-4ec7af89-1b7e-43c2-b78f-eb4e4c550a0e=Assignment(partitions=[se2b1cd68x8178x432exa149xb80abb82e2b0-0])}
2025-08-12 17:23:05,524 INFO  [org.apa.kaf.cli.con.int.ConsumerCoordinator] (Thread-821) [Consumer clientId=consumer-Consumer-se2b1cd68x8178x432exa149xb80abb82e2b0-29, groupId=Consumer-se2b1cd68x8178x432exa149xb80abb82e2b0] Successfully synced group in generation Generation{generationId=9, memberId='consumer-Consumer-se2b1cd68x8178x432exa149xb80abb82e2b0-29-4ec7af89-1b7e-43c2-b78f-eb4e4c550a0e', protocol='range'}
2025-08-12 17:23:05,524 INFO  [org.apa.kaf.cli.con.int.ConsumerCoordinator] (Thread-821) [Consumer clientId=consumer-Consumer-se2b1cd68x8178x432exa149xb80abb82e2b0-29, groupId=Consumer-se2b1cd68x8178x432exa149xb80abb82e2b0] Notifying assignor about the new Assignment(partitions=[se2b1cd68x8178x432exa149xb80abb82e2b0-0])
2025-08-12 17:23:05,524 INFO  [org.apa.kaf.cli.con.int.ConsumerRebalanceListenerInvoker] (Thread-821) [Consumer clientId=consumer-Consumer-se2b1cd68x8178x432exa149xb80abb82e2b0-29, groupId=Consumer-se2b1cd68x8178x432exa149xb80abb82e2b0] Adding newly assigned partitions: se2b1cd68x8178x432exa149xb80abb82e2b0-0
2025-08-12 17:23:05,528 INFO  [org.apa.kaf.cli.con.int.ConsumerUtils] (Thread-821) Setting offset for partition se2b1cd68x8178x432exa149xb80abb82e2b0-0 to the committed offset FetchPosition{offset=40, offsetEpoch=Optional[0], currentLeader=LeaderAndEpoch{leader=Optional[localhost:32769 (id: 0 rack: null)], epoch=0}}
2025-08-12 17:23:05,774 INFO  [io.api.tes.ser.api.KafkaSerdesTester] (Thread-821) se2b1cd68x8178x432exa149xb80abb82e2b0 0 40 msb: 1755019382181
lsb: 321

2025-08-12 17:23:05,774 INFO  [io.api.tes.ser.api.KafkaSerdesTester] (Thread-821) se2b1cd68x8178x432exa149xb80abb82e2b0 0 41 msb: 1755019382489
lsb: 321

2025-08-12 17:23:05,774 INFO  [io.api.tes.ser.api.KafkaSerdesTester] (Thread-821) se2b1cd68x8178x432exa149xb80abb82e2b0 0 42 msb: 1755019382490
lsb: 321

2025-08-12 17:23:05,774 INFO  [io.api.tes.ser.api.KafkaSerdesTester] (Thread-821) se2b1cd68x8178x432exa149xb80abb82e2b0 0 43 msb: 1755019382491
lsb: 321

2025-08-12 17:23:05,774 INFO  [io.api.tes.ser.api.KafkaSerdesTester] (Thread-821) se2b1cd68x8178x432exa149xb80abb82e2b0 0 44 msb: 1755019382492
lsb: 321

2025-08-12 17:23:05,774 INFO  [io.api.tes.ser.api.KafkaSerdesTester] (Thread-821) se2b1cd68x8178x432exa149xb80abb82e2b0 0 45 msb: 1755019382493
lsb: 321

2025-08-12 17:23:05,774 INFO  [io.api.tes.ser.api.KafkaSerdesTester] (Thread-821) se2b1cd68x8178x432exa149xb80abb82e2b0 0 46 msb: 1755019382494
lsb: 321

2025-08-12 17:23:05,775 INFO  [io.api.tes.ser.api.KafkaSerdesTester] (Thread-821) se2b1cd68x8178x432exa149xb80abb82e2b0 0 47 msb: 1755019382495
lsb: 321

2025-08-12 17:23:05,775 INFO  [io.api.tes.ser.api.KafkaSerdesTester] (Thread-821) se2b1cd68x8178x432exa149xb80abb82e2b0 0 48 msb: 1755019382496
lsb: 321

2025-08-12 17:23:05,775 INFO  [io.api.tes.ser.api.KafkaSerdesTester] (Thread-821) se2b1cd68x8178x432exa149xb80abb82e2b0 0 49 msb: 1755019382497
lsb: 321

2025-08-12 17:23:05,775 INFO  [io.api.tes.ser.api.KafkaSerdesTester] (Thread-821) Consumed 10 messages
2025-08-12 17:23:05,781 INFO  [org.apa.kaf.cli.con.int.ConsumerRebalanceListenerInvoker] (Thread-821) [Consumer clientId=consumer-Consumer-se2b1cd68x8178x432exa149xb80abb82e2b0-29, groupId=Consumer-se2b1cd68x8178x432exa149xb80abb82e2b0] Revoke previously assigned partitions se2b1cd68x8178x432exa149xb80abb82e2b0-0
2025-08-12 17:23:05,781 INFO  [org.apa.kaf.cli.con.int.ConsumerCoordinator] (Thread-821) [Consumer clientId=consumer-Consumer-se2b1cd68x8178x432exa149xb80abb82e2b0-29, groupId=Consumer-se2b1cd68x8178x432exa149xb80abb82e2b0] Member consumer-Consumer-se2b1cd68x8178x432exa149xb80abb82e2b0-29-4ec7af89-1b7e-43c2-b78f-eb4e4c550a0e sending LeaveGroup request to coordinator localhost:32769 (id: 2147483647 rack: null) due to the consumer is being closed
2025-08-12 17:23:05,782 INFO  [org.apa.kaf.cli.con.int.ConsumerCoordinator] (Thread-821) [Consumer clientId=consumer-Consumer-se2b1cd68x8178x432exa149xb80abb82e2b0-29, groupId=Consumer-se2b1cd68x8178x432exa149xb80abb82e2b0] Resetting generation and member id due to: consumer pro-actively leaving the group
2025-08-12 17:23:05,782 INFO  [org.apa.kaf.cli.con.int.ConsumerCoordinator] (Thread-821) [Consumer clientId=consumer-Consumer-se2b1cd68x8178x432exa149xb80abb82e2b0-29, groupId=Consumer-se2b1cd68x8178x432exa149xb80abb82e2b0] Request joining group due to: consumer pro-actively leaving the group
2025-08-12 17:23:06,275 INFO  [org.apa.kaf.com.met.Metrics] (Thread-821) Metrics scheduler closed
2025-08-12 17:23:06,275 INFO  [org.apa.kaf.com.met.Metrics] (Thread-821) Closing reporter org.apache.kafka.common.metrics.JmxReporter
2025-08-12 17:23:06,275 INFO  [org.apa.kaf.com.met.Metrics] (Thread-821) Closing reporter org.apache.kafka.common.telemetry.internals.ClientTelemetryReporter
2025-08-12 17:23:06,275 INFO  [org.apa.kaf.com.met.Metrics] (Thread-821) Metrics reporters closed
2025-08-12 17:23:06,276 INFO  [org.apa.kaf.com.uti.AppInfoParser] (Thread-821) App info kafka.consumer for consumer-Consumer-se2b1cd68x8178x432exa149xb80abb82e2b0-29 unregistered
2025-08-12 17:23:06,277 INFO  [io.api.tes.uti.TestSeparator] (main) io.apicurio.tests.serdes.apicurio.ProtobufSerdeIT.testValidation-FINISHED
2025-08-12 17:23:06,277 INFO  [io.api.tes.uti.TestSeparator] (main) ############################################################################
Test passed: testValidation
]]></system-out>
  </testcase>
  <testcase name="testArtifactNotFound" classname="io.apicurio.tests.serdes.apicurio.ProtobufSerdeIT" time="0.004">
    <system-out><![CDATA[2025-08-12 17:23:06,278 INFO  [io.api.tes.uti.TestSeparator] (main) ############################################################################
2025-08-12 17:23:06,278 INFO  [io.api.tes.uti.TestSeparator] (main) io.apicurio.tests.serdes.apicurio.ProtobufSerdeIT.testArtifactNotFound-STARTED
2025-08-12 17:23:06,280 INFO  [io.api.tes.uti.TestSeparator] (main) io.apicurio.tests.serdes.apicurio.ProtobufSerdeIT.testArtifactNotFound-FINISHED
2025-08-12 17:23:06,280 INFO  [io.api.tes.uti.TestSeparator] (main) ############################################################################
Test passed: testArtifactNotFound
]]></system-out>
  </testcase>
  <testcase name="testTopicIdStrategyFindLatest" classname="io.apicurio.tests.serdes.apicurio.ProtobufSerdeIT" time="1.233">
    <system-out><![CDATA[2025-08-12 17:23:06,283 INFO  [io.api.tes.uti.TestSeparator] (main) ############################################################################
2025-08-12 17:23:06,283 INFO  [io.api.tes.uti.TestSeparator] (main) io.apicurio.tests.serdes.apicurio.ProtobufSerdeIT.testTopicIdStrategyFindLatest-STARTED
2025-08-12 17:23:07,514 INFO  [io.api.tes.uti.TestSeparator] (main) io.apicurio.tests.serdes.apicurio.ProtobufSerdeIT.testTopicIdStrategyFindLatest-FINISHED
2025-08-12 17:23:07,514 INFO  [io.api.tes.uti.TestSeparator] (main) ############################################################################
Test passed: testTopicIdStrategyFindLatest
]]></system-out>
  </testcase>
  <testcase name="testWrongSchemaFindLatest" classname="io.apicurio.tests.serdes.apicurio.ProtobufSerdeIT" time="1.153">
    <system-out><![CDATA[2025-08-12 17:23:07,515 INFO  [io.api.tes.uti.TestSeparator] (main) ############################################################################
2025-08-12 17:23:07,515 INFO  [io.api.tes.uti.TestSeparator] (main) io.apicurio.tests.serdes.apicurio.ProtobufSerdeIT.testWrongSchemaFindLatest-STARTED
2025-08-12 17:23:08,668 INFO  [io.api.tes.uti.TestSeparator] (main) io.apicurio.tests.serdes.apicurio.ProtobufSerdeIT.testWrongSchemaFindLatest-FINISHED
2025-08-12 17:23:08,668 INFO  [io.api.tes.uti.TestSeparator] (main) ############################################################################
Test passed: testWrongSchemaFindLatest
]]></system-out>
  </testcase>
  <testcase name="testAutoRegisterDeriveClassProtobufType" classname="io.apicurio.tests.serdes.apicurio.ProtobufSerdeIT" time="5.091">
    <system-out><![CDATA[2025-08-12 17:23:08,669 INFO  [io.api.tes.uti.TestSeparator] (main) ############################################################################
2025-08-12 17:23:08,669 INFO  [io.api.tes.uti.TestSeparator] (main) io.apicurio.tests.serdes.apicurio.ProtobufSerdeIT.testAutoRegisterDeriveClassProtobufType-STARTED
**** Registry Base URL: http://registry-app-inmemory.apps.ci419.apicurio-testing.org:80
2025-08-12 17:23:08,670 INFO  [org.apa.kaf.cli.pro.ProducerConfig] (main) ProducerConfig values: 
	acks = -1
	auto.include.jmx.reporter = true
	batch.size = 16384
	bootstrap.servers = [PLAINTEXT://localhost:32769]
	buffer.memory = 33554432
	client.dns.lookup = use_all_dns_ips
	client.id = Producer-topic-e167c255_d54a_451a_8d9b_742873349911
	compression.gzip.level = -1
	compression.lz4.level = 9
	compression.type = none
	compression.zstd.level = 3
	connections.max.idle.ms = 10000
	delivery.timeout.ms = 120000
	enable.idempotence = true
	enable.metrics.push = true
	interceptor.classes = []
	key.serializer = class org.apache.kafka.common.serialization.StringSerializer
	linger.ms = 0
	max.block.ms = 60000
	max.in.flight.requests.per.connection = 5
	max.request.size = 1048576
	metadata.max.age.ms = 300000
	metadata.max.idle.ms = 300000
	metadata.recovery.strategy = none
	metric.reporters = []
	metrics.num.samples = 2
	metrics.recording.level = INFO
	metrics.sample.window.ms = 30000
	partitioner.adaptive.partitioning.enable = true
	partitioner.availability.timeout.ms = 0
	partitioner.class = null
	partitioner.ignore.keys = false
	receive.buffer.bytes = 32768
	reconnect.backoff.max.ms = 1000
	reconnect.backoff.ms = 50
	request.timeout.ms = 5000
	retries = 2147483647
	retry.backoff.max.ms = 1000
	retry.backoff.ms = 100
	sasl.client.callback.handler.class = null
	sasl.jaas.config = null
	sasl.kerberos.kinit.cmd = /usr/bin/kinit
	sasl.kerberos.min.time.before.relogin = 60000
	sasl.kerberos.service.name = null
	sasl.kerberos.ticket.renew.jitter = 0.05
	sasl.kerberos.ticket.renew.window.factor = 0.8
	sasl.login.callback.handler.class = null
	sasl.login.class = null
	sasl.login.connect.timeout.ms = null
	sasl.login.read.timeout.ms = null
	sasl.login.refresh.buffer.seconds = 300
	sasl.login.refresh.min.period.seconds = 60
	sasl.login.refresh.window.factor = 0.8
	sasl.login.refresh.window.jitter = 0.05
	sasl.login.retry.backoff.max.ms = 10000
	sasl.login.retry.backoff.ms = 100
	sasl.mechanism = GSSAPI
	sasl.oauthbearer.clock.skew.seconds = 30
	sasl.oauthbearer.expected.audience = null
	sasl.oauthbearer.expected.issuer = null
	sasl.oauthbearer.header.urlencode = false
	sasl.oauthbearer.jwks.endpoint.refresh.ms = 3600000
	sasl.oauthbearer.jwks.endpoint.retry.backoff.max.ms = 10000
	sasl.oauthbearer.jwks.endpoint.retry.backoff.ms = 100
	sasl.oauthbearer.jwks.endpoint.url = null
	sasl.oauthbearer.scope.claim.name = scope
	sasl.oauthbearer.sub.claim.name = sub
	sasl.oauthbearer.token.endpoint.url = null
	security.protocol = PLAINTEXT
	security.providers = null
	send.buffer.bytes = 131072
	socket.connection.setup.timeout.max.ms = 30000
	socket.connection.setup.timeout.ms = 10000
	ssl.cipher.suites = null
	ssl.enabled.protocols = [TLSv1.2, TLSv1.3]
	ssl.endpoint.identification.algorithm = https
	ssl.engine.factory.class = null
	ssl.key.password = null
	ssl.keymanager.algorithm = SunX509
	ssl.keystore.certificate.chain = null
	ssl.keystore.key = null
	ssl.keystore.location = null
	ssl.keystore.password = null
	ssl.keystore.type = JKS
	ssl.protocol = TLSv1.3
	ssl.provider = null
	ssl.secure.random.implementation = null
	ssl.trustmanager.algorithm = PKIX
	ssl.truststore.certificates = null
	ssl.truststore.location = null
	ssl.truststore.password = null
	ssl.truststore.type = JKS
	transaction.timeout.ms = 60000
	transactional.id = null
	value.serializer = class io.apicurio.registry.serde.protobuf.ProtobufKafkaSerializer

2025-08-12 17:23:08,670 INFO  [org.apa.kaf.com.tel.int.KafkaMetricsCollector] (main) initializing Kafka metrics collector
2025-08-12 17:23:08,673 INFO  [org.apa.kaf.cli.pro.KafkaProducer] (main) [Producer clientId=Producer-topic-e167c255_d54a_451a_8d9b_742873349911] Instantiated an idempotent producer.
2025-08-12 17:23:08,674 INFO  [org.apa.kaf.cli.pro.ProducerConfig] (main) These configurations '[apicurio.registry.url, apicurio.registry.auto-register, apicurio.registry.artifact-resolver-strategy]' were supplied but are not used yet.
2025-08-12 17:23:08,675 INFO  [org.apa.kaf.com.uti.AppInfoParser] (main) Kafka version: 3.9.1
2025-08-12 17:23:08,675 INFO  [org.apa.kaf.com.uti.AppInfoParser] (main) Kafka commitId: f745dfdcee2b9851
2025-08-12 17:23:08,675 INFO  [org.apa.kaf.com.uti.AppInfoParser] (main) Kafka startTimeMs: 1755019388674
2025-08-12 17:23:08,675 INFO  [io.api.tes.ser.api.SimpleSerdesTesterBuilder$SimpleSerdesTester] (main) Using producer configuration: {apicurio.registry.url=http://registry-app-inmemory.apps.ci419.apicurio-testing.org:80/apis/registry/v3, apicurio.registry.auto-register=true, apicurio.registry.artifact-resolver-strategy=io.apicurio.registry.serde.strategy.TopicIdStrategy, value.serializer=io.apicurio.registry.serde.protobuf.ProtobufKafkaSerializer, request.timeout.ms=5000, acks=all, bootstrap.servers=PLAINTEXT://localhost:32769, connections.max.idle.ms=10000, key.serializer=org.apache.kafka.common.serialization.StringSerializer, client.id=Producer-topic-e167c255_d54a_451a_8d9b_742873349911}
2025-08-12 17:23:08,675 INFO  [io.api.tes.ser.api.SimpleSerdesTesterBuilder$SimpleSerdesTester] (main) Using consumer configuration: {apicurio.protobuf.derive.class=true}
2025-08-12 17:23:08,675 INFO  [io.api.tes.ser.api.KafkaSerdesTester] (Thread-824) Sending message header {
  time {
  }
}
d1: 1.755019388675E12
s1: "a"
i1: 123
bi1: 1
point {
  longitude: 22.0
  latitude: 22.0
  altitude: 1.0
}
 to topic topic-e167c255_d54a_451a_8d9b_742873349911
2025-08-12 17:23:08,677 WARN  [org.apa.kaf.cli.NetworkClient] (kafka-producer-network-thread | Producer-topic-e167c255_d54a_451a_8d9b_742873349911) [Producer clientId=Producer-topic-e167c255_d54a_451a_8d9b_742873349911] The metadata response from the cluster reported a recoverable issue with correlation id 1 : {topic-e167c255_d54a_451a_8d9b_742873349911=UNKNOWN_TOPIC_OR_PARTITION}
2025-08-12 17:23:08,677 INFO  [org.apa.kaf.cli.Metadata] (kafka-producer-network-thread | Producer-topic-e167c255_d54a_451a_8d9b_742873349911) [Producer clientId=Producer-topic-e167c255_d54a_451a_8d9b_742873349911] Cluster ID: Ursznb63T6OTazTEUvngGA
2025-08-12 17:23:08,677 INFO  [org.apa.kaf.cli.pro.int.TransactionManager] (kafka-producer-network-thread | Producer-topic-e167c255_d54a_451a_8d9b_742873349911) [Producer clientId=Producer-topic-e167c255_d54a_451a_8d9b_742873349911] ProducerId set to 40 with epoch 0
2025-08-12 17:23:09,002 INFO  [io.api.tes.ser.api.KafkaSerdesTester] (Thread-824) Sending message header {
  time {
  }
}
d1: 1.755019389002E12
s1: "a"
i1: 123
bi1: 1
point {
  longitude: 22.0
  latitude: 22.0
  altitude: 1.0
}
 to topic topic-e167c255_d54a_451a_8d9b_742873349911
2025-08-12 17:23:09,077 INFO  [io.api.tes.ser.api.KafkaSerdesTester] (Thread-824) Sending message header {
  time {
  }
}
d1: 1.755019389077E12
s1: "a"
i1: 123
bi1: 1
point {
  longitude: 22.0
  latitude: 22.0
  altitude: 1.0
}
 to topic topic-e167c255_d54a_451a_8d9b_742873349911
2025-08-12 17:23:09,151 INFO  [io.api.tes.ser.api.KafkaSerdesTester] (Thread-824) Sending message header {
  time {
  }
}
d1: 1.755019389151E12
s1: "a"
i1: 123
bi1: 1
point {
  longitude: 22.0
  latitude: 22.0
  altitude: 1.0
}
 to topic topic-e167c255_d54a_451a_8d9b_742873349911
2025-08-12 17:23:09,227 INFO  [io.api.tes.ser.api.KafkaSerdesTester] (Thread-824) Sending message header {
  time {
  }
}
d1: 1.755019389226E12
s1: "a"
i1: 123
bi1: 1
point {
  longitude: 22.0
  latitude: 22.0
  altitude: 1.0
}
 to topic topic-e167c255_d54a_451a_8d9b_742873349911
2025-08-12 17:23:09,304 INFO  [io.api.tes.ser.api.KafkaSerdesTester] (Thread-824) Sending message header {
  time {
  }
}
d1: 1.755019389304E12
s1: "a"
i1: 123
bi1: 1
point {
  longitude: 22.0
  latitude: 22.0
  altitude: 1.0
}
 to topic topic-e167c255_d54a_451a_8d9b_742873349911
2025-08-12 17:23:09,379 INFO  [io.api.tes.ser.api.KafkaSerdesTester] (Thread-824) Sending message header {
  time {
  }
}
d1: 1.755019389378E12
s1: "a"
i1: 123
bi1: 1
point {
  longitude: 22.0
  latitude: 22.0
  altitude: 1.0
}
 to topic topic-e167c255_d54a_451a_8d9b_742873349911
2025-08-12 17:23:09,454 INFO  [io.api.tes.ser.api.KafkaSerdesTester] (Thread-824) Sending message header {
  time {
  }
}
d1: 1.755019389454E12
s1: "a"
i1: 123
bi1: 1
point {
  longitude: 22.0
  latitude: 22.0
  altitude: 1.0
}
 to topic topic-e167c255_d54a_451a_8d9b_742873349911
2025-08-12 17:23:09,528 INFO  [io.api.tes.ser.api.KafkaSerdesTester] (Thread-824) Sending message header {
  time {
  }
}
d1: 1.755019389527E12
s1: "a"
i1: 123
bi1: 1
point {
  longitude: 22.0
  latitude: 22.0
  altitude: 1.0
}
 to topic topic-e167c255_d54a_451a_8d9b_742873349911
2025-08-12 17:23:09,601 INFO  [io.api.tes.ser.api.KafkaSerdesTester] (Thread-824) Sending message header {
  time {
  }
}
d1: 1.755019389601E12
s1: "a"
i1: 123
bi1: 1
point {
  longitude: 22.0
  latitude: 22.0
  altitude: 1.0
}
 to topic topic-e167c255_d54a_451a_8d9b_742873349911
2025-08-12 17:23:09,678 INFO  [io.api.tes.ser.api.KafkaSerdesTester] (Thread-824) Produced 10 messages
2025-08-12 17:23:09,678 INFO  [org.apa.kaf.cli.pro.KafkaProducer] (Thread-824) [Producer clientId=Producer-topic-e167c255_d54a_451a_8d9b_742873349911] Closing the Kafka producer with timeoutMillis = 9223372036854775807 ms.
2025-08-12 17:23:09,680 INFO  [org.apa.kaf.com.met.Metrics] (Thread-824) Metrics scheduler closed
2025-08-12 17:23:09,680 INFO  [org.apa.kaf.com.met.Metrics] (Thread-824) Closing reporter org.apache.kafka.common.metrics.JmxReporter
2025-08-12 17:23:09,680 INFO  [org.apa.kaf.com.met.Metrics] (Thread-824) Closing reporter org.apache.kafka.common.telemetry.internals.ClientTelemetryReporter
2025-08-12 17:23:09,680 INFO  [org.apa.kaf.com.met.Metrics] (Thread-824) Metrics reporters closed
2025-08-12 17:23:09,680 INFO  [org.apa.kaf.com.uti.AppInfoParser] (Thread-824) App info kafka.producer for Producer-topic-e167c255_d54a_451a_8d9b_742873349911 unregistered
**** Registry Base URL: http://registry-app-inmemory.apps.ci419.apicurio-testing.org:80
2025-08-12 17:23:09,827 INFO  [org.apa.kaf.cli.con.ConsumerConfig] (main) ConsumerConfig values: 
	allow.auto.create.topics = true
	auto.commit.interval.ms = 500
	auto.include.jmx.reporter = true
	auto.offset.reset = earliest
	bootstrap.servers = [PLAINTEXT://localhost:32769]
	check.crcs = true
	client.dns.lookup = use_all_dns_ips
	client.id = consumer-Consumer-topic-e167c255_d54a_451a_8d9b_742873349911-30
	client.rack = 
	connections.max.idle.ms = 10000
	default.api.timeout.ms = 60000
	enable.auto.commit = true
	enable.metrics.push = true
	exclude.internal.topics = true
	fetch.max.bytes = 52428800
	fetch.max.wait.ms = 500
	fetch.min.bytes = 1
	group.id = Consumer-topic-e167c255_d54a_451a_8d9b_742873349911
	group.instance.id = null
	group.protocol = classic
	group.remote.assignor = null
	heartbeat.interval.ms = 3000
	interceptor.classes = []
	internal.leave.group.on.close = true
	internal.throw.on.fetch.stable.offset.unsupported = false
	isolation.level = read_uncommitted
	key.deserializer = class org.apache.kafka.common.serialization.StringDeserializer
	max.partition.fetch.bytes = 1048576
	max.poll.interval.ms = 300000
	max.poll.records = 500
	metadata.max.age.ms = 300000
	metadata.recovery.strategy = none
	metric.reporters = []
	metrics.num.samples = 2
	metrics.recording.level = INFO
	metrics.sample.window.ms = 30000
	partition.assignment.strategy = [class org.apache.kafka.clients.consumer.RangeAssignor, class org.apache.kafka.clients.consumer.CooperativeStickyAssignor]
	receive.buffer.bytes = 65536
	reconnect.backoff.max.ms = 1000
	reconnect.backoff.ms = 50
	request.timeout.ms = 5000
	retry.backoff.max.ms = 1000
	retry.backoff.ms = 100
	sasl.client.callback.handler.class = null
	sasl.jaas.config = null
	sasl.kerberos.kinit.cmd = /usr/bin/kinit
	sasl.kerberos.min.time.before.relogin = 60000
	sasl.kerberos.service.name = null
	sasl.kerberos.ticket.renew.jitter = 0.05
	sasl.kerberos.ticket.renew.window.factor = 0.8
	sasl.login.callback.handler.class = null
	sasl.login.class = null
	sasl.login.connect.timeout.ms = null
	sasl.login.read.timeout.ms = null
	sasl.login.refresh.buffer.seconds = 300
	sasl.login.refresh.min.period.seconds = 60
	sasl.login.refresh.window.factor = 0.8
	sasl.login.refresh.window.jitter = 0.05
	sasl.login.retry.backoff.max.ms = 10000
	sasl.login.retry.backoff.ms = 100
	sasl.mechanism = GSSAPI
	sasl.oauthbearer.clock.skew.seconds = 30
	sasl.oauthbearer.expected.audience = null
	sasl.oauthbearer.expected.issuer = null
	sasl.oauthbearer.header.urlencode = false
	sasl.oauthbearer.jwks.endpoint.refresh.ms = 3600000
	sasl.oauthbearer.jwks.endpoint.retry.backoff.max.ms = 10000
	sasl.oauthbearer.jwks.endpoint.retry.backoff.ms = 100
	sasl.oauthbearer.jwks.endpoint.url = null
	sasl.oauthbearer.scope.claim.name = scope
	sasl.oauthbearer.sub.claim.name = sub
	sasl.oauthbearer.token.endpoint.url = null
	security.protocol = PLAINTEXT
	security.providers = null
	send.buffer.bytes = 131072
	session.timeout.ms = 45000
	socket.connection.setup.timeout.max.ms = 30000
	socket.connection.setup.timeout.ms = 10000
	ssl.cipher.suites = null
	ssl.enabled.protocols = [TLSv1.2, TLSv1.3]
	ssl.endpoint.identification.algorithm = https
	ssl.engine.factory.class = null
	ssl.key.password = null
	ssl.keymanager.algorithm = SunX509
	ssl.keystore.certificate.chain = null
	ssl.keystore.key = null
	ssl.keystore.location = null
	ssl.keystore.password = null
	ssl.keystore.type = JKS
	ssl.protocol = TLSv1.3
	ssl.provider = null
	ssl.secure.random.implementation = null
	ssl.trustmanager.algorithm = PKIX
	ssl.truststore.certificates = null
	ssl.truststore.location = null
	ssl.truststore.password = null
	ssl.truststore.type = JKS
	value.deserializer = class io.apicurio.registry.serde.protobuf.ProtobufKafkaDeserializer

2025-08-12 17:23:09,827 INFO  [org.apa.kaf.com.tel.int.KafkaMetricsCollector] (main) initializing Kafka metrics collector
2025-08-12 17:23:09,832 INFO  [org.apa.kaf.cli.con.ConsumerConfig] (main) These configurations '[apicurio.registry.url, apicurio.protobuf.derive.class]' were supplied but are not used yet.
2025-08-12 17:23:09,832 INFO  [org.apa.kaf.com.uti.AppInfoParser] (main) Kafka version: 3.9.1
2025-08-12 17:23:09,832 INFO  [org.apa.kaf.com.uti.AppInfoParser] (main) Kafka commitId: f745dfdcee2b9851
2025-08-12 17:23:09,832 INFO  [org.apa.kaf.com.uti.AppInfoParser] (main) Kafka startTimeMs: 1755019389832
2025-08-12 17:23:09,833 INFO  [org.apa.kaf.cli.con.int.ClassicKafkaConsumer] (Thread-827) [Consumer clientId=consumer-Consumer-topic-e167c255_d54a_451a_8d9b_742873349911-30, groupId=Consumer-topic-e167c255_d54a_451a_8d9b_742873349911] Subscribed to topic(s): topic-e167c255_d54a_451a_8d9b_742873349911
2025-08-12 17:23:09,835 INFO  [org.apa.kaf.cli.Metadata] (Thread-827) [Consumer clientId=consumer-Consumer-topic-e167c255_d54a_451a_8d9b_742873349911-30, groupId=Consumer-topic-e167c255_d54a_451a_8d9b_742873349911] Cluster ID: Ursznb63T6OTazTEUvngGA
2025-08-12 17:23:09,835 INFO  [org.apa.kaf.cli.con.int.ConsumerCoordinator] (Thread-827) [Consumer clientId=consumer-Consumer-topic-e167c255_d54a_451a_8d9b_742873349911-30, groupId=Consumer-topic-e167c255_d54a_451a_8d9b_742873349911] Discovered group coordinator localhost:32769 (id: 2147483647 rack: null)
2025-08-12 17:23:09,836 INFO  [org.apa.kaf.cli.con.int.ConsumerCoordinator] (Thread-827) [Consumer clientId=consumer-Consumer-topic-e167c255_d54a_451a_8d9b_742873349911-30, groupId=Consumer-topic-e167c255_d54a_451a_8d9b_742873349911] (Re-)joining group
2025-08-12 17:23:09,838 INFO  [org.apa.kaf.cli.con.int.ConsumerCoordinator] (Thread-827) [Consumer clientId=consumer-Consumer-topic-e167c255_d54a_451a_8d9b_742873349911-30, groupId=Consumer-topic-e167c255_d54a_451a_8d9b_742873349911] Request joining group due to: need to re-join with the given member-id: consumer-Consumer-topic-e167c255_d54a_451a_8d9b_742873349911-30-0c2596a4-5c4c-4ba1-99f4-f03e2c6d6d39
2025-08-12 17:23:09,838 INFO  [org.apa.kaf.cli.con.int.ConsumerCoordinator] (Thread-827) [Consumer clientId=consumer-Consumer-topic-e167c255_d54a_451a_8d9b_742873349911-30, groupId=Consumer-topic-e167c255_d54a_451a_8d9b_742873349911] (Re-)joining group
2025-08-12 17:23:10,833 INFO  [io.api.tes.ser.api.KafkaSerdesTester] (Thread-827) None found
2025-08-12 17:23:11,840 INFO  [io.api.tes.ser.api.KafkaSerdesTester] (Thread-827) None found
2025-08-12 17:23:12,839 INFO  [org.apa.kaf.cli.con.int.ConsumerCoordinator] (Thread-827) [Consumer clientId=consumer-Consumer-topic-e167c255_d54a_451a_8d9b_742873349911-30, groupId=Consumer-topic-e167c255_d54a_451a_8d9b_742873349911] Successfully joined group with generation Generation{generationId=1, memberId='consumer-Consumer-topic-e167c255_d54a_451a_8d9b_742873349911-30-0c2596a4-5c4c-4ba1-99f4-f03e2c6d6d39', protocol='range'}
2025-08-12 17:23:12,840 INFO  [org.apa.kaf.cli.con.int.ConsumerCoordinator] (Thread-827) [Consumer clientId=consumer-Consumer-topic-e167c255_d54a_451a_8d9b_742873349911-30, groupId=Consumer-topic-e167c255_d54a_451a_8d9b_742873349911] Finished assignment for group at generation 1: {consumer-Consumer-topic-e167c255_d54a_451a_8d9b_742873349911-30-0c2596a4-5c4c-4ba1-99f4-f03e2c6d6d39=Assignment(partitions=[topic-e167c255_d54a_451a_8d9b_742873349911-0])}
2025-08-12 17:23:12,840 INFO  [io.api.tes.ser.api.KafkaSerdesTester] (Thread-827) None found
2025-08-12 17:23:12,846 INFO  [org.apa.kaf.cli.con.int.ConsumerCoordinator] (Thread-827) [Consumer clientId=consumer-Consumer-topic-e167c255_d54a_451a_8d9b_742873349911-30, groupId=Consumer-topic-e167c255_d54a_451a_8d9b_742873349911] Successfully synced group in generation Generation{generationId=1, memberId='consumer-Consumer-topic-e167c255_d54a_451a_8d9b_742873349911-30-0c2596a4-5c4c-4ba1-99f4-f03e2c6d6d39', protocol='range'}
2025-08-12 17:23:12,846 INFO  [org.apa.kaf.cli.con.int.ConsumerCoordinator] (Thread-827) [Consumer clientId=consumer-Consumer-topic-e167c255_d54a_451a_8d9b_742873349911-30, groupId=Consumer-topic-e167c255_d54a_451a_8d9b_742873349911] Notifying assignor about the new Assignment(partitions=[topic-e167c255_d54a_451a_8d9b_742873349911-0])
2025-08-12 17:23:12,846 INFO  [org.apa.kaf.cli.con.int.ConsumerRebalanceListenerInvoker] (Thread-827) [Consumer clientId=consumer-Consumer-topic-e167c255_d54a_451a_8d9b_742873349911-30, groupId=Consumer-topic-e167c255_d54a_451a_8d9b_742873349911] Adding newly assigned partitions: topic-e167c255_d54a_451a_8d9b_742873349911-0
2025-08-12 17:23:12,847 INFO  [org.apa.kaf.cli.con.int.ConsumerCoordinator] (Thread-827) [Consumer clientId=consumer-Consumer-topic-e167c255_d54a_451a_8d9b_742873349911-30, groupId=Consumer-topic-e167c255_d54a_451a_8d9b_742873349911] Found no committed offset for partition topic-e167c255_d54a_451a_8d9b_742873349911-0
2025-08-12 17:23:12,849 INFO  [org.apa.kaf.cli.con.int.SubscriptionState] (Thread-827) [Consumer clientId=consumer-Consumer-topic-e167c255_d54a_451a_8d9b_742873349911-30, groupId=Consumer-topic-e167c255_d54a_451a_8d9b_742873349911] Resetting offset for partition topic-e167c255_d54a_451a_8d9b_742873349911-0 to position FetchPosition{offset=0, offsetEpoch=Optional.empty, currentLeader=LeaderAndEpoch{leader=Optional[localhost:32769 (id: 0 rack: null)], epoch=0}}.
2025-08-12 17:23:13,181 INFO  [io.api.tes.ser.api.KafkaSerdesTester] (Thread-827) topic-e167c255_d54a_451a_8d9b_742873349911 0 0 header {
  time {
  }
}
d1: 1.755019388675E12
s1: "a"
i1: 123
bi1: 1
point {
  longitude: 22.0
  latitude: 22.0
  altitude: 1.0
}

2025-08-12 17:23:13,181 INFO  [io.api.tes.ser.api.KafkaSerdesTester] (Thread-827) topic-e167c255_d54a_451a_8d9b_742873349911 0 1 header {
  time {
  }
}
d1: 1.755019389002E12
s1: "a"
i1: 123
bi1: 1
point {
  longitude: 22.0
  latitude: 22.0
  altitude: 1.0
}

2025-08-12 17:23:13,181 INFO  [io.api.tes.ser.api.KafkaSerdesTester] (Thread-827) topic-e167c255_d54a_451a_8d9b_742873349911 0 2 header {
  time {
  }
}
d1: 1.755019389077E12
s1: "a"
i1: 123
bi1: 1
point {
  longitude: 22.0
  latitude: 22.0
  altitude: 1.0
}

2025-08-12 17:23:13,182 INFO  [io.api.tes.ser.api.KafkaSerdesTester] (Thread-827) topic-e167c255_d54a_451a_8d9b_742873349911 0 3 header {
  time {
  }
}
d1: 1.755019389151E12
s1: "a"
i1: 123
bi1: 1
point {
  longitude: 22.0
  latitude: 22.0
  altitude: 1.0
}

2025-08-12 17:23:13,182 INFO  [io.api.tes.ser.api.KafkaSerdesTester] (Thread-827) topic-e167c255_d54a_451a_8d9b_742873349911 0 4 header {
  time {
  }
}
d1: 1.755019389226E12
s1: "a"
i1: 123
bi1: 1
point {
  longitude: 22.0
  latitude: 22.0
  altitude: 1.0
}

2025-08-12 17:23:13,182 INFO  [io.api.tes.ser.api.KafkaSerdesTester] (Thread-827) topic-e167c255_d54a_451a_8d9b_742873349911 0 5 header {
  time {
  }
}
d1: 1.755019389304E12
s1: "a"
i1: 123
bi1: 1
point {
  longitude: 22.0
  latitude: 22.0
  altitude: 1.0
}

2025-08-12 17:23:13,182 INFO  [io.api.tes.ser.api.KafkaSerdesTester] (Thread-827) topic-e167c255_d54a_451a_8d9b_742873349911 0 6 header {
  time {
  }
}
d1: 1.755019389378E12
s1: "a"
i1: 123
bi1: 1
point {
  longitude: 22.0
  latitude: 22.0
  altitude: 1.0
}

2025-08-12 17:23:13,182 INFO  [io.api.tes.ser.api.KafkaSerdesTester] (Thread-827) topic-e167c255_d54a_451a_8d9b_742873349911 0 7 header {
  time {
  }
}
d1: 1.755019389454E12
s1: "a"
i1: 123
bi1: 1
point {
  longitude: 22.0
  latitude: 22.0
  altitude: 1.0
}

2025-08-12 17:23:13,182 INFO  [io.api.tes.ser.api.KafkaSerdesTester] (Thread-827) topic-e167c255_d54a_451a_8d9b_742873349911 0 8 header {
  time {
  }
}
d1: 1.755019389527E12
s1: "a"
i1: 123
bi1: 1
point {
  longitude: 22.0
  latitude: 22.0
  altitude: 1.0
}

2025-08-12 17:23:13,182 INFO  [io.api.tes.ser.api.KafkaSerdesTester] (Thread-827) topic-e167c255_d54a_451a_8d9b_742873349911 0 9 header {
  time {
  }
}
d1: 1.755019389601E12
s1: "a"
i1: 123
bi1: 1
point {
  longitude: 22.0
  latitude: 22.0
  altitude: 1.0
}

2025-08-12 17:23:13,182 INFO  [io.api.tes.ser.api.KafkaSerdesTester] (Thread-827) Consumed 10 messages
2025-08-12 17:23:13,189 INFO  [org.apa.kaf.cli.con.int.ConsumerRebalanceListenerInvoker] (Thread-827) [Consumer clientId=consumer-Consumer-topic-e167c255_d54a_451a_8d9b_742873349911-30, groupId=Consumer-topic-e167c255_d54a_451a_8d9b_742873349911] Revoke previously assigned partitions topic-e167c255_d54a_451a_8d9b_742873349911-0
2025-08-12 17:23:13,189 INFO  [org.apa.kaf.cli.con.int.ConsumerCoordinator] (Thread-827) [Consumer clientId=consumer-Consumer-topic-e167c255_d54a_451a_8d9b_742873349911-30, groupId=Consumer-topic-e167c255_d54a_451a_8d9b_742873349911] Member consumer-Consumer-topic-e167c255_d54a_451a_8d9b_742873349911-30-0c2596a4-5c4c-4ba1-99f4-f03e2c6d6d39 sending LeaveGroup request to coordinator localhost:32769 (id: 2147483647 rack: null) due to the consumer is being closed
2025-08-12 17:23:13,190 INFO  [org.apa.kaf.cli.con.int.ConsumerCoordinator] (Thread-827) [Consumer clientId=consumer-Consumer-topic-e167c255_d54a_451a_8d9b_742873349911-30, groupId=Consumer-topic-e167c255_d54a_451a_8d9b_742873349911] Resetting generation and member id due to: consumer pro-actively leaving the group
2025-08-12 17:23:13,190 INFO  [org.apa.kaf.cli.con.int.ConsumerCoordinator] (Thread-827) [Consumer clientId=consumer-Consumer-topic-e167c255_d54a_451a_8d9b_742873349911-30, groupId=Consumer-topic-e167c255_d54a_451a_8d9b_742873349911] Request joining group due to: consumer pro-actively leaving the group
2025-08-12 17:23:13,683 INFO  [org.apa.kaf.com.met.Metrics] (Thread-827) Metrics scheduler closed
2025-08-12 17:23:13,683 INFO  [org.apa.kaf.com.met.Metrics] (Thread-827) Closing reporter org.apache.kafka.common.metrics.JmxReporter
2025-08-12 17:23:13,683 INFO  [org.apa.kaf.com.met.Metrics] (Thread-827) Closing reporter org.apache.kafka.common.telemetry.internals.ClientTelemetryReporter
2025-08-12 17:23:13,683 INFO  [org.apa.kaf.com.met.Metrics] (Thread-827) Metrics reporters closed
2025-08-12 17:23:13,685 INFO  [org.apa.kaf.com.uti.AppInfoParser] (Thread-827) App info kafka.consumer for consumer-Consumer-topic-e167c255_d54a_451a_8d9b_742873349911-30 unregistered
2025-08-12 17:23:13,760 INFO  [io.api.tes.uti.TestSeparator] (main) io.apicurio.tests.serdes.apicurio.ProtobufSerdeIT.testAutoRegisterDeriveClassProtobufType-FINISHED
2025-08-12 17:23:13,760 INFO  [io.api.tes.uti.TestSeparator] (main) ############################################################################
Test passed: testAutoRegisterDeriveClassProtobufType
]]></system-out>
  </testcase>
  <testcase name="testConsumeReturnSpecificClass" classname="io.apicurio.tests.serdes.apicurio.ProtobufSerdeIT" time="1.153">
    <system-out><![CDATA[2025-08-12 17:23:13,761 INFO  [io.api.tes.uti.TestSeparator] (main) ############################################################################
2025-08-12 17:23:13,761 INFO  [io.api.tes.uti.TestSeparator] (main) io.apicurio.tests.serdes.apicurio.ProtobufSerdeIT.testConsumeReturnSpecificClass-STARTED
2025-08-12 17:23:14,914 INFO  [io.api.tes.uti.TestSeparator] (main) io.apicurio.tests.serdes.apicurio.ProtobufSerdeIT.testConsumeReturnSpecificClass-FINISHED
2025-08-12 17:23:14,914 INFO  [io.api.tes.uti.TestSeparator] (main) ############################################################################
Test passed: testConsumeReturnSpecificClass
]]></system-out>
  </testcase>
  <testcase name="testFindLatestSpecificProtobufType" classname="io.apicurio.tests.serdes.apicurio.ProtobufSerdeIT" time="1.154">
    <system-out><![CDATA[2025-08-12 17:23:14,916 INFO  [io.api.tes.uti.TestSeparator] (main) ############################################################################
2025-08-12 17:23:14,916 INFO  [io.api.tes.uti.TestSeparator] (main) io.apicurio.tests.serdes.apicurio.ProtobufSerdeIT.testFindLatestSpecificProtobufType-STARTED
2025-08-12 17:23:16,069 INFO  [io.api.tes.uti.TestSeparator] (main) io.apicurio.tests.serdes.apicurio.ProtobufSerdeIT.testFindLatestSpecificProtobufType-FINISHED
2025-08-12 17:23:16,069 INFO  [io.api.tes.uti.TestSeparator] (main) ############################################################################
Test passed: testFindLatestSpecificProtobufType
]]></system-out>
  </testcase>
  <testcase name="testFindLatestDynamicMessageProtobufType" classname="io.apicurio.tests.serdes.apicurio.ProtobufSerdeIT" time="5.319">
    <system-out><![CDATA[2025-08-12 17:23:16,070 INFO  [io.api.tes.uti.TestSeparator] (main) ############################################################################
2025-08-12 17:23:16,070 INFO  [io.api.tes.uti.TestSeparator] (main) io.apicurio.tests.serdes.apicurio.ProtobufSerdeIT.testFindLatestDynamicMessageProtobufType-STARTED
**** Registry Base URL: http://registry-app-inmemory.apps.ci419.apicurio-testing.org:80
2025-08-12 17:23:17,221 INFO  [org.apa.kaf.cli.pro.ProducerConfig] (main) ProducerConfig values: 
	acks = -1
	auto.include.jmx.reporter = true
	batch.size = 16384
	bootstrap.servers = [PLAINTEXT://localhost:32769]
	buffer.memory = 33554432
	client.dns.lookup = use_all_dns_ips
	client.id = Producer-topic-c7b9d64f_47dc_4898_8ed6_7c16a2085e80
	compression.gzip.level = -1
	compression.lz4.level = 9
	compression.type = none
	compression.zstd.level = 3
	connections.max.idle.ms = 10000
	delivery.timeout.ms = 120000
	enable.idempotence = true
	enable.metrics.push = true
	interceptor.classes = []
	key.serializer = class org.apache.kafka.common.serialization.StringSerializer
	linger.ms = 0
	max.block.ms = 60000
	max.in.flight.requests.per.connection = 5
	max.request.size = 1048576
	metadata.max.age.ms = 300000
	metadata.max.idle.ms = 300000
	metadata.recovery.strategy = none
	metric.reporters = []
	metrics.num.samples = 2
	metrics.recording.level = INFO
	metrics.sample.window.ms = 30000
	partitioner.adaptive.partitioning.enable = true
	partitioner.availability.timeout.ms = 0
	partitioner.class = null
	partitioner.ignore.keys = false
	receive.buffer.bytes = 32768
	reconnect.backoff.max.ms = 1000
	reconnect.backoff.ms = 50
	request.timeout.ms = 5000
	retries = 2147483647
	retry.backoff.max.ms = 1000
	retry.backoff.ms = 100
	sasl.client.callback.handler.class = null
	sasl.jaas.config = null
	sasl.kerberos.kinit.cmd = /usr/bin/kinit
	sasl.kerberos.min.time.before.relogin = 60000
	sasl.kerberos.service.name = null
	sasl.kerberos.ticket.renew.jitter = 0.05
	sasl.kerberos.ticket.renew.window.factor = 0.8
	sasl.login.callback.handler.class = null
	sasl.login.class = null
	sasl.login.connect.timeout.ms = null
	sasl.login.read.timeout.ms = null
	sasl.login.refresh.buffer.seconds = 300
	sasl.login.refresh.min.period.seconds = 60
	sasl.login.refresh.window.factor = 0.8
	sasl.login.refresh.window.jitter = 0.05
	sasl.login.retry.backoff.max.ms = 10000
	sasl.login.retry.backoff.ms = 100
	sasl.mechanism = GSSAPI
	sasl.oauthbearer.clock.skew.seconds = 30
	sasl.oauthbearer.expected.audience = null
	sasl.oauthbearer.expected.issuer = null
	sasl.oauthbearer.header.urlencode = false
	sasl.oauthbearer.jwks.endpoint.refresh.ms = 3600000
	sasl.oauthbearer.jwks.endpoint.retry.backoff.max.ms = 10000
	sasl.oauthbearer.jwks.endpoint.retry.backoff.ms = 100
	sasl.oauthbearer.jwks.endpoint.url = null
	sasl.oauthbearer.scope.claim.name = scope
	sasl.oauthbearer.sub.claim.name = sub
	sasl.oauthbearer.token.endpoint.url = null
	security.protocol = PLAINTEXT
	security.providers = null
	send.buffer.bytes = 131072
	socket.connection.setup.timeout.max.ms = 30000
	socket.connection.setup.timeout.ms = 10000
	ssl.cipher.suites = null
	ssl.enabled.protocols = [TLSv1.2, TLSv1.3]
	ssl.endpoint.identification.algorithm = https
	ssl.engine.factory.class = null
	ssl.key.password = null
	ssl.keymanager.algorithm = SunX509
	ssl.keystore.certificate.chain = null
	ssl.keystore.key = null
	ssl.keystore.location = null
	ssl.keystore.password = null
	ssl.keystore.type = JKS
	ssl.protocol = TLSv1.3
	ssl.provider = null
	ssl.secure.random.implementation = null
	ssl.trustmanager.algorithm = PKIX
	ssl.truststore.certificates = null
	ssl.truststore.location = null
	ssl.truststore.password = null
	ssl.truststore.type = JKS
	transaction.timeout.ms = 60000
	transactional.id = null
	value.serializer = class io.apicurio.registry.serde.protobuf.ProtobufKafkaSerializer

2025-08-12 17:23:17,222 INFO  [org.apa.kaf.com.tel.int.KafkaMetricsCollector] (main) initializing Kafka metrics collector
2025-08-12 17:23:17,224 INFO  [org.apa.kaf.cli.pro.KafkaProducer] (main) [Producer clientId=Producer-topic-c7b9d64f_47dc_4898_8ed6_7c16a2085e80] Instantiated an idempotent producer.
2025-08-12 17:23:17,225 INFO  [org.apa.kaf.cli.pro.ProducerConfig] (main) These configurations '[apicurio.registry.find-latest, apicurio.registry.url, apicurio.registry.artifact-resolver-strategy]' were supplied but are not used yet.
2025-08-12 17:23:17,225 INFO  [org.apa.kaf.com.uti.AppInfoParser] (main) Kafka version: 3.9.1
2025-08-12 17:23:17,225 INFO  [org.apa.kaf.com.uti.AppInfoParser] (main) Kafka commitId: f745dfdcee2b9851
2025-08-12 17:23:17,225 INFO  [org.apa.kaf.com.uti.AppInfoParser] (main) Kafka startTimeMs: 1755019397225
2025-08-12 17:23:17,225 INFO  [io.api.tes.ser.api.SimpleSerdesTesterBuilder$SimpleSerdesTester] (main) Using producer configuration: {apicurio.registry.find-latest=true, apicurio.registry.url=http://registry-app-inmemory.apps.ci419.apicurio-testing.org:80/apis/registry/v3, apicurio.registry.artifact-resolver-strategy=io.apicurio.registry.serde.strategy.SimpleTopicIdStrategy, value.serializer=io.apicurio.registry.serde.protobuf.ProtobufKafkaSerializer, request.timeout.ms=5000, acks=all, bootstrap.servers=PLAINTEXT://localhost:32769, connections.max.idle.ms=10000, key.serializer=org.apache.kafka.common.serialization.StringSerializer, client.id=Producer-topic-c7b9d64f_47dc_4898_8ed6_7c16a2085e80}
2025-08-12 17:23:17,225 INFO  [io.api.tes.ser.api.SimpleSerdesTesterBuilder$SimpleSerdesTester] (main) Using consumer configuration: {apicurio.registry.deserializer.value.return-class=com.google.protobuf.DynamicMessage}
2025-08-12 17:23:17,226 INFO  [io.api.tes.ser.api.KafkaSerdesTester] (Thread-830) Sending message header {
  time {
  }
}
d1: 1.755019397225E12
s1: "a"
i1: 123
bi1: 1
point {
  longitude: 22.0
  latitude: 22.0
  altitude: 1.0
}
 to topic topic-c7b9d64f_47dc_4898_8ed6_7c16a2085e80
2025-08-12 17:23:17,229 INFO  [org.apa.kaf.cli.Metadata] (kafka-producer-network-thread | Producer-topic-c7b9d64f_47dc_4898_8ed6_7c16a2085e80) [Producer clientId=Producer-topic-c7b9d64f_47dc_4898_8ed6_7c16a2085e80] Cluster ID: Ursznb63T6OTazTEUvngGA
2025-08-12 17:23:17,229 INFO  [org.apa.kaf.cli.pro.int.TransactionManager] (kafka-producer-network-thread | Producer-topic-c7b9d64f_47dc_4898_8ed6_7c16a2085e80) [Producer clientId=Producer-topic-c7b9d64f_47dc_4898_8ed6_7c16a2085e80] ProducerId set to 41 with epoch 0
2025-08-12 17:23:17,562 INFO  [io.api.tes.ser.api.KafkaSerdesTester] (Thread-830) Sending message header {
  time {
  }
}
d1: 1.755019397561E12
s1: "a"
i1: 123
bi1: 1
point {
  longitude: 22.0
  latitude: 22.0
  altitude: 1.0
}
 to topic topic-c7b9d64f_47dc_4898_8ed6_7c16a2085e80
2025-08-12 17:23:17,563 INFO  [io.api.tes.ser.api.KafkaSerdesTester] (Thread-830) Sending message header {
  time {
  }
}
d1: 1.755019397563E12
s1: "a"
i1: 123
bi1: 1
point {
  longitude: 22.0
  latitude: 22.0
  altitude: 1.0
}
 to topic topic-c7b9d64f_47dc_4898_8ed6_7c16a2085e80
2025-08-12 17:23:17,566 INFO  [io.api.tes.ser.api.KafkaSerdesTester] (Thread-830) Sending message header {
  time {
  }
}
d1: 1.755019397566E12
s1: "a"
i1: 123
bi1: 1
point {
  longitude: 22.0
  latitude: 22.0
  altitude: 1.0
}
 to topic topic-c7b9d64f_47dc_4898_8ed6_7c16a2085e80
2025-08-12 17:23:17,575 INFO  [io.api.tes.ser.api.KafkaSerdesTester] (Thread-830) Sending message header {
  time {
  }
}
d1: 1.755019397574E12
s1: "a"
i1: 123
bi1: 1
point {
  longitude: 22.0
  latitude: 22.0
  altitude: 1.0
}
 to topic topic-c7b9d64f_47dc_4898_8ed6_7c16a2085e80
2025-08-12 17:23:17,580 INFO  [io.api.tes.ser.api.KafkaSerdesTester] (Thread-830) Sending message header {
  time {
  }
}
d1: 1.75501939758E12
s1: "a"
i1: 123
bi1: 1
point {
  longitude: 22.0
  latitude: 22.0
  altitude: 1.0
}
 to topic topic-c7b9d64f_47dc_4898_8ed6_7c16a2085e80
2025-08-12 17:23:17,585 INFO  [io.api.tes.ser.api.KafkaSerdesTester] (Thread-830) Sending message header {
  time {
  }
}
d1: 1.755019397585E12
s1: "a"
i1: 123
bi1: 1
point {
  longitude: 22.0
  latitude: 22.0
  altitude: 1.0
}
 to topic topic-c7b9d64f_47dc_4898_8ed6_7c16a2085e80
2025-08-12 17:23:17,586 INFO  [io.api.tes.ser.api.KafkaSerdesTester] (Thread-830) Sending message header {
  time {
  }
}
d1: 1.755019397586E12
s1: "a"
i1: 123
bi1: 1
point {
  longitude: 22.0
  latitude: 22.0
  altitude: 1.0
}
 to topic topic-c7b9d64f_47dc_4898_8ed6_7c16a2085e80
2025-08-12 17:23:17,587 INFO  [io.api.tes.ser.api.KafkaSerdesTester] (Thread-830) Sending message header {
  time {
  }
}
d1: 1.755019397587E12
s1: "a"
i1: 123
bi1: 1
point {
  longitude: 22.0
  latitude: 22.0
  altitude: 1.0
}
 to topic topic-c7b9d64f_47dc_4898_8ed6_7c16a2085e80
2025-08-12 17:23:17,590 INFO  [io.api.tes.ser.api.KafkaSerdesTester] (Thread-830) Sending message header {
  time {
  }
}
d1: 1.75501939759E12
s1: "a"
i1: 123
bi1: 1
point {
  longitude: 22.0
  latitude: 22.0
  altitude: 1.0
}
 to topic topic-c7b9d64f_47dc_4898_8ed6_7c16a2085e80
2025-08-12 17:23:17,593 INFO  [io.api.tes.ser.api.KafkaSerdesTester] (Thread-830) Produced 10 messages
2025-08-12 17:23:17,593 INFO  [org.apa.kaf.cli.pro.KafkaProducer] (Thread-830) [Producer clientId=Producer-topic-c7b9d64f_47dc_4898_8ed6_7c16a2085e80] Closing the Kafka producer with timeoutMillis = 9223372036854775807 ms.
2025-08-12 17:23:17,596 INFO  [org.apa.kaf.com.met.Metrics] (Thread-830) Metrics scheduler closed
2025-08-12 17:23:17,596 INFO  [org.apa.kaf.com.met.Metrics] (Thread-830) Closing reporter org.apache.kafka.common.metrics.JmxReporter
2025-08-12 17:23:17,596 INFO  [org.apa.kaf.com.met.Metrics] (Thread-830) Closing reporter org.apache.kafka.common.telemetry.internals.ClientTelemetryReporter
2025-08-12 17:23:17,596 INFO  [org.apa.kaf.com.met.Metrics] (Thread-830) Metrics reporters closed
2025-08-12 17:23:17,597 INFO  [org.apa.kaf.com.uti.AppInfoParser] (Thread-830) App info kafka.producer for Producer-topic-c7b9d64f_47dc_4898_8ed6_7c16a2085e80 unregistered
**** Registry Base URL: http://registry-app-inmemory.apps.ci419.apicurio-testing.org:80
2025-08-12 17:23:17,599 INFO  [org.apa.kaf.cli.con.ConsumerConfig] (main) ConsumerConfig values: 
	allow.auto.create.topics = true
	auto.commit.interval.ms = 500
	auto.include.jmx.reporter = true
	auto.offset.reset = earliest
	bootstrap.servers = [PLAINTEXT://localhost:32769]
	check.crcs = true
	client.dns.lookup = use_all_dns_ips
	client.id = consumer-Consumer-topic-c7b9d64f_47dc_4898_8ed6_7c16a2085e80-31
	client.rack = 
	connections.max.idle.ms = 10000
	default.api.timeout.ms = 60000
	enable.auto.commit = true
	enable.metrics.push = true
	exclude.internal.topics = true
	fetch.max.bytes = 52428800
	fetch.max.wait.ms = 500
	fetch.min.bytes = 1
	group.id = Consumer-topic-c7b9d64f_47dc_4898_8ed6_7c16a2085e80
	group.instance.id = null
	group.protocol = classic
	group.remote.assignor = null
	heartbeat.interval.ms = 3000
	interceptor.classes = []
	internal.leave.group.on.close = true
	internal.throw.on.fetch.stable.offset.unsupported = false
	isolation.level = read_uncommitted
	key.deserializer = class org.apache.kafka.common.serialization.StringDeserializer
	max.partition.fetch.bytes = 1048576
	max.poll.interval.ms = 300000
	max.poll.records = 500
	metadata.max.age.ms = 300000
	metadata.recovery.strategy = none
	metric.reporters = []
	metrics.num.samples = 2
	metrics.recording.level = INFO
	metrics.sample.window.ms = 30000
	partition.assignment.strategy = [class org.apache.kafka.clients.consumer.RangeAssignor, class org.apache.kafka.clients.consumer.CooperativeStickyAssignor]
	receive.buffer.bytes = 65536
	reconnect.backoff.max.ms = 1000
	reconnect.backoff.ms = 50
	request.timeout.ms = 5000
	retry.backoff.max.ms = 1000
	retry.backoff.ms = 100
	sasl.client.callback.handler.class = null
	sasl.jaas.config = null
	sasl.kerberos.kinit.cmd = /usr/bin/kinit
	sasl.kerberos.min.time.before.relogin = 60000
	sasl.kerberos.service.name = null
	sasl.kerberos.ticket.renew.jitter = 0.05
	sasl.kerberos.ticket.renew.window.factor = 0.8
	sasl.login.callback.handler.class = null
	sasl.login.class = null
	sasl.login.connect.timeout.ms = null
	sasl.login.read.timeout.ms = null
	sasl.login.refresh.buffer.seconds = 300
	sasl.login.refresh.min.period.seconds = 60
	sasl.login.refresh.window.factor = 0.8
	sasl.login.refresh.window.jitter = 0.05
	sasl.login.retry.backoff.max.ms = 10000
	sasl.login.retry.backoff.ms = 100
	sasl.mechanism = GSSAPI
	sasl.oauthbearer.clock.skew.seconds = 30
	sasl.oauthbearer.expected.audience = null
	sasl.oauthbearer.expected.issuer = null
	sasl.oauthbearer.header.urlencode = false
	sasl.oauthbearer.jwks.endpoint.refresh.ms = 3600000
	sasl.oauthbearer.jwks.endpoint.retry.backoff.max.ms = 10000
	sasl.oauthbearer.jwks.endpoint.retry.backoff.ms = 100
	sasl.oauthbearer.jwks.endpoint.url = null
	sasl.oauthbearer.scope.claim.name = scope
	sasl.oauthbearer.sub.claim.name = sub
	sasl.oauthbearer.token.endpoint.url = null
	security.protocol = PLAINTEXT
	security.providers = null
	send.buffer.bytes = 131072
	session.timeout.ms = 45000
	socket.connection.setup.timeout.max.ms = 30000
	socket.connection.setup.timeout.ms = 10000
	ssl.cipher.suites = null
	ssl.enabled.protocols = [TLSv1.2, TLSv1.3]
	ssl.endpoint.identification.algorithm = https
	ssl.engine.factory.class = null
	ssl.key.password = null
	ssl.keymanager.algorithm = SunX509
	ssl.keystore.certificate.chain = null
	ssl.keystore.key = null
	ssl.keystore.location = null
	ssl.keystore.password = null
	ssl.keystore.type = JKS
	ssl.protocol = TLSv1.3
	ssl.provider = null
	ssl.secure.random.implementation = null
	ssl.trustmanager.algorithm = PKIX
	ssl.truststore.certificates = null
	ssl.truststore.location = null
	ssl.truststore.password = null
	ssl.truststore.type = JKS
	value.deserializer = class io.apicurio.registry.serde.protobuf.ProtobufKafkaDeserializer

2025-08-12 17:23:17,599 INFO  [org.apa.kaf.com.tel.int.KafkaMetricsCollector] (main) initializing Kafka metrics collector
2025-08-12 17:23:17,612 INFO  [org.apa.kaf.cli.con.ConsumerConfig] (main) These configurations '[apicurio.registry.deserializer.value.return-class, apicurio.registry.url]' were supplied but are not used yet.
2025-08-12 17:23:17,613 INFO  [org.apa.kaf.com.uti.AppInfoParser] (main) Kafka version: 3.9.1
2025-08-12 17:23:17,613 INFO  [org.apa.kaf.com.uti.AppInfoParser] (main) Kafka commitId: f745dfdcee2b9851
2025-08-12 17:23:17,613 INFO  [org.apa.kaf.com.uti.AppInfoParser] (main) Kafka startTimeMs: 1755019397613
2025-08-12 17:23:17,614 INFO  [org.apa.kaf.cli.con.int.ClassicKafkaConsumer] (Thread-833) [Consumer clientId=consumer-Consumer-topic-c7b9d64f_47dc_4898_8ed6_7c16a2085e80-31, groupId=Consumer-topic-c7b9d64f_47dc_4898_8ed6_7c16a2085e80] Subscribed to topic(s): topic-c7b9d64f_47dc_4898_8ed6_7c16a2085e80
2025-08-12 17:23:17,619 INFO  [org.apa.kaf.cli.Metadata] (Thread-833) [Consumer clientId=consumer-Consumer-topic-c7b9d64f_47dc_4898_8ed6_7c16a2085e80-31, groupId=Consumer-topic-c7b9d64f_47dc_4898_8ed6_7c16a2085e80] Cluster ID: Ursznb63T6OTazTEUvngGA
2025-08-12 17:23:17,620 INFO  [org.apa.kaf.cli.con.int.ConsumerCoordinator] (Thread-833) [Consumer clientId=consumer-Consumer-topic-c7b9d64f_47dc_4898_8ed6_7c16a2085e80-31, groupId=Consumer-topic-c7b9d64f_47dc_4898_8ed6_7c16a2085e80] Discovered group coordinator localhost:32769 (id: 2147483647 rack: null)
2025-08-12 17:23:17,621 INFO  [org.apa.kaf.cli.con.int.ConsumerCoordinator] (Thread-833) [Consumer clientId=consumer-Consumer-topic-c7b9d64f_47dc_4898_8ed6_7c16a2085e80-31, groupId=Consumer-topic-c7b9d64f_47dc_4898_8ed6_7c16a2085e80] (Re-)joining group
2025-08-12 17:23:17,623 INFO  [org.apa.kaf.cli.con.int.ConsumerCoordinator] (Thread-833) [Consumer clientId=consumer-Consumer-topic-c7b9d64f_47dc_4898_8ed6_7c16a2085e80-31, groupId=Consumer-topic-c7b9d64f_47dc_4898_8ed6_7c16a2085e80] Request joining group due to: need to re-join with the given member-id: consumer-Consumer-topic-c7b9d64f_47dc_4898_8ed6_7c16a2085e80-31-f6488f32-09ed-4283-af77-b0a002cf7b18
2025-08-12 17:23:17,623 INFO  [org.apa.kaf.cli.con.int.ConsumerCoordinator] (Thread-833) [Consumer clientId=consumer-Consumer-topic-c7b9d64f_47dc_4898_8ed6_7c16a2085e80-31, groupId=Consumer-topic-c7b9d64f_47dc_4898_8ed6_7c16a2085e80] (Re-)joining group
2025-08-12 17:23:18,614 INFO  [io.api.tes.ser.api.KafkaSerdesTester] (Thread-833) None found
2025-08-12 17:23:19,614 INFO  [io.api.tes.ser.api.KafkaSerdesTester] (Thread-833) None found
2025-08-12 17:23:20,614 INFO  [io.api.tes.ser.api.KafkaSerdesTester] (Thread-833) None found
2025-08-12 17:23:20,624 INFO  [org.apa.kaf.cli.con.int.ConsumerCoordinator] (Thread-833) [Consumer clientId=consumer-Consumer-topic-c7b9d64f_47dc_4898_8ed6_7c16a2085e80-31, groupId=Consumer-topic-c7b9d64f_47dc_4898_8ed6_7c16a2085e80] Successfully joined group with generation Generation{generationId=1, memberId='consumer-Consumer-topic-c7b9d64f_47dc_4898_8ed6_7c16a2085e80-31-f6488f32-09ed-4283-af77-b0a002cf7b18', protocol='range'}
2025-08-12 17:23:20,625 INFO  [org.apa.kaf.cli.con.int.ConsumerCoordinator] (Thread-833) [Consumer clientId=consumer-Consumer-topic-c7b9d64f_47dc_4898_8ed6_7c16a2085e80-31, groupId=Consumer-topic-c7b9d64f_47dc_4898_8ed6_7c16a2085e80] Finished assignment for group at generation 1: {consumer-Consumer-topic-c7b9d64f_47dc_4898_8ed6_7c16a2085e80-31-f6488f32-09ed-4283-af77-b0a002cf7b18=Assignment(partitions=[topic-c7b9d64f_47dc_4898_8ed6_7c16a2085e80-0])}
2025-08-12 17:23:20,631 INFO  [org.apa.kaf.cli.con.int.ConsumerCoordinator] (Thread-833) [Consumer clientId=consumer-Consumer-topic-c7b9d64f_47dc_4898_8ed6_7c16a2085e80-31, groupId=Consumer-topic-c7b9d64f_47dc_4898_8ed6_7c16a2085e80] Successfully synced group in generation Generation{generationId=1, memberId='consumer-Consumer-topic-c7b9d64f_47dc_4898_8ed6_7c16a2085e80-31-f6488f32-09ed-4283-af77-b0a002cf7b18', protocol='range'}
2025-08-12 17:23:20,632 INFO  [org.apa.kaf.cli.con.int.ConsumerCoordinator] (Thread-833) [Consumer clientId=consumer-Consumer-topic-c7b9d64f_47dc_4898_8ed6_7c16a2085e80-31, groupId=Consumer-topic-c7b9d64f_47dc_4898_8ed6_7c16a2085e80] Notifying assignor about the new Assignment(partitions=[topic-c7b9d64f_47dc_4898_8ed6_7c16a2085e80-0])
2025-08-12 17:23:20,632 INFO  [org.apa.kaf.cli.con.int.ConsumerRebalanceListenerInvoker] (Thread-833) [Consumer clientId=consumer-Consumer-topic-c7b9d64f_47dc_4898_8ed6_7c16a2085e80-31, groupId=Consumer-topic-c7b9d64f_47dc_4898_8ed6_7c16a2085e80] Adding newly assigned partitions: topic-c7b9d64f_47dc_4898_8ed6_7c16a2085e80-0
2025-08-12 17:23:20,633 INFO  [org.apa.kaf.cli.con.int.ConsumerCoordinator] (Thread-833) [Consumer clientId=consumer-Consumer-topic-c7b9d64f_47dc_4898_8ed6_7c16a2085e80-31, groupId=Consumer-topic-c7b9d64f_47dc_4898_8ed6_7c16a2085e80] Found no committed offset for partition topic-c7b9d64f_47dc_4898_8ed6_7c16a2085e80-0
2025-08-12 17:23:20,635 INFO  [org.apa.kaf.cli.con.int.SubscriptionState] (Thread-833) [Consumer clientId=consumer-Consumer-topic-c7b9d64f_47dc_4898_8ed6_7c16a2085e80-31, groupId=Consumer-topic-c7b9d64f_47dc_4898_8ed6_7c16a2085e80] Resetting offset for partition topic-c7b9d64f_47dc_4898_8ed6_7c16a2085e80-0 to position FetchPosition{offset=0, offsetEpoch=Optional.empty, currentLeader=LeaderAndEpoch{leader=Optional[localhost:32769 (id: 0 rack: null)], epoch=0}}.
2025-08-12 17:23:20,883 INFO  [io.api.tes.ser.api.KafkaSerdesTester] (Thread-833) topic-c7b9d64f_47dc_4898_8ed6_7c16a2085e80 0 0 header {
  time {
  }
}
d1: 1.755019397225E12
s1: "a"
i1: 123
bi1: 1
point {
  longitude: 22.0
  latitude: 22.0
  altitude: 1.0
}

2025-08-12 17:23:20,883 INFO  [io.api.tes.ser.api.KafkaSerdesTester] (Thread-833) topic-c7b9d64f_47dc_4898_8ed6_7c16a2085e80 0 1 header {
  time {
  }
}
d1: 1.755019397561E12
s1: "a"
i1: 123
bi1: 1
point {
  longitude: 22.0
  latitude: 22.0
  altitude: 1.0
}

2025-08-12 17:23:20,883 INFO  [io.api.tes.ser.api.KafkaSerdesTester] (Thread-833) topic-c7b9d64f_47dc_4898_8ed6_7c16a2085e80 0 2 header {
  time {
  }
}
d1: 1.755019397563E12
s1: "a"
i1: 123
bi1: 1
point {
  longitude: 22.0
  latitude: 22.0
  altitude: 1.0
}

2025-08-12 17:23:20,883 INFO  [io.api.tes.ser.api.KafkaSerdesTester] (Thread-833) topic-c7b9d64f_47dc_4898_8ed6_7c16a2085e80 0 3 header {
  time {
  }
}
d1: 1.755019397566E12
s1: "a"
i1: 123
bi1: 1
point {
  longitude: 22.0
  latitude: 22.0
  altitude: 1.0
}

2025-08-12 17:23:20,883 INFO  [io.api.tes.ser.api.KafkaSerdesTester] (Thread-833) topic-c7b9d64f_47dc_4898_8ed6_7c16a2085e80 0 4 header {
  time {
  }
}
d1: 1.755019397574E12
s1: "a"
i1: 123
bi1: 1
point {
  longitude: 22.0
  latitude: 22.0
  altitude: 1.0
}

2025-08-12 17:23:20,883 INFO  [io.api.tes.ser.api.KafkaSerdesTester] (Thread-833) topic-c7b9d64f_47dc_4898_8ed6_7c16a2085e80 0 5 header {
  time {
  }
}
d1: 1.75501939758E12
s1: "a"
i1: 123
bi1: 1
point {
  longitude: 22.0
  latitude: 22.0
  altitude: 1.0
}

2025-08-12 17:23:20,883 INFO  [io.api.tes.ser.api.KafkaSerdesTester] (Thread-833) topic-c7b9d64f_47dc_4898_8ed6_7c16a2085e80 0 6 header {
  time {
  }
}
d1: 1.755019397585E12
s1: "a"
i1: 123
bi1: 1
point {
  longitude: 22.0
  latitude: 22.0
  altitude: 1.0
}

2025-08-12 17:23:20,883 INFO  [io.api.tes.ser.api.KafkaSerdesTester] (Thread-833) topic-c7b9d64f_47dc_4898_8ed6_7c16a2085e80 0 7 header {
  time {
  }
}
d1: 1.755019397586E12
s1: "a"
i1: 123
bi1: 1
point {
  longitude: 22.0
  latitude: 22.0
  altitude: 1.0
}

2025-08-12 17:23:20,883 INFO  [io.api.tes.ser.api.KafkaSerdesTester] (Thread-833) topic-c7b9d64f_47dc_4898_8ed6_7c16a2085e80 0 8 header {
  time {
  }
}
d1: 1.755019397587E12
s1: "a"
i1: 123
bi1: 1
point {
  longitude: 22.0
  latitude: 22.0
  altitude: 1.0
}

2025-08-12 17:23:20,883 INFO  [io.api.tes.ser.api.KafkaSerdesTester] (Thread-833) topic-c7b9d64f_47dc_4898_8ed6_7c16a2085e80 0 9 header {
  time {
  }
}
d1: 1.75501939759E12
s1: "a"
i1: 123
bi1: 1
point {
  longitude: 22.0
  latitude: 22.0
  altitude: 1.0
}

2025-08-12 17:23:20,883 INFO  [io.api.tes.ser.api.KafkaSerdesTester] (Thread-833) Consumed 10 messages
2025-08-12 17:23:20,891 INFO  [org.apa.kaf.cli.con.int.ConsumerRebalanceListenerInvoker] (Thread-833) [Consumer clientId=consumer-Consumer-topic-c7b9d64f_47dc_4898_8ed6_7c16a2085e80-31, groupId=Consumer-topic-c7b9d64f_47dc_4898_8ed6_7c16a2085e80] Revoke previously assigned partitions topic-c7b9d64f_47dc_4898_8ed6_7c16a2085e80-0
2025-08-12 17:23:20,891 INFO  [org.apa.kaf.cli.con.int.ConsumerCoordinator] (Thread-833) [Consumer clientId=consumer-Consumer-topic-c7b9d64f_47dc_4898_8ed6_7c16a2085e80-31, groupId=Consumer-topic-c7b9d64f_47dc_4898_8ed6_7c16a2085e80] Member consumer-Consumer-topic-c7b9d64f_47dc_4898_8ed6_7c16a2085e80-31-f6488f32-09ed-4283-af77-b0a002cf7b18 sending LeaveGroup request to coordinator localhost:32769 (id: 2147483647 rack: null) due to the consumer is being closed
2025-08-12 17:23:20,891 INFO  [org.apa.kaf.cli.con.int.ConsumerCoordinator] (Thread-833) [Consumer clientId=consumer-Consumer-topic-c7b9d64f_47dc_4898_8ed6_7c16a2085e80-31, groupId=Consumer-topic-c7b9d64f_47dc_4898_8ed6_7c16a2085e80] Resetting generation and member id due to: consumer pro-actively leaving the group
2025-08-12 17:23:20,891 INFO  [org.apa.kaf.cli.con.int.ConsumerCoordinator] (Thread-833) [Consumer clientId=consumer-Consumer-topic-c7b9d64f_47dc_4898_8ed6_7c16a2085e80-31, groupId=Consumer-topic-c7b9d64f_47dc_4898_8ed6_7c16a2085e80] Request joining group due to: consumer pro-actively leaving the group
2025-08-12 17:23:21,386 INFO  [org.apa.kaf.com.met.Metrics] (Thread-833) Metrics scheduler closed
2025-08-12 17:23:21,386 INFO  [org.apa.kaf.com.met.Metrics] (Thread-833) Closing reporter org.apache.kafka.common.metrics.JmxReporter
2025-08-12 17:23:21,386 INFO  [org.apa.kaf.com.met.Metrics] (Thread-833) Closing reporter org.apache.kafka.common.telemetry.internals.ClientTelemetryReporter
2025-08-12 17:23:21,386 INFO  [org.apa.kaf.com.met.Metrics] (Thread-833) Metrics reporters closed
2025-08-12 17:23:21,388 INFO  [org.apa.kaf.com.uti.AppInfoParser] (Thread-833) App info kafka.consumer for consumer-Consumer-topic-c7b9d64f_47dc_4898_8ed6_7c16a2085e80-31 unregistered
2025-08-12 17:23:21,388 INFO  [io.api.tes.uti.TestSeparator] (main) io.apicurio.tests.serdes.apicurio.ProtobufSerdeIT.testFindLatestDynamicMessageProtobufType-FINISHED
2025-08-12 17:23:21,388 INFO  [io.api.tes.uti.TestSeparator] (main) ############################################################################
Test passed: testFindLatestDynamicMessageProtobufType
]]></system-out>
  </testcase>
  <testcase name="testFindLatestDeriveClassProtobufTypeSimpleTopicIdStrategy" classname="io.apicurio.tests.serdes.apicurio.ProtobufSerdeIT" time="1.15">
    <system-out><![CDATA[2025-08-12 17:23:21,389 INFO  [io.api.tes.uti.TestSeparator] (main) ############################################################################
2025-08-12 17:23:21,389 INFO  [io.api.tes.uti.TestSeparator] (main) io.apicurio.tests.serdes.apicurio.ProtobufSerdeIT.testFindLatestDeriveClassProtobufTypeSimpleTopicIdStrategy-STARTED
2025-08-12 17:23:22,538 INFO  [io.api.tes.uti.TestSeparator] (main) io.apicurio.tests.serdes.apicurio.ProtobufSerdeIT.testFindLatestDeriveClassProtobufTypeSimpleTopicIdStrategy-FINISHED
2025-08-12 17:23:22,538 INFO  [io.api.tes.uti.TestSeparator] (main) ############################################################################
Test passed: testFindLatestDeriveClassProtobufTypeSimpleTopicIdStrategy
]]></system-out>
  </testcase>
  <testcase name="testFindLatestAndUseBody" classname="io.apicurio.tests.serdes.apicurio.ProtobufSerdeIT" time="5.306">
    <system-out><![CDATA[2025-08-12 17:23:22,539 INFO  [io.api.tes.uti.TestSeparator] (main) ############################################################################
2025-08-12 17:23:22,539 INFO  [io.api.tes.uti.TestSeparator] (main) io.apicurio.tests.serdes.apicurio.ProtobufSerdeIT.testFindLatestAndUseBody-STARTED
**** Registry Base URL: http://registry-app-inmemory.apps.ci419.apicurio-testing.org:80
2025-08-12 17:23:23,689 INFO  [org.apa.kaf.cli.pro.ProducerConfig] (main) ProducerConfig values: 
	acks = -1
	auto.include.jmx.reporter = true
	batch.size = 16384
	bootstrap.servers = [PLAINTEXT://localhost:32769]
	buffer.memory = 33554432
	client.dns.lookup = use_all_dns_ips
	client.id = Producer-topic-86480a77_83e0_470f_aa42_ead1579c9004
	compression.gzip.level = -1
	compression.lz4.level = 9
	compression.type = none
	compression.zstd.level = 3
	connections.max.idle.ms = 10000
	delivery.timeout.ms = 120000
	enable.idempotence = true
	enable.metrics.push = true
	interceptor.classes = []
	key.serializer = class org.apache.kafka.common.serialization.StringSerializer
	linger.ms = 0
	max.block.ms = 60000
	max.in.flight.requests.per.connection = 5
	max.request.size = 1048576
	metadata.max.age.ms = 300000
	metadata.max.idle.ms = 300000
	metadata.recovery.strategy = none
	metric.reporters = []
	metrics.num.samples = 2
	metrics.recording.level = INFO
	metrics.sample.window.ms = 30000
	partitioner.adaptive.partitioning.enable = true
	partitioner.availability.timeout.ms = 0
	partitioner.class = null
	partitioner.ignore.keys = false
	receive.buffer.bytes = 32768
	reconnect.backoff.max.ms = 1000
	reconnect.backoff.ms = 50
	request.timeout.ms = 5000
	retries = 2147483647
	retry.backoff.max.ms = 1000
	retry.backoff.ms = 100
	sasl.client.callback.handler.class = null
	sasl.jaas.config = null
	sasl.kerberos.kinit.cmd = /usr/bin/kinit
	sasl.kerberos.min.time.before.relogin = 60000
	sasl.kerberos.service.name = null
	sasl.kerberos.ticket.renew.jitter = 0.05
	sasl.kerberos.ticket.renew.window.factor = 0.8
	sasl.login.callback.handler.class = null
	sasl.login.class = null
	sasl.login.connect.timeout.ms = null
	sasl.login.read.timeout.ms = null
	sasl.login.refresh.buffer.seconds = 300
	sasl.login.refresh.min.period.seconds = 60
	sasl.login.refresh.window.factor = 0.8
	sasl.login.refresh.window.jitter = 0.05
	sasl.login.retry.backoff.max.ms = 10000
	sasl.login.retry.backoff.ms = 100
	sasl.mechanism = GSSAPI
	sasl.oauthbearer.clock.skew.seconds = 30
	sasl.oauthbearer.expected.audience = null
	sasl.oauthbearer.expected.issuer = null
	sasl.oauthbearer.header.urlencode = false
	sasl.oauthbearer.jwks.endpoint.refresh.ms = 3600000
	sasl.oauthbearer.jwks.endpoint.retry.backoff.max.ms = 10000
	sasl.oauthbearer.jwks.endpoint.retry.backoff.ms = 100
	sasl.oauthbearer.jwks.endpoint.url = null
	sasl.oauthbearer.scope.claim.name = scope
	sasl.oauthbearer.sub.claim.name = sub
	sasl.oauthbearer.token.endpoint.url = null
	security.protocol = PLAINTEXT
	security.providers = null
	send.buffer.bytes = 131072
	socket.connection.setup.timeout.max.ms = 30000
	socket.connection.setup.timeout.ms = 10000
	ssl.cipher.suites = null
	ssl.enabled.protocols = [TLSv1.2, TLSv1.3]
	ssl.endpoint.identification.algorithm = https
	ssl.engine.factory.class = null
	ssl.key.password = null
	ssl.keymanager.algorithm = SunX509
	ssl.keystore.certificate.chain = null
	ssl.keystore.key = null
	ssl.keystore.location = null
	ssl.keystore.password = null
	ssl.keystore.type = JKS
	ssl.protocol = TLSv1.3
	ssl.provider = null
	ssl.secure.random.implementation = null
	ssl.trustmanager.algorithm = PKIX
	ssl.truststore.certificates = null
	ssl.truststore.location = null
	ssl.truststore.password = null
	ssl.truststore.type = JKS
	transaction.timeout.ms = 60000
	transactional.id = null
	value.serializer = class io.apicurio.registry.serde.protobuf.ProtobufKafkaSerializer

2025-08-12 17:23:23,689 INFO  [org.apa.kaf.com.tel.int.KafkaMetricsCollector] (main) initializing Kafka metrics collector
2025-08-12 17:23:23,693 INFO  [org.apa.kaf.cli.pro.KafkaProducer] (main) [Producer clientId=Producer-topic-86480a77_83e0_470f_aa42_ead1579c9004] Instantiated an idempotent producer.
2025-08-12 17:23:23,698 INFO  [org.apa.kaf.cli.pro.ProducerConfig] (main) These configurations '[apicurio.registry.find-latest, apicurio.registry.url, apicurio.registry.artifact-resolver-strategy]' were supplied but are not used yet.
2025-08-12 17:23:23,698 INFO  [org.apa.kaf.com.uti.AppInfoParser] (main) Kafka version: 3.9.1
2025-08-12 17:23:23,698 INFO  [org.apa.kaf.com.uti.AppInfoParser] (main) Kafka commitId: f745dfdcee2b9851
2025-08-12 17:23:23,698 INFO  [org.apa.kaf.com.uti.AppInfoParser] (main) Kafka startTimeMs: 1755019403698
2025-08-12 17:23:23,698 INFO  [io.api.tes.ser.api.SimpleSerdesTesterBuilder$SimpleSerdesTester] (main) Using producer configuration: {apicurio.registry.find-latest=true, apicurio.registry.url=http://registry-app-inmemory.apps.ci419.apicurio-testing.org:80/apis/registry/v3, apicurio.registry.artifact-resolver-strategy=io.apicurio.registry.serde.strategy.TopicIdStrategy, value.serializer=io.apicurio.registry.serde.protobuf.ProtobufKafkaSerializer, request.timeout.ms=5000, acks=all, bootstrap.servers=PLAINTEXT://localhost:32769, connections.max.idle.ms=10000, key.serializer=org.apache.kafka.common.serialization.StringSerializer, client.id=Producer-topic-86480a77_83e0_470f_aa42_ead1579c9004}
2025-08-12 17:23:23,698 INFO  [io.api.tes.ser.api.SimpleSerdesTesterBuilder$SimpleSerdesTester] (main) Using consumer configuration: {}
2025-08-12 17:23:23,700 INFO  [io.api.tes.ser.api.KafkaSerdesTester] (Thread-836) Sending message header {
  time {
  }
}
d1: 1.7550194037E12
s1: "a"
i1: 123
bi1: 1
point {
  longitude: 22.0
  latitude: 22.0
  altitude: 1.0
}
 to topic topic-86480a77_83e0_470f_aa42_ead1579c9004
2025-08-12 17:23:23,704 INFO  [org.apa.kaf.cli.Metadata] (kafka-producer-network-thread | Producer-topic-86480a77_83e0_470f_aa42_ead1579c9004) [Producer clientId=Producer-topic-86480a77_83e0_470f_aa42_ead1579c9004] Cluster ID: Ursznb63T6OTazTEUvngGA
2025-08-12 17:23:23,705 INFO  [org.apa.kaf.cli.pro.int.TransactionManager] (kafka-producer-network-thread | Producer-topic-86480a77_83e0_470f_aa42_ead1579c9004) [Producer clientId=Producer-topic-86480a77_83e0_470f_aa42_ead1579c9004] ProducerId set to 42 with epoch 0
2025-08-12 17:23:24,030 INFO  [io.api.tes.ser.api.KafkaSerdesTester] (Thread-836) Sending message header {
  time {
  }
}
d1: 1.75501940403E12
s1: "a"
i1: 123
bi1: 1
point {
  longitude: 22.0
  latitude: 22.0
  altitude: 1.0
}
 to topic topic-86480a77_83e0_470f_aa42_ead1579c9004
2025-08-12 17:23:24,033 INFO  [io.api.tes.ser.api.KafkaSerdesTester] (Thread-836) Sending message header {
  time {
  }
}
d1: 1.755019404033E12
s1: "a"
i1: 123
bi1: 1
point {
  longitude: 22.0
  latitude: 22.0
  altitude: 1.0
}
 to topic topic-86480a77_83e0_470f_aa42_ead1579c9004
2025-08-12 17:23:24,037 INFO  [io.api.tes.ser.api.KafkaSerdesTester] (Thread-836) Sending message header {
  time {
  }
}
d1: 1.755019404037E12
s1: "a"
i1: 123
bi1: 1
point {
  longitude: 22.0
  latitude: 22.0
  altitude: 1.0
}
 to topic topic-86480a77_83e0_470f_aa42_ead1579c9004
2025-08-12 17:23:24,040 INFO  [io.api.tes.ser.api.KafkaSerdesTester] (Thread-836) Sending message header {
  time {
  }
}
d1: 1.75501940404E12
s1: "a"
i1: 123
bi1: 1
point {
  longitude: 22.0
  latitude: 22.0
  altitude: 1.0
}
 to topic topic-86480a77_83e0_470f_aa42_ead1579c9004
2025-08-12 17:23:24,042 INFO  [io.api.tes.ser.api.KafkaSerdesTester] (Thread-836) Sending message header {
  time {
  }
}
d1: 1.755019404041E12
s1: "a"
i1: 123
bi1: 1
point {
  longitude: 22.0
  latitude: 22.0
  altitude: 1.0
}
 to topic topic-86480a77_83e0_470f_aa42_ead1579c9004
2025-08-12 17:23:24,045 INFO  [io.api.tes.ser.api.KafkaSerdesTester] (Thread-836) Sending message header {
  time {
  }
}
d1: 1.755019404045E12
s1: "a"
i1: 123
bi1: 1
point {
  longitude: 22.0
  latitude: 22.0
  altitude: 1.0
}
 to topic topic-86480a77_83e0_470f_aa42_ead1579c9004
2025-08-12 17:23:24,047 INFO  [io.api.tes.ser.api.KafkaSerdesTester] (Thread-836) Sending message header {
  time {
  }
}
d1: 1.755019404047E12
s1: "a"
i1: 123
bi1: 1
point {
  longitude: 22.0
  latitude: 22.0
  altitude: 1.0
}
 to topic topic-86480a77_83e0_470f_aa42_ead1579c9004
2025-08-12 17:23:24,060 INFO  [io.api.tes.ser.api.KafkaSerdesTester] (Thread-836) Sending message header {
  time {
  }
}
d1: 1.755019404059E12
s1: "a"
i1: 123
bi1: 1
point {
  longitude: 22.0
  latitude: 22.0
  altitude: 1.0
}
 to topic topic-86480a77_83e0_470f_aa42_ead1579c9004
2025-08-12 17:23:24,063 INFO  [io.api.tes.ser.api.KafkaSerdesTester] (Thread-836) Sending message header {
  time {
  }
}
d1: 1.755019404063E12
s1: "a"
i1: 123
bi1: 1
point {
  longitude: 22.0
  latitude: 22.0
  altitude: 1.0
}
 to topic topic-86480a77_83e0_470f_aa42_ead1579c9004
2025-08-12 17:23:24,064 INFO  [io.api.tes.ser.api.KafkaSerdesTester] (Thread-836) Produced 10 messages
2025-08-12 17:23:24,064 INFO  [org.apa.kaf.cli.pro.KafkaProducer] (Thread-836) [Producer clientId=Producer-topic-86480a77_83e0_470f_aa42_ead1579c9004] Closing the Kafka producer with timeoutMillis = 9223372036854775807 ms.
2025-08-12 17:23:24,067 INFO  [org.apa.kaf.com.met.Metrics] (Thread-836) Metrics scheduler closed
2025-08-12 17:23:24,067 INFO  [org.apa.kaf.com.met.Metrics] (Thread-836) Closing reporter org.apache.kafka.common.metrics.JmxReporter
2025-08-12 17:23:24,067 INFO  [org.apa.kaf.com.met.Metrics] (Thread-836) Closing reporter org.apache.kafka.common.telemetry.internals.ClientTelemetryReporter
2025-08-12 17:23:24,067 INFO  [org.apa.kaf.com.met.Metrics] (Thread-836) Metrics reporters closed
2025-08-12 17:23:24,067 INFO  [org.apa.kaf.com.uti.AppInfoParser] (Thread-836) App info kafka.producer for Producer-topic-86480a77_83e0_470f_aa42_ead1579c9004 unregistered
**** Registry Base URL: http://registry-app-inmemory.apps.ci419.apicurio-testing.org:80
2025-08-12 17:23:24,068 INFO  [org.apa.kaf.cli.con.ConsumerConfig] (main) ConsumerConfig values: 
	allow.auto.create.topics = true
	auto.commit.interval.ms = 500
	auto.include.jmx.reporter = true
	auto.offset.reset = earliest
	bootstrap.servers = [PLAINTEXT://localhost:32769]
	check.crcs = true
	client.dns.lookup = use_all_dns_ips
	client.id = consumer-Consumer-topic-86480a77_83e0_470f_aa42_ead1579c9004-32
	client.rack = 
	connections.max.idle.ms = 10000
	default.api.timeout.ms = 60000
	enable.auto.commit = true
	enable.metrics.push = true
	exclude.internal.topics = true
	fetch.max.bytes = 52428800
	fetch.max.wait.ms = 500
	fetch.min.bytes = 1
	group.id = Consumer-topic-86480a77_83e0_470f_aa42_ead1579c9004
	group.instance.id = null
	group.protocol = classic
	group.remote.assignor = null
	heartbeat.interval.ms = 3000
	interceptor.classes = []
	internal.leave.group.on.close = true
	internal.throw.on.fetch.stable.offset.unsupported = false
	isolation.level = read_uncommitted
	key.deserializer = class org.apache.kafka.common.serialization.StringDeserializer
	max.partition.fetch.bytes = 1048576
	max.poll.interval.ms = 300000
	max.poll.records = 500
	metadata.max.age.ms = 300000
	metadata.recovery.strategy = none
	metric.reporters = []
	metrics.num.samples = 2
	metrics.recording.level = INFO
	metrics.sample.window.ms = 30000
	partition.assignment.strategy = [class org.apache.kafka.clients.consumer.RangeAssignor, class org.apache.kafka.clients.consumer.CooperativeStickyAssignor]
	receive.buffer.bytes = 65536
	reconnect.backoff.max.ms = 1000
	reconnect.backoff.ms = 50
	request.timeout.ms = 5000
	retry.backoff.max.ms = 1000
	retry.backoff.ms = 100
	sasl.client.callback.handler.class = null
	sasl.jaas.config = null
	sasl.kerberos.kinit.cmd = /usr/bin/kinit
	sasl.kerberos.min.time.before.relogin = 60000
	sasl.kerberos.service.name = null
	sasl.kerberos.ticket.renew.jitter = 0.05
	sasl.kerberos.ticket.renew.window.factor = 0.8
	sasl.login.callback.handler.class = null
	sasl.login.class = null
	sasl.login.connect.timeout.ms = null
	sasl.login.read.timeout.ms = null
	sasl.login.refresh.buffer.seconds = 300
	sasl.login.refresh.min.period.seconds = 60
	sasl.login.refresh.window.factor = 0.8
	sasl.login.refresh.window.jitter = 0.05
	sasl.login.retry.backoff.max.ms = 10000
	sasl.login.retry.backoff.ms = 100
	sasl.mechanism = GSSAPI
	sasl.oauthbearer.clock.skew.seconds = 30
	sasl.oauthbearer.expected.audience = null
	sasl.oauthbearer.expected.issuer = null
	sasl.oauthbearer.header.urlencode = false
	sasl.oauthbearer.jwks.endpoint.refresh.ms = 3600000
	sasl.oauthbearer.jwks.endpoint.retry.backoff.max.ms = 10000
	sasl.oauthbearer.jwks.endpoint.retry.backoff.ms = 100
	sasl.oauthbearer.jwks.endpoint.url = null
	sasl.oauthbearer.scope.claim.name = scope
	sasl.oauthbearer.sub.claim.name = sub
	sasl.oauthbearer.token.endpoint.url = null
	security.protocol = PLAINTEXT
	security.providers = null
	send.buffer.bytes = 131072
	session.timeout.ms = 45000
	socket.connection.setup.timeout.max.ms = 30000
	socket.connection.setup.timeout.ms = 10000
	ssl.cipher.suites = null
	ssl.enabled.protocols = [TLSv1.2, TLSv1.3]
	ssl.endpoint.identification.algorithm = https
	ssl.engine.factory.class = null
	ssl.key.password = null
	ssl.keymanager.algorithm = SunX509
	ssl.keystore.certificate.chain = null
	ssl.keystore.key = null
	ssl.keystore.location = null
	ssl.keystore.password = null
	ssl.keystore.type = JKS
	ssl.protocol = TLSv1.3
	ssl.provider = null
	ssl.secure.random.implementation = null
	ssl.trustmanager.algorithm = PKIX
	ssl.truststore.certificates = null
	ssl.truststore.location = null
	ssl.truststore.password = null
	ssl.truststore.type = JKS
	value.deserializer = class io.apicurio.registry.serde.protobuf.ProtobufKafkaDeserializer

2025-08-12 17:23:24,069 INFO  [org.apa.kaf.com.tel.int.KafkaMetricsCollector] (main) initializing Kafka metrics collector
2025-08-12 17:23:24,078 INFO  [org.apa.kaf.cli.con.ConsumerConfig] (main) These configurations '[apicurio.registry.url]' were supplied but are not used yet.
2025-08-12 17:23:24,078 INFO  [org.apa.kaf.com.uti.AppInfoParser] (main) Kafka version: 3.9.1
2025-08-12 17:23:24,078 INFO  [org.apa.kaf.com.uti.AppInfoParser] (main) Kafka commitId: f745dfdcee2b9851
2025-08-12 17:23:24,078 INFO  [org.apa.kaf.com.uti.AppInfoParser] (main) Kafka startTimeMs: 1755019404078
2025-08-12 17:23:24,079 INFO  [org.apa.kaf.cli.con.int.ClassicKafkaConsumer] (Thread-839) [Consumer clientId=consumer-Consumer-topic-86480a77_83e0_470f_aa42_ead1579c9004-32, groupId=Consumer-topic-86480a77_83e0_470f_aa42_ead1579c9004] Subscribed to topic(s): topic-86480a77_83e0_470f_aa42_ead1579c9004
2025-08-12 17:23:24,086 INFO  [org.apa.kaf.cli.Metadata] (Thread-839) [Consumer clientId=consumer-Consumer-topic-86480a77_83e0_470f_aa42_ead1579c9004-32, groupId=Consumer-topic-86480a77_83e0_470f_aa42_ead1579c9004] Cluster ID: Ursznb63T6OTazTEUvngGA
2025-08-12 17:23:24,093 INFO  [org.apa.kaf.cli.con.int.ConsumerCoordinator] (Thread-839) [Consumer clientId=consumer-Consumer-topic-86480a77_83e0_470f_aa42_ead1579c9004-32, groupId=Consumer-topic-86480a77_83e0_470f_aa42_ead1579c9004] Discovered group coordinator localhost:32769 (id: 2147483647 rack: null)
2025-08-12 17:23:24,097 INFO  [org.apa.kaf.cli.con.int.ConsumerCoordinator] (Thread-839) [Consumer clientId=consumer-Consumer-topic-86480a77_83e0_470f_aa42_ead1579c9004-32, groupId=Consumer-topic-86480a77_83e0_470f_aa42_ead1579c9004] (Re-)joining group
2025-08-12 17:23:24,098 INFO  [org.apa.kaf.cli.con.int.ConsumerCoordinator] (Thread-839) [Consumer clientId=consumer-Consumer-topic-86480a77_83e0_470f_aa42_ead1579c9004-32, groupId=Consumer-topic-86480a77_83e0_470f_aa42_ead1579c9004] Request joining group due to: need to re-join with the given member-id: consumer-Consumer-topic-86480a77_83e0_470f_aa42_ead1579c9004-32-8e7cfaaa-343c-4bf4-ad32-1b9bea72f75b
2025-08-12 17:23:24,098 INFO  [org.apa.kaf.cli.con.int.ConsumerCoordinator] (Thread-839) [Consumer clientId=consumer-Consumer-topic-86480a77_83e0_470f_aa42_ead1579c9004-32, groupId=Consumer-topic-86480a77_83e0_470f_aa42_ead1579c9004] (Re-)joining group
2025-08-12 17:23:25,079 INFO  [io.api.tes.ser.api.KafkaSerdesTester] (Thread-839) None found
2025-08-12 17:23:26,079 INFO  [io.api.tes.ser.api.KafkaSerdesTester] (Thread-839) None found
2025-08-12 17:23:27,079 INFO  [io.api.tes.ser.api.KafkaSerdesTester] (Thread-839) None found
2025-08-12 17:23:27,099 INFO  [org.apa.kaf.cli.con.int.ConsumerCoordinator] (Thread-839) [Consumer clientId=consumer-Consumer-topic-86480a77_83e0_470f_aa42_ead1579c9004-32, groupId=Consumer-topic-86480a77_83e0_470f_aa42_ead1579c9004] Successfully joined group with generation Generation{generationId=1, memberId='consumer-Consumer-topic-86480a77_83e0_470f_aa42_ead1579c9004-32-8e7cfaaa-343c-4bf4-ad32-1b9bea72f75b', protocol='range'}
2025-08-12 17:23:27,100 INFO  [org.apa.kaf.cli.con.int.ConsumerCoordinator] (Thread-839) [Consumer clientId=consumer-Consumer-topic-86480a77_83e0_470f_aa42_ead1579c9004-32, groupId=Consumer-topic-86480a77_83e0_470f_aa42_ead1579c9004] Finished assignment for group at generation 1: {consumer-Consumer-topic-86480a77_83e0_470f_aa42_ead1579c9004-32-8e7cfaaa-343c-4bf4-ad32-1b9bea72f75b=Assignment(partitions=[topic-86480a77_83e0_470f_aa42_ead1579c9004-0])}
2025-08-12 17:23:27,106 INFO  [org.apa.kaf.cli.con.int.ConsumerCoordinator] (Thread-839) [Consumer clientId=consumer-Consumer-topic-86480a77_83e0_470f_aa42_ead1579c9004-32, groupId=Consumer-topic-86480a77_83e0_470f_aa42_ead1579c9004] Successfully synced group in generation Generation{generationId=1, memberId='consumer-Consumer-topic-86480a77_83e0_470f_aa42_ead1579c9004-32-8e7cfaaa-343c-4bf4-ad32-1b9bea72f75b', protocol='range'}
2025-08-12 17:23:27,106 INFO  [org.apa.kaf.cli.con.int.ConsumerCoordinator] (Thread-839) [Consumer clientId=consumer-Consumer-topic-86480a77_83e0_470f_aa42_ead1579c9004-32, groupId=Consumer-topic-86480a77_83e0_470f_aa42_ead1579c9004] Notifying assignor about the new Assignment(partitions=[topic-86480a77_83e0_470f_aa42_ead1579c9004-0])
2025-08-12 17:23:27,106 INFO  [org.apa.kaf.cli.con.int.ConsumerRebalanceListenerInvoker] (Thread-839) [Consumer clientId=consumer-Consumer-topic-86480a77_83e0_470f_aa42_ead1579c9004-32, groupId=Consumer-topic-86480a77_83e0_470f_aa42_ead1579c9004] Adding newly assigned partitions: topic-86480a77_83e0_470f_aa42_ead1579c9004-0
2025-08-12 17:23:27,107 INFO  [org.apa.kaf.cli.con.int.ConsumerCoordinator] (Thread-839) [Consumer clientId=consumer-Consumer-topic-86480a77_83e0_470f_aa42_ead1579c9004-32, groupId=Consumer-topic-86480a77_83e0_470f_aa42_ead1579c9004] Found no committed offset for partition topic-86480a77_83e0_470f_aa42_ead1579c9004-0
2025-08-12 17:23:27,108 INFO  [org.apa.kaf.cli.con.int.SubscriptionState] (Thread-839) [Consumer clientId=consumer-Consumer-topic-86480a77_83e0_470f_aa42_ead1579c9004-32, groupId=Consumer-topic-86480a77_83e0_470f_aa42_ead1579c9004] Resetting offset for partition topic-86480a77_83e0_470f_aa42_ead1579c9004-0 to position FetchPosition{offset=0, offsetEpoch=Optional.empty, currentLeader=LeaderAndEpoch{leader=Optional[localhost:32769 (id: 0 rack: null)], epoch=0}}.
2025-08-12 17:23:27,341 INFO  [io.api.tes.ser.api.KafkaSerdesTester] (Thread-839) topic-86480a77_83e0_470f_aa42_ead1579c9004 0 0 header {
  time {
  }
}
d1: 1.7550194037E12
s1: "a"
i1: 123
bi1: 1
point {
  longitude: 22.0
  latitude: 22.0
  altitude: 1.0
}

2025-08-12 17:23:27,341 INFO  [io.api.tes.ser.api.KafkaSerdesTester] (Thread-839) topic-86480a77_83e0_470f_aa42_ead1579c9004 0 1 header {
  time {
  }
}
d1: 1.75501940403E12
s1: "a"
i1: 123
bi1: 1
point {
  longitude: 22.0
  latitude: 22.0
  altitude: 1.0
}

2025-08-12 17:23:27,341 INFO  [io.api.tes.ser.api.KafkaSerdesTester] (Thread-839) topic-86480a77_83e0_470f_aa42_ead1579c9004 0 2 header {
  time {
  }
}
d1: 1.755019404033E12
s1: "a"
i1: 123
bi1: 1
point {
  longitude: 22.0
  latitude: 22.0
  altitude: 1.0
}

2025-08-12 17:23:27,341 INFO  [io.api.tes.ser.api.KafkaSerdesTester] (Thread-839) topic-86480a77_83e0_470f_aa42_ead1579c9004 0 3 header {
  time {
  }
}
d1: 1.755019404037E12
s1: "a"
i1: 123
bi1: 1
point {
  longitude: 22.0
  latitude: 22.0
  altitude: 1.0
}

2025-08-12 17:23:27,341 INFO  [io.api.tes.ser.api.KafkaSerdesTester] (Thread-839) topic-86480a77_83e0_470f_aa42_ead1579c9004 0 4 header {
  time {
  }
}
d1: 1.75501940404E12
s1: "a"
i1: 123
bi1: 1
point {
  longitude: 22.0
  latitude: 22.0
  altitude: 1.0
}

2025-08-12 17:23:27,341 INFO  [io.api.tes.ser.api.KafkaSerdesTester] (Thread-839) topic-86480a77_83e0_470f_aa42_ead1579c9004 0 5 header {
  time {
  }
}
d1: 1.755019404041E12
s1: "a"
i1: 123
bi1: 1
point {
  longitude: 22.0
  latitude: 22.0
  altitude: 1.0
}

2025-08-12 17:23:27,341 INFO  [io.api.tes.ser.api.KafkaSerdesTester] (Thread-839) topic-86480a77_83e0_470f_aa42_ead1579c9004 0 6 header {
  time {
  }
}
d1: 1.755019404045E12
s1: "a"
i1: 123
bi1: 1
point {
  longitude: 22.0
  latitude: 22.0
  altitude: 1.0
}

2025-08-12 17:23:27,341 INFO  [io.api.tes.ser.api.KafkaSerdesTester] (Thread-839) topic-86480a77_83e0_470f_aa42_ead1579c9004 0 7 header {
  time {
  }
}
d1: 1.755019404047E12
s1: "a"
i1: 123
bi1: 1
point {
  longitude: 22.0
  latitude: 22.0
  altitude: 1.0
}

2025-08-12 17:23:27,341 INFO  [io.api.tes.ser.api.KafkaSerdesTester] (Thread-839) topic-86480a77_83e0_470f_aa42_ead1579c9004 0 8 header {
  time {
  }
}
d1: 1.755019404059E12
s1: "a"
i1: 123
bi1: 1
point {
  longitude: 22.0
  latitude: 22.0
  altitude: 1.0
}

2025-08-12 17:23:27,341 INFO  [io.api.tes.ser.api.KafkaSerdesTester] (Thread-839) topic-86480a77_83e0_470f_aa42_ead1579c9004 0 9 header {
  time {
  }
}
d1: 1.755019404063E12
s1: "a"
i1: 123
bi1: 1
point {
  longitude: 22.0
  latitude: 22.0
  altitude: 1.0
}

2025-08-12 17:23:27,341 INFO  [io.api.tes.ser.api.KafkaSerdesTester] (Thread-839) Consumed 10 messages
2025-08-12 17:23:27,348 INFO  [org.apa.kaf.cli.con.int.ConsumerRebalanceListenerInvoker] (Thread-839) [Consumer clientId=consumer-Consumer-topic-86480a77_83e0_470f_aa42_ead1579c9004-32, groupId=Consumer-topic-86480a77_83e0_470f_aa42_ead1579c9004] Revoke previously assigned partitions topic-86480a77_83e0_470f_aa42_ead1579c9004-0
2025-08-12 17:23:27,348 INFO  [org.apa.kaf.cli.con.int.ConsumerCoordinator] (Thread-839) [Consumer clientId=consumer-Consumer-topic-86480a77_83e0_470f_aa42_ead1579c9004-32, groupId=Consumer-topic-86480a77_83e0_470f_aa42_ead1579c9004] Member consumer-Consumer-topic-86480a77_83e0_470f_aa42_ead1579c9004-32-8e7cfaaa-343c-4bf4-ad32-1b9bea72f75b sending LeaveGroup request to coordinator localhost:32769 (id: 2147483647 rack: null) due to the consumer is being closed
2025-08-12 17:23:27,348 INFO  [org.apa.kaf.cli.con.int.ConsumerCoordinator] (Thread-839) [Consumer clientId=consumer-Consumer-topic-86480a77_83e0_470f_aa42_ead1579c9004-32, groupId=Consumer-topic-86480a77_83e0_470f_aa42_ead1579c9004] Resetting generation and member id due to: consumer pro-actively leaving the group
2025-08-12 17:23:27,348 INFO  [org.apa.kaf.cli.con.int.ConsumerCoordinator] (Thread-839) [Consumer clientId=consumer-Consumer-topic-86480a77_83e0_470f_aa42_ead1579c9004-32, groupId=Consumer-topic-86480a77_83e0_470f_aa42_ead1579c9004] Request joining group due to: consumer pro-actively leaving the group
2025-08-12 17:23:27,843 INFO  [org.apa.kaf.com.met.Metrics] (Thread-839) Metrics scheduler closed
2025-08-12 17:23:27,843 INFO  [org.apa.kaf.com.met.Metrics] (Thread-839) Closing reporter org.apache.kafka.common.metrics.JmxReporter
2025-08-12 17:23:27,843 INFO  [org.apa.kaf.com.met.Metrics] (Thread-839) Closing reporter org.apache.kafka.common.telemetry.internals.ClientTelemetryReporter
2025-08-12 17:23:27,843 INFO  [org.apa.kaf.com.met.Metrics] (Thread-839) Metrics reporters closed
2025-08-12 17:23:27,845 INFO  [org.apa.kaf.com.uti.AppInfoParser] (Thread-839) App info kafka.consumer for consumer-Consumer-topic-86480a77_83e0_470f_aa42_ead1579c9004-32 unregistered
2025-08-12 17:23:27,845 INFO  [io.api.tes.uti.TestSeparator] (main) io.apicurio.tests.serdes.apicurio.ProtobufSerdeIT.testFindLatestAndUseBody-FINISHED
2025-08-12 17:23:27,845 INFO  [io.api.tes.uti.TestSeparator] (main) ############################################################################
Test passed: testFindLatestAndUseBody
]]></system-out>
  </testcase>
  <testcase name="testConsumeDynamicMessage" classname="io.apicurio.tests.serdes.apicurio.ProtobufSerdeIT" time="1.158">
    <system-out><![CDATA[2025-08-12 17:23:27,846 INFO  [io.api.tes.uti.TestSeparator] (main) ############################################################################
2025-08-12 17:23:27,846 INFO  [io.api.tes.uti.TestSeparator] (main) io.apicurio.tests.serdes.apicurio.ProtobufSerdeIT.testConsumeDynamicMessage-STARTED
2025-08-12 17:23:29,004 INFO  [io.api.tes.uti.TestSeparator] (main) io.apicurio.tests.serdes.apicurio.ProtobufSerdeIT.testConsumeDynamicMessage-FINISHED
2025-08-12 17:23:29,004 INFO  [io.api.tes.uti.TestSeparator] (main) ############################################################################
Test passed: testConsumeDynamicMessage
]]></system-out>
  </testcase>
  <testcase name="testAutoRegisterDynamicMessageProtobufType" classname="io.apicurio.tests.serdes.apicurio.ProtobufSerdeIT" time="5.164">
    <system-out><![CDATA[2025-08-12 17:23:29,005 INFO  [io.api.tes.uti.TestSeparator] (main) ############################################################################
2025-08-12 17:23:29,005 INFO  [io.api.tes.uti.TestSeparator] (main) io.apicurio.tests.serdes.apicurio.ProtobufSerdeIT.testAutoRegisterDynamicMessageProtobufType-STARTED
**** Registry Base URL: http://registry-app-inmemory.apps.ci419.apicurio-testing.org:80
2025-08-12 17:23:29,006 INFO  [org.apa.kaf.cli.pro.ProducerConfig] (main) ProducerConfig values: 
	acks = -1
	auto.include.jmx.reporter = true
	batch.size = 16384
	bootstrap.servers = [PLAINTEXT://localhost:32769]
	buffer.memory = 33554432
	client.dns.lookup = use_all_dns_ips
	client.id = Producer-topic-203a4962_350a_47a0_8a4e_02531ac20b95
	compression.gzip.level = -1
	compression.lz4.level = 9
	compression.type = none
	compression.zstd.level = 3
	connections.max.idle.ms = 10000
	delivery.timeout.ms = 120000
	enable.idempotence = true
	enable.metrics.push = true
	interceptor.classes = []
	key.serializer = class org.apache.kafka.common.serialization.StringSerializer
	linger.ms = 0
	max.block.ms = 60000
	max.in.flight.requests.per.connection = 5
	max.request.size = 1048576
	metadata.max.age.ms = 300000
	metadata.max.idle.ms = 300000
	metadata.recovery.strategy = none
	metric.reporters = []
	metrics.num.samples = 2
	metrics.recording.level = INFO
	metrics.sample.window.ms = 30000
	partitioner.adaptive.partitioning.enable = true
	partitioner.availability.timeout.ms = 0
	partitioner.class = null
	partitioner.ignore.keys = false
	receive.buffer.bytes = 32768
	reconnect.backoff.max.ms = 1000
	reconnect.backoff.ms = 50
	request.timeout.ms = 5000
	retries = 2147483647
	retry.backoff.max.ms = 1000
	retry.backoff.ms = 100
	sasl.client.callback.handler.class = null
	sasl.jaas.config = null
	sasl.kerberos.kinit.cmd = /usr/bin/kinit
	sasl.kerberos.min.time.before.relogin = 60000
	sasl.kerberos.service.name = null
	sasl.kerberos.ticket.renew.jitter = 0.05
	sasl.kerberos.ticket.renew.window.factor = 0.8
	sasl.login.callback.handler.class = null
	sasl.login.class = null
	sasl.login.connect.timeout.ms = null
	sasl.login.read.timeout.ms = null
	sasl.login.refresh.buffer.seconds = 300
	sasl.login.refresh.min.period.seconds = 60
	sasl.login.refresh.window.factor = 0.8
	sasl.login.refresh.window.jitter = 0.05
	sasl.login.retry.backoff.max.ms = 10000
	sasl.login.retry.backoff.ms = 100
	sasl.mechanism = GSSAPI
	sasl.oauthbearer.clock.skew.seconds = 30
	sasl.oauthbearer.expected.audience = null
	sasl.oauthbearer.expected.issuer = null
	sasl.oauthbearer.header.urlencode = false
	sasl.oauthbearer.jwks.endpoint.refresh.ms = 3600000
	sasl.oauthbearer.jwks.endpoint.retry.backoff.max.ms = 10000
	sasl.oauthbearer.jwks.endpoint.retry.backoff.ms = 100
	sasl.oauthbearer.jwks.endpoint.url = null
	sasl.oauthbearer.scope.claim.name = scope
	sasl.oauthbearer.sub.claim.name = sub
	sasl.oauthbearer.token.endpoint.url = null
	security.protocol = PLAINTEXT
	security.providers = null
	send.buffer.bytes = 131072
	socket.connection.setup.timeout.max.ms = 30000
	socket.connection.setup.timeout.ms = 10000
	ssl.cipher.suites = null
	ssl.enabled.protocols = [TLSv1.2, TLSv1.3]
	ssl.endpoint.identification.algorithm = https
	ssl.engine.factory.class = null
	ssl.key.password = null
	ssl.keymanager.algorithm = SunX509
	ssl.keystore.certificate.chain = null
	ssl.keystore.key = null
	ssl.keystore.location = null
	ssl.keystore.password = null
	ssl.keystore.type = JKS
	ssl.protocol = TLSv1.3
	ssl.provider = null
	ssl.secure.random.implementation = null
	ssl.trustmanager.algorithm = PKIX
	ssl.truststore.certificates = null
	ssl.truststore.location = null
	ssl.truststore.password = null
	ssl.truststore.type = JKS
	transaction.timeout.ms = 60000
	transactional.id = null
	value.serializer = class io.apicurio.registry.serde.protobuf.ProtobufKafkaSerializer

2025-08-12 17:23:29,006 INFO  [org.apa.kaf.com.tel.int.KafkaMetricsCollector] (main) initializing Kafka metrics collector
2025-08-12 17:23:29,012 INFO  [org.apa.kaf.cli.pro.KafkaProducer] (main) [Producer clientId=Producer-topic-203a4962_350a_47a0_8a4e_02531ac20b95] Instantiated an idempotent producer.
2025-08-12 17:23:29,013 INFO  [org.apa.kaf.cli.pro.ProducerConfig] (main) These configurations '[apicurio.registry.url, apicurio.registry.auto-register, apicurio.registry.artifact-resolver-strategy]' were supplied but are not used yet.
2025-08-12 17:23:29,013 INFO  [org.apa.kaf.com.uti.AppInfoParser] (main) Kafka version: 3.9.1
2025-08-12 17:23:29,013 INFO  [org.apa.kaf.com.uti.AppInfoParser] (main) Kafka commitId: f745dfdcee2b9851
2025-08-12 17:23:29,013 INFO  [org.apa.kaf.com.uti.AppInfoParser] (main) Kafka startTimeMs: 1755019409013
2025-08-12 17:23:29,013 INFO  [io.api.tes.ser.api.SimpleSerdesTesterBuilder$SimpleSerdesTester] (main) Using producer configuration: {apicurio.registry.url=http://registry-app-inmemory.apps.ci419.apicurio-testing.org:80/apis/registry/v3, apicurio.registry.auto-register=true, apicurio.registry.artifact-resolver-strategy=io.apicurio.registry.serde.strategy.TopicIdStrategy, value.serializer=io.apicurio.registry.serde.protobuf.ProtobufKafkaSerializer, request.timeout.ms=5000, acks=all, bootstrap.servers=PLAINTEXT://localhost:32769, connections.max.idle.ms=10000, key.serializer=org.apache.kafka.common.serialization.StringSerializer, client.id=Producer-topic-203a4962_350a_47a0_8a4e_02531ac20b95}
2025-08-12 17:23:29,013 INFO  [io.api.tes.ser.api.SimpleSerdesTesterBuilder$SimpleSerdesTester] (main) Using consumer configuration: {apicurio.registry.deserializer.value.return-class=com.google.protobuf.DynamicMessage}
2025-08-12 17:23:29,015 INFO  [io.api.tes.ser.api.KafkaSerdesTester] (Thread-842) Sending message header {
  time {
  }
}
d1: 1.755019409014E12
s1: "a"
i1: 123
bi1: 1
point {
  longitude: 22.0
  latitude: 22.0
  altitude: 1.0
}
 to topic topic-203a4962_350a_47a0_8a4e_02531ac20b95
2025-08-12 17:23:29,017 WARN  [org.apa.kaf.cli.NetworkClient] (kafka-producer-network-thread | Producer-topic-203a4962_350a_47a0_8a4e_02531ac20b95) [Producer clientId=Producer-topic-203a4962_350a_47a0_8a4e_02531ac20b95] The metadata response from the cluster reported a recoverable issue with correlation id 1 : {topic-203a4962_350a_47a0_8a4e_02531ac20b95=UNKNOWN_TOPIC_OR_PARTITION}
2025-08-12 17:23:29,017 INFO  [org.apa.kaf.cli.Metadata] (kafka-producer-network-thread | Producer-topic-203a4962_350a_47a0_8a4e_02531ac20b95) [Producer clientId=Producer-topic-203a4962_350a_47a0_8a4e_02531ac20b95] Cluster ID: Ursznb63T6OTazTEUvngGA
2025-08-12 17:23:29,018 INFO  [org.apa.kaf.cli.pro.int.TransactionManager] (kafka-producer-network-thread | Producer-topic-203a4962_350a_47a0_8a4e_02531ac20b95) [Producer clientId=Producer-topic-203a4962_350a_47a0_8a4e_02531ac20b95] ProducerId set to 43 with epoch 0
2025-08-12 17:23:29,338 INFO  [io.api.tes.ser.api.KafkaSerdesTester] (Thread-842) Sending message header {
  time {
  }
}
d1: 1.755019409337E12
s1: "a"
i1: 123
bi1: 1
point {
  longitude: 22.0
  latitude: 22.0
  altitude: 1.0
}
 to topic topic-203a4962_350a_47a0_8a4e_02531ac20b95
2025-08-12 17:23:29,410 INFO  [io.api.tes.ser.api.KafkaSerdesTester] (Thread-842) Sending message header {
  time {
  }
}
d1: 1.75501940941E12
s1: "a"
i1: 123
bi1: 1
point {
  longitude: 22.0
  latitude: 22.0
  altitude: 1.0
}
 to topic topic-203a4962_350a_47a0_8a4e_02531ac20b95
2025-08-12 17:23:29,483 INFO  [io.api.tes.ser.api.KafkaSerdesTester] (Thread-842) Sending message header {
  time {
  }
}
d1: 1.755019409483E12
s1: "a"
i1: 123
bi1: 1
point {
  longitude: 22.0
  latitude: 22.0
  altitude: 1.0
}
 to topic topic-203a4962_350a_47a0_8a4e_02531ac20b95
2025-08-12 17:23:29,556 INFO  [io.api.tes.ser.api.KafkaSerdesTester] (Thread-842) Sending message header {
  time {
  }
}
d1: 1.755019409555E12
s1: "a"
i1: 123
bi1: 1
point {
  longitude: 22.0
  latitude: 22.0
  altitude: 1.0
}
 to topic topic-203a4962_350a_47a0_8a4e_02531ac20b95
2025-08-12 17:23:29,627 INFO  [io.api.tes.ser.api.KafkaSerdesTester] (Thread-842) Sending message header {
  time {
  }
}
d1: 1.755019409627E12
s1: "a"
i1: 123
bi1: 1
point {
  longitude: 22.0
  latitude: 22.0
  altitude: 1.0
}
 to topic topic-203a4962_350a_47a0_8a4e_02531ac20b95
2025-08-12 17:23:29,704 INFO  [io.api.tes.ser.api.KafkaSerdesTester] (Thread-842) Sending message header {
  time {
  }
}
d1: 1.755019409704E12
s1: "a"
i1: 123
bi1: 1
point {
  longitude: 22.0
  latitude: 22.0
  altitude: 1.0
}
 to topic topic-203a4962_350a_47a0_8a4e_02531ac20b95
2025-08-12 17:23:29,777 INFO  [io.api.tes.ser.api.KafkaSerdesTester] (Thread-842) Sending message header {
  time {
  }
}
d1: 1.755019409777E12
s1: "a"
i1: 123
bi1: 1
point {
  longitude: 22.0
  latitude: 22.0
  altitude: 1.0
}
 to topic topic-203a4962_350a_47a0_8a4e_02531ac20b95
2025-08-12 17:23:29,850 INFO  [io.api.tes.ser.api.KafkaSerdesTester] (Thread-842) Sending message header {
  time {
  }
}
d1: 1.75501940985E12
s1: "a"
i1: 123
bi1: 1
point {
  longitude: 22.0
  latitude: 22.0
  altitude: 1.0
}
 to topic topic-203a4962_350a_47a0_8a4e_02531ac20b95
2025-08-12 17:23:29,922 INFO  [io.api.tes.ser.api.KafkaSerdesTester] (Thread-842) Sending message header {
  time {
  }
}
d1: 1.755019409922E12
s1: "a"
i1: 123
bi1: 1
point {
  longitude: 22.0
  latitude: 22.0
  altitude: 1.0
}
 to topic topic-203a4962_350a_47a0_8a4e_02531ac20b95
2025-08-12 17:23:29,993 INFO  [io.api.tes.ser.api.KafkaSerdesTester] (Thread-842) Produced 10 messages
2025-08-12 17:23:29,994 INFO  [org.apa.kaf.cli.pro.KafkaProducer] (Thread-842) [Producer clientId=Producer-topic-203a4962_350a_47a0_8a4e_02531ac20b95] Closing the Kafka producer with timeoutMillis = 9223372036854775807 ms.
2025-08-12 17:23:29,995 INFO  [org.apa.kaf.com.met.Metrics] (Thread-842) Metrics scheduler closed
2025-08-12 17:23:29,995 INFO  [org.apa.kaf.com.met.Metrics] (Thread-842) Closing reporter org.apache.kafka.common.metrics.JmxReporter
2025-08-12 17:23:29,995 INFO  [org.apa.kaf.com.met.Metrics] (Thread-842) Closing reporter org.apache.kafka.common.telemetry.internals.ClientTelemetryReporter
2025-08-12 17:23:29,995 INFO  [org.apa.kaf.com.met.Metrics] (Thread-842) Metrics reporters closed
2025-08-12 17:23:29,996 INFO  [org.apa.kaf.com.uti.AppInfoParser] (Thread-842) App info kafka.producer for Producer-topic-203a4962_350a_47a0_8a4e_02531ac20b95 unregistered
**** Registry Base URL: http://registry-app-inmemory.apps.ci419.apicurio-testing.org:80
2025-08-12 17:23:30,141 INFO  [org.apa.kaf.cli.con.ConsumerConfig] (main) ConsumerConfig values: 
	allow.auto.create.topics = true
	auto.commit.interval.ms = 500
	auto.include.jmx.reporter = true
	auto.offset.reset = earliest
	bootstrap.servers = [PLAINTEXT://localhost:32769]
	check.crcs = true
	client.dns.lookup = use_all_dns_ips
	client.id = consumer-Consumer-topic-203a4962_350a_47a0_8a4e_02531ac20b95-33
	client.rack = 
	connections.max.idle.ms = 10000
	default.api.timeout.ms = 60000
	enable.auto.commit = true
	enable.metrics.push = true
	exclude.internal.topics = true
	fetch.max.bytes = 52428800
	fetch.max.wait.ms = 500
	fetch.min.bytes = 1
	group.id = Consumer-topic-203a4962_350a_47a0_8a4e_02531ac20b95
	group.instance.id = null
	group.protocol = classic
	group.remote.assignor = null
	heartbeat.interval.ms = 3000
	interceptor.classes = []
	internal.leave.group.on.close = true
	internal.throw.on.fetch.stable.offset.unsupported = false
	isolation.level = read_uncommitted
	key.deserializer = class org.apache.kafka.common.serialization.StringDeserializer
	max.partition.fetch.bytes = 1048576
	max.poll.interval.ms = 300000
	max.poll.records = 500
	metadata.max.age.ms = 300000
	metadata.recovery.strategy = none
	metric.reporters = []
	metrics.num.samples = 2
	metrics.recording.level = INFO
	metrics.sample.window.ms = 30000
	partition.assignment.strategy = [class org.apache.kafka.clients.consumer.RangeAssignor, class org.apache.kafka.clients.consumer.CooperativeStickyAssignor]
	receive.buffer.bytes = 65536
	reconnect.backoff.max.ms = 1000
	reconnect.backoff.ms = 50
	request.timeout.ms = 5000
	retry.backoff.max.ms = 1000
	retry.backoff.ms = 100
	sasl.client.callback.handler.class = null
	sasl.jaas.config = null
	sasl.kerberos.kinit.cmd = /usr/bin/kinit
	sasl.kerberos.min.time.before.relogin = 60000
	sasl.kerberos.service.name = null
	sasl.kerberos.ticket.renew.jitter = 0.05
	sasl.kerberos.ticket.renew.window.factor = 0.8
	sasl.login.callback.handler.class = null
	sasl.login.class = null
	sasl.login.connect.timeout.ms = null
	sasl.login.read.timeout.ms = null
	sasl.login.refresh.buffer.seconds = 300
	sasl.login.refresh.min.period.seconds = 60
	sasl.login.refresh.window.factor = 0.8
	sasl.login.refresh.window.jitter = 0.05
	sasl.login.retry.backoff.max.ms = 10000
	sasl.login.retry.backoff.ms = 100
	sasl.mechanism = GSSAPI
	sasl.oauthbearer.clock.skew.seconds = 30
	sasl.oauthbearer.expected.audience = null
	sasl.oauthbearer.expected.issuer = null
	sasl.oauthbearer.header.urlencode = false
	sasl.oauthbearer.jwks.endpoint.refresh.ms = 3600000
	sasl.oauthbearer.jwks.endpoint.retry.backoff.max.ms = 10000
	sasl.oauthbearer.jwks.endpoint.retry.backoff.ms = 100
	sasl.oauthbearer.jwks.endpoint.url = null
	sasl.oauthbearer.scope.claim.name = scope
	sasl.oauthbearer.sub.claim.name = sub
	sasl.oauthbearer.token.endpoint.url = null
	security.protocol = PLAINTEXT
	security.providers = null
	send.buffer.bytes = 131072
	session.timeout.ms = 45000
	socket.connection.setup.timeout.max.ms = 30000
	socket.connection.setup.timeout.ms = 10000
	ssl.cipher.suites = null
	ssl.enabled.protocols = [TLSv1.2, TLSv1.3]
	ssl.endpoint.identification.algorithm = https
	ssl.engine.factory.class = null
	ssl.key.password = null
	ssl.keymanager.algorithm = SunX509
	ssl.keystore.certificate.chain = null
	ssl.keystore.key = null
	ssl.keystore.location = null
	ssl.keystore.password = null
	ssl.keystore.type = JKS
	ssl.protocol = TLSv1.3
	ssl.provider = null
	ssl.secure.random.implementation = null
	ssl.trustmanager.algorithm = PKIX
	ssl.truststore.certificates = null
	ssl.truststore.location = null
	ssl.truststore.password = null
	ssl.truststore.type = JKS
	value.deserializer = class io.apicurio.registry.serde.protobuf.ProtobufKafkaDeserializer

2025-08-12 17:23:30,141 INFO  [org.apa.kaf.com.tel.int.KafkaMetricsCollector] (main) initializing Kafka metrics collector
2025-08-12 17:23:30,144 INFO  [org.apa.kaf.cli.con.ConsumerConfig] (main) These configurations '[apicurio.registry.deserializer.value.return-class, apicurio.registry.url]' were supplied but are not used yet.
2025-08-12 17:23:30,144 INFO  [org.apa.kaf.com.uti.AppInfoParser] (main) Kafka version: 3.9.1
2025-08-12 17:23:30,144 INFO  [org.apa.kaf.com.uti.AppInfoParser] (main) Kafka commitId: f745dfdcee2b9851
2025-08-12 17:23:30,144 INFO  [org.apa.kaf.com.uti.AppInfoParser] (main) Kafka startTimeMs: 1755019410144
2025-08-12 17:23:30,145 INFO  [org.apa.kaf.cli.con.int.ClassicKafkaConsumer] (Thread-845) [Consumer clientId=consumer-Consumer-topic-203a4962_350a_47a0_8a4e_02531ac20b95-33, groupId=Consumer-topic-203a4962_350a_47a0_8a4e_02531ac20b95] Subscribed to topic(s): topic-203a4962_350a_47a0_8a4e_02531ac20b95
2025-08-12 17:23:30,147 INFO  [org.apa.kaf.cli.Metadata] (Thread-845) [Consumer clientId=consumer-Consumer-topic-203a4962_350a_47a0_8a4e_02531ac20b95-33, groupId=Consumer-topic-203a4962_350a_47a0_8a4e_02531ac20b95] Cluster ID: Ursznb63T6OTazTEUvngGA
2025-08-12 17:23:30,148 INFO  [org.apa.kaf.cli.con.int.ConsumerCoordinator] (Thread-845) [Consumer clientId=consumer-Consumer-topic-203a4962_350a_47a0_8a4e_02531ac20b95-33, groupId=Consumer-topic-203a4962_350a_47a0_8a4e_02531ac20b95] Discovered group coordinator localhost:32769 (id: 2147483647 rack: null)
2025-08-12 17:23:30,148 INFO  [org.apa.kaf.cli.con.int.ConsumerCoordinator] (Thread-845) [Consumer clientId=consumer-Consumer-topic-203a4962_350a_47a0_8a4e_02531ac20b95-33, groupId=Consumer-topic-203a4962_350a_47a0_8a4e_02531ac20b95] (Re-)joining group
2025-08-12 17:23:30,150 INFO  [org.apa.kaf.cli.con.int.ConsumerCoordinator] (Thread-845) [Consumer clientId=consumer-Consumer-topic-203a4962_350a_47a0_8a4e_02531ac20b95-33, groupId=Consumer-topic-203a4962_350a_47a0_8a4e_02531ac20b95] Request joining group due to: need to re-join with the given member-id: consumer-Consumer-topic-203a4962_350a_47a0_8a4e_02531ac20b95-33-18c05e32-2229-4bb7-ab4f-ceaa5f88aa2e
2025-08-12 17:23:30,150 INFO  [org.apa.kaf.cli.con.int.ConsumerCoordinator] (Thread-845) [Consumer clientId=consumer-Consumer-topic-203a4962_350a_47a0_8a4e_02531ac20b95-33, groupId=Consumer-topic-203a4962_350a_47a0_8a4e_02531ac20b95] (Re-)joining group
2025-08-12 17:23:31,145 INFO  [io.api.tes.ser.api.KafkaSerdesTester] (Thread-845) None found
2025-08-12 17:23:32,145 INFO  [io.api.tes.ser.api.KafkaSerdesTester] (Thread-845) None found
2025-08-12 17:23:33,145 INFO  [io.api.tes.ser.api.KafkaSerdesTester] (Thread-845) None found
2025-08-12 17:23:33,152 INFO  [org.apa.kaf.cli.con.int.ConsumerCoordinator] (Thread-845) [Consumer clientId=consumer-Consumer-topic-203a4962_350a_47a0_8a4e_02531ac20b95-33, groupId=Consumer-topic-203a4962_350a_47a0_8a4e_02531ac20b95] Successfully joined group with generation Generation{generationId=1, memberId='consumer-Consumer-topic-203a4962_350a_47a0_8a4e_02531ac20b95-33-18c05e32-2229-4bb7-ab4f-ceaa5f88aa2e', protocol='range'}
2025-08-12 17:23:33,152 INFO  [org.apa.kaf.cli.con.int.ConsumerCoordinator] (Thread-845) [Consumer clientId=consumer-Consumer-topic-203a4962_350a_47a0_8a4e_02531ac20b95-33, groupId=Consumer-topic-203a4962_350a_47a0_8a4e_02531ac20b95] Finished assignment for group at generation 1: {consumer-Consumer-topic-203a4962_350a_47a0_8a4e_02531ac20b95-33-18c05e32-2229-4bb7-ab4f-ceaa5f88aa2e=Assignment(partitions=[topic-203a4962_350a_47a0_8a4e_02531ac20b95-0])}
2025-08-12 17:23:33,158 INFO  [org.apa.kaf.cli.con.int.ConsumerCoordinator] (Thread-845) [Consumer clientId=consumer-Consumer-topic-203a4962_350a_47a0_8a4e_02531ac20b95-33, groupId=Consumer-topic-203a4962_350a_47a0_8a4e_02531ac20b95] Successfully synced group in generation Generation{generationId=1, memberId='consumer-Consumer-topic-203a4962_350a_47a0_8a4e_02531ac20b95-33-18c05e32-2229-4bb7-ab4f-ceaa5f88aa2e', protocol='range'}
2025-08-12 17:23:33,158 INFO  [org.apa.kaf.cli.con.int.ConsumerCoordinator] (Thread-845) [Consumer clientId=consumer-Consumer-topic-203a4962_350a_47a0_8a4e_02531ac20b95-33, groupId=Consumer-topic-203a4962_350a_47a0_8a4e_02531ac20b95] Notifying assignor about the new Assignment(partitions=[topic-203a4962_350a_47a0_8a4e_02531ac20b95-0])
2025-08-12 17:23:33,158 INFO  [org.apa.kaf.cli.con.int.ConsumerRebalanceListenerInvoker] (Thread-845) [Consumer clientId=consumer-Consumer-topic-203a4962_350a_47a0_8a4e_02531ac20b95-33, groupId=Consumer-topic-203a4962_350a_47a0_8a4e_02531ac20b95] Adding newly assigned partitions: topic-203a4962_350a_47a0_8a4e_02531ac20b95-0
2025-08-12 17:23:33,159 INFO  [org.apa.kaf.cli.con.int.ConsumerCoordinator] (Thread-845) [Consumer clientId=consumer-Consumer-topic-203a4962_350a_47a0_8a4e_02531ac20b95-33, groupId=Consumer-topic-203a4962_350a_47a0_8a4e_02531ac20b95] Found no committed offset for partition topic-203a4962_350a_47a0_8a4e_02531ac20b95-0
2025-08-12 17:23:33,161 INFO  [org.apa.kaf.cli.con.int.SubscriptionState] (Thread-845) [Consumer clientId=consumer-Consumer-topic-203a4962_350a_47a0_8a4e_02531ac20b95-33, groupId=Consumer-topic-203a4962_350a_47a0_8a4e_02531ac20b95] Resetting offset for partition topic-203a4962_350a_47a0_8a4e_02531ac20b95-0 to position FetchPosition{offset=0, offsetEpoch=Optional.empty, currentLeader=LeaderAndEpoch{leader=Optional[localhost:32769 (id: 0 rack: null)], epoch=0}}.
2025-08-12 17:23:33,525 INFO  [io.api.tes.ser.api.KafkaSerdesTester] (Thread-845) topic-203a4962_350a_47a0_8a4e_02531ac20b95 0 0 header {
  time {
  }
}
d1: 1.755019409014E12
s1: "a"
i1: 123
bi1: 1
point {
  longitude: 22.0
  latitude: 22.0
  altitude: 1.0
}

2025-08-12 17:23:33,525 INFO  [io.api.tes.ser.api.KafkaSerdesTester] (Thread-845) topic-203a4962_350a_47a0_8a4e_02531ac20b95 0 1 header {
  time {
  }
}
d1: 1.755019409337E12
s1: "a"
i1: 123
bi1: 1
point {
  longitude: 22.0
  latitude: 22.0
  altitude: 1.0
}

2025-08-12 17:23:33,525 INFO  [io.api.tes.ser.api.KafkaSerdesTester] (Thread-845) topic-203a4962_350a_47a0_8a4e_02531ac20b95 0 2 header {
  time {
  }
}
d1: 1.75501940941E12
s1: "a"
i1: 123
bi1: 1
point {
  longitude: 22.0
  latitude: 22.0
  altitude: 1.0
}

2025-08-12 17:23:33,525 INFO  [io.api.tes.ser.api.KafkaSerdesTester] (Thread-845) topic-203a4962_350a_47a0_8a4e_02531ac20b95 0 3 header {
  time {
  }
}
d1: 1.755019409483E12
s1: "a"
i1: 123
bi1: 1
point {
  longitude: 22.0
  latitude: 22.0
  altitude: 1.0
}

2025-08-12 17:23:33,525 INFO  [io.api.tes.ser.api.KafkaSerdesTester] (Thread-845) topic-203a4962_350a_47a0_8a4e_02531ac20b95 0 4 header {
  time {
  }
}
d1: 1.755019409555E12
s1: "a"
i1: 123
bi1: 1
point {
  longitude: 22.0
  latitude: 22.0
  altitude: 1.0
}

2025-08-12 17:23:33,525 INFO  [io.api.tes.ser.api.KafkaSerdesTester] (Thread-845) topic-203a4962_350a_47a0_8a4e_02531ac20b95 0 5 header {
  time {
  }
}
d1: 1.755019409627E12
s1: "a"
i1: 123
bi1: 1
point {
  longitude: 22.0
  latitude: 22.0
  altitude: 1.0
}

2025-08-12 17:23:33,525 INFO  [io.api.tes.ser.api.KafkaSerdesTester] (Thread-845) topic-203a4962_350a_47a0_8a4e_02531ac20b95 0 6 header {
  time {
  }
}
d1: 1.755019409704E12
s1: "a"
i1: 123
bi1: 1
point {
  longitude: 22.0
  latitude: 22.0
  altitude: 1.0
}

2025-08-12 17:23:33,525 INFO  [io.api.tes.ser.api.KafkaSerdesTester] (Thread-845) topic-203a4962_350a_47a0_8a4e_02531ac20b95 0 7 header {
  time {
  }
}
d1: 1.755019409777E12
s1: "a"
i1: 123
bi1: 1
point {
  longitude: 22.0
  latitude: 22.0
  altitude: 1.0
}

2025-08-12 17:23:33,525 INFO  [io.api.tes.ser.api.KafkaSerdesTester] (Thread-845) topic-203a4962_350a_47a0_8a4e_02531ac20b95 0 8 header {
  time {
  }
}
d1: 1.75501940985E12
s1: "a"
i1: 123
bi1: 1
point {
  longitude: 22.0
  latitude: 22.0
  altitude: 1.0
}

2025-08-12 17:23:33,525 INFO  [io.api.tes.ser.api.KafkaSerdesTester] (Thread-845) topic-203a4962_350a_47a0_8a4e_02531ac20b95 0 9 header {
  time {
  }
}
d1: 1.755019409922E12
s1: "a"
i1: 123
bi1: 1
point {
  longitude: 22.0
  latitude: 22.0
  altitude: 1.0
}

2025-08-12 17:23:33,525 INFO  [io.api.tes.ser.api.KafkaSerdesTester] (Thread-845) Consumed 10 messages
2025-08-12 17:23:33,534 INFO  [org.apa.kaf.cli.con.int.ConsumerRebalanceListenerInvoker] (Thread-845) [Consumer clientId=consumer-Consumer-topic-203a4962_350a_47a0_8a4e_02531ac20b95-33, groupId=Consumer-topic-203a4962_350a_47a0_8a4e_02531ac20b95] Revoke previously assigned partitions topic-203a4962_350a_47a0_8a4e_02531ac20b95-0
2025-08-12 17:23:33,534 INFO  [org.apa.kaf.cli.con.int.ConsumerCoordinator] (Thread-845) [Consumer clientId=consumer-Consumer-topic-203a4962_350a_47a0_8a4e_02531ac20b95-33, groupId=Consumer-topic-203a4962_350a_47a0_8a4e_02531ac20b95] Member consumer-Consumer-topic-203a4962_350a_47a0_8a4e_02531ac20b95-33-18c05e32-2229-4bb7-ab4f-ceaa5f88aa2e sending LeaveGroup request to coordinator localhost:32769 (id: 2147483647 rack: null) due to the consumer is being closed
2025-08-12 17:23:33,534 INFO  [org.apa.kaf.cli.con.int.ConsumerCoordinator] (Thread-845) [Consumer clientId=consumer-Consumer-topic-203a4962_350a_47a0_8a4e_02531ac20b95-33, groupId=Consumer-topic-203a4962_350a_47a0_8a4e_02531ac20b95] Resetting generation and member id due to: consumer pro-actively leaving the group
2025-08-12 17:23:33,534 INFO  [org.apa.kaf.cli.con.int.ConsumerCoordinator] (Thread-845) [Consumer clientId=consumer-Consumer-topic-203a4962_350a_47a0_8a4e_02531ac20b95-33, groupId=Consumer-topic-203a4962_350a_47a0_8a4e_02531ac20b95] Request joining group due to: consumer pro-actively leaving the group
2025-08-12 17:23:34,028 INFO  [org.apa.kaf.com.met.Metrics] (Thread-845) Metrics scheduler closed
2025-08-12 17:23:34,028 INFO  [org.apa.kaf.com.met.Metrics] (Thread-845) Closing reporter org.apache.kafka.common.metrics.JmxReporter
2025-08-12 17:23:34,028 INFO  [org.apa.kaf.com.met.Metrics] (Thread-845) Closing reporter org.apache.kafka.common.telemetry.internals.ClientTelemetryReporter
2025-08-12 17:23:34,028 INFO  [org.apa.kaf.com.met.Metrics] (Thread-845) Metrics reporters closed
2025-08-12 17:23:34,029 INFO  [org.apa.kaf.com.uti.AppInfoParser] (Thread-845) App info kafka.consumer for consumer-Consumer-topic-203a4962_350a_47a0_8a4e_02531ac20b95-33 unregistered
2025-08-12 17:23:34,168 INFO  [io.api.tes.uti.TestSeparator] (main) io.apicurio.tests.serdes.apicurio.ProtobufSerdeIT.testAutoRegisterDynamicMessageProtobufType-FINISHED
2025-08-12 17:23:34,168 INFO  [io.api.tes.uti.TestSeparator] (main) ############################################################################
Test passed: testAutoRegisterDynamicMessageProtobufType
]]></system-out>
  </testcase>
</testsuite>