<?xml version="1.0" encoding="UTF-8"?>
<testsuite xmlns:xsi="http://www.w3.org/2001/XMLSchema-instance" xsi:noNamespaceSchemaLocation="https://maven.apache.org/surefire/maven-failsafe-plugin/xsd/failsafe-test-report.xsd" version="3.0.2" name="io.apicurio.tests.serdes.apicurio.AvroSerdeIT" time="109.466" tests="21" errors="1" skipped="2" failures="0">
  <properties>
    <property name="java.specification.version" value="17"/>
    <property name="sun.jnu.encoding" value="UTF-8"/>
    <property name="java.class.path" value="/home/runner/work/apicurio-testing/apicurio-testing/clusters/ci419/namespaces/pg17/tests/integration/apicurio-registry/integration-tests/target/test-classes:/home/runner/work/apicurio-testing/apicurio-testing/clusters/ci419/namespaces/pg17/tests/integration/apicurio-registry/integration-tests/target/apicurio-registry-integration-tests-3.0.12-SNAPSHOT.jar:/home/runner/.m2/repository/io/quarkus/quarkus-junit5/3.20.2/quarkus-junit5-3.20.2.jar:/home/runner/.m2/repository/io/quarkus/quarkus-bootstrap-core/3.20.2/quarkus-bootstrap-core-3.20.2.jar:/home/runner/.m2/repository/io/quarkus/quarkus-classloader-commons/3.20.2/quarkus-classloader-commons-3.20.2.jar:/home/runner/.m2/repository/io/quarkus/quarkus-bootstrap-app-model/3.20.2/quarkus-bootstrap-app-model-3.20.2.jar:/home/runner/.m2/repository/io/smallrye/common/smallrye-common-io/2.12.0/smallrye-common-io-2.12.0.jar:/home/runner/.m2/repository/org/eclipse/sisu/org.eclipse.sisu.inject/0.9.0.M3/org.eclipse.sisu.inject-0.9.0.M3.jar:/home/runner/.m2/repository/io/quarkus/quarkus-test-common/3.20.2/quarkus-test-common-3.20.2.jar:/home/runner/.m2/repository/io/quarkus/quarkus-core-deployment/3.20.2/quarkus-core-deployment-3.20.2.jar:/home/runner/.m2/repository/org/aesh/readline/2.6/readline-2.6.jar:/home/runner/.m2/repository/org/fusesource/jansi/jansi/2.4.0/jansi-2.4.0.jar:/home/runner/.m2/repository/org/aesh/aesh/2.8.2/aesh-2.8.2.jar:/home/runner/.m2/repository/io/quarkus/gizmo/gizmo/1.8.0/gizmo-1.8.0.jar:/home/runner/.m2/repository/org/ow2/asm/asm-util/9.7.1/asm-util-9.7.1.jar:/home/runner/.m2/repository/org/ow2/asm/asm-analysis/9.7.1/asm-analysis-9.7.1.jar:/home/runner/.m2/repository/org/ow2/asm/asm-commons/9.7.1/asm-commons-9.7.1.jar:/home/runner/.m2/repository/org/ow2/asm/asm-tree/9.7.1/asm-tree-9.7.1.jar:/home/runner/.m2/repository/io/quarkus/quarkus-hibernate-validator-spi/3.20.2/quarkus-hibernate-validator-spi-3.20.2.jar:/home/runner/.m2/repository/io/quarkus/quarkus-class-change-agent/3.20.2/quarkus-class-change-agent-3.20.2.jar:/home/runner/.m2/repository/io/quarkus/quarkus-devtools-utilities/3.20.2/quarkus-devtools-utilities-3.20.2.jar:/home/runner/.m2/repository/io/quarkus/quarkus-builder/3.20.2/quarkus-builder-3.20.2.jar:/home/runner/.m2/repository/org/graalvm/sdk/nativeimage/23.1.2/nativeimage-23.1.2.jar:/home/runner/.m2/repository/org/graalvm/sdk/word/23.1.2/word-23.1.2.jar:/home/runner/.m2/repository/io/quarkus/quarkus-bootstrap-maven-resolver/3.20.2/quarkus-bootstrap-maven-resolver-3.20.2.jar:/home/runner/.m2/repository/io/smallrye/beanbag/smallrye-beanbag-maven/1.5.2/smallrye-beanbag-maven-1.5.2.jar:/home/runner/.m2/repository/io/smallrye/beanbag/smallrye-beanbag-sisu/1.5.2/smallrye-beanbag-sisu-1.5.2.jar:/home/runner/.m2/repository/io/smallrye/beanbag/smallrye-beanbag/1.5.2/smallrye-beanbag-1.5.2.jar:/home/runner/.m2/repository/javax/inject/javax.inject/1/javax.inject-1.jar:/home/runner/.m2/repository/org/apache/maven/maven-artifact/3.9.9/maven-artifact-3.9.9.jar:/home/runner/.m2/repository/org/apache/maven/maven-builder-support/3.9.9/maven-builder-support-3.9.9.jar:/home/runner/.m2/repository/org/apache/maven/maven-model/3.9.9/maven-model-3.9.9.jar:/home/runner/.m2/repository/org/apache/maven/maven-model-builder/3.9.9/maven-model-builder-3.9.9.jar:/home/runner/.m2/repository/org/apache/maven/maven-repository-metadata/3.9.9/maven-repository-metadata-3.9.9.jar:/home/runner/.m2/repository/org/apache/maven/maven-settings/3.9.9/maven-settings-3.9.9.jar:/home/runner/.m2/repository/org/apache/maven/resolver/maven-resolver-api/1.9.22/maven-resolver-api-1.9.22.jar:/home/runner/.m2/repository/org/apache/maven/resolver/maven-resolver-impl/1.9.22/maven-resolver-impl-1.9.22.jar:/home/runner/.m2/repository/org/apache/maven/resolver/maven-resolver-named-locks/1.9.22/maven-resolver-named-locks-1.9.22.jar:/home/runner/.m2/repository/org/apache/maven/resolver/maven-resolver-spi/1.9.22/maven-resolver-spi-1.9.22.jar:/home/runner/.m2/repository/org/apache/maven/resolver/maven-resolver-util/1.9.22/maven-resolver-util-1.9.22.jar:/home/runner/.m2/repository/org/apache/maven/resolver/maven-resolver-transport-http/1.9.20/maven-resolver-transport-http-1.9.20.jar:/home/runner/.m2/repository/org/apache/maven/wagon/wagon-provider-api/3.5.3/wagon-provider-api-3.5.3.jar:/home/runner/.m2/repository/org/apache/maven/wagon/wagon-http-shared/3.5.3/wagon-http-shared-3.5.3.jar:/home/runner/.m2/repository/org/codehaus/plexus/plexus-interpolation/1.26/plexus-interpolation-1.26.jar:/home/runner/.m2/repository/org/codehaus/plexus/plexus-utils/3.5.1/plexus-utils-3.5.1.jar:/home/runner/.m2/repository/org/codehaus/plexus/plexus-xml/4.0.1/plexus-xml-4.0.1.jar:/home/runner/.m2/repository/org/apache/maven/maven-xml-impl/4.0.0-alpha-5/maven-xml-impl-4.0.0-alpha-5.jar:/home/runner/.m2/repository/org/apache/maven/maven-api-xml/4.0.0-alpha-5/maven-api-xml-4.0.0-alpha-5.jar:/home/runner/.m2/repository/org/apache/maven/maven-api-meta/4.0.0-alpha-5/maven-api-meta-4.0.0-alpha-5.jar:/home/runner/.m2/repository/org/codehaus/plexus/plexus-cipher/2.0/plexus-cipher-2.0.jar:/home/runner/.m2/repository/org/codehaus/plexus/plexus-sec-dispatcher/2.0/plexus-sec-dispatcher-2.0.jar:/home/runner/.m2/repository/org/apache/maven/maven-embedder/3.9.9/maven-embedder-3.9.9.jar:/home/runner/.m2/repository/org/apache/maven/maven-core/3.9.9/maven-core-3.9.9.jar:/home/runner/.m2/repository/org/codehaus/plexus/plexus-component-annotations/2.1.0/plexus-component-annotations-2.1.0.jar:/home/runner/.m2/repository/org/apache/maven/maven-plugin-api/3.9.9/maven-plugin-api-3.9.9.jar:/home/runner/.m2/repository/org/apache/maven/shared/maven-shared-utils/3.4.2/maven-shared-utils-3.4.2.jar:/home/runner/.m2/repository/com/google/inject/guice/5.1.0/guice-5.1.0.jar:/home/runner/.m2/repository/aopalliance/aopalliance/1.0/aopalliance-1.0.jar:/home/runner/.m2/repository/org/codehaus/plexus/plexus-classworlds/2.6.0/plexus-classworlds-2.6.0.jar:/home/runner/.m2/repository/commons-cli/commons-cli/1.8.0/commons-cli-1.8.0.jar:/home/runner/.m2/repository/org/eclipse/sisu/org.eclipse.sisu.plexus/0.9.0.M3/org.eclipse.sisu.plexus-0.9.0.M3.jar:/home/runner/.m2/repository/org/apache/maven/maven-settings-builder/3.9.9/maven-settings-builder-3.9.9.jar:/home/runner/.m2/repository/org/apache/maven/maven-resolver-provider/3.9.9/maven-resolver-provider-3.9.9.jar:/home/runner/.m2/repository/org/apache/maven/resolver/maven-resolver-connector-basic/1.9.22/maven-resolver-connector-basic-1.9.22.jar:/home/runner/.m2/repository/org/apache/maven/resolver/maven-resolver-transport-wagon/1.9.22/maven-resolver-transport-wagon-1.9.22.jar:/home/runner/.m2/repository/org/apache/maven/wagon/wagon-http/3.5.3/wagon-http-3.5.3.jar:/home/runner/.m2/repository/org/apache/maven/wagon/wagon-file/3.5.3/wagon-file-3.5.3.jar:/home/runner/.m2/repository/io/quarkus/quarkus-bootstrap-gradle-resolver/3.20.2/quarkus-bootstrap-gradle-resolver-3.20.2.jar:/home/runner/.m2/repository/io/smallrye/jandex/3.3.0/jandex-3.3.0.jar:/home/runner/.m2/repository/org/jboss/logging/commons-logging-jboss-logging/1.0.0.Final/commons-logging-jboss-logging-1.0.0.Final.jar:/home/runner/.m2/repository/io/quarkus/quarkus-junit5-config/3.20.2/quarkus-junit5-config-3.20.2.jar:/home/runner/.m2/repository/org/junit/jupiter/junit-jupiter-api/5.12.1/junit-jupiter-api-5.12.1.jar:/home/runner/.m2/repository/io/smallrye/config/smallrye-config/3.11.4/smallrye-config-3.11.4.jar:/home/runner/.m2/repository/io/smallrye/config/smallrye-config-core/3.11.4/smallrye-config-core-3.11.4.jar:/home/runner/.m2/repository/io/smallrye/common/smallrye-common-classloader/2.12.0/smallrye-common-classloader-2.12.0.jar:/home/runner/.m2/repository/io/smallrye/config/smallrye-config-common/3.11.4/smallrye-config-common-3.11.4.jar:/home/runner/.m2/repository/org/junit/jupiter/junit-jupiter/5.12.1/junit-jupiter-5.12.1.jar:/home/runner/.m2/repository/org/junit/jupiter/junit-jupiter-params/5.12.1/junit-jupiter-params-5.12.1.jar:/home/runner/.m2/repository/org/junit/jupiter/junit-jupiter-engine/5.12.1/junit-jupiter-engine-5.12.1.jar:/home/runner/.m2/repository/io/quarkus/quarkus-core/3.20.2/quarkus-core-3.20.2.jar:/home/runner/.m2/repository/jakarta/enterprise/jakarta.enterprise.cdi-api/4.1.0/jakarta.enterprise.cdi-api-4.1.0.jar:/home/runner/.m2/repository/jakarta/enterprise/jakarta.enterprise.lang-model/4.1.0/jakarta.enterprise.lang-model-4.1.0.jar:/home/runner/.m2/repository/jakarta/el/jakarta.el-api/5.0.1/jakarta.el-api-5.0.1.jar:/home/runner/.m2/repository/jakarta/interceptor/jakarta.interceptor-api/2.2.0/jakarta.interceptor-api-2.2.0.jar:/home/runner/.m2/repository/jakarta/inject/jakarta.inject-api/2.0.1/jakarta.inject-api-2.0.1.jar:/home/runner/.m2/repository/io/smallrye/common/smallrye-common-os/2.12.0/smallrye-common-os-2.12.0.jar:/home/runner/.m2/repository/io/quarkus/quarkus-ide-launcher/3.20.2/quarkus-ide-launcher-3.20.2.jar:/home/runner/.m2/repository/io/quarkus/quarkus-development-mode-spi/3.20.2/quarkus-development-mode-spi-3.20.2.jar:/home/runner/.m2/repository/org/jboss/logging/jboss-logging/3.6.1.Final/jboss-logging-3.6.1.Final.jar:/home/runner/.m2/repository/org/jboss/logmanager/jboss-logmanager/3.1.2.Final/jboss-logmanager-3.1.2.Final.jar:/home/runner/.m2/repository/io/smallrye/common/smallrye-common-constraint/2.12.0/smallrye-common-constraint-2.12.0.jar:/home/runner/.m2/repository/io/smallrye/common/smallrye-common-cpu/2.12.0/smallrye-common-cpu-2.12.0.jar:/home/runner/.m2/repository/io/smallrye/common/smallrye-common-expression/2.12.0/smallrye-common-expression-2.12.0.jar:/home/runner/.m2/repository/io/smallrye/common/smallrye-common-net/2.12.0/smallrye-common-net-2.12.0.jar:/home/runner/.m2/repository/io/smallrye/common/smallrye-common-ref/2.12.0/smallrye-common-ref-2.12.0.jar:/home/runner/.m2/repository/jakarta/json/jakarta.json-api/2.1.3/jakarta.json-api-2.1.3.jar:/home/runner/.m2/repository/org/eclipse/parsson/parsson/1.1.7/parsson-1.1.7.jar:/home/runner/.m2/repository/org/jboss/logging/jboss-logging-annotations/3.0.4.Final/jboss-logging-annotations-3.0.4.Final.jar:/home/runner/.m2/repository/org/jboss/threads/jboss-threads/3.8.0.Final/jboss-threads-3.8.0.Final.jar:/home/runner/.m2/repository/io/smallrye/common/smallrye-common-annotation/2.12.0/smallrye-common-annotation-2.12.0.jar:/home/runner/.m2/repository/io/smallrye/common/smallrye-common-function/2.12.0/smallrye-common-function-2.12.0.jar:/home/runner/.m2/repository/org/jboss/slf4j/slf4j-jboss-logmanager/2.0.0.Final/slf4j-jboss-logmanager-2.0.0.Final.jar:/home/runner/.m2/repository/org/wildfly/common/wildfly-common/2.0.1/wildfly-common-2.0.1.jar:/home/runner/.m2/repository/io/quarkus/quarkus-bootstrap-runner/3.20.2/quarkus-bootstrap-runner-3.20.2.jar:/home/runner/.m2/repository/io/github/crac/org-crac/0.1.3/org-crac-0.1.3.jar:/home/runner/.m2/repository/io/quarkus/quarkus-fs-util/0.0.10/quarkus-fs-util-0.0.10.jar:/home/runner/.m2/repository/org/jboss/marshalling/jboss-marshalling/2.2.2.Final/jboss-marshalling-2.2.2.Final.jar:/home/runner/.m2/repository/io/fabric8/kubernetes-client/7.1.0/kubernetes-client-7.1.0.jar:/home/runner/.m2/repository/io/fabric8/kubernetes-client-api/7.1.0/kubernetes-client-api-7.1.0.jar:/home/runner/.m2/repository/io/fabric8/kubernetes-model-core/7.1.0/kubernetes-model-core-7.1.0.jar:/home/runner/.m2/repository/io/fabric8/kubernetes-model-common/7.1.0/kubernetes-model-common-7.1.0.jar:/home/runner/.m2/repository/javax/annotation/javax.annotation-api/1.3.2/javax.annotation-api-1.3.2.jar:/home/runner/.m2/repository/io/fabric8/kubernetes-model-gatewayapi/7.1.0/kubernetes-model-gatewayapi-7.1.0.jar:/home/runner/.m2/repository/io/fabric8/kubernetes-model-resource/7.1.0/kubernetes-model-resource-7.1.0.jar:/home/runner/.m2/repository/io/fabric8/kubernetes-model-rbac/7.1.0/kubernetes-model-rbac-7.1.0.jar:/home/runner/.m2/repository/io/fabric8/kubernetes-model-admissionregistration/7.1.0/kubernetes-model-admissionregistration-7.1.0.jar:/home/runner/.m2/repository/io/fabric8/kubernetes-model-apps/7.1.0/kubernetes-model-apps-7.1.0.jar:/home/runner/.m2/repository/io/fabric8/kubernetes-model-autoscaling/7.1.0/kubernetes-model-autoscaling-7.1.0.jar:/home/runner/.m2/repository/io/fabric8/kubernetes-model-apiextensions/7.1.0/kubernetes-model-apiextensions-7.1.0.jar:/home/runner/.m2/repository/io/fabric8/kubernetes-model-batch/7.1.0/kubernetes-model-batch-7.1.0.jar:/home/runner/.m2/repository/io/fabric8/kubernetes-model-certificates/7.1.0/kubernetes-model-certificates-7.1.0.jar:/home/runner/.m2/repository/io/fabric8/kubernetes-model-coordination/7.1.0/kubernetes-model-coordination-7.1.0.jar:/home/runner/.m2/repository/io/fabric8/kubernetes-model-discovery/7.1.0/kubernetes-model-discovery-7.1.0.jar:/home/runner/.m2/repository/io/fabric8/kubernetes-model-events/7.1.0/kubernetes-model-events-7.1.0.jar:/home/runner/.m2/repository/io/fabric8/kubernetes-model-extensions/7.1.0/kubernetes-model-extensions-7.1.0.jar:/home/runner/.m2/repository/io/fabric8/kubernetes-model-flowcontrol/7.1.0/kubernetes-model-flowcontrol-7.1.0.jar:/home/runner/.m2/repository/io/fabric8/kubernetes-model-networking/7.1.0/kubernetes-model-networking-7.1.0.jar:/home/runner/.m2/repository/io/fabric8/kubernetes-model-metrics/7.1.0/kubernetes-model-metrics-7.1.0.jar:/home/runner/.m2/repository/io/fabric8/kubernetes-model-policy/7.1.0/kubernetes-model-policy-7.1.0.jar:/home/runner/.m2/repository/io/fabric8/kubernetes-model-scheduling/7.1.0/kubernetes-model-scheduling-7.1.0.jar:/home/runner/.m2/repository/io/fabric8/kubernetes-model-storageclass/7.1.0/kubernetes-model-storageclass-7.1.0.jar:/home/runner/.m2/repository/io/fabric8/kubernetes-model-node/7.1.0/kubernetes-model-node-7.1.0.jar:/home/runner/.m2/repository/org/snakeyaml/snakeyaml-engine/2.9/snakeyaml-engine-2.9.jar:/home/runner/.m2/repository/com/fasterxml/jackson/dataformat/jackson-dataformat-yaml/2.18.2/jackson-dataformat-yaml-2.18.2.jar:/home/runner/.m2/repository/com/fasterxml/jackson/datatype/jackson-datatype-jsr310/2.18.2/jackson-datatype-jsr310-2.18.2.jar:/home/runner/.m2/repository/io/fabric8/zjsonpatch/7.1.0/zjsonpatch-7.1.0.jar:/home/runner/.m2/repository/io/fabric8/kubernetes-httpclient-vertx/7.1.0/kubernetes-httpclient-vertx-7.1.0.jar:/home/runner/.m2/repository/io/vertx/vertx-web-client/4.5.16/vertx-web-client-4.5.16.jar:/home/runner/.m2/repository/io/vertx/vertx-web-common/4.5.16/vertx-web-common-4.5.16.jar:/home/runner/.m2/repository/io/vertx/vertx-auth-common/4.5.16/vertx-auth-common-4.5.16.jar:/home/runner/.m2/repository/io/vertx/vertx-uri-template/4.5.16/vertx-uri-template-4.5.16.jar:/home/runner/.m2/repository/io/fabric8/openshift-client/7.1.0/openshift-client-7.1.0.jar:/home/runner/.m2/repository/io/fabric8/openshift-client-api/7.1.0/openshift-client-api-7.1.0.jar:/home/runner/.m2/repository/io/fabric8/openshift-model/7.1.0/openshift-model-7.1.0.jar:/home/runner/.m2/repository/io/fabric8/openshift-model-autoscaling/7.1.0/openshift-model-autoscaling-7.1.0.jar:/home/runner/.m2/repository/io/fabric8/openshift-model-operator/7.1.0/openshift-model-operator-7.1.0.jar:/home/runner/.m2/repository/io/fabric8/openshift-model-operatorhub/7.1.0/openshift-model-operatorhub-7.1.0.jar:/home/runner/.m2/repository/io/fabric8/openshift-model-machine/7.1.0/openshift-model-machine-7.1.0.jar:/home/runner/.m2/repository/io/fabric8/openshift-model-whereabouts/7.1.0/openshift-model-whereabouts-7.1.0.jar:/home/runner/.m2/repository/io/fabric8/openshift-model-monitoring/7.1.0/openshift-model-monitoring-7.1.0.jar:/home/runner/.m2/repository/io/fabric8/openshift-model-storageversionmigrator/7.1.0/openshift-model-storageversionmigrator-7.1.0.jar:/home/runner/.m2/repository/io/fabric8/openshift-model-tuned/7.1.0/openshift-model-tuned-7.1.0.jar:/home/runner/.m2/repository/io/fabric8/openshift-model-console/7.1.0/openshift-model-console-7.1.0.jar:/home/runner/.m2/repository/io/fabric8/openshift-model-config/7.1.0/openshift-model-config-7.1.0.jar:/home/runner/.m2/repository/io/fabric8/openshift-model-machineconfiguration/7.1.0/openshift-model-machineconfiguration-7.1.0.jar:/home/runner/.m2/repository/io/fabric8/openshift-model-miscellaneous/7.1.0/openshift-model-miscellaneous-7.1.0.jar:/home/runner/.m2/repository/io/fabric8/openshift-model-hive/7.1.0/openshift-model-hive-7.1.0.jar:/home/runner/.m2/repository/io/fabric8/openshift-model-installer/7.1.0/openshift-model-installer-7.1.0.jar:/home/runner/.m2/repository/org/junit/platform/junit-platform-launcher/1.12.1/junit-platform-launcher-1.12.1.jar:/home/runner/.m2/repository/org/junit/platform/junit-platform-engine/1.12.1/junit-platform-engine-1.12.1.jar:/home/runner/.m2/repository/org/opentest4j/opentest4j/1.3.0/opentest4j-1.3.0.jar:/home/runner/.m2/repository/org/junit/platform/junit-platform-commons/1.12.1/junit-platform-commons-1.12.1.jar:/home/runner/.m2/repository/org/apiguardian/apiguardian-api/1.1.2/apiguardian-api-1.1.2.jar:/home/runner/.m2/repository/jakarta/ws/rs/jakarta.ws.rs-api/3.1.0/jakarta.ws.rs-api-3.1.0.jar:/home/runner/work/apicurio-testing/apicurio-testing/clusters/ci419/namespaces/pg17/tests/integration/apicurio-registry/java-sdk/target/apicurio-registry-java-sdk-3.0.12-SNAPSHOT.jar:/home/runner/.m2/repository/com/microsoft/kiota/microsoft-kiota-abstractions/1.8.8/microsoft-kiota-abstractions-1.8.8.jar:/home/runner/.m2/repository/io/github/std-uritemplate/std-uritemplate/2.0.0/std-uritemplate-2.0.0.jar:/home/runner/.m2/repository/io/kiota/kiota-http-jdk/0.0.29/kiota-http-jdk-0.0.29.jar:/home/runner/.m2/repository/io/kiota/kiota-http-vertx/0.0.29/kiota-http-vertx-0.0.29.jar:/home/runner/.m2/repository/io/kiota/kiota-serialization-jackson/0.0.29/kiota-serialization-jackson-0.0.29.jar:/home/runner/.m2/repository/com/microsoft/kiota/microsoft-kiota-serialization-text/1.8.8/microsoft-kiota-serialization-text-1.8.8.jar:/home/runner/.m2/repository/com/microsoft/kiota/microsoft-kiota-serialization-form/1.8.8/microsoft-kiota-serialization-form-1.8.8.jar:/home/runner/.m2/repository/com/microsoft/kiota/microsoft-kiota-serialization-multipart/1.8.8/microsoft-kiota-serialization-multipart-1.8.8.jar:/home/runner/.m2/repository/jakarta/annotation/jakarta.annotation-api/3.0.0/jakarta.annotation-api-3.0.0.jar:/home/runner/.m2/repository/io/vertx/vertx-auth-oauth2/4.5.16/vertx-auth-oauth2-4.5.16.jar:/home/runner/work/apicurio-testing/apicurio-testing/clusters/ci419/namespaces/pg17/tests/integration/apicurio-registry/java-sdk-v2/target/apicurio-registry-v2-java-sdk-3.0.12-SNAPSHOT.jar:/home/runner/work/apicurio-testing/apicurio-testing/clusters/ci419/namespaces/pg17/tests/integration/apicurio-registry/utils/kafka/target/apicurio-registry-utils-kafka-3.0.12-SNAPSHOT-tests.jar:/home/runner/.m2/repository/org/eclipse/microprofile/config/microprofile-config-api/3.1/microprofile-config-api-3.1.jar:/home/runner/.m2/repository/org/apache/kafka/kafka-clients/3.9.1/kafka-clients-3.9.1.jar:/home/runner/.m2/repository/com/github/luben/zstd-jni/1.5.6-4/zstd-jni-1.5.6-4.jar:/home/runner/.m2/repository/org/lz4/lz4-java/1.8.0/lz4-java-1.8.0.jar:/home/runner/.m2/repository/org/xerial/snappy/snappy-java/1.1.10.5/snappy-java-1.1.10.5.jar:/home/runner/.m2/repository/org/slf4j/slf4j-api/2.0.6/slf4j-api-2.0.6.jar:/home/runner/work/apicurio-testing/apicurio-testing/clusters/ci419/namespaces/pg17/tests/integration/apicurio-registry/utils/tests/target/apicurio-registry-utils-tests-3.0.12-SNAPSHOT.jar:/home/runner/work/apicurio-testing/apicurio-testing/clusters/ci419/namespaces/pg17/tests/integration/apicurio-registry/common/target/apicurio-registry-common-3.0.12-SNAPSHOT.jar:/home/runner/.m2/repository/jakarta/validation/jakarta.validation-api/3.0.2/jakarta.validation-api-3.0.2.jar:/home/runner/.m2/repository/com/github/dasniko/testcontainers-keycloak/3.8.0/testcontainers-keycloak-3.8.0.jar:/home/runner/.m2/repository/org/testcontainers/testcontainers/1.20.6/testcontainers-1.20.6.jar:/home/runner/.m2/repository/org/rnorth/duct-tape/duct-tape/1.0.8/duct-tape-1.0.8.jar:/home/runner/.m2/repository/com/github/docker-java/docker-java-transport-zerodep/3.4.1/docker-java-transport-zerodep-3.4.1.jar:/home/runner/.m2/repository/com/github/docker-java/docker-java-transport/3.4.1/docker-java-transport-3.4.1.jar:/home/runner/.m2/repository/net/java/dev/jna/jna/5.8.0/jna-5.8.0.jar:/home/runner/.m2/repository/io/quarkus/quarkus-junit4-mock/3.20.2/quarkus-junit4-mock-3.20.2.jar:/home/runner/.m2/repository/org/jboss/shrinkwrap/shrinkwrap-api/2.0.0-beta-2/shrinkwrap-api-2.0.0-beta-2.jar:/home/runner/.m2/repository/org/jboss/shrinkwrap/shrinkwrap-impl-base/2.0.0-beta-2/shrinkwrap-impl-base-2.0.0-beta-2.jar:/home/runner/.m2/repository/org/jboss/shrinkwrap/shrinkwrap-spi/2.0.0-beta-2/shrinkwrap-spi-2.0.0-beta-2.jar:/home/runner/.m2/repository/org/keycloak/keycloak-admin-client/26.0.4/keycloak-admin-client-26.0.4.jar:/home/runner/.m2/repository/org/keycloak/keycloak-client-common-synced/26.0.4/keycloak-client-common-synced-26.0.4.jar:/home/runner/.m2/repository/jakarta/activation/jakarta.activation-api/2.1.3/jakarta.activation-api-2.1.3.jar:/home/runner/.m2/repository/org/eclipse/microprofile/openapi/microprofile-openapi-api/4.0.2/microprofile-openapi-api-4.0.2.jar:/home/runner/.m2/repository/org/jboss/resteasy/resteasy-client/6.2.12.Final/resteasy-client-6.2.12.Final.jar:/home/runner/.m2/repository/org/jboss/resteasy/resteasy-client-api/6.2.12.Final/resteasy-client-api-6.2.12.Final.jar:/home/runner/.m2/repository/org/jboss/resteasy/resteasy-core-spi/6.2.12.Final/resteasy-core-spi-6.2.12.Final.jar:/home/runner/.m2/repository/org/jboss/resteasy/resteasy-core/6.2.12.Final/resteasy-core-6.2.12.Final.jar:/home/runner/.m2/repository/org/eclipse/angus/angus-activation/2.0.2/angus-activation-2.0.2.jar:/home/runner/.m2/repository/com/ibm/async/asyncutil/0.1.0/asyncutil-0.1.0.jar:/home/runner/.m2/repository/org/reactivestreams/reactive-streams/1.0.4/reactive-streams-1.0.4.jar:/home/runner/.m2/repository/org/jboss/resteasy/resteasy-multipart-provider/6.2.12.Final/resteasy-multipart-provider-6.2.12.Final.jar:/home/runner/.m2/repository/jakarta/mail/jakarta.mail-api/2.1.3/jakarta.mail-api-2.1.3.jar:/home/runner/.m2/repository/org/eclipse/angus/angus-mail/2.0.3/angus-mail-2.0.3.jar:/home/runner/.m2/repository/org/apache/james/apache-mime4j-dom/0.8.12/apache-mime4j-dom-0.8.12.jar:/home/runner/.m2/repository/org/apache/james/apache-mime4j-core/0.8.12/apache-mime4j-core-0.8.12.jar:/home/runner/.m2/repository/org/apache/james/apache-mime4j-storage/0.8.12/apache-mime4j-storage-0.8.12.jar:/home/runner/.m2/repository/org/jboss/resteasy/resteasy-jackson2-provider/6.2.12.Final/resteasy-jackson2-provider-6.2.12.Final.jar:/home/runner/.m2/repository/com/fasterxml/jackson/jakarta/rs/jackson-jakarta-rs-base/2.18.2/jackson-jakarta-rs-base-2.18.2.jar:/home/runner/.m2/repository/com/fasterxml/jackson/jakarta/rs/jackson-jakarta-rs-json-provider/2.18.2/jackson-jakarta-rs-json-provider-2.18.2.jar:/home/runner/.m2/repository/com/fasterxml/jackson/module/jackson-module-jakarta-xmlbind-annotations/2.18.2/jackson-module-jakarta-xmlbind-annotations-2.18.2.jar:/home/runner/.m2/repository/com/github/java-json-tools/json-patch/1.13/json-patch-1.13.jar:/home/runner/.m2/repository/com/github/java-json-tools/msg-simple/1.2/msg-simple-1.2.jar:/home/runner/.m2/repository/com/github/java-json-tools/btf/1.3/btf-1.3.jar:/home/runner/.m2/repository/com/github/java-json-tools/jackson-coreutils/2.0/jackson-coreutils-2.0.jar:/home/runner/.m2/repository/org/jboss/resteasy/resteasy-jaxb-provider/6.2.12.Final/resteasy-jaxb-provider-6.2.12.Final.jar:/home/runner/.m2/repository/org/glassfish/jaxb/codemodel/4.0.5/codemodel-4.0.5.jar:/home/runner/.m2/repository/org/glassfish/jaxb/jaxb-core/4.0.5/jaxb-core-4.0.5.jar:/home/runner/.m2/repository/org/glassfish/jaxb/jaxb-jxc/4.0.5/jaxb-jxc-4.0.5.jar:/home/runner/.m2/repository/org/glassfish/jaxb/jaxb-runtime/4.0.5/jaxb-runtime-4.0.5.jar:/home/runner/.m2/repository/org/glassfish/jaxb/txw2/4.0.5/txw2-4.0.5.jar:/home/runner/.m2/repository/org/glassfish/jaxb/jaxb-xjc/4.0.5/jaxb-xjc-4.0.5.jar:/home/runner/.m2/repository/org/glassfish/jaxb/xsom/4.0.5/xsom-4.0.5.jar:/home/runner/.m2/repository/com/sun/istack/istack-commons-runtime/4.1.2/istack-commons-runtime-4.1.2.jar:/home/runner/.m2/repository/com/sun/istack/istack-commons-tools/4.1.2/istack-commons-tools-4.1.2.jar:/home/runner/.m2/repository/com/sun/xml/bind/external/relaxng-datatype/4.0.5/relaxng-datatype-4.0.5.jar:/home/runner/.m2/repository/com/sun/xml/bind/external/rngom/4.0.5/rngom-4.0.5.jar:/home/runner/.m2/repository/org/testcontainers/mssqlserver/1.20.6/mssqlserver-1.20.6.jar:/home/runner/.m2/repository/org/testcontainers/jdbc/1.20.6/jdbc-1.20.6.jar:/home/runner/.m2/repository/org/testcontainers/database-commons/1.20.6/database-commons-1.20.6.jar:/home/runner/.m2/repository/org/testcontainers/mysql/1.20.6/mysql-1.20.6.jar:/home/runner/.m2/repository/io/strimzi/strimzi-test-container/0.111.0/strimzi-test-container-0.111.0.jar:/home/runner/.m2/repository/org/testcontainers/toxiproxy/1.20.6/toxiproxy-1.20.6.jar:/home/runner/.m2/repository/com/github/docker-java/docker-java-api/3.4.1/docker-java-api-3.4.1.jar:/home/runner/.m2/repository/org/apache/logging/log4j/log4j-slf4j-impl/2.19.0/log4j-slf4j-impl-2.19.0.jar:/home/runner/.m2/repository/org/apache/logging/log4j/log4j-api/2.24.3/log4j-api-2.24.3.jar:/home/runner/.m2/repository/org/apache/logging/log4j/log4j-core/2.19.0/log4j-core-2.19.0.jar:/home/runner/.m2/repository/eu/rekawek/toxiproxy/toxiproxy-java/2.1.7/toxiproxy-java-2.1.7.jar:/home/runner/.m2/repository/org/testcontainers/pulsar/1.21.3/pulsar-1.21.3.jar:/home/runner/.m2/repository/io/debezium/debezium-testing-testcontainers/2.7.4.Final/debezium-testing-testcontainers-2.7.4.Final.jar:/home/runner/.m2/repository/org/testcontainers/kafka/1.20.6/kafka-1.20.6.jar:/home/runner/.m2/repository/com/squareup/okhttp3/okhttp/4.8.1/okhttp-4.8.1.jar:/home/runner/.m2/repository/com/squareup/okio/okio/3.10.2/okio-3.10.2.jar:/home/runner/.m2/repository/com/squareup/okio/okio-jvm/3.10.2/okio-jvm-3.10.2.jar:/home/runner/.m2/repository/org/jetbrains/kotlin/kotlin-stdlib/2.0.21/kotlin-stdlib-2.0.21.jar:/home/runner/.m2/repository/org/awaitility/awaitility/4.3.0/awaitility-4.3.0.jar:/home/runner/.m2/repository/org/testcontainers/mongodb/1.20.6/mongodb-1.20.6.jar:/home/runner/.m2/repository/org/testcontainers/mariadb/1.20.6/mariadb-1.20.6.jar:/home/runner/.m2/repository/org/testcontainers/oracle-xe/1.20.6/oracle-xe-1.20.6.jar:/home/runner/.m2/repository/org/testcontainers/postgresql/1.20.6/postgresql-1.20.6.jar:/home/runner/.m2/repository/org/wiremock/wiremock/3.0.1/wiremock-3.0.1.jar:/home/runner/.m2/repository/org/eclipse/jetty/jetty-server/11.0.15/jetty-server-11.0.15.jar:/home/runner/.m2/repository/org/eclipse/jetty/toolchain/jetty-jakarta-servlet-api/5.0.2/jetty-jakarta-servlet-api-5.0.2.jar:/home/runner/.m2/repository/org/eclipse/jetty/jetty-http/11.0.15/jetty-http-11.0.15.jar:/home/runner/.m2/repository/org/eclipse/jetty/jetty-io/11.0.15/jetty-io-11.0.15.jar:/home/runner/.m2/repository/org/eclipse/jetty/jetty-servlet/11.0.15/jetty-servlet-11.0.15.jar:/home/runner/.m2/repository/org/eclipse/jetty/jetty-security/11.0.15/jetty-security-11.0.15.jar:/home/runner/.m2/repository/org/eclipse/jetty/jetty-servlets/11.0.15/jetty-servlets-11.0.15.jar:/home/runner/.m2/repository/org/eclipse/jetty/jetty-util/11.0.15/jetty-util-11.0.15.jar:/home/runner/.m2/repository/org/eclipse/jetty/jetty-webapp/11.0.15/jetty-webapp-11.0.15.jar:/home/runner/.m2/repository/org/eclipse/jetty/jetty-xml/11.0.15/jetty-xml-11.0.15.jar:/home/runner/.m2/repository/org/eclipse/jetty/jetty-proxy/11.0.15/jetty-proxy-11.0.15.jar:/home/runner/.m2/repository/org/eclipse/jetty/jetty-client/11.0.15/jetty-client-11.0.15.jar:/home/runner/.m2/repository/org/eclipse/jetty/http2/http2-server/11.0.15/http2-server-11.0.15.jar:/home/runner/.m2/repository/org/eclipse/jetty/http2/http2-common/11.0.15/http2-common-11.0.15.jar:/home/runner/.m2/repository/org/eclipse/jetty/http2/http2-hpack/11.0.15/http2-hpack-11.0.15.jar:/home/runner/.m2/repository/org/eclipse/jetty/jetty-alpn-server/11.0.15/jetty-alpn-server-11.0.15.jar:/home/runner/.m2/repository/org/eclipse/jetty/jetty-alpn-java-server/11.0.15/jetty-alpn-java-server-11.0.15.jar:/home/runner/.m2/repository/org/eclipse/jetty/jetty-alpn-java-client/11.0.15/jetty-alpn-java-client-11.0.15.jar:/home/runner/.m2/repository/org/eclipse/jetty/jetty-alpn-client/11.0.15/jetty-alpn-client-11.0.15.jar:/home/runner/.m2/repository/org/apache/httpcomponents/client5/httpclient5/5.2.1/httpclient5-5.2.1.jar:/home/runner/.m2/repository/org/apache/httpcomponents/core5/httpcore5/5.2/httpcore5-5.2.jar:/home/runner/.m2/repository/org/apache/httpcomponents/core5/httpcore5-h2/5.2/httpcore5-h2-5.2.jar:/home/runner/.m2/repository/org/xmlunit/xmlunit-core/2.9.1/xmlunit-core-2.9.1.jar:/home/runner/.m2/repository/jakarta/xml/bind/jakarta.xml.bind-api/4.0.2/jakarta.xml.bind-api-4.0.2.jar:/home/runner/.m2/repository/org/xmlunit/xmlunit-legacy/2.9.1/xmlunit-legacy-2.9.1.jar:/home/runner/.m2/repository/org/xmlunit/xmlunit-placeholders/2.9.1/xmlunit-placeholders-2.9.1.jar:/home/runner/.m2/repository/net/javacrumbs/json-unit/json-unit-core/2.38.0/json-unit-core-2.38.0.jar:/home/runner/.m2/repository/org/hamcrest/hamcrest-core/2.2/hamcrest-core-2.2.jar:/home/runner/.m2/repository/com/jayway/jsonpath/json-path/2.8.0/json-path-2.8.0.jar:/home/runner/.m2/repository/net/minidev/json-smart/2.4.10/json-smart-2.4.10.jar:/home/runner/.m2/repository/net/minidev/accessors-smart/2.4.9/accessors-smart-2.4.9.jar:/home/runner/.m2/repository/org/ow2/asm/asm/9.7.1/asm-9.7.1.jar:/home/runner/.m2/repository/net/sf/jopt-simple/jopt-simple/5.0.4/jopt-simple-5.0.4.jar:/home/runner/.m2/repository/com/github/jknack/handlebars/4.3.1/handlebars-4.3.1.jar:/home/runner/.m2/repository/com/github/jknack/handlebars-helpers/4.3.1/handlebars-helpers-4.3.1.jar:/home/runner/.m2/repository/commons-fileupload/commons-fileupload/1.5/commons-fileupload-1.5.jar:/home/runner/.m2/repository/com/networknt/json-schema-validator/1.5.8/json-schema-validator-1.5.8.jar:/home/runner/.m2/repository/com/ethlo/time/itu/1.10.3/itu-1.10.3.jar:/home/runner/.m2/repository/io/quarkus/quarkus-smallrye-jwt-build/3.20.2/quarkus-smallrye-jwt-build-3.20.2.jar:/home/runner/.m2/repository/io/smallrye/smallrye-jwt-build/4.6.2/smallrye-jwt-build-4.6.2.jar:/home/runner/.m2/repository/org/eclipse/microprofile/jwt/microprofile-jwt-auth-api/2.1/microprofile-jwt-auth-api-2.1.jar:/home/runner/.m2/repository/org/bitbucket/b_c/jose4j/0.9.6/jose4j-0.9.6.jar:/home/runner/.m2/repository/io/smallrye/smallrye-jwt-common/4.6.2/smallrye-jwt-common-4.6.2.jar:/home/runner/.m2/repository/io/quarkus/quarkus-jsonp/3.20.2/quarkus-jsonp-3.20.2.jar:/home/runner/.m2/repository/io/quarkus/quarkus-arc/3.20.2/quarkus-arc-3.20.2.jar:/home/runner/.m2/repository/io/quarkus/arc/arc/3.20.2/arc-3.20.2.jar:/home/runner/.m2/repository/jakarta/transaction/jakarta.transaction-api/2.0.1/jakarta.transaction-api-2.0.1.jar:/home/runner/.m2/repository/io/smallrye/reactive/mutiny/2.9.2/mutiny-2.9.2.jar:/home/runner/.m2/repository/org/jctools/jctools-core/4.0.5/jctools-core-4.0.5.jar:/home/runner/.m2/repository/org/eclipse/microprofile/context-propagation/microprofile-context-propagation-api/1.3/microprofile-context-propagation-api-1.3.jar:/home/runner/.m2/repository/io/apicurio/apicurio-common-rest-client-common/0.1.18.Final/apicurio-common-rest-client-common-0.1.18.Final.jar:/home/runner/work/apicurio-testing/apicurio-testing/clusters/ci419/namespaces/pg17/tests/integration/apicurio-registry/utils/maven-plugin/target/apicurio-registry-maven-plugin-3.0.12-SNAPSHOT.jar:/home/runner/.m2/repository/com/fasterxml/jackson/core/jackson-databind/2.18.2/jackson-databind-2.18.2.jar:/home/runner/.m2/repository/org/apache/avro/avro/1.12.0/avro-1.12.0.jar:/home/runner/.m2/repository/com/google/protobuf/protobuf-java/4.31.1/protobuf-java-4.31.1.jar:/home/runner/.m2/repository/com/google/protobuf/protobuf-java-util/4.31.1/protobuf-java-util-4.31.1.jar:/home/runner/.m2/repository/com/google/code/findbugs/jsr305/3.0.2/jsr305-3.0.2.jar:/home/runner/.m2/repository/com/google/code/gson/gson/2.12.1/gson-2.12.1.jar:/home/runner/.m2/repository/com/google/errorprone/error_prone_annotations/2.36.0/error_prone_annotations-2.36.0.jar:/home/runner/.m2/repository/com/google/j2objc/j2objc-annotations/2.8/j2objc-annotations-2.8.jar:/home/runner/work/apicurio-testing/apicurio-testing/clusters/ci419/namespaces/pg17/tests/integration/apicurio-registry/schema-util/util-provider/target/apicurio-registry-schema-util-provider-3.0.12-SNAPSHOT.jar:/home/runner/work/apicurio-testing/apicurio-testing/clusters/ci419/namespaces/pg17/tests/integration/apicurio-registry/schema-util/common/target/apicurio-registry-schema-util-common-3.0.12-SNAPSHOT.jar:/home/runner/.m2/repository/com/fasterxml/jackson/module/jackson-module-parameter-names/2.18.2/jackson-module-parameter-names-2.18.2.jar:/home/runner/.m2/repository/com/fasterxml/jackson/datatype/jackson-datatype-json-org/2.18.2/jackson-datatype-json-org-2.18.2.jar:/home/runner/work/apicurio-testing/apicurio-testing/clusters/ci419/namespaces/pg17/tests/integration/apicurio-registry/schema-util/json/target/apicurio-registry-schema-util-json-3.0.12-SNAPSHOT.jar:/home/runner/.m2/repository/com/github/erosb/everit-json-schema/1.14.5/everit-json-schema-1.14.5.jar:/home/runner/.m2/repository/commons-validator/commons-validator/1.9.0/commons-validator-1.9.0.jar:/home/runner/.m2/repository/commons-digester/commons-digester/2.1/commons-digester-2.1.jar:/home/runner/.m2/repository/commons-collections/commons-collections/3.2.2/commons-collections-3.2.2.jar:/home/runner/.m2/repository/com/damnhandy/handy-uri-templates/2.1.8/handy-uri-templates-2.1.8.jar:/home/runner/.m2/repository/joda-time/joda-time/2.10.2/joda-time-2.10.2.jar:/home/runner/.m2/repository/com/github/erosb/json-sKema/0.20.0/json-sKema-0.20.0.jar:/home/runner/.m2/repository/io/vertx/vertx-json-schema/4.5.16/vertx-json-schema-4.5.16.jar:/home/runner/work/apicurio-testing/apicurio-testing/clusters/ci419/namespaces/pg17/tests/integration/apicurio-registry/schema-util/protobuf/target/apicurio-registry-schema-util-protobuf-3.0.12-SNAPSHOT.jar:/home/runner/work/apicurio-testing/apicurio-testing/clusters/ci419/namespaces/pg17/tests/integration/apicurio-registry/utils/protobuf-schema-utilities/target/apicurio-registry-protobuf-schema-utilities-3.0.12-SNAPSHOT.jar:/home/runner/.m2/repository/com/google/api/grpc/proto-google-common-protos/2.52.0/proto-google-common-protos-2.52.0.jar:/home/runner/.m2/repository/com/squareup/wire/wire-schema-jvm/5.3.3/wire-schema-jvm-5.3.3.jar:/home/runner/.m2/repository/com/palantir/javapoet/javapoet/0.6.0/javapoet-0.6.0.jar:/home/runner/.m2/repository/com/squareup/kotlinpoet-jvm/2.0.0/kotlinpoet-jvm-2.0.0.jar:/home/runner/.m2/repository/org/jetbrains/kotlin/kotlin-reflect/2.0.21/kotlin-reflect-2.0.21.jar:/home/runner/.m2/repository/com/squareup/wire/wire-runtime-jvm/5.3.3/wire-runtime-jvm-5.3.3.jar:/home/runner/.m2/repository/com/ibm/icu/icu4j/76.1/icu4j-76.1.jar:/home/runner/.m2/repository/com/squareup/okio/okio-fakefilesystem/3.10.2/okio-fakefilesystem-3.10.2.jar:/home/runner/.m2/repository/com/squareup/okio/okio-fakefilesystem-jvm/3.10.2/okio-fakefilesystem-jvm-3.10.2.jar:/home/runner/.m2/repository/org/jetbrains/kotlinx/kotlinx-datetime-jvm/0.6.1/kotlinx-datetime-jvm-0.6.1.jar:/home/runner/work/apicurio-testing/apicurio-testing/clusters/ci419/namespaces/pg17/tests/integration/apicurio-registry/schema-util/asyncapi/target/apicurio-registry-schema-util-asyncapi-3.0.12-SNAPSHOT.jar:/home/runner/work/apicurio-testing/apicurio-testing/clusters/ci419/namespaces/pg17/tests/integration/apicurio-registry/schema-util/avro/target/apicurio-registry-schema-util-avro-3.0.12-SNAPSHOT.jar:/home/runner/work/apicurio-testing/apicurio-testing/clusters/ci419/namespaces/pg17/tests/integration/apicurio-registry/schema-util/graphql/target/apicurio-registry-schema-util-graphql-3.0.12-SNAPSHOT.jar:/home/runner/.m2/repository/com/graphql-java/graphql-java/22.4/graphql-java-22.4.jar:/home/runner/.m2/repository/com/graphql-java/java-dataloader/3.3.0/java-dataloader-3.3.0.jar:/home/runner/work/apicurio-testing/apicurio-testing/clusters/ci419/namespaces/pg17/tests/integration/apicurio-registry/schema-util/kconnect/target/apicurio-registry-schema-util-kconnect-3.0.12-SNAPSHOT.jar:/home/runner/work/apicurio-testing/apicurio-testing/clusters/ci419/namespaces/pg17/tests/integration/apicurio-registry/schema-util/openapi/target/apicurio-registry-schema-util-openapi-3.0.12-SNAPSHOT.jar:/home/runner/.m2/repository/io/apicurio/apicurio-data-models/2.2.2/apicurio-data-models-2.2.2.jar:/home/runner/.m2/repository/org/openapitools/openapidiff/openapi-diff-core/2.1.2/openapi-diff-core-2.1.2.jar:/home/runner/.m2/repository/io/swagger/parser/v3/swagger-parser/2.1.28/swagger-parser-2.1.28.jar:/home/runner/.m2/repository/io/swagger/parser/v3/swagger-parser-v2-converter/2.1.28/swagger-parser-v2-converter-2.1.28.jar:/home/runner/.m2/repository/io/swagger/swagger-core/1.6.16/swagger-core-1.6.16.jar:/home/runner/.m2/repository/io/swagger/swagger-models/1.6.16/swagger-models-1.6.16.jar:/home/runner/.m2/repository/io/swagger/swagger-annotations/1.6.16/swagger-annotations-1.6.16.jar:/home/runner/.m2/repository/io/swagger/swagger-parser/1.0.75/swagger-parser-1.0.75.jar:/home/runner/.m2/repository/io/swagger/swagger-parser-safe-url-resolver/1.0.75/swagger-parser-safe-url-resolver-1.0.75.jar:/home/runner/.m2/repository/io/swagger/swagger-compat-spec-parser/1.0.75/swagger-compat-spec-parser-1.0.75.jar:/home/runner/.m2/repository/com/github/java-json-tools/json-schema-validator/2.2.14/json-schema-validator-2.2.14.jar:/home/runner/.m2/repository/com/github/java-json-tools/jackson-coreutils-equivalence/1.0/jackson-coreutils-equivalence-1.0.jar:/home/runner/.m2/repository/com/github/java-json-tools/json-schema-core/1.2.14/json-schema-core-1.2.14.jar:/home/runner/.m2/repository/com/github/java-json-tools/uri-template/0.10/uri-template-0.10.jar:/home/runner/.m2/repository/com/googlecode/libphonenumber/libphonenumber/8.11.1/libphonenumber-8.11.1.jar:/home/runner/.m2/repository/com/j2html/j2html/1.6.0/j2html-1.6.0.jar:/home/runner/.m2/repository/org/apache/commons/commons-collections4/4.5.0/commons-collections4-4.5.0.jar:/home/runner/.m2/repository/org/slf4j/jcl-over-slf4j/2.0.17/jcl-over-slf4j-2.0.17.jar:/home/runner/.m2/repository/io/swagger/parser/v3/swagger-parser-v3/2.1.31/swagger-parser-v3-2.1.31.jar:/home/runner/.m2/repository/io/swagger/core/v3/swagger-models/2.2.34/swagger-models-2.2.34.jar:/home/runner/.m2/repository/io/swagger/core/v3/swagger-core/2.2.34/swagger-core-2.2.34.jar:/home/runner/.m2/repository/io/swagger/parser/v3/swagger-parser-core/2.1.31/swagger-parser-core-2.1.31.jar:/home/runner/.m2/repository/io/swagger/parser/v3/swagger-parser-safe-url-resolver/2.1.31/swagger-parser-safe-url-resolver-2.1.31.jar:/home/runner/work/apicurio-testing/apicurio-testing/clusters/ci419/namespaces/pg17/tests/integration/apicurio-registry/schema-util/wsdl/target/apicurio-registry-schema-util-wsdl-3.0.12-SNAPSHOT.jar:/home/runner/.m2/repository/wsdl4j/wsdl4j/1.6.3/wsdl4j-1.6.3.jar:/home/runner/work/apicurio-testing/apicurio-testing/clusters/ci419/namespaces/pg17/tests/integration/apicurio-registry/schema-util/xml/target/apicurio-registry-schema-util-xml-3.0.12-SNAPSHOT.jar:/home/runner/.m2/repository/org/apache/santuario/xmlsec/4.0.4/xmlsec-4.0.4.jar:/home/runner/.m2/repository/com/fasterxml/woodstox/woodstox-core/7.1.1/woodstox-core-7.1.1.jar:/home/runner/.m2/repository/org/codehaus/woodstox/stax2-api/4.2.2/stax2-api-4.2.2.jar:/home/runner/work/apicurio-testing/apicurio-testing/clusters/ci419/namespaces/pg17/tests/integration/apicurio-registry/schema-util/xsd/target/apicurio-registry-schema-util-xsd-3.0.12-SNAPSHOT.jar:/home/runner/work/apicurio-testing/apicurio-testing/clusters/ci419/namespaces/pg17/tests/integration/apicurio-registry/serdes/kafka/jsonschema-serde/target/apicurio-registry-jsonschema-serde-kafka-3.0.12-SNAPSHOT.jar:/home/runner/work/apicurio-testing/apicurio-testing/clusters/ci419/namespaces/pg17/tests/integration/apicurio-registry/serdes/kafka/serde-kafka-common/target/apicurio-registry-serde-kafka-common-3.0.12-SNAPSHOT.jar:/home/runner/work/apicurio-testing/apicurio-testing/clusters/ci419/namespaces/pg17/tests/integration/apicurio-registry/serdes/generic/serde-common/target/apicurio-registry-serde-common-3.0.12-SNAPSHOT.jar:/home/runner/work/apicurio-testing/apicurio-testing/clusters/ci419/namespaces/pg17/tests/integration/apicurio-registry/serdes/generic/serde-common-jsonschema/target/apicurio-registry-serde-common-jsonschema-3.0.12-SNAPSHOT.jar:/home/runner/.m2/repository/org/json/json/20250107/json-20250107.jar:/home/runner/work/apicurio-testing/apicurio-testing/clusters/ci419/namespaces/pg17/tests/integration/apicurio-registry/serdes/kafka/avro-serde/target/apicurio-registry-avro-serde-kafka-3.0.12-SNAPSHOT.jar:/home/runner/work/apicurio-testing/apicurio-testing/clusters/ci419/namespaces/pg17/tests/integration/apicurio-registry/serdes/generic/serde-common-avro/target/apicurio-registry-serde-common-avro-3.0.12-SNAPSHOT.jar:/home/runner/work/apicurio-testing/apicurio-testing/clusters/ci419/namespaces/pg17/tests/integration/apicurio-registry/serdes/kafka/protobuf-serde/target/apicurio-registry-protobuf-serde-kafka-3.0.12-SNAPSHOT.jar:/home/runner/work/apicurio-testing/apicurio-testing/clusters/ci419/namespaces/pg17/tests/integration/apicurio-registry/serdes/generic/serde-common-protobuf/target/apicurio-registry-serde-common-protobuf-3.0.12-SNAPSHOT.jar:/home/runner/.m2/repository/com/squareup/wire/wire-schema/5.3.3/wire-schema-5.3.3.jar:/home/runner/.m2/repository/com/squareup/wire/wire-runtime/5.3.3/wire-runtime-5.3.3.jar:/home/runner/work/apicurio-testing/apicurio-testing/clusters/ci419/namespaces/pg17/tests/integration/apicurio-registry/serdes/pulsar/avro-serde/target/apicurio-registry-avro-serde-pulsar-3.0.12-SNAPSHOT.jar:/home/runner/.m2/repository/org/apache/pulsar/pulsar-functions-api/3.3.8/pulsar-functions-api-3.3.8.jar:/home/runner/work/apicurio-testing/apicurio-testing/clusters/ci419/namespaces/pg17/tests/integration/apicurio-registry/serdes/nats/avro-serde/target/apicurio-registry-avro-serde-nats-3.0.12-SNAPSHOT.jar:/home/runner/.m2/repository/io/nats/jnats/2.21.4/jnats-2.21.4.jar:/home/runner/.m2/repository/org/bouncycastle/bcprov-lts8on/2.73.7/bcprov-lts8on-2.73.7.jar:/home/runner/.m2/repository/org/jetbrains/annotations/26.0.2/annotations-26.0.2.jar:/home/runner/work/apicurio-testing/apicurio-testing/clusters/ci419/namespaces/pg17/tests/integration/apicurio-registry/utils/converter/target/apicurio-registry-utils-converter-3.0.12-SNAPSHOT.jar:/home/runner/work/apicurio-testing/apicurio-testing/clusters/ci419/namespaces/pg17/tests/integration/apicurio-registry/schema-resolver/target/apicurio-registry-schema-resolver-3.0.12-SNAPSHOT.jar:/home/runner/.m2/repository/org/apache/kafka/connect-api/3.9.1/connect-api-3.9.1.jar:/home/runner/.m2/repository/javax/ws/rs/javax.ws.rs-api/2.1.1/javax.ws.rs-api-2.1.1.jar:/home/runner/.m2/repository/org/apache/kafka/connect-json/3.9.1/connect-json-3.9.1.jar:/home/runner/.m2/repository/com/fasterxml/jackson/datatype/jackson-datatype-jdk8/2.18.2/jackson-datatype-jdk8-2.18.2.jar:/home/runner/.m2/repository/com/fasterxml/jackson/module/jackson-module-afterburner/2.18.2/jackson-module-afterburner-2.18.2.jar:/home/runner/work/apicurio-testing/apicurio-testing/clusters/ci419/namespaces/pg17/tests/integration/apicurio-registry/utils/kafka/target/apicurio-registry-utils-kafka-3.0.12-SNAPSHOT.jar:/home/runner/.m2/repository/org/apache/pulsar/pulsar-client/3.3.8/pulsar-client-3.3.8.jar:/home/runner/.m2/repository/org/apache/pulsar/pulsar-client-api/3.3.8/pulsar-client-api-3.3.8.jar:/home/runner/.m2/repository/org/apache/pulsar/pulsar-client-admin-api/3.3.8/pulsar-client-admin-api-3.3.8.jar:/home/runner/.m2/repository/org/apache/pulsar/bouncy-castle-bc/3.3.8/bouncy-castle-bc-3.3.8-pkg.jar:/home/runner/.m2/repository/org/bouncycastle/bcpkix-jdk18on/1.81/bcpkix-jdk18on-1.81.jar:/home/runner/.m2/repository/org/bouncycastle/bcutil-jdk18on/1.81/bcutil-jdk18on-1.81.jar:/home/runner/.m2/repository/org/bouncycastle/bcprov-jdk18on/1.81/bcprov-jdk18on-1.81.jar:/home/runner/.m2/repository/io/opentelemetry/opentelemetry-api/1.44.1/opentelemetry-api-1.44.1.jar:/home/runner/.m2/repository/io/opentelemetry/opentelemetry-context/1.44.1/opentelemetry-context-1.44.1.jar:/home/runner/.m2/repository/io/opentelemetry/opentelemetry-api-incubator/1.44.1-alpha/opentelemetry-api-incubator-1.44.1-alpha.jar:/home/runner/.m2/repository/com/fasterxml/jackson/core/jackson-annotations/2.18.2/jackson-annotations-2.18.2.jar:/home/runner/.m2/repository/javax/validation/validation-api/1.1.0.Final/validation-api-1.1.0.Final.jar:/home/runner/.m2/repository/org/jspecify/jspecify/1.0.0/jspecify-1.0.0.jar:/home/runner/.m2/repository/org/apache/commons/commons-configuration2/2.12.0/commons-configuration2-2.12.0.jar:/home/runner/.m2/repository/commons-logging/commons-logging/1.3.5/commons-logging-1.3.5.jar:/home/runner/.m2/repository/org/apache/commons/commons-text/1.13.0/commons-text-1.13.0.jar:/home/runner/.m2/repository/io/confluent/kafka-avro-serializer/8.0.0/kafka-avro-serializer-8.0.0.jar:/home/runner/.m2/repository/org/apache/commons/commons-compress/1.27.1/commons-compress-1.27.1.jar:/home/runner/.m2/repository/io/confluent/kafka-schema-serializer/8.0.0/kafka-schema-serializer-8.0.0.jar:/home/runner/.m2/repository/com/fasterxml/jackson/dataformat/jackson-dataformat-csv/2.18.2/jackson-dataformat-csv-2.18.2.jar:/home/runner/.m2/repository/io/confluent/kafka-schema-registry-client/8.0.0/kafka-schema-registry-client-8.0.0.jar:/home/runner/.m2/repository/org/yaml/snakeyaml/2.3/snakeyaml-2.3.jar:/home/runner/.m2/repository/io/swagger/core/v3/swagger-annotations/2.2.29/swagger-annotations-2.2.29.jar:/home/runner/.m2/repository/com/google/guava/guava/33.4.0-jre/guava-33.4.0-jre.jar:/home/runner/.m2/repository/com/google/guava/failureaccess/1.0.1/failureaccess-1.0.1.jar:/home/runner/.m2/repository/org/checkerframework/checker-qual/3.49.0/checker-qual-3.49.0.jar:/home/runner/.m2/repository/io/confluent/logredactor/1.0.13/logredactor-1.0.13.jar:/home/runner/.m2/repository/com/google/re2j/re2j/1.6/re2j-1.6.jar:/home/runner/.m2/repository/io/confluent/logredactor-metrics/1.0.13/logredactor-metrics-1.0.13.jar:/home/runner/.m2/repository/com/eclipsesource/minimal-json/minimal-json/0.9.5/minimal-json-0.9.5.jar:/home/runner/.m2/repository/io/confluent/common-utils/8.0.0/common-utils-8.0.0.jar:/home/runner/.m2/repository/io/confluent/kafka-connect-avro-converter/8.0.0/kafka-connect-avro-converter-8.0.0.jar:/home/runner/.m2/repository/io/confluent/kafka-connect-avro-data/8.0.0/kafka-connect-avro-data-8.0.0.jar:/home/runner/.m2/repository/io/confluent/kafka-schema-converter/8.0.0/kafka-schema-converter-8.0.0.jar:/home/runner/.m2/repository/io/rest-assured/rest-assured/5.5.1/rest-assured-5.5.1.jar:/home/runner/.m2/repository/org/apache/groovy/groovy/4.0.22/groovy-4.0.22.jar:/home/runner/.m2/repository/org/apache/groovy/groovy-xml/4.0.22/groovy-xml-4.0.22.jar:/home/runner/.m2/repository/org/apache/httpcomponents/httpclient/4.5.14/httpclient-4.5.14.jar:/home/runner/.m2/repository/org/apache/httpcomponents/httpcore/4.4.16/httpcore-4.4.16.jar:/home/runner/.m2/repository/org/apache/httpcomponents/httpmime/4.5.14/httpmime-4.5.14.jar:/home/runner/.m2/repository/org/hamcrest/hamcrest/2.2/hamcrest-2.2.jar:/home/runner/.m2/repository/org/ccil/cowan/tagsoup/tagsoup/1.2.1/tagsoup-1.2.1.jar:/home/runner/.m2/repository/io/rest-assured/json-path/5.5.1/json-path-5.5.1.jar:/home/runner/.m2/repository/org/apache/groovy/groovy-json/4.0.22/groovy-json-4.0.22.jar:/home/runner/.m2/repository/io/rest-assured/rest-assured-common/5.5.1/rest-assured-common-5.5.1.jar:/home/runner/.m2/repository/io/rest-assured/xml-path/5.5.1/xml-path-5.5.1.jar:/home/runner/.m2/repository/io/zonky/test/embedded-postgres/2.1.0/embedded-postgres-2.1.0.jar:/home/runner/.m2/repository/io/zonky/test/postgres/embedded-postgres-binaries-windows-amd64/14.15.0/embedded-postgres-binaries-windows-amd64-14.15.0.jar:/home/runner/.m2/repository/io/zonky/test/postgres/embedded-postgres-binaries-darwin-amd64/14.15.0/embedded-postgres-binaries-darwin-amd64-14.15.0.jar:/home/runner/.m2/repository/io/zonky/test/postgres/embedded-postgres-binaries-linux-amd64/14.15.0/embedded-postgres-binaries-linux-amd64-14.15.0.jar:/home/runner/.m2/repository/io/zonky/test/postgres/embedded-postgres-binaries-linux-amd64-alpine/14.15.0/embedded-postgres-binaries-linux-amd64-alpine-14.15.0.jar:/home/runner/.m2/repository/org/apache/commons/commons-lang3/3.17.0/commons-lang3-3.17.0.jar:/home/runner/.m2/repository/org/tukaani/xz/1.10/xz-1.10.jar:/home/runner/.m2/repository/commons-codec/commons-codec/1.19.0/commons-codec-1.19.0.jar:/home/runner/.m2/repository/org/postgresql/postgresql/42.7.7/postgresql-42.7.7.jar:/home/runner/.m2/repository/commons-io/commons-io/2.18.0/commons-io-2.18.0.jar:/home/runner/work/apicurio-testing/apicurio-testing/clusters/ci419/namespaces/pg17/tests/integration/apicurio-registry/utils/importexport/target/apicurio-registry-utils-import-export-3.0.12-SNAPSHOT.jar:/home/runner/.m2/repository/io/vertx/vertx-core/4.5.16/vertx-core-4.5.16.jar:/home/runner/.m2/repository/io/netty/netty-common/4.1.121.Final/netty-common-4.1.121.Final.jar:/home/runner/.m2/repository/io/netty/netty-buffer/4.1.121.Final/netty-buffer-4.1.121.Final.jar:/home/runner/.m2/repository/io/netty/netty-transport/4.1.121.Final/netty-transport-4.1.121.Final.jar:/home/runner/.m2/repository/io/netty/netty-handler/4.1.121.Final/netty-handler-4.1.121.Final.jar:/home/runner/.m2/repository/io/netty/netty-transport-native-unix-common/4.1.121.Final/netty-transport-native-unix-common-4.1.121.Final.jar:/home/runner/.m2/repository/io/netty/netty-codec/4.1.121.Final/netty-codec-4.1.121.Final.jar:/home/runner/.m2/repository/io/netty/netty-handler-proxy/4.1.121.Final/netty-handler-proxy-4.1.121.Final.jar:/home/runner/.m2/repository/io/netty/netty-codec-socks/4.1.121.Final/netty-codec-socks-4.1.121.Final.jar:/home/runner/.m2/repository/io/netty/netty-codec-http/4.1.121.Final/netty-codec-http-4.1.121.Final.jar:/home/runner/.m2/repository/io/netty/netty-codec-http2/4.1.121.Final/netty-codec-http2-4.1.121.Final.jar:/home/runner/.m2/repository/io/netty/netty-resolver/4.1.121.Final/netty-resolver-4.1.121.Final.jar:/home/runner/.m2/repository/io/netty/netty-resolver-dns/4.1.121.Final/netty-resolver-dns-4.1.121.Final.jar:/home/runner/.m2/repository/io/netty/netty-codec-dns/4.1.121.Final/netty-codec-dns-4.1.121.Final.jar:/home/runner/.m2/repository/com/fasterxml/jackson/core/jackson-core/2.18.2/jackson-core-2.18.2.jar:"/>
    <property name="java.vm.vendor" value="Eclipse Adoptium"/>
    <property name="maven.javadoc.skip" value="true"/>
    <property name="sun.arch.data.model" value="64"/>
    <property name="java.vendor.url" value="https://adoptium.net/"/>
    <property name="user.timezone" value="Etc/UTC"/>
    <property name="os.name" value="Linux"/>
    <property name="java.vm.specification.version" value="17"/>
    <property name="sun.java.launcher" value="SUN_STANDARD"/>
    <property name="quarkus.http.test-port" value="80"/>
    <property name="sun.boot.library.path" value="/usr/lib/jvm/temurin-17-jdk-amd64/lib"/>
    <property name="sun.java.command" value="/home/runner/work/apicurio-testing/apicurio-testing/clusters/ci419/namespaces/pg17/tests/integration/apicurio-registry/integration-tests/target/surefire/surefirebooter-20250807202712093_3.jar /home/runner/work/apicurio-testing/apicurio-testing/clusters/ci419/namespaces/pg17/tests/integration/apicurio-registry/integration-tests/target/surefire 2025-08-07T20-27-12_006-jvmRun1 surefire-20250807202712093_1tmp surefire_0-20250807202712093_2tmp"/>
    <property name="maven.home" value="/home/runner/.m2/wrapper/dists/apache-maven-3.9.8-bin/4fnp1ql35bgk2a0p7m31ovbgb0/apache-maven-3.9.8"/>
    <property name="jdk.debug" value="release"/>
    <property name="surefire.test.class.path" value="/home/runner/work/apicurio-testing/apicurio-testing/clusters/ci419/namespaces/pg17/tests/integration/apicurio-registry/integration-tests/target/test-classes:/home/runner/work/apicurio-testing/apicurio-testing/clusters/ci419/namespaces/pg17/tests/integration/apicurio-registry/integration-tests/target/apicurio-registry-integration-tests-3.0.12-SNAPSHOT.jar:/home/runner/.m2/repository/io/quarkus/quarkus-junit5/3.20.2/quarkus-junit5-3.20.2.jar:/home/runner/.m2/repository/io/quarkus/quarkus-bootstrap-core/3.20.2/quarkus-bootstrap-core-3.20.2.jar:/home/runner/.m2/repository/io/quarkus/quarkus-classloader-commons/3.20.2/quarkus-classloader-commons-3.20.2.jar:/home/runner/.m2/repository/io/quarkus/quarkus-bootstrap-app-model/3.20.2/quarkus-bootstrap-app-model-3.20.2.jar:/home/runner/.m2/repository/io/smallrye/common/smallrye-common-io/2.12.0/smallrye-common-io-2.12.0.jar:/home/runner/.m2/repository/org/eclipse/sisu/org.eclipse.sisu.inject/0.9.0.M3/org.eclipse.sisu.inject-0.9.0.M3.jar:/home/runner/.m2/repository/io/quarkus/quarkus-test-common/3.20.2/quarkus-test-common-3.20.2.jar:/home/runner/.m2/repository/io/quarkus/quarkus-core-deployment/3.20.2/quarkus-core-deployment-3.20.2.jar:/home/runner/.m2/repository/org/aesh/readline/2.6/readline-2.6.jar:/home/runner/.m2/repository/org/fusesource/jansi/jansi/2.4.0/jansi-2.4.0.jar:/home/runner/.m2/repository/org/aesh/aesh/2.8.2/aesh-2.8.2.jar:/home/runner/.m2/repository/io/quarkus/gizmo/gizmo/1.8.0/gizmo-1.8.0.jar:/home/runner/.m2/repository/org/ow2/asm/asm-util/9.7.1/asm-util-9.7.1.jar:/home/runner/.m2/repository/org/ow2/asm/asm-analysis/9.7.1/asm-analysis-9.7.1.jar:/home/runner/.m2/repository/org/ow2/asm/asm-commons/9.7.1/asm-commons-9.7.1.jar:/home/runner/.m2/repository/org/ow2/asm/asm-tree/9.7.1/asm-tree-9.7.1.jar:/home/runner/.m2/repository/io/quarkus/quarkus-hibernate-validator-spi/3.20.2/quarkus-hibernate-validator-spi-3.20.2.jar:/home/runner/.m2/repository/io/quarkus/quarkus-class-change-agent/3.20.2/quarkus-class-change-agent-3.20.2.jar:/home/runner/.m2/repository/io/quarkus/quarkus-devtools-utilities/3.20.2/quarkus-devtools-utilities-3.20.2.jar:/home/runner/.m2/repository/io/quarkus/quarkus-builder/3.20.2/quarkus-builder-3.20.2.jar:/home/runner/.m2/repository/org/graalvm/sdk/nativeimage/23.1.2/nativeimage-23.1.2.jar:/home/runner/.m2/repository/org/graalvm/sdk/word/23.1.2/word-23.1.2.jar:/home/runner/.m2/repository/io/quarkus/quarkus-bootstrap-maven-resolver/3.20.2/quarkus-bootstrap-maven-resolver-3.20.2.jar:/home/runner/.m2/repository/io/smallrye/beanbag/smallrye-beanbag-maven/1.5.2/smallrye-beanbag-maven-1.5.2.jar:/home/runner/.m2/repository/io/smallrye/beanbag/smallrye-beanbag-sisu/1.5.2/smallrye-beanbag-sisu-1.5.2.jar:/home/runner/.m2/repository/io/smallrye/beanbag/smallrye-beanbag/1.5.2/smallrye-beanbag-1.5.2.jar:/home/runner/.m2/repository/javax/inject/javax.inject/1/javax.inject-1.jar:/home/runner/.m2/repository/org/apache/maven/maven-artifact/3.9.9/maven-artifact-3.9.9.jar:/home/runner/.m2/repository/org/apache/maven/maven-builder-support/3.9.9/maven-builder-support-3.9.9.jar:/home/runner/.m2/repository/org/apache/maven/maven-model/3.9.9/maven-model-3.9.9.jar:/home/runner/.m2/repository/org/apache/maven/maven-model-builder/3.9.9/maven-model-builder-3.9.9.jar:/home/runner/.m2/repository/org/apache/maven/maven-repository-metadata/3.9.9/maven-repository-metadata-3.9.9.jar:/home/runner/.m2/repository/org/apache/maven/maven-settings/3.9.9/maven-settings-3.9.9.jar:/home/runner/.m2/repository/org/apache/maven/resolver/maven-resolver-api/1.9.22/maven-resolver-api-1.9.22.jar:/home/runner/.m2/repository/org/apache/maven/resolver/maven-resolver-impl/1.9.22/maven-resolver-impl-1.9.22.jar:/home/runner/.m2/repository/org/apache/maven/resolver/maven-resolver-named-locks/1.9.22/maven-resolver-named-locks-1.9.22.jar:/home/runner/.m2/repository/org/apache/maven/resolver/maven-resolver-spi/1.9.22/maven-resolver-spi-1.9.22.jar:/home/runner/.m2/repository/org/apache/maven/resolver/maven-resolver-util/1.9.22/maven-resolver-util-1.9.22.jar:/home/runner/.m2/repository/org/apache/maven/resolver/maven-resolver-transport-http/1.9.20/maven-resolver-transport-http-1.9.20.jar:/home/runner/.m2/repository/org/apache/maven/wagon/wagon-provider-api/3.5.3/wagon-provider-api-3.5.3.jar:/home/runner/.m2/repository/org/apache/maven/wagon/wagon-http-shared/3.5.3/wagon-http-shared-3.5.3.jar:/home/runner/.m2/repository/org/codehaus/plexus/plexus-interpolation/1.26/plexus-interpolation-1.26.jar:/home/runner/.m2/repository/org/codehaus/plexus/plexus-utils/3.5.1/plexus-utils-3.5.1.jar:/home/runner/.m2/repository/org/codehaus/plexus/plexus-xml/4.0.1/plexus-xml-4.0.1.jar:/home/runner/.m2/repository/org/apache/maven/maven-xml-impl/4.0.0-alpha-5/maven-xml-impl-4.0.0-alpha-5.jar:/home/runner/.m2/repository/org/apache/maven/maven-api-xml/4.0.0-alpha-5/maven-api-xml-4.0.0-alpha-5.jar:/home/runner/.m2/repository/org/apache/maven/maven-api-meta/4.0.0-alpha-5/maven-api-meta-4.0.0-alpha-5.jar:/home/runner/.m2/repository/org/codehaus/plexus/plexus-cipher/2.0/plexus-cipher-2.0.jar:/home/runner/.m2/repository/org/codehaus/plexus/plexus-sec-dispatcher/2.0/plexus-sec-dispatcher-2.0.jar:/home/runner/.m2/repository/org/apache/maven/maven-embedder/3.9.9/maven-embedder-3.9.9.jar:/home/runner/.m2/repository/org/apache/maven/maven-core/3.9.9/maven-core-3.9.9.jar:/home/runner/.m2/repository/org/codehaus/plexus/plexus-component-annotations/2.1.0/plexus-component-annotations-2.1.0.jar:/home/runner/.m2/repository/org/apache/maven/maven-plugin-api/3.9.9/maven-plugin-api-3.9.9.jar:/home/runner/.m2/repository/org/apache/maven/shared/maven-shared-utils/3.4.2/maven-shared-utils-3.4.2.jar:/home/runner/.m2/repository/com/google/inject/guice/5.1.0/guice-5.1.0.jar:/home/runner/.m2/repository/aopalliance/aopalliance/1.0/aopalliance-1.0.jar:/home/runner/.m2/repository/org/codehaus/plexus/plexus-classworlds/2.6.0/plexus-classworlds-2.6.0.jar:/home/runner/.m2/repository/commons-cli/commons-cli/1.8.0/commons-cli-1.8.0.jar:/home/runner/.m2/repository/org/eclipse/sisu/org.eclipse.sisu.plexus/0.9.0.M3/org.eclipse.sisu.plexus-0.9.0.M3.jar:/home/runner/.m2/repository/org/apache/maven/maven-settings-builder/3.9.9/maven-settings-builder-3.9.9.jar:/home/runner/.m2/repository/org/apache/maven/maven-resolver-provider/3.9.9/maven-resolver-provider-3.9.9.jar:/home/runner/.m2/repository/org/apache/maven/resolver/maven-resolver-connector-basic/1.9.22/maven-resolver-connector-basic-1.9.22.jar:/home/runner/.m2/repository/org/apache/maven/resolver/maven-resolver-transport-wagon/1.9.22/maven-resolver-transport-wagon-1.9.22.jar:/home/runner/.m2/repository/org/apache/maven/wagon/wagon-http/3.5.3/wagon-http-3.5.3.jar:/home/runner/.m2/repository/org/apache/maven/wagon/wagon-file/3.5.3/wagon-file-3.5.3.jar:/home/runner/.m2/repository/io/quarkus/quarkus-bootstrap-gradle-resolver/3.20.2/quarkus-bootstrap-gradle-resolver-3.20.2.jar:/home/runner/.m2/repository/io/smallrye/jandex/3.3.0/jandex-3.3.0.jar:/home/runner/.m2/repository/org/jboss/logging/commons-logging-jboss-logging/1.0.0.Final/commons-logging-jboss-logging-1.0.0.Final.jar:/home/runner/.m2/repository/io/quarkus/quarkus-junit5-config/3.20.2/quarkus-junit5-config-3.20.2.jar:/home/runner/.m2/repository/org/junit/jupiter/junit-jupiter-api/5.12.1/junit-jupiter-api-5.12.1.jar:/home/runner/.m2/repository/io/smallrye/config/smallrye-config/3.11.4/smallrye-config-3.11.4.jar:/home/runner/.m2/repository/io/smallrye/config/smallrye-config-core/3.11.4/smallrye-config-core-3.11.4.jar:/home/runner/.m2/repository/io/smallrye/common/smallrye-common-classloader/2.12.0/smallrye-common-classloader-2.12.0.jar:/home/runner/.m2/repository/io/smallrye/config/smallrye-config-common/3.11.4/smallrye-config-common-3.11.4.jar:/home/runner/.m2/repository/org/junit/jupiter/junit-jupiter/5.12.1/junit-jupiter-5.12.1.jar:/home/runner/.m2/repository/org/junit/jupiter/junit-jupiter-params/5.12.1/junit-jupiter-params-5.12.1.jar:/home/runner/.m2/repository/org/junit/jupiter/junit-jupiter-engine/5.12.1/junit-jupiter-engine-5.12.1.jar:/home/runner/.m2/repository/io/quarkus/quarkus-core/3.20.2/quarkus-core-3.20.2.jar:/home/runner/.m2/repository/jakarta/enterprise/jakarta.enterprise.cdi-api/4.1.0/jakarta.enterprise.cdi-api-4.1.0.jar:/home/runner/.m2/repository/jakarta/enterprise/jakarta.enterprise.lang-model/4.1.0/jakarta.enterprise.lang-model-4.1.0.jar:/home/runner/.m2/repository/jakarta/el/jakarta.el-api/5.0.1/jakarta.el-api-5.0.1.jar:/home/runner/.m2/repository/jakarta/interceptor/jakarta.interceptor-api/2.2.0/jakarta.interceptor-api-2.2.0.jar:/home/runner/.m2/repository/jakarta/inject/jakarta.inject-api/2.0.1/jakarta.inject-api-2.0.1.jar:/home/runner/.m2/repository/io/smallrye/common/smallrye-common-os/2.12.0/smallrye-common-os-2.12.0.jar:/home/runner/.m2/repository/io/quarkus/quarkus-ide-launcher/3.20.2/quarkus-ide-launcher-3.20.2.jar:/home/runner/.m2/repository/io/quarkus/quarkus-development-mode-spi/3.20.2/quarkus-development-mode-spi-3.20.2.jar:/home/runner/.m2/repository/org/jboss/logging/jboss-logging/3.6.1.Final/jboss-logging-3.6.1.Final.jar:/home/runner/.m2/repository/org/jboss/logmanager/jboss-logmanager/3.1.2.Final/jboss-logmanager-3.1.2.Final.jar:/home/runner/.m2/repository/io/smallrye/common/smallrye-common-constraint/2.12.0/smallrye-common-constraint-2.12.0.jar:/home/runner/.m2/repository/io/smallrye/common/smallrye-common-cpu/2.12.0/smallrye-common-cpu-2.12.0.jar:/home/runner/.m2/repository/io/smallrye/common/smallrye-common-expression/2.12.0/smallrye-common-expression-2.12.0.jar:/home/runner/.m2/repository/io/smallrye/common/smallrye-common-net/2.12.0/smallrye-common-net-2.12.0.jar:/home/runner/.m2/repository/io/smallrye/common/smallrye-common-ref/2.12.0/smallrye-common-ref-2.12.0.jar:/home/runner/.m2/repository/jakarta/json/jakarta.json-api/2.1.3/jakarta.json-api-2.1.3.jar:/home/runner/.m2/repository/org/eclipse/parsson/parsson/1.1.7/parsson-1.1.7.jar:/home/runner/.m2/repository/org/jboss/logging/jboss-logging-annotations/3.0.4.Final/jboss-logging-annotations-3.0.4.Final.jar:/home/runner/.m2/repository/org/jboss/threads/jboss-threads/3.8.0.Final/jboss-threads-3.8.0.Final.jar:/home/runner/.m2/repository/io/smallrye/common/smallrye-common-annotation/2.12.0/smallrye-common-annotation-2.12.0.jar:/home/runner/.m2/repository/io/smallrye/common/smallrye-common-function/2.12.0/smallrye-common-function-2.12.0.jar:/home/runner/.m2/repository/org/jboss/slf4j/slf4j-jboss-logmanager/2.0.0.Final/slf4j-jboss-logmanager-2.0.0.Final.jar:/home/runner/.m2/repository/org/wildfly/common/wildfly-common/2.0.1/wildfly-common-2.0.1.jar:/home/runner/.m2/repository/io/quarkus/quarkus-bootstrap-runner/3.20.2/quarkus-bootstrap-runner-3.20.2.jar:/home/runner/.m2/repository/io/github/crac/org-crac/0.1.3/org-crac-0.1.3.jar:/home/runner/.m2/repository/io/quarkus/quarkus-fs-util/0.0.10/quarkus-fs-util-0.0.10.jar:/home/runner/.m2/repository/org/jboss/marshalling/jboss-marshalling/2.2.2.Final/jboss-marshalling-2.2.2.Final.jar:/home/runner/.m2/repository/io/fabric8/kubernetes-client/7.1.0/kubernetes-client-7.1.0.jar:/home/runner/.m2/repository/io/fabric8/kubernetes-client-api/7.1.0/kubernetes-client-api-7.1.0.jar:/home/runner/.m2/repository/io/fabric8/kubernetes-model-core/7.1.0/kubernetes-model-core-7.1.0.jar:/home/runner/.m2/repository/io/fabric8/kubernetes-model-common/7.1.0/kubernetes-model-common-7.1.0.jar:/home/runner/.m2/repository/javax/annotation/javax.annotation-api/1.3.2/javax.annotation-api-1.3.2.jar:/home/runner/.m2/repository/io/fabric8/kubernetes-model-gatewayapi/7.1.0/kubernetes-model-gatewayapi-7.1.0.jar:/home/runner/.m2/repository/io/fabric8/kubernetes-model-resource/7.1.0/kubernetes-model-resource-7.1.0.jar:/home/runner/.m2/repository/io/fabric8/kubernetes-model-rbac/7.1.0/kubernetes-model-rbac-7.1.0.jar:/home/runner/.m2/repository/io/fabric8/kubernetes-model-admissionregistration/7.1.0/kubernetes-model-admissionregistration-7.1.0.jar:/home/runner/.m2/repository/io/fabric8/kubernetes-model-apps/7.1.0/kubernetes-model-apps-7.1.0.jar:/home/runner/.m2/repository/io/fabric8/kubernetes-model-autoscaling/7.1.0/kubernetes-model-autoscaling-7.1.0.jar:/home/runner/.m2/repository/io/fabric8/kubernetes-model-apiextensions/7.1.0/kubernetes-model-apiextensions-7.1.0.jar:/home/runner/.m2/repository/io/fabric8/kubernetes-model-batch/7.1.0/kubernetes-model-batch-7.1.0.jar:/home/runner/.m2/repository/io/fabric8/kubernetes-model-certificates/7.1.0/kubernetes-model-certificates-7.1.0.jar:/home/runner/.m2/repository/io/fabric8/kubernetes-model-coordination/7.1.0/kubernetes-model-coordination-7.1.0.jar:/home/runner/.m2/repository/io/fabric8/kubernetes-model-discovery/7.1.0/kubernetes-model-discovery-7.1.0.jar:/home/runner/.m2/repository/io/fabric8/kubernetes-model-events/7.1.0/kubernetes-model-events-7.1.0.jar:/home/runner/.m2/repository/io/fabric8/kubernetes-model-extensions/7.1.0/kubernetes-model-extensions-7.1.0.jar:/home/runner/.m2/repository/io/fabric8/kubernetes-model-flowcontrol/7.1.0/kubernetes-model-flowcontrol-7.1.0.jar:/home/runner/.m2/repository/io/fabric8/kubernetes-model-networking/7.1.0/kubernetes-model-networking-7.1.0.jar:/home/runner/.m2/repository/io/fabric8/kubernetes-model-metrics/7.1.0/kubernetes-model-metrics-7.1.0.jar:/home/runner/.m2/repository/io/fabric8/kubernetes-model-policy/7.1.0/kubernetes-model-policy-7.1.0.jar:/home/runner/.m2/repository/io/fabric8/kubernetes-model-scheduling/7.1.0/kubernetes-model-scheduling-7.1.0.jar:/home/runner/.m2/repository/io/fabric8/kubernetes-model-storageclass/7.1.0/kubernetes-model-storageclass-7.1.0.jar:/home/runner/.m2/repository/io/fabric8/kubernetes-model-node/7.1.0/kubernetes-model-node-7.1.0.jar:/home/runner/.m2/repository/org/snakeyaml/snakeyaml-engine/2.9/snakeyaml-engine-2.9.jar:/home/runner/.m2/repository/com/fasterxml/jackson/dataformat/jackson-dataformat-yaml/2.18.2/jackson-dataformat-yaml-2.18.2.jar:/home/runner/.m2/repository/com/fasterxml/jackson/datatype/jackson-datatype-jsr310/2.18.2/jackson-datatype-jsr310-2.18.2.jar:/home/runner/.m2/repository/io/fabric8/zjsonpatch/7.1.0/zjsonpatch-7.1.0.jar:/home/runner/.m2/repository/io/fabric8/kubernetes-httpclient-vertx/7.1.0/kubernetes-httpclient-vertx-7.1.0.jar:/home/runner/.m2/repository/io/vertx/vertx-web-client/4.5.16/vertx-web-client-4.5.16.jar:/home/runner/.m2/repository/io/vertx/vertx-web-common/4.5.16/vertx-web-common-4.5.16.jar:/home/runner/.m2/repository/io/vertx/vertx-auth-common/4.5.16/vertx-auth-common-4.5.16.jar:/home/runner/.m2/repository/io/vertx/vertx-uri-template/4.5.16/vertx-uri-template-4.5.16.jar:/home/runner/.m2/repository/io/fabric8/openshift-client/7.1.0/openshift-client-7.1.0.jar:/home/runner/.m2/repository/io/fabric8/openshift-client-api/7.1.0/openshift-client-api-7.1.0.jar:/home/runner/.m2/repository/io/fabric8/openshift-model/7.1.0/openshift-model-7.1.0.jar:/home/runner/.m2/repository/io/fabric8/openshift-model-autoscaling/7.1.0/openshift-model-autoscaling-7.1.0.jar:/home/runner/.m2/repository/io/fabric8/openshift-model-operator/7.1.0/openshift-model-operator-7.1.0.jar:/home/runner/.m2/repository/io/fabric8/openshift-model-operatorhub/7.1.0/openshift-model-operatorhub-7.1.0.jar:/home/runner/.m2/repository/io/fabric8/openshift-model-machine/7.1.0/openshift-model-machine-7.1.0.jar:/home/runner/.m2/repository/io/fabric8/openshift-model-whereabouts/7.1.0/openshift-model-whereabouts-7.1.0.jar:/home/runner/.m2/repository/io/fabric8/openshift-model-monitoring/7.1.0/openshift-model-monitoring-7.1.0.jar:/home/runner/.m2/repository/io/fabric8/openshift-model-storageversionmigrator/7.1.0/openshift-model-storageversionmigrator-7.1.0.jar:/home/runner/.m2/repository/io/fabric8/openshift-model-tuned/7.1.0/openshift-model-tuned-7.1.0.jar:/home/runner/.m2/repository/io/fabric8/openshift-model-console/7.1.0/openshift-model-console-7.1.0.jar:/home/runner/.m2/repository/io/fabric8/openshift-model-config/7.1.0/openshift-model-config-7.1.0.jar:/home/runner/.m2/repository/io/fabric8/openshift-model-machineconfiguration/7.1.0/openshift-model-machineconfiguration-7.1.0.jar:/home/runner/.m2/repository/io/fabric8/openshift-model-miscellaneous/7.1.0/openshift-model-miscellaneous-7.1.0.jar:/home/runner/.m2/repository/io/fabric8/openshift-model-hive/7.1.0/openshift-model-hive-7.1.0.jar:/home/runner/.m2/repository/io/fabric8/openshift-model-installer/7.1.0/openshift-model-installer-7.1.0.jar:/home/runner/.m2/repository/org/junit/platform/junit-platform-launcher/1.12.1/junit-platform-launcher-1.12.1.jar:/home/runner/.m2/repository/org/junit/platform/junit-platform-engine/1.12.1/junit-platform-engine-1.12.1.jar:/home/runner/.m2/repository/org/opentest4j/opentest4j/1.3.0/opentest4j-1.3.0.jar:/home/runner/.m2/repository/org/junit/platform/junit-platform-commons/1.12.1/junit-platform-commons-1.12.1.jar:/home/runner/.m2/repository/org/apiguardian/apiguardian-api/1.1.2/apiguardian-api-1.1.2.jar:/home/runner/.m2/repository/jakarta/ws/rs/jakarta.ws.rs-api/3.1.0/jakarta.ws.rs-api-3.1.0.jar:/home/runner/work/apicurio-testing/apicurio-testing/clusters/ci419/namespaces/pg17/tests/integration/apicurio-registry/java-sdk/target/apicurio-registry-java-sdk-3.0.12-SNAPSHOT.jar:/home/runner/.m2/repository/com/microsoft/kiota/microsoft-kiota-abstractions/1.8.8/microsoft-kiota-abstractions-1.8.8.jar:/home/runner/.m2/repository/io/github/std-uritemplate/std-uritemplate/2.0.0/std-uritemplate-2.0.0.jar:/home/runner/.m2/repository/io/kiota/kiota-http-jdk/0.0.29/kiota-http-jdk-0.0.29.jar:/home/runner/.m2/repository/io/kiota/kiota-http-vertx/0.0.29/kiota-http-vertx-0.0.29.jar:/home/runner/.m2/repository/io/kiota/kiota-serialization-jackson/0.0.29/kiota-serialization-jackson-0.0.29.jar:/home/runner/.m2/repository/com/microsoft/kiota/microsoft-kiota-serialization-text/1.8.8/microsoft-kiota-serialization-text-1.8.8.jar:/home/runner/.m2/repository/com/microsoft/kiota/microsoft-kiota-serialization-form/1.8.8/microsoft-kiota-serialization-form-1.8.8.jar:/home/runner/.m2/repository/com/microsoft/kiota/microsoft-kiota-serialization-multipart/1.8.8/microsoft-kiota-serialization-multipart-1.8.8.jar:/home/runner/.m2/repository/jakarta/annotation/jakarta.annotation-api/3.0.0/jakarta.annotation-api-3.0.0.jar:/home/runner/.m2/repository/io/vertx/vertx-auth-oauth2/4.5.16/vertx-auth-oauth2-4.5.16.jar:/home/runner/work/apicurio-testing/apicurio-testing/clusters/ci419/namespaces/pg17/tests/integration/apicurio-registry/java-sdk-v2/target/apicurio-registry-v2-java-sdk-3.0.12-SNAPSHOT.jar:/home/runner/work/apicurio-testing/apicurio-testing/clusters/ci419/namespaces/pg17/tests/integration/apicurio-registry/utils/kafka/target/apicurio-registry-utils-kafka-3.0.12-SNAPSHOT-tests.jar:/home/runner/.m2/repository/org/eclipse/microprofile/config/microprofile-config-api/3.1/microprofile-config-api-3.1.jar:/home/runner/.m2/repository/org/apache/kafka/kafka-clients/3.9.1/kafka-clients-3.9.1.jar:/home/runner/.m2/repository/com/github/luben/zstd-jni/1.5.6-4/zstd-jni-1.5.6-4.jar:/home/runner/.m2/repository/org/lz4/lz4-java/1.8.0/lz4-java-1.8.0.jar:/home/runner/.m2/repository/org/xerial/snappy/snappy-java/1.1.10.5/snappy-java-1.1.10.5.jar:/home/runner/.m2/repository/org/slf4j/slf4j-api/2.0.6/slf4j-api-2.0.6.jar:/home/runner/work/apicurio-testing/apicurio-testing/clusters/ci419/namespaces/pg17/tests/integration/apicurio-registry/utils/tests/target/apicurio-registry-utils-tests-3.0.12-SNAPSHOT.jar:/home/runner/work/apicurio-testing/apicurio-testing/clusters/ci419/namespaces/pg17/tests/integration/apicurio-registry/common/target/apicurio-registry-common-3.0.12-SNAPSHOT.jar:/home/runner/.m2/repository/jakarta/validation/jakarta.validation-api/3.0.2/jakarta.validation-api-3.0.2.jar:/home/runner/.m2/repository/com/github/dasniko/testcontainers-keycloak/3.8.0/testcontainers-keycloak-3.8.0.jar:/home/runner/.m2/repository/org/testcontainers/testcontainers/1.20.6/testcontainers-1.20.6.jar:/home/runner/.m2/repository/org/rnorth/duct-tape/duct-tape/1.0.8/duct-tape-1.0.8.jar:/home/runner/.m2/repository/com/github/docker-java/docker-java-transport-zerodep/3.4.1/docker-java-transport-zerodep-3.4.1.jar:/home/runner/.m2/repository/com/github/docker-java/docker-java-transport/3.4.1/docker-java-transport-3.4.1.jar:/home/runner/.m2/repository/net/java/dev/jna/jna/5.8.0/jna-5.8.0.jar:/home/runner/.m2/repository/io/quarkus/quarkus-junit4-mock/3.20.2/quarkus-junit4-mock-3.20.2.jar:/home/runner/.m2/repository/org/jboss/shrinkwrap/shrinkwrap-api/2.0.0-beta-2/shrinkwrap-api-2.0.0-beta-2.jar:/home/runner/.m2/repository/org/jboss/shrinkwrap/shrinkwrap-impl-base/2.0.0-beta-2/shrinkwrap-impl-base-2.0.0-beta-2.jar:/home/runner/.m2/repository/org/jboss/shrinkwrap/shrinkwrap-spi/2.0.0-beta-2/shrinkwrap-spi-2.0.0-beta-2.jar:/home/runner/.m2/repository/org/keycloak/keycloak-admin-client/26.0.4/keycloak-admin-client-26.0.4.jar:/home/runner/.m2/repository/org/keycloak/keycloak-client-common-synced/26.0.4/keycloak-client-common-synced-26.0.4.jar:/home/runner/.m2/repository/jakarta/activation/jakarta.activation-api/2.1.3/jakarta.activation-api-2.1.3.jar:/home/runner/.m2/repository/org/eclipse/microprofile/openapi/microprofile-openapi-api/4.0.2/microprofile-openapi-api-4.0.2.jar:/home/runner/.m2/repository/org/jboss/resteasy/resteasy-client/6.2.12.Final/resteasy-client-6.2.12.Final.jar:/home/runner/.m2/repository/org/jboss/resteasy/resteasy-client-api/6.2.12.Final/resteasy-client-api-6.2.12.Final.jar:/home/runner/.m2/repository/org/jboss/resteasy/resteasy-core-spi/6.2.12.Final/resteasy-core-spi-6.2.12.Final.jar:/home/runner/.m2/repository/org/jboss/resteasy/resteasy-core/6.2.12.Final/resteasy-core-6.2.12.Final.jar:/home/runner/.m2/repository/org/eclipse/angus/angus-activation/2.0.2/angus-activation-2.0.2.jar:/home/runner/.m2/repository/com/ibm/async/asyncutil/0.1.0/asyncutil-0.1.0.jar:/home/runner/.m2/repository/org/reactivestreams/reactive-streams/1.0.4/reactive-streams-1.0.4.jar:/home/runner/.m2/repository/org/jboss/resteasy/resteasy-multipart-provider/6.2.12.Final/resteasy-multipart-provider-6.2.12.Final.jar:/home/runner/.m2/repository/jakarta/mail/jakarta.mail-api/2.1.3/jakarta.mail-api-2.1.3.jar:/home/runner/.m2/repository/org/eclipse/angus/angus-mail/2.0.3/angus-mail-2.0.3.jar:/home/runner/.m2/repository/org/apache/james/apache-mime4j-dom/0.8.12/apache-mime4j-dom-0.8.12.jar:/home/runner/.m2/repository/org/apache/james/apache-mime4j-core/0.8.12/apache-mime4j-core-0.8.12.jar:/home/runner/.m2/repository/org/apache/james/apache-mime4j-storage/0.8.12/apache-mime4j-storage-0.8.12.jar:/home/runner/.m2/repository/org/jboss/resteasy/resteasy-jackson2-provider/6.2.12.Final/resteasy-jackson2-provider-6.2.12.Final.jar:/home/runner/.m2/repository/com/fasterxml/jackson/jakarta/rs/jackson-jakarta-rs-base/2.18.2/jackson-jakarta-rs-base-2.18.2.jar:/home/runner/.m2/repository/com/fasterxml/jackson/jakarta/rs/jackson-jakarta-rs-json-provider/2.18.2/jackson-jakarta-rs-json-provider-2.18.2.jar:/home/runner/.m2/repository/com/fasterxml/jackson/module/jackson-module-jakarta-xmlbind-annotations/2.18.2/jackson-module-jakarta-xmlbind-annotations-2.18.2.jar:/home/runner/.m2/repository/com/github/java-json-tools/json-patch/1.13/json-patch-1.13.jar:/home/runner/.m2/repository/com/github/java-json-tools/msg-simple/1.2/msg-simple-1.2.jar:/home/runner/.m2/repository/com/github/java-json-tools/btf/1.3/btf-1.3.jar:/home/runner/.m2/repository/com/github/java-json-tools/jackson-coreutils/2.0/jackson-coreutils-2.0.jar:/home/runner/.m2/repository/org/jboss/resteasy/resteasy-jaxb-provider/6.2.12.Final/resteasy-jaxb-provider-6.2.12.Final.jar:/home/runner/.m2/repository/org/glassfish/jaxb/codemodel/4.0.5/codemodel-4.0.5.jar:/home/runner/.m2/repository/org/glassfish/jaxb/jaxb-core/4.0.5/jaxb-core-4.0.5.jar:/home/runner/.m2/repository/org/glassfish/jaxb/jaxb-jxc/4.0.5/jaxb-jxc-4.0.5.jar:/home/runner/.m2/repository/org/glassfish/jaxb/jaxb-runtime/4.0.5/jaxb-runtime-4.0.5.jar:/home/runner/.m2/repository/org/glassfish/jaxb/txw2/4.0.5/txw2-4.0.5.jar:/home/runner/.m2/repository/org/glassfish/jaxb/jaxb-xjc/4.0.5/jaxb-xjc-4.0.5.jar:/home/runner/.m2/repository/org/glassfish/jaxb/xsom/4.0.5/xsom-4.0.5.jar:/home/runner/.m2/repository/com/sun/istack/istack-commons-runtime/4.1.2/istack-commons-runtime-4.1.2.jar:/home/runner/.m2/repository/com/sun/istack/istack-commons-tools/4.1.2/istack-commons-tools-4.1.2.jar:/home/runner/.m2/repository/com/sun/xml/bind/external/relaxng-datatype/4.0.5/relaxng-datatype-4.0.5.jar:/home/runner/.m2/repository/com/sun/xml/bind/external/rngom/4.0.5/rngom-4.0.5.jar:/home/runner/.m2/repository/org/testcontainers/mssqlserver/1.20.6/mssqlserver-1.20.6.jar:/home/runner/.m2/repository/org/testcontainers/jdbc/1.20.6/jdbc-1.20.6.jar:/home/runner/.m2/repository/org/testcontainers/database-commons/1.20.6/database-commons-1.20.6.jar:/home/runner/.m2/repository/org/testcontainers/mysql/1.20.6/mysql-1.20.6.jar:/home/runner/.m2/repository/io/strimzi/strimzi-test-container/0.111.0/strimzi-test-container-0.111.0.jar:/home/runner/.m2/repository/org/testcontainers/toxiproxy/1.20.6/toxiproxy-1.20.6.jar:/home/runner/.m2/repository/com/github/docker-java/docker-java-api/3.4.1/docker-java-api-3.4.1.jar:/home/runner/.m2/repository/org/apache/logging/log4j/log4j-slf4j-impl/2.19.0/log4j-slf4j-impl-2.19.0.jar:/home/runner/.m2/repository/org/apache/logging/log4j/log4j-api/2.24.3/log4j-api-2.24.3.jar:/home/runner/.m2/repository/org/apache/logging/log4j/log4j-core/2.19.0/log4j-core-2.19.0.jar:/home/runner/.m2/repository/eu/rekawek/toxiproxy/toxiproxy-java/2.1.7/toxiproxy-java-2.1.7.jar:/home/runner/.m2/repository/org/testcontainers/pulsar/1.21.3/pulsar-1.21.3.jar:/home/runner/.m2/repository/io/debezium/debezium-testing-testcontainers/2.7.4.Final/debezium-testing-testcontainers-2.7.4.Final.jar:/home/runner/.m2/repository/org/testcontainers/kafka/1.20.6/kafka-1.20.6.jar:/home/runner/.m2/repository/com/squareup/okhttp3/okhttp/4.8.1/okhttp-4.8.1.jar:/home/runner/.m2/repository/com/squareup/okio/okio/3.10.2/okio-3.10.2.jar:/home/runner/.m2/repository/com/squareup/okio/okio-jvm/3.10.2/okio-jvm-3.10.2.jar:/home/runner/.m2/repository/org/jetbrains/kotlin/kotlin-stdlib/2.0.21/kotlin-stdlib-2.0.21.jar:/home/runner/.m2/repository/org/awaitility/awaitility/4.3.0/awaitility-4.3.0.jar:/home/runner/.m2/repository/org/testcontainers/mongodb/1.20.6/mongodb-1.20.6.jar:/home/runner/.m2/repository/org/testcontainers/mariadb/1.20.6/mariadb-1.20.6.jar:/home/runner/.m2/repository/org/testcontainers/oracle-xe/1.20.6/oracle-xe-1.20.6.jar:/home/runner/.m2/repository/org/testcontainers/postgresql/1.20.6/postgresql-1.20.6.jar:/home/runner/.m2/repository/org/wiremock/wiremock/3.0.1/wiremock-3.0.1.jar:/home/runner/.m2/repository/org/eclipse/jetty/jetty-server/11.0.15/jetty-server-11.0.15.jar:/home/runner/.m2/repository/org/eclipse/jetty/toolchain/jetty-jakarta-servlet-api/5.0.2/jetty-jakarta-servlet-api-5.0.2.jar:/home/runner/.m2/repository/org/eclipse/jetty/jetty-http/11.0.15/jetty-http-11.0.15.jar:/home/runner/.m2/repository/org/eclipse/jetty/jetty-io/11.0.15/jetty-io-11.0.15.jar:/home/runner/.m2/repository/org/eclipse/jetty/jetty-servlet/11.0.15/jetty-servlet-11.0.15.jar:/home/runner/.m2/repository/org/eclipse/jetty/jetty-security/11.0.15/jetty-security-11.0.15.jar:/home/runner/.m2/repository/org/eclipse/jetty/jetty-servlets/11.0.15/jetty-servlets-11.0.15.jar:/home/runner/.m2/repository/org/eclipse/jetty/jetty-util/11.0.15/jetty-util-11.0.15.jar:/home/runner/.m2/repository/org/eclipse/jetty/jetty-webapp/11.0.15/jetty-webapp-11.0.15.jar:/home/runner/.m2/repository/org/eclipse/jetty/jetty-xml/11.0.15/jetty-xml-11.0.15.jar:/home/runner/.m2/repository/org/eclipse/jetty/jetty-proxy/11.0.15/jetty-proxy-11.0.15.jar:/home/runner/.m2/repository/org/eclipse/jetty/jetty-client/11.0.15/jetty-client-11.0.15.jar:/home/runner/.m2/repository/org/eclipse/jetty/http2/http2-server/11.0.15/http2-server-11.0.15.jar:/home/runner/.m2/repository/org/eclipse/jetty/http2/http2-common/11.0.15/http2-common-11.0.15.jar:/home/runner/.m2/repository/org/eclipse/jetty/http2/http2-hpack/11.0.15/http2-hpack-11.0.15.jar:/home/runner/.m2/repository/org/eclipse/jetty/jetty-alpn-server/11.0.15/jetty-alpn-server-11.0.15.jar:/home/runner/.m2/repository/org/eclipse/jetty/jetty-alpn-java-server/11.0.15/jetty-alpn-java-server-11.0.15.jar:/home/runner/.m2/repository/org/eclipse/jetty/jetty-alpn-java-client/11.0.15/jetty-alpn-java-client-11.0.15.jar:/home/runner/.m2/repository/org/eclipse/jetty/jetty-alpn-client/11.0.15/jetty-alpn-client-11.0.15.jar:/home/runner/.m2/repository/org/apache/httpcomponents/client5/httpclient5/5.2.1/httpclient5-5.2.1.jar:/home/runner/.m2/repository/org/apache/httpcomponents/core5/httpcore5/5.2/httpcore5-5.2.jar:/home/runner/.m2/repository/org/apache/httpcomponents/core5/httpcore5-h2/5.2/httpcore5-h2-5.2.jar:/home/runner/.m2/repository/org/xmlunit/xmlunit-core/2.9.1/xmlunit-core-2.9.1.jar:/home/runner/.m2/repository/jakarta/xml/bind/jakarta.xml.bind-api/4.0.2/jakarta.xml.bind-api-4.0.2.jar:/home/runner/.m2/repository/org/xmlunit/xmlunit-legacy/2.9.1/xmlunit-legacy-2.9.1.jar:/home/runner/.m2/repository/org/xmlunit/xmlunit-placeholders/2.9.1/xmlunit-placeholders-2.9.1.jar:/home/runner/.m2/repository/net/javacrumbs/json-unit/json-unit-core/2.38.0/json-unit-core-2.38.0.jar:/home/runner/.m2/repository/org/hamcrest/hamcrest-core/2.2/hamcrest-core-2.2.jar:/home/runner/.m2/repository/com/jayway/jsonpath/json-path/2.8.0/json-path-2.8.0.jar:/home/runner/.m2/repository/net/minidev/json-smart/2.4.10/json-smart-2.4.10.jar:/home/runner/.m2/repository/net/minidev/accessors-smart/2.4.9/accessors-smart-2.4.9.jar:/home/runner/.m2/repository/org/ow2/asm/asm/9.7.1/asm-9.7.1.jar:/home/runner/.m2/repository/net/sf/jopt-simple/jopt-simple/5.0.4/jopt-simple-5.0.4.jar:/home/runner/.m2/repository/com/github/jknack/handlebars/4.3.1/handlebars-4.3.1.jar:/home/runner/.m2/repository/com/github/jknack/handlebars-helpers/4.3.1/handlebars-helpers-4.3.1.jar:/home/runner/.m2/repository/commons-fileupload/commons-fileupload/1.5/commons-fileupload-1.5.jar:/home/runner/.m2/repository/com/networknt/json-schema-validator/1.5.8/json-schema-validator-1.5.8.jar:/home/runner/.m2/repository/com/ethlo/time/itu/1.10.3/itu-1.10.3.jar:/home/runner/.m2/repository/io/quarkus/quarkus-smallrye-jwt-build/3.20.2/quarkus-smallrye-jwt-build-3.20.2.jar:/home/runner/.m2/repository/io/smallrye/smallrye-jwt-build/4.6.2/smallrye-jwt-build-4.6.2.jar:/home/runner/.m2/repository/org/eclipse/microprofile/jwt/microprofile-jwt-auth-api/2.1/microprofile-jwt-auth-api-2.1.jar:/home/runner/.m2/repository/org/bitbucket/b_c/jose4j/0.9.6/jose4j-0.9.6.jar:/home/runner/.m2/repository/io/smallrye/smallrye-jwt-common/4.6.2/smallrye-jwt-common-4.6.2.jar:/home/runner/.m2/repository/io/quarkus/quarkus-jsonp/3.20.2/quarkus-jsonp-3.20.2.jar:/home/runner/.m2/repository/io/quarkus/quarkus-arc/3.20.2/quarkus-arc-3.20.2.jar:/home/runner/.m2/repository/io/quarkus/arc/arc/3.20.2/arc-3.20.2.jar:/home/runner/.m2/repository/jakarta/transaction/jakarta.transaction-api/2.0.1/jakarta.transaction-api-2.0.1.jar:/home/runner/.m2/repository/io/smallrye/reactive/mutiny/2.9.2/mutiny-2.9.2.jar:/home/runner/.m2/repository/org/jctools/jctools-core/4.0.5/jctools-core-4.0.5.jar:/home/runner/.m2/repository/org/eclipse/microprofile/context-propagation/microprofile-context-propagation-api/1.3/microprofile-context-propagation-api-1.3.jar:/home/runner/.m2/repository/io/apicurio/apicurio-common-rest-client-common/0.1.18.Final/apicurio-common-rest-client-common-0.1.18.Final.jar:/home/runner/work/apicurio-testing/apicurio-testing/clusters/ci419/namespaces/pg17/tests/integration/apicurio-registry/utils/maven-plugin/target/apicurio-registry-maven-plugin-3.0.12-SNAPSHOT.jar:/home/runner/.m2/repository/com/fasterxml/jackson/core/jackson-databind/2.18.2/jackson-databind-2.18.2.jar:/home/runner/.m2/repository/org/apache/avro/avro/1.12.0/avro-1.12.0.jar:/home/runner/.m2/repository/com/google/protobuf/protobuf-java/4.31.1/protobuf-java-4.31.1.jar:/home/runner/.m2/repository/com/google/protobuf/protobuf-java-util/4.31.1/protobuf-java-util-4.31.1.jar:/home/runner/.m2/repository/com/google/code/findbugs/jsr305/3.0.2/jsr305-3.0.2.jar:/home/runner/.m2/repository/com/google/code/gson/gson/2.12.1/gson-2.12.1.jar:/home/runner/.m2/repository/com/google/errorprone/error_prone_annotations/2.36.0/error_prone_annotations-2.36.0.jar:/home/runner/.m2/repository/com/google/j2objc/j2objc-annotations/2.8/j2objc-annotations-2.8.jar:/home/runner/work/apicurio-testing/apicurio-testing/clusters/ci419/namespaces/pg17/tests/integration/apicurio-registry/schema-util/util-provider/target/apicurio-registry-schema-util-provider-3.0.12-SNAPSHOT.jar:/home/runner/work/apicurio-testing/apicurio-testing/clusters/ci419/namespaces/pg17/tests/integration/apicurio-registry/schema-util/common/target/apicurio-registry-schema-util-common-3.0.12-SNAPSHOT.jar:/home/runner/.m2/repository/com/fasterxml/jackson/module/jackson-module-parameter-names/2.18.2/jackson-module-parameter-names-2.18.2.jar:/home/runner/.m2/repository/com/fasterxml/jackson/datatype/jackson-datatype-json-org/2.18.2/jackson-datatype-json-org-2.18.2.jar:/home/runner/work/apicurio-testing/apicurio-testing/clusters/ci419/namespaces/pg17/tests/integration/apicurio-registry/schema-util/json/target/apicurio-registry-schema-util-json-3.0.12-SNAPSHOT.jar:/home/runner/.m2/repository/com/github/erosb/everit-json-schema/1.14.5/everit-json-schema-1.14.5.jar:/home/runner/.m2/repository/commons-validator/commons-validator/1.9.0/commons-validator-1.9.0.jar:/home/runner/.m2/repository/commons-digester/commons-digester/2.1/commons-digester-2.1.jar:/home/runner/.m2/repository/commons-collections/commons-collections/3.2.2/commons-collections-3.2.2.jar:/home/runner/.m2/repository/com/damnhandy/handy-uri-templates/2.1.8/handy-uri-templates-2.1.8.jar:/home/runner/.m2/repository/joda-time/joda-time/2.10.2/joda-time-2.10.2.jar:/home/runner/.m2/repository/com/github/erosb/json-sKema/0.20.0/json-sKema-0.20.0.jar:/home/runner/.m2/repository/io/vertx/vertx-json-schema/4.5.16/vertx-json-schema-4.5.16.jar:/home/runner/work/apicurio-testing/apicurio-testing/clusters/ci419/namespaces/pg17/tests/integration/apicurio-registry/schema-util/protobuf/target/apicurio-registry-schema-util-protobuf-3.0.12-SNAPSHOT.jar:/home/runner/work/apicurio-testing/apicurio-testing/clusters/ci419/namespaces/pg17/tests/integration/apicurio-registry/utils/protobuf-schema-utilities/target/apicurio-registry-protobuf-schema-utilities-3.0.12-SNAPSHOT.jar:/home/runner/.m2/repository/com/google/api/grpc/proto-google-common-protos/2.52.0/proto-google-common-protos-2.52.0.jar:/home/runner/.m2/repository/com/squareup/wire/wire-schema-jvm/5.3.3/wire-schema-jvm-5.3.3.jar:/home/runner/.m2/repository/com/palantir/javapoet/javapoet/0.6.0/javapoet-0.6.0.jar:/home/runner/.m2/repository/com/squareup/kotlinpoet-jvm/2.0.0/kotlinpoet-jvm-2.0.0.jar:/home/runner/.m2/repository/org/jetbrains/kotlin/kotlin-reflect/2.0.21/kotlin-reflect-2.0.21.jar:/home/runner/.m2/repository/com/squareup/wire/wire-runtime-jvm/5.3.3/wire-runtime-jvm-5.3.3.jar:/home/runner/.m2/repository/com/ibm/icu/icu4j/76.1/icu4j-76.1.jar:/home/runner/.m2/repository/com/squareup/okio/okio-fakefilesystem/3.10.2/okio-fakefilesystem-3.10.2.jar:/home/runner/.m2/repository/com/squareup/okio/okio-fakefilesystem-jvm/3.10.2/okio-fakefilesystem-jvm-3.10.2.jar:/home/runner/.m2/repository/org/jetbrains/kotlinx/kotlinx-datetime-jvm/0.6.1/kotlinx-datetime-jvm-0.6.1.jar:/home/runner/work/apicurio-testing/apicurio-testing/clusters/ci419/namespaces/pg17/tests/integration/apicurio-registry/schema-util/asyncapi/target/apicurio-registry-schema-util-asyncapi-3.0.12-SNAPSHOT.jar:/home/runner/work/apicurio-testing/apicurio-testing/clusters/ci419/namespaces/pg17/tests/integration/apicurio-registry/schema-util/avro/target/apicurio-registry-schema-util-avro-3.0.12-SNAPSHOT.jar:/home/runner/work/apicurio-testing/apicurio-testing/clusters/ci419/namespaces/pg17/tests/integration/apicurio-registry/schema-util/graphql/target/apicurio-registry-schema-util-graphql-3.0.12-SNAPSHOT.jar:/home/runner/.m2/repository/com/graphql-java/graphql-java/22.4/graphql-java-22.4.jar:/home/runner/.m2/repository/com/graphql-java/java-dataloader/3.3.0/java-dataloader-3.3.0.jar:/home/runner/work/apicurio-testing/apicurio-testing/clusters/ci419/namespaces/pg17/tests/integration/apicurio-registry/schema-util/kconnect/target/apicurio-registry-schema-util-kconnect-3.0.12-SNAPSHOT.jar:/home/runner/work/apicurio-testing/apicurio-testing/clusters/ci419/namespaces/pg17/tests/integration/apicurio-registry/schema-util/openapi/target/apicurio-registry-schema-util-openapi-3.0.12-SNAPSHOT.jar:/home/runner/.m2/repository/io/apicurio/apicurio-data-models/2.2.2/apicurio-data-models-2.2.2.jar:/home/runner/.m2/repository/org/openapitools/openapidiff/openapi-diff-core/2.1.2/openapi-diff-core-2.1.2.jar:/home/runner/.m2/repository/io/swagger/parser/v3/swagger-parser/2.1.28/swagger-parser-2.1.28.jar:/home/runner/.m2/repository/io/swagger/parser/v3/swagger-parser-v2-converter/2.1.28/swagger-parser-v2-converter-2.1.28.jar:/home/runner/.m2/repository/io/swagger/swagger-core/1.6.16/swagger-core-1.6.16.jar:/home/runner/.m2/repository/io/swagger/swagger-models/1.6.16/swagger-models-1.6.16.jar:/home/runner/.m2/repository/io/swagger/swagger-annotations/1.6.16/swagger-annotations-1.6.16.jar:/home/runner/.m2/repository/io/swagger/swagger-parser/1.0.75/swagger-parser-1.0.75.jar:/home/runner/.m2/repository/io/swagger/swagger-parser-safe-url-resolver/1.0.75/swagger-parser-safe-url-resolver-1.0.75.jar:/home/runner/.m2/repository/io/swagger/swagger-compat-spec-parser/1.0.75/swagger-compat-spec-parser-1.0.75.jar:/home/runner/.m2/repository/com/github/java-json-tools/json-schema-validator/2.2.14/json-schema-validator-2.2.14.jar:/home/runner/.m2/repository/com/github/java-json-tools/jackson-coreutils-equivalence/1.0/jackson-coreutils-equivalence-1.0.jar:/home/runner/.m2/repository/com/github/java-json-tools/json-schema-core/1.2.14/json-schema-core-1.2.14.jar:/home/runner/.m2/repository/com/github/java-json-tools/uri-template/0.10/uri-template-0.10.jar:/home/runner/.m2/repository/com/googlecode/libphonenumber/libphonenumber/8.11.1/libphonenumber-8.11.1.jar:/home/runner/.m2/repository/com/j2html/j2html/1.6.0/j2html-1.6.0.jar:/home/runner/.m2/repository/org/apache/commons/commons-collections4/4.5.0/commons-collections4-4.5.0.jar:/home/runner/.m2/repository/org/slf4j/jcl-over-slf4j/2.0.17/jcl-over-slf4j-2.0.17.jar:/home/runner/.m2/repository/io/swagger/parser/v3/swagger-parser-v3/2.1.31/swagger-parser-v3-2.1.31.jar:/home/runner/.m2/repository/io/swagger/core/v3/swagger-models/2.2.34/swagger-models-2.2.34.jar:/home/runner/.m2/repository/io/swagger/core/v3/swagger-core/2.2.34/swagger-core-2.2.34.jar:/home/runner/.m2/repository/io/swagger/parser/v3/swagger-parser-core/2.1.31/swagger-parser-core-2.1.31.jar:/home/runner/.m2/repository/io/swagger/parser/v3/swagger-parser-safe-url-resolver/2.1.31/swagger-parser-safe-url-resolver-2.1.31.jar:/home/runner/work/apicurio-testing/apicurio-testing/clusters/ci419/namespaces/pg17/tests/integration/apicurio-registry/schema-util/wsdl/target/apicurio-registry-schema-util-wsdl-3.0.12-SNAPSHOT.jar:/home/runner/.m2/repository/wsdl4j/wsdl4j/1.6.3/wsdl4j-1.6.3.jar:/home/runner/work/apicurio-testing/apicurio-testing/clusters/ci419/namespaces/pg17/tests/integration/apicurio-registry/schema-util/xml/target/apicurio-registry-schema-util-xml-3.0.12-SNAPSHOT.jar:/home/runner/.m2/repository/org/apache/santuario/xmlsec/4.0.4/xmlsec-4.0.4.jar:/home/runner/.m2/repository/com/fasterxml/woodstox/woodstox-core/7.1.1/woodstox-core-7.1.1.jar:/home/runner/.m2/repository/org/codehaus/woodstox/stax2-api/4.2.2/stax2-api-4.2.2.jar:/home/runner/work/apicurio-testing/apicurio-testing/clusters/ci419/namespaces/pg17/tests/integration/apicurio-registry/schema-util/xsd/target/apicurio-registry-schema-util-xsd-3.0.12-SNAPSHOT.jar:/home/runner/work/apicurio-testing/apicurio-testing/clusters/ci419/namespaces/pg17/tests/integration/apicurio-registry/serdes/kafka/jsonschema-serde/target/apicurio-registry-jsonschema-serde-kafka-3.0.12-SNAPSHOT.jar:/home/runner/work/apicurio-testing/apicurio-testing/clusters/ci419/namespaces/pg17/tests/integration/apicurio-registry/serdes/kafka/serde-kafka-common/target/apicurio-registry-serde-kafka-common-3.0.12-SNAPSHOT.jar:/home/runner/work/apicurio-testing/apicurio-testing/clusters/ci419/namespaces/pg17/tests/integration/apicurio-registry/serdes/generic/serde-common/target/apicurio-registry-serde-common-3.0.12-SNAPSHOT.jar:/home/runner/work/apicurio-testing/apicurio-testing/clusters/ci419/namespaces/pg17/tests/integration/apicurio-registry/serdes/generic/serde-common-jsonschema/target/apicurio-registry-serde-common-jsonschema-3.0.12-SNAPSHOT.jar:/home/runner/.m2/repository/org/json/json/20250107/json-20250107.jar:/home/runner/work/apicurio-testing/apicurio-testing/clusters/ci419/namespaces/pg17/tests/integration/apicurio-registry/serdes/kafka/avro-serde/target/apicurio-registry-avro-serde-kafka-3.0.12-SNAPSHOT.jar:/home/runner/work/apicurio-testing/apicurio-testing/clusters/ci419/namespaces/pg17/tests/integration/apicurio-registry/serdes/generic/serde-common-avro/target/apicurio-registry-serde-common-avro-3.0.12-SNAPSHOT.jar:/home/runner/work/apicurio-testing/apicurio-testing/clusters/ci419/namespaces/pg17/tests/integration/apicurio-registry/serdes/kafka/protobuf-serde/target/apicurio-registry-protobuf-serde-kafka-3.0.12-SNAPSHOT.jar:/home/runner/work/apicurio-testing/apicurio-testing/clusters/ci419/namespaces/pg17/tests/integration/apicurio-registry/serdes/generic/serde-common-protobuf/target/apicurio-registry-serde-common-protobuf-3.0.12-SNAPSHOT.jar:/home/runner/.m2/repository/com/squareup/wire/wire-schema/5.3.3/wire-schema-5.3.3.jar:/home/runner/.m2/repository/com/squareup/wire/wire-runtime/5.3.3/wire-runtime-5.3.3.jar:/home/runner/work/apicurio-testing/apicurio-testing/clusters/ci419/namespaces/pg17/tests/integration/apicurio-registry/serdes/pulsar/avro-serde/target/apicurio-registry-avro-serde-pulsar-3.0.12-SNAPSHOT.jar:/home/runner/.m2/repository/org/apache/pulsar/pulsar-functions-api/3.3.8/pulsar-functions-api-3.3.8.jar:/home/runner/work/apicurio-testing/apicurio-testing/clusters/ci419/namespaces/pg17/tests/integration/apicurio-registry/serdes/nats/avro-serde/target/apicurio-registry-avro-serde-nats-3.0.12-SNAPSHOT.jar:/home/runner/.m2/repository/io/nats/jnats/2.21.4/jnats-2.21.4.jar:/home/runner/.m2/repository/org/bouncycastle/bcprov-lts8on/2.73.7/bcprov-lts8on-2.73.7.jar:/home/runner/.m2/repository/org/jetbrains/annotations/26.0.2/annotations-26.0.2.jar:/home/runner/work/apicurio-testing/apicurio-testing/clusters/ci419/namespaces/pg17/tests/integration/apicurio-registry/utils/converter/target/apicurio-registry-utils-converter-3.0.12-SNAPSHOT.jar:/home/runner/work/apicurio-testing/apicurio-testing/clusters/ci419/namespaces/pg17/tests/integration/apicurio-registry/schema-resolver/target/apicurio-registry-schema-resolver-3.0.12-SNAPSHOT.jar:/home/runner/.m2/repository/org/apache/kafka/connect-api/3.9.1/connect-api-3.9.1.jar:/home/runner/.m2/repository/javax/ws/rs/javax.ws.rs-api/2.1.1/javax.ws.rs-api-2.1.1.jar:/home/runner/.m2/repository/org/apache/kafka/connect-json/3.9.1/connect-json-3.9.1.jar:/home/runner/.m2/repository/com/fasterxml/jackson/datatype/jackson-datatype-jdk8/2.18.2/jackson-datatype-jdk8-2.18.2.jar:/home/runner/.m2/repository/com/fasterxml/jackson/module/jackson-module-afterburner/2.18.2/jackson-module-afterburner-2.18.2.jar:/home/runner/work/apicurio-testing/apicurio-testing/clusters/ci419/namespaces/pg17/tests/integration/apicurio-registry/utils/kafka/target/apicurio-registry-utils-kafka-3.0.12-SNAPSHOT.jar:/home/runner/.m2/repository/org/apache/pulsar/pulsar-client/3.3.8/pulsar-client-3.3.8.jar:/home/runner/.m2/repository/org/apache/pulsar/pulsar-client-api/3.3.8/pulsar-client-api-3.3.8.jar:/home/runner/.m2/repository/org/apache/pulsar/pulsar-client-admin-api/3.3.8/pulsar-client-admin-api-3.3.8.jar:/home/runner/.m2/repository/org/apache/pulsar/bouncy-castle-bc/3.3.8/bouncy-castle-bc-3.3.8-pkg.jar:/home/runner/.m2/repository/org/bouncycastle/bcpkix-jdk18on/1.81/bcpkix-jdk18on-1.81.jar:/home/runner/.m2/repository/org/bouncycastle/bcutil-jdk18on/1.81/bcutil-jdk18on-1.81.jar:/home/runner/.m2/repository/org/bouncycastle/bcprov-jdk18on/1.81/bcprov-jdk18on-1.81.jar:/home/runner/.m2/repository/io/opentelemetry/opentelemetry-api/1.44.1/opentelemetry-api-1.44.1.jar:/home/runner/.m2/repository/io/opentelemetry/opentelemetry-context/1.44.1/opentelemetry-context-1.44.1.jar:/home/runner/.m2/repository/io/opentelemetry/opentelemetry-api-incubator/1.44.1-alpha/opentelemetry-api-incubator-1.44.1-alpha.jar:/home/runner/.m2/repository/com/fasterxml/jackson/core/jackson-annotations/2.18.2/jackson-annotations-2.18.2.jar:/home/runner/.m2/repository/javax/validation/validation-api/1.1.0.Final/validation-api-1.1.0.Final.jar:/home/runner/.m2/repository/org/jspecify/jspecify/1.0.0/jspecify-1.0.0.jar:/home/runner/.m2/repository/org/apache/commons/commons-configuration2/2.12.0/commons-configuration2-2.12.0.jar:/home/runner/.m2/repository/commons-logging/commons-logging/1.3.5/commons-logging-1.3.5.jar:/home/runner/.m2/repository/org/apache/commons/commons-text/1.13.0/commons-text-1.13.0.jar:/home/runner/.m2/repository/io/confluent/kafka-avro-serializer/8.0.0/kafka-avro-serializer-8.0.0.jar:/home/runner/.m2/repository/org/apache/commons/commons-compress/1.27.1/commons-compress-1.27.1.jar:/home/runner/.m2/repository/io/confluent/kafka-schema-serializer/8.0.0/kafka-schema-serializer-8.0.0.jar:/home/runner/.m2/repository/com/fasterxml/jackson/dataformat/jackson-dataformat-csv/2.18.2/jackson-dataformat-csv-2.18.2.jar:/home/runner/.m2/repository/io/confluent/kafka-schema-registry-client/8.0.0/kafka-schema-registry-client-8.0.0.jar:/home/runner/.m2/repository/org/yaml/snakeyaml/2.3/snakeyaml-2.3.jar:/home/runner/.m2/repository/io/swagger/core/v3/swagger-annotations/2.2.29/swagger-annotations-2.2.29.jar:/home/runner/.m2/repository/com/google/guava/guava/33.4.0-jre/guava-33.4.0-jre.jar:/home/runner/.m2/repository/com/google/guava/failureaccess/1.0.1/failureaccess-1.0.1.jar:/home/runner/.m2/repository/org/checkerframework/checker-qual/3.49.0/checker-qual-3.49.0.jar:/home/runner/.m2/repository/io/confluent/logredactor/1.0.13/logredactor-1.0.13.jar:/home/runner/.m2/repository/com/google/re2j/re2j/1.6/re2j-1.6.jar:/home/runner/.m2/repository/io/confluent/logredactor-metrics/1.0.13/logredactor-metrics-1.0.13.jar:/home/runner/.m2/repository/com/eclipsesource/minimal-json/minimal-json/0.9.5/minimal-json-0.9.5.jar:/home/runner/.m2/repository/io/confluent/common-utils/8.0.0/common-utils-8.0.0.jar:/home/runner/.m2/repository/io/confluent/kafka-connect-avro-converter/8.0.0/kafka-connect-avro-converter-8.0.0.jar:/home/runner/.m2/repository/io/confluent/kafka-connect-avro-data/8.0.0/kafka-connect-avro-data-8.0.0.jar:/home/runner/.m2/repository/io/confluent/kafka-schema-converter/8.0.0/kafka-schema-converter-8.0.0.jar:/home/runner/.m2/repository/io/rest-assured/rest-assured/5.5.1/rest-assured-5.5.1.jar:/home/runner/.m2/repository/org/apache/groovy/groovy/4.0.22/groovy-4.0.22.jar:/home/runner/.m2/repository/org/apache/groovy/groovy-xml/4.0.22/groovy-xml-4.0.22.jar:/home/runner/.m2/repository/org/apache/httpcomponents/httpclient/4.5.14/httpclient-4.5.14.jar:/home/runner/.m2/repository/org/apache/httpcomponents/httpcore/4.4.16/httpcore-4.4.16.jar:/home/runner/.m2/repository/org/apache/httpcomponents/httpmime/4.5.14/httpmime-4.5.14.jar:/home/runner/.m2/repository/org/hamcrest/hamcrest/2.2/hamcrest-2.2.jar:/home/runner/.m2/repository/org/ccil/cowan/tagsoup/tagsoup/1.2.1/tagsoup-1.2.1.jar:/home/runner/.m2/repository/io/rest-assured/json-path/5.5.1/json-path-5.5.1.jar:/home/runner/.m2/repository/org/apache/groovy/groovy-json/4.0.22/groovy-json-4.0.22.jar:/home/runner/.m2/repository/io/rest-assured/rest-assured-common/5.5.1/rest-assured-common-5.5.1.jar:/home/runner/.m2/repository/io/rest-assured/xml-path/5.5.1/xml-path-5.5.1.jar:/home/runner/.m2/repository/io/zonky/test/embedded-postgres/2.1.0/embedded-postgres-2.1.0.jar:/home/runner/.m2/repository/io/zonky/test/postgres/embedded-postgres-binaries-windows-amd64/14.15.0/embedded-postgres-binaries-windows-amd64-14.15.0.jar:/home/runner/.m2/repository/io/zonky/test/postgres/embedded-postgres-binaries-darwin-amd64/14.15.0/embedded-postgres-binaries-darwin-amd64-14.15.0.jar:/home/runner/.m2/repository/io/zonky/test/postgres/embedded-postgres-binaries-linux-amd64/14.15.0/embedded-postgres-binaries-linux-amd64-14.15.0.jar:/home/runner/.m2/repository/io/zonky/test/postgres/embedded-postgres-binaries-linux-amd64-alpine/14.15.0/embedded-postgres-binaries-linux-amd64-alpine-14.15.0.jar:/home/runner/.m2/repository/org/apache/commons/commons-lang3/3.17.0/commons-lang3-3.17.0.jar:/home/runner/.m2/repository/org/tukaani/xz/1.10/xz-1.10.jar:/home/runner/.m2/repository/commons-codec/commons-codec/1.19.0/commons-codec-1.19.0.jar:/home/runner/.m2/repository/org/postgresql/postgresql/42.7.7/postgresql-42.7.7.jar:/home/runner/.m2/repository/commons-io/commons-io/2.18.0/commons-io-2.18.0.jar:/home/runner/work/apicurio-testing/apicurio-testing/clusters/ci419/namespaces/pg17/tests/integration/apicurio-registry/utils/importexport/target/apicurio-registry-utils-import-export-3.0.12-SNAPSHOT.jar:/home/runner/.m2/repository/io/vertx/vertx-core/4.5.16/vertx-core-4.5.16.jar:/home/runner/.m2/repository/io/netty/netty-common/4.1.121.Final/netty-common-4.1.121.Final.jar:/home/runner/.m2/repository/io/netty/netty-buffer/4.1.121.Final/netty-buffer-4.1.121.Final.jar:/home/runner/.m2/repository/io/netty/netty-transport/4.1.121.Final/netty-transport-4.1.121.Final.jar:/home/runner/.m2/repository/io/netty/netty-handler/4.1.121.Final/netty-handler-4.1.121.Final.jar:/home/runner/.m2/repository/io/netty/netty-transport-native-unix-common/4.1.121.Final/netty-transport-native-unix-common-4.1.121.Final.jar:/home/runner/.m2/repository/io/netty/netty-codec/4.1.121.Final/netty-codec-4.1.121.Final.jar:/home/runner/.m2/repository/io/netty/netty-handler-proxy/4.1.121.Final/netty-handler-proxy-4.1.121.Final.jar:/home/runner/.m2/repository/io/netty/netty-codec-socks/4.1.121.Final/netty-codec-socks-4.1.121.Final.jar:/home/runner/.m2/repository/io/netty/netty-codec-http/4.1.121.Final/netty-codec-http-4.1.121.Final.jar:/home/runner/.m2/repository/io/netty/netty-codec-http2/4.1.121.Final/netty-codec-http2-4.1.121.Final.jar:/home/runner/.m2/repository/io/netty/netty-resolver/4.1.121.Final/netty-resolver-4.1.121.Final.jar:/home/runner/.m2/repository/io/netty/netty-resolver-dns/4.1.121.Final/netty-resolver-dns-4.1.121.Final.jar:/home/runner/.m2/repository/io/netty/netty-codec-dns/4.1.121.Final/netty-codec-dns-4.1.121.Final.jar:/home/runner/.m2/repository/com/fasterxml/jackson/core/jackson-core/2.18.2/jackson-core-2.18.2.jar:"/>
    <property name="sun.cpu.endian" value="little"/>
    <property name="user.home" value="/home/runner"/>
    <property name="user.language" value="en"/>
    <property name="jboss.log-version" value="false"/>
    <property name="java.specification.vendor" value="Oracle Corporation"/>
    <property name="java.version.date" value="2025-07-15"/>
    <property name="java.home" value="/usr/lib/jvm/temurin-17-jdk-amd64"/>
    <property name="file.separator" value="/"/>
    <property name="basedir" value="/home/runner/work/apicurio-testing/apicurio-testing/clusters/ci419/namespaces/pg17/tests/integration/apicurio-registry/integration-tests"/>
    <property name="java.vm.compressedOopsMode" value="32-bit"/>
    <property name="line.separator" value="&#10;"/>
    <property name="java.specification.name" value="Java Platform API Specification"/>
    <property name="java.vm.specification.vendor" value="Oracle Corporation"/>
    <property name="quarkus.http.test-host" value="registry-app-pg17.apps.ci419.apicurio-testing.org"/>
    <property name="surefire.real.class.path" value="/home/runner/work/apicurio-testing/apicurio-testing/clusters/ci419/namespaces/pg17/tests/integration/apicurio-registry/integration-tests/target/surefire/surefirebooter-20250807202712093_3.jar"/>
    <property name="sun.management.compiler" value="HotSpot 64-Bit Tiered Compilers"/>
    <property name="org.eclipse.jetty.http.HttpGenerator.STRICT" value="true"/>
    <property name="java.runtime.version" value="17.0.16+8"/>
    <property name="user.name" value="runner"/>
    <property name="path.separator" value=":"/>
    <property name="os.version" value="6.8.0-1031-azure"/>
    <property name="java.runtime.name" value="OpenJDK Runtime Environment"/>
    <property name="file.encoding" value="UTF-8"/>
    <property name="jnidispatch.path" value="/home/runner/.cache/JNA/temp/jna16949597169340003238.tmp"/>
    <property name="java.vm.name" value="OpenJDK 64-Bit Server VM"/>
    <property name="jna.platform.library.path" value="/usr/lib/x86_64-linux-gnu:/lib/x86_64-linux-gnu:/usr/lib64:/lib64:/usr/lib:/lib:/lib32:/usr/local/lib:/usr/lib/x86_64-linux-gnu/libfakeroot"/>
    <property name="java.vendor.version" value="Temurin-17.0.16+8"/>
    <property name="quarkus.oidc.token-path" value="https://keycloak-pg17.apps.ci419.apicurio-testing.org/realms/registry/protocol/openid-connect/token"/>
    <property name="quarkus.http.host" value="registry-app-pg17.apps.ci419.apicurio-testing.org"/>
    <property name="localRepository" value="/home/runner/.m2/repository"/>
    <property name="javax.xml.xpath.XPathFactory:http://java.sun.com/jaxp/xpath/dom" value="com.sun.org.apache.xpath.internal.jaxp.XPathFactoryImpl"/>
    <property name="jna.loaded" value="true"/>
    <property name="java.vendor.url.bug" value="https://github.com/adoptium/adoptium-support/issues"/>
    <property name="jetty.git.hash" value="5bc5e562c8d05c5862505aebe5cf83a61bdbcb96"/>
    <property name="java.io.tmpdir" value="/tmp"/>
    <property name="quarkus.http.test-protocol" value="http"/>
    <property name="java.version" value="17.0.16"/>
    <property name="user.dir" value="/home/runner/work/apicurio-testing/apicurio-testing/clusters/ci419/namespaces/pg17/tests/integration/apicurio-registry/integration-tests"/>
    <property name="os.arch" value="amd64"/>
    <property name="groups" value="( smoke | serdes | acceptance | ui)"/>
    <property name="java.vm.specification.name" value="Java Virtual Machine Specification"/>
    <property name="native.encoding" value="UTF-8"/>
    <property name="java.util.logging.manager" value="org.jboss.logmanager.LogManager"/>
    <property name="java.library.path" value="/usr/java/packages/lib:/usr/lib64:/lib64:/lib:/usr/lib"/>
    <property name="jdk.console" value="java.base"/>
    <property name="java.vm.info" value="mixed mode, sharing"/>
    <property name="java.vendor" value="Eclipse Adoptium"/>
    <property name="java.vm.version" value="17.0.16+8"/>
    <property name="java.specification.maintenance.version" value="1"/>
    <property name="sun.io.unicode.encoding" value="UnicodeLittle"/>
    <property name="javax.xml.transform.TransformerFactory" value="com.sun.org.apache.xalan.internal.xsltc.trax.TransformerFactoryImpl"/>
    <property name="java.class.version" value="61.0"/>
  </properties>
  <testcase name="testGlobalIdInHeaders" classname="io.apicurio.tests.serdes.apicurio.AvroSerdeIT" time="6.204">
    <system-out><![CDATA[**** Registry Base URL: http://registry-app-pg17.apps.ci419.apicurio-testing.org:80
**** Registry Base URL: http://registry-app-pg17.apps.ci419.apicurio-testing.org:80
2025-08-07 20:27:24,790 INFO  [io.api.tes.ser.api.AvroSerdeIT] (main) RestAssured configured with http://registry-app-pg17.apps.ci419.apicurio-testing.org:80/apis/registry/v3
2025-08-07 20:27:24,875 INFO  [io.api.tes.uti.KafkaFacade] (main) Starting kafka container
2025-08-07 20:27:24,908 INFO  [org.tes.ima.PullPolicy] (main) Image pull policy will be performed by: DefaultPullPolicy()
2025-08-07 20:27:24,911 INFO  [org.tes.uti.ImageNameSubstitutor] (main) Image name substitution will be performed by: DefaultImageNameSubstitutor (composite of 'ConfigurationFileImageNameSubstitutor' and 'PrefixingImageNameSubstitutor')
2025-08-07 20:27:24,921 INFO  [org.tes.DockerClientFactory] (main) Testcontainers version: 1.20.6
2025-08-07 20:27:25,407 INFO  [org.tes.doc.DockerClientProviderStrategy] (main) Found Docker environment with local Unix socket (unix:///var/run/docker.sock)
2025-08-07 20:27:25,414 INFO  [org.tes.DockerClientFactory] (main) Docker host IP address is localhost
2025-08-07 20:27:25,434 INFO  [org.tes.DockerClientFactory] (main) Connected to docker: 
  Server Version: 28.0.4
  API Version: 1.48
  Operating System: Ubuntu 22.04.5 LTS
  Total Memory: 7944 MB
2025-08-07 20:27:25,475 INFO  [tc.tes.11.0] (main) Pulling docker image: testcontainers/ryuk:0.11.0. Please be patient; this may take some time but only needs to be done once.
2025-08-07 20:27:26,098 INFO  [tc.tes.11.0] (docker-java-stream--1295187651) Starting to pull image
2025-08-07 20:27:26,118 INFO  [tc.tes.11.0] (docker-java-stream--1295187651) Pulling image layers:  0 pending,  0 downloaded,  0 extracted, (0 bytes/0 bytes)
2025-08-07 20:27:26,544 INFO  [tc.tes.11.0] (docker-java-stream--1295187651) Pulling image layers:  2 pending,  1 downloaded,  0 extracted, (115 KB/? MB)
2025-08-07 20:27:26,603 INFO  [tc.tes.11.0] (docker-java-stream--1295187651) Pulling image layers:  1 pending,  2 downloaded,  0 extracted, (3 MB/? MB)
2025-08-07 20:27:26,642 INFO  [tc.tes.11.0] (docker-java-stream--1295187651) Pulling image layers:  0 pending,  3 downloaded,  0 extracted, (9 MB/10 MB)
2025-08-07 20:27:26,724 INFO  [tc.tes.11.0] (docker-java-stream--1295187651) Pulling image layers:  0 pending,  3 downloaded,  1 extracted, (9 MB/10 MB)
2025-08-07 20:27:27,124 INFO  [tc.tes.11.0] (docker-java-stream--1295187651) Pulling image layers:  0 pending,  3 downloaded,  2 extracted, (10 MB/10 MB)
2025-08-07 20:27:27,782 INFO  [tc.tes.11.0] (docker-java-stream--1295187651) Pulling image layers:  0 pending,  3 downloaded,  3 extracted, (10 MB/10 MB)
2025-08-07 20:27:27,791 INFO  [tc.tes.11.0] (docker-java-stream--1295187651) Pull complete. 3 layers, pulled in 1s (downloaded 10 MB at 10 MB/s)
2025-08-07 20:27:27,792 INFO  [tc.tes.11.0] (main) Image testcontainers/ryuk:0.11.0 pull took PT2.316244153S
2025-08-07 20:27:27,820 INFO  [tc.tes.11.0] (main) Creating container for image: testcontainers/ryuk:0.11.0
2025-08-07 20:27:27,891 INFO  [tc.tes.11.0] (main) Container testcontainers/ryuk:0.11.0 is starting: c264d14cbf9f3b61b830db56837f8bf0fafa5db8d0aa549fca4ee2624a88cfa4
2025-08-07 20:27:28,243 INFO  [tc.tes.11.0] (main) Container testcontainers/ryuk:0.11.0 started in PT0.423351681S
2025-08-07 20:27:28,249 INFO  [org.tes.uti.RyukResourceReaper] (main) Ryuk started - will monitor and terminate Testcontainers containers on JVM exit
2025-08-07 20:27:28,249 INFO  [org.tes.DockerClientFactory] (main) Checking the system...
2025-08-07 20:27:28,249 INFO  [org.tes.DockerClientFactory] (main) ✔︎ Docker server version should be at least 1.6.0
2025-08-07 20:27:28,253 INFO  [io.str.tes.con.KafkaVersionService] (main) Latest release of Kafka is:LogicalKafkaVersionEntity{version='4.0.0', image='quay.io/strimzi-test-container/test-container:0.111.0-kafka-4.0.0'}
2025-08-07 20:27:28,253 INFO  [io.str.tes.con.KafkaVersionService] (main) Latest release of Kafka is:LogicalKafkaVersionEntity{version='4.0.0', image='quay.io/strimzi-test-container/test-container:0.111.0-kafka-4.0.0'}
2025-08-07 20:27:28,253 INFO  [io.str.tes.con.KafkaVersionService] (main) No Kafka version specified. Using latest release: 4.0.0
2025-08-07 20:27:28,258 INFO  [tc.qua.io/.111.0-k.0.0] (main) Pulling docker image: quay.io/strimzi-test-container/test-container:0.111.0-kafka-4.0.0. Please be patient; this may take some time but only needs to be done once.
2025-08-07 20:27:28,900 INFO  [tc.qua.io/.111.0-k.0.0] (docker-java-stream--29267298) Starting to pull image
2025-08-07 20:27:28,901 INFO  [tc.qua.io/.111.0-k.0.0] (docker-java-stream--29267298) Pulling image layers:  0 pending,  0 downloaded,  0 extracted, (0 bytes/0 bytes)
2025-08-07 20:27:29,677 INFO  [tc.qua.io/.111.0-k.0.0] (docker-java-stream--29267298) Pulling image layers:  6 pending,  1 downloaded,  0 extracted, (6 MB/? MB)
2025-08-07 20:27:29,932 INFO  [tc.qua.io/.111.0-k.0.0] (docker-java-stream--29267298) Pulling image layers:  5 pending,  2 downloaded,  0 extracted, (27 MB/? MB)
2025-08-07 20:27:30,200 INFO  [tc.qua.io/.111.0-k.0.0] (docker-java-stream--29267298) Pulling image layers:  4 pending,  3 downloaded,  0 extracted, (58 MB/? MB)
2025-08-07 20:27:30,651 INFO  [tc.qua.io/.111.0-k.0.0] (docker-java-stream--29267298) Pulling image layers:  3 pending,  4 downloaded,  0 extracted, (92 MB/? MB)
2025-08-07 20:27:30,928 INFO  [tc.qua.io/.111.0-k.0.0] (docker-java-stream--29267298) Pulling image layers:  2 pending,  5 downloaded,  0 extracted, (113 MB/? MB)
2025-08-07 20:27:31,374 INFO  [tc.qua.io/.111.0-k.0.0] (docker-java-stream--29267298) Pulling image layers:  2 pending,  5 downloaded,  1 extracted, (153 MB/? MB)
2025-08-07 20:27:32,073 INFO  [tc.qua.io/.111.0-k.0.0] (docker-java-stream--29267298) Pulling image layers:  1 pending,  6 downloaded,  1 extracted, (216 MB/? MB)
2025-08-07 20:27:32,553 INFO  [tc.qua.io/.111.0-k.0.0] (docker-java-stream--29267298) Pulling image layers:  0 pending,  7 downloaded,  1 extracted, (242 MB/249 MB)
2025-08-07 20:27:36,134 INFO  [tc.qua.io/.111.0-k.0.0] (docker-java-stream--29267298) Pulling image layers:  0 pending,  7 downloaded,  2 extracted, (243 MB/249 MB)
2025-08-07 20:27:36,176 INFO  [tc.qua.io/.111.0-k.0.0] (docker-java-stream--29267298) Pulling image layers:  0 pending,  7 downloaded,  3 extracted, (243 MB/249 MB)
2025-08-07 20:27:36,193 INFO  [tc.qua.io/.111.0-k.0.0] (docker-java-stream--29267298) Pulling image layers:  0 pending,  7 downloaded,  4 extracted, (243 MB/249 MB)
2025-08-07 20:27:37,281 INFO  [tc.qua.io/.111.0-k.0.0] (docker-java-stream--29267298) Pulling image layers:  0 pending,  7 downloaded,  5 extracted, (249 MB/249 MB)
2025-08-07 20:27:37,320 INFO  [tc.qua.io/.111.0-k.0.0] (docker-java-stream--29267298) Pulling image layers:  0 pending,  7 downloaded,  6 extracted, (249 MB/249 MB)
2025-08-07 20:27:37,333 INFO  [tc.qua.io/.111.0-k.0.0] (docker-java-stream--29267298) Pulling image layers:  0 pending,  7 downloaded,  7 extracted, (249 MB/249 MB)
2025-08-07 20:27:37,339 INFO  [tc.qua.io/.111.0-k.0.0] (docker-java-stream--29267298) Pull complete. 7 layers, pulled in 8s (downloaded 249 MB at 31 MB/s)
2025-08-07 20:27:37,339 INFO  [tc.qua.io/.111.0-k.0.0] (main) Image quay.io/strimzi-test-container/test-container:0.111.0-kafka-4.0.0 pull took PT9.080654324S
2025-08-07 20:27:37,342 INFO  [tc.qua.io/.111.0-k.0.0] (main) Creating container for image: quay.io/strimzi-test-container/test-container:0.111.0-kafka-4.0.0
2025-08-07 20:27:37,412 INFO  [tc.qua.io/.111.0-k.0.0] (main) Container quay.io/strimzi-test-container/test-container:0.111.0-kafka-4.0.0 is starting: 81523b7252cacfd88647448ede177ccdadfe3a0318920c9ed49270f2778fc59f
2025-08-07 20:27:37,580 INFO  [io.str.tes.con.StrimziKafkaContainer] (main) Mapped port: 32769
2025-08-07 20:27:37,581 WARN  [io.str.tes.con.StrimziKafkaContainer] (main) Node ID is not set. Using broker ID 0 as the default node ID.
2025-08-07 20:27:37,581 INFO  [io.str.tes.con.StrimziKafkaContainer] (main) This is all advertised listeners for Kafka PLAINTEXT://localhost:32769,BROKER1://172.18.0.2:9091,CONTROLLER://broker-0:9094
2025-08-07 20:27:37,610 INFO  [io.str.tes.con.StrimziKafkaContainer] (main) New `cluster.id` has been generated: g89mLo7yQq6pgEL9WhhAvA
2025-08-07 20:27:37,612 INFO  [io.str.tes.con.StrimziKafkaContainer] (main) Copying command to 'STARTER_SCRIPT' script.
2025-08-07 20:27:42,794 INFO  [tc.qua.io/.111.0-k.0.0] (main) Container quay.io/strimzi-test-container/test-container:0.111.0-kafka-4.0.0 started in PT5.451621291S
2025-08-07 20:27:42,796 INFO  [io.api.tes.uti.TestSeparator] (main) ############################################################################
2025-08-07 20:27:42,796 INFO  [io.api.tes.uti.TestSeparator] (main) io.apicurio.tests.serdes.apicurio.AvroSerdeIT.testGlobalIdInHeaders-STARTED
2025-08-07 20:27:42,804 INFO  [org.apa.kaf.cli.adm.AdminClientConfig] (main) AdminClientConfig values: 
	auto.include.jmx.reporter = true
	bootstrap.controllers = []
	bootstrap.servers = [PLAINTEXT://localhost:32769]
	client.dns.lookup = use_all_dns_ips
	client.id = 
	connections.max.idle.ms = 10000
	default.api.timeout.ms = 60000
	enable.metrics.push = true
	metadata.max.age.ms = 300000
	metadata.recovery.strategy = none
	metric.reporters = []
	metrics.num.samples = 2
	metrics.recording.level = INFO
	metrics.sample.window.ms = 30000
	receive.buffer.bytes = 65536
	reconnect.backoff.max.ms = 1000
	reconnect.backoff.ms = 50
	request.timeout.ms = 5000
	retries = 2147483647
	retry.backoff.max.ms = 1000
	retry.backoff.ms = 100
	sasl.client.callback.handler.class = null
	sasl.jaas.config = null
	sasl.kerberos.kinit.cmd = /usr/bin/kinit
	sasl.kerberos.min.time.before.relogin = 60000
	sasl.kerberos.service.name = null
	sasl.kerberos.ticket.renew.jitter = 0.05
	sasl.kerberos.ticket.renew.window.factor = 0.8
	sasl.login.callback.handler.class = null
	sasl.login.class = null
	sasl.login.connect.timeout.ms = null
	sasl.login.read.timeout.ms = null
	sasl.login.refresh.buffer.seconds = 300
	sasl.login.refresh.min.period.seconds = 60
	sasl.login.refresh.window.factor = 0.8
	sasl.login.refresh.window.jitter = 0.05
	sasl.login.retry.backoff.max.ms = 10000
	sasl.login.retry.backoff.ms = 100
	sasl.mechanism = GSSAPI
	sasl.oauthbearer.clock.skew.seconds = 30
	sasl.oauthbearer.expected.audience = null
	sasl.oauthbearer.expected.issuer = null
	sasl.oauthbearer.header.urlencode = false
	sasl.oauthbearer.jwks.endpoint.refresh.ms = 3600000
	sasl.oauthbearer.jwks.endpoint.retry.backoff.max.ms = 10000
	sasl.oauthbearer.jwks.endpoint.retry.backoff.ms = 100
	sasl.oauthbearer.jwks.endpoint.url = null
	sasl.oauthbearer.scope.claim.name = scope
	sasl.oauthbearer.sub.claim.name = sub
	sasl.oauthbearer.token.endpoint.url = null
	security.protocol = PLAINTEXT
	security.providers = null
	send.buffer.bytes = 131072
	socket.connection.setup.timeout.max.ms = 30000
	socket.connection.setup.timeout.ms = 10000
	ssl.cipher.suites = null
	ssl.enabled.protocols = [TLSv1.2, TLSv1.3]
	ssl.endpoint.identification.algorithm = https
	ssl.engine.factory.class = null
	ssl.key.password = null
	ssl.keymanager.algorithm = SunX509
	ssl.keystore.certificate.chain = null
	ssl.keystore.key = null
	ssl.keystore.location = null
	ssl.keystore.password = null
	ssl.keystore.type = JKS
	ssl.protocol = TLSv1.3
	ssl.provider = null
	ssl.secure.random.implementation = null
	ssl.trustmanager.algorithm = PKIX
	ssl.truststore.certificates = null
	ssl.truststore.location = null
	ssl.truststore.password = null
	ssl.truststore.type = JKS

2025-08-07 20:27:43,034 INFO  [org.apa.kaf.com.uti.AppInfoParser] (main) Kafka version: 3.9.1
2025-08-07 20:27:43,034 INFO  [org.apa.kaf.com.uti.AppInfoParser] (main) Kafka commitId: f745dfdcee2b9851
2025-08-07 20:27:43,034 INFO  [org.apa.kaf.com.uti.AppInfoParser] (main) Kafka startTimeMs: 1754598463032
**** Registry Base URL: http://registry-app-pg17.apps.ci419.apicurio-testing.org:80
2025-08-07 20:27:43,083 INFO  [org.apa.kaf.cli.pro.ProducerConfig] (main) ProducerConfig values: 
	acks = -1
	auto.include.jmx.reporter = true
	batch.size = 16384
	bootstrap.servers = [PLAINTEXT://localhost:32769]
	buffer.memory = 33554432
	client.dns.lookup = use_all_dns_ips
	client.id = Producer-topic-af721db0_2d2e_4ae3_a869_2a5240271bad
	compression.gzip.level = -1
	compression.lz4.level = 9
	compression.type = none
	compression.zstd.level = 3
	connections.max.idle.ms = 10000
	delivery.timeout.ms = 120000
	enable.idempotence = true
	enable.metrics.push = true
	interceptor.classes = []
	key.serializer = class org.apache.kafka.common.serialization.StringSerializer
	linger.ms = 0
	max.block.ms = 60000
	max.in.flight.requests.per.connection = 5
	max.request.size = 1048576
	metadata.max.age.ms = 300000
	metadata.max.idle.ms = 300000
	metadata.recovery.strategy = none
	metric.reporters = []
	metrics.num.samples = 2
	metrics.recording.level = INFO
	metrics.sample.window.ms = 30000
	partitioner.adaptive.partitioning.enable = true
	partitioner.availability.timeout.ms = 0
	partitioner.class = null
	partitioner.ignore.keys = false
	receive.buffer.bytes = 32768
	reconnect.backoff.max.ms = 1000
	reconnect.backoff.ms = 50
	request.timeout.ms = 5000
	retries = 2147483647
	retry.backoff.max.ms = 1000
	retry.backoff.ms = 100
	sasl.client.callback.handler.class = null
	sasl.jaas.config = null
	sasl.kerberos.kinit.cmd = /usr/bin/kinit
	sasl.kerberos.min.time.before.relogin = 60000
	sasl.kerberos.service.name = null
	sasl.kerberos.ticket.renew.jitter = 0.05
	sasl.kerberos.ticket.renew.window.factor = 0.8
	sasl.login.callback.handler.class = null
	sasl.login.class = null
	sasl.login.connect.timeout.ms = null
	sasl.login.read.timeout.ms = null
	sasl.login.refresh.buffer.seconds = 300
	sasl.login.refresh.min.period.seconds = 60
	sasl.login.refresh.window.factor = 0.8
	sasl.login.refresh.window.jitter = 0.05
	sasl.login.retry.backoff.max.ms = 10000
	sasl.login.retry.backoff.ms = 100
	sasl.mechanism = GSSAPI
	sasl.oauthbearer.clock.skew.seconds = 30
	sasl.oauthbearer.expected.audience = null
	sasl.oauthbearer.expected.issuer = null
	sasl.oauthbearer.header.urlencode = false
	sasl.oauthbearer.jwks.endpoint.refresh.ms = 3600000
	sasl.oauthbearer.jwks.endpoint.retry.backoff.max.ms = 10000
	sasl.oauthbearer.jwks.endpoint.retry.backoff.ms = 100
	sasl.oauthbearer.jwks.endpoint.url = null
	sasl.oauthbearer.scope.claim.name = scope
	sasl.oauthbearer.sub.claim.name = sub
	sasl.oauthbearer.token.endpoint.url = null
	security.protocol = PLAINTEXT
	security.providers = null
	send.buffer.bytes = 131072
	socket.connection.setup.timeout.max.ms = 30000
	socket.connection.setup.timeout.ms = 10000
	ssl.cipher.suites = null
	ssl.enabled.protocols = [TLSv1.2, TLSv1.3]
	ssl.endpoint.identification.algorithm = https
	ssl.engine.factory.class = null
	ssl.key.password = null
	ssl.keymanager.algorithm = SunX509
	ssl.keystore.certificate.chain = null
	ssl.keystore.key = null
	ssl.keystore.location = null
	ssl.keystore.password = null
	ssl.keystore.type = JKS
	ssl.protocol = TLSv1.3
	ssl.provider = null
	ssl.secure.random.implementation = null
	ssl.trustmanager.algorithm = PKIX
	ssl.truststore.certificates = null
	ssl.truststore.location = null
	ssl.truststore.password = null
	ssl.truststore.type = JKS
	transaction.timeout.ms = 60000
	transactional.id = null
	value.serializer = class io.apicurio.registry.serde.avro.AvroKafkaSerializer

2025-08-07 20:27:43,140 INFO  [org.apa.kaf.com.tel.int.KafkaMetricsCollector] (main) initializing Kafka metrics collector
2025-08-07 20:27:43,171 INFO  [org.apa.kaf.cli.pro.KafkaProducer] (main) [Producer clientId=Producer-topic-af721db0_2d2e_4ae3_a869_2a5240271bad] Instantiated an idempotent producer.
2025-08-07 20:27:43,222 INFO  [org.apa.kaf.cli.pro.ProducerConfig] (main) These configurations '[apicurio.registry.url, apicurio.registry.auto-register, apicurio.registry.use-id, apicurio.registry.artifact-resolver-strategy]' were supplied but are not used yet.
2025-08-07 20:27:43,223 INFO  [org.apa.kaf.com.uti.AppInfoParser] (main) Kafka version: 3.9.1
2025-08-07 20:27:43,223 INFO  [org.apa.kaf.com.uti.AppInfoParser] (main) Kafka commitId: f745dfdcee2b9851
2025-08-07 20:27:43,223 INFO  [org.apa.kaf.com.uti.AppInfoParser] (main) Kafka startTimeMs: 1754598463222
2025-08-07 20:27:43,223 INFO  [io.api.tes.ser.api.SimpleSerdesTesterBuilder$SimpleSerdesTester] (main) Using producer configuration: {apicurio.registry.url=http://registry-app-pg17.apps.ci419.apicurio-testing.org:80/apis/registry/v3, apicurio.registry.auto-register=true, apicurio.registry.use-id=globalId, apicurio.registry.artifact-resolver-strategy=io.apicurio.registry.serde.strategy.TopicIdStrategy, value.serializer=io.apicurio.registry.serde.avro.AvroKafkaSerializer, request.timeout.ms=5000, acks=all, bootstrap.servers=PLAINTEXT://localhost:32769, connections.max.idle.ms=10000, key.serializer=org.apache.kafka.common.serialization.StringSerializer, client.id=Producer-topic-af721db0_2d2e_4ae3_a869_2a5240271bad}
2025-08-07 20:27:43,223 INFO  [io.api.tes.ser.api.SimpleSerdesTesterBuilder$SimpleSerdesTester] (main) Using consumer configuration: {apicurio.registry.use-id=globalId}
2025-08-07 20:27:43,230 INFO  [io.api.tes.ser.api.KafkaSerdesTester] (Thread-600) Sending message {"key11754598463056": "value-0"} to topic topic-af721db0_2d2e_4ae3_a869_2a5240271bad
2025-08-07 20:27:43,629 WARN  [org.apa.kaf.cli.NetworkClient] (kafka-producer-network-thread | Producer-topic-af721db0_2d2e_4ae3_a869_2a5240271bad) [Producer clientId=Producer-topic-af721db0_2d2e_4ae3_a869_2a5240271bad] The metadata response from the cluster reported a recoverable issue with correlation id 1 : {topic-af721db0_2d2e_4ae3_a869_2a5240271bad=UNKNOWN_TOPIC_OR_PARTITION}
2025-08-07 20:27:43,634 INFO  [org.apa.kaf.cli.Metadata] (kafka-producer-network-thread | Producer-topic-af721db0_2d2e_4ae3_a869_2a5240271bad) [Producer clientId=Producer-topic-af721db0_2d2e_4ae3_a869_2a5240271bad] Cluster ID: g89mLo7yQq6pgEL9WhhAvA
2025-08-07 20:27:43,868 INFO  [org.apa.kaf.cli.pro.int.TransactionManager] (kafka-producer-network-thread | Producer-topic-af721db0_2d2e_4ae3_a869_2a5240271bad) [Producer clientId=Producer-topic-af721db0_2d2e_4ae3_a869_2a5240271bad] ProducerId set to 0 with epoch 0
2025-08-07 20:27:44,046 INFO  [io.api.tes.ser.api.KafkaSerdesTester] (Thread-600) Sending message {"key11754598463056": "value-1"} to topic topic-af721db0_2d2e_4ae3_a869_2a5240271bad
2025-08-07 20:27:44,053 INFO  [io.api.tes.ser.api.KafkaSerdesTester] (Thread-600) Sending message {"key11754598463056": "value-2"} to topic topic-af721db0_2d2e_4ae3_a869_2a5240271bad
2025-08-07 20:27:44,060 INFO  [io.api.tes.ser.api.KafkaSerdesTester] (Thread-600) Sending message {"key11754598463056": "value-3"} to topic topic-af721db0_2d2e_4ae3_a869_2a5240271bad
2025-08-07 20:27:44,065 INFO  [io.api.tes.ser.api.KafkaSerdesTester] (Thread-600) Sending message {"key11754598463056": "value-4"} to topic topic-af721db0_2d2e_4ae3_a869_2a5240271bad
2025-08-07 20:27:44,069 INFO  [io.api.tes.ser.api.KafkaSerdesTester] (Thread-600) Sending message {"key11754598463056": "value-5"} to topic topic-af721db0_2d2e_4ae3_a869_2a5240271bad
2025-08-07 20:27:44,074 INFO  [io.api.tes.ser.api.KafkaSerdesTester] (Thread-600) Sending message {"key11754598463056": "value-6"} to topic topic-af721db0_2d2e_4ae3_a869_2a5240271bad
2025-08-07 20:27:44,080 INFO  [io.api.tes.ser.api.KafkaSerdesTester] (Thread-600) Sending message {"key11754598463056": "value-7"} to topic topic-af721db0_2d2e_4ae3_a869_2a5240271bad
2025-08-07 20:27:44,086 INFO  [io.api.tes.ser.api.KafkaSerdesTester] (Thread-600) Sending message {"key11754598463056": "value-8"} to topic topic-af721db0_2d2e_4ae3_a869_2a5240271bad
2025-08-07 20:27:44,089 INFO  [io.api.tes.ser.api.KafkaSerdesTester] (Thread-600) Sending message {"key11754598463056": "value-9"} to topic topic-af721db0_2d2e_4ae3_a869_2a5240271bad
2025-08-07 20:27:44,093 INFO  [io.api.tes.ser.api.KafkaSerdesTester] (Thread-600) Produced 10 messages
2025-08-07 20:27:44,094 INFO  [org.apa.kaf.cli.pro.KafkaProducer] (Thread-600) [Producer clientId=Producer-topic-af721db0_2d2e_4ae3_a869_2a5240271bad] Closing the Kafka producer with timeoutMillis = 9223372036854775807 ms.
2025-08-07 20:27:44,111 INFO  [org.apa.kaf.com.met.Metrics] (Thread-600) Metrics scheduler closed
2025-08-07 20:27:44,112 INFO  [org.apa.kaf.com.met.Metrics] (Thread-600) Closing reporter org.apache.kafka.common.metrics.JmxReporter
2025-08-07 20:27:44,112 INFO  [org.apa.kaf.com.met.Metrics] (Thread-600) Closing reporter org.apache.kafka.common.telemetry.internals.ClientTelemetryReporter
2025-08-07 20:27:44,112 INFO  [org.apa.kaf.com.met.Metrics] (Thread-600) Metrics reporters closed
2025-08-07 20:27:44,114 INFO  [org.apa.kaf.com.uti.AppInfoParser] (Thread-600) App info kafka.producer for Producer-topic-af721db0_2d2e_4ae3_a869_2a5240271bad unregistered
**** Registry Base URL: http://registry-app-pg17.apps.ci419.apicurio-testing.org:80
2025-08-07 20:27:44,259 INFO  [org.apa.kaf.cli.con.ConsumerConfig] (main) ConsumerConfig values: 
	allow.auto.create.topics = true
	auto.commit.interval.ms = 500
	auto.include.jmx.reporter = true
	auto.offset.reset = earliest
	bootstrap.servers = [PLAINTEXT://localhost:32769]
	check.crcs = true
	client.dns.lookup = use_all_dns_ips
	client.id = consumer-Consumer-topic-af721db0_2d2e_4ae3_a869_2a5240271bad-1
	client.rack = 
	connections.max.idle.ms = 10000
	default.api.timeout.ms = 60000
	enable.auto.commit = true
	enable.metrics.push = true
	exclude.internal.topics = true
	fetch.max.bytes = 52428800
	fetch.max.wait.ms = 500
	fetch.min.bytes = 1
	group.id = Consumer-topic-af721db0_2d2e_4ae3_a869_2a5240271bad
	group.instance.id = null
	group.protocol = classic
	group.remote.assignor = null
	heartbeat.interval.ms = 3000
	interceptor.classes = []
	internal.leave.group.on.close = true
	internal.throw.on.fetch.stable.offset.unsupported = false
	isolation.level = read_uncommitted
	key.deserializer = class org.apache.kafka.common.serialization.StringDeserializer
	max.partition.fetch.bytes = 1048576
	max.poll.interval.ms = 300000
	max.poll.records = 500
	metadata.max.age.ms = 300000
	metadata.recovery.strategy = none
	metric.reporters = []
	metrics.num.samples = 2
	metrics.recording.level = INFO
	metrics.sample.window.ms = 30000
	partition.assignment.strategy = [class org.apache.kafka.clients.consumer.RangeAssignor, class org.apache.kafka.clients.consumer.CooperativeStickyAssignor]
	receive.buffer.bytes = 65536
	reconnect.backoff.max.ms = 1000
	reconnect.backoff.ms = 50
	request.timeout.ms = 5000
	retry.backoff.max.ms = 1000
	retry.backoff.ms = 100
	sasl.client.callback.handler.class = null
	sasl.jaas.config = null
	sasl.kerberos.kinit.cmd = /usr/bin/kinit
	sasl.kerberos.min.time.before.relogin = 60000
	sasl.kerberos.service.name = null
	sasl.kerberos.ticket.renew.jitter = 0.05
	sasl.kerberos.ticket.renew.window.factor = 0.8
	sasl.login.callback.handler.class = null
	sasl.login.class = null
	sasl.login.connect.timeout.ms = null
	sasl.login.read.timeout.ms = null
	sasl.login.refresh.buffer.seconds = 300
	sasl.login.refresh.min.period.seconds = 60
	sasl.login.refresh.window.factor = 0.8
	sasl.login.refresh.window.jitter = 0.05
	sasl.login.retry.backoff.max.ms = 10000
	sasl.login.retry.backoff.ms = 100
	sasl.mechanism = GSSAPI
	sasl.oauthbearer.clock.skew.seconds = 30
	sasl.oauthbearer.expected.audience = null
	sasl.oauthbearer.expected.issuer = null
	sasl.oauthbearer.header.urlencode = false
	sasl.oauthbearer.jwks.endpoint.refresh.ms = 3600000
	sasl.oauthbearer.jwks.endpoint.retry.backoff.max.ms = 10000
	sasl.oauthbearer.jwks.endpoint.retry.backoff.ms = 100
	sasl.oauthbearer.jwks.endpoint.url = null
	sasl.oauthbearer.scope.claim.name = scope
	sasl.oauthbearer.sub.claim.name = sub
	sasl.oauthbearer.token.endpoint.url = null
	security.protocol = PLAINTEXT
	security.providers = null
	send.buffer.bytes = 131072
	session.timeout.ms = 45000
	socket.connection.setup.timeout.max.ms = 30000
	socket.connection.setup.timeout.ms = 10000
	ssl.cipher.suites = null
	ssl.enabled.protocols = [TLSv1.2, TLSv1.3]
	ssl.endpoint.identification.algorithm = https
	ssl.engine.factory.class = null
	ssl.key.password = null
	ssl.keymanager.algorithm = SunX509
	ssl.keystore.certificate.chain = null
	ssl.keystore.key = null
	ssl.keystore.location = null
	ssl.keystore.password = null
	ssl.keystore.type = JKS
	ssl.protocol = TLSv1.3
	ssl.provider = null
	ssl.secure.random.implementation = null
	ssl.trustmanager.algorithm = PKIX
	ssl.truststore.certificates = null
	ssl.truststore.location = null
	ssl.truststore.password = null
	ssl.truststore.type = JKS
	value.deserializer = class io.apicurio.registry.serde.avro.AvroKafkaDeserializer

2025-08-07 20:27:44,269 INFO  [org.apa.kaf.com.tel.int.KafkaMetricsCollector] (main) initializing Kafka metrics collector
2025-08-07 20:27:44,370 INFO  [org.apa.kaf.cli.con.ConsumerConfig] (main) These configurations '[apicurio.registry.url, apicurio.registry.use-id]' were supplied but are not used yet.
2025-08-07 20:27:44,370 INFO  [org.apa.kaf.com.uti.AppInfoParser] (main) Kafka version: 3.9.1
2025-08-07 20:27:44,373 INFO  [org.apa.kaf.com.uti.AppInfoParser] (main) Kafka commitId: f745dfdcee2b9851
2025-08-07 20:27:44,373 INFO  [org.apa.kaf.com.uti.AppInfoParser] (main) Kafka startTimeMs: 1754598464370
2025-08-07 20:27:44,380 INFO  [org.apa.kaf.cli.con.int.ClassicKafkaConsumer] (Thread-603) [Consumer clientId=consumer-Consumer-topic-af721db0_2d2e_4ae3_a869_2a5240271bad-1, groupId=Consumer-topic-af721db0_2d2e_4ae3_a869_2a5240271bad] Subscribed to topic(s): topic-af721db0_2d2e_4ae3_a869_2a5240271bad
2025-08-07 20:27:44,409 INFO  [org.apa.kaf.cli.Metadata] (Thread-603) [Consumer clientId=consumer-Consumer-topic-af721db0_2d2e_4ae3_a869_2a5240271bad-1, groupId=Consumer-topic-af721db0_2d2e_4ae3_a869_2a5240271bad] Cluster ID: g89mLo7yQq6pgEL9WhhAvA
2025-08-07 20:27:44,551 INFO  [org.apa.kaf.cli.con.int.ConsumerCoordinator] (Thread-603) [Consumer clientId=consumer-Consumer-topic-af721db0_2d2e_4ae3_a869_2a5240271bad-1, groupId=Consumer-topic-af721db0_2d2e_4ae3_a869_2a5240271bad] Discovered group coordinator localhost:32769 (id: 2147483647 rack: null)
2025-08-07 20:27:44,566 INFO  [org.apa.kaf.cli.con.int.ConsumerCoordinator] (Thread-603) [Consumer clientId=consumer-Consumer-topic-af721db0_2d2e_4ae3_a869_2a5240271bad-1, groupId=Consumer-topic-af721db0_2d2e_4ae3_a869_2a5240271bad] (Re-)joining group
2025-08-07 20:27:44,614 INFO  [org.apa.kaf.cli.con.int.ConsumerCoordinator] (Thread-603) [Consumer clientId=consumer-Consumer-topic-af721db0_2d2e_4ae3_a869_2a5240271bad-1, groupId=Consumer-topic-af721db0_2d2e_4ae3_a869_2a5240271bad] Group coordinator localhost:32769 (id: 2147483647 rack: null) is unavailable or invalid due to cause: error response NOT_COORDINATOR. isDisconnected: false. Rediscovery will be attempted.
2025-08-07 20:27:44,614 INFO  [org.apa.kaf.cli.con.int.ConsumerCoordinator] (Thread-603) [Consumer clientId=consumer-Consumer-topic-af721db0_2d2e_4ae3_a869_2a5240271bad-1, groupId=Consumer-topic-af721db0_2d2e_4ae3_a869_2a5240271bad] Requesting disconnect from last known coordinator localhost:32769 (id: 2147483647 rack: null)
2025-08-07 20:27:44,615 INFO  [org.apa.kaf.cli.con.int.ConsumerCoordinator] (Thread-603) [Consumer clientId=consumer-Consumer-topic-af721db0_2d2e_4ae3_a869_2a5240271bad-1, groupId=Consumer-topic-af721db0_2d2e_4ae3_a869_2a5240271bad] JoinGroup failed: This is not the correct coordinator. Marking coordinator unknown. Sent generation was Generation{generationId=-1, memberId='', protocol='null'}
2025-08-07 20:27:44,615 INFO  [org.apa.kaf.cli.NetworkClient] (Thread-603) [Consumer clientId=consumer-Consumer-topic-af721db0_2d2e_4ae3_a869_2a5240271bad-1, groupId=Consumer-topic-af721db0_2d2e_4ae3_a869_2a5240271bad] Client requested disconnect from node 2147483647
2025-08-07 20:27:44,622 INFO  [org.apa.kaf.cli.con.int.ConsumerCoordinator] (Thread-603) [Consumer clientId=consumer-Consumer-topic-af721db0_2d2e_4ae3_a869_2a5240271bad-1, groupId=Consumer-topic-af721db0_2d2e_4ae3_a869_2a5240271bad] Discovered group coordinator localhost:32769 (id: 2147483647 rack: null)
2025-08-07 20:27:44,622 INFO  [org.apa.kaf.cli.con.int.ConsumerCoordinator] (Thread-603) [Consumer clientId=consumer-Consumer-topic-af721db0_2d2e_4ae3_a869_2a5240271bad-1, groupId=Consumer-topic-af721db0_2d2e_4ae3_a869_2a5240271bad] Group coordinator localhost:32769 (id: 2147483647 rack: null) is unavailable or invalid due to cause: coordinator unavailable. isDisconnected: false. Rediscovery will be attempted.
2025-08-07 20:27:44,622 INFO  [org.apa.kaf.cli.con.int.ConsumerCoordinator] (Thread-603) [Consumer clientId=consumer-Consumer-topic-af721db0_2d2e_4ae3_a869_2a5240271bad-1, groupId=Consumer-topic-af721db0_2d2e_4ae3_a869_2a5240271bad] Requesting disconnect from last known coordinator localhost:32769 (id: 2147483647 rack: null)
2025-08-07 20:27:44,712 INFO  [org.apa.kaf.cli.con.int.ConsumerCoordinator] (Thread-603) [Consumer clientId=consumer-Consumer-topic-af721db0_2d2e_4ae3_a869_2a5240271bad-1, groupId=Consumer-topic-af721db0_2d2e_4ae3_a869_2a5240271bad] Discovered group coordinator localhost:32769 (id: 2147483647 rack: null)
2025-08-07 20:27:44,713 INFO  [org.apa.kaf.cli.con.int.ConsumerCoordinator] (Thread-603) [Consumer clientId=consumer-Consumer-topic-af721db0_2d2e_4ae3_a869_2a5240271bad-1, groupId=Consumer-topic-af721db0_2d2e_4ae3_a869_2a5240271bad] Request joining group due to: rebalance failed due to 'This is not the correct coordinator.' (NotCoordinatorException)
2025-08-07 20:27:44,714 INFO  [org.apa.kaf.cli.con.int.ConsumerCoordinator] (Thread-603) [Consumer clientId=consumer-Consumer-topic-af721db0_2d2e_4ae3_a869_2a5240271bad-1, groupId=Consumer-topic-af721db0_2d2e_4ae3_a869_2a5240271bad] (Re-)joining group
2025-08-07 20:27:44,726 INFO  [org.apa.kaf.cli.con.int.ConsumerCoordinator] (Thread-603) [Consumer clientId=consumer-Consumer-topic-af721db0_2d2e_4ae3_a869_2a5240271bad-1, groupId=Consumer-topic-af721db0_2d2e_4ae3_a869_2a5240271bad] Group coordinator localhost:32769 (id: 2147483647 rack: null) is unavailable or invalid due to cause: error response NOT_COORDINATOR. isDisconnected: false. Rediscovery will be attempted.
2025-08-07 20:27:44,726 INFO  [org.apa.kaf.cli.con.int.ConsumerCoordinator] (Thread-603) [Consumer clientId=consumer-Consumer-topic-af721db0_2d2e_4ae3_a869_2a5240271bad-1, groupId=Consumer-topic-af721db0_2d2e_4ae3_a869_2a5240271bad] Requesting disconnect from last known coordinator localhost:32769 (id: 2147483647 rack: null)
2025-08-07 20:27:44,726 INFO  [org.apa.kaf.cli.con.int.ConsumerCoordinator] (Thread-603) [Consumer clientId=consumer-Consumer-topic-af721db0_2d2e_4ae3_a869_2a5240271bad-1, groupId=Consumer-topic-af721db0_2d2e_4ae3_a869_2a5240271bad] JoinGroup failed: This is not the correct coordinator. Marking coordinator unknown. Sent generation was Generation{generationId=-1, memberId='', protocol='null'}
2025-08-07 20:27:44,726 INFO  [org.apa.kaf.cli.NetworkClient] (Thread-603) [Consumer clientId=consumer-Consumer-topic-af721db0_2d2e_4ae3_a869_2a5240271bad-1, groupId=Consumer-topic-af721db0_2d2e_4ae3_a869_2a5240271bad] Client requested disconnect from node 2147483647
2025-08-07 20:27:44,734 INFO  [org.apa.kaf.cli.con.int.ConsumerCoordinator] (Thread-603) [Consumer clientId=consumer-Consumer-topic-af721db0_2d2e_4ae3_a869_2a5240271bad-1, groupId=Consumer-topic-af721db0_2d2e_4ae3_a869_2a5240271bad] Discovered group coordinator localhost:32769 (id: 2147483647 rack: null)
2025-08-07 20:27:44,734 INFO  [org.apa.kaf.cli.con.int.ConsumerCoordinator] (Thread-603) [Consumer clientId=consumer-Consumer-topic-af721db0_2d2e_4ae3_a869_2a5240271bad-1, groupId=Consumer-topic-af721db0_2d2e_4ae3_a869_2a5240271bad] Group coordinator localhost:32769 (id: 2147483647 rack: null) is unavailable or invalid due to cause: coordinator unavailable. isDisconnected: false. Rediscovery will be attempted.
2025-08-07 20:27:44,734 INFO  [org.apa.kaf.cli.con.int.ConsumerCoordinator] (Thread-603) [Consumer clientId=consumer-Consumer-topic-af721db0_2d2e_4ae3_a869_2a5240271bad-1, groupId=Consumer-topic-af721db0_2d2e_4ae3_a869_2a5240271bad] Requesting disconnect from last known coordinator localhost:32769 (id: 2147483647 rack: null)
2025-08-07 20:27:44,855 INFO  [org.apa.kaf.cli.con.int.ConsumerCoordinator] (Thread-603) [Consumer clientId=consumer-Consumer-topic-af721db0_2d2e_4ae3_a869_2a5240271bad-1, groupId=Consumer-topic-af721db0_2d2e_4ae3_a869_2a5240271bad] Discovered group coordinator localhost:32769 (id: 2147483647 rack: null)
2025-08-07 20:27:44,856 INFO  [org.apa.kaf.cli.con.int.ConsumerCoordinator] (Thread-603) [Consumer clientId=consumer-Consumer-topic-af721db0_2d2e_4ae3_a869_2a5240271bad-1, groupId=Consumer-topic-af721db0_2d2e_4ae3_a869_2a5240271bad] Request joining group due to: rebalance failed due to 'This is not the correct coordinator.' (NotCoordinatorException)
2025-08-07 20:27:44,856 INFO  [org.apa.kaf.cli.con.int.ConsumerCoordinator] (Thread-603) [Consumer clientId=consumer-Consumer-topic-af721db0_2d2e_4ae3_a869_2a5240271bad-1, groupId=Consumer-topic-af721db0_2d2e_4ae3_a869_2a5240271bad] (Re-)joining group
2025-08-07 20:27:44,869 INFO  [org.apa.kaf.cli.con.int.ConsumerCoordinator] (Thread-603) [Consumer clientId=consumer-Consumer-topic-af721db0_2d2e_4ae3_a869_2a5240271bad-1, groupId=Consumer-topic-af721db0_2d2e_4ae3_a869_2a5240271bad] Group coordinator localhost:32769 (id: 2147483647 rack: null) is unavailable or invalid due to cause: error response NOT_COORDINATOR. isDisconnected: false. Rediscovery will be attempted.
2025-08-07 20:27:44,869 INFO  [org.apa.kaf.cli.con.int.ConsumerCoordinator] (Thread-603) [Consumer clientId=consumer-Consumer-topic-af721db0_2d2e_4ae3_a869_2a5240271bad-1, groupId=Consumer-topic-af721db0_2d2e_4ae3_a869_2a5240271bad] Requesting disconnect from last known coordinator localhost:32769 (id: 2147483647 rack: null)
2025-08-07 20:27:44,869 INFO  [org.apa.kaf.cli.con.int.ConsumerCoordinator] (Thread-603) [Consumer clientId=consumer-Consumer-topic-af721db0_2d2e_4ae3_a869_2a5240271bad-1, groupId=Consumer-topic-af721db0_2d2e_4ae3_a869_2a5240271bad] JoinGroup failed: This is not the correct coordinator. Marking coordinator unknown. Sent generation was Generation{generationId=-1, memberId='', protocol='null'}
2025-08-07 20:27:44,870 INFO  [org.apa.kaf.cli.NetworkClient] (Thread-603) [Consumer clientId=consumer-Consumer-topic-af721db0_2d2e_4ae3_a869_2a5240271bad-1, groupId=Consumer-topic-af721db0_2d2e_4ae3_a869_2a5240271bad] Client requested disconnect from node 2147483647
2025-08-07 20:27:44,876 INFO  [org.apa.kaf.cli.con.int.ConsumerCoordinator] (Thread-603) [Consumer clientId=consumer-Consumer-topic-af721db0_2d2e_4ae3_a869_2a5240271bad-1, groupId=Consumer-topic-af721db0_2d2e_4ae3_a869_2a5240271bad] Discovered group coordinator localhost:32769 (id: 2147483647 rack: null)
2025-08-07 20:27:44,876 INFO  [org.apa.kaf.cli.con.int.ConsumerCoordinator] (Thread-603) [Consumer clientId=consumer-Consumer-topic-af721db0_2d2e_4ae3_a869_2a5240271bad-1, groupId=Consumer-topic-af721db0_2d2e_4ae3_a869_2a5240271bad] Group coordinator localhost:32769 (id: 2147483647 rack: null) is unavailable or invalid due to cause: coordinator unavailable. isDisconnected: false. Rediscovery will be attempted.
2025-08-07 20:27:44,877 INFO  [org.apa.kaf.cli.con.int.ConsumerCoordinator] (Thread-603) [Consumer clientId=consumer-Consumer-topic-af721db0_2d2e_4ae3_a869_2a5240271bad-1, groupId=Consumer-topic-af721db0_2d2e_4ae3_a869_2a5240271bad] Requesting disconnect from last known coordinator localhost:32769 (id: 2147483647 rack: null)
2025-08-07 20:27:45,003 INFO  [org.apa.kaf.cli.con.int.ConsumerCoordinator] (Thread-603) [Consumer clientId=consumer-Consumer-topic-af721db0_2d2e_4ae3_a869_2a5240271bad-1, groupId=Consumer-topic-af721db0_2d2e_4ae3_a869_2a5240271bad] Discovered group coordinator localhost:32769 (id: 2147483647 rack: null)
2025-08-07 20:27:45,004 INFO  [org.apa.kaf.cli.con.int.ConsumerCoordinator] (Thread-603) [Consumer clientId=consumer-Consumer-topic-af721db0_2d2e_4ae3_a869_2a5240271bad-1, groupId=Consumer-topic-af721db0_2d2e_4ae3_a869_2a5240271bad] Request joining group due to: rebalance failed due to 'This is not the correct coordinator.' (NotCoordinatorException)
2025-08-07 20:27:45,004 INFO  [org.apa.kaf.cli.con.int.ConsumerCoordinator] (Thread-603) [Consumer clientId=consumer-Consumer-topic-af721db0_2d2e_4ae3_a869_2a5240271bad-1, groupId=Consumer-topic-af721db0_2d2e_4ae3_a869_2a5240271bad] (Re-)joining group
2025-08-07 20:27:45,053 INFO  [org.apa.kaf.cli.con.int.ConsumerCoordinator] (Thread-603) [Consumer clientId=consumer-Consumer-topic-af721db0_2d2e_4ae3_a869_2a5240271bad-1, groupId=Consumer-topic-af721db0_2d2e_4ae3_a869_2a5240271bad] JoinGroup failed: Coordinator localhost:32769 (id: 2147483647 rack: null) is loading the group.
2025-08-07 20:27:45,054 INFO  [org.apa.kaf.cli.con.int.ConsumerCoordinator] (Thread-603) [Consumer clientId=consumer-Consumer-topic-af721db0_2d2e_4ae3_a869_2a5240271bad-1, groupId=Consumer-topic-af721db0_2d2e_4ae3_a869_2a5240271bad] Request joining group due to: rebalance failed due to 'The coordinator is loading and hence can't process requests.' (CoordinatorLoadInProgressException)
2025-08-07 20:27:45,154 INFO  [org.apa.kaf.cli.con.int.ConsumerCoordinator] (Thread-603) [Consumer clientId=consumer-Consumer-topic-af721db0_2d2e_4ae3_a869_2a5240271bad-1, groupId=Consumer-topic-af721db0_2d2e_4ae3_a869_2a5240271bad] (Re-)joining group
2025-08-07 20:27:45,161 INFO  [org.apa.kaf.cli.con.int.ConsumerCoordinator] (Thread-603) [Consumer clientId=consumer-Consumer-topic-af721db0_2d2e_4ae3_a869_2a5240271bad-1, groupId=Consumer-topic-af721db0_2d2e_4ae3_a869_2a5240271bad] Request joining group due to: need to re-join with the given member-id: consumer-Consumer-topic-af721db0_2d2e_4ae3_a869_2a5240271bad-1-960c9dbe-7d78-4b0e-befc-2a6a7a283cbd
2025-08-07 20:27:45,162 INFO  [org.apa.kaf.cli.con.int.ConsumerCoordinator] (Thread-603) [Consumer clientId=consumer-Consumer-topic-af721db0_2d2e_4ae3_a869_2a5240271bad-1, groupId=Consumer-topic-af721db0_2d2e_4ae3_a869_2a5240271bad] (Re-)joining group
2025-08-07 20:27:45,381 INFO  [io.api.tes.ser.api.KafkaSerdesTester] (Thread-603) None found
2025-08-07 20:27:46,381 INFO  [io.api.tes.ser.api.KafkaSerdesTester] (Thread-603) None found
2025-08-07 20:27:47,381 INFO  [io.api.tes.ser.api.KafkaSerdesTester] (Thread-603) None found
2025-08-07 20:27:48,184 INFO  [org.apa.kaf.cli.con.int.ConsumerCoordinator] (Thread-603) [Consumer clientId=consumer-Consumer-topic-af721db0_2d2e_4ae3_a869_2a5240271bad-1, groupId=Consumer-topic-af721db0_2d2e_4ae3_a869_2a5240271bad] Successfully joined group with generation Generation{generationId=1, memberId='consumer-Consumer-topic-af721db0_2d2e_4ae3_a869_2a5240271bad-1-960c9dbe-7d78-4b0e-befc-2a6a7a283cbd', protocol='range'}
2025-08-07 20:27:48,195 INFO  [org.apa.kaf.cli.con.int.ConsumerCoordinator] (Thread-603) [Consumer clientId=consumer-Consumer-topic-af721db0_2d2e_4ae3_a869_2a5240271bad-1, groupId=Consumer-topic-af721db0_2d2e_4ae3_a869_2a5240271bad] Finished assignment for group at generation 1: {consumer-Consumer-topic-af721db0_2d2e_4ae3_a869_2a5240271bad-1-960c9dbe-7d78-4b0e-befc-2a6a7a283cbd=Assignment(partitions=[topic-af721db0_2d2e_4ae3_a869_2a5240271bad-0])}
2025-08-07 20:27:48,215 INFO  [org.apa.kaf.cli.con.int.ConsumerCoordinator] (kafka-coordinator-heartbeat-thread | Consumer-topic-af721db0_2d2e_4ae3_a869_2a5240271bad) [Consumer clientId=consumer-Consumer-topic-af721db0_2d2e_4ae3_a869_2a5240271bad-1, groupId=Consumer-topic-af721db0_2d2e_4ae3_a869_2a5240271bad] Successfully synced group in generation Generation{generationId=1, memberId='consumer-Consumer-topic-af721db0_2d2e_4ae3_a869_2a5240271bad-1-960c9dbe-7d78-4b0e-befc-2a6a7a283cbd', protocol='range'}
2025-08-07 20:27:48,218 INFO  [org.apa.kaf.cli.con.int.ConsumerCoordinator] (Thread-603) [Consumer clientId=consumer-Consumer-topic-af721db0_2d2e_4ae3_a869_2a5240271bad-1, groupId=Consumer-topic-af721db0_2d2e_4ae3_a869_2a5240271bad] Notifying assignor about the new Assignment(partitions=[topic-af721db0_2d2e_4ae3_a869_2a5240271bad-0])
2025-08-07 20:27:48,222 INFO  [org.apa.kaf.cli.con.int.ConsumerRebalanceListenerInvoker] (Thread-603) [Consumer clientId=consumer-Consumer-topic-af721db0_2d2e_4ae3_a869_2a5240271bad-1, groupId=Consumer-topic-af721db0_2d2e_4ae3_a869_2a5240271bad] Adding newly assigned partitions: topic-af721db0_2d2e_4ae3_a869_2a5240271bad-0
2025-08-07 20:27:48,249 INFO  [org.apa.kaf.cli.con.int.ConsumerCoordinator] (Thread-603) [Consumer clientId=consumer-Consumer-topic-af721db0_2d2e_4ae3_a869_2a5240271bad-1, groupId=Consumer-topic-af721db0_2d2e_4ae3_a869_2a5240271bad] Found no committed offset for partition topic-af721db0_2d2e_4ae3_a869_2a5240271bad-0
2025-08-07 20:27:48,284 INFO  [org.apa.kaf.cli.con.int.SubscriptionState] (Thread-603) [Consumer clientId=consumer-Consumer-topic-af721db0_2d2e_4ae3_a869_2a5240271bad-1, groupId=Consumer-topic-af721db0_2d2e_4ae3_a869_2a5240271bad] Resetting offset for partition topic-af721db0_2d2e_4ae3_a869_2a5240271bad-0 to position FetchPosition{offset=0, offsetEpoch=Optional.empty, currentLeader=LeaderAndEpoch{leader=Optional[localhost:32769 (id: 0 rack: null)], epoch=0}}.
2025-08-07 20:27:48,472 INFO  [io.api.tes.ser.api.KafkaSerdesTester] (Thread-603) topic-af721db0_2d2e_4ae3_a869_2a5240271bad 0 0 {"key11754598463056": "value-0"}
2025-08-07 20:27:48,472 INFO  [io.api.tes.ser.api.KafkaSerdesTester] (Thread-603) topic-af721db0_2d2e_4ae3_a869_2a5240271bad 0 1 {"key11754598463056": "value-1"}
2025-08-07 20:27:48,472 INFO  [io.api.tes.ser.api.KafkaSerdesTester] (Thread-603) topic-af721db0_2d2e_4ae3_a869_2a5240271bad 0 2 {"key11754598463056": "value-2"}
2025-08-07 20:27:48,472 INFO  [io.api.tes.ser.api.KafkaSerdesTester] (Thread-603) topic-af721db0_2d2e_4ae3_a869_2a5240271bad 0 3 {"key11754598463056": "value-3"}
2025-08-07 20:27:48,472 INFO  [io.api.tes.ser.api.KafkaSerdesTester] (Thread-603) topic-af721db0_2d2e_4ae3_a869_2a5240271bad 0 4 {"key11754598463056": "value-4"}
2025-08-07 20:27:48,472 INFO  [io.api.tes.ser.api.KafkaSerdesTester] (Thread-603) topic-af721db0_2d2e_4ae3_a869_2a5240271bad 0 5 {"key11754598463056": "value-5"}
2025-08-07 20:27:48,472 INFO  [io.api.tes.ser.api.KafkaSerdesTester] (Thread-603) topic-af721db0_2d2e_4ae3_a869_2a5240271bad 0 6 {"key11754598463056": "value-6"}
2025-08-07 20:27:48,473 INFO  [io.api.tes.ser.api.KafkaSerdesTester] (Thread-603) topic-af721db0_2d2e_4ae3_a869_2a5240271bad 0 7 {"key11754598463056": "value-7"}
2025-08-07 20:27:48,473 INFO  [io.api.tes.ser.api.KafkaSerdesTester] (Thread-603) topic-af721db0_2d2e_4ae3_a869_2a5240271bad 0 8 {"key11754598463056": "value-8"}
2025-08-07 20:27:48,473 INFO  [io.api.tes.ser.api.KafkaSerdesTester] (Thread-603) topic-af721db0_2d2e_4ae3_a869_2a5240271bad 0 9 {"key11754598463056": "value-9"}
2025-08-07 20:27:48,473 INFO  [io.api.tes.ser.api.KafkaSerdesTester] (Thread-603) Consumed 10 messages
2025-08-07 20:27:48,499 INFO  [org.apa.kaf.cli.con.int.ConsumerRebalanceListenerInvoker] (Thread-603) [Consumer clientId=consumer-Consumer-topic-af721db0_2d2e_4ae3_a869_2a5240271bad-1, groupId=Consumer-topic-af721db0_2d2e_4ae3_a869_2a5240271bad] Revoke previously assigned partitions topic-af721db0_2d2e_4ae3_a869_2a5240271bad-0
2025-08-07 20:27:48,499 INFO  [org.apa.kaf.cli.con.int.ConsumerCoordinator] (Thread-603) [Consumer clientId=consumer-Consumer-topic-af721db0_2d2e_4ae3_a869_2a5240271bad-1, groupId=Consumer-topic-af721db0_2d2e_4ae3_a869_2a5240271bad] Member consumer-Consumer-topic-af721db0_2d2e_4ae3_a869_2a5240271bad-1-960c9dbe-7d78-4b0e-befc-2a6a7a283cbd sending LeaveGroup request to coordinator localhost:32769 (id: 2147483647 rack: null) due to the consumer is being closed
2025-08-07 20:27:48,500 INFO  [org.apa.kaf.cli.con.int.ConsumerCoordinator] (Thread-603) [Consumer clientId=consumer-Consumer-topic-af721db0_2d2e_4ae3_a869_2a5240271bad-1, groupId=Consumer-topic-af721db0_2d2e_4ae3_a869_2a5240271bad] Resetting generation and member id due to: consumer pro-actively leaving the group
2025-08-07 20:27:48,500 INFO  [org.apa.kaf.cli.con.int.ConsumerCoordinator] (Thread-603) [Consumer clientId=consumer-Consumer-topic-af721db0_2d2e_4ae3_a869_2a5240271bad-1, groupId=Consumer-topic-af721db0_2d2e_4ae3_a869_2a5240271bad] Request joining group due to: consumer pro-actively leaving the group
2025-08-07 20:27:48,986 INFO  [org.apa.kaf.com.met.Metrics] (Thread-603) Metrics scheduler closed
2025-08-07 20:27:48,986 INFO  [org.apa.kaf.com.met.Metrics] (Thread-603) Closing reporter org.apache.kafka.common.metrics.JmxReporter
2025-08-07 20:27:48,986 INFO  [org.apa.kaf.com.met.Metrics] (Thread-603) Closing reporter org.apache.kafka.common.telemetry.internals.ClientTelemetryReporter
2025-08-07 20:27:48,986 INFO  [org.apa.kaf.com.met.Metrics] (Thread-603) Metrics reporters closed
2025-08-07 20:27:48,997 INFO  [org.apa.kaf.com.uti.AppInfoParser] (Thread-603) App info kafka.consumer for consumer-Consumer-topic-af721db0_2d2e_4ae3_a869_2a5240271bad-1 unregistered
2025-08-07 20:27:48,998 INFO  [io.api.tes.uti.TestSeparator] (main) io.apicurio.tests.serdes.apicurio.AvroSerdeIT.testGlobalIdInHeaders-FINISHED
2025-08-07 20:27:48,998 INFO  [io.api.tes.uti.TestSeparator] (main) ############################################################################
Test passed: testGlobalIdInHeaders
]]></system-out>
  </testcase>
  <testcase name="testSimpleTopicIdStrategyFindLatest" classname="io.apicurio.tests.serdes.apicurio.AvroSerdeIT" time="4.616">
    <error message="org.apache.kafka.common.errors.RecordDeserializationException: Error deserializing VALUE for partition topic-34ca2bed_779e_4e26_83e0_e58fa274be0c-0 at offset 0. If needed, please seek past the record to continue consumption." type="java.util.concurrent.ExecutionException"><![CDATA[java.util.concurrent.ExecutionException: org.apache.kafka.common.errors.RecordDeserializationException: Error deserializing VALUE for partition topic-34ca2bed_779e_4e26_83e0_e58fa274be0c-0 at offset 0. If needed, please seek past the record to continue consumption.
	at java.base/java.util.concurrent.CompletableFuture.reportGet(CompletableFuture.java:396)
	at java.base/java.util.concurrent.CompletableFuture.get(CompletableFuture.java:2096)
	at io.apicurio.tests.serdes.apicurio.KafkaSerdesTester.consumeMessages(KafkaSerdesTester.java:207)
	at io.apicurio.tests.serdes.apicurio.SimpleSerdesTesterBuilder$SimpleSerdesTester.test(SimpleSerdesTesterBuilder.java:156)
	at io.apicurio.tests.serdes.apicurio.AvroSerdeIT.testSimpleTopicIdStrategyFindLatest(AvroSerdeIT.java:106)
	at java.base/java.lang.reflect.Method.invoke(Method.java:569)
	at java.base/java.util.ArrayList.forEach(ArrayList.java:1511)
	at java.base/java.util.ArrayList.forEach(ArrayList.java:1511)
Caused by: org.apache.kafka.common.errors.RecordDeserializationException: Error deserializing VALUE for partition topic-34ca2bed_779e_4e26_83e0_e58fa274be0c-0 at offset 0. If needed, please seek past the record to continue consumption.
	at org.apache.kafka.clients.consumer.internals.CompletedFetch.newRecordDeserializationException(CompletedFetch.java:346)
	at org.apache.kafka.clients.consumer.internals.CompletedFetch.parseRecord(CompletedFetch.java:330)
	at org.apache.kafka.clients.consumer.internals.CompletedFetch.fetchRecords(CompletedFetch.java:284)
	at org.apache.kafka.clients.consumer.internals.FetchCollector.fetchRecords(FetchCollector.java:169)
	at org.apache.kafka.clients.consumer.internals.FetchCollector.collectFetch(FetchCollector.java:135)
	at org.apache.kafka.clients.consumer.internals.Fetcher.collectFetch(Fetcher.java:146)
	at org.apache.kafka.clients.consumer.internals.ClassicKafkaConsumer.pollForFetches(ClassicKafkaConsumer.java:699)
	at org.apache.kafka.clients.consumer.internals.ClassicKafkaConsumer.poll(ClassicKafkaConsumer.java:623)
	at org.apache.kafka.clients.consumer.internals.ClassicKafkaConsumer.poll(ClassicKafkaConsumer.java:596)
	at org.apache.kafka.clients.consumer.KafkaConsumer.poll(KafkaConsumer.java:874)
	at io.apicurio.tests.serdes.apicurio.KafkaSerdesTester.lambda$consumeMessages$5(KafkaSerdesTester.java:179)
	at java.base/java.util.concurrent.CompletableFuture$AsyncSupply.run(CompletableFuture.java:1768)
	at java.base/java.lang.Thread.run(Thread.java:840)
Caused by: java.lang.RuntimeException: java.lang.RuntimeException: java.util.concurrent.ExecutionException: io.vertx.core.http.HttpClosedException: Connection was closed
	at io.apicurio.registry.resolver.cache.ERCache.retry(ERCache.java:242)
	at io.apicurio.registry.resolver.cache.ERCache.getValue(ERCache.java:173)
	at io.apicurio.registry.resolver.cache.ERCache.getByContentId(ERCache.java:152)
	at io.apicurio.registry.resolver.DefaultSchemaResolver.resolveSchemaByContentId(DefaultSchemaResolver.java:197)
	at io.apicurio.registry.resolver.DefaultSchemaResolver.resolveSchemaByArtifactReference(DefaultSchemaResolver.java:171)
	at io.apicurio.registry.serde.AbstractDeserializer.resolve(AbstractDeserializer.java:104)
	at io.apicurio.registry.serde.AbstractDeserializer.deserializeData(AbstractDeserializer.java:82)
	at io.apicurio.registry.serde.KafkaDeserializer.deserialize(KafkaDeserializer.java:33)
	at io.apicurio.registry.serde.KafkaDeserializer.deserialize(KafkaDeserializer.java:50)
	at io.apicurio.registry.serde.avro.AvroKafkaDeserializer.deserialize(AvroKafkaDeserializer.java:57)
	at org.apache.kafka.common.serialization.Deserializer.deserialize(Deserializer.java:81)
	at org.apache.kafka.clients.consumer.internals.CompletedFetch.parseRecord(CompletedFetch.java:327)
	... 11 more
Caused by: java.lang.RuntimeException: java.util.concurrent.ExecutionException: io.vertx.core.http.HttpClosedException: Connection was closed
	at io.kiota.http.vertx.VertXRequestAdapter.getHttpResponseMessage(VertXRequestAdapter.java:437)
	at io.kiota.http.vertx.VertXRequestAdapter.sendCollection(VertXRequestAdapter.java:130)
	at io.apicurio.registry.rest.client.ids.contentids.item.references.ReferencesRequestBuilder.get(ReferencesRequestBuilder.java:53)
	at io.apicurio.registry.rest.client.ids.contentids.item.references.ReferencesRequestBuilder.get(ReferencesRequestBuilder.java:43)
	at io.apicurio.registry.resolver.client.RegistryClientFacadeImpl.getReferencesByContentId(RegistryClientFacadeImpl.java:48)
	at io.apicurio.registry.resolver.DefaultSchemaResolver.lambda$resolveSchemaByContentId$1(DefaultSchemaResolver.java:205)
	at io.apicurio.registry.resolver.cache.ERCache.lambda$getValue$0(ERCache.java:174)
	at io.apicurio.registry.resolver.cache.ERCache.retry(ERCache.java:227)
	... 22 more
Caused by: java.util.concurrent.ExecutionException: io.vertx.core.http.HttpClosedException: Connection was closed
	at java.base/java.util.concurrent.CompletableFuture.reportGet(CompletableFuture.java:396)
	at java.base/java.util.concurrent.CompletableFuture.get(CompletableFuture.java:2073)
	at io.kiota.http.vertx.VertXRequestAdapter.getHttpResponseMessage(VertXRequestAdapter.java:431)
	... 29 more
Caused by: io.vertx.core.http.HttpClosedException: Connection was closed
]]></error>
    <system-out><![CDATA[2025-08-07 20:27:48,999 INFO  [io.api.tes.uti.TestSeparator] (main) ############################################################################
2025-08-07 20:27:48,999 INFO  [io.api.tes.uti.TestSeparator] (main) io.apicurio.tests.serdes.apicurio.AvroSerdeIT.testSimpleTopicIdStrategyFindLatest-STARTED
2025-08-07 20:27:49,001 INFO  [io.api.tes.ser.api.AvroSerdeIT] (main) Registering Avro Schema: {"type":"record","name":"myrecordapicurio1","fields":[{"name":"key11754598469000","type":"string"}]}
**** Registry Base URL: http://registry-app-pg17.apps.ci419.apicurio-testing.org:80
2025-08-07 20:27:50,156 INFO  [org.apa.kaf.cli.pro.ProducerConfig] (main) ProducerConfig values: 
	acks = -1
	auto.include.jmx.reporter = true
	batch.size = 16384
	bootstrap.servers = [PLAINTEXT://localhost:32769]
	buffer.memory = 33554432
	client.dns.lookup = use_all_dns_ips
	client.id = Producer-topic-34ca2bed_779e_4e26_83e0_e58fa274be0c
	compression.gzip.level = -1
	compression.lz4.level = 9
	compression.type = none
	compression.zstd.level = 3
	connections.max.idle.ms = 10000
	delivery.timeout.ms = 120000
	enable.idempotence = true
	enable.metrics.push = true
	interceptor.classes = []
	key.serializer = class org.apache.kafka.common.serialization.StringSerializer
	linger.ms = 0
	max.block.ms = 60000
	max.in.flight.requests.per.connection = 5
	max.request.size = 1048576
	metadata.max.age.ms = 300000
	metadata.max.idle.ms = 300000
	metadata.recovery.strategy = none
	metric.reporters = []
	metrics.num.samples = 2
	metrics.recording.level = INFO
	metrics.sample.window.ms = 30000
	partitioner.adaptive.partitioning.enable = true
	partitioner.availability.timeout.ms = 0
	partitioner.class = null
	partitioner.ignore.keys = false
	receive.buffer.bytes = 32768
	reconnect.backoff.max.ms = 1000
	reconnect.backoff.ms = 50
	request.timeout.ms = 5000
	retries = 2147483647
	retry.backoff.max.ms = 1000
	retry.backoff.ms = 100
	sasl.client.callback.handler.class = null
	sasl.jaas.config = null
	sasl.kerberos.kinit.cmd = /usr/bin/kinit
	sasl.kerberos.min.time.before.relogin = 60000
	sasl.kerberos.service.name = null
	sasl.kerberos.ticket.renew.jitter = 0.05
	sasl.kerberos.ticket.renew.window.factor = 0.8
	sasl.login.callback.handler.class = null
	sasl.login.class = null
	sasl.login.connect.timeout.ms = null
	sasl.login.read.timeout.ms = null
	sasl.login.refresh.buffer.seconds = 300
	sasl.login.refresh.min.period.seconds = 60
	sasl.login.refresh.window.factor = 0.8
	sasl.login.refresh.window.jitter = 0.05
	sasl.login.retry.backoff.max.ms = 10000
	sasl.login.retry.backoff.ms = 100
	sasl.mechanism = GSSAPI
	sasl.oauthbearer.clock.skew.seconds = 30
	sasl.oauthbearer.expected.audience = null
	sasl.oauthbearer.expected.issuer = null
	sasl.oauthbearer.header.urlencode = false
	sasl.oauthbearer.jwks.endpoint.refresh.ms = 3600000
	sasl.oauthbearer.jwks.endpoint.retry.backoff.max.ms = 10000
	sasl.oauthbearer.jwks.endpoint.retry.backoff.ms = 100
	sasl.oauthbearer.jwks.endpoint.url = null
	sasl.oauthbearer.scope.claim.name = scope
	sasl.oauthbearer.sub.claim.name = sub
	sasl.oauthbearer.token.endpoint.url = null
	security.protocol = PLAINTEXT
	security.providers = null
	send.buffer.bytes = 131072
	socket.connection.setup.timeout.max.ms = 30000
	socket.connection.setup.timeout.ms = 10000
	ssl.cipher.suites = null
	ssl.enabled.protocols = [TLSv1.2, TLSv1.3]
	ssl.endpoint.identification.algorithm = https
	ssl.engine.factory.class = null
	ssl.key.password = null
	ssl.keymanager.algorithm = SunX509
	ssl.keystore.certificate.chain = null
	ssl.keystore.key = null
	ssl.keystore.location = null
	ssl.keystore.password = null
	ssl.keystore.type = JKS
	ssl.protocol = TLSv1.3
	ssl.provider = null
	ssl.secure.random.implementation = null
	ssl.trustmanager.algorithm = PKIX
	ssl.truststore.certificates = null
	ssl.truststore.location = null
	ssl.truststore.password = null
	ssl.truststore.type = JKS
	transaction.timeout.ms = 60000
	transactional.id = null
	value.serializer = class io.apicurio.registry.serde.avro.AvroKafkaSerializer

2025-08-07 20:27:50,156 INFO  [org.apa.kaf.com.tel.int.KafkaMetricsCollector] (main) initializing Kafka metrics collector
2025-08-07 20:27:50,160 INFO  [org.apa.kaf.cli.pro.KafkaProducer] (main) [Producer clientId=Producer-topic-34ca2bed_779e_4e26_83e0_e58fa274be0c] Instantiated an idempotent producer.
2025-08-07 20:27:50,168 INFO  [org.apa.kaf.cli.pro.ProducerConfig] (main) These configurations '[apicurio.registry.find-latest, apicurio.registry.artifact.group-id, apicurio.registry.url, apicurio.registry.artifact-resolver-strategy]' were supplied but are not used yet.
2025-08-07 20:27:50,168 INFO  [org.apa.kaf.com.uti.AppInfoParser] (main) Kafka version: 3.9.1
2025-08-07 20:27:50,168 INFO  [org.apa.kaf.com.uti.AppInfoParser] (main) Kafka commitId: f745dfdcee2b9851
2025-08-07 20:27:50,168 INFO  [org.apa.kaf.com.uti.AppInfoParser] (main) Kafka startTimeMs: 1754598470168
2025-08-07 20:27:50,168 INFO  [io.api.tes.ser.api.SimpleSerdesTesterBuilder$SimpleSerdesTester] (main) Using producer configuration: {apicurio.registry.find-latest=true, apicurio.registry.artifact.group-id=topic-34ca2bed_779e_4e26_83e0_e58fa274be0c, apicurio.registry.url=http://registry-app-pg17.apps.ci419.apicurio-testing.org:80/apis/registry/v3, apicurio.registry.artifact-resolver-strategy=io.apicurio.registry.serde.strategy.SimpleTopicIdStrategy, value.serializer=io.apicurio.registry.serde.avro.AvroKafkaSerializer, request.timeout.ms=5000, acks=all, bootstrap.servers=PLAINTEXT://localhost:32769, connections.max.idle.ms=10000, key.serializer=org.apache.kafka.common.serialization.StringSerializer, client.id=Producer-topic-34ca2bed_779e_4e26_83e0_e58fa274be0c}
2025-08-07 20:27:50,169 INFO  [io.api.tes.ser.api.SimpleSerdesTesterBuilder$SimpleSerdesTester] (main) Using consumer configuration: {}
2025-08-07 20:27:50,172 INFO  [io.api.tes.ser.api.KafkaSerdesTester] (Thread-606) Sending message {"key11754598469000": "value-0"} to topic topic-34ca2bed_779e_4e26_83e0_e58fa274be0c
2025-08-07 20:27:50,177 INFO  [org.apa.kaf.cli.Metadata] (kafka-producer-network-thread | Producer-topic-34ca2bed_779e_4e26_83e0_e58fa274be0c) [Producer clientId=Producer-topic-34ca2bed_779e_4e26_83e0_e58fa274be0c] Cluster ID: g89mLo7yQq6pgEL9WhhAvA
2025-08-07 20:27:50,182 INFO  [org.apa.kaf.cli.pro.int.TransactionManager] (kafka-producer-network-thread | Producer-topic-34ca2bed_779e_4e26_83e0_e58fa274be0c) [Producer clientId=Producer-topic-34ca2bed_779e_4e26_83e0_e58fa274be0c] ProducerId set to 1 with epoch 0
2025-08-07 20:27:50,387 INFO  [io.api.tes.ser.api.KafkaSerdesTester] (Thread-606) Sending message {"key11754598469000": "value-1"} to topic topic-34ca2bed_779e_4e26_83e0_e58fa274be0c
2025-08-07 20:27:50,390 INFO  [io.api.tes.ser.api.KafkaSerdesTester] (Thread-606) Sending message {"key11754598469000": "value-2"} to topic topic-34ca2bed_779e_4e26_83e0_e58fa274be0c
2025-08-07 20:27:50,393 INFO  [io.api.tes.ser.api.KafkaSerdesTester] (Thread-606) Sending message {"key11754598469000": "value-3"} to topic topic-34ca2bed_779e_4e26_83e0_e58fa274be0c
2025-08-07 20:27:50,395 INFO  [io.api.tes.ser.api.KafkaSerdesTester] (Thread-606) Sending message {"key11754598469000": "value-4"} to topic topic-34ca2bed_779e_4e26_83e0_e58fa274be0c
2025-08-07 20:27:50,397 INFO  [io.api.tes.ser.api.KafkaSerdesTester] (Thread-606) Sending message {"key11754598469000": "value-5"} to topic topic-34ca2bed_779e_4e26_83e0_e58fa274be0c
2025-08-07 20:27:50,399 INFO  [io.api.tes.ser.api.KafkaSerdesTester] (Thread-606) Sending message {"key11754598469000": "value-6"} to topic topic-34ca2bed_779e_4e26_83e0_e58fa274be0c
2025-08-07 20:27:50,402 INFO  [io.api.tes.ser.api.KafkaSerdesTester] (Thread-606) Sending message {"key11754598469000": "value-7"} to topic topic-34ca2bed_779e_4e26_83e0_e58fa274be0c
2025-08-07 20:27:50,404 INFO  [io.api.tes.ser.api.KafkaSerdesTester] (Thread-606) Sending message {"key11754598469000": "value-8"} to topic topic-34ca2bed_779e_4e26_83e0_e58fa274be0c
2025-08-07 20:27:50,408 INFO  [io.api.tes.ser.api.KafkaSerdesTester] (Thread-606) Sending message {"key11754598469000": "value-9"} to topic topic-34ca2bed_779e_4e26_83e0_e58fa274be0c
2025-08-07 20:27:50,411 INFO  [io.api.tes.ser.api.KafkaSerdesTester] (Thread-606) Produced 10 messages
2025-08-07 20:27:50,411 INFO  [org.apa.kaf.cli.pro.KafkaProducer] (Thread-606) [Producer clientId=Producer-topic-34ca2bed_779e_4e26_83e0_e58fa274be0c] Closing the Kafka producer with timeoutMillis = 9223372036854775807 ms.
2025-08-07 20:27:50,417 INFO  [org.apa.kaf.com.met.Metrics] (Thread-606) Metrics scheduler closed
2025-08-07 20:27:50,417 INFO  [org.apa.kaf.com.met.Metrics] (Thread-606) Closing reporter org.apache.kafka.common.metrics.JmxReporter
2025-08-07 20:27:50,417 INFO  [org.apa.kaf.com.met.Metrics] (Thread-606) Closing reporter org.apache.kafka.common.telemetry.internals.ClientTelemetryReporter
2025-08-07 20:27:50,418 INFO  [org.apa.kaf.com.met.Metrics] (Thread-606) Metrics reporters closed
2025-08-07 20:27:50,418 INFO  [org.apa.kaf.com.uti.AppInfoParser] (Thread-606) App info kafka.producer for Producer-topic-34ca2bed_779e_4e26_83e0_e58fa274be0c unregistered
**** Registry Base URL: http://registry-app-pg17.apps.ci419.apicurio-testing.org:80
2025-08-07 20:27:50,419 INFO  [org.apa.kaf.cli.con.ConsumerConfig] (main) ConsumerConfig values: 
	allow.auto.create.topics = true
	auto.commit.interval.ms = 500
	auto.include.jmx.reporter = true
	auto.offset.reset = earliest
	bootstrap.servers = [PLAINTEXT://localhost:32769]
	check.crcs = true
	client.dns.lookup = use_all_dns_ips
	client.id = consumer-Consumer-topic-34ca2bed_779e_4e26_83e0_e58fa274be0c-2
	client.rack = 
	connections.max.idle.ms = 10000
	default.api.timeout.ms = 60000
	enable.auto.commit = true
	enable.metrics.push = true
	exclude.internal.topics = true
	fetch.max.bytes = 52428800
	fetch.max.wait.ms = 500
	fetch.min.bytes = 1
	group.id = Consumer-topic-34ca2bed_779e_4e26_83e0_e58fa274be0c
	group.instance.id = null
	group.protocol = classic
	group.remote.assignor = null
	heartbeat.interval.ms = 3000
	interceptor.classes = []
	internal.leave.group.on.close = true
	internal.throw.on.fetch.stable.offset.unsupported = false
	isolation.level = read_uncommitted
	key.deserializer = class org.apache.kafka.common.serialization.StringDeserializer
	max.partition.fetch.bytes = 1048576
	max.poll.interval.ms = 300000
	max.poll.records = 500
	metadata.max.age.ms = 300000
	metadata.recovery.strategy = none
	metric.reporters = []
	metrics.num.samples = 2
	metrics.recording.level = INFO
	metrics.sample.window.ms = 30000
	partition.assignment.strategy = [class org.apache.kafka.clients.consumer.RangeAssignor, class org.apache.kafka.clients.consumer.CooperativeStickyAssignor]
	receive.buffer.bytes = 65536
	reconnect.backoff.max.ms = 1000
	reconnect.backoff.ms = 50
	request.timeout.ms = 5000
	retry.backoff.max.ms = 1000
	retry.backoff.ms = 100
	sasl.client.callback.handler.class = null
	sasl.jaas.config = null
	sasl.kerberos.kinit.cmd = /usr/bin/kinit
	sasl.kerberos.min.time.before.relogin = 60000
	sasl.kerberos.service.name = null
	sasl.kerberos.ticket.renew.jitter = 0.05
	sasl.kerberos.ticket.renew.window.factor = 0.8
	sasl.login.callback.handler.class = null
	sasl.login.class = null
	sasl.login.connect.timeout.ms = null
	sasl.login.read.timeout.ms = null
	sasl.login.refresh.buffer.seconds = 300
	sasl.login.refresh.min.period.seconds = 60
	sasl.login.refresh.window.factor = 0.8
	sasl.login.refresh.window.jitter = 0.05
	sasl.login.retry.backoff.max.ms = 10000
	sasl.login.retry.backoff.ms = 100
	sasl.mechanism = GSSAPI
	sasl.oauthbearer.clock.skew.seconds = 30
	sasl.oauthbearer.expected.audience = null
	sasl.oauthbearer.expected.issuer = null
	sasl.oauthbearer.header.urlencode = false
	sasl.oauthbearer.jwks.endpoint.refresh.ms = 3600000
	sasl.oauthbearer.jwks.endpoint.retry.backoff.max.ms = 10000
	sasl.oauthbearer.jwks.endpoint.retry.backoff.ms = 100
	sasl.oauthbearer.jwks.endpoint.url = null
	sasl.oauthbearer.scope.claim.name = scope
	sasl.oauthbearer.sub.claim.name = sub
	sasl.oauthbearer.token.endpoint.url = null
	security.protocol = PLAINTEXT
	security.providers = null
	send.buffer.bytes = 131072
	session.timeout.ms = 45000
	socket.connection.setup.timeout.max.ms = 30000
	socket.connection.setup.timeout.ms = 10000
	ssl.cipher.suites = null
	ssl.enabled.protocols = [TLSv1.2, TLSv1.3]
	ssl.endpoint.identification.algorithm = https
	ssl.engine.factory.class = null
	ssl.key.password = null
	ssl.keymanager.algorithm = SunX509
	ssl.keystore.certificate.chain = null
	ssl.keystore.key = null
	ssl.keystore.location = null
	ssl.keystore.password = null
	ssl.keystore.type = JKS
	ssl.protocol = TLSv1.3
	ssl.provider = null
	ssl.secure.random.implementation = null
	ssl.trustmanager.algorithm = PKIX
	ssl.truststore.certificates = null
	ssl.truststore.location = null
	ssl.truststore.password = null
	ssl.truststore.type = JKS
	value.deserializer = class io.apicurio.registry.serde.avro.AvroKafkaDeserializer

2025-08-07 20:27:50,419 INFO  [org.apa.kaf.com.tel.int.KafkaMetricsCollector] (main) initializing Kafka metrics collector
2025-08-07 20:27:50,433 INFO  [org.apa.kaf.cli.con.ConsumerConfig] (main) These configurations '[apicurio.registry.url]' were supplied but are not used yet.
2025-08-07 20:27:50,433 INFO  [org.apa.kaf.com.uti.AppInfoParser] (main) Kafka version: 3.9.1
2025-08-07 20:27:50,433 INFO  [org.apa.kaf.com.uti.AppInfoParser] (main) Kafka commitId: f745dfdcee2b9851
2025-08-07 20:27:50,433 INFO  [org.apa.kaf.com.uti.AppInfoParser] (main) Kafka startTimeMs: 1754598470433
2025-08-07 20:27:50,435 INFO  [org.apa.kaf.cli.con.int.ClassicKafkaConsumer] (Thread-609) [Consumer clientId=consumer-Consumer-topic-34ca2bed_779e_4e26_83e0_e58fa274be0c-2, groupId=Consumer-topic-34ca2bed_779e_4e26_83e0_e58fa274be0c] Subscribed to topic(s): topic-34ca2bed_779e_4e26_83e0_e58fa274be0c
2025-08-07 20:27:50,450 INFO  [org.apa.kaf.cli.Metadata] (Thread-609) [Consumer clientId=consumer-Consumer-topic-34ca2bed_779e_4e26_83e0_e58fa274be0c-2, groupId=Consumer-topic-34ca2bed_779e_4e26_83e0_e58fa274be0c] Cluster ID: g89mLo7yQq6pgEL9WhhAvA
2025-08-07 20:27:50,451 INFO  [org.apa.kaf.cli.con.int.ConsumerCoordinator] (Thread-609) [Consumer clientId=consumer-Consumer-topic-34ca2bed_779e_4e26_83e0_e58fa274be0c-2, groupId=Consumer-topic-34ca2bed_779e_4e26_83e0_e58fa274be0c] Discovered group coordinator localhost:32769 (id: 2147483647 rack: null)
2025-08-07 20:27:50,454 INFO  [org.apa.kaf.cli.con.int.ConsumerCoordinator] (Thread-609) [Consumer clientId=consumer-Consumer-topic-34ca2bed_779e_4e26_83e0_e58fa274be0c-2, groupId=Consumer-topic-34ca2bed_779e_4e26_83e0_e58fa274be0c] (Re-)joining group
2025-08-07 20:27:50,457 INFO  [org.apa.kaf.cli.con.int.ConsumerCoordinator] (Thread-609) [Consumer clientId=consumer-Consumer-topic-34ca2bed_779e_4e26_83e0_e58fa274be0c-2, groupId=Consumer-topic-34ca2bed_779e_4e26_83e0_e58fa274be0c] Request joining group due to: need to re-join with the given member-id: consumer-Consumer-topic-34ca2bed_779e_4e26_83e0_e58fa274be0c-2-51eb9d71-c808-4e0f-ac52-5e8ebd293396
2025-08-07 20:27:50,457 INFO  [org.apa.kaf.cli.con.int.ConsumerCoordinator] (Thread-609) [Consumer clientId=consumer-Consumer-topic-34ca2bed_779e_4e26_83e0_e58fa274be0c-2, groupId=Consumer-topic-34ca2bed_779e_4e26_83e0_e58fa274be0c] (Re-)joining group
2025-08-07 20:27:51,435 INFO  [io.api.tes.ser.api.KafkaSerdesTester] (Thread-609) None found
2025-08-07 20:27:52,436 INFO  [io.api.tes.ser.api.KafkaSerdesTester] (Thread-609) None found
2025-08-07 20:27:53,438 INFO  [io.api.tes.ser.api.KafkaSerdesTester] (Thread-609) None found
2025-08-07 20:27:53,460 INFO  [org.apa.kaf.cli.con.int.ConsumerCoordinator] (Thread-609) [Consumer clientId=consumer-Consumer-topic-34ca2bed_779e_4e26_83e0_e58fa274be0c-2, groupId=Consumer-topic-34ca2bed_779e_4e26_83e0_e58fa274be0c] Successfully joined group with generation Generation{generationId=1, memberId='consumer-Consumer-topic-34ca2bed_779e_4e26_83e0_e58fa274be0c-2-51eb9d71-c808-4e0f-ac52-5e8ebd293396', protocol='range'}
2025-08-07 20:27:53,460 INFO  [org.apa.kaf.cli.con.int.ConsumerCoordinator] (Thread-609) [Consumer clientId=consumer-Consumer-topic-34ca2bed_779e_4e26_83e0_e58fa274be0c-2, groupId=Consumer-topic-34ca2bed_779e_4e26_83e0_e58fa274be0c] Finished assignment for group at generation 1: {consumer-Consumer-topic-34ca2bed_779e_4e26_83e0_e58fa274be0c-2-51eb9d71-c808-4e0f-ac52-5e8ebd293396=Assignment(partitions=[topic-34ca2bed_779e_4e26_83e0_e58fa274be0c-0])}
2025-08-07 20:27:53,470 INFO  [org.apa.kaf.cli.con.int.ConsumerCoordinator] (Thread-609) [Consumer clientId=consumer-Consumer-topic-34ca2bed_779e_4e26_83e0_e58fa274be0c-2, groupId=Consumer-topic-34ca2bed_779e_4e26_83e0_e58fa274be0c] Successfully synced group in generation Generation{generationId=1, memberId='consumer-Consumer-topic-34ca2bed_779e_4e26_83e0_e58fa274be0c-2-51eb9d71-c808-4e0f-ac52-5e8ebd293396', protocol='range'}
2025-08-07 20:27:53,470 INFO  [org.apa.kaf.cli.con.int.ConsumerCoordinator] (Thread-609) [Consumer clientId=consumer-Consumer-topic-34ca2bed_779e_4e26_83e0_e58fa274be0c-2, groupId=Consumer-topic-34ca2bed_779e_4e26_83e0_e58fa274be0c] Notifying assignor about the new Assignment(partitions=[topic-34ca2bed_779e_4e26_83e0_e58fa274be0c-0])
2025-08-07 20:27:53,470 INFO  [org.apa.kaf.cli.con.int.ConsumerRebalanceListenerInvoker] (Thread-609) [Consumer clientId=consumer-Consumer-topic-34ca2bed_779e_4e26_83e0_e58fa274be0c-2, groupId=Consumer-topic-34ca2bed_779e_4e26_83e0_e58fa274be0c] Adding newly assigned partitions: topic-34ca2bed_779e_4e26_83e0_e58fa274be0c-0
2025-08-07 20:27:53,473 INFO  [org.apa.kaf.cli.con.int.ConsumerCoordinator] (Thread-609) [Consumer clientId=consumer-Consumer-topic-34ca2bed_779e_4e26_83e0_e58fa274be0c-2, groupId=Consumer-topic-34ca2bed_779e_4e26_83e0_e58fa274be0c] Found no committed offset for partition topic-34ca2bed_779e_4e26_83e0_e58fa274be0c-0
2025-08-07 20:27:53,481 INFO  [org.apa.kaf.cli.con.int.SubscriptionState] (Thread-609) [Consumer clientId=consumer-Consumer-topic-34ca2bed_779e_4e26_83e0_e58fa274be0c-2, groupId=Consumer-topic-34ca2bed_779e_4e26_83e0_e58fa274be0c] Resetting offset for partition topic-34ca2bed_779e_4e26_83e0_e58fa274be0c-0 to position FetchPosition{offset=0, offsetEpoch=Optional.empty, currentLeader=LeaderAndEpoch{leader=Optional[localhost:32769 (id: 0 rack: null)], epoch=0}}.
2025-08-07 20:27:53,578 ERROR [org.apa.kaf.cli.con.int.CompletedFetch] (Thread-609) [Consumer clientId=consumer-Consumer-topic-34ca2bed_779e_4e26_83e0_e58fa274be0c-2, groupId=Consumer-topic-34ca2bed_779e_4e26_83e0_e58fa274be0c] Value Deserializers with error: Deserializers{keyDeserializer=org.apache.kafka.common.serialization.StringDeserializer@29c35f25, valueDeserializer=io.apicurio.registry.serde.avro.AvroKafkaDeserializer@449ac128}
2025-08-07 20:27:53,588 INFO  [org.apa.kaf.cli.con.int.ConsumerRebalanceListenerInvoker] (Thread-609) [Consumer clientId=consumer-Consumer-topic-34ca2bed_779e_4e26_83e0_e58fa274be0c-2, groupId=Consumer-topic-34ca2bed_779e_4e26_83e0_e58fa274be0c] Revoke previously assigned partitions topic-34ca2bed_779e_4e26_83e0_e58fa274be0c-0
2025-08-07 20:27:53,588 INFO  [org.apa.kaf.cli.con.int.ConsumerCoordinator] (Thread-609) [Consumer clientId=consumer-Consumer-topic-34ca2bed_779e_4e26_83e0_e58fa274be0c-2, groupId=Consumer-topic-34ca2bed_779e_4e26_83e0_e58fa274be0c] Member consumer-Consumer-topic-34ca2bed_779e_4e26_83e0_e58fa274be0c-2-51eb9d71-c808-4e0f-ac52-5e8ebd293396 sending LeaveGroup request to coordinator localhost:32769 (id: 2147483647 rack: null) due to the consumer is being closed
2025-08-07 20:27:53,588 INFO  [org.apa.kaf.cli.con.int.ConsumerCoordinator] (Thread-609) [Consumer clientId=consumer-Consumer-topic-34ca2bed_779e_4e26_83e0_e58fa274be0c-2, groupId=Consumer-topic-34ca2bed_779e_4e26_83e0_e58fa274be0c] Resetting generation and member id due to: consumer pro-actively leaving the group
2025-08-07 20:27:53,588 INFO  [org.apa.kaf.cli.con.int.ConsumerCoordinator] (Thread-609) [Consumer clientId=consumer-Consumer-topic-34ca2bed_779e_4e26_83e0_e58fa274be0c-2, groupId=Consumer-topic-34ca2bed_779e_4e26_83e0_e58fa274be0c] Request joining group due to: consumer pro-actively leaving the group
2025-08-07 20:27:53,600 INFO  [org.apa.kaf.com.met.Metrics] (Thread-609) Metrics scheduler closed
2025-08-07 20:27:53,600 INFO  [org.apa.kaf.com.met.Metrics] (Thread-609) Closing reporter org.apache.kafka.common.metrics.JmxReporter
2025-08-07 20:27:53,600 INFO  [org.apa.kaf.com.met.Metrics] (Thread-609) Closing reporter org.apache.kafka.common.telemetry.internals.ClientTelemetryReporter
2025-08-07 20:27:53,600 INFO  [org.apa.kaf.com.met.Metrics] (Thread-609) Metrics reporters closed
2025-08-07 20:27:53,604 INFO  [org.apa.kaf.com.uti.AppInfoParser] (Thread-609) App info kafka.consumer for consumer-Consumer-topic-34ca2bed_779e_4e26_83e0_e58fa274be0c-2 unregistered
2025-08-07 20:27:53,611 INFO  [io.api.tes.uti.TestSeparator] (main) io.apicurio.tests.serdes.apicurio.AvroSerdeIT.testSimpleTopicIdStrategyFindLatest-FINISHED
2025-08-07 20:27:53,611 INFO  [io.api.tes.uti.TestSeparator] (main) ############################################################################
2025-08-07 20:27:53,612 ERROR [io.api.reg.uti.tes.TestUtils] (main) === TEST FAILED ===
2025-08-07 20:27:53,612 ERROR [io.api.reg.uti.tes.TestUtils] (main) Class: class io.apicurio.tests.serdes.apicurio.AvroSerdeIT
2025-08-07 20:27:53,612 ERROR [io.api.reg.uti.tes.TestUtils] (main) Test:  testSimpleTopicIdStrategyFindLatest
2025-08-07 20:27:53,612 ERROR [io.api.reg.uti.tes.TestUtils] (main) ID:    [engine:junit-jupiter]/[class:io.apicurio.tests.serdes.apicurio.AvroSerdeIT]/[method:testSimpleTopicIdStrategyFindLatest()]
2025-08-07 20:27:53,612 ERROR [io.api.reg.uti.tes.TestUtils] (main) Error: ExecutionException - org.apache.kafka.common.errors.RecordDeserializationException: Error deserializing VALUE for partition topic-34ca2bed_779e_4e26_83e0_e58fa274be0c-0 at offset 0. If needed, please seek past the record to continue consumption.
2025-08-07 20:27:53,612 ERROR [io.api.reg.uti.tes.TestUtils] (main) Root Cause: io.vertx.core.http.HttpClosedException: Connection was closed

2025-08-07 20:27:53,613 ERROR [io.api.reg.uti.tes.TestUtils] (main) === =========== ===
]]></system-out>
    <system-err><![CDATA[java.lang.RuntimeException: java.util.concurrent.ExecutionException: io.vertx.core.http.HttpClosedException: Connection was closed
	at io.kiota.http.vertx.VertXRequestAdapter.getHttpResponseMessage(VertXRequestAdapter.java:437)
	at io.kiota.http.vertx.VertXRequestAdapter.sendCollection(VertXRequestAdapter.java:130)
	at io.apicurio.registry.rest.client.ids.contentids.item.references.ReferencesRequestBuilder.get(ReferencesRequestBuilder.java:53)
	at io.apicurio.registry.rest.client.ids.contentids.item.references.ReferencesRequestBuilder.get(ReferencesRequestBuilder.java:43)
	at io.apicurio.registry.resolver.client.RegistryClientFacadeImpl.getReferencesByContentId(RegistryClientFacadeImpl.java:48)
	at io.apicurio.registry.resolver.DefaultSchemaResolver.lambda$resolveSchemaByContentId$1(DefaultSchemaResolver.java:205)
	at io.apicurio.registry.resolver.cache.ERCache.lambda$getValue$0(ERCache.java:174)
	at io.apicurio.registry.resolver.cache.ERCache.retry(ERCache.java:227)
	at io.apicurio.registry.resolver.cache.ERCache.getValue(ERCache.java:173)
	at io.apicurio.registry.resolver.cache.ERCache.getByContentId(ERCache.java:152)
	at io.apicurio.registry.resolver.DefaultSchemaResolver.resolveSchemaByContentId(DefaultSchemaResolver.java:197)
	at io.apicurio.registry.resolver.DefaultSchemaResolver.resolveSchemaByArtifactReference(DefaultSchemaResolver.java:171)
	at io.apicurio.registry.serde.AbstractDeserializer.resolve(AbstractDeserializer.java:104)
	at io.apicurio.registry.serde.AbstractDeserializer.deserializeData(AbstractDeserializer.java:82)
	at io.apicurio.registry.serde.KafkaDeserializer.deserialize(KafkaDeserializer.java:33)
	at io.apicurio.registry.serde.KafkaDeserializer.deserialize(KafkaDeserializer.java:50)
	at io.apicurio.registry.serde.avro.AvroKafkaDeserializer.deserialize(AvroKafkaDeserializer.java:57)
	at org.apache.kafka.common.serialization.Deserializer.deserialize(Deserializer.java:81)
	at org.apache.kafka.clients.consumer.internals.CompletedFetch.parseRecord(CompletedFetch.java:327)
	at org.apache.kafka.clients.consumer.internals.CompletedFetch.fetchRecords(CompletedFetch.java:284)
	at org.apache.kafka.clients.consumer.internals.FetchCollector.fetchRecords(FetchCollector.java:169)
	at org.apache.kafka.clients.consumer.internals.FetchCollector.collectFetch(FetchCollector.java:135)
	at org.apache.kafka.clients.consumer.internals.Fetcher.collectFetch(Fetcher.java:146)
	at org.apache.kafka.clients.consumer.internals.ClassicKafkaConsumer.pollForFetches(ClassicKafkaConsumer.java:699)
	at org.apache.kafka.clients.consumer.internals.ClassicKafkaConsumer.poll(ClassicKafkaConsumer.java:623)
	at org.apache.kafka.clients.consumer.internals.ClassicKafkaConsumer.poll(ClassicKafkaConsumer.java:596)
	at org.apache.kafka.clients.consumer.KafkaConsumer.poll(KafkaConsumer.java:874)
	at io.apicurio.tests.serdes.apicurio.KafkaSerdesTester.lambda$consumeMessages$5(KafkaSerdesTester.java:179)
	at java.base/java.util.concurrent.CompletableFuture$AsyncSupply.run(CompletableFuture.java:1768)
	at java.base/java.lang.Thread.run(Thread.java:840)
Caused by: java.util.concurrent.ExecutionException: io.vertx.core.http.HttpClosedException: Connection was closed
	at java.base/java.util.concurrent.CompletableFuture.reportGet(CompletableFuture.java:396)
	at java.base/java.util.concurrent.CompletableFuture.get(CompletableFuture.java:2073)
	at io.kiota.http.vertx.VertXRequestAdapter.getHttpResponseMessage(VertXRequestAdapter.java:431)
	... 29 more
Caused by: io.vertx.core.http.HttpClosedException: Connection was closed
]]></system-err>
  </testcase>
  <testcase name="testWrongSchema" classname="io.apicurio.tests.serdes.apicurio.AvroSerdeIT" time="1.306">
    <system-out><![CDATA[2025-08-07 20:27:53,627 INFO  [io.api.tes.uti.TestSeparator] (main) ############################################################################
2025-08-07 20:27:53,627 INFO  [io.api.tes.uti.TestSeparator] (main) io.apicurio.tests.serdes.apicurio.AvroSerdeIT.testWrongSchema-STARTED
**** Registry Base URL: http://registry-app-pg17.apps.ci419.apicurio-testing.org:80
2025-08-07 20:27:54,793 INFO  [org.apa.kaf.cli.pro.ProducerConfig] (main) ProducerConfig values: 
	acks = -1
	auto.include.jmx.reporter = true
	batch.size = 16384
	bootstrap.servers = [PLAINTEXT://localhost:32769]
	buffer.memory = 33554432
	client.dns.lookup = use_all_dns_ips
	client.id = Producer-sbea2bb15x9fefx4e87xb918xf464d0d607f2
	compression.gzip.level = -1
	compression.lz4.level = 9
	compression.type = none
	compression.zstd.level = 3
	connections.max.idle.ms = 10000
	delivery.timeout.ms = 120000
	enable.idempotence = true
	enable.metrics.push = true
	interceptor.classes = []
	key.serializer = class org.apache.kafka.common.serialization.StringSerializer
	linger.ms = 0
	max.block.ms = 60000
	max.in.flight.requests.per.connection = 5
	max.request.size = 1048576
	metadata.max.age.ms = 300000
	metadata.max.idle.ms = 300000
	metadata.recovery.strategy = none
	metric.reporters = []
	metrics.num.samples = 2
	metrics.recording.level = INFO
	metrics.sample.window.ms = 30000
	partitioner.adaptive.partitioning.enable = true
	partitioner.availability.timeout.ms = 0
	partitioner.class = null
	partitioner.ignore.keys = false
	receive.buffer.bytes = 32768
	reconnect.backoff.max.ms = 1000
	reconnect.backoff.ms = 50
	request.timeout.ms = 5000
	retries = 2147483647
	retry.backoff.max.ms = 1000
	retry.backoff.ms = 100
	sasl.client.callback.handler.class = null
	sasl.jaas.config = null
	sasl.kerberos.kinit.cmd = /usr/bin/kinit
	sasl.kerberos.min.time.before.relogin = 60000
	sasl.kerberos.service.name = null
	sasl.kerberos.ticket.renew.jitter = 0.05
	sasl.kerberos.ticket.renew.window.factor = 0.8
	sasl.login.callback.handler.class = null
	sasl.login.class = null
	sasl.login.connect.timeout.ms = null
	sasl.login.read.timeout.ms = null
	sasl.login.refresh.buffer.seconds = 300
	sasl.login.refresh.min.period.seconds = 60
	sasl.login.refresh.window.factor = 0.8
	sasl.login.refresh.window.jitter = 0.05
	sasl.login.retry.backoff.max.ms = 10000
	sasl.login.retry.backoff.ms = 100
	sasl.mechanism = GSSAPI
	sasl.oauthbearer.clock.skew.seconds = 30
	sasl.oauthbearer.expected.audience = null
	sasl.oauthbearer.expected.issuer = null
	sasl.oauthbearer.header.urlencode = false
	sasl.oauthbearer.jwks.endpoint.refresh.ms = 3600000
	sasl.oauthbearer.jwks.endpoint.retry.backoff.max.ms = 10000
	sasl.oauthbearer.jwks.endpoint.retry.backoff.ms = 100
	sasl.oauthbearer.jwks.endpoint.url = null
	sasl.oauthbearer.scope.claim.name = scope
	sasl.oauthbearer.sub.claim.name = sub
	sasl.oauthbearer.token.endpoint.url = null
	security.protocol = PLAINTEXT
	security.providers = null
	send.buffer.bytes = 131072
	socket.connection.setup.timeout.max.ms = 30000
	socket.connection.setup.timeout.ms = 10000
	ssl.cipher.suites = null
	ssl.enabled.protocols = [TLSv1.2, TLSv1.3]
	ssl.endpoint.identification.algorithm = https
	ssl.engine.factory.class = null
	ssl.key.password = null
	ssl.keymanager.algorithm = SunX509
	ssl.keystore.certificate.chain = null
	ssl.keystore.key = null
	ssl.keystore.location = null
	ssl.keystore.password = null
	ssl.keystore.type = JKS
	ssl.protocol = TLSv1.3
	ssl.provider = null
	ssl.secure.random.implementation = null
	ssl.trustmanager.algorithm = PKIX
	ssl.truststore.certificates = null
	ssl.truststore.location = null
	ssl.truststore.password = null
	ssl.truststore.type = JKS
	transaction.timeout.ms = 60000
	transactional.id = null
	value.serializer = class io.apicurio.registry.serde.avro.AvroKafkaSerializer

2025-08-07 20:27:54,794 INFO  [org.apa.kaf.com.tel.int.KafkaMetricsCollector] (main) initializing Kafka metrics collector
2025-08-07 20:27:54,798 INFO  [org.apa.kaf.cli.pro.KafkaProducer] (main) [Producer clientId=Producer-sbea2bb15x9fefx4e87xb918xf464d0d607f2] Instantiated an idempotent producer.
2025-08-07 20:27:54,801 INFO  [org.apa.kaf.cli.pro.ProducerConfig] (main) These configurations '[apicurio.registry.find-latest, apicurio.registry.url, apicurio.registry.artifact-resolver-strategy]' were supplied but are not used yet.
2025-08-07 20:27:54,801 INFO  [org.apa.kaf.com.uti.AppInfoParser] (main) Kafka version: 3.9.1
2025-08-07 20:27:54,801 INFO  [org.apa.kaf.com.uti.AppInfoParser] (main) Kafka commitId: f745dfdcee2b9851
2025-08-07 20:27:54,801 INFO  [org.apa.kaf.com.uti.AppInfoParser] (main) Kafka startTimeMs: 1754598474801
2025-08-07 20:27:54,806 INFO  [io.api.tes.ser.api.KafkaSerdesTester] (Thread-612) Sending message {"keyB": "value-0"} to topic sbea2bb15x9fefx4e87xb918xf464d0d607f2
2025-08-07 20:27:54,809 INFO  [org.apa.kaf.cli.Metadata] (kafka-producer-network-thread | Producer-sbea2bb15x9fefx4e87xb918xf464d0d607f2) [Producer clientId=Producer-sbea2bb15x9fefx4e87xb918xf464d0d607f2] Cluster ID: g89mLo7yQq6pgEL9WhhAvA
2025-08-07 20:27:54,811 INFO  [org.apa.kaf.cli.pro.int.TransactionManager] (kafka-producer-network-thread | Producer-sbea2bb15x9fefx4e87xb918xf464d0d607f2) [Producer clientId=Producer-sbea2bb15x9fefx4e87xb918xf464d0d607f2] ProducerId set to 2 with epoch 0
2025-08-07 20:27:54,927 INFO  [org.apa.kaf.cli.pro.KafkaProducer] (Thread-612) [Producer clientId=Producer-sbea2bb15x9fefx4e87xb918xf464d0d607f2] Closing the Kafka producer with timeoutMillis = 9223372036854775807 ms.
2025-08-07 20:27:54,930 INFO  [org.apa.kaf.com.met.Metrics] (Thread-612) Metrics scheduler closed
2025-08-07 20:27:54,930 INFO  [org.apa.kaf.com.met.Metrics] (Thread-612) Closing reporter org.apache.kafka.common.metrics.JmxReporter
2025-08-07 20:27:54,930 INFO  [org.apa.kaf.com.met.Metrics] (Thread-612) Closing reporter org.apache.kafka.common.telemetry.internals.ClientTelemetryReporter
2025-08-07 20:27:54,930 INFO  [org.apa.kaf.com.met.Metrics] (Thread-612) Metrics reporters closed
2025-08-07 20:27:54,931 INFO  [org.apa.kaf.com.uti.AppInfoParser] (Thread-612) App info kafka.producer for Producer-sbea2bb15x9fefx4e87xb918xf464d0d607f2 unregistered
2025-08-07 20:27:54,932 INFO  [io.api.tes.uti.TestSeparator] (main) io.apicurio.tests.serdes.apicurio.AvroSerdeIT.testWrongSchema-FINISHED
2025-08-07 20:27:54,932 INFO  [io.api.tes.uti.TestSeparator] (main) ############################################################################
Test passed: testWrongSchema
]]></system-out>
    <system-err><![CDATA[io.apicurio.registry.rest.client.models.ProblemDetails
	at io.apicurio.registry.rest.client.models.ProblemDetails.createFromDiscriminatorValue(ProblemDetails.java:58)
	at io.kiota.serialization.json.JsonParseNode.getObjectValue(JsonParseNode.java:247)
	at io.kiota.http.vertx.VertXRequestAdapter.lambda$throwIfFailedResponse$0(VertXRequestAdapter.java:400)
	at com.microsoft.kiota.ApiExceptionBuilder.<init>(ApiExceptionBuilder.java:26)
	at io.kiota.http.vertx.VertXRequestAdapter.throwIfFailedResponse(VertXRequestAdapter.java:399)
	at io.kiota.http.vertx.VertXRequestAdapter.send(VertXRequestAdapter.java:170)
	at io.apicurio.registry.rest.client.groups.item.artifacts.item.versions.item.WithVersionExpressionItemRequestBuilder.get(WithVersionExpressionItemRequestBuilder.java:128)
	at io.apicurio.registry.rest.client.groups.item.artifacts.item.versions.item.WithVersionExpressionItemRequestBuilder.get(WithVersionExpressionItemRequestBuilder.java:111)
	at io.apicurio.registry.resolver.client.RegistryClientFacadeImpl.getVersionCoordinatesByGAV(RegistryClientFacadeImpl.java:159)
	at io.apicurio.registry.resolver.DefaultSchemaResolver.resolveByCoordinates(DefaultSchemaResolver.java:352)
	at io.apicurio.registry.resolver.DefaultSchemaResolver.lambda$resolveSchemaByArtifactReferenceCached$6(DefaultSchemaResolver.java:340)
	at io.apicurio.registry.resolver.cache.ERCache.lambda$getValue$0(ERCache.java:174)
	at io.apicurio.registry.resolver.cache.ERCache.retry(ERCache.java:227)
	at io.apicurio.registry.resolver.cache.ERCache.getValue(ERCache.java:173)
	at io.apicurio.registry.resolver.cache.ERCache.getByArtifactCoordinates(ERCache.java:158)
	at io.apicurio.registry.resolver.DefaultSchemaResolver.resolveSchemaByArtifactReferenceCached(DefaultSchemaResolver.java:338)
	at io.apicurio.registry.resolver.DefaultSchemaResolver.resolveSchemaByCoordinates(DefaultSchemaResolver.java:193)
	at io.apicurio.registry.resolver.DefaultSchemaResolver.getSchemaFromRegistry(DefaultSchemaResolver.java:130)
	at io.apicurio.registry.resolver.DefaultSchemaResolver.lambda$resolveSchema$0(DefaultSchemaResolver.java:84)
	at java.base/java.util.Optional.orElseGet(Optional.java:364)
	at io.apicurio.registry.resolver.DefaultSchemaResolver.resolveSchema(DefaultSchemaResolver.java:84)
	at io.apicurio.registry.serde.AbstractSerializer.serializeData(AbstractSerializer.java:62)
	at io.apicurio.registry.serde.KafkaSerializer.serialize(KafkaSerializer.java:77)
	at org.apache.kafka.clients.producer.KafkaProducer.doSend(KafkaProducer.java:1046)
	at org.apache.kafka.clients.producer.KafkaProducer.send(KafkaProducer.java:993)
	at org.apache.kafka.clients.producer.KafkaProducer.send(KafkaProducer.java:875)
	at io.apicurio.tests.serdes.apicurio.KafkaSerdesTester.lambda$produceMessages$3(KafkaSerdesTester.java:138)
	at java.base/java.util.concurrent.CompletableFuture$AsyncSupply.run(CompletableFuture.java:1768)
	at java.base/java.lang.Thread.run(Thread.java:840)
]]></system-err>
  </testcase>
  <testcase name="testAvroJSON" classname="io.apicurio.tests.serdes.apicurio.AvroSerdeIT" time="4.075">
    <system-out><![CDATA[2025-08-07 20:27:54,933 INFO  [io.api.tes.uti.TestSeparator] (main) ############################################################################
2025-08-07 20:27:54,933 INFO  [io.api.tes.uti.TestSeparator] (main) io.apicurio.tests.serdes.apicurio.AvroSerdeIT.testAvroJSON-STARTED
**** Registry Base URL: http://registry-app-pg17.apps.ci419.apicurio-testing.org:80
2025-08-07 20:27:54,939 INFO  [org.apa.kaf.cli.pro.ProducerConfig] (main) ProducerConfig values: 
	acks = -1
	auto.include.jmx.reporter = true
	batch.size = 16384
	bootstrap.servers = [PLAINTEXT://localhost:32769]
	buffer.memory = 33554432
	client.dns.lookup = use_all_dns_ips
	client.id = Producer-topic-7ad2e981_be44_4e48_9b35_6acc037bb43f
	compression.gzip.level = -1
	compression.lz4.level = 9
	compression.type = none
	compression.zstd.level = 3
	connections.max.idle.ms = 10000
	delivery.timeout.ms = 120000
	enable.idempotence = true
	enable.metrics.push = true
	interceptor.classes = []
	key.serializer = class org.apache.kafka.common.serialization.StringSerializer
	linger.ms = 0
	max.block.ms = 60000
	max.in.flight.requests.per.connection = 5
	max.request.size = 1048576
	metadata.max.age.ms = 300000
	metadata.max.idle.ms = 300000
	metadata.recovery.strategy = none
	metric.reporters = []
	metrics.num.samples = 2
	metrics.recording.level = INFO
	metrics.sample.window.ms = 30000
	partitioner.adaptive.partitioning.enable = true
	partitioner.availability.timeout.ms = 0
	partitioner.class = null
	partitioner.ignore.keys = false
	receive.buffer.bytes = 32768
	reconnect.backoff.max.ms = 1000
	reconnect.backoff.ms = 50
	request.timeout.ms = 5000
	retries = 2147483647
	retry.backoff.max.ms = 1000
	retry.backoff.ms = 100
	sasl.client.callback.handler.class = null
	sasl.jaas.config = null
	sasl.kerberos.kinit.cmd = /usr/bin/kinit
	sasl.kerberos.min.time.before.relogin = 60000
	sasl.kerberos.service.name = null
	sasl.kerberos.ticket.renew.jitter = 0.05
	sasl.kerberos.ticket.renew.window.factor = 0.8
	sasl.login.callback.handler.class = null
	sasl.login.class = null
	sasl.login.connect.timeout.ms = null
	sasl.login.read.timeout.ms = null
	sasl.login.refresh.buffer.seconds = 300
	sasl.login.refresh.min.period.seconds = 60
	sasl.login.refresh.window.factor = 0.8
	sasl.login.refresh.window.jitter = 0.05
	sasl.login.retry.backoff.max.ms = 10000
	sasl.login.retry.backoff.ms = 100
	sasl.mechanism = GSSAPI
	sasl.oauthbearer.clock.skew.seconds = 30
	sasl.oauthbearer.expected.audience = null
	sasl.oauthbearer.expected.issuer = null
	sasl.oauthbearer.header.urlencode = false
	sasl.oauthbearer.jwks.endpoint.refresh.ms = 3600000
	sasl.oauthbearer.jwks.endpoint.retry.backoff.max.ms = 10000
	sasl.oauthbearer.jwks.endpoint.retry.backoff.ms = 100
	sasl.oauthbearer.jwks.endpoint.url = null
	sasl.oauthbearer.scope.claim.name = scope
	sasl.oauthbearer.sub.claim.name = sub
	sasl.oauthbearer.token.endpoint.url = null
	security.protocol = PLAINTEXT
	security.providers = null
	send.buffer.bytes = 131072
	socket.connection.setup.timeout.max.ms = 30000
	socket.connection.setup.timeout.ms = 10000
	ssl.cipher.suites = null
	ssl.enabled.protocols = [TLSv1.2, TLSv1.3]
	ssl.endpoint.identification.algorithm = https
	ssl.engine.factory.class = null
	ssl.key.password = null
	ssl.keymanager.algorithm = SunX509
	ssl.keystore.certificate.chain = null
	ssl.keystore.key = null
	ssl.keystore.location = null
	ssl.keystore.password = null
	ssl.keystore.type = JKS
	ssl.protocol = TLSv1.3
	ssl.provider = null
	ssl.secure.random.implementation = null
	ssl.trustmanager.algorithm = PKIX
	ssl.truststore.certificates = null
	ssl.truststore.location = null
	ssl.truststore.password = null
	ssl.truststore.type = JKS
	transaction.timeout.ms = 60000
	transactional.id = null
	value.serializer = class io.apicurio.registry.serde.avro.AvroKafkaSerializer

2025-08-07 20:27:54,939 INFO  [org.apa.kaf.com.tel.int.KafkaMetricsCollector] (main) initializing Kafka metrics collector
2025-08-07 20:27:54,955 INFO  [org.apa.kaf.cli.pro.KafkaProducer] (main) [Producer clientId=Producer-topic-7ad2e981_be44_4e48_9b35_6acc037bb43f] Instantiated an idempotent producer.
2025-08-07 20:27:54,958 INFO  [org.apa.kaf.cli.pro.ProducerConfig] (main) These configurations '[apicurio.registry.avro.encoding, apicurio.registry.url, apicurio.registry.auto-register, apicurio.registry.artifact-resolver-strategy]' were supplied but are not used yet.
2025-08-07 20:27:54,958 INFO  [org.apa.kaf.com.uti.AppInfoParser] (main) Kafka version: 3.9.1
2025-08-07 20:27:54,958 INFO  [org.apa.kaf.com.uti.AppInfoParser] (main) Kafka commitId: f745dfdcee2b9851
2025-08-07 20:27:54,958 INFO  [org.apa.kaf.com.uti.AppInfoParser] (main) Kafka startTimeMs: 1754598474958
2025-08-07 20:27:54,958 INFO  [io.api.tes.ser.api.SimpleSerdesTesterBuilder$SimpleSerdesTester] (main) Using producer configuration: {apicurio.registry.avro.encoding=JSON, apicurio.registry.url=http://registry-app-pg17.apps.ci419.apicurio-testing.org:80/apis/registry/v3, apicurio.registry.auto-register=true, apicurio.registry.artifact-resolver-strategy=io.apicurio.registry.serde.strategy.TopicIdStrategy, value.serializer=io.apicurio.registry.serde.avro.AvroKafkaSerializer, request.timeout.ms=5000, acks=all, bootstrap.servers=PLAINTEXT://localhost:32769, connections.max.idle.ms=10000, key.serializer=org.apache.kafka.common.serialization.StringSerializer, client.id=Producer-topic-7ad2e981_be44_4e48_9b35_6acc037bb43f}
2025-08-07 20:27:54,958 INFO  [io.api.tes.ser.api.SimpleSerdesTesterBuilder$SimpleSerdesTester] (main) Using consumer configuration: {apicurio.registry.avro.encoding=JSON}
2025-08-07 20:27:54,961 INFO  [io.api.tes.ser.api.KafkaSerdesTester] (Thread-615) Sending message {"bar": "value-0"} to topic topic-7ad2e981_be44_4e48_9b35_6acc037bb43f
2025-08-07 20:27:54,966 WARN  [org.apa.kaf.cli.NetworkClient] (kafka-producer-network-thread | Producer-topic-7ad2e981_be44_4e48_9b35_6acc037bb43f) [Producer clientId=Producer-topic-7ad2e981_be44_4e48_9b35_6acc037bb43f] The metadata response from the cluster reported a recoverable issue with correlation id 1 : {topic-7ad2e981_be44_4e48_9b35_6acc037bb43f=UNKNOWN_TOPIC_OR_PARTITION}
2025-08-07 20:27:54,967 INFO  [org.apa.kaf.cli.Metadata] (kafka-producer-network-thread | Producer-topic-7ad2e981_be44_4e48_9b35_6acc037bb43f) [Producer clientId=Producer-topic-7ad2e981_be44_4e48_9b35_6acc037bb43f] Cluster ID: g89mLo7yQq6pgEL9WhhAvA
2025-08-07 20:27:54,969 INFO  [org.apa.kaf.cli.pro.int.TransactionManager] (kafka-producer-network-thread | Producer-topic-7ad2e981_be44_4e48_9b35_6acc037bb43f) [Producer clientId=Producer-topic-7ad2e981_be44_4e48_9b35_6acc037bb43f] ProducerId set to 3 with epoch 0
2025-08-07 20:27:55,176 INFO  [io.api.tes.ser.api.KafkaSerdesTester] (Thread-615) Sending message {"bar": "value-1"} to topic topic-7ad2e981_be44_4e48_9b35_6acc037bb43f
2025-08-07 20:27:55,180 INFO  [io.api.tes.ser.api.KafkaSerdesTester] (Thread-615) Sending message {"bar": "value-2"} to topic topic-7ad2e981_be44_4e48_9b35_6acc037bb43f
2025-08-07 20:27:55,182 INFO  [io.api.tes.ser.api.KafkaSerdesTester] (Thread-615) Sending message {"bar": "value-3"} to topic topic-7ad2e981_be44_4e48_9b35_6acc037bb43f
2025-08-07 20:27:55,184 INFO  [io.api.tes.ser.api.KafkaSerdesTester] (Thread-615) Sending message {"bar": "value-4"} to topic topic-7ad2e981_be44_4e48_9b35_6acc037bb43f
2025-08-07 20:27:55,186 INFO  [io.api.tes.ser.api.KafkaSerdesTester] (Thread-615) Sending message {"bar": "value-5"} to topic topic-7ad2e981_be44_4e48_9b35_6acc037bb43f
2025-08-07 20:27:55,188 INFO  [io.api.tes.ser.api.KafkaSerdesTester] (Thread-615) Sending message {"bar": "value-6"} to topic topic-7ad2e981_be44_4e48_9b35_6acc037bb43f
2025-08-07 20:27:55,191 INFO  [io.api.tes.ser.api.KafkaSerdesTester] (Thread-615) Sending message {"bar": "value-7"} to topic topic-7ad2e981_be44_4e48_9b35_6acc037bb43f
2025-08-07 20:27:55,194 INFO  [io.api.tes.ser.api.KafkaSerdesTester] (Thread-615) Sending message {"bar": "value-8"} to topic topic-7ad2e981_be44_4e48_9b35_6acc037bb43f
2025-08-07 20:27:55,196 INFO  [io.api.tes.ser.api.KafkaSerdesTester] (Thread-615) Sending message {"bar": "value-9"} to topic topic-7ad2e981_be44_4e48_9b35_6acc037bb43f
2025-08-07 20:27:55,198 INFO  [io.api.tes.ser.api.KafkaSerdesTester] (Thread-615) Produced 10 messages
2025-08-07 20:27:55,199 INFO  [org.apa.kaf.cli.pro.KafkaProducer] (Thread-615) [Producer clientId=Producer-topic-7ad2e981_be44_4e48_9b35_6acc037bb43f] Closing the Kafka producer with timeoutMillis = 9223372036854775807 ms.
2025-08-07 20:27:55,204 INFO  [org.apa.kaf.com.met.Metrics] (Thread-615) Metrics scheduler closed
2025-08-07 20:27:55,204 INFO  [org.apa.kaf.com.met.Metrics] (Thread-615) Closing reporter org.apache.kafka.common.metrics.JmxReporter
2025-08-07 20:27:55,204 INFO  [org.apa.kaf.com.met.Metrics] (Thread-615) Closing reporter org.apache.kafka.common.telemetry.internals.ClientTelemetryReporter
2025-08-07 20:27:55,204 INFO  [org.apa.kaf.com.met.Metrics] (Thread-615) Metrics reporters closed
2025-08-07 20:27:55,204 INFO  [org.apa.kaf.com.uti.AppInfoParser] (Thread-615) App info kafka.producer for Producer-topic-7ad2e981_be44_4e48_9b35_6acc037bb43f unregistered
**** Registry Base URL: http://registry-app-pg17.apps.ci419.apicurio-testing.org:80
2025-08-07 20:27:55,297 INFO  [org.apa.kaf.cli.con.ConsumerConfig] (main) ConsumerConfig values: 
	allow.auto.create.topics = true
	auto.commit.interval.ms = 500
	auto.include.jmx.reporter = true
	auto.offset.reset = earliest
	bootstrap.servers = [PLAINTEXT://localhost:32769]
	check.crcs = true
	client.dns.lookup = use_all_dns_ips
	client.id = consumer-Consumer-topic-7ad2e981_be44_4e48_9b35_6acc037bb43f-3
	client.rack = 
	connections.max.idle.ms = 10000
	default.api.timeout.ms = 60000
	enable.auto.commit = true
	enable.metrics.push = true
	exclude.internal.topics = true
	fetch.max.bytes = 52428800
	fetch.max.wait.ms = 500
	fetch.min.bytes = 1
	group.id = Consumer-topic-7ad2e981_be44_4e48_9b35_6acc037bb43f
	group.instance.id = null
	group.protocol = classic
	group.remote.assignor = null
	heartbeat.interval.ms = 3000
	interceptor.classes = []
	internal.leave.group.on.close = true
	internal.throw.on.fetch.stable.offset.unsupported = false
	isolation.level = read_uncommitted
	key.deserializer = class org.apache.kafka.common.serialization.StringDeserializer
	max.partition.fetch.bytes = 1048576
	max.poll.interval.ms = 300000
	max.poll.records = 500
	metadata.max.age.ms = 300000
	metadata.recovery.strategy = none
	metric.reporters = []
	metrics.num.samples = 2
	metrics.recording.level = INFO
	metrics.sample.window.ms = 30000
	partition.assignment.strategy = [class org.apache.kafka.clients.consumer.RangeAssignor, class org.apache.kafka.clients.consumer.CooperativeStickyAssignor]
	receive.buffer.bytes = 65536
	reconnect.backoff.max.ms = 1000
	reconnect.backoff.ms = 50
	request.timeout.ms = 5000
	retry.backoff.max.ms = 1000
	retry.backoff.ms = 100
	sasl.client.callback.handler.class = null
	sasl.jaas.config = null
	sasl.kerberos.kinit.cmd = /usr/bin/kinit
	sasl.kerberos.min.time.before.relogin = 60000
	sasl.kerberos.service.name = null
	sasl.kerberos.ticket.renew.jitter = 0.05
	sasl.kerberos.ticket.renew.window.factor = 0.8
	sasl.login.callback.handler.class = null
	sasl.login.class = null
	sasl.login.connect.timeout.ms = null
	sasl.login.read.timeout.ms = null
	sasl.login.refresh.buffer.seconds = 300
	sasl.login.refresh.min.period.seconds = 60
	sasl.login.refresh.window.factor = 0.8
	sasl.login.refresh.window.jitter = 0.05
	sasl.login.retry.backoff.max.ms = 10000
	sasl.login.retry.backoff.ms = 100
	sasl.mechanism = GSSAPI
	sasl.oauthbearer.clock.skew.seconds = 30
	sasl.oauthbearer.expected.audience = null
	sasl.oauthbearer.expected.issuer = null
	sasl.oauthbearer.header.urlencode = false
	sasl.oauthbearer.jwks.endpoint.refresh.ms = 3600000
	sasl.oauthbearer.jwks.endpoint.retry.backoff.max.ms = 10000
	sasl.oauthbearer.jwks.endpoint.retry.backoff.ms = 100
	sasl.oauthbearer.jwks.endpoint.url = null
	sasl.oauthbearer.scope.claim.name = scope
	sasl.oauthbearer.sub.claim.name = sub
	sasl.oauthbearer.token.endpoint.url = null
	security.protocol = PLAINTEXT
	security.providers = null
	send.buffer.bytes = 131072
	session.timeout.ms = 45000
	socket.connection.setup.timeout.max.ms = 30000
	socket.connection.setup.timeout.ms = 10000
	ssl.cipher.suites = null
	ssl.enabled.protocols = [TLSv1.2, TLSv1.3]
	ssl.endpoint.identification.algorithm = https
	ssl.engine.factory.class = null
	ssl.key.password = null
	ssl.keymanager.algorithm = SunX509
	ssl.keystore.certificate.chain = null
	ssl.keystore.key = null
	ssl.keystore.location = null
	ssl.keystore.password = null
	ssl.keystore.type = JKS
	ssl.protocol = TLSv1.3
	ssl.provider = null
	ssl.secure.random.implementation = null
	ssl.trustmanager.algorithm = PKIX
	ssl.truststore.certificates = null
	ssl.truststore.location = null
	ssl.truststore.password = null
	ssl.truststore.type = JKS
	value.deserializer = class io.apicurio.registry.serde.avro.AvroKafkaDeserializer

2025-08-07 20:27:55,298 INFO  [org.apa.kaf.com.tel.int.KafkaMetricsCollector] (main) initializing Kafka metrics collector
2025-08-07 20:27:55,306 INFO  [org.apa.kaf.cli.con.ConsumerConfig] (main) These configurations '[apicurio.registry.avro.encoding, apicurio.registry.url]' were supplied but are not used yet.
2025-08-07 20:27:55,306 INFO  [org.apa.kaf.com.uti.AppInfoParser] (main) Kafka version: 3.9.1
2025-08-07 20:27:55,308 INFO  [org.apa.kaf.com.uti.AppInfoParser] (main) Kafka commitId: f745dfdcee2b9851
2025-08-07 20:27:55,309 INFO  [org.apa.kaf.com.uti.AppInfoParser] (main) Kafka startTimeMs: 1754598475306
2025-08-07 20:27:55,309 INFO  [org.apa.kaf.cli.con.int.ClassicKafkaConsumer] (Thread-618) [Consumer clientId=consumer-Consumer-topic-7ad2e981_be44_4e48_9b35_6acc037bb43f-3, groupId=Consumer-topic-7ad2e981_be44_4e48_9b35_6acc037bb43f] Subscribed to topic(s): topic-7ad2e981_be44_4e48_9b35_6acc037bb43f
2025-08-07 20:27:55,317 INFO  [org.apa.kaf.cli.Metadata] (Thread-618) [Consumer clientId=consumer-Consumer-topic-7ad2e981_be44_4e48_9b35_6acc037bb43f-3, groupId=Consumer-topic-7ad2e981_be44_4e48_9b35_6acc037bb43f] Cluster ID: g89mLo7yQq6pgEL9WhhAvA
2025-08-07 20:27:55,319 INFO  [org.apa.kaf.cli.con.int.ConsumerCoordinator] (Thread-618) [Consumer clientId=consumer-Consumer-topic-7ad2e981_be44_4e48_9b35_6acc037bb43f-3, groupId=Consumer-topic-7ad2e981_be44_4e48_9b35_6acc037bb43f] Discovered group coordinator localhost:32769 (id: 2147483647 rack: null)
2025-08-07 20:27:55,322 INFO  [org.apa.kaf.cli.con.int.ConsumerCoordinator] (Thread-618) [Consumer clientId=consumer-Consumer-topic-7ad2e981_be44_4e48_9b35_6acc037bb43f-3, groupId=Consumer-topic-7ad2e981_be44_4e48_9b35_6acc037bb43f] (Re-)joining group
2025-08-07 20:27:55,325 INFO  [org.apa.kaf.cli.con.int.ConsumerCoordinator] (Thread-618) [Consumer clientId=consumer-Consumer-topic-7ad2e981_be44_4e48_9b35_6acc037bb43f-3, groupId=Consumer-topic-7ad2e981_be44_4e48_9b35_6acc037bb43f] Request joining group due to: need to re-join with the given member-id: consumer-Consumer-topic-7ad2e981_be44_4e48_9b35_6acc037bb43f-3-0f042a26-9acc-46ad-b694-fb9dba6fb4b3
2025-08-07 20:27:55,325 INFO  [org.apa.kaf.cli.con.int.ConsumerCoordinator] (Thread-618) [Consumer clientId=consumer-Consumer-topic-7ad2e981_be44_4e48_9b35_6acc037bb43f-3, groupId=Consumer-topic-7ad2e981_be44_4e48_9b35_6acc037bb43f] (Re-)joining group
2025-08-07 20:27:56,309 INFO  [io.api.tes.ser.api.KafkaSerdesTester] (Thread-618) None found
2025-08-07 20:27:57,309 INFO  [io.api.tes.ser.api.KafkaSerdesTester] (Thread-618) None found
2025-08-07 20:27:58,311 INFO  [io.api.tes.ser.api.KafkaSerdesTester] (Thread-618) None found
2025-08-07 20:27:58,330 INFO  [org.apa.kaf.cli.con.int.ConsumerCoordinator] (Thread-618) [Consumer clientId=consumer-Consumer-topic-7ad2e981_be44_4e48_9b35_6acc037bb43f-3, groupId=Consumer-topic-7ad2e981_be44_4e48_9b35_6acc037bb43f] Successfully joined group with generation Generation{generationId=1, memberId='consumer-Consumer-topic-7ad2e981_be44_4e48_9b35_6acc037bb43f-3-0f042a26-9acc-46ad-b694-fb9dba6fb4b3', protocol='range'}
2025-08-07 20:27:58,331 INFO  [org.apa.kaf.cli.con.int.ConsumerCoordinator] (Thread-618) [Consumer clientId=consumer-Consumer-topic-7ad2e981_be44_4e48_9b35_6acc037bb43f-3, groupId=Consumer-topic-7ad2e981_be44_4e48_9b35_6acc037bb43f] Finished assignment for group at generation 1: {consumer-Consumer-topic-7ad2e981_be44_4e48_9b35_6acc037bb43f-3-0f042a26-9acc-46ad-b694-fb9dba6fb4b3=Assignment(partitions=[topic-7ad2e981_be44_4e48_9b35_6acc037bb43f-0])}
2025-08-07 20:27:58,338 INFO  [org.apa.kaf.cli.con.int.ConsumerCoordinator] (Thread-618) [Consumer clientId=consumer-Consumer-topic-7ad2e981_be44_4e48_9b35_6acc037bb43f-3, groupId=Consumer-topic-7ad2e981_be44_4e48_9b35_6acc037bb43f] Successfully synced group in generation Generation{generationId=1, memberId='consumer-Consumer-topic-7ad2e981_be44_4e48_9b35_6acc037bb43f-3-0f042a26-9acc-46ad-b694-fb9dba6fb4b3', protocol='range'}
2025-08-07 20:27:58,338 INFO  [org.apa.kaf.cli.con.int.ConsumerCoordinator] (Thread-618) [Consumer clientId=consumer-Consumer-topic-7ad2e981_be44_4e48_9b35_6acc037bb43f-3, groupId=Consumer-topic-7ad2e981_be44_4e48_9b35_6acc037bb43f] Notifying assignor about the new Assignment(partitions=[topic-7ad2e981_be44_4e48_9b35_6acc037bb43f-0])
2025-08-07 20:27:58,338 INFO  [org.apa.kaf.cli.con.int.ConsumerRebalanceListenerInvoker] (Thread-618) [Consumer clientId=consumer-Consumer-topic-7ad2e981_be44_4e48_9b35_6acc037bb43f-3, groupId=Consumer-topic-7ad2e981_be44_4e48_9b35_6acc037bb43f] Adding newly assigned partitions: topic-7ad2e981_be44_4e48_9b35_6acc037bb43f-0
2025-08-07 20:27:58,340 INFO  [org.apa.kaf.cli.con.int.ConsumerCoordinator] (Thread-618) [Consumer clientId=consumer-Consumer-topic-7ad2e981_be44_4e48_9b35_6acc037bb43f-3, groupId=Consumer-topic-7ad2e981_be44_4e48_9b35_6acc037bb43f] Found no committed offset for partition topic-7ad2e981_be44_4e48_9b35_6acc037bb43f-0
2025-08-07 20:27:58,346 INFO  [org.apa.kaf.cli.con.int.SubscriptionState] (Thread-618) [Consumer clientId=consumer-Consumer-topic-7ad2e981_be44_4e48_9b35_6acc037bb43f-3, groupId=Consumer-topic-7ad2e981_be44_4e48_9b35_6acc037bb43f] Resetting offset for partition topic-7ad2e981_be44_4e48_9b35_6acc037bb43f-0 to position FetchPosition{offset=0, offsetEpoch=Optional.empty, currentLeader=LeaderAndEpoch{leader=Optional[localhost:32769 (id: 0 rack: null)], epoch=0}}.
2025-08-07 20:27:58,495 INFO  [io.api.tes.ser.api.KafkaSerdesTester] (Thread-618) topic-7ad2e981_be44_4e48_9b35_6acc037bb43f 0 0 {"bar": "value-0"}
2025-08-07 20:27:58,495 INFO  [io.api.tes.ser.api.KafkaSerdesTester] (Thread-618) topic-7ad2e981_be44_4e48_9b35_6acc037bb43f 0 1 {"bar": "value-1"}
2025-08-07 20:27:58,495 INFO  [io.api.tes.ser.api.KafkaSerdesTester] (Thread-618) topic-7ad2e981_be44_4e48_9b35_6acc037bb43f 0 2 {"bar": "value-2"}
2025-08-07 20:27:58,495 INFO  [io.api.tes.ser.api.KafkaSerdesTester] (Thread-618) topic-7ad2e981_be44_4e48_9b35_6acc037bb43f 0 3 {"bar": "value-3"}
2025-08-07 20:27:58,495 INFO  [io.api.tes.ser.api.KafkaSerdesTester] (Thread-618) topic-7ad2e981_be44_4e48_9b35_6acc037bb43f 0 4 {"bar": "value-4"}
2025-08-07 20:27:58,496 INFO  [io.api.tes.ser.api.KafkaSerdesTester] (Thread-618) topic-7ad2e981_be44_4e48_9b35_6acc037bb43f 0 5 {"bar": "value-5"}
2025-08-07 20:27:58,496 INFO  [io.api.tes.ser.api.KafkaSerdesTester] (Thread-618) topic-7ad2e981_be44_4e48_9b35_6acc037bb43f 0 6 {"bar": "value-6"}
2025-08-07 20:27:58,496 INFO  [io.api.tes.ser.api.KafkaSerdesTester] (Thread-618) topic-7ad2e981_be44_4e48_9b35_6acc037bb43f 0 7 {"bar": "value-7"}
2025-08-07 20:27:58,496 INFO  [io.api.tes.ser.api.KafkaSerdesTester] (Thread-618) topic-7ad2e981_be44_4e48_9b35_6acc037bb43f 0 8 {"bar": "value-8"}
2025-08-07 20:27:58,496 INFO  [io.api.tes.ser.api.KafkaSerdesTester] (Thread-618) topic-7ad2e981_be44_4e48_9b35_6acc037bb43f 0 9 {"bar": "value-9"}
2025-08-07 20:27:58,496 INFO  [io.api.tes.ser.api.KafkaSerdesTester] (Thread-618) Consumed 10 messages
2025-08-07 20:27:58,504 INFO  [org.apa.kaf.cli.con.int.ConsumerRebalanceListenerInvoker] (Thread-618) [Consumer clientId=consumer-Consumer-topic-7ad2e981_be44_4e48_9b35_6acc037bb43f-3, groupId=Consumer-topic-7ad2e981_be44_4e48_9b35_6acc037bb43f] Revoke previously assigned partitions topic-7ad2e981_be44_4e48_9b35_6acc037bb43f-0
2025-08-07 20:27:58,504 INFO  [org.apa.kaf.cli.con.int.ConsumerCoordinator] (Thread-618) [Consumer clientId=consumer-Consumer-topic-7ad2e981_be44_4e48_9b35_6acc037bb43f-3, groupId=Consumer-topic-7ad2e981_be44_4e48_9b35_6acc037bb43f] Member consumer-Consumer-topic-7ad2e981_be44_4e48_9b35_6acc037bb43f-3-0f042a26-9acc-46ad-b694-fb9dba6fb4b3 sending LeaveGroup request to coordinator localhost:32769 (id: 2147483647 rack: null) due to the consumer is being closed
2025-08-07 20:27:58,504 INFO  [org.apa.kaf.cli.con.int.ConsumerCoordinator] (Thread-618) [Consumer clientId=consumer-Consumer-topic-7ad2e981_be44_4e48_9b35_6acc037bb43f-3, groupId=Consumer-topic-7ad2e981_be44_4e48_9b35_6acc037bb43f] Resetting generation and member id due to: consumer pro-actively leaving the group
2025-08-07 20:27:58,504 INFO  [org.apa.kaf.cli.con.int.ConsumerCoordinator] (Thread-618) [Consumer clientId=consumer-Consumer-topic-7ad2e981_be44_4e48_9b35_6acc037bb43f-3, groupId=Consumer-topic-7ad2e981_be44_4e48_9b35_6acc037bb43f] Request joining group due to: consumer pro-actively leaving the group
2025-08-07 20:27:59,000 INFO  [org.apa.kaf.com.met.Metrics] (Thread-618) Metrics scheduler closed
2025-08-07 20:27:59,000 INFO  [org.apa.kaf.com.met.Metrics] (Thread-618) Closing reporter org.apache.kafka.common.metrics.JmxReporter
2025-08-07 20:27:59,000 INFO  [org.apa.kaf.com.met.Metrics] (Thread-618) Closing reporter org.apache.kafka.common.telemetry.internals.ClientTelemetryReporter
2025-08-07 20:27:59,000 INFO  [org.apa.kaf.com.met.Metrics] (Thread-618) Metrics reporters closed
2025-08-07 20:27:59,006 INFO  [org.apa.kaf.com.uti.AppInfoParser] (Thread-618) App info kafka.consumer for consumer-Consumer-topic-7ad2e981_be44_4e48_9b35_6acc037bb43f-3 unregistered
2025-08-07 20:27:59,007 INFO  [io.api.tes.uti.TestSeparator] (main) io.apicurio.tests.serdes.apicurio.AvroSerdeIT.testAvroJSON-FINISHED
2025-08-07 20:27:59,007 INFO  [io.api.tes.uti.TestSeparator] (main) ############################################################################
Test passed: testAvroJSON
]]></system-out>
  </testcase>
  <testcase name="testTopicIdStrategyAutoRegister" classname="io.apicurio.tests.serdes.apicurio.AvroSerdeIT" time="4.157">
    <system-out><![CDATA[2025-08-07 20:27:59,012 INFO  [io.api.tes.uti.TestSeparator] (main) ############################################################################
2025-08-07 20:27:59,012 INFO  [io.api.tes.uti.TestSeparator] (main) io.apicurio.tests.serdes.apicurio.AvroSerdeIT.testTopicIdStrategyAutoRegister-STARTED
**** Registry Base URL: http://registry-app-pg17.apps.ci419.apicurio-testing.org:80
2025-08-07 20:27:59,018 INFO  [org.apa.kaf.cli.pro.ProducerConfig] (main) ProducerConfig values: 
	acks = -1
	auto.include.jmx.reporter = true
	batch.size = 16384
	bootstrap.servers = [PLAINTEXT://localhost:32769]
	buffer.memory = 33554432
	client.dns.lookup = use_all_dns_ips
	client.id = Producer-topic-cf619321_5b00_4d4d_a37f_7d50919fb990
	compression.gzip.level = -1
	compression.lz4.level = 9
	compression.type = none
	compression.zstd.level = 3
	connections.max.idle.ms = 10000
	delivery.timeout.ms = 120000
	enable.idempotence = true
	enable.metrics.push = true
	interceptor.classes = []
	key.serializer = class org.apache.kafka.common.serialization.StringSerializer
	linger.ms = 0
	max.block.ms = 60000
	max.in.flight.requests.per.connection = 5
	max.request.size = 1048576
	metadata.max.age.ms = 300000
	metadata.max.idle.ms = 300000
	metadata.recovery.strategy = none
	metric.reporters = []
	metrics.num.samples = 2
	metrics.recording.level = INFO
	metrics.sample.window.ms = 30000
	partitioner.adaptive.partitioning.enable = true
	partitioner.availability.timeout.ms = 0
	partitioner.class = null
	partitioner.ignore.keys = false
	receive.buffer.bytes = 32768
	reconnect.backoff.max.ms = 1000
	reconnect.backoff.ms = 50
	request.timeout.ms = 5000
	retries = 2147483647
	retry.backoff.max.ms = 1000
	retry.backoff.ms = 100
	sasl.client.callback.handler.class = null
	sasl.jaas.config = null
	sasl.kerberos.kinit.cmd = /usr/bin/kinit
	sasl.kerberos.min.time.before.relogin = 60000
	sasl.kerberos.service.name = null
	sasl.kerberos.ticket.renew.jitter = 0.05
	sasl.kerberos.ticket.renew.window.factor = 0.8
	sasl.login.callback.handler.class = null
	sasl.login.class = null
	sasl.login.connect.timeout.ms = null
	sasl.login.read.timeout.ms = null
	sasl.login.refresh.buffer.seconds = 300
	sasl.login.refresh.min.period.seconds = 60
	sasl.login.refresh.window.factor = 0.8
	sasl.login.refresh.window.jitter = 0.05
	sasl.login.retry.backoff.max.ms = 10000
	sasl.login.retry.backoff.ms = 100
	sasl.mechanism = GSSAPI
	sasl.oauthbearer.clock.skew.seconds = 30
	sasl.oauthbearer.expected.audience = null
	sasl.oauthbearer.expected.issuer = null
	sasl.oauthbearer.header.urlencode = false
	sasl.oauthbearer.jwks.endpoint.refresh.ms = 3600000
	sasl.oauthbearer.jwks.endpoint.retry.backoff.max.ms = 10000
	sasl.oauthbearer.jwks.endpoint.retry.backoff.ms = 100
	sasl.oauthbearer.jwks.endpoint.url = null
	sasl.oauthbearer.scope.claim.name = scope
	sasl.oauthbearer.sub.claim.name = sub
	sasl.oauthbearer.token.endpoint.url = null
	security.protocol = PLAINTEXT
	security.providers = null
	send.buffer.bytes = 131072
	socket.connection.setup.timeout.max.ms = 30000
	socket.connection.setup.timeout.ms = 10000
	ssl.cipher.suites = null
	ssl.enabled.protocols = [TLSv1.2, TLSv1.3]
	ssl.endpoint.identification.algorithm = https
	ssl.engine.factory.class = null
	ssl.key.password = null
	ssl.keymanager.algorithm = SunX509
	ssl.keystore.certificate.chain = null
	ssl.keystore.key = null
	ssl.keystore.location = null
	ssl.keystore.password = null
	ssl.keystore.type = JKS
	ssl.protocol = TLSv1.3
	ssl.provider = null
	ssl.secure.random.implementation = null
	ssl.trustmanager.algorithm = PKIX
	ssl.truststore.certificates = null
	ssl.truststore.location = null
	ssl.truststore.password = null
	ssl.truststore.type = JKS
	transaction.timeout.ms = 60000
	transactional.id = null
	value.serializer = class io.apicurio.registry.serde.avro.AvroKafkaSerializer

2025-08-07 20:27:59,019 INFO  [org.apa.kaf.com.tel.int.KafkaMetricsCollector] (main) initializing Kafka metrics collector
2025-08-07 20:27:59,022 INFO  [org.apa.kaf.cli.pro.KafkaProducer] (main) [Producer clientId=Producer-topic-cf619321_5b00_4d4d_a37f_7d50919fb990] Instantiated an idempotent producer.
2025-08-07 20:27:59,025 INFO  [org.apa.kaf.cli.pro.ProducerConfig] (main) These configurations '[apicurio.registry.url, apicurio.registry.auto-register, apicurio.registry.artifact-resolver-strategy]' were supplied but are not used yet.
2025-08-07 20:27:59,025 INFO  [org.apa.kaf.com.uti.AppInfoParser] (main) Kafka version: 3.9.1
2025-08-07 20:27:59,025 INFO  [org.apa.kaf.com.uti.AppInfoParser] (main) Kafka commitId: f745dfdcee2b9851
2025-08-07 20:27:59,025 INFO  [org.apa.kaf.com.uti.AppInfoParser] (main) Kafka startTimeMs: 1754598479025
2025-08-07 20:27:59,026 INFO  [io.api.tes.ser.api.SimpleSerdesTesterBuilder$SimpleSerdesTester] (main) Using producer configuration: {apicurio.registry.url=http://registry-app-pg17.apps.ci419.apicurio-testing.org:80/apis/registry/v3, apicurio.registry.auto-register=true, apicurio.registry.artifact-resolver-strategy=io.apicurio.registry.serde.strategy.TopicIdStrategy, value.serializer=io.apicurio.registry.serde.avro.AvroKafkaSerializer, request.timeout.ms=5000, acks=all, bootstrap.servers=PLAINTEXT://localhost:32769, connections.max.idle.ms=10000, key.serializer=org.apache.kafka.common.serialization.StringSerializer, client.id=Producer-topic-cf619321_5b00_4d4d_a37f_7d50919fb990}
2025-08-07 20:27:59,026 INFO  [io.api.tes.ser.api.SimpleSerdesTesterBuilder$SimpleSerdesTester] (main) Using consumer configuration: {}
2025-08-07 20:27:59,035 INFO  [io.api.tes.ser.api.KafkaSerdesTester] (Thread-621) Sending message {"key11754598479013": "value-0"} to topic topic-cf619321_5b00_4d4d_a37f_7d50919fb990
2025-08-07 20:27:59,040 WARN  [org.apa.kaf.cli.NetworkClient] (kafka-producer-network-thread | Producer-topic-cf619321_5b00_4d4d_a37f_7d50919fb990) [Producer clientId=Producer-topic-cf619321_5b00_4d4d_a37f_7d50919fb990] The metadata response from the cluster reported a recoverable issue with correlation id 1 : {topic-cf619321_5b00_4d4d_a37f_7d50919fb990=UNKNOWN_TOPIC_OR_PARTITION}
2025-08-07 20:27:59,040 INFO  [org.apa.kaf.cli.Metadata] (kafka-producer-network-thread | Producer-topic-cf619321_5b00_4d4d_a37f_7d50919fb990) [Producer clientId=Producer-topic-cf619321_5b00_4d4d_a37f_7d50919fb990] Cluster ID: g89mLo7yQq6pgEL9WhhAvA
2025-08-07 20:27:59,043 INFO  [org.apa.kaf.cli.pro.int.TransactionManager] (kafka-producer-network-thread | Producer-topic-cf619321_5b00_4d4d_a37f_7d50919fb990) [Producer clientId=Producer-topic-cf619321_5b00_4d4d_a37f_7d50919fb990] ProducerId set to 4 with epoch 0
2025-08-07 20:27:59,267 INFO  [io.api.tes.ser.api.KafkaSerdesTester] (Thread-621) Sending message {"key11754598479013": "value-1"} to topic topic-cf619321_5b00_4d4d_a37f_7d50919fb990
2025-08-07 20:27:59,269 INFO  [io.api.tes.ser.api.KafkaSerdesTester] (Thread-621) Sending message {"key11754598479013": "value-2"} to topic topic-cf619321_5b00_4d4d_a37f_7d50919fb990
2025-08-07 20:27:59,272 INFO  [io.api.tes.ser.api.KafkaSerdesTester] (Thread-621) Sending message {"key11754598479013": "value-3"} to topic topic-cf619321_5b00_4d4d_a37f_7d50919fb990
2025-08-07 20:27:59,274 INFO  [io.api.tes.ser.api.KafkaSerdesTester] (Thread-621) Sending message {"key11754598479013": "value-4"} to topic topic-cf619321_5b00_4d4d_a37f_7d50919fb990
2025-08-07 20:27:59,276 INFO  [io.api.tes.ser.api.KafkaSerdesTester] (Thread-621) Sending message {"key11754598479013": "value-5"} to topic topic-cf619321_5b00_4d4d_a37f_7d50919fb990
2025-08-07 20:27:59,278 INFO  [io.api.tes.ser.api.KafkaSerdesTester] (Thread-621) Sending message {"key11754598479013": "value-6"} to topic topic-cf619321_5b00_4d4d_a37f_7d50919fb990
2025-08-07 20:27:59,279 INFO  [io.api.tes.ser.api.KafkaSerdesTester] (Thread-621) Sending message {"key11754598479013": "value-7"} to topic topic-cf619321_5b00_4d4d_a37f_7d50919fb990
2025-08-07 20:27:59,281 INFO  [io.api.tes.ser.api.KafkaSerdesTester] (Thread-621) Sending message {"key11754598479013": "value-8"} to topic topic-cf619321_5b00_4d4d_a37f_7d50919fb990
2025-08-07 20:27:59,283 INFO  [io.api.tes.ser.api.KafkaSerdesTester] (Thread-621) Sending message {"key11754598479013": "value-9"} to topic topic-cf619321_5b00_4d4d_a37f_7d50919fb990
2025-08-07 20:27:59,285 INFO  [io.api.tes.ser.api.KafkaSerdesTester] (Thread-621) Produced 10 messages
2025-08-07 20:27:59,285 INFO  [org.apa.kaf.cli.pro.KafkaProducer] (Thread-621) [Producer clientId=Producer-topic-cf619321_5b00_4d4d_a37f_7d50919fb990] Closing the Kafka producer with timeoutMillis = 9223372036854775807 ms.
2025-08-07 20:27:59,292 INFO  [org.apa.kaf.com.met.Metrics] (Thread-621) Metrics scheduler closed
2025-08-07 20:27:59,292 INFO  [org.apa.kaf.com.met.Metrics] (Thread-621) Closing reporter org.apache.kafka.common.metrics.JmxReporter
2025-08-07 20:27:59,292 INFO  [org.apa.kaf.com.met.Metrics] (Thread-621) Closing reporter org.apache.kafka.common.telemetry.internals.ClientTelemetryReporter
2025-08-07 20:27:59,292 INFO  [org.apa.kaf.com.met.Metrics] (Thread-621) Metrics reporters closed
2025-08-07 20:27:59,292 INFO  [org.apa.kaf.com.uti.AppInfoParser] (Thread-621) App info kafka.producer for Producer-topic-cf619321_5b00_4d4d_a37f_7d50919fb990 unregistered
**** Registry Base URL: http://registry-app-pg17.apps.ci419.apicurio-testing.org:80
2025-08-07 20:27:59,387 INFO  [org.apa.kaf.cli.con.ConsumerConfig] (main) ConsumerConfig values: 
	allow.auto.create.topics = true
	auto.commit.interval.ms = 500
	auto.include.jmx.reporter = true
	auto.offset.reset = earliest
	bootstrap.servers = [PLAINTEXT://localhost:32769]
	check.crcs = true
	client.dns.lookup = use_all_dns_ips
	client.id = consumer-Consumer-topic-cf619321_5b00_4d4d_a37f_7d50919fb990-4
	client.rack = 
	connections.max.idle.ms = 10000
	default.api.timeout.ms = 60000
	enable.auto.commit = true
	enable.metrics.push = true
	exclude.internal.topics = true
	fetch.max.bytes = 52428800
	fetch.max.wait.ms = 500
	fetch.min.bytes = 1
	group.id = Consumer-topic-cf619321_5b00_4d4d_a37f_7d50919fb990
	group.instance.id = null
	group.protocol = classic
	group.remote.assignor = null
	heartbeat.interval.ms = 3000
	interceptor.classes = []
	internal.leave.group.on.close = true
	internal.throw.on.fetch.stable.offset.unsupported = false
	isolation.level = read_uncommitted
	key.deserializer = class org.apache.kafka.common.serialization.StringDeserializer
	max.partition.fetch.bytes = 1048576
	max.poll.interval.ms = 300000
	max.poll.records = 500
	metadata.max.age.ms = 300000
	metadata.recovery.strategy = none
	metric.reporters = []
	metrics.num.samples = 2
	metrics.recording.level = INFO
	metrics.sample.window.ms = 30000
	partition.assignment.strategy = [class org.apache.kafka.clients.consumer.RangeAssignor, class org.apache.kafka.clients.consumer.CooperativeStickyAssignor]
	receive.buffer.bytes = 65536
	reconnect.backoff.max.ms = 1000
	reconnect.backoff.ms = 50
	request.timeout.ms = 5000
	retry.backoff.max.ms = 1000
	retry.backoff.ms = 100
	sasl.client.callback.handler.class = null
	sasl.jaas.config = null
	sasl.kerberos.kinit.cmd = /usr/bin/kinit
	sasl.kerberos.min.time.before.relogin = 60000
	sasl.kerberos.service.name = null
	sasl.kerberos.ticket.renew.jitter = 0.05
	sasl.kerberos.ticket.renew.window.factor = 0.8
	sasl.login.callback.handler.class = null
	sasl.login.class = null
	sasl.login.connect.timeout.ms = null
	sasl.login.read.timeout.ms = null
	sasl.login.refresh.buffer.seconds = 300
	sasl.login.refresh.min.period.seconds = 60
	sasl.login.refresh.window.factor = 0.8
	sasl.login.refresh.window.jitter = 0.05
	sasl.login.retry.backoff.max.ms = 10000
	sasl.login.retry.backoff.ms = 100
	sasl.mechanism = GSSAPI
	sasl.oauthbearer.clock.skew.seconds = 30
	sasl.oauthbearer.expected.audience = null
	sasl.oauthbearer.expected.issuer = null
	sasl.oauthbearer.header.urlencode = false
	sasl.oauthbearer.jwks.endpoint.refresh.ms = 3600000
	sasl.oauthbearer.jwks.endpoint.retry.backoff.max.ms = 10000
	sasl.oauthbearer.jwks.endpoint.retry.backoff.ms = 100
	sasl.oauthbearer.jwks.endpoint.url = null
	sasl.oauthbearer.scope.claim.name = scope
	sasl.oauthbearer.sub.claim.name = sub
	sasl.oauthbearer.token.endpoint.url = null
	security.protocol = PLAINTEXT
	security.providers = null
	send.buffer.bytes = 131072
	session.timeout.ms = 45000
	socket.connection.setup.timeout.max.ms = 30000
	socket.connection.setup.timeout.ms = 10000
	ssl.cipher.suites = null
	ssl.enabled.protocols = [TLSv1.2, TLSv1.3]
	ssl.endpoint.identification.algorithm = https
	ssl.engine.factory.class = null
	ssl.key.password = null
	ssl.keymanager.algorithm = SunX509
	ssl.keystore.certificate.chain = null
	ssl.keystore.key = null
	ssl.keystore.location = null
	ssl.keystore.password = null
	ssl.keystore.type = JKS
	ssl.protocol = TLSv1.3
	ssl.provider = null
	ssl.secure.random.implementation = null
	ssl.trustmanager.algorithm = PKIX
	ssl.truststore.certificates = null
	ssl.truststore.location = null
	ssl.truststore.password = null
	ssl.truststore.type = JKS
	value.deserializer = class io.apicurio.registry.serde.avro.AvroKafkaDeserializer

2025-08-07 20:27:59,387 INFO  [org.apa.kaf.com.tel.int.KafkaMetricsCollector] (main) initializing Kafka metrics collector
2025-08-07 20:27:59,394 INFO  [org.apa.kaf.cli.con.ConsumerConfig] (main) These configurations '[apicurio.registry.url]' were supplied but are not used yet.
2025-08-07 20:27:59,394 INFO  [org.apa.kaf.com.uti.AppInfoParser] (main) Kafka version: 3.9.1
2025-08-07 20:27:59,395 INFO  [org.apa.kaf.com.uti.AppInfoParser] (main) Kafka commitId: f745dfdcee2b9851
2025-08-07 20:27:59,395 INFO  [org.apa.kaf.com.uti.AppInfoParser] (main) Kafka startTimeMs: 1754598479394
2025-08-07 20:27:59,395 INFO  [org.apa.kaf.cli.con.int.ClassicKafkaConsumer] (Thread-624) [Consumer clientId=consumer-Consumer-topic-cf619321_5b00_4d4d_a37f_7d50919fb990-4, groupId=Consumer-topic-cf619321_5b00_4d4d_a37f_7d50919fb990] Subscribed to topic(s): topic-cf619321_5b00_4d4d_a37f_7d50919fb990
2025-08-07 20:27:59,401 INFO  [org.apa.kaf.cli.Metadata] (Thread-624) [Consumer clientId=consumer-Consumer-topic-cf619321_5b00_4d4d_a37f_7d50919fb990-4, groupId=Consumer-topic-cf619321_5b00_4d4d_a37f_7d50919fb990] Cluster ID: g89mLo7yQq6pgEL9WhhAvA
2025-08-07 20:27:59,402 INFO  [org.apa.kaf.cli.con.int.ConsumerCoordinator] (Thread-624) [Consumer clientId=consumer-Consumer-topic-cf619321_5b00_4d4d_a37f_7d50919fb990-4, groupId=Consumer-topic-cf619321_5b00_4d4d_a37f_7d50919fb990] Discovered group coordinator localhost:32769 (id: 2147483647 rack: null)
2025-08-07 20:27:59,405 INFO  [org.apa.kaf.cli.con.int.ConsumerCoordinator] (Thread-624) [Consumer clientId=consumer-Consumer-topic-cf619321_5b00_4d4d_a37f_7d50919fb990-4, groupId=Consumer-topic-cf619321_5b00_4d4d_a37f_7d50919fb990] (Re-)joining group
2025-08-07 20:27:59,409 INFO  [org.apa.kaf.cli.con.int.ConsumerCoordinator] (Thread-624) [Consumer clientId=consumer-Consumer-topic-cf619321_5b00_4d4d_a37f_7d50919fb990-4, groupId=Consumer-topic-cf619321_5b00_4d4d_a37f_7d50919fb990] Request joining group due to: need to re-join with the given member-id: consumer-Consumer-topic-cf619321_5b00_4d4d_a37f_7d50919fb990-4-4d6b82b2-b35d-4b99-a27a-873b61649c43
2025-08-07 20:27:59,409 INFO  [org.apa.kaf.cli.con.int.ConsumerCoordinator] (Thread-624) [Consumer clientId=consumer-Consumer-topic-cf619321_5b00_4d4d_a37f_7d50919fb990-4, groupId=Consumer-topic-cf619321_5b00_4d4d_a37f_7d50919fb990] (Re-)joining group
2025-08-07 20:28:00,396 INFO  [io.api.tes.ser.api.KafkaSerdesTester] (Thread-624) None found
2025-08-07 20:28:01,397 INFO  [io.api.tes.ser.api.KafkaSerdesTester] (Thread-624) None found
2025-08-07 20:28:02,397 INFO  [io.api.tes.ser.api.KafkaSerdesTester] (Thread-624) None found
2025-08-07 20:28:02,411 INFO  [org.apa.kaf.cli.con.int.ConsumerCoordinator] (Thread-624) [Consumer clientId=consumer-Consumer-topic-cf619321_5b00_4d4d_a37f_7d50919fb990-4, groupId=Consumer-topic-cf619321_5b00_4d4d_a37f_7d50919fb990] Successfully joined group with generation Generation{generationId=1, memberId='consumer-Consumer-topic-cf619321_5b00_4d4d_a37f_7d50919fb990-4-4d6b82b2-b35d-4b99-a27a-873b61649c43', protocol='range'}
2025-08-07 20:28:02,411 INFO  [org.apa.kaf.cli.con.int.ConsumerCoordinator] (Thread-624) [Consumer clientId=consumer-Consumer-topic-cf619321_5b00_4d4d_a37f_7d50919fb990-4, groupId=Consumer-topic-cf619321_5b00_4d4d_a37f_7d50919fb990] Finished assignment for group at generation 1: {consumer-Consumer-topic-cf619321_5b00_4d4d_a37f_7d50919fb990-4-4d6b82b2-b35d-4b99-a27a-873b61649c43=Assignment(partitions=[topic-cf619321_5b00_4d4d_a37f_7d50919fb990-0])}
2025-08-07 20:28:02,418 INFO  [org.apa.kaf.cli.con.int.ConsumerCoordinator] (Thread-624) [Consumer clientId=consumer-Consumer-topic-cf619321_5b00_4d4d_a37f_7d50919fb990-4, groupId=Consumer-topic-cf619321_5b00_4d4d_a37f_7d50919fb990] Successfully synced group in generation Generation{generationId=1, memberId='consumer-Consumer-topic-cf619321_5b00_4d4d_a37f_7d50919fb990-4-4d6b82b2-b35d-4b99-a27a-873b61649c43', protocol='range'}
2025-08-07 20:28:02,419 INFO  [org.apa.kaf.cli.con.int.ConsumerCoordinator] (Thread-624) [Consumer clientId=consumer-Consumer-topic-cf619321_5b00_4d4d_a37f_7d50919fb990-4, groupId=Consumer-topic-cf619321_5b00_4d4d_a37f_7d50919fb990] Notifying assignor about the new Assignment(partitions=[topic-cf619321_5b00_4d4d_a37f_7d50919fb990-0])
2025-08-07 20:28:02,419 INFO  [org.apa.kaf.cli.con.int.ConsumerRebalanceListenerInvoker] (Thread-624) [Consumer clientId=consumer-Consumer-topic-cf619321_5b00_4d4d_a37f_7d50919fb990-4, groupId=Consumer-topic-cf619321_5b00_4d4d_a37f_7d50919fb990] Adding newly assigned partitions: topic-cf619321_5b00_4d4d_a37f_7d50919fb990-0
2025-08-07 20:28:02,420 INFO  [org.apa.kaf.cli.con.int.ConsumerCoordinator] (Thread-624) [Consumer clientId=consumer-Consumer-topic-cf619321_5b00_4d4d_a37f_7d50919fb990-4, groupId=Consumer-topic-cf619321_5b00_4d4d_a37f_7d50919fb990] Found no committed offset for partition topic-cf619321_5b00_4d4d_a37f_7d50919fb990-0
2025-08-07 20:28:02,424 INFO  [org.apa.kaf.cli.con.int.SubscriptionState] (Thread-624) [Consumer clientId=consumer-Consumer-topic-cf619321_5b00_4d4d_a37f_7d50919fb990-4, groupId=Consumer-topic-cf619321_5b00_4d4d_a37f_7d50919fb990] Resetting offset for partition topic-cf619321_5b00_4d4d_a37f_7d50919fb990-0 to position FetchPosition{offset=0, offsetEpoch=Optional.empty, currentLeader=LeaderAndEpoch{leader=Optional[localhost:32769 (id: 0 rack: null)], epoch=0}}.
2025-08-07 20:28:02,554 INFO  [io.api.tes.ser.api.KafkaSerdesTester] (Thread-624) topic-cf619321_5b00_4d4d_a37f_7d50919fb990 0 0 {"key11754598479013": "value-0"}
2025-08-07 20:28:02,554 INFO  [io.api.tes.ser.api.KafkaSerdesTester] (Thread-624) topic-cf619321_5b00_4d4d_a37f_7d50919fb990 0 1 {"key11754598479013": "value-1"}
2025-08-07 20:28:02,554 INFO  [io.api.tes.ser.api.KafkaSerdesTester] (Thread-624) topic-cf619321_5b00_4d4d_a37f_7d50919fb990 0 2 {"key11754598479013": "value-2"}
2025-08-07 20:28:02,554 INFO  [io.api.tes.ser.api.KafkaSerdesTester] (Thread-624) topic-cf619321_5b00_4d4d_a37f_7d50919fb990 0 3 {"key11754598479013": "value-3"}
2025-08-07 20:28:02,555 INFO  [io.api.tes.ser.api.KafkaSerdesTester] (Thread-624) topic-cf619321_5b00_4d4d_a37f_7d50919fb990 0 4 {"key11754598479013": "value-4"}
2025-08-07 20:28:02,555 INFO  [io.api.tes.ser.api.KafkaSerdesTester] (Thread-624) topic-cf619321_5b00_4d4d_a37f_7d50919fb990 0 5 {"key11754598479013": "value-5"}
2025-08-07 20:28:02,555 INFO  [io.api.tes.ser.api.KafkaSerdesTester] (Thread-624) topic-cf619321_5b00_4d4d_a37f_7d50919fb990 0 6 {"key11754598479013": "value-6"}
2025-08-07 20:28:02,555 INFO  [io.api.tes.ser.api.KafkaSerdesTester] (Thread-624) topic-cf619321_5b00_4d4d_a37f_7d50919fb990 0 7 {"key11754598479013": "value-7"}
2025-08-07 20:28:02,555 INFO  [io.api.tes.ser.api.KafkaSerdesTester] (Thread-624) topic-cf619321_5b00_4d4d_a37f_7d50919fb990 0 8 {"key11754598479013": "value-8"}
2025-08-07 20:28:02,555 INFO  [io.api.tes.ser.api.KafkaSerdesTester] (Thread-624) topic-cf619321_5b00_4d4d_a37f_7d50919fb990 0 9 {"key11754598479013": "value-9"}
2025-08-07 20:28:02,555 INFO  [io.api.tes.ser.api.KafkaSerdesTester] (Thread-624) Consumed 10 messages
2025-08-07 20:28:02,565 INFO  [org.apa.kaf.cli.con.int.ConsumerRebalanceListenerInvoker] (Thread-624) [Consumer clientId=consumer-Consumer-topic-cf619321_5b00_4d4d_a37f_7d50919fb990-4, groupId=Consumer-topic-cf619321_5b00_4d4d_a37f_7d50919fb990] Revoke previously assigned partitions topic-cf619321_5b00_4d4d_a37f_7d50919fb990-0
2025-08-07 20:28:02,565 INFO  [org.apa.kaf.cli.con.int.ConsumerCoordinator] (Thread-624) [Consumer clientId=consumer-Consumer-topic-cf619321_5b00_4d4d_a37f_7d50919fb990-4, groupId=Consumer-topic-cf619321_5b00_4d4d_a37f_7d50919fb990] Member consumer-Consumer-topic-cf619321_5b00_4d4d_a37f_7d50919fb990-4-4d6b82b2-b35d-4b99-a27a-873b61649c43 sending LeaveGroup request to coordinator localhost:32769 (id: 2147483647 rack: null) due to the consumer is being closed
2025-08-07 20:28:02,566 INFO  [org.apa.kaf.cli.con.int.ConsumerCoordinator] (Thread-624) [Consumer clientId=consumer-Consumer-topic-cf619321_5b00_4d4d_a37f_7d50919fb990-4, groupId=Consumer-topic-cf619321_5b00_4d4d_a37f_7d50919fb990] Resetting generation and member id due to: consumer pro-actively leaving the group
2025-08-07 20:28:02,566 INFO  [org.apa.kaf.cli.con.int.ConsumerCoordinator] (Thread-624) [Consumer clientId=consumer-Consumer-topic-cf619321_5b00_4d4d_a37f_7d50919fb990-4, groupId=Consumer-topic-cf619321_5b00_4d4d_a37f_7d50919fb990] Request joining group due to: consumer pro-actively leaving the group
2025-08-07 20:28:03,059 INFO  [org.apa.kaf.com.met.Metrics] (Thread-624) Metrics scheduler closed
2025-08-07 20:28:03,059 INFO  [org.apa.kaf.com.met.Metrics] (Thread-624) Closing reporter org.apache.kafka.common.metrics.JmxReporter
2025-08-07 20:28:03,060 INFO  [org.apa.kaf.com.met.Metrics] (Thread-624) Closing reporter org.apache.kafka.common.telemetry.internals.ClientTelemetryReporter
2025-08-07 20:28:03,060 INFO  [org.apa.kaf.com.met.Metrics] (Thread-624) Metrics reporters closed
2025-08-07 20:28:03,063 INFO  [org.apa.kaf.com.uti.AppInfoParser] (Thread-624) App info kafka.consumer for consumer-Consumer-topic-cf619321_5b00_4d4d_a37f_7d50919fb990-4 unregistered
2025-08-07 20:28:03,165 INFO  [io.api.tes.uti.TestSeparator] (main) io.apicurio.tests.serdes.apicurio.AvroSerdeIT.testTopicIdStrategyAutoRegister-FINISHED
2025-08-07 20:28:03,165 INFO  [io.api.tes.uti.TestSeparator] (main) ############################################################################
Test passed: testTopicIdStrategyAutoRegister
]]></system-out>
  </testcase>
  <testcase name="testRecordIdStrategydFindLatest" classname="io.apicurio.tests.serdes.apicurio.AvroSerdeIT" time="5.033">
    <system-out><![CDATA[2025-08-07 20:28:03,166 INFO  [io.api.tes.uti.TestSeparator] (main) ############################################################################
2025-08-07 20:28:03,166 INFO  [io.api.tes.uti.TestSeparator] (main) io.apicurio.tests.serdes.apicurio.AvroSerdeIT.testRecordIdStrategydFindLatest-STARTED
2025-08-07 20:28:03,168 INFO  [io.api.tes.ser.api.AvroSerdeIT] (main) Registering Avro Schema: {"type":"record","name":"s1371c237x273ax4b92x93b9x565e0d4e0d33","namespace":"s6646008fx6060x446ax81e6xfe35780edfe4","fields":[{"name":"key11754598483168","type":"string"}]}
**** Registry Base URL: http://registry-app-pg17.apps.ci419.apicurio-testing.org:80
2025-08-07 20:28:04,279 INFO  [org.apa.kaf.cli.pro.ProducerConfig] (main) ProducerConfig values: 
	acks = -1
	auto.include.jmx.reporter = true
	batch.size = 16384
	bootstrap.servers = [PLAINTEXT://localhost:32769]
	buffer.memory = 33554432
	client.dns.lookup = use_all_dns_ips
	client.id = Producer-topic-e4c3c1a1_3be6_4785_81e3_8ce16b7773ab
	compression.gzip.level = -1
	compression.lz4.level = 9
	compression.type = none
	compression.zstd.level = 3
	connections.max.idle.ms = 10000
	delivery.timeout.ms = 120000
	enable.idempotence = true
	enable.metrics.push = true
	interceptor.classes = []
	key.serializer = class org.apache.kafka.common.serialization.StringSerializer
	linger.ms = 0
	max.block.ms = 60000
	max.in.flight.requests.per.connection = 5
	max.request.size = 1048576
	metadata.max.age.ms = 300000
	metadata.max.idle.ms = 300000
	metadata.recovery.strategy = none
	metric.reporters = []
	metrics.num.samples = 2
	metrics.recording.level = INFO
	metrics.sample.window.ms = 30000
	partitioner.adaptive.partitioning.enable = true
	partitioner.availability.timeout.ms = 0
	partitioner.class = null
	partitioner.ignore.keys = false
	receive.buffer.bytes = 32768
	reconnect.backoff.max.ms = 1000
	reconnect.backoff.ms = 50
	request.timeout.ms = 5000
	retries = 2147483647
	retry.backoff.max.ms = 1000
	retry.backoff.ms = 100
	sasl.client.callback.handler.class = null
	sasl.jaas.config = null
	sasl.kerberos.kinit.cmd = /usr/bin/kinit
	sasl.kerberos.min.time.before.relogin = 60000
	sasl.kerberos.service.name = null
	sasl.kerberos.ticket.renew.jitter = 0.05
	sasl.kerberos.ticket.renew.window.factor = 0.8
	sasl.login.callback.handler.class = null
	sasl.login.class = null
	sasl.login.connect.timeout.ms = null
	sasl.login.read.timeout.ms = null
	sasl.login.refresh.buffer.seconds = 300
	sasl.login.refresh.min.period.seconds = 60
	sasl.login.refresh.window.factor = 0.8
	sasl.login.refresh.window.jitter = 0.05
	sasl.login.retry.backoff.max.ms = 10000
	sasl.login.retry.backoff.ms = 100
	sasl.mechanism = GSSAPI
	sasl.oauthbearer.clock.skew.seconds = 30
	sasl.oauthbearer.expected.audience = null
	sasl.oauthbearer.expected.issuer = null
	sasl.oauthbearer.header.urlencode = false
	sasl.oauthbearer.jwks.endpoint.refresh.ms = 3600000
	sasl.oauthbearer.jwks.endpoint.retry.backoff.max.ms = 10000
	sasl.oauthbearer.jwks.endpoint.retry.backoff.ms = 100
	sasl.oauthbearer.jwks.endpoint.url = null
	sasl.oauthbearer.scope.claim.name = scope
	sasl.oauthbearer.sub.claim.name = sub
	sasl.oauthbearer.token.endpoint.url = null
	security.protocol = PLAINTEXT
	security.providers = null
	send.buffer.bytes = 131072
	socket.connection.setup.timeout.max.ms = 30000
	socket.connection.setup.timeout.ms = 10000
	ssl.cipher.suites = null
	ssl.enabled.protocols = [TLSv1.2, TLSv1.3]
	ssl.endpoint.identification.algorithm = https
	ssl.engine.factory.class = null
	ssl.key.password = null
	ssl.keymanager.algorithm = SunX509
	ssl.keystore.certificate.chain = null
	ssl.keystore.key = null
	ssl.keystore.location = null
	ssl.keystore.password = null
	ssl.keystore.type = JKS
	ssl.protocol = TLSv1.3
	ssl.provider = null
	ssl.secure.random.implementation = null
	ssl.trustmanager.algorithm = PKIX
	ssl.truststore.certificates = null
	ssl.truststore.location = null
	ssl.truststore.password = null
	ssl.truststore.type = JKS
	transaction.timeout.ms = 60000
	transactional.id = null
	value.serializer = class io.apicurio.registry.serde.avro.AvroKafkaSerializer

2025-08-07 20:28:04,280 INFO  [org.apa.kaf.com.tel.int.KafkaMetricsCollector] (main) initializing Kafka metrics collector
2025-08-07 20:28:04,283 INFO  [org.apa.kaf.cli.pro.KafkaProducer] (main) [Producer clientId=Producer-topic-e4c3c1a1_3be6_4785_81e3_8ce16b7773ab] Instantiated an idempotent producer.
2025-08-07 20:28:04,286 INFO  [org.apa.kaf.cli.pro.ProducerConfig] (main) These configurations '[apicurio.registry.find-latest, apicurio.registry.url, apicurio.registry.artifact-resolver-strategy]' were supplied but are not used yet.
2025-08-07 20:28:04,286 INFO  [org.apa.kaf.com.uti.AppInfoParser] (main) Kafka version: 3.9.1
2025-08-07 20:28:04,286 INFO  [org.apa.kaf.com.uti.AppInfoParser] (main) Kafka commitId: f745dfdcee2b9851
2025-08-07 20:28:04,286 INFO  [org.apa.kaf.com.uti.AppInfoParser] (main) Kafka startTimeMs: 1754598484286
2025-08-07 20:28:04,286 INFO  [io.api.tes.ser.api.SimpleSerdesTesterBuilder$SimpleSerdesTester] (main) Using producer configuration: {apicurio.registry.find-latest=true, apicurio.registry.url=http://registry-app-pg17.apps.ci419.apicurio-testing.org:80/apis/registry/v3, apicurio.registry.artifact-resolver-strategy=io.apicurio.registry.serde.avro.strategy.RecordIdStrategy, value.serializer=io.apicurio.registry.serde.avro.AvroKafkaSerializer, request.timeout.ms=5000, acks=all, bootstrap.servers=PLAINTEXT://localhost:32769, connections.max.idle.ms=10000, key.serializer=org.apache.kafka.common.serialization.StringSerializer, client.id=Producer-topic-e4c3c1a1_3be6_4785_81e3_8ce16b7773ab}
2025-08-07 20:28:04,286 INFO  [io.api.tes.ser.api.SimpleSerdesTesterBuilder$SimpleSerdesTester] (main) Using consumer configuration: {}
2025-08-07 20:28:04,289 INFO  [io.api.tes.ser.api.KafkaSerdesTester] (Thread-627) Sending message {"key11754598483168": "value-0"} to topic topic-e4c3c1a1_3be6_4785_81e3_8ce16b7773ab
2025-08-07 20:28:04,293 INFO  [org.apa.kaf.cli.Metadata] (kafka-producer-network-thread | Producer-topic-e4c3c1a1_3be6_4785_81e3_8ce16b7773ab) [Producer clientId=Producer-topic-e4c3c1a1_3be6_4785_81e3_8ce16b7773ab] Cluster ID: g89mLo7yQq6pgEL9WhhAvA
2025-08-07 20:28:04,294 INFO  [org.apa.kaf.cli.pro.int.TransactionManager] (kafka-producer-network-thread | Producer-topic-e4c3c1a1_3be6_4785_81e3_8ce16b7773ab) [Producer clientId=Producer-topic-e4c3c1a1_3be6_4785_81e3_8ce16b7773ab] ProducerId set to 5 with epoch 0
2025-08-07 20:28:04,472 INFO  [io.api.tes.ser.api.KafkaSerdesTester] (Thread-627) Sending message {"key11754598483168": "value-1"} to topic topic-e4c3c1a1_3be6_4785_81e3_8ce16b7773ab
2025-08-07 20:28:04,475 INFO  [io.api.tes.ser.api.KafkaSerdesTester] (Thread-627) Sending message {"key11754598483168": "value-2"} to topic topic-e4c3c1a1_3be6_4785_81e3_8ce16b7773ab
2025-08-07 20:28:04,478 INFO  [io.api.tes.ser.api.KafkaSerdesTester] (Thread-627) Sending message {"key11754598483168": "value-3"} to topic topic-e4c3c1a1_3be6_4785_81e3_8ce16b7773ab
2025-08-07 20:28:04,480 INFO  [io.api.tes.ser.api.KafkaSerdesTester] (Thread-627) Sending message {"key11754598483168": "value-4"} to topic topic-e4c3c1a1_3be6_4785_81e3_8ce16b7773ab
2025-08-07 20:28:04,482 INFO  [io.api.tes.ser.api.KafkaSerdesTester] (Thread-627) Sending message {"key11754598483168": "value-5"} to topic topic-e4c3c1a1_3be6_4785_81e3_8ce16b7773ab
2025-08-07 20:28:04,484 INFO  [io.api.tes.ser.api.KafkaSerdesTester] (Thread-627) Sending message {"key11754598483168": "value-6"} to topic topic-e4c3c1a1_3be6_4785_81e3_8ce16b7773ab
2025-08-07 20:28:04,487 INFO  [io.api.tes.ser.api.KafkaSerdesTester] (Thread-627) Sending message {"key11754598483168": "value-7"} to topic topic-e4c3c1a1_3be6_4785_81e3_8ce16b7773ab
2025-08-07 20:28:04,490 INFO  [io.api.tes.ser.api.KafkaSerdesTester] (Thread-627) Sending message {"key11754598483168": "value-8"} to topic topic-e4c3c1a1_3be6_4785_81e3_8ce16b7773ab
2025-08-07 20:28:04,495 INFO  [io.api.tes.ser.api.KafkaSerdesTester] (Thread-627) Sending message {"key11754598483168": "value-9"} to topic topic-e4c3c1a1_3be6_4785_81e3_8ce16b7773ab
2025-08-07 20:28:04,498 INFO  [io.api.tes.ser.api.KafkaSerdesTester] (Thread-627) Produced 10 messages
2025-08-07 20:28:04,498 INFO  [org.apa.kaf.cli.pro.KafkaProducer] (Thread-627) [Producer clientId=Producer-topic-e4c3c1a1_3be6_4785_81e3_8ce16b7773ab] Closing the Kafka producer with timeoutMillis = 9223372036854775807 ms.
2025-08-07 20:28:04,504 INFO  [org.apa.kaf.com.met.Metrics] (Thread-627) Metrics scheduler closed
2025-08-07 20:28:04,504 INFO  [org.apa.kaf.com.met.Metrics] (Thread-627) Closing reporter org.apache.kafka.common.metrics.JmxReporter
2025-08-07 20:28:04,504 INFO  [org.apa.kaf.com.met.Metrics] (Thread-627) Closing reporter org.apache.kafka.common.telemetry.internals.ClientTelemetryReporter
2025-08-07 20:28:04,504 INFO  [org.apa.kaf.com.met.Metrics] (Thread-627) Metrics reporters closed
2025-08-07 20:28:04,504 INFO  [org.apa.kaf.com.uti.AppInfoParser] (Thread-627) App info kafka.producer for Producer-topic-e4c3c1a1_3be6_4785_81e3_8ce16b7773ab unregistered
**** Registry Base URL: http://registry-app-pg17.apps.ci419.apicurio-testing.org:80
2025-08-07 20:28:04,505 INFO  [org.apa.kaf.cli.con.ConsumerConfig] (main) ConsumerConfig values: 
	allow.auto.create.topics = true
	auto.commit.interval.ms = 500
	auto.include.jmx.reporter = true
	auto.offset.reset = earliest
	bootstrap.servers = [PLAINTEXT://localhost:32769]
	check.crcs = true
	client.dns.lookup = use_all_dns_ips
	client.id = consumer-Consumer-topic-e4c3c1a1_3be6_4785_81e3_8ce16b7773ab-5
	client.rack = 
	connections.max.idle.ms = 10000
	default.api.timeout.ms = 60000
	enable.auto.commit = true
	enable.metrics.push = true
	exclude.internal.topics = true
	fetch.max.bytes = 52428800
	fetch.max.wait.ms = 500
	fetch.min.bytes = 1
	group.id = Consumer-topic-e4c3c1a1_3be6_4785_81e3_8ce16b7773ab
	group.instance.id = null
	group.protocol = classic
	group.remote.assignor = null
	heartbeat.interval.ms = 3000
	interceptor.classes = []
	internal.leave.group.on.close = true
	internal.throw.on.fetch.stable.offset.unsupported = false
	isolation.level = read_uncommitted
	key.deserializer = class org.apache.kafka.common.serialization.StringDeserializer
	max.partition.fetch.bytes = 1048576
	max.poll.interval.ms = 300000
	max.poll.records = 500
	metadata.max.age.ms = 300000
	metadata.recovery.strategy = none
	metric.reporters = []
	metrics.num.samples = 2
	metrics.recording.level = INFO
	metrics.sample.window.ms = 30000
	partition.assignment.strategy = [class org.apache.kafka.clients.consumer.RangeAssignor, class org.apache.kafka.clients.consumer.CooperativeStickyAssignor]
	receive.buffer.bytes = 65536
	reconnect.backoff.max.ms = 1000
	reconnect.backoff.ms = 50
	request.timeout.ms = 5000
	retry.backoff.max.ms = 1000
	retry.backoff.ms = 100
	sasl.client.callback.handler.class = null
	sasl.jaas.config = null
	sasl.kerberos.kinit.cmd = /usr/bin/kinit
	sasl.kerberos.min.time.before.relogin = 60000
	sasl.kerberos.service.name = null
	sasl.kerberos.ticket.renew.jitter = 0.05
	sasl.kerberos.ticket.renew.window.factor = 0.8
	sasl.login.callback.handler.class = null
	sasl.login.class = null
	sasl.login.connect.timeout.ms = null
	sasl.login.read.timeout.ms = null
	sasl.login.refresh.buffer.seconds = 300
	sasl.login.refresh.min.period.seconds = 60
	sasl.login.refresh.window.factor = 0.8
	sasl.login.refresh.window.jitter = 0.05
	sasl.login.retry.backoff.max.ms = 10000
	sasl.login.retry.backoff.ms = 100
	sasl.mechanism = GSSAPI
	sasl.oauthbearer.clock.skew.seconds = 30
	sasl.oauthbearer.expected.audience = null
	sasl.oauthbearer.expected.issuer = null
	sasl.oauthbearer.header.urlencode = false
	sasl.oauthbearer.jwks.endpoint.refresh.ms = 3600000
	sasl.oauthbearer.jwks.endpoint.retry.backoff.max.ms = 10000
	sasl.oauthbearer.jwks.endpoint.retry.backoff.ms = 100
	sasl.oauthbearer.jwks.endpoint.url = null
	sasl.oauthbearer.scope.claim.name = scope
	sasl.oauthbearer.sub.claim.name = sub
	sasl.oauthbearer.token.endpoint.url = null
	security.protocol = PLAINTEXT
	security.providers = null
	send.buffer.bytes = 131072
	session.timeout.ms = 45000
	socket.connection.setup.timeout.max.ms = 30000
	socket.connection.setup.timeout.ms = 10000
	ssl.cipher.suites = null
	ssl.enabled.protocols = [TLSv1.2, TLSv1.3]
	ssl.endpoint.identification.algorithm = https
	ssl.engine.factory.class = null
	ssl.key.password = null
	ssl.keymanager.algorithm = SunX509
	ssl.keystore.certificate.chain = null
	ssl.keystore.key = null
	ssl.keystore.location = null
	ssl.keystore.password = null
	ssl.keystore.type = JKS
	ssl.protocol = TLSv1.3
	ssl.provider = null
	ssl.secure.random.implementation = null
	ssl.trustmanager.algorithm = PKIX
	ssl.truststore.certificates = null
	ssl.truststore.location = null
	ssl.truststore.password = null
	ssl.truststore.type = JKS
	value.deserializer = class io.apicurio.registry.serde.avro.AvroKafkaDeserializer

2025-08-07 20:28:04,506 INFO  [org.apa.kaf.com.tel.int.KafkaMetricsCollector] (main) initializing Kafka metrics collector
2025-08-07 20:28:04,522 INFO  [org.apa.kaf.cli.con.ConsumerConfig] (main) These configurations '[apicurio.registry.url]' were supplied but are not used yet.
2025-08-07 20:28:04,522 INFO  [org.apa.kaf.com.uti.AppInfoParser] (main) Kafka version: 3.9.1
2025-08-07 20:28:04,522 INFO  [org.apa.kaf.com.uti.AppInfoParser] (main) Kafka commitId: f745dfdcee2b9851
2025-08-07 20:28:04,522 INFO  [org.apa.kaf.com.uti.AppInfoParser] (main) Kafka startTimeMs: 1754598484522
2025-08-07 20:28:04,524 INFO  [org.apa.kaf.cli.con.int.ClassicKafkaConsumer] (Thread-630) [Consumer clientId=consumer-Consumer-topic-e4c3c1a1_3be6_4785_81e3_8ce16b7773ab-5, groupId=Consumer-topic-e4c3c1a1_3be6_4785_81e3_8ce16b7773ab] Subscribed to topic(s): topic-e4c3c1a1_3be6_4785_81e3_8ce16b7773ab
2025-08-07 20:28:04,534 INFO  [org.apa.kaf.cli.Metadata] (Thread-630) [Consumer clientId=consumer-Consumer-topic-e4c3c1a1_3be6_4785_81e3_8ce16b7773ab-5, groupId=Consumer-topic-e4c3c1a1_3be6_4785_81e3_8ce16b7773ab] Cluster ID: g89mLo7yQq6pgEL9WhhAvA
2025-08-07 20:28:04,534 INFO  [org.apa.kaf.cli.con.int.ConsumerCoordinator] (Thread-630) [Consumer clientId=consumer-Consumer-topic-e4c3c1a1_3be6_4785_81e3_8ce16b7773ab-5, groupId=Consumer-topic-e4c3c1a1_3be6_4785_81e3_8ce16b7773ab] Discovered group coordinator localhost:32769 (id: 2147483647 rack: null)
2025-08-07 20:28:04,538 INFO  [org.apa.kaf.cli.con.int.ConsumerCoordinator] (Thread-630) [Consumer clientId=consumer-Consumer-topic-e4c3c1a1_3be6_4785_81e3_8ce16b7773ab-5, groupId=Consumer-topic-e4c3c1a1_3be6_4785_81e3_8ce16b7773ab] (Re-)joining group
2025-08-07 20:28:04,545 INFO  [org.apa.kaf.cli.con.int.ConsumerCoordinator] (Thread-630) [Consumer clientId=consumer-Consumer-topic-e4c3c1a1_3be6_4785_81e3_8ce16b7773ab-5, groupId=Consumer-topic-e4c3c1a1_3be6_4785_81e3_8ce16b7773ab] Request joining group due to: need to re-join with the given member-id: consumer-Consumer-topic-e4c3c1a1_3be6_4785_81e3_8ce16b7773ab-5-f3fdea03-5a05-4ccf-ba91-c128236a1e01
2025-08-07 20:28:04,545 INFO  [org.apa.kaf.cli.con.int.ConsumerCoordinator] (Thread-630) [Consumer clientId=consumer-Consumer-topic-e4c3c1a1_3be6_4785_81e3_8ce16b7773ab-5, groupId=Consumer-topic-e4c3c1a1_3be6_4785_81e3_8ce16b7773ab] (Re-)joining group
2025-08-07 20:28:05,525 INFO  [io.api.tes.ser.api.KafkaSerdesTester] (Thread-630) None found
2025-08-07 20:28:06,525 INFO  [io.api.tes.ser.api.KafkaSerdesTester] (Thread-630) None found
2025-08-07 20:28:07,526 INFO  [io.api.tes.ser.api.KafkaSerdesTester] (Thread-630) None found
2025-08-07 20:28:07,547 INFO  [org.apa.kaf.cli.con.int.ConsumerCoordinator] (Thread-630) [Consumer clientId=consumer-Consumer-topic-e4c3c1a1_3be6_4785_81e3_8ce16b7773ab-5, groupId=Consumer-topic-e4c3c1a1_3be6_4785_81e3_8ce16b7773ab] Successfully joined group with generation Generation{generationId=1, memberId='consumer-Consumer-topic-e4c3c1a1_3be6_4785_81e3_8ce16b7773ab-5-f3fdea03-5a05-4ccf-ba91-c128236a1e01', protocol='range'}
2025-08-07 20:28:07,548 INFO  [org.apa.kaf.cli.con.int.ConsumerCoordinator] (Thread-630) [Consumer clientId=consumer-Consumer-topic-e4c3c1a1_3be6_4785_81e3_8ce16b7773ab-5, groupId=Consumer-topic-e4c3c1a1_3be6_4785_81e3_8ce16b7773ab] Finished assignment for group at generation 1: {consumer-Consumer-topic-e4c3c1a1_3be6_4785_81e3_8ce16b7773ab-5-f3fdea03-5a05-4ccf-ba91-c128236a1e01=Assignment(partitions=[topic-e4c3c1a1_3be6_4785_81e3_8ce16b7773ab-0])}
2025-08-07 20:28:07,556 INFO  [org.apa.kaf.cli.con.int.ConsumerCoordinator] (Thread-630) [Consumer clientId=consumer-Consumer-topic-e4c3c1a1_3be6_4785_81e3_8ce16b7773ab-5, groupId=Consumer-topic-e4c3c1a1_3be6_4785_81e3_8ce16b7773ab] Successfully synced group in generation Generation{generationId=1, memberId='consumer-Consumer-topic-e4c3c1a1_3be6_4785_81e3_8ce16b7773ab-5-f3fdea03-5a05-4ccf-ba91-c128236a1e01', protocol='range'}
2025-08-07 20:28:07,556 INFO  [org.apa.kaf.cli.con.int.ConsumerCoordinator] (Thread-630) [Consumer clientId=consumer-Consumer-topic-e4c3c1a1_3be6_4785_81e3_8ce16b7773ab-5, groupId=Consumer-topic-e4c3c1a1_3be6_4785_81e3_8ce16b7773ab] Notifying assignor about the new Assignment(partitions=[topic-e4c3c1a1_3be6_4785_81e3_8ce16b7773ab-0])
2025-08-07 20:28:07,557 INFO  [org.apa.kaf.cli.con.int.ConsumerRebalanceListenerInvoker] (Thread-630) [Consumer clientId=consumer-Consumer-topic-e4c3c1a1_3be6_4785_81e3_8ce16b7773ab-5, groupId=Consumer-topic-e4c3c1a1_3be6_4785_81e3_8ce16b7773ab] Adding newly assigned partitions: topic-e4c3c1a1_3be6_4785_81e3_8ce16b7773ab-0
2025-08-07 20:28:07,558 INFO  [org.apa.kaf.cli.con.int.ConsumerCoordinator] (Thread-630) [Consumer clientId=consumer-Consumer-topic-e4c3c1a1_3be6_4785_81e3_8ce16b7773ab-5, groupId=Consumer-topic-e4c3c1a1_3be6_4785_81e3_8ce16b7773ab] Found no committed offset for partition topic-e4c3c1a1_3be6_4785_81e3_8ce16b7773ab-0
2025-08-07 20:28:07,566 INFO  [org.apa.kaf.cli.con.int.SubscriptionState] (Thread-630) [Consumer clientId=consumer-Consumer-topic-e4c3c1a1_3be6_4785_81e3_8ce16b7773ab-5, groupId=Consumer-topic-e4c3c1a1_3be6_4785_81e3_8ce16b7773ab] Resetting offset for partition topic-e4c3c1a1_3be6_4785_81e3_8ce16b7773ab-0 to position FetchPosition{offset=0, offsetEpoch=Optional.empty, currentLeader=LeaderAndEpoch{leader=Optional[localhost:32769 (id: 0 rack: null)], epoch=0}}.
2025-08-07 20:28:07,687 INFO  [io.api.tes.ser.api.KafkaSerdesTester] (Thread-630) topic-e4c3c1a1_3be6_4785_81e3_8ce16b7773ab 0 0 {"key11754598483168": "value-0"}
2025-08-07 20:28:07,688 INFO  [io.api.tes.ser.api.KafkaSerdesTester] (Thread-630) topic-e4c3c1a1_3be6_4785_81e3_8ce16b7773ab 0 1 {"key11754598483168": "value-1"}
2025-08-07 20:28:07,688 INFO  [io.api.tes.ser.api.KafkaSerdesTester] (Thread-630) topic-e4c3c1a1_3be6_4785_81e3_8ce16b7773ab 0 2 {"key11754598483168": "value-2"}
2025-08-07 20:28:07,688 INFO  [io.api.tes.ser.api.KafkaSerdesTester] (Thread-630) topic-e4c3c1a1_3be6_4785_81e3_8ce16b7773ab 0 3 {"key11754598483168": "value-3"}
2025-08-07 20:28:07,688 INFO  [io.api.tes.ser.api.KafkaSerdesTester] (Thread-630) topic-e4c3c1a1_3be6_4785_81e3_8ce16b7773ab 0 4 {"key11754598483168": "value-4"}
2025-08-07 20:28:07,688 INFO  [io.api.tes.ser.api.KafkaSerdesTester] (Thread-630) topic-e4c3c1a1_3be6_4785_81e3_8ce16b7773ab 0 5 {"key11754598483168": "value-5"}
2025-08-07 20:28:07,688 INFO  [io.api.tes.ser.api.KafkaSerdesTester] (Thread-630) topic-e4c3c1a1_3be6_4785_81e3_8ce16b7773ab 0 6 {"key11754598483168": "value-6"}
2025-08-07 20:28:07,688 INFO  [io.api.tes.ser.api.KafkaSerdesTester] (Thread-630) topic-e4c3c1a1_3be6_4785_81e3_8ce16b7773ab 0 7 {"key11754598483168": "value-7"}
2025-08-07 20:28:07,688 INFO  [io.api.tes.ser.api.KafkaSerdesTester] (Thread-630) topic-e4c3c1a1_3be6_4785_81e3_8ce16b7773ab 0 8 {"key11754598483168": "value-8"}
2025-08-07 20:28:07,688 INFO  [io.api.tes.ser.api.KafkaSerdesTester] (Thread-630) topic-e4c3c1a1_3be6_4785_81e3_8ce16b7773ab 0 9 {"key11754598483168": "value-9"}
2025-08-07 20:28:07,688 INFO  [io.api.tes.ser.api.KafkaSerdesTester] (Thread-630) Consumed 10 messages
2025-08-07 20:28:07,697 INFO  [org.apa.kaf.cli.con.int.ConsumerRebalanceListenerInvoker] (Thread-630) [Consumer clientId=consumer-Consumer-topic-e4c3c1a1_3be6_4785_81e3_8ce16b7773ab-5, groupId=Consumer-topic-e4c3c1a1_3be6_4785_81e3_8ce16b7773ab] Revoke previously assigned partitions topic-e4c3c1a1_3be6_4785_81e3_8ce16b7773ab-0
2025-08-07 20:28:07,697 INFO  [org.apa.kaf.cli.con.int.ConsumerCoordinator] (Thread-630) [Consumer clientId=consumer-Consumer-topic-e4c3c1a1_3be6_4785_81e3_8ce16b7773ab-5, groupId=Consumer-topic-e4c3c1a1_3be6_4785_81e3_8ce16b7773ab] Member consumer-Consumer-topic-e4c3c1a1_3be6_4785_81e3_8ce16b7773ab-5-f3fdea03-5a05-4ccf-ba91-c128236a1e01 sending LeaveGroup request to coordinator localhost:32769 (id: 2147483647 rack: null) due to the consumer is being closed
2025-08-07 20:28:07,697 INFO  [org.apa.kaf.cli.con.int.ConsumerCoordinator] (Thread-630) [Consumer clientId=consumer-Consumer-topic-e4c3c1a1_3be6_4785_81e3_8ce16b7773ab-5, groupId=Consumer-topic-e4c3c1a1_3be6_4785_81e3_8ce16b7773ab] Resetting generation and member id due to: consumer pro-actively leaving the group
2025-08-07 20:28:07,697 INFO  [org.apa.kaf.cli.con.int.ConsumerCoordinator] (Thread-630) [Consumer clientId=consumer-Consumer-topic-e4c3c1a1_3be6_4785_81e3_8ce16b7773ab-5, groupId=Consumer-topic-e4c3c1a1_3be6_4785_81e3_8ce16b7773ab] Request joining group due to: consumer pro-actively leaving the group
2025-08-07 20:28:08,193 INFO  [org.apa.kaf.com.met.Metrics] (Thread-630) Metrics scheduler closed
2025-08-07 20:28:08,193 INFO  [org.apa.kaf.com.met.Metrics] (Thread-630) Closing reporter org.apache.kafka.common.metrics.JmxReporter
2025-08-07 20:28:08,193 INFO  [org.apa.kaf.com.met.Metrics] (Thread-630) Closing reporter org.apache.kafka.common.telemetry.internals.ClientTelemetryReporter
2025-08-07 20:28:08,193 INFO  [org.apa.kaf.com.met.Metrics] (Thread-630) Metrics reporters closed
2025-08-07 20:28:08,197 INFO  [org.apa.kaf.com.uti.AppInfoParser] (Thread-630) App info kafka.consumer for consumer-Consumer-topic-e4c3c1a1_3be6_4785_81e3_8ce16b7773ab-5 unregistered
2025-08-07 20:28:08,198 INFO  [io.api.tes.uti.TestSeparator] (main) io.apicurio.tests.serdes.apicurio.AvroSerdeIT.testRecordIdStrategydFindLatest-FINISHED
2025-08-07 20:28:08,198 INFO  [io.api.tes.uti.TestSeparator] (main) ############################################################################
Test passed: testRecordIdStrategydFindLatest
]]></system-out>
  </testcase>
  <testcase name="testReflectAutoRegister" classname="io.apicurio.tests.serdes.apicurio.AvroSerdeIT" time="4.058">
    <system-out><![CDATA[2025-08-07 20:28:08,203 INFO  [io.api.tes.uti.TestSeparator] (main) ############################################################################
2025-08-07 20:28:08,203 INFO  [io.api.tes.uti.TestSeparator] (main) io.apicurio.tests.serdes.apicurio.AvroSerdeIT.testReflectAutoRegister-STARTED
**** Registry Base URL: http://registry-app-pg17.apps.ci419.apicurio-testing.org:80
2025-08-07 20:28:08,211 INFO  [org.apa.kaf.cli.pro.ProducerConfig] (main) ProducerConfig values: 
	acks = -1
	auto.include.jmx.reporter = true
	batch.size = 16384
	bootstrap.servers = [PLAINTEXT://localhost:32769]
	buffer.memory = 33554432
	client.dns.lookup = use_all_dns_ips
	client.id = Producer-topic-e4cf26a9_fe4c_4031_8404_f85d4b9fb4ec
	compression.gzip.level = -1
	compression.lz4.level = 9
	compression.type = none
	compression.zstd.level = 3
	connections.max.idle.ms = 10000
	delivery.timeout.ms = 120000
	enable.idempotence = true
	enable.metrics.push = true
	interceptor.classes = []
	key.serializer = class org.apache.kafka.common.serialization.StringSerializer
	linger.ms = 0
	max.block.ms = 60000
	max.in.flight.requests.per.connection = 5
	max.request.size = 1048576
	metadata.max.age.ms = 300000
	metadata.max.idle.ms = 300000
	metadata.recovery.strategy = none
	metric.reporters = []
	metrics.num.samples = 2
	metrics.recording.level = INFO
	metrics.sample.window.ms = 30000
	partitioner.adaptive.partitioning.enable = true
	partitioner.availability.timeout.ms = 0
	partitioner.class = null
	partitioner.ignore.keys = false
	receive.buffer.bytes = 32768
	reconnect.backoff.max.ms = 1000
	reconnect.backoff.ms = 50
	request.timeout.ms = 5000
	retries = 2147483647
	retry.backoff.max.ms = 1000
	retry.backoff.ms = 100
	sasl.client.callback.handler.class = null
	sasl.jaas.config = null
	sasl.kerberos.kinit.cmd = /usr/bin/kinit
	sasl.kerberos.min.time.before.relogin = 60000
	sasl.kerberos.service.name = null
	sasl.kerberos.ticket.renew.jitter = 0.05
	sasl.kerberos.ticket.renew.window.factor = 0.8
	sasl.login.callback.handler.class = null
	sasl.login.class = null
	sasl.login.connect.timeout.ms = null
	sasl.login.read.timeout.ms = null
	sasl.login.refresh.buffer.seconds = 300
	sasl.login.refresh.min.period.seconds = 60
	sasl.login.refresh.window.factor = 0.8
	sasl.login.refresh.window.jitter = 0.05
	sasl.login.retry.backoff.max.ms = 10000
	sasl.login.retry.backoff.ms = 100
	sasl.mechanism = GSSAPI
	sasl.oauthbearer.clock.skew.seconds = 30
	sasl.oauthbearer.expected.audience = null
	sasl.oauthbearer.expected.issuer = null
	sasl.oauthbearer.header.urlencode = false
	sasl.oauthbearer.jwks.endpoint.refresh.ms = 3600000
	sasl.oauthbearer.jwks.endpoint.retry.backoff.max.ms = 10000
	sasl.oauthbearer.jwks.endpoint.retry.backoff.ms = 100
	sasl.oauthbearer.jwks.endpoint.url = null
	sasl.oauthbearer.scope.claim.name = scope
	sasl.oauthbearer.sub.claim.name = sub
	sasl.oauthbearer.token.endpoint.url = null
	security.protocol = PLAINTEXT
	security.providers = null
	send.buffer.bytes = 131072
	socket.connection.setup.timeout.max.ms = 30000
	socket.connection.setup.timeout.ms = 10000
	ssl.cipher.suites = null
	ssl.enabled.protocols = [TLSv1.2, TLSv1.3]
	ssl.endpoint.identification.algorithm = https
	ssl.engine.factory.class = null
	ssl.key.password = null
	ssl.keymanager.algorithm = SunX509
	ssl.keystore.certificate.chain = null
	ssl.keystore.key = null
	ssl.keystore.location = null
	ssl.keystore.password = null
	ssl.keystore.type = JKS
	ssl.protocol = TLSv1.3
	ssl.provider = null
	ssl.secure.random.implementation = null
	ssl.trustmanager.algorithm = PKIX
	ssl.truststore.certificates = null
	ssl.truststore.location = null
	ssl.truststore.password = null
	ssl.truststore.type = JKS
	transaction.timeout.ms = 60000
	transactional.id = null
	value.serializer = class io.apicurio.registry.serde.avro.AvroKafkaSerializer

2025-08-07 20:28:08,211 INFO  [org.apa.kaf.com.tel.int.KafkaMetricsCollector] (main) initializing Kafka metrics collector
2025-08-07 20:28:08,221 INFO  [org.apa.kaf.cli.pro.KafkaProducer] (main) [Producer clientId=Producer-topic-e4cf26a9_fe4c_4031_8404_f85d4b9fb4ec] Instantiated an idempotent producer.
2025-08-07 20:28:08,223 INFO  [org.apa.kaf.cli.pro.ProducerConfig] (main) These configurations '[apicurio.registry.url, apicurio.registry.auto-register, apicurio.registry.artifact-resolver-strategy, apicurio.registry.avro-datum-provider]' were supplied but are not used yet.
2025-08-07 20:28:08,223 INFO  [org.apa.kaf.com.uti.AppInfoParser] (main) Kafka version: 3.9.1
2025-08-07 20:28:08,224 INFO  [org.apa.kaf.com.uti.AppInfoParser] (main) Kafka commitId: f745dfdcee2b9851
2025-08-07 20:28:08,224 INFO  [org.apa.kaf.com.uti.AppInfoParser] (main) Kafka startTimeMs: 1754598488223
2025-08-07 20:28:08,224 INFO  [io.api.tes.ser.api.SimpleSerdesTesterBuilder$SimpleSerdesTester] (main) Using producer configuration: {apicurio.registry.url=http://registry-app-pg17.apps.ci419.apicurio-testing.org:80/apis/registry/v3, apicurio.registry.auto-register=true, apicurio.registry.artifact-resolver-strategy=io.apicurio.registry.serde.strategy.TopicIdStrategy, value.serializer=io.apicurio.registry.serde.avro.AvroKafkaSerializer, request.timeout.ms=5000, acks=all, bootstrap.servers=PLAINTEXT://localhost:32769, connections.max.idle.ms=10000, key.serializer=org.apache.kafka.common.serialization.StringSerializer, apicurio.registry.avro-datum-provider=io.apicurio.registry.serde.avro.ReflectAvroDatumProvider, client.id=Producer-topic-e4cf26a9_fe4c_4031_8404_f85d4b9fb4ec}
2025-08-07 20:28:08,224 INFO  [io.api.tes.ser.api.SimpleSerdesTesterBuilder$SimpleSerdesTester] (main) Using consumer configuration: {apicurio.registry.avro-datum-provider=io.apicurio.registry.serde.avro.ReflectAvroDatumProvider}
2025-08-07 20:28:08,225 INFO  [io.api.tes.ser.api.KafkaSerdesTester] (Thread-633) Sending message io.apicurio.tests.common.serdes.TestObject@3dbd29cb to topic topic-e4cf26a9_fe4c_4031_8404_f85d4b9fb4ec
2025-08-07 20:28:08,228 WARN  [org.apa.kaf.cli.NetworkClient] (kafka-producer-network-thread | Producer-topic-e4cf26a9_fe4c_4031_8404_f85d4b9fb4ec) [Producer clientId=Producer-topic-e4cf26a9_fe4c_4031_8404_f85d4b9fb4ec] The metadata response from the cluster reported a recoverable issue with correlation id 1 : {topic-e4cf26a9_fe4c_4031_8404_f85d4b9fb4ec=UNKNOWN_TOPIC_OR_PARTITION}
2025-08-07 20:28:08,229 INFO  [org.apa.kaf.cli.Metadata] (kafka-producer-network-thread | Producer-topic-e4cf26a9_fe4c_4031_8404_f85d4b9fb4ec) [Producer clientId=Producer-topic-e4cf26a9_fe4c_4031_8404_f85d4b9fb4ec] Cluster ID: g89mLo7yQq6pgEL9WhhAvA
2025-08-07 20:28:08,229 INFO  [org.apa.kaf.cli.pro.int.TransactionManager] (kafka-producer-network-thread | Producer-topic-e4cf26a9_fe4c_4031_8404_f85d4b9fb4ec) [Producer clientId=Producer-topic-e4cf26a9_fe4c_4031_8404_f85d4b9fb4ec] ProducerId set to 6 with epoch 0
2025-08-07 20:28:08,463 INFO  [io.api.tes.ser.api.KafkaSerdesTester] (Thread-633) Sending message io.apicurio.tests.common.serdes.TestObject@3dbd29cb to topic topic-e4cf26a9_fe4c_4031_8404_f85d4b9fb4ec
2025-08-07 20:28:08,467 INFO  [io.api.tes.ser.api.KafkaSerdesTester] (Thread-633) Sending message io.apicurio.tests.common.serdes.TestObject@3dbd29cb to topic topic-e4cf26a9_fe4c_4031_8404_f85d4b9fb4ec
2025-08-07 20:28:08,470 INFO  [io.api.tes.ser.api.KafkaSerdesTester] (Thread-633) Sending message io.apicurio.tests.common.serdes.TestObject@3dbd29cb to topic topic-e4cf26a9_fe4c_4031_8404_f85d4b9fb4ec
2025-08-07 20:28:08,474 INFO  [io.api.tes.ser.api.KafkaSerdesTester] (Thread-633) Sending message io.apicurio.tests.common.serdes.TestObject@3dbd29cb to topic topic-e4cf26a9_fe4c_4031_8404_f85d4b9fb4ec
2025-08-07 20:28:08,477 INFO  [io.api.tes.ser.api.KafkaSerdesTester] (Thread-633) Sending message io.apicurio.tests.common.serdes.TestObject@3dbd29cb to topic topic-e4cf26a9_fe4c_4031_8404_f85d4b9fb4ec
2025-08-07 20:28:08,478 INFO  [io.api.tes.ser.api.KafkaSerdesTester] (Thread-633) Sending message io.apicurio.tests.common.serdes.TestObject@3dbd29cb to topic topic-e4cf26a9_fe4c_4031_8404_f85d4b9fb4ec
2025-08-07 20:28:08,483 INFO  [io.api.tes.ser.api.KafkaSerdesTester] (Thread-633) Sending message io.apicurio.tests.common.serdes.TestObject@3dbd29cb to topic topic-e4cf26a9_fe4c_4031_8404_f85d4b9fb4ec
2025-08-07 20:28:08,484 INFO  [io.api.tes.ser.api.KafkaSerdesTester] (Thread-633) Sending message io.apicurio.tests.common.serdes.TestObject@3dbd29cb to topic topic-e4cf26a9_fe4c_4031_8404_f85d4b9fb4ec
2025-08-07 20:28:08,489 INFO  [io.api.tes.ser.api.KafkaSerdesTester] (Thread-633) Sending message io.apicurio.tests.common.serdes.TestObject@3dbd29cb to topic topic-e4cf26a9_fe4c_4031_8404_f85d4b9fb4ec
2025-08-07 20:28:08,491 INFO  [io.api.tes.ser.api.KafkaSerdesTester] (Thread-633) Produced 10 messages
2025-08-07 20:28:08,491 INFO  [org.apa.kaf.cli.pro.KafkaProducer] (Thread-633) [Producer clientId=Producer-topic-e4cf26a9_fe4c_4031_8404_f85d4b9fb4ec] Closing the Kafka producer with timeoutMillis = 9223372036854775807 ms.
2025-08-07 20:28:08,497 INFO  [org.apa.kaf.com.met.Metrics] (Thread-633) Metrics scheduler closed
2025-08-07 20:28:08,497 INFO  [org.apa.kaf.com.met.Metrics] (Thread-633) Closing reporter org.apache.kafka.common.metrics.JmxReporter
2025-08-07 20:28:08,497 INFO  [org.apa.kaf.com.met.Metrics] (Thread-633) Closing reporter org.apache.kafka.common.telemetry.internals.ClientTelemetryReporter
2025-08-07 20:28:08,497 INFO  [org.apa.kaf.com.met.Metrics] (Thread-633) Metrics reporters closed
2025-08-07 20:28:08,497 INFO  [org.apa.kaf.com.uti.AppInfoParser] (Thread-633) App info kafka.producer for Producer-topic-e4cf26a9_fe4c_4031_8404_f85d4b9fb4ec unregistered
**** Registry Base URL: http://registry-app-pg17.apps.ci419.apicurio-testing.org:80
2025-08-07 20:28:08,593 INFO  [org.apa.kaf.cli.con.ConsumerConfig] (main) ConsumerConfig values: 
	allow.auto.create.topics = true
	auto.commit.interval.ms = 500
	auto.include.jmx.reporter = true
	auto.offset.reset = earliest
	bootstrap.servers = [PLAINTEXT://localhost:32769]
	check.crcs = true
	client.dns.lookup = use_all_dns_ips
	client.id = consumer-Consumer-topic-e4cf26a9_fe4c_4031_8404_f85d4b9fb4ec-6
	client.rack = 
	connections.max.idle.ms = 10000
	default.api.timeout.ms = 60000
	enable.auto.commit = true
	enable.metrics.push = true
	exclude.internal.topics = true
	fetch.max.bytes = 52428800
	fetch.max.wait.ms = 500
	fetch.min.bytes = 1
	group.id = Consumer-topic-e4cf26a9_fe4c_4031_8404_f85d4b9fb4ec
	group.instance.id = null
	group.protocol = classic
	group.remote.assignor = null
	heartbeat.interval.ms = 3000
	interceptor.classes = []
	internal.leave.group.on.close = true
	internal.throw.on.fetch.stable.offset.unsupported = false
	isolation.level = read_uncommitted
	key.deserializer = class org.apache.kafka.common.serialization.StringDeserializer
	max.partition.fetch.bytes = 1048576
	max.poll.interval.ms = 300000
	max.poll.records = 500
	metadata.max.age.ms = 300000
	metadata.recovery.strategy = none
	metric.reporters = []
	metrics.num.samples = 2
	metrics.recording.level = INFO
	metrics.sample.window.ms = 30000
	partition.assignment.strategy = [class org.apache.kafka.clients.consumer.RangeAssignor, class org.apache.kafka.clients.consumer.CooperativeStickyAssignor]
	receive.buffer.bytes = 65536
	reconnect.backoff.max.ms = 1000
	reconnect.backoff.ms = 50
	request.timeout.ms = 5000
	retry.backoff.max.ms = 1000
	retry.backoff.ms = 100
	sasl.client.callback.handler.class = null
	sasl.jaas.config = null
	sasl.kerberos.kinit.cmd = /usr/bin/kinit
	sasl.kerberos.min.time.before.relogin = 60000
	sasl.kerberos.service.name = null
	sasl.kerberos.ticket.renew.jitter = 0.05
	sasl.kerberos.ticket.renew.window.factor = 0.8
	sasl.login.callback.handler.class = null
	sasl.login.class = null
	sasl.login.connect.timeout.ms = null
	sasl.login.read.timeout.ms = null
	sasl.login.refresh.buffer.seconds = 300
	sasl.login.refresh.min.period.seconds = 60
	sasl.login.refresh.window.factor = 0.8
	sasl.login.refresh.window.jitter = 0.05
	sasl.login.retry.backoff.max.ms = 10000
	sasl.login.retry.backoff.ms = 100
	sasl.mechanism = GSSAPI
	sasl.oauthbearer.clock.skew.seconds = 30
	sasl.oauthbearer.expected.audience = null
	sasl.oauthbearer.expected.issuer = null
	sasl.oauthbearer.header.urlencode = false
	sasl.oauthbearer.jwks.endpoint.refresh.ms = 3600000
	sasl.oauthbearer.jwks.endpoint.retry.backoff.max.ms = 10000
	sasl.oauthbearer.jwks.endpoint.retry.backoff.ms = 100
	sasl.oauthbearer.jwks.endpoint.url = null
	sasl.oauthbearer.scope.claim.name = scope
	sasl.oauthbearer.sub.claim.name = sub
	sasl.oauthbearer.token.endpoint.url = null
	security.protocol = PLAINTEXT
	security.providers = null
	send.buffer.bytes = 131072
	session.timeout.ms = 45000
	socket.connection.setup.timeout.max.ms = 30000
	socket.connection.setup.timeout.ms = 10000
	ssl.cipher.suites = null
	ssl.enabled.protocols = [TLSv1.2, TLSv1.3]
	ssl.endpoint.identification.algorithm = https
	ssl.engine.factory.class = null
	ssl.key.password = null
	ssl.keymanager.algorithm = SunX509
	ssl.keystore.certificate.chain = null
	ssl.keystore.key = null
	ssl.keystore.location = null
	ssl.keystore.password = null
	ssl.keystore.type = JKS
	ssl.protocol = TLSv1.3
	ssl.provider = null
	ssl.secure.random.implementation = null
	ssl.trustmanager.algorithm = PKIX
	ssl.truststore.certificates = null
	ssl.truststore.location = null
	ssl.truststore.password = null
	ssl.truststore.type = JKS
	value.deserializer = class io.apicurio.registry.serde.avro.AvroKafkaDeserializer

2025-08-07 20:28:08,593 INFO  [org.apa.kaf.com.tel.int.KafkaMetricsCollector] (main) initializing Kafka metrics collector
2025-08-07 20:28:08,604 INFO  [org.apa.kaf.cli.con.ConsumerConfig] (main) These configurations '[apicurio.registry.url, apicurio.registry.avro-datum-provider]' were supplied but are not used yet.
2025-08-07 20:28:08,604 INFO  [org.apa.kaf.com.uti.AppInfoParser] (main) Kafka version: 3.9.1
2025-08-07 20:28:08,604 INFO  [org.apa.kaf.com.uti.AppInfoParser] (main) Kafka commitId: f745dfdcee2b9851
2025-08-07 20:28:08,604 INFO  [org.apa.kaf.com.uti.AppInfoParser] (main) Kafka startTimeMs: 1754598488604
2025-08-07 20:28:08,605 INFO  [org.apa.kaf.cli.con.int.ClassicKafkaConsumer] (Thread-636) [Consumer clientId=consumer-Consumer-topic-e4cf26a9_fe4c_4031_8404_f85d4b9fb4ec-6, groupId=Consumer-topic-e4cf26a9_fe4c_4031_8404_f85d4b9fb4ec] Subscribed to topic(s): topic-e4cf26a9_fe4c_4031_8404_f85d4b9fb4ec
2025-08-07 20:28:08,609 INFO  [org.apa.kaf.cli.Metadata] (Thread-636) [Consumer clientId=consumer-Consumer-topic-e4cf26a9_fe4c_4031_8404_f85d4b9fb4ec-6, groupId=Consumer-topic-e4cf26a9_fe4c_4031_8404_f85d4b9fb4ec] Cluster ID: g89mLo7yQq6pgEL9WhhAvA
2025-08-07 20:28:08,610 INFO  [org.apa.kaf.cli.con.int.ConsumerCoordinator] (Thread-636) [Consumer clientId=consumer-Consumer-topic-e4cf26a9_fe4c_4031_8404_f85d4b9fb4ec-6, groupId=Consumer-topic-e4cf26a9_fe4c_4031_8404_f85d4b9fb4ec] Discovered group coordinator localhost:32769 (id: 2147483647 rack: null)
2025-08-07 20:28:08,611 INFO  [org.apa.kaf.cli.con.int.ConsumerCoordinator] (Thread-636) [Consumer clientId=consumer-Consumer-topic-e4cf26a9_fe4c_4031_8404_f85d4b9fb4ec-6, groupId=Consumer-topic-e4cf26a9_fe4c_4031_8404_f85d4b9fb4ec] (Re-)joining group
2025-08-07 20:28:08,614 INFO  [org.apa.kaf.cli.con.int.ConsumerCoordinator] (Thread-636) [Consumer clientId=consumer-Consumer-topic-e4cf26a9_fe4c_4031_8404_f85d4b9fb4ec-6, groupId=Consumer-topic-e4cf26a9_fe4c_4031_8404_f85d4b9fb4ec] Request joining group due to: need to re-join with the given member-id: consumer-Consumer-topic-e4cf26a9_fe4c_4031_8404_f85d4b9fb4ec-6-7a3becbc-ffa8-4d7a-9e54-b4c0a264d699
2025-08-07 20:28:08,614 INFO  [org.apa.kaf.cli.con.int.ConsumerCoordinator] (Thread-636) [Consumer clientId=consumer-Consumer-topic-e4cf26a9_fe4c_4031_8404_f85d4b9fb4ec-6, groupId=Consumer-topic-e4cf26a9_fe4c_4031_8404_f85d4b9fb4ec] (Re-)joining group
2025-08-07 20:28:09,605 INFO  [io.api.tes.ser.api.KafkaSerdesTester] (Thread-636) None found
2025-08-07 20:28:10,606 INFO  [io.api.tes.ser.api.KafkaSerdesTester] (Thread-636) None found
2025-08-07 20:28:11,606 INFO  [io.api.tes.ser.api.KafkaSerdesTester] (Thread-636) None found
2025-08-07 20:28:11,616 INFO  [org.apa.kaf.cli.con.int.ConsumerCoordinator] (Thread-636) [Consumer clientId=consumer-Consumer-topic-e4cf26a9_fe4c_4031_8404_f85d4b9fb4ec-6, groupId=Consumer-topic-e4cf26a9_fe4c_4031_8404_f85d4b9fb4ec] Successfully joined group with generation Generation{generationId=1, memberId='consumer-Consumer-topic-e4cf26a9_fe4c_4031_8404_f85d4b9fb4ec-6-7a3becbc-ffa8-4d7a-9e54-b4c0a264d699', protocol='range'}
2025-08-07 20:28:11,616 INFO  [org.apa.kaf.cli.con.int.ConsumerCoordinator] (Thread-636) [Consumer clientId=consumer-Consumer-topic-e4cf26a9_fe4c_4031_8404_f85d4b9fb4ec-6, groupId=Consumer-topic-e4cf26a9_fe4c_4031_8404_f85d4b9fb4ec] Finished assignment for group at generation 1: {consumer-Consumer-topic-e4cf26a9_fe4c_4031_8404_f85d4b9fb4ec-6-7a3becbc-ffa8-4d7a-9e54-b4c0a264d699=Assignment(partitions=[topic-e4cf26a9_fe4c_4031_8404_f85d4b9fb4ec-0])}
2025-08-07 20:28:11,623 INFO  [org.apa.kaf.cli.con.int.ConsumerCoordinator] (Thread-636) [Consumer clientId=consumer-Consumer-topic-e4cf26a9_fe4c_4031_8404_f85d4b9fb4ec-6, groupId=Consumer-topic-e4cf26a9_fe4c_4031_8404_f85d4b9fb4ec] Successfully synced group in generation Generation{generationId=1, memberId='consumer-Consumer-topic-e4cf26a9_fe4c_4031_8404_f85d4b9fb4ec-6-7a3becbc-ffa8-4d7a-9e54-b4c0a264d699', protocol='range'}
2025-08-07 20:28:11,623 INFO  [org.apa.kaf.cli.con.int.ConsumerCoordinator] (Thread-636) [Consumer clientId=consumer-Consumer-topic-e4cf26a9_fe4c_4031_8404_f85d4b9fb4ec-6, groupId=Consumer-topic-e4cf26a9_fe4c_4031_8404_f85d4b9fb4ec] Notifying assignor about the new Assignment(partitions=[topic-e4cf26a9_fe4c_4031_8404_f85d4b9fb4ec-0])
2025-08-07 20:28:11,623 INFO  [org.apa.kaf.cli.con.int.ConsumerRebalanceListenerInvoker] (Thread-636) [Consumer clientId=consumer-Consumer-topic-e4cf26a9_fe4c_4031_8404_f85d4b9fb4ec-6, groupId=Consumer-topic-e4cf26a9_fe4c_4031_8404_f85d4b9fb4ec] Adding newly assigned partitions: topic-e4cf26a9_fe4c_4031_8404_f85d4b9fb4ec-0
2025-08-07 20:28:11,624 INFO  [org.apa.kaf.cli.con.int.ConsumerCoordinator] (Thread-636) [Consumer clientId=consumer-Consumer-topic-e4cf26a9_fe4c_4031_8404_f85d4b9fb4ec-6, groupId=Consumer-topic-e4cf26a9_fe4c_4031_8404_f85d4b9fb4ec] Found no committed offset for partition topic-e4cf26a9_fe4c_4031_8404_f85d4b9fb4ec-0
2025-08-07 20:28:11,628 INFO  [org.apa.kaf.cli.con.int.SubscriptionState] (Thread-636) [Consumer clientId=consumer-Consumer-topic-e4cf26a9_fe4c_4031_8404_f85d4b9fb4ec-6, groupId=Consumer-topic-e4cf26a9_fe4c_4031_8404_f85d4b9fb4ec] Resetting offset for partition topic-e4cf26a9_fe4c_4031_8404_f85d4b9fb4ec-0 to position FetchPosition{offset=0, offsetEpoch=Optional.empty, currentLeader=LeaderAndEpoch{leader=Optional[localhost:32769 (id: 0 rack: null)], epoch=0}}.
2025-08-07 20:28:11,751 INFO  [io.api.tes.ser.api.KafkaSerdesTester] (Thread-636) topic-e4cf26a9_fe4c_4031_8404_f85d4b9fb4ec 0 0 io.apicurio.tests.common.serdes.TestObject@3dbd29cb
2025-08-07 20:28:11,751 INFO  [io.api.tes.ser.api.KafkaSerdesTester] (Thread-636) topic-e4cf26a9_fe4c_4031_8404_f85d4b9fb4ec 0 1 io.apicurio.tests.common.serdes.TestObject@3dbd29cb
2025-08-07 20:28:11,751 INFO  [io.api.tes.ser.api.KafkaSerdesTester] (Thread-636) topic-e4cf26a9_fe4c_4031_8404_f85d4b9fb4ec 0 2 io.apicurio.tests.common.serdes.TestObject@3dbd29cb
2025-08-07 20:28:11,752 INFO  [io.api.tes.ser.api.KafkaSerdesTester] (Thread-636) topic-e4cf26a9_fe4c_4031_8404_f85d4b9fb4ec 0 3 io.apicurio.tests.common.serdes.TestObject@3dbd29cb
2025-08-07 20:28:11,752 INFO  [io.api.tes.ser.api.KafkaSerdesTester] (Thread-636) topic-e4cf26a9_fe4c_4031_8404_f85d4b9fb4ec 0 4 io.apicurio.tests.common.serdes.TestObject@3dbd29cb
2025-08-07 20:28:11,752 INFO  [io.api.tes.ser.api.KafkaSerdesTester] (Thread-636) topic-e4cf26a9_fe4c_4031_8404_f85d4b9fb4ec 0 5 io.apicurio.tests.common.serdes.TestObject@3dbd29cb
2025-08-07 20:28:11,752 INFO  [io.api.tes.ser.api.KafkaSerdesTester] (Thread-636) topic-e4cf26a9_fe4c_4031_8404_f85d4b9fb4ec 0 6 io.apicurio.tests.common.serdes.TestObject@3dbd29cb
2025-08-07 20:28:11,752 INFO  [io.api.tes.ser.api.KafkaSerdesTester] (Thread-636) topic-e4cf26a9_fe4c_4031_8404_f85d4b9fb4ec 0 7 io.apicurio.tests.common.serdes.TestObject@3dbd29cb
2025-08-07 20:28:11,752 INFO  [io.api.tes.ser.api.KafkaSerdesTester] (Thread-636) topic-e4cf26a9_fe4c_4031_8404_f85d4b9fb4ec 0 8 io.apicurio.tests.common.serdes.TestObject@3dbd29cb
2025-08-07 20:28:11,752 INFO  [io.api.tes.ser.api.KafkaSerdesTester] (Thread-636) topic-e4cf26a9_fe4c_4031_8404_f85d4b9fb4ec 0 9 io.apicurio.tests.common.serdes.TestObject@3dbd29cb
2025-08-07 20:28:11,752 INFO  [io.api.tes.ser.api.KafkaSerdesTester] (Thread-636) Consumed 10 messages
2025-08-07 20:28:11,759 INFO  [org.apa.kaf.cli.con.int.ConsumerRebalanceListenerInvoker] (Thread-636) [Consumer clientId=consumer-Consumer-topic-e4cf26a9_fe4c_4031_8404_f85d4b9fb4ec-6, groupId=Consumer-topic-e4cf26a9_fe4c_4031_8404_f85d4b9fb4ec] Revoke previously assigned partitions topic-e4cf26a9_fe4c_4031_8404_f85d4b9fb4ec-0
2025-08-07 20:28:11,759 INFO  [org.apa.kaf.cli.con.int.ConsumerCoordinator] (Thread-636) [Consumer clientId=consumer-Consumer-topic-e4cf26a9_fe4c_4031_8404_f85d4b9fb4ec-6, groupId=Consumer-topic-e4cf26a9_fe4c_4031_8404_f85d4b9fb4ec] Member consumer-Consumer-topic-e4cf26a9_fe4c_4031_8404_f85d4b9fb4ec-6-7a3becbc-ffa8-4d7a-9e54-b4c0a264d699 sending LeaveGroup request to coordinator localhost:32769 (id: 2147483647 rack: null) due to the consumer is being closed
2025-08-07 20:28:11,759 INFO  [org.apa.kaf.cli.con.int.ConsumerCoordinator] (Thread-636) [Consumer clientId=consumer-Consumer-topic-e4cf26a9_fe4c_4031_8404_f85d4b9fb4ec-6, groupId=Consumer-topic-e4cf26a9_fe4c_4031_8404_f85d4b9fb4ec] Resetting generation and member id due to: consumer pro-actively leaving the group
2025-08-07 20:28:11,759 INFO  [org.apa.kaf.cli.con.int.ConsumerCoordinator] (Thread-636) [Consumer clientId=consumer-Consumer-topic-e4cf26a9_fe4c_4031_8404_f85d4b9fb4ec-6, groupId=Consumer-topic-e4cf26a9_fe4c_4031_8404_f85d4b9fb4ec] Request joining group due to: consumer pro-actively leaving the group
2025-08-07 20:28:12,254 INFO  [org.apa.kaf.com.met.Metrics] (Thread-636) Metrics scheduler closed
2025-08-07 20:28:12,254 INFO  [org.apa.kaf.com.met.Metrics] (Thread-636) Closing reporter org.apache.kafka.common.metrics.JmxReporter
2025-08-07 20:28:12,254 INFO  [org.apa.kaf.com.met.Metrics] (Thread-636) Closing reporter org.apache.kafka.common.telemetry.internals.ClientTelemetryReporter
2025-08-07 20:28:12,254 INFO  [org.apa.kaf.com.met.Metrics] (Thread-636) Metrics reporters closed
2025-08-07 20:28:12,257 INFO  [org.apa.kaf.com.uti.AppInfoParser] (Thread-636) App info kafka.consumer for consumer-Consumer-topic-e4cf26a9_fe4c_4031_8404_f85d4b9fb4ec-6 unregistered
2025-08-07 20:28:12,258 INFO  [io.api.tes.uti.TestSeparator] (main) io.apicurio.tests.serdes.apicurio.AvroSerdeIT.testReflectAutoRegister-FINISHED
2025-08-07 20:28:12,258 INFO  [io.api.tes.uti.TestSeparator] (main) ############################################################################
Test passed: testReflectAutoRegister
]]></system-out>
  </testcase>
  <testcase name="testArtifactNotFound" classname="io.apicurio.tests.serdes.apicurio.AvroSerdeIT" time="0.299">
    <system-out><![CDATA[2025-08-07 20:28:12,259 INFO  [io.api.tes.uti.TestSeparator] (main) ############################################################################
2025-08-07 20:28:12,259 INFO  [io.api.tes.uti.TestSeparator] (main) io.apicurio.tests.serdes.apicurio.AvroSerdeIT.testArtifactNotFound-STARTED
**** Registry Base URL: http://registry-app-pg17.apps.ci419.apicurio-testing.org:80
2025-08-07 20:28:12,263 INFO  [org.apa.kaf.cli.pro.ProducerConfig] (main) ProducerConfig values: 
	acks = -1
	auto.include.jmx.reporter = true
	batch.size = 16384
	bootstrap.servers = [PLAINTEXT://localhost:32769]
	buffer.memory = 33554432
	client.dns.lookup = use_all_dns_ips
	client.id = Producer-sf255818ex6d70x4274xa932xa3d460955c5d
	compression.gzip.level = -1
	compression.lz4.level = 9
	compression.type = none
	compression.zstd.level = 3
	connections.max.idle.ms = 10000
	delivery.timeout.ms = 120000
	enable.idempotence = true
	enable.metrics.push = true
	interceptor.classes = []
	key.serializer = class org.apache.kafka.common.serialization.StringSerializer
	linger.ms = 0
	max.block.ms = 60000
	max.in.flight.requests.per.connection = 5
	max.request.size = 1048576
	metadata.max.age.ms = 300000
	metadata.max.idle.ms = 300000
	metadata.recovery.strategy = none
	metric.reporters = []
	metrics.num.samples = 2
	metrics.recording.level = INFO
	metrics.sample.window.ms = 30000
	partitioner.adaptive.partitioning.enable = true
	partitioner.availability.timeout.ms = 0
	partitioner.class = null
	partitioner.ignore.keys = false
	receive.buffer.bytes = 32768
	reconnect.backoff.max.ms = 1000
	reconnect.backoff.ms = 50
	request.timeout.ms = 5000
	retries = 2147483647
	retry.backoff.max.ms = 1000
	retry.backoff.ms = 100
	sasl.client.callback.handler.class = null
	sasl.jaas.config = null
	sasl.kerberos.kinit.cmd = /usr/bin/kinit
	sasl.kerberos.min.time.before.relogin = 60000
	sasl.kerberos.service.name = null
	sasl.kerberos.ticket.renew.jitter = 0.05
	sasl.kerberos.ticket.renew.window.factor = 0.8
	sasl.login.callback.handler.class = null
	sasl.login.class = null
	sasl.login.connect.timeout.ms = null
	sasl.login.read.timeout.ms = null
	sasl.login.refresh.buffer.seconds = 300
	sasl.login.refresh.min.period.seconds = 60
	sasl.login.refresh.window.factor = 0.8
	sasl.login.refresh.window.jitter = 0.05
	sasl.login.retry.backoff.max.ms = 10000
	sasl.login.retry.backoff.ms = 100
	sasl.mechanism = GSSAPI
	sasl.oauthbearer.clock.skew.seconds = 30
	sasl.oauthbearer.expected.audience = null
	sasl.oauthbearer.expected.issuer = null
	sasl.oauthbearer.header.urlencode = false
	sasl.oauthbearer.jwks.endpoint.refresh.ms = 3600000
	sasl.oauthbearer.jwks.endpoint.retry.backoff.max.ms = 10000
	sasl.oauthbearer.jwks.endpoint.retry.backoff.ms = 100
	sasl.oauthbearer.jwks.endpoint.url = null
	sasl.oauthbearer.scope.claim.name = scope
	sasl.oauthbearer.sub.claim.name = sub
	sasl.oauthbearer.token.endpoint.url = null
	security.protocol = PLAINTEXT
	security.providers = null
	send.buffer.bytes = 131072
	socket.connection.setup.timeout.max.ms = 30000
	socket.connection.setup.timeout.ms = 10000
	ssl.cipher.suites = null
	ssl.enabled.protocols = [TLSv1.2, TLSv1.3]
	ssl.endpoint.identification.algorithm = https
	ssl.engine.factory.class = null
	ssl.key.password = null
	ssl.keymanager.algorithm = SunX509
	ssl.keystore.certificate.chain = null
	ssl.keystore.key = null
	ssl.keystore.location = null
	ssl.keystore.password = null
	ssl.keystore.type = JKS
	ssl.protocol = TLSv1.3
	ssl.provider = null
	ssl.secure.random.implementation = null
	ssl.trustmanager.algorithm = PKIX
	ssl.truststore.certificates = null
	ssl.truststore.location = null
	ssl.truststore.password = null
	ssl.truststore.type = JKS
	transaction.timeout.ms = 60000
	transactional.id = null
	value.serializer = class io.apicurio.registry.serde.avro.AvroKafkaSerializer

2025-08-07 20:28:12,263 INFO  [org.apa.kaf.com.tel.int.KafkaMetricsCollector] (main) initializing Kafka metrics collector
2025-08-07 20:28:12,267 INFO  [org.apa.kaf.cli.pro.KafkaProducer] (main) [Producer clientId=Producer-sf255818ex6d70x4274xa932xa3d460955c5d] Instantiated an idempotent producer.
2025-08-07 20:28:12,269 INFO  [org.apa.kaf.cli.pro.ProducerConfig] (main) These configurations '[apicurio.registry.url, apicurio.registry.artifact-resolver-strategy]' were supplied but are not used yet.
2025-08-07 20:28:12,269 INFO  [org.apa.kaf.com.uti.AppInfoParser] (main) Kafka version: 3.9.1
2025-08-07 20:28:12,269 INFO  [org.apa.kaf.com.uti.AppInfoParser] (main) Kafka commitId: f745dfdcee2b9851
2025-08-07 20:28:12,269 INFO  [org.apa.kaf.com.uti.AppInfoParser] (main) Kafka startTimeMs: 1754598492269
2025-08-07 20:28:12,270 INFO  [io.api.tes.ser.api.KafkaSerdesTester] (Thread-639) Sending message {"keyB": "value-0"} to topic sf255818ex6d70x4274xa932xa3d460955c5d
2025-08-07 20:28:12,276 WARN  [org.apa.kaf.cli.NetworkClient] (kafka-producer-network-thread | Producer-sf255818ex6d70x4274xa932xa3d460955c5d) [Producer clientId=Producer-sf255818ex6d70x4274xa932xa3d460955c5d] The metadata response from the cluster reported a recoverable issue with correlation id 1 : {sf255818ex6d70x4274xa932xa3d460955c5d=UNKNOWN_TOPIC_OR_PARTITION}
2025-08-07 20:28:12,276 INFO  [org.apa.kaf.cli.Metadata] (kafka-producer-network-thread | Producer-sf255818ex6d70x4274xa932xa3d460955c5d) [Producer clientId=Producer-sf255818ex6d70x4274xa932xa3d460955c5d] Cluster ID: g89mLo7yQq6pgEL9WhhAvA
2025-08-07 20:28:12,277 INFO  [org.apa.kaf.cli.pro.int.TransactionManager] (kafka-producer-network-thread | Producer-sf255818ex6d70x4274xa932xa3d460955c5d) [Producer clientId=Producer-sf255818ex6d70x4274xa932xa3d460955c5d] ProducerId set to 7 with epoch 0
2025-08-07 20:28:12,395 INFO  [DefaultSchemaResolver] (Thread-639) Retrieving schema content using string: {"type":"record","name":"myrecord","namespace":"mygroup","fields":[{"name":"keyB","type":"string"}]}
2025-08-07 20:28:12,553 INFO  [org.apa.kaf.cli.pro.KafkaProducer] (Thread-639) [Producer clientId=Producer-sf255818ex6d70x4274xa932xa3d460955c5d] Closing the Kafka producer with timeoutMillis = 9223372036854775807 ms.
2025-08-07 20:28:12,557 INFO  [org.apa.kaf.com.met.Metrics] (Thread-639) Metrics scheduler closed
2025-08-07 20:28:12,557 INFO  [org.apa.kaf.com.met.Metrics] (Thread-639) Closing reporter org.apache.kafka.common.metrics.JmxReporter
2025-08-07 20:28:12,557 INFO  [org.apa.kaf.com.met.Metrics] (Thread-639) Closing reporter org.apache.kafka.common.telemetry.internals.ClientTelemetryReporter
2025-08-07 20:28:12,557 INFO  [org.apa.kaf.com.met.Metrics] (Thread-639) Metrics reporters closed
2025-08-07 20:28:12,557 INFO  [org.apa.kaf.com.uti.AppInfoParser] (Thread-639) App info kafka.producer for Producer-sf255818ex6d70x4274xa932xa3d460955c5d unregistered
2025-08-07 20:28:12,558 INFO  [io.api.tes.uti.TestSeparator] (main) io.apicurio.tests.serdes.apicurio.AvroSerdeIT.testArtifactNotFound-FINISHED
2025-08-07 20:28:12,558 INFO  [io.api.tes.uti.TestSeparator] (main) ############################################################################
Test passed: testArtifactNotFound
]]></system-out>
    <system-err><![CDATA[java.lang.RuntimeException: Could not resolve artifact reference by content: {"type":"record","name":"myrecord","namespace":"mygroup","fields":[{"name":"keyB","type":"string"}]}&ArtifactReference [groupId=default, artifactId=sf255818ex6d70x4274xa932xa3d460955c5d-value, version=null, globalId=null, contentId=null, contentHash=null]
	at io.apicurio.registry.resolver.DefaultSchemaResolver.lambda$handleResolveSchemaByContent$3(DefaultSchemaResolver.java:265)
	at io.apicurio.registry.resolver.cache.ERCache.lambda$getValue$0(ERCache.java:174)
	at io.apicurio.registry.resolver.cache.ERCache.retry(ERCache.java:227)
	at io.apicurio.registry.resolver.cache.ERCache.getValue(ERCache.java:173)
	at io.apicurio.registry.resolver.cache.ERCache.getByContent(ERCache.java:147)
	at io.apicurio.registry.resolver.DefaultSchemaResolver.handleResolveSchemaByContent(DefaultSchemaResolver.java:253)
	at io.apicurio.registry.resolver.DefaultSchemaResolver.getSchemaFromRegistry(DefaultSchemaResolver.java:138)
	at io.apicurio.registry.resolver.DefaultSchemaResolver.lambda$resolveSchema$0(DefaultSchemaResolver.java:84)
	at java.base/java.util.Optional.orElseGet(Optional.java:364)
	at io.apicurio.registry.resolver.DefaultSchemaResolver.resolveSchema(DefaultSchemaResolver.java:84)
	at io.apicurio.registry.serde.AbstractSerializer.serializeData(AbstractSerializer.java:62)
	at io.apicurio.registry.serde.KafkaSerializer.serialize(KafkaSerializer.java:77)
	at org.apache.kafka.clients.producer.KafkaProducer.doSend(KafkaProducer.java:1046)
	at org.apache.kafka.clients.producer.KafkaProducer.send(KafkaProducer.java:993)
	at org.apache.kafka.clients.producer.KafkaProducer.send(KafkaProducer.java:875)
	at io.apicurio.tests.serdes.apicurio.KafkaSerdesTester.lambda$produceMessages$3(KafkaSerdesTester.java:138)
	at java.base/java.util.concurrent.CompletableFuture$AsyncSupply.run(CompletableFuture.java:1768)
	at java.base/java.lang.Thread.run(Thread.java:840)
]]></system-err>
  </testcase>
  <testcase name="testAvroSerDesFailDifferentSchemaByRecordName" classname="io.apicurio.tests.serdes.apicurio.AvroSerdeIT" time="1.226">
    <system-out><![CDATA[2025-08-07 20:28:12,559 INFO  [io.api.tes.uti.TestSeparator] (main) ############################################################################
2025-08-07 20:28:12,559 INFO  [io.api.tes.uti.TestSeparator] (main) io.apicurio.tests.serdes.apicurio.AvroSerdeIT.testAvroSerDesFailDifferentSchemaByRecordName-STARTED
**** Registry Base URL: http://registry-app-pg17.apps.ci419.apicurio-testing.org:80
2025-08-07 20:28:13,680 INFO  [org.apa.kaf.cli.pro.ProducerConfig] (main) ProducerConfig values: 
	acks = -1
	auto.include.jmx.reporter = true
	batch.size = 16384
	bootstrap.servers = [PLAINTEXT://localhost:32769]
	buffer.memory = 33554432
	client.dns.lookup = use_all_dns_ips
	client.id = Producer-topic-dc79ee12_1adc_4e37_b235_2d9d293be70b
	compression.gzip.level = -1
	compression.lz4.level = 9
	compression.type = none
	compression.zstd.level = 3
	connections.max.idle.ms = 10000
	delivery.timeout.ms = 120000
	enable.idempotence = true
	enable.metrics.push = true
	interceptor.classes = []
	key.serializer = class org.apache.kafka.common.serialization.StringSerializer
	linger.ms = 0
	max.block.ms = 60000
	max.in.flight.requests.per.connection = 5
	max.request.size = 1048576
	metadata.max.age.ms = 300000
	metadata.max.idle.ms = 300000
	metadata.recovery.strategy = none
	metric.reporters = []
	metrics.num.samples = 2
	metrics.recording.level = INFO
	metrics.sample.window.ms = 30000
	partitioner.adaptive.partitioning.enable = true
	partitioner.availability.timeout.ms = 0
	partitioner.class = null
	partitioner.ignore.keys = false
	receive.buffer.bytes = 32768
	reconnect.backoff.max.ms = 1000
	reconnect.backoff.ms = 50
	request.timeout.ms = 5000
	retries = 2147483647
	retry.backoff.max.ms = 1000
	retry.backoff.ms = 100
	sasl.client.callback.handler.class = null
	sasl.jaas.config = null
	sasl.kerberos.kinit.cmd = /usr/bin/kinit
	sasl.kerberos.min.time.before.relogin = 60000
	sasl.kerberos.service.name = null
	sasl.kerberos.ticket.renew.jitter = 0.05
	sasl.kerberos.ticket.renew.window.factor = 0.8
	sasl.login.callback.handler.class = null
	sasl.login.class = null
	sasl.login.connect.timeout.ms = null
	sasl.login.read.timeout.ms = null
	sasl.login.refresh.buffer.seconds = 300
	sasl.login.refresh.min.period.seconds = 60
	sasl.login.refresh.window.factor = 0.8
	sasl.login.refresh.window.jitter = 0.05
	sasl.login.retry.backoff.max.ms = 10000
	sasl.login.retry.backoff.ms = 100
	sasl.mechanism = GSSAPI
	sasl.oauthbearer.clock.skew.seconds = 30
	sasl.oauthbearer.expected.audience = null
	sasl.oauthbearer.expected.issuer = null
	sasl.oauthbearer.header.urlencode = false
	sasl.oauthbearer.jwks.endpoint.refresh.ms = 3600000
	sasl.oauthbearer.jwks.endpoint.retry.backoff.max.ms = 10000
	sasl.oauthbearer.jwks.endpoint.retry.backoff.ms = 100
	sasl.oauthbearer.jwks.endpoint.url = null
	sasl.oauthbearer.scope.claim.name = scope
	sasl.oauthbearer.sub.claim.name = sub
	sasl.oauthbearer.token.endpoint.url = null
	security.protocol = PLAINTEXT
	security.providers = null
	send.buffer.bytes = 131072
	socket.connection.setup.timeout.max.ms = 30000
	socket.connection.setup.timeout.ms = 10000
	ssl.cipher.suites = null
	ssl.enabled.protocols = [TLSv1.2, TLSv1.3]
	ssl.endpoint.identification.algorithm = https
	ssl.engine.factory.class = null
	ssl.key.password = null
	ssl.keymanager.algorithm = SunX509
	ssl.keystore.certificate.chain = null
	ssl.keystore.key = null
	ssl.keystore.location = null
	ssl.keystore.password = null
	ssl.keystore.type = JKS
	ssl.protocol = TLSv1.3
	ssl.provider = null
	ssl.secure.random.implementation = null
	ssl.trustmanager.algorithm = PKIX
	ssl.truststore.certificates = null
	ssl.truststore.location = null
	ssl.truststore.password = null
	ssl.truststore.type = JKS
	transaction.timeout.ms = 60000
	transactional.id = null
	value.serializer = class io.apicurio.registry.serde.avro.AvroKafkaSerializer

2025-08-07 20:28:13,681 INFO  [org.apa.kaf.com.tel.int.KafkaMetricsCollector] (main) initializing Kafka metrics collector
2025-08-07 20:28:13,684 INFO  [org.apa.kaf.cli.pro.KafkaProducer] (main) [Producer clientId=Producer-topic-dc79ee12_1adc_4e37_b235_2d9d293be70b] Instantiated an idempotent producer.
2025-08-07 20:28:13,685 INFO  [org.apa.kaf.cli.pro.ProducerConfig] (main) These configurations '[apicurio.registry.find-latest, apicurio.registry.url, apicurio.registry.artifact-resolver-strategy]' were supplied but are not used yet.
2025-08-07 20:28:13,686 INFO  [org.apa.kaf.com.uti.AppInfoParser] (main) Kafka version: 3.9.1
2025-08-07 20:28:13,686 INFO  [org.apa.kaf.com.uti.AppInfoParser] (main) Kafka commitId: f745dfdcee2b9851
2025-08-07 20:28:13,686 INFO  [org.apa.kaf.com.uti.AppInfoParser] (main) Kafka startTimeMs: 1754598493686
2025-08-07 20:28:13,687 INFO  [io.api.tes.ser.api.KafkaSerdesTester] (Thread-642) Sending message {"keyB": "value-0"} to topic topic-dc79ee12_1adc_4e37_b235_2d9d293be70b
2025-08-07 20:28:13,693 INFO  [org.apa.kaf.cli.Metadata] (kafka-producer-network-thread | Producer-topic-dc79ee12_1adc_4e37_b235_2d9d293be70b) [Producer clientId=Producer-topic-dc79ee12_1adc_4e37_b235_2d9d293be70b] Cluster ID: g89mLo7yQq6pgEL9WhhAvA
2025-08-07 20:28:13,696 INFO  [org.apa.kaf.cli.pro.int.TransactionManager] (kafka-producer-network-thread | Producer-topic-dc79ee12_1adc_4e37_b235_2d9d293be70b) [Producer clientId=Producer-topic-dc79ee12_1adc_4e37_b235_2d9d293be70b] ProducerId set to 8 with epoch 0
2025-08-07 20:28:13,780 INFO  [org.apa.kaf.cli.pro.KafkaProducer] (Thread-642) [Producer clientId=Producer-topic-dc79ee12_1adc_4e37_b235_2d9d293be70b] Closing the Kafka producer with timeoutMillis = 9223372036854775807 ms.
2025-08-07 20:28:13,781 INFO  [org.apa.kaf.com.met.Metrics] (Thread-642) Metrics scheduler closed
2025-08-07 20:28:13,781 INFO  [org.apa.kaf.com.met.Metrics] (Thread-642) Closing reporter org.apache.kafka.common.metrics.JmxReporter
2025-08-07 20:28:13,781 INFO  [org.apa.kaf.com.met.Metrics] (Thread-642) Closing reporter org.apache.kafka.common.telemetry.internals.ClientTelemetryReporter
2025-08-07 20:28:13,781 INFO  [org.apa.kaf.com.met.Metrics] (Thread-642) Metrics reporters closed
2025-08-07 20:28:13,782 INFO  [org.apa.kaf.com.uti.AppInfoParser] (Thread-642) App info kafka.producer for Producer-topic-dc79ee12_1adc_4e37_b235_2d9d293be70b unregistered
2025-08-07 20:28:13,784 INFO  [io.api.tes.uti.TestSeparator] (main) io.apicurio.tests.serdes.apicurio.AvroSerdeIT.testAvroSerDesFailDifferentSchemaByRecordName-FINISHED
2025-08-07 20:28:13,784 INFO  [io.api.tes.uti.TestSeparator] (main) ############################################################################
Test passed: testAvroSerDesFailDifferentSchemaByRecordName
]]></system-out>
    <system-err><![CDATA[io.apicurio.registry.rest.client.models.ProblemDetails
	at io.apicurio.registry.rest.client.models.ProblemDetails.createFromDiscriminatorValue(ProblemDetails.java:58)
	at io.kiota.serialization.json.JsonParseNode.getObjectValue(JsonParseNode.java:247)
	at io.kiota.http.vertx.VertXRequestAdapter.lambda$throwIfFailedResponse$0(VertXRequestAdapter.java:400)
	at com.microsoft.kiota.ApiExceptionBuilder.<init>(ApiExceptionBuilder.java:26)
	at io.kiota.http.vertx.VertXRequestAdapter.throwIfFailedResponse(VertXRequestAdapter.java:399)
	at io.kiota.http.vertx.VertXRequestAdapter.send(VertXRequestAdapter.java:170)
	at io.apicurio.registry.rest.client.groups.item.artifacts.item.versions.item.WithVersionExpressionItemRequestBuilder.get(WithVersionExpressionItemRequestBuilder.java:128)
	at io.apicurio.registry.rest.client.groups.item.artifacts.item.versions.item.WithVersionExpressionItemRequestBuilder.get(WithVersionExpressionItemRequestBuilder.java:111)
	at io.apicurio.registry.resolver.client.RegistryClientFacadeImpl.getVersionCoordinatesByGAV(RegistryClientFacadeImpl.java:159)
	at io.apicurio.registry.resolver.DefaultSchemaResolver.resolveByCoordinates(DefaultSchemaResolver.java:352)
	at io.apicurio.registry.resolver.DefaultSchemaResolver.lambda$resolveSchemaByArtifactReferenceCached$6(DefaultSchemaResolver.java:340)
	at io.apicurio.registry.resolver.cache.ERCache.lambda$getValue$0(ERCache.java:174)
	at io.apicurio.registry.resolver.cache.ERCache.retry(ERCache.java:227)
	at io.apicurio.registry.resolver.cache.ERCache.getValue(ERCache.java:173)
	at io.apicurio.registry.resolver.cache.ERCache.getByArtifactCoordinates(ERCache.java:158)
	at io.apicurio.registry.resolver.DefaultSchemaResolver.resolveSchemaByArtifactReferenceCached(DefaultSchemaResolver.java:338)
	at io.apicurio.registry.resolver.DefaultSchemaResolver.resolveSchemaByCoordinates(DefaultSchemaResolver.java:193)
	at io.apicurio.registry.resolver.DefaultSchemaResolver.getSchemaFromRegistry(DefaultSchemaResolver.java:130)
	at io.apicurio.registry.resolver.DefaultSchemaResolver.lambda$resolveSchema$0(DefaultSchemaResolver.java:84)
	at java.base/java.util.Optional.orElseGet(Optional.java:364)
	at io.apicurio.registry.resolver.DefaultSchemaResolver.resolveSchema(DefaultSchemaResolver.java:84)
	at io.apicurio.registry.serde.AbstractSerializer.serializeData(AbstractSerializer.java:62)
	at io.apicurio.registry.serde.KafkaSerializer.serialize(KafkaSerializer.java:77)
	at org.apache.kafka.clients.producer.KafkaProducer.doSend(KafkaProducer.java:1046)
	at org.apache.kafka.clients.producer.KafkaProducer.send(KafkaProducer.java:993)
	at org.apache.kafka.clients.producer.KafkaProducer.send(KafkaProducer.java:875)
	at io.apicurio.tests.serdes.apicurio.KafkaSerdesTester.lambda$produceMessages$3(KafkaSerdesTester.java:138)
	at java.base/java.util.concurrent.CompletableFuture$AsyncSupply.run(CompletableFuture.java:1768)
	at java.base/java.lang.Thread.run(Thread.java:840)
]]></system-err>
  </testcase>
  <testcase name="testTopicIdStrategyFindLatest" classname="io.apicurio.tests.serdes.apicurio.AvroSerdeIT" time="4.989">
    <system-out><![CDATA[2025-08-07 20:28:13,785 INFO  [io.api.tes.uti.TestSeparator] (main) ############################################################################
2025-08-07 20:28:13,785 INFO  [io.api.tes.uti.TestSeparator] (main) io.apicurio.tests.serdes.apicurio.AvroSerdeIT.testTopicIdStrategyFindLatest-STARTED
2025-08-07 20:28:13,788 INFO  [io.api.tes.ser.api.AvroSerdeIT] (main) Registering Avro Schema: {"type":"record","name":"myrecordapicurio1","fields":[{"name":"key11754598493787","type":"string"}]}
**** Registry Base URL: http://registry-app-pg17.apps.ci419.apicurio-testing.org:80
2025-08-07 20:28:14,897 INFO  [org.apa.kaf.cli.pro.ProducerConfig] (main) ProducerConfig values: 
	acks = -1
	auto.include.jmx.reporter = true
	batch.size = 16384
	bootstrap.servers = [PLAINTEXT://localhost:32769]
	buffer.memory = 33554432
	client.dns.lookup = use_all_dns_ips
	client.id = Producer-topic-bae7e8a1_ac2b_40f3_8584_19e5c065d2b4
	compression.gzip.level = -1
	compression.lz4.level = 9
	compression.type = none
	compression.zstd.level = 3
	connections.max.idle.ms = 10000
	delivery.timeout.ms = 120000
	enable.idempotence = true
	enable.metrics.push = true
	interceptor.classes = []
	key.serializer = class org.apache.kafka.common.serialization.StringSerializer
	linger.ms = 0
	max.block.ms = 60000
	max.in.flight.requests.per.connection = 5
	max.request.size = 1048576
	metadata.max.age.ms = 300000
	metadata.max.idle.ms = 300000
	metadata.recovery.strategy = none
	metric.reporters = []
	metrics.num.samples = 2
	metrics.recording.level = INFO
	metrics.sample.window.ms = 30000
	partitioner.adaptive.partitioning.enable = true
	partitioner.availability.timeout.ms = 0
	partitioner.class = null
	partitioner.ignore.keys = false
	receive.buffer.bytes = 32768
	reconnect.backoff.max.ms = 1000
	reconnect.backoff.ms = 50
	request.timeout.ms = 5000
	retries = 2147483647
	retry.backoff.max.ms = 1000
	retry.backoff.ms = 100
	sasl.client.callback.handler.class = null
	sasl.jaas.config = null
	sasl.kerberos.kinit.cmd = /usr/bin/kinit
	sasl.kerberos.min.time.before.relogin = 60000
	sasl.kerberos.service.name = null
	sasl.kerberos.ticket.renew.jitter = 0.05
	sasl.kerberos.ticket.renew.window.factor = 0.8
	sasl.login.callback.handler.class = null
	sasl.login.class = null
	sasl.login.connect.timeout.ms = null
	sasl.login.read.timeout.ms = null
	sasl.login.refresh.buffer.seconds = 300
	sasl.login.refresh.min.period.seconds = 60
	sasl.login.refresh.window.factor = 0.8
	sasl.login.refresh.window.jitter = 0.05
	sasl.login.retry.backoff.max.ms = 10000
	sasl.login.retry.backoff.ms = 100
	sasl.mechanism = GSSAPI
	sasl.oauthbearer.clock.skew.seconds = 30
	sasl.oauthbearer.expected.audience = null
	sasl.oauthbearer.expected.issuer = null
	sasl.oauthbearer.header.urlencode = false
	sasl.oauthbearer.jwks.endpoint.refresh.ms = 3600000
	sasl.oauthbearer.jwks.endpoint.retry.backoff.max.ms = 10000
	sasl.oauthbearer.jwks.endpoint.retry.backoff.ms = 100
	sasl.oauthbearer.jwks.endpoint.url = null
	sasl.oauthbearer.scope.claim.name = scope
	sasl.oauthbearer.sub.claim.name = sub
	sasl.oauthbearer.token.endpoint.url = null
	security.protocol = PLAINTEXT
	security.providers = null
	send.buffer.bytes = 131072
	socket.connection.setup.timeout.max.ms = 30000
	socket.connection.setup.timeout.ms = 10000
	ssl.cipher.suites = null
	ssl.enabled.protocols = [TLSv1.2, TLSv1.3]
	ssl.endpoint.identification.algorithm = https
	ssl.engine.factory.class = null
	ssl.key.password = null
	ssl.keymanager.algorithm = SunX509
	ssl.keystore.certificate.chain = null
	ssl.keystore.key = null
	ssl.keystore.location = null
	ssl.keystore.password = null
	ssl.keystore.type = JKS
	ssl.protocol = TLSv1.3
	ssl.provider = null
	ssl.secure.random.implementation = null
	ssl.trustmanager.algorithm = PKIX
	ssl.truststore.certificates = null
	ssl.truststore.location = null
	ssl.truststore.password = null
	ssl.truststore.type = JKS
	transaction.timeout.ms = 60000
	transactional.id = null
	value.serializer = class io.apicurio.registry.serde.avro.AvroKafkaSerializer

2025-08-07 20:28:14,897 INFO  [org.apa.kaf.com.tel.int.KafkaMetricsCollector] (main) initializing Kafka metrics collector
2025-08-07 20:28:14,900 INFO  [org.apa.kaf.cli.pro.KafkaProducer] (main) [Producer clientId=Producer-topic-bae7e8a1_ac2b_40f3_8584_19e5c065d2b4] Instantiated an idempotent producer.
2025-08-07 20:28:14,902 INFO  [org.apa.kaf.cli.pro.ProducerConfig] (main) These configurations '[apicurio.registry.find-latest, apicurio.registry.url, apicurio.registry.artifact-resolver-strategy]' were supplied but are not used yet.
2025-08-07 20:28:14,902 INFO  [org.apa.kaf.com.uti.AppInfoParser] (main) Kafka version: 3.9.1
2025-08-07 20:28:14,902 INFO  [org.apa.kaf.com.uti.AppInfoParser] (main) Kafka commitId: f745dfdcee2b9851
2025-08-07 20:28:14,902 INFO  [org.apa.kaf.com.uti.AppInfoParser] (main) Kafka startTimeMs: 1754598494902
2025-08-07 20:28:14,902 INFO  [io.api.tes.ser.api.SimpleSerdesTesterBuilder$SimpleSerdesTester] (main) Using producer configuration: {apicurio.registry.find-latest=true, apicurio.registry.url=http://registry-app-pg17.apps.ci419.apicurio-testing.org:80/apis/registry/v3, apicurio.registry.artifact-resolver-strategy=io.apicurio.registry.serde.strategy.TopicIdStrategy, value.serializer=io.apicurio.registry.serde.avro.AvroKafkaSerializer, request.timeout.ms=5000, acks=all, bootstrap.servers=PLAINTEXT://localhost:32769, connections.max.idle.ms=10000, key.serializer=org.apache.kafka.common.serialization.StringSerializer, client.id=Producer-topic-bae7e8a1_ac2b_40f3_8584_19e5c065d2b4}
2025-08-07 20:28:14,902 INFO  [io.api.tes.ser.api.SimpleSerdesTesterBuilder$SimpleSerdesTester] (main) Using consumer configuration: {}
2025-08-07 20:28:14,905 INFO  [io.api.tes.ser.api.KafkaSerdesTester] (Thread-645) Sending message {"key11754598493787": "value-0"} to topic topic-bae7e8a1_ac2b_40f3_8584_19e5c065d2b4
2025-08-07 20:28:14,908 INFO  [org.apa.kaf.cli.Metadata] (kafka-producer-network-thread | Producer-topic-bae7e8a1_ac2b_40f3_8584_19e5c065d2b4) [Producer clientId=Producer-topic-bae7e8a1_ac2b_40f3_8584_19e5c065d2b4] Cluster ID: g89mLo7yQq6pgEL9WhhAvA
2025-08-07 20:28:14,911 INFO  [org.apa.kaf.cli.pro.int.TransactionManager] (kafka-producer-network-thread | Producer-topic-bae7e8a1_ac2b_40f3_8584_19e5c065d2b4) [Producer clientId=Producer-topic-bae7e8a1_ac2b_40f3_8584_19e5c065d2b4] ProducerId set to 9 with epoch 0
2025-08-07 20:28:15,077 INFO  [io.api.tes.ser.api.KafkaSerdesTester] (Thread-645) Sending message {"key11754598493787": "value-1"} to topic topic-bae7e8a1_ac2b_40f3_8584_19e5c065d2b4
2025-08-07 20:28:15,079 INFO  [io.api.tes.ser.api.KafkaSerdesTester] (Thread-645) Sending message {"key11754598493787": "value-2"} to topic topic-bae7e8a1_ac2b_40f3_8584_19e5c065d2b4
2025-08-07 20:28:15,083 INFO  [io.api.tes.ser.api.KafkaSerdesTester] (Thread-645) Sending message {"key11754598493787": "value-3"} to topic topic-bae7e8a1_ac2b_40f3_8584_19e5c065d2b4
2025-08-07 20:28:15,085 INFO  [io.api.tes.ser.api.KafkaSerdesTester] (Thread-645) Sending message {"key11754598493787": "value-4"} to topic topic-bae7e8a1_ac2b_40f3_8584_19e5c065d2b4
2025-08-07 20:28:15,088 INFO  [io.api.tes.ser.api.KafkaSerdesTester] (Thread-645) Sending message {"key11754598493787": "value-5"} to topic topic-bae7e8a1_ac2b_40f3_8584_19e5c065d2b4
2025-08-07 20:28:15,089 INFO  [io.api.tes.ser.api.KafkaSerdesTester] (Thread-645) Sending message {"key11754598493787": "value-6"} to topic topic-bae7e8a1_ac2b_40f3_8584_19e5c065d2b4
2025-08-07 20:28:15,093 INFO  [io.api.tes.ser.api.KafkaSerdesTester] (Thread-645) Sending message {"key11754598493787": "value-7"} to topic topic-bae7e8a1_ac2b_40f3_8584_19e5c065d2b4
2025-08-07 20:28:15,095 INFO  [io.api.tes.ser.api.KafkaSerdesTester] (Thread-645) Sending message {"key11754598493787": "value-8"} to topic topic-bae7e8a1_ac2b_40f3_8584_19e5c065d2b4
2025-08-07 20:28:15,099 INFO  [io.api.tes.ser.api.KafkaSerdesTester] (Thread-645) Sending message {"key11754598493787": "value-9"} to topic topic-bae7e8a1_ac2b_40f3_8584_19e5c065d2b4
2025-08-07 20:28:15,101 INFO  [io.api.tes.ser.api.KafkaSerdesTester] (Thread-645) Produced 10 messages
2025-08-07 20:28:15,101 INFO  [org.apa.kaf.cli.pro.KafkaProducer] (Thread-645) [Producer clientId=Producer-topic-bae7e8a1_ac2b_40f3_8584_19e5c065d2b4] Closing the Kafka producer with timeoutMillis = 9223372036854775807 ms.
2025-08-07 20:28:15,104 INFO  [org.apa.kaf.com.met.Metrics] (Thread-645) Metrics scheduler closed
2025-08-07 20:28:15,104 INFO  [org.apa.kaf.com.met.Metrics] (Thread-645) Closing reporter org.apache.kafka.common.metrics.JmxReporter
2025-08-07 20:28:15,104 INFO  [org.apa.kaf.com.met.Metrics] (Thread-645) Closing reporter org.apache.kafka.common.telemetry.internals.ClientTelemetryReporter
2025-08-07 20:28:15,104 INFO  [org.apa.kaf.com.met.Metrics] (Thread-645) Metrics reporters closed
2025-08-07 20:28:15,104 INFO  [org.apa.kaf.com.uti.AppInfoParser] (Thread-645) App info kafka.producer for Producer-topic-bae7e8a1_ac2b_40f3_8584_19e5c065d2b4 unregistered
**** Registry Base URL: http://registry-app-pg17.apps.ci419.apicurio-testing.org:80
2025-08-07 20:28:15,105 INFO  [org.apa.kaf.cli.con.ConsumerConfig] (main) ConsumerConfig values: 
	allow.auto.create.topics = true
	auto.commit.interval.ms = 500
	auto.include.jmx.reporter = true
	auto.offset.reset = earliest
	bootstrap.servers = [PLAINTEXT://localhost:32769]
	check.crcs = true
	client.dns.lookup = use_all_dns_ips
	client.id = consumer-Consumer-topic-bae7e8a1_ac2b_40f3_8584_19e5c065d2b4-7
	client.rack = 
	connections.max.idle.ms = 10000
	default.api.timeout.ms = 60000
	enable.auto.commit = true
	enable.metrics.push = true
	exclude.internal.topics = true
	fetch.max.bytes = 52428800
	fetch.max.wait.ms = 500
	fetch.min.bytes = 1
	group.id = Consumer-topic-bae7e8a1_ac2b_40f3_8584_19e5c065d2b4
	group.instance.id = null
	group.protocol = classic
	group.remote.assignor = null
	heartbeat.interval.ms = 3000
	interceptor.classes = []
	internal.leave.group.on.close = true
	internal.throw.on.fetch.stable.offset.unsupported = false
	isolation.level = read_uncommitted
	key.deserializer = class org.apache.kafka.common.serialization.StringDeserializer
	max.partition.fetch.bytes = 1048576
	max.poll.interval.ms = 300000
	max.poll.records = 500
	metadata.max.age.ms = 300000
	metadata.recovery.strategy = none
	metric.reporters = []
	metrics.num.samples = 2
	metrics.recording.level = INFO
	metrics.sample.window.ms = 30000
	partition.assignment.strategy = [class org.apache.kafka.clients.consumer.RangeAssignor, class org.apache.kafka.clients.consumer.CooperativeStickyAssignor]
	receive.buffer.bytes = 65536
	reconnect.backoff.max.ms = 1000
	reconnect.backoff.ms = 50
	request.timeout.ms = 5000
	retry.backoff.max.ms = 1000
	retry.backoff.ms = 100
	sasl.client.callback.handler.class = null
	sasl.jaas.config = null
	sasl.kerberos.kinit.cmd = /usr/bin/kinit
	sasl.kerberos.min.time.before.relogin = 60000
	sasl.kerberos.service.name = null
	sasl.kerberos.ticket.renew.jitter = 0.05
	sasl.kerberos.ticket.renew.window.factor = 0.8
	sasl.login.callback.handler.class = null
	sasl.login.class = null
	sasl.login.connect.timeout.ms = null
	sasl.login.read.timeout.ms = null
	sasl.login.refresh.buffer.seconds = 300
	sasl.login.refresh.min.period.seconds = 60
	sasl.login.refresh.window.factor = 0.8
	sasl.login.refresh.window.jitter = 0.05
	sasl.login.retry.backoff.max.ms = 10000
	sasl.login.retry.backoff.ms = 100
	sasl.mechanism = GSSAPI
	sasl.oauthbearer.clock.skew.seconds = 30
	sasl.oauthbearer.expected.audience = null
	sasl.oauthbearer.expected.issuer = null
	sasl.oauthbearer.header.urlencode = false
	sasl.oauthbearer.jwks.endpoint.refresh.ms = 3600000
	sasl.oauthbearer.jwks.endpoint.retry.backoff.max.ms = 10000
	sasl.oauthbearer.jwks.endpoint.retry.backoff.ms = 100
	sasl.oauthbearer.jwks.endpoint.url = null
	sasl.oauthbearer.scope.claim.name = scope
	sasl.oauthbearer.sub.claim.name = sub
	sasl.oauthbearer.token.endpoint.url = null
	security.protocol = PLAINTEXT
	security.providers = null
	send.buffer.bytes = 131072
	session.timeout.ms = 45000
	socket.connection.setup.timeout.max.ms = 30000
	socket.connection.setup.timeout.ms = 10000
	ssl.cipher.suites = null
	ssl.enabled.protocols = [TLSv1.2, TLSv1.3]
	ssl.endpoint.identification.algorithm = https
	ssl.engine.factory.class = null
	ssl.key.password = null
	ssl.keymanager.algorithm = SunX509
	ssl.keystore.certificate.chain = null
	ssl.keystore.key = null
	ssl.keystore.location = null
	ssl.keystore.password = null
	ssl.keystore.type = JKS
	ssl.protocol = TLSv1.3
	ssl.provider = null
	ssl.secure.random.implementation = null
	ssl.trustmanager.algorithm = PKIX
	ssl.truststore.certificates = null
	ssl.truststore.location = null
	ssl.truststore.password = null
	ssl.truststore.type = JKS
	value.deserializer = class io.apicurio.registry.serde.avro.AvroKafkaDeserializer

2025-08-07 20:28:15,106 INFO  [org.apa.kaf.com.tel.int.KafkaMetricsCollector] (main) initializing Kafka metrics collector
2025-08-07 20:28:15,112 INFO  [org.apa.kaf.cli.con.ConsumerConfig] (main) These configurations '[apicurio.registry.url]' were supplied but are not used yet.
2025-08-07 20:28:15,112 INFO  [org.apa.kaf.com.uti.AppInfoParser] (main) Kafka version: 3.9.1
2025-08-07 20:28:15,112 INFO  [org.apa.kaf.com.uti.AppInfoParser] (main) Kafka commitId: f745dfdcee2b9851
2025-08-07 20:28:15,112 INFO  [org.apa.kaf.com.uti.AppInfoParser] (main) Kafka startTimeMs: 1754598495112
2025-08-07 20:28:15,112 INFO  [org.apa.kaf.cli.con.int.ClassicKafkaConsumer] (Thread-648) [Consumer clientId=consumer-Consumer-topic-bae7e8a1_ac2b_40f3_8584_19e5c065d2b4-7, groupId=Consumer-topic-bae7e8a1_ac2b_40f3_8584_19e5c065d2b4] Subscribed to topic(s): topic-bae7e8a1_ac2b_40f3_8584_19e5c065d2b4
2025-08-07 20:28:15,119 INFO  [org.apa.kaf.cli.Metadata] (Thread-648) [Consumer clientId=consumer-Consumer-topic-bae7e8a1_ac2b_40f3_8584_19e5c065d2b4-7, groupId=Consumer-topic-bae7e8a1_ac2b_40f3_8584_19e5c065d2b4] Cluster ID: g89mLo7yQq6pgEL9WhhAvA
2025-08-07 20:28:15,121 INFO  [org.apa.kaf.cli.con.int.ConsumerCoordinator] (Thread-648) [Consumer clientId=consumer-Consumer-topic-bae7e8a1_ac2b_40f3_8584_19e5c065d2b4-7, groupId=Consumer-topic-bae7e8a1_ac2b_40f3_8584_19e5c065d2b4] Discovered group coordinator localhost:32769 (id: 2147483647 rack: null)
2025-08-07 20:28:15,125 INFO  [org.apa.kaf.cli.con.int.ConsumerCoordinator] (Thread-648) [Consumer clientId=consumer-Consumer-topic-bae7e8a1_ac2b_40f3_8584_19e5c065d2b4-7, groupId=Consumer-topic-bae7e8a1_ac2b_40f3_8584_19e5c065d2b4] (Re-)joining group
2025-08-07 20:28:15,131 INFO  [org.apa.kaf.cli.con.int.ConsumerCoordinator] (Thread-648) [Consumer clientId=consumer-Consumer-topic-bae7e8a1_ac2b_40f3_8584_19e5c065d2b4-7, groupId=Consumer-topic-bae7e8a1_ac2b_40f3_8584_19e5c065d2b4] Request joining group due to: need to re-join with the given member-id: consumer-Consumer-topic-bae7e8a1_ac2b_40f3_8584_19e5c065d2b4-7-2f58c7da-26b5-4fb2-afb5-07bd6734c4ce
2025-08-07 20:28:15,131 INFO  [org.apa.kaf.cli.con.int.ConsumerCoordinator] (Thread-648) [Consumer clientId=consumer-Consumer-topic-bae7e8a1_ac2b_40f3_8584_19e5c065d2b4-7, groupId=Consumer-topic-bae7e8a1_ac2b_40f3_8584_19e5c065d2b4] (Re-)joining group
2025-08-07 20:28:16,112 INFO  [io.api.tes.ser.api.KafkaSerdesTester] (Thread-648) None found
2025-08-07 20:28:17,113 INFO  [io.api.tes.ser.api.KafkaSerdesTester] (Thread-648) None found
2025-08-07 20:28:18,113 INFO  [io.api.tes.ser.api.KafkaSerdesTester] (Thread-648) None found
2025-08-07 20:28:18,133 INFO  [org.apa.kaf.cli.con.int.ConsumerCoordinator] (Thread-648) [Consumer clientId=consumer-Consumer-topic-bae7e8a1_ac2b_40f3_8584_19e5c065d2b4-7, groupId=Consumer-topic-bae7e8a1_ac2b_40f3_8584_19e5c065d2b4] Successfully joined group with generation Generation{generationId=1, memberId='consumer-Consumer-topic-bae7e8a1_ac2b_40f3_8584_19e5c065d2b4-7-2f58c7da-26b5-4fb2-afb5-07bd6734c4ce', protocol='range'}
2025-08-07 20:28:18,134 INFO  [org.apa.kaf.cli.con.int.ConsumerCoordinator] (Thread-648) [Consumer clientId=consumer-Consumer-topic-bae7e8a1_ac2b_40f3_8584_19e5c065d2b4-7, groupId=Consumer-topic-bae7e8a1_ac2b_40f3_8584_19e5c065d2b4] Finished assignment for group at generation 1: {consumer-Consumer-topic-bae7e8a1_ac2b_40f3_8584_19e5c065d2b4-7-2f58c7da-26b5-4fb2-afb5-07bd6734c4ce=Assignment(partitions=[topic-bae7e8a1_ac2b_40f3_8584_19e5c065d2b4-0])}
2025-08-07 20:28:18,141 INFO  [org.apa.kaf.cli.con.int.ConsumerCoordinator] (Thread-648) [Consumer clientId=consumer-Consumer-topic-bae7e8a1_ac2b_40f3_8584_19e5c065d2b4-7, groupId=Consumer-topic-bae7e8a1_ac2b_40f3_8584_19e5c065d2b4] Successfully synced group in generation Generation{generationId=1, memberId='consumer-Consumer-topic-bae7e8a1_ac2b_40f3_8584_19e5c065d2b4-7-2f58c7da-26b5-4fb2-afb5-07bd6734c4ce', protocol='range'}
2025-08-07 20:28:18,141 INFO  [org.apa.kaf.cli.con.int.ConsumerCoordinator] (Thread-648) [Consumer clientId=consumer-Consumer-topic-bae7e8a1_ac2b_40f3_8584_19e5c065d2b4-7, groupId=Consumer-topic-bae7e8a1_ac2b_40f3_8584_19e5c065d2b4] Notifying assignor about the new Assignment(partitions=[topic-bae7e8a1_ac2b_40f3_8584_19e5c065d2b4-0])
2025-08-07 20:28:18,141 INFO  [org.apa.kaf.cli.con.int.ConsumerRebalanceListenerInvoker] (Thread-648) [Consumer clientId=consumer-Consumer-topic-bae7e8a1_ac2b_40f3_8584_19e5c065d2b4-7, groupId=Consumer-topic-bae7e8a1_ac2b_40f3_8584_19e5c065d2b4] Adding newly assigned partitions: topic-bae7e8a1_ac2b_40f3_8584_19e5c065d2b4-0
2025-08-07 20:28:18,142 INFO  [org.apa.kaf.cli.con.int.ConsumerCoordinator] (Thread-648) [Consumer clientId=consumer-Consumer-topic-bae7e8a1_ac2b_40f3_8584_19e5c065d2b4-7, groupId=Consumer-topic-bae7e8a1_ac2b_40f3_8584_19e5c065d2b4] Found no committed offset for partition topic-bae7e8a1_ac2b_40f3_8584_19e5c065d2b4-0
2025-08-07 20:28:18,146 INFO  [org.apa.kaf.cli.con.int.SubscriptionState] (Thread-648) [Consumer clientId=consumer-Consumer-topic-bae7e8a1_ac2b_40f3_8584_19e5c065d2b4-7, groupId=Consumer-topic-bae7e8a1_ac2b_40f3_8584_19e5c065d2b4] Resetting offset for partition topic-bae7e8a1_ac2b_40f3_8584_19e5c065d2b4-0 to position FetchPosition{offset=0, offsetEpoch=Optional.empty, currentLeader=LeaderAndEpoch{leader=Optional[localhost:32769 (id: 0 rack: null)], epoch=0}}.
2025-08-07 20:28:18,267 INFO  [io.api.tes.ser.api.KafkaSerdesTester] (Thread-648) topic-bae7e8a1_ac2b_40f3_8584_19e5c065d2b4 0 0 {"key11754598493787": "value-0"}
2025-08-07 20:28:18,267 INFO  [io.api.tes.ser.api.KafkaSerdesTester] (Thread-648) topic-bae7e8a1_ac2b_40f3_8584_19e5c065d2b4 0 1 {"key11754598493787": "value-1"}
2025-08-07 20:28:18,267 INFO  [io.api.tes.ser.api.KafkaSerdesTester] (Thread-648) topic-bae7e8a1_ac2b_40f3_8584_19e5c065d2b4 0 2 {"key11754598493787": "value-2"}
2025-08-07 20:28:18,267 INFO  [io.api.tes.ser.api.KafkaSerdesTester] (Thread-648) topic-bae7e8a1_ac2b_40f3_8584_19e5c065d2b4 0 3 {"key11754598493787": "value-3"}
2025-08-07 20:28:18,267 INFO  [io.api.tes.ser.api.KafkaSerdesTester] (Thread-648) topic-bae7e8a1_ac2b_40f3_8584_19e5c065d2b4 0 4 {"key11754598493787": "value-4"}
2025-08-07 20:28:18,267 INFO  [io.api.tes.ser.api.KafkaSerdesTester] (Thread-648) topic-bae7e8a1_ac2b_40f3_8584_19e5c065d2b4 0 5 {"key11754598493787": "value-5"}
2025-08-07 20:28:18,267 INFO  [io.api.tes.ser.api.KafkaSerdesTester] (Thread-648) topic-bae7e8a1_ac2b_40f3_8584_19e5c065d2b4 0 6 {"key11754598493787": "value-6"}
2025-08-07 20:28:18,267 INFO  [io.api.tes.ser.api.KafkaSerdesTester] (Thread-648) topic-bae7e8a1_ac2b_40f3_8584_19e5c065d2b4 0 7 {"key11754598493787": "value-7"}
2025-08-07 20:28:18,269 INFO  [io.api.tes.ser.api.KafkaSerdesTester] (Thread-648) topic-bae7e8a1_ac2b_40f3_8584_19e5c065d2b4 0 8 {"key11754598493787": "value-8"}
2025-08-07 20:28:18,269 INFO  [io.api.tes.ser.api.KafkaSerdesTester] (Thread-648) topic-bae7e8a1_ac2b_40f3_8584_19e5c065d2b4 0 9 {"key11754598493787": "value-9"}
2025-08-07 20:28:18,269 INFO  [io.api.tes.ser.api.KafkaSerdesTester] (Thread-648) Consumed 10 messages
2025-08-07 20:28:18,276 INFO  [org.apa.kaf.cli.con.int.ConsumerRebalanceListenerInvoker] (Thread-648) [Consumer clientId=consumer-Consumer-topic-bae7e8a1_ac2b_40f3_8584_19e5c065d2b4-7, groupId=Consumer-topic-bae7e8a1_ac2b_40f3_8584_19e5c065d2b4] Revoke previously assigned partitions topic-bae7e8a1_ac2b_40f3_8584_19e5c065d2b4-0
2025-08-07 20:28:18,276 INFO  [org.apa.kaf.cli.con.int.ConsumerCoordinator] (Thread-648) [Consumer clientId=consumer-Consumer-topic-bae7e8a1_ac2b_40f3_8584_19e5c065d2b4-7, groupId=Consumer-topic-bae7e8a1_ac2b_40f3_8584_19e5c065d2b4] Member consumer-Consumer-topic-bae7e8a1_ac2b_40f3_8584_19e5c065d2b4-7-2f58c7da-26b5-4fb2-afb5-07bd6734c4ce sending LeaveGroup request to coordinator localhost:32769 (id: 2147483647 rack: null) due to the consumer is being closed
2025-08-07 20:28:18,277 INFO  [org.apa.kaf.cli.con.int.ConsumerCoordinator] (Thread-648) [Consumer clientId=consumer-Consumer-topic-bae7e8a1_ac2b_40f3_8584_19e5c065d2b4-7, groupId=Consumer-topic-bae7e8a1_ac2b_40f3_8584_19e5c065d2b4] Resetting generation and member id due to: consumer pro-actively leaving the group
2025-08-07 20:28:18,277 INFO  [org.apa.kaf.cli.con.int.ConsumerCoordinator] (Thread-648) [Consumer clientId=consumer-Consumer-topic-bae7e8a1_ac2b_40f3_8584_19e5c065d2b4-7, groupId=Consumer-topic-bae7e8a1_ac2b_40f3_8584_19e5c065d2b4] Request joining group due to: consumer pro-actively leaving the group
2025-08-07 20:28:18,770 INFO  [org.apa.kaf.com.met.Metrics] (Thread-648) Metrics scheduler closed
2025-08-07 20:28:18,770 INFO  [org.apa.kaf.com.met.Metrics] (Thread-648) Closing reporter org.apache.kafka.common.metrics.JmxReporter
2025-08-07 20:28:18,770 INFO  [org.apa.kaf.com.met.Metrics] (Thread-648) Closing reporter org.apache.kafka.common.telemetry.internals.ClientTelemetryReporter
2025-08-07 20:28:18,770 INFO  [org.apa.kaf.com.met.Metrics] (Thread-648) Metrics reporters closed
2025-08-07 20:28:18,773 INFO  [org.apa.kaf.com.uti.AppInfoParser] (Thread-648) App info kafka.consumer for consumer-Consumer-topic-bae7e8a1_ac2b_40f3_8584_19e5c065d2b4-7 unregistered
2025-08-07 20:28:18,773 INFO  [io.api.tes.uti.TestSeparator] (main) io.apicurio.tests.serdes.apicurio.AvroSerdeIT.testTopicIdStrategyFindLatest-FINISHED
2025-08-07 20:28:18,773 INFO  [io.api.tes.uti.TestSeparator] (main) ############################################################################
Test passed: testTopicIdStrategyFindLatest
]]></system-out>
  </testcase>
  <testcase name="testAvroUnionWithSpecificReader" classname="io.apicurio.tests.serdes.apicurio.AvroSerdeIT" time="4.522">
    <system-out><![CDATA[2025-08-07 20:28:18,775 INFO  [io.api.tes.uti.TestSeparator] (main) ############################################################################
2025-08-07 20:28:18,775 INFO  [io.api.tes.uti.TestSeparator] (main) io.apicurio.tests.serdes.apicurio.AvroSerdeIT.testAvroUnionWithSpecificReader-STARTED
**** Registry Base URL: http://registry-app-pg17.apps.ci419.apicurio-testing.org:80
2025-08-07 20:28:18,779 INFO  [org.apa.kaf.cli.pro.ProducerConfig] (main) ProducerConfig values: 
	acks = -1
	auto.include.jmx.reporter = true
	batch.size = 16384
	bootstrap.servers = [PLAINTEXT://localhost:32769]
	buffer.memory = 33554432
	client.dns.lookup = use_all_dns_ips
	client.id = Producer-topic-906fcfe2_cee1_40f5_ab8c_e72f3f9e13f3
	compression.gzip.level = -1
	compression.lz4.level = 9
	compression.type = none
	compression.zstd.level = 3
	connections.max.idle.ms = 10000
	delivery.timeout.ms = 120000
	enable.idempotence = true
	enable.metrics.push = true
	interceptor.classes = []
	key.serializer = class org.apache.kafka.common.serialization.StringSerializer
	linger.ms = 0
	max.block.ms = 60000
	max.in.flight.requests.per.connection = 5
	max.request.size = 1048576
	metadata.max.age.ms = 300000
	metadata.max.idle.ms = 300000
	metadata.recovery.strategy = none
	metric.reporters = []
	metrics.num.samples = 2
	metrics.recording.level = INFO
	metrics.sample.window.ms = 30000
	partitioner.adaptive.partitioning.enable = true
	partitioner.availability.timeout.ms = 0
	partitioner.class = null
	partitioner.ignore.keys = false
	receive.buffer.bytes = 32768
	reconnect.backoff.max.ms = 1000
	reconnect.backoff.ms = 50
	request.timeout.ms = 5000
	retries = 2147483647
	retry.backoff.max.ms = 1000
	retry.backoff.ms = 100
	sasl.client.callback.handler.class = null
	sasl.jaas.config = null
	sasl.kerberos.kinit.cmd = /usr/bin/kinit
	sasl.kerberos.min.time.before.relogin = 60000
	sasl.kerberos.service.name = null
	sasl.kerberos.ticket.renew.jitter = 0.05
	sasl.kerberos.ticket.renew.window.factor = 0.8
	sasl.login.callback.handler.class = null
	sasl.login.class = null
	sasl.login.connect.timeout.ms = null
	sasl.login.read.timeout.ms = null
	sasl.login.refresh.buffer.seconds = 300
	sasl.login.refresh.min.period.seconds = 60
	sasl.login.refresh.window.factor = 0.8
	sasl.login.refresh.window.jitter = 0.05
	sasl.login.retry.backoff.max.ms = 10000
	sasl.login.retry.backoff.ms = 100
	sasl.mechanism = GSSAPI
	sasl.oauthbearer.clock.skew.seconds = 30
	sasl.oauthbearer.expected.audience = null
	sasl.oauthbearer.expected.issuer = null
	sasl.oauthbearer.header.urlencode = false
	sasl.oauthbearer.jwks.endpoint.refresh.ms = 3600000
	sasl.oauthbearer.jwks.endpoint.retry.backoff.max.ms = 10000
	sasl.oauthbearer.jwks.endpoint.retry.backoff.ms = 100
	sasl.oauthbearer.jwks.endpoint.url = null
	sasl.oauthbearer.scope.claim.name = scope
	sasl.oauthbearer.sub.claim.name = sub
	sasl.oauthbearer.token.endpoint.url = null
	security.protocol = PLAINTEXT
	security.providers = null
	send.buffer.bytes = 131072
	socket.connection.setup.timeout.max.ms = 30000
	socket.connection.setup.timeout.ms = 10000
	ssl.cipher.suites = null
	ssl.enabled.protocols = [TLSv1.2, TLSv1.3]
	ssl.endpoint.identification.algorithm = https
	ssl.engine.factory.class = null
	ssl.key.password = null
	ssl.keymanager.algorithm = SunX509
	ssl.keystore.certificate.chain = null
	ssl.keystore.key = null
	ssl.keystore.location = null
	ssl.keystore.password = null
	ssl.keystore.type = JKS
	ssl.protocol = TLSv1.3
	ssl.provider = null
	ssl.secure.random.implementation = null
	ssl.trustmanager.algorithm = PKIX
	ssl.truststore.certificates = null
	ssl.truststore.location = null
	ssl.truststore.password = null
	ssl.truststore.type = JKS
	transaction.timeout.ms = 60000
	transactional.id = null
	value.serializer = class io.apicurio.registry.serde.avro.AvroKafkaSerializer

2025-08-07 20:28:18,779 INFO  [org.apa.kaf.com.tel.int.KafkaMetricsCollector] (main) initializing Kafka metrics collector
2025-08-07 20:28:18,787 INFO  [org.apa.kaf.cli.pro.KafkaProducer] (main) [Producer clientId=Producer-topic-906fcfe2_cee1_40f5_ab8c_e72f3f9e13f3] Instantiated an idempotent producer.
2025-08-07 20:28:18,789 INFO  [org.apa.kaf.cli.pro.ProducerConfig] (main) These configurations '[apicurio.registry.url, apicurio.registry.auto-register, apicurio.registry.artifact-resolver-strategy]' were supplied but are not used yet.
2025-08-07 20:28:18,789 INFO  [org.apa.kaf.com.uti.AppInfoParser] (main) Kafka version: 3.9.1
2025-08-07 20:28:18,789 INFO  [org.apa.kaf.com.uti.AppInfoParser] (main) Kafka commitId: f745dfdcee2b9851
2025-08-07 20:28:18,789 INFO  [org.apa.kaf.com.uti.AppInfoParser] (main) Kafka startTimeMs: 1754598498789
2025-08-07 20:28:18,789 INFO  [io.api.tes.ser.api.SimpleSerdesTesterBuilder$SimpleSerdesTester] (main) Using producer configuration: {apicurio.registry.url=http://registry-app-pg17.apps.ci419.apicurio-testing.org:80/apis/registry/v3, apicurio.registry.auto-register=true, apicurio.registry.artifact-resolver-strategy=io.apicurio.registry.serde.strategy.TopicIdStrategy, value.serializer=io.apicurio.registry.serde.avro.AvroKafkaSerializer, request.timeout.ms=5000, acks=all, bootstrap.servers=PLAINTEXT://localhost:32769, connections.max.idle.ms=10000, key.serializer=org.apache.kafka.common.serialization.StringSerializer, client.id=Producer-topic-906fcfe2_cee1_40f5_ab8c_e72f3f9e13f3}
2025-08-07 20:28:18,789 INFO  [io.api.tes.ser.api.SimpleSerdesTesterBuilder$SimpleSerdesTester] (main) Using consumer configuration: {}
2025-08-07 20:28:18,792 INFO  [io.api.tes.ser.api.KafkaSerdesTester] (Thread-651) Sending message {"id": "record-0"} to topic topic-906fcfe2_cee1_40f5_ab8c_e72f3f9e13f3
2025-08-07 20:28:18,795 WARN  [org.apa.kaf.cli.NetworkClient] (kafka-producer-network-thread | Producer-topic-906fcfe2_cee1_40f5_ab8c_e72f3f9e13f3) [Producer clientId=Producer-topic-906fcfe2_cee1_40f5_ab8c_e72f3f9e13f3] The metadata response from the cluster reported a recoverable issue with correlation id 1 : {topic-906fcfe2_cee1_40f5_ab8c_e72f3f9e13f3=UNKNOWN_TOPIC_OR_PARTITION}
2025-08-07 20:28:18,795 INFO  [org.apa.kaf.cli.Metadata] (kafka-producer-network-thread | Producer-topic-906fcfe2_cee1_40f5_ab8c_e72f3f9e13f3) [Producer clientId=Producer-topic-906fcfe2_cee1_40f5_ab8c_e72f3f9e13f3] Cluster ID: g89mLo7yQq6pgEL9WhhAvA
2025-08-07 20:28:18,795 INFO  [org.apa.kaf.cli.pro.int.TransactionManager] (kafka-producer-network-thread | Producer-topic-906fcfe2_cee1_40f5_ab8c_e72f3f9e13f3) [Producer clientId=Producer-topic-906fcfe2_cee1_40f5_ab8c_e72f3f9e13f3] ProducerId set to 10 with epoch 0
2025-08-07 20:28:19,014 INFO  [io.api.tes.ser.api.KafkaSerdesTester] (Thread-651) Sending message {"value": 1} to topic topic-906fcfe2_cee1_40f5_ab8c_e72f3f9e13f3
2025-08-07 20:28:19,095 INFO  [io.api.tes.ser.api.KafkaSerdesTester] (Thread-651) Sending message {"active": true} to topic topic-906fcfe2_cee1_40f5_ab8c_e72f3f9e13f3
2025-08-07 20:28:19,173 INFO  [io.api.tes.ser.api.KafkaSerdesTester] (Thread-651) Sending message {"id": "record-3"} to topic topic-906fcfe2_cee1_40f5_ab8c_e72f3f9e13f3
2025-08-07 20:28:19,176 INFO  [io.api.tes.ser.api.KafkaSerdesTester] (Thread-651) Sending message {"value": 4} to topic topic-906fcfe2_cee1_40f5_ab8c_e72f3f9e13f3
2025-08-07 20:28:19,177 INFO  [io.api.tes.ser.api.KafkaSerdesTester] (Thread-651) Sending message {"active": false} to topic topic-906fcfe2_cee1_40f5_ab8c_e72f3f9e13f3
2025-08-07 20:28:19,180 INFO  [io.api.tes.ser.api.KafkaSerdesTester] (Thread-651) Sending message {"id": "record-6"} to topic topic-906fcfe2_cee1_40f5_ab8c_e72f3f9e13f3
2025-08-07 20:28:19,182 INFO  [io.api.tes.ser.api.KafkaSerdesTester] (Thread-651) Sending message {"value": 7} to topic topic-906fcfe2_cee1_40f5_ab8c_e72f3f9e13f3
2025-08-07 20:28:19,184 INFO  [io.api.tes.ser.api.KafkaSerdesTester] (Thread-651) Sending message {"active": true} to topic topic-906fcfe2_cee1_40f5_ab8c_e72f3f9e13f3
2025-08-07 20:28:19,186 INFO  [io.api.tes.ser.api.KafkaSerdesTester] (Thread-651) Sending message {"id": "record-9"} to topic topic-906fcfe2_cee1_40f5_ab8c_e72f3f9e13f3
2025-08-07 20:28:19,188 INFO  [io.api.tes.ser.api.KafkaSerdesTester] (Thread-651) Produced 10 messages
2025-08-07 20:28:19,188 INFO  [org.apa.kaf.cli.pro.KafkaProducer] (Thread-651) [Producer clientId=Producer-topic-906fcfe2_cee1_40f5_ab8c_e72f3f9e13f3] Closing the Kafka producer with timeoutMillis = 9223372036854775807 ms.
2025-08-07 20:28:19,190 INFO  [org.apa.kaf.com.met.Metrics] (Thread-651) Metrics scheduler closed
2025-08-07 20:28:19,190 INFO  [org.apa.kaf.com.met.Metrics] (Thread-651) Closing reporter org.apache.kafka.common.metrics.JmxReporter
2025-08-07 20:28:19,190 INFO  [org.apa.kaf.com.met.Metrics] (Thread-651) Closing reporter org.apache.kafka.common.telemetry.internals.ClientTelemetryReporter
2025-08-07 20:28:19,190 INFO  [org.apa.kaf.com.met.Metrics] (Thread-651) Metrics reporters closed
2025-08-07 20:28:19,190 INFO  [org.apa.kaf.com.uti.AppInfoParser] (Thread-651) App info kafka.producer for Producer-topic-906fcfe2_cee1_40f5_ab8c_e72f3f9e13f3 unregistered
2025-08-07 20:28:19,237 INFO  [io.api.tes.ser.api.AvroSerdeIT] (main) Artifact topic-906fcfe2_cee1_40f5_ab8c_e72f3f9e13f3-value found in registry with globalId 25
**** Registry Base URL: http://registry-app-pg17.apps.ci419.apicurio-testing.org:80
2025-08-07 20:28:19,238 INFO  [org.apa.kaf.cli.con.ConsumerConfig] (main) ConsumerConfig values: 
	allow.auto.create.topics = true
	auto.commit.interval.ms = 500
	auto.include.jmx.reporter = true
	auto.offset.reset = earliest
	bootstrap.servers = [PLAINTEXT://localhost:32769]
	check.crcs = true
	client.dns.lookup = use_all_dns_ips
	client.id = consumer-Consumer-topic-906fcfe2_cee1_40f5_ab8c_e72f3f9e13f3-8
	client.rack = 
	connections.max.idle.ms = 10000
	default.api.timeout.ms = 60000
	enable.auto.commit = true
	enable.metrics.push = true
	exclude.internal.topics = true
	fetch.max.bytes = 52428800
	fetch.max.wait.ms = 500
	fetch.min.bytes = 1
	group.id = Consumer-topic-906fcfe2_cee1_40f5_ab8c_e72f3f9e13f3
	group.instance.id = null
	group.protocol = classic
	group.remote.assignor = null
	heartbeat.interval.ms = 3000
	interceptor.classes = []
	internal.leave.group.on.close = true
	internal.throw.on.fetch.stable.offset.unsupported = false
	isolation.level = read_uncommitted
	key.deserializer = class org.apache.kafka.common.serialization.StringDeserializer
	max.partition.fetch.bytes = 1048576
	max.poll.interval.ms = 300000
	max.poll.records = 500
	metadata.max.age.ms = 300000
	metadata.recovery.strategy = none
	metric.reporters = []
	metrics.num.samples = 2
	metrics.recording.level = INFO
	metrics.sample.window.ms = 30000
	partition.assignment.strategy = [class org.apache.kafka.clients.consumer.RangeAssignor, class org.apache.kafka.clients.consumer.CooperativeStickyAssignor]
	receive.buffer.bytes = 65536
	reconnect.backoff.max.ms = 1000
	reconnect.backoff.ms = 50
	request.timeout.ms = 5000
	retry.backoff.max.ms = 1000
	retry.backoff.ms = 100
	sasl.client.callback.handler.class = null
	sasl.jaas.config = null
	sasl.kerberos.kinit.cmd = /usr/bin/kinit
	sasl.kerberos.min.time.before.relogin = 60000
	sasl.kerberos.service.name = null
	sasl.kerberos.ticket.renew.jitter = 0.05
	sasl.kerberos.ticket.renew.window.factor = 0.8
	sasl.login.callback.handler.class = null
	sasl.login.class = null
	sasl.login.connect.timeout.ms = null
	sasl.login.read.timeout.ms = null
	sasl.login.refresh.buffer.seconds = 300
	sasl.login.refresh.min.period.seconds = 60
	sasl.login.refresh.window.factor = 0.8
	sasl.login.refresh.window.jitter = 0.05
	sasl.login.retry.backoff.max.ms = 10000
	sasl.login.retry.backoff.ms = 100
	sasl.mechanism = GSSAPI
	sasl.oauthbearer.clock.skew.seconds = 30
	sasl.oauthbearer.expected.audience = null
	sasl.oauthbearer.expected.issuer = null
	sasl.oauthbearer.header.urlencode = false
	sasl.oauthbearer.jwks.endpoint.refresh.ms = 3600000
	sasl.oauthbearer.jwks.endpoint.retry.backoff.max.ms = 10000
	sasl.oauthbearer.jwks.endpoint.retry.backoff.ms = 100
	sasl.oauthbearer.jwks.endpoint.url = null
	sasl.oauthbearer.scope.claim.name = scope
	sasl.oauthbearer.sub.claim.name = sub
	sasl.oauthbearer.token.endpoint.url = null
	security.protocol = PLAINTEXT
	security.providers = null
	send.buffer.bytes = 131072
	session.timeout.ms = 45000
	socket.connection.setup.timeout.max.ms = 30000
	socket.connection.setup.timeout.ms = 10000
	ssl.cipher.suites = null
	ssl.enabled.protocols = [TLSv1.2, TLSv1.3]
	ssl.endpoint.identification.algorithm = https
	ssl.engine.factory.class = null
	ssl.key.password = null
	ssl.keymanager.algorithm = SunX509
	ssl.keystore.certificate.chain = null
	ssl.keystore.key = null
	ssl.keystore.location = null
	ssl.keystore.password = null
	ssl.keystore.type = JKS
	ssl.protocol = TLSv1.3
	ssl.provider = null
	ssl.secure.random.implementation = null
	ssl.trustmanager.algorithm = PKIX
	ssl.truststore.certificates = null
	ssl.truststore.location = null
	ssl.truststore.password = null
	ssl.truststore.type = JKS
	value.deserializer = class io.apicurio.registry.serde.avro.AvroKafkaDeserializer

2025-08-07 20:28:19,238 INFO  [org.apa.kaf.com.tel.int.KafkaMetricsCollector] (main) initializing Kafka metrics collector
2025-08-07 20:28:19,243 INFO  [org.apa.kaf.cli.con.ConsumerConfig] (main) These configurations '[apicurio.registry.url]' were supplied but are not used yet.
2025-08-07 20:28:19,243 INFO  [org.apa.kaf.com.uti.AppInfoParser] (main) Kafka version: 3.9.1
2025-08-07 20:28:19,243 INFO  [org.apa.kaf.com.uti.AppInfoParser] (main) Kafka commitId: f745dfdcee2b9851
2025-08-07 20:28:19,243 INFO  [org.apa.kaf.com.uti.AppInfoParser] (main) Kafka startTimeMs: 1754598499243
2025-08-07 20:28:19,244 INFO  [org.apa.kaf.cli.con.int.ClassicKafkaConsumer] (Thread-654) [Consumer clientId=consumer-Consumer-topic-906fcfe2_cee1_40f5_ab8c_e72f3f9e13f3-8, groupId=Consumer-topic-906fcfe2_cee1_40f5_ab8c_e72f3f9e13f3] Subscribed to topic(s): topic-906fcfe2_cee1_40f5_ab8c_e72f3f9e13f3
2025-08-07 20:28:19,252 INFO  [org.apa.kaf.cli.Metadata] (Thread-654) [Consumer clientId=consumer-Consumer-topic-906fcfe2_cee1_40f5_ab8c_e72f3f9e13f3-8, groupId=Consumer-topic-906fcfe2_cee1_40f5_ab8c_e72f3f9e13f3] Cluster ID: g89mLo7yQq6pgEL9WhhAvA
2025-08-07 20:28:19,256 INFO  [org.apa.kaf.cli.con.int.ConsumerCoordinator] (Thread-654) [Consumer clientId=consumer-Consumer-topic-906fcfe2_cee1_40f5_ab8c_e72f3f9e13f3-8, groupId=Consumer-topic-906fcfe2_cee1_40f5_ab8c_e72f3f9e13f3] Discovered group coordinator localhost:32769 (id: 2147483647 rack: null)
2025-08-07 20:28:19,260 INFO  [org.apa.kaf.cli.con.int.ConsumerCoordinator] (Thread-654) [Consumer clientId=consumer-Consumer-topic-906fcfe2_cee1_40f5_ab8c_e72f3f9e13f3-8, groupId=Consumer-topic-906fcfe2_cee1_40f5_ab8c_e72f3f9e13f3] (Re-)joining group
2025-08-07 20:28:19,264 INFO  [org.apa.kaf.cli.con.int.ConsumerCoordinator] (Thread-654) [Consumer clientId=consumer-Consumer-topic-906fcfe2_cee1_40f5_ab8c_e72f3f9e13f3-8, groupId=Consumer-topic-906fcfe2_cee1_40f5_ab8c_e72f3f9e13f3] Request joining group due to: need to re-join with the given member-id: consumer-Consumer-topic-906fcfe2_cee1_40f5_ab8c_e72f3f9e13f3-8-b350b55b-08dc-430d-84c5-a4a9a851fda4
2025-08-07 20:28:19,264 INFO  [org.apa.kaf.cli.con.int.ConsumerCoordinator] (Thread-654) [Consumer clientId=consumer-Consumer-topic-906fcfe2_cee1_40f5_ab8c_e72f3f9e13f3-8, groupId=Consumer-topic-906fcfe2_cee1_40f5_ab8c_e72f3f9e13f3] (Re-)joining group
2025-08-07 20:28:20,244 INFO  [io.api.tes.ser.api.KafkaSerdesTester] (Thread-654) None found
2025-08-07 20:28:21,244 INFO  [io.api.tes.ser.api.KafkaSerdesTester] (Thread-654) None found
2025-08-07 20:28:22,245 INFO  [io.api.tes.ser.api.KafkaSerdesTester] (Thread-654) None found
2025-08-07 20:28:22,266 INFO  [org.apa.kaf.cli.con.int.ConsumerCoordinator] (Thread-654) [Consumer clientId=consumer-Consumer-topic-906fcfe2_cee1_40f5_ab8c_e72f3f9e13f3-8, groupId=Consumer-topic-906fcfe2_cee1_40f5_ab8c_e72f3f9e13f3] Successfully joined group with generation Generation{generationId=1, memberId='consumer-Consumer-topic-906fcfe2_cee1_40f5_ab8c_e72f3f9e13f3-8-b350b55b-08dc-430d-84c5-a4a9a851fda4', protocol='range'}
2025-08-07 20:28:22,266 INFO  [org.apa.kaf.cli.con.int.ConsumerCoordinator] (Thread-654) [Consumer clientId=consumer-Consumer-topic-906fcfe2_cee1_40f5_ab8c_e72f3f9e13f3-8, groupId=Consumer-topic-906fcfe2_cee1_40f5_ab8c_e72f3f9e13f3] Finished assignment for group at generation 1: {consumer-Consumer-topic-906fcfe2_cee1_40f5_ab8c_e72f3f9e13f3-8-b350b55b-08dc-430d-84c5-a4a9a851fda4=Assignment(partitions=[topic-906fcfe2_cee1_40f5_ab8c_e72f3f9e13f3-0])}
2025-08-07 20:28:22,273 INFO  [org.apa.kaf.cli.con.int.ConsumerCoordinator] (Thread-654) [Consumer clientId=consumer-Consumer-topic-906fcfe2_cee1_40f5_ab8c_e72f3f9e13f3-8, groupId=Consumer-topic-906fcfe2_cee1_40f5_ab8c_e72f3f9e13f3] Successfully synced group in generation Generation{generationId=1, memberId='consumer-Consumer-topic-906fcfe2_cee1_40f5_ab8c_e72f3f9e13f3-8-b350b55b-08dc-430d-84c5-a4a9a851fda4', protocol='range'}
2025-08-07 20:28:22,273 INFO  [org.apa.kaf.cli.con.int.ConsumerCoordinator] (Thread-654) [Consumer clientId=consumer-Consumer-topic-906fcfe2_cee1_40f5_ab8c_e72f3f9e13f3-8, groupId=Consumer-topic-906fcfe2_cee1_40f5_ab8c_e72f3f9e13f3] Notifying assignor about the new Assignment(partitions=[topic-906fcfe2_cee1_40f5_ab8c_e72f3f9e13f3-0])
2025-08-07 20:28:22,273 INFO  [org.apa.kaf.cli.con.int.ConsumerRebalanceListenerInvoker] (Thread-654) [Consumer clientId=consumer-Consumer-topic-906fcfe2_cee1_40f5_ab8c_e72f3f9e13f3-8, groupId=Consumer-topic-906fcfe2_cee1_40f5_ab8c_e72f3f9e13f3] Adding newly assigned partitions: topic-906fcfe2_cee1_40f5_ab8c_e72f3f9e13f3-0
2025-08-07 20:28:22,274 INFO  [org.apa.kaf.cli.con.int.ConsumerCoordinator] (Thread-654) [Consumer clientId=consumer-Consumer-topic-906fcfe2_cee1_40f5_ab8c_e72f3f9e13f3-8, groupId=Consumer-topic-906fcfe2_cee1_40f5_ab8c_e72f3f9e13f3] Found no committed offset for partition topic-906fcfe2_cee1_40f5_ab8c_e72f3f9e13f3-0
2025-08-07 20:28:22,276 INFO  [org.apa.kaf.cli.con.int.SubscriptionState] (Thread-654) [Consumer clientId=consumer-Consumer-topic-906fcfe2_cee1_40f5_ab8c_e72f3f9e13f3-8, groupId=Consumer-topic-906fcfe2_cee1_40f5_ab8c_e72f3f9e13f3] Resetting offset for partition topic-906fcfe2_cee1_40f5_ab8c_e72f3f9e13f3-0 to position FetchPosition{offset=0, offsetEpoch=Optional.empty, currentLeader=LeaderAndEpoch{leader=Optional[localhost:32769 (id: 0 rack: null)], epoch=0}}.
2025-08-07 20:28:22,788 INFO  [io.api.tes.ser.api.KafkaSerdesTester] (Thread-654) topic-906fcfe2_cee1_40f5_ab8c_e72f3f9e13f3 0 0 {"id": "record-0"}
2025-08-07 20:28:22,788 INFO  [io.api.tes.ser.api.KafkaSerdesTester] (Thread-654) topic-906fcfe2_cee1_40f5_ab8c_e72f3f9e13f3 0 1 {"value": 1}
2025-08-07 20:28:22,788 INFO  [io.api.tes.ser.api.KafkaSerdesTester] (Thread-654) topic-906fcfe2_cee1_40f5_ab8c_e72f3f9e13f3 0 2 {"active": true}
2025-08-07 20:28:22,788 INFO  [io.api.tes.ser.api.KafkaSerdesTester] (Thread-654) topic-906fcfe2_cee1_40f5_ab8c_e72f3f9e13f3 0 3 {"id": "record-3"}
2025-08-07 20:28:22,788 INFO  [io.api.tes.ser.api.KafkaSerdesTester] (Thread-654) topic-906fcfe2_cee1_40f5_ab8c_e72f3f9e13f3 0 4 {"value": 4}
2025-08-07 20:28:22,788 INFO  [io.api.tes.ser.api.KafkaSerdesTester] (Thread-654) topic-906fcfe2_cee1_40f5_ab8c_e72f3f9e13f3 0 5 {"active": false}
2025-08-07 20:28:22,788 INFO  [io.api.tes.ser.api.KafkaSerdesTester] (Thread-654) topic-906fcfe2_cee1_40f5_ab8c_e72f3f9e13f3 0 6 {"id": "record-6"}
2025-08-07 20:28:22,788 INFO  [io.api.tes.ser.api.KafkaSerdesTester] (Thread-654) topic-906fcfe2_cee1_40f5_ab8c_e72f3f9e13f3 0 7 {"value": 7}
2025-08-07 20:28:22,788 INFO  [io.api.tes.ser.api.KafkaSerdesTester] (Thread-654) topic-906fcfe2_cee1_40f5_ab8c_e72f3f9e13f3 0 8 {"active": true}
2025-08-07 20:28:22,788 INFO  [io.api.tes.ser.api.KafkaSerdesTester] (Thread-654) topic-906fcfe2_cee1_40f5_ab8c_e72f3f9e13f3 0 9 {"id": "record-9"}
2025-08-07 20:28:22,788 INFO  [io.api.tes.ser.api.KafkaSerdesTester] (Thread-654) Consumed 10 messages
2025-08-07 20:28:22,796 INFO  [org.apa.kaf.cli.con.int.ConsumerRebalanceListenerInvoker] (Thread-654) [Consumer clientId=consumer-Consumer-topic-906fcfe2_cee1_40f5_ab8c_e72f3f9e13f3-8, groupId=Consumer-topic-906fcfe2_cee1_40f5_ab8c_e72f3f9e13f3] Revoke previously assigned partitions topic-906fcfe2_cee1_40f5_ab8c_e72f3f9e13f3-0
2025-08-07 20:28:22,796 INFO  [org.apa.kaf.cli.con.int.ConsumerCoordinator] (Thread-654) [Consumer clientId=consumer-Consumer-topic-906fcfe2_cee1_40f5_ab8c_e72f3f9e13f3-8, groupId=Consumer-topic-906fcfe2_cee1_40f5_ab8c_e72f3f9e13f3] Member consumer-Consumer-topic-906fcfe2_cee1_40f5_ab8c_e72f3f9e13f3-8-b350b55b-08dc-430d-84c5-a4a9a851fda4 sending LeaveGroup request to coordinator localhost:32769 (id: 2147483647 rack: null) due to the consumer is being closed
2025-08-07 20:28:22,796 INFO  [org.apa.kaf.cli.con.int.ConsumerCoordinator] (Thread-654) [Consumer clientId=consumer-Consumer-topic-906fcfe2_cee1_40f5_ab8c_e72f3f9e13f3-8, groupId=Consumer-topic-906fcfe2_cee1_40f5_ab8c_e72f3f9e13f3] Resetting generation and member id due to: consumer pro-actively leaving the group
2025-08-07 20:28:22,797 INFO  [org.apa.kaf.cli.con.int.ConsumerCoordinator] (Thread-654) [Consumer clientId=consumer-Consumer-topic-906fcfe2_cee1_40f5_ab8c_e72f3f9e13f3-8, groupId=Consumer-topic-906fcfe2_cee1_40f5_ab8c_e72f3f9e13f3] Request joining group due to: consumer pro-actively leaving the group
2025-08-07 20:28:23,291 INFO  [org.apa.kaf.com.met.Metrics] (Thread-654) Metrics scheduler closed
2025-08-07 20:28:23,291 INFO  [org.apa.kaf.com.met.Metrics] (Thread-654) Closing reporter org.apache.kafka.common.metrics.JmxReporter
2025-08-07 20:28:23,292 INFO  [org.apa.kaf.com.met.Metrics] (Thread-654) Closing reporter org.apache.kafka.common.telemetry.internals.ClientTelemetryReporter
2025-08-07 20:28:23,292 INFO  [org.apa.kaf.com.met.Metrics] (Thread-654) Metrics reporters closed
2025-08-07 20:28:23,295 INFO  [org.apa.kaf.com.uti.AppInfoParser] (Thread-654) App info kafka.consumer for consumer-Consumer-topic-906fcfe2_cee1_40f5_ab8c_e72f3f9e13f3-8 unregistered
2025-08-07 20:28:23,296 INFO  [io.api.tes.uti.TestSeparator] (main) io.apicurio.tests.serdes.apicurio.AvroSerdeIT.testAvroUnionWithSpecificReader-FINISHED
2025-08-07 20:28:23,296 INFO  [io.api.tes.uti.TestSeparator] (main) ############################################################################
Test passed: testAvroUnionWithSpecificReader
]]></system-out>
  </testcase>
  <testcase name="testEvolveAvroApicurioReusingClient" classname="io.apicurio.tests.serdes.apicurio.AvroSerdeIT" time="7.546">
    <system-out><![CDATA[2025-08-07 20:28:23,297 INFO  [io.api.tes.uti.TestSeparator] (main) ############################################################################
2025-08-07 20:28:23,297 INFO  [io.api.tes.uti.TestSeparator] (main) io.apicurio.tests.serdes.apicurio.AvroSerdeIT.testEvolveAvroApicurioReusingClient-STARTED
2025-08-07 20:28:23,303 INFO  [io.api.tes.ser.api.AvroSerdeIT] (main) Registering Avro Schema: {"type":"record","name":"s7069628cx03d7x46ccxa79cxac9fd79635fa","namespace":"ns_e67f3e3c_17e4_452d_8b24_4893c068556c","fields":[{"name":"key11754598503301","type":"string"}]}
**** Registry Base URL: http://registry-app-pg17.apps.ci419.apicurio-testing.org:80
2025-08-07 20:28:24,412 INFO  [org.apa.kaf.cli.pro.ProducerConfig] (main) ProducerConfig values: 
	acks = -1
	auto.include.jmx.reporter = true
	batch.size = 16384
	bootstrap.servers = [PLAINTEXT://localhost:32769]
	buffer.memory = 33554432
	client.dns.lookup = use_all_dns_ips
	client.id = Producer-topic-0fc24a71_a59b_4a0a_b469_2f17ef4d991b
	compression.gzip.level = -1
	compression.lz4.level = 9
	compression.type = none
	compression.zstd.level = 3
	connections.max.idle.ms = 10000
	delivery.timeout.ms = 120000
	enable.idempotence = true
	enable.metrics.push = true
	interceptor.classes = []
	key.serializer = class org.apache.kafka.common.serialization.StringSerializer
	linger.ms = 0
	max.block.ms = 60000
	max.in.flight.requests.per.connection = 5
	max.request.size = 1048576
	metadata.max.age.ms = 300000
	metadata.max.idle.ms = 300000
	metadata.recovery.strategy = none
	metric.reporters = []
	metrics.num.samples = 2
	metrics.recording.level = INFO
	metrics.sample.window.ms = 30000
	partitioner.adaptive.partitioning.enable = true
	partitioner.availability.timeout.ms = 0
	partitioner.class = null
	partitioner.ignore.keys = false
	receive.buffer.bytes = 32768
	reconnect.backoff.max.ms = 1000
	reconnect.backoff.ms = 50
	request.timeout.ms = 5000
	retries = 2147483647
	retry.backoff.max.ms = 1000
	retry.backoff.ms = 100
	sasl.client.callback.handler.class = null
	sasl.jaas.config = null
	sasl.kerberos.kinit.cmd = /usr/bin/kinit
	sasl.kerberos.min.time.before.relogin = 60000
	sasl.kerberos.service.name = null
	sasl.kerberos.ticket.renew.jitter = 0.05
	sasl.kerberos.ticket.renew.window.factor = 0.8
	sasl.login.callback.handler.class = null
	sasl.login.class = null
	sasl.login.connect.timeout.ms = null
	sasl.login.read.timeout.ms = null
	sasl.login.refresh.buffer.seconds = 300
	sasl.login.refresh.min.period.seconds = 60
	sasl.login.refresh.window.factor = 0.8
	sasl.login.refresh.window.jitter = 0.05
	sasl.login.retry.backoff.max.ms = 10000
	sasl.login.retry.backoff.ms = 100
	sasl.mechanism = GSSAPI
	sasl.oauthbearer.clock.skew.seconds = 30
	sasl.oauthbearer.expected.audience = null
	sasl.oauthbearer.expected.issuer = null
	sasl.oauthbearer.header.urlencode = false
	sasl.oauthbearer.jwks.endpoint.refresh.ms = 3600000
	sasl.oauthbearer.jwks.endpoint.retry.backoff.max.ms = 10000
	sasl.oauthbearer.jwks.endpoint.retry.backoff.ms = 100
	sasl.oauthbearer.jwks.endpoint.url = null
	sasl.oauthbearer.scope.claim.name = scope
	sasl.oauthbearer.sub.claim.name = sub
	sasl.oauthbearer.token.endpoint.url = null
	security.protocol = PLAINTEXT
	security.providers = null
	send.buffer.bytes = 131072
	socket.connection.setup.timeout.max.ms = 30000
	socket.connection.setup.timeout.ms = 10000
	ssl.cipher.suites = null
	ssl.enabled.protocols = [TLSv1.2, TLSv1.3]
	ssl.endpoint.identification.algorithm = https
	ssl.engine.factory.class = null
	ssl.key.password = null
	ssl.keymanager.algorithm = SunX509
	ssl.keystore.certificate.chain = null
	ssl.keystore.key = null
	ssl.keystore.location = null
	ssl.keystore.password = null
	ssl.keystore.type = JKS
	ssl.protocol = TLSv1.3
	ssl.provider = null
	ssl.secure.random.implementation = null
	ssl.trustmanager.algorithm = PKIX
	ssl.truststore.certificates = null
	ssl.truststore.location = null
	ssl.truststore.password = null
	ssl.truststore.type = JKS
	transaction.timeout.ms = 60000
	transactional.id = null
	value.serializer = class io.apicurio.registry.serde.avro.AvroKafkaSerializer

2025-08-07 20:28:24,413 INFO  [org.apa.kaf.com.tel.int.KafkaMetricsCollector] (main) initializing Kafka metrics collector
2025-08-07 20:28:24,415 INFO  [org.apa.kaf.cli.pro.KafkaProducer] (main) [Producer clientId=Producer-topic-0fc24a71_a59b_4a0a_b469_2f17ef4d991b] Instantiated an idempotent producer.
2025-08-07 20:28:24,417 INFO  [org.apa.kaf.cli.pro.ProducerConfig] (main) These configurations '[apicurio.registry.url, apicurio.registry.artifact-resolver-strategy]' were supplied but are not used yet.
2025-08-07 20:28:24,417 INFO  [org.apa.kaf.com.uti.AppInfoParser] (main) Kafka version: 3.9.1
2025-08-07 20:28:24,417 INFO  [org.apa.kaf.com.uti.AppInfoParser] (main) Kafka commitId: f745dfdcee2b9851
2025-08-07 20:28:24,417 INFO  [org.apa.kaf.com.uti.AppInfoParser] (main) Kafka startTimeMs: 1754598504417
**** Registry Base URL: http://registry-app-pg17.apps.ci419.apicurio-testing.org:80
2025-08-07 20:28:24,418 INFO  [org.apa.kaf.cli.con.ConsumerConfig] (main) ConsumerConfig values: 
	allow.auto.create.topics = true
	auto.commit.interval.ms = 500
	auto.include.jmx.reporter = true
	auto.offset.reset = earliest
	bootstrap.servers = [PLAINTEXT://localhost:32769]
	check.crcs = true
	client.dns.lookup = use_all_dns_ips
	client.id = consumer-Consumer-topic-0fc24a71_a59b_4a0a_b469_2f17ef4d991b-9
	client.rack = 
	connections.max.idle.ms = 10000
	default.api.timeout.ms = 60000
	enable.auto.commit = true
	enable.metrics.push = true
	exclude.internal.topics = true
	fetch.max.bytes = 52428800
	fetch.max.wait.ms = 500
	fetch.min.bytes = 1
	group.id = Consumer-topic-0fc24a71_a59b_4a0a_b469_2f17ef4d991b
	group.instance.id = null
	group.protocol = classic
	group.remote.assignor = null
	heartbeat.interval.ms = 3000
	interceptor.classes = []
	internal.leave.group.on.close = true
	internal.throw.on.fetch.stable.offset.unsupported = false
	isolation.level = read_uncommitted
	key.deserializer = class org.apache.kafka.common.serialization.StringDeserializer
	max.partition.fetch.bytes = 1048576
	max.poll.interval.ms = 300000
	max.poll.records = 500
	metadata.max.age.ms = 300000
	metadata.recovery.strategy = none
	metric.reporters = []
	metrics.num.samples = 2
	metrics.recording.level = INFO
	metrics.sample.window.ms = 30000
	partition.assignment.strategy = [class org.apache.kafka.clients.consumer.RangeAssignor, class org.apache.kafka.clients.consumer.CooperativeStickyAssignor]
	receive.buffer.bytes = 65536
	reconnect.backoff.max.ms = 1000
	reconnect.backoff.ms = 50
	request.timeout.ms = 5000
	retry.backoff.max.ms = 1000
	retry.backoff.ms = 100
	sasl.client.callback.handler.class = null
	sasl.jaas.config = null
	sasl.kerberos.kinit.cmd = /usr/bin/kinit
	sasl.kerberos.min.time.before.relogin = 60000
	sasl.kerberos.service.name = null
	sasl.kerberos.ticket.renew.jitter = 0.05
	sasl.kerberos.ticket.renew.window.factor = 0.8
	sasl.login.callback.handler.class = null
	sasl.login.class = null
	sasl.login.connect.timeout.ms = null
	sasl.login.read.timeout.ms = null
	sasl.login.refresh.buffer.seconds = 300
	sasl.login.refresh.min.period.seconds = 60
	sasl.login.refresh.window.factor = 0.8
	sasl.login.refresh.window.jitter = 0.05
	sasl.login.retry.backoff.max.ms = 10000
	sasl.login.retry.backoff.ms = 100
	sasl.mechanism = GSSAPI
	sasl.oauthbearer.clock.skew.seconds = 30
	sasl.oauthbearer.expected.audience = null
	sasl.oauthbearer.expected.issuer = null
	sasl.oauthbearer.header.urlencode = false
	sasl.oauthbearer.jwks.endpoint.refresh.ms = 3600000
	sasl.oauthbearer.jwks.endpoint.retry.backoff.max.ms = 10000
	sasl.oauthbearer.jwks.endpoint.retry.backoff.ms = 100
	sasl.oauthbearer.jwks.endpoint.url = null
	sasl.oauthbearer.scope.claim.name = scope
	sasl.oauthbearer.sub.claim.name = sub
	sasl.oauthbearer.token.endpoint.url = null
	security.protocol = PLAINTEXT
	security.providers = null
	send.buffer.bytes = 131072
	session.timeout.ms = 45000
	socket.connection.setup.timeout.max.ms = 30000
	socket.connection.setup.timeout.ms = 10000
	ssl.cipher.suites = null
	ssl.enabled.protocols = [TLSv1.2, TLSv1.3]
	ssl.endpoint.identification.algorithm = https
	ssl.engine.factory.class = null
	ssl.key.password = null
	ssl.keymanager.algorithm = SunX509
	ssl.keystore.certificate.chain = null
	ssl.keystore.key = null
	ssl.keystore.location = null
	ssl.keystore.password = null
	ssl.keystore.type = JKS
	ssl.protocol = TLSv1.3
	ssl.provider = null
	ssl.secure.random.implementation = null
	ssl.trustmanager.algorithm = PKIX
	ssl.truststore.certificates = null
	ssl.truststore.location = null
	ssl.truststore.password = null
	ssl.truststore.type = JKS
	value.deserializer = class io.apicurio.registry.serde.avro.AvroKafkaDeserializer

2025-08-07 20:28:24,418 INFO  [org.apa.kaf.com.tel.int.KafkaMetricsCollector] (main) initializing Kafka metrics collector
2025-08-07 20:28:24,423 INFO  [org.apa.kaf.cli.con.ConsumerConfig] (main) These configurations '[apicurio.registry.url]' were supplied but are not used yet.
2025-08-07 20:28:24,423 INFO  [org.apa.kaf.com.uti.AppInfoParser] (main) Kafka version: 3.9.1
2025-08-07 20:28:24,423 INFO  [org.apa.kaf.com.uti.AppInfoParser] (main) Kafka commitId: f745dfdcee2b9851
2025-08-07 20:28:24,423 INFO  [org.apa.kaf.com.uti.AppInfoParser] (main) Kafka startTimeMs: 1754598504423
2025-08-07 20:28:24,425 INFO  [org.apa.kaf.cli.Metadata] (kafka-producer-network-thread | Producer-topic-0fc24a71_a59b_4a0a_b469_2f17ef4d991b) [Producer clientId=Producer-topic-0fc24a71_a59b_4a0a_b469_2f17ef4d991b] Cluster ID: g89mLo7yQq6pgEL9WhhAvA
2025-08-07 20:28:24,425 INFO  [org.apa.kaf.cli.pro.int.TransactionManager] (kafka-producer-network-thread | Producer-topic-0fc24a71_a59b_4a0a_b469_2f17ef4d991b) [Producer clientId=Producer-topic-0fc24a71_a59b_4a0a_b469_2f17ef4d991b] ProducerId set to 11 with epoch 0
2025-08-07 20:28:24,425 INFO  [io.api.tes.ser.api.KafkaSerdesTester] (Thread-659) Sending message {"key11754598503301": "value-0"} to topic topic-0fc24a71_a59b_4a0a_b469_2f17ef4d991b
2025-08-07 20:28:24,431 INFO  [DefaultSchemaResolver] (Thread-659) Retrieving schema content using string: {"type":"record","name":"s7069628cx03d7x46ccxa79cxac9fd79635fa","namespace":"ns_e67f3e3c_17e4_452d_8b24_4893c068556c","fields":[{"name":"key11754598503301","type":"string"}]}
2025-08-07 20:28:24,536 INFO  [io.api.tes.ser.api.KafkaSerdesTester] (Thread-659) Sending message {"key11754598503301": "value-1"} to topic topic-0fc24a71_a59b_4a0a_b469_2f17ef4d991b
2025-08-07 20:28:24,538 INFO  [io.api.tes.ser.api.KafkaSerdesTester] (Thread-659) Sending message {"key11754598503301": "value-2"} to topic topic-0fc24a71_a59b_4a0a_b469_2f17ef4d991b
2025-08-07 20:28:24,540 INFO  [io.api.tes.ser.api.KafkaSerdesTester] (Thread-659) Sending message {"key11754598503301": "value-3"} to topic topic-0fc24a71_a59b_4a0a_b469_2f17ef4d991b
2025-08-07 20:28:24,542 INFO  [io.api.tes.ser.api.KafkaSerdesTester] (Thread-659) Sending message {"key11754598503301": "value-4"} to topic topic-0fc24a71_a59b_4a0a_b469_2f17ef4d991b
2025-08-07 20:28:24,544 INFO  [io.api.tes.ser.api.KafkaSerdesTester] (Thread-659) Sending message {"key11754598503301": "value-5"} to topic topic-0fc24a71_a59b_4a0a_b469_2f17ef4d991b
2025-08-07 20:28:24,546 INFO  [io.api.tes.ser.api.KafkaSerdesTester] (Thread-659) Sending message {"key11754598503301": "value-6"} to topic topic-0fc24a71_a59b_4a0a_b469_2f17ef4d991b
2025-08-07 20:28:24,548 INFO  [io.api.tes.ser.api.KafkaSerdesTester] (Thread-659) Sending message {"key11754598503301": "value-7"} to topic topic-0fc24a71_a59b_4a0a_b469_2f17ef4d991b
2025-08-07 20:28:24,549 INFO  [io.api.tes.ser.api.KafkaSerdesTester] (Thread-659) Sending message {"key11754598503301": "value-8"} to topic topic-0fc24a71_a59b_4a0a_b469_2f17ef4d991b
2025-08-07 20:28:24,550 INFO  [io.api.tes.ser.api.KafkaSerdesTester] (Thread-659) Sending message {"key11754598503301": "value-9"} to topic topic-0fc24a71_a59b_4a0a_b469_2f17ef4d991b
2025-08-07 20:28:24,552 INFO  [io.api.tes.ser.api.KafkaSerdesTester] (Thread-659) Produced 10 messages
2025-08-07 20:28:24,553 INFO  [org.apa.kaf.cli.con.int.ClassicKafkaConsumer] (Thread-660) [Consumer clientId=consumer-Consumer-topic-0fc24a71_a59b_4a0a_b469_2f17ef4d991b-9, groupId=Consumer-topic-0fc24a71_a59b_4a0a_b469_2f17ef4d991b] Subscribed to topic(s): topic-0fc24a71_a59b_4a0a_b469_2f17ef4d991b
2025-08-07 20:28:24,558 INFO  [org.apa.kaf.cli.Metadata] (Thread-660) [Consumer clientId=consumer-Consumer-topic-0fc24a71_a59b_4a0a_b469_2f17ef4d991b-9, groupId=Consumer-topic-0fc24a71_a59b_4a0a_b469_2f17ef4d991b] Cluster ID: g89mLo7yQq6pgEL9WhhAvA
2025-08-07 20:28:24,558 INFO  [org.apa.kaf.cli.con.int.ConsumerCoordinator] (Thread-660) [Consumer clientId=consumer-Consumer-topic-0fc24a71_a59b_4a0a_b469_2f17ef4d991b-9, groupId=Consumer-topic-0fc24a71_a59b_4a0a_b469_2f17ef4d991b] Discovered group coordinator localhost:32769 (id: 2147483647 rack: null)
2025-08-07 20:28:24,559 INFO  [org.apa.kaf.cli.con.int.ConsumerCoordinator] (Thread-660) [Consumer clientId=consumer-Consumer-topic-0fc24a71_a59b_4a0a_b469_2f17ef4d991b-9, groupId=Consumer-topic-0fc24a71_a59b_4a0a_b469_2f17ef4d991b] (Re-)joining group
2025-08-07 20:28:24,564 INFO  [org.apa.kaf.cli.con.int.ConsumerCoordinator] (Thread-660) [Consumer clientId=consumer-Consumer-topic-0fc24a71_a59b_4a0a_b469_2f17ef4d991b-9, groupId=Consumer-topic-0fc24a71_a59b_4a0a_b469_2f17ef4d991b] Request joining group due to: need to re-join with the given member-id: consumer-Consumer-topic-0fc24a71_a59b_4a0a_b469_2f17ef4d991b-9-c89aa37b-c446-4399-896e-9bd60dfc1817
2025-08-07 20:28:24,564 INFO  [org.apa.kaf.cli.con.int.ConsumerCoordinator] (Thread-660) [Consumer clientId=consumer-Consumer-topic-0fc24a71_a59b_4a0a_b469_2f17ef4d991b-9, groupId=Consumer-topic-0fc24a71_a59b_4a0a_b469_2f17ef4d991b] (Re-)joining group
2025-08-07 20:28:25,553 INFO  [io.api.tes.ser.api.KafkaSerdesTester] (Thread-660) None found
2025-08-07 20:28:26,553 INFO  [io.api.tes.ser.api.KafkaSerdesTester] (Thread-660) None found
2025-08-07 20:28:27,554 INFO  [io.api.tes.ser.api.KafkaSerdesTester] (Thread-660) None found
2025-08-07 20:28:27,565 INFO  [org.apa.kaf.cli.con.int.ConsumerCoordinator] (Thread-660) [Consumer clientId=consumer-Consumer-topic-0fc24a71_a59b_4a0a_b469_2f17ef4d991b-9, groupId=Consumer-topic-0fc24a71_a59b_4a0a_b469_2f17ef4d991b] Successfully joined group with generation Generation{generationId=1, memberId='consumer-Consumer-topic-0fc24a71_a59b_4a0a_b469_2f17ef4d991b-9-c89aa37b-c446-4399-896e-9bd60dfc1817', protocol='range'}
2025-08-07 20:28:27,565 INFO  [org.apa.kaf.cli.con.int.ConsumerCoordinator] (Thread-660) [Consumer clientId=consumer-Consumer-topic-0fc24a71_a59b_4a0a_b469_2f17ef4d991b-9, groupId=Consumer-topic-0fc24a71_a59b_4a0a_b469_2f17ef4d991b] Finished assignment for group at generation 1: {consumer-Consumer-topic-0fc24a71_a59b_4a0a_b469_2f17ef4d991b-9-c89aa37b-c446-4399-896e-9bd60dfc1817=Assignment(partitions=[topic-0fc24a71_a59b_4a0a_b469_2f17ef4d991b-0])}
2025-08-07 20:28:27,572 INFO  [org.apa.kaf.cli.con.int.ConsumerCoordinator] (Thread-660) [Consumer clientId=consumer-Consumer-topic-0fc24a71_a59b_4a0a_b469_2f17ef4d991b-9, groupId=Consumer-topic-0fc24a71_a59b_4a0a_b469_2f17ef4d991b] Successfully synced group in generation Generation{generationId=1, memberId='consumer-Consumer-topic-0fc24a71_a59b_4a0a_b469_2f17ef4d991b-9-c89aa37b-c446-4399-896e-9bd60dfc1817', protocol='range'}
2025-08-07 20:28:27,572 INFO  [org.apa.kaf.cli.con.int.ConsumerCoordinator] (Thread-660) [Consumer clientId=consumer-Consumer-topic-0fc24a71_a59b_4a0a_b469_2f17ef4d991b-9, groupId=Consumer-topic-0fc24a71_a59b_4a0a_b469_2f17ef4d991b] Notifying assignor about the new Assignment(partitions=[topic-0fc24a71_a59b_4a0a_b469_2f17ef4d991b-0])
2025-08-07 20:28:27,572 INFO  [org.apa.kaf.cli.con.int.ConsumerRebalanceListenerInvoker] (Thread-660) [Consumer clientId=consumer-Consumer-topic-0fc24a71_a59b_4a0a_b469_2f17ef4d991b-9, groupId=Consumer-topic-0fc24a71_a59b_4a0a_b469_2f17ef4d991b] Adding newly assigned partitions: topic-0fc24a71_a59b_4a0a_b469_2f17ef4d991b-0
2025-08-07 20:28:27,574 INFO  [org.apa.kaf.cli.con.int.ConsumerCoordinator] (Thread-660) [Consumer clientId=consumer-Consumer-topic-0fc24a71_a59b_4a0a_b469_2f17ef4d991b-9, groupId=Consumer-topic-0fc24a71_a59b_4a0a_b469_2f17ef4d991b] Found no committed offset for partition topic-0fc24a71_a59b_4a0a_b469_2f17ef4d991b-0
2025-08-07 20:28:27,578 INFO  [org.apa.kaf.cli.con.int.SubscriptionState] (Thread-660) [Consumer clientId=consumer-Consumer-topic-0fc24a71_a59b_4a0a_b469_2f17ef4d991b-9, groupId=Consumer-topic-0fc24a71_a59b_4a0a_b469_2f17ef4d991b] Resetting offset for partition topic-0fc24a71_a59b_4a0a_b469_2f17ef4d991b-0 to position FetchPosition{offset=0, offsetEpoch=Optional.empty, currentLeader=LeaderAndEpoch{leader=Optional[localhost:32769 (id: 0 rack: null)], epoch=0}}.
2025-08-07 20:28:27,699 INFO  [io.api.tes.ser.api.KafkaSerdesTester] (Thread-660) topic-0fc24a71_a59b_4a0a_b469_2f17ef4d991b 0 0 {"key11754598503301": "value-0"}
2025-08-07 20:28:27,700 INFO  [io.api.tes.ser.api.KafkaSerdesTester] (Thread-660) topic-0fc24a71_a59b_4a0a_b469_2f17ef4d991b 0 1 {"key11754598503301": "value-1"}
2025-08-07 20:28:27,700 INFO  [io.api.tes.ser.api.KafkaSerdesTester] (Thread-660) topic-0fc24a71_a59b_4a0a_b469_2f17ef4d991b 0 2 {"key11754598503301": "value-2"}
2025-08-07 20:28:27,700 INFO  [io.api.tes.ser.api.KafkaSerdesTester] (Thread-660) topic-0fc24a71_a59b_4a0a_b469_2f17ef4d991b 0 3 {"key11754598503301": "value-3"}
2025-08-07 20:28:27,700 INFO  [io.api.tes.ser.api.KafkaSerdesTester] (Thread-660) topic-0fc24a71_a59b_4a0a_b469_2f17ef4d991b 0 4 {"key11754598503301": "value-4"}
2025-08-07 20:28:27,700 INFO  [io.api.tes.ser.api.KafkaSerdesTester] (Thread-660) topic-0fc24a71_a59b_4a0a_b469_2f17ef4d991b 0 5 {"key11754598503301": "value-5"}
2025-08-07 20:28:27,700 INFO  [io.api.tes.ser.api.KafkaSerdesTester] (Thread-660) topic-0fc24a71_a59b_4a0a_b469_2f17ef4d991b 0 6 {"key11754598503301": "value-6"}
2025-08-07 20:28:27,700 INFO  [io.api.tes.ser.api.KafkaSerdesTester] (Thread-660) topic-0fc24a71_a59b_4a0a_b469_2f17ef4d991b 0 7 {"key11754598503301": "value-7"}
2025-08-07 20:28:27,700 INFO  [io.api.tes.ser.api.KafkaSerdesTester] (Thread-660) topic-0fc24a71_a59b_4a0a_b469_2f17ef4d991b 0 8 {"key11754598503301": "value-8"}
2025-08-07 20:28:27,700 INFO  [io.api.tes.ser.api.KafkaSerdesTester] (Thread-660) topic-0fc24a71_a59b_4a0a_b469_2f17ef4d991b 0 9 {"key11754598503301": "value-9"}
2025-08-07 20:28:27,700 INFO  [io.api.tes.ser.api.KafkaSerdesTester] (Thread-660) Consumed 10 messages
2025-08-07 20:28:27,701 INFO  [io.api.tes.ser.api.AvroSerdeIT] (main) Registering Avro Schema 2: {"type":"record","name":"s7069628cx03d7x46ccxa79cxac9fd79635fa","namespace":"ns_e67f3e3c_17e4_452d_8b24_4893c068556c","fields":[{"name":"key11754598503301","type":"string"},{"name":"key21754598507701","type":"string"}]}
2025-08-07 20:28:28,821 INFO  [io.api.tes.ser.api.KafkaSerdesTester] (Thread-661) Sending message {"key11754598503301": "value-0", "key21754598507701": "value-0"} to topic topic-0fc24a71_a59b_4a0a_b469_2f17ef4d991b
2025-08-07 20:28:28,822 INFO  [DefaultSchemaResolver] (Thread-661) Retrieving schema content using string: {"type":"record","name":"s7069628cx03d7x46ccxa79cxac9fd79635fa","namespace":"ns_e67f3e3c_17e4_452d_8b24_4893c068556c","fields":[{"name":"key11754598503301","type":"string"},{"name":"key21754598507701","type":"string"}]}
2025-08-07 20:28:28,879 INFO  [io.api.tes.ser.api.KafkaSerdesTester] (Thread-661) Sending message {"key11754598503301": "value-1", "key21754598507701": "value-1"} to topic topic-0fc24a71_a59b_4a0a_b469_2f17ef4d991b
2025-08-07 20:28:28,885 INFO  [io.api.tes.ser.api.KafkaSerdesTester] (Thread-661) Sending message {"key11754598503301": "value-2", "key21754598507701": "value-2"} to topic topic-0fc24a71_a59b_4a0a_b469_2f17ef4d991b
2025-08-07 20:28:28,887 INFO  [io.api.tes.ser.api.KafkaSerdesTester] (Thread-661) Sending message {"key11754598503301": "value-3", "key21754598507701": "value-3"} to topic topic-0fc24a71_a59b_4a0a_b469_2f17ef4d991b
2025-08-07 20:28:28,889 INFO  [io.api.tes.ser.api.KafkaSerdesTester] (Thread-661) Sending message {"key11754598503301": "value-4", "key21754598507701": "value-4"} to topic topic-0fc24a71_a59b_4a0a_b469_2f17ef4d991b
2025-08-07 20:28:28,891 INFO  [io.api.tes.ser.api.KafkaSerdesTester] (Thread-661) Sending message {"key11754598503301": "value-5", "key21754598507701": "value-5"} to topic topic-0fc24a71_a59b_4a0a_b469_2f17ef4d991b
2025-08-07 20:28:28,893 INFO  [io.api.tes.ser.api.KafkaSerdesTester] (Thread-661) Sending message {"key11754598503301": "value-6", "key21754598507701": "value-6"} to topic topic-0fc24a71_a59b_4a0a_b469_2f17ef4d991b
2025-08-07 20:28:28,895 INFO  [io.api.tes.ser.api.KafkaSerdesTester] (Thread-661) Sending message {"key11754598503301": "value-7", "key21754598507701": "value-7"} to topic topic-0fc24a71_a59b_4a0a_b469_2f17ef4d991b
2025-08-07 20:28:28,896 INFO  [io.api.tes.ser.api.KafkaSerdesTester] (Thread-661) Sending message {"key11754598503301": "value-8", "key21754598507701": "value-8"} to topic topic-0fc24a71_a59b_4a0a_b469_2f17ef4d991b
2025-08-07 20:28:28,898 INFO  [io.api.tes.ser.api.KafkaSerdesTester] (Thread-661) Sending message {"key11754598503301": "value-9", "key21754598507701": "value-9"} to topic topic-0fc24a71_a59b_4a0a_b469_2f17ef4d991b
2025-08-07 20:28:28,900 INFO  [io.api.tes.ser.api.KafkaSerdesTester] (Thread-661) Produced 10 messages
2025-08-07 20:28:28,901 INFO  [io.api.tes.ser.api.KafkaSerdesTester] (Thread-662) Sending message {"key11754598503301": "value-0"} to topic topic-0fc24a71_a59b_4a0a_b469_2f17ef4d991b
2025-08-07 20:28:28,906 INFO  [io.api.tes.ser.api.KafkaSerdesTester] (Thread-662) Sending message {"key11754598503301": "value-1"} to topic topic-0fc24a71_a59b_4a0a_b469_2f17ef4d991b
2025-08-07 20:28:28,909 INFO  [io.api.tes.ser.api.KafkaSerdesTester] (Thread-662) Sending message {"key11754598503301": "value-2"} to topic topic-0fc24a71_a59b_4a0a_b469_2f17ef4d991b
2025-08-07 20:28:28,910 INFO  [io.api.tes.ser.api.KafkaSerdesTester] (Thread-662) Sending message {"key11754598503301": "value-3"} to topic topic-0fc24a71_a59b_4a0a_b469_2f17ef4d991b
2025-08-07 20:28:28,912 INFO  [io.api.tes.ser.api.KafkaSerdesTester] (Thread-662) Sending message {"key11754598503301": "value-4"} to topic topic-0fc24a71_a59b_4a0a_b469_2f17ef4d991b
2025-08-07 20:28:28,913 INFO  [io.api.tes.ser.api.KafkaSerdesTester] (Thread-662) Sending message {"key11754598503301": "value-5"} to topic topic-0fc24a71_a59b_4a0a_b469_2f17ef4d991b
2025-08-07 20:28:28,915 INFO  [io.api.tes.ser.api.KafkaSerdesTester] (Thread-662) Sending message {"key11754598503301": "value-6"} to topic topic-0fc24a71_a59b_4a0a_b469_2f17ef4d991b
2025-08-07 20:28:28,917 INFO  [io.api.tes.ser.api.KafkaSerdesTester] (Thread-662) Sending message {"key11754598503301": "value-7"} to topic topic-0fc24a71_a59b_4a0a_b469_2f17ef4d991b
2025-08-07 20:28:28,918 INFO  [io.api.tes.ser.api.KafkaSerdesTester] (Thread-662) Sending message {"key11754598503301": "value-8"} to topic topic-0fc24a71_a59b_4a0a_b469_2f17ef4d991b
2025-08-07 20:28:28,921 INFO  [io.api.tes.ser.api.KafkaSerdesTester] (Thread-662) Sending message {"key11754598503301": "value-9"} to topic topic-0fc24a71_a59b_4a0a_b469_2f17ef4d991b
2025-08-07 20:28:28,922 INFO  [io.api.tes.ser.api.KafkaSerdesTester] (Thread-662) Produced 10 messages
2025-08-07 20:28:28,927 INFO  [org.apa.kaf.cli.con.int.ClassicKafkaConsumer] (Thread-663) [Consumer clientId=consumer-Consumer-topic-0fc24a71_a59b_4a0a_b469_2f17ef4d991b-9, groupId=Consumer-topic-0fc24a71_a59b_4a0a_b469_2f17ef4d991b] Subscribed to topic(s): topic-0fc24a71_a59b_4a0a_b469_2f17ef4d991b
2025-08-07 20:28:29,016 INFO  [io.api.tes.ser.api.KafkaSerdesTester] (Thread-663) topic-0fc24a71_a59b_4a0a_b469_2f17ef4d991b 0 10 {"key11754598503301": "value-0", "key21754598507701": "value-0"}
2025-08-07 20:28:29,016 INFO  [io.api.tes.ser.api.KafkaSerdesTester] (Thread-663) topic-0fc24a71_a59b_4a0a_b469_2f17ef4d991b 0 11 {"key11754598503301": "value-1", "key21754598507701": "value-1"}
2025-08-07 20:28:29,016 INFO  [io.api.tes.ser.api.KafkaSerdesTester] (Thread-663) topic-0fc24a71_a59b_4a0a_b469_2f17ef4d991b 0 12 {"key11754598503301": "value-2", "key21754598507701": "value-2"}
2025-08-07 20:28:29,016 INFO  [io.api.tes.ser.api.KafkaSerdesTester] (Thread-663) topic-0fc24a71_a59b_4a0a_b469_2f17ef4d991b 0 13 {"key11754598503301": "value-3", "key21754598507701": "value-3"}
2025-08-07 20:28:29,016 INFO  [io.api.tes.ser.api.KafkaSerdesTester] (Thread-663) topic-0fc24a71_a59b_4a0a_b469_2f17ef4d991b 0 14 {"key11754598503301": "value-4", "key21754598507701": "value-4"}
2025-08-07 20:28:29,016 INFO  [io.api.tes.ser.api.KafkaSerdesTester] (Thread-663) topic-0fc24a71_a59b_4a0a_b469_2f17ef4d991b 0 15 {"key11754598503301": "value-5", "key21754598507701": "value-5"}
2025-08-07 20:28:29,016 INFO  [io.api.tes.ser.api.KafkaSerdesTester] (Thread-663) topic-0fc24a71_a59b_4a0a_b469_2f17ef4d991b 0 16 {"key11754598503301": "value-6", "key21754598507701": "value-6"}
2025-08-07 20:28:29,016 INFO  [io.api.tes.ser.api.KafkaSerdesTester] (Thread-663) topic-0fc24a71_a59b_4a0a_b469_2f17ef4d991b 0 17 {"key11754598503301": "value-7", "key21754598507701": "value-7"}
2025-08-07 20:28:29,016 INFO  [io.api.tes.ser.api.KafkaSerdesTester] (Thread-663) topic-0fc24a71_a59b_4a0a_b469_2f17ef4d991b 0 18 {"key11754598503301": "value-8", "key21754598507701": "value-8"}
2025-08-07 20:28:29,017 INFO  [io.api.tes.ser.api.KafkaSerdesTester] (Thread-663) topic-0fc24a71_a59b_4a0a_b469_2f17ef4d991b 0 19 {"key11754598503301": "value-9", "key21754598507701": "value-9"}
2025-08-07 20:28:29,017 INFO  [io.api.tes.ser.api.KafkaSerdesTester] (Thread-663) topic-0fc24a71_a59b_4a0a_b469_2f17ef4d991b 0 20 {"key11754598503301": "value-0"}
2025-08-07 20:28:29,017 INFO  [io.api.tes.ser.api.KafkaSerdesTester] (Thread-663) topic-0fc24a71_a59b_4a0a_b469_2f17ef4d991b 0 21 {"key11754598503301": "value-1"}
2025-08-07 20:28:29,017 INFO  [io.api.tes.ser.api.KafkaSerdesTester] (Thread-663) topic-0fc24a71_a59b_4a0a_b469_2f17ef4d991b 0 22 {"key11754598503301": "value-2"}
2025-08-07 20:28:29,017 INFO  [io.api.tes.ser.api.KafkaSerdesTester] (Thread-663) topic-0fc24a71_a59b_4a0a_b469_2f17ef4d991b 0 23 {"key11754598503301": "value-3"}
2025-08-07 20:28:29,017 INFO  [io.api.tes.ser.api.KafkaSerdesTester] (Thread-663) topic-0fc24a71_a59b_4a0a_b469_2f17ef4d991b 0 24 {"key11754598503301": "value-4"}
2025-08-07 20:28:29,017 INFO  [io.api.tes.ser.api.KafkaSerdesTester] (Thread-663) topic-0fc24a71_a59b_4a0a_b469_2f17ef4d991b 0 25 {"key11754598503301": "value-5"}
2025-08-07 20:28:29,017 INFO  [io.api.tes.ser.api.KafkaSerdesTester] (Thread-663) topic-0fc24a71_a59b_4a0a_b469_2f17ef4d991b 0 26 {"key11754598503301": "value-6"}
2025-08-07 20:28:29,017 INFO  [io.api.tes.ser.api.KafkaSerdesTester] (Thread-663) topic-0fc24a71_a59b_4a0a_b469_2f17ef4d991b 0 27 {"key11754598503301": "value-7"}
2025-08-07 20:28:29,017 INFO  [io.api.tes.ser.api.KafkaSerdesTester] (Thread-663) topic-0fc24a71_a59b_4a0a_b469_2f17ef4d991b 0 28 {"key11754598503301": "value-8"}
2025-08-07 20:28:29,017 INFO  [io.api.tes.ser.api.KafkaSerdesTester] (Thread-663) topic-0fc24a71_a59b_4a0a_b469_2f17ef4d991b 0 29 {"key11754598503301": "value-9"}
2025-08-07 20:28:29,017 INFO  [io.api.tes.ser.api.KafkaSerdesTester] (Thread-663) Consumed 20 messages
2025-08-07 20:28:29,018 INFO  [io.api.tes.ser.api.AvroSerdeIT] (main) Registering Avro Schema 3: {"type":"record","name":"s7069628cx03d7x46ccxa79cxac9fd79635fa","namespace":"ns_e67f3e3c_17e4_452d_8b24_4893c068556c","fields":[{"name":"key11754598503301","type":"string"},{"name":"key21754598507701","type":"string"},{"name":"key31754598509018","type":"string"}]}
2025-08-07 20:28:30,129 INFO  [io.api.tes.ser.api.KafkaSerdesTester] (Thread-664) Sending message {"key11754598503301": "value-0", "key21754598507701": "value-0", "key31754598509018": "value-0"} to topic topic-0fc24a71_a59b_4a0a_b469_2f17ef4d991b
2025-08-07 20:28:30,129 INFO  [DefaultSchemaResolver] (Thread-664) Retrieving schema content using string: {"type":"record","name":"s7069628cx03d7x46ccxa79cxac9fd79635fa","namespace":"ns_e67f3e3c_17e4_452d_8b24_4893c068556c","fields":[{"name":"key11754598503301","type":"string"},{"name":"key21754598507701","type":"string"},{"name":"key31754598509018","type":"string"}]}
2025-08-07 20:28:30,184 INFO  [io.api.tes.ser.api.KafkaSerdesTester] (Thread-664) Sending message {"key11754598503301": "value-1", "key21754598507701": "value-1", "key31754598509018": "value-1"} to topic topic-0fc24a71_a59b_4a0a_b469_2f17ef4d991b
2025-08-07 20:28:30,186 INFO  [io.api.tes.ser.api.KafkaSerdesTester] (Thread-664) Sending message {"key11754598503301": "value-2", "key21754598507701": "value-2", "key31754598509018": "value-2"} to topic topic-0fc24a71_a59b_4a0a_b469_2f17ef4d991b
2025-08-07 20:28:30,191 INFO  [io.api.tes.ser.api.KafkaSerdesTester] (Thread-664) Sending message {"key11754598503301": "value-3", "key21754598507701": "value-3", "key31754598509018": "value-3"} to topic topic-0fc24a71_a59b_4a0a_b469_2f17ef4d991b
2025-08-07 20:28:30,193 INFO  [io.api.tes.ser.api.KafkaSerdesTester] (Thread-664) Sending message {"key11754598503301": "value-4", "key21754598507701": "value-4", "key31754598509018": "value-4"} to topic topic-0fc24a71_a59b_4a0a_b469_2f17ef4d991b
2025-08-07 20:28:30,195 INFO  [io.api.tes.ser.api.KafkaSerdesTester] (Thread-664) Sending message {"key11754598503301": "value-5", "key21754598507701": "value-5", "key31754598509018": "value-5"} to topic topic-0fc24a71_a59b_4a0a_b469_2f17ef4d991b
2025-08-07 20:28:30,197 INFO  [io.api.tes.ser.api.KafkaSerdesTester] (Thread-664) Sending message {"key11754598503301": "value-6", "key21754598507701": "value-6", "key31754598509018": "value-6"} to topic topic-0fc24a71_a59b_4a0a_b469_2f17ef4d991b
2025-08-07 20:28:30,198 INFO  [io.api.tes.ser.api.KafkaSerdesTester] (Thread-664) Sending message {"key11754598503301": "value-7", "key21754598507701": "value-7", "key31754598509018": "value-7"} to topic topic-0fc24a71_a59b_4a0a_b469_2f17ef4d991b
2025-08-07 20:28:30,200 INFO  [io.api.tes.ser.api.KafkaSerdesTester] (Thread-664) Sending message {"key11754598503301": "value-8", "key21754598507701": "value-8", "key31754598509018": "value-8"} to topic topic-0fc24a71_a59b_4a0a_b469_2f17ef4d991b
2025-08-07 20:28:30,202 INFO  [io.api.tes.ser.api.KafkaSerdesTester] (Thread-664) Sending message {"key11754598503301": "value-9", "key21754598507701": "value-9", "key31754598509018": "value-9"} to topic topic-0fc24a71_a59b_4a0a_b469_2f17ef4d991b
2025-08-07 20:28:30,204 INFO  [io.api.tes.ser.api.KafkaSerdesTester] (Thread-664) Produced 10 messages
2025-08-07 20:28:30,204 INFO  [io.api.tes.ser.api.KafkaSerdesTester] (Thread-665) Sending message {"key11754598503301": "value-0", "key21754598507701": "value-0"} to topic topic-0fc24a71_a59b_4a0a_b469_2f17ef4d991b
2025-08-07 20:28:30,206 INFO  [io.api.tes.ser.api.KafkaSerdesTester] (Thread-665) Sending message {"key11754598503301": "value-1", "key21754598507701": "value-1"} to topic topic-0fc24a71_a59b_4a0a_b469_2f17ef4d991b
2025-08-07 20:28:30,209 INFO  [io.api.tes.ser.api.KafkaSerdesTester] (Thread-665) Sending message {"key11754598503301": "value-2", "key21754598507701": "value-2"} to topic topic-0fc24a71_a59b_4a0a_b469_2f17ef4d991b
2025-08-07 20:28:30,211 INFO  [io.api.tes.ser.api.KafkaSerdesTester] (Thread-665) Sending message {"key11754598503301": "value-3", "key21754598507701": "value-3"} to topic topic-0fc24a71_a59b_4a0a_b469_2f17ef4d991b
2025-08-07 20:28:30,212 INFO  [io.api.tes.ser.api.KafkaSerdesTester] (Thread-665) Sending message {"key11754598503301": "value-4", "key21754598507701": "value-4"} to topic topic-0fc24a71_a59b_4a0a_b469_2f17ef4d991b
2025-08-07 20:28:30,214 INFO  [io.api.tes.ser.api.KafkaSerdesTester] (Thread-665) Sending message {"key11754598503301": "value-5", "key21754598507701": "value-5"} to topic topic-0fc24a71_a59b_4a0a_b469_2f17ef4d991b
2025-08-07 20:28:30,216 INFO  [io.api.tes.ser.api.KafkaSerdesTester] (Thread-665) Sending message {"key11754598503301": "value-6", "key21754598507701": "value-6"} to topic topic-0fc24a71_a59b_4a0a_b469_2f17ef4d991b
2025-08-07 20:28:30,218 INFO  [io.api.tes.ser.api.KafkaSerdesTester] (Thread-665) Sending message {"key11754598503301": "value-7", "key21754598507701": "value-7"} to topic topic-0fc24a71_a59b_4a0a_b469_2f17ef4d991b
2025-08-07 20:28:30,224 INFO  [io.api.tes.ser.api.KafkaSerdesTester] (Thread-665) Sending message {"key11754598503301": "value-8", "key21754598507701": "value-8"} to topic topic-0fc24a71_a59b_4a0a_b469_2f17ef4d991b
2025-08-07 20:28:30,226 INFO  [io.api.tes.ser.api.KafkaSerdesTester] (Thread-665) Sending message {"key11754598503301": "value-9", "key21754598507701": "value-9"} to topic topic-0fc24a71_a59b_4a0a_b469_2f17ef4d991b
2025-08-07 20:28:30,227 INFO  [io.api.tes.ser.api.KafkaSerdesTester] (Thread-665) Produced 10 messages
2025-08-07 20:28:30,228 INFO  [io.api.tes.ser.api.KafkaSerdesTester] (Thread-666) Sending message {"key11754598503301": "value-0"} to topic topic-0fc24a71_a59b_4a0a_b469_2f17ef4d991b
2025-08-07 20:28:30,232 INFO  [io.api.tes.ser.api.KafkaSerdesTester] (Thread-666) Sending message {"key11754598503301": "value-1"} to topic topic-0fc24a71_a59b_4a0a_b469_2f17ef4d991b
2025-08-07 20:28:30,233 INFO  [io.api.tes.ser.api.KafkaSerdesTester] (Thread-666) Sending message {"key11754598503301": "value-2"} to topic topic-0fc24a71_a59b_4a0a_b469_2f17ef4d991b
2025-08-07 20:28:30,236 INFO  [io.api.tes.ser.api.KafkaSerdesTester] (Thread-666) Sending message {"key11754598503301": "value-3"} to topic topic-0fc24a71_a59b_4a0a_b469_2f17ef4d991b
2025-08-07 20:28:30,237 INFO  [io.api.tes.ser.api.KafkaSerdesTester] (Thread-666) Sending message {"key11754598503301": "value-4"} to topic topic-0fc24a71_a59b_4a0a_b469_2f17ef4d991b
2025-08-07 20:28:30,239 INFO  [io.api.tes.ser.api.KafkaSerdesTester] (Thread-666) Sending message {"key11754598503301": "value-5"} to topic topic-0fc24a71_a59b_4a0a_b469_2f17ef4d991b
2025-08-07 20:28:30,240 INFO  [io.api.tes.ser.api.KafkaSerdesTester] (Thread-666) Sending message {"key11754598503301": "value-6"} to topic topic-0fc24a71_a59b_4a0a_b469_2f17ef4d991b
2025-08-07 20:28:30,243 INFO  [io.api.tes.ser.api.KafkaSerdesTester] (Thread-666) Sending message {"key11754598503301": "value-7"} to topic topic-0fc24a71_a59b_4a0a_b469_2f17ef4d991b
2025-08-07 20:28:30,245 INFO  [io.api.tes.ser.api.KafkaSerdesTester] (Thread-666) Sending message {"key11754598503301": "value-8"} to topic topic-0fc24a71_a59b_4a0a_b469_2f17ef4d991b
2025-08-07 20:28:30,247 INFO  [io.api.tes.ser.api.KafkaSerdesTester] (Thread-666) Sending message {"key11754598503301": "value-9"} to topic topic-0fc24a71_a59b_4a0a_b469_2f17ef4d991b
2025-08-07 20:28:30,248 INFO  [io.api.tes.ser.api.KafkaSerdesTester] (Thread-666) Produced 10 messages
2025-08-07 20:28:30,250 INFO  [org.apa.kaf.cli.con.int.ClassicKafkaConsumer] (Thread-667) [Consumer clientId=consumer-Consumer-topic-0fc24a71_a59b_4a0a_b469_2f17ef4d991b-9, groupId=Consumer-topic-0fc24a71_a59b_4a0a_b469_2f17ef4d991b] Subscribed to topic(s): topic-0fc24a71_a59b_4a0a_b469_2f17ef4d991b
2025-08-07 20:28:30,335 INFO  [io.api.tes.ser.api.KafkaSerdesTester] (Thread-667) topic-0fc24a71_a59b_4a0a_b469_2f17ef4d991b 0 30 {"key11754598503301": "value-0", "key21754598507701": "value-0", "key31754598509018": "value-0"}
2025-08-07 20:28:30,335 INFO  [io.api.tes.ser.api.KafkaSerdesTester] (Thread-667) topic-0fc24a71_a59b_4a0a_b469_2f17ef4d991b 0 31 {"key11754598503301": "value-1", "key21754598507701": "value-1", "key31754598509018": "value-1"}
2025-08-07 20:28:30,335 INFO  [io.api.tes.ser.api.KafkaSerdesTester] (Thread-667) topic-0fc24a71_a59b_4a0a_b469_2f17ef4d991b 0 32 {"key11754598503301": "value-2", "key21754598507701": "value-2", "key31754598509018": "value-2"}
2025-08-07 20:28:30,335 INFO  [io.api.tes.ser.api.KafkaSerdesTester] (Thread-667) topic-0fc24a71_a59b_4a0a_b469_2f17ef4d991b 0 33 {"key11754598503301": "value-3", "key21754598507701": "value-3", "key31754598509018": "value-3"}
2025-08-07 20:28:30,335 INFO  [io.api.tes.ser.api.KafkaSerdesTester] (Thread-667) topic-0fc24a71_a59b_4a0a_b469_2f17ef4d991b 0 34 {"key11754598503301": "value-4", "key21754598507701": "value-4", "key31754598509018": "value-4"}
2025-08-07 20:28:30,335 INFO  [io.api.tes.ser.api.KafkaSerdesTester] (Thread-667) topic-0fc24a71_a59b_4a0a_b469_2f17ef4d991b 0 35 {"key11754598503301": "value-5", "key21754598507701": "value-5", "key31754598509018": "value-5"}
2025-08-07 20:28:30,335 INFO  [io.api.tes.ser.api.KafkaSerdesTester] (Thread-667) topic-0fc24a71_a59b_4a0a_b469_2f17ef4d991b 0 36 {"key11754598503301": "value-6", "key21754598507701": "value-6", "key31754598509018": "value-6"}
2025-08-07 20:28:30,335 INFO  [io.api.tes.ser.api.KafkaSerdesTester] (Thread-667) topic-0fc24a71_a59b_4a0a_b469_2f17ef4d991b 0 37 {"key11754598503301": "value-7", "key21754598507701": "value-7", "key31754598509018": "value-7"}
2025-08-07 20:28:30,335 INFO  [io.api.tes.ser.api.KafkaSerdesTester] (Thread-667) topic-0fc24a71_a59b_4a0a_b469_2f17ef4d991b 0 38 {"key11754598503301": "value-8", "key21754598507701": "value-8", "key31754598509018": "value-8"}
2025-08-07 20:28:30,335 INFO  [io.api.tes.ser.api.KafkaSerdesTester] (Thread-667) topic-0fc24a71_a59b_4a0a_b469_2f17ef4d991b 0 39 {"key11754598503301": "value-9", "key21754598507701": "value-9", "key31754598509018": "value-9"}
2025-08-07 20:28:30,335 INFO  [io.api.tes.ser.api.KafkaSerdesTester] (Thread-667) topic-0fc24a71_a59b_4a0a_b469_2f17ef4d991b 0 40 {"key11754598503301": "value-0", "key21754598507701": "value-0"}
2025-08-07 20:28:30,336 INFO  [io.api.tes.ser.api.KafkaSerdesTester] (Thread-667) topic-0fc24a71_a59b_4a0a_b469_2f17ef4d991b 0 41 {"key11754598503301": "value-1", "key21754598507701": "value-1"}
2025-08-07 20:28:30,336 INFO  [io.api.tes.ser.api.KafkaSerdesTester] (Thread-667) topic-0fc24a71_a59b_4a0a_b469_2f17ef4d991b 0 42 {"key11754598503301": "value-2", "key21754598507701": "value-2"}
2025-08-07 20:28:30,336 INFO  [io.api.tes.ser.api.KafkaSerdesTester] (Thread-667) topic-0fc24a71_a59b_4a0a_b469_2f17ef4d991b 0 43 {"key11754598503301": "value-3", "key21754598507701": "value-3"}
2025-08-07 20:28:30,336 INFO  [io.api.tes.ser.api.KafkaSerdesTester] (Thread-667) topic-0fc24a71_a59b_4a0a_b469_2f17ef4d991b 0 44 {"key11754598503301": "value-4", "key21754598507701": "value-4"}
2025-08-07 20:28:30,336 INFO  [io.api.tes.ser.api.KafkaSerdesTester] (Thread-667) topic-0fc24a71_a59b_4a0a_b469_2f17ef4d991b 0 45 {"key11754598503301": "value-5", "key21754598507701": "value-5"}
2025-08-07 20:28:30,336 INFO  [io.api.tes.ser.api.KafkaSerdesTester] (Thread-667) topic-0fc24a71_a59b_4a0a_b469_2f17ef4d991b 0 46 {"key11754598503301": "value-6", "key21754598507701": "value-6"}
2025-08-07 20:28:30,336 INFO  [io.api.tes.ser.api.KafkaSerdesTester] (Thread-667) topic-0fc24a71_a59b_4a0a_b469_2f17ef4d991b 0 47 {"key11754598503301": "value-7", "key21754598507701": "value-7"}
2025-08-07 20:28:30,336 INFO  [io.api.tes.ser.api.KafkaSerdesTester] (Thread-667) topic-0fc24a71_a59b_4a0a_b469_2f17ef4d991b 0 48 {"key11754598503301": "value-8", "key21754598507701": "value-8"}
2025-08-07 20:28:30,336 INFO  [io.api.tes.ser.api.KafkaSerdesTester] (Thread-667) topic-0fc24a71_a59b_4a0a_b469_2f17ef4d991b 0 49 {"key11754598503301": "value-9", "key21754598507701": "value-9"}
2025-08-07 20:28:30,336 INFO  [io.api.tes.ser.api.KafkaSerdesTester] (Thread-667) topic-0fc24a71_a59b_4a0a_b469_2f17ef4d991b 0 50 {"key11754598503301": "value-0"}
2025-08-07 20:28:30,336 INFO  [io.api.tes.ser.api.KafkaSerdesTester] (Thread-667) topic-0fc24a71_a59b_4a0a_b469_2f17ef4d991b 0 51 {"key11754598503301": "value-1"}
2025-08-07 20:28:30,336 INFO  [io.api.tes.ser.api.KafkaSerdesTester] (Thread-667) topic-0fc24a71_a59b_4a0a_b469_2f17ef4d991b 0 52 {"key11754598503301": "value-2"}
2025-08-07 20:28:30,336 INFO  [io.api.tes.ser.api.KafkaSerdesTester] (Thread-667) topic-0fc24a71_a59b_4a0a_b469_2f17ef4d991b 0 53 {"key11754598503301": "value-3"}
2025-08-07 20:28:30,336 INFO  [io.api.tes.ser.api.KafkaSerdesTester] (Thread-667) topic-0fc24a71_a59b_4a0a_b469_2f17ef4d991b 0 54 {"key11754598503301": "value-4"}
2025-08-07 20:28:30,336 INFO  [io.api.tes.ser.api.KafkaSerdesTester] (Thread-667) topic-0fc24a71_a59b_4a0a_b469_2f17ef4d991b 0 55 {"key11754598503301": "value-5"}
2025-08-07 20:28:30,336 INFO  [io.api.tes.ser.api.KafkaSerdesTester] (Thread-667) topic-0fc24a71_a59b_4a0a_b469_2f17ef4d991b 0 56 {"key11754598503301": "value-6"}
2025-08-07 20:28:30,336 INFO  [io.api.tes.ser.api.KafkaSerdesTester] (Thread-667) topic-0fc24a71_a59b_4a0a_b469_2f17ef4d991b 0 57 {"key11754598503301": "value-7"}
2025-08-07 20:28:30,336 INFO  [io.api.tes.ser.api.KafkaSerdesTester] (Thread-667) topic-0fc24a71_a59b_4a0a_b469_2f17ef4d991b 0 58 {"key11754598503301": "value-8"}
2025-08-07 20:28:30,336 INFO  [io.api.tes.ser.api.KafkaSerdesTester] (Thread-667) topic-0fc24a71_a59b_4a0a_b469_2f17ef4d991b 0 59 {"key11754598503301": "value-9"}
2025-08-07 20:28:30,336 INFO  [io.api.tes.ser.api.KafkaSerdesTester] (Thread-667) Consumed 30 messages
2025-08-07 20:28:30,337 INFO  [org.apa.kaf.cli.pro.KafkaProducer] (main) [Producer clientId=Producer-topic-0fc24a71_a59b_4a0a_b469_2f17ef4d991b] Closing the Kafka producer with timeoutMillis = 9223372036854775807 ms.
2025-08-07 20:28:30,340 INFO  [org.apa.kaf.com.met.Metrics] (main) Metrics scheduler closed
2025-08-07 20:28:30,340 INFO  [org.apa.kaf.com.met.Metrics] (main) Closing reporter org.apache.kafka.common.metrics.JmxReporter
2025-08-07 20:28:30,341 INFO  [org.apa.kaf.com.met.Metrics] (main) Closing reporter org.apache.kafka.common.telemetry.internals.ClientTelemetryReporter
2025-08-07 20:28:30,341 INFO  [org.apa.kaf.com.met.Metrics] (main) Metrics reporters closed
2025-08-07 20:28:30,341 INFO  [org.apa.kaf.com.uti.AppInfoParser] (main) App info kafka.producer for Producer-topic-0fc24a71_a59b_4a0a_b469_2f17ef4d991b unregistered
2025-08-07 20:28:30,348 INFO  [org.apa.kaf.cli.con.int.ConsumerRebalanceListenerInvoker] (main) [Consumer clientId=consumer-Consumer-topic-0fc24a71_a59b_4a0a_b469_2f17ef4d991b-9, groupId=Consumer-topic-0fc24a71_a59b_4a0a_b469_2f17ef4d991b] Revoke previously assigned partitions topic-0fc24a71_a59b_4a0a_b469_2f17ef4d991b-0
2025-08-07 20:28:30,348 INFO  [org.apa.kaf.cli.con.int.ConsumerCoordinator] (main) [Consumer clientId=consumer-Consumer-topic-0fc24a71_a59b_4a0a_b469_2f17ef4d991b-9, groupId=Consumer-topic-0fc24a71_a59b_4a0a_b469_2f17ef4d991b] Member consumer-Consumer-topic-0fc24a71_a59b_4a0a_b469_2f17ef4d991b-9-c89aa37b-c446-4399-896e-9bd60dfc1817 sending LeaveGroup request to coordinator localhost:32769 (id: 2147483647 rack: null) due to the consumer is being closed
2025-08-07 20:28:30,348 INFO  [org.apa.kaf.cli.con.int.ConsumerCoordinator] (main) [Consumer clientId=consumer-Consumer-topic-0fc24a71_a59b_4a0a_b469_2f17ef4d991b-9, groupId=Consumer-topic-0fc24a71_a59b_4a0a_b469_2f17ef4d991b] Resetting generation and member id due to: consumer pro-actively leaving the group
2025-08-07 20:28:30,348 INFO  [org.apa.kaf.cli.con.int.ConsumerCoordinator] (main) [Consumer clientId=consumer-Consumer-topic-0fc24a71_a59b_4a0a_b469_2f17ef4d991b-9, groupId=Consumer-topic-0fc24a71_a59b_4a0a_b469_2f17ef4d991b] Request joining group due to: consumer pro-actively leaving the group
2025-08-07 20:28:30,839 INFO  [org.apa.kaf.com.met.Metrics] (main) Metrics scheduler closed
2025-08-07 20:28:30,839 INFO  [org.apa.kaf.com.met.Metrics] (main) Closing reporter org.apache.kafka.common.metrics.JmxReporter
2025-08-07 20:28:30,839 INFO  [org.apa.kaf.com.met.Metrics] (main) Closing reporter org.apache.kafka.common.telemetry.internals.ClientTelemetryReporter
2025-08-07 20:28:30,839 INFO  [org.apa.kaf.com.met.Metrics] (main) Metrics reporters closed
2025-08-07 20:28:30,842 INFO  [org.apa.kaf.com.uti.AppInfoParser] (main) App info kafka.consumer for consumer-Consumer-topic-0fc24a71_a59b_4a0a_b469_2f17ef4d991b-9 unregistered
2025-08-07 20:28:30,843 INFO  [io.api.tes.uti.TestSeparator] (main) io.apicurio.tests.serdes.apicurio.AvroSerdeIT.testEvolveAvroApicurioReusingClient-FINISHED
2025-08-07 20:28:30,843 INFO  [io.api.tes.uti.TestSeparator] (main) ############################################################################
Test passed: testEvolveAvroApicurioReusingClient
]]></system-out>
  </testcase>
  <testcase name="testProducerUsesDefaultConsumerUsesGlobalId" classname="io.apicurio.tests.serdes.apicurio.AvroSerdeIT" time="0.0">
    <skipped message="void io.apicurio.tests.serdes.apicurio.AvroSerdeIT.testProducerUsesDefaultConsumerUsesGlobalId() throws java.lang.Exception is @Disabled"/>
  </testcase>
  <testcase name="testEvolveAvroApicurio" classname="io.apicurio.tests.serdes.apicurio.AvroSerdeIT" time="15.505">
    <system-out><![CDATA[2025-08-07 20:28:30,847 INFO  [io.api.tes.uti.TestSeparator] (main) ############################################################################
2025-08-07 20:28:30,847 INFO  [io.api.tes.uti.TestSeparator] (main) io.apicurio.tests.serdes.apicurio.AvroSerdeIT.testEvolveAvroApicurio-STARTED
2025-08-07 20:28:30,850 INFO  [io.api.tes.ser.api.AvroSerdeIT] (main) Registering Avro Schema: {"type":"record","name":"s89ce449exc99ex49cfx89e6x97ed8308ea9a","namespace":"ns_e54435d9_3017_4528_a6f8_b0ee45a99ac3","fields":[{"name":"key11754598510847","type":"string"}]}
**** Registry Base URL: http://registry-app-pg17.apps.ci419.apicurio-testing.org:80
2025-08-07 20:28:31,962 INFO  [org.apa.kaf.cli.pro.ProducerConfig] (main) ProducerConfig values: 
	acks = -1
	auto.include.jmx.reporter = true
	batch.size = 16384
	bootstrap.servers = [PLAINTEXT://localhost:32769]
	buffer.memory = 33554432
	client.dns.lookup = use_all_dns_ips
	client.id = Producer-topic-683a3796_16f5_4da2_93af_ed68eaf59885
	compression.gzip.level = -1
	compression.lz4.level = 9
	compression.type = none
	compression.zstd.level = 3
	connections.max.idle.ms = 10000
	delivery.timeout.ms = 120000
	enable.idempotence = true
	enable.metrics.push = true
	interceptor.classes = []
	key.serializer = class org.apache.kafka.common.serialization.StringSerializer
	linger.ms = 0
	max.block.ms = 60000
	max.in.flight.requests.per.connection = 5
	max.request.size = 1048576
	metadata.max.age.ms = 300000
	metadata.max.idle.ms = 300000
	metadata.recovery.strategy = none
	metric.reporters = []
	metrics.num.samples = 2
	metrics.recording.level = INFO
	metrics.sample.window.ms = 30000
	partitioner.adaptive.partitioning.enable = true
	partitioner.availability.timeout.ms = 0
	partitioner.class = null
	partitioner.ignore.keys = false
	receive.buffer.bytes = 32768
	reconnect.backoff.max.ms = 1000
	reconnect.backoff.ms = 50
	request.timeout.ms = 5000
	retries = 2147483647
	retry.backoff.max.ms = 1000
	retry.backoff.ms = 100
	sasl.client.callback.handler.class = null
	sasl.jaas.config = null
	sasl.kerberos.kinit.cmd = /usr/bin/kinit
	sasl.kerberos.min.time.before.relogin = 60000
	sasl.kerberos.service.name = null
	sasl.kerberos.ticket.renew.jitter = 0.05
	sasl.kerberos.ticket.renew.window.factor = 0.8
	sasl.login.callback.handler.class = null
	sasl.login.class = null
	sasl.login.connect.timeout.ms = null
	sasl.login.read.timeout.ms = null
	sasl.login.refresh.buffer.seconds = 300
	sasl.login.refresh.min.period.seconds = 60
	sasl.login.refresh.window.factor = 0.8
	sasl.login.refresh.window.jitter = 0.05
	sasl.login.retry.backoff.max.ms = 10000
	sasl.login.retry.backoff.ms = 100
	sasl.mechanism = GSSAPI
	sasl.oauthbearer.clock.skew.seconds = 30
	sasl.oauthbearer.expected.audience = null
	sasl.oauthbearer.expected.issuer = null
	sasl.oauthbearer.header.urlencode = false
	sasl.oauthbearer.jwks.endpoint.refresh.ms = 3600000
	sasl.oauthbearer.jwks.endpoint.retry.backoff.max.ms = 10000
	sasl.oauthbearer.jwks.endpoint.retry.backoff.ms = 100
	sasl.oauthbearer.jwks.endpoint.url = null
	sasl.oauthbearer.scope.claim.name = scope
	sasl.oauthbearer.sub.claim.name = sub
	sasl.oauthbearer.token.endpoint.url = null
	security.protocol = PLAINTEXT
	security.providers = null
	send.buffer.bytes = 131072
	socket.connection.setup.timeout.max.ms = 30000
	socket.connection.setup.timeout.ms = 10000
	ssl.cipher.suites = null
	ssl.enabled.protocols = [TLSv1.2, TLSv1.3]
	ssl.endpoint.identification.algorithm = https
	ssl.engine.factory.class = null
	ssl.key.password = null
	ssl.keymanager.algorithm = SunX509
	ssl.keystore.certificate.chain = null
	ssl.keystore.key = null
	ssl.keystore.location = null
	ssl.keystore.password = null
	ssl.keystore.type = JKS
	ssl.protocol = TLSv1.3
	ssl.provider = null
	ssl.secure.random.implementation = null
	ssl.trustmanager.algorithm = PKIX
	ssl.truststore.certificates = null
	ssl.truststore.location = null
	ssl.truststore.password = null
	ssl.truststore.type = JKS
	transaction.timeout.ms = 60000
	transactional.id = null
	value.serializer = class io.apicurio.registry.serde.avro.AvroKafkaSerializer

2025-08-07 20:28:31,962 INFO  [org.apa.kaf.com.tel.int.KafkaMetricsCollector] (main) initializing Kafka metrics collector
2025-08-07 20:28:31,966 INFO  [org.apa.kaf.cli.pro.KafkaProducer] (main) [Producer clientId=Producer-topic-683a3796_16f5_4da2_93af_ed68eaf59885] Instantiated an idempotent producer.
2025-08-07 20:28:31,971 INFO  [org.apa.kaf.cli.pro.ProducerConfig] (main) These configurations '[apicurio.registry.url, apicurio.registry.artifact-resolver-strategy]' were supplied but are not used yet.
2025-08-07 20:28:31,971 INFO  [org.apa.kaf.com.uti.AppInfoParser] (main) Kafka version: 3.9.1
2025-08-07 20:28:31,971 INFO  [org.apa.kaf.com.uti.AppInfoParser] (main) Kafka commitId: f745dfdcee2b9851
2025-08-07 20:28:31,971 INFO  [org.apa.kaf.com.uti.AppInfoParser] (main) Kafka startTimeMs: 1754598511971
**** Registry Base URL: http://registry-app-pg17.apps.ci419.apicurio-testing.org:80
2025-08-07 20:28:31,971 INFO  [org.apa.kaf.cli.con.ConsumerConfig] (main) ConsumerConfig values: 
	allow.auto.create.topics = true
	auto.commit.interval.ms = 500
	auto.include.jmx.reporter = true
	auto.offset.reset = earliest
	bootstrap.servers = [PLAINTEXT://localhost:32769]
	check.crcs = true
	client.dns.lookup = use_all_dns_ips
	client.id = consumer-Consumer-topic-683a3796_16f5_4da2_93af_ed68eaf59885-10
	client.rack = 
	connections.max.idle.ms = 10000
	default.api.timeout.ms = 60000
	enable.auto.commit = true
	enable.metrics.push = true
	exclude.internal.topics = true
	fetch.max.bytes = 52428800
	fetch.max.wait.ms = 500
	fetch.min.bytes = 1
	group.id = Consumer-topic-683a3796_16f5_4da2_93af_ed68eaf59885
	group.instance.id = null
	group.protocol = classic
	group.remote.assignor = null
	heartbeat.interval.ms = 3000
	interceptor.classes = []
	internal.leave.group.on.close = true
	internal.throw.on.fetch.stable.offset.unsupported = false
	isolation.level = read_uncommitted
	key.deserializer = class org.apache.kafka.common.serialization.StringDeserializer
	max.partition.fetch.bytes = 1048576
	max.poll.interval.ms = 300000
	max.poll.records = 500
	metadata.max.age.ms = 300000
	metadata.recovery.strategy = none
	metric.reporters = []
	metrics.num.samples = 2
	metrics.recording.level = INFO
	metrics.sample.window.ms = 30000
	partition.assignment.strategy = [class org.apache.kafka.clients.consumer.RangeAssignor, class org.apache.kafka.clients.consumer.CooperativeStickyAssignor]
	receive.buffer.bytes = 65536
	reconnect.backoff.max.ms = 1000
	reconnect.backoff.ms = 50
	request.timeout.ms = 5000
	retry.backoff.max.ms = 1000
	retry.backoff.ms = 100
	sasl.client.callback.handler.class = null
	sasl.jaas.config = null
	sasl.kerberos.kinit.cmd = /usr/bin/kinit
	sasl.kerberos.min.time.before.relogin = 60000
	sasl.kerberos.service.name = null
	sasl.kerberos.ticket.renew.jitter = 0.05
	sasl.kerberos.ticket.renew.window.factor = 0.8
	sasl.login.callback.handler.class = null
	sasl.login.class = null
	sasl.login.connect.timeout.ms = null
	sasl.login.read.timeout.ms = null
	sasl.login.refresh.buffer.seconds = 300
	sasl.login.refresh.min.period.seconds = 60
	sasl.login.refresh.window.factor = 0.8
	sasl.login.refresh.window.jitter = 0.05
	sasl.login.retry.backoff.max.ms = 10000
	sasl.login.retry.backoff.ms = 100
	sasl.mechanism = GSSAPI
	sasl.oauthbearer.clock.skew.seconds = 30
	sasl.oauthbearer.expected.audience = null
	sasl.oauthbearer.expected.issuer = null
	sasl.oauthbearer.header.urlencode = false
	sasl.oauthbearer.jwks.endpoint.refresh.ms = 3600000
	sasl.oauthbearer.jwks.endpoint.retry.backoff.max.ms = 10000
	sasl.oauthbearer.jwks.endpoint.retry.backoff.ms = 100
	sasl.oauthbearer.jwks.endpoint.url = null
	sasl.oauthbearer.scope.claim.name = scope
	sasl.oauthbearer.sub.claim.name = sub
	sasl.oauthbearer.token.endpoint.url = null
	security.protocol = PLAINTEXT
	security.providers = null
	send.buffer.bytes = 131072
	session.timeout.ms = 45000
	socket.connection.setup.timeout.max.ms = 30000
	socket.connection.setup.timeout.ms = 10000
	ssl.cipher.suites = null
	ssl.enabled.protocols = [TLSv1.2, TLSv1.3]
	ssl.endpoint.identification.algorithm = https
	ssl.engine.factory.class = null
	ssl.key.password = null
	ssl.keymanager.algorithm = SunX509
	ssl.keystore.certificate.chain = null
	ssl.keystore.key = null
	ssl.keystore.location = null
	ssl.keystore.password = null
	ssl.keystore.type = JKS
	ssl.protocol = TLSv1.3
	ssl.provider = null
	ssl.secure.random.implementation = null
	ssl.trustmanager.algorithm = PKIX
	ssl.truststore.certificates = null
	ssl.truststore.location = null
	ssl.truststore.password = null
	ssl.truststore.type = JKS
	value.deserializer = class io.apicurio.registry.serde.avro.AvroKafkaDeserializer

2025-08-07 20:28:31,971 INFO  [org.apa.kaf.com.tel.int.KafkaMetricsCollector] (main) initializing Kafka metrics collector
2025-08-07 20:28:31,978 INFO  [org.apa.kaf.cli.Metadata] (kafka-producer-network-thread | Producer-topic-683a3796_16f5_4da2_93af_ed68eaf59885) [Producer clientId=Producer-topic-683a3796_16f5_4da2_93af_ed68eaf59885] Cluster ID: g89mLo7yQq6pgEL9WhhAvA
2025-08-07 20:28:31,979 INFO  [org.apa.kaf.cli.pro.int.TransactionManager] (kafka-producer-network-thread | Producer-topic-683a3796_16f5_4da2_93af_ed68eaf59885) [Producer clientId=Producer-topic-683a3796_16f5_4da2_93af_ed68eaf59885] ProducerId set to 12 with epoch 0
2025-08-07 20:28:31,982 INFO  [org.apa.kaf.cli.con.ConsumerConfig] (main) These configurations '[apicurio.registry.url]' were supplied but are not used yet.
2025-08-07 20:28:31,982 INFO  [org.apa.kaf.com.uti.AppInfoParser] (main) Kafka version: 3.9.1
2025-08-07 20:28:31,982 INFO  [org.apa.kaf.com.uti.AppInfoParser] (main) Kafka commitId: f745dfdcee2b9851
2025-08-07 20:28:31,982 INFO  [org.apa.kaf.com.uti.AppInfoParser] (main) Kafka startTimeMs: 1754598511982
2025-08-07 20:28:31,982 INFO  [io.api.tes.ser.api.KafkaSerdesTester] (Thread-672) Sending message {"key11754598510847": "value-0"} to topic topic-683a3796_16f5_4da2_93af_ed68eaf59885
2025-08-07 20:28:31,987 INFO  [DefaultSchemaResolver] (Thread-672) Retrieving schema content using string: {"type":"record","name":"s89ce449exc99ex49cfx89e6x97ed8308ea9a","namespace":"ns_e54435d9_3017_4528_a6f8_b0ee45a99ac3","fields":[{"name":"key11754598510847","type":"string"}]}
2025-08-07 20:28:32,086 INFO  [io.api.tes.ser.api.KafkaSerdesTester] (Thread-672) Sending message {"key11754598510847": "value-1"} to topic topic-683a3796_16f5_4da2_93af_ed68eaf59885
2025-08-07 20:28:32,087 INFO  [io.api.tes.ser.api.KafkaSerdesTester] (Thread-672) Sending message {"key11754598510847": "value-2"} to topic topic-683a3796_16f5_4da2_93af_ed68eaf59885
2025-08-07 20:28:32,089 INFO  [io.api.tes.ser.api.KafkaSerdesTester] (Thread-672) Sending message {"key11754598510847": "value-3"} to topic topic-683a3796_16f5_4da2_93af_ed68eaf59885
2025-08-07 20:28:32,090 INFO  [io.api.tes.ser.api.KafkaSerdesTester] (Thread-672) Sending message {"key11754598510847": "value-4"} to topic topic-683a3796_16f5_4da2_93af_ed68eaf59885
2025-08-07 20:28:32,091 INFO  [io.api.tes.ser.api.KafkaSerdesTester] (Thread-672) Sending message {"key11754598510847": "value-5"} to topic topic-683a3796_16f5_4da2_93af_ed68eaf59885
2025-08-07 20:28:32,093 INFO  [io.api.tes.ser.api.KafkaSerdesTester] (Thread-672) Sending message {"key11754598510847": "value-6"} to topic topic-683a3796_16f5_4da2_93af_ed68eaf59885
2025-08-07 20:28:32,095 INFO  [io.api.tes.ser.api.KafkaSerdesTester] (Thread-672) Sending message {"key11754598510847": "value-7"} to topic topic-683a3796_16f5_4da2_93af_ed68eaf59885
2025-08-07 20:28:32,096 INFO  [io.api.tes.ser.api.KafkaSerdesTester] (Thread-672) Sending message {"key11754598510847": "value-8"} to topic topic-683a3796_16f5_4da2_93af_ed68eaf59885
2025-08-07 20:28:32,105 INFO  [io.api.tes.ser.api.KafkaSerdesTester] (Thread-672) Sending message {"key11754598510847": "value-9"} to topic topic-683a3796_16f5_4da2_93af_ed68eaf59885
2025-08-07 20:28:32,108 INFO  [io.api.tes.ser.api.KafkaSerdesTester] (Thread-672) Produced 10 messages
2025-08-07 20:28:32,108 INFO  [org.apa.kaf.cli.pro.KafkaProducer] (Thread-672) [Producer clientId=Producer-topic-683a3796_16f5_4da2_93af_ed68eaf59885] Closing the Kafka producer with timeoutMillis = 9223372036854775807 ms.
2025-08-07 20:28:32,137 INFO  [org.apa.kaf.com.met.Metrics] (Thread-672) Metrics scheduler closed
2025-08-07 20:28:32,138 INFO  [org.apa.kaf.com.met.Metrics] (Thread-672) Closing reporter org.apache.kafka.common.metrics.JmxReporter
2025-08-07 20:28:32,138 INFO  [org.apa.kaf.com.met.Metrics] (Thread-672) Closing reporter org.apache.kafka.common.telemetry.internals.ClientTelemetryReporter
2025-08-07 20:28:32,138 INFO  [org.apa.kaf.com.met.Metrics] (Thread-672) Metrics reporters closed
2025-08-07 20:28:32,140 INFO  [org.apa.kaf.com.uti.AppInfoParser] (Thread-672) App info kafka.producer for Producer-topic-683a3796_16f5_4da2_93af_ed68eaf59885 unregistered
2025-08-07 20:28:32,145 INFO  [org.apa.kaf.cli.con.int.ClassicKafkaConsumer] (Thread-673) [Consumer clientId=consumer-Consumer-topic-683a3796_16f5_4da2_93af_ed68eaf59885-10, groupId=Consumer-topic-683a3796_16f5_4da2_93af_ed68eaf59885] Subscribed to topic(s): topic-683a3796_16f5_4da2_93af_ed68eaf59885
2025-08-07 20:28:32,153 INFO  [org.apa.kaf.cli.Metadata] (Thread-673) [Consumer clientId=consumer-Consumer-topic-683a3796_16f5_4da2_93af_ed68eaf59885-10, groupId=Consumer-topic-683a3796_16f5_4da2_93af_ed68eaf59885] Cluster ID: g89mLo7yQq6pgEL9WhhAvA
2025-08-07 20:28:32,153 INFO  [org.apa.kaf.cli.con.int.ConsumerCoordinator] (Thread-673) [Consumer clientId=consumer-Consumer-topic-683a3796_16f5_4da2_93af_ed68eaf59885-10, groupId=Consumer-topic-683a3796_16f5_4da2_93af_ed68eaf59885] Discovered group coordinator localhost:32769 (id: 2147483647 rack: null)
2025-08-07 20:28:32,156 INFO  [org.apa.kaf.cli.con.int.ConsumerCoordinator] (Thread-673) [Consumer clientId=consumer-Consumer-topic-683a3796_16f5_4da2_93af_ed68eaf59885-10, groupId=Consumer-topic-683a3796_16f5_4da2_93af_ed68eaf59885] (Re-)joining group
2025-08-07 20:28:32,163 INFO  [org.apa.kaf.cli.con.int.ConsumerCoordinator] (Thread-673) [Consumer clientId=consumer-Consumer-topic-683a3796_16f5_4da2_93af_ed68eaf59885-10, groupId=Consumer-topic-683a3796_16f5_4da2_93af_ed68eaf59885] Request joining group due to: need to re-join with the given member-id: consumer-Consumer-topic-683a3796_16f5_4da2_93af_ed68eaf59885-10-7f2c71d4-007a-4658-ac86-0b9c07482a37
2025-08-07 20:28:32,163 INFO  [org.apa.kaf.cli.con.int.ConsumerCoordinator] (Thread-673) [Consumer clientId=consumer-Consumer-topic-683a3796_16f5_4da2_93af_ed68eaf59885-10, groupId=Consumer-topic-683a3796_16f5_4da2_93af_ed68eaf59885] (Re-)joining group
2025-08-07 20:28:33,145 INFO  [io.api.tes.ser.api.KafkaSerdesTester] (Thread-673) None found
2025-08-07 20:28:34,145 INFO  [io.api.tes.ser.api.KafkaSerdesTester] (Thread-673) None found
2025-08-07 20:28:35,145 INFO  [io.api.tes.ser.api.KafkaSerdesTester] (Thread-673) None found
2025-08-07 20:28:35,170 INFO  [org.apa.kaf.cli.con.int.ConsumerCoordinator] (Thread-673) [Consumer clientId=consumer-Consumer-topic-683a3796_16f5_4da2_93af_ed68eaf59885-10, groupId=Consumer-topic-683a3796_16f5_4da2_93af_ed68eaf59885] Successfully joined group with generation Generation{generationId=1, memberId='consumer-Consumer-topic-683a3796_16f5_4da2_93af_ed68eaf59885-10-7f2c71d4-007a-4658-ac86-0b9c07482a37', protocol='range'}
2025-08-07 20:28:35,170 INFO  [org.apa.kaf.cli.con.int.ConsumerCoordinator] (Thread-673) [Consumer clientId=consumer-Consumer-topic-683a3796_16f5_4da2_93af_ed68eaf59885-10, groupId=Consumer-topic-683a3796_16f5_4da2_93af_ed68eaf59885] Finished assignment for group at generation 1: {consumer-Consumer-topic-683a3796_16f5_4da2_93af_ed68eaf59885-10-7f2c71d4-007a-4658-ac86-0b9c07482a37=Assignment(partitions=[topic-683a3796_16f5_4da2_93af_ed68eaf59885-0])}
2025-08-07 20:28:35,177 INFO  [org.apa.kaf.cli.con.int.ConsumerCoordinator] (Thread-673) [Consumer clientId=consumer-Consumer-topic-683a3796_16f5_4da2_93af_ed68eaf59885-10, groupId=Consumer-topic-683a3796_16f5_4da2_93af_ed68eaf59885] Successfully synced group in generation Generation{generationId=1, memberId='consumer-Consumer-topic-683a3796_16f5_4da2_93af_ed68eaf59885-10-7f2c71d4-007a-4658-ac86-0b9c07482a37', protocol='range'}
2025-08-07 20:28:35,177 INFO  [org.apa.kaf.cli.con.int.ConsumerCoordinator] (Thread-673) [Consumer clientId=consumer-Consumer-topic-683a3796_16f5_4da2_93af_ed68eaf59885-10, groupId=Consumer-topic-683a3796_16f5_4da2_93af_ed68eaf59885] Notifying assignor about the new Assignment(partitions=[topic-683a3796_16f5_4da2_93af_ed68eaf59885-0])
2025-08-07 20:28:35,177 INFO  [org.apa.kaf.cli.con.int.ConsumerRebalanceListenerInvoker] (Thread-673) [Consumer clientId=consumer-Consumer-topic-683a3796_16f5_4da2_93af_ed68eaf59885-10, groupId=Consumer-topic-683a3796_16f5_4da2_93af_ed68eaf59885] Adding newly assigned partitions: topic-683a3796_16f5_4da2_93af_ed68eaf59885-0
2025-08-07 20:28:35,178 INFO  [org.apa.kaf.cli.con.int.ConsumerCoordinator] (Thread-673) [Consumer clientId=consumer-Consumer-topic-683a3796_16f5_4da2_93af_ed68eaf59885-10, groupId=Consumer-topic-683a3796_16f5_4da2_93af_ed68eaf59885] Found no committed offset for partition topic-683a3796_16f5_4da2_93af_ed68eaf59885-0
2025-08-07 20:28:35,181 INFO  [org.apa.kaf.cli.con.int.SubscriptionState] (Thread-673) [Consumer clientId=consumer-Consumer-topic-683a3796_16f5_4da2_93af_ed68eaf59885-10, groupId=Consumer-topic-683a3796_16f5_4da2_93af_ed68eaf59885] Resetting offset for partition topic-683a3796_16f5_4da2_93af_ed68eaf59885-0 to position FetchPosition{offset=0, offsetEpoch=Optional.empty, currentLeader=LeaderAndEpoch{leader=Optional[localhost:32769 (id: 0 rack: null)], epoch=0}}.
2025-08-07 20:28:35,309 INFO  [io.api.tes.ser.api.KafkaSerdesTester] (Thread-673) topic-683a3796_16f5_4da2_93af_ed68eaf59885 0 0 {"key11754598510847": "value-0"}
2025-08-07 20:28:35,309 INFO  [io.api.tes.ser.api.KafkaSerdesTester] (Thread-673) topic-683a3796_16f5_4da2_93af_ed68eaf59885 0 1 {"key11754598510847": "value-1"}
2025-08-07 20:28:35,309 INFO  [io.api.tes.ser.api.KafkaSerdesTester] (Thread-673) topic-683a3796_16f5_4da2_93af_ed68eaf59885 0 2 {"key11754598510847": "value-2"}
2025-08-07 20:28:35,309 INFO  [io.api.tes.ser.api.KafkaSerdesTester] (Thread-673) topic-683a3796_16f5_4da2_93af_ed68eaf59885 0 3 {"key11754598510847": "value-3"}
2025-08-07 20:28:35,309 INFO  [io.api.tes.ser.api.KafkaSerdesTester] (Thread-673) topic-683a3796_16f5_4da2_93af_ed68eaf59885 0 4 {"key11754598510847": "value-4"}
2025-08-07 20:28:35,310 INFO  [io.api.tes.ser.api.KafkaSerdesTester] (Thread-673) topic-683a3796_16f5_4da2_93af_ed68eaf59885 0 5 {"key11754598510847": "value-5"}
2025-08-07 20:28:35,310 INFO  [io.api.tes.ser.api.KafkaSerdesTester] (Thread-673) topic-683a3796_16f5_4da2_93af_ed68eaf59885 0 6 {"key11754598510847": "value-6"}
2025-08-07 20:28:35,310 INFO  [io.api.tes.ser.api.KafkaSerdesTester] (Thread-673) topic-683a3796_16f5_4da2_93af_ed68eaf59885 0 7 {"key11754598510847": "value-7"}
2025-08-07 20:28:35,310 INFO  [io.api.tes.ser.api.KafkaSerdesTester] (Thread-673) topic-683a3796_16f5_4da2_93af_ed68eaf59885 0 8 {"key11754598510847": "value-8"}
2025-08-07 20:28:35,310 INFO  [io.api.tes.ser.api.KafkaSerdesTester] (Thread-673) topic-683a3796_16f5_4da2_93af_ed68eaf59885 0 9 {"key11754598510847": "value-9"}
2025-08-07 20:28:35,310 INFO  [io.api.tes.ser.api.KafkaSerdesTester] (Thread-673) Consumed 10 messages
2025-08-07 20:28:35,317 INFO  [org.apa.kaf.cli.con.int.ConsumerRebalanceListenerInvoker] (Thread-673) [Consumer clientId=consumer-Consumer-topic-683a3796_16f5_4da2_93af_ed68eaf59885-10, groupId=Consumer-topic-683a3796_16f5_4da2_93af_ed68eaf59885] Revoke previously assigned partitions topic-683a3796_16f5_4da2_93af_ed68eaf59885-0
2025-08-07 20:28:35,317 INFO  [org.apa.kaf.cli.con.int.ConsumerCoordinator] (Thread-673) [Consumer clientId=consumer-Consumer-topic-683a3796_16f5_4da2_93af_ed68eaf59885-10, groupId=Consumer-topic-683a3796_16f5_4da2_93af_ed68eaf59885] Member consumer-Consumer-topic-683a3796_16f5_4da2_93af_ed68eaf59885-10-7f2c71d4-007a-4658-ac86-0b9c07482a37 sending LeaveGroup request to coordinator localhost:32769 (id: 2147483647 rack: null) due to the consumer is being closed
2025-08-07 20:28:35,317 INFO  [org.apa.kaf.cli.con.int.ConsumerCoordinator] (Thread-673) [Consumer clientId=consumer-Consumer-topic-683a3796_16f5_4da2_93af_ed68eaf59885-10, groupId=Consumer-topic-683a3796_16f5_4da2_93af_ed68eaf59885] Resetting generation and member id due to: consumer pro-actively leaving the group
2025-08-07 20:28:35,317 INFO  [org.apa.kaf.cli.con.int.ConsumerCoordinator] (Thread-673) [Consumer clientId=consumer-Consumer-topic-683a3796_16f5_4da2_93af_ed68eaf59885-10, groupId=Consumer-topic-683a3796_16f5_4da2_93af_ed68eaf59885] Request joining group due to: consumer pro-actively leaving the group
2025-08-07 20:28:35,811 INFO  [org.apa.kaf.com.met.Metrics] (Thread-673) Metrics scheduler closed
2025-08-07 20:28:35,811 INFO  [org.apa.kaf.com.met.Metrics] (Thread-673) Closing reporter org.apache.kafka.common.metrics.JmxReporter
2025-08-07 20:28:35,811 INFO  [org.apa.kaf.com.met.Metrics] (Thread-673) Closing reporter org.apache.kafka.common.telemetry.internals.ClientTelemetryReporter
2025-08-07 20:28:35,811 INFO  [org.apa.kaf.com.met.Metrics] (Thread-673) Metrics reporters closed
2025-08-07 20:28:35,814 INFO  [org.apa.kaf.com.uti.AppInfoParser] (Thread-673) App info kafka.consumer for consumer-Consumer-topic-683a3796_16f5_4da2_93af_ed68eaf59885-10 unregistered
2025-08-07 20:28:35,815 INFO  [io.api.tes.ser.api.AvroSerdeIT] (main) Registering Avro Schema 2: {"type":"record","name":"s89ce449exc99ex49cfx89e6x97ed8308ea9a","namespace":"ns_e54435d9_3017_4528_a6f8_b0ee45a99ac3","fields":[{"name":"key11754598510847","type":"string"},{"name":"key21754598515814","type":"string"}]}
**** Registry Base URL: http://registry-app-pg17.apps.ci419.apicurio-testing.org:80
2025-08-07 20:28:36,932 INFO  [org.apa.kaf.cli.pro.ProducerConfig] (main) ProducerConfig values: 
	acks = -1
	auto.include.jmx.reporter = true
	batch.size = 16384
	bootstrap.servers = [PLAINTEXT://localhost:32769]
	buffer.memory = 33554432
	client.dns.lookup = use_all_dns_ips
	client.id = Producer-topic-683a3796_16f5_4da2_93af_ed68eaf59885
	compression.gzip.level = -1
	compression.lz4.level = 9
	compression.type = none
	compression.zstd.level = 3
	connections.max.idle.ms = 10000
	delivery.timeout.ms = 120000
	enable.idempotence = true
	enable.metrics.push = true
	interceptor.classes = []
	key.serializer = class org.apache.kafka.common.serialization.StringSerializer
	linger.ms = 0
	max.block.ms = 60000
	max.in.flight.requests.per.connection = 5
	max.request.size = 1048576
	metadata.max.age.ms = 300000
	metadata.max.idle.ms = 300000
	metadata.recovery.strategy = none
	metric.reporters = []
	metrics.num.samples = 2
	metrics.recording.level = INFO
	metrics.sample.window.ms = 30000
	partitioner.adaptive.partitioning.enable = true
	partitioner.availability.timeout.ms = 0
	partitioner.class = null
	partitioner.ignore.keys = false
	receive.buffer.bytes = 32768
	reconnect.backoff.max.ms = 1000
	reconnect.backoff.ms = 50
	request.timeout.ms = 5000
	retries = 2147483647
	retry.backoff.max.ms = 1000
	retry.backoff.ms = 100
	sasl.client.callback.handler.class = null
	sasl.jaas.config = null
	sasl.kerberos.kinit.cmd = /usr/bin/kinit
	sasl.kerberos.min.time.before.relogin = 60000
	sasl.kerberos.service.name = null
	sasl.kerberos.ticket.renew.jitter = 0.05
	sasl.kerberos.ticket.renew.window.factor = 0.8
	sasl.login.callback.handler.class = null
	sasl.login.class = null
	sasl.login.connect.timeout.ms = null
	sasl.login.read.timeout.ms = null
	sasl.login.refresh.buffer.seconds = 300
	sasl.login.refresh.min.period.seconds = 60
	sasl.login.refresh.window.factor = 0.8
	sasl.login.refresh.window.jitter = 0.05
	sasl.login.retry.backoff.max.ms = 10000
	sasl.login.retry.backoff.ms = 100
	sasl.mechanism = GSSAPI
	sasl.oauthbearer.clock.skew.seconds = 30
	sasl.oauthbearer.expected.audience = null
	sasl.oauthbearer.expected.issuer = null
	sasl.oauthbearer.header.urlencode = false
	sasl.oauthbearer.jwks.endpoint.refresh.ms = 3600000
	sasl.oauthbearer.jwks.endpoint.retry.backoff.max.ms = 10000
	sasl.oauthbearer.jwks.endpoint.retry.backoff.ms = 100
	sasl.oauthbearer.jwks.endpoint.url = null
	sasl.oauthbearer.scope.claim.name = scope
	sasl.oauthbearer.sub.claim.name = sub
	sasl.oauthbearer.token.endpoint.url = null
	security.protocol = PLAINTEXT
	security.providers = null
	send.buffer.bytes = 131072
	socket.connection.setup.timeout.max.ms = 30000
	socket.connection.setup.timeout.ms = 10000
	ssl.cipher.suites = null
	ssl.enabled.protocols = [TLSv1.2, TLSv1.3]
	ssl.endpoint.identification.algorithm = https
	ssl.engine.factory.class = null
	ssl.key.password = null
	ssl.keymanager.algorithm = SunX509
	ssl.keystore.certificate.chain = null
	ssl.keystore.key = null
	ssl.keystore.location = null
	ssl.keystore.password = null
	ssl.keystore.type = JKS
	ssl.protocol = TLSv1.3
	ssl.provider = null
	ssl.secure.random.implementation = null
	ssl.trustmanager.algorithm = PKIX
	ssl.truststore.certificates = null
	ssl.truststore.location = null
	ssl.truststore.password = null
	ssl.truststore.type = JKS
	transaction.timeout.ms = 60000
	transactional.id = null
	value.serializer = class io.apicurio.registry.serde.avro.AvroKafkaSerializer

2025-08-07 20:28:36,932 INFO  [org.apa.kaf.com.tel.int.KafkaMetricsCollector] (main) initializing Kafka metrics collector
2025-08-07 20:28:36,935 INFO  [org.apa.kaf.cli.pro.KafkaProducer] (main) [Producer clientId=Producer-topic-683a3796_16f5_4da2_93af_ed68eaf59885] Instantiated an idempotent producer.
2025-08-07 20:28:36,936 INFO  [org.apa.kaf.cli.pro.ProducerConfig] (main) These configurations '[apicurio.registry.url, apicurio.registry.artifact-resolver-strategy]' were supplied but are not used yet.
2025-08-07 20:28:36,936 INFO  [org.apa.kaf.com.uti.AppInfoParser] (main) Kafka version: 3.9.1
2025-08-07 20:28:36,936 INFO  [org.apa.kaf.com.uti.AppInfoParser] (main) Kafka commitId: f745dfdcee2b9851
2025-08-07 20:28:36,936 INFO  [org.apa.kaf.com.uti.AppInfoParser] (main) Kafka startTimeMs: 1754598516936
2025-08-07 20:28:36,937 INFO  [io.api.tes.ser.api.KafkaSerdesTester] (Thread-676) Sending message {"key11754598510847": "value-0", "key21754598515814": "value-0"} to topic topic-683a3796_16f5_4da2_93af_ed68eaf59885
2025-08-07 20:28:36,943 INFO  [org.apa.kaf.cli.Metadata] (kafka-producer-network-thread | Producer-topic-683a3796_16f5_4da2_93af_ed68eaf59885) [Producer clientId=Producer-topic-683a3796_16f5_4da2_93af_ed68eaf59885] Cluster ID: g89mLo7yQq6pgEL9WhhAvA
2025-08-07 20:28:36,943 INFO  [org.apa.kaf.cli.pro.int.TransactionManager] (kafka-producer-network-thread | Producer-topic-683a3796_16f5_4da2_93af_ed68eaf59885) [Producer clientId=Producer-topic-683a3796_16f5_4da2_93af_ed68eaf59885] ProducerId set to 13 with epoch 0
2025-08-07 20:28:36,943 INFO  [DefaultSchemaResolver] (Thread-676) Retrieving schema content using string: {"type":"record","name":"s89ce449exc99ex49cfx89e6x97ed8308ea9a","namespace":"ns_e54435d9_3017_4528_a6f8_b0ee45a99ac3","fields":[{"name":"key11754598510847","type":"string"},{"name":"key21754598515814","type":"string"}]}
2025-08-07 20:28:37,048 INFO  [io.api.tes.ser.api.KafkaSerdesTester] (Thread-676) Sending message {"key11754598510847": "value-1", "key21754598515814": "value-1"} to topic topic-683a3796_16f5_4da2_93af_ed68eaf59885
2025-08-07 20:28:37,051 INFO  [io.api.tes.ser.api.KafkaSerdesTester] (Thread-676) Sending message {"key11754598510847": "value-2", "key21754598515814": "value-2"} to topic topic-683a3796_16f5_4da2_93af_ed68eaf59885
2025-08-07 20:28:37,053 INFO  [io.api.tes.ser.api.KafkaSerdesTester] (Thread-676) Sending message {"key11754598510847": "value-3", "key21754598515814": "value-3"} to topic topic-683a3796_16f5_4da2_93af_ed68eaf59885
2025-08-07 20:28:37,056 INFO  [io.api.tes.ser.api.KafkaSerdesTester] (Thread-676) Sending message {"key11754598510847": "value-4", "key21754598515814": "value-4"} to topic topic-683a3796_16f5_4da2_93af_ed68eaf59885
2025-08-07 20:28:37,057 INFO  [io.api.tes.ser.api.KafkaSerdesTester] (Thread-676) Sending message {"key11754598510847": "value-5", "key21754598515814": "value-5"} to topic topic-683a3796_16f5_4da2_93af_ed68eaf59885
2025-08-07 20:28:37,059 INFO  [io.api.tes.ser.api.KafkaSerdesTester] (Thread-676) Sending message {"key11754598510847": "value-6", "key21754598515814": "value-6"} to topic topic-683a3796_16f5_4da2_93af_ed68eaf59885
2025-08-07 20:28:37,061 INFO  [io.api.tes.ser.api.KafkaSerdesTester] (Thread-676) Sending message {"key11754598510847": "value-7", "key21754598515814": "value-7"} to topic topic-683a3796_16f5_4da2_93af_ed68eaf59885
2025-08-07 20:28:37,062 INFO  [io.api.tes.ser.api.KafkaSerdesTester] (Thread-676) Sending message {"key11754598510847": "value-8", "key21754598515814": "value-8"} to topic topic-683a3796_16f5_4da2_93af_ed68eaf59885
2025-08-07 20:28:37,063 INFO  [io.api.tes.ser.api.KafkaSerdesTester] (Thread-676) Sending message {"key11754598510847": "value-9", "key21754598515814": "value-9"} to topic topic-683a3796_16f5_4da2_93af_ed68eaf59885
2025-08-07 20:28:37,064 INFO  [io.api.tes.ser.api.KafkaSerdesTester] (Thread-676) Produced 10 messages
2025-08-07 20:28:37,064 INFO  [org.apa.kaf.cli.pro.KafkaProducer] (Thread-676) [Producer clientId=Producer-topic-683a3796_16f5_4da2_93af_ed68eaf59885] Closing the Kafka producer with timeoutMillis = 9223372036854775807 ms.
2025-08-07 20:28:37,067 INFO  [org.apa.kaf.com.met.Metrics] (Thread-676) Metrics scheduler closed
2025-08-07 20:28:37,067 INFO  [org.apa.kaf.com.met.Metrics] (Thread-676) Closing reporter org.apache.kafka.common.metrics.JmxReporter
2025-08-07 20:28:37,067 INFO  [org.apa.kaf.com.met.Metrics] (Thread-676) Closing reporter org.apache.kafka.common.telemetry.internals.ClientTelemetryReporter
2025-08-07 20:28:37,067 INFO  [org.apa.kaf.com.met.Metrics] (Thread-676) Metrics reporters closed
2025-08-07 20:28:37,067 INFO  [org.apa.kaf.com.uti.AppInfoParser] (Thread-676) App info kafka.producer for Producer-topic-683a3796_16f5_4da2_93af_ed68eaf59885 unregistered
**** Registry Base URL: http://registry-app-pg17.apps.ci419.apicurio-testing.org:80
2025-08-07 20:28:37,068 INFO  [org.apa.kaf.cli.pro.ProducerConfig] (main) ProducerConfig values: 
	acks = -1
	auto.include.jmx.reporter = true
	batch.size = 16384
	bootstrap.servers = [PLAINTEXT://localhost:32769]
	buffer.memory = 33554432
	client.dns.lookup = use_all_dns_ips
	client.id = Producer-topic-683a3796_16f5_4da2_93af_ed68eaf59885
	compression.gzip.level = -1
	compression.lz4.level = 9
	compression.type = none
	compression.zstd.level = 3
	connections.max.idle.ms = 10000
	delivery.timeout.ms = 120000
	enable.idempotence = true
	enable.metrics.push = true
	interceptor.classes = []
	key.serializer = class org.apache.kafka.common.serialization.StringSerializer
	linger.ms = 0
	max.block.ms = 60000
	max.in.flight.requests.per.connection = 5
	max.request.size = 1048576
	metadata.max.age.ms = 300000
	metadata.max.idle.ms = 300000
	metadata.recovery.strategy = none
	metric.reporters = []
	metrics.num.samples = 2
	metrics.recording.level = INFO
	metrics.sample.window.ms = 30000
	partitioner.adaptive.partitioning.enable = true
	partitioner.availability.timeout.ms = 0
	partitioner.class = null
	partitioner.ignore.keys = false
	receive.buffer.bytes = 32768
	reconnect.backoff.max.ms = 1000
	reconnect.backoff.ms = 50
	request.timeout.ms = 5000
	retries = 2147483647
	retry.backoff.max.ms = 1000
	retry.backoff.ms = 100
	sasl.client.callback.handler.class = null
	sasl.jaas.config = null
	sasl.kerberos.kinit.cmd = /usr/bin/kinit
	sasl.kerberos.min.time.before.relogin = 60000
	sasl.kerberos.service.name = null
	sasl.kerberos.ticket.renew.jitter = 0.05
	sasl.kerberos.ticket.renew.window.factor = 0.8
	sasl.login.callback.handler.class = null
	sasl.login.class = null
	sasl.login.connect.timeout.ms = null
	sasl.login.read.timeout.ms = null
	sasl.login.refresh.buffer.seconds = 300
	sasl.login.refresh.min.period.seconds = 60
	sasl.login.refresh.window.factor = 0.8
	sasl.login.refresh.window.jitter = 0.05
	sasl.login.retry.backoff.max.ms = 10000
	sasl.login.retry.backoff.ms = 100
	sasl.mechanism = GSSAPI
	sasl.oauthbearer.clock.skew.seconds = 30
	sasl.oauthbearer.expected.audience = null
	sasl.oauthbearer.expected.issuer = null
	sasl.oauthbearer.header.urlencode = false
	sasl.oauthbearer.jwks.endpoint.refresh.ms = 3600000
	sasl.oauthbearer.jwks.endpoint.retry.backoff.max.ms = 10000
	sasl.oauthbearer.jwks.endpoint.retry.backoff.ms = 100
	sasl.oauthbearer.jwks.endpoint.url = null
	sasl.oauthbearer.scope.claim.name = scope
	sasl.oauthbearer.sub.claim.name = sub
	sasl.oauthbearer.token.endpoint.url = null
	security.protocol = PLAINTEXT
	security.providers = null
	send.buffer.bytes = 131072
	socket.connection.setup.timeout.max.ms = 30000
	socket.connection.setup.timeout.ms = 10000
	ssl.cipher.suites = null
	ssl.enabled.protocols = [TLSv1.2, TLSv1.3]
	ssl.endpoint.identification.algorithm = https
	ssl.engine.factory.class = null
	ssl.key.password = null
	ssl.keymanager.algorithm = SunX509
	ssl.keystore.certificate.chain = null
	ssl.keystore.key = null
	ssl.keystore.location = null
	ssl.keystore.password = null
	ssl.keystore.type = JKS
	ssl.protocol = TLSv1.3
	ssl.provider = null
	ssl.secure.random.implementation = null
	ssl.trustmanager.algorithm = PKIX
	ssl.truststore.certificates = null
	ssl.truststore.location = null
	ssl.truststore.password = null
	ssl.truststore.type = JKS
	transaction.timeout.ms = 60000
	transactional.id = null
	value.serializer = class io.apicurio.registry.serde.avro.AvroKafkaSerializer

2025-08-07 20:28:37,069 INFO  [org.apa.kaf.com.tel.int.KafkaMetricsCollector] (main) initializing Kafka metrics collector
2025-08-07 20:28:37,074 INFO  [org.apa.kaf.cli.pro.KafkaProducer] (main) [Producer clientId=Producer-topic-683a3796_16f5_4da2_93af_ed68eaf59885] Instantiated an idempotent producer.
2025-08-07 20:28:37,078 INFO  [org.apa.kaf.cli.pro.ProducerConfig] (main) These configurations '[apicurio.registry.url, apicurio.registry.artifact-resolver-strategy]' were supplied but are not used yet.
2025-08-07 20:28:37,078 INFO  [org.apa.kaf.com.uti.AppInfoParser] (main) Kafka version: 3.9.1
2025-08-07 20:28:37,078 INFO  [org.apa.kaf.com.uti.AppInfoParser] (main) Kafka commitId: f745dfdcee2b9851
2025-08-07 20:28:37,078 INFO  [org.apa.kaf.com.uti.AppInfoParser] (main) Kafka startTimeMs: 1754598517078
2025-08-07 20:28:37,079 INFO  [io.api.tes.ser.api.KafkaSerdesTester] (Thread-679) Sending message {"key11754598510847": "value-0"} to topic topic-683a3796_16f5_4da2_93af_ed68eaf59885
2025-08-07 20:28:37,083 INFO  [org.apa.kaf.cli.Metadata] (kafka-producer-network-thread | Producer-topic-683a3796_16f5_4da2_93af_ed68eaf59885) [Producer clientId=Producer-topic-683a3796_16f5_4da2_93af_ed68eaf59885] Cluster ID: g89mLo7yQq6pgEL9WhhAvA
2025-08-07 20:28:37,083 INFO  [DefaultSchemaResolver] (Thread-679) Retrieving schema content using string: {"type":"record","name":"s89ce449exc99ex49cfx89e6x97ed8308ea9a","namespace":"ns_e54435d9_3017_4528_a6f8_b0ee45a99ac3","fields":[{"name":"key11754598510847","type":"string"}]}
2025-08-07 20:28:37,085 INFO  [org.apa.kaf.cli.pro.int.TransactionManager] (kafka-producer-network-thread | Producer-topic-683a3796_16f5_4da2_93af_ed68eaf59885) [Producer clientId=Producer-topic-683a3796_16f5_4da2_93af_ed68eaf59885] ProducerId set to 14 with epoch 0
2025-08-07 20:28:37,169 INFO  [io.api.tes.ser.api.KafkaSerdesTester] (Thread-679) Sending message {"key11754598510847": "value-1"} to topic topic-683a3796_16f5_4da2_93af_ed68eaf59885
2025-08-07 20:28:37,170 INFO  [io.api.tes.ser.api.KafkaSerdesTester] (Thread-679) Sending message {"key11754598510847": "value-2"} to topic topic-683a3796_16f5_4da2_93af_ed68eaf59885
2025-08-07 20:28:37,171 INFO  [io.api.tes.ser.api.KafkaSerdesTester] (Thread-679) Sending message {"key11754598510847": "value-3"} to topic topic-683a3796_16f5_4da2_93af_ed68eaf59885
2025-08-07 20:28:37,172 INFO  [io.api.tes.ser.api.KafkaSerdesTester] (Thread-679) Sending message {"key11754598510847": "value-4"} to topic topic-683a3796_16f5_4da2_93af_ed68eaf59885
2025-08-07 20:28:37,174 INFO  [io.api.tes.ser.api.KafkaSerdesTester] (Thread-679) Sending message {"key11754598510847": "value-5"} to topic topic-683a3796_16f5_4da2_93af_ed68eaf59885
2025-08-07 20:28:37,177 INFO  [io.api.tes.ser.api.KafkaSerdesTester] (Thread-679) Sending message {"key11754598510847": "value-6"} to topic topic-683a3796_16f5_4da2_93af_ed68eaf59885
2025-08-07 20:28:37,178 INFO  [io.api.tes.ser.api.KafkaSerdesTester] (Thread-679) Sending message {"key11754598510847": "value-7"} to topic topic-683a3796_16f5_4da2_93af_ed68eaf59885
2025-08-07 20:28:37,180 INFO  [io.api.tes.ser.api.KafkaSerdesTester] (Thread-679) Sending message {"key11754598510847": "value-8"} to topic topic-683a3796_16f5_4da2_93af_ed68eaf59885
2025-08-07 20:28:37,182 INFO  [io.api.tes.ser.api.KafkaSerdesTester] (Thread-679) Sending message {"key11754598510847": "value-9"} to topic topic-683a3796_16f5_4da2_93af_ed68eaf59885
2025-08-07 20:28:37,184 INFO  [io.api.tes.ser.api.KafkaSerdesTester] (Thread-679) Produced 10 messages
2025-08-07 20:28:37,184 INFO  [org.apa.kaf.cli.pro.KafkaProducer] (Thread-679) [Producer clientId=Producer-topic-683a3796_16f5_4da2_93af_ed68eaf59885] Closing the Kafka producer with timeoutMillis = 9223372036854775807 ms.
2025-08-07 20:28:37,188 INFO  [org.apa.kaf.com.met.Metrics] (Thread-679) Metrics scheduler closed
2025-08-07 20:28:37,188 INFO  [org.apa.kaf.com.met.Metrics] (Thread-679) Closing reporter org.apache.kafka.common.metrics.JmxReporter
2025-08-07 20:28:37,188 INFO  [org.apa.kaf.com.met.Metrics] (Thread-679) Closing reporter org.apache.kafka.common.telemetry.internals.ClientTelemetryReporter
2025-08-07 20:28:37,188 INFO  [org.apa.kaf.com.met.Metrics] (Thread-679) Metrics reporters closed
2025-08-07 20:28:37,189 INFO  [org.apa.kaf.com.uti.AppInfoParser] (Thread-679) App info kafka.producer for Producer-topic-683a3796_16f5_4da2_93af_ed68eaf59885 unregistered
**** Registry Base URL: http://registry-app-pg17.apps.ci419.apicurio-testing.org:80
2025-08-07 20:28:37,189 INFO  [org.apa.kaf.cli.con.ConsumerConfig] (main) ConsumerConfig values: 
	allow.auto.create.topics = true
	auto.commit.interval.ms = 500
	auto.include.jmx.reporter = true
	auto.offset.reset = earliest
	bootstrap.servers = [PLAINTEXT://localhost:32769]
	check.crcs = true
	client.dns.lookup = use_all_dns_ips
	client.id = consumer-Consumer-topic-683a3796_16f5_4da2_93af_ed68eaf59885-11
	client.rack = 
	connections.max.idle.ms = 10000
	default.api.timeout.ms = 60000
	enable.auto.commit = true
	enable.metrics.push = true
	exclude.internal.topics = true
	fetch.max.bytes = 52428800
	fetch.max.wait.ms = 500
	fetch.min.bytes = 1
	group.id = Consumer-topic-683a3796_16f5_4da2_93af_ed68eaf59885
	group.instance.id = null
	group.protocol = classic
	group.remote.assignor = null
	heartbeat.interval.ms = 3000
	interceptor.classes = []
	internal.leave.group.on.close = true
	internal.throw.on.fetch.stable.offset.unsupported = false
	isolation.level = read_uncommitted
	key.deserializer = class org.apache.kafka.common.serialization.StringDeserializer
	max.partition.fetch.bytes = 1048576
	max.poll.interval.ms = 300000
	max.poll.records = 500
	metadata.max.age.ms = 300000
	metadata.recovery.strategy = none
	metric.reporters = []
	metrics.num.samples = 2
	metrics.recording.level = INFO
	metrics.sample.window.ms = 30000
	partition.assignment.strategy = [class org.apache.kafka.clients.consumer.RangeAssignor, class org.apache.kafka.clients.consumer.CooperativeStickyAssignor]
	receive.buffer.bytes = 65536
	reconnect.backoff.max.ms = 1000
	reconnect.backoff.ms = 50
	request.timeout.ms = 5000
	retry.backoff.max.ms = 1000
	retry.backoff.ms = 100
	sasl.client.callback.handler.class = null
	sasl.jaas.config = null
	sasl.kerberos.kinit.cmd = /usr/bin/kinit
	sasl.kerberos.min.time.before.relogin = 60000
	sasl.kerberos.service.name = null
	sasl.kerberos.ticket.renew.jitter = 0.05
	sasl.kerberos.ticket.renew.window.factor = 0.8
	sasl.login.callback.handler.class = null
	sasl.login.class = null
	sasl.login.connect.timeout.ms = null
	sasl.login.read.timeout.ms = null
	sasl.login.refresh.buffer.seconds = 300
	sasl.login.refresh.min.period.seconds = 60
	sasl.login.refresh.window.factor = 0.8
	sasl.login.refresh.window.jitter = 0.05
	sasl.login.retry.backoff.max.ms = 10000
	sasl.login.retry.backoff.ms = 100
	sasl.mechanism = GSSAPI
	sasl.oauthbearer.clock.skew.seconds = 30
	sasl.oauthbearer.expected.audience = null
	sasl.oauthbearer.expected.issuer = null
	sasl.oauthbearer.header.urlencode = false
	sasl.oauthbearer.jwks.endpoint.refresh.ms = 3600000
	sasl.oauthbearer.jwks.endpoint.retry.backoff.max.ms = 10000
	sasl.oauthbearer.jwks.endpoint.retry.backoff.ms = 100
	sasl.oauthbearer.jwks.endpoint.url = null
	sasl.oauthbearer.scope.claim.name = scope
	sasl.oauthbearer.sub.claim.name = sub
	sasl.oauthbearer.token.endpoint.url = null
	security.protocol = PLAINTEXT
	security.providers = null
	send.buffer.bytes = 131072
	session.timeout.ms = 45000
	socket.connection.setup.timeout.max.ms = 30000
	socket.connection.setup.timeout.ms = 10000
	ssl.cipher.suites = null
	ssl.enabled.protocols = [TLSv1.2, TLSv1.3]
	ssl.endpoint.identification.algorithm = https
	ssl.engine.factory.class = null
	ssl.key.password = null
	ssl.keymanager.algorithm = SunX509
	ssl.keystore.certificate.chain = null
	ssl.keystore.key = null
	ssl.keystore.location = null
	ssl.keystore.password = null
	ssl.keystore.type = JKS
	ssl.protocol = TLSv1.3
	ssl.provider = null
	ssl.secure.random.implementation = null
	ssl.trustmanager.algorithm = PKIX
	ssl.truststore.certificates = null
	ssl.truststore.location = null
	ssl.truststore.password = null
	ssl.truststore.type = JKS
	value.deserializer = class io.apicurio.registry.serde.avro.AvroKafkaDeserializer

2025-08-07 20:28:37,190 INFO  [org.apa.kaf.com.tel.int.KafkaMetricsCollector] (main) initializing Kafka metrics collector
2025-08-07 20:28:37,204 INFO  [org.apa.kaf.cli.con.ConsumerConfig] (main) These configurations '[apicurio.registry.url]' were supplied but are not used yet.
2025-08-07 20:28:37,204 INFO  [org.apa.kaf.com.uti.AppInfoParser] (main) Kafka version: 3.9.1
2025-08-07 20:28:37,204 INFO  [org.apa.kaf.com.uti.AppInfoParser] (main) Kafka commitId: f745dfdcee2b9851
2025-08-07 20:28:37,204 INFO  [org.apa.kaf.com.uti.AppInfoParser] (main) Kafka startTimeMs: 1754598517204
2025-08-07 20:28:37,205 INFO  [org.apa.kaf.cli.con.int.ClassicKafkaConsumer] (Thread-682) [Consumer clientId=consumer-Consumer-topic-683a3796_16f5_4da2_93af_ed68eaf59885-11, groupId=Consumer-topic-683a3796_16f5_4da2_93af_ed68eaf59885] Subscribed to topic(s): topic-683a3796_16f5_4da2_93af_ed68eaf59885
2025-08-07 20:28:37,208 INFO  [org.apa.kaf.cli.Metadata] (Thread-682) [Consumer clientId=consumer-Consumer-topic-683a3796_16f5_4da2_93af_ed68eaf59885-11, groupId=Consumer-topic-683a3796_16f5_4da2_93af_ed68eaf59885] Cluster ID: g89mLo7yQq6pgEL9WhhAvA
2025-08-07 20:28:37,209 INFO  [org.apa.kaf.cli.con.int.ConsumerCoordinator] (Thread-682) [Consumer clientId=consumer-Consumer-topic-683a3796_16f5_4da2_93af_ed68eaf59885-11, groupId=Consumer-topic-683a3796_16f5_4da2_93af_ed68eaf59885] Discovered group coordinator localhost:32769 (id: 2147483647 rack: null)
2025-08-07 20:28:37,210 INFO  [org.apa.kaf.cli.con.int.ConsumerCoordinator] (Thread-682) [Consumer clientId=consumer-Consumer-topic-683a3796_16f5_4da2_93af_ed68eaf59885-11, groupId=Consumer-topic-683a3796_16f5_4da2_93af_ed68eaf59885] (Re-)joining group
2025-08-07 20:28:37,212 INFO  [org.apa.kaf.cli.con.int.ConsumerCoordinator] (Thread-682) [Consumer clientId=consumer-Consumer-topic-683a3796_16f5_4da2_93af_ed68eaf59885-11, groupId=Consumer-topic-683a3796_16f5_4da2_93af_ed68eaf59885] Request joining group due to: need to re-join with the given member-id: consumer-Consumer-topic-683a3796_16f5_4da2_93af_ed68eaf59885-11-65366344-39a4-4a98-a0a7-8cf593cf7c31
2025-08-07 20:28:37,212 INFO  [org.apa.kaf.cli.con.int.ConsumerCoordinator] (Thread-682) [Consumer clientId=consumer-Consumer-topic-683a3796_16f5_4da2_93af_ed68eaf59885-11, groupId=Consumer-topic-683a3796_16f5_4da2_93af_ed68eaf59885] (Re-)joining group
2025-08-07 20:28:38,205 INFO  [io.api.tes.ser.api.KafkaSerdesTester] (Thread-682) None found
2025-08-07 20:28:39,206 INFO  [io.api.tes.ser.api.KafkaSerdesTester] (Thread-682) None found
2025-08-07 20:28:40,206 INFO  [io.api.tes.ser.api.KafkaSerdesTester] (Thread-682) None found
2025-08-07 20:28:40,214 INFO  [org.apa.kaf.cli.con.int.ConsumerCoordinator] (Thread-682) [Consumer clientId=consumer-Consumer-topic-683a3796_16f5_4da2_93af_ed68eaf59885-11, groupId=Consumer-topic-683a3796_16f5_4da2_93af_ed68eaf59885] Successfully joined group with generation Generation{generationId=3, memberId='consumer-Consumer-topic-683a3796_16f5_4da2_93af_ed68eaf59885-11-65366344-39a4-4a98-a0a7-8cf593cf7c31', protocol='range'}
2025-08-07 20:28:40,214 INFO  [org.apa.kaf.cli.con.int.ConsumerCoordinator] (Thread-682) [Consumer clientId=consumer-Consumer-topic-683a3796_16f5_4da2_93af_ed68eaf59885-11, groupId=Consumer-topic-683a3796_16f5_4da2_93af_ed68eaf59885] Finished assignment for group at generation 3: {consumer-Consumer-topic-683a3796_16f5_4da2_93af_ed68eaf59885-11-65366344-39a4-4a98-a0a7-8cf593cf7c31=Assignment(partitions=[topic-683a3796_16f5_4da2_93af_ed68eaf59885-0])}
2025-08-07 20:28:40,221 INFO  [org.apa.kaf.cli.con.int.ConsumerCoordinator] (Thread-682) [Consumer clientId=consumer-Consumer-topic-683a3796_16f5_4da2_93af_ed68eaf59885-11, groupId=Consumer-topic-683a3796_16f5_4da2_93af_ed68eaf59885] Successfully synced group in generation Generation{generationId=3, memberId='consumer-Consumer-topic-683a3796_16f5_4da2_93af_ed68eaf59885-11-65366344-39a4-4a98-a0a7-8cf593cf7c31', protocol='range'}
2025-08-07 20:28:40,221 INFO  [org.apa.kaf.cli.con.int.ConsumerCoordinator] (Thread-682) [Consumer clientId=consumer-Consumer-topic-683a3796_16f5_4da2_93af_ed68eaf59885-11, groupId=Consumer-topic-683a3796_16f5_4da2_93af_ed68eaf59885] Notifying assignor about the new Assignment(partitions=[topic-683a3796_16f5_4da2_93af_ed68eaf59885-0])
2025-08-07 20:28:40,221 INFO  [org.apa.kaf.cli.con.int.ConsumerRebalanceListenerInvoker] (Thread-682) [Consumer clientId=consumer-Consumer-topic-683a3796_16f5_4da2_93af_ed68eaf59885-11, groupId=Consumer-topic-683a3796_16f5_4da2_93af_ed68eaf59885] Adding newly assigned partitions: topic-683a3796_16f5_4da2_93af_ed68eaf59885-0
2025-08-07 20:28:40,223 INFO  [org.apa.kaf.cli.con.int.ConsumerUtils] (Thread-682) Setting offset for partition topic-683a3796_16f5_4da2_93af_ed68eaf59885-0 to the committed offset FetchPosition{offset=10, offsetEpoch=Optional[0], currentLeader=LeaderAndEpoch{leader=Optional[localhost:32769 (id: 0 rack: null)], epoch=0}}
2025-08-07 20:28:40,432 INFO  [io.api.tes.ser.api.KafkaSerdesTester] (Thread-682) topic-683a3796_16f5_4da2_93af_ed68eaf59885 0 10 {"key11754598510847": "value-0", "key21754598515814": "value-0"}
2025-08-07 20:28:40,432 INFO  [io.api.tes.ser.api.KafkaSerdesTester] (Thread-682) topic-683a3796_16f5_4da2_93af_ed68eaf59885 0 11 {"key11754598510847": "value-1", "key21754598515814": "value-1"}
2025-08-07 20:28:40,432 INFO  [io.api.tes.ser.api.KafkaSerdesTester] (Thread-682) topic-683a3796_16f5_4da2_93af_ed68eaf59885 0 12 {"key11754598510847": "value-2", "key21754598515814": "value-2"}
2025-08-07 20:28:40,432 INFO  [io.api.tes.ser.api.KafkaSerdesTester] (Thread-682) topic-683a3796_16f5_4da2_93af_ed68eaf59885 0 13 {"key11754598510847": "value-3", "key21754598515814": "value-3"}
2025-08-07 20:28:40,432 INFO  [io.api.tes.ser.api.KafkaSerdesTester] (Thread-682) topic-683a3796_16f5_4da2_93af_ed68eaf59885 0 14 {"key11754598510847": "value-4", "key21754598515814": "value-4"}
2025-08-07 20:28:40,432 INFO  [io.api.tes.ser.api.KafkaSerdesTester] (Thread-682) topic-683a3796_16f5_4da2_93af_ed68eaf59885 0 15 {"key11754598510847": "value-5", "key21754598515814": "value-5"}
2025-08-07 20:28:40,432 INFO  [io.api.tes.ser.api.KafkaSerdesTester] (Thread-682) topic-683a3796_16f5_4da2_93af_ed68eaf59885 0 16 {"key11754598510847": "value-6", "key21754598515814": "value-6"}
2025-08-07 20:28:40,432 INFO  [io.api.tes.ser.api.KafkaSerdesTester] (Thread-682) topic-683a3796_16f5_4da2_93af_ed68eaf59885 0 17 {"key11754598510847": "value-7", "key21754598515814": "value-7"}
2025-08-07 20:28:40,432 INFO  [io.api.tes.ser.api.KafkaSerdesTester] (Thread-682) topic-683a3796_16f5_4da2_93af_ed68eaf59885 0 18 {"key11754598510847": "value-8", "key21754598515814": "value-8"}
2025-08-07 20:28:40,432 INFO  [io.api.tes.ser.api.KafkaSerdesTester] (Thread-682) topic-683a3796_16f5_4da2_93af_ed68eaf59885 0 19 {"key11754598510847": "value-9", "key21754598515814": "value-9"}
2025-08-07 20:28:40,432 INFO  [io.api.tes.ser.api.KafkaSerdesTester] (Thread-682) topic-683a3796_16f5_4da2_93af_ed68eaf59885 0 20 {"key11754598510847": "value-0"}
2025-08-07 20:28:40,432 INFO  [io.api.tes.ser.api.KafkaSerdesTester] (Thread-682) topic-683a3796_16f5_4da2_93af_ed68eaf59885 0 21 {"key11754598510847": "value-1"}
2025-08-07 20:28:40,432 INFO  [io.api.tes.ser.api.KafkaSerdesTester] (Thread-682) topic-683a3796_16f5_4da2_93af_ed68eaf59885 0 22 {"key11754598510847": "value-2"}
2025-08-07 20:28:40,432 INFO  [io.api.tes.ser.api.KafkaSerdesTester] (Thread-682) topic-683a3796_16f5_4da2_93af_ed68eaf59885 0 23 {"key11754598510847": "value-3"}
2025-08-07 20:28:40,432 INFO  [io.api.tes.ser.api.KafkaSerdesTester] (Thread-682) topic-683a3796_16f5_4da2_93af_ed68eaf59885 0 24 {"key11754598510847": "value-4"}
2025-08-07 20:28:40,432 INFO  [io.api.tes.ser.api.KafkaSerdesTester] (Thread-682) topic-683a3796_16f5_4da2_93af_ed68eaf59885 0 25 {"key11754598510847": "value-5"}
2025-08-07 20:28:40,432 INFO  [io.api.tes.ser.api.KafkaSerdesTester] (Thread-682) topic-683a3796_16f5_4da2_93af_ed68eaf59885 0 26 {"key11754598510847": "value-6"}
2025-08-07 20:28:40,432 INFO  [io.api.tes.ser.api.KafkaSerdesTester] (Thread-682) topic-683a3796_16f5_4da2_93af_ed68eaf59885 0 27 {"key11754598510847": "value-7"}
2025-08-07 20:28:40,432 INFO  [io.api.tes.ser.api.KafkaSerdesTester] (Thread-682) topic-683a3796_16f5_4da2_93af_ed68eaf59885 0 28 {"key11754598510847": "value-8"}
2025-08-07 20:28:40,432 INFO  [io.api.tes.ser.api.KafkaSerdesTester] (Thread-682) topic-683a3796_16f5_4da2_93af_ed68eaf59885 0 29 {"key11754598510847": "value-9"}
2025-08-07 20:28:40,433 INFO  [io.api.tes.ser.api.KafkaSerdesTester] (Thread-682) Consumed 20 messages
2025-08-07 20:28:40,440 INFO  [org.apa.kaf.cli.con.int.ConsumerRebalanceListenerInvoker] (Thread-682) [Consumer clientId=consumer-Consumer-topic-683a3796_16f5_4da2_93af_ed68eaf59885-11, groupId=Consumer-topic-683a3796_16f5_4da2_93af_ed68eaf59885] Revoke previously assigned partitions topic-683a3796_16f5_4da2_93af_ed68eaf59885-0
2025-08-07 20:28:40,440 INFO  [org.apa.kaf.cli.con.int.ConsumerCoordinator] (Thread-682) [Consumer clientId=consumer-Consumer-topic-683a3796_16f5_4da2_93af_ed68eaf59885-11, groupId=Consumer-topic-683a3796_16f5_4da2_93af_ed68eaf59885] Member consumer-Consumer-topic-683a3796_16f5_4da2_93af_ed68eaf59885-11-65366344-39a4-4a98-a0a7-8cf593cf7c31 sending LeaveGroup request to coordinator localhost:32769 (id: 2147483647 rack: null) due to the consumer is being closed
2025-08-07 20:28:40,441 INFO  [org.apa.kaf.cli.con.int.ConsumerCoordinator] (Thread-682) [Consumer clientId=consumer-Consumer-topic-683a3796_16f5_4da2_93af_ed68eaf59885-11, groupId=Consumer-topic-683a3796_16f5_4da2_93af_ed68eaf59885] Resetting generation and member id due to: consumer pro-actively leaving the group
2025-08-07 20:28:40,441 INFO  [org.apa.kaf.cli.con.int.ConsumerCoordinator] (Thread-682) [Consumer clientId=consumer-Consumer-topic-683a3796_16f5_4da2_93af_ed68eaf59885-11, groupId=Consumer-topic-683a3796_16f5_4da2_93af_ed68eaf59885] Request joining group due to: consumer pro-actively leaving the group
2025-08-07 20:28:40,936 INFO  [org.apa.kaf.com.met.Metrics] (Thread-682) Metrics scheduler closed
2025-08-07 20:28:40,936 INFO  [org.apa.kaf.com.met.Metrics] (Thread-682) Closing reporter org.apache.kafka.common.metrics.JmxReporter
2025-08-07 20:28:40,936 INFO  [org.apa.kaf.com.met.Metrics] (Thread-682) Closing reporter org.apache.kafka.common.telemetry.internals.ClientTelemetryReporter
2025-08-07 20:28:40,936 INFO  [org.apa.kaf.com.met.Metrics] (Thread-682) Metrics reporters closed
2025-08-07 20:28:40,939 INFO  [org.apa.kaf.com.uti.AppInfoParser] (Thread-682) App info kafka.consumer for consumer-Consumer-topic-683a3796_16f5_4da2_93af_ed68eaf59885-11 unregistered
2025-08-07 20:28:40,940 INFO  [io.api.tes.ser.api.AvroSerdeIT] (main) Registering Avro Schema 3: {"type":"record","name":"s89ce449exc99ex49cfx89e6x97ed8308ea9a","namespace":"ns_e54435d9_3017_4528_a6f8_b0ee45a99ac3","fields":[{"name":"key11754598510847","type":"string"},{"name":"key21754598515814","type":"string"},{"name":"key31754598520940","type":"string"}]}
**** Registry Base URL: http://registry-app-pg17.apps.ci419.apicurio-testing.org:80
2025-08-07 20:28:42,051 INFO  [org.apa.kaf.cli.pro.ProducerConfig] (main) ProducerConfig values: 
	acks = -1
	auto.include.jmx.reporter = true
	batch.size = 16384
	bootstrap.servers = [PLAINTEXT://localhost:32769]
	buffer.memory = 33554432
	client.dns.lookup = use_all_dns_ips
	client.id = Producer-topic-683a3796_16f5_4da2_93af_ed68eaf59885
	compression.gzip.level = -1
	compression.lz4.level = 9
	compression.type = none
	compression.zstd.level = 3
	connections.max.idle.ms = 10000
	delivery.timeout.ms = 120000
	enable.idempotence = true
	enable.metrics.push = true
	interceptor.classes = []
	key.serializer = class org.apache.kafka.common.serialization.StringSerializer
	linger.ms = 0
	max.block.ms = 60000
	max.in.flight.requests.per.connection = 5
	max.request.size = 1048576
	metadata.max.age.ms = 300000
	metadata.max.idle.ms = 300000
	metadata.recovery.strategy = none
	metric.reporters = []
	metrics.num.samples = 2
	metrics.recording.level = INFO
	metrics.sample.window.ms = 30000
	partitioner.adaptive.partitioning.enable = true
	partitioner.availability.timeout.ms = 0
	partitioner.class = null
	partitioner.ignore.keys = false
	receive.buffer.bytes = 32768
	reconnect.backoff.max.ms = 1000
	reconnect.backoff.ms = 50
	request.timeout.ms = 5000
	retries = 2147483647
	retry.backoff.max.ms = 1000
	retry.backoff.ms = 100
	sasl.client.callback.handler.class = null
	sasl.jaas.config = null
	sasl.kerberos.kinit.cmd = /usr/bin/kinit
	sasl.kerberos.min.time.before.relogin = 60000
	sasl.kerberos.service.name = null
	sasl.kerberos.ticket.renew.jitter = 0.05
	sasl.kerberos.ticket.renew.window.factor = 0.8
	sasl.login.callback.handler.class = null
	sasl.login.class = null
	sasl.login.connect.timeout.ms = null
	sasl.login.read.timeout.ms = null
	sasl.login.refresh.buffer.seconds = 300
	sasl.login.refresh.min.period.seconds = 60
	sasl.login.refresh.window.factor = 0.8
	sasl.login.refresh.window.jitter = 0.05
	sasl.login.retry.backoff.max.ms = 10000
	sasl.login.retry.backoff.ms = 100
	sasl.mechanism = GSSAPI
	sasl.oauthbearer.clock.skew.seconds = 30
	sasl.oauthbearer.expected.audience = null
	sasl.oauthbearer.expected.issuer = null
	sasl.oauthbearer.header.urlencode = false
	sasl.oauthbearer.jwks.endpoint.refresh.ms = 3600000
	sasl.oauthbearer.jwks.endpoint.retry.backoff.max.ms = 10000
	sasl.oauthbearer.jwks.endpoint.retry.backoff.ms = 100
	sasl.oauthbearer.jwks.endpoint.url = null
	sasl.oauthbearer.scope.claim.name = scope
	sasl.oauthbearer.sub.claim.name = sub
	sasl.oauthbearer.token.endpoint.url = null
	security.protocol = PLAINTEXT
	security.providers = null
	send.buffer.bytes = 131072
	socket.connection.setup.timeout.max.ms = 30000
	socket.connection.setup.timeout.ms = 10000
	ssl.cipher.suites = null
	ssl.enabled.protocols = [TLSv1.2, TLSv1.3]
	ssl.endpoint.identification.algorithm = https
	ssl.engine.factory.class = null
	ssl.key.password = null
	ssl.keymanager.algorithm = SunX509
	ssl.keystore.certificate.chain = null
	ssl.keystore.key = null
	ssl.keystore.location = null
	ssl.keystore.password = null
	ssl.keystore.type = JKS
	ssl.protocol = TLSv1.3
	ssl.provider = null
	ssl.secure.random.implementation = null
	ssl.trustmanager.algorithm = PKIX
	ssl.truststore.certificates = null
	ssl.truststore.location = null
	ssl.truststore.password = null
	ssl.truststore.type = JKS
	transaction.timeout.ms = 60000
	transactional.id = null
	value.serializer = class io.apicurio.registry.serde.avro.AvroKafkaSerializer

2025-08-07 20:28:42,052 INFO  [org.apa.kaf.com.tel.int.KafkaMetricsCollector] (main) initializing Kafka metrics collector
2025-08-07 20:28:42,055 INFO  [org.apa.kaf.cli.pro.KafkaProducer] (main) [Producer clientId=Producer-topic-683a3796_16f5_4da2_93af_ed68eaf59885] Instantiated an idempotent producer.
2025-08-07 20:28:42,057 INFO  [org.apa.kaf.cli.pro.ProducerConfig] (main) These configurations '[apicurio.registry.url, apicurio.registry.artifact-resolver-strategy]' were supplied but are not used yet.
2025-08-07 20:28:42,062 INFO  [org.apa.kaf.com.uti.AppInfoParser] (main) Kafka version: 3.9.1
2025-08-07 20:28:42,062 INFO  [org.apa.kaf.com.uti.AppInfoParser] (main) Kafka commitId: f745dfdcee2b9851
2025-08-07 20:28:42,062 INFO  [org.apa.kaf.com.uti.AppInfoParser] (main) Kafka startTimeMs: 1754598522057
2025-08-07 20:28:42,063 INFO  [io.api.tes.ser.api.KafkaSerdesTester] (Thread-685) Sending message {"key11754598510847": "value-0", "key21754598515814": "value-0", "key31754598520940": "value-0"} to topic topic-683a3796_16f5_4da2_93af_ed68eaf59885
2025-08-07 20:28:42,068 INFO  [org.apa.kaf.cli.Metadata] (kafka-producer-network-thread | Producer-topic-683a3796_16f5_4da2_93af_ed68eaf59885) [Producer clientId=Producer-topic-683a3796_16f5_4da2_93af_ed68eaf59885] Cluster ID: g89mLo7yQq6pgEL9WhhAvA
2025-08-07 20:28:42,068 INFO  [DefaultSchemaResolver] (Thread-685) Retrieving schema content using string: {"type":"record","name":"s89ce449exc99ex49cfx89e6x97ed8308ea9a","namespace":"ns_e54435d9_3017_4528_a6f8_b0ee45a99ac3","fields":[{"name":"key11754598510847","type":"string"},{"name":"key21754598515814","type":"string"},{"name":"key31754598520940","type":"string"}]}
2025-08-07 20:28:42,069 INFO  [org.apa.kaf.cli.pro.int.TransactionManager] (kafka-producer-network-thread | Producer-topic-683a3796_16f5_4da2_93af_ed68eaf59885) [Producer clientId=Producer-topic-683a3796_16f5_4da2_93af_ed68eaf59885] ProducerId set to 15 with epoch 0
2025-08-07 20:28:42,160 INFO  [io.api.tes.ser.api.KafkaSerdesTester] (Thread-685) Sending message {"key11754598510847": "value-1", "key21754598515814": "value-1", "key31754598520940": "value-1"} to topic topic-683a3796_16f5_4da2_93af_ed68eaf59885
2025-08-07 20:28:42,161 INFO  [io.api.tes.ser.api.KafkaSerdesTester] (Thread-685) Sending message {"key11754598510847": "value-2", "key21754598515814": "value-2", "key31754598520940": "value-2"} to topic topic-683a3796_16f5_4da2_93af_ed68eaf59885
2025-08-07 20:28:42,163 INFO  [io.api.tes.ser.api.KafkaSerdesTester] (Thread-685) Sending message {"key11754598510847": "value-3", "key21754598515814": "value-3", "key31754598520940": "value-3"} to topic topic-683a3796_16f5_4da2_93af_ed68eaf59885
2025-08-07 20:28:42,165 INFO  [io.api.tes.ser.api.KafkaSerdesTester] (Thread-685) Sending message {"key11754598510847": "value-4", "key21754598515814": "value-4", "key31754598520940": "value-4"} to topic topic-683a3796_16f5_4da2_93af_ed68eaf59885
2025-08-07 20:28:42,168 INFO  [io.api.tes.ser.api.KafkaSerdesTester] (Thread-685) Sending message {"key11754598510847": "value-5", "key21754598515814": "value-5", "key31754598520940": "value-5"} to topic topic-683a3796_16f5_4da2_93af_ed68eaf59885
2025-08-07 20:28:42,169 INFO  [io.api.tes.ser.api.KafkaSerdesTester] (Thread-685) Sending message {"key11754598510847": "value-6", "key21754598515814": "value-6", "key31754598520940": "value-6"} to topic topic-683a3796_16f5_4da2_93af_ed68eaf59885
2025-08-07 20:28:42,170 INFO  [io.api.tes.ser.api.KafkaSerdesTester] (Thread-685) Sending message {"key11754598510847": "value-7", "key21754598515814": "value-7", "key31754598520940": "value-7"} to topic topic-683a3796_16f5_4da2_93af_ed68eaf59885
2025-08-07 20:28:42,172 INFO  [io.api.tes.ser.api.KafkaSerdesTester] (Thread-685) Sending message {"key11754598510847": "value-8", "key21754598515814": "value-8", "key31754598520940": "value-8"} to topic topic-683a3796_16f5_4da2_93af_ed68eaf59885
2025-08-07 20:28:42,173 INFO  [io.api.tes.ser.api.KafkaSerdesTester] (Thread-685) Sending message {"key11754598510847": "value-9", "key21754598515814": "value-9", "key31754598520940": "value-9"} to topic topic-683a3796_16f5_4da2_93af_ed68eaf59885
2025-08-07 20:28:42,175 INFO  [io.api.tes.ser.api.KafkaSerdesTester] (Thread-685) Produced 10 messages
2025-08-07 20:28:42,175 INFO  [org.apa.kaf.cli.pro.KafkaProducer] (Thread-685) [Producer clientId=Producer-topic-683a3796_16f5_4da2_93af_ed68eaf59885] Closing the Kafka producer with timeoutMillis = 9223372036854775807 ms.
2025-08-07 20:28:42,177 INFO  [org.apa.kaf.com.met.Metrics] (Thread-685) Metrics scheduler closed
2025-08-07 20:28:42,177 INFO  [org.apa.kaf.com.met.Metrics] (Thread-685) Closing reporter org.apache.kafka.common.metrics.JmxReporter
2025-08-07 20:28:42,177 INFO  [org.apa.kaf.com.met.Metrics] (Thread-685) Closing reporter org.apache.kafka.common.telemetry.internals.ClientTelemetryReporter
2025-08-07 20:28:42,177 INFO  [org.apa.kaf.com.met.Metrics] (Thread-685) Metrics reporters closed
2025-08-07 20:28:42,178 INFO  [org.apa.kaf.com.uti.AppInfoParser] (Thread-685) App info kafka.producer for Producer-topic-683a3796_16f5_4da2_93af_ed68eaf59885 unregistered
**** Registry Base URL: http://registry-app-pg17.apps.ci419.apicurio-testing.org:80
2025-08-07 20:28:42,184 INFO  [org.apa.kaf.cli.pro.ProducerConfig] (main) ProducerConfig values: 
	acks = -1
	auto.include.jmx.reporter = true
	batch.size = 16384
	bootstrap.servers = [PLAINTEXT://localhost:32769]
	buffer.memory = 33554432
	client.dns.lookup = use_all_dns_ips
	client.id = Producer-topic-683a3796_16f5_4da2_93af_ed68eaf59885
	compression.gzip.level = -1
	compression.lz4.level = 9
	compression.type = none
	compression.zstd.level = 3
	connections.max.idle.ms = 10000
	delivery.timeout.ms = 120000
	enable.idempotence = true
	enable.metrics.push = true
	interceptor.classes = []
	key.serializer = class org.apache.kafka.common.serialization.StringSerializer
	linger.ms = 0
	max.block.ms = 60000
	max.in.flight.requests.per.connection = 5
	max.request.size = 1048576
	metadata.max.age.ms = 300000
	metadata.max.idle.ms = 300000
	metadata.recovery.strategy = none
	metric.reporters = []
	metrics.num.samples = 2
	metrics.recording.level = INFO
	metrics.sample.window.ms = 30000
	partitioner.adaptive.partitioning.enable = true
	partitioner.availability.timeout.ms = 0
	partitioner.class = null
	partitioner.ignore.keys = false
	receive.buffer.bytes = 32768
	reconnect.backoff.max.ms = 1000
	reconnect.backoff.ms = 50
	request.timeout.ms = 5000
	retries = 2147483647
	retry.backoff.max.ms = 1000
	retry.backoff.ms = 100
	sasl.client.callback.handler.class = null
	sasl.jaas.config = null
	sasl.kerberos.kinit.cmd = /usr/bin/kinit
	sasl.kerberos.min.time.before.relogin = 60000
	sasl.kerberos.service.name = null
	sasl.kerberos.ticket.renew.jitter = 0.05
	sasl.kerberos.ticket.renew.window.factor = 0.8
	sasl.login.callback.handler.class = null
	sasl.login.class = null
	sasl.login.connect.timeout.ms = null
	sasl.login.read.timeout.ms = null
	sasl.login.refresh.buffer.seconds = 300
	sasl.login.refresh.min.period.seconds = 60
	sasl.login.refresh.window.factor = 0.8
	sasl.login.refresh.window.jitter = 0.05
	sasl.login.retry.backoff.max.ms = 10000
	sasl.login.retry.backoff.ms = 100
	sasl.mechanism = GSSAPI
	sasl.oauthbearer.clock.skew.seconds = 30
	sasl.oauthbearer.expected.audience = null
	sasl.oauthbearer.expected.issuer = null
	sasl.oauthbearer.header.urlencode = false
	sasl.oauthbearer.jwks.endpoint.refresh.ms = 3600000
	sasl.oauthbearer.jwks.endpoint.retry.backoff.max.ms = 10000
	sasl.oauthbearer.jwks.endpoint.retry.backoff.ms = 100
	sasl.oauthbearer.jwks.endpoint.url = null
	sasl.oauthbearer.scope.claim.name = scope
	sasl.oauthbearer.sub.claim.name = sub
	sasl.oauthbearer.token.endpoint.url = null
	security.protocol = PLAINTEXT
	security.providers = null
	send.buffer.bytes = 131072
	socket.connection.setup.timeout.max.ms = 30000
	socket.connection.setup.timeout.ms = 10000
	ssl.cipher.suites = null
	ssl.enabled.protocols = [TLSv1.2, TLSv1.3]
	ssl.endpoint.identification.algorithm = https
	ssl.engine.factory.class = null
	ssl.key.password = null
	ssl.keymanager.algorithm = SunX509
	ssl.keystore.certificate.chain = null
	ssl.keystore.key = null
	ssl.keystore.location = null
	ssl.keystore.password = null
	ssl.keystore.type = JKS
	ssl.protocol = TLSv1.3
	ssl.provider = null
	ssl.secure.random.implementation = null
	ssl.trustmanager.algorithm = PKIX
	ssl.truststore.certificates = null
	ssl.truststore.location = null
	ssl.truststore.password = null
	ssl.truststore.type = JKS
	transaction.timeout.ms = 60000
	transactional.id = null
	value.serializer = class io.apicurio.registry.serde.avro.AvroKafkaSerializer

2025-08-07 20:28:42,184 INFO  [org.apa.kaf.com.tel.int.KafkaMetricsCollector] (main) initializing Kafka metrics collector
2025-08-07 20:28:42,192 INFO  [org.apa.kaf.cli.pro.KafkaProducer] (main) [Producer clientId=Producer-topic-683a3796_16f5_4da2_93af_ed68eaf59885] Instantiated an idempotent producer.
2025-08-07 20:28:42,194 INFO  [org.apa.kaf.cli.pro.ProducerConfig] (main) These configurations '[apicurio.registry.url, apicurio.registry.artifact-resolver-strategy]' were supplied but are not used yet.
2025-08-07 20:28:42,194 INFO  [org.apa.kaf.com.uti.AppInfoParser] (main) Kafka version: 3.9.1
2025-08-07 20:28:42,194 INFO  [org.apa.kaf.com.uti.AppInfoParser] (main) Kafka commitId: f745dfdcee2b9851
2025-08-07 20:28:42,194 INFO  [org.apa.kaf.com.uti.AppInfoParser] (main) Kafka startTimeMs: 1754598522194
2025-08-07 20:28:42,196 INFO  [io.api.tes.ser.api.KafkaSerdesTester] (Thread-688) Sending message {"key11754598510847": "value-0", "key21754598515814": "value-0"} to topic topic-683a3796_16f5_4da2_93af_ed68eaf59885
2025-08-07 20:28:42,202 INFO  [org.apa.kaf.cli.Metadata] (kafka-producer-network-thread | Producer-topic-683a3796_16f5_4da2_93af_ed68eaf59885) [Producer clientId=Producer-topic-683a3796_16f5_4da2_93af_ed68eaf59885] Cluster ID: g89mLo7yQq6pgEL9WhhAvA
2025-08-07 20:28:42,205 INFO  [org.apa.kaf.cli.pro.int.TransactionManager] (kafka-producer-network-thread | Producer-topic-683a3796_16f5_4da2_93af_ed68eaf59885) [Producer clientId=Producer-topic-683a3796_16f5_4da2_93af_ed68eaf59885] ProducerId set to 16 with epoch 0
2025-08-07 20:28:42,205 INFO  [DefaultSchemaResolver] (Thread-688) Retrieving schema content using string: {"type":"record","name":"s89ce449exc99ex49cfx89e6x97ed8308ea9a","namespace":"ns_e54435d9_3017_4528_a6f8_b0ee45a99ac3","fields":[{"name":"key11754598510847","type":"string"},{"name":"key21754598515814","type":"string"}]}
2025-08-07 20:28:42,309 INFO  [io.api.tes.ser.api.KafkaSerdesTester] (Thread-688) Sending message {"key11754598510847": "value-1", "key21754598515814": "value-1"} to topic topic-683a3796_16f5_4da2_93af_ed68eaf59885
2025-08-07 20:28:42,311 INFO  [io.api.tes.ser.api.KafkaSerdesTester] (Thread-688) Sending message {"key11754598510847": "value-2", "key21754598515814": "value-2"} to topic topic-683a3796_16f5_4da2_93af_ed68eaf59885
2025-08-07 20:28:42,312 INFO  [io.api.tes.ser.api.KafkaSerdesTester] (Thread-688) Sending message {"key11754598510847": "value-3", "key21754598515814": "value-3"} to topic topic-683a3796_16f5_4da2_93af_ed68eaf59885
2025-08-07 20:28:42,314 INFO  [io.api.tes.ser.api.KafkaSerdesTester] (Thread-688) Sending message {"key11754598510847": "value-4", "key21754598515814": "value-4"} to topic topic-683a3796_16f5_4da2_93af_ed68eaf59885
2025-08-07 20:28:42,319 INFO  [io.api.tes.ser.api.KafkaSerdesTester] (Thread-688) Sending message {"key11754598510847": "value-5", "key21754598515814": "value-5"} to topic topic-683a3796_16f5_4da2_93af_ed68eaf59885
2025-08-07 20:28:42,322 INFO  [io.api.tes.ser.api.KafkaSerdesTester] (Thread-688) Sending message {"key11754598510847": "value-6", "key21754598515814": "value-6"} to topic topic-683a3796_16f5_4da2_93af_ed68eaf59885
2025-08-07 20:28:42,323 INFO  [io.api.tes.ser.api.KafkaSerdesTester] (Thread-688) Sending message {"key11754598510847": "value-7", "key21754598515814": "value-7"} to topic topic-683a3796_16f5_4da2_93af_ed68eaf59885
2025-08-07 20:28:42,325 INFO  [io.api.tes.ser.api.KafkaSerdesTester] (Thread-688) Sending message {"key11754598510847": "value-8", "key21754598515814": "value-8"} to topic topic-683a3796_16f5_4da2_93af_ed68eaf59885
2025-08-07 20:28:42,328 INFO  [io.api.tes.ser.api.KafkaSerdesTester] (Thread-688) Sending message {"key11754598510847": "value-9", "key21754598515814": "value-9"} to topic topic-683a3796_16f5_4da2_93af_ed68eaf59885
2025-08-07 20:28:42,331 INFO  [io.api.tes.ser.api.KafkaSerdesTester] (Thread-688) Produced 10 messages
2025-08-07 20:28:42,331 INFO  [org.apa.kaf.cli.pro.KafkaProducer] (Thread-688) [Producer clientId=Producer-topic-683a3796_16f5_4da2_93af_ed68eaf59885] Closing the Kafka producer with timeoutMillis = 9223372036854775807 ms.
2025-08-07 20:28:42,334 INFO  [org.apa.kaf.com.met.Metrics] (Thread-688) Metrics scheduler closed
2025-08-07 20:28:42,334 INFO  [org.apa.kaf.com.met.Metrics] (Thread-688) Closing reporter org.apache.kafka.common.metrics.JmxReporter
2025-08-07 20:28:42,335 INFO  [org.apa.kaf.com.met.Metrics] (Thread-688) Closing reporter org.apache.kafka.common.telemetry.internals.ClientTelemetryReporter
2025-08-07 20:28:42,335 INFO  [org.apa.kaf.com.met.Metrics] (Thread-688) Metrics reporters closed
2025-08-07 20:28:42,335 INFO  [org.apa.kaf.com.uti.AppInfoParser] (Thread-688) App info kafka.producer for Producer-topic-683a3796_16f5_4da2_93af_ed68eaf59885 unregistered
**** Registry Base URL: http://registry-app-pg17.apps.ci419.apicurio-testing.org:80
2025-08-07 20:28:42,335 INFO  [org.apa.kaf.cli.pro.ProducerConfig] (main) ProducerConfig values: 
	acks = -1
	auto.include.jmx.reporter = true
	batch.size = 16384
	bootstrap.servers = [PLAINTEXT://localhost:32769]
	buffer.memory = 33554432
	client.dns.lookup = use_all_dns_ips
	client.id = Producer-topic-683a3796_16f5_4da2_93af_ed68eaf59885
	compression.gzip.level = -1
	compression.lz4.level = 9
	compression.type = none
	compression.zstd.level = 3
	connections.max.idle.ms = 10000
	delivery.timeout.ms = 120000
	enable.idempotence = true
	enable.metrics.push = true
	interceptor.classes = []
	key.serializer = class org.apache.kafka.common.serialization.StringSerializer
	linger.ms = 0
	max.block.ms = 60000
	max.in.flight.requests.per.connection = 5
	max.request.size = 1048576
	metadata.max.age.ms = 300000
	metadata.max.idle.ms = 300000
	metadata.recovery.strategy = none
	metric.reporters = []
	metrics.num.samples = 2
	metrics.recording.level = INFO
	metrics.sample.window.ms = 30000
	partitioner.adaptive.partitioning.enable = true
	partitioner.availability.timeout.ms = 0
	partitioner.class = null
	partitioner.ignore.keys = false
	receive.buffer.bytes = 32768
	reconnect.backoff.max.ms = 1000
	reconnect.backoff.ms = 50
	request.timeout.ms = 5000
	retries = 2147483647
	retry.backoff.max.ms = 1000
	retry.backoff.ms = 100
	sasl.client.callback.handler.class = null
	sasl.jaas.config = null
	sasl.kerberos.kinit.cmd = /usr/bin/kinit
	sasl.kerberos.min.time.before.relogin = 60000
	sasl.kerberos.service.name = null
	sasl.kerberos.ticket.renew.jitter = 0.05
	sasl.kerberos.ticket.renew.window.factor = 0.8
	sasl.login.callback.handler.class = null
	sasl.login.class = null
	sasl.login.connect.timeout.ms = null
	sasl.login.read.timeout.ms = null
	sasl.login.refresh.buffer.seconds = 300
	sasl.login.refresh.min.period.seconds = 60
	sasl.login.refresh.window.factor = 0.8
	sasl.login.refresh.window.jitter = 0.05
	sasl.login.retry.backoff.max.ms = 10000
	sasl.login.retry.backoff.ms = 100
	sasl.mechanism = GSSAPI
	sasl.oauthbearer.clock.skew.seconds = 30
	sasl.oauthbearer.expected.audience = null
	sasl.oauthbearer.expected.issuer = null
	sasl.oauthbearer.header.urlencode = false
	sasl.oauthbearer.jwks.endpoint.refresh.ms = 3600000
	sasl.oauthbearer.jwks.endpoint.retry.backoff.max.ms = 10000
	sasl.oauthbearer.jwks.endpoint.retry.backoff.ms = 100
	sasl.oauthbearer.jwks.endpoint.url = null
	sasl.oauthbearer.scope.claim.name = scope
	sasl.oauthbearer.sub.claim.name = sub
	sasl.oauthbearer.token.endpoint.url = null
	security.protocol = PLAINTEXT
	security.providers = null
	send.buffer.bytes = 131072
	socket.connection.setup.timeout.max.ms = 30000
	socket.connection.setup.timeout.ms = 10000
	ssl.cipher.suites = null
	ssl.enabled.protocols = [TLSv1.2, TLSv1.3]
	ssl.endpoint.identification.algorithm = https
	ssl.engine.factory.class = null
	ssl.key.password = null
	ssl.keymanager.algorithm = SunX509
	ssl.keystore.certificate.chain = null
	ssl.keystore.key = null
	ssl.keystore.location = null
	ssl.keystore.password = null
	ssl.keystore.type = JKS
	ssl.protocol = TLSv1.3
	ssl.provider = null
	ssl.secure.random.implementation = null
	ssl.trustmanager.algorithm = PKIX
	ssl.truststore.certificates = null
	ssl.truststore.location = null
	ssl.truststore.password = null
	ssl.truststore.type = JKS
	transaction.timeout.ms = 60000
	transactional.id = null
	value.serializer = class io.apicurio.registry.serde.avro.AvroKafkaSerializer

2025-08-07 20:28:42,336 INFO  [org.apa.kaf.com.tel.int.KafkaMetricsCollector] (main) initializing Kafka metrics collector
2025-08-07 20:28:42,341 INFO  [org.apa.kaf.cli.pro.KafkaProducer] (main) [Producer clientId=Producer-topic-683a3796_16f5_4da2_93af_ed68eaf59885] Instantiated an idempotent producer.
2025-08-07 20:28:42,343 INFO  [org.apa.kaf.cli.pro.ProducerConfig] (main) These configurations '[apicurio.registry.url, apicurio.registry.artifact-resolver-strategy]' were supplied but are not used yet.
2025-08-07 20:28:42,343 INFO  [org.apa.kaf.com.uti.AppInfoParser] (main) Kafka version: 3.9.1
2025-08-07 20:28:42,343 INFO  [org.apa.kaf.com.uti.AppInfoParser] (main) Kafka commitId: f745dfdcee2b9851
2025-08-07 20:28:42,343 INFO  [org.apa.kaf.com.uti.AppInfoParser] (main) Kafka startTimeMs: 1754598522343
2025-08-07 20:28:42,345 INFO  [io.api.tes.ser.api.KafkaSerdesTester] (Thread-691) Sending message {"key11754598510847": "value-0"} to topic topic-683a3796_16f5_4da2_93af_ed68eaf59885
2025-08-07 20:28:42,348 INFO  [org.apa.kaf.cli.Metadata] (kafka-producer-network-thread | Producer-topic-683a3796_16f5_4da2_93af_ed68eaf59885) [Producer clientId=Producer-topic-683a3796_16f5_4da2_93af_ed68eaf59885] Cluster ID: g89mLo7yQq6pgEL9WhhAvA
2025-08-07 20:28:42,348 INFO  [DefaultSchemaResolver] (Thread-691) Retrieving schema content using string: {"type":"record","name":"s89ce449exc99ex49cfx89e6x97ed8308ea9a","namespace":"ns_e54435d9_3017_4528_a6f8_b0ee45a99ac3","fields":[{"name":"key11754598510847","type":"string"}]}
2025-08-07 20:28:42,349 INFO  [org.apa.kaf.cli.pro.int.TransactionManager] (kafka-producer-network-thread | Producer-topic-683a3796_16f5_4da2_93af_ed68eaf59885) [Producer clientId=Producer-topic-683a3796_16f5_4da2_93af_ed68eaf59885] ProducerId set to 17 with epoch 0
2025-08-07 20:28:42,447 INFO  [io.api.tes.ser.api.KafkaSerdesTester] (Thread-691) Sending message {"key11754598510847": "value-1"} to topic topic-683a3796_16f5_4da2_93af_ed68eaf59885
2025-08-07 20:28:42,450 INFO  [io.api.tes.ser.api.KafkaSerdesTester] (Thread-691) Sending message {"key11754598510847": "value-2"} to topic topic-683a3796_16f5_4da2_93af_ed68eaf59885
2025-08-07 20:28:42,451 INFO  [io.api.tes.ser.api.KafkaSerdesTester] (Thread-691) Sending message {"key11754598510847": "value-3"} to topic topic-683a3796_16f5_4da2_93af_ed68eaf59885
2025-08-07 20:28:42,452 INFO  [io.api.tes.ser.api.KafkaSerdesTester] (Thread-691) Sending message {"key11754598510847": "value-4"} to topic topic-683a3796_16f5_4da2_93af_ed68eaf59885
2025-08-07 20:28:42,454 INFO  [io.api.tes.ser.api.KafkaSerdesTester] (Thread-691) Sending message {"key11754598510847": "value-5"} to topic topic-683a3796_16f5_4da2_93af_ed68eaf59885
2025-08-07 20:28:42,456 INFO  [io.api.tes.ser.api.KafkaSerdesTester] (Thread-691) Sending message {"key11754598510847": "value-6"} to topic topic-683a3796_16f5_4da2_93af_ed68eaf59885
2025-08-07 20:28:42,457 INFO  [io.api.tes.ser.api.KafkaSerdesTester] (Thread-691) Sending message {"key11754598510847": "value-7"} to topic topic-683a3796_16f5_4da2_93af_ed68eaf59885
2025-08-07 20:28:42,458 INFO  [io.api.tes.ser.api.KafkaSerdesTester] (Thread-691) Sending message {"key11754598510847": "value-8"} to topic topic-683a3796_16f5_4da2_93af_ed68eaf59885
2025-08-07 20:28:42,460 INFO  [io.api.tes.ser.api.KafkaSerdesTester] (Thread-691) Sending message {"key11754598510847": "value-9"} to topic topic-683a3796_16f5_4da2_93af_ed68eaf59885
2025-08-07 20:28:42,465 INFO  [io.api.tes.ser.api.KafkaSerdesTester] (Thread-691) Produced 10 messages
2025-08-07 20:28:42,465 INFO  [org.apa.kaf.cli.pro.KafkaProducer] (Thread-691) [Producer clientId=Producer-topic-683a3796_16f5_4da2_93af_ed68eaf59885] Closing the Kafka producer with timeoutMillis = 9223372036854775807 ms.
2025-08-07 20:28:42,469 INFO  [org.apa.kaf.com.met.Metrics] (Thread-691) Metrics scheduler closed
2025-08-07 20:28:42,469 INFO  [org.apa.kaf.com.met.Metrics] (Thread-691) Closing reporter org.apache.kafka.common.metrics.JmxReporter
2025-08-07 20:28:42,469 INFO  [org.apa.kaf.com.met.Metrics] (Thread-691) Closing reporter org.apache.kafka.common.telemetry.internals.ClientTelemetryReporter
2025-08-07 20:28:42,469 INFO  [org.apa.kaf.com.met.Metrics] (Thread-691) Metrics reporters closed
2025-08-07 20:28:42,469 INFO  [org.apa.kaf.com.uti.AppInfoParser] (Thread-691) App info kafka.producer for Producer-topic-683a3796_16f5_4da2_93af_ed68eaf59885 unregistered
**** Registry Base URL: http://registry-app-pg17.apps.ci419.apicurio-testing.org:80
2025-08-07 20:28:42,470 INFO  [org.apa.kaf.cli.con.ConsumerConfig] (main) ConsumerConfig values: 
	allow.auto.create.topics = true
	auto.commit.interval.ms = 500
	auto.include.jmx.reporter = true
	auto.offset.reset = earliest
	bootstrap.servers = [PLAINTEXT://localhost:32769]
	check.crcs = true
	client.dns.lookup = use_all_dns_ips
	client.id = consumer-Consumer-topic-683a3796_16f5_4da2_93af_ed68eaf59885-12
	client.rack = 
	connections.max.idle.ms = 10000
	default.api.timeout.ms = 60000
	enable.auto.commit = true
	enable.metrics.push = true
	exclude.internal.topics = true
	fetch.max.bytes = 52428800
	fetch.max.wait.ms = 500
	fetch.min.bytes = 1
	group.id = Consumer-topic-683a3796_16f5_4da2_93af_ed68eaf59885
	group.instance.id = null
	group.protocol = classic
	group.remote.assignor = null
	heartbeat.interval.ms = 3000
	interceptor.classes = []
	internal.leave.group.on.close = true
	internal.throw.on.fetch.stable.offset.unsupported = false
	isolation.level = read_uncommitted
	key.deserializer = class org.apache.kafka.common.serialization.StringDeserializer
	max.partition.fetch.bytes = 1048576
	max.poll.interval.ms = 300000
	max.poll.records = 500
	metadata.max.age.ms = 300000
	metadata.recovery.strategy = none
	metric.reporters = []
	metrics.num.samples = 2
	metrics.recording.level = INFO
	metrics.sample.window.ms = 30000
	partition.assignment.strategy = [class org.apache.kafka.clients.consumer.RangeAssignor, class org.apache.kafka.clients.consumer.CooperativeStickyAssignor]
	receive.buffer.bytes = 65536
	reconnect.backoff.max.ms = 1000
	reconnect.backoff.ms = 50
	request.timeout.ms = 5000
	retry.backoff.max.ms = 1000
	retry.backoff.ms = 100
	sasl.client.callback.handler.class = null
	sasl.jaas.config = null
	sasl.kerberos.kinit.cmd = /usr/bin/kinit
	sasl.kerberos.min.time.before.relogin = 60000
	sasl.kerberos.service.name = null
	sasl.kerberos.ticket.renew.jitter = 0.05
	sasl.kerberos.ticket.renew.window.factor = 0.8
	sasl.login.callback.handler.class = null
	sasl.login.class = null
	sasl.login.connect.timeout.ms = null
	sasl.login.read.timeout.ms = null
	sasl.login.refresh.buffer.seconds = 300
	sasl.login.refresh.min.period.seconds = 60
	sasl.login.refresh.window.factor = 0.8
	sasl.login.refresh.window.jitter = 0.05
	sasl.login.retry.backoff.max.ms = 10000
	sasl.login.retry.backoff.ms = 100
	sasl.mechanism = GSSAPI
	sasl.oauthbearer.clock.skew.seconds = 30
	sasl.oauthbearer.expected.audience = null
	sasl.oauthbearer.expected.issuer = null
	sasl.oauthbearer.header.urlencode = false
	sasl.oauthbearer.jwks.endpoint.refresh.ms = 3600000
	sasl.oauthbearer.jwks.endpoint.retry.backoff.max.ms = 10000
	sasl.oauthbearer.jwks.endpoint.retry.backoff.ms = 100
	sasl.oauthbearer.jwks.endpoint.url = null
	sasl.oauthbearer.scope.claim.name = scope
	sasl.oauthbearer.sub.claim.name = sub
	sasl.oauthbearer.token.endpoint.url = null
	security.protocol = PLAINTEXT
	security.providers = null
	send.buffer.bytes = 131072
	session.timeout.ms = 45000
	socket.connection.setup.timeout.max.ms = 30000
	socket.connection.setup.timeout.ms = 10000
	ssl.cipher.suites = null
	ssl.enabled.protocols = [TLSv1.2, TLSv1.3]
	ssl.endpoint.identification.algorithm = https
	ssl.engine.factory.class = null
	ssl.key.password = null
	ssl.keymanager.algorithm = SunX509
	ssl.keystore.certificate.chain = null
	ssl.keystore.key = null
	ssl.keystore.location = null
	ssl.keystore.password = null
	ssl.keystore.type = JKS
	ssl.protocol = TLSv1.3
	ssl.provider = null
	ssl.secure.random.implementation = null
	ssl.trustmanager.algorithm = PKIX
	ssl.truststore.certificates = null
	ssl.truststore.location = null
	ssl.truststore.password = null
	ssl.truststore.type = JKS
	value.deserializer = class io.apicurio.registry.serde.avro.AvroKafkaDeserializer

2025-08-07 20:28:42,470 INFO  [org.apa.kaf.com.tel.int.KafkaMetricsCollector] (main) initializing Kafka metrics collector
2025-08-07 20:28:42,478 INFO  [org.apa.kaf.cli.con.ConsumerConfig] (main) These configurations '[apicurio.registry.url]' were supplied but are not used yet.
2025-08-07 20:28:42,478 INFO  [org.apa.kaf.com.uti.AppInfoParser] (main) Kafka version: 3.9.1
2025-08-07 20:28:42,478 INFO  [org.apa.kaf.com.uti.AppInfoParser] (main) Kafka commitId: f745dfdcee2b9851
2025-08-07 20:28:42,478 INFO  [org.apa.kaf.com.uti.AppInfoParser] (main) Kafka startTimeMs: 1754598522478
2025-08-07 20:28:42,479 INFO  [org.apa.kaf.cli.con.int.ClassicKafkaConsumer] (Thread-694) [Consumer clientId=consumer-Consumer-topic-683a3796_16f5_4da2_93af_ed68eaf59885-12, groupId=Consumer-topic-683a3796_16f5_4da2_93af_ed68eaf59885] Subscribed to topic(s): topic-683a3796_16f5_4da2_93af_ed68eaf59885
2025-08-07 20:28:42,484 INFO  [org.apa.kaf.cli.Metadata] (Thread-694) [Consumer clientId=consumer-Consumer-topic-683a3796_16f5_4da2_93af_ed68eaf59885-12, groupId=Consumer-topic-683a3796_16f5_4da2_93af_ed68eaf59885] Cluster ID: g89mLo7yQq6pgEL9WhhAvA
2025-08-07 20:28:42,485 INFO  [org.apa.kaf.cli.con.int.ConsumerCoordinator] (Thread-694) [Consumer clientId=consumer-Consumer-topic-683a3796_16f5_4da2_93af_ed68eaf59885-12, groupId=Consumer-topic-683a3796_16f5_4da2_93af_ed68eaf59885] Discovered group coordinator localhost:32769 (id: 2147483647 rack: null)
2025-08-07 20:28:42,486 INFO  [org.apa.kaf.cli.con.int.ConsumerCoordinator] (Thread-694) [Consumer clientId=consumer-Consumer-topic-683a3796_16f5_4da2_93af_ed68eaf59885-12, groupId=Consumer-topic-683a3796_16f5_4da2_93af_ed68eaf59885] (Re-)joining group
2025-08-07 20:28:42,495 INFO  [org.apa.kaf.cli.con.int.ConsumerCoordinator] (Thread-694) [Consumer clientId=consumer-Consumer-topic-683a3796_16f5_4da2_93af_ed68eaf59885-12, groupId=Consumer-topic-683a3796_16f5_4da2_93af_ed68eaf59885] Request joining group due to: need to re-join with the given member-id: consumer-Consumer-topic-683a3796_16f5_4da2_93af_ed68eaf59885-12-b040fd2b-e91e-45ce-90b4-bbc48c003f27
2025-08-07 20:28:42,495 INFO  [org.apa.kaf.cli.con.int.ConsumerCoordinator] (Thread-694) [Consumer clientId=consumer-Consumer-topic-683a3796_16f5_4da2_93af_ed68eaf59885-12, groupId=Consumer-topic-683a3796_16f5_4da2_93af_ed68eaf59885] (Re-)joining group
2025-08-07 20:28:43,479 INFO  [io.api.tes.ser.api.KafkaSerdesTester] (Thread-694) None found
2025-08-07 20:28:44,480 INFO  [io.api.tes.ser.api.KafkaSerdesTester] (Thread-694) None found
2025-08-07 20:28:45,480 INFO  [io.api.tes.ser.api.KafkaSerdesTester] (Thread-694) None found
2025-08-07 20:28:45,497 INFO  [org.apa.kaf.cli.con.int.ConsumerCoordinator] (Thread-694) [Consumer clientId=consumer-Consumer-topic-683a3796_16f5_4da2_93af_ed68eaf59885-12, groupId=Consumer-topic-683a3796_16f5_4da2_93af_ed68eaf59885] Successfully joined group with generation Generation{generationId=5, memberId='consumer-Consumer-topic-683a3796_16f5_4da2_93af_ed68eaf59885-12-b040fd2b-e91e-45ce-90b4-bbc48c003f27', protocol='range'}
2025-08-07 20:28:45,498 INFO  [org.apa.kaf.cli.con.int.ConsumerCoordinator] (Thread-694) [Consumer clientId=consumer-Consumer-topic-683a3796_16f5_4da2_93af_ed68eaf59885-12, groupId=Consumer-topic-683a3796_16f5_4da2_93af_ed68eaf59885] Finished assignment for group at generation 5: {consumer-Consumer-topic-683a3796_16f5_4da2_93af_ed68eaf59885-12-b040fd2b-e91e-45ce-90b4-bbc48c003f27=Assignment(partitions=[topic-683a3796_16f5_4da2_93af_ed68eaf59885-0])}
2025-08-07 20:28:45,504 INFO  [org.apa.kaf.cli.con.int.ConsumerCoordinator] (Thread-694) [Consumer clientId=consumer-Consumer-topic-683a3796_16f5_4da2_93af_ed68eaf59885-12, groupId=Consumer-topic-683a3796_16f5_4da2_93af_ed68eaf59885] Successfully synced group in generation Generation{generationId=5, memberId='consumer-Consumer-topic-683a3796_16f5_4da2_93af_ed68eaf59885-12-b040fd2b-e91e-45ce-90b4-bbc48c003f27', protocol='range'}
2025-08-07 20:28:45,504 INFO  [org.apa.kaf.cli.con.int.ConsumerCoordinator] (Thread-694) [Consumer clientId=consumer-Consumer-topic-683a3796_16f5_4da2_93af_ed68eaf59885-12, groupId=Consumer-topic-683a3796_16f5_4da2_93af_ed68eaf59885] Notifying assignor about the new Assignment(partitions=[topic-683a3796_16f5_4da2_93af_ed68eaf59885-0])
2025-08-07 20:28:45,504 INFO  [org.apa.kaf.cli.con.int.ConsumerRebalanceListenerInvoker] (Thread-694) [Consumer clientId=consumer-Consumer-topic-683a3796_16f5_4da2_93af_ed68eaf59885-12, groupId=Consumer-topic-683a3796_16f5_4da2_93af_ed68eaf59885] Adding newly assigned partitions: topic-683a3796_16f5_4da2_93af_ed68eaf59885-0
2025-08-07 20:28:45,505 INFO  [org.apa.kaf.cli.con.int.ConsumerUtils] (Thread-694) Setting offset for partition topic-683a3796_16f5_4da2_93af_ed68eaf59885-0 to the committed offset FetchPosition{offset=30, offsetEpoch=Optional[0], currentLeader=LeaderAndEpoch{leader=Optional[localhost:32769 (id: 0 rack: null)], epoch=0}}
2025-08-07 20:28:45,845 INFO  [io.api.tes.ser.api.KafkaSerdesTester] (Thread-694) topic-683a3796_16f5_4da2_93af_ed68eaf59885 0 30 {"key11754598510847": "value-0", "key21754598515814": "value-0", "key31754598520940": "value-0"}
2025-08-07 20:28:45,845 INFO  [io.api.tes.ser.api.KafkaSerdesTester] (Thread-694) topic-683a3796_16f5_4da2_93af_ed68eaf59885 0 31 {"key11754598510847": "value-1", "key21754598515814": "value-1", "key31754598520940": "value-1"}
2025-08-07 20:28:45,845 INFO  [io.api.tes.ser.api.KafkaSerdesTester] (Thread-694) topic-683a3796_16f5_4da2_93af_ed68eaf59885 0 32 {"key11754598510847": "value-2", "key21754598515814": "value-2", "key31754598520940": "value-2"}
2025-08-07 20:28:45,845 INFO  [io.api.tes.ser.api.KafkaSerdesTester] (Thread-694) topic-683a3796_16f5_4da2_93af_ed68eaf59885 0 33 {"key11754598510847": "value-3", "key21754598515814": "value-3", "key31754598520940": "value-3"}
2025-08-07 20:28:45,845 INFO  [io.api.tes.ser.api.KafkaSerdesTester] (Thread-694) topic-683a3796_16f5_4da2_93af_ed68eaf59885 0 34 {"key11754598510847": "value-4", "key21754598515814": "value-4", "key31754598520940": "value-4"}
2025-08-07 20:28:45,845 INFO  [io.api.tes.ser.api.KafkaSerdesTester] (Thread-694) topic-683a3796_16f5_4da2_93af_ed68eaf59885 0 35 {"key11754598510847": "value-5", "key21754598515814": "value-5", "key31754598520940": "value-5"}
2025-08-07 20:28:45,845 INFO  [io.api.tes.ser.api.KafkaSerdesTester] (Thread-694) topic-683a3796_16f5_4da2_93af_ed68eaf59885 0 36 {"key11754598510847": "value-6", "key21754598515814": "value-6", "key31754598520940": "value-6"}
2025-08-07 20:28:45,845 INFO  [io.api.tes.ser.api.KafkaSerdesTester] (Thread-694) topic-683a3796_16f5_4da2_93af_ed68eaf59885 0 37 {"key11754598510847": "value-7", "key21754598515814": "value-7", "key31754598520940": "value-7"}
2025-08-07 20:28:45,845 INFO  [io.api.tes.ser.api.KafkaSerdesTester] (Thread-694) topic-683a3796_16f5_4da2_93af_ed68eaf59885 0 38 {"key11754598510847": "value-8", "key21754598515814": "value-8", "key31754598520940": "value-8"}
2025-08-07 20:28:45,845 INFO  [io.api.tes.ser.api.KafkaSerdesTester] (Thread-694) topic-683a3796_16f5_4da2_93af_ed68eaf59885 0 39 {"key11754598510847": "value-9", "key21754598515814": "value-9", "key31754598520940": "value-9"}
2025-08-07 20:28:45,845 INFO  [io.api.tes.ser.api.KafkaSerdesTester] (Thread-694) topic-683a3796_16f5_4da2_93af_ed68eaf59885 0 40 {"key11754598510847": "value-0", "key21754598515814": "value-0"}
2025-08-07 20:28:45,845 INFO  [io.api.tes.ser.api.KafkaSerdesTester] (Thread-694) topic-683a3796_16f5_4da2_93af_ed68eaf59885 0 41 {"key11754598510847": "value-1", "key21754598515814": "value-1"}
2025-08-07 20:28:45,845 INFO  [io.api.tes.ser.api.KafkaSerdesTester] (Thread-694) topic-683a3796_16f5_4da2_93af_ed68eaf59885 0 42 {"key11754598510847": "value-2", "key21754598515814": "value-2"}
2025-08-07 20:28:45,845 INFO  [io.api.tes.ser.api.KafkaSerdesTester] (Thread-694) topic-683a3796_16f5_4da2_93af_ed68eaf59885 0 43 {"key11754598510847": "value-3", "key21754598515814": "value-3"}
2025-08-07 20:28:45,845 INFO  [io.api.tes.ser.api.KafkaSerdesTester] (Thread-694) topic-683a3796_16f5_4da2_93af_ed68eaf59885 0 44 {"key11754598510847": "value-4", "key21754598515814": "value-4"}
2025-08-07 20:28:45,845 INFO  [io.api.tes.ser.api.KafkaSerdesTester] (Thread-694) topic-683a3796_16f5_4da2_93af_ed68eaf59885 0 45 {"key11754598510847": "value-5", "key21754598515814": "value-5"}
2025-08-07 20:28:45,846 INFO  [io.api.tes.ser.api.KafkaSerdesTester] (Thread-694) topic-683a3796_16f5_4da2_93af_ed68eaf59885 0 46 {"key11754598510847": "value-6", "key21754598515814": "value-6"}
2025-08-07 20:28:45,846 INFO  [io.api.tes.ser.api.KafkaSerdesTester] (Thread-694) topic-683a3796_16f5_4da2_93af_ed68eaf59885 0 47 {"key11754598510847": "value-7", "key21754598515814": "value-7"}
2025-08-07 20:28:45,846 INFO  [io.api.tes.ser.api.KafkaSerdesTester] (Thread-694) topic-683a3796_16f5_4da2_93af_ed68eaf59885 0 48 {"key11754598510847": "value-8", "key21754598515814": "value-8"}
2025-08-07 20:28:45,846 INFO  [io.api.tes.ser.api.KafkaSerdesTester] (Thread-694) topic-683a3796_16f5_4da2_93af_ed68eaf59885 0 49 {"key11754598510847": "value-9", "key21754598515814": "value-9"}
2025-08-07 20:28:45,846 INFO  [io.api.tes.ser.api.KafkaSerdesTester] (Thread-694) topic-683a3796_16f5_4da2_93af_ed68eaf59885 0 50 {"key11754598510847": "value-0"}
2025-08-07 20:28:45,846 INFO  [io.api.tes.ser.api.KafkaSerdesTester] (Thread-694) topic-683a3796_16f5_4da2_93af_ed68eaf59885 0 51 {"key11754598510847": "value-1"}
2025-08-07 20:28:45,846 INFO  [io.api.tes.ser.api.KafkaSerdesTester] (Thread-694) topic-683a3796_16f5_4da2_93af_ed68eaf59885 0 52 {"key11754598510847": "value-2"}
2025-08-07 20:28:45,846 INFO  [io.api.tes.ser.api.KafkaSerdesTester] (Thread-694) topic-683a3796_16f5_4da2_93af_ed68eaf59885 0 53 {"key11754598510847": "value-3"}
2025-08-07 20:28:45,846 INFO  [io.api.tes.ser.api.KafkaSerdesTester] (Thread-694) topic-683a3796_16f5_4da2_93af_ed68eaf59885 0 54 {"key11754598510847": "value-4"}
2025-08-07 20:28:45,846 INFO  [io.api.tes.ser.api.KafkaSerdesTester] (Thread-694) topic-683a3796_16f5_4da2_93af_ed68eaf59885 0 55 {"key11754598510847": "value-5"}
2025-08-07 20:28:45,846 INFO  [io.api.tes.ser.api.KafkaSerdesTester] (Thread-694) topic-683a3796_16f5_4da2_93af_ed68eaf59885 0 56 {"key11754598510847": "value-6"}
2025-08-07 20:28:45,846 INFO  [io.api.tes.ser.api.KafkaSerdesTester] (Thread-694) topic-683a3796_16f5_4da2_93af_ed68eaf59885 0 57 {"key11754598510847": "value-7"}
2025-08-07 20:28:45,846 INFO  [io.api.tes.ser.api.KafkaSerdesTester] (Thread-694) topic-683a3796_16f5_4da2_93af_ed68eaf59885 0 58 {"key11754598510847": "value-8"}
2025-08-07 20:28:45,846 INFO  [io.api.tes.ser.api.KafkaSerdesTester] (Thread-694) topic-683a3796_16f5_4da2_93af_ed68eaf59885 0 59 {"key11754598510847": "value-9"}
2025-08-07 20:28:45,846 INFO  [io.api.tes.ser.api.KafkaSerdesTester] (Thread-694) Consumed 30 messages
2025-08-07 20:28:45,853 INFO  [org.apa.kaf.cli.con.int.ConsumerRebalanceListenerInvoker] (Thread-694) [Consumer clientId=consumer-Consumer-topic-683a3796_16f5_4da2_93af_ed68eaf59885-12, groupId=Consumer-topic-683a3796_16f5_4da2_93af_ed68eaf59885] Revoke previously assigned partitions topic-683a3796_16f5_4da2_93af_ed68eaf59885-0
2025-08-07 20:28:45,853 INFO  [org.apa.kaf.cli.con.int.ConsumerCoordinator] (Thread-694) [Consumer clientId=consumer-Consumer-topic-683a3796_16f5_4da2_93af_ed68eaf59885-12, groupId=Consumer-topic-683a3796_16f5_4da2_93af_ed68eaf59885] Member consumer-Consumer-topic-683a3796_16f5_4da2_93af_ed68eaf59885-12-b040fd2b-e91e-45ce-90b4-bbc48c003f27 sending LeaveGroup request to coordinator localhost:32769 (id: 2147483647 rack: null) due to the consumer is being closed
2025-08-07 20:28:45,853 INFO  [org.apa.kaf.cli.con.int.ConsumerCoordinator] (Thread-694) [Consumer clientId=consumer-Consumer-topic-683a3796_16f5_4da2_93af_ed68eaf59885-12, groupId=Consumer-topic-683a3796_16f5_4da2_93af_ed68eaf59885] Resetting generation and member id due to: consumer pro-actively leaving the group
2025-08-07 20:28:45,853 INFO  [org.apa.kaf.cli.con.int.ConsumerCoordinator] (Thread-694) [Consumer clientId=consumer-Consumer-topic-683a3796_16f5_4da2_93af_ed68eaf59885-12, groupId=Consumer-topic-683a3796_16f5_4da2_93af_ed68eaf59885] Request joining group due to: consumer pro-actively leaving the group
2025-08-07 20:28:46,349 INFO  [org.apa.kaf.com.met.Metrics] (Thread-694) Metrics scheduler closed
2025-08-07 20:28:46,349 INFO  [org.apa.kaf.com.met.Metrics] (Thread-694) Closing reporter org.apache.kafka.common.metrics.JmxReporter
2025-08-07 20:28:46,349 INFO  [org.apa.kaf.com.met.Metrics] (Thread-694) Closing reporter org.apache.kafka.common.telemetry.internals.ClientTelemetryReporter
2025-08-07 20:28:46,349 INFO  [org.apa.kaf.com.met.Metrics] (Thread-694) Metrics reporters closed
2025-08-07 20:28:46,351 INFO  [org.apa.kaf.com.uti.AppInfoParser] (Thread-694) App info kafka.consumer for consumer-Consumer-topic-683a3796_16f5_4da2_93af_ed68eaf59885-12 unregistered
2025-08-07 20:28:46,351 INFO  [org.apa.kaf.cli.pro.KafkaProducer] (main) [Producer clientId=Producer-topic-683a3796_16f5_4da2_93af_ed68eaf59885] Closing the Kafka producer with timeoutMillis = 9223372036854775807 ms.
2025-08-07 20:28:46,351 INFO  [org.apa.kaf.com.met.Metrics] (main) Metrics scheduler closed
2025-08-07 20:28:46,351 INFO  [org.apa.kaf.com.met.Metrics] (main) Closing reporter org.apache.kafka.common.metrics.JmxReporter
2025-08-07 20:28:46,351 INFO  [org.apa.kaf.com.met.Metrics] (main) Closing reporter org.apache.kafka.common.telemetry.internals.ClientTelemetryReporter
2025-08-07 20:28:46,351 INFO  [org.apa.kaf.com.met.Metrics] (main) Metrics reporters closed
2025-08-07 20:28:46,351 INFO  [org.apa.kaf.com.uti.AppInfoParser] (main) App info kafka.producer for Producer-topic-683a3796_16f5_4da2_93af_ed68eaf59885 unregistered
2025-08-07 20:28:46,351 INFO  [io.api.tes.uti.TestSeparator] (main) io.apicurio.tests.serdes.apicurio.AvroSerdeIT.testEvolveAvroApicurio-FINISHED
2025-08-07 20:28:46,351 INFO  [io.api.tes.uti.TestSeparator] (main) ############################################################################
Test passed: testEvolveAvroApicurio
]]></system-out>
  </testcase>
  <testcase name="testTopicRecordIdStrategydFindLatest" classname="io.apicurio.tests.serdes.apicurio.AvroSerdeIT" time="4.988">
    <system-out><![CDATA[2025-08-07 20:28:46,355 INFO  [io.api.tes.uti.TestSeparator] (main) ############################################################################
2025-08-07 20:28:46,355 INFO  [io.api.tes.uti.TestSeparator] (main) io.apicurio.tests.serdes.apicurio.AvroSerdeIT.testTopicRecordIdStrategydFindLatest-STARTED
2025-08-07 20:28:46,359 INFO  [io.api.tes.ser.api.AvroSerdeIT] (main) Registering Avro Schema: {"type":"record","name":"se60d1007x2a4bx4918x8864xdacc7a117af8","namespace":"s642d9332x1107x446dx9857x067c0c555607","fields":[{"name":"key11754598526355","type":"string"}]}
**** Registry Base URL: http://registry-app-pg17.apps.ci419.apicurio-testing.org:80
2025-08-07 20:28:47,469 INFO  [org.apa.kaf.cli.pro.ProducerConfig] (main) ProducerConfig values: 
	acks = -1
	auto.include.jmx.reporter = true
	batch.size = 16384
	bootstrap.servers = [PLAINTEXT://localhost:32769]
	buffer.memory = 33554432
	client.dns.lookup = use_all_dns_ips
	client.id = Producer-topic-2469f167_4bee_4400_8b85_38ee29b6bbcf
	compression.gzip.level = -1
	compression.lz4.level = 9
	compression.type = none
	compression.zstd.level = 3
	connections.max.idle.ms = 10000
	delivery.timeout.ms = 120000
	enable.idempotence = true
	enable.metrics.push = true
	interceptor.classes = []
	key.serializer = class org.apache.kafka.common.serialization.StringSerializer
	linger.ms = 0
	max.block.ms = 60000
	max.in.flight.requests.per.connection = 5
	max.request.size = 1048576
	metadata.max.age.ms = 300000
	metadata.max.idle.ms = 300000
	metadata.recovery.strategy = none
	metric.reporters = []
	metrics.num.samples = 2
	metrics.recording.level = INFO
	metrics.sample.window.ms = 30000
	partitioner.adaptive.partitioning.enable = true
	partitioner.availability.timeout.ms = 0
	partitioner.class = null
	partitioner.ignore.keys = false
	receive.buffer.bytes = 32768
	reconnect.backoff.max.ms = 1000
	reconnect.backoff.ms = 50
	request.timeout.ms = 5000
	retries = 2147483647
	retry.backoff.max.ms = 1000
	retry.backoff.ms = 100
	sasl.client.callback.handler.class = null
	sasl.jaas.config = null
	sasl.kerberos.kinit.cmd = /usr/bin/kinit
	sasl.kerberos.min.time.before.relogin = 60000
	sasl.kerberos.service.name = null
	sasl.kerberos.ticket.renew.jitter = 0.05
	sasl.kerberos.ticket.renew.window.factor = 0.8
	sasl.login.callback.handler.class = null
	sasl.login.class = null
	sasl.login.connect.timeout.ms = null
	sasl.login.read.timeout.ms = null
	sasl.login.refresh.buffer.seconds = 300
	sasl.login.refresh.min.period.seconds = 60
	sasl.login.refresh.window.factor = 0.8
	sasl.login.refresh.window.jitter = 0.05
	sasl.login.retry.backoff.max.ms = 10000
	sasl.login.retry.backoff.ms = 100
	sasl.mechanism = GSSAPI
	sasl.oauthbearer.clock.skew.seconds = 30
	sasl.oauthbearer.expected.audience = null
	sasl.oauthbearer.expected.issuer = null
	sasl.oauthbearer.header.urlencode = false
	sasl.oauthbearer.jwks.endpoint.refresh.ms = 3600000
	sasl.oauthbearer.jwks.endpoint.retry.backoff.max.ms = 10000
	sasl.oauthbearer.jwks.endpoint.retry.backoff.ms = 100
	sasl.oauthbearer.jwks.endpoint.url = null
	sasl.oauthbearer.scope.claim.name = scope
	sasl.oauthbearer.sub.claim.name = sub
	sasl.oauthbearer.token.endpoint.url = null
	security.protocol = PLAINTEXT
	security.providers = null
	send.buffer.bytes = 131072
	socket.connection.setup.timeout.max.ms = 30000
	socket.connection.setup.timeout.ms = 10000
	ssl.cipher.suites = null
	ssl.enabled.protocols = [TLSv1.2, TLSv1.3]
	ssl.endpoint.identification.algorithm = https
	ssl.engine.factory.class = null
	ssl.key.password = null
	ssl.keymanager.algorithm = SunX509
	ssl.keystore.certificate.chain = null
	ssl.keystore.key = null
	ssl.keystore.location = null
	ssl.keystore.password = null
	ssl.keystore.type = JKS
	ssl.protocol = TLSv1.3
	ssl.provider = null
	ssl.secure.random.implementation = null
	ssl.trustmanager.algorithm = PKIX
	ssl.truststore.certificates = null
	ssl.truststore.location = null
	ssl.truststore.password = null
	ssl.truststore.type = JKS
	transaction.timeout.ms = 60000
	transactional.id = null
	value.serializer = class io.apicurio.registry.serde.avro.AvroKafkaSerializer

2025-08-07 20:28:47,470 INFO  [org.apa.kaf.com.tel.int.KafkaMetricsCollector] (main) initializing Kafka metrics collector
2025-08-07 20:28:47,473 INFO  [org.apa.kaf.cli.pro.KafkaProducer] (main) [Producer clientId=Producer-topic-2469f167_4bee_4400_8b85_38ee29b6bbcf] Instantiated an idempotent producer.
2025-08-07 20:28:47,474 INFO  [org.apa.kaf.cli.pro.ProducerConfig] (main) These configurations '[apicurio.registry.find-latest, apicurio.registry.url, apicurio.registry.artifact-resolver-strategy]' were supplied but are not used yet.
2025-08-07 20:28:47,474 INFO  [org.apa.kaf.com.uti.AppInfoParser] (main) Kafka version: 3.9.1
2025-08-07 20:28:47,474 INFO  [org.apa.kaf.com.uti.AppInfoParser] (main) Kafka commitId: f745dfdcee2b9851
2025-08-07 20:28:47,474 INFO  [org.apa.kaf.com.uti.AppInfoParser] (main) Kafka startTimeMs: 1754598527474
2025-08-07 20:28:47,474 INFO  [io.api.tes.ser.api.SimpleSerdesTesterBuilder$SimpleSerdesTester] (main) Using producer configuration: {apicurio.registry.find-latest=true, apicurio.registry.url=http://registry-app-pg17.apps.ci419.apicurio-testing.org:80/apis/registry/v3, apicurio.registry.artifact-resolver-strategy=io.apicurio.registry.serde.avro.strategy.TopicRecordIdStrategy, value.serializer=io.apicurio.registry.serde.avro.AvroKafkaSerializer, request.timeout.ms=5000, acks=all, bootstrap.servers=PLAINTEXT://localhost:32769, connections.max.idle.ms=10000, key.serializer=org.apache.kafka.common.serialization.StringSerializer, client.id=Producer-topic-2469f167_4bee_4400_8b85_38ee29b6bbcf}
2025-08-07 20:28:47,474 INFO  [io.api.tes.ser.api.SimpleSerdesTesterBuilder$SimpleSerdesTester] (main) Using consumer configuration: {}
2025-08-07 20:28:47,475 INFO  [io.api.tes.ser.api.KafkaSerdesTester] (Thread-697) Sending message {"key11754598526355": "value-0"} to topic topic-2469f167_4bee_4400_8b85_38ee29b6bbcf
2025-08-07 20:28:47,479 INFO  [org.apa.kaf.cli.Metadata] (kafka-producer-network-thread | Producer-topic-2469f167_4bee_4400_8b85_38ee29b6bbcf) [Producer clientId=Producer-topic-2469f167_4bee_4400_8b85_38ee29b6bbcf] Cluster ID: g89mLo7yQq6pgEL9WhhAvA
2025-08-07 20:28:47,480 INFO  [org.apa.kaf.cli.pro.int.TransactionManager] (kafka-producer-network-thread | Producer-topic-2469f167_4bee_4400_8b85_38ee29b6bbcf) [Producer clientId=Producer-topic-2469f167_4bee_4400_8b85_38ee29b6bbcf] ProducerId set to 18 with epoch 0
2025-08-07 20:28:47,643 INFO  [io.api.tes.ser.api.KafkaSerdesTester] (Thread-697) Sending message {"key11754598526355": "value-1"} to topic topic-2469f167_4bee_4400_8b85_38ee29b6bbcf
2025-08-07 20:28:47,644 INFO  [io.api.tes.ser.api.KafkaSerdesTester] (Thread-697) Sending message {"key11754598526355": "value-2"} to topic topic-2469f167_4bee_4400_8b85_38ee29b6bbcf
2025-08-07 20:28:47,646 INFO  [io.api.tes.ser.api.KafkaSerdesTester] (Thread-697) Sending message {"key11754598526355": "value-3"} to topic topic-2469f167_4bee_4400_8b85_38ee29b6bbcf
2025-08-07 20:28:47,647 INFO  [io.api.tes.ser.api.KafkaSerdesTester] (Thread-697) Sending message {"key11754598526355": "value-4"} to topic topic-2469f167_4bee_4400_8b85_38ee29b6bbcf
2025-08-07 20:28:47,648 INFO  [io.api.tes.ser.api.KafkaSerdesTester] (Thread-697) Sending message {"key11754598526355": "value-5"} to topic topic-2469f167_4bee_4400_8b85_38ee29b6bbcf
2025-08-07 20:28:47,649 INFO  [io.api.tes.ser.api.KafkaSerdesTester] (Thread-697) Sending message {"key11754598526355": "value-6"} to topic topic-2469f167_4bee_4400_8b85_38ee29b6bbcf
2025-08-07 20:28:47,650 INFO  [io.api.tes.ser.api.KafkaSerdesTester] (Thread-697) Sending message {"key11754598526355": "value-7"} to topic topic-2469f167_4bee_4400_8b85_38ee29b6bbcf
2025-08-07 20:28:47,654 INFO  [io.api.tes.ser.api.KafkaSerdesTester] (Thread-697) Sending message {"key11754598526355": "value-8"} to topic topic-2469f167_4bee_4400_8b85_38ee29b6bbcf
2025-08-07 20:28:47,656 INFO  [io.api.tes.ser.api.KafkaSerdesTester] (Thread-697) Sending message {"key11754598526355": "value-9"} to topic topic-2469f167_4bee_4400_8b85_38ee29b6bbcf
2025-08-07 20:28:47,657 INFO  [io.api.tes.ser.api.KafkaSerdesTester] (Thread-697) Produced 10 messages
2025-08-07 20:28:47,658 INFO  [org.apa.kaf.cli.pro.KafkaProducer] (Thread-697) [Producer clientId=Producer-topic-2469f167_4bee_4400_8b85_38ee29b6bbcf] Closing the Kafka producer with timeoutMillis = 9223372036854775807 ms.
2025-08-07 20:28:47,659 INFO  [org.apa.kaf.com.met.Metrics] (Thread-697) Metrics scheduler closed
2025-08-07 20:28:47,659 INFO  [org.apa.kaf.com.met.Metrics] (Thread-697) Closing reporter org.apache.kafka.common.metrics.JmxReporter
2025-08-07 20:28:47,659 INFO  [org.apa.kaf.com.met.Metrics] (Thread-697) Closing reporter org.apache.kafka.common.telemetry.internals.ClientTelemetryReporter
2025-08-07 20:28:47,659 INFO  [org.apa.kaf.com.met.Metrics] (Thread-697) Metrics reporters closed
2025-08-07 20:28:47,660 INFO  [org.apa.kaf.com.uti.AppInfoParser] (Thread-697) App info kafka.producer for Producer-topic-2469f167_4bee_4400_8b85_38ee29b6bbcf unregistered
**** Registry Base URL: http://registry-app-pg17.apps.ci419.apicurio-testing.org:80
2025-08-07 20:28:47,660 INFO  [org.apa.kaf.cli.con.ConsumerConfig] (main) ConsumerConfig values: 
	allow.auto.create.topics = true
	auto.commit.interval.ms = 500
	auto.include.jmx.reporter = true
	auto.offset.reset = earliest
	bootstrap.servers = [PLAINTEXT://localhost:32769]
	check.crcs = true
	client.dns.lookup = use_all_dns_ips
	client.id = consumer-Consumer-topic-2469f167_4bee_4400_8b85_38ee29b6bbcf-13
	client.rack = 
	connections.max.idle.ms = 10000
	default.api.timeout.ms = 60000
	enable.auto.commit = true
	enable.metrics.push = true
	exclude.internal.topics = true
	fetch.max.bytes = 52428800
	fetch.max.wait.ms = 500
	fetch.min.bytes = 1
	group.id = Consumer-topic-2469f167_4bee_4400_8b85_38ee29b6bbcf
	group.instance.id = null
	group.protocol = classic
	group.remote.assignor = null
	heartbeat.interval.ms = 3000
	interceptor.classes = []
	internal.leave.group.on.close = true
	internal.throw.on.fetch.stable.offset.unsupported = false
	isolation.level = read_uncommitted
	key.deserializer = class org.apache.kafka.common.serialization.StringDeserializer
	max.partition.fetch.bytes = 1048576
	max.poll.interval.ms = 300000
	max.poll.records = 500
	metadata.max.age.ms = 300000
	metadata.recovery.strategy = none
	metric.reporters = []
	metrics.num.samples = 2
	metrics.recording.level = INFO
	metrics.sample.window.ms = 30000
	partition.assignment.strategy = [class org.apache.kafka.clients.consumer.RangeAssignor, class org.apache.kafka.clients.consumer.CooperativeStickyAssignor]
	receive.buffer.bytes = 65536
	reconnect.backoff.max.ms = 1000
	reconnect.backoff.ms = 50
	request.timeout.ms = 5000
	retry.backoff.max.ms = 1000
	retry.backoff.ms = 100
	sasl.client.callback.handler.class = null
	sasl.jaas.config = null
	sasl.kerberos.kinit.cmd = /usr/bin/kinit
	sasl.kerberos.min.time.before.relogin = 60000
	sasl.kerberos.service.name = null
	sasl.kerberos.ticket.renew.jitter = 0.05
	sasl.kerberos.ticket.renew.window.factor = 0.8
	sasl.login.callback.handler.class = null
	sasl.login.class = null
	sasl.login.connect.timeout.ms = null
	sasl.login.read.timeout.ms = null
	sasl.login.refresh.buffer.seconds = 300
	sasl.login.refresh.min.period.seconds = 60
	sasl.login.refresh.window.factor = 0.8
	sasl.login.refresh.window.jitter = 0.05
	sasl.login.retry.backoff.max.ms = 10000
	sasl.login.retry.backoff.ms = 100
	sasl.mechanism = GSSAPI
	sasl.oauthbearer.clock.skew.seconds = 30
	sasl.oauthbearer.expected.audience = null
	sasl.oauthbearer.expected.issuer = null
	sasl.oauthbearer.header.urlencode = false
	sasl.oauthbearer.jwks.endpoint.refresh.ms = 3600000
	sasl.oauthbearer.jwks.endpoint.retry.backoff.max.ms = 10000
	sasl.oauthbearer.jwks.endpoint.retry.backoff.ms = 100
	sasl.oauthbearer.jwks.endpoint.url = null
	sasl.oauthbearer.scope.claim.name = scope
	sasl.oauthbearer.sub.claim.name = sub
	sasl.oauthbearer.token.endpoint.url = null
	security.protocol = PLAINTEXT
	security.providers = null
	send.buffer.bytes = 131072
	session.timeout.ms = 45000
	socket.connection.setup.timeout.max.ms = 30000
	socket.connection.setup.timeout.ms = 10000
	ssl.cipher.suites = null
	ssl.enabled.protocols = [TLSv1.2, TLSv1.3]
	ssl.endpoint.identification.algorithm = https
	ssl.engine.factory.class = null
	ssl.key.password = null
	ssl.keymanager.algorithm = SunX509
	ssl.keystore.certificate.chain = null
	ssl.keystore.key = null
	ssl.keystore.location = null
	ssl.keystore.password = null
	ssl.keystore.type = JKS
	ssl.protocol = TLSv1.3
	ssl.provider = null
	ssl.secure.random.implementation = null
	ssl.trustmanager.algorithm = PKIX
	ssl.truststore.certificates = null
	ssl.truststore.location = null
	ssl.truststore.password = null
	ssl.truststore.type = JKS
	value.deserializer = class io.apicurio.registry.serde.avro.AvroKafkaDeserializer

2025-08-07 20:28:47,661 INFO  [org.apa.kaf.com.tel.int.KafkaMetricsCollector] (main) initializing Kafka metrics collector
2025-08-07 20:28:47,665 INFO  [org.apa.kaf.cli.con.ConsumerConfig] (main) These configurations '[apicurio.registry.url]' were supplied but are not used yet.
2025-08-07 20:28:47,665 INFO  [org.apa.kaf.com.uti.AppInfoParser] (main) Kafka version: 3.9.1
2025-08-07 20:28:47,665 INFO  [org.apa.kaf.com.uti.AppInfoParser] (main) Kafka commitId: f745dfdcee2b9851
2025-08-07 20:28:47,665 INFO  [org.apa.kaf.com.uti.AppInfoParser] (main) Kafka startTimeMs: 1754598527665
2025-08-07 20:28:47,665 INFO  [org.apa.kaf.cli.con.int.ClassicKafkaConsumer] (Thread-700) [Consumer clientId=consumer-Consumer-topic-2469f167_4bee_4400_8b85_38ee29b6bbcf-13, groupId=Consumer-topic-2469f167_4bee_4400_8b85_38ee29b6bbcf] Subscribed to topic(s): topic-2469f167_4bee_4400_8b85_38ee29b6bbcf
2025-08-07 20:28:47,669 INFO  [org.apa.kaf.cli.Metadata] (Thread-700) [Consumer clientId=consumer-Consumer-topic-2469f167_4bee_4400_8b85_38ee29b6bbcf-13, groupId=Consumer-topic-2469f167_4bee_4400_8b85_38ee29b6bbcf] Cluster ID: g89mLo7yQq6pgEL9WhhAvA
2025-08-07 20:28:47,669 INFO  [org.apa.kaf.cli.con.int.ConsumerCoordinator] (Thread-700) [Consumer clientId=consumer-Consumer-topic-2469f167_4bee_4400_8b85_38ee29b6bbcf-13, groupId=Consumer-topic-2469f167_4bee_4400_8b85_38ee29b6bbcf] Discovered group coordinator localhost:32769 (id: 2147483647 rack: null)
2025-08-07 20:28:47,670 INFO  [org.apa.kaf.cli.con.int.ConsumerCoordinator] (Thread-700) [Consumer clientId=consumer-Consumer-topic-2469f167_4bee_4400_8b85_38ee29b6bbcf-13, groupId=Consumer-topic-2469f167_4bee_4400_8b85_38ee29b6bbcf] (Re-)joining group
2025-08-07 20:28:47,673 INFO  [org.apa.kaf.cli.con.int.ConsumerCoordinator] (Thread-700) [Consumer clientId=consumer-Consumer-topic-2469f167_4bee_4400_8b85_38ee29b6bbcf-13, groupId=Consumer-topic-2469f167_4bee_4400_8b85_38ee29b6bbcf] Request joining group due to: need to re-join with the given member-id: consumer-Consumer-topic-2469f167_4bee_4400_8b85_38ee29b6bbcf-13-d76eef57-0fcf-42f9-b1dd-173e2316d495
2025-08-07 20:28:47,674 INFO  [org.apa.kaf.cli.con.int.ConsumerCoordinator] (Thread-700) [Consumer clientId=consumer-Consumer-topic-2469f167_4bee_4400_8b85_38ee29b6bbcf-13, groupId=Consumer-topic-2469f167_4bee_4400_8b85_38ee29b6bbcf] (Re-)joining group
2025-08-07 20:28:48,665 INFO  [io.api.tes.ser.api.KafkaSerdesTester] (Thread-700) None found
2025-08-07 20:28:49,666 INFO  [io.api.tes.ser.api.KafkaSerdesTester] (Thread-700) None found
2025-08-07 20:28:50,666 INFO  [io.api.tes.ser.api.KafkaSerdesTester] (Thread-700) None found
2025-08-07 20:28:50,675 INFO  [org.apa.kaf.cli.con.int.ConsumerCoordinator] (Thread-700) [Consumer clientId=consumer-Consumer-topic-2469f167_4bee_4400_8b85_38ee29b6bbcf-13, groupId=Consumer-topic-2469f167_4bee_4400_8b85_38ee29b6bbcf] Successfully joined group with generation Generation{generationId=1, memberId='consumer-Consumer-topic-2469f167_4bee_4400_8b85_38ee29b6bbcf-13-d76eef57-0fcf-42f9-b1dd-173e2316d495', protocol='range'}
2025-08-07 20:28:50,675 INFO  [org.apa.kaf.cli.con.int.ConsumerCoordinator] (Thread-700) [Consumer clientId=consumer-Consumer-topic-2469f167_4bee_4400_8b85_38ee29b6bbcf-13, groupId=Consumer-topic-2469f167_4bee_4400_8b85_38ee29b6bbcf] Finished assignment for group at generation 1: {consumer-Consumer-topic-2469f167_4bee_4400_8b85_38ee29b6bbcf-13-d76eef57-0fcf-42f9-b1dd-173e2316d495=Assignment(partitions=[topic-2469f167_4bee_4400_8b85_38ee29b6bbcf-0])}
2025-08-07 20:28:50,682 INFO  [org.apa.kaf.cli.con.int.ConsumerCoordinator] (Thread-700) [Consumer clientId=consumer-Consumer-topic-2469f167_4bee_4400_8b85_38ee29b6bbcf-13, groupId=Consumer-topic-2469f167_4bee_4400_8b85_38ee29b6bbcf] Successfully synced group in generation Generation{generationId=1, memberId='consumer-Consumer-topic-2469f167_4bee_4400_8b85_38ee29b6bbcf-13-d76eef57-0fcf-42f9-b1dd-173e2316d495', protocol='range'}
2025-08-07 20:28:50,682 INFO  [org.apa.kaf.cli.con.int.ConsumerCoordinator] (Thread-700) [Consumer clientId=consumer-Consumer-topic-2469f167_4bee_4400_8b85_38ee29b6bbcf-13, groupId=Consumer-topic-2469f167_4bee_4400_8b85_38ee29b6bbcf] Notifying assignor about the new Assignment(partitions=[topic-2469f167_4bee_4400_8b85_38ee29b6bbcf-0])
2025-08-07 20:28:50,682 INFO  [org.apa.kaf.cli.con.int.ConsumerRebalanceListenerInvoker] (Thread-700) [Consumer clientId=consumer-Consumer-topic-2469f167_4bee_4400_8b85_38ee29b6bbcf-13, groupId=Consumer-topic-2469f167_4bee_4400_8b85_38ee29b6bbcf] Adding newly assigned partitions: topic-2469f167_4bee_4400_8b85_38ee29b6bbcf-0
2025-08-07 20:28:50,683 INFO  [org.apa.kaf.cli.con.int.ConsumerCoordinator] (Thread-700) [Consumer clientId=consumer-Consumer-topic-2469f167_4bee_4400_8b85_38ee29b6bbcf-13, groupId=Consumer-topic-2469f167_4bee_4400_8b85_38ee29b6bbcf] Found no committed offset for partition topic-2469f167_4bee_4400_8b85_38ee29b6bbcf-0
2025-08-07 20:28:50,686 INFO  [org.apa.kaf.cli.con.int.SubscriptionState] (Thread-700) [Consumer clientId=consumer-Consumer-topic-2469f167_4bee_4400_8b85_38ee29b6bbcf-13, groupId=Consumer-topic-2469f167_4bee_4400_8b85_38ee29b6bbcf] Resetting offset for partition topic-2469f167_4bee_4400_8b85_38ee29b6bbcf-0 to position FetchPosition{offset=0, offsetEpoch=Optional.empty, currentLeader=LeaderAndEpoch{leader=Optional[localhost:32769 (id: 0 rack: null)], epoch=0}}.
2025-08-07 20:28:50,834 INFO  [io.api.tes.ser.api.KafkaSerdesTester] (Thread-700) topic-2469f167_4bee_4400_8b85_38ee29b6bbcf 0 0 {"key11754598526355": "value-0"}
2025-08-07 20:28:50,834 INFO  [io.api.tes.ser.api.KafkaSerdesTester] (Thread-700) topic-2469f167_4bee_4400_8b85_38ee29b6bbcf 0 1 {"key11754598526355": "value-1"}
2025-08-07 20:28:50,834 INFO  [io.api.tes.ser.api.KafkaSerdesTester] (Thread-700) topic-2469f167_4bee_4400_8b85_38ee29b6bbcf 0 2 {"key11754598526355": "value-2"}
2025-08-07 20:28:50,834 INFO  [io.api.tes.ser.api.KafkaSerdesTester] (Thread-700) topic-2469f167_4bee_4400_8b85_38ee29b6bbcf 0 3 {"key11754598526355": "value-3"}
2025-08-07 20:28:50,834 INFO  [io.api.tes.ser.api.KafkaSerdesTester] (Thread-700) topic-2469f167_4bee_4400_8b85_38ee29b6bbcf 0 4 {"key11754598526355": "value-4"}
2025-08-07 20:28:50,836 INFO  [io.api.tes.ser.api.KafkaSerdesTester] (Thread-700) topic-2469f167_4bee_4400_8b85_38ee29b6bbcf 0 5 {"key11754598526355": "value-5"}
2025-08-07 20:28:50,836 INFO  [io.api.tes.ser.api.KafkaSerdesTester] (Thread-700) topic-2469f167_4bee_4400_8b85_38ee29b6bbcf 0 6 {"key11754598526355": "value-6"}
2025-08-07 20:28:50,836 INFO  [io.api.tes.ser.api.KafkaSerdesTester] (Thread-700) topic-2469f167_4bee_4400_8b85_38ee29b6bbcf 0 7 {"key11754598526355": "value-7"}
2025-08-07 20:28:50,836 INFO  [io.api.tes.ser.api.KafkaSerdesTester] (Thread-700) topic-2469f167_4bee_4400_8b85_38ee29b6bbcf 0 8 {"key11754598526355": "value-8"}
2025-08-07 20:28:50,836 INFO  [io.api.tes.ser.api.KafkaSerdesTester] (Thread-700) topic-2469f167_4bee_4400_8b85_38ee29b6bbcf 0 9 {"key11754598526355": "value-9"}
2025-08-07 20:28:50,836 INFO  [io.api.tes.ser.api.KafkaSerdesTester] (Thread-700) Consumed 10 messages
2025-08-07 20:28:50,844 INFO  [org.apa.kaf.cli.con.int.ConsumerRebalanceListenerInvoker] (Thread-700) [Consumer clientId=consumer-Consumer-topic-2469f167_4bee_4400_8b85_38ee29b6bbcf-13, groupId=Consumer-topic-2469f167_4bee_4400_8b85_38ee29b6bbcf] Revoke previously assigned partitions topic-2469f167_4bee_4400_8b85_38ee29b6bbcf-0
2025-08-07 20:28:50,844 INFO  [org.apa.kaf.cli.con.int.ConsumerCoordinator] (Thread-700) [Consumer clientId=consumer-Consumer-topic-2469f167_4bee_4400_8b85_38ee29b6bbcf-13, groupId=Consumer-topic-2469f167_4bee_4400_8b85_38ee29b6bbcf] Member consumer-Consumer-topic-2469f167_4bee_4400_8b85_38ee29b6bbcf-13-d76eef57-0fcf-42f9-b1dd-173e2316d495 sending LeaveGroup request to coordinator localhost:32769 (id: 2147483647 rack: null) due to the consumer is being closed
2025-08-07 20:28:50,844 INFO  [org.apa.kaf.cli.con.int.ConsumerCoordinator] (Thread-700) [Consumer clientId=consumer-Consumer-topic-2469f167_4bee_4400_8b85_38ee29b6bbcf-13, groupId=Consumer-topic-2469f167_4bee_4400_8b85_38ee29b6bbcf] Resetting generation and member id due to: consumer pro-actively leaving the group
2025-08-07 20:28:50,844 INFO  [org.apa.kaf.cli.con.int.ConsumerCoordinator] (Thread-700) [Consumer clientId=consumer-Consumer-topic-2469f167_4bee_4400_8b85_38ee29b6bbcf-13, groupId=Consumer-topic-2469f167_4bee_4400_8b85_38ee29b6bbcf] Request joining group due to: consumer pro-actively leaving the group
2025-08-07 20:28:51,337 INFO  [org.apa.kaf.com.met.Metrics] (Thread-700) Metrics scheduler closed
2025-08-07 20:28:51,337 INFO  [org.apa.kaf.com.met.Metrics] (Thread-700) Closing reporter org.apache.kafka.common.metrics.JmxReporter
2025-08-07 20:28:51,337 INFO  [org.apa.kaf.com.met.Metrics] (Thread-700) Closing reporter org.apache.kafka.common.telemetry.internals.ClientTelemetryReporter
2025-08-07 20:28:51,337 INFO  [org.apa.kaf.com.met.Metrics] (Thread-700) Metrics reporters closed
2025-08-07 20:28:51,339 INFO  [org.apa.kaf.com.uti.AppInfoParser] (Thread-700) App info kafka.consumer for consumer-Consumer-topic-2469f167_4bee_4400_8b85_38ee29b6bbcf-13 unregistered
2025-08-07 20:28:51,340 INFO  [io.api.tes.uti.TestSeparator] (main) io.apicurio.tests.serdes.apicurio.AvroSerdeIT.testTopicRecordIdStrategydFindLatest-FINISHED
2025-08-07 20:28:51,340 INFO  [io.api.tes.uti.TestSeparator] (main) ############################################################################
Test passed: testTopicRecordIdStrategydFindLatest
]]></system-out>
  </testcase>
  <testcase name="testAvroConfluentForMultipleTopics" classname="io.apicurio.tests.serdes.apicurio.AvroSerdeIT" time="12.537">
    <system-out><![CDATA[2025-08-07 20:28:51,341 INFO  [io.api.tes.uti.TestSeparator] (main) ############################################################################
2025-08-07 20:28:51,341 INFO  [io.api.tes.uti.TestSeparator] (main) io.apicurio.tests.serdes.apicurio.AvroSerdeIT.testAvroConfluentForMultipleTopics-STARTED
2025-08-07 20:28:51,346 INFO  [io.api.tes.ser.api.AvroSerdeIT] (main) Registering Avro Schema: {"type":"record","name":"myrecordconfluent","fields":[{"name":"key11754598531341","type":"string"}]}
**** Registry Base URL: http://registry-app-pg17.apps.ci419.apicurio-testing.org:80
2025-08-07 20:28:52,489 INFO  [org.apa.kaf.cli.pro.ProducerConfig] (main) ProducerConfig values: 
	acks = -1
	auto.include.jmx.reporter = true
	batch.size = 16384
	bootstrap.servers = [PLAINTEXT://localhost:32769]
	buffer.memory = 33554432
	client.dns.lookup = use_all_dns_ips
	client.id = Producer-topic-4140cb89_3562_4373_a95a_07db0f07aa93
	compression.gzip.level = -1
	compression.lz4.level = 9
	compression.type = none
	compression.zstd.level = 3
	connections.max.idle.ms = 10000
	delivery.timeout.ms = 120000
	enable.idempotence = true
	enable.metrics.push = true
	interceptor.classes = []
	key.serializer = class org.apache.kafka.common.serialization.StringSerializer
	linger.ms = 0
	max.block.ms = 60000
	max.in.flight.requests.per.connection = 5
	max.request.size = 1048576
	metadata.max.age.ms = 300000
	metadata.max.idle.ms = 300000
	metadata.recovery.strategy = none
	metric.reporters = []
	metrics.num.samples = 2
	metrics.recording.level = INFO
	metrics.sample.window.ms = 30000
	partitioner.adaptive.partitioning.enable = true
	partitioner.availability.timeout.ms = 0
	partitioner.class = null
	partitioner.ignore.keys = false
	receive.buffer.bytes = 32768
	reconnect.backoff.max.ms = 1000
	reconnect.backoff.ms = 50
	request.timeout.ms = 5000
	retries = 2147483647
	retry.backoff.max.ms = 1000
	retry.backoff.ms = 100
	sasl.client.callback.handler.class = null
	sasl.jaas.config = null
	sasl.kerberos.kinit.cmd = /usr/bin/kinit
	sasl.kerberos.min.time.before.relogin = 60000
	sasl.kerberos.service.name = null
	sasl.kerberos.ticket.renew.jitter = 0.05
	sasl.kerberos.ticket.renew.window.factor = 0.8
	sasl.login.callback.handler.class = null
	sasl.login.class = null
	sasl.login.connect.timeout.ms = null
	sasl.login.read.timeout.ms = null
	sasl.login.refresh.buffer.seconds = 300
	sasl.login.refresh.min.period.seconds = 60
	sasl.login.refresh.window.factor = 0.8
	sasl.login.refresh.window.jitter = 0.05
	sasl.login.retry.backoff.max.ms = 10000
	sasl.login.retry.backoff.ms = 100
	sasl.mechanism = GSSAPI
	sasl.oauthbearer.clock.skew.seconds = 30
	sasl.oauthbearer.expected.audience = null
	sasl.oauthbearer.expected.issuer = null
	sasl.oauthbearer.header.urlencode = false
	sasl.oauthbearer.jwks.endpoint.refresh.ms = 3600000
	sasl.oauthbearer.jwks.endpoint.retry.backoff.max.ms = 10000
	sasl.oauthbearer.jwks.endpoint.retry.backoff.ms = 100
	sasl.oauthbearer.jwks.endpoint.url = null
	sasl.oauthbearer.scope.claim.name = scope
	sasl.oauthbearer.sub.claim.name = sub
	sasl.oauthbearer.token.endpoint.url = null
	security.protocol = PLAINTEXT
	security.providers = null
	send.buffer.bytes = 131072
	socket.connection.setup.timeout.max.ms = 30000
	socket.connection.setup.timeout.ms = 10000
	ssl.cipher.suites = null
	ssl.enabled.protocols = [TLSv1.2, TLSv1.3]
	ssl.endpoint.identification.algorithm = https
	ssl.engine.factory.class = null
	ssl.key.password = null
	ssl.keymanager.algorithm = SunX509
	ssl.keystore.certificate.chain = null
	ssl.keystore.key = null
	ssl.keystore.location = null
	ssl.keystore.password = null
	ssl.keystore.type = JKS
	ssl.protocol = TLSv1.3
	ssl.provider = null
	ssl.secure.random.implementation = null
	ssl.trustmanager.algorithm = PKIX
	ssl.truststore.certificates = null
	ssl.truststore.location = null
	ssl.truststore.password = null
	ssl.truststore.type = JKS
	transaction.timeout.ms = 60000
	transactional.id = null
	value.serializer = class io.apicurio.registry.serde.avro.AvroKafkaSerializer

2025-08-07 20:28:52,489 INFO  [org.apa.kaf.com.tel.int.KafkaMetricsCollector] (main) initializing Kafka metrics collector
2025-08-07 20:28:52,493 INFO  [org.apa.kaf.cli.pro.KafkaProducer] (main) [Producer clientId=Producer-topic-4140cb89_3562_4373_a95a_07db0f07aa93] Instantiated an idempotent producer.
2025-08-07 20:28:52,495 INFO  [org.apa.kaf.cli.pro.ProducerConfig] (main) These configurations '[apicurio.registry.url, apicurio.registry.artifact-resolver-strategy]' were supplied but are not used yet.
2025-08-07 20:28:52,495 INFO  [org.apa.kaf.com.uti.AppInfoParser] (main) Kafka version: 3.9.1
2025-08-07 20:28:52,495 INFO  [org.apa.kaf.com.uti.AppInfoParser] (main) Kafka commitId: f745dfdcee2b9851
2025-08-07 20:28:52,495 INFO  [org.apa.kaf.com.uti.AppInfoParser] (main) Kafka startTimeMs: 1754598532495
**** Registry Base URL: http://registry-app-pg17.apps.ci419.apicurio-testing.org:80
2025-08-07 20:28:52,495 INFO  [org.apa.kaf.cli.pro.ProducerConfig] (main) ProducerConfig values: 
	acks = -1
	auto.include.jmx.reporter = true
	batch.size = 16384
	bootstrap.servers = [PLAINTEXT://localhost:32769]
	buffer.memory = 33554432
	client.dns.lookup = use_all_dns_ips
	client.id = Producer-topic-9b6ad818_2ecb_443b_872a_c7c24a13fadd
	compression.gzip.level = -1
	compression.lz4.level = 9
	compression.type = none
	compression.zstd.level = 3
	connections.max.idle.ms = 10000
	delivery.timeout.ms = 120000
	enable.idempotence = true
	enable.metrics.push = true
	interceptor.classes = []
	key.serializer = class org.apache.kafka.common.serialization.StringSerializer
	linger.ms = 0
	max.block.ms = 60000
	max.in.flight.requests.per.connection = 5
	max.request.size = 1048576
	metadata.max.age.ms = 300000
	metadata.max.idle.ms = 300000
	metadata.recovery.strategy = none
	metric.reporters = []
	metrics.num.samples = 2
	metrics.recording.level = INFO
	metrics.sample.window.ms = 30000
	partitioner.adaptive.partitioning.enable = true
	partitioner.availability.timeout.ms = 0
	partitioner.class = null
	partitioner.ignore.keys = false
	receive.buffer.bytes = 32768
	reconnect.backoff.max.ms = 1000
	reconnect.backoff.ms = 50
	request.timeout.ms = 5000
	retries = 2147483647
	retry.backoff.max.ms = 1000
	retry.backoff.ms = 100
	sasl.client.callback.handler.class = null
	sasl.jaas.config = null
	sasl.kerberos.kinit.cmd = /usr/bin/kinit
	sasl.kerberos.min.time.before.relogin = 60000
	sasl.kerberos.service.name = null
	sasl.kerberos.ticket.renew.jitter = 0.05
	sasl.kerberos.ticket.renew.window.factor = 0.8
	sasl.login.callback.handler.class = null
	sasl.login.class = null
	sasl.login.connect.timeout.ms = null
	sasl.login.read.timeout.ms = null
	sasl.login.refresh.buffer.seconds = 300
	sasl.login.refresh.min.period.seconds = 60
	sasl.login.refresh.window.factor = 0.8
	sasl.login.refresh.window.jitter = 0.05
	sasl.login.retry.backoff.max.ms = 10000
	sasl.login.retry.backoff.ms = 100
	sasl.mechanism = GSSAPI
	sasl.oauthbearer.clock.skew.seconds = 30
	sasl.oauthbearer.expected.audience = null
	sasl.oauthbearer.expected.issuer = null
	sasl.oauthbearer.header.urlencode = false
	sasl.oauthbearer.jwks.endpoint.refresh.ms = 3600000
	sasl.oauthbearer.jwks.endpoint.retry.backoff.max.ms = 10000
	sasl.oauthbearer.jwks.endpoint.retry.backoff.ms = 100
	sasl.oauthbearer.jwks.endpoint.url = null
	sasl.oauthbearer.scope.claim.name = scope
	sasl.oauthbearer.sub.claim.name = sub
	sasl.oauthbearer.token.endpoint.url = null
	security.protocol = PLAINTEXT
	security.providers = null
	send.buffer.bytes = 131072
	socket.connection.setup.timeout.max.ms = 30000
	socket.connection.setup.timeout.ms = 10000
	ssl.cipher.suites = null
	ssl.enabled.protocols = [TLSv1.2, TLSv1.3]
	ssl.endpoint.identification.algorithm = https
	ssl.engine.factory.class = null
	ssl.key.password = null
	ssl.keymanager.algorithm = SunX509
	ssl.keystore.certificate.chain = null
	ssl.keystore.key = null
	ssl.keystore.location = null
	ssl.keystore.password = null
	ssl.keystore.type = JKS
	ssl.protocol = TLSv1.3
	ssl.provider = null
	ssl.secure.random.implementation = null
	ssl.trustmanager.algorithm = PKIX
	ssl.truststore.certificates = null
	ssl.truststore.location = null
	ssl.truststore.password = null
	ssl.truststore.type = JKS
	transaction.timeout.ms = 60000
	transactional.id = null
	value.serializer = class io.apicurio.registry.serde.avro.AvroKafkaSerializer

2025-08-07 20:28:52,496 INFO  [org.apa.kaf.com.tel.int.KafkaMetricsCollector] (main) initializing Kafka metrics collector
2025-08-07 20:28:52,503 INFO  [org.apa.kaf.cli.Metadata] (kafka-producer-network-thread | Producer-topic-4140cb89_3562_4373_a95a_07db0f07aa93) [Producer clientId=Producer-topic-4140cb89_3562_4373_a95a_07db0f07aa93] Cluster ID: g89mLo7yQq6pgEL9WhhAvA
2025-08-07 20:28:52,504 INFO  [org.apa.kaf.cli.pro.KafkaProducer] (main) [Producer clientId=Producer-topic-9b6ad818_2ecb_443b_872a_c7c24a13fadd] Instantiated an idempotent producer.
2025-08-07 20:28:52,506 INFO  [org.apa.kaf.cli.pro.int.TransactionManager] (kafka-producer-network-thread | Producer-topic-4140cb89_3562_4373_a95a_07db0f07aa93) [Producer clientId=Producer-topic-4140cb89_3562_4373_a95a_07db0f07aa93] ProducerId set to 19 with epoch 0
2025-08-07 20:28:52,507 INFO  [org.apa.kaf.cli.pro.ProducerConfig] (main) These configurations '[apicurio.registry.url, apicurio.registry.artifact-resolver-strategy]' were supplied but are not used yet.
2025-08-07 20:28:52,507 INFO  [org.apa.kaf.com.uti.AppInfoParser] (main) Kafka version: 3.9.1
2025-08-07 20:28:52,507 INFO  [org.apa.kaf.com.uti.AppInfoParser] (main) Kafka commitId: f745dfdcee2b9851
2025-08-07 20:28:52,507 INFO  [org.apa.kaf.com.uti.AppInfoParser] (main) Kafka startTimeMs: 1754598532507
**** Registry Base URL: http://registry-app-pg17.apps.ci419.apicurio-testing.org:80
2025-08-07 20:28:52,508 INFO  [org.apa.kaf.cli.pro.ProducerConfig] (main) ProducerConfig values: 
	acks = -1
	auto.include.jmx.reporter = true
	batch.size = 16384
	bootstrap.servers = [PLAINTEXT://localhost:32769]
	buffer.memory = 33554432
	client.dns.lookup = use_all_dns_ips
	client.id = Producer-topic-51ce0495_6bbf_427a_ba3e_e21491c02018
	compression.gzip.level = -1
	compression.lz4.level = 9
	compression.type = none
	compression.zstd.level = 3
	connections.max.idle.ms = 10000
	delivery.timeout.ms = 120000
	enable.idempotence = true
	enable.metrics.push = true
	interceptor.classes = []
	key.serializer = class org.apache.kafka.common.serialization.StringSerializer
	linger.ms = 0
	max.block.ms = 60000
	max.in.flight.requests.per.connection = 5
	max.request.size = 1048576
	metadata.max.age.ms = 300000
	metadata.max.idle.ms = 300000
	metadata.recovery.strategy = none
	metric.reporters = []
	metrics.num.samples = 2
	metrics.recording.level = INFO
	metrics.sample.window.ms = 30000
	partitioner.adaptive.partitioning.enable = true
	partitioner.availability.timeout.ms = 0
	partitioner.class = null
	partitioner.ignore.keys = false
	receive.buffer.bytes = 32768
	reconnect.backoff.max.ms = 1000
	reconnect.backoff.ms = 50
	request.timeout.ms = 5000
	retries = 2147483647
	retry.backoff.max.ms = 1000
	retry.backoff.ms = 100
	sasl.client.callback.handler.class = null
	sasl.jaas.config = null
	sasl.kerberos.kinit.cmd = /usr/bin/kinit
	sasl.kerberos.min.time.before.relogin = 60000
	sasl.kerberos.service.name = null
	sasl.kerberos.ticket.renew.jitter = 0.05
	sasl.kerberos.ticket.renew.window.factor = 0.8
	sasl.login.callback.handler.class = null
	sasl.login.class = null
	sasl.login.connect.timeout.ms = null
	sasl.login.read.timeout.ms = null
	sasl.login.refresh.buffer.seconds = 300
	sasl.login.refresh.min.period.seconds = 60
	sasl.login.refresh.window.factor = 0.8
	sasl.login.refresh.window.jitter = 0.05
	sasl.login.retry.backoff.max.ms = 10000
	sasl.login.retry.backoff.ms = 100
	sasl.mechanism = GSSAPI
	sasl.oauthbearer.clock.skew.seconds = 30
	sasl.oauthbearer.expected.audience = null
	sasl.oauthbearer.expected.issuer = null
	sasl.oauthbearer.header.urlencode = false
	sasl.oauthbearer.jwks.endpoint.refresh.ms = 3600000
	sasl.oauthbearer.jwks.endpoint.retry.backoff.max.ms = 10000
	sasl.oauthbearer.jwks.endpoint.retry.backoff.ms = 100
	sasl.oauthbearer.jwks.endpoint.url = null
	sasl.oauthbearer.scope.claim.name = scope
	sasl.oauthbearer.sub.claim.name = sub
	sasl.oauthbearer.token.endpoint.url = null
	security.protocol = PLAINTEXT
	security.providers = null
	send.buffer.bytes = 131072
	socket.connection.setup.timeout.max.ms = 30000
	socket.connection.setup.timeout.ms = 10000
	ssl.cipher.suites = null
	ssl.enabled.protocols = [TLSv1.2, TLSv1.3]
	ssl.endpoint.identification.algorithm = https
	ssl.engine.factory.class = null
	ssl.key.password = null
	ssl.keymanager.algorithm = SunX509
	ssl.keystore.certificate.chain = null
	ssl.keystore.key = null
	ssl.keystore.location = null
	ssl.keystore.password = null
	ssl.keystore.type = JKS
	ssl.protocol = TLSv1.3
	ssl.provider = null
	ssl.secure.random.implementation = null
	ssl.trustmanager.algorithm = PKIX
	ssl.truststore.certificates = null
	ssl.truststore.location = null
	ssl.truststore.password = null
	ssl.truststore.type = JKS
	transaction.timeout.ms = 60000
	transactional.id = null
	value.serializer = class io.apicurio.registry.serde.avro.AvroKafkaSerializer

2025-08-07 20:28:52,508 INFO  [org.apa.kaf.com.tel.int.KafkaMetricsCollector] (main) initializing Kafka metrics collector
2025-08-07 20:28:52,511 INFO  [org.apa.kaf.cli.Metadata] (kafka-producer-network-thread | Producer-topic-9b6ad818_2ecb_443b_872a_c7c24a13fadd) [Producer clientId=Producer-topic-9b6ad818_2ecb_443b_872a_c7c24a13fadd] Cluster ID: g89mLo7yQq6pgEL9WhhAvA
2025-08-07 20:28:52,511 INFO  [org.apa.kaf.cli.pro.int.TransactionManager] (kafka-producer-network-thread | Producer-topic-9b6ad818_2ecb_443b_872a_c7c24a13fadd) [Producer clientId=Producer-topic-9b6ad818_2ecb_443b_872a_c7c24a13fadd] ProducerId set to 20 with epoch 0
2025-08-07 20:28:52,516 INFO  [org.apa.kaf.cli.pro.KafkaProducer] (main) [Producer clientId=Producer-topic-51ce0495_6bbf_427a_ba3e_e21491c02018] Instantiated an idempotent producer.
2025-08-07 20:28:52,519 INFO  [org.apa.kaf.cli.pro.ProducerConfig] (main) These configurations '[apicurio.registry.url, apicurio.registry.artifact-resolver-strategy]' were supplied but are not used yet.
2025-08-07 20:28:52,519 INFO  [org.apa.kaf.com.uti.AppInfoParser] (main) Kafka version: 3.9.1
2025-08-07 20:28:52,519 INFO  [org.apa.kaf.com.uti.AppInfoParser] (main) Kafka commitId: f745dfdcee2b9851
2025-08-07 20:28:52,519 INFO  [org.apa.kaf.com.uti.AppInfoParser] (main) Kafka startTimeMs: 1754598532519
**** Registry Base URL: http://registry-app-pg17.apps.ci419.apicurio-testing.org:80
2025-08-07 20:28:52,520 INFO  [org.apa.kaf.cli.con.ConsumerConfig] (main) ConsumerConfig values: 
	allow.auto.create.topics = true
	auto.commit.interval.ms = 500
	auto.include.jmx.reporter = true
	auto.offset.reset = earliest
	bootstrap.servers = [PLAINTEXT://localhost:32769]
	check.crcs = true
	client.dns.lookup = use_all_dns_ips
	client.id = consumer-Consumer-topic-4140cb89_3562_4373_a95a_07db0f07aa93-14
	client.rack = 
	connections.max.idle.ms = 10000
	default.api.timeout.ms = 60000
	enable.auto.commit = true
	enable.metrics.push = true
	exclude.internal.topics = true
	fetch.max.bytes = 52428800
	fetch.max.wait.ms = 500
	fetch.min.bytes = 1
	group.id = Consumer-topic-4140cb89_3562_4373_a95a_07db0f07aa93
	group.instance.id = null
	group.protocol = classic
	group.remote.assignor = null
	heartbeat.interval.ms = 3000
	interceptor.classes = []
	internal.leave.group.on.close = true
	internal.throw.on.fetch.stable.offset.unsupported = false
	isolation.level = read_uncommitted
	key.deserializer = class org.apache.kafka.common.serialization.StringDeserializer
	max.partition.fetch.bytes = 1048576
	max.poll.interval.ms = 300000
	max.poll.records = 500
	metadata.max.age.ms = 300000
	metadata.recovery.strategy = none
	metric.reporters = []
	metrics.num.samples = 2
	metrics.recording.level = INFO
	metrics.sample.window.ms = 30000
	partition.assignment.strategy = [class org.apache.kafka.clients.consumer.RangeAssignor, class org.apache.kafka.clients.consumer.CooperativeStickyAssignor]
	receive.buffer.bytes = 65536
	reconnect.backoff.max.ms = 1000
	reconnect.backoff.ms = 50
	request.timeout.ms = 5000
	retry.backoff.max.ms = 1000
	retry.backoff.ms = 100
	sasl.client.callback.handler.class = null
	sasl.jaas.config = null
	sasl.kerberos.kinit.cmd = /usr/bin/kinit
	sasl.kerberos.min.time.before.relogin = 60000
	sasl.kerberos.service.name = null
	sasl.kerberos.ticket.renew.jitter = 0.05
	sasl.kerberos.ticket.renew.window.factor = 0.8
	sasl.login.callback.handler.class = null
	sasl.login.class = null
	sasl.login.connect.timeout.ms = null
	sasl.login.read.timeout.ms = null
	sasl.login.refresh.buffer.seconds = 300
	sasl.login.refresh.min.period.seconds = 60
	sasl.login.refresh.window.factor = 0.8
	sasl.login.refresh.window.jitter = 0.05
	sasl.login.retry.backoff.max.ms = 10000
	sasl.login.retry.backoff.ms = 100
	sasl.mechanism = GSSAPI
	sasl.oauthbearer.clock.skew.seconds = 30
	sasl.oauthbearer.expected.audience = null
	sasl.oauthbearer.expected.issuer = null
	sasl.oauthbearer.header.urlencode = false
	sasl.oauthbearer.jwks.endpoint.refresh.ms = 3600000
	sasl.oauthbearer.jwks.endpoint.retry.backoff.max.ms = 10000
	sasl.oauthbearer.jwks.endpoint.retry.backoff.ms = 100
	sasl.oauthbearer.jwks.endpoint.url = null
	sasl.oauthbearer.scope.claim.name = scope
	sasl.oauthbearer.sub.claim.name = sub
	sasl.oauthbearer.token.endpoint.url = null
	security.protocol = PLAINTEXT
	security.providers = null
	send.buffer.bytes = 131072
	session.timeout.ms = 45000
	socket.connection.setup.timeout.max.ms = 30000
	socket.connection.setup.timeout.ms = 10000
	ssl.cipher.suites = null
	ssl.enabled.protocols = [TLSv1.2, TLSv1.3]
	ssl.endpoint.identification.algorithm = https
	ssl.engine.factory.class = null
	ssl.key.password = null
	ssl.keymanager.algorithm = SunX509
	ssl.keystore.certificate.chain = null
	ssl.keystore.key = null
	ssl.keystore.location = null
	ssl.keystore.password = null
	ssl.keystore.type = JKS
	ssl.protocol = TLSv1.3
	ssl.provider = null
	ssl.secure.random.implementation = null
	ssl.trustmanager.algorithm = PKIX
	ssl.truststore.certificates = null
	ssl.truststore.location = null
	ssl.truststore.password = null
	ssl.truststore.type = JKS
	value.deserializer = class io.apicurio.registry.serde.avro.AvroKafkaDeserializer

2025-08-07 20:28:52,520 INFO  [org.apa.kaf.com.tel.int.KafkaMetricsCollector] (main) initializing Kafka metrics collector
2025-08-07 20:28:52,524 INFO  [org.apa.kaf.cli.Metadata] (kafka-producer-network-thread | Producer-topic-51ce0495_6bbf_427a_ba3e_e21491c02018) [Producer clientId=Producer-topic-51ce0495_6bbf_427a_ba3e_e21491c02018] Cluster ID: g89mLo7yQq6pgEL9WhhAvA
2025-08-07 20:28:52,524 INFO  [org.apa.kaf.cli.pro.int.TransactionManager] (kafka-producer-network-thread | Producer-topic-51ce0495_6bbf_427a_ba3e_e21491c02018) [Producer clientId=Producer-topic-51ce0495_6bbf_427a_ba3e_e21491c02018] ProducerId set to 21 with epoch 0
2025-08-07 20:28:52,528 INFO  [org.apa.kaf.cli.con.ConsumerConfig] (main) These configurations '[apicurio.registry.url]' were supplied but are not used yet.
2025-08-07 20:28:52,528 INFO  [org.apa.kaf.com.uti.AppInfoParser] (main) Kafka version: 3.9.1
2025-08-07 20:28:52,528 INFO  [org.apa.kaf.com.uti.AppInfoParser] (main) Kafka commitId: f745dfdcee2b9851
2025-08-07 20:28:52,528 INFO  [org.apa.kaf.com.uti.AppInfoParser] (main) Kafka startTimeMs: 1754598532528
**** Registry Base URL: http://registry-app-pg17.apps.ci419.apicurio-testing.org:80
2025-08-07 20:28:52,529 INFO  [org.apa.kaf.cli.con.ConsumerConfig] (main) ConsumerConfig values: 
	allow.auto.create.topics = true
	auto.commit.interval.ms = 500
	auto.include.jmx.reporter = true
	auto.offset.reset = earliest
	bootstrap.servers = [PLAINTEXT://localhost:32769]
	check.crcs = true
	client.dns.lookup = use_all_dns_ips
	client.id = consumer-Consumer-topic-9b6ad818_2ecb_443b_872a_c7c24a13fadd-15
	client.rack = 
	connections.max.idle.ms = 10000
	default.api.timeout.ms = 60000
	enable.auto.commit = true
	enable.metrics.push = true
	exclude.internal.topics = true
	fetch.max.bytes = 52428800
	fetch.max.wait.ms = 500
	fetch.min.bytes = 1
	group.id = Consumer-topic-9b6ad818_2ecb_443b_872a_c7c24a13fadd
	group.instance.id = null
	group.protocol = classic
	group.remote.assignor = null
	heartbeat.interval.ms = 3000
	interceptor.classes = []
	internal.leave.group.on.close = true
	internal.throw.on.fetch.stable.offset.unsupported = false
	isolation.level = read_uncommitted
	key.deserializer = class org.apache.kafka.common.serialization.StringDeserializer
	max.partition.fetch.bytes = 1048576
	max.poll.interval.ms = 300000
	max.poll.records = 500
	metadata.max.age.ms = 300000
	metadata.recovery.strategy = none
	metric.reporters = []
	metrics.num.samples = 2
	metrics.recording.level = INFO
	metrics.sample.window.ms = 30000
	partition.assignment.strategy = [class org.apache.kafka.clients.consumer.RangeAssignor, class org.apache.kafka.clients.consumer.CooperativeStickyAssignor]
	receive.buffer.bytes = 65536
	reconnect.backoff.max.ms = 1000
	reconnect.backoff.ms = 50
	request.timeout.ms = 5000
	retry.backoff.max.ms = 1000
	retry.backoff.ms = 100
	sasl.client.callback.handler.class = null
	sasl.jaas.config = null
	sasl.kerberos.kinit.cmd = /usr/bin/kinit
	sasl.kerberos.min.time.before.relogin = 60000
	sasl.kerberos.service.name = null
	sasl.kerberos.ticket.renew.jitter = 0.05
	sasl.kerberos.ticket.renew.window.factor = 0.8
	sasl.login.callback.handler.class = null
	sasl.login.class = null
	sasl.login.connect.timeout.ms = null
	sasl.login.read.timeout.ms = null
	sasl.login.refresh.buffer.seconds = 300
	sasl.login.refresh.min.period.seconds = 60
	sasl.login.refresh.window.factor = 0.8
	sasl.login.refresh.window.jitter = 0.05
	sasl.login.retry.backoff.max.ms = 10000
	sasl.login.retry.backoff.ms = 100
	sasl.mechanism = GSSAPI
	sasl.oauthbearer.clock.skew.seconds = 30
	sasl.oauthbearer.expected.audience = null
	sasl.oauthbearer.expected.issuer = null
	sasl.oauthbearer.header.urlencode = false
	sasl.oauthbearer.jwks.endpoint.refresh.ms = 3600000
	sasl.oauthbearer.jwks.endpoint.retry.backoff.max.ms = 10000
	sasl.oauthbearer.jwks.endpoint.retry.backoff.ms = 100
	sasl.oauthbearer.jwks.endpoint.url = null
	sasl.oauthbearer.scope.claim.name = scope
	sasl.oauthbearer.sub.claim.name = sub
	sasl.oauthbearer.token.endpoint.url = null
	security.protocol = PLAINTEXT
	security.providers = null
	send.buffer.bytes = 131072
	session.timeout.ms = 45000
	socket.connection.setup.timeout.max.ms = 30000
	socket.connection.setup.timeout.ms = 10000
	ssl.cipher.suites = null
	ssl.enabled.protocols = [TLSv1.2, TLSv1.3]
	ssl.endpoint.identification.algorithm = https
	ssl.engine.factory.class = null
	ssl.key.password = null
	ssl.keymanager.algorithm = SunX509
	ssl.keystore.certificate.chain = null
	ssl.keystore.key = null
	ssl.keystore.location = null
	ssl.keystore.password = null
	ssl.keystore.type = JKS
	ssl.protocol = TLSv1.3
	ssl.provider = null
	ssl.secure.random.implementation = null
	ssl.trustmanager.algorithm = PKIX
	ssl.truststore.certificates = null
	ssl.truststore.location = null
	ssl.truststore.password = null
	ssl.truststore.type = JKS
	value.deserializer = class io.apicurio.registry.serde.avro.AvroKafkaDeserializer

2025-08-07 20:28:52,529 INFO  [org.apa.kaf.com.tel.int.KafkaMetricsCollector] (main) initializing Kafka metrics collector
2025-08-07 20:28:52,535 INFO  [org.apa.kaf.cli.con.ConsumerConfig] (main) These configurations '[apicurio.registry.url]' were supplied but are not used yet.
2025-08-07 20:28:52,535 INFO  [org.apa.kaf.com.uti.AppInfoParser] (main) Kafka version: 3.9.1
2025-08-07 20:28:52,535 INFO  [org.apa.kaf.com.uti.AppInfoParser] (main) Kafka commitId: f745dfdcee2b9851
2025-08-07 20:28:52,535 INFO  [org.apa.kaf.com.uti.AppInfoParser] (main) Kafka startTimeMs: 1754598532535
**** Registry Base URL: http://registry-app-pg17.apps.ci419.apicurio-testing.org:80
2025-08-07 20:28:52,536 INFO  [org.apa.kaf.cli.con.ConsumerConfig] (main) ConsumerConfig values: 
	allow.auto.create.topics = true
	auto.commit.interval.ms = 500
	auto.include.jmx.reporter = true
	auto.offset.reset = earliest
	bootstrap.servers = [PLAINTEXT://localhost:32769]
	check.crcs = true
	client.dns.lookup = use_all_dns_ips
	client.id = consumer-Consumer-topic-51ce0495_6bbf_427a_ba3e_e21491c02018-16
	client.rack = 
	connections.max.idle.ms = 10000
	default.api.timeout.ms = 60000
	enable.auto.commit = true
	enable.metrics.push = true
	exclude.internal.topics = true
	fetch.max.bytes = 52428800
	fetch.max.wait.ms = 500
	fetch.min.bytes = 1
	group.id = Consumer-topic-51ce0495_6bbf_427a_ba3e_e21491c02018
	group.instance.id = null
	group.protocol = classic
	group.remote.assignor = null
	heartbeat.interval.ms = 3000
	interceptor.classes = []
	internal.leave.group.on.close = true
	internal.throw.on.fetch.stable.offset.unsupported = false
	isolation.level = read_uncommitted
	key.deserializer = class org.apache.kafka.common.serialization.StringDeserializer
	max.partition.fetch.bytes = 1048576
	max.poll.interval.ms = 300000
	max.poll.records = 500
	metadata.max.age.ms = 300000
	metadata.recovery.strategy = none
	metric.reporters = []
	metrics.num.samples = 2
	metrics.recording.level = INFO
	metrics.sample.window.ms = 30000
	partition.assignment.strategy = [class org.apache.kafka.clients.consumer.RangeAssignor, class org.apache.kafka.clients.consumer.CooperativeStickyAssignor]
	receive.buffer.bytes = 65536
	reconnect.backoff.max.ms = 1000
	reconnect.backoff.ms = 50
	request.timeout.ms = 5000
	retry.backoff.max.ms = 1000
	retry.backoff.ms = 100
	sasl.client.callback.handler.class = null
	sasl.jaas.config = null
	sasl.kerberos.kinit.cmd = /usr/bin/kinit
	sasl.kerberos.min.time.before.relogin = 60000
	sasl.kerberos.service.name = null
	sasl.kerberos.ticket.renew.jitter = 0.05
	sasl.kerberos.ticket.renew.window.factor = 0.8
	sasl.login.callback.handler.class = null
	sasl.login.class = null
	sasl.login.connect.timeout.ms = null
	sasl.login.read.timeout.ms = null
	sasl.login.refresh.buffer.seconds = 300
	sasl.login.refresh.min.period.seconds = 60
	sasl.login.refresh.window.factor = 0.8
	sasl.login.refresh.window.jitter = 0.05
	sasl.login.retry.backoff.max.ms = 10000
	sasl.login.retry.backoff.ms = 100
	sasl.mechanism = GSSAPI
	sasl.oauthbearer.clock.skew.seconds = 30
	sasl.oauthbearer.expected.audience = null
	sasl.oauthbearer.expected.issuer = null
	sasl.oauthbearer.header.urlencode = false
	sasl.oauthbearer.jwks.endpoint.refresh.ms = 3600000
	sasl.oauthbearer.jwks.endpoint.retry.backoff.max.ms = 10000
	sasl.oauthbearer.jwks.endpoint.retry.backoff.ms = 100
	sasl.oauthbearer.jwks.endpoint.url = null
	sasl.oauthbearer.scope.claim.name = scope
	sasl.oauthbearer.sub.claim.name = sub
	sasl.oauthbearer.token.endpoint.url = null
	security.protocol = PLAINTEXT
	security.providers = null
	send.buffer.bytes = 131072
	session.timeout.ms = 45000
	socket.connection.setup.timeout.max.ms = 30000
	socket.connection.setup.timeout.ms = 10000
	ssl.cipher.suites = null
	ssl.enabled.protocols = [TLSv1.2, TLSv1.3]
	ssl.endpoint.identification.algorithm = https
	ssl.engine.factory.class = null
	ssl.key.password = null
	ssl.keymanager.algorithm = SunX509
	ssl.keystore.certificate.chain = null
	ssl.keystore.key = null
	ssl.keystore.location = null
	ssl.keystore.password = null
	ssl.keystore.type = JKS
	ssl.protocol = TLSv1.3
	ssl.provider = null
	ssl.secure.random.implementation = null
	ssl.trustmanager.algorithm = PKIX
	ssl.truststore.certificates = null
	ssl.truststore.location = null
	ssl.truststore.password = null
	ssl.truststore.type = JKS
	value.deserializer = class io.apicurio.registry.serde.avro.AvroKafkaDeserializer

2025-08-07 20:28:52,537 INFO  [org.apa.kaf.com.tel.int.KafkaMetricsCollector] (main) initializing Kafka metrics collector
2025-08-07 20:28:52,545 INFO  [org.apa.kaf.cli.con.ConsumerConfig] (main) These configurations '[apicurio.registry.url]' were supplied but are not used yet.
2025-08-07 20:28:52,545 INFO  [org.apa.kaf.com.uti.AppInfoParser] (main) Kafka version: 3.9.1
2025-08-07 20:28:52,545 INFO  [org.apa.kaf.com.uti.AppInfoParser] (main) Kafka commitId: f745dfdcee2b9851
2025-08-07 20:28:52,545 INFO  [org.apa.kaf.com.uti.AppInfoParser] (main) Kafka startTimeMs: 1754598532545
2025-08-07 20:28:52,545 INFO  [io.api.tes.ser.api.KafkaSerdesTester] (Thread-713) Sending message {"key11754598531341": "value-0"} to topic topic-4140cb89_3562_4373_a95a_07db0f07aa93
2025-08-07 20:28:52,549 INFO  [DefaultSchemaResolver] (Thread-713) Retrieving schema content using string: {"type":"record","name":"myrecordconfluent","fields":[{"name":"key11754598531341","type":"string"}]}
2025-08-07 20:28:52,633 INFO  [io.api.tes.ser.api.KafkaSerdesTester] (Thread-713) Sending message {"key11754598531341": "value-1"} to topic topic-4140cb89_3562_4373_a95a_07db0f07aa93
2025-08-07 20:28:52,634 INFO  [io.api.tes.ser.api.KafkaSerdesTester] (Thread-713) Sending message {"key11754598531341": "value-2"} to topic topic-4140cb89_3562_4373_a95a_07db0f07aa93
2025-08-07 20:28:52,635 INFO  [io.api.tes.ser.api.KafkaSerdesTester] (Thread-713) Sending message {"key11754598531341": "value-3"} to topic topic-4140cb89_3562_4373_a95a_07db0f07aa93
2025-08-07 20:28:52,637 INFO  [io.api.tes.ser.api.KafkaSerdesTester] (Thread-713) Sending message {"key11754598531341": "value-4"} to topic topic-4140cb89_3562_4373_a95a_07db0f07aa93
2025-08-07 20:28:52,639 INFO  [io.api.tes.ser.api.KafkaSerdesTester] (Thread-713) Sending message {"key11754598531341": "value-5"} to topic topic-4140cb89_3562_4373_a95a_07db0f07aa93
2025-08-07 20:28:52,640 INFO  [io.api.tes.ser.api.KafkaSerdesTester] (Thread-713) Sending message {"key11754598531341": "value-6"} to topic topic-4140cb89_3562_4373_a95a_07db0f07aa93
2025-08-07 20:28:52,641 INFO  [io.api.tes.ser.api.KafkaSerdesTester] (Thread-713) Sending message {"key11754598531341": "value-7"} to topic topic-4140cb89_3562_4373_a95a_07db0f07aa93
2025-08-07 20:28:52,642 INFO  [io.api.tes.ser.api.KafkaSerdesTester] (Thread-713) Sending message {"key11754598531341": "value-8"} to topic topic-4140cb89_3562_4373_a95a_07db0f07aa93
2025-08-07 20:28:52,643 INFO  [io.api.tes.ser.api.KafkaSerdesTester] (Thread-713) Sending message {"key11754598531341": "value-9"} to topic topic-4140cb89_3562_4373_a95a_07db0f07aa93
2025-08-07 20:28:52,644 INFO  [io.api.tes.ser.api.KafkaSerdesTester] (Thread-713) Produced 10 messages
2025-08-07 20:28:52,644 INFO  [org.apa.kaf.cli.pro.KafkaProducer] (Thread-713) [Producer clientId=Producer-topic-4140cb89_3562_4373_a95a_07db0f07aa93] Closing the Kafka producer with timeoutMillis = 9223372036854775807 ms.
2025-08-07 20:28:52,647 INFO  [org.apa.kaf.com.met.Metrics] (Thread-713) Metrics scheduler closed
2025-08-07 20:28:52,647 INFO  [org.apa.kaf.com.met.Metrics] (Thread-713) Closing reporter org.apache.kafka.common.metrics.JmxReporter
2025-08-07 20:28:52,647 INFO  [org.apa.kaf.com.met.Metrics] (Thread-713) Closing reporter org.apache.kafka.common.telemetry.internals.ClientTelemetryReporter
2025-08-07 20:28:52,647 INFO  [org.apa.kaf.com.met.Metrics] (Thread-713) Metrics reporters closed
2025-08-07 20:28:52,647 INFO  [org.apa.kaf.com.uti.AppInfoParser] (Thread-713) App info kafka.producer for Producer-topic-4140cb89_3562_4373_a95a_07db0f07aa93 unregistered
2025-08-07 20:28:52,649 INFO  [io.api.tes.ser.api.KafkaSerdesTester] (Thread-714) Sending message {"key11754598531341": "value-0"} to topic topic-9b6ad818_2ecb_443b_872a_c7c24a13fadd
2025-08-07 20:28:52,654 INFO  [DefaultSchemaResolver] (Thread-714) Retrieving schema content using string: {"type":"record","name":"myrecordconfluent","fields":[{"name":"key11754598531341","type":"string"}]}
2025-08-07 20:28:52,740 INFO  [io.api.tes.ser.api.KafkaSerdesTester] (Thread-714) Sending message {"key11754598531341": "value-1"} to topic topic-9b6ad818_2ecb_443b_872a_c7c24a13fadd
2025-08-07 20:28:52,741 INFO  [io.api.tes.ser.api.KafkaSerdesTester] (Thread-714) Sending message {"key11754598531341": "value-2"} to topic topic-9b6ad818_2ecb_443b_872a_c7c24a13fadd
2025-08-07 20:28:52,743 INFO  [io.api.tes.ser.api.KafkaSerdesTester] (Thread-714) Sending message {"key11754598531341": "value-3"} to topic topic-9b6ad818_2ecb_443b_872a_c7c24a13fadd
2025-08-07 20:28:52,744 INFO  [io.api.tes.ser.api.KafkaSerdesTester] (Thread-714) Sending message {"key11754598531341": "value-4"} to topic topic-9b6ad818_2ecb_443b_872a_c7c24a13fadd
2025-08-07 20:28:52,745 INFO  [io.api.tes.ser.api.KafkaSerdesTester] (Thread-714) Sending message {"key11754598531341": "value-5"} to topic topic-9b6ad818_2ecb_443b_872a_c7c24a13fadd
2025-08-07 20:28:52,747 INFO  [io.api.tes.ser.api.KafkaSerdesTester] (Thread-714) Sending message {"key11754598531341": "value-6"} to topic topic-9b6ad818_2ecb_443b_872a_c7c24a13fadd
2025-08-07 20:28:52,748 INFO  [io.api.tes.ser.api.KafkaSerdesTester] (Thread-714) Sending message {"key11754598531341": "value-7"} to topic topic-9b6ad818_2ecb_443b_872a_c7c24a13fadd
2025-08-07 20:28:52,750 INFO  [io.api.tes.ser.api.KafkaSerdesTester] (Thread-714) Sending message {"key11754598531341": "value-8"} to topic topic-9b6ad818_2ecb_443b_872a_c7c24a13fadd
2025-08-07 20:28:52,751 INFO  [io.api.tes.ser.api.KafkaSerdesTester] (Thread-714) Sending message {"key11754598531341": "value-9"} to topic topic-9b6ad818_2ecb_443b_872a_c7c24a13fadd
2025-08-07 20:28:52,752 INFO  [io.api.tes.ser.api.KafkaSerdesTester] (Thread-714) Produced 10 messages
2025-08-07 20:28:52,752 INFO  [org.apa.kaf.cli.pro.KafkaProducer] (Thread-714) [Producer clientId=Producer-topic-9b6ad818_2ecb_443b_872a_c7c24a13fadd] Closing the Kafka producer with timeoutMillis = 9223372036854775807 ms.
2025-08-07 20:28:52,754 INFO  [org.apa.kaf.com.met.Metrics] (Thread-714) Metrics scheduler closed
2025-08-07 20:28:52,754 INFO  [org.apa.kaf.com.met.Metrics] (Thread-714) Closing reporter org.apache.kafka.common.metrics.JmxReporter
2025-08-07 20:28:52,754 INFO  [org.apa.kaf.com.met.Metrics] (Thread-714) Closing reporter org.apache.kafka.common.telemetry.internals.ClientTelemetryReporter
2025-08-07 20:28:52,754 INFO  [org.apa.kaf.com.met.Metrics] (Thread-714) Metrics reporters closed
2025-08-07 20:28:52,755 INFO  [org.apa.kaf.com.uti.AppInfoParser] (Thread-714) App info kafka.producer for Producer-topic-9b6ad818_2ecb_443b_872a_c7c24a13fadd unregistered
2025-08-07 20:28:52,757 INFO  [io.api.tes.ser.api.KafkaSerdesTester] (Thread-715) Sending message {"key11754598531341": "value-0"} to topic topic-51ce0495_6bbf_427a_ba3e_e21491c02018
2025-08-07 20:28:52,764 INFO  [DefaultSchemaResolver] (Thread-715) Retrieving schema content using string: {"type":"record","name":"myrecordconfluent","fields":[{"name":"key11754598531341","type":"string"}]}
2025-08-07 20:28:52,863 INFO  [io.api.tes.ser.api.KafkaSerdesTester] (Thread-715) Sending message {"key11754598531341": "value-1"} to topic topic-51ce0495_6bbf_427a_ba3e_e21491c02018
2025-08-07 20:28:52,864 INFO  [io.api.tes.ser.api.KafkaSerdesTester] (Thread-715) Sending message {"key11754598531341": "value-2"} to topic topic-51ce0495_6bbf_427a_ba3e_e21491c02018
2025-08-07 20:28:52,866 INFO  [io.api.tes.ser.api.KafkaSerdesTester] (Thread-715) Sending message {"key11754598531341": "value-3"} to topic topic-51ce0495_6bbf_427a_ba3e_e21491c02018
2025-08-07 20:28:52,867 INFO  [io.api.tes.ser.api.KafkaSerdesTester] (Thread-715) Sending message {"key11754598531341": "value-4"} to topic topic-51ce0495_6bbf_427a_ba3e_e21491c02018
2025-08-07 20:28:52,868 INFO  [io.api.tes.ser.api.KafkaSerdesTester] (Thread-715) Sending message {"key11754598531341": "value-5"} to topic topic-51ce0495_6bbf_427a_ba3e_e21491c02018
2025-08-07 20:28:52,873 INFO  [io.api.tes.ser.api.KafkaSerdesTester] (Thread-715) Sending message {"key11754598531341": "value-6"} to topic topic-51ce0495_6bbf_427a_ba3e_e21491c02018
2025-08-07 20:28:52,874 INFO  [io.api.tes.ser.api.KafkaSerdesTester] (Thread-715) Sending message {"key11754598531341": "value-7"} to topic topic-51ce0495_6bbf_427a_ba3e_e21491c02018
2025-08-07 20:28:52,879 INFO  [io.api.tes.ser.api.KafkaSerdesTester] (Thread-715) Sending message {"key11754598531341": "value-8"} to topic topic-51ce0495_6bbf_427a_ba3e_e21491c02018
2025-08-07 20:28:52,880 INFO  [io.api.tes.ser.api.KafkaSerdesTester] (Thread-715) Sending message {"key11754598531341": "value-9"} to topic topic-51ce0495_6bbf_427a_ba3e_e21491c02018
2025-08-07 20:28:52,881 INFO  [io.api.tes.ser.api.KafkaSerdesTester] (Thread-715) Produced 10 messages
2025-08-07 20:28:52,881 INFO  [org.apa.kaf.cli.pro.KafkaProducer] (Thread-715) [Producer clientId=Producer-topic-51ce0495_6bbf_427a_ba3e_e21491c02018] Closing the Kafka producer with timeoutMillis = 9223372036854775807 ms.
2025-08-07 20:28:52,883 INFO  [org.apa.kaf.com.met.Metrics] (Thread-715) Metrics scheduler closed
2025-08-07 20:28:52,883 INFO  [org.apa.kaf.com.met.Metrics] (Thread-715) Closing reporter org.apache.kafka.common.metrics.JmxReporter
2025-08-07 20:28:52,883 INFO  [org.apa.kaf.com.met.Metrics] (Thread-715) Closing reporter org.apache.kafka.common.telemetry.internals.ClientTelemetryReporter
2025-08-07 20:28:52,883 INFO  [org.apa.kaf.com.met.Metrics] (Thread-715) Metrics reporters closed
2025-08-07 20:28:52,883 INFO  [org.apa.kaf.com.uti.AppInfoParser] (Thread-715) App info kafka.producer for Producer-topic-51ce0495_6bbf_427a_ba3e_e21491c02018 unregistered
2025-08-07 20:28:52,884 INFO  [org.apa.kaf.cli.con.int.ClassicKafkaConsumer] (Thread-716) [Consumer clientId=consumer-Consumer-topic-4140cb89_3562_4373_a95a_07db0f07aa93-14, groupId=Consumer-topic-4140cb89_3562_4373_a95a_07db0f07aa93] Subscribed to topic(s): topic-4140cb89_3562_4373_a95a_07db0f07aa93
2025-08-07 20:28:52,888 INFO  [org.apa.kaf.cli.Metadata] (Thread-716) [Consumer clientId=consumer-Consumer-topic-4140cb89_3562_4373_a95a_07db0f07aa93-14, groupId=Consumer-topic-4140cb89_3562_4373_a95a_07db0f07aa93] Cluster ID: g89mLo7yQq6pgEL9WhhAvA
2025-08-07 20:28:52,888 INFO  [org.apa.kaf.cli.con.int.ConsumerCoordinator] (Thread-716) [Consumer clientId=consumer-Consumer-topic-4140cb89_3562_4373_a95a_07db0f07aa93-14, groupId=Consumer-topic-4140cb89_3562_4373_a95a_07db0f07aa93] Discovered group coordinator localhost:32769 (id: 2147483647 rack: null)
2025-08-07 20:28:52,889 INFO  [org.apa.kaf.cli.con.int.ConsumerCoordinator] (Thread-716) [Consumer clientId=consumer-Consumer-topic-4140cb89_3562_4373_a95a_07db0f07aa93-14, groupId=Consumer-topic-4140cb89_3562_4373_a95a_07db0f07aa93] (Re-)joining group
2025-08-07 20:28:52,893 INFO  [org.apa.kaf.cli.con.int.ConsumerCoordinator] (Thread-716) [Consumer clientId=consumer-Consumer-topic-4140cb89_3562_4373_a95a_07db0f07aa93-14, groupId=Consumer-topic-4140cb89_3562_4373_a95a_07db0f07aa93] Request joining group due to: need to re-join with the given member-id: consumer-Consumer-topic-4140cb89_3562_4373_a95a_07db0f07aa93-14-ac037026-cd39-4822-8c21-c5a67927fdf9
2025-08-07 20:28:52,893 INFO  [org.apa.kaf.cli.con.int.ConsumerCoordinator] (Thread-716) [Consumer clientId=consumer-Consumer-topic-4140cb89_3562_4373_a95a_07db0f07aa93-14, groupId=Consumer-topic-4140cb89_3562_4373_a95a_07db0f07aa93] (Re-)joining group
2025-08-07 20:28:53,884 INFO  [io.api.tes.ser.api.KafkaSerdesTester] (Thread-716) None found
2025-08-07 20:28:54,884 INFO  [io.api.tes.ser.api.KafkaSerdesTester] (Thread-716) None found
2025-08-07 20:28:55,885 INFO  [io.api.tes.ser.api.KafkaSerdesTester] (Thread-716) None found
2025-08-07 20:28:55,894 INFO  [org.apa.kaf.cli.con.int.ConsumerCoordinator] (Thread-716) [Consumer clientId=consumer-Consumer-topic-4140cb89_3562_4373_a95a_07db0f07aa93-14, groupId=Consumer-topic-4140cb89_3562_4373_a95a_07db0f07aa93] Successfully joined group with generation Generation{generationId=1, memberId='consumer-Consumer-topic-4140cb89_3562_4373_a95a_07db0f07aa93-14-ac037026-cd39-4822-8c21-c5a67927fdf9', protocol='range'}
2025-08-07 20:28:55,894 INFO  [org.apa.kaf.cli.con.int.ConsumerCoordinator] (Thread-716) [Consumer clientId=consumer-Consumer-topic-4140cb89_3562_4373_a95a_07db0f07aa93-14, groupId=Consumer-topic-4140cb89_3562_4373_a95a_07db0f07aa93] Finished assignment for group at generation 1: {consumer-Consumer-topic-4140cb89_3562_4373_a95a_07db0f07aa93-14-ac037026-cd39-4822-8c21-c5a67927fdf9=Assignment(partitions=[topic-4140cb89_3562_4373_a95a_07db0f07aa93-0])}
2025-08-07 20:28:55,901 INFO  [org.apa.kaf.cli.con.int.ConsumerCoordinator] (Thread-716) [Consumer clientId=consumer-Consumer-topic-4140cb89_3562_4373_a95a_07db0f07aa93-14, groupId=Consumer-topic-4140cb89_3562_4373_a95a_07db0f07aa93] Successfully synced group in generation Generation{generationId=1, memberId='consumer-Consumer-topic-4140cb89_3562_4373_a95a_07db0f07aa93-14-ac037026-cd39-4822-8c21-c5a67927fdf9', protocol='range'}
2025-08-07 20:28:55,901 INFO  [org.apa.kaf.cli.con.int.ConsumerCoordinator] (Thread-716) [Consumer clientId=consumer-Consumer-topic-4140cb89_3562_4373_a95a_07db0f07aa93-14, groupId=Consumer-topic-4140cb89_3562_4373_a95a_07db0f07aa93] Notifying assignor about the new Assignment(partitions=[topic-4140cb89_3562_4373_a95a_07db0f07aa93-0])
2025-08-07 20:28:55,901 INFO  [org.apa.kaf.cli.con.int.ConsumerRebalanceListenerInvoker] (Thread-716) [Consumer clientId=consumer-Consumer-topic-4140cb89_3562_4373_a95a_07db0f07aa93-14, groupId=Consumer-topic-4140cb89_3562_4373_a95a_07db0f07aa93] Adding newly assigned partitions: topic-4140cb89_3562_4373_a95a_07db0f07aa93-0
2025-08-07 20:28:55,902 INFO  [org.apa.kaf.cli.con.int.ConsumerCoordinator] (Thread-716) [Consumer clientId=consumer-Consumer-topic-4140cb89_3562_4373_a95a_07db0f07aa93-14, groupId=Consumer-topic-4140cb89_3562_4373_a95a_07db0f07aa93] Found no committed offset for partition topic-4140cb89_3562_4373_a95a_07db0f07aa93-0
2025-08-07 20:28:55,905 INFO  [org.apa.kaf.cli.con.int.SubscriptionState] (Thread-716) [Consumer clientId=consumer-Consumer-topic-4140cb89_3562_4373_a95a_07db0f07aa93-14, groupId=Consumer-topic-4140cb89_3562_4373_a95a_07db0f07aa93] Resetting offset for partition topic-4140cb89_3562_4373_a95a_07db0f07aa93-0 to position FetchPosition{offset=0, offsetEpoch=Optional.empty, currentLeader=LeaderAndEpoch{leader=Optional[localhost:32769 (id: 0 rack: null)], epoch=0}}.
2025-08-07 20:28:56,050 INFO  [io.api.tes.ser.api.KafkaSerdesTester] (Thread-716) topic-4140cb89_3562_4373_a95a_07db0f07aa93 0 0 {"key11754598531341": "value-0"}
2025-08-07 20:28:56,051 INFO  [io.api.tes.ser.api.KafkaSerdesTester] (Thread-716) topic-4140cb89_3562_4373_a95a_07db0f07aa93 0 1 {"key11754598531341": "value-1"}
2025-08-07 20:28:56,051 INFO  [io.api.tes.ser.api.KafkaSerdesTester] (Thread-716) topic-4140cb89_3562_4373_a95a_07db0f07aa93 0 2 {"key11754598531341": "value-2"}
2025-08-07 20:28:56,051 INFO  [io.api.tes.ser.api.KafkaSerdesTester] (Thread-716) topic-4140cb89_3562_4373_a95a_07db0f07aa93 0 3 {"key11754598531341": "value-3"}
2025-08-07 20:28:56,051 INFO  [io.api.tes.ser.api.KafkaSerdesTester] (Thread-716) topic-4140cb89_3562_4373_a95a_07db0f07aa93 0 4 {"key11754598531341": "value-4"}
2025-08-07 20:28:56,051 INFO  [io.api.tes.ser.api.KafkaSerdesTester] (Thread-716) topic-4140cb89_3562_4373_a95a_07db0f07aa93 0 5 {"key11754598531341": "value-5"}
2025-08-07 20:28:56,051 INFO  [io.api.tes.ser.api.KafkaSerdesTester] (Thread-716) topic-4140cb89_3562_4373_a95a_07db0f07aa93 0 6 {"key11754598531341": "value-6"}
2025-08-07 20:28:56,051 INFO  [io.api.tes.ser.api.KafkaSerdesTester] (Thread-716) topic-4140cb89_3562_4373_a95a_07db0f07aa93 0 7 {"key11754598531341": "value-7"}
2025-08-07 20:28:56,051 INFO  [io.api.tes.ser.api.KafkaSerdesTester] (Thread-716) topic-4140cb89_3562_4373_a95a_07db0f07aa93 0 8 {"key11754598531341": "value-8"}
2025-08-07 20:28:56,051 INFO  [io.api.tes.ser.api.KafkaSerdesTester] (Thread-716) topic-4140cb89_3562_4373_a95a_07db0f07aa93 0 9 {"key11754598531341": "value-9"}
2025-08-07 20:28:56,051 INFO  [io.api.tes.ser.api.KafkaSerdesTester] (Thread-716) Consumed 10 messages
2025-08-07 20:28:56,058 INFO  [org.apa.kaf.cli.con.int.ConsumerRebalanceListenerInvoker] (Thread-716) [Consumer clientId=consumer-Consumer-topic-4140cb89_3562_4373_a95a_07db0f07aa93-14, groupId=Consumer-topic-4140cb89_3562_4373_a95a_07db0f07aa93] Revoke previously assigned partitions topic-4140cb89_3562_4373_a95a_07db0f07aa93-0
2025-08-07 20:28:56,058 INFO  [org.apa.kaf.cli.con.int.ConsumerCoordinator] (Thread-716) [Consumer clientId=consumer-Consumer-topic-4140cb89_3562_4373_a95a_07db0f07aa93-14, groupId=Consumer-topic-4140cb89_3562_4373_a95a_07db0f07aa93] Member consumer-Consumer-topic-4140cb89_3562_4373_a95a_07db0f07aa93-14-ac037026-cd39-4822-8c21-c5a67927fdf9 sending LeaveGroup request to coordinator localhost:32769 (id: 2147483647 rack: null) due to the consumer is being closed
2025-08-07 20:28:56,058 INFO  [org.apa.kaf.cli.con.int.ConsumerCoordinator] (Thread-716) [Consumer clientId=consumer-Consumer-topic-4140cb89_3562_4373_a95a_07db0f07aa93-14, groupId=Consumer-topic-4140cb89_3562_4373_a95a_07db0f07aa93] Resetting generation and member id due to: consumer pro-actively leaving the group
2025-08-07 20:28:56,058 INFO  [org.apa.kaf.cli.con.int.ConsumerCoordinator] (Thread-716) [Consumer clientId=consumer-Consumer-topic-4140cb89_3562_4373_a95a_07db0f07aa93-14, groupId=Consumer-topic-4140cb89_3562_4373_a95a_07db0f07aa93] Request joining group due to: consumer pro-actively leaving the group
2025-08-07 20:28:56,551 INFO  [org.apa.kaf.com.met.Metrics] (Thread-716) Metrics scheduler closed
2025-08-07 20:28:56,551 INFO  [org.apa.kaf.com.met.Metrics] (Thread-716) Closing reporter org.apache.kafka.common.metrics.JmxReporter
2025-08-07 20:28:56,551 INFO  [org.apa.kaf.com.met.Metrics] (Thread-716) Closing reporter org.apache.kafka.common.telemetry.internals.ClientTelemetryReporter
2025-08-07 20:28:56,551 INFO  [org.apa.kaf.com.met.Metrics] (Thread-716) Metrics reporters closed
2025-08-07 20:28:56,553 INFO  [org.apa.kaf.com.uti.AppInfoParser] (Thread-716) App info kafka.consumer for consumer-Consumer-topic-4140cb89_3562_4373_a95a_07db0f07aa93-14 unregistered
2025-08-07 20:28:56,554 INFO  [org.apa.kaf.cli.con.int.ClassicKafkaConsumer] (Thread-717) [Consumer clientId=consumer-Consumer-topic-9b6ad818_2ecb_443b_872a_c7c24a13fadd-15, groupId=Consumer-topic-9b6ad818_2ecb_443b_872a_c7c24a13fadd] Subscribed to topic(s): topic-9b6ad818_2ecb_443b_872a_c7c24a13fadd
2025-08-07 20:28:56,560 INFO  [org.apa.kaf.cli.Metadata] (Thread-717) [Consumer clientId=consumer-Consumer-topic-9b6ad818_2ecb_443b_872a_c7c24a13fadd-15, groupId=Consumer-topic-9b6ad818_2ecb_443b_872a_c7c24a13fadd] Cluster ID: g89mLo7yQq6pgEL9WhhAvA
2025-08-07 20:28:56,561 INFO  [org.apa.kaf.cli.con.int.ConsumerCoordinator] (Thread-717) [Consumer clientId=consumer-Consumer-topic-9b6ad818_2ecb_443b_872a_c7c24a13fadd-15, groupId=Consumer-topic-9b6ad818_2ecb_443b_872a_c7c24a13fadd] Discovered group coordinator localhost:32769 (id: 2147483647 rack: null)
2025-08-07 20:28:56,561 INFO  [org.apa.kaf.cli.con.int.ConsumerCoordinator] (Thread-717) [Consumer clientId=consumer-Consumer-topic-9b6ad818_2ecb_443b_872a_c7c24a13fadd-15, groupId=Consumer-topic-9b6ad818_2ecb_443b_872a_c7c24a13fadd] (Re-)joining group
2025-08-07 20:28:56,563 INFO  [org.apa.kaf.cli.con.int.ConsumerCoordinator] (Thread-717) [Consumer clientId=consumer-Consumer-topic-9b6ad818_2ecb_443b_872a_c7c24a13fadd-15, groupId=Consumer-topic-9b6ad818_2ecb_443b_872a_c7c24a13fadd] Request joining group due to: need to re-join with the given member-id: consumer-Consumer-topic-9b6ad818_2ecb_443b_872a_c7c24a13fadd-15-cc6a5818-a544-4447-b23c-24c83e62ae31
2025-08-07 20:28:56,563 INFO  [org.apa.kaf.cli.con.int.ConsumerCoordinator] (Thread-717) [Consumer clientId=consumer-Consumer-topic-9b6ad818_2ecb_443b_872a_c7c24a13fadd-15, groupId=Consumer-topic-9b6ad818_2ecb_443b_872a_c7c24a13fadd] (Re-)joining group
2025-08-07 20:28:57,554 INFO  [io.api.tes.ser.api.KafkaSerdesTester] (Thread-717) None found
2025-08-07 20:28:58,554 INFO  [io.api.tes.ser.api.KafkaSerdesTester] (Thread-717) None found
2025-08-07 20:28:59,554 INFO  [io.api.tes.ser.api.KafkaSerdesTester] (Thread-717) None found
2025-08-07 20:28:59,565 INFO  [org.apa.kaf.cli.con.int.ConsumerCoordinator] (Thread-717) [Consumer clientId=consumer-Consumer-topic-9b6ad818_2ecb_443b_872a_c7c24a13fadd-15, groupId=Consumer-topic-9b6ad818_2ecb_443b_872a_c7c24a13fadd] Successfully joined group with generation Generation{generationId=1, memberId='consumer-Consumer-topic-9b6ad818_2ecb_443b_872a_c7c24a13fadd-15-cc6a5818-a544-4447-b23c-24c83e62ae31', protocol='range'}
2025-08-07 20:28:59,566 INFO  [org.apa.kaf.cli.con.int.ConsumerCoordinator] (Thread-717) [Consumer clientId=consumer-Consumer-topic-9b6ad818_2ecb_443b_872a_c7c24a13fadd-15, groupId=Consumer-topic-9b6ad818_2ecb_443b_872a_c7c24a13fadd] Finished assignment for group at generation 1: {consumer-Consumer-topic-9b6ad818_2ecb_443b_872a_c7c24a13fadd-15-cc6a5818-a544-4447-b23c-24c83e62ae31=Assignment(partitions=[topic-9b6ad818_2ecb_443b_872a_c7c24a13fadd-0])}
2025-08-07 20:28:59,572 INFO  [org.apa.kaf.cli.con.int.ConsumerCoordinator] (Thread-717) [Consumer clientId=consumer-Consumer-topic-9b6ad818_2ecb_443b_872a_c7c24a13fadd-15, groupId=Consumer-topic-9b6ad818_2ecb_443b_872a_c7c24a13fadd] Successfully synced group in generation Generation{generationId=1, memberId='consumer-Consumer-topic-9b6ad818_2ecb_443b_872a_c7c24a13fadd-15-cc6a5818-a544-4447-b23c-24c83e62ae31', protocol='range'}
2025-08-07 20:28:59,572 INFO  [org.apa.kaf.cli.con.int.ConsumerCoordinator] (Thread-717) [Consumer clientId=consumer-Consumer-topic-9b6ad818_2ecb_443b_872a_c7c24a13fadd-15, groupId=Consumer-topic-9b6ad818_2ecb_443b_872a_c7c24a13fadd] Notifying assignor about the new Assignment(partitions=[topic-9b6ad818_2ecb_443b_872a_c7c24a13fadd-0])
2025-08-07 20:28:59,572 INFO  [org.apa.kaf.cli.con.int.ConsumerRebalanceListenerInvoker] (Thread-717) [Consumer clientId=consumer-Consumer-topic-9b6ad818_2ecb_443b_872a_c7c24a13fadd-15, groupId=Consumer-topic-9b6ad818_2ecb_443b_872a_c7c24a13fadd] Adding newly assigned partitions: topic-9b6ad818_2ecb_443b_872a_c7c24a13fadd-0
2025-08-07 20:28:59,573 INFO  [org.apa.kaf.cli.con.int.ConsumerCoordinator] (Thread-717) [Consumer clientId=consumer-Consumer-topic-9b6ad818_2ecb_443b_872a_c7c24a13fadd-15, groupId=Consumer-topic-9b6ad818_2ecb_443b_872a_c7c24a13fadd] Found no committed offset for partition topic-9b6ad818_2ecb_443b_872a_c7c24a13fadd-0
2025-08-07 20:28:59,576 INFO  [org.apa.kaf.cli.con.int.SubscriptionState] (Thread-717) [Consumer clientId=consumer-Consumer-topic-9b6ad818_2ecb_443b_872a_c7c24a13fadd-15, groupId=Consumer-topic-9b6ad818_2ecb_443b_872a_c7c24a13fadd] Resetting offset for partition topic-9b6ad818_2ecb_443b_872a_c7c24a13fadd-0 to position FetchPosition{offset=0, offsetEpoch=Optional.empty, currentLeader=LeaderAndEpoch{leader=Optional[localhost:32769 (id: 0 rack: null)], epoch=0}}.
2025-08-07 20:28:59,695 INFO  [io.api.tes.ser.api.KafkaSerdesTester] (Thread-717) topic-9b6ad818_2ecb_443b_872a_c7c24a13fadd 0 0 {"key11754598531341": "value-0"}
2025-08-07 20:28:59,695 INFO  [io.api.tes.ser.api.KafkaSerdesTester] (Thread-717) topic-9b6ad818_2ecb_443b_872a_c7c24a13fadd 0 1 {"key11754598531341": "value-1"}
2025-08-07 20:28:59,695 INFO  [io.api.tes.ser.api.KafkaSerdesTester] (Thread-717) topic-9b6ad818_2ecb_443b_872a_c7c24a13fadd 0 2 {"key11754598531341": "value-2"}
2025-08-07 20:28:59,695 INFO  [io.api.tes.ser.api.KafkaSerdesTester] (Thread-717) topic-9b6ad818_2ecb_443b_872a_c7c24a13fadd 0 3 {"key11754598531341": "value-3"}
2025-08-07 20:28:59,695 INFO  [io.api.tes.ser.api.KafkaSerdesTester] (Thread-717) topic-9b6ad818_2ecb_443b_872a_c7c24a13fadd 0 4 {"key11754598531341": "value-4"}
2025-08-07 20:28:59,695 INFO  [io.api.tes.ser.api.KafkaSerdesTester] (Thread-717) topic-9b6ad818_2ecb_443b_872a_c7c24a13fadd 0 5 {"key11754598531341": "value-5"}
2025-08-07 20:28:59,695 INFO  [io.api.tes.ser.api.KafkaSerdesTester] (Thread-717) topic-9b6ad818_2ecb_443b_872a_c7c24a13fadd 0 6 {"key11754598531341": "value-6"}
2025-08-07 20:28:59,695 INFO  [io.api.tes.ser.api.KafkaSerdesTester] (Thread-717) topic-9b6ad818_2ecb_443b_872a_c7c24a13fadd 0 7 {"key11754598531341": "value-7"}
2025-08-07 20:28:59,695 INFO  [io.api.tes.ser.api.KafkaSerdesTester] (Thread-717) topic-9b6ad818_2ecb_443b_872a_c7c24a13fadd 0 8 {"key11754598531341": "value-8"}
2025-08-07 20:28:59,695 INFO  [io.api.tes.ser.api.KafkaSerdesTester] (Thread-717) topic-9b6ad818_2ecb_443b_872a_c7c24a13fadd 0 9 {"key11754598531341": "value-9"}
2025-08-07 20:28:59,695 INFO  [io.api.tes.ser.api.KafkaSerdesTester] (Thread-717) Consumed 10 messages
2025-08-07 20:28:59,703 INFO  [org.apa.kaf.cli.con.int.ConsumerRebalanceListenerInvoker] (Thread-717) [Consumer clientId=consumer-Consumer-topic-9b6ad818_2ecb_443b_872a_c7c24a13fadd-15, groupId=Consumer-topic-9b6ad818_2ecb_443b_872a_c7c24a13fadd] Revoke previously assigned partitions topic-9b6ad818_2ecb_443b_872a_c7c24a13fadd-0
2025-08-07 20:28:59,703 INFO  [org.apa.kaf.cli.con.int.ConsumerCoordinator] (Thread-717) [Consumer clientId=consumer-Consumer-topic-9b6ad818_2ecb_443b_872a_c7c24a13fadd-15, groupId=Consumer-topic-9b6ad818_2ecb_443b_872a_c7c24a13fadd] Member consumer-Consumer-topic-9b6ad818_2ecb_443b_872a_c7c24a13fadd-15-cc6a5818-a544-4447-b23c-24c83e62ae31 sending LeaveGroup request to coordinator localhost:32769 (id: 2147483647 rack: null) due to the consumer is being closed
2025-08-07 20:28:59,703 INFO  [org.apa.kaf.cli.con.int.ConsumerCoordinator] (Thread-717) [Consumer clientId=consumer-Consumer-topic-9b6ad818_2ecb_443b_872a_c7c24a13fadd-15, groupId=Consumer-topic-9b6ad818_2ecb_443b_872a_c7c24a13fadd] Resetting generation and member id due to: consumer pro-actively leaving the group
2025-08-07 20:28:59,703 INFO  [org.apa.kaf.cli.con.int.ConsumerCoordinator] (Thread-717) [Consumer clientId=consumer-Consumer-topic-9b6ad818_2ecb_443b_872a_c7c24a13fadd-15, groupId=Consumer-topic-9b6ad818_2ecb_443b_872a_c7c24a13fadd] Request joining group due to: consumer pro-actively leaving the group
2025-08-07 20:29:00,198 INFO  [org.apa.kaf.com.met.Metrics] (Thread-717) Metrics scheduler closed
2025-08-07 20:29:00,198 INFO  [org.apa.kaf.com.met.Metrics] (Thread-717) Closing reporter org.apache.kafka.common.metrics.JmxReporter
2025-08-07 20:29:00,198 INFO  [org.apa.kaf.com.met.Metrics] (Thread-717) Closing reporter org.apache.kafka.common.telemetry.internals.ClientTelemetryReporter
2025-08-07 20:29:00,198 INFO  [org.apa.kaf.com.met.Metrics] (Thread-717) Metrics reporters closed
2025-08-07 20:29:00,200 INFO  [org.apa.kaf.com.uti.AppInfoParser] (Thread-717) App info kafka.consumer for consumer-Consumer-topic-9b6ad818_2ecb_443b_872a_c7c24a13fadd-15 unregistered
2025-08-07 20:29:00,200 INFO  [org.apa.kaf.cli.con.int.ClassicKafkaConsumer] (Thread-718) [Consumer clientId=consumer-Consumer-topic-51ce0495_6bbf_427a_ba3e_e21491c02018-16, groupId=Consumer-topic-51ce0495_6bbf_427a_ba3e_e21491c02018] Subscribed to topic(s): topic-51ce0495_6bbf_427a_ba3e_e21491c02018
2025-08-07 20:29:00,207 INFO  [org.apa.kaf.cli.Metadata] (Thread-718) [Consumer clientId=consumer-Consumer-topic-51ce0495_6bbf_427a_ba3e_e21491c02018-16, groupId=Consumer-topic-51ce0495_6bbf_427a_ba3e_e21491c02018] Cluster ID: g89mLo7yQq6pgEL9WhhAvA
2025-08-07 20:29:00,207 INFO  [org.apa.kaf.cli.con.int.ConsumerCoordinator] (Thread-718) [Consumer clientId=consumer-Consumer-topic-51ce0495_6bbf_427a_ba3e_e21491c02018-16, groupId=Consumer-topic-51ce0495_6bbf_427a_ba3e_e21491c02018] Discovered group coordinator localhost:32769 (id: 2147483647 rack: null)
2025-08-07 20:29:00,209 INFO  [org.apa.kaf.cli.con.int.ConsumerCoordinator] (Thread-718) [Consumer clientId=consumer-Consumer-topic-51ce0495_6bbf_427a_ba3e_e21491c02018-16, groupId=Consumer-topic-51ce0495_6bbf_427a_ba3e_e21491c02018] (Re-)joining group
2025-08-07 20:29:00,212 INFO  [org.apa.kaf.cli.con.int.ConsumerCoordinator] (Thread-718) [Consumer clientId=consumer-Consumer-topic-51ce0495_6bbf_427a_ba3e_e21491c02018-16, groupId=Consumer-topic-51ce0495_6bbf_427a_ba3e_e21491c02018] Request joining group due to: need to re-join with the given member-id: consumer-Consumer-topic-51ce0495_6bbf_427a_ba3e_e21491c02018-16-746ff35c-adc0-4f20-b1ec-112a49221882
2025-08-07 20:29:00,212 INFO  [org.apa.kaf.cli.con.int.ConsumerCoordinator] (Thread-718) [Consumer clientId=consumer-Consumer-topic-51ce0495_6bbf_427a_ba3e_e21491c02018-16, groupId=Consumer-topic-51ce0495_6bbf_427a_ba3e_e21491c02018] (Re-)joining group
2025-08-07 20:29:01,201 INFO  [io.api.tes.ser.api.KafkaSerdesTester] (Thread-718) None found
2025-08-07 20:29:02,202 INFO  [io.api.tes.ser.api.KafkaSerdesTester] (Thread-718) None found
2025-08-07 20:29:03,203 INFO  [io.api.tes.ser.api.KafkaSerdesTester] (Thread-718) None found
2025-08-07 20:29:03,214 INFO  [org.apa.kaf.cli.con.int.ConsumerCoordinator] (Thread-718) [Consumer clientId=consumer-Consumer-topic-51ce0495_6bbf_427a_ba3e_e21491c02018-16, groupId=Consumer-topic-51ce0495_6bbf_427a_ba3e_e21491c02018] Successfully joined group with generation Generation{generationId=1, memberId='consumer-Consumer-topic-51ce0495_6bbf_427a_ba3e_e21491c02018-16-746ff35c-adc0-4f20-b1ec-112a49221882', protocol='range'}
2025-08-07 20:29:03,215 INFO  [org.apa.kaf.cli.con.int.ConsumerCoordinator] (Thread-718) [Consumer clientId=consumer-Consumer-topic-51ce0495_6bbf_427a_ba3e_e21491c02018-16, groupId=Consumer-topic-51ce0495_6bbf_427a_ba3e_e21491c02018] Finished assignment for group at generation 1: {consumer-Consumer-topic-51ce0495_6bbf_427a_ba3e_e21491c02018-16-746ff35c-adc0-4f20-b1ec-112a49221882=Assignment(partitions=[topic-51ce0495_6bbf_427a_ba3e_e21491c02018-0])}
2025-08-07 20:29:03,221 INFO  [org.apa.kaf.cli.con.int.ConsumerCoordinator] (Thread-718) [Consumer clientId=consumer-Consumer-topic-51ce0495_6bbf_427a_ba3e_e21491c02018-16, groupId=Consumer-topic-51ce0495_6bbf_427a_ba3e_e21491c02018] Successfully synced group in generation Generation{generationId=1, memberId='consumer-Consumer-topic-51ce0495_6bbf_427a_ba3e_e21491c02018-16-746ff35c-adc0-4f20-b1ec-112a49221882', protocol='range'}
2025-08-07 20:29:03,221 INFO  [org.apa.kaf.cli.con.int.ConsumerCoordinator] (Thread-718) [Consumer clientId=consumer-Consumer-topic-51ce0495_6bbf_427a_ba3e_e21491c02018-16, groupId=Consumer-topic-51ce0495_6bbf_427a_ba3e_e21491c02018] Notifying assignor about the new Assignment(partitions=[topic-51ce0495_6bbf_427a_ba3e_e21491c02018-0])
2025-08-07 20:29:03,222 INFO  [org.apa.kaf.cli.con.int.ConsumerRebalanceListenerInvoker] (Thread-718) [Consumer clientId=consumer-Consumer-topic-51ce0495_6bbf_427a_ba3e_e21491c02018-16, groupId=Consumer-topic-51ce0495_6bbf_427a_ba3e_e21491c02018] Adding newly assigned partitions: topic-51ce0495_6bbf_427a_ba3e_e21491c02018-0
2025-08-07 20:29:03,223 INFO  [org.apa.kaf.cli.con.int.ConsumerCoordinator] (Thread-718) [Consumer clientId=consumer-Consumer-topic-51ce0495_6bbf_427a_ba3e_e21491c02018-16, groupId=Consumer-topic-51ce0495_6bbf_427a_ba3e_e21491c02018] Found no committed offset for partition topic-51ce0495_6bbf_427a_ba3e_e21491c02018-0
2025-08-07 20:29:03,227 INFO  [org.apa.kaf.cli.con.int.SubscriptionState] (Thread-718) [Consumer clientId=consumer-Consumer-topic-51ce0495_6bbf_427a_ba3e_e21491c02018-16, groupId=Consumer-topic-51ce0495_6bbf_427a_ba3e_e21491c02018] Resetting offset for partition topic-51ce0495_6bbf_427a_ba3e_e21491c02018-0 to position FetchPosition{offset=0, offsetEpoch=Optional.empty, currentLeader=LeaderAndEpoch{leader=Optional[localhost:32769 (id: 0 rack: null)], epoch=0}}.
2025-08-07 20:29:03,370 INFO  [io.api.tes.ser.api.KafkaSerdesTester] (Thread-718) topic-51ce0495_6bbf_427a_ba3e_e21491c02018 0 0 {"key11754598531341": "value-0"}
2025-08-07 20:29:03,370 INFO  [io.api.tes.ser.api.KafkaSerdesTester] (Thread-718) topic-51ce0495_6bbf_427a_ba3e_e21491c02018 0 1 {"key11754598531341": "value-1"}
2025-08-07 20:29:03,370 INFO  [io.api.tes.ser.api.KafkaSerdesTester] (Thread-718) topic-51ce0495_6bbf_427a_ba3e_e21491c02018 0 2 {"key11754598531341": "value-2"}
2025-08-07 20:29:03,370 INFO  [io.api.tes.ser.api.KafkaSerdesTester] (Thread-718) topic-51ce0495_6bbf_427a_ba3e_e21491c02018 0 3 {"key11754598531341": "value-3"}
2025-08-07 20:29:03,370 INFO  [io.api.tes.ser.api.KafkaSerdesTester] (Thread-718) topic-51ce0495_6bbf_427a_ba3e_e21491c02018 0 4 {"key11754598531341": "value-4"}
2025-08-07 20:29:03,370 INFO  [io.api.tes.ser.api.KafkaSerdesTester] (Thread-718) topic-51ce0495_6bbf_427a_ba3e_e21491c02018 0 5 {"key11754598531341": "value-5"}
2025-08-07 20:29:03,370 INFO  [io.api.tes.ser.api.KafkaSerdesTester] (Thread-718) topic-51ce0495_6bbf_427a_ba3e_e21491c02018 0 6 {"key11754598531341": "value-6"}
2025-08-07 20:29:03,370 INFO  [io.api.tes.ser.api.KafkaSerdesTester] (Thread-718) topic-51ce0495_6bbf_427a_ba3e_e21491c02018 0 7 {"key11754598531341": "value-7"}
2025-08-07 20:29:03,370 INFO  [io.api.tes.ser.api.KafkaSerdesTester] (Thread-718) topic-51ce0495_6bbf_427a_ba3e_e21491c02018 0 8 {"key11754598531341": "value-8"}
2025-08-07 20:29:03,370 INFO  [io.api.tes.ser.api.KafkaSerdesTester] (Thread-718) topic-51ce0495_6bbf_427a_ba3e_e21491c02018 0 9 {"key11754598531341": "value-9"}
2025-08-07 20:29:03,370 INFO  [io.api.tes.ser.api.KafkaSerdesTester] (Thread-718) Consumed 10 messages
2025-08-07 20:29:03,379 INFO  [org.apa.kaf.cli.con.int.ConsumerRebalanceListenerInvoker] (Thread-718) [Consumer clientId=consumer-Consumer-topic-51ce0495_6bbf_427a_ba3e_e21491c02018-16, groupId=Consumer-topic-51ce0495_6bbf_427a_ba3e_e21491c02018] Revoke previously assigned partitions topic-51ce0495_6bbf_427a_ba3e_e21491c02018-0
2025-08-07 20:29:03,379 INFO  [org.apa.kaf.cli.con.int.ConsumerCoordinator] (Thread-718) [Consumer clientId=consumer-Consumer-topic-51ce0495_6bbf_427a_ba3e_e21491c02018-16, groupId=Consumer-topic-51ce0495_6bbf_427a_ba3e_e21491c02018] Member consumer-Consumer-topic-51ce0495_6bbf_427a_ba3e_e21491c02018-16-746ff35c-adc0-4f20-b1ec-112a49221882 sending LeaveGroup request to coordinator localhost:32769 (id: 2147483647 rack: null) due to the consumer is being closed
2025-08-07 20:29:03,379 INFO  [org.apa.kaf.cli.con.int.ConsumerCoordinator] (Thread-718) [Consumer clientId=consumer-Consumer-topic-51ce0495_6bbf_427a_ba3e_e21491c02018-16, groupId=Consumer-topic-51ce0495_6bbf_427a_ba3e_e21491c02018] Resetting generation and member id due to: consumer pro-actively leaving the group
2025-08-07 20:29:03,379 INFO  [org.apa.kaf.cli.con.int.ConsumerCoordinator] (Thread-718) [Consumer clientId=consumer-Consumer-topic-51ce0495_6bbf_427a_ba3e_e21491c02018-16, groupId=Consumer-topic-51ce0495_6bbf_427a_ba3e_e21491c02018] Request joining group due to: consumer pro-actively leaving the group
2025-08-07 20:29:03,874 INFO  [org.apa.kaf.com.met.Metrics] (Thread-718) Metrics scheduler closed
2025-08-07 20:29:03,874 INFO  [org.apa.kaf.com.met.Metrics] (Thread-718) Closing reporter org.apache.kafka.common.metrics.JmxReporter
2025-08-07 20:29:03,874 INFO  [org.apa.kaf.com.met.Metrics] (Thread-718) Closing reporter org.apache.kafka.common.telemetry.internals.ClientTelemetryReporter
2025-08-07 20:29:03,874 INFO  [org.apa.kaf.com.met.Metrics] (Thread-718) Metrics reporters closed
2025-08-07 20:29:03,876 INFO  [org.apa.kaf.com.uti.AppInfoParser] (Thread-718) App info kafka.consumer for consumer-Consumer-topic-51ce0495_6bbf_427a_ba3e_e21491c02018-16 unregistered
2025-08-07 20:29:03,876 INFO  [io.api.tes.uti.TestSeparator] (main) io.apicurio.tests.serdes.apicurio.AvroSerdeIT.testAvroConfluentForMultipleTopics-FINISHED
2025-08-07 20:29:03,876 INFO  [io.api.tes.uti.TestSeparator] (main) ############################################################################
Test passed: testAvroConfluentForMultipleTopics
]]></system-out>
  </testcase>
  <testcase name="testFirstRequestFailsRateLimited" classname="io.apicurio.tests.serdes.apicurio.AvroSerdeIT" time="0.88">
    <system-out><![CDATA[2025-08-07 20:29:03,878 INFO  [io.api.tes.uti.TestSeparator] (main) ############################################################################
2025-08-07 20:29:03,878 INFO  [io.api.tes.uti.TestSeparator] (main) io.apicurio.tests.serdes.apicurio.AvroSerdeIT.testFirstRequestFailsRateLimited-STARTED
2025-08-07 20:29:04,318 WARN  [org.ecl.jet.ser.AbstractConnector] (main) Acceptors should be <= availableProcessors: NetworkTrafficServerConnector@4a83736a{HTTP/1.1, (http/1.1, h2c)}{0.0.0.0:0} 
2025-08-07 20:29:04,416 INFO  [org.ecl.jet.ser.Server] (main) jetty-11.0.15; built: 2023-04-11T18:37:53.775Z; git: 5bc5e562c8d05c5862505aebe5cf83a61bdbcb96; jvm 17.0.16+8
2025-08-07 20:29:04,454 INFO  [org.ecl.jet.ser.han.ContextHandler] (main) Started o.e.j.s.ServletContextHandler@21fba6fd{/__admin,null,AVAILABLE}
2025-08-07 20:29:04,472 INFO  [org.ecl.jet.ser.han.Con.ROOT] (main) RequestHandlerClass from context returned com.github.tomakehurst.wiremock.http.StubRequestHandler. Normalized mapped under returned 'null'
2025-08-07 20:29:04,473 INFO  [org.ecl.jet.ser.han.ContextHandler] (main) Started o.e.j.s.ServletContextHandler@424bcd62{/,null,AVAILABLE}
2025-08-07 20:29:04,480 INFO  [org.ecl.jet.ser.AbstractConnector] (main) Started NetworkTrafficServerConnector@4a83736a{HTTP/1.1, (http/1.1, h2c)}{0.0.0.0:35379}
2025-08-07 20:29:04,482 INFO  [org.ecl.jet.ser.Server] (main) Started Server@17ab4ba5{STARTING}[11.0.15,sto=1000] @112304ms
**** Registry Base URL: http://registry-app-pg17.apps.ci419.apicurio-testing.org:80
2025-08-07 20:29:04,491 INFO  [org.apa.kaf.cli.pro.ProducerConfig] (main) ProducerConfig values: 
	acks = -1
	auto.include.jmx.reporter = true
	batch.size = 16384
	bootstrap.servers = [PLAINTEXT://localhost:32769]
	buffer.memory = 33554432
	client.dns.lookup = use_all_dns_ips
	client.id = Producer-topic-5538fea0_a698_4fed_9a02_e01cde35d751
	compression.gzip.level = -1
	compression.lz4.level = 9
	compression.type = none
	compression.zstd.level = 3
	connections.max.idle.ms = 10000
	delivery.timeout.ms = 120000
	enable.idempotence = true
	enable.metrics.push = true
	interceptor.classes = []
	key.serializer = class org.apache.kafka.common.serialization.StringSerializer
	linger.ms = 0
	max.block.ms = 60000
	max.in.flight.requests.per.connection = 5
	max.request.size = 1048576
	metadata.max.age.ms = 300000
	metadata.max.idle.ms = 300000
	metadata.recovery.strategy = none
	metric.reporters = []
	metrics.num.samples = 2
	metrics.recording.level = INFO
	metrics.sample.window.ms = 30000
	partitioner.adaptive.partitioning.enable = true
	partitioner.availability.timeout.ms = 0
	partitioner.class = null
	partitioner.ignore.keys = false
	receive.buffer.bytes = 32768
	reconnect.backoff.max.ms = 1000
	reconnect.backoff.ms = 50
	request.timeout.ms = 5000
	retries = 2147483647
	retry.backoff.max.ms = 1000
	retry.backoff.ms = 100
	sasl.client.callback.handler.class = null
	sasl.jaas.config = null
	sasl.kerberos.kinit.cmd = /usr/bin/kinit
	sasl.kerberos.min.time.before.relogin = 60000
	sasl.kerberos.service.name = null
	sasl.kerberos.ticket.renew.jitter = 0.05
	sasl.kerberos.ticket.renew.window.factor = 0.8
	sasl.login.callback.handler.class = null
	sasl.login.class = null
	sasl.login.connect.timeout.ms = null
	sasl.login.read.timeout.ms = null
	sasl.login.refresh.buffer.seconds = 300
	sasl.login.refresh.min.period.seconds = 60
	sasl.login.refresh.window.factor = 0.8
	sasl.login.refresh.window.jitter = 0.05
	sasl.login.retry.backoff.max.ms = 10000
	sasl.login.retry.backoff.ms = 100
	sasl.mechanism = GSSAPI
	sasl.oauthbearer.clock.skew.seconds = 30
	sasl.oauthbearer.expected.audience = null
	sasl.oauthbearer.expected.issuer = null
	sasl.oauthbearer.header.urlencode = false
	sasl.oauthbearer.jwks.endpoint.refresh.ms = 3600000
	sasl.oauthbearer.jwks.endpoint.retry.backoff.max.ms = 10000
	sasl.oauthbearer.jwks.endpoint.retry.backoff.ms = 100
	sasl.oauthbearer.jwks.endpoint.url = null
	sasl.oauthbearer.scope.claim.name = scope
	sasl.oauthbearer.sub.claim.name = sub
	sasl.oauthbearer.token.endpoint.url = null
	security.protocol = PLAINTEXT
	security.providers = null
	send.buffer.bytes = 131072
	socket.connection.setup.timeout.max.ms = 30000
	socket.connection.setup.timeout.ms = 10000
	ssl.cipher.suites = null
	ssl.enabled.protocols = [TLSv1.2, TLSv1.3]
	ssl.endpoint.identification.algorithm = https
	ssl.engine.factory.class = null
	ssl.key.password = null
	ssl.keymanager.algorithm = SunX509
	ssl.keystore.certificate.chain = null
	ssl.keystore.key = null
	ssl.keystore.location = null
	ssl.keystore.password = null
	ssl.keystore.type = JKS
	ssl.protocol = TLSv1.3
	ssl.provider = null
	ssl.secure.random.implementation = null
	ssl.trustmanager.algorithm = PKIX
	ssl.truststore.certificates = null
	ssl.truststore.location = null
	ssl.truststore.password = null
	ssl.truststore.type = JKS
	transaction.timeout.ms = 60000
	transactional.id = null
	value.serializer = class io.apicurio.registry.serde.avro.AvroKafkaSerializer

2025-08-07 20:29:04,492 INFO  [org.apa.kaf.com.tel.int.KafkaMetricsCollector] (main) initializing Kafka metrics collector
2025-08-07 20:29:04,494 INFO  [org.apa.kaf.cli.pro.KafkaProducer] (main) [Producer clientId=Producer-topic-5538fea0_a698_4fed_9a02_e01cde35d751] Instantiated an idempotent producer.
2025-08-07 20:29:04,496 INFO  [org.apa.kaf.cli.pro.ProducerConfig] (main) These configurations '[apicurio.registry.url, apicurio.registry.artifact-resolver-strategy]' were supplied but are not used yet.
2025-08-07 20:29:04,497 INFO  [org.apa.kaf.com.uti.AppInfoParser] (main) Kafka version: 3.9.1
2025-08-07 20:29:04,497 INFO  [org.apa.kaf.com.uti.AppInfoParser] (main) Kafka commitId: f745dfdcee2b9851
2025-08-07 20:29:04,497 INFO  [org.apa.kaf.com.uti.AppInfoParser] (main) Kafka startTimeMs: 1754598544497
2025-08-07 20:29:04,499 INFO  [io.api.tes.ser.api.KafkaSerdesTester] (Thread-729) Sending message {"keyB": "value-0"} to topic topic-5538fea0_a698_4fed_9a02_e01cde35d751
2025-08-07 20:29:04,502 WARN  [org.apa.kaf.cli.NetworkClient] (kafka-producer-network-thread | Producer-topic-5538fea0_a698_4fed_9a02_e01cde35d751) [Producer clientId=Producer-topic-5538fea0_a698_4fed_9a02_e01cde35d751] The metadata response from the cluster reported a recoverable issue with correlation id 1 : {topic-5538fea0_a698_4fed_9a02_e01cde35d751=UNKNOWN_TOPIC_OR_PARTITION}
2025-08-07 20:29:04,502 INFO  [org.apa.kaf.cli.Metadata] (kafka-producer-network-thread | Producer-topic-5538fea0_a698_4fed_9a02_e01cde35d751) [Producer clientId=Producer-topic-5538fea0_a698_4fed_9a02_e01cde35d751] Cluster ID: g89mLo7yQq6pgEL9WhhAvA
2025-08-07 20:29:04,504 INFO  [org.apa.kaf.cli.pro.int.TransactionManager] (kafka-producer-network-thread | Producer-topic-5538fea0_a698_4fed_9a02_e01cde35d751) [Producer clientId=Producer-topic-5538fea0_a698_4fed_9a02_e01cde35d751] ProducerId set to 22 with epoch 0
2025-08-07 20:29:04,612 INFO  [DefaultSchemaResolver] (Thread-729) Retrieving schema content using string: {"type":"record","name":"myrecord","namespace":"mygroup","fields":[{"name":"keyB","type":"string"}]}
2025-08-07 20:29:04,741 INFO  [org.apa.kaf.cli.pro.KafkaProducer] (Thread-729) [Producer clientId=Producer-topic-5538fea0_a698_4fed_9a02_e01cde35d751] Closing the Kafka producer with timeoutMillis = 9223372036854775807 ms.
2025-08-07 20:29:04,744 INFO  [org.apa.kaf.com.met.Metrics] (Thread-729) Metrics scheduler closed
2025-08-07 20:29:04,744 INFO  [org.apa.kaf.com.met.Metrics] (Thread-729) Closing reporter org.apache.kafka.common.metrics.JmxReporter
2025-08-07 20:29:04,744 INFO  [org.apa.kaf.com.met.Metrics] (Thread-729) Closing reporter org.apache.kafka.common.telemetry.internals.ClientTelemetryReporter
2025-08-07 20:29:04,744 INFO  [org.apa.kaf.com.met.Metrics] (Thread-729) Metrics reporters closed
2025-08-07 20:29:04,745 INFO  [org.apa.kaf.com.uti.AppInfoParser] (Thread-729) App info kafka.producer for Producer-topic-5538fea0_a698_4fed_9a02_e01cde35d751 unregistered
2025-08-07 20:29:04,749 INFO  [org.ecl.jet.ser.Server] (main) Stopped Server@17ab4ba5{STOPPING}[11.0.15,sto=1000]
2025-08-07 20:29:04,749 INFO  [org.ecl.jet.ser.Server] (main) Shutdown Server@17ab4ba5{STOPPING}[11.0.15,sto=1000]
2025-08-07 20:29:04,753 INFO  [org.ecl.jet.ser.AbstractConnector] (main) Stopped NetworkTrafficServerConnector@4a83736a{HTTP/1.1, (http/1.1, h2c)}{0.0.0.0:0}
2025-08-07 20:29:04,755 INFO  [org.ecl.jet.ser.han.ContextHandler] (main) Stopped o.e.j.s.ServletContextHandler@424bcd62{/,null,STOPPED}
2025-08-07 20:29:04,755 INFO  [org.ecl.jet.ser.han.ContextHandler] (main) Stopped o.e.j.s.ServletContextHandler@21fba6fd{/__admin,null,STOPPED}
2025-08-07 20:29:04,757 INFO  [io.api.tes.uti.TestSeparator] (main) io.apicurio.tests.serdes.apicurio.AvroSerdeIT.testFirstRequestFailsRateLimited-FINISHED
2025-08-07 20:29:04,757 INFO  [io.api.tes.uti.TestSeparator] (main) ############################################################################
Test passed: testFirstRequestFailsRateLimited
]]></system-out>
    <system-err><![CDATA[com.microsoft.kiota.ApiException: the server returned an unexpected status code and no error class is registered for this code 429
	at com.microsoft.kiota.ApiExceptionBuilder.withMessage(ApiExceptionBuilder.java:45)
	at io.kiota.http.vertx.VertXRequestAdapter.throwIfFailedResponse(VertXRequestAdapter.java:370)
	at io.kiota.http.vertx.VertXRequestAdapter.send(VertXRequestAdapter.java:170)
	at io.apicurio.registry.rest.client.search.versions.VersionsRequestBuilder.post(VersionsRequestBuilder.java:94)
	at io.apicurio.registry.resolver.client.RegistryClientFacadeImpl.searchVersionsByContent(RegistryClientFacadeImpl.java:106)
	at io.apicurio.registry.resolver.DefaultSchemaResolver.lambda$handleResolveSchemaByContent$3(DefaultSchemaResolver.java:258)
	at io.apicurio.registry.resolver.cache.ERCache.lambda$getValue$0(ERCache.java:174)
	at io.apicurio.registry.resolver.cache.ERCache.retry(ERCache.java:227)
	at io.apicurio.registry.resolver.cache.ERCache.getValue(ERCache.java:173)
	at io.apicurio.registry.resolver.cache.ERCache.getByContent(ERCache.java:147)
	at io.apicurio.registry.resolver.DefaultSchemaResolver.handleResolveSchemaByContent(DefaultSchemaResolver.java:253)
	at io.apicurio.registry.resolver.DefaultSchemaResolver.getSchemaFromRegistry(DefaultSchemaResolver.java:138)
	at io.apicurio.registry.resolver.DefaultSchemaResolver.lambda$resolveSchema$0(DefaultSchemaResolver.java:84)
	at java.base/java.util.Optional.orElseGet(Optional.java:364)
	at io.apicurio.registry.resolver.DefaultSchemaResolver.resolveSchema(DefaultSchemaResolver.java:84)
	at io.apicurio.registry.serde.AbstractSerializer.serializeData(AbstractSerializer.java:62)
	at io.apicurio.registry.serde.KafkaSerializer.serialize(KafkaSerializer.java:77)
	at org.apache.kafka.clients.producer.KafkaProducer.doSend(KafkaProducer.java:1046)
	at org.apache.kafka.clients.producer.KafkaProducer.send(KafkaProducer.java:993)
	at org.apache.kafka.clients.producer.KafkaProducer.send(KafkaProducer.java:875)
	at io.apicurio.tests.serdes.apicurio.KafkaSerdesTester.lambda$produceMessages$3(KafkaSerdesTester.java:138)
	at java.base/java.util.concurrent.CompletableFuture$AsyncSupply.run(CompletableFuture.java:1768)
	at java.base/java.lang.Thread.run(Thread.java:840)
]]></system-err>
  </testcase>
  <testcase name="testFirstEmptyFieldConfusedAsMagicByte" classname="io.apicurio.tests.serdes.apicurio.AvroSerdeIT" time="4.037">
    <system-out><![CDATA[2025-08-07 20:29:04,763 INFO  [io.api.tes.uti.TestSeparator] (main) ############################################################################
2025-08-07 20:29:04,763 INFO  [io.api.tes.uti.TestSeparator] (main) io.apicurio.tests.serdes.apicurio.AvroSerdeIT.testFirstEmptyFieldConfusedAsMagicByte-STARTED
**** Registry Base URL: http://registry-app-pg17.apps.ci419.apicurio-testing.org:80
2025-08-07 20:29:04,767 INFO  [org.apa.kaf.cli.pro.ProducerConfig] (main) ProducerConfig values: 
	acks = -1
	auto.include.jmx.reporter = true
	batch.size = 16384
	bootstrap.servers = [PLAINTEXT://localhost:32769]
	buffer.memory = 33554432
	client.dns.lookup = use_all_dns_ips
	client.id = Producer-topic-e97f742f_c366_413d_8a0d_2c358fa180a8
	compression.gzip.level = -1
	compression.lz4.level = 9
	compression.type = none
	compression.zstd.level = 3
	connections.max.idle.ms = 10000
	delivery.timeout.ms = 120000
	enable.idempotence = true
	enable.metrics.push = true
	interceptor.classes = []
	key.serializer = class org.apache.kafka.common.serialization.StringSerializer
	linger.ms = 0
	max.block.ms = 60000
	max.in.flight.requests.per.connection = 5
	max.request.size = 1048576
	metadata.max.age.ms = 300000
	metadata.max.idle.ms = 300000
	metadata.recovery.strategy = none
	metric.reporters = []
	metrics.num.samples = 2
	metrics.recording.level = INFO
	metrics.sample.window.ms = 30000
	partitioner.adaptive.partitioning.enable = true
	partitioner.availability.timeout.ms = 0
	partitioner.class = null
	partitioner.ignore.keys = false
	receive.buffer.bytes = 32768
	reconnect.backoff.max.ms = 1000
	reconnect.backoff.ms = 50
	request.timeout.ms = 5000
	retries = 2147483647
	retry.backoff.max.ms = 1000
	retry.backoff.ms = 100
	sasl.client.callback.handler.class = null
	sasl.jaas.config = null
	sasl.kerberos.kinit.cmd = /usr/bin/kinit
	sasl.kerberos.min.time.before.relogin = 60000
	sasl.kerberos.service.name = null
	sasl.kerberos.ticket.renew.jitter = 0.05
	sasl.kerberos.ticket.renew.window.factor = 0.8
	sasl.login.callback.handler.class = null
	sasl.login.class = null
	sasl.login.connect.timeout.ms = null
	sasl.login.read.timeout.ms = null
	sasl.login.refresh.buffer.seconds = 300
	sasl.login.refresh.min.period.seconds = 60
	sasl.login.refresh.window.factor = 0.8
	sasl.login.refresh.window.jitter = 0.05
	sasl.login.retry.backoff.max.ms = 10000
	sasl.login.retry.backoff.ms = 100
	sasl.mechanism = GSSAPI
	sasl.oauthbearer.clock.skew.seconds = 30
	sasl.oauthbearer.expected.audience = null
	sasl.oauthbearer.expected.issuer = null
	sasl.oauthbearer.header.urlencode = false
	sasl.oauthbearer.jwks.endpoint.refresh.ms = 3600000
	sasl.oauthbearer.jwks.endpoint.retry.backoff.max.ms = 10000
	sasl.oauthbearer.jwks.endpoint.retry.backoff.ms = 100
	sasl.oauthbearer.jwks.endpoint.url = null
	sasl.oauthbearer.scope.claim.name = scope
	sasl.oauthbearer.sub.claim.name = sub
	sasl.oauthbearer.token.endpoint.url = null
	security.protocol = PLAINTEXT
	security.providers = null
	send.buffer.bytes = 131072
	socket.connection.setup.timeout.max.ms = 30000
	socket.connection.setup.timeout.ms = 10000
	ssl.cipher.suites = null
	ssl.enabled.protocols = [TLSv1.2, TLSv1.3]
	ssl.endpoint.identification.algorithm = https
	ssl.engine.factory.class = null
	ssl.key.password = null
	ssl.keymanager.algorithm = SunX509
	ssl.keystore.certificate.chain = null
	ssl.keystore.key = null
	ssl.keystore.location = null
	ssl.keystore.password = null
	ssl.keystore.type = JKS
	ssl.protocol = TLSv1.3
	ssl.provider = null
	ssl.secure.random.implementation = null
	ssl.trustmanager.algorithm = PKIX
	ssl.truststore.certificates = null
	ssl.truststore.location = null
	ssl.truststore.password = null
	ssl.truststore.type = JKS
	transaction.timeout.ms = 60000
	transactional.id = null
	value.serializer = class io.apicurio.registry.serde.avro.AvroKafkaSerializer

2025-08-07 20:29:04,767 INFO  [org.apa.kaf.com.tel.int.KafkaMetricsCollector] (main) initializing Kafka metrics collector
2025-08-07 20:29:04,773 INFO  [org.apa.kaf.cli.pro.KafkaProducer] (main) [Producer clientId=Producer-topic-e97f742f_c366_413d_8a0d_2c358fa180a8] Instantiated an idempotent producer.
2025-08-07 20:29:04,775 INFO  [org.apa.kaf.cli.pro.ProducerConfig] (main) These configurations '[apicurio.registry.url, apicurio.registry.auto-register, apicurio.registry.artifact-resolver-strategy]' were supplied but are not used yet.
2025-08-07 20:29:04,775 INFO  [org.apa.kaf.com.uti.AppInfoParser] (main) Kafka version: 3.9.1
2025-08-07 20:29:04,775 INFO  [org.apa.kaf.com.uti.AppInfoParser] (main) Kafka commitId: f745dfdcee2b9851
2025-08-07 20:29:04,775 INFO  [org.apa.kaf.com.uti.AppInfoParser] (main) Kafka startTimeMs: 1754598544775
2025-08-07 20:29:04,775 INFO  [io.api.tes.ser.api.SimpleSerdesTesterBuilder$SimpleSerdesTester] (main) Using producer configuration: {apicurio.registry.url=http://registry-app-pg17.apps.ci419.apicurio-testing.org:80/apis/registry/v3, apicurio.registry.auto-register=true, apicurio.registry.artifact-resolver-strategy=io.apicurio.registry.serde.strategy.SimpleTopicIdStrategy, value.serializer=io.apicurio.registry.serde.avro.AvroKafkaSerializer, request.timeout.ms=5000, acks=all, bootstrap.servers=PLAINTEXT://localhost:32769, connections.max.idle.ms=10000, key.serializer=org.apache.kafka.common.serialization.StringSerializer, client.id=Producer-topic-e97f742f_c366_413d_8a0d_2c358fa180a8}
2025-08-07 20:29:04,775 INFO  [io.api.tes.ser.api.SimpleSerdesTesterBuilder$SimpleSerdesTester] (main) Using consumer configuration: {}
2025-08-07 20:29:04,777 INFO  [io.api.tes.ser.api.KafkaSerdesTester] (Thread-732) Sending message {"username": null} to topic topic-e97f742f_c366_413d_8a0d_2c358fa180a8
2025-08-07 20:29:04,782 WARN  [org.apa.kaf.cli.NetworkClient] (kafka-producer-network-thread | Producer-topic-e97f742f_c366_413d_8a0d_2c358fa180a8) [Producer clientId=Producer-topic-e97f742f_c366_413d_8a0d_2c358fa180a8] The metadata response from the cluster reported a recoverable issue with correlation id 1 : {topic-e97f742f_c366_413d_8a0d_2c358fa180a8=UNKNOWN_TOPIC_OR_PARTITION}
2025-08-07 20:29:04,782 INFO  [org.apa.kaf.cli.Metadata] (kafka-producer-network-thread | Producer-topic-e97f742f_c366_413d_8a0d_2c358fa180a8) [Producer clientId=Producer-topic-e97f742f_c366_413d_8a0d_2c358fa180a8] Cluster ID: g89mLo7yQq6pgEL9WhhAvA
2025-08-07 20:29:04,782 INFO  [org.apa.kaf.cli.pro.int.TransactionManager] (kafka-producer-network-thread | Producer-topic-e97f742f_c366_413d_8a0d_2c358fa180a8) [Producer clientId=Producer-topic-e97f742f_c366_413d_8a0d_2c358fa180a8] ProducerId set to 23 with epoch 0
2025-08-07 20:29:05,025 INFO  [io.api.tes.ser.api.KafkaSerdesTester] (Thread-732) Sending message {"username": null} to topic topic-e97f742f_c366_413d_8a0d_2c358fa180a8
2025-08-07 20:29:05,027 INFO  [io.api.tes.ser.api.KafkaSerdesTester] (Thread-732) Sending message {"username": "value-2"} to topic topic-e97f742f_c366_413d_8a0d_2c358fa180a8
2025-08-07 20:29:05,028 INFO  [io.api.tes.ser.api.KafkaSerdesTester] (Thread-732) Sending message {"username": null} to topic topic-e97f742f_c366_413d_8a0d_2c358fa180a8
2025-08-07 20:29:05,030 INFO  [io.api.tes.ser.api.KafkaSerdesTester] (Thread-732) Sending message {"username": "value-4"} to topic topic-e97f742f_c366_413d_8a0d_2c358fa180a8
2025-08-07 20:29:05,031 INFO  [io.api.tes.ser.api.KafkaSerdesTester] (Thread-732) Sending message {"username": null} to topic topic-e97f742f_c366_413d_8a0d_2c358fa180a8
2025-08-07 20:29:05,033 INFO  [io.api.tes.ser.api.KafkaSerdesTester] (Thread-732) Sending message {"username": "value-6"} to topic topic-e97f742f_c366_413d_8a0d_2c358fa180a8
2025-08-07 20:29:05,035 INFO  [io.api.tes.ser.api.KafkaSerdesTester] (Thread-732) Sending message {"username": null} to topic topic-e97f742f_c366_413d_8a0d_2c358fa180a8
2025-08-07 20:29:05,037 INFO  [io.api.tes.ser.api.KafkaSerdesTester] (Thread-732) Sending message {"username": "value-8"} to topic topic-e97f742f_c366_413d_8a0d_2c358fa180a8
2025-08-07 20:29:05,038 INFO  [io.api.tes.ser.api.KafkaSerdesTester] (Thread-732) Sending message {"username": null} to topic topic-e97f742f_c366_413d_8a0d_2c358fa180a8
2025-08-07 20:29:05,039 INFO  [io.api.tes.ser.api.KafkaSerdesTester] (Thread-732) Produced 10 messages
2025-08-07 20:29:05,039 INFO  [org.apa.kaf.cli.pro.KafkaProducer] (Thread-732) [Producer clientId=Producer-topic-e97f742f_c366_413d_8a0d_2c358fa180a8] Closing the Kafka producer with timeoutMillis = 9223372036854775807 ms.
2025-08-07 20:29:05,041 INFO  [org.apa.kaf.com.met.Metrics] (Thread-732) Metrics scheduler closed
2025-08-07 20:29:05,042 INFO  [org.apa.kaf.com.met.Metrics] (Thread-732) Closing reporter org.apache.kafka.common.metrics.JmxReporter
2025-08-07 20:29:05,042 INFO  [org.apa.kaf.com.met.Metrics] (Thread-732) Closing reporter org.apache.kafka.common.telemetry.internals.ClientTelemetryReporter
2025-08-07 20:29:05,042 INFO  [org.apa.kaf.com.met.Metrics] (Thread-732) Metrics reporters closed
2025-08-07 20:29:05,042 INFO  [org.apa.kaf.com.uti.AppInfoParser] (Thread-732) App info kafka.producer for Producer-topic-e97f742f_c366_413d_8a0d_2c358fa180a8 unregistered
**** Registry Base URL: http://registry-app-pg17.apps.ci419.apicurio-testing.org:80
2025-08-07 20:29:05,133 INFO  [org.apa.kaf.cli.con.ConsumerConfig] (main) ConsumerConfig values: 
	allow.auto.create.topics = true
	auto.commit.interval.ms = 500
	auto.include.jmx.reporter = true
	auto.offset.reset = earliest
	bootstrap.servers = [PLAINTEXT://localhost:32769]
	check.crcs = true
	client.dns.lookup = use_all_dns_ips
	client.id = consumer-Consumer-topic-e97f742f_c366_413d_8a0d_2c358fa180a8-17
	client.rack = 
	connections.max.idle.ms = 10000
	default.api.timeout.ms = 60000
	enable.auto.commit = true
	enable.metrics.push = true
	exclude.internal.topics = true
	fetch.max.bytes = 52428800
	fetch.max.wait.ms = 500
	fetch.min.bytes = 1
	group.id = Consumer-topic-e97f742f_c366_413d_8a0d_2c358fa180a8
	group.instance.id = null
	group.protocol = classic
	group.remote.assignor = null
	heartbeat.interval.ms = 3000
	interceptor.classes = []
	internal.leave.group.on.close = true
	internal.throw.on.fetch.stable.offset.unsupported = false
	isolation.level = read_uncommitted
	key.deserializer = class org.apache.kafka.common.serialization.StringDeserializer
	max.partition.fetch.bytes = 1048576
	max.poll.interval.ms = 300000
	max.poll.records = 500
	metadata.max.age.ms = 300000
	metadata.recovery.strategy = none
	metric.reporters = []
	metrics.num.samples = 2
	metrics.recording.level = INFO
	metrics.sample.window.ms = 30000
	partition.assignment.strategy = [class org.apache.kafka.clients.consumer.RangeAssignor, class org.apache.kafka.clients.consumer.CooperativeStickyAssignor]
	receive.buffer.bytes = 65536
	reconnect.backoff.max.ms = 1000
	reconnect.backoff.ms = 50
	request.timeout.ms = 5000
	retry.backoff.max.ms = 1000
	retry.backoff.ms = 100
	sasl.client.callback.handler.class = null
	sasl.jaas.config = null
	sasl.kerberos.kinit.cmd = /usr/bin/kinit
	sasl.kerberos.min.time.before.relogin = 60000
	sasl.kerberos.service.name = null
	sasl.kerberos.ticket.renew.jitter = 0.05
	sasl.kerberos.ticket.renew.window.factor = 0.8
	sasl.login.callback.handler.class = null
	sasl.login.class = null
	sasl.login.connect.timeout.ms = null
	sasl.login.read.timeout.ms = null
	sasl.login.refresh.buffer.seconds = 300
	sasl.login.refresh.min.period.seconds = 60
	sasl.login.refresh.window.factor = 0.8
	sasl.login.refresh.window.jitter = 0.05
	sasl.login.retry.backoff.max.ms = 10000
	sasl.login.retry.backoff.ms = 100
	sasl.mechanism = GSSAPI
	sasl.oauthbearer.clock.skew.seconds = 30
	sasl.oauthbearer.expected.audience = null
	sasl.oauthbearer.expected.issuer = null
	sasl.oauthbearer.header.urlencode = false
	sasl.oauthbearer.jwks.endpoint.refresh.ms = 3600000
	sasl.oauthbearer.jwks.endpoint.retry.backoff.max.ms = 10000
	sasl.oauthbearer.jwks.endpoint.retry.backoff.ms = 100
	sasl.oauthbearer.jwks.endpoint.url = null
	sasl.oauthbearer.scope.claim.name = scope
	sasl.oauthbearer.sub.claim.name = sub
	sasl.oauthbearer.token.endpoint.url = null
	security.protocol = PLAINTEXT
	security.providers = null
	send.buffer.bytes = 131072
	session.timeout.ms = 45000
	socket.connection.setup.timeout.max.ms = 30000
	socket.connection.setup.timeout.ms = 10000
	ssl.cipher.suites = null
	ssl.enabled.protocols = [TLSv1.2, TLSv1.3]
	ssl.endpoint.identification.algorithm = https
	ssl.engine.factory.class = null
	ssl.key.password = null
	ssl.keymanager.algorithm = SunX509
	ssl.keystore.certificate.chain = null
	ssl.keystore.key = null
	ssl.keystore.location = null
	ssl.keystore.password = null
	ssl.keystore.type = JKS
	ssl.protocol = TLSv1.3
	ssl.provider = null
	ssl.secure.random.implementation = null
	ssl.trustmanager.algorithm = PKIX
	ssl.truststore.certificates = null
	ssl.truststore.location = null
	ssl.truststore.password = null
	ssl.truststore.type = JKS
	value.deserializer = class io.apicurio.registry.serde.avro.AvroKafkaDeserializer

2025-08-07 20:29:05,133 INFO  [org.apa.kaf.com.tel.int.KafkaMetricsCollector] (main) initializing Kafka metrics collector
2025-08-07 20:29:05,138 INFO  [org.apa.kaf.cli.con.ConsumerConfig] (main) These configurations '[apicurio.registry.url]' were supplied but are not used yet.
2025-08-07 20:29:05,138 INFO  [org.apa.kaf.com.uti.AppInfoParser] (main) Kafka version: 3.9.1
2025-08-07 20:29:05,139 INFO  [org.apa.kaf.com.uti.AppInfoParser] (main) Kafka commitId: f745dfdcee2b9851
2025-08-07 20:29:05,139 INFO  [org.apa.kaf.com.uti.AppInfoParser] (main) Kafka startTimeMs: 1754598545138
2025-08-07 20:29:05,139 INFO  [org.apa.kaf.cli.con.int.ClassicKafkaConsumer] (Thread-735) [Consumer clientId=consumer-Consumer-topic-e97f742f_c366_413d_8a0d_2c358fa180a8-17, groupId=Consumer-topic-e97f742f_c366_413d_8a0d_2c358fa180a8] Subscribed to topic(s): topic-e97f742f_c366_413d_8a0d_2c358fa180a8
2025-08-07 20:29:05,146 INFO  [org.apa.kaf.cli.Metadata] (Thread-735) [Consumer clientId=consumer-Consumer-topic-e97f742f_c366_413d_8a0d_2c358fa180a8-17, groupId=Consumer-topic-e97f742f_c366_413d_8a0d_2c358fa180a8] Cluster ID: g89mLo7yQq6pgEL9WhhAvA
2025-08-07 20:29:05,148 INFO  [org.apa.kaf.cli.con.int.ConsumerCoordinator] (Thread-735) [Consumer clientId=consumer-Consumer-topic-e97f742f_c366_413d_8a0d_2c358fa180a8-17, groupId=Consumer-topic-e97f742f_c366_413d_8a0d_2c358fa180a8] Discovered group coordinator localhost:32769 (id: 2147483647 rack: null)
2025-08-07 20:29:05,150 INFO  [org.apa.kaf.cli.con.int.ConsumerCoordinator] (Thread-735) [Consumer clientId=consumer-Consumer-topic-e97f742f_c366_413d_8a0d_2c358fa180a8-17, groupId=Consumer-topic-e97f742f_c366_413d_8a0d_2c358fa180a8] (Re-)joining group
2025-08-07 20:29:05,154 INFO  [org.apa.kaf.cli.con.int.ConsumerCoordinator] (Thread-735) [Consumer clientId=consumer-Consumer-topic-e97f742f_c366_413d_8a0d_2c358fa180a8-17, groupId=Consumer-topic-e97f742f_c366_413d_8a0d_2c358fa180a8] Request joining group due to: need to re-join with the given member-id: consumer-Consumer-topic-e97f742f_c366_413d_8a0d_2c358fa180a8-17-6d9dad0b-255a-4156-9a1d-c9bb70e71253
2025-08-07 20:29:05,154 INFO  [org.apa.kaf.cli.con.int.ConsumerCoordinator] (Thread-735) [Consumer clientId=consumer-Consumer-topic-e97f742f_c366_413d_8a0d_2c358fa180a8-17, groupId=Consumer-topic-e97f742f_c366_413d_8a0d_2c358fa180a8] (Re-)joining group
2025-08-07 20:29:06,140 INFO  [io.api.tes.ser.api.KafkaSerdesTester] (Thread-735) None found
2025-08-07 20:29:07,140 INFO  [io.api.tes.ser.api.KafkaSerdesTester] (Thread-735) None found
2025-08-07 20:29:08,140 INFO  [io.api.tes.ser.api.KafkaSerdesTester] (Thread-735) None found
2025-08-07 20:29:08,158 INFO  [org.apa.kaf.cli.con.int.ConsumerCoordinator] (Thread-735) [Consumer clientId=consumer-Consumer-topic-e97f742f_c366_413d_8a0d_2c358fa180a8-17, groupId=Consumer-topic-e97f742f_c366_413d_8a0d_2c358fa180a8] Successfully joined group with generation Generation{generationId=1, memberId='consumer-Consumer-topic-e97f742f_c366_413d_8a0d_2c358fa180a8-17-6d9dad0b-255a-4156-9a1d-c9bb70e71253', protocol='range'}
2025-08-07 20:29:08,158 INFO  [org.apa.kaf.cli.con.int.ConsumerCoordinator] (Thread-735) [Consumer clientId=consumer-Consumer-topic-e97f742f_c366_413d_8a0d_2c358fa180a8-17, groupId=Consumer-topic-e97f742f_c366_413d_8a0d_2c358fa180a8] Finished assignment for group at generation 1: {consumer-Consumer-topic-e97f742f_c366_413d_8a0d_2c358fa180a8-17-6d9dad0b-255a-4156-9a1d-c9bb70e71253=Assignment(partitions=[topic-e97f742f_c366_413d_8a0d_2c358fa180a8-0])}
2025-08-07 20:29:08,165 INFO  [org.apa.kaf.cli.con.int.ConsumerCoordinator] (Thread-735) [Consumer clientId=consumer-Consumer-topic-e97f742f_c366_413d_8a0d_2c358fa180a8-17, groupId=Consumer-topic-e97f742f_c366_413d_8a0d_2c358fa180a8] Successfully synced group in generation Generation{generationId=1, memberId='consumer-Consumer-topic-e97f742f_c366_413d_8a0d_2c358fa180a8-17-6d9dad0b-255a-4156-9a1d-c9bb70e71253', protocol='range'}
2025-08-07 20:29:08,165 INFO  [org.apa.kaf.cli.con.int.ConsumerCoordinator] (Thread-735) [Consumer clientId=consumer-Consumer-topic-e97f742f_c366_413d_8a0d_2c358fa180a8-17, groupId=Consumer-topic-e97f742f_c366_413d_8a0d_2c358fa180a8] Notifying assignor about the new Assignment(partitions=[topic-e97f742f_c366_413d_8a0d_2c358fa180a8-0])
2025-08-07 20:29:08,165 INFO  [org.apa.kaf.cli.con.int.ConsumerRebalanceListenerInvoker] (Thread-735) [Consumer clientId=consumer-Consumer-topic-e97f742f_c366_413d_8a0d_2c358fa180a8-17, groupId=Consumer-topic-e97f742f_c366_413d_8a0d_2c358fa180a8] Adding newly assigned partitions: topic-e97f742f_c366_413d_8a0d_2c358fa180a8-0
2025-08-07 20:29:08,165 INFO  [org.apa.kaf.cli.con.int.ConsumerCoordinator] (Thread-735) [Consumer clientId=consumer-Consumer-topic-e97f742f_c366_413d_8a0d_2c358fa180a8-17, groupId=Consumer-topic-e97f742f_c366_413d_8a0d_2c358fa180a8] Found no committed offset for partition topic-e97f742f_c366_413d_8a0d_2c358fa180a8-0
2025-08-07 20:29:08,166 INFO  [org.apa.kaf.cli.con.int.SubscriptionState] (Thread-735) [Consumer clientId=consumer-Consumer-topic-e97f742f_c366_413d_8a0d_2c358fa180a8-17, groupId=Consumer-topic-e97f742f_c366_413d_8a0d_2c358fa180a8] Resetting offset for partition topic-e97f742f_c366_413d_8a0d_2c358fa180a8-0 to position FetchPosition{offset=0, offsetEpoch=Optional.empty, currentLeader=LeaderAndEpoch{leader=Optional[localhost:32769 (id: 0 rack: null)], epoch=0}}.
2025-08-07 20:29:08,289 INFO  [io.api.tes.ser.api.KafkaSerdesTester] (Thread-735) topic-e97f742f_c366_413d_8a0d_2c358fa180a8 0 0 {"username": null}
2025-08-07 20:29:08,289 INFO  [io.api.tes.ser.api.KafkaSerdesTester] (Thread-735) topic-e97f742f_c366_413d_8a0d_2c358fa180a8 0 1 {"username": null}
2025-08-07 20:29:08,290 INFO  [io.api.tes.ser.api.KafkaSerdesTester] (Thread-735) topic-e97f742f_c366_413d_8a0d_2c358fa180a8 0 2 {"username": "value-2"}
2025-08-07 20:29:08,290 INFO  [io.api.tes.ser.api.KafkaSerdesTester] (Thread-735) topic-e97f742f_c366_413d_8a0d_2c358fa180a8 0 3 {"username": null}
2025-08-07 20:29:08,290 INFO  [io.api.tes.ser.api.KafkaSerdesTester] (Thread-735) topic-e97f742f_c366_413d_8a0d_2c358fa180a8 0 4 {"username": "value-4"}
2025-08-07 20:29:08,290 INFO  [io.api.tes.ser.api.KafkaSerdesTester] (Thread-735) topic-e97f742f_c366_413d_8a0d_2c358fa180a8 0 5 {"username": null}
2025-08-07 20:29:08,290 INFO  [io.api.tes.ser.api.KafkaSerdesTester] (Thread-735) topic-e97f742f_c366_413d_8a0d_2c358fa180a8 0 6 {"username": "value-6"}
2025-08-07 20:29:08,290 INFO  [io.api.tes.ser.api.KafkaSerdesTester] (Thread-735) topic-e97f742f_c366_413d_8a0d_2c358fa180a8 0 7 {"username": null}
2025-08-07 20:29:08,290 INFO  [io.api.tes.ser.api.KafkaSerdesTester] (Thread-735) topic-e97f742f_c366_413d_8a0d_2c358fa180a8 0 8 {"username": "value-8"}
2025-08-07 20:29:08,290 INFO  [io.api.tes.ser.api.KafkaSerdesTester] (Thread-735) topic-e97f742f_c366_413d_8a0d_2c358fa180a8 0 9 {"username": null}
2025-08-07 20:29:08,290 INFO  [io.api.tes.ser.api.KafkaSerdesTester] (Thread-735) Consumed 10 messages
2025-08-07 20:29:08,297 INFO  [org.apa.kaf.cli.con.int.ConsumerRebalanceListenerInvoker] (Thread-735) [Consumer clientId=consumer-Consumer-topic-e97f742f_c366_413d_8a0d_2c358fa180a8-17, groupId=Consumer-topic-e97f742f_c366_413d_8a0d_2c358fa180a8] Revoke previously assigned partitions topic-e97f742f_c366_413d_8a0d_2c358fa180a8-0
2025-08-07 20:29:08,297 INFO  [org.apa.kaf.cli.con.int.ConsumerCoordinator] (Thread-735) [Consumer clientId=consumer-Consumer-topic-e97f742f_c366_413d_8a0d_2c358fa180a8-17, groupId=Consumer-topic-e97f742f_c366_413d_8a0d_2c358fa180a8] Member consumer-Consumer-topic-e97f742f_c366_413d_8a0d_2c358fa180a8-17-6d9dad0b-255a-4156-9a1d-c9bb70e71253 sending LeaveGroup request to coordinator localhost:32769 (id: 2147483647 rack: null) due to the consumer is being closed
2025-08-07 20:29:08,297 INFO  [org.apa.kaf.cli.con.int.ConsumerCoordinator] (Thread-735) [Consumer clientId=consumer-Consumer-topic-e97f742f_c366_413d_8a0d_2c358fa180a8-17, groupId=Consumer-topic-e97f742f_c366_413d_8a0d_2c358fa180a8] Resetting generation and member id due to: consumer pro-actively leaving the group
2025-08-07 20:29:08,297 INFO  [org.apa.kaf.cli.con.int.ConsumerCoordinator] (Thread-735) [Consumer clientId=consumer-Consumer-topic-e97f742f_c366_413d_8a0d_2c358fa180a8-17, groupId=Consumer-topic-e97f742f_c366_413d_8a0d_2c358fa180a8] Request joining group due to: consumer pro-actively leaving the group
2025-08-07 20:29:08,794 INFO  [org.apa.kaf.com.met.Metrics] (Thread-735) Metrics scheduler closed
2025-08-07 20:29:08,794 INFO  [org.apa.kaf.com.met.Metrics] (Thread-735) Closing reporter org.apache.kafka.common.metrics.JmxReporter
2025-08-07 20:29:08,794 INFO  [org.apa.kaf.com.met.Metrics] (Thread-735) Closing reporter org.apache.kafka.common.telemetry.internals.ClientTelemetryReporter
2025-08-07 20:29:08,794 INFO  [org.apa.kaf.com.met.Metrics] (Thread-735) Metrics reporters closed
2025-08-07 20:29:08,797 INFO  [org.apa.kaf.com.uti.AppInfoParser] (Thread-735) App info kafka.consumer for consumer-Consumer-topic-e97f742f_c366_413d_8a0d_2c358fa180a8-17 unregistered
2025-08-07 20:29:08,799 INFO  [io.api.tes.uti.TestSeparator] (main) io.apicurio.tests.serdes.apicurio.AvroSerdeIT.testFirstEmptyFieldConfusedAsMagicByte-FINISHED
2025-08-07 20:29:08,799 INFO  [io.api.tes.uti.TestSeparator] (main) ############################################################################
Test passed: testFirstEmptyFieldConfusedAsMagicByte
]]></system-out>
  </testcase>
  <testcase name="testAvroSerDesFailDifferentSchemaByContent" classname="io.apicurio.tests.serdes.apicurio.AvroSerdeIT" time="1.272">
    <system-out><![CDATA[2025-08-07 20:29:08,801 INFO  [io.api.tes.uti.TestSeparator] (main) ############################################################################
2025-08-07 20:29:08,801 INFO  [io.api.tes.uti.TestSeparator] (main) io.apicurio.tests.serdes.apicurio.AvroSerdeIT.testAvroSerDesFailDifferentSchemaByContent-STARTED
**** Registry Base URL: http://registry-app-pg17.apps.ci419.apicurio-testing.org:80
2025-08-07 20:29:09,911 INFO  [org.apa.kaf.cli.pro.ProducerConfig] (main) ProducerConfig values: 
	acks = -1
	auto.include.jmx.reporter = true
	batch.size = 16384
	bootstrap.servers = [PLAINTEXT://localhost:32769]
	buffer.memory = 33554432
	client.dns.lookup = use_all_dns_ips
	client.id = Producer-topic-dc90f747_8e3c_4672_97de_099ffa9e576c
	compression.gzip.level = -1
	compression.lz4.level = 9
	compression.type = none
	compression.zstd.level = 3
	connections.max.idle.ms = 10000
	delivery.timeout.ms = 120000
	enable.idempotence = true
	enable.metrics.push = true
	interceptor.classes = []
	key.serializer = class org.apache.kafka.common.serialization.StringSerializer
	linger.ms = 0
	max.block.ms = 60000
	max.in.flight.requests.per.connection = 5
	max.request.size = 1048576
	metadata.max.age.ms = 300000
	metadata.max.idle.ms = 300000
	metadata.recovery.strategy = none
	metric.reporters = []
	metrics.num.samples = 2
	metrics.recording.level = INFO
	metrics.sample.window.ms = 30000
	partitioner.adaptive.partitioning.enable = true
	partitioner.availability.timeout.ms = 0
	partitioner.class = null
	partitioner.ignore.keys = false
	receive.buffer.bytes = 32768
	reconnect.backoff.max.ms = 1000
	reconnect.backoff.ms = 50
	request.timeout.ms = 5000
	retries = 2147483647
	retry.backoff.max.ms = 1000
	retry.backoff.ms = 100
	sasl.client.callback.handler.class = null
	sasl.jaas.config = null
	sasl.kerberos.kinit.cmd = /usr/bin/kinit
	sasl.kerberos.min.time.before.relogin = 60000
	sasl.kerberos.service.name = null
	sasl.kerberos.ticket.renew.jitter = 0.05
	sasl.kerberos.ticket.renew.window.factor = 0.8
	sasl.login.callback.handler.class = null
	sasl.login.class = null
	sasl.login.connect.timeout.ms = null
	sasl.login.read.timeout.ms = null
	sasl.login.refresh.buffer.seconds = 300
	sasl.login.refresh.min.period.seconds = 60
	sasl.login.refresh.window.factor = 0.8
	sasl.login.refresh.window.jitter = 0.05
	sasl.login.retry.backoff.max.ms = 10000
	sasl.login.retry.backoff.ms = 100
	sasl.mechanism = GSSAPI
	sasl.oauthbearer.clock.skew.seconds = 30
	sasl.oauthbearer.expected.audience = null
	sasl.oauthbearer.expected.issuer = null
	sasl.oauthbearer.header.urlencode = false
	sasl.oauthbearer.jwks.endpoint.refresh.ms = 3600000
	sasl.oauthbearer.jwks.endpoint.retry.backoff.max.ms = 10000
	sasl.oauthbearer.jwks.endpoint.retry.backoff.ms = 100
	sasl.oauthbearer.jwks.endpoint.url = null
	sasl.oauthbearer.scope.claim.name = scope
	sasl.oauthbearer.sub.claim.name = sub
	sasl.oauthbearer.token.endpoint.url = null
	security.protocol = PLAINTEXT
	security.providers = null
	send.buffer.bytes = 131072
	socket.connection.setup.timeout.max.ms = 30000
	socket.connection.setup.timeout.ms = 10000
	ssl.cipher.suites = null
	ssl.enabled.protocols = [TLSv1.2, TLSv1.3]
	ssl.endpoint.identification.algorithm = https
	ssl.engine.factory.class = null
	ssl.key.password = null
	ssl.keymanager.algorithm = SunX509
	ssl.keystore.certificate.chain = null
	ssl.keystore.key = null
	ssl.keystore.location = null
	ssl.keystore.password = null
	ssl.keystore.type = JKS
	ssl.protocol = TLSv1.3
	ssl.provider = null
	ssl.secure.random.implementation = null
	ssl.trustmanager.algorithm = PKIX
	ssl.truststore.certificates = null
	ssl.truststore.location = null
	ssl.truststore.password = null
	ssl.truststore.type = JKS
	transaction.timeout.ms = 60000
	transactional.id = null
	value.serializer = class io.apicurio.registry.serde.avro.AvroKafkaSerializer

2025-08-07 20:29:09,912 INFO  [org.apa.kaf.com.tel.int.KafkaMetricsCollector] (main) initializing Kafka metrics collector
2025-08-07 20:29:09,918 INFO  [org.apa.kaf.cli.pro.KafkaProducer] (main) [Producer clientId=Producer-topic-dc90f747_8e3c_4672_97de_099ffa9e576c] Instantiated an idempotent producer.
2025-08-07 20:29:09,919 INFO  [org.apa.kaf.cli.pro.ProducerConfig] (main) These configurations '[apicurio.registry.url, apicurio.registry.artifact-resolver-strategy]' were supplied but are not used yet.
2025-08-07 20:29:09,919 INFO  [org.apa.kaf.com.uti.AppInfoParser] (main) Kafka version: 3.9.1
2025-08-07 20:29:09,919 INFO  [org.apa.kaf.com.uti.AppInfoParser] (main) Kafka commitId: f745dfdcee2b9851
2025-08-07 20:29:09,919 INFO  [org.apa.kaf.com.uti.AppInfoParser] (main) Kafka startTimeMs: 1754598549919
2025-08-07 20:29:09,921 INFO  [io.api.tes.ser.api.KafkaSerdesTester] (Thread-738) Sending message {"keyB": "value-0"} to topic topic-dc90f747_8e3c_4672_97de_099ffa9e576c
2025-08-07 20:29:09,924 INFO  [org.apa.kaf.cli.Metadata] (kafka-producer-network-thread | Producer-topic-dc90f747_8e3c_4672_97de_099ffa9e576c) [Producer clientId=Producer-topic-dc90f747_8e3c_4672_97de_099ffa9e576c] Cluster ID: g89mLo7yQq6pgEL9WhhAvA
2025-08-07 20:29:09,925 INFO  [DefaultSchemaResolver] (Thread-738) Retrieving schema content using string: {"type":"record","name":"s570bb09fxad13x41d6x9b14x8a498fa0f87e","namespace":"s1c9b4ba0xa352x4902xbcfax8ac23a705523","fields":[{"name":"keyB","type":"string"}]}
2025-08-07 20:29:09,925 INFO  [org.apa.kaf.cli.pro.int.TransactionManager] (kafka-producer-network-thread | Producer-topic-dc90f747_8e3c_4672_97de_099ffa9e576c) [Producer clientId=Producer-topic-dc90f747_8e3c_4672_97de_099ffa9e576c] ProducerId set to 24 with epoch 0
2025-08-07 20:29:10,069 INFO  [org.apa.kaf.cli.pro.KafkaProducer] (Thread-738) [Producer clientId=Producer-topic-dc90f747_8e3c_4672_97de_099ffa9e576c] Closing the Kafka producer with timeoutMillis = 9223372036854775807 ms.
2025-08-07 20:29:10,071 INFO  [org.apa.kaf.com.met.Metrics] (Thread-738) Metrics scheduler closed
2025-08-07 20:29:10,071 INFO  [org.apa.kaf.com.met.Metrics] (Thread-738) Closing reporter org.apache.kafka.common.metrics.JmxReporter
2025-08-07 20:29:10,071 INFO  [org.apa.kaf.com.met.Metrics] (Thread-738) Closing reporter org.apache.kafka.common.telemetry.internals.ClientTelemetryReporter
2025-08-07 20:29:10,071 INFO  [org.apa.kaf.com.met.Metrics] (Thread-738) Metrics reporters closed
2025-08-07 20:29:10,072 INFO  [org.apa.kaf.com.uti.AppInfoParser] (Thread-738) App info kafka.producer for Producer-topic-dc90f747_8e3c_4672_97de_099ffa9e576c unregistered
2025-08-07 20:29:10,072 INFO  [io.api.tes.uti.TestSeparator] (main) io.apicurio.tests.serdes.apicurio.AvroSerdeIT.testAvroSerDesFailDifferentSchemaByContent-FINISHED
2025-08-07 20:29:10,072 INFO  [io.api.tes.uti.TestSeparator] (main) ############################################################################
Test passed: testAvroSerDesFailDifferentSchemaByContent
]]></system-out>
    <system-err><![CDATA[java.lang.RuntimeException: Could not resolve artifact reference by content: {"type":"record","name":"s570bb09fxad13x41d6x9b14x8a498fa0f87e","namespace":"s1c9b4ba0xa352x4902xbcfax8ac23a705523","fields":[{"name":"keyB","type":"string"}]}&ArtifactReference [groupId=s1c9b4ba0xa352x4902xbcfax8ac23a705523, artifactId=s570bb09fxad13x41d6x9b14x8a498fa0f87e, version=null, globalId=null, contentId=null, contentHash=null]
	at io.apicurio.registry.resolver.DefaultSchemaResolver.lambda$handleResolveSchemaByContent$3(DefaultSchemaResolver.java:265)
	at io.apicurio.registry.resolver.cache.ERCache.lambda$getValue$0(ERCache.java:174)
	at io.apicurio.registry.resolver.cache.ERCache.retry(ERCache.java:227)
	at io.apicurio.registry.resolver.cache.ERCache.getValue(ERCache.java:173)
	at io.apicurio.registry.resolver.cache.ERCache.getByContent(ERCache.java:147)
	at io.apicurio.registry.resolver.DefaultSchemaResolver.handleResolveSchemaByContent(DefaultSchemaResolver.java:253)
	at io.apicurio.registry.resolver.DefaultSchemaResolver.getSchemaFromRegistry(DefaultSchemaResolver.java:138)
	at io.apicurio.registry.resolver.DefaultSchemaResolver.lambda$resolveSchema$0(DefaultSchemaResolver.java:84)
	at java.base/java.util.Optional.orElseGet(Optional.java:364)
	at io.apicurio.registry.resolver.DefaultSchemaResolver.resolveSchema(DefaultSchemaResolver.java:84)
	at io.apicurio.registry.serde.AbstractSerializer.serializeData(AbstractSerializer.java:62)
	at io.apicurio.registry.serde.KafkaSerializer.serialize(KafkaSerializer.java:77)
	at org.apache.kafka.clients.producer.KafkaProducer.doSend(KafkaProducer.java:1046)
	at org.apache.kafka.clients.producer.KafkaProducer.send(KafkaProducer.java:993)
	at org.apache.kafka.clients.producer.KafkaProducer.send(KafkaProducer.java:875)
	at io.apicurio.tests.serdes.apicurio.KafkaSerdesTester.lambda$produceMessages$3(KafkaSerdesTester.java:138)
	at java.base/java.util.concurrent.CompletableFuture$AsyncSupply.run(CompletableFuture.java:1768)
	at java.base/java.lang.Thread.run(Thread.java:840)
]]></system-err>
  </testcase>
  <testcase name="testGlobalIdInBody" classname="io.apicurio.tests.serdes.apicurio.AvroSerdeIT" time="4.047">
    <system-out><![CDATA[2025-08-07 20:29:10,074 INFO  [io.api.tes.uti.TestSeparator] (main) ############################################################################
2025-08-07 20:29:10,074 INFO  [io.api.tes.uti.TestSeparator] (main) io.apicurio.tests.serdes.apicurio.AvroSerdeIT.testGlobalIdInBody-STARTED
**** Registry Base URL: http://registry-app-pg17.apps.ci419.apicurio-testing.org:80
2025-08-07 20:29:10,079 INFO  [org.apa.kaf.cli.pro.ProducerConfig] (main) ProducerConfig values: 
	acks = -1
	auto.include.jmx.reporter = true
	batch.size = 16384
	bootstrap.servers = [PLAINTEXT://localhost:32769]
	buffer.memory = 33554432
	client.dns.lookup = use_all_dns_ips
	client.id = Producer-topic-3078f839_e209_45e8_b19a_c1847fc58c17
	compression.gzip.level = -1
	compression.lz4.level = 9
	compression.type = none
	compression.zstd.level = 3
	connections.max.idle.ms = 10000
	delivery.timeout.ms = 120000
	enable.idempotence = true
	enable.metrics.push = true
	interceptor.classes = []
	key.serializer = class org.apache.kafka.common.serialization.StringSerializer
	linger.ms = 0
	max.block.ms = 60000
	max.in.flight.requests.per.connection = 5
	max.request.size = 1048576
	metadata.max.age.ms = 300000
	metadata.max.idle.ms = 300000
	metadata.recovery.strategy = none
	metric.reporters = []
	metrics.num.samples = 2
	metrics.recording.level = INFO
	metrics.sample.window.ms = 30000
	partitioner.adaptive.partitioning.enable = true
	partitioner.availability.timeout.ms = 0
	partitioner.class = null
	partitioner.ignore.keys = false
	receive.buffer.bytes = 32768
	reconnect.backoff.max.ms = 1000
	reconnect.backoff.ms = 50
	request.timeout.ms = 5000
	retries = 2147483647
	retry.backoff.max.ms = 1000
	retry.backoff.ms = 100
	sasl.client.callback.handler.class = null
	sasl.jaas.config = null
	sasl.kerberos.kinit.cmd = /usr/bin/kinit
	sasl.kerberos.min.time.before.relogin = 60000
	sasl.kerberos.service.name = null
	sasl.kerberos.ticket.renew.jitter = 0.05
	sasl.kerberos.ticket.renew.window.factor = 0.8
	sasl.login.callback.handler.class = null
	sasl.login.class = null
	sasl.login.connect.timeout.ms = null
	sasl.login.read.timeout.ms = null
	sasl.login.refresh.buffer.seconds = 300
	sasl.login.refresh.min.period.seconds = 60
	sasl.login.refresh.window.factor = 0.8
	sasl.login.refresh.window.jitter = 0.05
	sasl.login.retry.backoff.max.ms = 10000
	sasl.login.retry.backoff.ms = 100
	sasl.mechanism = GSSAPI
	sasl.oauthbearer.clock.skew.seconds = 30
	sasl.oauthbearer.expected.audience = null
	sasl.oauthbearer.expected.issuer = null
	sasl.oauthbearer.header.urlencode = false
	sasl.oauthbearer.jwks.endpoint.refresh.ms = 3600000
	sasl.oauthbearer.jwks.endpoint.retry.backoff.max.ms = 10000
	sasl.oauthbearer.jwks.endpoint.retry.backoff.ms = 100
	sasl.oauthbearer.jwks.endpoint.url = null
	sasl.oauthbearer.scope.claim.name = scope
	sasl.oauthbearer.sub.claim.name = sub
	sasl.oauthbearer.token.endpoint.url = null
	security.protocol = PLAINTEXT
	security.providers = null
	send.buffer.bytes = 131072
	socket.connection.setup.timeout.max.ms = 30000
	socket.connection.setup.timeout.ms = 10000
	ssl.cipher.suites = null
	ssl.enabled.protocols = [TLSv1.2, TLSv1.3]
	ssl.endpoint.identification.algorithm = https
	ssl.engine.factory.class = null
	ssl.key.password = null
	ssl.keymanager.algorithm = SunX509
	ssl.keystore.certificate.chain = null
	ssl.keystore.key = null
	ssl.keystore.location = null
	ssl.keystore.password = null
	ssl.keystore.type = JKS
	ssl.protocol = TLSv1.3
	ssl.provider = null
	ssl.secure.random.implementation = null
	ssl.trustmanager.algorithm = PKIX
	ssl.truststore.certificates = null
	ssl.truststore.location = null
	ssl.truststore.password = null
	ssl.truststore.type = JKS
	transaction.timeout.ms = 60000
	transactional.id = null
	value.serializer = class io.apicurio.registry.serde.avro.AvroKafkaSerializer

2025-08-07 20:29:10,079 INFO  [org.apa.kaf.com.tel.int.KafkaMetricsCollector] (main) initializing Kafka metrics collector
2025-08-07 20:29:10,082 INFO  [org.apa.kaf.cli.pro.KafkaProducer] (main) [Producer clientId=Producer-topic-3078f839_e209_45e8_b19a_c1847fc58c17] Instantiated an idempotent producer.
2025-08-07 20:29:10,086 INFO  [org.apa.kaf.cli.pro.ProducerConfig] (main) These configurations '[apicurio.registry.url, apicurio.registry.auto-register, apicurio.registry.use-id, apicurio.registry.artifact-resolver-strategy]' were supplied but are not used yet.
2025-08-07 20:29:10,086 INFO  [org.apa.kaf.com.uti.AppInfoParser] (main) Kafka version: 3.9.1
2025-08-07 20:29:10,086 INFO  [org.apa.kaf.com.uti.AppInfoParser] (main) Kafka commitId: f745dfdcee2b9851
2025-08-07 20:29:10,086 INFO  [org.apa.kaf.com.uti.AppInfoParser] (main) Kafka startTimeMs: 1754598550086
2025-08-07 20:29:10,086 INFO  [io.api.tes.ser.api.SimpleSerdesTesterBuilder$SimpleSerdesTester] (main) Using producer configuration: {apicurio.registry.url=http://registry-app-pg17.apps.ci419.apicurio-testing.org:80/apis/registry/v3, apicurio.registry.auto-register=true, apicurio.registry.use-id=globalId, apicurio.registry.artifact-resolver-strategy=io.apicurio.registry.serde.strategy.TopicIdStrategy, value.serializer=io.apicurio.registry.serde.avro.AvroKafkaSerializer, request.timeout.ms=5000, acks=all, bootstrap.servers=PLAINTEXT://localhost:32769, connections.max.idle.ms=10000, key.serializer=org.apache.kafka.common.serialization.StringSerializer, client.id=Producer-topic-3078f839_e209_45e8_b19a_c1847fc58c17}
2025-08-07 20:29:10,086 INFO  [io.api.tes.ser.api.SimpleSerdesTesterBuilder$SimpleSerdesTester] (main) Using consumer configuration: {apicurio.registry.use-id=globalId}
2025-08-07 20:29:10,086 INFO  [io.api.tes.ser.api.KafkaSerdesTester] (Thread-741) Sending message {"key11754598550074": "value-0"} to topic topic-3078f839_e209_45e8_b19a_c1847fc58c17
2025-08-07 20:29:10,088 WARN  [org.apa.kaf.cli.NetworkClient] (kafka-producer-network-thread | Producer-topic-3078f839_e209_45e8_b19a_c1847fc58c17) [Producer clientId=Producer-topic-3078f839_e209_45e8_b19a_c1847fc58c17] The metadata response from the cluster reported a recoverable issue with correlation id 1 : {topic-3078f839_e209_45e8_b19a_c1847fc58c17=UNKNOWN_TOPIC_OR_PARTITION}
2025-08-07 20:29:10,088 INFO  [org.apa.kaf.cli.Metadata] (kafka-producer-network-thread | Producer-topic-3078f839_e209_45e8_b19a_c1847fc58c17) [Producer clientId=Producer-topic-3078f839_e209_45e8_b19a_c1847fc58c17] Cluster ID: g89mLo7yQq6pgEL9WhhAvA
2025-08-07 20:29:10,089 INFO  [org.apa.kaf.cli.pro.int.TransactionManager] (kafka-producer-network-thread | Producer-topic-3078f839_e209_45e8_b19a_c1847fc58c17) [Producer clientId=Producer-topic-3078f839_e209_45e8_b19a_c1847fc58c17] ProducerId set to 25 with epoch 0
2025-08-07 20:29:10,321 INFO  [io.api.tes.ser.api.KafkaSerdesTester] (Thread-741) Sending message {"key11754598550074": "value-1"} to topic topic-3078f839_e209_45e8_b19a_c1847fc58c17
2025-08-07 20:29:10,322 INFO  [io.api.tes.ser.api.KafkaSerdesTester] (Thread-741) Sending message {"key11754598550074": "value-2"} to topic topic-3078f839_e209_45e8_b19a_c1847fc58c17
2025-08-07 20:29:10,323 INFO  [io.api.tes.ser.api.KafkaSerdesTester] (Thread-741) Sending message {"key11754598550074": "value-3"} to topic topic-3078f839_e209_45e8_b19a_c1847fc58c17
2025-08-07 20:29:10,325 INFO  [io.api.tes.ser.api.KafkaSerdesTester] (Thread-741) Sending message {"key11754598550074": "value-4"} to topic topic-3078f839_e209_45e8_b19a_c1847fc58c17
2025-08-07 20:29:10,326 INFO  [io.api.tes.ser.api.KafkaSerdesTester] (Thread-741) Sending message {"key11754598550074": "value-5"} to topic topic-3078f839_e209_45e8_b19a_c1847fc58c17
2025-08-07 20:29:10,327 INFO  [io.api.tes.ser.api.KafkaSerdesTester] (Thread-741) Sending message {"key11754598550074": "value-6"} to topic topic-3078f839_e209_45e8_b19a_c1847fc58c17
2025-08-07 20:29:10,329 INFO  [io.api.tes.ser.api.KafkaSerdesTester] (Thread-741) Sending message {"key11754598550074": "value-7"} to topic topic-3078f839_e209_45e8_b19a_c1847fc58c17
2025-08-07 20:29:10,337 INFO  [io.api.tes.ser.api.KafkaSerdesTester] (Thread-741) Sending message {"key11754598550074": "value-8"} to topic topic-3078f839_e209_45e8_b19a_c1847fc58c17
2025-08-07 20:29:10,338 INFO  [io.api.tes.ser.api.KafkaSerdesTester] (Thread-741) Sending message {"key11754598550074": "value-9"} to topic topic-3078f839_e209_45e8_b19a_c1847fc58c17
2025-08-07 20:29:10,341 INFO  [io.api.tes.ser.api.KafkaSerdesTester] (Thread-741) Produced 10 messages
2025-08-07 20:29:10,341 INFO  [org.apa.kaf.cli.pro.KafkaProducer] (Thread-741) [Producer clientId=Producer-topic-3078f839_e209_45e8_b19a_c1847fc58c17] Closing the Kafka producer with timeoutMillis = 9223372036854775807 ms.
2025-08-07 20:29:10,346 INFO  [org.apa.kaf.com.met.Metrics] (Thread-741) Metrics scheduler closed
2025-08-07 20:29:10,346 INFO  [org.apa.kaf.com.met.Metrics] (Thread-741) Closing reporter org.apache.kafka.common.metrics.JmxReporter
2025-08-07 20:29:10,346 INFO  [org.apa.kaf.com.met.Metrics] (Thread-741) Closing reporter org.apache.kafka.common.telemetry.internals.ClientTelemetryReporter
2025-08-07 20:29:10,346 INFO  [org.apa.kaf.com.met.Metrics] (Thread-741) Metrics reporters closed
2025-08-07 20:29:10,346 INFO  [org.apa.kaf.com.uti.AppInfoParser] (Thread-741) App info kafka.producer for Producer-topic-3078f839_e209_45e8_b19a_c1847fc58c17 unregistered
**** Registry Base URL: http://registry-app-pg17.apps.ci419.apicurio-testing.org:80
2025-08-07 20:29:10,433 INFO  [org.apa.kaf.cli.con.ConsumerConfig] (main) ConsumerConfig values: 
	allow.auto.create.topics = true
	auto.commit.interval.ms = 500
	auto.include.jmx.reporter = true
	auto.offset.reset = earliest
	bootstrap.servers = [PLAINTEXT://localhost:32769]
	check.crcs = true
	client.dns.lookup = use_all_dns_ips
	client.id = consumer-Consumer-topic-3078f839_e209_45e8_b19a_c1847fc58c17-18
	client.rack = 
	connections.max.idle.ms = 10000
	default.api.timeout.ms = 60000
	enable.auto.commit = true
	enable.metrics.push = true
	exclude.internal.topics = true
	fetch.max.bytes = 52428800
	fetch.max.wait.ms = 500
	fetch.min.bytes = 1
	group.id = Consumer-topic-3078f839_e209_45e8_b19a_c1847fc58c17
	group.instance.id = null
	group.protocol = classic
	group.remote.assignor = null
	heartbeat.interval.ms = 3000
	interceptor.classes = []
	internal.leave.group.on.close = true
	internal.throw.on.fetch.stable.offset.unsupported = false
	isolation.level = read_uncommitted
	key.deserializer = class org.apache.kafka.common.serialization.StringDeserializer
	max.partition.fetch.bytes = 1048576
	max.poll.interval.ms = 300000
	max.poll.records = 500
	metadata.max.age.ms = 300000
	metadata.recovery.strategy = none
	metric.reporters = []
	metrics.num.samples = 2
	metrics.recording.level = INFO
	metrics.sample.window.ms = 30000
	partition.assignment.strategy = [class org.apache.kafka.clients.consumer.RangeAssignor, class org.apache.kafka.clients.consumer.CooperativeStickyAssignor]
	receive.buffer.bytes = 65536
	reconnect.backoff.max.ms = 1000
	reconnect.backoff.ms = 50
	request.timeout.ms = 5000
	retry.backoff.max.ms = 1000
	retry.backoff.ms = 100
	sasl.client.callback.handler.class = null
	sasl.jaas.config = null
	sasl.kerberos.kinit.cmd = /usr/bin/kinit
	sasl.kerberos.min.time.before.relogin = 60000
	sasl.kerberos.service.name = null
	sasl.kerberos.ticket.renew.jitter = 0.05
	sasl.kerberos.ticket.renew.window.factor = 0.8
	sasl.login.callback.handler.class = null
	sasl.login.class = null
	sasl.login.connect.timeout.ms = null
	sasl.login.read.timeout.ms = null
	sasl.login.refresh.buffer.seconds = 300
	sasl.login.refresh.min.period.seconds = 60
	sasl.login.refresh.window.factor = 0.8
	sasl.login.refresh.window.jitter = 0.05
	sasl.login.retry.backoff.max.ms = 10000
	sasl.login.retry.backoff.ms = 100
	sasl.mechanism = GSSAPI
	sasl.oauthbearer.clock.skew.seconds = 30
	sasl.oauthbearer.expected.audience = null
	sasl.oauthbearer.expected.issuer = null
	sasl.oauthbearer.header.urlencode = false
	sasl.oauthbearer.jwks.endpoint.refresh.ms = 3600000
	sasl.oauthbearer.jwks.endpoint.retry.backoff.max.ms = 10000
	sasl.oauthbearer.jwks.endpoint.retry.backoff.ms = 100
	sasl.oauthbearer.jwks.endpoint.url = null
	sasl.oauthbearer.scope.claim.name = scope
	sasl.oauthbearer.sub.claim.name = sub
	sasl.oauthbearer.token.endpoint.url = null
	security.protocol = PLAINTEXT
	security.providers = null
	send.buffer.bytes = 131072
	session.timeout.ms = 45000
	socket.connection.setup.timeout.max.ms = 30000
	socket.connection.setup.timeout.ms = 10000
	ssl.cipher.suites = null
	ssl.enabled.protocols = [TLSv1.2, TLSv1.3]
	ssl.endpoint.identification.algorithm = https
	ssl.engine.factory.class = null
	ssl.key.password = null
	ssl.keymanager.algorithm = SunX509
	ssl.keystore.certificate.chain = null
	ssl.keystore.key = null
	ssl.keystore.location = null
	ssl.keystore.password = null
	ssl.keystore.type = JKS
	ssl.protocol = TLSv1.3
	ssl.provider = null
	ssl.secure.random.implementation = null
	ssl.trustmanager.algorithm = PKIX
	ssl.truststore.certificates = null
	ssl.truststore.location = null
	ssl.truststore.password = null
	ssl.truststore.type = JKS
	value.deserializer = class io.apicurio.registry.serde.avro.AvroKafkaDeserializer

2025-08-07 20:29:10,434 INFO  [org.apa.kaf.com.tel.int.KafkaMetricsCollector] (main) initializing Kafka metrics collector
2025-08-07 20:29:10,438 INFO  [org.apa.kaf.cli.con.ConsumerConfig] (main) These configurations '[apicurio.registry.url, apicurio.registry.use-id]' were supplied but are not used yet.
2025-08-07 20:29:10,438 INFO  [org.apa.kaf.com.uti.AppInfoParser] (main) Kafka version: 3.9.1
2025-08-07 20:29:10,438 INFO  [org.apa.kaf.com.uti.AppInfoParser] (main) Kafka commitId: f745dfdcee2b9851
2025-08-07 20:29:10,438 INFO  [org.apa.kaf.com.uti.AppInfoParser] (main) Kafka startTimeMs: 1754598550438
2025-08-07 20:29:10,441 INFO  [org.apa.kaf.cli.con.int.ClassicKafkaConsumer] (Thread-744) [Consumer clientId=consumer-Consumer-topic-3078f839_e209_45e8_b19a_c1847fc58c17-18, groupId=Consumer-topic-3078f839_e209_45e8_b19a_c1847fc58c17] Subscribed to topic(s): topic-3078f839_e209_45e8_b19a_c1847fc58c17
2025-08-07 20:29:10,445 INFO  [org.apa.kaf.cli.Metadata] (Thread-744) [Consumer clientId=consumer-Consumer-topic-3078f839_e209_45e8_b19a_c1847fc58c17-18, groupId=Consumer-topic-3078f839_e209_45e8_b19a_c1847fc58c17] Cluster ID: g89mLo7yQq6pgEL9WhhAvA
2025-08-07 20:29:10,446 INFO  [org.apa.kaf.cli.con.int.ConsumerCoordinator] (Thread-744) [Consumer clientId=consumer-Consumer-topic-3078f839_e209_45e8_b19a_c1847fc58c17-18, groupId=Consumer-topic-3078f839_e209_45e8_b19a_c1847fc58c17] Discovered group coordinator localhost:32769 (id: 2147483647 rack: null)
2025-08-07 20:29:10,449 INFO  [org.apa.kaf.cli.con.int.ConsumerCoordinator] (Thread-744) [Consumer clientId=consumer-Consumer-topic-3078f839_e209_45e8_b19a_c1847fc58c17-18, groupId=Consumer-topic-3078f839_e209_45e8_b19a_c1847fc58c17] (Re-)joining group
2025-08-07 20:29:10,453 INFO  [org.apa.kaf.cli.con.int.ConsumerCoordinator] (Thread-744) [Consumer clientId=consumer-Consumer-topic-3078f839_e209_45e8_b19a_c1847fc58c17-18, groupId=Consumer-topic-3078f839_e209_45e8_b19a_c1847fc58c17] Request joining group due to: need to re-join with the given member-id: consumer-Consumer-topic-3078f839_e209_45e8_b19a_c1847fc58c17-18-632f6fd2-1190-4ab5-815a-10fd6bf00ec2
2025-08-07 20:29:10,453 INFO  [org.apa.kaf.cli.con.int.ConsumerCoordinator] (Thread-744) [Consumer clientId=consumer-Consumer-topic-3078f839_e209_45e8_b19a_c1847fc58c17-18, groupId=Consumer-topic-3078f839_e209_45e8_b19a_c1847fc58c17] (Re-)joining group
2025-08-07 20:29:11,441 INFO  [io.api.tes.ser.api.KafkaSerdesTester] (Thread-744) None found
2025-08-07 20:29:12,441 INFO  [io.api.tes.ser.api.KafkaSerdesTester] (Thread-744) None found
2025-08-07 20:29:13,441 INFO  [io.api.tes.ser.api.KafkaSerdesTester] (Thread-744) None found
2025-08-07 20:29:13,455 INFO  [org.apa.kaf.cli.con.int.ConsumerCoordinator] (Thread-744) [Consumer clientId=consumer-Consumer-topic-3078f839_e209_45e8_b19a_c1847fc58c17-18, groupId=Consumer-topic-3078f839_e209_45e8_b19a_c1847fc58c17] Successfully joined group with generation Generation{generationId=1, memberId='consumer-Consumer-topic-3078f839_e209_45e8_b19a_c1847fc58c17-18-632f6fd2-1190-4ab5-815a-10fd6bf00ec2', protocol='range'}
2025-08-07 20:29:13,455 INFO  [org.apa.kaf.cli.con.int.ConsumerCoordinator] (Thread-744) [Consumer clientId=consumer-Consumer-topic-3078f839_e209_45e8_b19a_c1847fc58c17-18, groupId=Consumer-topic-3078f839_e209_45e8_b19a_c1847fc58c17] Finished assignment for group at generation 1: {consumer-Consumer-topic-3078f839_e209_45e8_b19a_c1847fc58c17-18-632f6fd2-1190-4ab5-815a-10fd6bf00ec2=Assignment(partitions=[topic-3078f839_e209_45e8_b19a_c1847fc58c17-0])}
2025-08-07 20:29:13,462 INFO  [org.apa.kaf.cli.con.int.ConsumerCoordinator] (Thread-744) [Consumer clientId=consumer-Consumer-topic-3078f839_e209_45e8_b19a_c1847fc58c17-18, groupId=Consumer-topic-3078f839_e209_45e8_b19a_c1847fc58c17] Successfully synced group in generation Generation{generationId=1, memberId='consumer-Consumer-topic-3078f839_e209_45e8_b19a_c1847fc58c17-18-632f6fd2-1190-4ab5-815a-10fd6bf00ec2', protocol='range'}
2025-08-07 20:29:13,462 INFO  [org.apa.kaf.cli.con.int.ConsumerCoordinator] (Thread-744) [Consumer clientId=consumer-Consumer-topic-3078f839_e209_45e8_b19a_c1847fc58c17-18, groupId=Consumer-topic-3078f839_e209_45e8_b19a_c1847fc58c17] Notifying assignor about the new Assignment(partitions=[topic-3078f839_e209_45e8_b19a_c1847fc58c17-0])
2025-08-07 20:29:13,462 INFO  [org.apa.kaf.cli.con.int.ConsumerRebalanceListenerInvoker] (Thread-744) [Consumer clientId=consumer-Consumer-topic-3078f839_e209_45e8_b19a_c1847fc58c17-18, groupId=Consumer-topic-3078f839_e209_45e8_b19a_c1847fc58c17] Adding newly assigned partitions: topic-3078f839_e209_45e8_b19a_c1847fc58c17-0
2025-08-07 20:29:13,463 INFO  [org.apa.kaf.cli.con.int.ConsumerCoordinator] (Thread-744) [Consumer clientId=consumer-Consumer-topic-3078f839_e209_45e8_b19a_c1847fc58c17-18, groupId=Consumer-topic-3078f839_e209_45e8_b19a_c1847fc58c17] Found no committed offset for partition topic-3078f839_e209_45e8_b19a_c1847fc58c17-0
2025-08-07 20:29:13,466 INFO  [org.apa.kaf.cli.con.int.SubscriptionState] (Thread-744) [Consumer clientId=consumer-Consumer-topic-3078f839_e209_45e8_b19a_c1847fc58c17-18, groupId=Consumer-topic-3078f839_e209_45e8_b19a_c1847fc58c17] Resetting offset for partition topic-3078f839_e209_45e8_b19a_c1847fc58c17-0 to position FetchPosition{offset=0, offsetEpoch=Optional.empty, currentLeader=LeaderAndEpoch{leader=Optional[localhost:32769 (id: 0 rack: null)], epoch=0}}.
2025-08-07 20:29:13,615 INFO  [io.api.tes.ser.api.KafkaSerdesTester] (Thread-744) topic-3078f839_e209_45e8_b19a_c1847fc58c17 0 0 {"key11754598550074": "value-0"}
2025-08-07 20:29:13,615 INFO  [io.api.tes.ser.api.KafkaSerdesTester] (Thread-744) topic-3078f839_e209_45e8_b19a_c1847fc58c17 0 1 {"key11754598550074": "value-1"}
2025-08-07 20:29:13,615 INFO  [io.api.tes.ser.api.KafkaSerdesTester] (Thread-744) topic-3078f839_e209_45e8_b19a_c1847fc58c17 0 2 {"key11754598550074": "value-2"}
2025-08-07 20:29:13,615 INFO  [io.api.tes.ser.api.KafkaSerdesTester] (Thread-744) topic-3078f839_e209_45e8_b19a_c1847fc58c17 0 3 {"key11754598550074": "value-3"}
2025-08-07 20:29:13,615 INFO  [io.api.tes.ser.api.KafkaSerdesTester] (Thread-744) topic-3078f839_e209_45e8_b19a_c1847fc58c17 0 4 {"key11754598550074": "value-4"}
2025-08-07 20:29:13,615 INFO  [io.api.tes.ser.api.KafkaSerdesTester] (Thread-744) topic-3078f839_e209_45e8_b19a_c1847fc58c17 0 5 {"key11754598550074": "value-5"}
2025-08-07 20:29:13,615 INFO  [io.api.tes.ser.api.KafkaSerdesTester] (Thread-744) topic-3078f839_e209_45e8_b19a_c1847fc58c17 0 6 {"key11754598550074": "value-6"}
2025-08-07 20:29:13,615 INFO  [io.api.tes.ser.api.KafkaSerdesTester] (Thread-744) topic-3078f839_e209_45e8_b19a_c1847fc58c17 0 7 {"key11754598550074": "value-7"}
2025-08-07 20:29:13,615 INFO  [io.api.tes.ser.api.KafkaSerdesTester] (Thread-744) topic-3078f839_e209_45e8_b19a_c1847fc58c17 0 8 {"key11754598550074": "value-8"}
2025-08-07 20:29:13,615 INFO  [io.api.tes.ser.api.KafkaSerdesTester] (Thread-744) topic-3078f839_e209_45e8_b19a_c1847fc58c17 0 9 {"key11754598550074": "value-9"}
2025-08-07 20:29:13,615 INFO  [io.api.tes.ser.api.KafkaSerdesTester] (Thread-744) Consumed 10 messages
2025-08-07 20:29:13,622 INFO  [org.apa.kaf.cli.con.int.ConsumerRebalanceListenerInvoker] (Thread-744) [Consumer clientId=consumer-Consumer-topic-3078f839_e209_45e8_b19a_c1847fc58c17-18, groupId=Consumer-topic-3078f839_e209_45e8_b19a_c1847fc58c17] Revoke previously assigned partitions topic-3078f839_e209_45e8_b19a_c1847fc58c17-0
2025-08-07 20:29:13,622 INFO  [org.apa.kaf.cli.con.int.ConsumerCoordinator] (Thread-744) [Consumer clientId=consumer-Consumer-topic-3078f839_e209_45e8_b19a_c1847fc58c17-18, groupId=Consumer-topic-3078f839_e209_45e8_b19a_c1847fc58c17] Member consumer-Consumer-topic-3078f839_e209_45e8_b19a_c1847fc58c17-18-632f6fd2-1190-4ab5-815a-10fd6bf00ec2 sending LeaveGroup request to coordinator localhost:32769 (id: 2147483647 rack: null) due to the consumer is being closed
2025-08-07 20:29:13,622 INFO  [org.apa.kaf.cli.con.int.ConsumerCoordinator] (Thread-744) [Consumer clientId=consumer-Consumer-topic-3078f839_e209_45e8_b19a_c1847fc58c17-18, groupId=Consumer-topic-3078f839_e209_45e8_b19a_c1847fc58c17] Resetting generation and member id due to: consumer pro-actively leaving the group
2025-08-07 20:29:13,622 INFO  [org.apa.kaf.cli.con.int.ConsumerCoordinator] (Thread-744) [Consumer clientId=consumer-Consumer-topic-3078f839_e209_45e8_b19a_c1847fc58c17-18, groupId=Consumer-topic-3078f839_e209_45e8_b19a_c1847fc58c17] Request joining group due to: consumer pro-actively leaving the group
2025-08-07 20:29:14,118 INFO  [org.apa.kaf.com.met.Metrics] (Thread-744) Metrics scheduler closed
2025-08-07 20:29:14,118 INFO  [org.apa.kaf.com.met.Metrics] (Thread-744) Closing reporter org.apache.kafka.common.metrics.JmxReporter
2025-08-07 20:29:14,118 INFO  [org.apa.kaf.com.met.Metrics] (Thread-744) Closing reporter org.apache.kafka.common.telemetry.internals.ClientTelemetryReporter
2025-08-07 20:29:14,118 INFO  [org.apa.kaf.com.met.Metrics] (Thread-744) Metrics reporters closed
2025-08-07 20:29:14,120 INFO  [org.apa.kaf.com.uti.AppInfoParser] (Thread-744) App info kafka.consumer for consumer-Consumer-topic-3078f839_e209_45e8_b19a_c1847fc58c17-18 unregistered
2025-08-07 20:29:14,120 INFO  [io.api.tes.uti.TestSeparator] (main) io.apicurio.tests.serdes.apicurio.AvroSerdeIT.testGlobalIdInBody-FINISHED
2025-08-07 20:29:14,120 INFO  [io.api.tes.uti.TestSeparator] (main) ############################################################################
Test passed: testGlobalIdInBody
]]></system-out>
  </testcase>
  <testcase name="testProducerUsesGlobalIdConsumerUsesDefault" classname="io.apicurio.tests.serdes.apicurio.AvroSerdeIT" time="0.0">
    <skipped message="void io.apicurio.tests.serdes.apicurio.AvroSerdeIT.testProducerUsesGlobalIdConsumerUsesDefault() throws java.lang.Exception is @Disabled"/>
  </testcase>
</testsuite>