<?xml version="1.0" encoding="UTF-8"?>
<testsuite xmlns:xsi="http://www.w3.org/2001/XMLSchema-instance" xsi:noNamespaceSchemaLocation="https://maven.apache.org/surefire/maven-failsafe-plugin/xsd/failsafe-test-report.xsd" version="3.0.2" name="io.apicurio.tests.serdes.apicurio.AvroSerdeIT" time="96.779" tests="21" errors="0" skipped="2" failures="0">
  <properties>
    <property name="java.specification.version" value="17"/>
    <property name="sun.jnu.encoding" value="UTF-8"/>
    <property name="java.class.path" value="/home/runner/work/apicurio-testing/apicurio-testing/clusters/ci419/namespaces/mysql/tests/integration/apicurio-registry/integration-tests/target/test-classes:/home/runner/work/apicurio-testing/apicurio-testing/clusters/ci419/namespaces/mysql/tests/integration/apicurio-registry/integration-tests/target/apicurio-registry-integration-tests-3.0.15.jar:/home/runner/.m2/repository/io/quarkus/quarkus-junit5/3.20.2/quarkus-junit5-3.20.2.jar:/home/runner/.m2/repository/io/quarkus/quarkus-bootstrap-core/3.20.2/quarkus-bootstrap-core-3.20.2.jar:/home/runner/.m2/repository/io/quarkus/quarkus-classloader-commons/3.20.2/quarkus-classloader-commons-3.20.2.jar:/home/runner/.m2/repository/io/quarkus/quarkus-bootstrap-app-model/3.20.2/quarkus-bootstrap-app-model-3.20.2.jar:/home/runner/.m2/repository/io/smallrye/common/smallrye-common-io/2.12.0/smallrye-common-io-2.12.0.jar:/home/runner/.m2/repository/org/eclipse/sisu/org.eclipse.sisu.inject/0.9.0.M3/org.eclipse.sisu.inject-0.9.0.M3.jar:/home/runner/.m2/repository/io/quarkus/quarkus-test-common/3.20.2/quarkus-test-common-3.20.2.jar:/home/runner/.m2/repository/io/quarkus/quarkus-core-deployment/3.20.2/quarkus-core-deployment-3.20.2.jar:/home/runner/.m2/repository/org/aesh/readline/2.6/readline-2.6.jar:/home/runner/.m2/repository/org/fusesource/jansi/jansi/2.4.0/jansi-2.4.0.jar:/home/runner/.m2/repository/org/aesh/aesh/2.8.2/aesh-2.8.2.jar:/home/runner/.m2/repository/io/quarkus/gizmo/gizmo/1.8.0/gizmo-1.8.0.jar:/home/runner/.m2/repository/org/ow2/asm/asm-util/9.7.1/asm-util-9.7.1.jar:/home/runner/.m2/repository/org/ow2/asm/asm-analysis/9.7.1/asm-analysis-9.7.1.jar:/home/runner/.m2/repository/org/ow2/asm/asm-commons/9.7.1/asm-commons-9.7.1.jar:/home/runner/.m2/repository/org/ow2/asm/asm-tree/9.7.1/asm-tree-9.7.1.jar:/home/runner/.m2/repository/io/quarkus/quarkus-hibernate-validator-spi/3.20.2/quarkus-hibernate-validator-spi-3.20.2.jar:/home/runner/.m2/repository/io/quarkus/quarkus-class-change-agent/3.20.2/quarkus-class-change-agent-3.20.2.jar:/home/runner/.m2/repository/io/quarkus/quarkus-devtools-utilities/3.20.2/quarkus-devtools-utilities-3.20.2.jar:/home/runner/.m2/repository/io/quarkus/quarkus-builder/3.20.2/quarkus-builder-3.20.2.jar:/home/runner/.m2/repository/org/graalvm/sdk/nativeimage/23.1.2/nativeimage-23.1.2.jar:/home/runner/.m2/repository/org/graalvm/sdk/word/23.1.2/word-23.1.2.jar:/home/runner/.m2/repository/io/quarkus/quarkus-bootstrap-maven-resolver/3.20.2/quarkus-bootstrap-maven-resolver-3.20.2.jar:/home/runner/.m2/repository/io/smallrye/beanbag/smallrye-beanbag-maven/1.5.2/smallrye-beanbag-maven-1.5.2.jar:/home/runner/.m2/repository/io/smallrye/beanbag/smallrye-beanbag-sisu/1.5.2/smallrye-beanbag-sisu-1.5.2.jar:/home/runner/.m2/repository/io/smallrye/beanbag/smallrye-beanbag/1.5.2/smallrye-beanbag-1.5.2.jar:/home/runner/.m2/repository/javax/inject/javax.inject/1/javax.inject-1.jar:/home/runner/.m2/repository/org/apache/maven/maven-artifact/3.9.9/maven-artifact-3.9.9.jar:/home/runner/.m2/repository/org/apache/maven/maven-builder-support/3.9.9/maven-builder-support-3.9.9.jar:/home/runner/.m2/repository/org/apache/maven/maven-model/3.9.9/maven-model-3.9.9.jar:/home/runner/.m2/repository/org/apache/maven/maven-model-builder/3.9.9/maven-model-builder-3.9.9.jar:/home/runner/.m2/repository/org/apache/maven/maven-repository-metadata/3.9.9/maven-repository-metadata-3.9.9.jar:/home/runner/.m2/repository/org/apache/maven/maven-settings/3.9.9/maven-settings-3.9.9.jar:/home/runner/.m2/repository/org/apache/maven/resolver/maven-resolver-api/1.9.22/maven-resolver-api-1.9.22.jar:/home/runner/.m2/repository/org/apache/maven/resolver/maven-resolver-impl/1.9.22/maven-resolver-impl-1.9.22.jar:/home/runner/.m2/repository/org/apache/maven/resolver/maven-resolver-named-locks/1.9.22/maven-resolver-named-locks-1.9.22.jar:/home/runner/.m2/repository/org/apache/maven/resolver/maven-resolver-spi/1.9.22/maven-resolver-spi-1.9.22.jar:/home/runner/.m2/repository/org/apache/maven/resolver/maven-resolver-util/1.9.22/maven-resolver-util-1.9.22.jar:/home/runner/.m2/repository/org/apache/maven/resolver/maven-resolver-transport-http/1.9.20/maven-resolver-transport-http-1.9.20.jar:/home/runner/.m2/repository/org/apache/maven/wagon/wagon-provider-api/3.5.3/wagon-provider-api-3.5.3.jar:/home/runner/.m2/repository/org/apache/maven/wagon/wagon-http-shared/3.5.3/wagon-http-shared-3.5.3.jar:/home/runner/.m2/repository/org/codehaus/plexus/plexus-interpolation/1.26/plexus-interpolation-1.26.jar:/home/runner/.m2/repository/org/codehaus/plexus/plexus-utils/3.5.1/plexus-utils-3.5.1.jar:/home/runner/.m2/repository/org/codehaus/plexus/plexus-xml/4.0.1/plexus-xml-4.0.1.jar:/home/runner/.m2/repository/org/apache/maven/maven-xml-impl/4.0.0-alpha-5/maven-xml-impl-4.0.0-alpha-5.jar:/home/runner/.m2/repository/org/apache/maven/maven-api-xml/4.0.0-alpha-5/maven-api-xml-4.0.0-alpha-5.jar:/home/runner/.m2/repository/org/apache/maven/maven-api-meta/4.0.0-alpha-5/maven-api-meta-4.0.0-alpha-5.jar:/home/runner/.m2/repository/org/codehaus/plexus/plexus-cipher/2.0/plexus-cipher-2.0.jar:/home/runner/.m2/repository/org/codehaus/plexus/plexus-sec-dispatcher/2.0/plexus-sec-dispatcher-2.0.jar:/home/runner/.m2/repository/org/apache/maven/maven-embedder/3.9.9/maven-embedder-3.9.9.jar:/home/runner/.m2/repository/org/apache/maven/maven-core/3.9.9/maven-core-3.9.9.jar:/home/runner/.m2/repository/org/codehaus/plexus/plexus-component-annotations/2.1.0/plexus-component-annotations-2.1.0.jar:/home/runner/.m2/repository/org/apache/maven/maven-plugin-api/3.9.9/maven-plugin-api-3.9.9.jar:/home/runner/.m2/repository/org/apache/maven/shared/maven-shared-utils/3.4.2/maven-shared-utils-3.4.2.jar:/home/runner/.m2/repository/com/google/inject/guice/5.1.0/guice-5.1.0.jar:/home/runner/.m2/repository/aopalliance/aopalliance/1.0/aopalliance-1.0.jar:/home/runner/.m2/repository/org/codehaus/plexus/plexus-classworlds/2.6.0/plexus-classworlds-2.6.0.jar:/home/runner/.m2/repository/commons-cli/commons-cli/1.8.0/commons-cli-1.8.0.jar:/home/runner/.m2/repository/org/eclipse/sisu/org.eclipse.sisu.plexus/0.9.0.M3/org.eclipse.sisu.plexus-0.9.0.M3.jar:/home/runner/.m2/repository/org/apache/maven/maven-settings-builder/3.9.9/maven-settings-builder-3.9.9.jar:/home/runner/.m2/repository/org/apache/maven/maven-resolver-provider/3.9.9/maven-resolver-provider-3.9.9.jar:/home/runner/.m2/repository/org/apache/maven/resolver/maven-resolver-connector-basic/1.9.22/maven-resolver-connector-basic-1.9.22.jar:/home/runner/.m2/repository/org/apache/maven/resolver/maven-resolver-transport-wagon/1.9.22/maven-resolver-transport-wagon-1.9.22.jar:/home/runner/.m2/repository/org/apache/maven/wagon/wagon-http/3.5.3/wagon-http-3.5.3.jar:/home/runner/.m2/repository/org/apache/maven/wagon/wagon-file/3.5.3/wagon-file-3.5.3.jar:/home/runner/.m2/repository/io/quarkus/quarkus-bootstrap-gradle-resolver/3.20.2/quarkus-bootstrap-gradle-resolver-3.20.2.jar:/home/runner/.m2/repository/io/smallrye/jandex/3.3.0/jandex-3.3.0.jar:/home/runner/.m2/repository/org/jboss/logging/commons-logging-jboss-logging/1.0.0.Final/commons-logging-jboss-logging-1.0.0.Final.jar:/home/runner/.m2/repository/io/quarkus/quarkus-junit5-config/3.20.2/quarkus-junit5-config-3.20.2.jar:/home/runner/.m2/repository/org/junit/jupiter/junit-jupiter-api/5.12.1/junit-jupiter-api-5.12.1.jar:/home/runner/.m2/repository/io/smallrye/config/smallrye-config/3.11.4/smallrye-config-3.11.4.jar:/home/runner/.m2/repository/io/smallrye/config/smallrye-config-core/3.11.4/smallrye-config-core-3.11.4.jar:/home/runner/.m2/repository/io/smallrye/common/smallrye-common-classloader/2.12.0/smallrye-common-classloader-2.12.0.jar:/home/runner/.m2/repository/io/smallrye/config/smallrye-config-common/3.11.4/smallrye-config-common-3.11.4.jar:/home/runner/.m2/repository/org/junit/jupiter/junit-jupiter/5.12.1/junit-jupiter-5.12.1.jar:/home/runner/.m2/repository/org/junit/jupiter/junit-jupiter-params/5.12.1/junit-jupiter-params-5.12.1.jar:/home/runner/.m2/repository/org/junit/jupiter/junit-jupiter-engine/5.12.1/junit-jupiter-engine-5.12.1.jar:/home/runner/.m2/repository/io/quarkus/quarkus-core/3.20.2/quarkus-core-3.20.2.jar:/home/runner/.m2/repository/jakarta/enterprise/jakarta.enterprise.cdi-api/4.1.0/jakarta.enterprise.cdi-api-4.1.0.jar:/home/runner/.m2/repository/jakarta/enterprise/jakarta.enterprise.lang-model/4.1.0/jakarta.enterprise.lang-model-4.1.0.jar:/home/runner/.m2/repository/jakarta/el/jakarta.el-api/5.0.1/jakarta.el-api-5.0.1.jar:/home/runner/.m2/repository/jakarta/interceptor/jakarta.interceptor-api/2.2.0/jakarta.interceptor-api-2.2.0.jar:/home/runner/.m2/repository/jakarta/inject/jakarta.inject-api/2.0.1/jakarta.inject-api-2.0.1.jar:/home/runner/.m2/repository/io/smallrye/common/smallrye-common-os/2.12.0/smallrye-common-os-2.12.0.jar:/home/runner/.m2/repository/io/quarkus/quarkus-ide-launcher/3.20.2/quarkus-ide-launcher-3.20.2.jar:/home/runner/.m2/repository/io/quarkus/quarkus-development-mode-spi/3.20.2/quarkus-development-mode-spi-3.20.2.jar:/home/runner/.m2/repository/org/jboss/logging/jboss-logging/3.6.1.Final/jboss-logging-3.6.1.Final.jar:/home/runner/.m2/repository/org/jboss/logmanager/jboss-logmanager/3.1.2.Final/jboss-logmanager-3.1.2.Final.jar:/home/runner/.m2/repository/io/smallrye/common/smallrye-common-constraint/2.12.0/smallrye-common-constraint-2.12.0.jar:/home/runner/.m2/repository/io/smallrye/common/smallrye-common-cpu/2.12.0/smallrye-common-cpu-2.12.0.jar:/home/runner/.m2/repository/io/smallrye/common/smallrye-common-expression/2.12.0/smallrye-common-expression-2.12.0.jar:/home/runner/.m2/repository/io/smallrye/common/smallrye-common-net/2.12.0/smallrye-common-net-2.12.0.jar:/home/runner/.m2/repository/io/smallrye/common/smallrye-common-ref/2.12.0/smallrye-common-ref-2.12.0.jar:/home/runner/.m2/repository/jakarta/json/jakarta.json-api/2.1.3/jakarta.json-api-2.1.3.jar:/home/runner/.m2/repository/org/eclipse/parsson/parsson/1.1.7/parsson-1.1.7.jar:/home/runner/.m2/repository/org/jboss/logging/jboss-logging-annotations/3.0.4.Final/jboss-logging-annotations-3.0.4.Final.jar:/home/runner/.m2/repository/org/jboss/threads/jboss-threads/3.8.0.Final/jboss-threads-3.8.0.Final.jar:/home/runner/.m2/repository/io/smallrye/common/smallrye-common-annotation/2.12.0/smallrye-common-annotation-2.12.0.jar:/home/runner/.m2/repository/io/smallrye/common/smallrye-common-function/2.12.0/smallrye-common-function-2.12.0.jar:/home/runner/.m2/repository/org/jboss/slf4j/slf4j-jboss-logmanager/2.0.0.Final/slf4j-jboss-logmanager-2.0.0.Final.jar:/home/runner/.m2/repository/org/wildfly/common/wildfly-common/2.0.1/wildfly-common-2.0.1.jar:/home/runner/.m2/repository/io/quarkus/quarkus-bootstrap-runner/3.20.2/quarkus-bootstrap-runner-3.20.2.jar:/home/runner/.m2/repository/io/github/crac/org-crac/0.1.3/org-crac-0.1.3.jar:/home/runner/.m2/repository/io/quarkus/quarkus-fs-util/0.0.10/quarkus-fs-util-0.0.10.jar:/home/runner/.m2/repository/org/jboss/marshalling/jboss-marshalling/2.2.2.Final/jboss-marshalling-2.2.2.Final.jar:/home/runner/.m2/repository/io/fabric8/kubernetes-client/7.1.0/kubernetes-client-7.1.0.jar:/home/runner/.m2/repository/io/fabric8/kubernetes-client-api/7.1.0/kubernetes-client-api-7.1.0.jar:/home/runner/.m2/repository/io/fabric8/kubernetes-model-core/7.1.0/kubernetes-model-core-7.1.0.jar:/home/runner/.m2/repository/io/fabric8/kubernetes-model-common/7.1.0/kubernetes-model-common-7.1.0.jar:/home/runner/.m2/repository/javax/annotation/javax.annotation-api/1.3.2/javax.annotation-api-1.3.2.jar:/home/runner/.m2/repository/io/fabric8/kubernetes-model-gatewayapi/7.1.0/kubernetes-model-gatewayapi-7.1.0.jar:/home/runner/.m2/repository/io/fabric8/kubernetes-model-resource/7.1.0/kubernetes-model-resource-7.1.0.jar:/home/runner/.m2/repository/io/fabric8/kubernetes-model-rbac/7.1.0/kubernetes-model-rbac-7.1.0.jar:/home/runner/.m2/repository/io/fabric8/kubernetes-model-admissionregistration/7.1.0/kubernetes-model-admissionregistration-7.1.0.jar:/home/runner/.m2/repository/io/fabric8/kubernetes-model-apps/7.1.0/kubernetes-model-apps-7.1.0.jar:/home/runner/.m2/repository/io/fabric8/kubernetes-model-autoscaling/7.1.0/kubernetes-model-autoscaling-7.1.0.jar:/home/runner/.m2/repository/io/fabric8/kubernetes-model-apiextensions/7.1.0/kubernetes-model-apiextensions-7.1.0.jar:/home/runner/.m2/repository/io/fabric8/kubernetes-model-batch/7.1.0/kubernetes-model-batch-7.1.0.jar:/home/runner/.m2/repository/io/fabric8/kubernetes-model-certificates/7.1.0/kubernetes-model-certificates-7.1.0.jar:/home/runner/.m2/repository/io/fabric8/kubernetes-model-coordination/7.1.0/kubernetes-model-coordination-7.1.0.jar:/home/runner/.m2/repository/io/fabric8/kubernetes-model-discovery/7.1.0/kubernetes-model-discovery-7.1.0.jar:/home/runner/.m2/repository/io/fabric8/kubernetes-model-events/7.1.0/kubernetes-model-events-7.1.0.jar:/home/runner/.m2/repository/io/fabric8/kubernetes-model-extensions/7.1.0/kubernetes-model-extensions-7.1.0.jar:/home/runner/.m2/repository/io/fabric8/kubernetes-model-flowcontrol/7.1.0/kubernetes-model-flowcontrol-7.1.0.jar:/home/runner/.m2/repository/io/fabric8/kubernetes-model-networking/7.1.0/kubernetes-model-networking-7.1.0.jar:/home/runner/.m2/repository/io/fabric8/kubernetes-model-metrics/7.1.0/kubernetes-model-metrics-7.1.0.jar:/home/runner/.m2/repository/io/fabric8/kubernetes-model-policy/7.1.0/kubernetes-model-policy-7.1.0.jar:/home/runner/.m2/repository/io/fabric8/kubernetes-model-scheduling/7.1.0/kubernetes-model-scheduling-7.1.0.jar:/home/runner/.m2/repository/io/fabric8/kubernetes-model-storageclass/7.1.0/kubernetes-model-storageclass-7.1.0.jar:/home/runner/.m2/repository/io/fabric8/kubernetes-model-node/7.1.0/kubernetes-model-node-7.1.0.jar:/home/runner/.m2/repository/org/snakeyaml/snakeyaml-engine/2.9/snakeyaml-engine-2.9.jar:/home/runner/.m2/repository/com/fasterxml/jackson/dataformat/jackson-dataformat-yaml/2.18.2/jackson-dataformat-yaml-2.18.2.jar:/home/runner/.m2/repository/com/fasterxml/jackson/datatype/jackson-datatype-jsr310/2.18.2/jackson-datatype-jsr310-2.18.2.jar:/home/runner/.m2/repository/io/fabric8/zjsonpatch/7.1.0/zjsonpatch-7.1.0.jar:/home/runner/.m2/repository/io/fabric8/kubernetes-httpclient-vertx/7.1.0/kubernetes-httpclient-vertx-7.1.0.jar:/home/runner/.m2/repository/io/vertx/vertx-web-client/4.5.16/vertx-web-client-4.5.16.jar:/home/runner/.m2/repository/io/vertx/vertx-web-common/4.5.16/vertx-web-common-4.5.16.jar:/home/runner/.m2/repository/io/vertx/vertx-auth-common/4.5.16/vertx-auth-common-4.5.16.jar:/home/runner/.m2/repository/io/vertx/vertx-uri-template/4.5.16/vertx-uri-template-4.5.16.jar:/home/runner/.m2/repository/io/fabric8/openshift-client/7.1.0/openshift-client-7.1.0.jar:/home/runner/.m2/repository/io/fabric8/openshift-client-api/7.1.0/openshift-client-api-7.1.0.jar:/home/runner/.m2/repository/io/fabric8/openshift-model/7.1.0/openshift-model-7.1.0.jar:/home/runner/.m2/repository/io/fabric8/openshift-model-autoscaling/7.1.0/openshift-model-autoscaling-7.1.0.jar:/home/runner/.m2/repository/io/fabric8/openshift-model-operator/7.1.0/openshift-model-operator-7.1.0.jar:/home/runner/.m2/repository/io/fabric8/openshift-model-operatorhub/7.1.0/openshift-model-operatorhub-7.1.0.jar:/home/runner/.m2/repository/io/fabric8/openshift-model-machine/7.1.0/openshift-model-machine-7.1.0.jar:/home/runner/.m2/repository/io/fabric8/openshift-model-whereabouts/7.1.0/openshift-model-whereabouts-7.1.0.jar:/home/runner/.m2/repository/io/fabric8/openshift-model-monitoring/7.1.0/openshift-model-monitoring-7.1.0.jar:/home/runner/.m2/repository/io/fabric8/openshift-model-storageversionmigrator/7.1.0/openshift-model-storageversionmigrator-7.1.0.jar:/home/runner/.m2/repository/io/fabric8/openshift-model-tuned/7.1.0/openshift-model-tuned-7.1.0.jar:/home/runner/.m2/repository/io/fabric8/openshift-model-console/7.1.0/openshift-model-console-7.1.0.jar:/home/runner/.m2/repository/io/fabric8/openshift-model-config/7.1.0/openshift-model-config-7.1.0.jar:/home/runner/.m2/repository/io/fabric8/openshift-model-machineconfiguration/7.1.0/openshift-model-machineconfiguration-7.1.0.jar:/home/runner/.m2/repository/io/fabric8/openshift-model-miscellaneous/7.1.0/openshift-model-miscellaneous-7.1.0.jar:/home/runner/.m2/repository/io/fabric8/openshift-model-hive/7.1.0/openshift-model-hive-7.1.0.jar:/home/runner/.m2/repository/io/fabric8/openshift-model-installer/7.1.0/openshift-model-installer-7.1.0.jar:/home/runner/.m2/repository/org/junit/platform/junit-platform-launcher/1.12.1/junit-platform-launcher-1.12.1.jar:/home/runner/.m2/repository/org/junit/platform/junit-platform-engine/1.12.1/junit-platform-engine-1.12.1.jar:/home/runner/.m2/repository/org/opentest4j/opentest4j/1.3.0/opentest4j-1.3.0.jar:/home/runner/.m2/repository/org/junit/platform/junit-platform-commons/1.12.1/junit-platform-commons-1.12.1.jar:/home/runner/.m2/repository/org/apiguardian/apiguardian-api/1.1.2/apiguardian-api-1.1.2.jar:/home/runner/.m2/repository/jakarta/ws/rs/jakarta.ws.rs-api/3.1.0/jakarta.ws.rs-api-3.1.0.jar:/home/runner/work/apicurio-testing/apicurio-testing/clusters/ci419/namespaces/mysql/tests/integration/apicurio-registry/java-sdk/target/apicurio-registry-java-sdk-3.0.15.jar:/home/runner/.m2/repository/com/microsoft/kiota/microsoft-kiota-abstractions/1.8.10/microsoft-kiota-abstractions-1.8.10.jar:/home/runner/.m2/repository/io/github/std-uritemplate/std-uritemplate/2.0.0/std-uritemplate-2.0.0.jar:/home/runner/.m2/repository/io/kiota/kiota-http-jdk/0.0.29/kiota-http-jdk-0.0.29.jar:/home/runner/.m2/repository/io/kiota/kiota-http-vertx/0.0.29/kiota-http-vertx-0.0.29.jar:/home/runner/.m2/repository/io/kiota/kiota-serialization-jackson/0.0.29/kiota-serialization-jackson-0.0.29.jar:/home/runner/.m2/repository/com/microsoft/kiota/microsoft-kiota-serialization-text/1.8.10/microsoft-kiota-serialization-text-1.8.10.jar:/home/runner/.m2/repository/com/microsoft/kiota/microsoft-kiota-serialization-form/1.8.10/microsoft-kiota-serialization-form-1.8.10.jar:/home/runner/.m2/repository/com/microsoft/kiota/microsoft-kiota-serialization-multipart/1.8.10/microsoft-kiota-serialization-multipart-1.8.10.jar:/home/runner/.m2/repository/jakarta/annotation/jakarta.annotation-api/3.0.0/jakarta.annotation-api-3.0.0.jar:/home/runner/.m2/repository/io/vertx/vertx-auth-oauth2/4.5.16/vertx-auth-oauth2-4.5.16.jar:/home/runner/work/apicurio-testing/apicurio-testing/clusters/ci419/namespaces/mysql/tests/integration/apicurio-registry/java-sdk-v2/target/apicurio-registry-v2-java-sdk-3.0.15.jar:/home/runner/work/apicurio-testing/apicurio-testing/clusters/ci419/namespaces/mysql/tests/integration/apicurio-registry/utils/kafka/target/apicurio-registry-utils-kafka-3.0.15-tests.jar:/home/runner/.m2/repository/org/eclipse/microprofile/config/microprofile-config-api/3.1/microprofile-config-api-3.1.jar:/home/runner/.m2/repository/org/apache/kafka/kafka-clients/3.9.1/kafka-clients-3.9.1.jar:/home/runner/.m2/repository/com/github/luben/zstd-jni/1.5.6-4/zstd-jni-1.5.6-4.jar:/home/runner/.m2/repository/org/lz4/lz4-java/1.8.0/lz4-java-1.8.0.jar:/home/runner/.m2/repository/org/xerial/snappy/snappy-java/1.1.10.5/snappy-java-1.1.10.5.jar:/home/runner/.m2/repository/org/slf4j/slf4j-api/2.0.6/slf4j-api-2.0.6.jar:/home/runner/work/apicurio-testing/apicurio-testing/clusters/ci419/namespaces/mysql/tests/integration/apicurio-registry/utils/tests/target/apicurio-registry-utils-tests-3.0.15.jar:/home/runner/work/apicurio-testing/apicurio-testing/clusters/ci419/namespaces/mysql/tests/integration/apicurio-registry/common/target/apicurio-registry-common-3.0.15.jar:/home/runner/.m2/repository/jakarta/validation/jakarta.validation-api/3.0.2/jakarta.validation-api-3.0.2.jar:/home/runner/.m2/repository/com/github/dasniko/testcontainers-keycloak/3.8.0/testcontainers-keycloak-3.8.0.jar:/home/runner/.m2/repository/org/testcontainers/testcontainers/1.20.6/testcontainers-1.20.6.jar:/home/runner/.m2/repository/org/rnorth/duct-tape/duct-tape/1.0.8/duct-tape-1.0.8.jar:/home/runner/.m2/repository/com/github/docker-java/docker-java-transport-zerodep/3.4.1/docker-java-transport-zerodep-3.4.1.jar:/home/runner/.m2/repository/com/github/docker-java/docker-java-transport/3.4.1/docker-java-transport-3.4.1.jar:/home/runner/.m2/repository/net/java/dev/jna/jna/5.8.0/jna-5.8.0.jar:/home/runner/.m2/repository/io/quarkus/quarkus-junit4-mock/3.20.2/quarkus-junit4-mock-3.20.2.jar:/home/runner/.m2/repository/org/jboss/shrinkwrap/shrinkwrap-api/2.0.0-beta-2/shrinkwrap-api-2.0.0-beta-2.jar:/home/runner/.m2/repository/org/jboss/shrinkwrap/shrinkwrap-impl-base/2.0.0-beta-2/shrinkwrap-impl-base-2.0.0-beta-2.jar:/home/runner/.m2/repository/org/jboss/shrinkwrap/shrinkwrap-spi/2.0.0-beta-2/shrinkwrap-spi-2.0.0-beta-2.jar:/home/runner/.m2/repository/org/keycloak/keycloak-admin-client/26.0.4/keycloak-admin-client-26.0.4.jar:/home/runner/.m2/repository/org/keycloak/keycloak-client-common-synced/26.0.4/keycloak-client-common-synced-26.0.4.jar:/home/runner/.m2/repository/jakarta/activation/jakarta.activation-api/2.1.3/jakarta.activation-api-2.1.3.jar:/home/runner/.m2/repository/org/eclipse/microprofile/openapi/microprofile-openapi-api/4.0.2/microprofile-openapi-api-4.0.2.jar:/home/runner/.m2/repository/org/jboss/resteasy/resteasy-client/6.2.12.Final/resteasy-client-6.2.12.Final.jar:/home/runner/.m2/repository/org/jboss/resteasy/resteasy-client-api/6.2.12.Final/resteasy-client-api-6.2.12.Final.jar:/home/runner/.m2/repository/org/jboss/resteasy/resteasy-core-spi/6.2.12.Final/resteasy-core-spi-6.2.12.Final.jar:/home/runner/.m2/repository/org/jboss/resteasy/resteasy-core/6.2.12.Final/resteasy-core-6.2.12.Final.jar:/home/runner/.m2/repository/org/eclipse/angus/angus-activation/2.0.2/angus-activation-2.0.2.jar:/home/runner/.m2/repository/com/ibm/async/asyncutil/0.1.0/asyncutil-0.1.0.jar:/home/runner/.m2/repository/org/reactivestreams/reactive-streams/1.0.4/reactive-streams-1.0.4.jar:/home/runner/.m2/repository/org/jboss/resteasy/resteasy-multipart-provider/6.2.12.Final/resteasy-multipart-provider-6.2.12.Final.jar:/home/runner/.m2/repository/jakarta/mail/jakarta.mail-api/2.1.3/jakarta.mail-api-2.1.3.jar:/home/runner/.m2/repository/org/eclipse/angus/angus-mail/2.0.3/angus-mail-2.0.3.jar:/home/runner/.m2/repository/org/apache/james/apache-mime4j-dom/0.8.12/apache-mime4j-dom-0.8.12.jar:/home/runner/.m2/repository/org/apache/james/apache-mime4j-core/0.8.12/apache-mime4j-core-0.8.12.jar:/home/runner/.m2/repository/org/apache/james/apache-mime4j-storage/0.8.12/apache-mime4j-storage-0.8.12.jar:/home/runner/.m2/repository/org/jboss/resteasy/resteasy-jackson2-provider/6.2.12.Final/resteasy-jackson2-provider-6.2.12.Final.jar:/home/runner/.m2/repository/com/fasterxml/jackson/jakarta/rs/jackson-jakarta-rs-base/2.18.2/jackson-jakarta-rs-base-2.18.2.jar:/home/runner/.m2/repository/com/fasterxml/jackson/jakarta/rs/jackson-jakarta-rs-json-provider/2.18.2/jackson-jakarta-rs-json-provider-2.18.2.jar:/home/runner/.m2/repository/com/fasterxml/jackson/module/jackson-module-jakarta-xmlbind-annotations/2.18.2/jackson-module-jakarta-xmlbind-annotations-2.18.2.jar:/home/runner/.m2/repository/com/github/java-json-tools/json-patch/1.13/json-patch-1.13.jar:/home/runner/.m2/repository/com/github/java-json-tools/msg-simple/1.2/msg-simple-1.2.jar:/home/runner/.m2/repository/com/github/java-json-tools/btf/1.3/btf-1.3.jar:/home/runner/.m2/repository/com/github/java-json-tools/jackson-coreutils/2.0/jackson-coreutils-2.0.jar:/home/runner/.m2/repository/org/jboss/resteasy/resteasy-jaxb-provider/6.2.12.Final/resteasy-jaxb-provider-6.2.12.Final.jar:/home/runner/.m2/repository/org/glassfish/jaxb/codemodel/4.0.5/codemodel-4.0.5.jar:/home/runner/.m2/repository/org/glassfish/jaxb/jaxb-core/4.0.5/jaxb-core-4.0.5.jar:/home/runner/.m2/repository/org/glassfish/jaxb/jaxb-jxc/4.0.5/jaxb-jxc-4.0.5.jar:/home/runner/.m2/repository/org/glassfish/jaxb/jaxb-runtime/4.0.5/jaxb-runtime-4.0.5.jar:/home/runner/.m2/repository/org/glassfish/jaxb/txw2/4.0.5/txw2-4.0.5.jar:/home/runner/.m2/repository/org/glassfish/jaxb/jaxb-xjc/4.0.5/jaxb-xjc-4.0.5.jar:/home/runner/.m2/repository/org/glassfish/jaxb/xsom/4.0.5/xsom-4.0.5.jar:/home/runner/.m2/repository/com/sun/istack/istack-commons-runtime/4.1.2/istack-commons-runtime-4.1.2.jar:/home/runner/.m2/repository/com/sun/istack/istack-commons-tools/4.1.2/istack-commons-tools-4.1.2.jar:/home/runner/.m2/repository/com/sun/xml/bind/external/relaxng-datatype/4.0.5/relaxng-datatype-4.0.5.jar:/home/runner/.m2/repository/com/sun/xml/bind/external/rngom/4.0.5/rngom-4.0.5.jar:/home/runner/.m2/repository/org/testcontainers/mssqlserver/1.20.6/mssqlserver-1.20.6.jar:/home/runner/.m2/repository/org/testcontainers/jdbc/1.20.6/jdbc-1.20.6.jar:/home/runner/.m2/repository/org/testcontainers/database-commons/1.20.6/database-commons-1.20.6.jar:/home/runner/.m2/repository/org/testcontainers/mysql/1.20.6/mysql-1.20.6.jar:/home/runner/.m2/repository/io/strimzi/strimzi-test-container/0.112.0/strimzi-test-container-0.112.0.jar:/home/runner/.m2/repository/org/testcontainers/toxiproxy/1.20.6/toxiproxy-1.20.6.jar:/home/runner/.m2/repository/com/github/docker-java/docker-java-api/3.4.1/docker-java-api-3.4.1.jar:/home/runner/.m2/repository/org/apache/logging/log4j/log4j-slf4j-impl/2.19.0/log4j-slf4j-impl-2.19.0.jar:/home/runner/.m2/repository/org/apache/logging/log4j/log4j-api/2.24.3/log4j-api-2.24.3.jar:/home/runner/.m2/repository/org/apache/logging/log4j/log4j-core/2.19.0/log4j-core-2.19.0.jar:/home/runner/.m2/repository/eu/rekawek/toxiproxy/toxiproxy-java/2.1.7/toxiproxy-java-2.1.7.jar:/home/runner/.m2/repository/org/testcontainers/pulsar/1.21.3/pulsar-1.21.3.jar:/home/runner/.m2/repository/io/debezium/debezium-testing-testcontainers/2.7.4.Final/debezium-testing-testcontainers-2.7.4.Final.jar:/home/runner/.m2/repository/org/testcontainers/kafka/1.20.6/kafka-1.20.6.jar:/home/runner/.m2/repository/com/squareup/okhttp3/okhttp/4.8.1/okhttp-4.8.1.jar:/home/runner/.m2/repository/com/squareup/okio/okio/3.10.2/okio-3.10.2.jar:/home/runner/.m2/repository/com/squareup/okio/okio-jvm/3.10.2/okio-jvm-3.10.2.jar:/home/runner/.m2/repository/org/jetbrains/kotlin/kotlin-stdlib/2.0.21/kotlin-stdlib-2.0.21.jar:/home/runner/.m2/repository/org/awaitility/awaitility/4.3.0/awaitility-4.3.0.jar:/home/runner/.m2/repository/org/testcontainers/mongodb/1.20.6/mongodb-1.20.6.jar:/home/runner/.m2/repository/org/testcontainers/mariadb/1.20.6/mariadb-1.20.6.jar:/home/runner/.m2/repository/org/testcontainers/oracle-xe/1.20.6/oracle-xe-1.20.6.jar:/home/runner/.m2/repository/org/testcontainers/postgresql/1.20.6/postgresql-1.20.6.jar:/home/runner/.m2/repository/org/wiremock/wiremock/3.0.1/wiremock-3.0.1.jar:/home/runner/.m2/repository/org/eclipse/jetty/jetty-server/11.0.15/jetty-server-11.0.15.jar:/home/runner/.m2/repository/org/eclipse/jetty/toolchain/jetty-jakarta-servlet-api/5.0.2/jetty-jakarta-servlet-api-5.0.2.jar:/home/runner/.m2/repository/org/eclipse/jetty/jetty-http/11.0.15/jetty-http-11.0.15.jar:/home/runner/.m2/repository/org/eclipse/jetty/jetty-io/11.0.15/jetty-io-11.0.15.jar:/home/runner/.m2/repository/org/eclipse/jetty/jetty-servlet/11.0.15/jetty-servlet-11.0.15.jar:/home/runner/.m2/repository/org/eclipse/jetty/jetty-security/11.0.15/jetty-security-11.0.15.jar:/home/runner/.m2/repository/org/eclipse/jetty/jetty-servlets/11.0.15/jetty-servlets-11.0.15.jar:/home/runner/.m2/repository/org/eclipse/jetty/jetty-util/11.0.15/jetty-util-11.0.15.jar:/home/runner/.m2/repository/org/eclipse/jetty/jetty-webapp/11.0.15/jetty-webapp-11.0.15.jar:/home/runner/.m2/repository/org/eclipse/jetty/jetty-xml/11.0.15/jetty-xml-11.0.15.jar:/home/runner/.m2/repository/org/eclipse/jetty/jetty-proxy/11.0.15/jetty-proxy-11.0.15.jar:/home/runner/.m2/repository/org/eclipse/jetty/jetty-client/11.0.15/jetty-client-11.0.15.jar:/home/runner/.m2/repository/org/eclipse/jetty/http2/http2-server/11.0.15/http2-server-11.0.15.jar:/home/runner/.m2/repository/org/eclipse/jetty/http2/http2-common/11.0.15/http2-common-11.0.15.jar:/home/runner/.m2/repository/org/eclipse/jetty/http2/http2-hpack/11.0.15/http2-hpack-11.0.15.jar:/home/runner/.m2/repository/org/eclipse/jetty/jetty-alpn-server/11.0.15/jetty-alpn-server-11.0.15.jar:/home/runner/.m2/repository/org/eclipse/jetty/jetty-alpn-java-server/11.0.15/jetty-alpn-java-server-11.0.15.jar:/home/runner/.m2/repository/org/eclipse/jetty/jetty-alpn-java-client/11.0.15/jetty-alpn-java-client-11.0.15.jar:/home/runner/.m2/repository/org/eclipse/jetty/jetty-alpn-client/11.0.15/jetty-alpn-client-11.0.15.jar:/home/runner/.m2/repository/org/apache/httpcomponents/client5/httpclient5/5.2.1/httpclient5-5.2.1.jar:/home/runner/.m2/repository/org/apache/httpcomponents/core5/httpcore5/5.2/httpcore5-5.2.jar:/home/runner/.m2/repository/org/apache/httpcomponents/core5/httpcore5-h2/5.2/httpcore5-h2-5.2.jar:/home/runner/.m2/repository/org/xmlunit/xmlunit-core/2.9.1/xmlunit-core-2.9.1.jar:/home/runner/.m2/repository/jakarta/xml/bind/jakarta.xml.bind-api/4.0.2/jakarta.xml.bind-api-4.0.2.jar:/home/runner/.m2/repository/org/xmlunit/xmlunit-legacy/2.9.1/xmlunit-legacy-2.9.1.jar:/home/runner/.m2/repository/org/xmlunit/xmlunit-placeholders/2.9.1/xmlunit-placeholders-2.9.1.jar:/home/runner/.m2/repository/net/javacrumbs/json-unit/json-unit-core/2.38.0/json-unit-core-2.38.0.jar:/home/runner/.m2/repository/org/hamcrest/hamcrest-core/2.2/hamcrest-core-2.2.jar:/home/runner/.m2/repository/com/jayway/jsonpath/json-path/2.8.0/json-path-2.8.0.jar:/home/runner/.m2/repository/net/minidev/json-smart/2.4.10/json-smart-2.4.10.jar:/home/runner/.m2/repository/net/minidev/accessors-smart/2.4.9/accessors-smart-2.4.9.jar:/home/runner/.m2/repository/org/ow2/asm/asm/9.7.1/asm-9.7.1.jar:/home/runner/.m2/repository/net/sf/jopt-simple/jopt-simple/5.0.4/jopt-simple-5.0.4.jar:/home/runner/.m2/repository/com/github/jknack/handlebars/4.3.1/handlebars-4.3.1.jar:/home/runner/.m2/repository/com/github/jknack/handlebars-helpers/4.3.1/handlebars-helpers-4.3.1.jar:/home/runner/.m2/repository/commons-fileupload/commons-fileupload/1.5/commons-fileupload-1.5.jar:/home/runner/.m2/repository/com/networknt/json-schema-validator/1.5.8/json-schema-validator-1.5.8.jar:/home/runner/.m2/repository/com/ethlo/time/itu/1.10.3/itu-1.10.3.jar:/home/runner/.m2/repository/io/quarkus/quarkus-smallrye-jwt-build/3.20.2/quarkus-smallrye-jwt-build-3.20.2.jar:/home/runner/.m2/repository/io/smallrye/smallrye-jwt-build/4.6.2/smallrye-jwt-build-4.6.2.jar:/home/runner/.m2/repository/org/eclipse/microprofile/jwt/microprofile-jwt-auth-api/2.1/microprofile-jwt-auth-api-2.1.jar:/home/runner/.m2/repository/org/bitbucket/b_c/jose4j/0.9.6/jose4j-0.9.6.jar:/home/runner/.m2/repository/io/smallrye/smallrye-jwt-common/4.6.2/smallrye-jwt-common-4.6.2.jar:/home/runner/.m2/repository/io/quarkus/quarkus-jsonp/3.20.2/quarkus-jsonp-3.20.2.jar:/home/runner/.m2/repository/io/quarkus/quarkus-arc/3.20.2/quarkus-arc-3.20.2.jar:/home/runner/.m2/repository/io/quarkus/arc/arc/3.20.2/arc-3.20.2.jar:/home/runner/.m2/repository/jakarta/transaction/jakarta.transaction-api/2.0.1/jakarta.transaction-api-2.0.1.jar:/home/runner/.m2/repository/io/smallrye/reactive/mutiny/2.9.2/mutiny-2.9.2.jar:/home/runner/.m2/repository/org/jctools/jctools-core/4.0.5/jctools-core-4.0.5.jar:/home/runner/.m2/repository/org/eclipse/microprofile/context-propagation/microprofile-context-propagation-api/1.3/microprofile-context-propagation-api-1.3.jar:/home/runner/.m2/repository/io/apicurio/apicurio-common-rest-client-common/0.1.18.Final/apicurio-common-rest-client-common-0.1.18.Final.jar:/home/runner/work/apicurio-testing/apicurio-testing/clusters/ci419/namespaces/mysql/tests/integration/apicurio-registry/utils/maven-plugin/target/apicurio-registry-maven-plugin-3.0.15.jar:/home/runner/.m2/repository/com/fasterxml/jackson/core/jackson-databind/2.18.2/jackson-databind-2.18.2.jar:/home/runner/.m2/repository/org/apache/avro/avro/1.12.0/avro-1.12.0.jar:/home/runner/.m2/repository/com/google/protobuf/protobuf-java/4.32.1/protobuf-java-4.32.1.jar:/home/runner/.m2/repository/com/google/protobuf/protobuf-java-util/4.32.1/protobuf-java-util-4.32.1.jar:/home/runner/.m2/repository/com/google/code/findbugs/jsr305/3.0.2/jsr305-3.0.2.jar:/home/runner/.m2/repository/com/google/code/gson/gson/2.12.1/gson-2.12.1.jar:/home/runner/.m2/repository/com/google/errorprone/error_prone_annotations/2.36.0/error_prone_annotations-2.36.0.jar:/home/runner/.m2/repository/com/google/j2objc/j2objc-annotations/2.8/j2objc-annotations-2.8.jar:/home/runner/work/apicurio-testing/apicurio-testing/clusters/ci419/namespaces/mysql/tests/integration/apicurio-registry/schema-util/util-provider/target/apicurio-registry-schema-util-provider-3.0.15.jar:/home/runner/work/apicurio-testing/apicurio-testing/clusters/ci419/namespaces/mysql/tests/integration/apicurio-registry/schema-util/common/target/apicurio-registry-schema-util-common-3.0.15.jar:/home/runner/.m2/repository/com/fasterxml/jackson/module/jackson-module-parameter-names/2.18.2/jackson-module-parameter-names-2.18.2.jar:/home/runner/.m2/repository/com/fasterxml/jackson/datatype/jackson-datatype-json-org/2.18.2/jackson-datatype-json-org-2.18.2.jar:/home/runner/work/apicurio-testing/apicurio-testing/clusters/ci419/namespaces/mysql/tests/integration/apicurio-registry/schema-util/json/target/apicurio-registry-schema-util-json-3.0.15.jar:/home/runner/.m2/repository/com/github/erosb/everit-json-schema/1.14.5/everit-json-schema-1.14.5.jar:/home/runner/.m2/repository/commons-validator/commons-validator/1.9.0/commons-validator-1.9.0.jar:/home/runner/.m2/repository/commons-digester/commons-digester/2.1/commons-digester-2.1.jar:/home/runner/.m2/repository/commons-collections/commons-collections/3.2.2/commons-collections-3.2.2.jar:/home/runner/.m2/repository/com/damnhandy/handy-uri-templates/2.1.8/handy-uri-templates-2.1.8.jar:/home/runner/.m2/repository/joda-time/joda-time/2.10.2/joda-time-2.10.2.jar:/home/runner/.m2/repository/com/github/erosb/json-sKema/0.20.0/json-sKema-0.20.0.jar:/home/runner/.m2/repository/io/vertx/vertx-json-schema/4.5.16/vertx-json-schema-4.5.16.jar:/home/runner/work/apicurio-testing/apicurio-testing/clusters/ci419/namespaces/mysql/tests/integration/apicurio-registry/schema-util/protobuf/target/apicurio-registry-schema-util-protobuf-3.0.15.jar:/home/runner/work/apicurio-testing/apicurio-testing/clusters/ci419/namespaces/mysql/tests/integration/apicurio-registry/utils/protobuf-schema-utilities/target/apicurio-registry-protobuf-schema-utilities-3.0.15.jar:/home/runner/.m2/repository/com/google/api/grpc/proto-google-common-protos/2.52.0/proto-google-common-protos-2.52.0.jar:/home/runner/.m2/repository/com/squareup/wire/wire-schema-jvm/5.3.3/wire-schema-jvm-5.3.3.jar:/home/runner/.m2/repository/com/palantir/javapoet/javapoet/0.6.0/javapoet-0.6.0.jar:/home/runner/.m2/repository/com/squareup/kotlinpoet-jvm/2.0.0/kotlinpoet-jvm-2.0.0.jar:/home/runner/.m2/repository/org/jetbrains/kotlin/kotlin-reflect/2.0.21/kotlin-reflect-2.0.21.jar:/home/runner/.m2/repository/com/squareup/wire/wire-runtime-jvm/5.3.3/wire-runtime-jvm-5.3.3.jar:/home/runner/.m2/repository/com/ibm/icu/icu4j/76.1/icu4j-76.1.jar:/home/runner/.m2/repository/com/squareup/okio/okio-fakefilesystem/3.10.2/okio-fakefilesystem-3.10.2.jar:/home/runner/.m2/repository/com/squareup/okio/okio-fakefilesystem-jvm/3.10.2/okio-fakefilesystem-jvm-3.10.2.jar:/home/runner/.m2/repository/org/jetbrains/kotlinx/kotlinx-datetime-jvm/0.6.1/kotlinx-datetime-jvm-0.6.1.jar:/home/runner/work/apicurio-testing/apicurio-testing/clusters/ci419/namespaces/mysql/tests/integration/apicurio-registry/schema-util/asyncapi/target/apicurio-registry-schema-util-asyncapi-3.0.15.jar:/home/runner/work/apicurio-testing/apicurio-testing/clusters/ci419/namespaces/mysql/tests/integration/apicurio-registry/schema-util/avro/target/apicurio-registry-schema-util-avro-3.0.15.jar:/home/runner/work/apicurio-testing/apicurio-testing/clusters/ci419/namespaces/mysql/tests/integration/apicurio-registry/schema-util/graphql/target/apicurio-registry-schema-util-graphql-3.0.15.jar:/home/runner/.m2/repository/com/graphql-java/graphql-java/22.4/graphql-java-22.4.jar:/home/runner/.m2/repository/com/graphql-java/java-dataloader/3.3.0/java-dataloader-3.3.0.jar:/home/runner/work/apicurio-testing/apicurio-testing/clusters/ci419/namespaces/mysql/tests/integration/apicurio-registry/schema-util/kconnect/target/apicurio-registry-schema-util-kconnect-3.0.15.jar:/home/runner/work/apicurio-testing/apicurio-testing/clusters/ci419/namespaces/mysql/tests/integration/apicurio-registry/schema-util/openapi/target/apicurio-registry-schema-util-openapi-3.0.15.jar:/home/runner/.m2/repository/io/apicurio/apicurio-data-models/2.2.2/apicurio-data-models-2.2.2.jar:/home/runner/.m2/repository/org/slf4j/jcl-over-slf4j/2.0.6/jcl-over-slf4j-2.0.6.jar:/home/runner/.m2/repository/org/openapitools/openapidiff/openapi-diff-core/2.1.2/openapi-diff-core-2.1.2.jar:/home/runner/.m2/repository/io/swagger/parser/v3/swagger-parser/2.1.28/swagger-parser-2.1.28.jar:/home/runner/.m2/repository/io/swagger/parser/v3/swagger-parser-v2-converter/2.1.28/swagger-parser-v2-converter-2.1.28.jar:/home/runner/.m2/repository/io/swagger/swagger-core/1.6.16/swagger-core-1.6.16.jar:/home/runner/.m2/repository/io/swagger/swagger-models/1.6.16/swagger-models-1.6.16.jar:/home/runner/.m2/repository/io/swagger/swagger-annotations/1.6.16/swagger-annotations-1.6.16.jar:/home/runner/.m2/repository/io/swagger/swagger-parser/1.0.75/swagger-parser-1.0.75.jar:/home/runner/.m2/repository/io/swagger/swagger-parser-safe-url-resolver/1.0.75/swagger-parser-safe-url-resolver-1.0.75.jar:/home/runner/.m2/repository/io/swagger/swagger-compat-spec-parser/1.0.75/swagger-compat-spec-parser-1.0.75.jar:/home/runner/.m2/repository/com/github/java-json-tools/json-schema-validator/2.2.14/json-schema-validator-2.2.14.jar:/home/runner/.m2/repository/com/github/java-json-tools/jackson-coreutils-equivalence/1.0/jackson-coreutils-equivalence-1.0.jar:/home/runner/.m2/repository/com/github/java-json-tools/json-schema-core/1.2.14/json-schema-core-1.2.14.jar:/home/runner/.m2/repository/com/github/java-json-tools/uri-template/0.10/uri-template-0.10.jar:/home/runner/.m2/repository/com/googlecode/libphonenumber/libphonenumber/8.11.1/libphonenumber-8.11.1.jar:/home/runner/.m2/repository/com/j2html/j2html/1.6.0/j2html-1.6.0.jar:/home/runner/.m2/repository/org/apache/commons/commons-collections4/4.5.0/commons-collections4-4.5.0.jar:/home/runner/.m2/repository/io/swagger/parser/v3/swagger-parser-v3/2.1.31/swagger-parser-v3-2.1.31.jar:/home/runner/.m2/repository/io/swagger/core/v3/swagger-models/2.2.34/swagger-models-2.2.34.jar:/home/runner/.m2/repository/io/swagger/core/v3/swagger-core/2.2.34/swagger-core-2.2.34.jar:/home/runner/.m2/repository/io/swagger/parser/v3/swagger-parser-core/2.1.31/swagger-parser-core-2.1.31.jar:/home/runner/.m2/repository/io/swagger/parser/v3/swagger-parser-safe-url-resolver/2.1.31/swagger-parser-safe-url-resolver-2.1.31.jar:/home/runner/work/apicurio-testing/apicurio-testing/clusters/ci419/namespaces/mysql/tests/integration/apicurio-registry/schema-util/wsdl/target/apicurio-registry-schema-util-wsdl-3.0.15.jar:/home/runner/.m2/repository/wsdl4j/wsdl4j/1.6.3/wsdl4j-1.6.3.jar:/home/runner/work/apicurio-testing/apicurio-testing/clusters/ci419/namespaces/mysql/tests/integration/apicurio-registry/schema-util/xml/target/apicurio-registry-schema-util-xml-3.0.15.jar:/home/runner/.m2/repository/org/apache/santuario/xmlsec/4.0.4/xmlsec-4.0.4.jar:/home/runner/.m2/repository/com/fasterxml/woodstox/woodstox-core/7.1.1/woodstox-core-7.1.1.jar:/home/runner/.m2/repository/org/codehaus/woodstox/stax2-api/4.2.2/stax2-api-4.2.2.jar:/home/runner/work/apicurio-testing/apicurio-testing/clusters/ci419/namespaces/mysql/tests/integration/apicurio-registry/schema-util/xsd/target/apicurio-registry-schema-util-xsd-3.0.15.jar:/home/runner/work/apicurio-testing/apicurio-testing/clusters/ci419/namespaces/mysql/tests/integration/apicurio-registry/serdes/kafka/jsonschema-serde/target/apicurio-registry-jsonschema-serde-kafka-3.0.15.jar:/home/runner/work/apicurio-testing/apicurio-testing/clusters/ci419/namespaces/mysql/tests/integration/apicurio-registry/serdes/kafka/serde-kafka-common/target/apicurio-registry-serde-kafka-common-3.0.15.jar:/home/runner/work/apicurio-testing/apicurio-testing/clusters/ci419/namespaces/mysql/tests/integration/apicurio-registry/serdes/generic/serde-common/target/apicurio-registry-serde-common-3.0.15.jar:/home/runner/work/apicurio-testing/apicurio-testing/clusters/ci419/namespaces/mysql/tests/integration/apicurio-registry/serdes/generic/serde-common-jsonschema/target/apicurio-registry-serde-common-jsonschema-3.0.15.jar:/home/runner/.m2/repository/org/json/json/20250107/json-20250107.jar:/home/runner/work/apicurio-testing/apicurio-testing/clusters/ci419/namespaces/mysql/tests/integration/apicurio-registry/serdes/kafka/avro-serde/target/apicurio-registry-avro-serde-kafka-3.0.15.jar:/home/runner/work/apicurio-testing/apicurio-testing/clusters/ci419/namespaces/mysql/tests/integration/apicurio-registry/serdes/generic/serde-common-avro/target/apicurio-registry-serde-common-avro-3.0.15.jar:/home/runner/work/apicurio-testing/apicurio-testing/clusters/ci419/namespaces/mysql/tests/integration/apicurio-registry/serdes/kafka/protobuf-serde/target/apicurio-registry-protobuf-serde-kafka-3.0.15.jar:/home/runner/work/apicurio-testing/apicurio-testing/clusters/ci419/namespaces/mysql/tests/integration/apicurio-registry/serdes/generic/serde-common-protobuf/target/apicurio-registry-serde-common-protobuf-3.0.15.jar:/home/runner/.m2/repository/com/squareup/wire/wire-schema/5.3.3/wire-schema-5.3.3.jar:/home/runner/.m2/repository/com/squareup/wire/wire-runtime/5.3.3/wire-runtime-5.3.3.jar:/home/runner/work/apicurio-testing/apicurio-testing/clusters/ci419/namespaces/mysql/tests/integration/apicurio-registry/serdes/pulsar/avro-serde/target/apicurio-registry-avro-serde-pulsar-3.0.15.jar:/home/runner/.m2/repository/org/apache/pulsar/pulsar-functions-api/3.3.8/pulsar-functions-api-3.3.8.jar:/home/runner/work/apicurio-testing/apicurio-testing/clusters/ci419/namespaces/mysql/tests/integration/apicurio-registry/serdes/nats/avro-serde/target/apicurio-registry-avro-serde-nats-3.0.15.jar:/home/runner/.m2/repository/io/nats/jnats/2.21.4/jnats-2.21.4.jar:/home/runner/.m2/repository/org/bouncycastle/bcprov-lts8on/2.73.7/bcprov-lts8on-2.73.7.jar:/home/runner/.m2/repository/org/jetbrains/annotations/26.0.2/annotations-26.0.2.jar:/home/runner/work/apicurio-testing/apicurio-testing/clusters/ci419/namespaces/mysql/tests/integration/apicurio-registry/utils/converter/target/apicurio-registry-utils-converter-3.0.15.jar:/home/runner/work/apicurio-testing/apicurio-testing/clusters/ci419/namespaces/mysql/tests/integration/apicurio-registry/schema-resolver/target/apicurio-registry-schema-resolver-3.0.15.jar:/home/runner/.m2/repository/org/apache/kafka/connect-api/3.9.1/connect-api-3.9.1.jar:/home/runner/.m2/repository/javax/ws/rs/javax.ws.rs-api/2.1.1/javax.ws.rs-api-2.1.1.jar:/home/runner/.m2/repository/org/apache/kafka/connect-json/3.9.1/connect-json-3.9.1.jar:/home/runner/.m2/repository/com/fasterxml/jackson/datatype/jackson-datatype-jdk8/2.18.2/jackson-datatype-jdk8-2.18.2.jar:/home/runner/.m2/repository/com/fasterxml/jackson/module/jackson-module-afterburner/2.18.2/jackson-module-afterburner-2.18.2.jar:/home/runner/work/apicurio-testing/apicurio-testing/clusters/ci419/namespaces/mysql/tests/integration/apicurio-registry/utils/kafka/target/apicurio-registry-utils-kafka-3.0.15.jar:/home/runner/.m2/repository/org/apache/pulsar/pulsar-client/3.3.8/pulsar-client-3.3.8.jar:/home/runner/.m2/repository/org/apache/pulsar/pulsar-client-api/3.3.8/pulsar-client-api-3.3.8.jar:/home/runner/.m2/repository/org/apache/pulsar/pulsar-client-admin-api/3.3.8/pulsar-client-admin-api-3.3.8.jar:/home/runner/.m2/repository/org/apache/pulsar/bouncy-castle-bc/3.3.8/bouncy-castle-bc-3.3.8-pkg.jar:/home/runner/.m2/repository/org/bouncycastle/bcpkix-jdk18on/1.81/bcpkix-jdk18on-1.81.jar:/home/runner/.m2/repository/org/bouncycastle/bcutil-jdk18on/1.81/bcutil-jdk18on-1.81.jar:/home/runner/.m2/repository/org/bouncycastle/bcprov-jdk18on/1.81/bcprov-jdk18on-1.81.jar:/home/runner/.m2/repository/io/opentelemetry/opentelemetry-api/1.44.1/opentelemetry-api-1.44.1.jar:/home/runner/.m2/repository/io/opentelemetry/opentelemetry-context/1.44.1/opentelemetry-context-1.44.1.jar:/home/runner/.m2/repository/io/opentelemetry/opentelemetry-api-incubator/1.44.1-alpha/opentelemetry-api-incubator-1.44.1-alpha.jar:/home/runner/.m2/repository/com/fasterxml/jackson/core/jackson-annotations/2.18.2/jackson-annotations-2.18.2.jar:/home/runner/.m2/repository/javax/validation/validation-api/1.1.0.Final/validation-api-1.1.0.Final.jar:/home/runner/.m2/repository/org/jspecify/jspecify/1.0.0/jspecify-1.0.0.jar:/home/runner/.m2/repository/org/apache/commons/commons-configuration2/2.12.0/commons-configuration2-2.12.0.jar:/home/runner/.m2/repository/commons-logging/commons-logging/1.3.5/commons-logging-1.3.5.jar:/home/runner/.m2/repository/org/apache/commons/commons-text/1.13.0/commons-text-1.13.0.jar:/home/runner/.m2/repository/io/confluent/kafka-avro-serializer/8.0.0/kafka-avro-serializer-8.0.0.jar:/home/runner/.m2/repository/org/apache/commons/commons-compress/1.27.1/commons-compress-1.27.1.jar:/home/runner/.m2/repository/io/confluent/kafka-schema-serializer/8.0.0/kafka-schema-serializer-8.0.0.jar:/home/runner/.m2/repository/com/fasterxml/jackson/dataformat/jackson-dataformat-csv/2.18.2/jackson-dataformat-csv-2.18.2.jar:/home/runner/.m2/repository/io/confluent/kafka-schema-registry-client/8.0.0/kafka-schema-registry-client-8.0.0.jar:/home/runner/.m2/repository/org/yaml/snakeyaml/2.3/snakeyaml-2.3.jar:/home/runner/.m2/repository/io/swagger/core/v3/swagger-annotations/2.2.29/swagger-annotations-2.2.29.jar:/home/runner/.m2/repository/com/google/guava/guava/33.4.0-jre/guava-33.4.0-jre.jar:/home/runner/.m2/repository/com/google/guava/failureaccess/1.0.1/failureaccess-1.0.1.jar:/home/runner/.m2/repository/org/checkerframework/checker-qual/3.49.0/checker-qual-3.49.0.jar:/home/runner/.m2/repository/io/confluent/logredactor/1.0.13/logredactor-1.0.13.jar:/home/runner/.m2/repository/com/google/re2j/re2j/1.6/re2j-1.6.jar:/home/runner/.m2/repository/io/confluent/logredactor-metrics/1.0.13/logredactor-metrics-1.0.13.jar:/home/runner/.m2/repository/com/eclipsesource/minimal-json/minimal-json/0.9.5/minimal-json-0.9.5.jar:/home/runner/.m2/repository/io/confluent/common-utils/8.0.0/common-utils-8.0.0.jar:/home/runner/.m2/repository/io/confluent/kafka-connect-avro-converter/8.0.0/kafka-connect-avro-converter-8.0.0.jar:/home/runner/.m2/repository/io/confluent/kafka-connect-avro-data/8.0.0/kafka-connect-avro-data-8.0.0.jar:/home/runner/.m2/repository/io/confluent/kafka-schema-converter/8.0.0/kafka-schema-converter-8.0.0.jar:/home/runner/.m2/repository/io/rest-assured/rest-assured/5.5.1/rest-assured-5.5.1.jar:/home/runner/.m2/repository/org/apache/groovy/groovy/4.0.22/groovy-4.0.22.jar:/home/runner/.m2/repository/org/apache/groovy/groovy-xml/4.0.22/groovy-xml-4.0.22.jar:/home/runner/.m2/repository/org/apache/httpcomponents/httpclient/4.5.14/httpclient-4.5.14.jar:/home/runner/.m2/repository/org/apache/httpcomponents/httpcore/4.4.16/httpcore-4.4.16.jar:/home/runner/.m2/repository/org/apache/httpcomponents/httpmime/4.5.14/httpmime-4.5.14.jar:/home/runner/.m2/repository/org/hamcrest/hamcrest/2.2/hamcrest-2.2.jar:/home/runner/.m2/repository/org/ccil/cowan/tagsoup/tagsoup/1.2.1/tagsoup-1.2.1.jar:/home/runner/.m2/repository/io/rest-assured/json-path/5.5.1/json-path-5.5.1.jar:/home/runner/.m2/repository/org/apache/groovy/groovy-json/4.0.22/groovy-json-4.0.22.jar:/home/runner/.m2/repository/io/rest-assured/rest-assured-common/5.5.1/rest-assured-common-5.5.1.jar:/home/runner/.m2/repository/io/rest-assured/xml-path/5.5.1/xml-path-5.5.1.jar:/home/runner/.m2/repository/io/zonky/test/embedded-postgres/2.1.0/embedded-postgres-2.1.0.jar:/home/runner/.m2/repository/io/zonky/test/postgres/embedded-postgres-binaries-windows-amd64/14.15.0/embedded-postgres-binaries-windows-amd64-14.15.0.jar:/home/runner/.m2/repository/io/zonky/test/postgres/embedded-postgres-binaries-darwin-amd64/14.15.0/embedded-postgres-binaries-darwin-amd64-14.15.0.jar:/home/runner/.m2/repository/io/zonky/test/postgres/embedded-postgres-binaries-linux-amd64/14.15.0/embedded-postgres-binaries-linux-amd64-14.15.0.jar:/home/runner/.m2/repository/io/zonky/test/postgres/embedded-postgres-binaries-linux-amd64-alpine/14.15.0/embedded-postgres-binaries-linux-amd64-alpine-14.15.0.jar:/home/runner/.m2/repository/org/apache/commons/commons-lang3/3.17.0/commons-lang3-3.17.0.jar:/home/runner/.m2/repository/org/tukaani/xz/1.10/xz-1.10.jar:/home/runner/.m2/repository/commons-codec/commons-codec/1.19.0/commons-codec-1.19.0.jar:/home/runner/.m2/repository/org/postgresql/postgresql/42.7.7/postgresql-42.7.7.jar:/home/runner/.m2/repository/commons-io/commons-io/2.18.0/commons-io-2.18.0.jar:/home/runner/work/apicurio-testing/apicurio-testing/clusters/ci419/namespaces/mysql/tests/integration/apicurio-registry/utils/importexport/target/apicurio-registry-utils-import-export-3.0.15.jar:/home/runner/.m2/repository/io/vertx/vertx-core/4.5.16/vertx-core-4.5.16.jar:/home/runner/.m2/repository/io/netty/netty-common/4.1.121.Final/netty-common-4.1.121.Final.jar:/home/runner/.m2/repository/io/netty/netty-buffer/4.1.121.Final/netty-buffer-4.1.121.Final.jar:/home/runner/.m2/repository/io/netty/netty-transport/4.1.121.Final/netty-transport-4.1.121.Final.jar:/home/runner/.m2/repository/io/netty/netty-handler/4.1.121.Final/netty-handler-4.1.121.Final.jar:/home/runner/.m2/repository/io/netty/netty-transport-native-unix-common/4.1.121.Final/netty-transport-native-unix-common-4.1.121.Final.jar:/home/runner/.m2/repository/io/netty/netty-codec/4.1.121.Final/netty-codec-4.1.121.Final.jar:/home/runner/.m2/repository/io/netty/netty-handler-proxy/4.1.121.Final/netty-handler-proxy-4.1.121.Final.jar:/home/runner/.m2/repository/io/netty/netty-codec-socks/4.1.121.Final/netty-codec-socks-4.1.121.Final.jar:/home/runner/.m2/repository/io/netty/netty-codec-http/4.1.121.Final/netty-codec-http-4.1.121.Final.jar:/home/runner/.m2/repository/io/netty/netty-codec-http2/4.1.121.Final/netty-codec-http2-4.1.121.Final.jar:/home/runner/.m2/repository/io/netty/netty-resolver/4.1.121.Final/netty-resolver-4.1.121.Final.jar:/home/runner/.m2/repository/io/netty/netty-resolver-dns/4.1.121.Final/netty-resolver-dns-4.1.121.Final.jar:/home/runner/.m2/repository/io/netty/netty-codec-dns/4.1.121.Final/netty-codec-dns-4.1.121.Final.jar:/home/runner/.m2/repository/com/fasterxml/jackson/core/jackson-core/2.18.2/jackson-core-2.18.2.jar:"/>
    <property name="java.vm.vendor" value="Eclipse Adoptium"/>
    <property name="maven.javadoc.skip" value="true"/>
    <property name="sun.arch.data.model" value="64"/>
    <property name="java.vendor.url" value="https://adoptium.net/"/>
    <property name="user.timezone" value="Etc/UTC"/>
    <property name="os.name" value="Linux"/>
    <property name="java.vm.specification.version" value="17"/>
    <property name="sun.java.launcher" value="SUN_STANDARD"/>
    <property name="quarkus.http.test-port" value="80"/>
    <property name="sun.boot.library.path" value="/usr/lib/jvm/temurin-17-jdk-amd64/lib"/>
    <property name="sun.java.command" value="/home/runner/work/apicurio-testing/apicurio-testing/clusters/ci419/namespaces/mysql/tests/integration/apicurio-registry/integration-tests/target/surefire/surefirebooter-20250926181229775_3.jar /home/runner/work/apicurio-testing/apicurio-testing/clusters/ci419/namespaces/mysql/tests/integration/apicurio-registry/integration-tests/target/surefire 2025-09-26T18-12-29_721-jvmRun1 surefire-20250926181229775_1tmp surefire_0-20250926181229775_2tmp"/>
    <property name="maven.home" value="/home/runner/.m2/wrapper/dists/apache-maven-3.9.8-bin/4fnp1ql35bgk2a0p7m31ovbgb0/apache-maven-3.9.8"/>
    <property name="jdk.debug" value="release"/>
    <property name="surefire.test.class.path" value="/home/runner/work/apicurio-testing/apicurio-testing/clusters/ci419/namespaces/mysql/tests/integration/apicurio-registry/integration-tests/target/test-classes:/home/runner/work/apicurio-testing/apicurio-testing/clusters/ci419/namespaces/mysql/tests/integration/apicurio-registry/integration-tests/target/apicurio-registry-integration-tests-3.0.15.jar:/home/runner/.m2/repository/io/quarkus/quarkus-junit5/3.20.2/quarkus-junit5-3.20.2.jar:/home/runner/.m2/repository/io/quarkus/quarkus-bootstrap-core/3.20.2/quarkus-bootstrap-core-3.20.2.jar:/home/runner/.m2/repository/io/quarkus/quarkus-classloader-commons/3.20.2/quarkus-classloader-commons-3.20.2.jar:/home/runner/.m2/repository/io/quarkus/quarkus-bootstrap-app-model/3.20.2/quarkus-bootstrap-app-model-3.20.2.jar:/home/runner/.m2/repository/io/smallrye/common/smallrye-common-io/2.12.0/smallrye-common-io-2.12.0.jar:/home/runner/.m2/repository/org/eclipse/sisu/org.eclipse.sisu.inject/0.9.0.M3/org.eclipse.sisu.inject-0.9.0.M3.jar:/home/runner/.m2/repository/io/quarkus/quarkus-test-common/3.20.2/quarkus-test-common-3.20.2.jar:/home/runner/.m2/repository/io/quarkus/quarkus-core-deployment/3.20.2/quarkus-core-deployment-3.20.2.jar:/home/runner/.m2/repository/org/aesh/readline/2.6/readline-2.6.jar:/home/runner/.m2/repository/org/fusesource/jansi/jansi/2.4.0/jansi-2.4.0.jar:/home/runner/.m2/repository/org/aesh/aesh/2.8.2/aesh-2.8.2.jar:/home/runner/.m2/repository/io/quarkus/gizmo/gizmo/1.8.0/gizmo-1.8.0.jar:/home/runner/.m2/repository/org/ow2/asm/asm-util/9.7.1/asm-util-9.7.1.jar:/home/runner/.m2/repository/org/ow2/asm/asm-analysis/9.7.1/asm-analysis-9.7.1.jar:/home/runner/.m2/repository/org/ow2/asm/asm-commons/9.7.1/asm-commons-9.7.1.jar:/home/runner/.m2/repository/org/ow2/asm/asm-tree/9.7.1/asm-tree-9.7.1.jar:/home/runner/.m2/repository/io/quarkus/quarkus-hibernate-validator-spi/3.20.2/quarkus-hibernate-validator-spi-3.20.2.jar:/home/runner/.m2/repository/io/quarkus/quarkus-class-change-agent/3.20.2/quarkus-class-change-agent-3.20.2.jar:/home/runner/.m2/repository/io/quarkus/quarkus-devtools-utilities/3.20.2/quarkus-devtools-utilities-3.20.2.jar:/home/runner/.m2/repository/io/quarkus/quarkus-builder/3.20.2/quarkus-builder-3.20.2.jar:/home/runner/.m2/repository/org/graalvm/sdk/nativeimage/23.1.2/nativeimage-23.1.2.jar:/home/runner/.m2/repository/org/graalvm/sdk/word/23.1.2/word-23.1.2.jar:/home/runner/.m2/repository/io/quarkus/quarkus-bootstrap-maven-resolver/3.20.2/quarkus-bootstrap-maven-resolver-3.20.2.jar:/home/runner/.m2/repository/io/smallrye/beanbag/smallrye-beanbag-maven/1.5.2/smallrye-beanbag-maven-1.5.2.jar:/home/runner/.m2/repository/io/smallrye/beanbag/smallrye-beanbag-sisu/1.5.2/smallrye-beanbag-sisu-1.5.2.jar:/home/runner/.m2/repository/io/smallrye/beanbag/smallrye-beanbag/1.5.2/smallrye-beanbag-1.5.2.jar:/home/runner/.m2/repository/javax/inject/javax.inject/1/javax.inject-1.jar:/home/runner/.m2/repository/org/apache/maven/maven-artifact/3.9.9/maven-artifact-3.9.9.jar:/home/runner/.m2/repository/org/apache/maven/maven-builder-support/3.9.9/maven-builder-support-3.9.9.jar:/home/runner/.m2/repository/org/apache/maven/maven-model/3.9.9/maven-model-3.9.9.jar:/home/runner/.m2/repository/org/apache/maven/maven-model-builder/3.9.9/maven-model-builder-3.9.9.jar:/home/runner/.m2/repository/org/apache/maven/maven-repository-metadata/3.9.9/maven-repository-metadata-3.9.9.jar:/home/runner/.m2/repository/org/apache/maven/maven-settings/3.9.9/maven-settings-3.9.9.jar:/home/runner/.m2/repository/org/apache/maven/resolver/maven-resolver-api/1.9.22/maven-resolver-api-1.9.22.jar:/home/runner/.m2/repository/org/apache/maven/resolver/maven-resolver-impl/1.9.22/maven-resolver-impl-1.9.22.jar:/home/runner/.m2/repository/org/apache/maven/resolver/maven-resolver-named-locks/1.9.22/maven-resolver-named-locks-1.9.22.jar:/home/runner/.m2/repository/org/apache/maven/resolver/maven-resolver-spi/1.9.22/maven-resolver-spi-1.9.22.jar:/home/runner/.m2/repository/org/apache/maven/resolver/maven-resolver-util/1.9.22/maven-resolver-util-1.9.22.jar:/home/runner/.m2/repository/org/apache/maven/resolver/maven-resolver-transport-http/1.9.20/maven-resolver-transport-http-1.9.20.jar:/home/runner/.m2/repository/org/apache/maven/wagon/wagon-provider-api/3.5.3/wagon-provider-api-3.5.3.jar:/home/runner/.m2/repository/org/apache/maven/wagon/wagon-http-shared/3.5.3/wagon-http-shared-3.5.3.jar:/home/runner/.m2/repository/org/codehaus/plexus/plexus-interpolation/1.26/plexus-interpolation-1.26.jar:/home/runner/.m2/repository/org/codehaus/plexus/plexus-utils/3.5.1/plexus-utils-3.5.1.jar:/home/runner/.m2/repository/org/codehaus/plexus/plexus-xml/4.0.1/plexus-xml-4.0.1.jar:/home/runner/.m2/repository/org/apache/maven/maven-xml-impl/4.0.0-alpha-5/maven-xml-impl-4.0.0-alpha-5.jar:/home/runner/.m2/repository/org/apache/maven/maven-api-xml/4.0.0-alpha-5/maven-api-xml-4.0.0-alpha-5.jar:/home/runner/.m2/repository/org/apache/maven/maven-api-meta/4.0.0-alpha-5/maven-api-meta-4.0.0-alpha-5.jar:/home/runner/.m2/repository/org/codehaus/plexus/plexus-cipher/2.0/plexus-cipher-2.0.jar:/home/runner/.m2/repository/org/codehaus/plexus/plexus-sec-dispatcher/2.0/plexus-sec-dispatcher-2.0.jar:/home/runner/.m2/repository/org/apache/maven/maven-embedder/3.9.9/maven-embedder-3.9.9.jar:/home/runner/.m2/repository/org/apache/maven/maven-core/3.9.9/maven-core-3.9.9.jar:/home/runner/.m2/repository/org/codehaus/plexus/plexus-component-annotations/2.1.0/plexus-component-annotations-2.1.0.jar:/home/runner/.m2/repository/org/apache/maven/maven-plugin-api/3.9.9/maven-plugin-api-3.9.9.jar:/home/runner/.m2/repository/org/apache/maven/shared/maven-shared-utils/3.4.2/maven-shared-utils-3.4.2.jar:/home/runner/.m2/repository/com/google/inject/guice/5.1.0/guice-5.1.0.jar:/home/runner/.m2/repository/aopalliance/aopalliance/1.0/aopalliance-1.0.jar:/home/runner/.m2/repository/org/codehaus/plexus/plexus-classworlds/2.6.0/plexus-classworlds-2.6.0.jar:/home/runner/.m2/repository/commons-cli/commons-cli/1.8.0/commons-cli-1.8.0.jar:/home/runner/.m2/repository/org/eclipse/sisu/org.eclipse.sisu.plexus/0.9.0.M3/org.eclipse.sisu.plexus-0.9.0.M3.jar:/home/runner/.m2/repository/org/apache/maven/maven-settings-builder/3.9.9/maven-settings-builder-3.9.9.jar:/home/runner/.m2/repository/org/apache/maven/maven-resolver-provider/3.9.9/maven-resolver-provider-3.9.9.jar:/home/runner/.m2/repository/org/apache/maven/resolver/maven-resolver-connector-basic/1.9.22/maven-resolver-connector-basic-1.9.22.jar:/home/runner/.m2/repository/org/apache/maven/resolver/maven-resolver-transport-wagon/1.9.22/maven-resolver-transport-wagon-1.9.22.jar:/home/runner/.m2/repository/org/apache/maven/wagon/wagon-http/3.5.3/wagon-http-3.5.3.jar:/home/runner/.m2/repository/org/apache/maven/wagon/wagon-file/3.5.3/wagon-file-3.5.3.jar:/home/runner/.m2/repository/io/quarkus/quarkus-bootstrap-gradle-resolver/3.20.2/quarkus-bootstrap-gradle-resolver-3.20.2.jar:/home/runner/.m2/repository/io/smallrye/jandex/3.3.0/jandex-3.3.0.jar:/home/runner/.m2/repository/org/jboss/logging/commons-logging-jboss-logging/1.0.0.Final/commons-logging-jboss-logging-1.0.0.Final.jar:/home/runner/.m2/repository/io/quarkus/quarkus-junit5-config/3.20.2/quarkus-junit5-config-3.20.2.jar:/home/runner/.m2/repository/org/junit/jupiter/junit-jupiter-api/5.12.1/junit-jupiter-api-5.12.1.jar:/home/runner/.m2/repository/io/smallrye/config/smallrye-config/3.11.4/smallrye-config-3.11.4.jar:/home/runner/.m2/repository/io/smallrye/config/smallrye-config-core/3.11.4/smallrye-config-core-3.11.4.jar:/home/runner/.m2/repository/io/smallrye/common/smallrye-common-classloader/2.12.0/smallrye-common-classloader-2.12.0.jar:/home/runner/.m2/repository/io/smallrye/config/smallrye-config-common/3.11.4/smallrye-config-common-3.11.4.jar:/home/runner/.m2/repository/org/junit/jupiter/junit-jupiter/5.12.1/junit-jupiter-5.12.1.jar:/home/runner/.m2/repository/org/junit/jupiter/junit-jupiter-params/5.12.1/junit-jupiter-params-5.12.1.jar:/home/runner/.m2/repository/org/junit/jupiter/junit-jupiter-engine/5.12.1/junit-jupiter-engine-5.12.1.jar:/home/runner/.m2/repository/io/quarkus/quarkus-core/3.20.2/quarkus-core-3.20.2.jar:/home/runner/.m2/repository/jakarta/enterprise/jakarta.enterprise.cdi-api/4.1.0/jakarta.enterprise.cdi-api-4.1.0.jar:/home/runner/.m2/repository/jakarta/enterprise/jakarta.enterprise.lang-model/4.1.0/jakarta.enterprise.lang-model-4.1.0.jar:/home/runner/.m2/repository/jakarta/el/jakarta.el-api/5.0.1/jakarta.el-api-5.0.1.jar:/home/runner/.m2/repository/jakarta/interceptor/jakarta.interceptor-api/2.2.0/jakarta.interceptor-api-2.2.0.jar:/home/runner/.m2/repository/jakarta/inject/jakarta.inject-api/2.0.1/jakarta.inject-api-2.0.1.jar:/home/runner/.m2/repository/io/smallrye/common/smallrye-common-os/2.12.0/smallrye-common-os-2.12.0.jar:/home/runner/.m2/repository/io/quarkus/quarkus-ide-launcher/3.20.2/quarkus-ide-launcher-3.20.2.jar:/home/runner/.m2/repository/io/quarkus/quarkus-development-mode-spi/3.20.2/quarkus-development-mode-spi-3.20.2.jar:/home/runner/.m2/repository/org/jboss/logging/jboss-logging/3.6.1.Final/jboss-logging-3.6.1.Final.jar:/home/runner/.m2/repository/org/jboss/logmanager/jboss-logmanager/3.1.2.Final/jboss-logmanager-3.1.2.Final.jar:/home/runner/.m2/repository/io/smallrye/common/smallrye-common-constraint/2.12.0/smallrye-common-constraint-2.12.0.jar:/home/runner/.m2/repository/io/smallrye/common/smallrye-common-cpu/2.12.0/smallrye-common-cpu-2.12.0.jar:/home/runner/.m2/repository/io/smallrye/common/smallrye-common-expression/2.12.0/smallrye-common-expression-2.12.0.jar:/home/runner/.m2/repository/io/smallrye/common/smallrye-common-net/2.12.0/smallrye-common-net-2.12.0.jar:/home/runner/.m2/repository/io/smallrye/common/smallrye-common-ref/2.12.0/smallrye-common-ref-2.12.0.jar:/home/runner/.m2/repository/jakarta/json/jakarta.json-api/2.1.3/jakarta.json-api-2.1.3.jar:/home/runner/.m2/repository/org/eclipse/parsson/parsson/1.1.7/parsson-1.1.7.jar:/home/runner/.m2/repository/org/jboss/logging/jboss-logging-annotations/3.0.4.Final/jboss-logging-annotations-3.0.4.Final.jar:/home/runner/.m2/repository/org/jboss/threads/jboss-threads/3.8.0.Final/jboss-threads-3.8.0.Final.jar:/home/runner/.m2/repository/io/smallrye/common/smallrye-common-annotation/2.12.0/smallrye-common-annotation-2.12.0.jar:/home/runner/.m2/repository/io/smallrye/common/smallrye-common-function/2.12.0/smallrye-common-function-2.12.0.jar:/home/runner/.m2/repository/org/jboss/slf4j/slf4j-jboss-logmanager/2.0.0.Final/slf4j-jboss-logmanager-2.0.0.Final.jar:/home/runner/.m2/repository/org/wildfly/common/wildfly-common/2.0.1/wildfly-common-2.0.1.jar:/home/runner/.m2/repository/io/quarkus/quarkus-bootstrap-runner/3.20.2/quarkus-bootstrap-runner-3.20.2.jar:/home/runner/.m2/repository/io/github/crac/org-crac/0.1.3/org-crac-0.1.3.jar:/home/runner/.m2/repository/io/quarkus/quarkus-fs-util/0.0.10/quarkus-fs-util-0.0.10.jar:/home/runner/.m2/repository/org/jboss/marshalling/jboss-marshalling/2.2.2.Final/jboss-marshalling-2.2.2.Final.jar:/home/runner/.m2/repository/io/fabric8/kubernetes-client/7.1.0/kubernetes-client-7.1.0.jar:/home/runner/.m2/repository/io/fabric8/kubernetes-client-api/7.1.0/kubernetes-client-api-7.1.0.jar:/home/runner/.m2/repository/io/fabric8/kubernetes-model-core/7.1.0/kubernetes-model-core-7.1.0.jar:/home/runner/.m2/repository/io/fabric8/kubernetes-model-common/7.1.0/kubernetes-model-common-7.1.0.jar:/home/runner/.m2/repository/javax/annotation/javax.annotation-api/1.3.2/javax.annotation-api-1.3.2.jar:/home/runner/.m2/repository/io/fabric8/kubernetes-model-gatewayapi/7.1.0/kubernetes-model-gatewayapi-7.1.0.jar:/home/runner/.m2/repository/io/fabric8/kubernetes-model-resource/7.1.0/kubernetes-model-resource-7.1.0.jar:/home/runner/.m2/repository/io/fabric8/kubernetes-model-rbac/7.1.0/kubernetes-model-rbac-7.1.0.jar:/home/runner/.m2/repository/io/fabric8/kubernetes-model-admissionregistration/7.1.0/kubernetes-model-admissionregistration-7.1.0.jar:/home/runner/.m2/repository/io/fabric8/kubernetes-model-apps/7.1.0/kubernetes-model-apps-7.1.0.jar:/home/runner/.m2/repository/io/fabric8/kubernetes-model-autoscaling/7.1.0/kubernetes-model-autoscaling-7.1.0.jar:/home/runner/.m2/repository/io/fabric8/kubernetes-model-apiextensions/7.1.0/kubernetes-model-apiextensions-7.1.0.jar:/home/runner/.m2/repository/io/fabric8/kubernetes-model-batch/7.1.0/kubernetes-model-batch-7.1.0.jar:/home/runner/.m2/repository/io/fabric8/kubernetes-model-certificates/7.1.0/kubernetes-model-certificates-7.1.0.jar:/home/runner/.m2/repository/io/fabric8/kubernetes-model-coordination/7.1.0/kubernetes-model-coordination-7.1.0.jar:/home/runner/.m2/repository/io/fabric8/kubernetes-model-discovery/7.1.0/kubernetes-model-discovery-7.1.0.jar:/home/runner/.m2/repository/io/fabric8/kubernetes-model-events/7.1.0/kubernetes-model-events-7.1.0.jar:/home/runner/.m2/repository/io/fabric8/kubernetes-model-extensions/7.1.0/kubernetes-model-extensions-7.1.0.jar:/home/runner/.m2/repository/io/fabric8/kubernetes-model-flowcontrol/7.1.0/kubernetes-model-flowcontrol-7.1.0.jar:/home/runner/.m2/repository/io/fabric8/kubernetes-model-networking/7.1.0/kubernetes-model-networking-7.1.0.jar:/home/runner/.m2/repository/io/fabric8/kubernetes-model-metrics/7.1.0/kubernetes-model-metrics-7.1.0.jar:/home/runner/.m2/repository/io/fabric8/kubernetes-model-policy/7.1.0/kubernetes-model-policy-7.1.0.jar:/home/runner/.m2/repository/io/fabric8/kubernetes-model-scheduling/7.1.0/kubernetes-model-scheduling-7.1.0.jar:/home/runner/.m2/repository/io/fabric8/kubernetes-model-storageclass/7.1.0/kubernetes-model-storageclass-7.1.0.jar:/home/runner/.m2/repository/io/fabric8/kubernetes-model-node/7.1.0/kubernetes-model-node-7.1.0.jar:/home/runner/.m2/repository/org/snakeyaml/snakeyaml-engine/2.9/snakeyaml-engine-2.9.jar:/home/runner/.m2/repository/com/fasterxml/jackson/dataformat/jackson-dataformat-yaml/2.18.2/jackson-dataformat-yaml-2.18.2.jar:/home/runner/.m2/repository/com/fasterxml/jackson/datatype/jackson-datatype-jsr310/2.18.2/jackson-datatype-jsr310-2.18.2.jar:/home/runner/.m2/repository/io/fabric8/zjsonpatch/7.1.0/zjsonpatch-7.1.0.jar:/home/runner/.m2/repository/io/fabric8/kubernetes-httpclient-vertx/7.1.0/kubernetes-httpclient-vertx-7.1.0.jar:/home/runner/.m2/repository/io/vertx/vertx-web-client/4.5.16/vertx-web-client-4.5.16.jar:/home/runner/.m2/repository/io/vertx/vertx-web-common/4.5.16/vertx-web-common-4.5.16.jar:/home/runner/.m2/repository/io/vertx/vertx-auth-common/4.5.16/vertx-auth-common-4.5.16.jar:/home/runner/.m2/repository/io/vertx/vertx-uri-template/4.5.16/vertx-uri-template-4.5.16.jar:/home/runner/.m2/repository/io/fabric8/openshift-client/7.1.0/openshift-client-7.1.0.jar:/home/runner/.m2/repository/io/fabric8/openshift-client-api/7.1.0/openshift-client-api-7.1.0.jar:/home/runner/.m2/repository/io/fabric8/openshift-model/7.1.0/openshift-model-7.1.0.jar:/home/runner/.m2/repository/io/fabric8/openshift-model-autoscaling/7.1.0/openshift-model-autoscaling-7.1.0.jar:/home/runner/.m2/repository/io/fabric8/openshift-model-operator/7.1.0/openshift-model-operator-7.1.0.jar:/home/runner/.m2/repository/io/fabric8/openshift-model-operatorhub/7.1.0/openshift-model-operatorhub-7.1.0.jar:/home/runner/.m2/repository/io/fabric8/openshift-model-machine/7.1.0/openshift-model-machine-7.1.0.jar:/home/runner/.m2/repository/io/fabric8/openshift-model-whereabouts/7.1.0/openshift-model-whereabouts-7.1.0.jar:/home/runner/.m2/repository/io/fabric8/openshift-model-monitoring/7.1.0/openshift-model-monitoring-7.1.0.jar:/home/runner/.m2/repository/io/fabric8/openshift-model-storageversionmigrator/7.1.0/openshift-model-storageversionmigrator-7.1.0.jar:/home/runner/.m2/repository/io/fabric8/openshift-model-tuned/7.1.0/openshift-model-tuned-7.1.0.jar:/home/runner/.m2/repository/io/fabric8/openshift-model-console/7.1.0/openshift-model-console-7.1.0.jar:/home/runner/.m2/repository/io/fabric8/openshift-model-config/7.1.0/openshift-model-config-7.1.0.jar:/home/runner/.m2/repository/io/fabric8/openshift-model-machineconfiguration/7.1.0/openshift-model-machineconfiguration-7.1.0.jar:/home/runner/.m2/repository/io/fabric8/openshift-model-miscellaneous/7.1.0/openshift-model-miscellaneous-7.1.0.jar:/home/runner/.m2/repository/io/fabric8/openshift-model-hive/7.1.0/openshift-model-hive-7.1.0.jar:/home/runner/.m2/repository/io/fabric8/openshift-model-installer/7.1.0/openshift-model-installer-7.1.0.jar:/home/runner/.m2/repository/org/junit/platform/junit-platform-launcher/1.12.1/junit-platform-launcher-1.12.1.jar:/home/runner/.m2/repository/org/junit/platform/junit-platform-engine/1.12.1/junit-platform-engine-1.12.1.jar:/home/runner/.m2/repository/org/opentest4j/opentest4j/1.3.0/opentest4j-1.3.0.jar:/home/runner/.m2/repository/org/junit/platform/junit-platform-commons/1.12.1/junit-platform-commons-1.12.1.jar:/home/runner/.m2/repository/org/apiguardian/apiguardian-api/1.1.2/apiguardian-api-1.1.2.jar:/home/runner/.m2/repository/jakarta/ws/rs/jakarta.ws.rs-api/3.1.0/jakarta.ws.rs-api-3.1.0.jar:/home/runner/work/apicurio-testing/apicurio-testing/clusters/ci419/namespaces/mysql/tests/integration/apicurio-registry/java-sdk/target/apicurio-registry-java-sdk-3.0.15.jar:/home/runner/.m2/repository/com/microsoft/kiota/microsoft-kiota-abstractions/1.8.10/microsoft-kiota-abstractions-1.8.10.jar:/home/runner/.m2/repository/io/github/std-uritemplate/std-uritemplate/2.0.0/std-uritemplate-2.0.0.jar:/home/runner/.m2/repository/io/kiota/kiota-http-jdk/0.0.29/kiota-http-jdk-0.0.29.jar:/home/runner/.m2/repository/io/kiota/kiota-http-vertx/0.0.29/kiota-http-vertx-0.0.29.jar:/home/runner/.m2/repository/io/kiota/kiota-serialization-jackson/0.0.29/kiota-serialization-jackson-0.0.29.jar:/home/runner/.m2/repository/com/microsoft/kiota/microsoft-kiota-serialization-text/1.8.10/microsoft-kiota-serialization-text-1.8.10.jar:/home/runner/.m2/repository/com/microsoft/kiota/microsoft-kiota-serialization-form/1.8.10/microsoft-kiota-serialization-form-1.8.10.jar:/home/runner/.m2/repository/com/microsoft/kiota/microsoft-kiota-serialization-multipart/1.8.10/microsoft-kiota-serialization-multipart-1.8.10.jar:/home/runner/.m2/repository/jakarta/annotation/jakarta.annotation-api/3.0.0/jakarta.annotation-api-3.0.0.jar:/home/runner/.m2/repository/io/vertx/vertx-auth-oauth2/4.5.16/vertx-auth-oauth2-4.5.16.jar:/home/runner/work/apicurio-testing/apicurio-testing/clusters/ci419/namespaces/mysql/tests/integration/apicurio-registry/java-sdk-v2/target/apicurio-registry-v2-java-sdk-3.0.15.jar:/home/runner/work/apicurio-testing/apicurio-testing/clusters/ci419/namespaces/mysql/tests/integration/apicurio-registry/utils/kafka/target/apicurio-registry-utils-kafka-3.0.15-tests.jar:/home/runner/.m2/repository/org/eclipse/microprofile/config/microprofile-config-api/3.1/microprofile-config-api-3.1.jar:/home/runner/.m2/repository/org/apache/kafka/kafka-clients/3.9.1/kafka-clients-3.9.1.jar:/home/runner/.m2/repository/com/github/luben/zstd-jni/1.5.6-4/zstd-jni-1.5.6-4.jar:/home/runner/.m2/repository/org/lz4/lz4-java/1.8.0/lz4-java-1.8.0.jar:/home/runner/.m2/repository/org/xerial/snappy/snappy-java/1.1.10.5/snappy-java-1.1.10.5.jar:/home/runner/.m2/repository/org/slf4j/slf4j-api/2.0.6/slf4j-api-2.0.6.jar:/home/runner/work/apicurio-testing/apicurio-testing/clusters/ci419/namespaces/mysql/tests/integration/apicurio-registry/utils/tests/target/apicurio-registry-utils-tests-3.0.15.jar:/home/runner/work/apicurio-testing/apicurio-testing/clusters/ci419/namespaces/mysql/tests/integration/apicurio-registry/common/target/apicurio-registry-common-3.0.15.jar:/home/runner/.m2/repository/jakarta/validation/jakarta.validation-api/3.0.2/jakarta.validation-api-3.0.2.jar:/home/runner/.m2/repository/com/github/dasniko/testcontainers-keycloak/3.8.0/testcontainers-keycloak-3.8.0.jar:/home/runner/.m2/repository/org/testcontainers/testcontainers/1.20.6/testcontainers-1.20.6.jar:/home/runner/.m2/repository/org/rnorth/duct-tape/duct-tape/1.0.8/duct-tape-1.0.8.jar:/home/runner/.m2/repository/com/github/docker-java/docker-java-transport-zerodep/3.4.1/docker-java-transport-zerodep-3.4.1.jar:/home/runner/.m2/repository/com/github/docker-java/docker-java-transport/3.4.1/docker-java-transport-3.4.1.jar:/home/runner/.m2/repository/net/java/dev/jna/jna/5.8.0/jna-5.8.0.jar:/home/runner/.m2/repository/io/quarkus/quarkus-junit4-mock/3.20.2/quarkus-junit4-mock-3.20.2.jar:/home/runner/.m2/repository/org/jboss/shrinkwrap/shrinkwrap-api/2.0.0-beta-2/shrinkwrap-api-2.0.0-beta-2.jar:/home/runner/.m2/repository/org/jboss/shrinkwrap/shrinkwrap-impl-base/2.0.0-beta-2/shrinkwrap-impl-base-2.0.0-beta-2.jar:/home/runner/.m2/repository/org/jboss/shrinkwrap/shrinkwrap-spi/2.0.0-beta-2/shrinkwrap-spi-2.0.0-beta-2.jar:/home/runner/.m2/repository/org/keycloak/keycloak-admin-client/26.0.4/keycloak-admin-client-26.0.4.jar:/home/runner/.m2/repository/org/keycloak/keycloak-client-common-synced/26.0.4/keycloak-client-common-synced-26.0.4.jar:/home/runner/.m2/repository/jakarta/activation/jakarta.activation-api/2.1.3/jakarta.activation-api-2.1.3.jar:/home/runner/.m2/repository/org/eclipse/microprofile/openapi/microprofile-openapi-api/4.0.2/microprofile-openapi-api-4.0.2.jar:/home/runner/.m2/repository/org/jboss/resteasy/resteasy-client/6.2.12.Final/resteasy-client-6.2.12.Final.jar:/home/runner/.m2/repository/org/jboss/resteasy/resteasy-client-api/6.2.12.Final/resteasy-client-api-6.2.12.Final.jar:/home/runner/.m2/repository/org/jboss/resteasy/resteasy-core-spi/6.2.12.Final/resteasy-core-spi-6.2.12.Final.jar:/home/runner/.m2/repository/org/jboss/resteasy/resteasy-core/6.2.12.Final/resteasy-core-6.2.12.Final.jar:/home/runner/.m2/repository/org/eclipse/angus/angus-activation/2.0.2/angus-activation-2.0.2.jar:/home/runner/.m2/repository/com/ibm/async/asyncutil/0.1.0/asyncutil-0.1.0.jar:/home/runner/.m2/repository/org/reactivestreams/reactive-streams/1.0.4/reactive-streams-1.0.4.jar:/home/runner/.m2/repository/org/jboss/resteasy/resteasy-multipart-provider/6.2.12.Final/resteasy-multipart-provider-6.2.12.Final.jar:/home/runner/.m2/repository/jakarta/mail/jakarta.mail-api/2.1.3/jakarta.mail-api-2.1.3.jar:/home/runner/.m2/repository/org/eclipse/angus/angus-mail/2.0.3/angus-mail-2.0.3.jar:/home/runner/.m2/repository/org/apache/james/apache-mime4j-dom/0.8.12/apache-mime4j-dom-0.8.12.jar:/home/runner/.m2/repository/org/apache/james/apache-mime4j-core/0.8.12/apache-mime4j-core-0.8.12.jar:/home/runner/.m2/repository/org/apache/james/apache-mime4j-storage/0.8.12/apache-mime4j-storage-0.8.12.jar:/home/runner/.m2/repository/org/jboss/resteasy/resteasy-jackson2-provider/6.2.12.Final/resteasy-jackson2-provider-6.2.12.Final.jar:/home/runner/.m2/repository/com/fasterxml/jackson/jakarta/rs/jackson-jakarta-rs-base/2.18.2/jackson-jakarta-rs-base-2.18.2.jar:/home/runner/.m2/repository/com/fasterxml/jackson/jakarta/rs/jackson-jakarta-rs-json-provider/2.18.2/jackson-jakarta-rs-json-provider-2.18.2.jar:/home/runner/.m2/repository/com/fasterxml/jackson/module/jackson-module-jakarta-xmlbind-annotations/2.18.2/jackson-module-jakarta-xmlbind-annotations-2.18.2.jar:/home/runner/.m2/repository/com/github/java-json-tools/json-patch/1.13/json-patch-1.13.jar:/home/runner/.m2/repository/com/github/java-json-tools/msg-simple/1.2/msg-simple-1.2.jar:/home/runner/.m2/repository/com/github/java-json-tools/btf/1.3/btf-1.3.jar:/home/runner/.m2/repository/com/github/java-json-tools/jackson-coreutils/2.0/jackson-coreutils-2.0.jar:/home/runner/.m2/repository/org/jboss/resteasy/resteasy-jaxb-provider/6.2.12.Final/resteasy-jaxb-provider-6.2.12.Final.jar:/home/runner/.m2/repository/org/glassfish/jaxb/codemodel/4.0.5/codemodel-4.0.5.jar:/home/runner/.m2/repository/org/glassfish/jaxb/jaxb-core/4.0.5/jaxb-core-4.0.5.jar:/home/runner/.m2/repository/org/glassfish/jaxb/jaxb-jxc/4.0.5/jaxb-jxc-4.0.5.jar:/home/runner/.m2/repository/org/glassfish/jaxb/jaxb-runtime/4.0.5/jaxb-runtime-4.0.5.jar:/home/runner/.m2/repository/org/glassfish/jaxb/txw2/4.0.5/txw2-4.0.5.jar:/home/runner/.m2/repository/org/glassfish/jaxb/jaxb-xjc/4.0.5/jaxb-xjc-4.0.5.jar:/home/runner/.m2/repository/org/glassfish/jaxb/xsom/4.0.5/xsom-4.0.5.jar:/home/runner/.m2/repository/com/sun/istack/istack-commons-runtime/4.1.2/istack-commons-runtime-4.1.2.jar:/home/runner/.m2/repository/com/sun/istack/istack-commons-tools/4.1.2/istack-commons-tools-4.1.2.jar:/home/runner/.m2/repository/com/sun/xml/bind/external/relaxng-datatype/4.0.5/relaxng-datatype-4.0.5.jar:/home/runner/.m2/repository/com/sun/xml/bind/external/rngom/4.0.5/rngom-4.0.5.jar:/home/runner/.m2/repository/org/testcontainers/mssqlserver/1.20.6/mssqlserver-1.20.6.jar:/home/runner/.m2/repository/org/testcontainers/jdbc/1.20.6/jdbc-1.20.6.jar:/home/runner/.m2/repository/org/testcontainers/database-commons/1.20.6/database-commons-1.20.6.jar:/home/runner/.m2/repository/org/testcontainers/mysql/1.20.6/mysql-1.20.6.jar:/home/runner/.m2/repository/io/strimzi/strimzi-test-container/0.112.0/strimzi-test-container-0.112.0.jar:/home/runner/.m2/repository/org/testcontainers/toxiproxy/1.20.6/toxiproxy-1.20.6.jar:/home/runner/.m2/repository/com/github/docker-java/docker-java-api/3.4.1/docker-java-api-3.4.1.jar:/home/runner/.m2/repository/org/apache/logging/log4j/log4j-slf4j-impl/2.19.0/log4j-slf4j-impl-2.19.0.jar:/home/runner/.m2/repository/org/apache/logging/log4j/log4j-api/2.24.3/log4j-api-2.24.3.jar:/home/runner/.m2/repository/org/apache/logging/log4j/log4j-core/2.19.0/log4j-core-2.19.0.jar:/home/runner/.m2/repository/eu/rekawek/toxiproxy/toxiproxy-java/2.1.7/toxiproxy-java-2.1.7.jar:/home/runner/.m2/repository/org/testcontainers/pulsar/1.21.3/pulsar-1.21.3.jar:/home/runner/.m2/repository/io/debezium/debezium-testing-testcontainers/2.7.4.Final/debezium-testing-testcontainers-2.7.4.Final.jar:/home/runner/.m2/repository/org/testcontainers/kafka/1.20.6/kafka-1.20.6.jar:/home/runner/.m2/repository/com/squareup/okhttp3/okhttp/4.8.1/okhttp-4.8.1.jar:/home/runner/.m2/repository/com/squareup/okio/okio/3.10.2/okio-3.10.2.jar:/home/runner/.m2/repository/com/squareup/okio/okio-jvm/3.10.2/okio-jvm-3.10.2.jar:/home/runner/.m2/repository/org/jetbrains/kotlin/kotlin-stdlib/2.0.21/kotlin-stdlib-2.0.21.jar:/home/runner/.m2/repository/org/awaitility/awaitility/4.3.0/awaitility-4.3.0.jar:/home/runner/.m2/repository/org/testcontainers/mongodb/1.20.6/mongodb-1.20.6.jar:/home/runner/.m2/repository/org/testcontainers/mariadb/1.20.6/mariadb-1.20.6.jar:/home/runner/.m2/repository/org/testcontainers/oracle-xe/1.20.6/oracle-xe-1.20.6.jar:/home/runner/.m2/repository/org/testcontainers/postgresql/1.20.6/postgresql-1.20.6.jar:/home/runner/.m2/repository/org/wiremock/wiremock/3.0.1/wiremock-3.0.1.jar:/home/runner/.m2/repository/org/eclipse/jetty/jetty-server/11.0.15/jetty-server-11.0.15.jar:/home/runner/.m2/repository/org/eclipse/jetty/toolchain/jetty-jakarta-servlet-api/5.0.2/jetty-jakarta-servlet-api-5.0.2.jar:/home/runner/.m2/repository/org/eclipse/jetty/jetty-http/11.0.15/jetty-http-11.0.15.jar:/home/runner/.m2/repository/org/eclipse/jetty/jetty-io/11.0.15/jetty-io-11.0.15.jar:/home/runner/.m2/repository/org/eclipse/jetty/jetty-servlet/11.0.15/jetty-servlet-11.0.15.jar:/home/runner/.m2/repository/org/eclipse/jetty/jetty-security/11.0.15/jetty-security-11.0.15.jar:/home/runner/.m2/repository/org/eclipse/jetty/jetty-servlets/11.0.15/jetty-servlets-11.0.15.jar:/home/runner/.m2/repository/org/eclipse/jetty/jetty-util/11.0.15/jetty-util-11.0.15.jar:/home/runner/.m2/repository/org/eclipse/jetty/jetty-webapp/11.0.15/jetty-webapp-11.0.15.jar:/home/runner/.m2/repository/org/eclipse/jetty/jetty-xml/11.0.15/jetty-xml-11.0.15.jar:/home/runner/.m2/repository/org/eclipse/jetty/jetty-proxy/11.0.15/jetty-proxy-11.0.15.jar:/home/runner/.m2/repository/org/eclipse/jetty/jetty-client/11.0.15/jetty-client-11.0.15.jar:/home/runner/.m2/repository/org/eclipse/jetty/http2/http2-server/11.0.15/http2-server-11.0.15.jar:/home/runner/.m2/repository/org/eclipse/jetty/http2/http2-common/11.0.15/http2-common-11.0.15.jar:/home/runner/.m2/repository/org/eclipse/jetty/http2/http2-hpack/11.0.15/http2-hpack-11.0.15.jar:/home/runner/.m2/repository/org/eclipse/jetty/jetty-alpn-server/11.0.15/jetty-alpn-server-11.0.15.jar:/home/runner/.m2/repository/org/eclipse/jetty/jetty-alpn-java-server/11.0.15/jetty-alpn-java-server-11.0.15.jar:/home/runner/.m2/repository/org/eclipse/jetty/jetty-alpn-java-client/11.0.15/jetty-alpn-java-client-11.0.15.jar:/home/runner/.m2/repository/org/eclipse/jetty/jetty-alpn-client/11.0.15/jetty-alpn-client-11.0.15.jar:/home/runner/.m2/repository/org/apache/httpcomponents/client5/httpclient5/5.2.1/httpclient5-5.2.1.jar:/home/runner/.m2/repository/org/apache/httpcomponents/core5/httpcore5/5.2/httpcore5-5.2.jar:/home/runner/.m2/repository/org/apache/httpcomponents/core5/httpcore5-h2/5.2/httpcore5-h2-5.2.jar:/home/runner/.m2/repository/org/xmlunit/xmlunit-core/2.9.1/xmlunit-core-2.9.1.jar:/home/runner/.m2/repository/jakarta/xml/bind/jakarta.xml.bind-api/4.0.2/jakarta.xml.bind-api-4.0.2.jar:/home/runner/.m2/repository/org/xmlunit/xmlunit-legacy/2.9.1/xmlunit-legacy-2.9.1.jar:/home/runner/.m2/repository/org/xmlunit/xmlunit-placeholders/2.9.1/xmlunit-placeholders-2.9.1.jar:/home/runner/.m2/repository/net/javacrumbs/json-unit/json-unit-core/2.38.0/json-unit-core-2.38.0.jar:/home/runner/.m2/repository/org/hamcrest/hamcrest-core/2.2/hamcrest-core-2.2.jar:/home/runner/.m2/repository/com/jayway/jsonpath/json-path/2.8.0/json-path-2.8.0.jar:/home/runner/.m2/repository/net/minidev/json-smart/2.4.10/json-smart-2.4.10.jar:/home/runner/.m2/repository/net/minidev/accessors-smart/2.4.9/accessors-smart-2.4.9.jar:/home/runner/.m2/repository/org/ow2/asm/asm/9.7.1/asm-9.7.1.jar:/home/runner/.m2/repository/net/sf/jopt-simple/jopt-simple/5.0.4/jopt-simple-5.0.4.jar:/home/runner/.m2/repository/com/github/jknack/handlebars/4.3.1/handlebars-4.3.1.jar:/home/runner/.m2/repository/com/github/jknack/handlebars-helpers/4.3.1/handlebars-helpers-4.3.1.jar:/home/runner/.m2/repository/commons-fileupload/commons-fileupload/1.5/commons-fileupload-1.5.jar:/home/runner/.m2/repository/com/networknt/json-schema-validator/1.5.8/json-schema-validator-1.5.8.jar:/home/runner/.m2/repository/com/ethlo/time/itu/1.10.3/itu-1.10.3.jar:/home/runner/.m2/repository/io/quarkus/quarkus-smallrye-jwt-build/3.20.2/quarkus-smallrye-jwt-build-3.20.2.jar:/home/runner/.m2/repository/io/smallrye/smallrye-jwt-build/4.6.2/smallrye-jwt-build-4.6.2.jar:/home/runner/.m2/repository/org/eclipse/microprofile/jwt/microprofile-jwt-auth-api/2.1/microprofile-jwt-auth-api-2.1.jar:/home/runner/.m2/repository/org/bitbucket/b_c/jose4j/0.9.6/jose4j-0.9.6.jar:/home/runner/.m2/repository/io/smallrye/smallrye-jwt-common/4.6.2/smallrye-jwt-common-4.6.2.jar:/home/runner/.m2/repository/io/quarkus/quarkus-jsonp/3.20.2/quarkus-jsonp-3.20.2.jar:/home/runner/.m2/repository/io/quarkus/quarkus-arc/3.20.2/quarkus-arc-3.20.2.jar:/home/runner/.m2/repository/io/quarkus/arc/arc/3.20.2/arc-3.20.2.jar:/home/runner/.m2/repository/jakarta/transaction/jakarta.transaction-api/2.0.1/jakarta.transaction-api-2.0.1.jar:/home/runner/.m2/repository/io/smallrye/reactive/mutiny/2.9.2/mutiny-2.9.2.jar:/home/runner/.m2/repository/org/jctools/jctools-core/4.0.5/jctools-core-4.0.5.jar:/home/runner/.m2/repository/org/eclipse/microprofile/context-propagation/microprofile-context-propagation-api/1.3/microprofile-context-propagation-api-1.3.jar:/home/runner/.m2/repository/io/apicurio/apicurio-common-rest-client-common/0.1.18.Final/apicurio-common-rest-client-common-0.1.18.Final.jar:/home/runner/work/apicurio-testing/apicurio-testing/clusters/ci419/namespaces/mysql/tests/integration/apicurio-registry/utils/maven-plugin/target/apicurio-registry-maven-plugin-3.0.15.jar:/home/runner/.m2/repository/com/fasterxml/jackson/core/jackson-databind/2.18.2/jackson-databind-2.18.2.jar:/home/runner/.m2/repository/org/apache/avro/avro/1.12.0/avro-1.12.0.jar:/home/runner/.m2/repository/com/google/protobuf/protobuf-java/4.32.1/protobuf-java-4.32.1.jar:/home/runner/.m2/repository/com/google/protobuf/protobuf-java-util/4.32.1/protobuf-java-util-4.32.1.jar:/home/runner/.m2/repository/com/google/code/findbugs/jsr305/3.0.2/jsr305-3.0.2.jar:/home/runner/.m2/repository/com/google/code/gson/gson/2.12.1/gson-2.12.1.jar:/home/runner/.m2/repository/com/google/errorprone/error_prone_annotations/2.36.0/error_prone_annotations-2.36.0.jar:/home/runner/.m2/repository/com/google/j2objc/j2objc-annotations/2.8/j2objc-annotations-2.8.jar:/home/runner/work/apicurio-testing/apicurio-testing/clusters/ci419/namespaces/mysql/tests/integration/apicurio-registry/schema-util/util-provider/target/apicurio-registry-schema-util-provider-3.0.15.jar:/home/runner/work/apicurio-testing/apicurio-testing/clusters/ci419/namespaces/mysql/tests/integration/apicurio-registry/schema-util/common/target/apicurio-registry-schema-util-common-3.0.15.jar:/home/runner/.m2/repository/com/fasterxml/jackson/module/jackson-module-parameter-names/2.18.2/jackson-module-parameter-names-2.18.2.jar:/home/runner/.m2/repository/com/fasterxml/jackson/datatype/jackson-datatype-json-org/2.18.2/jackson-datatype-json-org-2.18.2.jar:/home/runner/work/apicurio-testing/apicurio-testing/clusters/ci419/namespaces/mysql/tests/integration/apicurio-registry/schema-util/json/target/apicurio-registry-schema-util-json-3.0.15.jar:/home/runner/.m2/repository/com/github/erosb/everit-json-schema/1.14.5/everit-json-schema-1.14.5.jar:/home/runner/.m2/repository/commons-validator/commons-validator/1.9.0/commons-validator-1.9.0.jar:/home/runner/.m2/repository/commons-digester/commons-digester/2.1/commons-digester-2.1.jar:/home/runner/.m2/repository/commons-collections/commons-collections/3.2.2/commons-collections-3.2.2.jar:/home/runner/.m2/repository/com/damnhandy/handy-uri-templates/2.1.8/handy-uri-templates-2.1.8.jar:/home/runner/.m2/repository/joda-time/joda-time/2.10.2/joda-time-2.10.2.jar:/home/runner/.m2/repository/com/github/erosb/json-sKema/0.20.0/json-sKema-0.20.0.jar:/home/runner/.m2/repository/io/vertx/vertx-json-schema/4.5.16/vertx-json-schema-4.5.16.jar:/home/runner/work/apicurio-testing/apicurio-testing/clusters/ci419/namespaces/mysql/tests/integration/apicurio-registry/schema-util/protobuf/target/apicurio-registry-schema-util-protobuf-3.0.15.jar:/home/runner/work/apicurio-testing/apicurio-testing/clusters/ci419/namespaces/mysql/tests/integration/apicurio-registry/utils/protobuf-schema-utilities/target/apicurio-registry-protobuf-schema-utilities-3.0.15.jar:/home/runner/.m2/repository/com/google/api/grpc/proto-google-common-protos/2.52.0/proto-google-common-protos-2.52.0.jar:/home/runner/.m2/repository/com/squareup/wire/wire-schema-jvm/5.3.3/wire-schema-jvm-5.3.3.jar:/home/runner/.m2/repository/com/palantir/javapoet/javapoet/0.6.0/javapoet-0.6.0.jar:/home/runner/.m2/repository/com/squareup/kotlinpoet-jvm/2.0.0/kotlinpoet-jvm-2.0.0.jar:/home/runner/.m2/repository/org/jetbrains/kotlin/kotlin-reflect/2.0.21/kotlin-reflect-2.0.21.jar:/home/runner/.m2/repository/com/squareup/wire/wire-runtime-jvm/5.3.3/wire-runtime-jvm-5.3.3.jar:/home/runner/.m2/repository/com/ibm/icu/icu4j/76.1/icu4j-76.1.jar:/home/runner/.m2/repository/com/squareup/okio/okio-fakefilesystem/3.10.2/okio-fakefilesystem-3.10.2.jar:/home/runner/.m2/repository/com/squareup/okio/okio-fakefilesystem-jvm/3.10.2/okio-fakefilesystem-jvm-3.10.2.jar:/home/runner/.m2/repository/org/jetbrains/kotlinx/kotlinx-datetime-jvm/0.6.1/kotlinx-datetime-jvm-0.6.1.jar:/home/runner/work/apicurio-testing/apicurio-testing/clusters/ci419/namespaces/mysql/tests/integration/apicurio-registry/schema-util/asyncapi/target/apicurio-registry-schema-util-asyncapi-3.0.15.jar:/home/runner/work/apicurio-testing/apicurio-testing/clusters/ci419/namespaces/mysql/tests/integration/apicurio-registry/schema-util/avro/target/apicurio-registry-schema-util-avro-3.0.15.jar:/home/runner/work/apicurio-testing/apicurio-testing/clusters/ci419/namespaces/mysql/tests/integration/apicurio-registry/schema-util/graphql/target/apicurio-registry-schema-util-graphql-3.0.15.jar:/home/runner/.m2/repository/com/graphql-java/graphql-java/22.4/graphql-java-22.4.jar:/home/runner/.m2/repository/com/graphql-java/java-dataloader/3.3.0/java-dataloader-3.3.0.jar:/home/runner/work/apicurio-testing/apicurio-testing/clusters/ci419/namespaces/mysql/tests/integration/apicurio-registry/schema-util/kconnect/target/apicurio-registry-schema-util-kconnect-3.0.15.jar:/home/runner/work/apicurio-testing/apicurio-testing/clusters/ci419/namespaces/mysql/tests/integration/apicurio-registry/schema-util/openapi/target/apicurio-registry-schema-util-openapi-3.0.15.jar:/home/runner/.m2/repository/io/apicurio/apicurio-data-models/2.2.2/apicurio-data-models-2.2.2.jar:/home/runner/.m2/repository/org/slf4j/jcl-over-slf4j/2.0.6/jcl-over-slf4j-2.0.6.jar:/home/runner/.m2/repository/org/openapitools/openapidiff/openapi-diff-core/2.1.2/openapi-diff-core-2.1.2.jar:/home/runner/.m2/repository/io/swagger/parser/v3/swagger-parser/2.1.28/swagger-parser-2.1.28.jar:/home/runner/.m2/repository/io/swagger/parser/v3/swagger-parser-v2-converter/2.1.28/swagger-parser-v2-converter-2.1.28.jar:/home/runner/.m2/repository/io/swagger/swagger-core/1.6.16/swagger-core-1.6.16.jar:/home/runner/.m2/repository/io/swagger/swagger-models/1.6.16/swagger-models-1.6.16.jar:/home/runner/.m2/repository/io/swagger/swagger-annotations/1.6.16/swagger-annotations-1.6.16.jar:/home/runner/.m2/repository/io/swagger/swagger-parser/1.0.75/swagger-parser-1.0.75.jar:/home/runner/.m2/repository/io/swagger/swagger-parser-safe-url-resolver/1.0.75/swagger-parser-safe-url-resolver-1.0.75.jar:/home/runner/.m2/repository/io/swagger/swagger-compat-spec-parser/1.0.75/swagger-compat-spec-parser-1.0.75.jar:/home/runner/.m2/repository/com/github/java-json-tools/json-schema-validator/2.2.14/json-schema-validator-2.2.14.jar:/home/runner/.m2/repository/com/github/java-json-tools/jackson-coreutils-equivalence/1.0/jackson-coreutils-equivalence-1.0.jar:/home/runner/.m2/repository/com/github/java-json-tools/json-schema-core/1.2.14/json-schema-core-1.2.14.jar:/home/runner/.m2/repository/com/github/java-json-tools/uri-template/0.10/uri-template-0.10.jar:/home/runner/.m2/repository/com/googlecode/libphonenumber/libphonenumber/8.11.1/libphonenumber-8.11.1.jar:/home/runner/.m2/repository/com/j2html/j2html/1.6.0/j2html-1.6.0.jar:/home/runner/.m2/repository/org/apache/commons/commons-collections4/4.5.0/commons-collections4-4.5.0.jar:/home/runner/.m2/repository/io/swagger/parser/v3/swagger-parser-v3/2.1.31/swagger-parser-v3-2.1.31.jar:/home/runner/.m2/repository/io/swagger/core/v3/swagger-models/2.2.34/swagger-models-2.2.34.jar:/home/runner/.m2/repository/io/swagger/core/v3/swagger-core/2.2.34/swagger-core-2.2.34.jar:/home/runner/.m2/repository/io/swagger/parser/v3/swagger-parser-core/2.1.31/swagger-parser-core-2.1.31.jar:/home/runner/.m2/repository/io/swagger/parser/v3/swagger-parser-safe-url-resolver/2.1.31/swagger-parser-safe-url-resolver-2.1.31.jar:/home/runner/work/apicurio-testing/apicurio-testing/clusters/ci419/namespaces/mysql/tests/integration/apicurio-registry/schema-util/wsdl/target/apicurio-registry-schema-util-wsdl-3.0.15.jar:/home/runner/.m2/repository/wsdl4j/wsdl4j/1.6.3/wsdl4j-1.6.3.jar:/home/runner/work/apicurio-testing/apicurio-testing/clusters/ci419/namespaces/mysql/tests/integration/apicurio-registry/schema-util/xml/target/apicurio-registry-schema-util-xml-3.0.15.jar:/home/runner/.m2/repository/org/apache/santuario/xmlsec/4.0.4/xmlsec-4.0.4.jar:/home/runner/.m2/repository/com/fasterxml/woodstox/woodstox-core/7.1.1/woodstox-core-7.1.1.jar:/home/runner/.m2/repository/org/codehaus/woodstox/stax2-api/4.2.2/stax2-api-4.2.2.jar:/home/runner/work/apicurio-testing/apicurio-testing/clusters/ci419/namespaces/mysql/tests/integration/apicurio-registry/schema-util/xsd/target/apicurio-registry-schema-util-xsd-3.0.15.jar:/home/runner/work/apicurio-testing/apicurio-testing/clusters/ci419/namespaces/mysql/tests/integration/apicurio-registry/serdes/kafka/jsonschema-serde/target/apicurio-registry-jsonschema-serde-kafka-3.0.15.jar:/home/runner/work/apicurio-testing/apicurio-testing/clusters/ci419/namespaces/mysql/tests/integration/apicurio-registry/serdes/kafka/serde-kafka-common/target/apicurio-registry-serde-kafka-common-3.0.15.jar:/home/runner/work/apicurio-testing/apicurio-testing/clusters/ci419/namespaces/mysql/tests/integration/apicurio-registry/serdes/generic/serde-common/target/apicurio-registry-serde-common-3.0.15.jar:/home/runner/work/apicurio-testing/apicurio-testing/clusters/ci419/namespaces/mysql/tests/integration/apicurio-registry/serdes/generic/serde-common-jsonschema/target/apicurio-registry-serde-common-jsonschema-3.0.15.jar:/home/runner/.m2/repository/org/json/json/20250107/json-20250107.jar:/home/runner/work/apicurio-testing/apicurio-testing/clusters/ci419/namespaces/mysql/tests/integration/apicurio-registry/serdes/kafka/avro-serde/target/apicurio-registry-avro-serde-kafka-3.0.15.jar:/home/runner/work/apicurio-testing/apicurio-testing/clusters/ci419/namespaces/mysql/tests/integration/apicurio-registry/serdes/generic/serde-common-avro/target/apicurio-registry-serde-common-avro-3.0.15.jar:/home/runner/work/apicurio-testing/apicurio-testing/clusters/ci419/namespaces/mysql/tests/integration/apicurio-registry/serdes/kafka/protobuf-serde/target/apicurio-registry-protobuf-serde-kafka-3.0.15.jar:/home/runner/work/apicurio-testing/apicurio-testing/clusters/ci419/namespaces/mysql/tests/integration/apicurio-registry/serdes/generic/serde-common-protobuf/target/apicurio-registry-serde-common-protobuf-3.0.15.jar:/home/runner/.m2/repository/com/squareup/wire/wire-schema/5.3.3/wire-schema-5.3.3.jar:/home/runner/.m2/repository/com/squareup/wire/wire-runtime/5.3.3/wire-runtime-5.3.3.jar:/home/runner/work/apicurio-testing/apicurio-testing/clusters/ci419/namespaces/mysql/tests/integration/apicurio-registry/serdes/pulsar/avro-serde/target/apicurio-registry-avro-serde-pulsar-3.0.15.jar:/home/runner/.m2/repository/org/apache/pulsar/pulsar-functions-api/3.3.8/pulsar-functions-api-3.3.8.jar:/home/runner/work/apicurio-testing/apicurio-testing/clusters/ci419/namespaces/mysql/tests/integration/apicurio-registry/serdes/nats/avro-serde/target/apicurio-registry-avro-serde-nats-3.0.15.jar:/home/runner/.m2/repository/io/nats/jnats/2.21.4/jnats-2.21.4.jar:/home/runner/.m2/repository/org/bouncycastle/bcprov-lts8on/2.73.7/bcprov-lts8on-2.73.7.jar:/home/runner/.m2/repository/org/jetbrains/annotations/26.0.2/annotations-26.0.2.jar:/home/runner/work/apicurio-testing/apicurio-testing/clusters/ci419/namespaces/mysql/tests/integration/apicurio-registry/utils/converter/target/apicurio-registry-utils-converter-3.0.15.jar:/home/runner/work/apicurio-testing/apicurio-testing/clusters/ci419/namespaces/mysql/tests/integration/apicurio-registry/schema-resolver/target/apicurio-registry-schema-resolver-3.0.15.jar:/home/runner/.m2/repository/org/apache/kafka/connect-api/3.9.1/connect-api-3.9.1.jar:/home/runner/.m2/repository/javax/ws/rs/javax.ws.rs-api/2.1.1/javax.ws.rs-api-2.1.1.jar:/home/runner/.m2/repository/org/apache/kafka/connect-json/3.9.1/connect-json-3.9.1.jar:/home/runner/.m2/repository/com/fasterxml/jackson/datatype/jackson-datatype-jdk8/2.18.2/jackson-datatype-jdk8-2.18.2.jar:/home/runner/.m2/repository/com/fasterxml/jackson/module/jackson-module-afterburner/2.18.2/jackson-module-afterburner-2.18.2.jar:/home/runner/work/apicurio-testing/apicurio-testing/clusters/ci419/namespaces/mysql/tests/integration/apicurio-registry/utils/kafka/target/apicurio-registry-utils-kafka-3.0.15.jar:/home/runner/.m2/repository/org/apache/pulsar/pulsar-client/3.3.8/pulsar-client-3.3.8.jar:/home/runner/.m2/repository/org/apache/pulsar/pulsar-client-api/3.3.8/pulsar-client-api-3.3.8.jar:/home/runner/.m2/repository/org/apache/pulsar/pulsar-client-admin-api/3.3.8/pulsar-client-admin-api-3.3.8.jar:/home/runner/.m2/repository/org/apache/pulsar/bouncy-castle-bc/3.3.8/bouncy-castle-bc-3.3.8-pkg.jar:/home/runner/.m2/repository/org/bouncycastle/bcpkix-jdk18on/1.81/bcpkix-jdk18on-1.81.jar:/home/runner/.m2/repository/org/bouncycastle/bcutil-jdk18on/1.81/bcutil-jdk18on-1.81.jar:/home/runner/.m2/repository/org/bouncycastle/bcprov-jdk18on/1.81/bcprov-jdk18on-1.81.jar:/home/runner/.m2/repository/io/opentelemetry/opentelemetry-api/1.44.1/opentelemetry-api-1.44.1.jar:/home/runner/.m2/repository/io/opentelemetry/opentelemetry-context/1.44.1/opentelemetry-context-1.44.1.jar:/home/runner/.m2/repository/io/opentelemetry/opentelemetry-api-incubator/1.44.1-alpha/opentelemetry-api-incubator-1.44.1-alpha.jar:/home/runner/.m2/repository/com/fasterxml/jackson/core/jackson-annotations/2.18.2/jackson-annotations-2.18.2.jar:/home/runner/.m2/repository/javax/validation/validation-api/1.1.0.Final/validation-api-1.1.0.Final.jar:/home/runner/.m2/repository/org/jspecify/jspecify/1.0.0/jspecify-1.0.0.jar:/home/runner/.m2/repository/org/apache/commons/commons-configuration2/2.12.0/commons-configuration2-2.12.0.jar:/home/runner/.m2/repository/commons-logging/commons-logging/1.3.5/commons-logging-1.3.5.jar:/home/runner/.m2/repository/org/apache/commons/commons-text/1.13.0/commons-text-1.13.0.jar:/home/runner/.m2/repository/io/confluent/kafka-avro-serializer/8.0.0/kafka-avro-serializer-8.0.0.jar:/home/runner/.m2/repository/org/apache/commons/commons-compress/1.27.1/commons-compress-1.27.1.jar:/home/runner/.m2/repository/io/confluent/kafka-schema-serializer/8.0.0/kafka-schema-serializer-8.0.0.jar:/home/runner/.m2/repository/com/fasterxml/jackson/dataformat/jackson-dataformat-csv/2.18.2/jackson-dataformat-csv-2.18.2.jar:/home/runner/.m2/repository/io/confluent/kafka-schema-registry-client/8.0.0/kafka-schema-registry-client-8.0.0.jar:/home/runner/.m2/repository/org/yaml/snakeyaml/2.3/snakeyaml-2.3.jar:/home/runner/.m2/repository/io/swagger/core/v3/swagger-annotations/2.2.29/swagger-annotations-2.2.29.jar:/home/runner/.m2/repository/com/google/guava/guava/33.4.0-jre/guava-33.4.0-jre.jar:/home/runner/.m2/repository/com/google/guava/failureaccess/1.0.1/failureaccess-1.0.1.jar:/home/runner/.m2/repository/org/checkerframework/checker-qual/3.49.0/checker-qual-3.49.0.jar:/home/runner/.m2/repository/io/confluent/logredactor/1.0.13/logredactor-1.0.13.jar:/home/runner/.m2/repository/com/google/re2j/re2j/1.6/re2j-1.6.jar:/home/runner/.m2/repository/io/confluent/logredactor-metrics/1.0.13/logredactor-metrics-1.0.13.jar:/home/runner/.m2/repository/com/eclipsesource/minimal-json/minimal-json/0.9.5/minimal-json-0.9.5.jar:/home/runner/.m2/repository/io/confluent/common-utils/8.0.0/common-utils-8.0.0.jar:/home/runner/.m2/repository/io/confluent/kafka-connect-avro-converter/8.0.0/kafka-connect-avro-converter-8.0.0.jar:/home/runner/.m2/repository/io/confluent/kafka-connect-avro-data/8.0.0/kafka-connect-avro-data-8.0.0.jar:/home/runner/.m2/repository/io/confluent/kafka-schema-converter/8.0.0/kafka-schema-converter-8.0.0.jar:/home/runner/.m2/repository/io/rest-assured/rest-assured/5.5.1/rest-assured-5.5.1.jar:/home/runner/.m2/repository/org/apache/groovy/groovy/4.0.22/groovy-4.0.22.jar:/home/runner/.m2/repository/org/apache/groovy/groovy-xml/4.0.22/groovy-xml-4.0.22.jar:/home/runner/.m2/repository/org/apache/httpcomponents/httpclient/4.5.14/httpclient-4.5.14.jar:/home/runner/.m2/repository/org/apache/httpcomponents/httpcore/4.4.16/httpcore-4.4.16.jar:/home/runner/.m2/repository/org/apache/httpcomponents/httpmime/4.5.14/httpmime-4.5.14.jar:/home/runner/.m2/repository/org/hamcrest/hamcrest/2.2/hamcrest-2.2.jar:/home/runner/.m2/repository/org/ccil/cowan/tagsoup/tagsoup/1.2.1/tagsoup-1.2.1.jar:/home/runner/.m2/repository/io/rest-assured/json-path/5.5.1/json-path-5.5.1.jar:/home/runner/.m2/repository/org/apache/groovy/groovy-json/4.0.22/groovy-json-4.0.22.jar:/home/runner/.m2/repository/io/rest-assured/rest-assured-common/5.5.1/rest-assured-common-5.5.1.jar:/home/runner/.m2/repository/io/rest-assured/xml-path/5.5.1/xml-path-5.5.1.jar:/home/runner/.m2/repository/io/zonky/test/embedded-postgres/2.1.0/embedded-postgres-2.1.0.jar:/home/runner/.m2/repository/io/zonky/test/postgres/embedded-postgres-binaries-windows-amd64/14.15.0/embedded-postgres-binaries-windows-amd64-14.15.0.jar:/home/runner/.m2/repository/io/zonky/test/postgres/embedded-postgres-binaries-darwin-amd64/14.15.0/embedded-postgres-binaries-darwin-amd64-14.15.0.jar:/home/runner/.m2/repository/io/zonky/test/postgres/embedded-postgres-binaries-linux-amd64/14.15.0/embedded-postgres-binaries-linux-amd64-14.15.0.jar:/home/runner/.m2/repository/io/zonky/test/postgres/embedded-postgres-binaries-linux-amd64-alpine/14.15.0/embedded-postgres-binaries-linux-amd64-alpine-14.15.0.jar:/home/runner/.m2/repository/org/apache/commons/commons-lang3/3.17.0/commons-lang3-3.17.0.jar:/home/runner/.m2/repository/org/tukaani/xz/1.10/xz-1.10.jar:/home/runner/.m2/repository/commons-codec/commons-codec/1.19.0/commons-codec-1.19.0.jar:/home/runner/.m2/repository/org/postgresql/postgresql/42.7.7/postgresql-42.7.7.jar:/home/runner/.m2/repository/commons-io/commons-io/2.18.0/commons-io-2.18.0.jar:/home/runner/work/apicurio-testing/apicurio-testing/clusters/ci419/namespaces/mysql/tests/integration/apicurio-registry/utils/importexport/target/apicurio-registry-utils-import-export-3.0.15.jar:/home/runner/.m2/repository/io/vertx/vertx-core/4.5.16/vertx-core-4.5.16.jar:/home/runner/.m2/repository/io/netty/netty-common/4.1.121.Final/netty-common-4.1.121.Final.jar:/home/runner/.m2/repository/io/netty/netty-buffer/4.1.121.Final/netty-buffer-4.1.121.Final.jar:/home/runner/.m2/repository/io/netty/netty-transport/4.1.121.Final/netty-transport-4.1.121.Final.jar:/home/runner/.m2/repository/io/netty/netty-handler/4.1.121.Final/netty-handler-4.1.121.Final.jar:/home/runner/.m2/repository/io/netty/netty-transport-native-unix-common/4.1.121.Final/netty-transport-native-unix-common-4.1.121.Final.jar:/home/runner/.m2/repository/io/netty/netty-codec/4.1.121.Final/netty-codec-4.1.121.Final.jar:/home/runner/.m2/repository/io/netty/netty-handler-proxy/4.1.121.Final/netty-handler-proxy-4.1.121.Final.jar:/home/runner/.m2/repository/io/netty/netty-codec-socks/4.1.121.Final/netty-codec-socks-4.1.121.Final.jar:/home/runner/.m2/repository/io/netty/netty-codec-http/4.1.121.Final/netty-codec-http-4.1.121.Final.jar:/home/runner/.m2/repository/io/netty/netty-codec-http2/4.1.121.Final/netty-codec-http2-4.1.121.Final.jar:/home/runner/.m2/repository/io/netty/netty-resolver/4.1.121.Final/netty-resolver-4.1.121.Final.jar:/home/runner/.m2/repository/io/netty/netty-resolver-dns/4.1.121.Final/netty-resolver-dns-4.1.121.Final.jar:/home/runner/.m2/repository/io/netty/netty-codec-dns/4.1.121.Final/netty-codec-dns-4.1.121.Final.jar:/home/runner/.m2/repository/com/fasterxml/jackson/core/jackson-core/2.18.2/jackson-core-2.18.2.jar:"/>
    <property name="sun.cpu.endian" value="little"/>
    <property name="user.home" value="/home/runner"/>
    <property name="user.language" value="en"/>
    <property name="jboss.log-version" value="false"/>
    <property name="java.specification.vendor" value="Oracle Corporation"/>
    <property name="java.version.date" value="2025-07-15"/>
    <property name="java.home" value="/usr/lib/jvm/temurin-17-jdk-amd64"/>
    <property name="file.separator" value="/"/>
    <property name="basedir" value="/home/runner/work/apicurio-testing/apicurio-testing/clusters/ci419/namespaces/mysql/tests/integration/apicurio-registry/integration-tests"/>
    <property name="java.vm.compressedOopsMode" value="Zero based"/>
    <property name="line.separator" value="&#10;"/>
    <property name="java.specification.name" value="Java Platform API Specification"/>
    <property name="java.vm.specification.vendor" value="Oracle Corporation"/>
    <property name="quarkus.http.test-host" value="registry-app-mysql.apps.ci419.apicurio-testing.org"/>
    <property name="surefire.real.class.path" value="/home/runner/work/apicurio-testing/apicurio-testing/clusters/ci419/namespaces/mysql/tests/integration/apicurio-registry/integration-tests/target/surefire/surefirebooter-20250926181229775_3.jar"/>
    <property name="sun.management.compiler" value="HotSpot 64-Bit Tiered Compilers"/>
    <property name="org.eclipse.jetty.http.HttpGenerator.STRICT" value="true"/>
    <property name="java.runtime.version" value="17.0.16+8"/>
    <property name="user.name" value="runner"/>
    <property name="path.separator" value=":"/>
    <property name="os.version" value="6.11.0-1018-azure"/>
    <property name="java.runtime.name" value="OpenJDK Runtime Environment"/>
    <property name="file.encoding" value="UTF-8"/>
    <property name="jnidispatch.path" value="/home/runner/.cache/JNA/temp/jna6117662500488172040.tmp"/>
    <property name="java.vm.name" value="OpenJDK 64-Bit Server VM"/>
    <property name="jna.platform.library.path" value="/usr/lib/x86_64-linux-gnu:/lib/x86_64-linux-gnu:/usr/lib64:/lib64:/usr/lib:/lib:/lib32:/usr/local/lib:/usr/lib/x86_64-linux-gnu/libfakeroot"/>
    <property name="java.vendor.version" value="Temurin-17.0.16+8"/>
    <property name="quarkus.oidc.token-path" value="https://keycloak-mysql.apps.ci419.apicurio-testing.org/realms/registry/protocol/openid-connect/token"/>
    <property name="quarkus.http.host" value="registry-app-mysql.apps.ci419.apicurio-testing.org"/>
    <property name="localRepository" value="/home/runner/.m2/repository"/>
    <property name="javax.xml.xpath.XPathFactory:http://java.sun.com/jaxp/xpath/dom" value="com.sun.org.apache.xpath.internal.jaxp.XPathFactoryImpl"/>
    <property name="jna.loaded" value="true"/>
    <property name="java.vendor.url.bug" value="https://github.com/adoptium/adoptium-support/issues"/>
    <property name="jetty.git.hash" value="5bc5e562c8d05c5862505aebe5cf83a61bdbcb96"/>
    <property name="java.io.tmpdir" value="/tmp"/>
    <property name="quarkus.http.test-protocol" value="http"/>
    <property name="java.version" value="17.0.16"/>
    <property name="user.dir" value="/home/runner/work/apicurio-testing/apicurio-testing/clusters/ci419/namespaces/mysql/tests/integration/apicurio-registry/integration-tests"/>
    <property name="os.arch" value="amd64"/>
    <property name="groups" value="( smoke | serdes | acceptance | ui)"/>
    <property name="java.vm.specification.name" value="Java Virtual Machine Specification"/>
    <property name="native.encoding" value="UTF-8"/>
    <property name="java.util.logging.manager" value="org.jboss.logmanager.LogManager"/>
    <property name="java.library.path" value="/usr/java/packages/lib:/usr/lib64:/lib64:/lib:/usr/lib"/>
    <property name="jdk.console" value="java.base"/>
    <property name="java.vm.info" value="mixed mode, sharing"/>
    <property name="java.vendor" value="Eclipse Adoptium"/>
    <property name="java.vm.version" value="17.0.16+8"/>
    <property name="java.specification.maintenance.version" value="1"/>
    <property name="sun.io.unicode.encoding" value="UnicodeLittle"/>
    <property name="javax.xml.transform.TransformerFactory" value="com.sun.org.apache.xalan.internal.xsltc.trax.TransformerFactoryImpl"/>
    <property name="java.class.version" value="61.0"/>
  </properties>
  <testcase name="testGlobalIdInHeaders" classname="io.apicurio.tests.serdes.apicurio.AvroSerdeIT" time="5.516">
    <system-out><![CDATA[**** Registry Base URL: http://registry-app-mysql.apps.ci419.apicurio-testing.org:80
**** Registry Base URL: http://registry-app-mysql.apps.ci419.apicurio-testing.org:80
2025-09-26 18:12:38,247 INFO  [io.api.tes.ser.api.AvroSerdeIT] (main) RestAssured configured with http://registry-app-mysql.apps.ci419.apicurio-testing.org:80/apis/registry/v3
2025-09-26 18:12:38,264 INFO  [io.api.tes.uti.KafkaFacade] (main) Starting kafka container
2025-09-26 18:12:38,306 INFO  [org.tes.ima.PullPolicy] (main) Image pull policy will be performed by: DefaultPullPolicy()
2025-09-26 18:12:38,308 INFO  [org.tes.uti.ImageNameSubstitutor] (main) Image name substitution will be performed by: DefaultImageNameSubstitutor (composite of 'ConfigurationFileImageNameSubstitutor' and 'PrefixingImageNameSubstitutor')
2025-09-26 18:12:38,318 INFO  [org.tes.DockerClientFactory] (main) Testcontainers version: 1.20.6
2025-09-26 18:12:38,744 INFO  [org.tes.doc.DockerClientProviderStrategy] (main) Found Docker environment with local Unix socket (unix:///var/run/docker.sock)
2025-09-26 18:12:38,751 INFO  [org.tes.DockerClientFactory] (main) Docker host IP address is localhost
2025-09-26 18:12:38,764 INFO  [org.tes.DockerClientFactory] (main) Connected to docker: 
  Server Version: 28.0.4
  API Version: 1.48
  Operating System: Ubuntu 24.04.3 LTS
  Total Memory: 15995 MB
2025-09-26 18:12:38,790 INFO  [tc.tes.11.0] (main) Pulling docker image: testcontainers/ryuk:0.11.0. Please be patient; this may take some time but only needs to be done once.
2025-09-26 18:12:39,013 INFO  [tc.tes.11.0] (docker-java-stream--1295187651) Starting to pull image
2025-09-26 18:12:39,045 INFO  [tc.tes.11.0] (docker-java-stream--1295187651) Pulling image layers:  0 pending,  0 downloaded,  0 extracted, (0 bytes/0 bytes)
2025-09-26 18:12:39,149 INFO  [tc.tes.11.0] (docker-java-stream--1295187651) Pulling image layers:  2 pending,  1 downloaded,  0 extracted, (78 KB/? MB)
2025-09-26 18:12:39,173 INFO  [tc.tes.11.0] (docker-java-stream--1295187651) Pulling image layers:  1 pending,  2 downloaded,  0 extracted, (114 KB/? MB)
2025-09-26 18:12:39,196 INFO  [tc.tes.11.0] (docker-java-stream--1295187651) Pulling image layers:  0 pending,  3 downloaded,  0 extracted, (142 KB/10 MB)
2025-09-26 18:12:39,275 INFO  [tc.tes.11.0] (docker-java-stream--1295187651) Pulling image layers:  0 pending,  3 downloaded,  1 extracted, (3 MB/10 MB)
2025-09-26 18:12:39,682 INFO  [tc.tes.11.0] (docker-java-stream--1295187651) Pulling image layers:  0 pending,  3 downloaded,  2 extracted, (4 MB/10 MB)
2025-09-26 18:12:39,715 INFO  [tc.tes.11.0] (docker-java-stream--1295187651) Pulling image layers:  0 pending,  3 downloaded,  3 extracted, (10 MB/10 MB)
2025-09-26 18:12:39,721 INFO  [tc.tes.11.0] (main) Image testcontainers/ryuk:0.11.0 pull took PT0.930637518S
2025-09-26 18:12:39,736 INFO  [tc.tes.11.0] (main) Creating container for image: testcontainers/ryuk:0.11.0
2025-09-26 18:12:39,789 INFO  [tc.tes.11.0] (main) Container testcontainers/ryuk:0.11.0 is starting: 4eed64e7fa358de9e924ba3cfdc7306c8bade5297e77ae01e656877e9ca5d8d5
2025-09-26 18:12:40,085 INFO  [tc.tes.11.0] (main) Container testcontainers/ryuk:0.11.0 started in PT0.348196106S
2025-09-26 18:12:40,089 INFO  [org.tes.uti.RyukResourceReaper] (main) Ryuk started - will monitor and terminate Testcontainers containers on JVM exit
2025-09-26 18:12:40,089 INFO  [org.tes.DockerClientFactory] (main) Checking the system...
2025-09-26 18:12:40,089 INFO  [org.tes.DockerClientFactory] (main) ✔︎ Docker server version should be at least 1.6.0
2025-09-26 18:12:40,092 INFO  [io.str.tes.con.KafkaVersionService] (main) Latest release of Kafka is:LogicalKafkaVersionEntity{version='4.1.0', image='quay.io/strimzi-test-container/test-container:0.112.0-kafka-4.1.0'}
2025-09-26 18:12:40,092 INFO  [io.str.tes.con.KafkaVersionService] (main) Latest release of Kafka is:LogicalKafkaVersionEntity{version='4.1.0', image='quay.io/strimzi-test-container/test-container:0.112.0-kafka-4.1.0'}
2025-09-26 18:12:40,092 INFO  [io.str.tes.con.KafkaVersionService] (main) No Kafka version specified. Using latest release: 4.1.0
2025-09-26 18:12:40,096 INFO  [tc.qua.io/.112.0-k.1.0] (main) Pulling docker image: quay.io/strimzi-test-container/test-container:0.112.0-kafka-4.1.0. Please be patient; this may take some time but only needs to be done once.
2025-09-26 18:12:40,606 INFO  [tc.qua.io/.112.0-k.1.0] (docker-java-stream--1807218272) Starting to pull image
2025-09-26 18:12:40,607 INFO  [tc.qua.io/.112.0-k.1.0] (docker-java-stream--1807218272) Pulling image layers:  0 pending,  0 downloaded,  0 extracted, (0 bytes/0 bytes)
2025-09-26 18:12:40,937 INFO  [tc.qua.io/.112.0-k.1.0] (docker-java-stream--1807218272) Pulling image layers:  6 pending,  1 downloaded,  0 extracted, (3 MB/? MB)
2025-09-26 18:12:40,990 INFO  [tc.qua.io/.112.0-k.1.0] (docker-java-stream--1807218272) Pulling image layers:  5 pending,  2 downloaded,  0 extracted, (3 MB/? MB)
2025-09-26 18:12:41,300 INFO  [tc.qua.io/.112.0-k.1.0] (docker-java-stream--1807218272) Pulling image layers:  4 pending,  3 downloaded,  0 extracted, (64 MB/? MB)
2025-09-26 18:12:41,435 INFO  [tc.qua.io/.112.0-k.1.0] (docker-java-stream--1807218272) Pulling image layers:  3 pending,  4 downloaded,  0 extracted, (77 MB/? MB)
2025-09-26 18:12:41,523 INFO  [tc.qua.io/.112.0-k.1.0] (docker-java-stream--1807218272) Pulling image layers:  2 pending,  5 downloaded,  0 extracted, (91 MB/? MB)
2025-09-26 18:12:42,142 INFO  [tc.qua.io/.112.0-k.1.0] (docker-java-stream--1807218272) Pulling image layers:  1 pending,  6 downloaded,  0 extracted, (156 MB/? MB)
2025-09-26 18:12:42,247 INFO  [tc.qua.io/.112.0-k.1.0] (docker-java-stream--1807218272) Pulling image layers:  1 pending,  6 downloaded,  1 extracted, (162 MB/? MB)
2025-09-26 18:12:43,566 INFO  [tc.qua.io/.112.0-k.1.0] (docker-java-stream--1807218272) Pulling image layers:  0 pending,  7 downloaded,  1 extracted, (242 MB/250 MB)
2025-09-26 18:12:45,230 INFO  [tc.qua.io/.112.0-k.1.0] (docker-java-stream--1807218272) Pulling image layers:  0 pending,  7 downloaded,  2 extracted, (249 MB/250 MB)
2025-09-26 18:12:45,255 INFO  [tc.qua.io/.112.0-k.1.0] (docker-java-stream--1807218272) Pulling image layers:  0 pending,  7 downloaded,  3 extracted, (249 MB/250 MB)
2025-09-26 18:12:45,267 INFO  [tc.qua.io/.112.0-k.1.0] (docker-java-stream--1807218272) Pulling image layers:  0 pending,  7 downloaded,  4 extracted, (249 MB/250 MB)
2025-09-26 18:12:45,862 INFO  [tc.qua.io/.112.0-k.1.0] (docker-java-stream--1807218272) Pulling image layers:  0 pending,  7 downloaded,  5 extracted, (250 MB/250 MB)
2025-09-26 18:12:45,893 INFO  [tc.qua.io/.112.0-k.1.0] (docker-java-stream--1807218272) Pulling image layers:  0 pending,  7 downloaded,  6 extracted, (250 MB/250 MB)
2025-09-26 18:12:45,901 INFO  [tc.qua.io/.112.0-k.1.0] (docker-java-stream--1807218272) Pulling image layers:  0 pending,  7 downloaded,  7 extracted, (250 MB/250 MB)
2025-09-26 18:12:45,906 INFO  [tc.qua.io/.112.0-k.1.0] (main) Image quay.io/strimzi-test-container/test-container:0.112.0-kafka-4.1.0 pull took PT5.810417877S
2025-09-26 18:12:45,906 INFO  [tc.qua.io/.112.0-k.1.0] (docker-java-stream--1807218272) Pull complete. 7 layers, pulled in 5s (downloaded 250 MB at 50 MB/s)
2025-09-26 18:12:45,909 INFO  [tc.qua.io/.112.0-k.1.0] (main) Creating container for image: quay.io/strimzi-test-container/test-container:0.112.0-kafka-4.1.0
2025-09-26 18:12:45,967 INFO  [tc.qua.io/.112.0-k.1.0] (main) Container quay.io/strimzi-test-container/test-container:0.112.0-kafka-4.1.0 is starting: febc3f38289c86e409d6f57e66ba267a4bef87bfcefe0c9d1bd855d261a53fc6
2025-09-26 18:12:46,109 INFO  [io.str.tes.con.StrimziKafkaContainer] (main) Mapped port: 32769
2025-09-26 18:12:46,109 WARN  [io.str.tes.con.StrimziKafkaContainer] (main) Node ID is not set. Using broker ID 0 as the default node ID.
2025-09-26 18:12:46,109 INFO  [io.str.tes.con.StrimziKafkaContainer] (main) This is all advertised listeners for Kafka PLAINTEXT://localhost:32769,BROKER1://172.18.0.2:9091,CONTROLLER://broker-0:9094
2025-09-26 18:12:46,130 INFO  [io.str.tes.con.StrimziKafkaContainer] (main) New `cluster.id` has been generated: y_JNGwQJRlem7c5NGbSJCg
2025-09-26 18:12:46,131 INFO  [io.str.tes.con.StrimziKafkaContainer] (main) Copying command to 'STARTER_SCRIPT' script.
2025-09-26 18:12:50,298 INFO  [tc.qua.io/.112.0-k.1.0] (main) Container quay.io/strimzi-test-container/test-container:0.112.0-kafka-4.1.0 started in PT4.389611543S
2025-09-26 18:12:50,300 INFO  [io.api.tes.uti.TestSeparator] (main) ############################################################################
2025-09-26 18:12:50,300 INFO  [io.api.tes.uti.TestSeparator] (main) io.apicurio.tests.serdes.apicurio.AvroSerdeIT.testGlobalIdInHeaders-STARTED
2025-09-26 18:12:50,307 INFO  [org.apa.kaf.cli.adm.AdminClientConfig] (main) AdminClientConfig values: 
	auto.include.jmx.reporter = true
	bootstrap.controllers = []
	bootstrap.servers = [PLAINTEXT://localhost:32769]
	client.dns.lookup = use_all_dns_ips
	client.id = 
	connections.max.idle.ms = 10000
	default.api.timeout.ms = 60000
	enable.metrics.push = true
	metadata.max.age.ms = 300000
	metadata.recovery.strategy = none
	metric.reporters = []
	metrics.num.samples = 2
	metrics.recording.level = INFO
	metrics.sample.window.ms = 30000
	receive.buffer.bytes = 65536
	reconnect.backoff.max.ms = 1000
	reconnect.backoff.ms = 50
	request.timeout.ms = 5000
	retries = 2147483647
	retry.backoff.max.ms = 1000
	retry.backoff.ms = 100
	sasl.client.callback.handler.class = null
	sasl.jaas.config = null
	sasl.kerberos.kinit.cmd = /usr/bin/kinit
	sasl.kerberos.min.time.before.relogin = 60000
	sasl.kerberos.service.name = null
	sasl.kerberos.ticket.renew.jitter = 0.05
	sasl.kerberos.ticket.renew.window.factor = 0.8
	sasl.login.callback.handler.class = null
	sasl.login.class = null
	sasl.login.connect.timeout.ms = null
	sasl.login.read.timeout.ms = null
	sasl.login.refresh.buffer.seconds = 300
	sasl.login.refresh.min.period.seconds = 60
	sasl.login.refresh.window.factor = 0.8
	sasl.login.refresh.window.jitter = 0.05
	sasl.login.retry.backoff.max.ms = 10000
	sasl.login.retry.backoff.ms = 100
	sasl.mechanism = GSSAPI
	sasl.oauthbearer.clock.skew.seconds = 30
	sasl.oauthbearer.expected.audience = null
	sasl.oauthbearer.expected.issuer = null
	sasl.oauthbearer.header.urlencode = false
	sasl.oauthbearer.jwks.endpoint.refresh.ms = 3600000
	sasl.oauthbearer.jwks.endpoint.retry.backoff.max.ms = 10000
	sasl.oauthbearer.jwks.endpoint.retry.backoff.ms = 100
	sasl.oauthbearer.jwks.endpoint.url = null
	sasl.oauthbearer.scope.claim.name = scope
	sasl.oauthbearer.sub.claim.name = sub
	sasl.oauthbearer.token.endpoint.url = null
	security.protocol = PLAINTEXT
	security.providers = null
	send.buffer.bytes = 131072
	socket.connection.setup.timeout.max.ms = 30000
	socket.connection.setup.timeout.ms = 10000
	ssl.cipher.suites = null
	ssl.enabled.protocols = [TLSv1.2, TLSv1.3]
	ssl.endpoint.identification.algorithm = https
	ssl.engine.factory.class = null
	ssl.key.password = null
	ssl.keymanager.algorithm = SunX509
	ssl.keystore.certificate.chain = null
	ssl.keystore.key = null
	ssl.keystore.location = null
	ssl.keystore.password = null
	ssl.keystore.type = JKS
	ssl.protocol = TLSv1.3
	ssl.provider = null
	ssl.secure.random.implementation = null
	ssl.trustmanager.algorithm = PKIX
	ssl.truststore.certificates = null
	ssl.truststore.location = null
	ssl.truststore.password = null
	ssl.truststore.type = JKS

2025-09-26 18:12:50,937 INFO  [org.apa.kaf.com.uti.AppInfoParser] (main) Kafka version: 3.9.1
2025-09-26 18:12:50,937 INFO  [org.apa.kaf.com.uti.AppInfoParser] (main) Kafka commitId: f745dfdcee2b9851
2025-09-26 18:12:50,937 INFO  [org.apa.kaf.com.uti.AppInfoParser] (main) Kafka startTimeMs: 1758910370936
**** Registry Base URL: http://registry-app-mysql.apps.ci419.apicurio-testing.org:80
2025-09-26 18:12:50,963 INFO  [org.apa.kaf.cli.pro.ProducerConfig] (main) ProducerConfig values: 
	acks = -1
	auto.include.jmx.reporter = true
	batch.size = 16384
	bootstrap.servers = [PLAINTEXT://localhost:32769]
	buffer.memory = 33554432
	client.dns.lookup = use_all_dns_ips
	client.id = Producer-topic-2b241e2e_9ee2_44d8_b374_03bb8963be8f
	compression.gzip.level = -1
	compression.lz4.level = 9
	compression.type = none
	compression.zstd.level = 3
	connections.max.idle.ms = 10000
	delivery.timeout.ms = 120000
	enable.idempotence = true
	enable.metrics.push = true
	interceptor.classes = []
	key.serializer = class org.apache.kafka.common.serialization.StringSerializer
	linger.ms = 0
	max.block.ms = 60000
	max.in.flight.requests.per.connection = 5
	max.request.size = 1048576
	metadata.max.age.ms = 300000
	metadata.max.idle.ms = 300000
	metadata.recovery.strategy = none
	metric.reporters = []
	metrics.num.samples = 2
	metrics.recording.level = INFO
	metrics.sample.window.ms = 30000
	partitioner.adaptive.partitioning.enable = true
	partitioner.availability.timeout.ms = 0
	partitioner.class = null
	partitioner.ignore.keys = false
	receive.buffer.bytes = 32768
	reconnect.backoff.max.ms = 1000
	reconnect.backoff.ms = 50
	request.timeout.ms = 5000
	retries = 2147483647
	retry.backoff.max.ms = 1000
	retry.backoff.ms = 100
	sasl.client.callback.handler.class = null
	sasl.jaas.config = null
	sasl.kerberos.kinit.cmd = /usr/bin/kinit
	sasl.kerberos.min.time.before.relogin = 60000
	sasl.kerberos.service.name = null
	sasl.kerberos.ticket.renew.jitter = 0.05
	sasl.kerberos.ticket.renew.window.factor = 0.8
	sasl.login.callback.handler.class = null
	sasl.login.class = null
	sasl.login.connect.timeout.ms = null
	sasl.login.read.timeout.ms = null
	sasl.login.refresh.buffer.seconds = 300
	sasl.login.refresh.min.period.seconds = 60
	sasl.login.refresh.window.factor = 0.8
	sasl.login.refresh.window.jitter = 0.05
	sasl.login.retry.backoff.max.ms = 10000
	sasl.login.retry.backoff.ms = 100
	sasl.mechanism = GSSAPI
	sasl.oauthbearer.clock.skew.seconds = 30
	sasl.oauthbearer.expected.audience = null
	sasl.oauthbearer.expected.issuer = null
	sasl.oauthbearer.header.urlencode = false
	sasl.oauthbearer.jwks.endpoint.refresh.ms = 3600000
	sasl.oauthbearer.jwks.endpoint.retry.backoff.max.ms = 10000
	sasl.oauthbearer.jwks.endpoint.retry.backoff.ms = 100
	sasl.oauthbearer.jwks.endpoint.url = null
	sasl.oauthbearer.scope.claim.name = scope
	sasl.oauthbearer.sub.claim.name = sub
	sasl.oauthbearer.token.endpoint.url = null
	security.protocol = PLAINTEXT
	security.providers = null
	send.buffer.bytes = 131072
	socket.connection.setup.timeout.max.ms = 30000
	socket.connection.setup.timeout.ms = 10000
	ssl.cipher.suites = null
	ssl.enabled.protocols = [TLSv1.2, TLSv1.3]
	ssl.endpoint.identification.algorithm = https
	ssl.engine.factory.class = null
	ssl.key.password = null
	ssl.keymanager.algorithm = SunX509
	ssl.keystore.certificate.chain = null
	ssl.keystore.key = null
	ssl.keystore.location = null
	ssl.keystore.password = null
	ssl.keystore.type = JKS
	ssl.protocol = TLSv1.3
	ssl.provider = null
	ssl.secure.random.implementation = null
	ssl.trustmanager.algorithm = PKIX
	ssl.truststore.certificates = null
	ssl.truststore.location = null
	ssl.truststore.password = null
	ssl.truststore.type = JKS
	transaction.timeout.ms = 60000
	transactional.id = null
	value.serializer = class io.apicurio.registry.serde.avro.AvroKafkaSerializer

2025-09-26 18:12:50,985 INFO  [org.apa.kaf.com.tel.int.KafkaMetricsCollector] (main) initializing Kafka metrics collector
2025-09-26 18:12:51,003 INFO  [org.apa.kaf.cli.pro.KafkaProducer] (main) [Producer clientId=Producer-topic-2b241e2e_9ee2_44d8_b374_03bb8963be8f] Instantiated an idempotent producer.
2025-09-26 18:12:51,031 INFO  [org.apa.kaf.cli.pro.ProducerConfig] (main) These configurations '[apicurio.registry.url, apicurio.registry.auto-register, apicurio.registry.use-id, apicurio.registry.artifact-resolver-strategy]' were supplied but are not used yet.
2025-09-26 18:12:51,031 INFO  [org.apa.kaf.com.uti.AppInfoParser] (main) Kafka version: 3.9.1
2025-09-26 18:12:51,031 INFO  [org.apa.kaf.com.uti.AppInfoParser] (main) Kafka commitId: f745dfdcee2b9851
2025-09-26 18:12:51,032 INFO  [org.apa.kaf.com.uti.AppInfoParser] (main) Kafka startTimeMs: 1758910371031
2025-09-26 18:12:51,032 INFO  [io.api.tes.ser.api.SimpleSerdesTesterBuilder$SimpleSerdesTester] (main) Using producer configuration: {apicurio.registry.url=http://registry-app-mysql.apps.ci419.apicurio-testing.org:80/apis/registry/v3, apicurio.registry.auto-register=true, apicurio.registry.use-id=globalId, apicurio.registry.artifact-resolver-strategy=io.apicurio.registry.serde.strategy.TopicIdStrategy, value.serializer=io.apicurio.registry.serde.avro.AvroKafkaSerializer, request.timeout.ms=5000, acks=all, bootstrap.servers=PLAINTEXT://localhost:32769, connections.max.idle.ms=10000, key.serializer=org.apache.kafka.common.serialization.StringSerializer, client.id=Producer-topic-2b241e2e_9ee2_44d8_b374_03bb8963be8f}
2025-09-26 18:12:51,032 INFO  [io.api.tes.ser.api.SimpleSerdesTesterBuilder$SimpleSerdesTester] (main) Using consumer configuration: {apicurio.registry.use-id=globalId}
2025-09-26 18:12:51,035 INFO  [io.api.tes.ser.api.KafkaSerdesTester] (ForkJoinPool.commonPool-worker-2) Sending message {"key11758910370951": "value-0"} to topic topic-2b241e2e_9ee2_44d8_b374_03bb8963be8f
2025-09-26 18:12:51,280 WARN  [org.apa.kaf.cli.NetworkClient] (kafka-producer-network-thread | Producer-topic-2b241e2e_9ee2_44d8_b374_03bb8963be8f) [Producer clientId=Producer-topic-2b241e2e_9ee2_44d8_b374_03bb8963be8f] The metadata response from the cluster reported a recoverable issue with correlation id 1 : {topic-2b241e2e_9ee2_44d8_b374_03bb8963be8f=UNKNOWN_TOPIC_OR_PARTITION}
2025-09-26 18:12:51,282 INFO  [org.apa.kaf.cli.Metadata] (kafka-producer-network-thread | Producer-topic-2b241e2e_9ee2_44d8_b374_03bb8963be8f) [Producer clientId=Producer-topic-2b241e2e_9ee2_44d8_b374_03bb8963be8f] Cluster ID: y_JNGwQJRlem7c5NGbSJCg
2025-09-26 18:12:51,531 INFO  [org.apa.kaf.cli.pro.int.TransactionManager] (kafka-producer-network-thread | Producer-topic-2b241e2e_9ee2_44d8_b374_03bb8963be8f) [Producer clientId=Producer-topic-2b241e2e_9ee2_44d8_b374_03bb8963be8f] ProducerId set to 0 with epoch 0
2025-09-26 18:12:51,615 INFO  [io.api.tes.ser.api.KafkaSerdesTester] (ForkJoinPool.commonPool-worker-2) Sending message {"key11758910370951": "value-1"} to topic topic-2b241e2e_9ee2_44d8_b374_03bb8963be8f
2025-09-26 18:12:51,620 INFO  [io.api.tes.ser.api.KafkaSerdesTester] (ForkJoinPool.commonPool-worker-2) Sending message {"key11758910370951": "value-2"} to topic topic-2b241e2e_9ee2_44d8_b374_03bb8963be8f
2025-09-26 18:12:51,623 INFO  [io.api.tes.ser.api.KafkaSerdesTester] (ForkJoinPool.commonPool-worker-2) Sending message {"key11758910370951": "value-3"} to topic topic-2b241e2e_9ee2_44d8_b374_03bb8963be8f
2025-09-26 18:12:51,625 INFO  [io.api.tes.ser.api.KafkaSerdesTester] (ForkJoinPool.commonPool-worker-2) Sending message {"key11758910370951": "value-4"} to topic topic-2b241e2e_9ee2_44d8_b374_03bb8963be8f
2025-09-26 18:12:51,628 INFO  [io.api.tes.ser.api.KafkaSerdesTester] (ForkJoinPool.commonPool-worker-2) Sending message {"key11758910370951": "value-5"} to topic topic-2b241e2e_9ee2_44d8_b374_03bb8963be8f
2025-09-26 18:12:51,631 INFO  [io.api.tes.ser.api.KafkaSerdesTester] (ForkJoinPool.commonPool-worker-2) Sending message {"key11758910370951": "value-6"} to topic topic-2b241e2e_9ee2_44d8_b374_03bb8963be8f
2025-09-26 18:12:51,633 INFO  [io.api.tes.ser.api.KafkaSerdesTester] (ForkJoinPool.commonPool-worker-2) Sending message {"key11758910370951": "value-7"} to topic topic-2b241e2e_9ee2_44d8_b374_03bb8963be8f
2025-09-26 18:12:51,635 INFO  [io.api.tes.ser.api.KafkaSerdesTester] (ForkJoinPool.commonPool-worker-2) Sending message {"key11758910370951": "value-8"} to topic topic-2b241e2e_9ee2_44d8_b374_03bb8963be8f
2025-09-26 18:12:51,638 INFO  [io.api.tes.ser.api.KafkaSerdesTester] (ForkJoinPool.commonPool-worker-2) Sending message {"key11758910370951": "value-9"} to topic topic-2b241e2e_9ee2_44d8_b374_03bb8963be8f
2025-09-26 18:12:51,640 INFO  [io.api.tes.ser.api.KafkaSerdesTester] (ForkJoinPool.commonPool-worker-2) Produced 10 messages
2025-09-26 18:12:51,640 INFO  [org.apa.kaf.cli.pro.KafkaProducer] (ForkJoinPool.commonPool-worker-2) [Producer clientId=Producer-topic-2b241e2e_9ee2_44d8_b374_03bb8963be8f] Closing the Kafka producer with timeoutMillis = 9223372036854775807 ms.
2025-09-26 18:12:51,647 INFO  [org.apa.kaf.com.met.Metrics] (ForkJoinPool.commonPool-worker-2) Metrics scheduler closed
2025-09-26 18:12:51,648 INFO  [org.apa.kaf.com.met.Metrics] (ForkJoinPool.commonPool-worker-2) Closing reporter org.apache.kafka.common.metrics.JmxReporter
2025-09-26 18:12:51,648 INFO  [org.apa.kaf.com.met.Metrics] (ForkJoinPool.commonPool-worker-2) Closing reporter org.apache.kafka.common.telemetry.internals.ClientTelemetryReporter
2025-09-26 18:12:51,648 INFO  [org.apa.kaf.com.met.Metrics] (ForkJoinPool.commonPool-worker-2) Metrics reporters closed
2025-09-26 18:12:51,649 INFO  [org.apa.kaf.com.uti.AppInfoParser] (ForkJoinPool.commonPool-worker-2) App info kafka.producer for Producer-topic-2b241e2e_9ee2_44d8_b374_03bb8963be8f unregistered
**** Registry Base URL: http://registry-app-mysql.apps.ci419.apicurio-testing.org:80
2025-09-26 18:12:51,687 INFO  [org.apa.kaf.cli.con.ConsumerConfig] (main) ConsumerConfig values: 
	allow.auto.create.topics = true
	auto.commit.interval.ms = 500
	auto.include.jmx.reporter = true
	auto.offset.reset = earliest
	bootstrap.servers = [PLAINTEXT://localhost:32769]
	check.crcs = true
	client.dns.lookup = use_all_dns_ips
	client.id = consumer-Consumer-topic-2b241e2e_9ee2_44d8_b374_03bb8963be8f-1
	client.rack = 
	connections.max.idle.ms = 10000
	default.api.timeout.ms = 60000
	enable.auto.commit = true
	enable.metrics.push = true
	exclude.internal.topics = true
	fetch.max.bytes = 52428800
	fetch.max.wait.ms = 500
	fetch.min.bytes = 1
	group.id = Consumer-topic-2b241e2e_9ee2_44d8_b374_03bb8963be8f
	group.instance.id = null
	group.protocol = classic
	group.remote.assignor = null
	heartbeat.interval.ms = 3000
	interceptor.classes = []
	internal.leave.group.on.close = true
	internal.throw.on.fetch.stable.offset.unsupported = false
	isolation.level = read_uncommitted
	key.deserializer = class org.apache.kafka.common.serialization.StringDeserializer
	max.partition.fetch.bytes = 1048576
	max.poll.interval.ms = 300000
	max.poll.records = 500
	metadata.max.age.ms = 300000
	metadata.recovery.strategy = none
	metric.reporters = []
	metrics.num.samples = 2
	metrics.recording.level = INFO
	metrics.sample.window.ms = 30000
	partition.assignment.strategy = [class org.apache.kafka.clients.consumer.RangeAssignor, class org.apache.kafka.clients.consumer.CooperativeStickyAssignor]
	receive.buffer.bytes = 65536
	reconnect.backoff.max.ms = 1000
	reconnect.backoff.ms = 50
	request.timeout.ms = 5000
	retry.backoff.max.ms = 1000
	retry.backoff.ms = 100
	sasl.client.callback.handler.class = null
	sasl.jaas.config = null
	sasl.kerberos.kinit.cmd = /usr/bin/kinit
	sasl.kerberos.min.time.before.relogin = 60000
	sasl.kerberos.service.name = null
	sasl.kerberos.ticket.renew.jitter = 0.05
	sasl.kerberos.ticket.renew.window.factor = 0.8
	sasl.login.callback.handler.class = null
	sasl.login.class = null
	sasl.login.connect.timeout.ms = null
	sasl.login.read.timeout.ms = null
	sasl.login.refresh.buffer.seconds = 300
	sasl.login.refresh.min.period.seconds = 60
	sasl.login.refresh.window.factor = 0.8
	sasl.login.refresh.window.jitter = 0.05
	sasl.login.retry.backoff.max.ms = 10000
	sasl.login.retry.backoff.ms = 100
	sasl.mechanism = GSSAPI
	sasl.oauthbearer.clock.skew.seconds = 30
	sasl.oauthbearer.expected.audience = null
	sasl.oauthbearer.expected.issuer = null
	sasl.oauthbearer.header.urlencode = false
	sasl.oauthbearer.jwks.endpoint.refresh.ms = 3600000
	sasl.oauthbearer.jwks.endpoint.retry.backoff.max.ms = 10000
	sasl.oauthbearer.jwks.endpoint.retry.backoff.ms = 100
	sasl.oauthbearer.jwks.endpoint.url = null
	sasl.oauthbearer.scope.claim.name = scope
	sasl.oauthbearer.sub.claim.name = sub
	sasl.oauthbearer.token.endpoint.url = null
	security.protocol = PLAINTEXT
	security.providers = null
	send.buffer.bytes = 131072
	session.timeout.ms = 45000
	socket.connection.setup.timeout.max.ms = 30000
	socket.connection.setup.timeout.ms = 10000
	ssl.cipher.suites = null
	ssl.enabled.protocols = [TLSv1.2, TLSv1.3]
	ssl.endpoint.identification.algorithm = https
	ssl.engine.factory.class = null
	ssl.key.password = null
	ssl.keymanager.algorithm = SunX509
	ssl.keystore.certificate.chain = null
	ssl.keystore.key = null
	ssl.keystore.location = null
	ssl.keystore.password = null
	ssl.keystore.type = JKS
	ssl.protocol = TLSv1.3
	ssl.provider = null
	ssl.secure.random.implementation = null
	ssl.trustmanager.algorithm = PKIX
	ssl.truststore.certificates = null
	ssl.truststore.location = null
	ssl.truststore.password = null
	ssl.truststore.type = JKS
	value.deserializer = class io.apicurio.registry.serde.avro.AvroKafkaDeserializer

2025-09-26 18:12:51,696 INFO  [org.apa.kaf.com.tel.int.KafkaMetricsCollector] (main) initializing Kafka metrics collector
2025-09-26 18:12:51,729 INFO  [org.apa.kaf.cli.con.ConsumerConfig] (main) These configurations '[apicurio.registry.url, apicurio.registry.use-id]' were supplied but are not used yet.
2025-09-26 18:12:51,729 INFO  [org.apa.kaf.com.uti.AppInfoParser] (main) Kafka version: 3.9.1
2025-09-26 18:12:51,730 INFO  [org.apa.kaf.com.uti.AppInfoParser] (main) Kafka commitId: f745dfdcee2b9851
2025-09-26 18:12:51,730 INFO  [org.apa.kaf.com.uti.AppInfoParser] (main) Kafka startTimeMs: 1758910371729
2025-09-26 18:12:51,731 INFO  [org.apa.kaf.cli.con.int.ClassicKafkaConsumer] (ForkJoinPool.commonPool-worker-2) [Consumer clientId=consumer-Consumer-topic-2b241e2e_9ee2_44d8_b374_03bb8963be8f-1, groupId=Consumer-topic-2b241e2e_9ee2_44d8_b374_03bb8963be8f] Subscribed to topic(s): topic-2b241e2e_9ee2_44d8_b374_03bb8963be8f
2025-09-26 18:12:51,740 INFO  [org.apa.kaf.cli.Metadata] (ForkJoinPool.commonPool-worker-2) [Consumer clientId=consumer-Consumer-topic-2b241e2e_9ee2_44d8_b374_03bb8963be8f-1, groupId=Consumer-topic-2b241e2e_9ee2_44d8_b374_03bb8963be8f] Cluster ID: y_JNGwQJRlem7c5NGbSJCg
2025-09-26 18:12:51,876 INFO  [org.apa.kaf.cli.con.int.ConsumerCoordinator] (ForkJoinPool.commonPool-worker-2) [Consumer clientId=consumer-Consumer-topic-2b241e2e_9ee2_44d8_b374_03bb8963be8f-1, groupId=Consumer-topic-2b241e2e_9ee2_44d8_b374_03bb8963be8f] Discovered group coordinator localhost:32769 (id: 2147483647 rack: null)
2025-09-26 18:12:51,884 INFO  [org.apa.kaf.cli.con.int.ConsumerCoordinator] (ForkJoinPool.commonPool-worker-2) [Consumer clientId=consumer-Consumer-topic-2b241e2e_9ee2_44d8_b374_03bb8963be8f-1, groupId=Consumer-topic-2b241e2e_9ee2_44d8_b374_03bb8963be8f] (Re-)joining group
2025-09-26 18:12:51,903 INFO  [org.apa.kaf.cli.con.int.ConsumerCoordinator] (ForkJoinPool.commonPool-worker-2) [Consumer clientId=consumer-Consumer-topic-2b241e2e_9ee2_44d8_b374_03bb8963be8f-1, groupId=Consumer-topic-2b241e2e_9ee2_44d8_b374_03bb8963be8f] Group coordinator localhost:32769 (id: 2147483647 rack: null) is unavailable or invalid due to cause: error response NOT_COORDINATOR. isDisconnected: false. Rediscovery will be attempted.
2025-09-26 18:12:51,903 INFO  [org.apa.kaf.cli.con.int.ConsumerCoordinator] (ForkJoinPool.commonPool-worker-2) [Consumer clientId=consumer-Consumer-topic-2b241e2e_9ee2_44d8_b374_03bb8963be8f-1, groupId=Consumer-topic-2b241e2e_9ee2_44d8_b374_03bb8963be8f] Requesting disconnect from last known coordinator localhost:32769 (id: 2147483647 rack: null)
2025-09-26 18:12:51,903 INFO  [org.apa.kaf.cli.con.int.ConsumerCoordinator] (ForkJoinPool.commonPool-worker-2) [Consumer clientId=consumer-Consumer-topic-2b241e2e_9ee2_44d8_b374_03bb8963be8f-1, groupId=Consumer-topic-2b241e2e_9ee2_44d8_b374_03bb8963be8f] JoinGroup failed: This is not the correct coordinator. Marking coordinator unknown. Sent generation was Generation{generationId=-1, memberId='', protocol='null'}
2025-09-26 18:12:51,904 INFO  [org.apa.kaf.cli.NetworkClient] (ForkJoinPool.commonPool-worker-2) [Consumer clientId=consumer-Consumer-topic-2b241e2e_9ee2_44d8_b374_03bb8963be8f-1, groupId=Consumer-topic-2b241e2e_9ee2_44d8_b374_03bb8963be8f] Client requested disconnect from node 2147483647
2025-09-26 18:12:51,908 INFO  [org.apa.kaf.cli.con.int.ConsumerCoordinator] (ForkJoinPool.commonPool-worker-2) [Consumer clientId=consumer-Consumer-topic-2b241e2e_9ee2_44d8_b374_03bb8963be8f-1, groupId=Consumer-topic-2b241e2e_9ee2_44d8_b374_03bb8963be8f] Discovered group coordinator localhost:32769 (id: 2147483647 rack: null)
2025-09-26 18:12:51,908 INFO  [org.apa.kaf.cli.con.int.ConsumerCoordinator] (ForkJoinPool.commonPool-worker-2) [Consumer clientId=consumer-Consumer-topic-2b241e2e_9ee2_44d8_b374_03bb8963be8f-1, groupId=Consumer-topic-2b241e2e_9ee2_44d8_b374_03bb8963be8f] Group coordinator localhost:32769 (id: 2147483647 rack: null) is unavailable or invalid due to cause: coordinator unavailable. isDisconnected: false. Rediscovery will be attempted.
2025-09-26 18:12:51,908 INFO  [org.apa.kaf.cli.con.int.ConsumerCoordinator] (ForkJoinPool.commonPool-worker-2) [Consumer clientId=consumer-Consumer-topic-2b241e2e_9ee2_44d8_b374_03bb8963be8f-1, groupId=Consumer-topic-2b241e2e_9ee2_44d8_b374_03bb8963be8f] Requesting disconnect from last known coordinator localhost:32769 (id: 2147483647 rack: null)
2025-09-26 18:12:52,028 INFO  [org.apa.kaf.cli.con.int.ConsumerCoordinator] (ForkJoinPool.commonPool-worker-2) [Consumer clientId=consumer-Consumer-topic-2b241e2e_9ee2_44d8_b374_03bb8963be8f-1, groupId=Consumer-topic-2b241e2e_9ee2_44d8_b374_03bb8963be8f] Discovered group coordinator localhost:32769 (id: 2147483647 rack: null)
2025-09-26 18:12:52,029 INFO  [org.apa.kaf.cli.con.int.ConsumerCoordinator] (ForkJoinPool.commonPool-worker-2) [Consumer clientId=consumer-Consumer-topic-2b241e2e_9ee2_44d8_b374_03bb8963be8f-1, groupId=Consumer-topic-2b241e2e_9ee2_44d8_b374_03bb8963be8f] Request joining group due to: rebalance failed due to 'This is not the correct coordinator.' (NotCoordinatorException)
2025-09-26 18:12:52,029 INFO  [org.apa.kaf.cli.con.int.ConsumerCoordinator] (ForkJoinPool.commonPool-worker-2) [Consumer clientId=consumer-Consumer-topic-2b241e2e_9ee2_44d8_b374_03bb8963be8f-1, groupId=Consumer-topic-2b241e2e_9ee2_44d8_b374_03bb8963be8f] (Re-)joining group
2025-09-26 18:12:52,036 INFO  [org.apa.kaf.cli.con.int.ConsumerCoordinator] (ForkJoinPool.commonPool-worker-2) [Consumer clientId=consumer-Consumer-topic-2b241e2e_9ee2_44d8_b374_03bb8963be8f-1, groupId=Consumer-topic-2b241e2e_9ee2_44d8_b374_03bb8963be8f] Group coordinator localhost:32769 (id: 2147483647 rack: null) is unavailable or invalid due to cause: error response NOT_COORDINATOR. isDisconnected: false. Rediscovery will be attempted.
2025-09-26 18:12:52,036 INFO  [org.apa.kaf.cli.con.int.ConsumerCoordinator] (ForkJoinPool.commonPool-worker-2) [Consumer clientId=consumer-Consumer-topic-2b241e2e_9ee2_44d8_b374_03bb8963be8f-1, groupId=Consumer-topic-2b241e2e_9ee2_44d8_b374_03bb8963be8f] Requesting disconnect from last known coordinator localhost:32769 (id: 2147483647 rack: null)
2025-09-26 18:12:52,038 INFO  [org.apa.kaf.cli.con.int.ConsumerCoordinator] (ForkJoinPool.commonPool-worker-2) [Consumer clientId=consumer-Consumer-topic-2b241e2e_9ee2_44d8_b374_03bb8963be8f-1, groupId=Consumer-topic-2b241e2e_9ee2_44d8_b374_03bb8963be8f] JoinGroup failed: This is not the correct coordinator. Marking coordinator unknown. Sent generation was Generation{generationId=-1, memberId='', protocol='null'}
2025-09-26 18:12:52,038 INFO  [org.apa.kaf.cli.NetworkClient] (ForkJoinPool.commonPool-worker-2) [Consumer clientId=consumer-Consumer-topic-2b241e2e_9ee2_44d8_b374_03bb8963be8f-1, groupId=Consumer-topic-2b241e2e_9ee2_44d8_b374_03bb8963be8f] Client requested disconnect from node 2147483647
2025-09-26 18:12:52,042 INFO  [org.apa.kaf.cli.con.int.ConsumerCoordinator] (ForkJoinPool.commonPool-worker-2) [Consumer clientId=consumer-Consumer-topic-2b241e2e_9ee2_44d8_b374_03bb8963be8f-1, groupId=Consumer-topic-2b241e2e_9ee2_44d8_b374_03bb8963be8f] Discovered group coordinator localhost:32769 (id: 2147483647 rack: null)
2025-09-26 18:12:52,042 INFO  [org.apa.kaf.cli.con.int.ConsumerCoordinator] (ForkJoinPool.commonPool-worker-2) [Consumer clientId=consumer-Consumer-topic-2b241e2e_9ee2_44d8_b374_03bb8963be8f-1, groupId=Consumer-topic-2b241e2e_9ee2_44d8_b374_03bb8963be8f] Group coordinator localhost:32769 (id: 2147483647 rack: null) is unavailable or invalid due to cause: coordinator unavailable. isDisconnected: false. Rediscovery will be attempted.
2025-09-26 18:12:52,042 INFO  [org.apa.kaf.cli.con.int.ConsumerCoordinator] (ForkJoinPool.commonPool-worker-2) [Consumer clientId=consumer-Consumer-topic-2b241e2e_9ee2_44d8_b374_03bb8963be8f-1, groupId=Consumer-topic-2b241e2e_9ee2_44d8_b374_03bb8963be8f] Requesting disconnect from last known coordinator localhost:32769 (id: 2147483647 rack: null)
2025-09-26 18:12:52,160 INFO  [org.apa.kaf.cli.con.int.ConsumerCoordinator] (ForkJoinPool.commonPool-worker-2) [Consumer clientId=consumer-Consumer-topic-2b241e2e_9ee2_44d8_b374_03bb8963be8f-1, groupId=Consumer-topic-2b241e2e_9ee2_44d8_b374_03bb8963be8f] Discovered group coordinator localhost:32769 (id: 2147483647 rack: null)
2025-09-26 18:12:52,161 INFO  [org.apa.kaf.cli.con.int.ConsumerCoordinator] (ForkJoinPool.commonPool-worker-2) [Consumer clientId=consumer-Consumer-topic-2b241e2e_9ee2_44d8_b374_03bb8963be8f-1, groupId=Consumer-topic-2b241e2e_9ee2_44d8_b374_03bb8963be8f] Request joining group due to: rebalance failed due to 'This is not the correct coordinator.' (NotCoordinatorException)
2025-09-26 18:12:52,162 INFO  [org.apa.kaf.cli.con.int.ConsumerCoordinator] (ForkJoinPool.commonPool-worker-2) [Consumer clientId=consumer-Consumer-topic-2b241e2e_9ee2_44d8_b374_03bb8963be8f-1, groupId=Consumer-topic-2b241e2e_9ee2_44d8_b374_03bb8963be8f] (Re-)joining group
2025-09-26 18:12:52,168 INFO  [org.apa.kaf.cli.con.int.ConsumerCoordinator] (ForkJoinPool.commonPool-worker-2) [Consumer clientId=consumer-Consumer-topic-2b241e2e_9ee2_44d8_b374_03bb8963be8f-1, groupId=Consumer-topic-2b241e2e_9ee2_44d8_b374_03bb8963be8f] Request joining group due to: need to re-join with the given member-id: consumer-Consumer-topic-2b241e2e_9ee2_44d8_b374_03bb8963be8f-1-741c4b5b-860d-4d33-be47-2bc5666018a7
2025-09-26 18:12:52,168 INFO  [org.apa.kaf.cli.con.int.ConsumerCoordinator] (ForkJoinPool.commonPool-worker-2) [Consumer clientId=consumer-Consumer-topic-2b241e2e_9ee2_44d8_b374_03bb8963be8f-1, groupId=Consumer-topic-2b241e2e_9ee2_44d8_b374_03bb8963be8f] (Re-)joining group
2025-09-26 18:12:52,731 INFO  [io.api.tes.ser.api.KafkaSerdesTester] (ForkJoinPool.commonPool-worker-2) None found
2025-09-26 18:12:53,732 INFO  [io.api.tes.ser.api.KafkaSerdesTester] (ForkJoinPool.commonPool-worker-2) None found
2025-09-26 18:12:54,733 INFO  [io.api.tes.ser.api.KafkaSerdesTester] (ForkJoinPool.commonPool-worker-2) None found
2025-09-26 18:12:55,181 INFO  [org.apa.kaf.cli.con.int.ConsumerCoordinator] (ForkJoinPool.commonPool-worker-2) [Consumer clientId=consumer-Consumer-topic-2b241e2e_9ee2_44d8_b374_03bb8963be8f-1, groupId=Consumer-topic-2b241e2e_9ee2_44d8_b374_03bb8963be8f] Successfully joined group with generation Generation{generationId=1, memberId='consumer-Consumer-topic-2b241e2e_9ee2_44d8_b374_03bb8963be8f-1-741c4b5b-860d-4d33-be47-2bc5666018a7', protocol='range'}
2025-09-26 18:12:55,188 INFO  [org.apa.kaf.cli.con.int.ConsumerCoordinator] (ForkJoinPool.commonPool-worker-2) [Consumer clientId=consumer-Consumer-topic-2b241e2e_9ee2_44d8_b374_03bb8963be8f-1, groupId=Consumer-topic-2b241e2e_9ee2_44d8_b374_03bb8963be8f] Finished assignment for group at generation 1: {consumer-Consumer-topic-2b241e2e_9ee2_44d8_b374_03bb8963be8f-1-741c4b5b-860d-4d33-be47-2bc5666018a7=Assignment(partitions=[topic-2b241e2e_9ee2_44d8_b374_03bb8963be8f-0])}
2025-09-26 18:12:55,200 INFO  [org.apa.kaf.cli.con.int.ConsumerCoordinator] (ForkJoinPool.commonPool-worker-2) [Consumer clientId=consumer-Consumer-topic-2b241e2e_9ee2_44d8_b374_03bb8963be8f-1, groupId=Consumer-topic-2b241e2e_9ee2_44d8_b374_03bb8963be8f] Successfully synced group in generation Generation{generationId=1, memberId='consumer-Consumer-topic-2b241e2e_9ee2_44d8_b374_03bb8963be8f-1-741c4b5b-860d-4d33-be47-2bc5666018a7', protocol='range'}
2025-09-26 18:12:55,201 INFO  [org.apa.kaf.cli.con.int.ConsumerCoordinator] (ForkJoinPool.commonPool-worker-2) [Consumer clientId=consumer-Consumer-topic-2b241e2e_9ee2_44d8_b374_03bb8963be8f-1, groupId=Consumer-topic-2b241e2e_9ee2_44d8_b374_03bb8963be8f] Notifying assignor about the new Assignment(partitions=[topic-2b241e2e_9ee2_44d8_b374_03bb8963be8f-0])
2025-09-26 18:12:55,203 INFO  [org.apa.kaf.cli.con.int.ConsumerRebalanceListenerInvoker] (ForkJoinPool.commonPool-worker-2) [Consumer clientId=consumer-Consumer-topic-2b241e2e_9ee2_44d8_b374_03bb8963be8f-1, groupId=Consumer-topic-2b241e2e_9ee2_44d8_b374_03bb8963be8f] Adding newly assigned partitions: topic-2b241e2e_9ee2_44d8_b374_03bb8963be8f-0
2025-09-26 18:12:55,214 INFO  [org.apa.kaf.cli.con.int.ConsumerCoordinator] (ForkJoinPool.commonPool-worker-2) [Consumer clientId=consumer-Consumer-topic-2b241e2e_9ee2_44d8_b374_03bb8963be8f-1, groupId=Consumer-topic-2b241e2e_9ee2_44d8_b374_03bb8963be8f] Found no committed offset for partition topic-2b241e2e_9ee2_44d8_b374_03bb8963be8f-0
2025-09-26 18:12:55,226 INFO  [org.apa.kaf.cli.con.int.SubscriptionState] (ForkJoinPool.commonPool-worker-2) [Consumer clientId=consumer-Consumer-topic-2b241e2e_9ee2_44d8_b374_03bb8963be8f-1, groupId=Consumer-topic-2b241e2e_9ee2_44d8_b374_03bb8963be8f] Resetting offset for partition topic-2b241e2e_9ee2_44d8_b374_03bb8963be8f-0 to position FetchPosition{offset=0, offsetEpoch=Optional.empty, currentLeader=LeaderAndEpoch{leader=Optional[localhost:32769 (id: 0 rack: null)], epoch=0}}.
2025-09-26 18:12:55,298 INFO  [io.api.tes.ser.api.KafkaSerdesTester] (ForkJoinPool.commonPool-worker-2) topic-2b241e2e_9ee2_44d8_b374_03bb8963be8f 0 0 {"key11758910370951": "value-0"}
2025-09-26 18:12:55,298 INFO  [io.api.tes.ser.api.KafkaSerdesTester] (ForkJoinPool.commonPool-worker-2) topic-2b241e2e_9ee2_44d8_b374_03bb8963be8f 0 1 {"key11758910370951": "value-1"}
2025-09-26 18:12:55,298 INFO  [io.api.tes.ser.api.KafkaSerdesTester] (ForkJoinPool.commonPool-worker-2) topic-2b241e2e_9ee2_44d8_b374_03bb8963be8f 0 2 {"key11758910370951": "value-2"}
2025-09-26 18:12:55,299 INFO  [io.api.tes.ser.api.KafkaSerdesTester] (ForkJoinPool.commonPool-worker-2) topic-2b241e2e_9ee2_44d8_b374_03bb8963be8f 0 3 {"key11758910370951": "value-3"}
2025-09-26 18:12:55,299 INFO  [io.api.tes.ser.api.KafkaSerdesTester] (ForkJoinPool.commonPool-worker-2) topic-2b241e2e_9ee2_44d8_b374_03bb8963be8f 0 4 {"key11758910370951": "value-4"}
2025-09-26 18:12:55,299 INFO  [io.api.tes.ser.api.KafkaSerdesTester] (ForkJoinPool.commonPool-worker-2) topic-2b241e2e_9ee2_44d8_b374_03bb8963be8f 0 5 {"key11758910370951": "value-5"}
2025-09-26 18:12:55,299 INFO  [io.api.tes.ser.api.KafkaSerdesTester] (ForkJoinPool.commonPool-worker-2) topic-2b241e2e_9ee2_44d8_b374_03bb8963be8f 0 6 {"key11758910370951": "value-6"}
2025-09-26 18:12:55,299 INFO  [io.api.tes.ser.api.KafkaSerdesTester] (ForkJoinPool.commonPool-worker-2) topic-2b241e2e_9ee2_44d8_b374_03bb8963be8f 0 7 {"key11758910370951": "value-7"}
2025-09-26 18:12:55,299 INFO  [io.api.tes.ser.api.KafkaSerdesTester] (ForkJoinPool.commonPool-worker-2) topic-2b241e2e_9ee2_44d8_b374_03bb8963be8f 0 8 {"key11758910370951": "value-8"}
2025-09-26 18:12:55,299 INFO  [io.api.tes.ser.api.KafkaSerdesTester] (ForkJoinPool.commonPool-worker-2) topic-2b241e2e_9ee2_44d8_b374_03bb8963be8f 0 9 {"key11758910370951": "value-9"}
2025-09-26 18:12:55,299 INFO  [io.api.tes.ser.api.KafkaSerdesTester] (ForkJoinPool.commonPool-worker-2) Consumed 10 messages
2025-09-26 18:12:55,321 INFO  [org.apa.kaf.cli.con.int.ConsumerRebalanceListenerInvoker] (ForkJoinPool.commonPool-worker-2) [Consumer clientId=consumer-Consumer-topic-2b241e2e_9ee2_44d8_b374_03bb8963be8f-1, groupId=Consumer-topic-2b241e2e_9ee2_44d8_b374_03bb8963be8f] Revoke previously assigned partitions topic-2b241e2e_9ee2_44d8_b374_03bb8963be8f-0
2025-09-26 18:12:55,321 INFO  [org.apa.kaf.cli.con.int.ConsumerCoordinator] (ForkJoinPool.commonPool-worker-2) [Consumer clientId=consumer-Consumer-topic-2b241e2e_9ee2_44d8_b374_03bb8963be8f-1, groupId=Consumer-topic-2b241e2e_9ee2_44d8_b374_03bb8963be8f] Member consumer-Consumer-topic-2b241e2e_9ee2_44d8_b374_03bb8963be8f-1-741c4b5b-860d-4d33-be47-2bc5666018a7 sending LeaveGroup request to coordinator localhost:32769 (id: 2147483647 rack: null) due to the consumer is being closed
2025-09-26 18:12:55,322 INFO  [org.apa.kaf.cli.con.int.ConsumerCoordinator] (ForkJoinPool.commonPool-worker-2) [Consumer clientId=consumer-Consumer-topic-2b241e2e_9ee2_44d8_b374_03bb8963be8f-1, groupId=Consumer-topic-2b241e2e_9ee2_44d8_b374_03bb8963be8f] Resetting generation and member id due to: consumer pro-actively leaving the group
2025-09-26 18:12:55,322 INFO  [org.apa.kaf.cli.con.int.ConsumerCoordinator] (ForkJoinPool.commonPool-worker-2) [Consumer clientId=consumer-Consumer-topic-2b241e2e_9ee2_44d8_b374_03bb8963be8f-1, groupId=Consumer-topic-2b241e2e_9ee2_44d8_b374_03bb8963be8f] Request joining group due to: consumer pro-actively leaving the group
2025-09-26 18:12:55,810 INFO  [org.apa.kaf.com.met.Metrics] (ForkJoinPool.commonPool-worker-2) Metrics scheduler closed
2025-09-26 18:12:55,810 INFO  [org.apa.kaf.com.met.Metrics] (ForkJoinPool.commonPool-worker-2) Closing reporter org.apache.kafka.common.metrics.JmxReporter
2025-09-26 18:12:55,810 INFO  [org.apa.kaf.com.met.Metrics] (ForkJoinPool.commonPool-worker-2) Closing reporter org.apache.kafka.common.telemetry.internals.ClientTelemetryReporter
2025-09-26 18:12:55,811 INFO  [org.apa.kaf.com.met.Metrics] (ForkJoinPool.commonPool-worker-2) Metrics reporters closed
2025-09-26 18:12:55,815 INFO  [org.apa.kaf.com.uti.AppInfoParser] (ForkJoinPool.commonPool-worker-2) App info kafka.consumer for consumer-Consumer-topic-2b241e2e_9ee2_44d8_b374_03bb8963be8f-1 unregistered
2025-09-26 18:12:55,815 INFO  [io.api.tes.uti.TestSeparator] (main) io.apicurio.tests.serdes.apicurio.AvroSerdeIT.testGlobalIdInHeaders-FINISHED
2025-09-26 18:12:55,815 INFO  [io.api.tes.uti.TestSeparator] (main) ############################################################################
Test passed: testGlobalIdInHeaders
]]></system-out>
  </testcase>
  <testcase name="testSimpleTopicIdStrategyFindLatest" classname="io.apicurio.tests.serdes.apicurio.AvroSerdeIT" time="4.754">
    <system-out><![CDATA[2025-09-26 18:12:55,817 INFO  [io.api.tes.uti.TestSeparator] (main) ############################################################################
2025-09-26 18:12:55,817 INFO  [io.api.tes.uti.TestSeparator] (main) io.apicurio.tests.serdes.apicurio.AvroSerdeIT.testSimpleTopicIdStrategyFindLatest-STARTED
2025-09-26 18:12:55,818 INFO  [io.api.tes.ser.api.AvroSerdeIT] (main) Registering Avro Schema: {"type":"record","name":"myrecordapicurio1","fields":[{"name":"key11758910375817","type":"string"}]}
**** Registry Base URL: http://registry-app-mysql.apps.ci419.apicurio-testing.org:80
2025-09-26 18:12:56,871 INFO  [org.apa.kaf.cli.pro.ProducerConfig] (main) ProducerConfig values: 
	acks = -1
	auto.include.jmx.reporter = true
	batch.size = 16384
	bootstrap.servers = [PLAINTEXT://localhost:32769]
	buffer.memory = 33554432
	client.dns.lookup = use_all_dns_ips
	client.id = Producer-topic-ee45fb5f_cc34_4b84_ad84_a0e60a024e60
	compression.gzip.level = -1
	compression.lz4.level = 9
	compression.type = none
	compression.zstd.level = 3
	connections.max.idle.ms = 10000
	delivery.timeout.ms = 120000
	enable.idempotence = true
	enable.metrics.push = true
	interceptor.classes = []
	key.serializer = class org.apache.kafka.common.serialization.StringSerializer
	linger.ms = 0
	max.block.ms = 60000
	max.in.flight.requests.per.connection = 5
	max.request.size = 1048576
	metadata.max.age.ms = 300000
	metadata.max.idle.ms = 300000
	metadata.recovery.strategy = none
	metric.reporters = []
	metrics.num.samples = 2
	metrics.recording.level = INFO
	metrics.sample.window.ms = 30000
	partitioner.adaptive.partitioning.enable = true
	partitioner.availability.timeout.ms = 0
	partitioner.class = null
	partitioner.ignore.keys = false
	receive.buffer.bytes = 32768
	reconnect.backoff.max.ms = 1000
	reconnect.backoff.ms = 50
	request.timeout.ms = 5000
	retries = 2147483647
	retry.backoff.max.ms = 1000
	retry.backoff.ms = 100
	sasl.client.callback.handler.class = null
	sasl.jaas.config = null
	sasl.kerberos.kinit.cmd = /usr/bin/kinit
	sasl.kerberos.min.time.before.relogin = 60000
	sasl.kerberos.service.name = null
	sasl.kerberos.ticket.renew.jitter = 0.05
	sasl.kerberos.ticket.renew.window.factor = 0.8
	sasl.login.callback.handler.class = null
	sasl.login.class = null
	sasl.login.connect.timeout.ms = null
	sasl.login.read.timeout.ms = null
	sasl.login.refresh.buffer.seconds = 300
	sasl.login.refresh.min.period.seconds = 60
	sasl.login.refresh.window.factor = 0.8
	sasl.login.refresh.window.jitter = 0.05
	sasl.login.retry.backoff.max.ms = 10000
	sasl.login.retry.backoff.ms = 100
	sasl.mechanism = GSSAPI
	sasl.oauthbearer.clock.skew.seconds = 30
	sasl.oauthbearer.expected.audience = null
	sasl.oauthbearer.expected.issuer = null
	sasl.oauthbearer.header.urlencode = false
	sasl.oauthbearer.jwks.endpoint.refresh.ms = 3600000
	sasl.oauthbearer.jwks.endpoint.retry.backoff.max.ms = 10000
	sasl.oauthbearer.jwks.endpoint.retry.backoff.ms = 100
	sasl.oauthbearer.jwks.endpoint.url = null
	sasl.oauthbearer.scope.claim.name = scope
	sasl.oauthbearer.sub.claim.name = sub
	sasl.oauthbearer.token.endpoint.url = null
	security.protocol = PLAINTEXT
	security.providers = null
	send.buffer.bytes = 131072
	socket.connection.setup.timeout.max.ms = 30000
	socket.connection.setup.timeout.ms = 10000
	ssl.cipher.suites = null
	ssl.enabled.protocols = [TLSv1.2, TLSv1.3]
	ssl.endpoint.identification.algorithm = https
	ssl.engine.factory.class = null
	ssl.key.password = null
	ssl.keymanager.algorithm = SunX509
	ssl.keystore.certificate.chain = null
	ssl.keystore.key = null
	ssl.keystore.location = null
	ssl.keystore.password = null
	ssl.keystore.type = JKS
	ssl.protocol = TLSv1.3
	ssl.provider = null
	ssl.secure.random.implementation = null
	ssl.trustmanager.algorithm = PKIX
	ssl.truststore.certificates = null
	ssl.truststore.location = null
	ssl.truststore.password = null
	ssl.truststore.type = JKS
	transaction.timeout.ms = 60000
	transactional.id = null
	value.serializer = class io.apicurio.registry.serde.avro.AvroKafkaSerializer

2025-09-26 18:12:56,871 INFO  [org.apa.kaf.com.tel.int.KafkaMetricsCollector] (main) initializing Kafka metrics collector
2025-09-26 18:12:56,875 INFO  [org.apa.kaf.cli.pro.KafkaProducer] (main) [Producer clientId=Producer-topic-ee45fb5f_cc34_4b84_ad84_a0e60a024e60] Instantiated an idempotent producer.
2025-09-26 18:12:56,879 INFO  [org.apa.kaf.cli.pro.ProducerConfig] (main) These configurations '[apicurio.registry.find-latest, apicurio.registry.artifact.group-id, apicurio.registry.url, apicurio.registry.artifact-resolver-strategy]' were supplied but are not used yet.
2025-09-26 18:12:56,879 INFO  [org.apa.kaf.com.uti.AppInfoParser] (main) Kafka version: 3.9.1
2025-09-26 18:12:56,879 INFO  [org.apa.kaf.com.uti.AppInfoParser] (main) Kafka commitId: f745dfdcee2b9851
2025-09-26 18:12:56,879 INFO  [org.apa.kaf.com.uti.AppInfoParser] (main) Kafka startTimeMs: 1758910376879
2025-09-26 18:12:56,880 INFO  [io.api.tes.ser.api.SimpleSerdesTesterBuilder$SimpleSerdesTester] (main) Using producer configuration: {apicurio.registry.find-latest=true, apicurio.registry.artifact.group-id=topic-ee45fb5f_cc34_4b84_ad84_a0e60a024e60, apicurio.registry.url=http://registry-app-mysql.apps.ci419.apicurio-testing.org:80/apis/registry/v3, apicurio.registry.artifact-resolver-strategy=io.apicurio.registry.serde.strategy.SimpleTopicIdStrategy, value.serializer=io.apicurio.registry.serde.avro.AvroKafkaSerializer, request.timeout.ms=5000, acks=all, bootstrap.servers=PLAINTEXT://localhost:32769, connections.max.idle.ms=10000, key.serializer=org.apache.kafka.common.serialization.StringSerializer, client.id=Producer-topic-ee45fb5f_cc34_4b84_ad84_a0e60a024e60}
2025-09-26 18:12:56,880 INFO  [io.api.tes.ser.api.SimpleSerdesTesterBuilder$SimpleSerdesTester] (main) Using consumer configuration: {}
2025-09-26 18:12:56,880 INFO  [io.api.tes.ser.api.KafkaSerdesTester] (ForkJoinPool.commonPool-worker-2) Sending message {"key11758910375817": "value-0"} to topic topic-ee45fb5f_cc34_4b84_ad84_a0e60a024e60
2025-09-26 18:12:56,885 INFO  [org.apa.kaf.cli.Metadata] (kafka-producer-network-thread | Producer-topic-ee45fb5f_cc34_4b84_ad84_a0e60a024e60) [Producer clientId=Producer-topic-ee45fb5f_cc34_4b84_ad84_a0e60a024e60] Cluster ID: y_JNGwQJRlem7c5NGbSJCg
2025-09-26 18:12:56,887 INFO  [org.apa.kaf.cli.pro.int.TransactionManager] (kafka-producer-network-thread | Producer-topic-ee45fb5f_cc34_4b84_ad84_a0e60a024e60) [Producer clientId=Producer-topic-ee45fb5f_cc34_4b84_ad84_a0e60a024e60] ProducerId set to 1 with epoch 0
2025-09-26 18:12:56,926 INFO  [io.api.tes.ser.api.KafkaSerdesTester] (ForkJoinPool.commonPool-worker-2) Sending message {"key11758910375817": "value-1"} to topic topic-ee45fb5f_cc34_4b84_ad84_a0e60a024e60
2025-09-26 18:12:56,929 INFO  [io.api.tes.ser.api.KafkaSerdesTester] (ForkJoinPool.commonPool-worker-2) Sending message {"key11758910375817": "value-2"} to topic topic-ee45fb5f_cc34_4b84_ad84_a0e60a024e60
2025-09-26 18:12:56,931 INFO  [io.api.tes.ser.api.KafkaSerdesTester] (ForkJoinPool.commonPool-worker-2) Sending message {"key11758910375817": "value-3"} to topic topic-ee45fb5f_cc34_4b84_ad84_a0e60a024e60
2025-09-26 18:12:56,933 INFO  [io.api.tes.ser.api.KafkaSerdesTester] (ForkJoinPool.commonPool-worker-2) Sending message {"key11758910375817": "value-4"} to topic topic-ee45fb5f_cc34_4b84_ad84_a0e60a024e60
2025-09-26 18:12:56,935 INFO  [io.api.tes.ser.api.KafkaSerdesTester] (ForkJoinPool.commonPool-worker-2) Sending message {"key11758910375817": "value-5"} to topic topic-ee45fb5f_cc34_4b84_ad84_a0e60a024e60
2025-09-26 18:12:56,937 INFO  [io.api.tes.ser.api.KafkaSerdesTester] (ForkJoinPool.commonPool-worker-2) Sending message {"key11758910375817": "value-6"} to topic topic-ee45fb5f_cc34_4b84_ad84_a0e60a024e60
2025-09-26 18:12:56,941 INFO  [io.api.tes.ser.api.KafkaSerdesTester] (ForkJoinPool.commonPool-worker-2) Sending message {"key11758910375817": "value-7"} to topic topic-ee45fb5f_cc34_4b84_ad84_a0e60a024e60
2025-09-26 18:12:56,943 INFO  [io.api.tes.ser.api.KafkaSerdesTester] (ForkJoinPool.commonPool-worker-2) Sending message {"key11758910375817": "value-8"} to topic topic-ee45fb5f_cc34_4b84_ad84_a0e60a024e60
2025-09-26 18:12:56,948 INFO  [io.api.tes.ser.api.KafkaSerdesTester] (ForkJoinPool.commonPool-worker-2) Sending message {"key11758910375817": "value-9"} to topic topic-ee45fb5f_cc34_4b84_ad84_a0e60a024e60
2025-09-26 18:12:56,951 INFO  [io.api.tes.ser.api.KafkaSerdesTester] (ForkJoinPool.commonPool-worker-2) Produced 10 messages
2025-09-26 18:12:56,951 INFO  [org.apa.kaf.cli.pro.KafkaProducer] (ForkJoinPool.commonPool-worker-2) [Producer clientId=Producer-topic-ee45fb5f_cc34_4b84_ad84_a0e60a024e60] Closing the Kafka producer with timeoutMillis = 9223372036854775807 ms.
2025-09-26 18:12:56,955 INFO  [org.apa.kaf.com.met.Metrics] (ForkJoinPool.commonPool-worker-2) Metrics scheduler closed
2025-09-26 18:12:56,955 INFO  [org.apa.kaf.com.met.Metrics] (ForkJoinPool.commonPool-worker-2) Closing reporter org.apache.kafka.common.metrics.JmxReporter
2025-09-26 18:12:56,955 INFO  [org.apa.kaf.com.met.Metrics] (ForkJoinPool.commonPool-worker-2) Closing reporter org.apache.kafka.common.telemetry.internals.ClientTelemetryReporter
2025-09-26 18:12:56,955 INFO  [org.apa.kaf.com.met.Metrics] (ForkJoinPool.commonPool-worker-2) Metrics reporters closed
2025-09-26 18:12:56,955 INFO  [org.apa.kaf.com.uti.AppInfoParser] (ForkJoinPool.commonPool-worker-2) App info kafka.producer for Producer-topic-ee45fb5f_cc34_4b84_ad84_a0e60a024e60 unregistered
**** Registry Base URL: http://registry-app-mysql.apps.ci419.apicurio-testing.org:80
2025-09-26 18:12:56,957 INFO  [org.apa.kaf.cli.con.ConsumerConfig] (main) ConsumerConfig values: 
	allow.auto.create.topics = true
	auto.commit.interval.ms = 500
	auto.include.jmx.reporter = true
	auto.offset.reset = earliest
	bootstrap.servers = [PLAINTEXT://localhost:32769]
	check.crcs = true
	client.dns.lookup = use_all_dns_ips
	client.id = consumer-Consumer-topic-ee45fb5f_cc34_4b84_ad84_a0e60a024e60-2
	client.rack = 
	connections.max.idle.ms = 10000
	default.api.timeout.ms = 60000
	enable.auto.commit = true
	enable.metrics.push = true
	exclude.internal.topics = true
	fetch.max.bytes = 52428800
	fetch.max.wait.ms = 500
	fetch.min.bytes = 1
	group.id = Consumer-topic-ee45fb5f_cc34_4b84_ad84_a0e60a024e60
	group.instance.id = null
	group.protocol = classic
	group.remote.assignor = null
	heartbeat.interval.ms = 3000
	interceptor.classes = []
	internal.leave.group.on.close = true
	internal.throw.on.fetch.stable.offset.unsupported = false
	isolation.level = read_uncommitted
	key.deserializer = class org.apache.kafka.common.serialization.StringDeserializer
	max.partition.fetch.bytes = 1048576
	max.poll.interval.ms = 300000
	max.poll.records = 500
	metadata.max.age.ms = 300000
	metadata.recovery.strategy = none
	metric.reporters = []
	metrics.num.samples = 2
	metrics.recording.level = INFO
	metrics.sample.window.ms = 30000
	partition.assignment.strategy = [class org.apache.kafka.clients.consumer.RangeAssignor, class org.apache.kafka.clients.consumer.CooperativeStickyAssignor]
	receive.buffer.bytes = 65536
	reconnect.backoff.max.ms = 1000
	reconnect.backoff.ms = 50
	request.timeout.ms = 5000
	retry.backoff.max.ms = 1000
	retry.backoff.ms = 100
	sasl.client.callback.handler.class = null
	sasl.jaas.config = null
	sasl.kerberos.kinit.cmd = /usr/bin/kinit
	sasl.kerberos.min.time.before.relogin = 60000
	sasl.kerberos.service.name = null
	sasl.kerberos.ticket.renew.jitter = 0.05
	sasl.kerberos.ticket.renew.window.factor = 0.8
	sasl.login.callback.handler.class = null
	sasl.login.class = null
	sasl.login.connect.timeout.ms = null
	sasl.login.read.timeout.ms = null
	sasl.login.refresh.buffer.seconds = 300
	sasl.login.refresh.min.period.seconds = 60
	sasl.login.refresh.window.factor = 0.8
	sasl.login.refresh.window.jitter = 0.05
	sasl.login.retry.backoff.max.ms = 10000
	sasl.login.retry.backoff.ms = 100
	sasl.mechanism = GSSAPI
	sasl.oauthbearer.clock.skew.seconds = 30
	sasl.oauthbearer.expected.audience = null
	sasl.oauthbearer.expected.issuer = null
	sasl.oauthbearer.header.urlencode = false
	sasl.oauthbearer.jwks.endpoint.refresh.ms = 3600000
	sasl.oauthbearer.jwks.endpoint.retry.backoff.max.ms = 10000
	sasl.oauthbearer.jwks.endpoint.retry.backoff.ms = 100
	sasl.oauthbearer.jwks.endpoint.url = null
	sasl.oauthbearer.scope.claim.name = scope
	sasl.oauthbearer.sub.claim.name = sub
	sasl.oauthbearer.token.endpoint.url = null
	security.protocol = PLAINTEXT
	security.providers = null
	send.buffer.bytes = 131072
	session.timeout.ms = 45000
	socket.connection.setup.timeout.max.ms = 30000
	socket.connection.setup.timeout.ms = 10000
	ssl.cipher.suites = null
	ssl.enabled.protocols = [TLSv1.2, TLSv1.3]
	ssl.endpoint.identification.algorithm = https
	ssl.engine.factory.class = null
	ssl.key.password = null
	ssl.keymanager.algorithm = SunX509
	ssl.keystore.certificate.chain = null
	ssl.keystore.key = null
	ssl.keystore.location = null
	ssl.keystore.password = null
	ssl.keystore.type = JKS
	ssl.protocol = TLSv1.3
	ssl.provider = null
	ssl.secure.random.implementation = null
	ssl.trustmanager.algorithm = PKIX
	ssl.truststore.certificates = null
	ssl.truststore.location = null
	ssl.truststore.password = null
	ssl.truststore.type = JKS
	value.deserializer = class io.apicurio.registry.serde.avro.AvroKafkaDeserializer

2025-09-26 18:12:56,957 INFO  [org.apa.kaf.com.tel.int.KafkaMetricsCollector] (main) initializing Kafka metrics collector
2025-09-26 18:12:56,967 INFO  [org.apa.kaf.cli.con.ConsumerConfig] (main) These configurations '[apicurio.registry.url]' were supplied but are not used yet.
2025-09-26 18:12:56,967 INFO  [org.apa.kaf.com.uti.AppInfoParser] (main) Kafka version: 3.9.1
2025-09-26 18:12:56,967 INFO  [org.apa.kaf.com.uti.AppInfoParser] (main) Kafka commitId: f745dfdcee2b9851
2025-09-26 18:12:56,967 INFO  [org.apa.kaf.com.uti.AppInfoParser] (main) Kafka startTimeMs: 1758910376967
2025-09-26 18:12:56,967 INFO  [org.apa.kaf.cli.con.int.ClassicKafkaConsumer] (ForkJoinPool.commonPool-worker-2) [Consumer clientId=consumer-Consumer-topic-ee45fb5f_cc34_4b84_ad84_a0e60a024e60-2, groupId=Consumer-topic-ee45fb5f_cc34_4b84_ad84_a0e60a024e60] Subscribed to topic(s): topic-ee45fb5f_cc34_4b84_ad84_a0e60a024e60
2025-09-26 18:12:56,976 INFO  [org.apa.kaf.cli.Metadata] (ForkJoinPool.commonPool-worker-2) [Consumer clientId=consumer-Consumer-topic-ee45fb5f_cc34_4b84_ad84_a0e60a024e60-2, groupId=Consumer-topic-ee45fb5f_cc34_4b84_ad84_a0e60a024e60] Cluster ID: y_JNGwQJRlem7c5NGbSJCg
2025-09-26 18:12:56,979 INFO  [org.apa.kaf.cli.con.int.ConsumerCoordinator] (ForkJoinPool.commonPool-worker-2) [Consumer clientId=consumer-Consumer-topic-ee45fb5f_cc34_4b84_ad84_a0e60a024e60-2, groupId=Consumer-topic-ee45fb5f_cc34_4b84_ad84_a0e60a024e60] Discovered group coordinator localhost:32769 (id: 2147483647 rack: null)
2025-09-26 18:12:56,997 INFO  [org.apa.kaf.cli.con.int.ConsumerCoordinator] (ForkJoinPool.commonPool-worker-2) [Consumer clientId=consumer-Consumer-topic-ee45fb5f_cc34_4b84_ad84_a0e60a024e60-2, groupId=Consumer-topic-ee45fb5f_cc34_4b84_ad84_a0e60a024e60] (Re-)joining group
2025-09-26 18:12:57,002 INFO  [org.apa.kaf.cli.con.int.ConsumerCoordinator] (ForkJoinPool.commonPool-worker-2) [Consumer clientId=consumer-Consumer-topic-ee45fb5f_cc34_4b84_ad84_a0e60a024e60-2, groupId=Consumer-topic-ee45fb5f_cc34_4b84_ad84_a0e60a024e60] Request joining group due to: need to re-join with the given member-id: consumer-Consumer-topic-ee45fb5f_cc34_4b84_ad84_a0e60a024e60-2-0338b0e7-f974-4938-859c-1fa76f130e83
2025-09-26 18:12:57,002 INFO  [org.apa.kaf.cli.con.int.ConsumerCoordinator] (ForkJoinPool.commonPool-worker-2) [Consumer clientId=consumer-Consumer-topic-ee45fb5f_cc34_4b84_ad84_a0e60a024e60-2, groupId=Consumer-topic-ee45fb5f_cc34_4b84_ad84_a0e60a024e60] (Re-)joining group
2025-09-26 18:12:57,967 INFO  [io.api.tes.ser.api.KafkaSerdesTester] (ForkJoinPool.commonPool-worker-2) None found
2025-09-26 18:12:58,968 INFO  [io.api.tes.ser.api.KafkaSerdesTester] (ForkJoinPool.commonPool-worker-2) None found
2025-09-26 18:12:59,969 INFO  [io.api.tes.ser.api.KafkaSerdesTester] (ForkJoinPool.commonPool-worker-2) None found
2025-09-26 18:13:00,005 INFO  [org.apa.kaf.cli.con.int.ConsumerCoordinator] (ForkJoinPool.commonPool-worker-2) [Consumer clientId=consumer-Consumer-topic-ee45fb5f_cc34_4b84_ad84_a0e60a024e60-2, groupId=Consumer-topic-ee45fb5f_cc34_4b84_ad84_a0e60a024e60] Successfully joined group with generation Generation{generationId=1, memberId='consumer-Consumer-topic-ee45fb5f_cc34_4b84_ad84_a0e60a024e60-2-0338b0e7-f974-4938-859c-1fa76f130e83', protocol='range'}
2025-09-26 18:13:00,005 INFO  [org.apa.kaf.cli.con.int.ConsumerCoordinator] (ForkJoinPool.commonPool-worker-2) [Consumer clientId=consumer-Consumer-topic-ee45fb5f_cc34_4b84_ad84_a0e60a024e60-2, groupId=Consumer-topic-ee45fb5f_cc34_4b84_ad84_a0e60a024e60] Finished assignment for group at generation 1: {consumer-Consumer-topic-ee45fb5f_cc34_4b84_ad84_a0e60a024e60-2-0338b0e7-f974-4938-859c-1fa76f130e83=Assignment(partitions=[topic-ee45fb5f_cc34_4b84_ad84_a0e60a024e60-0])}
2025-09-26 18:13:00,013 INFO  [org.apa.kaf.cli.con.int.ConsumerCoordinator] (ForkJoinPool.commonPool-worker-2) [Consumer clientId=consumer-Consumer-topic-ee45fb5f_cc34_4b84_ad84_a0e60a024e60-2, groupId=Consumer-topic-ee45fb5f_cc34_4b84_ad84_a0e60a024e60] Successfully synced group in generation Generation{generationId=1, memberId='consumer-Consumer-topic-ee45fb5f_cc34_4b84_ad84_a0e60a024e60-2-0338b0e7-f974-4938-859c-1fa76f130e83', protocol='range'}
2025-09-26 18:13:00,013 INFO  [org.apa.kaf.cli.con.int.ConsumerCoordinator] (ForkJoinPool.commonPool-worker-2) [Consumer clientId=consumer-Consumer-topic-ee45fb5f_cc34_4b84_ad84_a0e60a024e60-2, groupId=Consumer-topic-ee45fb5f_cc34_4b84_ad84_a0e60a024e60] Notifying assignor about the new Assignment(partitions=[topic-ee45fb5f_cc34_4b84_ad84_a0e60a024e60-0])
2025-09-26 18:13:00,014 INFO  [org.apa.kaf.cli.con.int.ConsumerRebalanceListenerInvoker] (ForkJoinPool.commonPool-worker-2) [Consumer clientId=consumer-Consumer-topic-ee45fb5f_cc34_4b84_ad84_a0e60a024e60-2, groupId=Consumer-topic-ee45fb5f_cc34_4b84_ad84_a0e60a024e60] Adding newly assigned partitions: topic-ee45fb5f_cc34_4b84_ad84_a0e60a024e60-0
2025-09-26 18:13:00,015 INFO  [org.apa.kaf.cli.con.int.ConsumerCoordinator] (ForkJoinPool.commonPool-worker-2) [Consumer clientId=consumer-Consumer-topic-ee45fb5f_cc34_4b84_ad84_a0e60a024e60-2, groupId=Consumer-topic-ee45fb5f_cc34_4b84_ad84_a0e60a024e60] Found no committed offset for partition topic-ee45fb5f_cc34_4b84_ad84_a0e60a024e60-0
2025-09-26 18:13:00,020 INFO  [org.apa.kaf.cli.con.int.SubscriptionState] (ForkJoinPool.commonPool-worker-2) [Consumer clientId=consumer-Consumer-topic-ee45fb5f_cc34_4b84_ad84_a0e60a024e60-2, groupId=Consumer-topic-ee45fb5f_cc34_4b84_ad84_a0e60a024e60] Resetting offset for partition topic-ee45fb5f_cc34_4b84_ad84_a0e60a024e60-0 to position FetchPosition{offset=0, offsetEpoch=Optional.empty, currentLeader=LeaderAndEpoch{leader=Optional[localhost:32769 (id: 0 rack: null)], epoch=0}}.
2025-09-26 18:13:00,062 INFO  [io.api.tes.ser.api.KafkaSerdesTester] (ForkJoinPool.commonPool-worker-2) topic-ee45fb5f_cc34_4b84_ad84_a0e60a024e60 0 0 {"key11758910375817": "value-0"}
2025-09-26 18:13:00,062 INFO  [io.api.tes.ser.api.KafkaSerdesTester] (ForkJoinPool.commonPool-worker-2) topic-ee45fb5f_cc34_4b84_ad84_a0e60a024e60 0 1 {"key11758910375817": "value-1"}
2025-09-26 18:13:00,062 INFO  [io.api.tes.ser.api.KafkaSerdesTester] (ForkJoinPool.commonPool-worker-2) topic-ee45fb5f_cc34_4b84_ad84_a0e60a024e60 0 2 {"key11758910375817": "value-2"}
2025-09-26 18:13:00,062 INFO  [io.api.tes.ser.api.KafkaSerdesTester] (ForkJoinPool.commonPool-worker-2) topic-ee45fb5f_cc34_4b84_ad84_a0e60a024e60 0 3 {"key11758910375817": "value-3"}
2025-09-26 18:13:00,062 INFO  [io.api.tes.ser.api.KafkaSerdesTester] (ForkJoinPool.commonPool-worker-2) topic-ee45fb5f_cc34_4b84_ad84_a0e60a024e60 0 4 {"key11758910375817": "value-4"}
2025-09-26 18:13:00,062 INFO  [io.api.tes.ser.api.KafkaSerdesTester] (ForkJoinPool.commonPool-worker-2) topic-ee45fb5f_cc34_4b84_ad84_a0e60a024e60 0 5 {"key11758910375817": "value-5"}
2025-09-26 18:13:00,063 INFO  [io.api.tes.ser.api.KafkaSerdesTester] (ForkJoinPool.commonPool-worker-2) topic-ee45fb5f_cc34_4b84_ad84_a0e60a024e60 0 6 {"key11758910375817": "value-6"}
2025-09-26 18:13:00,063 INFO  [io.api.tes.ser.api.KafkaSerdesTester] (ForkJoinPool.commonPool-worker-2) topic-ee45fb5f_cc34_4b84_ad84_a0e60a024e60 0 7 {"key11758910375817": "value-7"}
2025-09-26 18:13:00,063 INFO  [io.api.tes.ser.api.KafkaSerdesTester] (ForkJoinPool.commonPool-worker-2) topic-ee45fb5f_cc34_4b84_ad84_a0e60a024e60 0 8 {"key11758910375817": "value-8"}
2025-09-26 18:13:00,063 INFO  [io.api.tes.ser.api.KafkaSerdesTester] (ForkJoinPool.commonPool-worker-2) topic-ee45fb5f_cc34_4b84_ad84_a0e60a024e60 0 9 {"key11758910375817": "value-9"}
2025-09-26 18:13:00,063 INFO  [io.api.tes.ser.api.KafkaSerdesTester] (ForkJoinPool.commonPool-worker-2) Consumed 10 messages
2025-09-26 18:13:00,070 INFO  [org.apa.kaf.cli.con.int.ConsumerRebalanceListenerInvoker] (ForkJoinPool.commonPool-worker-2) [Consumer clientId=consumer-Consumer-topic-ee45fb5f_cc34_4b84_ad84_a0e60a024e60-2, groupId=Consumer-topic-ee45fb5f_cc34_4b84_ad84_a0e60a024e60] Revoke previously assigned partitions topic-ee45fb5f_cc34_4b84_ad84_a0e60a024e60-0
2025-09-26 18:13:00,071 INFO  [org.apa.kaf.cli.con.int.ConsumerCoordinator] (ForkJoinPool.commonPool-worker-2) [Consumer clientId=consumer-Consumer-topic-ee45fb5f_cc34_4b84_ad84_a0e60a024e60-2, groupId=Consumer-topic-ee45fb5f_cc34_4b84_ad84_a0e60a024e60] Member consumer-Consumer-topic-ee45fb5f_cc34_4b84_ad84_a0e60a024e60-2-0338b0e7-f974-4938-859c-1fa76f130e83 sending LeaveGroup request to coordinator localhost:32769 (id: 2147483647 rack: null) due to the consumer is being closed
2025-09-26 18:13:00,071 INFO  [org.apa.kaf.cli.con.int.ConsumerCoordinator] (ForkJoinPool.commonPool-worker-2) [Consumer clientId=consumer-Consumer-topic-ee45fb5f_cc34_4b84_ad84_a0e60a024e60-2, groupId=Consumer-topic-ee45fb5f_cc34_4b84_ad84_a0e60a024e60] Resetting generation and member id due to: consumer pro-actively leaving the group
2025-09-26 18:13:00,071 INFO  [org.apa.kaf.cli.con.int.ConsumerCoordinator] (ForkJoinPool.commonPool-worker-2) [Consumer clientId=consumer-Consumer-topic-ee45fb5f_cc34_4b84_ad84_a0e60a024e60-2, groupId=Consumer-topic-ee45fb5f_cc34_4b84_ad84_a0e60a024e60] Request joining group due to: consumer pro-actively leaving the group
2025-09-26 18:13:00,565 INFO  [org.apa.kaf.com.met.Metrics] (ForkJoinPool.commonPool-worker-2) Metrics scheduler closed
2025-09-26 18:13:00,565 INFO  [org.apa.kaf.com.met.Metrics] (ForkJoinPool.commonPool-worker-2) Closing reporter org.apache.kafka.common.metrics.JmxReporter
2025-09-26 18:13:00,565 INFO  [org.apa.kaf.com.met.Metrics] (ForkJoinPool.commonPool-worker-2) Closing reporter org.apache.kafka.common.telemetry.internals.ClientTelemetryReporter
2025-09-26 18:13:00,565 INFO  [org.apa.kaf.com.met.Metrics] (ForkJoinPool.commonPool-worker-2) Metrics reporters closed
2025-09-26 18:13:00,569 INFO  [org.apa.kaf.com.uti.AppInfoParser] (ForkJoinPool.commonPool-worker-2) App info kafka.consumer for consumer-Consumer-topic-ee45fb5f_cc34_4b84_ad84_a0e60a024e60-2 unregistered
2025-09-26 18:13:00,569 INFO  [io.api.tes.uti.TestSeparator] (main) io.apicurio.tests.serdes.apicurio.AvroSerdeIT.testSimpleTopicIdStrategyFindLatest-FINISHED
2025-09-26 18:13:00,569 INFO  [io.api.tes.uti.TestSeparator] (main) ############################################################################
Test passed: testSimpleTopicIdStrategyFindLatest
]]></system-out>
  </testcase>
  <testcase name="testWrongSchema" classname="io.apicurio.tests.serdes.apicurio.AvroSerdeIT" time="1.108">
    <system-out><![CDATA[2025-09-26 18:13:00,571 INFO  [io.api.tes.uti.TestSeparator] (main) ############################################################################
2025-09-26 18:13:00,571 INFO  [io.api.tes.uti.TestSeparator] (main) io.apicurio.tests.serdes.apicurio.AvroSerdeIT.testWrongSchema-STARTED
**** Registry Base URL: http://registry-app-mysql.apps.ci419.apicurio-testing.org:80
2025-09-26 18:13:01,629 INFO  [org.apa.kaf.cli.pro.ProducerConfig] (main) ProducerConfig values: 
	acks = -1
	auto.include.jmx.reporter = true
	batch.size = 16384
	bootstrap.servers = [PLAINTEXT://localhost:32769]
	buffer.memory = 33554432
	client.dns.lookup = use_all_dns_ips
	client.id = Producer-s2603d9d4x2a4ex49e8xa133x6f36a331b993
	compression.gzip.level = -1
	compression.lz4.level = 9
	compression.type = none
	compression.zstd.level = 3
	connections.max.idle.ms = 10000
	delivery.timeout.ms = 120000
	enable.idempotence = true
	enable.metrics.push = true
	interceptor.classes = []
	key.serializer = class org.apache.kafka.common.serialization.StringSerializer
	linger.ms = 0
	max.block.ms = 60000
	max.in.flight.requests.per.connection = 5
	max.request.size = 1048576
	metadata.max.age.ms = 300000
	metadata.max.idle.ms = 300000
	metadata.recovery.strategy = none
	metric.reporters = []
	metrics.num.samples = 2
	metrics.recording.level = INFO
	metrics.sample.window.ms = 30000
	partitioner.adaptive.partitioning.enable = true
	partitioner.availability.timeout.ms = 0
	partitioner.class = null
	partitioner.ignore.keys = false
	receive.buffer.bytes = 32768
	reconnect.backoff.max.ms = 1000
	reconnect.backoff.ms = 50
	request.timeout.ms = 5000
	retries = 2147483647
	retry.backoff.max.ms = 1000
	retry.backoff.ms = 100
	sasl.client.callback.handler.class = null
	sasl.jaas.config = null
	sasl.kerberos.kinit.cmd = /usr/bin/kinit
	sasl.kerberos.min.time.before.relogin = 60000
	sasl.kerberos.service.name = null
	sasl.kerberos.ticket.renew.jitter = 0.05
	sasl.kerberos.ticket.renew.window.factor = 0.8
	sasl.login.callback.handler.class = null
	sasl.login.class = null
	sasl.login.connect.timeout.ms = null
	sasl.login.read.timeout.ms = null
	sasl.login.refresh.buffer.seconds = 300
	sasl.login.refresh.min.period.seconds = 60
	sasl.login.refresh.window.factor = 0.8
	sasl.login.refresh.window.jitter = 0.05
	sasl.login.retry.backoff.max.ms = 10000
	sasl.login.retry.backoff.ms = 100
	sasl.mechanism = GSSAPI
	sasl.oauthbearer.clock.skew.seconds = 30
	sasl.oauthbearer.expected.audience = null
	sasl.oauthbearer.expected.issuer = null
	sasl.oauthbearer.header.urlencode = false
	sasl.oauthbearer.jwks.endpoint.refresh.ms = 3600000
	sasl.oauthbearer.jwks.endpoint.retry.backoff.max.ms = 10000
	sasl.oauthbearer.jwks.endpoint.retry.backoff.ms = 100
	sasl.oauthbearer.jwks.endpoint.url = null
	sasl.oauthbearer.scope.claim.name = scope
	sasl.oauthbearer.sub.claim.name = sub
	sasl.oauthbearer.token.endpoint.url = null
	security.protocol = PLAINTEXT
	security.providers = null
	send.buffer.bytes = 131072
	socket.connection.setup.timeout.max.ms = 30000
	socket.connection.setup.timeout.ms = 10000
	ssl.cipher.suites = null
	ssl.enabled.protocols = [TLSv1.2, TLSv1.3]
	ssl.endpoint.identification.algorithm = https
	ssl.engine.factory.class = null
	ssl.key.password = null
	ssl.keymanager.algorithm = SunX509
	ssl.keystore.certificate.chain = null
	ssl.keystore.key = null
	ssl.keystore.location = null
	ssl.keystore.password = null
	ssl.keystore.type = JKS
	ssl.protocol = TLSv1.3
	ssl.provider = null
	ssl.secure.random.implementation = null
	ssl.trustmanager.algorithm = PKIX
	ssl.truststore.certificates = null
	ssl.truststore.location = null
	ssl.truststore.password = null
	ssl.truststore.type = JKS
	transaction.timeout.ms = 60000
	transactional.id = null
	value.serializer = class io.apicurio.registry.serde.avro.AvroKafkaSerializer

2025-09-26 18:13:01,629 INFO  [org.apa.kaf.com.tel.int.KafkaMetricsCollector] (main) initializing Kafka metrics collector
2025-09-26 18:13:01,633 INFO  [org.apa.kaf.cli.pro.KafkaProducer] (main) [Producer clientId=Producer-s2603d9d4x2a4ex49e8xa133x6f36a331b993] Instantiated an idempotent producer.
2025-09-26 18:13:01,636 INFO  [org.apa.kaf.cli.pro.ProducerConfig] (main) These configurations '[apicurio.registry.find-latest, apicurio.registry.url, apicurio.registry.artifact-resolver-strategy]' were supplied but are not used yet.
2025-09-26 18:13:01,636 INFO  [org.apa.kaf.com.uti.AppInfoParser] (main) Kafka version: 3.9.1
2025-09-26 18:13:01,636 INFO  [org.apa.kaf.com.uti.AppInfoParser] (main) Kafka commitId: f745dfdcee2b9851
2025-09-26 18:13:01,636 INFO  [org.apa.kaf.com.uti.AppInfoParser] (main) Kafka startTimeMs: 1758910381636
2025-09-26 18:13:01,637 INFO  [io.api.tes.ser.api.KafkaSerdesTester] (ForkJoinPool.commonPool-worker-2) Sending message {"keyB": "value-0"} to topic s2603d9d4x2a4ex49e8xa133x6f36a331b993
2025-09-26 18:13:01,643 INFO  [org.apa.kaf.cli.Metadata] (kafka-producer-network-thread | Producer-s2603d9d4x2a4ex49e8xa133x6f36a331b993) [Producer clientId=Producer-s2603d9d4x2a4ex49e8xa133x6f36a331b993] Cluster ID: y_JNGwQJRlem7c5NGbSJCg
2025-09-26 18:13:01,643 INFO  [org.apa.kaf.cli.pro.int.TransactionManager] (kafka-producer-network-thread | Producer-s2603d9d4x2a4ex49e8xa133x6f36a331b993) [Producer clientId=Producer-s2603d9d4x2a4ex49e8xa133x6f36a331b993] ProducerId set to 2 with epoch 0
2025-09-26 18:13:01,674 INFO  [org.apa.kaf.cli.pro.KafkaProducer] (ForkJoinPool.commonPool-worker-2) [Producer clientId=Producer-s2603d9d4x2a4ex49e8xa133x6f36a331b993] Closing the Kafka producer with timeoutMillis = 9223372036854775807 ms.
2025-09-26 18:13:01,676 INFO  [org.apa.kaf.com.met.Metrics] (ForkJoinPool.commonPool-worker-2) Metrics scheduler closed
2025-09-26 18:13:01,676 INFO  [org.apa.kaf.com.met.Metrics] (ForkJoinPool.commonPool-worker-2) Closing reporter org.apache.kafka.common.metrics.JmxReporter
2025-09-26 18:13:01,676 INFO  [org.apa.kaf.com.met.Metrics] (ForkJoinPool.commonPool-worker-2) Closing reporter org.apache.kafka.common.telemetry.internals.ClientTelemetryReporter
2025-09-26 18:13:01,676 INFO  [org.apa.kaf.com.met.Metrics] (ForkJoinPool.commonPool-worker-2) Metrics reporters closed
2025-09-26 18:13:01,677 INFO  [org.apa.kaf.com.uti.AppInfoParser] (ForkJoinPool.commonPool-worker-2) App info kafka.producer for Producer-s2603d9d4x2a4ex49e8xa133x6f36a331b993 unregistered
2025-09-26 18:13:01,677 INFO  [io.api.tes.uti.TestSeparator] (main) io.apicurio.tests.serdes.apicurio.AvroSerdeIT.testWrongSchema-FINISHED
2025-09-26 18:13:01,677 INFO  [io.api.tes.uti.TestSeparator] (main) ############################################################################
Test passed: testWrongSchema
]]></system-out>
    <system-err><![CDATA[io.apicurio.registry.rest.client.models.ProblemDetails
	at io.apicurio.registry.rest.client.models.ProblemDetails.createFromDiscriminatorValue(ProblemDetails.java:58)
	at io.kiota.serialization.json.JsonParseNode.getObjectValue(JsonParseNode.java:247)
	at io.kiota.http.vertx.VertXRequestAdapter.lambda$throwIfFailedResponse$0(VertXRequestAdapter.java:400)
	at com.microsoft.kiota.ApiExceptionBuilder.<init>(ApiExceptionBuilder.java:26)
	at io.kiota.http.vertx.VertXRequestAdapter.throwIfFailedResponse(VertXRequestAdapter.java:399)
	at io.kiota.http.vertx.VertXRequestAdapter.send(VertXRequestAdapter.java:170)
	at jdk.internal.reflect.GeneratedMethodAccessor33.invoke(Unknown Source)
	at java.base/jdk.internal.reflect.DelegatingMethodAccessorImpl.invoke(DelegatingMethodAccessorImpl.java:43)
	at java.base/java.lang.reflect.Method.invoke(Method.java:569)
	at io.apicurio.registry.client.RegistryClientFactory$RetryInvocationHandler.invoke(RegistryClientFactory.java:146)
	at jdk.proxy2/jdk.proxy2.$Proxy65.send(Unknown Source)
	at io.apicurio.registry.rest.client.groups.item.artifacts.item.versions.item.WithVersionExpressionItemRequestBuilder.get(WithVersionExpressionItemRequestBuilder.java:128)
	at io.apicurio.registry.rest.client.groups.item.artifacts.item.versions.item.WithVersionExpressionItemRequestBuilder.get(WithVersionExpressionItemRequestBuilder.java:111)
	at io.apicurio.registry.resolver.client.RegistryClientFacadeImpl.getVersionCoordinatesByGAV(RegistryClientFacadeImpl.java:159)
	at io.apicurio.registry.resolver.DefaultSchemaResolver.resolveByCoordinates(DefaultSchemaResolver.java:352)
	at io.apicurio.registry.resolver.DefaultSchemaResolver.lambda$resolveSchemaByArtifactReferenceCached$6(DefaultSchemaResolver.java:340)
	at io.apicurio.registry.resolver.cache.ERCache.lambda$getValue$0(ERCache.java:174)
	at io.apicurio.registry.resolver.cache.ERCache.retry(ERCache.java:227)
	at io.apicurio.registry.resolver.cache.ERCache.getValue(ERCache.java:173)
	at io.apicurio.registry.resolver.cache.ERCache.getByArtifactCoordinates(ERCache.java:158)
	at io.apicurio.registry.resolver.DefaultSchemaResolver.resolveSchemaByArtifactReferenceCached(DefaultSchemaResolver.java:338)
	at io.apicurio.registry.resolver.DefaultSchemaResolver.resolveSchemaByCoordinates(DefaultSchemaResolver.java:193)
	at io.apicurio.registry.resolver.DefaultSchemaResolver.getSchemaFromRegistry(DefaultSchemaResolver.java:130)
	at io.apicurio.registry.resolver.DefaultSchemaResolver.lambda$resolveSchema$0(DefaultSchemaResolver.java:84)
	at java.base/java.util.Optional.orElseGet(Optional.java:364)
	at io.apicurio.registry.resolver.DefaultSchemaResolver.resolveSchema(DefaultSchemaResolver.java:84)
	at io.apicurio.registry.serde.AbstractSerializer.serializeData(AbstractSerializer.java:62)
	at io.apicurio.registry.serde.KafkaSerializer.serialize(KafkaSerializer.java:77)
	at org.apache.kafka.clients.producer.KafkaProducer.doSend(KafkaProducer.java:1046)
	at org.apache.kafka.clients.producer.KafkaProducer.send(KafkaProducer.java:993)
	at org.apache.kafka.clients.producer.KafkaProducer.send(KafkaProducer.java:875)
	at io.apicurio.tests.serdes.apicurio.KafkaSerdesTester.lambda$produceMessages$3(KafkaSerdesTester.java:138)
	at java.base/java.util.concurrent.CompletableFuture$AsyncSupply.run(CompletableFuture.java:1768)
	at java.base/java.util.concurrent.CompletableFuture$AsyncSupply.exec(CompletableFuture.java:1760)
	at java.base/java.util.concurrent.ForkJoinTask.doExec(ForkJoinTask.java:373)
	at java.base/java.util.concurrent.ForkJoinPool$WorkQueue.topLevelExec(ForkJoinPool.java:1182)
	at java.base/java.util.concurrent.ForkJoinPool.scan(ForkJoinPool.java:1655)
	at java.base/java.util.concurrent.ForkJoinPool.runWorker(ForkJoinPool.java:1622)
	at java.base/java.util.concurrent.ForkJoinWorkerThread.run(ForkJoinWorkerThread.java:165)
]]></system-err>
  </testcase>
  <testcase name="testAvroJSON" classname="io.apicurio.tests.serdes.apicurio.AvroSerdeIT" time="3.792">
    <system-out><![CDATA[2025-09-26 18:13:01,679 INFO  [io.api.tes.uti.TestSeparator] (main) ############################################################################
2025-09-26 18:13:01,679 INFO  [io.api.tes.uti.TestSeparator] (main) io.apicurio.tests.serdes.apicurio.AvroSerdeIT.testAvroJSON-STARTED
**** Registry Base URL: http://registry-app-mysql.apps.ci419.apicurio-testing.org:80
2025-09-26 18:13:01,684 INFO  [org.apa.kaf.cli.pro.ProducerConfig] (main) ProducerConfig values: 
	acks = -1
	auto.include.jmx.reporter = true
	batch.size = 16384
	bootstrap.servers = [PLAINTEXT://localhost:32769]
	buffer.memory = 33554432
	client.dns.lookup = use_all_dns_ips
	client.id = Producer-topic-7fba9501_6abf_4263_9745_8b28db4b13a8
	compression.gzip.level = -1
	compression.lz4.level = 9
	compression.type = none
	compression.zstd.level = 3
	connections.max.idle.ms = 10000
	delivery.timeout.ms = 120000
	enable.idempotence = true
	enable.metrics.push = true
	interceptor.classes = []
	key.serializer = class org.apache.kafka.common.serialization.StringSerializer
	linger.ms = 0
	max.block.ms = 60000
	max.in.flight.requests.per.connection = 5
	max.request.size = 1048576
	metadata.max.age.ms = 300000
	metadata.max.idle.ms = 300000
	metadata.recovery.strategy = none
	metric.reporters = []
	metrics.num.samples = 2
	metrics.recording.level = INFO
	metrics.sample.window.ms = 30000
	partitioner.adaptive.partitioning.enable = true
	partitioner.availability.timeout.ms = 0
	partitioner.class = null
	partitioner.ignore.keys = false
	receive.buffer.bytes = 32768
	reconnect.backoff.max.ms = 1000
	reconnect.backoff.ms = 50
	request.timeout.ms = 5000
	retries = 2147483647
	retry.backoff.max.ms = 1000
	retry.backoff.ms = 100
	sasl.client.callback.handler.class = null
	sasl.jaas.config = null
	sasl.kerberos.kinit.cmd = /usr/bin/kinit
	sasl.kerberos.min.time.before.relogin = 60000
	sasl.kerberos.service.name = null
	sasl.kerberos.ticket.renew.jitter = 0.05
	sasl.kerberos.ticket.renew.window.factor = 0.8
	sasl.login.callback.handler.class = null
	sasl.login.class = null
	sasl.login.connect.timeout.ms = null
	sasl.login.read.timeout.ms = null
	sasl.login.refresh.buffer.seconds = 300
	sasl.login.refresh.min.period.seconds = 60
	sasl.login.refresh.window.factor = 0.8
	sasl.login.refresh.window.jitter = 0.05
	sasl.login.retry.backoff.max.ms = 10000
	sasl.login.retry.backoff.ms = 100
	sasl.mechanism = GSSAPI
	sasl.oauthbearer.clock.skew.seconds = 30
	sasl.oauthbearer.expected.audience = null
	sasl.oauthbearer.expected.issuer = null
	sasl.oauthbearer.header.urlencode = false
	sasl.oauthbearer.jwks.endpoint.refresh.ms = 3600000
	sasl.oauthbearer.jwks.endpoint.retry.backoff.max.ms = 10000
	sasl.oauthbearer.jwks.endpoint.retry.backoff.ms = 100
	sasl.oauthbearer.jwks.endpoint.url = null
	sasl.oauthbearer.scope.claim.name = scope
	sasl.oauthbearer.sub.claim.name = sub
	sasl.oauthbearer.token.endpoint.url = null
	security.protocol = PLAINTEXT
	security.providers = null
	send.buffer.bytes = 131072
	socket.connection.setup.timeout.max.ms = 30000
	socket.connection.setup.timeout.ms = 10000
	ssl.cipher.suites = null
	ssl.enabled.protocols = [TLSv1.2, TLSv1.3]
	ssl.endpoint.identification.algorithm = https
	ssl.engine.factory.class = null
	ssl.key.password = null
	ssl.keymanager.algorithm = SunX509
	ssl.keystore.certificate.chain = null
	ssl.keystore.key = null
	ssl.keystore.location = null
	ssl.keystore.password = null
	ssl.keystore.type = JKS
	ssl.protocol = TLSv1.3
	ssl.provider = null
	ssl.secure.random.implementation = null
	ssl.trustmanager.algorithm = PKIX
	ssl.truststore.certificates = null
	ssl.truststore.location = null
	ssl.truststore.password = null
	ssl.truststore.type = JKS
	transaction.timeout.ms = 60000
	transactional.id = null
	value.serializer = class io.apicurio.registry.serde.avro.AvroKafkaSerializer

2025-09-26 18:13:01,685 INFO  [org.apa.kaf.com.tel.int.KafkaMetricsCollector] (main) initializing Kafka metrics collector
2025-09-26 18:13:01,690 INFO  [org.apa.kaf.cli.pro.KafkaProducer] (main) [Producer clientId=Producer-topic-7fba9501_6abf_4263_9745_8b28db4b13a8] Instantiated an idempotent producer.
2025-09-26 18:13:01,693 INFO  [org.apa.kaf.cli.pro.ProducerConfig] (main) These configurations '[apicurio.registry.avro.encoding, apicurio.registry.url, apicurio.registry.auto-register, apicurio.registry.artifact-resolver-strategy]' were supplied but are not used yet.
2025-09-26 18:13:01,693 INFO  [org.apa.kaf.com.uti.AppInfoParser] (main) Kafka version: 3.9.1
2025-09-26 18:13:01,694 INFO  [org.apa.kaf.com.uti.AppInfoParser] (main) Kafka commitId: f745dfdcee2b9851
2025-09-26 18:13:01,694 INFO  [org.apa.kaf.com.uti.AppInfoParser] (main) Kafka startTimeMs: 1758910381693
2025-09-26 18:13:01,694 INFO  [io.api.tes.ser.api.SimpleSerdesTesterBuilder$SimpleSerdesTester] (main) Using producer configuration: {apicurio.registry.avro.encoding=JSON, apicurio.registry.url=http://registry-app-mysql.apps.ci419.apicurio-testing.org:80/apis/registry/v3, apicurio.registry.auto-register=true, apicurio.registry.artifact-resolver-strategy=io.apicurio.registry.serde.strategy.TopicIdStrategy, value.serializer=io.apicurio.registry.serde.avro.AvroKafkaSerializer, request.timeout.ms=5000, acks=all, bootstrap.servers=PLAINTEXT://localhost:32769, connections.max.idle.ms=10000, key.serializer=org.apache.kafka.common.serialization.StringSerializer, client.id=Producer-topic-7fba9501_6abf_4263_9745_8b28db4b13a8}
2025-09-26 18:13:01,694 INFO  [io.api.tes.ser.api.SimpleSerdesTesterBuilder$SimpleSerdesTester] (main) Using consumer configuration: {apicurio.registry.avro.encoding=JSON}
2025-09-26 18:13:01,695 INFO  [io.api.tes.ser.api.KafkaSerdesTester] (ForkJoinPool.commonPool-worker-2) Sending message {"bar": "value-0"} to topic topic-7fba9501_6abf_4263_9745_8b28db4b13a8
2025-09-26 18:13:01,698 WARN  [org.apa.kaf.cli.NetworkClient] (kafka-producer-network-thread | Producer-topic-7fba9501_6abf_4263_9745_8b28db4b13a8) [Producer clientId=Producer-topic-7fba9501_6abf_4263_9745_8b28db4b13a8] The metadata response from the cluster reported a recoverable issue with correlation id 1 : {topic-7fba9501_6abf_4263_9745_8b28db4b13a8=UNKNOWN_TOPIC_OR_PARTITION}
2025-09-26 18:13:01,699 INFO  [org.apa.kaf.cli.Metadata] (kafka-producer-network-thread | Producer-topic-7fba9501_6abf_4263_9745_8b28db4b13a8) [Producer clientId=Producer-topic-7fba9501_6abf_4263_9745_8b28db4b13a8] Cluster ID: y_JNGwQJRlem7c5NGbSJCg
2025-09-26 18:13:01,699 INFO  [org.apa.kaf.cli.pro.int.TransactionManager] (kafka-producer-network-thread | Producer-topic-7fba9501_6abf_4263_9745_8b28db4b13a8) [Producer clientId=Producer-topic-7fba9501_6abf_4263_9745_8b28db4b13a8] ProducerId set to 3 with epoch 0
2025-09-26 18:13:01,858 INFO  [io.api.tes.ser.api.KafkaSerdesTester] (ForkJoinPool.commonPool-worker-2) Sending message {"bar": "value-1"} to topic topic-7fba9501_6abf_4263_9745_8b28db4b13a8
2025-09-26 18:13:01,860 INFO  [io.api.tes.ser.api.KafkaSerdesTester] (ForkJoinPool.commonPool-worker-2) Sending message {"bar": "value-2"} to topic topic-7fba9501_6abf_4263_9745_8b28db4b13a8
2025-09-26 18:13:01,862 INFO  [io.api.tes.ser.api.KafkaSerdesTester] (ForkJoinPool.commonPool-worker-2) Sending message {"bar": "value-3"} to topic topic-7fba9501_6abf_4263_9745_8b28db4b13a8
2025-09-26 18:13:01,863 INFO  [io.api.tes.ser.api.KafkaSerdesTester] (ForkJoinPool.commonPool-worker-2) Sending message {"bar": "value-4"} to topic topic-7fba9501_6abf_4263_9745_8b28db4b13a8
2025-09-26 18:13:01,865 INFO  [io.api.tes.ser.api.KafkaSerdesTester] (ForkJoinPool.commonPool-worker-2) Sending message {"bar": "value-5"} to topic topic-7fba9501_6abf_4263_9745_8b28db4b13a8
2025-09-26 18:13:01,867 INFO  [io.api.tes.ser.api.KafkaSerdesTester] (ForkJoinPool.commonPool-worker-2) Sending message {"bar": "value-6"} to topic topic-7fba9501_6abf_4263_9745_8b28db4b13a8
2025-09-26 18:13:01,870 INFO  [io.api.tes.ser.api.KafkaSerdesTester] (ForkJoinPool.commonPool-worker-2) Sending message {"bar": "value-7"} to topic topic-7fba9501_6abf_4263_9745_8b28db4b13a8
2025-09-26 18:13:01,872 INFO  [io.api.tes.ser.api.KafkaSerdesTester] (ForkJoinPool.commonPool-worker-2) Sending message {"bar": "value-8"} to topic topic-7fba9501_6abf_4263_9745_8b28db4b13a8
2025-09-26 18:13:01,874 INFO  [io.api.tes.ser.api.KafkaSerdesTester] (ForkJoinPool.commonPool-worker-2) Sending message {"bar": "value-9"} to topic topic-7fba9501_6abf_4263_9745_8b28db4b13a8
2025-09-26 18:13:01,876 INFO  [io.api.tes.ser.api.KafkaSerdesTester] (ForkJoinPool.commonPool-worker-2) Produced 10 messages
2025-09-26 18:13:01,876 INFO  [org.apa.kaf.cli.pro.KafkaProducer] (ForkJoinPool.commonPool-worker-2) [Producer clientId=Producer-topic-7fba9501_6abf_4263_9745_8b28db4b13a8] Closing the Kafka producer with timeoutMillis = 9223372036854775807 ms.
2025-09-26 18:13:01,879 INFO  [org.apa.kaf.com.met.Metrics] (ForkJoinPool.commonPool-worker-2) Metrics scheduler closed
2025-09-26 18:13:01,879 INFO  [org.apa.kaf.com.met.Metrics] (ForkJoinPool.commonPool-worker-2) Closing reporter org.apache.kafka.common.metrics.JmxReporter
2025-09-26 18:13:01,879 INFO  [org.apa.kaf.com.met.Metrics] (ForkJoinPool.commonPool-worker-2) Closing reporter org.apache.kafka.common.telemetry.internals.ClientTelemetryReporter
2025-09-26 18:13:01,879 INFO  [org.apa.kaf.com.met.Metrics] (ForkJoinPool.commonPool-worker-2) Metrics reporters closed
2025-09-26 18:13:01,880 INFO  [org.apa.kaf.com.uti.AppInfoParser] (ForkJoinPool.commonPool-worker-2) App info kafka.producer for Producer-topic-7fba9501_6abf_4263_9745_8b28db4b13a8 unregistered
**** Registry Base URL: http://registry-app-mysql.apps.ci419.apicurio-testing.org:80
2025-09-26 18:13:01,905 INFO  [org.apa.kaf.cli.con.ConsumerConfig] (main) ConsumerConfig values: 
	allow.auto.create.topics = true
	auto.commit.interval.ms = 500
	auto.include.jmx.reporter = true
	auto.offset.reset = earliest
	bootstrap.servers = [PLAINTEXT://localhost:32769]
	check.crcs = true
	client.dns.lookup = use_all_dns_ips
	client.id = consumer-Consumer-topic-7fba9501_6abf_4263_9745_8b28db4b13a8-3
	client.rack = 
	connections.max.idle.ms = 10000
	default.api.timeout.ms = 60000
	enable.auto.commit = true
	enable.metrics.push = true
	exclude.internal.topics = true
	fetch.max.bytes = 52428800
	fetch.max.wait.ms = 500
	fetch.min.bytes = 1
	group.id = Consumer-topic-7fba9501_6abf_4263_9745_8b28db4b13a8
	group.instance.id = null
	group.protocol = classic
	group.remote.assignor = null
	heartbeat.interval.ms = 3000
	interceptor.classes = []
	internal.leave.group.on.close = true
	internal.throw.on.fetch.stable.offset.unsupported = false
	isolation.level = read_uncommitted
	key.deserializer = class org.apache.kafka.common.serialization.StringDeserializer
	max.partition.fetch.bytes = 1048576
	max.poll.interval.ms = 300000
	max.poll.records = 500
	metadata.max.age.ms = 300000
	metadata.recovery.strategy = none
	metric.reporters = []
	metrics.num.samples = 2
	metrics.recording.level = INFO
	metrics.sample.window.ms = 30000
	partition.assignment.strategy = [class org.apache.kafka.clients.consumer.RangeAssignor, class org.apache.kafka.clients.consumer.CooperativeStickyAssignor]
	receive.buffer.bytes = 65536
	reconnect.backoff.max.ms = 1000
	reconnect.backoff.ms = 50
	request.timeout.ms = 5000
	retry.backoff.max.ms = 1000
	retry.backoff.ms = 100
	sasl.client.callback.handler.class = null
	sasl.jaas.config = null
	sasl.kerberos.kinit.cmd = /usr/bin/kinit
	sasl.kerberos.min.time.before.relogin = 60000
	sasl.kerberos.service.name = null
	sasl.kerberos.ticket.renew.jitter = 0.05
	sasl.kerberos.ticket.renew.window.factor = 0.8
	sasl.login.callback.handler.class = null
	sasl.login.class = null
	sasl.login.connect.timeout.ms = null
	sasl.login.read.timeout.ms = null
	sasl.login.refresh.buffer.seconds = 300
	sasl.login.refresh.min.period.seconds = 60
	sasl.login.refresh.window.factor = 0.8
	sasl.login.refresh.window.jitter = 0.05
	sasl.login.retry.backoff.max.ms = 10000
	sasl.login.retry.backoff.ms = 100
	sasl.mechanism = GSSAPI
	sasl.oauthbearer.clock.skew.seconds = 30
	sasl.oauthbearer.expected.audience = null
	sasl.oauthbearer.expected.issuer = null
	sasl.oauthbearer.header.urlencode = false
	sasl.oauthbearer.jwks.endpoint.refresh.ms = 3600000
	sasl.oauthbearer.jwks.endpoint.retry.backoff.max.ms = 10000
	sasl.oauthbearer.jwks.endpoint.retry.backoff.ms = 100
	sasl.oauthbearer.jwks.endpoint.url = null
	sasl.oauthbearer.scope.claim.name = scope
	sasl.oauthbearer.sub.claim.name = sub
	sasl.oauthbearer.token.endpoint.url = null
	security.protocol = PLAINTEXT
	security.providers = null
	send.buffer.bytes = 131072
	session.timeout.ms = 45000
	socket.connection.setup.timeout.max.ms = 30000
	socket.connection.setup.timeout.ms = 10000
	ssl.cipher.suites = null
	ssl.enabled.protocols = [TLSv1.2, TLSv1.3]
	ssl.endpoint.identification.algorithm = https
	ssl.engine.factory.class = null
	ssl.key.password = null
	ssl.keymanager.algorithm = SunX509
	ssl.keystore.certificate.chain = null
	ssl.keystore.key = null
	ssl.keystore.location = null
	ssl.keystore.password = null
	ssl.keystore.type = JKS
	ssl.protocol = TLSv1.3
	ssl.provider = null
	ssl.secure.random.implementation = null
	ssl.trustmanager.algorithm = PKIX
	ssl.truststore.certificates = null
	ssl.truststore.location = null
	ssl.truststore.password = null
	ssl.truststore.type = JKS
	value.deserializer = class io.apicurio.registry.serde.avro.AvroKafkaDeserializer

2025-09-26 18:13:01,905 INFO  [org.apa.kaf.com.tel.int.KafkaMetricsCollector] (main) initializing Kafka metrics collector
2025-09-26 18:13:01,912 INFO  [org.apa.kaf.cli.con.ConsumerConfig] (main) These configurations '[apicurio.registry.avro.encoding, apicurio.registry.url]' were supplied but are not used yet.
2025-09-26 18:13:01,912 INFO  [org.apa.kaf.com.uti.AppInfoParser] (main) Kafka version: 3.9.1
2025-09-26 18:13:01,912 INFO  [org.apa.kaf.com.uti.AppInfoParser] (main) Kafka commitId: f745dfdcee2b9851
2025-09-26 18:13:01,912 INFO  [org.apa.kaf.com.uti.AppInfoParser] (main) Kafka startTimeMs: 1758910381912
2025-09-26 18:13:01,913 INFO  [org.apa.kaf.cli.con.int.ClassicKafkaConsumer] (ForkJoinPool.commonPool-worker-2) [Consumer clientId=consumer-Consumer-topic-7fba9501_6abf_4263_9745_8b28db4b13a8-3, groupId=Consumer-topic-7fba9501_6abf_4263_9745_8b28db4b13a8] Subscribed to topic(s): topic-7fba9501_6abf_4263_9745_8b28db4b13a8
2025-09-26 18:13:01,917 INFO  [org.apa.kaf.cli.Metadata] (ForkJoinPool.commonPool-worker-2) [Consumer clientId=consumer-Consumer-topic-7fba9501_6abf_4263_9745_8b28db4b13a8-3, groupId=Consumer-topic-7fba9501_6abf_4263_9745_8b28db4b13a8] Cluster ID: y_JNGwQJRlem7c5NGbSJCg
2025-09-26 18:13:01,919 INFO  [org.apa.kaf.cli.con.int.ConsumerCoordinator] (ForkJoinPool.commonPool-worker-2) [Consumer clientId=consumer-Consumer-topic-7fba9501_6abf_4263_9745_8b28db4b13a8-3, groupId=Consumer-topic-7fba9501_6abf_4263_9745_8b28db4b13a8] Discovered group coordinator localhost:32769 (id: 2147483647 rack: null)
2025-09-26 18:13:01,921 INFO  [org.apa.kaf.cli.con.int.ConsumerCoordinator] (ForkJoinPool.commonPool-worker-2) [Consumer clientId=consumer-Consumer-topic-7fba9501_6abf_4263_9745_8b28db4b13a8-3, groupId=Consumer-topic-7fba9501_6abf_4263_9745_8b28db4b13a8] (Re-)joining group
2025-09-26 18:13:01,923 INFO  [org.apa.kaf.cli.con.int.ConsumerCoordinator] (ForkJoinPool.commonPool-worker-2) [Consumer clientId=consumer-Consumer-topic-7fba9501_6abf_4263_9745_8b28db4b13a8-3, groupId=Consumer-topic-7fba9501_6abf_4263_9745_8b28db4b13a8] Request joining group due to: need to re-join with the given member-id: consumer-Consumer-topic-7fba9501_6abf_4263_9745_8b28db4b13a8-3-ff764e7e-72d3-445d-a2e9-ba7543574c67
2025-09-26 18:13:01,923 INFO  [org.apa.kaf.cli.con.int.ConsumerCoordinator] (ForkJoinPool.commonPool-worker-2) [Consumer clientId=consumer-Consumer-topic-7fba9501_6abf_4263_9745_8b28db4b13a8-3, groupId=Consumer-topic-7fba9501_6abf_4263_9745_8b28db4b13a8] (Re-)joining group
2025-09-26 18:13:02,913 INFO  [io.api.tes.ser.api.KafkaSerdesTester] (ForkJoinPool.commonPool-worker-2) None found
2025-09-26 18:13:03,913 INFO  [io.api.tes.ser.api.KafkaSerdesTester] (ForkJoinPool.commonPool-worker-2) None found
2025-09-26 18:13:04,915 INFO  [io.api.tes.ser.api.KafkaSerdesTester] (ForkJoinPool.commonPool-worker-2) None found
2025-09-26 18:13:04,925 INFO  [org.apa.kaf.cli.con.int.ConsumerCoordinator] (ForkJoinPool.commonPool-worker-2) [Consumer clientId=consumer-Consumer-topic-7fba9501_6abf_4263_9745_8b28db4b13a8-3, groupId=Consumer-topic-7fba9501_6abf_4263_9745_8b28db4b13a8] Successfully joined group with generation Generation{generationId=1, memberId='consumer-Consumer-topic-7fba9501_6abf_4263_9745_8b28db4b13a8-3-ff764e7e-72d3-445d-a2e9-ba7543574c67', protocol='range'}
2025-09-26 18:13:04,925 INFO  [org.apa.kaf.cli.con.int.ConsumerCoordinator] (ForkJoinPool.commonPool-worker-2) [Consumer clientId=consumer-Consumer-topic-7fba9501_6abf_4263_9745_8b28db4b13a8-3, groupId=Consumer-topic-7fba9501_6abf_4263_9745_8b28db4b13a8] Finished assignment for group at generation 1: {consumer-Consumer-topic-7fba9501_6abf_4263_9745_8b28db4b13a8-3-ff764e7e-72d3-445d-a2e9-ba7543574c67=Assignment(partitions=[topic-7fba9501_6abf_4263_9745_8b28db4b13a8-0])}
2025-09-26 18:13:04,932 INFO  [org.apa.kaf.cli.con.int.ConsumerCoordinator] (ForkJoinPool.commonPool-worker-2) [Consumer clientId=consumer-Consumer-topic-7fba9501_6abf_4263_9745_8b28db4b13a8-3, groupId=Consumer-topic-7fba9501_6abf_4263_9745_8b28db4b13a8] Successfully synced group in generation Generation{generationId=1, memberId='consumer-Consumer-topic-7fba9501_6abf_4263_9745_8b28db4b13a8-3-ff764e7e-72d3-445d-a2e9-ba7543574c67', protocol='range'}
2025-09-26 18:13:04,932 INFO  [org.apa.kaf.cli.con.int.ConsumerCoordinator] (ForkJoinPool.commonPool-worker-2) [Consumer clientId=consumer-Consumer-topic-7fba9501_6abf_4263_9745_8b28db4b13a8-3, groupId=Consumer-topic-7fba9501_6abf_4263_9745_8b28db4b13a8] Notifying assignor about the new Assignment(partitions=[topic-7fba9501_6abf_4263_9745_8b28db4b13a8-0])
2025-09-26 18:13:04,932 INFO  [org.apa.kaf.cli.con.int.ConsumerRebalanceListenerInvoker] (ForkJoinPool.commonPool-worker-2) [Consumer clientId=consumer-Consumer-topic-7fba9501_6abf_4263_9745_8b28db4b13a8-3, groupId=Consumer-topic-7fba9501_6abf_4263_9745_8b28db4b13a8] Adding newly assigned partitions: topic-7fba9501_6abf_4263_9745_8b28db4b13a8-0
2025-09-26 18:13:04,933 INFO  [org.apa.kaf.cli.con.int.ConsumerCoordinator] (ForkJoinPool.commonPool-worker-2) [Consumer clientId=consumer-Consumer-topic-7fba9501_6abf_4263_9745_8b28db4b13a8-3, groupId=Consumer-topic-7fba9501_6abf_4263_9745_8b28db4b13a8] Found no committed offset for partition topic-7fba9501_6abf_4263_9745_8b28db4b13a8-0
2025-09-26 18:13:04,936 INFO  [org.apa.kaf.cli.con.int.SubscriptionState] (ForkJoinPool.commonPool-worker-2) [Consumer clientId=consumer-Consumer-topic-7fba9501_6abf_4263_9745_8b28db4b13a8-3, groupId=Consumer-topic-7fba9501_6abf_4263_9745_8b28db4b13a8] Resetting offset for partition topic-7fba9501_6abf_4263_9745_8b28db4b13a8-0 to position FetchPosition{offset=0, offsetEpoch=Optional.empty, currentLeader=LeaderAndEpoch{leader=Optional[localhost:32769 (id: 0 rack: null)], epoch=0}}.
2025-09-26 18:13:04,963 INFO  [io.api.tes.ser.api.KafkaSerdesTester] (ForkJoinPool.commonPool-worker-2) topic-7fba9501_6abf_4263_9745_8b28db4b13a8 0 0 {"bar": "value-0"}
2025-09-26 18:13:04,963 INFO  [io.api.tes.ser.api.KafkaSerdesTester] (ForkJoinPool.commonPool-worker-2) topic-7fba9501_6abf_4263_9745_8b28db4b13a8 0 1 {"bar": "value-1"}
2025-09-26 18:13:04,963 INFO  [io.api.tes.ser.api.KafkaSerdesTester] (ForkJoinPool.commonPool-worker-2) topic-7fba9501_6abf_4263_9745_8b28db4b13a8 0 2 {"bar": "value-2"}
2025-09-26 18:13:04,963 INFO  [io.api.tes.ser.api.KafkaSerdesTester] (ForkJoinPool.commonPool-worker-2) topic-7fba9501_6abf_4263_9745_8b28db4b13a8 0 3 {"bar": "value-3"}
2025-09-26 18:13:04,964 INFO  [io.api.tes.ser.api.KafkaSerdesTester] (ForkJoinPool.commonPool-worker-2) topic-7fba9501_6abf_4263_9745_8b28db4b13a8 0 4 {"bar": "value-4"}
2025-09-26 18:13:04,964 INFO  [io.api.tes.ser.api.KafkaSerdesTester] (ForkJoinPool.commonPool-worker-2) topic-7fba9501_6abf_4263_9745_8b28db4b13a8 0 5 {"bar": "value-5"}
2025-09-26 18:13:04,964 INFO  [io.api.tes.ser.api.KafkaSerdesTester] (ForkJoinPool.commonPool-worker-2) topic-7fba9501_6abf_4263_9745_8b28db4b13a8 0 6 {"bar": "value-6"}
2025-09-26 18:13:04,964 INFO  [io.api.tes.ser.api.KafkaSerdesTester] (ForkJoinPool.commonPool-worker-2) topic-7fba9501_6abf_4263_9745_8b28db4b13a8 0 7 {"bar": "value-7"}
2025-09-26 18:13:04,964 INFO  [io.api.tes.ser.api.KafkaSerdesTester] (ForkJoinPool.commonPool-worker-2) topic-7fba9501_6abf_4263_9745_8b28db4b13a8 0 8 {"bar": "value-8"}
2025-09-26 18:13:04,964 INFO  [io.api.tes.ser.api.KafkaSerdesTester] (ForkJoinPool.commonPool-worker-2) topic-7fba9501_6abf_4263_9745_8b28db4b13a8 0 9 {"bar": "value-9"}
2025-09-26 18:13:04,964 INFO  [io.api.tes.ser.api.KafkaSerdesTester] (ForkJoinPool.commonPool-worker-2) Consumed 10 messages
2025-09-26 18:13:04,971 INFO  [org.apa.kaf.cli.con.int.ConsumerRebalanceListenerInvoker] (ForkJoinPool.commonPool-worker-2) [Consumer clientId=consumer-Consumer-topic-7fba9501_6abf_4263_9745_8b28db4b13a8-3, groupId=Consumer-topic-7fba9501_6abf_4263_9745_8b28db4b13a8] Revoke previously assigned partitions topic-7fba9501_6abf_4263_9745_8b28db4b13a8-0
2025-09-26 18:13:04,971 INFO  [org.apa.kaf.cli.con.int.ConsumerCoordinator] (ForkJoinPool.commonPool-worker-2) [Consumer clientId=consumer-Consumer-topic-7fba9501_6abf_4263_9745_8b28db4b13a8-3, groupId=Consumer-topic-7fba9501_6abf_4263_9745_8b28db4b13a8] Member consumer-Consumer-topic-7fba9501_6abf_4263_9745_8b28db4b13a8-3-ff764e7e-72d3-445d-a2e9-ba7543574c67 sending LeaveGroup request to coordinator localhost:32769 (id: 2147483647 rack: null) due to the consumer is being closed
2025-09-26 18:13:04,972 INFO  [org.apa.kaf.cli.con.int.ConsumerCoordinator] (ForkJoinPool.commonPool-worker-2) [Consumer clientId=consumer-Consumer-topic-7fba9501_6abf_4263_9745_8b28db4b13a8-3, groupId=Consumer-topic-7fba9501_6abf_4263_9745_8b28db4b13a8] Resetting generation and member id due to: consumer pro-actively leaving the group
2025-09-26 18:13:04,972 INFO  [org.apa.kaf.cli.con.int.ConsumerCoordinator] (ForkJoinPool.commonPool-worker-2) [Consumer clientId=consumer-Consumer-topic-7fba9501_6abf_4263_9745_8b28db4b13a8-3, groupId=Consumer-topic-7fba9501_6abf_4263_9745_8b28db4b13a8] Request joining group due to: consumer pro-actively leaving the group
2025-09-26 18:13:05,466 INFO  [org.apa.kaf.com.met.Metrics] (ForkJoinPool.commonPool-worker-2) Metrics scheduler closed
2025-09-26 18:13:05,467 INFO  [org.apa.kaf.com.met.Metrics] (ForkJoinPool.commonPool-worker-2) Closing reporter org.apache.kafka.common.metrics.JmxReporter
2025-09-26 18:13:05,467 INFO  [org.apa.kaf.com.met.Metrics] (ForkJoinPool.commonPool-worker-2) Closing reporter org.apache.kafka.common.telemetry.internals.ClientTelemetryReporter
2025-09-26 18:13:05,467 INFO  [org.apa.kaf.com.met.Metrics] (ForkJoinPool.commonPool-worker-2) Metrics reporters closed
2025-09-26 18:13:05,469 INFO  [org.apa.kaf.com.uti.AppInfoParser] (ForkJoinPool.commonPool-worker-2) App info kafka.consumer for consumer-Consumer-topic-7fba9501_6abf_4263_9745_8b28db4b13a8-3 unregistered
2025-09-26 18:13:05,470 INFO  [io.api.tes.uti.TestSeparator] (main) io.apicurio.tests.serdes.apicurio.AvroSerdeIT.testAvroJSON-FINISHED
2025-09-26 18:13:05,470 INFO  [io.api.tes.uti.TestSeparator] (main) ############################################################################
Test passed: testAvroJSON
]]></system-out>
  </testcase>
  <testcase name="testTopicIdStrategyAutoRegister" classname="io.apicurio.tests.serdes.apicurio.AvroSerdeIT" time="3.809">
    <system-out><![CDATA[2025-09-26 18:13:05,472 INFO  [io.api.tes.uti.TestSeparator] (main) ############################################################################
2025-09-26 18:13:05,472 INFO  [io.api.tes.uti.TestSeparator] (main) io.apicurio.tests.serdes.apicurio.AvroSerdeIT.testTopicIdStrategyAutoRegister-STARTED
**** Registry Base URL: http://registry-app-mysql.apps.ci419.apicurio-testing.org:80
2025-09-26 18:13:05,475 INFO  [org.apa.kaf.cli.pro.ProducerConfig] (main) ProducerConfig values: 
	acks = -1
	auto.include.jmx.reporter = true
	batch.size = 16384
	bootstrap.servers = [PLAINTEXT://localhost:32769]
	buffer.memory = 33554432
	client.dns.lookup = use_all_dns_ips
	client.id = Producer-topic-6dffb869_3a72_4ba1_b8eb_2669d3044d33
	compression.gzip.level = -1
	compression.lz4.level = 9
	compression.type = none
	compression.zstd.level = 3
	connections.max.idle.ms = 10000
	delivery.timeout.ms = 120000
	enable.idempotence = true
	enable.metrics.push = true
	interceptor.classes = []
	key.serializer = class org.apache.kafka.common.serialization.StringSerializer
	linger.ms = 0
	max.block.ms = 60000
	max.in.flight.requests.per.connection = 5
	max.request.size = 1048576
	metadata.max.age.ms = 300000
	metadata.max.idle.ms = 300000
	metadata.recovery.strategy = none
	metric.reporters = []
	metrics.num.samples = 2
	metrics.recording.level = INFO
	metrics.sample.window.ms = 30000
	partitioner.adaptive.partitioning.enable = true
	partitioner.availability.timeout.ms = 0
	partitioner.class = null
	partitioner.ignore.keys = false
	receive.buffer.bytes = 32768
	reconnect.backoff.max.ms = 1000
	reconnect.backoff.ms = 50
	request.timeout.ms = 5000
	retries = 2147483647
	retry.backoff.max.ms = 1000
	retry.backoff.ms = 100
	sasl.client.callback.handler.class = null
	sasl.jaas.config = null
	sasl.kerberos.kinit.cmd = /usr/bin/kinit
	sasl.kerberos.min.time.before.relogin = 60000
	sasl.kerberos.service.name = null
	sasl.kerberos.ticket.renew.jitter = 0.05
	sasl.kerberos.ticket.renew.window.factor = 0.8
	sasl.login.callback.handler.class = null
	sasl.login.class = null
	sasl.login.connect.timeout.ms = null
	sasl.login.read.timeout.ms = null
	sasl.login.refresh.buffer.seconds = 300
	sasl.login.refresh.min.period.seconds = 60
	sasl.login.refresh.window.factor = 0.8
	sasl.login.refresh.window.jitter = 0.05
	sasl.login.retry.backoff.max.ms = 10000
	sasl.login.retry.backoff.ms = 100
	sasl.mechanism = GSSAPI
	sasl.oauthbearer.clock.skew.seconds = 30
	sasl.oauthbearer.expected.audience = null
	sasl.oauthbearer.expected.issuer = null
	sasl.oauthbearer.header.urlencode = false
	sasl.oauthbearer.jwks.endpoint.refresh.ms = 3600000
	sasl.oauthbearer.jwks.endpoint.retry.backoff.max.ms = 10000
	sasl.oauthbearer.jwks.endpoint.retry.backoff.ms = 100
	sasl.oauthbearer.jwks.endpoint.url = null
	sasl.oauthbearer.scope.claim.name = scope
	sasl.oauthbearer.sub.claim.name = sub
	sasl.oauthbearer.token.endpoint.url = null
	security.protocol = PLAINTEXT
	security.providers = null
	send.buffer.bytes = 131072
	socket.connection.setup.timeout.max.ms = 30000
	socket.connection.setup.timeout.ms = 10000
	ssl.cipher.suites = null
	ssl.enabled.protocols = [TLSv1.2, TLSv1.3]
	ssl.endpoint.identification.algorithm = https
	ssl.engine.factory.class = null
	ssl.key.password = null
	ssl.keymanager.algorithm = SunX509
	ssl.keystore.certificate.chain = null
	ssl.keystore.key = null
	ssl.keystore.location = null
	ssl.keystore.password = null
	ssl.keystore.type = JKS
	ssl.protocol = TLSv1.3
	ssl.provider = null
	ssl.secure.random.implementation = null
	ssl.trustmanager.algorithm = PKIX
	ssl.truststore.certificates = null
	ssl.truststore.location = null
	ssl.truststore.password = null
	ssl.truststore.type = JKS
	transaction.timeout.ms = 60000
	transactional.id = null
	value.serializer = class io.apicurio.registry.serde.avro.AvroKafkaSerializer

2025-09-26 18:13:05,475 INFO  [org.apa.kaf.com.tel.int.KafkaMetricsCollector] (main) initializing Kafka metrics collector
2025-09-26 18:13:05,479 INFO  [org.apa.kaf.cli.pro.KafkaProducer] (main) [Producer clientId=Producer-topic-6dffb869_3a72_4ba1_b8eb_2669d3044d33] Instantiated an idempotent producer.
2025-09-26 18:13:05,482 INFO  [org.apa.kaf.cli.pro.ProducerConfig] (main) These configurations '[apicurio.registry.url, apicurio.registry.auto-register, apicurio.registry.artifact-resolver-strategy]' were supplied but are not used yet.
2025-09-26 18:13:05,482 INFO  [org.apa.kaf.com.uti.AppInfoParser] (main) Kafka version: 3.9.1
2025-09-26 18:13:05,482 INFO  [org.apa.kaf.com.uti.AppInfoParser] (main) Kafka commitId: f745dfdcee2b9851
2025-09-26 18:13:05,482 INFO  [org.apa.kaf.com.uti.AppInfoParser] (main) Kafka startTimeMs: 1758910385482
2025-09-26 18:13:05,482 INFO  [io.api.tes.ser.api.SimpleSerdesTesterBuilder$SimpleSerdesTester] (main) Using producer configuration: {apicurio.registry.url=http://registry-app-mysql.apps.ci419.apicurio-testing.org:80/apis/registry/v3, apicurio.registry.auto-register=true, apicurio.registry.artifact-resolver-strategy=io.apicurio.registry.serde.strategy.TopicIdStrategy, value.serializer=io.apicurio.registry.serde.avro.AvroKafkaSerializer, request.timeout.ms=5000, acks=all, bootstrap.servers=PLAINTEXT://localhost:32769, connections.max.idle.ms=10000, key.serializer=org.apache.kafka.common.serialization.StringSerializer, client.id=Producer-topic-6dffb869_3a72_4ba1_b8eb_2669d3044d33}
2025-09-26 18:13:05,483 INFO  [io.api.tes.ser.api.SimpleSerdesTesterBuilder$SimpleSerdesTester] (main) Using consumer configuration: {}
2025-09-26 18:13:05,483 INFO  [io.api.tes.ser.api.KafkaSerdesTester] (ForkJoinPool.commonPool-worker-2) Sending message {"key11758910385473": "value-0"} to topic topic-6dffb869_3a72_4ba1_b8eb_2669d3044d33
2025-09-26 18:13:05,486 WARN  [org.apa.kaf.cli.NetworkClient] (kafka-producer-network-thread | Producer-topic-6dffb869_3a72_4ba1_b8eb_2669d3044d33) [Producer clientId=Producer-topic-6dffb869_3a72_4ba1_b8eb_2669d3044d33] The metadata response from the cluster reported a recoverable issue with correlation id 1 : {topic-6dffb869_3a72_4ba1_b8eb_2669d3044d33=UNKNOWN_TOPIC_OR_PARTITION}
2025-09-26 18:13:05,487 INFO  [org.apa.kaf.cli.Metadata] (kafka-producer-network-thread | Producer-topic-6dffb869_3a72_4ba1_b8eb_2669d3044d33) [Producer clientId=Producer-topic-6dffb869_3a72_4ba1_b8eb_2669d3044d33] Cluster ID: y_JNGwQJRlem7c5NGbSJCg
2025-09-26 18:13:05,487 INFO  [org.apa.kaf.cli.pro.int.TransactionManager] (kafka-producer-network-thread | Producer-topic-6dffb869_3a72_4ba1_b8eb_2669d3044d33) [Producer clientId=Producer-topic-6dffb869_3a72_4ba1_b8eb_2669d3044d33] ProducerId set to 4 with epoch 0
2025-09-26 18:13:05,641 INFO  [io.api.tes.ser.api.KafkaSerdesTester] (ForkJoinPool.commonPool-worker-2) Sending message {"key11758910385473": "value-1"} to topic topic-6dffb869_3a72_4ba1_b8eb_2669d3044d33
2025-09-26 18:13:05,643 INFO  [io.api.tes.ser.api.KafkaSerdesTester] (ForkJoinPool.commonPool-worker-2) Sending message {"key11758910385473": "value-2"} to topic topic-6dffb869_3a72_4ba1_b8eb_2669d3044d33
2025-09-26 18:13:05,645 INFO  [io.api.tes.ser.api.KafkaSerdesTester] (ForkJoinPool.commonPool-worker-2) Sending message {"key11758910385473": "value-3"} to topic topic-6dffb869_3a72_4ba1_b8eb_2669d3044d33
2025-09-26 18:13:05,648 INFO  [io.api.tes.ser.api.KafkaSerdesTester] (ForkJoinPool.commonPool-worker-2) Sending message {"key11758910385473": "value-4"} to topic topic-6dffb869_3a72_4ba1_b8eb_2669d3044d33
2025-09-26 18:13:05,649 INFO  [io.api.tes.ser.api.KafkaSerdesTester] (ForkJoinPool.commonPool-worker-2) Sending message {"key11758910385473": "value-5"} to topic topic-6dffb869_3a72_4ba1_b8eb_2669d3044d33
2025-09-26 18:13:05,651 INFO  [io.api.tes.ser.api.KafkaSerdesTester] (ForkJoinPool.commonPool-worker-2) Sending message {"key11758910385473": "value-6"} to topic topic-6dffb869_3a72_4ba1_b8eb_2669d3044d33
2025-09-26 18:13:05,653 INFO  [io.api.tes.ser.api.KafkaSerdesTester] (ForkJoinPool.commonPool-worker-2) Sending message {"key11758910385473": "value-7"} to topic topic-6dffb869_3a72_4ba1_b8eb_2669d3044d33
2025-09-26 18:13:05,654 INFO  [io.api.tes.ser.api.KafkaSerdesTester] (ForkJoinPool.commonPool-worker-2) Sending message {"key11758910385473": "value-8"} to topic topic-6dffb869_3a72_4ba1_b8eb_2669d3044d33
2025-09-26 18:13:05,656 INFO  [io.api.tes.ser.api.KafkaSerdesTester] (ForkJoinPool.commonPool-worker-2) Sending message {"key11758910385473": "value-9"} to topic topic-6dffb869_3a72_4ba1_b8eb_2669d3044d33
2025-09-26 18:13:05,657 INFO  [io.api.tes.ser.api.KafkaSerdesTester] (ForkJoinPool.commonPool-worker-2) Produced 10 messages
2025-09-26 18:13:05,657 INFO  [org.apa.kaf.cli.pro.KafkaProducer] (ForkJoinPool.commonPool-worker-2) [Producer clientId=Producer-topic-6dffb869_3a72_4ba1_b8eb_2669d3044d33] Closing the Kafka producer with timeoutMillis = 9223372036854775807 ms.
2025-09-26 18:13:05,659 INFO  [org.apa.kaf.com.met.Metrics] (ForkJoinPool.commonPool-worker-2) Metrics scheduler closed
2025-09-26 18:13:05,659 INFO  [org.apa.kaf.com.met.Metrics] (ForkJoinPool.commonPool-worker-2) Closing reporter org.apache.kafka.common.metrics.JmxReporter
2025-09-26 18:13:05,660 INFO  [org.apa.kaf.com.met.Metrics] (ForkJoinPool.commonPool-worker-2) Closing reporter org.apache.kafka.common.telemetry.internals.ClientTelemetryReporter
2025-09-26 18:13:05,660 INFO  [org.apa.kaf.com.met.Metrics] (ForkJoinPool.commonPool-worker-2) Metrics reporters closed
2025-09-26 18:13:05,660 INFO  [org.apa.kaf.com.uti.AppInfoParser] (ForkJoinPool.commonPool-worker-2) App info kafka.producer for Producer-topic-6dffb869_3a72_4ba1_b8eb_2669d3044d33 unregistered
**** Registry Base URL: http://registry-app-mysql.apps.ci419.apicurio-testing.org:80
2025-09-26 18:13:05,691 INFO  [org.apa.kaf.cli.con.ConsumerConfig] (main) ConsumerConfig values: 
	allow.auto.create.topics = true
	auto.commit.interval.ms = 500
	auto.include.jmx.reporter = true
	auto.offset.reset = earliest
	bootstrap.servers = [PLAINTEXT://localhost:32769]
	check.crcs = true
	client.dns.lookup = use_all_dns_ips
	client.id = consumer-Consumer-topic-6dffb869_3a72_4ba1_b8eb_2669d3044d33-4
	client.rack = 
	connections.max.idle.ms = 10000
	default.api.timeout.ms = 60000
	enable.auto.commit = true
	enable.metrics.push = true
	exclude.internal.topics = true
	fetch.max.bytes = 52428800
	fetch.max.wait.ms = 500
	fetch.min.bytes = 1
	group.id = Consumer-topic-6dffb869_3a72_4ba1_b8eb_2669d3044d33
	group.instance.id = null
	group.protocol = classic
	group.remote.assignor = null
	heartbeat.interval.ms = 3000
	interceptor.classes = []
	internal.leave.group.on.close = true
	internal.throw.on.fetch.stable.offset.unsupported = false
	isolation.level = read_uncommitted
	key.deserializer = class org.apache.kafka.common.serialization.StringDeserializer
	max.partition.fetch.bytes = 1048576
	max.poll.interval.ms = 300000
	max.poll.records = 500
	metadata.max.age.ms = 300000
	metadata.recovery.strategy = none
	metric.reporters = []
	metrics.num.samples = 2
	metrics.recording.level = INFO
	metrics.sample.window.ms = 30000
	partition.assignment.strategy = [class org.apache.kafka.clients.consumer.RangeAssignor, class org.apache.kafka.clients.consumer.CooperativeStickyAssignor]
	receive.buffer.bytes = 65536
	reconnect.backoff.max.ms = 1000
	reconnect.backoff.ms = 50
	request.timeout.ms = 5000
	retry.backoff.max.ms = 1000
	retry.backoff.ms = 100
	sasl.client.callback.handler.class = null
	sasl.jaas.config = null
	sasl.kerberos.kinit.cmd = /usr/bin/kinit
	sasl.kerberos.min.time.before.relogin = 60000
	sasl.kerberos.service.name = null
	sasl.kerberos.ticket.renew.jitter = 0.05
	sasl.kerberos.ticket.renew.window.factor = 0.8
	sasl.login.callback.handler.class = null
	sasl.login.class = null
	sasl.login.connect.timeout.ms = null
	sasl.login.read.timeout.ms = null
	sasl.login.refresh.buffer.seconds = 300
	sasl.login.refresh.min.period.seconds = 60
	sasl.login.refresh.window.factor = 0.8
	sasl.login.refresh.window.jitter = 0.05
	sasl.login.retry.backoff.max.ms = 10000
	sasl.login.retry.backoff.ms = 100
	sasl.mechanism = GSSAPI
	sasl.oauthbearer.clock.skew.seconds = 30
	sasl.oauthbearer.expected.audience = null
	sasl.oauthbearer.expected.issuer = null
	sasl.oauthbearer.header.urlencode = false
	sasl.oauthbearer.jwks.endpoint.refresh.ms = 3600000
	sasl.oauthbearer.jwks.endpoint.retry.backoff.max.ms = 10000
	sasl.oauthbearer.jwks.endpoint.retry.backoff.ms = 100
	sasl.oauthbearer.jwks.endpoint.url = null
	sasl.oauthbearer.scope.claim.name = scope
	sasl.oauthbearer.sub.claim.name = sub
	sasl.oauthbearer.token.endpoint.url = null
	security.protocol = PLAINTEXT
	security.providers = null
	send.buffer.bytes = 131072
	session.timeout.ms = 45000
	socket.connection.setup.timeout.max.ms = 30000
	socket.connection.setup.timeout.ms = 10000
	ssl.cipher.suites = null
	ssl.enabled.protocols = [TLSv1.2, TLSv1.3]
	ssl.endpoint.identification.algorithm = https
	ssl.engine.factory.class = null
	ssl.key.password = null
	ssl.keymanager.algorithm = SunX509
	ssl.keystore.certificate.chain = null
	ssl.keystore.key = null
	ssl.keystore.location = null
	ssl.keystore.password = null
	ssl.keystore.type = JKS
	ssl.protocol = TLSv1.3
	ssl.provider = null
	ssl.secure.random.implementation = null
	ssl.trustmanager.algorithm = PKIX
	ssl.truststore.certificates = null
	ssl.truststore.location = null
	ssl.truststore.password = null
	ssl.truststore.type = JKS
	value.deserializer = class io.apicurio.registry.serde.avro.AvroKafkaDeserializer

2025-09-26 18:13:05,692 INFO  [org.apa.kaf.com.tel.int.KafkaMetricsCollector] (main) initializing Kafka metrics collector
2025-09-26 18:13:05,698 INFO  [org.apa.kaf.cli.con.ConsumerConfig] (main) These configurations '[apicurio.registry.url]' were supplied but are not used yet.
2025-09-26 18:13:05,698 INFO  [org.apa.kaf.com.uti.AppInfoParser] (main) Kafka version: 3.9.1
2025-09-26 18:13:05,698 INFO  [org.apa.kaf.com.uti.AppInfoParser] (main) Kafka commitId: f745dfdcee2b9851
2025-09-26 18:13:05,699 INFO  [org.apa.kaf.com.uti.AppInfoParser] (main) Kafka startTimeMs: 1758910385698
2025-09-26 18:13:05,699 INFO  [org.apa.kaf.cli.con.int.ClassicKafkaConsumer] (ForkJoinPool.commonPool-worker-2) [Consumer clientId=consumer-Consumer-topic-6dffb869_3a72_4ba1_b8eb_2669d3044d33-4, groupId=Consumer-topic-6dffb869_3a72_4ba1_b8eb_2669d3044d33] Subscribed to topic(s): topic-6dffb869_3a72_4ba1_b8eb_2669d3044d33
2025-09-26 18:13:05,703 INFO  [org.apa.kaf.cli.Metadata] (ForkJoinPool.commonPool-worker-2) [Consumer clientId=consumer-Consumer-topic-6dffb869_3a72_4ba1_b8eb_2669d3044d33-4, groupId=Consumer-topic-6dffb869_3a72_4ba1_b8eb_2669d3044d33] Cluster ID: y_JNGwQJRlem7c5NGbSJCg
2025-09-26 18:13:05,704 INFO  [org.apa.kaf.cli.con.int.ConsumerCoordinator] (ForkJoinPool.commonPool-worker-2) [Consumer clientId=consumer-Consumer-topic-6dffb869_3a72_4ba1_b8eb_2669d3044d33-4, groupId=Consumer-topic-6dffb869_3a72_4ba1_b8eb_2669d3044d33] Discovered group coordinator localhost:32769 (id: 2147483647 rack: null)
2025-09-26 18:13:05,705 INFO  [org.apa.kaf.cli.con.int.ConsumerCoordinator] (ForkJoinPool.commonPool-worker-2) [Consumer clientId=consumer-Consumer-topic-6dffb869_3a72_4ba1_b8eb_2669d3044d33-4, groupId=Consumer-topic-6dffb869_3a72_4ba1_b8eb_2669d3044d33] (Re-)joining group
2025-09-26 18:13:05,708 INFO  [org.apa.kaf.cli.con.int.ConsumerCoordinator] (ForkJoinPool.commonPool-worker-2) [Consumer clientId=consumer-Consumer-topic-6dffb869_3a72_4ba1_b8eb_2669d3044d33-4, groupId=Consumer-topic-6dffb869_3a72_4ba1_b8eb_2669d3044d33] Request joining group due to: need to re-join with the given member-id: consumer-Consumer-topic-6dffb869_3a72_4ba1_b8eb_2669d3044d33-4-a84f050d-9dc4-4f9c-9b98-97d79c589e03
2025-09-26 18:13:05,708 INFO  [org.apa.kaf.cli.con.int.ConsumerCoordinator] (ForkJoinPool.commonPool-worker-2) [Consumer clientId=consumer-Consumer-topic-6dffb869_3a72_4ba1_b8eb_2669d3044d33-4, groupId=Consumer-topic-6dffb869_3a72_4ba1_b8eb_2669d3044d33] (Re-)joining group
2025-09-26 18:13:06,700 INFO  [io.api.tes.ser.api.KafkaSerdesTester] (ForkJoinPool.commonPool-worker-2) None found
2025-09-26 18:13:07,700 INFO  [io.api.tes.ser.api.KafkaSerdesTester] (ForkJoinPool.commonPool-worker-2) None found
2025-09-26 18:13:08,701 INFO  [io.api.tes.ser.api.KafkaSerdesTester] (ForkJoinPool.commonPool-worker-2) None found
2025-09-26 18:13:08,710 INFO  [org.apa.kaf.cli.con.int.ConsumerCoordinator] (ForkJoinPool.commonPool-worker-2) [Consumer clientId=consumer-Consumer-topic-6dffb869_3a72_4ba1_b8eb_2669d3044d33-4, groupId=Consumer-topic-6dffb869_3a72_4ba1_b8eb_2669d3044d33] Successfully joined group with generation Generation{generationId=1, memberId='consumer-Consumer-topic-6dffb869_3a72_4ba1_b8eb_2669d3044d33-4-a84f050d-9dc4-4f9c-9b98-97d79c589e03', protocol='range'}
2025-09-26 18:13:08,711 INFO  [org.apa.kaf.cli.con.int.ConsumerCoordinator] (ForkJoinPool.commonPool-worker-2) [Consumer clientId=consumer-Consumer-topic-6dffb869_3a72_4ba1_b8eb_2669d3044d33-4, groupId=Consumer-topic-6dffb869_3a72_4ba1_b8eb_2669d3044d33] Finished assignment for group at generation 1: {consumer-Consumer-topic-6dffb869_3a72_4ba1_b8eb_2669d3044d33-4-a84f050d-9dc4-4f9c-9b98-97d79c589e03=Assignment(partitions=[topic-6dffb869_3a72_4ba1_b8eb_2669d3044d33-0])}
2025-09-26 18:13:08,718 INFO  [org.apa.kaf.cli.con.int.ConsumerCoordinator] (ForkJoinPool.commonPool-worker-2) [Consumer clientId=consumer-Consumer-topic-6dffb869_3a72_4ba1_b8eb_2669d3044d33-4, groupId=Consumer-topic-6dffb869_3a72_4ba1_b8eb_2669d3044d33] Successfully synced group in generation Generation{generationId=1, memberId='consumer-Consumer-topic-6dffb869_3a72_4ba1_b8eb_2669d3044d33-4-a84f050d-9dc4-4f9c-9b98-97d79c589e03', protocol='range'}
2025-09-26 18:13:08,718 INFO  [org.apa.kaf.cli.con.int.ConsumerCoordinator] (ForkJoinPool.commonPool-worker-2) [Consumer clientId=consumer-Consumer-topic-6dffb869_3a72_4ba1_b8eb_2669d3044d33-4, groupId=Consumer-topic-6dffb869_3a72_4ba1_b8eb_2669d3044d33] Notifying assignor about the new Assignment(partitions=[topic-6dffb869_3a72_4ba1_b8eb_2669d3044d33-0])
2025-09-26 18:13:08,718 INFO  [org.apa.kaf.cli.con.int.ConsumerRebalanceListenerInvoker] (ForkJoinPool.commonPool-worker-2) [Consumer clientId=consumer-Consumer-topic-6dffb869_3a72_4ba1_b8eb_2669d3044d33-4, groupId=Consumer-topic-6dffb869_3a72_4ba1_b8eb_2669d3044d33] Adding newly assigned partitions: topic-6dffb869_3a72_4ba1_b8eb_2669d3044d33-0
2025-09-26 18:13:08,719 INFO  [org.apa.kaf.cli.con.int.ConsumerCoordinator] (ForkJoinPool.commonPool-worker-2) [Consumer clientId=consumer-Consumer-topic-6dffb869_3a72_4ba1_b8eb_2669d3044d33-4, groupId=Consumer-topic-6dffb869_3a72_4ba1_b8eb_2669d3044d33] Found no committed offset for partition topic-6dffb869_3a72_4ba1_b8eb_2669d3044d33-0
2025-09-26 18:13:08,723 INFO  [org.apa.kaf.cli.con.int.SubscriptionState] (ForkJoinPool.commonPool-worker-2) [Consumer clientId=consumer-Consumer-topic-6dffb869_3a72_4ba1_b8eb_2669d3044d33-4, groupId=Consumer-topic-6dffb869_3a72_4ba1_b8eb_2669d3044d33] Resetting offset for partition topic-6dffb869_3a72_4ba1_b8eb_2669d3044d33-0 to position FetchPosition{offset=0, offsetEpoch=Optional.empty, currentLeader=LeaderAndEpoch{leader=Optional[localhost:32769 (id: 0 rack: null)], epoch=0}}.
2025-09-26 18:13:08,749 INFO  [io.api.tes.ser.api.KafkaSerdesTester] (ForkJoinPool.commonPool-worker-2) topic-6dffb869_3a72_4ba1_b8eb_2669d3044d33 0 0 {"key11758910385473": "value-0"}
2025-09-26 18:13:08,750 INFO  [io.api.tes.ser.api.KafkaSerdesTester] (ForkJoinPool.commonPool-worker-2) topic-6dffb869_3a72_4ba1_b8eb_2669d3044d33 0 1 {"key11758910385473": "value-1"}
2025-09-26 18:13:08,750 INFO  [io.api.tes.ser.api.KafkaSerdesTester] (ForkJoinPool.commonPool-worker-2) topic-6dffb869_3a72_4ba1_b8eb_2669d3044d33 0 2 {"key11758910385473": "value-2"}
2025-09-26 18:13:08,750 INFO  [io.api.tes.ser.api.KafkaSerdesTester] (ForkJoinPool.commonPool-worker-2) topic-6dffb869_3a72_4ba1_b8eb_2669d3044d33 0 3 {"key11758910385473": "value-3"}
2025-09-26 18:13:08,750 INFO  [io.api.tes.ser.api.KafkaSerdesTester] (ForkJoinPool.commonPool-worker-2) topic-6dffb869_3a72_4ba1_b8eb_2669d3044d33 0 4 {"key11758910385473": "value-4"}
2025-09-26 18:13:08,750 INFO  [io.api.tes.ser.api.KafkaSerdesTester] (ForkJoinPool.commonPool-worker-2) topic-6dffb869_3a72_4ba1_b8eb_2669d3044d33 0 5 {"key11758910385473": "value-5"}
2025-09-26 18:13:08,750 INFO  [io.api.tes.ser.api.KafkaSerdesTester] (ForkJoinPool.commonPool-worker-2) topic-6dffb869_3a72_4ba1_b8eb_2669d3044d33 0 6 {"key11758910385473": "value-6"}
2025-09-26 18:13:08,750 INFO  [io.api.tes.ser.api.KafkaSerdesTester] (ForkJoinPool.commonPool-worker-2) topic-6dffb869_3a72_4ba1_b8eb_2669d3044d33 0 7 {"key11758910385473": "value-7"}
2025-09-26 18:13:08,750 INFO  [io.api.tes.ser.api.KafkaSerdesTester] (ForkJoinPool.commonPool-worker-2) topic-6dffb869_3a72_4ba1_b8eb_2669d3044d33 0 8 {"key11758910385473": "value-8"}
2025-09-26 18:13:08,750 INFO  [io.api.tes.ser.api.KafkaSerdesTester] (ForkJoinPool.commonPool-worker-2) topic-6dffb869_3a72_4ba1_b8eb_2669d3044d33 0 9 {"key11758910385473": "value-9"}
2025-09-26 18:13:08,750 INFO  [io.api.tes.ser.api.KafkaSerdesTester] (ForkJoinPool.commonPool-worker-2) Consumed 10 messages
2025-09-26 18:13:08,758 INFO  [org.apa.kaf.cli.con.int.ConsumerRebalanceListenerInvoker] (ForkJoinPool.commonPool-worker-2) [Consumer clientId=consumer-Consumer-topic-6dffb869_3a72_4ba1_b8eb_2669d3044d33-4, groupId=Consumer-topic-6dffb869_3a72_4ba1_b8eb_2669d3044d33] Revoke previously assigned partitions topic-6dffb869_3a72_4ba1_b8eb_2669d3044d33-0
2025-09-26 18:13:08,758 INFO  [org.apa.kaf.cli.con.int.ConsumerCoordinator] (ForkJoinPool.commonPool-worker-2) [Consumer clientId=consumer-Consumer-topic-6dffb869_3a72_4ba1_b8eb_2669d3044d33-4, groupId=Consumer-topic-6dffb869_3a72_4ba1_b8eb_2669d3044d33] Member consumer-Consumer-topic-6dffb869_3a72_4ba1_b8eb_2669d3044d33-4-a84f050d-9dc4-4f9c-9b98-97d79c589e03 sending LeaveGroup request to coordinator localhost:32769 (id: 2147483647 rack: null) due to the consumer is being closed
2025-09-26 18:13:08,758 INFO  [org.apa.kaf.cli.con.int.ConsumerCoordinator] (ForkJoinPool.commonPool-worker-2) [Consumer clientId=consumer-Consumer-topic-6dffb869_3a72_4ba1_b8eb_2669d3044d33-4, groupId=Consumer-topic-6dffb869_3a72_4ba1_b8eb_2669d3044d33] Resetting generation and member id due to: consumer pro-actively leaving the group
2025-09-26 18:13:08,758 INFO  [org.apa.kaf.cli.con.int.ConsumerCoordinator] (ForkJoinPool.commonPool-worker-2) [Consumer clientId=consumer-Consumer-topic-6dffb869_3a72_4ba1_b8eb_2669d3044d33-4, groupId=Consumer-topic-6dffb869_3a72_4ba1_b8eb_2669d3044d33] Request joining group due to: consumer pro-actively leaving the group
2025-09-26 18:13:09,252 INFO  [org.apa.kaf.com.met.Metrics] (ForkJoinPool.commonPool-worker-2) Metrics scheduler closed
2025-09-26 18:13:09,253 INFO  [org.apa.kaf.com.met.Metrics] (ForkJoinPool.commonPool-worker-2) Closing reporter org.apache.kafka.common.metrics.JmxReporter
2025-09-26 18:13:09,253 INFO  [org.apa.kaf.com.met.Metrics] (ForkJoinPool.commonPool-worker-2) Closing reporter org.apache.kafka.common.telemetry.internals.ClientTelemetryReporter
2025-09-26 18:13:09,253 INFO  [org.apa.kaf.com.met.Metrics] (ForkJoinPool.commonPool-worker-2) Metrics reporters closed
2025-09-26 18:13:09,255 INFO  [org.apa.kaf.com.uti.AppInfoParser] (ForkJoinPool.commonPool-worker-2) App info kafka.consumer for consumer-Consumer-topic-6dffb869_3a72_4ba1_b8eb_2669d3044d33-4 unregistered
2025-09-26 18:13:09,279 INFO  [io.api.tes.uti.TestSeparator] (main) io.apicurio.tests.serdes.apicurio.AvroSerdeIT.testTopicIdStrategyAutoRegister-FINISHED
2025-09-26 18:13:09,279 INFO  [io.api.tes.uti.TestSeparator] (main) ############################################################################
Test passed: testTopicIdStrategyAutoRegister
]]></system-out>
  </testcase>
  <testcase name="testRecordIdStrategydFindLatest" classname="io.apicurio.tests.serdes.apicurio.AvroSerdeIT" time="4.687">
    <system-out><![CDATA[2025-09-26 18:13:09,281 INFO  [io.api.tes.uti.TestSeparator] (main) ############################################################################
2025-09-26 18:13:09,281 INFO  [io.api.tes.uti.TestSeparator] (main) io.apicurio.tests.serdes.apicurio.AvroSerdeIT.testRecordIdStrategydFindLatest-STARTED
2025-09-26 18:13:09,281 INFO  [io.api.tes.ser.api.AvroSerdeIT] (main) Registering Avro Schema: {"type":"record","name":"s370df6a6x9530x48b6x8bbdx39d794c9955a","namespace":"se8badb02x1855x4b16x86aex01203dd1b3ca","fields":[{"name":"key11758910389281","type":"string"}]}
**** Registry Base URL: http://registry-app-mysql.apps.ci419.apicurio-testing.org:80
2025-09-26 18:13:10,327 INFO  [org.apa.kaf.cli.pro.ProducerConfig] (main) ProducerConfig values: 
	acks = -1
	auto.include.jmx.reporter = true
	batch.size = 16384
	bootstrap.servers = [PLAINTEXT://localhost:32769]
	buffer.memory = 33554432
	client.dns.lookup = use_all_dns_ips
	client.id = Producer-topic-760b1cee_1346_46e9_9dd4_ef751255db00
	compression.gzip.level = -1
	compression.lz4.level = 9
	compression.type = none
	compression.zstd.level = 3
	connections.max.idle.ms = 10000
	delivery.timeout.ms = 120000
	enable.idempotence = true
	enable.metrics.push = true
	interceptor.classes = []
	key.serializer = class org.apache.kafka.common.serialization.StringSerializer
	linger.ms = 0
	max.block.ms = 60000
	max.in.flight.requests.per.connection = 5
	max.request.size = 1048576
	metadata.max.age.ms = 300000
	metadata.max.idle.ms = 300000
	metadata.recovery.strategy = none
	metric.reporters = []
	metrics.num.samples = 2
	metrics.recording.level = INFO
	metrics.sample.window.ms = 30000
	partitioner.adaptive.partitioning.enable = true
	partitioner.availability.timeout.ms = 0
	partitioner.class = null
	partitioner.ignore.keys = false
	receive.buffer.bytes = 32768
	reconnect.backoff.max.ms = 1000
	reconnect.backoff.ms = 50
	request.timeout.ms = 5000
	retries = 2147483647
	retry.backoff.max.ms = 1000
	retry.backoff.ms = 100
	sasl.client.callback.handler.class = null
	sasl.jaas.config = null
	sasl.kerberos.kinit.cmd = /usr/bin/kinit
	sasl.kerberos.min.time.before.relogin = 60000
	sasl.kerberos.service.name = null
	sasl.kerberos.ticket.renew.jitter = 0.05
	sasl.kerberos.ticket.renew.window.factor = 0.8
	sasl.login.callback.handler.class = null
	sasl.login.class = null
	sasl.login.connect.timeout.ms = null
	sasl.login.read.timeout.ms = null
	sasl.login.refresh.buffer.seconds = 300
	sasl.login.refresh.min.period.seconds = 60
	sasl.login.refresh.window.factor = 0.8
	sasl.login.refresh.window.jitter = 0.05
	sasl.login.retry.backoff.max.ms = 10000
	sasl.login.retry.backoff.ms = 100
	sasl.mechanism = GSSAPI
	sasl.oauthbearer.clock.skew.seconds = 30
	sasl.oauthbearer.expected.audience = null
	sasl.oauthbearer.expected.issuer = null
	sasl.oauthbearer.header.urlencode = false
	sasl.oauthbearer.jwks.endpoint.refresh.ms = 3600000
	sasl.oauthbearer.jwks.endpoint.retry.backoff.max.ms = 10000
	sasl.oauthbearer.jwks.endpoint.retry.backoff.ms = 100
	sasl.oauthbearer.jwks.endpoint.url = null
	sasl.oauthbearer.scope.claim.name = scope
	sasl.oauthbearer.sub.claim.name = sub
	sasl.oauthbearer.token.endpoint.url = null
	security.protocol = PLAINTEXT
	security.providers = null
	send.buffer.bytes = 131072
	socket.connection.setup.timeout.max.ms = 30000
	socket.connection.setup.timeout.ms = 10000
	ssl.cipher.suites = null
	ssl.enabled.protocols = [TLSv1.2, TLSv1.3]
	ssl.endpoint.identification.algorithm = https
	ssl.engine.factory.class = null
	ssl.key.password = null
	ssl.keymanager.algorithm = SunX509
	ssl.keystore.certificate.chain = null
	ssl.keystore.key = null
	ssl.keystore.location = null
	ssl.keystore.password = null
	ssl.keystore.type = JKS
	ssl.protocol = TLSv1.3
	ssl.provider = null
	ssl.secure.random.implementation = null
	ssl.trustmanager.algorithm = PKIX
	ssl.truststore.certificates = null
	ssl.truststore.location = null
	ssl.truststore.password = null
	ssl.truststore.type = JKS
	transaction.timeout.ms = 60000
	transactional.id = null
	value.serializer = class io.apicurio.registry.serde.avro.AvroKafkaSerializer

2025-09-26 18:13:10,327 INFO  [org.apa.kaf.com.tel.int.KafkaMetricsCollector] (main) initializing Kafka metrics collector
2025-09-26 18:13:10,331 INFO  [org.apa.kaf.cli.pro.KafkaProducer] (main) [Producer clientId=Producer-topic-760b1cee_1346_46e9_9dd4_ef751255db00] Instantiated an idempotent producer.
2025-09-26 18:13:10,333 INFO  [org.apa.kaf.cli.pro.ProducerConfig] (main) These configurations '[apicurio.registry.find-latest, apicurio.registry.url, apicurio.registry.artifact-resolver-strategy]' were supplied but are not used yet.
2025-09-26 18:13:10,333 INFO  [org.apa.kaf.com.uti.AppInfoParser] (main) Kafka version: 3.9.1
2025-09-26 18:13:10,333 INFO  [org.apa.kaf.com.uti.AppInfoParser] (main) Kafka commitId: f745dfdcee2b9851
2025-09-26 18:13:10,334 INFO  [org.apa.kaf.com.uti.AppInfoParser] (main) Kafka startTimeMs: 1758910390333
2025-09-26 18:13:10,334 INFO  [io.api.tes.ser.api.SimpleSerdesTesterBuilder$SimpleSerdesTester] (main) Using producer configuration: {apicurio.registry.find-latest=true, apicurio.registry.url=http://registry-app-mysql.apps.ci419.apicurio-testing.org:80/apis/registry/v3, apicurio.registry.artifact-resolver-strategy=io.apicurio.registry.serde.avro.strategy.RecordIdStrategy, value.serializer=io.apicurio.registry.serde.avro.AvroKafkaSerializer, request.timeout.ms=5000, acks=all, bootstrap.servers=PLAINTEXT://localhost:32769, connections.max.idle.ms=10000, key.serializer=org.apache.kafka.common.serialization.StringSerializer, client.id=Producer-topic-760b1cee_1346_46e9_9dd4_ef751255db00}
2025-09-26 18:13:10,334 INFO  [io.api.tes.ser.api.SimpleSerdesTesterBuilder$SimpleSerdesTester] (main) Using consumer configuration: {}
2025-09-26 18:13:10,334 INFO  [io.api.tes.ser.api.KafkaSerdesTester] (ForkJoinPool.commonPool-worker-2) Sending message {"key11758910389281": "value-0"} to topic topic-760b1cee_1346_46e9_9dd4_ef751255db00
2025-09-26 18:13:10,337 INFO  [org.apa.kaf.cli.Metadata] (kafka-producer-network-thread | Producer-topic-760b1cee_1346_46e9_9dd4_ef751255db00) [Producer clientId=Producer-topic-760b1cee_1346_46e9_9dd4_ef751255db00] Cluster ID: y_JNGwQJRlem7c5NGbSJCg
2025-09-26 18:13:10,340 INFO  [org.apa.kaf.cli.pro.int.TransactionManager] (kafka-producer-network-thread | Producer-topic-760b1cee_1346_46e9_9dd4_ef751255db00) [Producer clientId=Producer-topic-760b1cee_1346_46e9_9dd4_ef751255db00] ProducerId set to 5 with epoch 0
2025-09-26 18:13:10,380 INFO  [io.api.tes.ser.api.KafkaSerdesTester] (ForkJoinPool.commonPool-worker-2) Sending message {"key11758910389281": "value-1"} to topic topic-760b1cee_1346_46e9_9dd4_ef751255db00
2025-09-26 18:13:10,381 INFO  [io.api.tes.ser.api.KafkaSerdesTester] (ForkJoinPool.commonPool-worker-2) Sending message {"key11758910389281": "value-2"} to topic topic-760b1cee_1346_46e9_9dd4_ef751255db00
2025-09-26 18:13:10,383 INFO  [io.api.tes.ser.api.KafkaSerdesTester] (ForkJoinPool.commonPool-worker-2) Sending message {"key11758910389281": "value-3"} to topic topic-760b1cee_1346_46e9_9dd4_ef751255db00
2025-09-26 18:13:10,385 INFO  [io.api.tes.ser.api.KafkaSerdesTester] (ForkJoinPool.commonPool-worker-2) Sending message {"key11758910389281": "value-4"} to topic topic-760b1cee_1346_46e9_9dd4_ef751255db00
2025-09-26 18:13:10,386 INFO  [io.api.tes.ser.api.KafkaSerdesTester] (ForkJoinPool.commonPool-worker-2) Sending message {"key11758910389281": "value-5"} to topic topic-760b1cee_1346_46e9_9dd4_ef751255db00
2025-09-26 18:13:10,388 INFO  [io.api.tes.ser.api.KafkaSerdesTester] (ForkJoinPool.commonPool-worker-2) Sending message {"key11758910389281": "value-6"} to topic topic-760b1cee_1346_46e9_9dd4_ef751255db00
2025-09-26 18:13:10,389 INFO  [io.api.tes.ser.api.KafkaSerdesTester] (ForkJoinPool.commonPool-worker-2) Sending message {"key11758910389281": "value-7"} to topic topic-760b1cee_1346_46e9_9dd4_ef751255db00
2025-09-26 18:13:10,391 INFO  [io.api.tes.ser.api.KafkaSerdesTester] (ForkJoinPool.commonPool-worker-2) Sending message {"key11758910389281": "value-8"} to topic topic-760b1cee_1346_46e9_9dd4_ef751255db00
2025-09-26 18:13:10,393 INFO  [io.api.tes.ser.api.KafkaSerdesTester] (ForkJoinPool.commonPool-worker-2) Sending message {"key11758910389281": "value-9"} to topic topic-760b1cee_1346_46e9_9dd4_ef751255db00
2025-09-26 18:13:10,394 INFO  [io.api.tes.ser.api.KafkaSerdesTester] (ForkJoinPool.commonPool-worker-2) Produced 10 messages
2025-09-26 18:13:10,394 INFO  [org.apa.kaf.cli.pro.KafkaProducer] (ForkJoinPool.commonPool-worker-2) [Producer clientId=Producer-topic-760b1cee_1346_46e9_9dd4_ef751255db00] Closing the Kafka producer with timeoutMillis = 9223372036854775807 ms.
2025-09-26 18:13:10,397 INFO  [org.apa.kaf.com.met.Metrics] (ForkJoinPool.commonPool-worker-2) Metrics scheduler closed
2025-09-26 18:13:10,397 INFO  [org.apa.kaf.com.met.Metrics] (ForkJoinPool.commonPool-worker-2) Closing reporter org.apache.kafka.common.metrics.JmxReporter
2025-09-26 18:13:10,397 INFO  [org.apa.kaf.com.met.Metrics] (ForkJoinPool.commonPool-worker-2) Closing reporter org.apache.kafka.common.telemetry.internals.ClientTelemetryReporter
2025-09-26 18:13:10,397 INFO  [org.apa.kaf.com.met.Metrics] (ForkJoinPool.commonPool-worker-2) Metrics reporters closed
2025-09-26 18:13:10,397 INFO  [org.apa.kaf.com.uti.AppInfoParser] (ForkJoinPool.commonPool-worker-2) App info kafka.producer for Producer-topic-760b1cee_1346_46e9_9dd4_ef751255db00 unregistered
**** Registry Base URL: http://registry-app-mysql.apps.ci419.apicurio-testing.org:80
2025-09-26 18:13:10,398 INFO  [org.apa.kaf.cli.con.ConsumerConfig] (main) ConsumerConfig values: 
	allow.auto.create.topics = true
	auto.commit.interval.ms = 500
	auto.include.jmx.reporter = true
	auto.offset.reset = earliest
	bootstrap.servers = [PLAINTEXT://localhost:32769]
	check.crcs = true
	client.dns.lookup = use_all_dns_ips
	client.id = consumer-Consumer-topic-760b1cee_1346_46e9_9dd4_ef751255db00-5
	client.rack = 
	connections.max.idle.ms = 10000
	default.api.timeout.ms = 60000
	enable.auto.commit = true
	enable.metrics.push = true
	exclude.internal.topics = true
	fetch.max.bytes = 52428800
	fetch.max.wait.ms = 500
	fetch.min.bytes = 1
	group.id = Consumer-topic-760b1cee_1346_46e9_9dd4_ef751255db00
	group.instance.id = null
	group.protocol = classic
	group.remote.assignor = null
	heartbeat.interval.ms = 3000
	interceptor.classes = []
	internal.leave.group.on.close = true
	internal.throw.on.fetch.stable.offset.unsupported = false
	isolation.level = read_uncommitted
	key.deserializer = class org.apache.kafka.common.serialization.StringDeserializer
	max.partition.fetch.bytes = 1048576
	max.poll.interval.ms = 300000
	max.poll.records = 500
	metadata.max.age.ms = 300000
	metadata.recovery.strategy = none
	metric.reporters = []
	metrics.num.samples = 2
	metrics.recording.level = INFO
	metrics.sample.window.ms = 30000
	partition.assignment.strategy = [class org.apache.kafka.clients.consumer.RangeAssignor, class org.apache.kafka.clients.consumer.CooperativeStickyAssignor]
	receive.buffer.bytes = 65536
	reconnect.backoff.max.ms = 1000
	reconnect.backoff.ms = 50
	request.timeout.ms = 5000
	retry.backoff.max.ms = 1000
	retry.backoff.ms = 100
	sasl.client.callback.handler.class = null
	sasl.jaas.config = null
	sasl.kerberos.kinit.cmd = /usr/bin/kinit
	sasl.kerberos.min.time.before.relogin = 60000
	sasl.kerberos.service.name = null
	sasl.kerberos.ticket.renew.jitter = 0.05
	sasl.kerberos.ticket.renew.window.factor = 0.8
	sasl.login.callback.handler.class = null
	sasl.login.class = null
	sasl.login.connect.timeout.ms = null
	sasl.login.read.timeout.ms = null
	sasl.login.refresh.buffer.seconds = 300
	sasl.login.refresh.min.period.seconds = 60
	sasl.login.refresh.window.factor = 0.8
	sasl.login.refresh.window.jitter = 0.05
	sasl.login.retry.backoff.max.ms = 10000
	sasl.login.retry.backoff.ms = 100
	sasl.mechanism = GSSAPI
	sasl.oauthbearer.clock.skew.seconds = 30
	sasl.oauthbearer.expected.audience = null
	sasl.oauthbearer.expected.issuer = null
	sasl.oauthbearer.header.urlencode = false
	sasl.oauthbearer.jwks.endpoint.refresh.ms = 3600000
	sasl.oauthbearer.jwks.endpoint.retry.backoff.max.ms = 10000
	sasl.oauthbearer.jwks.endpoint.retry.backoff.ms = 100
	sasl.oauthbearer.jwks.endpoint.url = null
	sasl.oauthbearer.scope.claim.name = scope
	sasl.oauthbearer.sub.claim.name = sub
	sasl.oauthbearer.token.endpoint.url = null
	security.protocol = PLAINTEXT
	security.providers = null
	send.buffer.bytes = 131072
	session.timeout.ms = 45000
	socket.connection.setup.timeout.max.ms = 30000
	socket.connection.setup.timeout.ms = 10000
	ssl.cipher.suites = null
	ssl.enabled.protocols = [TLSv1.2, TLSv1.3]
	ssl.endpoint.identification.algorithm = https
	ssl.engine.factory.class = null
	ssl.key.password = null
	ssl.keymanager.algorithm = SunX509
	ssl.keystore.certificate.chain = null
	ssl.keystore.key = null
	ssl.keystore.location = null
	ssl.keystore.password = null
	ssl.keystore.type = JKS
	ssl.protocol = TLSv1.3
	ssl.provider = null
	ssl.secure.random.implementation = null
	ssl.trustmanager.algorithm = PKIX
	ssl.truststore.certificates = null
	ssl.truststore.location = null
	ssl.truststore.password = null
	ssl.truststore.type = JKS
	value.deserializer = class io.apicurio.registry.serde.avro.AvroKafkaDeserializer

2025-09-26 18:13:10,398 INFO  [org.apa.kaf.com.tel.int.KafkaMetricsCollector] (main) initializing Kafka metrics collector
2025-09-26 18:13:10,407 INFO  [org.apa.kaf.cli.con.ConsumerConfig] (main) These configurations '[apicurio.registry.url]' were supplied but are not used yet.
2025-09-26 18:13:10,407 INFO  [org.apa.kaf.com.uti.AppInfoParser] (main) Kafka version: 3.9.1
2025-09-26 18:13:10,407 INFO  [org.apa.kaf.com.uti.AppInfoParser] (main) Kafka commitId: f745dfdcee2b9851
2025-09-26 18:13:10,407 INFO  [org.apa.kaf.com.uti.AppInfoParser] (main) Kafka startTimeMs: 1758910390407
2025-09-26 18:13:10,407 INFO  [org.apa.kaf.cli.con.int.ClassicKafkaConsumer] (ForkJoinPool.commonPool-worker-2) [Consumer clientId=consumer-Consumer-topic-760b1cee_1346_46e9_9dd4_ef751255db00-5, groupId=Consumer-topic-760b1cee_1346_46e9_9dd4_ef751255db00] Subscribed to topic(s): topic-760b1cee_1346_46e9_9dd4_ef751255db00
2025-09-26 18:13:10,412 INFO  [org.apa.kaf.cli.Metadata] (ForkJoinPool.commonPool-worker-2) [Consumer clientId=consumer-Consumer-topic-760b1cee_1346_46e9_9dd4_ef751255db00-5, groupId=Consumer-topic-760b1cee_1346_46e9_9dd4_ef751255db00] Cluster ID: y_JNGwQJRlem7c5NGbSJCg
2025-09-26 18:13:10,413 INFO  [org.apa.kaf.cli.con.int.ConsumerCoordinator] (ForkJoinPool.commonPool-worker-2) [Consumer clientId=consumer-Consumer-topic-760b1cee_1346_46e9_9dd4_ef751255db00-5, groupId=Consumer-topic-760b1cee_1346_46e9_9dd4_ef751255db00] Discovered group coordinator localhost:32769 (id: 2147483647 rack: null)
2025-09-26 18:13:10,416 INFO  [org.apa.kaf.cli.con.int.ConsumerCoordinator] (ForkJoinPool.commonPool-worker-2) [Consumer clientId=consumer-Consumer-topic-760b1cee_1346_46e9_9dd4_ef751255db00-5, groupId=Consumer-topic-760b1cee_1346_46e9_9dd4_ef751255db00] (Re-)joining group
2025-09-26 18:13:10,418 INFO  [org.apa.kaf.cli.con.int.ConsumerCoordinator] (ForkJoinPool.commonPool-worker-2) [Consumer clientId=consumer-Consumer-topic-760b1cee_1346_46e9_9dd4_ef751255db00-5, groupId=Consumer-topic-760b1cee_1346_46e9_9dd4_ef751255db00] Request joining group due to: need to re-join with the given member-id: consumer-Consumer-topic-760b1cee_1346_46e9_9dd4_ef751255db00-5-9987d77f-db35-4107-b510-85cf2aebd9ce
2025-09-26 18:13:10,419 INFO  [org.apa.kaf.cli.con.int.ConsumerCoordinator] (ForkJoinPool.commonPool-worker-2) [Consumer clientId=consumer-Consumer-topic-760b1cee_1346_46e9_9dd4_ef751255db00-5, groupId=Consumer-topic-760b1cee_1346_46e9_9dd4_ef751255db00] (Re-)joining group
2025-09-26 18:13:11,407 INFO  [io.api.tes.ser.api.KafkaSerdesTester] (ForkJoinPool.commonPool-worker-2) None found
2025-09-26 18:13:12,407 INFO  [io.api.tes.ser.api.KafkaSerdesTester] (ForkJoinPool.commonPool-worker-2) None found
2025-09-26 18:13:13,408 INFO  [io.api.tes.ser.api.KafkaSerdesTester] (ForkJoinPool.commonPool-worker-2) None found
2025-09-26 18:13:13,420 INFO  [org.apa.kaf.cli.con.int.ConsumerCoordinator] (ForkJoinPool.commonPool-worker-2) [Consumer clientId=consumer-Consumer-topic-760b1cee_1346_46e9_9dd4_ef751255db00-5, groupId=Consumer-topic-760b1cee_1346_46e9_9dd4_ef751255db00] Successfully joined group with generation Generation{generationId=1, memberId='consumer-Consumer-topic-760b1cee_1346_46e9_9dd4_ef751255db00-5-9987d77f-db35-4107-b510-85cf2aebd9ce', protocol='range'}
2025-09-26 18:13:13,420 INFO  [org.apa.kaf.cli.con.int.ConsumerCoordinator] (ForkJoinPool.commonPool-worker-2) [Consumer clientId=consumer-Consumer-topic-760b1cee_1346_46e9_9dd4_ef751255db00-5, groupId=Consumer-topic-760b1cee_1346_46e9_9dd4_ef751255db00] Finished assignment for group at generation 1: {consumer-Consumer-topic-760b1cee_1346_46e9_9dd4_ef751255db00-5-9987d77f-db35-4107-b510-85cf2aebd9ce=Assignment(partitions=[topic-760b1cee_1346_46e9_9dd4_ef751255db00-0])}
2025-09-26 18:13:13,428 INFO  [org.apa.kaf.cli.con.int.ConsumerCoordinator] (ForkJoinPool.commonPool-worker-2) [Consumer clientId=consumer-Consumer-topic-760b1cee_1346_46e9_9dd4_ef751255db00-5, groupId=Consumer-topic-760b1cee_1346_46e9_9dd4_ef751255db00] Successfully synced group in generation Generation{generationId=1, memberId='consumer-Consumer-topic-760b1cee_1346_46e9_9dd4_ef751255db00-5-9987d77f-db35-4107-b510-85cf2aebd9ce', protocol='range'}
2025-09-26 18:13:13,428 INFO  [org.apa.kaf.cli.con.int.ConsumerCoordinator] (ForkJoinPool.commonPool-worker-2) [Consumer clientId=consumer-Consumer-topic-760b1cee_1346_46e9_9dd4_ef751255db00-5, groupId=Consumer-topic-760b1cee_1346_46e9_9dd4_ef751255db00] Notifying assignor about the new Assignment(partitions=[topic-760b1cee_1346_46e9_9dd4_ef751255db00-0])
2025-09-26 18:13:13,428 INFO  [org.apa.kaf.cli.con.int.ConsumerRebalanceListenerInvoker] (ForkJoinPool.commonPool-worker-2) [Consumer clientId=consumer-Consumer-topic-760b1cee_1346_46e9_9dd4_ef751255db00-5, groupId=Consumer-topic-760b1cee_1346_46e9_9dd4_ef751255db00] Adding newly assigned partitions: topic-760b1cee_1346_46e9_9dd4_ef751255db00-0
2025-09-26 18:13:13,429 INFO  [org.apa.kaf.cli.con.int.ConsumerCoordinator] (ForkJoinPool.commonPool-worker-2) [Consumer clientId=consumer-Consumer-topic-760b1cee_1346_46e9_9dd4_ef751255db00-5, groupId=Consumer-topic-760b1cee_1346_46e9_9dd4_ef751255db00] Found no committed offset for partition topic-760b1cee_1346_46e9_9dd4_ef751255db00-0
2025-09-26 18:13:13,432 INFO  [org.apa.kaf.cli.con.int.SubscriptionState] (ForkJoinPool.commonPool-worker-2) [Consumer clientId=consumer-Consumer-topic-760b1cee_1346_46e9_9dd4_ef751255db00-5, groupId=Consumer-topic-760b1cee_1346_46e9_9dd4_ef751255db00] Resetting offset for partition topic-760b1cee_1346_46e9_9dd4_ef751255db00-0 to position FetchPosition{offset=0, offsetEpoch=Optional.empty, currentLeader=LeaderAndEpoch{leader=Optional[localhost:32769 (id: 0 rack: null)], epoch=0}}.
2025-09-26 18:13:13,462 INFO  [io.api.tes.ser.api.KafkaSerdesTester] (ForkJoinPool.commonPool-worker-2) topic-760b1cee_1346_46e9_9dd4_ef751255db00 0 0 {"key11758910389281": "value-0"}
2025-09-26 18:13:13,462 INFO  [io.api.tes.ser.api.KafkaSerdesTester] (ForkJoinPool.commonPool-worker-2) topic-760b1cee_1346_46e9_9dd4_ef751255db00 0 1 {"key11758910389281": "value-1"}
2025-09-26 18:13:13,462 INFO  [io.api.tes.ser.api.KafkaSerdesTester] (ForkJoinPool.commonPool-worker-2) topic-760b1cee_1346_46e9_9dd4_ef751255db00 0 2 {"key11758910389281": "value-2"}
2025-09-26 18:13:13,462 INFO  [io.api.tes.ser.api.KafkaSerdesTester] (ForkJoinPool.commonPool-worker-2) topic-760b1cee_1346_46e9_9dd4_ef751255db00 0 3 {"key11758910389281": "value-3"}
2025-09-26 18:13:13,462 INFO  [io.api.tes.ser.api.KafkaSerdesTester] (ForkJoinPool.commonPool-worker-2) topic-760b1cee_1346_46e9_9dd4_ef751255db00 0 4 {"key11758910389281": "value-4"}
2025-09-26 18:13:13,462 INFO  [io.api.tes.ser.api.KafkaSerdesTester] (ForkJoinPool.commonPool-worker-2) topic-760b1cee_1346_46e9_9dd4_ef751255db00 0 5 {"key11758910389281": "value-5"}
2025-09-26 18:13:13,462 INFO  [io.api.tes.ser.api.KafkaSerdesTester] (ForkJoinPool.commonPool-worker-2) topic-760b1cee_1346_46e9_9dd4_ef751255db00 0 6 {"key11758910389281": "value-6"}
2025-09-26 18:13:13,462 INFO  [io.api.tes.ser.api.KafkaSerdesTester] (ForkJoinPool.commonPool-worker-2) topic-760b1cee_1346_46e9_9dd4_ef751255db00 0 7 {"key11758910389281": "value-7"}
2025-09-26 18:13:13,463 INFO  [io.api.tes.ser.api.KafkaSerdesTester] (ForkJoinPool.commonPool-worker-2) topic-760b1cee_1346_46e9_9dd4_ef751255db00 0 8 {"key11758910389281": "value-8"}
2025-09-26 18:13:13,463 INFO  [io.api.tes.ser.api.KafkaSerdesTester] (ForkJoinPool.commonPool-worker-2) topic-760b1cee_1346_46e9_9dd4_ef751255db00 0 9 {"key11758910389281": "value-9"}
2025-09-26 18:13:13,463 INFO  [io.api.tes.ser.api.KafkaSerdesTester] (ForkJoinPool.commonPool-worker-2) Consumed 10 messages
2025-09-26 18:13:13,470 INFO  [org.apa.kaf.cli.con.int.ConsumerRebalanceListenerInvoker] (ForkJoinPool.commonPool-worker-2) [Consumer clientId=consumer-Consumer-topic-760b1cee_1346_46e9_9dd4_ef751255db00-5, groupId=Consumer-topic-760b1cee_1346_46e9_9dd4_ef751255db00] Revoke previously assigned partitions topic-760b1cee_1346_46e9_9dd4_ef751255db00-0
2025-09-26 18:13:13,470 INFO  [org.apa.kaf.cli.con.int.ConsumerCoordinator] (ForkJoinPool.commonPool-worker-2) [Consumer clientId=consumer-Consumer-topic-760b1cee_1346_46e9_9dd4_ef751255db00-5, groupId=Consumer-topic-760b1cee_1346_46e9_9dd4_ef751255db00] Member consumer-Consumer-topic-760b1cee_1346_46e9_9dd4_ef751255db00-5-9987d77f-db35-4107-b510-85cf2aebd9ce sending LeaveGroup request to coordinator localhost:32769 (id: 2147483647 rack: null) due to the consumer is being closed
2025-09-26 18:13:13,471 INFO  [org.apa.kaf.cli.con.int.ConsumerCoordinator] (ForkJoinPool.commonPool-worker-2) [Consumer clientId=consumer-Consumer-topic-760b1cee_1346_46e9_9dd4_ef751255db00-5, groupId=Consumer-topic-760b1cee_1346_46e9_9dd4_ef751255db00] Resetting generation and member id due to: consumer pro-actively leaving the group
2025-09-26 18:13:13,471 INFO  [org.apa.kaf.cli.con.int.ConsumerCoordinator] (ForkJoinPool.commonPool-worker-2) [Consumer clientId=consumer-Consumer-topic-760b1cee_1346_46e9_9dd4_ef751255db00-5, groupId=Consumer-topic-760b1cee_1346_46e9_9dd4_ef751255db00] Request joining group due to: consumer pro-actively leaving the group
2025-09-26 18:13:13,965 INFO  [org.apa.kaf.com.met.Metrics] (ForkJoinPool.commonPool-worker-2) Metrics scheduler closed
2025-09-26 18:13:13,965 INFO  [org.apa.kaf.com.met.Metrics] (ForkJoinPool.commonPool-worker-2) Closing reporter org.apache.kafka.common.metrics.JmxReporter
2025-09-26 18:13:13,965 INFO  [org.apa.kaf.com.met.Metrics] (ForkJoinPool.commonPool-worker-2) Closing reporter org.apache.kafka.common.telemetry.internals.ClientTelemetryReporter
2025-09-26 18:13:13,965 INFO  [org.apa.kaf.com.met.Metrics] (ForkJoinPool.commonPool-worker-2) Metrics reporters closed
2025-09-26 18:13:13,967 INFO  [org.apa.kaf.com.uti.AppInfoParser] (ForkJoinPool.commonPool-worker-2) App info kafka.consumer for consumer-Consumer-topic-760b1cee_1346_46e9_9dd4_ef751255db00-5 unregistered
2025-09-26 18:13:13,967 INFO  [io.api.tes.uti.TestSeparator] (main) io.apicurio.tests.serdes.apicurio.AvroSerdeIT.testRecordIdStrategydFindLatest-FINISHED
2025-09-26 18:13:13,967 INFO  [io.api.tes.uti.TestSeparator] (main) ############################################################################
Test passed: testRecordIdStrategydFindLatest
]]></system-out>
  </testcase>
  <testcase name="testReflectAutoRegister" classname="io.apicurio.tests.serdes.apicurio.AvroSerdeIT" time="3.788">
    <system-out><![CDATA[2025-09-26 18:13:13,969 INFO  [io.api.tes.uti.TestSeparator] (main) ############################################################################
2025-09-26 18:13:13,969 INFO  [io.api.tes.uti.TestSeparator] (main) io.apicurio.tests.serdes.apicurio.AvroSerdeIT.testReflectAutoRegister-STARTED
**** Registry Base URL: http://registry-app-mysql.apps.ci419.apicurio-testing.org:80
2025-09-26 18:13:13,971 INFO  [org.apa.kaf.cli.pro.ProducerConfig] (main) ProducerConfig values: 
	acks = -1
	auto.include.jmx.reporter = true
	batch.size = 16384
	bootstrap.servers = [PLAINTEXT://localhost:32769]
	buffer.memory = 33554432
	client.dns.lookup = use_all_dns_ips
	client.id = Producer-topic-71342978_8be4_427a_9549_fe4caeb73f06
	compression.gzip.level = -1
	compression.lz4.level = 9
	compression.type = none
	compression.zstd.level = 3
	connections.max.idle.ms = 10000
	delivery.timeout.ms = 120000
	enable.idempotence = true
	enable.metrics.push = true
	interceptor.classes = []
	key.serializer = class org.apache.kafka.common.serialization.StringSerializer
	linger.ms = 0
	max.block.ms = 60000
	max.in.flight.requests.per.connection = 5
	max.request.size = 1048576
	metadata.max.age.ms = 300000
	metadata.max.idle.ms = 300000
	metadata.recovery.strategy = none
	metric.reporters = []
	metrics.num.samples = 2
	metrics.recording.level = INFO
	metrics.sample.window.ms = 30000
	partitioner.adaptive.partitioning.enable = true
	partitioner.availability.timeout.ms = 0
	partitioner.class = null
	partitioner.ignore.keys = false
	receive.buffer.bytes = 32768
	reconnect.backoff.max.ms = 1000
	reconnect.backoff.ms = 50
	request.timeout.ms = 5000
	retries = 2147483647
	retry.backoff.max.ms = 1000
	retry.backoff.ms = 100
	sasl.client.callback.handler.class = null
	sasl.jaas.config = null
	sasl.kerberos.kinit.cmd = /usr/bin/kinit
	sasl.kerberos.min.time.before.relogin = 60000
	sasl.kerberos.service.name = null
	sasl.kerberos.ticket.renew.jitter = 0.05
	sasl.kerberos.ticket.renew.window.factor = 0.8
	sasl.login.callback.handler.class = null
	sasl.login.class = null
	sasl.login.connect.timeout.ms = null
	sasl.login.read.timeout.ms = null
	sasl.login.refresh.buffer.seconds = 300
	sasl.login.refresh.min.period.seconds = 60
	sasl.login.refresh.window.factor = 0.8
	sasl.login.refresh.window.jitter = 0.05
	sasl.login.retry.backoff.max.ms = 10000
	sasl.login.retry.backoff.ms = 100
	sasl.mechanism = GSSAPI
	sasl.oauthbearer.clock.skew.seconds = 30
	sasl.oauthbearer.expected.audience = null
	sasl.oauthbearer.expected.issuer = null
	sasl.oauthbearer.header.urlencode = false
	sasl.oauthbearer.jwks.endpoint.refresh.ms = 3600000
	sasl.oauthbearer.jwks.endpoint.retry.backoff.max.ms = 10000
	sasl.oauthbearer.jwks.endpoint.retry.backoff.ms = 100
	sasl.oauthbearer.jwks.endpoint.url = null
	sasl.oauthbearer.scope.claim.name = scope
	sasl.oauthbearer.sub.claim.name = sub
	sasl.oauthbearer.token.endpoint.url = null
	security.protocol = PLAINTEXT
	security.providers = null
	send.buffer.bytes = 131072
	socket.connection.setup.timeout.max.ms = 30000
	socket.connection.setup.timeout.ms = 10000
	ssl.cipher.suites = null
	ssl.enabled.protocols = [TLSv1.2, TLSv1.3]
	ssl.endpoint.identification.algorithm = https
	ssl.engine.factory.class = null
	ssl.key.password = null
	ssl.keymanager.algorithm = SunX509
	ssl.keystore.certificate.chain = null
	ssl.keystore.key = null
	ssl.keystore.location = null
	ssl.keystore.password = null
	ssl.keystore.type = JKS
	ssl.protocol = TLSv1.3
	ssl.provider = null
	ssl.secure.random.implementation = null
	ssl.trustmanager.algorithm = PKIX
	ssl.truststore.certificates = null
	ssl.truststore.location = null
	ssl.truststore.password = null
	ssl.truststore.type = JKS
	transaction.timeout.ms = 60000
	transactional.id = null
	value.serializer = class io.apicurio.registry.serde.avro.AvroKafkaSerializer

2025-09-26 18:13:13,972 INFO  [org.apa.kaf.com.tel.int.KafkaMetricsCollector] (main) initializing Kafka metrics collector
2025-09-26 18:13:13,981 INFO  [org.apa.kaf.cli.pro.KafkaProducer] (main) [Producer clientId=Producer-topic-71342978_8be4_427a_9549_fe4caeb73f06] Instantiated an idempotent producer.
2025-09-26 18:13:13,982 INFO  [org.apa.kaf.cli.pro.ProducerConfig] (main) These configurations '[apicurio.registry.url, apicurio.registry.auto-register, apicurio.registry.artifact-resolver-strategy, apicurio.registry.avro-datum-provider]' were supplied but are not used yet.
2025-09-26 18:13:13,982 INFO  [org.apa.kaf.com.uti.AppInfoParser] (main) Kafka version: 3.9.1
2025-09-26 18:13:13,982 INFO  [org.apa.kaf.com.uti.AppInfoParser] (main) Kafka commitId: f745dfdcee2b9851
2025-09-26 18:13:13,982 INFO  [org.apa.kaf.com.uti.AppInfoParser] (main) Kafka startTimeMs: 1758910393982
2025-09-26 18:13:13,983 INFO  [io.api.tes.ser.api.SimpleSerdesTesterBuilder$SimpleSerdesTester] (main) Using producer configuration: {apicurio.registry.url=http://registry-app-mysql.apps.ci419.apicurio-testing.org:80/apis/registry/v3, apicurio.registry.auto-register=true, apicurio.registry.artifact-resolver-strategy=io.apicurio.registry.serde.strategy.TopicIdStrategy, value.serializer=io.apicurio.registry.serde.avro.AvroKafkaSerializer, request.timeout.ms=5000, acks=all, bootstrap.servers=PLAINTEXT://localhost:32769, connections.max.idle.ms=10000, key.serializer=org.apache.kafka.common.serialization.StringSerializer, apicurio.registry.avro-datum-provider=io.apicurio.registry.serde.avro.ReflectAvroDatumProvider, client.id=Producer-topic-71342978_8be4_427a_9549_fe4caeb73f06}
2025-09-26 18:13:13,983 INFO  [io.api.tes.ser.api.SimpleSerdesTesterBuilder$SimpleSerdesTester] (main) Using consumer configuration: {apicurio.registry.avro-datum-provider=io.apicurio.registry.serde.avro.ReflectAvroDatumProvider}
2025-09-26 18:13:13,983 INFO  [io.api.tes.ser.api.KafkaSerdesTester] (ForkJoinPool.commonPool-worker-2) Sending message io.apicurio.tests.common.serdes.TestObject@3dbd29cb to topic topic-71342978_8be4_427a_9549_fe4caeb73f06
2025-09-26 18:13:13,986 WARN  [org.apa.kaf.cli.NetworkClient] (kafka-producer-network-thread | Producer-topic-71342978_8be4_427a_9549_fe4caeb73f06) [Producer clientId=Producer-topic-71342978_8be4_427a_9549_fe4caeb73f06] The metadata response from the cluster reported a recoverable issue with correlation id 1 : {topic-71342978_8be4_427a_9549_fe4caeb73f06=UNKNOWN_TOPIC_OR_PARTITION}
2025-09-26 18:13:13,986 INFO  [org.apa.kaf.cli.Metadata] (kafka-producer-network-thread | Producer-topic-71342978_8be4_427a_9549_fe4caeb73f06) [Producer clientId=Producer-topic-71342978_8be4_427a_9549_fe4caeb73f06] Cluster ID: y_JNGwQJRlem7c5NGbSJCg
2025-09-26 18:13:13,986 INFO  [org.apa.kaf.cli.pro.int.TransactionManager] (kafka-producer-network-thread | Producer-topic-71342978_8be4_427a_9549_fe4caeb73f06) [Producer clientId=Producer-topic-71342978_8be4_427a_9549_fe4caeb73f06] ProducerId set to 6 with epoch 0
2025-09-26 18:13:14,162 INFO  [io.api.tes.ser.api.KafkaSerdesTester] (ForkJoinPool.commonPool-worker-2) Sending message io.apicurio.tests.common.serdes.TestObject@3dbd29cb to topic topic-71342978_8be4_427a_9549_fe4caeb73f06
2025-09-26 18:13:14,164 INFO  [io.api.tes.ser.api.KafkaSerdesTester] (ForkJoinPool.commonPool-worker-2) Sending message io.apicurio.tests.common.serdes.TestObject@3dbd29cb to topic topic-71342978_8be4_427a_9549_fe4caeb73f06
2025-09-26 18:13:14,165 INFO  [io.api.tes.ser.api.KafkaSerdesTester] (ForkJoinPool.commonPool-worker-2) Sending message io.apicurio.tests.common.serdes.TestObject@3dbd29cb to topic topic-71342978_8be4_427a_9549_fe4caeb73f06
2025-09-26 18:13:14,167 INFO  [io.api.tes.ser.api.KafkaSerdesTester] (ForkJoinPool.commonPool-worker-2) Sending message io.apicurio.tests.common.serdes.TestObject@3dbd29cb to topic topic-71342978_8be4_427a_9549_fe4caeb73f06
2025-09-26 18:13:14,168 INFO  [io.api.tes.ser.api.KafkaSerdesTester] (ForkJoinPool.commonPool-worker-2) Sending message io.apicurio.tests.common.serdes.TestObject@3dbd29cb to topic topic-71342978_8be4_427a_9549_fe4caeb73f06
2025-09-26 18:13:14,170 INFO  [io.api.tes.ser.api.KafkaSerdesTester] (ForkJoinPool.commonPool-worker-2) Sending message io.apicurio.tests.common.serdes.TestObject@3dbd29cb to topic topic-71342978_8be4_427a_9549_fe4caeb73f06
2025-09-26 18:13:14,171 INFO  [io.api.tes.ser.api.KafkaSerdesTester] (ForkJoinPool.commonPool-worker-2) Sending message io.apicurio.tests.common.serdes.TestObject@3dbd29cb to topic topic-71342978_8be4_427a_9549_fe4caeb73f06
2025-09-26 18:13:14,172 INFO  [io.api.tes.ser.api.KafkaSerdesTester] (ForkJoinPool.commonPool-worker-2) Sending message io.apicurio.tests.common.serdes.TestObject@3dbd29cb to topic topic-71342978_8be4_427a_9549_fe4caeb73f06
2025-09-26 18:13:14,174 INFO  [io.api.tes.ser.api.KafkaSerdesTester] (ForkJoinPool.commonPool-worker-2) Sending message io.apicurio.tests.common.serdes.TestObject@3dbd29cb to topic topic-71342978_8be4_427a_9549_fe4caeb73f06
2025-09-26 18:13:14,175 INFO  [io.api.tes.ser.api.KafkaSerdesTester] (ForkJoinPool.commonPool-worker-2) Produced 10 messages
2025-09-26 18:13:14,175 INFO  [org.apa.kaf.cli.pro.KafkaProducer] (ForkJoinPool.commonPool-worker-2) [Producer clientId=Producer-topic-71342978_8be4_427a_9549_fe4caeb73f06] Closing the Kafka producer with timeoutMillis = 9223372036854775807 ms.
2025-09-26 18:13:14,177 INFO  [org.apa.kaf.com.met.Metrics] (ForkJoinPool.commonPool-worker-2) Metrics scheduler closed
2025-09-26 18:13:14,177 INFO  [org.apa.kaf.com.met.Metrics] (ForkJoinPool.commonPool-worker-2) Closing reporter org.apache.kafka.common.metrics.JmxReporter
2025-09-26 18:13:14,177 INFO  [org.apa.kaf.com.met.Metrics] (ForkJoinPool.commonPool-worker-2) Closing reporter org.apache.kafka.common.telemetry.internals.ClientTelemetryReporter
2025-09-26 18:13:14,177 INFO  [org.apa.kaf.com.met.Metrics] (ForkJoinPool.commonPool-worker-2) Metrics reporters closed
2025-09-26 18:13:14,177 INFO  [org.apa.kaf.com.uti.AppInfoParser] (ForkJoinPool.commonPool-worker-2) App info kafka.producer for Producer-topic-71342978_8be4_427a_9549_fe4caeb73f06 unregistered
**** Registry Base URL: http://registry-app-mysql.apps.ci419.apicurio-testing.org:80
2025-09-26 18:13:14,198 INFO  [org.apa.kaf.cli.con.ConsumerConfig] (main) ConsumerConfig values: 
	allow.auto.create.topics = true
	auto.commit.interval.ms = 500
	auto.include.jmx.reporter = true
	auto.offset.reset = earliest
	bootstrap.servers = [PLAINTEXT://localhost:32769]
	check.crcs = true
	client.dns.lookup = use_all_dns_ips
	client.id = consumer-Consumer-topic-71342978_8be4_427a_9549_fe4caeb73f06-6
	client.rack = 
	connections.max.idle.ms = 10000
	default.api.timeout.ms = 60000
	enable.auto.commit = true
	enable.metrics.push = true
	exclude.internal.topics = true
	fetch.max.bytes = 52428800
	fetch.max.wait.ms = 500
	fetch.min.bytes = 1
	group.id = Consumer-topic-71342978_8be4_427a_9549_fe4caeb73f06
	group.instance.id = null
	group.protocol = classic
	group.remote.assignor = null
	heartbeat.interval.ms = 3000
	interceptor.classes = []
	internal.leave.group.on.close = true
	internal.throw.on.fetch.stable.offset.unsupported = false
	isolation.level = read_uncommitted
	key.deserializer = class org.apache.kafka.common.serialization.StringDeserializer
	max.partition.fetch.bytes = 1048576
	max.poll.interval.ms = 300000
	max.poll.records = 500
	metadata.max.age.ms = 300000
	metadata.recovery.strategy = none
	metric.reporters = []
	metrics.num.samples = 2
	metrics.recording.level = INFO
	metrics.sample.window.ms = 30000
	partition.assignment.strategy = [class org.apache.kafka.clients.consumer.RangeAssignor, class org.apache.kafka.clients.consumer.CooperativeStickyAssignor]
	receive.buffer.bytes = 65536
	reconnect.backoff.max.ms = 1000
	reconnect.backoff.ms = 50
	request.timeout.ms = 5000
	retry.backoff.max.ms = 1000
	retry.backoff.ms = 100
	sasl.client.callback.handler.class = null
	sasl.jaas.config = null
	sasl.kerberos.kinit.cmd = /usr/bin/kinit
	sasl.kerberos.min.time.before.relogin = 60000
	sasl.kerberos.service.name = null
	sasl.kerberos.ticket.renew.jitter = 0.05
	sasl.kerberos.ticket.renew.window.factor = 0.8
	sasl.login.callback.handler.class = null
	sasl.login.class = null
	sasl.login.connect.timeout.ms = null
	sasl.login.read.timeout.ms = null
	sasl.login.refresh.buffer.seconds = 300
	sasl.login.refresh.min.period.seconds = 60
	sasl.login.refresh.window.factor = 0.8
	sasl.login.refresh.window.jitter = 0.05
	sasl.login.retry.backoff.max.ms = 10000
	sasl.login.retry.backoff.ms = 100
	sasl.mechanism = GSSAPI
	sasl.oauthbearer.clock.skew.seconds = 30
	sasl.oauthbearer.expected.audience = null
	sasl.oauthbearer.expected.issuer = null
	sasl.oauthbearer.header.urlencode = false
	sasl.oauthbearer.jwks.endpoint.refresh.ms = 3600000
	sasl.oauthbearer.jwks.endpoint.retry.backoff.max.ms = 10000
	sasl.oauthbearer.jwks.endpoint.retry.backoff.ms = 100
	sasl.oauthbearer.jwks.endpoint.url = null
	sasl.oauthbearer.scope.claim.name = scope
	sasl.oauthbearer.sub.claim.name = sub
	sasl.oauthbearer.token.endpoint.url = null
	security.protocol = PLAINTEXT
	security.providers = null
	send.buffer.bytes = 131072
	session.timeout.ms = 45000
	socket.connection.setup.timeout.max.ms = 30000
	socket.connection.setup.timeout.ms = 10000
	ssl.cipher.suites = null
	ssl.enabled.protocols = [TLSv1.2, TLSv1.3]
	ssl.endpoint.identification.algorithm = https
	ssl.engine.factory.class = null
	ssl.key.password = null
	ssl.keymanager.algorithm = SunX509
	ssl.keystore.certificate.chain = null
	ssl.keystore.key = null
	ssl.keystore.location = null
	ssl.keystore.password = null
	ssl.keystore.type = JKS
	ssl.protocol = TLSv1.3
	ssl.provider = null
	ssl.secure.random.implementation = null
	ssl.trustmanager.algorithm = PKIX
	ssl.truststore.certificates = null
	ssl.truststore.location = null
	ssl.truststore.password = null
	ssl.truststore.type = JKS
	value.deserializer = class io.apicurio.registry.serde.avro.AvroKafkaDeserializer

2025-09-26 18:13:14,198 INFO  [org.apa.kaf.com.tel.int.KafkaMetricsCollector] (main) initializing Kafka metrics collector
2025-09-26 18:13:14,202 INFO  [org.apa.kaf.cli.con.ConsumerConfig] (main) These configurations '[apicurio.registry.url, apicurio.registry.avro-datum-provider]' were supplied but are not used yet.
2025-09-26 18:13:14,202 INFO  [org.apa.kaf.com.uti.AppInfoParser] (main) Kafka version: 3.9.1
2025-09-26 18:13:14,202 INFO  [org.apa.kaf.com.uti.AppInfoParser] (main) Kafka commitId: f745dfdcee2b9851
2025-09-26 18:13:14,202 INFO  [org.apa.kaf.com.uti.AppInfoParser] (main) Kafka startTimeMs: 1758910394202
2025-09-26 18:13:14,203 INFO  [org.apa.kaf.cli.con.int.ClassicKafkaConsumer] (ForkJoinPool.commonPool-worker-2) [Consumer clientId=consumer-Consumer-topic-71342978_8be4_427a_9549_fe4caeb73f06-6, groupId=Consumer-topic-71342978_8be4_427a_9549_fe4caeb73f06] Subscribed to topic(s): topic-71342978_8be4_427a_9549_fe4caeb73f06
2025-09-26 18:13:14,206 INFO  [org.apa.kaf.cli.Metadata] (ForkJoinPool.commonPool-worker-2) [Consumer clientId=consumer-Consumer-topic-71342978_8be4_427a_9549_fe4caeb73f06-6, groupId=Consumer-topic-71342978_8be4_427a_9549_fe4caeb73f06] Cluster ID: y_JNGwQJRlem7c5NGbSJCg
2025-09-26 18:13:14,207 INFO  [org.apa.kaf.cli.con.int.ConsumerCoordinator] (ForkJoinPool.commonPool-worker-2) [Consumer clientId=consumer-Consumer-topic-71342978_8be4_427a_9549_fe4caeb73f06-6, groupId=Consumer-topic-71342978_8be4_427a_9549_fe4caeb73f06] Discovered group coordinator localhost:32769 (id: 2147483647 rack: null)
2025-09-26 18:13:14,208 INFO  [org.apa.kaf.cli.con.int.ConsumerCoordinator] (ForkJoinPool.commonPool-worker-2) [Consumer clientId=consumer-Consumer-topic-71342978_8be4_427a_9549_fe4caeb73f06-6, groupId=Consumer-topic-71342978_8be4_427a_9549_fe4caeb73f06] (Re-)joining group
2025-09-26 18:13:14,210 INFO  [org.apa.kaf.cli.con.int.ConsumerCoordinator] (ForkJoinPool.commonPool-worker-2) [Consumer clientId=consumer-Consumer-topic-71342978_8be4_427a_9549_fe4caeb73f06-6, groupId=Consumer-topic-71342978_8be4_427a_9549_fe4caeb73f06] Request joining group due to: need to re-join with the given member-id: consumer-Consumer-topic-71342978_8be4_427a_9549_fe4caeb73f06-6-883f8c2b-dbe9-42e2-b8be-84e3e5bd2c56
2025-09-26 18:13:14,210 INFO  [org.apa.kaf.cli.con.int.ConsumerCoordinator] (ForkJoinPool.commonPool-worker-2) [Consumer clientId=consumer-Consumer-topic-71342978_8be4_427a_9549_fe4caeb73f06-6, groupId=Consumer-topic-71342978_8be4_427a_9549_fe4caeb73f06] (Re-)joining group
2025-09-26 18:13:15,203 INFO  [io.api.tes.ser.api.KafkaSerdesTester] (ForkJoinPool.commonPool-worker-2) None found
2025-09-26 18:13:16,204 INFO  [io.api.tes.ser.api.KafkaSerdesTester] (ForkJoinPool.commonPool-worker-2) None found
2025-09-26 18:13:17,204 INFO  [io.api.tes.ser.api.KafkaSerdesTester] (ForkJoinPool.commonPool-worker-2) None found
2025-09-26 18:13:17,212 INFO  [org.apa.kaf.cli.con.int.ConsumerCoordinator] (ForkJoinPool.commonPool-worker-2) [Consumer clientId=consumer-Consumer-topic-71342978_8be4_427a_9549_fe4caeb73f06-6, groupId=Consumer-topic-71342978_8be4_427a_9549_fe4caeb73f06] Successfully joined group with generation Generation{generationId=1, memberId='consumer-Consumer-topic-71342978_8be4_427a_9549_fe4caeb73f06-6-883f8c2b-dbe9-42e2-b8be-84e3e5bd2c56', protocol='range'}
2025-09-26 18:13:17,213 INFO  [org.apa.kaf.cli.con.int.ConsumerCoordinator] (ForkJoinPool.commonPool-worker-2) [Consumer clientId=consumer-Consumer-topic-71342978_8be4_427a_9549_fe4caeb73f06-6, groupId=Consumer-topic-71342978_8be4_427a_9549_fe4caeb73f06] Finished assignment for group at generation 1: {consumer-Consumer-topic-71342978_8be4_427a_9549_fe4caeb73f06-6-883f8c2b-dbe9-42e2-b8be-84e3e5bd2c56=Assignment(partitions=[topic-71342978_8be4_427a_9549_fe4caeb73f06-0])}
2025-09-26 18:13:17,220 INFO  [org.apa.kaf.cli.con.int.ConsumerCoordinator] (ForkJoinPool.commonPool-worker-2) [Consumer clientId=consumer-Consumer-topic-71342978_8be4_427a_9549_fe4caeb73f06-6, groupId=Consumer-topic-71342978_8be4_427a_9549_fe4caeb73f06] Successfully synced group in generation Generation{generationId=1, memberId='consumer-Consumer-topic-71342978_8be4_427a_9549_fe4caeb73f06-6-883f8c2b-dbe9-42e2-b8be-84e3e5bd2c56', protocol='range'}
2025-09-26 18:13:17,220 INFO  [org.apa.kaf.cli.con.int.ConsumerCoordinator] (ForkJoinPool.commonPool-worker-2) [Consumer clientId=consumer-Consumer-topic-71342978_8be4_427a_9549_fe4caeb73f06-6, groupId=Consumer-topic-71342978_8be4_427a_9549_fe4caeb73f06] Notifying assignor about the new Assignment(partitions=[topic-71342978_8be4_427a_9549_fe4caeb73f06-0])
2025-09-26 18:13:17,220 INFO  [org.apa.kaf.cli.con.int.ConsumerRebalanceListenerInvoker] (ForkJoinPool.commonPool-worker-2) [Consumer clientId=consumer-Consumer-topic-71342978_8be4_427a_9549_fe4caeb73f06-6, groupId=Consumer-topic-71342978_8be4_427a_9549_fe4caeb73f06] Adding newly assigned partitions: topic-71342978_8be4_427a_9549_fe4caeb73f06-0
2025-09-26 18:13:17,221 INFO  [org.apa.kaf.cli.con.int.ConsumerCoordinator] (ForkJoinPool.commonPool-worker-2) [Consumer clientId=consumer-Consumer-topic-71342978_8be4_427a_9549_fe4caeb73f06-6, groupId=Consumer-topic-71342978_8be4_427a_9549_fe4caeb73f06] Found no committed offset for partition topic-71342978_8be4_427a_9549_fe4caeb73f06-0
2025-09-26 18:13:17,224 INFO  [org.apa.kaf.cli.con.int.SubscriptionState] (ForkJoinPool.commonPool-worker-2) [Consumer clientId=consumer-Consumer-topic-71342978_8be4_427a_9549_fe4caeb73f06-6, groupId=Consumer-topic-71342978_8be4_427a_9549_fe4caeb73f06] Resetting offset for partition topic-71342978_8be4_427a_9549_fe4caeb73f06-0 to position FetchPosition{offset=0, offsetEpoch=Optional.empty, currentLeader=LeaderAndEpoch{leader=Optional[localhost:32769 (id: 0 rack: null)], epoch=0}}.
2025-09-26 18:13:17,252 INFO  [io.api.tes.ser.api.KafkaSerdesTester] (ForkJoinPool.commonPool-worker-2) topic-71342978_8be4_427a_9549_fe4caeb73f06 0 0 io.apicurio.tests.common.serdes.TestObject@3dbd29cb
2025-09-26 18:13:17,252 INFO  [io.api.tes.ser.api.KafkaSerdesTester] (ForkJoinPool.commonPool-worker-2) topic-71342978_8be4_427a_9549_fe4caeb73f06 0 1 io.apicurio.tests.common.serdes.TestObject@3dbd29cb
2025-09-26 18:13:17,252 INFO  [io.api.tes.ser.api.KafkaSerdesTester] (ForkJoinPool.commonPool-worker-2) topic-71342978_8be4_427a_9549_fe4caeb73f06 0 2 io.apicurio.tests.common.serdes.TestObject@3dbd29cb
2025-09-26 18:13:17,252 INFO  [io.api.tes.ser.api.KafkaSerdesTester] (ForkJoinPool.commonPool-worker-2) topic-71342978_8be4_427a_9549_fe4caeb73f06 0 3 io.apicurio.tests.common.serdes.TestObject@3dbd29cb
2025-09-26 18:13:17,252 INFO  [io.api.tes.ser.api.KafkaSerdesTester] (ForkJoinPool.commonPool-worker-2) topic-71342978_8be4_427a_9549_fe4caeb73f06 0 4 io.apicurio.tests.common.serdes.TestObject@3dbd29cb
2025-09-26 18:13:17,252 INFO  [io.api.tes.ser.api.KafkaSerdesTester] (ForkJoinPool.commonPool-worker-2) topic-71342978_8be4_427a_9549_fe4caeb73f06 0 5 io.apicurio.tests.common.serdes.TestObject@3dbd29cb
2025-09-26 18:13:17,252 INFO  [io.api.tes.ser.api.KafkaSerdesTester] (ForkJoinPool.commonPool-worker-2) topic-71342978_8be4_427a_9549_fe4caeb73f06 0 6 io.apicurio.tests.common.serdes.TestObject@3dbd29cb
2025-09-26 18:13:17,252 INFO  [io.api.tes.ser.api.KafkaSerdesTester] (ForkJoinPool.commonPool-worker-2) topic-71342978_8be4_427a_9549_fe4caeb73f06 0 7 io.apicurio.tests.common.serdes.TestObject@3dbd29cb
2025-09-26 18:13:17,252 INFO  [io.api.tes.ser.api.KafkaSerdesTester] (ForkJoinPool.commonPool-worker-2) topic-71342978_8be4_427a_9549_fe4caeb73f06 0 8 io.apicurio.tests.common.serdes.TestObject@3dbd29cb
2025-09-26 18:13:17,252 INFO  [io.api.tes.ser.api.KafkaSerdesTester] (ForkJoinPool.commonPool-worker-2) topic-71342978_8be4_427a_9549_fe4caeb73f06 0 9 io.apicurio.tests.common.serdes.TestObject@3dbd29cb
2025-09-26 18:13:17,252 INFO  [io.api.tes.ser.api.KafkaSerdesTester] (ForkJoinPool.commonPool-worker-2) Consumed 10 messages
2025-09-26 18:13:17,259 INFO  [org.apa.kaf.cli.con.int.ConsumerRebalanceListenerInvoker] (ForkJoinPool.commonPool-worker-2) [Consumer clientId=consumer-Consumer-topic-71342978_8be4_427a_9549_fe4caeb73f06-6, groupId=Consumer-topic-71342978_8be4_427a_9549_fe4caeb73f06] Revoke previously assigned partitions topic-71342978_8be4_427a_9549_fe4caeb73f06-0
2025-09-26 18:13:17,260 INFO  [org.apa.kaf.cli.con.int.ConsumerCoordinator] (ForkJoinPool.commonPool-worker-2) [Consumer clientId=consumer-Consumer-topic-71342978_8be4_427a_9549_fe4caeb73f06-6, groupId=Consumer-topic-71342978_8be4_427a_9549_fe4caeb73f06] Member consumer-Consumer-topic-71342978_8be4_427a_9549_fe4caeb73f06-6-883f8c2b-dbe9-42e2-b8be-84e3e5bd2c56 sending LeaveGroup request to coordinator localhost:32769 (id: 2147483647 rack: null) due to the consumer is being closed
2025-09-26 18:13:17,260 INFO  [org.apa.kaf.cli.con.int.ConsumerCoordinator] (ForkJoinPool.commonPool-worker-2) [Consumer clientId=consumer-Consumer-topic-71342978_8be4_427a_9549_fe4caeb73f06-6, groupId=Consumer-topic-71342978_8be4_427a_9549_fe4caeb73f06] Resetting generation and member id due to: consumer pro-actively leaving the group
2025-09-26 18:13:17,260 INFO  [org.apa.kaf.cli.con.int.ConsumerCoordinator] (ForkJoinPool.commonPool-worker-2) [Consumer clientId=consumer-Consumer-topic-71342978_8be4_427a_9549_fe4caeb73f06-6, groupId=Consumer-topic-71342978_8be4_427a_9549_fe4caeb73f06] Request joining group due to: consumer pro-actively leaving the group
2025-09-26 18:13:17,753 INFO  [org.apa.kaf.com.met.Metrics] (ForkJoinPool.commonPool-worker-2) Metrics scheduler closed
2025-09-26 18:13:17,753 INFO  [org.apa.kaf.com.met.Metrics] (ForkJoinPool.commonPool-worker-2) Closing reporter org.apache.kafka.common.metrics.JmxReporter
2025-09-26 18:13:17,753 INFO  [org.apa.kaf.com.met.Metrics] (ForkJoinPool.commonPool-worker-2) Closing reporter org.apache.kafka.common.telemetry.internals.ClientTelemetryReporter
2025-09-26 18:13:17,754 INFO  [org.apa.kaf.com.met.Metrics] (ForkJoinPool.commonPool-worker-2) Metrics reporters closed
2025-09-26 18:13:17,755 INFO  [org.apa.kaf.com.uti.AppInfoParser] (ForkJoinPool.commonPool-worker-2) App info kafka.consumer for consumer-Consumer-topic-71342978_8be4_427a_9549_fe4caeb73f06-6 unregistered
2025-09-26 18:13:17,756 INFO  [io.api.tes.uti.TestSeparator] (main) io.apicurio.tests.serdes.apicurio.AvroSerdeIT.testReflectAutoRegister-FINISHED
2025-09-26 18:13:17,756 INFO  [io.api.tes.uti.TestSeparator] (main) ############################################################################
Test passed: testReflectAutoRegister
]]></system-out>
  </testcase>
  <testcase name="testArtifactNotFound" classname="io.apicurio.tests.serdes.apicurio.AvroSerdeIT" time="0.174">
    <system-out><![CDATA[2025-09-26 18:13:17,757 INFO  [io.api.tes.uti.TestSeparator] (main) ############################################################################
2025-09-26 18:13:17,757 INFO  [io.api.tes.uti.TestSeparator] (main) io.apicurio.tests.serdes.apicurio.AvroSerdeIT.testArtifactNotFound-STARTED
**** Registry Base URL: http://registry-app-mysql.apps.ci419.apicurio-testing.org:80
2025-09-26 18:13:17,759 INFO  [org.apa.kaf.cli.pro.ProducerConfig] (main) ProducerConfig values: 
	acks = -1
	auto.include.jmx.reporter = true
	batch.size = 16384
	bootstrap.servers = [PLAINTEXT://localhost:32769]
	buffer.memory = 33554432
	client.dns.lookup = use_all_dns_ips
	client.id = Producer-s33f1f7aex8f3bx4c9exa0ebx55092612542f
	compression.gzip.level = -1
	compression.lz4.level = 9
	compression.type = none
	compression.zstd.level = 3
	connections.max.idle.ms = 10000
	delivery.timeout.ms = 120000
	enable.idempotence = true
	enable.metrics.push = true
	interceptor.classes = []
	key.serializer = class org.apache.kafka.common.serialization.StringSerializer
	linger.ms = 0
	max.block.ms = 60000
	max.in.flight.requests.per.connection = 5
	max.request.size = 1048576
	metadata.max.age.ms = 300000
	metadata.max.idle.ms = 300000
	metadata.recovery.strategy = none
	metric.reporters = []
	metrics.num.samples = 2
	metrics.recording.level = INFO
	metrics.sample.window.ms = 30000
	partitioner.adaptive.partitioning.enable = true
	partitioner.availability.timeout.ms = 0
	partitioner.class = null
	partitioner.ignore.keys = false
	receive.buffer.bytes = 32768
	reconnect.backoff.max.ms = 1000
	reconnect.backoff.ms = 50
	request.timeout.ms = 5000
	retries = 2147483647
	retry.backoff.max.ms = 1000
	retry.backoff.ms = 100
	sasl.client.callback.handler.class = null
	sasl.jaas.config = null
	sasl.kerberos.kinit.cmd = /usr/bin/kinit
	sasl.kerberos.min.time.before.relogin = 60000
	sasl.kerberos.service.name = null
	sasl.kerberos.ticket.renew.jitter = 0.05
	sasl.kerberos.ticket.renew.window.factor = 0.8
	sasl.login.callback.handler.class = null
	sasl.login.class = null
	sasl.login.connect.timeout.ms = null
	sasl.login.read.timeout.ms = null
	sasl.login.refresh.buffer.seconds = 300
	sasl.login.refresh.min.period.seconds = 60
	sasl.login.refresh.window.factor = 0.8
	sasl.login.refresh.window.jitter = 0.05
	sasl.login.retry.backoff.max.ms = 10000
	sasl.login.retry.backoff.ms = 100
	sasl.mechanism = GSSAPI
	sasl.oauthbearer.clock.skew.seconds = 30
	sasl.oauthbearer.expected.audience = null
	sasl.oauthbearer.expected.issuer = null
	sasl.oauthbearer.header.urlencode = false
	sasl.oauthbearer.jwks.endpoint.refresh.ms = 3600000
	sasl.oauthbearer.jwks.endpoint.retry.backoff.max.ms = 10000
	sasl.oauthbearer.jwks.endpoint.retry.backoff.ms = 100
	sasl.oauthbearer.jwks.endpoint.url = null
	sasl.oauthbearer.scope.claim.name = scope
	sasl.oauthbearer.sub.claim.name = sub
	sasl.oauthbearer.token.endpoint.url = null
	security.protocol = PLAINTEXT
	security.providers = null
	send.buffer.bytes = 131072
	socket.connection.setup.timeout.max.ms = 30000
	socket.connection.setup.timeout.ms = 10000
	ssl.cipher.suites = null
	ssl.enabled.protocols = [TLSv1.2, TLSv1.3]
	ssl.endpoint.identification.algorithm = https
	ssl.engine.factory.class = null
	ssl.key.password = null
	ssl.keymanager.algorithm = SunX509
	ssl.keystore.certificate.chain = null
	ssl.keystore.key = null
	ssl.keystore.location = null
	ssl.keystore.password = null
	ssl.keystore.type = JKS
	ssl.protocol = TLSv1.3
	ssl.provider = null
	ssl.secure.random.implementation = null
	ssl.trustmanager.algorithm = PKIX
	ssl.truststore.certificates = null
	ssl.truststore.location = null
	ssl.truststore.password = null
	ssl.truststore.type = JKS
	transaction.timeout.ms = 60000
	transactional.id = null
	value.serializer = class io.apicurio.registry.serde.avro.AvroKafkaSerializer

2025-09-26 18:13:17,759 INFO  [org.apa.kaf.com.tel.int.KafkaMetricsCollector] (main) initializing Kafka metrics collector
2025-09-26 18:13:17,764 INFO  [org.apa.kaf.cli.pro.KafkaProducer] (main) [Producer clientId=Producer-s33f1f7aex8f3bx4c9exa0ebx55092612542f] Instantiated an idempotent producer.
2025-09-26 18:13:17,766 INFO  [org.apa.kaf.cli.pro.ProducerConfig] (main) These configurations '[apicurio.registry.url, apicurio.registry.artifact-resolver-strategy]' were supplied but are not used yet.
2025-09-26 18:13:17,766 INFO  [org.apa.kaf.com.uti.AppInfoParser] (main) Kafka version: 3.9.1
2025-09-26 18:13:17,766 INFO  [org.apa.kaf.com.uti.AppInfoParser] (main) Kafka commitId: f745dfdcee2b9851
2025-09-26 18:13:17,766 INFO  [org.apa.kaf.com.uti.AppInfoParser] (main) Kafka startTimeMs: 1758910397766
2025-09-26 18:13:17,766 INFO  [io.api.tes.ser.api.KafkaSerdesTester] (ForkJoinPool.commonPool-worker-2) Sending message {"keyB": "value-0"} to topic s33f1f7aex8f3bx4c9exa0ebx55092612542f
2025-09-26 18:13:17,770 WARN  [org.apa.kaf.cli.NetworkClient] (kafka-producer-network-thread | Producer-s33f1f7aex8f3bx4c9exa0ebx55092612542f) [Producer clientId=Producer-s33f1f7aex8f3bx4c9exa0ebx55092612542f] The metadata response from the cluster reported a recoverable issue with correlation id 1 : {s33f1f7aex8f3bx4c9exa0ebx55092612542f=UNKNOWN_TOPIC_OR_PARTITION}
2025-09-26 18:13:17,770 INFO  [org.apa.kaf.cli.Metadata] (kafka-producer-network-thread | Producer-s33f1f7aex8f3bx4c9exa0ebx55092612542f) [Producer clientId=Producer-s33f1f7aex8f3bx4c9exa0ebx55092612542f] Cluster ID: y_JNGwQJRlem7c5NGbSJCg
2025-09-26 18:13:17,770 INFO  [org.apa.kaf.cli.pro.int.TransactionManager] (kafka-producer-network-thread | Producer-s33f1f7aex8f3bx4c9exa0ebx55092612542f) [Producer clientId=Producer-s33f1f7aex8f3bx4c9exa0ebx55092612542f] ProducerId set to 7 with epoch 0
2025-09-26 18:13:17,886 INFO  [DefaultSchemaResolver] (ForkJoinPool.commonPool-worker-2) Retrieving schema content using string: {"type":"record","name":"myrecord","namespace":"mygroup","fields":[{"name":"keyB","type":"string"}]}
2025-09-26 18:13:17,927 INFO  [org.apa.kaf.cli.pro.KafkaProducer] (ForkJoinPool.commonPool-worker-2) [Producer clientId=Producer-s33f1f7aex8f3bx4c9exa0ebx55092612542f] Closing the Kafka producer with timeoutMillis = 9223372036854775807 ms.
2025-09-26 18:13:17,929 INFO  [org.apa.kaf.com.met.Metrics] (ForkJoinPool.commonPool-worker-2) Metrics scheduler closed
2025-09-26 18:13:17,929 INFO  [org.apa.kaf.com.met.Metrics] (ForkJoinPool.commonPool-worker-2) Closing reporter org.apache.kafka.common.metrics.JmxReporter
2025-09-26 18:13:17,929 INFO  [org.apa.kaf.com.met.Metrics] (ForkJoinPool.commonPool-worker-2) Closing reporter org.apache.kafka.common.telemetry.internals.ClientTelemetryReporter
2025-09-26 18:13:17,929 INFO  [org.apa.kaf.com.met.Metrics] (ForkJoinPool.commonPool-worker-2) Metrics reporters closed
2025-09-26 18:13:17,929 INFO  [org.apa.kaf.com.uti.AppInfoParser] (ForkJoinPool.commonPool-worker-2) App info kafka.producer for Producer-s33f1f7aex8f3bx4c9exa0ebx55092612542f unregistered
2025-09-26 18:13:17,929 INFO  [io.api.tes.uti.TestSeparator] (main) io.apicurio.tests.serdes.apicurio.AvroSerdeIT.testArtifactNotFound-FINISHED
2025-09-26 18:13:17,930 INFO  [io.api.tes.uti.TestSeparator] (main) ############################################################################
Test passed: testArtifactNotFound
]]></system-out>
    <system-err><![CDATA[java.lang.RuntimeException: Could not resolve artifact reference by content: {"type":"record","name":"myrecord","namespace":"mygroup","fields":[{"name":"keyB","type":"string"}]}&ArtifactReference [groupId=default, artifactId=s33f1f7aex8f3bx4c9exa0ebx55092612542f-value, version=null, globalId=null, contentId=null, contentHash=null]
	at io.apicurio.registry.resolver.DefaultSchemaResolver.lambda$handleResolveSchemaByContent$3(DefaultSchemaResolver.java:265)
	at io.apicurio.registry.resolver.cache.ERCache.lambda$getValue$0(ERCache.java:174)
	at io.apicurio.registry.resolver.cache.ERCache.retry(ERCache.java:227)
	at io.apicurio.registry.resolver.cache.ERCache.getValue(ERCache.java:173)
	at io.apicurio.registry.resolver.cache.ERCache.getByContent(ERCache.java:147)
	at io.apicurio.registry.resolver.DefaultSchemaResolver.handleResolveSchemaByContent(DefaultSchemaResolver.java:253)
	at io.apicurio.registry.resolver.DefaultSchemaResolver.getSchemaFromRegistry(DefaultSchemaResolver.java:138)
	at io.apicurio.registry.resolver.DefaultSchemaResolver.lambda$resolveSchema$0(DefaultSchemaResolver.java:84)
	at java.base/java.util.Optional.orElseGet(Optional.java:364)
	at io.apicurio.registry.resolver.DefaultSchemaResolver.resolveSchema(DefaultSchemaResolver.java:84)
	at io.apicurio.registry.serde.AbstractSerializer.serializeData(AbstractSerializer.java:62)
	at io.apicurio.registry.serde.KafkaSerializer.serialize(KafkaSerializer.java:77)
	at org.apache.kafka.clients.producer.KafkaProducer.doSend(KafkaProducer.java:1046)
	at org.apache.kafka.clients.producer.KafkaProducer.send(KafkaProducer.java:993)
	at org.apache.kafka.clients.producer.KafkaProducer.send(KafkaProducer.java:875)
	at io.apicurio.tests.serdes.apicurio.KafkaSerdesTester.lambda$produceMessages$3(KafkaSerdesTester.java:138)
	at java.base/java.util.concurrent.CompletableFuture$AsyncSupply.run(CompletableFuture.java:1768)
	at java.base/java.util.concurrent.CompletableFuture$AsyncSupply.exec(CompletableFuture.java:1760)
	at java.base/java.util.concurrent.ForkJoinTask.doExec(ForkJoinTask.java:373)
	at java.base/java.util.concurrent.ForkJoinPool$WorkQueue.topLevelExec(ForkJoinPool.java:1182)
	at java.base/java.util.concurrent.ForkJoinPool.scan(ForkJoinPool.java:1655)
	at java.base/java.util.concurrent.ForkJoinPool.runWorker(ForkJoinPool.java:1622)
	at java.base/java.util.concurrent.ForkJoinWorkerThread.run(ForkJoinWorkerThread.java:165)
]]></system-err>
  </testcase>
  <testcase name="testAvroSerDesFailDifferentSchemaByRecordName" classname="io.apicurio.tests.serdes.apicurio.AvroSerdeIT" time="1.076">
    <system-out><![CDATA[2025-09-26 18:13:17,931 INFO  [io.api.tes.uti.TestSeparator] (main) ############################################################################
2025-09-26 18:13:17,931 INFO  [io.api.tes.uti.TestSeparator] (main) io.apicurio.tests.serdes.apicurio.AvroSerdeIT.testAvroSerDesFailDifferentSchemaByRecordName-STARTED
**** Registry Base URL: http://registry-app-mysql.apps.ci419.apicurio-testing.org:80
2025-09-26 18:13:18,979 INFO  [org.apa.kaf.cli.pro.ProducerConfig] (main) ProducerConfig values: 
	acks = -1
	auto.include.jmx.reporter = true
	batch.size = 16384
	bootstrap.servers = [PLAINTEXT://localhost:32769]
	buffer.memory = 33554432
	client.dns.lookup = use_all_dns_ips
	client.id = Producer-topic-fd42e022_940e_4f1b_b9b8_ba7f9c8c1f71
	compression.gzip.level = -1
	compression.lz4.level = 9
	compression.type = none
	compression.zstd.level = 3
	connections.max.idle.ms = 10000
	delivery.timeout.ms = 120000
	enable.idempotence = true
	enable.metrics.push = true
	interceptor.classes = []
	key.serializer = class org.apache.kafka.common.serialization.StringSerializer
	linger.ms = 0
	max.block.ms = 60000
	max.in.flight.requests.per.connection = 5
	max.request.size = 1048576
	metadata.max.age.ms = 300000
	metadata.max.idle.ms = 300000
	metadata.recovery.strategy = none
	metric.reporters = []
	metrics.num.samples = 2
	metrics.recording.level = INFO
	metrics.sample.window.ms = 30000
	partitioner.adaptive.partitioning.enable = true
	partitioner.availability.timeout.ms = 0
	partitioner.class = null
	partitioner.ignore.keys = false
	receive.buffer.bytes = 32768
	reconnect.backoff.max.ms = 1000
	reconnect.backoff.ms = 50
	request.timeout.ms = 5000
	retries = 2147483647
	retry.backoff.max.ms = 1000
	retry.backoff.ms = 100
	sasl.client.callback.handler.class = null
	sasl.jaas.config = null
	sasl.kerberos.kinit.cmd = /usr/bin/kinit
	sasl.kerberos.min.time.before.relogin = 60000
	sasl.kerberos.service.name = null
	sasl.kerberos.ticket.renew.jitter = 0.05
	sasl.kerberos.ticket.renew.window.factor = 0.8
	sasl.login.callback.handler.class = null
	sasl.login.class = null
	sasl.login.connect.timeout.ms = null
	sasl.login.read.timeout.ms = null
	sasl.login.refresh.buffer.seconds = 300
	sasl.login.refresh.min.period.seconds = 60
	sasl.login.refresh.window.factor = 0.8
	sasl.login.refresh.window.jitter = 0.05
	sasl.login.retry.backoff.max.ms = 10000
	sasl.login.retry.backoff.ms = 100
	sasl.mechanism = GSSAPI
	sasl.oauthbearer.clock.skew.seconds = 30
	sasl.oauthbearer.expected.audience = null
	sasl.oauthbearer.expected.issuer = null
	sasl.oauthbearer.header.urlencode = false
	sasl.oauthbearer.jwks.endpoint.refresh.ms = 3600000
	sasl.oauthbearer.jwks.endpoint.retry.backoff.max.ms = 10000
	sasl.oauthbearer.jwks.endpoint.retry.backoff.ms = 100
	sasl.oauthbearer.jwks.endpoint.url = null
	sasl.oauthbearer.scope.claim.name = scope
	sasl.oauthbearer.sub.claim.name = sub
	sasl.oauthbearer.token.endpoint.url = null
	security.protocol = PLAINTEXT
	security.providers = null
	send.buffer.bytes = 131072
	socket.connection.setup.timeout.max.ms = 30000
	socket.connection.setup.timeout.ms = 10000
	ssl.cipher.suites = null
	ssl.enabled.protocols = [TLSv1.2, TLSv1.3]
	ssl.endpoint.identification.algorithm = https
	ssl.engine.factory.class = null
	ssl.key.password = null
	ssl.keymanager.algorithm = SunX509
	ssl.keystore.certificate.chain = null
	ssl.keystore.key = null
	ssl.keystore.location = null
	ssl.keystore.password = null
	ssl.keystore.type = JKS
	ssl.protocol = TLSv1.3
	ssl.provider = null
	ssl.secure.random.implementation = null
	ssl.trustmanager.algorithm = PKIX
	ssl.truststore.certificates = null
	ssl.truststore.location = null
	ssl.truststore.password = null
	ssl.truststore.type = JKS
	transaction.timeout.ms = 60000
	transactional.id = null
	value.serializer = class io.apicurio.registry.serde.avro.AvroKafkaSerializer

2025-09-26 18:13:18,979 INFO  [org.apa.kaf.com.tel.int.KafkaMetricsCollector] (main) initializing Kafka metrics collector
2025-09-26 18:13:18,982 INFO  [org.apa.kaf.cli.pro.KafkaProducer] (main) [Producer clientId=Producer-topic-fd42e022_940e_4f1b_b9b8_ba7f9c8c1f71] Instantiated an idempotent producer.
2025-09-26 18:13:18,984 INFO  [org.apa.kaf.cli.pro.ProducerConfig] (main) These configurations '[apicurio.registry.find-latest, apicurio.registry.url, apicurio.registry.artifact-resolver-strategy]' were supplied but are not used yet.
2025-09-26 18:13:18,984 INFO  [org.apa.kaf.com.uti.AppInfoParser] (main) Kafka version: 3.9.1
2025-09-26 18:13:18,984 INFO  [org.apa.kaf.com.uti.AppInfoParser] (main) Kafka commitId: f745dfdcee2b9851
2025-09-26 18:13:18,984 INFO  [org.apa.kaf.com.uti.AppInfoParser] (main) Kafka startTimeMs: 1758910398984
2025-09-26 18:13:18,984 INFO  [io.api.tes.ser.api.KafkaSerdesTester] (ForkJoinPool.commonPool-worker-2) Sending message {"keyB": "value-0"} to topic topic-fd42e022_940e_4f1b_b9b8_ba7f9c8c1f71
2025-09-26 18:13:18,987 INFO  [org.apa.kaf.cli.Metadata] (kafka-producer-network-thread | Producer-topic-fd42e022_940e_4f1b_b9b8_ba7f9c8c1f71) [Producer clientId=Producer-topic-fd42e022_940e_4f1b_b9b8_ba7f9c8c1f71] Cluster ID: y_JNGwQJRlem7c5NGbSJCg
2025-09-26 18:13:18,988 INFO  [org.apa.kaf.cli.pro.int.TransactionManager] (kafka-producer-network-thread | Producer-topic-fd42e022_940e_4f1b_b9b8_ba7f9c8c1f71) [Producer clientId=Producer-topic-fd42e022_940e_4f1b_b9b8_ba7f9c8c1f71] ProducerId set to 8 with epoch 0
2025-09-26 18:13:19,004 INFO  [org.apa.kaf.cli.pro.KafkaProducer] (ForkJoinPool.commonPool-worker-2) [Producer clientId=Producer-topic-fd42e022_940e_4f1b_b9b8_ba7f9c8c1f71] Closing the Kafka producer with timeoutMillis = 9223372036854775807 ms.
2025-09-26 18:13:19,005 INFO  [org.apa.kaf.com.met.Metrics] (ForkJoinPool.commonPool-worker-2) Metrics scheduler closed
2025-09-26 18:13:19,005 INFO  [org.apa.kaf.com.met.Metrics] (ForkJoinPool.commonPool-worker-2) Closing reporter org.apache.kafka.common.metrics.JmxReporter
2025-09-26 18:13:19,005 INFO  [org.apa.kaf.com.met.Metrics] (ForkJoinPool.commonPool-worker-2) Closing reporter org.apache.kafka.common.telemetry.internals.ClientTelemetryReporter
2025-09-26 18:13:19,005 INFO  [org.apa.kaf.com.met.Metrics] (ForkJoinPool.commonPool-worker-2) Metrics reporters closed
2025-09-26 18:13:19,006 INFO  [org.apa.kaf.com.uti.AppInfoParser] (ForkJoinPool.commonPool-worker-2) App info kafka.producer for Producer-topic-fd42e022_940e_4f1b_b9b8_ba7f9c8c1f71 unregistered
2025-09-26 18:13:19,006 INFO  [io.api.tes.uti.TestSeparator] (main) io.apicurio.tests.serdes.apicurio.AvroSerdeIT.testAvroSerDesFailDifferentSchemaByRecordName-FINISHED
2025-09-26 18:13:19,006 INFO  [io.api.tes.uti.TestSeparator] (main) ############################################################################
Test passed: testAvroSerDesFailDifferentSchemaByRecordName
]]></system-out>
    <system-err><![CDATA[io.apicurio.registry.rest.client.models.ProblemDetails
	at io.apicurio.registry.rest.client.models.ProblemDetails.createFromDiscriminatorValue(ProblemDetails.java:58)
	at io.kiota.serialization.json.JsonParseNode.getObjectValue(JsonParseNode.java:247)
	at io.kiota.http.vertx.VertXRequestAdapter.lambda$throwIfFailedResponse$0(VertXRequestAdapter.java:400)
	at com.microsoft.kiota.ApiExceptionBuilder.<init>(ApiExceptionBuilder.java:26)
	at io.kiota.http.vertx.VertXRequestAdapter.throwIfFailedResponse(VertXRequestAdapter.java:399)
	at io.kiota.http.vertx.VertXRequestAdapter.send(VertXRequestAdapter.java:170)
	at jdk.internal.reflect.GeneratedMethodAccessor33.invoke(Unknown Source)
	at java.base/jdk.internal.reflect.DelegatingMethodAccessorImpl.invoke(DelegatingMethodAccessorImpl.java:43)
	at java.base/java.lang.reflect.Method.invoke(Method.java:569)
	at io.apicurio.registry.client.RegistryClientFactory$RetryInvocationHandler.invoke(RegistryClientFactory.java:146)
	at jdk.proxy2/jdk.proxy2.$Proxy65.send(Unknown Source)
	at io.apicurio.registry.rest.client.groups.item.artifacts.item.versions.item.WithVersionExpressionItemRequestBuilder.get(WithVersionExpressionItemRequestBuilder.java:128)
	at io.apicurio.registry.rest.client.groups.item.artifacts.item.versions.item.WithVersionExpressionItemRequestBuilder.get(WithVersionExpressionItemRequestBuilder.java:111)
	at io.apicurio.registry.resolver.client.RegistryClientFacadeImpl.getVersionCoordinatesByGAV(RegistryClientFacadeImpl.java:159)
	at io.apicurio.registry.resolver.DefaultSchemaResolver.resolveByCoordinates(DefaultSchemaResolver.java:352)
	at io.apicurio.registry.resolver.DefaultSchemaResolver.lambda$resolveSchemaByArtifactReferenceCached$6(DefaultSchemaResolver.java:340)
	at io.apicurio.registry.resolver.cache.ERCache.lambda$getValue$0(ERCache.java:174)
	at io.apicurio.registry.resolver.cache.ERCache.retry(ERCache.java:227)
	at io.apicurio.registry.resolver.cache.ERCache.getValue(ERCache.java:173)
	at io.apicurio.registry.resolver.cache.ERCache.getByArtifactCoordinates(ERCache.java:158)
	at io.apicurio.registry.resolver.DefaultSchemaResolver.resolveSchemaByArtifactReferenceCached(DefaultSchemaResolver.java:338)
	at io.apicurio.registry.resolver.DefaultSchemaResolver.resolveSchemaByCoordinates(DefaultSchemaResolver.java:193)
	at io.apicurio.registry.resolver.DefaultSchemaResolver.getSchemaFromRegistry(DefaultSchemaResolver.java:130)
	at io.apicurio.registry.resolver.DefaultSchemaResolver.lambda$resolveSchema$0(DefaultSchemaResolver.java:84)
	at java.base/java.util.Optional.orElseGet(Optional.java:364)
	at io.apicurio.registry.resolver.DefaultSchemaResolver.resolveSchema(DefaultSchemaResolver.java:84)
	at io.apicurio.registry.serde.AbstractSerializer.serializeData(AbstractSerializer.java:62)
	at io.apicurio.registry.serde.KafkaSerializer.serialize(KafkaSerializer.java:77)
	at org.apache.kafka.clients.producer.KafkaProducer.doSend(KafkaProducer.java:1046)
	at org.apache.kafka.clients.producer.KafkaProducer.send(KafkaProducer.java:993)
	at org.apache.kafka.clients.producer.KafkaProducer.send(KafkaProducer.java:875)
	at io.apicurio.tests.serdes.apicurio.KafkaSerdesTester.lambda$produceMessages$3(KafkaSerdesTester.java:138)
	at java.base/java.util.concurrent.CompletableFuture$AsyncSupply.run(CompletableFuture.java:1768)
	at java.base/java.util.concurrent.CompletableFuture$AsyncSupply.exec(CompletableFuture.java:1760)
	at java.base/java.util.concurrent.ForkJoinTask.doExec(ForkJoinTask.java:373)
	at java.base/java.util.concurrent.ForkJoinPool$WorkQueue.topLevelExec(ForkJoinPool.java:1182)
	at java.base/java.util.concurrent.ForkJoinPool.scan(ForkJoinPool.java:1655)
	at java.base/java.util.concurrent.ForkJoinPool.runWorker(ForkJoinPool.java:1622)
	at java.base/java.util.concurrent.ForkJoinWorkerThread.run(ForkJoinWorkerThread.java:165)
]]></system-err>
  </testcase>
  <testcase name="testTopicIdStrategyFindLatest" classname="io.apicurio.tests.serdes.apicurio.AvroSerdeIT" time="4.678">
    <system-out><![CDATA[2025-09-26 18:13:19,007 INFO  [io.api.tes.uti.TestSeparator] (main) ############################################################################
2025-09-26 18:13:19,007 INFO  [io.api.tes.uti.TestSeparator] (main) io.apicurio.tests.serdes.apicurio.AvroSerdeIT.testTopicIdStrategyFindLatest-STARTED
2025-09-26 18:13:19,008 INFO  [io.api.tes.ser.api.AvroSerdeIT] (main) Registering Avro Schema: {"type":"record","name":"myrecordapicurio1","fields":[{"name":"key11758910399008","type":"string"}]}
**** Registry Base URL: http://registry-app-mysql.apps.ci419.apicurio-testing.org:80
2025-09-26 18:13:20,056 INFO  [org.apa.kaf.cli.pro.ProducerConfig] (main) ProducerConfig values: 
	acks = -1
	auto.include.jmx.reporter = true
	batch.size = 16384
	bootstrap.servers = [PLAINTEXT://localhost:32769]
	buffer.memory = 33554432
	client.dns.lookup = use_all_dns_ips
	client.id = Producer-topic-3b6317cb_d603_43ec_bd47_1b7f0e49a014
	compression.gzip.level = -1
	compression.lz4.level = 9
	compression.type = none
	compression.zstd.level = 3
	connections.max.idle.ms = 10000
	delivery.timeout.ms = 120000
	enable.idempotence = true
	enable.metrics.push = true
	interceptor.classes = []
	key.serializer = class org.apache.kafka.common.serialization.StringSerializer
	linger.ms = 0
	max.block.ms = 60000
	max.in.flight.requests.per.connection = 5
	max.request.size = 1048576
	metadata.max.age.ms = 300000
	metadata.max.idle.ms = 300000
	metadata.recovery.strategy = none
	metric.reporters = []
	metrics.num.samples = 2
	metrics.recording.level = INFO
	metrics.sample.window.ms = 30000
	partitioner.adaptive.partitioning.enable = true
	partitioner.availability.timeout.ms = 0
	partitioner.class = null
	partitioner.ignore.keys = false
	receive.buffer.bytes = 32768
	reconnect.backoff.max.ms = 1000
	reconnect.backoff.ms = 50
	request.timeout.ms = 5000
	retries = 2147483647
	retry.backoff.max.ms = 1000
	retry.backoff.ms = 100
	sasl.client.callback.handler.class = null
	sasl.jaas.config = null
	sasl.kerberos.kinit.cmd = /usr/bin/kinit
	sasl.kerberos.min.time.before.relogin = 60000
	sasl.kerberos.service.name = null
	sasl.kerberos.ticket.renew.jitter = 0.05
	sasl.kerberos.ticket.renew.window.factor = 0.8
	sasl.login.callback.handler.class = null
	sasl.login.class = null
	sasl.login.connect.timeout.ms = null
	sasl.login.read.timeout.ms = null
	sasl.login.refresh.buffer.seconds = 300
	sasl.login.refresh.min.period.seconds = 60
	sasl.login.refresh.window.factor = 0.8
	sasl.login.refresh.window.jitter = 0.05
	sasl.login.retry.backoff.max.ms = 10000
	sasl.login.retry.backoff.ms = 100
	sasl.mechanism = GSSAPI
	sasl.oauthbearer.clock.skew.seconds = 30
	sasl.oauthbearer.expected.audience = null
	sasl.oauthbearer.expected.issuer = null
	sasl.oauthbearer.header.urlencode = false
	sasl.oauthbearer.jwks.endpoint.refresh.ms = 3600000
	sasl.oauthbearer.jwks.endpoint.retry.backoff.max.ms = 10000
	sasl.oauthbearer.jwks.endpoint.retry.backoff.ms = 100
	sasl.oauthbearer.jwks.endpoint.url = null
	sasl.oauthbearer.scope.claim.name = scope
	sasl.oauthbearer.sub.claim.name = sub
	sasl.oauthbearer.token.endpoint.url = null
	security.protocol = PLAINTEXT
	security.providers = null
	send.buffer.bytes = 131072
	socket.connection.setup.timeout.max.ms = 30000
	socket.connection.setup.timeout.ms = 10000
	ssl.cipher.suites = null
	ssl.enabled.protocols = [TLSv1.2, TLSv1.3]
	ssl.endpoint.identification.algorithm = https
	ssl.engine.factory.class = null
	ssl.key.password = null
	ssl.keymanager.algorithm = SunX509
	ssl.keystore.certificate.chain = null
	ssl.keystore.key = null
	ssl.keystore.location = null
	ssl.keystore.password = null
	ssl.keystore.type = JKS
	ssl.protocol = TLSv1.3
	ssl.provider = null
	ssl.secure.random.implementation = null
	ssl.trustmanager.algorithm = PKIX
	ssl.truststore.certificates = null
	ssl.truststore.location = null
	ssl.truststore.password = null
	ssl.truststore.type = JKS
	transaction.timeout.ms = 60000
	transactional.id = null
	value.serializer = class io.apicurio.registry.serde.avro.AvroKafkaSerializer

2025-09-26 18:13:20,056 INFO  [org.apa.kaf.com.tel.int.KafkaMetricsCollector] (main) initializing Kafka metrics collector
2025-09-26 18:13:20,060 INFO  [org.apa.kaf.cli.pro.KafkaProducer] (main) [Producer clientId=Producer-topic-3b6317cb_d603_43ec_bd47_1b7f0e49a014] Instantiated an idempotent producer.
2025-09-26 18:13:20,062 INFO  [org.apa.kaf.cli.pro.ProducerConfig] (main) These configurations '[apicurio.registry.find-latest, apicurio.registry.url, apicurio.registry.artifact-resolver-strategy]' were supplied but are not used yet.
2025-09-26 18:13:20,062 INFO  [org.apa.kaf.com.uti.AppInfoParser] (main) Kafka version: 3.9.1
2025-09-26 18:13:20,062 INFO  [org.apa.kaf.com.uti.AppInfoParser] (main) Kafka commitId: f745dfdcee2b9851
2025-09-26 18:13:20,062 INFO  [org.apa.kaf.com.uti.AppInfoParser] (main) Kafka startTimeMs: 1758910400062
2025-09-26 18:13:20,063 INFO  [io.api.tes.ser.api.SimpleSerdesTesterBuilder$SimpleSerdesTester] (main) Using producer configuration: {apicurio.registry.find-latest=true, apicurio.registry.url=http://registry-app-mysql.apps.ci419.apicurio-testing.org:80/apis/registry/v3, apicurio.registry.artifact-resolver-strategy=io.apicurio.registry.serde.strategy.TopicIdStrategy, value.serializer=io.apicurio.registry.serde.avro.AvroKafkaSerializer, request.timeout.ms=5000, acks=all, bootstrap.servers=PLAINTEXT://localhost:32769, connections.max.idle.ms=10000, key.serializer=org.apache.kafka.common.serialization.StringSerializer, client.id=Producer-topic-3b6317cb_d603_43ec_bd47_1b7f0e49a014}
2025-09-26 18:13:20,063 INFO  [io.api.tes.ser.api.SimpleSerdesTesterBuilder$SimpleSerdesTester] (main) Using consumer configuration: {}
2025-09-26 18:13:20,063 INFO  [io.api.tes.ser.api.KafkaSerdesTester] (ForkJoinPool.commonPool-worker-2) Sending message {"key11758910399008": "value-0"} to topic topic-3b6317cb_d603_43ec_bd47_1b7f0e49a014
2025-09-26 18:13:20,066 INFO  [org.apa.kaf.cli.Metadata] (kafka-producer-network-thread | Producer-topic-3b6317cb_d603_43ec_bd47_1b7f0e49a014) [Producer clientId=Producer-topic-3b6317cb_d603_43ec_bd47_1b7f0e49a014] Cluster ID: y_JNGwQJRlem7c5NGbSJCg
2025-09-26 18:13:20,067 INFO  [org.apa.kaf.cli.pro.int.TransactionManager] (kafka-producer-network-thread | Producer-topic-3b6317cb_d603_43ec_bd47_1b7f0e49a014) [Producer clientId=Producer-topic-3b6317cb_d603_43ec_bd47_1b7f0e49a014] ProducerId set to 9 with epoch 0
2025-09-26 18:13:20,110 INFO  [io.api.tes.ser.api.KafkaSerdesTester] (ForkJoinPool.commonPool-worker-2) Sending message {"key11758910399008": "value-1"} to topic topic-3b6317cb_d603_43ec_bd47_1b7f0e49a014
2025-09-26 18:13:20,112 INFO  [io.api.tes.ser.api.KafkaSerdesTester] (ForkJoinPool.commonPool-worker-2) Sending message {"key11758910399008": "value-2"} to topic topic-3b6317cb_d603_43ec_bd47_1b7f0e49a014
2025-09-26 18:13:20,113 INFO  [io.api.tes.ser.api.KafkaSerdesTester] (ForkJoinPool.commonPool-worker-2) Sending message {"key11758910399008": "value-3"} to topic topic-3b6317cb_d603_43ec_bd47_1b7f0e49a014
2025-09-26 18:13:20,115 INFO  [io.api.tes.ser.api.KafkaSerdesTester] (ForkJoinPool.commonPool-worker-2) Sending message {"key11758910399008": "value-4"} to topic topic-3b6317cb_d603_43ec_bd47_1b7f0e49a014
2025-09-26 18:13:20,116 INFO  [io.api.tes.ser.api.KafkaSerdesTester] (ForkJoinPool.commonPool-worker-2) Sending message {"key11758910399008": "value-5"} to topic topic-3b6317cb_d603_43ec_bd47_1b7f0e49a014
2025-09-26 18:13:20,118 INFO  [io.api.tes.ser.api.KafkaSerdesTester] (ForkJoinPool.commonPool-worker-2) Sending message {"key11758910399008": "value-6"} to topic topic-3b6317cb_d603_43ec_bd47_1b7f0e49a014
2025-09-26 18:13:20,119 INFO  [io.api.tes.ser.api.KafkaSerdesTester] (ForkJoinPool.commonPool-worker-2) Sending message {"key11758910399008": "value-7"} to topic topic-3b6317cb_d603_43ec_bd47_1b7f0e49a014
2025-09-26 18:13:20,121 INFO  [io.api.tes.ser.api.KafkaSerdesTester] (ForkJoinPool.commonPool-worker-2) Sending message {"key11758910399008": "value-8"} to topic topic-3b6317cb_d603_43ec_bd47_1b7f0e49a014
2025-09-26 18:13:20,122 INFO  [io.api.tes.ser.api.KafkaSerdesTester] (ForkJoinPool.commonPool-worker-2) Sending message {"key11758910399008": "value-9"} to topic topic-3b6317cb_d603_43ec_bd47_1b7f0e49a014
2025-09-26 18:13:20,123 INFO  [io.api.tes.ser.api.KafkaSerdesTester] (ForkJoinPool.commonPool-worker-2) Produced 10 messages
2025-09-26 18:13:20,123 INFO  [org.apa.kaf.cli.pro.KafkaProducer] (ForkJoinPool.commonPool-worker-2) [Producer clientId=Producer-topic-3b6317cb_d603_43ec_bd47_1b7f0e49a014] Closing the Kafka producer with timeoutMillis = 9223372036854775807 ms.
2025-09-26 18:13:20,125 INFO  [org.apa.kaf.com.met.Metrics] (ForkJoinPool.commonPool-worker-2) Metrics scheduler closed
2025-09-26 18:13:20,125 INFO  [org.apa.kaf.com.met.Metrics] (ForkJoinPool.commonPool-worker-2) Closing reporter org.apache.kafka.common.metrics.JmxReporter
2025-09-26 18:13:20,125 INFO  [org.apa.kaf.com.met.Metrics] (ForkJoinPool.commonPool-worker-2) Closing reporter org.apache.kafka.common.telemetry.internals.ClientTelemetryReporter
2025-09-26 18:13:20,125 INFO  [org.apa.kaf.com.met.Metrics] (ForkJoinPool.commonPool-worker-2) Metrics reporters closed
2025-09-26 18:13:20,126 INFO  [org.apa.kaf.com.uti.AppInfoParser] (ForkJoinPool.commonPool-worker-2) App info kafka.producer for Producer-topic-3b6317cb_d603_43ec_bd47_1b7f0e49a014 unregistered
**** Registry Base URL: http://registry-app-mysql.apps.ci419.apicurio-testing.org:80
2025-09-26 18:13:20,126 INFO  [org.apa.kaf.cli.con.ConsumerConfig] (main) ConsumerConfig values: 
	allow.auto.create.topics = true
	auto.commit.interval.ms = 500
	auto.include.jmx.reporter = true
	auto.offset.reset = earliest
	bootstrap.servers = [PLAINTEXT://localhost:32769]
	check.crcs = true
	client.dns.lookup = use_all_dns_ips
	client.id = consumer-Consumer-topic-3b6317cb_d603_43ec_bd47_1b7f0e49a014-7
	client.rack = 
	connections.max.idle.ms = 10000
	default.api.timeout.ms = 60000
	enable.auto.commit = true
	enable.metrics.push = true
	exclude.internal.topics = true
	fetch.max.bytes = 52428800
	fetch.max.wait.ms = 500
	fetch.min.bytes = 1
	group.id = Consumer-topic-3b6317cb_d603_43ec_bd47_1b7f0e49a014
	group.instance.id = null
	group.protocol = classic
	group.remote.assignor = null
	heartbeat.interval.ms = 3000
	interceptor.classes = []
	internal.leave.group.on.close = true
	internal.throw.on.fetch.stable.offset.unsupported = false
	isolation.level = read_uncommitted
	key.deserializer = class org.apache.kafka.common.serialization.StringDeserializer
	max.partition.fetch.bytes = 1048576
	max.poll.interval.ms = 300000
	max.poll.records = 500
	metadata.max.age.ms = 300000
	metadata.recovery.strategy = none
	metric.reporters = []
	metrics.num.samples = 2
	metrics.recording.level = INFO
	metrics.sample.window.ms = 30000
	partition.assignment.strategy = [class org.apache.kafka.clients.consumer.RangeAssignor, class org.apache.kafka.clients.consumer.CooperativeStickyAssignor]
	receive.buffer.bytes = 65536
	reconnect.backoff.max.ms = 1000
	reconnect.backoff.ms = 50
	request.timeout.ms = 5000
	retry.backoff.max.ms = 1000
	retry.backoff.ms = 100
	sasl.client.callback.handler.class = null
	sasl.jaas.config = null
	sasl.kerberos.kinit.cmd = /usr/bin/kinit
	sasl.kerberos.min.time.before.relogin = 60000
	sasl.kerberos.service.name = null
	sasl.kerberos.ticket.renew.jitter = 0.05
	sasl.kerberos.ticket.renew.window.factor = 0.8
	sasl.login.callback.handler.class = null
	sasl.login.class = null
	sasl.login.connect.timeout.ms = null
	sasl.login.read.timeout.ms = null
	sasl.login.refresh.buffer.seconds = 300
	sasl.login.refresh.min.period.seconds = 60
	sasl.login.refresh.window.factor = 0.8
	sasl.login.refresh.window.jitter = 0.05
	sasl.login.retry.backoff.max.ms = 10000
	sasl.login.retry.backoff.ms = 100
	sasl.mechanism = GSSAPI
	sasl.oauthbearer.clock.skew.seconds = 30
	sasl.oauthbearer.expected.audience = null
	sasl.oauthbearer.expected.issuer = null
	sasl.oauthbearer.header.urlencode = false
	sasl.oauthbearer.jwks.endpoint.refresh.ms = 3600000
	sasl.oauthbearer.jwks.endpoint.retry.backoff.max.ms = 10000
	sasl.oauthbearer.jwks.endpoint.retry.backoff.ms = 100
	sasl.oauthbearer.jwks.endpoint.url = null
	sasl.oauthbearer.scope.claim.name = scope
	sasl.oauthbearer.sub.claim.name = sub
	sasl.oauthbearer.token.endpoint.url = null
	security.protocol = PLAINTEXT
	security.providers = null
	send.buffer.bytes = 131072
	session.timeout.ms = 45000
	socket.connection.setup.timeout.max.ms = 30000
	socket.connection.setup.timeout.ms = 10000
	ssl.cipher.suites = null
	ssl.enabled.protocols = [TLSv1.2, TLSv1.3]
	ssl.endpoint.identification.algorithm = https
	ssl.engine.factory.class = null
	ssl.key.password = null
	ssl.keymanager.algorithm = SunX509
	ssl.keystore.certificate.chain = null
	ssl.keystore.key = null
	ssl.keystore.location = null
	ssl.keystore.password = null
	ssl.keystore.type = JKS
	ssl.protocol = TLSv1.3
	ssl.provider = null
	ssl.secure.random.implementation = null
	ssl.trustmanager.algorithm = PKIX
	ssl.truststore.certificates = null
	ssl.truststore.location = null
	ssl.truststore.password = null
	ssl.truststore.type = JKS
	value.deserializer = class io.apicurio.registry.serde.avro.AvroKafkaDeserializer

2025-09-26 18:13:20,126 INFO  [org.apa.kaf.com.tel.int.KafkaMetricsCollector] (main) initializing Kafka metrics collector
2025-09-26 18:13:20,132 INFO  [org.apa.kaf.cli.con.ConsumerConfig] (main) These configurations '[apicurio.registry.url]' were supplied but are not used yet.
2025-09-26 18:13:20,132 INFO  [org.apa.kaf.com.uti.AppInfoParser] (main) Kafka version: 3.9.1
2025-09-26 18:13:20,132 INFO  [org.apa.kaf.com.uti.AppInfoParser] (main) Kafka commitId: f745dfdcee2b9851
2025-09-26 18:13:20,132 INFO  [org.apa.kaf.com.uti.AppInfoParser] (main) Kafka startTimeMs: 1758910400132
2025-09-26 18:13:20,132 INFO  [org.apa.kaf.cli.con.int.ClassicKafkaConsumer] (ForkJoinPool.commonPool-worker-2) [Consumer clientId=consumer-Consumer-topic-3b6317cb_d603_43ec_bd47_1b7f0e49a014-7, groupId=Consumer-topic-3b6317cb_d603_43ec_bd47_1b7f0e49a014] Subscribed to topic(s): topic-3b6317cb_d603_43ec_bd47_1b7f0e49a014
2025-09-26 18:13:20,136 INFO  [org.apa.kaf.cli.Metadata] (ForkJoinPool.commonPool-worker-2) [Consumer clientId=consumer-Consumer-topic-3b6317cb_d603_43ec_bd47_1b7f0e49a014-7, groupId=Consumer-topic-3b6317cb_d603_43ec_bd47_1b7f0e49a014] Cluster ID: y_JNGwQJRlem7c5NGbSJCg
2025-09-26 18:13:20,137 INFO  [org.apa.kaf.cli.con.int.ConsumerCoordinator] (ForkJoinPool.commonPool-worker-2) [Consumer clientId=consumer-Consumer-topic-3b6317cb_d603_43ec_bd47_1b7f0e49a014-7, groupId=Consumer-topic-3b6317cb_d603_43ec_bd47_1b7f0e49a014] Discovered group coordinator localhost:32769 (id: 2147483647 rack: null)
2025-09-26 18:13:20,138 INFO  [org.apa.kaf.cli.con.int.ConsumerCoordinator] (ForkJoinPool.commonPool-worker-2) [Consumer clientId=consumer-Consumer-topic-3b6317cb_d603_43ec_bd47_1b7f0e49a014-7, groupId=Consumer-topic-3b6317cb_d603_43ec_bd47_1b7f0e49a014] (Re-)joining group
2025-09-26 18:13:20,140 INFO  [org.apa.kaf.cli.con.int.ConsumerCoordinator] (ForkJoinPool.commonPool-worker-2) [Consumer clientId=consumer-Consumer-topic-3b6317cb_d603_43ec_bd47_1b7f0e49a014-7, groupId=Consumer-topic-3b6317cb_d603_43ec_bd47_1b7f0e49a014] Request joining group due to: need to re-join with the given member-id: consumer-Consumer-topic-3b6317cb_d603_43ec_bd47_1b7f0e49a014-7-0024909a-c68d-45e1-8959-edadc773a9ad
2025-09-26 18:13:20,140 INFO  [org.apa.kaf.cli.con.int.ConsumerCoordinator] (ForkJoinPool.commonPool-worker-2) [Consumer clientId=consumer-Consumer-topic-3b6317cb_d603_43ec_bd47_1b7f0e49a014-7, groupId=Consumer-topic-3b6317cb_d603_43ec_bd47_1b7f0e49a014] (Re-)joining group
2025-09-26 18:13:21,133 INFO  [io.api.tes.ser.api.KafkaSerdesTester] (ForkJoinPool.commonPool-worker-2) None found
2025-09-26 18:13:22,133 INFO  [io.api.tes.ser.api.KafkaSerdesTester] (ForkJoinPool.commonPool-worker-2) None found
2025-09-26 18:13:23,134 INFO  [io.api.tes.ser.api.KafkaSerdesTester] (ForkJoinPool.commonPool-worker-2) None found
2025-09-26 18:13:23,144 INFO  [org.apa.kaf.cli.con.int.ConsumerCoordinator] (ForkJoinPool.commonPool-worker-2) [Consumer clientId=consumer-Consumer-topic-3b6317cb_d603_43ec_bd47_1b7f0e49a014-7, groupId=Consumer-topic-3b6317cb_d603_43ec_bd47_1b7f0e49a014] Successfully joined group with generation Generation{generationId=1, memberId='consumer-Consumer-topic-3b6317cb_d603_43ec_bd47_1b7f0e49a014-7-0024909a-c68d-45e1-8959-edadc773a9ad', protocol='range'}
2025-09-26 18:13:23,144 INFO  [org.apa.kaf.cli.con.int.ConsumerCoordinator] (ForkJoinPool.commonPool-worker-2) [Consumer clientId=consumer-Consumer-topic-3b6317cb_d603_43ec_bd47_1b7f0e49a014-7, groupId=Consumer-topic-3b6317cb_d603_43ec_bd47_1b7f0e49a014] Finished assignment for group at generation 1: {consumer-Consumer-topic-3b6317cb_d603_43ec_bd47_1b7f0e49a014-7-0024909a-c68d-45e1-8959-edadc773a9ad=Assignment(partitions=[topic-3b6317cb_d603_43ec_bd47_1b7f0e49a014-0])}
2025-09-26 18:13:23,151 INFO  [org.apa.kaf.cli.con.int.ConsumerCoordinator] (ForkJoinPool.commonPool-worker-2) [Consumer clientId=consumer-Consumer-topic-3b6317cb_d603_43ec_bd47_1b7f0e49a014-7, groupId=Consumer-topic-3b6317cb_d603_43ec_bd47_1b7f0e49a014] Successfully synced group in generation Generation{generationId=1, memberId='consumer-Consumer-topic-3b6317cb_d603_43ec_bd47_1b7f0e49a014-7-0024909a-c68d-45e1-8959-edadc773a9ad', protocol='range'}
2025-09-26 18:13:23,151 INFO  [org.apa.kaf.cli.con.int.ConsumerCoordinator] (ForkJoinPool.commonPool-worker-2) [Consumer clientId=consumer-Consumer-topic-3b6317cb_d603_43ec_bd47_1b7f0e49a014-7, groupId=Consumer-topic-3b6317cb_d603_43ec_bd47_1b7f0e49a014] Notifying assignor about the new Assignment(partitions=[topic-3b6317cb_d603_43ec_bd47_1b7f0e49a014-0])
2025-09-26 18:13:23,151 INFO  [org.apa.kaf.cli.con.int.ConsumerRebalanceListenerInvoker] (ForkJoinPool.commonPool-worker-2) [Consumer clientId=consumer-Consumer-topic-3b6317cb_d603_43ec_bd47_1b7f0e49a014-7, groupId=Consumer-topic-3b6317cb_d603_43ec_bd47_1b7f0e49a014] Adding newly assigned partitions: topic-3b6317cb_d603_43ec_bd47_1b7f0e49a014-0
2025-09-26 18:13:23,152 INFO  [org.apa.kaf.cli.con.int.ConsumerCoordinator] (ForkJoinPool.commonPool-worker-2) [Consumer clientId=consumer-Consumer-topic-3b6317cb_d603_43ec_bd47_1b7f0e49a014-7, groupId=Consumer-topic-3b6317cb_d603_43ec_bd47_1b7f0e49a014] Found no committed offset for partition topic-3b6317cb_d603_43ec_bd47_1b7f0e49a014-0
2025-09-26 18:13:23,155 INFO  [org.apa.kaf.cli.con.int.SubscriptionState] (ForkJoinPool.commonPool-worker-2) [Consumer clientId=consumer-Consumer-topic-3b6317cb_d603_43ec_bd47_1b7f0e49a014-7, groupId=Consumer-topic-3b6317cb_d603_43ec_bd47_1b7f0e49a014] Resetting offset for partition topic-3b6317cb_d603_43ec_bd47_1b7f0e49a014-0 to position FetchPosition{offset=0, offsetEpoch=Optional.empty, currentLeader=LeaderAndEpoch{leader=Optional[localhost:32769 (id: 0 rack: null)], epoch=0}}.
2025-09-26 18:13:23,180 INFO  [io.api.tes.ser.api.KafkaSerdesTester] (ForkJoinPool.commonPool-worker-2) topic-3b6317cb_d603_43ec_bd47_1b7f0e49a014 0 0 {"key11758910399008": "value-0"}
2025-09-26 18:13:23,180 INFO  [io.api.tes.ser.api.KafkaSerdesTester] (ForkJoinPool.commonPool-worker-2) topic-3b6317cb_d603_43ec_bd47_1b7f0e49a014 0 1 {"key11758910399008": "value-1"}
2025-09-26 18:13:23,180 INFO  [io.api.tes.ser.api.KafkaSerdesTester] (ForkJoinPool.commonPool-worker-2) topic-3b6317cb_d603_43ec_bd47_1b7f0e49a014 0 2 {"key11758910399008": "value-2"}
2025-09-26 18:13:23,180 INFO  [io.api.tes.ser.api.KafkaSerdesTester] (ForkJoinPool.commonPool-worker-2) topic-3b6317cb_d603_43ec_bd47_1b7f0e49a014 0 3 {"key11758910399008": "value-3"}
2025-09-26 18:13:23,180 INFO  [io.api.tes.ser.api.KafkaSerdesTester] (ForkJoinPool.commonPool-worker-2) topic-3b6317cb_d603_43ec_bd47_1b7f0e49a014 0 4 {"key11758910399008": "value-4"}
2025-09-26 18:13:23,180 INFO  [io.api.tes.ser.api.KafkaSerdesTester] (ForkJoinPool.commonPool-worker-2) topic-3b6317cb_d603_43ec_bd47_1b7f0e49a014 0 5 {"key11758910399008": "value-5"}
2025-09-26 18:13:23,181 INFO  [io.api.tes.ser.api.KafkaSerdesTester] (ForkJoinPool.commonPool-worker-2) topic-3b6317cb_d603_43ec_bd47_1b7f0e49a014 0 6 {"key11758910399008": "value-6"}
2025-09-26 18:13:23,181 INFO  [io.api.tes.ser.api.KafkaSerdesTester] (ForkJoinPool.commonPool-worker-2) topic-3b6317cb_d603_43ec_bd47_1b7f0e49a014 0 7 {"key11758910399008": "value-7"}
2025-09-26 18:13:23,181 INFO  [io.api.tes.ser.api.KafkaSerdesTester] (ForkJoinPool.commonPool-worker-2) topic-3b6317cb_d603_43ec_bd47_1b7f0e49a014 0 8 {"key11758910399008": "value-8"}
2025-09-26 18:13:23,181 INFO  [io.api.tes.ser.api.KafkaSerdesTester] (ForkJoinPool.commonPool-worker-2) topic-3b6317cb_d603_43ec_bd47_1b7f0e49a014 0 9 {"key11758910399008": "value-9"}
2025-09-26 18:13:23,181 INFO  [io.api.tes.ser.api.KafkaSerdesTester] (ForkJoinPool.commonPool-worker-2) Consumed 10 messages
2025-09-26 18:13:23,188 INFO  [org.apa.kaf.cli.con.int.ConsumerRebalanceListenerInvoker] (ForkJoinPool.commonPool-worker-2) [Consumer clientId=consumer-Consumer-topic-3b6317cb_d603_43ec_bd47_1b7f0e49a014-7, groupId=Consumer-topic-3b6317cb_d603_43ec_bd47_1b7f0e49a014] Revoke previously assigned partitions topic-3b6317cb_d603_43ec_bd47_1b7f0e49a014-0
2025-09-26 18:13:23,188 INFO  [org.apa.kaf.cli.con.int.ConsumerCoordinator] (ForkJoinPool.commonPool-worker-2) [Consumer clientId=consumer-Consumer-topic-3b6317cb_d603_43ec_bd47_1b7f0e49a014-7, groupId=Consumer-topic-3b6317cb_d603_43ec_bd47_1b7f0e49a014] Member consumer-Consumer-topic-3b6317cb_d603_43ec_bd47_1b7f0e49a014-7-0024909a-c68d-45e1-8959-edadc773a9ad sending LeaveGroup request to coordinator localhost:32769 (id: 2147483647 rack: null) due to the consumer is being closed
2025-09-26 18:13:23,188 INFO  [org.apa.kaf.cli.con.int.ConsumerCoordinator] (ForkJoinPool.commonPool-worker-2) [Consumer clientId=consumer-Consumer-topic-3b6317cb_d603_43ec_bd47_1b7f0e49a014-7, groupId=Consumer-topic-3b6317cb_d603_43ec_bd47_1b7f0e49a014] Resetting generation and member id due to: consumer pro-actively leaving the group
2025-09-26 18:13:23,188 INFO  [org.apa.kaf.cli.con.int.ConsumerCoordinator] (ForkJoinPool.commonPool-worker-2) [Consumer clientId=consumer-Consumer-topic-3b6317cb_d603_43ec_bd47_1b7f0e49a014-7, groupId=Consumer-topic-3b6317cb_d603_43ec_bd47_1b7f0e49a014] Request joining group due to: consumer pro-actively leaving the group
2025-09-26 18:13:23,683 INFO  [org.apa.kaf.com.met.Metrics] (ForkJoinPool.commonPool-worker-2) Metrics scheduler closed
2025-09-26 18:13:23,683 INFO  [org.apa.kaf.com.met.Metrics] (ForkJoinPool.commonPool-worker-2) Closing reporter org.apache.kafka.common.metrics.JmxReporter
2025-09-26 18:13:23,683 INFO  [org.apa.kaf.com.met.Metrics] (ForkJoinPool.commonPool-worker-2) Closing reporter org.apache.kafka.common.telemetry.internals.ClientTelemetryReporter
2025-09-26 18:13:23,683 INFO  [org.apa.kaf.com.met.Metrics] (ForkJoinPool.commonPool-worker-2) Metrics reporters closed
2025-09-26 18:13:23,684 INFO  [org.apa.kaf.com.uti.AppInfoParser] (ForkJoinPool.commonPool-worker-2) App info kafka.consumer for consumer-Consumer-topic-3b6317cb_d603_43ec_bd47_1b7f0e49a014-7 unregistered
2025-09-26 18:13:23,685 INFO  [io.api.tes.uti.TestSeparator] (main) io.apicurio.tests.serdes.apicurio.AvroSerdeIT.testTopicIdStrategyFindLatest-FINISHED
2025-09-26 18:13:23,685 INFO  [io.api.tes.uti.TestSeparator] (main) ############################################################################
Test passed: testTopicIdStrategyFindLatest
]]></system-out>
  </testcase>
  <testcase name="testAvroUnionWithSpecificReader" classname="io.apicurio.tests.serdes.apicurio.AvroSerdeIT" time="3.88">
    <system-out><![CDATA[2025-09-26 18:13:23,686 INFO  [io.api.tes.uti.TestSeparator] (main) ############################################################################
2025-09-26 18:13:23,686 INFO  [io.api.tes.uti.TestSeparator] (main) io.apicurio.tests.serdes.apicurio.AvroSerdeIT.testAvroUnionWithSpecificReader-STARTED
**** Registry Base URL: http://registry-app-mysql.apps.ci419.apicurio-testing.org:80
2025-09-26 18:13:23,689 INFO  [org.apa.kaf.cli.pro.ProducerConfig] (main) ProducerConfig values: 
	acks = -1
	auto.include.jmx.reporter = true
	batch.size = 16384
	bootstrap.servers = [PLAINTEXT://localhost:32769]
	buffer.memory = 33554432
	client.dns.lookup = use_all_dns_ips
	client.id = Producer-topic-ca74534d_66e3_4ceb_b7a8_8378277c00e0
	compression.gzip.level = -1
	compression.lz4.level = 9
	compression.type = none
	compression.zstd.level = 3
	connections.max.idle.ms = 10000
	delivery.timeout.ms = 120000
	enable.idempotence = true
	enable.metrics.push = true
	interceptor.classes = []
	key.serializer = class org.apache.kafka.common.serialization.StringSerializer
	linger.ms = 0
	max.block.ms = 60000
	max.in.flight.requests.per.connection = 5
	max.request.size = 1048576
	metadata.max.age.ms = 300000
	metadata.max.idle.ms = 300000
	metadata.recovery.strategy = none
	metric.reporters = []
	metrics.num.samples = 2
	metrics.recording.level = INFO
	metrics.sample.window.ms = 30000
	partitioner.adaptive.partitioning.enable = true
	partitioner.availability.timeout.ms = 0
	partitioner.class = null
	partitioner.ignore.keys = false
	receive.buffer.bytes = 32768
	reconnect.backoff.max.ms = 1000
	reconnect.backoff.ms = 50
	request.timeout.ms = 5000
	retries = 2147483647
	retry.backoff.max.ms = 1000
	retry.backoff.ms = 100
	sasl.client.callback.handler.class = null
	sasl.jaas.config = null
	sasl.kerberos.kinit.cmd = /usr/bin/kinit
	sasl.kerberos.min.time.before.relogin = 60000
	sasl.kerberos.service.name = null
	sasl.kerberos.ticket.renew.jitter = 0.05
	sasl.kerberos.ticket.renew.window.factor = 0.8
	sasl.login.callback.handler.class = null
	sasl.login.class = null
	sasl.login.connect.timeout.ms = null
	sasl.login.read.timeout.ms = null
	sasl.login.refresh.buffer.seconds = 300
	sasl.login.refresh.min.period.seconds = 60
	sasl.login.refresh.window.factor = 0.8
	sasl.login.refresh.window.jitter = 0.05
	sasl.login.retry.backoff.max.ms = 10000
	sasl.login.retry.backoff.ms = 100
	sasl.mechanism = GSSAPI
	sasl.oauthbearer.clock.skew.seconds = 30
	sasl.oauthbearer.expected.audience = null
	sasl.oauthbearer.expected.issuer = null
	sasl.oauthbearer.header.urlencode = false
	sasl.oauthbearer.jwks.endpoint.refresh.ms = 3600000
	sasl.oauthbearer.jwks.endpoint.retry.backoff.max.ms = 10000
	sasl.oauthbearer.jwks.endpoint.retry.backoff.ms = 100
	sasl.oauthbearer.jwks.endpoint.url = null
	sasl.oauthbearer.scope.claim.name = scope
	sasl.oauthbearer.sub.claim.name = sub
	sasl.oauthbearer.token.endpoint.url = null
	security.protocol = PLAINTEXT
	security.providers = null
	send.buffer.bytes = 131072
	socket.connection.setup.timeout.max.ms = 30000
	socket.connection.setup.timeout.ms = 10000
	ssl.cipher.suites = null
	ssl.enabled.protocols = [TLSv1.2, TLSv1.3]
	ssl.endpoint.identification.algorithm = https
	ssl.engine.factory.class = null
	ssl.key.password = null
	ssl.keymanager.algorithm = SunX509
	ssl.keystore.certificate.chain = null
	ssl.keystore.key = null
	ssl.keystore.location = null
	ssl.keystore.password = null
	ssl.keystore.type = JKS
	ssl.protocol = TLSv1.3
	ssl.provider = null
	ssl.secure.random.implementation = null
	ssl.trustmanager.algorithm = PKIX
	ssl.truststore.certificates = null
	ssl.truststore.location = null
	ssl.truststore.password = null
	ssl.truststore.type = JKS
	transaction.timeout.ms = 60000
	transactional.id = null
	value.serializer = class io.apicurio.registry.serde.avro.AvroKafkaSerializer

2025-09-26 18:13:23,690 INFO  [org.apa.kaf.com.tel.int.KafkaMetricsCollector] (main) initializing Kafka metrics collector
2025-09-26 18:13:23,692 INFO  [org.apa.kaf.cli.pro.KafkaProducer] (main) [Producer clientId=Producer-topic-ca74534d_66e3_4ceb_b7a8_8378277c00e0] Instantiated an idempotent producer.
2025-09-26 18:13:23,693 INFO  [org.apa.kaf.cli.pro.ProducerConfig] (main) These configurations '[apicurio.registry.url, apicurio.registry.auto-register, apicurio.registry.artifact-resolver-strategy]' were supplied but are not used yet.
2025-09-26 18:13:23,693 INFO  [org.apa.kaf.com.uti.AppInfoParser] (main) Kafka version: 3.9.1
2025-09-26 18:13:23,693 INFO  [org.apa.kaf.com.uti.AppInfoParser] (main) Kafka commitId: f745dfdcee2b9851
2025-09-26 18:13:23,694 INFO  [org.apa.kaf.com.uti.AppInfoParser] (main) Kafka startTimeMs: 1758910403693
2025-09-26 18:13:23,694 INFO  [io.api.tes.ser.api.SimpleSerdesTesterBuilder$SimpleSerdesTester] (main) Using producer configuration: {apicurio.registry.url=http://registry-app-mysql.apps.ci419.apicurio-testing.org:80/apis/registry/v3, apicurio.registry.auto-register=true, apicurio.registry.artifact-resolver-strategy=io.apicurio.registry.serde.strategy.TopicIdStrategy, value.serializer=io.apicurio.registry.serde.avro.AvroKafkaSerializer, request.timeout.ms=5000, acks=all, bootstrap.servers=PLAINTEXT://localhost:32769, connections.max.idle.ms=10000, key.serializer=org.apache.kafka.common.serialization.StringSerializer, client.id=Producer-topic-ca74534d_66e3_4ceb_b7a8_8378277c00e0}
2025-09-26 18:13:23,694 INFO  [io.api.tes.ser.api.SimpleSerdesTesterBuilder$SimpleSerdesTester] (main) Using consumer configuration: {}
2025-09-26 18:13:23,694 INFO  [io.api.tes.ser.api.KafkaSerdesTester] (ForkJoinPool.commonPool-worker-2) Sending message {"id": "record-0"} to topic topic-ca74534d_66e3_4ceb_b7a8_8378277c00e0
2025-09-26 18:13:23,696 WARN  [org.apa.kaf.cli.NetworkClient] (kafka-producer-network-thread | Producer-topic-ca74534d_66e3_4ceb_b7a8_8378277c00e0) [Producer clientId=Producer-topic-ca74534d_66e3_4ceb_b7a8_8378277c00e0] The metadata response from the cluster reported a recoverable issue with correlation id 1 : {topic-ca74534d_66e3_4ceb_b7a8_8378277c00e0=UNKNOWN_TOPIC_OR_PARTITION}
2025-09-26 18:13:23,697 INFO  [org.apa.kaf.cli.Metadata] (kafka-producer-network-thread | Producer-topic-ca74534d_66e3_4ceb_b7a8_8378277c00e0) [Producer clientId=Producer-topic-ca74534d_66e3_4ceb_b7a8_8378277c00e0] Cluster ID: y_JNGwQJRlem7c5NGbSJCg
2025-09-26 18:13:23,697 INFO  [org.apa.kaf.cli.pro.int.TransactionManager] (kafka-producer-network-thread | Producer-topic-ca74534d_66e3_4ceb_b7a8_8378277c00e0) [Producer clientId=Producer-topic-ca74534d_66e3_4ceb_b7a8_8378277c00e0] ProducerId set to 10 with epoch 0
2025-09-26 18:13:23,853 INFO  [io.api.tes.ser.api.KafkaSerdesTester] (ForkJoinPool.commonPool-worker-2) Sending message {"value": 1} to topic topic-ca74534d_66e3_4ceb_b7a8_8378277c00e0
2025-09-26 18:13:23,907 INFO  [io.api.tes.ser.api.KafkaSerdesTester] (ForkJoinPool.commonPool-worker-2) Sending message {"active": true} to topic topic-ca74534d_66e3_4ceb_b7a8_8378277c00e0
2025-09-26 18:13:23,956 INFO  [io.api.tes.ser.api.KafkaSerdesTester] (ForkJoinPool.commonPool-worker-2) Sending message {"id": "record-3"} to topic topic-ca74534d_66e3_4ceb_b7a8_8378277c00e0
2025-09-26 18:13:23,958 INFO  [io.api.tes.ser.api.KafkaSerdesTester] (ForkJoinPool.commonPool-worker-2) Sending message {"value": 4} to topic topic-ca74534d_66e3_4ceb_b7a8_8378277c00e0
2025-09-26 18:13:23,959 INFO  [io.api.tes.ser.api.KafkaSerdesTester] (ForkJoinPool.commonPool-worker-2) Sending message {"active": false} to topic topic-ca74534d_66e3_4ceb_b7a8_8378277c00e0
2025-09-26 18:13:23,960 INFO  [io.api.tes.ser.api.KafkaSerdesTester] (ForkJoinPool.commonPool-worker-2) Sending message {"id": "record-6"} to topic topic-ca74534d_66e3_4ceb_b7a8_8378277c00e0
2025-09-26 18:13:23,962 INFO  [io.api.tes.ser.api.KafkaSerdesTester] (ForkJoinPool.commonPool-worker-2) Sending message {"value": 7} to topic topic-ca74534d_66e3_4ceb_b7a8_8378277c00e0
2025-09-26 18:13:23,964 INFO  [io.api.tes.ser.api.KafkaSerdesTester] (ForkJoinPool.commonPool-worker-2) Sending message {"active": true} to topic topic-ca74534d_66e3_4ceb_b7a8_8378277c00e0
2025-09-26 18:13:23,965 INFO  [io.api.tes.ser.api.KafkaSerdesTester] (ForkJoinPool.commonPool-worker-2) Sending message {"id": "record-9"} to topic topic-ca74534d_66e3_4ceb_b7a8_8378277c00e0
2025-09-26 18:13:23,966 INFO  [io.api.tes.ser.api.KafkaSerdesTester] (ForkJoinPool.commonPool-worker-2) Produced 10 messages
2025-09-26 18:13:23,966 INFO  [org.apa.kaf.cli.pro.KafkaProducer] (ForkJoinPool.commonPool-worker-2) [Producer clientId=Producer-topic-ca74534d_66e3_4ceb_b7a8_8378277c00e0] Closing the Kafka producer with timeoutMillis = 9223372036854775807 ms.
2025-09-26 18:13:23,968 INFO  [org.apa.kaf.com.met.Metrics] (ForkJoinPool.commonPool-worker-2) Metrics scheduler closed
2025-09-26 18:13:23,968 INFO  [org.apa.kaf.com.met.Metrics] (ForkJoinPool.commonPool-worker-2) Closing reporter org.apache.kafka.common.metrics.JmxReporter
2025-09-26 18:13:23,968 INFO  [org.apa.kaf.com.met.Metrics] (ForkJoinPool.commonPool-worker-2) Closing reporter org.apache.kafka.common.telemetry.internals.ClientTelemetryReporter
2025-09-26 18:13:23,968 INFO  [org.apa.kaf.com.met.Metrics] (ForkJoinPool.commonPool-worker-2) Metrics reporters closed
2025-09-26 18:13:23,968 INFO  [org.apa.kaf.com.uti.AppInfoParser] (ForkJoinPool.commonPool-worker-2) App info kafka.producer for Producer-topic-ca74534d_66e3_4ceb_b7a8_8378277c00e0 unregistered
2025-09-26 18:13:23,980 INFO  [io.api.tes.ser.api.AvroSerdeIT] (main) Artifact topic-ca74534d_66e3_4ceb_b7a8_8378277c00e0-value found in registry with globalId 25
**** Registry Base URL: http://registry-app-mysql.apps.ci419.apicurio-testing.org:80
2025-09-26 18:13:23,981 INFO  [org.apa.kaf.cli.con.ConsumerConfig] (main) ConsumerConfig values: 
	allow.auto.create.topics = true
	auto.commit.interval.ms = 500
	auto.include.jmx.reporter = true
	auto.offset.reset = earliest
	bootstrap.servers = [PLAINTEXT://localhost:32769]
	check.crcs = true
	client.dns.lookup = use_all_dns_ips
	client.id = consumer-Consumer-topic-ca74534d_66e3_4ceb_b7a8_8378277c00e0-8
	client.rack = 
	connections.max.idle.ms = 10000
	default.api.timeout.ms = 60000
	enable.auto.commit = true
	enable.metrics.push = true
	exclude.internal.topics = true
	fetch.max.bytes = 52428800
	fetch.max.wait.ms = 500
	fetch.min.bytes = 1
	group.id = Consumer-topic-ca74534d_66e3_4ceb_b7a8_8378277c00e0
	group.instance.id = null
	group.protocol = classic
	group.remote.assignor = null
	heartbeat.interval.ms = 3000
	interceptor.classes = []
	internal.leave.group.on.close = true
	internal.throw.on.fetch.stable.offset.unsupported = false
	isolation.level = read_uncommitted
	key.deserializer = class org.apache.kafka.common.serialization.StringDeserializer
	max.partition.fetch.bytes = 1048576
	max.poll.interval.ms = 300000
	max.poll.records = 500
	metadata.max.age.ms = 300000
	metadata.recovery.strategy = none
	metric.reporters = []
	metrics.num.samples = 2
	metrics.recording.level = INFO
	metrics.sample.window.ms = 30000
	partition.assignment.strategy = [class org.apache.kafka.clients.consumer.RangeAssignor, class org.apache.kafka.clients.consumer.CooperativeStickyAssignor]
	receive.buffer.bytes = 65536
	reconnect.backoff.max.ms = 1000
	reconnect.backoff.ms = 50
	request.timeout.ms = 5000
	retry.backoff.max.ms = 1000
	retry.backoff.ms = 100
	sasl.client.callback.handler.class = null
	sasl.jaas.config = null
	sasl.kerberos.kinit.cmd = /usr/bin/kinit
	sasl.kerberos.min.time.before.relogin = 60000
	sasl.kerberos.service.name = null
	sasl.kerberos.ticket.renew.jitter = 0.05
	sasl.kerberos.ticket.renew.window.factor = 0.8
	sasl.login.callback.handler.class = null
	sasl.login.class = null
	sasl.login.connect.timeout.ms = null
	sasl.login.read.timeout.ms = null
	sasl.login.refresh.buffer.seconds = 300
	sasl.login.refresh.min.period.seconds = 60
	sasl.login.refresh.window.factor = 0.8
	sasl.login.refresh.window.jitter = 0.05
	sasl.login.retry.backoff.max.ms = 10000
	sasl.login.retry.backoff.ms = 100
	sasl.mechanism = GSSAPI
	sasl.oauthbearer.clock.skew.seconds = 30
	sasl.oauthbearer.expected.audience = null
	sasl.oauthbearer.expected.issuer = null
	sasl.oauthbearer.header.urlencode = false
	sasl.oauthbearer.jwks.endpoint.refresh.ms = 3600000
	sasl.oauthbearer.jwks.endpoint.retry.backoff.max.ms = 10000
	sasl.oauthbearer.jwks.endpoint.retry.backoff.ms = 100
	sasl.oauthbearer.jwks.endpoint.url = null
	sasl.oauthbearer.scope.claim.name = scope
	sasl.oauthbearer.sub.claim.name = sub
	sasl.oauthbearer.token.endpoint.url = null
	security.protocol = PLAINTEXT
	security.providers = null
	send.buffer.bytes = 131072
	session.timeout.ms = 45000
	socket.connection.setup.timeout.max.ms = 30000
	socket.connection.setup.timeout.ms = 10000
	ssl.cipher.suites = null
	ssl.enabled.protocols = [TLSv1.2, TLSv1.3]
	ssl.endpoint.identification.algorithm = https
	ssl.engine.factory.class = null
	ssl.key.password = null
	ssl.keymanager.algorithm = SunX509
	ssl.keystore.certificate.chain = null
	ssl.keystore.key = null
	ssl.keystore.location = null
	ssl.keystore.password = null
	ssl.keystore.type = JKS
	ssl.protocol = TLSv1.3
	ssl.provider = null
	ssl.secure.random.implementation = null
	ssl.trustmanager.algorithm = PKIX
	ssl.truststore.certificates = null
	ssl.truststore.location = null
	ssl.truststore.password = null
	ssl.truststore.type = JKS
	value.deserializer = class io.apicurio.registry.serde.avro.AvroKafkaDeserializer

2025-09-26 18:13:23,981 INFO  [org.apa.kaf.com.tel.int.KafkaMetricsCollector] (main) initializing Kafka metrics collector
2025-09-26 18:13:23,985 INFO  [org.apa.kaf.cli.con.ConsumerConfig] (main) These configurations '[apicurio.registry.url]' were supplied but are not used yet.
2025-09-26 18:13:23,985 INFO  [org.apa.kaf.com.uti.AppInfoParser] (main) Kafka version: 3.9.1
2025-09-26 18:13:23,985 INFO  [org.apa.kaf.com.uti.AppInfoParser] (main) Kafka commitId: f745dfdcee2b9851
2025-09-26 18:13:23,985 INFO  [org.apa.kaf.com.uti.AppInfoParser] (main) Kafka startTimeMs: 1758910403985
2025-09-26 18:13:23,985 INFO  [org.apa.kaf.cli.con.int.ClassicKafkaConsumer] (ForkJoinPool.commonPool-worker-2) [Consumer clientId=consumer-Consumer-topic-ca74534d_66e3_4ceb_b7a8_8378277c00e0-8, groupId=Consumer-topic-ca74534d_66e3_4ceb_b7a8_8378277c00e0] Subscribed to topic(s): topic-ca74534d_66e3_4ceb_b7a8_8378277c00e0
2025-09-26 18:13:23,988 INFO  [org.apa.kaf.cli.Metadata] (ForkJoinPool.commonPool-worker-2) [Consumer clientId=consumer-Consumer-topic-ca74534d_66e3_4ceb_b7a8_8378277c00e0-8, groupId=Consumer-topic-ca74534d_66e3_4ceb_b7a8_8378277c00e0] Cluster ID: y_JNGwQJRlem7c5NGbSJCg
2025-09-26 18:13:23,989 INFO  [org.apa.kaf.cli.con.int.ConsumerCoordinator] (ForkJoinPool.commonPool-worker-2) [Consumer clientId=consumer-Consumer-topic-ca74534d_66e3_4ceb_b7a8_8378277c00e0-8, groupId=Consumer-topic-ca74534d_66e3_4ceb_b7a8_8378277c00e0] Discovered group coordinator localhost:32769 (id: 2147483647 rack: null)
2025-09-26 18:13:23,990 INFO  [org.apa.kaf.cli.con.int.ConsumerCoordinator] (ForkJoinPool.commonPool-worker-2) [Consumer clientId=consumer-Consumer-topic-ca74534d_66e3_4ceb_b7a8_8378277c00e0-8, groupId=Consumer-topic-ca74534d_66e3_4ceb_b7a8_8378277c00e0] (Re-)joining group
2025-09-26 18:13:23,992 INFO  [org.apa.kaf.cli.con.int.ConsumerCoordinator] (ForkJoinPool.commonPool-worker-2) [Consumer clientId=consumer-Consumer-topic-ca74534d_66e3_4ceb_b7a8_8378277c00e0-8, groupId=Consumer-topic-ca74534d_66e3_4ceb_b7a8_8378277c00e0] Request joining group due to: need to re-join with the given member-id: consumer-Consumer-topic-ca74534d_66e3_4ceb_b7a8_8378277c00e0-8-0ce6d6bd-9796-4115-ba27-fde2b7de4ff9
2025-09-26 18:13:23,992 INFO  [org.apa.kaf.cli.con.int.ConsumerCoordinator] (ForkJoinPool.commonPool-worker-2) [Consumer clientId=consumer-Consumer-topic-ca74534d_66e3_4ceb_b7a8_8378277c00e0-8, groupId=Consumer-topic-ca74534d_66e3_4ceb_b7a8_8378277c00e0] (Re-)joining group
2025-09-26 18:13:24,986 INFO  [io.api.tes.ser.api.KafkaSerdesTester] (ForkJoinPool.commonPool-worker-2) None found
2025-09-26 18:13:25,987 INFO  [io.api.tes.ser.api.KafkaSerdesTester] (ForkJoinPool.commonPool-worker-2) None found
2025-09-26 18:13:26,987 INFO  [io.api.tes.ser.api.KafkaSerdesTester] (ForkJoinPool.commonPool-worker-2) None found
2025-09-26 18:13:26,993 INFO  [org.apa.kaf.cli.con.int.ConsumerCoordinator] (ForkJoinPool.commonPool-worker-2) [Consumer clientId=consumer-Consumer-topic-ca74534d_66e3_4ceb_b7a8_8378277c00e0-8, groupId=Consumer-topic-ca74534d_66e3_4ceb_b7a8_8378277c00e0] Successfully joined group with generation Generation{generationId=1, memberId='consumer-Consumer-topic-ca74534d_66e3_4ceb_b7a8_8378277c00e0-8-0ce6d6bd-9796-4115-ba27-fde2b7de4ff9', protocol='range'}
2025-09-26 18:13:26,993 INFO  [org.apa.kaf.cli.con.int.ConsumerCoordinator] (ForkJoinPool.commonPool-worker-2) [Consumer clientId=consumer-Consumer-topic-ca74534d_66e3_4ceb_b7a8_8378277c00e0-8, groupId=Consumer-topic-ca74534d_66e3_4ceb_b7a8_8378277c00e0] Finished assignment for group at generation 1: {consumer-Consumer-topic-ca74534d_66e3_4ceb_b7a8_8378277c00e0-8-0ce6d6bd-9796-4115-ba27-fde2b7de4ff9=Assignment(partitions=[topic-ca74534d_66e3_4ceb_b7a8_8378277c00e0-0])}
2025-09-26 18:13:27,000 INFO  [org.apa.kaf.cli.con.int.ConsumerCoordinator] (ForkJoinPool.commonPool-worker-2) [Consumer clientId=consumer-Consumer-topic-ca74534d_66e3_4ceb_b7a8_8378277c00e0-8, groupId=Consumer-topic-ca74534d_66e3_4ceb_b7a8_8378277c00e0] Successfully synced group in generation Generation{generationId=1, memberId='consumer-Consumer-topic-ca74534d_66e3_4ceb_b7a8_8378277c00e0-8-0ce6d6bd-9796-4115-ba27-fde2b7de4ff9', protocol='range'}
2025-09-26 18:13:27,000 INFO  [org.apa.kaf.cli.con.int.ConsumerCoordinator] (ForkJoinPool.commonPool-worker-2) [Consumer clientId=consumer-Consumer-topic-ca74534d_66e3_4ceb_b7a8_8378277c00e0-8, groupId=Consumer-topic-ca74534d_66e3_4ceb_b7a8_8378277c00e0] Notifying assignor about the new Assignment(partitions=[topic-ca74534d_66e3_4ceb_b7a8_8378277c00e0-0])
2025-09-26 18:13:27,000 INFO  [org.apa.kaf.cli.con.int.ConsumerRebalanceListenerInvoker] (ForkJoinPool.commonPool-worker-2) [Consumer clientId=consumer-Consumer-topic-ca74534d_66e3_4ceb_b7a8_8378277c00e0-8, groupId=Consumer-topic-ca74534d_66e3_4ceb_b7a8_8378277c00e0] Adding newly assigned partitions: topic-ca74534d_66e3_4ceb_b7a8_8378277c00e0-0
2025-09-26 18:13:27,001 INFO  [org.apa.kaf.cli.con.int.ConsumerCoordinator] (ForkJoinPool.commonPool-worker-2) [Consumer clientId=consumer-Consumer-topic-ca74534d_66e3_4ceb_b7a8_8378277c00e0-8, groupId=Consumer-topic-ca74534d_66e3_4ceb_b7a8_8378277c00e0] Found no committed offset for partition topic-ca74534d_66e3_4ceb_b7a8_8378277c00e0-0
2025-09-26 18:13:27,004 INFO  [org.apa.kaf.cli.con.int.SubscriptionState] (ForkJoinPool.commonPool-worker-2) [Consumer clientId=consumer-Consumer-topic-ca74534d_66e3_4ceb_b7a8_8378277c00e0-8, groupId=Consumer-topic-ca74534d_66e3_4ceb_b7a8_8378277c00e0] Resetting offset for partition topic-ca74534d_66e3_4ceb_b7a8_8378277c00e0-0 to position FetchPosition{offset=0, offsetEpoch=Optional.empty, currentLeader=LeaderAndEpoch{leader=Optional[localhost:32769 (id: 0 rack: null)], epoch=0}}.
2025-09-26 18:13:27,061 INFO  [io.api.tes.ser.api.KafkaSerdesTester] (ForkJoinPool.commonPool-worker-2) topic-ca74534d_66e3_4ceb_b7a8_8378277c00e0 0 0 {"id": "record-0"}
2025-09-26 18:13:27,061 INFO  [io.api.tes.ser.api.KafkaSerdesTester] (ForkJoinPool.commonPool-worker-2) topic-ca74534d_66e3_4ceb_b7a8_8378277c00e0 0 1 {"value": 1}
2025-09-26 18:13:27,061 INFO  [io.api.tes.ser.api.KafkaSerdesTester] (ForkJoinPool.commonPool-worker-2) topic-ca74534d_66e3_4ceb_b7a8_8378277c00e0 0 2 {"active": true}
2025-09-26 18:13:27,061 INFO  [io.api.tes.ser.api.KafkaSerdesTester] (ForkJoinPool.commonPool-worker-2) topic-ca74534d_66e3_4ceb_b7a8_8378277c00e0 0 3 {"id": "record-3"}
2025-09-26 18:13:27,061 INFO  [io.api.tes.ser.api.KafkaSerdesTester] (ForkJoinPool.commonPool-worker-2) topic-ca74534d_66e3_4ceb_b7a8_8378277c00e0 0 4 {"value": 4}
2025-09-26 18:13:27,061 INFO  [io.api.tes.ser.api.KafkaSerdesTester] (ForkJoinPool.commonPool-worker-2) topic-ca74534d_66e3_4ceb_b7a8_8378277c00e0 0 5 {"active": false}
2025-09-26 18:13:27,061 INFO  [io.api.tes.ser.api.KafkaSerdesTester] (ForkJoinPool.commonPool-worker-2) topic-ca74534d_66e3_4ceb_b7a8_8378277c00e0 0 6 {"id": "record-6"}
2025-09-26 18:13:27,061 INFO  [io.api.tes.ser.api.KafkaSerdesTester] (ForkJoinPool.commonPool-worker-2) topic-ca74534d_66e3_4ceb_b7a8_8378277c00e0 0 7 {"value": 7}
2025-09-26 18:13:27,061 INFO  [io.api.tes.ser.api.KafkaSerdesTester] (ForkJoinPool.commonPool-worker-2) topic-ca74534d_66e3_4ceb_b7a8_8378277c00e0 0 8 {"active": true}
2025-09-26 18:13:27,062 INFO  [io.api.tes.ser.api.KafkaSerdesTester] (ForkJoinPool.commonPool-worker-2) topic-ca74534d_66e3_4ceb_b7a8_8378277c00e0 0 9 {"id": "record-9"}
2025-09-26 18:13:27,062 INFO  [io.api.tes.ser.api.KafkaSerdesTester] (ForkJoinPool.commonPool-worker-2) Consumed 10 messages
2025-09-26 18:13:27,069 INFO  [org.apa.kaf.cli.con.int.ConsumerRebalanceListenerInvoker] (ForkJoinPool.commonPool-worker-2) [Consumer clientId=consumer-Consumer-topic-ca74534d_66e3_4ceb_b7a8_8378277c00e0-8, groupId=Consumer-topic-ca74534d_66e3_4ceb_b7a8_8378277c00e0] Revoke previously assigned partitions topic-ca74534d_66e3_4ceb_b7a8_8378277c00e0-0
2025-09-26 18:13:27,069 INFO  [org.apa.kaf.cli.con.int.ConsumerCoordinator] (ForkJoinPool.commonPool-worker-2) [Consumer clientId=consumer-Consumer-topic-ca74534d_66e3_4ceb_b7a8_8378277c00e0-8, groupId=Consumer-topic-ca74534d_66e3_4ceb_b7a8_8378277c00e0] Member consumer-Consumer-topic-ca74534d_66e3_4ceb_b7a8_8378277c00e0-8-0ce6d6bd-9796-4115-ba27-fde2b7de4ff9 sending LeaveGroup request to coordinator localhost:32769 (id: 2147483647 rack: null) due to the consumer is being closed
2025-09-26 18:13:27,069 INFO  [org.apa.kaf.cli.con.int.ConsumerCoordinator] (ForkJoinPool.commonPool-worker-2) [Consumer clientId=consumer-Consumer-topic-ca74534d_66e3_4ceb_b7a8_8378277c00e0-8, groupId=Consumer-topic-ca74534d_66e3_4ceb_b7a8_8378277c00e0] Resetting generation and member id due to: consumer pro-actively leaving the group
2025-09-26 18:13:27,069 INFO  [org.apa.kaf.cli.con.int.ConsumerCoordinator] (ForkJoinPool.commonPool-worker-2) [Consumer clientId=consumer-Consumer-topic-ca74534d_66e3_4ceb_b7a8_8378277c00e0-8, groupId=Consumer-topic-ca74534d_66e3_4ceb_b7a8_8378277c00e0] Request joining group due to: consumer pro-actively leaving the group
2025-09-26 18:13:27,564 INFO  [org.apa.kaf.com.met.Metrics] (ForkJoinPool.commonPool-worker-2) Metrics scheduler closed
2025-09-26 18:13:27,564 INFO  [org.apa.kaf.com.met.Metrics] (ForkJoinPool.commonPool-worker-2) Closing reporter org.apache.kafka.common.metrics.JmxReporter
2025-09-26 18:13:27,564 INFO  [org.apa.kaf.com.met.Metrics] (ForkJoinPool.commonPool-worker-2) Closing reporter org.apache.kafka.common.telemetry.internals.ClientTelemetryReporter
2025-09-26 18:13:27,564 INFO  [org.apa.kaf.com.met.Metrics] (ForkJoinPool.commonPool-worker-2) Metrics reporters closed
2025-09-26 18:13:27,566 INFO  [org.apa.kaf.com.uti.AppInfoParser] (ForkJoinPool.commonPool-worker-2) App info kafka.consumer for consumer-Consumer-topic-ca74534d_66e3_4ceb_b7a8_8378277c00e0-8 unregistered
2025-09-26 18:13:27,566 INFO  [io.api.tes.uti.TestSeparator] (main) io.apicurio.tests.serdes.apicurio.AvroSerdeIT.testAvroUnionWithSpecificReader-FINISHED
2025-09-26 18:13:27,566 INFO  [io.api.tes.uti.TestSeparator] (main) ############################################################################
Test passed: testAvroUnionWithSpecificReader
]]></system-out>
  </testcase>
  <testcase name="testEvolveAvroApicurioReusingClient" classname="io.apicurio.tests.serdes.apicurio.AvroSerdeIT" time="6.906">
    <system-out><![CDATA[2025-09-26 18:13:27,568 INFO  [io.api.tes.uti.TestSeparator] (main) ############################################################################
2025-09-26 18:13:27,568 INFO  [io.api.tes.uti.TestSeparator] (main) io.apicurio.tests.serdes.apicurio.AvroSerdeIT.testEvolveAvroApicurioReusingClient-STARTED
2025-09-26 18:13:27,569 INFO  [io.api.tes.ser.api.AvroSerdeIT] (main) Registering Avro Schema: {"type":"record","name":"s2ffd314cxafd3x47ffxa4abxb8b788ee343d","namespace":"ns_8ba8a00c_22cd_4ae5_87b7_c6950e0104e2","fields":[{"name":"key11758910407568","type":"string"}]}
**** Registry Base URL: http://registry-app-mysql.apps.ci419.apicurio-testing.org:80
2025-09-26 18:13:28,615 INFO  [org.apa.kaf.cli.pro.ProducerConfig] (main) ProducerConfig values: 
	acks = -1
	auto.include.jmx.reporter = true
	batch.size = 16384
	bootstrap.servers = [PLAINTEXT://localhost:32769]
	buffer.memory = 33554432
	client.dns.lookup = use_all_dns_ips
	client.id = Producer-topic-89a19f6b_444c_45f2_936b_a284879f5bec
	compression.gzip.level = -1
	compression.lz4.level = 9
	compression.type = none
	compression.zstd.level = 3
	connections.max.idle.ms = 10000
	delivery.timeout.ms = 120000
	enable.idempotence = true
	enable.metrics.push = true
	interceptor.classes = []
	key.serializer = class org.apache.kafka.common.serialization.StringSerializer
	linger.ms = 0
	max.block.ms = 60000
	max.in.flight.requests.per.connection = 5
	max.request.size = 1048576
	metadata.max.age.ms = 300000
	metadata.max.idle.ms = 300000
	metadata.recovery.strategy = none
	metric.reporters = []
	metrics.num.samples = 2
	metrics.recording.level = INFO
	metrics.sample.window.ms = 30000
	partitioner.adaptive.partitioning.enable = true
	partitioner.availability.timeout.ms = 0
	partitioner.class = null
	partitioner.ignore.keys = false
	receive.buffer.bytes = 32768
	reconnect.backoff.max.ms = 1000
	reconnect.backoff.ms = 50
	request.timeout.ms = 5000
	retries = 2147483647
	retry.backoff.max.ms = 1000
	retry.backoff.ms = 100
	sasl.client.callback.handler.class = null
	sasl.jaas.config = null
	sasl.kerberos.kinit.cmd = /usr/bin/kinit
	sasl.kerberos.min.time.before.relogin = 60000
	sasl.kerberos.service.name = null
	sasl.kerberos.ticket.renew.jitter = 0.05
	sasl.kerberos.ticket.renew.window.factor = 0.8
	sasl.login.callback.handler.class = null
	sasl.login.class = null
	sasl.login.connect.timeout.ms = null
	sasl.login.read.timeout.ms = null
	sasl.login.refresh.buffer.seconds = 300
	sasl.login.refresh.min.period.seconds = 60
	sasl.login.refresh.window.factor = 0.8
	sasl.login.refresh.window.jitter = 0.05
	sasl.login.retry.backoff.max.ms = 10000
	sasl.login.retry.backoff.ms = 100
	sasl.mechanism = GSSAPI
	sasl.oauthbearer.clock.skew.seconds = 30
	sasl.oauthbearer.expected.audience = null
	sasl.oauthbearer.expected.issuer = null
	sasl.oauthbearer.header.urlencode = false
	sasl.oauthbearer.jwks.endpoint.refresh.ms = 3600000
	sasl.oauthbearer.jwks.endpoint.retry.backoff.max.ms = 10000
	sasl.oauthbearer.jwks.endpoint.retry.backoff.ms = 100
	sasl.oauthbearer.jwks.endpoint.url = null
	sasl.oauthbearer.scope.claim.name = scope
	sasl.oauthbearer.sub.claim.name = sub
	sasl.oauthbearer.token.endpoint.url = null
	security.protocol = PLAINTEXT
	security.providers = null
	send.buffer.bytes = 131072
	socket.connection.setup.timeout.max.ms = 30000
	socket.connection.setup.timeout.ms = 10000
	ssl.cipher.suites = null
	ssl.enabled.protocols = [TLSv1.2, TLSv1.3]
	ssl.endpoint.identification.algorithm = https
	ssl.engine.factory.class = null
	ssl.key.password = null
	ssl.keymanager.algorithm = SunX509
	ssl.keystore.certificate.chain = null
	ssl.keystore.key = null
	ssl.keystore.location = null
	ssl.keystore.password = null
	ssl.keystore.type = JKS
	ssl.protocol = TLSv1.3
	ssl.provider = null
	ssl.secure.random.implementation = null
	ssl.trustmanager.algorithm = PKIX
	ssl.truststore.certificates = null
	ssl.truststore.location = null
	ssl.truststore.password = null
	ssl.truststore.type = JKS
	transaction.timeout.ms = 60000
	transactional.id = null
	value.serializer = class io.apicurio.registry.serde.avro.AvroKafkaSerializer

2025-09-26 18:13:28,615 INFO  [org.apa.kaf.com.tel.int.KafkaMetricsCollector] (main) initializing Kafka metrics collector
2025-09-26 18:13:28,618 INFO  [org.apa.kaf.cli.pro.KafkaProducer] (main) [Producer clientId=Producer-topic-89a19f6b_444c_45f2_936b_a284879f5bec] Instantiated an idempotent producer.
2025-09-26 18:13:28,620 INFO  [org.apa.kaf.cli.pro.ProducerConfig] (main) These configurations '[apicurio.registry.url, apicurio.registry.artifact-resolver-strategy]' were supplied but are not used yet.
2025-09-26 18:13:28,620 INFO  [org.apa.kaf.com.uti.AppInfoParser] (main) Kafka version: 3.9.1
2025-09-26 18:13:28,621 INFO  [org.apa.kaf.com.uti.AppInfoParser] (main) Kafka commitId: f745dfdcee2b9851
2025-09-26 18:13:28,621 INFO  [org.apa.kaf.com.uti.AppInfoParser] (main) Kafka startTimeMs: 1758910408620
**** Registry Base URL: http://registry-app-mysql.apps.ci419.apicurio-testing.org:80
2025-09-26 18:13:28,621 INFO  [org.apa.kaf.cli.con.ConsumerConfig] (main) ConsumerConfig values: 
	allow.auto.create.topics = true
	auto.commit.interval.ms = 500
	auto.include.jmx.reporter = true
	auto.offset.reset = earliest
	bootstrap.servers = [PLAINTEXT://localhost:32769]
	check.crcs = true
	client.dns.lookup = use_all_dns_ips
	client.id = consumer-Consumer-topic-89a19f6b_444c_45f2_936b_a284879f5bec-9
	client.rack = 
	connections.max.idle.ms = 10000
	default.api.timeout.ms = 60000
	enable.auto.commit = true
	enable.metrics.push = true
	exclude.internal.topics = true
	fetch.max.bytes = 52428800
	fetch.max.wait.ms = 500
	fetch.min.bytes = 1
	group.id = Consumer-topic-89a19f6b_444c_45f2_936b_a284879f5bec
	group.instance.id = null
	group.protocol = classic
	group.remote.assignor = null
	heartbeat.interval.ms = 3000
	interceptor.classes = []
	internal.leave.group.on.close = true
	internal.throw.on.fetch.stable.offset.unsupported = false
	isolation.level = read_uncommitted
	key.deserializer = class org.apache.kafka.common.serialization.StringDeserializer
	max.partition.fetch.bytes = 1048576
	max.poll.interval.ms = 300000
	max.poll.records = 500
	metadata.max.age.ms = 300000
	metadata.recovery.strategy = none
	metric.reporters = []
	metrics.num.samples = 2
	metrics.recording.level = INFO
	metrics.sample.window.ms = 30000
	partition.assignment.strategy = [class org.apache.kafka.clients.consumer.RangeAssignor, class org.apache.kafka.clients.consumer.CooperativeStickyAssignor]
	receive.buffer.bytes = 65536
	reconnect.backoff.max.ms = 1000
	reconnect.backoff.ms = 50
	request.timeout.ms = 5000
	retry.backoff.max.ms = 1000
	retry.backoff.ms = 100
	sasl.client.callback.handler.class = null
	sasl.jaas.config = null
	sasl.kerberos.kinit.cmd = /usr/bin/kinit
	sasl.kerberos.min.time.before.relogin = 60000
	sasl.kerberos.service.name = null
	sasl.kerberos.ticket.renew.jitter = 0.05
	sasl.kerberos.ticket.renew.window.factor = 0.8
	sasl.login.callback.handler.class = null
	sasl.login.class = null
	sasl.login.connect.timeout.ms = null
	sasl.login.read.timeout.ms = null
	sasl.login.refresh.buffer.seconds = 300
	sasl.login.refresh.min.period.seconds = 60
	sasl.login.refresh.window.factor = 0.8
	sasl.login.refresh.window.jitter = 0.05
	sasl.login.retry.backoff.max.ms = 10000
	sasl.login.retry.backoff.ms = 100
	sasl.mechanism = GSSAPI
	sasl.oauthbearer.clock.skew.seconds = 30
	sasl.oauthbearer.expected.audience = null
	sasl.oauthbearer.expected.issuer = null
	sasl.oauthbearer.header.urlencode = false
	sasl.oauthbearer.jwks.endpoint.refresh.ms = 3600000
	sasl.oauthbearer.jwks.endpoint.retry.backoff.max.ms = 10000
	sasl.oauthbearer.jwks.endpoint.retry.backoff.ms = 100
	sasl.oauthbearer.jwks.endpoint.url = null
	sasl.oauthbearer.scope.claim.name = scope
	sasl.oauthbearer.sub.claim.name = sub
	sasl.oauthbearer.token.endpoint.url = null
	security.protocol = PLAINTEXT
	security.providers = null
	send.buffer.bytes = 131072
	session.timeout.ms = 45000
	socket.connection.setup.timeout.max.ms = 30000
	socket.connection.setup.timeout.ms = 10000
	ssl.cipher.suites = null
	ssl.enabled.protocols = [TLSv1.2, TLSv1.3]
	ssl.endpoint.identification.algorithm = https
	ssl.engine.factory.class = null
	ssl.key.password = null
	ssl.keymanager.algorithm = SunX509
	ssl.keystore.certificate.chain = null
	ssl.keystore.key = null
	ssl.keystore.location = null
	ssl.keystore.password = null
	ssl.keystore.type = JKS
	ssl.protocol = TLSv1.3
	ssl.provider = null
	ssl.secure.random.implementation = null
	ssl.trustmanager.algorithm = PKIX
	ssl.truststore.certificates = null
	ssl.truststore.location = null
	ssl.truststore.password = null
	ssl.truststore.type = JKS
	value.deserializer = class io.apicurio.registry.serde.avro.AvroKafkaDeserializer

2025-09-26 18:13:28,621 INFO  [org.apa.kaf.com.tel.int.KafkaMetricsCollector] (main) initializing Kafka metrics collector
2025-09-26 18:13:28,624 INFO  [org.apa.kaf.cli.Metadata] (kafka-producer-network-thread | Producer-topic-89a19f6b_444c_45f2_936b_a284879f5bec) [Producer clientId=Producer-topic-89a19f6b_444c_45f2_936b_a284879f5bec] Cluster ID: y_JNGwQJRlem7c5NGbSJCg
2025-09-26 18:13:28,625 INFO  [org.apa.kaf.cli.pro.int.TransactionManager] (kafka-producer-network-thread | Producer-topic-89a19f6b_444c_45f2_936b_a284879f5bec) [Producer clientId=Producer-topic-89a19f6b_444c_45f2_936b_a284879f5bec] ProducerId set to 11 with epoch 0
2025-09-26 18:13:28,627 INFO  [org.apa.kaf.cli.con.ConsumerConfig] (main) These configurations '[apicurio.registry.url]' were supplied but are not used yet.
2025-09-26 18:13:28,627 INFO  [org.apa.kaf.com.uti.AppInfoParser] (main) Kafka version: 3.9.1
2025-09-26 18:13:28,627 INFO  [org.apa.kaf.com.uti.AppInfoParser] (main) Kafka commitId: f745dfdcee2b9851
2025-09-26 18:13:28,627 INFO  [org.apa.kaf.com.uti.AppInfoParser] (main) Kafka startTimeMs: 1758910408627
2025-09-26 18:13:28,629 INFO  [io.api.tes.ser.api.KafkaSerdesTester] (ForkJoinPool.commonPool-worker-2) Sending message {"key11758910407568": "value-0"} to topic topic-89a19f6b_444c_45f2_936b_a284879f5bec
2025-09-26 18:13:28,633 INFO  [DefaultSchemaResolver] (ForkJoinPool.commonPool-worker-2) Retrieving schema content using string: {"type":"record","name":"s2ffd314cxafd3x47ffxa4abxb8b788ee343d","namespace":"ns_8ba8a00c_22cd_4ae5_87b7_c6950e0104e2","fields":[{"name":"key11758910407568","type":"string"}]}
2025-09-26 18:13:28,653 INFO  [io.api.tes.ser.api.KafkaSerdesTester] (ForkJoinPool.commonPool-worker-2) Sending message {"key11758910407568": "value-1"} to topic topic-89a19f6b_444c_45f2_936b_a284879f5bec
2025-09-26 18:13:28,654 INFO  [io.api.tes.ser.api.KafkaSerdesTester] (ForkJoinPool.commonPool-worker-2) Sending message {"key11758910407568": "value-2"} to topic topic-89a19f6b_444c_45f2_936b_a284879f5bec
2025-09-26 18:13:28,655 INFO  [io.api.tes.ser.api.KafkaSerdesTester] (ForkJoinPool.commonPool-worker-2) Sending message {"key11758910407568": "value-3"} to topic topic-89a19f6b_444c_45f2_936b_a284879f5bec
2025-09-26 18:13:28,657 INFO  [io.api.tes.ser.api.KafkaSerdesTester] (ForkJoinPool.commonPool-worker-2) Sending message {"key11758910407568": "value-4"} to topic topic-89a19f6b_444c_45f2_936b_a284879f5bec
2025-09-26 18:13:28,658 INFO  [io.api.tes.ser.api.KafkaSerdesTester] (ForkJoinPool.commonPool-worker-2) Sending message {"key11758910407568": "value-5"} to topic topic-89a19f6b_444c_45f2_936b_a284879f5bec
2025-09-26 18:13:28,659 INFO  [io.api.tes.ser.api.KafkaSerdesTester] (ForkJoinPool.commonPool-worker-2) Sending message {"key11758910407568": "value-6"} to topic topic-89a19f6b_444c_45f2_936b_a284879f5bec
2025-09-26 18:13:28,660 INFO  [io.api.tes.ser.api.KafkaSerdesTester] (ForkJoinPool.commonPool-worker-2) Sending message {"key11758910407568": "value-7"} to topic topic-89a19f6b_444c_45f2_936b_a284879f5bec
2025-09-26 18:13:28,661 INFO  [io.api.tes.ser.api.KafkaSerdesTester] (ForkJoinPool.commonPool-worker-2) Sending message {"key11758910407568": "value-8"} to topic topic-89a19f6b_444c_45f2_936b_a284879f5bec
2025-09-26 18:13:28,663 INFO  [io.api.tes.ser.api.KafkaSerdesTester] (ForkJoinPool.commonPool-worker-2) Sending message {"key11758910407568": "value-9"} to topic topic-89a19f6b_444c_45f2_936b_a284879f5bec
2025-09-26 18:13:28,664 INFO  [io.api.tes.ser.api.KafkaSerdesTester] (ForkJoinPool.commonPool-worker-2) Produced 10 messages
2025-09-26 18:13:28,665 INFO  [org.apa.kaf.cli.con.int.ClassicKafkaConsumer] (ForkJoinPool.commonPool-worker-2) [Consumer clientId=consumer-Consumer-topic-89a19f6b_444c_45f2_936b_a284879f5bec-9, groupId=Consumer-topic-89a19f6b_444c_45f2_936b_a284879f5bec] Subscribed to topic(s): topic-89a19f6b_444c_45f2_936b_a284879f5bec
2025-09-26 18:13:28,667 INFO  [org.apa.kaf.cli.Metadata] (ForkJoinPool.commonPool-worker-2) [Consumer clientId=consumer-Consumer-topic-89a19f6b_444c_45f2_936b_a284879f5bec-9, groupId=Consumer-topic-89a19f6b_444c_45f2_936b_a284879f5bec] Cluster ID: y_JNGwQJRlem7c5NGbSJCg
2025-09-26 18:13:28,668 INFO  [org.apa.kaf.cli.con.int.ConsumerCoordinator] (ForkJoinPool.commonPool-worker-2) [Consumer clientId=consumer-Consumer-topic-89a19f6b_444c_45f2_936b_a284879f5bec-9, groupId=Consumer-topic-89a19f6b_444c_45f2_936b_a284879f5bec] Discovered group coordinator localhost:32769 (id: 2147483647 rack: null)
2025-09-26 18:13:28,669 INFO  [org.apa.kaf.cli.con.int.ConsumerCoordinator] (ForkJoinPool.commonPool-worker-2) [Consumer clientId=consumer-Consumer-topic-89a19f6b_444c_45f2_936b_a284879f5bec-9, groupId=Consumer-topic-89a19f6b_444c_45f2_936b_a284879f5bec] (Re-)joining group
2025-09-26 18:13:28,670 INFO  [org.apa.kaf.cli.con.int.ConsumerCoordinator] (ForkJoinPool.commonPool-worker-2) [Consumer clientId=consumer-Consumer-topic-89a19f6b_444c_45f2_936b_a284879f5bec-9, groupId=Consumer-topic-89a19f6b_444c_45f2_936b_a284879f5bec] Request joining group due to: need to re-join with the given member-id: consumer-Consumer-topic-89a19f6b_444c_45f2_936b_a284879f5bec-9-643c7fc9-0cae-4808-a015-5ccf3b09f400
2025-09-26 18:13:28,670 INFO  [org.apa.kaf.cli.con.int.ConsumerCoordinator] (ForkJoinPool.commonPool-worker-2) [Consumer clientId=consumer-Consumer-topic-89a19f6b_444c_45f2_936b_a284879f5bec-9, groupId=Consumer-topic-89a19f6b_444c_45f2_936b_a284879f5bec] (Re-)joining group
2025-09-26 18:13:29,665 INFO  [io.api.tes.ser.api.KafkaSerdesTester] (ForkJoinPool.commonPool-worker-2) None found
2025-09-26 18:13:30,665 INFO  [io.api.tes.ser.api.KafkaSerdesTester] (ForkJoinPool.commonPool-worker-2) None found
2025-09-26 18:13:31,666 INFO  [io.api.tes.ser.api.KafkaSerdesTester] (ForkJoinPool.commonPool-worker-2) None found
2025-09-26 18:13:31,672 INFO  [org.apa.kaf.cli.con.int.ConsumerCoordinator] (ForkJoinPool.commonPool-worker-2) [Consumer clientId=consumer-Consumer-topic-89a19f6b_444c_45f2_936b_a284879f5bec-9, groupId=Consumer-topic-89a19f6b_444c_45f2_936b_a284879f5bec] Successfully joined group with generation Generation{generationId=1, memberId='consumer-Consumer-topic-89a19f6b_444c_45f2_936b_a284879f5bec-9-643c7fc9-0cae-4808-a015-5ccf3b09f400', protocol='range'}
2025-09-26 18:13:31,673 INFO  [org.apa.kaf.cli.con.int.ConsumerCoordinator] (ForkJoinPool.commonPool-worker-2) [Consumer clientId=consumer-Consumer-topic-89a19f6b_444c_45f2_936b_a284879f5bec-9, groupId=Consumer-topic-89a19f6b_444c_45f2_936b_a284879f5bec] Finished assignment for group at generation 1: {consumer-Consumer-topic-89a19f6b_444c_45f2_936b_a284879f5bec-9-643c7fc9-0cae-4808-a015-5ccf3b09f400=Assignment(partitions=[topic-89a19f6b_444c_45f2_936b_a284879f5bec-0])}
2025-09-26 18:13:31,678 INFO  [org.apa.kaf.cli.con.int.ConsumerCoordinator] (ForkJoinPool.commonPool-worker-2) [Consumer clientId=consumer-Consumer-topic-89a19f6b_444c_45f2_936b_a284879f5bec-9, groupId=Consumer-topic-89a19f6b_444c_45f2_936b_a284879f5bec] Successfully synced group in generation Generation{generationId=1, memberId='consumer-Consumer-topic-89a19f6b_444c_45f2_936b_a284879f5bec-9-643c7fc9-0cae-4808-a015-5ccf3b09f400', protocol='range'}
2025-09-26 18:13:31,679 INFO  [org.apa.kaf.cli.con.int.ConsumerCoordinator] (ForkJoinPool.commonPool-worker-2) [Consumer clientId=consumer-Consumer-topic-89a19f6b_444c_45f2_936b_a284879f5bec-9, groupId=Consumer-topic-89a19f6b_444c_45f2_936b_a284879f5bec] Notifying assignor about the new Assignment(partitions=[topic-89a19f6b_444c_45f2_936b_a284879f5bec-0])
2025-09-26 18:13:31,679 INFO  [org.apa.kaf.cli.con.int.ConsumerRebalanceListenerInvoker] (ForkJoinPool.commonPool-worker-2) [Consumer clientId=consumer-Consumer-topic-89a19f6b_444c_45f2_936b_a284879f5bec-9, groupId=Consumer-topic-89a19f6b_444c_45f2_936b_a284879f5bec] Adding newly assigned partitions: topic-89a19f6b_444c_45f2_936b_a284879f5bec-0
2025-09-26 18:13:31,679 INFO  [org.apa.kaf.cli.con.int.ConsumerCoordinator] (ForkJoinPool.commonPool-worker-2) [Consumer clientId=consumer-Consumer-topic-89a19f6b_444c_45f2_936b_a284879f5bec-9, groupId=Consumer-topic-89a19f6b_444c_45f2_936b_a284879f5bec] Found no committed offset for partition topic-89a19f6b_444c_45f2_936b_a284879f5bec-0
2025-09-26 18:13:31,682 INFO  [org.apa.kaf.cli.con.int.SubscriptionState] (ForkJoinPool.commonPool-worker-2) [Consumer clientId=consumer-Consumer-topic-89a19f6b_444c_45f2_936b_a284879f5bec-9, groupId=Consumer-topic-89a19f6b_444c_45f2_936b_a284879f5bec] Resetting offset for partition topic-89a19f6b_444c_45f2_936b_a284879f5bec-0 to position FetchPosition{offset=0, offsetEpoch=Optional.empty, currentLeader=LeaderAndEpoch{leader=Optional[localhost:32769 (id: 0 rack: null)], epoch=0}}.
2025-09-26 18:13:31,709 INFO  [io.api.tes.ser.api.KafkaSerdesTester] (ForkJoinPool.commonPool-worker-2) topic-89a19f6b_444c_45f2_936b_a284879f5bec 0 0 {"key11758910407568": "value-0"}
2025-09-26 18:13:31,709 INFO  [io.api.tes.ser.api.KafkaSerdesTester] (ForkJoinPool.commonPool-worker-2) topic-89a19f6b_444c_45f2_936b_a284879f5bec 0 1 {"key11758910407568": "value-1"}
2025-09-26 18:13:31,709 INFO  [io.api.tes.ser.api.KafkaSerdesTester] (ForkJoinPool.commonPool-worker-2) topic-89a19f6b_444c_45f2_936b_a284879f5bec 0 2 {"key11758910407568": "value-2"}
2025-09-26 18:13:31,709 INFO  [io.api.tes.ser.api.KafkaSerdesTester] (ForkJoinPool.commonPool-worker-2) topic-89a19f6b_444c_45f2_936b_a284879f5bec 0 3 {"key11758910407568": "value-3"}
2025-09-26 18:13:31,709 INFO  [io.api.tes.ser.api.KafkaSerdesTester] (ForkJoinPool.commonPool-worker-2) topic-89a19f6b_444c_45f2_936b_a284879f5bec 0 4 {"key11758910407568": "value-4"}
2025-09-26 18:13:31,709 INFO  [io.api.tes.ser.api.KafkaSerdesTester] (ForkJoinPool.commonPool-worker-2) topic-89a19f6b_444c_45f2_936b_a284879f5bec 0 5 {"key11758910407568": "value-5"}
2025-09-26 18:13:31,709 INFO  [io.api.tes.ser.api.KafkaSerdesTester] (ForkJoinPool.commonPool-worker-2) topic-89a19f6b_444c_45f2_936b_a284879f5bec 0 6 {"key11758910407568": "value-6"}
2025-09-26 18:13:31,709 INFO  [io.api.tes.ser.api.KafkaSerdesTester] (ForkJoinPool.commonPool-worker-2) topic-89a19f6b_444c_45f2_936b_a284879f5bec 0 7 {"key11758910407568": "value-7"}
2025-09-26 18:13:31,709 INFO  [io.api.tes.ser.api.KafkaSerdesTester] (ForkJoinPool.commonPool-worker-2) topic-89a19f6b_444c_45f2_936b_a284879f5bec 0 8 {"key11758910407568": "value-8"}
2025-09-26 18:13:31,709 INFO  [io.api.tes.ser.api.KafkaSerdesTester] (ForkJoinPool.commonPool-worker-2) topic-89a19f6b_444c_45f2_936b_a284879f5bec 0 9 {"key11758910407568": "value-9"}
2025-09-26 18:13:31,709 INFO  [io.api.tes.ser.api.KafkaSerdesTester] (ForkJoinPool.commonPool-worker-2) Consumed 10 messages
2025-09-26 18:13:31,710 INFO  [io.api.tes.ser.api.AvroSerdeIT] (main) Registering Avro Schema 2: {"type":"record","name":"s2ffd314cxafd3x47ffxa4abxb8b788ee343d","namespace":"ns_8ba8a00c_22cd_4ae5_87b7_c6950e0104e2","fields":[{"name":"key11758910407568","type":"string"},{"name":"key21758910411709","type":"string"}]}
2025-09-26 18:13:32,764 INFO  [io.api.tes.ser.api.KafkaSerdesTester] (ForkJoinPool.commonPool-worker-2) Sending message {"key11758910407568": "value-0", "key21758910411709": "value-0"} to topic topic-89a19f6b_444c_45f2_936b_a284879f5bec
2025-09-26 18:13:32,765 INFO  [DefaultSchemaResolver] (ForkJoinPool.commonPool-worker-2) Retrieving schema content using string: {"type":"record","name":"s2ffd314cxafd3x47ffxa4abxb8b788ee343d","namespace":"ns_8ba8a00c_22cd_4ae5_87b7_c6950e0104e2","fields":[{"name":"key11758910407568","type":"string"},{"name":"key21758910411709","type":"string"}]}
2025-09-26 18:13:32,781 INFO  [io.api.tes.ser.api.KafkaSerdesTester] (ForkJoinPool.commonPool-worker-2) Sending message {"key11758910407568": "value-1", "key21758910411709": "value-1"} to topic topic-89a19f6b_444c_45f2_936b_a284879f5bec
2025-09-26 18:13:32,783 INFO  [io.api.tes.ser.api.KafkaSerdesTester] (ForkJoinPool.commonPool-worker-2) Sending message {"key11758910407568": "value-2", "key21758910411709": "value-2"} to topic topic-89a19f6b_444c_45f2_936b_a284879f5bec
2025-09-26 18:13:32,784 INFO  [io.api.tes.ser.api.KafkaSerdesTester] (ForkJoinPool.commonPool-worker-2) Sending message {"key11758910407568": "value-3", "key21758910411709": "value-3"} to topic topic-89a19f6b_444c_45f2_936b_a284879f5bec
2025-09-26 18:13:32,786 INFO  [io.api.tes.ser.api.KafkaSerdesTester] (ForkJoinPool.commonPool-worker-2) Sending message {"key11758910407568": "value-4", "key21758910411709": "value-4"} to topic topic-89a19f6b_444c_45f2_936b_a284879f5bec
2025-09-26 18:13:32,787 INFO  [io.api.tes.ser.api.KafkaSerdesTester] (ForkJoinPool.commonPool-worker-2) Sending message {"key11758910407568": "value-5", "key21758910411709": "value-5"} to topic topic-89a19f6b_444c_45f2_936b_a284879f5bec
2025-09-26 18:13:32,789 INFO  [io.api.tes.ser.api.KafkaSerdesTester] (ForkJoinPool.commonPool-worker-2) Sending message {"key11758910407568": "value-6", "key21758910411709": "value-6"} to topic topic-89a19f6b_444c_45f2_936b_a284879f5bec
2025-09-26 18:13:32,790 INFO  [io.api.tes.ser.api.KafkaSerdesTester] (ForkJoinPool.commonPool-worker-2) Sending message {"key11758910407568": "value-7", "key21758910411709": "value-7"} to topic topic-89a19f6b_444c_45f2_936b_a284879f5bec
2025-09-26 18:13:32,792 INFO  [io.api.tes.ser.api.KafkaSerdesTester] (ForkJoinPool.commonPool-worker-2) Sending message {"key11758910407568": "value-8", "key21758910411709": "value-8"} to topic topic-89a19f6b_444c_45f2_936b_a284879f5bec
2025-09-26 18:13:32,793 INFO  [io.api.tes.ser.api.KafkaSerdesTester] (ForkJoinPool.commonPool-worker-2) Sending message {"key11758910407568": "value-9", "key21758910411709": "value-9"} to topic topic-89a19f6b_444c_45f2_936b_a284879f5bec
2025-09-26 18:13:32,794 INFO  [io.api.tes.ser.api.KafkaSerdesTester] (ForkJoinPool.commonPool-worker-2) Produced 10 messages
2025-09-26 18:13:32,794 INFO  [io.api.tes.ser.api.KafkaSerdesTester] (ForkJoinPool.commonPool-worker-2) Sending message {"key11758910407568": "value-0"} to topic topic-89a19f6b_444c_45f2_936b_a284879f5bec
2025-09-26 18:13:32,796 INFO  [io.api.tes.ser.api.KafkaSerdesTester] (ForkJoinPool.commonPool-worker-2) Sending message {"key11758910407568": "value-1"} to topic topic-89a19f6b_444c_45f2_936b_a284879f5bec
2025-09-26 18:13:32,797 INFO  [io.api.tes.ser.api.KafkaSerdesTester] (ForkJoinPool.commonPool-worker-2) Sending message {"key11758910407568": "value-2"} to topic topic-89a19f6b_444c_45f2_936b_a284879f5bec
2025-09-26 18:13:32,799 INFO  [io.api.tes.ser.api.KafkaSerdesTester] (ForkJoinPool.commonPool-worker-2) Sending message {"key11758910407568": "value-3"} to topic topic-89a19f6b_444c_45f2_936b_a284879f5bec
2025-09-26 18:13:32,800 INFO  [io.api.tes.ser.api.KafkaSerdesTester] (ForkJoinPool.commonPool-worker-2) Sending message {"key11758910407568": "value-4"} to topic topic-89a19f6b_444c_45f2_936b_a284879f5bec
2025-09-26 18:13:32,801 INFO  [io.api.tes.ser.api.KafkaSerdesTester] (ForkJoinPool.commonPool-worker-2) Sending message {"key11758910407568": "value-5"} to topic topic-89a19f6b_444c_45f2_936b_a284879f5bec
2025-09-26 18:13:32,802 INFO  [io.api.tes.ser.api.KafkaSerdesTester] (ForkJoinPool.commonPool-worker-2) Sending message {"key11758910407568": "value-6"} to topic topic-89a19f6b_444c_45f2_936b_a284879f5bec
2025-09-26 18:13:32,803 INFO  [io.api.tes.ser.api.KafkaSerdesTester] (ForkJoinPool.commonPool-worker-2) Sending message {"key11758910407568": "value-7"} to topic topic-89a19f6b_444c_45f2_936b_a284879f5bec
2025-09-26 18:13:32,811 INFO  [io.api.tes.ser.api.KafkaSerdesTester] (ForkJoinPool.commonPool-worker-2) Sending message {"key11758910407568": "value-8"} to topic topic-89a19f6b_444c_45f2_936b_a284879f5bec
2025-09-26 18:13:32,813 INFO  [io.api.tes.ser.api.KafkaSerdesTester] (ForkJoinPool.commonPool-worker-2) Sending message {"key11758910407568": "value-9"} to topic topic-89a19f6b_444c_45f2_936b_a284879f5bec
2025-09-26 18:13:32,814 INFO  [io.api.tes.ser.api.KafkaSerdesTester] (ForkJoinPool.commonPool-worker-2) Produced 10 messages
2025-09-26 18:13:32,815 INFO  [org.apa.kaf.cli.con.int.ClassicKafkaConsumer] (ForkJoinPool.commonPool-worker-2) [Consumer clientId=consumer-Consumer-topic-89a19f6b_444c_45f2_936b_a284879f5bec-9, groupId=Consumer-topic-89a19f6b_444c_45f2_936b_a284879f5bec] Subscribed to topic(s): topic-89a19f6b_444c_45f2_936b_a284879f5bec
2025-09-26 18:13:32,835 INFO  [io.api.tes.ser.api.KafkaSerdesTester] (ForkJoinPool.commonPool-worker-2) topic-89a19f6b_444c_45f2_936b_a284879f5bec 0 10 {"key11758910407568": "value-0", "key21758910411709": "value-0"}
2025-09-26 18:13:32,836 INFO  [io.api.tes.ser.api.KafkaSerdesTester] (ForkJoinPool.commonPool-worker-2) topic-89a19f6b_444c_45f2_936b_a284879f5bec 0 11 {"key11758910407568": "value-1", "key21758910411709": "value-1"}
2025-09-26 18:13:32,836 INFO  [io.api.tes.ser.api.KafkaSerdesTester] (ForkJoinPool.commonPool-worker-2) topic-89a19f6b_444c_45f2_936b_a284879f5bec 0 12 {"key11758910407568": "value-2", "key21758910411709": "value-2"}
2025-09-26 18:13:32,836 INFO  [io.api.tes.ser.api.KafkaSerdesTester] (ForkJoinPool.commonPool-worker-2) topic-89a19f6b_444c_45f2_936b_a284879f5bec 0 13 {"key11758910407568": "value-3", "key21758910411709": "value-3"}
2025-09-26 18:13:32,836 INFO  [io.api.tes.ser.api.KafkaSerdesTester] (ForkJoinPool.commonPool-worker-2) topic-89a19f6b_444c_45f2_936b_a284879f5bec 0 14 {"key11758910407568": "value-4", "key21758910411709": "value-4"}
2025-09-26 18:13:32,836 INFO  [io.api.tes.ser.api.KafkaSerdesTester] (ForkJoinPool.commonPool-worker-2) topic-89a19f6b_444c_45f2_936b_a284879f5bec 0 15 {"key11758910407568": "value-5", "key21758910411709": "value-5"}
2025-09-26 18:13:32,836 INFO  [io.api.tes.ser.api.KafkaSerdesTester] (ForkJoinPool.commonPool-worker-2) topic-89a19f6b_444c_45f2_936b_a284879f5bec 0 16 {"key11758910407568": "value-6", "key21758910411709": "value-6"}
2025-09-26 18:13:32,836 INFO  [io.api.tes.ser.api.KafkaSerdesTester] (ForkJoinPool.commonPool-worker-2) topic-89a19f6b_444c_45f2_936b_a284879f5bec 0 17 {"key11758910407568": "value-7", "key21758910411709": "value-7"}
2025-09-26 18:13:32,836 INFO  [io.api.tes.ser.api.KafkaSerdesTester] (ForkJoinPool.commonPool-worker-2) topic-89a19f6b_444c_45f2_936b_a284879f5bec 0 18 {"key11758910407568": "value-8", "key21758910411709": "value-8"}
2025-09-26 18:13:32,836 INFO  [io.api.tes.ser.api.KafkaSerdesTester] (ForkJoinPool.commonPool-worker-2) topic-89a19f6b_444c_45f2_936b_a284879f5bec 0 19 {"key11758910407568": "value-9", "key21758910411709": "value-9"}
2025-09-26 18:13:32,836 INFO  [io.api.tes.ser.api.KafkaSerdesTester] (ForkJoinPool.commonPool-worker-2) topic-89a19f6b_444c_45f2_936b_a284879f5bec 0 20 {"key11758910407568": "value-0"}
2025-09-26 18:13:32,836 INFO  [io.api.tes.ser.api.KafkaSerdesTester] (ForkJoinPool.commonPool-worker-2) topic-89a19f6b_444c_45f2_936b_a284879f5bec 0 21 {"key11758910407568": "value-1"}
2025-09-26 18:13:32,836 INFO  [io.api.tes.ser.api.KafkaSerdesTester] (ForkJoinPool.commonPool-worker-2) topic-89a19f6b_444c_45f2_936b_a284879f5bec 0 22 {"key11758910407568": "value-2"}
2025-09-26 18:13:32,836 INFO  [io.api.tes.ser.api.KafkaSerdesTester] (ForkJoinPool.commonPool-worker-2) topic-89a19f6b_444c_45f2_936b_a284879f5bec 0 23 {"key11758910407568": "value-3"}
2025-09-26 18:13:32,836 INFO  [io.api.tes.ser.api.KafkaSerdesTester] (ForkJoinPool.commonPool-worker-2) topic-89a19f6b_444c_45f2_936b_a284879f5bec 0 24 {"key11758910407568": "value-4"}
2025-09-26 18:13:32,836 INFO  [io.api.tes.ser.api.KafkaSerdesTester] (ForkJoinPool.commonPool-worker-2) topic-89a19f6b_444c_45f2_936b_a284879f5bec 0 25 {"key11758910407568": "value-5"}
2025-09-26 18:13:32,836 INFO  [io.api.tes.ser.api.KafkaSerdesTester] (ForkJoinPool.commonPool-worker-2) topic-89a19f6b_444c_45f2_936b_a284879f5bec 0 26 {"key11758910407568": "value-6"}
2025-09-26 18:13:32,836 INFO  [io.api.tes.ser.api.KafkaSerdesTester] (ForkJoinPool.commonPool-worker-2) topic-89a19f6b_444c_45f2_936b_a284879f5bec 0 27 {"key11758910407568": "value-7"}
2025-09-26 18:13:32,836 INFO  [io.api.tes.ser.api.KafkaSerdesTester] (ForkJoinPool.commonPool-worker-2) topic-89a19f6b_444c_45f2_936b_a284879f5bec 0 28 {"key11758910407568": "value-8"}
2025-09-26 18:13:32,836 INFO  [io.api.tes.ser.api.KafkaSerdesTester] (ForkJoinPool.commonPool-worker-2) topic-89a19f6b_444c_45f2_936b_a284879f5bec 0 29 {"key11758910407568": "value-9"}
2025-09-26 18:13:32,836 INFO  [io.api.tes.ser.api.KafkaSerdesTester] (ForkJoinPool.commonPool-worker-2) Consumed 20 messages
2025-09-26 18:13:32,837 INFO  [io.api.tes.ser.api.AvroSerdeIT] (main) Registering Avro Schema 3: {"type":"record","name":"s2ffd314cxafd3x47ffxa4abxb8b788ee343d","namespace":"ns_8ba8a00c_22cd_4ae5_87b7_c6950e0104e2","fields":[{"name":"key11758910407568","type":"string"},{"name":"key21758910411709","type":"string"},{"name":"key31758910412836","type":"string"}]}
2025-09-26 18:13:33,878 INFO  [io.api.tes.ser.api.KafkaSerdesTester] (ForkJoinPool.commonPool-worker-2) Sending message {"key11758910407568": "value-0", "key21758910411709": "value-0", "key31758910412836": "value-0"} to topic topic-89a19f6b_444c_45f2_936b_a284879f5bec
2025-09-26 18:13:33,878 INFO  [DefaultSchemaResolver] (ForkJoinPool.commonPool-worker-2) Retrieving schema content using string: {"type":"record","name":"s2ffd314cxafd3x47ffxa4abxb8b788ee343d","namespace":"ns_8ba8a00c_22cd_4ae5_87b7_c6950e0104e2","fields":[{"name":"key11758910407568","type":"string"},{"name":"key21758910411709","type":"string"},{"name":"key31758910412836","type":"string"}]}
2025-09-26 18:13:33,892 INFO  [io.api.tes.ser.api.KafkaSerdesTester] (ForkJoinPool.commonPool-worker-2) Sending message {"key11758910407568": "value-1", "key21758910411709": "value-1", "key31758910412836": "value-1"} to topic topic-89a19f6b_444c_45f2_936b_a284879f5bec
2025-09-26 18:13:33,893 INFO  [io.api.tes.ser.api.KafkaSerdesTester] (ForkJoinPool.commonPool-worker-2) Sending message {"key11758910407568": "value-2", "key21758910411709": "value-2", "key31758910412836": "value-2"} to topic topic-89a19f6b_444c_45f2_936b_a284879f5bec
2025-09-26 18:13:33,895 INFO  [io.api.tes.ser.api.KafkaSerdesTester] (ForkJoinPool.commonPool-worker-2) Sending message {"key11758910407568": "value-3", "key21758910411709": "value-3", "key31758910412836": "value-3"} to topic topic-89a19f6b_444c_45f2_936b_a284879f5bec
2025-09-26 18:13:33,896 INFO  [io.api.tes.ser.api.KafkaSerdesTester] (ForkJoinPool.commonPool-worker-2) Sending message {"key11758910407568": "value-4", "key21758910411709": "value-4", "key31758910412836": "value-4"} to topic topic-89a19f6b_444c_45f2_936b_a284879f5bec
2025-09-26 18:13:33,897 INFO  [io.api.tes.ser.api.KafkaSerdesTester] (ForkJoinPool.commonPool-worker-2) Sending message {"key11758910407568": "value-5", "key21758910411709": "value-5", "key31758910412836": "value-5"} to topic topic-89a19f6b_444c_45f2_936b_a284879f5bec
2025-09-26 18:13:33,898 INFO  [io.api.tes.ser.api.KafkaSerdesTester] (ForkJoinPool.commonPool-worker-2) Sending message {"key11758910407568": "value-6", "key21758910411709": "value-6", "key31758910412836": "value-6"} to topic topic-89a19f6b_444c_45f2_936b_a284879f5bec
2025-09-26 18:13:33,900 INFO  [io.api.tes.ser.api.KafkaSerdesTester] (ForkJoinPool.commonPool-worker-2) Sending message {"key11758910407568": "value-7", "key21758910411709": "value-7", "key31758910412836": "value-7"} to topic topic-89a19f6b_444c_45f2_936b_a284879f5bec
2025-09-26 18:13:33,901 INFO  [io.api.tes.ser.api.KafkaSerdesTester] (ForkJoinPool.commonPool-worker-2) Sending message {"key11758910407568": "value-8", "key21758910411709": "value-8", "key31758910412836": "value-8"} to topic topic-89a19f6b_444c_45f2_936b_a284879f5bec
2025-09-26 18:13:33,902 INFO  [io.api.tes.ser.api.KafkaSerdesTester] (ForkJoinPool.commonPool-worker-2) Sending message {"key11758910407568": "value-9", "key21758910411709": "value-9", "key31758910412836": "value-9"} to topic topic-89a19f6b_444c_45f2_936b_a284879f5bec
2025-09-26 18:13:33,903 INFO  [io.api.tes.ser.api.KafkaSerdesTester] (ForkJoinPool.commonPool-worker-2) Produced 10 messages
2025-09-26 18:13:33,904 INFO  [io.api.tes.ser.api.KafkaSerdesTester] (ForkJoinPool.commonPool-worker-2) Sending message {"key11758910407568": "value-0", "key21758910411709": "value-0"} to topic topic-89a19f6b_444c_45f2_936b_a284879f5bec
2025-09-26 18:13:33,905 INFO  [io.api.tes.ser.api.KafkaSerdesTester] (ForkJoinPool.commonPool-worker-2) Sending message {"key11758910407568": "value-1", "key21758910411709": "value-1"} to topic topic-89a19f6b_444c_45f2_936b_a284879f5bec
2025-09-26 18:13:33,906 INFO  [io.api.tes.ser.api.KafkaSerdesTester] (ForkJoinPool.commonPool-worker-2) Sending message {"key11758910407568": "value-2", "key21758910411709": "value-2"} to topic topic-89a19f6b_444c_45f2_936b_a284879f5bec
2025-09-26 18:13:33,907 INFO  [io.api.tes.ser.api.KafkaSerdesTester] (ForkJoinPool.commonPool-worker-2) Sending message {"key11758910407568": "value-3", "key21758910411709": "value-3"} to topic topic-89a19f6b_444c_45f2_936b_a284879f5bec
2025-09-26 18:13:33,909 INFO  [io.api.tes.ser.api.KafkaSerdesTester] (ForkJoinPool.commonPool-worker-2) Sending message {"key11758910407568": "value-4", "key21758910411709": "value-4"} to topic topic-89a19f6b_444c_45f2_936b_a284879f5bec
2025-09-26 18:13:33,910 INFO  [io.api.tes.ser.api.KafkaSerdesTester] (ForkJoinPool.commonPool-worker-2) Sending message {"key11758910407568": "value-5", "key21758910411709": "value-5"} to topic topic-89a19f6b_444c_45f2_936b_a284879f5bec
2025-09-26 18:13:33,912 INFO  [io.api.tes.ser.api.KafkaSerdesTester] (ForkJoinPool.commonPool-worker-2) Sending message {"key11758910407568": "value-6", "key21758910411709": "value-6"} to topic topic-89a19f6b_444c_45f2_936b_a284879f5bec
2025-09-26 18:13:33,913 INFO  [io.api.tes.ser.api.KafkaSerdesTester] (ForkJoinPool.commonPool-worker-2) Sending message {"key11758910407568": "value-7", "key21758910411709": "value-7"} to topic topic-89a19f6b_444c_45f2_936b_a284879f5bec
2025-09-26 18:13:33,915 INFO  [io.api.tes.ser.api.KafkaSerdesTester] (ForkJoinPool.commonPool-worker-2) Sending message {"key11758910407568": "value-8", "key21758910411709": "value-8"} to topic topic-89a19f6b_444c_45f2_936b_a284879f5bec
2025-09-26 18:13:33,917 INFO  [io.api.tes.ser.api.KafkaSerdesTester] (ForkJoinPool.commonPool-worker-2) Sending message {"key11758910407568": "value-9", "key21758910411709": "value-9"} to topic topic-89a19f6b_444c_45f2_936b_a284879f5bec
2025-09-26 18:13:33,918 INFO  [io.api.tes.ser.api.KafkaSerdesTester] (ForkJoinPool.commonPool-worker-2) Produced 10 messages
2025-09-26 18:13:33,918 INFO  [io.api.tes.ser.api.KafkaSerdesTester] (ForkJoinPool.commonPool-worker-2) Sending message {"key11758910407568": "value-0"} to topic topic-89a19f6b_444c_45f2_936b_a284879f5bec
2025-09-26 18:13:33,920 INFO  [io.api.tes.ser.api.KafkaSerdesTester] (ForkJoinPool.commonPool-worker-2) Sending message {"key11758910407568": "value-1"} to topic topic-89a19f6b_444c_45f2_936b_a284879f5bec
2025-09-26 18:13:33,921 INFO  [io.api.tes.ser.api.KafkaSerdesTester] (ForkJoinPool.commonPool-worker-2) Sending message {"key11758910407568": "value-2"} to topic topic-89a19f6b_444c_45f2_936b_a284879f5bec
2025-09-26 18:13:33,922 INFO  [io.api.tes.ser.api.KafkaSerdesTester] (ForkJoinPool.commonPool-worker-2) Sending message {"key11758910407568": "value-3"} to topic topic-89a19f6b_444c_45f2_936b_a284879f5bec
2025-09-26 18:13:33,923 INFO  [io.api.tes.ser.api.KafkaSerdesTester] (ForkJoinPool.commonPool-worker-2) Sending message {"key11758910407568": "value-4"} to topic topic-89a19f6b_444c_45f2_936b_a284879f5bec
2025-09-26 18:13:33,925 INFO  [io.api.tes.ser.api.KafkaSerdesTester] (ForkJoinPool.commonPool-worker-2) Sending message {"key11758910407568": "value-5"} to topic topic-89a19f6b_444c_45f2_936b_a284879f5bec
2025-09-26 18:13:33,926 INFO  [io.api.tes.ser.api.KafkaSerdesTester] (ForkJoinPool.commonPool-worker-2) Sending message {"key11758910407568": "value-6"} to topic topic-89a19f6b_444c_45f2_936b_a284879f5bec
2025-09-26 18:13:33,928 INFO  [io.api.tes.ser.api.KafkaSerdesTester] (ForkJoinPool.commonPool-worker-2) Sending message {"key11758910407568": "value-7"} to topic topic-89a19f6b_444c_45f2_936b_a284879f5bec
2025-09-26 18:13:33,929 INFO  [io.api.tes.ser.api.KafkaSerdesTester] (ForkJoinPool.commonPool-worker-2) Sending message {"key11758910407568": "value-8"} to topic topic-89a19f6b_444c_45f2_936b_a284879f5bec
2025-09-26 18:13:33,930 INFO  [io.api.tes.ser.api.KafkaSerdesTester] (ForkJoinPool.commonPool-worker-2) Sending message {"key11758910407568": "value-9"} to topic topic-89a19f6b_444c_45f2_936b_a284879f5bec
2025-09-26 18:13:33,931 INFO  [io.api.tes.ser.api.KafkaSerdesTester] (ForkJoinPool.commonPool-worker-2) Produced 10 messages
2025-09-26 18:13:33,932 INFO  [org.apa.kaf.cli.con.int.ClassicKafkaConsumer] (ForkJoinPool.commonPool-worker-2) [Consumer clientId=consumer-Consumer-topic-89a19f6b_444c_45f2_936b_a284879f5bec-9, groupId=Consumer-topic-89a19f6b_444c_45f2_936b_a284879f5bec] Subscribed to topic(s): topic-89a19f6b_444c_45f2_936b_a284879f5bec
2025-09-26 18:13:33,964 INFO  [io.api.tes.ser.api.KafkaSerdesTester] (ForkJoinPool.commonPool-worker-2) topic-89a19f6b_444c_45f2_936b_a284879f5bec 0 30 {"key11758910407568": "value-0", "key21758910411709": "value-0", "key31758910412836": "value-0"}
2025-09-26 18:13:33,964 INFO  [io.api.tes.ser.api.KafkaSerdesTester] (ForkJoinPool.commonPool-worker-2) topic-89a19f6b_444c_45f2_936b_a284879f5bec 0 31 {"key11758910407568": "value-1", "key21758910411709": "value-1", "key31758910412836": "value-1"}
2025-09-26 18:13:33,964 INFO  [io.api.tes.ser.api.KafkaSerdesTester] (ForkJoinPool.commonPool-worker-2) topic-89a19f6b_444c_45f2_936b_a284879f5bec 0 32 {"key11758910407568": "value-2", "key21758910411709": "value-2", "key31758910412836": "value-2"}
2025-09-26 18:13:33,964 INFO  [io.api.tes.ser.api.KafkaSerdesTester] (ForkJoinPool.commonPool-worker-2) topic-89a19f6b_444c_45f2_936b_a284879f5bec 0 33 {"key11758910407568": "value-3", "key21758910411709": "value-3", "key31758910412836": "value-3"}
2025-09-26 18:13:33,964 INFO  [io.api.tes.ser.api.KafkaSerdesTester] (ForkJoinPool.commonPool-worker-2) topic-89a19f6b_444c_45f2_936b_a284879f5bec 0 34 {"key11758910407568": "value-4", "key21758910411709": "value-4", "key31758910412836": "value-4"}
2025-09-26 18:13:33,964 INFO  [io.api.tes.ser.api.KafkaSerdesTester] (ForkJoinPool.commonPool-worker-2) topic-89a19f6b_444c_45f2_936b_a284879f5bec 0 35 {"key11758910407568": "value-5", "key21758910411709": "value-5", "key31758910412836": "value-5"}
2025-09-26 18:13:33,964 INFO  [io.api.tes.ser.api.KafkaSerdesTester] (ForkJoinPool.commonPool-worker-2) topic-89a19f6b_444c_45f2_936b_a284879f5bec 0 36 {"key11758910407568": "value-6", "key21758910411709": "value-6", "key31758910412836": "value-6"}
2025-09-26 18:13:33,964 INFO  [io.api.tes.ser.api.KafkaSerdesTester] (ForkJoinPool.commonPool-worker-2) topic-89a19f6b_444c_45f2_936b_a284879f5bec 0 37 {"key11758910407568": "value-7", "key21758910411709": "value-7", "key31758910412836": "value-7"}
2025-09-26 18:13:33,964 INFO  [io.api.tes.ser.api.KafkaSerdesTester] (ForkJoinPool.commonPool-worker-2) topic-89a19f6b_444c_45f2_936b_a284879f5bec 0 38 {"key11758910407568": "value-8", "key21758910411709": "value-8", "key31758910412836": "value-8"}
2025-09-26 18:13:33,965 INFO  [io.api.tes.ser.api.KafkaSerdesTester] (ForkJoinPool.commonPool-worker-2) topic-89a19f6b_444c_45f2_936b_a284879f5bec 0 39 {"key11758910407568": "value-9", "key21758910411709": "value-9", "key31758910412836": "value-9"}
2025-09-26 18:13:33,965 INFO  [io.api.tes.ser.api.KafkaSerdesTester] (ForkJoinPool.commonPool-worker-2) topic-89a19f6b_444c_45f2_936b_a284879f5bec 0 40 {"key11758910407568": "value-0", "key21758910411709": "value-0"}
2025-09-26 18:13:33,965 INFO  [io.api.tes.ser.api.KafkaSerdesTester] (ForkJoinPool.commonPool-worker-2) topic-89a19f6b_444c_45f2_936b_a284879f5bec 0 41 {"key11758910407568": "value-1", "key21758910411709": "value-1"}
2025-09-26 18:13:33,965 INFO  [io.api.tes.ser.api.KafkaSerdesTester] (ForkJoinPool.commonPool-worker-2) topic-89a19f6b_444c_45f2_936b_a284879f5bec 0 42 {"key11758910407568": "value-2", "key21758910411709": "value-2"}
2025-09-26 18:13:33,965 INFO  [io.api.tes.ser.api.KafkaSerdesTester] (ForkJoinPool.commonPool-worker-2) topic-89a19f6b_444c_45f2_936b_a284879f5bec 0 43 {"key11758910407568": "value-3", "key21758910411709": "value-3"}
2025-09-26 18:13:33,965 INFO  [io.api.tes.ser.api.KafkaSerdesTester] (ForkJoinPool.commonPool-worker-2) topic-89a19f6b_444c_45f2_936b_a284879f5bec 0 44 {"key11758910407568": "value-4", "key21758910411709": "value-4"}
2025-09-26 18:13:33,965 INFO  [io.api.tes.ser.api.KafkaSerdesTester] (ForkJoinPool.commonPool-worker-2) topic-89a19f6b_444c_45f2_936b_a284879f5bec 0 45 {"key11758910407568": "value-5", "key21758910411709": "value-5"}
2025-09-26 18:13:33,965 INFO  [io.api.tes.ser.api.KafkaSerdesTester] (ForkJoinPool.commonPool-worker-2) topic-89a19f6b_444c_45f2_936b_a284879f5bec 0 46 {"key11758910407568": "value-6", "key21758910411709": "value-6"}
2025-09-26 18:13:33,965 INFO  [io.api.tes.ser.api.KafkaSerdesTester] (ForkJoinPool.commonPool-worker-2) topic-89a19f6b_444c_45f2_936b_a284879f5bec 0 47 {"key11758910407568": "value-7", "key21758910411709": "value-7"}
2025-09-26 18:13:33,965 INFO  [io.api.tes.ser.api.KafkaSerdesTester] (ForkJoinPool.commonPool-worker-2) topic-89a19f6b_444c_45f2_936b_a284879f5bec 0 48 {"key11758910407568": "value-8", "key21758910411709": "value-8"}
2025-09-26 18:13:33,965 INFO  [io.api.tes.ser.api.KafkaSerdesTester] (ForkJoinPool.commonPool-worker-2) topic-89a19f6b_444c_45f2_936b_a284879f5bec 0 49 {"key11758910407568": "value-9", "key21758910411709": "value-9"}
2025-09-26 18:13:33,965 INFO  [io.api.tes.ser.api.KafkaSerdesTester] (ForkJoinPool.commonPool-worker-2) topic-89a19f6b_444c_45f2_936b_a284879f5bec 0 50 {"key11758910407568": "value-0"}
2025-09-26 18:13:33,965 INFO  [io.api.tes.ser.api.KafkaSerdesTester] (ForkJoinPool.commonPool-worker-2) topic-89a19f6b_444c_45f2_936b_a284879f5bec 0 51 {"key11758910407568": "value-1"}
2025-09-26 18:13:33,965 INFO  [io.api.tes.ser.api.KafkaSerdesTester] (ForkJoinPool.commonPool-worker-2) topic-89a19f6b_444c_45f2_936b_a284879f5bec 0 52 {"key11758910407568": "value-2"}
2025-09-26 18:13:33,965 INFO  [io.api.tes.ser.api.KafkaSerdesTester] (ForkJoinPool.commonPool-worker-2) topic-89a19f6b_444c_45f2_936b_a284879f5bec 0 53 {"key11758910407568": "value-3"}
2025-09-26 18:13:33,965 INFO  [io.api.tes.ser.api.KafkaSerdesTester] (ForkJoinPool.commonPool-worker-2) topic-89a19f6b_444c_45f2_936b_a284879f5bec 0 54 {"key11758910407568": "value-4"}
2025-09-26 18:13:33,965 INFO  [io.api.tes.ser.api.KafkaSerdesTester] (ForkJoinPool.commonPool-worker-2) topic-89a19f6b_444c_45f2_936b_a284879f5bec 0 55 {"key11758910407568": "value-5"}
2025-09-26 18:13:33,965 INFO  [io.api.tes.ser.api.KafkaSerdesTester] (ForkJoinPool.commonPool-worker-2) topic-89a19f6b_444c_45f2_936b_a284879f5bec 0 56 {"key11758910407568": "value-6"}
2025-09-26 18:13:33,965 INFO  [io.api.tes.ser.api.KafkaSerdesTester] (ForkJoinPool.commonPool-worker-2) topic-89a19f6b_444c_45f2_936b_a284879f5bec 0 57 {"key11758910407568": "value-7"}
2025-09-26 18:13:33,965 INFO  [io.api.tes.ser.api.KafkaSerdesTester] (ForkJoinPool.commonPool-worker-2) topic-89a19f6b_444c_45f2_936b_a284879f5bec 0 58 {"key11758910407568": "value-8"}
2025-09-26 18:13:33,965 INFO  [io.api.tes.ser.api.KafkaSerdesTester] (ForkJoinPool.commonPool-worker-2) topic-89a19f6b_444c_45f2_936b_a284879f5bec 0 59 {"key11758910407568": "value-9"}
2025-09-26 18:13:33,965 INFO  [io.api.tes.ser.api.KafkaSerdesTester] (ForkJoinPool.commonPool-worker-2) Consumed 30 messages
2025-09-26 18:13:33,965 INFO  [org.apa.kaf.cli.pro.KafkaProducer] (main) [Producer clientId=Producer-topic-89a19f6b_444c_45f2_936b_a284879f5bec] Closing the Kafka producer with timeoutMillis = 9223372036854775807 ms.
2025-09-26 18:13:33,967 INFO  [org.apa.kaf.com.met.Metrics] (main) Metrics scheduler closed
2025-09-26 18:13:33,967 INFO  [org.apa.kaf.com.met.Metrics] (main) Closing reporter org.apache.kafka.common.metrics.JmxReporter
2025-09-26 18:13:33,967 INFO  [org.apa.kaf.com.met.Metrics] (main) Closing reporter org.apache.kafka.common.telemetry.internals.ClientTelemetryReporter
2025-09-26 18:13:33,967 INFO  [org.apa.kaf.com.met.Metrics] (main) Metrics reporters closed
2025-09-26 18:13:33,967 INFO  [org.apa.kaf.com.uti.AppInfoParser] (main) App info kafka.producer for Producer-topic-89a19f6b_444c_45f2_936b_a284879f5bec unregistered
2025-09-26 18:13:33,974 INFO  [org.apa.kaf.cli.con.int.ConsumerRebalanceListenerInvoker] (main) [Consumer clientId=consumer-Consumer-topic-89a19f6b_444c_45f2_936b_a284879f5bec-9, groupId=Consumer-topic-89a19f6b_444c_45f2_936b_a284879f5bec] Revoke previously assigned partitions topic-89a19f6b_444c_45f2_936b_a284879f5bec-0
2025-09-26 18:13:33,975 INFO  [org.apa.kaf.cli.con.int.ConsumerCoordinator] (main) [Consumer clientId=consumer-Consumer-topic-89a19f6b_444c_45f2_936b_a284879f5bec-9, groupId=Consumer-topic-89a19f6b_444c_45f2_936b_a284879f5bec] Member consumer-Consumer-topic-89a19f6b_444c_45f2_936b_a284879f5bec-9-643c7fc9-0cae-4808-a015-5ccf3b09f400 sending LeaveGroup request to coordinator localhost:32769 (id: 2147483647 rack: null) due to the consumer is being closed
2025-09-26 18:13:33,975 INFO  [org.apa.kaf.cli.con.int.ConsumerCoordinator] (main) [Consumer clientId=consumer-Consumer-topic-89a19f6b_444c_45f2_936b_a284879f5bec-9, groupId=Consumer-topic-89a19f6b_444c_45f2_936b_a284879f5bec] Resetting generation and member id due to: consumer pro-actively leaving the group
2025-09-26 18:13:33,975 INFO  [org.apa.kaf.cli.con.int.ConsumerCoordinator] (main) [Consumer clientId=consumer-Consumer-topic-89a19f6b_444c_45f2_936b_a284879f5bec-9, groupId=Consumer-topic-89a19f6b_444c_45f2_936b_a284879f5bec] Request joining group due to: consumer pro-actively leaving the group
2025-09-26 18:13:34,466 INFO  [org.apa.kaf.com.met.Metrics] (main) Metrics scheduler closed
2025-09-26 18:13:34,466 INFO  [org.apa.kaf.com.met.Metrics] (main) Closing reporter org.apache.kafka.common.metrics.JmxReporter
2025-09-26 18:13:34,466 INFO  [org.apa.kaf.com.met.Metrics] (main) Closing reporter org.apache.kafka.common.telemetry.internals.ClientTelemetryReporter
2025-09-26 18:13:34,466 INFO  [org.apa.kaf.com.met.Metrics] (main) Metrics reporters closed
2025-09-26 18:13:34,472 INFO  [org.apa.kaf.com.uti.AppInfoParser] (main) App info kafka.consumer for consumer-Consumer-topic-89a19f6b_444c_45f2_936b_a284879f5bec-9 unregistered
2025-09-26 18:13:34,473 INFO  [io.api.tes.uti.TestSeparator] (main) io.apicurio.tests.serdes.apicurio.AvroSerdeIT.testEvolveAvroApicurioReusingClient-FINISHED
2025-09-26 18:13:34,473 INFO  [io.api.tes.uti.TestSeparator] (main) ############################################################################
Test passed: testEvolveAvroApicurioReusingClient
]]></system-out>
  </testcase>
  <testcase name="testProducerUsesDefaultConsumerUsesGlobalId" classname="io.apicurio.tests.serdes.apicurio.AvroSerdeIT" time="0.0">
    <skipped message="void io.apicurio.tests.serdes.apicurio.AvroSerdeIT.testProducerUsesDefaultConsumerUsesGlobalId() throws java.lang.Exception is @Disabled"/>
  </testcase>
  <testcase name="testEvolveAvroApicurio" classname="io.apicurio.tests.serdes.apicurio.AvroSerdeIT" time="14.347">
    <system-out><![CDATA[2025-09-26 18:13:34,477 INFO  [io.api.tes.uti.TestSeparator] (main) ############################################################################
2025-09-26 18:13:34,477 INFO  [io.api.tes.uti.TestSeparator] (main) io.apicurio.tests.serdes.apicurio.AvroSerdeIT.testEvolveAvroApicurio-STARTED
2025-09-26 18:13:34,478 INFO  [io.api.tes.ser.api.AvroSerdeIT] (main) Registering Avro Schema: {"type":"record","name":"s85f864ecx4fd2x4765xb7fax4d80d37dbb78","namespace":"ns_11159531_6dad_4ef4_8aa1_6ddd5f2d1c10","fields":[{"name":"key11758910414477","type":"string"}]}
**** Registry Base URL: http://registry-app-mysql.apps.ci419.apicurio-testing.org:80
2025-09-26 18:13:35,533 INFO  [org.apa.kaf.cli.pro.ProducerConfig] (main) ProducerConfig values: 
	acks = -1
	auto.include.jmx.reporter = true
	batch.size = 16384
	bootstrap.servers = [PLAINTEXT://localhost:32769]
	buffer.memory = 33554432
	client.dns.lookup = use_all_dns_ips
	client.id = Producer-topic-01b17a2e_b4fb_4ea0_a203_9d51c47c89c3
	compression.gzip.level = -1
	compression.lz4.level = 9
	compression.type = none
	compression.zstd.level = 3
	connections.max.idle.ms = 10000
	delivery.timeout.ms = 120000
	enable.idempotence = true
	enable.metrics.push = true
	interceptor.classes = []
	key.serializer = class org.apache.kafka.common.serialization.StringSerializer
	linger.ms = 0
	max.block.ms = 60000
	max.in.flight.requests.per.connection = 5
	max.request.size = 1048576
	metadata.max.age.ms = 300000
	metadata.max.idle.ms = 300000
	metadata.recovery.strategy = none
	metric.reporters = []
	metrics.num.samples = 2
	metrics.recording.level = INFO
	metrics.sample.window.ms = 30000
	partitioner.adaptive.partitioning.enable = true
	partitioner.availability.timeout.ms = 0
	partitioner.class = null
	partitioner.ignore.keys = false
	receive.buffer.bytes = 32768
	reconnect.backoff.max.ms = 1000
	reconnect.backoff.ms = 50
	request.timeout.ms = 5000
	retries = 2147483647
	retry.backoff.max.ms = 1000
	retry.backoff.ms = 100
	sasl.client.callback.handler.class = null
	sasl.jaas.config = null
	sasl.kerberos.kinit.cmd = /usr/bin/kinit
	sasl.kerberos.min.time.before.relogin = 60000
	sasl.kerberos.service.name = null
	sasl.kerberos.ticket.renew.jitter = 0.05
	sasl.kerberos.ticket.renew.window.factor = 0.8
	sasl.login.callback.handler.class = null
	sasl.login.class = null
	sasl.login.connect.timeout.ms = null
	sasl.login.read.timeout.ms = null
	sasl.login.refresh.buffer.seconds = 300
	sasl.login.refresh.min.period.seconds = 60
	sasl.login.refresh.window.factor = 0.8
	sasl.login.refresh.window.jitter = 0.05
	sasl.login.retry.backoff.max.ms = 10000
	sasl.login.retry.backoff.ms = 100
	sasl.mechanism = GSSAPI
	sasl.oauthbearer.clock.skew.seconds = 30
	sasl.oauthbearer.expected.audience = null
	sasl.oauthbearer.expected.issuer = null
	sasl.oauthbearer.header.urlencode = false
	sasl.oauthbearer.jwks.endpoint.refresh.ms = 3600000
	sasl.oauthbearer.jwks.endpoint.retry.backoff.max.ms = 10000
	sasl.oauthbearer.jwks.endpoint.retry.backoff.ms = 100
	sasl.oauthbearer.jwks.endpoint.url = null
	sasl.oauthbearer.scope.claim.name = scope
	sasl.oauthbearer.sub.claim.name = sub
	sasl.oauthbearer.token.endpoint.url = null
	security.protocol = PLAINTEXT
	security.providers = null
	send.buffer.bytes = 131072
	socket.connection.setup.timeout.max.ms = 30000
	socket.connection.setup.timeout.ms = 10000
	ssl.cipher.suites = null
	ssl.enabled.protocols = [TLSv1.2, TLSv1.3]
	ssl.endpoint.identification.algorithm = https
	ssl.engine.factory.class = null
	ssl.key.password = null
	ssl.keymanager.algorithm = SunX509
	ssl.keystore.certificate.chain = null
	ssl.keystore.key = null
	ssl.keystore.location = null
	ssl.keystore.password = null
	ssl.keystore.type = JKS
	ssl.protocol = TLSv1.3
	ssl.provider = null
	ssl.secure.random.implementation = null
	ssl.trustmanager.algorithm = PKIX
	ssl.truststore.certificates = null
	ssl.truststore.location = null
	ssl.truststore.password = null
	ssl.truststore.type = JKS
	transaction.timeout.ms = 60000
	transactional.id = null
	value.serializer = class io.apicurio.registry.serde.avro.AvroKafkaSerializer

2025-09-26 18:13:35,533 INFO  [org.apa.kaf.com.tel.int.KafkaMetricsCollector] (main) initializing Kafka metrics collector
2025-09-26 18:13:35,537 INFO  [org.apa.kaf.cli.pro.KafkaProducer] (main) [Producer clientId=Producer-topic-01b17a2e_b4fb_4ea0_a203_9d51c47c89c3] Instantiated an idempotent producer.
2025-09-26 18:13:35,538 INFO  [org.apa.kaf.cli.pro.ProducerConfig] (main) These configurations '[apicurio.registry.url, apicurio.registry.artifact-resolver-strategy]' were supplied but are not used yet.
2025-09-26 18:13:35,538 INFO  [org.apa.kaf.com.uti.AppInfoParser] (main) Kafka version: 3.9.1
2025-09-26 18:13:35,538 INFO  [org.apa.kaf.com.uti.AppInfoParser] (main) Kafka commitId: f745dfdcee2b9851
2025-09-26 18:13:35,538 INFO  [org.apa.kaf.com.uti.AppInfoParser] (main) Kafka startTimeMs: 1758910415538
**** Registry Base URL: http://registry-app-mysql.apps.ci419.apicurio-testing.org:80
2025-09-26 18:13:35,539 INFO  [org.apa.kaf.cli.con.ConsumerConfig] (main) ConsumerConfig values: 
	allow.auto.create.topics = true
	auto.commit.interval.ms = 500
	auto.include.jmx.reporter = true
	auto.offset.reset = earliest
	bootstrap.servers = [PLAINTEXT://localhost:32769]
	check.crcs = true
	client.dns.lookup = use_all_dns_ips
	client.id = consumer-Consumer-topic-01b17a2e_b4fb_4ea0_a203_9d51c47c89c3-10
	client.rack = 
	connections.max.idle.ms = 10000
	default.api.timeout.ms = 60000
	enable.auto.commit = true
	enable.metrics.push = true
	exclude.internal.topics = true
	fetch.max.bytes = 52428800
	fetch.max.wait.ms = 500
	fetch.min.bytes = 1
	group.id = Consumer-topic-01b17a2e_b4fb_4ea0_a203_9d51c47c89c3
	group.instance.id = null
	group.protocol = classic
	group.remote.assignor = null
	heartbeat.interval.ms = 3000
	interceptor.classes = []
	internal.leave.group.on.close = true
	internal.throw.on.fetch.stable.offset.unsupported = false
	isolation.level = read_uncommitted
	key.deserializer = class org.apache.kafka.common.serialization.StringDeserializer
	max.partition.fetch.bytes = 1048576
	max.poll.interval.ms = 300000
	max.poll.records = 500
	metadata.max.age.ms = 300000
	metadata.recovery.strategy = none
	metric.reporters = []
	metrics.num.samples = 2
	metrics.recording.level = INFO
	metrics.sample.window.ms = 30000
	partition.assignment.strategy = [class org.apache.kafka.clients.consumer.RangeAssignor, class org.apache.kafka.clients.consumer.CooperativeStickyAssignor]
	receive.buffer.bytes = 65536
	reconnect.backoff.max.ms = 1000
	reconnect.backoff.ms = 50
	request.timeout.ms = 5000
	retry.backoff.max.ms = 1000
	retry.backoff.ms = 100
	sasl.client.callback.handler.class = null
	sasl.jaas.config = null
	sasl.kerberos.kinit.cmd = /usr/bin/kinit
	sasl.kerberos.min.time.before.relogin = 60000
	sasl.kerberos.service.name = null
	sasl.kerberos.ticket.renew.jitter = 0.05
	sasl.kerberos.ticket.renew.window.factor = 0.8
	sasl.login.callback.handler.class = null
	sasl.login.class = null
	sasl.login.connect.timeout.ms = null
	sasl.login.read.timeout.ms = null
	sasl.login.refresh.buffer.seconds = 300
	sasl.login.refresh.min.period.seconds = 60
	sasl.login.refresh.window.factor = 0.8
	sasl.login.refresh.window.jitter = 0.05
	sasl.login.retry.backoff.max.ms = 10000
	sasl.login.retry.backoff.ms = 100
	sasl.mechanism = GSSAPI
	sasl.oauthbearer.clock.skew.seconds = 30
	sasl.oauthbearer.expected.audience = null
	sasl.oauthbearer.expected.issuer = null
	sasl.oauthbearer.header.urlencode = false
	sasl.oauthbearer.jwks.endpoint.refresh.ms = 3600000
	sasl.oauthbearer.jwks.endpoint.retry.backoff.max.ms = 10000
	sasl.oauthbearer.jwks.endpoint.retry.backoff.ms = 100
	sasl.oauthbearer.jwks.endpoint.url = null
	sasl.oauthbearer.scope.claim.name = scope
	sasl.oauthbearer.sub.claim.name = sub
	sasl.oauthbearer.token.endpoint.url = null
	security.protocol = PLAINTEXT
	security.providers = null
	send.buffer.bytes = 131072
	session.timeout.ms = 45000
	socket.connection.setup.timeout.max.ms = 30000
	socket.connection.setup.timeout.ms = 10000
	ssl.cipher.suites = null
	ssl.enabled.protocols = [TLSv1.2, TLSv1.3]
	ssl.endpoint.identification.algorithm = https
	ssl.engine.factory.class = null
	ssl.key.password = null
	ssl.keymanager.algorithm = SunX509
	ssl.keystore.certificate.chain = null
	ssl.keystore.key = null
	ssl.keystore.location = null
	ssl.keystore.password = null
	ssl.keystore.type = JKS
	ssl.protocol = TLSv1.3
	ssl.provider = null
	ssl.secure.random.implementation = null
	ssl.trustmanager.algorithm = PKIX
	ssl.truststore.certificates = null
	ssl.truststore.location = null
	ssl.truststore.password = null
	ssl.truststore.type = JKS
	value.deserializer = class io.apicurio.registry.serde.avro.AvroKafkaDeserializer

2025-09-26 18:13:35,539 INFO  [org.apa.kaf.com.tel.int.KafkaMetricsCollector] (main) initializing Kafka metrics collector
2025-09-26 18:13:35,541 INFO  [org.apa.kaf.cli.Metadata] (kafka-producer-network-thread | Producer-topic-01b17a2e_b4fb_4ea0_a203_9d51c47c89c3) [Producer clientId=Producer-topic-01b17a2e_b4fb_4ea0_a203_9d51c47c89c3] Cluster ID: y_JNGwQJRlem7c5NGbSJCg
2025-09-26 18:13:35,542 INFO  [org.apa.kaf.cli.pro.int.TransactionManager] (kafka-producer-network-thread | Producer-topic-01b17a2e_b4fb_4ea0_a203_9d51c47c89c3) [Producer clientId=Producer-topic-01b17a2e_b4fb_4ea0_a203_9d51c47c89c3] ProducerId set to 12 with epoch 0
2025-09-26 18:13:35,544 INFO  [org.apa.kaf.cli.con.ConsumerConfig] (main) These configurations '[apicurio.registry.url]' were supplied but are not used yet.
2025-09-26 18:13:35,544 INFO  [org.apa.kaf.com.uti.AppInfoParser] (main) Kafka version: 3.9.1
2025-09-26 18:13:35,544 INFO  [org.apa.kaf.com.uti.AppInfoParser] (main) Kafka commitId: f745dfdcee2b9851
2025-09-26 18:13:35,544 INFO  [org.apa.kaf.com.uti.AppInfoParser] (main) Kafka startTimeMs: 1758910415544
2025-09-26 18:13:35,544 INFO  [io.api.tes.ser.api.KafkaSerdesTester] (ForkJoinPool.commonPool-worker-2) Sending message {"key11758910414477": "value-0"} to topic topic-01b17a2e_b4fb_4ea0_a203_9d51c47c89c3
2025-09-26 18:13:35,547 INFO  [DefaultSchemaResolver] (ForkJoinPool.commonPool-worker-2) Retrieving schema content using string: {"type":"record","name":"s85f864ecx4fd2x4765xb7fax4d80d37dbb78","namespace":"ns_11159531_6dad_4ef4_8aa1_6ddd5f2d1c10","fields":[{"name":"key11758910414477","type":"string"}]}
2025-09-26 18:13:35,566 INFO  [io.api.tes.ser.api.KafkaSerdesTester] (ForkJoinPool.commonPool-worker-2) Sending message {"key11758910414477": "value-1"} to topic topic-01b17a2e_b4fb_4ea0_a203_9d51c47c89c3
2025-09-26 18:13:35,567 INFO  [io.api.tes.ser.api.KafkaSerdesTester] (ForkJoinPool.commonPool-worker-2) Sending message {"key11758910414477": "value-2"} to topic topic-01b17a2e_b4fb_4ea0_a203_9d51c47c89c3
2025-09-26 18:13:35,569 INFO  [io.api.tes.ser.api.KafkaSerdesTester] (ForkJoinPool.commonPool-worker-2) Sending message {"key11758910414477": "value-3"} to topic topic-01b17a2e_b4fb_4ea0_a203_9d51c47c89c3
2025-09-26 18:13:35,570 INFO  [io.api.tes.ser.api.KafkaSerdesTester] (ForkJoinPool.commonPool-worker-2) Sending message {"key11758910414477": "value-4"} to topic topic-01b17a2e_b4fb_4ea0_a203_9d51c47c89c3
2025-09-26 18:13:35,571 INFO  [io.api.tes.ser.api.KafkaSerdesTester] (ForkJoinPool.commonPool-worker-2) Sending message {"key11758910414477": "value-5"} to topic topic-01b17a2e_b4fb_4ea0_a203_9d51c47c89c3
2025-09-26 18:13:35,572 INFO  [io.api.tes.ser.api.KafkaSerdesTester] (ForkJoinPool.commonPool-worker-2) Sending message {"key11758910414477": "value-6"} to topic topic-01b17a2e_b4fb_4ea0_a203_9d51c47c89c3
2025-09-26 18:13:35,573 INFO  [io.api.tes.ser.api.KafkaSerdesTester] (ForkJoinPool.commonPool-worker-2) Sending message {"key11758910414477": "value-7"} to topic topic-01b17a2e_b4fb_4ea0_a203_9d51c47c89c3
2025-09-26 18:13:35,575 INFO  [io.api.tes.ser.api.KafkaSerdesTester] (ForkJoinPool.commonPool-worker-2) Sending message {"key11758910414477": "value-8"} to topic topic-01b17a2e_b4fb_4ea0_a203_9d51c47c89c3
2025-09-26 18:13:35,576 INFO  [io.api.tes.ser.api.KafkaSerdesTester] (ForkJoinPool.commonPool-worker-2) Sending message {"key11758910414477": "value-9"} to topic topic-01b17a2e_b4fb_4ea0_a203_9d51c47c89c3
2025-09-26 18:13:35,577 INFO  [io.api.tes.ser.api.KafkaSerdesTester] (ForkJoinPool.commonPool-worker-2) Produced 10 messages
2025-09-26 18:13:35,577 INFO  [org.apa.kaf.cli.pro.KafkaProducer] (ForkJoinPool.commonPool-worker-2) [Producer clientId=Producer-topic-01b17a2e_b4fb_4ea0_a203_9d51c47c89c3] Closing the Kafka producer with timeoutMillis = 9223372036854775807 ms.
2025-09-26 18:13:35,578 INFO  [org.apa.kaf.com.met.Metrics] (ForkJoinPool.commonPool-worker-2) Metrics scheduler closed
2025-09-26 18:13:35,578 INFO  [org.apa.kaf.com.met.Metrics] (ForkJoinPool.commonPool-worker-2) Closing reporter org.apache.kafka.common.metrics.JmxReporter
2025-09-26 18:13:35,578 INFO  [org.apa.kaf.com.met.Metrics] (ForkJoinPool.commonPool-worker-2) Closing reporter org.apache.kafka.common.telemetry.internals.ClientTelemetryReporter
2025-09-26 18:13:35,578 INFO  [org.apa.kaf.com.met.Metrics] (ForkJoinPool.commonPool-worker-2) Metrics reporters closed
2025-09-26 18:13:35,578 INFO  [org.apa.kaf.com.uti.AppInfoParser] (ForkJoinPool.commonPool-worker-2) App info kafka.producer for Producer-topic-01b17a2e_b4fb_4ea0_a203_9d51c47c89c3 unregistered
2025-09-26 18:13:35,579 INFO  [org.apa.kaf.cli.con.int.ClassicKafkaConsumer] (ForkJoinPool.commonPool-worker-2) [Consumer clientId=consumer-Consumer-topic-01b17a2e_b4fb_4ea0_a203_9d51c47c89c3-10, groupId=Consumer-topic-01b17a2e_b4fb_4ea0_a203_9d51c47c89c3] Subscribed to topic(s): topic-01b17a2e_b4fb_4ea0_a203_9d51c47c89c3
2025-09-26 18:13:35,583 INFO  [org.apa.kaf.cli.Metadata] (ForkJoinPool.commonPool-worker-2) [Consumer clientId=consumer-Consumer-topic-01b17a2e_b4fb_4ea0_a203_9d51c47c89c3-10, groupId=Consumer-topic-01b17a2e_b4fb_4ea0_a203_9d51c47c89c3] Cluster ID: y_JNGwQJRlem7c5NGbSJCg
2025-09-26 18:13:35,583 INFO  [org.apa.kaf.cli.con.int.ConsumerCoordinator] (ForkJoinPool.commonPool-worker-2) [Consumer clientId=consumer-Consumer-topic-01b17a2e_b4fb_4ea0_a203_9d51c47c89c3-10, groupId=Consumer-topic-01b17a2e_b4fb_4ea0_a203_9d51c47c89c3] Discovered group coordinator localhost:32769 (id: 2147483647 rack: null)
2025-09-26 18:13:35,584 INFO  [org.apa.kaf.cli.con.int.ConsumerCoordinator] (ForkJoinPool.commonPool-worker-2) [Consumer clientId=consumer-Consumer-topic-01b17a2e_b4fb_4ea0_a203_9d51c47c89c3-10, groupId=Consumer-topic-01b17a2e_b4fb_4ea0_a203_9d51c47c89c3] (Re-)joining group
2025-09-26 18:13:35,587 INFO  [org.apa.kaf.cli.con.int.ConsumerCoordinator] (ForkJoinPool.commonPool-worker-2) [Consumer clientId=consumer-Consumer-topic-01b17a2e_b4fb_4ea0_a203_9d51c47c89c3-10, groupId=Consumer-topic-01b17a2e_b4fb_4ea0_a203_9d51c47c89c3] Request joining group due to: need to re-join with the given member-id: consumer-Consumer-topic-01b17a2e_b4fb_4ea0_a203_9d51c47c89c3-10-57ecb471-0d1e-492d-aa34-ce70da8a40a8
2025-09-26 18:13:35,587 INFO  [org.apa.kaf.cli.con.int.ConsumerCoordinator] (ForkJoinPool.commonPool-worker-2) [Consumer clientId=consumer-Consumer-topic-01b17a2e_b4fb_4ea0_a203_9d51c47c89c3-10, groupId=Consumer-topic-01b17a2e_b4fb_4ea0_a203_9d51c47c89c3] (Re-)joining group
2025-09-26 18:13:36,580 INFO  [io.api.tes.ser.api.KafkaSerdesTester] (ForkJoinPool.commonPool-worker-2) None found
2025-09-26 18:13:37,581 INFO  [io.api.tes.ser.api.KafkaSerdesTester] (ForkJoinPool.commonPool-worker-2) None found
2025-09-26 18:13:38,581 INFO  [io.api.tes.ser.api.KafkaSerdesTester] (ForkJoinPool.commonPool-worker-2) None found
2025-09-26 18:13:38,591 INFO  [org.apa.kaf.cli.con.int.ConsumerCoordinator] (ForkJoinPool.commonPool-worker-2) [Consumer clientId=consumer-Consumer-topic-01b17a2e_b4fb_4ea0_a203_9d51c47c89c3-10, groupId=Consumer-topic-01b17a2e_b4fb_4ea0_a203_9d51c47c89c3] Successfully joined group with generation Generation{generationId=1, memberId='consumer-Consumer-topic-01b17a2e_b4fb_4ea0_a203_9d51c47c89c3-10-57ecb471-0d1e-492d-aa34-ce70da8a40a8', protocol='range'}
2025-09-26 18:13:38,592 INFO  [org.apa.kaf.cli.con.int.ConsumerCoordinator] (ForkJoinPool.commonPool-worker-2) [Consumer clientId=consumer-Consumer-topic-01b17a2e_b4fb_4ea0_a203_9d51c47c89c3-10, groupId=Consumer-topic-01b17a2e_b4fb_4ea0_a203_9d51c47c89c3] Finished assignment for group at generation 1: {consumer-Consumer-topic-01b17a2e_b4fb_4ea0_a203_9d51c47c89c3-10-57ecb471-0d1e-492d-aa34-ce70da8a40a8=Assignment(partitions=[topic-01b17a2e_b4fb_4ea0_a203_9d51c47c89c3-0])}
2025-09-26 18:13:38,599 INFO  [org.apa.kaf.cli.con.int.ConsumerCoordinator] (ForkJoinPool.commonPool-worker-2) [Consumer clientId=consumer-Consumer-topic-01b17a2e_b4fb_4ea0_a203_9d51c47c89c3-10, groupId=Consumer-topic-01b17a2e_b4fb_4ea0_a203_9d51c47c89c3] Successfully synced group in generation Generation{generationId=1, memberId='consumer-Consumer-topic-01b17a2e_b4fb_4ea0_a203_9d51c47c89c3-10-57ecb471-0d1e-492d-aa34-ce70da8a40a8', protocol='range'}
2025-09-26 18:13:38,599 INFO  [org.apa.kaf.cli.con.int.ConsumerCoordinator] (ForkJoinPool.commonPool-worker-2) [Consumer clientId=consumer-Consumer-topic-01b17a2e_b4fb_4ea0_a203_9d51c47c89c3-10, groupId=Consumer-topic-01b17a2e_b4fb_4ea0_a203_9d51c47c89c3] Notifying assignor about the new Assignment(partitions=[topic-01b17a2e_b4fb_4ea0_a203_9d51c47c89c3-0])
2025-09-26 18:13:38,599 INFO  [org.apa.kaf.cli.con.int.ConsumerRebalanceListenerInvoker] (ForkJoinPool.commonPool-worker-2) [Consumer clientId=consumer-Consumer-topic-01b17a2e_b4fb_4ea0_a203_9d51c47c89c3-10, groupId=Consumer-topic-01b17a2e_b4fb_4ea0_a203_9d51c47c89c3] Adding newly assigned partitions: topic-01b17a2e_b4fb_4ea0_a203_9d51c47c89c3-0
2025-09-26 18:13:38,600 INFO  [org.apa.kaf.cli.con.int.ConsumerCoordinator] (ForkJoinPool.commonPool-worker-2) [Consumer clientId=consumer-Consumer-topic-01b17a2e_b4fb_4ea0_a203_9d51c47c89c3-10, groupId=Consumer-topic-01b17a2e_b4fb_4ea0_a203_9d51c47c89c3] Found no committed offset for partition topic-01b17a2e_b4fb_4ea0_a203_9d51c47c89c3-0
2025-09-26 18:13:38,603 INFO  [org.apa.kaf.cli.con.int.SubscriptionState] (ForkJoinPool.commonPool-worker-2) [Consumer clientId=consumer-Consumer-topic-01b17a2e_b4fb_4ea0_a203_9d51c47c89c3-10, groupId=Consumer-topic-01b17a2e_b4fb_4ea0_a203_9d51c47c89c3] Resetting offset for partition topic-01b17a2e_b4fb_4ea0_a203_9d51c47c89c3-0 to position FetchPosition{offset=0, offsetEpoch=Optional.empty, currentLeader=LeaderAndEpoch{leader=Optional[localhost:32769 (id: 0 rack: null)], epoch=0}}.
2025-09-26 18:13:38,836 INFO  [io.api.tes.ser.api.KafkaSerdesTester] (ForkJoinPool.commonPool-worker-2) topic-01b17a2e_b4fb_4ea0_a203_9d51c47c89c3 0 0 {"key11758910414477": "value-0"}
2025-09-26 18:13:38,837 INFO  [io.api.tes.ser.api.KafkaSerdesTester] (ForkJoinPool.commonPool-worker-2) topic-01b17a2e_b4fb_4ea0_a203_9d51c47c89c3 0 1 {"key11758910414477": "value-1"}
2025-09-26 18:13:38,837 INFO  [io.api.tes.ser.api.KafkaSerdesTester] (ForkJoinPool.commonPool-worker-2) topic-01b17a2e_b4fb_4ea0_a203_9d51c47c89c3 0 2 {"key11758910414477": "value-2"}
2025-09-26 18:13:38,837 INFO  [io.api.tes.ser.api.KafkaSerdesTester] (ForkJoinPool.commonPool-worker-2) topic-01b17a2e_b4fb_4ea0_a203_9d51c47c89c3 0 3 {"key11758910414477": "value-3"}
2025-09-26 18:13:38,837 INFO  [io.api.tes.ser.api.KafkaSerdesTester] (ForkJoinPool.commonPool-worker-2) topic-01b17a2e_b4fb_4ea0_a203_9d51c47c89c3 0 4 {"key11758910414477": "value-4"}
2025-09-26 18:13:38,837 INFO  [io.api.tes.ser.api.KafkaSerdesTester] (ForkJoinPool.commonPool-worker-2) topic-01b17a2e_b4fb_4ea0_a203_9d51c47c89c3 0 5 {"key11758910414477": "value-5"}
2025-09-26 18:13:38,837 INFO  [io.api.tes.ser.api.KafkaSerdesTester] (ForkJoinPool.commonPool-worker-2) topic-01b17a2e_b4fb_4ea0_a203_9d51c47c89c3 0 6 {"key11758910414477": "value-6"}
2025-09-26 18:13:38,837 INFO  [io.api.tes.ser.api.KafkaSerdesTester] (ForkJoinPool.commonPool-worker-2) topic-01b17a2e_b4fb_4ea0_a203_9d51c47c89c3 0 7 {"key11758910414477": "value-7"}
2025-09-26 18:13:38,837 INFO  [io.api.tes.ser.api.KafkaSerdesTester] (ForkJoinPool.commonPool-worker-2) topic-01b17a2e_b4fb_4ea0_a203_9d51c47c89c3 0 8 {"key11758910414477": "value-8"}
2025-09-26 18:13:38,837 INFO  [io.api.tes.ser.api.KafkaSerdesTester] (ForkJoinPool.commonPool-worker-2) topic-01b17a2e_b4fb_4ea0_a203_9d51c47c89c3 0 9 {"key11758910414477": "value-9"}
2025-09-26 18:13:38,837 INFO  [io.api.tes.ser.api.KafkaSerdesTester] (ForkJoinPool.commonPool-worker-2) Consumed 10 messages
2025-09-26 18:13:38,844 INFO  [org.apa.kaf.cli.con.int.ConsumerRebalanceListenerInvoker] (ForkJoinPool.commonPool-worker-2) [Consumer clientId=consumer-Consumer-topic-01b17a2e_b4fb_4ea0_a203_9d51c47c89c3-10, groupId=Consumer-topic-01b17a2e_b4fb_4ea0_a203_9d51c47c89c3] Revoke previously assigned partitions topic-01b17a2e_b4fb_4ea0_a203_9d51c47c89c3-0
2025-09-26 18:13:38,844 INFO  [org.apa.kaf.cli.con.int.ConsumerCoordinator] (ForkJoinPool.commonPool-worker-2) [Consumer clientId=consumer-Consumer-topic-01b17a2e_b4fb_4ea0_a203_9d51c47c89c3-10, groupId=Consumer-topic-01b17a2e_b4fb_4ea0_a203_9d51c47c89c3] Member consumer-Consumer-topic-01b17a2e_b4fb_4ea0_a203_9d51c47c89c3-10-57ecb471-0d1e-492d-aa34-ce70da8a40a8 sending LeaveGroup request to coordinator localhost:32769 (id: 2147483647 rack: null) due to the consumer is being closed
2025-09-26 18:13:38,844 INFO  [org.apa.kaf.cli.con.int.ConsumerCoordinator] (ForkJoinPool.commonPool-worker-2) [Consumer clientId=consumer-Consumer-topic-01b17a2e_b4fb_4ea0_a203_9d51c47c89c3-10, groupId=Consumer-topic-01b17a2e_b4fb_4ea0_a203_9d51c47c89c3] Resetting generation and member id due to: consumer pro-actively leaving the group
2025-09-26 18:13:38,844 INFO  [org.apa.kaf.cli.con.int.ConsumerCoordinator] (ForkJoinPool.commonPool-worker-2) [Consumer clientId=consumer-Consumer-topic-01b17a2e_b4fb_4ea0_a203_9d51c47c89c3-10, groupId=Consumer-topic-01b17a2e_b4fb_4ea0_a203_9d51c47c89c3] Request joining group due to: consumer pro-actively leaving the group
2025-09-26 18:13:39,339 INFO  [org.apa.kaf.com.met.Metrics] (ForkJoinPool.commonPool-worker-2) Metrics scheduler closed
2025-09-26 18:13:39,339 INFO  [org.apa.kaf.com.met.Metrics] (ForkJoinPool.commonPool-worker-2) Closing reporter org.apache.kafka.common.metrics.JmxReporter
2025-09-26 18:13:39,339 INFO  [org.apa.kaf.com.met.Metrics] (ForkJoinPool.commonPool-worker-2) Closing reporter org.apache.kafka.common.telemetry.internals.ClientTelemetryReporter
2025-09-26 18:13:39,339 INFO  [org.apa.kaf.com.met.Metrics] (ForkJoinPool.commonPool-worker-2) Metrics reporters closed
2025-09-26 18:13:39,341 INFO  [org.apa.kaf.com.uti.AppInfoParser] (ForkJoinPool.commonPool-worker-2) App info kafka.consumer for consumer-Consumer-topic-01b17a2e_b4fb_4ea0_a203_9d51c47c89c3-10 unregistered
2025-09-26 18:13:39,342 INFO  [io.api.tes.ser.api.AvroSerdeIT] (main) Registering Avro Schema 2: {"type":"record","name":"s85f864ecx4fd2x4765xb7fax4d80d37dbb78","namespace":"ns_11159531_6dad_4ef4_8aa1_6ddd5f2d1c10","fields":[{"name":"key11758910414477","type":"string"},{"name":"key21758910419341","type":"string"}]}
**** Registry Base URL: http://registry-app-mysql.apps.ci419.apicurio-testing.org:80
2025-09-26 18:13:40,394 INFO  [org.apa.kaf.cli.pro.ProducerConfig] (main) ProducerConfig values: 
	acks = -1
	auto.include.jmx.reporter = true
	batch.size = 16384
	bootstrap.servers = [PLAINTEXT://localhost:32769]
	buffer.memory = 33554432
	client.dns.lookup = use_all_dns_ips
	client.id = Producer-topic-01b17a2e_b4fb_4ea0_a203_9d51c47c89c3
	compression.gzip.level = -1
	compression.lz4.level = 9
	compression.type = none
	compression.zstd.level = 3
	connections.max.idle.ms = 10000
	delivery.timeout.ms = 120000
	enable.idempotence = true
	enable.metrics.push = true
	interceptor.classes = []
	key.serializer = class org.apache.kafka.common.serialization.StringSerializer
	linger.ms = 0
	max.block.ms = 60000
	max.in.flight.requests.per.connection = 5
	max.request.size = 1048576
	metadata.max.age.ms = 300000
	metadata.max.idle.ms = 300000
	metadata.recovery.strategy = none
	metric.reporters = []
	metrics.num.samples = 2
	metrics.recording.level = INFO
	metrics.sample.window.ms = 30000
	partitioner.adaptive.partitioning.enable = true
	partitioner.availability.timeout.ms = 0
	partitioner.class = null
	partitioner.ignore.keys = false
	receive.buffer.bytes = 32768
	reconnect.backoff.max.ms = 1000
	reconnect.backoff.ms = 50
	request.timeout.ms = 5000
	retries = 2147483647
	retry.backoff.max.ms = 1000
	retry.backoff.ms = 100
	sasl.client.callback.handler.class = null
	sasl.jaas.config = null
	sasl.kerberos.kinit.cmd = /usr/bin/kinit
	sasl.kerberos.min.time.before.relogin = 60000
	sasl.kerberos.service.name = null
	sasl.kerberos.ticket.renew.jitter = 0.05
	sasl.kerberos.ticket.renew.window.factor = 0.8
	sasl.login.callback.handler.class = null
	sasl.login.class = null
	sasl.login.connect.timeout.ms = null
	sasl.login.read.timeout.ms = null
	sasl.login.refresh.buffer.seconds = 300
	sasl.login.refresh.min.period.seconds = 60
	sasl.login.refresh.window.factor = 0.8
	sasl.login.refresh.window.jitter = 0.05
	sasl.login.retry.backoff.max.ms = 10000
	sasl.login.retry.backoff.ms = 100
	sasl.mechanism = GSSAPI
	sasl.oauthbearer.clock.skew.seconds = 30
	sasl.oauthbearer.expected.audience = null
	sasl.oauthbearer.expected.issuer = null
	sasl.oauthbearer.header.urlencode = false
	sasl.oauthbearer.jwks.endpoint.refresh.ms = 3600000
	sasl.oauthbearer.jwks.endpoint.retry.backoff.max.ms = 10000
	sasl.oauthbearer.jwks.endpoint.retry.backoff.ms = 100
	sasl.oauthbearer.jwks.endpoint.url = null
	sasl.oauthbearer.scope.claim.name = scope
	sasl.oauthbearer.sub.claim.name = sub
	sasl.oauthbearer.token.endpoint.url = null
	security.protocol = PLAINTEXT
	security.providers = null
	send.buffer.bytes = 131072
	socket.connection.setup.timeout.max.ms = 30000
	socket.connection.setup.timeout.ms = 10000
	ssl.cipher.suites = null
	ssl.enabled.protocols = [TLSv1.2, TLSv1.3]
	ssl.endpoint.identification.algorithm = https
	ssl.engine.factory.class = null
	ssl.key.password = null
	ssl.keymanager.algorithm = SunX509
	ssl.keystore.certificate.chain = null
	ssl.keystore.key = null
	ssl.keystore.location = null
	ssl.keystore.password = null
	ssl.keystore.type = JKS
	ssl.protocol = TLSv1.3
	ssl.provider = null
	ssl.secure.random.implementation = null
	ssl.trustmanager.algorithm = PKIX
	ssl.truststore.certificates = null
	ssl.truststore.location = null
	ssl.truststore.password = null
	ssl.truststore.type = JKS
	transaction.timeout.ms = 60000
	transactional.id = null
	value.serializer = class io.apicurio.registry.serde.avro.AvroKafkaSerializer

2025-09-26 18:13:40,394 INFO  [org.apa.kaf.com.tel.int.KafkaMetricsCollector] (main) initializing Kafka metrics collector
2025-09-26 18:13:40,397 INFO  [org.apa.kaf.cli.pro.KafkaProducer] (main) [Producer clientId=Producer-topic-01b17a2e_b4fb_4ea0_a203_9d51c47c89c3] Instantiated an idempotent producer.
2025-09-26 18:13:40,398 INFO  [org.apa.kaf.cli.pro.ProducerConfig] (main) These configurations '[apicurio.registry.url, apicurio.registry.artifact-resolver-strategy]' were supplied but are not used yet.
2025-09-26 18:13:40,398 INFO  [org.apa.kaf.com.uti.AppInfoParser] (main) Kafka version: 3.9.1
2025-09-26 18:13:40,398 INFO  [org.apa.kaf.com.uti.AppInfoParser] (main) Kafka commitId: f745dfdcee2b9851
2025-09-26 18:13:40,398 INFO  [org.apa.kaf.com.uti.AppInfoParser] (main) Kafka startTimeMs: 1758910420398
2025-09-26 18:13:40,398 INFO  [io.api.tes.ser.api.KafkaSerdesTester] (ForkJoinPool.commonPool-worker-2) Sending message {"key11758910414477": "value-0", "key21758910419341": "value-0"} to topic topic-01b17a2e_b4fb_4ea0_a203_9d51c47c89c3
2025-09-26 18:13:40,401 INFO  [org.apa.kaf.cli.Metadata] (kafka-producer-network-thread | Producer-topic-01b17a2e_b4fb_4ea0_a203_9d51c47c89c3) [Producer clientId=Producer-topic-01b17a2e_b4fb_4ea0_a203_9d51c47c89c3] Cluster ID: y_JNGwQJRlem7c5NGbSJCg
2025-09-26 18:13:40,401 INFO  [org.apa.kaf.cli.pro.int.TransactionManager] (kafka-producer-network-thread | Producer-topic-01b17a2e_b4fb_4ea0_a203_9d51c47c89c3) [Producer clientId=Producer-topic-01b17a2e_b4fb_4ea0_a203_9d51c47c89c3] ProducerId set to 13 with epoch 0
2025-09-26 18:13:40,401 INFO  [DefaultSchemaResolver] (ForkJoinPool.commonPool-worker-2) Retrieving schema content using string: {"type":"record","name":"s85f864ecx4fd2x4765xb7fax4d80d37dbb78","namespace":"ns_11159531_6dad_4ef4_8aa1_6ddd5f2d1c10","fields":[{"name":"key11758910414477","type":"string"},{"name":"key21758910419341","type":"string"}]}
2025-09-26 18:13:40,421 INFO  [io.api.tes.ser.api.KafkaSerdesTester] (ForkJoinPool.commonPool-worker-2) Sending message {"key11758910414477": "value-1", "key21758910419341": "value-1"} to topic topic-01b17a2e_b4fb_4ea0_a203_9d51c47c89c3
2025-09-26 18:13:40,423 INFO  [io.api.tes.ser.api.KafkaSerdesTester] (ForkJoinPool.commonPool-worker-2) Sending message {"key11758910414477": "value-2", "key21758910419341": "value-2"} to topic topic-01b17a2e_b4fb_4ea0_a203_9d51c47c89c3
2025-09-26 18:13:40,424 INFO  [io.api.tes.ser.api.KafkaSerdesTester] (ForkJoinPool.commonPool-worker-2) Sending message {"key11758910414477": "value-3", "key21758910419341": "value-3"} to topic topic-01b17a2e_b4fb_4ea0_a203_9d51c47c89c3
2025-09-26 18:13:40,425 INFO  [io.api.tes.ser.api.KafkaSerdesTester] (ForkJoinPool.commonPool-worker-2) Sending message {"key11758910414477": "value-4", "key21758910419341": "value-4"} to topic topic-01b17a2e_b4fb_4ea0_a203_9d51c47c89c3
2025-09-26 18:13:40,426 INFO  [io.api.tes.ser.api.KafkaSerdesTester] (ForkJoinPool.commonPool-worker-2) Sending message {"key11758910414477": "value-5", "key21758910419341": "value-5"} to topic topic-01b17a2e_b4fb_4ea0_a203_9d51c47c89c3
2025-09-26 18:13:40,427 INFO  [io.api.tes.ser.api.KafkaSerdesTester] (ForkJoinPool.commonPool-worker-2) Sending message {"key11758910414477": "value-6", "key21758910419341": "value-6"} to topic topic-01b17a2e_b4fb_4ea0_a203_9d51c47c89c3
2025-09-26 18:13:40,429 INFO  [io.api.tes.ser.api.KafkaSerdesTester] (ForkJoinPool.commonPool-worker-2) Sending message {"key11758910414477": "value-7", "key21758910419341": "value-7"} to topic topic-01b17a2e_b4fb_4ea0_a203_9d51c47c89c3
2025-09-26 18:13:40,430 INFO  [io.api.tes.ser.api.KafkaSerdesTester] (ForkJoinPool.commonPool-worker-2) Sending message {"key11758910414477": "value-8", "key21758910419341": "value-8"} to topic topic-01b17a2e_b4fb_4ea0_a203_9d51c47c89c3
2025-09-26 18:13:40,431 INFO  [io.api.tes.ser.api.KafkaSerdesTester] (ForkJoinPool.commonPool-worker-2) Sending message {"key11758910414477": "value-9", "key21758910419341": "value-9"} to topic topic-01b17a2e_b4fb_4ea0_a203_9d51c47c89c3
2025-09-26 18:13:40,432 INFO  [io.api.tes.ser.api.KafkaSerdesTester] (ForkJoinPool.commonPool-worker-2) Produced 10 messages
2025-09-26 18:13:40,432 INFO  [org.apa.kaf.cli.pro.KafkaProducer] (ForkJoinPool.commonPool-worker-2) [Producer clientId=Producer-topic-01b17a2e_b4fb_4ea0_a203_9d51c47c89c3] Closing the Kafka producer with timeoutMillis = 9223372036854775807 ms.
2025-09-26 18:13:40,434 INFO  [org.apa.kaf.com.met.Metrics] (ForkJoinPool.commonPool-worker-2) Metrics scheduler closed
2025-09-26 18:13:40,434 INFO  [org.apa.kaf.com.met.Metrics] (ForkJoinPool.commonPool-worker-2) Closing reporter org.apache.kafka.common.metrics.JmxReporter
2025-09-26 18:13:40,434 INFO  [org.apa.kaf.com.met.Metrics] (ForkJoinPool.commonPool-worker-2) Closing reporter org.apache.kafka.common.telemetry.internals.ClientTelemetryReporter
2025-09-26 18:13:40,434 INFO  [org.apa.kaf.com.met.Metrics] (ForkJoinPool.commonPool-worker-2) Metrics reporters closed
2025-09-26 18:13:40,434 INFO  [org.apa.kaf.com.uti.AppInfoParser] (ForkJoinPool.commonPool-worker-2) App info kafka.producer for Producer-topic-01b17a2e_b4fb_4ea0_a203_9d51c47c89c3 unregistered
**** Registry Base URL: http://registry-app-mysql.apps.ci419.apicurio-testing.org:80
2025-09-26 18:13:40,434 INFO  [org.apa.kaf.cli.pro.ProducerConfig] (main) ProducerConfig values: 
	acks = -1
	auto.include.jmx.reporter = true
	batch.size = 16384
	bootstrap.servers = [PLAINTEXT://localhost:32769]
	buffer.memory = 33554432
	client.dns.lookup = use_all_dns_ips
	client.id = Producer-topic-01b17a2e_b4fb_4ea0_a203_9d51c47c89c3
	compression.gzip.level = -1
	compression.lz4.level = 9
	compression.type = none
	compression.zstd.level = 3
	connections.max.idle.ms = 10000
	delivery.timeout.ms = 120000
	enable.idempotence = true
	enable.metrics.push = true
	interceptor.classes = []
	key.serializer = class org.apache.kafka.common.serialization.StringSerializer
	linger.ms = 0
	max.block.ms = 60000
	max.in.flight.requests.per.connection = 5
	max.request.size = 1048576
	metadata.max.age.ms = 300000
	metadata.max.idle.ms = 300000
	metadata.recovery.strategy = none
	metric.reporters = []
	metrics.num.samples = 2
	metrics.recording.level = INFO
	metrics.sample.window.ms = 30000
	partitioner.adaptive.partitioning.enable = true
	partitioner.availability.timeout.ms = 0
	partitioner.class = null
	partitioner.ignore.keys = false
	receive.buffer.bytes = 32768
	reconnect.backoff.max.ms = 1000
	reconnect.backoff.ms = 50
	request.timeout.ms = 5000
	retries = 2147483647
	retry.backoff.max.ms = 1000
	retry.backoff.ms = 100
	sasl.client.callback.handler.class = null
	sasl.jaas.config = null
	sasl.kerberos.kinit.cmd = /usr/bin/kinit
	sasl.kerberos.min.time.before.relogin = 60000
	sasl.kerberos.service.name = null
	sasl.kerberos.ticket.renew.jitter = 0.05
	sasl.kerberos.ticket.renew.window.factor = 0.8
	sasl.login.callback.handler.class = null
	sasl.login.class = null
	sasl.login.connect.timeout.ms = null
	sasl.login.read.timeout.ms = null
	sasl.login.refresh.buffer.seconds = 300
	sasl.login.refresh.min.period.seconds = 60
	sasl.login.refresh.window.factor = 0.8
	sasl.login.refresh.window.jitter = 0.05
	sasl.login.retry.backoff.max.ms = 10000
	sasl.login.retry.backoff.ms = 100
	sasl.mechanism = GSSAPI
	sasl.oauthbearer.clock.skew.seconds = 30
	sasl.oauthbearer.expected.audience = null
	sasl.oauthbearer.expected.issuer = null
	sasl.oauthbearer.header.urlencode = false
	sasl.oauthbearer.jwks.endpoint.refresh.ms = 3600000
	sasl.oauthbearer.jwks.endpoint.retry.backoff.max.ms = 10000
	sasl.oauthbearer.jwks.endpoint.retry.backoff.ms = 100
	sasl.oauthbearer.jwks.endpoint.url = null
	sasl.oauthbearer.scope.claim.name = scope
	sasl.oauthbearer.sub.claim.name = sub
	sasl.oauthbearer.token.endpoint.url = null
	security.protocol = PLAINTEXT
	security.providers = null
	send.buffer.bytes = 131072
	socket.connection.setup.timeout.max.ms = 30000
	socket.connection.setup.timeout.ms = 10000
	ssl.cipher.suites = null
	ssl.enabled.protocols = [TLSv1.2, TLSv1.3]
	ssl.endpoint.identification.algorithm = https
	ssl.engine.factory.class = null
	ssl.key.password = null
	ssl.keymanager.algorithm = SunX509
	ssl.keystore.certificate.chain = null
	ssl.keystore.key = null
	ssl.keystore.location = null
	ssl.keystore.password = null
	ssl.keystore.type = JKS
	ssl.protocol = TLSv1.3
	ssl.provider = null
	ssl.secure.random.implementation = null
	ssl.trustmanager.algorithm = PKIX
	ssl.truststore.certificates = null
	ssl.truststore.location = null
	ssl.truststore.password = null
	ssl.truststore.type = JKS
	transaction.timeout.ms = 60000
	transactional.id = null
	value.serializer = class io.apicurio.registry.serde.avro.AvroKafkaSerializer

2025-09-26 18:13:40,435 INFO  [org.apa.kaf.com.tel.int.KafkaMetricsCollector] (main) initializing Kafka metrics collector
2025-09-26 18:13:40,438 INFO  [org.apa.kaf.cli.pro.KafkaProducer] (main) [Producer clientId=Producer-topic-01b17a2e_b4fb_4ea0_a203_9d51c47c89c3] Instantiated an idempotent producer.
2025-09-26 18:13:40,439 INFO  [org.apa.kaf.cli.pro.ProducerConfig] (main) These configurations '[apicurio.registry.url, apicurio.registry.artifact-resolver-strategy]' were supplied but are not used yet.
2025-09-26 18:13:40,439 INFO  [org.apa.kaf.com.uti.AppInfoParser] (main) Kafka version: 3.9.1
2025-09-26 18:13:40,439 INFO  [org.apa.kaf.com.uti.AppInfoParser] (main) Kafka commitId: f745dfdcee2b9851
2025-09-26 18:13:40,439 INFO  [org.apa.kaf.com.uti.AppInfoParser] (main) Kafka startTimeMs: 1758910420439
2025-09-26 18:13:40,440 INFO  [io.api.tes.ser.api.KafkaSerdesTester] (ForkJoinPool.commonPool-worker-2) Sending message {"key11758910414477": "value-0"} to topic topic-01b17a2e_b4fb_4ea0_a203_9d51c47c89c3
2025-09-26 18:13:40,442 INFO  [org.apa.kaf.cli.Metadata] (kafka-producer-network-thread | Producer-topic-01b17a2e_b4fb_4ea0_a203_9d51c47c89c3) [Producer clientId=Producer-topic-01b17a2e_b4fb_4ea0_a203_9d51c47c89c3] Cluster ID: y_JNGwQJRlem7c5NGbSJCg
2025-09-26 18:13:40,443 INFO  [org.apa.kaf.cli.pro.int.TransactionManager] (kafka-producer-network-thread | Producer-topic-01b17a2e_b4fb_4ea0_a203_9d51c47c89c3) [Producer clientId=Producer-topic-01b17a2e_b4fb_4ea0_a203_9d51c47c89c3] ProducerId set to 14 with epoch 0
2025-09-26 18:13:40,443 INFO  [DefaultSchemaResolver] (ForkJoinPool.commonPool-worker-2) Retrieving schema content using string: {"type":"record","name":"s85f864ecx4fd2x4765xb7fax4d80d37dbb78","namespace":"ns_11159531_6dad_4ef4_8aa1_6ddd5f2d1c10","fields":[{"name":"key11758910414477","type":"string"}]}
2025-09-26 18:13:40,462 INFO  [io.api.tes.ser.api.KafkaSerdesTester] (ForkJoinPool.commonPool-worker-2) Sending message {"key11758910414477": "value-1"} to topic topic-01b17a2e_b4fb_4ea0_a203_9d51c47c89c3
2025-09-26 18:13:40,463 INFO  [io.api.tes.ser.api.KafkaSerdesTester] (ForkJoinPool.commonPool-worker-2) Sending message {"key11758910414477": "value-2"} to topic topic-01b17a2e_b4fb_4ea0_a203_9d51c47c89c3
2025-09-26 18:13:40,464 INFO  [io.api.tes.ser.api.KafkaSerdesTester] (ForkJoinPool.commonPool-worker-2) Sending message {"key11758910414477": "value-3"} to topic topic-01b17a2e_b4fb_4ea0_a203_9d51c47c89c3
2025-09-26 18:13:40,466 INFO  [io.api.tes.ser.api.KafkaSerdesTester] (ForkJoinPool.commonPool-worker-2) Sending message {"key11758910414477": "value-4"} to topic topic-01b17a2e_b4fb_4ea0_a203_9d51c47c89c3
2025-09-26 18:13:40,467 INFO  [io.api.tes.ser.api.KafkaSerdesTester] (ForkJoinPool.commonPool-worker-2) Sending message {"key11758910414477": "value-5"} to topic topic-01b17a2e_b4fb_4ea0_a203_9d51c47c89c3
2025-09-26 18:13:40,468 INFO  [io.api.tes.ser.api.KafkaSerdesTester] (ForkJoinPool.commonPool-worker-2) Sending message {"key11758910414477": "value-6"} to topic topic-01b17a2e_b4fb_4ea0_a203_9d51c47c89c3
2025-09-26 18:13:40,469 INFO  [io.api.tes.ser.api.KafkaSerdesTester] (ForkJoinPool.commonPool-worker-2) Sending message {"key11758910414477": "value-7"} to topic topic-01b17a2e_b4fb_4ea0_a203_9d51c47c89c3
2025-09-26 18:13:40,470 INFO  [io.api.tes.ser.api.KafkaSerdesTester] (ForkJoinPool.commonPool-worker-2) Sending message {"key11758910414477": "value-8"} to topic topic-01b17a2e_b4fb_4ea0_a203_9d51c47c89c3
2025-09-26 18:13:40,471 INFO  [io.api.tes.ser.api.KafkaSerdesTester] (ForkJoinPool.commonPool-worker-2) Sending message {"key11758910414477": "value-9"} to topic topic-01b17a2e_b4fb_4ea0_a203_9d51c47c89c3
2025-09-26 18:13:40,472 INFO  [io.api.tes.ser.api.KafkaSerdesTester] (ForkJoinPool.commonPool-worker-2) Produced 10 messages
2025-09-26 18:13:40,472 INFO  [org.apa.kaf.cli.pro.KafkaProducer] (ForkJoinPool.commonPool-worker-2) [Producer clientId=Producer-topic-01b17a2e_b4fb_4ea0_a203_9d51c47c89c3] Closing the Kafka producer with timeoutMillis = 9223372036854775807 ms.
2025-09-26 18:13:40,474 INFO  [org.apa.kaf.com.met.Metrics] (ForkJoinPool.commonPool-worker-2) Metrics scheduler closed
2025-09-26 18:13:40,474 INFO  [org.apa.kaf.com.met.Metrics] (ForkJoinPool.commonPool-worker-2) Closing reporter org.apache.kafka.common.metrics.JmxReporter
2025-09-26 18:13:40,474 INFO  [org.apa.kaf.com.met.Metrics] (ForkJoinPool.commonPool-worker-2) Closing reporter org.apache.kafka.common.telemetry.internals.ClientTelemetryReporter
2025-09-26 18:13:40,474 INFO  [org.apa.kaf.com.met.Metrics] (ForkJoinPool.commonPool-worker-2) Metrics reporters closed
2025-09-26 18:13:40,474 INFO  [org.apa.kaf.com.uti.AppInfoParser] (ForkJoinPool.commonPool-worker-2) App info kafka.producer for Producer-topic-01b17a2e_b4fb_4ea0_a203_9d51c47c89c3 unregistered
**** Registry Base URL: http://registry-app-mysql.apps.ci419.apicurio-testing.org:80
2025-09-26 18:13:40,475 INFO  [org.apa.kaf.cli.con.ConsumerConfig] (main) ConsumerConfig values: 
	allow.auto.create.topics = true
	auto.commit.interval.ms = 500
	auto.include.jmx.reporter = true
	auto.offset.reset = earliest
	bootstrap.servers = [PLAINTEXT://localhost:32769]
	check.crcs = true
	client.dns.lookup = use_all_dns_ips
	client.id = consumer-Consumer-topic-01b17a2e_b4fb_4ea0_a203_9d51c47c89c3-11
	client.rack = 
	connections.max.idle.ms = 10000
	default.api.timeout.ms = 60000
	enable.auto.commit = true
	enable.metrics.push = true
	exclude.internal.topics = true
	fetch.max.bytes = 52428800
	fetch.max.wait.ms = 500
	fetch.min.bytes = 1
	group.id = Consumer-topic-01b17a2e_b4fb_4ea0_a203_9d51c47c89c3
	group.instance.id = null
	group.protocol = classic
	group.remote.assignor = null
	heartbeat.interval.ms = 3000
	interceptor.classes = []
	internal.leave.group.on.close = true
	internal.throw.on.fetch.stable.offset.unsupported = false
	isolation.level = read_uncommitted
	key.deserializer = class org.apache.kafka.common.serialization.StringDeserializer
	max.partition.fetch.bytes = 1048576
	max.poll.interval.ms = 300000
	max.poll.records = 500
	metadata.max.age.ms = 300000
	metadata.recovery.strategy = none
	metric.reporters = []
	metrics.num.samples = 2
	metrics.recording.level = INFO
	metrics.sample.window.ms = 30000
	partition.assignment.strategy = [class org.apache.kafka.clients.consumer.RangeAssignor, class org.apache.kafka.clients.consumer.CooperativeStickyAssignor]
	receive.buffer.bytes = 65536
	reconnect.backoff.max.ms = 1000
	reconnect.backoff.ms = 50
	request.timeout.ms = 5000
	retry.backoff.max.ms = 1000
	retry.backoff.ms = 100
	sasl.client.callback.handler.class = null
	sasl.jaas.config = null
	sasl.kerberos.kinit.cmd = /usr/bin/kinit
	sasl.kerberos.min.time.before.relogin = 60000
	sasl.kerberos.service.name = null
	sasl.kerberos.ticket.renew.jitter = 0.05
	sasl.kerberos.ticket.renew.window.factor = 0.8
	sasl.login.callback.handler.class = null
	sasl.login.class = null
	sasl.login.connect.timeout.ms = null
	sasl.login.read.timeout.ms = null
	sasl.login.refresh.buffer.seconds = 300
	sasl.login.refresh.min.period.seconds = 60
	sasl.login.refresh.window.factor = 0.8
	sasl.login.refresh.window.jitter = 0.05
	sasl.login.retry.backoff.max.ms = 10000
	sasl.login.retry.backoff.ms = 100
	sasl.mechanism = GSSAPI
	sasl.oauthbearer.clock.skew.seconds = 30
	sasl.oauthbearer.expected.audience = null
	sasl.oauthbearer.expected.issuer = null
	sasl.oauthbearer.header.urlencode = false
	sasl.oauthbearer.jwks.endpoint.refresh.ms = 3600000
	sasl.oauthbearer.jwks.endpoint.retry.backoff.max.ms = 10000
	sasl.oauthbearer.jwks.endpoint.retry.backoff.ms = 100
	sasl.oauthbearer.jwks.endpoint.url = null
	sasl.oauthbearer.scope.claim.name = scope
	sasl.oauthbearer.sub.claim.name = sub
	sasl.oauthbearer.token.endpoint.url = null
	security.protocol = PLAINTEXT
	security.providers = null
	send.buffer.bytes = 131072
	session.timeout.ms = 45000
	socket.connection.setup.timeout.max.ms = 30000
	socket.connection.setup.timeout.ms = 10000
	ssl.cipher.suites = null
	ssl.enabled.protocols = [TLSv1.2, TLSv1.3]
	ssl.endpoint.identification.algorithm = https
	ssl.engine.factory.class = null
	ssl.key.password = null
	ssl.keymanager.algorithm = SunX509
	ssl.keystore.certificate.chain = null
	ssl.keystore.key = null
	ssl.keystore.location = null
	ssl.keystore.password = null
	ssl.keystore.type = JKS
	ssl.protocol = TLSv1.3
	ssl.provider = null
	ssl.secure.random.implementation = null
	ssl.trustmanager.algorithm = PKIX
	ssl.truststore.certificates = null
	ssl.truststore.location = null
	ssl.truststore.password = null
	ssl.truststore.type = JKS
	value.deserializer = class io.apicurio.registry.serde.avro.AvroKafkaDeserializer

2025-09-26 18:13:40,475 INFO  [org.apa.kaf.com.tel.int.KafkaMetricsCollector] (main) initializing Kafka metrics collector
2025-09-26 18:13:40,479 INFO  [org.apa.kaf.cli.con.ConsumerConfig] (main) These configurations '[apicurio.registry.url]' were supplied but are not used yet.
2025-09-26 18:13:40,480 INFO  [org.apa.kaf.com.uti.AppInfoParser] (main) Kafka version: 3.9.1
2025-09-26 18:13:40,480 INFO  [org.apa.kaf.com.uti.AppInfoParser] (main) Kafka commitId: f745dfdcee2b9851
2025-09-26 18:13:40,480 INFO  [org.apa.kaf.com.uti.AppInfoParser] (main) Kafka startTimeMs: 1758910420480
2025-09-26 18:13:40,480 INFO  [org.apa.kaf.cli.con.int.ClassicKafkaConsumer] (ForkJoinPool.commonPool-worker-2) [Consumer clientId=consumer-Consumer-topic-01b17a2e_b4fb_4ea0_a203_9d51c47c89c3-11, groupId=Consumer-topic-01b17a2e_b4fb_4ea0_a203_9d51c47c89c3] Subscribed to topic(s): topic-01b17a2e_b4fb_4ea0_a203_9d51c47c89c3
2025-09-26 18:13:40,483 INFO  [org.apa.kaf.cli.Metadata] (ForkJoinPool.commonPool-worker-2) [Consumer clientId=consumer-Consumer-topic-01b17a2e_b4fb_4ea0_a203_9d51c47c89c3-11, groupId=Consumer-topic-01b17a2e_b4fb_4ea0_a203_9d51c47c89c3] Cluster ID: y_JNGwQJRlem7c5NGbSJCg
2025-09-26 18:13:40,483 INFO  [org.apa.kaf.cli.con.int.ConsumerCoordinator] (ForkJoinPool.commonPool-worker-2) [Consumer clientId=consumer-Consumer-topic-01b17a2e_b4fb_4ea0_a203_9d51c47c89c3-11, groupId=Consumer-topic-01b17a2e_b4fb_4ea0_a203_9d51c47c89c3] Discovered group coordinator localhost:32769 (id: 2147483647 rack: null)
2025-09-26 18:13:40,484 INFO  [org.apa.kaf.cli.con.int.ConsumerCoordinator] (ForkJoinPool.commonPool-worker-2) [Consumer clientId=consumer-Consumer-topic-01b17a2e_b4fb_4ea0_a203_9d51c47c89c3-11, groupId=Consumer-topic-01b17a2e_b4fb_4ea0_a203_9d51c47c89c3] (Re-)joining group
2025-09-26 18:13:40,486 INFO  [org.apa.kaf.cli.con.int.ConsumerCoordinator] (ForkJoinPool.commonPool-worker-2) [Consumer clientId=consumer-Consumer-topic-01b17a2e_b4fb_4ea0_a203_9d51c47c89c3-11, groupId=Consumer-topic-01b17a2e_b4fb_4ea0_a203_9d51c47c89c3] Request joining group due to: need to re-join with the given member-id: consumer-Consumer-topic-01b17a2e_b4fb_4ea0_a203_9d51c47c89c3-11-f497c960-cf98-45a6-abf7-1368d2216dfe
2025-09-26 18:13:40,486 INFO  [org.apa.kaf.cli.con.int.ConsumerCoordinator] (ForkJoinPool.commonPool-worker-2) [Consumer clientId=consumer-Consumer-topic-01b17a2e_b4fb_4ea0_a203_9d51c47c89c3-11, groupId=Consumer-topic-01b17a2e_b4fb_4ea0_a203_9d51c47c89c3] (Re-)joining group
2025-09-26 18:13:41,480 INFO  [io.api.tes.ser.api.KafkaSerdesTester] (ForkJoinPool.commonPool-worker-2) None found
2025-09-26 18:13:42,480 INFO  [io.api.tes.ser.api.KafkaSerdesTester] (ForkJoinPool.commonPool-worker-2) None found
2025-09-26 18:13:43,480 INFO  [io.api.tes.ser.api.KafkaSerdesTester] (ForkJoinPool.commonPool-worker-2) None found
2025-09-26 18:13:43,487 INFO  [org.apa.kaf.cli.con.int.ConsumerCoordinator] (ForkJoinPool.commonPool-worker-2) [Consumer clientId=consumer-Consumer-topic-01b17a2e_b4fb_4ea0_a203_9d51c47c89c3-11, groupId=Consumer-topic-01b17a2e_b4fb_4ea0_a203_9d51c47c89c3] Successfully joined group with generation Generation{generationId=3, memberId='consumer-Consumer-topic-01b17a2e_b4fb_4ea0_a203_9d51c47c89c3-11-f497c960-cf98-45a6-abf7-1368d2216dfe', protocol='range'}
2025-09-26 18:13:43,488 INFO  [org.apa.kaf.cli.con.int.ConsumerCoordinator] (ForkJoinPool.commonPool-worker-2) [Consumer clientId=consumer-Consumer-topic-01b17a2e_b4fb_4ea0_a203_9d51c47c89c3-11, groupId=Consumer-topic-01b17a2e_b4fb_4ea0_a203_9d51c47c89c3] Finished assignment for group at generation 3: {consumer-Consumer-topic-01b17a2e_b4fb_4ea0_a203_9d51c47c89c3-11-f497c960-cf98-45a6-abf7-1368d2216dfe=Assignment(partitions=[topic-01b17a2e_b4fb_4ea0_a203_9d51c47c89c3-0])}
2025-09-26 18:13:43,494 INFO  [org.apa.kaf.cli.con.int.ConsumerCoordinator] (ForkJoinPool.commonPool-worker-2) [Consumer clientId=consumer-Consumer-topic-01b17a2e_b4fb_4ea0_a203_9d51c47c89c3-11, groupId=Consumer-topic-01b17a2e_b4fb_4ea0_a203_9d51c47c89c3] Successfully synced group in generation Generation{generationId=3, memberId='consumer-Consumer-topic-01b17a2e_b4fb_4ea0_a203_9d51c47c89c3-11-f497c960-cf98-45a6-abf7-1368d2216dfe', protocol='range'}
2025-09-26 18:13:43,494 INFO  [org.apa.kaf.cli.con.int.ConsumerCoordinator] (ForkJoinPool.commonPool-worker-2) [Consumer clientId=consumer-Consumer-topic-01b17a2e_b4fb_4ea0_a203_9d51c47c89c3-11, groupId=Consumer-topic-01b17a2e_b4fb_4ea0_a203_9d51c47c89c3] Notifying assignor about the new Assignment(partitions=[topic-01b17a2e_b4fb_4ea0_a203_9d51c47c89c3-0])
2025-09-26 18:13:43,494 INFO  [org.apa.kaf.cli.con.int.ConsumerRebalanceListenerInvoker] (ForkJoinPool.commonPool-worker-2) [Consumer clientId=consumer-Consumer-topic-01b17a2e_b4fb_4ea0_a203_9d51c47c89c3-11, groupId=Consumer-topic-01b17a2e_b4fb_4ea0_a203_9d51c47c89c3] Adding newly assigned partitions: topic-01b17a2e_b4fb_4ea0_a203_9d51c47c89c3-0
2025-09-26 18:13:43,496 INFO  [org.apa.kaf.cli.con.int.ConsumerUtils] (ForkJoinPool.commonPool-worker-2) Setting offset for partition topic-01b17a2e_b4fb_4ea0_a203_9d51c47c89c3-0 to the committed offset FetchPosition{offset=10, offsetEpoch=Optional[0], currentLeader=LeaderAndEpoch{leader=Optional[localhost:32769 (id: 0 rack: null)], epoch=0}}
2025-09-26 18:13:43,542 INFO  [io.api.tes.ser.api.KafkaSerdesTester] (ForkJoinPool.commonPool-worker-2) topic-01b17a2e_b4fb_4ea0_a203_9d51c47c89c3 0 10 {"key11758910414477": "value-0", "key21758910419341": "value-0"}
2025-09-26 18:13:43,542 INFO  [io.api.tes.ser.api.KafkaSerdesTester] (ForkJoinPool.commonPool-worker-2) topic-01b17a2e_b4fb_4ea0_a203_9d51c47c89c3 0 11 {"key11758910414477": "value-1", "key21758910419341": "value-1"}
2025-09-26 18:13:43,542 INFO  [io.api.tes.ser.api.KafkaSerdesTester] (ForkJoinPool.commonPool-worker-2) topic-01b17a2e_b4fb_4ea0_a203_9d51c47c89c3 0 12 {"key11758910414477": "value-2", "key21758910419341": "value-2"}
2025-09-26 18:13:43,542 INFO  [io.api.tes.ser.api.KafkaSerdesTester] (ForkJoinPool.commonPool-worker-2) topic-01b17a2e_b4fb_4ea0_a203_9d51c47c89c3 0 13 {"key11758910414477": "value-3", "key21758910419341": "value-3"}
2025-09-26 18:13:43,542 INFO  [io.api.tes.ser.api.KafkaSerdesTester] (ForkJoinPool.commonPool-worker-2) topic-01b17a2e_b4fb_4ea0_a203_9d51c47c89c3 0 14 {"key11758910414477": "value-4", "key21758910419341": "value-4"}
2025-09-26 18:13:43,542 INFO  [io.api.tes.ser.api.KafkaSerdesTester] (ForkJoinPool.commonPool-worker-2) topic-01b17a2e_b4fb_4ea0_a203_9d51c47c89c3 0 15 {"key11758910414477": "value-5", "key21758910419341": "value-5"}
2025-09-26 18:13:43,542 INFO  [io.api.tes.ser.api.KafkaSerdesTester] (ForkJoinPool.commonPool-worker-2) topic-01b17a2e_b4fb_4ea0_a203_9d51c47c89c3 0 16 {"key11758910414477": "value-6", "key21758910419341": "value-6"}
2025-09-26 18:13:43,542 INFO  [io.api.tes.ser.api.KafkaSerdesTester] (ForkJoinPool.commonPool-worker-2) topic-01b17a2e_b4fb_4ea0_a203_9d51c47c89c3 0 17 {"key11758910414477": "value-7", "key21758910419341": "value-7"}
2025-09-26 18:13:43,542 INFO  [io.api.tes.ser.api.KafkaSerdesTester] (ForkJoinPool.commonPool-worker-2) topic-01b17a2e_b4fb_4ea0_a203_9d51c47c89c3 0 18 {"key11758910414477": "value-8", "key21758910419341": "value-8"}
2025-09-26 18:13:43,542 INFO  [io.api.tes.ser.api.KafkaSerdesTester] (ForkJoinPool.commonPool-worker-2) topic-01b17a2e_b4fb_4ea0_a203_9d51c47c89c3 0 19 {"key11758910414477": "value-9", "key21758910419341": "value-9"}
2025-09-26 18:13:43,542 INFO  [io.api.tes.ser.api.KafkaSerdesTester] (ForkJoinPool.commonPool-worker-2) topic-01b17a2e_b4fb_4ea0_a203_9d51c47c89c3 0 20 {"key11758910414477": "value-0"}
2025-09-26 18:13:43,542 INFO  [io.api.tes.ser.api.KafkaSerdesTester] (ForkJoinPool.commonPool-worker-2) topic-01b17a2e_b4fb_4ea0_a203_9d51c47c89c3 0 21 {"key11758910414477": "value-1"}
2025-09-26 18:13:43,542 INFO  [io.api.tes.ser.api.KafkaSerdesTester] (ForkJoinPool.commonPool-worker-2) topic-01b17a2e_b4fb_4ea0_a203_9d51c47c89c3 0 22 {"key11758910414477": "value-2"}
2025-09-26 18:13:43,542 INFO  [io.api.tes.ser.api.KafkaSerdesTester] (ForkJoinPool.commonPool-worker-2) topic-01b17a2e_b4fb_4ea0_a203_9d51c47c89c3 0 23 {"key11758910414477": "value-3"}
2025-09-26 18:13:43,542 INFO  [io.api.tes.ser.api.KafkaSerdesTester] (ForkJoinPool.commonPool-worker-2) topic-01b17a2e_b4fb_4ea0_a203_9d51c47c89c3 0 24 {"key11758910414477": "value-4"}
2025-09-26 18:13:43,542 INFO  [io.api.tes.ser.api.KafkaSerdesTester] (ForkJoinPool.commonPool-worker-2) topic-01b17a2e_b4fb_4ea0_a203_9d51c47c89c3 0 25 {"key11758910414477": "value-5"}
2025-09-26 18:13:43,542 INFO  [io.api.tes.ser.api.KafkaSerdesTester] (ForkJoinPool.commonPool-worker-2) topic-01b17a2e_b4fb_4ea0_a203_9d51c47c89c3 0 26 {"key11758910414477": "value-6"}
2025-09-26 18:13:43,542 INFO  [io.api.tes.ser.api.KafkaSerdesTester] (ForkJoinPool.commonPool-worker-2) topic-01b17a2e_b4fb_4ea0_a203_9d51c47c89c3 0 27 {"key11758910414477": "value-7"}
2025-09-26 18:13:43,542 INFO  [io.api.tes.ser.api.KafkaSerdesTester] (ForkJoinPool.commonPool-worker-2) topic-01b17a2e_b4fb_4ea0_a203_9d51c47c89c3 0 28 {"key11758910414477": "value-8"}
2025-09-26 18:13:43,542 INFO  [io.api.tes.ser.api.KafkaSerdesTester] (ForkJoinPool.commonPool-worker-2) topic-01b17a2e_b4fb_4ea0_a203_9d51c47c89c3 0 29 {"key11758910414477": "value-9"}
2025-09-26 18:13:43,542 INFO  [io.api.tes.ser.api.KafkaSerdesTester] (ForkJoinPool.commonPool-worker-2) Consumed 20 messages
2025-09-26 18:13:43,549 INFO  [org.apa.kaf.cli.con.int.ConsumerRebalanceListenerInvoker] (ForkJoinPool.commonPool-worker-2) [Consumer clientId=consumer-Consumer-topic-01b17a2e_b4fb_4ea0_a203_9d51c47c89c3-11, groupId=Consumer-topic-01b17a2e_b4fb_4ea0_a203_9d51c47c89c3] Revoke previously assigned partitions topic-01b17a2e_b4fb_4ea0_a203_9d51c47c89c3-0
2025-09-26 18:13:43,549 INFO  [org.apa.kaf.cli.con.int.ConsumerCoordinator] (ForkJoinPool.commonPool-worker-2) [Consumer clientId=consumer-Consumer-topic-01b17a2e_b4fb_4ea0_a203_9d51c47c89c3-11, groupId=Consumer-topic-01b17a2e_b4fb_4ea0_a203_9d51c47c89c3] Member consumer-Consumer-topic-01b17a2e_b4fb_4ea0_a203_9d51c47c89c3-11-f497c960-cf98-45a6-abf7-1368d2216dfe sending LeaveGroup request to coordinator localhost:32769 (id: 2147483647 rack: null) due to the consumer is being closed
2025-09-26 18:13:43,550 INFO  [org.apa.kaf.cli.con.int.ConsumerCoordinator] (ForkJoinPool.commonPool-worker-2) [Consumer clientId=consumer-Consumer-topic-01b17a2e_b4fb_4ea0_a203_9d51c47c89c3-11, groupId=Consumer-topic-01b17a2e_b4fb_4ea0_a203_9d51c47c89c3] Resetting generation and member id due to: consumer pro-actively leaving the group
2025-09-26 18:13:43,550 INFO  [org.apa.kaf.cli.con.int.ConsumerCoordinator] (ForkJoinPool.commonPool-worker-2) [Consumer clientId=consumer-Consumer-topic-01b17a2e_b4fb_4ea0_a203_9d51c47c89c3-11, groupId=Consumer-topic-01b17a2e_b4fb_4ea0_a203_9d51c47c89c3] Request joining group due to: consumer pro-actively leaving the group
2025-09-26 18:13:44,044 INFO  [org.apa.kaf.com.met.Metrics] (ForkJoinPool.commonPool-worker-2) Metrics scheduler closed
2025-09-26 18:13:44,044 INFO  [org.apa.kaf.com.met.Metrics] (ForkJoinPool.commonPool-worker-2) Closing reporter org.apache.kafka.common.metrics.JmxReporter
2025-09-26 18:13:44,044 INFO  [org.apa.kaf.com.met.Metrics] (ForkJoinPool.commonPool-worker-2) Closing reporter org.apache.kafka.common.telemetry.internals.ClientTelemetryReporter
2025-09-26 18:13:44,044 INFO  [org.apa.kaf.com.met.Metrics] (ForkJoinPool.commonPool-worker-2) Metrics reporters closed
2025-09-26 18:13:44,045 INFO  [org.apa.kaf.com.uti.AppInfoParser] (ForkJoinPool.commonPool-worker-2) App info kafka.consumer for consumer-Consumer-topic-01b17a2e_b4fb_4ea0_a203_9d51c47c89c3-11 unregistered
2025-09-26 18:13:44,046 INFO  [io.api.tes.ser.api.AvroSerdeIT] (main) Registering Avro Schema 3: {"type":"record","name":"s85f864ecx4fd2x4765xb7fax4d80d37dbb78","namespace":"ns_11159531_6dad_4ef4_8aa1_6ddd5f2d1c10","fields":[{"name":"key11758910414477","type":"string"},{"name":"key21758910419341","type":"string"},{"name":"key31758910424045","type":"string"}]}
**** Registry Base URL: http://registry-app-mysql.apps.ci419.apicurio-testing.org:80
2025-09-26 18:13:45,092 INFO  [org.apa.kaf.cli.pro.ProducerConfig] (main) ProducerConfig values: 
	acks = -1
	auto.include.jmx.reporter = true
	batch.size = 16384
	bootstrap.servers = [PLAINTEXT://localhost:32769]
	buffer.memory = 33554432
	client.dns.lookup = use_all_dns_ips
	client.id = Producer-topic-01b17a2e_b4fb_4ea0_a203_9d51c47c89c3
	compression.gzip.level = -1
	compression.lz4.level = 9
	compression.type = none
	compression.zstd.level = 3
	connections.max.idle.ms = 10000
	delivery.timeout.ms = 120000
	enable.idempotence = true
	enable.metrics.push = true
	interceptor.classes = []
	key.serializer = class org.apache.kafka.common.serialization.StringSerializer
	linger.ms = 0
	max.block.ms = 60000
	max.in.flight.requests.per.connection = 5
	max.request.size = 1048576
	metadata.max.age.ms = 300000
	metadata.max.idle.ms = 300000
	metadata.recovery.strategy = none
	metric.reporters = []
	metrics.num.samples = 2
	metrics.recording.level = INFO
	metrics.sample.window.ms = 30000
	partitioner.adaptive.partitioning.enable = true
	partitioner.availability.timeout.ms = 0
	partitioner.class = null
	partitioner.ignore.keys = false
	receive.buffer.bytes = 32768
	reconnect.backoff.max.ms = 1000
	reconnect.backoff.ms = 50
	request.timeout.ms = 5000
	retries = 2147483647
	retry.backoff.max.ms = 1000
	retry.backoff.ms = 100
	sasl.client.callback.handler.class = null
	sasl.jaas.config = null
	sasl.kerberos.kinit.cmd = /usr/bin/kinit
	sasl.kerberos.min.time.before.relogin = 60000
	sasl.kerberos.service.name = null
	sasl.kerberos.ticket.renew.jitter = 0.05
	sasl.kerberos.ticket.renew.window.factor = 0.8
	sasl.login.callback.handler.class = null
	sasl.login.class = null
	sasl.login.connect.timeout.ms = null
	sasl.login.read.timeout.ms = null
	sasl.login.refresh.buffer.seconds = 300
	sasl.login.refresh.min.period.seconds = 60
	sasl.login.refresh.window.factor = 0.8
	sasl.login.refresh.window.jitter = 0.05
	sasl.login.retry.backoff.max.ms = 10000
	sasl.login.retry.backoff.ms = 100
	sasl.mechanism = GSSAPI
	sasl.oauthbearer.clock.skew.seconds = 30
	sasl.oauthbearer.expected.audience = null
	sasl.oauthbearer.expected.issuer = null
	sasl.oauthbearer.header.urlencode = false
	sasl.oauthbearer.jwks.endpoint.refresh.ms = 3600000
	sasl.oauthbearer.jwks.endpoint.retry.backoff.max.ms = 10000
	sasl.oauthbearer.jwks.endpoint.retry.backoff.ms = 100
	sasl.oauthbearer.jwks.endpoint.url = null
	sasl.oauthbearer.scope.claim.name = scope
	sasl.oauthbearer.sub.claim.name = sub
	sasl.oauthbearer.token.endpoint.url = null
	security.protocol = PLAINTEXT
	security.providers = null
	send.buffer.bytes = 131072
	socket.connection.setup.timeout.max.ms = 30000
	socket.connection.setup.timeout.ms = 10000
	ssl.cipher.suites = null
	ssl.enabled.protocols = [TLSv1.2, TLSv1.3]
	ssl.endpoint.identification.algorithm = https
	ssl.engine.factory.class = null
	ssl.key.password = null
	ssl.keymanager.algorithm = SunX509
	ssl.keystore.certificate.chain = null
	ssl.keystore.key = null
	ssl.keystore.location = null
	ssl.keystore.password = null
	ssl.keystore.type = JKS
	ssl.protocol = TLSv1.3
	ssl.provider = null
	ssl.secure.random.implementation = null
	ssl.trustmanager.algorithm = PKIX
	ssl.truststore.certificates = null
	ssl.truststore.location = null
	ssl.truststore.password = null
	ssl.truststore.type = JKS
	transaction.timeout.ms = 60000
	transactional.id = null
	value.serializer = class io.apicurio.registry.serde.avro.AvroKafkaSerializer

2025-09-26 18:13:45,092 INFO  [org.apa.kaf.com.tel.int.KafkaMetricsCollector] (main) initializing Kafka metrics collector
2025-09-26 18:13:45,096 INFO  [org.apa.kaf.cli.pro.KafkaProducer] (main) [Producer clientId=Producer-topic-01b17a2e_b4fb_4ea0_a203_9d51c47c89c3] Instantiated an idempotent producer.
2025-09-26 18:13:45,098 INFO  [org.apa.kaf.cli.pro.ProducerConfig] (main) These configurations '[apicurio.registry.url, apicurio.registry.artifact-resolver-strategy]' were supplied but are not used yet.
2025-09-26 18:13:45,098 INFO  [org.apa.kaf.com.uti.AppInfoParser] (main) Kafka version: 3.9.1
2025-09-26 18:13:45,098 INFO  [org.apa.kaf.com.uti.AppInfoParser] (main) Kafka commitId: f745dfdcee2b9851
2025-09-26 18:13:45,098 INFO  [org.apa.kaf.com.uti.AppInfoParser] (main) Kafka startTimeMs: 1758910425098
2025-09-26 18:13:45,098 INFO  [io.api.tes.ser.api.KafkaSerdesTester] (ForkJoinPool.commonPool-worker-2) Sending message {"key11758910414477": "value-0", "key21758910419341": "value-0", "key31758910424045": "value-0"} to topic topic-01b17a2e_b4fb_4ea0_a203_9d51c47c89c3
2025-09-26 18:13:45,101 INFO  [org.apa.kaf.cli.Metadata] (kafka-producer-network-thread | Producer-topic-01b17a2e_b4fb_4ea0_a203_9d51c47c89c3) [Producer clientId=Producer-topic-01b17a2e_b4fb_4ea0_a203_9d51c47c89c3] Cluster ID: y_JNGwQJRlem7c5NGbSJCg
2025-09-26 18:13:45,101 INFO  [org.apa.kaf.cli.pro.int.TransactionManager] (kafka-producer-network-thread | Producer-topic-01b17a2e_b4fb_4ea0_a203_9d51c47c89c3) [Producer clientId=Producer-topic-01b17a2e_b4fb_4ea0_a203_9d51c47c89c3] ProducerId set to 15 with epoch 0
2025-09-26 18:13:45,101 INFO  [DefaultSchemaResolver] (ForkJoinPool.commonPool-worker-2) Retrieving schema content using string: {"type":"record","name":"s85f864ecx4fd2x4765xb7fax4d80d37dbb78","namespace":"ns_11159531_6dad_4ef4_8aa1_6ddd5f2d1c10","fields":[{"name":"key11758910414477","type":"string"},{"name":"key21758910419341","type":"string"},{"name":"key31758910424045","type":"string"}]}
2025-09-26 18:13:45,122 INFO  [io.api.tes.ser.api.KafkaSerdesTester] (ForkJoinPool.commonPool-worker-2) Sending message {"key11758910414477": "value-1", "key21758910419341": "value-1", "key31758910424045": "value-1"} to topic topic-01b17a2e_b4fb_4ea0_a203_9d51c47c89c3
2025-09-26 18:13:45,123 INFO  [io.api.tes.ser.api.KafkaSerdesTester] (ForkJoinPool.commonPool-worker-2) Sending message {"key11758910414477": "value-2", "key21758910419341": "value-2", "key31758910424045": "value-2"} to topic topic-01b17a2e_b4fb_4ea0_a203_9d51c47c89c3
2025-09-26 18:13:45,124 INFO  [io.api.tes.ser.api.KafkaSerdesTester] (ForkJoinPool.commonPool-worker-2) Sending message {"key11758910414477": "value-3", "key21758910419341": "value-3", "key31758910424045": "value-3"} to topic topic-01b17a2e_b4fb_4ea0_a203_9d51c47c89c3
2025-09-26 18:13:45,126 INFO  [io.api.tes.ser.api.KafkaSerdesTester] (ForkJoinPool.commonPool-worker-2) Sending message {"key11758910414477": "value-4", "key21758910419341": "value-4", "key31758910424045": "value-4"} to topic topic-01b17a2e_b4fb_4ea0_a203_9d51c47c89c3
2025-09-26 18:13:45,127 INFO  [io.api.tes.ser.api.KafkaSerdesTester] (ForkJoinPool.commonPool-worker-2) Sending message {"key11758910414477": "value-5", "key21758910419341": "value-5", "key31758910424045": "value-5"} to topic topic-01b17a2e_b4fb_4ea0_a203_9d51c47c89c3
2025-09-26 18:13:45,128 INFO  [io.api.tes.ser.api.KafkaSerdesTester] (ForkJoinPool.commonPool-worker-2) Sending message {"key11758910414477": "value-6", "key21758910419341": "value-6", "key31758910424045": "value-6"} to topic topic-01b17a2e_b4fb_4ea0_a203_9d51c47c89c3
2025-09-26 18:13:45,129 INFO  [io.api.tes.ser.api.KafkaSerdesTester] (ForkJoinPool.commonPool-worker-2) Sending message {"key11758910414477": "value-7", "key21758910419341": "value-7", "key31758910424045": "value-7"} to topic topic-01b17a2e_b4fb_4ea0_a203_9d51c47c89c3
2025-09-26 18:13:45,131 INFO  [io.api.tes.ser.api.KafkaSerdesTester] (ForkJoinPool.commonPool-worker-2) Sending message {"key11758910414477": "value-8", "key21758910419341": "value-8", "key31758910424045": "value-8"} to topic topic-01b17a2e_b4fb_4ea0_a203_9d51c47c89c3
2025-09-26 18:13:45,132 INFO  [io.api.tes.ser.api.KafkaSerdesTester] (ForkJoinPool.commonPool-worker-2) Sending message {"key11758910414477": "value-9", "key21758910419341": "value-9", "key31758910424045": "value-9"} to topic topic-01b17a2e_b4fb_4ea0_a203_9d51c47c89c3
2025-09-26 18:13:45,133 INFO  [io.api.tes.ser.api.KafkaSerdesTester] (ForkJoinPool.commonPool-worker-2) Produced 10 messages
2025-09-26 18:13:45,133 INFO  [org.apa.kaf.cli.pro.KafkaProducer] (ForkJoinPool.commonPool-worker-2) [Producer clientId=Producer-topic-01b17a2e_b4fb_4ea0_a203_9d51c47c89c3] Closing the Kafka producer with timeoutMillis = 9223372036854775807 ms.
2025-09-26 18:13:45,135 INFO  [org.apa.kaf.com.met.Metrics] (ForkJoinPool.commonPool-worker-2) Metrics scheduler closed
2025-09-26 18:13:45,135 INFO  [org.apa.kaf.com.met.Metrics] (ForkJoinPool.commonPool-worker-2) Closing reporter org.apache.kafka.common.metrics.JmxReporter
2025-09-26 18:13:45,135 INFO  [org.apa.kaf.com.met.Metrics] (ForkJoinPool.commonPool-worker-2) Closing reporter org.apache.kafka.common.telemetry.internals.ClientTelemetryReporter
2025-09-26 18:13:45,135 INFO  [org.apa.kaf.com.met.Metrics] (ForkJoinPool.commonPool-worker-2) Metrics reporters closed
2025-09-26 18:13:45,135 INFO  [org.apa.kaf.com.uti.AppInfoParser] (ForkJoinPool.commonPool-worker-2) App info kafka.producer for Producer-topic-01b17a2e_b4fb_4ea0_a203_9d51c47c89c3 unregistered
**** Registry Base URL: http://registry-app-mysql.apps.ci419.apicurio-testing.org:80
2025-09-26 18:13:45,136 INFO  [org.apa.kaf.cli.pro.ProducerConfig] (main) ProducerConfig values: 
	acks = -1
	auto.include.jmx.reporter = true
	batch.size = 16384
	bootstrap.servers = [PLAINTEXT://localhost:32769]
	buffer.memory = 33554432
	client.dns.lookup = use_all_dns_ips
	client.id = Producer-topic-01b17a2e_b4fb_4ea0_a203_9d51c47c89c3
	compression.gzip.level = -1
	compression.lz4.level = 9
	compression.type = none
	compression.zstd.level = 3
	connections.max.idle.ms = 10000
	delivery.timeout.ms = 120000
	enable.idempotence = true
	enable.metrics.push = true
	interceptor.classes = []
	key.serializer = class org.apache.kafka.common.serialization.StringSerializer
	linger.ms = 0
	max.block.ms = 60000
	max.in.flight.requests.per.connection = 5
	max.request.size = 1048576
	metadata.max.age.ms = 300000
	metadata.max.idle.ms = 300000
	metadata.recovery.strategy = none
	metric.reporters = []
	metrics.num.samples = 2
	metrics.recording.level = INFO
	metrics.sample.window.ms = 30000
	partitioner.adaptive.partitioning.enable = true
	partitioner.availability.timeout.ms = 0
	partitioner.class = null
	partitioner.ignore.keys = false
	receive.buffer.bytes = 32768
	reconnect.backoff.max.ms = 1000
	reconnect.backoff.ms = 50
	request.timeout.ms = 5000
	retries = 2147483647
	retry.backoff.max.ms = 1000
	retry.backoff.ms = 100
	sasl.client.callback.handler.class = null
	sasl.jaas.config = null
	sasl.kerberos.kinit.cmd = /usr/bin/kinit
	sasl.kerberos.min.time.before.relogin = 60000
	sasl.kerberos.service.name = null
	sasl.kerberos.ticket.renew.jitter = 0.05
	sasl.kerberos.ticket.renew.window.factor = 0.8
	sasl.login.callback.handler.class = null
	sasl.login.class = null
	sasl.login.connect.timeout.ms = null
	sasl.login.read.timeout.ms = null
	sasl.login.refresh.buffer.seconds = 300
	sasl.login.refresh.min.period.seconds = 60
	sasl.login.refresh.window.factor = 0.8
	sasl.login.refresh.window.jitter = 0.05
	sasl.login.retry.backoff.max.ms = 10000
	sasl.login.retry.backoff.ms = 100
	sasl.mechanism = GSSAPI
	sasl.oauthbearer.clock.skew.seconds = 30
	sasl.oauthbearer.expected.audience = null
	sasl.oauthbearer.expected.issuer = null
	sasl.oauthbearer.header.urlencode = false
	sasl.oauthbearer.jwks.endpoint.refresh.ms = 3600000
	sasl.oauthbearer.jwks.endpoint.retry.backoff.max.ms = 10000
	sasl.oauthbearer.jwks.endpoint.retry.backoff.ms = 100
	sasl.oauthbearer.jwks.endpoint.url = null
	sasl.oauthbearer.scope.claim.name = scope
	sasl.oauthbearer.sub.claim.name = sub
	sasl.oauthbearer.token.endpoint.url = null
	security.protocol = PLAINTEXT
	security.providers = null
	send.buffer.bytes = 131072
	socket.connection.setup.timeout.max.ms = 30000
	socket.connection.setup.timeout.ms = 10000
	ssl.cipher.suites = null
	ssl.enabled.protocols = [TLSv1.2, TLSv1.3]
	ssl.endpoint.identification.algorithm = https
	ssl.engine.factory.class = null
	ssl.key.password = null
	ssl.keymanager.algorithm = SunX509
	ssl.keystore.certificate.chain = null
	ssl.keystore.key = null
	ssl.keystore.location = null
	ssl.keystore.password = null
	ssl.keystore.type = JKS
	ssl.protocol = TLSv1.3
	ssl.provider = null
	ssl.secure.random.implementation = null
	ssl.trustmanager.algorithm = PKIX
	ssl.truststore.certificates = null
	ssl.truststore.location = null
	ssl.truststore.password = null
	ssl.truststore.type = JKS
	transaction.timeout.ms = 60000
	transactional.id = null
	value.serializer = class io.apicurio.registry.serde.avro.AvroKafkaSerializer

2025-09-26 18:13:45,136 INFO  [org.apa.kaf.com.tel.int.KafkaMetricsCollector] (main) initializing Kafka metrics collector
2025-09-26 18:13:45,141 INFO  [org.apa.kaf.cli.pro.KafkaProducer] (main) [Producer clientId=Producer-topic-01b17a2e_b4fb_4ea0_a203_9d51c47c89c3] Instantiated an idempotent producer.
2025-09-26 18:13:45,142 INFO  [org.apa.kaf.cli.pro.ProducerConfig] (main) These configurations '[apicurio.registry.url, apicurio.registry.artifact-resolver-strategy]' were supplied but are not used yet.
2025-09-26 18:13:45,142 INFO  [org.apa.kaf.com.uti.AppInfoParser] (main) Kafka version: 3.9.1
2025-09-26 18:13:45,142 INFO  [org.apa.kaf.com.uti.AppInfoParser] (main) Kafka commitId: f745dfdcee2b9851
2025-09-26 18:13:45,142 INFO  [org.apa.kaf.com.uti.AppInfoParser] (main) Kafka startTimeMs: 1758910425142
2025-09-26 18:13:45,142 INFO  [io.api.tes.ser.api.KafkaSerdesTester] (ForkJoinPool.commonPool-worker-2) Sending message {"key11758910414477": "value-0", "key21758910419341": "value-0"} to topic topic-01b17a2e_b4fb_4ea0_a203_9d51c47c89c3
2025-09-26 18:13:45,145 INFO  [org.apa.kaf.cli.Metadata] (kafka-producer-network-thread | Producer-topic-01b17a2e_b4fb_4ea0_a203_9d51c47c89c3) [Producer clientId=Producer-topic-01b17a2e_b4fb_4ea0_a203_9d51c47c89c3] Cluster ID: y_JNGwQJRlem7c5NGbSJCg
2025-09-26 18:13:45,146 INFO  [org.apa.kaf.cli.pro.int.TransactionManager] (kafka-producer-network-thread | Producer-topic-01b17a2e_b4fb_4ea0_a203_9d51c47c89c3) [Producer clientId=Producer-topic-01b17a2e_b4fb_4ea0_a203_9d51c47c89c3] ProducerId set to 16 with epoch 0
2025-09-26 18:13:45,146 INFO  [DefaultSchemaResolver] (ForkJoinPool.commonPool-worker-2) Retrieving schema content using string: {"type":"record","name":"s85f864ecx4fd2x4765xb7fax4d80d37dbb78","namespace":"ns_11159531_6dad_4ef4_8aa1_6ddd5f2d1c10","fields":[{"name":"key11758910414477","type":"string"},{"name":"key21758910419341","type":"string"}]}
2025-09-26 18:13:45,167 INFO  [io.api.tes.ser.api.KafkaSerdesTester] (ForkJoinPool.commonPool-worker-2) Sending message {"key11758910414477": "value-1", "key21758910419341": "value-1"} to topic topic-01b17a2e_b4fb_4ea0_a203_9d51c47c89c3
2025-09-26 18:13:45,169 INFO  [io.api.tes.ser.api.KafkaSerdesTester] (ForkJoinPool.commonPool-worker-2) Sending message {"key11758910414477": "value-2", "key21758910419341": "value-2"} to topic topic-01b17a2e_b4fb_4ea0_a203_9d51c47c89c3
2025-09-26 18:13:45,170 INFO  [io.api.tes.ser.api.KafkaSerdesTester] (ForkJoinPool.commonPool-worker-2) Sending message {"key11758910414477": "value-3", "key21758910419341": "value-3"} to topic topic-01b17a2e_b4fb_4ea0_a203_9d51c47c89c3
2025-09-26 18:13:45,172 INFO  [io.api.tes.ser.api.KafkaSerdesTester] (ForkJoinPool.commonPool-worker-2) Sending message {"key11758910414477": "value-4", "key21758910419341": "value-4"} to topic topic-01b17a2e_b4fb_4ea0_a203_9d51c47c89c3
2025-09-26 18:13:45,173 INFO  [io.api.tes.ser.api.KafkaSerdesTester] (ForkJoinPool.commonPool-worker-2) Sending message {"key11758910414477": "value-5", "key21758910419341": "value-5"} to topic topic-01b17a2e_b4fb_4ea0_a203_9d51c47c89c3
2025-09-26 18:13:45,175 INFO  [io.api.tes.ser.api.KafkaSerdesTester] (ForkJoinPool.commonPool-worker-2) Sending message {"key11758910414477": "value-6", "key21758910419341": "value-6"} to topic topic-01b17a2e_b4fb_4ea0_a203_9d51c47c89c3
2025-09-26 18:13:45,176 INFO  [io.api.tes.ser.api.KafkaSerdesTester] (ForkJoinPool.commonPool-worker-2) Sending message {"key11758910414477": "value-7", "key21758910419341": "value-7"} to topic topic-01b17a2e_b4fb_4ea0_a203_9d51c47c89c3
2025-09-26 18:13:45,177 INFO  [io.api.tes.ser.api.KafkaSerdesTester] (ForkJoinPool.commonPool-worker-2) Sending message {"key11758910414477": "value-8", "key21758910419341": "value-8"} to topic topic-01b17a2e_b4fb_4ea0_a203_9d51c47c89c3
2025-09-26 18:13:45,179 INFO  [io.api.tes.ser.api.KafkaSerdesTester] (ForkJoinPool.commonPool-worker-2) Sending message {"key11758910414477": "value-9", "key21758910419341": "value-9"} to topic topic-01b17a2e_b4fb_4ea0_a203_9d51c47c89c3
2025-09-26 18:13:45,180 INFO  [io.api.tes.ser.api.KafkaSerdesTester] (ForkJoinPool.commonPool-worker-2) Produced 10 messages
2025-09-26 18:13:45,180 INFO  [org.apa.kaf.cli.pro.KafkaProducer] (ForkJoinPool.commonPool-worker-2) [Producer clientId=Producer-topic-01b17a2e_b4fb_4ea0_a203_9d51c47c89c3] Closing the Kafka producer with timeoutMillis = 9223372036854775807 ms.
2025-09-26 18:13:45,182 INFO  [org.apa.kaf.com.met.Metrics] (ForkJoinPool.commonPool-worker-2) Metrics scheduler closed
2025-09-26 18:13:45,182 INFO  [org.apa.kaf.com.met.Metrics] (ForkJoinPool.commonPool-worker-2) Closing reporter org.apache.kafka.common.metrics.JmxReporter
2025-09-26 18:13:45,182 INFO  [org.apa.kaf.com.met.Metrics] (ForkJoinPool.commonPool-worker-2) Closing reporter org.apache.kafka.common.telemetry.internals.ClientTelemetryReporter
2025-09-26 18:13:45,182 INFO  [org.apa.kaf.com.met.Metrics] (ForkJoinPool.commonPool-worker-2) Metrics reporters closed
2025-09-26 18:13:45,182 INFO  [org.apa.kaf.com.uti.AppInfoParser] (ForkJoinPool.commonPool-worker-2) App info kafka.producer for Producer-topic-01b17a2e_b4fb_4ea0_a203_9d51c47c89c3 unregistered
**** Registry Base URL: http://registry-app-mysql.apps.ci419.apicurio-testing.org:80
2025-09-26 18:13:45,183 INFO  [org.apa.kaf.cli.pro.ProducerConfig] (main) ProducerConfig values: 
	acks = -1
	auto.include.jmx.reporter = true
	batch.size = 16384
	bootstrap.servers = [PLAINTEXT://localhost:32769]
	buffer.memory = 33554432
	client.dns.lookup = use_all_dns_ips
	client.id = Producer-topic-01b17a2e_b4fb_4ea0_a203_9d51c47c89c3
	compression.gzip.level = -1
	compression.lz4.level = 9
	compression.type = none
	compression.zstd.level = 3
	connections.max.idle.ms = 10000
	delivery.timeout.ms = 120000
	enable.idempotence = true
	enable.metrics.push = true
	interceptor.classes = []
	key.serializer = class org.apache.kafka.common.serialization.StringSerializer
	linger.ms = 0
	max.block.ms = 60000
	max.in.flight.requests.per.connection = 5
	max.request.size = 1048576
	metadata.max.age.ms = 300000
	metadata.max.idle.ms = 300000
	metadata.recovery.strategy = none
	metric.reporters = []
	metrics.num.samples = 2
	metrics.recording.level = INFO
	metrics.sample.window.ms = 30000
	partitioner.adaptive.partitioning.enable = true
	partitioner.availability.timeout.ms = 0
	partitioner.class = null
	partitioner.ignore.keys = false
	receive.buffer.bytes = 32768
	reconnect.backoff.max.ms = 1000
	reconnect.backoff.ms = 50
	request.timeout.ms = 5000
	retries = 2147483647
	retry.backoff.max.ms = 1000
	retry.backoff.ms = 100
	sasl.client.callback.handler.class = null
	sasl.jaas.config = null
	sasl.kerberos.kinit.cmd = /usr/bin/kinit
	sasl.kerberos.min.time.before.relogin = 60000
	sasl.kerberos.service.name = null
	sasl.kerberos.ticket.renew.jitter = 0.05
	sasl.kerberos.ticket.renew.window.factor = 0.8
	sasl.login.callback.handler.class = null
	sasl.login.class = null
	sasl.login.connect.timeout.ms = null
	sasl.login.read.timeout.ms = null
	sasl.login.refresh.buffer.seconds = 300
	sasl.login.refresh.min.period.seconds = 60
	sasl.login.refresh.window.factor = 0.8
	sasl.login.refresh.window.jitter = 0.05
	sasl.login.retry.backoff.max.ms = 10000
	sasl.login.retry.backoff.ms = 100
	sasl.mechanism = GSSAPI
	sasl.oauthbearer.clock.skew.seconds = 30
	sasl.oauthbearer.expected.audience = null
	sasl.oauthbearer.expected.issuer = null
	sasl.oauthbearer.header.urlencode = false
	sasl.oauthbearer.jwks.endpoint.refresh.ms = 3600000
	sasl.oauthbearer.jwks.endpoint.retry.backoff.max.ms = 10000
	sasl.oauthbearer.jwks.endpoint.retry.backoff.ms = 100
	sasl.oauthbearer.jwks.endpoint.url = null
	sasl.oauthbearer.scope.claim.name = scope
	sasl.oauthbearer.sub.claim.name = sub
	sasl.oauthbearer.token.endpoint.url = null
	security.protocol = PLAINTEXT
	security.providers = null
	send.buffer.bytes = 131072
	socket.connection.setup.timeout.max.ms = 30000
	socket.connection.setup.timeout.ms = 10000
	ssl.cipher.suites = null
	ssl.enabled.protocols = [TLSv1.2, TLSv1.3]
	ssl.endpoint.identification.algorithm = https
	ssl.engine.factory.class = null
	ssl.key.password = null
	ssl.keymanager.algorithm = SunX509
	ssl.keystore.certificate.chain = null
	ssl.keystore.key = null
	ssl.keystore.location = null
	ssl.keystore.password = null
	ssl.keystore.type = JKS
	ssl.protocol = TLSv1.3
	ssl.provider = null
	ssl.secure.random.implementation = null
	ssl.trustmanager.algorithm = PKIX
	ssl.truststore.certificates = null
	ssl.truststore.location = null
	ssl.truststore.password = null
	ssl.truststore.type = JKS
	transaction.timeout.ms = 60000
	transactional.id = null
	value.serializer = class io.apicurio.registry.serde.avro.AvroKafkaSerializer

2025-09-26 18:13:45,183 INFO  [org.apa.kaf.com.tel.int.KafkaMetricsCollector] (main) initializing Kafka metrics collector
2025-09-26 18:13:45,187 INFO  [org.apa.kaf.cli.pro.KafkaProducer] (main) [Producer clientId=Producer-topic-01b17a2e_b4fb_4ea0_a203_9d51c47c89c3] Instantiated an idempotent producer.
2025-09-26 18:13:45,189 INFO  [org.apa.kaf.cli.pro.ProducerConfig] (main) These configurations '[apicurio.registry.url, apicurio.registry.artifact-resolver-strategy]' were supplied but are not used yet.
2025-09-26 18:13:45,189 INFO  [org.apa.kaf.com.uti.AppInfoParser] (main) Kafka version: 3.9.1
2025-09-26 18:13:45,189 INFO  [org.apa.kaf.com.uti.AppInfoParser] (main) Kafka commitId: f745dfdcee2b9851
2025-09-26 18:13:45,189 INFO  [org.apa.kaf.com.uti.AppInfoParser] (main) Kafka startTimeMs: 1758910425189
2025-09-26 18:13:45,189 INFO  [io.api.tes.ser.api.KafkaSerdesTester] (ForkJoinPool.commonPool-worker-2) Sending message {"key11758910414477": "value-0"} to topic topic-01b17a2e_b4fb_4ea0_a203_9d51c47c89c3
2025-09-26 18:13:45,194 INFO  [org.apa.kaf.cli.Metadata] (kafka-producer-network-thread | Producer-topic-01b17a2e_b4fb_4ea0_a203_9d51c47c89c3) [Producer clientId=Producer-topic-01b17a2e_b4fb_4ea0_a203_9d51c47c89c3] Cluster ID: y_JNGwQJRlem7c5NGbSJCg
2025-09-26 18:13:45,194 INFO  [org.apa.kaf.cli.pro.int.TransactionManager] (kafka-producer-network-thread | Producer-topic-01b17a2e_b4fb_4ea0_a203_9d51c47c89c3) [Producer clientId=Producer-topic-01b17a2e_b4fb_4ea0_a203_9d51c47c89c3] ProducerId set to 17 with epoch 0
2025-09-26 18:13:45,194 INFO  [DefaultSchemaResolver] (ForkJoinPool.commonPool-worker-2) Retrieving schema content using string: {"type":"record","name":"s85f864ecx4fd2x4765xb7fax4d80d37dbb78","namespace":"ns_11159531_6dad_4ef4_8aa1_6ddd5f2d1c10","fields":[{"name":"key11758910414477","type":"string"}]}
2025-09-26 18:13:45,215 INFO  [io.api.tes.ser.api.KafkaSerdesTester] (ForkJoinPool.commonPool-worker-2) Sending message {"key11758910414477": "value-1"} to topic topic-01b17a2e_b4fb_4ea0_a203_9d51c47c89c3
2025-09-26 18:13:45,217 INFO  [io.api.tes.ser.api.KafkaSerdesTester] (ForkJoinPool.commonPool-worker-2) Sending message {"key11758910414477": "value-2"} to topic topic-01b17a2e_b4fb_4ea0_a203_9d51c47c89c3
2025-09-26 18:13:45,219 INFO  [io.api.tes.ser.api.KafkaSerdesTester] (ForkJoinPool.commonPool-worker-2) Sending message {"key11758910414477": "value-3"} to topic topic-01b17a2e_b4fb_4ea0_a203_9d51c47c89c3
2025-09-26 18:13:45,221 INFO  [io.api.tes.ser.api.KafkaSerdesTester] (ForkJoinPool.commonPool-worker-2) Sending message {"key11758910414477": "value-4"} to topic topic-01b17a2e_b4fb_4ea0_a203_9d51c47c89c3
2025-09-26 18:13:45,222 INFO  [io.api.tes.ser.api.KafkaSerdesTester] (ForkJoinPool.commonPool-worker-2) Sending message {"key11758910414477": "value-5"} to topic topic-01b17a2e_b4fb_4ea0_a203_9d51c47c89c3
2025-09-26 18:13:45,224 INFO  [io.api.tes.ser.api.KafkaSerdesTester] (ForkJoinPool.commonPool-worker-2) Sending message {"key11758910414477": "value-6"} to topic topic-01b17a2e_b4fb_4ea0_a203_9d51c47c89c3
2025-09-26 18:13:45,225 INFO  [io.api.tes.ser.api.KafkaSerdesTester] (ForkJoinPool.commonPool-worker-2) Sending message {"key11758910414477": "value-7"} to topic topic-01b17a2e_b4fb_4ea0_a203_9d51c47c89c3
2025-09-26 18:13:45,226 INFO  [io.api.tes.ser.api.KafkaSerdesTester] (ForkJoinPool.commonPool-worker-2) Sending message {"key11758910414477": "value-8"} to topic topic-01b17a2e_b4fb_4ea0_a203_9d51c47c89c3
2025-09-26 18:13:45,228 INFO  [io.api.tes.ser.api.KafkaSerdesTester] (ForkJoinPool.commonPool-worker-2) Sending message {"key11758910414477": "value-9"} to topic topic-01b17a2e_b4fb_4ea0_a203_9d51c47c89c3
2025-09-26 18:13:45,230 INFO  [io.api.tes.ser.api.KafkaSerdesTester] (ForkJoinPool.commonPool-worker-2) Produced 10 messages
2025-09-26 18:13:45,230 INFO  [org.apa.kaf.cli.pro.KafkaProducer] (ForkJoinPool.commonPool-worker-2) [Producer clientId=Producer-topic-01b17a2e_b4fb_4ea0_a203_9d51c47c89c3] Closing the Kafka producer with timeoutMillis = 9223372036854775807 ms.
2025-09-26 18:13:45,232 INFO  [org.apa.kaf.com.met.Metrics] (ForkJoinPool.commonPool-worker-2) Metrics scheduler closed
2025-09-26 18:13:45,232 INFO  [org.apa.kaf.com.met.Metrics] (ForkJoinPool.commonPool-worker-2) Closing reporter org.apache.kafka.common.metrics.JmxReporter
2025-09-26 18:13:45,232 INFO  [org.apa.kaf.com.met.Metrics] (ForkJoinPool.commonPool-worker-2) Closing reporter org.apache.kafka.common.telemetry.internals.ClientTelemetryReporter
2025-09-26 18:13:45,232 INFO  [org.apa.kaf.com.met.Metrics] (ForkJoinPool.commonPool-worker-2) Metrics reporters closed
2025-09-26 18:13:45,232 INFO  [org.apa.kaf.com.uti.AppInfoParser] (ForkJoinPool.commonPool-worker-2) App info kafka.producer for Producer-topic-01b17a2e_b4fb_4ea0_a203_9d51c47c89c3 unregistered
**** Registry Base URL: http://registry-app-mysql.apps.ci419.apicurio-testing.org:80
2025-09-26 18:13:45,233 INFO  [org.apa.kaf.cli.con.ConsumerConfig] (main) ConsumerConfig values: 
	allow.auto.create.topics = true
	auto.commit.interval.ms = 500
	auto.include.jmx.reporter = true
	auto.offset.reset = earliest
	bootstrap.servers = [PLAINTEXT://localhost:32769]
	check.crcs = true
	client.dns.lookup = use_all_dns_ips
	client.id = consumer-Consumer-topic-01b17a2e_b4fb_4ea0_a203_9d51c47c89c3-12
	client.rack = 
	connections.max.idle.ms = 10000
	default.api.timeout.ms = 60000
	enable.auto.commit = true
	enable.metrics.push = true
	exclude.internal.topics = true
	fetch.max.bytes = 52428800
	fetch.max.wait.ms = 500
	fetch.min.bytes = 1
	group.id = Consumer-topic-01b17a2e_b4fb_4ea0_a203_9d51c47c89c3
	group.instance.id = null
	group.protocol = classic
	group.remote.assignor = null
	heartbeat.interval.ms = 3000
	interceptor.classes = []
	internal.leave.group.on.close = true
	internal.throw.on.fetch.stable.offset.unsupported = false
	isolation.level = read_uncommitted
	key.deserializer = class org.apache.kafka.common.serialization.StringDeserializer
	max.partition.fetch.bytes = 1048576
	max.poll.interval.ms = 300000
	max.poll.records = 500
	metadata.max.age.ms = 300000
	metadata.recovery.strategy = none
	metric.reporters = []
	metrics.num.samples = 2
	metrics.recording.level = INFO
	metrics.sample.window.ms = 30000
	partition.assignment.strategy = [class org.apache.kafka.clients.consumer.RangeAssignor, class org.apache.kafka.clients.consumer.CooperativeStickyAssignor]
	receive.buffer.bytes = 65536
	reconnect.backoff.max.ms = 1000
	reconnect.backoff.ms = 50
	request.timeout.ms = 5000
	retry.backoff.max.ms = 1000
	retry.backoff.ms = 100
	sasl.client.callback.handler.class = null
	sasl.jaas.config = null
	sasl.kerberos.kinit.cmd = /usr/bin/kinit
	sasl.kerberos.min.time.before.relogin = 60000
	sasl.kerberos.service.name = null
	sasl.kerberos.ticket.renew.jitter = 0.05
	sasl.kerberos.ticket.renew.window.factor = 0.8
	sasl.login.callback.handler.class = null
	sasl.login.class = null
	sasl.login.connect.timeout.ms = null
	sasl.login.read.timeout.ms = null
	sasl.login.refresh.buffer.seconds = 300
	sasl.login.refresh.min.period.seconds = 60
	sasl.login.refresh.window.factor = 0.8
	sasl.login.refresh.window.jitter = 0.05
	sasl.login.retry.backoff.max.ms = 10000
	sasl.login.retry.backoff.ms = 100
	sasl.mechanism = GSSAPI
	sasl.oauthbearer.clock.skew.seconds = 30
	sasl.oauthbearer.expected.audience = null
	sasl.oauthbearer.expected.issuer = null
	sasl.oauthbearer.header.urlencode = false
	sasl.oauthbearer.jwks.endpoint.refresh.ms = 3600000
	sasl.oauthbearer.jwks.endpoint.retry.backoff.max.ms = 10000
	sasl.oauthbearer.jwks.endpoint.retry.backoff.ms = 100
	sasl.oauthbearer.jwks.endpoint.url = null
	sasl.oauthbearer.scope.claim.name = scope
	sasl.oauthbearer.sub.claim.name = sub
	sasl.oauthbearer.token.endpoint.url = null
	security.protocol = PLAINTEXT
	security.providers = null
	send.buffer.bytes = 131072
	session.timeout.ms = 45000
	socket.connection.setup.timeout.max.ms = 30000
	socket.connection.setup.timeout.ms = 10000
	ssl.cipher.suites = null
	ssl.enabled.protocols = [TLSv1.2, TLSv1.3]
	ssl.endpoint.identification.algorithm = https
	ssl.engine.factory.class = null
	ssl.key.password = null
	ssl.keymanager.algorithm = SunX509
	ssl.keystore.certificate.chain = null
	ssl.keystore.key = null
	ssl.keystore.location = null
	ssl.keystore.password = null
	ssl.keystore.type = JKS
	ssl.protocol = TLSv1.3
	ssl.provider = null
	ssl.secure.random.implementation = null
	ssl.trustmanager.algorithm = PKIX
	ssl.truststore.certificates = null
	ssl.truststore.location = null
	ssl.truststore.password = null
	ssl.truststore.type = JKS
	value.deserializer = class io.apicurio.registry.serde.avro.AvroKafkaDeserializer

2025-09-26 18:13:45,233 INFO  [org.apa.kaf.com.tel.int.KafkaMetricsCollector] (main) initializing Kafka metrics collector
2025-09-26 18:13:45,238 INFO  [org.apa.kaf.cli.con.ConsumerConfig] (main) These configurations '[apicurio.registry.url]' were supplied but are not used yet.
2025-09-26 18:13:45,238 INFO  [org.apa.kaf.com.uti.AppInfoParser] (main) Kafka version: 3.9.1
2025-09-26 18:13:45,238 INFO  [org.apa.kaf.com.uti.AppInfoParser] (main) Kafka commitId: f745dfdcee2b9851
2025-09-26 18:13:45,238 INFO  [org.apa.kaf.com.uti.AppInfoParser] (main) Kafka startTimeMs: 1758910425238
2025-09-26 18:13:45,238 INFO  [org.apa.kaf.cli.con.int.ClassicKafkaConsumer] (ForkJoinPool.commonPool-worker-2) [Consumer clientId=consumer-Consumer-topic-01b17a2e_b4fb_4ea0_a203_9d51c47c89c3-12, groupId=Consumer-topic-01b17a2e_b4fb_4ea0_a203_9d51c47c89c3] Subscribed to topic(s): topic-01b17a2e_b4fb_4ea0_a203_9d51c47c89c3
2025-09-26 18:13:45,243 INFO  [org.apa.kaf.cli.Metadata] (ForkJoinPool.commonPool-worker-2) [Consumer clientId=consumer-Consumer-topic-01b17a2e_b4fb_4ea0_a203_9d51c47c89c3-12, groupId=Consumer-topic-01b17a2e_b4fb_4ea0_a203_9d51c47c89c3] Cluster ID: y_JNGwQJRlem7c5NGbSJCg
2025-09-26 18:13:45,243 INFO  [org.apa.kaf.cli.con.int.ConsumerCoordinator] (ForkJoinPool.commonPool-worker-2) [Consumer clientId=consumer-Consumer-topic-01b17a2e_b4fb_4ea0_a203_9d51c47c89c3-12, groupId=Consumer-topic-01b17a2e_b4fb_4ea0_a203_9d51c47c89c3] Discovered group coordinator localhost:32769 (id: 2147483647 rack: null)
2025-09-26 18:13:45,244 INFO  [org.apa.kaf.cli.con.int.ConsumerCoordinator] (ForkJoinPool.commonPool-worker-2) [Consumer clientId=consumer-Consumer-topic-01b17a2e_b4fb_4ea0_a203_9d51c47c89c3-12, groupId=Consumer-topic-01b17a2e_b4fb_4ea0_a203_9d51c47c89c3] (Re-)joining group
2025-09-26 18:13:45,246 INFO  [org.apa.kaf.cli.con.int.ConsumerCoordinator] (ForkJoinPool.commonPool-worker-2) [Consumer clientId=consumer-Consumer-topic-01b17a2e_b4fb_4ea0_a203_9d51c47c89c3-12, groupId=Consumer-topic-01b17a2e_b4fb_4ea0_a203_9d51c47c89c3] Request joining group due to: need to re-join with the given member-id: consumer-Consumer-topic-01b17a2e_b4fb_4ea0_a203_9d51c47c89c3-12-4b83ed99-e588-43dd-abd9-352e3878c607
2025-09-26 18:13:45,246 INFO  [org.apa.kaf.cli.con.int.ConsumerCoordinator] (ForkJoinPool.commonPool-worker-2) [Consumer clientId=consumer-Consumer-topic-01b17a2e_b4fb_4ea0_a203_9d51c47c89c3-12, groupId=Consumer-topic-01b17a2e_b4fb_4ea0_a203_9d51c47c89c3] (Re-)joining group
2025-09-26 18:13:46,239 INFO  [io.api.tes.ser.api.KafkaSerdesTester] (ForkJoinPool.commonPool-worker-2) None found
2025-09-26 18:13:47,239 INFO  [io.api.tes.ser.api.KafkaSerdesTester] (ForkJoinPool.commonPool-worker-2) None found
2025-09-26 18:13:48,239 INFO  [io.api.tes.ser.api.KafkaSerdesTester] (ForkJoinPool.commonPool-worker-2) None found
2025-09-26 18:13:48,247 INFO  [org.apa.kaf.cli.con.int.ConsumerCoordinator] (ForkJoinPool.commonPool-worker-2) [Consumer clientId=consumer-Consumer-topic-01b17a2e_b4fb_4ea0_a203_9d51c47c89c3-12, groupId=Consumer-topic-01b17a2e_b4fb_4ea0_a203_9d51c47c89c3] Successfully joined group with generation Generation{generationId=5, memberId='consumer-Consumer-topic-01b17a2e_b4fb_4ea0_a203_9d51c47c89c3-12-4b83ed99-e588-43dd-abd9-352e3878c607', protocol='range'}
2025-09-26 18:13:48,248 INFO  [org.apa.kaf.cli.con.int.ConsumerCoordinator] (ForkJoinPool.commonPool-worker-2) [Consumer clientId=consumer-Consumer-topic-01b17a2e_b4fb_4ea0_a203_9d51c47c89c3-12, groupId=Consumer-topic-01b17a2e_b4fb_4ea0_a203_9d51c47c89c3] Finished assignment for group at generation 5: {consumer-Consumer-topic-01b17a2e_b4fb_4ea0_a203_9d51c47c89c3-12-4b83ed99-e588-43dd-abd9-352e3878c607=Assignment(partitions=[topic-01b17a2e_b4fb_4ea0_a203_9d51c47c89c3-0])}
2025-09-26 18:13:48,254 INFO  [org.apa.kaf.cli.con.int.ConsumerCoordinator] (ForkJoinPool.commonPool-worker-2) [Consumer clientId=consumer-Consumer-topic-01b17a2e_b4fb_4ea0_a203_9d51c47c89c3-12, groupId=Consumer-topic-01b17a2e_b4fb_4ea0_a203_9d51c47c89c3] Successfully synced group in generation Generation{generationId=5, memberId='consumer-Consumer-topic-01b17a2e_b4fb_4ea0_a203_9d51c47c89c3-12-4b83ed99-e588-43dd-abd9-352e3878c607', protocol='range'}
2025-09-26 18:13:48,255 INFO  [org.apa.kaf.cli.con.int.ConsumerCoordinator] (ForkJoinPool.commonPool-worker-2) [Consumer clientId=consumer-Consumer-topic-01b17a2e_b4fb_4ea0_a203_9d51c47c89c3-12, groupId=Consumer-topic-01b17a2e_b4fb_4ea0_a203_9d51c47c89c3] Notifying assignor about the new Assignment(partitions=[topic-01b17a2e_b4fb_4ea0_a203_9d51c47c89c3-0])
2025-09-26 18:13:48,255 INFO  [org.apa.kaf.cli.con.int.ConsumerRebalanceListenerInvoker] (ForkJoinPool.commonPool-worker-2) [Consumer clientId=consumer-Consumer-topic-01b17a2e_b4fb_4ea0_a203_9d51c47c89c3-12, groupId=Consumer-topic-01b17a2e_b4fb_4ea0_a203_9d51c47c89c3] Adding newly assigned partitions: topic-01b17a2e_b4fb_4ea0_a203_9d51c47c89c3-0
2025-09-26 18:13:48,256 INFO  [org.apa.kaf.cli.con.int.ConsumerUtils] (ForkJoinPool.commonPool-worker-2) Setting offset for partition topic-01b17a2e_b4fb_4ea0_a203_9d51c47c89c3-0 to the committed offset FetchPosition{offset=30, offsetEpoch=Optional[0], currentLeader=LeaderAndEpoch{leader=Optional[localhost:32769 (id: 0 rack: null)], epoch=0}}
2025-09-26 18:13:48,320 INFO  [io.api.tes.ser.api.KafkaSerdesTester] (ForkJoinPool.commonPool-worker-2) topic-01b17a2e_b4fb_4ea0_a203_9d51c47c89c3 0 30 {"key11758910414477": "value-0", "key21758910419341": "value-0", "key31758910424045": "value-0"}
2025-09-26 18:13:48,320 INFO  [io.api.tes.ser.api.KafkaSerdesTester] (ForkJoinPool.commonPool-worker-2) topic-01b17a2e_b4fb_4ea0_a203_9d51c47c89c3 0 31 {"key11758910414477": "value-1", "key21758910419341": "value-1", "key31758910424045": "value-1"}
2025-09-26 18:13:48,320 INFO  [io.api.tes.ser.api.KafkaSerdesTester] (ForkJoinPool.commonPool-worker-2) topic-01b17a2e_b4fb_4ea0_a203_9d51c47c89c3 0 32 {"key11758910414477": "value-2", "key21758910419341": "value-2", "key31758910424045": "value-2"}
2025-09-26 18:13:48,320 INFO  [io.api.tes.ser.api.KafkaSerdesTester] (ForkJoinPool.commonPool-worker-2) topic-01b17a2e_b4fb_4ea0_a203_9d51c47c89c3 0 33 {"key11758910414477": "value-3", "key21758910419341": "value-3", "key31758910424045": "value-3"}
2025-09-26 18:13:48,320 INFO  [io.api.tes.ser.api.KafkaSerdesTester] (ForkJoinPool.commonPool-worker-2) topic-01b17a2e_b4fb_4ea0_a203_9d51c47c89c3 0 34 {"key11758910414477": "value-4", "key21758910419341": "value-4", "key31758910424045": "value-4"}
2025-09-26 18:13:48,320 INFO  [io.api.tes.ser.api.KafkaSerdesTester] (ForkJoinPool.commonPool-worker-2) topic-01b17a2e_b4fb_4ea0_a203_9d51c47c89c3 0 35 {"key11758910414477": "value-5", "key21758910419341": "value-5", "key31758910424045": "value-5"}
2025-09-26 18:13:48,320 INFO  [io.api.tes.ser.api.KafkaSerdesTester] (ForkJoinPool.commonPool-worker-2) topic-01b17a2e_b4fb_4ea0_a203_9d51c47c89c3 0 36 {"key11758910414477": "value-6", "key21758910419341": "value-6", "key31758910424045": "value-6"}
2025-09-26 18:13:48,320 INFO  [io.api.tes.ser.api.KafkaSerdesTester] (ForkJoinPool.commonPool-worker-2) topic-01b17a2e_b4fb_4ea0_a203_9d51c47c89c3 0 37 {"key11758910414477": "value-7", "key21758910419341": "value-7", "key31758910424045": "value-7"}
2025-09-26 18:13:48,320 INFO  [io.api.tes.ser.api.KafkaSerdesTester] (ForkJoinPool.commonPool-worker-2) topic-01b17a2e_b4fb_4ea0_a203_9d51c47c89c3 0 38 {"key11758910414477": "value-8", "key21758910419341": "value-8", "key31758910424045": "value-8"}
2025-09-26 18:13:48,320 INFO  [io.api.tes.ser.api.KafkaSerdesTester] (ForkJoinPool.commonPool-worker-2) topic-01b17a2e_b4fb_4ea0_a203_9d51c47c89c3 0 39 {"key11758910414477": "value-9", "key21758910419341": "value-9", "key31758910424045": "value-9"}
2025-09-26 18:13:48,320 INFO  [io.api.tes.ser.api.KafkaSerdesTester] (ForkJoinPool.commonPool-worker-2) topic-01b17a2e_b4fb_4ea0_a203_9d51c47c89c3 0 40 {"key11758910414477": "value-0", "key21758910419341": "value-0"}
2025-09-26 18:13:48,320 INFO  [io.api.tes.ser.api.KafkaSerdesTester] (ForkJoinPool.commonPool-worker-2) topic-01b17a2e_b4fb_4ea0_a203_9d51c47c89c3 0 41 {"key11758910414477": "value-1", "key21758910419341": "value-1"}
2025-09-26 18:13:48,320 INFO  [io.api.tes.ser.api.KafkaSerdesTester] (ForkJoinPool.commonPool-worker-2) topic-01b17a2e_b4fb_4ea0_a203_9d51c47c89c3 0 42 {"key11758910414477": "value-2", "key21758910419341": "value-2"}
2025-09-26 18:13:48,320 INFO  [io.api.tes.ser.api.KafkaSerdesTester] (ForkJoinPool.commonPool-worker-2) topic-01b17a2e_b4fb_4ea0_a203_9d51c47c89c3 0 43 {"key11758910414477": "value-3", "key21758910419341": "value-3"}
2025-09-26 18:13:48,320 INFO  [io.api.tes.ser.api.KafkaSerdesTester] (ForkJoinPool.commonPool-worker-2) topic-01b17a2e_b4fb_4ea0_a203_9d51c47c89c3 0 44 {"key11758910414477": "value-4", "key21758910419341": "value-4"}
2025-09-26 18:13:48,320 INFO  [io.api.tes.ser.api.KafkaSerdesTester] (ForkJoinPool.commonPool-worker-2) topic-01b17a2e_b4fb_4ea0_a203_9d51c47c89c3 0 45 {"key11758910414477": "value-5", "key21758910419341": "value-5"}
2025-09-26 18:13:48,320 INFO  [io.api.tes.ser.api.KafkaSerdesTester] (ForkJoinPool.commonPool-worker-2) topic-01b17a2e_b4fb_4ea0_a203_9d51c47c89c3 0 46 {"key11758910414477": "value-6", "key21758910419341": "value-6"}
2025-09-26 18:13:48,321 INFO  [io.api.tes.ser.api.KafkaSerdesTester] (ForkJoinPool.commonPool-worker-2) topic-01b17a2e_b4fb_4ea0_a203_9d51c47c89c3 0 47 {"key11758910414477": "value-7", "key21758910419341": "value-7"}
2025-09-26 18:13:48,321 INFO  [io.api.tes.ser.api.KafkaSerdesTester] (ForkJoinPool.commonPool-worker-2) topic-01b17a2e_b4fb_4ea0_a203_9d51c47c89c3 0 48 {"key11758910414477": "value-8", "key21758910419341": "value-8"}
2025-09-26 18:13:48,321 INFO  [io.api.tes.ser.api.KafkaSerdesTester] (ForkJoinPool.commonPool-worker-2) topic-01b17a2e_b4fb_4ea0_a203_9d51c47c89c3 0 49 {"key11758910414477": "value-9", "key21758910419341": "value-9"}
2025-09-26 18:13:48,321 INFO  [io.api.tes.ser.api.KafkaSerdesTester] (ForkJoinPool.commonPool-worker-2) topic-01b17a2e_b4fb_4ea0_a203_9d51c47c89c3 0 50 {"key11758910414477": "value-0"}
2025-09-26 18:13:48,321 INFO  [io.api.tes.ser.api.KafkaSerdesTester] (ForkJoinPool.commonPool-worker-2) topic-01b17a2e_b4fb_4ea0_a203_9d51c47c89c3 0 51 {"key11758910414477": "value-1"}
2025-09-26 18:13:48,321 INFO  [io.api.tes.ser.api.KafkaSerdesTester] (ForkJoinPool.commonPool-worker-2) topic-01b17a2e_b4fb_4ea0_a203_9d51c47c89c3 0 52 {"key11758910414477": "value-2"}
2025-09-26 18:13:48,321 INFO  [io.api.tes.ser.api.KafkaSerdesTester] (ForkJoinPool.commonPool-worker-2) topic-01b17a2e_b4fb_4ea0_a203_9d51c47c89c3 0 53 {"key11758910414477": "value-3"}
2025-09-26 18:13:48,321 INFO  [io.api.tes.ser.api.KafkaSerdesTester] (ForkJoinPool.commonPool-worker-2) topic-01b17a2e_b4fb_4ea0_a203_9d51c47c89c3 0 54 {"key11758910414477": "value-4"}
2025-09-26 18:13:48,321 INFO  [io.api.tes.ser.api.KafkaSerdesTester] (ForkJoinPool.commonPool-worker-2) topic-01b17a2e_b4fb_4ea0_a203_9d51c47c89c3 0 55 {"key11758910414477": "value-5"}
2025-09-26 18:13:48,321 INFO  [io.api.tes.ser.api.KafkaSerdesTester] (ForkJoinPool.commonPool-worker-2) topic-01b17a2e_b4fb_4ea0_a203_9d51c47c89c3 0 56 {"key11758910414477": "value-6"}
2025-09-26 18:13:48,321 INFO  [io.api.tes.ser.api.KafkaSerdesTester] (ForkJoinPool.commonPool-worker-2) topic-01b17a2e_b4fb_4ea0_a203_9d51c47c89c3 0 57 {"key11758910414477": "value-7"}
2025-09-26 18:13:48,321 INFO  [io.api.tes.ser.api.KafkaSerdesTester] (ForkJoinPool.commonPool-worker-2) topic-01b17a2e_b4fb_4ea0_a203_9d51c47c89c3 0 58 {"key11758910414477": "value-8"}
2025-09-26 18:13:48,321 INFO  [io.api.tes.ser.api.KafkaSerdesTester] (ForkJoinPool.commonPool-worker-2) topic-01b17a2e_b4fb_4ea0_a203_9d51c47c89c3 0 59 {"key11758910414477": "value-9"}
2025-09-26 18:13:48,321 INFO  [io.api.tes.ser.api.KafkaSerdesTester] (ForkJoinPool.commonPool-worker-2) Consumed 30 messages
2025-09-26 18:13:48,328 INFO  [org.apa.kaf.cli.con.int.ConsumerRebalanceListenerInvoker] (ForkJoinPool.commonPool-worker-2) [Consumer clientId=consumer-Consumer-topic-01b17a2e_b4fb_4ea0_a203_9d51c47c89c3-12, groupId=Consumer-topic-01b17a2e_b4fb_4ea0_a203_9d51c47c89c3] Revoke previously assigned partitions topic-01b17a2e_b4fb_4ea0_a203_9d51c47c89c3-0
2025-09-26 18:13:48,328 INFO  [org.apa.kaf.cli.con.int.ConsumerCoordinator] (ForkJoinPool.commonPool-worker-2) [Consumer clientId=consumer-Consumer-topic-01b17a2e_b4fb_4ea0_a203_9d51c47c89c3-12, groupId=Consumer-topic-01b17a2e_b4fb_4ea0_a203_9d51c47c89c3] Member consumer-Consumer-topic-01b17a2e_b4fb_4ea0_a203_9d51c47c89c3-12-4b83ed99-e588-43dd-abd9-352e3878c607 sending LeaveGroup request to coordinator localhost:32769 (id: 2147483647 rack: null) due to the consumer is being closed
2025-09-26 18:13:48,328 INFO  [org.apa.kaf.cli.con.int.ConsumerCoordinator] (ForkJoinPool.commonPool-worker-2) [Consumer clientId=consumer-Consumer-topic-01b17a2e_b4fb_4ea0_a203_9d51c47c89c3-12, groupId=Consumer-topic-01b17a2e_b4fb_4ea0_a203_9d51c47c89c3] Resetting generation and member id due to: consumer pro-actively leaving the group
2025-09-26 18:13:48,328 INFO  [org.apa.kaf.cli.con.int.ConsumerCoordinator] (ForkJoinPool.commonPool-worker-2) [Consumer clientId=consumer-Consumer-topic-01b17a2e_b4fb_4ea0_a203_9d51c47c89c3-12, groupId=Consumer-topic-01b17a2e_b4fb_4ea0_a203_9d51c47c89c3] Request joining group due to: consumer pro-actively leaving the group
2025-09-26 18:13:48,821 INFO  [org.apa.kaf.com.met.Metrics] (ForkJoinPool.commonPool-worker-2) Metrics scheduler closed
2025-09-26 18:13:48,821 INFO  [org.apa.kaf.com.met.Metrics] (ForkJoinPool.commonPool-worker-2) Closing reporter org.apache.kafka.common.metrics.JmxReporter
2025-09-26 18:13:48,821 INFO  [org.apa.kaf.com.met.Metrics] (ForkJoinPool.commonPool-worker-2) Closing reporter org.apache.kafka.common.telemetry.internals.ClientTelemetryReporter
2025-09-26 18:13:48,821 INFO  [org.apa.kaf.com.met.Metrics] (ForkJoinPool.commonPool-worker-2) Metrics reporters closed
2025-09-26 18:13:48,823 INFO  [org.apa.kaf.com.uti.AppInfoParser] (ForkJoinPool.commonPool-worker-2) App info kafka.consumer for consumer-Consumer-topic-01b17a2e_b4fb_4ea0_a203_9d51c47c89c3-12 unregistered
2025-09-26 18:13:48,823 INFO  [org.apa.kaf.cli.pro.KafkaProducer] (main) [Producer clientId=Producer-topic-01b17a2e_b4fb_4ea0_a203_9d51c47c89c3] Closing the Kafka producer with timeoutMillis = 9223372036854775807 ms.
2025-09-26 18:13:48,823 INFO  [org.apa.kaf.com.met.Metrics] (main) Metrics scheduler closed
2025-09-26 18:13:48,823 INFO  [org.apa.kaf.com.met.Metrics] (main) Closing reporter org.apache.kafka.common.metrics.JmxReporter
2025-09-26 18:13:48,823 INFO  [org.apa.kaf.com.met.Metrics] (main) Closing reporter org.apache.kafka.common.telemetry.internals.ClientTelemetryReporter
2025-09-26 18:13:48,823 INFO  [org.apa.kaf.com.met.Metrics] (main) Metrics reporters closed
2025-09-26 18:13:48,823 INFO  [org.apa.kaf.com.uti.AppInfoParser] (main) App info kafka.producer for Producer-topic-01b17a2e_b4fb_4ea0_a203_9d51c47c89c3 unregistered
2025-09-26 18:13:48,823 INFO  [io.api.tes.uti.TestSeparator] (main) io.apicurio.tests.serdes.apicurio.AvroSerdeIT.testEvolveAvroApicurio-FINISHED
2025-09-26 18:13:48,823 INFO  [io.api.tes.uti.TestSeparator] (main) ############################################################################
Test passed: testEvolveAvroApicurio
]]></system-out>
  </testcase>
  <testcase name="testTopicRecordIdStrategydFindLatest" classname="io.apicurio.tests.serdes.apicurio.AvroSerdeIT" time="4.667">
    <system-out><![CDATA[2025-09-26 18:13:48,824 INFO  [io.api.tes.uti.TestSeparator] (main) ############################################################################
2025-09-26 18:13:48,824 INFO  [io.api.tes.uti.TestSeparator] (main) io.apicurio.tests.serdes.apicurio.AvroSerdeIT.testTopicRecordIdStrategydFindLatest-STARTED
2025-09-26 18:13:48,825 INFO  [io.api.tes.ser.api.AvroSerdeIT] (main) Registering Avro Schema: {"type":"record","name":"s072e0db4xd773x45c2xa663x62e687db8c5e","namespace":"sb2a46426x2a53x4929x89a1xe6e5375007b8","fields":[{"name":"key11758910428825","type":"string"}]}
**** Registry Base URL: http://registry-app-mysql.apps.ci419.apicurio-testing.org:80
2025-09-26 18:13:49,878 INFO  [org.apa.kaf.cli.pro.ProducerConfig] (main) ProducerConfig values: 
	acks = -1
	auto.include.jmx.reporter = true
	batch.size = 16384
	bootstrap.servers = [PLAINTEXT://localhost:32769]
	buffer.memory = 33554432
	client.dns.lookup = use_all_dns_ips
	client.id = Producer-topic-8abd4829_6ac1_4631_b340_3217eb8182f8
	compression.gzip.level = -1
	compression.lz4.level = 9
	compression.type = none
	compression.zstd.level = 3
	connections.max.idle.ms = 10000
	delivery.timeout.ms = 120000
	enable.idempotence = true
	enable.metrics.push = true
	interceptor.classes = []
	key.serializer = class org.apache.kafka.common.serialization.StringSerializer
	linger.ms = 0
	max.block.ms = 60000
	max.in.flight.requests.per.connection = 5
	max.request.size = 1048576
	metadata.max.age.ms = 300000
	metadata.max.idle.ms = 300000
	metadata.recovery.strategy = none
	metric.reporters = []
	metrics.num.samples = 2
	metrics.recording.level = INFO
	metrics.sample.window.ms = 30000
	partitioner.adaptive.partitioning.enable = true
	partitioner.availability.timeout.ms = 0
	partitioner.class = null
	partitioner.ignore.keys = false
	receive.buffer.bytes = 32768
	reconnect.backoff.max.ms = 1000
	reconnect.backoff.ms = 50
	request.timeout.ms = 5000
	retries = 2147483647
	retry.backoff.max.ms = 1000
	retry.backoff.ms = 100
	sasl.client.callback.handler.class = null
	sasl.jaas.config = null
	sasl.kerberos.kinit.cmd = /usr/bin/kinit
	sasl.kerberos.min.time.before.relogin = 60000
	sasl.kerberos.service.name = null
	sasl.kerberos.ticket.renew.jitter = 0.05
	sasl.kerberos.ticket.renew.window.factor = 0.8
	sasl.login.callback.handler.class = null
	sasl.login.class = null
	sasl.login.connect.timeout.ms = null
	sasl.login.read.timeout.ms = null
	sasl.login.refresh.buffer.seconds = 300
	sasl.login.refresh.min.period.seconds = 60
	sasl.login.refresh.window.factor = 0.8
	sasl.login.refresh.window.jitter = 0.05
	sasl.login.retry.backoff.max.ms = 10000
	sasl.login.retry.backoff.ms = 100
	sasl.mechanism = GSSAPI
	sasl.oauthbearer.clock.skew.seconds = 30
	sasl.oauthbearer.expected.audience = null
	sasl.oauthbearer.expected.issuer = null
	sasl.oauthbearer.header.urlencode = false
	sasl.oauthbearer.jwks.endpoint.refresh.ms = 3600000
	sasl.oauthbearer.jwks.endpoint.retry.backoff.max.ms = 10000
	sasl.oauthbearer.jwks.endpoint.retry.backoff.ms = 100
	sasl.oauthbearer.jwks.endpoint.url = null
	sasl.oauthbearer.scope.claim.name = scope
	sasl.oauthbearer.sub.claim.name = sub
	sasl.oauthbearer.token.endpoint.url = null
	security.protocol = PLAINTEXT
	security.providers = null
	send.buffer.bytes = 131072
	socket.connection.setup.timeout.max.ms = 30000
	socket.connection.setup.timeout.ms = 10000
	ssl.cipher.suites = null
	ssl.enabled.protocols = [TLSv1.2, TLSv1.3]
	ssl.endpoint.identification.algorithm = https
	ssl.engine.factory.class = null
	ssl.key.password = null
	ssl.keymanager.algorithm = SunX509
	ssl.keystore.certificate.chain = null
	ssl.keystore.key = null
	ssl.keystore.location = null
	ssl.keystore.password = null
	ssl.keystore.type = JKS
	ssl.protocol = TLSv1.3
	ssl.provider = null
	ssl.secure.random.implementation = null
	ssl.trustmanager.algorithm = PKIX
	ssl.truststore.certificates = null
	ssl.truststore.location = null
	ssl.truststore.password = null
	ssl.truststore.type = JKS
	transaction.timeout.ms = 60000
	transactional.id = null
	value.serializer = class io.apicurio.registry.serde.avro.AvroKafkaSerializer

2025-09-26 18:13:49,879 INFO  [org.apa.kaf.com.tel.int.KafkaMetricsCollector] (main) initializing Kafka metrics collector
2025-09-26 18:13:49,881 INFO  [org.apa.kaf.cli.pro.KafkaProducer] (main) [Producer clientId=Producer-topic-8abd4829_6ac1_4631_b340_3217eb8182f8] Instantiated an idempotent producer.
2025-09-26 18:13:49,883 INFO  [org.apa.kaf.cli.pro.ProducerConfig] (main) These configurations '[apicurio.registry.find-latest, apicurio.registry.url, apicurio.registry.artifact-resolver-strategy]' were supplied but are not used yet.
2025-09-26 18:13:49,883 INFO  [org.apa.kaf.com.uti.AppInfoParser] (main) Kafka version: 3.9.1
2025-09-26 18:13:49,883 INFO  [org.apa.kaf.com.uti.AppInfoParser] (main) Kafka commitId: f745dfdcee2b9851
2025-09-26 18:13:49,883 INFO  [org.apa.kaf.com.uti.AppInfoParser] (main) Kafka startTimeMs: 1758910429883
2025-09-26 18:13:49,883 INFO  [io.api.tes.ser.api.SimpleSerdesTesterBuilder$SimpleSerdesTester] (main) Using producer configuration: {apicurio.registry.find-latest=true, apicurio.registry.url=http://registry-app-mysql.apps.ci419.apicurio-testing.org:80/apis/registry/v3, apicurio.registry.artifact-resolver-strategy=io.apicurio.registry.serde.avro.strategy.TopicRecordIdStrategy, value.serializer=io.apicurio.registry.serde.avro.AvroKafkaSerializer, request.timeout.ms=5000, acks=all, bootstrap.servers=PLAINTEXT://localhost:32769, connections.max.idle.ms=10000, key.serializer=org.apache.kafka.common.serialization.StringSerializer, client.id=Producer-topic-8abd4829_6ac1_4631_b340_3217eb8182f8}
2025-09-26 18:13:49,883 INFO  [io.api.tes.ser.api.SimpleSerdesTesterBuilder$SimpleSerdesTester] (main) Using consumer configuration: {}
2025-09-26 18:13:49,883 INFO  [io.api.tes.ser.api.KafkaSerdesTester] (ForkJoinPool.commonPool-worker-2) Sending message {"key11758910428825": "value-0"} to topic topic-8abd4829_6ac1_4631_b340_3217eb8182f8
2025-09-26 18:13:49,886 INFO  [org.apa.kaf.cli.Metadata] (kafka-producer-network-thread | Producer-topic-8abd4829_6ac1_4631_b340_3217eb8182f8) [Producer clientId=Producer-topic-8abd4829_6ac1_4631_b340_3217eb8182f8] Cluster ID: y_JNGwQJRlem7c5NGbSJCg
2025-09-26 18:13:49,886 INFO  [org.apa.kaf.cli.pro.int.TransactionManager] (kafka-producer-network-thread | Producer-topic-8abd4829_6ac1_4631_b340_3217eb8182f8) [Producer clientId=Producer-topic-8abd4829_6ac1_4631_b340_3217eb8182f8] ProducerId set to 18 with epoch 0
2025-09-26 18:13:49,924 INFO  [io.api.tes.ser.api.KafkaSerdesTester] (ForkJoinPool.commonPool-worker-2) Sending message {"key11758910428825": "value-1"} to topic topic-8abd4829_6ac1_4631_b340_3217eb8182f8
2025-09-26 18:13:49,926 INFO  [io.api.tes.ser.api.KafkaSerdesTester] (ForkJoinPool.commonPool-worker-2) Sending message {"key11758910428825": "value-2"} to topic topic-8abd4829_6ac1_4631_b340_3217eb8182f8
2025-09-26 18:13:49,927 INFO  [io.api.tes.ser.api.KafkaSerdesTester] (ForkJoinPool.commonPool-worker-2) Sending message {"key11758910428825": "value-3"} to topic topic-8abd4829_6ac1_4631_b340_3217eb8182f8
2025-09-26 18:13:49,928 INFO  [io.api.tes.ser.api.KafkaSerdesTester] (ForkJoinPool.commonPool-worker-2) Sending message {"key11758910428825": "value-4"} to topic topic-8abd4829_6ac1_4631_b340_3217eb8182f8
2025-09-26 18:13:49,929 INFO  [io.api.tes.ser.api.KafkaSerdesTester] (ForkJoinPool.commonPool-worker-2) Sending message {"key11758910428825": "value-5"} to topic topic-8abd4829_6ac1_4631_b340_3217eb8182f8
2025-09-26 18:13:49,931 INFO  [io.api.tes.ser.api.KafkaSerdesTester] (ForkJoinPool.commonPool-worker-2) Sending message {"key11758910428825": "value-6"} to topic topic-8abd4829_6ac1_4631_b340_3217eb8182f8
2025-09-26 18:13:49,932 INFO  [io.api.tes.ser.api.KafkaSerdesTester] (ForkJoinPool.commonPool-worker-2) Sending message {"key11758910428825": "value-7"} to topic topic-8abd4829_6ac1_4631_b340_3217eb8182f8
2025-09-26 18:13:49,933 INFO  [io.api.tes.ser.api.KafkaSerdesTester] (ForkJoinPool.commonPool-worker-2) Sending message {"key11758910428825": "value-8"} to topic topic-8abd4829_6ac1_4631_b340_3217eb8182f8
2025-09-26 18:13:49,934 INFO  [io.api.tes.ser.api.KafkaSerdesTester] (ForkJoinPool.commonPool-worker-2) Sending message {"key11758910428825": "value-9"} to topic topic-8abd4829_6ac1_4631_b340_3217eb8182f8
2025-09-26 18:13:49,935 INFO  [io.api.tes.ser.api.KafkaSerdesTester] (ForkJoinPool.commonPool-worker-2) Produced 10 messages
2025-09-26 18:13:49,935 INFO  [org.apa.kaf.cli.pro.KafkaProducer] (ForkJoinPool.commonPool-worker-2) [Producer clientId=Producer-topic-8abd4829_6ac1_4631_b340_3217eb8182f8] Closing the Kafka producer with timeoutMillis = 9223372036854775807 ms.
2025-09-26 18:13:49,936 INFO  [org.apa.kaf.com.met.Metrics] (ForkJoinPool.commonPool-worker-2) Metrics scheduler closed
2025-09-26 18:13:49,937 INFO  [org.apa.kaf.com.met.Metrics] (ForkJoinPool.commonPool-worker-2) Closing reporter org.apache.kafka.common.metrics.JmxReporter
2025-09-26 18:13:49,937 INFO  [org.apa.kaf.com.met.Metrics] (ForkJoinPool.commonPool-worker-2) Closing reporter org.apache.kafka.common.telemetry.internals.ClientTelemetryReporter
2025-09-26 18:13:49,937 INFO  [org.apa.kaf.com.met.Metrics] (ForkJoinPool.commonPool-worker-2) Metrics reporters closed
2025-09-26 18:13:49,937 INFO  [org.apa.kaf.com.uti.AppInfoParser] (ForkJoinPool.commonPool-worker-2) App info kafka.producer for Producer-topic-8abd4829_6ac1_4631_b340_3217eb8182f8 unregistered
**** Registry Base URL: http://registry-app-mysql.apps.ci419.apicurio-testing.org:80
2025-09-26 18:13:49,937 INFO  [org.apa.kaf.cli.con.ConsumerConfig] (main) ConsumerConfig values: 
	allow.auto.create.topics = true
	auto.commit.interval.ms = 500
	auto.include.jmx.reporter = true
	auto.offset.reset = earliest
	bootstrap.servers = [PLAINTEXT://localhost:32769]
	check.crcs = true
	client.dns.lookup = use_all_dns_ips
	client.id = consumer-Consumer-topic-8abd4829_6ac1_4631_b340_3217eb8182f8-13
	client.rack = 
	connections.max.idle.ms = 10000
	default.api.timeout.ms = 60000
	enable.auto.commit = true
	enable.metrics.push = true
	exclude.internal.topics = true
	fetch.max.bytes = 52428800
	fetch.max.wait.ms = 500
	fetch.min.bytes = 1
	group.id = Consumer-topic-8abd4829_6ac1_4631_b340_3217eb8182f8
	group.instance.id = null
	group.protocol = classic
	group.remote.assignor = null
	heartbeat.interval.ms = 3000
	interceptor.classes = []
	internal.leave.group.on.close = true
	internal.throw.on.fetch.stable.offset.unsupported = false
	isolation.level = read_uncommitted
	key.deserializer = class org.apache.kafka.common.serialization.StringDeserializer
	max.partition.fetch.bytes = 1048576
	max.poll.interval.ms = 300000
	max.poll.records = 500
	metadata.max.age.ms = 300000
	metadata.recovery.strategy = none
	metric.reporters = []
	metrics.num.samples = 2
	metrics.recording.level = INFO
	metrics.sample.window.ms = 30000
	partition.assignment.strategy = [class org.apache.kafka.clients.consumer.RangeAssignor, class org.apache.kafka.clients.consumer.CooperativeStickyAssignor]
	receive.buffer.bytes = 65536
	reconnect.backoff.max.ms = 1000
	reconnect.backoff.ms = 50
	request.timeout.ms = 5000
	retry.backoff.max.ms = 1000
	retry.backoff.ms = 100
	sasl.client.callback.handler.class = null
	sasl.jaas.config = null
	sasl.kerberos.kinit.cmd = /usr/bin/kinit
	sasl.kerberos.min.time.before.relogin = 60000
	sasl.kerberos.service.name = null
	sasl.kerberos.ticket.renew.jitter = 0.05
	sasl.kerberos.ticket.renew.window.factor = 0.8
	sasl.login.callback.handler.class = null
	sasl.login.class = null
	sasl.login.connect.timeout.ms = null
	sasl.login.read.timeout.ms = null
	sasl.login.refresh.buffer.seconds = 300
	sasl.login.refresh.min.period.seconds = 60
	sasl.login.refresh.window.factor = 0.8
	sasl.login.refresh.window.jitter = 0.05
	sasl.login.retry.backoff.max.ms = 10000
	sasl.login.retry.backoff.ms = 100
	sasl.mechanism = GSSAPI
	sasl.oauthbearer.clock.skew.seconds = 30
	sasl.oauthbearer.expected.audience = null
	sasl.oauthbearer.expected.issuer = null
	sasl.oauthbearer.header.urlencode = false
	sasl.oauthbearer.jwks.endpoint.refresh.ms = 3600000
	sasl.oauthbearer.jwks.endpoint.retry.backoff.max.ms = 10000
	sasl.oauthbearer.jwks.endpoint.retry.backoff.ms = 100
	sasl.oauthbearer.jwks.endpoint.url = null
	sasl.oauthbearer.scope.claim.name = scope
	sasl.oauthbearer.sub.claim.name = sub
	sasl.oauthbearer.token.endpoint.url = null
	security.protocol = PLAINTEXT
	security.providers = null
	send.buffer.bytes = 131072
	session.timeout.ms = 45000
	socket.connection.setup.timeout.max.ms = 30000
	socket.connection.setup.timeout.ms = 10000
	ssl.cipher.suites = null
	ssl.enabled.protocols = [TLSv1.2, TLSv1.3]
	ssl.endpoint.identification.algorithm = https
	ssl.engine.factory.class = null
	ssl.key.password = null
	ssl.keymanager.algorithm = SunX509
	ssl.keystore.certificate.chain = null
	ssl.keystore.key = null
	ssl.keystore.location = null
	ssl.keystore.password = null
	ssl.keystore.type = JKS
	ssl.protocol = TLSv1.3
	ssl.provider = null
	ssl.secure.random.implementation = null
	ssl.trustmanager.algorithm = PKIX
	ssl.truststore.certificates = null
	ssl.truststore.location = null
	ssl.truststore.password = null
	ssl.truststore.type = JKS
	value.deserializer = class io.apicurio.registry.serde.avro.AvroKafkaDeserializer

2025-09-26 18:13:49,937 INFO  [org.apa.kaf.com.tel.int.KafkaMetricsCollector] (main) initializing Kafka metrics collector
2025-09-26 18:13:49,942 INFO  [org.apa.kaf.cli.con.ConsumerConfig] (main) These configurations '[apicurio.registry.url]' were supplied but are not used yet.
2025-09-26 18:13:49,942 INFO  [org.apa.kaf.com.uti.AppInfoParser] (main) Kafka version: 3.9.1
2025-09-26 18:13:49,942 INFO  [org.apa.kaf.com.uti.AppInfoParser] (main) Kafka commitId: f745dfdcee2b9851
2025-09-26 18:13:49,942 INFO  [org.apa.kaf.com.uti.AppInfoParser] (main) Kafka startTimeMs: 1758910429942
2025-09-26 18:13:49,942 INFO  [org.apa.kaf.cli.con.int.ClassicKafkaConsumer] (ForkJoinPool.commonPool-worker-2) [Consumer clientId=consumer-Consumer-topic-8abd4829_6ac1_4631_b340_3217eb8182f8-13, groupId=Consumer-topic-8abd4829_6ac1_4631_b340_3217eb8182f8] Subscribed to topic(s): topic-8abd4829_6ac1_4631_b340_3217eb8182f8
2025-09-26 18:13:49,945 INFO  [org.apa.kaf.cli.Metadata] (ForkJoinPool.commonPool-worker-2) [Consumer clientId=consumer-Consumer-topic-8abd4829_6ac1_4631_b340_3217eb8182f8-13, groupId=Consumer-topic-8abd4829_6ac1_4631_b340_3217eb8182f8] Cluster ID: y_JNGwQJRlem7c5NGbSJCg
2025-09-26 18:13:49,946 INFO  [org.apa.kaf.cli.con.int.ConsumerCoordinator] (ForkJoinPool.commonPool-worker-2) [Consumer clientId=consumer-Consumer-topic-8abd4829_6ac1_4631_b340_3217eb8182f8-13, groupId=Consumer-topic-8abd4829_6ac1_4631_b340_3217eb8182f8] Discovered group coordinator localhost:32769 (id: 2147483647 rack: null)
2025-09-26 18:13:49,946 INFO  [org.apa.kaf.cli.con.int.ConsumerCoordinator] (ForkJoinPool.commonPool-worker-2) [Consumer clientId=consumer-Consumer-topic-8abd4829_6ac1_4631_b340_3217eb8182f8-13, groupId=Consumer-topic-8abd4829_6ac1_4631_b340_3217eb8182f8] (Re-)joining group
2025-09-26 18:13:49,948 INFO  [org.apa.kaf.cli.con.int.ConsumerCoordinator] (ForkJoinPool.commonPool-worker-2) [Consumer clientId=consumer-Consumer-topic-8abd4829_6ac1_4631_b340_3217eb8182f8-13, groupId=Consumer-topic-8abd4829_6ac1_4631_b340_3217eb8182f8] Request joining group due to: need to re-join with the given member-id: consumer-Consumer-topic-8abd4829_6ac1_4631_b340_3217eb8182f8-13-609ce79a-987d-442a-ac9d-29a5cf495b30
2025-09-26 18:13:49,949 INFO  [org.apa.kaf.cli.con.int.ConsumerCoordinator] (ForkJoinPool.commonPool-worker-2) [Consumer clientId=consumer-Consumer-topic-8abd4829_6ac1_4631_b340_3217eb8182f8-13, groupId=Consumer-topic-8abd4829_6ac1_4631_b340_3217eb8182f8] (Re-)joining group
2025-09-26 18:13:50,944 INFO  [io.api.tes.ser.api.KafkaSerdesTester] (ForkJoinPool.commonPool-worker-2) None found
2025-09-26 18:13:51,944 INFO  [io.api.tes.ser.api.KafkaSerdesTester] (ForkJoinPool.commonPool-worker-2) None found
2025-09-26 18:13:52,945 INFO  [io.api.tes.ser.api.KafkaSerdesTester] (ForkJoinPool.commonPool-worker-2) None found
2025-09-26 18:13:52,950 INFO  [org.apa.kaf.cli.con.int.ConsumerCoordinator] (ForkJoinPool.commonPool-worker-2) [Consumer clientId=consumer-Consumer-topic-8abd4829_6ac1_4631_b340_3217eb8182f8-13, groupId=Consumer-topic-8abd4829_6ac1_4631_b340_3217eb8182f8] Successfully joined group with generation Generation{generationId=1, memberId='consumer-Consumer-topic-8abd4829_6ac1_4631_b340_3217eb8182f8-13-609ce79a-987d-442a-ac9d-29a5cf495b30', protocol='range'}
2025-09-26 18:13:52,950 INFO  [org.apa.kaf.cli.con.int.ConsumerCoordinator] (ForkJoinPool.commonPool-worker-2) [Consumer clientId=consumer-Consumer-topic-8abd4829_6ac1_4631_b340_3217eb8182f8-13, groupId=Consumer-topic-8abd4829_6ac1_4631_b340_3217eb8182f8] Finished assignment for group at generation 1: {consumer-Consumer-topic-8abd4829_6ac1_4631_b340_3217eb8182f8-13-609ce79a-987d-442a-ac9d-29a5cf495b30=Assignment(partitions=[topic-8abd4829_6ac1_4631_b340_3217eb8182f8-0])}
2025-09-26 18:13:52,957 INFO  [org.apa.kaf.cli.con.int.ConsumerCoordinator] (ForkJoinPool.commonPool-worker-2) [Consumer clientId=consumer-Consumer-topic-8abd4829_6ac1_4631_b340_3217eb8182f8-13, groupId=Consumer-topic-8abd4829_6ac1_4631_b340_3217eb8182f8] Successfully synced group in generation Generation{generationId=1, memberId='consumer-Consumer-topic-8abd4829_6ac1_4631_b340_3217eb8182f8-13-609ce79a-987d-442a-ac9d-29a5cf495b30', protocol='range'}
2025-09-26 18:13:52,957 INFO  [org.apa.kaf.cli.con.int.ConsumerCoordinator] (ForkJoinPool.commonPool-worker-2) [Consumer clientId=consumer-Consumer-topic-8abd4829_6ac1_4631_b340_3217eb8182f8-13, groupId=Consumer-topic-8abd4829_6ac1_4631_b340_3217eb8182f8] Notifying assignor about the new Assignment(partitions=[topic-8abd4829_6ac1_4631_b340_3217eb8182f8-0])
2025-09-26 18:13:52,957 INFO  [org.apa.kaf.cli.con.int.ConsumerRebalanceListenerInvoker] (ForkJoinPool.commonPool-worker-2) [Consumer clientId=consumer-Consumer-topic-8abd4829_6ac1_4631_b340_3217eb8182f8-13, groupId=Consumer-topic-8abd4829_6ac1_4631_b340_3217eb8182f8] Adding newly assigned partitions: topic-8abd4829_6ac1_4631_b340_3217eb8182f8-0
2025-09-26 18:13:52,958 INFO  [org.apa.kaf.cli.con.int.ConsumerCoordinator] (ForkJoinPool.commonPool-worker-2) [Consumer clientId=consumer-Consumer-topic-8abd4829_6ac1_4631_b340_3217eb8182f8-13, groupId=Consumer-topic-8abd4829_6ac1_4631_b340_3217eb8182f8] Found no committed offset for partition topic-8abd4829_6ac1_4631_b340_3217eb8182f8-0
2025-09-26 18:13:52,960 INFO  [org.apa.kaf.cli.con.int.SubscriptionState] (ForkJoinPool.commonPool-worker-2) [Consumer clientId=consumer-Consumer-topic-8abd4829_6ac1_4631_b340_3217eb8182f8-13, groupId=Consumer-topic-8abd4829_6ac1_4631_b340_3217eb8182f8] Resetting offset for partition topic-8abd4829_6ac1_4631_b340_3217eb8182f8-0 to position FetchPosition{offset=0, offsetEpoch=Optional.empty, currentLeader=LeaderAndEpoch{leader=Optional[localhost:32769 (id: 0 rack: null)], epoch=0}}.
2025-09-26 18:13:52,986 INFO  [io.api.tes.ser.api.KafkaSerdesTester] (ForkJoinPool.commonPool-worker-2) topic-8abd4829_6ac1_4631_b340_3217eb8182f8 0 0 {"key11758910428825": "value-0"}
2025-09-26 18:13:52,986 INFO  [io.api.tes.ser.api.KafkaSerdesTester] (ForkJoinPool.commonPool-worker-2) topic-8abd4829_6ac1_4631_b340_3217eb8182f8 0 1 {"key11758910428825": "value-1"}
2025-09-26 18:13:52,986 INFO  [io.api.tes.ser.api.KafkaSerdesTester] (ForkJoinPool.commonPool-worker-2) topic-8abd4829_6ac1_4631_b340_3217eb8182f8 0 2 {"key11758910428825": "value-2"}
2025-09-26 18:13:52,986 INFO  [io.api.tes.ser.api.KafkaSerdesTester] (ForkJoinPool.commonPool-worker-2) topic-8abd4829_6ac1_4631_b340_3217eb8182f8 0 3 {"key11758910428825": "value-3"}
2025-09-26 18:13:52,986 INFO  [io.api.tes.ser.api.KafkaSerdesTester] (ForkJoinPool.commonPool-worker-2) topic-8abd4829_6ac1_4631_b340_3217eb8182f8 0 4 {"key11758910428825": "value-4"}
2025-09-26 18:13:52,986 INFO  [io.api.tes.ser.api.KafkaSerdesTester] (ForkJoinPool.commonPool-worker-2) topic-8abd4829_6ac1_4631_b340_3217eb8182f8 0 5 {"key11758910428825": "value-5"}
2025-09-26 18:13:52,986 INFO  [io.api.tes.ser.api.KafkaSerdesTester] (ForkJoinPool.commonPool-worker-2) topic-8abd4829_6ac1_4631_b340_3217eb8182f8 0 6 {"key11758910428825": "value-6"}
2025-09-26 18:13:52,986 INFO  [io.api.tes.ser.api.KafkaSerdesTester] (ForkJoinPool.commonPool-worker-2) topic-8abd4829_6ac1_4631_b340_3217eb8182f8 0 7 {"key11758910428825": "value-7"}
2025-09-26 18:13:52,986 INFO  [io.api.tes.ser.api.KafkaSerdesTester] (ForkJoinPool.commonPool-worker-2) topic-8abd4829_6ac1_4631_b340_3217eb8182f8 0 8 {"key11758910428825": "value-8"}
2025-09-26 18:13:52,986 INFO  [io.api.tes.ser.api.KafkaSerdesTester] (ForkJoinPool.commonPool-worker-2) topic-8abd4829_6ac1_4631_b340_3217eb8182f8 0 9 {"key11758910428825": "value-9"}
2025-09-26 18:13:52,986 INFO  [io.api.tes.ser.api.KafkaSerdesTester] (ForkJoinPool.commonPool-worker-2) Consumed 10 messages
2025-09-26 18:13:52,993 INFO  [org.apa.kaf.cli.con.int.ConsumerRebalanceListenerInvoker] (ForkJoinPool.commonPool-worker-2) [Consumer clientId=consumer-Consumer-topic-8abd4829_6ac1_4631_b340_3217eb8182f8-13, groupId=Consumer-topic-8abd4829_6ac1_4631_b340_3217eb8182f8] Revoke previously assigned partitions topic-8abd4829_6ac1_4631_b340_3217eb8182f8-0
2025-09-26 18:13:52,993 INFO  [org.apa.kaf.cli.con.int.ConsumerCoordinator] (ForkJoinPool.commonPool-worker-2) [Consumer clientId=consumer-Consumer-topic-8abd4829_6ac1_4631_b340_3217eb8182f8-13, groupId=Consumer-topic-8abd4829_6ac1_4631_b340_3217eb8182f8] Member consumer-Consumer-topic-8abd4829_6ac1_4631_b340_3217eb8182f8-13-609ce79a-987d-442a-ac9d-29a5cf495b30 sending LeaveGroup request to coordinator localhost:32769 (id: 2147483647 rack: null) due to the consumer is being closed
2025-09-26 18:13:52,993 INFO  [org.apa.kaf.cli.con.int.ConsumerCoordinator] (ForkJoinPool.commonPool-worker-2) [Consumer clientId=consumer-Consumer-topic-8abd4829_6ac1_4631_b340_3217eb8182f8-13, groupId=Consumer-topic-8abd4829_6ac1_4631_b340_3217eb8182f8] Resetting generation and member id due to: consumer pro-actively leaving the group
2025-09-26 18:13:52,994 INFO  [org.apa.kaf.cli.con.int.ConsumerCoordinator] (ForkJoinPool.commonPool-worker-2) [Consumer clientId=consumer-Consumer-topic-8abd4829_6ac1_4631_b340_3217eb8182f8-13, groupId=Consumer-topic-8abd4829_6ac1_4631_b340_3217eb8182f8] Request joining group due to: consumer pro-actively leaving the group
2025-09-26 18:13:53,489 INFO  [org.apa.kaf.com.met.Metrics] (ForkJoinPool.commonPool-worker-2) Metrics scheduler closed
2025-09-26 18:13:53,489 INFO  [org.apa.kaf.com.met.Metrics] (ForkJoinPool.commonPool-worker-2) Closing reporter org.apache.kafka.common.metrics.JmxReporter
2025-09-26 18:13:53,489 INFO  [org.apa.kaf.com.met.Metrics] (ForkJoinPool.commonPool-worker-2) Closing reporter org.apache.kafka.common.telemetry.internals.ClientTelemetryReporter
2025-09-26 18:13:53,489 INFO  [org.apa.kaf.com.met.Metrics] (ForkJoinPool.commonPool-worker-2) Metrics reporters closed
2025-09-26 18:13:53,490 INFO  [org.apa.kaf.com.uti.AppInfoParser] (ForkJoinPool.commonPool-worker-2) App info kafka.consumer for consumer-Consumer-topic-8abd4829_6ac1_4631_b340_3217eb8182f8-13 unregistered
2025-09-26 18:13:53,490 INFO  [io.api.tes.uti.TestSeparator] (main) io.apicurio.tests.serdes.apicurio.AvroSerdeIT.testTopicRecordIdStrategydFindLatest-FINISHED
2025-09-26 18:13:53,491 INFO  [io.api.tes.uti.TestSeparator] (main) ############################################################################
Test passed: testTopicRecordIdStrategydFindLatest
]]></system-out>
  </testcase>
  <testcase name="testAvroConfluentForMultipleTopics" classname="io.apicurio.tests.serdes.apicurio.AvroSerdeIT" time="11.807">
    <system-out><![CDATA[2025-09-26 18:13:53,492 INFO  [io.api.tes.uti.TestSeparator] (main) ############################################################################
2025-09-26 18:13:53,492 INFO  [io.api.tes.uti.TestSeparator] (main) io.apicurio.tests.serdes.apicurio.AvroSerdeIT.testAvroConfluentForMultipleTopics-STARTED
2025-09-26 18:13:53,493 INFO  [io.api.tes.ser.api.AvroSerdeIT] (main) Registering Avro Schema: {"type":"record","name":"myrecordconfluent","fields":[{"name":"key11758910433492","type":"string"}]}
**** Registry Base URL: http://registry-app-mysql.apps.ci419.apicurio-testing.org:80
2025-09-26 18:13:54,529 INFO  [org.apa.kaf.cli.pro.ProducerConfig] (main) ProducerConfig values: 
	acks = -1
	auto.include.jmx.reporter = true
	batch.size = 16384
	bootstrap.servers = [PLAINTEXT://localhost:32769]
	buffer.memory = 33554432
	client.dns.lookup = use_all_dns_ips
	client.id = Producer-topic-2af0822e_4ac8_4889_81a0_6f77ee6537f4
	compression.gzip.level = -1
	compression.lz4.level = 9
	compression.type = none
	compression.zstd.level = 3
	connections.max.idle.ms = 10000
	delivery.timeout.ms = 120000
	enable.idempotence = true
	enable.metrics.push = true
	interceptor.classes = []
	key.serializer = class org.apache.kafka.common.serialization.StringSerializer
	linger.ms = 0
	max.block.ms = 60000
	max.in.flight.requests.per.connection = 5
	max.request.size = 1048576
	metadata.max.age.ms = 300000
	metadata.max.idle.ms = 300000
	metadata.recovery.strategy = none
	metric.reporters = []
	metrics.num.samples = 2
	metrics.recording.level = INFO
	metrics.sample.window.ms = 30000
	partitioner.adaptive.partitioning.enable = true
	partitioner.availability.timeout.ms = 0
	partitioner.class = null
	partitioner.ignore.keys = false
	receive.buffer.bytes = 32768
	reconnect.backoff.max.ms = 1000
	reconnect.backoff.ms = 50
	request.timeout.ms = 5000
	retries = 2147483647
	retry.backoff.max.ms = 1000
	retry.backoff.ms = 100
	sasl.client.callback.handler.class = null
	sasl.jaas.config = null
	sasl.kerberos.kinit.cmd = /usr/bin/kinit
	sasl.kerberos.min.time.before.relogin = 60000
	sasl.kerberos.service.name = null
	sasl.kerberos.ticket.renew.jitter = 0.05
	sasl.kerberos.ticket.renew.window.factor = 0.8
	sasl.login.callback.handler.class = null
	sasl.login.class = null
	sasl.login.connect.timeout.ms = null
	sasl.login.read.timeout.ms = null
	sasl.login.refresh.buffer.seconds = 300
	sasl.login.refresh.min.period.seconds = 60
	sasl.login.refresh.window.factor = 0.8
	sasl.login.refresh.window.jitter = 0.05
	sasl.login.retry.backoff.max.ms = 10000
	sasl.login.retry.backoff.ms = 100
	sasl.mechanism = GSSAPI
	sasl.oauthbearer.clock.skew.seconds = 30
	sasl.oauthbearer.expected.audience = null
	sasl.oauthbearer.expected.issuer = null
	sasl.oauthbearer.header.urlencode = false
	sasl.oauthbearer.jwks.endpoint.refresh.ms = 3600000
	sasl.oauthbearer.jwks.endpoint.retry.backoff.max.ms = 10000
	sasl.oauthbearer.jwks.endpoint.retry.backoff.ms = 100
	sasl.oauthbearer.jwks.endpoint.url = null
	sasl.oauthbearer.scope.claim.name = scope
	sasl.oauthbearer.sub.claim.name = sub
	sasl.oauthbearer.token.endpoint.url = null
	security.protocol = PLAINTEXT
	security.providers = null
	send.buffer.bytes = 131072
	socket.connection.setup.timeout.max.ms = 30000
	socket.connection.setup.timeout.ms = 10000
	ssl.cipher.suites = null
	ssl.enabled.protocols = [TLSv1.2, TLSv1.3]
	ssl.endpoint.identification.algorithm = https
	ssl.engine.factory.class = null
	ssl.key.password = null
	ssl.keymanager.algorithm = SunX509
	ssl.keystore.certificate.chain = null
	ssl.keystore.key = null
	ssl.keystore.location = null
	ssl.keystore.password = null
	ssl.keystore.type = JKS
	ssl.protocol = TLSv1.3
	ssl.provider = null
	ssl.secure.random.implementation = null
	ssl.trustmanager.algorithm = PKIX
	ssl.truststore.certificates = null
	ssl.truststore.location = null
	ssl.truststore.password = null
	ssl.truststore.type = JKS
	transaction.timeout.ms = 60000
	transactional.id = null
	value.serializer = class io.apicurio.registry.serde.avro.AvroKafkaSerializer

2025-09-26 18:13:54,529 INFO  [org.apa.kaf.com.tel.int.KafkaMetricsCollector] (main) initializing Kafka metrics collector
2025-09-26 18:13:54,532 INFO  [org.apa.kaf.cli.pro.KafkaProducer] (main) [Producer clientId=Producer-topic-2af0822e_4ac8_4889_81a0_6f77ee6537f4] Instantiated an idempotent producer.
2025-09-26 18:13:54,533 INFO  [org.apa.kaf.cli.pro.ProducerConfig] (main) These configurations '[apicurio.registry.url, apicurio.registry.artifact-resolver-strategy]' were supplied but are not used yet.
2025-09-26 18:13:54,533 INFO  [org.apa.kaf.com.uti.AppInfoParser] (main) Kafka version: 3.9.1
2025-09-26 18:13:54,533 INFO  [org.apa.kaf.com.uti.AppInfoParser] (main) Kafka commitId: f745dfdcee2b9851
2025-09-26 18:13:54,533 INFO  [org.apa.kaf.com.uti.AppInfoParser] (main) Kafka startTimeMs: 1758910434533
**** Registry Base URL: http://registry-app-mysql.apps.ci419.apicurio-testing.org:80
2025-09-26 18:13:54,533 INFO  [org.apa.kaf.cli.pro.ProducerConfig] (main) ProducerConfig values: 
	acks = -1
	auto.include.jmx.reporter = true
	batch.size = 16384
	bootstrap.servers = [PLAINTEXT://localhost:32769]
	buffer.memory = 33554432
	client.dns.lookup = use_all_dns_ips
	client.id = Producer-topic-105f2f79_480d_4a5e_b568_76fbbd041c9b
	compression.gzip.level = -1
	compression.lz4.level = 9
	compression.type = none
	compression.zstd.level = 3
	connections.max.idle.ms = 10000
	delivery.timeout.ms = 120000
	enable.idempotence = true
	enable.metrics.push = true
	interceptor.classes = []
	key.serializer = class org.apache.kafka.common.serialization.StringSerializer
	linger.ms = 0
	max.block.ms = 60000
	max.in.flight.requests.per.connection = 5
	max.request.size = 1048576
	metadata.max.age.ms = 300000
	metadata.max.idle.ms = 300000
	metadata.recovery.strategy = none
	metric.reporters = []
	metrics.num.samples = 2
	metrics.recording.level = INFO
	metrics.sample.window.ms = 30000
	partitioner.adaptive.partitioning.enable = true
	partitioner.availability.timeout.ms = 0
	partitioner.class = null
	partitioner.ignore.keys = false
	receive.buffer.bytes = 32768
	reconnect.backoff.max.ms = 1000
	reconnect.backoff.ms = 50
	request.timeout.ms = 5000
	retries = 2147483647
	retry.backoff.max.ms = 1000
	retry.backoff.ms = 100
	sasl.client.callback.handler.class = null
	sasl.jaas.config = null
	sasl.kerberos.kinit.cmd = /usr/bin/kinit
	sasl.kerberos.min.time.before.relogin = 60000
	sasl.kerberos.service.name = null
	sasl.kerberos.ticket.renew.jitter = 0.05
	sasl.kerberos.ticket.renew.window.factor = 0.8
	sasl.login.callback.handler.class = null
	sasl.login.class = null
	sasl.login.connect.timeout.ms = null
	sasl.login.read.timeout.ms = null
	sasl.login.refresh.buffer.seconds = 300
	sasl.login.refresh.min.period.seconds = 60
	sasl.login.refresh.window.factor = 0.8
	sasl.login.refresh.window.jitter = 0.05
	sasl.login.retry.backoff.max.ms = 10000
	sasl.login.retry.backoff.ms = 100
	sasl.mechanism = GSSAPI
	sasl.oauthbearer.clock.skew.seconds = 30
	sasl.oauthbearer.expected.audience = null
	sasl.oauthbearer.expected.issuer = null
	sasl.oauthbearer.header.urlencode = false
	sasl.oauthbearer.jwks.endpoint.refresh.ms = 3600000
	sasl.oauthbearer.jwks.endpoint.retry.backoff.max.ms = 10000
	sasl.oauthbearer.jwks.endpoint.retry.backoff.ms = 100
	sasl.oauthbearer.jwks.endpoint.url = null
	sasl.oauthbearer.scope.claim.name = scope
	sasl.oauthbearer.sub.claim.name = sub
	sasl.oauthbearer.token.endpoint.url = null
	security.protocol = PLAINTEXT
	security.providers = null
	send.buffer.bytes = 131072
	socket.connection.setup.timeout.max.ms = 30000
	socket.connection.setup.timeout.ms = 10000
	ssl.cipher.suites = null
	ssl.enabled.protocols = [TLSv1.2, TLSv1.3]
	ssl.endpoint.identification.algorithm = https
	ssl.engine.factory.class = null
	ssl.key.password = null
	ssl.keymanager.algorithm = SunX509
	ssl.keystore.certificate.chain = null
	ssl.keystore.key = null
	ssl.keystore.location = null
	ssl.keystore.password = null
	ssl.keystore.type = JKS
	ssl.protocol = TLSv1.3
	ssl.provider = null
	ssl.secure.random.implementation = null
	ssl.trustmanager.algorithm = PKIX
	ssl.truststore.certificates = null
	ssl.truststore.location = null
	ssl.truststore.password = null
	ssl.truststore.type = JKS
	transaction.timeout.ms = 60000
	transactional.id = null
	value.serializer = class io.apicurio.registry.serde.avro.AvroKafkaSerializer

2025-09-26 18:13:54,534 INFO  [org.apa.kaf.com.tel.int.KafkaMetricsCollector] (main) initializing Kafka metrics collector
2025-09-26 18:13:54,536 INFO  [org.apa.kaf.cli.pro.KafkaProducer] (main) [Producer clientId=Producer-topic-105f2f79_480d_4a5e_b568_76fbbd041c9b] Instantiated an idempotent producer.
2025-09-26 18:13:54,536 INFO  [org.apa.kaf.cli.Metadata] (kafka-producer-network-thread | Producer-topic-2af0822e_4ac8_4889_81a0_6f77ee6537f4) [Producer clientId=Producer-topic-2af0822e_4ac8_4889_81a0_6f77ee6537f4] Cluster ID: y_JNGwQJRlem7c5NGbSJCg
2025-09-26 18:13:54,537 INFO  [org.apa.kaf.cli.pro.int.TransactionManager] (kafka-producer-network-thread | Producer-topic-2af0822e_4ac8_4889_81a0_6f77ee6537f4) [Producer clientId=Producer-topic-2af0822e_4ac8_4889_81a0_6f77ee6537f4] ProducerId set to 19 with epoch 0
2025-09-26 18:13:54,537 INFO  [org.apa.kaf.cli.pro.ProducerConfig] (main) These configurations '[apicurio.registry.url, apicurio.registry.artifact-resolver-strategy]' were supplied but are not used yet.
2025-09-26 18:13:54,537 INFO  [org.apa.kaf.com.uti.AppInfoParser] (main) Kafka version: 3.9.1
2025-09-26 18:13:54,537 INFO  [org.apa.kaf.com.uti.AppInfoParser] (main) Kafka commitId: f745dfdcee2b9851
2025-09-26 18:13:54,537 INFO  [org.apa.kaf.com.uti.AppInfoParser] (main) Kafka startTimeMs: 1758910434537
**** Registry Base URL: http://registry-app-mysql.apps.ci419.apicurio-testing.org:80
2025-09-26 18:13:54,538 INFO  [org.apa.kaf.cli.pro.ProducerConfig] (main) ProducerConfig values: 
	acks = -1
	auto.include.jmx.reporter = true
	batch.size = 16384
	bootstrap.servers = [PLAINTEXT://localhost:32769]
	buffer.memory = 33554432
	client.dns.lookup = use_all_dns_ips
	client.id = Producer-topic-ed13ed3a_8afb_44d6_9464_5d110012ee48
	compression.gzip.level = -1
	compression.lz4.level = 9
	compression.type = none
	compression.zstd.level = 3
	connections.max.idle.ms = 10000
	delivery.timeout.ms = 120000
	enable.idempotence = true
	enable.metrics.push = true
	interceptor.classes = []
	key.serializer = class org.apache.kafka.common.serialization.StringSerializer
	linger.ms = 0
	max.block.ms = 60000
	max.in.flight.requests.per.connection = 5
	max.request.size = 1048576
	metadata.max.age.ms = 300000
	metadata.max.idle.ms = 300000
	metadata.recovery.strategy = none
	metric.reporters = []
	metrics.num.samples = 2
	metrics.recording.level = INFO
	metrics.sample.window.ms = 30000
	partitioner.adaptive.partitioning.enable = true
	partitioner.availability.timeout.ms = 0
	partitioner.class = null
	partitioner.ignore.keys = false
	receive.buffer.bytes = 32768
	reconnect.backoff.max.ms = 1000
	reconnect.backoff.ms = 50
	request.timeout.ms = 5000
	retries = 2147483647
	retry.backoff.max.ms = 1000
	retry.backoff.ms = 100
	sasl.client.callback.handler.class = null
	sasl.jaas.config = null
	sasl.kerberos.kinit.cmd = /usr/bin/kinit
	sasl.kerberos.min.time.before.relogin = 60000
	sasl.kerberos.service.name = null
	sasl.kerberos.ticket.renew.jitter = 0.05
	sasl.kerberos.ticket.renew.window.factor = 0.8
	sasl.login.callback.handler.class = null
	sasl.login.class = null
	sasl.login.connect.timeout.ms = null
	sasl.login.read.timeout.ms = null
	sasl.login.refresh.buffer.seconds = 300
	sasl.login.refresh.min.period.seconds = 60
	sasl.login.refresh.window.factor = 0.8
	sasl.login.refresh.window.jitter = 0.05
	sasl.login.retry.backoff.max.ms = 10000
	sasl.login.retry.backoff.ms = 100
	sasl.mechanism = GSSAPI
	sasl.oauthbearer.clock.skew.seconds = 30
	sasl.oauthbearer.expected.audience = null
	sasl.oauthbearer.expected.issuer = null
	sasl.oauthbearer.header.urlencode = false
	sasl.oauthbearer.jwks.endpoint.refresh.ms = 3600000
	sasl.oauthbearer.jwks.endpoint.retry.backoff.max.ms = 10000
	sasl.oauthbearer.jwks.endpoint.retry.backoff.ms = 100
	sasl.oauthbearer.jwks.endpoint.url = null
	sasl.oauthbearer.scope.claim.name = scope
	sasl.oauthbearer.sub.claim.name = sub
	sasl.oauthbearer.token.endpoint.url = null
	security.protocol = PLAINTEXT
	security.providers = null
	send.buffer.bytes = 131072
	socket.connection.setup.timeout.max.ms = 30000
	socket.connection.setup.timeout.ms = 10000
	ssl.cipher.suites = null
	ssl.enabled.protocols = [TLSv1.2, TLSv1.3]
	ssl.endpoint.identification.algorithm = https
	ssl.engine.factory.class = null
	ssl.key.password = null
	ssl.keymanager.algorithm = SunX509
	ssl.keystore.certificate.chain = null
	ssl.keystore.key = null
	ssl.keystore.location = null
	ssl.keystore.password = null
	ssl.keystore.type = JKS
	ssl.protocol = TLSv1.3
	ssl.provider = null
	ssl.secure.random.implementation = null
	ssl.trustmanager.algorithm = PKIX
	ssl.truststore.certificates = null
	ssl.truststore.location = null
	ssl.truststore.password = null
	ssl.truststore.type = JKS
	transaction.timeout.ms = 60000
	transactional.id = null
	value.serializer = class io.apicurio.registry.serde.avro.AvroKafkaSerializer

2025-09-26 18:13:54,538 INFO  [org.apa.kaf.com.tel.int.KafkaMetricsCollector] (main) initializing Kafka metrics collector
2025-09-26 18:13:54,541 INFO  [org.apa.kaf.cli.Metadata] (kafka-producer-network-thread | Producer-topic-105f2f79_480d_4a5e_b568_76fbbd041c9b) [Producer clientId=Producer-topic-105f2f79_480d_4a5e_b568_76fbbd041c9b] Cluster ID: y_JNGwQJRlem7c5NGbSJCg
2025-09-26 18:13:54,541 INFO  [org.apa.kaf.cli.pro.KafkaProducer] (main) [Producer clientId=Producer-topic-ed13ed3a_8afb_44d6_9464_5d110012ee48] Instantiated an idempotent producer.
2025-09-26 18:13:54,541 INFO  [org.apa.kaf.cli.pro.int.TransactionManager] (kafka-producer-network-thread | Producer-topic-105f2f79_480d_4a5e_b568_76fbbd041c9b) [Producer clientId=Producer-topic-105f2f79_480d_4a5e_b568_76fbbd041c9b] ProducerId set to 20 with epoch 0
2025-09-26 18:13:54,542 INFO  [org.apa.kaf.cli.pro.ProducerConfig] (main) These configurations '[apicurio.registry.url, apicurio.registry.artifact-resolver-strategy]' were supplied but are not used yet.
2025-09-26 18:13:54,542 INFO  [org.apa.kaf.com.uti.AppInfoParser] (main) Kafka version: 3.9.1
2025-09-26 18:13:54,542 INFO  [org.apa.kaf.com.uti.AppInfoParser] (main) Kafka commitId: f745dfdcee2b9851
2025-09-26 18:13:54,542 INFO  [org.apa.kaf.com.uti.AppInfoParser] (main) Kafka startTimeMs: 1758910434542
**** Registry Base URL: http://registry-app-mysql.apps.ci419.apicurio-testing.org:80
2025-09-26 18:13:54,543 INFO  [org.apa.kaf.cli.con.ConsumerConfig] (main) ConsumerConfig values: 
	allow.auto.create.topics = true
	auto.commit.interval.ms = 500
	auto.include.jmx.reporter = true
	auto.offset.reset = earliest
	bootstrap.servers = [PLAINTEXT://localhost:32769]
	check.crcs = true
	client.dns.lookup = use_all_dns_ips
	client.id = consumer-Consumer-topic-2af0822e_4ac8_4889_81a0_6f77ee6537f4-14
	client.rack = 
	connections.max.idle.ms = 10000
	default.api.timeout.ms = 60000
	enable.auto.commit = true
	enable.metrics.push = true
	exclude.internal.topics = true
	fetch.max.bytes = 52428800
	fetch.max.wait.ms = 500
	fetch.min.bytes = 1
	group.id = Consumer-topic-2af0822e_4ac8_4889_81a0_6f77ee6537f4
	group.instance.id = null
	group.protocol = classic
	group.remote.assignor = null
	heartbeat.interval.ms = 3000
	interceptor.classes = []
	internal.leave.group.on.close = true
	internal.throw.on.fetch.stable.offset.unsupported = false
	isolation.level = read_uncommitted
	key.deserializer = class org.apache.kafka.common.serialization.StringDeserializer
	max.partition.fetch.bytes = 1048576
	max.poll.interval.ms = 300000
	max.poll.records = 500
	metadata.max.age.ms = 300000
	metadata.recovery.strategy = none
	metric.reporters = []
	metrics.num.samples = 2
	metrics.recording.level = INFO
	metrics.sample.window.ms = 30000
	partition.assignment.strategy = [class org.apache.kafka.clients.consumer.RangeAssignor, class org.apache.kafka.clients.consumer.CooperativeStickyAssignor]
	receive.buffer.bytes = 65536
	reconnect.backoff.max.ms = 1000
	reconnect.backoff.ms = 50
	request.timeout.ms = 5000
	retry.backoff.max.ms = 1000
	retry.backoff.ms = 100
	sasl.client.callback.handler.class = null
	sasl.jaas.config = null
	sasl.kerberos.kinit.cmd = /usr/bin/kinit
	sasl.kerberos.min.time.before.relogin = 60000
	sasl.kerberos.service.name = null
	sasl.kerberos.ticket.renew.jitter = 0.05
	sasl.kerberos.ticket.renew.window.factor = 0.8
	sasl.login.callback.handler.class = null
	sasl.login.class = null
	sasl.login.connect.timeout.ms = null
	sasl.login.read.timeout.ms = null
	sasl.login.refresh.buffer.seconds = 300
	sasl.login.refresh.min.period.seconds = 60
	sasl.login.refresh.window.factor = 0.8
	sasl.login.refresh.window.jitter = 0.05
	sasl.login.retry.backoff.max.ms = 10000
	sasl.login.retry.backoff.ms = 100
	sasl.mechanism = GSSAPI
	sasl.oauthbearer.clock.skew.seconds = 30
	sasl.oauthbearer.expected.audience = null
	sasl.oauthbearer.expected.issuer = null
	sasl.oauthbearer.header.urlencode = false
	sasl.oauthbearer.jwks.endpoint.refresh.ms = 3600000
	sasl.oauthbearer.jwks.endpoint.retry.backoff.max.ms = 10000
	sasl.oauthbearer.jwks.endpoint.retry.backoff.ms = 100
	sasl.oauthbearer.jwks.endpoint.url = null
	sasl.oauthbearer.scope.claim.name = scope
	sasl.oauthbearer.sub.claim.name = sub
	sasl.oauthbearer.token.endpoint.url = null
	security.protocol = PLAINTEXT
	security.providers = null
	send.buffer.bytes = 131072
	session.timeout.ms = 45000
	socket.connection.setup.timeout.max.ms = 30000
	socket.connection.setup.timeout.ms = 10000
	ssl.cipher.suites = null
	ssl.enabled.protocols = [TLSv1.2, TLSv1.3]
	ssl.endpoint.identification.algorithm = https
	ssl.engine.factory.class = null
	ssl.key.password = null
	ssl.keymanager.algorithm = SunX509
	ssl.keystore.certificate.chain = null
	ssl.keystore.key = null
	ssl.keystore.location = null
	ssl.keystore.password = null
	ssl.keystore.type = JKS
	ssl.protocol = TLSv1.3
	ssl.provider = null
	ssl.secure.random.implementation = null
	ssl.trustmanager.algorithm = PKIX
	ssl.truststore.certificates = null
	ssl.truststore.location = null
	ssl.truststore.password = null
	ssl.truststore.type = JKS
	value.deserializer = class io.apicurio.registry.serde.avro.AvroKafkaDeserializer

2025-09-26 18:13:54,543 INFO  [org.apa.kaf.com.tel.int.KafkaMetricsCollector] (main) initializing Kafka metrics collector
2025-09-26 18:13:54,546 INFO  [org.apa.kaf.cli.con.ConsumerConfig] (main) These configurations '[apicurio.registry.url]' were supplied but are not used yet.
2025-09-26 18:13:54,546 INFO  [org.apa.kaf.com.uti.AppInfoParser] (main) Kafka version: 3.9.1
2025-09-26 18:13:54,546 INFO  [org.apa.kaf.com.uti.AppInfoParser] (main) Kafka commitId: f745dfdcee2b9851
2025-09-26 18:13:54,546 INFO  [org.apa.kaf.com.uti.AppInfoParser] (main) Kafka startTimeMs: 1758910434546
**** Registry Base URL: http://registry-app-mysql.apps.ci419.apicurio-testing.org:80
2025-09-26 18:13:54,547 INFO  [org.apa.kaf.cli.con.ConsumerConfig] (main) ConsumerConfig values: 
	allow.auto.create.topics = true
	auto.commit.interval.ms = 500
	auto.include.jmx.reporter = true
	auto.offset.reset = earliest
	bootstrap.servers = [PLAINTEXT://localhost:32769]
	check.crcs = true
	client.dns.lookup = use_all_dns_ips
	client.id = consumer-Consumer-topic-105f2f79_480d_4a5e_b568_76fbbd041c9b-15
	client.rack = 
	connections.max.idle.ms = 10000
	default.api.timeout.ms = 60000
	enable.auto.commit = true
	enable.metrics.push = true
	exclude.internal.topics = true
	fetch.max.bytes = 52428800
	fetch.max.wait.ms = 500
	fetch.min.bytes = 1
	group.id = Consumer-topic-105f2f79_480d_4a5e_b568_76fbbd041c9b
	group.instance.id = null
	group.protocol = classic
	group.remote.assignor = null
	heartbeat.interval.ms = 3000
	interceptor.classes = []
	internal.leave.group.on.close = true
	internal.throw.on.fetch.stable.offset.unsupported = false
	isolation.level = read_uncommitted
	key.deserializer = class org.apache.kafka.common.serialization.StringDeserializer
	max.partition.fetch.bytes = 1048576
	max.poll.interval.ms = 300000
	max.poll.records = 500
	metadata.max.age.ms = 300000
	metadata.recovery.strategy = none
	metric.reporters = []
	metrics.num.samples = 2
	metrics.recording.level = INFO
	metrics.sample.window.ms = 30000
	partition.assignment.strategy = [class org.apache.kafka.clients.consumer.RangeAssignor, class org.apache.kafka.clients.consumer.CooperativeStickyAssignor]
	receive.buffer.bytes = 65536
	reconnect.backoff.max.ms = 1000
	reconnect.backoff.ms = 50
	request.timeout.ms = 5000
	retry.backoff.max.ms = 1000
	retry.backoff.ms = 100
	sasl.client.callback.handler.class = null
	sasl.jaas.config = null
	sasl.kerberos.kinit.cmd = /usr/bin/kinit
	sasl.kerberos.min.time.before.relogin = 60000
	sasl.kerberos.service.name = null
	sasl.kerberos.ticket.renew.jitter = 0.05
	sasl.kerberos.ticket.renew.window.factor = 0.8
	sasl.login.callback.handler.class = null
	sasl.login.class = null
	sasl.login.connect.timeout.ms = null
	sasl.login.read.timeout.ms = null
	sasl.login.refresh.buffer.seconds = 300
	sasl.login.refresh.min.period.seconds = 60
	sasl.login.refresh.window.factor = 0.8
	sasl.login.refresh.window.jitter = 0.05
	sasl.login.retry.backoff.max.ms = 10000
	sasl.login.retry.backoff.ms = 100
	sasl.mechanism = GSSAPI
	sasl.oauthbearer.clock.skew.seconds = 30
	sasl.oauthbearer.expected.audience = null
	sasl.oauthbearer.expected.issuer = null
	sasl.oauthbearer.header.urlencode = false
	sasl.oauthbearer.jwks.endpoint.refresh.ms = 3600000
	sasl.oauthbearer.jwks.endpoint.retry.backoff.max.ms = 10000
	sasl.oauthbearer.jwks.endpoint.retry.backoff.ms = 100
	sasl.oauthbearer.jwks.endpoint.url = null
	sasl.oauthbearer.scope.claim.name = scope
	sasl.oauthbearer.sub.claim.name = sub
	sasl.oauthbearer.token.endpoint.url = null
	security.protocol = PLAINTEXT
	security.providers = null
	send.buffer.bytes = 131072
	session.timeout.ms = 45000
	socket.connection.setup.timeout.max.ms = 30000
	socket.connection.setup.timeout.ms = 10000
	ssl.cipher.suites = null
	ssl.enabled.protocols = [TLSv1.2, TLSv1.3]
	ssl.endpoint.identification.algorithm = https
	ssl.engine.factory.class = null
	ssl.key.password = null
	ssl.keymanager.algorithm = SunX509
	ssl.keystore.certificate.chain = null
	ssl.keystore.key = null
	ssl.keystore.location = null
	ssl.keystore.password = null
	ssl.keystore.type = JKS
	ssl.protocol = TLSv1.3
	ssl.provider = null
	ssl.secure.random.implementation = null
	ssl.trustmanager.algorithm = PKIX
	ssl.truststore.certificates = null
	ssl.truststore.location = null
	ssl.truststore.password = null
	ssl.truststore.type = JKS
	value.deserializer = class io.apicurio.registry.serde.avro.AvroKafkaDeserializer

2025-09-26 18:13:54,547 INFO  [org.apa.kaf.com.tel.int.KafkaMetricsCollector] (main) initializing Kafka metrics collector
2025-09-26 18:13:54,549 INFO  [org.apa.kaf.cli.con.ConsumerConfig] (main) These configurations '[apicurio.registry.url]' were supplied but are not used yet.
2025-09-26 18:13:54,549 INFO  [org.apa.kaf.com.uti.AppInfoParser] (main) Kafka version: 3.9.1
2025-09-26 18:13:54,549 INFO  [org.apa.kaf.com.uti.AppInfoParser] (main) Kafka commitId: f745dfdcee2b9851
2025-09-26 18:13:54,549 INFO  [org.apa.kaf.com.uti.AppInfoParser] (main) Kafka startTimeMs: 1758910434549
**** Registry Base URL: http://registry-app-mysql.apps.ci419.apicurio-testing.org:80
2025-09-26 18:13:54,550 INFO  [org.apa.kaf.cli.con.ConsumerConfig] (main) ConsumerConfig values: 
	allow.auto.create.topics = true
	auto.commit.interval.ms = 500
	auto.include.jmx.reporter = true
	auto.offset.reset = earliest
	bootstrap.servers = [PLAINTEXT://localhost:32769]
	check.crcs = true
	client.dns.lookup = use_all_dns_ips
	client.id = consumer-Consumer-topic-ed13ed3a_8afb_44d6_9464_5d110012ee48-16
	client.rack = 
	connections.max.idle.ms = 10000
	default.api.timeout.ms = 60000
	enable.auto.commit = true
	enable.metrics.push = true
	exclude.internal.topics = true
	fetch.max.bytes = 52428800
	fetch.max.wait.ms = 500
	fetch.min.bytes = 1
	group.id = Consumer-topic-ed13ed3a_8afb_44d6_9464_5d110012ee48
	group.instance.id = null
	group.protocol = classic
	group.remote.assignor = null
	heartbeat.interval.ms = 3000
	interceptor.classes = []
	internal.leave.group.on.close = true
	internal.throw.on.fetch.stable.offset.unsupported = false
	isolation.level = read_uncommitted
	key.deserializer = class org.apache.kafka.common.serialization.StringDeserializer
	max.partition.fetch.bytes = 1048576
	max.poll.interval.ms = 300000
	max.poll.records = 500
	metadata.max.age.ms = 300000
	metadata.recovery.strategy = none
	metric.reporters = []
	metrics.num.samples = 2
	metrics.recording.level = INFO
	metrics.sample.window.ms = 30000
	partition.assignment.strategy = [class org.apache.kafka.clients.consumer.RangeAssignor, class org.apache.kafka.clients.consumer.CooperativeStickyAssignor]
	receive.buffer.bytes = 65536
	reconnect.backoff.max.ms = 1000
	reconnect.backoff.ms = 50
	request.timeout.ms = 5000
	retry.backoff.max.ms = 1000
	retry.backoff.ms = 100
	sasl.client.callback.handler.class = null
	sasl.jaas.config = null
	sasl.kerberos.kinit.cmd = /usr/bin/kinit
	sasl.kerberos.min.time.before.relogin = 60000
	sasl.kerberos.service.name = null
	sasl.kerberos.ticket.renew.jitter = 0.05
	sasl.kerberos.ticket.renew.window.factor = 0.8
	sasl.login.callback.handler.class = null
	sasl.login.class = null
	sasl.login.connect.timeout.ms = null
	sasl.login.read.timeout.ms = null
	sasl.login.refresh.buffer.seconds = 300
	sasl.login.refresh.min.period.seconds = 60
	sasl.login.refresh.window.factor = 0.8
	sasl.login.refresh.window.jitter = 0.05
	sasl.login.retry.backoff.max.ms = 10000
	sasl.login.retry.backoff.ms = 100
	sasl.mechanism = GSSAPI
	sasl.oauthbearer.clock.skew.seconds = 30
	sasl.oauthbearer.expected.audience = null
	sasl.oauthbearer.expected.issuer = null
	sasl.oauthbearer.header.urlencode = false
	sasl.oauthbearer.jwks.endpoint.refresh.ms = 3600000
	sasl.oauthbearer.jwks.endpoint.retry.backoff.max.ms = 10000
	sasl.oauthbearer.jwks.endpoint.retry.backoff.ms = 100
	sasl.oauthbearer.jwks.endpoint.url = null
	sasl.oauthbearer.scope.claim.name = scope
	sasl.oauthbearer.sub.claim.name = sub
	sasl.oauthbearer.token.endpoint.url = null
	security.protocol = PLAINTEXT
	security.providers = null
	send.buffer.bytes = 131072
	session.timeout.ms = 45000
	socket.connection.setup.timeout.max.ms = 30000
	socket.connection.setup.timeout.ms = 10000
	ssl.cipher.suites = null
	ssl.enabled.protocols = [TLSv1.2, TLSv1.3]
	ssl.endpoint.identification.algorithm = https
	ssl.engine.factory.class = null
	ssl.key.password = null
	ssl.keymanager.algorithm = SunX509
	ssl.keystore.certificate.chain = null
	ssl.keystore.key = null
	ssl.keystore.location = null
	ssl.keystore.password = null
	ssl.keystore.type = JKS
	ssl.protocol = TLSv1.3
	ssl.provider = null
	ssl.secure.random.implementation = null
	ssl.trustmanager.algorithm = PKIX
	ssl.truststore.certificates = null
	ssl.truststore.location = null
	ssl.truststore.password = null
	ssl.truststore.type = JKS
	value.deserializer = class io.apicurio.registry.serde.avro.AvroKafkaDeserializer

2025-09-26 18:13:54,550 INFO  [org.apa.kaf.com.tel.int.KafkaMetricsCollector] (main) initializing Kafka metrics collector
2025-09-26 18:13:54,553 INFO  [org.apa.kaf.cli.Metadata] (kafka-producer-network-thread | Producer-topic-ed13ed3a_8afb_44d6_9464_5d110012ee48) [Producer clientId=Producer-topic-ed13ed3a_8afb_44d6_9464_5d110012ee48] Cluster ID: y_JNGwQJRlem7c5NGbSJCg
2025-09-26 18:13:54,553 INFO  [org.apa.kaf.cli.pro.int.TransactionManager] (kafka-producer-network-thread | Producer-topic-ed13ed3a_8afb_44d6_9464_5d110012ee48) [Producer clientId=Producer-topic-ed13ed3a_8afb_44d6_9464_5d110012ee48] ProducerId set to 21 with epoch 0
2025-09-26 18:13:54,554 INFO  [org.apa.kaf.cli.con.ConsumerConfig] (main) These configurations '[apicurio.registry.url]' were supplied but are not used yet.
2025-09-26 18:13:54,554 INFO  [org.apa.kaf.com.uti.AppInfoParser] (main) Kafka version: 3.9.1
2025-09-26 18:13:54,554 INFO  [org.apa.kaf.com.uti.AppInfoParser] (main) Kafka commitId: f745dfdcee2b9851
2025-09-26 18:13:54,554 INFO  [org.apa.kaf.com.uti.AppInfoParser] (main) Kafka startTimeMs: 1758910434554
2025-09-26 18:13:54,555 INFO  [io.api.tes.ser.api.KafkaSerdesTester] (ForkJoinPool.commonPool-worker-2) Sending message {"key11758910433492": "value-0"} to topic topic-2af0822e_4ac8_4889_81a0_6f77ee6537f4
2025-09-26 18:13:54,557 INFO  [DefaultSchemaResolver] (ForkJoinPool.commonPool-worker-2) Retrieving schema content using string: {"type":"record","name":"myrecordconfluent","fields":[{"name":"key11758910433492","type":"string"}]}
2025-09-26 18:13:54,574 INFO  [io.api.tes.ser.api.KafkaSerdesTester] (ForkJoinPool.commonPool-worker-2) Sending message {"key11758910433492": "value-1"} to topic topic-2af0822e_4ac8_4889_81a0_6f77ee6537f4
2025-09-26 18:13:54,576 INFO  [io.api.tes.ser.api.KafkaSerdesTester] (ForkJoinPool.commonPool-worker-2) Sending message {"key11758910433492": "value-2"} to topic topic-2af0822e_4ac8_4889_81a0_6f77ee6537f4
2025-09-26 18:13:54,577 INFO  [io.api.tes.ser.api.KafkaSerdesTester] (ForkJoinPool.commonPool-worker-2) Sending message {"key11758910433492": "value-3"} to topic topic-2af0822e_4ac8_4889_81a0_6f77ee6537f4
2025-09-26 18:13:54,578 INFO  [io.api.tes.ser.api.KafkaSerdesTester] (ForkJoinPool.commonPool-worker-2) Sending message {"key11758910433492": "value-4"} to topic topic-2af0822e_4ac8_4889_81a0_6f77ee6537f4
2025-09-26 18:13:54,579 INFO  [io.api.tes.ser.api.KafkaSerdesTester] (ForkJoinPool.commonPool-worker-2) Sending message {"key11758910433492": "value-5"} to topic topic-2af0822e_4ac8_4889_81a0_6f77ee6537f4
2025-09-26 18:13:54,580 INFO  [io.api.tes.ser.api.KafkaSerdesTester] (ForkJoinPool.commonPool-worker-2) Sending message {"key11758910433492": "value-6"} to topic topic-2af0822e_4ac8_4889_81a0_6f77ee6537f4
2025-09-26 18:13:54,581 INFO  [io.api.tes.ser.api.KafkaSerdesTester] (ForkJoinPool.commonPool-worker-2) Sending message {"key11758910433492": "value-7"} to topic topic-2af0822e_4ac8_4889_81a0_6f77ee6537f4
2025-09-26 18:13:54,582 INFO  [io.api.tes.ser.api.KafkaSerdesTester] (ForkJoinPool.commonPool-worker-2) Sending message {"key11758910433492": "value-8"} to topic topic-2af0822e_4ac8_4889_81a0_6f77ee6537f4
2025-09-26 18:13:54,583 INFO  [io.api.tes.ser.api.KafkaSerdesTester] (ForkJoinPool.commonPool-worker-2) Sending message {"key11758910433492": "value-9"} to topic topic-2af0822e_4ac8_4889_81a0_6f77ee6537f4
2025-09-26 18:13:54,584 INFO  [io.api.tes.ser.api.KafkaSerdesTester] (ForkJoinPool.commonPool-worker-2) Produced 10 messages
2025-09-26 18:13:54,584 INFO  [org.apa.kaf.cli.pro.KafkaProducer] (ForkJoinPool.commonPool-worker-2) [Producer clientId=Producer-topic-2af0822e_4ac8_4889_81a0_6f77ee6537f4] Closing the Kafka producer with timeoutMillis = 9223372036854775807 ms.
2025-09-26 18:13:54,585 INFO  [org.apa.kaf.com.met.Metrics] (ForkJoinPool.commonPool-worker-2) Metrics scheduler closed
2025-09-26 18:13:54,585 INFO  [org.apa.kaf.com.met.Metrics] (ForkJoinPool.commonPool-worker-2) Closing reporter org.apache.kafka.common.metrics.JmxReporter
2025-09-26 18:13:54,585 INFO  [org.apa.kaf.com.met.Metrics] (ForkJoinPool.commonPool-worker-2) Closing reporter org.apache.kafka.common.telemetry.internals.ClientTelemetryReporter
2025-09-26 18:13:54,585 INFO  [org.apa.kaf.com.met.Metrics] (ForkJoinPool.commonPool-worker-2) Metrics reporters closed
2025-09-26 18:13:54,586 INFO  [org.apa.kaf.com.uti.AppInfoParser] (ForkJoinPool.commonPool-worker-2) App info kafka.producer for Producer-topic-2af0822e_4ac8_4889_81a0_6f77ee6537f4 unregistered
2025-09-26 18:13:54,586 INFO  [io.api.tes.ser.api.KafkaSerdesTester] (ForkJoinPool.commonPool-worker-2) Sending message {"key11758910433492": "value-0"} to topic topic-105f2f79_480d_4a5e_b568_76fbbd041c9b
2025-09-26 18:13:54,590 INFO  [DefaultSchemaResolver] (ForkJoinPool.commonPool-worker-2) Retrieving schema content using string: {"type":"record","name":"myrecordconfluent","fields":[{"name":"key11758910433492","type":"string"}]}
2025-09-26 18:13:54,608 INFO  [io.api.tes.ser.api.KafkaSerdesTester] (ForkJoinPool.commonPool-worker-2) Sending message {"key11758910433492": "value-1"} to topic topic-105f2f79_480d_4a5e_b568_76fbbd041c9b
2025-09-26 18:13:54,610 INFO  [io.api.tes.ser.api.KafkaSerdesTester] (ForkJoinPool.commonPool-worker-2) Sending message {"key11758910433492": "value-2"} to topic topic-105f2f79_480d_4a5e_b568_76fbbd041c9b
2025-09-26 18:13:54,610 INFO  [io.api.tes.ser.api.KafkaSerdesTester] (ForkJoinPool.commonPool-worker-2) Sending message {"key11758910433492": "value-3"} to topic topic-105f2f79_480d_4a5e_b568_76fbbd041c9b
2025-09-26 18:13:54,611 INFO  [io.api.tes.ser.api.KafkaSerdesTester] (ForkJoinPool.commonPool-worker-2) Sending message {"key11758910433492": "value-4"} to topic topic-105f2f79_480d_4a5e_b568_76fbbd041c9b
2025-09-26 18:13:54,612 INFO  [io.api.tes.ser.api.KafkaSerdesTester] (ForkJoinPool.commonPool-worker-2) Sending message {"key11758910433492": "value-5"} to topic topic-105f2f79_480d_4a5e_b568_76fbbd041c9b
2025-09-26 18:13:54,614 INFO  [io.api.tes.ser.api.KafkaSerdesTester] (ForkJoinPool.commonPool-worker-2) Sending message {"key11758910433492": "value-6"} to topic topic-105f2f79_480d_4a5e_b568_76fbbd041c9b
2025-09-26 18:13:54,615 INFO  [io.api.tes.ser.api.KafkaSerdesTester] (ForkJoinPool.commonPool-worker-2) Sending message {"key11758910433492": "value-7"} to topic topic-105f2f79_480d_4a5e_b568_76fbbd041c9b
2025-09-26 18:13:54,616 INFO  [io.api.tes.ser.api.KafkaSerdesTester] (ForkJoinPool.commonPool-worker-2) Sending message {"key11758910433492": "value-8"} to topic topic-105f2f79_480d_4a5e_b568_76fbbd041c9b
2025-09-26 18:13:54,617 INFO  [io.api.tes.ser.api.KafkaSerdesTester] (ForkJoinPool.commonPool-worker-2) Sending message {"key11758910433492": "value-9"} to topic topic-105f2f79_480d_4a5e_b568_76fbbd041c9b
2025-09-26 18:13:54,618 INFO  [io.api.tes.ser.api.KafkaSerdesTester] (ForkJoinPool.commonPool-worker-2) Produced 10 messages
2025-09-26 18:13:54,618 INFO  [org.apa.kaf.cli.pro.KafkaProducer] (ForkJoinPool.commonPool-worker-2) [Producer clientId=Producer-topic-105f2f79_480d_4a5e_b568_76fbbd041c9b] Closing the Kafka producer with timeoutMillis = 9223372036854775807 ms.
2025-09-26 18:13:54,619 INFO  [org.apa.kaf.com.met.Metrics] (ForkJoinPool.commonPool-worker-2) Metrics scheduler closed
2025-09-26 18:13:54,619 INFO  [org.apa.kaf.com.met.Metrics] (ForkJoinPool.commonPool-worker-2) Closing reporter org.apache.kafka.common.metrics.JmxReporter
2025-09-26 18:13:54,619 INFO  [org.apa.kaf.com.met.Metrics] (ForkJoinPool.commonPool-worker-2) Closing reporter org.apache.kafka.common.telemetry.internals.ClientTelemetryReporter
2025-09-26 18:13:54,619 INFO  [org.apa.kaf.com.met.Metrics] (ForkJoinPool.commonPool-worker-2) Metrics reporters closed
2025-09-26 18:13:54,619 INFO  [org.apa.kaf.com.uti.AppInfoParser] (ForkJoinPool.commonPool-worker-2) App info kafka.producer for Producer-topic-105f2f79_480d_4a5e_b568_76fbbd041c9b unregistered
2025-09-26 18:13:54,620 INFO  [io.api.tes.ser.api.KafkaSerdesTester] (ForkJoinPool.commonPool-worker-2) Sending message {"key11758910433492": "value-0"} to topic topic-ed13ed3a_8afb_44d6_9464_5d110012ee48
2025-09-26 18:13:54,624 INFO  [DefaultSchemaResolver] (ForkJoinPool.commonPool-worker-2) Retrieving schema content using string: {"type":"record","name":"myrecordconfluent","fields":[{"name":"key11758910433492","type":"string"}]}
2025-09-26 18:13:54,643 INFO  [io.api.tes.ser.api.KafkaSerdesTester] (ForkJoinPool.commonPool-worker-2) Sending message {"key11758910433492": "value-1"} to topic topic-ed13ed3a_8afb_44d6_9464_5d110012ee48
2025-09-26 18:13:54,645 INFO  [io.api.tes.ser.api.KafkaSerdesTester] (ForkJoinPool.commonPool-worker-2) Sending message {"key11758910433492": "value-2"} to topic topic-ed13ed3a_8afb_44d6_9464_5d110012ee48
2025-09-26 18:13:54,646 INFO  [io.api.tes.ser.api.KafkaSerdesTester] (ForkJoinPool.commonPool-worker-2) Sending message {"key11758910433492": "value-3"} to topic topic-ed13ed3a_8afb_44d6_9464_5d110012ee48
2025-09-26 18:13:54,647 INFO  [io.api.tes.ser.api.KafkaSerdesTester] (ForkJoinPool.commonPool-worker-2) Sending message {"key11758910433492": "value-4"} to topic topic-ed13ed3a_8afb_44d6_9464_5d110012ee48
2025-09-26 18:13:54,648 INFO  [io.api.tes.ser.api.KafkaSerdesTester] (ForkJoinPool.commonPool-worker-2) Sending message {"key11758910433492": "value-5"} to topic topic-ed13ed3a_8afb_44d6_9464_5d110012ee48
2025-09-26 18:13:54,649 INFO  [io.api.tes.ser.api.KafkaSerdesTester] (ForkJoinPool.commonPool-worker-2) Sending message {"key11758910433492": "value-6"} to topic topic-ed13ed3a_8afb_44d6_9464_5d110012ee48
2025-09-26 18:13:54,650 INFO  [io.api.tes.ser.api.KafkaSerdesTester] (ForkJoinPool.commonPool-worker-2) Sending message {"key11758910433492": "value-7"} to topic topic-ed13ed3a_8afb_44d6_9464_5d110012ee48
2025-09-26 18:13:54,652 INFO  [io.api.tes.ser.api.KafkaSerdesTester] (ForkJoinPool.commonPool-worker-2) Sending message {"key11758910433492": "value-8"} to topic topic-ed13ed3a_8afb_44d6_9464_5d110012ee48
2025-09-26 18:13:54,653 INFO  [io.api.tes.ser.api.KafkaSerdesTester] (ForkJoinPool.commonPool-worker-2) Sending message {"key11758910433492": "value-9"} to topic topic-ed13ed3a_8afb_44d6_9464_5d110012ee48
2025-09-26 18:13:54,655 INFO  [io.api.tes.ser.api.KafkaSerdesTester] (ForkJoinPool.commonPool-worker-2) Produced 10 messages
2025-09-26 18:13:54,655 INFO  [org.apa.kaf.cli.pro.KafkaProducer] (ForkJoinPool.commonPool-worker-2) [Producer clientId=Producer-topic-ed13ed3a_8afb_44d6_9464_5d110012ee48] Closing the Kafka producer with timeoutMillis = 9223372036854775807 ms.
2025-09-26 18:13:54,656 INFO  [org.apa.kaf.com.met.Metrics] (ForkJoinPool.commonPool-worker-2) Metrics scheduler closed
2025-09-26 18:13:54,656 INFO  [org.apa.kaf.com.met.Metrics] (ForkJoinPool.commonPool-worker-2) Closing reporter org.apache.kafka.common.metrics.JmxReporter
2025-09-26 18:13:54,656 INFO  [org.apa.kaf.com.met.Metrics] (ForkJoinPool.commonPool-worker-2) Closing reporter org.apache.kafka.common.telemetry.internals.ClientTelemetryReporter
2025-09-26 18:13:54,656 INFO  [org.apa.kaf.com.met.Metrics] (ForkJoinPool.commonPool-worker-2) Metrics reporters closed
2025-09-26 18:13:54,656 INFO  [org.apa.kaf.com.uti.AppInfoParser] (ForkJoinPool.commonPool-worker-2) App info kafka.producer for Producer-topic-ed13ed3a_8afb_44d6_9464_5d110012ee48 unregistered
2025-09-26 18:13:54,657 INFO  [org.apa.kaf.cli.con.int.ClassicKafkaConsumer] (ForkJoinPool.commonPool-worker-2) [Consumer clientId=consumer-Consumer-topic-2af0822e_4ac8_4889_81a0_6f77ee6537f4-14, groupId=Consumer-topic-2af0822e_4ac8_4889_81a0_6f77ee6537f4] Subscribed to topic(s): topic-2af0822e_4ac8_4889_81a0_6f77ee6537f4
2025-09-26 18:13:54,660 INFO  [org.apa.kaf.cli.Metadata] (ForkJoinPool.commonPool-worker-2) [Consumer clientId=consumer-Consumer-topic-2af0822e_4ac8_4889_81a0_6f77ee6537f4-14, groupId=Consumer-topic-2af0822e_4ac8_4889_81a0_6f77ee6537f4] Cluster ID: y_JNGwQJRlem7c5NGbSJCg
2025-09-26 18:13:54,661 INFO  [org.apa.kaf.cli.con.int.ConsumerCoordinator] (ForkJoinPool.commonPool-worker-2) [Consumer clientId=consumer-Consumer-topic-2af0822e_4ac8_4889_81a0_6f77ee6537f4-14, groupId=Consumer-topic-2af0822e_4ac8_4889_81a0_6f77ee6537f4] Discovered group coordinator localhost:32769 (id: 2147483647 rack: null)
2025-09-26 18:13:54,661 INFO  [org.apa.kaf.cli.con.int.ConsumerCoordinator] (ForkJoinPool.commonPool-worker-2) [Consumer clientId=consumer-Consumer-topic-2af0822e_4ac8_4889_81a0_6f77ee6537f4-14, groupId=Consumer-topic-2af0822e_4ac8_4889_81a0_6f77ee6537f4] (Re-)joining group
2025-09-26 18:13:54,663 INFO  [org.apa.kaf.cli.con.int.ConsumerCoordinator] (ForkJoinPool.commonPool-worker-2) [Consumer clientId=consumer-Consumer-topic-2af0822e_4ac8_4889_81a0_6f77ee6537f4-14, groupId=Consumer-topic-2af0822e_4ac8_4889_81a0_6f77ee6537f4] Request joining group due to: need to re-join with the given member-id: consumer-Consumer-topic-2af0822e_4ac8_4889_81a0_6f77ee6537f4-14-ba779d70-da3d-4ec8-a058-5de1d23f27d9
2025-09-26 18:13:54,663 INFO  [org.apa.kaf.cli.con.int.ConsumerCoordinator] (ForkJoinPool.commonPool-worker-2) [Consumer clientId=consumer-Consumer-topic-2af0822e_4ac8_4889_81a0_6f77ee6537f4-14, groupId=Consumer-topic-2af0822e_4ac8_4889_81a0_6f77ee6537f4] (Re-)joining group
2025-09-26 18:13:55,658 INFO  [io.api.tes.ser.api.KafkaSerdesTester] (ForkJoinPool.commonPool-worker-2) None found
2025-09-26 18:13:56,658 INFO  [io.api.tes.ser.api.KafkaSerdesTester] (ForkJoinPool.commonPool-worker-2) None found
2025-09-26 18:13:57,658 INFO  [io.api.tes.ser.api.KafkaSerdesTester] (ForkJoinPool.commonPool-worker-2) None found
2025-09-26 18:13:57,664 INFO  [org.apa.kaf.cli.con.int.ConsumerCoordinator] (ForkJoinPool.commonPool-worker-2) [Consumer clientId=consumer-Consumer-topic-2af0822e_4ac8_4889_81a0_6f77ee6537f4-14, groupId=Consumer-topic-2af0822e_4ac8_4889_81a0_6f77ee6537f4] Successfully joined group with generation Generation{generationId=1, memberId='consumer-Consumer-topic-2af0822e_4ac8_4889_81a0_6f77ee6537f4-14-ba779d70-da3d-4ec8-a058-5de1d23f27d9', protocol='range'}
2025-09-26 18:13:57,665 INFO  [org.apa.kaf.cli.con.int.ConsumerCoordinator] (ForkJoinPool.commonPool-worker-2) [Consumer clientId=consumer-Consumer-topic-2af0822e_4ac8_4889_81a0_6f77ee6537f4-14, groupId=Consumer-topic-2af0822e_4ac8_4889_81a0_6f77ee6537f4] Finished assignment for group at generation 1: {consumer-Consumer-topic-2af0822e_4ac8_4889_81a0_6f77ee6537f4-14-ba779d70-da3d-4ec8-a058-5de1d23f27d9=Assignment(partitions=[topic-2af0822e_4ac8_4889_81a0_6f77ee6537f4-0])}
2025-09-26 18:13:57,671 INFO  [org.apa.kaf.cli.con.int.ConsumerCoordinator] (ForkJoinPool.commonPool-worker-2) [Consumer clientId=consumer-Consumer-topic-2af0822e_4ac8_4889_81a0_6f77ee6537f4-14, groupId=Consumer-topic-2af0822e_4ac8_4889_81a0_6f77ee6537f4] Successfully synced group in generation Generation{generationId=1, memberId='consumer-Consumer-topic-2af0822e_4ac8_4889_81a0_6f77ee6537f4-14-ba779d70-da3d-4ec8-a058-5de1d23f27d9', protocol='range'}
2025-09-26 18:13:57,671 INFO  [org.apa.kaf.cli.con.int.ConsumerCoordinator] (ForkJoinPool.commonPool-worker-2) [Consumer clientId=consumer-Consumer-topic-2af0822e_4ac8_4889_81a0_6f77ee6537f4-14, groupId=Consumer-topic-2af0822e_4ac8_4889_81a0_6f77ee6537f4] Notifying assignor about the new Assignment(partitions=[topic-2af0822e_4ac8_4889_81a0_6f77ee6537f4-0])
2025-09-26 18:13:57,671 INFO  [org.apa.kaf.cli.con.int.ConsumerRebalanceListenerInvoker] (ForkJoinPool.commonPool-worker-2) [Consumer clientId=consumer-Consumer-topic-2af0822e_4ac8_4889_81a0_6f77ee6537f4-14, groupId=Consumer-topic-2af0822e_4ac8_4889_81a0_6f77ee6537f4] Adding newly assigned partitions: topic-2af0822e_4ac8_4889_81a0_6f77ee6537f4-0
2025-09-26 18:13:57,672 INFO  [org.apa.kaf.cli.con.int.ConsumerCoordinator] (ForkJoinPool.commonPool-worker-2) [Consumer clientId=consumer-Consumer-topic-2af0822e_4ac8_4889_81a0_6f77ee6537f4-14, groupId=Consumer-topic-2af0822e_4ac8_4889_81a0_6f77ee6537f4] Found no committed offset for partition topic-2af0822e_4ac8_4889_81a0_6f77ee6537f4-0
2025-09-26 18:13:57,674 INFO  [org.apa.kaf.cli.con.int.SubscriptionState] (ForkJoinPool.commonPool-worker-2) [Consumer clientId=consumer-Consumer-topic-2af0822e_4ac8_4889_81a0_6f77ee6537f4-14, groupId=Consumer-topic-2af0822e_4ac8_4889_81a0_6f77ee6537f4] Resetting offset for partition topic-2af0822e_4ac8_4889_81a0_6f77ee6537f4-0 to position FetchPosition{offset=0, offsetEpoch=Optional.empty, currentLeader=LeaderAndEpoch{leader=Optional[localhost:32769 (id: 0 rack: null)], epoch=0}}.
2025-09-26 18:13:57,697 INFO  [io.api.tes.ser.api.KafkaSerdesTester] (ForkJoinPool.commonPool-worker-2) topic-2af0822e_4ac8_4889_81a0_6f77ee6537f4 0 0 {"key11758910433492": "value-0"}
2025-09-26 18:13:57,698 INFO  [io.api.tes.ser.api.KafkaSerdesTester] (ForkJoinPool.commonPool-worker-2) topic-2af0822e_4ac8_4889_81a0_6f77ee6537f4 0 1 {"key11758910433492": "value-1"}
2025-09-26 18:13:57,698 INFO  [io.api.tes.ser.api.KafkaSerdesTester] (ForkJoinPool.commonPool-worker-2) topic-2af0822e_4ac8_4889_81a0_6f77ee6537f4 0 2 {"key11758910433492": "value-2"}
2025-09-26 18:13:57,698 INFO  [io.api.tes.ser.api.KafkaSerdesTester] (ForkJoinPool.commonPool-worker-2) topic-2af0822e_4ac8_4889_81a0_6f77ee6537f4 0 3 {"key11758910433492": "value-3"}
2025-09-26 18:13:57,698 INFO  [io.api.tes.ser.api.KafkaSerdesTester] (ForkJoinPool.commonPool-worker-2) topic-2af0822e_4ac8_4889_81a0_6f77ee6537f4 0 4 {"key11758910433492": "value-4"}
2025-09-26 18:13:57,698 INFO  [io.api.tes.ser.api.KafkaSerdesTester] (ForkJoinPool.commonPool-worker-2) topic-2af0822e_4ac8_4889_81a0_6f77ee6537f4 0 5 {"key11758910433492": "value-5"}
2025-09-26 18:13:57,698 INFO  [io.api.tes.ser.api.KafkaSerdesTester] (ForkJoinPool.commonPool-worker-2) topic-2af0822e_4ac8_4889_81a0_6f77ee6537f4 0 6 {"key11758910433492": "value-6"}
2025-09-26 18:13:57,698 INFO  [io.api.tes.ser.api.KafkaSerdesTester] (ForkJoinPool.commonPool-worker-2) topic-2af0822e_4ac8_4889_81a0_6f77ee6537f4 0 7 {"key11758910433492": "value-7"}
2025-09-26 18:13:57,698 INFO  [io.api.tes.ser.api.KafkaSerdesTester] (ForkJoinPool.commonPool-worker-2) topic-2af0822e_4ac8_4889_81a0_6f77ee6537f4 0 8 {"key11758910433492": "value-8"}
2025-09-26 18:13:57,698 INFO  [io.api.tes.ser.api.KafkaSerdesTester] (ForkJoinPool.commonPool-worker-2) topic-2af0822e_4ac8_4889_81a0_6f77ee6537f4 0 9 {"key11758910433492": "value-9"}
2025-09-26 18:13:57,698 INFO  [io.api.tes.ser.api.KafkaSerdesTester] (ForkJoinPool.commonPool-worker-2) Consumed 10 messages
2025-09-26 18:13:57,703 INFO  [org.apa.kaf.cli.con.int.ConsumerRebalanceListenerInvoker] (ForkJoinPool.commonPool-worker-2) [Consumer clientId=consumer-Consumer-topic-2af0822e_4ac8_4889_81a0_6f77ee6537f4-14, groupId=Consumer-topic-2af0822e_4ac8_4889_81a0_6f77ee6537f4] Revoke previously assigned partitions topic-2af0822e_4ac8_4889_81a0_6f77ee6537f4-0
2025-09-26 18:13:57,704 INFO  [org.apa.kaf.cli.con.int.ConsumerCoordinator] (ForkJoinPool.commonPool-worker-2) [Consumer clientId=consumer-Consumer-topic-2af0822e_4ac8_4889_81a0_6f77ee6537f4-14, groupId=Consumer-topic-2af0822e_4ac8_4889_81a0_6f77ee6537f4] Member consumer-Consumer-topic-2af0822e_4ac8_4889_81a0_6f77ee6537f4-14-ba779d70-da3d-4ec8-a058-5de1d23f27d9 sending LeaveGroup request to coordinator localhost:32769 (id: 2147483647 rack: null) due to the consumer is being closed
2025-09-26 18:13:57,704 INFO  [org.apa.kaf.cli.con.int.ConsumerCoordinator] (ForkJoinPool.commonPool-worker-2) [Consumer clientId=consumer-Consumer-topic-2af0822e_4ac8_4889_81a0_6f77ee6537f4-14, groupId=Consumer-topic-2af0822e_4ac8_4889_81a0_6f77ee6537f4] Resetting generation and member id due to: consumer pro-actively leaving the group
2025-09-26 18:13:57,704 INFO  [org.apa.kaf.cli.con.int.ConsumerCoordinator] (ForkJoinPool.commonPool-worker-2) [Consumer clientId=consumer-Consumer-topic-2af0822e_4ac8_4889_81a0_6f77ee6537f4-14, groupId=Consumer-topic-2af0822e_4ac8_4889_81a0_6f77ee6537f4] Request joining group due to: consumer pro-actively leaving the group
2025-09-26 18:13:58,199 INFO  [org.apa.kaf.com.met.Metrics] (ForkJoinPool.commonPool-worker-2) Metrics scheduler closed
2025-09-26 18:13:58,199 INFO  [org.apa.kaf.com.met.Metrics] (ForkJoinPool.commonPool-worker-2) Closing reporter org.apache.kafka.common.metrics.JmxReporter
2025-09-26 18:13:58,199 INFO  [org.apa.kaf.com.met.Metrics] (ForkJoinPool.commonPool-worker-2) Closing reporter org.apache.kafka.common.telemetry.internals.ClientTelemetryReporter
2025-09-26 18:13:58,199 INFO  [org.apa.kaf.com.met.Metrics] (ForkJoinPool.commonPool-worker-2) Metrics reporters closed
2025-09-26 18:13:58,201 INFO  [org.apa.kaf.com.uti.AppInfoParser] (ForkJoinPool.commonPool-worker-2) App info kafka.consumer for consumer-Consumer-topic-2af0822e_4ac8_4889_81a0_6f77ee6537f4-14 unregistered
2025-09-26 18:13:58,201 INFO  [org.apa.kaf.cli.con.int.ClassicKafkaConsumer] (ForkJoinPool.commonPool-worker-2) [Consumer clientId=consumer-Consumer-topic-105f2f79_480d_4a5e_b568_76fbbd041c9b-15, groupId=Consumer-topic-105f2f79_480d_4a5e_b568_76fbbd041c9b] Subscribed to topic(s): topic-105f2f79_480d_4a5e_b568_76fbbd041c9b
2025-09-26 18:13:58,204 INFO  [org.apa.kaf.cli.Metadata] (ForkJoinPool.commonPool-worker-2) [Consumer clientId=consumer-Consumer-topic-105f2f79_480d_4a5e_b568_76fbbd041c9b-15, groupId=Consumer-topic-105f2f79_480d_4a5e_b568_76fbbd041c9b] Cluster ID: y_JNGwQJRlem7c5NGbSJCg
2025-09-26 18:13:58,205 INFO  [org.apa.kaf.cli.con.int.ConsumerCoordinator] (ForkJoinPool.commonPool-worker-2) [Consumer clientId=consumer-Consumer-topic-105f2f79_480d_4a5e_b568_76fbbd041c9b-15, groupId=Consumer-topic-105f2f79_480d_4a5e_b568_76fbbd041c9b] Discovered group coordinator localhost:32769 (id: 2147483647 rack: null)
2025-09-26 18:13:58,205 INFO  [org.apa.kaf.cli.con.int.ConsumerCoordinator] (ForkJoinPool.commonPool-worker-2) [Consumer clientId=consumer-Consumer-topic-105f2f79_480d_4a5e_b568_76fbbd041c9b-15, groupId=Consumer-topic-105f2f79_480d_4a5e_b568_76fbbd041c9b] (Re-)joining group
2025-09-26 18:13:58,207 INFO  [org.apa.kaf.cli.con.int.ConsumerCoordinator] (ForkJoinPool.commonPool-worker-2) [Consumer clientId=consumer-Consumer-topic-105f2f79_480d_4a5e_b568_76fbbd041c9b-15, groupId=Consumer-topic-105f2f79_480d_4a5e_b568_76fbbd041c9b] Request joining group due to: need to re-join with the given member-id: consumer-Consumer-topic-105f2f79_480d_4a5e_b568_76fbbd041c9b-15-e932252b-762f-47c1-94a9-2e7c3b03591c
2025-09-26 18:13:58,207 INFO  [org.apa.kaf.cli.con.int.ConsumerCoordinator] (ForkJoinPool.commonPool-worker-2) [Consumer clientId=consumer-Consumer-topic-105f2f79_480d_4a5e_b568_76fbbd041c9b-15, groupId=Consumer-topic-105f2f79_480d_4a5e_b568_76fbbd041c9b] (Re-)joining group
2025-09-26 18:13:59,201 INFO  [io.api.tes.ser.api.KafkaSerdesTester] (ForkJoinPool.commonPool-worker-2) None found
2025-09-26 18:14:00,203 INFO  [io.api.tes.ser.api.KafkaSerdesTester] (ForkJoinPool.commonPool-worker-2) None found
2025-09-26 18:14:01,204 INFO  [io.api.tes.ser.api.KafkaSerdesTester] (ForkJoinPool.commonPool-worker-2) None found
2025-09-26 18:14:01,209 INFO  [org.apa.kaf.cli.con.int.ConsumerCoordinator] (ForkJoinPool.commonPool-worker-2) [Consumer clientId=consumer-Consumer-topic-105f2f79_480d_4a5e_b568_76fbbd041c9b-15, groupId=Consumer-topic-105f2f79_480d_4a5e_b568_76fbbd041c9b] Successfully joined group with generation Generation{generationId=1, memberId='consumer-Consumer-topic-105f2f79_480d_4a5e_b568_76fbbd041c9b-15-e932252b-762f-47c1-94a9-2e7c3b03591c', protocol='range'}
2025-09-26 18:14:01,209 INFO  [org.apa.kaf.cli.con.int.ConsumerCoordinator] (ForkJoinPool.commonPool-worker-2) [Consumer clientId=consumer-Consumer-topic-105f2f79_480d_4a5e_b568_76fbbd041c9b-15, groupId=Consumer-topic-105f2f79_480d_4a5e_b568_76fbbd041c9b] Finished assignment for group at generation 1: {consumer-Consumer-topic-105f2f79_480d_4a5e_b568_76fbbd041c9b-15-e932252b-762f-47c1-94a9-2e7c3b03591c=Assignment(partitions=[topic-105f2f79_480d_4a5e_b568_76fbbd041c9b-0])}
2025-09-26 18:14:01,216 INFO  [org.apa.kaf.cli.con.int.ConsumerCoordinator] (ForkJoinPool.commonPool-worker-2) [Consumer clientId=consumer-Consumer-topic-105f2f79_480d_4a5e_b568_76fbbd041c9b-15, groupId=Consumer-topic-105f2f79_480d_4a5e_b568_76fbbd041c9b] Successfully synced group in generation Generation{generationId=1, memberId='consumer-Consumer-topic-105f2f79_480d_4a5e_b568_76fbbd041c9b-15-e932252b-762f-47c1-94a9-2e7c3b03591c', protocol='range'}
2025-09-26 18:14:01,216 INFO  [org.apa.kaf.cli.con.int.ConsumerCoordinator] (ForkJoinPool.commonPool-worker-2) [Consumer clientId=consumer-Consumer-topic-105f2f79_480d_4a5e_b568_76fbbd041c9b-15, groupId=Consumer-topic-105f2f79_480d_4a5e_b568_76fbbd041c9b] Notifying assignor about the new Assignment(partitions=[topic-105f2f79_480d_4a5e_b568_76fbbd041c9b-0])
2025-09-26 18:14:01,216 INFO  [org.apa.kaf.cli.con.int.ConsumerRebalanceListenerInvoker] (ForkJoinPool.commonPool-worker-2) [Consumer clientId=consumer-Consumer-topic-105f2f79_480d_4a5e_b568_76fbbd041c9b-15, groupId=Consumer-topic-105f2f79_480d_4a5e_b568_76fbbd041c9b] Adding newly assigned partitions: topic-105f2f79_480d_4a5e_b568_76fbbd041c9b-0
2025-09-26 18:14:01,217 INFO  [org.apa.kaf.cli.con.int.ConsumerCoordinator] (ForkJoinPool.commonPool-worker-2) [Consumer clientId=consumer-Consumer-topic-105f2f79_480d_4a5e_b568_76fbbd041c9b-15, groupId=Consumer-topic-105f2f79_480d_4a5e_b568_76fbbd041c9b] Found no committed offset for partition topic-105f2f79_480d_4a5e_b568_76fbbd041c9b-0
2025-09-26 18:14:01,219 INFO  [org.apa.kaf.cli.con.int.SubscriptionState] (ForkJoinPool.commonPool-worker-2) [Consumer clientId=consumer-Consumer-topic-105f2f79_480d_4a5e_b568_76fbbd041c9b-15, groupId=Consumer-topic-105f2f79_480d_4a5e_b568_76fbbd041c9b] Resetting offset for partition topic-105f2f79_480d_4a5e_b568_76fbbd041c9b-0 to position FetchPosition{offset=0, offsetEpoch=Optional.empty, currentLeader=LeaderAndEpoch{leader=Optional[localhost:32769 (id: 0 rack: null)], epoch=0}}.
2025-09-26 18:14:01,244 INFO  [io.api.tes.ser.api.KafkaSerdesTester] (ForkJoinPool.commonPool-worker-2) topic-105f2f79_480d_4a5e_b568_76fbbd041c9b 0 0 {"key11758910433492": "value-0"}
2025-09-26 18:14:01,244 INFO  [io.api.tes.ser.api.KafkaSerdesTester] (ForkJoinPool.commonPool-worker-2) topic-105f2f79_480d_4a5e_b568_76fbbd041c9b 0 1 {"key11758910433492": "value-1"}
2025-09-26 18:14:01,244 INFO  [io.api.tes.ser.api.KafkaSerdesTester] (ForkJoinPool.commonPool-worker-2) topic-105f2f79_480d_4a5e_b568_76fbbd041c9b 0 2 {"key11758910433492": "value-2"}
2025-09-26 18:14:01,244 INFO  [io.api.tes.ser.api.KafkaSerdesTester] (ForkJoinPool.commonPool-worker-2) topic-105f2f79_480d_4a5e_b568_76fbbd041c9b 0 3 {"key11758910433492": "value-3"}
2025-09-26 18:14:01,244 INFO  [io.api.tes.ser.api.KafkaSerdesTester] (ForkJoinPool.commonPool-worker-2) topic-105f2f79_480d_4a5e_b568_76fbbd041c9b 0 4 {"key11758910433492": "value-4"}
2025-09-26 18:14:01,244 INFO  [io.api.tes.ser.api.KafkaSerdesTester] (ForkJoinPool.commonPool-worker-2) topic-105f2f79_480d_4a5e_b568_76fbbd041c9b 0 5 {"key11758910433492": "value-5"}
2025-09-26 18:14:01,244 INFO  [io.api.tes.ser.api.KafkaSerdesTester] (ForkJoinPool.commonPool-worker-2) topic-105f2f79_480d_4a5e_b568_76fbbd041c9b 0 6 {"key11758910433492": "value-6"}
2025-09-26 18:14:01,245 INFO  [io.api.tes.ser.api.KafkaSerdesTester] (ForkJoinPool.commonPool-worker-2) topic-105f2f79_480d_4a5e_b568_76fbbd041c9b 0 7 {"key11758910433492": "value-7"}
2025-09-26 18:14:01,245 INFO  [io.api.tes.ser.api.KafkaSerdesTester] (ForkJoinPool.commonPool-worker-2) topic-105f2f79_480d_4a5e_b568_76fbbd041c9b 0 8 {"key11758910433492": "value-8"}
2025-09-26 18:14:01,245 INFO  [io.api.tes.ser.api.KafkaSerdesTester] (ForkJoinPool.commonPool-worker-2) topic-105f2f79_480d_4a5e_b568_76fbbd041c9b 0 9 {"key11758910433492": "value-9"}
2025-09-26 18:14:01,245 INFO  [io.api.tes.ser.api.KafkaSerdesTester] (ForkJoinPool.commonPool-worker-2) Consumed 10 messages
2025-09-26 18:14:01,252 INFO  [org.apa.kaf.cli.con.int.ConsumerRebalanceListenerInvoker] (ForkJoinPool.commonPool-worker-2) [Consumer clientId=consumer-Consumer-topic-105f2f79_480d_4a5e_b568_76fbbd041c9b-15, groupId=Consumer-topic-105f2f79_480d_4a5e_b568_76fbbd041c9b] Revoke previously assigned partitions topic-105f2f79_480d_4a5e_b568_76fbbd041c9b-0
2025-09-26 18:14:01,252 INFO  [org.apa.kaf.cli.con.int.ConsumerCoordinator] (ForkJoinPool.commonPool-worker-2) [Consumer clientId=consumer-Consumer-topic-105f2f79_480d_4a5e_b568_76fbbd041c9b-15, groupId=Consumer-topic-105f2f79_480d_4a5e_b568_76fbbd041c9b] Member consumer-Consumer-topic-105f2f79_480d_4a5e_b568_76fbbd041c9b-15-e932252b-762f-47c1-94a9-2e7c3b03591c sending LeaveGroup request to coordinator localhost:32769 (id: 2147483647 rack: null) due to the consumer is being closed
2025-09-26 18:14:01,252 INFO  [org.apa.kaf.cli.con.int.ConsumerCoordinator] (ForkJoinPool.commonPool-worker-2) [Consumer clientId=consumer-Consumer-topic-105f2f79_480d_4a5e_b568_76fbbd041c9b-15, groupId=Consumer-topic-105f2f79_480d_4a5e_b568_76fbbd041c9b] Resetting generation and member id due to: consumer pro-actively leaving the group
2025-09-26 18:14:01,252 INFO  [org.apa.kaf.cli.con.int.ConsumerCoordinator] (ForkJoinPool.commonPool-worker-2) [Consumer clientId=consumer-Consumer-topic-105f2f79_480d_4a5e_b568_76fbbd041c9b-15, groupId=Consumer-topic-105f2f79_480d_4a5e_b568_76fbbd041c9b] Request joining group due to: consumer pro-actively leaving the group
2025-09-26 18:14:01,747 INFO  [org.apa.kaf.com.met.Metrics] (ForkJoinPool.commonPool-worker-2) Metrics scheduler closed
2025-09-26 18:14:01,747 INFO  [org.apa.kaf.com.met.Metrics] (ForkJoinPool.commonPool-worker-2) Closing reporter org.apache.kafka.common.metrics.JmxReporter
2025-09-26 18:14:01,747 INFO  [org.apa.kaf.com.met.Metrics] (ForkJoinPool.commonPool-worker-2) Closing reporter org.apache.kafka.common.telemetry.internals.ClientTelemetryReporter
2025-09-26 18:14:01,747 INFO  [org.apa.kaf.com.met.Metrics] (ForkJoinPool.commonPool-worker-2) Metrics reporters closed
2025-09-26 18:14:01,748 INFO  [org.apa.kaf.com.uti.AppInfoParser] (ForkJoinPool.commonPool-worker-2) App info kafka.consumer for consumer-Consumer-topic-105f2f79_480d_4a5e_b568_76fbbd041c9b-15 unregistered
2025-09-26 18:14:01,749 INFO  [org.apa.kaf.cli.con.int.ClassicKafkaConsumer] (ForkJoinPool.commonPool-worker-2) [Consumer clientId=consumer-Consumer-topic-ed13ed3a_8afb_44d6_9464_5d110012ee48-16, groupId=Consumer-topic-ed13ed3a_8afb_44d6_9464_5d110012ee48] Subscribed to topic(s): topic-ed13ed3a_8afb_44d6_9464_5d110012ee48
2025-09-26 18:14:01,752 INFO  [org.apa.kaf.cli.Metadata] (ForkJoinPool.commonPool-worker-2) [Consumer clientId=consumer-Consumer-topic-ed13ed3a_8afb_44d6_9464_5d110012ee48-16, groupId=Consumer-topic-ed13ed3a_8afb_44d6_9464_5d110012ee48] Cluster ID: y_JNGwQJRlem7c5NGbSJCg
2025-09-26 18:14:01,754 INFO  [org.apa.kaf.cli.con.int.ConsumerCoordinator] (ForkJoinPool.commonPool-worker-2) [Consumer clientId=consumer-Consumer-topic-ed13ed3a_8afb_44d6_9464_5d110012ee48-16, groupId=Consumer-topic-ed13ed3a_8afb_44d6_9464_5d110012ee48] Discovered group coordinator localhost:32769 (id: 2147483647 rack: null)
2025-09-26 18:14:01,755 INFO  [org.apa.kaf.cli.con.int.ConsumerCoordinator] (ForkJoinPool.commonPool-worker-2) [Consumer clientId=consumer-Consumer-topic-ed13ed3a_8afb_44d6_9464_5d110012ee48-16, groupId=Consumer-topic-ed13ed3a_8afb_44d6_9464_5d110012ee48] (Re-)joining group
2025-09-26 18:14:01,757 INFO  [org.apa.kaf.cli.con.int.ConsumerCoordinator] (ForkJoinPool.commonPool-worker-2) [Consumer clientId=consumer-Consumer-topic-ed13ed3a_8afb_44d6_9464_5d110012ee48-16, groupId=Consumer-topic-ed13ed3a_8afb_44d6_9464_5d110012ee48] Request joining group due to: need to re-join with the given member-id: consumer-Consumer-topic-ed13ed3a_8afb_44d6_9464_5d110012ee48-16-51e1eb60-7f5b-4beb-a022-9a2085254863
2025-09-26 18:14:01,757 INFO  [org.apa.kaf.cli.con.int.ConsumerCoordinator] (ForkJoinPool.commonPool-worker-2) [Consumer clientId=consumer-Consumer-topic-ed13ed3a_8afb_44d6_9464_5d110012ee48-16, groupId=Consumer-topic-ed13ed3a_8afb_44d6_9464_5d110012ee48] (Re-)joining group
2025-09-26 18:14:02,749 INFO  [io.api.tes.ser.api.KafkaSerdesTester] (ForkJoinPool.commonPool-worker-2) None found
2025-09-26 18:14:03,749 INFO  [io.api.tes.ser.api.KafkaSerdesTester] (ForkJoinPool.commonPool-worker-2) None found
2025-09-26 18:14:04,749 INFO  [io.api.tes.ser.api.KafkaSerdesTester] (ForkJoinPool.commonPool-worker-2) None found
2025-09-26 18:14:04,759 INFO  [org.apa.kaf.cli.con.int.ConsumerCoordinator] (ForkJoinPool.commonPool-worker-2) [Consumer clientId=consumer-Consumer-topic-ed13ed3a_8afb_44d6_9464_5d110012ee48-16, groupId=Consumer-topic-ed13ed3a_8afb_44d6_9464_5d110012ee48] Successfully joined group with generation Generation{generationId=1, memberId='consumer-Consumer-topic-ed13ed3a_8afb_44d6_9464_5d110012ee48-16-51e1eb60-7f5b-4beb-a022-9a2085254863', protocol='range'}
2025-09-26 18:14:04,759 INFO  [org.apa.kaf.cli.con.int.ConsumerCoordinator] (ForkJoinPool.commonPool-worker-2) [Consumer clientId=consumer-Consumer-topic-ed13ed3a_8afb_44d6_9464_5d110012ee48-16, groupId=Consumer-topic-ed13ed3a_8afb_44d6_9464_5d110012ee48] Finished assignment for group at generation 1: {consumer-Consumer-topic-ed13ed3a_8afb_44d6_9464_5d110012ee48-16-51e1eb60-7f5b-4beb-a022-9a2085254863=Assignment(partitions=[topic-ed13ed3a_8afb_44d6_9464_5d110012ee48-0])}
2025-09-26 18:14:04,766 INFO  [org.apa.kaf.cli.con.int.ConsumerCoordinator] (ForkJoinPool.commonPool-worker-2) [Consumer clientId=consumer-Consumer-topic-ed13ed3a_8afb_44d6_9464_5d110012ee48-16, groupId=Consumer-topic-ed13ed3a_8afb_44d6_9464_5d110012ee48] Successfully synced group in generation Generation{generationId=1, memberId='consumer-Consumer-topic-ed13ed3a_8afb_44d6_9464_5d110012ee48-16-51e1eb60-7f5b-4beb-a022-9a2085254863', protocol='range'}
2025-09-26 18:14:04,766 INFO  [org.apa.kaf.cli.con.int.ConsumerCoordinator] (ForkJoinPool.commonPool-worker-2) [Consumer clientId=consumer-Consumer-topic-ed13ed3a_8afb_44d6_9464_5d110012ee48-16, groupId=Consumer-topic-ed13ed3a_8afb_44d6_9464_5d110012ee48] Notifying assignor about the new Assignment(partitions=[topic-ed13ed3a_8afb_44d6_9464_5d110012ee48-0])
2025-09-26 18:14:04,766 INFO  [org.apa.kaf.cli.con.int.ConsumerRebalanceListenerInvoker] (ForkJoinPool.commonPool-worker-2) [Consumer clientId=consumer-Consumer-topic-ed13ed3a_8afb_44d6_9464_5d110012ee48-16, groupId=Consumer-topic-ed13ed3a_8afb_44d6_9464_5d110012ee48] Adding newly assigned partitions: topic-ed13ed3a_8afb_44d6_9464_5d110012ee48-0
2025-09-26 18:14:04,767 INFO  [org.apa.kaf.cli.con.int.ConsumerCoordinator] (ForkJoinPool.commonPool-worker-2) [Consumer clientId=consumer-Consumer-topic-ed13ed3a_8afb_44d6_9464_5d110012ee48-16, groupId=Consumer-topic-ed13ed3a_8afb_44d6_9464_5d110012ee48] Found no committed offset for partition topic-ed13ed3a_8afb_44d6_9464_5d110012ee48-0
2025-09-26 18:14:04,769 INFO  [org.apa.kaf.cli.con.int.SubscriptionState] (ForkJoinPool.commonPool-worker-2) [Consumer clientId=consumer-Consumer-topic-ed13ed3a_8afb_44d6_9464_5d110012ee48-16, groupId=Consumer-topic-ed13ed3a_8afb_44d6_9464_5d110012ee48] Resetting offset for partition topic-ed13ed3a_8afb_44d6_9464_5d110012ee48-0 to position FetchPosition{offset=0, offsetEpoch=Optional.empty, currentLeader=LeaderAndEpoch{leader=Optional[localhost:32769 (id: 0 rack: null)], epoch=0}}.
2025-09-26 18:14:04,793 INFO  [io.api.tes.ser.api.KafkaSerdesTester] (ForkJoinPool.commonPool-worker-2) topic-ed13ed3a_8afb_44d6_9464_5d110012ee48 0 0 {"key11758910433492": "value-0"}
2025-09-26 18:14:04,794 INFO  [io.api.tes.ser.api.KafkaSerdesTester] (ForkJoinPool.commonPool-worker-2) topic-ed13ed3a_8afb_44d6_9464_5d110012ee48 0 1 {"key11758910433492": "value-1"}
2025-09-26 18:14:04,794 INFO  [io.api.tes.ser.api.KafkaSerdesTester] (ForkJoinPool.commonPool-worker-2) topic-ed13ed3a_8afb_44d6_9464_5d110012ee48 0 2 {"key11758910433492": "value-2"}
2025-09-26 18:14:04,794 INFO  [io.api.tes.ser.api.KafkaSerdesTester] (ForkJoinPool.commonPool-worker-2) topic-ed13ed3a_8afb_44d6_9464_5d110012ee48 0 3 {"key11758910433492": "value-3"}
2025-09-26 18:14:04,794 INFO  [io.api.tes.ser.api.KafkaSerdesTester] (ForkJoinPool.commonPool-worker-2) topic-ed13ed3a_8afb_44d6_9464_5d110012ee48 0 4 {"key11758910433492": "value-4"}
2025-09-26 18:14:04,794 INFO  [io.api.tes.ser.api.KafkaSerdesTester] (ForkJoinPool.commonPool-worker-2) topic-ed13ed3a_8afb_44d6_9464_5d110012ee48 0 5 {"key11758910433492": "value-5"}
2025-09-26 18:14:04,794 INFO  [io.api.tes.ser.api.KafkaSerdesTester] (ForkJoinPool.commonPool-worker-2) topic-ed13ed3a_8afb_44d6_9464_5d110012ee48 0 6 {"key11758910433492": "value-6"}
2025-09-26 18:14:04,794 INFO  [io.api.tes.ser.api.KafkaSerdesTester] (ForkJoinPool.commonPool-worker-2) topic-ed13ed3a_8afb_44d6_9464_5d110012ee48 0 7 {"key11758910433492": "value-7"}
2025-09-26 18:14:04,794 INFO  [io.api.tes.ser.api.KafkaSerdesTester] (ForkJoinPool.commonPool-worker-2) topic-ed13ed3a_8afb_44d6_9464_5d110012ee48 0 8 {"key11758910433492": "value-8"}
2025-09-26 18:14:04,794 INFO  [io.api.tes.ser.api.KafkaSerdesTester] (ForkJoinPool.commonPool-worker-2) topic-ed13ed3a_8afb_44d6_9464_5d110012ee48 0 9 {"key11758910433492": "value-9"}
2025-09-26 18:14:04,794 INFO  [io.api.tes.ser.api.KafkaSerdesTester] (ForkJoinPool.commonPool-worker-2) Consumed 10 messages
2025-09-26 18:14:04,801 INFO  [org.apa.kaf.cli.con.int.ConsumerRebalanceListenerInvoker] (ForkJoinPool.commonPool-worker-2) [Consumer clientId=consumer-Consumer-topic-ed13ed3a_8afb_44d6_9464_5d110012ee48-16, groupId=Consumer-topic-ed13ed3a_8afb_44d6_9464_5d110012ee48] Revoke previously assigned partitions topic-ed13ed3a_8afb_44d6_9464_5d110012ee48-0
2025-09-26 18:14:04,801 INFO  [org.apa.kaf.cli.con.int.ConsumerCoordinator] (ForkJoinPool.commonPool-worker-2) [Consumer clientId=consumer-Consumer-topic-ed13ed3a_8afb_44d6_9464_5d110012ee48-16, groupId=Consumer-topic-ed13ed3a_8afb_44d6_9464_5d110012ee48] Member consumer-Consumer-topic-ed13ed3a_8afb_44d6_9464_5d110012ee48-16-51e1eb60-7f5b-4beb-a022-9a2085254863 sending LeaveGroup request to coordinator localhost:32769 (id: 2147483647 rack: null) due to the consumer is being closed
2025-09-26 18:14:04,801 INFO  [org.apa.kaf.cli.con.int.ConsumerCoordinator] (ForkJoinPool.commonPool-worker-2) [Consumer clientId=consumer-Consumer-topic-ed13ed3a_8afb_44d6_9464_5d110012ee48-16, groupId=Consumer-topic-ed13ed3a_8afb_44d6_9464_5d110012ee48] Resetting generation and member id due to: consumer pro-actively leaving the group
2025-09-26 18:14:04,801 INFO  [org.apa.kaf.cli.con.int.ConsumerCoordinator] (ForkJoinPool.commonPool-worker-2) [Consumer clientId=consumer-Consumer-topic-ed13ed3a_8afb_44d6_9464_5d110012ee48-16, groupId=Consumer-topic-ed13ed3a_8afb_44d6_9464_5d110012ee48] Request joining group due to: consumer pro-actively leaving the group
2025-09-26 18:14:05,296 INFO  [org.apa.kaf.com.met.Metrics] (ForkJoinPool.commonPool-worker-2) Metrics scheduler closed
2025-09-26 18:14:05,296 INFO  [org.apa.kaf.com.met.Metrics] (ForkJoinPool.commonPool-worker-2) Closing reporter org.apache.kafka.common.metrics.JmxReporter
2025-09-26 18:14:05,296 INFO  [org.apa.kaf.com.met.Metrics] (ForkJoinPool.commonPool-worker-2) Closing reporter org.apache.kafka.common.telemetry.internals.ClientTelemetryReporter
2025-09-26 18:14:05,296 INFO  [org.apa.kaf.com.met.Metrics] (ForkJoinPool.commonPool-worker-2) Metrics reporters closed
2025-09-26 18:14:05,297 INFO  [org.apa.kaf.com.uti.AppInfoParser] (ForkJoinPool.commonPool-worker-2) App info kafka.consumer for consumer-Consumer-topic-ed13ed3a_8afb_44d6_9464_5d110012ee48-16 unregistered
2025-09-26 18:14:05,298 INFO  [io.api.tes.uti.TestSeparator] (main) io.apicurio.tests.serdes.apicurio.AvroSerdeIT.testAvroConfluentForMultipleTopics-FINISHED
2025-09-26 18:14:05,298 INFO  [io.api.tes.uti.TestSeparator] (main) ############################################################################
Test passed: testAvroConfluentForMultipleTopics
]]></system-out>
  </testcase>
  <testcase name="testFirstRequestFailsRateLimited" classname="io.apicurio.tests.serdes.apicurio.AvroSerdeIT" time="0.88">
    <system-out><![CDATA[2025-09-26 18:14:05,299 INFO  [io.api.tes.uti.TestSeparator] (main) ############################################################################
2025-09-26 18:14:05,299 INFO  [io.api.tes.uti.TestSeparator] (main) io.apicurio.tests.serdes.apicurio.AvroSerdeIT.testFirstRequestFailsRateLimited-STARTED
2025-09-26 18:14:05,856 INFO  [org.ecl.jet.ser.Server] (main) jetty-11.0.15; built: 2023-04-11T18:37:53.775Z; git: 5bc5e562c8d05c5862505aebe5cf83a61bdbcb96; jvm 17.0.16+8
2025-09-26 18:14:05,889 INFO  [org.ecl.jet.ser.han.ContextHandler] (main) Started o.e.j.s.ServletContextHandler@ef3bc19{/__admin,null,AVAILABLE}
2025-09-26 18:14:05,896 INFO  [org.ecl.jet.ser.han.Con.ROOT] (main) RequestHandlerClass from context returned com.github.tomakehurst.wiremock.http.StubRequestHandler. Normalized mapped under returned 'null'
2025-09-26 18:14:05,896 INFO  [org.ecl.jet.ser.han.ContextHandler] (main) Started o.e.j.s.ServletContextHandler@6c73d88c{/,null,AVAILABLE}
2025-09-26 18:14:05,905 INFO  [org.ecl.jet.ser.AbstractConnector] (main) Started NetworkTrafficServerConnector@746a671{HTTP/1.1, (http/1.1, h2c)}{0.0.0.0:36601}
2025-09-26 18:14:05,906 INFO  [org.ecl.jet.ser.Server] (main) Started Server@fcdad9a{STARTING}[11.0.15,sto=1000] @96074ms
**** Registry Base URL: http://registry-app-mysql.apps.ci419.apicurio-testing.org:80
2025-09-26 18:14:05,915 INFO  [org.apa.kaf.cli.pro.ProducerConfig] (main) ProducerConfig values: 
	acks = -1
	auto.include.jmx.reporter = true
	batch.size = 16384
	bootstrap.servers = [PLAINTEXT://localhost:32769]
	buffer.memory = 33554432
	client.dns.lookup = use_all_dns_ips
	client.id = Producer-topic-33d4b9ce_e948_4dbc_82d2_a1ca15a97e76
	compression.gzip.level = -1
	compression.lz4.level = 9
	compression.type = none
	compression.zstd.level = 3
	connections.max.idle.ms = 10000
	delivery.timeout.ms = 120000
	enable.idempotence = true
	enable.metrics.push = true
	interceptor.classes = []
	key.serializer = class org.apache.kafka.common.serialization.StringSerializer
	linger.ms = 0
	max.block.ms = 60000
	max.in.flight.requests.per.connection = 5
	max.request.size = 1048576
	metadata.max.age.ms = 300000
	metadata.max.idle.ms = 300000
	metadata.recovery.strategy = none
	metric.reporters = []
	metrics.num.samples = 2
	metrics.recording.level = INFO
	metrics.sample.window.ms = 30000
	partitioner.adaptive.partitioning.enable = true
	partitioner.availability.timeout.ms = 0
	partitioner.class = null
	partitioner.ignore.keys = false
	receive.buffer.bytes = 32768
	reconnect.backoff.max.ms = 1000
	reconnect.backoff.ms = 50
	request.timeout.ms = 5000
	retries = 2147483647
	retry.backoff.max.ms = 1000
	retry.backoff.ms = 100
	sasl.client.callback.handler.class = null
	sasl.jaas.config = null
	sasl.kerberos.kinit.cmd = /usr/bin/kinit
	sasl.kerberos.min.time.before.relogin = 60000
	sasl.kerberos.service.name = null
	sasl.kerberos.ticket.renew.jitter = 0.05
	sasl.kerberos.ticket.renew.window.factor = 0.8
	sasl.login.callback.handler.class = null
	sasl.login.class = null
	sasl.login.connect.timeout.ms = null
	sasl.login.read.timeout.ms = null
	sasl.login.refresh.buffer.seconds = 300
	sasl.login.refresh.min.period.seconds = 60
	sasl.login.refresh.window.factor = 0.8
	sasl.login.refresh.window.jitter = 0.05
	sasl.login.retry.backoff.max.ms = 10000
	sasl.login.retry.backoff.ms = 100
	sasl.mechanism = GSSAPI
	sasl.oauthbearer.clock.skew.seconds = 30
	sasl.oauthbearer.expected.audience = null
	sasl.oauthbearer.expected.issuer = null
	sasl.oauthbearer.header.urlencode = false
	sasl.oauthbearer.jwks.endpoint.refresh.ms = 3600000
	sasl.oauthbearer.jwks.endpoint.retry.backoff.max.ms = 10000
	sasl.oauthbearer.jwks.endpoint.retry.backoff.ms = 100
	sasl.oauthbearer.jwks.endpoint.url = null
	sasl.oauthbearer.scope.claim.name = scope
	sasl.oauthbearer.sub.claim.name = sub
	sasl.oauthbearer.token.endpoint.url = null
	security.protocol = PLAINTEXT
	security.providers = null
	send.buffer.bytes = 131072
	socket.connection.setup.timeout.max.ms = 30000
	socket.connection.setup.timeout.ms = 10000
	ssl.cipher.suites = null
	ssl.enabled.protocols = [TLSv1.2, TLSv1.3]
	ssl.endpoint.identification.algorithm = https
	ssl.engine.factory.class = null
	ssl.key.password = null
	ssl.keymanager.algorithm = SunX509
	ssl.keystore.certificate.chain = null
	ssl.keystore.key = null
	ssl.keystore.location = null
	ssl.keystore.password = null
	ssl.keystore.type = JKS
	ssl.protocol = TLSv1.3
	ssl.provider = null
	ssl.secure.random.implementation = null
	ssl.trustmanager.algorithm = PKIX
	ssl.truststore.certificates = null
	ssl.truststore.location = null
	ssl.truststore.password = null
	ssl.truststore.type = JKS
	transaction.timeout.ms = 60000
	transactional.id = null
	value.serializer = class io.apicurio.registry.serde.avro.AvroKafkaSerializer

2025-09-26 18:14:05,915 INFO  [org.apa.kaf.com.tel.int.KafkaMetricsCollector] (main) initializing Kafka metrics collector
2025-09-26 18:14:05,918 INFO  [org.apa.kaf.cli.pro.KafkaProducer] (main) [Producer clientId=Producer-topic-33d4b9ce_e948_4dbc_82d2_a1ca15a97e76] Instantiated an idempotent producer.
2025-09-26 18:14:05,920 INFO  [org.apa.kaf.cli.pro.ProducerConfig] (main) These configurations '[apicurio.registry.url, apicurio.registry.artifact-resolver-strategy]' were supplied but are not used yet.
2025-09-26 18:14:05,921 INFO  [org.apa.kaf.com.uti.AppInfoParser] (main) Kafka version: 3.9.1
2025-09-26 18:14:05,921 INFO  [org.apa.kaf.com.uti.AppInfoParser] (main) Kafka commitId: f745dfdcee2b9851
2025-09-26 18:14:05,921 INFO  [org.apa.kaf.com.uti.AppInfoParser] (main) Kafka startTimeMs: 1758910445920
2025-09-26 18:14:05,922 INFO  [io.api.tes.ser.api.KafkaSerdesTester] (ForkJoinPool.commonPool-worker-2) Sending message {"keyB": "value-0"} to topic topic-33d4b9ce_e948_4dbc_82d2_a1ca15a97e76
2025-09-26 18:14:05,927 WARN  [org.apa.kaf.cli.NetworkClient] (kafka-producer-network-thread | Producer-topic-33d4b9ce_e948_4dbc_82d2_a1ca15a97e76) [Producer clientId=Producer-topic-33d4b9ce_e948_4dbc_82d2_a1ca15a97e76] The metadata response from the cluster reported a recoverable issue with correlation id 1 : {topic-33d4b9ce_e948_4dbc_82d2_a1ca15a97e76=UNKNOWN_TOPIC_OR_PARTITION}
2025-09-26 18:14:05,927 INFO  [org.apa.kaf.cli.Metadata] (kafka-producer-network-thread | Producer-topic-33d4b9ce_e948_4dbc_82d2_a1ca15a97e76) [Producer clientId=Producer-topic-33d4b9ce_e948_4dbc_82d2_a1ca15a97e76] Cluster ID: y_JNGwQJRlem7c5NGbSJCg
2025-09-26 18:14:05,927 INFO  [org.apa.kaf.cli.pro.int.TransactionManager] (kafka-producer-network-thread | Producer-topic-33d4b9ce_e948_4dbc_82d2_a1ca15a97e76) [Producer clientId=Producer-topic-33d4b9ce_e948_4dbc_82d2_a1ca15a97e76] ProducerId set to 22 with epoch 0
2025-09-26 18:14:06,048 INFO  [DefaultSchemaResolver] (ForkJoinPool.commonPool-worker-2) Retrieving schema content using string: {"type":"record","name":"myrecord","namespace":"mygroup","fields":[{"name":"keyB","type":"string"}]}
2025-09-26 18:14:06,167 INFO  [org.apa.kaf.cli.pro.KafkaProducer] (ForkJoinPool.commonPool-worker-2) [Producer clientId=Producer-topic-33d4b9ce_e948_4dbc_82d2_a1ca15a97e76] Closing the Kafka producer with timeoutMillis = 9223372036854775807 ms.
2025-09-26 18:14:06,169 INFO  [org.apa.kaf.com.met.Metrics] (ForkJoinPool.commonPool-worker-2) Metrics scheduler closed
2025-09-26 18:14:06,169 INFO  [org.apa.kaf.com.met.Metrics] (ForkJoinPool.commonPool-worker-2) Closing reporter org.apache.kafka.common.metrics.JmxReporter
2025-09-26 18:14:06,169 INFO  [org.apa.kaf.com.met.Metrics] (ForkJoinPool.commonPool-worker-2) Closing reporter org.apache.kafka.common.telemetry.internals.ClientTelemetryReporter
2025-09-26 18:14:06,169 INFO  [org.apa.kaf.com.met.Metrics] (ForkJoinPool.commonPool-worker-2) Metrics reporters closed
2025-09-26 18:14:06,170 INFO  [org.apa.kaf.com.uti.AppInfoParser] (ForkJoinPool.commonPool-worker-2) App info kafka.producer for Producer-topic-33d4b9ce_e948_4dbc_82d2_a1ca15a97e76 unregistered
2025-09-26 18:14:06,171 INFO  [org.ecl.jet.ser.Server] (main) Stopped Server@fcdad9a{STOPPING}[11.0.15,sto=1000]
2025-09-26 18:14:06,171 INFO  [org.ecl.jet.ser.Server] (main) Shutdown Server@fcdad9a{STOPPING}[11.0.15,sto=1000]
2025-09-26 18:14:06,174 INFO  [org.ecl.jet.ser.AbstractConnector] (main) Stopped NetworkTrafficServerConnector@746a671{HTTP/1.1, (http/1.1, h2c)}{0.0.0.0:0}
2025-09-26 18:14:06,175 INFO  [org.ecl.jet.ser.han.ContextHandler] (main) Stopped o.e.j.s.ServletContextHandler@6c73d88c{/,null,STOPPED}
2025-09-26 18:14:06,175 INFO  [org.ecl.jet.ser.han.ContextHandler] (main) Stopped o.e.j.s.ServletContextHandler@ef3bc19{/__admin,null,STOPPED}
2025-09-26 18:14:06,178 INFO  [io.api.tes.uti.TestSeparator] (main) io.apicurio.tests.serdes.apicurio.AvroSerdeIT.testFirstRequestFailsRateLimited-FINISHED
2025-09-26 18:14:06,178 INFO  [io.api.tes.uti.TestSeparator] (main) ############################################################################
Test passed: testFirstRequestFailsRateLimited
]]></system-out>
    <system-err><![CDATA[com.microsoft.kiota.ApiException: the server returned an unexpected status code and no error class is registered for this code 429
	at com.microsoft.kiota.ApiExceptionBuilder.withMessage(ApiExceptionBuilder.java:45)
	at io.kiota.http.vertx.VertXRequestAdapter.throwIfFailedResponse(VertXRequestAdapter.java:370)
	at io.kiota.http.vertx.VertXRequestAdapter.send(VertXRequestAdapter.java:170)
	at jdk.internal.reflect.GeneratedMethodAccessor33.invoke(Unknown Source)
	at java.base/jdk.internal.reflect.DelegatingMethodAccessorImpl.invoke(DelegatingMethodAccessorImpl.java:43)
	at java.base/java.lang.reflect.Method.invoke(Method.java:569)
	at io.apicurio.registry.client.RegistryClientFactory$RetryInvocationHandler.invoke(RegistryClientFactory.java:146)
	at jdk.proxy2/jdk.proxy2.$Proxy65.send(Unknown Source)
	at io.apicurio.registry.rest.client.search.versions.VersionsRequestBuilder.post(VersionsRequestBuilder.java:94)
	at io.apicurio.registry.resolver.client.RegistryClientFacadeImpl.searchVersionsByContent(RegistryClientFacadeImpl.java:106)
	at io.apicurio.registry.resolver.DefaultSchemaResolver.lambda$handleResolveSchemaByContent$3(DefaultSchemaResolver.java:258)
	at io.apicurio.registry.resolver.cache.ERCache.lambda$getValue$0(ERCache.java:174)
	at io.apicurio.registry.resolver.cache.ERCache.retry(ERCache.java:227)
	at io.apicurio.registry.resolver.cache.ERCache.getValue(ERCache.java:173)
	at io.apicurio.registry.resolver.cache.ERCache.getByContent(ERCache.java:147)
	at io.apicurio.registry.resolver.DefaultSchemaResolver.handleResolveSchemaByContent(DefaultSchemaResolver.java:253)
	at io.apicurio.registry.resolver.DefaultSchemaResolver.getSchemaFromRegistry(DefaultSchemaResolver.java:138)
	at io.apicurio.registry.resolver.DefaultSchemaResolver.lambda$resolveSchema$0(DefaultSchemaResolver.java:84)
	at java.base/java.util.Optional.orElseGet(Optional.java:364)
	at io.apicurio.registry.resolver.DefaultSchemaResolver.resolveSchema(DefaultSchemaResolver.java:84)
	at io.apicurio.registry.serde.AbstractSerializer.serializeData(AbstractSerializer.java:62)
	at io.apicurio.registry.serde.KafkaSerializer.serialize(KafkaSerializer.java:77)
	at org.apache.kafka.clients.producer.KafkaProducer.doSend(KafkaProducer.java:1046)
	at org.apache.kafka.clients.producer.KafkaProducer.send(KafkaProducer.java:993)
	at org.apache.kafka.clients.producer.KafkaProducer.send(KafkaProducer.java:875)
	at io.apicurio.tests.serdes.apicurio.KafkaSerdesTester.lambda$produceMessages$3(KafkaSerdesTester.java:138)
	at java.base/java.util.concurrent.CompletableFuture$AsyncSupply.run(CompletableFuture.java:1768)
	at java.base/java.util.concurrent.CompletableFuture$AsyncSupply.exec(CompletableFuture.java:1760)
	at java.base/java.util.concurrent.ForkJoinTask.doExec(ForkJoinTask.java:373)
	at java.base/java.util.concurrent.ForkJoinPool$WorkQueue.topLevelExec(ForkJoinPool.java:1182)
	at java.base/java.util.concurrent.ForkJoinPool.scan(ForkJoinPool.java:1655)
	at java.base/java.util.concurrent.ForkJoinPool.runWorker(ForkJoinPool.java:1622)
	at java.base/java.util.concurrent.ForkJoinWorkerThread.run(ForkJoinWorkerThread.java:165)
]]></system-err>
  </testcase>
  <testcase name="testFirstEmptyFieldConfusedAsMagicByte" classname="io.apicurio.tests.serdes.apicurio.AvroSerdeIT" time="3.923">
    <system-out><![CDATA[2025-09-26 18:14:06,180 INFO  [io.api.tes.uti.TestSeparator] (main) ############################################################################
2025-09-26 18:14:06,180 INFO  [io.api.tes.uti.TestSeparator] (main) io.apicurio.tests.serdes.apicurio.AvroSerdeIT.testFirstEmptyFieldConfusedAsMagicByte-STARTED
**** Registry Base URL: http://registry-app-mysql.apps.ci419.apicurio-testing.org:80
2025-09-26 18:14:06,182 INFO  [org.apa.kaf.cli.pro.ProducerConfig] (main) ProducerConfig values: 
	acks = -1
	auto.include.jmx.reporter = true
	batch.size = 16384
	bootstrap.servers = [PLAINTEXT://localhost:32769]
	buffer.memory = 33554432
	client.dns.lookup = use_all_dns_ips
	client.id = Producer-topic-7cb1b12e_f7e3_4c26_ace5_66b94cd472f0
	compression.gzip.level = -1
	compression.lz4.level = 9
	compression.type = none
	compression.zstd.level = 3
	connections.max.idle.ms = 10000
	delivery.timeout.ms = 120000
	enable.idempotence = true
	enable.metrics.push = true
	interceptor.classes = []
	key.serializer = class org.apache.kafka.common.serialization.StringSerializer
	linger.ms = 0
	max.block.ms = 60000
	max.in.flight.requests.per.connection = 5
	max.request.size = 1048576
	metadata.max.age.ms = 300000
	metadata.max.idle.ms = 300000
	metadata.recovery.strategy = none
	metric.reporters = []
	metrics.num.samples = 2
	metrics.recording.level = INFO
	metrics.sample.window.ms = 30000
	partitioner.adaptive.partitioning.enable = true
	partitioner.availability.timeout.ms = 0
	partitioner.class = null
	partitioner.ignore.keys = false
	receive.buffer.bytes = 32768
	reconnect.backoff.max.ms = 1000
	reconnect.backoff.ms = 50
	request.timeout.ms = 5000
	retries = 2147483647
	retry.backoff.max.ms = 1000
	retry.backoff.ms = 100
	sasl.client.callback.handler.class = null
	sasl.jaas.config = null
	sasl.kerberos.kinit.cmd = /usr/bin/kinit
	sasl.kerberos.min.time.before.relogin = 60000
	sasl.kerberos.service.name = null
	sasl.kerberos.ticket.renew.jitter = 0.05
	sasl.kerberos.ticket.renew.window.factor = 0.8
	sasl.login.callback.handler.class = null
	sasl.login.class = null
	sasl.login.connect.timeout.ms = null
	sasl.login.read.timeout.ms = null
	sasl.login.refresh.buffer.seconds = 300
	sasl.login.refresh.min.period.seconds = 60
	sasl.login.refresh.window.factor = 0.8
	sasl.login.refresh.window.jitter = 0.05
	sasl.login.retry.backoff.max.ms = 10000
	sasl.login.retry.backoff.ms = 100
	sasl.mechanism = GSSAPI
	sasl.oauthbearer.clock.skew.seconds = 30
	sasl.oauthbearer.expected.audience = null
	sasl.oauthbearer.expected.issuer = null
	sasl.oauthbearer.header.urlencode = false
	sasl.oauthbearer.jwks.endpoint.refresh.ms = 3600000
	sasl.oauthbearer.jwks.endpoint.retry.backoff.max.ms = 10000
	sasl.oauthbearer.jwks.endpoint.retry.backoff.ms = 100
	sasl.oauthbearer.jwks.endpoint.url = null
	sasl.oauthbearer.scope.claim.name = scope
	sasl.oauthbearer.sub.claim.name = sub
	sasl.oauthbearer.token.endpoint.url = null
	security.protocol = PLAINTEXT
	security.providers = null
	send.buffer.bytes = 131072
	socket.connection.setup.timeout.max.ms = 30000
	socket.connection.setup.timeout.ms = 10000
	ssl.cipher.suites = null
	ssl.enabled.protocols = [TLSv1.2, TLSv1.3]
	ssl.endpoint.identification.algorithm = https
	ssl.engine.factory.class = null
	ssl.key.password = null
	ssl.keymanager.algorithm = SunX509
	ssl.keystore.certificate.chain = null
	ssl.keystore.key = null
	ssl.keystore.location = null
	ssl.keystore.password = null
	ssl.keystore.type = JKS
	ssl.protocol = TLSv1.3
	ssl.provider = null
	ssl.secure.random.implementation = null
	ssl.trustmanager.algorithm = PKIX
	ssl.truststore.certificates = null
	ssl.truststore.location = null
	ssl.truststore.password = null
	ssl.truststore.type = JKS
	transaction.timeout.ms = 60000
	transactional.id = null
	value.serializer = class io.apicurio.registry.serde.avro.AvroKafkaSerializer

2025-09-26 18:14:06,182 INFO  [org.apa.kaf.com.tel.int.KafkaMetricsCollector] (main) initializing Kafka metrics collector
2025-09-26 18:14:06,187 INFO  [org.apa.kaf.cli.pro.KafkaProducer] (main) [Producer clientId=Producer-topic-7cb1b12e_f7e3_4c26_ace5_66b94cd472f0] Instantiated an idempotent producer.
2025-09-26 18:14:06,189 INFO  [org.apa.kaf.cli.pro.ProducerConfig] (main) These configurations '[apicurio.registry.url, apicurio.registry.auto-register, apicurio.registry.artifact-resolver-strategy]' were supplied but are not used yet.
2025-09-26 18:14:06,189 INFO  [org.apa.kaf.com.uti.AppInfoParser] (main) Kafka version: 3.9.1
2025-09-26 18:14:06,189 INFO  [org.apa.kaf.com.uti.AppInfoParser] (main) Kafka commitId: f745dfdcee2b9851
2025-09-26 18:14:06,189 INFO  [org.apa.kaf.com.uti.AppInfoParser] (main) Kafka startTimeMs: 1758910446189
2025-09-26 18:14:06,189 INFO  [io.api.tes.ser.api.SimpleSerdesTesterBuilder$SimpleSerdesTester] (main) Using producer configuration: {apicurio.registry.url=http://registry-app-mysql.apps.ci419.apicurio-testing.org:80/apis/registry/v3, apicurio.registry.auto-register=true, apicurio.registry.artifact-resolver-strategy=io.apicurio.registry.serde.strategy.SimpleTopicIdStrategy, value.serializer=io.apicurio.registry.serde.avro.AvroKafkaSerializer, request.timeout.ms=5000, acks=all, bootstrap.servers=PLAINTEXT://localhost:32769, connections.max.idle.ms=10000, key.serializer=org.apache.kafka.common.serialization.StringSerializer, client.id=Producer-topic-7cb1b12e_f7e3_4c26_ace5_66b94cd472f0}
2025-09-26 18:14:06,189 INFO  [io.api.tes.ser.api.SimpleSerdesTesterBuilder$SimpleSerdesTester] (main) Using consumer configuration: {}
2025-09-26 18:14:06,189 INFO  [io.api.tes.ser.api.KafkaSerdesTester] (ForkJoinPool.commonPool-worker-2) Sending message {"username": null} to topic topic-7cb1b12e_f7e3_4c26_ace5_66b94cd472f0
2025-09-26 18:14:06,193 WARN  [org.apa.kaf.cli.NetworkClient] (kafka-producer-network-thread | Producer-topic-7cb1b12e_f7e3_4c26_ace5_66b94cd472f0) [Producer clientId=Producer-topic-7cb1b12e_f7e3_4c26_ace5_66b94cd472f0] The metadata response from the cluster reported a recoverable issue with correlation id 1 : {topic-7cb1b12e_f7e3_4c26_ace5_66b94cd472f0=UNKNOWN_TOPIC_OR_PARTITION}
2025-09-26 18:14:06,193 INFO  [org.apa.kaf.cli.Metadata] (kafka-producer-network-thread | Producer-topic-7cb1b12e_f7e3_4c26_ace5_66b94cd472f0) [Producer clientId=Producer-topic-7cb1b12e_f7e3_4c26_ace5_66b94cd472f0] Cluster ID: y_JNGwQJRlem7c5NGbSJCg
2025-09-26 18:14:06,193 INFO  [org.apa.kaf.cli.pro.int.TransactionManager] (kafka-producer-network-thread | Producer-topic-7cb1b12e_f7e3_4c26_ace5_66b94cd472f0) [Producer clientId=Producer-topic-7cb1b12e_f7e3_4c26_ace5_66b94cd472f0] ProducerId set to 23 with epoch 0
2025-09-26 18:14:06,508 INFO  [io.api.tes.ser.api.KafkaSerdesTester] (ForkJoinPool.commonPool-worker-2) Sending message {"username": null} to topic topic-7cb1b12e_f7e3_4c26_ace5_66b94cd472f0
2025-09-26 18:14:06,509 INFO  [io.api.tes.ser.api.KafkaSerdesTester] (ForkJoinPool.commonPool-worker-2) Sending message {"username": "value-2"} to topic topic-7cb1b12e_f7e3_4c26_ace5_66b94cd472f0
2025-09-26 18:14:06,510 INFO  [io.api.tes.ser.api.KafkaSerdesTester] (ForkJoinPool.commonPool-worker-2) Sending message {"username": null} to topic topic-7cb1b12e_f7e3_4c26_ace5_66b94cd472f0
2025-09-26 18:14:06,511 INFO  [io.api.tes.ser.api.KafkaSerdesTester] (ForkJoinPool.commonPool-worker-2) Sending message {"username": "value-4"} to topic topic-7cb1b12e_f7e3_4c26_ace5_66b94cd472f0
2025-09-26 18:14:06,512 INFO  [io.api.tes.ser.api.KafkaSerdesTester] (ForkJoinPool.commonPool-worker-2) Sending message {"username": null} to topic topic-7cb1b12e_f7e3_4c26_ace5_66b94cd472f0
2025-09-26 18:14:06,514 INFO  [io.api.tes.ser.api.KafkaSerdesTester] (ForkJoinPool.commonPool-worker-2) Sending message {"username": "value-6"} to topic topic-7cb1b12e_f7e3_4c26_ace5_66b94cd472f0
2025-09-26 18:14:06,515 INFO  [io.api.tes.ser.api.KafkaSerdesTester] (ForkJoinPool.commonPool-worker-2) Sending message {"username": null} to topic topic-7cb1b12e_f7e3_4c26_ace5_66b94cd472f0
2025-09-26 18:14:06,516 INFO  [io.api.tes.ser.api.KafkaSerdesTester] (ForkJoinPool.commonPool-worker-2) Sending message {"username": "value-8"} to topic topic-7cb1b12e_f7e3_4c26_ace5_66b94cd472f0
2025-09-26 18:14:06,517 INFO  [io.api.tes.ser.api.KafkaSerdesTester] (ForkJoinPool.commonPool-worker-2) Sending message {"username": null} to topic topic-7cb1b12e_f7e3_4c26_ace5_66b94cd472f0
2025-09-26 18:14:06,518 INFO  [io.api.tes.ser.api.KafkaSerdesTester] (ForkJoinPool.commonPool-worker-2) Produced 10 messages
2025-09-26 18:14:06,519 INFO  [org.apa.kaf.cli.pro.KafkaProducer] (ForkJoinPool.commonPool-worker-2) [Producer clientId=Producer-topic-7cb1b12e_f7e3_4c26_ace5_66b94cd472f0] Closing the Kafka producer with timeoutMillis = 9223372036854775807 ms.
2025-09-26 18:14:06,520 INFO  [org.apa.kaf.com.met.Metrics] (ForkJoinPool.commonPool-worker-2) Metrics scheduler closed
2025-09-26 18:14:06,520 INFO  [org.apa.kaf.com.met.Metrics] (ForkJoinPool.commonPool-worker-2) Closing reporter org.apache.kafka.common.metrics.JmxReporter
2025-09-26 18:14:06,520 INFO  [org.apa.kaf.com.met.Metrics] (ForkJoinPool.commonPool-worker-2) Closing reporter org.apache.kafka.common.telemetry.internals.ClientTelemetryReporter
2025-09-26 18:14:06,520 INFO  [org.apa.kaf.com.met.Metrics] (ForkJoinPool.commonPool-worker-2) Metrics reporters closed
2025-09-26 18:14:06,520 INFO  [org.apa.kaf.com.uti.AppInfoParser] (ForkJoinPool.commonPool-worker-2) App info kafka.producer for Producer-topic-7cb1b12e_f7e3_4c26_ace5_66b94cd472f0 unregistered
**** Registry Base URL: http://registry-app-mysql.apps.ci419.apicurio-testing.org:80
2025-09-26 18:14:06,541 INFO  [org.apa.kaf.cli.con.ConsumerConfig] (main) ConsumerConfig values: 
	allow.auto.create.topics = true
	auto.commit.interval.ms = 500
	auto.include.jmx.reporter = true
	auto.offset.reset = earliest
	bootstrap.servers = [PLAINTEXT://localhost:32769]
	check.crcs = true
	client.dns.lookup = use_all_dns_ips
	client.id = consumer-Consumer-topic-7cb1b12e_f7e3_4c26_ace5_66b94cd472f0-17
	client.rack = 
	connections.max.idle.ms = 10000
	default.api.timeout.ms = 60000
	enable.auto.commit = true
	enable.metrics.push = true
	exclude.internal.topics = true
	fetch.max.bytes = 52428800
	fetch.max.wait.ms = 500
	fetch.min.bytes = 1
	group.id = Consumer-topic-7cb1b12e_f7e3_4c26_ace5_66b94cd472f0
	group.instance.id = null
	group.protocol = classic
	group.remote.assignor = null
	heartbeat.interval.ms = 3000
	interceptor.classes = []
	internal.leave.group.on.close = true
	internal.throw.on.fetch.stable.offset.unsupported = false
	isolation.level = read_uncommitted
	key.deserializer = class org.apache.kafka.common.serialization.StringDeserializer
	max.partition.fetch.bytes = 1048576
	max.poll.interval.ms = 300000
	max.poll.records = 500
	metadata.max.age.ms = 300000
	metadata.recovery.strategy = none
	metric.reporters = []
	metrics.num.samples = 2
	metrics.recording.level = INFO
	metrics.sample.window.ms = 30000
	partition.assignment.strategy = [class org.apache.kafka.clients.consumer.RangeAssignor, class org.apache.kafka.clients.consumer.CooperativeStickyAssignor]
	receive.buffer.bytes = 65536
	reconnect.backoff.max.ms = 1000
	reconnect.backoff.ms = 50
	request.timeout.ms = 5000
	retry.backoff.max.ms = 1000
	retry.backoff.ms = 100
	sasl.client.callback.handler.class = null
	sasl.jaas.config = null
	sasl.kerberos.kinit.cmd = /usr/bin/kinit
	sasl.kerberos.min.time.before.relogin = 60000
	sasl.kerberos.service.name = null
	sasl.kerberos.ticket.renew.jitter = 0.05
	sasl.kerberos.ticket.renew.window.factor = 0.8
	sasl.login.callback.handler.class = null
	sasl.login.class = null
	sasl.login.connect.timeout.ms = null
	sasl.login.read.timeout.ms = null
	sasl.login.refresh.buffer.seconds = 300
	sasl.login.refresh.min.period.seconds = 60
	sasl.login.refresh.window.factor = 0.8
	sasl.login.refresh.window.jitter = 0.05
	sasl.login.retry.backoff.max.ms = 10000
	sasl.login.retry.backoff.ms = 100
	sasl.mechanism = GSSAPI
	sasl.oauthbearer.clock.skew.seconds = 30
	sasl.oauthbearer.expected.audience = null
	sasl.oauthbearer.expected.issuer = null
	sasl.oauthbearer.header.urlencode = false
	sasl.oauthbearer.jwks.endpoint.refresh.ms = 3600000
	sasl.oauthbearer.jwks.endpoint.retry.backoff.max.ms = 10000
	sasl.oauthbearer.jwks.endpoint.retry.backoff.ms = 100
	sasl.oauthbearer.jwks.endpoint.url = null
	sasl.oauthbearer.scope.claim.name = scope
	sasl.oauthbearer.sub.claim.name = sub
	sasl.oauthbearer.token.endpoint.url = null
	security.protocol = PLAINTEXT
	security.providers = null
	send.buffer.bytes = 131072
	session.timeout.ms = 45000
	socket.connection.setup.timeout.max.ms = 30000
	socket.connection.setup.timeout.ms = 10000
	ssl.cipher.suites = null
	ssl.enabled.protocols = [TLSv1.2, TLSv1.3]
	ssl.endpoint.identification.algorithm = https
	ssl.engine.factory.class = null
	ssl.key.password = null
	ssl.keymanager.algorithm = SunX509
	ssl.keystore.certificate.chain = null
	ssl.keystore.key = null
	ssl.keystore.location = null
	ssl.keystore.password = null
	ssl.keystore.type = JKS
	ssl.protocol = TLSv1.3
	ssl.provider = null
	ssl.secure.random.implementation = null
	ssl.trustmanager.algorithm = PKIX
	ssl.truststore.certificates = null
	ssl.truststore.location = null
	ssl.truststore.password = null
	ssl.truststore.type = JKS
	value.deserializer = class io.apicurio.registry.serde.avro.AvroKafkaDeserializer

2025-09-26 18:14:06,541 INFO  [org.apa.kaf.com.tel.int.KafkaMetricsCollector] (main) initializing Kafka metrics collector
2025-09-26 18:14:06,545 INFO  [org.apa.kaf.cli.con.ConsumerConfig] (main) These configurations '[apicurio.registry.url]' were supplied but are not used yet.
2025-09-26 18:14:06,545 INFO  [org.apa.kaf.com.uti.AppInfoParser] (main) Kafka version: 3.9.1
2025-09-26 18:14:06,545 INFO  [org.apa.kaf.com.uti.AppInfoParser] (main) Kafka commitId: f745dfdcee2b9851
2025-09-26 18:14:06,545 INFO  [org.apa.kaf.com.uti.AppInfoParser] (main) Kafka startTimeMs: 1758910446545
2025-09-26 18:14:06,545 INFO  [org.apa.kaf.cli.con.int.ClassicKafkaConsumer] (ForkJoinPool.commonPool-worker-2) [Consumer clientId=consumer-Consumer-topic-7cb1b12e_f7e3_4c26_ace5_66b94cd472f0-17, groupId=Consumer-topic-7cb1b12e_f7e3_4c26_ace5_66b94cd472f0] Subscribed to topic(s): topic-7cb1b12e_f7e3_4c26_ace5_66b94cd472f0
2025-09-26 18:14:06,548 INFO  [org.apa.kaf.cli.Metadata] (ForkJoinPool.commonPool-worker-2) [Consumer clientId=consumer-Consumer-topic-7cb1b12e_f7e3_4c26_ace5_66b94cd472f0-17, groupId=Consumer-topic-7cb1b12e_f7e3_4c26_ace5_66b94cd472f0] Cluster ID: y_JNGwQJRlem7c5NGbSJCg
2025-09-26 18:14:06,548 INFO  [org.apa.kaf.cli.con.int.ConsumerCoordinator] (ForkJoinPool.commonPool-worker-2) [Consumer clientId=consumer-Consumer-topic-7cb1b12e_f7e3_4c26_ace5_66b94cd472f0-17, groupId=Consumer-topic-7cb1b12e_f7e3_4c26_ace5_66b94cd472f0] Discovered group coordinator localhost:32769 (id: 2147483647 rack: null)
2025-09-26 18:14:06,549 INFO  [org.apa.kaf.cli.con.int.ConsumerCoordinator] (ForkJoinPool.commonPool-worker-2) [Consumer clientId=consumer-Consumer-topic-7cb1b12e_f7e3_4c26_ace5_66b94cd472f0-17, groupId=Consumer-topic-7cb1b12e_f7e3_4c26_ace5_66b94cd472f0] (Re-)joining group
2025-09-26 18:14:06,550 INFO  [org.apa.kaf.cli.con.int.ConsumerCoordinator] (ForkJoinPool.commonPool-worker-2) [Consumer clientId=consumer-Consumer-topic-7cb1b12e_f7e3_4c26_ace5_66b94cd472f0-17, groupId=Consumer-topic-7cb1b12e_f7e3_4c26_ace5_66b94cd472f0] Request joining group due to: need to re-join with the given member-id: consumer-Consumer-topic-7cb1b12e_f7e3_4c26_ace5_66b94cd472f0-17-1f883112-3796-45e1-911b-4c844475d64c
2025-09-26 18:14:06,550 INFO  [org.apa.kaf.cli.con.int.ConsumerCoordinator] (ForkJoinPool.commonPool-worker-2) [Consumer clientId=consumer-Consumer-topic-7cb1b12e_f7e3_4c26_ace5_66b94cd472f0-17, groupId=Consumer-topic-7cb1b12e_f7e3_4c26_ace5_66b94cd472f0] (Re-)joining group
2025-09-26 18:14:07,545 INFO  [io.api.tes.ser.api.KafkaSerdesTester] (ForkJoinPool.commonPool-worker-2) None found
2025-09-26 18:14:08,545 INFO  [io.api.tes.ser.api.KafkaSerdesTester] (ForkJoinPool.commonPool-worker-2) None found
2025-09-26 18:14:09,545 INFO  [io.api.tes.ser.api.KafkaSerdesTester] (ForkJoinPool.commonPool-worker-2) None found
2025-09-26 18:14:09,552 INFO  [org.apa.kaf.cli.con.int.ConsumerCoordinator] (ForkJoinPool.commonPool-worker-2) [Consumer clientId=consumer-Consumer-topic-7cb1b12e_f7e3_4c26_ace5_66b94cd472f0-17, groupId=Consumer-topic-7cb1b12e_f7e3_4c26_ace5_66b94cd472f0] Successfully joined group with generation Generation{generationId=1, memberId='consumer-Consumer-topic-7cb1b12e_f7e3_4c26_ace5_66b94cd472f0-17-1f883112-3796-45e1-911b-4c844475d64c', protocol='range'}
2025-09-26 18:14:09,552 INFO  [org.apa.kaf.cli.con.int.ConsumerCoordinator] (ForkJoinPool.commonPool-worker-2) [Consumer clientId=consumer-Consumer-topic-7cb1b12e_f7e3_4c26_ace5_66b94cd472f0-17, groupId=Consumer-topic-7cb1b12e_f7e3_4c26_ace5_66b94cd472f0] Finished assignment for group at generation 1: {consumer-Consumer-topic-7cb1b12e_f7e3_4c26_ace5_66b94cd472f0-17-1f883112-3796-45e1-911b-4c844475d64c=Assignment(partitions=[topic-7cb1b12e_f7e3_4c26_ace5_66b94cd472f0-0])}
2025-09-26 18:14:09,559 INFO  [org.apa.kaf.cli.con.int.ConsumerCoordinator] (ForkJoinPool.commonPool-worker-2) [Consumer clientId=consumer-Consumer-topic-7cb1b12e_f7e3_4c26_ace5_66b94cd472f0-17, groupId=Consumer-topic-7cb1b12e_f7e3_4c26_ace5_66b94cd472f0] Successfully synced group in generation Generation{generationId=1, memberId='consumer-Consumer-topic-7cb1b12e_f7e3_4c26_ace5_66b94cd472f0-17-1f883112-3796-45e1-911b-4c844475d64c', protocol='range'}
2025-09-26 18:14:09,559 INFO  [org.apa.kaf.cli.con.int.ConsumerCoordinator] (ForkJoinPool.commonPool-worker-2) [Consumer clientId=consumer-Consumer-topic-7cb1b12e_f7e3_4c26_ace5_66b94cd472f0-17, groupId=Consumer-topic-7cb1b12e_f7e3_4c26_ace5_66b94cd472f0] Notifying assignor about the new Assignment(partitions=[topic-7cb1b12e_f7e3_4c26_ace5_66b94cd472f0-0])
2025-09-26 18:14:09,559 INFO  [org.apa.kaf.cli.con.int.ConsumerRebalanceListenerInvoker] (ForkJoinPool.commonPool-worker-2) [Consumer clientId=consumer-Consumer-topic-7cb1b12e_f7e3_4c26_ace5_66b94cd472f0-17, groupId=Consumer-topic-7cb1b12e_f7e3_4c26_ace5_66b94cd472f0] Adding newly assigned partitions: topic-7cb1b12e_f7e3_4c26_ace5_66b94cd472f0-0
2025-09-26 18:14:09,560 INFO  [org.apa.kaf.cli.con.int.ConsumerCoordinator] (ForkJoinPool.commonPool-worker-2) [Consumer clientId=consumer-Consumer-topic-7cb1b12e_f7e3_4c26_ace5_66b94cd472f0-17, groupId=Consumer-topic-7cb1b12e_f7e3_4c26_ace5_66b94cd472f0] Found no committed offset for partition topic-7cb1b12e_f7e3_4c26_ace5_66b94cd472f0-0
2025-09-26 18:14:09,563 INFO  [org.apa.kaf.cli.con.int.SubscriptionState] (ForkJoinPool.commonPool-worker-2) [Consumer clientId=consumer-Consumer-topic-7cb1b12e_f7e3_4c26_ace5_66b94cd472f0-17, groupId=Consumer-topic-7cb1b12e_f7e3_4c26_ace5_66b94cd472f0] Resetting offset for partition topic-7cb1b12e_f7e3_4c26_ace5_66b94cd472f0-0 to position FetchPosition{offset=0, offsetEpoch=Optional.empty, currentLeader=LeaderAndEpoch{leader=Optional[localhost:32769 (id: 0 rack: null)], epoch=0}}.
2025-09-26 18:14:09,598 INFO  [io.api.tes.ser.api.KafkaSerdesTester] (ForkJoinPool.commonPool-worker-2) topic-7cb1b12e_f7e3_4c26_ace5_66b94cd472f0 0 0 {"username": null}
2025-09-26 18:14:09,598 INFO  [io.api.tes.ser.api.KafkaSerdesTester] (ForkJoinPool.commonPool-worker-2) topic-7cb1b12e_f7e3_4c26_ace5_66b94cd472f0 0 1 {"username": null}
2025-09-26 18:14:09,598 INFO  [io.api.tes.ser.api.KafkaSerdesTester] (ForkJoinPool.commonPool-worker-2) topic-7cb1b12e_f7e3_4c26_ace5_66b94cd472f0 0 2 {"username": "value-2"}
2025-09-26 18:14:09,598 INFO  [io.api.tes.ser.api.KafkaSerdesTester] (ForkJoinPool.commonPool-worker-2) topic-7cb1b12e_f7e3_4c26_ace5_66b94cd472f0 0 3 {"username": null}
2025-09-26 18:14:09,598 INFO  [io.api.tes.ser.api.KafkaSerdesTester] (ForkJoinPool.commonPool-worker-2) topic-7cb1b12e_f7e3_4c26_ace5_66b94cd472f0 0 4 {"username": "value-4"}
2025-09-26 18:14:09,598 INFO  [io.api.tes.ser.api.KafkaSerdesTester] (ForkJoinPool.commonPool-worker-2) topic-7cb1b12e_f7e3_4c26_ace5_66b94cd472f0 0 5 {"username": null}
2025-09-26 18:14:09,598 INFO  [io.api.tes.ser.api.KafkaSerdesTester] (ForkJoinPool.commonPool-worker-2) topic-7cb1b12e_f7e3_4c26_ace5_66b94cd472f0 0 6 {"username": "value-6"}
2025-09-26 18:14:09,598 INFO  [io.api.tes.ser.api.KafkaSerdesTester] (ForkJoinPool.commonPool-worker-2) topic-7cb1b12e_f7e3_4c26_ace5_66b94cd472f0 0 7 {"username": null}
2025-09-26 18:14:09,598 INFO  [io.api.tes.ser.api.KafkaSerdesTester] (ForkJoinPool.commonPool-worker-2) topic-7cb1b12e_f7e3_4c26_ace5_66b94cd472f0 0 8 {"username": "value-8"}
2025-09-26 18:14:09,598 INFO  [io.api.tes.ser.api.KafkaSerdesTester] (ForkJoinPool.commonPool-worker-2) topic-7cb1b12e_f7e3_4c26_ace5_66b94cd472f0 0 9 {"username": null}
2025-09-26 18:14:09,598 INFO  [io.api.tes.ser.api.KafkaSerdesTester] (ForkJoinPool.commonPool-worker-2) Consumed 10 messages
2025-09-26 18:14:09,605 INFO  [org.apa.kaf.cli.con.int.ConsumerRebalanceListenerInvoker] (ForkJoinPool.commonPool-worker-2) [Consumer clientId=consumer-Consumer-topic-7cb1b12e_f7e3_4c26_ace5_66b94cd472f0-17, groupId=Consumer-topic-7cb1b12e_f7e3_4c26_ace5_66b94cd472f0] Revoke previously assigned partitions topic-7cb1b12e_f7e3_4c26_ace5_66b94cd472f0-0
2025-09-26 18:14:09,605 INFO  [org.apa.kaf.cli.con.int.ConsumerCoordinator] (ForkJoinPool.commonPool-worker-2) [Consumer clientId=consumer-Consumer-topic-7cb1b12e_f7e3_4c26_ace5_66b94cd472f0-17, groupId=Consumer-topic-7cb1b12e_f7e3_4c26_ace5_66b94cd472f0] Member consumer-Consumer-topic-7cb1b12e_f7e3_4c26_ace5_66b94cd472f0-17-1f883112-3796-45e1-911b-4c844475d64c sending LeaveGroup request to coordinator localhost:32769 (id: 2147483647 rack: null) due to the consumer is being closed
2025-09-26 18:14:09,605 INFO  [org.apa.kaf.cli.con.int.ConsumerCoordinator] (ForkJoinPool.commonPool-worker-2) [Consumer clientId=consumer-Consumer-topic-7cb1b12e_f7e3_4c26_ace5_66b94cd472f0-17, groupId=Consumer-topic-7cb1b12e_f7e3_4c26_ace5_66b94cd472f0] Resetting generation and member id due to: consumer pro-actively leaving the group
2025-09-26 18:14:09,605 INFO  [org.apa.kaf.cli.con.int.ConsumerCoordinator] (ForkJoinPool.commonPool-worker-2) [Consumer clientId=consumer-Consumer-topic-7cb1b12e_f7e3_4c26_ace5_66b94cd472f0-17, groupId=Consumer-topic-7cb1b12e_f7e3_4c26_ace5_66b94cd472f0] Request joining group due to: consumer pro-actively leaving the group
2025-09-26 18:14:10,099 INFO  [org.apa.kaf.com.met.Metrics] (ForkJoinPool.commonPool-worker-2) Metrics scheduler closed
2025-09-26 18:14:10,099 INFO  [org.apa.kaf.com.met.Metrics] (ForkJoinPool.commonPool-worker-2) Closing reporter org.apache.kafka.common.metrics.JmxReporter
2025-09-26 18:14:10,099 INFO  [org.apa.kaf.com.met.Metrics] (ForkJoinPool.commonPool-worker-2) Closing reporter org.apache.kafka.common.telemetry.internals.ClientTelemetryReporter
2025-09-26 18:14:10,099 INFO  [org.apa.kaf.com.met.Metrics] (ForkJoinPool.commonPool-worker-2) Metrics reporters closed
2025-09-26 18:14:10,101 INFO  [org.apa.kaf.com.uti.AppInfoParser] (ForkJoinPool.commonPool-worker-2) App info kafka.consumer for consumer-Consumer-topic-7cb1b12e_f7e3_4c26_ace5_66b94cd472f0-17 unregistered
2025-09-26 18:14:10,101 INFO  [io.api.tes.uti.TestSeparator] (main) io.apicurio.tests.serdes.apicurio.AvroSerdeIT.testFirstEmptyFieldConfusedAsMagicByte-FINISHED
2025-09-26 18:14:10,101 INFO  [io.api.tes.uti.TestSeparator] (main) ############################################################################
Test passed: testFirstEmptyFieldConfusedAsMagicByte
]]></system-out>
  </testcase>
  <testcase name="testAvroSerDesFailDifferentSchemaByContent" classname="io.apicurio.tests.serdes.apicurio.AvroSerdeIT" time="1.086">
    <system-out><![CDATA[2025-09-26 18:14:10,103 INFO  [io.api.tes.uti.TestSeparator] (main) ############################################################################
2025-09-26 18:14:10,103 INFO  [io.api.tes.uti.TestSeparator] (main) io.apicurio.tests.serdes.apicurio.AvroSerdeIT.testAvroSerDesFailDifferentSchemaByContent-STARTED
**** Registry Base URL: http://registry-app-mysql.apps.ci419.apicurio-testing.org:80
2025-09-26 18:14:11,148 INFO  [org.apa.kaf.cli.pro.ProducerConfig] (main) ProducerConfig values: 
	acks = -1
	auto.include.jmx.reporter = true
	batch.size = 16384
	bootstrap.servers = [PLAINTEXT://localhost:32769]
	buffer.memory = 33554432
	client.dns.lookup = use_all_dns_ips
	client.id = Producer-topic-ac09e7ec_9d51_454a_8530_3168d45fb042
	compression.gzip.level = -1
	compression.lz4.level = 9
	compression.type = none
	compression.zstd.level = 3
	connections.max.idle.ms = 10000
	delivery.timeout.ms = 120000
	enable.idempotence = true
	enable.metrics.push = true
	interceptor.classes = []
	key.serializer = class org.apache.kafka.common.serialization.StringSerializer
	linger.ms = 0
	max.block.ms = 60000
	max.in.flight.requests.per.connection = 5
	max.request.size = 1048576
	metadata.max.age.ms = 300000
	metadata.max.idle.ms = 300000
	metadata.recovery.strategy = none
	metric.reporters = []
	metrics.num.samples = 2
	metrics.recording.level = INFO
	metrics.sample.window.ms = 30000
	partitioner.adaptive.partitioning.enable = true
	partitioner.availability.timeout.ms = 0
	partitioner.class = null
	partitioner.ignore.keys = false
	receive.buffer.bytes = 32768
	reconnect.backoff.max.ms = 1000
	reconnect.backoff.ms = 50
	request.timeout.ms = 5000
	retries = 2147483647
	retry.backoff.max.ms = 1000
	retry.backoff.ms = 100
	sasl.client.callback.handler.class = null
	sasl.jaas.config = null
	sasl.kerberos.kinit.cmd = /usr/bin/kinit
	sasl.kerberos.min.time.before.relogin = 60000
	sasl.kerberos.service.name = null
	sasl.kerberos.ticket.renew.jitter = 0.05
	sasl.kerberos.ticket.renew.window.factor = 0.8
	sasl.login.callback.handler.class = null
	sasl.login.class = null
	sasl.login.connect.timeout.ms = null
	sasl.login.read.timeout.ms = null
	sasl.login.refresh.buffer.seconds = 300
	sasl.login.refresh.min.period.seconds = 60
	sasl.login.refresh.window.factor = 0.8
	sasl.login.refresh.window.jitter = 0.05
	sasl.login.retry.backoff.max.ms = 10000
	sasl.login.retry.backoff.ms = 100
	sasl.mechanism = GSSAPI
	sasl.oauthbearer.clock.skew.seconds = 30
	sasl.oauthbearer.expected.audience = null
	sasl.oauthbearer.expected.issuer = null
	sasl.oauthbearer.header.urlencode = false
	sasl.oauthbearer.jwks.endpoint.refresh.ms = 3600000
	sasl.oauthbearer.jwks.endpoint.retry.backoff.max.ms = 10000
	sasl.oauthbearer.jwks.endpoint.retry.backoff.ms = 100
	sasl.oauthbearer.jwks.endpoint.url = null
	sasl.oauthbearer.scope.claim.name = scope
	sasl.oauthbearer.sub.claim.name = sub
	sasl.oauthbearer.token.endpoint.url = null
	security.protocol = PLAINTEXT
	security.providers = null
	send.buffer.bytes = 131072
	socket.connection.setup.timeout.max.ms = 30000
	socket.connection.setup.timeout.ms = 10000
	ssl.cipher.suites = null
	ssl.enabled.protocols = [TLSv1.2, TLSv1.3]
	ssl.endpoint.identification.algorithm = https
	ssl.engine.factory.class = null
	ssl.key.password = null
	ssl.keymanager.algorithm = SunX509
	ssl.keystore.certificate.chain = null
	ssl.keystore.key = null
	ssl.keystore.location = null
	ssl.keystore.password = null
	ssl.keystore.type = JKS
	ssl.protocol = TLSv1.3
	ssl.provider = null
	ssl.secure.random.implementation = null
	ssl.trustmanager.algorithm = PKIX
	ssl.truststore.certificates = null
	ssl.truststore.location = null
	ssl.truststore.password = null
	ssl.truststore.type = JKS
	transaction.timeout.ms = 60000
	transactional.id = null
	value.serializer = class io.apicurio.registry.serde.avro.AvroKafkaSerializer

2025-09-26 18:14:11,149 INFO  [org.apa.kaf.com.tel.int.KafkaMetricsCollector] (main) initializing Kafka metrics collector
2025-09-26 18:14:11,152 INFO  [org.apa.kaf.cli.pro.KafkaProducer] (main) [Producer clientId=Producer-topic-ac09e7ec_9d51_454a_8530_3168d45fb042] Instantiated an idempotent producer.
2025-09-26 18:14:11,154 INFO  [org.apa.kaf.cli.pro.ProducerConfig] (main) These configurations '[apicurio.registry.url, apicurio.registry.artifact-resolver-strategy]' were supplied but are not used yet.
2025-09-26 18:14:11,154 INFO  [org.apa.kaf.com.uti.AppInfoParser] (main) Kafka version: 3.9.1
2025-09-26 18:14:11,154 INFO  [org.apa.kaf.com.uti.AppInfoParser] (main) Kafka commitId: f745dfdcee2b9851
2025-09-26 18:14:11,154 INFO  [org.apa.kaf.com.uti.AppInfoParser] (main) Kafka startTimeMs: 1758910451154
2025-09-26 18:14:11,154 INFO  [io.api.tes.ser.api.KafkaSerdesTester] (ForkJoinPool.commonPool-worker-2) Sending message {"keyB": "value-0"} to topic topic-ac09e7ec_9d51_454a_8530_3168d45fb042
2025-09-26 18:14:11,157 INFO  [org.apa.kaf.cli.Metadata] (kafka-producer-network-thread | Producer-topic-ac09e7ec_9d51_454a_8530_3168d45fb042) [Producer clientId=Producer-topic-ac09e7ec_9d51_454a_8530_3168d45fb042] Cluster ID: y_JNGwQJRlem7c5NGbSJCg
2025-09-26 18:14:11,158 INFO  [org.apa.kaf.cli.pro.int.TransactionManager] (kafka-producer-network-thread | Producer-topic-ac09e7ec_9d51_454a_8530_3168d45fb042) [Producer clientId=Producer-topic-ac09e7ec_9d51_454a_8530_3168d45fb042] ProducerId set to 24 with epoch 0
2025-09-26 18:14:11,158 INFO  [DefaultSchemaResolver] (ForkJoinPool.commonPool-worker-2) Retrieving schema content using string: {"type":"record","name":"s9390a175xfaccx4289x9ab9x228ea5bfd533","namespace":"sa7df4498x64d0x470fx924dx4c93a157c6c0","fields":[{"name":"keyB","type":"string"}]}
2025-09-26 18:14:11,185 INFO  [org.apa.kaf.cli.pro.KafkaProducer] (ForkJoinPool.commonPool-worker-2) [Producer clientId=Producer-topic-ac09e7ec_9d51_454a_8530_3168d45fb042] Closing the Kafka producer with timeoutMillis = 9223372036854775807 ms.
2025-09-26 18:14:11,186 INFO  [org.apa.kaf.com.met.Metrics] (ForkJoinPool.commonPool-worker-2) Metrics scheduler closed
2025-09-26 18:14:11,187 INFO  [org.apa.kaf.com.met.Metrics] (ForkJoinPool.commonPool-worker-2) Closing reporter org.apache.kafka.common.metrics.JmxReporter
2025-09-26 18:14:11,187 INFO  [org.apa.kaf.com.met.Metrics] (ForkJoinPool.commonPool-worker-2) Closing reporter org.apache.kafka.common.telemetry.internals.ClientTelemetryReporter
2025-09-26 18:14:11,187 INFO  [org.apa.kaf.com.met.Metrics] (ForkJoinPool.commonPool-worker-2) Metrics reporters closed
2025-09-26 18:14:11,187 INFO  [org.apa.kaf.com.uti.AppInfoParser] (ForkJoinPool.commonPool-worker-2) App info kafka.producer for Producer-topic-ac09e7ec_9d51_454a_8530_3168d45fb042 unregistered
2025-09-26 18:14:11,187 INFO  [io.api.tes.uti.TestSeparator] (main) io.apicurio.tests.serdes.apicurio.AvroSerdeIT.testAvroSerDesFailDifferentSchemaByContent-FINISHED
2025-09-26 18:14:11,187 INFO  [io.api.tes.uti.TestSeparator] (main) ############################################################################
Test passed: testAvroSerDesFailDifferentSchemaByContent
]]></system-out>
    <system-err><![CDATA[java.lang.RuntimeException: Could not resolve artifact reference by content: {"type":"record","name":"s9390a175xfaccx4289x9ab9x228ea5bfd533","namespace":"sa7df4498x64d0x470fx924dx4c93a157c6c0","fields":[{"name":"keyB","type":"string"}]}&ArtifactReference [groupId=sa7df4498x64d0x470fx924dx4c93a157c6c0, artifactId=s9390a175xfaccx4289x9ab9x228ea5bfd533, version=null, globalId=null, contentId=null, contentHash=null]
	at io.apicurio.registry.resolver.DefaultSchemaResolver.lambda$handleResolveSchemaByContent$3(DefaultSchemaResolver.java:265)
	at io.apicurio.registry.resolver.cache.ERCache.lambda$getValue$0(ERCache.java:174)
	at io.apicurio.registry.resolver.cache.ERCache.retry(ERCache.java:227)
	at io.apicurio.registry.resolver.cache.ERCache.getValue(ERCache.java:173)
	at io.apicurio.registry.resolver.cache.ERCache.getByContent(ERCache.java:147)
	at io.apicurio.registry.resolver.DefaultSchemaResolver.handleResolveSchemaByContent(DefaultSchemaResolver.java:253)
	at io.apicurio.registry.resolver.DefaultSchemaResolver.getSchemaFromRegistry(DefaultSchemaResolver.java:138)
	at io.apicurio.registry.resolver.DefaultSchemaResolver.lambda$resolveSchema$0(DefaultSchemaResolver.java:84)
	at java.base/java.util.Optional.orElseGet(Optional.java:364)
	at io.apicurio.registry.resolver.DefaultSchemaResolver.resolveSchema(DefaultSchemaResolver.java:84)
	at io.apicurio.registry.serde.AbstractSerializer.serializeData(AbstractSerializer.java:62)
	at io.apicurio.registry.serde.KafkaSerializer.serialize(KafkaSerializer.java:77)
	at org.apache.kafka.clients.producer.KafkaProducer.doSend(KafkaProducer.java:1046)
	at org.apache.kafka.clients.producer.KafkaProducer.send(KafkaProducer.java:993)
	at org.apache.kafka.clients.producer.KafkaProducer.send(KafkaProducer.java:875)
	at io.apicurio.tests.serdes.apicurio.KafkaSerdesTester.lambda$produceMessages$3(KafkaSerdesTester.java:138)
	at java.base/java.util.concurrent.CompletableFuture$AsyncSupply.run(CompletableFuture.java:1768)
	at java.base/java.util.concurrent.CompletableFuture$AsyncSupply.exec(CompletableFuture.java:1760)
	at java.base/java.util.concurrent.ForkJoinTask.doExec(ForkJoinTask.java:373)
	at java.base/java.util.concurrent.ForkJoinPool$WorkQueue.topLevelExec(ForkJoinPool.java:1182)
	at java.base/java.util.concurrent.ForkJoinPool.scan(ForkJoinPool.java:1655)
	at java.base/java.util.concurrent.ForkJoinPool.runWorker(ForkJoinPool.java:1622)
	at java.base/java.util.concurrent.ForkJoinWorkerThread.run(ForkJoinWorkerThread.java:165)
]]></system-err>
  </testcase>
  <testcase name="testGlobalIdInBody" classname="io.apicurio.tests.serdes.apicurio.AvroSerdeIT" time="3.77">
    <system-out><![CDATA[2025-09-26 18:14:11,189 INFO  [io.api.tes.uti.TestSeparator] (main) ############################################################################
2025-09-26 18:14:11,189 INFO  [io.api.tes.uti.TestSeparator] (main) io.apicurio.tests.serdes.apicurio.AvroSerdeIT.testGlobalIdInBody-STARTED
**** Registry Base URL: http://registry-app-mysql.apps.ci419.apicurio-testing.org:80
2025-09-26 18:14:11,191 INFO  [org.apa.kaf.cli.pro.ProducerConfig] (main) ProducerConfig values: 
	acks = -1
	auto.include.jmx.reporter = true
	batch.size = 16384
	bootstrap.servers = [PLAINTEXT://localhost:32769]
	buffer.memory = 33554432
	client.dns.lookup = use_all_dns_ips
	client.id = Producer-topic-b0aca483_6c67_4848_8fb8_c9ae9b10882e
	compression.gzip.level = -1
	compression.lz4.level = 9
	compression.type = none
	compression.zstd.level = 3
	connections.max.idle.ms = 10000
	delivery.timeout.ms = 120000
	enable.idempotence = true
	enable.metrics.push = true
	interceptor.classes = []
	key.serializer = class org.apache.kafka.common.serialization.StringSerializer
	linger.ms = 0
	max.block.ms = 60000
	max.in.flight.requests.per.connection = 5
	max.request.size = 1048576
	metadata.max.age.ms = 300000
	metadata.max.idle.ms = 300000
	metadata.recovery.strategy = none
	metric.reporters = []
	metrics.num.samples = 2
	metrics.recording.level = INFO
	metrics.sample.window.ms = 30000
	partitioner.adaptive.partitioning.enable = true
	partitioner.availability.timeout.ms = 0
	partitioner.class = null
	partitioner.ignore.keys = false
	receive.buffer.bytes = 32768
	reconnect.backoff.max.ms = 1000
	reconnect.backoff.ms = 50
	request.timeout.ms = 5000
	retries = 2147483647
	retry.backoff.max.ms = 1000
	retry.backoff.ms = 100
	sasl.client.callback.handler.class = null
	sasl.jaas.config = null
	sasl.kerberos.kinit.cmd = /usr/bin/kinit
	sasl.kerberos.min.time.before.relogin = 60000
	sasl.kerberos.service.name = null
	sasl.kerberos.ticket.renew.jitter = 0.05
	sasl.kerberos.ticket.renew.window.factor = 0.8
	sasl.login.callback.handler.class = null
	sasl.login.class = null
	sasl.login.connect.timeout.ms = null
	sasl.login.read.timeout.ms = null
	sasl.login.refresh.buffer.seconds = 300
	sasl.login.refresh.min.period.seconds = 60
	sasl.login.refresh.window.factor = 0.8
	sasl.login.refresh.window.jitter = 0.05
	sasl.login.retry.backoff.max.ms = 10000
	sasl.login.retry.backoff.ms = 100
	sasl.mechanism = GSSAPI
	sasl.oauthbearer.clock.skew.seconds = 30
	sasl.oauthbearer.expected.audience = null
	sasl.oauthbearer.expected.issuer = null
	sasl.oauthbearer.header.urlencode = false
	sasl.oauthbearer.jwks.endpoint.refresh.ms = 3600000
	sasl.oauthbearer.jwks.endpoint.retry.backoff.max.ms = 10000
	sasl.oauthbearer.jwks.endpoint.retry.backoff.ms = 100
	sasl.oauthbearer.jwks.endpoint.url = null
	sasl.oauthbearer.scope.claim.name = scope
	sasl.oauthbearer.sub.claim.name = sub
	sasl.oauthbearer.token.endpoint.url = null
	security.protocol = PLAINTEXT
	security.providers = null
	send.buffer.bytes = 131072
	socket.connection.setup.timeout.max.ms = 30000
	socket.connection.setup.timeout.ms = 10000
	ssl.cipher.suites = null
	ssl.enabled.protocols = [TLSv1.2, TLSv1.3]
	ssl.endpoint.identification.algorithm = https
	ssl.engine.factory.class = null
	ssl.key.password = null
	ssl.keymanager.algorithm = SunX509
	ssl.keystore.certificate.chain = null
	ssl.keystore.key = null
	ssl.keystore.location = null
	ssl.keystore.password = null
	ssl.keystore.type = JKS
	ssl.protocol = TLSv1.3
	ssl.provider = null
	ssl.secure.random.implementation = null
	ssl.trustmanager.algorithm = PKIX
	ssl.truststore.certificates = null
	ssl.truststore.location = null
	ssl.truststore.password = null
	ssl.truststore.type = JKS
	transaction.timeout.ms = 60000
	transactional.id = null
	value.serializer = class io.apicurio.registry.serde.avro.AvroKafkaSerializer

2025-09-26 18:14:11,192 INFO  [org.apa.kaf.com.tel.int.KafkaMetricsCollector] (main) initializing Kafka metrics collector
2025-09-26 18:14:11,195 INFO  [org.apa.kaf.cli.pro.KafkaProducer] (main) [Producer clientId=Producer-topic-b0aca483_6c67_4848_8fb8_c9ae9b10882e] Instantiated an idempotent producer.
2025-09-26 18:14:11,196 INFO  [org.apa.kaf.cli.pro.ProducerConfig] (main) These configurations '[apicurio.registry.url, apicurio.registry.auto-register, apicurio.registry.use-id, apicurio.registry.artifact-resolver-strategy]' were supplied but are not used yet.
2025-09-26 18:14:11,196 INFO  [org.apa.kaf.com.uti.AppInfoParser] (main) Kafka version: 3.9.1
2025-09-26 18:14:11,196 INFO  [org.apa.kaf.com.uti.AppInfoParser] (main) Kafka commitId: f745dfdcee2b9851
2025-09-26 18:14:11,196 INFO  [org.apa.kaf.com.uti.AppInfoParser] (main) Kafka startTimeMs: 1758910451196
2025-09-26 18:14:11,197 INFO  [io.api.tes.ser.api.SimpleSerdesTesterBuilder$SimpleSerdesTester] (main) Using producer configuration: {apicurio.registry.url=http://registry-app-mysql.apps.ci419.apicurio-testing.org:80/apis/registry/v3, apicurio.registry.auto-register=true, apicurio.registry.use-id=globalId, apicurio.registry.artifact-resolver-strategy=io.apicurio.registry.serde.strategy.TopicIdStrategy, value.serializer=io.apicurio.registry.serde.avro.AvroKafkaSerializer, request.timeout.ms=5000, acks=all, bootstrap.servers=PLAINTEXT://localhost:32769, connections.max.idle.ms=10000, key.serializer=org.apache.kafka.common.serialization.StringSerializer, client.id=Producer-topic-b0aca483_6c67_4848_8fb8_c9ae9b10882e}
2025-09-26 18:14:11,197 INFO  [io.api.tes.ser.api.SimpleSerdesTesterBuilder$SimpleSerdesTester] (main) Using consumer configuration: {apicurio.registry.use-id=globalId}
2025-09-26 18:14:11,197 INFO  [io.api.tes.ser.api.KafkaSerdesTester] (ForkJoinPool.commonPool-worker-2) Sending message {"key11758910451189": "value-0"} to topic topic-b0aca483_6c67_4848_8fb8_c9ae9b10882e
2025-09-26 18:14:11,200 WARN  [org.apa.kaf.cli.NetworkClient] (kafka-producer-network-thread | Producer-topic-b0aca483_6c67_4848_8fb8_c9ae9b10882e) [Producer clientId=Producer-topic-b0aca483_6c67_4848_8fb8_c9ae9b10882e] The metadata response from the cluster reported a recoverable issue with correlation id 1 : {topic-b0aca483_6c67_4848_8fb8_c9ae9b10882e=UNKNOWN_TOPIC_OR_PARTITION}
2025-09-26 18:14:11,200 INFO  [org.apa.kaf.cli.Metadata] (kafka-producer-network-thread | Producer-topic-b0aca483_6c67_4848_8fb8_c9ae9b10882e) [Producer clientId=Producer-topic-b0aca483_6c67_4848_8fb8_c9ae9b10882e] Cluster ID: y_JNGwQJRlem7c5NGbSJCg
2025-09-26 18:14:11,200 INFO  [org.apa.kaf.cli.pro.int.TransactionManager] (kafka-producer-network-thread | Producer-topic-b0aca483_6c67_4848_8fb8_c9ae9b10882e) [Producer clientId=Producer-topic-b0aca483_6c67_4848_8fb8_c9ae9b10882e] ProducerId set to 25 with epoch 0
2025-09-26 18:14:11,355 INFO  [io.api.tes.ser.api.KafkaSerdesTester] (ForkJoinPool.commonPool-worker-2) Sending message {"key11758910451189": "value-1"} to topic topic-b0aca483_6c67_4848_8fb8_c9ae9b10882e
2025-09-26 18:14:11,357 INFO  [io.api.tes.ser.api.KafkaSerdesTester] (ForkJoinPool.commonPool-worker-2) Sending message {"key11758910451189": "value-2"} to topic topic-b0aca483_6c67_4848_8fb8_c9ae9b10882e
2025-09-26 18:14:11,358 INFO  [io.api.tes.ser.api.KafkaSerdesTester] (ForkJoinPool.commonPool-worker-2) Sending message {"key11758910451189": "value-3"} to topic topic-b0aca483_6c67_4848_8fb8_c9ae9b10882e
2025-09-26 18:14:11,360 INFO  [io.api.tes.ser.api.KafkaSerdesTester] (ForkJoinPool.commonPool-worker-2) Sending message {"key11758910451189": "value-4"} to topic topic-b0aca483_6c67_4848_8fb8_c9ae9b10882e
2025-09-26 18:14:11,361 INFO  [io.api.tes.ser.api.KafkaSerdesTester] (ForkJoinPool.commonPool-worker-2) Sending message {"key11758910451189": "value-5"} to topic topic-b0aca483_6c67_4848_8fb8_c9ae9b10882e
2025-09-26 18:14:11,363 INFO  [io.api.tes.ser.api.KafkaSerdesTester] (ForkJoinPool.commonPool-worker-2) Sending message {"key11758910451189": "value-6"} to topic topic-b0aca483_6c67_4848_8fb8_c9ae9b10882e
2025-09-26 18:14:11,364 INFO  [io.api.tes.ser.api.KafkaSerdesTester] (ForkJoinPool.commonPool-worker-2) Sending message {"key11758910451189": "value-7"} to topic topic-b0aca483_6c67_4848_8fb8_c9ae9b10882e
2025-09-26 18:14:11,366 INFO  [io.api.tes.ser.api.KafkaSerdesTester] (ForkJoinPool.commonPool-worker-2) Sending message {"key11758910451189": "value-8"} to topic topic-b0aca483_6c67_4848_8fb8_c9ae9b10882e
2025-09-26 18:14:11,367 INFO  [io.api.tes.ser.api.KafkaSerdesTester] (ForkJoinPool.commonPool-worker-2) Sending message {"key11758910451189": "value-9"} to topic topic-b0aca483_6c67_4848_8fb8_c9ae9b10882e
2025-09-26 18:14:11,369 INFO  [io.api.tes.ser.api.KafkaSerdesTester] (ForkJoinPool.commonPool-worker-2) Produced 10 messages
2025-09-26 18:14:11,369 INFO  [org.apa.kaf.cli.pro.KafkaProducer] (ForkJoinPool.commonPool-worker-2) [Producer clientId=Producer-topic-b0aca483_6c67_4848_8fb8_c9ae9b10882e] Closing the Kafka producer with timeoutMillis = 9223372036854775807 ms.
2025-09-26 18:14:11,371 INFO  [org.apa.kaf.com.met.Metrics] (ForkJoinPool.commonPool-worker-2) Metrics scheduler closed
2025-09-26 18:14:11,371 INFO  [org.apa.kaf.com.met.Metrics] (ForkJoinPool.commonPool-worker-2) Closing reporter org.apache.kafka.common.metrics.JmxReporter
2025-09-26 18:14:11,371 INFO  [org.apa.kaf.com.met.Metrics] (ForkJoinPool.commonPool-worker-2) Closing reporter org.apache.kafka.common.telemetry.internals.ClientTelemetryReporter
2025-09-26 18:14:11,371 INFO  [org.apa.kaf.com.met.Metrics] (ForkJoinPool.commonPool-worker-2) Metrics reporters closed
2025-09-26 18:14:11,371 INFO  [org.apa.kaf.com.uti.AppInfoParser] (ForkJoinPool.commonPool-worker-2) App info kafka.producer for Producer-topic-b0aca483_6c67_4848_8fb8_c9ae9b10882e unregistered
**** Registry Base URL: http://registry-app-mysql.apps.ci419.apicurio-testing.org:80
2025-09-26 18:14:11,401 INFO  [org.apa.kaf.cli.con.ConsumerConfig] (main) ConsumerConfig values: 
	allow.auto.create.topics = true
	auto.commit.interval.ms = 500
	auto.include.jmx.reporter = true
	auto.offset.reset = earliest
	bootstrap.servers = [PLAINTEXT://localhost:32769]
	check.crcs = true
	client.dns.lookup = use_all_dns_ips
	client.id = consumer-Consumer-topic-b0aca483_6c67_4848_8fb8_c9ae9b10882e-18
	client.rack = 
	connections.max.idle.ms = 10000
	default.api.timeout.ms = 60000
	enable.auto.commit = true
	enable.metrics.push = true
	exclude.internal.topics = true
	fetch.max.bytes = 52428800
	fetch.max.wait.ms = 500
	fetch.min.bytes = 1
	group.id = Consumer-topic-b0aca483_6c67_4848_8fb8_c9ae9b10882e
	group.instance.id = null
	group.protocol = classic
	group.remote.assignor = null
	heartbeat.interval.ms = 3000
	interceptor.classes = []
	internal.leave.group.on.close = true
	internal.throw.on.fetch.stable.offset.unsupported = false
	isolation.level = read_uncommitted
	key.deserializer = class org.apache.kafka.common.serialization.StringDeserializer
	max.partition.fetch.bytes = 1048576
	max.poll.interval.ms = 300000
	max.poll.records = 500
	metadata.max.age.ms = 300000
	metadata.recovery.strategy = none
	metric.reporters = []
	metrics.num.samples = 2
	metrics.recording.level = INFO
	metrics.sample.window.ms = 30000
	partition.assignment.strategy = [class org.apache.kafka.clients.consumer.RangeAssignor, class org.apache.kafka.clients.consumer.CooperativeStickyAssignor]
	receive.buffer.bytes = 65536
	reconnect.backoff.max.ms = 1000
	reconnect.backoff.ms = 50
	request.timeout.ms = 5000
	retry.backoff.max.ms = 1000
	retry.backoff.ms = 100
	sasl.client.callback.handler.class = null
	sasl.jaas.config = null
	sasl.kerberos.kinit.cmd = /usr/bin/kinit
	sasl.kerberos.min.time.before.relogin = 60000
	sasl.kerberos.service.name = null
	sasl.kerberos.ticket.renew.jitter = 0.05
	sasl.kerberos.ticket.renew.window.factor = 0.8
	sasl.login.callback.handler.class = null
	sasl.login.class = null
	sasl.login.connect.timeout.ms = null
	sasl.login.read.timeout.ms = null
	sasl.login.refresh.buffer.seconds = 300
	sasl.login.refresh.min.period.seconds = 60
	sasl.login.refresh.window.factor = 0.8
	sasl.login.refresh.window.jitter = 0.05
	sasl.login.retry.backoff.max.ms = 10000
	sasl.login.retry.backoff.ms = 100
	sasl.mechanism = GSSAPI
	sasl.oauthbearer.clock.skew.seconds = 30
	sasl.oauthbearer.expected.audience = null
	sasl.oauthbearer.expected.issuer = null
	sasl.oauthbearer.header.urlencode = false
	sasl.oauthbearer.jwks.endpoint.refresh.ms = 3600000
	sasl.oauthbearer.jwks.endpoint.retry.backoff.max.ms = 10000
	sasl.oauthbearer.jwks.endpoint.retry.backoff.ms = 100
	sasl.oauthbearer.jwks.endpoint.url = null
	sasl.oauthbearer.scope.claim.name = scope
	sasl.oauthbearer.sub.claim.name = sub
	sasl.oauthbearer.token.endpoint.url = null
	security.protocol = PLAINTEXT
	security.providers = null
	send.buffer.bytes = 131072
	session.timeout.ms = 45000
	socket.connection.setup.timeout.max.ms = 30000
	socket.connection.setup.timeout.ms = 10000
	ssl.cipher.suites = null
	ssl.enabled.protocols = [TLSv1.2, TLSv1.3]
	ssl.endpoint.identification.algorithm = https
	ssl.engine.factory.class = null
	ssl.key.password = null
	ssl.keymanager.algorithm = SunX509
	ssl.keystore.certificate.chain = null
	ssl.keystore.key = null
	ssl.keystore.location = null
	ssl.keystore.password = null
	ssl.keystore.type = JKS
	ssl.protocol = TLSv1.3
	ssl.provider = null
	ssl.secure.random.implementation = null
	ssl.trustmanager.algorithm = PKIX
	ssl.truststore.certificates = null
	ssl.truststore.location = null
	ssl.truststore.password = null
	ssl.truststore.type = JKS
	value.deserializer = class io.apicurio.registry.serde.avro.AvroKafkaDeserializer

2025-09-26 18:14:11,401 INFO  [org.apa.kaf.com.tel.int.KafkaMetricsCollector] (main) initializing Kafka metrics collector
2025-09-26 18:14:11,405 INFO  [org.apa.kaf.cli.con.ConsumerConfig] (main) These configurations '[apicurio.registry.url, apicurio.registry.use-id]' were supplied but are not used yet.
2025-09-26 18:14:11,406 INFO  [org.apa.kaf.com.uti.AppInfoParser] (main) Kafka version: 3.9.1
2025-09-26 18:14:11,406 INFO  [org.apa.kaf.com.uti.AppInfoParser] (main) Kafka commitId: f745dfdcee2b9851
2025-09-26 18:14:11,406 INFO  [org.apa.kaf.com.uti.AppInfoParser] (main) Kafka startTimeMs: 1758910451406
2025-09-26 18:14:11,406 INFO  [org.apa.kaf.cli.con.int.ClassicKafkaConsumer] (ForkJoinPool.commonPool-worker-2) [Consumer clientId=consumer-Consumer-topic-b0aca483_6c67_4848_8fb8_c9ae9b10882e-18, groupId=Consumer-topic-b0aca483_6c67_4848_8fb8_c9ae9b10882e] Subscribed to topic(s): topic-b0aca483_6c67_4848_8fb8_c9ae9b10882e
2025-09-26 18:14:11,409 INFO  [org.apa.kaf.cli.Metadata] (ForkJoinPool.commonPool-worker-2) [Consumer clientId=consumer-Consumer-topic-b0aca483_6c67_4848_8fb8_c9ae9b10882e-18, groupId=Consumer-topic-b0aca483_6c67_4848_8fb8_c9ae9b10882e] Cluster ID: y_JNGwQJRlem7c5NGbSJCg
2025-09-26 18:14:11,409 INFO  [org.apa.kaf.cli.con.int.ConsumerCoordinator] (ForkJoinPool.commonPool-worker-2) [Consumer clientId=consumer-Consumer-topic-b0aca483_6c67_4848_8fb8_c9ae9b10882e-18, groupId=Consumer-topic-b0aca483_6c67_4848_8fb8_c9ae9b10882e] Discovered group coordinator localhost:32769 (id: 2147483647 rack: null)
2025-09-26 18:14:11,410 INFO  [org.apa.kaf.cli.con.int.ConsumerCoordinator] (ForkJoinPool.commonPool-worker-2) [Consumer clientId=consumer-Consumer-topic-b0aca483_6c67_4848_8fb8_c9ae9b10882e-18, groupId=Consumer-topic-b0aca483_6c67_4848_8fb8_c9ae9b10882e] (Re-)joining group
2025-09-26 18:14:11,412 INFO  [org.apa.kaf.cli.con.int.ConsumerCoordinator] (ForkJoinPool.commonPool-worker-2) [Consumer clientId=consumer-Consumer-topic-b0aca483_6c67_4848_8fb8_c9ae9b10882e-18, groupId=Consumer-topic-b0aca483_6c67_4848_8fb8_c9ae9b10882e] Request joining group due to: need to re-join with the given member-id: consumer-Consumer-topic-b0aca483_6c67_4848_8fb8_c9ae9b10882e-18-7430fc12-8140-4cac-b612-49c4056decba
2025-09-26 18:14:11,413 INFO  [org.apa.kaf.cli.con.int.ConsumerCoordinator] (ForkJoinPool.commonPool-worker-2) [Consumer clientId=consumer-Consumer-topic-b0aca483_6c67_4848_8fb8_c9ae9b10882e-18, groupId=Consumer-topic-b0aca483_6c67_4848_8fb8_c9ae9b10882e] (Re-)joining group
2025-09-26 18:14:12,406 INFO  [io.api.tes.ser.api.KafkaSerdesTester] (ForkJoinPool.commonPool-worker-2) None found
2025-09-26 18:14:13,407 INFO  [io.api.tes.ser.api.KafkaSerdesTester] (ForkJoinPool.commonPool-worker-2) None found
2025-09-26 18:14:14,408 INFO  [io.api.tes.ser.api.KafkaSerdesTester] (ForkJoinPool.commonPool-worker-2) None found
2025-09-26 18:14:14,414 INFO  [org.apa.kaf.cli.con.int.ConsumerCoordinator] (ForkJoinPool.commonPool-worker-2) [Consumer clientId=consumer-Consumer-topic-b0aca483_6c67_4848_8fb8_c9ae9b10882e-18, groupId=Consumer-topic-b0aca483_6c67_4848_8fb8_c9ae9b10882e] Successfully joined group with generation Generation{generationId=1, memberId='consumer-Consumer-topic-b0aca483_6c67_4848_8fb8_c9ae9b10882e-18-7430fc12-8140-4cac-b612-49c4056decba', protocol='range'}
2025-09-26 18:14:14,415 INFO  [org.apa.kaf.cli.con.int.ConsumerCoordinator] (ForkJoinPool.commonPool-worker-2) [Consumer clientId=consumer-Consumer-topic-b0aca483_6c67_4848_8fb8_c9ae9b10882e-18, groupId=Consumer-topic-b0aca483_6c67_4848_8fb8_c9ae9b10882e] Finished assignment for group at generation 1: {consumer-Consumer-topic-b0aca483_6c67_4848_8fb8_c9ae9b10882e-18-7430fc12-8140-4cac-b612-49c4056decba=Assignment(partitions=[topic-b0aca483_6c67_4848_8fb8_c9ae9b10882e-0])}
2025-09-26 18:14:14,420 INFO  [org.apa.kaf.cli.con.int.ConsumerCoordinator] (ForkJoinPool.commonPool-worker-2) [Consumer clientId=consumer-Consumer-topic-b0aca483_6c67_4848_8fb8_c9ae9b10882e-18, groupId=Consumer-topic-b0aca483_6c67_4848_8fb8_c9ae9b10882e] Successfully synced group in generation Generation{generationId=1, memberId='consumer-Consumer-topic-b0aca483_6c67_4848_8fb8_c9ae9b10882e-18-7430fc12-8140-4cac-b612-49c4056decba', protocol='range'}
2025-09-26 18:14:14,421 INFO  [org.apa.kaf.cli.con.int.ConsumerCoordinator] (ForkJoinPool.commonPool-worker-2) [Consumer clientId=consumer-Consumer-topic-b0aca483_6c67_4848_8fb8_c9ae9b10882e-18, groupId=Consumer-topic-b0aca483_6c67_4848_8fb8_c9ae9b10882e] Notifying assignor about the new Assignment(partitions=[topic-b0aca483_6c67_4848_8fb8_c9ae9b10882e-0])
2025-09-26 18:14:14,421 INFO  [org.apa.kaf.cli.con.int.ConsumerRebalanceListenerInvoker] (ForkJoinPool.commonPool-worker-2) [Consumer clientId=consumer-Consumer-topic-b0aca483_6c67_4848_8fb8_c9ae9b10882e-18, groupId=Consumer-topic-b0aca483_6c67_4848_8fb8_c9ae9b10882e] Adding newly assigned partitions: topic-b0aca483_6c67_4848_8fb8_c9ae9b10882e-0
2025-09-26 18:14:14,422 INFO  [org.apa.kaf.cli.con.int.ConsumerCoordinator] (ForkJoinPool.commonPool-worker-2) [Consumer clientId=consumer-Consumer-topic-b0aca483_6c67_4848_8fb8_c9ae9b10882e-18, groupId=Consumer-topic-b0aca483_6c67_4848_8fb8_c9ae9b10882e] Found no committed offset for partition topic-b0aca483_6c67_4848_8fb8_c9ae9b10882e-0
2025-09-26 18:14:14,424 INFO  [org.apa.kaf.cli.con.int.SubscriptionState] (ForkJoinPool.commonPool-worker-2) [Consumer clientId=consumer-Consumer-topic-b0aca483_6c67_4848_8fb8_c9ae9b10882e-18, groupId=Consumer-topic-b0aca483_6c67_4848_8fb8_c9ae9b10882e] Resetting offset for partition topic-b0aca483_6c67_4848_8fb8_c9ae9b10882e-0 to position FetchPosition{offset=0, offsetEpoch=Optional.empty, currentLeader=LeaderAndEpoch{leader=Optional[localhost:32769 (id: 0 rack: null)], epoch=0}}.
2025-09-26 18:14:14,453 INFO  [io.api.tes.ser.api.KafkaSerdesTester] (ForkJoinPool.commonPool-worker-2) topic-b0aca483_6c67_4848_8fb8_c9ae9b10882e 0 0 {"key11758910451189": "value-0"}
2025-09-26 18:14:14,453 INFO  [io.api.tes.ser.api.KafkaSerdesTester] (ForkJoinPool.commonPool-worker-2) topic-b0aca483_6c67_4848_8fb8_c9ae9b10882e 0 1 {"key11758910451189": "value-1"}
2025-09-26 18:14:14,453 INFO  [io.api.tes.ser.api.KafkaSerdesTester] (ForkJoinPool.commonPool-worker-2) topic-b0aca483_6c67_4848_8fb8_c9ae9b10882e 0 2 {"key11758910451189": "value-2"}
2025-09-26 18:14:14,453 INFO  [io.api.tes.ser.api.KafkaSerdesTester] (ForkJoinPool.commonPool-worker-2) topic-b0aca483_6c67_4848_8fb8_c9ae9b10882e 0 3 {"key11758910451189": "value-3"}
2025-09-26 18:14:14,453 INFO  [io.api.tes.ser.api.KafkaSerdesTester] (ForkJoinPool.commonPool-worker-2) topic-b0aca483_6c67_4848_8fb8_c9ae9b10882e 0 4 {"key11758910451189": "value-4"}
2025-09-26 18:14:14,453 INFO  [io.api.tes.ser.api.KafkaSerdesTester] (ForkJoinPool.commonPool-worker-2) topic-b0aca483_6c67_4848_8fb8_c9ae9b10882e 0 5 {"key11758910451189": "value-5"}
2025-09-26 18:14:14,453 INFO  [io.api.tes.ser.api.KafkaSerdesTester] (ForkJoinPool.commonPool-worker-2) topic-b0aca483_6c67_4848_8fb8_c9ae9b10882e 0 6 {"key11758910451189": "value-6"}
2025-09-26 18:14:14,453 INFO  [io.api.tes.ser.api.KafkaSerdesTester] (ForkJoinPool.commonPool-worker-2) topic-b0aca483_6c67_4848_8fb8_c9ae9b10882e 0 7 {"key11758910451189": "value-7"}
2025-09-26 18:14:14,453 INFO  [io.api.tes.ser.api.KafkaSerdesTester] (ForkJoinPool.commonPool-worker-2) topic-b0aca483_6c67_4848_8fb8_c9ae9b10882e 0 8 {"key11758910451189": "value-8"}
2025-09-26 18:14:14,453 INFO  [io.api.tes.ser.api.KafkaSerdesTester] (ForkJoinPool.commonPool-worker-2) topic-b0aca483_6c67_4848_8fb8_c9ae9b10882e 0 9 {"key11758910451189": "value-9"}
2025-09-26 18:14:14,453 INFO  [io.api.tes.ser.api.KafkaSerdesTester] (ForkJoinPool.commonPool-worker-2) Consumed 10 messages
2025-09-26 18:14:14,460 INFO  [org.apa.kaf.cli.con.int.ConsumerRebalanceListenerInvoker] (ForkJoinPool.commonPool-worker-2) [Consumer clientId=consumer-Consumer-topic-b0aca483_6c67_4848_8fb8_c9ae9b10882e-18, groupId=Consumer-topic-b0aca483_6c67_4848_8fb8_c9ae9b10882e] Revoke previously assigned partitions topic-b0aca483_6c67_4848_8fb8_c9ae9b10882e-0
2025-09-26 18:14:14,460 INFO  [org.apa.kaf.cli.con.int.ConsumerCoordinator] (ForkJoinPool.commonPool-worker-2) [Consumer clientId=consumer-Consumer-topic-b0aca483_6c67_4848_8fb8_c9ae9b10882e-18, groupId=Consumer-topic-b0aca483_6c67_4848_8fb8_c9ae9b10882e] Member consumer-Consumer-topic-b0aca483_6c67_4848_8fb8_c9ae9b10882e-18-7430fc12-8140-4cac-b612-49c4056decba sending LeaveGroup request to coordinator localhost:32769 (id: 2147483647 rack: null) due to the consumer is being closed
2025-09-26 18:14:14,460 INFO  [org.apa.kaf.cli.con.int.ConsumerCoordinator] (ForkJoinPool.commonPool-worker-2) [Consumer clientId=consumer-Consumer-topic-b0aca483_6c67_4848_8fb8_c9ae9b10882e-18, groupId=Consumer-topic-b0aca483_6c67_4848_8fb8_c9ae9b10882e] Resetting generation and member id due to: consumer pro-actively leaving the group
2025-09-26 18:14:14,460 INFO  [org.apa.kaf.cli.con.int.ConsumerCoordinator] (ForkJoinPool.commonPool-worker-2) [Consumer clientId=consumer-Consumer-topic-b0aca483_6c67_4848_8fb8_c9ae9b10882e-18, groupId=Consumer-topic-b0aca483_6c67_4848_8fb8_c9ae9b10882e] Request joining group due to: consumer pro-actively leaving the group
2025-09-26 18:14:14,956 INFO  [org.apa.kaf.com.met.Metrics] (ForkJoinPool.commonPool-worker-2) Metrics scheduler closed
2025-09-26 18:14:14,956 INFO  [org.apa.kaf.com.met.Metrics] (ForkJoinPool.commonPool-worker-2) Closing reporter org.apache.kafka.common.metrics.JmxReporter
2025-09-26 18:14:14,956 INFO  [org.apa.kaf.com.met.Metrics] (ForkJoinPool.commonPool-worker-2) Closing reporter org.apache.kafka.common.telemetry.internals.ClientTelemetryReporter
2025-09-26 18:14:14,956 INFO  [org.apa.kaf.com.met.Metrics] (ForkJoinPool.commonPool-worker-2) Metrics reporters closed
2025-09-26 18:14:14,957 INFO  [org.apa.kaf.com.uti.AppInfoParser] (ForkJoinPool.commonPool-worker-2) App info kafka.consumer for consumer-Consumer-topic-b0aca483_6c67_4848_8fb8_c9ae9b10882e-18 unregistered
2025-09-26 18:14:14,957 INFO  [io.api.tes.uti.TestSeparator] (main) io.apicurio.tests.serdes.apicurio.AvroSerdeIT.testGlobalIdInBody-FINISHED
2025-09-26 18:14:14,957 INFO  [io.api.tes.uti.TestSeparator] (main) ############################################################################
Test passed: testGlobalIdInBody
]]></system-out>
  </testcase>
  <testcase name="testProducerUsesGlobalIdConsumerUsesDefault" classname="io.apicurio.tests.serdes.apicurio.AvroSerdeIT" time="0.0">
    <skipped message="void io.apicurio.tests.serdes.apicurio.AvroSerdeIT.testProducerUsesGlobalIdConsumerUsesDefault() throws java.lang.Exception is @Disabled"/>
  </testcase>
</testsuite>