<?xml version="1.0" encoding="UTF-8"?>
<testsuite xmlns:xsi="http://www.w3.org/2001/XMLSchema-instance" xsi:noNamespaceSchemaLocation="https://maven.apache.org/surefire/maven-failsafe-plugin/xsd/failsafe-test-report.xsd" version="3.0.2" name="io.apicurio.tests.serdes.confluent.BasicConfluentSerDesIT" time="42.172" tests="8" errors="0" skipped="0" failures="0">
  <properties>
    <property name="java.specification.version" value="17"/>
    <property name="sun.jnu.encoding" value="UTF-8"/>
    <property name="java.class.path" value="/home/runner/work/apicurio-testing/apicurio-testing/clusters/ci419/namespaces/pg17/tests/integration/apicurio-registry/integration-tests/target/test-classes:/home/runner/work/apicurio-testing/apicurio-testing/clusters/ci419/namespaces/pg17/tests/integration/apicurio-registry/integration-tests/target/apicurio-registry-integration-tests-3.0.12-SNAPSHOT.jar:/home/runner/.m2/repository/io/quarkus/quarkus-junit5/3.20.2/quarkus-junit5-3.20.2.jar:/home/runner/.m2/repository/io/quarkus/quarkus-bootstrap-core/3.20.2/quarkus-bootstrap-core-3.20.2.jar:/home/runner/.m2/repository/io/quarkus/quarkus-classloader-commons/3.20.2/quarkus-classloader-commons-3.20.2.jar:/home/runner/.m2/repository/io/quarkus/quarkus-bootstrap-app-model/3.20.2/quarkus-bootstrap-app-model-3.20.2.jar:/home/runner/.m2/repository/io/smallrye/common/smallrye-common-io/2.12.0/smallrye-common-io-2.12.0.jar:/home/runner/.m2/repository/org/eclipse/sisu/org.eclipse.sisu.inject/0.9.0.M3/org.eclipse.sisu.inject-0.9.0.M3.jar:/home/runner/.m2/repository/io/quarkus/quarkus-test-common/3.20.2/quarkus-test-common-3.20.2.jar:/home/runner/.m2/repository/io/quarkus/quarkus-core-deployment/3.20.2/quarkus-core-deployment-3.20.2.jar:/home/runner/.m2/repository/org/aesh/readline/2.6/readline-2.6.jar:/home/runner/.m2/repository/org/fusesource/jansi/jansi/2.4.0/jansi-2.4.0.jar:/home/runner/.m2/repository/org/aesh/aesh/2.8.2/aesh-2.8.2.jar:/home/runner/.m2/repository/io/quarkus/gizmo/gizmo/1.8.0/gizmo-1.8.0.jar:/home/runner/.m2/repository/org/ow2/asm/asm-util/9.7.1/asm-util-9.7.1.jar:/home/runner/.m2/repository/org/ow2/asm/asm-analysis/9.7.1/asm-analysis-9.7.1.jar:/home/runner/.m2/repository/org/ow2/asm/asm-commons/9.7.1/asm-commons-9.7.1.jar:/home/runner/.m2/repository/org/ow2/asm/asm-tree/9.7.1/asm-tree-9.7.1.jar:/home/runner/.m2/repository/io/quarkus/quarkus-hibernate-validator-spi/3.20.2/quarkus-hibernate-validator-spi-3.20.2.jar:/home/runner/.m2/repository/io/quarkus/quarkus-class-change-agent/3.20.2/quarkus-class-change-agent-3.20.2.jar:/home/runner/.m2/repository/io/quarkus/quarkus-devtools-utilities/3.20.2/quarkus-devtools-utilities-3.20.2.jar:/home/runner/.m2/repository/io/quarkus/quarkus-builder/3.20.2/quarkus-builder-3.20.2.jar:/home/runner/.m2/repository/org/graalvm/sdk/nativeimage/23.1.2/nativeimage-23.1.2.jar:/home/runner/.m2/repository/org/graalvm/sdk/word/23.1.2/word-23.1.2.jar:/home/runner/.m2/repository/io/quarkus/quarkus-bootstrap-maven-resolver/3.20.2/quarkus-bootstrap-maven-resolver-3.20.2.jar:/home/runner/.m2/repository/io/smallrye/beanbag/smallrye-beanbag-maven/1.5.2/smallrye-beanbag-maven-1.5.2.jar:/home/runner/.m2/repository/io/smallrye/beanbag/smallrye-beanbag-sisu/1.5.2/smallrye-beanbag-sisu-1.5.2.jar:/home/runner/.m2/repository/io/smallrye/beanbag/smallrye-beanbag/1.5.2/smallrye-beanbag-1.5.2.jar:/home/runner/.m2/repository/javax/inject/javax.inject/1/javax.inject-1.jar:/home/runner/.m2/repository/org/apache/maven/maven-artifact/3.9.9/maven-artifact-3.9.9.jar:/home/runner/.m2/repository/org/apache/maven/maven-builder-support/3.9.9/maven-builder-support-3.9.9.jar:/home/runner/.m2/repository/org/apache/maven/maven-model/3.9.9/maven-model-3.9.9.jar:/home/runner/.m2/repository/org/apache/maven/maven-model-builder/3.9.9/maven-model-builder-3.9.9.jar:/home/runner/.m2/repository/org/apache/maven/maven-repository-metadata/3.9.9/maven-repository-metadata-3.9.9.jar:/home/runner/.m2/repository/org/apache/maven/maven-settings/3.9.9/maven-settings-3.9.9.jar:/home/runner/.m2/repository/org/apache/maven/resolver/maven-resolver-api/1.9.22/maven-resolver-api-1.9.22.jar:/home/runner/.m2/repository/org/apache/maven/resolver/maven-resolver-impl/1.9.22/maven-resolver-impl-1.9.22.jar:/home/runner/.m2/repository/org/apache/maven/resolver/maven-resolver-named-locks/1.9.22/maven-resolver-named-locks-1.9.22.jar:/home/runner/.m2/repository/org/apache/maven/resolver/maven-resolver-spi/1.9.22/maven-resolver-spi-1.9.22.jar:/home/runner/.m2/repository/org/apache/maven/resolver/maven-resolver-util/1.9.22/maven-resolver-util-1.9.22.jar:/home/runner/.m2/repository/org/apache/maven/resolver/maven-resolver-transport-http/1.9.20/maven-resolver-transport-http-1.9.20.jar:/home/runner/.m2/repository/org/apache/maven/wagon/wagon-provider-api/3.5.3/wagon-provider-api-3.5.3.jar:/home/runner/.m2/repository/org/apache/maven/wagon/wagon-http-shared/3.5.3/wagon-http-shared-3.5.3.jar:/home/runner/.m2/repository/org/codehaus/plexus/plexus-interpolation/1.26/plexus-interpolation-1.26.jar:/home/runner/.m2/repository/org/codehaus/plexus/plexus-utils/3.5.1/plexus-utils-3.5.1.jar:/home/runner/.m2/repository/org/codehaus/plexus/plexus-xml/4.0.1/plexus-xml-4.0.1.jar:/home/runner/.m2/repository/org/apache/maven/maven-xml-impl/4.0.0-alpha-5/maven-xml-impl-4.0.0-alpha-5.jar:/home/runner/.m2/repository/org/apache/maven/maven-api-xml/4.0.0-alpha-5/maven-api-xml-4.0.0-alpha-5.jar:/home/runner/.m2/repository/org/apache/maven/maven-api-meta/4.0.0-alpha-5/maven-api-meta-4.0.0-alpha-5.jar:/home/runner/.m2/repository/org/codehaus/plexus/plexus-cipher/2.0/plexus-cipher-2.0.jar:/home/runner/.m2/repository/org/codehaus/plexus/plexus-sec-dispatcher/2.0/plexus-sec-dispatcher-2.0.jar:/home/runner/.m2/repository/org/apache/maven/maven-embedder/3.9.9/maven-embedder-3.9.9.jar:/home/runner/.m2/repository/org/apache/maven/maven-core/3.9.9/maven-core-3.9.9.jar:/home/runner/.m2/repository/org/codehaus/plexus/plexus-component-annotations/2.1.0/plexus-component-annotations-2.1.0.jar:/home/runner/.m2/repository/org/apache/maven/maven-plugin-api/3.9.9/maven-plugin-api-3.9.9.jar:/home/runner/.m2/repository/org/apache/maven/shared/maven-shared-utils/3.4.2/maven-shared-utils-3.4.2.jar:/home/runner/.m2/repository/com/google/inject/guice/5.1.0/guice-5.1.0.jar:/home/runner/.m2/repository/aopalliance/aopalliance/1.0/aopalliance-1.0.jar:/home/runner/.m2/repository/org/codehaus/plexus/plexus-classworlds/2.6.0/plexus-classworlds-2.6.0.jar:/home/runner/.m2/repository/commons-cli/commons-cli/1.8.0/commons-cli-1.8.0.jar:/home/runner/.m2/repository/org/eclipse/sisu/org.eclipse.sisu.plexus/0.9.0.M3/org.eclipse.sisu.plexus-0.9.0.M3.jar:/home/runner/.m2/repository/org/apache/maven/maven-settings-builder/3.9.9/maven-settings-builder-3.9.9.jar:/home/runner/.m2/repository/org/apache/maven/maven-resolver-provider/3.9.9/maven-resolver-provider-3.9.9.jar:/home/runner/.m2/repository/org/apache/maven/resolver/maven-resolver-connector-basic/1.9.22/maven-resolver-connector-basic-1.9.22.jar:/home/runner/.m2/repository/org/apache/maven/resolver/maven-resolver-transport-wagon/1.9.22/maven-resolver-transport-wagon-1.9.22.jar:/home/runner/.m2/repository/org/apache/maven/wagon/wagon-http/3.5.3/wagon-http-3.5.3.jar:/home/runner/.m2/repository/org/apache/maven/wagon/wagon-file/3.5.3/wagon-file-3.5.3.jar:/home/runner/.m2/repository/io/quarkus/quarkus-bootstrap-gradle-resolver/3.20.2/quarkus-bootstrap-gradle-resolver-3.20.2.jar:/home/runner/.m2/repository/io/smallrye/jandex/3.3.0/jandex-3.3.0.jar:/home/runner/.m2/repository/org/jboss/logging/commons-logging-jboss-logging/1.0.0.Final/commons-logging-jboss-logging-1.0.0.Final.jar:/home/runner/.m2/repository/io/quarkus/quarkus-junit5-config/3.20.2/quarkus-junit5-config-3.20.2.jar:/home/runner/.m2/repository/org/junit/jupiter/junit-jupiter-api/5.12.1/junit-jupiter-api-5.12.1.jar:/home/runner/.m2/repository/io/smallrye/config/smallrye-config/3.11.4/smallrye-config-3.11.4.jar:/home/runner/.m2/repository/io/smallrye/config/smallrye-config-core/3.11.4/smallrye-config-core-3.11.4.jar:/home/runner/.m2/repository/io/smallrye/common/smallrye-common-classloader/2.12.0/smallrye-common-classloader-2.12.0.jar:/home/runner/.m2/repository/io/smallrye/config/smallrye-config-common/3.11.4/smallrye-config-common-3.11.4.jar:/home/runner/.m2/repository/org/junit/jupiter/junit-jupiter/5.12.1/junit-jupiter-5.12.1.jar:/home/runner/.m2/repository/org/junit/jupiter/junit-jupiter-params/5.12.1/junit-jupiter-params-5.12.1.jar:/home/runner/.m2/repository/org/junit/jupiter/junit-jupiter-engine/5.12.1/junit-jupiter-engine-5.12.1.jar:/home/runner/.m2/repository/io/quarkus/quarkus-core/3.20.2/quarkus-core-3.20.2.jar:/home/runner/.m2/repository/jakarta/enterprise/jakarta.enterprise.cdi-api/4.1.0/jakarta.enterprise.cdi-api-4.1.0.jar:/home/runner/.m2/repository/jakarta/enterprise/jakarta.enterprise.lang-model/4.1.0/jakarta.enterprise.lang-model-4.1.0.jar:/home/runner/.m2/repository/jakarta/el/jakarta.el-api/5.0.1/jakarta.el-api-5.0.1.jar:/home/runner/.m2/repository/jakarta/interceptor/jakarta.interceptor-api/2.2.0/jakarta.interceptor-api-2.2.0.jar:/home/runner/.m2/repository/jakarta/inject/jakarta.inject-api/2.0.1/jakarta.inject-api-2.0.1.jar:/home/runner/.m2/repository/io/smallrye/common/smallrye-common-os/2.12.0/smallrye-common-os-2.12.0.jar:/home/runner/.m2/repository/io/quarkus/quarkus-ide-launcher/3.20.2/quarkus-ide-launcher-3.20.2.jar:/home/runner/.m2/repository/io/quarkus/quarkus-development-mode-spi/3.20.2/quarkus-development-mode-spi-3.20.2.jar:/home/runner/.m2/repository/org/jboss/logging/jboss-logging/3.6.1.Final/jboss-logging-3.6.1.Final.jar:/home/runner/.m2/repository/org/jboss/logmanager/jboss-logmanager/3.1.2.Final/jboss-logmanager-3.1.2.Final.jar:/home/runner/.m2/repository/io/smallrye/common/smallrye-common-constraint/2.12.0/smallrye-common-constraint-2.12.0.jar:/home/runner/.m2/repository/io/smallrye/common/smallrye-common-cpu/2.12.0/smallrye-common-cpu-2.12.0.jar:/home/runner/.m2/repository/io/smallrye/common/smallrye-common-expression/2.12.0/smallrye-common-expression-2.12.0.jar:/home/runner/.m2/repository/io/smallrye/common/smallrye-common-net/2.12.0/smallrye-common-net-2.12.0.jar:/home/runner/.m2/repository/io/smallrye/common/smallrye-common-ref/2.12.0/smallrye-common-ref-2.12.0.jar:/home/runner/.m2/repository/jakarta/json/jakarta.json-api/2.1.3/jakarta.json-api-2.1.3.jar:/home/runner/.m2/repository/org/eclipse/parsson/parsson/1.1.7/parsson-1.1.7.jar:/home/runner/.m2/repository/org/jboss/logging/jboss-logging-annotations/3.0.4.Final/jboss-logging-annotations-3.0.4.Final.jar:/home/runner/.m2/repository/org/jboss/threads/jboss-threads/3.8.0.Final/jboss-threads-3.8.0.Final.jar:/home/runner/.m2/repository/io/smallrye/common/smallrye-common-annotation/2.12.0/smallrye-common-annotation-2.12.0.jar:/home/runner/.m2/repository/io/smallrye/common/smallrye-common-function/2.12.0/smallrye-common-function-2.12.0.jar:/home/runner/.m2/repository/org/jboss/slf4j/slf4j-jboss-logmanager/2.0.0.Final/slf4j-jboss-logmanager-2.0.0.Final.jar:/home/runner/.m2/repository/org/wildfly/common/wildfly-common/2.0.1/wildfly-common-2.0.1.jar:/home/runner/.m2/repository/io/quarkus/quarkus-bootstrap-runner/3.20.2/quarkus-bootstrap-runner-3.20.2.jar:/home/runner/.m2/repository/io/github/crac/org-crac/0.1.3/org-crac-0.1.3.jar:/home/runner/.m2/repository/io/quarkus/quarkus-fs-util/0.0.10/quarkus-fs-util-0.0.10.jar:/home/runner/.m2/repository/org/jboss/marshalling/jboss-marshalling/2.2.2.Final/jboss-marshalling-2.2.2.Final.jar:/home/runner/.m2/repository/io/fabric8/kubernetes-client/7.1.0/kubernetes-client-7.1.0.jar:/home/runner/.m2/repository/io/fabric8/kubernetes-client-api/7.1.0/kubernetes-client-api-7.1.0.jar:/home/runner/.m2/repository/io/fabric8/kubernetes-model-core/7.1.0/kubernetes-model-core-7.1.0.jar:/home/runner/.m2/repository/io/fabric8/kubernetes-model-common/7.1.0/kubernetes-model-common-7.1.0.jar:/home/runner/.m2/repository/javax/annotation/javax.annotation-api/1.3.2/javax.annotation-api-1.3.2.jar:/home/runner/.m2/repository/io/fabric8/kubernetes-model-gatewayapi/7.1.0/kubernetes-model-gatewayapi-7.1.0.jar:/home/runner/.m2/repository/io/fabric8/kubernetes-model-resource/7.1.0/kubernetes-model-resource-7.1.0.jar:/home/runner/.m2/repository/io/fabric8/kubernetes-model-rbac/7.1.0/kubernetes-model-rbac-7.1.0.jar:/home/runner/.m2/repository/io/fabric8/kubernetes-model-admissionregistration/7.1.0/kubernetes-model-admissionregistration-7.1.0.jar:/home/runner/.m2/repository/io/fabric8/kubernetes-model-apps/7.1.0/kubernetes-model-apps-7.1.0.jar:/home/runner/.m2/repository/io/fabric8/kubernetes-model-autoscaling/7.1.0/kubernetes-model-autoscaling-7.1.0.jar:/home/runner/.m2/repository/io/fabric8/kubernetes-model-apiextensions/7.1.0/kubernetes-model-apiextensions-7.1.0.jar:/home/runner/.m2/repository/io/fabric8/kubernetes-model-batch/7.1.0/kubernetes-model-batch-7.1.0.jar:/home/runner/.m2/repository/io/fabric8/kubernetes-model-certificates/7.1.0/kubernetes-model-certificates-7.1.0.jar:/home/runner/.m2/repository/io/fabric8/kubernetes-model-coordination/7.1.0/kubernetes-model-coordination-7.1.0.jar:/home/runner/.m2/repository/io/fabric8/kubernetes-model-discovery/7.1.0/kubernetes-model-discovery-7.1.0.jar:/home/runner/.m2/repository/io/fabric8/kubernetes-model-events/7.1.0/kubernetes-model-events-7.1.0.jar:/home/runner/.m2/repository/io/fabric8/kubernetes-model-extensions/7.1.0/kubernetes-model-extensions-7.1.0.jar:/home/runner/.m2/repository/io/fabric8/kubernetes-model-flowcontrol/7.1.0/kubernetes-model-flowcontrol-7.1.0.jar:/home/runner/.m2/repository/io/fabric8/kubernetes-model-networking/7.1.0/kubernetes-model-networking-7.1.0.jar:/home/runner/.m2/repository/io/fabric8/kubernetes-model-metrics/7.1.0/kubernetes-model-metrics-7.1.0.jar:/home/runner/.m2/repository/io/fabric8/kubernetes-model-policy/7.1.0/kubernetes-model-policy-7.1.0.jar:/home/runner/.m2/repository/io/fabric8/kubernetes-model-scheduling/7.1.0/kubernetes-model-scheduling-7.1.0.jar:/home/runner/.m2/repository/io/fabric8/kubernetes-model-storageclass/7.1.0/kubernetes-model-storageclass-7.1.0.jar:/home/runner/.m2/repository/io/fabric8/kubernetes-model-node/7.1.0/kubernetes-model-node-7.1.0.jar:/home/runner/.m2/repository/org/snakeyaml/snakeyaml-engine/2.9/snakeyaml-engine-2.9.jar:/home/runner/.m2/repository/com/fasterxml/jackson/dataformat/jackson-dataformat-yaml/2.18.2/jackson-dataformat-yaml-2.18.2.jar:/home/runner/.m2/repository/com/fasterxml/jackson/datatype/jackson-datatype-jsr310/2.18.2/jackson-datatype-jsr310-2.18.2.jar:/home/runner/.m2/repository/io/fabric8/zjsonpatch/7.1.0/zjsonpatch-7.1.0.jar:/home/runner/.m2/repository/io/fabric8/kubernetes-httpclient-vertx/7.1.0/kubernetes-httpclient-vertx-7.1.0.jar:/home/runner/.m2/repository/io/vertx/vertx-web-client/4.5.16/vertx-web-client-4.5.16.jar:/home/runner/.m2/repository/io/vertx/vertx-web-common/4.5.16/vertx-web-common-4.5.16.jar:/home/runner/.m2/repository/io/vertx/vertx-auth-common/4.5.16/vertx-auth-common-4.5.16.jar:/home/runner/.m2/repository/io/vertx/vertx-uri-template/4.5.16/vertx-uri-template-4.5.16.jar:/home/runner/.m2/repository/io/fabric8/openshift-client/7.1.0/openshift-client-7.1.0.jar:/home/runner/.m2/repository/io/fabric8/openshift-client-api/7.1.0/openshift-client-api-7.1.0.jar:/home/runner/.m2/repository/io/fabric8/openshift-model/7.1.0/openshift-model-7.1.0.jar:/home/runner/.m2/repository/io/fabric8/openshift-model-autoscaling/7.1.0/openshift-model-autoscaling-7.1.0.jar:/home/runner/.m2/repository/io/fabric8/openshift-model-operator/7.1.0/openshift-model-operator-7.1.0.jar:/home/runner/.m2/repository/io/fabric8/openshift-model-operatorhub/7.1.0/openshift-model-operatorhub-7.1.0.jar:/home/runner/.m2/repository/io/fabric8/openshift-model-machine/7.1.0/openshift-model-machine-7.1.0.jar:/home/runner/.m2/repository/io/fabric8/openshift-model-whereabouts/7.1.0/openshift-model-whereabouts-7.1.0.jar:/home/runner/.m2/repository/io/fabric8/openshift-model-monitoring/7.1.0/openshift-model-monitoring-7.1.0.jar:/home/runner/.m2/repository/io/fabric8/openshift-model-storageversionmigrator/7.1.0/openshift-model-storageversionmigrator-7.1.0.jar:/home/runner/.m2/repository/io/fabric8/openshift-model-tuned/7.1.0/openshift-model-tuned-7.1.0.jar:/home/runner/.m2/repository/io/fabric8/openshift-model-console/7.1.0/openshift-model-console-7.1.0.jar:/home/runner/.m2/repository/io/fabric8/openshift-model-config/7.1.0/openshift-model-config-7.1.0.jar:/home/runner/.m2/repository/io/fabric8/openshift-model-machineconfiguration/7.1.0/openshift-model-machineconfiguration-7.1.0.jar:/home/runner/.m2/repository/io/fabric8/openshift-model-miscellaneous/7.1.0/openshift-model-miscellaneous-7.1.0.jar:/home/runner/.m2/repository/io/fabric8/openshift-model-hive/7.1.0/openshift-model-hive-7.1.0.jar:/home/runner/.m2/repository/io/fabric8/openshift-model-installer/7.1.0/openshift-model-installer-7.1.0.jar:/home/runner/.m2/repository/org/junit/platform/junit-platform-launcher/1.12.1/junit-platform-launcher-1.12.1.jar:/home/runner/.m2/repository/org/junit/platform/junit-platform-engine/1.12.1/junit-platform-engine-1.12.1.jar:/home/runner/.m2/repository/org/opentest4j/opentest4j/1.3.0/opentest4j-1.3.0.jar:/home/runner/.m2/repository/org/junit/platform/junit-platform-commons/1.12.1/junit-platform-commons-1.12.1.jar:/home/runner/.m2/repository/org/apiguardian/apiguardian-api/1.1.2/apiguardian-api-1.1.2.jar:/home/runner/.m2/repository/jakarta/ws/rs/jakarta.ws.rs-api/3.1.0/jakarta.ws.rs-api-3.1.0.jar:/home/runner/work/apicurio-testing/apicurio-testing/clusters/ci419/namespaces/pg17/tests/integration/apicurio-registry/java-sdk/target/apicurio-registry-java-sdk-3.0.12-SNAPSHOT.jar:/home/runner/.m2/repository/com/microsoft/kiota/microsoft-kiota-abstractions/1.8.9/microsoft-kiota-abstractions-1.8.9.jar:/home/runner/.m2/repository/io/github/std-uritemplate/std-uritemplate/2.0.0/std-uritemplate-2.0.0.jar:/home/runner/.m2/repository/io/kiota/kiota-http-jdk/0.0.29/kiota-http-jdk-0.0.29.jar:/home/runner/.m2/repository/io/kiota/kiota-http-vertx/0.0.29/kiota-http-vertx-0.0.29.jar:/home/runner/.m2/repository/io/kiota/kiota-serialization-jackson/0.0.29/kiota-serialization-jackson-0.0.29.jar:/home/runner/.m2/repository/com/microsoft/kiota/microsoft-kiota-serialization-text/1.8.9/microsoft-kiota-serialization-text-1.8.9.jar:/home/runner/.m2/repository/com/microsoft/kiota/microsoft-kiota-serialization-form/1.8.9/microsoft-kiota-serialization-form-1.8.9.jar:/home/runner/.m2/repository/com/microsoft/kiota/microsoft-kiota-serialization-multipart/1.8.9/microsoft-kiota-serialization-multipart-1.8.9.jar:/home/runner/.m2/repository/jakarta/annotation/jakarta.annotation-api/3.0.0/jakarta.annotation-api-3.0.0.jar:/home/runner/.m2/repository/io/vertx/vertx-auth-oauth2/4.5.16/vertx-auth-oauth2-4.5.16.jar:/home/runner/work/apicurio-testing/apicurio-testing/clusters/ci419/namespaces/pg17/tests/integration/apicurio-registry/java-sdk-v2/target/apicurio-registry-v2-java-sdk-3.0.12-SNAPSHOT.jar:/home/runner/work/apicurio-testing/apicurio-testing/clusters/ci419/namespaces/pg17/tests/integration/apicurio-registry/utils/kafka/target/apicurio-registry-utils-kafka-3.0.12-SNAPSHOT-tests.jar:/home/runner/.m2/repository/org/eclipse/microprofile/config/microprofile-config-api/3.1/microprofile-config-api-3.1.jar:/home/runner/.m2/repository/org/apache/kafka/kafka-clients/3.9.1/kafka-clients-3.9.1.jar:/home/runner/.m2/repository/com/github/luben/zstd-jni/1.5.6-4/zstd-jni-1.5.6-4.jar:/home/runner/.m2/repository/org/lz4/lz4-java/1.8.0/lz4-java-1.8.0.jar:/home/runner/.m2/repository/org/xerial/snappy/snappy-java/1.1.10.5/snappy-java-1.1.10.5.jar:/home/runner/.m2/repository/org/slf4j/slf4j-api/2.0.6/slf4j-api-2.0.6.jar:/home/runner/work/apicurio-testing/apicurio-testing/clusters/ci419/namespaces/pg17/tests/integration/apicurio-registry/utils/tests/target/apicurio-registry-utils-tests-3.0.12-SNAPSHOT.jar:/home/runner/work/apicurio-testing/apicurio-testing/clusters/ci419/namespaces/pg17/tests/integration/apicurio-registry/common/target/apicurio-registry-common-3.0.12-SNAPSHOT.jar:/home/runner/.m2/repository/jakarta/validation/jakarta.validation-api/3.0.2/jakarta.validation-api-3.0.2.jar:/home/runner/.m2/repository/com/github/dasniko/testcontainers-keycloak/3.8.0/testcontainers-keycloak-3.8.0.jar:/home/runner/.m2/repository/org/testcontainers/testcontainers/1.20.6/testcontainers-1.20.6.jar:/home/runner/.m2/repository/org/rnorth/duct-tape/duct-tape/1.0.8/duct-tape-1.0.8.jar:/home/runner/.m2/repository/com/github/docker-java/docker-java-transport-zerodep/3.4.1/docker-java-transport-zerodep-3.4.1.jar:/home/runner/.m2/repository/com/github/docker-java/docker-java-transport/3.4.1/docker-java-transport-3.4.1.jar:/home/runner/.m2/repository/net/java/dev/jna/jna/5.8.0/jna-5.8.0.jar:/home/runner/.m2/repository/io/quarkus/quarkus-junit4-mock/3.20.2/quarkus-junit4-mock-3.20.2.jar:/home/runner/.m2/repository/org/jboss/shrinkwrap/shrinkwrap-api/2.0.0-beta-2/shrinkwrap-api-2.0.0-beta-2.jar:/home/runner/.m2/repository/org/jboss/shrinkwrap/shrinkwrap-impl-base/2.0.0-beta-2/shrinkwrap-impl-base-2.0.0-beta-2.jar:/home/runner/.m2/repository/org/jboss/shrinkwrap/shrinkwrap-spi/2.0.0-beta-2/shrinkwrap-spi-2.0.0-beta-2.jar:/home/runner/.m2/repository/org/keycloak/keycloak-admin-client/26.0.4/keycloak-admin-client-26.0.4.jar:/home/runner/.m2/repository/org/keycloak/keycloak-client-common-synced/26.0.4/keycloak-client-common-synced-26.0.4.jar:/home/runner/.m2/repository/jakarta/activation/jakarta.activation-api/2.1.3/jakarta.activation-api-2.1.3.jar:/home/runner/.m2/repository/org/eclipse/microprofile/openapi/microprofile-openapi-api/4.0.2/microprofile-openapi-api-4.0.2.jar:/home/runner/.m2/repository/org/jboss/resteasy/resteasy-client/6.2.12.Final/resteasy-client-6.2.12.Final.jar:/home/runner/.m2/repository/org/jboss/resteasy/resteasy-client-api/6.2.12.Final/resteasy-client-api-6.2.12.Final.jar:/home/runner/.m2/repository/org/jboss/resteasy/resteasy-core-spi/6.2.12.Final/resteasy-core-spi-6.2.12.Final.jar:/home/runner/.m2/repository/org/jboss/resteasy/resteasy-core/6.2.12.Final/resteasy-core-6.2.12.Final.jar:/home/runner/.m2/repository/org/eclipse/angus/angus-activation/2.0.2/angus-activation-2.0.2.jar:/home/runner/.m2/repository/com/ibm/async/asyncutil/0.1.0/asyncutil-0.1.0.jar:/home/runner/.m2/repository/org/reactivestreams/reactive-streams/1.0.4/reactive-streams-1.0.4.jar:/home/runner/.m2/repository/org/jboss/resteasy/resteasy-multipart-provider/6.2.12.Final/resteasy-multipart-provider-6.2.12.Final.jar:/home/runner/.m2/repository/jakarta/mail/jakarta.mail-api/2.1.3/jakarta.mail-api-2.1.3.jar:/home/runner/.m2/repository/org/eclipse/angus/angus-mail/2.0.3/angus-mail-2.0.3.jar:/home/runner/.m2/repository/org/apache/james/apache-mime4j-dom/0.8.12/apache-mime4j-dom-0.8.12.jar:/home/runner/.m2/repository/org/apache/james/apache-mime4j-core/0.8.12/apache-mime4j-core-0.8.12.jar:/home/runner/.m2/repository/org/apache/james/apache-mime4j-storage/0.8.12/apache-mime4j-storage-0.8.12.jar:/home/runner/.m2/repository/org/jboss/resteasy/resteasy-jackson2-provider/6.2.12.Final/resteasy-jackson2-provider-6.2.12.Final.jar:/home/runner/.m2/repository/com/fasterxml/jackson/jakarta/rs/jackson-jakarta-rs-base/2.18.2/jackson-jakarta-rs-base-2.18.2.jar:/home/runner/.m2/repository/com/fasterxml/jackson/jakarta/rs/jackson-jakarta-rs-json-provider/2.18.2/jackson-jakarta-rs-json-provider-2.18.2.jar:/home/runner/.m2/repository/com/fasterxml/jackson/module/jackson-module-jakarta-xmlbind-annotations/2.18.2/jackson-module-jakarta-xmlbind-annotations-2.18.2.jar:/home/runner/.m2/repository/com/github/java-json-tools/json-patch/1.13/json-patch-1.13.jar:/home/runner/.m2/repository/com/github/java-json-tools/msg-simple/1.2/msg-simple-1.2.jar:/home/runner/.m2/repository/com/github/java-json-tools/btf/1.3/btf-1.3.jar:/home/runner/.m2/repository/com/github/java-json-tools/jackson-coreutils/2.0/jackson-coreutils-2.0.jar:/home/runner/.m2/repository/org/jboss/resteasy/resteasy-jaxb-provider/6.2.12.Final/resteasy-jaxb-provider-6.2.12.Final.jar:/home/runner/.m2/repository/org/glassfish/jaxb/codemodel/4.0.5/codemodel-4.0.5.jar:/home/runner/.m2/repository/org/glassfish/jaxb/jaxb-core/4.0.5/jaxb-core-4.0.5.jar:/home/runner/.m2/repository/org/glassfish/jaxb/jaxb-jxc/4.0.5/jaxb-jxc-4.0.5.jar:/home/runner/.m2/repository/org/glassfish/jaxb/jaxb-runtime/4.0.5/jaxb-runtime-4.0.5.jar:/home/runner/.m2/repository/org/glassfish/jaxb/txw2/4.0.5/txw2-4.0.5.jar:/home/runner/.m2/repository/org/glassfish/jaxb/jaxb-xjc/4.0.5/jaxb-xjc-4.0.5.jar:/home/runner/.m2/repository/org/glassfish/jaxb/xsom/4.0.5/xsom-4.0.5.jar:/home/runner/.m2/repository/com/sun/istack/istack-commons-runtime/4.1.2/istack-commons-runtime-4.1.2.jar:/home/runner/.m2/repository/com/sun/istack/istack-commons-tools/4.1.2/istack-commons-tools-4.1.2.jar:/home/runner/.m2/repository/com/sun/xml/bind/external/relaxng-datatype/4.0.5/relaxng-datatype-4.0.5.jar:/home/runner/.m2/repository/com/sun/xml/bind/external/rngom/4.0.5/rngom-4.0.5.jar:/home/runner/.m2/repository/org/testcontainers/mssqlserver/1.20.6/mssqlserver-1.20.6.jar:/home/runner/.m2/repository/org/testcontainers/jdbc/1.20.6/jdbc-1.20.6.jar:/home/runner/.m2/repository/org/testcontainers/database-commons/1.20.6/database-commons-1.20.6.jar:/home/runner/.m2/repository/org/testcontainers/mysql/1.20.6/mysql-1.20.6.jar:/home/runner/.m2/repository/io/strimzi/strimzi-test-container/0.111.0/strimzi-test-container-0.111.0.jar:/home/runner/.m2/repository/org/testcontainers/toxiproxy/1.20.6/toxiproxy-1.20.6.jar:/home/runner/.m2/repository/com/github/docker-java/docker-java-api/3.4.1/docker-java-api-3.4.1.jar:/home/runner/.m2/repository/org/apache/logging/log4j/log4j-slf4j-impl/2.19.0/log4j-slf4j-impl-2.19.0.jar:/home/runner/.m2/repository/org/apache/logging/log4j/log4j-api/2.24.3/log4j-api-2.24.3.jar:/home/runner/.m2/repository/org/apache/logging/log4j/log4j-core/2.19.0/log4j-core-2.19.0.jar:/home/runner/.m2/repository/eu/rekawek/toxiproxy/toxiproxy-java/2.1.7/toxiproxy-java-2.1.7.jar:/home/runner/.m2/repository/org/testcontainers/pulsar/1.21.3/pulsar-1.21.3.jar:/home/runner/.m2/repository/io/debezium/debezium-testing-testcontainers/2.7.4.Final/debezium-testing-testcontainers-2.7.4.Final.jar:/home/runner/.m2/repository/org/testcontainers/kafka/1.20.6/kafka-1.20.6.jar:/home/runner/.m2/repository/com/squareup/okhttp3/okhttp/4.8.1/okhttp-4.8.1.jar:/home/runner/.m2/repository/com/squareup/okio/okio/3.10.2/okio-3.10.2.jar:/home/runner/.m2/repository/com/squareup/okio/okio-jvm/3.10.2/okio-jvm-3.10.2.jar:/home/runner/.m2/repository/org/jetbrains/kotlin/kotlin-stdlib/2.0.21/kotlin-stdlib-2.0.21.jar:/home/runner/.m2/repository/org/awaitility/awaitility/4.3.0/awaitility-4.3.0.jar:/home/runner/.m2/repository/org/testcontainers/mongodb/1.20.6/mongodb-1.20.6.jar:/home/runner/.m2/repository/org/testcontainers/mariadb/1.20.6/mariadb-1.20.6.jar:/home/runner/.m2/repository/org/testcontainers/oracle-xe/1.20.6/oracle-xe-1.20.6.jar:/home/runner/.m2/repository/org/testcontainers/postgresql/1.20.6/postgresql-1.20.6.jar:/home/runner/.m2/repository/org/wiremock/wiremock/3.0.1/wiremock-3.0.1.jar:/home/runner/.m2/repository/org/eclipse/jetty/jetty-server/11.0.15/jetty-server-11.0.15.jar:/home/runner/.m2/repository/org/eclipse/jetty/toolchain/jetty-jakarta-servlet-api/5.0.2/jetty-jakarta-servlet-api-5.0.2.jar:/home/runner/.m2/repository/org/eclipse/jetty/jetty-http/11.0.15/jetty-http-11.0.15.jar:/home/runner/.m2/repository/org/eclipse/jetty/jetty-io/11.0.15/jetty-io-11.0.15.jar:/home/runner/.m2/repository/org/eclipse/jetty/jetty-servlet/11.0.15/jetty-servlet-11.0.15.jar:/home/runner/.m2/repository/org/eclipse/jetty/jetty-security/11.0.15/jetty-security-11.0.15.jar:/home/runner/.m2/repository/org/eclipse/jetty/jetty-servlets/11.0.15/jetty-servlets-11.0.15.jar:/home/runner/.m2/repository/org/eclipse/jetty/jetty-util/11.0.15/jetty-util-11.0.15.jar:/home/runner/.m2/repository/org/eclipse/jetty/jetty-webapp/11.0.15/jetty-webapp-11.0.15.jar:/home/runner/.m2/repository/org/eclipse/jetty/jetty-xml/11.0.15/jetty-xml-11.0.15.jar:/home/runner/.m2/repository/org/eclipse/jetty/jetty-proxy/11.0.15/jetty-proxy-11.0.15.jar:/home/runner/.m2/repository/org/eclipse/jetty/jetty-client/11.0.15/jetty-client-11.0.15.jar:/home/runner/.m2/repository/org/eclipse/jetty/http2/http2-server/11.0.15/http2-server-11.0.15.jar:/home/runner/.m2/repository/org/eclipse/jetty/http2/http2-common/11.0.15/http2-common-11.0.15.jar:/home/runner/.m2/repository/org/eclipse/jetty/http2/http2-hpack/11.0.15/http2-hpack-11.0.15.jar:/home/runner/.m2/repository/org/eclipse/jetty/jetty-alpn-server/11.0.15/jetty-alpn-server-11.0.15.jar:/home/runner/.m2/repository/org/eclipse/jetty/jetty-alpn-java-server/11.0.15/jetty-alpn-java-server-11.0.15.jar:/home/runner/.m2/repository/org/eclipse/jetty/jetty-alpn-java-client/11.0.15/jetty-alpn-java-client-11.0.15.jar:/home/runner/.m2/repository/org/eclipse/jetty/jetty-alpn-client/11.0.15/jetty-alpn-client-11.0.15.jar:/home/runner/.m2/repository/org/apache/httpcomponents/client5/httpclient5/5.2.1/httpclient5-5.2.1.jar:/home/runner/.m2/repository/org/apache/httpcomponents/core5/httpcore5/5.2/httpcore5-5.2.jar:/home/runner/.m2/repository/org/apache/httpcomponents/core5/httpcore5-h2/5.2/httpcore5-h2-5.2.jar:/home/runner/.m2/repository/org/xmlunit/xmlunit-core/2.9.1/xmlunit-core-2.9.1.jar:/home/runner/.m2/repository/jakarta/xml/bind/jakarta.xml.bind-api/4.0.2/jakarta.xml.bind-api-4.0.2.jar:/home/runner/.m2/repository/org/xmlunit/xmlunit-legacy/2.9.1/xmlunit-legacy-2.9.1.jar:/home/runner/.m2/repository/org/xmlunit/xmlunit-placeholders/2.9.1/xmlunit-placeholders-2.9.1.jar:/home/runner/.m2/repository/net/javacrumbs/json-unit/json-unit-core/2.38.0/json-unit-core-2.38.0.jar:/home/runner/.m2/repository/org/hamcrest/hamcrest-core/2.2/hamcrest-core-2.2.jar:/home/runner/.m2/repository/com/jayway/jsonpath/json-path/2.8.0/json-path-2.8.0.jar:/home/runner/.m2/repository/net/minidev/json-smart/2.4.10/json-smart-2.4.10.jar:/home/runner/.m2/repository/net/minidev/accessors-smart/2.4.9/accessors-smart-2.4.9.jar:/home/runner/.m2/repository/org/ow2/asm/asm/9.7.1/asm-9.7.1.jar:/home/runner/.m2/repository/net/sf/jopt-simple/jopt-simple/5.0.4/jopt-simple-5.0.4.jar:/home/runner/.m2/repository/com/github/jknack/handlebars/4.3.1/handlebars-4.3.1.jar:/home/runner/.m2/repository/com/github/jknack/handlebars-helpers/4.3.1/handlebars-helpers-4.3.1.jar:/home/runner/.m2/repository/commons-fileupload/commons-fileupload/1.5/commons-fileupload-1.5.jar:/home/runner/.m2/repository/com/networknt/json-schema-validator/1.5.8/json-schema-validator-1.5.8.jar:/home/runner/.m2/repository/com/ethlo/time/itu/1.10.3/itu-1.10.3.jar:/home/runner/.m2/repository/io/quarkus/quarkus-smallrye-jwt-build/3.20.2/quarkus-smallrye-jwt-build-3.20.2.jar:/home/runner/.m2/repository/io/smallrye/smallrye-jwt-build/4.6.2/smallrye-jwt-build-4.6.2.jar:/home/runner/.m2/repository/org/eclipse/microprofile/jwt/microprofile-jwt-auth-api/2.1/microprofile-jwt-auth-api-2.1.jar:/home/runner/.m2/repository/org/bitbucket/b_c/jose4j/0.9.6/jose4j-0.9.6.jar:/home/runner/.m2/repository/io/smallrye/smallrye-jwt-common/4.6.2/smallrye-jwt-common-4.6.2.jar:/home/runner/.m2/repository/io/quarkus/quarkus-jsonp/3.20.2/quarkus-jsonp-3.20.2.jar:/home/runner/.m2/repository/io/quarkus/quarkus-arc/3.20.2/quarkus-arc-3.20.2.jar:/home/runner/.m2/repository/io/quarkus/arc/arc/3.20.2/arc-3.20.2.jar:/home/runner/.m2/repository/jakarta/transaction/jakarta.transaction-api/2.0.1/jakarta.transaction-api-2.0.1.jar:/home/runner/.m2/repository/io/smallrye/reactive/mutiny/2.9.2/mutiny-2.9.2.jar:/home/runner/.m2/repository/org/jctools/jctools-core/4.0.5/jctools-core-4.0.5.jar:/home/runner/.m2/repository/org/eclipse/microprofile/context-propagation/microprofile-context-propagation-api/1.3/microprofile-context-propagation-api-1.3.jar:/home/runner/.m2/repository/io/apicurio/apicurio-common-rest-client-common/0.1.18.Final/apicurio-common-rest-client-common-0.1.18.Final.jar:/home/runner/work/apicurio-testing/apicurio-testing/clusters/ci419/namespaces/pg17/tests/integration/apicurio-registry/utils/maven-plugin/target/apicurio-registry-maven-plugin-3.0.12-SNAPSHOT.jar:/home/runner/.m2/repository/com/fasterxml/jackson/core/jackson-databind/2.18.2/jackson-databind-2.18.2.jar:/home/runner/.m2/repository/org/apache/avro/avro/1.12.0/avro-1.12.0.jar:/home/runner/.m2/repository/com/google/protobuf/protobuf-java/4.31.1/protobuf-java-4.31.1.jar:/home/runner/.m2/repository/com/google/protobuf/protobuf-java-util/4.31.1/protobuf-java-util-4.31.1.jar:/home/runner/.m2/repository/com/google/code/findbugs/jsr305/3.0.2/jsr305-3.0.2.jar:/home/runner/.m2/repository/com/google/code/gson/gson/2.12.1/gson-2.12.1.jar:/home/runner/.m2/repository/com/google/errorprone/error_prone_annotations/2.36.0/error_prone_annotations-2.36.0.jar:/home/runner/.m2/repository/com/google/j2objc/j2objc-annotations/2.8/j2objc-annotations-2.8.jar:/home/runner/work/apicurio-testing/apicurio-testing/clusters/ci419/namespaces/pg17/tests/integration/apicurio-registry/schema-util/util-provider/target/apicurio-registry-schema-util-provider-3.0.12-SNAPSHOT.jar:/home/runner/work/apicurio-testing/apicurio-testing/clusters/ci419/namespaces/pg17/tests/integration/apicurio-registry/schema-util/common/target/apicurio-registry-schema-util-common-3.0.12-SNAPSHOT.jar:/home/runner/.m2/repository/com/fasterxml/jackson/module/jackson-module-parameter-names/2.18.2/jackson-module-parameter-names-2.18.2.jar:/home/runner/.m2/repository/com/fasterxml/jackson/datatype/jackson-datatype-json-org/2.18.2/jackson-datatype-json-org-2.18.2.jar:/home/runner/work/apicurio-testing/apicurio-testing/clusters/ci419/namespaces/pg17/tests/integration/apicurio-registry/schema-util/json/target/apicurio-registry-schema-util-json-3.0.12-SNAPSHOT.jar:/home/runner/.m2/repository/com/github/erosb/everit-json-schema/1.14.5/everit-json-schema-1.14.5.jar:/home/runner/.m2/repository/commons-validator/commons-validator/1.9.0/commons-validator-1.9.0.jar:/home/runner/.m2/repository/commons-digester/commons-digester/2.1/commons-digester-2.1.jar:/home/runner/.m2/repository/commons-collections/commons-collections/3.2.2/commons-collections-3.2.2.jar:/home/runner/.m2/repository/com/damnhandy/handy-uri-templates/2.1.8/handy-uri-templates-2.1.8.jar:/home/runner/.m2/repository/joda-time/joda-time/2.10.2/joda-time-2.10.2.jar:/home/runner/.m2/repository/com/github/erosb/json-sKema/0.20.0/json-sKema-0.20.0.jar:/home/runner/.m2/repository/io/vertx/vertx-json-schema/4.5.16/vertx-json-schema-4.5.16.jar:/home/runner/work/apicurio-testing/apicurio-testing/clusters/ci419/namespaces/pg17/tests/integration/apicurio-registry/schema-util/protobuf/target/apicurio-registry-schema-util-protobuf-3.0.12-SNAPSHOT.jar:/home/runner/work/apicurio-testing/apicurio-testing/clusters/ci419/namespaces/pg17/tests/integration/apicurio-registry/utils/protobuf-schema-utilities/target/apicurio-registry-protobuf-schema-utilities-3.0.12-SNAPSHOT.jar:/home/runner/.m2/repository/com/google/api/grpc/proto-google-common-protos/2.52.0/proto-google-common-protos-2.52.0.jar:/home/runner/.m2/repository/com/squareup/wire/wire-schema-jvm/5.3.3/wire-schema-jvm-5.3.3.jar:/home/runner/.m2/repository/com/palantir/javapoet/javapoet/0.6.0/javapoet-0.6.0.jar:/home/runner/.m2/repository/com/squareup/kotlinpoet-jvm/2.0.0/kotlinpoet-jvm-2.0.0.jar:/home/runner/.m2/repository/org/jetbrains/kotlin/kotlin-reflect/2.0.21/kotlin-reflect-2.0.21.jar:/home/runner/.m2/repository/com/squareup/wire/wire-runtime-jvm/5.3.3/wire-runtime-jvm-5.3.3.jar:/home/runner/.m2/repository/com/ibm/icu/icu4j/76.1/icu4j-76.1.jar:/home/runner/.m2/repository/com/squareup/okio/okio-fakefilesystem/3.10.2/okio-fakefilesystem-3.10.2.jar:/home/runner/.m2/repository/com/squareup/okio/okio-fakefilesystem-jvm/3.10.2/okio-fakefilesystem-jvm-3.10.2.jar:/home/runner/.m2/repository/org/jetbrains/kotlinx/kotlinx-datetime-jvm/0.6.1/kotlinx-datetime-jvm-0.6.1.jar:/home/runner/work/apicurio-testing/apicurio-testing/clusters/ci419/namespaces/pg17/tests/integration/apicurio-registry/schema-util/asyncapi/target/apicurio-registry-schema-util-asyncapi-3.0.12-SNAPSHOT.jar:/home/runner/work/apicurio-testing/apicurio-testing/clusters/ci419/namespaces/pg17/tests/integration/apicurio-registry/schema-util/avro/target/apicurio-registry-schema-util-avro-3.0.12-SNAPSHOT.jar:/home/runner/work/apicurio-testing/apicurio-testing/clusters/ci419/namespaces/pg17/tests/integration/apicurio-registry/schema-util/graphql/target/apicurio-registry-schema-util-graphql-3.0.12-SNAPSHOT.jar:/home/runner/.m2/repository/com/graphql-java/graphql-java/22.4/graphql-java-22.4.jar:/home/runner/.m2/repository/com/graphql-java/java-dataloader/3.3.0/java-dataloader-3.3.0.jar:/home/runner/work/apicurio-testing/apicurio-testing/clusters/ci419/namespaces/pg17/tests/integration/apicurio-registry/schema-util/kconnect/target/apicurio-registry-schema-util-kconnect-3.0.12-SNAPSHOT.jar:/home/runner/work/apicurio-testing/apicurio-testing/clusters/ci419/namespaces/pg17/tests/integration/apicurio-registry/schema-util/openapi/target/apicurio-registry-schema-util-openapi-3.0.12-SNAPSHOT.jar:/home/runner/.m2/repository/io/apicurio/apicurio-data-models/2.2.2/apicurio-data-models-2.2.2.jar:/home/runner/.m2/repository/org/openapitools/openapidiff/openapi-diff-core/2.1.2/openapi-diff-core-2.1.2.jar:/home/runner/.m2/repository/io/swagger/parser/v3/swagger-parser/2.1.28/swagger-parser-2.1.28.jar:/home/runner/.m2/repository/io/swagger/parser/v3/swagger-parser-v2-converter/2.1.28/swagger-parser-v2-converter-2.1.28.jar:/home/runner/.m2/repository/io/swagger/swagger-core/1.6.16/swagger-core-1.6.16.jar:/home/runner/.m2/repository/io/swagger/swagger-models/1.6.16/swagger-models-1.6.16.jar:/home/runner/.m2/repository/io/swagger/swagger-annotations/1.6.16/swagger-annotations-1.6.16.jar:/home/runner/.m2/repository/io/swagger/swagger-parser/1.0.75/swagger-parser-1.0.75.jar:/home/runner/.m2/repository/io/swagger/swagger-parser-safe-url-resolver/1.0.75/swagger-parser-safe-url-resolver-1.0.75.jar:/home/runner/.m2/repository/io/swagger/swagger-compat-spec-parser/1.0.75/swagger-compat-spec-parser-1.0.75.jar:/home/runner/.m2/repository/com/github/java-json-tools/json-schema-validator/2.2.14/json-schema-validator-2.2.14.jar:/home/runner/.m2/repository/com/github/java-json-tools/jackson-coreutils-equivalence/1.0/jackson-coreutils-equivalence-1.0.jar:/home/runner/.m2/repository/com/github/java-json-tools/json-schema-core/1.2.14/json-schema-core-1.2.14.jar:/home/runner/.m2/repository/com/github/java-json-tools/uri-template/0.10/uri-template-0.10.jar:/home/runner/.m2/repository/com/googlecode/libphonenumber/libphonenumber/8.11.1/libphonenumber-8.11.1.jar:/home/runner/.m2/repository/com/j2html/j2html/1.6.0/j2html-1.6.0.jar:/home/runner/.m2/repository/org/apache/commons/commons-collections4/4.5.0/commons-collections4-4.5.0.jar:/home/runner/.m2/repository/org/slf4j/jcl-over-slf4j/2.0.17/jcl-over-slf4j-2.0.17.jar:/home/runner/.m2/repository/io/swagger/parser/v3/swagger-parser-v3/2.1.31/swagger-parser-v3-2.1.31.jar:/home/runner/.m2/repository/io/swagger/core/v3/swagger-models/2.2.34/swagger-models-2.2.34.jar:/home/runner/.m2/repository/io/swagger/core/v3/swagger-core/2.2.34/swagger-core-2.2.34.jar:/home/runner/.m2/repository/io/swagger/parser/v3/swagger-parser-core/2.1.31/swagger-parser-core-2.1.31.jar:/home/runner/.m2/repository/io/swagger/parser/v3/swagger-parser-safe-url-resolver/2.1.31/swagger-parser-safe-url-resolver-2.1.31.jar:/home/runner/work/apicurio-testing/apicurio-testing/clusters/ci419/namespaces/pg17/tests/integration/apicurio-registry/schema-util/wsdl/target/apicurio-registry-schema-util-wsdl-3.0.12-SNAPSHOT.jar:/home/runner/.m2/repository/wsdl4j/wsdl4j/1.6.3/wsdl4j-1.6.3.jar:/home/runner/work/apicurio-testing/apicurio-testing/clusters/ci419/namespaces/pg17/tests/integration/apicurio-registry/schema-util/xml/target/apicurio-registry-schema-util-xml-3.0.12-SNAPSHOT.jar:/home/runner/.m2/repository/org/apache/santuario/xmlsec/4.0.4/xmlsec-4.0.4.jar:/home/runner/.m2/repository/com/fasterxml/woodstox/woodstox-core/7.1.1/woodstox-core-7.1.1.jar:/home/runner/.m2/repository/org/codehaus/woodstox/stax2-api/4.2.2/stax2-api-4.2.2.jar:/home/runner/work/apicurio-testing/apicurio-testing/clusters/ci419/namespaces/pg17/tests/integration/apicurio-registry/schema-util/xsd/target/apicurio-registry-schema-util-xsd-3.0.12-SNAPSHOT.jar:/home/runner/work/apicurio-testing/apicurio-testing/clusters/ci419/namespaces/pg17/tests/integration/apicurio-registry/serdes/kafka/jsonschema-serde/target/apicurio-registry-jsonschema-serde-kafka-3.0.12-SNAPSHOT.jar:/home/runner/work/apicurio-testing/apicurio-testing/clusters/ci419/namespaces/pg17/tests/integration/apicurio-registry/serdes/kafka/serde-kafka-common/target/apicurio-registry-serde-kafka-common-3.0.12-SNAPSHOT.jar:/home/runner/work/apicurio-testing/apicurio-testing/clusters/ci419/namespaces/pg17/tests/integration/apicurio-registry/serdes/generic/serde-common/target/apicurio-registry-serde-common-3.0.12-SNAPSHOT.jar:/home/runner/work/apicurio-testing/apicurio-testing/clusters/ci419/namespaces/pg17/tests/integration/apicurio-registry/serdes/generic/serde-common-jsonschema/target/apicurio-registry-serde-common-jsonschema-3.0.12-SNAPSHOT.jar:/home/runner/.m2/repository/org/json/json/20250107/json-20250107.jar:/home/runner/work/apicurio-testing/apicurio-testing/clusters/ci419/namespaces/pg17/tests/integration/apicurio-registry/serdes/kafka/avro-serde/target/apicurio-registry-avro-serde-kafka-3.0.12-SNAPSHOT.jar:/home/runner/work/apicurio-testing/apicurio-testing/clusters/ci419/namespaces/pg17/tests/integration/apicurio-registry/serdes/generic/serde-common-avro/target/apicurio-registry-serde-common-avro-3.0.12-SNAPSHOT.jar:/home/runner/work/apicurio-testing/apicurio-testing/clusters/ci419/namespaces/pg17/tests/integration/apicurio-registry/serdes/kafka/protobuf-serde/target/apicurio-registry-protobuf-serde-kafka-3.0.12-SNAPSHOT.jar:/home/runner/work/apicurio-testing/apicurio-testing/clusters/ci419/namespaces/pg17/tests/integration/apicurio-registry/serdes/generic/serde-common-protobuf/target/apicurio-registry-serde-common-protobuf-3.0.12-SNAPSHOT.jar:/home/runner/.m2/repository/com/squareup/wire/wire-schema/5.3.3/wire-schema-5.3.3.jar:/home/runner/.m2/repository/com/squareup/wire/wire-runtime/5.3.3/wire-runtime-5.3.3.jar:/home/runner/work/apicurio-testing/apicurio-testing/clusters/ci419/namespaces/pg17/tests/integration/apicurio-registry/serdes/pulsar/avro-serde/target/apicurio-registry-avro-serde-pulsar-3.0.12-SNAPSHOT.jar:/home/runner/.m2/repository/org/apache/pulsar/pulsar-functions-api/3.3.8/pulsar-functions-api-3.3.8.jar:/home/runner/work/apicurio-testing/apicurio-testing/clusters/ci419/namespaces/pg17/tests/integration/apicurio-registry/serdes/nats/avro-serde/target/apicurio-registry-avro-serde-nats-3.0.12-SNAPSHOT.jar:/home/runner/.m2/repository/io/nats/jnats/2.21.4/jnats-2.21.4.jar:/home/runner/.m2/repository/org/bouncycastle/bcprov-lts8on/2.73.7/bcprov-lts8on-2.73.7.jar:/home/runner/.m2/repository/org/jetbrains/annotations/26.0.2/annotations-26.0.2.jar:/home/runner/work/apicurio-testing/apicurio-testing/clusters/ci419/namespaces/pg17/tests/integration/apicurio-registry/utils/converter/target/apicurio-registry-utils-converter-3.0.12-SNAPSHOT.jar:/home/runner/work/apicurio-testing/apicurio-testing/clusters/ci419/namespaces/pg17/tests/integration/apicurio-registry/schema-resolver/target/apicurio-registry-schema-resolver-3.0.12-SNAPSHOT.jar:/home/runner/.m2/repository/org/apache/kafka/connect-api/3.9.1/connect-api-3.9.1.jar:/home/runner/.m2/repository/javax/ws/rs/javax.ws.rs-api/2.1.1/javax.ws.rs-api-2.1.1.jar:/home/runner/.m2/repository/org/apache/kafka/connect-json/3.9.1/connect-json-3.9.1.jar:/home/runner/.m2/repository/com/fasterxml/jackson/datatype/jackson-datatype-jdk8/2.18.2/jackson-datatype-jdk8-2.18.2.jar:/home/runner/.m2/repository/com/fasterxml/jackson/module/jackson-module-afterburner/2.18.2/jackson-module-afterburner-2.18.2.jar:/home/runner/work/apicurio-testing/apicurio-testing/clusters/ci419/namespaces/pg17/tests/integration/apicurio-registry/utils/kafka/target/apicurio-registry-utils-kafka-3.0.12-SNAPSHOT.jar:/home/runner/.m2/repository/org/apache/pulsar/pulsar-client/3.3.8/pulsar-client-3.3.8.jar:/home/runner/.m2/repository/org/apache/pulsar/pulsar-client-api/3.3.8/pulsar-client-api-3.3.8.jar:/home/runner/.m2/repository/org/apache/pulsar/pulsar-client-admin-api/3.3.8/pulsar-client-admin-api-3.3.8.jar:/home/runner/.m2/repository/org/apache/pulsar/bouncy-castle-bc/3.3.8/bouncy-castle-bc-3.3.8-pkg.jar:/home/runner/.m2/repository/org/bouncycastle/bcpkix-jdk18on/1.81/bcpkix-jdk18on-1.81.jar:/home/runner/.m2/repository/org/bouncycastle/bcutil-jdk18on/1.81/bcutil-jdk18on-1.81.jar:/home/runner/.m2/repository/org/bouncycastle/bcprov-jdk18on/1.81/bcprov-jdk18on-1.81.jar:/home/runner/.m2/repository/io/opentelemetry/opentelemetry-api/1.44.1/opentelemetry-api-1.44.1.jar:/home/runner/.m2/repository/io/opentelemetry/opentelemetry-context/1.44.1/opentelemetry-context-1.44.1.jar:/home/runner/.m2/repository/io/opentelemetry/opentelemetry-api-incubator/1.44.1-alpha/opentelemetry-api-incubator-1.44.1-alpha.jar:/home/runner/.m2/repository/com/fasterxml/jackson/core/jackson-annotations/2.18.2/jackson-annotations-2.18.2.jar:/home/runner/.m2/repository/javax/validation/validation-api/1.1.0.Final/validation-api-1.1.0.Final.jar:/home/runner/.m2/repository/org/jspecify/jspecify/1.0.0/jspecify-1.0.0.jar:/home/runner/.m2/repository/org/apache/commons/commons-configuration2/2.12.0/commons-configuration2-2.12.0.jar:/home/runner/.m2/repository/commons-logging/commons-logging/1.3.5/commons-logging-1.3.5.jar:/home/runner/.m2/repository/org/apache/commons/commons-text/1.13.0/commons-text-1.13.0.jar:/home/runner/.m2/repository/io/confluent/kafka-avro-serializer/8.0.0/kafka-avro-serializer-8.0.0.jar:/home/runner/.m2/repository/org/apache/commons/commons-compress/1.27.1/commons-compress-1.27.1.jar:/home/runner/.m2/repository/io/confluent/kafka-schema-serializer/8.0.0/kafka-schema-serializer-8.0.0.jar:/home/runner/.m2/repository/com/fasterxml/jackson/dataformat/jackson-dataformat-csv/2.18.2/jackson-dataformat-csv-2.18.2.jar:/home/runner/.m2/repository/io/confluent/kafka-schema-registry-client/8.0.0/kafka-schema-registry-client-8.0.0.jar:/home/runner/.m2/repository/org/yaml/snakeyaml/2.3/snakeyaml-2.3.jar:/home/runner/.m2/repository/io/swagger/core/v3/swagger-annotations/2.2.29/swagger-annotations-2.2.29.jar:/home/runner/.m2/repository/com/google/guava/guava/33.4.0-jre/guava-33.4.0-jre.jar:/home/runner/.m2/repository/com/google/guava/failureaccess/1.0.1/failureaccess-1.0.1.jar:/home/runner/.m2/repository/org/checkerframework/checker-qual/3.49.0/checker-qual-3.49.0.jar:/home/runner/.m2/repository/io/confluent/logredactor/1.0.13/logredactor-1.0.13.jar:/home/runner/.m2/repository/com/google/re2j/re2j/1.6/re2j-1.6.jar:/home/runner/.m2/repository/io/confluent/logredactor-metrics/1.0.13/logredactor-metrics-1.0.13.jar:/home/runner/.m2/repository/com/eclipsesource/minimal-json/minimal-json/0.9.5/minimal-json-0.9.5.jar:/home/runner/.m2/repository/io/confluent/common-utils/8.0.0/common-utils-8.0.0.jar:/home/runner/.m2/repository/io/confluent/kafka-connect-avro-converter/8.0.0/kafka-connect-avro-converter-8.0.0.jar:/home/runner/.m2/repository/io/confluent/kafka-connect-avro-data/8.0.0/kafka-connect-avro-data-8.0.0.jar:/home/runner/.m2/repository/io/confluent/kafka-schema-converter/8.0.0/kafka-schema-converter-8.0.0.jar:/home/runner/.m2/repository/io/rest-assured/rest-assured/5.5.1/rest-assured-5.5.1.jar:/home/runner/.m2/repository/org/apache/groovy/groovy/4.0.22/groovy-4.0.22.jar:/home/runner/.m2/repository/org/apache/groovy/groovy-xml/4.0.22/groovy-xml-4.0.22.jar:/home/runner/.m2/repository/org/apache/httpcomponents/httpclient/4.5.14/httpclient-4.5.14.jar:/home/runner/.m2/repository/org/apache/httpcomponents/httpcore/4.4.16/httpcore-4.4.16.jar:/home/runner/.m2/repository/org/apache/httpcomponents/httpmime/4.5.14/httpmime-4.5.14.jar:/home/runner/.m2/repository/org/hamcrest/hamcrest/2.2/hamcrest-2.2.jar:/home/runner/.m2/repository/org/ccil/cowan/tagsoup/tagsoup/1.2.1/tagsoup-1.2.1.jar:/home/runner/.m2/repository/io/rest-assured/json-path/5.5.1/json-path-5.5.1.jar:/home/runner/.m2/repository/org/apache/groovy/groovy-json/4.0.22/groovy-json-4.0.22.jar:/home/runner/.m2/repository/io/rest-assured/rest-assured-common/5.5.1/rest-assured-common-5.5.1.jar:/home/runner/.m2/repository/io/rest-assured/xml-path/5.5.1/xml-path-5.5.1.jar:/home/runner/.m2/repository/io/zonky/test/embedded-postgres/2.1.0/embedded-postgres-2.1.0.jar:/home/runner/.m2/repository/io/zonky/test/postgres/embedded-postgres-binaries-windows-amd64/14.15.0/embedded-postgres-binaries-windows-amd64-14.15.0.jar:/home/runner/.m2/repository/io/zonky/test/postgres/embedded-postgres-binaries-darwin-amd64/14.15.0/embedded-postgres-binaries-darwin-amd64-14.15.0.jar:/home/runner/.m2/repository/io/zonky/test/postgres/embedded-postgres-binaries-linux-amd64/14.15.0/embedded-postgres-binaries-linux-amd64-14.15.0.jar:/home/runner/.m2/repository/io/zonky/test/postgres/embedded-postgres-binaries-linux-amd64-alpine/14.15.0/embedded-postgres-binaries-linux-amd64-alpine-14.15.0.jar:/home/runner/.m2/repository/org/apache/commons/commons-lang3/3.17.0/commons-lang3-3.17.0.jar:/home/runner/.m2/repository/org/tukaani/xz/1.10/xz-1.10.jar:/home/runner/.m2/repository/commons-codec/commons-codec/1.19.0/commons-codec-1.19.0.jar:/home/runner/.m2/repository/org/postgresql/postgresql/42.7.7/postgresql-42.7.7.jar:/home/runner/.m2/repository/commons-io/commons-io/2.18.0/commons-io-2.18.0.jar:/home/runner/work/apicurio-testing/apicurio-testing/clusters/ci419/namespaces/pg17/tests/integration/apicurio-registry/utils/importexport/target/apicurio-registry-utils-import-export-3.0.12-SNAPSHOT.jar:/home/runner/.m2/repository/io/vertx/vertx-core/4.5.16/vertx-core-4.5.16.jar:/home/runner/.m2/repository/io/netty/netty-common/4.1.121.Final/netty-common-4.1.121.Final.jar:/home/runner/.m2/repository/io/netty/netty-buffer/4.1.121.Final/netty-buffer-4.1.121.Final.jar:/home/runner/.m2/repository/io/netty/netty-transport/4.1.121.Final/netty-transport-4.1.121.Final.jar:/home/runner/.m2/repository/io/netty/netty-handler/4.1.121.Final/netty-handler-4.1.121.Final.jar:/home/runner/.m2/repository/io/netty/netty-transport-native-unix-common/4.1.121.Final/netty-transport-native-unix-common-4.1.121.Final.jar:/home/runner/.m2/repository/io/netty/netty-codec/4.1.121.Final/netty-codec-4.1.121.Final.jar:/home/runner/.m2/repository/io/netty/netty-handler-proxy/4.1.121.Final/netty-handler-proxy-4.1.121.Final.jar:/home/runner/.m2/repository/io/netty/netty-codec-socks/4.1.121.Final/netty-codec-socks-4.1.121.Final.jar:/home/runner/.m2/repository/io/netty/netty-codec-http/4.1.121.Final/netty-codec-http-4.1.121.Final.jar:/home/runner/.m2/repository/io/netty/netty-codec-http2/4.1.121.Final/netty-codec-http2-4.1.121.Final.jar:/home/runner/.m2/repository/io/netty/netty-resolver/4.1.121.Final/netty-resolver-4.1.121.Final.jar:/home/runner/.m2/repository/io/netty/netty-resolver-dns/4.1.121.Final/netty-resolver-dns-4.1.121.Final.jar:/home/runner/.m2/repository/io/netty/netty-codec-dns/4.1.121.Final/netty-codec-dns-4.1.121.Final.jar:/home/runner/.m2/repository/com/fasterxml/jackson/core/jackson-core/2.18.2/jackson-core-2.18.2.jar:"/>
    <property name="java.vm.vendor" value="Eclipse Adoptium"/>
    <property name="maven.javadoc.skip" value="true"/>
    <property name="sun.arch.data.model" value="64"/>
    <property name="java.vendor.url" value="https://adoptium.net/"/>
    <property name="user.timezone" value="Etc/UTC"/>
    <property name="os.name" value="Linux"/>
    <property name="java.vm.specification.version" value="17"/>
    <property name="sun.java.launcher" value="SUN_STANDARD"/>
    <property name="quarkus.http.test-port" value="80"/>
    <property name="sun.boot.library.path" value="/usr/lib/jvm/temurin-17-jdk-amd64/lib"/>
    <property name="sun.java.command" value="/home/runner/work/apicurio-testing/apicurio-testing/clusters/ci419/namespaces/pg17/tests/integration/apicurio-registry/integration-tests/target/surefire/surefirebooter-20250813181751014_3.jar /home/runner/work/apicurio-testing/apicurio-testing/clusters/ci419/namespaces/pg17/tests/integration/apicurio-registry/integration-tests/target/surefire 2025-08-13T18-17-50_929-jvmRun1 surefire-20250813181751014_1tmp surefire_0-20250813181751014_2tmp"/>
    <property name="maven.home" value="/home/runner/.m2/wrapper/dists/apache-maven-3.9.8-bin/4fnp1ql35bgk2a0p7m31ovbgb0/apache-maven-3.9.8"/>
    <property name="jdk.debug" value="release"/>
    <property name="surefire.test.class.path" value="/home/runner/work/apicurio-testing/apicurio-testing/clusters/ci419/namespaces/pg17/tests/integration/apicurio-registry/integration-tests/target/test-classes:/home/runner/work/apicurio-testing/apicurio-testing/clusters/ci419/namespaces/pg17/tests/integration/apicurio-registry/integration-tests/target/apicurio-registry-integration-tests-3.0.12-SNAPSHOT.jar:/home/runner/.m2/repository/io/quarkus/quarkus-junit5/3.20.2/quarkus-junit5-3.20.2.jar:/home/runner/.m2/repository/io/quarkus/quarkus-bootstrap-core/3.20.2/quarkus-bootstrap-core-3.20.2.jar:/home/runner/.m2/repository/io/quarkus/quarkus-classloader-commons/3.20.2/quarkus-classloader-commons-3.20.2.jar:/home/runner/.m2/repository/io/quarkus/quarkus-bootstrap-app-model/3.20.2/quarkus-bootstrap-app-model-3.20.2.jar:/home/runner/.m2/repository/io/smallrye/common/smallrye-common-io/2.12.0/smallrye-common-io-2.12.0.jar:/home/runner/.m2/repository/org/eclipse/sisu/org.eclipse.sisu.inject/0.9.0.M3/org.eclipse.sisu.inject-0.9.0.M3.jar:/home/runner/.m2/repository/io/quarkus/quarkus-test-common/3.20.2/quarkus-test-common-3.20.2.jar:/home/runner/.m2/repository/io/quarkus/quarkus-core-deployment/3.20.2/quarkus-core-deployment-3.20.2.jar:/home/runner/.m2/repository/org/aesh/readline/2.6/readline-2.6.jar:/home/runner/.m2/repository/org/fusesource/jansi/jansi/2.4.0/jansi-2.4.0.jar:/home/runner/.m2/repository/org/aesh/aesh/2.8.2/aesh-2.8.2.jar:/home/runner/.m2/repository/io/quarkus/gizmo/gizmo/1.8.0/gizmo-1.8.0.jar:/home/runner/.m2/repository/org/ow2/asm/asm-util/9.7.1/asm-util-9.7.1.jar:/home/runner/.m2/repository/org/ow2/asm/asm-analysis/9.7.1/asm-analysis-9.7.1.jar:/home/runner/.m2/repository/org/ow2/asm/asm-commons/9.7.1/asm-commons-9.7.1.jar:/home/runner/.m2/repository/org/ow2/asm/asm-tree/9.7.1/asm-tree-9.7.1.jar:/home/runner/.m2/repository/io/quarkus/quarkus-hibernate-validator-spi/3.20.2/quarkus-hibernate-validator-spi-3.20.2.jar:/home/runner/.m2/repository/io/quarkus/quarkus-class-change-agent/3.20.2/quarkus-class-change-agent-3.20.2.jar:/home/runner/.m2/repository/io/quarkus/quarkus-devtools-utilities/3.20.2/quarkus-devtools-utilities-3.20.2.jar:/home/runner/.m2/repository/io/quarkus/quarkus-builder/3.20.2/quarkus-builder-3.20.2.jar:/home/runner/.m2/repository/org/graalvm/sdk/nativeimage/23.1.2/nativeimage-23.1.2.jar:/home/runner/.m2/repository/org/graalvm/sdk/word/23.1.2/word-23.1.2.jar:/home/runner/.m2/repository/io/quarkus/quarkus-bootstrap-maven-resolver/3.20.2/quarkus-bootstrap-maven-resolver-3.20.2.jar:/home/runner/.m2/repository/io/smallrye/beanbag/smallrye-beanbag-maven/1.5.2/smallrye-beanbag-maven-1.5.2.jar:/home/runner/.m2/repository/io/smallrye/beanbag/smallrye-beanbag-sisu/1.5.2/smallrye-beanbag-sisu-1.5.2.jar:/home/runner/.m2/repository/io/smallrye/beanbag/smallrye-beanbag/1.5.2/smallrye-beanbag-1.5.2.jar:/home/runner/.m2/repository/javax/inject/javax.inject/1/javax.inject-1.jar:/home/runner/.m2/repository/org/apache/maven/maven-artifact/3.9.9/maven-artifact-3.9.9.jar:/home/runner/.m2/repository/org/apache/maven/maven-builder-support/3.9.9/maven-builder-support-3.9.9.jar:/home/runner/.m2/repository/org/apache/maven/maven-model/3.9.9/maven-model-3.9.9.jar:/home/runner/.m2/repository/org/apache/maven/maven-model-builder/3.9.9/maven-model-builder-3.9.9.jar:/home/runner/.m2/repository/org/apache/maven/maven-repository-metadata/3.9.9/maven-repository-metadata-3.9.9.jar:/home/runner/.m2/repository/org/apache/maven/maven-settings/3.9.9/maven-settings-3.9.9.jar:/home/runner/.m2/repository/org/apache/maven/resolver/maven-resolver-api/1.9.22/maven-resolver-api-1.9.22.jar:/home/runner/.m2/repository/org/apache/maven/resolver/maven-resolver-impl/1.9.22/maven-resolver-impl-1.9.22.jar:/home/runner/.m2/repository/org/apache/maven/resolver/maven-resolver-named-locks/1.9.22/maven-resolver-named-locks-1.9.22.jar:/home/runner/.m2/repository/org/apache/maven/resolver/maven-resolver-spi/1.9.22/maven-resolver-spi-1.9.22.jar:/home/runner/.m2/repository/org/apache/maven/resolver/maven-resolver-util/1.9.22/maven-resolver-util-1.9.22.jar:/home/runner/.m2/repository/org/apache/maven/resolver/maven-resolver-transport-http/1.9.20/maven-resolver-transport-http-1.9.20.jar:/home/runner/.m2/repository/org/apache/maven/wagon/wagon-provider-api/3.5.3/wagon-provider-api-3.5.3.jar:/home/runner/.m2/repository/org/apache/maven/wagon/wagon-http-shared/3.5.3/wagon-http-shared-3.5.3.jar:/home/runner/.m2/repository/org/codehaus/plexus/plexus-interpolation/1.26/plexus-interpolation-1.26.jar:/home/runner/.m2/repository/org/codehaus/plexus/plexus-utils/3.5.1/plexus-utils-3.5.1.jar:/home/runner/.m2/repository/org/codehaus/plexus/plexus-xml/4.0.1/plexus-xml-4.0.1.jar:/home/runner/.m2/repository/org/apache/maven/maven-xml-impl/4.0.0-alpha-5/maven-xml-impl-4.0.0-alpha-5.jar:/home/runner/.m2/repository/org/apache/maven/maven-api-xml/4.0.0-alpha-5/maven-api-xml-4.0.0-alpha-5.jar:/home/runner/.m2/repository/org/apache/maven/maven-api-meta/4.0.0-alpha-5/maven-api-meta-4.0.0-alpha-5.jar:/home/runner/.m2/repository/org/codehaus/plexus/plexus-cipher/2.0/plexus-cipher-2.0.jar:/home/runner/.m2/repository/org/codehaus/plexus/plexus-sec-dispatcher/2.0/plexus-sec-dispatcher-2.0.jar:/home/runner/.m2/repository/org/apache/maven/maven-embedder/3.9.9/maven-embedder-3.9.9.jar:/home/runner/.m2/repository/org/apache/maven/maven-core/3.9.9/maven-core-3.9.9.jar:/home/runner/.m2/repository/org/codehaus/plexus/plexus-component-annotations/2.1.0/plexus-component-annotations-2.1.0.jar:/home/runner/.m2/repository/org/apache/maven/maven-plugin-api/3.9.9/maven-plugin-api-3.9.9.jar:/home/runner/.m2/repository/org/apache/maven/shared/maven-shared-utils/3.4.2/maven-shared-utils-3.4.2.jar:/home/runner/.m2/repository/com/google/inject/guice/5.1.0/guice-5.1.0.jar:/home/runner/.m2/repository/aopalliance/aopalliance/1.0/aopalliance-1.0.jar:/home/runner/.m2/repository/org/codehaus/plexus/plexus-classworlds/2.6.0/plexus-classworlds-2.6.0.jar:/home/runner/.m2/repository/commons-cli/commons-cli/1.8.0/commons-cli-1.8.0.jar:/home/runner/.m2/repository/org/eclipse/sisu/org.eclipse.sisu.plexus/0.9.0.M3/org.eclipse.sisu.plexus-0.9.0.M3.jar:/home/runner/.m2/repository/org/apache/maven/maven-settings-builder/3.9.9/maven-settings-builder-3.9.9.jar:/home/runner/.m2/repository/org/apache/maven/maven-resolver-provider/3.9.9/maven-resolver-provider-3.9.9.jar:/home/runner/.m2/repository/org/apache/maven/resolver/maven-resolver-connector-basic/1.9.22/maven-resolver-connector-basic-1.9.22.jar:/home/runner/.m2/repository/org/apache/maven/resolver/maven-resolver-transport-wagon/1.9.22/maven-resolver-transport-wagon-1.9.22.jar:/home/runner/.m2/repository/org/apache/maven/wagon/wagon-http/3.5.3/wagon-http-3.5.3.jar:/home/runner/.m2/repository/org/apache/maven/wagon/wagon-file/3.5.3/wagon-file-3.5.3.jar:/home/runner/.m2/repository/io/quarkus/quarkus-bootstrap-gradle-resolver/3.20.2/quarkus-bootstrap-gradle-resolver-3.20.2.jar:/home/runner/.m2/repository/io/smallrye/jandex/3.3.0/jandex-3.3.0.jar:/home/runner/.m2/repository/org/jboss/logging/commons-logging-jboss-logging/1.0.0.Final/commons-logging-jboss-logging-1.0.0.Final.jar:/home/runner/.m2/repository/io/quarkus/quarkus-junit5-config/3.20.2/quarkus-junit5-config-3.20.2.jar:/home/runner/.m2/repository/org/junit/jupiter/junit-jupiter-api/5.12.1/junit-jupiter-api-5.12.1.jar:/home/runner/.m2/repository/io/smallrye/config/smallrye-config/3.11.4/smallrye-config-3.11.4.jar:/home/runner/.m2/repository/io/smallrye/config/smallrye-config-core/3.11.4/smallrye-config-core-3.11.4.jar:/home/runner/.m2/repository/io/smallrye/common/smallrye-common-classloader/2.12.0/smallrye-common-classloader-2.12.0.jar:/home/runner/.m2/repository/io/smallrye/config/smallrye-config-common/3.11.4/smallrye-config-common-3.11.4.jar:/home/runner/.m2/repository/org/junit/jupiter/junit-jupiter/5.12.1/junit-jupiter-5.12.1.jar:/home/runner/.m2/repository/org/junit/jupiter/junit-jupiter-params/5.12.1/junit-jupiter-params-5.12.1.jar:/home/runner/.m2/repository/org/junit/jupiter/junit-jupiter-engine/5.12.1/junit-jupiter-engine-5.12.1.jar:/home/runner/.m2/repository/io/quarkus/quarkus-core/3.20.2/quarkus-core-3.20.2.jar:/home/runner/.m2/repository/jakarta/enterprise/jakarta.enterprise.cdi-api/4.1.0/jakarta.enterprise.cdi-api-4.1.0.jar:/home/runner/.m2/repository/jakarta/enterprise/jakarta.enterprise.lang-model/4.1.0/jakarta.enterprise.lang-model-4.1.0.jar:/home/runner/.m2/repository/jakarta/el/jakarta.el-api/5.0.1/jakarta.el-api-5.0.1.jar:/home/runner/.m2/repository/jakarta/interceptor/jakarta.interceptor-api/2.2.0/jakarta.interceptor-api-2.2.0.jar:/home/runner/.m2/repository/jakarta/inject/jakarta.inject-api/2.0.1/jakarta.inject-api-2.0.1.jar:/home/runner/.m2/repository/io/smallrye/common/smallrye-common-os/2.12.0/smallrye-common-os-2.12.0.jar:/home/runner/.m2/repository/io/quarkus/quarkus-ide-launcher/3.20.2/quarkus-ide-launcher-3.20.2.jar:/home/runner/.m2/repository/io/quarkus/quarkus-development-mode-spi/3.20.2/quarkus-development-mode-spi-3.20.2.jar:/home/runner/.m2/repository/org/jboss/logging/jboss-logging/3.6.1.Final/jboss-logging-3.6.1.Final.jar:/home/runner/.m2/repository/org/jboss/logmanager/jboss-logmanager/3.1.2.Final/jboss-logmanager-3.1.2.Final.jar:/home/runner/.m2/repository/io/smallrye/common/smallrye-common-constraint/2.12.0/smallrye-common-constraint-2.12.0.jar:/home/runner/.m2/repository/io/smallrye/common/smallrye-common-cpu/2.12.0/smallrye-common-cpu-2.12.0.jar:/home/runner/.m2/repository/io/smallrye/common/smallrye-common-expression/2.12.0/smallrye-common-expression-2.12.0.jar:/home/runner/.m2/repository/io/smallrye/common/smallrye-common-net/2.12.0/smallrye-common-net-2.12.0.jar:/home/runner/.m2/repository/io/smallrye/common/smallrye-common-ref/2.12.0/smallrye-common-ref-2.12.0.jar:/home/runner/.m2/repository/jakarta/json/jakarta.json-api/2.1.3/jakarta.json-api-2.1.3.jar:/home/runner/.m2/repository/org/eclipse/parsson/parsson/1.1.7/parsson-1.1.7.jar:/home/runner/.m2/repository/org/jboss/logging/jboss-logging-annotations/3.0.4.Final/jboss-logging-annotations-3.0.4.Final.jar:/home/runner/.m2/repository/org/jboss/threads/jboss-threads/3.8.0.Final/jboss-threads-3.8.0.Final.jar:/home/runner/.m2/repository/io/smallrye/common/smallrye-common-annotation/2.12.0/smallrye-common-annotation-2.12.0.jar:/home/runner/.m2/repository/io/smallrye/common/smallrye-common-function/2.12.0/smallrye-common-function-2.12.0.jar:/home/runner/.m2/repository/org/jboss/slf4j/slf4j-jboss-logmanager/2.0.0.Final/slf4j-jboss-logmanager-2.0.0.Final.jar:/home/runner/.m2/repository/org/wildfly/common/wildfly-common/2.0.1/wildfly-common-2.0.1.jar:/home/runner/.m2/repository/io/quarkus/quarkus-bootstrap-runner/3.20.2/quarkus-bootstrap-runner-3.20.2.jar:/home/runner/.m2/repository/io/github/crac/org-crac/0.1.3/org-crac-0.1.3.jar:/home/runner/.m2/repository/io/quarkus/quarkus-fs-util/0.0.10/quarkus-fs-util-0.0.10.jar:/home/runner/.m2/repository/org/jboss/marshalling/jboss-marshalling/2.2.2.Final/jboss-marshalling-2.2.2.Final.jar:/home/runner/.m2/repository/io/fabric8/kubernetes-client/7.1.0/kubernetes-client-7.1.0.jar:/home/runner/.m2/repository/io/fabric8/kubernetes-client-api/7.1.0/kubernetes-client-api-7.1.0.jar:/home/runner/.m2/repository/io/fabric8/kubernetes-model-core/7.1.0/kubernetes-model-core-7.1.0.jar:/home/runner/.m2/repository/io/fabric8/kubernetes-model-common/7.1.0/kubernetes-model-common-7.1.0.jar:/home/runner/.m2/repository/javax/annotation/javax.annotation-api/1.3.2/javax.annotation-api-1.3.2.jar:/home/runner/.m2/repository/io/fabric8/kubernetes-model-gatewayapi/7.1.0/kubernetes-model-gatewayapi-7.1.0.jar:/home/runner/.m2/repository/io/fabric8/kubernetes-model-resource/7.1.0/kubernetes-model-resource-7.1.0.jar:/home/runner/.m2/repository/io/fabric8/kubernetes-model-rbac/7.1.0/kubernetes-model-rbac-7.1.0.jar:/home/runner/.m2/repository/io/fabric8/kubernetes-model-admissionregistration/7.1.0/kubernetes-model-admissionregistration-7.1.0.jar:/home/runner/.m2/repository/io/fabric8/kubernetes-model-apps/7.1.0/kubernetes-model-apps-7.1.0.jar:/home/runner/.m2/repository/io/fabric8/kubernetes-model-autoscaling/7.1.0/kubernetes-model-autoscaling-7.1.0.jar:/home/runner/.m2/repository/io/fabric8/kubernetes-model-apiextensions/7.1.0/kubernetes-model-apiextensions-7.1.0.jar:/home/runner/.m2/repository/io/fabric8/kubernetes-model-batch/7.1.0/kubernetes-model-batch-7.1.0.jar:/home/runner/.m2/repository/io/fabric8/kubernetes-model-certificates/7.1.0/kubernetes-model-certificates-7.1.0.jar:/home/runner/.m2/repository/io/fabric8/kubernetes-model-coordination/7.1.0/kubernetes-model-coordination-7.1.0.jar:/home/runner/.m2/repository/io/fabric8/kubernetes-model-discovery/7.1.0/kubernetes-model-discovery-7.1.0.jar:/home/runner/.m2/repository/io/fabric8/kubernetes-model-events/7.1.0/kubernetes-model-events-7.1.0.jar:/home/runner/.m2/repository/io/fabric8/kubernetes-model-extensions/7.1.0/kubernetes-model-extensions-7.1.0.jar:/home/runner/.m2/repository/io/fabric8/kubernetes-model-flowcontrol/7.1.0/kubernetes-model-flowcontrol-7.1.0.jar:/home/runner/.m2/repository/io/fabric8/kubernetes-model-networking/7.1.0/kubernetes-model-networking-7.1.0.jar:/home/runner/.m2/repository/io/fabric8/kubernetes-model-metrics/7.1.0/kubernetes-model-metrics-7.1.0.jar:/home/runner/.m2/repository/io/fabric8/kubernetes-model-policy/7.1.0/kubernetes-model-policy-7.1.0.jar:/home/runner/.m2/repository/io/fabric8/kubernetes-model-scheduling/7.1.0/kubernetes-model-scheduling-7.1.0.jar:/home/runner/.m2/repository/io/fabric8/kubernetes-model-storageclass/7.1.0/kubernetes-model-storageclass-7.1.0.jar:/home/runner/.m2/repository/io/fabric8/kubernetes-model-node/7.1.0/kubernetes-model-node-7.1.0.jar:/home/runner/.m2/repository/org/snakeyaml/snakeyaml-engine/2.9/snakeyaml-engine-2.9.jar:/home/runner/.m2/repository/com/fasterxml/jackson/dataformat/jackson-dataformat-yaml/2.18.2/jackson-dataformat-yaml-2.18.2.jar:/home/runner/.m2/repository/com/fasterxml/jackson/datatype/jackson-datatype-jsr310/2.18.2/jackson-datatype-jsr310-2.18.2.jar:/home/runner/.m2/repository/io/fabric8/zjsonpatch/7.1.0/zjsonpatch-7.1.0.jar:/home/runner/.m2/repository/io/fabric8/kubernetes-httpclient-vertx/7.1.0/kubernetes-httpclient-vertx-7.1.0.jar:/home/runner/.m2/repository/io/vertx/vertx-web-client/4.5.16/vertx-web-client-4.5.16.jar:/home/runner/.m2/repository/io/vertx/vertx-web-common/4.5.16/vertx-web-common-4.5.16.jar:/home/runner/.m2/repository/io/vertx/vertx-auth-common/4.5.16/vertx-auth-common-4.5.16.jar:/home/runner/.m2/repository/io/vertx/vertx-uri-template/4.5.16/vertx-uri-template-4.5.16.jar:/home/runner/.m2/repository/io/fabric8/openshift-client/7.1.0/openshift-client-7.1.0.jar:/home/runner/.m2/repository/io/fabric8/openshift-client-api/7.1.0/openshift-client-api-7.1.0.jar:/home/runner/.m2/repository/io/fabric8/openshift-model/7.1.0/openshift-model-7.1.0.jar:/home/runner/.m2/repository/io/fabric8/openshift-model-autoscaling/7.1.0/openshift-model-autoscaling-7.1.0.jar:/home/runner/.m2/repository/io/fabric8/openshift-model-operator/7.1.0/openshift-model-operator-7.1.0.jar:/home/runner/.m2/repository/io/fabric8/openshift-model-operatorhub/7.1.0/openshift-model-operatorhub-7.1.0.jar:/home/runner/.m2/repository/io/fabric8/openshift-model-machine/7.1.0/openshift-model-machine-7.1.0.jar:/home/runner/.m2/repository/io/fabric8/openshift-model-whereabouts/7.1.0/openshift-model-whereabouts-7.1.0.jar:/home/runner/.m2/repository/io/fabric8/openshift-model-monitoring/7.1.0/openshift-model-monitoring-7.1.0.jar:/home/runner/.m2/repository/io/fabric8/openshift-model-storageversionmigrator/7.1.0/openshift-model-storageversionmigrator-7.1.0.jar:/home/runner/.m2/repository/io/fabric8/openshift-model-tuned/7.1.0/openshift-model-tuned-7.1.0.jar:/home/runner/.m2/repository/io/fabric8/openshift-model-console/7.1.0/openshift-model-console-7.1.0.jar:/home/runner/.m2/repository/io/fabric8/openshift-model-config/7.1.0/openshift-model-config-7.1.0.jar:/home/runner/.m2/repository/io/fabric8/openshift-model-machineconfiguration/7.1.0/openshift-model-machineconfiguration-7.1.0.jar:/home/runner/.m2/repository/io/fabric8/openshift-model-miscellaneous/7.1.0/openshift-model-miscellaneous-7.1.0.jar:/home/runner/.m2/repository/io/fabric8/openshift-model-hive/7.1.0/openshift-model-hive-7.1.0.jar:/home/runner/.m2/repository/io/fabric8/openshift-model-installer/7.1.0/openshift-model-installer-7.1.0.jar:/home/runner/.m2/repository/org/junit/platform/junit-platform-launcher/1.12.1/junit-platform-launcher-1.12.1.jar:/home/runner/.m2/repository/org/junit/platform/junit-platform-engine/1.12.1/junit-platform-engine-1.12.1.jar:/home/runner/.m2/repository/org/opentest4j/opentest4j/1.3.0/opentest4j-1.3.0.jar:/home/runner/.m2/repository/org/junit/platform/junit-platform-commons/1.12.1/junit-platform-commons-1.12.1.jar:/home/runner/.m2/repository/org/apiguardian/apiguardian-api/1.1.2/apiguardian-api-1.1.2.jar:/home/runner/.m2/repository/jakarta/ws/rs/jakarta.ws.rs-api/3.1.0/jakarta.ws.rs-api-3.1.0.jar:/home/runner/work/apicurio-testing/apicurio-testing/clusters/ci419/namespaces/pg17/tests/integration/apicurio-registry/java-sdk/target/apicurio-registry-java-sdk-3.0.12-SNAPSHOT.jar:/home/runner/.m2/repository/com/microsoft/kiota/microsoft-kiota-abstractions/1.8.9/microsoft-kiota-abstractions-1.8.9.jar:/home/runner/.m2/repository/io/github/std-uritemplate/std-uritemplate/2.0.0/std-uritemplate-2.0.0.jar:/home/runner/.m2/repository/io/kiota/kiota-http-jdk/0.0.29/kiota-http-jdk-0.0.29.jar:/home/runner/.m2/repository/io/kiota/kiota-http-vertx/0.0.29/kiota-http-vertx-0.0.29.jar:/home/runner/.m2/repository/io/kiota/kiota-serialization-jackson/0.0.29/kiota-serialization-jackson-0.0.29.jar:/home/runner/.m2/repository/com/microsoft/kiota/microsoft-kiota-serialization-text/1.8.9/microsoft-kiota-serialization-text-1.8.9.jar:/home/runner/.m2/repository/com/microsoft/kiota/microsoft-kiota-serialization-form/1.8.9/microsoft-kiota-serialization-form-1.8.9.jar:/home/runner/.m2/repository/com/microsoft/kiota/microsoft-kiota-serialization-multipart/1.8.9/microsoft-kiota-serialization-multipart-1.8.9.jar:/home/runner/.m2/repository/jakarta/annotation/jakarta.annotation-api/3.0.0/jakarta.annotation-api-3.0.0.jar:/home/runner/.m2/repository/io/vertx/vertx-auth-oauth2/4.5.16/vertx-auth-oauth2-4.5.16.jar:/home/runner/work/apicurio-testing/apicurio-testing/clusters/ci419/namespaces/pg17/tests/integration/apicurio-registry/java-sdk-v2/target/apicurio-registry-v2-java-sdk-3.0.12-SNAPSHOT.jar:/home/runner/work/apicurio-testing/apicurio-testing/clusters/ci419/namespaces/pg17/tests/integration/apicurio-registry/utils/kafka/target/apicurio-registry-utils-kafka-3.0.12-SNAPSHOT-tests.jar:/home/runner/.m2/repository/org/eclipse/microprofile/config/microprofile-config-api/3.1/microprofile-config-api-3.1.jar:/home/runner/.m2/repository/org/apache/kafka/kafka-clients/3.9.1/kafka-clients-3.9.1.jar:/home/runner/.m2/repository/com/github/luben/zstd-jni/1.5.6-4/zstd-jni-1.5.6-4.jar:/home/runner/.m2/repository/org/lz4/lz4-java/1.8.0/lz4-java-1.8.0.jar:/home/runner/.m2/repository/org/xerial/snappy/snappy-java/1.1.10.5/snappy-java-1.1.10.5.jar:/home/runner/.m2/repository/org/slf4j/slf4j-api/2.0.6/slf4j-api-2.0.6.jar:/home/runner/work/apicurio-testing/apicurio-testing/clusters/ci419/namespaces/pg17/tests/integration/apicurio-registry/utils/tests/target/apicurio-registry-utils-tests-3.0.12-SNAPSHOT.jar:/home/runner/work/apicurio-testing/apicurio-testing/clusters/ci419/namespaces/pg17/tests/integration/apicurio-registry/common/target/apicurio-registry-common-3.0.12-SNAPSHOT.jar:/home/runner/.m2/repository/jakarta/validation/jakarta.validation-api/3.0.2/jakarta.validation-api-3.0.2.jar:/home/runner/.m2/repository/com/github/dasniko/testcontainers-keycloak/3.8.0/testcontainers-keycloak-3.8.0.jar:/home/runner/.m2/repository/org/testcontainers/testcontainers/1.20.6/testcontainers-1.20.6.jar:/home/runner/.m2/repository/org/rnorth/duct-tape/duct-tape/1.0.8/duct-tape-1.0.8.jar:/home/runner/.m2/repository/com/github/docker-java/docker-java-transport-zerodep/3.4.1/docker-java-transport-zerodep-3.4.1.jar:/home/runner/.m2/repository/com/github/docker-java/docker-java-transport/3.4.1/docker-java-transport-3.4.1.jar:/home/runner/.m2/repository/net/java/dev/jna/jna/5.8.0/jna-5.8.0.jar:/home/runner/.m2/repository/io/quarkus/quarkus-junit4-mock/3.20.2/quarkus-junit4-mock-3.20.2.jar:/home/runner/.m2/repository/org/jboss/shrinkwrap/shrinkwrap-api/2.0.0-beta-2/shrinkwrap-api-2.0.0-beta-2.jar:/home/runner/.m2/repository/org/jboss/shrinkwrap/shrinkwrap-impl-base/2.0.0-beta-2/shrinkwrap-impl-base-2.0.0-beta-2.jar:/home/runner/.m2/repository/org/jboss/shrinkwrap/shrinkwrap-spi/2.0.0-beta-2/shrinkwrap-spi-2.0.0-beta-2.jar:/home/runner/.m2/repository/org/keycloak/keycloak-admin-client/26.0.4/keycloak-admin-client-26.0.4.jar:/home/runner/.m2/repository/org/keycloak/keycloak-client-common-synced/26.0.4/keycloak-client-common-synced-26.0.4.jar:/home/runner/.m2/repository/jakarta/activation/jakarta.activation-api/2.1.3/jakarta.activation-api-2.1.3.jar:/home/runner/.m2/repository/org/eclipse/microprofile/openapi/microprofile-openapi-api/4.0.2/microprofile-openapi-api-4.0.2.jar:/home/runner/.m2/repository/org/jboss/resteasy/resteasy-client/6.2.12.Final/resteasy-client-6.2.12.Final.jar:/home/runner/.m2/repository/org/jboss/resteasy/resteasy-client-api/6.2.12.Final/resteasy-client-api-6.2.12.Final.jar:/home/runner/.m2/repository/org/jboss/resteasy/resteasy-core-spi/6.2.12.Final/resteasy-core-spi-6.2.12.Final.jar:/home/runner/.m2/repository/org/jboss/resteasy/resteasy-core/6.2.12.Final/resteasy-core-6.2.12.Final.jar:/home/runner/.m2/repository/org/eclipse/angus/angus-activation/2.0.2/angus-activation-2.0.2.jar:/home/runner/.m2/repository/com/ibm/async/asyncutil/0.1.0/asyncutil-0.1.0.jar:/home/runner/.m2/repository/org/reactivestreams/reactive-streams/1.0.4/reactive-streams-1.0.4.jar:/home/runner/.m2/repository/org/jboss/resteasy/resteasy-multipart-provider/6.2.12.Final/resteasy-multipart-provider-6.2.12.Final.jar:/home/runner/.m2/repository/jakarta/mail/jakarta.mail-api/2.1.3/jakarta.mail-api-2.1.3.jar:/home/runner/.m2/repository/org/eclipse/angus/angus-mail/2.0.3/angus-mail-2.0.3.jar:/home/runner/.m2/repository/org/apache/james/apache-mime4j-dom/0.8.12/apache-mime4j-dom-0.8.12.jar:/home/runner/.m2/repository/org/apache/james/apache-mime4j-core/0.8.12/apache-mime4j-core-0.8.12.jar:/home/runner/.m2/repository/org/apache/james/apache-mime4j-storage/0.8.12/apache-mime4j-storage-0.8.12.jar:/home/runner/.m2/repository/org/jboss/resteasy/resteasy-jackson2-provider/6.2.12.Final/resteasy-jackson2-provider-6.2.12.Final.jar:/home/runner/.m2/repository/com/fasterxml/jackson/jakarta/rs/jackson-jakarta-rs-base/2.18.2/jackson-jakarta-rs-base-2.18.2.jar:/home/runner/.m2/repository/com/fasterxml/jackson/jakarta/rs/jackson-jakarta-rs-json-provider/2.18.2/jackson-jakarta-rs-json-provider-2.18.2.jar:/home/runner/.m2/repository/com/fasterxml/jackson/module/jackson-module-jakarta-xmlbind-annotations/2.18.2/jackson-module-jakarta-xmlbind-annotations-2.18.2.jar:/home/runner/.m2/repository/com/github/java-json-tools/json-patch/1.13/json-patch-1.13.jar:/home/runner/.m2/repository/com/github/java-json-tools/msg-simple/1.2/msg-simple-1.2.jar:/home/runner/.m2/repository/com/github/java-json-tools/btf/1.3/btf-1.3.jar:/home/runner/.m2/repository/com/github/java-json-tools/jackson-coreutils/2.0/jackson-coreutils-2.0.jar:/home/runner/.m2/repository/org/jboss/resteasy/resteasy-jaxb-provider/6.2.12.Final/resteasy-jaxb-provider-6.2.12.Final.jar:/home/runner/.m2/repository/org/glassfish/jaxb/codemodel/4.0.5/codemodel-4.0.5.jar:/home/runner/.m2/repository/org/glassfish/jaxb/jaxb-core/4.0.5/jaxb-core-4.0.5.jar:/home/runner/.m2/repository/org/glassfish/jaxb/jaxb-jxc/4.0.5/jaxb-jxc-4.0.5.jar:/home/runner/.m2/repository/org/glassfish/jaxb/jaxb-runtime/4.0.5/jaxb-runtime-4.0.5.jar:/home/runner/.m2/repository/org/glassfish/jaxb/txw2/4.0.5/txw2-4.0.5.jar:/home/runner/.m2/repository/org/glassfish/jaxb/jaxb-xjc/4.0.5/jaxb-xjc-4.0.5.jar:/home/runner/.m2/repository/org/glassfish/jaxb/xsom/4.0.5/xsom-4.0.5.jar:/home/runner/.m2/repository/com/sun/istack/istack-commons-runtime/4.1.2/istack-commons-runtime-4.1.2.jar:/home/runner/.m2/repository/com/sun/istack/istack-commons-tools/4.1.2/istack-commons-tools-4.1.2.jar:/home/runner/.m2/repository/com/sun/xml/bind/external/relaxng-datatype/4.0.5/relaxng-datatype-4.0.5.jar:/home/runner/.m2/repository/com/sun/xml/bind/external/rngom/4.0.5/rngom-4.0.5.jar:/home/runner/.m2/repository/org/testcontainers/mssqlserver/1.20.6/mssqlserver-1.20.6.jar:/home/runner/.m2/repository/org/testcontainers/jdbc/1.20.6/jdbc-1.20.6.jar:/home/runner/.m2/repository/org/testcontainers/database-commons/1.20.6/database-commons-1.20.6.jar:/home/runner/.m2/repository/org/testcontainers/mysql/1.20.6/mysql-1.20.6.jar:/home/runner/.m2/repository/io/strimzi/strimzi-test-container/0.111.0/strimzi-test-container-0.111.0.jar:/home/runner/.m2/repository/org/testcontainers/toxiproxy/1.20.6/toxiproxy-1.20.6.jar:/home/runner/.m2/repository/com/github/docker-java/docker-java-api/3.4.1/docker-java-api-3.4.1.jar:/home/runner/.m2/repository/org/apache/logging/log4j/log4j-slf4j-impl/2.19.0/log4j-slf4j-impl-2.19.0.jar:/home/runner/.m2/repository/org/apache/logging/log4j/log4j-api/2.24.3/log4j-api-2.24.3.jar:/home/runner/.m2/repository/org/apache/logging/log4j/log4j-core/2.19.0/log4j-core-2.19.0.jar:/home/runner/.m2/repository/eu/rekawek/toxiproxy/toxiproxy-java/2.1.7/toxiproxy-java-2.1.7.jar:/home/runner/.m2/repository/org/testcontainers/pulsar/1.21.3/pulsar-1.21.3.jar:/home/runner/.m2/repository/io/debezium/debezium-testing-testcontainers/2.7.4.Final/debezium-testing-testcontainers-2.7.4.Final.jar:/home/runner/.m2/repository/org/testcontainers/kafka/1.20.6/kafka-1.20.6.jar:/home/runner/.m2/repository/com/squareup/okhttp3/okhttp/4.8.1/okhttp-4.8.1.jar:/home/runner/.m2/repository/com/squareup/okio/okio/3.10.2/okio-3.10.2.jar:/home/runner/.m2/repository/com/squareup/okio/okio-jvm/3.10.2/okio-jvm-3.10.2.jar:/home/runner/.m2/repository/org/jetbrains/kotlin/kotlin-stdlib/2.0.21/kotlin-stdlib-2.0.21.jar:/home/runner/.m2/repository/org/awaitility/awaitility/4.3.0/awaitility-4.3.0.jar:/home/runner/.m2/repository/org/testcontainers/mongodb/1.20.6/mongodb-1.20.6.jar:/home/runner/.m2/repository/org/testcontainers/mariadb/1.20.6/mariadb-1.20.6.jar:/home/runner/.m2/repository/org/testcontainers/oracle-xe/1.20.6/oracle-xe-1.20.6.jar:/home/runner/.m2/repository/org/testcontainers/postgresql/1.20.6/postgresql-1.20.6.jar:/home/runner/.m2/repository/org/wiremock/wiremock/3.0.1/wiremock-3.0.1.jar:/home/runner/.m2/repository/org/eclipse/jetty/jetty-server/11.0.15/jetty-server-11.0.15.jar:/home/runner/.m2/repository/org/eclipse/jetty/toolchain/jetty-jakarta-servlet-api/5.0.2/jetty-jakarta-servlet-api-5.0.2.jar:/home/runner/.m2/repository/org/eclipse/jetty/jetty-http/11.0.15/jetty-http-11.0.15.jar:/home/runner/.m2/repository/org/eclipse/jetty/jetty-io/11.0.15/jetty-io-11.0.15.jar:/home/runner/.m2/repository/org/eclipse/jetty/jetty-servlet/11.0.15/jetty-servlet-11.0.15.jar:/home/runner/.m2/repository/org/eclipse/jetty/jetty-security/11.0.15/jetty-security-11.0.15.jar:/home/runner/.m2/repository/org/eclipse/jetty/jetty-servlets/11.0.15/jetty-servlets-11.0.15.jar:/home/runner/.m2/repository/org/eclipse/jetty/jetty-util/11.0.15/jetty-util-11.0.15.jar:/home/runner/.m2/repository/org/eclipse/jetty/jetty-webapp/11.0.15/jetty-webapp-11.0.15.jar:/home/runner/.m2/repository/org/eclipse/jetty/jetty-xml/11.0.15/jetty-xml-11.0.15.jar:/home/runner/.m2/repository/org/eclipse/jetty/jetty-proxy/11.0.15/jetty-proxy-11.0.15.jar:/home/runner/.m2/repository/org/eclipse/jetty/jetty-client/11.0.15/jetty-client-11.0.15.jar:/home/runner/.m2/repository/org/eclipse/jetty/http2/http2-server/11.0.15/http2-server-11.0.15.jar:/home/runner/.m2/repository/org/eclipse/jetty/http2/http2-common/11.0.15/http2-common-11.0.15.jar:/home/runner/.m2/repository/org/eclipse/jetty/http2/http2-hpack/11.0.15/http2-hpack-11.0.15.jar:/home/runner/.m2/repository/org/eclipse/jetty/jetty-alpn-server/11.0.15/jetty-alpn-server-11.0.15.jar:/home/runner/.m2/repository/org/eclipse/jetty/jetty-alpn-java-server/11.0.15/jetty-alpn-java-server-11.0.15.jar:/home/runner/.m2/repository/org/eclipse/jetty/jetty-alpn-java-client/11.0.15/jetty-alpn-java-client-11.0.15.jar:/home/runner/.m2/repository/org/eclipse/jetty/jetty-alpn-client/11.0.15/jetty-alpn-client-11.0.15.jar:/home/runner/.m2/repository/org/apache/httpcomponents/client5/httpclient5/5.2.1/httpclient5-5.2.1.jar:/home/runner/.m2/repository/org/apache/httpcomponents/core5/httpcore5/5.2/httpcore5-5.2.jar:/home/runner/.m2/repository/org/apache/httpcomponents/core5/httpcore5-h2/5.2/httpcore5-h2-5.2.jar:/home/runner/.m2/repository/org/xmlunit/xmlunit-core/2.9.1/xmlunit-core-2.9.1.jar:/home/runner/.m2/repository/jakarta/xml/bind/jakarta.xml.bind-api/4.0.2/jakarta.xml.bind-api-4.0.2.jar:/home/runner/.m2/repository/org/xmlunit/xmlunit-legacy/2.9.1/xmlunit-legacy-2.9.1.jar:/home/runner/.m2/repository/org/xmlunit/xmlunit-placeholders/2.9.1/xmlunit-placeholders-2.9.1.jar:/home/runner/.m2/repository/net/javacrumbs/json-unit/json-unit-core/2.38.0/json-unit-core-2.38.0.jar:/home/runner/.m2/repository/org/hamcrest/hamcrest-core/2.2/hamcrest-core-2.2.jar:/home/runner/.m2/repository/com/jayway/jsonpath/json-path/2.8.0/json-path-2.8.0.jar:/home/runner/.m2/repository/net/minidev/json-smart/2.4.10/json-smart-2.4.10.jar:/home/runner/.m2/repository/net/minidev/accessors-smart/2.4.9/accessors-smart-2.4.9.jar:/home/runner/.m2/repository/org/ow2/asm/asm/9.7.1/asm-9.7.1.jar:/home/runner/.m2/repository/net/sf/jopt-simple/jopt-simple/5.0.4/jopt-simple-5.0.4.jar:/home/runner/.m2/repository/com/github/jknack/handlebars/4.3.1/handlebars-4.3.1.jar:/home/runner/.m2/repository/com/github/jknack/handlebars-helpers/4.3.1/handlebars-helpers-4.3.1.jar:/home/runner/.m2/repository/commons-fileupload/commons-fileupload/1.5/commons-fileupload-1.5.jar:/home/runner/.m2/repository/com/networknt/json-schema-validator/1.5.8/json-schema-validator-1.5.8.jar:/home/runner/.m2/repository/com/ethlo/time/itu/1.10.3/itu-1.10.3.jar:/home/runner/.m2/repository/io/quarkus/quarkus-smallrye-jwt-build/3.20.2/quarkus-smallrye-jwt-build-3.20.2.jar:/home/runner/.m2/repository/io/smallrye/smallrye-jwt-build/4.6.2/smallrye-jwt-build-4.6.2.jar:/home/runner/.m2/repository/org/eclipse/microprofile/jwt/microprofile-jwt-auth-api/2.1/microprofile-jwt-auth-api-2.1.jar:/home/runner/.m2/repository/org/bitbucket/b_c/jose4j/0.9.6/jose4j-0.9.6.jar:/home/runner/.m2/repository/io/smallrye/smallrye-jwt-common/4.6.2/smallrye-jwt-common-4.6.2.jar:/home/runner/.m2/repository/io/quarkus/quarkus-jsonp/3.20.2/quarkus-jsonp-3.20.2.jar:/home/runner/.m2/repository/io/quarkus/quarkus-arc/3.20.2/quarkus-arc-3.20.2.jar:/home/runner/.m2/repository/io/quarkus/arc/arc/3.20.2/arc-3.20.2.jar:/home/runner/.m2/repository/jakarta/transaction/jakarta.transaction-api/2.0.1/jakarta.transaction-api-2.0.1.jar:/home/runner/.m2/repository/io/smallrye/reactive/mutiny/2.9.2/mutiny-2.9.2.jar:/home/runner/.m2/repository/org/jctools/jctools-core/4.0.5/jctools-core-4.0.5.jar:/home/runner/.m2/repository/org/eclipse/microprofile/context-propagation/microprofile-context-propagation-api/1.3/microprofile-context-propagation-api-1.3.jar:/home/runner/.m2/repository/io/apicurio/apicurio-common-rest-client-common/0.1.18.Final/apicurio-common-rest-client-common-0.1.18.Final.jar:/home/runner/work/apicurio-testing/apicurio-testing/clusters/ci419/namespaces/pg17/tests/integration/apicurio-registry/utils/maven-plugin/target/apicurio-registry-maven-plugin-3.0.12-SNAPSHOT.jar:/home/runner/.m2/repository/com/fasterxml/jackson/core/jackson-databind/2.18.2/jackson-databind-2.18.2.jar:/home/runner/.m2/repository/org/apache/avro/avro/1.12.0/avro-1.12.0.jar:/home/runner/.m2/repository/com/google/protobuf/protobuf-java/4.31.1/protobuf-java-4.31.1.jar:/home/runner/.m2/repository/com/google/protobuf/protobuf-java-util/4.31.1/protobuf-java-util-4.31.1.jar:/home/runner/.m2/repository/com/google/code/findbugs/jsr305/3.0.2/jsr305-3.0.2.jar:/home/runner/.m2/repository/com/google/code/gson/gson/2.12.1/gson-2.12.1.jar:/home/runner/.m2/repository/com/google/errorprone/error_prone_annotations/2.36.0/error_prone_annotations-2.36.0.jar:/home/runner/.m2/repository/com/google/j2objc/j2objc-annotations/2.8/j2objc-annotations-2.8.jar:/home/runner/work/apicurio-testing/apicurio-testing/clusters/ci419/namespaces/pg17/tests/integration/apicurio-registry/schema-util/util-provider/target/apicurio-registry-schema-util-provider-3.0.12-SNAPSHOT.jar:/home/runner/work/apicurio-testing/apicurio-testing/clusters/ci419/namespaces/pg17/tests/integration/apicurio-registry/schema-util/common/target/apicurio-registry-schema-util-common-3.0.12-SNAPSHOT.jar:/home/runner/.m2/repository/com/fasterxml/jackson/module/jackson-module-parameter-names/2.18.2/jackson-module-parameter-names-2.18.2.jar:/home/runner/.m2/repository/com/fasterxml/jackson/datatype/jackson-datatype-json-org/2.18.2/jackson-datatype-json-org-2.18.2.jar:/home/runner/work/apicurio-testing/apicurio-testing/clusters/ci419/namespaces/pg17/tests/integration/apicurio-registry/schema-util/json/target/apicurio-registry-schema-util-json-3.0.12-SNAPSHOT.jar:/home/runner/.m2/repository/com/github/erosb/everit-json-schema/1.14.5/everit-json-schema-1.14.5.jar:/home/runner/.m2/repository/commons-validator/commons-validator/1.9.0/commons-validator-1.9.0.jar:/home/runner/.m2/repository/commons-digester/commons-digester/2.1/commons-digester-2.1.jar:/home/runner/.m2/repository/commons-collections/commons-collections/3.2.2/commons-collections-3.2.2.jar:/home/runner/.m2/repository/com/damnhandy/handy-uri-templates/2.1.8/handy-uri-templates-2.1.8.jar:/home/runner/.m2/repository/joda-time/joda-time/2.10.2/joda-time-2.10.2.jar:/home/runner/.m2/repository/com/github/erosb/json-sKema/0.20.0/json-sKema-0.20.0.jar:/home/runner/.m2/repository/io/vertx/vertx-json-schema/4.5.16/vertx-json-schema-4.5.16.jar:/home/runner/work/apicurio-testing/apicurio-testing/clusters/ci419/namespaces/pg17/tests/integration/apicurio-registry/schema-util/protobuf/target/apicurio-registry-schema-util-protobuf-3.0.12-SNAPSHOT.jar:/home/runner/work/apicurio-testing/apicurio-testing/clusters/ci419/namespaces/pg17/tests/integration/apicurio-registry/utils/protobuf-schema-utilities/target/apicurio-registry-protobuf-schema-utilities-3.0.12-SNAPSHOT.jar:/home/runner/.m2/repository/com/google/api/grpc/proto-google-common-protos/2.52.0/proto-google-common-protos-2.52.0.jar:/home/runner/.m2/repository/com/squareup/wire/wire-schema-jvm/5.3.3/wire-schema-jvm-5.3.3.jar:/home/runner/.m2/repository/com/palantir/javapoet/javapoet/0.6.0/javapoet-0.6.0.jar:/home/runner/.m2/repository/com/squareup/kotlinpoet-jvm/2.0.0/kotlinpoet-jvm-2.0.0.jar:/home/runner/.m2/repository/org/jetbrains/kotlin/kotlin-reflect/2.0.21/kotlin-reflect-2.0.21.jar:/home/runner/.m2/repository/com/squareup/wire/wire-runtime-jvm/5.3.3/wire-runtime-jvm-5.3.3.jar:/home/runner/.m2/repository/com/ibm/icu/icu4j/76.1/icu4j-76.1.jar:/home/runner/.m2/repository/com/squareup/okio/okio-fakefilesystem/3.10.2/okio-fakefilesystem-3.10.2.jar:/home/runner/.m2/repository/com/squareup/okio/okio-fakefilesystem-jvm/3.10.2/okio-fakefilesystem-jvm-3.10.2.jar:/home/runner/.m2/repository/org/jetbrains/kotlinx/kotlinx-datetime-jvm/0.6.1/kotlinx-datetime-jvm-0.6.1.jar:/home/runner/work/apicurio-testing/apicurio-testing/clusters/ci419/namespaces/pg17/tests/integration/apicurio-registry/schema-util/asyncapi/target/apicurio-registry-schema-util-asyncapi-3.0.12-SNAPSHOT.jar:/home/runner/work/apicurio-testing/apicurio-testing/clusters/ci419/namespaces/pg17/tests/integration/apicurio-registry/schema-util/avro/target/apicurio-registry-schema-util-avro-3.0.12-SNAPSHOT.jar:/home/runner/work/apicurio-testing/apicurio-testing/clusters/ci419/namespaces/pg17/tests/integration/apicurio-registry/schema-util/graphql/target/apicurio-registry-schema-util-graphql-3.0.12-SNAPSHOT.jar:/home/runner/.m2/repository/com/graphql-java/graphql-java/22.4/graphql-java-22.4.jar:/home/runner/.m2/repository/com/graphql-java/java-dataloader/3.3.0/java-dataloader-3.3.0.jar:/home/runner/work/apicurio-testing/apicurio-testing/clusters/ci419/namespaces/pg17/tests/integration/apicurio-registry/schema-util/kconnect/target/apicurio-registry-schema-util-kconnect-3.0.12-SNAPSHOT.jar:/home/runner/work/apicurio-testing/apicurio-testing/clusters/ci419/namespaces/pg17/tests/integration/apicurio-registry/schema-util/openapi/target/apicurio-registry-schema-util-openapi-3.0.12-SNAPSHOT.jar:/home/runner/.m2/repository/io/apicurio/apicurio-data-models/2.2.2/apicurio-data-models-2.2.2.jar:/home/runner/.m2/repository/org/openapitools/openapidiff/openapi-diff-core/2.1.2/openapi-diff-core-2.1.2.jar:/home/runner/.m2/repository/io/swagger/parser/v3/swagger-parser/2.1.28/swagger-parser-2.1.28.jar:/home/runner/.m2/repository/io/swagger/parser/v3/swagger-parser-v2-converter/2.1.28/swagger-parser-v2-converter-2.1.28.jar:/home/runner/.m2/repository/io/swagger/swagger-core/1.6.16/swagger-core-1.6.16.jar:/home/runner/.m2/repository/io/swagger/swagger-models/1.6.16/swagger-models-1.6.16.jar:/home/runner/.m2/repository/io/swagger/swagger-annotations/1.6.16/swagger-annotations-1.6.16.jar:/home/runner/.m2/repository/io/swagger/swagger-parser/1.0.75/swagger-parser-1.0.75.jar:/home/runner/.m2/repository/io/swagger/swagger-parser-safe-url-resolver/1.0.75/swagger-parser-safe-url-resolver-1.0.75.jar:/home/runner/.m2/repository/io/swagger/swagger-compat-spec-parser/1.0.75/swagger-compat-spec-parser-1.0.75.jar:/home/runner/.m2/repository/com/github/java-json-tools/json-schema-validator/2.2.14/json-schema-validator-2.2.14.jar:/home/runner/.m2/repository/com/github/java-json-tools/jackson-coreutils-equivalence/1.0/jackson-coreutils-equivalence-1.0.jar:/home/runner/.m2/repository/com/github/java-json-tools/json-schema-core/1.2.14/json-schema-core-1.2.14.jar:/home/runner/.m2/repository/com/github/java-json-tools/uri-template/0.10/uri-template-0.10.jar:/home/runner/.m2/repository/com/googlecode/libphonenumber/libphonenumber/8.11.1/libphonenumber-8.11.1.jar:/home/runner/.m2/repository/com/j2html/j2html/1.6.0/j2html-1.6.0.jar:/home/runner/.m2/repository/org/apache/commons/commons-collections4/4.5.0/commons-collections4-4.5.0.jar:/home/runner/.m2/repository/org/slf4j/jcl-over-slf4j/2.0.17/jcl-over-slf4j-2.0.17.jar:/home/runner/.m2/repository/io/swagger/parser/v3/swagger-parser-v3/2.1.31/swagger-parser-v3-2.1.31.jar:/home/runner/.m2/repository/io/swagger/core/v3/swagger-models/2.2.34/swagger-models-2.2.34.jar:/home/runner/.m2/repository/io/swagger/core/v3/swagger-core/2.2.34/swagger-core-2.2.34.jar:/home/runner/.m2/repository/io/swagger/parser/v3/swagger-parser-core/2.1.31/swagger-parser-core-2.1.31.jar:/home/runner/.m2/repository/io/swagger/parser/v3/swagger-parser-safe-url-resolver/2.1.31/swagger-parser-safe-url-resolver-2.1.31.jar:/home/runner/work/apicurio-testing/apicurio-testing/clusters/ci419/namespaces/pg17/tests/integration/apicurio-registry/schema-util/wsdl/target/apicurio-registry-schema-util-wsdl-3.0.12-SNAPSHOT.jar:/home/runner/.m2/repository/wsdl4j/wsdl4j/1.6.3/wsdl4j-1.6.3.jar:/home/runner/work/apicurio-testing/apicurio-testing/clusters/ci419/namespaces/pg17/tests/integration/apicurio-registry/schema-util/xml/target/apicurio-registry-schema-util-xml-3.0.12-SNAPSHOT.jar:/home/runner/.m2/repository/org/apache/santuario/xmlsec/4.0.4/xmlsec-4.0.4.jar:/home/runner/.m2/repository/com/fasterxml/woodstox/woodstox-core/7.1.1/woodstox-core-7.1.1.jar:/home/runner/.m2/repository/org/codehaus/woodstox/stax2-api/4.2.2/stax2-api-4.2.2.jar:/home/runner/work/apicurio-testing/apicurio-testing/clusters/ci419/namespaces/pg17/tests/integration/apicurio-registry/schema-util/xsd/target/apicurio-registry-schema-util-xsd-3.0.12-SNAPSHOT.jar:/home/runner/work/apicurio-testing/apicurio-testing/clusters/ci419/namespaces/pg17/tests/integration/apicurio-registry/serdes/kafka/jsonschema-serde/target/apicurio-registry-jsonschema-serde-kafka-3.0.12-SNAPSHOT.jar:/home/runner/work/apicurio-testing/apicurio-testing/clusters/ci419/namespaces/pg17/tests/integration/apicurio-registry/serdes/kafka/serde-kafka-common/target/apicurio-registry-serde-kafka-common-3.0.12-SNAPSHOT.jar:/home/runner/work/apicurio-testing/apicurio-testing/clusters/ci419/namespaces/pg17/tests/integration/apicurio-registry/serdes/generic/serde-common/target/apicurio-registry-serde-common-3.0.12-SNAPSHOT.jar:/home/runner/work/apicurio-testing/apicurio-testing/clusters/ci419/namespaces/pg17/tests/integration/apicurio-registry/serdes/generic/serde-common-jsonschema/target/apicurio-registry-serde-common-jsonschema-3.0.12-SNAPSHOT.jar:/home/runner/.m2/repository/org/json/json/20250107/json-20250107.jar:/home/runner/work/apicurio-testing/apicurio-testing/clusters/ci419/namespaces/pg17/tests/integration/apicurio-registry/serdes/kafka/avro-serde/target/apicurio-registry-avro-serde-kafka-3.0.12-SNAPSHOT.jar:/home/runner/work/apicurio-testing/apicurio-testing/clusters/ci419/namespaces/pg17/tests/integration/apicurio-registry/serdes/generic/serde-common-avro/target/apicurio-registry-serde-common-avro-3.0.12-SNAPSHOT.jar:/home/runner/work/apicurio-testing/apicurio-testing/clusters/ci419/namespaces/pg17/tests/integration/apicurio-registry/serdes/kafka/protobuf-serde/target/apicurio-registry-protobuf-serde-kafka-3.0.12-SNAPSHOT.jar:/home/runner/work/apicurio-testing/apicurio-testing/clusters/ci419/namespaces/pg17/tests/integration/apicurio-registry/serdes/generic/serde-common-protobuf/target/apicurio-registry-serde-common-protobuf-3.0.12-SNAPSHOT.jar:/home/runner/.m2/repository/com/squareup/wire/wire-schema/5.3.3/wire-schema-5.3.3.jar:/home/runner/.m2/repository/com/squareup/wire/wire-runtime/5.3.3/wire-runtime-5.3.3.jar:/home/runner/work/apicurio-testing/apicurio-testing/clusters/ci419/namespaces/pg17/tests/integration/apicurio-registry/serdes/pulsar/avro-serde/target/apicurio-registry-avro-serde-pulsar-3.0.12-SNAPSHOT.jar:/home/runner/.m2/repository/org/apache/pulsar/pulsar-functions-api/3.3.8/pulsar-functions-api-3.3.8.jar:/home/runner/work/apicurio-testing/apicurio-testing/clusters/ci419/namespaces/pg17/tests/integration/apicurio-registry/serdes/nats/avro-serde/target/apicurio-registry-avro-serde-nats-3.0.12-SNAPSHOT.jar:/home/runner/.m2/repository/io/nats/jnats/2.21.4/jnats-2.21.4.jar:/home/runner/.m2/repository/org/bouncycastle/bcprov-lts8on/2.73.7/bcprov-lts8on-2.73.7.jar:/home/runner/.m2/repository/org/jetbrains/annotations/26.0.2/annotations-26.0.2.jar:/home/runner/work/apicurio-testing/apicurio-testing/clusters/ci419/namespaces/pg17/tests/integration/apicurio-registry/utils/converter/target/apicurio-registry-utils-converter-3.0.12-SNAPSHOT.jar:/home/runner/work/apicurio-testing/apicurio-testing/clusters/ci419/namespaces/pg17/tests/integration/apicurio-registry/schema-resolver/target/apicurio-registry-schema-resolver-3.0.12-SNAPSHOT.jar:/home/runner/.m2/repository/org/apache/kafka/connect-api/3.9.1/connect-api-3.9.1.jar:/home/runner/.m2/repository/javax/ws/rs/javax.ws.rs-api/2.1.1/javax.ws.rs-api-2.1.1.jar:/home/runner/.m2/repository/org/apache/kafka/connect-json/3.9.1/connect-json-3.9.1.jar:/home/runner/.m2/repository/com/fasterxml/jackson/datatype/jackson-datatype-jdk8/2.18.2/jackson-datatype-jdk8-2.18.2.jar:/home/runner/.m2/repository/com/fasterxml/jackson/module/jackson-module-afterburner/2.18.2/jackson-module-afterburner-2.18.2.jar:/home/runner/work/apicurio-testing/apicurio-testing/clusters/ci419/namespaces/pg17/tests/integration/apicurio-registry/utils/kafka/target/apicurio-registry-utils-kafka-3.0.12-SNAPSHOT.jar:/home/runner/.m2/repository/org/apache/pulsar/pulsar-client/3.3.8/pulsar-client-3.3.8.jar:/home/runner/.m2/repository/org/apache/pulsar/pulsar-client-api/3.3.8/pulsar-client-api-3.3.8.jar:/home/runner/.m2/repository/org/apache/pulsar/pulsar-client-admin-api/3.3.8/pulsar-client-admin-api-3.3.8.jar:/home/runner/.m2/repository/org/apache/pulsar/bouncy-castle-bc/3.3.8/bouncy-castle-bc-3.3.8-pkg.jar:/home/runner/.m2/repository/org/bouncycastle/bcpkix-jdk18on/1.81/bcpkix-jdk18on-1.81.jar:/home/runner/.m2/repository/org/bouncycastle/bcutil-jdk18on/1.81/bcutil-jdk18on-1.81.jar:/home/runner/.m2/repository/org/bouncycastle/bcprov-jdk18on/1.81/bcprov-jdk18on-1.81.jar:/home/runner/.m2/repository/io/opentelemetry/opentelemetry-api/1.44.1/opentelemetry-api-1.44.1.jar:/home/runner/.m2/repository/io/opentelemetry/opentelemetry-context/1.44.1/opentelemetry-context-1.44.1.jar:/home/runner/.m2/repository/io/opentelemetry/opentelemetry-api-incubator/1.44.1-alpha/opentelemetry-api-incubator-1.44.1-alpha.jar:/home/runner/.m2/repository/com/fasterxml/jackson/core/jackson-annotations/2.18.2/jackson-annotations-2.18.2.jar:/home/runner/.m2/repository/javax/validation/validation-api/1.1.0.Final/validation-api-1.1.0.Final.jar:/home/runner/.m2/repository/org/jspecify/jspecify/1.0.0/jspecify-1.0.0.jar:/home/runner/.m2/repository/org/apache/commons/commons-configuration2/2.12.0/commons-configuration2-2.12.0.jar:/home/runner/.m2/repository/commons-logging/commons-logging/1.3.5/commons-logging-1.3.5.jar:/home/runner/.m2/repository/org/apache/commons/commons-text/1.13.0/commons-text-1.13.0.jar:/home/runner/.m2/repository/io/confluent/kafka-avro-serializer/8.0.0/kafka-avro-serializer-8.0.0.jar:/home/runner/.m2/repository/org/apache/commons/commons-compress/1.27.1/commons-compress-1.27.1.jar:/home/runner/.m2/repository/io/confluent/kafka-schema-serializer/8.0.0/kafka-schema-serializer-8.0.0.jar:/home/runner/.m2/repository/com/fasterxml/jackson/dataformat/jackson-dataformat-csv/2.18.2/jackson-dataformat-csv-2.18.2.jar:/home/runner/.m2/repository/io/confluent/kafka-schema-registry-client/8.0.0/kafka-schema-registry-client-8.0.0.jar:/home/runner/.m2/repository/org/yaml/snakeyaml/2.3/snakeyaml-2.3.jar:/home/runner/.m2/repository/io/swagger/core/v3/swagger-annotations/2.2.29/swagger-annotations-2.2.29.jar:/home/runner/.m2/repository/com/google/guava/guava/33.4.0-jre/guava-33.4.0-jre.jar:/home/runner/.m2/repository/com/google/guava/failureaccess/1.0.1/failureaccess-1.0.1.jar:/home/runner/.m2/repository/org/checkerframework/checker-qual/3.49.0/checker-qual-3.49.0.jar:/home/runner/.m2/repository/io/confluent/logredactor/1.0.13/logredactor-1.0.13.jar:/home/runner/.m2/repository/com/google/re2j/re2j/1.6/re2j-1.6.jar:/home/runner/.m2/repository/io/confluent/logredactor-metrics/1.0.13/logredactor-metrics-1.0.13.jar:/home/runner/.m2/repository/com/eclipsesource/minimal-json/minimal-json/0.9.5/minimal-json-0.9.5.jar:/home/runner/.m2/repository/io/confluent/common-utils/8.0.0/common-utils-8.0.0.jar:/home/runner/.m2/repository/io/confluent/kafka-connect-avro-converter/8.0.0/kafka-connect-avro-converter-8.0.0.jar:/home/runner/.m2/repository/io/confluent/kafka-connect-avro-data/8.0.0/kafka-connect-avro-data-8.0.0.jar:/home/runner/.m2/repository/io/confluent/kafka-schema-converter/8.0.0/kafka-schema-converter-8.0.0.jar:/home/runner/.m2/repository/io/rest-assured/rest-assured/5.5.1/rest-assured-5.5.1.jar:/home/runner/.m2/repository/org/apache/groovy/groovy/4.0.22/groovy-4.0.22.jar:/home/runner/.m2/repository/org/apache/groovy/groovy-xml/4.0.22/groovy-xml-4.0.22.jar:/home/runner/.m2/repository/org/apache/httpcomponents/httpclient/4.5.14/httpclient-4.5.14.jar:/home/runner/.m2/repository/org/apache/httpcomponents/httpcore/4.4.16/httpcore-4.4.16.jar:/home/runner/.m2/repository/org/apache/httpcomponents/httpmime/4.5.14/httpmime-4.5.14.jar:/home/runner/.m2/repository/org/hamcrest/hamcrest/2.2/hamcrest-2.2.jar:/home/runner/.m2/repository/org/ccil/cowan/tagsoup/tagsoup/1.2.1/tagsoup-1.2.1.jar:/home/runner/.m2/repository/io/rest-assured/json-path/5.5.1/json-path-5.5.1.jar:/home/runner/.m2/repository/org/apache/groovy/groovy-json/4.0.22/groovy-json-4.0.22.jar:/home/runner/.m2/repository/io/rest-assured/rest-assured-common/5.5.1/rest-assured-common-5.5.1.jar:/home/runner/.m2/repository/io/rest-assured/xml-path/5.5.1/xml-path-5.5.1.jar:/home/runner/.m2/repository/io/zonky/test/embedded-postgres/2.1.0/embedded-postgres-2.1.0.jar:/home/runner/.m2/repository/io/zonky/test/postgres/embedded-postgres-binaries-windows-amd64/14.15.0/embedded-postgres-binaries-windows-amd64-14.15.0.jar:/home/runner/.m2/repository/io/zonky/test/postgres/embedded-postgres-binaries-darwin-amd64/14.15.0/embedded-postgres-binaries-darwin-amd64-14.15.0.jar:/home/runner/.m2/repository/io/zonky/test/postgres/embedded-postgres-binaries-linux-amd64/14.15.0/embedded-postgres-binaries-linux-amd64-14.15.0.jar:/home/runner/.m2/repository/io/zonky/test/postgres/embedded-postgres-binaries-linux-amd64-alpine/14.15.0/embedded-postgres-binaries-linux-amd64-alpine-14.15.0.jar:/home/runner/.m2/repository/org/apache/commons/commons-lang3/3.17.0/commons-lang3-3.17.0.jar:/home/runner/.m2/repository/org/tukaani/xz/1.10/xz-1.10.jar:/home/runner/.m2/repository/commons-codec/commons-codec/1.19.0/commons-codec-1.19.0.jar:/home/runner/.m2/repository/org/postgresql/postgresql/42.7.7/postgresql-42.7.7.jar:/home/runner/.m2/repository/commons-io/commons-io/2.18.0/commons-io-2.18.0.jar:/home/runner/work/apicurio-testing/apicurio-testing/clusters/ci419/namespaces/pg17/tests/integration/apicurio-registry/utils/importexport/target/apicurio-registry-utils-import-export-3.0.12-SNAPSHOT.jar:/home/runner/.m2/repository/io/vertx/vertx-core/4.5.16/vertx-core-4.5.16.jar:/home/runner/.m2/repository/io/netty/netty-common/4.1.121.Final/netty-common-4.1.121.Final.jar:/home/runner/.m2/repository/io/netty/netty-buffer/4.1.121.Final/netty-buffer-4.1.121.Final.jar:/home/runner/.m2/repository/io/netty/netty-transport/4.1.121.Final/netty-transport-4.1.121.Final.jar:/home/runner/.m2/repository/io/netty/netty-handler/4.1.121.Final/netty-handler-4.1.121.Final.jar:/home/runner/.m2/repository/io/netty/netty-transport-native-unix-common/4.1.121.Final/netty-transport-native-unix-common-4.1.121.Final.jar:/home/runner/.m2/repository/io/netty/netty-codec/4.1.121.Final/netty-codec-4.1.121.Final.jar:/home/runner/.m2/repository/io/netty/netty-handler-proxy/4.1.121.Final/netty-handler-proxy-4.1.121.Final.jar:/home/runner/.m2/repository/io/netty/netty-codec-socks/4.1.121.Final/netty-codec-socks-4.1.121.Final.jar:/home/runner/.m2/repository/io/netty/netty-codec-http/4.1.121.Final/netty-codec-http-4.1.121.Final.jar:/home/runner/.m2/repository/io/netty/netty-codec-http2/4.1.121.Final/netty-codec-http2-4.1.121.Final.jar:/home/runner/.m2/repository/io/netty/netty-resolver/4.1.121.Final/netty-resolver-4.1.121.Final.jar:/home/runner/.m2/repository/io/netty/netty-resolver-dns/4.1.121.Final/netty-resolver-dns-4.1.121.Final.jar:/home/runner/.m2/repository/io/netty/netty-codec-dns/4.1.121.Final/netty-codec-dns-4.1.121.Final.jar:/home/runner/.m2/repository/com/fasterxml/jackson/core/jackson-core/2.18.2/jackson-core-2.18.2.jar:"/>
    <property name="sun.cpu.endian" value="little"/>
    <property name="user.home" value="/home/runner"/>
    <property name="user.language" value="en"/>
    <property name="jboss.log-version" value="false"/>
    <property name="java.specification.vendor" value="Oracle Corporation"/>
    <property name="java.version.date" value="2025-07-15"/>
    <property name="java.home" value="/usr/lib/jvm/temurin-17-jdk-amd64"/>
    <property name="file.separator" value="/"/>
    <property name="basedir" value="/home/runner/work/apicurio-testing/apicurio-testing/clusters/ci419/namespaces/pg17/tests/integration/apicurio-registry/integration-tests"/>
    <property name="java.vm.compressedOopsMode" value="32-bit"/>
    <property name="line.separator" value="&#10;"/>
    <property name="java.specification.name" value="Java Platform API Specification"/>
    <property name="java.vm.specification.vendor" value="Oracle Corporation"/>
    <property name="quarkus.http.test-host" value="registry-app-pg17.apps.ci419.apicurio-testing.org"/>
    <property name="surefire.real.class.path" value="/home/runner/work/apicurio-testing/apicurio-testing/clusters/ci419/namespaces/pg17/tests/integration/apicurio-registry/integration-tests/target/surefire/surefirebooter-20250813181751014_3.jar"/>
    <property name="sun.management.compiler" value="HotSpot 64-Bit Tiered Compilers"/>
    <property name="org.eclipse.jetty.http.HttpGenerator.STRICT" value="true"/>
    <property name="java.runtime.version" value="17.0.16+8"/>
    <property name="user.name" value="runner"/>
    <property name="path.separator" value=":"/>
    <property name="os.version" value="6.8.0-1031-azure"/>
    <property name="java.runtime.name" value="OpenJDK Runtime Environment"/>
    <property name="file.encoding" value="UTF-8"/>
    <property name="jnidispatch.path" value="/home/runner/.cache/JNA/temp/jna6541339648550350296.tmp"/>
    <property name="java.vm.name" value="OpenJDK 64-Bit Server VM"/>
    <property name="jna.platform.library.path" value="/usr/lib/x86_64-linux-gnu:/lib/x86_64-linux-gnu:/usr/lib64:/lib64:/usr/lib:/lib:/lib32:/usr/local/lib:/usr/lib/x86_64-linux-gnu/libfakeroot"/>
    <property name="java.vendor.version" value="Temurin-17.0.16+8"/>
    <property name="quarkus.oidc.token-path" value="https://keycloak-pg17.apps.ci419.apicurio-testing.org/realms/registry/protocol/openid-connect/token"/>
    <property name="quarkus.http.host" value="registry-app-pg17.apps.ci419.apicurio-testing.org"/>
    <property name="localRepository" value="/home/runner/.m2/repository"/>
    <property name="javax.xml.xpath.XPathFactory:http://java.sun.com/jaxp/xpath/dom" value="com.sun.org.apache.xpath.internal.jaxp.XPathFactoryImpl"/>
    <property name="jna.loaded" value="true"/>
    <property name="java.vendor.url.bug" value="https://github.com/adoptium/adoptium-support/issues"/>
    <property name="jetty.git.hash" value="5bc5e562c8d05c5862505aebe5cf83a61bdbcb96"/>
    <property name="java.io.tmpdir" value="/tmp"/>
    <property name="quarkus.http.test-protocol" value="http"/>
    <property name="java.version" value="17.0.16"/>
    <property name="user.dir" value="/home/runner/work/apicurio-testing/apicurio-testing/clusters/ci419/namespaces/pg17/tests/integration/apicurio-registry/integration-tests"/>
    <property name="os.arch" value="amd64"/>
    <property name="groups" value="( smoke | serdes | acceptance | ui)"/>
    <property name="java.vm.specification.name" value="Java Virtual Machine Specification"/>
    <property name="native.encoding" value="UTF-8"/>
    <property name="java.util.logging.manager" value="org.jboss.logmanager.LogManager"/>
    <property name="java.library.path" value="/usr/java/packages/lib:/usr/lib64:/lib64:/lib:/usr/lib"/>
    <property name="jdk.console" value="java.base"/>
    <property name="java.vm.info" value="mixed mode, sharing"/>
    <property name="java.vendor" value="Eclipse Adoptium"/>
    <property name="java.vm.version" value="17.0.16+8"/>
    <property name="java.specification.maintenance.version" value="1"/>
    <property name="sun.io.unicode.encoding" value="UnicodeLittle"/>
    <property name="javax.xml.transform.TransformerFactory" value="com.sun.org.apache.xalan.internal.xsltc.trax.TransformerFactoryImpl"/>
    <property name="java.class.version" value="61.0"/>
  </properties>
  <testcase name="testEvolveAvroConfluent" classname="io.apicurio.tests.serdes.confluent.BasicConfluentSerDesIT" time="14.06">
    <system-out><![CDATA[**** Registry Base URL: http://registry-app-pg17.apps.ci419.apicurio-testing.org:80
**** Registry Base URL: http://registry-app-pg17.apps.ci419.apicurio-testing.org:80
2025-08-13 18:21:51,200 INFO  [io.api.tes.ser.con.BasicConfluentSerDesIT] (main) RestAssured configured with http://registry-app-pg17.apps.ci419.apicurio-testing.org:80/apis/registry/v3
**** Registry Base URL: http://registry-app-pg17.apps.ci419.apicurio-testing.org:80
2025-08-13 18:21:51,712 INFO  [io.api.tes.ser.con.BasicConfluentSerDesIT] (main) Deleting confluent schema subj_72966878_7ffe_4b31_b2a7_9b3e323db633-value
2025-08-13 18:21:51,767 INFO  [io.api.tes.ser.con.BasicConfluentSerDesIT] (main) Deleting confluent schema subj_1d219382_87fd_4563_a479_e8936e959436-value
2025-08-13 18:21:51,818 INFO  [io.api.tes.ser.con.BasicConfluentSerDesIT] (main) Deleting confluent schema CUSTOMERS-key
2025-08-13 18:21:51,869 INFO  [io.api.tes.ser.con.BasicConfluentSerDesIT] (main) Deleting confluent schema CUSTOMERS.Value
2025-08-13 18:21:51,921 INFO  [io.api.tes.ser.con.BasicConfluentSerDesIT] (main) Deleting confluent schema CUSTOMERS-value
2025-08-13 18:21:51,971 INFO  [io.api.tes.ser.con.BasicConfluentSerDesIT] (main) Deleting confluent schema subj_77c6ccdf_d339_490b_908a_7929fd9c373b-value
2025-08-13 18:21:52,023 INFO  [io.api.tes.ser.con.BasicConfluentSerDesIT] (main) Deleting confluent schema topic-cf5523d5_aa54_44d1_be56_71e878ebb8a1-value
2025-08-13 18:21:52,073 INFO  [io.api.tes.ser.con.BasicConfluentSerDesIT] (main) Deleting confluent schema topic-d59d3bfa_5efa_4762_b803_b05a28a4eefe-value
2025-08-13 18:21:52,123 INFO  [io.api.tes.ser.con.BasicConfluentSerDesIT] (main) Deleting confluent schema topic-4f3e0d34_f9e7_42d1_a27f_6dc5fa0228a6-value
2025-08-13 18:21:52,173 INFO  [io.api.tes.ser.con.BasicConfluentSerDesIT] (main) Deleting confluent schema topic-d8aa19e1_9bac_4243_bae0_57fe2e881e48-value
2025-08-13 18:21:52,223 INFO  [io.api.tes.ser.con.BasicConfluentSerDesIT] (main) Deleting confluent schema topic-166cb59d_031d_4dbc_90b9_df2555a6a495-value
2025-08-13 18:21:52,273 INFO  [io.api.tes.ser.con.BasicConfluentSerDesIT] (main) Deleting confluent schema topic-98de9e22_bfbc_406e_9734_6652b4035139-value
2025-08-13 18:21:52,323 INFO  [io.api.tes.ser.con.BasicConfluentSerDesIT] (main) Deleting confluent schema myrecordconfluent
2025-08-13 18:21:52,373 INFO  [io.api.tes.ser.con.BasicConfluentSerDesIT] (main) Deleting confluent schema topic-798cb348_6e1b_4f63_b417_9d2b48f5bcf5
2025-08-13 18:21:52,424 INFO  [io.api.tes.ser.con.BasicConfluentSerDesIT] (main) Deleting confluent schema topic-e711e1fe_05ff_4d70_9807_b9db7fec814f-value
2025-08-13 18:21:52,474 INFO  [io.api.tes.ser.con.BasicConfluentSerDesIT] (main) Deleting confluent schema topic-bb302d6b_cf83_4e9f_814a_09241ad0fb54
2025-08-13 18:21:52,524 INFO  [io.api.tes.ser.con.BasicConfluentSerDesIT] (main) Deleting confluent schema topic-828e18a4_9bf4_4c27_bfb1_eb1ea2f95bda-value
2025-08-13 18:21:52,576 INFO  [io.api.tes.ser.con.BasicConfluentSerDesIT] (main) Deleting confluent schema topic-a6eb7333_4c51_4376_9fa7_20d2bf086409
2025-08-13 18:21:52,626 INFO  [io.api.tes.ser.con.BasicConfluentSerDesIT] (main) Deleting confluent schema topic-cfea7d49_25a6_4823_876d_ad8e92ce9419
2025-08-13 18:21:52,675 INFO  [io.api.tes.ser.con.BasicConfluentSerDesIT] (main) Deleting confluent schema topic-bd962ff3_d838_4753_bc64_02e78cc284e3-value
2025-08-13 18:21:52,724 INFO  [io.api.tes.ser.con.BasicConfluentSerDesIT] (main) Deleting confluent schema s9ef58734xb652x46cfxa789x75ae526aa63c-value
2025-08-13 18:21:52,773 INFO  [io.api.tes.ser.con.BasicConfluentSerDesIT] (main) Deleting confluent schema google/protobuf/timestamp.proto
2025-08-13 18:21:52,825 INFO  [io.api.tes.ser.con.BasicConfluentSerDesIT] (main) Deleting confluent schema topic-c36e7abf_e546_4bb1_ae5b_8e71607e60f8-value
2025-08-13 18:21:52,874 INFO  [io.api.tes.ser.con.BasicConfluentSerDesIT] (main) Deleting confluent schema topic-490a0c46_c3ae_49d3_bd91_48e3bcea21bc-value
2025-08-13 18:21:52,924 INFO  [io.api.tes.ser.con.BasicConfluentSerDesIT] (main) Deleting confluent schema s9bb591d0x996dx4a1fxa735x56fad30bb6dc-value
2025-08-13 18:21:52,975 INFO  [io.api.tes.ser.con.BasicConfluentSerDesIT] (main) Deleting confluent schema topic-822dfa7e_0fc0_46d7_8372_2fcae16df99e-value
2025-08-13 18:21:53,025 INFO  [io.api.tes.ser.con.BasicConfluentSerDesIT] (main) Deleting confluent schema sb07936d0xc72fx45f0x8b68x0a4c34a8f4a8-value
2025-08-13 18:21:53,075 INFO  [io.api.tes.ser.con.BasicConfluentSerDesIT] (main) Deleting confluent schema topic-0f80063d_abfb_4dab_88d1_452231544758-value
2025-08-13 18:21:53,124 INFO  [io.api.tes.ser.con.BasicConfluentSerDesIT] (main) Deleting confluent schema topic-710686e3_ea5f_427c_bd07_ba3998a73e88-value
2025-08-13 18:21:53,173 INFO  [io.api.tes.ser.con.BasicConfluentSerDesIT] (main) Deleting confluent schema topic-0d233bd3_3109_41d6_ba52_dcee29255803
2025-08-13 18:21:53,222 INFO  [io.api.tes.ser.con.BasicConfluentSerDesIT] (main) Deleting confluent schema topic-443c9e86_226c_4c18_9c02_96ac397fdfbd
2025-08-13 18:21:53,272 INFO  [io.api.tes.ser.con.BasicConfluentSerDesIT] (main) Deleting confluent schema topic-a1dba335_b30c_471c_bc32_05189a3eeb3b-value
2025-08-13 18:21:53,321 INFO  [io.api.tes.ser.con.BasicConfluentSerDesIT] (main) Deleting confluent schema topic-0275600c_54df_42b1_9d18_3c61979dd42f-value
2025-08-13 18:21:53,370 INFO  [io.api.tes.ser.con.BasicConfluentSerDesIT] (main) Deleting confluent schema topic-d2710ceb_4423_4307_aad6_b1f8a795c2aa-value
2025-08-13 18:21:53,425 INFO  [io.api.tes.uti.KafkaFacade] (main) Skipping deployment of kafka, because it's already deployed
2025-08-13 18:21:53,426 INFO  [io.api.tes.uti.TestSeparator] (main) ############################################################################
2025-08-13 18:21:53,426 INFO  [io.api.tes.uti.TestSeparator] (main) io.apicurio.tests.serdes.confluent.BasicConfluentSerDesIT.testEvolveAvroConfluent-STARTED
2025-08-13 18:21:53,428 INFO  [org.apa.kaf.cli.adm.AdminClientConfig] (main) AdminClientConfig values: 
	auto.include.jmx.reporter = true
	bootstrap.controllers = []
	bootstrap.servers = [PLAINTEXT://localhost:32769]
	client.dns.lookup = use_all_dns_ips
	client.id = 
	connections.max.idle.ms = 10000
	default.api.timeout.ms = 60000
	enable.metrics.push = true
	metadata.max.age.ms = 300000
	metadata.recovery.strategy = none
	metric.reporters = []
	metrics.num.samples = 2
	metrics.recording.level = INFO
	metrics.sample.window.ms = 30000
	receive.buffer.bytes = 65536
	reconnect.backoff.max.ms = 1000
	reconnect.backoff.ms = 50
	request.timeout.ms = 5000
	retries = 2147483647
	retry.backoff.max.ms = 1000
	retry.backoff.ms = 100
	sasl.client.callback.handler.class = null
	sasl.jaas.config = null
	sasl.kerberos.kinit.cmd = /usr/bin/kinit
	sasl.kerberos.min.time.before.relogin = 60000
	sasl.kerberos.service.name = null
	sasl.kerberos.ticket.renew.jitter = 0.05
	sasl.kerberos.ticket.renew.window.factor = 0.8
	sasl.login.callback.handler.class = null
	sasl.login.class = null
	sasl.login.connect.timeout.ms = null
	sasl.login.read.timeout.ms = null
	sasl.login.refresh.buffer.seconds = 300
	sasl.login.refresh.min.period.seconds = 60
	sasl.login.refresh.window.factor = 0.8
	sasl.login.refresh.window.jitter = 0.05
	sasl.login.retry.backoff.max.ms = 10000
	sasl.login.retry.backoff.ms = 100
	sasl.mechanism = GSSAPI
	sasl.oauthbearer.clock.skew.seconds = 30
	sasl.oauthbearer.expected.audience = null
	sasl.oauthbearer.expected.issuer = null
	sasl.oauthbearer.header.urlencode = false
	sasl.oauthbearer.jwks.endpoint.refresh.ms = 3600000
	sasl.oauthbearer.jwks.endpoint.retry.backoff.max.ms = 10000
	sasl.oauthbearer.jwks.endpoint.retry.backoff.ms = 100
	sasl.oauthbearer.jwks.endpoint.url = null
	sasl.oauthbearer.scope.claim.name = scope
	sasl.oauthbearer.sub.claim.name = sub
	sasl.oauthbearer.token.endpoint.url = null
	security.protocol = PLAINTEXT
	security.providers = null
	send.buffer.bytes = 131072
	socket.connection.setup.timeout.max.ms = 30000
	socket.connection.setup.timeout.ms = 10000
	ssl.cipher.suites = null
	ssl.enabled.protocols = [TLSv1.2, TLSv1.3]
	ssl.endpoint.identification.algorithm = https
	ssl.engine.factory.class = null
	ssl.key.password = null
	ssl.keymanager.algorithm = SunX509
	ssl.keystore.certificate.chain = null
	ssl.keystore.key = null
	ssl.keystore.location = null
	ssl.keystore.password = null
	ssl.keystore.type = JKS
	ssl.protocol = TLSv1.3
	ssl.provider = null
	ssl.secure.random.implementation = null
	ssl.trustmanager.algorithm = PKIX
	ssl.truststore.certificates = null
	ssl.truststore.location = null
	ssl.truststore.password = null
	ssl.truststore.type = JKS

2025-08-13 18:21:53,430 INFO  [org.apa.kaf.com.uti.AppInfoParser] (main) Kafka version: 3.9.1
2025-08-13 18:21:53,431 INFO  [org.apa.kaf.com.uti.AppInfoParser] (main) Kafka commitId: f745dfdcee2b9851
2025-08-13 18:21:53,431 INFO  [org.apa.kaf.com.uti.AppInfoParser] (main) Kafka startTimeMs: 1755109313430
2025-08-13 18:21:53,645 INFO  [io.api.tes.ser.con.BasicConfluentSerDesIT] (main) Checking that created schema is equal to the get schema
2025-08-13 18:21:53,706 INFO  [io.api.tes.ser.con.BasicConfluentSerDesIT] (main) Created schema with id:47 and name:sdf3c33efx0b76x4d07x92e9x11514bc68530
**** Registry Base URL: http://registry-app-pg17.apps.ci419.apicurio-testing.org:80
2025-08-13 18:21:53,711 INFO  [org.apa.kaf.cli.pro.ProducerConfig] (main) ProducerConfig values: 
	acks = -1
	auto.include.jmx.reporter = true
	batch.size = 16384
	bootstrap.servers = [PLAINTEXT://localhost:32769]
	buffer.memory = 33554432
	client.dns.lookup = use_all_dns_ips
	client.id = Producer-topic-e565de35_cf02_4508_a105_93b6a892f722
	compression.gzip.level = -1
	compression.lz4.level = 9
	compression.type = none
	compression.zstd.level = 3
	connections.max.idle.ms = 10000
	delivery.timeout.ms = 120000
	enable.idempotence = true
	enable.metrics.push = true
	interceptor.classes = []
	key.serializer = class org.apache.kafka.common.serialization.StringSerializer
	linger.ms = 0
	max.block.ms = 60000
	max.in.flight.requests.per.connection = 5
	max.request.size = 1048576
	metadata.max.age.ms = 300000
	metadata.max.idle.ms = 300000
	metadata.recovery.strategy = none
	metric.reporters = []
	metrics.num.samples = 2
	metrics.recording.level = INFO
	metrics.sample.window.ms = 30000
	partitioner.adaptive.partitioning.enable = true
	partitioner.availability.timeout.ms = 0
	partitioner.class = null
	partitioner.ignore.keys = false
	receive.buffer.bytes = 32768
	reconnect.backoff.max.ms = 1000
	reconnect.backoff.ms = 50
	request.timeout.ms = 5000
	retries = 2147483647
	retry.backoff.max.ms = 1000
	retry.backoff.ms = 100
	sasl.client.callback.handler.class = null
	sasl.jaas.config = null
	sasl.kerberos.kinit.cmd = /usr/bin/kinit
	sasl.kerberos.min.time.before.relogin = 60000
	sasl.kerberos.service.name = null
	sasl.kerberos.ticket.renew.jitter = 0.05
	sasl.kerberos.ticket.renew.window.factor = 0.8
	sasl.login.callback.handler.class = null
	sasl.login.class = null
	sasl.login.connect.timeout.ms = null
	sasl.login.read.timeout.ms = null
	sasl.login.refresh.buffer.seconds = 300
	sasl.login.refresh.min.period.seconds = 60
	sasl.login.refresh.window.factor = 0.8
	sasl.login.refresh.window.jitter = 0.05
	sasl.login.retry.backoff.max.ms = 10000
	sasl.login.retry.backoff.ms = 100
	sasl.mechanism = GSSAPI
	sasl.oauthbearer.clock.skew.seconds = 30
	sasl.oauthbearer.expected.audience = null
	sasl.oauthbearer.expected.issuer = null
	sasl.oauthbearer.header.urlencode = false
	sasl.oauthbearer.jwks.endpoint.refresh.ms = 3600000
	sasl.oauthbearer.jwks.endpoint.retry.backoff.max.ms = 10000
	sasl.oauthbearer.jwks.endpoint.retry.backoff.ms = 100
	sasl.oauthbearer.jwks.endpoint.url = null
	sasl.oauthbearer.scope.claim.name = scope
	sasl.oauthbearer.sub.claim.name = sub
	sasl.oauthbearer.token.endpoint.url = null
	security.protocol = PLAINTEXT
	security.providers = null
	send.buffer.bytes = 131072
	socket.connection.setup.timeout.max.ms = 30000
	socket.connection.setup.timeout.ms = 10000
	ssl.cipher.suites = null
	ssl.enabled.protocols = [TLSv1.2, TLSv1.3]
	ssl.endpoint.identification.algorithm = https
	ssl.engine.factory.class = null
	ssl.key.password = null
	ssl.keymanager.algorithm = SunX509
	ssl.keystore.certificate.chain = null
	ssl.keystore.key = null
	ssl.keystore.location = null
	ssl.keystore.password = null
	ssl.keystore.type = JKS
	ssl.protocol = TLSv1.3
	ssl.provider = null
	ssl.secure.random.implementation = null
	ssl.trustmanager.algorithm = PKIX
	ssl.truststore.certificates = null
	ssl.truststore.location = null
	ssl.truststore.password = null
	ssl.truststore.type = JKS
	transaction.timeout.ms = 60000
	transactional.id = null
	value.serializer = class io.confluent.kafka.serializers.KafkaAvroSerializer

2025-08-13 18:21:53,711 INFO  [org.apa.kaf.com.tel.int.KafkaMetricsCollector] (main) initializing Kafka metrics collector
2025-08-13 18:21:53,713 INFO  [io.con.kaf.ser.KafkaAvroSerializerConfig] (main) KafkaAvroSerializerConfig values: 
	auto.register.schemas = false
	avro.reflection.allow.null = false
	avro.remove.java.properties = false
	avro.use.logical.type.converters = false
	basic.auth.credentials.source = URL
	basic.auth.user.info = [hidden]
	bearer.auth.cache.expiry.buffer.seconds = 300
	bearer.auth.client.id = null
	bearer.auth.client.secret = null
	bearer.auth.credentials.source = STATIC_TOKEN
	bearer.auth.custom.provider.class = null
	bearer.auth.identity.pool.id = null
	bearer.auth.issuer.endpoint.url = null
	bearer.auth.logical.cluster = null
	bearer.auth.scope = null
	bearer.auth.scope.claim.name = scope
	bearer.auth.sub.claim.name = sub
	bearer.auth.token = [hidden]
	context.name.strategy = class io.confluent.kafka.serializers.context.NullContextNameStrategy
	http.connect.timeout.ms = 60000
	http.read.timeout.ms = 60000
	id.compatibility.strict = true
	key.schema.id.deserializer = class io.confluent.kafka.serializers.schema.id.DualSchemaIdDeserializer
	key.schema.id.serializer = class io.confluent.kafka.serializers.schema.id.PrefixSchemaIdSerializer
	key.subject.name.strategy = class io.confluent.kafka.serializers.subject.TopicNameStrategy
	latest.cache.size = 1000
	latest.cache.ttl.sec = -1
	latest.compatibility.strict = true
	max.retries = 3
	max.schemas.per.subject = 1000
	normalize.schemas = false
	propagate.schema.tags = false
	proxy.host = 
	proxy.port = -1
	retries.max.wait.ms = 20000
	retries.wait.ms = 1000
	rule.actions = []
	rule.executors = []
	rule.service.loader.enable = true
	schema.format = null
	schema.reflection = false
	schema.registry.basic.auth.user.info = [hidden]
	schema.registry.ssl.cipher.suites = null
	schema.registry.ssl.enabled.protocols = [TLSv1.2, TLSv1.3]
	schema.registry.ssl.endpoint.identification.algorithm = https
	schema.registry.ssl.engine.factory.class = null
	schema.registry.ssl.key.password = null
	schema.registry.ssl.keymanager.algorithm = SunX509
	schema.registry.ssl.keystore.certificate.chain = null
	schema.registry.ssl.keystore.key = null
	schema.registry.ssl.keystore.location = null
	schema.registry.ssl.keystore.password = null
	schema.registry.ssl.keystore.type = JKS
	schema.registry.ssl.protocol = TLSv1.3
	schema.registry.ssl.provider = null
	schema.registry.ssl.secure.random.implementation = null
	schema.registry.ssl.trustmanager.algorithm = PKIX
	schema.registry.ssl.truststore.certificates = null
	schema.registry.ssl.truststore.location = null
	schema.registry.ssl.truststore.password = null
	schema.registry.ssl.truststore.type = JKS
	schema.registry.url = [http://registry-app-pg17.apps.ci419.apicurio-testing.org:80/apis/ccompat/v7]
	schema.registry.url.randomize = false
	use.latest.version = false
	use.latest.with.metadata = null
	use.schema.id = -1
	value.schema.id.deserializer = class io.confluent.kafka.serializers.schema.id.DualSchemaIdDeserializer
	value.schema.id.serializer = class io.confluent.kafka.serializers.schema.id.PrefixSchemaIdSerializer
	value.subject.name.strategy = class io.confluent.kafka.serializers.subject.TopicRecordNameStrategy

2025-08-13 18:21:53,727 INFO  [org.apa.kaf.cli.pro.KafkaProducer] (main) [Producer clientId=Producer-topic-e565de35_cf02_4508_a105_93b6a892f722] Instantiated an idempotent producer.
2025-08-13 18:21:53,728 INFO  [org.apa.kaf.cli.pro.ProducerConfig] (main) These configurations '[schema.registry.url, auto.register.schemas, value.subject.name.strategy]' were supplied but are not used yet.
2025-08-13 18:21:53,728 INFO  [org.apa.kaf.com.uti.AppInfoParser] (main) Kafka version: 3.9.1
2025-08-13 18:21:53,729 INFO  [org.apa.kaf.com.uti.AppInfoParser] (main) Kafka commitId: f745dfdcee2b9851
2025-08-13 18:21:53,729 INFO  [org.apa.kaf.com.uti.AppInfoParser] (main) Kafka startTimeMs: 1755109313728
**** Registry Base URL: http://registry-app-pg17.apps.ci419.apicurio-testing.org:80
2025-08-13 18:21:53,733 INFO  [org.apa.kaf.cli.Metadata] (kafka-producer-network-thread | Producer-topic-e565de35_cf02_4508_a105_93b6a892f722) [Producer clientId=Producer-topic-e565de35_cf02_4508_a105_93b6a892f722] Cluster ID: sAToZ0WATkWwuQb_OH8PpQ
2025-08-13 18:21:53,733 INFO  [org.apa.kaf.cli.pro.int.TransactionManager] (kafka-producer-network-thread | Producer-topic-e565de35_cf02_4508_a105_93b6a892f722) [Producer clientId=Producer-topic-e565de35_cf02_4508_a105_93b6a892f722] ProducerId set to 44 with epoch 0
2025-08-13 18:21:53,734 INFO  [org.apa.kaf.cli.con.ConsumerConfig] (main) ConsumerConfig values: 
	allow.auto.create.topics = true
	auto.commit.interval.ms = 500
	auto.include.jmx.reporter = true
	auto.offset.reset = earliest
	bootstrap.servers = [PLAINTEXT://localhost:32769]
	check.crcs = true
	client.dns.lookup = use_all_dns_ips
	client.id = consumer-Consumer-topic-e565de35_cf02_4508_a105_93b6a892f722-34
	client.rack = 
	connections.max.idle.ms = 10000
	default.api.timeout.ms = 60000
	enable.auto.commit = true
	enable.metrics.push = true
	exclude.internal.topics = true
	fetch.max.bytes = 52428800
	fetch.max.wait.ms = 500
	fetch.min.bytes = 1
	group.id = Consumer-topic-e565de35_cf02_4508_a105_93b6a892f722
	group.instance.id = null
	group.protocol = classic
	group.remote.assignor = null
	heartbeat.interval.ms = 3000
	interceptor.classes = []
	internal.leave.group.on.close = true
	internal.throw.on.fetch.stable.offset.unsupported = false
	isolation.level = read_uncommitted
	key.deserializer = class org.apache.kafka.common.serialization.StringDeserializer
	max.partition.fetch.bytes = 1048576
	max.poll.interval.ms = 300000
	max.poll.records = 500
	metadata.max.age.ms = 300000
	metadata.recovery.strategy = none
	metric.reporters = []
	metrics.num.samples = 2
	metrics.recording.level = INFO
	metrics.sample.window.ms = 30000
	partition.assignment.strategy = [class org.apache.kafka.clients.consumer.RangeAssignor, class org.apache.kafka.clients.consumer.CooperativeStickyAssignor]
	receive.buffer.bytes = 65536
	reconnect.backoff.max.ms = 1000
	reconnect.backoff.ms = 50
	request.timeout.ms = 5000
	retry.backoff.max.ms = 1000
	retry.backoff.ms = 100
	sasl.client.callback.handler.class = null
	sasl.jaas.config = null
	sasl.kerberos.kinit.cmd = /usr/bin/kinit
	sasl.kerberos.min.time.before.relogin = 60000
	sasl.kerberos.service.name = null
	sasl.kerberos.ticket.renew.jitter = 0.05
	sasl.kerberos.ticket.renew.window.factor = 0.8
	sasl.login.callback.handler.class = null
	sasl.login.class = null
	sasl.login.connect.timeout.ms = null
	sasl.login.read.timeout.ms = null
	sasl.login.refresh.buffer.seconds = 300
	sasl.login.refresh.min.period.seconds = 60
	sasl.login.refresh.window.factor = 0.8
	sasl.login.refresh.window.jitter = 0.05
	sasl.login.retry.backoff.max.ms = 10000
	sasl.login.retry.backoff.ms = 100
	sasl.mechanism = GSSAPI
	sasl.oauthbearer.clock.skew.seconds = 30
	sasl.oauthbearer.expected.audience = null
	sasl.oauthbearer.expected.issuer = null
	sasl.oauthbearer.header.urlencode = false
	sasl.oauthbearer.jwks.endpoint.refresh.ms = 3600000
	sasl.oauthbearer.jwks.endpoint.retry.backoff.max.ms = 10000
	sasl.oauthbearer.jwks.endpoint.retry.backoff.ms = 100
	sasl.oauthbearer.jwks.endpoint.url = null
	sasl.oauthbearer.scope.claim.name = scope
	sasl.oauthbearer.sub.claim.name = sub
	sasl.oauthbearer.token.endpoint.url = null
	security.protocol = PLAINTEXT
	security.providers = null
	send.buffer.bytes = 131072
	session.timeout.ms = 45000
	socket.connection.setup.timeout.max.ms = 30000
	socket.connection.setup.timeout.ms = 10000
	ssl.cipher.suites = null
	ssl.enabled.protocols = [TLSv1.2, TLSv1.3]
	ssl.endpoint.identification.algorithm = https
	ssl.engine.factory.class = null
	ssl.key.password = null
	ssl.keymanager.algorithm = SunX509
	ssl.keystore.certificate.chain = null
	ssl.keystore.key = null
	ssl.keystore.location = null
	ssl.keystore.password = null
	ssl.keystore.type = JKS
	ssl.protocol = TLSv1.3
	ssl.provider = null
	ssl.secure.random.implementation = null
	ssl.trustmanager.algorithm = PKIX
	ssl.truststore.certificates = null
	ssl.truststore.location = null
	ssl.truststore.password = null
	ssl.truststore.type = JKS
	value.deserializer = class io.confluent.kafka.serializers.KafkaAvroDeserializer

2025-08-13 18:21:53,734 INFO  [org.apa.kaf.com.tel.int.KafkaMetricsCollector] (main) initializing Kafka metrics collector
2025-08-13 18:21:53,735 INFO  [io.con.kaf.ser.KafkaAvroDeserializerConfig] (main) KafkaAvroDeserializerConfig values: 
	auto.register.schemas = true
	avro.reflection.allow.null = false
	avro.use.logical.type.converters = false
	basic.auth.credentials.source = URL
	basic.auth.user.info = [hidden]
	bearer.auth.cache.expiry.buffer.seconds = 300
	bearer.auth.client.id = null
	bearer.auth.client.secret = null
	bearer.auth.credentials.source = STATIC_TOKEN
	bearer.auth.custom.provider.class = null
	bearer.auth.identity.pool.id = null
	bearer.auth.issuer.endpoint.url = null
	bearer.auth.logical.cluster = null
	bearer.auth.scope = null
	bearer.auth.scope.claim.name = scope
	bearer.auth.sub.claim.name = sub
	bearer.auth.token = [hidden]
	context.name.strategy = class io.confluent.kafka.serializers.context.NullContextNameStrategy
	http.connect.timeout.ms = 60000
	http.read.timeout.ms = 60000
	id.compatibility.strict = true
	key.schema.id.deserializer = class io.confluent.kafka.serializers.schema.id.DualSchemaIdDeserializer
	key.schema.id.serializer = class io.confluent.kafka.serializers.schema.id.PrefixSchemaIdSerializer
	key.subject.name.strategy = class io.confluent.kafka.serializers.subject.TopicNameStrategy
	latest.cache.size = 1000
	latest.cache.ttl.sec = -1
	latest.compatibility.strict = true
	max.retries = 3
	max.schemas.per.subject = 1000
	normalize.schemas = false
	propagate.schema.tags = false
	proxy.host = 
	proxy.port = -1
	retries.max.wait.ms = 20000
	retries.wait.ms = 1000
	rule.actions = []
	rule.executors = []
	rule.service.loader.enable = true
	schema.format = null
	schema.reflection = false
	schema.registry.basic.auth.user.info = [hidden]
	schema.registry.ssl.cipher.suites = null
	schema.registry.ssl.enabled.protocols = [TLSv1.2, TLSv1.3]
	schema.registry.ssl.endpoint.identification.algorithm = https
	schema.registry.ssl.engine.factory.class = null
	schema.registry.ssl.key.password = null
	schema.registry.ssl.keymanager.algorithm = SunX509
	schema.registry.ssl.keystore.certificate.chain = null
	schema.registry.ssl.keystore.key = null
	schema.registry.ssl.keystore.location = null
	schema.registry.ssl.keystore.password = null
	schema.registry.ssl.keystore.type = JKS
	schema.registry.ssl.protocol = TLSv1.3
	schema.registry.ssl.provider = null
	schema.registry.ssl.secure.random.implementation = null
	schema.registry.ssl.trustmanager.algorithm = PKIX
	schema.registry.ssl.truststore.certificates = null
	schema.registry.ssl.truststore.location = null
	schema.registry.ssl.truststore.password = null
	schema.registry.ssl.truststore.type = JKS
	schema.registry.url = [http://registry-app-pg17.apps.ci419.apicurio-testing.org:80/apis/ccompat/v7]
	schema.registry.url.randomize = false
	specific.avro.key.type = null
	specific.avro.reader = false
	specific.avro.value.type = null
	use.latest.version = false
	use.latest.with.metadata = null
	use.schema.id = -1
	value.schema.id.deserializer = class io.confluent.kafka.serializers.schema.id.DualSchemaIdDeserializer
	value.schema.id.serializer = class io.confluent.kafka.serializers.schema.id.PrefixSchemaIdSerializer
	value.subject.name.strategy = class io.confluent.kafka.serializers.subject.TopicNameStrategy

2025-08-13 18:21:53,739 INFO  [org.apa.kaf.cli.con.ConsumerConfig] (main) These configurations '[schema.registry.url]' were supplied but are not used yet.
2025-08-13 18:21:53,739 INFO  [org.apa.kaf.com.uti.AppInfoParser] (main) Kafka version: 3.9.1
2025-08-13 18:21:53,739 INFO  [org.apa.kaf.com.uti.AppInfoParser] (main) Kafka commitId: f745dfdcee2b9851
2025-08-13 18:21:53,739 INFO  [org.apa.kaf.com.uti.AppInfoParser] (main) Kafka startTimeMs: 1755109313739
2025-08-13 18:21:53,740 INFO  [io.api.tes.ser.api.KafkaSerdesTester] (Thread-870) Sending message {"key1": "value-0"} to topic topic-e565de35_cf02_4508_a105_93b6a892f722
2025-08-13 18:21:53,813 INFO  [io.api.tes.ser.api.KafkaSerdesTester] (Thread-870) Sending message {"key1": "value-1"} to topic topic-e565de35_cf02_4508_a105_93b6a892f722
2025-08-13 18:21:53,814 INFO  [io.api.tes.ser.api.KafkaSerdesTester] (Thread-870) Sending message {"key1": "value-2"} to topic topic-e565de35_cf02_4508_a105_93b6a892f722
2025-08-13 18:21:53,815 INFO  [io.api.tes.ser.api.KafkaSerdesTester] (Thread-870) Sending message {"key1": "value-3"} to topic topic-e565de35_cf02_4508_a105_93b6a892f722
2025-08-13 18:21:53,816 INFO  [io.api.tes.ser.api.KafkaSerdesTester] (Thread-870) Sending message {"key1": "value-4"} to topic topic-e565de35_cf02_4508_a105_93b6a892f722
2025-08-13 18:21:53,817 INFO  [io.api.tes.ser.api.KafkaSerdesTester] (Thread-870) Sending message {"key1": "value-5"} to topic topic-e565de35_cf02_4508_a105_93b6a892f722
2025-08-13 18:21:53,818 INFO  [io.api.tes.ser.api.KafkaSerdesTester] (Thread-870) Sending message {"key1": "value-6"} to topic topic-e565de35_cf02_4508_a105_93b6a892f722
2025-08-13 18:21:53,819 INFO  [io.api.tes.ser.api.KafkaSerdesTester] (Thread-870) Sending message {"key1": "value-7"} to topic topic-e565de35_cf02_4508_a105_93b6a892f722
2025-08-13 18:21:53,820 INFO  [io.api.tes.ser.api.KafkaSerdesTester] (Thread-870) Sending message {"key1": "value-8"} to topic topic-e565de35_cf02_4508_a105_93b6a892f722
2025-08-13 18:21:53,821 INFO  [io.api.tes.ser.api.KafkaSerdesTester] (Thread-870) Sending message {"key1": "value-9"} to topic topic-e565de35_cf02_4508_a105_93b6a892f722
2025-08-13 18:21:53,822 INFO  [io.api.tes.ser.api.KafkaSerdesTester] (Thread-870) Produced 10 messages
2025-08-13 18:21:53,823 INFO  [org.apa.kaf.cli.pro.KafkaProducer] (Thread-870) [Producer clientId=Producer-topic-e565de35_cf02_4508_a105_93b6a892f722] Closing the Kafka producer with timeoutMillis = 9223372036854775807 ms.
2025-08-13 18:21:53,825 INFO  [org.apa.kaf.com.met.Metrics] (Thread-870) Metrics scheduler closed
2025-08-13 18:21:53,825 INFO  [org.apa.kaf.com.met.Metrics] (Thread-870) Closing reporter org.apache.kafka.common.metrics.JmxReporter
2025-08-13 18:21:53,825 INFO  [org.apa.kaf.com.met.Metrics] (Thread-870) Closing reporter org.apache.kafka.common.telemetry.internals.ClientTelemetryReporter
2025-08-13 18:21:53,825 INFO  [org.apa.kaf.com.met.Metrics] (Thread-870) Metrics reporters closed
2025-08-13 18:21:53,825 INFO  [org.apa.kaf.com.uti.AppInfoParser] (Thread-870) App info kafka.producer for Producer-topic-e565de35_cf02_4508_a105_93b6a892f722 unregistered
2025-08-13 18:21:53,827 INFO  [org.apa.kaf.cli.con.int.ClassicKafkaConsumer] (Thread-871) [Consumer clientId=consumer-Consumer-topic-e565de35_cf02_4508_a105_93b6a892f722-34, groupId=Consumer-topic-e565de35_cf02_4508_a105_93b6a892f722] Subscribed to topic(s): topic-e565de35_cf02_4508_a105_93b6a892f722
2025-08-13 18:21:53,830 INFO  [org.apa.kaf.cli.Metadata] (Thread-871) [Consumer clientId=consumer-Consumer-topic-e565de35_cf02_4508_a105_93b6a892f722-34, groupId=Consumer-topic-e565de35_cf02_4508_a105_93b6a892f722] Cluster ID: sAToZ0WATkWwuQb_OH8PpQ
2025-08-13 18:21:53,830 INFO  [org.apa.kaf.cli.con.int.ConsumerCoordinator] (Thread-871) [Consumer clientId=consumer-Consumer-topic-e565de35_cf02_4508_a105_93b6a892f722-34, groupId=Consumer-topic-e565de35_cf02_4508_a105_93b6a892f722] Discovered group coordinator localhost:32769 (id: 2147483647 rack: null)
2025-08-13 18:21:53,831 INFO  [org.apa.kaf.cli.con.int.ConsumerCoordinator] (Thread-871) [Consumer clientId=consumer-Consumer-topic-e565de35_cf02_4508_a105_93b6a892f722-34, groupId=Consumer-topic-e565de35_cf02_4508_a105_93b6a892f722] (Re-)joining group
2025-08-13 18:21:53,834 INFO  [org.apa.kaf.cli.con.int.ConsumerCoordinator] (Thread-871) [Consumer clientId=consumer-Consumer-topic-e565de35_cf02_4508_a105_93b6a892f722-34, groupId=Consumer-topic-e565de35_cf02_4508_a105_93b6a892f722] Request joining group due to: need to re-join with the given member-id: consumer-Consumer-topic-e565de35_cf02_4508_a105_93b6a892f722-34-dc972320-4340-4226-be8d-e7efd55855d3
2025-08-13 18:21:53,834 INFO  [org.apa.kaf.cli.con.int.ConsumerCoordinator] (Thread-871) [Consumer clientId=consumer-Consumer-topic-e565de35_cf02_4508_a105_93b6a892f722-34, groupId=Consumer-topic-e565de35_cf02_4508_a105_93b6a892f722] (Re-)joining group
2025-08-13 18:21:54,827 INFO  [io.api.tes.ser.api.KafkaSerdesTester] (Thread-871) None found
2025-08-13 18:21:55,827 INFO  [io.api.tes.ser.api.KafkaSerdesTester] (Thread-871) None found
2025-08-13 18:21:56,828 INFO  [io.api.tes.ser.api.KafkaSerdesTester] (Thread-871) None found
2025-08-13 18:21:56,835 INFO  [org.apa.kaf.cli.con.int.ConsumerCoordinator] (Thread-871) [Consumer clientId=consumer-Consumer-topic-e565de35_cf02_4508_a105_93b6a892f722-34, groupId=Consumer-topic-e565de35_cf02_4508_a105_93b6a892f722] Successfully joined group with generation Generation{generationId=1, memberId='consumer-Consumer-topic-e565de35_cf02_4508_a105_93b6a892f722-34-dc972320-4340-4226-be8d-e7efd55855d3', protocol='range'}
2025-08-13 18:21:56,835 INFO  [org.apa.kaf.cli.con.int.ConsumerCoordinator] (Thread-871) [Consumer clientId=consumer-Consumer-topic-e565de35_cf02_4508_a105_93b6a892f722-34, groupId=Consumer-topic-e565de35_cf02_4508_a105_93b6a892f722] Finished assignment for group at generation 1: {consumer-Consumer-topic-e565de35_cf02_4508_a105_93b6a892f722-34-dc972320-4340-4226-be8d-e7efd55855d3=Assignment(partitions=[topic-e565de35_cf02_4508_a105_93b6a892f722-0])}
2025-08-13 18:21:56,842 INFO  [org.apa.kaf.cli.con.int.ConsumerCoordinator] (Thread-871) [Consumer clientId=consumer-Consumer-topic-e565de35_cf02_4508_a105_93b6a892f722-34, groupId=Consumer-topic-e565de35_cf02_4508_a105_93b6a892f722] Successfully synced group in generation Generation{generationId=1, memberId='consumer-Consumer-topic-e565de35_cf02_4508_a105_93b6a892f722-34-dc972320-4340-4226-be8d-e7efd55855d3', protocol='range'}
2025-08-13 18:21:56,842 INFO  [org.apa.kaf.cli.con.int.ConsumerCoordinator] (Thread-871) [Consumer clientId=consumer-Consumer-topic-e565de35_cf02_4508_a105_93b6a892f722-34, groupId=Consumer-topic-e565de35_cf02_4508_a105_93b6a892f722] Notifying assignor about the new Assignment(partitions=[topic-e565de35_cf02_4508_a105_93b6a892f722-0])
2025-08-13 18:21:56,842 INFO  [org.apa.kaf.cli.con.int.ConsumerRebalanceListenerInvoker] (Thread-871) [Consumer clientId=consumer-Consumer-topic-e565de35_cf02_4508_a105_93b6a892f722-34, groupId=Consumer-topic-e565de35_cf02_4508_a105_93b6a892f722] Adding newly assigned partitions: topic-e565de35_cf02_4508_a105_93b6a892f722-0
2025-08-13 18:21:56,843 INFO  [org.apa.kaf.cli.con.int.ConsumerCoordinator] (Thread-871) [Consumer clientId=consumer-Consumer-topic-e565de35_cf02_4508_a105_93b6a892f722-34, groupId=Consumer-topic-e565de35_cf02_4508_a105_93b6a892f722] Found no committed offset for partition topic-e565de35_cf02_4508_a105_93b6a892f722-0
2025-08-13 18:21:56,845 INFO  [org.apa.kaf.cli.con.int.SubscriptionState] (Thread-871) [Consumer clientId=consumer-Consumer-topic-e565de35_cf02_4508_a105_93b6a892f722-34, groupId=Consumer-topic-e565de35_cf02_4508_a105_93b6a892f722] Resetting offset for partition topic-e565de35_cf02_4508_a105_93b6a892f722-0 to position FetchPosition{offset=0, offsetEpoch=Optional.empty, currentLeader=LeaderAndEpoch{leader=Optional[localhost:32769 (id: 0 rack: null)], epoch=0}}.
2025-08-13 18:21:56,898 INFO  [io.api.tes.ser.api.KafkaSerdesTester] (Thread-871) topic-e565de35_cf02_4508_a105_93b6a892f722 0 0 {"key1": "value-0"}
2025-08-13 18:21:56,898 INFO  [io.api.tes.ser.api.KafkaSerdesTester] (Thread-871) topic-e565de35_cf02_4508_a105_93b6a892f722 0 1 {"key1": "value-1"}
2025-08-13 18:21:56,898 INFO  [io.api.tes.ser.api.KafkaSerdesTester] (Thread-871) topic-e565de35_cf02_4508_a105_93b6a892f722 0 2 {"key1": "value-2"}
2025-08-13 18:21:56,898 INFO  [io.api.tes.ser.api.KafkaSerdesTester] (Thread-871) topic-e565de35_cf02_4508_a105_93b6a892f722 0 3 {"key1": "value-3"}
2025-08-13 18:21:56,898 INFO  [io.api.tes.ser.api.KafkaSerdesTester] (Thread-871) topic-e565de35_cf02_4508_a105_93b6a892f722 0 4 {"key1": "value-4"}
2025-08-13 18:21:56,898 INFO  [io.api.tes.ser.api.KafkaSerdesTester] (Thread-871) topic-e565de35_cf02_4508_a105_93b6a892f722 0 5 {"key1": "value-5"}
2025-08-13 18:21:56,898 INFO  [io.api.tes.ser.api.KafkaSerdesTester] (Thread-871) topic-e565de35_cf02_4508_a105_93b6a892f722 0 6 {"key1": "value-6"}
2025-08-13 18:21:56,898 INFO  [io.api.tes.ser.api.KafkaSerdesTester] (Thread-871) topic-e565de35_cf02_4508_a105_93b6a892f722 0 7 {"key1": "value-7"}
2025-08-13 18:21:56,898 INFO  [io.api.tes.ser.api.KafkaSerdesTester] (Thread-871) topic-e565de35_cf02_4508_a105_93b6a892f722 0 8 {"key1": "value-8"}
2025-08-13 18:21:56,898 INFO  [io.api.tes.ser.api.KafkaSerdesTester] (Thread-871) topic-e565de35_cf02_4508_a105_93b6a892f722 0 9 {"key1": "value-9"}
2025-08-13 18:21:56,898 INFO  [io.api.tes.ser.api.KafkaSerdesTester] (Thread-871) Consumed 10 messages
2025-08-13 18:21:56,905 INFO  [org.apa.kaf.cli.con.int.ConsumerRebalanceListenerInvoker] (Thread-871) [Consumer clientId=consumer-Consumer-topic-e565de35_cf02_4508_a105_93b6a892f722-34, groupId=Consumer-topic-e565de35_cf02_4508_a105_93b6a892f722] Revoke previously assigned partitions topic-e565de35_cf02_4508_a105_93b6a892f722-0
2025-08-13 18:21:56,905 INFO  [org.apa.kaf.cli.con.int.ConsumerCoordinator] (Thread-871) [Consumer clientId=consumer-Consumer-topic-e565de35_cf02_4508_a105_93b6a892f722-34, groupId=Consumer-topic-e565de35_cf02_4508_a105_93b6a892f722] Member consumer-Consumer-topic-e565de35_cf02_4508_a105_93b6a892f722-34-dc972320-4340-4226-be8d-e7efd55855d3 sending LeaveGroup request to coordinator localhost:32769 (id: 2147483647 rack: null) due to the consumer is being closed
2025-08-13 18:21:56,906 INFO  [org.apa.kaf.cli.con.int.ConsumerCoordinator] (Thread-871) [Consumer clientId=consumer-Consumer-topic-e565de35_cf02_4508_a105_93b6a892f722-34, groupId=Consumer-topic-e565de35_cf02_4508_a105_93b6a892f722] Resetting generation and member id due to: consumer pro-actively leaving the group
2025-08-13 18:21:56,906 INFO  [org.apa.kaf.cli.con.int.ConsumerCoordinator] (Thread-871) [Consumer clientId=consumer-Consumer-topic-e565de35_cf02_4508_a105_93b6a892f722-34, groupId=Consumer-topic-e565de35_cf02_4508_a105_93b6a892f722] Request joining group due to: consumer pro-actively leaving the group
2025-08-13 18:21:57,400 INFO  [org.apa.kaf.com.met.Metrics] (Thread-871) Metrics scheduler closed
2025-08-13 18:21:57,400 INFO  [org.apa.kaf.com.met.Metrics] (Thread-871) Closing reporter org.apache.kafka.common.metrics.JmxReporter
2025-08-13 18:21:57,400 INFO  [org.apa.kaf.com.met.Metrics] (Thread-871) Closing reporter org.apache.kafka.common.telemetry.internals.ClientTelemetryReporter
2025-08-13 18:21:57,400 INFO  [org.apa.kaf.com.met.Metrics] (Thread-871) Metrics reporters closed
2025-08-13 18:21:57,404 INFO  [org.apa.kaf.com.uti.AppInfoParser] (Thread-871) App info kafka.consumer for consumer-Consumer-topic-e565de35_cf02_4508_a105_93b6a892f722-34 unregistered
**** Registry Base URL: http://registry-app-pg17.apps.ci419.apicurio-testing.org:80
2025-08-13 18:21:58,518 INFO  [org.apa.kaf.cli.pro.ProducerConfig] (main) ProducerConfig values: 
	acks = -1
	auto.include.jmx.reporter = true
	batch.size = 16384
	bootstrap.servers = [PLAINTEXT://localhost:32769]
	buffer.memory = 33554432
	client.dns.lookup = use_all_dns_ips
	client.id = Producer-topic-e565de35_cf02_4508_a105_93b6a892f722
	compression.gzip.level = -1
	compression.lz4.level = 9
	compression.type = none
	compression.zstd.level = 3
	connections.max.idle.ms = 10000
	delivery.timeout.ms = 120000
	enable.idempotence = true
	enable.metrics.push = true
	interceptor.classes = []
	key.serializer = class org.apache.kafka.common.serialization.StringSerializer
	linger.ms = 0
	max.block.ms = 60000
	max.in.flight.requests.per.connection = 5
	max.request.size = 1048576
	metadata.max.age.ms = 300000
	metadata.max.idle.ms = 300000
	metadata.recovery.strategy = none
	metric.reporters = []
	metrics.num.samples = 2
	metrics.recording.level = INFO
	metrics.sample.window.ms = 30000
	partitioner.adaptive.partitioning.enable = true
	partitioner.availability.timeout.ms = 0
	partitioner.class = null
	partitioner.ignore.keys = false
	receive.buffer.bytes = 32768
	reconnect.backoff.max.ms = 1000
	reconnect.backoff.ms = 50
	request.timeout.ms = 5000
	retries = 2147483647
	retry.backoff.max.ms = 1000
	retry.backoff.ms = 100
	sasl.client.callback.handler.class = null
	sasl.jaas.config = null
	sasl.kerberos.kinit.cmd = /usr/bin/kinit
	sasl.kerberos.min.time.before.relogin = 60000
	sasl.kerberos.service.name = null
	sasl.kerberos.ticket.renew.jitter = 0.05
	sasl.kerberos.ticket.renew.window.factor = 0.8
	sasl.login.callback.handler.class = null
	sasl.login.class = null
	sasl.login.connect.timeout.ms = null
	sasl.login.read.timeout.ms = null
	sasl.login.refresh.buffer.seconds = 300
	sasl.login.refresh.min.period.seconds = 60
	sasl.login.refresh.window.factor = 0.8
	sasl.login.refresh.window.jitter = 0.05
	sasl.login.retry.backoff.max.ms = 10000
	sasl.login.retry.backoff.ms = 100
	sasl.mechanism = GSSAPI
	sasl.oauthbearer.clock.skew.seconds = 30
	sasl.oauthbearer.expected.audience = null
	sasl.oauthbearer.expected.issuer = null
	sasl.oauthbearer.header.urlencode = false
	sasl.oauthbearer.jwks.endpoint.refresh.ms = 3600000
	sasl.oauthbearer.jwks.endpoint.retry.backoff.max.ms = 10000
	sasl.oauthbearer.jwks.endpoint.retry.backoff.ms = 100
	sasl.oauthbearer.jwks.endpoint.url = null
	sasl.oauthbearer.scope.claim.name = scope
	sasl.oauthbearer.sub.claim.name = sub
	sasl.oauthbearer.token.endpoint.url = null
	security.protocol = PLAINTEXT
	security.providers = null
	send.buffer.bytes = 131072
	socket.connection.setup.timeout.max.ms = 30000
	socket.connection.setup.timeout.ms = 10000
	ssl.cipher.suites = null
	ssl.enabled.protocols = [TLSv1.2, TLSv1.3]
	ssl.endpoint.identification.algorithm = https
	ssl.engine.factory.class = null
	ssl.key.password = null
	ssl.keymanager.algorithm = SunX509
	ssl.keystore.certificate.chain = null
	ssl.keystore.key = null
	ssl.keystore.location = null
	ssl.keystore.password = null
	ssl.keystore.type = JKS
	ssl.protocol = TLSv1.3
	ssl.provider = null
	ssl.secure.random.implementation = null
	ssl.trustmanager.algorithm = PKIX
	ssl.truststore.certificates = null
	ssl.truststore.location = null
	ssl.truststore.password = null
	ssl.truststore.type = JKS
	transaction.timeout.ms = 60000
	transactional.id = null
	value.serializer = class io.confluent.kafka.serializers.KafkaAvroSerializer

2025-08-13 18:21:58,518 INFO  [org.apa.kaf.com.tel.int.KafkaMetricsCollector] (main) initializing Kafka metrics collector
2025-08-13 18:21:58,519 INFO  [io.con.kaf.ser.KafkaAvroSerializerConfig] (main) KafkaAvroSerializerConfig values: 
	auto.register.schemas = false
	avro.reflection.allow.null = false
	avro.remove.java.properties = false
	avro.use.logical.type.converters = false
	basic.auth.credentials.source = URL
	basic.auth.user.info = [hidden]
	bearer.auth.cache.expiry.buffer.seconds = 300
	bearer.auth.client.id = null
	bearer.auth.client.secret = null
	bearer.auth.credentials.source = STATIC_TOKEN
	bearer.auth.custom.provider.class = null
	bearer.auth.identity.pool.id = null
	bearer.auth.issuer.endpoint.url = null
	bearer.auth.logical.cluster = null
	bearer.auth.scope = null
	bearer.auth.scope.claim.name = scope
	bearer.auth.sub.claim.name = sub
	bearer.auth.token = [hidden]
	context.name.strategy = class io.confluent.kafka.serializers.context.NullContextNameStrategy
	http.connect.timeout.ms = 60000
	http.read.timeout.ms = 60000
	id.compatibility.strict = true
	key.schema.id.deserializer = class io.confluent.kafka.serializers.schema.id.DualSchemaIdDeserializer
	key.schema.id.serializer = class io.confluent.kafka.serializers.schema.id.PrefixSchemaIdSerializer
	key.subject.name.strategy = class io.confluent.kafka.serializers.subject.TopicNameStrategy
	latest.cache.size = 1000
	latest.cache.ttl.sec = -1
	latest.compatibility.strict = true
	max.retries = 3
	max.schemas.per.subject = 1000
	normalize.schemas = false
	propagate.schema.tags = false
	proxy.host = 
	proxy.port = -1
	retries.max.wait.ms = 20000
	retries.wait.ms = 1000
	rule.actions = []
	rule.executors = []
	rule.service.loader.enable = true
	schema.format = null
	schema.reflection = false
	schema.registry.basic.auth.user.info = [hidden]
	schema.registry.ssl.cipher.suites = null
	schema.registry.ssl.enabled.protocols = [TLSv1.2, TLSv1.3]
	schema.registry.ssl.endpoint.identification.algorithm = https
	schema.registry.ssl.engine.factory.class = null
	schema.registry.ssl.key.password = null
	schema.registry.ssl.keymanager.algorithm = SunX509
	schema.registry.ssl.keystore.certificate.chain = null
	schema.registry.ssl.keystore.key = null
	schema.registry.ssl.keystore.location = null
	schema.registry.ssl.keystore.password = null
	schema.registry.ssl.keystore.type = JKS
	schema.registry.ssl.protocol = TLSv1.3
	schema.registry.ssl.provider = null
	schema.registry.ssl.secure.random.implementation = null
	schema.registry.ssl.trustmanager.algorithm = PKIX
	schema.registry.ssl.truststore.certificates = null
	schema.registry.ssl.truststore.location = null
	schema.registry.ssl.truststore.password = null
	schema.registry.ssl.truststore.type = JKS
	schema.registry.url = [http://registry-app-pg17.apps.ci419.apicurio-testing.org:80/apis/ccompat/v7]
	schema.registry.url.randomize = false
	use.latest.version = false
	use.latest.with.metadata = null
	use.schema.id = -1
	value.schema.id.deserializer = class io.confluent.kafka.serializers.schema.id.DualSchemaIdDeserializer
	value.schema.id.serializer = class io.confluent.kafka.serializers.schema.id.PrefixSchemaIdSerializer
	value.subject.name.strategy = class io.confluent.kafka.serializers.subject.TopicRecordNameStrategy

2025-08-13 18:21:58,520 INFO  [org.apa.kaf.cli.pro.KafkaProducer] (main) [Producer clientId=Producer-topic-e565de35_cf02_4508_a105_93b6a892f722] Instantiated an idempotent producer.
2025-08-13 18:21:58,522 INFO  [org.apa.kaf.cli.pro.ProducerConfig] (main) These configurations '[schema.registry.url, auto.register.schemas, value.subject.name.strategy]' were supplied but are not used yet.
2025-08-13 18:21:58,522 INFO  [org.apa.kaf.com.uti.AppInfoParser] (main) Kafka version: 3.9.1
2025-08-13 18:21:58,522 INFO  [org.apa.kaf.com.uti.AppInfoParser] (main) Kafka commitId: f745dfdcee2b9851
2025-08-13 18:21:58,522 INFO  [org.apa.kaf.com.uti.AppInfoParser] (main) Kafka startTimeMs: 1755109318522
2025-08-13 18:21:58,523 INFO  [io.api.tes.ser.api.KafkaSerdesTester] (Thread-872) Sending message {"key1": "value-0", "key2": "value-0"} to topic topic-e565de35_cf02_4508_a105_93b6a892f722
2025-08-13 18:21:58,527 INFO  [org.apa.kaf.cli.Metadata] (kafka-producer-network-thread | Producer-topic-e565de35_cf02_4508_a105_93b6a892f722) [Producer clientId=Producer-topic-e565de35_cf02_4508_a105_93b6a892f722] Cluster ID: sAToZ0WATkWwuQb_OH8PpQ
2025-08-13 18:21:58,529 INFO  [org.apa.kaf.cli.pro.int.TransactionManager] (kafka-producer-network-thread | Producer-topic-e565de35_cf02_4508_a105_93b6a892f722) [Producer clientId=Producer-topic-e565de35_cf02_4508_a105_93b6a892f722] ProducerId set to 45 with epoch 0
2025-08-13 18:21:58,590 INFO  [io.api.tes.ser.api.KafkaSerdesTester] (Thread-872) Sending message {"key1": "value-1", "key2": "value-1"} to topic topic-e565de35_cf02_4508_a105_93b6a892f722
2025-08-13 18:21:58,592 INFO  [io.api.tes.ser.api.KafkaSerdesTester] (Thread-872) Sending message {"key1": "value-2", "key2": "value-2"} to topic topic-e565de35_cf02_4508_a105_93b6a892f722
2025-08-13 18:21:58,595 INFO  [io.api.tes.ser.api.KafkaSerdesTester] (Thread-872) Sending message {"key1": "value-3", "key2": "value-3"} to topic topic-e565de35_cf02_4508_a105_93b6a892f722
2025-08-13 18:21:58,596 INFO  [io.api.tes.ser.api.KafkaSerdesTester] (Thread-872) Sending message {"key1": "value-4", "key2": "value-4"} to topic topic-e565de35_cf02_4508_a105_93b6a892f722
2025-08-13 18:21:58,597 INFO  [io.api.tes.ser.api.KafkaSerdesTester] (Thread-872) Sending message {"key1": "value-5", "key2": "value-5"} to topic topic-e565de35_cf02_4508_a105_93b6a892f722
2025-08-13 18:21:58,598 INFO  [io.api.tes.ser.api.KafkaSerdesTester] (Thread-872) Sending message {"key1": "value-6", "key2": "value-6"} to topic topic-e565de35_cf02_4508_a105_93b6a892f722
2025-08-13 18:21:58,599 INFO  [io.api.tes.ser.api.KafkaSerdesTester] (Thread-872) Sending message {"key1": "value-7", "key2": "value-7"} to topic topic-e565de35_cf02_4508_a105_93b6a892f722
2025-08-13 18:21:58,601 INFO  [io.api.tes.ser.api.KafkaSerdesTester] (Thread-872) Sending message {"key1": "value-8", "key2": "value-8"} to topic topic-e565de35_cf02_4508_a105_93b6a892f722
2025-08-13 18:21:58,602 INFO  [io.api.tes.ser.api.KafkaSerdesTester] (Thread-872) Sending message {"key1": "value-9", "key2": "value-9"} to topic topic-e565de35_cf02_4508_a105_93b6a892f722
2025-08-13 18:21:58,603 INFO  [io.api.tes.ser.api.KafkaSerdesTester] (Thread-872) Produced 10 messages
2025-08-13 18:21:58,603 INFO  [org.apa.kaf.cli.pro.KafkaProducer] (Thread-872) [Producer clientId=Producer-topic-e565de35_cf02_4508_a105_93b6a892f722] Closing the Kafka producer with timeoutMillis = 9223372036854775807 ms.
2025-08-13 18:21:58,606 INFO  [org.apa.kaf.com.met.Metrics] (Thread-872) Metrics scheduler closed
2025-08-13 18:21:58,606 INFO  [org.apa.kaf.com.met.Metrics] (Thread-872) Closing reporter org.apache.kafka.common.metrics.JmxReporter
2025-08-13 18:21:58,606 INFO  [org.apa.kaf.com.met.Metrics] (Thread-872) Closing reporter org.apache.kafka.common.telemetry.internals.ClientTelemetryReporter
2025-08-13 18:21:58,606 INFO  [org.apa.kaf.com.met.Metrics] (Thread-872) Metrics reporters closed
2025-08-13 18:21:58,606 INFO  [org.apa.kaf.com.uti.AppInfoParser] (Thread-872) App info kafka.producer for Producer-topic-e565de35_cf02_4508_a105_93b6a892f722 unregistered
**** Registry Base URL: http://registry-app-pg17.apps.ci419.apicurio-testing.org:80
2025-08-13 18:21:58,606 INFO  [org.apa.kaf.cli.pro.ProducerConfig] (main) ProducerConfig values: 
	acks = -1
	auto.include.jmx.reporter = true
	batch.size = 16384
	bootstrap.servers = [PLAINTEXT://localhost:32769]
	buffer.memory = 33554432
	client.dns.lookup = use_all_dns_ips
	client.id = Producer-topic-e565de35_cf02_4508_a105_93b6a892f722
	compression.gzip.level = -1
	compression.lz4.level = 9
	compression.type = none
	compression.zstd.level = 3
	connections.max.idle.ms = 10000
	delivery.timeout.ms = 120000
	enable.idempotence = true
	enable.metrics.push = true
	interceptor.classes = []
	key.serializer = class org.apache.kafka.common.serialization.StringSerializer
	linger.ms = 0
	max.block.ms = 60000
	max.in.flight.requests.per.connection = 5
	max.request.size = 1048576
	metadata.max.age.ms = 300000
	metadata.max.idle.ms = 300000
	metadata.recovery.strategy = none
	metric.reporters = []
	metrics.num.samples = 2
	metrics.recording.level = INFO
	metrics.sample.window.ms = 30000
	partitioner.adaptive.partitioning.enable = true
	partitioner.availability.timeout.ms = 0
	partitioner.class = null
	partitioner.ignore.keys = false
	receive.buffer.bytes = 32768
	reconnect.backoff.max.ms = 1000
	reconnect.backoff.ms = 50
	request.timeout.ms = 5000
	retries = 2147483647
	retry.backoff.max.ms = 1000
	retry.backoff.ms = 100
	sasl.client.callback.handler.class = null
	sasl.jaas.config = null
	sasl.kerberos.kinit.cmd = /usr/bin/kinit
	sasl.kerberos.min.time.before.relogin = 60000
	sasl.kerberos.service.name = null
	sasl.kerberos.ticket.renew.jitter = 0.05
	sasl.kerberos.ticket.renew.window.factor = 0.8
	sasl.login.callback.handler.class = null
	sasl.login.class = null
	sasl.login.connect.timeout.ms = null
	sasl.login.read.timeout.ms = null
	sasl.login.refresh.buffer.seconds = 300
	sasl.login.refresh.min.period.seconds = 60
	sasl.login.refresh.window.factor = 0.8
	sasl.login.refresh.window.jitter = 0.05
	sasl.login.retry.backoff.max.ms = 10000
	sasl.login.retry.backoff.ms = 100
	sasl.mechanism = GSSAPI
	sasl.oauthbearer.clock.skew.seconds = 30
	sasl.oauthbearer.expected.audience = null
	sasl.oauthbearer.expected.issuer = null
	sasl.oauthbearer.header.urlencode = false
	sasl.oauthbearer.jwks.endpoint.refresh.ms = 3600000
	sasl.oauthbearer.jwks.endpoint.retry.backoff.max.ms = 10000
	sasl.oauthbearer.jwks.endpoint.retry.backoff.ms = 100
	sasl.oauthbearer.jwks.endpoint.url = null
	sasl.oauthbearer.scope.claim.name = scope
	sasl.oauthbearer.sub.claim.name = sub
	sasl.oauthbearer.token.endpoint.url = null
	security.protocol = PLAINTEXT
	security.providers = null
	send.buffer.bytes = 131072
	socket.connection.setup.timeout.max.ms = 30000
	socket.connection.setup.timeout.ms = 10000
	ssl.cipher.suites = null
	ssl.enabled.protocols = [TLSv1.2, TLSv1.3]
	ssl.endpoint.identification.algorithm = https
	ssl.engine.factory.class = null
	ssl.key.password = null
	ssl.keymanager.algorithm = SunX509
	ssl.keystore.certificate.chain = null
	ssl.keystore.key = null
	ssl.keystore.location = null
	ssl.keystore.password = null
	ssl.keystore.type = JKS
	ssl.protocol = TLSv1.3
	ssl.provider = null
	ssl.secure.random.implementation = null
	ssl.trustmanager.algorithm = PKIX
	ssl.truststore.certificates = null
	ssl.truststore.location = null
	ssl.truststore.password = null
	ssl.truststore.type = JKS
	transaction.timeout.ms = 60000
	transactional.id = null
	value.serializer = class io.confluent.kafka.serializers.KafkaAvroSerializer

2025-08-13 18:21:58,607 INFO  [org.apa.kaf.com.tel.int.KafkaMetricsCollector] (main) initializing Kafka metrics collector
2025-08-13 18:21:58,607 INFO  [io.con.kaf.ser.KafkaAvroSerializerConfig] (main) KafkaAvroSerializerConfig values: 
	auto.register.schemas = false
	avro.reflection.allow.null = false
	avro.remove.java.properties = false
	avro.use.logical.type.converters = false
	basic.auth.credentials.source = URL
	basic.auth.user.info = [hidden]
	bearer.auth.cache.expiry.buffer.seconds = 300
	bearer.auth.client.id = null
	bearer.auth.client.secret = null
	bearer.auth.credentials.source = STATIC_TOKEN
	bearer.auth.custom.provider.class = null
	bearer.auth.identity.pool.id = null
	bearer.auth.issuer.endpoint.url = null
	bearer.auth.logical.cluster = null
	bearer.auth.scope = null
	bearer.auth.scope.claim.name = scope
	bearer.auth.sub.claim.name = sub
	bearer.auth.token = [hidden]
	context.name.strategy = class io.confluent.kafka.serializers.context.NullContextNameStrategy
	http.connect.timeout.ms = 60000
	http.read.timeout.ms = 60000
	id.compatibility.strict = true
	key.schema.id.deserializer = class io.confluent.kafka.serializers.schema.id.DualSchemaIdDeserializer
	key.schema.id.serializer = class io.confluent.kafka.serializers.schema.id.PrefixSchemaIdSerializer
	key.subject.name.strategy = class io.confluent.kafka.serializers.subject.TopicNameStrategy
	latest.cache.size = 1000
	latest.cache.ttl.sec = -1
	latest.compatibility.strict = true
	max.retries = 3
	max.schemas.per.subject = 1000
	normalize.schemas = false
	propagate.schema.tags = false
	proxy.host = 
	proxy.port = -1
	retries.max.wait.ms = 20000
	retries.wait.ms = 1000
	rule.actions = []
	rule.executors = []
	rule.service.loader.enable = true
	schema.format = null
	schema.reflection = false
	schema.registry.basic.auth.user.info = [hidden]
	schema.registry.ssl.cipher.suites = null
	schema.registry.ssl.enabled.protocols = [TLSv1.2, TLSv1.3]
	schema.registry.ssl.endpoint.identification.algorithm = https
	schema.registry.ssl.engine.factory.class = null
	schema.registry.ssl.key.password = null
	schema.registry.ssl.keymanager.algorithm = SunX509
	schema.registry.ssl.keystore.certificate.chain = null
	schema.registry.ssl.keystore.key = null
	schema.registry.ssl.keystore.location = null
	schema.registry.ssl.keystore.password = null
	schema.registry.ssl.keystore.type = JKS
	schema.registry.ssl.protocol = TLSv1.3
	schema.registry.ssl.provider = null
	schema.registry.ssl.secure.random.implementation = null
	schema.registry.ssl.trustmanager.algorithm = PKIX
	schema.registry.ssl.truststore.certificates = null
	schema.registry.ssl.truststore.location = null
	schema.registry.ssl.truststore.password = null
	schema.registry.ssl.truststore.type = JKS
	schema.registry.url = [http://registry-app-pg17.apps.ci419.apicurio-testing.org:80/apis/ccompat/v7]
	schema.registry.url.randomize = false
	use.latest.version = false
	use.latest.with.metadata = null
	use.schema.id = -1
	value.schema.id.deserializer = class io.confluent.kafka.serializers.schema.id.DualSchemaIdDeserializer
	value.schema.id.serializer = class io.confluent.kafka.serializers.schema.id.PrefixSchemaIdSerializer
	value.subject.name.strategy = class io.confluent.kafka.serializers.subject.TopicRecordNameStrategy

2025-08-13 18:21:58,609 INFO  [org.apa.kaf.cli.pro.KafkaProducer] (main) [Producer clientId=Producer-topic-e565de35_cf02_4508_a105_93b6a892f722] Instantiated an idempotent producer.
2025-08-13 18:21:58,611 INFO  [org.apa.kaf.cli.pro.ProducerConfig] (main) These configurations '[schema.registry.url, auto.register.schemas, value.subject.name.strategy]' were supplied but are not used yet.
2025-08-13 18:21:58,611 INFO  [org.apa.kaf.com.uti.AppInfoParser] (main) Kafka version: 3.9.1
2025-08-13 18:21:58,611 INFO  [org.apa.kaf.com.uti.AppInfoParser] (main) Kafka commitId: f745dfdcee2b9851
2025-08-13 18:21:58,611 INFO  [org.apa.kaf.com.uti.AppInfoParser] (main) Kafka startTimeMs: 1755109318611
2025-08-13 18:21:58,613 INFO  [io.api.tes.ser.api.KafkaSerdesTester] (Thread-873) Sending message {"key1": "value-0"} to topic topic-e565de35_cf02_4508_a105_93b6a892f722
2025-08-13 18:21:58,615 INFO  [org.apa.kaf.cli.Metadata] (kafka-producer-network-thread | Producer-topic-e565de35_cf02_4508_a105_93b6a892f722) [Producer clientId=Producer-topic-e565de35_cf02_4508_a105_93b6a892f722] Cluster ID: sAToZ0WATkWwuQb_OH8PpQ
2025-08-13 18:21:58,616 INFO  [org.apa.kaf.cli.pro.int.TransactionManager] (kafka-producer-network-thread | Producer-topic-e565de35_cf02_4508_a105_93b6a892f722) [Producer clientId=Producer-topic-e565de35_cf02_4508_a105_93b6a892f722] ProducerId set to 46 with epoch 0
2025-08-13 18:21:58,671 INFO  [io.api.tes.ser.api.KafkaSerdesTester] (Thread-873) Sending message {"key1": "value-1"} to topic topic-e565de35_cf02_4508_a105_93b6a892f722
2025-08-13 18:21:58,672 INFO  [io.api.tes.ser.api.KafkaSerdesTester] (Thread-873) Sending message {"key1": "value-2"} to topic topic-e565de35_cf02_4508_a105_93b6a892f722
2025-08-13 18:21:58,673 INFO  [io.api.tes.ser.api.KafkaSerdesTester] (Thread-873) Sending message {"key1": "value-3"} to topic topic-e565de35_cf02_4508_a105_93b6a892f722
2025-08-13 18:21:58,674 INFO  [io.api.tes.ser.api.KafkaSerdesTester] (Thread-873) Sending message {"key1": "value-4"} to topic topic-e565de35_cf02_4508_a105_93b6a892f722
2025-08-13 18:21:58,675 INFO  [io.api.tes.ser.api.KafkaSerdesTester] (Thread-873) Sending message {"key1": "value-5"} to topic topic-e565de35_cf02_4508_a105_93b6a892f722
2025-08-13 18:21:58,676 INFO  [io.api.tes.ser.api.KafkaSerdesTester] (Thread-873) Sending message {"key1": "value-6"} to topic topic-e565de35_cf02_4508_a105_93b6a892f722
2025-08-13 18:21:58,677 INFO  [io.api.tes.ser.api.KafkaSerdesTester] (Thread-873) Sending message {"key1": "value-7"} to topic topic-e565de35_cf02_4508_a105_93b6a892f722
2025-08-13 18:21:58,678 INFO  [io.api.tes.ser.api.KafkaSerdesTester] (Thread-873) Sending message {"key1": "value-8"} to topic topic-e565de35_cf02_4508_a105_93b6a892f722
2025-08-13 18:21:58,681 INFO  [io.api.tes.ser.api.KafkaSerdesTester] (Thread-873) Sending message {"key1": "value-9"} to topic topic-e565de35_cf02_4508_a105_93b6a892f722
2025-08-13 18:21:58,683 INFO  [io.api.tes.ser.api.KafkaSerdesTester] (Thread-873) Produced 10 messages
2025-08-13 18:21:58,683 INFO  [org.apa.kaf.cli.pro.KafkaProducer] (Thread-873) [Producer clientId=Producer-topic-e565de35_cf02_4508_a105_93b6a892f722] Closing the Kafka producer with timeoutMillis = 9223372036854775807 ms.
2025-08-13 18:21:58,685 INFO  [org.apa.kaf.com.met.Metrics] (Thread-873) Metrics scheduler closed
2025-08-13 18:21:58,685 INFO  [org.apa.kaf.com.met.Metrics] (Thread-873) Closing reporter org.apache.kafka.common.metrics.JmxReporter
2025-08-13 18:21:58,685 INFO  [org.apa.kaf.com.met.Metrics] (Thread-873) Closing reporter org.apache.kafka.common.telemetry.internals.ClientTelemetryReporter
2025-08-13 18:21:58,685 INFO  [org.apa.kaf.com.met.Metrics] (Thread-873) Metrics reporters closed
2025-08-13 18:21:58,685 INFO  [org.apa.kaf.com.uti.AppInfoParser] (Thread-873) App info kafka.producer for Producer-topic-e565de35_cf02_4508_a105_93b6a892f722 unregistered
**** Registry Base URL: http://registry-app-pg17.apps.ci419.apicurio-testing.org:80
2025-08-13 18:21:58,686 INFO  [org.apa.kaf.cli.con.ConsumerConfig] (main) ConsumerConfig values: 
	allow.auto.create.topics = true
	auto.commit.interval.ms = 500
	auto.include.jmx.reporter = true
	auto.offset.reset = earliest
	bootstrap.servers = [PLAINTEXT://localhost:32769]
	check.crcs = true
	client.dns.lookup = use_all_dns_ips
	client.id = consumer-Consumer-topic-e565de35_cf02_4508_a105_93b6a892f722-35
	client.rack = 
	connections.max.idle.ms = 10000
	default.api.timeout.ms = 60000
	enable.auto.commit = true
	enable.metrics.push = true
	exclude.internal.topics = true
	fetch.max.bytes = 52428800
	fetch.max.wait.ms = 500
	fetch.min.bytes = 1
	group.id = Consumer-topic-e565de35_cf02_4508_a105_93b6a892f722
	group.instance.id = null
	group.protocol = classic
	group.remote.assignor = null
	heartbeat.interval.ms = 3000
	interceptor.classes = []
	internal.leave.group.on.close = true
	internal.throw.on.fetch.stable.offset.unsupported = false
	isolation.level = read_uncommitted
	key.deserializer = class org.apache.kafka.common.serialization.StringDeserializer
	max.partition.fetch.bytes = 1048576
	max.poll.interval.ms = 300000
	max.poll.records = 500
	metadata.max.age.ms = 300000
	metadata.recovery.strategy = none
	metric.reporters = []
	metrics.num.samples = 2
	metrics.recording.level = INFO
	metrics.sample.window.ms = 30000
	partition.assignment.strategy = [class org.apache.kafka.clients.consumer.RangeAssignor, class org.apache.kafka.clients.consumer.CooperativeStickyAssignor]
	receive.buffer.bytes = 65536
	reconnect.backoff.max.ms = 1000
	reconnect.backoff.ms = 50
	request.timeout.ms = 5000
	retry.backoff.max.ms = 1000
	retry.backoff.ms = 100
	sasl.client.callback.handler.class = null
	sasl.jaas.config = null
	sasl.kerberos.kinit.cmd = /usr/bin/kinit
	sasl.kerberos.min.time.before.relogin = 60000
	sasl.kerberos.service.name = null
	sasl.kerberos.ticket.renew.jitter = 0.05
	sasl.kerberos.ticket.renew.window.factor = 0.8
	sasl.login.callback.handler.class = null
	sasl.login.class = null
	sasl.login.connect.timeout.ms = null
	sasl.login.read.timeout.ms = null
	sasl.login.refresh.buffer.seconds = 300
	sasl.login.refresh.min.period.seconds = 60
	sasl.login.refresh.window.factor = 0.8
	sasl.login.refresh.window.jitter = 0.05
	sasl.login.retry.backoff.max.ms = 10000
	sasl.login.retry.backoff.ms = 100
	sasl.mechanism = GSSAPI
	sasl.oauthbearer.clock.skew.seconds = 30
	sasl.oauthbearer.expected.audience = null
	sasl.oauthbearer.expected.issuer = null
	sasl.oauthbearer.header.urlencode = false
	sasl.oauthbearer.jwks.endpoint.refresh.ms = 3600000
	sasl.oauthbearer.jwks.endpoint.retry.backoff.max.ms = 10000
	sasl.oauthbearer.jwks.endpoint.retry.backoff.ms = 100
	sasl.oauthbearer.jwks.endpoint.url = null
	sasl.oauthbearer.scope.claim.name = scope
	sasl.oauthbearer.sub.claim.name = sub
	sasl.oauthbearer.token.endpoint.url = null
	security.protocol = PLAINTEXT
	security.providers = null
	send.buffer.bytes = 131072
	session.timeout.ms = 45000
	socket.connection.setup.timeout.max.ms = 30000
	socket.connection.setup.timeout.ms = 10000
	ssl.cipher.suites = null
	ssl.enabled.protocols = [TLSv1.2, TLSv1.3]
	ssl.endpoint.identification.algorithm = https
	ssl.engine.factory.class = null
	ssl.key.password = null
	ssl.keymanager.algorithm = SunX509
	ssl.keystore.certificate.chain = null
	ssl.keystore.key = null
	ssl.keystore.location = null
	ssl.keystore.password = null
	ssl.keystore.type = JKS
	ssl.protocol = TLSv1.3
	ssl.provider = null
	ssl.secure.random.implementation = null
	ssl.trustmanager.algorithm = PKIX
	ssl.truststore.certificates = null
	ssl.truststore.location = null
	ssl.truststore.password = null
	ssl.truststore.type = JKS
	value.deserializer = class io.confluent.kafka.serializers.KafkaAvroDeserializer

2025-08-13 18:21:58,686 INFO  [org.apa.kaf.com.tel.int.KafkaMetricsCollector] (main) initializing Kafka metrics collector
2025-08-13 18:21:58,686 INFO  [io.con.kaf.ser.KafkaAvroDeserializerConfig] (main) KafkaAvroDeserializerConfig values: 
	auto.register.schemas = true
	avro.reflection.allow.null = false
	avro.use.logical.type.converters = false
	basic.auth.credentials.source = URL
	basic.auth.user.info = [hidden]
	bearer.auth.cache.expiry.buffer.seconds = 300
	bearer.auth.client.id = null
	bearer.auth.client.secret = null
	bearer.auth.credentials.source = STATIC_TOKEN
	bearer.auth.custom.provider.class = null
	bearer.auth.identity.pool.id = null
	bearer.auth.issuer.endpoint.url = null
	bearer.auth.logical.cluster = null
	bearer.auth.scope = null
	bearer.auth.scope.claim.name = scope
	bearer.auth.sub.claim.name = sub
	bearer.auth.token = [hidden]
	context.name.strategy = class io.confluent.kafka.serializers.context.NullContextNameStrategy
	http.connect.timeout.ms = 60000
	http.read.timeout.ms = 60000
	id.compatibility.strict = true
	key.schema.id.deserializer = class io.confluent.kafka.serializers.schema.id.DualSchemaIdDeserializer
	key.schema.id.serializer = class io.confluent.kafka.serializers.schema.id.PrefixSchemaIdSerializer
	key.subject.name.strategy = class io.confluent.kafka.serializers.subject.TopicNameStrategy
	latest.cache.size = 1000
	latest.cache.ttl.sec = -1
	latest.compatibility.strict = true
	max.retries = 3
	max.schemas.per.subject = 1000
	normalize.schemas = false
	propagate.schema.tags = false
	proxy.host = 
	proxy.port = -1
	retries.max.wait.ms = 20000
	retries.wait.ms = 1000
	rule.actions = []
	rule.executors = []
	rule.service.loader.enable = true
	schema.format = null
	schema.reflection = false
	schema.registry.basic.auth.user.info = [hidden]
	schema.registry.ssl.cipher.suites = null
	schema.registry.ssl.enabled.protocols = [TLSv1.2, TLSv1.3]
	schema.registry.ssl.endpoint.identification.algorithm = https
	schema.registry.ssl.engine.factory.class = null
	schema.registry.ssl.key.password = null
	schema.registry.ssl.keymanager.algorithm = SunX509
	schema.registry.ssl.keystore.certificate.chain = null
	schema.registry.ssl.keystore.key = null
	schema.registry.ssl.keystore.location = null
	schema.registry.ssl.keystore.password = null
	schema.registry.ssl.keystore.type = JKS
	schema.registry.ssl.protocol = TLSv1.3
	schema.registry.ssl.provider = null
	schema.registry.ssl.secure.random.implementation = null
	schema.registry.ssl.trustmanager.algorithm = PKIX
	schema.registry.ssl.truststore.certificates = null
	schema.registry.ssl.truststore.location = null
	schema.registry.ssl.truststore.password = null
	schema.registry.ssl.truststore.type = JKS
	schema.registry.url = [http://registry-app-pg17.apps.ci419.apicurio-testing.org:80/apis/ccompat/v7]
	schema.registry.url.randomize = false
	specific.avro.key.type = null
	specific.avro.reader = false
	specific.avro.value.type = null
	use.latest.version = false
	use.latest.with.metadata = null
	use.schema.id = -1
	value.schema.id.deserializer = class io.confluent.kafka.serializers.schema.id.DualSchemaIdDeserializer
	value.schema.id.serializer = class io.confluent.kafka.serializers.schema.id.PrefixSchemaIdSerializer
	value.subject.name.strategy = class io.confluent.kafka.serializers.subject.TopicNameStrategy

2025-08-13 18:21:58,692 INFO  [org.apa.kaf.cli.con.ConsumerConfig] (main) These configurations '[schema.registry.url]' were supplied but are not used yet.
2025-08-13 18:21:58,692 INFO  [org.apa.kaf.com.uti.AppInfoParser] (main) Kafka version: 3.9.1
2025-08-13 18:21:58,692 INFO  [org.apa.kaf.com.uti.AppInfoParser] (main) Kafka commitId: f745dfdcee2b9851
2025-08-13 18:21:58,692 INFO  [org.apa.kaf.com.uti.AppInfoParser] (main) Kafka startTimeMs: 1755109318692
2025-08-13 18:21:58,693 INFO  [org.apa.kaf.cli.con.int.ClassicKafkaConsumer] (Thread-874) [Consumer clientId=consumer-Consumer-topic-e565de35_cf02_4508_a105_93b6a892f722-35, groupId=Consumer-topic-e565de35_cf02_4508_a105_93b6a892f722] Subscribed to topic(s): topic-e565de35_cf02_4508_a105_93b6a892f722
2025-08-13 18:21:58,696 INFO  [org.apa.kaf.cli.Metadata] (Thread-874) [Consumer clientId=consumer-Consumer-topic-e565de35_cf02_4508_a105_93b6a892f722-35, groupId=Consumer-topic-e565de35_cf02_4508_a105_93b6a892f722] Cluster ID: sAToZ0WATkWwuQb_OH8PpQ
2025-08-13 18:21:58,697 INFO  [org.apa.kaf.cli.con.int.ConsumerCoordinator] (Thread-874) [Consumer clientId=consumer-Consumer-topic-e565de35_cf02_4508_a105_93b6a892f722-35, groupId=Consumer-topic-e565de35_cf02_4508_a105_93b6a892f722] Discovered group coordinator localhost:32769 (id: 2147483647 rack: null)
2025-08-13 18:21:58,698 INFO  [org.apa.kaf.cli.con.int.ConsumerCoordinator] (Thread-874) [Consumer clientId=consumer-Consumer-topic-e565de35_cf02_4508_a105_93b6a892f722-35, groupId=Consumer-topic-e565de35_cf02_4508_a105_93b6a892f722] (Re-)joining group
2025-08-13 18:21:58,699 INFO  [org.apa.kaf.cli.con.int.ConsumerCoordinator] (Thread-874) [Consumer clientId=consumer-Consumer-topic-e565de35_cf02_4508_a105_93b6a892f722-35, groupId=Consumer-topic-e565de35_cf02_4508_a105_93b6a892f722] Request joining group due to: need to re-join with the given member-id: consumer-Consumer-topic-e565de35_cf02_4508_a105_93b6a892f722-35-0c97ba03-fe1e-47c2-be7f-690a7db386a2
2025-08-13 18:21:58,700 INFO  [org.apa.kaf.cli.con.int.ConsumerCoordinator] (Thread-874) [Consumer clientId=consumer-Consumer-topic-e565de35_cf02_4508_a105_93b6a892f722-35, groupId=Consumer-topic-e565de35_cf02_4508_a105_93b6a892f722] (Re-)joining group
2025-08-13 18:21:59,693 INFO  [io.api.tes.ser.api.KafkaSerdesTester] (Thread-874) None found
2025-08-13 18:22:00,694 INFO  [io.api.tes.ser.api.KafkaSerdesTester] (Thread-874) None found
2025-08-13 18:22:01,694 INFO  [io.api.tes.ser.api.KafkaSerdesTester] (Thread-874) None found
2025-08-13 18:22:01,701 INFO  [org.apa.kaf.cli.con.int.ConsumerCoordinator] (Thread-874) [Consumer clientId=consumer-Consumer-topic-e565de35_cf02_4508_a105_93b6a892f722-35, groupId=Consumer-topic-e565de35_cf02_4508_a105_93b6a892f722] Successfully joined group with generation Generation{generationId=3, memberId='consumer-Consumer-topic-e565de35_cf02_4508_a105_93b6a892f722-35-0c97ba03-fe1e-47c2-be7f-690a7db386a2', protocol='range'}
2025-08-13 18:22:01,701 INFO  [org.apa.kaf.cli.con.int.ConsumerCoordinator] (Thread-874) [Consumer clientId=consumer-Consumer-topic-e565de35_cf02_4508_a105_93b6a892f722-35, groupId=Consumer-topic-e565de35_cf02_4508_a105_93b6a892f722] Finished assignment for group at generation 3: {consumer-Consumer-topic-e565de35_cf02_4508_a105_93b6a892f722-35-0c97ba03-fe1e-47c2-be7f-690a7db386a2=Assignment(partitions=[topic-e565de35_cf02_4508_a105_93b6a892f722-0])}
2025-08-13 18:22:01,708 INFO  [org.apa.kaf.cli.con.int.ConsumerCoordinator] (Thread-874) [Consumer clientId=consumer-Consumer-topic-e565de35_cf02_4508_a105_93b6a892f722-35, groupId=Consumer-topic-e565de35_cf02_4508_a105_93b6a892f722] Successfully synced group in generation Generation{generationId=3, memberId='consumer-Consumer-topic-e565de35_cf02_4508_a105_93b6a892f722-35-0c97ba03-fe1e-47c2-be7f-690a7db386a2', protocol='range'}
2025-08-13 18:22:01,708 INFO  [org.apa.kaf.cli.con.int.ConsumerCoordinator] (Thread-874) [Consumer clientId=consumer-Consumer-topic-e565de35_cf02_4508_a105_93b6a892f722-35, groupId=Consumer-topic-e565de35_cf02_4508_a105_93b6a892f722] Notifying assignor about the new Assignment(partitions=[topic-e565de35_cf02_4508_a105_93b6a892f722-0])
2025-08-13 18:22:01,708 INFO  [org.apa.kaf.cli.con.int.ConsumerRebalanceListenerInvoker] (Thread-874) [Consumer clientId=consumer-Consumer-topic-e565de35_cf02_4508_a105_93b6a892f722-35, groupId=Consumer-topic-e565de35_cf02_4508_a105_93b6a892f722] Adding newly assigned partitions: topic-e565de35_cf02_4508_a105_93b6a892f722-0
2025-08-13 18:22:01,709 INFO  [org.apa.kaf.cli.con.int.ConsumerUtils] (Thread-874) Setting offset for partition topic-e565de35_cf02_4508_a105_93b6a892f722-0 to the committed offset FetchPosition{offset=10, offsetEpoch=Optional[0], currentLeader=LeaderAndEpoch{leader=Optional[localhost:32769 (id: 0 rack: null)], epoch=0}}
2025-08-13 18:22:01,810 INFO  [io.api.tes.ser.api.KafkaSerdesTester] (Thread-874) topic-e565de35_cf02_4508_a105_93b6a892f722 0 10 {"key1": "value-0", "key2": "value-0"}
2025-08-13 18:22:01,810 INFO  [io.api.tes.ser.api.KafkaSerdesTester] (Thread-874) topic-e565de35_cf02_4508_a105_93b6a892f722 0 11 {"key1": "value-1", "key2": "value-1"}
2025-08-13 18:22:01,810 INFO  [io.api.tes.ser.api.KafkaSerdesTester] (Thread-874) topic-e565de35_cf02_4508_a105_93b6a892f722 0 12 {"key1": "value-2", "key2": "value-2"}
2025-08-13 18:22:01,810 INFO  [io.api.tes.ser.api.KafkaSerdesTester] (Thread-874) topic-e565de35_cf02_4508_a105_93b6a892f722 0 13 {"key1": "value-3", "key2": "value-3"}
2025-08-13 18:22:01,810 INFO  [io.api.tes.ser.api.KafkaSerdesTester] (Thread-874) topic-e565de35_cf02_4508_a105_93b6a892f722 0 14 {"key1": "value-4", "key2": "value-4"}
2025-08-13 18:22:01,811 INFO  [io.api.tes.ser.api.KafkaSerdesTester] (Thread-874) topic-e565de35_cf02_4508_a105_93b6a892f722 0 15 {"key1": "value-5", "key2": "value-5"}
2025-08-13 18:22:01,811 INFO  [io.api.tes.ser.api.KafkaSerdesTester] (Thread-874) topic-e565de35_cf02_4508_a105_93b6a892f722 0 16 {"key1": "value-6", "key2": "value-6"}
2025-08-13 18:22:01,811 INFO  [io.api.tes.ser.api.KafkaSerdesTester] (Thread-874) topic-e565de35_cf02_4508_a105_93b6a892f722 0 17 {"key1": "value-7", "key2": "value-7"}
2025-08-13 18:22:01,811 INFO  [io.api.tes.ser.api.KafkaSerdesTester] (Thread-874) topic-e565de35_cf02_4508_a105_93b6a892f722 0 18 {"key1": "value-8", "key2": "value-8"}
2025-08-13 18:22:01,811 INFO  [io.api.tes.ser.api.KafkaSerdesTester] (Thread-874) topic-e565de35_cf02_4508_a105_93b6a892f722 0 19 {"key1": "value-9", "key2": "value-9"}
2025-08-13 18:22:01,811 INFO  [io.api.tes.ser.api.KafkaSerdesTester] (Thread-874) topic-e565de35_cf02_4508_a105_93b6a892f722 0 20 {"key1": "value-0"}
2025-08-13 18:22:01,811 INFO  [io.api.tes.ser.api.KafkaSerdesTester] (Thread-874) topic-e565de35_cf02_4508_a105_93b6a892f722 0 21 {"key1": "value-1"}
2025-08-13 18:22:01,811 INFO  [io.api.tes.ser.api.KafkaSerdesTester] (Thread-874) topic-e565de35_cf02_4508_a105_93b6a892f722 0 22 {"key1": "value-2"}
2025-08-13 18:22:01,811 INFO  [io.api.tes.ser.api.KafkaSerdesTester] (Thread-874) topic-e565de35_cf02_4508_a105_93b6a892f722 0 23 {"key1": "value-3"}
2025-08-13 18:22:01,811 INFO  [io.api.tes.ser.api.KafkaSerdesTester] (Thread-874) topic-e565de35_cf02_4508_a105_93b6a892f722 0 24 {"key1": "value-4"}
2025-08-13 18:22:01,811 INFO  [io.api.tes.ser.api.KafkaSerdesTester] (Thread-874) topic-e565de35_cf02_4508_a105_93b6a892f722 0 25 {"key1": "value-5"}
2025-08-13 18:22:01,811 INFO  [io.api.tes.ser.api.KafkaSerdesTester] (Thread-874) topic-e565de35_cf02_4508_a105_93b6a892f722 0 26 {"key1": "value-6"}
2025-08-13 18:22:01,811 INFO  [io.api.tes.ser.api.KafkaSerdesTester] (Thread-874) topic-e565de35_cf02_4508_a105_93b6a892f722 0 27 {"key1": "value-7"}
2025-08-13 18:22:01,811 INFO  [io.api.tes.ser.api.KafkaSerdesTester] (Thread-874) topic-e565de35_cf02_4508_a105_93b6a892f722 0 28 {"key1": "value-8"}
2025-08-13 18:22:01,811 INFO  [io.api.tes.ser.api.KafkaSerdesTester] (Thread-874) topic-e565de35_cf02_4508_a105_93b6a892f722 0 29 {"key1": "value-9"}
2025-08-13 18:22:01,811 INFO  [io.api.tes.ser.api.KafkaSerdesTester] (Thread-874) Consumed 20 messages
2025-08-13 18:22:01,818 INFO  [org.apa.kaf.cli.con.int.ConsumerRebalanceListenerInvoker] (Thread-874) [Consumer clientId=consumer-Consumer-topic-e565de35_cf02_4508_a105_93b6a892f722-35, groupId=Consumer-topic-e565de35_cf02_4508_a105_93b6a892f722] Revoke previously assigned partitions topic-e565de35_cf02_4508_a105_93b6a892f722-0
2025-08-13 18:22:01,818 INFO  [org.apa.kaf.cli.con.int.ConsumerCoordinator] (Thread-874) [Consumer clientId=consumer-Consumer-topic-e565de35_cf02_4508_a105_93b6a892f722-35, groupId=Consumer-topic-e565de35_cf02_4508_a105_93b6a892f722] Member consumer-Consumer-topic-e565de35_cf02_4508_a105_93b6a892f722-35-0c97ba03-fe1e-47c2-be7f-690a7db386a2 sending LeaveGroup request to coordinator localhost:32769 (id: 2147483647 rack: null) due to the consumer is being closed
2025-08-13 18:22:01,819 INFO  [org.apa.kaf.cli.con.int.ConsumerCoordinator] (Thread-874) [Consumer clientId=consumer-Consumer-topic-e565de35_cf02_4508_a105_93b6a892f722-35, groupId=Consumer-topic-e565de35_cf02_4508_a105_93b6a892f722] Resetting generation and member id due to: consumer pro-actively leaving the group
2025-08-13 18:22:01,819 INFO  [org.apa.kaf.cli.con.int.ConsumerCoordinator] (Thread-874) [Consumer clientId=consumer-Consumer-topic-e565de35_cf02_4508_a105_93b6a892f722-35, groupId=Consumer-topic-e565de35_cf02_4508_a105_93b6a892f722] Request joining group due to: consumer pro-actively leaving the group
2025-08-13 18:22:02,314 INFO  [org.apa.kaf.com.met.Metrics] (Thread-874) Metrics scheduler closed
2025-08-13 18:22:02,315 INFO  [org.apa.kaf.com.met.Metrics] (Thread-874) Closing reporter org.apache.kafka.common.metrics.JmxReporter
2025-08-13 18:22:02,315 INFO  [org.apa.kaf.com.met.Metrics] (Thread-874) Closing reporter org.apache.kafka.common.telemetry.internals.ClientTelemetryReporter
2025-08-13 18:22:02,315 INFO  [org.apa.kaf.com.met.Metrics] (Thread-874) Metrics reporters closed
2025-08-13 18:22:02,316 INFO  [org.apa.kaf.com.uti.AppInfoParser] (Thread-874) App info kafka.consumer for consumer-Consumer-topic-e565de35_cf02_4508_a105_93b6a892f722-35 unregistered
**** Registry Base URL: http://registry-app-pg17.apps.ci419.apicurio-testing.org:80
2025-08-13 18:22:03,427 INFO  [org.apa.kaf.cli.pro.ProducerConfig] (main) ProducerConfig values: 
	acks = -1
	auto.include.jmx.reporter = true
	batch.size = 16384
	bootstrap.servers = [PLAINTEXT://localhost:32769]
	buffer.memory = 33554432
	client.dns.lookup = use_all_dns_ips
	client.id = Producer-topic-e565de35_cf02_4508_a105_93b6a892f722
	compression.gzip.level = -1
	compression.lz4.level = 9
	compression.type = none
	compression.zstd.level = 3
	connections.max.idle.ms = 10000
	delivery.timeout.ms = 120000
	enable.idempotence = true
	enable.metrics.push = true
	interceptor.classes = []
	key.serializer = class org.apache.kafka.common.serialization.StringSerializer
	linger.ms = 0
	max.block.ms = 60000
	max.in.flight.requests.per.connection = 5
	max.request.size = 1048576
	metadata.max.age.ms = 300000
	metadata.max.idle.ms = 300000
	metadata.recovery.strategy = none
	metric.reporters = []
	metrics.num.samples = 2
	metrics.recording.level = INFO
	metrics.sample.window.ms = 30000
	partitioner.adaptive.partitioning.enable = true
	partitioner.availability.timeout.ms = 0
	partitioner.class = null
	partitioner.ignore.keys = false
	receive.buffer.bytes = 32768
	reconnect.backoff.max.ms = 1000
	reconnect.backoff.ms = 50
	request.timeout.ms = 5000
	retries = 2147483647
	retry.backoff.max.ms = 1000
	retry.backoff.ms = 100
	sasl.client.callback.handler.class = null
	sasl.jaas.config = null
	sasl.kerberos.kinit.cmd = /usr/bin/kinit
	sasl.kerberos.min.time.before.relogin = 60000
	sasl.kerberos.service.name = null
	sasl.kerberos.ticket.renew.jitter = 0.05
	sasl.kerberos.ticket.renew.window.factor = 0.8
	sasl.login.callback.handler.class = null
	sasl.login.class = null
	sasl.login.connect.timeout.ms = null
	sasl.login.read.timeout.ms = null
	sasl.login.refresh.buffer.seconds = 300
	sasl.login.refresh.min.period.seconds = 60
	sasl.login.refresh.window.factor = 0.8
	sasl.login.refresh.window.jitter = 0.05
	sasl.login.retry.backoff.max.ms = 10000
	sasl.login.retry.backoff.ms = 100
	sasl.mechanism = GSSAPI
	sasl.oauthbearer.clock.skew.seconds = 30
	sasl.oauthbearer.expected.audience = null
	sasl.oauthbearer.expected.issuer = null
	sasl.oauthbearer.header.urlencode = false
	sasl.oauthbearer.jwks.endpoint.refresh.ms = 3600000
	sasl.oauthbearer.jwks.endpoint.retry.backoff.max.ms = 10000
	sasl.oauthbearer.jwks.endpoint.retry.backoff.ms = 100
	sasl.oauthbearer.jwks.endpoint.url = null
	sasl.oauthbearer.scope.claim.name = scope
	sasl.oauthbearer.sub.claim.name = sub
	sasl.oauthbearer.token.endpoint.url = null
	security.protocol = PLAINTEXT
	security.providers = null
	send.buffer.bytes = 131072
	socket.connection.setup.timeout.max.ms = 30000
	socket.connection.setup.timeout.ms = 10000
	ssl.cipher.suites = null
	ssl.enabled.protocols = [TLSv1.2, TLSv1.3]
	ssl.endpoint.identification.algorithm = https
	ssl.engine.factory.class = null
	ssl.key.password = null
	ssl.keymanager.algorithm = SunX509
	ssl.keystore.certificate.chain = null
	ssl.keystore.key = null
	ssl.keystore.location = null
	ssl.keystore.password = null
	ssl.keystore.type = JKS
	ssl.protocol = TLSv1.3
	ssl.provider = null
	ssl.secure.random.implementation = null
	ssl.trustmanager.algorithm = PKIX
	ssl.truststore.certificates = null
	ssl.truststore.location = null
	ssl.truststore.password = null
	ssl.truststore.type = JKS
	transaction.timeout.ms = 60000
	transactional.id = null
	value.serializer = class io.confluent.kafka.serializers.KafkaAvroSerializer

2025-08-13 18:22:03,427 INFO  [org.apa.kaf.com.tel.int.KafkaMetricsCollector] (main) initializing Kafka metrics collector
2025-08-13 18:22:03,427 INFO  [io.con.kaf.ser.KafkaAvroSerializerConfig] (main) KafkaAvroSerializerConfig values: 
	auto.register.schemas = false
	avro.reflection.allow.null = false
	avro.remove.java.properties = false
	avro.use.logical.type.converters = false
	basic.auth.credentials.source = URL
	basic.auth.user.info = [hidden]
	bearer.auth.cache.expiry.buffer.seconds = 300
	bearer.auth.client.id = null
	bearer.auth.client.secret = null
	bearer.auth.credentials.source = STATIC_TOKEN
	bearer.auth.custom.provider.class = null
	bearer.auth.identity.pool.id = null
	bearer.auth.issuer.endpoint.url = null
	bearer.auth.logical.cluster = null
	bearer.auth.scope = null
	bearer.auth.scope.claim.name = scope
	bearer.auth.sub.claim.name = sub
	bearer.auth.token = [hidden]
	context.name.strategy = class io.confluent.kafka.serializers.context.NullContextNameStrategy
	http.connect.timeout.ms = 60000
	http.read.timeout.ms = 60000
	id.compatibility.strict = true
	key.schema.id.deserializer = class io.confluent.kafka.serializers.schema.id.DualSchemaIdDeserializer
	key.schema.id.serializer = class io.confluent.kafka.serializers.schema.id.PrefixSchemaIdSerializer
	key.subject.name.strategy = class io.confluent.kafka.serializers.subject.TopicNameStrategy
	latest.cache.size = 1000
	latest.cache.ttl.sec = -1
	latest.compatibility.strict = true
	max.retries = 3
	max.schemas.per.subject = 1000
	normalize.schemas = false
	propagate.schema.tags = false
	proxy.host = 
	proxy.port = -1
	retries.max.wait.ms = 20000
	retries.wait.ms = 1000
	rule.actions = []
	rule.executors = []
	rule.service.loader.enable = true
	schema.format = null
	schema.reflection = false
	schema.registry.basic.auth.user.info = [hidden]
	schema.registry.ssl.cipher.suites = null
	schema.registry.ssl.enabled.protocols = [TLSv1.2, TLSv1.3]
	schema.registry.ssl.endpoint.identification.algorithm = https
	schema.registry.ssl.engine.factory.class = null
	schema.registry.ssl.key.password = null
	schema.registry.ssl.keymanager.algorithm = SunX509
	schema.registry.ssl.keystore.certificate.chain = null
	schema.registry.ssl.keystore.key = null
	schema.registry.ssl.keystore.location = null
	schema.registry.ssl.keystore.password = null
	schema.registry.ssl.keystore.type = JKS
	schema.registry.ssl.protocol = TLSv1.3
	schema.registry.ssl.provider = null
	schema.registry.ssl.secure.random.implementation = null
	schema.registry.ssl.trustmanager.algorithm = PKIX
	schema.registry.ssl.truststore.certificates = null
	schema.registry.ssl.truststore.location = null
	schema.registry.ssl.truststore.password = null
	schema.registry.ssl.truststore.type = JKS
	schema.registry.url = [http://registry-app-pg17.apps.ci419.apicurio-testing.org:80/apis/ccompat/v7]
	schema.registry.url.randomize = false
	use.latest.version = false
	use.latest.with.metadata = null
	use.schema.id = -1
	value.schema.id.deserializer = class io.confluent.kafka.serializers.schema.id.DualSchemaIdDeserializer
	value.schema.id.serializer = class io.confluent.kafka.serializers.schema.id.PrefixSchemaIdSerializer
	value.subject.name.strategy = class io.confluent.kafka.serializers.subject.TopicRecordNameStrategy

2025-08-13 18:22:03,429 INFO  [org.apa.kaf.cli.pro.KafkaProducer] (main) [Producer clientId=Producer-topic-e565de35_cf02_4508_a105_93b6a892f722] Instantiated an idempotent producer.
2025-08-13 18:22:03,430 INFO  [org.apa.kaf.cli.pro.ProducerConfig] (main) These configurations '[schema.registry.url, auto.register.schemas, value.subject.name.strategy]' were supplied but are not used yet.
2025-08-13 18:22:03,431 INFO  [org.apa.kaf.com.uti.AppInfoParser] (main) Kafka version: 3.9.1
2025-08-13 18:22:03,431 INFO  [org.apa.kaf.com.uti.AppInfoParser] (main) Kafka commitId: f745dfdcee2b9851
2025-08-13 18:22:03,431 INFO  [org.apa.kaf.com.uti.AppInfoParser] (main) Kafka startTimeMs: 1755109323430
2025-08-13 18:22:03,431 INFO  [io.api.tes.ser.api.KafkaSerdesTester] (Thread-875) Sending message {"key1": "value-0", "key2": "value-0", "key3": "value-0"} to topic topic-e565de35_cf02_4508_a105_93b6a892f722
2025-08-13 18:22:03,433 INFO  [org.apa.kaf.cli.Metadata] (kafka-producer-network-thread | Producer-topic-e565de35_cf02_4508_a105_93b6a892f722) [Producer clientId=Producer-topic-e565de35_cf02_4508_a105_93b6a892f722] Cluster ID: sAToZ0WATkWwuQb_OH8PpQ
2025-08-13 18:22:03,434 INFO  [org.apa.kaf.cli.pro.int.TransactionManager] (kafka-producer-network-thread | Producer-topic-e565de35_cf02_4508_a105_93b6a892f722) [Producer clientId=Producer-topic-e565de35_cf02_4508_a105_93b6a892f722] ProducerId set to 47 with epoch 0
2025-08-13 18:22:03,487 INFO  [io.api.tes.ser.api.KafkaSerdesTester] (Thread-875) Sending message {"key1": "value-1", "key2": "value-1", "key3": "value-1"} to topic topic-e565de35_cf02_4508_a105_93b6a892f722
2025-08-13 18:22:03,490 INFO  [io.api.tes.ser.api.KafkaSerdesTester] (Thread-875) Sending message {"key1": "value-2", "key2": "value-2", "key3": "value-2"} to topic topic-e565de35_cf02_4508_a105_93b6a892f722
2025-08-13 18:22:03,491 INFO  [io.api.tes.ser.api.KafkaSerdesTester] (Thread-875) Sending message {"key1": "value-3", "key2": "value-3", "key3": "value-3"} to topic topic-e565de35_cf02_4508_a105_93b6a892f722
2025-08-13 18:22:03,492 INFO  [io.api.tes.ser.api.KafkaSerdesTester] (Thread-875) Sending message {"key1": "value-4", "key2": "value-4", "key3": "value-4"} to topic topic-e565de35_cf02_4508_a105_93b6a892f722
2025-08-13 18:22:03,495 INFO  [io.api.tes.ser.api.KafkaSerdesTester] (Thread-875) Sending message {"key1": "value-5", "key2": "value-5", "key3": "value-5"} to topic topic-e565de35_cf02_4508_a105_93b6a892f722
2025-08-13 18:22:03,496 INFO  [io.api.tes.ser.api.KafkaSerdesTester] (Thread-875) Sending message {"key1": "value-6", "key2": "value-6", "key3": "value-6"} to topic topic-e565de35_cf02_4508_a105_93b6a892f722
2025-08-13 18:22:03,497 INFO  [io.api.tes.ser.api.KafkaSerdesTester] (Thread-875) Sending message {"key1": "value-7", "key2": "value-7", "key3": "value-7"} to topic topic-e565de35_cf02_4508_a105_93b6a892f722
2025-08-13 18:22:03,498 INFO  [io.api.tes.ser.api.KafkaSerdesTester] (Thread-875) Sending message {"key1": "value-8", "key2": "value-8", "key3": "value-8"} to topic topic-e565de35_cf02_4508_a105_93b6a892f722
2025-08-13 18:22:03,499 INFO  [io.api.tes.ser.api.KafkaSerdesTester] (Thread-875) Sending message {"key1": "value-9", "key2": "value-9", "key3": "value-9"} to topic topic-e565de35_cf02_4508_a105_93b6a892f722
2025-08-13 18:22:03,500 INFO  [io.api.tes.ser.api.KafkaSerdesTester] (Thread-875) Produced 10 messages
2025-08-13 18:22:03,500 INFO  [org.apa.kaf.cli.pro.KafkaProducer] (Thread-875) [Producer clientId=Producer-topic-e565de35_cf02_4508_a105_93b6a892f722] Closing the Kafka producer with timeoutMillis = 9223372036854775807 ms.
2025-08-13 18:22:03,501 INFO  [org.apa.kaf.com.met.Metrics] (Thread-875) Metrics scheduler closed
2025-08-13 18:22:03,501 INFO  [org.apa.kaf.com.met.Metrics] (Thread-875) Closing reporter org.apache.kafka.common.metrics.JmxReporter
2025-08-13 18:22:03,501 INFO  [org.apa.kaf.com.met.Metrics] (Thread-875) Closing reporter org.apache.kafka.common.telemetry.internals.ClientTelemetryReporter
2025-08-13 18:22:03,501 INFO  [org.apa.kaf.com.met.Metrics] (Thread-875) Metrics reporters closed
2025-08-13 18:22:03,501 INFO  [org.apa.kaf.com.uti.AppInfoParser] (Thread-875) App info kafka.producer for Producer-topic-e565de35_cf02_4508_a105_93b6a892f722 unregistered
**** Registry Base URL: http://registry-app-pg17.apps.ci419.apicurio-testing.org:80
2025-08-13 18:22:03,502 INFO  [org.apa.kaf.cli.pro.ProducerConfig] (main) ProducerConfig values: 
	acks = -1
	auto.include.jmx.reporter = true
	batch.size = 16384
	bootstrap.servers = [PLAINTEXT://localhost:32769]
	buffer.memory = 33554432
	client.dns.lookup = use_all_dns_ips
	client.id = Producer-topic-e565de35_cf02_4508_a105_93b6a892f722
	compression.gzip.level = -1
	compression.lz4.level = 9
	compression.type = none
	compression.zstd.level = 3
	connections.max.idle.ms = 10000
	delivery.timeout.ms = 120000
	enable.idempotence = true
	enable.metrics.push = true
	interceptor.classes = []
	key.serializer = class org.apache.kafka.common.serialization.StringSerializer
	linger.ms = 0
	max.block.ms = 60000
	max.in.flight.requests.per.connection = 5
	max.request.size = 1048576
	metadata.max.age.ms = 300000
	metadata.max.idle.ms = 300000
	metadata.recovery.strategy = none
	metric.reporters = []
	metrics.num.samples = 2
	metrics.recording.level = INFO
	metrics.sample.window.ms = 30000
	partitioner.adaptive.partitioning.enable = true
	partitioner.availability.timeout.ms = 0
	partitioner.class = null
	partitioner.ignore.keys = false
	receive.buffer.bytes = 32768
	reconnect.backoff.max.ms = 1000
	reconnect.backoff.ms = 50
	request.timeout.ms = 5000
	retries = 2147483647
	retry.backoff.max.ms = 1000
	retry.backoff.ms = 100
	sasl.client.callback.handler.class = null
	sasl.jaas.config = null
	sasl.kerberos.kinit.cmd = /usr/bin/kinit
	sasl.kerberos.min.time.before.relogin = 60000
	sasl.kerberos.service.name = null
	sasl.kerberos.ticket.renew.jitter = 0.05
	sasl.kerberos.ticket.renew.window.factor = 0.8
	sasl.login.callback.handler.class = null
	sasl.login.class = null
	sasl.login.connect.timeout.ms = null
	sasl.login.read.timeout.ms = null
	sasl.login.refresh.buffer.seconds = 300
	sasl.login.refresh.min.period.seconds = 60
	sasl.login.refresh.window.factor = 0.8
	sasl.login.refresh.window.jitter = 0.05
	sasl.login.retry.backoff.max.ms = 10000
	sasl.login.retry.backoff.ms = 100
	sasl.mechanism = GSSAPI
	sasl.oauthbearer.clock.skew.seconds = 30
	sasl.oauthbearer.expected.audience = null
	sasl.oauthbearer.expected.issuer = null
	sasl.oauthbearer.header.urlencode = false
	sasl.oauthbearer.jwks.endpoint.refresh.ms = 3600000
	sasl.oauthbearer.jwks.endpoint.retry.backoff.max.ms = 10000
	sasl.oauthbearer.jwks.endpoint.retry.backoff.ms = 100
	sasl.oauthbearer.jwks.endpoint.url = null
	sasl.oauthbearer.scope.claim.name = scope
	sasl.oauthbearer.sub.claim.name = sub
	sasl.oauthbearer.token.endpoint.url = null
	security.protocol = PLAINTEXT
	security.providers = null
	send.buffer.bytes = 131072
	socket.connection.setup.timeout.max.ms = 30000
	socket.connection.setup.timeout.ms = 10000
	ssl.cipher.suites = null
	ssl.enabled.protocols = [TLSv1.2, TLSv1.3]
	ssl.endpoint.identification.algorithm = https
	ssl.engine.factory.class = null
	ssl.key.password = null
	ssl.keymanager.algorithm = SunX509
	ssl.keystore.certificate.chain = null
	ssl.keystore.key = null
	ssl.keystore.location = null
	ssl.keystore.password = null
	ssl.keystore.type = JKS
	ssl.protocol = TLSv1.3
	ssl.provider = null
	ssl.secure.random.implementation = null
	ssl.trustmanager.algorithm = PKIX
	ssl.truststore.certificates = null
	ssl.truststore.location = null
	ssl.truststore.password = null
	ssl.truststore.type = JKS
	transaction.timeout.ms = 60000
	transactional.id = null
	value.serializer = class io.confluent.kafka.serializers.KafkaAvroSerializer

2025-08-13 18:22:03,502 INFO  [org.apa.kaf.com.tel.int.KafkaMetricsCollector] (main) initializing Kafka metrics collector
2025-08-13 18:22:03,502 INFO  [io.con.kaf.ser.KafkaAvroSerializerConfig] (main) KafkaAvroSerializerConfig values: 
	auto.register.schemas = false
	avro.reflection.allow.null = false
	avro.remove.java.properties = false
	avro.use.logical.type.converters = false
	basic.auth.credentials.source = URL
	basic.auth.user.info = [hidden]
	bearer.auth.cache.expiry.buffer.seconds = 300
	bearer.auth.client.id = null
	bearer.auth.client.secret = null
	bearer.auth.credentials.source = STATIC_TOKEN
	bearer.auth.custom.provider.class = null
	bearer.auth.identity.pool.id = null
	bearer.auth.issuer.endpoint.url = null
	bearer.auth.logical.cluster = null
	bearer.auth.scope = null
	bearer.auth.scope.claim.name = scope
	bearer.auth.sub.claim.name = sub
	bearer.auth.token = [hidden]
	context.name.strategy = class io.confluent.kafka.serializers.context.NullContextNameStrategy
	http.connect.timeout.ms = 60000
	http.read.timeout.ms = 60000
	id.compatibility.strict = true
	key.schema.id.deserializer = class io.confluent.kafka.serializers.schema.id.DualSchemaIdDeserializer
	key.schema.id.serializer = class io.confluent.kafka.serializers.schema.id.PrefixSchemaIdSerializer
	key.subject.name.strategy = class io.confluent.kafka.serializers.subject.TopicNameStrategy
	latest.cache.size = 1000
	latest.cache.ttl.sec = -1
	latest.compatibility.strict = true
	max.retries = 3
	max.schemas.per.subject = 1000
	normalize.schemas = false
	propagate.schema.tags = false
	proxy.host = 
	proxy.port = -1
	retries.max.wait.ms = 20000
	retries.wait.ms = 1000
	rule.actions = []
	rule.executors = []
	rule.service.loader.enable = true
	schema.format = null
	schema.reflection = false
	schema.registry.basic.auth.user.info = [hidden]
	schema.registry.ssl.cipher.suites = null
	schema.registry.ssl.enabled.protocols = [TLSv1.2, TLSv1.3]
	schema.registry.ssl.endpoint.identification.algorithm = https
	schema.registry.ssl.engine.factory.class = null
	schema.registry.ssl.key.password = null
	schema.registry.ssl.keymanager.algorithm = SunX509
	schema.registry.ssl.keystore.certificate.chain = null
	schema.registry.ssl.keystore.key = null
	schema.registry.ssl.keystore.location = null
	schema.registry.ssl.keystore.password = null
	schema.registry.ssl.keystore.type = JKS
	schema.registry.ssl.protocol = TLSv1.3
	schema.registry.ssl.provider = null
	schema.registry.ssl.secure.random.implementation = null
	schema.registry.ssl.trustmanager.algorithm = PKIX
	schema.registry.ssl.truststore.certificates = null
	schema.registry.ssl.truststore.location = null
	schema.registry.ssl.truststore.password = null
	schema.registry.ssl.truststore.type = JKS
	schema.registry.url = [http://registry-app-pg17.apps.ci419.apicurio-testing.org:80/apis/ccompat/v7]
	schema.registry.url.randomize = false
	use.latest.version = false
	use.latest.with.metadata = null
	use.schema.id = -1
	value.schema.id.deserializer = class io.confluent.kafka.serializers.schema.id.DualSchemaIdDeserializer
	value.schema.id.serializer = class io.confluent.kafka.serializers.schema.id.PrefixSchemaIdSerializer
	value.subject.name.strategy = class io.confluent.kafka.serializers.subject.TopicRecordNameStrategy

2025-08-13 18:22:03,504 INFO  [org.apa.kaf.cli.pro.KafkaProducer] (main) [Producer clientId=Producer-topic-e565de35_cf02_4508_a105_93b6a892f722] Instantiated an idempotent producer.
2025-08-13 18:22:03,505 INFO  [org.apa.kaf.cli.pro.ProducerConfig] (main) These configurations '[schema.registry.url, auto.register.schemas, value.subject.name.strategy]' were supplied but are not used yet.
2025-08-13 18:22:03,505 INFO  [org.apa.kaf.com.uti.AppInfoParser] (main) Kafka version: 3.9.1
2025-08-13 18:22:03,505 INFO  [org.apa.kaf.com.uti.AppInfoParser] (main) Kafka commitId: f745dfdcee2b9851
2025-08-13 18:22:03,505 INFO  [org.apa.kaf.com.uti.AppInfoParser] (main) Kafka startTimeMs: 1755109323505
2025-08-13 18:22:03,505 INFO  [io.api.tes.ser.api.KafkaSerdesTester] (Thread-876) Sending message {"key1": "value-0", "key2": "value-0"} to topic topic-e565de35_cf02_4508_a105_93b6a892f722
2025-08-13 18:22:03,507 INFO  [org.apa.kaf.cli.Metadata] (kafka-producer-network-thread | Producer-topic-e565de35_cf02_4508_a105_93b6a892f722) [Producer clientId=Producer-topic-e565de35_cf02_4508_a105_93b6a892f722] Cluster ID: sAToZ0WATkWwuQb_OH8PpQ
2025-08-13 18:22:03,508 INFO  [org.apa.kaf.cli.pro.int.TransactionManager] (kafka-producer-network-thread | Producer-topic-e565de35_cf02_4508_a105_93b6a892f722) [Producer clientId=Producer-topic-e565de35_cf02_4508_a105_93b6a892f722] ProducerId set to 48 with epoch 0
2025-08-13 18:22:03,560 INFO  [io.api.tes.ser.api.KafkaSerdesTester] (Thread-876) Sending message {"key1": "value-1", "key2": "value-1"} to topic topic-e565de35_cf02_4508_a105_93b6a892f722
2025-08-13 18:22:03,562 INFO  [io.api.tes.ser.api.KafkaSerdesTester] (Thread-876) Sending message {"key1": "value-2", "key2": "value-2"} to topic topic-e565de35_cf02_4508_a105_93b6a892f722
2025-08-13 18:22:03,563 INFO  [io.api.tes.ser.api.KafkaSerdesTester] (Thread-876) Sending message {"key1": "value-3", "key2": "value-3"} to topic topic-e565de35_cf02_4508_a105_93b6a892f722
2025-08-13 18:22:03,564 INFO  [io.api.tes.ser.api.KafkaSerdesTester] (Thread-876) Sending message {"key1": "value-4", "key2": "value-4"} to topic topic-e565de35_cf02_4508_a105_93b6a892f722
2025-08-13 18:22:03,565 INFO  [io.api.tes.ser.api.KafkaSerdesTester] (Thread-876) Sending message {"key1": "value-5", "key2": "value-5"} to topic topic-e565de35_cf02_4508_a105_93b6a892f722
2025-08-13 18:22:03,566 INFO  [io.api.tes.ser.api.KafkaSerdesTester] (Thread-876) Sending message {"key1": "value-6", "key2": "value-6"} to topic topic-e565de35_cf02_4508_a105_93b6a892f722
2025-08-13 18:22:03,568 INFO  [io.api.tes.ser.api.KafkaSerdesTester] (Thread-876) Sending message {"key1": "value-7", "key2": "value-7"} to topic topic-e565de35_cf02_4508_a105_93b6a892f722
2025-08-13 18:22:03,571 INFO  [io.api.tes.ser.api.KafkaSerdesTester] (Thread-876) Sending message {"key1": "value-8", "key2": "value-8"} to topic topic-e565de35_cf02_4508_a105_93b6a892f722
2025-08-13 18:22:03,572 INFO  [io.api.tes.ser.api.KafkaSerdesTester] (Thread-876) Sending message {"key1": "value-9", "key2": "value-9"} to topic topic-e565de35_cf02_4508_a105_93b6a892f722
2025-08-13 18:22:03,575 INFO  [io.api.tes.ser.api.KafkaSerdesTester] (Thread-876) Produced 10 messages
2025-08-13 18:22:03,575 INFO  [org.apa.kaf.cli.pro.KafkaProducer] (Thread-876) [Producer clientId=Producer-topic-e565de35_cf02_4508_a105_93b6a892f722] Closing the Kafka producer with timeoutMillis = 9223372036854775807 ms.
2025-08-13 18:22:03,577 INFO  [org.apa.kaf.com.met.Metrics] (Thread-876) Metrics scheduler closed
2025-08-13 18:22:03,577 INFO  [org.apa.kaf.com.met.Metrics] (Thread-876) Closing reporter org.apache.kafka.common.metrics.JmxReporter
2025-08-13 18:22:03,577 INFO  [org.apa.kaf.com.met.Metrics] (Thread-876) Closing reporter org.apache.kafka.common.telemetry.internals.ClientTelemetryReporter
2025-08-13 18:22:03,577 INFO  [org.apa.kaf.com.met.Metrics] (Thread-876) Metrics reporters closed
2025-08-13 18:22:03,577 INFO  [org.apa.kaf.com.uti.AppInfoParser] (Thread-876) App info kafka.producer for Producer-topic-e565de35_cf02_4508_a105_93b6a892f722 unregistered
**** Registry Base URL: http://registry-app-pg17.apps.ci419.apicurio-testing.org:80
2025-08-13 18:22:03,578 INFO  [org.apa.kaf.cli.pro.ProducerConfig] (main) ProducerConfig values: 
	acks = -1
	auto.include.jmx.reporter = true
	batch.size = 16384
	bootstrap.servers = [PLAINTEXT://localhost:32769]
	buffer.memory = 33554432
	client.dns.lookup = use_all_dns_ips
	client.id = Producer-topic-e565de35_cf02_4508_a105_93b6a892f722
	compression.gzip.level = -1
	compression.lz4.level = 9
	compression.type = none
	compression.zstd.level = 3
	connections.max.idle.ms = 10000
	delivery.timeout.ms = 120000
	enable.idempotence = true
	enable.metrics.push = true
	interceptor.classes = []
	key.serializer = class org.apache.kafka.common.serialization.StringSerializer
	linger.ms = 0
	max.block.ms = 60000
	max.in.flight.requests.per.connection = 5
	max.request.size = 1048576
	metadata.max.age.ms = 300000
	metadata.max.idle.ms = 300000
	metadata.recovery.strategy = none
	metric.reporters = []
	metrics.num.samples = 2
	metrics.recording.level = INFO
	metrics.sample.window.ms = 30000
	partitioner.adaptive.partitioning.enable = true
	partitioner.availability.timeout.ms = 0
	partitioner.class = null
	partitioner.ignore.keys = false
	receive.buffer.bytes = 32768
	reconnect.backoff.max.ms = 1000
	reconnect.backoff.ms = 50
	request.timeout.ms = 5000
	retries = 2147483647
	retry.backoff.max.ms = 1000
	retry.backoff.ms = 100
	sasl.client.callback.handler.class = null
	sasl.jaas.config = null
	sasl.kerberos.kinit.cmd = /usr/bin/kinit
	sasl.kerberos.min.time.before.relogin = 60000
	sasl.kerberos.service.name = null
	sasl.kerberos.ticket.renew.jitter = 0.05
	sasl.kerberos.ticket.renew.window.factor = 0.8
	sasl.login.callback.handler.class = null
	sasl.login.class = null
	sasl.login.connect.timeout.ms = null
	sasl.login.read.timeout.ms = null
	sasl.login.refresh.buffer.seconds = 300
	sasl.login.refresh.min.period.seconds = 60
	sasl.login.refresh.window.factor = 0.8
	sasl.login.refresh.window.jitter = 0.05
	sasl.login.retry.backoff.max.ms = 10000
	sasl.login.retry.backoff.ms = 100
	sasl.mechanism = GSSAPI
	sasl.oauthbearer.clock.skew.seconds = 30
	sasl.oauthbearer.expected.audience = null
	sasl.oauthbearer.expected.issuer = null
	sasl.oauthbearer.header.urlencode = false
	sasl.oauthbearer.jwks.endpoint.refresh.ms = 3600000
	sasl.oauthbearer.jwks.endpoint.retry.backoff.max.ms = 10000
	sasl.oauthbearer.jwks.endpoint.retry.backoff.ms = 100
	sasl.oauthbearer.jwks.endpoint.url = null
	sasl.oauthbearer.scope.claim.name = scope
	sasl.oauthbearer.sub.claim.name = sub
	sasl.oauthbearer.token.endpoint.url = null
	security.protocol = PLAINTEXT
	security.providers = null
	send.buffer.bytes = 131072
	socket.connection.setup.timeout.max.ms = 30000
	socket.connection.setup.timeout.ms = 10000
	ssl.cipher.suites = null
	ssl.enabled.protocols = [TLSv1.2, TLSv1.3]
	ssl.endpoint.identification.algorithm = https
	ssl.engine.factory.class = null
	ssl.key.password = null
	ssl.keymanager.algorithm = SunX509
	ssl.keystore.certificate.chain = null
	ssl.keystore.key = null
	ssl.keystore.location = null
	ssl.keystore.password = null
	ssl.keystore.type = JKS
	ssl.protocol = TLSv1.3
	ssl.provider = null
	ssl.secure.random.implementation = null
	ssl.trustmanager.algorithm = PKIX
	ssl.truststore.certificates = null
	ssl.truststore.location = null
	ssl.truststore.password = null
	ssl.truststore.type = JKS
	transaction.timeout.ms = 60000
	transactional.id = null
	value.serializer = class io.confluent.kafka.serializers.KafkaAvroSerializer

2025-08-13 18:22:03,578 INFO  [org.apa.kaf.com.tel.int.KafkaMetricsCollector] (main) initializing Kafka metrics collector
2025-08-13 18:22:03,579 INFO  [io.con.kaf.ser.KafkaAvroSerializerConfig] (main) KafkaAvroSerializerConfig values: 
	auto.register.schemas = false
	avro.reflection.allow.null = false
	avro.remove.java.properties = false
	avro.use.logical.type.converters = false
	basic.auth.credentials.source = URL
	basic.auth.user.info = [hidden]
	bearer.auth.cache.expiry.buffer.seconds = 300
	bearer.auth.client.id = null
	bearer.auth.client.secret = null
	bearer.auth.credentials.source = STATIC_TOKEN
	bearer.auth.custom.provider.class = null
	bearer.auth.identity.pool.id = null
	bearer.auth.issuer.endpoint.url = null
	bearer.auth.logical.cluster = null
	bearer.auth.scope = null
	bearer.auth.scope.claim.name = scope
	bearer.auth.sub.claim.name = sub
	bearer.auth.token = [hidden]
	context.name.strategy = class io.confluent.kafka.serializers.context.NullContextNameStrategy
	http.connect.timeout.ms = 60000
	http.read.timeout.ms = 60000
	id.compatibility.strict = true
	key.schema.id.deserializer = class io.confluent.kafka.serializers.schema.id.DualSchemaIdDeserializer
	key.schema.id.serializer = class io.confluent.kafka.serializers.schema.id.PrefixSchemaIdSerializer
	key.subject.name.strategy = class io.confluent.kafka.serializers.subject.TopicNameStrategy
	latest.cache.size = 1000
	latest.cache.ttl.sec = -1
	latest.compatibility.strict = true
	max.retries = 3
	max.schemas.per.subject = 1000
	normalize.schemas = false
	propagate.schema.tags = false
	proxy.host = 
	proxy.port = -1
	retries.max.wait.ms = 20000
	retries.wait.ms = 1000
	rule.actions = []
	rule.executors = []
	rule.service.loader.enable = true
	schema.format = null
	schema.reflection = false
	schema.registry.basic.auth.user.info = [hidden]
	schema.registry.ssl.cipher.suites = null
	schema.registry.ssl.enabled.protocols = [TLSv1.2, TLSv1.3]
	schema.registry.ssl.endpoint.identification.algorithm = https
	schema.registry.ssl.engine.factory.class = null
	schema.registry.ssl.key.password = null
	schema.registry.ssl.keymanager.algorithm = SunX509
	schema.registry.ssl.keystore.certificate.chain = null
	schema.registry.ssl.keystore.key = null
	schema.registry.ssl.keystore.location = null
	schema.registry.ssl.keystore.password = null
	schema.registry.ssl.keystore.type = JKS
	schema.registry.ssl.protocol = TLSv1.3
	schema.registry.ssl.provider = null
	schema.registry.ssl.secure.random.implementation = null
	schema.registry.ssl.trustmanager.algorithm = PKIX
	schema.registry.ssl.truststore.certificates = null
	schema.registry.ssl.truststore.location = null
	schema.registry.ssl.truststore.password = null
	schema.registry.ssl.truststore.type = JKS
	schema.registry.url = [http://registry-app-pg17.apps.ci419.apicurio-testing.org:80/apis/ccompat/v7]
	schema.registry.url.randomize = false
	use.latest.version = false
	use.latest.with.metadata = null
	use.schema.id = -1
	value.schema.id.deserializer = class io.confluent.kafka.serializers.schema.id.DualSchemaIdDeserializer
	value.schema.id.serializer = class io.confluent.kafka.serializers.schema.id.PrefixSchemaIdSerializer
	value.subject.name.strategy = class io.confluent.kafka.serializers.subject.TopicRecordNameStrategy

2025-08-13 18:22:03,581 INFO  [org.apa.kaf.cli.pro.KafkaProducer] (main) [Producer clientId=Producer-topic-e565de35_cf02_4508_a105_93b6a892f722] Instantiated an idempotent producer.
2025-08-13 18:22:03,582 INFO  [org.apa.kaf.cli.pro.ProducerConfig] (main) These configurations '[schema.registry.url, auto.register.schemas, value.subject.name.strategy]' were supplied but are not used yet.
2025-08-13 18:22:03,582 INFO  [org.apa.kaf.com.uti.AppInfoParser] (main) Kafka version: 3.9.1
2025-08-13 18:22:03,582 INFO  [org.apa.kaf.com.uti.AppInfoParser] (main) Kafka commitId: f745dfdcee2b9851
2025-08-13 18:22:03,582 INFO  [org.apa.kaf.com.uti.AppInfoParser] (main) Kafka startTimeMs: 1755109323582
2025-08-13 18:22:03,584 INFO  [io.api.tes.ser.api.KafkaSerdesTester] (Thread-877) Sending message {"key1": "value-0"} to topic topic-e565de35_cf02_4508_a105_93b6a892f722
2025-08-13 18:22:03,589 INFO  [org.apa.kaf.cli.Metadata] (kafka-producer-network-thread | Producer-topic-e565de35_cf02_4508_a105_93b6a892f722) [Producer clientId=Producer-topic-e565de35_cf02_4508_a105_93b6a892f722] Cluster ID: sAToZ0WATkWwuQb_OH8PpQ
2025-08-13 18:22:03,590 INFO  [org.apa.kaf.cli.pro.int.TransactionManager] (kafka-producer-network-thread | Producer-topic-e565de35_cf02_4508_a105_93b6a892f722) [Producer clientId=Producer-topic-e565de35_cf02_4508_a105_93b6a892f722] ProducerId set to 49 with epoch 0
2025-08-13 18:22:03,646 INFO  [io.api.tes.ser.api.KafkaSerdesTester] (Thread-877) Sending message {"key1": "value-1"} to topic topic-e565de35_cf02_4508_a105_93b6a892f722
2025-08-13 18:22:03,647 INFO  [io.api.tes.ser.api.KafkaSerdesTester] (Thread-877) Sending message {"key1": "value-2"} to topic topic-e565de35_cf02_4508_a105_93b6a892f722
2025-08-13 18:22:03,649 INFO  [io.api.tes.ser.api.KafkaSerdesTester] (Thread-877) Sending message {"key1": "value-3"} to topic topic-e565de35_cf02_4508_a105_93b6a892f722
2025-08-13 18:22:03,649 INFO  [io.api.tes.ser.api.KafkaSerdesTester] (Thread-877) Sending message {"key1": "value-4"} to topic topic-e565de35_cf02_4508_a105_93b6a892f722
2025-08-13 18:22:03,650 INFO  [io.api.tes.ser.api.KafkaSerdesTester] (Thread-877) Sending message {"key1": "value-5"} to topic topic-e565de35_cf02_4508_a105_93b6a892f722
2025-08-13 18:22:03,651 INFO  [io.api.tes.ser.api.KafkaSerdesTester] (Thread-877) Sending message {"key1": "value-6"} to topic topic-e565de35_cf02_4508_a105_93b6a892f722
2025-08-13 18:22:03,652 INFO  [io.api.tes.ser.api.KafkaSerdesTester] (Thread-877) Sending message {"key1": "value-7"} to topic topic-e565de35_cf02_4508_a105_93b6a892f722
2025-08-13 18:22:03,653 INFO  [io.api.tes.ser.api.KafkaSerdesTester] (Thread-877) Sending message {"key1": "value-8"} to topic topic-e565de35_cf02_4508_a105_93b6a892f722
2025-08-13 18:22:03,653 INFO  [io.api.tes.ser.api.KafkaSerdesTester] (Thread-877) Sending message {"key1": "value-9"} to topic topic-e565de35_cf02_4508_a105_93b6a892f722
2025-08-13 18:22:03,654 INFO  [io.api.tes.ser.api.KafkaSerdesTester] (Thread-877) Produced 10 messages
2025-08-13 18:22:03,654 INFO  [org.apa.kaf.cli.pro.KafkaProducer] (Thread-877) [Producer clientId=Producer-topic-e565de35_cf02_4508_a105_93b6a892f722] Closing the Kafka producer with timeoutMillis = 9223372036854775807 ms.
2025-08-13 18:22:03,656 INFO  [org.apa.kaf.com.met.Metrics] (Thread-877) Metrics scheduler closed
2025-08-13 18:22:03,656 INFO  [org.apa.kaf.com.met.Metrics] (Thread-877) Closing reporter org.apache.kafka.common.metrics.JmxReporter
2025-08-13 18:22:03,656 INFO  [org.apa.kaf.com.met.Metrics] (Thread-877) Closing reporter org.apache.kafka.common.telemetry.internals.ClientTelemetryReporter
2025-08-13 18:22:03,656 INFO  [org.apa.kaf.com.met.Metrics] (Thread-877) Metrics reporters closed
2025-08-13 18:22:03,656 INFO  [org.apa.kaf.com.uti.AppInfoParser] (Thread-877) App info kafka.producer for Producer-topic-e565de35_cf02_4508_a105_93b6a892f722 unregistered
**** Registry Base URL: http://registry-app-pg17.apps.ci419.apicurio-testing.org:80
2025-08-13 18:22:03,657 INFO  [org.apa.kaf.cli.con.ConsumerConfig] (main) ConsumerConfig values: 
	allow.auto.create.topics = true
	auto.commit.interval.ms = 500
	auto.include.jmx.reporter = true
	auto.offset.reset = earliest
	bootstrap.servers = [PLAINTEXT://localhost:32769]
	check.crcs = true
	client.dns.lookup = use_all_dns_ips
	client.id = consumer-Consumer-topic-e565de35_cf02_4508_a105_93b6a892f722-36
	client.rack = 
	connections.max.idle.ms = 10000
	default.api.timeout.ms = 60000
	enable.auto.commit = true
	enable.metrics.push = true
	exclude.internal.topics = true
	fetch.max.bytes = 52428800
	fetch.max.wait.ms = 500
	fetch.min.bytes = 1
	group.id = Consumer-topic-e565de35_cf02_4508_a105_93b6a892f722
	group.instance.id = null
	group.protocol = classic
	group.remote.assignor = null
	heartbeat.interval.ms = 3000
	interceptor.classes = []
	internal.leave.group.on.close = true
	internal.throw.on.fetch.stable.offset.unsupported = false
	isolation.level = read_uncommitted
	key.deserializer = class org.apache.kafka.common.serialization.StringDeserializer
	max.partition.fetch.bytes = 1048576
	max.poll.interval.ms = 300000
	max.poll.records = 500
	metadata.max.age.ms = 300000
	metadata.recovery.strategy = none
	metric.reporters = []
	metrics.num.samples = 2
	metrics.recording.level = INFO
	metrics.sample.window.ms = 30000
	partition.assignment.strategy = [class org.apache.kafka.clients.consumer.RangeAssignor, class org.apache.kafka.clients.consumer.CooperativeStickyAssignor]
	receive.buffer.bytes = 65536
	reconnect.backoff.max.ms = 1000
	reconnect.backoff.ms = 50
	request.timeout.ms = 5000
	retry.backoff.max.ms = 1000
	retry.backoff.ms = 100
	sasl.client.callback.handler.class = null
	sasl.jaas.config = null
	sasl.kerberos.kinit.cmd = /usr/bin/kinit
	sasl.kerberos.min.time.before.relogin = 60000
	sasl.kerberos.service.name = null
	sasl.kerberos.ticket.renew.jitter = 0.05
	sasl.kerberos.ticket.renew.window.factor = 0.8
	sasl.login.callback.handler.class = null
	sasl.login.class = null
	sasl.login.connect.timeout.ms = null
	sasl.login.read.timeout.ms = null
	sasl.login.refresh.buffer.seconds = 300
	sasl.login.refresh.min.period.seconds = 60
	sasl.login.refresh.window.factor = 0.8
	sasl.login.refresh.window.jitter = 0.05
	sasl.login.retry.backoff.max.ms = 10000
	sasl.login.retry.backoff.ms = 100
	sasl.mechanism = GSSAPI
	sasl.oauthbearer.clock.skew.seconds = 30
	sasl.oauthbearer.expected.audience = null
	sasl.oauthbearer.expected.issuer = null
	sasl.oauthbearer.header.urlencode = false
	sasl.oauthbearer.jwks.endpoint.refresh.ms = 3600000
	sasl.oauthbearer.jwks.endpoint.retry.backoff.max.ms = 10000
	sasl.oauthbearer.jwks.endpoint.retry.backoff.ms = 100
	sasl.oauthbearer.jwks.endpoint.url = null
	sasl.oauthbearer.scope.claim.name = scope
	sasl.oauthbearer.sub.claim.name = sub
	sasl.oauthbearer.token.endpoint.url = null
	security.protocol = PLAINTEXT
	security.providers = null
	send.buffer.bytes = 131072
	session.timeout.ms = 45000
	socket.connection.setup.timeout.max.ms = 30000
	socket.connection.setup.timeout.ms = 10000
	ssl.cipher.suites = null
	ssl.enabled.protocols = [TLSv1.2, TLSv1.3]
	ssl.endpoint.identification.algorithm = https
	ssl.engine.factory.class = null
	ssl.key.password = null
	ssl.keymanager.algorithm = SunX509
	ssl.keystore.certificate.chain = null
	ssl.keystore.key = null
	ssl.keystore.location = null
	ssl.keystore.password = null
	ssl.keystore.type = JKS
	ssl.protocol = TLSv1.3
	ssl.provider = null
	ssl.secure.random.implementation = null
	ssl.trustmanager.algorithm = PKIX
	ssl.truststore.certificates = null
	ssl.truststore.location = null
	ssl.truststore.password = null
	ssl.truststore.type = JKS
	value.deserializer = class io.confluent.kafka.serializers.KafkaAvroDeserializer

2025-08-13 18:22:03,657 INFO  [org.apa.kaf.com.tel.int.KafkaMetricsCollector] (main) initializing Kafka metrics collector
2025-08-13 18:22:03,657 INFO  [io.con.kaf.ser.KafkaAvroDeserializerConfig] (main) KafkaAvroDeserializerConfig values: 
	auto.register.schemas = true
	avro.reflection.allow.null = false
	avro.use.logical.type.converters = false
	basic.auth.credentials.source = URL
	basic.auth.user.info = [hidden]
	bearer.auth.cache.expiry.buffer.seconds = 300
	bearer.auth.client.id = null
	bearer.auth.client.secret = null
	bearer.auth.credentials.source = STATIC_TOKEN
	bearer.auth.custom.provider.class = null
	bearer.auth.identity.pool.id = null
	bearer.auth.issuer.endpoint.url = null
	bearer.auth.logical.cluster = null
	bearer.auth.scope = null
	bearer.auth.scope.claim.name = scope
	bearer.auth.sub.claim.name = sub
	bearer.auth.token = [hidden]
	context.name.strategy = class io.confluent.kafka.serializers.context.NullContextNameStrategy
	http.connect.timeout.ms = 60000
	http.read.timeout.ms = 60000
	id.compatibility.strict = true
	key.schema.id.deserializer = class io.confluent.kafka.serializers.schema.id.DualSchemaIdDeserializer
	key.schema.id.serializer = class io.confluent.kafka.serializers.schema.id.PrefixSchemaIdSerializer
	key.subject.name.strategy = class io.confluent.kafka.serializers.subject.TopicNameStrategy
	latest.cache.size = 1000
	latest.cache.ttl.sec = -1
	latest.compatibility.strict = true
	max.retries = 3
	max.schemas.per.subject = 1000
	normalize.schemas = false
	propagate.schema.tags = false
	proxy.host = 
	proxy.port = -1
	retries.max.wait.ms = 20000
	retries.wait.ms = 1000
	rule.actions = []
	rule.executors = []
	rule.service.loader.enable = true
	schema.format = null
	schema.reflection = false
	schema.registry.basic.auth.user.info = [hidden]
	schema.registry.ssl.cipher.suites = null
	schema.registry.ssl.enabled.protocols = [TLSv1.2, TLSv1.3]
	schema.registry.ssl.endpoint.identification.algorithm = https
	schema.registry.ssl.engine.factory.class = null
	schema.registry.ssl.key.password = null
	schema.registry.ssl.keymanager.algorithm = SunX509
	schema.registry.ssl.keystore.certificate.chain = null
	schema.registry.ssl.keystore.key = null
	schema.registry.ssl.keystore.location = null
	schema.registry.ssl.keystore.password = null
	schema.registry.ssl.keystore.type = JKS
	schema.registry.ssl.protocol = TLSv1.3
	schema.registry.ssl.provider = null
	schema.registry.ssl.secure.random.implementation = null
	schema.registry.ssl.trustmanager.algorithm = PKIX
	schema.registry.ssl.truststore.certificates = null
	schema.registry.ssl.truststore.location = null
	schema.registry.ssl.truststore.password = null
	schema.registry.ssl.truststore.type = JKS
	schema.registry.url = [http://registry-app-pg17.apps.ci419.apicurio-testing.org:80/apis/ccompat/v7]
	schema.registry.url.randomize = false
	specific.avro.key.type = null
	specific.avro.reader = false
	specific.avro.value.type = null
	use.latest.version = false
	use.latest.with.metadata = null
	use.schema.id = -1
	value.schema.id.deserializer = class io.confluent.kafka.serializers.schema.id.DualSchemaIdDeserializer
	value.schema.id.serializer = class io.confluent.kafka.serializers.schema.id.PrefixSchemaIdSerializer
	value.subject.name.strategy = class io.confluent.kafka.serializers.subject.TopicNameStrategy

2025-08-13 18:22:03,661 INFO  [org.apa.kaf.cli.con.ConsumerConfig] (main) These configurations '[schema.registry.url]' were supplied but are not used yet.
2025-08-13 18:22:03,661 INFO  [org.apa.kaf.com.uti.AppInfoParser] (main) Kafka version: 3.9.1
2025-08-13 18:22:03,661 INFO  [org.apa.kaf.com.uti.AppInfoParser] (main) Kafka commitId: f745dfdcee2b9851
2025-08-13 18:22:03,661 INFO  [org.apa.kaf.com.uti.AppInfoParser] (main) Kafka startTimeMs: 1755109323661
2025-08-13 18:22:03,662 INFO  [org.apa.kaf.cli.con.int.ClassicKafkaConsumer] (Thread-878) [Consumer clientId=consumer-Consumer-topic-e565de35_cf02_4508_a105_93b6a892f722-36, groupId=Consumer-topic-e565de35_cf02_4508_a105_93b6a892f722] Subscribed to topic(s): topic-e565de35_cf02_4508_a105_93b6a892f722
2025-08-13 18:22:03,667 INFO  [org.apa.kaf.cli.Metadata] (Thread-878) [Consumer clientId=consumer-Consumer-topic-e565de35_cf02_4508_a105_93b6a892f722-36, groupId=Consumer-topic-e565de35_cf02_4508_a105_93b6a892f722] Cluster ID: sAToZ0WATkWwuQb_OH8PpQ
2025-08-13 18:22:03,670 INFO  [org.apa.kaf.cli.con.int.ConsumerCoordinator] (Thread-878) [Consumer clientId=consumer-Consumer-topic-e565de35_cf02_4508_a105_93b6a892f722-36, groupId=Consumer-topic-e565de35_cf02_4508_a105_93b6a892f722] Discovered group coordinator localhost:32769 (id: 2147483647 rack: null)
2025-08-13 18:22:03,671 INFO  [org.apa.kaf.cli.con.int.ConsumerCoordinator] (Thread-878) [Consumer clientId=consumer-Consumer-topic-e565de35_cf02_4508_a105_93b6a892f722-36, groupId=Consumer-topic-e565de35_cf02_4508_a105_93b6a892f722] (Re-)joining group
2025-08-13 18:22:03,673 INFO  [org.apa.kaf.cli.con.int.ConsumerCoordinator] (Thread-878) [Consumer clientId=consumer-Consumer-topic-e565de35_cf02_4508_a105_93b6a892f722-36, groupId=Consumer-topic-e565de35_cf02_4508_a105_93b6a892f722] Request joining group due to: need to re-join with the given member-id: consumer-Consumer-topic-e565de35_cf02_4508_a105_93b6a892f722-36-79e526a7-e2cb-4341-86d3-90469c07581c
2025-08-13 18:22:03,673 INFO  [org.apa.kaf.cli.con.int.ConsumerCoordinator] (Thread-878) [Consumer clientId=consumer-Consumer-topic-e565de35_cf02_4508_a105_93b6a892f722-36, groupId=Consumer-topic-e565de35_cf02_4508_a105_93b6a892f722] (Re-)joining group
2025-08-13 18:22:04,662 INFO  [io.api.tes.ser.api.KafkaSerdesTester] (Thread-878) None found
2025-08-13 18:22:05,662 INFO  [io.api.tes.ser.api.KafkaSerdesTester] (Thread-878) None found
2025-08-13 18:22:06,662 INFO  [io.api.tes.ser.api.KafkaSerdesTester] (Thread-878) None found
2025-08-13 18:22:06,675 INFO  [org.apa.kaf.cli.con.int.ConsumerCoordinator] (Thread-878) [Consumer clientId=consumer-Consumer-topic-e565de35_cf02_4508_a105_93b6a892f722-36, groupId=Consumer-topic-e565de35_cf02_4508_a105_93b6a892f722] Successfully joined group with generation Generation{generationId=5, memberId='consumer-Consumer-topic-e565de35_cf02_4508_a105_93b6a892f722-36-79e526a7-e2cb-4341-86d3-90469c07581c', protocol='range'}
2025-08-13 18:22:06,675 INFO  [org.apa.kaf.cli.con.int.ConsumerCoordinator] (Thread-878) [Consumer clientId=consumer-Consumer-topic-e565de35_cf02_4508_a105_93b6a892f722-36, groupId=Consumer-topic-e565de35_cf02_4508_a105_93b6a892f722] Finished assignment for group at generation 5: {consumer-Consumer-topic-e565de35_cf02_4508_a105_93b6a892f722-36-79e526a7-e2cb-4341-86d3-90469c07581c=Assignment(partitions=[topic-e565de35_cf02_4508_a105_93b6a892f722-0])}
2025-08-13 18:22:06,682 INFO  [org.apa.kaf.cli.con.int.ConsumerCoordinator] (Thread-878) [Consumer clientId=consumer-Consumer-topic-e565de35_cf02_4508_a105_93b6a892f722-36, groupId=Consumer-topic-e565de35_cf02_4508_a105_93b6a892f722] Successfully synced group in generation Generation{generationId=5, memberId='consumer-Consumer-topic-e565de35_cf02_4508_a105_93b6a892f722-36-79e526a7-e2cb-4341-86d3-90469c07581c', protocol='range'}
2025-08-13 18:22:06,682 INFO  [org.apa.kaf.cli.con.int.ConsumerCoordinator] (Thread-878) [Consumer clientId=consumer-Consumer-topic-e565de35_cf02_4508_a105_93b6a892f722-36, groupId=Consumer-topic-e565de35_cf02_4508_a105_93b6a892f722] Notifying assignor about the new Assignment(partitions=[topic-e565de35_cf02_4508_a105_93b6a892f722-0])
2025-08-13 18:22:06,682 INFO  [org.apa.kaf.cli.con.int.ConsumerRebalanceListenerInvoker] (Thread-878) [Consumer clientId=consumer-Consumer-topic-e565de35_cf02_4508_a105_93b6a892f722-36, groupId=Consumer-topic-e565de35_cf02_4508_a105_93b6a892f722] Adding newly assigned partitions: topic-e565de35_cf02_4508_a105_93b6a892f722-0
2025-08-13 18:22:06,683 INFO  [org.apa.kaf.cli.con.int.ConsumerUtils] (Thread-878) Setting offset for partition topic-e565de35_cf02_4508_a105_93b6a892f722-0 to the committed offset FetchPosition{offset=30, offsetEpoch=Optional[0], currentLeader=LeaderAndEpoch{leader=Optional[localhost:32769 (id: 0 rack: null)], epoch=0}}
2025-08-13 18:22:06,830 INFO  [io.api.tes.ser.api.KafkaSerdesTester] (Thread-878) topic-e565de35_cf02_4508_a105_93b6a892f722 0 30 {"key1": "value-0", "key2": "value-0", "key3": "value-0"}
2025-08-13 18:22:06,830 INFO  [io.api.tes.ser.api.KafkaSerdesTester] (Thread-878) topic-e565de35_cf02_4508_a105_93b6a892f722 0 31 {"key1": "value-1", "key2": "value-1", "key3": "value-1"}
2025-08-13 18:22:06,830 INFO  [io.api.tes.ser.api.KafkaSerdesTester] (Thread-878) topic-e565de35_cf02_4508_a105_93b6a892f722 0 32 {"key1": "value-2", "key2": "value-2", "key3": "value-2"}
2025-08-13 18:22:06,830 INFO  [io.api.tes.ser.api.KafkaSerdesTester] (Thread-878) topic-e565de35_cf02_4508_a105_93b6a892f722 0 33 {"key1": "value-3", "key2": "value-3", "key3": "value-3"}
2025-08-13 18:22:06,830 INFO  [io.api.tes.ser.api.KafkaSerdesTester] (Thread-878) topic-e565de35_cf02_4508_a105_93b6a892f722 0 34 {"key1": "value-4", "key2": "value-4", "key3": "value-4"}
2025-08-13 18:22:06,830 INFO  [io.api.tes.ser.api.KafkaSerdesTester] (Thread-878) topic-e565de35_cf02_4508_a105_93b6a892f722 0 35 {"key1": "value-5", "key2": "value-5", "key3": "value-5"}
2025-08-13 18:22:06,830 INFO  [io.api.tes.ser.api.KafkaSerdesTester] (Thread-878) topic-e565de35_cf02_4508_a105_93b6a892f722 0 36 {"key1": "value-6", "key2": "value-6", "key3": "value-6"}
2025-08-13 18:22:06,830 INFO  [io.api.tes.ser.api.KafkaSerdesTester] (Thread-878) topic-e565de35_cf02_4508_a105_93b6a892f722 0 37 {"key1": "value-7", "key2": "value-7", "key3": "value-7"}
2025-08-13 18:22:06,830 INFO  [io.api.tes.ser.api.KafkaSerdesTester] (Thread-878) topic-e565de35_cf02_4508_a105_93b6a892f722 0 38 {"key1": "value-8", "key2": "value-8", "key3": "value-8"}
2025-08-13 18:22:06,830 INFO  [io.api.tes.ser.api.KafkaSerdesTester] (Thread-878) topic-e565de35_cf02_4508_a105_93b6a892f722 0 39 {"key1": "value-9", "key2": "value-9", "key3": "value-9"}
2025-08-13 18:22:06,830 INFO  [io.api.tes.ser.api.KafkaSerdesTester] (Thread-878) topic-e565de35_cf02_4508_a105_93b6a892f722 0 40 {"key1": "value-0", "key2": "value-0"}
2025-08-13 18:22:06,830 INFO  [io.api.tes.ser.api.KafkaSerdesTester] (Thread-878) topic-e565de35_cf02_4508_a105_93b6a892f722 0 41 {"key1": "value-1", "key2": "value-1"}
2025-08-13 18:22:06,830 INFO  [io.api.tes.ser.api.KafkaSerdesTester] (Thread-878) topic-e565de35_cf02_4508_a105_93b6a892f722 0 42 {"key1": "value-2", "key2": "value-2"}
2025-08-13 18:22:06,831 INFO  [io.api.tes.ser.api.KafkaSerdesTester] (Thread-878) topic-e565de35_cf02_4508_a105_93b6a892f722 0 43 {"key1": "value-3", "key2": "value-3"}
2025-08-13 18:22:06,831 INFO  [io.api.tes.ser.api.KafkaSerdesTester] (Thread-878) topic-e565de35_cf02_4508_a105_93b6a892f722 0 44 {"key1": "value-4", "key2": "value-4"}
2025-08-13 18:22:06,831 INFO  [io.api.tes.ser.api.KafkaSerdesTester] (Thread-878) topic-e565de35_cf02_4508_a105_93b6a892f722 0 45 {"key1": "value-5", "key2": "value-5"}
2025-08-13 18:22:06,831 INFO  [io.api.tes.ser.api.KafkaSerdesTester] (Thread-878) topic-e565de35_cf02_4508_a105_93b6a892f722 0 46 {"key1": "value-6", "key2": "value-6"}
2025-08-13 18:22:06,831 INFO  [io.api.tes.ser.api.KafkaSerdesTester] (Thread-878) topic-e565de35_cf02_4508_a105_93b6a892f722 0 47 {"key1": "value-7", "key2": "value-7"}
2025-08-13 18:22:06,831 INFO  [io.api.tes.ser.api.KafkaSerdesTester] (Thread-878) topic-e565de35_cf02_4508_a105_93b6a892f722 0 48 {"key1": "value-8", "key2": "value-8"}
2025-08-13 18:22:06,831 INFO  [io.api.tes.ser.api.KafkaSerdesTester] (Thread-878) topic-e565de35_cf02_4508_a105_93b6a892f722 0 49 {"key1": "value-9", "key2": "value-9"}
2025-08-13 18:22:06,831 INFO  [io.api.tes.ser.api.KafkaSerdesTester] (Thread-878) topic-e565de35_cf02_4508_a105_93b6a892f722 0 50 {"key1": "value-0"}
2025-08-13 18:22:06,831 INFO  [io.api.tes.ser.api.KafkaSerdesTester] (Thread-878) topic-e565de35_cf02_4508_a105_93b6a892f722 0 51 {"key1": "value-1"}
2025-08-13 18:22:06,831 INFO  [io.api.tes.ser.api.KafkaSerdesTester] (Thread-878) topic-e565de35_cf02_4508_a105_93b6a892f722 0 52 {"key1": "value-2"}
2025-08-13 18:22:06,831 INFO  [io.api.tes.ser.api.KafkaSerdesTester] (Thread-878) topic-e565de35_cf02_4508_a105_93b6a892f722 0 53 {"key1": "value-3"}
2025-08-13 18:22:06,831 INFO  [io.api.tes.ser.api.KafkaSerdesTester] (Thread-878) topic-e565de35_cf02_4508_a105_93b6a892f722 0 54 {"key1": "value-4"}
2025-08-13 18:22:06,831 INFO  [io.api.tes.ser.api.KafkaSerdesTester] (Thread-878) topic-e565de35_cf02_4508_a105_93b6a892f722 0 55 {"key1": "value-5"}
2025-08-13 18:22:06,831 INFO  [io.api.tes.ser.api.KafkaSerdesTester] (Thread-878) topic-e565de35_cf02_4508_a105_93b6a892f722 0 56 {"key1": "value-6"}
2025-08-13 18:22:06,831 INFO  [io.api.tes.ser.api.KafkaSerdesTester] (Thread-878) topic-e565de35_cf02_4508_a105_93b6a892f722 0 57 {"key1": "value-7"}
2025-08-13 18:22:06,831 INFO  [io.api.tes.ser.api.KafkaSerdesTester] (Thread-878) topic-e565de35_cf02_4508_a105_93b6a892f722 0 58 {"key1": "value-8"}
2025-08-13 18:22:06,831 INFO  [io.api.tes.ser.api.KafkaSerdesTester] (Thread-878) topic-e565de35_cf02_4508_a105_93b6a892f722 0 59 {"key1": "value-9"}
2025-08-13 18:22:06,831 INFO  [io.api.tes.ser.api.KafkaSerdesTester] (Thread-878) Consumed 30 messages
2025-08-13 18:22:06,838 INFO  [org.apa.kaf.cli.con.int.ConsumerRebalanceListenerInvoker] (Thread-878) [Consumer clientId=consumer-Consumer-topic-e565de35_cf02_4508_a105_93b6a892f722-36, groupId=Consumer-topic-e565de35_cf02_4508_a105_93b6a892f722] Revoke previously assigned partitions topic-e565de35_cf02_4508_a105_93b6a892f722-0
2025-08-13 18:22:06,838 INFO  [org.apa.kaf.cli.con.int.ConsumerCoordinator] (Thread-878) [Consumer clientId=consumer-Consumer-topic-e565de35_cf02_4508_a105_93b6a892f722-36, groupId=Consumer-topic-e565de35_cf02_4508_a105_93b6a892f722] Member consumer-Consumer-topic-e565de35_cf02_4508_a105_93b6a892f722-36-79e526a7-e2cb-4341-86d3-90469c07581c sending LeaveGroup request to coordinator localhost:32769 (id: 2147483647 rack: null) due to the consumer is being closed
2025-08-13 18:22:06,838 INFO  [org.apa.kaf.cli.con.int.ConsumerCoordinator] (Thread-878) [Consumer clientId=consumer-Consumer-topic-e565de35_cf02_4508_a105_93b6a892f722-36, groupId=Consumer-topic-e565de35_cf02_4508_a105_93b6a892f722] Resetting generation and member id due to: consumer pro-actively leaving the group
2025-08-13 18:22:06,838 INFO  [org.apa.kaf.cli.con.int.ConsumerCoordinator] (Thread-878) [Consumer clientId=consumer-Consumer-topic-e565de35_cf02_4508_a105_93b6a892f722-36, groupId=Consumer-topic-e565de35_cf02_4508_a105_93b6a892f722] Request joining group due to: consumer pro-actively leaving the group
2025-08-13 18:22:07,334 INFO  [org.apa.kaf.com.met.Metrics] (Thread-878) Metrics scheduler closed
2025-08-13 18:22:07,334 INFO  [org.apa.kaf.com.met.Metrics] (Thread-878) Closing reporter org.apache.kafka.common.metrics.JmxReporter
2025-08-13 18:22:07,334 INFO  [org.apa.kaf.com.met.Metrics] (Thread-878) Closing reporter org.apache.kafka.common.telemetry.internals.ClientTelemetryReporter
2025-08-13 18:22:07,334 INFO  [org.apa.kaf.com.met.Metrics] (Thread-878) Metrics reporters closed
2025-08-13 18:22:07,335 INFO  [org.apa.kaf.com.uti.AppInfoParser] (Thread-878) App info kafka.consumer for consumer-Consumer-topic-e565de35_cf02_4508_a105_93b6a892f722-36 unregistered
2025-08-13 18:22:07,336 INFO  [org.apa.kaf.cli.pro.KafkaProducer] (main) [Producer clientId=Producer-topic-e565de35_cf02_4508_a105_93b6a892f722] Closing the Kafka producer with timeoutMillis = 9223372036854775807 ms.
2025-08-13 18:22:07,336 INFO  [org.apa.kaf.com.met.Metrics] (main) Metrics scheduler closed
2025-08-13 18:22:07,336 INFO  [org.apa.kaf.com.met.Metrics] (main) Closing reporter org.apache.kafka.common.metrics.JmxReporter
2025-08-13 18:22:07,336 INFO  [org.apa.kaf.com.met.Metrics] (main) Closing reporter org.apache.kafka.common.telemetry.internals.ClientTelemetryReporter
2025-08-13 18:22:07,336 INFO  [org.apa.kaf.com.met.Metrics] (main) Metrics reporters closed
2025-08-13 18:22:07,336 INFO  [org.apa.kaf.com.uti.AppInfoParser] (main) App info kafka.producer for Producer-topic-e565de35_cf02_4508_a105_93b6a892f722 unregistered
2025-08-13 18:22:07,431 INFO  [io.api.tes.ser.con.BasicConfluentSerDesIT] (main) Deleting confluent schema topic-e565de35_cf02_4508_a105_93b6a892f722-sdf3c33efx0b76x4d07x92e9x11514bc68530
2025-08-13 18:22:07,485 INFO  [io.api.tes.uti.TestSeparator] (main) io.apicurio.tests.serdes.confluent.BasicConfluentSerDesIT.testEvolveAvroConfluent-FINISHED
2025-08-13 18:22:07,485 INFO  [io.api.tes.uti.TestSeparator] (main) ############################################################################
Test passed: testEvolveAvroConfluent
]]></system-out>
  </testcase>
  <testcase name="testAvroConfluentSerDes" classname="io.apicurio.tests.serdes.confluent.BasicConfluentSerDesIT" time="3.96">
    <system-out><![CDATA[2025-08-13 18:22:07,486 INFO  [io.api.tes.uti.TestSeparator] (main) ############################################################################
2025-08-13 18:22:07,486 INFO  [io.api.tes.uti.TestSeparator] (main) io.apicurio.tests.serdes.confluent.BasicConfluentSerDesIT.testAvroConfluentSerDes-STARTED
2025-08-13 18:22:07,603 INFO  [io.api.tes.ser.con.BasicConfluentSerDesIT] (main) Checking that created schema is equal to the get schema
2025-08-13 18:22:07,653 INFO  [io.api.tes.ser.con.BasicConfluentSerDesIT] (main) Created schema with id:50 and name:myrecordconfluent1
**** Registry Base URL: http://registry-app-pg17.apps.ci419.apicurio-testing.org:80
2025-08-13 18:22:07,653 INFO  [org.apa.kaf.cli.pro.ProducerConfig] (main) ProducerConfig values: 
	acks = -1
	auto.include.jmx.reporter = true
	batch.size = 16384
	bootstrap.servers = [PLAINTEXT://localhost:32769]
	buffer.memory = 33554432
	client.dns.lookup = use_all_dns_ips
	client.id = Producer-topic-37c41dd4_6103_4429_92f6_7d9534f3736b
	compression.gzip.level = -1
	compression.lz4.level = 9
	compression.type = none
	compression.zstd.level = 3
	connections.max.idle.ms = 10000
	delivery.timeout.ms = 120000
	enable.idempotence = true
	enable.metrics.push = true
	interceptor.classes = []
	key.serializer = class org.apache.kafka.common.serialization.StringSerializer
	linger.ms = 0
	max.block.ms = 60000
	max.in.flight.requests.per.connection = 5
	max.request.size = 1048576
	metadata.max.age.ms = 300000
	metadata.max.idle.ms = 300000
	metadata.recovery.strategy = none
	metric.reporters = []
	metrics.num.samples = 2
	metrics.recording.level = INFO
	metrics.sample.window.ms = 30000
	partitioner.adaptive.partitioning.enable = true
	partitioner.availability.timeout.ms = 0
	partitioner.class = null
	partitioner.ignore.keys = false
	receive.buffer.bytes = 32768
	reconnect.backoff.max.ms = 1000
	reconnect.backoff.ms = 50
	request.timeout.ms = 5000
	retries = 2147483647
	retry.backoff.max.ms = 1000
	retry.backoff.ms = 100
	sasl.client.callback.handler.class = null
	sasl.jaas.config = null
	sasl.kerberos.kinit.cmd = /usr/bin/kinit
	sasl.kerberos.min.time.before.relogin = 60000
	sasl.kerberos.service.name = null
	sasl.kerberos.ticket.renew.jitter = 0.05
	sasl.kerberos.ticket.renew.window.factor = 0.8
	sasl.login.callback.handler.class = null
	sasl.login.class = null
	sasl.login.connect.timeout.ms = null
	sasl.login.read.timeout.ms = null
	sasl.login.refresh.buffer.seconds = 300
	sasl.login.refresh.min.period.seconds = 60
	sasl.login.refresh.window.factor = 0.8
	sasl.login.refresh.window.jitter = 0.05
	sasl.login.retry.backoff.max.ms = 10000
	sasl.login.retry.backoff.ms = 100
	sasl.mechanism = GSSAPI
	sasl.oauthbearer.clock.skew.seconds = 30
	sasl.oauthbearer.expected.audience = null
	sasl.oauthbearer.expected.issuer = null
	sasl.oauthbearer.header.urlencode = false
	sasl.oauthbearer.jwks.endpoint.refresh.ms = 3600000
	sasl.oauthbearer.jwks.endpoint.retry.backoff.max.ms = 10000
	sasl.oauthbearer.jwks.endpoint.retry.backoff.ms = 100
	sasl.oauthbearer.jwks.endpoint.url = null
	sasl.oauthbearer.scope.claim.name = scope
	sasl.oauthbearer.sub.claim.name = sub
	sasl.oauthbearer.token.endpoint.url = null
	security.protocol = PLAINTEXT
	security.providers = null
	send.buffer.bytes = 131072
	socket.connection.setup.timeout.max.ms = 30000
	socket.connection.setup.timeout.ms = 10000
	ssl.cipher.suites = null
	ssl.enabled.protocols = [TLSv1.2, TLSv1.3]
	ssl.endpoint.identification.algorithm = https
	ssl.engine.factory.class = null
	ssl.key.password = null
	ssl.keymanager.algorithm = SunX509
	ssl.keystore.certificate.chain = null
	ssl.keystore.key = null
	ssl.keystore.location = null
	ssl.keystore.password = null
	ssl.keystore.type = JKS
	ssl.protocol = TLSv1.3
	ssl.provider = null
	ssl.secure.random.implementation = null
	ssl.trustmanager.algorithm = PKIX
	ssl.truststore.certificates = null
	ssl.truststore.location = null
	ssl.truststore.password = null
	ssl.truststore.type = JKS
	transaction.timeout.ms = 60000
	transactional.id = null
	value.serializer = class io.confluent.kafka.serializers.KafkaAvroSerializer

2025-08-13 18:22:07,654 INFO  [org.apa.kaf.com.tel.int.KafkaMetricsCollector] (main) initializing Kafka metrics collector
2025-08-13 18:22:07,654 INFO  [io.con.kaf.ser.KafkaAvroSerializerConfig] (main) KafkaAvroSerializerConfig values: 
	auto.register.schemas = false
	avro.reflection.allow.null = false
	avro.remove.java.properties = false
	avro.use.logical.type.converters = false
	basic.auth.credentials.source = URL
	basic.auth.user.info = [hidden]
	bearer.auth.cache.expiry.buffer.seconds = 300
	bearer.auth.client.id = null
	bearer.auth.client.secret = null
	bearer.auth.credentials.source = STATIC_TOKEN
	bearer.auth.custom.provider.class = null
	bearer.auth.identity.pool.id = null
	bearer.auth.issuer.endpoint.url = null
	bearer.auth.logical.cluster = null
	bearer.auth.scope = null
	bearer.auth.scope.claim.name = scope
	bearer.auth.sub.claim.name = sub
	bearer.auth.token = [hidden]
	context.name.strategy = class io.confluent.kafka.serializers.context.NullContextNameStrategy
	http.connect.timeout.ms = 60000
	http.read.timeout.ms = 60000
	id.compatibility.strict = true
	key.schema.id.deserializer = class io.confluent.kafka.serializers.schema.id.DualSchemaIdDeserializer
	key.schema.id.serializer = class io.confluent.kafka.serializers.schema.id.PrefixSchemaIdSerializer
	key.subject.name.strategy = class io.confluent.kafka.serializers.subject.TopicNameStrategy
	latest.cache.size = 1000
	latest.cache.ttl.sec = -1
	latest.compatibility.strict = true
	max.retries = 3
	max.schemas.per.subject = 1000
	normalize.schemas = false
	propagate.schema.tags = false
	proxy.host = 
	proxy.port = -1
	retries.max.wait.ms = 20000
	retries.wait.ms = 1000
	rule.actions = []
	rule.executors = []
	rule.service.loader.enable = true
	schema.format = null
	schema.reflection = false
	schema.registry.basic.auth.user.info = [hidden]
	schema.registry.ssl.cipher.suites = null
	schema.registry.ssl.enabled.protocols = [TLSv1.2, TLSv1.3]
	schema.registry.ssl.endpoint.identification.algorithm = https
	schema.registry.ssl.engine.factory.class = null
	schema.registry.ssl.key.password = null
	schema.registry.ssl.keymanager.algorithm = SunX509
	schema.registry.ssl.keystore.certificate.chain = null
	schema.registry.ssl.keystore.key = null
	schema.registry.ssl.keystore.location = null
	schema.registry.ssl.keystore.password = null
	schema.registry.ssl.keystore.type = JKS
	schema.registry.ssl.protocol = TLSv1.3
	schema.registry.ssl.provider = null
	schema.registry.ssl.secure.random.implementation = null
	schema.registry.ssl.trustmanager.algorithm = PKIX
	schema.registry.ssl.truststore.certificates = null
	schema.registry.ssl.truststore.location = null
	schema.registry.ssl.truststore.password = null
	schema.registry.ssl.truststore.type = JKS
	schema.registry.url = [http://registry-app-pg17.apps.ci419.apicurio-testing.org:80/apis/ccompat/v7]
	schema.registry.url.randomize = false
	use.latest.version = false
	use.latest.with.metadata = null
	use.schema.id = -1
	value.schema.id.deserializer = class io.confluent.kafka.serializers.schema.id.DualSchemaIdDeserializer
	value.schema.id.serializer = class io.confluent.kafka.serializers.schema.id.PrefixSchemaIdSerializer
	value.subject.name.strategy = class io.confluent.kafka.serializers.subject.TopicNameStrategy

2025-08-13 18:22:07,655 INFO  [org.apa.kaf.cli.pro.KafkaProducer] (main) [Producer clientId=Producer-topic-37c41dd4_6103_4429_92f6_7d9534f3736b] Instantiated an idempotent producer.
2025-08-13 18:22:07,656 INFO  [org.apa.kaf.cli.pro.ProducerConfig] (main) These configurations '[schema.registry.url, auto.register.schemas, value.subject.name.strategy]' were supplied but are not used yet.
2025-08-13 18:22:07,656 INFO  [org.apa.kaf.com.uti.AppInfoParser] (main) Kafka version: 3.9.1
2025-08-13 18:22:07,656 INFO  [org.apa.kaf.com.uti.AppInfoParser] (main) Kafka commitId: f745dfdcee2b9851
2025-08-13 18:22:07,656 INFO  [org.apa.kaf.com.uti.AppInfoParser] (main) Kafka startTimeMs: 1755109327656
2025-08-13 18:22:07,657 INFO  [io.api.tes.ser.api.SimpleSerdesTesterBuilder$SimpleSerdesTester] (main) Using producer configuration: {schema.registry.url=http://registry-app-pg17.apps.ci419.apicurio-testing.org:80/apis/ccompat/v7, value.serializer=io.confluent.kafka.serializers.KafkaAvroSerializer, request.timeout.ms=5000, auto.register.schemas=false, acks=all, bootstrap.servers=PLAINTEXT://localhost:32769, connections.max.idle.ms=10000, key.serializer=org.apache.kafka.common.serialization.StringSerializer, value.subject.name.strategy=io.confluent.kafka.serializers.subject.TopicNameStrategy, client.id=Producer-topic-37c41dd4_6103_4429_92f6_7d9534f3736b}
2025-08-13 18:22:07,657 INFO  [io.api.tes.ser.api.SimpleSerdesTesterBuilder$SimpleSerdesTester] (main) Using consumer configuration: {}
2025-08-13 18:22:07,657 INFO  [io.api.tes.ser.api.KafkaSerdesTester] (Thread-879) Sending message {"key1": "value-0"} to topic topic-37c41dd4_6103_4429_92f6_7d9534f3736b
2025-08-13 18:22:07,659 INFO  [org.apa.kaf.cli.Metadata] (kafka-producer-network-thread | Producer-topic-37c41dd4_6103_4429_92f6_7d9534f3736b) [Producer clientId=Producer-topic-37c41dd4_6103_4429_92f6_7d9534f3736b] Cluster ID: sAToZ0WATkWwuQb_OH8PpQ
2025-08-13 18:22:07,659 INFO  [org.apa.kaf.cli.pro.int.TransactionManager] (kafka-producer-network-thread | Producer-topic-37c41dd4_6103_4429_92f6_7d9534f3736b) [Producer clientId=Producer-topic-37c41dd4_6103_4429_92f6_7d9534f3736b] ProducerId set to 50 with epoch 0
2025-08-13 18:22:07,712 INFO  [io.api.tes.ser.api.KafkaSerdesTester] (Thread-879) Sending message {"key1": "value-1"} to topic topic-37c41dd4_6103_4429_92f6_7d9534f3736b
2025-08-13 18:22:07,713 INFO  [io.api.tes.ser.api.KafkaSerdesTester] (Thread-879) Sending message {"key1": "value-2"} to topic topic-37c41dd4_6103_4429_92f6_7d9534f3736b
2025-08-13 18:22:07,714 INFO  [io.api.tes.ser.api.KafkaSerdesTester] (Thread-879) Sending message {"key1": "value-3"} to topic topic-37c41dd4_6103_4429_92f6_7d9534f3736b
2025-08-13 18:22:07,715 INFO  [io.api.tes.ser.api.KafkaSerdesTester] (Thread-879) Sending message {"key1": "value-4"} to topic topic-37c41dd4_6103_4429_92f6_7d9534f3736b
2025-08-13 18:22:07,716 INFO  [io.api.tes.ser.api.KafkaSerdesTester] (Thread-879) Sending message {"key1": "value-5"} to topic topic-37c41dd4_6103_4429_92f6_7d9534f3736b
2025-08-13 18:22:07,716 INFO  [io.api.tes.ser.api.KafkaSerdesTester] (Thread-879) Sending message {"key1": "value-6"} to topic topic-37c41dd4_6103_4429_92f6_7d9534f3736b
2025-08-13 18:22:07,717 INFO  [io.api.tes.ser.api.KafkaSerdesTester] (Thread-879) Sending message {"key1": "value-7"} to topic topic-37c41dd4_6103_4429_92f6_7d9534f3736b
2025-08-13 18:22:07,718 INFO  [io.api.tes.ser.api.KafkaSerdesTester] (Thread-879) Sending message {"key1": "value-8"} to topic topic-37c41dd4_6103_4429_92f6_7d9534f3736b
2025-08-13 18:22:07,719 INFO  [io.api.tes.ser.api.KafkaSerdesTester] (Thread-879) Sending message {"key1": "value-9"} to topic topic-37c41dd4_6103_4429_92f6_7d9534f3736b
2025-08-13 18:22:07,720 INFO  [io.api.tes.ser.api.KafkaSerdesTester] (Thread-879) Produced 10 messages
2025-08-13 18:22:07,720 INFO  [org.apa.kaf.cli.pro.KafkaProducer] (Thread-879) [Producer clientId=Producer-topic-37c41dd4_6103_4429_92f6_7d9534f3736b] Closing the Kafka producer with timeoutMillis = 9223372036854775807 ms.
2025-08-13 18:22:07,722 INFO  [org.apa.kaf.com.met.Metrics] (Thread-879) Metrics scheduler closed
2025-08-13 18:22:07,722 INFO  [org.apa.kaf.com.met.Metrics] (Thread-879) Closing reporter org.apache.kafka.common.metrics.JmxReporter
2025-08-13 18:22:07,722 INFO  [org.apa.kaf.com.met.Metrics] (Thread-879) Closing reporter org.apache.kafka.common.telemetry.internals.ClientTelemetryReporter
2025-08-13 18:22:07,722 INFO  [org.apa.kaf.com.met.Metrics] (Thread-879) Metrics reporters closed
2025-08-13 18:22:07,722 INFO  [org.apa.kaf.com.uti.AppInfoParser] (Thread-879) App info kafka.producer for Producer-topic-37c41dd4_6103_4429_92f6_7d9534f3736b unregistered
**** Registry Base URL: http://registry-app-pg17.apps.ci419.apicurio-testing.org:80
2025-08-13 18:22:07,724 INFO  [org.apa.kaf.cli.con.ConsumerConfig] (main) ConsumerConfig values: 
	allow.auto.create.topics = true
	auto.commit.interval.ms = 500
	auto.include.jmx.reporter = true
	auto.offset.reset = earliest
	bootstrap.servers = [PLAINTEXT://localhost:32769]
	check.crcs = true
	client.dns.lookup = use_all_dns_ips
	client.id = consumer-Consumer-topic-37c41dd4_6103_4429_92f6_7d9534f3736b-37
	client.rack = 
	connections.max.idle.ms = 10000
	default.api.timeout.ms = 60000
	enable.auto.commit = true
	enable.metrics.push = true
	exclude.internal.topics = true
	fetch.max.bytes = 52428800
	fetch.max.wait.ms = 500
	fetch.min.bytes = 1
	group.id = Consumer-topic-37c41dd4_6103_4429_92f6_7d9534f3736b
	group.instance.id = null
	group.protocol = classic
	group.remote.assignor = null
	heartbeat.interval.ms = 3000
	interceptor.classes = []
	internal.leave.group.on.close = true
	internal.throw.on.fetch.stable.offset.unsupported = false
	isolation.level = read_uncommitted
	key.deserializer = class org.apache.kafka.common.serialization.StringDeserializer
	max.partition.fetch.bytes = 1048576
	max.poll.interval.ms = 300000
	max.poll.records = 500
	metadata.max.age.ms = 300000
	metadata.recovery.strategy = none
	metric.reporters = []
	metrics.num.samples = 2
	metrics.recording.level = INFO
	metrics.sample.window.ms = 30000
	partition.assignment.strategy = [class org.apache.kafka.clients.consumer.RangeAssignor, class org.apache.kafka.clients.consumer.CooperativeStickyAssignor]
	receive.buffer.bytes = 65536
	reconnect.backoff.max.ms = 1000
	reconnect.backoff.ms = 50
	request.timeout.ms = 5000
	retry.backoff.max.ms = 1000
	retry.backoff.ms = 100
	sasl.client.callback.handler.class = null
	sasl.jaas.config = null
	sasl.kerberos.kinit.cmd = /usr/bin/kinit
	sasl.kerberos.min.time.before.relogin = 60000
	sasl.kerberos.service.name = null
	sasl.kerberos.ticket.renew.jitter = 0.05
	sasl.kerberos.ticket.renew.window.factor = 0.8
	sasl.login.callback.handler.class = null
	sasl.login.class = null
	sasl.login.connect.timeout.ms = null
	sasl.login.read.timeout.ms = null
	sasl.login.refresh.buffer.seconds = 300
	sasl.login.refresh.min.period.seconds = 60
	sasl.login.refresh.window.factor = 0.8
	sasl.login.refresh.window.jitter = 0.05
	sasl.login.retry.backoff.max.ms = 10000
	sasl.login.retry.backoff.ms = 100
	sasl.mechanism = GSSAPI
	sasl.oauthbearer.clock.skew.seconds = 30
	sasl.oauthbearer.expected.audience = null
	sasl.oauthbearer.expected.issuer = null
	sasl.oauthbearer.header.urlencode = false
	sasl.oauthbearer.jwks.endpoint.refresh.ms = 3600000
	sasl.oauthbearer.jwks.endpoint.retry.backoff.max.ms = 10000
	sasl.oauthbearer.jwks.endpoint.retry.backoff.ms = 100
	sasl.oauthbearer.jwks.endpoint.url = null
	sasl.oauthbearer.scope.claim.name = scope
	sasl.oauthbearer.sub.claim.name = sub
	sasl.oauthbearer.token.endpoint.url = null
	security.protocol = PLAINTEXT
	security.providers = null
	send.buffer.bytes = 131072
	session.timeout.ms = 45000
	socket.connection.setup.timeout.max.ms = 30000
	socket.connection.setup.timeout.ms = 10000
	ssl.cipher.suites = null
	ssl.enabled.protocols = [TLSv1.2, TLSv1.3]
	ssl.endpoint.identification.algorithm = https
	ssl.engine.factory.class = null
	ssl.key.password = null
	ssl.keymanager.algorithm = SunX509
	ssl.keystore.certificate.chain = null
	ssl.keystore.key = null
	ssl.keystore.location = null
	ssl.keystore.password = null
	ssl.keystore.type = JKS
	ssl.protocol = TLSv1.3
	ssl.provider = null
	ssl.secure.random.implementation = null
	ssl.trustmanager.algorithm = PKIX
	ssl.truststore.certificates = null
	ssl.truststore.location = null
	ssl.truststore.password = null
	ssl.truststore.type = JKS
	value.deserializer = class io.confluent.kafka.serializers.KafkaAvroDeserializer

2025-08-13 18:22:07,725 INFO  [org.apa.kaf.com.tel.int.KafkaMetricsCollector] (main) initializing Kafka metrics collector
2025-08-13 18:22:07,725 INFO  [io.con.kaf.ser.KafkaAvroDeserializerConfig] (main) KafkaAvroDeserializerConfig values: 
	auto.register.schemas = true
	avro.reflection.allow.null = false
	avro.use.logical.type.converters = false
	basic.auth.credentials.source = URL
	basic.auth.user.info = [hidden]
	bearer.auth.cache.expiry.buffer.seconds = 300
	bearer.auth.client.id = null
	bearer.auth.client.secret = null
	bearer.auth.credentials.source = STATIC_TOKEN
	bearer.auth.custom.provider.class = null
	bearer.auth.identity.pool.id = null
	bearer.auth.issuer.endpoint.url = null
	bearer.auth.logical.cluster = null
	bearer.auth.scope = null
	bearer.auth.scope.claim.name = scope
	bearer.auth.sub.claim.name = sub
	bearer.auth.token = [hidden]
	context.name.strategy = class io.confluent.kafka.serializers.context.NullContextNameStrategy
	http.connect.timeout.ms = 60000
	http.read.timeout.ms = 60000
	id.compatibility.strict = true
	key.schema.id.deserializer = class io.confluent.kafka.serializers.schema.id.DualSchemaIdDeserializer
	key.schema.id.serializer = class io.confluent.kafka.serializers.schema.id.PrefixSchemaIdSerializer
	key.subject.name.strategy = class io.confluent.kafka.serializers.subject.TopicNameStrategy
	latest.cache.size = 1000
	latest.cache.ttl.sec = -1
	latest.compatibility.strict = true
	max.retries = 3
	max.schemas.per.subject = 1000
	normalize.schemas = false
	propagate.schema.tags = false
	proxy.host = 
	proxy.port = -1
	retries.max.wait.ms = 20000
	retries.wait.ms = 1000
	rule.actions = []
	rule.executors = []
	rule.service.loader.enable = true
	schema.format = null
	schema.reflection = false
	schema.registry.basic.auth.user.info = [hidden]
	schema.registry.ssl.cipher.suites = null
	schema.registry.ssl.enabled.protocols = [TLSv1.2, TLSv1.3]
	schema.registry.ssl.endpoint.identification.algorithm = https
	schema.registry.ssl.engine.factory.class = null
	schema.registry.ssl.key.password = null
	schema.registry.ssl.keymanager.algorithm = SunX509
	schema.registry.ssl.keystore.certificate.chain = null
	schema.registry.ssl.keystore.key = null
	schema.registry.ssl.keystore.location = null
	schema.registry.ssl.keystore.password = null
	schema.registry.ssl.keystore.type = JKS
	schema.registry.ssl.protocol = TLSv1.3
	schema.registry.ssl.provider = null
	schema.registry.ssl.secure.random.implementation = null
	schema.registry.ssl.trustmanager.algorithm = PKIX
	schema.registry.ssl.truststore.certificates = null
	schema.registry.ssl.truststore.location = null
	schema.registry.ssl.truststore.password = null
	schema.registry.ssl.truststore.type = JKS
	schema.registry.url = [http://registry-app-pg17.apps.ci419.apicurio-testing.org:80/apis/ccompat/v7]
	schema.registry.url.randomize = false
	specific.avro.key.type = null
	specific.avro.reader = false
	specific.avro.value.type = null
	use.latest.version = false
	use.latest.with.metadata = null
	use.schema.id = -1
	value.schema.id.deserializer = class io.confluent.kafka.serializers.schema.id.DualSchemaIdDeserializer
	value.schema.id.serializer = class io.confluent.kafka.serializers.schema.id.PrefixSchemaIdSerializer
	value.subject.name.strategy = class io.confluent.kafka.serializers.subject.TopicNameStrategy

2025-08-13 18:22:07,729 INFO  [org.apa.kaf.cli.con.ConsumerConfig] (main) These configurations '[schema.registry.url]' were supplied but are not used yet.
2025-08-13 18:22:07,729 INFO  [org.apa.kaf.com.uti.AppInfoParser] (main) Kafka version: 3.9.1
2025-08-13 18:22:07,729 INFO  [org.apa.kaf.com.uti.AppInfoParser] (main) Kafka commitId: f745dfdcee2b9851
2025-08-13 18:22:07,729 INFO  [org.apa.kaf.com.uti.AppInfoParser] (main) Kafka startTimeMs: 1755109327729
2025-08-13 18:22:07,729 INFO  [org.apa.kaf.cli.con.int.ClassicKafkaConsumer] (Thread-880) [Consumer clientId=consumer-Consumer-topic-37c41dd4_6103_4429_92f6_7d9534f3736b-37, groupId=Consumer-topic-37c41dd4_6103_4429_92f6_7d9534f3736b] Subscribed to topic(s): topic-37c41dd4_6103_4429_92f6_7d9534f3736b
2025-08-13 18:22:07,733 INFO  [org.apa.kaf.cli.Metadata] (Thread-880) [Consumer clientId=consumer-Consumer-topic-37c41dd4_6103_4429_92f6_7d9534f3736b-37, groupId=Consumer-topic-37c41dd4_6103_4429_92f6_7d9534f3736b] Cluster ID: sAToZ0WATkWwuQb_OH8PpQ
2025-08-13 18:22:07,734 INFO  [org.apa.kaf.cli.con.int.ConsumerCoordinator] (Thread-880) [Consumer clientId=consumer-Consumer-topic-37c41dd4_6103_4429_92f6_7d9534f3736b-37, groupId=Consumer-topic-37c41dd4_6103_4429_92f6_7d9534f3736b] Discovered group coordinator localhost:32769 (id: 2147483647 rack: null)
2025-08-13 18:22:07,735 INFO  [org.apa.kaf.cli.con.int.ConsumerCoordinator] (Thread-880) [Consumer clientId=consumer-Consumer-topic-37c41dd4_6103_4429_92f6_7d9534f3736b-37, groupId=Consumer-topic-37c41dd4_6103_4429_92f6_7d9534f3736b] (Re-)joining group
2025-08-13 18:22:07,737 INFO  [org.apa.kaf.cli.con.int.ConsumerCoordinator] (Thread-880) [Consumer clientId=consumer-Consumer-topic-37c41dd4_6103_4429_92f6_7d9534f3736b-37, groupId=Consumer-topic-37c41dd4_6103_4429_92f6_7d9534f3736b] Request joining group due to: need to re-join with the given member-id: consumer-Consumer-topic-37c41dd4_6103_4429_92f6_7d9534f3736b-37-077ed685-1ccd-4494-a7dd-8461201c2a2a
2025-08-13 18:22:07,737 INFO  [org.apa.kaf.cli.con.int.ConsumerCoordinator] (Thread-880) [Consumer clientId=consumer-Consumer-topic-37c41dd4_6103_4429_92f6_7d9534f3736b-37, groupId=Consumer-topic-37c41dd4_6103_4429_92f6_7d9534f3736b] (Re-)joining group
2025-08-13 18:22:08,730 INFO  [io.api.tes.ser.api.KafkaSerdesTester] (Thread-880) None found
2025-08-13 18:22:09,731 INFO  [io.api.tes.ser.api.KafkaSerdesTester] (Thread-880) None found
2025-08-13 18:22:10,731 INFO  [io.api.tes.ser.api.KafkaSerdesTester] (Thread-880) None found
2025-08-13 18:22:10,739 INFO  [org.apa.kaf.cli.con.int.ConsumerCoordinator] (Thread-880) [Consumer clientId=consumer-Consumer-topic-37c41dd4_6103_4429_92f6_7d9534f3736b-37, groupId=Consumer-topic-37c41dd4_6103_4429_92f6_7d9534f3736b] Successfully joined group with generation Generation{generationId=1, memberId='consumer-Consumer-topic-37c41dd4_6103_4429_92f6_7d9534f3736b-37-077ed685-1ccd-4494-a7dd-8461201c2a2a', protocol='range'}
2025-08-13 18:22:10,739 INFO  [org.apa.kaf.cli.con.int.ConsumerCoordinator] (Thread-880) [Consumer clientId=consumer-Consumer-topic-37c41dd4_6103_4429_92f6_7d9534f3736b-37, groupId=Consumer-topic-37c41dd4_6103_4429_92f6_7d9534f3736b] Finished assignment for group at generation 1: {consumer-Consumer-topic-37c41dd4_6103_4429_92f6_7d9534f3736b-37-077ed685-1ccd-4494-a7dd-8461201c2a2a=Assignment(partitions=[topic-37c41dd4_6103_4429_92f6_7d9534f3736b-0])}
2025-08-13 18:22:10,745 INFO  [org.apa.kaf.cli.con.int.ConsumerCoordinator] (Thread-880) [Consumer clientId=consumer-Consumer-topic-37c41dd4_6103_4429_92f6_7d9534f3736b-37, groupId=Consumer-topic-37c41dd4_6103_4429_92f6_7d9534f3736b] Successfully synced group in generation Generation{generationId=1, memberId='consumer-Consumer-topic-37c41dd4_6103_4429_92f6_7d9534f3736b-37-077ed685-1ccd-4494-a7dd-8461201c2a2a', protocol='range'}
2025-08-13 18:22:10,745 INFO  [org.apa.kaf.cli.con.int.ConsumerCoordinator] (Thread-880) [Consumer clientId=consumer-Consumer-topic-37c41dd4_6103_4429_92f6_7d9534f3736b-37, groupId=Consumer-topic-37c41dd4_6103_4429_92f6_7d9534f3736b] Notifying assignor about the new Assignment(partitions=[topic-37c41dd4_6103_4429_92f6_7d9534f3736b-0])
2025-08-13 18:22:10,745 INFO  [org.apa.kaf.cli.con.int.ConsumerRebalanceListenerInvoker] (Thread-880) [Consumer clientId=consumer-Consumer-topic-37c41dd4_6103_4429_92f6_7d9534f3736b-37, groupId=Consumer-topic-37c41dd4_6103_4429_92f6_7d9534f3736b] Adding newly assigned partitions: topic-37c41dd4_6103_4429_92f6_7d9534f3736b-0
2025-08-13 18:22:10,746 INFO  [org.apa.kaf.cli.con.int.ConsumerCoordinator] (Thread-880) [Consumer clientId=consumer-Consumer-topic-37c41dd4_6103_4429_92f6_7d9534f3736b-37, groupId=Consumer-topic-37c41dd4_6103_4429_92f6_7d9534f3736b] Found no committed offset for partition topic-37c41dd4_6103_4429_92f6_7d9534f3736b-0
2025-08-13 18:22:10,748 INFO  [org.apa.kaf.cli.con.int.SubscriptionState] (Thread-880) [Consumer clientId=consumer-Consumer-topic-37c41dd4_6103_4429_92f6_7d9534f3736b-37, groupId=Consumer-topic-37c41dd4_6103_4429_92f6_7d9534f3736b] Resetting offset for partition topic-37c41dd4_6103_4429_92f6_7d9534f3736b-0 to position FetchPosition{offset=0, offsetEpoch=Optional.empty, currentLeader=LeaderAndEpoch{leader=Optional[localhost:32769 (id: 0 rack: null)], epoch=0}}.
2025-08-13 18:22:10,798 INFO  [io.api.tes.ser.api.KafkaSerdesTester] (Thread-880) topic-37c41dd4_6103_4429_92f6_7d9534f3736b 0 0 {"key1": "value-0"}
2025-08-13 18:22:10,798 INFO  [io.api.tes.ser.api.KafkaSerdesTester] (Thread-880) topic-37c41dd4_6103_4429_92f6_7d9534f3736b 0 1 {"key1": "value-1"}
2025-08-13 18:22:10,798 INFO  [io.api.tes.ser.api.KafkaSerdesTester] (Thread-880) topic-37c41dd4_6103_4429_92f6_7d9534f3736b 0 2 {"key1": "value-2"}
2025-08-13 18:22:10,798 INFO  [io.api.tes.ser.api.KafkaSerdesTester] (Thread-880) topic-37c41dd4_6103_4429_92f6_7d9534f3736b 0 3 {"key1": "value-3"}
2025-08-13 18:22:10,798 INFO  [io.api.tes.ser.api.KafkaSerdesTester] (Thread-880) topic-37c41dd4_6103_4429_92f6_7d9534f3736b 0 4 {"key1": "value-4"}
2025-08-13 18:22:10,798 INFO  [io.api.tes.ser.api.KafkaSerdesTester] (Thread-880) topic-37c41dd4_6103_4429_92f6_7d9534f3736b 0 5 {"key1": "value-5"}
2025-08-13 18:22:10,798 INFO  [io.api.tes.ser.api.KafkaSerdesTester] (Thread-880) topic-37c41dd4_6103_4429_92f6_7d9534f3736b 0 6 {"key1": "value-6"}
2025-08-13 18:22:10,798 INFO  [io.api.tes.ser.api.KafkaSerdesTester] (Thread-880) topic-37c41dd4_6103_4429_92f6_7d9534f3736b 0 7 {"key1": "value-7"}
2025-08-13 18:22:10,798 INFO  [io.api.tes.ser.api.KafkaSerdesTester] (Thread-880) topic-37c41dd4_6103_4429_92f6_7d9534f3736b 0 8 {"key1": "value-8"}
2025-08-13 18:22:10,798 INFO  [io.api.tes.ser.api.KafkaSerdesTester] (Thread-880) topic-37c41dd4_6103_4429_92f6_7d9534f3736b 0 9 {"key1": "value-9"}
2025-08-13 18:22:10,798 INFO  [io.api.tes.ser.api.KafkaSerdesTester] (Thread-880) Consumed 10 messages
2025-08-13 18:22:10,805 INFO  [org.apa.kaf.cli.con.int.ConsumerRebalanceListenerInvoker] (Thread-880) [Consumer clientId=consumer-Consumer-topic-37c41dd4_6103_4429_92f6_7d9534f3736b-37, groupId=Consumer-topic-37c41dd4_6103_4429_92f6_7d9534f3736b] Revoke previously assigned partitions topic-37c41dd4_6103_4429_92f6_7d9534f3736b-0
2025-08-13 18:22:10,805 INFO  [org.apa.kaf.cli.con.int.ConsumerCoordinator] (Thread-880) [Consumer clientId=consumer-Consumer-topic-37c41dd4_6103_4429_92f6_7d9534f3736b-37, groupId=Consumer-topic-37c41dd4_6103_4429_92f6_7d9534f3736b] Member consumer-Consumer-topic-37c41dd4_6103_4429_92f6_7d9534f3736b-37-077ed685-1ccd-4494-a7dd-8461201c2a2a sending LeaveGroup request to coordinator localhost:32769 (id: 2147483647 rack: null) due to the consumer is being closed
2025-08-13 18:22:10,805 INFO  [org.apa.kaf.cli.con.int.ConsumerCoordinator] (Thread-880) [Consumer clientId=consumer-Consumer-topic-37c41dd4_6103_4429_92f6_7d9534f3736b-37, groupId=Consumer-topic-37c41dd4_6103_4429_92f6_7d9534f3736b] Resetting generation and member id due to: consumer pro-actively leaving the group
2025-08-13 18:22:10,805 INFO  [org.apa.kaf.cli.con.int.ConsumerCoordinator] (Thread-880) [Consumer clientId=consumer-Consumer-topic-37c41dd4_6103_4429_92f6_7d9534f3736b-37, groupId=Consumer-topic-37c41dd4_6103_4429_92f6_7d9534f3736b] Request joining group due to: consumer pro-actively leaving the group
2025-08-13 18:22:11,300 INFO  [org.apa.kaf.com.met.Metrics] (Thread-880) Metrics scheduler closed
2025-08-13 18:22:11,300 INFO  [org.apa.kaf.com.met.Metrics] (Thread-880) Closing reporter org.apache.kafka.common.metrics.JmxReporter
2025-08-13 18:22:11,300 INFO  [org.apa.kaf.com.met.Metrics] (Thread-880) Closing reporter org.apache.kafka.common.telemetry.internals.ClientTelemetryReporter
2025-08-13 18:22:11,300 INFO  [org.apa.kaf.com.met.Metrics] (Thread-880) Metrics reporters closed
2025-08-13 18:22:11,302 INFO  [org.apa.kaf.com.uti.AppInfoParser] (Thread-880) App info kafka.consumer for consumer-Consumer-topic-37c41dd4_6103_4429_92f6_7d9534f3736b-37 unregistered
2025-08-13 18:22:11,396 INFO  [io.api.tes.ser.con.BasicConfluentSerDesIT] (main) Deleting confluent schema topic-37c41dd4_6103_4429_92f6_7d9534f3736b-value
2025-08-13 18:22:11,446 INFO  [io.api.tes.uti.TestSeparator] (main) io.apicurio.tests.serdes.confluent.BasicConfluentSerDesIT.testAvroConfluentSerDes-FINISHED
2025-08-13 18:22:11,446 INFO  [io.api.tes.uti.TestSeparator] (main) ############################################################################
Test passed: testAvroConfluentSerDes
]]></system-out>
  </testcase>
  <testcase name="testAvroConfluentForMultipleTopics" classname="io.apicurio.tests.serdes.confluent.BasicConfluentSerDesIT" time="11.73">
    <system-out><![CDATA[2025-08-13 18:22:11,447 INFO  [io.api.tes.uti.TestSeparator] (main) ############################################################################
2025-08-13 18:22:11,447 INFO  [io.api.tes.uti.TestSeparator] (main) io.apicurio.tests.serdes.confluent.BasicConfluentSerDesIT.testAvroConfluentForMultipleTopics-STARTED
2025-08-13 18:22:11,563 INFO  [io.api.tes.ser.con.BasicConfluentSerDesIT] (main) Checking that created schema is equal to the get schema
2025-08-13 18:22:11,612 INFO  [io.api.tes.ser.con.BasicConfluentSerDesIT] (main) Created schema with id:51 and name:myrecordconfluent6
**** Registry Base URL: http://registry-app-pg17.apps.ci419.apicurio-testing.org:80
2025-08-13 18:22:11,613 INFO  [org.apa.kaf.cli.pro.ProducerConfig] (main) ProducerConfig values: 
	acks = -1
	auto.include.jmx.reporter = true
	batch.size = 16384
	bootstrap.servers = [PLAINTEXT://localhost:32769]
	buffer.memory = 33554432
	client.dns.lookup = use_all_dns_ips
	client.id = Producer-topic-330e2ef3_8afa_4e1e_a065_fff3829ac7fb
	compression.gzip.level = -1
	compression.lz4.level = 9
	compression.type = none
	compression.zstd.level = 3
	connections.max.idle.ms = 10000
	delivery.timeout.ms = 120000
	enable.idempotence = true
	enable.metrics.push = true
	interceptor.classes = []
	key.serializer = class org.apache.kafka.common.serialization.StringSerializer
	linger.ms = 0
	max.block.ms = 60000
	max.in.flight.requests.per.connection = 5
	max.request.size = 1048576
	metadata.max.age.ms = 300000
	metadata.max.idle.ms = 300000
	metadata.recovery.strategy = none
	metric.reporters = []
	metrics.num.samples = 2
	metrics.recording.level = INFO
	metrics.sample.window.ms = 30000
	partitioner.adaptive.partitioning.enable = true
	partitioner.availability.timeout.ms = 0
	partitioner.class = null
	partitioner.ignore.keys = false
	receive.buffer.bytes = 32768
	reconnect.backoff.max.ms = 1000
	reconnect.backoff.ms = 50
	request.timeout.ms = 5000
	retries = 2147483647
	retry.backoff.max.ms = 1000
	retry.backoff.ms = 100
	sasl.client.callback.handler.class = null
	sasl.jaas.config = null
	sasl.kerberos.kinit.cmd = /usr/bin/kinit
	sasl.kerberos.min.time.before.relogin = 60000
	sasl.kerberos.service.name = null
	sasl.kerberos.ticket.renew.jitter = 0.05
	sasl.kerberos.ticket.renew.window.factor = 0.8
	sasl.login.callback.handler.class = null
	sasl.login.class = null
	sasl.login.connect.timeout.ms = null
	sasl.login.read.timeout.ms = null
	sasl.login.refresh.buffer.seconds = 300
	sasl.login.refresh.min.period.seconds = 60
	sasl.login.refresh.window.factor = 0.8
	sasl.login.refresh.window.jitter = 0.05
	sasl.login.retry.backoff.max.ms = 10000
	sasl.login.retry.backoff.ms = 100
	sasl.mechanism = GSSAPI
	sasl.oauthbearer.clock.skew.seconds = 30
	sasl.oauthbearer.expected.audience = null
	sasl.oauthbearer.expected.issuer = null
	sasl.oauthbearer.header.urlencode = false
	sasl.oauthbearer.jwks.endpoint.refresh.ms = 3600000
	sasl.oauthbearer.jwks.endpoint.retry.backoff.max.ms = 10000
	sasl.oauthbearer.jwks.endpoint.retry.backoff.ms = 100
	sasl.oauthbearer.jwks.endpoint.url = null
	sasl.oauthbearer.scope.claim.name = scope
	sasl.oauthbearer.sub.claim.name = sub
	sasl.oauthbearer.token.endpoint.url = null
	security.protocol = PLAINTEXT
	security.providers = null
	send.buffer.bytes = 131072
	socket.connection.setup.timeout.max.ms = 30000
	socket.connection.setup.timeout.ms = 10000
	ssl.cipher.suites = null
	ssl.enabled.protocols = [TLSv1.2, TLSv1.3]
	ssl.endpoint.identification.algorithm = https
	ssl.engine.factory.class = null
	ssl.key.password = null
	ssl.keymanager.algorithm = SunX509
	ssl.keystore.certificate.chain = null
	ssl.keystore.key = null
	ssl.keystore.location = null
	ssl.keystore.password = null
	ssl.keystore.type = JKS
	ssl.protocol = TLSv1.3
	ssl.provider = null
	ssl.secure.random.implementation = null
	ssl.trustmanager.algorithm = PKIX
	ssl.truststore.certificates = null
	ssl.truststore.location = null
	ssl.truststore.password = null
	ssl.truststore.type = JKS
	transaction.timeout.ms = 60000
	transactional.id = null
	value.serializer = class io.apicurio.registry.serde.avro.AvroKafkaSerializer

2025-08-13 18:22:11,613 INFO  [org.apa.kaf.com.tel.int.KafkaMetricsCollector] (main) initializing Kafka metrics collector
2025-08-13 18:22:11,615 INFO  [org.apa.kaf.cli.pro.KafkaProducer] (main) [Producer clientId=Producer-topic-330e2ef3_8afa_4e1e_a065_fff3829ac7fb] Instantiated an idempotent producer.
2025-08-13 18:22:11,616 INFO  [org.apa.kaf.cli.pro.ProducerConfig] (main) These configurations '[apicurio.registry.url, apicurio.registry.artifact-resolver-strategy]' were supplied but are not used yet.
2025-08-13 18:22:11,616 INFO  [org.apa.kaf.com.uti.AppInfoParser] (main) Kafka version: 3.9.1
2025-08-13 18:22:11,616 INFO  [org.apa.kaf.com.uti.AppInfoParser] (main) Kafka commitId: f745dfdcee2b9851
2025-08-13 18:22:11,616 INFO  [org.apa.kaf.com.uti.AppInfoParser] (main) Kafka startTimeMs: 1755109331616
**** Registry Base URL: http://registry-app-pg17.apps.ci419.apicurio-testing.org:80
2025-08-13 18:22:11,617 INFO  [org.apa.kaf.cli.pro.ProducerConfig] (main) ProducerConfig values: 
	acks = -1
	auto.include.jmx.reporter = true
	batch.size = 16384
	bootstrap.servers = [PLAINTEXT://localhost:32769]
	buffer.memory = 33554432
	client.dns.lookup = use_all_dns_ips
	client.id = Producer-topic-0b76e39f_3931_4f8c_a244_6ddcdfd18c92
	compression.gzip.level = -1
	compression.lz4.level = 9
	compression.type = none
	compression.zstd.level = 3
	connections.max.idle.ms = 10000
	delivery.timeout.ms = 120000
	enable.idempotence = true
	enable.metrics.push = true
	interceptor.classes = []
	key.serializer = class org.apache.kafka.common.serialization.StringSerializer
	linger.ms = 0
	max.block.ms = 60000
	max.in.flight.requests.per.connection = 5
	max.request.size = 1048576
	metadata.max.age.ms = 300000
	metadata.max.idle.ms = 300000
	metadata.recovery.strategy = none
	metric.reporters = []
	metrics.num.samples = 2
	metrics.recording.level = INFO
	metrics.sample.window.ms = 30000
	partitioner.adaptive.partitioning.enable = true
	partitioner.availability.timeout.ms = 0
	partitioner.class = null
	partitioner.ignore.keys = false
	receive.buffer.bytes = 32768
	reconnect.backoff.max.ms = 1000
	reconnect.backoff.ms = 50
	request.timeout.ms = 5000
	retries = 2147483647
	retry.backoff.max.ms = 1000
	retry.backoff.ms = 100
	sasl.client.callback.handler.class = null
	sasl.jaas.config = null
	sasl.kerberos.kinit.cmd = /usr/bin/kinit
	sasl.kerberos.min.time.before.relogin = 60000
	sasl.kerberos.service.name = null
	sasl.kerberos.ticket.renew.jitter = 0.05
	sasl.kerberos.ticket.renew.window.factor = 0.8
	sasl.login.callback.handler.class = null
	sasl.login.class = null
	sasl.login.connect.timeout.ms = null
	sasl.login.read.timeout.ms = null
	sasl.login.refresh.buffer.seconds = 300
	sasl.login.refresh.min.period.seconds = 60
	sasl.login.refresh.window.factor = 0.8
	sasl.login.refresh.window.jitter = 0.05
	sasl.login.retry.backoff.max.ms = 10000
	sasl.login.retry.backoff.ms = 100
	sasl.mechanism = GSSAPI
	sasl.oauthbearer.clock.skew.seconds = 30
	sasl.oauthbearer.expected.audience = null
	sasl.oauthbearer.expected.issuer = null
	sasl.oauthbearer.header.urlencode = false
	sasl.oauthbearer.jwks.endpoint.refresh.ms = 3600000
	sasl.oauthbearer.jwks.endpoint.retry.backoff.max.ms = 10000
	sasl.oauthbearer.jwks.endpoint.retry.backoff.ms = 100
	sasl.oauthbearer.jwks.endpoint.url = null
	sasl.oauthbearer.scope.claim.name = scope
	sasl.oauthbearer.sub.claim.name = sub
	sasl.oauthbearer.token.endpoint.url = null
	security.protocol = PLAINTEXT
	security.providers = null
	send.buffer.bytes = 131072
	socket.connection.setup.timeout.max.ms = 30000
	socket.connection.setup.timeout.ms = 10000
	ssl.cipher.suites = null
	ssl.enabled.protocols = [TLSv1.2, TLSv1.3]
	ssl.endpoint.identification.algorithm = https
	ssl.engine.factory.class = null
	ssl.key.password = null
	ssl.keymanager.algorithm = SunX509
	ssl.keystore.certificate.chain = null
	ssl.keystore.key = null
	ssl.keystore.location = null
	ssl.keystore.password = null
	ssl.keystore.type = JKS
	ssl.protocol = TLSv1.3
	ssl.provider = null
	ssl.secure.random.implementation = null
	ssl.trustmanager.algorithm = PKIX
	ssl.truststore.certificates = null
	ssl.truststore.location = null
	ssl.truststore.password = null
	ssl.truststore.type = JKS
	transaction.timeout.ms = 60000
	transactional.id = null
	value.serializer = class io.apicurio.registry.serde.avro.AvroKafkaSerializer

2025-08-13 18:22:11,617 INFO  [org.apa.kaf.com.tel.int.KafkaMetricsCollector] (main) initializing Kafka metrics collector
2025-08-13 18:22:11,620 INFO  [org.apa.kaf.cli.pro.KafkaProducer] (main) [Producer clientId=Producer-topic-0b76e39f_3931_4f8c_a244_6ddcdfd18c92] Instantiated an idempotent producer.
2025-08-13 18:22:11,622 INFO  [org.apa.kaf.cli.Metadata] (kafka-producer-network-thread | Producer-topic-330e2ef3_8afa_4e1e_a065_fff3829ac7fb) [Producer clientId=Producer-topic-330e2ef3_8afa_4e1e_a065_fff3829ac7fb] Cluster ID: sAToZ0WATkWwuQb_OH8PpQ
2025-08-13 18:22:11,622 INFO  [org.apa.kaf.cli.pro.int.TransactionManager] (kafka-producer-network-thread | Producer-topic-330e2ef3_8afa_4e1e_a065_fff3829ac7fb) [Producer clientId=Producer-topic-330e2ef3_8afa_4e1e_a065_fff3829ac7fb] ProducerId set to 51 with epoch 0
2025-08-13 18:22:11,624 INFO  [org.apa.kaf.cli.Metadata] (kafka-producer-network-thread | Producer-topic-0b76e39f_3931_4f8c_a244_6ddcdfd18c92) [Producer clientId=Producer-topic-0b76e39f_3931_4f8c_a244_6ddcdfd18c92] Cluster ID: sAToZ0WATkWwuQb_OH8PpQ
2025-08-13 18:22:11,624 INFO  [org.apa.kaf.cli.pro.int.TransactionManager] (kafka-producer-network-thread | Producer-topic-0b76e39f_3931_4f8c_a244_6ddcdfd18c92) [Producer clientId=Producer-topic-0b76e39f_3931_4f8c_a244_6ddcdfd18c92] ProducerId set to 52 with epoch 0
2025-08-13 18:22:11,624 INFO  [org.apa.kaf.cli.pro.ProducerConfig] (main) These configurations '[apicurio.registry.url, apicurio.registry.artifact-resolver-strategy]' were supplied but are not used yet.
2025-08-13 18:22:11,624 INFO  [org.apa.kaf.com.uti.AppInfoParser] (main) Kafka version: 3.9.1
2025-08-13 18:22:11,624 INFO  [org.apa.kaf.com.uti.AppInfoParser] (main) Kafka commitId: f745dfdcee2b9851
2025-08-13 18:22:11,624 INFO  [org.apa.kaf.com.uti.AppInfoParser] (main) Kafka startTimeMs: 1755109331624
**** Registry Base URL: http://registry-app-pg17.apps.ci419.apicurio-testing.org:80
2025-08-13 18:22:11,625 INFO  [org.apa.kaf.cli.pro.ProducerConfig] (main) ProducerConfig values: 
	acks = -1
	auto.include.jmx.reporter = true
	batch.size = 16384
	bootstrap.servers = [PLAINTEXT://localhost:32769]
	buffer.memory = 33554432
	client.dns.lookup = use_all_dns_ips
	client.id = Producer-topic-0a977fe3_fc9d_49d9_95a0_0de05ee05b45
	compression.gzip.level = -1
	compression.lz4.level = 9
	compression.type = none
	compression.zstd.level = 3
	connections.max.idle.ms = 10000
	delivery.timeout.ms = 120000
	enable.idempotence = true
	enable.metrics.push = true
	interceptor.classes = []
	key.serializer = class org.apache.kafka.common.serialization.StringSerializer
	linger.ms = 0
	max.block.ms = 60000
	max.in.flight.requests.per.connection = 5
	max.request.size = 1048576
	metadata.max.age.ms = 300000
	metadata.max.idle.ms = 300000
	metadata.recovery.strategy = none
	metric.reporters = []
	metrics.num.samples = 2
	metrics.recording.level = INFO
	metrics.sample.window.ms = 30000
	partitioner.adaptive.partitioning.enable = true
	partitioner.availability.timeout.ms = 0
	partitioner.class = null
	partitioner.ignore.keys = false
	receive.buffer.bytes = 32768
	reconnect.backoff.max.ms = 1000
	reconnect.backoff.ms = 50
	request.timeout.ms = 5000
	retries = 2147483647
	retry.backoff.max.ms = 1000
	retry.backoff.ms = 100
	sasl.client.callback.handler.class = null
	sasl.jaas.config = null
	sasl.kerberos.kinit.cmd = /usr/bin/kinit
	sasl.kerberos.min.time.before.relogin = 60000
	sasl.kerberos.service.name = null
	sasl.kerberos.ticket.renew.jitter = 0.05
	sasl.kerberos.ticket.renew.window.factor = 0.8
	sasl.login.callback.handler.class = null
	sasl.login.class = null
	sasl.login.connect.timeout.ms = null
	sasl.login.read.timeout.ms = null
	sasl.login.refresh.buffer.seconds = 300
	sasl.login.refresh.min.period.seconds = 60
	sasl.login.refresh.window.factor = 0.8
	sasl.login.refresh.window.jitter = 0.05
	sasl.login.retry.backoff.max.ms = 10000
	sasl.login.retry.backoff.ms = 100
	sasl.mechanism = GSSAPI
	sasl.oauthbearer.clock.skew.seconds = 30
	sasl.oauthbearer.expected.audience = null
	sasl.oauthbearer.expected.issuer = null
	sasl.oauthbearer.header.urlencode = false
	sasl.oauthbearer.jwks.endpoint.refresh.ms = 3600000
	sasl.oauthbearer.jwks.endpoint.retry.backoff.max.ms = 10000
	sasl.oauthbearer.jwks.endpoint.retry.backoff.ms = 100
	sasl.oauthbearer.jwks.endpoint.url = null
	sasl.oauthbearer.scope.claim.name = scope
	sasl.oauthbearer.sub.claim.name = sub
	sasl.oauthbearer.token.endpoint.url = null
	security.protocol = PLAINTEXT
	security.providers = null
	send.buffer.bytes = 131072
	socket.connection.setup.timeout.max.ms = 30000
	socket.connection.setup.timeout.ms = 10000
	ssl.cipher.suites = null
	ssl.enabled.protocols = [TLSv1.2, TLSv1.3]
	ssl.endpoint.identification.algorithm = https
	ssl.engine.factory.class = null
	ssl.key.password = null
	ssl.keymanager.algorithm = SunX509
	ssl.keystore.certificate.chain = null
	ssl.keystore.key = null
	ssl.keystore.location = null
	ssl.keystore.password = null
	ssl.keystore.type = JKS
	ssl.protocol = TLSv1.3
	ssl.provider = null
	ssl.secure.random.implementation = null
	ssl.trustmanager.algorithm = PKIX
	ssl.truststore.certificates = null
	ssl.truststore.location = null
	ssl.truststore.password = null
	ssl.truststore.type = JKS
	transaction.timeout.ms = 60000
	transactional.id = null
	value.serializer = class io.apicurio.registry.serde.avro.AvroKafkaSerializer

2025-08-13 18:22:11,625 INFO  [org.apa.kaf.com.tel.int.KafkaMetricsCollector] (main) initializing Kafka metrics collector
2025-08-13 18:22:11,627 INFO  [org.apa.kaf.cli.pro.KafkaProducer] (main) [Producer clientId=Producer-topic-0a977fe3_fc9d_49d9_95a0_0de05ee05b45] Instantiated an idempotent producer.
2025-08-13 18:22:11,629 INFO  [org.apa.kaf.cli.pro.ProducerConfig] (main) These configurations '[apicurio.registry.url, apicurio.registry.artifact-resolver-strategy]' were supplied but are not used yet.
2025-08-13 18:22:11,629 INFO  [org.apa.kaf.com.uti.AppInfoParser] (main) Kafka version: 3.9.1
2025-08-13 18:22:11,629 INFO  [org.apa.kaf.com.uti.AppInfoParser] (main) Kafka commitId: f745dfdcee2b9851
2025-08-13 18:22:11,629 INFO  [org.apa.kaf.com.uti.AppInfoParser] (main) Kafka startTimeMs: 1755109331629
**** Registry Base URL: http://registry-app-pg17.apps.ci419.apicurio-testing.org:80
2025-08-13 18:22:11,629 INFO  [org.apa.kaf.cli.con.ConsumerConfig] (main) ConsumerConfig values: 
	allow.auto.create.topics = true
	auto.commit.interval.ms = 500
	auto.include.jmx.reporter = true
	auto.offset.reset = earliest
	bootstrap.servers = [PLAINTEXT://localhost:32769]
	check.crcs = true
	client.dns.lookup = use_all_dns_ips
	client.id = consumer-Consumer-topic-330e2ef3_8afa_4e1e_a065_fff3829ac7fb-38
	client.rack = 
	connections.max.idle.ms = 10000
	default.api.timeout.ms = 60000
	enable.auto.commit = true
	enable.metrics.push = true
	exclude.internal.topics = true
	fetch.max.bytes = 52428800
	fetch.max.wait.ms = 500
	fetch.min.bytes = 1
	group.id = Consumer-topic-330e2ef3_8afa_4e1e_a065_fff3829ac7fb
	group.instance.id = null
	group.protocol = classic
	group.remote.assignor = null
	heartbeat.interval.ms = 3000
	interceptor.classes = []
	internal.leave.group.on.close = true
	internal.throw.on.fetch.stable.offset.unsupported = false
	isolation.level = read_uncommitted
	key.deserializer = class org.apache.kafka.common.serialization.StringDeserializer
	max.partition.fetch.bytes = 1048576
	max.poll.interval.ms = 300000
	max.poll.records = 500
	metadata.max.age.ms = 300000
	metadata.recovery.strategy = none
	metric.reporters = []
	metrics.num.samples = 2
	metrics.recording.level = INFO
	metrics.sample.window.ms = 30000
	partition.assignment.strategy = [class org.apache.kafka.clients.consumer.RangeAssignor, class org.apache.kafka.clients.consumer.CooperativeStickyAssignor]
	receive.buffer.bytes = 65536
	reconnect.backoff.max.ms = 1000
	reconnect.backoff.ms = 50
	request.timeout.ms = 5000
	retry.backoff.max.ms = 1000
	retry.backoff.ms = 100
	sasl.client.callback.handler.class = null
	sasl.jaas.config = null
	sasl.kerberos.kinit.cmd = /usr/bin/kinit
	sasl.kerberos.min.time.before.relogin = 60000
	sasl.kerberos.service.name = null
	sasl.kerberos.ticket.renew.jitter = 0.05
	sasl.kerberos.ticket.renew.window.factor = 0.8
	sasl.login.callback.handler.class = null
	sasl.login.class = null
	sasl.login.connect.timeout.ms = null
	sasl.login.read.timeout.ms = null
	sasl.login.refresh.buffer.seconds = 300
	sasl.login.refresh.min.period.seconds = 60
	sasl.login.refresh.window.factor = 0.8
	sasl.login.refresh.window.jitter = 0.05
	sasl.login.retry.backoff.max.ms = 10000
	sasl.login.retry.backoff.ms = 100
	sasl.mechanism = GSSAPI
	sasl.oauthbearer.clock.skew.seconds = 30
	sasl.oauthbearer.expected.audience = null
	sasl.oauthbearer.expected.issuer = null
	sasl.oauthbearer.header.urlencode = false
	sasl.oauthbearer.jwks.endpoint.refresh.ms = 3600000
	sasl.oauthbearer.jwks.endpoint.retry.backoff.max.ms = 10000
	sasl.oauthbearer.jwks.endpoint.retry.backoff.ms = 100
	sasl.oauthbearer.jwks.endpoint.url = null
	sasl.oauthbearer.scope.claim.name = scope
	sasl.oauthbearer.sub.claim.name = sub
	sasl.oauthbearer.token.endpoint.url = null
	security.protocol = PLAINTEXT
	security.providers = null
	send.buffer.bytes = 131072
	session.timeout.ms = 45000
	socket.connection.setup.timeout.max.ms = 30000
	socket.connection.setup.timeout.ms = 10000
	ssl.cipher.suites = null
	ssl.enabled.protocols = [TLSv1.2, TLSv1.3]
	ssl.endpoint.identification.algorithm = https
	ssl.engine.factory.class = null
	ssl.key.password = null
	ssl.keymanager.algorithm = SunX509
	ssl.keystore.certificate.chain = null
	ssl.keystore.key = null
	ssl.keystore.location = null
	ssl.keystore.password = null
	ssl.keystore.type = JKS
	ssl.protocol = TLSv1.3
	ssl.provider = null
	ssl.secure.random.implementation = null
	ssl.trustmanager.algorithm = PKIX
	ssl.truststore.certificates = null
	ssl.truststore.location = null
	ssl.truststore.password = null
	ssl.truststore.type = JKS
	value.deserializer = class io.apicurio.registry.serde.avro.AvroKafkaDeserializer

2025-08-13 18:22:11,630 INFO  [org.apa.kaf.com.tel.int.KafkaMetricsCollector] (main) initializing Kafka metrics collector
2025-08-13 18:22:11,632 INFO  [org.apa.kaf.cli.Metadata] (kafka-producer-network-thread | Producer-topic-0a977fe3_fc9d_49d9_95a0_0de05ee05b45) [Producer clientId=Producer-topic-0a977fe3_fc9d_49d9_95a0_0de05ee05b45] Cluster ID: sAToZ0WATkWwuQb_OH8PpQ
2025-08-13 18:22:11,632 INFO  [org.apa.kaf.cli.pro.int.TransactionManager] (kafka-producer-network-thread | Producer-topic-0a977fe3_fc9d_49d9_95a0_0de05ee05b45) [Producer clientId=Producer-topic-0a977fe3_fc9d_49d9_95a0_0de05ee05b45] ProducerId set to 53 with epoch 0
2025-08-13 18:22:11,634 INFO  [org.apa.kaf.cli.con.ConsumerConfig] (main) These configurations '[apicurio.registry.url]' were supplied but are not used yet.
2025-08-13 18:22:11,634 INFO  [org.apa.kaf.com.uti.AppInfoParser] (main) Kafka version: 3.9.1
2025-08-13 18:22:11,634 INFO  [org.apa.kaf.com.uti.AppInfoParser] (main) Kafka commitId: f745dfdcee2b9851
2025-08-13 18:22:11,634 INFO  [org.apa.kaf.com.uti.AppInfoParser] (main) Kafka startTimeMs: 1755109331634
**** Registry Base URL: http://registry-app-pg17.apps.ci419.apicurio-testing.org:80
2025-08-13 18:22:11,634 INFO  [org.apa.kaf.cli.con.ConsumerConfig] (main) ConsumerConfig values: 
	allow.auto.create.topics = true
	auto.commit.interval.ms = 500
	auto.include.jmx.reporter = true
	auto.offset.reset = earliest
	bootstrap.servers = [PLAINTEXT://localhost:32769]
	check.crcs = true
	client.dns.lookup = use_all_dns_ips
	client.id = consumer-Consumer-topic-0b76e39f_3931_4f8c_a244_6ddcdfd18c92-39
	client.rack = 
	connections.max.idle.ms = 10000
	default.api.timeout.ms = 60000
	enable.auto.commit = true
	enable.metrics.push = true
	exclude.internal.topics = true
	fetch.max.bytes = 52428800
	fetch.max.wait.ms = 500
	fetch.min.bytes = 1
	group.id = Consumer-topic-0b76e39f_3931_4f8c_a244_6ddcdfd18c92
	group.instance.id = null
	group.protocol = classic
	group.remote.assignor = null
	heartbeat.interval.ms = 3000
	interceptor.classes = []
	internal.leave.group.on.close = true
	internal.throw.on.fetch.stable.offset.unsupported = false
	isolation.level = read_uncommitted
	key.deserializer = class org.apache.kafka.common.serialization.StringDeserializer
	max.partition.fetch.bytes = 1048576
	max.poll.interval.ms = 300000
	max.poll.records = 500
	metadata.max.age.ms = 300000
	metadata.recovery.strategy = none
	metric.reporters = []
	metrics.num.samples = 2
	metrics.recording.level = INFO
	metrics.sample.window.ms = 30000
	partition.assignment.strategy = [class org.apache.kafka.clients.consumer.RangeAssignor, class org.apache.kafka.clients.consumer.CooperativeStickyAssignor]
	receive.buffer.bytes = 65536
	reconnect.backoff.max.ms = 1000
	reconnect.backoff.ms = 50
	request.timeout.ms = 5000
	retry.backoff.max.ms = 1000
	retry.backoff.ms = 100
	sasl.client.callback.handler.class = null
	sasl.jaas.config = null
	sasl.kerberos.kinit.cmd = /usr/bin/kinit
	sasl.kerberos.min.time.before.relogin = 60000
	sasl.kerberos.service.name = null
	sasl.kerberos.ticket.renew.jitter = 0.05
	sasl.kerberos.ticket.renew.window.factor = 0.8
	sasl.login.callback.handler.class = null
	sasl.login.class = null
	sasl.login.connect.timeout.ms = null
	sasl.login.read.timeout.ms = null
	sasl.login.refresh.buffer.seconds = 300
	sasl.login.refresh.min.period.seconds = 60
	sasl.login.refresh.window.factor = 0.8
	sasl.login.refresh.window.jitter = 0.05
	sasl.login.retry.backoff.max.ms = 10000
	sasl.login.retry.backoff.ms = 100
	sasl.mechanism = GSSAPI
	sasl.oauthbearer.clock.skew.seconds = 30
	sasl.oauthbearer.expected.audience = null
	sasl.oauthbearer.expected.issuer = null
	sasl.oauthbearer.header.urlencode = false
	sasl.oauthbearer.jwks.endpoint.refresh.ms = 3600000
	sasl.oauthbearer.jwks.endpoint.retry.backoff.max.ms = 10000
	sasl.oauthbearer.jwks.endpoint.retry.backoff.ms = 100
	sasl.oauthbearer.jwks.endpoint.url = null
	sasl.oauthbearer.scope.claim.name = scope
	sasl.oauthbearer.sub.claim.name = sub
	sasl.oauthbearer.token.endpoint.url = null
	security.protocol = PLAINTEXT
	security.providers = null
	send.buffer.bytes = 131072
	session.timeout.ms = 45000
	socket.connection.setup.timeout.max.ms = 30000
	socket.connection.setup.timeout.ms = 10000
	ssl.cipher.suites = null
	ssl.enabled.protocols = [TLSv1.2, TLSv1.3]
	ssl.endpoint.identification.algorithm = https
	ssl.engine.factory.class = null
	ssl.key.password = null
	ssl.keymanager.algorithm = SunX509
	ssl.keystore.certificate.chain = null
	ssl.keystore.key = null
	ssl.keystore.location = null
	ssl.keystore.password = null
	ssl.keystore.type = JKS
	ssl.protocol = TLSv1.3
	ssl.provider = null
	ssl.secure.random.implementation = null
	ssl.trustmanager.algorithm = PKIX
	ssl.truststore.certificates = null
	ssl.truststore.location = null
	ssl.truststore.password = null
	ssl.truststore.type = JKS
	value.deserializer = class io.apicurio.registry.serde.avro.AvroKafkaDeserializer

2025-08-13 18:22:11,635 INFO  [org.apa.kaf.com.tel.int.KafkaMetricsCollector] (main) initializing Kafka metrics collector
2025-08-13 18:22:11,638 INFO  [org.apa.kaf.cli.con.ConsumerConfig] (main) These configurations '[apicurio.registry.url]' were supplied but are not used yet.
2025-08-13 18:22:11,639 INFO  [org.apa.kaf.com.uti.AppInfoParser] (main) Kafka version: 3.9.1
2025-08-13 18:22:11,639 INFO  [org.apa.kaf.com.uti.AppInfoParser] (main) Kafka commitId: f745dfdcee2b9851
2025-08-13 18:22:11,639 INFO  [org.apa.kaf.com.uti.AppInfoParser] (main) Kafka startTimeMs: 1755109331639
**** Registry Base URL: http://registry-app-pg17.apps.ci419.apicurio-testing.org:80
2025-08-13 18:22:11,639 INFO  [org.apa.kaf.cli.con.ConsumerConfig] (main) ConsumerConfig values: 
	allow.auto.create.topics = true
	auto.commit.interval.ms = 500
	auto.include.jmx.reporter = true
	auto.offset.reset = earliest
	bootstrap.servers = [PLAINTEXT://localhost:32769]
	check.crcs = true
	client.dns.lookup = use_all_dns_ips
	client.id = consumer-Consumer-topic-0a977fe3_fc9d_49d9_95a0_0de05ee05b45-40
	client.rack = 
	connections.max.idle.ms = 10000
	default.api.timeout.ms = 60000
	enable.auto.commit = true
	enable.metrics.push = true
	exclude.internal.topics = true
	fetch.max.bytes = 52428800
	fetch.max.wait.ms = 500
	fetch.min.bytes = 1
	group.id = Consumer-topic-0a977fe3_fc9d_49d9_95a0_0de05ee05b45
	group.instance.id = null
	group.protocol = classic
	group.remote.assignor = null
	heartbeat.interval.ms = 3000
	interceptor.classes = []
	internal.leave.group.on.close = true
	internal.throw.on.fetch.stable.offset.unsupported = false
	isolation.level = read_uncommitted
	key.deserializer = class org.apache.kafka.common.serialization.StringDeserializer
	max.partition.fetch.bytes = 1048576
	max.poll.interval.ms = 300000
	max.poll.records = 500
	metadata.max.age.ms = 300000
	metadata.recovery.strategy = none
	metric.reporters = []
	metrics.num.samples = 2
	metrics.recording.level = INFO
	metrics.sample.window.ms = 30000
	partition.assignment.strategy = [class org.apache.kafka.clients.consumer.RangeAssignor, class org.apache.kafka.clients.consumer.CooperativeStickyAssignor]
	receive.buffer.bytes = 65536
	reconnect.backoff.max.ms = 1000
	reconnect.backoff.ms = 50
	request.timeout.ms = 5000
	retry.backoff.max.ms = 1000
	retry.backoff.ms = 100
	sasl.client.callback.handler.class = null
	sasl.jaas.config = null
	sasl.kerberos.kinit.cmd = /usr/bin/kinit
	sasl.kerberos.min.time.before.relogin = 60000
	sasl.kerberos.service.name = null
	sasl.kerberos.ticket.renew.jitter = 0.05
	sasl.kerberos.ticket.renew.window.factor = 0.8
	sasl.login.callback.handler.class = null
	sasl.login.class = null
	sasl.login.connect.timeout.ms = null
	sasl.login.read.timeout.ms = null
	sasl.login.refresh.buffer.seconds = 300
	sasl.login.refresh.min.period.seconds = 60
	sasl.login.refresh.window.factor = 0.8
	sasl.login.refresh.window.jitter = 0.05
	sasl.login.retry.backoff.max.ms = 10000
	sasl.login.retry.backoff.ms = 100
	sasl.mechanism = GSSAPI
	sasl.oauthbearer.clock.skew.seconds = 30
	sasl.oauthbearer.expected.audience = null
	sasl.oauthbearer.expected.issuer = null
	sasl.oauthbearer.header.urlencode = false
	sasl.oauthbearer.jwks.endpoint.refresh.ms = 3600000
	sasl.oauthbearer.jwks.endpoint.retry.backoff.max.ms = 10000
	sasl.oauthbearer.jwks.endpoint.retry.backoff.ms = 100
	sasl.oauthbearer.jwks.endpoint.url = null
	sasl.oauthbearer.scope.claim.name = scope
	sasl.oauthbearer.sub.claim.name = sub
	sasl.oauthbearer.token.endpoint.url = null
	security.protocol = PLAINTEXT
	security.providers = null
	send.buffer.bytes = 131072
	session.timeout.ms = 45000
	socket.connection.setup.timeout.max.ms = 30000
	socket.connection.setup.timeout.ms = 10000
	ssl.cipher.suites = null
	ssl.enabled.protocols = [TLSv1.2, TLSv1.3]
	ssl.endpoint.identification.algorithm = https
	ssl.engine.factory.class = null
	ssl.key.password = null
	ssl.keymanager.algorithm = SunX509
	ssl.keystore.certificate.chain = null
	ssl.keystore.key = null
	ssl.keystore.location = null
	ssl.keystore.password = null
	ssl.keystore.type = JKS
	ssl.protocol = TLSv1.3
	ssl.provider = null
	ssl.secure.random.implementation = null
	ssl.trustmanager.algorithm = PKIX
	ssl.truststore.certificates = null
	ssl.truststore.location = null
	ssl.truststore.password = null
	ssl.truststore.type = JKS
	value.deserializer = class io.apicurio.registry.serde.avro.AvroKafkaDeserializer

2025-08-13 18:22:11,639 INFO  [org.apa.kaf.com.tel.int.KafkaMetricsCollector] (main) initializing Kafka metrics collector
2025-08-13 18:22:11,643 INFO  [org.apa.kaf.cli.con.ConsumerConfig] (main) These configurations '[apicurio.registry.url]' were supplied but are not used yet.
2025-08-13 18:22:11,643 INFO  [org.apa.kaf.com.uti.AppInfoParser] (main) Kafka version: 3.9.1
2025-08-13 18:22:11,643 INFO  [org.apa.kaf.com.uti.AppInfoParser] (main) Kafka commitId: f745dfdcee2b9851
2025-08-13 18:22:11,643 INFO  [org.apa.kaf.com.uti.AppInfoParser] (main) Kafka startTimeMs: 1755109331643
2025-08-13 18:22:11,643 INFO  [io.api.tes.ser.api.KafkaSerdesTester] (Thread-893) Sending message {"key1": "value-0"} to topic topic-330e2ef3_8afa_4e1e_a065_fff3829ac7fb
2025-08-13 18:22:11,647 INFO  [DefaultSchemaResolver] (Thread-893) Retrieving schema content using string: {"type":"record","name":"myrecordconfluent6","fields":[{"name":"key1","type":"string"}]}
2025-08-13 18:22:11,762 INFO  [io.api.tes.ser.api.KafkaSerdesTester] (Thread-893) Sending message {"key1": "value-1"} to topic topic-330e2ef3_8afa_4e1e_a065_fff3829ac7fb
2025-08-13 18:22:11,762 INFO  [io.api.tes.ser.api.KafkaSerdesTester] (Thread-893) Sending message {"key1": "value-2"} to topic topic-330e2ef3_8afa_4e1e_a065_fff3829ac7fb
2025-08-13 18:22:11,763 INFO  [io.api.tes.ser.api.KafkaSerdesTester] (Thread-893) Sending message {"key1": "value-3"} to topic topic-330e2ef3_8afa_4e1e_a065_fff3829ac7fb
2025-08-13 18:22:11,764 INFO  [io.api.tes.ser.api.KafkaSerdesTester] (Thread-893) Sending message {"key1": "value-4"} to topic topic-330e2ef3_8afa_4e1e_a065_fff3829ac7fb
2025-08-13 18:22:11,765 INFO  [io.api.tes.ser.api.KafkaSerdesTester] (Thread-893) Sending message {"key1": "value-5"} to topic topic-330e2ef3_8afa_4e1e_a065_fff3829ac7fb
2025-08-13 18:22:11,766 INFO  [io.api.tes.ser.api.KafkaSerdesTester] (Thread-893) Sending message {"key1": "value-6"} to topic topic-330e2ef3_8afa_4e1e_a065_fff3829ac7fb
2025-08-13 18:22:11,767 INFO  [io.api.tes.ser.api.KafkaSerdesTester] (Thread-893) Sending message {"key1": "value-7"} to topic topic-330e2ef3_8afa_4e1e_a065_fff3829ac7fb
2025-08-13 18:22:11,768 INFO  [io.api.tes.ser.api.KafkaSerdesTester] (Thread-893) Sending message {"key1": "value-8"} to topic topic-330e2ef3_8afa_4e1e_a065_fff3829ac7fb
2025-08-13 18:22:11,768 INFO  [io.api.tes.ser.api.KafkaSerdesTester] (Thread-893) Sending message {"key1": "value-9"} to topic topic-330e2ef3_8afa_4e1e_a065_fff3829ac7fb
2025-08-13 18:22:11,770 INFO  [io.api.tes.ser.api.KafkaSerdesTester] (Thread-893) Produced 10 messages
2025-08-13 18:22:11,771 INFO  [org.apa.kaf.cli.pro.KafkaProducer] (Thread-893) [Producer clientId=Producer-topic-330e2ef3_8afa_4e1e_a065_fff3829ac7fb] Closing the Kafka producer with timeoutMillis = 9223372036854775807 ms.
2025-08-13 18:22:11,773 INFO  [org.apa.kaf.com.met.Metrics] (Thread-893) Metrics scheduler closed
2025-08-13 18:22:11,773 INFO  [org.apa.kaf.com.met.Metrics] (Thread-893) Closing reporter org.apache.kafka.common.metrics.JmxReporter
2025-08-13 18:22:11,773 INFO  [org.apa.kaf.com.met.Metrics] (Thread-893) Closing reporter org.apache.kafka.common.telemetry.internals.ClientTelemetryReporter
2025-08-13 18:22:11,773 INFO  [org.apa.kaf.com.met.Metrics] (Thread-893) Metrics reporters closed
2025-08-13 18:22:11,774 INFO  [org.apa.kaf.com.uti.AppInfoParser] (Thread-893) App info kafka.producer for Producer-topic-330e2ef3_8afa_4e1e_a065_fff3829ac7fb unregistered
2025-08-13 18:22:11,777 INFO  [io.api.tes.ser.api.KafkaSerdesTester] (Thread-894) Sending message {"key1": "value-0"} to topic topic-0b76e39f_3931_4f8c_a244_6ddcdfd18c92
2025-08-13 18:22:11,784 INFO  [DefaultSchemaResolver] (Thread-894) Retrieving schema content using string: {"type":"record","name":"myrecordconfluent6","fields":[{"name":"key1","type":"string"}]}
2025-08-13 18:22:11,869 INFO  [io.api.tes.ser.api.KafkaSerdesTester] (Thread-894) Sending message {"key1": "value-1"} to topic topic-0b76e39f_3931_4f8c_a244_6ddcdfd18c92
2025-08-13 18:22:11,870 INFO  [io.api.tes.ser.api.KafkaSerdesTester] (Thread-894) Sending message {"key1": "value-2"} to topic topic-0b76e39f_3931_4f8c_a244_6ddcdfd18c92
2025-08-13 18:22:11,871 INFO  [io.api.tes.ser.api.KafkaSerdesTester] (Thread-894) Sending message {"key1": "value-3"} to topic topic-0b76e39f_3931_4f8c_a244_6ddcdfd18c92
2025-08-13 18:22:11,872 INFO  [io.api.tes.ser.api.KafkaSerdesTester] (Thread-894) Sending message {"key1": "value-4"} to topic topic-0b76e39f_3931_4f8c_a244_6ddcdfd18c92
2025-08-13 18:22:11,873 INFO  [io.api.tes.ser.api.KafkaSerdesTester] (Thread-894) Sending message {"key1": "value-5"} to topic topic-0b76e39f_3931_4f8c_a244_6ddcdfd18c92
2025-08-13 18:22:11,874 INFO  [io.api.tes.ser.api.KafkaSerdesTester] (Thread-894) Sending message {"key1": "value-6"} to topic topic-0b76e39f_3931_4f8c_a244_6ddcdfd18c92
2025-08-13 18:22:11,875 INFO  [io.api.tes.ser.api.KafkaSerdesTester] (Thread-894) Sending message {"key1": "value-7"} to topic topic-0b76e39f_3931_4f8c_a244_6ddcdfd18c92
2025-08-13 18:22:11,880 INFO  [io.api.tes.ser.api.KafkaSerdesTester] (Thread-894) Sending message {"key1": "value-8"} to topic topic-0b76e39f_3931_4f8c_a244_6ddcdfd18c92
2025-08-13 18:22:11,882 INFO  [io.api.tes.ser.api.KafkaSerdesTester] (Thread-894) Sending message {"key1": "value-9"} to topic topic-0b76e39f_3931_4f8c_a244_6ddcdfd18c92
2025-08-13 18:22:11,884 INFO  [io.api.tes.ser.api.KafkaSerdesTester] (Thread-894) Produced 10 messages
2025-08-13 18:22:11,884 INFO  [org.apa.kaf.cli.pro.KafkaProducer] (Thread-894) [Producer clientId=Producer-topic-0b76e39f_3931_4f8c_a244_6ddcdfd18c92] Closing the Kafka producer with timeoutMillis = 9223372036854775807 ms.
2025-08-13 18:22:11,886 INFO  [org.apa.kaf.com.met.Metrics] (Thread-894) Metrics scheduler closed
2025-08-13 18:22:11,886 INFO  [org.apa.kaf.com.met.Metrics] (Thread-894) Closing reporter org.apache.kafka.common.metrics.JmxReporter
2025-08-13 18:22:11,886 INFO  [org.apa.kaf.com.met.Metrics] (Thread-894) Closing reporter org.apache.kafka.common.telemetry.internals.ClientTelemetryReporter
2025-08-13 18:22:11,886 INFO  [org.apa.kaf.com.met.Metrics] (Thread-894) Metrics reporters closed
2025-08-13 18:22:11,886 INFO  [org.apa.kaf.com.uti.AppInfoParser] (Thread-894) App info kafka.producer for Producer-topic-0b76e39f_3931_4f8c_a244_6ddcdfd18c92 unregistered
2025-08-13 18:22:11,888 INFO  [io.api.tes.ser.api.KafkaSerdesTester] (Thread-895) Sending message {"key1": "value-0"} to topic topic-0a977fe3_fc9d_49d9_95a0_0de05ee05b45
2025-08-13 18:22:11,892 INFO  [DefaultSchemaResolver] (Thread-895) Retrieving schema content using string: {"type":"record","name":"myrecordconfluent6","fields":[{"name":"key1","type":"string"}]}
2025-08-13 18:22:11,987 INFO  [io.api.tes.ser.api.KafkaSerdesTester] (Thread-895) Sending message {"key1": "value-1"} to topic topic-0a977fe3_fc9d_49d9_95a0_0de05ee05b45
2025-08-13 18:22:11,989 INFO  [io.api.tes.ser.api.KafkaSerdesTester] (Thread-895) Sending message {"key1": "value-2"} to topic topic-0a977fe3_fc9d_49d9_95a0_0de05ee05b45
2025-08-13 18:22:11,990 INFO  [io.api.tes.ser.api.KafkaSerdesTester] (Thread-895) Sending message {"key1": "value-3"} to topic topic-0a977fe3_fc9d_49d9_95a0_0de05ee05b45
2025-08-13 18:22:11,991 INFO  [io.api.tes.ser.api.KafkaSerdesTester] (Thread-895) Sending message {"key1": "value-4"} to topic topic-0a977fe3_fc9d_49d9_95a0_0de05ee05b45
2025-08-13 18:22:11,992 INFO  [io.api.tes.ser.api.KafkaSerdesTester] (Thread-895) Sending message {"key1": "value-5"} to topic topic-0a977fe3_fc9d_49d9_95a0_0de05ee05b45
2025-08-13 18:22:11,993 INFO  [io.api.tes.ser.api.KafkaSerdesTester] (Thread-895) Sending message {"key1": "value-6"} to topic topic-0a977fe3_fc9d_49d9_95a0_0de05ee05b45
2025-08-13 18:22:11,995 INFO  [io.api.tes.ser.api.KafkaSerdesTester] (Thread-895) Sending message {"key1": "value-7"} to topic topic-0a977fe3_fc9d_49d9_95a0_0de05ee05b45
2025-08-13 18:22:11,997 INFO  [io.api.tes.ser.api.KafkaSerdesTester] (Thread-895) Sending message {"key1": "value-8"} to topic topic-0a977fe3_fc9d_49d9_95a0_0de05ee05b45
2025-08-13 18:22:11,998 INFO  [io.api.tes.ser.api.KafkaSerdesTester] (Thread-895) Sending message {"key1": "value-9"} to topic topic-0a977fe3_fc9d_49d9_95a0_0de05ee05b45
2025-08-13 18:22:11,999 INFO  [io.api.tes.ser.api.KafkaSerdesTester] (Thread-895) Produced 10 messages
2025-08-13 18:22:11,999 INFO  [org.apa.kaf.cli.pro.KafkaProducer] (Thread-895) [Producer clientId=Producer-topic-0a977fe3_fc9d_49d9_95a0_0de05ee05b45] Closing the Kafka producer with timeoutMillis = 9223372036854775807 ms.
2025-08-13 18:22:12,001 INFO  [org.apa.kaf.com.met.Metrics] (Thread-895) Metrics scheduler closed
2025-08-13 18:22:12,001 INFO  [org.apa.kaf.com.met.Metrics] (Thread-895) Closing reporter org.apache.kafka.common.metrics.JmxReporter
2025-08-13 18:22:12,001 INFO  [org.apa.kaf.com.met.Metrics] (Thread-895) Closing reporter org.apache.kafka.common.telemetry.internals.ClientTelemetryReporter
2025-08-13 18:22:12,001 INFO  [org.apa.kaf.com.met.Metrics] (Thread-895) Metrics reporters closed
2025-08-13 18:22:12,001 INFO  [org.apa.kaf.com.uti.AppInfoParser] (Thread-895) App info kafka.producer for Producer-topic-0a977fe3_fc9d_49d9_95a0_0de05ee05b45 unregistered
2025-08-13 18:22:12,003 INFO  [org.apa.kaf.cli.con.int.ClassicKafkaConsumer] (Thread-896) [Consumer clientId=consumer-Consumer-topic-330e2ef3_8afa_4e1e_a065_fff3829ac7fb-38, groupId=Consumer-topic-330e2ef3_8afa_4e1e_a065_fff3829ac7fb] Subscribed to topic(s): topic-330e2ef3_8afa_4e1e_a065_fff3829ac7fb
2025-08-13 18:22:12,007 INFO  [org.apa.kaf.cli.Metadata] (Thread-896) [Consumer clientId=consumer-Consumer-topic-330e2ef3_8afa_4e1e_a065_fff3829ac7fb-38, groupId=Consumer-topic-330e2ef3_8afa_4e1e_a065_fff3829ac7fb] Cluster ID: sAToZ0WATkWwuQb_OH8PpQ
2025-08-13 18:22:12,007 INFO  [org.apa.kaf.cli.con.int.ConsumerCoordinator] (Thread-896) [Consumer clientId=consumer-Consumer-topic-330e2ef3_8afa_4e1e_a065_fff3829ac7fb-38, groupId=Consumer-topic-330e2ef3_8afa_4e1e_a065_fff3829ac7fb] Discovered group coordinator localhost:32769 (id: 2147483647 rack: null)
2025-08-13 18:22:12,008 INFO  [org.apa.kaf.cli.con.int.ConsumerCoordinator] (Thread-896) [Consumer clientId=consumer-Consumer-topic-330e2ef3_8afa_4e1e_a065_fff3829ac7fb-38, groupId=Consumer-topic-330e2ef3_8afa_4e1e_a065_fff3829ac7fb] (Re-)joining group
2025-08-13 18:22:12,009 INFO  [org.apa.kaf.cli.con.int.ConsumerCoordinator] (Thread-896) [Consumer clientId=consumer-Consumer-topic-330e2ef3_8afa_4e1e_a065_fff3829ac7fb-38, groupId=Consumer-topic-330e2ef3_8afa_4e1e_a065_fff3829ac7fb] Request joining group due to: need to re-join with the given member-id: consumer-Consumer-topic-330e2ef3_8afa_4e1e_a065_fff3829ac7fb-38-7d5c5791-6a38-41c6-be34-f055c845e69c
2025-08-13 18:22:12,009 INFO  [org.apa.kaf.cli.con.int.ConsumerCoordinator] (Thread-896) [Consumer clientId=consumer-Consumer-topic-330e2ef3_8afa_4e1e_a065_fff3829ac7fb-38, groupId=Consumer-topic-330e2ef3_8afa_4e1e_a065_fff3829ac7fb] (Re-)joining group
2025-08-13 18:22:13,003 INFO  [io.api.tes.ser.api.KafkaSerdesTester] (Thread-896) None found
2025-08-13 18:22:14,003 INFO  [io.api.tes.ser.api.KafkaSerdesTester] (Thread-896) None found
2025-08-13 18:22:15,003 INFO  [io.api.tes.ser.api.KafkaSerdesTester] (Thread-896) None found
2025-08-13 18:22:15,011 INFO  [org.apa.kaf.cli.con.int.ConsumerCoordinator] (Thread-896) [Consumer clientId=consumer-Consumer-topic-330e2ef3_8afa_4e1e_a065_fff3829ac7fb-38, groupId=Consumer-topic-330e2ef3_8afa_4e1e_a065_fff3829ac7fb] Successfully joined group with generation Generation{generationId=1, memberId='consumer-Consumer-topic-330e2ef3_8afa_4e1e_a065_fff3829ac7fb-38-7d5c5791-6a38-41c6-be34-f055c845e69c', protocol='range'}
2025-08-13 18:22:15,011 INFO  [org.apa.kaf.cli.con.int.ConsumerCoordinator] (Thread-896) [Consumer clientId=consumer-Consumer-topic-330e2ef3_8afa_4e1e_a065_fff3829ac7fb-38, groupId=Consumer-topic-330e2ef3_8afa_4e1e_a065_fff3829ac7fb] Finished assignment for group at generation 1: {consumer-Consumer-topic-330e2ef3_8afa_4e1e_a065_fff3829ac7fb-38-7d5c5791-6a38-41c6-be34-f055c845e69c=Assignment(partitions=[topic-330e2ef3_8afa_4e1e_a065_fff3829ac7fb-0])}
2025-08-13 18:22:15,017 INFO  [org.apa.kaf.cli.con.int.ConsumerCoordinator] (Thread-896) [Consumer clientId=consumer-Consumer-topic-330e2ef3_8afa_4e1e_a065_fff3829ac7fb-38, groupId=Consumer-topic-330e2ef3_8afa_4e1e_a065_fff3829ac7fb] Successfully synced group in generation Generation{generationId=1, memberId='consumer-Consumer-topic-330e2ef3_8afa_4e1e_a065_fff3829ac7fb-38-7d5c5791-6a38-41c6-be34-f055c845e69c', protocol='range'}
2025-08-13 18:22:15,017 INFO  [org.apa.kaf.cli.con.int.ConsumerCoordinator] (Thread-896) [Consumer clientId=consumer-Consumer-topic-330e2ef3_8afa_4e1e_a065_fff3829ac7fb-38, groupId=Consumer-topic-330e2ef3_8afa_4e1e_a065_fff3829ac7fb] Notifying assignor about the new Assignment(partitions=[topic-330e2ef3_8afa_4e1e_a065_fff3829ac7fb-0])
2025-08-13 18:22:15,017 INFO  [org.apa.kaf.cli.con.int.ConsumerRebalanceListenerInvoker] (Thread-896) [Consumer clientId=consumer-Consumer-topic-330e2ef3_8afa_4e1e_a065_fff3829ac7fb-38, groupId=Consumer-topic-330e2ef3_8afa_4e1e_a065_fff3829ac7fb] Adding newly assigned partitions: topic-330e2ef3_8afa_4e1e_a065_fff3829ac7fb-0
2025-08-13 18:22:15,018 INFO  [org.apa.kaf.cli.con.int.ConsumerCoordinator] (Thread-896) [Consumer clientId=consumer-Consumer-topic-330e2ef3_8afa_4e1e_a065_fff3829ac7fb-38, groupId=Consumer-topic-330e2ef3_8afa_4e1e_a065_fff3829ac7fb] Found no committed offset for partition topic-330e2ef3_8afa_4e1e_a065_fff3829ac7fb-0
2025-08-13 18:22:15,021 INFO  [org.apa.kaf.cli.con.int.SubscriptionState] (Thread-896) [Consumer clientId=consumer-Consumer-topic-330e2ef3_8afa_4e1e_a065_fff3829ac7fb-38, groupId=Consumer-topic-330e2ef3_8afa_4e1e_a065_fff3829ac7fb] Resetting offset for partition topic-330e2ef3_8afa_4e1e_a065_fff3829ac7fb-0 to position FetchPosition{offset=0, offsetEpoch=Optional.empty, currentLeader=LeaderAndEpoch{leader=Optional[localhost:32769 (id: 0 rack: null)], epoch=0}}.
2025-08-13 18:22:15,141 INFO  [io.api.tes.ser.api.KafkaSerdesTester] (Thread-896) topic-330e2ef3_8afa_4e1e_a065_fff3829ac7fb 0 0 {"key1": "value-0"}
2025-08-13 18:22:15,141 INFO  [io.api.tes.ser.api.KafkaSerdesTester] (Thread-896) topic-330e2ef3_8afa_4e1e_a065_fff3829ac7fb 0 1 {"key1": "value-1"}
2025-08-13 18:22:15,141 INFO  [io.api.tes.ser.api.KafkaSerdesTester] (Thread-896) topic-330e2ef3_8afa_4e1e_a065_fff3829ac7fb 0 2 {"key1": "value-2"}
2025-08-13 18:22:15,141 INFO  [io.api.tes.ser.api.KafkaSerdesTester] (Thread-896) topic-330e2ef3_8afa_4e1e_a065_fff3829ac7fb 0 3 {"key1": "value-3"}
2025-08-13 18:22:15,141 INFO  [io.api.tes.ser.api.KafkaSerdesTester] (Thread-896) topic-330e2ef3_8afa_4e1e_a065_fff3829ac7fb 0 4 {"key1": "value-4"}
2025-08-13 18:22:15,141 INFO  [io.api.tes.ser.api.KafkaSerdesTester] (Thread-896) topic-330e2ef3_8afa_4e1e_a065_fff3829ac7fb 0 5 {"key1": "value-5"}
2025-08-13 18:22:15,141 INFO  [io.api.tes.ser.api.KafkaSerdesTester] (Thread-896) topic-330e2ef3_8afa_4e1e_a065_fff3829ac7fb 0 6 {"key1": "value-6"}
2025-08-13 18:22:15,141 INFO  [io.api.tes.ser.api.KafkaSerdesTester] (Thread-896) topic-330e2ef3_8afa_4e1e_a065_fff3829ac7fb 0 7 {"key1": "value-7"}
2025-08-13 18:22:15,141 INFO  [io.api.tes.ser.api.KafkaSerdesTester] (Thread-896) topic-330e2ef3_8afa_4e1e_a065_fff3829ac7fb 0 8 {"key1": "value-8"}
2025-08-13 18:22:15,141 INFO  [io.api.tes.ser.api.KafkaSerdesTester] (Thread-896) topic-330e2ef3_8afa_4e1e_a065_fff3829ac7fb 0 9 {"key1": "value-9"}
2025-08-13 18:22:15,141 INFO  [io.api.tes.ser.api.KafkaSerdesTester] (Thread-896) Consumed 10 messages
2025-08-13 18:22:15,148 INFO  [org.apa.kaf.cli.con.int.ConsumerRebalanceListenerInvoker] (Thread-896) [Consumer clientId=consumer-Consumer-topic-330e2ef3_8afa_4e1e_a065_fff3829ac7fb-38, groupId=Consumer-topic-330e2ef3_8afa_4e1e_a065_fff3829ac7fb] Revoke previously assigned partitions topic-330e2ef3_8afa_4e1e_a065_fff3829ac7fb-0
2025-08-13 18:22:15,148 INFO  [org.apa.kaf.cli.con.int.ConsumerCoordinator] (Thread-896) [Consumer clientId=consumer-Consumer-topic-330e2ef3_8afa_4e1e_a065_fff3829ac7fb-38, groupId=Consumer-topic-330e2ef3_8afa_4e1e_a065_fff3829ac7fb] Member consumer-Consumer-topic-330e2ef3_8afa_4e1e_a065_fff3829ac7fb-38-7d5c5791-6a38-41c6-be34-f055c845e69c sending LeaveGroup request to coordinator localhost:32769 (id: 2147483647 rack: null) due to the consumer is being closed
2025-08-13 18:22:15,148 INFO  [org.apa.kaf.cli.con.int.ConsumerCoordinator] (Thread-896) [Consumer clientId=consumer-Consumer-topic-330e2ef3_8afa_4e1e_a065_fff3829ac7fb-38, groupId=Consumer-topic-330e2ef3_8afa_4e1e_a065_fff3829ac7fb] Resetting generation and member id due to: consumer pro-actively leaving the group
2025-08-13 18:22:15,148 INFO  [org.apa.kaf.cli.con.int.ConsumerCoordinator] (Thread-896) [Consumer clientId=consumer-Consumer-topic-330e2ef3_8afa_4e1e_a065_fff3829ac7fb-38, groupId=Consumer-topic-330e2ef3_8afa_4e1e_a065_fff3829ac7fb] Request joining group due to: consumer pro-actively leaving the group
2025-08-13 18:22:15,644 INFO  [org.apa.kaf.com.met.Metrics] (Thread-896) Metrics scheduler closed
2025-08-13 18:22:15,644 INFO  [org.apa.kaf.com.met.Metrics] (Thread-896) Closing reporter org.apache.kafka.common.metrics.JmxReporter
2025-08-13 18:22:15,645 INFO  [org.apa.kaf.com.met.Metrics] (Thread-896) Closing reporter org.apache.kafka.common.telemetry.internals.ClientTelemetryReporter
2025-08-13 18:22:15,645 INFO  [org.apa.kaf.com.met.Metrics] (Thread-896) Metrics reporters closed
2025-08-13 18:22:15,646 INFO  [org.apa.kaf.com.uti.AppInfoParser] (Thread-896) App info kafka.consumer for consumer-Consumer-topic-330e2ef3_8afa_4e1e_a065_fff3829ac7fb-38 unregistered
2025-08-13 18:22:15,648 INFO  [org.apa.kaf.cli.con.int.ClassicKafkaConsumer] (Thread-897) [Consumer clientId=consumer-Consumer-topic-0b76e39f_3931_4f8c_a244_6ddcdfd18c92-39, groupId=Consumer-topic-0b76e39f_3931_4f8c_a244_6ddcdfd18c92] Subscribed to topic(s): topic-0b76e39f_3931_4f8c_a244_6ddcdfd18c92
2025-08-13 18:22:15,656 INFO  [org.apa.kaf.cli.Metadata] (Thread-897) [Consumer clientId=consumer-Consumer-topic-0b76e39f_3931_4f8c_a244_6ddcdfd18c92-39, groupId=Consumer-topic-0b76e39f_3931_4f8c_a244_6ddcdfd18c92] Cluster ID: sAToZ0WATkWwuQb_OH8PpQ
2025-08-13 18:22:15,657 INFO  [org.apa.kaf.cli.con.int.ConsumerCoordinator] (Thread-897) [Consumer clientId=consumer-Consumer-topic-0b76e39f_3931_4f8c_a244_6ddcdfd18c92-39, groupId=Consumer-topic-0b76e39f_3931_4f8c_a244_6ddcdfd18c92] Discovered group coordinator localhost:32769 (id: 2147483647 rack: null)
2025-08-13 18:22:15,658 INFO  [org.apa.kaf.cli.con.int.ConsumerCoordinator] (Thread-897) [Consumer clientId=consumer-Consumer-topic-0b76e39f_3931_4f8c_a244_6ddcdfd18c92-39, groupId=Consumer-topic-0b76e39f_3931_4f8c_a244_6ddcdfd18c92] (Re-)joining group
2025-08-13 18:22:15,661 INFO  [org.apa.kaf.cli.con.int.ConsumerCoordinator] (Thread-897) [Consumer clientId=consumer-Consumer-topic-0b76e39f_3931_4f8c_a244_6ddcdfd18c92-39, groupId=Consumer-topic-0b76e39f_3931_4f8c_a244_6ddcdfd18c92] Request joining group due to: need to re-join with the given member-id: consumer-Consumer-topic-0b76e39f_3931_4f8c_a244_6ddcdfd18c92-39-83126daf-118a-4f92-adc1-cef15fe68f0e
2025-08-13 18:22:15,661 INFO  [org.apa.kaf.cli.con.int.ConsumerCoordinator] (Thread-897) [Consumer clientId=consumer-Consumer-topic-0b76e39f_3931_4f8c_a244_6ddcdfd18c92-39, groupId=Consumer-topic-0b76e39f_3931_4f8c_a244_6ddcdfd18c92] (Re-)joining group
2025-08-13 18:22:16,648 INFO  [io.api.tes.ser.api.KafkaSerdesTester] (Thread-897) None found
2025-08-13 18:22:17,648 INFO  [io.api.tes.ser.api.KafkaSerdesTester] (Thread-897) None found
2025-08-13 18:22:18,648 INFO  [io.api.tes.ser.api.KafkaSerdesTester] (Thread-897) None found
2025-08-13 18:22:18,663 INFO  [org.apa.kaf.cli.con.int.ConsumerCoordinator] (Thread-897) [Consumer clientId=consumer-Consumer-topic-0b76e39f_3931_4f8c_a244_6ddcdfd18c92-39, groupId=Consumer-topic-0b76e39f_3931_4f8c_a244_6ddcdfd18c92] Successfully joined group with generation Generation{generationId=1, memberId='consumer-Consumer-topic-0b76e39f_3931_4f8c_a244_6ddcdfd18c92-39-83126daf-118a-4f92-adc1-cef15fe68f0e', protocol='range'}
2025-08-13 18:22:18,663 INFO  [org.apa.kaf.cli.con.int.ConsumerCoordinator] (Thread-897) [Consumer clientId=consumer-Consumer-topic-0b76e39f_3931_4f8c_a244_6ddcdfd18c92-39, groupId=Consumer-topic-0b76e39f_3931_4f8c_a244_6ddcdfd18c92] Finished assignment for group at generation 1: {consumer-Consumer-topic-0b76e39f_3931_4f8c_a244_6ddcdfd18c92-39-83126daf-118a-4f92-adc1-cef15fe68f0e=Assignment(partitions=[topic-0b76e39f_3931_4f8c_a244_6ddcdfd18c92-0])}
2025-08-13 18:22:18,670 INFO  [org.apa.kaf.cli.con.int.ConsumerCoordinator] (Thread-897) [Consumer clientId=consumer-Consumer-topic-0b76e39f_3931_4f8c_a244_6ddcdfd18c92-39, groupId=Consumer-topic-0b76e39f_3931_4f8c_a244_6ddcdfd18c92] Successfully synced group in generation Generation{generationId=1, memberId='consumer-Consumer-topic-0b76e39f_3931_4f8c_a244_6ddcdfd18c92-39-83126daf-118a-4f92-adc1-cef15fe68f0e', protocol='range'}
2025-08-13 18:22:18,670 INFO  [org.apa.kaf.cli.con.int.ConsumerCoordinator] (Thread-897) [Consumer clientId=consumer-Consumer-topic-0b76e39f_3931_4f8c_a244_6ddcdfd18c92-39, groupId=Consumer-topic-0b76e39f_3931_4f8c_a244_6ddcdfd18c92] Notifying assignor about the new Assignment(partitions=[topic-0b76e39f_3931_4f8c_a244_6ddcdfd18c92-0])
2025-08-13 18:22:18,670 INFO  [org.apa.kaf.cli.con.int.ConsumerRebalanceListenerInvoker] (Thread-897) [Consumer clientId=consumer-Consumer-topic-0b76e39f_3931_4f8c_a244_6ddcdfd18c92-39, groupId=Consumer-topic-0b76e39f_3931_4f8c_a244_6ddcdfd18c92] Adding newly assigned partitions: topic-0b76e39f_3931_4f8c_a244_6ddcdfd18c92-0
2025-08-13 18:22:18,671 INFO  [org.apa.kaf.cli.con.int.ConsumerCoordinator] (Thread-897) [Consumer clientId=consumer-Consumer-topic-0b76e39f_3931_4f8c_a244_6ddcdfd18c92-39, groupId=Consumer-topic-0b76e39f_3931_4f8c_a244_6ddcdfd18c92] Found no committed offset for partition topic-0b76e39f_3931_4f8c_a244_6ddcdfd18c92-0
2025-08-13 18:22:18,673 INFO  [org.apa.kaf.cli.con.int.SubscriptionState] (Thread-897) [Consumer clientId=consumer-Consumer-topic-0b76e39f_3931_4f8c_a244_6ddcdfd18c92-39, groupId=Consumer-topic-0b76e39f_3931_4f8c_a244_6ddcdfd18c92] Resetting offset for partition topic-0b76e39f_3931_4f8c_a244_6ddcdfd18c92-0 to position FetchPosition{offset=0, offsetEpoch=Optional.empty, currentLeader=LeaderAndEpoch{leader=Optional[localhost:32769 (id: 0 rack: null)], epoch=0}}.
2025-08-13 18:22:18,798 INFO  [io.api.tes.ser.api.KafkaSerdesTester] (Thread-897) topic-0b76e39f_3931_4f8c_a244_6ddcdfd18c92 0 0 {"key1": "value-0"}
2025-08-13 18:22:18,799 INFO  [io.api.tes.ser.api.KafkaSerdesTester] (Thread-897) topic-0b76e39f_3931_4f8c_a244_6ddcdfd18c92 0 1 {"key1": "value-1"}
2025-08-13 18:22:18,799 INFO  [io.api.tes.ser.api.KafkaSerdesTester] (Thread-897) topic-0b76e39f_3931_4f8c_a244_6ddcdfd18c92 0 2 {"key1": "value-2"}
2025-08-13 18:22:18,799 INFO  [io.api.tes.ser.api.KafkaSerdesTester] (Thread-897) topic-0b76e39f_3931_4f8c_a244_6ddcdfd18c92 0 3 {"key1": "value-3"}
2025-08-13 18:22:18,799 INFO  [io.api.tes.ser.api.KafkaSerdesTester] (Thread-897) topic-0b76e39f_3931_4f8c_a244_6ddcdfd18c92 0 4 {"key1": "value-4"}
2025-08-13 18:22:18,799 INFO  [io.api.tes.ser.api.KafkaSerdesTester] (Thread-897) topic-0b76e39f_3931_4f8c_a244_6ddcdfd18c92 0 5 {"key1": "value-5"}
2025-08-13 18:22:18,799 INFO  [io.api.tes.ser.api.KafkaSerdesTester] (Thread-897) topic-0b76e39f_3931_4f8c_a244_6ddcdfd18c92 0 6 {"key1": "value-6"}
2025-08-13 18:22:18,799 INFO  [io.api.tes.ser.api.KafkaSerdesTester] (Thread-897) topic-0b76e39f_3931_4f8c_a244_6ddcdfd18c92 0 7 {"key1": "value-7"}
2025-08-13 18:22:18,799 INFO  [io.api.tes.ser.api.KafkaSerdesTester] (Thread-897) topic-0b76e39f_3931_4f8c_a244_6ddcdfd18c92 0 8 {"key1": "value-8"}
2025-08-13 18:22:18,799 INFO  [io.api.tes.ser.api.KafkaSerdesTester] (Thread-897) topic-0b76e39f_3931_4f8c_a244_6ddcdfd18c92 0 9 {"key1": "value-9"}
2025-08-13 18:22:18,799 INFO  [io.api.tes.ser.api.KafkaSerdesTester] (Thread-897) Consumed 10 messages
2025-08-13 18:22:18,806 INFO  [org.apa.kaf.cli.con.int.ConsumerRebalanceListenerInvoker] (Thread-897) [Consumer clientId=consumer-Consumer-topic-0b76e39f_3931_4f8c_a244_6ddcdfd18c92-39, groupId=Consumer-topic-0b76e39f_3931_4f8c_a244_6ddcdfd18c92] Revoke previously assigned partitions topic-0b76e39f_3931_4f8c_a244_6ddcdfd18c92-0
2025-08-13 18:22:18,806 INFO  [org.apa.kaf.cli.con.int.ConsumerCoordinator] (Thread-897) [Consumer clientId=consumer-Consumer-topic-0b76e39f_3931_4f8c_a244_6ddcdfd18c92-39, groupId=Consumer-topic-0b76e39f_3931_4f8c_a244_6ddcdfd18c92] Member consumer-Consumer-topic-0b76e39f_3931_4f8c_a244_6ddcdfd18c92-39-83126daf-118a-4f92-adc1-cef15fe68f0e sending LeaveGroup request to coordinator localhost:32769 (id: 2147483647 rack: null) due to the consumer is being closed
2025-08-13 18:22:18,807 INFO  [org.apa.kaf.cli.con.int.ConsumerCoordinator] (Thread-897) [Consumer clientId=consumer-Consumer-topic-0b76e39f_3931_4f8c_a244_6ddcdfd18c92-39, groupId=Consumer-topic-0b76e39f_3931_4f8c_a244_6ddcdfd18c92] Resetting generation and member id due to: consumer pro-actively leaving the group
2025-08-13 18:22:18,807 INFO  [org.apa.kaf.cli.con.int.ConsumerCoordinator] (Thread-897) [Consumer clientId=consumer-Consumer-topic-0b76e39f_3931_4f8c_a244_6ddcdfd18c92-39, groupId=Consumer-topic-0b76e39f_3931_4f8c_a244_6ddcdfd18c92] Request joining group due to: consumer pro-actively leaving the group
2025-08-13 18:22:19,302 INFO  [org.apa.kaf.com.met.Metrics] (Thread-897) Metrics scheduler closed
2025-08-13 18:22:19,302 INFO  [org.apa.kaf.com.met.Metrics] (Thread-897) Closing reporter org.apache.kafka.common.metrics.JmxReporter
2025-08-13 18:22:19,302 INFO  [org.apa.kaf.com.met.Metrics] (Thread-897) Closing reporter org.apache.kafka.common.telemetry.internals.ClientTelemetryReporter
2025-08-13 18:22:19,302 INFO  [org.apa.kaf.com.met.Metrics] (Thread-897) Metrics reporters closed
2025-08-13 18:22:19,305 INFO  [org.apa.kaf.com.uti.AppInfoParser] (Thread-897) App info kafka.consumer for consumer-Consumer-topic-0b76e39f_3931_4f8c_a244_6ddcdfd18c92-39 unregistered
2025-08-13 18:22:19,305 INFO  [org.apa.kaf.cli.con.int.ClassicKafkaConsumer] (Thread-898) [Consumer clientId=consumer-Consumer-topic-0a977fe3_fc9d_49d9_95a0_0de05ee05b45-40, groupId=Consumer-topic-0a977fe3_fc9d_49d9_95a0_0de05ee05b45] Subscribed to topic(s): topic-0a977fe3_fc9d_49d9_95a0_0de05ee05b45
2025-08-13 18:22:19,310 INFO  [org.apa.kaf.cli.Metadata] (Thread-898) [Consumer clientId=consumer-Consumer-topic-0a977fe3_fc9d_49d9_95a0_0de05ee05b45-40, groupId=Consumer-topic-0a977fe3_fc9d_49d9_95a0_0de05ee05b45] Cluster ID: sAToZ0WATkWwuQb_OH8PpQ
2025-08-13 18:22:19,311 INFO  [org.apa.kaf.cli.con.int.ConsumerCoordinator] (Thread-898) [Consumer clientId=consumer-Consumer-topic-0a977fe3_fc9d_49d9_95a0_0de05ee05b45-40, groupId=Consumer-topic-0a977fe3_fc9d_49d9_95a0_0de05ee05b45] Discovered group coordinator localhost:32769 (id: 2147483647 rack: null)
2025-08-13 18:22:19,312 INFO  [org.apa.kaf.cli.con.int.ConsumerCoordinator] (Thread-898) [Consumer clientId=consumer-Consumer-topic-0a977fe3_fc9d_49d9_95a0_0de05ee05b45-40, groupId=Consumer-topic-0a977fe3_fc9d_49d9_95a0_0de05ee05b45] (Re-)joining group
2025-08-13 18:22:19,314 INFO  [org.apa.kaf.cli.con.int.ConsumerCoordinator] (Thread-898) [Consumer clientId=consumer-Consumer-topic-0a977fe3_fc9d_49d9_95a0_0de05ee05b45-40, groupId=Consumer-topic-0a977fe3_fc9d_49d9_95a0_0de05ee05b45] Request joining group due to: need to re-join with the given member-id: consumer-Consumer-topic-0a977fe3_fc9d_49d9_95a0_0de05ee05b45-40-18c901d0-c7fd-4de5-93cd-27d64df365d1
2025-08-13 18:22:19,314 INFO  [org.apa.kaf.cli.con.int.ConsumerCoordinator] (Thread-898) [Consumer clientId=consumer-Consumer-topic-0a977fe3_fc9d_49d9_95a0_0de05ee05b45-40, groupId=Consumer-topic-0a977fe3_fc9d_49d9_95a0_0de05ee05b45] (Re-)joining group
2025-08-13 18:22:20,306 INFO  [io.api.tes.ser.api.KafkaSerdesTester] (Thread-898) None found
2025-08-13 18:22:21,307 INFO  [io.api.tes.ser.api.KafkaSerdesTester] (Thread-898) None found
2025-08-13 18:22:22,307 INFO  [io.api.tes.ser.api.KafkaSerdesTester] (Thread-898) None found
2025-08-13 18:22:22,315 INFO  [org.apa.kaf.cli.con.int.ConsumerCoordinator] (Thread-898) [Consumer clientId=consumer-Consumer-topic-0a977fe3_fc9d_49d9_95a0_0de05ee05b45-40, groupId=Consumer-topic-0a977fe3_fc9d_49d9_95a0_0de05ee05b45] Successfully joined group with generation Generation{generationId=1, memberId='consumer-Consumer-topic-0a977fe3_fc9d_49d9_95a0_0de05ee05b45-40-18c901d0-c7fd-4de5-93cd-27d64df365d1', protocol='range'}
2025-08-13 18:22:22,315 INFO  [org.apa.kaf.cli.con.int.ConsumerCoordinator] (Thread-898) [Consumer clientId=consumer-Consumer-topic-0a977fe3_fc9d_49d9_95a0_0de05ee05b45-40, groupId=Consumer-topic-0a977fe3_fc9d_49d9_95a0_0de05ee05b45] Finished assignment for group at generation 1: {consumer-Consumer-topic-0a977fe3_fc9d_49d9_95a0_0de05ee05b45-40-18c901d0-c7fd-4de5-93cd-27d64df365d1=Assignment(partitions=[topic-0a977fe3_fc9d_49d9_95a0_0de05ee05b45-0])}
2025-08-13 18:22:22,322 INFO  [org.apa.kaf.cli.con.int.ConsumerCoordinator] (Thread-898) [Consumer clientId=consumer-Consumer-topic-0a977fe3_fc9d_49d9_95a0_0de05ee05b45-40, groupId=Consumer-topic-0a977fe3_fc9d_49d9_95a0_0de05ee05b45] Successfully synced group in generation Generation{generationId=1, memberId='consumer-Consumer-topic-0a977fe3_fc9d_49d9_95a0_0de05ee05b45-40-18c901d0-c7fd-4de5-93cd-27d64df365d1', protocol='range'}
2025-08-13 18:22:22,322 INFO  [org.apa.kaf.cli.con.int.ConsumerCoordinator] (Thread-898) [Consumer clientId=consumer-Consumer-topic-0a977fe3_fc9d_49d9_95a0_0de05ee05b45-40, groupId=Consumer-topic-0a977fe3_fc9d_49d9_95a0_0de05ee05b45] Notifying assignor about the new Assignment(partitions=[topic-0a977fe3_fc9d_49d9_95a0_0de05ee05b45-0])
2025-08-13 18:22:22,322 INFO  [org.apa.kaf.cli.con.int.ConsumerRebalanceListenerInvoker] (Thread-898) [Consumer clientId=consumer-Consumer-topic-0a977fe3_fc9d_49d9_95a0_0de05ee05b45-40, groupId=Consumer-topic-0a977fe3_fc9d_49d9_95a0_0de05ee05b45] Adding newly assigned partitions: topic-0a977fe3_fc9d_49d9_95a0_0de05ee05b45-0
2025-08-13 18:22:22,323 INFO  [org.apa.kaf.cli.con.int.ConsumerCoordinator] (Thread-898) [Consumer clientId=consumer-Consumer-topic-0a977fe3_fc9d_49d9_95a0_0de05ee05b45-40, groupId=Consumer-topic-0a977fe3_fc9d_49d9_95a0_0de05ee05b45] Found no committed offset for partition topic-0a977fe3_fc9d_49d9_95a0_0de05ee05b45-0
2025-08-13 18:22:22,325 INFO  [org.apa.kaf.cli.con.int.SubscriptionState] (Thread-898) [Consumer clientId=consumer-Consumer-topic-0a977fe3_fc9d_49d9_95a0_0de05ee05b45-40, groupId=Consumer-topic-0a977fe3_fc9d_49d9_95a0_0de05ee05b45] Resetting offset for partition topic-0a977fe3_fc9d_49d9_95a0_0de05ee05b45-0 to position FetchPosition{offset=0, offsetEpoch=Optional.empty, currentLeader=LeaderAndEpoch{leader=Optional[localhost:32769 (id: 0 rack: null)], epoch=0}}.
2025-08-13 18:22:22,444 INFO  [io.api.tes.ser.api.KafkaSerdesTester] (Thread-898) topic-0a977fe3_fc9d_49d9_95a0_0de05ee05b45 0 0 {"key1": "value-0"}
2025-08-13 18:22:22,444 INFO  [io.api.tes.ser.api.KafkaSerdesTester] (Thread-898) topic-0a977fe3_fc9d_49d9_95a0_0de05ee05b45 0 1 {"key1": "value-1"}
2025-08-13 18:22:22,444 INFO  [io.api.tes.ser.api.KafkaSerdesTester] (Thread-898) topic-0a977fe3_fc9d_49d9_95a0_0de05ee05b45 0 2 {"key1": "value-2"}
2025-08-13 18:22:22,444 INFO  [io.api.tes.ser.api.KafkaSerdesTester] (Thread-898) topic-0a977fe3_fc9d_49d9_95a0_0de05ee05b45 0 3 {"key1": "value-3"}
2025-08-13 18:22:22,444 INFO  [io.api.tes.ser.api.KafkaSerdesTester] (Thread-898) topic-0a977fe3_fc9d_49d9_95a0_0de05ee05b45 0 4 {"key1": "value-4"}
2025-08-13 18:22:22,444 INFO  [io.api.tes.ser.api.KafkaSerdesTester] (Thread-898) topic-0a977fe3_fc9d_49d9_95a0_0de05ee05b45 0 5 {"key1": "value-5"}
2025-08-13 18:22:22,444 INFO  [io.api.tes.ser.api.KafkaSerdesTester] (Thread-898) topic-0a977fe3_fc9d_49d9_95a0_0de05ee05b45 0 6 {"key1": "value-6"}
2025-08-13 18:22:22,444 INFO  [io.api.tes.ser.api.KafkaSerdesTester] (Thread-898) topic-0a977fe3_fc9d_49d9_95a0_0de05ee05b45 0 7 {"key1": "value-7"}
2025-08-13 18:22:22,444 INFO  [io.api.tes.ser.api.KafkaSerdesTester] (Thread-898) topic-0a977fe3_fc9d_49d9_95a0_0de05ee05b45 0 8 {"key1": "value-8"}
2025-08-13 18:22:22,444 INFO  [io.api.tes.ser.api.KafkaSerdesTester] (Thread-898) topic-0a977fe3_fc9d_49d9_95a0_0de05ee05b45 0 9 {"key1": "value-9"}
2025-08-13 18:22:22,444 INFO  [io.api.tes.ser.api.KafkaSerdesTester] (Thread-898) Consumed 10 messages
2025-08-13 18:22:22,451 INFO  [org.apa.kaf.cli.con.int.ConsumerRebalanceListenerInvoker] (Thread-898) [Consumer clientId=consumer-Consumer-topic-0a977fe3_fc9d_49d9_95a0_0de05ee05b45-40, groupId=Consumer-topic-0a977fe3_fc9d_49d9_95a0_0de05ee05b45] Revoke previously assigned partitions topic-0a977fe3_fc9d_49d9_95a0_0de05ee05b45-0
2025-08-13 18:22:22,451 INFO  [org.apa.kaf.cli.con.int.ConsumerCoordinator] (Thread-898) [Consumer clientId=consumer-Consumer-topic-0a977fe3_fc9d_49d9_95a0_0de05ee05b45-40, groupId=Consumer-topic-0a977fe3_fc9d_49d9_95a0_0de05ee05b45] Member consumer-Consumer-topic-0a977fe3_fc9d_49d9_95a0_0de05ee05b45-40-18c901d0-c7fd-4de5-93cd-27d64df365d1 sending LeaveGroup request to coordinator localhost:32769 (id: 2147483647 rack: null) due to the consumer is being closed
2025-08-13 18:22:22,451 INFO  [org.apa.kaf.cli.con.int.ConsumerCoordinator] (Thread-898) [Consumer clientId=consumer-Consumer-topic-0a977fe3_fc9d_49d9_95a0_0de05ee05b45-40, groupId=Consumer-topic-0a977fe3_fc9d_49d9_95a0_0de05ee05b45] Resetting generation and member id due to: consumer pro-actively leaving the group
2025-08-13 18:22:22,452 INFO  [org.apa.kaf.cli.con.int.ConsumerCoordinator] (Thread-898) [Consumer clientId=consumer-Consumer-topic-0a977fe3_fc9d_49d9_95a0_0de05ee05b45-40, groupId=Consumer-topic-0a977fe3_fc9d_49d9_95a0_0de05ee05b45] Request joining group due to: consumer pro-actively leaving the group
2025-08-13 18:22:22,946 INFO  [org.apa.kaf.com.met.Metrics] (Thread-898) Metrics scheduler closed
2025-08-13 18:22:22,946 INFO  [org.apa.kaf.com.met.Metrics] (Thread-898) Closing reporter org.apache.kafka.common.metrics.JmxReporter
2025-08-13 18:22:22,946 INFO  [org.apa.kaf.com.met.Metrics] (Thread-898) Closing reporter org.apache.kafka.common.telemetry.internals.ClientTelemetryReporter
2025-08-13 18:22:22,946 INFO  [org.apa.kaf.com.met.Metrics] (Thread-898) Metrics reporters closed
2025-08-13 18:22:22,948 INFO  [org.apa.kaf.com.uti.AppInfoParser] (Thread-898) App info kafka.consumer for consumer-Consumer-topic-0a977fe3_fc9d_49d9_95a0_0de05ee05b45-40 unregistered
2025-08-13 18:22:23,126 INFO  [io.api.tes.ser.con.BasicConfluentSerDesIT] (main) Deleting confluent schema myrecordconfluent6
2025-08-13 18:22:23,176 INFO  [io.api.tes.uti.TestSeparator] (main) io.apicurio.tests.serdes.confluent.BasicConfluentSerDesIT.testAvroConfluentForMultipleTopics-FINISHED
2025-08-13 18:22:23,176 INFO  [io.api.tes.uti.TestSeparator] (main) ############################################################################
Test passed: testAvroConfluentForMultipleTopics
]]></system-out>
  </testcase>
  <testcase name="testAvroConfluentApicurio" classname="io.apicurio.tests.serdes.confluent.BasicConfluentSerDesIT" time="4.051">
    <system-out><![CDATA[2025-08-13 18:22:23,178 INFO  [io.api.tes.uti.TestSeparator] (main) ############################################################################
2025-08-13 18:22:23,178 INFO  [io.api.tes.uti.TestSeparator] (main) io.apicurio.tests.serdes.confluent.BasicConfluentSerDesIT.testAvroConfluentApicurio-STARTED
2025-08-13 18:22:23,292 INFO  [io.api.tes.ser.con.BasicConfluentSerDesIT] (main) Checking that created schema is equal to the get schema
2025-08-13 18:22:23,341 INFO  [io.api.tes.ser.con.BasicConfluentSerDesIT] (main) Created schema with id:52 and name:myrecordconfluent1
**** Registry Base URL: http://registry-app-pg17.apps.ci419.apicurio-testing.org:80
2025-08-13 18:22:23,341 INFO  [org.apa.kaf.cli.pro.ProducerConfig] (main) ProducerConfig values: 
	acks = -1
	auto.include.jmx.reporter = true
	batch.size = 16384
	bootstrap.servers = [PLAINTEXT://localhost:32769]
	buffer.memory = 33554432
	client.dns.lookup = use_all_dns_ips
	client.id = Producer-topic-ab4dc546_2a6f_4614_9d30_079588ef1d96
	compression.gzip.level = -1
	compression.lz4.level = 9
	compression.type = none
	compression.zstd.level = 3
	connections.max.idle.ms = 10000
	delivery.timeout.ms = 120000
	enable.idempotence = true
	enable.metrics.push = true
	interceptor.classes = []
	key.serializer = class org.apache.kafka.common.serialization.StringSerializer
	linger.ms = 0
	max.block.ms = 60000
	max.in.flight.requests.per.connection = 5
	max.request.size = 1048576
	metadata.max.age.ms = 300000
	metadata.max.idle.ms = 300000
	metadata.recovery.strategy = none
	metric.reporters = []
	metrics.num.samples = 2
	metrics.recording.level = INFO
	metrics.sample.window.ms = 30000
	partitioner.adaptive.partitioning.enable = true
	partitioner.availability.timeout.ms = 0
	partitioner.class = null
	partitioner.ignore.keys = false
	receive.buffer.bytes = 32768
	reconnect.backoff.max.ms = 1000
	reconnect.backoff.ms = 50
	request.timeout.ms = 5000
	retries = 2147483647
	retry.backoff.max.ms = 1000
	retry.backoff.ms = 100
	sasl.client.callback.handler.class = null
	sasl.jaas.config = null
	sasl.kerberos.kinit.cmd = /usr/bin/kinit
	sasl.kerberos.min.time.before.relogin = 60000
	sasl.kerberos.service.name = null
	sasl.kerberos.ticket.renew.jitter = 0.05
	sasl.kerberos.ticket.renew.window.factor = 0.8
	sasl.login.callback.handler.class = null
	sasl.login.class = null
	sasl.login.connect.timeout.ms = null
	sasl.login.read.timeout.ms = null
	sasl.login.refresh.buffer.seconds = 300
	sasl.login.refresh.min.period.seconds = 60
	sasl.login.refresh.window.factor = 0.8
	sasl.login.refresh.window.jitter = 0.05
	sasl.login.retry.backoff.max.ms = 10000
	sasl.login.retry.backoff.ms = 100
	sasl.mechanism = GSSAPI
	sasl.oauthbearer.clock.skew.seconds = 30
	sasl.oauthbearer.expected.audience = null
	sasl.oauthbearer.expected.issuer = null
	sasl.oauthbearer.header.urlencode = false
	sasl.oauthbearer.jwks.endpoint.refresh.ms = 3600000
	sasl.oauthbearer.jwks.endpoint.retry.backoff.max.ms = 10000
	sasl.oauthbearer.jwks.endpoint.retry.backoff.ms = 100
	sasl.oauthbearer.jwks.endpoint.url = null
	sasl.oauthbearer.scope.claim.name = scope
	sasl.oauthbearer.sub.claim.name = sub
	sasl.oauthbearer.token.endpoint.url = null
	security.protocol = PLAINTEXT
	security.providers = null
	send.buffer.bytes = 131072
	socket.connection.setup.timeout.max.ms = 30000
	socket.connection.setup.timeout.ms = 10000
	ssl.cipher.suites = null
	ssl.enabled.protocols = [TLSv1.2, TLSv1.3]
	ssl.endpoint.identification.algorithm = https
	ssl.engine.factory.class = null
	ssl.key.password = null
	ssl.keymanager.algorithm = SunX509
	ssl.keystore.certificate.chain = null
	ssl.keystore.key = null
	ssl.keystore.location = null
	ssl.keystore.password = null
	ssl.keystore.type = JKS
	ssl.protocol = TLSv1.3
	ssl.provider = null
	ssl.secure.random.implementation = null
	ssl.trustmanager.algorithm = PKIX
	ssl.truststore.certificates = null
	ssl.truststore.location = null
	ssl.truststore.password = null
	ssl.truststore.type = JKS
	transaction.timeout.ms = 60000
	transactional.id = null
	value.serializer = class io.confluent.kafka.serializers.KafkaAvroSerializer

2025-08-13 18:22:23,342 INFO  [org.apa.kaf.com.tel.int.KafkaMetricsCollector] (main) initializing Kafka metrics collector
2025-08-13 18:22:23,342 INFO  [io.con.kaf.ser.KafkaAvroSerializerConfig] (main) KafkaAvroSerializerConfig values: 
	auto.register.schemas = false
	avro.reflection.allow.null = false
	avro.remove.java.properties = false
	avro.use.logical.type.converters = false
	basic.auth.credentials.source = URL
	basic.auth.user.info = [hidden]
	bearer.auth.cache.expiry.buffer.seconds = 300
	bearer.auth.client.id = null
	bearer.auth.client.secret = null
	bearer.auth.credentials.source = STATIC_TOKEN
	bearer.auth.custom.provider.class = null
	bearer.auth.identity.pool.id = null
	bearer.auth.issuer.endpoint.url = null
	bearer.auth.logical.cluster = null
	bearer.auth.scope = null
	bearer.auth.scope.claim.name = scope
	bearer.auth.sub.claim.name = sub
	bearer.auth.token = [hidden]
	context.name.strategy = class io.confluent.kafka.serializers.context.NullContextNameStrategy
	http.connect.timeout.ms = 60000
	http.read.timeout.ms = 60000
	id.compatibility.strict = true
	key.schema.id.deserializer = class io.confluent.kafka.serializers.schema.id.DualSchemaIdDeserializer
	key.schema.id.serializer = class io.confluent.kafka.serializers.schema.id.PrefixSchemaIdSerializer
	key.subject.name.strategy = class io.confluent.kafka.serializers.subject.TopicNameStrategy
	latest.cache.size = 1000
	latest.cache.ttl.sec = -1
	latest.compatibility.strict = true
	max.retries = 3
	max.schemas.per.subject = 1000
	normalize.schemas = false
	propagate.schema.tags = false
	proxy.host = 
	proxy.port = -1
	retries.max.wait.ms = 20000
	retries.wait.ms = 1000
	rule.actions = []
	rule.executors = []
	rule.service.loader.enable = true
	schema.format = null
	schema.reflection = false
	schema.registry.basic.auth.user.info = [hidden]
	schema.registry.ssl.cipher.suites = null
	schema.registry.ssl.enabled.protocols = [TLSv1.2, TLSv1.3]
	schema.registry.ssl.endpoint.identification.algorithm = https
	schema.registry.ssl.engine.factory.class = null
	schema.registry.ssl.key.password = null
	schema.registry.ssl.keymanager.algorithm = SunX509
	schema.registry.ssl.keystore.certificate.chain = null
	schema.registry.ssl.keystore.key = null
	schema.registry.ssl.keystore.location = null
	schema.registry.ssl.keystore.password = null
	schema.registry.ssl.keystore.type = JKS
	schema.registry.ssl.protocol = TLSv1.3
	schema.registry.ssl.provider = null
	schema.registry.ssl.secure.random.implementation = null
	schema.registry.ssl.trustmanager.algorithm = PKIX
	schema.registry.ssl.truststore.certificates = null
	schema.registry.ssl.truststore.location = null
	schema.registry.ssl.truststore.password = null
	schema.registry.ssl.truststore.type = JKS
	schema.registry.url = [http://registry-app-pg17.apps.ci419.apicurio-testing.org:80/apis/ccompat/v7]
	schema.registry.url.randomize = false
	use.latest.version = false
	use.latest.with.metadata = null
	use.schema.id = -1
	value.schema.id.deserializer = class io.confluent.kafka.serializers.schema.id.DualSchemaIdDeserializer
	value.schema.id.serializer = class io.confluent.kafka.serializers.schema.id.PrefixSchemaIdSerializer
	value.subject.name.strategy = class io.confluent.kafka.serializers.subject.TopicNameStrategy

2025-08-13 18:22:23,344 INFO  [org.apa.kaf.cli.pro.KafkaProducer] (main) [Producer clientId=Producer-topic-ab4dc546_2a6f_4614_9d30_079588ef1d96] Instantiated an idempotent producer.
2025-08-13 18:22:23,345 INFO  [org.apa.kaf.cli.pro.ProducerConfig] (main) These configurations '[schema.registry.url, auto.register.schemas, value.subject.name.strategy]' were supplied but are not used yet.
2025-08-13 18:22:23,345 INFO  [org.apa.kaf.com.uti.AppInfoParser] (main) Kafka version: 3.9.1
2025-08-13 18:22:23,345 INFO  [org.apa.kaf.com.uti.AppInfoParser] (main) Kafka commitId: f745dfdcee2b9851
2025-08-13 18:22:23,345 INFO  [org.apa.kaf.com.uti.AppInfoParser] (main) Kafka startTimeMs: 1755109343345
2025-08-13 18:22:23,345 INFO  [io.api.tes.ser.api.SimpleSerdesTesterBuilder$SimpleSerdesTester] (main) Using producer configuration: {schema.registry.url=http://registry-app-pg17.apps.ci419.apicurio-testing.org:80/apis/ccompat/v7, value.serializer=io.confluent.kafka.serializers.KafkaAvroSerializer, request.timeout.ms=5000, auto.register.schemas=false, acks=all, bootstrap.servers=PLAINTEXT://localhost:32769, connections.max.idle.ms=10000, key.serializer=org.apache.kafka.common.serialization.StringSerializer, value.subject.name.strategy=io.confluent.kafka.serializers.subject.TopicNameStrategy, client.id=Producer-topic-ab4dc546_2a6f_4614_9d30_079588ef1d96}
2025-08-13 18:22:23,345 INFO  [io.api.tes.ser.api.SimpleSerdesTesterBuilder$SimpleSerdesTester] (main) Using consumer configuration: {}
2025-08-13 18:22:23,345 INFO  [io.api.tes.ser.api.KafkaSerdesTester] (Thread-899) Sending message {"key1": "value-0"} to topic topic-ab4dc546_2a6f_4614_9d30_079588ef1d96
2025-08-13 18:22:23,348 INFO  [org.apa.kaf.cli.Metadata] (kafka-producer-network-thread | Producer-topic-ab4dc546_2a6f_4614_9d30_079588ef1d96) [Producer clientId=Producer-topic-ab4dc546_2a6f_4614_9d30_079588ef1d96] Cluster ID: sAToZ0WATkWwuQb_OH8PpQ
2025-08-13 18:22:23,348 INFO  [org.apa.kaf.cli.pro.int.TransactionManager] (kafka-producer-network-thread | Producer-topic-ab4dc546_2a6f_4614_9d30_079588ef1d96) [Producer clientId=Producer-topic-ab4dc546_2a6f_4614_9d30_079588ef1d96] ProducerId set to 54 with epoch 0
2025-08-13 18:22:23,406 INFO  [io.api.tes.ser.api.KafkaSerdesTester] (Thread-899) Sending message {"key1": "value-1"} to topic topic-ab4dc546_2a6f_4614_9d30_079588ef1d96
2025-08-13 18:22:23,417 INFO  [io.api.tes.ser.api.KafkaSerdesTester] (Thread-899) Sending message {"key1": "value-2"} to topic topic-ab4dc546_2a6f_4614_9d30_079588ef1d96
2025-08-13 18:22:23,419 INFO  [io.api.tes.ser.api.KafkaSerdesTester] (Thread-899) Sending message {"key1": "value-3"} to topic topic-ab4dc546_2a6f_4614_9d30_079588ef1d96
2025-08-13 18:22:23,420 INFO  [io.api.tes.ser.api.KafkaSerdesTester] (Thread-899) Sending message {"key1": "value-4"} to topic topic-ab4dc546_2a6f_4614_9d30_079588ef1d96
2025-08-13 18:22:23,421 INFO  [io.api.tes.ser.api.KafkaSerdesTester] (Thread-899) Sending message {"key1": "value-5"} to topic topic-ab4dc546_2a6f_4614_9d30_079588ef1d96
2025-08-13 18:22:23,422 INFO  [io.api.tes.ser.api.KafkaSerdesTester] (Thread-899) Sending message {"key1": "value-6"} to topic topic-ab4dc546_2a6f_4614_9d30_079588ef1d96
2025-08-13 18:22:23,424 INFO  [io.api.tes.ser.api.KafkaSerdesTester] (Thread-899) Sending message {"key1": "value-7"} to topic topic-ab4dc546_2a6f_4614_9d30_079588ef1d96
2025-08-13 18:22:23,425 INFO  [io.api.tes.ser.api.KafkaSerdesTester] (Thread-899) Sending message {"key1": "value-8"} to topic topic-ab4dc546_2a6f_4614_9d30_079588ef1d96
2025-08-13 18:22:23,426 INFO  [io.api.tes.ser.api.KafkaSerdesTester] (Thread-899) Sending message {"key1": "value-9"} to topic topic-ab4dc546_2a6f_4614_9d30_079588ef1d96
2025-08-13 18:22:23,427 INFO  [io.api.tes.ser.api.KafkaSerdesTester] (Thread-899) Produced 10 messages
2025-08-13 18:22:23,427 INFO  [org.apa.kaf.cli.pro.KafkaProducer] (Thread-899) [Producer clientId=Producer-topic-ab4dc546_2a6f_4614_9d30_079588ef1d96] Closing the Kafka producer with timeoutMillis = 9223372036854775807 ms.
2025-08-13 18:22:23,429 INFO  [org.apa.kaf.com.met.Metrics] (Thread-899) Metrics scheduler closed
2025-08-13 18:22:23,429 INFO  [org.apa.kaf.com.met.Metrics] (Thread-899) Closing reporter org.apache.kafka.common.metrics.JmxReporter
2025-08-13 18:22:23,429 INFO  [org.apa.kaf.com.met.Metrics] (Thread-899) Closing reporter org.apache.kafka.common.telemetry.internals.ClientTelemetryReporter
2025-08-13 18:22:23,429 INFO  [org.apa.kaf.com.met.Metrics] (Thread-899) Metrics reporters closed
2025-08-13 18:22:23,429 INFO  [org.apa.kaf.com.uti.AppInfoParser] (Thread-899) App info kafka.producer for Producer-topic-ab4dc546_2a6f_4614_9d30_079588ef1d96 unregistered
**** Registry Base URL: http://registry-app-pg17.apps.ci419.apicurio-testing.org:80
2025-08-13 18:22:23,429 INFO  [org.apa.kaf.cli.con.ConsumerConfig] (main) ConsumerConfig values: 
	allow.auto.create.topics = true
	auto.commit.interval.ms = 500
	auto.include.jmx.reporter = true
	auto.offset.reset = earliest
	bootstrap.servers = [PLAINTEXT://localhost:32769]
	check.crcs = true
	client.dns.lookup = use_all_dns_ips
	client.id = consumer-Consumer-topic-ab4dc546_2a6f_4614_9d30_079588ef1d96-41
	client.rack = 
	connections.max.idle.ms = 10000
	default.api.timeout.ms = 60000
	enable.auto.commit = true
	enable.metrics.push = true
	exclude.internal.topics = true
	fetch.max.bytes = 52428800
	fetch.max.wait.ms = 500
	fetch.min.bytes = 1
	group.id = Consumer-topic-ab4dc546_2a6f_4614_9d30_079588ef1d96
	group.instance.id = null
	group.protocol = classic
	group.remote.assignor = null
	heartbeat.interval.ms = 3000
	interceptor.classes = []
	internal.leave.group.on.close = true
	internal.throw.on.fetch.stable.offset.unsupported = false
	isolation.level = read_uncommitted
	key.deserializer = class org.apache.kafka.common.serialization.StringDeserializer
	max.partition.fetch.bytes = 1048576
	max.poll.interval.ms = 300000
	max.poll.records = 500
	metadata.max.age.ms = 300000
	metadata.recovery.strategy = none
	metric.reporters = []
	metrics.num.samples = 2
	metrics.recording.level = INFO
	metrics.sample.window.ms = 30000
	partition.assignment.strategy = [class org.apache.kafka.clients.consumer.RangeAssignor, class org.apache.kafka.clients.consumer.CooperativeStickyAssignor]
	receive.buffer.bytes = 65536
	reconnect.backoff.max.ms = 1000
	reconnect.backoff.ms = 50
	request.timeout.ms = 5000
	retry.backoff.max.ms = 1000
	retry.backoff.ms = 100
	sasl.client.callback.handler.class = null
	sasl.jaas.config = null
	sasl.kerberos.kinit.cmd = /usr/bin/kinit
	sasl.kerberos.min.time.before.relogin = 60000
	sasl.kerberos.service.name = null
	sasl.kerberos.ticket.renew.jitter = 0.05
	sasl.kerberos.ticket.renew.window.factor = 0.8
	sasl.login.callback.handler.class = null
	sasl.login.class = null
	sasl.login.connect.timeout.ms = null
	sasl.login.read.timeout.ms = null
	sasl.login.refresh.buffer.seconds = 300
	sasl.login.refresh.min.period.seconds = 60
	sasl.login.refresh.window.factor = 0.8
	sasl.login.refresh.window.jitter = 0.05
	sasl.login.retry.backoff.max.ms = 10000
	sasl.login.retry.backoff.ms = 100
	sasl.mechanism = GSSAPI
	sasl.oauthbearer.clock.skew.seconds = 30
	sasl.oauthbearer.expected.audience = null
	sasl.oauthbearer.expected.issuer = null
	sasl.oauthbearer.header.urlencode = false
	sasl.oauthbearer.jwks.endpoint.refresh.ms = 3600000
	sasl.oauthbearer.jwks.endpoint.retry.backoff.max.ms = 10000
	sasl.oauthbearer.jwks.endpoint.retry.backoff.ms = 100
	sasl.oauthbearer.jwks.endpoint.url = null
	sasl.oauthbearer.scope.claim.name = scope
	sasl.oauthbearer.sub.claim.name = sub
	sasl.oauthbearer.token.endpoint.url = null
	security.protocol = PLAINTEXT
	security.providers = null
	send.buffer.bytes = 131072
	session.timeout.ms = 45000
	socket.connection.setup.timeout.max.ms = 30000
	socket.connection.setup.timeout.ms = 10000
	ssl.cipher.suites = null
	ssl.enabled.protocols = [TLSv1.2, TLSv1.3]
	ssl.endpoint.identification.algorithm = https
	ssl.engine.factory.class = null
	ssl.key.password = null
	ssl.keymanager.algorithm = SunX509
	ssl.keystore.certificate.chain = null
	ssl.keystore.key = null
	ssl.keystore.location = null
	ssl.keystore.password = null
	ssl.keystore.type = JKS
	ssl.protocol = TLSv1.3
	ssl.provider = null
	ssl.secure.random.implementation = null
	ssl.trustmanager.algorithm = PKIX
	ssl.truststore.certificates = null
	ssl.truststore.location = null
	ssl.truststore.password = null
	ssl.truststore.type = JKS
	value.deserializer = class io.apicurio.registry.serde.avro.AvroKafkaDeserializer

2025-08-13 18:22:23,430 INFO  [org.apa.kaf.com.tel.int.KafkaMetricsCollector] (main) initializing Kafka metrics collector
2025-08-13 18:22:23,435 INFO  [org.apa.kaf.cli.con.ConsumerConfig] (main) These configurations '[apicurio.registry.url]' were supplied but are not used yet.
2025-08-13 18:22:23,435 INFO  [org.apa.kaf.com.uti.AppInfoParser] (main) Kafka version: 3.9.1
2025-08-13 18:22:23,435 INFO  [org.apa.kaf.com.uti.AppInfoParser] (main) Kafka commitId: f745dfdcee2b9851
2025-08-13 18:22:23,435 INFO  [org.apa.kaf.com.uti.AppInfoParser] (main) Kafka startTimeMs: 1755109343435
2025-08-13 18:22:23,435 INFO  [org.apa.kaf.cli.con.int.ClassicKafkaConsumer] (Thread-902) [Consumer clientId=consumer-Consumer-topic-ab4dc546_2a6f_4614_9d30_079588ef1d96-41, groupId=Consumer-topic-ab4dc546_2a6f_4614_9d30_079588ef1d96] Subscribed to topic(s): topic-ab4dc546_2a6f_4614_9d30_079588ef1d96
2025-08-13 18:22:23,439 INFO  [org.apa.kaf.cli.Metadata] (Thread-902) [Consumer clientId=consumer-Consumer-topic-ab4dc546_2a6f_4614_9d30_079588ef1d96-41, groupId=Consumer-topic-ab4dc546_2a6f_4614_9d30_079588ef1d96] Cluster ID: sAToZ0WATkWwuQb_OH8PpQ
2025-08-13 18:22:23,439 INFO  [org.apa.kaf.cli.con.int.ConsumerCoordinator] (Thread-902) [Consumer clientId=consumer-Consumer-topic-ab4dc546_2a6f_4614_9d30_079588ef1d96-41, groupId=Consumer-topic-ab4dc546_2a6f_4614_9d30_079588ef1d96] Discovered group coordinator localhost:32769 (id: 2147483647 rack: null)
2025-08-13 18:22:23,440 INFO  [org.apa.kaf.cli.con.int.ConsumerCoordinator] (Thread-902) [Consumer clientId=consumer-Consumer-topic-ab4dc546_2a6f_4614_9d30_079588ef1d96-41, groupId=Consumer-topic-ab4dc546_2a6f_4614_9d30_079588ef1d96] (Re-)joining group
2025-08-13 18:22:23,442 INFO  [org.apa.kaf.cli.con.int.ConsumerCoordinator] (Thread-902) [Consumer clientId=consumer-Consumer-topic-ab4dc546_2a6f_4614_9d30_079588ef1d96-41, groupId=Consumer-topic-ab4dc546_2a6f_4614_9d30_079588ef1d96] Request joining group due to: need to re-join with the given member-id: consumer-Consumer-topic-ab4dc546_2a6f_4614_9d30_079588ef1d96-41-64f8e047-a34a-4220-98e3-c6fc07e346b3
2025-08-13 18:22:23,442 INFO  [org.apa.kaf.cli.con.int.ConsumerCoordinator] (Thread-902) [Consumer clientId=consumer-Consumer-topic-ab4dc546_2a6f_4614_9d30_079588ef1d96-41, groupId=Consumer-topic-ab4dc546_2a6f_4614_9d30_079588ef1d96] (Re-)joining group
2025-08-13 18:22:24,435 INFO  [io.api.tes.ser.api.KafkaSerdesTester] (Thread-902) None found
2025-08-13 18:22:25,435 INFO  [io.api.tes.ser.api.KafkaSerdesTester] (Thread-902) None found
2025-08-13 18:22:26,436 INFO  [io.api.tes.ser.api.KafkaSerdesTester] (Thread-902) None found
2025-08-13 18:22:26,444 INFO  [org.apa.kaf.cli.con.int.ConsumerCoordinator] (Thread-902) [Consumer clientId=consumer-Consumer-topic-ab4dc546_2a6f_4614_9d30_079588ef1d96-41, groupId=Consumer-topic-ab4dc546_2a6f_4614_9d30_079588ef1d96] Successfully joined group with generation Generation{generationId=1, memberId='consumer-Consumer-topic-ab4dc546_2a6f_4614_9d30_079588ef1d96-41-64f8e047-a34a-4220-98e3-c6fc07e346b3', protocol='range'}
2025-08-13 18:22:26,444 INFO  [org.apa.kaf.cli.con.int.ConsumerCoordinator] (Thread-902) [Consumer clientId=consumer-Consumer-topic-ab4dc546_2a6f_4614_9d30_079588ef1d96-41, groupId=Consumer-topic-ab4dc546_2a6f_4614_9d30_079588ef1d96] Finished assignment for group at generation 1: {consumer-Consumer-topic-ab4dc546_2a6f_4614_9d30_079588ef1d96-41-64f8e047-a34a-4220-98e3-c6fc07e346b3=Assignment(partitions=[topic-ab4dc546_2a6f_4614_9d30_079588ef1d96-0])}
2025-08-13 18:22:26,451 INFO  [org.apa.kaf.cli.con.int.ConsumerCoordinator] (Thread-902) [Consumer clientId=consumer-Consumer-topic-ab4dc546_2a6f_4614_9d30_079588ef1d96-41, groupId=Consumer-topic-ab4dc546_2a6f_4614_9d30_079588ef1d96] Successfully synced group in generation Generation{generationId=1, memberId='consumer-Consumer-topic-ab4dc546_2a6f_4614_9d30_079588ef1d96-41-64f8e047-a34a-4220-98e3-c6fc07e346b3', protocol='range'}
2025-08-13 18:22:26,451 INFO  [org.apa.kaf.cli.con.int.ConsumerCoordinator] (Thread-902) [Consumer clientId=consumer-Consumer-topic-ab4dc546_2a6f_4614_9d30_079588ef1d96-41, groupId=Consumer-topic-ab4dc546_2a6f_4614_9d30_079588ef1d96] Notifying assignor about the new Assignment(partitions=[topic-ab4dc546_2a6f_4614_9d30_079588ef1d96-0])
2025-08-13 18:22:26,451 INFO  [org.apa.kaf.cli.con.int.ConsumerRebalanceListenerInvoker] (Thread-902) [Consumer clientId=consumer-Consumer-topic-ab4dc546_2a6f_4614_9d30_079588ef1d96-41, groupId=Consumer-topic-ab4dc546_2a6f_4614_9d30_079588ef1d96] Adding newly assigned partitions: topic-ab4dc546_2a6f_4614_9d30_079588ef1d96-0
2025-08-13 18:22:26,451 INFO  [org.apa.kaf.cli.con.int.ConsumerCoordinator] (Thread-902) [Consumer clientId=consumer-Consumer-topic-ab4dc546_2a6f_4614_9d30_079588ef1d96-41, groupId=Consumer-topic-ab4dc546_2a6f_4614_9d30_079588ef1d96] Found no committed offset for partition topic-ab4dc546_2a6f_4614_9d30_079588ef1d96-0
2025-08-13 18:22:26,454 INFO  [org.apa.kaf.cli.con.int.SubscriptionState] (Thread-902) [Consumer clientId=consumer-Consumer-topic-ab4dc546_2a6f_4614_9d30_079588ef1d96-41, groupId=Consumer-topic-ab4dc546_2a6f_4614_9d30_079588ef1d96] Resetting offset for partition topic-ab4dc546_2a6f_4614_9d30_079588ef1d96-0 to position FetchPosition{offset=0, offsetEpoch=Optional.empty, currentLeader=LeaderAndEpoch{leader=Optional[localhost:32769 (id: 0 rack: null)], epoch=0}}.
2025-08-13 18:22:26,578 INFO  [io.api.tes.ser.api.KafkaSerdesTester] (Thread-902) topic-ab4dc546_2a6f_4614_9d30_079588ef1d96 0 0 {"key1": "value-0"}
2025-08-13 18:22:26,578 INFO  [io.api.tes.ser.api.KafkaSerdesTester] (Thread-902) topic-ab4dc546_2a6f_4614_9d30_079588ef1d96 0 1 {"key1": "value-1"}
2025-08-13 18:22:26,578 INFO  [io.api.tes.ser.api.KafkaSerdesTester] (Thread-902) topic-ab4dc546_2a6f_4614_9d30_079588ef1d96 0 2 {"key1": "value-2"}
2025-08-13 18:22:26,578 INFO  [io.api.tes.ser.api.KafkaSerdesTester] (Thread-902) topic-ab4dc546_2a6f_4614_9d30_079588ef1d96 0 3 {"key1": "value-3"}
2025-08-13 18:22:26,579 INFO  [io.api.tes.ser.api.KafkaSerdesTester] (Thread-902) topic-ab4dc546_2a6f_4614_9d30_079588ef1d96 0 4 {"key1": "value-4"}
2025-08-13 18:22:26,579 INFO  [io.api.tes.ser.api.KafkaSerdesTester] (Thread-902) topic-ab4dc546_2a6f_4614_9d30_079588ef1d96 0 5 {"key1": "value-5"}
2025-08-13 18:22:26,579 INFO  [io.api.tes.ser.api.KafkaSerdesTester] (Thread-902) topic-ab4dc546_2a6f_4614_9d30_079588ef1d96 0 6 {"key1": "value-6"}
2025-08-13 18:22:26,579 INFO  [io.api.tes.ser.api.KafkaSerdesTester] (Thread-902) topic-ab4dc546_2a6f_4614_9d30_079588ef1d96 0 7 {"key1": "value-7"}
2025-08-13 18:22:26,579 INFO  [io.api.tes.ser.api.KafkaSerdesTester] (Thread-902) topic-ab4dc546_2a6f_4614_9d30_079588ef1d96 0 8 {"key1": "value-8"}
2025-08-13 18:22:26,579 INFO  [io.api.tes.ser.api.KafkaSerdesTester] (Thread-902) topic-ab4dc546_2a6f_4614_9d30_079588ef1d96 0 9 {"key1": "value-9"}
2025-08-13 18:22:26,579 INFO  [io.api.tes.ser.api.KafkaSerdesTester] (Thread-902) Consumed 10 messages
2025-08-13 18:22:26,586 INFO  [org.apa.kaf.cli.con.int.ConsumerRebalanceListenerInvoker] (Thread-902) [Consumer clientId=consumer-Consumer-topic-ab4dc546_2a6f_4614_9d30_079588ef1d96-41, groupId=Consumer-topic-ab4dc546_2a6f_4614_9d30_079588ef1d96] Revoke previously assigned partitions topic-ab4dc546_2a6f_4614_9d30_079588ef1d96-0
2025-08-13 18:22:26,586 INFO  [org.apa.kaf.cli.con.int.ConsumerCoordinator] (Thread-902) [Consumer clientId=consumer-Consumer-topic-ab4dc546_2a6f_4614_9d30_079588ef1d96-41, groupId=Consumer-topic-ab4dc546_2a6f_4614_9d30_079588ef1d96] Member consumer-Consumer-topic-ab4dc546_2a6f_4614_9d30_079588ef1d96-41-64f8e047-a34a-4220-98e3-c6fc07e346b3 sending LeaveGroup request to coordinator localhost:32769 (id: 2147483647 rack: null) due to the consumer is being closed
2025-08-13 18:22:26,586 INFO  [org.apa.kaf.cli.con.int.ConsumerCoordinator] (Thread-902) [Consumer clientId=consumer-Consumer-topic-ab4dc546_2a6f_4614_9d30_079588ef1d96-41, groupId=Consumer-topic-ab4dc546_2a6f_4614_9d30_079588ef1d96] Resetting generation and member id due to: consumer pro-actively leaving the group
2025-08-13 18:22:26,586 INFO  [org.apa.kaf.cli.con.int.ConsumerCoordinator] (Thread-902) [Consumer clientId=consumer-Consumer-topic-ab4dc546_2a6f_4614_9d30_079588ef1d96-41, groupId=Consumer-topic-ab4dc546_2a6f_4614_9d30_079588ef1d96] Request joining group due to: consumer pro-actively leaving the group
2025-08-13 18:22:27,082 INFO  [org.apa.kaf.com.met.Metrics] (Thread-902) Metrics scheduler closed
2025-08-13 18:22:27,082 INFO  [org.apa.kaf.com.met.Metrics] (Thread-902) Closing reporter org.apache.kafka.common.metrics.JmxReporter
2025-08-13 18:22:27,082 INFO  [org.apa.kaf.com.met.Metrics] (Thread-902) Closing reporter org.apache.kafka.common.telemetry.internals.ClientTelemetryReporter
2025-08-13 18:22:27,082 INFO  [org.apa.kaf.com.met.Metrics] (Thread-902) Metrics reporters closed
2025-08-13 18:22:27,083 INFO  [org.apa.kaf.com.uti.AppInfoParser] (Thread-902) App info kafka.consumer for consumer-Consumer-topic-ab4dc546_2a6f_4614_9d30_079588ef1d96-41 unregistered
2025-08-13 18:22:27,177 INFO  [io.api.tes.ser.con.BasicConfluentSerDesIT] (main) Deleting confluent schema topic-ab4dc546_2a6f_4614_9d30_079588ef1d96-value
2025-08-13 18:22:27,228 INFO  [io.api.tes.uti.TestSeparator] (main) io.apicurio.tests.serdes.confluent.BasicConfluentSerDesIT.testAvroConfluentApicurio-FINISHED
2025-08-13 18:22:27,228 INFO  [io.api.tes.uti.TestSeparator] (main) ############################################################################
Test passed: testAvroConfluentApicurio
]]></system-out>
  </testcase>
  <testcase name="testAvroConfluentSerDesWrongStrategyTopic" classname="io.apicurio.tests.serdes.confluent.BasicConfluentSerDesIT" time="0.374">
    <system-out><![CDATA[2025-08-13 18:22:27,229 INFO  [io.api.tes.uti.TestSeparator] (main) ############################################################################
2025-08-13 18:22:27,229 INFO  [io.api.tes.uti.TestSeparator] (main) io.apicurio.tests.serdes.confluent.BasicConfluentSerDesIT.testAvroConfluentSerDesWrongStrategyTopic-STARTED
2025-08-13 18:22:27,346 INFO  [io.api.tes.ser.con.BasicConfluentSerDesIT] (main) Checking that created schema is equal to the get schema
2025-08-13 18:22:27,395 INFO  [io.api.tes.ser.con.BasicConfluentSerDesIT] (main) Created schema with id:53 and name:myrecordconfluent3
**** Registry Base URL: http://registry-app-pg17.apps.ci419.apicurio-testing.org:80
2025-08-13 18:22:27,396 INFO  [org.apa.kaf.cli.pro.ProducerConfig] (main) ProducerConfig values: 
	acks = -1
	auto.include.jmx.reporter = true
	batch.size = 16384
	bootstrap.servers = [PLAINTEXT://localhost:32769]
	buffer.memory = 33554432
	client.dns.lookup = use_all_dns_ips
	client.id = Producer-topic-2426304d_3eb8_44a8_a018_e2a3f5d32118
	compression.gzip.level = -1
	compression.lz4.level = 9
	compression.type = none
	compression.zstd.level = 3
	connections.max.idle.ms = 10000
	delivery.timeout.ms = 120000
	enable.idempotence = true
	enable.metrics.push = true
	interceptor.classes = []
	key.serializer = class org.apache.kafka.common.serialization.StringSerializer
	linger.ms = 0
	max.block.ms = 60000
	max.in.flight.requests.per.connection = 5
	max.request.size = 1048576
	metadata.max.age.ms = 300000
	metadata.max.idle.ms = 300000
	metadata.recovery.strategy = none
	metric.reporters = []
	metrics.num.samples = 2
	metrics.recording.level = INFO
	metrics.sample.window.ms = 30000
	partitioner.adaptive.partitioning.enable = true
	partitioner.availability.timeout.ms = 0
	partitioner.class = null
	partitioner.ignore.keys = false
	receive.buffer.bytes = 32768
	reconnect.backoff.max.ms = 1000
	reconnect.backoff.ms = 50
	request.timeout.ms = 5000
	retries = 2147483647
	retry.backoff.max.ms = 1000
	retry.backoff.ms = 100
	sasl.client.callback.handler.class = null
	sasl.jaas.config = null
	sasl.kerberos.kinit.cmd = /usr/bin/kinit
	sasl.kerberos.min.time.before.relogin = 60000
	sasl.kerberos.service.name = null
	sasl.kerberos.ticket.renew.jitter = 0.05
	sasl.kerberos.ticket.renew.window.factor = 0.8
	sasl.login.callback.handler.class = null
	sasl.login.class = null
	sasl.login.connect.timeout.ms = null
	sasl.login.read.timeout.ms = null
	sasl.login.refresh.buffer.seconds = 300
	sasl.login.refresh.min.period.seconds = 60
	sasl.login.refresh.window.factor = 0.8
	sasl.login.refresh.window.jitter = 0.05
	sasl.login.retry.backoff.max.ms = 10000
	sasl.login.retry.backoff.ms = 100
	sasl.mechanism = GSSAPI
	sasl.oauthbearer.clock.skew.seconds = 30
	sasl.oauthbearer.expected.audience = null
	sasl.oauthbearer.expected.issuer = null
	sasl.oauthbearer.header.urlencode = false
	sasl.oauthbearer.jwks.endpoint.refresh.ms = 3600000
	sasl.oauthbearer.jwks.endpoint.retry.backoff.max.ms = 10000
	sasl.oauthbearer.jwks.endpoint.retry.backoff.ms = 100
	sasl.oauthbearer.jwks.endpoint.url = null
	sasl.oauthbearer.scope.claim.name = scope
	sasl.oauthbearer.sub.claim.name = sub
	sasl.oauthbearer.token.endpoint.url = null
	security.protocol = PLAINTEXT
	security.providers = null
	send.buffer.bytes = 131072
	socket.connection.setup.timeout.max.ms = 30000
	socket.connection.setup.timeout.ms = 10000
	ssl.cipher.suites = null
	ssl.enabled.protocols = [TLSv1.2, TLSv1.3]
	ssl.endpoint.identification.algorithm = https
	ssl.engine.factory.class = null
	ssl.key.password = null
	ssl.keymanager.algorithm = SunX509
	ssl.keystore.certificate.chain = null
	ssl.keystore.key = null
	ssl.keystore.location = null
	ssl.keystore.password = null
	ssl.keystore.type = JKS
	ssl.protocol = TLSv1.3
	ssl.provider = null
	ssl.secure.random.implementation = null
	ssl.trustmanager.algorithm = PKIX
	ssl.truststore.certificates = null
	ssl.truststore.location = null
	ssl.truststore.password = null
	ssl.truststore.type = JKS
	transaction.timeout.ms = 60000
	transactional.id = null
	value.serializer = class io.confluent.kafka.serializers.KafkaAvroSerializer

2025-08-13 18:22:27,396 INFO  [org.apa.kaf.com.tel.int.KafkaMetricsCollector] (main) initializing Kafka metrics collector
2025-08-13 18:22:27,396 INFO  [io.con.kaf.ser.KafkaAvroSerializerConfig] (main) KafkaAvroSerializerConfig values: 
	auto.register.schemas = false
	avro.reflection.allow.null = false
	avro.remove.java.properties = false
	avro.use.logical.type.converters = false
	basic.auth.credentials.source = URL
	basic.auth.user.info = [hidden]
	bearer.auth.cache.expiry.buffer.seconds = 300
	bearer.auth.client.id = null
	bearer.auth.client.secret = null
	bearer.auth.credentials.source = STATIC_TOKEN
	bearer.auth.custom.provider.class = null
	bearer.auth.identity.pool.id = null
	bearer.auth.issuer.endpoint.url = null
	bearer.auth.logical.cluster = null
	bearer.auth.scope = null
	bearer.auth.scope.claim.name = scope
	bearer.auth.sub.claim.name = sub
	bearer.auth.token = [hidden]
	context.name.strategy = class io.confluent.kafka.serializers.context.NullContextNameStrategy
	http.connect.timeout.ms = 60000
	http.read.timeout.ms = 60000
	id.compatibility.strict = true
	key.schema.id.deserializer = class io.confluent.kafka.serializers.schema.id.DualSchemaIdDeserializer
	key.schema.id.serializer = class io.confluent.kafka.serializers.schema.id.PrefixSchemaIdSerializer
	key.subject.name.strategy = class io.confluent.kafka.serializers.subject.TopicNameStrategy
	latest.cache.size = 1000
	latest.cache.ttl.sec = -1
	latest.compatibility.strict = true
	max.retries = 3
	max.schemas.per.subject = 1000
	normalize.schemas = false
	propagate.schema.tags = false
	proxy.host = 
	proxy.port = -1
	retries.max.wait.ms = 20000
	retries.wait.ms = 1000
	rule.actions = []
	rule.executors = []
	rule.service.loader.enable = true
	schema.format = null
	schema.reflection = false
	schema.registry.basic.auth.user.info = [hidden]
	schema.registry.ssl.cipher.suites = null
	schema.registry.ssl.enabled.protocols = [TLSv1.2, TLSv1.3]
	schema.registry.ssl.endpoint.identification.algorithm = https
	schema.registry.ssl.engine.factory.class = null
	schema.registry.ssl.key.password = null
	schema.registry.ssl.keymanager.algorithm = SunX509
	schema.registry.ssl.keystore.certificate.chain = null
	schema.registry.ssl.keystore.key = null
	schema.registry.ssl.keystore.location = null
	schema.registry.ssl.keystore.password = null
	schema.registry.ssl.keystore.type = JKS
	schema.registry.ssl.protocol = TLSv1.3
	schema.registry.ssl.provider = null
	schema.registry.ssl.secure.random.implementation = null
	schema.registry.ssl.trustmanager.algorithm = PKIX
	schema.registry.ssl.truststore.certificates = null
	schema.registry.ssl.truststore.location = null
	schema.registry.ssl.truststore.password = null
	schema.registry.ssl.truststore.type = JKS
	schema.registry.url = [http://registry-app-pg17.apps.ci419.apicurio-testing.org:80/apis/ccompat/v7]
	schema.registry.url.randomize = false
	use.latest.version = false
	use.latest.with.metadata = null
	use.schema.id = -1
	value.schema.id.deserializer = class io.confluent.kafka.serializers.schema.id.DualSchemaIdDeserializer
	value.schema.id.serializer = class io.confluent.kafka.serializers.schema.id.PrefixSchemaIdSerializer
	value.subject.name.strategy = class io.confluent.kafka.serializers.subject.TopicNameStrategy

2025-08-13 18:22:27,398 INFO  [org.apa.kaf.cli.pro.KafkaProducer] (main) [Producer clientId=Producer-topic-2426304d_3eb8_44a8_a018_e2a3f5d32118] Instantiated an idempotent producer.
2025-08-13 18:22:27,399 INFO  [org.apa.kaf.cli.pro.ProducerConfig] (main) These configurations '[schema.registry.url, auto.register.schemas, value.subject.name.strategy]' were supplied but are not used yet.
2025-08-13 18:22:27,400 INFO  [org.apa.kaf.com.uti.AppInfoParser] (main) Kafka version: 3.9.1
2025-08-13 18:22:27,400 INFO  [org.apa.kaf.com.uti.AppInfoParser] (main) Kafka commitId: f745dfdcee2b9851
2025-08-13 18:22:27,400 INFO  [org.apa.kaf.com.uti.AppInfoParser] (main) Kafka startTimeMs: 1755109347400
2025-08-13 18:22:27,401 INFO  [io.api.tes.ser.api.KafkaSerdesTester] (Thread-903) Sending message {"key1": "value-0"} to topic topic-2426304d_3eb8_44a8_a018_e2a3f5d32118
2025-08-13 18:22:27,405 INFO  [org.apa.kaf.cli.Metadata] (kafka-producer-network-thread | Producer-topic-2426304d_3eb8_44a8_a018_e2a3f5d32118) [Producer clientId=Producer-topic-2426304d_3eb8_44a8_a018_e2a3f5d32118] Cluster ID: sAToZ0WATkWwuQb_OH8PpQ
2025-08-13 18:22:27,405 INFO  [org.apa.kaf.cli.pro.int.TransactionManager] (kafka-producer-network-thread | Producer-topic-2426304d_3eb8_44a8_a018_e2a3f5d32118) [Producer clientId=Producer-topic-2426304d_3eb8_44a8_a018_e2a3f5d32118] ProducerId set to 55 with epoch 0
2025-08-13 18:22:27,456 INFO  [org.apa.kaf.cli.pro.KafkaProducer] (Thread-903) [Producer clientId=Producer-topic-2426304d_3eb8_44a8_a018_e2a3f5d32118] Closing the Kafka producer with timeoutMillis = 9223372036854775807 ms.
2025-08-13 18:22:27,457 INFO  [org.apa.kaf.com.met.Metrics] (Thread-903) Metrics scheduler closed
2025-08-13 18:22:27,458 INFO  [org.apa.kaf.com.met.Metrics] (Thread-903) Closing reporter org.apache.kafka.common.metrics.JmxReporter
2025-08-13 18:22:27,458 INFO  [org.apa.kaf.com.met.Metrics] (Thread-903) Closing reporter org.apache.kafka.common.telemetry.internals.ClientTelemetryReporter
2025-08-13 18:22:27,458 INFO  [org.apa.kaf.com.met.Metrics] (Thread-903) Metrics reporters closed
2025-08-13 18:22:27,458 INFO  [org.apa.kaf.com.uti.AppInfoParser] (Thread-903) App info kafka.producer for Producer-topic-2426304d_3eb8_44a8_a018_e2a3f5d32118 unregistered
2025-08-13 18:22:27,552 INFO  [io.api.tes.ser.con.BasicConfluentSerDesIT] (main) Deleting confluent schema myrecordconfluent3
2025-08-13 18:22:27,602 INFO  [io.api.tes.uti.TestSeparator] (main) io.apicurio.tests.serdes.confluent.BasicConfluentSerDesIT.testAvroConfluentSerDesWrongStrategyTopic-FINISHED
2025-08-13 18:22:27,602 INFO  [io.api.tes.uti.TestSeparator] (main) ############################################################################
Test passed: testAvroConfluentSerDesWrongStrategyTopic
]]></system-out>
  </testcase>
  <testcase name="testAvroApicurioConfluent" classname="io.apicurio.tests.serdes.confluent.BasicConfluentSerDesIT" time="4.961">
    <system-out><![CDATA[2025-08-13 18:22:27,603 INFO  [io.api.tes.uti.TestSeparator] (main) ############################################################################
2025-08-13 18:22:27,603 INFO  [io.api.tes.uti.TestSeparator] (main) io.apicurio.tests.serdes.confluent.BasicConfluentSerDesIT.testAvroApicurioConfluent-STARTED
**** Registry Base URL: http://registry-app-pg17.apps.ci419.apicurio-testing.org:80
2025-08-13 18:22:28,719 INFO  [org.apa.kaf.cli.pro.ProducerConfig] (main) ProducerConfig values: 
	acks = -1
	auto.include.jmx.reporter = true
	batch.size = 16384
	bootstrap.servers = [PLAINTEXT://localhost:32769]
	buffer.memory = 33554432
	client.dns.lookup = use_all_dns_ips
	client.id = Producer-topic-389d6b1d_fe28_4bfe_904f_c2149c4bdb9a
	compression.gzip.level = -1
	compression.lz4.level = 9
	compression.type = none
	compression.zstd.level = 3
	connections.max.idle.ms = 10000
	delivery.timeout.ms = 120000
	enable.idempotence = true
	enable.metrics.push = true
	interceptor.classes = []
	key.serializer = class org.apache.kafka.common.serialization.StringSerializer
	linger.ms = 0
	max.block.ms = 60000
	max.in.flight.requests.per.connection = 5
	max.request.size = 1048576
	metadata.max.age.ms = 300000
	metadata.max.idle.ms = 300000
	metadata.recovery.strategy = none
	metric.reporters = []
	metrics.num.samples = 2
	metrics.recording.level = INFO
	metrics.sample.window.ms = 30000
	partitioner.adaptive.partitioning.enable = true
	partitioner.availability.timeout.ms = 0
	partitioner.class = null
	partitioner.ignore.keys = false
	receive.buffer.bytes = 32768
	reconnect.backoff.max.ms = 1000
	reconnect.backoff.ms = 50
	request.timeout.ms = 5000
	retries = 2147483647
	retry.backoff.max.ms = 1000
	retry.backoff.ms = 100
	sasl.client.callback.handler.class = null
	sasl.jaas.config = null
	sasl.kerberos.kinit.cmd = /usr/bin/kinit
	sasl.kerberos.min.time.before.relogin = 60000
	sasl.kerberos.service.name = null
	sasl.kerberos.ticket.renew.jitter = 0.05
	sasl.kerberos.ticket.renew.window.factor = 0.8
	sasl.login.callback.handler.class = null
	sasl.login.class = null
	sasl.login.connect.timeout.ms = null
	sasl.login.read.timeout.ms = null
	sasl.login.refresh.buffer.seconds = 300
	sasl.login.refresh.min.period.seconds = 60
	sasl.login.refresh.window.factor = 0.8
	sasl.login.refresh.window.jitter = 0.05
	sasl.login.retry.backoff.max.ms = 10000
	sasl.login.retry.backoff.ms = 100
	sasl.mechanism = GSSAPI
	sasl.oauthbearer.clock.skew.seconds = 30
	sasl.oauthbearer.expected.audience = null
	sasl.oauthbearer.expected.issuer = null
	sasl.oauthbearer.header.urlencode = false
	sasl.oauthbearer.jwks.endpoint.refresh.ms = 3600000
	sasl.oauthbearer.jwks.endpoint.retry.backoff.max.ms = 10000
	sasl.oauthbearer.jwks.endpoint.retry.backoff.ms = 100
	sasl.oauthbearer.jwks.endpoint.url = null
	sasl.oauthbearer.scope.claim.name = scope
	sasl.oauthbearer.sub.claim.name = sub
	sasl.oauthbearer.token.endpoint.url = null
	security.protocol = PLAINTEXT
	security.providers = null
	send.buffer.bytes = 131072
	socket.connection.setup.timeout.max.ms = 30000
	socket.connection.setup.timeout.ms = 10000
	ssl.cipher.suites = null
	ssl.enabled.protocols = [TLSv1.2, TLSv1.3]
	ssl.endpoint.identification.algorithm = https
	ssl.engine.factory.class = null
	ssl.key.password = null
	ssl.keymanager.algorithm = SunX509
	ssl.keystore.certificate.chain = null
	ssl.keystore.key = null
	ssl.keystore.location = null
	ssl.keystore.password = null
	ssl.keystore.type = JKS
	ssl.protocol = TLSv1.3
	ssl.provider = null
	ssl.secure.random.implementation = null
	ssl.trustmanager.algorithm = PKIX
	ssl.truststore.certificates = null
	ssl.truststore.location = null
	ssl.truststore.password = null
	ssl.truststore.type = JKS
	transaction.timeout.ms = 60000
	transactional.id = null
	value.serializer = class io.apicurio.registry.serde.avro.AvroKafkaSerializer

2025-08-13 18:22:28,719 INFO  [org.apa.kaf.com.tel.int.KafkaMetricsCollector] (main) initializing Kafka metrics collector
2025-08-13 18:22:28,722 INFO  [org.apa.kaf.cli.pro.KafkaProducer] (main) [Producer clientId=Producer-topic-389d6b1d_fe28_4bfe_904f_c2149c4bdb9a] Instantiated an idempotent producer.
2025-08-13 18:22:28,724 INFO  [org.apa.kaf.cli.pro.ProducerConfig] (main) These configurations '[apicurio.registry.url, apicurio.registry.artifact-resolver-strategy]' were supplied but are not used yet.
2025-08-13 18:22:28,724 INFO  [org.apa.kaf.com.uti.AppInfoParser] (main) Kafka version: 3.9.1
2025-08-13 18:22:28,724 INFO  [org.apa.kaf.com.uti.AppInfoParser] (main) Kafka commitId: f745dfdcee2b9851
2025-08-13 18:22:28,724 INFO  [org.apa.kaf.com.uti.AppInfoParser] (main) Kafka startTimeMs: 1755109348724
2025-08-13 18:22:28,724 INFO  [io.api.tes.ser.api.SimpleSerdesTesterBuilder$SimpleSerdesTester] (main) Using producer configuration: {apicurio.registry.url=http://registry-app-pg17.apps.ci419.apicurio-testing.org:80/apis/registry/v3, apicurio.registry.artifact-resolver-strategy=io.apicurio.registry.serde.strategy.TopicIdStrategy, value.serializer=io.apicurio.registry.serde.avro.AvroKafkaSerializer, request.timeout.ms=5000, acks=all, bootstrap.servers=PLAINTEXT://localhost:32769, connections.max.idle.ms=10000, key.serializer=org.apache.kafka.common.serialization.StringSerializer, client.id=Producer-topic-389d6b1d_fe28_4bfe_904f_c2149c4bdb9a}
2025-08-13 18:22:28,724 INFO  [io.api.tes.ser.api.SimpleSerdesTesterBuilder$SimpleSerdesTester] (main) Using consumer configuration: {}
2025-08-13 18:22:28,725 INFO  [io.api.tes.ser.api.KafkaSerdesTester] (Thread-906) Sending message {"key1": "value-0"} to topic topic-389d6b1d_fe28_4bfe_904f_c2149c4bdb9a
2025-08-13 18:22:28,727 INFO  [org.apa.kaf.cli.Metadata] (kafka-producer-network-thread | Producer-topic-389d6b1d_fe28_4bfe_904f_c2149c4bdb9a) [Producer clientId=Producer-topic-389d6b1d_fe28_4bfe_904f_c2149c4bdb9a] Cluster ID: sAToZ0WATkWwuQb_OH8PpQ
2025-08-13 18:22:28,727 INFO  [org.apa.kaf.cli.pro.int.TransactionManager] (kafka-producer-network-thread | Producer-topic-389d6b1d_fe28_4bfe_904f_c2149c4bdb9a) [Producer clientId=Producer-topic-389d6b1d_fe28_4bfe_904f_c2149c4bdb9a] ProducerId set to 56 with epoch 0
2025-08-13 18:22:28,727 INFO  [DefaultSchemaResolver] (Thread-906) Retrieving schema content using string: {"type":"record","name":"myrecordconfluent1","fields":[{"name":"key1","type":"string"}]}
2025-08-13 18:22:28,814 INFO  [io.api.tes.ser.api.KafkaSerdesTester] (Thread-906) Sending message {"key1": "value-1"} to topic topic-389d6b1d_fe28_4bfe_904f_c2149c4bdb9a
2025-08-13 18:22:28,815 INFO  [io.api.tes.ser.api.KafkaSerdesTester] (Thread-906) Sending message {"key1": "value-2"} to topic topic-389d6b1d_fe28_4bfe_904f_c2149c4bdb9a
2025-08-13 18:22:28,816 INFO  [io.api.tes.ser.api.KafkaSerdesTester] (Thread-906) Sending message {"key1": "value-3"} to topic topic-389d6b1d_fe28_4bfe_904f_c2149c4bdb9a
2025-08-13 18:22:28,819 INFO  [io.api.tes.ser.api.KafkaSerdesTester] (Thread-906) Sending message {"key1": "value-4"} to topic topic-389d6b1d_fe28_4bfe_904f_c2149c4bdb9a
2025-08-13 18:22:28,820 INFO  [io.api.tes.ser.api.KafkaSerdesTester] (Thread-906) Sending message {"key1": "value-5"} to topic topic-389d6b1d_fe28_4bfe_904f_c2149c4bdb9a
2025-08-13 18:22:28,822 INFO  [io.api.tes.ser.api.KafkaSerdesTester] (Thread-906) Sending message {"key1": "value-6"} to topic topic-389d6b1d_fe28_4bfe_904f_c2149c4bdb9a
2025-08-13 18:22:28,823 INFO  [io.api.tes.ser.api.KafkaSerdesTester] (Thread-906) Sending message {"key1": "value-7"} to topic topic-389d6b1d_fe28_4bfe_904f_c2149c4bdb9a
2025-08-13 18:22:28,824 INFO  [io.api.tes.ser.api.KafkaSerdesTester] (Thread-906) Sending message {"key1": "value-8"} to topic topic-389d6b1d_fe28_4bfe_904f_c2149c4bdb9a
2025-08-13 18:22:28,825 INFO  [io.api.tes.ser.api.KafkaSerdesTester] (Thread-906) Sending message {"key1": "value-9"} to topic topic-389d6b1d_fe28_4bfe_904f_c2149c4bdb9a
2025-08-13 18:22:28,826 INFO  [io.api.tes.ser.api.KafkaSerdesTester] (Thread-906) Produced 10 messages
2025-08-13 18:22:28,826 INFO  [org.apa.kaf.cli.pro.KafkaProducer] (Thread-906) [Producer clientId=Producer-topic-389d6b1d_fe28_4bfe_904f_c2149c4bdb9a] Closing the Kafka producer with timeoutMillis = 9223372036854775807 ms.
2025-08-13 18:22:28,828 INFO  [org.apa.kaf.com.met.Metrics] (Thread-906) Metrics scheduler closed
2025-08-13 18:22:28,828 INFO  [org.apa.kaf.com.met.Metrics] (Thread-906) Closing reporter org.apache.kafka.common.metrics.JmxReporter
2025-08-13 18:22:28,828 INFO  [org.apa.kaf.com.met.Metrics] (Thread-906) Closing reporter org.apache.kafka.common.telemetry.internals.ClientTelemetryReporter
2025-08-13 18:22:28,828 INFO  [org.apa.kaf.com.met.Metrics] (Thread-906) Metrics reporters closed
2025-08-13 18:22:28,828 INFO  [org.apa.kaf.com.uti.AppInfoParser] (Thread-906) App info kafka.producer for Producer-topic-389d6b1d_fe28_4bfe_904f_c2149c4bdb9a unregistered
**** Registry Base URL: http://registry-app-pg17.apps.ci419.apicurio-testing.org:80
2025-08-13 18:22:28,830 INFO  [org.apa.kaf.cli.con.ConsumerConfig] (main) ConsumerConfig values: 
	allow.auto.create.topics = true
	auto.commit.interval.ms = 500
	auto.include.jmx.reporter = true
	auto.offset.reset = earliest
	bootstrap.servers = [PLAINTEXT://localhost:32769]
	check.crcs = true
	client.dns.lookup = use_all_dns_ips
	client.id = consumer-Consumer-topic-389d6b1d_fe28_4bfe_904f_c2149c4bdb9a-42
	client.rack = 
	connections.max.idle.ms = 10000
	default.api.timeout.ms = 60000
	enable.auto.commit = true
	enable.metrics.push = true
	exclude.internal.topics = true
	fetch.max.bytes = 52428800
	fetch.max.wait.ms = 500
	fetch.min.bytes = 1
	group.id = Consumer-topic-389d6b1d_fe28_4bfe_904f_c2149c4bdb9a
	group.instance.id = null
	group.protocol = classic
	group.remote.assignor = null
	heartbeat.interval.ms = 3000
	interceptor.classes = []
	internal.leave.group.on.close = true
	internal.throw.on.fetch.stable.offset.unsupported = false
	isolation.level = read_uncommitted
	key.deserializer = class org.apache.kafka.common.serialization.StringDeserializer
	max.partition.fetch.bytes = 1048576
	max.poll.interval.ms = 300000
	max.poll.records = 500
	metadata.max.age.ms = 300000
	metadata.recovery.strategy = none
	metric.reporters = []
	metrics.num.samples = 2
	metrics.recording.level = INFO
	metrics.sample.window.ms = 30000
	partition.assignment.strategy = [class org.apache.kafka.clients.consumer.RangeAssignor, class org.apache.kafka.clients.consumer.CooperativeStickyAssignor]
	receive.buffer.bytes = 65536
	reconnect.backoff.max.ms = 1000
	reconnect.backoff.ms = 50
	request.timeout.ms = 5000
	retry.backoff.max.ms = 1000
	retry.backoff.ms = 100
	sasl.client.callback.handler.class = null
	sasl.jaas.config = null
	sasl.kerberos.kinit.cmd = /usr/bin/kinit
	sasl.kerberos.min.time.before.relogin = 60000
	sasl.kerberos.service.name = null
	sasl.kerberos.ticket.renew.jitter = 0.05
	sasl.kerberos.ticket.renew.window.factor = 0.8
	sasl.login.callback.handler.class = null
	sasl.login.class = null
	sasl.login.connect.timeout.ms = null
	sasl.login.read.timeout.ms = null
	sasl.login.refresh.buffer.seconds = 300
	sasl.login.refresh.min.period.seconds = 60
	sasl.login.refresh.window.factor = 0.8
	sasl.login.refresh.window.jitter = 0.05
	sasl.login.retry.backoff.max.ms = 10000
	sasl.login.retry.backoff.ms = 100
	sasl.mechanism = GSSAPI
	sasl.oauthbearer.clock.skew.seconds = 30
	sasl.oauthbearer.expected.audience = null
	sasl.oauthbearer.expected.issuer = null
	sasl.oauthbearer.header.urlencode = false
	sasl.oauthbearer.jwks.endpoint.refresh.ms = 3600000
	sasl.oauthbearer.jwks.endpoint.retry.backoff.max.ms = 10000
	sasl.oauthbearer.jwks.endpoint.retry.backoff.ms = 100
	sasl.oauthbearer.jwks.endpoint.url = null
	sasl.oauthbearer.scope.claim.name = scope
	sasl.oauthbearer.sub.claim.name = sub
	sasl.oauthbearer.token.endpoint.url = null
	security.protocol = PLAINTEXT
	security.providers = null
	send.buffer.bytes = 131072
	session.timeout.ms = 45000
	socket.connection.setup.timeout.max.ms = 30000
	socket.connection.setup.timeout.ms = 10000
	ssl.cipher.suites = null
	ssl.enabled.protocols = [TLSv1.2, TLSv1.3]
	ssl.endpoint.identification.algorithm = https
	ssl.engine.factory.class = null
	ssl.key.password = null
	ssl.keymanager.algorithm = SunX509
	ssl.keystore.certificate.chain = null
	ssl.keystore.key = null
	ssl.keystore.location = null
	ssl.keystore.password = null
	ssl.keystore.type = JKS
	ssl.protocol = TLSv1.3
	ssl.provider = null
	ssl.secure.random.implementation = null
	ssl.trustmanager.algorithm = PKIX
	ssl.truststore.certificates = null
	ssl.truststore.location = null
	ssl.truststore.password = null
	ssl.truststore.type = JKS
	value.deserializer = class io.confluent.kafka.serializers.KafkaAvroDeserializer

2025-08-13 18:22:28,830 INFO  [org.apa.kaf.com.tel.int.KafkaMetricsCollector] (main) initializing Kafka metrics collector
2025-08-13 18:22:28,830 INFO  [io.con.kaf.ser.KafkaAvroDeserializerConfig] (main) KafkaAvroDeserializerConfig values: 
	auto.register.schemas = true
	avro.reflection.allow.null = false
	avro.use.logical.type.converters = false
	basic.auth.credentials.source = URL
	basic.auth.user.info = [hidden]
	bearer.auth.cache.expiry.buffer.seconds = 300
	bearer.auth.client.id = null
	bearer.auth.client.secret = null
	bearer.auth.credentials.source = STATIC_TOKEN
	bearer.auth.custom.provider.class = null
	bearer.auth.identity.pool.id = null
	bearer.auth.issuer.endpoint.url = null
	bearer.auth.logical.cluster = null
	bearer.auth.scope = null
	bearer.auth.scope.claim.name = scope
	bearer.auth.sub.claim.name = sub
	bearer.auth.token = [hidden]
	context.name.strategy = class io.confluent.kafka.serializers.context.NullContextNameStrategy
	http.connect.timeout.ms = 60000
	http.read.timeout.ms = 60000
	id.compatibility.strict = true
	key.schema.id.deserializer = class io.confluent.kafka.serializers.schema.id.DualSchemaIdDeserializer
	key.schema.id.serializer = class io.confluent.kafka.serializers.schema.id.PrefixSchemaIdSerializer
	key.subject.name.strategy = class io.confluent.kafka.serializers.subject.TopicNameStrategy
	latest.cache.size = 1000
	latest.cache.ttl.sec = -1
	latest.compatibility.strict = true
	max.retries = 3
	max.schemas.per.subject = 1000
	normalize.schemas = false
	propagate.schema.tags = false
	proxy.host = 
	proxy.port = -1
	retries.max.wait.ms = 20000
	retries.wait.ms = 1000
	rule.actions = []
	rule.executors = []
	rule.service.loader.enable = true
	schema.format = null
	schema.reflection = false
	schema.registry.basic.auth.user.info = [hidden]
	schema.registry.ssl.cipher.suites = null
	schema.registry.ssl.enabled.protocols = [TLSv1.2, TLSv1.3]
	schema.registry.ssl.endpoint.identification.algorithm = https
	schema.registry.ssl.engine.factory.class = null
	schema.registry.ssl.key.password = null
	schema.registry.ssl.keymanager.algorithm = SunX509
	schema.registry.ssl.keystore.certificate.chain = null
	schema.registry.ssl.keystore.key = null
	schema.registry.ssl.keystore.location = null
	schema.registry.ssl.keystore.password = null
	schema.registry.ssl.keystore.type = JKS
	schema.registry.ssl.protocol = TLSv1.3
	schema.registry.ssl.provider = null
	schema.registry.ssl.secure.random.implementation = null
	schema.registry.ssl.trustmanager.algorithm = PKIX
	schema.registry.ssl.truststore.certificates = null
	schema.registry.ssl.truststore.location = null
	schema.registry.ssl.truststore.password = null
	schema.registry.ssl.truststore.type = JKS
	schema.registry.url = [http://registry-app-pg17.apps.ci419.apicurio-testing.org:80/apis/ccompat/v7]
	schema.registry.url.randomize = false
	specific.avro.key.type = null
	specific.avro.reader = false
	specific.avro.value.type = null
	use.latest.version = false
	use.latest.with.metadata = null
	use.schema.id = -1
	value.schema.id.deserializer = class io.confluent.kafka.serializers.schema.id.DualSchemaIdDeserializer
	value.schema.id.serializer = class io.confluent.kafka.serializers.schema.id.PrefixSchemaIdSerializer
	value.subject.name.strategy = class io.confluent.kafka.serializers.subject.TopicNameStrategy

2025-08-13 18:22:28,837 INFO  [org.apa.kaf.cli.con.ConsumerConfig] (main) These configurations '[schema.registry.url]' were supplied but are not used yet.
2025-08-13 18:22:28,837 INFO  [org.apa.kaf.com.uti.AppInfoParser] (main) Kafka version: 3.9.1
2025-08-13 18:22:28,837 INFO  [org.apa.kaf.com.uti.AppInfoParser] (main) Kafka commitId: f745dfdcee2b9851
2025-08-13 18:22:28,837 INFO  [org.apa.kaf.com.uti.AppInfoParser] (main) Kafka startTimeMs: 1755109348837
2025-08-13 18:22:28,838 INFO  [org.apa.kaf.cli.con.int.ClassicKafkaConsumer] (Thread-907) [Consumer clientId=consumer-Consumer-topic-389d6b1d_fe28_4bfe_904f_c2149c4bdb9a-42, groupId=Consumer-topic-389d6b1d_fe28_4bfe_904f_c2149c4bdb9a] Subscribed to topic(s): topic-389d6b1d_fe28_4bfe_904f_c2149c4bdb9a
2025-08-13 18:22:28,843 INFO  [org.apa.kaf.cli.Metadata] (Thread-907) [Consumer clientId=consumer-Consumer-topic-389d6b1d_fe28_4bfe_904f_c2149c4bdb9a-42, groupId=Consumer-topic-389d6b1d_fe28_4bfe_904f_c2149c4bdb9a] Cluster ID: sAToZ0WATkWwuQb_OH8PpQ
2025-08-13 18:22:28,843 INFO  [org.apa.kaf.cli.con.int.ConsumerCoordinator] (Thread-907) [Consumer clientId=consumer-Consumer-topic-389d6b1d_fe28_4bfe_904f_c2149c4bdb9a-42, groupId=Consumer-topic-389d6b1d_fe28_4bfe_904f_c2149c4bdb9a] Discovered group coordinator localhost:32769 (id: 2147483647 rack: null)
2025-08-13 18:22:28,844 INFO  [org.apa.kaf.cli.con.int.ConsumerCoordinator] (Thread-907) [Consumer clientId=consumer-Consumer-topic-389d6b1d_fe28_4bfe_904f_c2149c4bdb9a-42, groupId=Consumer-topic-389d6b1d_fe28_4bfe_904f_c2149c4bdb9a] (Re-)joining group
2025-08-13 18:22:28,847 INFO  [org.apa.kaf.cli.con.int.ConsumerCoordinator] (Thread-907) [Consumer clientId=consumer-Consumer-topic-389d6b1d_fe28_4bfe_904f_c2149c4bdb9a-42, groupId=Consumer-topic-389d6b1d_fe28_4bfe_904f_c2149c4bdb9a] Request joining group due to: need to re-join with the given member-id: consumer-Consumer-topic-389d6b1d_fe28_4bfe_904f_c2149c4bdb9a-42-15a5afa9-47d7-4791-9d16-7b7ecd6439e2
2025-08-13 18:22:28,847 INFO  [org.apa.kaf.cli.con.int.ConsumerCoordinator] (Thread-907) [Consumer clientId=consumer-Consumer-topic-389d6b1d_fe28_4bfe_904f_c2149c4bdb9a-42, groupId=Consumer-topic-389d6b1d_fe28_4bfe_904f_c2149c4bdb9a] (Re-)joining group
2025-08-13 18:22:29,838 INFO  [io.api.tes.ser.api.KafkaSerdesTester] (Thread-907) None found
2025-08-13 18:22:30,838 INFO  [io.api.tes.ser.api.KafkaSerdesTester] (Thread-907) None found
2025-08-13 18:22:31,838 INFO  [io.api.tes.ser.api.KafkaSerdesTester] (Thread-907) None found
2025-08-13 18:22:31,849 INFO  [org.apa.kaf.cli.con.int.ConsumerCoordinator] (Thread-907) [Consumer clientId=consumer-Consumer-topic-389d6b1d_fe28_4bfe_904f_c2149c4bdb9a-42, groupId=Consumer-topic-389d6b1d_fe28_4bfe_904f_c2149c4bdb9a] Successfully joined group with generation Generation{generationId=1, memberId='consumer-Consumer-topic-389d6b1d_fe28_4bfe_904f_c2149c4bdb9a-42-15a5afa9-47d7-4791-9d16-7b7ecd6439e2', protocol='range'}
2025-08-13 18:22:31,850 INFO  [org.apa.kaf.cli.con.int.ConsumerCoordinator] (Thread-907) [Consumer clientId=consumer-Consumer-topic-389d6b1d_fe28_4bfe_904f_c2149c4bdb9a-42, groupId=Consumer-topic-389d6b1d_fe28_4bfe_904f_c2149c4bdb9a] Finished assignment for group at generation 1: {consumer-Consumer-topic-389d6b1d_fe28_4bfe_904f_c2149c4bdb9a-42-15a5afa9-47d7-4791-9d16-7b7ecd6439e2=Assignment(partitions=[topic-389d6b1d_fe28_4bfe_904f_c2149c4bdb9a-0])}
2025-08-13 18:22:31,856 INFO  [org.apa.kaf.cli.con.int.ConsumerCoordinator] (Thread-907) [Consumer clientId=consumer-Consumer-topic-389d6b1d_fe28_4bfe_904f_c2149c4bdb9a-42, groupId=Consumer-topic-389d6b1d_fe28_4bfe_904f_c2149c4bdb9a] Successfully synced group in generation Generation{generationId=1, memberId='consumer-Consumer-topic-389d6b1d_fe28_4bfe_904f_c2149c4bdb9a-42-15a5afa9-47d7-4791-9d16-7b7ecd6439e2', protocol='range'}
2025-08-13 18:22:31,856 INFO  [org.apa.kaf.cli.con.int.ConsumerCoordinator] (Thread-907) [Consumer clientId=consumer-Consumer-topic-389d6b1d_fe28_4bfe_904f_c2149c4bdb9a-42, groupId=Consumer-topic-389d6b1d_fe28_4bfe_904f_c2149c4bdb9a] Notifying assignor about the new Assignment(partitions=[topic-389d6b1d_fe28_4bfe_904f_c2149c4bdb9a-0])
2025-08-13 18:22:31,856 INFO  [org.apa.kaf.cli.con.int.ConsumerRebalanceListenerInvoker] (Thread-907) [Consumer clientId=consumer-Consumer-topic-389d6b1d_fe28_4bfe_904f_c2149c4bdb9a-42, groupId=Consumer-topic-389d6b1d_fe28_4bfe_904f_c2149c4bdb9a] Adding newly assigned partitions: topic-389d6b1d_fe28_4bfe_904f_c2149c4bdb9a-0
2025-08-13 18:22:31,857 INFO  [org.apa.kaf.cli.con.int.ConsumerCoordinator] (Thread-907) [Consumer clientId=consumer-Consumer-topic-389d6b1d_fe28_4bfe_904f_c2149c4bdb9a-42, groupId=Consumer-topic-389d6b1d_fe28_4bfe_904f_c2149c4bdb9a] Found no committed offset for partition topic-389d6b1d_fe28_4bfe_904f_c2149c4bdb9a-0
2025-08-13 18:22:31,861 INFO  [org.apa.kaf.cli.con.int.SubscriptionState] (Thread-907) [Consumer clientId=consumer-Consumer-topic-389d6b1d_fe28_4bfe_904f_c2149c4bdb9a-42, groupId=Consumer-topic-389d6b1d_fe28_4bfe_904f_c2149c4bdb9a] Resetting offset for partition topic-389d6b1d_fe28_4bfe_904f_c2149c4bdb9a-0 to position FetchPosition{offset=0, offsetEpoch=Optional.empty, currentLeader=LeaderAndEpoch{leader=Optional[localhost:32769 (id: 0 rack: null)], epoch=0}}.
2025-08-13 18:22:31,912 INFO  [io.api.tes.ser.api.KafkaSerdesTester] (Thread-907) topic-389d6b1d_fe28_4bfe_904f_c2149c4bdb9a 0 0 {"key1": "value-0"}
2025-08-13 18:22:31,921 INFO  [io.api.tes.ser.api.KafkaSerdesTester] (Thread-907) topic-389d6b1d_fe28_4bfe_904f_c2149c4bdb9a 0 1 {"key1": "value-1"}
2025-08-13 18:22:31,921 INFO  [io.api.tes.ser.api.KafkaSerdesTester] (Thread-907) topic-389d6b1d_fe28_4bfe_904f_c2149c4bdb9a 0 2 {"key1": "value-2"}
2025-08-13 18:22:31,922 INFO  [io.api.tes.ser.api.KafkaSerdesTester] (Thread-907) topic-389d6b1d_fe28_4bfe_904f_c2149c4bdb9a 0 3 {"key1": "value-3"}
2025-08-13 18:22:31,922 INFO  [io.api.tes.ser.api.KafkaSerdesTester] (Thread-907) topic-389d6b1d_fe28_4bfe_904f_c2149c4bdb9a 0 4 {"key1": "value-4"}
2025-08-13 18:22:31,922 INFO  [io.api.tes.ser.api.KafkaSerdesTester] (Thread-907) topic-389d6b1d_fe28_4bfe_904f_c2149c4bdb9a 0 5 {"key1": "value-5"}
2025-08-13 18:22:31,922 INFO  [io.api.tes.ser.api.KafkaSerdesTester] (Thread-907) topic-389d6b1d_fe28_4bfe_904f_c2149c4bdb9a 0 6 {"key1": "value-6"}
2025-08-13 18:22:31,922 INFO  [io.api.tes.ser.api.KafkaSerdesTester] (Thread-907) topic-389d6b1d_fe28_4bfe_904f_c2149c4bdb9a 0 7 {"key1": "value-7"}
2025-08-13 18:22:31,922 INFO  [io.api.tes.ser.api.KafkaSerdesTester] (Thread-907) topic-389d6b1d_fe28_4bfe_904f_c2149c4bdb9a 0 8 {"key1": "value-8"}
2025-08-13 18:22:31,922 INFO  [io.api.tes.ser.api.KafkaSerdesTester] (Thread-907) topic-389d6b1d_fe28_4bfe_904f_c2149c4bdb9a 0 9 {"key1": "value-9"}
2025-08-13 18:22:31,922 INFO  [io.api.tes.ser.api.KafkaSerdesTester] (Thread-907) Consumed 10 messages
2025-08-13 18:22:31,929 INFO  [org.apa.kaf.cli.con.int.ConsumerRebalanceListenerInvoker] (Thread-907) [Consumer clientId=consumer-Consumer-topic-389d6b1d_fe28_4bfe_904f_c2149c4bdb9a-42, groupId=Consumer-topic-389d6b1d_fe28_4bfe_904f_c2149c4bdb9a] Revoke previously assigned partitions topic-389d6b1d_fe28_4bfe_904f_c2149c4bdb9a-0
2025-08-13 18:22:31,929 INFO  [org.apa.kaf.cli.con.int.ConsumerCoordinator] (Thread-907) [Consumer clientId=consumer-Consumer-topic-389d6b1d_fe28_4bfe_904f_c2149c4bdb9a-42, groupId=Consumer-topic-389d6b1d_fe28_4bfe_904f_c2149c4bdb9a] Member consumer-Consumer-topic-389d6b1d_fe28_4bfe_904f_c2149c4bdb9a-42-15a5afa9-47d7-4791-9d16-7b7ecd6439e2 sending LeaveGroup request to coordinator localhost:32769 (id: 2147483647 rack: null) due to the consumer is being closed
2025-08-13 18:22:31,930 INFO  [org.apa.kaf.cli.con.int.ConsumerCoordinator] (Thread-907) [Consumer clientId=consumer-Consumer-topic-389d6b1d_fe28_4bfe_904f_c2149c4bdb9a-42, groupId=Consumer-topic-389d6b1d_fe28_4bfe_904f_c2149c4bdb9a] Resetting generation and member id due to: consumer pro-actively leaving the group
2025-08-13 18:22:31,930 INFO  [org.apa.kaf.cli.con.int.ConsumerCoordinator] (Thread-907) [Consumer clientId=consumer-Consumer-topic-389d6b1d_fe28_4bfe_904f_c2149c4bdb9a-42, groupId=Consumer-topic-389d6b1d_fe28_4bfe_904f_c2149c4bdb9a] Request joining group due to: consumer pro-actively leaving the group
2025-08-13 18:22:32,413 INFO  [org.apa.kaf.com.met.Metrics] (Thread-907) Metrics scheduler closed
2025-08-13 18:22:32,413 INFO  [org.apa.kaf.com.met.Metrics] (Thread-907) Closing reporter org.apache.kafka.common.metrics.JmxReporter
2025-08-13 18:22:32,413 INFO  [org.apa.kaf.com.met.Metrics] (Thread-907) Closing reporter org.apache.kafka.common.telemetry.internals.ClientTelemetryReporter
2025-08-13 18:22:32,413 INFO  [org.apa.kaf.com.met.Metrics] (Thread-907) Metrics reporters closed
2025-08-13 18:22:32,415 INFO  [org.apa.kaf.com.uti.AppInfoParser] (Thread-907) App info kafka.consumer for consumer-Consumer-topic-389d6b1d_fe28_4bfe_904f_c2149c4bdb9a-42 unregistered
2025-08-13 18:22:32,511 INFO  [io.api.tes.ser.con.BasicConfluentSerDesIT] (main) Deleting confluent schema topic-389d6b1d_fe28_4bfe_904f_c2149c4bdb9a-value
2025-08-13 18:22:32,563 INFO  [io.api.tes.uti.TestSeparator] (main) io.apicurio.tests.serdes.confluent.BasicConfluentSerDesIT.testAvroApicurioConfluent-FINISHED
2025-08-13 18:22:32,563 INFO  [io.api.tes.uti.TestSeparator] (main) ############################################################################
Test passed: testAvroApicurioConfluent
]]></system-out>
  </testcase>
  <testcase name="testAvroConfluentSerDesFail" classname="io.apicurio.tests.serdes.confluent.BasicConfluentSerDesIT" time="0.373">
    <system-out><![CDATA[2025-08-13 18:22:32,565 INFO  [io.api.tes.uti.TestSeparator] (main) ############################################################################
2025-08-13 18:22:32,565 INFO  [io.api.tes.uti.TestSeparator] (main) io.apicurio.tests.serdes.confluent.BasicConfluentSerDesIT.testAvroConfluentSerDesFail-STARTED
2025-08-13 18:22:32,679 INFO  [io.api.tes.ser.con.BasicConfluentSerDesIT] (main) Checking that created schema is equal to the get schema
2025-08-13 18:22:32,729 INFO  [io.api.tes.ser.con.BasicConfluentSerDesIT] (main) Created schema with id:55 and name:myrecordconfluent2
**** Registry Base URL: http://registry-app-pg17.apps.ci419.apicurio-testing.org:80
2025-08-13 18:22:32,730 INFO  [org.apa.kaf.cli.pro.ProducerConfig] (main) ProducerConfig values: 
	acks = -1
	auto.include.jmx.reporter = true
	batch.size = 16384
	bootstrap.servers = [PLAINTEXT://localhost:32769]
	buffer.memory = 33554432
	client.dns.lookup = use_all_dns_ips
	client.id = Producer-topic-8f738b2a_385d_4433_8081_95248613bb5a
	compression.gzip.level = -1
	compression.lz4.level = 9
	compression.type = none
	compression.zstd.level = 3
	connections.max.idle.ms = 10000
	delivery.timeout.ms = 120000
	enable.idempotence = true
	enable.metrics.push = true
	interceptor.classes = []
	key.serializer = class org.apache.kafka.common.serialization.StringSerializer
	linger.ms = 0
	max.block.ms = 60000
	max.in.flight.requests.per.connection = 5
	max.request.size = 1048576
	metadata.max.age.ms = 300000
	metadata.max.idle.ms = 300000
	metadata.recovery.strategy = none
	metric.reporters = []
	metrics.num.samples = 2
	metrics.recording.level = INFO
	metrics.sample.window.ms = 30000
	partitioner.adaptive.partitioning.enable = true
	partitioner.availability.timeout.ms = 0
	partitioner.class = null
	partitioner.ignore.keys = false
	receive.buffer.bytes = 32768
	reconnect.backoff.max.ms = 1000
	reconnect.backoff.ms = 50
	request.timeout.ms = 5000
	retries = 2147483647
	retry.backoff.max.ms = 1000
	retry.backoff.ms = 100
	sasl.client.callback.handler.class = null
	sasl.jaas.config = null
	sasl.kerberos.kinit.cmd = /usr/bin/kinit
	sasl.kerberos.min.time.before.relogin = 60000
	sasl.kerberos.service.name = null
	sasl.kerberos.ticket.renew.jitter = 0.05
	sasl.kerberos.ticket.renew.window.factor = 0.8
	sasl.login.callback.handler.class = null
	sasl.login.class = null
	sasl.login.connect.timeout.ms = null
	sasl.login.read.timeout.ms = null
	sasl.login.refresh.buffer.seconds = 300
	sasl.login.refresh.min.period.seconds = 60
	sasl.login.refresh.window.factor = 0.8
	sasl.login.refresh.window.jitter = 0.05
	sasl.login.retry.backoff.max.ms = 10000
	sasl.login.retry.backoff.ms = 100
	sasl.mechanism = GSSAPI
	sasl.oauthbearer.clock.skew.seconds = 30
	sasl.oauthbearer.expected.audience = null
	sasl.oauthbearer.expected.issuer = null
	sasl.oauthbearer.header.urlencode = false
	sasl.oauthbearer.jwks.endpoint.refresh.ms = 3600000
	sasl.oauthbearer.jwks.endpoint.retry.backoff.max.ms = 10000
	sasl.oauthbearer.jwks.endpoint.retry.backoff.ms = 100
	sasl.oauthbearer.jwks.endpoint.url = null
	sasl.oauthbearer.scope.claim.name = scope
	sasl.oauthbearer.sub.claim.name = sub
	sasl.oauthbearer.token.endpoint.url = null
	security.protocol = PLAINTEXT
	security.providers = null
	send.buffer.bytes = 131072
	socket.connection.setup.timeout.max.ms = 30000
	socket.connection.setup.timeout.ms = 10000
	ssl.cipher.suites = null
	ssl.enabled.protocols = [TLSv1.2, TLSv1.3]
	ssl.endpoint.identification.algorithm = https
	ssl.engine.factory.class = null
	ssl.key.password = null
	ssl.keymanager.algorithm = SunX509
	ssl.keystore.certificate.chain = null
	ssl.keystore.key = null
	ssl.keystore.location = null
	ssl.keystore.password = null
	ssl.keystore.type = JKS
	ssl.protocol = TLSv1.3
	ssl.provider = null
	ssl.secure.random.implementation = null
	ssl.trustmanager.algorithm = PKIX
	ssl.truststore.certificates = null
	ssl.truststore.location = null
	ssl.truststore.password = null
	ssl.truststore.type = JKS
	transaction.timeout.ms = 60000
	transactional.id = null
	value.serializer = class io.confluent.kafka.serializers.KafkaAvroSerializer

2025-08-13 18:22:32,730 INFO  [org.apa.kaf.com.tel.int.KafkaMetricsCollector] (main) initializing Kafka metrics collector
2025-08-13 18:22:32,731 INFO  [io.con.kaf.ser.KafkaAvroSerializerConfig] (main) KafkaAvroSerializerConfig values: 
	auto.register.schemas = false
	avro.reflection.allow.null = false
	avro.remove.java.properties = false
	avro.use.logical.type.converters = false
	basic.auth.credentials.source = URL
	basic.auth.user.info = [hidden]
	bearer.auth.cache.expiry.buffer.seconds = 300
	bearer.auth.client.id = null
	bearer.auth.client.secret = null
	bearer.auth.credentials.source = STATIC_TOKEN
	bearer.auth.custom.provider.class = null
	bearer.auth.identity.pool.id = null
	bearer.auth.issuer.endpoint.url = null
	bearer.auth.logical.cluster = null
	bearer.auth.scope = null
	bearer.auth.scope.claim.name = scope
	bearer.auth.sub.claim.name = sub
	bearer.auth.token = [hidden]
	context.name.strategy = class io.confluent.kafka.serializers.context.NullContextNameStrategy
	http.connect.timeout.ms = 60000
	http.read.timeout.ms = 60000
	id.compatibility.strict = true
	key.schema.id.deserializer = class io.confluent.kafka.serializers.schema.id.DualSchemaIdDeserializer
	key.schema.id.serializer = class io.confluent.kafka.serializers.schema.id.PrefixSchemaIdSerializer
	key.subject.name.strategy = class io.confluent.kafka.serializers.subject.TopicNameStrategy
	latest.cache.size = 1000
	latest.cache.ttl.sec = -1
	latest.compatibility.strict = true
	max.retries = 3
	max.schemas.per.subject = 1000
	normalize.schemas = false
	propagate.schema.tags = false
	proxy.host = 
	proxy.port = -1
	retries.max.wait.ms = 20000
	retries.wait.ms = 1000
	rule.actions = []
	rule.executors = []
	rule.service.loader.enable = true
	schema.format = null
	schema.reflection = false
	schema.registry.basic.auth.user.info = [hidden]
	schema.registry.ssl.cipher.suites = null
	schema.registry.ssl.enabled.protocols = [TLSv1.2, TLSv1.3]
	schema.registry.ssl.endpoint.identification.algorithm = https
	schema.registry.ssl.engine.factory.class = null
	schema.registry.ssl.key.password = null
	schema.registry.ssl.keymanager.algorithm = SunX509
	schema.registry.ssl.keystore.certificate.chain = null
	schema.registry.ssl.keystore.key = null
	schema.registry.ssl.keystore.location = null
	schema.registry.ssl.keystore.password = null
	schema.registry.ssl.keystore.type = JKS
	schema.registry.ssl.protocol = TLSv1.3
	schema.registry.ssl.provider = null
	schema.registry.ssl.secure.random.implementation = null
	schema.registry.ssl.trustmanager.algorithm = PKIX
	schema.registry.ssl.truststore.certificates = null
	schema.registry.ssl.truststore.location = null
	schema.registry.ssl.truststore.password = null
	schema.registry.ssl.truststore.type = JKS
	schema.registry.url = [http://registry-app-pg17.apps.ci419.apicurio-testing.org:80/apis/ccompat/v7]
	schema.registry.url.randomize = false
	use.latest.version = false
	use.latest.with.metadata = null
	use.schema.id = -1
	value.schema.id.deserializer = class io.confluent.kafka.serializers.schema.id.DualSchemaIdDeserializer
	value.schema.id.serializer = class io.confluent.kafka.serializers.schema.id.PrefixSchemaIdSerializer
	value.subject.name.strategy = class io.confluent.kafka.serializers.subject.RecordNameStrategy

2025-08-13 18:22:32,732 INFO  [org.apa.kaf.cli.pro.KafkaProducer] (main) [Producer clientId=Producer-topic-8f738b2a_385d_4433_8081_95248613bb5a] Instantiated an idempotent producer.
2025-08-13 18:22:32,733 INFO  [org.apa.kaf.cli.pro.ProducerConfig] (main) These configurations '[schema.registry.url, auto.register.schemas, value.subject.name.strategy]' were supplied but are not used yet.
2025-08-13 18:22:32,733 INFO  [org.apa.kaf.com.uti.AppInfoParser] (main) Kafka version: 3.9.1
2025-08-13 18:22:32,733 INFO  [org.apa.kaf.com.uti.AppInfoParser] (main) Kafka commitId: f745dfdcee2b9851
2025-08-13 18:22:32,733 INFO  [org.apa.kaf.com.uti.AppInfoParser] (main) Kafka startTimeMs: 1755109352733
2025-08-13 18:22:32,734 INFO  [io.api.tes.ser.api.KafkaSerdesTester] (Thread-908) Sending message {"wrongkey": "value-0"} to topic topic-8f738b2a_385d_4433_8081_95248613bb5a
2025-08-13 18:22:32,736 INFO  [org.apa.kaf.cli.Metadata] (kafka-producer-network-thread | Producer-topic-8f738b2a_385d_4433_8081_95248613bb5a) [Producer clientId=Producer-topic-8f738b2a_385d_4433_8081_95248613bb5a] Cluster ID: sAToZ0WATkWwuQb_OH8PpQ
2025-08-13 18:22:32,736 INFO  [org.apa.kaf.cli.pro.int.TransactionManager] (kafka-producer-network-thread | Producer-topic-8f738b2a_385d_4433_8081_95248613bb5a) [Producer clientId=Producer-topic-8f738b2a_385d_4433_8081_95248613bb5a] ProducerId set to 57 with epoch 0
2025-08-13 18:22:32,786 INFO  [org.apa.kaf.cli.pro.KafkaProducer] (Thread-908) [Producer clientId=Producer-topic-8f738b2a_385d_4433_8081_95248613bb5a] Closing the Kafka producer with timeoutMillis = 9223372036854775807 ms.
2025-08-13 18:22:32,788 INFO  [org.apa.kaf.com.met.Metrics] (Thread-908) Metrics scheduler closed
2025-08-13 18:22:32,788 INFO  [org.apa.kaf.com.met.Metrics] (Thread-908) Closing reporter org.apache.kafka.common.metrics.JmxReporter
2025-08-13 18:22:32,788 INFO  [org.apa.kaf.com.met.Metrics] (Thread-908) Closing reporter org.apache.kafka.common.telemetry.internals.ClientTelemetryReporter
2025-08-13 18:22:32,788 INFO  [org.apa.kaf.com.met.Metrics] (Thread-908) Metrics reporters closed
2025-08-13 18:22:32,788 INFO  [org.apa.kaf.com.uti.AppInfoParser] (Thread-908) App info kafka.producer for Producer-topic-8f738b2a_385d_4433_8081_95248613bb5a unregistered
2025-08-13 18:22:32,886 INFO  [io.api.tes.ser.con.BasicConfluentSerDesIT] (main) Deleting confluent schema myrecordconfluent2
2025-08-13 18:22:32,937 INFO  [io.api.tes.uti.TestSeparator] (main) io.apicurio.tests.serdes.confluent.BasicConfluentSerDesIT.testAvroConfluentSerDesFail-FINISHED
2025-08-13 18:22:32,937 INFO  [io.api.tes.uti.TestSeparator] (main) ############################################################################
Test passed: testAvroConfluentSerDesFail
]]></system-out>
  </testcase>
  <testcase name="testAvroConfluentSerDesWrongStrategyRecord" classname="io.apicurio.tests.serdes.confluent.BasicConfluentSerDesIT" time="0.364">
    <system-out><![CDATA[2025-08-13 18:22:32,938 INFO  [io.api.tes.uti.TestSeparator] (main) ############################################################################
2025-08-13 18:22:32,938 INFO  [io.api.tes.uti.TestSeparator] (main) io.apicurio.tests.serdes.confluent.BasicConfluentSerDesIT.testAvroConfluentSerDesWrongStrategyRecord-STARTED
2025-08-13 18:22:33,052 INFO  [io.api.tes.ser.con.BasicConfluentSerDesIT] (main) Checking that created schema is equal to the get schema
2025-08-13 18:22:33,102 INFO  [io.api.tes.ser.con.BasicConfluentSerDesIT] (main) Created schema with id:56 and name:myrecordconfluent4
**** Registry Base URL: http://registry-app-pg17.apps.ci419.apicurio-testing.org:80
2025-08-13 18:22:33,103 INFO  [org.apa.kaf.cli.pro.ProducerConfig] (main) ProducerConfig values: 
	acks = -1
	auto.include.jmx.reporter = true
	batch.size = 16384
	bootstrap.servers = [PLAINTEXT://localhost:32769]
	buffer.memory = 33554432
	client.dns.lookup = use_all_dns_ips
	client.id = Producer-topic-c29d3b75_92b0_49ba_aa70_b4817e5115b9
	compression.gzip.level = -1
	compression.lz4.level = 9
	compression.type = none
	compression.zstd.level = 3
	connections.max.idle.ms = 10000
	delivery.timeout.ms = 120000
	enable.idempotence = true
	enable.metrics.push = true
	interceptor.classes = []
	key.serializer = class org.apache.kafka.common.serialization.StringSerializer
	linger.ms = 0
	max.block.ms = 60000
	max.in.flight.requests.per.connection = 5
	max.request.size = 1048576
	metadata.max.age.ms = 300000
	metadata.max.idle.ms = 300000
	metadata.recovery.strategy = none
	metric.reporters = []
	metrics.num.samples = 2
	metrics.recording.level = INFO
	metrics.sample.window.ms = 30000
	partitioner.adaptive.partitioning.enable = true
	partitioner.availability.timeout.ms = 0
	partitioner.class = null
	partitioner.ignore.keys = false
	receive.buffer.bytes = 32768
	reconnect.backoff.max.ms = 1000
	reconnect.backoff.ms = 50
	request.timeout.ms = 5000
	retries = 2147483647
	retry.backoff.max.ms = 1000
	retry.backoff.ms = 100
	sasl.client.callback.handler.class = null
	sasl.jaas.config = null
	sasl.kerberos.kinit.cmd = /usr/bin/kinit
	sasl.kerberos.min.time.before.relogin = 60000
	sasl.kerberos.service.name = null
	sasl.kerberos.ticket.renew.jitter = 0.05
	sasl.kerberos.ticket.renew.window.factor = 0.8
	sasl.login.callback.handler.class = null
	sasl.login.class = null
	sasl.login.connect.timeout.ms = null
	sasl.login.read.timeout.ms = null
	sasl.login.refresh.buffer.seconds = 300
	sasl.login.refresh.min.period.seconds = 60
	sasl.login.refresh.window.factor = 0.8
	sasl.login.refresh.window.jitter = 0.05
	sasl.login.retry.backoff.max.ms = 10000
	sasl.login.retry.backoff.ms = 100
	sasl.mechanism = GSSAPI
	sasl.oauthbearer.clock.skew.seconds = 30
	sasl.oauthbearer.expected.audience = null
	sasl.oauthbearer.expected.issuer = null
	sasl.oauthbearer.header.urlencode = false
	sasl.oauthbearer.jwks.endpoint.refresh.ms = 3600000
	sasl.oauthbearer.jwks.endpoint.retry.backoff.max.ms = 10000
	sasl.oauthbearer.jwks.endpoint.retry.backoff.ms = 100
	sasl.oauthbearer.jwks.endpoint.url = null
	sasl.oauthbearer.scope.claim.name = scope
	sasl.oauthbearer.sub.claim.name = sub
	sasl.oauthbearer.token.endpoint.url = null
	security.protocol = PLAINTEXT
	security.providers = null
	send.buffer.bytes = 131072
	socket.connection.setup.timeout.max.ms = 30000
	socket.connection.setup.timeout.ms = 10000
	ssl.cipher.suites = null
	ssl.enabled.protocols = [TLSv1.2, TLSv1.3]
	ssl.endpoint.identification.algorithm = https
	ssl.engine.factory.class = null
	ssl.key.password = null
	ssl.keymanager.algorithm = SunX509
	ssl.keystore.certificate.chain = null
	ssl.keystore.key = null
	ssl.keystore.location = null
	ssl.keystore.password = null
	ssl.keystore.type = JKS
	ssl.protocol = TLSv1.3
	ssl.provider = null
	ssl.secure.random.implementation = null
	ssl.trustmanager.algorithm = PKIX
	ssl.truststore.certificates = null
	ssl.truststore.location = null
	ssl.truststore.password = null
	ssl.truststore.type = JKS
	transaction.timeout.ms = 60000
	transactional.id = null
	value.serializer = class io.confluent.kafka.serializers.KafkaAvroSerializer

2025-08-13 18:22:33,103 INFO  [org.apa.kaf.com.tel.int.KafkaMetricsCollector] (main) initializing Kafka metrics collector
2025-08-13 18:22:33,103 INFO  [io.con.kaf.ser.KafkaAvroSerializerConfig] (main) KafkaAvroSerializerConfig values: 
	auto.register.schemas = false
	avro.reflection.allow.null = false
	avro.remove.java.properties = false
	avro.use.logical.type.converters = false
	basic.auth.credentials.source = URL
	basic.auth.user.info = [hidden]
	bearer.auth.cache.expiry.buffer.seconds = 300
	bearer.auth.client.id = null
	bearer.auth.client.secret = null
	bearer.auth.credentials.source = STATIC_TOKEN
	bearer.auth.custom.provider.class = null
	bearer.auth.identity.pool.id = null
	bearer.auth.issuer.endpoint.url = null
	bearer.auth.logical.cluster = null
	bearer.auth.scope = null
	bearer.auth.scope.claim.name = scope
	bearer.auth.sub.claim.name = sub
	bearer.auth.token = [hidden]
	context.name.strategy = class io.confluent.kafka.serializers.context.NullContextNameStrategy
	http.connect.timeout.ms = 60000
	http.read.timeout.ms = 60000
	id.compatibility.strict = true
	key.schema.id.deserializer = class io.confluent.kafka.serializers.schema.id.DualSchemaIdDeserializer
	key.schema.id.serializer = class io.confluent.kafka.serializers.schema.id.PrefixSchemaIdSerializer
	key.subject.name.strategy = class io.confluent.kafka.serializers.subject.TopicNameStrategy
	latest.cache.size = 1000
	latest.cache.ttl.sec = -1
	latest.compatibility.strict = true
	max.retries = 3
	max.schemas.per.subject = 1000
	normalize.schemas = false
	propagate.schema.tags = false
	proxy.host = 
	proxy.port = -1
	retries.max.wait.ms = 20000
	retries.wait.ms = 1000
	rule.actions = []
	rule.executors = []
	rule.service.loader.enable = true
	schema.format = null
	schema.reflection = false
	schema.registry.basic.auth.user.info = [hidden]
	schema.registry.ssl.cipher.suites = null
	schema.registry.ssl.enabled.protocols = [TLSv1.2, TLSv1.3]
	schema.registry.ssl.endpoint.identification.algorithm = https
	schema.registry.ssl.engine.factory.class = null
	schema.registry.ssl.key.password = null
	schema.registry.ssl.keymanager.algorithm = SunX509
	schema.registry.ssl.keystore.certificate.chain = null
	schema.registry.ssl.keystore.key = null
	schema.registry.ssl.keystore.location = null
	schema.registry.ssl.keystore.password = null
	schema.registry.ssl.keystore.type = JKS
	schema.registry.ssl.protocol = TLSv1.3
	schema.registry.ssl.provider = null
	schema.registry.ssl.secure.random.implementation = null
	schema.registry.ssl.trustmanager.algorithm = PKIX
	schema.registry.ssl.truststore.certificates = null
	schema.registry.ssl.truststore.location = null
	schema.registry.ssl.truststore.password = null
	schema.registry.ssl.truststore.type = JKS
	schema.registry.url = [http://registry-app-pg17.apps.ci419.apicurio-testing.org:80/apis/ccompat/v7]
	schema.registry.url.randomize = false
	use.latest.version = false
	use.latest.with.metadata = null
	use.schema.id = -1
	value.schema.id.deserializer = class io.confluent.kafka.serializers.schema.id.DualSchemaIdDeserializer
	value.schema.id.serializer = class io.confluent.kafka.serializers.schema.id.PrefixSchemaIdSerializer
	value.subject.name.strategy = class io.confluent.kafka.serializers.subject.RecordNameStrategy

2025-08-13 18:22:33,105 INFO  [org.apa.kaf.cli.pro.KafkaProducer] (main) [Producer clientId=Producer-topic-c29d3b75_92b0_49ba_aa70_b4817e5115b9] Instantiated an idempotent producer.
2025-08-13 18:22:33,106 INFO  [org.apa.kaf.cli.pro.ProducerConfig] (main) These configurations '[schema.registry.url, auto.register.schemas, value.subject.name.strategy]' were supplied but are not used yet.
2025-08-13 18:22:33,106 INFO  [org.apa.kaf.com.uti.AppInfoParser] (main) Kafka version: 3.9.1
2025-08-13 18:22:33,106 INFO  [org.apa.kaf.com.uti.AppInfoParser] (main) Kafka commitId: f745dfdcee2b9851
2025-08-13 18:22:33,106 INFO  [org.apa.kaf.com.uti.AppInfoParser] (main) Kafka startTimeMs: 1755109353106
2025-08-13 18:22:33,107 INFO  [io.api.tes.ser.api.KafkaSerdesTester] (Thread-909) Sending message {"wrongkey": "value-0"} to topic topic-c29d3b75_92b0_49ba_aa70_b4817e5115b9
2025-08-13 18:22:33,110 INFO  [org.apa.kaf.cli.Metadata] (kafka-producer-network-thread | Producer-topic-c29d3b75_92b0_49ba_aa70_b4817e5115b9) [Producer clientId=Producer-topic-c29d3b75_92b0_49ba_aa70_b4817e5115b9] Cluster ID: sAToZ0WATkWwuQb_OH8PpQ
2025-08-13 18:22:33,111 INFO  [org.apa.kaf.cli.pro.int.TransactionManager] (kafka-producer-network-thread | Producer-topic-c29d3b75_92b0_49ba_aa70_b4817e5115b9) [Producer clientId=Producer-topic-c29d3b75_92b0_49ba_aa70_b4817e5115b9] ProducerId set to 58 with epoch 0
2025-08-13 18:22:33,157 INFO  [org.apa.kaf.cli.pro.KafkaProducer] (Thread-909) [Producer clientId=Producer-topic-c29d3b75_92b0_49ba_aa70_b4817e5115b9] Closing the Kafka producer with timeoutMillis = 9223372036854775807 ms.
2025-08-13 18:22:33,158 INFO  [org.apa.kaf.com.met.Metrics] (Thread-909) Metrics scheduler closed
2025-08-13 18:22:33,158 INFO  [org.apa.kaf.com.met.Metrics] (Thread-909) Closing reporter org.apache.kafka.common.metrics.JmxReporter
2025-08-13 18:22:33,158 INFO  [org.apa.kaf.com.met.Metrics] (Thread-909) Closing reporter org.apache.kafka.common.telemetry.internals.ClientTelemetryReporter
2025-08-13 18:22:33,158 INFO  [org.apa.kaf.com.met.Metrics] (Thread-909) Metrics reporters closed
2025-08-13 18:22:33,158 INFO  [org.apa.kaf.com.uti.AppInfoParser] (Thread-909) App info kafka.producer for Producer-topic-c29d3b75_92b0_49ba_aa70_b4817e5115b9 unregistered
2025-08-13 18:22:33,251 INFO  [io.api.tes.ser.con.BasicConfluentSerDesIT] (main) Deleting confluent schema topic-c29d3b75_92b0_49ba_aa70_b4817e5115b9-value
2025-08-13 18:22:33,302 INFO  [io.api.tes.uti.TestSeparator] (main) io.apicurio.tests.serdes.confluent.BasicConfluentSerDesIT.testAvroConfluentSerDesWrongStrategyRecord-FINISHED
2025-08-13 18:22:33,302 INFO  [io.api.tes.uti.TestSeparator] (main) ############################################################################
Test passed: testAvroConfluentSerDesWrongStrategyRecord
]]></system-out>
  </testcase>
</testsuite>