<?xml version="1.0" encoding="UTF-8"?>
<testsuite xmlns:xsi="http://www.w3.org/2001/XMLSchema-instance" xsi:noNamespaceSchemaLocation="https://maven.apache.org/surefire/maven-failsafe-plugin/xsd/failsafe-test-report.xsd" version="3.0.2" name="io.apicurio.tests.serdes.apicurio.AvroSerdeIT" time="111.473" tests="21" errors="0" skipped="2" failures="0">
  <properties>
    <property name="java.specification.version" value="17"/>
    <property name="sun.jnu.encoding" value="UTF-8"/>
    <property name="java.class.path" value="/home/runner/work/apicurio-testing/apicurio-testing/clusters/ci419/namespaces/pg17/tests/integration/apicurio-registry/integration-tests/target/test-classes:/home/runner/work/apicurio-testing/apicurio-testing/clusters/ci419/namespaces/pg17/tests/integration/apicurio-registry/integration-tests/target/apicurio-registry-integration-tests-3.0.12-SNAPSHOT.jar:/home/runner/.m2/repository/io/quarkus/quarkus-junit5/3.20.2/quarkus-junit5-3.20.2.jar:/home/runner/.m2/repository/io/quarkus/quarkus-bootstrap-core/3.20.2/quarkus-bootstrap-core-3.20.2.jar:/home/runner/.m2/repository/io/quarkus/quarkus-classloader-commons/3.20.2/quarkus-classloader-commons-3.20.2.jar:/home/runner/.m2/repository/io/quarkus/quarkus-bootstrap-app-model/3.20.2/quarkus-bootstrap-app-model-3.20.2.jar:/home/runner/.m2/repository/io/smallrye/common/smallrye-common-io/2.12.0/smallrye-common-io-2.12.0.jar:/home/runner/.m2/repository/org/eclipse/sisu/org.eclipse.sisu.inject/0.9.0.M3/org.eclipse.sisu.inject-0.9.0.M3.jar:/home/runner/.m2/repository/io/quarkus/quarkus-test-common/3.20.2/quarkus-test-common-3.20.2.jar:/home/runner/.m2/repository/io/quarkus/quarkus-core-deployment/3.20.2/quarkus-core-deployment-3.20.2.jar:/home/runner/.m2/repository/org/aesh/readline/2.6/readline-2.6.jar:/home/runner/.m2/repository/org/fusesource/jansi/jansi/2.4.0/jansi-2.4.0.jar:/home/runner/.m2/repository/org/aesh/aesh/2.8.2/aesh-2.8.2.jar:/home/runner/.m2/repository/io/quarkus/gizmo/gizmo/1.8.0/gizmo-1.8.0.jar:/home/runner/.m2/repository/org/ow2/asm/asm-util/9.7.1/asm-util-9.7.1.jar:/home/runner/.m2/repository/org/ow2/asm/asm-analysis/9.7.1/asm-analysis-9.7.1.jar:/home/runner/.m2/repository/org/ow2/asm/asm-commons/9.7.1/asm-commons-9.7.1.jar:/home/runner/.m2/repository/org/ow2/asm/asm-tree/9.7.1/asm-tree-9.7.1.jar:/home/runner/.m2/repository/io/quarkus/quarkus-hibernate-validator-spi/3.20.2/quarkus-hibernate-validator-spi-3.20.2.jar:/home/runner/.m2/repository/io/quarkus/quarkus-class-change-agent/3.20.2/quarkus-class-change-agent-3.20.2.jar:/home/runner/.m2/repository/io/quarkus/quarkus-devtools-utilities/3.20.2/quarkus-devtools-utilities-3.20.2.jar:/home/runner/.m2/repository/io/quarkus/quarkus-builder/3.20.2/quarkus-builder-3.20.2.jar:/home/runner/.m2/repository/org/graalvm/sdk/nativeimage/23.1.2/nativeimage-23.1.2.jar:/home/runner/.m2/repository/org/graalvm/sdk/word/23.1.2/word-23.1.2.jar:/home/runner/.m2/repository/io/quarkus/quarkus-bootstrap-maven-resolver/3.20.2/quarkus-bootstrap-maven-resolver-3.20.2.jar:/home/runner/.m2/repository/io/smallrye/beanbag/smallrye-beanbag-maven/1.5.2/smallrye-beanbag-maven-1.5.2.jar:/home/runner/.m2/repository/io/smallrye/beanbag/smallrye-beanbag-sisu/1.5.2/smallrye-beanbag-sisu-1.5.2.jar:/home/runner/.m2/repository/io/smallrye/beanbag/smallrye-beanbag/1.5.2/smallrye-beanbag-1.5.2.jar:/home/runner/.m2/repository/javax/inject/javax.inject/1/javax.inject-1.jar:/home/runner/.m2/repository/org/apache/maven/maven-artifact/3.9.9/maven-artifact-3.9.9.jar:/home/runner/.m2/repository/org/apache/maven/maven-builder-support/3.9.9/maven-builder-support-3.9.9.jar:/home/runner/.m2/repository/org/apache/maven/maven-model/3.9.9/maven-model-3.9.9.jar:/home/runner/.m2/repository/org/apache/maven/maven-model-builder/3.9.9/maven-model-builder-3.9.9.jar:/home/runner/.m2/repository/org/apache/maven/maven-repository-metadata/3.9.9/maven-repository-metadata-3.9.9.jar:/home/runner/.m2/repository/org/apache/maven/maven-settings/3.9.9/maven-settings-3.9.9.jar:/home/runner/.m2/repository/org/apache/maven/resolver/maven-resolver-api/1.9.22/maven-resolver-api-1.9.22.jar:/home/runner/.m2/repository/org/apache/maven/resolver/maven-resolver-impl/1.9.22/maven-resolver-impl-1.9.22.jar:/home/runner/.m2/repository/org/apache/maven/resolver/maven-resolver-named-locks/1.9.22/maven-resolver-named-locks-1.9.22.jar:/home/runner/.m2/repository/org/apache/maven/resolver/maven-resolver-spi/1.9.22/maven-resolver-spi-1.9.22.jar:/home/runner/.m2/repository/org/apache/maven/resolver/maven-resolver-util/1.9.22/maven-resolver-util-1.9.22.jar:/home/runner/.m2/repository/org/apache/maven/resolver/maven-resolver-transport-http/1.9.20/maven-resolver-transport-http-1.9.20.jar:/home/runner/.m2/repository/org/apache/maven/wagon/wagon-provider-api/3.5.3/wagon-provider-api-3.5.3.jar:/home/runner/.m2/repository/org/apache/maven/wagon/wagon-http-shared/3.5.3/wagon-http-shared-3.5.3.jar:/home/runner/.m2/repository/org/codehaus/plexus/plexus-interpolation/1.26/plexus-interpolation-1.26.jar:/home/runner/.m2/repository/org/codehaus/plexus/plexus-utils/3.5.1/plexus-utils-3.5.1.jar:/home/runner/.m2/repository/org/codehaus/plexus/plexus-xml/4.0.1/plexus-xml-4.0.1.jar:/home/runner/.m2/repository/org/apache/maven/maven-xml-impl/4.0.0-alpha-5/maven-xml-impl-4.0.0-alpha-5.jar:/home/runner/.m2/repository/org/apache/maven/maven-api-xml/4.0.0-alpha-5/maven-api-xml-4.0.0-alpha-5.jar:/home/runner/.m2/repository/org/apache/maven/maven-api-meta/4.0.0-alpha-5/maven-api-meta-4.0.0-alpha-5.jar:/home/runner/.m2/repository/org/codehaus/plexus/plexus-cipher/2.0/plexus-cipher-2.0.jar:/home/runner/.m2/repository/org/codehaus/plexus/plexus-sec-dispatcher/2.0/plexus-sec-dispatcher-2.0.jar:/home/runner/.m2/repository/org/apache/maven/maven-embedder/3.9.9/maven-embedder-3.9.9.jar:/home/runner/.m2/repository/org/apache/maven/maven-core/3.9.9/maven-core-3.9.9.jar:/home/runner/.m2/repository/org/codehaus/plexus/plexus-component-annotations/2.1.0/plexus-component-annotations-2.1.0.jar:/home/runner/.m2/repository/org/apache/maven/maven-plugin-api/3.9.9/maven-plugin-api-3.9.9.jar:/home/runner/.m2/repository/org/apache/maven/shared/maven-shared-utils/3.4.2/maven-shared-utils-3.4.2.jar:/home/runner/.m2/repository/com/google/inject/guice/5.1.0/guice-5.1.0.jar:/home/runner/.m2/repository/aopalliance/aopalliance/1.0/aopalliance-1.0.jar:/home/runner/.m2/repository/org/codehaus/plexus/plexus-classworlds/2.6.0/plexus-classworlds-2.6.0.jar:/home/runner/.m2/repository/commons-cli/commons-cli/1.8.0/commons-cli-1.8.0.jar:/home/runner/.m2/repository/org/eclipse/sisu/org.eclipse.sisu.plexus/0.9.0.M3/org.eclipse.sisu.plexus-0.9.0.M3.jar:/home/runner/.m2/repository/org/apache/maven/maven-settings-builder/3.9.9/maven-settings-builder-3.9.9.jar:/home/runner/.m2/repository/org/apache/maven/maven-resolver-provider/3.9.9/maven-resolver-provider-3.9.9.jar:/home/runner/.m2/repository/org/apache/maven/resolver/maven-resolver-connector-basic/1.9.22/maven-resolver-connector-basic-1.9.22.jar:/home/runner/.m2/repository/org/apache/maven/resolver/maven-resolver-transport-wagon/1.9.22/maven-resolver-transport-wagon-1.9.22.jar:/home/runner/.m2/repository/org/apache/maven/wagon/wagon-http/3.5.3/wagon-http-3.5.3.jar:/home/runner/.m2/repository/org/apache/maven/wagon/wagon-file/3.5.3/wagon-file-3.5.3.jar:/home/runner/.m2/repository/io/quarkus/quarkus-bootstrap-gradle-resolver/3.20.2/quarkus-bootstrap-gradle-resolver-3.20.2.jar:/home/runner/.m2/repository/io/smallrye/jandex/3.3.0/jandex-3.3.0.jar:/home/runner/.m2/repository/org/jboss/logging/commons-logging-jboss-logging/1.0.0.Final/commons-logging-jboss-logging-1.0.0.Final.jar:/home/runner/.m2/repository/io/quarkus/quarkus-junit5-config/3.20.2/quarkus-junit5-config-3.20.2.jar:/home/runner/.m2/repository/org/junit/jupiter/junit-jupiter-api/5.12.1/junit-jupiter-api-5.12.1.jar:/home/runner/.m2/repository/io/smallrye/config/smallrye-config/3.11.4/smallrye-config-3.11.4.jar:/home/runner/.m2/repository/io/smallrye/config/smallrye-config-core/3.11.4/smallrye-config-core-3.11.4.jar:/home/runner/.m2/repository/io/smallrye/common/smallrye-common-classloader/2.12.0/smallrye-common-classloader-2.12.0.jar:/home/runner/.m2/repository/io/smallrye/config/smallrye-config-common/3.11.4/smallrye-config-common-3.11.4.jar:/home/runner/.m2/repository/org/junit/jupiter/junit-jupiter/5.12.1/junit-jupiter-5.12.1.jar:/home/runner/.m2/repository/org/junit/jupiter/junit-jupiter-params/5.12.1/junit-jupiter-params-5.12.1.jar:/home/runner/.m2/repository/org/junit/jupiter/junit-jupiter-engine/5.12.1/junit-jupiter-engine-5.12.1.jar:/home/runner/.m2/repository/io/quarkus/quarkus-core/3.20.2/quarkus-core-3.20.2.jar:/home/runner/.m2/repository/jakarta/enterprise/jakarta.enterprise.cdi-api/4.1.0/jakarta.enterprise.cdi-api-4.1.0.jar:/home/runner/.m2/repository/jakarta/enterprise/jakarta.enterprise.lang-model/4.1.0/jakarta.enterprise.lang-model-4.1.0.jar:/home/runner/.m2/repository/jakarta/el/jakarta.el-api/5.0.1/jakarta.el-api-5.0.1.jar:/home/runner/.m2/repository/jakarta/interceptor/jakarta.interceptor-api/2.2.0/jakarta.interceptor-api-2.2.0.jar:/home/runner/.m2/repository/jakarta/inject/jakarta.inject-api/2.0.1/jakarta.inject-api-2.0.1.jar:/home/runner/.m2/repository/io/smallrye/common/smallrye-common-os/2.12.0/smallrye-common-os-2.12.0.jar:/home/runner/.m2/repository/io/quarkus/quarkus-ide-launcher/3.20.2/quarkus-ide-launcher-3.20.2.jar:/home/runner/.m2/repository/io/quarkus/quarkus-development-mode-spi/3.20.2/quarkus-development-mode-spi-3.20.2.jar:/home/runner/.m2/repository/org/jboss/logging/jboss-logging/3.6.1.Final/jboss-logging-3.6.1.Final.jar:/home/runner/.m2/repository/org/jboss/logmanager/jboss-logmanager/3.1.2.Final/jboss-logmanager-3.1.2.Final.jar:/home/runner/.m2/repository/io/smallrye/common/smallrye-common-constraint/2.12.0/smallrye-common-constraint-2.12.0.jar:/home/runner/.m2/repository/io/smallrye/common/smallrye-common-cpu/2.12.0/smallrye-common-cpu-2.12.0.jar:/home/runner/.m2/repository/io/smallrye/common/smallrye-common-expression/2.12.0/smallrye-common-expression-2.12.0.jar:/home/runner/.m2/repository/io/smallrye/common/smallrye-common-net/2.12.0/smallrye-common-net-2.12.0.jar:/home/runner/.m2/repository/io/smallrye/common/smallrye-common-ref/2.12.0/smallrye-common-ref-2.12.0.jar:/home/runner/.m2/repository/jakarta/json/jakarta.json-api/2.1.3/jakarta.json-api-2.1.3.jar:/home/runner/.m2/repository/org/eclipse/parsson/parsson/1.1.7/parsson-1.1.7.jar:/home/runner/.m2/repository/org/jboss/logging/jboss-logging-annotations/3.0.4.Final/jboss-logging-annotations-3.0.4.Final.jar:/home/runner/.m2/repository/org/jboss/threads/jboss-threads/3.8.0.Final/jboss-threads-3.8.0.Final.jar:/home/runner/.m2/repository/io/smallrye/common/smallrye-common-annotation/2.12.0/smallrye-common-annotation-2.12.0.jar:/home/runner/.m2/repository/io/smallrye/common/smallrye-common-function/2.12.0/smallrye-common-function-2.12.0.jar:/home/runner/.m2/repository/org/jboss/slf4j/slf4j-jboss-logmanager/2.0.0.Final/slf4j-jboss-logmanager-2.0.0.Final.jar:/home/runner/.m2/repository/org/wildfly/common/wildfly-common/2.0.1/wildfly-common-2.0.1.jar:/home/runner/.m2/repository/io/quarkus/quarkus-bootstrap-runner/3.20.2/quarkus-bootstrap-runner-3.20.2.jar:/home/runner/.m2/repository/io/github/crac/org-crac/0.1.3/org-crac-0.1.3.jar:/home/runner/.m2/repository/io/quarkus/quarkus-fs-util/0.0.10/quarkus-fs-util-0.0.10.jar:/home/runner/.m2/repository/org/jboss/marshalling/jboss-marshalling/2.2.2.Final/jboss-marshalling-2.2.2.Final.jar:/home/runner/.m2/repository/io/fabric8/kubernetes-client/7.1.0/kubernetes-client-7.1.0.jar:/home/runner/.m2/repository/io/fabric8/kubernetes-client-api/7.1.0/kubernetes-client-api-7.1.0.jar:/home/runner/.m2/repository/io/fabric8/kubernetes-model-core/7.1.0/kubernetes-model-core-7.1.0.jar:/home/runner/.m2/repository/io/fabric8/kubernetes-model-common/7.1.0/kubernetes-model-common-7.1.0.jar:/home/runner/.m2/repository/javax/annotation/javax.annotation-api/1.3.2/javax.annotation-api-1.3.2.jar:/home/runner/.m2/repository/io/fabric8/kubernetes-model-gatewayapi/7.1.0/kubernetes-model-gatewayapi-7.1.0.jar:/home/runner/.m2/repository/io/fabric8/kubernetes-model-resource/7.1.0/kubernetes-model-resource-7.1.0.jar:/home/runner/.m2/repository/io/fabric8/kubernetes-model-rbac/7.1.0/kubernetes-model-rbac-7.1.0.jar:/home/runner/.m2/repository/io/fabric8/kubernetes-model-admissionregistration/7.1.0/kubernetes-model-admissionregistration-7.1.0.jar:/home/runner/.m2/repository/io/fabric8/kubernetes-model-apps/7.1.0/kubernetes-model-apps-7.1.0.jar:/home/runner/.m2/repository/io/fabric8/kubernetes-model-autoscaling/7.1.0/kubernetes-model-autoscaling-7.1.0.jar:/home/runner/.m2/repository/io/fabric8/kubernetes-model-apiextensions/7.1.0/kubernetes-model-apiextensions-7.1.0.jar:/home/runner/.m2/repository/io/fabric8/kubernetes-model-batch/7.1.0/kubernetes-model-batch-7.1.0.jar:/home/runner/.m2/repository/io/fabric8/kubernetes-model-certificates/7.1.0/kubernetes-model-certificates-7.1.0.jar:/home/runner/.m2/repository/io/fabric8/kubernetes-model-coordination/7.1.0/kubernetes-model-coordination-7.1.0.jar:/home/runner/.m2/repository/io/fabric8/kubernetes-model-discovery/7.1.0/kubernetes-model-discovery-7.1.0.jar:/home/runner/.m2/repository/io/fabric8/kubernetes-model-events/7.1.0/kubernetes-model-events-7.1.0.jar:/home/runner/.m2/repository/io/fabric8/kubernetes-model-extensions/7.1.0/kubernetes-model-extensions-7.1.0.jar:/home/runner/.m2/repository/io/fabric8/kubernetes-model-flowcontrol/7.1.0/kubernetes-model-flowcontrol-7.1.0.jar:/home/runner/.m2/repository/io/fabric8/kubernetes-model-networking/7.1.0/kubernetes-model-networking-7.1.0.jar:/home/runner/.m2/repository/io/fabric8/kubernetes-model-metrics/7.1.0/kubernetes-model-metrics-7.1.0.jar:/home/runner/.m2/repository/io/fabric8/kubernetes-model-policy/7.1.0/kubernetes-model-policy-7.1.0.jar:/home/runner/.m2/repository/io/fabric8/kubernetes-model-scheduling/7.1.0/kubernetes-model-scheduling-7.1.0.jar:/home/runner/.m2/repository/io/fabric8/kubernetes-model-storageclass/7.1.0/kubernetes-model-storageclass-7.1.0.jar:/home/runner/.m2/repository/io/fabric8/kubernetes-model-node/7.1.0/kubernetes-model-node-7.1.0.jar:/home/runner/.m2/repository/org/snakeyaml/snakeyaml-engine/2.9/snakeyaml-engine-2.9.jar:/home/runner/.m2/repository/com/fasterxml/jackson/dataformat/jackson-dataformat-yaml/2.18.2/jackson-dataformat-yaml-2.18.2.jar:/home/runner/.m2/repository/com/fasterxml/jackson/datatype/jackson-datatype-jsr310/2.18.2/jackson-datatype-jsr310-2.18.2.jar:/home/runner/.m2/repository/io/fabric8/zjsonpatch/7.1.0/zjsonpatch-7.1.0.jar:/home/runner/.m2/repository/io/fabric8/kubernetes-httpclient-vertx/7.1.0/kubernetes-httpclient-vertx-7.1.0.jar:/home/runner/.m2/repository/io/vertx/vertx-web-client/4.5.16/vertx-web-client-4.5.16.jar:/home/runner/.m2/repository/io/vertx/vertx-web-common/4.5.16/vertx-web-common-4.5.16.jar:/home/runner/.m2/repository/io/vertx/vertx-auth-common/4.5.16/vertx-auth-common-4.5.16.jar:/home/runner/.m2/repository/io/vertx/vertx-uri-template/4.5.16/vertx-uri-template-4.5.16.jar:/home/runner/.m2/repository/io/fabric8/openshift-client/7.1.0/openshift-client-7.1.0.jar:/home/runner/.m2/repository/io/fabric8/openshift-client-api/7.1.0/openshift-client-api-7.1.0.jar:/home/runner/.m2/repository/io/fabric8/openshift-model/7.1.0/openshift-model-7.1.0.jar:/home/runner/.m2/repository/io/fabric8/openshift-model-autoscaling/7.1.0/openshift-model-autoscaling-7.1.0.jar:/home/runner/.m2/repository/io/fabric8/openshift-model-operator/7.1.0/openshift-model-operator-7.1.0.jar:/home/runner/.m2/repository/io/fabric8/openshift-model-operatorhub/7.1.0/openshift-model-operatorhub-7.1.0.jar:/home/runner/.m2/repository/io/fabric8/openshift-model-machine/7.1.0/openshift-model-machine-7.1.0.jar:/home/runner/.m2/repository/io/fabric8/openshift-model-whereabouts/7.1.0/openshift-model-whereabouts-7.1.0.jar:/home/runner/.m2/repository/io/fabric8/openshift-model-monitoring/7.1.0/openshift-model-monitoring-7.1.0.jar:/home/runner/.m2/repository/io/fabric8/openshift-model-storageversionmigrator/7.1.0/openshift-model-storageversionmigrator-7.1.0.jar:/home/runner/.m2/repository/io/fabric8/openshift-model-tuned/7.1.0/openshift-model-tuned-7.1.0.jar:/home/runner/.m2/repository/io/fabric8/openshift-model-console/7.1.0/openshift-model-console-7.1.0.jar:/home/runner/.m2/repository/io/fabric8/openshift-model-config/7.1.0/openshift-model-config-7.1.0.jar:/home/runner/.m2/repository/io/fabric8/openshift-model-machineconfiguration/7.1.0/openshift-model-machineconfiguration-7.1.0.jar:/home/runner/.m2/repository/io/fabric8/openshift-model-miscellaneous/7.1.0/openshift-model-miscellaneous-7.1.0.jar:/home/runner/.m2/repository/io/fabric8/openshift-model-hive/7.1.0/openshift-model-hive-7.1.0.jar:/home/runner/.m2/repository/io/fabric8/openshift-model-installer/7.1.0/openshift-model-installer-7.1.0.jar:/home/runner/.m2/repository/org/junit/platform/junit-platform-launcher/1.12.1/junit-platform-launcher-1.12.1.jar:/home/runner/.m2/repository/org/junit/platform/junit-platform-engine/1.12.1/junit-platform-engine-1.12.1.jar:/home/runner/.m2/repository/org/opentest4j/opentest4j/1.3.0/opentest4j-1.3.0.jar:/home/runner/.m2/repository/org/junit/platform/junit-platform-commons/1.12.1/junit-platform-commons-1.12.1.jar:/home/runner/.m2/repository/org/apiguardian/apiguardian-api/1.1.2/apiguardian-api-1.1.2.jar:/home/runner/.m2/repository/jakarta/ws/rs/jakarta.ws.rs-api/3.1.0/jakarta.ws.rs-api-3.1.0.jar:/home/runner/work/apicurio-testing/apicurio-testing/clusters/ci419/namespaces/pg17/tests/integration/apicurio-registry/java-sdk/target/apicurio-registry-java-sdk-3.0.12-SNAPSHOT.jar:/home/runner/.m2/repository/com/microsoft/kiota/microsoft-kiota-abstractions/1.8.9/microsoft-kiota-abstractions-1.8.9.jar:/home/runner/.m2/repository/io/github/std-uritemplate/std-uritemplate/2.0.0/std-uritemplate-2.0.0.jar:/home/runner/.m2/repository/io/kiota/kiota-http-jdk/0.0.29/kiota-http-jdk-0.0.29.jar:/home/runner/.m2/repository/io/kiota/kiota-http-vertx/0.0.29/kiota-http-vertx-0.0.29.jar:/home/runner/.m2/repository/io/kiota/kiota-serialization-jackson/0.0.29/kiota-serialization-jackson-0.0.29.jar:/home/runner/.m2/repository/com/microsoft/kiota/microsoft-kiota-serialization-text/1.8.9/microsoft-kiota-serialization-text-1.8.9.jar:/home/runner/.m2/repository/com/microsoft/kiota/microsoft-kiota-serialization-form/1.8.9/microsoft-kiota-serialization-form-1.8.9.jar:/home/runner/.m2/repository/com/microsoft/kiota/microsoft-kiota-serialization-multipart/1.8.9/microsoft-kiota-serialization-multipart-1.8.9.jar:/home/runner/.m2/repository/jakarta/annotation/jakarta.annotation-api/3.0.0/jakarta.annotation-api-3.0.0.jar:/home/runner/.m2/repository/io/vertx/vertx-auth-oauth2/4.5.16/vertx-auth-oauth2-4.5.16.jar:/home/runner/work/apicurio-testing/apicurio-testing/clusters/ci419/namespaces/pg17/tests/integration/apicurio-registry/java-sdk-v2/target/apicurio-registry-v2-java-sdk-3.0.12-SNAPSHOT.jar:/home/runner/work/apicurio-testing/apicurio-testing/clusters/ci419/namespaces/pg17/tests/integration/apicurio-registry/utils/kafka/target/apicurio-registry-utils-kafka-3.0.12-SNAPSHOT-tests.jar:/home/runner/.m2/repository/org/eclipse/microprofile/config/microprofile-config-api/3.1/microprofile-config-api-3.1.jar:/home/runner/.m2/repository/org/apache/kafka/kafka-clients/3.9.1/kafka-clients-3.9.1.jar:/home/runner/.m2/repository/com/github/luben/zstd-jni/1.5.6-4/zstd-jni-1.5.6-4.jar:/home/runner/.m2/repository/org/lz4/lz4-java/1.8.0/lz4-java-1.8.0.jar:/home/runner/.m2/repository/org/xerial/snappy/snappy-java/1.1.10.5/snappy-java-1.1.10.5.jar:/home/runner/.m2/repository/org/slf4j/slf4j-api/2.0.6/slf4j-api-2.0.6.jar:/home/runner/work/apicurio-testing/apicurio-testing/clusters/ci419/namespaces/pg17/tests/integration/apicurio-registry/utils/tests/target/apicurio-registry-utils-tests-3.0.12-SNAPSHOT.jar:/home/runner/work/apicurio-testing/apicurio-testing/clusters/ci419/namespaces/pg17/tests/integration/apicurio-registry/common/target/apicurio-registry-common-3.0.12-SNAPSHOT.jar:/home/runner/.m2/repository/jakarta/validation/jakarta.validation-api/3.0.2/jakarta.validation-api-3.0.2.jar:/home/runner/.m2/repository/com/github/dasniko/testcontainers-keycloak/3.8.0/testcontainers-keycloak-3.8.0.jar:/home/runner/.m2/repository/org/testcontainers/testcontainers/1.20.6/testcontainers-1.20.6.jar:/home/runner/.m2/repository/org/rnorth/duct-tape/duct-tape/1.0.8/duct-tape-1.0.8.jar:/home/runner/.m2/repository/com/github/docker-java/docker-java-transport-zerodep/3.4.1/docker-java-transport-zerodep-3.4.1.jar:/home/runner/.m2/repository/com/github/docker-java/docker-java-transport/3.4.1/docker-java-transport-3.4.1.jar:/home/runner/.m2/repository/net/java/dev/jna/jna/5.8.0/jna-5.8.0.jar:/home/runner/.m2/repository/io/quarkus/quarkus-junit4-mock/3.20.2/quarkus-junit4-mock-3.20.2.jar:/home/runner/.m2/repository/org/jboss/shrinkwrap/shrinkwrap-api/2.0.0-beta-2/shrinkwrap-api-2.0.0-beta-2.jar:/home/runner/.m2/repository/org/jboss/shrinkwrap/shrinkwrap-impl-base/2.0.0-beta-2/shrinkwrap-impl-base-2.0.0-beta-2.jar:/home/runner/.m2/repository/org/jboss/shrinkwrap/shrinkwrap-spi/2.0.0-beta-2/shrinkwrap-spi-2.0.0-beta-2.jar:/home/runner/.m2/repository/org/keycloak/keycloak-admin-client/26.0.4/keycloak-admin-client-26.0.4.jar:/home/runner/.m2/repository/org/keycloak/keycloak-client-common-synced/26.0.4/keycloak-client-common-synced-26.0.4.jar:/home/runner/.m2/repository/jakarta/activation/jakarta.activation-api/2.1.3/jakarta.activation-api-2.1.3.jar:/home/runner/.m2/repository/org/eclipse/microprofile/openapi/microprofile-openapi-api/4.0.2/microprofile-openapi-api-4.0.2.jar:/home/runner/.m2/repository/org/jboss/resteasy/resteasy-client/6.2.12.Final/resteasy-client-6.2.12.Final.jar:/home/runner/.m2/repository/org/jboss/resteasy/resteasy-client-api/6.2.12.Final/resteasy-client-api-6.2.12.Final.jar:/home/runner/.m2/repository/org/jboss/resteasy/resteasy-core-spi/6.2.12.Final/resteasy-core-spi-6.2.12.Final.jar:/home/runner/.m2/repository/org/jboss/resteasy/resteasy-core/6.2.12.Final/resteasy-core-6.2.12.Final.jar:/home/runner/.m2/repository/org/eclipse/angus/angus-activation/2.0.2/angus-activation-2.0.2.jar:/home/runner/.m2/repository/com/ibm/async/asyncutil/0.1.0/asyncutil-0.1.0.jar:/home/runner/.m2/repository/org/reactivestreams/reactive-streams/1.0.4/reactive-streams-1.0.4.jar:/home/runner/.m2/repository/org/jboss/resteasy/resteasy-multipart-provider/6.2.12.Final/resteasy-multipart-provider-6.2.12.Final.jar:/home/runner/.m2/repository/jakarta/mail/jakarta.mail-api/2.1.3/jakarta.mail-api-2.1.3.jar:/home/runner/.m2/repository/org/eclipse/angus/angus-mail/2.0.3/angus-mail-2.0.3.jar:/home/runner/.m2/repository/org/apache/james/apache-mime4j-dom/0.8.12/apache-mime4j-dom-0.8.12.jar:/home/runner/.m2/repository/org/apache/james/apache-mime4j-core/0.8.12/apache-mime4j-core-0.8.12.jar:/home/runner/.m2/repository/org/apache/james/apache-mime4j-storage/0.8.12/apache-mime4j-storage-0.8.12.jar:/home/runner/.m2/repository/org/jboss/resteasy/resteasy-jackson2-provider/6.2.12.Final/resteasy-jackson2-provider-6.2.12.Final.jar:/home/runner/.m2/repository/com/fasterxml/jackson/jakarta/rs/jackson-jakarta-rs-base/2.18.2/jackson-jakarta-rs-base-2.18.2.jar:/home/runner/.m2/repository/com/fasterxml/jackson/jakarta/rs/jackson-jakarta-rs-json-provider/2.18.2/jackson-jakarta-rs-json-provider-2.18.2.jar:/home/runner/.m2/repository/com/fasterxml/jackson/module/jackson-module-jakarta-xmlbind-annotations/2.18.2/jackson-module-jakarta-xmlbind-annotations-2.18.2.jar:/home/runner/.m2/repository/com/github/java-json-tools/json-patch/1.13/json-patch-1.13.jar:/home/runner/.m2/repository/com/github/java-json-tools/msg-simple/1.2/msg-simple-1.2.jar:/home/runner/.m2/repository/com/github/java-json-tools/btf/1.3/btf-1.3.jar:/home/runner/.m2/repository/com/github/java-json-tools/jackson-coreutils/2.0/jackson-coreutils-2.0.jar:/home/runner/.m2/repository/org/jboss/resteasy/resteasy-jaxb-provider/6.2.12.Final/resteasy-jaxb-provider-6.2.12.Final.jar:/home/runner/.m2/repository/org/glassfish/jaxb/codemodel/4.0.5/codemodel-4.0.5.jar:/home/runner/.m2/repository/org/glassfish/jaxb/jaxb-core/4.0.5/jaxb-core-4.0.5.jar:/home/runner/.m2/repository/org/glassfish/jaxb/jaxb-jxc/4.0.5/jaxb-jxc-4.0.5.jar:/home/runner/.m2/repository/org/glassfish/jaxb/jaxb-runtime/4.0.5/jaxb-runtime-4.0.5.jar:/home/runner/.m2/repository/org/glassfish/jaxb/txw2/4.0.5/txw2-4.0.5.jar:/home/runner/.m2/repository/org/glassfish/jaxb/jaxb-xjc/4.0.5/jaxb-xjc-4.0.5.jar:/home/runner/.m2/repository/org/glassfish/jaxb/xsom/4.0.5/xsom-4.0.5.jar:/home/runner/.m2/repository/com/sun/istack/istack-commons-runtime/4.1.2/istack-commons-runtime-4.1.2.jar:/home/runner/.m2/repository/com/sun/istack/istack-commons-tools/4.1.2/istack-commons-tools-4.1.2.jar:/home/runner/.m2/repository/com/sun/xml/bind/external/relaxng-datatype/4.0.5/relaxng-datatype-4.0.5.jar:/home/runner/.m2/repository/com/sun/xml/bind/external/rngom/4.0.5/rngom-4.0.5.jar:/home/runner/.m2/repository/org/testcontainers/mssqlserver/1.20.6/mssqlserver-1.20.6.jar:/home/runner/.m2/repository/org/testcontainers/jdbc/1.20.6/jdbc-1.20.6.jar:/home/runner/.m2/repository/org/testcontainers/database-commons/1.20.6/database-commons-1.20.6.jar:/home/runner/.m2/repository/org/testcontainers/mysql/1.20.6/mysql-1.20.6.jar:/home/runner/.m2/repository/io/strimzi/strimzi-test-container/0.111.0/strimzi-test-container-0.111.0.jar:/home/runner/.m2/repository/org/testcontainers/toxiproxy/1.20.6/toxiproxy-1.20.6.jar:/home/runner/.m2/repository/com/github/docker-java/docker-java-api/3.4.1/docker-java-api-3.4.1.jar:/home/runner/.m2/repository/org/apache/logging/log4j/log4j-slf4j-impl/2.19.0/log4j-slf4j-impl-2.19.0.jar:/home/runner/.m2/repository/org/apache/logging/log4j/log4j-api/2.24.3/log4j-api-2.24.3.jar:/home/runner/.m2/repository/org/apache/logging/log4j/log4j-core/2.19.0/log4j-core-2.19.0.jar:/home/runner/.m2/repository/eu/rekawek/toxiproxy/toxiproxy-java/2.1.7/toxiproxy-java-2.1.7.jar:/home/runner/.m2/repository/org/testcontainers/pulsar/1.21.3/pulsar-1.21.3.jar:/home/runner/.m2/repository/io/debezium/debezium-testing-testcontainers/2.7.4.Final/debezium-testing-testcontainers-2.7.4.Final.jar:/home/runner/.m2/repository/org/testcontainers/kafka/1.20.6/kafka-1.20.6.jar:/home/runner/.m2/repository/com/squareup/okhttp3/okhttp/4.8.1/okhttp-4.8.1.jar:/home/runner/.m2/repository/com/squareup/okio/okio/3.10.2/okio-3.10.2.jar:/home/runner/.m2/repository/com/squareup/okio/okio-jvm/3.10.2/okio-jvm-3.10.2.jar:/home/runner/.m2/repository/org/jetbrains/kotlin/kotlin-stdlib/2.0.21/kotlin-stdlib-2.0.21.jar:/home/runner/.m2/repository/org/awaitility/awaitility/4.3.0/awaitility-4.3.0.jar:/home/runner/.m2/repository/org/testcontainers/mongodb/1.20.6/mongodb-1.20.6.jar:/home/runner/.m2/repository/org/testcontainers/mariadb/1.20.6/mariadb-1.20.6.jar:/home/runner/.m2/repository/org/testcontainers/oracle-xe/1.20.6/oracle-xe-1.20.6.jar:/home/runner/.m2/repository/org/testcontainers/postgresql/1.20.6/postgresql-1.20.6.jar:/home/runner/.m2/repository/org/wiremock/wiremock/3.0.1/wiremock-3.0.1.jar:/home/runner/.m2/repository/org/eclipse/jetty/jetty-server/11.0.15/jetty-server-11.0.15.jar:/home/runner/.m2/repository/org/eclipse/jetty/toolchain/jetty-jakarta-servlet-api/5.0.2/jetty-jakarta-servlet-api-5.0.2.jar:/home/runner/.m2/repository/org/eclipse/jetty/jetty-http/11.0.15/jetty-http-11.0.15.jar:/home/runner/.m2/repository/org/eclipse/jetty/jetty-io/11.0.15/jetty-io-11.0.15.jar:/home/runner/.m2/repository/org/eclipse/jetty/jetty-servlet/11.0.15/jetty-servlet-11.0.15.jar:/home/runner/.m2/repository/org/eclipse/jetty/jetty-security/11.0.15/jetty-security-11.0.15.jar:/home/runner/.m2/repository/org/eclipse/jetty/jetty-servlets/11.0.15/jetty-servlets-11.0.15.jar:/home/runner/.m2/repository/org/eclipse/jetty/jetty-util/11.0.15/jetty-util-11.0.15.jar:/home/runner/.m2/repository/org/eclipse/jetty/jetty-webapp/11.0.15/jetty-webapp-11.0.15.jar:/home/runner/.m2/repository/org/eclipse/jetty/jetty-xml/11.0.15/jetty-xml-11.0.15.jar:/home/runner/.m2/repository/org/eclipse/jetty/jetty-proxy/11.0.15/jetty-proxy-11.0.15.jar:/home/runner/.m2/repository/org/eclipse/jetty/jetty-client/11.0.15/jetty-client-11.0.15.jar:/home/runner/.m2/repository/org/eclipse/jetty/http2/http2-server/11.0.15/http2-server-11.0.15.jar:/home/runner/.m2/repository/org/eclipse/jetty/http2/http2-common/11.0.15/http2-common-11.0.15.jar:/home/runner/.m2/repository/org/eclipse/jetty/http2/http2-hpack/11.0.15/http2-hpack-11.0.15.jar:/home/runner/.m2/repository/org/eclipse/jetty/jetty-alpn-server/11.0.15/jetty-alpn-server-11.0.15.jar:/home/runner/.m2/repository/org/eclipse/jetty/jetty-alpn-java-server/11.0.15/jetty-alpn-java-server-11.0.15.jar:/home/runner/.m2/repository/org/eclipse/jetty/jetty-alpn-java-client/11.0.15/jetty-alpn-java-client-11.0.15.jar:/home/runner/.m2/repository/org/eclipse/jetty/jetty-alpn-client/11.0.15/jetty-alpn-client-11.0.15.jar:/home/runner/.m2/repository/org/apache/httpcomponents/client5/httpclient5/5.2.1/httpclient5-5.2.1.jar:/home/runner/.m2/repository/org/apache/httpcomponents/core5/httpcore5/5.2/httpcore5-5.2.jar:/home/runner/.m2/repository/org/apache/httpcomponents/core5/httpcore5-h2/5.2/httpcore5-h2-5.2.jar:/home/runner/.m2/repository/org/xmlunit/xmlunit-core/2.9.1/xmlunit-core-2.9.1.jar:/home/runner/.m2/repository/jakarta/xml/bind/jakarta.xml.bind-api/4.0.2/jakarta.xml.bind-api-4.0.2.jar:/home/runner/.m2/repository/org/xmlunit/xmlunit-legacy/2.9.1/xmlunit-legacy-2.9.1.jar:/home/runner/.m2/repository/org/xmlunit/xmlunit-placeholders/2.9.1/xmlunit-placeholders-2.9.1.jar:/home/runner/.m2/repository/net/javacrumbs/json-unit/json-unit-core/2.38.0/json-unit-core-2.38.0.jar:/home/runner/.m2/repository/org/hamcrest/hamcrest-core/2.2/hamcrest-core-2.2.jar:/home/runner/.m2/repository/com/jayway/jsonpath/json-path/2.8.0/json-path-2.8.0.jar:/home/runner/.m2/repository/net/minidev/json-smart/2.4.10/json-smart-2.4.10.jar:/home/runner/.m2/repository/net/minidev/accessors-smart/2.4.9/accessors-smart-2.4.9.jar:/home/runner/.m2/repository/org/ow2/asm/asm/9.7.1/asm-9.7.1.jar:/home/runner/.m2/repository/net/sf/jopt-simple/jopt-simple/5.0.4/jopt-simple-5.0.4.jar:/home/runner/.m2/repository/com/github/jknack/handlebars/4.3.1/handlebars-4.3.1.jar:/home/runner/.m2/repository/com/github/jknack/handlebars-helpers/4.3.1/handlebars-helpers-4.3.1.jar:/home/runner/.m2/repository/commons-fileupload/commons-fileupload/1.5/commons-fileupload-1.5.jar:/home/runner/.m2/repository/com/networknt/json-schema-validator/1.5.8/json-schema-validator-1.5.8.jar:/home/runner/.m2/repository/com/ethlo/time/itu/1.10.3/itu-1.10.3.jar:/home/runner/.m2/repository/io/quarkus/quarkus-smallrye-jwt-build/3.20.2/quarkus-smallrye-jwt-build-3.20.2.jar:/home/runner/.m2/repository/io/smallrye/smallrye-jwt-build/4.6.2/smallrye-jwt-build-4.6.2.jar:/home/runner/.m2/repository/org/eclipse/microprofile/jwt/microprofile-jwt-auth-api/2.1/microprofile-jwt-auth-api-2.1.jar:/home/runner/.m2/repository/org/bitbucket/b_c/jose4j/0.9.6/jose4j-0.9.6.jar:/home/runner/.m2/repository/io/smallrye/smallrye-jwt-common/4.6.2/smallrye-jwt-common-4.6.2.jar:/home/runner/.m2/repository/io/quarkus/quarkus-jsonp/3.20.2/quarkus-jsonp-3.20.2.jar:/home/runner/.m2/repository/io/quarkus/quarkus-arc/3.20.2/quarkus-arc-3.20.2.jar:/home/runner/.m2/repository/io/quarkus/arc/arc/3.20.2/arc-3.20.2.jar:/home/runner/.m2/repository/jakarta/transaction/jakarta.transaction-api/2.0.1/jakarta.transaction-api-2.0.1.jar:/home/runner/.m2/repository/io/smallrye/reactive/mutiny/2.9.2/mutiny-2.9.2.jar:/home/runner/.m2/repository/org/jctools/jctools-core/4.0.5/jctools-core-4.0.5.jar:/home/runner/.m2/repository/org/eclipse/microprofile/context-propagation/microprofile-context-propagation-api/1.3/microprofile-context-propagation-api-1.3.jar:/home/runner/.m2/repository/io/apicurio/apicurio-common-rest-client-common/0.1.18.Final/apicurio-common-rest-client-common-0.1.18.Final.jar:/home/runner/work/apicurio-testing/apicurio-testing/clusters/ci419/namespaces/pg17/tests/integration/apicurio-registry/utils/maven-plugin/target/apicurio-registry-maven-plugin-3.0.12-SNAPSHOT.jar:/home/runner/.m2/repository/com/fasterxml/jackson/core/jackson-databind/2.18.2/jackson-databind-2.18.2.jar:/home/runner/.m2/repository/org/apache/avro/avro/1.12.0/avro-1.12.0.jar:/home/runner/.m2/repository/com/google/protobuf/protobuf-java/4.31.1/protobuf-java-4.31.1.jar:/home/runner/.m2/repository/com/google/protobuf/protobuf-java-util/4.31.1/protobuf-java-util-4.31.1.jar:/home/runner/.m2/repository/com/google/code/findbugs/jsr305/3.0.2/jsr305-3.0.2.jar:/home/runner/.m2/repository/com/google/code/gson/gson/2.12.1/gson-2.12.1.jar:/home/runner/.m2/repository/com/google/errorprone/error_prone_annotations/2.36.0/error_prone_annotations-2.36.0.jar:/home/runner/.m2/repository/com/google/j2objc/j2objc-annotations/2.8/j2objc-annotations-2.8.jar:/home/runner/work/apicurio-testing/apicurio-testing/clusters/ci419/namespaces/pg17/tests/integration/apicurio-registry/schema-util/util-provider/target/apicurio-registry-schema-util-provider-3.0.12-SNAPSHOT.jar:/home/runner/work/apicurio-testing/apicurio-testing/clusters/ci419/namespaces/pg17/tests/integration/apicurio-registry/schema-util/common/target/apicurio-registry-schema-util-common-3.0.12-SNAPSHOT.jar:/home/runner/.m2/repository/com/fasterxml/jackson/module/jackson-module-parameter-names/2.18.2/jackson-module-parameter-names-2.18.2.jar:/home/runner/.m2/repository/com/fasterxml/jackson/datatype/jackson-datatype-json-org/2.18.2/jackson-datatype-json-org-2.18.2.jar:/home/runner/work/apicurio-testing/apicurio-testing/clusters/ci419/namespaces/pg17/tests/integration/apicurio-registry/schema-util/json/target/apicurio-registry-schema-util-json-3.0.12-SNAPSHOT.jar:/home/runner/.m2/repository/com/github/erosb/everit-json-schema/1.14.5/everit-json-schema-1.14.5.jar:/home/runner/.m2/repository/commons-validator/commons-validator/1.9.0/commons-validator-1.9.0.jar:/home/runner/.m2/repository/commons-digester/commons-digester/2.1/commons-digester-2.1.jar:/home/runner/.m2/repository/commons-collections/commons-collections/3.2.2/commons-collections-3.2.2.jar:/home/runner/.m2/repository/com/damnhandy/handy-uri-templates/2.1.8/handy-uri-templates-2.1.8.jar:/home/runner/.m2/repository/joda-time/joda-time/2.10.2/joda-time-2.10.2.jar:/home/runner/.m2/repository/com/github/erosb/json-sKema/0.20.0/json-sKema-0.20.0.jar:/home/runner/.m2/repository/io/vertx/vertx-json-schema/4.5.16/vertx-json-schema-4.5.16.jar:/home/runner/work/apicurio-testing/apicurio-testing/clusters/ci419/namespaces/pg17/tests/integration/apicurio-registry/schema-util/protobuf/target/apicurio-registry-schema-util-protobuf-3.0.12-SNAPSHOT.jar:/home/runner/work/apicurio-testing/apicurio-testing/clusters/ci419/namespaces/pg17/tests/integration/apicurio-registry/utils/protobuf-schema-utilities/target/apicurio-registry-protobuf-schema-utilities-3.0.12-SNAPSHOT.jar:/home/runner/.m2/repository/com/google/api/grpc/proto-google-common-protos/2.52.0/proto-google-common-protos-2.52.0.jar:/home/runner/.m2/repository/com/squareup/wire/wire-schema-jvm/5.3.3/wire-schema-jvm-5.3.3.jar:/home/runner/.m2/repository/com/palantir/javapoet/javapoet/0.6.0/javapoet-0.6.0.jar:/home/runner/.m2/repository/com/squareup/kotlinpoet-jvm/2.0.0/kotlinpoet-jvm-2.0.0.jar:/home/runner/.m2/repository/org/jetbrains/kotlin/kotlin-reflect/2.0.21/kotlin-reflect-2.0.21.jar:/home/runner/.m2/repository/com/squareup/wire/wire-runtime-jvm/5.3.3/wire-runtime-jvm-5.3.3.jar:/home/runner/.m2/repository/com/ibm/icu/icu4j/76.1/icu4j-76.1.jar:/home/runner/.m2/repository/com/squareup/okio/okio-fakefilesystem/3.10.2/okio-fakefilesystem-3.10.2.jar:/home/runner/.m2/repository/com/squareup/okio/okio-fakefilesystem-jvm/3.10.2/okio-fakefilesystem-jvm-3.10.2.jar:/home/runner/.m2/repository/org/jetbrains/kotlinx/kotlinx-datetime-jvm/0.6.1/kotlinx-datetime-jvm-0.6.1.jar:/home/runner/work/apicurio-testing/apicurio-testing/clusters/ci419/namespaces/pg17/tests/integration/apicurio-registry/schema-util/asyncapi/target/apicurio-registry-schema-util-asyncapi-3.0.12-SNAPSHOT.jar:/home/runner/work/apicurio-testing/apicurio-testing/clusters/ci419/namespaces/pg17/tests/integration/apicurio-registry/schema-util/avro/target/apicurio-registry-schema-util-avro-3.0.12-SNAPSHOT.jar:/home/runner/work/apicurio-testing/apicurio-testing/clusters/ci419/namespaces/pg17/tests/integration/apicurio-registry/schema-util/graphql/target/apicurio-registry-schema-util-graphql-3.0.12-SNAPSHOT.jar:/home/runner/.m2/repository/com/graphql-java/graphql-java/22.4/graphql-java-22.4.jar:/home/runner/.m2/repository/com/graphql-java/java-dataloader/3.3.0/java-dataloader-3.3.0.jar:/home/runner/work/apicurio-testing/apicurio-testing/clusters/ci419/namespaces/pg17/tests/integration/apicurio-registry/schema-util/kconnect/target/apicurio-registry-schema-util-kconnect-3.0.12-SNAPSHOT.jar:/home/runner/work/apicurio-testing/apicurio-testing/clusters/ci419/namespaces/pg17/tests/integration/apicurio-registry/schema-util/openapi/target/apicurio-registry-schema-util-openapi-3.0.12-SNAPSHOT.jar:/home/runner/.m2/repository/io/apicurio/apicurio-data-models/2.2.2/apicurio-data-models-2.2.2.jar:/home/runner/.m2/repository/org/openapitools/openapidiff/openapi-diff-core/2.1.2/openapi-diff-core-2.1.2.jar:/home/runner/.m2/repository/io/swagger/parser/v3/swagger-parser/2.1.28/swagger-parser-2.1.28.jar:/home/runner/.m2/repository/io/swagger/parser/v3/swagger-parser-v2-converter/2.1.28/swagger-parser-v2-converter-2.1.28.jar:/home/runner/.m2/repository/io/swagger/swagger-core/1.6.16/swagger-core-1.6.16.jar:/home/runner/.m2/repository/io/swagger/swagger-models/1.6.16/swagger-models-1.6.16.jar:/home/runner/.m2/repository/io/swagger/swagger-annotations/1.6.16/swagger-annotations-1.6.16.jar:/home/runner/.m2/repository/io/swagger/swagger-parser/1.0.75/swagger-parser-1.0.75.jar:/home/runner/.m2/repository/io/swagger/swagger-parser-safe-url-resolver/1.0.75/swagger-parser-safe-url-resolver-1.0.75.jar:/home/runner/.m2/repository/io/swagger/swagger-compat-spec-parser/1.0.75/swagger-compat-spec-parser-1.0.75.jar:/home/runner/.m2/repository/com/github/java-json-tools/json-schema-validator/2.2.14/json-schema-validator-2.2.14.jar:/home/runner/.m2/repository/com/github/java-json-tools/jackson-coreutils-equivalence/1.0/jackson-coreutils-equivalence-1.0.jar:/home/runner/.m2/repository/com/github/java-json-tools/json-schema-core/1.2.14/json-schema-core-1.2.14.jar:/home/runner/.m2/repository/com/github/java-json-tools/uri-template/0.10/uri-template-0.10.jar:/home/runner/.m2/repository/com/googlecode/libphonenumber/libphonenumber/8.11.1/libphonenumber-8.11.1.jar:/home/runner/.m2/repository/com/j2html/j2html/1.6.0/j2html-1.6.0.jar:/home/runner/.m2/repository/org/apache/commons/commons-collections4/4.5.0/commons-collections4-4.5.0.jar:/home/runner/.m2/repository/org/slf4j/jcl-over-slf4j/2.0.17/jcl-over-slf4j-2.0.17.jar:/home/runner/.m2/repository/io/swagger/parser/v3/swagger-parser-v3/2.1.31/swagger-parser-v3-2.1.31.jar:/home/runner/.m2/repository/io/swagger/core/v3/swagger-models/2.2.34/swagger-models-2.2.34.jar:/home/runner/.m2/repository/io/swagger/core/v3/swagger-core/2.2.34/swagger-core-2.2.34.jar:/home/runner/.m2/repository/io/swagger/parser/v3/swagger-parser-core/2.1.31/swagger-parser-core-2.1.31.jar:/home/runner/.m2/repository/io/swagger/parser/v3/swagger-parser-safe-url-resolver/2.1.31/swagger-parser-safe-url-resolver-2.1.31.jar:/home/runner/work/apicurio-testing/apicurio-testing/clusters/ci419/namespaces/pg17/tests/integration/apicurio-registry/schema-util/wsdl/target/apicurio-registry-schema-util-wsdl-3.0.12-SNAPSHOT.jar:/home/runner/.m2/repository/wsdl4j/wsdl4j/1.6.3/wsdl4j-1.6.3.jar:/home/runner/work/apicurio-testing/apicurio-testing/clusters/ci419/namespaces/pg17/tests/integration/apicurio-registry/schema-util/xml/target/apicurio-registry-schema-util-xml-3.0.12-SNAPSHOT.jar:/home/runner/.m2/repository/org/apache/santuario/xmlsec/4.0.4/xmlsec-4.0.4.jar:/home/runner/.m2/repository/com/fasterxml/woodstox/woodstox-core/7.1.1/woodstox-core-7.1.1.jar:/home/runner/.m2/repository/org/codehaus/woodstox/stax2-api/4.2.2/stax2-api-4.2.2.jar:/home/runner/work/apicurio-testing/apicurio-testing/clusters/ci419/namespaces/pg17/tests/integration/apicurio-registry/schema-util/xsd/target/apicurio-registry-schema-util-xsd-3.0.12-SNAPSHOT.jar:/home/runner/work/apicurio-testing/apicurio-testing/clusters/ci419/namespaces/pg17/tests/integration/apicurio-registry/serdes/kafka/jsonschema-serde/target/apicurio-registry-jsonschema-serde-kafka-3.0.12-SNAPSHOT.jar:/home/runner/work/apicurio-testing/apicurio-testing/clusters/ci419/namespaces/pg17/tests/integration/apicurio-registry/serdes/kafka/serde-kafka-common/target/apicurio-registry-serde-kafka-common-3.0.12-SNAPSHOT.jar:/home/runner/work/apicurio-testing/apicurio-testing/clusters/ci419/namespaces/pg17/tests/integration/apicurio-registry/serdes/generic/serde-common/target/apicurio-registry-serde-common-3.0.12-SNAPSHOT.jar:/home/runner/work/apicurio-testing/apicurio-testing/clusters/ci419/namespaces/pg17/tests/integration/apicurio-registry/serdes/generic/serde-common-jsonschema/target/apicurio-registry-serde-common-jsonschema-3.0.12-SNAPSHOT.jar:/home/runner/.m2/repository/org/json/json/20250107/json-20250107.jar:/home/runner/work/apicurio-testing/apicurio-testing/clusters/ci419/namespaces/pg17/tests/integration/apicurio-registry/serdes/kafka/avro-serde/target/apicurio-registry-avro-serde-kafka-3.0.12-SNAPSHOT.jar:/home/runner/work/apicurio-testing/apicurio-testing/clusters/ci419/namespaces/pg17/tests/integration/apicurio-registry/serdes/generic/serde-common-avro/target/apicurio-registry-serde-common-avro-3.0.12-SNAPSHOT.jar:/home/runner/work/apicurio-testing/apicurio-testing/clusters/ci419/namespaces/pg17/tests/integration/apicurio-registry/serdes/kafka/protobuf-serde/target/apicurio-registry-protobuf-serde-kafka-3.0.12-SNAPSHOT.jar:/home/runner/work/apicurio-testing/apicurio-testing/clusters/ci419/namespaces/pg17/tests/integration/apicurio-registry/serdes/generic/serde-common-protobuf/target/apicurio-registry-serde-common-protobuf-3.0.12-SNAPSHOT.jar:/home/runner/.m2/repository/com/squareup/wire/wire-schema/5.3.3/wire-schema-5.3.3.jar:/home/runner/.m2/repository/com/squareup/wire/wire-runtime/5.3.3/wire-runtime-5.3.3.jar:/home/runner/work/apicurio-testing/apicurio-testing/clusters/ci419/namespaces/pg17/tests/integration/apicurio-registry/serdes/pulsar/avro-serde/target/apicurio-registry-avro-serde-pulsar-3.0.12-SNAPSHOT.jar:/home/runner/.m2/repository/org/apache/pulsar/pulsar-functions-api/3.3.8/pulsar-functions-api-3.3.8.jar:/home/runner/work/apicurio-testing/apicurio-testing/clusters/ci419/namespaces/pg17/tests/integration/apicurio-registry/serdes/nats/avro-serde/target/apicurio-registry-avro-serde-nats-3.0.12-SNAPSHOT.jar:/home/runner/.m2/repository/io/nats/jnats/2.21.4/jnats-2.21.4.jar:/home/runner/.m2/repository/org/bouncycastle/bcprov-lts8on/2.73.7/bcprov-lts8on-2.73.7.jar:/home/runner/.m2/repository/org/jetbrains/annotations/26.0.2/annotations-26.0.2.jar:/home/runner/work/apicurio-testing/apicurio-testing/clusters/ci419/namespaces/pg17/tests/integration/apicurio-registry/utils/converter/target/apicurio-registry-utils-converter-3.0.12-SNAPSHOT.jar:/home/runner/work/apicurio-testing/apicurio-testing/clusters/ci419/namespaces/pg17/tests/integration/apicurio-registry/schema-resolver/target/apicurio-registry-schema-resolver-3.0.12-SNAPSHOT.jar:/home/runner/.m2/repository/org/apache/kafka/connect-api/3.9.1/connect-api-3.9.1.jar:/home/runner/.m2/repository/javax/ws/rs/javax.ws.rs-api/2.1.1/javax.ws.rs-api-2.1.1.jar:/home/runner/.m2/repository/org/apache/kafka/connect-json/3.9.1/connect-json-3.9.1.jar:/home/runner/.m2/repository/com/fasterxml/jackson/datatype/jackson-datatype-jdk8/2.18.2/jackson-datatype-jdk8-2.18.2.jar:/home/runner/.m2/repository/com/fasterxml/jackson/module/jackson-module-afterburner/2.18.2/jackson-module-afterburner-2.18.2.jar:/home/runner/work/apicurio-testing/apicurio-testing/clusters/ci419/namespaces/pg17/tests/integration/apicurio-registry/utils/kafka/target/apicurio-registry-utils-kafka-3.0.12-SNAPSHOT.jar:/home/runner/.m2/repository/org/apache/pulsar/pulsar-client/3.3.8/pulsar-client-3.3.8.jar:/home/runner/.m2/repository/org/apache/pulsar/pulsar-client-api/3.3.8/pulsar-client-api-3.3.8.jar:/home/runner/.m2/repository/org/apache/pulsar/pulsar-client-admin-api/3.3.8/pulsar-client-admin-api-3.3.8.jar:/home/runner/.m2/repository/org/apache/pulsar/bouncy-castle-bc/3.3.8/bouncy-castle-bc-3.3.8-pkg.jar:/home/runner/.m2/repository/org/bouncycastle/bcpkix-jdk18on/1.81/bcpkix-jdk18on-1.81.jar:/home/runner/.m2/repository/org/bouncycastle/bcutil-jdk18on/1.81/bcutil-jdk18on-1.81.jar:/home/runner/.m2/repository/org/bouncycastle/bcprov-jdk18on/1.81/bcprov-jdk18on-1.81.jar:/home/runner/.m2/repository/io/opentelemetry/opentelemetry-api/1.44.1/opentelemetry-api-1.44.1.jar:/home/runner/.m2/repository/io/opentelemetry/opentelemetry-context/1.44.1/opentelemetry-context-1.44.1.jar:/home/runner/.m2/repository/io/opentelemetry/opentelemetry-api-incubator/1.44.1-alpha/opentelemetry-api-incubator-1.44.1-alpha.jar:/home/runner/.m2/repository/com/fasterxml/jackson/core/jackson-annotations/2.18.2/jackson-annotations-2.18.2.jar:/home/runner/.m2/repository/javax/validation/validation-api/1.1.0.Final/validation-api-1.1.0.Final.jar:/home/runner/.m2/repository/org/jspecify/jspecify/1.0.0/jspecify-1.0.0.jar:/home/runner/.m2/repository/org/apache/commons/commons-configuration2/2.12.0/commons-configuration2-2.12.0.jar:/home/runner/.m2/repository/commons-logging/commons-logging/1.3.5/commons-logging-1.3.5.jar:/home/runner/.m2/repository/org/apache/commons/commons-text/1.13.0/commons-text-1.13.0.jar:/home/runner/.m2/repository/io/confluent/kafka-avro-serializer/8.0.0/kafka-avro-serializer-8.0.0.jar:/home/runner/.m2/repository/org/apache/commons/commons-compress/1.27.1/commons-compress-1.27.1.jar:/home/runner/.m2/repository/io/confluent/kafka-schema-serializer/8.0.0/kafka-schema-serializer-8.0.0.jar:/home/runner/.m2/repository/com/fasterxml/jackson/dataformat/jackson-dataformat-csv/2.18.2/jackson-dataformat-csv-2.18.2.jar:/home/runner/.m2/repository/io/confluent/kafka-schema-registry-client/8.0.0/kafka-schema-registry-client-8.0.0.jar:/home/runner/.m2/repository/org/yaml/snakeyaml/2.3/snakeyaml-2.3.jar:/home/runner/.m2/repository/io/swagger/core/v3/swagger-annotations/2.2.29/swagger-annotations-2.2.29.jar:/home/runner/.m2/repository/com/google/guava/guava/33.4.0-jre/guava-33.4.0-jre.jar:/home/runner/.m2/repository/com/google/guava/failureaccess/1.0.1/failureaccess-1.0.1.jar:/home/runner/.m2/repository/org/checkerframework/checker-qual/3.49.0/checker-qual-3.49.0.jar:/home/runner/.m2/repository/io/confluent/logredactor/1.0.13/logredactor-1.0.13.jar:/home/runner/.m2/repository/com/google/re2j/re2j/1.6/re2j-1.6.jar:/home/runner/.m2/repository/io/confluent/logredactor-metrics/1.0.13/logredactor-metrics-1.0.13.jar:/home/runner/.m2/repository/com/eclipsesource/minimal-json/minimal-json/0.9.5/minimal-json-0.9.5.jar:/home/runner/.m2/repository/io/confluent/common-utils/8.0.0/common-utils-8.0.0.jar:/home/runner/.m2/repository/io/confluent/kafka-connect-avro-converter/8.0.0/kafka-connect-avro-converter-8.0.0.jar:/home/runner/.m2/repository/io/confluent/kafka-connect-avro-data/8.0.0/kafka-connect-avro-data-8.0.0.jar:/home/runner/.m2/repository/io/confluent/kafka-schema-converter/8.0.0/kafka-schema-converter-8.0.0.jar:/home/runner/.m2/repository/io/rest-assured/rest-assured/5.5.1/rest-assured-5.5.1.jar:/home/runner/.m2/repository/org/apache/groovy/groovy/4.0.22/groovy-4.0.22.jar:/home/runner/.m2/repository/org/apache/groovy/groovy-xml/4.0.22/groovy-xml-4.0.22.jar:/home/runner/.m2/repository/org/apache/httpcomponents/httpclient/4.5.14/httpclient-4.5.14.jar:/home/runner/.m2/repository/org/apache/httpcomponents/httpcore/4.4.16/httpcore-4.4.16.jar:/home/runner/.m2/repository/org/apache/httpcomponents/httpmime/4.5.14/httpmime-4.5.14.jar:/home/runner/.m2/repository/org/hamcrest/hamcrest/2.2/hamcrest-2.2.jar:/home/runner/.m2/repository/org/ccil/cowan/tagsoup/tagsoup/1.2.1/tagsoup-1.2.1.jar:/home/runner/.m2/repository/io/rest-assured/json-path/5.5.1/json-path-5.5.1.jar:/home/runner/.m2/repository/org/apache/groovy/groovy-json/4.0.22/groovy-json-4.0.22.jar:/home/runner/.m2/repository/io/rest-assured/rest-assured-common/5.5.1/rest-assured-common-5.5.1.jar:/home/runner/.m2/repository/io/rest-assured/xml-path/5.5.1/xml-path-5.5.1.jar:/home/runner/.m2/repository/io/zonky/test/embedded-postgres/2.1.0/embedded-postgres-2.1.0.jar:/home/runner/.m2/repository/io/zonky/test/postgres/embedded-postgres-binaries-windows-amd64/14.15.0/embedded-postgres-binaries-windows-amd64-14.15.0.jar:/home/runner/.m2/repository/io/zonky/test/postgres/embedded-postgres-binaries-darwin-amd64/14.15.0/embedded-postgres-binaries-darwin-amd64-14.15.0.jar:/home/runner/.m2/repository/io/zonky/test/postgres/embedded-postgres-binaries-linux-amd64/14.15.0/embedded-postgres-binaries-linux-amd64-14.15.0.jar:/home/runner/.m2/repository/io/zonky/test/postgres/embedded-postgres-binaries-linux-amd64-alpine/14.15.0/embedded-postgres-binaries-linux-amd64-alpine-14.15.0.jar:/home/runner/.m2/repository/org/apache/commons/commons-lang3/3.17.0/commons-lang3-3.17.0.jar:/home/runner/.m2/repository/org/tukaani/xz/1.10/xz-1.10.jar:/home/runner/.m2/repository/commons-codec/commons-codec/1.19.0/commons-codec-1.19.0.jar:/home/runner/.m2/repository/org/postgresql/postgresql/42.7.7/postgresql-42.7.7.jar:/home/runner/.m2/repository/commons-io/commons-io/2.18.0/commons-io-2.18.0.jar:/home/runner/work/apicurio-testing/apicurio-testing/clusters/ci419/namespaces/pg17/tests/integration/apicurio-registry/utils/importexport/target/apicurio-registry-utils-import-export-3.0.12-SNAPSHOT.jar:/home/runner/.m2/repository/io/vertx/vertx-core/4.5.16/vertx-core-4.5.16.jar:/home/runner/.m2/repository/io/netty/netty-common/4.1.121.Final/netty-common-4.1.121.Final.jar:/home/runner/.m2/repository/io/netty/netty-buffer/4.1.121.Final/netty-buffer-4.1.121.Final.jar:/home/runner/.m2/repository/io/netty/netty-transport/4.1.121.Final/netty-transport-4.1.121.Final.jar:/home/runner/.m2/repository/io/netty/netty-handler/4.1.121.Final/netty-handler-4.1.121.Final.jar:/home/runner/.m2/repository/io/netty/netty-transport-native-unix-common/4.1.121.Final/netty-transport-native-unix-common-4.1.121.Final.jar:/home/runner/.m2/repository/io/netty/netty-codec/4.1.121.Final/netty-codec-4.1.121.Final.jar:/home/runner/.m2/repository/io/netty/netty-handler-proxy/4.1.121.Final/netty-handler-proxy-4.1.121.Final.jar:/home/runner/.m2/repository/io/netty/netty-codec-socks/4.1.121.Final/netty-codec-socks-4.1.121.Final.jar:/home/runner/.m2/repository/io/netty/netty-codec-http/4.1.121.Final/netty-codec-http-4.1.121.Final.jar:/home/runner/.m2/repository/io/netty/netty-codec-http2/4.1.121.Final/netty-codec-http2-4.1.121.Final.jar:/home/runner/.m2/repository/io/netty/netty-resolver/4.1.121.Final/netty-resolver-4.1.121.Final.jar:/home/runner/.m2/repository/io/netty/netty-resolver-dns/4.1.121.Final/netty-resolver-dns-4.1.121.Final.jar:/home/runner/.m2/repository/io/netty/netty-codec-dns/4.1.121.Final/netty-codec-dns-4.1.121.Final.jar:/home/runner/.m2/repository/com/fasterxml/jackson/core/jackson-core/2.18.2/jackson-core-2.18.2.jar:"/>
    <property name="java.vm.vendor" value="Eclipse Adoptium"/>
    <property name="maven.javadoc.skip" value="true"/>
    <property name="sun.arch.data.model" value="64"/>
    <property name="java.vendor.url" value="https://adoptium.net/"/>
    <property name="user.timezone" value="Etc/UTC"/>
    <property name="os.name" value="Linux"/>
    <property name="java.vm.specification.version" value="17"/>
    <property name="sun.java.launcher" value="SUN_STANDARD"/>
    <property name="quarkus.http.test-port" value="80"/>
    <property name="sun.boot.library.path" value="/usr/lib/jvm/temurin-17-jdk-amd64/lib"/>
    <property name="sun.java.command" value="/home/runner/work/apicurio-testing/apicurio-testing/clusters/ci419/namespaces/pg17/tests/integration/apicurio-registry/integration-tests/target/surefire/surefirebooter-20250813181751014_3.jar /home/runner/work/apicurio-testing/apicurio-testing/clusters/ci419/namespaces/pg17/tests/integration/apicurio-registry/integration-tests/target/surefire 2025-08-13T18-17-50_929-jvmRun1 surefire-20250813181751014_1tmp surefire_0-20250813181751014_2tmp"/>
    <property name="maven.home" value="/home/runner/.m2/wrapper/dists/apache-maven-3.9.8-bin/4fnp1ql35bgk2a0p7m31ovbgb0/apache-maven-3.9.8"/>
    <property name="jdk.debug" value="release"/>
    <property name="surefire.test.class.path" value="/home/runner/work/apicurio-testing/apicurio-testing/clusters/ci419/namespaces/pg17/tests/integration/apicurio-registry/integration-tests/target/test-classes:/home/runner/work/apicurio-testing/apicurio-testing/clusters/ci419/namespaces/pg17/tests/integration/apicurio-registry/integration-tests/target/apicurio-registry-integration-tests-3.0.12-SNAPSHOT.jar:/home/runner/.m2/repository/io/quarkus/quarkus-junit5/3.20.2/quarkus-junit5-3.20.2.jar:/home/runner/.m2/repository/io/quarkus/quarkus-bootstrap-core/3.20.2/quarkus-bootstrap-core-3.20.2.jar:/home/runner/.m2/repository/io/quarkus/quarkus-classloader-commons/3.20.2/quarkus-classloader-commons-3.20.2.jar:/home/runner/.m2/repository/io/quarkus/quarkus-bootstrap-app-model/3.20.2/quarkus-bootstrap-app-model-3.20.2.jar:/home/runner/.m2/repository/io/smallrye/common/smallrye-common-io/2.12.0/smallrye-common-io-2.12.0.jar:/home/runner/.m2/repository/org/eclipse/sisu/org.eclipse.sisu.inject/0.9.0.M3/org.eclipse.sisu.inject-0.9.0.M3.jar:/home/runner/.m2/repository/io/quarkus/quarkus-test-common/3.20.2/quarkus-test-common-3.20.2.jar:/home/runner/.m2/repository/io/quarkus/quarkus-core-deployment/3.20.2/quarkus-core-deployment-3.20.2.jar:/home/runner/.m2/repository/org/aesh/readline/2.6/readline-2.6.jar:/home/runner/.m2/repository/org/fusesource/jansi/jansi/2.4.0/jansi-2.4.0.jar:/home/runner/.m2/repository/org/aesh/aesh/2.8.2/aesh-2.8.2.jar:/home/runner/.m2/repository/io/quarkus/gizmo/gizmo/1.8.0/gizmo-1.8.0.jar:/home/runner/.m2/repository/org/ow2/asm/asm-util/9.7.1/asm-util-9.7.1.jar:/home/runner/.m2/repository/org/ow2/asm/asm-analysis/9.7.1/asm-analysis-9.7.1.jar:/home/runner/.m2/repository/org/ow2/asm/asm-commons/9.7.1/asm-commons-9.7.1.jar:/home/runner/.m2/repository/org/ow2/asm/asm-tree/9.7.1/asm-tree-9.7.1.jar:/home/runner/.m2/repository/io/quarkus/quarkus-hibernate-validator-spi/3.20.2/quarkus-hibernate-validator-spi-3.20.2.jar:/home/runner/.m2/repository/io/quarkus/quarkus-class-change-agent/3.20.2/quarkus-class-change-agent-3.20.2.jar:/home/runner/.m2/repository/io/quarkus/quarkus-devtools-utilities/3.20.2/quarkus-devtools-utilities-3.20.2.jar:/home/runner/.m2/repository/io/quarkus/quarkus-builder/3.20.2/quarkus-builder-3.20.2.jar:/home/runner/.m2/repository/org/graalvm/sdk/nativeimage/23.1.2/nativeimage-23.1.2.jar:/home/runner/.m2/repository/org/graalvm/sdk/word/23.1.2/word-23.1.2.jar:/home/runner/.m2/repository/io/quarkus/quarkus-bootstrap-maven-resolver/3.20.2/quarkus-bootstrap-maven-resolver-3.20.2.jar:/home/runner/.m2/repository/io/smallrye/beanbag/smallrye-beanbag-maven/1.5.2/smallrye-beanbag-maven-1.5.2.jar:/home/runner/.m2/repository/io/smallrye/beanbag/smallrye-beanbag-sisu/1.5.2/smallrye-beanbag-sisu-1.5.2.jar:/home/runner/.m2/repository/io/smallrye/beanbag/smallrye-beanbag/1.5.2/smallrye-beanbag-1.5.2.jar:/home/runner/.m2/repository/javax/inject/javax.inject/1/javax.inject-1.jar:/home/runner/.m2/repository/org/apache/maven/maven-artifact/3.9.9/maven-artifact-3.9.9.jar:/home/runner/.m2/repository/org/apache/maven/maven-builder-support/3.9.9/maven-builder-support-3.9.9.jar:/home/runner/.m2/repository/org/apache/maven/maven-model/3.9.9/maven-model-3.9.9.jar:/home/runner/.m2/repository/org/apache/maven/maven-model-builder/3.9.9/maven-model-builder-3.9.9.jar:/home/runner/.m2/repository/org/apache/maven/maven-repository-metadata/3.9.9/maven-repository-metadata-3.9.9.jar:/home/runner/.m2/repository/org/apache/maven/maven-settings/3.9.9/maven-settings-3.9.9.jar:/home/runner/.m2/repository/org/apache/maven/resolver/maven-resolver-api/1.9.22/maven-resolver-api-1.9.22.jar:/home/runner/.m2/repository/org/apache/maven/resolver/maven-resolver-impl/1.9.22/maven-resolver-impl-1.9.22.jar:/home/runner/.m2/repository/org/apache/maven/resolver/maven-resolver-named-locks/1.9.22/maven-resolver-named-locks-1.9.22.jar:/home/runner/.m2/repository/org/apache/maven/resolver/maven-resolver-spi/1.9.22/maven-resolver-spi-1.9.22.jar:/home/runner/.m2/repository/org/apache/maven/resolver/maven-resolver-util/1.9.22/maven-resolver-util-1.9.22.jar:/home/runner/.m2/repository/org/apache/maven/resolver/maven-resolver-transport-http/1.9.20/maven-resolver-transport-http-1.9.20.jar:/home/runner/.m2/repository/org/apache/maven/wagon/wagon-provider-api/3.5.3/wagon-provider-api-3.5.3.jar:/home/runner/.m2/repository/org/apache/maven/wagon/wagon-http-shared/3.5.3/wagon-http-shared-3.5.3.jar:/home/runner/.m2/repository/org/codehaus/plexus/plexus-interpolation/1.26/plexus-interpolation-1.26.jar:/home/runner/.m2/repository/org/codehaus/plexus/plexus-utils/3.5.1/plexus-utils-3.5.1.jar:/home/runner/.m2/repository/org/codehaus/plexus/plexus-xml/4.0.1/plexus-xml-4.0.1.jar:/home/runner/.m2/repository/org/apache/maven/maven-xml-impl/4.0.0-alpha-5/maven-xml-impl-4.0.0-alpha-5.jar:/home/runner/.m2/repository/org/apache/maven/maven-api-xml/4.0.0-alpha-5/maven-api-xml-4.0.0-alpha-5.jar:/home/runner/.m2/repository/org/apache/maven/maven-api-meta/4.0.0-alpha-5/maven-api-meta-4.0.0-alpha-5.jar:/home/runner/.m2/repository/org/codehaus/plexus/plexus-cipher/2.0/plexus-cipher-2.0.jar:/home/runner/.m2/repository/org/codehaus/plexus/plexus-sec-dispatcher/2.0/plexus-sec-dispatcher-2.0.jar:/home/runner/.m2/repository/org/apache/maven/maven-embedder/3.9.9/maven-embedder-3.9.9.jar:/home/runner/.m2/repository/org/apache/maven/maven-core/3.9.9/maven-core-3.9.9.jar:/home/runner/.m2/repository/org/codehaus/plexus/plexus-component-annotations/2.1.0/plexus-component-annotations-2.1.0.jar:/home/runner/.m2/repository/org/apache/maven/maven-plugin-api/3.9.9/maven-plugin-api-3.9.9.jar:/home/runner/.m2/repository/org/apache/maven/shared/maven-shared-utils/3.4.2/maven-shared-utils-3.4.2.jar:/home/runner/.m2/repository/com/google/inject/guice/5.1.0/guice-5.1.0.jar:/home/runner/.m2/repository/aopalliance/aopalliance/1.0/aopalliance-1.0.jar:/home/runner/.m2/repository/org/codehaus/plexus/plexus-classworlds/2.6.0/plexus-classworlds-2.6.0.jar:/home/runner/.m2/repository/commons-cli/commons-cli/1.8.0/commons-cli-1.8.0.jar:/home/runner/.m2/repository/org/eclipse/sisu/org.eclipse.sisu.plexus/0.9.0.M3/org.eclipse.sisu.plexus-0.9.0.M3.jar:/home/runner/.m2/repository/org/apache/maven/maven-settings-builder/3.9.9/maven-settings-builder-3.9.9.jar:/home/runner/.m2/repository/org/apache/maven/maven-resolver-provider/3.9.9/maven-resolver-provider-3.9.9.jar:/home/runner/.m2/repository/org/apache/maven/resolver/maven-resolver-connector-basic/1.9.22/maven-resolver-connector-basic-1.9.22.jar:/home/runner/.m2/repository/org/apache/maven/resolver/maven-resolver-transport-wagon/1.9.22/maven-resolver-transport-wagon-1.9.22.jar:/home/runner/.m2/repository/org/apache/maven/wagon/wagon-http/3.5.3/wagon-http-3.5.3.jar:/home/runner/.m2/repository/org/apache/maven/wagon/wagon-file/3.5.3/wagon-file-3.5.3.jar:/home/runner/.m2/repository/io/quarkus/quarkus-bootstrap-gradle-resolver/3.20.2/quarkus-bootstrap-gradle-resolver-3.20.2.jar:/home/runner/.m2/repository/io/smallrye/jandex/3.3.0/jandex-3.3.0.jar:/home/runner/.m2/repository/org/jboss/logging/commons-logging-jboss-logging/1.0.0.Final/commons-logging-jboss-logging-1.0.0.Final.jar:/home/runner/.m2/repository/io/quarkus/quarkus-junit5-config/3.20.2/quarkus-junit5-config-3.20.2.jar:/home/runner/.m2/repository/org/junit/jupiter/junit-jupiter-api/5.12.1/junit-jupiter-api-5.12.1.jar:/home/runner/.m2/repository/io/smallrye/config/smallrye-config/3.11.4/smallrye-config-3.11.4.jar:/home/runner/.m2/repository/io/smallrye/config/smallrye-config-core/3.11.4/smallrye-config-core-3.11.4.jar:/home/runner/.m2/repository/io/smallrye/common/smallrye-common-classloader/2.12.0/smallrye-common-classloader-2.12.0.jar:/home/runner/.m2/repository/io/smallrye/config/smallrye-config-common/3.11.4/smallrye-config-common-3.11.4.jar:/home/runner/.m2/repository/org/junit/jupiter/junit-jupiter/5.12.1/junit-jupiter-5.12.1.jar:/home/runner/.m2/repository/org/junit/jupiter/junit-jupiter-params/5.12.1/junit-jupiter-params-5.12.1.jar:/home/runner/.m2/repository/org/junit/jupiter/junit-jupiter-engine/5.12.1/junit-jupiter-engine-5.12.1.jar:/home/runner/.m2/repository/io/quarkus/quarkus-core/3.20.2/quarkus-core-3.20.2.jar:/home/runner/.m2/repository/jakarta/enterprise/jakarta.enterprise.cdi-api/4.1.0/jakarta.enterprise.cdi-api-4.1.0.jar:/home/runner/.m2/repository/jakarta/enterprise/jakarta.enterprise.lang-model/4.1.0/jakarta.enterprise.lang-model-4.1.0.jar:/home/runner/.m2/repository/jakarta/el/jakarta.el-api/5.0.1/jakarta.el-api-5.0.1.jar:/home/runner/.m2/repository/jakarta/interceptor/jakarta.interceptor-api/2.2.0/jakarta.interceptor-api-2.2.0.jar:/home/runner/.m2/repository/jakarta/inject/jakarta.inject-api/2.0.1/jakarta.inject-api-2.0.1.jar:/home/runner/.m2/repository/io/smallrye/common/smallrye-common-os/2.12.0/smallrye-common-os-2.12.0.jar:/home/runner/.m2/repository/io/quarkus/quarkus-ide-launcher/3.20.2/quarkus-ide-launcher-3.20.2.jar:/home/runner/.m2/repository/io/quarkus/quarkus-development-mode-spi/3.20.2/quarkus-development-mode-spi-3.20.2.jar:/home/runner/.m2/repository/org/jboss/logging/jboss-logging/3.6.1.Final/jboss-logging-3.6.1.Final.jar:/home/runner/.m2/repository/org/jboss/logmanager/jboss-logmanager/3.1.2.Final/jboss-logmanager-3.1.2.Final.jar:/home/runner/.m2/repository/io/smallrye/common/smallrye-common-constraint/2.12.0/smallrye-common-constraint-2.12.0.jar:/home/runner/.m2/repository/io/smallrye/common/smallrye-common-cpu/2.12.0/smallrye-common-cpu-2.12.0.jar:/home/runner/.m2/repository/io/smallrye/common/smallrye-common-expression/2.12.0/smallrye-common-expression-2.12.0.jar:/home/runner/.m2/repository/io/smallrye/common/smallrye-common-net/2.12.0/smallrye-common-net-2.12.0.jar:/home/runner/.m2/repository/io/smallrye/common/smallrye-common-ref/2.12.0/smallrye-common-ref-2.12.0.jar:/home/runner/.m2/repository/jakarta/json/jakarta.json-api/2.1.3/jakarta.json-api-2.1.3.jar:/home/runner/.m2/repository/org/eclipse/parsson/parsson/1.1.7/parsson-1.1.7.jar:/home/runner/.m2/repository/org/jboss/logging/jboss-logging-annotations/3.0.4.Final/jboss-logging-annotations-3.0.4.Final.jar:/home/runner/.m2/repository/org/jboss/threads/jboss-threads/3.8.0.Final/jboss-threads-3.8.0.Final.jar:/home/runner/.m2/repository/io/smallrye/common/smallrye-common-annotation/2.12.0/smallrye-common-annotation-2.12.0.jar:/home/runner/.m2/repository/io/smallrye/common/smallrye-common-function/2.12.0/smallrye-common-function-2.12.0.jar:/home/runner/.m2/repository/org/jboss/slf4j/slf4j-jboss-logmanager/2.0.0.Final/slf4j-jboss-logmanager-2.0.0.Final.jar:/home/runner/.m2/repository/org/wildfly/common/wildfly-common/2.0.1/wildfly-common-2.0.1.jar:/home/runner/.m2/repository/io/quarkus/quarkus-bootstrap-runner/3.20.2/quarkus-bootstrap-runner-3.20.2.jar:/home/runner/.m2/repository/io/github/crac/org-crac/0.1.3/org-crac-0.1.3.jar:/home/runner/.m2/repository/io/quarkus/quarkus-fs-util/0.0.10/quarkus-fs-util-0.0.10.jar:/home/runner/.m2/repository/org/jboss/marshalling/jboss-marshalling/2.2.2.Final/jboss-marshalling-2.2.2.Final.jar:/home/runner/.m2/repository/io/fabric8/kubernetes-client/7.1.0/kubernetes-client-7.1.0.jar:/home/runner/.m2/repository/io/fabric8/kubernetes-client-api/7.1.0/kubernetes-client-api-7.1.0.jar:/home/runner/.m2/repository/io/fabric8/kubernetes-model-core/7.1.0/kubernetes-model-core-7.1.0.jar:/home/runner/.m2/repository/io/fabric8/kubernetes-model-common/7.1.0/kubernetes-model-common-7.1.0.jar:/home/runner/.m2/repository/javax/annotation/javax.annotation-api/1.3.2/javax.annotation-api-1.3.2.jar:/home/runner/.m2/repository/io/fabric8/kubernetes-model-gatewayapi/7.1.0/kubernetes-model-gatewayapi-7.1.0.jar:/home/runner/.m2/repository/io/fabric8/kubernetes-model-resource/7.1.0/kubernetes-model-resource-7.1.0.jar:/home/runner/.m2/repository/io/fabric8/kubernetes-model-rbac/7.1.0/kubernetes-model-rbac-7.1.0.jar:/home/runner/.m2/repository/io/fabric8/kubernetes-model-admissionregistration/7.1.0/kubernetes-model-admissionregistration-7.1.0.jar:/home/runner/.m2/repository/io/fabric8/kubernetes-model-apps/7.1.0/kubernetes-model-apps-7.1.0.jar:/home/runner/.m2/repository/io/fabric8/kubernetes-model-autoscaling/7.1.0/kubernetes-model-autoscaling-7.1.0.jar:/home/runner/.m2/repository/io/fabric8/kubernetes-model-apiextensions/7.1.0/kubernetes-model-apiextensions-7.1.0.jar:/home/runner/.m2/repository/io/fabric8/kubernetes-model-batch/7.1.0/kubernetes-model-batch-7.1.0.jar:/home/runner/.m2/repository/io/fabric8/kubernetes-model-certificates/7.1.0/kubernetes-model-certificates-7.1.0.jar:/home/runner/.m2/repository/io/fabric8/kubernetes-model-coordination/7.1.0/kubernetes-model-coordination-7.1.0.jar:/home/runner/.m2/repository/io/fabric8/kubernetes-model-discovery/7.1.0/kubernetes-model-discovery-7.1.0.jar:/home/runner/.m2/repository/io/fabric8/kubernetes-model-events/7.1.0/kubernetes-model-events-7.1.0.jar:/home/runner/.m2/repository/io/fabric8/kubernetes-model-extensions/7.1.0/kubernetes-model-extensions-7.1.0.jar:/home/runner/.m2/repository/io/fabric8/kubernetes-model-flowcontrol/7.1.0/kubernetes-model-flowcontrol-7.1.0.jar:/home/runner/.m2/repository/io/fabric8/kubernetes-model-networking/7.1.0/kubernetes-model-networking-7.1.0.jar:/home/runner/.m2/repository/io/fabric8/kubernetes-model-metrics/7.1.0/kubernetes-model-metrics-7.1.0.jar:/home/runner/.m2/repository/io/fabric8/kubernetes-model-policy/7.1.0/kubernetes-model-policy-7.1.0.jar:/home/runner/.m2/repository/io/fabric8/kubernetes-model-scheduling/7.1.0/kubernetes-model-scheduling-7.1.0.jar:/home/runner/.m2/repository/io/fabric8/kubernetes-model-storageclass/7.1.0/kubernetes-model-storageclass-7.1.0.jar:/home/runner/.m2/repository/io/fabric8/kubernetes-model-node/7.1.0/kubernetes-model-node-7.1.0.jar:/home/runner/.m2/repository/org/snakeyaml/snakeyaml-engine/2.9/snakeyaml-engine-2.9.jar:/home/runner/.m2/repository/com/fasterxml/jackson/dataformat/jackson-dataformat-yaml/2.18.2/jackson-dataformat-yaml-2.18.2.jar:/home/runner/.m2/repository/com/fasterxml/jackson/datatype/jackson-datatype-jsr310/2.18.2/jackson-datatype-jsr310-2.18.2.jar:/home/runner/.m2/repository/io/fabric8/zjsonpatch/7.1.0/zjsonpatch-7.1.0.jar:/home/runner/.m2/repository/io/fabric8/kubernetes-httpclient-vertx/7.1.0/kubernetes-httpclient-vertx-7.1.0.jar:/home/runner/.m2/repository/io/vertx/vertx-web-client/4.5.16/vertx-web-client-4.5.16.jar:/home/runner/.m2/repository/io/vertx/vertx-web-common/4.5.16/vertx-web-common-4.5.16.jar:/home/runner/.m2/repository/io/vertx/vertx-auth-common/4.5.16/vertx-auth-common-4.5.16.jar:/home/runner/.m2/repository/io/vertx/vertx-uri-template/4.5.16/vertx-uri-template-4.5.16.jar:/home/runner/.m2/repository/io/fabric8/openshift-client/7.1.0/openshift-client-7.1.0.jar:/home/runner/.m2/repository/io/fabric8/openshift-client-api/7.1.0/openshift-client-api-7.1.0.jar:/home/runner/.m2/repository/io/fabric8/openshift-model/7.1.0/openshift-model-7.1.0.jar:/home/runner/.m2/repository/io/fabric8/openshift-model-autoscaling/7.1.0/openshift-model-autoscaling-7.1.0.jar:/home/runner/.m2/repository/io/fabric8/openshift-model-operator/7.1.0/openshift-model-operator-7.1.0.jar:/home/runner/.m2/repository/io/fabric8/openshift-model-operatorhub/7.1.0/openshift-model-operatorhub-7.1.0.jar:/home/runner/.m2/repository/io/fabric8/openshift-model-machine/7.1.0/openshift-model-machine-7.1.0.jar:/home/runner/.m2/repository/io/fabric8/openshift-model-whereabouts/7.1.0/openshift-model-whereabouts-7.1.0.jar:/home/runner/.m2/repository/io/fabric8/openshift-model-monitoring/7.1.0/openshift-model-monitoring-7.1.0.jar:/home/runner/.m2/repository/io/fabric8/openshift-model-storageversionmigrator/7.1.0/openshift-model-storageversionmigrator-7.1.0.jar:/home/runner/.m2/repository/io/fabric8/openshift-model-tuned/7.1.0/openshift-model-tuned-7.1.0.jar:/home/runner/.m2/repository/io/fabric8/openshift-model-console/7.1.0/openshift-model-console-7.1.0.jar:/home/runner/.m2/repository/io/fabric8/openshift-model-config/7.1.0/openshift-model-config-7.1.0.jar:/home/runner/.m2/repository/io/fabric8/openshift-model-machineconfiguration/7.1.0/openshift-model-machineconfiguration-7.1.0.jar:/home/runner/.m2/repository/io/fabric8/openshift-model-miscellaneous/7.1.0/openshift-model-miscellaneous-7.1.0.jar:/home/runner/.m2/repository/io/fabric8/openshift-model-hive/7.1.0/openshift-model-hive-7.1.0.jar:/home/runner/.m2/repository/io/fabric8/openshift-model-installer/7.1.0/openshift-model-installer-7.1.0.jar:/home/runner/.m2/repository/org/junit/platform/junit-platform-launcher/1.12.1/junit-platform-launcher-1.12.1.jar:/home/runner/.m2/repository/org/junit/platform/junit-platform-engine/1.12.1/junit-platform-engine-1.12.1.jar:/home/runner/.m2/repository/org/opentest4j/opentest4j/1.3.0/opentest4j-1.3.0.jar:/home/runner/.m2/repository/org/junit/platform/junit-platform-commons/1.12.1/junit-platform-commons-1.12.1.jar:/home/runner/.m2/repository/org/apiguardian/apiguardian-api/1.1.2/apiguardian-api-1.1.2.jar:/home/runner/.m2/repository/jakarta/ws/rs/jakarta.ws.rs-api/3.1.0/jakarta.ws.rs-api-3.1.0.jar:/home/runner/work/apicurio-testing/apicurio-testing/clusters/ci419/namespaces/pg17/tests/integration/apicurio-registry/java-sdk/target/apicurio-registry-java-sdk-3.0.12-SNAPSHOT.jar:/home/runner/.m2/repository/com/microsoft/kiota/microsoft-kiota-abstractions/1.8.9/microsoft-kiota-abstractions-1.8.9.jar:/home/runner/.m2/repository/io/github/std-uritemplate/std-uritemplate/2.0.0/std-uritemplate-2.0.0.jar:/home/runner/.m2/repository/io/kiota/kiota-http-jdk/0.0.29/kiota-http-jdk-0.0.29.jar:/home/runner/.m2/repository/io/kiota/kiota-http-vertx/0.0.29/kiota-http-vertx-0.0.29.jar:/home/runner/.m2/repository/io/kiota/kiota-serialization-jackson/0.0.29/kiota-serialization-jackson-0.0.29.jar:/home/runner/.m2/repository/com/microsoft/kiota/microsoft-kiota-serialization-text/1.8.9/microsoft-kiota-serialization-text-1.8.9.jar:/home/runner/.m2/repository/com/microsoft/kiota/microsoft-kiota-serialization-form/1.8.9/microsoft-kiota-serialization-form-1.8.9.jar:/home/runner/.m2/repository/com/microsoft/kiota/microsoft-kiota-serialization-multipart/1.8.9/microsoft-kiota-serialization-multipart-1.8.9.jar:/home/runner/.m2/repository/jakarta/annotation/jakarta.annotation-api/3.0.0/jakarta.annotation-api-3.0.0.jar:/home/runner/.m2/repository/io/vertx/vertx-auth-oauth2/4.5.16/vertx-auth-oauth2-4.5.16.jar:/home/runner/work/apicurio-testing/apicurio-testing/clusters/ci419/namespaces/pg17/tests/integration/apicurio-registry/java-sdk-v2/target/apicurio-registry-v2-java-sdk-3.0.12-SNAPSHOT.jar:/home/runner/work/apicurio-testing/apicurio-testing/clusters/ci419/namespaces/pg17/tests/integration/apicurio-registry/utils/kafka/target/apicurio-registry-utils-kafka-3.0.12-SNAPSHOT-tests.jar:/home/runner/.m2/repository/org/eclipse/microprofile/config/microprofile-config-api/3.1/microprofile-config-api-3.1.jar:/home/runner/.m2/repository/org/apache/kafka/kafka-clients/3.9.1/kafka-clients-3.9.1.jar:/home/runner/.m2/repository/com/github/luben/zstd-jni/1.5.6-4/zstd-jni-1.5.6-4.jar:/home/runner/.m2/repository/org/lz4/lz4-java/1.8.0/lz4-java-1.8.0.jar:/home/runner/.m2/repository/org/xerial/snappy/snappy-java/1.1.10.5/snappy-java-1.1.10.5.jar:/home/runner/.m2/repository/org/slf4j/slf4j-api/2.0.6/slf4j-api-2.0.6.jar:/home/runner/work/apicurio-testing/apicurio-testing/clusters/ci419/namespaces/pg17/tests/integration/apicurio-registry/utils/tests/target/apicurio-registry-utils-tests-3.0.12-SNAPSHOT.jar:/home/runner/work/apicurio-testing/apicurio-testing/clusters/ci419/namespaces/pg17/tests/integration/apicurio-registry/common/target/apicurio-registry-common-3.0.12-SNAPSHOT.jar:/home/runner/.m2/repository/jakarta/validation/jakarta.validation-api/3.0.2/jakarta.validation-api-3.0.2.jar:/home/runner/.m2/repository/com/github/dasniko/testcontainers-keycloak/3.8.0/testcontainers-keycloak-3.8.0.jar:/home/runner/.m2/repository/org/testcontainers/testcontainers/1.20.6/testcontainers-1.20.6.jar:/home/runner/.m2/repository/org/rnorth/duct-tape/duct-tape/1.0.8/duct-tape-1.0.8.jar:/home/runner/.m2/repository/com/github/docker-java/docker-java-transport-zerodep/3.4.1/docker-java-transport-zerodep-3.4.1.jar:/home/runner/.m2/repository/com/github/docker-java/docker-java-transport/3.4.1/docker-java-transport-3.4.1.jar:/home/runner/.m2/repository/net/java/dev/jna/jna/5.8.0/jna-5.8.0.jar:/home/runner/.m2/repository/io/quarkus/quarkus-junit4-mock/3.20.2/quarkus-junit4-mock-3.20.2.jar:/home/runner/.m2/repository/org/jboss/shrinkwrap/shrinkwrap-api/2.0.0-beta-2/shrinkwrap-api-2.0.0-beta-2.jar:/home/runner/.m2/repository/org/jboss/shrinkwrap/shrinkwrap-impl-base/2.0.0-beta-2/shrinkwrap-impl-base-2.0.0-beta-2.jar:/home/runner/.m2/repository/org/jboss/shrinkwrap/shrinkwrap-spi/2.0.0-beta-2/shrinkwrap-spi-2.0.0-beta-2.jar:/home/runner/.m2/repository/org/keycloak/keycloak-admin-client/26.0.4/keycloak-admin-client-26.0.4.jar:/home/runner/.m2/repository/org/keycloak/keycloak-client-common-synced/26.0.4/keycloak-client-common-synced-26.0.4.jar:/home/runner/.m2/repository/jakarta/activation/jakarta.activation-api/2.1.3/jakarta.activation-api-2.1.3.jar:/home/runner/.m2/repository/org/eclipse/microprofile/openapi/microprofile-openapi-api/4.0.2/microprofile-openapi-api-4.0.2.jar:/home/runner/.m2/repository/org/jboss/resteasy/resteasy-client/6.2.12.Final/resteasy-client-6.2.12.Final.jar:/home/runner/.m2/repository/org/jboss/resteasy/resteasy-client-api/6.2.12.Final/resteasy-client-api-6.2.12.Final.jar:/home/runner/.m2/repository/org/jboss/resteasy/resteasy-core-spi/6.2.12.Final/resteasy-core-spi-6.2.12.Final.jar:/home/runner/.m2/repository/org/jboss/resteasy/resteasy-core/6.2.12.Final/resteasy-core-6.2.12.Final.jar:/home/runner/.m2/repository/org/eclipse/angus/angus-activation/2.0.2/angus-activation-2.0.2.jar:/home/runner/.m2/repository/com/ibm/async/asyncutil/0.1.0/asyncutil-0.1.0.jar:/home/runner/.m2/repository/org/reactivestreams/reactive-streams/1.0.4/reactive-streams-1.0.4.jar:/home/runner/.m2/repository/org/jboss/resteasy/resteasy-multipart-provider/6.2.12.Final/resteasy-multipart-provider-6.2.12.Final.jar:/home/runner/.m2/repository/jakarta/mail/jakarta.mail-api/2.1.3/jakarta.mail-api-2.1.3.jar:/home/runner/.m2/repository/org/eclipse/angus/angus-mail/2.0.3/angus-mail-2.0.3.jar:/home/runner/.m2/repository/org/apache/james/apache-mime4j-dom/0.8.12/apache-mime4j-dom-0.8.12.jar:/home/runner/.m2/repository/org/apache/james/apache-mime4j-core/0.8.12/apache-mime4j-core-0.8.12.jar:/home/runner/.m2/repository/org/apache/james/apache-mime4j-storage/0.8.12/apache-mime4j-storage-0.8.12.jar:/home/runner/.m2/repository/org/jboss/resteasy/resteasy-jackson2-provider/6.2.12.Final/resteasy-jackson2-provider-6.2.12.Final.jar:/home/runner/.m2/repository/com/fasterxml/jackson/jakarta/rs/jackson-jakarta-rs-base/2.18.2/jackson-jakarta-rs-base-2.18.2.jar:/home/runner/.m2/repository/com/fasterxml/jackson/jakarta/rs/jackson-jakarta-rs-json-provider/2.18.2/jackson-jakarta-rs-json-provider-2.18.2.jar:/home/runner/.m2/repository/com/fasterxml/jackson/module/jackson-module-jakarta-xmlbind-annotations/2.18.2/jackson-module-jakarta-xmlbind-annotations-2.18.2.jar:/home/runner/.m2/repository/com/github/java-json-tools/json-patch/1.13/json-patch-1.13.jar:/home/runner/.m2/repository/com/github/java-json-tools/msg-simple/1.2/msg-simple-1.2.jar:/home/runner/.m2/repository/com/github/java-json-tools/btf/1.3/btf-1.3.jar:/home/runner/.m2/repository/com/github/java-json-tools/jackson-coreutils/2.0/jackson-coreutils-2.0.jar:/home/runner/.m2/repository/org/jboss/resteasy/resteasy-jaxb-provider/6.2.12.Final/resteasy-jaxb-provider-6.2.12.Final.jar:/home/runner/.m2/repository/org/glassfish/jaxb/codemodel/4.0.5/codemodel-4.0.5.jar:/home/runner/.m2/repository/org/glassfish/jaxb/jaxb-core/4.0.5/jaxb-core-4.0.5.jar:/home/runner/.m2/repository/org/glassfish/jaxb/jaxb-jxc/4.0.5/jaxb-jxc-4.0.5.jar:/home/runner/.m2/repository/org/glassfish/jaxb/jaxb-runtime/4.0.5/jaxb-runtime-4.0.5.jar:/home/runner/.m2/repository/org/glassfish/jaxb/txw2/4.0.5/txw2-4.0.5.jar:/home/runner/.m2/repository/org/glassfish/jaxb/jaxb-xjc/4.0.5/jaxb-xjc-4.0.5.jar:/home/runner/.m2/repository/org/glassfish/jaxb/xsom/4.0.5/xsom-4.0.5.jar:/home/runner/.m2/repository/com/sun/istack/istack-commons-runtime/4.1.2/istack-commons-runtime-4.1.2.jar:/home/runner/.m2/repository/com/sun/istack/istack-commons-tools/4.1.2/istack-commons-tools-4.1.2.jar:/home/runner/.m2/repository/com/sun/xml/bind/external/relaxng-datatype/4.0.5/relaxng-datatype-4.0.5.jar:/home/runner/.m2/repository/com/sun/xml/bind/external/rngom/4.0.5/rngom-4.0.5.jar:/home/runner/.m2/repository/org/testcontainers/mssqlserver/1.20.6/mssqlserver-1.20.6.jar:/home/runner/.m2/repository/org/testcontainers/jdbc/1.20.6/jdbc-1.20.6.jar:/home/runner/.m2/repository/org/testcontainers/database-commons/1.20.6/database-commons-1.20.6.jar:/home/runner/.m2/repository/org/testcontainers/mysql/1.20.6/mysql-1.20.6.jar:/home/runner/.m2/repository/io/strimzi/strimzi-test-container/0.111.0/strimzi-test-container-0.111.0.jar:/home/runner/.m2/repository/org/testcontainers/toxiproxy/1.20.6/toxiproxy-1.20.6.jar:/home/runner/.m2/repository/com/github/docker-java/docker-java-api/3.4.1/docker-java-api-3.4.1.jar:/home/runner/.m2/repository/org/apache/logging/log4j/log4j-slf4j-impl/2.19.0/log4j-slf4j-impl-2.19.0.jar:/home/runner/.m2/repository/org/apache/logging/log4j/log4j-api/2.24.3/log4j-api-2.24.3.jar:/home/runner/.m2/repository/org/apache/logging/log4j/log4j-core/2.19.0/log4j-core-2.19.0.jar:/home/runner/.m2/repository/eu/rekawek/toxiproxy/toxiproxy-java/2.1.7/toxiproxy-java-2.1.7.jar:/home/runner/.m2/repository/org/testcontainers/pulsar/1.21.3/pulsar-1.21.3.jar:/home/runner/.m2/repository/io/debezium/debezium-testing-testcontainers/2.7.4.Final/debezium-testing-testcontainers-2.7.4.Final.jar:/home/runner/.m2/repository/org/testcontainers/kafka/1.20.6/kafka-1.20.6.jar:/home/runner/.m2/repository/com/squareup/okhttp3/okhttp/4.8.1/okhttp-4.8.1.jar:/home/runner/.m2/repository/com/squareup/okio/okio/3.10.2/okio-3.10.2.jar:/home/runner/.m2/repository/com/squareup/okio/okio-jvm/3.10.2/okio-jvm-3.10.2.jar:/home/runner/.m2/repository/org/jetbrains/kotlin/kotlin-stdlib/2.0.21/kotlin-stdlib-2.0.21.jar:/home/runner/.m2/repository/org/awaitility/awaitility/4.3.0/awaitility-4.3.0.jar:/home/runner/.m2/repository/org/testcontainers/mongodb/1.20.6/mongodb-1.20.6.jar:/home/runner/.m2/repository/org/testcontainers/mariadb/1.20.6/mariadb-1.20.6.jar:/home/runner/.m2/repository/org/testcontainers/oracle-xe/1.20.6/oracle-xe-1.20.6.jar:/home/runner/.m2/repository/org/testcontainers/postgresql/1.20.6/postgresql-1.20.6.jar:/home/runner/.m2/repository/org/wiremock/wiremock/3.0.1/wiremock-3.0.1.jar:/home/runner/.m2/repository/org/eclipse/jetty/jetty-server/11.0.15/jetty-server-11.0.15.jar:/home/runner/.m2/repository/org/eclipse/jetty/toolchain/jetty-jakarta-servlet-api/5.0.2/jetty-jakarta-servlet-api-5.0.2.jar:/home/runner/.m2/repository/org/eclipse/jetty/jetty-http/11.0.15/jetty-http-11.0.15.jar:/home/runner/.m2/repository/org/eclipse/jetty/jetty-io/11.0.15/jetty-io-11.0.15.jar:/home/runner/.m2/repository/org/eclipse/jetty/jetty-servlet/11.0.15/jetty-servlet-11.0.15.jar:/home/runner/.m2/repository/org/eclipse/jetty/jetty-security/11.0.15/jetty-security-11.0.15.jar:/home/runner/.m2/repository/org/eclipse/jetty/jetty-servlets/11.0.15/jetty-servlets-11.0.15.jar:/home/runner/.m2/repository/org/eclipse/jetty/jetty-util/11.0.15/jetty-util-11.0.15.jar:/home/runner/.m2/repository/org/eclipse/jetty/jetty-webapp/11.0.15/jetty-webapp-11.0.15.jar:/home/runner/.m2/repository/org/eclipse/jetty/jetty-xml/11.0.15/jetty-xml-11.0.15.jar:/home/runner/.m2/repository/org/eclipse/jetty/jetty-proxy/11.0.15/jetty-proxy-11.0.15.jar:/home/runner/.m2/repository/org/eclipse/jetty/jetty-client/11.0.15/jetty-client-11.0.15.jar:/home/runner/.m2/repository/org/eclipse/jetty/http2/http2-server/11.0.15/http2-server-11.0.15.jar:/home/runner/.m2/repository/org/eclipse/jetty/http2/http2-common/11.0.15/http2-common-11.0.15.jar:/home/runner/.m2/repository/org/eclipse/jetty/http2/http2-hpack/11.0.15/http2-hpack-11.0.15.jar:/home/runner/.m2/repository/org/eclipse/jetty/jetty-alpn-server/11.0.15/jetty-alpn-server-11.0.15.jar:/home/runner/.m2/repository/org/eclipse/jetty/jetty-alpn-java-server/11.0.15/jetty-alpn-java-server-11.0.15.jar:/home/runner/.m2/repository/org/eclipse/jetty/jetty-alpn-java-client/11.0.15/jetty-alpn-java-client-11.0.15.jar:/home/runner/.m2/repository/org/eclipse/jetty/jetty-alpn-client/11.0.15/jetty-alpn-client-11.0.15.jar:/home/runner/.m2/repository/org/apache/httpcomponents/client5/httpclient5/5.2.1/httpclient5-5.2.1.jar:/home/runner/.m2/repository/org/apache/httpcomponents/core5/httpcore5/5.2/httpcore5-5.2.jar:/home/runner/.m2/repository/org/apache/httpcomponents/core5/httpcore5-h2/5.2/httpcore5-h2-5.2.jar:/home/runner/.m2/repository/org/xmlunit/xmlunit-core/2.9.1/xmlunit-core-2.9.1.jar:/home/runner/.m2/repository/jakarta/xml/bind/jakarta.xml.bind-api/4.0.2/jakarta.xml.bind-api-4.0.2.jar:/home/runner/.m2/repository/org/xmlunit/xmlunit-legacy/2.9.1/xmlunit-legacy-2.9.1.jar:/home/runner/.m2/repository/org/xmlunit/xmlunit-placeholders/2.9.1/xmlunit-placeholders-2.9.1.jar:/home/runner/.m2/repository/net/javacrumbs/json-unit/json-unit-core/2.38.0/json-unit-core-2.38.0.jar:/home/runner/.m2/repository/org/hamcrest/hamcrest-core/2.2/hamcrest-core-2.2.jar:/home/runner/.m2/repository/com/jayway/jsonpath/json-path/2.8.0/json-path-2.8.0.jar:/home/runner/.m2/repository/net/minidev/json-smart/2.4.10/json-smart-2.4.10.jar:/home/runner/.m2/repository/net/minidev/accessors-smart/2.4.9/accessors-smart-2.4.9.jar:/home/runner/.m2/repository/org/ow2/asm/asm/9.7.1/asm-9.7.1.jar:/home/runner/.m2/repository/net/sf/jopt-simple/jopt-simple/5.0.4/jopt-simple-5.0.4.jar:/home/runner/.m2/repository/com/github/jknack/handlebars/4.3.1/handlebars-4.3.1.jar:/home/runner/.m2/repository/com/github/jknack/handlebars-helpers/4.3.1/handlebars-helpers-4.3.1.jar:/home/runner/.m2/repository/commons-fileupload/commons-fileupload/1.5/commons-fileupload-1.5.jar:/home/runner/.m2/repository/com/networknt/json-schema-validator/1.5.8/json-schema-validator-1.5.8.jar:/home/runner/.m2/repository/com/ethlo/time/itu/1.10.3/itu-1.10.3.jar:/home/runner/.m2/repository/io/quarkus/quarkus-smallrye-jwt-build/3.20.2/quarkus-smallrye-jwt-build-3.20.2.jar:/home/runner/.m2/repository/io/smallrye/smallrye-jwt-build/4.6.2/smallrye-jwt-build-4.6.2.jar:/home/runner/.m2/repository/org/eclipse/microprofile/jwt/microprofile-jwt-auth-api/2.1/microprofile-jwt-auth-api-2.1.jar:/home/runner/.m2/repository/org/bitbucket/b_c/jose4j/0.9.6/jose4j-0.9.6.jar:/home/runner/.m2/repository/io/smallrye/smallrye-jwt-common/4.6.2/smallrye-jwt-common-4.6.2.jar:/home/runner/.m2/repository/io/quarkus/quarkus-jsonp/3.20.2/quarkus-jsonp-3.20.2.jar:/home/runner/.m2/repository/io/quarkus/quarkus-arc/3.20.2/quarkus-arc-3.20.2.jar:/home/runner/.m2/repository/io/quarkus/arc/arc/3.20.2/arc-3.20.2.jar:/home/runner/.m2/repository/jakarta/transaction/jakarta.transaction-api/2.0.1/jakarta.transaction-api-2.0.1.jar:/home/runner/.m2/repository/io/smallrye/reactive/mutiny/2.9.2/mutiny-2.9.2.jar:/home/runner/.m2/repository/org/jctools/jctools-core/4.0.5/jctools-core-4.0.5.jar:/home/runner/.m2/repository/org/eclipse/microprofile/context-propagation/microprofile-context-propagation-api/1.3/microprofile-context-propagation-api-1.3.jar:/home/runner/.m2/repository/io/apicurio/apicurio-common-rest-client-common/0.1.18.Final/apicurio-common-rest-client-common-0.1.18.Final.jar:/home/runner/work/apicurio-testing/apicurio-testing/clusters/ci419/namespaces/pg17/tests/integration/apicurio-registry/utils/maven-plugin/target/apicurio-registry-maven-plugin-3.0.12-SNAPSHOT.jar:/home/runner/.m2/repository/com/fasterxml/jackson/core/jackson-databind/2.18.2/jackson-databind-2.18.2.jar:/home/runner/.m2/repository/org/apache/avro/avro/1.12.0/avro-1.12.0.jar:/home/runner/.m2/repository/com/google/protobuf/protobuf-java/4.31.1/protobuf-java-4.31.1.jar:/home/runner/.m2/repository/com/google/protobuf/protobuf-java-util/4.31.1/protobuf-java-util-4.31.1.jar:/home/runner/.m2/repository/com/google/code/findbugs/jsr305/3.0.2/jsr305-3.0.2.jar:/home/runner/.m2/repository/com/google/code/gson/gson/2.12.1/gson-2.12.1.jar:/home/runner/.m2/repository/com/google/errorprone/error_prone_annotations/2.36.0/error_prone_annotations-2.36.0.jar:/home/runner/.m2/repository/com/google/j2objc/j2objc-annotations/2.8/j2objc-annotations-2.8.jar:/home/runner/work/apicurio-testing/apicurio-testing/clusters/ci419/namespaces/pg17/tests/integration/apicurio-registry/schema-util/util-provider/target/apicurio-registry-schema-util-provider-3.0.12-SNAPSHOT.jar:/home/runner/work/apicurio-testing/apicurio-testing/clusters/ci419/namespaces/pg17/tests/integration/apicurio-registry/schema-util/common/target/apicurio-registry-schema-util-common-3.0.12-SNAPSHOT.jar:/home/runner/.m2/repository/com/fasterxml/jackson/module/jackson-module-parameter-names/2.18.2/jackson-module-parameter-names-2.18.2.jar:/home/runner/.m2/repository/com/fasterxml/jackson/datatype/jackson-datatype-json-org/2.18.2/jackson-datatype-json-org-2.18.2.jar:/home/runner/work/apicurio-testing/apicurio-testing/clusters/ci419/namespaces/pg17/tests/integration/apicurio-registry/schema-util/json/target/apicurio-registry-schema-util-json-3.0.12-SNAPSHOT.jar:/home/runner/.m2/repository/com/github/erosb/everit-json-schema/1.14.5/everit-json-schema-1.14.5.jar:/home/runner/.m2/repository/commons-validator/commons-validator/1.9.0/commons-validator-1.9.0.jar:/home/runner/.m2/repository/commons-digester/commons-digester/2.1/commons-digester-2.1.jar:/home/runner/.m2/repository/commons-collections/commons-collections/3.2.2/commons-collections-3.2.2.jar:/home/runner/.m2/repository/com/damnhandy/handy-uri-templates/2.1.8/handy-uri-templates-2.1.8.jar:/home/runner/.m2/repository/joda-time/joda-time/2.10.2/joda-time-2.10.2.jar:/home/runner/.m2/repository/com/github/erosb/json-sKema/0.20.0/json-sKema-0.20.0.jar:/home/runner/.m2/repository/io/vertx/vertx-json-schema/4.5.16/vertx-json-schema-4.5.16.jar:/home/runner/work/apicurio-testing/apicurio-testing/clusters/ci419/namespaces/pg17/tests/integration/apicurio-registry/schema-util/protobuf/target/apicurio-registry-schema-util-protobuf-3.0.12-SNAPSHOT.jar:/home/runner/work/apicurio-testing/apicurio-testing/clusters/ci419/namespaces/pg17/tests/integration/apicurio-registry/utils/protobuf-schema-utilities/target/apicurio-registry-protobuf-schema-utilities-3.0.12-SNAPSHOT.jar:/home/runner/.m2/repository/com/google/api/grpc/proto-google-common-protos/2.52.0/proto-google-common-protos-2.52.0.jar:/home/runner/.m2/repository/com/squareup/wire/wire-schema-jvm/5.3.3/wire-schema-jvm-5.3.3.jar:/home/runner/.m2/repository/com/palantir/javapoet/javapoet/0.6.0/javapoet-0.6.0.jar:/home/runner/.m2/repository/com/squareup/kotlinpoet-jvm/2.0.0/kotlinpoet-jvm-2.0.0.jar:/home/runner/.m2/repository/org/jetbrains/kotlin/kotlin-reflect/2.0.21/kotlin-reflect-2.0.21.jar:/home/runner/.m2/repository/com/squareup/wire/wire-runtime-jvm/5.3.3/wire-runtime-jvm-5.3.3.jar:/home/runner/.m2/repository/com/ibm/icu/icu4j/76.1/icu4j-76.1.jar:/home/runner/.m2/repository/com/squareup/okio/okio-fakefilesystem/3.10.2/okio-fakefilesystem-3.10.2.jar:/home/runner/.m2/repository/com/squareup/okio/okio-fakefilesystem-jvm/3.10.2/okio-fakefilesystem-jvm-3.10.2.jar:/home/runner/.m2/repository/org/jetbrains/kotlinx/kotlinx-datetime-jvm/0.6.1/kotlinx-datetime-jvm-0.6.1.jar:/home/runner/work/apicurio-testing/apicurio-testing/clusters/ci419/namespaces/pg17/tests/integration/apicurio-registry/schema-util/asyncapi/target/apicurio-registry-schema-util-asyncapi-3.0.12-SNAPSHOT.jar:/home/runner/work/apicurio-testing/apicurio-testing/clusters/ci419/namespaces/pg17/tests/integration/apicurio-registry/schema-util/avro/target/apicurio-registry-schema-util-avro-3.0.12-SNAPSHOT.jar:/home/runner/work/apicurio-testing/apicurio-testing/clusters/ci419/namespaces/pg17/tests/integration/apicurio-registry/schema-util/graphql/target/apicurio-registry-schema-util-graphql-3.0.12-SNAPSHOT.jar:/home/runner/.m2/repository/com/graphql-java/graphql-java/22.4/graphql-java-22.4.jar:/home/runner/.m2/repository/com/graphql-java/java-dataloader/3.3.0/java-dataloader-3.3.0.jar:/home/runner/work/apicurio-testing/apicurio-testing/clusters/ci419/namespaces/pg17/tests/integration/apicurio-registry/schema-util/kconnect/target/apicurio-registry-schema-util-kconnect-3.0.12-SNAPSHOT.jar:/home/runner/work/apicurio-testing/apicurio-testing/clusters/ci419/namespaces/pg17/tests/integration/apicurio-registry/schema-util/openapi/target/apicurio-registry-schema-util-openapi-3.0.12-SNAPSHOT.jar:/home/runner/.m2/repository/io/apicurio/apicurio-data-models/2.2.2/apicurio-data-models-2.2.2.jar:/home/runner/.m2/repository/org/openapitools/openapidiff/openapi-diff-core/2.1.2/openapi-diff-core-2.1.2.jar:/home/runner/.m2/repository/io/swagger/parser/v3/swagger-parser/2.1.28/swagger-parser-2.1.28.jar:/home/runner/.m2/repository/io/swagger/parser/v3/swagger-parser-v2-converter/2.1.28/swagger-parser-v2-converter-2.1.28.jar:/home/runner/.m2/repository/io/swagger/swagger-core/1.6.16/swagger-core-1.6.16.jar:/home/runner/.m2/repository/io/swagger/swagger-models/1.6.16/swagger-models-1.6.16.jar:/home/runner/.m2/repository/io/swagger/swagger-annotations/1.6.16/swagger-annotations-1.6.16.jar:/home/runner/.m2/repository/io/swagger/swagger-parser/1.0.75/swagger-parser-1.0.75.jar:/home/runner/.m2/repository/io/swagger/swagger-parser-safe-url-resolver/1.0.75/swagger-parser-safe-url-resolver-1.0.75.jar:/home/runner/.m2/repository/io/swagger/swagger-compat-spec-parser/1.0.75/swagger-compat-spec-parser-1.0.75.jar:/home/runner/.m2/repository/com/github/java-json-tools/json-schema-validator/2.2.14/json-schema-validator-2.2.14.jar:/home/runner/.m2/repository/com/github/java-json-tools/jackson-coreutils-equivalence/1.0/jackson-coreutils-equivalence-1.0.jar:/home/runner/.m2/repository/com/github/java-json-tools/json-schema-core/1.2.14/json-schema-core-1.2.14.jar:/home/runner/.m2/repository/com/github/java-json-tools/uri-template/0.10/uri-template-0.10.jar:/home/runner/.m2/repository/com/googlecode/libphonenumber/libphonenumber/8.11.1/libphonenumber-8.11.1.jar:/home/runner/.m2/repository/com/j2html/j2html/1.6.0/j2html-1.6.0.jar:/home/runner/.m2/repository/org/apache/commons/commons-collections4/4.5.0/commons-collections4-4.5.0.jar:/home/runner/.m2/repository/org/slf4j/jcl-over-slf4j/2.0.17/jcl-over-slf4j-2.0.17.jar:/home/runner/.m2/repository/io/swagger/parser/v3/swagger-parser-v3/2.1.31/swagger-parser-v3-2.1.31.jar:/home/runner/.m2/repository/io/swagger/core/v3/swagger-models/2.2.34/swagger-models-2.2.34.jar:/home/runner/.m2/repository/io/swagger/core/v3/swagger-core/2.2.34/swagger-core-2.2.34.jar:/home/runner/.m2/repository/io/swagger/parser/v3/swagger-parser-core/2.1.31/swagger-parser-core-2.1.31.jar:/home/runner/.m2/repository/io/swagger/parser/v3/swagger-parser-safe-url-resolver/2.1.31/swagger-parser-safe-url-resolver-2.1.31.jar:/home/runner/work/apicurio-testing/apicurio-testing/clusters/ci419/namespaces/pg17/tests/integration/apicurio-registry/schema-util/wsdl/target/apicurio-registry-schema-util-wsdl-3.0.12-SNAPSHOT.jar:/home/runner/.m2/repository/wsdl4j/wsdl4j/1.6.3/wsdl4j-1.6.3.jar:/home/runner/work/apicurio-testing/apicurio-testing/clusters/ci419/namespaces/pg17/tests/integration/apicurio-registry/schema-util/xml/target/apicurio-registry-schema-util-xml-3.0.12-SNAPSHOT.jar:/home/runner/.m2/repository/org/apache/santuario/xmlsec/4.0.4/xmlsec-4.0.4.jar:/home/runner/.m2/repository/com/fasterxml/woodstox/woodstox-core/7.1.1/woodstox-core-7.1.1.jar:/home/runner/.m2/repository/org/codehaus/woodstox/stax2-api/4.2.2/stax2-api-4.2.2.jar:/home/runner/work/apicurio-testing/apicurio-testing/clusters/ci419/namespaces/pg17/tests/integration/apicurio-registry/schema-util/xsd/target/apicurio-registry-schema-util-xsd-3.0.12-SNAPSHOT.jar:/home/runner/work/apicurio-testing/apicurio-testing/clusters/ci419/namespaces/pg17/tests/integration/apicurio-registry/serdes/kafka/jsonschema-serde/target/apicurio-registry-jsonschema-serde-kafka-3.0.12-SNAPSHOT.jar:/home/runner/work/apicurio-testing/apicurio-testing/clusters/ci419/namespaces/pg17/tests/integration/apicurio-registry/serdes/kafka/serde-kafka-common/target/apicurio-registry-serde-kafka-common-3.0.12-SNAPSHOT.jar:/home/runner/work/apicurio-testing/apicurio-testing/clusters/ci419/namespaces/pg17/tests/integration/apicurio-registry/serdes/generic/serde-common/target/apicurio-registry-serde-common-3.0.12-SNAPSHOT.jar:/home/runner/work/apicurio-testing/apicurio-testing/clusters/ci419/namespaces/pg17/tests/integration/apicurio-registry/serdes/generic/serde-common-jsonschema/target/apicurio-registry-serde-common-jsonschema-3.0.12-SNAPSHOT.jar:/home/runner/.m2/repository/org/json/json/20250107/json-20250107.jar:/home/runner/work/apicurio-testing/apicurio-testing/clusters/ci419/namespaces/pg17/tests/integration/apicurio-registry/serdes/kafka/avro-serde/target/apicurio-registry-avro-serde-kafka-3.0.12-SNAPSHOT.jar:/home/runner/work/apicurio-testing/apicurio-testing/clusters/ci419/namespaces/pg17/tests/integration/apicurio-registry/serdes/generic/serde-common-avro/target/apicurio-registry-serde-common-avro-3.0.12-SNAPSHOT.jar:/home/runner/work/apicurio-testing/apicurio-testing/clusters/ci419/namespaces/pg17/tests/integration/apicurio-registry/serdes/kafka/protobuf-serde/target/apicurio-registry-protobuf-serde-kafka-3.0.12-SNAPSHOT.jar:/home/runner/work/apicurio-testing/apicurio-testing/clusters/ci419/namespaces/pg17/tests/integration/apicurio-registry/serdes/generic/serde-common-protobuf/target/apicurio-registry-serde-common-protobuf-3.0.12-SNAPSHOT.jar:/home/runner/.m2/repository/com/squareup/wire/wire-schema/5.3.3/wire-schema-5.3.3.jar:/home/runner/.m2/repository/com/squareup/wire/wire-runtime/5.3.3/wire-runtime-5.3.3.jar:/home/runner/work/apicurio-testing/apicurio-testing/clusters/ci419/namespaces/pg17/tests/integration/apicurio-registry/serdes/pulsar/avro-serde/target/apicurio-registry-avro-serde-pulsar-3.0.12-SNAPSHOT.jar:/home/runner/.m2/repository/org/apache/pulsar/pulsar-functions-api/3.3.8/pulsar-functions-api-3.3.8.jar:/home/runner/work/apicurio-testing/apicurio-testing/clusters/ci419/namespaces/pg17/tests/integration/apicurio-registry/serdes/nats/avro-serde/target/apicurio-registry-avro-serde-nats-3.0.12-SNAPSHOT.jar:/home/runner/.m2/repository/io/nats/jnats/2.21.4/jnats-2.21.4.jar:/home/runner/.m2/repository/org/bouncycastle/bcprov-lts8on/2.73.7/bcprov-lts8on-2.73.7.jar:/home/runner/.m2/repository/org/jetbrains/annotations/26.0.2/annotations-26.0.2.jar:/home/runner/work/apicurio-testing/apicurio-testing/clusters/ci419/namespaces/pg17/tests/integration/apicurio-registry/utils/converter/target/apicurio-registry-utils-converter-3.0.12-SNAPSHOT.jar:/home/runner/work/apicurio-testing/apicurio-testing/clusters/ci419/namespaces/pg17/tests/integration/apicurio-registry/schema-resolver/target/apicurio-registry-schema-resolver-3.0.12-SNAPSHOT.jar:/home/runner/.m2/repository/org/apache/kafka/connect-api/3.9.1/connect-api-3.9.1.jar:/home/runner/.m2/repository/javax/ws/rs/javax.ws.rs-api/2.1.1/javax.ws.rs-api-2.1.1.jar:/home/runner/.m2/repository/org/apache/kafka/connect-json/3.9.1/connect-json-3.9.1.jar:/home/runner/.m2/repository/com/fasterxml/jackson/datatype/jackson-datatype-jdk8/2.18.2/jackson-datatype-jdk8-2.18.2.jar:/home/runner/.m2/repository/com/fasterxml/jackson/module/jackson-module-afterburner/2.18.2/jackson-module-afterburner-2.18.2.jar:/home/runner/work/apicurio-testing/apicurio-testing/clusters/ci419/namespaces/pg17/tests/integration/apicurio-registry/utils/kafka/target/apicurio-registry-utils-kafka-3.0.12-SNAPSHOT.jar:/home/runner/.m2/repository/org/apache/pulsar/pulsar-client/3.3.8/pulsar-client-3.3.8.jar:/home/runner/.m2/repository/org/apache/pulsar/pulsar-client-api/3.3.8/pulsar-client-api-3.3.8.jar:/home/runner/.m2/repository/org/apache/pulsar/pulsar-client-admin-api/3.3.8/pulsar-client-admin-api-3.3.8.jar:/home/runner/.m2/repository/org/apache/pulsar/bouncy-castle-bc/3.3.8/bouncy-castle-bc-3.3.8-pkg.jar:/home/runner/.m2/repository/org/bouncycastle/bcpkix-jdk18on/1.81/bcpkix-jdk18on-1.81.jar:/home/runner/.m2/repository/org/bouncycastle/bcutil-jdk18on/1.81/bcutil-jdk18on-1.81.jar:/home/runner/.m2/repository/org/bouncycastle/bcprov-jdk18on/1.81/bcprov-jdk18on-1.81.jar:/home/runner/.m2/repository/io/opentelemetry/opentelemetry-api/1.44.1/opentelemetry-api-1.44.1.jar:/home/runner/.m2/repository/io/opentelemetry/opentelemetry-context/1.44.1/opentelemetry-context-1.44.1.jar:/home/runner/.m2/repository/io/opentelemetry/opentelemetry-api-incubator/1.44.1-alpha/opentelemetry-api-incubator-1.44.1-alpha.jar:/home/runner/.m2/repository/com/fasterxml/jackson/core/jackson-annotations/2.18.2/jackson-annotations-2.18.2.jar:/home/runner/.m2/repository/javax/validation/validation-api/1.1.0.Final/validation-api-1.1.0.Final.jar:/home/runner/.m2/repository/org/jspecify/jspecify/1.0.0/jspecify-1.0.0.jar:/home/runner/.m2/repository/org/apache/commons/commons-configuration2/2.12.0/commons-configuration2-2.12.0.jar:/home/runner/.m2/repository/commons-logging/commons-logging/1.3.5/commons-logging-1.3.5.jar:/home/runner/.m2/repository/org/apache/commons/commons-text/1.13.0/commons-text-1.13.0.jar:/home/runner/.m2/repository/io/confluent/kafka-avro-serializer/8.0.0/kafka-avro-serializer-8.0.0.jar:/home/runner/.m2/repository/org/apache/commons/commons-compress/1.27.1/commons-compress-1.27.1.jar:/home/runner/.m2/repository/io/confluent/kafka-schema-serializer/8.0.0/kafka-schema-serializer-8.0.0.jar:/home/runner/.m2/repository/com/fasterxml/jackson/dataformat/jackson-dataformat-csv/2.18.2/jackson-dataformat-csv-2.18.2.jar:/home/runner/.m2/repository/io/confluent/kafka-schema-registry-client/8.0.0/kafka-schema-registry-client-8.0.0.jar:/home/runner/.m2/repository/org/yaml/snakeyaml/2.3/snakeyaml-2.3.jar:/home/runner/.m2/repository/io/swagger/core/v3/swagger-annotations/2.2.29/swagger-annotations-2.2.29.jar:/home/runner/.m2/repository/com/google/guava/guava/33.4.0-jre/guava-33.4.0-jre.jar:/home/runner/.m2/repository/com/google/guava/failureaccess/1.0.1/failureaccess-1.0.1.jar:/home/runner/.m2/repository/org/checkerframework/checker-qual/3.49.0/checker-qual-3.49.0.jar:/home/runner/.m2/repository/io/confluent/logredactor/1.0.13/logredactor-1.0.13.jar:/home/runner/.m2/repository/com/google/re2j/re2j/1.6/re2j-1.6.jar:/home/runner/.m2/repository/io/confluent/logredactor-metrics/1.0.13/logredactor-metrics-1.0.13.jar:/home/runner/.m2/repository/com/eclipsesource/minimal-json/minimal-json/0.9.5/minimal-json-0.9.5.jar:/home/runner/.m2/repository/io/confluent/common-utils/8.0.0/common-utils-8.0.0.jar:/home/runner/.m2/repository/io/confluent/kafka-connect-avro-converter/8.0.0/kafka-connect-avro-converter-8.0.0.jar:/home/runner/.m2/repository/io/confluent/kafka-connect-avro-data/8.0.0/kafka-connect-avro-data-8.0.0.jar:/home/runner/.m2/repository/io/confluent/kafka-schema-converter/8.0.0/kafka-schema-converter-8.0.0.jar:/home/runner/.m2/repository/io/rest-assured/rest-assured/5.5.1/rest-assured-5.5.1.jar:/home/runner/.m2/repository/org/apache/groovy/groovy/4.0.22/groovy-4.0.22.jar:/home/runner/.m2/repository/org/apache/groovy/groovy-xml/4.0.22/groovy-xml-4.0.22.jar:/home/runner/.m2/repository/org/apache/httpcomponents/httpclient/4.5.14/httpclient-4.5.14.jar:/home/runner/.m2/repository/org/apache/httpcomponents/httpcore/4.4.16/httpcore-4.4.16.jar:/home/runner/.m2/repository/org/apache/httpcomponents/httpmime/4.5.14/httpmime-4.5.14.jar:/home/runner/.m2/repository/org/hamcrest/hamcrest/2.2/hamcrest-2.2.jar:/home/runner/.m2/repository/org/ccil/cowan/tagsoup/tagsoup/1.2.1/tagsoup-1.2.1.jar:/home/runner/.m2/repository/io/rest-assured/json-path/5.5.1/json-path-5.5.1.jar:/home/runner/.m2/repository/org/apache/groovy/groovy-json/4.0.22/groovy-json-4.0.22.jar:/home/runner/.m2/repository/io/rest-assured/rest-assured-common/5.5.1/rest-assured-common-5.5.1.jar:/home/runner/.m2/repository/io/rest-assured/xml-path/5.5.1/xml-path-5.5.1.jar:/home/runner/.m2/repository/io/zonky/test/embedded-postgres/2.1.0/embedded-postgres-2.1.0.jar:/home/runner/.m2/repository/io/zonky/test/postgres/embedded-postgres-binaries-windows-amd64/14.15.0/embedded-postgres-binaries-windows-amd64-14.15.0.jar:/home/runner/.m2/repository/io/zonky/test/postgres/embedded-postgres-binaries-darwin-amd64/14.15.0/embedded-postgres-binaries-darwin-amd64-14.15.0.jar:/home/runner/.m2/repository/io/zonky/test/postgres/embedded-postgres-binaries-linux-amd64/14.15.0/embedded-postgres-binaries-linux-amd64-14.15.0.jar:/home/runner/.m2/repository/io/zonky/test/postgres/embedded-postgres-binaries-linux-amd64-alpine/14.15.0/embedded-postgres-binaries-linux-amd64-alpine-14.15.0.jar:/home/runner/.m2/repository/org/apache/commons/commons-lang3/3.17.0/commons-lang3-3.17.0.jar:/home/runner/.m2/repository/org/tukaani/xz/1.10/xz-1.10.jar:/home/runner/.m2/repository/commons-codec/commons-codec/1.19.0/commons-codec-1.19.0.jar:/home/runner/.m2/repository/org/postgresql/postgresql/42.7.7/postgresql-42.7.7.jar:/home/runner/.m2/repository/commons-io/commons-io/2.18.0/commons-io-2.18.0.jar:/home/runner/work/apicurio-testing/apicurio-testing/clusters/ci419/namespaces/pg17/tests/integration/apicurio-registry/utils/importexport/target/apicurio-registry-utils-import-export-3.0.12-SNAPSHOT.jar:/home/runner/.m2/repository/io/vertx/vertx-core/4.5.16/vertx-core-4.5.16.jar:/home/runner/.m2/repository/io/netty/netty-common/4.1.121.Final/netty-common-4.1.121.Final.jar:/home/runner/.m2/repository/io/netty/netty-buffer/4.1.121.Final/netty-buffer-4.1.121.Final.jar:/home/runner/.m2/repository/io/netty/netty-transport/4.1.121.Final/netty-transport-4.1.121.Final.jar:/home/runner/.m2/repository/io/netty/netty-handler/4.1.121.Final/netty-handler-4.1.121.Final.jar:/home/runner/.m2/repository/io/netty/netty-transport-native-unix-common/4.1.121.Final/netty-transport-native-unix-common-4.1.121.Final.jar:/home/runner/.m2/repository/io/netty/netty-codec/4.1.121.Final/netty-codec-4.1.121.Final.jar:/home/runner/.m2/repository/io/netty/netty-handler-proxy/4.1.121.Final/netty-handler-proxy-4.1.121.Final.jar:/home/runner/.m2/repository/io/netty/netty-codec-socks/4.1.121.Final/netty-codec-socks-4.1.121.Final.jar:/home/runner/.m2/repository/io/netty/netty-codec-http/4.1.121.Final/netty-codec-http-4.1.121.Final.jar:/home/runner/.m2/repository/io/netty/netty-codec-http2/4.1.121.Final/netty-codec-http2-4.1.121.Final.jar:/home/runner/.m2/repository/io/netty/netty-resolver/4.1.121.Final/netty-resolver-4.1.121.Final.jar:/home/runner/.m2/repository/io/netty/netty-resolver-dns/4.1.121.Final/netty-resolver-dns-4.1.121.Final.jar:/home/runner/.m2/repository/io/netty/netty-codec-dns/4.1.121.Final/netty-codec-dns-4.1.121.Final.jar:/home/runner/.m2/repository/com/fasterxml/jackson/core/jackson-core/2.18.2/jackson-core-2.18.2.jar:"/>
    <property name="sun.cpu.endian" value="little"/>
    <property name="user.home" value="/home/runner"/>
    <property name="user.language" value="en"/>
    <property name="jboss.log-version" value="false"/>
    <property name="java.specification.vendor" value="Oracle Corporation"/>
    <property name="java.version.date" value="2025-07-15"/>
    <property name="java.home" value="/usr/lib/jvm/temurin-17-jdk-amd64"/>
    <property name="file.separator" value="/"/>
    <property name="basedir" value="/home/runner/work/apicurio-testing/apicurio-testing/clusters/ci419/namespaces/pg17/tests/integration/apicurio-registry/integration-tests"/>
    <property name="java.vm.compressedOopsMode" value="32-bit"/>
    <property name="line.separator" value="&#10;"/>
    <property name="java.specification.name" value="Java Platform API Specification"/>
    <property name="java.vm.specification.vendor" value="Oracle Corporation"/>
    <property name="quarkus.http.test-host" value="registry-app-pg17.apps.ci419.apicurio-testing.org"/>
    <property name="surefire.real.class.path" value="/home/runner/work/apicurio-testing/apicurio-testing/clusters/ci419/namespaces/pg17/tests/integration/apicurio-registry/integration-tests/target/surefire/surefirebooter-20250813181751014_3.jar"/>
    <property name="sun.management.compiler" value="HotSpot 64-Bit Tiered Compilers"/>
    <property name="org.eclipse.jetty.http.HttpGenerator.STRICT" value="true"/>
    <property name="java.runtime.version" value="17.0.16+8"/>
    <property name="user.name" value="runner"/>
    <property name="path.separator" value=":"/>
    <property name="os.version" value="6.8.0-1031-azure"/>
    <property name="java.runtime.name" value="OpenJDK Runtime Environment"/>
    <property name="file.encoding" value="UTF-8"/>
    <property name="jnidispatch.path" value="/home/runner/.cache/JNA/temp/jna6541339648550350296.tmp"/>
    <property name="java.vm.name" value="OpenJDK 64-Bit Server VM"/>
    <property name="jna.platform.library.path" value="/usr/lib/x86_64-linux-gnu:/lib/x86_64-linux-gnu:/usr/lib64:/lib64:/usr/lib:/lib:/lib32:/usr/local/lib:/usr/lib/x86_64-linux-gnu/libfakeroot"/>
    <property name="java.vendor.version" value="Temurin-17.0.16+8"/>
    <property name="quarkus.oidc.token-path" value="https://keycloak-pg17.apps.ci419.apicurio-testing.org/realms/registry/protocol/openid-connect/token"/>
    <property name="quarkus.http.host" value="registry-app-pg17.apps.ci419.apicurio-testing.org"/>
    <property name="localRepository" value="/home/runner/.m2/repository"/>
    <property name="javax.xml.xpath.XPathFactory:http://java.sun.com/jaxp/xpath/dom" value="com.sun.org.apache.xpath.internal.jaxp.XPathFactoryImpl"/>
    <property name="jna.loaded" value="true"/>
    <property name="java.vendor.url.bug" value="https://github.com/adoptium/adoptium-support/issues"/>
    <property name="jetty.git.hash" value="5bc5e562c8d05c5862505aebe5cf83a61bdbcb96"/>
    <property name="java.io.tmpdir" value="/tmp"/>
    <property name="quarkus.http.test-protocol" value="http"/>
    <property name="java.version" value="17.0.16"/>
    <property name="user.dir" value="/home/runner/work/apicurio-testing/apicurio-testing/clusters/ci419/namespaces/pg17/tests/integration/apicurio-registry/integration-tests"/>
    <property name="os.arch" value="amd64"/>
    <property name="groups" value="( smoke | serdes | acceptance | ui)"/>
    <property name="java.vm.specification.name" value="Java Virtual Machine Specification"/>
    <property name="native.encoding" value="UTF-8"/>
    <property name="java.util.logging.manager" value="org.jboss.logmanager.LogManager"/>
    <property name="java.library.path" value="/usr/java/packages/lib:/usr/lib64:/lib64:/lib:/usr/lib"/>
    <property name="jdk.console" value="java.base"/>
    <property name="java.vm.info" value="mixed mode, sharing"/>
    <property name="java.vendor" value="Eclipse Adoptium"/>
    <property name="java.vm.version" value="17.0.16+8"/>
    <property name="java.specification.maintenance.version" value="1"/>
    <property name="sun.io.unicode.encoding" value="UnicodeLittle"/>
    <property name="javax.xml.transform.TransformerFactory" value="com.sun.org.apache.xalan.internal.xsltc.trax.TransformerFactoryImpl"/>
    <property name="java.class.version" value="61.0"/>
  </properties>
  <testcase name="testGlobalIdInHeaders" classname="io.apicurio.tests.serdes.apicurio.AvroSerdeIT" time="6.286">
    <system-out><![CDATA[**** Registry Base URL: http://registry-app-pg17.apps.ci419.apicurio-testing.org:80
**** Registry Base URL: http://registry-app-pg17.apps.ci419.apicurio-testing.org:80
2025-08-13 18:18:03,660 INFO  [io.api.tes.ser.api.AvroSerdeIT] (main) RestAssured configured with http://registry-app-pg17.apps.ci419.apicurio-testing.org:80/apis/registry/v3
2025-08-13 18:18:03,747 INFO  [io.api.tes.uti.KafkaFacade] (main) Starting kafka container
2025-08-13 18:18:03,790 INFO  [org.tes.ima.PullPolicy] (main) Image pull policy will be performed by: DefaultPullPolicy()
2025-08-13 18:18:03,793 INFO  [org.tes.uti.ImageNameSubstitutor] (main) Image name substitution will be performed by: DefaultImageNameSubstitutor (composite of 'ConfigurationFileImageNameSubstitutor' and 'PrefixingImageNameSubstitutor')
2025-08-13 18:18:03,803 INFO  [org.tes.DockerClientFactory] (main) Testcontainers version: 1.20.6
2025-08-13 18:18:04,327 INFO  [org.tes.doc.DockerClientProviderStrategy] (main) Found Docker environment with local Unix socket (unix:///var/run/docker.sock)
2025-08-13 18:18:04,335 INFO  [org.tes.DockerClientFactory] (main) Docker host IP address is localhost
2025-08-13 18:18:04,352 INFO  [org.tes.DockerClientFactory] (main) Connected to docker: 
  Server Version: 28.0.4
  API Version: 1.48
  Operating System: Ubuntu 22.04.5 LTS
  Total Memory: 7944 MB
2025-08-13 18:18:04,401 INFO  [tc.tes.11.0] (main) Pulling docker image: testcontainers/ryuk:0.11.0. Please be patient; this may take some time but only needs to be done once.
2025-08-13 18:18:06,047 INFO  [tc.tes.11.0] (docker-java-stream--1295187651) Starting to pull image
2025-08-13 18:18:06,076 INFO  [tc.tes.11.0] (docker-java-stream--1295187651) Pulling image layers:  0 pending,  0 downloaded,  0 extracted, (0 bytes/0 bytes)
2025-08-13 18:18:06,487 INFO  [tc.tes.11.0] (docker-java-stream--1295187651) Pulling image layers:  2 pending,  1 downloaded,  0 extracted, (117 KB/? MB)
2025-08-13 18:18:06,558 INFO  [tc.tes.11.0] (docker-java-stream--1295187651) Pulling image layers:  1 pending,  2 downloaded,  0 extracted, (2 MB/? MB)
2025-08-13 18:18:06,630 INFO  [tc.tes.11.0] (docker-java-stream--1295187651) Pulling image layers:  0 pending,  3 downloaded,  0 extracted, (6 MB/10 MB)
2025-08-13 18:18:06,683 INFO  [tc.tes.11.0] (docker-java-stream--1295187651) Pulling image layers:  0 pending,  3 downloaded,  1 extracted, (7 MB/10 MB)
2025-08-13 18:18:07,642 INFO  [tc.tes.11.0] (docker-java-stream--1295187651) Pulling image layers:  0 pending,  3 downloaded,  2 extracted, (8 MB/10 MB)
2025-08-13 18:18:07,737 INFO  [tc.tes.11.0] (docker-java-stream--1295187651) Pulling image layers:  0 pending,  3 downloaded,  3 extracted, (10 MB/10 MB)
2025-08-13 18:18:07,744 INFO  [tc.tes.11.0] (docker-java-stream--1295187651) Pull complete. 3 layers, pulled in 1s (downloaded 10 MB at 10 MB/s)
2025-08-13 18:18:07,745 INFO  [tc.tes.11.0] (main) Image testcontainers/ryuk:0.11.0 pull took PT3.343846273S
2025-08-13 18:18:07,773 INFO  [tc.tes.11.0] (main) Creating container for image: testcontainers/ryuk:0.11.0
2025-08-13 18:18:07,861 INFO  [tc.tes.11.0] (main) Container testcontainers/ryuk:0.11.0 is starting: 0b6f34669e6068be7ed8ac4396614fb81db86c7c8afd360bc2360902f6a4beb3
2025-08-13 18:18:08,231 INFO  [tc.tes.11.0] (main) Container testcontainers/ryuk:0.11.0 started in PT0.458013008S
2025-08-13 18:18:08,236 INFO  [org.tes.uti.RyukResourceReaper] (main) Ryuk started - will monitor and terminate Testcontainers containers on JVM exit
2025-08-13 18:18:08,236 INFO  [org.tes.DockerClientFactory] (main) Checking the system...
2025-08-13 18:18:08,237 INFO  [org.tes.DockerClientFactory] (main) ✔︎ Docker server version should be at least 1.6.0
2025-08-13 18:18:08,241 INFO  [io.str.tes.con.KafkaVersionService] (main) Latest release of Kafka is:LogicalKafkaVersionEntity{version='4.0.0', image='quay.io/strimzi-test-container/test-container:0.111.0-kafka-4.0.0'}
2025-08-13 18:18:08,241 INFO  [io.str.tes.con.KafkaVersionService] (main) Latest release of Kafka is:LogicalKafkaVersionEntity{version='4.0.0', image='quay.io/strimzi-test-container/test-container:0.111.0-kafka-4.0.0'}
2025-08-13 18:18:08,241 INFO  [io.str.tes.con.KafkaVersionService] (main) No Kafka version specified. Using latest release: 4.0.0
2025-08-13 18:18:08,247 INFO  [tc.qua.io/.111.0-k.0.0] (main) Pulling docker image: quay.io/strimzi-test-container/test-container:0.111.0-kafka-4.0.0. Please be patient; this may take some time but only needs to be done once.
2025-08-13 18:18:09,100 INFO  [tc.qua.io/.111.0-k.0.0] (docker-java-stream--29267298) Starting to pull image
2025-08-13 18:18:09,102 INFO  [tc.qua.io/.111.0-k.0.0] (docker-java-stream--29267298) Pulling image layers:  0 pending,  0 downloaded,  0 extracted, (0 bytes/0 bytes)
2025-08-13 18:18:09,738 INFO  [tc.qua.io/.111.0-k.0.0] (docker-java-stream--29267298) Pulling image layers:  6 pending,  1 downloaded,  0 extracted, (7 MB/? MB)
2025-08-13 18:18:10,044 INFO  [tc.qua.io/.111.0-k.0.0] (docker-java-stream--29267298) Pulling image layers:  5 pending,  2 downloaded,  0 extracted, (29 MB/? MB)
2025-08-13 18:18:10,250 INFO  [tc.qua.io/.111.0-k.0.0] (docker-java-stream--29267298) Pulling image layers:  4 pending,  3 downloaded,  0 extracted, (51 MB/? MB)
2025-08-13 18:18:10,706 INFO  [tc.qua.io/.111.0-k.0.0] (docker-java-stream--29267298) Pulling image layers:  3 pending,  4 downloaded,  0 extracted, (77 MB/? MB)
2025-08-13 18:18:10,960 INFO  [tc.qua.io/.111.0-k.0.0] (docker-java-stream--29267298) Pulling image layers:  2 pending,  5 downloaded,  0 extracted, (97 MB/? MB)
2025-08-13 18:18:11,474 INFO  [tc.qua.io/.111.0-k.0.0] (docker-java-stream--29267298) Pulling image layers:  2 pending,  5 downloaded,  1 extracted, (145 MB/? MB)
2025-08-13 18:18:12,065 INFO  [tc.qua.io/.111.0-k.0.0] (docker-java-stream--29267298) Pulling image layers:  1 pending,  6 downloaded,  1 extracted, (207 MB/? MB)
2025-08-13 18:18:12,673 INFO  [tc.qua.io/.111.0-k.0.0] (docker-java-stream--29267298) Pulling image layers:  0 pending,  7 downloaded,  1 extracted, (243 MB/249 MB)
2025-08-13 18:18:14,664 INFO  [tc.qua.io/.111.0-k.0.0] (docker-java-stream--29267298) Pulling image layers:  0 pending,  7 downloaded,  2 extracted, (243 MB/249 MB)
2025-08-13 18:18:16,152 INFO  [tc.qua.io/.111.0-k.0.0] (docker-java-stream--29267298) Pulling image layers:  0 pending,  7 downloaded,  3 extracted, (243 MB/249 MB)
2025-08-13 18:18:16,168 INFO  [tc.qua.io/.111.0-k.0.0] (docker-java-stream--29267298) Pulling image layers:  0 pending,  7 downloaded,  4 extracted, (243 MB/249 MB)
2025-08-13 18:18:16,919 INFO  [tc.qua.io/.111.0-k.0.0] (docker-java-stream--29267298) Pulling image layers:  0 pending,  7 downloaded,  5 extracted, (249 MB/249 MB)
2025-08-13 18:18:17,324 INFO  [tc.qua.io/.111.0-k.0.0] (docker-java-stream--29267298) Pulling image layers:  0 pending,  7 downloaded,  6 extracted, (249 MB/249 MB)
2025-08-13 18:18:17,338 INFO  [tc.qua.io/.111.0-k.0.0] (docker-java-stream--29267298) Pulling image layers:  0 pending,  7 downloaded,  7 extracted, (249 MB/249 MB)
2025-08-13 18:18:17,344 INFO  [tc.qua.io/.111.0-k.0.0] (docker-java-stream--29267298) Pull complete. 7 layers, pulled in 8s (downloaded 249 MB at 31 MB/s)
2025-08-13 18:18:17,344 INFO  [tc.qua.io/.111.0-k.0.0] (main) Image quay.io/strimzi-test-container/test-container:0.111.0-kafka-4.0.0 pull took PT9.09700962S
2025-08-13 18:18:17,348 INFO  [tc.qua.io/.111.0-k.0.0] (main) Creating container for image: quay.io/strimzi-test-container/test-container:0.111.0-kafka-4.0.0
2025-08-13 18:18:17,425 INFO  [tc.qua.io/.111.0-k.0.0] (main) Container quay.io/strimzi-test-container/test-container:0.111.0-kafka-4.0.0 is starting: 5ef9ff45f6e9bdf09b801a37514f69bd368050af13064c25587cc89d9f505c7a
2025-08-13 18:18:17,616 INFO  [io.str.tes.con.StrimziKafkaContainer] (main) Mapped port: 32769
2025-08-13 18:18:17,617 WARN  [io.str.tes.con.StrimziKafkaContainer] (main) Node ID is not set. Using broker ID 0 as the default node ID.
2025-08-13 18:18:17,617 INFO  [io.str.tes.con.StrimziKafkaContainer] (main) This is all advertised listeners for Kafka PLAINTEXT://localhost:32769,BROKER1://172.18.0.2:9091,CONTROLLER://broker-0:9094
2025-08-13 18:18:17,645 INFO  [io.str.tes.con.StrimziKafkaContainer] (main) New `cluster.id` has been generated: sAToZ0WATkWwuQb_OH8PpQ
2025-08-13 18:18:17,647 INFO  [io.str.tes.con.StrimziKafkaContainer] (main) Copying command to 'STARTER_SCRIPT' script.
2025-08-13 18:18:22,987 INFO  [tc.qua.io/.111.0-k.0.0] (main) Container quay.io/strimzi-test-container/test-container:0.111.0-kafka-4.0.0 started in PT5.63866007S
2025-08-13 18:18:22,993 INFO  [io.api.tes.uti.TestSeparator] (main) ############################################################################
2025-08-13 18:18:22,993 INFO  [io.api.tes.uti.TestSeparator] (main) io.apicurio.tests.serdes.apicurio.AvroSerdeIT.testGlobalIdInHeaders-STARTED
2025-08-13 18:18:23,016 INFO  [org.apa.kaf.cli.adm.AdminClientConfig] (main) AdminClientConfig values: 
	auto.include.jmx.reporter = true
	bootstrap.controllers = []
	bootstrap.servers = [PLAINTEXT://localhost:32769]
	client.dns.lookup = use_all_dns_ips
	client.id = 
	connections.max.idle.ms = 10000
	default.api.timeout.ms = 60000
	enable.metrics.push = true
	metadata.max.age.ms = 300000
	metadata.recovery.strategy = none
	metric.reporters = []
	metrics.num.samples = 2
	metrics.recording.level = INFO
	metrics.sample.window.ms = 30000
	receive.buffer.bytes = 65536
	reconnect.backoff.max.ms = 1000
	reconnect.backoff.ms = 50
	request.timeout.ms = 5000
	retries = 2147483647
	retry.backoff.max.ms = 1000
	retry.backoff.ms = 100
	sasl.client.callback.handler.class = null
	sasl.jaas.config = null
	sasl.kerberos.kinit.cmd = /usr/bin/kinit
	sasl.kerberos.min.time.before.relogin = 60000
	sasl.kerberos.service.name = null
	sasl.kerberos.ticket.renew.jitter = 0.05
	sasl.kerberos.ticket.renew.window.factor = 0.8
	sasl.login.callback.handler.class = null
	sasl.login.class = null
	sasl.login.connect.timeout.ms = null
	sasl.login.read.timeout.ms = null
	sasl.login.refresh.buffer.seconds = 300
	sasl.login.refresh.min.period.seconds = 60
	sasl.login.refresh.window.factor = 0.8
	sasl.login.refresh.window.jitter = 0.05
	sasl.login.retry.backoff.max.ms = 10000
	sasl.login.retry.backoff.ms = 100
	sasl.mechanism = GSSAPI
	sasl.oauthbearer.clock.skew.seconds = 30
	sasl.oauthbearer.expected.audience = null
	sasl.oauthbearer.expected.issuer = null
	sasl.oauthbearer.header.urlencode = false
	sasl.oauthbearer.jwks.endpoint.refresh.ms = 3600000
	sasl.oauthbearer.jwks.endpoint.retry.backoff.max.ms = 10000
	sasl.oauthbearer.jwks.endpoint.retry.backoff.ms = 100
	sasl.oauthbearer.jwks.endpoint.url = null
	sasl.oauthbearer.scope.claim.name = scope
	sasl.oauthbearer.sub.claim.name = sub
	sasl.oauthbearer.token.endpoint.url = null
	security.protocol = PLAINTEXT
	security.providers = null
	send.buffer.bytes = 131072
	socket.connection.setup.timeout.max.ms = 30000
	socket.connection.setup.timeout.ms = 10000
	ssl.cipher.suites = null
	ssl.enabled.protocols = [TLSv1.2, TLSv1.3]
	ssl.endpoint.identification.algorithm = https
	ssl.engine.factory.class = null
	ssl.key.password = null
	ssl.keymanager.algorithm = SunX509
	ssl.keystore.certificate.chain = null
	ssl.keystore.key = null
	ssl.keystore.location = null
	ssl.keystore.password = null
	ssl.keystore.type = JKS
	ssl.protocol = TLSv1.3
	ssl.provider = null
	ssl.secure.random.implementation = null
	ssl.trustmanager.algorithm = PKIX
	ssl.truststore.certificates = null
	ssl.truststore.location = null
	ssl.truststore.password = null
	ssl.truststore.type = JKS

2025-08-13 18:18:23,364 INFO  [org.apa.kaf.com.uti.AppInfoParser] (main) Kafka version: 3.9.1
2025-08-13 18:18:23,364 INFO  [org.apa.kaf.com.uti.AppInfoParser] (main) Kafka commitId: f745dfdcee2b9851
2025-08-13 18:18:23,364 INFO  [org.apa.kaf.com.uti.AppInfoParser] (main) Kafka startTimeMs: 1755109103362
**** Registry Base URL: http://registry-app-pg17.apps.ci419.apicurio-testing.org:80
2025-08-13 18:18:23,421 INFO  [org.apa.kaf.cli.pro.ProducerConfig] (main) ProducerConfig values: 
	acks = -1
	auto.include.jmx.reporter = true
	batch.size = 16384
	bootstrap.servers = [PLAINTEXT://localhost:32769]
	buffer.memory = 33554432
	client.dns.lookup = use_all_dns_ips
	client.id = Producer-topic-cf5523d5_aa54_44d1_be56_71e878ebb8a1
	compression.gzip.level = -1
	compression.lz4.level = 9
	compression.type = none
	compression.zstd.level = 3
	connections.max.idle.ms = 10000
	delivery.timeout.ms = 120000
	enable.idempotence = true
	enable.metrics.push = true
	interceptor.classes = []
	key.serializer = class org.apache.kafka.common.serialization.StringSerializer
	linger.ms = 0
	max.block.ms = 60000
	max.in.flight.requests.per.connection = 5
	max.request.size = 1048576
	metadata.max.age.ms = 300000
	metadata.max.idle.ms = 300000
	metadata.recovery.strategy = none
	metric.reporters = []
	metrics.num.samples = 2
	metrics.recording.level = INFO
	metrics.sample.window.ms = 30000
	partitioner.adaptive.partitioning.enable = true
	partitioner.availability.timeout.ms = 0
	partitioner.class = null
	partitioner.ignore.keys = false
	receive.buffer.bytes = 32768
	reconnect.backoff.max.ms = 1000
	reconnect.backoff.ms = 50
	request.timeout.ms = 5000
	retries = 2147483647
	retry.backoff.max.ms = 1000
	retry.backoff.ms = 100
	sasl.client.callback.handler.class = null
	sasl.jaas.config = null
	sasl.kerberos.kinit.cmd = /usr/bin/kinit
	sasl.kerberos.min.time.before.relogin = 60000
	sasl.kerberos.service.name = null
	sasl.kerberos.ticket.renew.jitter = 0.05
	sasl.kerberos.ticket.renew.window.factor = 0.8
	sasl.login.callback.handler.class = null
	sasl.login.class = null
	sasl.login.connect.timeout.ms = null
	sasl.login.read.timeout.ms = null
	sasl.login.refresh.buffer.seconds = 300
	sasl.login.refresh.min.period.seconds = 60
	sasl.login.refresh.window.factor = 0.8
	sasl.login.refresh.window.jitter = 0.05
	sasl.login.retry.backoff.max.ms = 10000
	sasl.login.retry.backoff.ms = 100
	sasl.mechanism = GSSAPI
	sasl.oauthbearer.clock.skew.seconds = 30
	sasl.oauthbearer.expected.audience = null
	sasl.oauthbearer.expected.issuer = null
	sasl.oauthbearer.header.urlencode = false
	sasl.oauthbearer.jwks.endpoint.refresh.ms = 3600000
	sasl.oauthbearer.jwks.endpoint.retry.backoff.max.ms = 10000
	sasl.oauthbearer.jwks.endpoint.retry.backoff.ms = 100
	sasl.oauthbearer.jwks.endpoint.url = null
	sasl.oauthbearer.scope.claim.name = scope
	sasl.oauthbearer.sub.claim.name = sub
	sasl.oauthbearer.token.endpoint.url = null
	security.protocol = PLAINTEXT
	security.providers = null
	send.buffer.bytes = 131072
	socket.connection.setup.timeout.max.ms = 30000
	socket.connection.setup.timeout.ms = 10000
	ssl.cipher.suites = null
	ssl.enabled.protocols = [TLSv1.2, TLSv1.3]
	ssl.endpoint.identification.algorithm = https
	ssl.engine.factory.class = null
	ssl.key.password = null
	ssl.keymanager.algorithm = SunX509
	ssl.keystore.certificate.chain = null
	ssl.keystore.key = null
	ssl.keystore.location = null
	ssl.keystore.password = null
	ssl.keystore.type = JKS
	ssl.protocol = TLSv1.3
	ssl.provider = null
	ssl.secure.random.implementation = null
	ssl.trustmanager.algorithm = PKIX
	ssl.truststore.certificates = null
	ssl.truststore.location = null
	ssl.truststore.password = null
	ssl.truststore.type = JKS
	transaction.timeout.ms = 60000
	transactional.id = null
	value.serializer = class io.apicurio.registry.serde.avro.AvroKafkaSerializer

2025-08-13 18:18:23,475 INFO  [org.apa.kaf.com.tel.int.KafkaMetricsCollector] (main) initializing Kafka metrics collector
2025-08-13 18:18:23,507 INFO  [org.apa.kaf.cli.pro.KafkaProducer] (main) [Producer clientId=Producer-topic-cf5523d5_aa54_44d1_be56_71e878ebb8a1] Instantiated an idempotent producer.
2025-08-13 18:18:23,538 INFO  [org.apa.kaf.cli.pro.ProducerConfig] (main) These configurations '[apicurio.registry.url, apicurio.registry.auto-register, apicurio.registry.use-id, apicurio.registry.artifact-resolver-strategy]' were supplied but are not used yet.
2025-08-13 18:18:23,539 INFO  [org.apa.kaf.com.uti.AppInfoParser] (main) Kafka version: 3.9.1
2025-08-13 18:18:23,539 INFO  [org.apa.kaf.com.uti.AppInfoParser] (main) Kafka commitId: f745dfdcee2b9851
2025-08-13 18:18:23,539 INFO  [org.apa.kaf.com.uti.AppInfoParser] (main) Kafka startTimeMs: 1755109103539
2025-08-13 18:18:23,539 INFO  [io.api.tes.ser.api.SimpleSerdesTesterBuilder$SimpleSerdesTester] (main) Using producer configuration: {apicurio.registry.url=http://registry-app-pg17.apps.ci419.apicurio-testing.org:80/apis/registry/v3, apicurio.registry.auto-register=true, apicurio.registry.use-id=globalId, apicurio.registry.artifact-resolver-strategy=io.apicurio.registry.serde.strategy.TopicIdStrategy, value.serializer=io.apicurio.registry.serde.avro.AvroKafkaSerializer, request.timeout.ms=5000, acks=all, bootstrap.servers=PLAINTEXT://localhost:32769, connections.max.idle.ms=10000, key.serializer=org.apache.kafka.common.serialization.StringSerializer, client.id=Producer-topic-cf5523d5_aa54_44d1_be56_71e878ebb8a1}
2025-08-13 18:18:23,540 INFO  [io.api.tes.ser.api.SimpleSerdesTesterBuilder$SimpleSerdesTester] (main) Using consumer configuration: {apicurio.registry.use-id=globalId}
2025-08-13 18:18:23,547 INFO  [io.api.tes.ser.api.KafkaSerdesTester] (Thread-600) Sending message {"key11755109103394": "value-0"} to topic topic-cf5523d5_aa54_44d1_be56_71e878ebb8a1
2025-08-13 18:18:23,934 WARN  [org.apa.kaf.cli.NetworkClient] (kafka-producer-network-thread | Producer-topic-cf5523d5_aa54_44d1_be56_71e878ebb8a1) [Producer clientId=Producer-topic-cf5523d5_aa54_44d1_be56_71e878ebb8a1] The metadata response from the cluster reported a recoverable issue with correlation id 1 : {topic-cf5523d5_aa54_44d1_be56_71e878ebb8a1=UNKNOWN_TOPIC_OR_PARTITION}
2025-08-13 18:18:23,942 INFO  [org.apa.kaf.cli.Metadata] (kafka-producer-network-thread | Producer-topic-cf5523d5_aa54_44d1_be56_71e878ebb8a1) [Producer clientId=Producer-topic-cf5523d5_aa54_44d1_be56_71e878ebb8a1] Cluster ID: sAToZ0WATkWwuQb_OH8PpQ
2025-08-13 18:18:24,176 INFO  [org.apa.kaf.cli.pro.int.TransactionManager] (kafka-producer-network-thread | Producer-topic-cf5523d5_aa54_44d1_be56_71e878ebb8a1) [Producer clientId=Producer-topic-cf5523d5_aa54_44d1_be56_71e878ebb8a1] ProducerId set to 0 with epoch 0
2025-08-13 18:18:24,365 INFO  [io.api.tes.ser.api.KafkaSerdesTester] (Thread-600) Sending message {"key11755109103394": "value-1"} to topic topic-cf5523d5_aa54_44d1_be56_71e878ebb8a1
2025-08-13 18:18:24,377 INFO  [io.api.tes.ser.api.KafkaSerdesTester] (Thread-600) Sending message {"key11755109103394": "value-2"} to topic topic-cf5523d5_aa54_44d1_be56_71e878ebb8a1
2025-08-13 18:18:24,390 INFO  [io.api.tes.ser.api.KafkaSerdesTester] (Thread-600) Sending message {"key11755109103394": "value-3"} to topic topic-cf5523d5_aa54_44d1_be56_71e878ebb8a1
2025-08-13 18:18:24,395 INFO  [io.api.tes.ser.api.KafkaSerdesTester] (Thread-600) Sending message {"key11755109103394": "value-4"} to topic topic-cf5523d5_aa54_44d1_be56_71e878ebb8a1
2025-08-13 18:18:24,400 INFO  [io.api.tes.ser.api.KafkaSerdesTester] (Thread-600) Sending message {"key11755109103394": "value-5"} to topic topic-cf5523d5_aa54_44d1_be56_71e878ebb8a1
2025-08-13 18:18:24,409 INFO  [io.api.tes.ser.api.KafkaSerdesTester] (Thread-600) Sending message {"key11755109103394": "value-6"} to topic topic-cf5523d5_aa54_44d1_be56_71e878ebb8a1
2025-08-13 18:18:24,414 INFO  [io.api.tes.ser.api.KafkaSerdesTester] (Thread-600) Sending message {"key11755109103394": "value-7"} to topic topic-cf5523d5_aa54_44d1_be56_71e878ebb8a1
2025-08-13 18:18:24,419 INFO  [io.api.tes.ser.api.KafkaSerdesTester] (Thread-600) Sending message {"key11755109103394": "value-8"} to topic topic-cf5523d5_aa54_44d1_be56_71e878ebb8a1
2025-08-13 18:18:24,424 INFO  [io.api.tes.ser.api.KafkaSerdesTester] (Thread-600) Sending message {"key11755109103394": "value-9"} to topic topic-cf5523d5_aa54_44d1_be56_71e878ebb8a1
2025-08-13 18:18:24,429 INFO  [io.api.tes.ser.api.KafkaSerdesTester] (Thread-600) Produced 10 messages
2025-08-13 18:18:24,430 INFO  [org.apa.kaf.cli.pro.KafkaProducer] (Thread-600) [Producer clientId=Producer-topic-cf5523d5_aa54_44d1_be56_71e878ebb8a1] Closing the Kafka producer with timeoutMillis = 9223372036854775807 ms.
2025-08-13 18:18:24,459 INFO  [org.apa.kaf.com.met.Metrics] (Thread-600) Metrics scheduler closed
2025-08-13 18:18:24,459 INFO  [org.apa.kaf.com.met.Metrics] (Thread-600) Closing reporter org.apache.kafka.common.metrics.JmxReporter
2025-08-13 18:18:24,459 INFO  [org.apa.kaf.com.met.Metrics] (Thread-600) Closing reporter org.apache.kafka.common.telemetry.internals.ClientTelemetryReporter
2025-08-13 18:18:24,461 INFO  [org.apa.kaf.com.met.Metrics] (Thread-600) Metrics reporters closed
2025-08-13 18:18:24,467 INFO  [org.apa.kaf.com.uti.AppInfoParser] (Thread-600) App info kafka.producer for Producer-topic-cf5523d5_aa54_44d1_be56_71e878ebb8a1 unregistered
**** Registry Base URL: http://registry-app-pg17.apps.ci419.apicurio-testing.org:80
2025-08-13 18:18:24,612 INFO  [org.apa.kaf.cli.con.ConsumerConfig] (main) ConsumerConfig values: 
	allow.auto.create.topics = true
	auto.commit.interval.ms = 500
	auto.include.jmx.reporter = true
	auto.offset.reset = earliest
	bootstrap.servers = [PLAINTEXT://localhost:32769]
	check.crcs = true
	client.dns.lookup = use_all_dns_ips
	client.id = consumer-Consumer-topic-cf5523d5_aa54_44d1_be56_71e878ebb8a1-1
	client.rack = 
	connections.max.idle.ms = 10000
	default.api.timeout.ms = 60000
	enable.auto.commit = true
	enable.metrics.push = true
	exclude.internal.topics = true
	fetch.max.bytes = 52428800
	fetch.max.wait.ms = 500
	fetch.min.bytes = 1
	group.id = Consumer-topic-cf5523d5_aa54_44d1_be56_71e878ebb8a1
	group.instance.id = null
	group.protocol = classic
	group.remote.assignor = null
	heartbeat.interval.ms = 3000
	interceptor.classes = []
	internal.leave.group.on.close = true
	internal.throw.on.fetch.stable.offset.unsupported = false
	isolation.level = read_uncommitted
	key.deserializer = class org.apache.kafka.common.serialization.StringDeserializer
	max.partition.fetch.bytes = 1048576
	max.poll.interval.ms = 300000
	max.poll.records = 500
	metadata.max.age.ms = 300000
	metadata.recovery.strategy = none
	metric.reporters = []
	metrics.num.samples = 2
	metrics.recording.level = INFO
	metrics.sample.window.ms = 30000
	partition.assignment.strategy = [class org.apache.kafka.clients.consumer.RangeAssignor, class org.apache.kafka.clients.consumer.CooperativeStickyAssignor]
	receive.buffer.bytes = 65536
	reconnect.backoff.max.ms = 1000
	reconnect.backoff.ms = 50
	request.timeout.ms = 5000
	retry.backoff.max.ms = 1000
	retry.backoff.ms = 100
	sasl.client.callback.handler.class = null
	sasl.jaas.config = null
	sasl.kerberos.kinit.cmd = /usr/bin/kinit
	sasl.kerberos.min.time.before.relogin = 60000
	sasl.kerberos.service.name = null
	sasl.kerberos.ticket.renew.jitter = 0.05
	sasl.kerberos.ticket.renew.window.factor = 0.8
	sasl.login.callback.handler.class = null
	sasl.login.class = null
	sasl.login.connect.timeout.ms = null
	sasl.login.read.timeout.ms = null
	sasl.login.refresh.buffer.seconds = 300
	sasl.login.refresh.min.period.seconds = 60
	sasl.login.refresh.window.factor = 0.8
	sasl.login.refresh.window.jitter = 0.05
	sasl.login.retry.backoff.max.ms = 10000
	sasl.login.retry.backoff.ms = 100
	sasl.mechanism = GSSAPI
	sasl.oauthbearer.clock.skew.seconds = 30
	sasl.oauthbearer.expected.audience = null
	sasl.oauthbearer.expected.issuer = null
	sasl.oauthbearer.header.urlencode = false
	sasl.oauthbearer.jwks.endpoint.refresh.ms = 3600000
	sasl.oauthbearer.jwks.endpoint.retry.backoff.max.ms = 10000
	sasl.oauthbearer.jwks.endpoint.retry.backoff.ms = 100
	sasl.oauthbearer.jwks.endpoint.url = null
	sasl.oauthbearer.scope.claim.name = scope
	sasl.oauthbearer.sub.claim.name = sub
	sasl.oauthbearer.token.endpoint.url = null
	security.protocol = PLAINTEXT
	security.providers = null
	send.buffer.bytes = 131072
	session.timeout.ms = 45000
	socket.connection.setup.timeout.max.ms = 30000
	socket.connection.setup.timeout.ms = 10000
	ssl.cipher.suites = null
	ssl.enabled.protocols = [TLSv1.2, TLSv1.3]
	ssl.endpoint.identification.algorithm = https
	ssl.engine.factory.class = null
	ssl.key.password = null
	ssl.keymanager.algorithm = SunX509
	ssl.keystore.certificate.chain = null
	ssl.keystore.key = null
	ssl.keystore.location = null
	ssl.keystore.password = null
	ssl.keystore.type = JKS
	ssl.protocol = TLSv1.3
	ssl.provider = null
	ssl.secure.random.implementation = null
	ssl.trustmanager.algorithm = PKIX
	ssl.truststore.certificates = null
	ssl.truststore.location = null
	ssl.truststore.password = null
	ssl.truststore.type = JKS
	value.deserializer = class io.apicurio.registry.serde.avro.AvroKafkaDeserializer

2025-08-13 18:18:24,622 INFO  [org.apa.kaf.com.tel.int.KafkaMetricsCollector] (main) initializing Kafka metrics collector
2025-08-13 18:18:24,677 INFO  [org.apa.kaf.cli.con.ConsumerConfig] (main) These configurations '[apicurio.registry.url, apicurio.registry.use-id]' were supplied but are not used yet.
2025-08-13 18:18:24,678 INFO  [org.apa.kaf.com.uti.AppInfoParser] (main) Kafka version: 3.9.1
2025-08-13 18:18:24,678 INFO  [org.apa.kaf.com.uti.AppInfoParser] (main) Kafka commitId: f745dfdcee2b9851
2025-08-13 18:18:24,679 INFO  [org.apa.kaf.com.uti.AppInfoParser] (main) Kafka startTimeMs: 1755109104678
2025-08-13 18:18:24,681 INFO  [org.apa.kaf.cli.con.int.ClassicKafkaConsumer] (Thread-603) [Consumer clientId=consumer-Consumer-topic-cf5523d5_aa54_44d1_be56_71e878ebb8a1-1, groupId=Consumer-topic-cf5523d5_aa54_44d1_be56_71e878ebb8a1] Subscribed to topic(s): topic-cf5523d5_aa54_44d1_be56_71e878ebb8a1
2025-08-13 18:18:24,695 INFO  [org.apa.kaf.cli.Metadata] (Thread-603) [Consumer clientId=consumer-Consumer-topic-cf5523d5_aa54_44d1_be56_71e878ebb8a1-1, groupId=Consumer-topic-cf5523d5_aa54_44d1_be56_71e878ebb8a1] Cluster ID: sAToZ0WATkWwuQb_OH8PpQ
2025-08-13 18:18:24,852 INFO  [org.apa.kaf.cli.con.int.ConsumerCoordinator] (Thread-603) [Consumer clientId=consumer-Consumer-topic-cf5523d5_aa54_44d1_be56_71e878ebb8a1-1, groupId=Consumer-topic-cf5523d5_aa54_44d1_be56_71e878ebb8a1] Discovered group coordinator localhost:32769 (id: 2147483647 rack: null)
2025-08-13 18:18:24,867 INFO  [org.apa.kaf.cli.con.int.ConsumerCoordinator] (Thread-603) [Consumer clientId=consumer-Consumer-topic-cf5523d5_aa54_44d1_be56_71e878ebb8a1-1, groupId=Consumer-topic-cf5523d5_aa54_44d1_be56_71e878ebb8a1] (Re-)joining group
2025-08-13 18:18:24,898 INFO  [org.apa.kaf.cli.con.int.ConsumerCoordinator] (Thread-603) [Consumer clientId=consumer-Consumer-topic-cf5523d5_aa54_44d1_be56_71e878ebb8a1-1, groupId=Consumer-topic-cf5523d5_aa54_44d1_be56_71e878ebb8a1] Group coordinator localhost:32769 (id: 2147483647 rack: null) is unavailable or invalid due to cause: error response NOT_COORDINATOR. isDisconnected: false. Rediscovery will be attempted.
2025-08-13 18:18:24,899 INFO  [org.apa.kaf.cli.con.int.ConsumerCoordinator] (Thread-603) [Consumer clientId=consumer-Consumer-topic-cf5523d5_aa54_44d1_be56_71e878ebb8a1-1, groupId=Consumer-topic-cf5523d5_aa54_44d1_be56_71e878ebb8a1] Requesting disconnect from last known coordinator localhost:32769 (id: 2147483647 rack: null)
2025-08-13 18:18:24,899 INFO  [org.apa.kaf.cli.con.int.ConsumerCoordinator] (Thread-603) [Consumer clientId=consumer-Consumer-topic-cf5523d5_aa54_44d1_be56_71e878ebb8a1-1, groupId=Consumer-topic-cf5523d5_aa54_44d1_be56_71e878ebb8a1] JoinGroup failed: This is not the correct coordinator. Marking coordinator unknown. Sent generation was Generation{generationId=-1, memberId='', protocol='null'}
2025-08-13 18:18:24,899 INFO  [org.apa.kaf.cli.NetworkClient] (Thread-603) [Consumer clientId=consumer-Consumer-topic-cf5523d5_aa54_44d1_be56_71e878ebb8a1-1, groupId=Consumer-topic-cf5523d5_aa54_44d1_be56_71e878ebb8a1] Client requested disconnect from node 2147483647
2025-08-13 18:18:24,904 INFO  [org.apa.kaf.cli.con.int.ConsumerCoordinator] (Thread-603) [Consumer clientId=consumer-Consumer-topic-cf5523d5_aa54_44d1_be56_71e878ebb8a1-1, groupId=Consumer-topic-cf5523d5_aa54_44d1_be56_71e878ebb8a1] Discovered group coordinator localhost:32769 (id: 2147483647 rack: null)
2025-08-13 18:18:24,904 INFO  [org.apa.kaf.cli.con.int.ConsumerCoordinator] (Thread-603) [Consumer clientId=consumer-Consumer-topic-cf5523d5_aa54_44d1_be56_71e878ebb8a1-1, groupId=Consumer-topic-cf5523d5_aa54_44d1_be56_71e878ebb8a1] Group coordinator localhost:32769 (id: 2147483647 rack: null) is unavailable or invalid due to cause: coordinator unavailable. isDisconnected: false. Rediscovery will be attempted.
2025-08-13 18:18:24,904 INFO  [org.apa.kaf.cli.con.int.ConsumerCoordinator] (Thread-603) [Consumer clientId=consumer-Consumer-topic-cf5523d5_aa54_44d1_be56_71e878ebb8a1-1, groupId=Consumer-topic-cf5523d5_aa54_44d1_be56_71e878ebb8a1] Requesting disconnect from last known coordinator localhost:32769 (id: 2147483647 rack: null)
2025-08-13 18:18:25,027 INFO  [org.apa.kaf.cli.con.int.ConsumerCoordinator] (Thread-603) [Consumer clientId=consumer-Consumer-topic-cf5523d5_aa54_44d1_be56_71e878ebb8a1-1, groupId=Consumer-topic-cf5523d5_aa54_44d1_be56_71e878ebb8a1] Discovered group coordinator localhost:32769 (id: 2147483647 rack: null)
2025-08-13 18:18:25,028 INFO  [org.apa.kaf.cli.con.int.ConsumerCoordinator] (Thread-603) [Consumer clientId=consumer-Consumer-topic-cf5523d5_aa54_44d1_be56_71e878ebb8a1-1, groupId=Consumer-topic-cf5523d5_aa54_44d1_be56_71e878ebb8a1] Request joining group due to: rebalance failed due to 'This is not the correct coordinator.' (NotCoordinatorException)
2025-08-13 18:18:25,029 INFO  [org.apa.kaf.cli.con.int.ConsumerCoordinator] (Thread-603) [Consumer clientId=consumer-Consumer-topic-cf5523d5_aa54_44d1_be56_71e878ebb8a1-1, groupId=Consumer-topic-cf5523d5_aa54_44d1_be56_71e878ebb8a1] (Re-)joining group
2025-08-13 18:18:25,039 INFO  [org.apa.kaf.cli.con.int.ConsumerCoordinator] (Thread-603) [Consumer clientId=consumer-Consumer-topic-cf5523d5_aa54_44d1_be56_71e878ebb8a1-1, groupId=Consumer-topic-cf5523d5_aa54_44d1_be56_71e878ebb8a1] Group coordinator localhost:32769 (id: 2147483647 rack: null) is unavailable or invalid due to cause: error response NOT_COORDINATOR. isDisconnected: false. Rediscovery will be attempted.
2025-08-13 18:18:25,039 INFO  [org.apa.kaf.cli.con.int.ConsumerCoordinator] (Thread-603) [Consumer clientId=consumer-Consumer-topic-cf5523d5_aa54_44d1_be56_71e878ebb8a1-1, groupId=Consumer-topic-cf5523d5_aa54_44d1_be56_71e878ebb8a1] Requesting disconnect from last known coordinator localhost:32769 (id: 2147483647 rack: null)
2025-08-13 18:18:25,039 INFO  [org.apa.kaf.cli.con.int.ConsumerCoordinator] (Thread-603) [Consumer clientId=consumer-Consumer-topic-cf5523d5_aa54_44d1_be56_71e878ebb8a1-1, groupId=Consumer-topic-cf5523d5_aa54_44d1_be56_71e878ebb8a1] JoinGroup failed: This is not the correct coordinator. Marking coordinator unknown. Sent generation was Generation{generationId=-1, memberId='', protocol='null'}
2025-08-13 18:18:25,039 INFO  [org.apa.kaf.cli.NetworkClient] (Thread-603) [Consumer clientId=consumer-Consumer-topic-cf5523d5_aa54_44d1_be56_71e878ebb8a1-1, groupId=Consumer-topic-cf5523d5_aa54_44d1_be56_71e878ebb8a1] Client requested disconnect from node 2147483647
2025-08-13 18:18:25,045 INFO  [org.apa.kaf.cli.con.int.ConsumerCoordinator] (Thread-603) [Consumer clientId=consumer-Consumer-topic-cf5523d5_aa54_44d1_be56_71e878ebb8a1-1, groupId=Consumer-topic-cf5523d5_aa54_44d1_be56_71e878ebb8a1] Discovered group coordinator localhost:32769 (id: 2147483647 rack: null)
2025-08-13 18:18:25,045 INFO  [org.apa.kaf.cli.con.int.ConsumerCoordinator] (Thread-603) [Consumer clientId=consumer-Consumer-topic-cf5523d5_aa54_44d1_be56_71e878ebb8a1-1, groupId=Consumer-topic-cf5523d5_aa54_44d1_be56_71e878ebb8a1] Group coordinator localhost:32769 (id: 2147483647 rack: null) is unavailable or invalid due to cause: coordinator unavailable. isDisconnected: false. Rediscovery will be attempted.
2025-08-13 18:18:25,045 INFO  [org.apa.kaf.cli.con.int.ConsumerCoordinator] (Thread-603) [Consumer clientId=consumer-Consumer-topic-cf5523d5_aa54_44d1_be56_71e878ebb8a1-1, groupId=Consumer-topic-cf5523d5_aa54_44d1_be56_71e878ebb8a1] Requesting disconnect from last known coordinator localhost:32769 (id: 2147483647 rack: null)
2025-08-13 18:18:25,160 INFO  [org.apa.kaf.cli.con.int.ConsumerCoordinator] (Thread-603) [Consumer clientId=consumer-Consumer-topic-cf5523d5_aa54_44d1_be56_71e878ebb8a1-1, groupId=Consumer-topic-cf5523d5_aa54_44d1_be56_71e878ebb8a1] Discovered group coordinator localhost:32769 (id: 2147483647 rack: null)
2025-08-13 18:18:25,163 INFO  [org.apa.kaf.cli.con.int.ConsumerCoordinator] (Thread-603) [Consumer clientId=consumer-Consumer-topic-cf5523d5_aa54_44d1_be56_71e878ebb8a1-1, groupId=Consumer-topic-cf5523d5_aa54_44d1_be56_71e878ebb8a1] Request joining group due to: rebalance failed due to 'This is not the correct coordinator.' (NotCoordinatorException)
2025-08-13 18:18:25,168 INFO  [org.apa.kaf.cli.con.int.ConsumerCoordinator] (Thread-603) [Consumer clientId=consumer-Consumer-topic-cf5523d5_aa54_44d1_be56_71e878ebb8a1-1, groupId=Consumer-topic-cf5523d5_aa54_44d1_be56_71e878ebb8a1] (Re-)joining group
2025-08-13 18:18:25,178 INFO  [org.apa.kaf.cli.con.int.ConsumerCoordinator] (Thread-603) [Consumer clientId=consumer-Consumer-topic-cf5523d5_aa54_44d1_be56_71e878ebb8a1-1, groupId=Consumer-topic-cf5523d5_aa54_44d1_be56_71e878ebb8a1] Group coordinator localhost:32769 (id: 2147483647 rack: null) is unavailable or invalid due to cause: error response NOT_COORDINATOR. isDisconnected: false. Rediscovery will be attempted.
2025-08-13 18:18:25,178 INFO  [org.apa.kaf.cli.con.int.ConsumerCoordinator] (Thread-603) [Consumer clientId=consumer-Consumer-topic-cf5523d5_aa54_44d1_be56_71e878ebb8a1-1, groupId=Consumer-topic-cf5523d5_aa54_44d1_be56_71e878ebb8a1] Requesting disconnect from last known coordinator localhost:32769 (id: 2147483647 rack: null)
2025-08-13 18:18:25,178 INFO  [org.apa.kaf.cli.con.int.ConsumerCoordinator] (Thread-603) [Consumer clientId=consumer-Consumer-topic-cf5523d5_aa54_44d1_be56_71e878ebb8a1-1, groupId=Consumer-topic-cf5523d5_aa54_44d1_be56_71e878ebb8a1] JoinGroup failed: This is not the correct coordinator. Marking coordinator unknown. Sent generation was Generation{generationId=-1, memberId='', protocol='null'}
2025-08-13 18:18:25,178 INFO  [org.apa.kaf.cli.NetworkClient] (Thread-603) [Consumer clientId=consumer-Consumer-topic-cf5523d5_aa54_44d1_be56_71e878ebb8a1-1, groupId=Consumer-topic-cf5523d5_aa54_44d1_be56_71e878ebb8a1] Client requested disconnect from node 2147483647
2025-08-13 18:18:25,186 INFO  [org.apa.kaf.cli.con.int.ConsumerCoordinator] (Thread-603) [Consumer clientId=consumer-Consumer-topic-cf5523d5_aa54_44d1_be56_71e878ebb8a1-1, groupId=Consumer-topic-cf5523d5_aa54_44d1_be56_71e878ebb8a1] Discovered group coordinator localhost:32769 (id: 2147483647 rack: null)
2025-08-13 18:18:25,186 INFO  [org.apa.kaf.cli.con.int.ConsumerCoordinator] (Thread-603) [Consumer clientId=consumer-Consumer-topic-cf5523d5_aa54_44d1_be56_71e878ebb8a1-1, groupId=Consumer-topic-cf5523d5_aa54_44d1_be56_71e878ebb8a1] Group coordinator localhost:32769 (id: 2147483647 rack: null) is unavailable or invalid due to cause: coordinator unavailable. isDisconnected: false. Rediscovery will be attempted.
2025-08-13 18:18:25,186 INFO  [org.apa.kaf.cli.con.int.ConsumerCoordinator] (Thread-603) [Consumer clientId=consumer-Consumer-topic-cf5523d5_aa54_44d1_be56_71e878ebb8a1-1, groupId=Consumer-topic-cf5523d5_aa54_44d1_be56_71e878ebb8a1] Requesting disconnect from last known coordinator localhost:32769 (id: 2147483647 rack: null)
2025-08-13 18:18:25,294 INFO  [org.apa.kaf.cli.con.int.ConsumerCoordinator] (Thread-603) [Consumer clientId=consumer-Consumer-topic-cf5523d5_aa54_44d1_be56_71e878ebb8a1-1, groupId=Consumer-topic-cf5523d5_aa54_44d1_be56_71e878ebb8a1] Discovered group coordinator localhost:32769 (id: 2147483647 rack: null)
2025-08-13 18:18:25,295 INFO  [org.apa.kaf.cli.con.int.ConsumerCoordinator] (Thread-603) [Consumer clientId=consumer-Consumer-topic-cf5523d5_aa54_44d1_be56_71e878ebb8a1-1, groupId=Consumer-topic-cf5523d5_aa54_44d1_be56_71e878ebb8a1] Request joining group due to: rebalance failed due to 'This is not the correct coordinator.' (NotCoordinatorException)
2025-08-13 18:18:25,296 INFO  [org.apa.kaf.cli.con.int.ConsumerCoordinator] (Thread-603) [Consumer clientId=consumer-Consumer-topic-cf5523d5_aa54_44d1_be56_71e878ebb8a1-1, groupId=Consumer-topic-cf5523d5_aa54_44d1_be56_71e878ebb8a1] (Re-)joining group
2025-08-13 18:18:25,357 INFO  [org.apa.kaf.cli.con.int.ConsumerCoordinator] (Thread-603) [Consumer clientId=consumer-Consumer-topic-cf5523d5_aa54_44d1_be56_71e878ebb8a1-1, groupId=Consumer-topic-cf5523d5_aa54_44d1_be56_71e878ebb8a1] JoinGroup failed: Coordinator localhost:32769 (id: 2147483647 rack: null) is loading the group.
2025-08-13 18:18:25,358 INFO  [org.apa.kaf.cli.con.int.ConsumerCoordinator] (Thread-603) [Consumer clientId=consumer-Consumer-topic-cf5523d5_aa54_44d1_be56_71e878ebb8a1-1, groupId=Consumer-topic-cf5523d5_aa54_44d1_be56_71e878ebb8a1] Request joining group due to: rebalance failed due to 'The coordinator is loading and hence can't process requests.' (CoordinatorLoadInProgressException)
2025-08-13 18:18:25,458 INFO  [org.apa.kaf.cli.con.int.ConsumerCoordinator] (Thread-603) [Consumer clientId=consumer-Consumer-topic-cf5523d5_aa54_44d1_be56_71e878ebb8a1-1, groupId=Consumer-topic-cf5523d5_aa54_44d1_be56_71e878ebb8a1] (Re-)joining group
2025-08-13 18:18:25,465 INFO  [org.apa.kaf.cli.con.int.ConsumerCoordinator] (Thread-603) [Consumer clientId=consumer-Consumer-topic-cf5523d5_aa54_44d1_be56_71e878ebb8a1-1, groupId=Consumer-topic-cf5523d5_aa54_44d1_be56_71e878ebb8a1] Request joining group due to: need to re-join with the given member-id: consumer-Consumer-topic-cf5523d5_aa54_44d1_be56_71e878ebb8a1-1-82e22a41-cf59-4c3c-830a-b0a6f5d27af3
2025-08-13 18:18:25,465 INFO  [org.apa.kaf.cli.con.int.ConsumerCoordinator] (Thread-603) [Consumer clientId=consumer-Consumer-topic-cf5523d5_aa54_44d1_be56_71e878ebb8a1-1, groupId=Consumer-topic-cf5523d5_aa54_44d1_be56_71e878ebb8a1] (Re-)joining group
2025-08-13 18:18:25,681 INFO  [io.api.tes.ser.api.KafkaSerdesTester] (Thread-603) None found
2025-08-13 18:18:26,683 INFO  [io.api.tes.ser.api.KafkaSerdesTester] (Thread-603) None found
2025-08-13 18:18:27,684 INFO  [io.api.tes.ser.api.KafkaSerdesTester] (Thread-603) None found
2025-08-13 18:18:28,481 INFO  [org.apa.kaf.cli.con.int.ConsumerCoordinator] (Thread-603) [Consumer clientId=consumer-Consumer-topic-cf5523d5_aa54_44d1_be56_71e878ebb8a1-1, groupId=Consumer-topic-cf5523d5_aa54_44d1_be56_71e878ebb8a1] Successfully joined group with generation Generation{generationId=1, memberId='consumer-Consumer-topic-cf5523d5_aa54_44d1_be56_71e878ebb8a1-1-82e22a41-cf59-4c3c-830a-b0a6f5d27af3', protocol='range'}
2025-08-13 18:18:28,487 INFO  [org.apa.kaf.cli.con.int.ConsumerCoordinator] (Thread-603) [Consumer clientId=consumer-Consumer-topic-cf5523d5_aa54_44d1_be56_71e878ebb8a1-1, groupId=Consumer-topic-cf5523d5_aa54_44d1_be56_71e878ebb8a1] Finished assignment for group at generation 1: {consumer-Consumer-topic-cf5523d5_aa54_44d1_be56_71e878ebb8a1-1-82e22a41-cf59-4c3c-830a-b0a6f5d27af3=Assignment(partitions=[topic-cf5523d5_aa54_44d1_be56_71e878ebb8a1-0])}
2025-08-13 18:18:28,501 INFO  [org.apa.kaf.cli.con.int.ConsumerCoordinator] (Thread-603) [Consumer clientId=consumer-Consumer-topic-cf5523d5_aa54_44d1_be56_71e878ebb8a1-1, groupId=Consumer-topic-cf5523d5_aa54_44d1_be56_71e878ebb8a1] Successfully synced group in generation Generation{generationId=1, memberId='consumer-Consumer-topic-cf5523d5_aa54_44d1_be56_71e878ebb8a1-1-82e22a41-cf59-4c3c-830a-b0a6f5d27af3', protocol='range'}
2025-08-13 18:18:28,501 INFO  [org.apa.kaf.cli.con.int.ConsumerCoordinator] (Thread-603) [Consumer clientId=consumer-Consumer-topic-cf5523d5_aa54_44d1_be56_71e878ebb8a1-1, groupId=Consumer-topic-cf5523d5_aa54_44d1_be56_71e878ebb8a1] Notifying assignor about the new Assignment(partitions=[topic-cf5523d5_aa54_44d1_be56_71e878ebb8a1-0])
2025-08-13 18:18:28,503 INFO  [org.apa.kaf.cli.con.int.ConsumerRebalanceListenerInvoker] (Thread-603) [Consumer clientId=consumer-Consumer-topic-cf5523d5_aa54_44d1_be56_71e878ebb8a1-1, groupId=Consumer-topic-cf5523d5_aa54_44d1_be56_71e878ebb8a1] Adding newly assigned partitions: topic-cf5523d5_aa54_44d1_be56_71e878ebb8a1-0
2025-08-13 18:18:28,518 INFO  [org.apa.kaf.cli.con.int.ConsumerCoordinator] (Thread-603) [Consumer clientId=consumer-Consumer-topic-cf5523d5_aa54_44d1_be56_71e878ebb8a1-1, groupId=Consumer-topic-cf5523d5_aa54_44d1_be56_71e878ebb8a1] Found no committed offset for partition topic-cf5523d5_aa54_44d1_be56_71e878ebb8a1-0
2025-08-13 18:18:28,535 INFO  [org.apa.kaf.cli.con.int.SubscriptionState] (Thread-603) [Consumer clientId=consumer-Consumer-topic-cf5523d5_aa54_44d1_be56_71e878ebb8a1-1, groupId=Consumer-topic-cf5523d5_aa54_44d1_be56_71e878ebb8a1] Resetting offset for partition topic-cf5523d5_aa54_44d1_be56_71e878ebb8a1-0 to position FetchPosition{offset=0, offsetEpoch=Optional.empty, currentLeader=LeaderAndEpoch{leader=Optional[localhost:32769 (id: 0 rack: null)], epoch=0}}.
2025-08-13 18:18:28,738 INFO  [io.api.tes.ser.api.KafkaSerdesTester] (Thread-603) topic-cf5523d5_aa54_44d1_be56_71e878ebb8a1 0 0 {"key11755109103394": "value-0"}
2025-08-13 18:18:28,742 INFO  [io.api.tes.ser.api.KafkaSerdesTester] (Thread-603) topic-cf5523d5_aa54_44d1_be56_71e878ebb8a1 0 1 {"key11755109103394": "value-1"}
2025-08-13 18:18:28,743 INFO  [io.api.tes.ser.api.KafkaSerdesTester] (Thread-603) topic-cf5523d5_aa54_44d1_be56_71e878ebb8a1 0 2 {"key11755109103394": "value-2"}
2025-08-13 18:18:28,743 INFO  [io.api.tes.ser.api.KafkaSerdesTester] (Thread-603) topic-cf5523d5_aa54_44d1_be56_71e878ebb8a1 0 3 {"key11755109103394": "value-3"}
2025-08-13 18:18:28,743 INFO  [io.api.tes.ser.api.KafkaSerdesTester] (Thread-603) topic-cf5523d5_aa54_44d1_be56_71e878ebb8a1 0 4 {"key11755109103394": "value-4"}
2025-08-13 18:18:28,743 INFO  [io.api.tes.ser.api.KafkaSerdesTester] (Thread-603) topic-cf5523d5_aa54_44d1_be56_71e878ebb8a1 0 5 {"key11755109103394": "value-5"}
2025-08-13 18:18:28,743 INFO  [io.api.tes.ser.api.KafkaSerdesTester] (Thread-603) topic-cf5523d5_aa54_44d1_be56_71e878ebb8a1 0 6 {"key11755109103394": "value-6"}
2025-08-13 18:18:28,743 INFO  [io.api.tes.ser.api.KafkaSerdesTester] (Thread-603) topic-cf5523d5_aa54_44d1_be56_71e878ebb8a1 0 7 {"key11755109103394": "value-7"}
2025-08-13 18:18:28,743 INFO  [io.api.tes.ser.api.KafkaSerdesTester] (Thread-603) topic-cf5523d5_aa54_44d1_be56_71e878ebb8a1 0 8 {"key11755109103394": "value-8"}
2025-08-13 18:18:28,743 INFO  [io.api.tes.ser.api.KafkaSerdesTester] (Thread-603) topic-cf5523d5_aa54_44d1_be56_71e878ebb8a1 0 9 {"key11755109103394": "value-9"}
2025-08-13 18:18:28,743 INFO  [io.api.tes.ser.api.KafkaSerdesTester] (Thread-603) Consumed 10 messages
2025-08-13 18:18:28,771 INFO  [org.apa.kaf.cli.con.int.ConsumerRebalanceListenerInvoker] (Thread-603) [Consumer clientId=consumer-Consumer-topic-cf5523d5_aa54_44d1_be56_71e878ebb8a1-1, groupId=Consumer-topic-cf5523d5_aa54_44d1_be56_71e878ebb8a1] Revoke previously assigned partitions topic-cf5523d5_aa54_44d1_be56_71e878ebb8a1-0
2025-08-13 18:18:28,772 INFO  [org.apa.kaf.cli.con.int.ConsumerCoordinator] (Thread-603) [Consumer clientId=consumer-Consumer-topic-cf5523d5_aa54_44d1_be56_71e878ebb8a1-1, groupId=Consumer-topic-cf5523d5_aa54_44d1_be56_71e878ebb8a1] Member consumer-Consumer-topic-cf5523d5_aa54_44d1_be56_71e878ebb8a1-1-82e22a41-cf59-4c3c-830a-b0a6f5d27af3 sending LeaveGroup request to coordinator localhost:32769 (id: 2147483647 rack: null) due to the consumer is being closed
2025-08-13 18:18:28,774 INFO  [org.apa.kaf.cli.con.int.ConsumerCoordinator] (Thread-603) [Consumer clientId=consumer-Consumer-topic-cf5523d5_aa54_44d1_be56_71e878ebb8a1-1, groupId=Consumer-topic-cf5523d5_aa54_44d1_be56_71e878ebb8a1] Resetting generation and member id due to: consumer pro-actively leaving the group
2025-08-13 18:18:28,776 INFO  [org.apa.kaf.cli.con.int.ConsumerCoordinator] (Thread-603) [Consumer clientId=consumer-Consumer-topic-cf5523d5_aa54_44d1_be56_71e878ebb8a1-1, groupId=Consumer-topic-cf5523d5_aa54_44d1_be56_71e878ebb8a1] Request joining group due to: consumer pro-actively leaving the group
2025-08-13 18:18:29,254 INFO  [org.apa.kaf.com.met.Metrics] (Thread-603) Metrics scheduler closed
2025-08-13 18:18:29,255 INFO  [org.apa.kaf.com.met.Metrics] (Thread-603) Closing reporter org.apache.kafka.common.metrics.JmxReporter
2025-08-13 18:18:29,256 INFO  [org.apa.kaf.com.met.Metrics] (Thread-603) Closing reporter org.apache.kafka.common.telemetry.internals.ClientTelemetryReporter
2025-08-13 18:18:29,256 INFO  [org.apa.kaf.com.met.Metrics] (Thread-603) Metrics reporters closed
2025-08-13 18:18:29,266 INFO  [org.apa.kaf.com.uti.AppInfoParser] (Thread-603) App info kafka.consumer for consumer-Consumer-topic-cf5523d5_aa54_44d1_be56_71e878ebb8a1-1 unregistered
2025-08-13 18:18:29,268 INFO  [io.api.tes.uti.TestSeparator] (main) io.apicurio.tests.serdes.apicurio.AvroSerdeIT.testGlobalIdInHeaders-FINISHED
2025-08-13 18:18:29,269 INFO  [io.api.tes.uti.TestSeparator] (main) ############################################################################
Test passed: testGlobalIdInHeaders
]]></system-out>
  </testcase>
  <testcase name="testSimpleTopicIdStrategyFindLatest" classname="io.apicurio.tests.serdes.apicurio.AvroSerdeIT" time="5.089">
    <system-out><![CDATA[2025-08-13 18:18:29,274 INFO  [io.api.tes.uti.TestSeparator] (main) ############################################################################
2025-08-13 18:18:29,274 INFO  [io.api.tes.uti.TestSeparator] (main) io.apicurio.tests.serdes.apicurio.AvroSerdeIT.testSimpleTopicIdStrategyFindLatest-STARTED
2025-08-13 18:18:29,283 INFO  [io.api.tes.ser.api.AvroSerdeIT] (main) Registering Avro Schema: {"type":"record","name":"myrecordapicurio1","fields":[{"name":"key11755109109282","type":"string"}]}
**** Registry Base URL: http://registry-app-pg17.apps.ci419.apicurio-testing.org:80
2025-08-13 18:18:30,398 INFO  [org.apa.kaf.cli.pro.ProducerConfig] (main) ProducerConfig values: 
	acks = -1
	auto.include.jmx.reporter = true
	batch.size = 16384
	bootstrap.servers = [PLAINTEXT://localhost:32769]
	buffer.memory = 33554432
	client.dns.lookup = use_all_dns_ips
	client.id = Producer-topic-d1e4716a_5464_42fe_b853_76f27d60c428
	compression.gzip.level = -1
	compression.lz4.level = 9
	compression.type = none
	compression.zstd.level = 3
	connections.max.idle.ms = 10000
	delivery.timeout.ms = 120000
	enable.idempotence = true
	enable.metrics.push = true
	interceptor.classes = []
	key.serializer = class org.apache.kafka.common.serialization.StringSerializer
	linger.ms = 0
	max.block.ms = 60000
	max.in.flight.requests.per.connection = 5
	max.request.size = 1048576
	metadata.max.age.ms = 300000
	metadata.max.idle.ms = 300000
	metadata.recovery.strategy = none
	metric.reporters = []
	metrics.num.samples = 2
	metrics.recording.level = INFO
	metrics.sample.window.ms = 30000
	partitioner.adaptive.partitioning.enable = true
	partitioner.availability.timeout.ms = 0
	partitioner.class = null
	partitioner.ignore.keys = false
	receive.buffer.bytes = 32768
	reconnect.backoff.max.ms = 1000
	reconnect.backoff.ms = 50
	request.timeout.ms = 5000
	retries = 2147483647
	retry.backoff.max.ms = 1000
	retry.backoff.ms = 100
	sasl.client.callback.handler.class = null
	sasl.jaas.config = null
	sasl.kerberos.kinit.cmd = /usr/bin/kinit
	sasl.kerberos.min.time.before.relogin = 60000
	sasl.kerberos.service.name = null
	sasl.kerberos.ticket.renew.jitter = 0.05
	sasl.kerberos.ticket.renew.window.factor = 0.8
	sasl.login.callback.handler.class = null
	sasl.login.class = null
	sasl.login.connect.timeout.ms = null
	sasl.login.read.timeout.ms = null
	sasl.login.refresh.buffer.seconds = 300
	sasl.login.refresh.min.period.seconds = 60
	sasl.login.refresh.window.factor = 0.8
	sasl.login.refresh.window.jitter = 0.05
	sasl.login.retry.backoff.max.ms = 10000
	sasl.login.retry.backoff.ms = 100
	sasl.mechanism = GSSAPI
	sasl.oauthbearer.clock.skew.seconds = 30
	sasl.oauthbearer.expected.audience = null
	sasl.oauthbearer.expected.issuer = null
	sasl.oauthbearer.header.urlencode = false
	sasl.oauthbearer.jwks.endpoint.refresh.ms = 3600000
	sasl.oauthbearer.jwks.endpoint.retry.backoff.max.ms = 10000
	sasl.oauthbearer.jwks.endpoint.retry.backoff.ms = 100
	sasl.oauthbearer.jwks.endpoint.url = null
	sasl.oauthbearer.scope.claim.name = scope
	sasl.oauthbearer.sub.claim.name = sub
	sasl.oauthbearer.token.endpoint.url = null
	security.protocol = PLAINTEXT
	security.providers = null
	send.buffer.bytes = 131072
	socket.connection.setup.timeout.max.ms = 30000
	socket.connection.setup.timeout.ms = 10000
	ssl.cipher.suites = null
	ssl.enabled.protocols = [TLSv1.2, TLSv1.3]
	ssl.endpoint.identification.algorithm = https
	ssl.engine.factory.class = null
	ssl.key.password = null
	ssl.keymanager.algorithm = SunX509
	ssl.keystore.certificate.chain = null
	ssl.keystore.key = null
	ssl.keystore.location = null
	ssl.keystore.password = null
	ssl.keystore.type = JKS
	ssl.protocol = TLSv1.3
	ssl.provider = null
	ssl.secure.random.implementation = null
	ssl.trustmanager.algorithm = PKIX
	ssl.truststore.certificates = null
	ssl.truststore.location = null
	ssl.truststore.password = null
	ssl.truststore.type = JKS
	transaction.timeout.ms = 60000
	transactional.id = null
	value.serializer = class io.apicurio.registry.serde.avro.AvroKafkaSerializer

2025-08-13 18:18:30,399 INFO  [org.apa.kaf.com.tel.int.KafkaMetricsCollector] (main) initializing Kafka metrics collector
2025-08-13 18:18:30,402 INFO  [org.apa.kaf.cli.pro.KafkaProducer] (main) [Producer clientId=Producer-topic-d1e4716a_5464_42fe_b853_76f27d60c428] Instantiated an idempotent producer.
2025-08-13 18:18:30,407 INFO  [org.apa.kaf.cli.pro.ProducerConfig] (main) These configurations '[apicurio.registry.find-latest, apicurio.registry.artifact.group-id, apicurio.registry.url, apicurio.registry.artifact-resolver-strategy]' were supplied but are not used yet.
2025-08-13 18:18:30,407 INFO  [org.apa.kaf.com.uti.AppInfoParser] (main) Kafka version: 3.9.1
2025-08-13 18:18:30,407 INFO  [org.apa.kaf.com.uti.AppInfoParser] (main) Kafka commitId: f745dfdcee2b9851
2025-08-13 18:18:30,407 INFO  [org.apa.kaf.com.uti.AppInfoParser] (main) Kafka startTimeMs: 1755109110407
2025-08-13 18:18:30,408 INFO  [io.api.tes.ser.api.SimpleSerdesTesterBuilder$SimpleSerdesTester] (main) Using producer configuration: {apicurio.registry.find-latest=true, apicurio.registry.artifact.group-id=topic-d1e4716a_5464_42fe_b853_76f27d60c428, apicurio.registry.url=http://registry-app-pg17.apps.ci419.apicurio-testing.org:80/apis/registry/v3, apicurio.registry.artifact-resolver-strategy=io.apicurio.registry.serde.strategy.SimpleTopicIdStrategy, value.serializer=io.apicurio.registry.serde.avro.AvroKafkaSerializer, request.timeout.ms=5000, acks=all, bootstrap.servers=PLAINTEXT://localhost:32769, connections.max.idle.ms=10000, key.serializer=org.apache.kafka.common.serialization.StringSerializer, client.id=Producer-topic-d1e4716a_5464_42fe_b853_76f27d60c428}
2025-08-13 18:18:30,408 INFO  [io.api.tes.ser.api.SimpleSerdesTesterBuilder$SimpleSerdesTester] (main) Using consumer configuration: {}
2025-08-13 18:18:30,412 INFO  [io.api.tes.ser.api.KafkaSerdesTester] (Thread-606) Sending message {"key11755109109282": "value-0"} to topic topic-d1e4716a_5464_42fe_b853_76f27d60c428
2025-08-13 18:18:30,417 INFO  [org.apa.kaf.cli.Metadata] (kafka-producer-network-thread | Producer-topic-d1e4716a_5464_42fe_b853_76f27d60c428) [Producer clientId=Producer-topic-d1e4716a_5464_42fe_b853_76f27d60c428] Cluster ID: sAToZ0WATkWwuQb_OH8PpQ
2025-08-13 18:18:30,419 INFO  [org.apa.kaf.cli.pro.int.TransactionManager] (kafka-producer-network-thread | Producer-topic-d1e4716a_5464_42fe_b853_76f27d60c428) [Producer clientId=Producer-topic-d1e4716a_5464_42fe_b853_76f27d60c428] ProducerId set to 1 with epoch 0
2025-08-13 18:18:30,600 INFO  [io.api.tes.ser.api.KafkaSerdesTester] (Thread-606) Sending message {"key11755109109282": "value-1"} to topic topic-d1e4716a_5464_42fe_b853_76f27d60c428
2025-08-13 18:18:30,603 INFO  [io.api.tes.ser.api.KafkaSerdesTester] (Thread-606) Sending message {"key11755109109282": "value-2"} to topic topic-d1e4716a_5464_42fe_b853_76f27d60c428
2025-08-13 18:18:30,607 INFO  [io.api.tes.ser.api.KafkaSerdesTester] (Thread-606) Sending message {"key11755109109282": "value-3"} to topic topic-d1e4716a_5464_42fe_b853_76f27d60c428
2025-08-13 18:18:30,610 INFO  [io.api.tes.ser.api.KafkaSerdesTester] (Thread-606) Sending message {"key11755109109282": "value-4"} to topic topic-d1e4716a_5464_42fe_b853_76f27d60c428
2025-08-13 18:18:30,614 INFO  [io.api.tes.ser.api.KafkaSerdesTester] (Thread-606) Sending message {"key11755109109282": "value-5"} to topic topic-d1e4716a_5464_42fe_b853_76f27d60c428
2025-08-13 18:18:30,616 INFO  [io.api.tes.ser.api.KafkaSerdesTester] (Thread-606) Sending message {"key11755109109282": "value-6"} to topic topic-d1e4716a_5464_42fe_b853_76f27d60c428
2025-08-13 18:18:30,619 INFO  [io.api.tes.ser.api.KafkaSerdesTester] (Thread-606) Sending message {"key11755109109282": "value-7"} to topic topic-d1e4716a_5464_42fe_b853_76f27d60c428
2025-08-13 18:18:30,623 INFO  [io.api.tes.ser.api.KafkaSerdesTester] (Thread-606) Sending message {"key11755109109282": "value-8"} to topic topic-d1e4716a_5464_42fe_b853_76f27d60c428
2025-08-13 18:18:30,626 INFO  [io.api.tes.ser.api.KafkaSerdesTester] (Thread-606) Sending message {"key11755109109282": "value-9"} to topic topic-d1e4716a_5464_42fe_b853_76f27d60c428
2025-08-13 18:18:30,628 INFO  [io.api.tes.ser.api.KafkaSerdesTester] (Thread-606) Produced 10 messages
2025-08-13 18:18:30,628 INFO  [org.apa.kaf.cli.pro.KafkaProducer] (Thread-606) [Producer clientId=Producer-topic-d1e4716a_5464_42fe_b853_76f27d60c428] Closing the Kafka producer with timeoutMillis = 9223372036854775807 ms.
2025-08-13 18:18:30,635 INFO  [org.apa.kaf.com.met.Metrics] (Thread-606) Metrics scheduler closed
2025-08-13 18:18:30,635 INFO  [org.apa.kaf.com.met.Metrics] (Thread-606) Closing reporter org.apache.kafka.common.metrics.JmxReporter
2025-08-13 18:18:30,635 INFO  [org.apa.kaf.com.met.Metrics] (Thread-606) Closing reporter org.apache.kafka.common.telemetry.internals.ClientTelemetryReporter
2025-08-13 18:18:30,635 INFO  [org.apa.kaf.com.met.Metrics] (Thread-606) Metrics reporters closed
2025-08-13 18:18:30,636 INFO  [org.apa.kaf.com.uti.AppInfoParser] (Thread-606) App info kafka.producer for Producer-topic-d1e4716a_5464_42fe_b853_76f27d60c428 unregistered
**** Registry Base URL: http://registry-app-pg17.apps.ci419.apicurio-testing.org:80
2025-08-13 18:18:30,637 INFO  [org.apa.kaf.cli.con.ConsumerConfig] (main) ConsumerConfig values: 
	allow.auto.create.topics = true
	auto.commit.interval.ms = 500
	auto.include.jmx.reporter = true
	auto.offset.reset = earliest
	bootstrap.servers = [PLAINTEXT://localhost:32769]
	check.crcs = true
	client.dns.lookup = use_all_dns_ips
	client.id = consumer-Consumer-topic-d1e4716a_5464_42fe_b853_76f27d60c428-2
	client.rack = 
	connections.max.idle.ms = 10000
	default.api.timeout.ms = 60000
	enable.auto.commit = true
	enable.metrics.push = true
	exclude.internal.topics = true
	fetch.max.bytes = 52428800
	fetch.max.wait.ms = 500
	fetch.min.bytes = 1
	group.id = Consumer-topic-d1e4716a_5464_42fe_b853_76f27d60c428
	group.instance.id = null
	group.protocol = classic
	group.remote.assignor = null
	heartbeat.interval.ms = 3000
	interceptor.classes = []
	internal.leave.group.on.close = true
	internal.throw.on.fetch.stable.offset.unsupported = false
	isolation.level = read_uncommitted
	key.deserializer = class org.apache.kafka.common.serialization.StringDeserializer
	max.partition.fetch.bytes = 1048576
	max.poll.interval.ms = 300000
	max.poll.records = 500
	metadata.max.age.ms = 300000
	metadata.recovery.strategy = none
	metric.reporters = []
	metrics.num.samples = 2
	metrics.recording.level = INFO
	metrics.sample.window.ms = 30000
	partition.assignment.strategy = [class org.apache.kafka.clients.consumer.RangeAssignor, class org.apache.kafka.clients.consumer.CooperativeStickyAssignor]
	receive.buffer.bytes = 65536
	reconnect.backoff.max.ms = 1000
	reconnect.backoff.ms = 50
	request.timeout.ms = 5000
	retry.backoff.max.ms = 1000
	retry.backoff.ms = 100
	sasl.client.callback.handler.class = null
	sasl.jaas.config = null
	sasl.kerberos.kinit.cmd = /usr/bin/kinit
	sasl.kerberos.min.time.before.relogin = 60000
	sasl.kerberos.service.name = null
	sasl.kerberos.ticket.renew.jitter = 0.05
	sasl.kerberos.ticket.renew.window.factor = 0.8
	sasl.login.callback.handler.class = null
	sasl.login.class = null
	sasl.login.connect.timeout.ms = null
	sasl.login.read.timeout.ms = null
	sasl.login.refresh.buffer.seconds = 300
	sasl.login.refresh.min.period.seconds = 60
	sasl.login.refresh.window.factor = 0.8
	sasl.login.refresh.window.jitter = 0.05
	sasl.login.retry.backoff.max.ms = 10000
	sasl.login.retry.backoff.ms = 100
	sasl.mechanism = GSSAPI
	sasl.oauthbearer.clock.skew.seconds = 30
	sasl.oauthbearer.expected.audience = null
	sasl.oauthbearer.expected.issuer = null
	sasl.oauthbearer.header.urlencode = false
	sasl.oauthbearer.jwks.endpoint.refresh.ms = 3600000
	sasl.oauthbearer.jwks.endpoint.retry.backoff.max.ms = 10000
	sasl.oauthbearer.jwks.endpoint.retry.backoff.ms = 100
	sasl.oauthbearer.jwks.endpoint.url = null
	sasl.oauthbearer.scope.claim.name = scope
	sasl.oauthbearer.sub.claim.name = sub
	sasl.oauthbearer.token.endpoint.url = null
	security.protocol = PLAINTEXT
	security.providers = null
	send.buffer.bytes = 131072
	session.timeout.ms = 45000
	socket.connection.setup.timeout.max.ms = 30000
	socket.connection.setup.timeout.ms = 10000
	ssl.cipher.suites = null
	ssl.enabled.protocols = [TLSv1.2, TLSv1.3]
	ssl.endpoint.identification.algorithm = https
	ssl.engine.factory.class = null
	ssl.key.password = null
	ssl.keymanager.algorithm = SunX509
	ssl.keystore.certificate.chain = null
	ssl.keystore.key = null
	ssl.keystore.location = null
	ssl.keystore.password = null
	ssl.keystore.type = JKS
	ssl.protocol = TLSv1.3
	ssl.provider = null
	ssl.secure.random.implementation = null
	ssl.trustmanager.algorithm = PKIX
	ssl.truststore.certificates = null
	ssl.truststore.location = null
	ssl.truststore.password = null
	ssl.truststore.type = JKS
	value.deserializer = class io.apicurio.registry.serde.avro.AvroKafkaDeserializer

2025-08-13 18:18:30,638 INFO  [org.apa.kaf.com.tel.int.KafkaMetricsCollector] (main) initializing Kafka metrics collector
2025-08-13 18:18:30,655 INFO  [org.apa.kaf.cli.con.ConsumerConfig] (main) These configurations '[apicurio.registry.url]' were supplied but are not used yet.
2025-08-13 18:18:30,656 INFO  [org.apa.kaf.com.uti.AppInfoParser] (main) Kafka version: 3.9.1
2025-08-13 18:18:30,656 INFO  [org.apa.kaf.com.uti.AppInfoParser] (main) Kafka commitId: f745dfdcee2b9851
2025-08-13 18:18:30,656 INFO  [org.apa.kaf.com.uti.AppInfoParser] (main) Kafka startTimeMs: 1755109110656
2025-08-13 18:18:30,658 INFO  [org.apa.kaf.cli.con.int.ClassicKafkaConsumer] (Thread-609) [Consumer clientId=consumer-Consumer-topic-d1e4716a_5464_42fe_b853_76f27d60c428-2, groupId=Consumer-topic-d1e4716a_5464_42fe_b853_76f27d60c428] Subscribed to topic(s): topic-d1e4716a_5464_42fe_b853_76f27d60c428
2025-08-13 18:18:30,670 INFO  [org.apa.kaf.cli.Metadata] (Thread-609) [Consumer clientId=consumer-Consumer-topic-d1e4716a_5464_42fe_b853_76f27d60c428-2, groupId=Consumer-topic-d1e4716a_5464_42fe_b853_76f27d60c428] Cluster ID: sAToZ0WATkWwuQb_OH8PpQ
2025-08-13 18:18:30,672 INFO  [org.apa.kaf.cli.con.int.ConsumerCoordinator] (Thread-609) [Consumer clientId=consumer-Consumer-topic-d1e4716a_5464_42fe_b853_76f27d60c428-2, groupId=Consumer-topic-d1e4716a_5464_42fe_b853_76f27d60c428] Discovered group coordinator localhost:32769 (id: 2147483647 rack: null)
2025-08-13 18:18:30,676 INFO  [org.apa.kaf.cli.con.int.ConsumerCoordinator] (Thread-609) [Consumer clientId=consumer-Consumer-topic-d1e4716a_5464_42fe_b853_76f27d60c428-2, groupId=Consumer-topic-d1e4716a_5464_42fe_b853_76f27d60c428] (Re-)joining group
2025-08-13 18:18:30,683 INFO  [org.apa.kaf.cli.con.int.ConsumerCoordinator] (Thread-609) [Consumer clientId=consumer-Consumer-topic-d1e4716a_5464_42fe_b853_76f27d60c428-2, groupId=Consumer-topic-d1e4716a_5464_42fe_b853_76f27d60c428] Request joining group due to: need to re-join with the given member-id: consumer-Consumer-topic-d1e4716a_5464_42fe_b853_76f27d60c428-2-cd7f16f1-9d62-4596-9b26-d01765a63a47
2025-08-13 18:18:30,683 INFO  [org.apa.kaf.cli.con.int.ConsumerCoordinator] (Thread-609) [Consumer clientId=consumer-Consumer-topic-d1e4716a_5464_42fe_b853_76f27d60c428-2, groupId=Consumer-topic-d1e4716a_5464_42fe_b853_76f27d60c428] (Re-)joining group
2025-08-13 18:18:31,658 INFO  [io.api.tes.ser.api.KafkaSerdesTester] (Thread-609) None found
2025-08-13 18:18:32,659 INFO  [io.api.tes.ser.api.KafkaSerdesTester] (Thread-609) None found
2025-08-13 18:18:33,659 INFO  [io.api.tes.ser.api.KafkaSerdesTester] (Thread-609) None found
2025-08-13 18:18:33,685 INFO  [org.apa.kaf.cli.con.int.ConsumerCoordinator] (Thread-609) [Consumer clientId=consumer-Consumer-topic-d1e4716a_5464_42fe_b853_76f27d60c428-2, groupId=Consumer-topic-d1e4716a_5464_42fe_b853_76f27d60c428] Successfully joined group with generation Generation{generationId=1, memberId='consumer-Consumer-topic-d1e4716a_5464_42fe_b853_76f27d60c428-2-cd7f16f1-9d62-4596-9b26-d01765a63a47', protocol='range'}
2025-08-13 18:18:33,686 INFO  [org.apa.kaf.cli.con.int.ConsumerCoordinator] (Thread-609) [Consumer clientId=consumer-Consumer-topic-d1e4716a_5464_42fe_b853_76f27d60c428-2, groupId=Consumer-topic-d1e4716a_5464_42fe_b853_76f27d60c428] Finished assignment for group at generation 1: {consumer-Consumer-topic-d1e4716a_5464_42fe_b853_76f27d60c428-2-cd7f16f1-9d62-4596-9b26-d01765a63a47=Assignment(partitions=[topic-d1e4716a_5464_42fe_b853_76f27d60c428-0])}
2025-08-13 18:18:33,693 INFO  [org.apa.kaf.cli.con.int.ConsumerCoordinator] (Thread-609) [Consumer clientId=consumer-Consumer-topic-d1e4716a_5464_42fe_b853_76f27d60c428-2, groupId=Consumer-topic-d1e4716a_5464_42fe_b853_76f27d60c428] Successfully synced group in generation Generation{generationId=1, memberId='consumer-Consumer-topic-d1e4716a_5464_42fe_b853_76f27d60c428-2-cd7f16f1-9d62-4596-9b26-d01765a63a47', protocol='range'}
2025-08-13 18:18:33,694 INFO  [org.apa.kaf.cli.con.int.ConsumerCoordinator] (Thread-609) [Consumer clientId=consumer-Consumer-topic-d1e4716a_5464_42fe_b853_76f27d60c428-2, groupId=Consumer-topic-d1e4716a_5464_42fe_b853_76f27d60c428] Notifying assignor about the new Assignment(partitions=[topic-d1e4716a_5464_42fe_b853_76f27d60c428-0])
2025-08-13 18:18:33,694 INFO  [org.apa.kaf.cli.con.int.ConsumerRebalanceListenerInvoker] (Thread-609) [Consumer clientId=consumer-Consumer-topic-d1e4716a_5464_42fe_b853_76f27d60c428-2, groupId=Consumer-topic-d1e4716a_5464_42fe_b853_76f27d60c428] Adding newly assigned partitions: topic-d1e4716a_5464_42fe_b853_76f27d60c428-0
2025-08-13 18:18:33,695 INFO  [org.apa.kaf.cli.con.int.ConsumerCoordinator] (Thread-609) [Consumer clientId=consumer-Consumer-topic-d1e4716a_5464_42fe_b853_76f27d60c428-2, groupId=Consumer-topic-d1e4716a_5464_42fe_b853_76f27d60c428] Found no committed offset for partition topic-d1e4716a_5464_42fe_b853_76f27d60c428-0
2025-08-13 18:18:33,701 INFO  [org.apa.kaf.cli.con.int.SubscriptionState] (Thread-609) [Consumer clientId=consumer-Consumer-topic-d1e4716a_5464_42fe_b853_76f27d60c428-2, groupId=Consumer-topic-d1e4716a_5464_42fe_b853_76f27d60c428] Resetting offset for partition topic-d1e4716a_5464_42fe_b853_76f27d60c428-0 to position FetchPosition{offset=0, offsetEpoch=Optional.empty, currentLeader=LeaderAndEpoch{leader=Optional[localhost:32769 (id: 0 rack: null)], epoch=0}}.
2025-08-13 18:18:33,852 INFO  [io.api.tes.ser.api.KafkaSerdesTester] (Thread-609) topic-d1e4716a_5464_42fe_b853_76f27d60c428 0 0 {"key11755109109282": "value-0"}
2025-08-13 18:18:33,853 INFO  [io.api.tes.ser.api.KafkaSerdesTester] (Thread-609) topic-d1e4716a_5464_42fe_b853_76f27d60c428 0 1 {"key11755109109282": "value-1"}
2025-08-13 18:18:33,853 INFO  [io.api.tes.ser.api.KafkaSerdesTester] (Thread-609) topic-d1e4716a_5464_42fe_b853_76f27d60c428 0 2 {"key11755109109282": "value-2"}
2025-08-13 18:18:33,853 INFO  [io.api.tes.ser.api.KafkaSerdesTester] (Thread-609) topic-d1e4716a_5464_42fe_b853_76f27d60c428 0 3 {"key11755109109282": "value-3"}
2025-08-13 18:18:33,853 INFO  [io.api.tes.ser.api.KafkaSerdesTester] (Thread-609) topic-d1e4716a_5464_42fe_b853_76f27d60c428 0 4 {"key11755109109282": "value-4"}
2025-08-13 18:18:33,853 INFO  [io.api.tes.ser.api.KafkaSerdesTester] (Thread-609) topic-d1e4716a_5464_42fe_b853_76f27d60c428 0 5 {"key11755109109282": "value-5"}
2025-08-13 18:18:33,855 INFO  [io.api.tes.ser.api.KafkaSerdesTester] (Thread-609) topic-d1e4716a_5464_42fe_b853_76f27d60c428 0 6 {"key11755109109282": "value-6"}
2025-08-13 18:18:33,855 INFO  [io.api.tes.ser.api.KafkaSerdesTester] (Thread-609) topic-d1e4716a_5464_42fe_b853_76f27d60c428 0 7 {"key11755109109282": "value-7"}
2025-08-13 18:18:33,855 INFO  [io.api.tes.ser.api.KafkaSerdesTester] (Thread-609) topic-d1e4716a_5464_42fe_b853_76f27d60c428 0 8 {"key11755109109282": "value-8"}
2025-08-13 18:18:33,855 INFO  [io.api.tes.ser.api.KafkaSerdesTester] (Thread-609) topic-d1e4716a_5464_42fe_b853_76f27d60c428 0 9 {"key11755109109282": "value-9"}
2025-08-13 18:18:33,855 INFO  [io.api.tes.ser.api.KafkaSerdesTester] (Thread-609) Consumed 10 messages
2025-08-13 18:18:33,864 INFO  [org.apa.kaf.cli.con.int.ConsumerRebalanceListenerInvoker] (Thread-609) [Consumer clientId=consumer-Consumer-topic-d1e4716a_5464_42fe_b853_76f27d60c428-2, groupId=Consumer-topic-d1e4716a_5464_42fe_b853_76f27d60c428] Revoke previously assigned partitions topic-d1e4716a_5464_42fe_b853_76f27d60c428-0
2025-08-13 18:18:33,865 INFO  [org.apa.kaf.cli.con.int.ConsumerCoordinator] (Thread-609) [Consumer clientId=consumer-Consumer-topic-d1e4716a_5464_42fe_b853_76f27d60c428-2, groupId=Consumer-topic-d1e4716a_5464_42fe_b853_76f27d60c428] Member consumer-Consumer-topic-d1e4716a_5464_42fe_b853_76f27d60c428-2-cd7f16f1-9d62-4596-9b26-d01765a63a47 sending LeaveGroup request to coordinator localhost:32769 (id: 2147483647 rack: null) due to the consumer is being closed
2025-08-13 18:18:33,865 INFO  [org.apa.kaf.cli.con.int.ConsumerCoordinator] (Thread-609) [Consumer clientId=consumer-Consumer-topic-d1e4716a_5464_42fe_b853_76f27d60c428-2, groupId=Consumer-topic-d1e4716a_5464_42fe_b853_76f27d60c428] Resetting generation and member id due to: consumer pro-actively leaving the group
2025-08-13 18:18:33,865 INFO  [org.apa.kaf.cli.con.int.ConsumerCoordinator] (Thread-609) [Consumer clientId=consumer-Consumer-topic-d1e4716a_5464_42fe_b853_76f27d60c428-2, groupId=Consumer-topic-d1e4716a_5464_42fe_b853_76f27d60c428] Request joining group due to: consumer pro-actively leaving the group
2025-08-13 18:18:34,357 INFO  [org.apa.kaf.com.met.Metrics] (Thread-609) Metrics scheduler closed
2025-08-13 18:18:34,357 INFO  [org.apa.kaf.com.met.Metrics] (Thread-609) Closing reporter org.apache.kafka.common.metrics.JmxReporter
2025-08-13 18:18:34,357 INFO  [org.apa.kaf.com.met.Metrics] (Thread-609) Closing reporter org.apache.kafka.common.telemetry.internals.ClientTelemetryReporter
2025-08-13 18:18:34,358 INFO  [org.apa.kaf.com.met.Metrics] (Thread-609) Metrics reporters closed
2025-08-13 18:18:34,362 INFO  [org.apa.kaf.com.uti.AppInfoParser] (Thread-609) App info kafka.consumer for consumer-Consumer-topic-d1e4716a_5464_42fe_b853_76f27d60c428-2 unregistered
2025-08-13 18:18:34,363 INFO  [io.api.tes.uti.TestSeparator] (main) io.apicurio.tests.serdes.apicurio.AvroSerdeIT.testSimpleTopicIdStrategyFindLatest-FINISHED
2025-08-13 18:18:34,363 INFO  [io.api.tes.uti.TestSeparator] (main) ############################################################################
Test passed: testSimpleTopicIdStrategyFindLatest
]]></system-out>
  </testcase>
  <testcase name="testWrongSchema" classname="io.apicurio.tests.serdes.apicurio.AvroSerdeIT" time="1.266">
    <system-out><![CDATA[2025-08-13 18:18:34,368 INFO  [io.api.tes.uti.TestSeparator] (main) ############################################################################
2025-08-13 18:18:34,368 INFO  [io.api.tes.uti.TestSeparator] (main) io.apicurio.tests.serdes.apicurio.AvroSerdeIT.testWrongSchema-STARTED
**** Registry Base URL: http://registry-app-pg17.apps.ci419.apicurio-testing.org:80
2025-08-13 18:18:35,492 INFO  [org.apa.kaf.cli.pro.ProducerConfig] (main) ProducerConfig values: 
	acks = -1
	auto.include.jmx.reporter = true
	batch.size = 16384
	bootstrap.servers = [PLAINTEXT://localhost:32769]
	buffer.memory = 33554432
	client.dns.lookup = use_all_dns_ips
	client.id = Producer-s557f041fx0e30x4160x8525x10c5a18b8583
	compression.gzip.level = -1
	compression.lz4.level = 9
	compression.type = none
	compression.zstd.level = 3
	connections.max.idle.ms = 10000
	delivery.timeout.ms = 120000
	enable.idempotence = true
	enable.metrics.push = true
	interceptor.classes = []
	key.serializer = class org.apache.kafka.common.serialization.StringSerializer
	linger.ms = 0
	max.block.ms = 60000
	max.in.flight.requests.per.connection = 5
	max.request.size = 1048576
	metadata.max.age.ms = 300000
	metadata.max.idle.ms = 300000
	metadata.recovery.strategy = none
	metric.reporters = []
	metrics.num.samples = 2
	metrics.recording.level = INFO
	metrics.sample.window.ms = 30000
	partitioner.adaptive.partitioning.enable = true
	partitioner.availability.timeout.ms = 0
	partitioner.class = null
	partitioner.ignore.keys = false
	receive.buffer.bytes = 32768
	reconnect.backoff.max.ms = 1000
	reconnect.backoff.ms = 50
	request.timeout.ms = 5000
	retries = 2147483647
	retry.backoff.max.ms = 1000
	retry.backoff.ms = 100
	sasl.client.callback.handler.class = null
	sasl.jaas.config = null
	sasl.kerberos.kinit.cmd = /usr/bin/kinit
	sasl.kerberos.min.time.before.relogin = 60000
	sasl.kerberos.service.name = null
	sasl.kerberos.ticket.renew.jitter = 0.05
	sasl.kerberos.ticket.renew.window.factor = 0.8
	sasl.login.callback.handler.class = null
	sasl.login.class = null
	sasl.login.connect.timeout.ms = null
	sasl.login.read.timeout.ms = null
	sasl.login.refresh.buffer.seconds = 300
	sasl.login.refresh.min.period.seconds = 60
	sasl.login.refresh.window.factor = 0.8
	sasl.login.refresh.window.jitter = 0.05
	sasl.login.retry.backoff.max.ms = 10000
	sasl.login.retry.backoff.ms = 100
	sasl.mechanism = GSSAPI
	sasl.oauthbearer.clock.skew.seconds = 30
	sasl.oauthbearer.expected.audience = null
	sasl.oauthbearer.expected.issuer = null
	sasl.oauthbearer.header.urlencode = false
	sasl.oauthbearer.jwks.endpoint.refresh.ms = 3600000
	sasl.oauthbearer.jwks.endpoint.retry.backoff.max.ms = 10000
	sasl.oauthbearer.jwks.endpoint.retry.backoff.ms = 100
	sasl.oauthbearer.jwks.endpoint.url = null
	sasl.oauthbearer.scope.claim.name = scope
	sasl.oauthbearer.sub.claim.name = sub
	sasl.oauthbearer.token.endpoint.url = null
	security.protocol = PLAINTEXT
	security.providers = null
	send.buffer.bytes = 131072
	socket.connection.setup.timeout.max.ms = 30000
	socket.connection.setup.timeout.ms = 10000
	ssl.cipher.suites = null
	ssl.enabled.protocols = [TLSv1.2, TLSv1.3]
	ssl.endpoint.identification.algorithm = https
	ssl.engine.factory.class = null
	ssl.key.password = null
	ssl.keymanager.algorithm = SunX509
	ssl.keystore.certificate.chain = null
	ssl.keystore.key = null
	ssl.keystore.location = null
	ssl.keystore.password = null
	ssl.keystore.type = JKS
	ssl.protocol = TLSv1.3
	ssl.provider = null
	ssl.secure.random.implementation = null
	ssl.trustmanager.algorithm = PKIX
	ssl.truststore.certificates = null
	ssl.truststore.location = null
	ssl.truststore.password = null
	ssl.truststore.type = JKS
	transaction.timeout.ms = 60000
	transactional.id = null
	value.serializer = class io.apicurio.registry.serde.avro.AvroKafkaSerializer

2025-08-13 18:18:35,493 INFO  [org.apa.kaf.com.tel.int.KafkaMetricsCollector] (main) initializing Kafka metrics collector
2025-08-13 18:18:35,497 INFO  [org.apa.kaf.cli.pro.KafkaProducer] (main) [Producer clientId=Producer-s557f041fx0e30x4160x8525x10c5a18b8583] Instantiated an idempotent producer.
2025-08-13 18:18:35,501 INFO  [org.apa.kaf.cli.pro.ProducerConfig] (main) These configurations '[apicurio.registry.find-latest, apicurio.registry.url, apicurio.registry.artifact-resolver-strategy]' were supplied but are not used yet.
2025-08-13 18:18:35,501 INFO  [org.apa.kaf.com.uti.AppInfoParser] (main) Kafka version: 3.9.1
2025-08-13 18:18:35,501 INFO  [org.apa.kaf.com.uti.AppInfoParser] (main) Kafka commitId: f745dfdcee2b9851
2025-08-13 18:18:35,501 INFO  [org.apa.kaf.com.uti.AppInfoParser] (main) Kafka startTimeMs: 1755109115501
2025-08-13 18:18:35,505 INFO  [io.api.tes.ser.api.KafkaSerdesTester] (Thread-612) Sending message {"keyB": "value-0"} to topic s557f041fx0e30x4160x8525x10c5a18b8583
2025-08-13 18:18:35,508 INFO  [org.apa.kaf.cli.Metadata] (kafka-producer-network-thread | Producer-s557f041fx0e30x4160x8525x10c5a18b8583) [Producer clientId=Producer-s557f041fx0e30x4160x8525x10c5a18b8583] Cluster ID: sAToZ0WATkWwuQb_OH8PpQ
2025-08-13 18:18:35,512 INFO  [org.apa.kaf.cli.pro.int.TransactionManager] (kafka-producer-network-thread | Producer-s557f041fx0e30x4160x8525x10c5a18b8583) [Producer clientId=Producer-s557f041fx0e30x4160x8525x10c5a18b8583] ProducerId set to 2 with epoch 0
2025-08-13 18:18:35,624 INFO  [org.apa.kaf.cli.pro.KafkaProducer] (Thread-612) [Producer clientId=Producer-s557f041fx0e30x4160x8525x10c5a18b8583] Closing the Kafka producer with timeoutMillis = 9223372036854775807 ms.
2025-08-13 18:18:35,628 INFO  [org.apa.kaf.com.met.Metrics] (Thread-612) Metrics scheduler closed
2025-08-13 18:18:35,628 INFO  [org.apa.kaf.com.met.Metrics] (Thread-612) Closing reporter org.apache.kafka.common.metrics.JmxReporter
2025-08-13 18:18:35,629 INFO  [org.apa.kaf.com.met.Metrics] (Thread-612) Closing reporter org.apache.kafka.common.telemetry.internals.ClientTelemetryReporter
2025-08-13 18:18:35,629 INFO  [org.apa.kaf.com.met.Metrics] (Thread-612) Metrics reporters closed
2025-08-13 18:18:35,629 INFO  [org.apa.kaf.com.uti.AppInfoParser] (Thread-612) App info kafka.producer for Producer-s557f041fx0e30x4160x8525x10c5a18b8583 unregistered
2025-08-13 18:18:35,630 INFO  [io.api.tes.uti.TestSeparator] (main) io.apicurio.tests.serdes.apicurio.AvroSerdeIT.testWrongSchema-FINISHED
2025-08-13 18:18:35,630 INFO  [io.api.tes.uti.TestSeparator] (main) ############################################################################
Test passed: testWrongSchema
]]></system-out>
    <system-err><![CDATA[io.apicurio.registry.rest.client.models.ProblemDetails
	at io.apicurio.registry.rest.client.models.ProblemDetails.createFromDiscriminatorValue(ProblemDetails.java:58)
	at io.kiota.serialization.json.JsonParseNode.getObjectValue(JsonParseNode.java:247)
	at io.kiota.http.vertx.VertXRequestAdapter.lambda$throwIfFailedResponse$0(VertXRequestAdapter.java:400)
	at com.microsoft.kiota.ApiExceptionBuilder.<init>(ApiExceptionBuilder.java:26)
	at io.kiota.http.vertx.VertXRequestAdapter.throwIfFailedResponse(VertXRequestAdapter.java:399)
	at io.kiota.http.vertx.VertXRequestAdapter.send(VertXRequestAdapter.java:170)
	at io.apicurio.registry.rest.client.groups.item.artifacts.item.versions.item.WithVersionExpressionItemRequestBuilder.get(WithVersionExpressionItemRequestBuilder.java:128)
	at io.apicurio.registry.rest.client.groups.item.artifacts.item.versions.item.WithVersionExpressionItemRequestBuilder.get(WithVersionExpressionItemRequestBuilder.java:111)
	at io.apicurio.registry.resolver.client.RegistryClientFacadeImpl.getVersionCoordinatesByGAV(RegistryClientFacadeImpl.java:159)
	at io.apicurio.registry.resolver.DefaultSchemaResolver.resolveByCoordinates(DefaultSchemaResolver.java:352)
	at io.apicurio.registry.resolver.DefaultSchemaResolver.lambda$resolveSchemaByArtifactReferenceCached$6(DefaultSchemaResolver.java:340)
	at io.apicurio.registry.resolver.cache.ERCache.lambda$getValue$0(ERCache.java:174)
	at io.apicurio.registry.resolver.cache.ERCache.retry(ERCache.java:227)
	at io.apicurio.registry.resolver.cache.ERCache.getValue(ERCache.java:173)
	at io.apicurio.registry.resolver.cache.ERCache.getByArtifactCoordinates(ERCache.java:158)
	at io.apicurio.registry.resolver.DefaultSchemaResolver.resolveSchemaByArtifactReferenceCached(DefaultSchemaResolver.java:338)
	at io.apicurio.registry.resolver.DefaultSchemaResolver.resolveSchemaByCoordinates(DefaultSchemaResolver.java:193)
	at io.apicurio.registry.resolver.DefaultSchemaResolver.getSchemaFromRegistry(DefaultSchemaResolver.java:130)
	at io.apicurio.registry.resolver.DefaultSchemaResolver.lambda$resolveSchema$0(DefaultSchemaResolver.java:84)
	at java.base/java.util.Optional.orElseGet(Optional.java:364)
	at io.apicurio.registry.resolver.DefaultSchemaResolver.resolveSchema(DefaultSchemaResolver.java:84)
	at io.apicurio.registry.serde.AbstractSerializer.serializeData(AbstractSerializer.java:62)
	at io.apicurio.registry.serde.KafkaSerializer.serialize(KafkaSerializer.java:77)
	at org.apache.kafka.clients.producer.KafkaProducer.doSend(KafkaProducer.java:1046)
	at org.apache.kafka.clients.producer.KafkaProducer.send(KafkaProducer.java:993)
	at org.apache.kafka.clients.producer.KafkaProducer.send(KafkaProducer.java:875)
	at io.apicurio.tests.serdes.apicurio.KafkaSerdesTester.lambda$produceMessages$3(KafkaSerdesTester.java:138)
	at java.base/java.util.concurrent.CompletableFuture$AsyncSupply.run(CompletableFuture.java:1768)
	at java.base/java.lang.Thread.run(Thread.java:840)
]]></system-err>
  </testcase>
  <testcase name="testAvroJSON" classname="io.apicurio.tests.serdes.apicurio.AvroSerdeIT" time="4.087">
    <system-out><![CDATA[2025-08-13 18:18:35,633 INFO  [io.api.tes.uti.TestSeparator] (main) ############################################################################
2025-08-13 18:18:35,633 INFO  [io.api.tes.uti.TestSeparator] (main) io.apicurio.tests.serdes.apicurio.AvroSerdeIT.testAvroJSON-STARTED
**** Registry Base URL: http://registry-app-pg17.apps.ci419.apicurio-testing.org:80
2025-08-13 18:18:35,638 INFO  [org.apa.kaf.cli.pro.ProducerConfig] (main) ProducerConfig values: 
	acks = -1
	auto.include.jmx.reporter = true
	batch.size = 16384
	bootstrap.servers = [PLAINTEXT://localhost:32769]
	buffer.memory = 33554432
	client.dns.lookup = use_all_dns_ips
	client.id = Producer-topic-d59d3bfa_5efa_4762_b803_b05a28a4eefe
	compression.gzip.level = -1
	compression.lz4.level = 9
	compression.type = none
	compression.zstd.level = 3
	connections.max.idle.ms = 10000
	delivery.timeout.ms = 120000
	enable.idempotence = true
	enable.metrics.push = true
	interceptor.classes = []
	key.serializer = class org.apache.kafka.common.serialization.StringSerializer
	linger.ms = 0
	max.block.ms = 60000
	max.in.flight.requests.per.connection = 5
	max.request.size = 1048576
	metadata.max.age.ms = 300000
	metadata.max.idle.ms = 300000
	metadata.recovery.strategy = none
	metric.reporters = []
	metrics.num.samples = 2
	metrics.recording.level = INFO
	metrics.sample.window.ms = 30000
	partitioner.adaptive.partitioning.enable = true
	partitioner.availability.timeout.ms = 0
	partitioner.class = null
	partitioner.ignore.keys = false
	receive.buffer.bytes = 32768
	reconnect.backoff.max.ms = 1000
	reconnect.backoff.ms = 50
	request.timeout.ms = 5000
	retries = 2147483647
	retry.backoff.max.ms = 1000
	retry.backoff.ms = 100
	sasl.client.callback.handler.class = null
	sasl.jaas.config = null
	sasl.kerberos.kinit.cmd = /usr/bin/kinit
	sasl.kerberos.min.time.before.relogin = 60000
	sasl.kerberos.service.name = null
	sasl.kerberos.ticket.renew.jitter = 0.05
	sasl.kerberos.ticket.renew.window.factor = 0.8
	sasl.login.callback.handler.class = null
	sasl.login.class = null
	sasl.login.connect.timeout.ms = null
	sasl.login.read.timeout.ms = null
	sasl.login.refresh.buffer.seconds = 300
	sasl.login.refresh.min.period.seconds = 60
	sasl.login.refresh.window.factor = 0.8
	sasl.login.refresh.window.jitter = 0.05
	sasl.login.retry.backoff.max.ms = 10000
	sasl.login.retry.backoff.ms = 100
	sasl.mechanism = GSSAPI
	sasl.oauthbearer.clock.skew.seconds = 30
	sasl.oauthbearer.expected.audience = null
	sasl.oauthbearer.expected.issuer = null
	sasl.oauthbearer.header.urlencode = false
	sasl.oauthbearer.jwks.endpoint.refresh.ms = 3600000
	sasl.oauthbearer.jwks.endpoint.retry.backoff.max.ms = 10000
	sasl.oauthbearer.jwks.endpoint.retry.backoff.ms = 100
	sasl.oauthbearer.jwks.endpoint.url = null
	sasl.oauthbearer.scope.claim.name = scope
	sasl.oauthbearer.sub.claim.name = sub
	sasl.oauthbearer.token.endpoint.url = null
	security.protocol = PLAINTEXT
	security.providers = null
	send.buffer.bytes = 131072
	socket.connection.setup.timeout.max.ms = 30000
	socket.connection.setup.timeout.ms = 10000
	ssl.cipher.suites = null
	ssl.enabled.protocols = [TLSv1.2, TLSv1.3]
	ssl.endpoint.identification.algorithm = https
	ssl.engine.factory.class = null
	ssl.key.password = null
	ssl.keymanager.algorithm = SunX509
	ssl.keystore.certificate.chain = null
	ssl.keystore.key = null
	ssl.keystore.location = null
	ssl.keystore.password = null
	ssl.keystore.type = JKS
	ssl.protocol = TLSv1.3
	ssl.provider = null
	ssl.secure.random.implementation = null
	ssl.trustmanager.algorithm = PKIX
	ssl.truststore.certificates = null
	ssl.truststore.location = null
	ssl.truststore.password = null
	ssl.truststore.type = JKS
	transaction.timeout.ms = 60000
	transactional.id = null
	value.serializer = class io.apicurio.registry.serde.avro.AvroKafkaSerializer

2025-08-13 18:18:35,639 INFO  [org.apa.kaf.com.tel.int.KafkaMetricsCollector] (main) initializing Kafka metrics collector
2025-08-13 18:18:35,645 INFO  [org.apa.kaf.cli.pro.KafkaProducer] (main) [Producer clientId=Producer-topic-d59d3bfa_5efa_4762_b803_b05a28a4eefe] Instantiated an idempotent producer.
2025-08-13 18:18:35,652 INFO  [org.apa.kaf.cli.pro.ProducerConfig] (main) These configurations '[apicurio.registry.avro.encoding, apicurio.registry.url, apicurio.registry.auto-register, apicurio.registry.artifact-resolver-strategy]' were supplied but are not used yet.
2025-08-13 18:18:35,652 INFO  [org.apa.kaf.com.uti.AppInfoParser] (main) Kafka version: 3.9.1
2025-08-13 18:18:35,652 INFO  [org.apa.kaf.com.uti.AppInfoParser] (main) Kafka commitId: f745dfdcee2b9851
2025-08-13 18:18:35,652 INFO  [org.apa.kaf.com.uti.AppInfoParser] (main) Kafka startTimeMs: 1755109115652
2025-08-13 18:18:35,652 INFO  [io.api.tes.ser.api.SimpleSerdesTesterBuilder$SimpleSerdesTester] (main) Using producer configuration: {apicurio.registry.avro.encoding=JSON, apicurio.registry.url=http://registry-app-pg17.apps.ci419.apicurio-testing.org:80/apis/registry/v3, apicurio.registry.auto-register=true, apicurio.registry.artifact-resolver-strategy=io.apicurio.registry.serde.strategy.TopicIdStrategy, value.serializer=io.apicurio.registry.serde.avro.AvroKafkaSerializer, request.timeout.ms=5000, acks=all, bootstrap.servers=PLAINTEXT://localhost:32769, connections.max.idle.ms=10000, key.serializer=org.apache.kafka.common.serialization.StringSerializer, client.id=Producer-topic-d59d3bfa_5efa_4762_b803_b05a28a4eefe}
2025-08-13 18:18:35,653 INFO  [io.api.tes.ser.api.SimpleSerdesTesterBuilder$SimpleSerdesTester] (main) Using consumer configuration: {apicurio.registry.avro.encoding=JSON}
2025-08-13 18:18:35,655 INFO  [io.api.tes.ser.api.KafkaSerdesTester] (Thread-615) Sending message {"bar": "value-0"} to topic topic-d59d3bfa_5efa_4762_b803_b05a28a4eefe
2025-08-13 18:18:35,659 WARN  [org.apa.kaf.cli.NetworkClient] (kafka-producer-network-thread | Producer-topic-d59d3bfa_5efa_4762_b803_b05a28a4eefe) [Producer clientId=Producer-topic-d59d3bfa_5efa_4762_b803_b05a28a4eefe] The metadata response from the cluster reported a recoverable issue with correlation id 1 : {topic-d59d3bfa_5efa_4762_b803_b05a28a4eefe=UNKNOWN_TOPIC_OR_PARTITION}
2025-08-13 18:18:35,660 INFO  [org.apa.kaf.cli.Metadata] (kafka-producer-network-thread | Producer-topic-d59d3bfa_5efa_4762_b803_b05a28a4eefe) [Producer clientId=Producer-topic-d59d3bfa_5efa_4762_b803_b05a28a4eefe] Cluster ID: sAToZ0WATkWwuQb_OH8PpQ
2025-08-13 18:18:35,661 INFO  [org.apa.kaf.cli.pro.int.TransactionManager] (kafka-producer-network-thread | Producer-topic-d59d3bfa_5efa_4762_b803_b05a28a4eefe) [Producer clientId=Producer-topic-d59d3bfa_5efa_4762_b803_b05a28a4eefe] ProducerId set to 3 with epoch 0
2025-08-13 18:18:35,882 INFO  [io.api.tes.ser.api.KafkaSerdesTester] (Thread-615) Sending message {"bar": "value-1"} to topic topic-d59d3bfa_5efa_4762_b803_b05a28a4eefe
2025-08-13 18:18:35,885 INFO  [io.api.tes.ser.api.KafkaSerdesTester] (Thread-615) Sending message {"bar": "value-2"} to topic topic-d59d3bfa_5efa_4762_b803_b05a28a4eefe
2025-08-13 18:18:35,887 INFO  [io.api.tes.ser.api.KafkaSerdesTester] (Thread-615) Sending message {"bar": "value-3"} to topic topic-d59d3bfa_5efa_4762_b803_b05a28a4eefe
2025-08-13 18:18:35,889 INFO  [io.api.tes.ser.api.KafkaSerdesTester] (Thread-615) Sending message {"bar": "value-4"} to topic topic-d59d3bfa_5efa_4762_b803_b05a28a4eefe
2025-08-13 18:18:35,891 INFO  [io.api.tes.ser.api.KafkaSerdesTester] (Thread-615) Sending message {"bar": "value-5"} to topic topic-d59d3bfa_5efa_4762_b803_b05a28a4eefe
2025-08-13 18:18:35,893 INFO  [io.api.tes.ser.api.KafkaSerdesTester] (Thread-615) Sending message {"bar": "value-6"} to topic topic-d59d3bfa_5efa_4762_b803_b05a28a4eefe
2025-08-13 18:18:35,896 INFO  [io.api.tes.ser.api.KafkaSerdesTester] (Thread-615) Sending message {"bar": "value-7"} to topic topic-d59d3bfa_5efa_4762_b803_b05a28a4eefe
2025-08-13 18:18:35,902 INFO  [io.api.tes.ser.api.KafkaSerdesTester] (Thread-615) Sending message {"bar": "value-8"} to topic topic-d59d3bfa_5efa_4762_b803_b05a28a4eefe
2025-08-13 18:18:35,906 INFO  [io.api.tes.ser.api.KafkaSerdesTester] (Thread-615) Sending message {"bar": "value-9"} to topic topic-d59d3bfa_5efa_4762_b803_b05a28a4eefe
2025-08-13 18:18:35,910 INFO  [io.api.tes.ser.api.KafkaSerdesTester] (Thread-615) Produced 10 messages
2025-08-13 18:18:35,914 INFO  [org.apa.kaf.cli.pro.KafkaProducer] (Thread-615) [Producer clientId=Producer-topic-d59d3bfa_5efa_4762_b803_b05a28a4eefe] Closing the Kafka producer with timeoutMillis = 9223372036854775807 ms.
2025-08-13 18:18:35,919 INFO  [org.apa.kaf.com.met.Metrics] (Thread-615) Metrics scheduler closed
2025-08-13 18:18:35,919 INFO  [org.apa.kaf.com.met.Metrics] (Thread-615) Closing reporter org.apache.kafka.common.metrics.JmxReporter
2025-08-13 18:18:35,919 INFO  [org.apa.kaf.com.met.Metrics] (Thread-615) Closing reporter org.apache.kafka.common.telemetry.internals.ClientTelemetryReporter
2025-08-13 18:18:35,919 INFO  [org.apa.kaf.com.met.Metrics] (Thread-615) Metrics reporters closed
2025-08-13 18:18:35,919 INFO  [org.apa.kaf.com.uti.AppInfoParser] (Thread-615) App info kafka.producer for Producer-topic-d59d3bfa_5efa_4762_b803_b05a28a4eefe unregistered
**** Registry Base URL: http://registry-app-pg17.apps.ci419.apicurio-testing.org:80
2025-08-13 18:18:36,018 INFO  [org.apa.kaf.cli.con.ConsumerConfig] (main) ConsumerConfig values: 
	allow.auto.create.topics = true
	auto.commit.interval.ms = 500
	auto.include.jmx.reporter = true
	auto.offset.reset = earliest
	bootstrap.servers = [PLAINTEXT://localhost:32769]
	check.crcs = true
	client.dns.lookup = use_all_dns_ips
	client.id = consumer-Consumer-topic-d59d3bfa_5efa_4762_b803_b05a28a4eefe-3
	client.rack = 
	connections.max.idle.ms = 10000
	default.api.timeout.ms = 60000
	enable.auto.commit = true
	enable.metrics.push = true
	exclude.internal.topics = true
	fetch.max.bytes = 52428800
	fetch.max.wait.ms = 500
	fetch.min.bytes = 1
	group.id = Consumer-topic-d59d3bfa_5efa_4762_b803_b05a28a4eefe
	group.instance.id = null
	group.protocol = classic
	group.remote.assignor = null
	heartbeat.interval.ms = 3000
	interceptor.classes = []
	internal.leave.group.on.close = true
	internal.throw.on.fetch.stable.offset.unsupported = false
	isolation.level = read_uncommitted
	key.deserializer = class org.apache.kafka.common.serialization.StringDeserializer
	max.partition.fetch.bytes = 1048576
	max.poll.interval.ms = 300000
	max.poll.records = 500
	metadata.max.age.ms = 300000
	metadata.recovery.strategy = none
	metric.reporters = []
	metrics.num.samples = 2
	metrics.recording.level = INFO
	metrics.sample.window.ms = 30000
	partition.assignment.strategy = [class org.apache.kafka.clients.consumer.RangeAssignor, class org.apache.kafka.clients.consumer.CooperativeStickyAssignor]
	receive.buffer.bytes = 65536
	reconnect.backoff.max.ms = 1000
	reconnect.backoff.ms = 50
	request.timeout.ms = 5000
	retry.backoff.max.ms = 1000
	retry.backoff.ms = 100
	sasl.client.callback.handler.class = null
	sasl.jaas.config = null
	sasl.kerberos.kinit.cmd = /usr/bin/kinit
	sasl.kerberos.min.time.before.relogin = 60000
	sasl.kerberos.service.name = null
	sasl.kerberos.ticket.renew.jitter = 0.05
	sasl.kerberos.ticket.renew.window.factor = 0.8
	sasl.login.callback.handler.class = null
	sasl.login.class = null
	sasl.login.connect.timeout.ms = null
	sasl.login.read.timeout.ms = null
	sasl.login.refresh.buffer.seconds = 300
	sasl.login.refresh.min.period.seconds = 60
	sasl.login.refresh.window.factor = 0.8
	sasl.login.refresh.window.jitter = 0.05
	sasl.login.retry.backoff.max.ms = 10000
	sasl.login.retry.backoff.ms = 100
	sasl.mechanism = GSSAPI
	sasl.oauthbearer.clock.skew.seconds = 30
	sasl.oauthbearer.expected.audience = null
	sasl.oauthbearer.expected.issuer = null
	sasl.oauthbearer.header.urlencode = false
	sasl.oauthbearer.jwks.endpoint.refresh.ms = 3600000
	sasl.oauthbearer.jwks.endpoint.retry.backoff.max.ms = 10000
	sasl.oauthbearer.jwks.endpoint.retry.backoff.ms = 100
	sasl.oauthbearer.jwks.endpoint.url = null
	sasl.oauthbearer.scope.claim.name = scope
	sasl.oauthbearer.sub.claim.name = sub
	sasl.oauthbearer.token.endpoint.url = null
	security.protocol = PLAINTEXT
	security.providers = null
	send.buffer.bytes = 131072
	session.timeout.ms = 45000
	socket.connection.setup.timeout.max.ms = 30000
	socket.connection.setup.timeout.ms = 10000
	ssl.cipher.suites = null
	ssl.enabled.protocols = [TLSv1.2, TLSv1.3]
	ssl.endpoint.identification.algorithm = https
	ssl.engine.factory.class = null
	ssl.key.password = null
	ssl.keymanager.algorithm = SunX509
	ssl.keystore.certificate.chain = null
	ssl.keystore.key = null
	ssl.keystore.location = null
	ssl.keystore.password = null
	ssl.keystore.type = JKS
	ssl.protocol = TLSv1.3
	ssl.provider = null
	ssl.secure.random.implementation = null
	ssl.trustmanager.algorithm = PKIX
	ssl.truststore.certificates = null
	ssl.truststore.location = null
	ssl.truststore.password = null
	ssl.truststore.type = JKS
	value.deserializer = class io.apicurio.registry.serde.avro.AvroKafkaDeserializer

2025-08-13 18:18:36,018 INFO  [org.apa.kaf.com.tel.int.KafkaMetricsCollector] (main) initializing Kafka metrics collector
2025-08-13 18:18:36,025 INFO  [org.apa.kaf.cli.con.ConsumerConfig] (main) These configurations '[apicurio.registry.avro.encoding, apicurio.registry.url]' were supplied but are not used yet.
2025-08-13 18:18:36,026 INFO  [org.apa.kaf.com.uti.AppInfoParser] (main) Kafka version: 3.9.1
2025-08-13 18:18:36,026 INFO  [org.apa.kaf.com.uti.AppInfoParser] (main) Kafka commitId: f745dfdcee2b9851
2025-08-13 18:18:36,026 INFO  [org.apa.kaf.com.uti.AppInfoParser] (main) Kafka startTimeMs: 1755109116026
2025-08-13 18:18:36,027 INFO  [org.apa.kaf.cli.con.int.ClassicKafkaConsumer] (Thread-618) [Consumer clientId=consumer-Consumer-topic-d59d3bfa_5efa_4762_b803_b05a28a4eefe-3, groupId=Consumer-topic-d59d3bfa_5efa_4762_b803_b05a28a4eefe] Subscribed to topic(s): topic-d59d3bfa_5efa_4762_b803_b05a28a4eefe
2025-08-13 18:18:36,035 INFO  [org.apa.kaf.cli.Metadata] (Thread-618) [Consumer clientId=consumer-Consumer-topic-d59d3bfa_5efa_4762_b803_b05a28a4eefe-3, groupId=Consumer-topic-d59d3bfa_5efa_4762_b803_b05a28a4eefe] Cluster ID: sAToZ0WATkWwuQb_OH8PpQ
2025-08-13 18:18:36,037 INFO  [org.apa.kaf.cli.con.int.ConsumerCoordinator] (Thread-618) [Consumer clientId=consumer-Consumer-topic-d59d3bfa_5efa_4762_b803_b05a28a4eefe-3, groupId=Consumer-topic-d59d3bfa_5efa_4762_b803_b05a28a4eefe] Discovered group coordinator localhost:32769 (id: 2147483647 rack: null)
2025-08-13 18:18:36,040 INFO  [org.apa.kaf.cli.con.int.ConsumerCoordinator] (Thread-618) [Consumer clientId=consumer-Consumer-topic-d59d3bfa_5efa_4762_b803_b05a28a4eefe-3, groupId=Consumer-topic-d59d3bfa_5efa_4762_b803_b05a28a4eefe] (Re-)joining group
2025-08-13 18:18:36,044 INFO  [org.apa.kaf.cli.con.int.ConsumerCoordinator] (Thread-618) [Consumer clientId=consumer-Consumer-topic-d59d3bfa_5efa_4762_b803_b05a28a4eefe-3, groupId=Consumer-topic-d59d3bfa_5efa_4762_b803_b05a28a4eefe] Request joining group due to: need to re-join with the given member-id: consumer-Consumer-topic-d59d3bfa_5efa_4762_b803_b05a28a4eefe-3-51f2828e-4368-442f-b522-f6d068e3a8ec
2025-08-13 18:18:36,044 INFO  [org.apa.kaf.cli.con.int.ConsumerCoordinator] (Thread-618) [Consumer clientId=consumer-Consumer-topic-d59d3bfa_5efa_4762_b803_b05a28a4eefe-3, groupId=Consumer-topic-d59d3bfa_5efa_4762_b803_b05a28a4eefe] (Re-)joining group
2025-08-13 18:18:37,027 INFO  [io.api.tes.ser.api.KafkaSerdesTester] (Thread-618) None found
2025-08-13 18:18:38,027 INFO  [io.api.tes.ser.api.KafkaSerdesTester] (Thread-618) None found
2025-08-13 18:18:39,027 INFO  [io.api.tes.ser.api.KafkaSerdesTester] (Thread-618) None found
2025-08-13 18:18:39,046 INFO  [org.apa.kaf.cli.con.int.ConsumerCoordinator] (Thread-618) [Consumer clientId=consumer-Consumer-topic-d59d3bfa_5efa_4762_b803_b05a28a4eefe-3, groupId=Consumer-topic-d59d3bfa_5efa_4762_b803_b05a28a4eefe] Successfully joined group with generation Generation{generationId=1, memberId='consumer-Consumer-topic-d59d3bfa_5efa_4762_b803_b05a28a4eefe-3-51f2828e-4368-442f-b522-f6d068e3a8ec', protocol='range'}
2025-08-13 18:18:39,046 INFO  [org.apa.kaf.cli.con.int.ConsumerCoordinator] (Thread-618) [Consumer clientId=consumer-Consumer-topic-d59d3bfa_5efa_4762_b803_b05a28a4eefe-3, groupId=Consumer-topic-d59d3bfa_5efa_4762_b803_b05a28a4eefe] Finished assignment for group at generation 1: {consumer-Consumer-topic-d59d3bfa_5efa_4762_b803_b05a28a4eefe-3-51f2828e-4368-442f-b522-f6d068e3a8ec=Assignment(partitions=[topic-d59d3bfa_5efa_4762_b803_b05a28a4eefe-0])}
2025-08-13 18:18:39,053 INFO  [org.apa.kaf.cli.con.int.ConsumerCoordinator] (Thread-618) [Consumer clientId=consumer-Consumer-topic-d59d3bfa_5efa_4762_b803_b05a28a4eefe-3, groupId=Consumer-topic-d59d3bfa_5efa_4762_b803_b05a28a4eefe] Successfully synced group in generation Generation{generationId=1, memberId='consumer-Consumer-topic-d59d3bfa_5efa_4762_b803_b05a28a4eefe-3-51f2828e-4368-442f-b522-f6d068e3a8ec', protocol='range'}
2025-08-13 18:18:39,053 INFO  [org.apa.kaf.cli.con.int.ConsumerCoordinator] (Thread-618) [Consumer clientId=consumer-Consumer-topic-d59d3bfa_5efa_4762_b803_b05a28a4eefe-3, groupId=Consumer-topic-d59d3bfa_5efa_4762_b803_b05a28a4eefe] Notifying assignor about the new Assignment(partitions=[topic-d59d3bfa_5efa_4762_b803_b05a28a4eefe-0])
2025-08-13 18:18:39,053 INFO  [org.apa.kaf.cli.con.int.ConsumerRebalanceListenerInvoker] (Thread-618) [Consumer clientId=consumer-Consumer-topic-d59d3bfa_5efa_4762_b803_b05a28a4eefe-3, groupId=Consumer-topic-d59d3bfa_5efa_4762_b803_b05a28a4eefe] Adding newly assigned partitions: topic-d59d3bfa_5efa_4762_b803_b05a28a4eefe-0
2025-08-13 18:18:39,055 INFO  [org.apa.kaf.cli.con.int.ConsumerCoordinator] (Thread-618) [Consumer clientId=consumer-Consumer-topic-d59d3bfa_5efa_4762_b803_b05a28a4eefe-3, groupId=Consumer-topic-d59d3bfa_5efa_4762_b803_b05a28a4eefe] Found no committed offset for partition topic-d59d3bfa_5efa_4762_b803_b05a28a4eefe-0
2025-08-13 18:18:39,059 INFO  [org.apa.kaf.cli.con.int.SubscriptionState] (Thread-618) [Consumer clientId=consumer-Consumer-topic-d59d3bfa_5efa_4762_b803_b05a28a4eefe-3, groupId=Consumer-topic-d59d3bfa_5efa_4762_b803_b05a28a4eefe] Resetting offset for partition topic-d59d3bfa_5efa_4762_b803_b05a28a4eefe-0 to position FetchPosition{offset=0, offsetEpoch=Optional.empty, currentLeader=LeaderAndEpoch{leader=Optional[localhost:32769 (id: 0 rack: null)], epoch=0}}.
2025-08-13 18:18:39,204 INFO  [io.api.tes.ser.api.KafkaSerdesTester] (Thread-618) topic-d59d3bfa_5efa_4762_b803_b05a28a4eefe 0 0 {"bar": "value-0"}
2025-08-13 18:18:39,204 INFO  [io.api.tes.ser.api.KafkaSerdesTester] (Thread-618) topic-d59d3bfa_5efa_4762_b803_b05a28a4eefe 0 1 {"bar": "value-1"}
2025-08-13 18:18:39,204 INFO  [io.api.tes.ser.api.KafkaSerdesTester] (Thread-618) topic-d59d3bfa_5efa_4762_b803_b05a28a4eefe 0 2 {"bar": "value-2"}
2025-08-13 18:18:39,204 INFO  [io.api.tes.ser.api.KafkaSerdesTester] (Thread-618) topic-d59d3bfa_5efa_4762_b803_b05a28a4eefe 0 3 {"bar": "value-3"}
2025-08-13 18:18:39,204 INFO  [io.api.tes.ser.api.KafkaSerdesTester] (Thread-618) topic-d59d3bfa_5efa_4762_b803_b05a28a4eefe 0 4 {"bar": "value-4"}
2025-08-13 18:18:39,204 INFO  [io.api.tes.ser.api.KafkaSerdesTester] (Thread-618) topic-d59d3bfa_5efa_4762_b803_b05a28a4eefe 0 5 {"bar": "value-5"}
2025-08-13 18:18:39,205 INFO  [io.api.tes.ser.api.KafkaSerdesTester] (Thread-618) topic-d59d3bfa_5efa_4762_b803_b05a28a4eefe 0 6 {"bar": "value-6"}
2025-08-13 18:18:39,205 INFO  [io.api.tes.ser.api.KafkaSerdesTester] (Thread-618) topic-d59d3bfa_5efa_4762_b803_b05a28a4eefe 0 7 {"bar": "value-7"}
2025-08-13 18:18:39,205 INFO  [io.api.tes.ser.api.KafkaSerdesTester] (Thread-618) topic-d59d3bfa_5efa_4762_b803_b05a28a4eefe 0 8 {"bar": "value-8"}
2025-08-13 18:18:39,205 INFO  [io.api.tes.ser.api.KafkaSerdesTester] (Thread-618) topic-d59d3bfa_5efa_4762_b803_b05a28a4eefe 0 9 {"bar": "value-9"}
2025-08-13 18:18:39,205 INFO  [io.api.tes.ser.api.KafkaSerdesTester] (Thread-618) Consumed 10 messages
2025-08-13 18:18:39,215 INFO  [org.apa.kaf.cli.con.int.ConsumerRebalanceListenerInvoker] (Thread-618) [Consumer clientId=consumer-Consumer-topic-d59d3bfa_5efa_4762_b803_b05a28a4eefe-3, groupId=Consumer-topic-d59d3bfa_5efa_4762_b803_b05a28a4eefe] Revoke previously assigned partitions topic-d59d3bfa_5efa_4762_b803_b05a28a4eefe-0
2025-08-13 18:18:39,215 INFO  [org.apa.kaf.cli.con.int.ConsumerCoordinator] (Thread-618) [Consumer clientId=consumer-Consumer-topic-d59d3bfa_5efa_4762_b803_b05a28a4eefe-3, groupId=Consumer-topic-d59d3bfa_5efa_4762_b803_b05a28a4eefe] Member consumer-Consumer-topic-d59d3bfa_5efa_4762_b803_b05a28a4eefe-3-51f2828e-4368-442f-b522-f6d068e3a8ec sending LeaveGroup request to coordinator localhost:32769 (id: 2147483647 rack: null) due to the consumer is being closed
2025-08-13 18:18:39,216 INFO  [org.apa.kaf.cli.con.int.ConsumerCoordinator] (Thread-618) [Consumer clientId=consumer-Consumer-topic-d59d3bfa_5efa_4762_b803_b05a28a4eefe-3, groupId=Consumer-topic-d59d3bfa_5efa_4762_b803_b05a28a4eefe] Resetting generation and member id due to: consumer pro-actively leaving the group
2025-08-13 18:18:39,216 INFO  [org.apa.kaf.cli.con.int.ConsumerCoordinator] (Thread-618) [Consumer clientId=consumer-Consumer-topic-d59d3bfa_5efa_4762_b803_b05a28a4eefe-3, groupId=Consumer-topic-d59d3bfa_5efa_4762_b803_b05a28a4eefe] Request joining group due to: consumer pro-actively leaving the group
2025-08-13 18:18:39,708 INFO  [org.apa.kaf.com.met.Metrics] (Thread-618) Metrics scheduler closed
2025-08-13 18:18:39,709 INFO  [org.apa.kaf.com.met.Metrics] (Thread-618) Closing reporter org.apache.kafka.common.metrics.JmxReporter
2025-08-13 18:18:39,709 INFO  [org.apa.kaf.com.met.Metrics] (Thread-618) Closing reporter org.apache.kafka.common.telemetry.internals.ClientTelemetryReporter
2025-08-13 18:18:39,709 INFO  [org.apa.kaf.com.met.Metrics] (Thread-618) Metrics reporters closed
2025-08-13 18:18:39,714 INFO  [org.apa.kaf.com.uti.AppInfoParser] (Thread-618) App info kafka.consumer for consumer-Consumer-topic-d59d3bfa_5efa_4762_b803_b05a28a4eefe-3 unregistered
2025-08-13 18:18:39,716 INFO  [io.api.tes.uti.TestSeparator] (main) io.apicurio.tests.serdes.apicurio.AvroSerdeIT.testAvroJSON-FINISHED
2025-08-13 18:18:39,718 INFO  [io.api.tes.uti.TestSeparator] (main) ############################################################################
Test passed: testAvroJSON
]]></system-out>
  </testcase>
  <testcase name="testTopicIdStrategyAutoRegister" classname="io.apicurio.tests.serdes.apicurio.AvroSerdeIT" time="4.157">
    <system-out><![CDATA[2025-08-13 18:18:39,722 INFO  [io.api.tes.uti.TestSeparator] (main) ############################################################################
2025-08-13 18:18:39,722 INFO  [io.api.tes.uti.TestSeparator] (main) io.apicurio.tests.serdes.apicurio.AvroSerdeIT.testTopicIdStrategyAutoRegister-STARTED
**** Registry Base URL: http://registry-app-pg17.apps.ci419.apicurio-testing.org:80
2025-08-13 18:18:39,725 INFO  [org.apa.kaf.cli.pro.ProducerConfig] (main) ProducerConfig values: 
	acks = -1
	auto.include.jmx.reporter = true
	batch.size = 16384
	bootstrap.servers = [PLAINTEXT://localhost:32769]
	buffer.memory = 33554432
	client.dns.lookup = use_all_dns_ips
	client.id = Producer-topic-4f3e0d34_f9e7_42d1_a27f_6dc5fa0228a6
	compression.gzip.level = -1
	compression.lz4.level = 9
	compression.type = none
	compression.zstd.level = 3
	connections.max.idle.ms = 10000
	delivery.timeout.ms = 120000
	enable.idempotence = true
	enable.metrics.push = true
	interceptor.classes = []
	key.serializer = class org.apache.kafka.common.serialization.StringSerializer
	linger.ms = 0
	max.block.ms = 60000
	max.in.flight.requests.per.connection = 5
	max.request.size = 1048576
	metadata.max.age.ms = 300000
	metadata.max.idle.ms = 300000
	metadata.recovery.strategy = none
	metric.reporters = []
	metrics.num.samples = 2
	metrics.recording.level = INFO
	metrics.sample.window.ms = 30000
	partitioner.adaptive.partitioning.enable = true
	partitioner.availability.timeout.ms = 0
	partitioner.class = null
	partitioner.ignore.keys = false
	receive.buffer.bytes = 32768
	reconnect.backoff.max.ms = 1000
	reconnect.backoff.ms = 50
	request.timeout.ms = 5000
	retries = 2147483647
	retry.backoff.max.ms = 1000
	retry.backoff.ms = 100
	sasl.client.callback.handler.class = null
	sasl.jaas.config = null
	sasl.kerberos.kinit.cmd = /usr/bin/kinit
	sasl.kerberos.min.time.before.relogin = 60000
	sasl.kerberos.service.name = null
	sasl.kerberos.ticket.renew.jitter = 0.05
	sasl.kerberos.ticket.renew.window.factor = 0.8
	sasl.login.callback.handler.class = null
	sasl.login.class = null
	sasl.login.connect.timeout.ms = null
	sasl.login.read.timeout.ms = null
	sasl.login.refresh.buffer.seconds = 300
	sasl.login.refresh.min.period.seconds = 60
	sasl.login.refresh.window.factor = 0.8
	sasl.login.refresh.window.jitter = 0.05
	sasl.login.retry.backoff.max.ms = 10000
	sasl.login.retry.backoff.ms = 100
	sasl.mechanism = GSSAPI
	sasl.oauthbearer.clock.skew.seconds = 30
	sasl.oauthbearer.expected.audience = null
	sasl.oauthbearer.expected.issuer = null
	sasl.oauthbearer.header.urlencode = false
	sasl.oauthbearer.jwks.endpoint.refresh.ms = 3600000
	sasl.oauthbearer.jwks.endpoint.retry.backoff.max.ms = 10000
	sasl.oauthbearer.jwks.endpoint.retry.backoff.ms = 100
	sasl.oauthbearer.jwks.endpoint.url = null
	sasl.oauthbearer.scope.claim.name = scope
	sasl.oauthbearer.sub.claim.name = sub
	sasl.oauthbearer.token.endpoint.url = null
	security.protocol = PLAINTEXT
	security.providers = null
	send.buffer.bytes = 131072
	socket.connection.setup.timeout.max.ms = 30000
	socket.connection.setup.timeout.ms = 10000
	ssl.cipher.suites = null
	ssl.enabled.protocols = [TLSv1.2, TLSv1.3]
	ssl.endpoint.identification.algorithm = https
	ssl.engine.factory.class = null
	ssl.key.password = null
	ssl.keymanager.algorithm = SunX509
	ssl.keystore.certificate.chain = null
	ssl.keystore.key = null
	ssl.keystore.location = null
	ssl.keystore.password = null
	ssl.keystore.type = JKS
	ssl.protocol = TLSv1.3
	ssl.provider = null
	ssl.secure.random.implementation = null
	ssl.trustmanager.algorithm = PKIX
	ssl.truststore.certificates = null
	ssl.truststore.location = null
	ssl.truststore.password = null
	ssl.truststore.type = JKS
	transaction.timeout.ms = 60000
	transactional.id = null
	value.serializer = class io.apicurio.registry.serde.avro.AvroKafkaSerializer

2025-08-13 18:18:39,725 INFO  [org.apa.kaf.com.tel.int.KafkaMetricsCollector] (main) initializing Kafka metrics collector
2025-08-13 18:18:39,729 INFO  [org.apa.kaf.cli.pro.KafkaProducer] (main) [Producer clientId=Producer-topic-4f3e0d34_f9e7_42d1_a27f_6dc5fa0228a6] Instantiated an idempotent producer.
2025-08-13 18:18:39,736 INFO  [org.apa.kaf.cli.pro.ProducerConfig] (main) These configurations '[apicurio.registry.url, apicurio.registry.auto-register, apicurio.registry.artifact-resolver-strategy]' were supplied but are not used yet.
2025-08-13 18:18:39,736 INFO  [org.apa.kaf.com.uti.AppInfoParser] (main) Kafka version: 3.9.1
2025-08-13 18:18:39,736 INFO  [org.apa.kaf.com.uti.AppInfoParser] (main) Kafka commitId: f745dfdcee2b9851
2025-08-13 18:18:39,736 INFO  [org.apa.kaf.com.uti.AppInfoParser] (main) Kafka startTimeMs: 1755109119736
2025-08-13 18:18:39,737 INFO  [io.api.tes.ser.api.SimpleSerdesTesterBuilder$SimpleSerdesTester] (main) Using producer configuration: {apicurio.registry.url=http://registry-app-pg17.apps.ci419.apicurio-testing.org:80/apis/registry/v3, apicurio.registry.auto-register=true, apicurio.registry.artifact-resolver-strategy=io.apicurio.registry.serde.strategy.TopicIdStrategy, value.serializer=io.apicurio.registry.serde.avro.AvroKafkaSerializer, request.timeout.ms=5000, acks=all, bootstrap.servers=PLAINTEXT://localhost:32769, connections.max.idle.ms=10000, key.serializer=org.apache.kafka.common.serialization.StringSerializer, client.id=Producer-topic-4f3e0d34_f9e7_42d1_a27f_6dc5fa0228a6}
2025-08-13 18:18:39,737 INFO  [io.api.tes.ser.api.SimpleSerdesTesterBuilder$SimpleSerdesTester] (main) Using consumer configuration: {}
2025-08-13 18:18:39,738 INFO  [io.api.tes.ser.api.KafkaSerdesTester] (Thread-621) Sending message {"key11755109119723": "value-0"} to topic topic-4f3e0d34_f9e7_42d1_a27f_6dc5fa0228a6
2025-08-13 18:18:39,741 WARN  [org.apa.kaf.cli.NetworkClient] (kafka-producer-network-thread | Producer-topic-4f3e0d34_f9e7_42d1_a27f_6dc5fa0228a6) [Producer clientId=Producer-topic-4f3e0d34_f9e7_42d1_a27f_6dc5fa0228a6] The metadata response from the cluster reported a recoverable issue with correlation id 1 : {topic-4f3e0d34_f9e7_42d1_a27f_6dc5fa0228a6=UNKNOWN_TOPIC_OR_PARTITION}
2025-08-13 18:18:39,741 INFO  [org.apa.kaf.cli.Metadata] (kafka-producer-network-thread | Producer-topic-4f3e0d34_f9e7_42d1_a27f_6dc5fa0228a6) [Producer clientId=Producer-topic-4f3e0d34_f9e7_42d1_a27f_6dc5fa0228a6] Cluster ID: sAToZ0WATkWwuQb_OH8PpQ
2025-08-13 18:18:39,742 INFO  [org.apa.kaf.cli.pro.int.TransactionManager] (kafka-producer-network-thread | Producer-topic-4f3e0d34_f9e7_42d1_a27f_6dc5fa0228a6) [Producer clientId=Producer-topic-4f3e0d34_f9e7_42d1_a27f_6dc5fa0228a6] ProducerId set to 4 with epoch 0
2025-08-13 18:18:39,974 INFO  [io.api.tes.ser.api.KafkaSerdesTester] (Thread-621) Sending message {"key11755109119723": "value-1"} to topic topic-4f3e0d34_f9e7_42d1_a27f_6dc5fa0228a6
2025-08-13 18:18:39,977 INFO  [io.api.tes.ser.api.KafkaSerdesTester] (Thread-621) Sending message {"key11755109119723": "value-2"} to topic topic-4f3e0d34_f9e7_42d1_a27f_6dc5fa0228a6
2025-08-13 18:18:39,979 INFO  [io.api.tes.ser.api.KafkaSerdesTester] (Thread-621) Sending message {"key11755109119723": "value-3"} to topic topic-4f3e0d34_f9e7_42d1_a27f_6dc5fa0228a6
2025-08-13 18:18:39,981 INFO  [io.api.tes.ser.api.KafkaSerdesTester] (Thread-621) Sending message {"key11755109119723": "value-4"} to topic topic-4f3e0d34_f9e7_42d1_a27f_6dc5fa0228a6
2025-08-13 18:18:39,983 INFO  [io.api.tes.ser.api.KafkaSerdesTester] (Thread-621) Sending message {"key11755109119723": "value-5"} to topic topic-4f3e0d34_f9e7_42d1_a27f_6dc5fa0228a6
2025-08-13 18:18:39,985 INFO  [io.api.tes.ser.api.KafkaSerdesTester] (Thread-621) Sending message {"key11755109119723": "value-6"} to topic topic-4f3e0d34_f9e7_42d1_a27f_6dc5fa0228a6
2025-08-13 18:18:39,987 INFO  [io.api.tes.ser.api.KafkaSerdesTester] (Thread-621) Sending message {"key11755109119723": "value-7"} to topic topic-4f3e0d34_f9e7_42d1_a27f_6dc5fa0228a6
2025-08-13 18:18:39,990 INFO  [io.api.tes.ser.api.KafkaSerdesTester] (Thread-621) Sending message {"key11755109119723": "value-8"} to topic topic-4f3e0d34_f9e7_42d1_a27f_6dc5fa0228a6
2025-08-13 18:18:39,992 INFO  [io.api.tes.ser.api.KafkaSerdesTester] (Thread-621) Sending message {"key11755109119723": "value-9"} to topic topic-4f3e0d34_f9e7_42d1_a27f_6dc5fa0228a6
2025-08-13 18:18:39,994 INFO  [io.api.tes.ser.api.KafkaSerdesTester] (Thread-621) Produced 10 messages
2025-08-13 18:18:39,994 INFO  [org.apa.kaf.cli.pro.KafkaProducer] (Thread-621) [Producer clientId=Producer-topic-4f3e0d34_f9e7_42d1_a27f_6dc5fa0228a6] Closing the Kafka producer with timeoutMillis = 9223372036854775807 ms.
2025-08-13 18:18:39,997 INFO  [org.apa.kaf.com.met.Metrics] (Thread-621) Metrics scheduler closed
2025-08-13 18:18:39,997 INFO  [org.apa.kaf.com.met.Metrics] (Thread-621) Closing reporter org.apache.kafka.common.metrics.JmxReporter
2025-08-13 18:18:39,997 INFO  [org.apa.kaf.com.met.Metrics] (Thread-621) Closing reporter org.apache.kafka.common.telemetry.internals.ClientTelemetryReporter
2025-08-13 18:18:39,997 INFO  [org.apa.kaf.com.met.Metrics] (Thread-621) Metrics reporters closed
2025-08-13 18:18:39,997 INFO  [org.apa.kaf.com.uti.AppInfoParser] (Thread-621) App info kafka.producer for Producer-topic-4f3e0d34_f9e7_42d1_a27f_6dc5fa0228a6 unregistered
**** Registry Base URL: http://registry-app-pg17.apps.ci419.apicurio-testing.org:80
2025-08-13 18:18:40,093 INFO  [org.apa.kaf.cli.con.ConsumerConfig] (main) ConsumerConfig values: 
	allow.auto.create.topics = true
	auto.commit.interval.ms = 500
	auto.include.jmx.reporter = true
	auto.offset.reset = earliest
	bootstrap.servers = [PLAINTEXT://localhost:32769]
	check.crcs = true
	client.dns.lookup = use_all_dns_ips
	client.id = consumer-Consumer-topic-4f3e0d34_f9e7_42d1_a27f_6dc5fa0228a6-4
	client.rack = 
	connections.max.idle.ms = 10000
	default.api.timeout.ms = 60000
	enable.auto.commit = true
	enable.metrics.push = true
	exclude.internal.topics = true
	fetch.max.bytes = 52428800
	fetch.max.wait.ms = 500
	fetch.min.bytes = 1
	group.id = Consumer-topic-4f3e0d34_f9e7_42d1_a27f_6dc5fa0228a6
	group.instance.id = null
	group.protocol = classic
	group.remote.assignor = null
	heartbeat.interval.ms = 3000
	interceptor.classes = []
	internal.leave.group.on.close = true
	internal.throw.on.fetch.stable.offset.unsupported = false
	isolation.level = read_uncommitted
	key.deserializer = class org.apache.kafka.common.serialization.StringDeserializer
	max.partition.fetch.bytes = 1048576
	max.poll.interval.ms = 300000
	max.poll.records = 500
	metadata.max.age.ms = 300000
	metadata.recovery.strategy = none
	metric.reporters = []
	metrics.num.samples = 2
	metrics.recording.level = INFO
	metrics.sample.window.ms = 30000
	partition.assignment.strategy = [class org.apache.kafka.clients.consumer.RangeAssignor, class org.apache.kafka.clients.consumer.CooperativeStickyAssignor]
	receive.buffer.bytes = 65536
	reconnect.backoff.max.ms = 1000
	reconnect.backoff.ms = 50
	request.timeout.ms = 5000
	retry.backoff.max.ms = 1000
	retry.backoff.ms = 100
	sasl.client.callback.handler.class = null
	sasl.jaas.config = null
	sasl.kerberos.kinit.cmd = /usr/bin/kinit
	sasl.kerberos.min.time.before.relogin = 60000
	sasl.kerberos.service.name = null
	sasl.kerberos.ticket.renew.jitter = 0.05
	sasl.kerberos.ticket.renew.window.factor = 0.8
	sasl.login.callback.handler.class = null
	sasl.login.class = null
	sasl.login.connect.timeout.ms = null
	sasl.login.read.timeout.ms = null
	sasl.login.refresh.buffer.seconds = 300
	sasl.login.refresh.min.period.seconds = 60
	sasl.login.refresh.window.factor = 0.8
	sasl.login.refresh.window.jitter = 0.05
	sasl.login.retry.backoff.max.ms = 10000
	sasl.login.retry.backoff.ms = 100
	sasl.mechanism = GSSAPI
	sasl.oauthbearer.clock.skew.seconds = 30
	sasl.oauthbearer.expected.audience = null
	sasl.oauthbearer.expected.issuer = null
	sasl.oauthbearer.header.urlencode = false
	sasl.oauthbearer.jwks.endpoint.refresh.ms = 3600000
	sasl.oauthbearer.jwks.endpoint.retry.backoff.max.ms = 10000
	sasl.oauthbearer.jwks.endpoint.retry.backoff.ms = 100
	sasl.oauthbearer.jwks.endpoint.url = null
	sasl.oauthbearer.scope.claim.name = scope
	sasl.oauthbearer.sub.claim.name = sub
	sasl.oauthbearer.token.endpoint.url = null
	security.protocol = PLAINTEXT
	security.providers = null
	send.buffer.bytes = 131072
	session.timeout.ms = 45000
	socket.connection.setup.timeout.max.ms = 30000
	socket.connection.setup.timeout.ms = 10000
	ssl.cipher.suites = null
	ssl.enabled.protocols = [TLSv1.2, TLSv1.3]
	ssl.endpoint.identification.algorithm = https
	ssl.engine.factory.class = null
	ssl.key.password = null
	ssl.keymanager.algorithm = SunX509
	ssl.keystore.certificate.chain = null
	ssl.keystore.key = null
	ssl.keystore.location = null
	ssl.keystore.password = null
	ssl.keystore.type = JKS
	ssl.protocol = TLSv1.3
	ssl.provider = null
	ssl.secure.random.implementation = null
	ssl.trustmanager.algorithm = PKIX
	ssl.truststore.certificates = null
	ssl.truststore.location = null
	ssl.truststore.password = null
	ssl.truststore.type = JKS
	value.deserializer = class io.apicurio.registry.serde.avro.AvroKafkaDeserializer

2025-08-13 18:18:40,094 INFO  [org.apa.kaf.com.tel.int.KafkaMetricsCollector] (main) initializing Kafka metrics collector
2025-08-13 18:18:40,104 INFO  [org.apa.kaf.cli.con.ConsumerConfig] (main) These configurations '[apicurio.registry.url]' were supplied but are not used yet.
2025-08-13 18:18:40,104 INFO  [org.apa.kaf.com.uti.AppInfoParser] (main) Kafka version: 3.9.1
2025-08-13 18:18:40,104 INFO  [org.apa.kaf.com.uti.AppInfoParser] (main) Kafka commitId: f745dfdcee2b9851
2025-08-13 18:18:40,104 INFO  [org.apa.kaf.com.uti.AppInfoParser] (main) Kafka startTimeMs: 1755109120104
2025-08-13 18:18:40,104 INFO  [org.apa.kaf.cli.con.int.ClassicKafkaConsumer] (Thread-624) [Consumer clientId=consumer-Consumer-topic-4f3e0d34_f9e7_42d1_a27f_6dc5fa0228a6-4, groupId=Consumer-topic-4f3e0d34_f9e7_42d1_a27f_6dc5fa0228a6] Subscribed to topic(s): topic-4f3e0d34_f9e7_42d1_a27f_6dc5fa0228a6
2025-08-13 18:18:40,111 INFO  [org.apa.kaf.cli.Metadata] (Thread-624) [Consumer clientId=consumer-Consumer-topic-4f3e0d34_f9e7_42d1_a27f_6dc5fa0228a6-4, groupId=Consumer-topic-4f3e0d34_f9e7_42d1_a27f_6dc5fa0228a6] Cluster ID: sAToZ0WATkWwuQb_OH8PpQ
2025-08-13 18:18:40,113 INFO  [org.apa.kaf.cli.con.int.ConsumerCoordinator] (Thread-624) [Consumer clientId=consumer-Consumer-topic-4f3e0d34_f9e7_42d1_a27f_6dc5fa0228a6-4, groupId=Consumer-topic-4f3e0d34_f9e7_42d1_a27f_6dc5fa0228a6] Discovered group coordinator localhost:32769 (id: 2147483647 rack: null)
2025-08-13 18:18:40,116 INFO  [org.apa.kaf.cli.con.int.ConsumerCoordinator] (Thread-624) [Consumer clientId=consumer-Consumer-topic-4f3e0d34_f9e7_42d1_a27f_6dc5fa0228a6-4, groupId=Consumer-topic-4f3e0d34_f9e7_42d1_a27f_6dc5fa0228a6] (Re-)joining group
2025-08-13 18:18:40,122 INFO  [org.apa.kaf.cli.con.int.ConsumerCoordinator] (Thread-624) [Consumer clientId=consumer-Consumer-topic-4f3e0d34_f9e7_42d1_a27f_6dc5fa0228a6-4, groupId=Consumer-topic-4f3e0d34_f9e7_42d1_a27f_6dc5fa0228a6] Request joining group due to: need to re-join with the given member-id: consumer-Consumer-topic-4f3e0d34_f9e7_42d1_a27f_6dc5fa0228a6-4-bdd26062-d1c1-4a5d-9074-4987bb90720c
2025-08-13 18:18:40,123 INFO  [org.apa.kaf.cli.con.int.ConsumerCoordinator] (Thread-624) [Consumer clientId=consumer-Consumer-topic-4f3e0d34_f9e7_42d1_a27f_6dc5fa0228a6-4, groupId=Consumer-topic-4f3e0d34_f9e7_42d1_a27f_6dc5fa0228a6] (Re-)joining group
2025-08-13 18:18:41,104 INFO  [io.api.tes.ser.api.KafkaSerdesTester] (Thread-624) None found
2025-08-13 18:18:42,105 INFO  [io.api.tes.ser.api.KafkaSerdesTester] (Thread-624) None found
2025-08-13 18:18:43,105 INFO  [io.api.tes.ser.api.KafkaSerdesTester] (Thread-624) None found
2025-08-13 18:18:43,125 INFO  [org.apa.kaf.cli.con.int.ConsumerCoordinator] (Thread-624) [Consumer clientId=consumer-Consumer-topic-4f3e0d34_f9e7_42d1_a27f_6dc5fa0228a6-4, groupId=Consumer-topic-4f3e0d34_f9e7_42d1_a27f_6dc5fa0228a6] Successfully joined group with generation Generation{generationId=1, memberId='consumer-Consumer-topic-4f3e0d34_f9e7_42d1_a27f_6dc5fa0228a6-4-bdd26062-d1c1-4a5d-9074-4987bb90720c', protocol='range'}
2025-08-13 18:18:43,126 INFO  [org.apa.kaf.cli.con.int.ConsumerCoordinator] (Thread-624) [Consumer clientId=consumer-Consumer-topic-4f3e0d34_f9e7_42d1_a27f_6dc5fa0228a6-4, groupId=Consumer-topic-4f3e0d34_f9e7_42d1_a27f_6dc5fa0228a6] Finished assignment for group at generation 1: {consumer-Consumer-topic-4f3e0d34_f9e7_42d1_a27f_6dc5fa0228a6-4-bdd26062-d1c1-4a5d-9074-4987bb90720c=Assignment(partitions=[topic-4f3e0d34_f9e7_42d1_a27f_6dc5fa0228a6-0])}
2025-08-13 18:18:43,133 INFO  [org.apa.kaf.cli.con.int.ConsumerCoordinator] (Thread-624) [Consumer clientId=consumer-Consumer-topic-4f3e0d34_f9e7_42d1_a27f_6dc5fa0228a6-4, groupId=Consumer-topic-4f3e0d34_f9e7_42d1_a27f_6dc5fa0228a6] Successfully synced group in generation Generation{generationId=1, memberId='consumer-Consumer-topic-4f3e0d34_f9e7_42d1_a27f_6dc5fa0228a6-4-bdd26062-d1c1-4a5d-9074-4987bb90720c', protocol='range'}
2025-08-13 18:18:43,133 INFO  [org.apa.kaf.cli.con.int.ConsumerCoordinator] (Thread-624) [Consumer clientId=consumer-Consumer-topic-4f3e0d34_f9e7_42d1_a27f_6dc5fa0228a6-4, groupId=Consumer-topic-4f3e0d34_f9e7_42d1_a27f_6dc5fa0228a6] Notifying assignor about the new Assignment(partitions=[topic-4f3e0d34_f9e7_42d1_a27f_6dc5fa0228a6-0])
2025-08-13 18:18:43,133 INFO  [org.apa.kaf.cli.con.int.ConsumerRebalanceListenerInvoker] (Thread-624) [Consumer clientId=consumer-Consumer-topic-4f3e0d34_f9e7_42d1_a27f_6dc5fa0228a6-4, groupId=Consumer-topic-4f3e0d34_f9e7_42d1_a27f_6dc5fa0228a6] Adding newly assigned partitions: topic-4f3e0d34_f9e7_42d1_a27f_6dc5fa0228a6-0
2025-08-13 18:18:43,135 INFO  [org.apa.kaf.cli.con.int.ConsumerCoordinator] (Thread-624) [Consumer clientId=consumer-Consumer-topic-4f3e0d34_f9e7_42d1_a27f_6dc5fa0228a6-4, groupId=Consumer-topic-4f3e0d34_f9e7_42d1_a27f_6dc5fa0228a6] Found no committed offset for partition topic-4f3e0d34_f9e7_42d1_a27f_6dc5fa0228a6-0
2025-08-13 18:18:43,145 INFO  [org.apa.kaf.cli.con.int.SubscriptionState] (Thread-624) [Consumer clientId=consumer-Consumer-topic-4f3e0d34_f9e7_42d1_a27f_6dc5fa0228a6-4, groupId=Consumer-topic-4f3e0d34_f9e7_42d1_a27f_6dc5fa0228a6] Resetting offset for partition topic-4f3e0d34_f9e7_42d1_a27f_6dc5fa0228a6-0 to position FetchPosition{offset=0, offsetEpoch=Optional.empty, currentLeader=LeaderAndEpoch{leader=Optional[localhost:32769 (id: 0 rack: null)], epoch=0}}.
2025-08-13 18:18:43,273 INFO  [io.api.tes.ser.api.KafkaSerdesTester] (Thread-624) topic-4f3e0d34_f9e7_42d1_a27f_6dc5fa0228a6 0 0 {"key11755109119723": "value-0"}
2025-08-13 18:18:43,273 INFO  [io.api.tes.ser.api.KafkaSerdesTester] (Thread-624) topic-4f3e0d34_f9e7_42d1_a27f_6dc5fa0228a6 0 1 {"key11755109119723": "value-1"}
2025-08-13 18:18:43,273 INFO  [io.api.tes.ser.api.KafkaSerdesTester] (Thread-624) topic-4f3e0d34_f9e7_42d1_a27f_6dc5fa0228a6 0 2 {"key11755109119723": "value-2"}
2025-08-13 18:18:43,274 INFO  [io.api.tes.ser.api.KafkaSerdesTester] (Thread-624) topic-4f3e0d34_f9e7_42d1_a27f_6dc5fa0228a6 0 3 {"key11755109119723": "value-3"}
2025-08-13 18:18:43,275 INFO  [io.api.tes.ser.api.KafkaSerdesTester] (Thread-624) topic-4f3e0d34_f9e7_42d1_a27f_6dc5fa0228a6 0 4 {"key11755109119723": "value-4"}
2025-08-13 18:18:43,276 INFO  [io.api.tes.ser.api.KafkaSerdesTester] (Thread-624) topic-4f3e0d34_f9e7_42d1_a27f_6dc5fa0228a6 0 5 {"key11755109119723": "value-5"}
2025-08-13 18:18:43,276 INFO  [io.api.tes.ser.api.KafkaSerdesTester] (Thread-624) topic-4f3e0d34_f9e7_42d1_a27f_6dc5fa0228a6 0 6 {"key11755109119723": "value-6"}
2025-08-13 18:18:43,276 INFO  [io.api.tes.ser.api.KafkaSerdesTester] (Thread-624) topic-4f3e0d34_f9e7_42d1_a27f_6dc5fa0228a6 0 7 {"key11755109119723": "value-7"}
2025-08-13 18:18:43,276 INFO  [io.api.tes.ser.api.KafkaSerdesTester] (Thread-624) topic-4f3e0d34_f9e7_42d1_a27f_6dc5fa0228a6 0 8 {"key11755109119723": "value-8"}
2025-08-13 18:18:43,276 INFO  [io.api.tes.ser.api.KafkaSerdesTester] (Thread-624) topic-4f3e0d34_f9e7_42d1_a27f_6dc5fa0228a6 0 9 {"key11755109119723": "value-9"}
2025-08-13 18:18:43,276 INFO  [io.api.tes.ser.api.KafkaSerdesTester] (Thread-624) Consumed 10 messages
2025-08-13 18:18:43,283 INFO  [org.apa.kaf.cli.con.int.ConsumerRebalanceListenerInvoker] (Thread-624) [Consumer clientId=consumer-Consumer-topic-4f3e0d34_f9e7_42d1_a27f_6dc5fa0228a6-4, groupId=Consumer-topic-4f3e0d34_f9e7_42d1_a27f_6dc5fa0228a6] Revoke previously assigned partitions topic-4f3e0d34_f9e7_42d1_a27f_6dc5fa0228a6-0
2025-08-13 18:18:43,284 INFO  [org.apa.kaf.cli.con.int.ConsumerCoordinator] (Thread-624) [Consumer clientId=consumer-Consumer-topic-4f3e0d34_f9e7_42d1_a27f_6dc5fa0228a6-4, groupId=Consumer-topic-4f3e0d34_f9e7_42d1_a27f_6dc5fa0228a6] Member consumer-Consumer-topic-4f3e0d34_f9e7_42d1_a27f_6dc5fa0228a6-4-bdd26062-d1c1-4a5d-9074-4987bb90720c sending LeaveGroup request to coordinator localhost:32769 (id: 2147483647 rack: null) due to the consumer is being closed
2025-08-13 18:18:43,284 INFO  [org.apa.kaf.cli.con.int.ConsumerCoordinator] (Thread-624) [Consumer clientId=consumer-Consumer-topic-4f3e0d34_f9e7_42d1_a27f_6dc5fa0228a6-4, groupId=Consumer-topic-4f3e0d34_f9e7_42d1_a27f_6dc5fa0228a6] Resetting generation and member id due to: consumer pro-actively leaving the group
2025-08-13 18:18:43,284 INFO  [org.apa.kaf.cli.con.int.ConsumerCoordinator] (Thread-624) [Consumer clientId=consumer-Consumer-topic-4f3e0d34_f9e7_42d1_a27f_6dc5fa0228a6-4, groupId=Consumer-topic-4f3e0d34_f9e7_42d1_a27f_6dc5fa0228a6] Request joining group due to: consumer pro-actively leaving the group
2025-08-13 18:18:43,777 INFO  [org.apa.kaf.com.met.Metrics] (Thread-624) Metrics scheduler closed
2025-08-13 18:18:43,778 INFO  [org.apa.kaf.com.met.Metrics] (Thread-624) Closing reporter org.apache.kafka.common.metrics.JmxReporter
2025-08-13 18:18:43,778 INFO  [org.apa.kaf.com.met.Metrics] (Thread-624) Closing reporter org.apache.kafka.common.telemetry.internals.ClientTelemetryReporter
2025-08-13 18:18:43,778 INFO  [org.apa.kaf.com.met.Metrics] (Thread-624) Metrics reporters closed
2025-08-13 18:18:43,780 INFO  [org.apa.kaf.com.uti.AppInfoParser] (Thread-624) App info kafka.consumer for consumer-Consumer-topic-4f3e0d34_f9e7_42d1_a27f_6dc5fa0228a6-4 unregistered
2025-08-13 18:18:43,876 INFO  [io.api.tes.uti.TestSeparator] (main) io.apicurio.tests.serdes.apicurio.AvroSerdeIT.testTopicIdStrategyAutoRegister-FINISHED
2025-08-13 18:18:43,876 INFO  [io.api.tes.uti.TestSeparator] (main) ############################################################################
Test passed: testTopicIdStrategyAutoRegister
]]></system-out>
  </testcase>
  <testcase name="testRecordIdStrategydFindLatest" classname="io.apicurio.tests.serdes.apicurio.AvroSerdeIT" time="5.04">
    <system-out><![CDATA[2025-08-13 18:18:43,878 INFO  [io.api.tes.uti.TestSeparator] (main) ############################################################################
2025-08-13 18:18:43,878 INFO  [io.api.tes.uti.TestSeparator] (main) io.apicurio.tests.serdes.apicurio.AvroSerdeIT.testRecordIdStrategydFindLatest-STARTED
2025-08-13 18:18:43,879 INFO  [io.api.tes.ser.api.AvroSerdeIT] (main) Registering Avro Schema: {"type":"record","name":"s5448967dx0764x46c3xaf99xd18609ba28dc","namespace":"sdb283070x5bd4x4b36xa31cx41fc0d64d850","fields":[{"name":"key11755109123878","type":"string"}]}
**** Registry Base URL: http://registry-app-pg17.apps.ci419.apicurio-testing.org:80
2025-08-13 18:18:44,986 INFO  [org.apa.kaf.cli.pro.ProducerConfig] (main) ProducerConfig values: 
	acks = -1
	auto.include.jmx.reporter = true
	batch.size = 16384
	bootstrap.servers = [PLAINTEXT://localhost:32769]
	buffer.memory = 33554432
	client.dns.lookup = use_all_dns_ips
	client.id = Producer-topic-bec0bc13_2186_410c_99e7_4d55d4367605
	compression.gzip.level = -1
	compression.lz4.level = 9
	compression.type = none
	compression.zstd.level = 3
	connections.max.idle.ms = 10000
	delivery.timeout.ms = 120000
	enable.idempotence = true
	enable.metrics.push = true
	interceptor.classes = []
	key.serializer = class org.apache.kafka.common.serialization.StringSerializer
	linger.ms = 0
	max.block.ms = 60000
	max.in.flight.requests.per.connection = 5
	max.request.size = 1048576
	metadata.max.age.ms = 300000
	metadata.max.idle.ms = 300000
	metadata.recovery.strategy = none
	metric.reporters = []
	metrics.num.samples = 2
	metrics.recording.level = INFO
	metrics.sample.window.ms = 30000
	partitioner.adaptive.partitioning.enable = true
	partitioner.availability.timeout.ms = 0
	partitioner.class = null
	partitioner.ignore.keys = false
	receive.buffer.bytes = 32768
	reconnect.backoff.max.ms = 1000
	reconnect.backoff.ms = 50
	request.timeout.ms = 5000
	retries = 2147483647
	retry.backoff.max.ms = 1000
	retry.backoff.ms = 100
	sasl.client.callback.handler.class = null
	sasl.jaas.config = null
	sasl.kerberos.kinit.cmd = /usr/bin/kinit
	sasl.kerberos.min.time.before.relogin = 60000
	sasl.kerberos.service.name = null
	sasl.kerberos.ticket.renew.jitter = 0.05
	sasl.kerberos.ticket.renew.window.factor = 0.8
	sasl.login.callback.handler.class = null
	sasl.login.class = null
	sasl.login.connect.timeout.ms = null
	sasl.login.read.timeout.ms = null
	sasl.login.refresh.buffer.seconds = 300
	sasl.login.refresh.min.period.seconds = 60
	sasl.login.refresh.window.factor = 0.8
	sasl.login.refresh.window.jitter = 0.05
	sasl.login.retry.backoff.max.ms = 10000
	sasl.login.retry.backoff.ms = 100
	sasl.mechanism = GSSAPI
	sasl.oauthbearer.clock.skew.seconds = 30
	sasl.oauthbearer.expected.audience = null
	sasl.oauthbearer.expected.issuer = null
	sasl.oauthbearer.header.urlencode = false
	sasl.oauthbearer.jwks.endpoint.refresh.ms = 3600000
	sasl.oauthbearer.jwks.endpoint.retry.backoff.max.ms = 10000
	sasl.oauthbearer.jwks.endpoint.retry.backoff.ms = 100
	sasl.oauthbearer.jwks.endpoint.url = null
	sasl.oauthbearer.scope.claim.name = scope
	sasl.oauthbearer.sub.claim.name = sub
	sasl.oauthbearer.token.endpoint.url = null
	security.protocol = PLAINTEXT
	security.providers = null
	send.buffer.bytes = 131072
	socket.connection.setup.timeout.max.ms = 30000
	socket.connection.setup.timeout.ms = 10000
	ssl.cipher.suites = null
	ssl.enabled.protocols = [TLSv1.2, TLSv1.3]
	ssl.endpoint.identification.algorithm = https
	ssl.engine.factory.class = null
	ssl.key.password = null
	ssl.keymanager.algorithm = SunX509
	ssl.keystore.certificate.chain = null
	ssl.keystore.key = null
	ssl.keystore.location = null
	ssl.keystore.password = null
	ssl.keystore.type = JKS
	ssl.protocol = TLSv1.3
	ssl.provider = null
	ssl.secure.random.implementation = null
	ssl.trustmanager.algorithm = PKIX
	ssl.truststore.certificates = null
	ssl.truststore.location = null
	ssl.truststore.password = null
	ssl.truststore.type = JKS
	transaction.timeout.ms = 60000
	transactional.id = null
	value.serializer = class io.apicurio.registry.serde.avro.AvroKafkaSerializer

2025-08-13 18:18:44,987 INFO  [org.apa.kaf.com.tel.int.KafkaMetricsCollector] (main) initializing Kafka metrics collector
2025-08-13 18:18:44,990 INFO  [org.apa.kaf.cli.pro.KafkaProducer] (main) [Producer clientId=Producer-topic-bec0bc13_2186_410c_99e7_4d55d4367605] Instantiated an idempotent producer.
2025-08-13 18:18:44,993 INFO  [org.apa.kaf.cli.pro.ProducerConfig] (main) These configurations '[apicurio.registry.find-latest, apicurio.registry.url, apicurio.registry.artifact-resolver-strategy]' were supplied but are not used yet.
2025-08-13 18:18:44,993 INFO  [org.apa.kaf.com.uti.AppInfoParser] (main) Kafka version: 3.9.1
2025-08-13 18:18:44,993 INFO  [org.apa.kaf.com.uti.AppInfoParser] (main) Kafka commitId: f745dfdcee2b9851
2025-08-13 18:18:44,993 INFO  [org.apa.kaf.com.uti.AppInfoParser] (main) Kafka startTimeMs: 1755109124993
2025-08-13 18:18:44,993 INFO  [io.api.tes.ser.api.SimpleSerdesTesterBuilder$SimpleSerdesTester] (main) Using producer configuration: {apicurio.registry.find-latest=true, apicurio.registry.url=http://registry-app-pg17.apps.ci419.apicurio-testing.org:80/apis/registry/v3, apicurio.registry.artifact-resolver-strategy=io.apicurio.registry.serde.avro.strategy.RecordIdStrategy, value.serializer=io.apicurio.registry.serde.avro.AvroKafkaSerializer, request.timeout.ms=5000, acks=all, bootstrap.servers=PLAINTEXT://localhost:32769, connections.max.idle.ms=10000, key.serializer=org.apache.kafka.common.serialization.StringSerializer, client.id=Producer-topic-bec0bc13_2186_410c_99e7_4d55d4367605}
2025-08-13 18:18:44,993 INFO  [io.api.tes.ser.api.SimpleSerdesTesterBuilder$SimpleSerdesTester] (main) Using consumer configuration: {}
2025-08-13 18:18:44,995 INFO  [io.api.tes.ser.api.KafkaSerdesTester] (Thread-627) Sending message {"key11755109123878": "value-0"} to topic topic-bec0bc13_2186_410c_99e7_4d55d4367605
2025-08-13 18:18:45,001 INFO  [org.apa.kaf.cli.Metadata] (kafka-producer-network-thread | Producer-topic-bec0bc13_2186_410c_99e7_4d55d4367605) [Producer clientId=Producer-topic-bec0bc13_2186_410c_99e7_4d55d4367605] Cluster ID: sAToZ0WATkWwuQb_OH8PpQ
2025-08-13 18:18:45,001 INFO  [org.apa.kaf.cli.pro.int.TransactionManager] (kafka-producer-network-thread | Producer-topic-bec0bc13_2186_410c_99e7_4d55d4367605) [Producer clientId=Producer-topic-bec0bc13_2186_410c_99e7_4d55d4367605] ProducerId set to 5 with epoch 0
2025-08-13 18:18:45,207 INFO  [io.api.tes.ser.api.KafkaSerdesTester] (Thread-627) Sending message {"key11755109123878": "value-1"} to topic topic-bec0bc13_2186_410c_99e7_4d55d4367605
2025-08-13 18:18:45,211 INFO  [io.api.tes.ser.api.KafkaSerdesTester] (Thread-627) Sending message {"key11755109123878": "value-2"} to topic topic-bec0bc13_2186_410c_99e7_4d55d4367605
2025-08-13 18:18:45,213 INFO  [io.api.tes.ser.api.KafkaSerdesTester] (Thread-627) Sending message {"key11755109123878": "value-3"} to topic topic-bec0bc13_2186_410c_99e7_4d55d4367605
2025-08-13 18:18:45,215 INFO  [io.api.tes.ser.api.KafkaSerdesTester] (Thread-627) Sending message {"key11755109123878": "value-4"} to topic topic-bec0bc13_2186_410c_99e7_4d55d4367605
2025-08-13 18:18:45,218 INFO  [io.api.tes.ser.api.KafkaSerdesTester] (Thread-627) Sending message {"key11755109123878": "value-5"} to topic topic-bec0bc13_2186_410c_99e7_4d55d4367605
2025-08-13 18:18:45,222 INFO  [io.api.tes.ser.api.KafkaSerdesTester] (Thread-627) Sending message {"key11755109123878": "value-6"} to topic topic-bec0bc13_2186_410c_99e7_4d55d4367605
2025-08-13 18:18:45,225 INFO  [io.api.tes.ser.api.KafkaSerdesTester] (Thread-627) Sending message {"key11755109123878": "value-7"} to topic topic-bec0bc13_2186_410c_99e7_4d55d4367605
2025-08-13 18:18:45,227 INFO  [io.api.tes.ser.api.KafkaSerdesTester] (Thread-627) Sending message {"key11755109123878": "value-8"} to topic topic-bec0bc13_2186_410c_99e7_4d55d4367605
2025-08-13 18:18:45,229 INFO  [io.api.tes.ser.api.KafkaSerdesTester] (Thread-627) Sending message {"key11755109123878": "value-9"} to topic topic-bec0bc13_2186_410c_99e7_4d55d4367605
2025-08-13 18:18:45,231 INFO  [io.api.tes.ser.api.KafkaSerdesTester] (Thread-627) Produced 10 messages
2025-08-13 18:18:45,231 INFO  [org.apa.kaf.cli.pro.KafkaProducer] (Thread-627) [Producer clientId=Producer-topic-bec0bc13_2186_410c_99e7_4d55d4367605] Closing the Kafka producer with timeoutMillis = 9223372036854775807 ms.
2025-08-13 18:18:45,234 INFO  [org.apa.kaf.com.met.Metrics] (Thread-627) Metrics scheduler closed
2025-08-13 18:18:45,236 INFO  [org.apa.kaf.com.met.Metrics] (Thread-627) Closing reporter org.apache.kafka.common.metrics.JmxReporter
2025-08-13 18:18:45,236 INFO  [org.apa.kaf.com.met.Metrics] (Thread-627) Closing reporter org.apache.kafka.common.telemetry.internals.ClientTelemetryReporter
2025-08-13 18:18:45,236 INFO  [org.apa.kaf.com.met.Metrics] (Thread-627) Metrics reporters closed
2025-08-13 18:18:45,236 INFO  [org.apa.kaf.com.uti.AppInfoParser] (Thread-627) App info kafka.producer for Producer-topic-bec0bc13_2186_410c_99e7_4d55d4367605 unregistered
**** Registry Base URL: http://registry-app-pg17.apps.ci419.apicurio-testing.org:80
2025-08-13 18:18:45,237 INFO  [org.apa.kaf.cli.con.ConsumerConfig] (main) ConsumerConfig values: 
	allow.auto.create.topics = true
	auto.commit.interval.ms = 500
	auto.include.jmx.reporter = true
	auto.offset.reset = earliest
	bootstrap.servers = [PLAINTEXT://localhost:32769]
	check.crcs = true
	client.dns.lookup = use_all_dns_ips
	client.id = consumer-Consumer-topic-bec0bc13_2186_410c_99e7_4d55d4367605-5
	client.rack = 
	connections.max.idle.ms = 10000
	default.api.timeout.ms = 60000
	enable.auto.commit = true
	enable.metrics.push = true
	exclude.internal.topics = true
	fetch.max.bytes = 52428800
	fetch.max.wait.ms = 500
	fetch.min.bytes = 1
	group.id = Consumer-topic-bec0bc13_2186_410c_99e7_4d55d4367605
	group.instance.id = null
	group.protocol = classic
	group.remote.assignor = null
	heartbeat.interval.ms = 3000
	interceptor.classes = []
	internal.leave.group.on.close = true
	internal.throw.on.fetch.stable.offset.unsupported = false
	isolation.level = read_uncommitted
	key.deserializer = class org.apache.kafka.common.serialization.StringDeserializer
	max.partition.fetch.bytes = 1048576
	max.poll.interval.ms = 300000
	max.poll.records = 500
	metadata.max.age.ms = 300000
	metadata.recovery.strategy = none
	metric.reporters = []
	metrics.num.samples = 2
	metrics.recording.level = INFO
	metrics.sample.window.ms = 30000
	partition.assignment.strategy = [class org.apache.kafka.clients.consumer.RangeAssignor, class org.apache.kafka.clients.consumer.CooperativeStickyAssignor]
	receive.buffer.bytes = 65536
	reconnect.backoff.max.ms = 1000
	reconnect.backoff.ms = 50
	request.timeout.ms = 5000
	retry.backoff.max.ms = 1000
	retry.backoff.ms = 100
	sasl.client.callback.handler.class = null
	sasl.jaas.config = null
	sasl.kerberos.kinit.cmd = /usr/bin/kinit
	sasl.kerberos.min.time.before.relogin = 60000
	sasl.kerberos.service.name = null
	sasl.kerberos.ticket.renew.jitter = 0.05
	sasl.kerberos.ticket.renew.window.factor = 0.8
	sasl.login.callback.handler.class = null
	sasl.login.class = null
	sasl.login.connect.timeout.ms = null
	sasl.login.read.timeout.ms = null
	sasl.login.refresh.buffer.seconds = 300
	sasl.login.refresh.min.period.seconds = 60
	sasl.login.refresh.window.factor = 0.8
	sasl.login.refresh.window.jitter = 0.05
	sasl.login.retry.backoff.max.ms = 10000
	sasl.login.retry.backoff.ms = 100
	sasl.mechanism = GSSAPI
	sasl.oauthbearer.clock.skew.seconds = 30
	sasl.oauthbearer.expected.audience = null
	sasl.oauthbearer.expected.issuer = null
	sasl.oauthbearer.header.urlencode = false
	sasl.oauthbearer.jwks.endpoint.refresh.ms = 3600000
	sasl.oauthbearer.jwks.endpoint.retry.backoff.max.ms = 10000
	sasl.oauthbearer.jwks.endpoint.retry.backoff.ms = 100
	sasl.oauthbearer.jwks.endpoint.url = null
	sasl.oauthbearer.scope.claim.name = scope
	sasl.oauthbearer.sub.claim.name = sub
	sasl.oauthbearer.token.endpoint.url = null
	security.protocol = PLAINTEXT
	security.providers = null
	send.buffer.bytes = 131072
	session.timeout.ms = 45000
	socket.connection.setup.timeout.max.ms = 30000
	socket.connection.setup.timeout.ms = 10000
	ssl.cipher.suites = null
	ssl.enabled.protocols = [TLSv1.2, TLSv1.3]
	ssl.endpoint.identification.algorithm = https
	ssl.engine.factory.class = null
	ssl.key.password = null
	ssl.keymanager.algorithm = SunX509
	ssl.keystore.certificate.chain = null
	ssl.keystore.key = null
	ssl.keystore.location = null
	ssl.keystore.password = null
	ssl.keystore.type = JKS
	ssl.protocol = TLSv1.3
	ssl.provider = null
	ssl.secure.random.implementation = null
	ssl.trustmanager.algorithm = PKIX
	ssl.truststore.certificates = null
	ssl.truststore.location = null
	ssl.truststore.password = null
	ssl.truststore.type = JKS
	value.deserializer = class io.apicurio.registry.serde.avro.AvroKafkaDeserializer

2025-08-13 18:18:45,237 INFO  [org.apa.kaf.com.tel.int.KafkaMetricsCollector] (main) initializing Kafka metrics collector
2025-08-13 18:18:45,245 INFO  [org.apa.kaf.cli.con.ConsumerConfig] (main) These configurations '[apicurio.registry.url]' were supplied but are not used yet.
2025-08-13 18:18:45,245 INFO  [org.apa.kaf.com.uti.AppInfoParser] (main) Kafka version: 3.9.1
2025-08-13 18:18:45,245 INFO  [org.apa.kaf.com.uti.AppInfoParser] (main) Kafka commitId: f745dfdcee2b9851
2025-08-13 18:18:45,245 INFO  [org.apa.kaf.com.uti.AppInfoParser] (main) Kafka startTimeMs: 1755109125245
2025-08-13 18:18:45,246 INFO  [org.apa.kaf.cli.con.int.ClassicKafkaConsumer] (Thread-630) [Consumer clientId=consumer-Consumer-topic-bec0bc13_2186_410c_99e7_4d55d4367605-5, groupId=Consumer-topic-bec0bc13_2186_410c_99e7_4d55d4367605] Subscribed to topic(s): topic-bec0bc13_2186_410c_99e7_4d55d4367605
2025-08-13 18:18:45,252 INFO  [org.apa.kaf.cli.Metadata] (Thread-630) [Consumer clientId=consumer-Consumer-topic-bec0bc13_2186_410c_99e7_4d55d4367605-5, groupId=Consumer-topic-bec0bc13_2186_410c_99e7_4d55d4367605] Cluster ID: sAToZ0WATkWwuQb_OH8PpQ
2025-08-13 18:18:45,258 INFO  [org.apa.kaf.cli.con.int.ConsumerCoordinator] (Thread-630) [Consumer clientId=consumer-Consumer-topic-bec0bc13_2186_410c_99e7_4d55d4367605-5, groupId=Consumer-topic-bec0bc13_2186_410c_99e7_4d55d4367605] Discovered group coordinator localhost:32769 (id: 2147483647 rack: null)
2025-08-13 18:18:45,259 INFO  [org.apa.kaf.cli.con.int.ConsumerCoordinator] (Thread-630) [Consumer clientId=consumer-Consumer-topic-bec0bc13_2186_410c_99e7_4d55d4367605-5, groupId=Consumer-topic-bec0bc13_2186_410c_99e7_4d55d4367605] (Re-)joining group
2025-08-13 18:18:45,264 INFO  [org.apa.kaf.cli.con.int.ConsumerCoordinator] (Thread-630) [Consumer clientId=consumer-Consumer-topic-bec0bc13_2186_410c_99e7_4d55d4367605-5, groupId=Consumer-topic-bec0bc13_2186_410c_99e7_4d55d4367605] Request joining group due to: need to re-join with the given member-id: consumer-Consumer-topic-bec0bc13_2186_410c_99e7_4d55d4367605-5-b2b294d5-8926-4546-9beb-e8519f15440a
2025-08-13 18:18:45,265 INFO  [org.apa.kaf.cli.con.int.ConsumerCoordinator] (Thread-630) [Consumer clientId=consumer-Consumer-topic-bec0bc13_2186_410c_99e7_4d55d4367605-5, groupId=Consumer-topic-bec0bc13_2186_410c_99e7_4d55d4367605] (Re-)joining group
2025-08-13 18:18:46,246 INFO  [io.api.tes.ser.api.KafkaSerdesTester] (Thread-630) None found
2025-08-13 18:18:47,247 INFO  [io.api.tes.ser.api.KafkaSerdesTester] (Thread-630) None found
2025-08-13 18:18:48,248 INFO  [io.api.tes.ser.api.KafkaSerdesTester] (Thread-630) None found
2025-08-13 18:18:48,268 INFO  [org.apa.kaf.cli.con.int.ConsumerCoordinator] (Thread-630) [Consumer clientId=consumer-Consumer-topic-bec0bc13_2186_410c_99e7_4d55d4367605-5, groupId=Consumer-topic-bec0bc13_2186_410c_99e7_4d55d4367605] Successfully joined group with generation Generation{generationId=1, memberId='consumer-Consumer-topic-bec0bc13_2186_410c_99e7_4d55d4367605-5-b2b294d5-8926-4546-9beb-e8519f15440a', protocol='range'}
2025-08-13 18:18:48,269 INFO  [org.apa.kaf.cli.con.int.ConsumerCoordinator] (Thread-630) [Consumer clientId=consumer-Consumer-topic-bec0bc13_2186_410c_99e7_4d55d4367605-5, groupId=Consumer-topic-bec0bc13_2186_410c_99e7_4d55d4367605] Finished assignment for group at generation 1: {consumer-Consumer-topic-bec0bc13_2186_410c_99e7_4d55d4367605-5-b2b294d5-8926-4546-9beb-e8519f15440a=Assignment(partitions=[topic-bec0bc13_2186_410c_99e7_4d55d4367605-0])}
2025-08-13 18:18:48,277 INFO  [org.apa.kaf.cli.con.int.ConsumerCoordinator] (Thread-630) [Consumer clientId=consumer-Consumer-topic-bec0bc13_2186_410c_99e7_4d55d4367605-5, groupId=Consumer-topic-bec0bc13_2186_410c_99e7_4d55d4367605] Successfully synced group in generation Generation{generationId=1, memberId='consumer-Consumer-topic-bec0bc13_2186_410c_99e7_4d55d4367605-5-b2b294d5-8926-4546-9beb-e8519f15440a', protocol='range'}
2025-08-13 18:18:48,277 INFO  [org.apa.kaf.cli.con.int.ConsumerCoordinator] (Thread-630) [Consumer clientId=consumer-Consumer-topic-bec0bc13_2186_410c_99e7_4d55d4367605-5, groupId=Consumer-topic-bec0bc13_2186_410c_99e7_4d55d4367605] Notifying assignor about the new Assignment(partitions=[topic-bec0bc13_2186_410c_99e7_4d55d4367605-0])
2025-08-13 18:18:48,277 INFO  [org.apa.kaf.cli.con.int.ConsumerRebalanceListenerInvoker] (Thread-630) [Consumer clientId=consumer-Consumer-topic-bec0bc13_2186_410c_99e7_4d55d4367605-5, groupId=Consumer-topic-bec0bc13_2186_410c_99e7_4d55d4367605] Adding newly assigned partitions: topic-bec0bc13_2186_410c_99e7_4d55d4367605-0
2025-08-13 18:18:48,278 INFO  [org.apa.kaf.cli.con.int.ConsumerCoordinator] (Thread-630) [Consumer clientId=consumer-Consumer-topic-bec0bc13_2186_410c_99e7_4d55d4367605-5, groupId=Consumer-topic-bec0bc13_2186_410c_99e7_4d55d4367605] Found no committed offset for partition topic-bec0bc13_2186_410c_99e7_4d55d4367605-0
2025-08-13 18:18:48,286 INFO  [org.apa.kaf.cli.con.int.SubscriptionState] (Thread-630) [Consumer clientId=consumer-Consumer-topic-bec0bc13_2186_410c_99e7_4d55d4367605-5, groupId=Consumer-topic-bec0bc13_2186_410c_99e7_4d55d4367605] Resetting offset for partition topic-bec0bc13_2186_410c_99e7_4d55d4367605-0 to position FetchPosition{offset=0, offsetEpoch=Optional.empty, currentLeader=LeaderAndEpoch{leader=Optional[localhost:32769 (id: 0 rack: null)], epoch=0}}.
2025-08-13 18:18:48,411 INFO  [io.api.tes.ser.api.KafkaSerdesTester] (Thread-630) topic-bec0bc13_2186_410c_99e7_4d55d4367605 0 0 {"key11755109123878": "value-0"}
2025-08-13 18:18:48,411 INFO  [io.api.tes.ser.api.KafkaSerdesTester] (Thread-630) topic-bec0bc13_2186_410c_99e7_4d55d4367605 0 1 {"key11755109123878": "value-1"}
2025-08-13 18:18:48,411 INFO  [io.api.tes.ser.api.KafkaSerdesTester] (Thread-630) topic-bec0bc13_2186_410c_99e7_4d55d4367605 0 2 {"key11755109123878": "value-2"}
2025-08-13 18:18:48,411 INFO  [io.api.tes.ser.api.KafkaSerdesTester] (Thread-630) topic-bec0bc13_2186_410c_99e7_4d55d4367605 0 3 {"key11755109123878": "value-3"}
2025-08-13 18:18:48,411 INFO  [io.api.tes.ser.api.KafkaSerdesTester] (Thread-630) topic-bec0bc13_2186_410c_99e7_4d55d4367605 0 4 {"key11755109123878": "value-4"}
2025-08-13 18:18:48,411 INFO  [io.api.tes.ser.api.KafkaSerdesTester] (Thread-630) topic-bec0bc13_2186_410c_99e7_4d55d4367605 0 5 {"key11755109123878": "value-5"}
2025-08-13 18:18:48,411 INFO  [io.api.tes.ser.api.KafkaSerdesTester] (Thread-630) topic-bec0bc13_2186_410c_99e7_4d55d4367605 0 6 {"key11755109123878": "value-6"}
2025-08-13 18:18:48,411 INFO  [io.api.tes.ser.api.KafkaSerdesTester] (Thread-630) topic-bec0bc13_2186_410c_99e7_4d55d4367605 0 7 {"key11755109123878": "value-7"}
2025-08-13 18:18:48,411 INFO  [io.api.tes.ser.api.KafkaSerdesTester] (Thread-630) topic-bec0bc13_2186_410c_99e7_4d55d4367605 0 8 {"key11755109123878": "value-8"}
2025-08-13 18:18:48,411 INFO  [io.api.tes.ser.api.KafkaSerdesTester] (Thread-630) topic-bec0bc13_2186_410c_99e7_4d55d4367605 0 9 {"key11755109123878": "value-9"}
2025-08-13 18:18:48,412 INFO  [io.api.tes.ser.api.KafkaSerdesTester] (Thread-630) Consumed 10 messages
2025-08-13 18:18:48,419 INFO  [org.apa.kaf.cli.con.int.ConsumerRebalanceListenerInvoker] (Thread-630) [Consumer clientId=consumer-Consumer-topic-bec0bc13_2186_410c_99e7_4d55d4367605-5, groupId=Consumer-topic-bec0bc13_2186_410c_99e7_4d55d4367605] Revoke previously assigned partitions topic-bec0bc13_2186_410c_99e7_4d55d4367605-0
2025-08-13 18:18:48,419 INFO  [org.apa.kaf.cli.con.int.ConsumerCoordinator] (Thread-630) [Consumer clientId=consumer-Consumer-topic-bec0bc13_2186_410c_99e7_4d55d4367605-5, groupId=Consumer-topic-bec0bc13_2186_410c_99e7_4d55d4367605] Member consumer-Consumer-topic-bec0bc13_2186_410c_99e7_4d55d4367605-5-b2b294d5-8926-4546-9beb-e8519f15440a sending LeaveGroup request to coordinator localhost:32769 (id: 2147483647 rack: null) due to the consumer is being closed
2025-08-13 18:18:48,419 INFO  [org.apa.kaf.cli.con.int.ConsumerCoordinator] (Thread-630) [Consumer clientId=consumer-Consumer-topic-bec0bc13_2186_410c_99e7_4d55d4367605-5, groupId=Consumer-topic-bec0bc13_2186_410c_99e7_4d55d4367605] Resetting generation and member id due to: consumer pro-actively leaving the group
2025-08-13 18:18:48,419 INFO  [org.apa.kaf.cli.con.int.ConsumerCoordinator] (Thread-630) [Consumer clientId=consumer-Consumer-topic-bec0bc13_2186_410c_99e7_4d55d4367605-5, groupId=Consumer-topic-bec0bc13_2186_410c_99e7_4d55d4367605] Request joining group due to: consumer pro-actively leaving the group
2025-08-13 18:18:48,914 INFO  [org.apa.kaf.com.met.Metrics] (Thread-630) Metrics scheduler closed
2025-08-13 18:18:48,914 INFO  [org.apa.kaf.com.met.Metrics] (Thread-630) Closing reporter org.apache.kafka.common.metrics.JmxReporter
2025-08-13 18:18:48,914 INFO  [org.apa.kaf.com.met.Metrics] (Thread-630) Closing reporter org.apache.kafka.common.telemetry.internals.ClientTelemetryReporter
2025-08-13 18:18:48,914 INFO  [org.apa.kaf.com.met.Metrics] (Thread-630) Metrics reporters closed
2025-08-13 18:18:48,916 INFO  [org.apa.kaf.com.uti.AppInfoParser] (Thread-630) App info kafka.consumer for consumer-Consumer-topic-bec0bc13_2186_410c_99e7_4d55d4367605-5 unregistered
2025-08-13 18:18:48,917 INFO  [io.api.tes.uti.TestSeparator] (main) io.apicurio.tests.serdes.apicurio.AvroSerdeIT.testRecordIdStrategydFindLatest-FINISHED
2025-08-13 18:18:48,917 INFO  [io.api.tes.uti.TestSeparator] (main) ############################################################################
Test passed: testRecordIdStrategydFindLatest
]]></system-out>
  </testcase>
  <testcase name="testReflectAutoRegister" classname="io.apicurio.tests.serdes.apicurio.AvroSerdeIT" time="4.095">
    <system-out><![CDATA[2025-08-13 18:18:48,922 INFO  [io.api.tes.uti.TestSeparator] (main) ############################################################################
2025-08-13 18:18:48,922 INFO  [io.api.tes.uti.TestSeparator] (main) io.apicurio.tests.serdes.apicurio.AvroSerdeIT.testReflectAutoRegister-STARTED
**** Registry Base URL: http://registry-app-pg17.apps.ci419.apicurio-testing.org:80
2025-08-13 18:18:48,924 INFO  [org.apa.kaf.cli.pro.ProducerConfig] (main) ProducerConfig values: 
	acks = -1
	auto.include.jmx.reporter = true
	batch.size = 16384
	bootstrap.servers = [PLAINTEXT://localhost:32769]
	buffer.memory = 33554432
	client.dns.lookup = use_all_dns_ips
	client.id = Producer-topic-d8aa19e1_9bac_4243_bae0_57fe2e881e48
	compression.gzip.level = -1
	compression.lz4.level = 9
	compression.type = none
	compression.zstd.level = 3
	connections.max.idle.ms = 10000
	delivery.timeout.ms = 120000
	enable.idempotence = true
	enable.metrics.push = true
	interceptor.classes = []
	key.serializer = class org.apache.kafka.common.serialization.StringSerializer
	linger.ms = 0
	max.block.ms = 60000
	max.in.flight.requests.per.connection = 5
	max.request.size = 1048576
	metadata.max.age.ms = 300000
	metadata.max.idle.ms = 300000
	metadata.recovery.strategy = none
	metric.reporters = []
	metrics.num.samples = 2
	metrics.recording.level = INFO
	metrics.sample.window.ms = 30000
	partitioner.adaptive.partitioning.enable = true
	partitioner.availability.timeout.ms = 0
	partitioner.class = null
	partitioner.ignore.keys = false
	receive.buffer.bytes = 32768
	reconnect.backoff.max.ms = 1000
	reconnect.backoff.ms = 50
	request.timeout.ms = 5000
	retries = 2147483647
	retry.backoff.max.ms = 1000
	retry.backoff.ms = 100
	sasl.client.callback.handler.class = null
	sasl.jaas.config = null
	sasl.kerberos.kinit.cmd = /usr/bin/kinit
	sasl.kerberos.min.time.before.relogin = 60000
	sasl.kerberos.service.name = null
	sasl.kerberos.ticket.renew.jitter = 0.05
	sasl.kerberos.ticket.renew.window.factor = 0.8
	sasl.login.callback.handler.class = null
	sasl.login.class = null
	sasl.login.connect.timeout.ms = null
	sasl.login.read.timeout.ms = null
	sasl.login.refresh.buffer.seconds = 300
	sasl.login.refresh.min.period.seconds = 60
	sasl.login.refresh.window.factor = 0.8
	sasl.login.refresh.window.jitter = 0.05
	sasl.login.retry.backoff.max.ms = 10000
	sasl.login.retry.backoff.ms = 100
	sasl.mechanism = GSSAPI
	sasl.oauthbearer.clock.skew.seconds = 30
	sasl.oauthbearer.expected.audience = null
	sasl.oauthbearer.expected.issuer = null
	sasl.oauthbearer.header.urlencode = false
	sasl.oauthbearer.jwks.endpoint.refresh.ms = 3600000
	sasl.oauthbearer.jwks.endpoint.retry.backoff.max.ms = 10000
	sasl.oauthbearer.jwks.endpoint.retry.backoff.ms = 100
	sasl.oauthbearer.jwks.endpoint.url = null
	sasl.oauthbearer.scope.claim.name = scope
	sasl.oauthbearer.sub.claim.name = sub
	sasl.oauthbearer.token.endpoint.url = null
	security.protocol = PLAINTEXT
	security.providers = null
	send.buffer.bytes = 131072
	socket.connection.setup.timeout.max.ms = 30000
	socket.connection.setup.timeout.ms = 10000
	ssl.cipher.suites = null
	ssl.enabled.protocols = [TLSv1.2, TLSv1.3]
	ssl.endpoint.identification.algorithm = https
	ssl.engine.factory.class = null
	ssl.key.password = null
	ssl.keymanager.algorithm = SunX509
	ssl.keystore.certificate.chain = null
	ssl.keystore.key = null
	ssl.keystore.location = null
	ssl.keystore.password = null
	ssl.keystore.type = JKS
	ssl.protocol = TLSv1.3
	ssl.provider = null
	ssl.secure.random.implementation = null
	ssl.trustmanager.algorithm = PKIX
	ssl.truststore.certificates = null
	ssl.truststore.location = null
	ssl.truststore.password = null
	ssl.truststore.type = JKS
	transaction.timeout.ms = 60000
	transactional.id = null
	value.serializer = class io.apicurio.registry.serde.avro.AvroKafkaSerializer

2025-08-13 18:18:48,925 INFO  [org.apa.kaf.com.tel.int.KafkaMetricsCollector] (main) initializing Kafka metrics collector
2025-08-13 18:18:48,937 INFO  [org.apa.kaf.cli.pro.KafkaProducer] (main) [Producer clientId=Producer-topic-d8aa19e1_9bac_4243_bae0_57fe2e881e48] Instantiated an idempotent producer.
2025-08-13 18:18:48,942 INFO  [org.apa.kaf.cli.pro.ProducerConfig] (main) These configurations '[apicurio.registry.url, apicurio.registry.auto-register, apicurio.registry.artifact-resolver-strategy, apicurio.registry.avro-datum-provider]' were supplied but are not used yet.
2025-08-13 18:18:48,942 INFO  [org.apa.kaf.com.uti.AppInfoParser] (main) Kafka version: 3.9.1
2025-08-13 18:18:48,942 INFO  [org.apa.kaf.com.uti.AppInfoParser] (main) Kafka commitId: f745dfdcee2b9851
2025-08-13 18:18:48,943 INFO  [org.apa.kaf.com.uti.AppInfoParser] (main) Kafka startTimeMs: 1755109128942
2025-08-13 18:18:48,944 INFO  [io.api.tes.ser.api.SimpleSerdesTesterBuilder$SimpleSerdesTester] (main) Using producer configuration: {apicurio.registry.url=http://registry-app-pg17.apps.ci419.apicurio-testing.org:80/apis/registry/v3, apicurio.registry.auto-register=true, apicurio.registry.artifact-resolver-strategy=io.apicurio.registry.serde.strategy.TopicIdStrategy, value.serializer=io.apicurio.registry.serde.avro.AvroKafkaSerializer, request.timeout.ms=5000, acks=all, bootstrap.servers=PLAINTEXT://localhost:32769, connections.max.idle.ms=10000, key.serializer=org.apache.kafka.common.serialization.StringSerializer, apicurio.registry.avro-datum-provider=io.apicurio.registry.serde.avro.ReflectAvroDatumProvider, client.id=Producer-topic-d8aa19e1_9bac_4243_bae0_57fe2e881e48}
2025-08-13 18:18:48,944 INFO  [io.api.tes.ser.api.SimpleSerdesTesterBuilder$SimpleSerdesTester] (main) Using consumer configuration: {apicurio.registry.avro-datum-provider=io.apicurio.registry.serde.avro.ReflectAvroDatumProvider}
2025-08-13 18:18:48,944 INFO  [io.api.tes.ser.api.KafkaSerdesTester] (Thread-633) Sending message io.apicurio.tests.common.serdes.TestObject@3dbd29cb to topic topic-d8aa19e1_9bac_4243_bae0_57fe2e881e48
2025-08-13 18:18:48,948 WARN  [org.apa.kaf.cli.NetworkClient] (kafka-producer-network-thread | Producer-topic-d8aa19e1_9bac_4243_bae0_57fe2e881e48) [Producer clientId=Producer-topic-d8aa19e1_9bac_4243_bae0_57fe2e881e48] The metadata response from the cluster reported a recoverable issue with correlation id 1 : {topic-d8aa19e1_9bac_4243_bae0_57fe2e881e48=UNKNOWN_TOPIC_OR_PARTITION}
2025-08-13 18:18:48,948 INFO  [org.apa.kaf.cli.Metadata] (kafka-producer-network-thread | Producer-topic-d8aa19e1_9bac_4243_bae0_57fe2e881e48) [Producer clientId=Producer-topic-d8aa19e1_9bac_4243_bae0_57fe2e881e48] Cluster ID: sAToZ0WATkWwuQb_OH8PpQ
2025-08-13 18:18:48,949 INFO  [org.apa.kaf.cli.pro.int.TransactionManager] (kafka-producer-network-thread | Producer-topic-d8aa19e1_9bac_4243_bae0_57fe2e881e48) [Producer clientId=Producer-topic-d8aa19e1_9bac_4243_bae0_57fe2e881e48] ProducerId set to 6 with epoch 0
2025-08-13 18:18:49,172 INFO  [io.api.tes.ser.api.KafkaSerdesTester] (Thread-633) Sending message io.apicurio.tests.common.serdes.TestObject@3dbd29cb to topic topic-d8aa19e1_9bac_4243_bae0_57fe2e881e48
2025-08-13 18:18:49,175 INFO  [io.api.tes.ser.api.KafkaSerdesTester] (Thread-633) Sending message io.apicurio.tests.common.serdes.TestObject@3dbd29cb to topic topic-d8aa19e1_9bac_4243_bae0_57fe2e881e48
2025-08-13 18:18:49,177 INFO  [io.api.tes.ser.api.KafkaSerdesTester] (Thread-633) Sending message io.apicurio.tests.common.serdes.TestObject@3dbd29cb to topic topic-d8aa19e1_9bac_4243_bae0_57fe2e881e48
2025-08-13 18:18:49,181 INFO  [io.api.tes.ser.api.KafkaSerdesTester] (Thread-633) Sending message io.apicurio.tests.common.serdes.TestObject@3dbd29cb to topic topic-d8aa19e1_9bac_4243_bae0_57fe2e881e48
2025-08-13 18:18:49,184 INFO  [io.api.tes.ser.api.KafkaSerdesTester] (Thread-633) Sending message io.apicurio.tests.common.serdes.TestObject@3dbd29cb to topic topic-d8aa19e1_9bac_4243_bae0_57fe2e881e48
2025-08-13 18:18:49,186 INFO  [io.api.tes.ser.api.KafkaSerdesTester] (Thread-633) Sending message io.apicurio.tests.common.serdes.TestObject@3dbd29cb to topic topic-d8aa19e1_9bac_4243_bae0_57fe2e881e48
2025-08-13 18:18:49,189 INFO  [io.api.tes.ser.api.KafkaSerdesTester] (Thread-633) Sending message io.apicurio.tests.common.serdes.TestObject@3dbd29cb to topic topic-d8aa19e1_9bac_4243_bae0_57fe2e881e48
2025-08-13 18:18:49,191 INFO  [io.api.tes.ser.api.KafkaSerdesTester] (Thread-633) Sending message io.apicurio.tests.common.serdes.TestObject@3dbd29cb to topic topic-d8aa19e1_9bac_4243_bae0_57fe2e881e48
2025-08-13 18:18:49,193 INFO  [io.api.tes.ser.api.KafkaSerdesTester] (Thread-633) Sending message io.apicurio.tests.common.serdes.TestObject@3dbd29cb to topic topic-d8aa19e1_9bac_4243_bae0_57fe2e881e48
2025-08-13 18:18:49,195 INFO  [io.api.tes.ser.api.KafkaSerdesTester] (Thread-633) Produced 10 messages
2025-08-13 18:18:49,195 INFO  [org.apa.kaf.cli.pro.KafkaProducer] (Thread-633) [Producer clientId=Producer-topic-d8aa19e1_9bac_4243_bae0_57fe2e881e48] Closing the Kafka producer with timeoutMillis = 9223372036854775807 ms.
2025-08-13 18:18:49,220 INFO  [org.apa.kaf.com.met.Metrics] (Thread-633) Metrics scheduler closed
2025-08-13 18:18:49,220 INFO  [org.apa.kaf.com.met.Metrics] (Thread-633) Closing reporter org.apache.kafka.common.metrics.JmxReporter
2025-08-13 18:18:49,220 INFO  [org.apa.kaf.com.met.Metrics] (Thread-633) Closing reporter org.apache.kafka.common.telemetry.internals.ClientTelemetryReporter
2025-08-13 18:18:49,220 INFO  [org.apa.kaf.com.met.Metrics] (Thread-633) Metrics reporters closed
2025-08-13 18:18:49,220 INFO  [org.apa.kaf.com.uti.AppInfoParser] (Thread-633) App info kafka.producer for Producer-topic-d8aa19e1_9bac_4243_bae0_57fe2e881e48 unregistered
**** Registry Base URL: http://registry-app-pg17.apps.ci419.apicurio-testing.org:80
2025-08-13 18:18:49,314 INFO  [org.apa.kaf.cli.con.ConsumerConfig] (main) ConsumerConfig values: 
	allow.auto.create.topics = true
	auto.commit.interval.ms = 500
	auto.include.jmx.reporter = true
	auto.offset.reset = earliest
	bootstrap.servers = [PLAINTEXT://localhost:32769]
	check.crcs = true
	client.dns.lookup = use_all_dns_ips
	client.id = consumer-Consumer-topic-d8aa19e1_9bac_4243_bae0_57fe2e881e48-6
	client.rack = 
	connections.max.idle.ms = 10000
	default.api.timeout.ms = 60000
	enable.auto.commit = true
	enable.metrics.push = true
	exclude.internal.topics = true
	fetch.max.bytes = 52428800
	fetch.max.wait.ms = 500
	fetch.min.bytes = 1
	group.id = Consumer-topic-d8aa19e1_9bac_4243_bae0_57fe2e881e48
	group.instance.id = null
	group.protocol = classic
	group.remote.assignor = null
	heartbeat.interval.ms = 3000
	interceptor.classes = []
	internal.leave.group.on.close = true
	internal.throw.on.fetch.stable.offset.unsupported = false
	isolation.level = read_uncommitted
	key.deserializer = class org.apache.kafka.common.serialization.StringDeserializer
	max.partition.fetch.bytes = 1048576
	max.poll.interval.ms = 300000
	max.poll.records = 500
	metadata.max.age.ms = 300000
	metadata.recovery.strategy = none
	metric.reporters = []
	metrics.num.samples = 2
	metrics.recording.level = INFO
	metrics.sample.window.ms = 30000
	partition.assignment.strategy = [class org.apache.kafka.clients.consumer.RangeAssignor, class org.apache.kafka.clients.consumer.CooperativeStickyAssignor]
	receive.buffer.bytes = 65536
	reconnect.backoff.max.ms = 1000
	reconnect.backoff.ms = 50
	request.timeout.ms = 5000
	retry.backoff.max.ms = 1000
	retry.backoff.ms = 100
	sasl.client.callback.handler.class = null
	sasl.jaas.config = null
	sasl.kerberos.kinit.cmd = /usr/bin/kinit
	sasl.kerberos.min.time.before.relogin = 60000
	sasl.kerberos.service.name = null
	sasl.kerberos.ticket.renew.jitter = 0.05
	sasl.kerberos.ticket.renew.window.factor = 0.8
	sasl.login.callback.handler.class = null
	sasl.login.class = null
	sasl.login.connect.timeout.ms = null
	sasl.login.read.timeout.ms = null
	sasl.login.refresh.buffer.seconds = 300
	sasl.login.refresh.min.period.seconds = 60
	sasl.login.refresh.window.factor = 0.8
	sasl.login.refresh.window.jitter = 0.05
	sasl.login.retry.backoff.max.ms = 10000
	sasl.login.retry.backoff.ms = 100
	sasl.mechanism = GSSAPI
	sasl.oauthbearer.clock.skew.seconds = 30
	sasl.oauthbearer.expected.audience = null
	sasl.oauthbearer.expected.issuer = null
	sasl.oauthbearer.header.urlencode = false
	sasl.oauthbearer.jwks.endpoint.refresh.ms = 3600000
	sasl.oauthbearer.jwks.endpoint.retry.backoff.max.ms = 10000
	sasl.oauthbearer.jwks.endpoint.retry.backoff.ms = 100
	sasl.oauthbearer.jwks.endpoint.url = null
	sasl.oauthbearer.scope.claim.name = scope
	sasl.oauthbearer.sub.claim.name = sub
	sasl.oauthbearer.token.endpoint.url = null
	security.protocol = PLAINTEXT
	security.providers = null
	send.buffer.bytes = 131072
	session.timeout.ms = 45000
	socket.connection.setup.timeout.max.ms = 30000
	socket.connection.setup.timeout.ms = 10000
	ssl.cipher.suites = null
	ssl.enabled.protocols = [TLSv1.2, TLSv1.3]
	ssl.endpoint.identification.algorithm = https
	ssl.engine.factory.class = null
	ssl.key.password = null
	ssl.keymanager.algorithm = SunX509
	ssl.keystore.certificate.chain = null
	ssl.keystore.key = null
	ssl.keystore.location = null
	ssl.keystore.password = null
	ssl.keystore.type = JKS
	ssl.protocol = TLSv1.3
	ssl.provider = null
	ssl.secure.random.implementation = null
	ssl.trustmanager.algorithm = PKIX
	ssl.truststore.certificates = null
	ssl.truststore.location = null
	ssl.truststore.password = null
	ssl.truststore.type = JKS
	value.deserializer = class io.apicurio.registry.serde.avro.AvroKafkaDeserializer

2025-08-13 18:18:49,314 INFO  [org.apa.kaf.com.tel.int.KafkaMetricsCollector] (main) initializing Kafka metrics collector
2025-08-13 18:18:49,324 INFO  [org.apa.kaf.cli.con.ConsumerConfig] (main) These configurations '[apicurio.registry.url, apicurio.registry.avro-datum-provider]' were supplied but are not used yet.
2025-08-13 18:18:49,324 INFO  [org.apa.kaf.com.uti.AppInfoParser] (main) Kafka version: 3.9.1
2025-08-13 18:18:49,324 INFO  [org.apa.kaf.com.uti.AppInfoParser] (main) Kafka commitId: f745dfdcee2b9851
2025-08-13 18:18:49,324 INFO  [org.apa.kaf.com.uti.AppInfoParser] (main) Kafka startTimeMs: 1755109129324
2025-08-13 18:18:49,325 INFO  [org.apa.kaf.cli.con.int.ClassicKafkaConsumer] (Thread-636) [Consumer clientId=consumer-Consumer-topic-d8aa19e1_9bac_4243_bae0_57fe2e881e48-6, groupId=Consumer-topic-d8aa19e1_9bac_4243_bae0_57fe2e881e48] Subscribed to topic(s): topic-d8aa19e1_9bac_4243_bae0_57fe2e881e48
2025-08-13 18:18:49,330 INFO  [org.apa.kaf.cli.Metadata] (Thread-636) [Consumer clientId=consumer-Consumer-topic-d8aa19e1_9bac_4243_bae0_57fe2e881e48-6, groupId=Consumer-topic-d8aa19e1_9bac_4243_bae0_57fe2e881e48] Cluster ID: sAToZ0WATkWwuQb_OH8PpQ
2025-08-13 18:18:49,332 INFO  [org.apa.kaf.cli.con.int.ConsumerCoordinator] (Thread-636) [Consumer clientId=consumer-Consumer-topic-d8aa19e1_9bac_4243_bae0_57fe2e881e48-6, groupId=Consumer-topic-d8aa19e1_9bac_4243_bae0_57fe2e881e48] Discovered group coordinator localhost:32769 (id: 2147483647 rack: null)
2025-08-13 18:18:49,333 INFO  [org.apa.kaf.cli.con.int.ConsumerCoordinator] (Thread-636) [Consumer clientId=consumer-Consumer-topic-d8aa19e1_9bac_4243_bae0_57fe2e881e48-6, groupId=Consumer-topic-d8aa19e1_9bac_4243_bae0_57fe2e881e48] (Re-)joining group
2025-08-13 18:18:49,340 INFO  [org.apa.kaf.cli.con.int.ConsumerCoordinator] (Thread-636) [Consumer clientId=consumer-Consumer-topic-d8aa19e1_9bac_4243_bae0_57fe2e881e48-6, groupId=Consumer-topic-d8aa19e1_9bac_4243_bae0_57fe2e881e48] Request joining group due to: need to re-join with the given member-id: consumer-Consumer-topic-d8aa19e1_9bac_4243_bae0_57fe2e881e48-6-0fae8ca4-e60f-4862-b5a3-3df929316d7e
2025-08-13 18:18:49,340 INFO  [org.apa.kaf.cli.con.int.ConsumerCoordinator] (Thread-636) [Consumer clientId=consumer-Consumer-topic-d8aa19e1_9bac_4243_bae0_57fe2e881e48-6, groupId=Consumer-topic-d8aa19e1_9bac_4243_bae0_57fe2e881e48] (Re-)joining group
2025-08-13 18:18:50,325 INFO  [io.api.tes.ser.api.KafkaSerdesTester] (Thread-636) None found
2025-08-13 18:18:51,326 INFO  [io.api.tes.ser.api.KafkaSerdesTester] (Thread-636) None found
2025-08-13 18:18:52,326 INFO  [io.api.tes.ser.api.KafkaSerdesTester] (Thread-636) None found
2025-08-13 18:18:52,342 INFO  [org.apa.kaf.cli.con.int.ConsumerCoordinator] (Thread-636) [Consumer clientId=consumer-Consumer-topic-d8aa19e1_9bac_4243_bae0_57fe2e881e48-6, groupId=Consumer-topic-d8aa19e1_9bac_4243_bae0_57fe2e881e48] Successfully joined group with generation Generation{generationId=1, memberId='consumer-Consumer-topic-d8aa19e1_9bac_4243_bae0_57fe2e881e48-6-0fae8ca4-e60f-4862-b5a3-3df929316d7e', protocol='range'}
2025-08-13 18:18:52,343 INFO  [org.apa.kaf.cli.con.int.ConsumerCoordinator] (Thread-636) [Consumer clientId=consumer-Consumer-topic-d8aa19e1_9bac_4243_bae0_57fe2e881e48-6, groupId=Consumer-topic-d8aa19e1_9bac_4243_bae0_57fe2e881e48] Finished assignment for group at generation 1: {consumer-Consumer-topic-d8aa19e1_9bac_4243_bae0_57fe2e881e48-6-0fae8ca4-e60f-4862-b5a3-3df929316d7e=Assignment(partitions=[topic-d8aa19e1_9bac_4243_bae0_57fe2e881e48-0])}
2025-08-13 18:18:52,349 INFO  [org.apa.kaf.cli.con.int.ConsumerCoordinator] (Thread-636) [Consumer clientId=consumer-Consumer-topic-d8aa19e1_9bac_4243_bae0_57fe2e881e48-6, groupId=Consumer-topic-d8aa19e1_9bac_4243_bae0_57fe2e881e48] Successfully synced group in generation Generation{generationId=1, memberId='consumer-Consumer-topic-d8aa19e1_9bac_4243_bae0_57fe2e881e48-6-0fae8ca4-e60f-4862-b5a3-3df929316d7e', protocol='range'}
2025-08-13 18:18:52,350 INFO  [org.apa.kaf.cli.con.int.ConsumerCoordinator] (Thread-636) [Consumer clientId=consumer-Consumer-topic-d8aa19e1_9bac_4243_bae0_57fe2e881e48-6, groupId=Consumer-topic-d8aa19e1_9bac_4243_bae0_57fe2e881e48] Notifying assignor about the new Assignment(partitions=[topic-d8aa19e1_9bac_4243_bae0_57fe2e881e48-0])
2025-08-13 18:18:52,350 INFO  [org.apa.kaf.cli.con.int.ConsumerRebalanceListenerInvoker] (Thread-636) [Consumer clientId=consumer-Consumer-topic-d8aa19e1_9bac_4243_bae0_57fe2e881e48-6, groupId=Consumer-topic-d8aa19e1_9bac_4243_bae0_57fe2e881e48] Adding newly assigned partitions: topic-d8aa19e1_9bac_4243_bae0_57fe2e881e48-0
2025-08-13 18:18:52,352 INFO  [org.apa.kaf.cli.con.int.ConsumerCoordinator] (Thread-636) [Consumer clientId=consumer-Consumer-topic-d8aa19e1_9bac_4243_bae0_57fe2e881e48-6, groupId=Consumer-topic-d8aa19e1_9bac_4243_bae0_57fe2e881e48] Found no committed offset for partition topic-d8aa19e1_9bac_4243_bae0_57fe2e881e48-0
2025-08-13 18:18:52,355 INFO  [org.apa.kaf.cli.con.int.SubscriptionState] (Thread-636) [Consumer clientId=consumer-Consumer-topic-d8aa19e1_9bac_4243_bae0_57fe2e881e48-6, groupId=Consumer-topic-d8aa19e1_9bac_4243_bae0_57fe2e881e48] Resetting offset for partition topic-d8aa19e1_9bac_4243_bae0_57fe2e881e48-0 to position FetchPosition{offset=0, offsetEpoch=Optional.empty, currentLeader=LeaderAndEpoch{leader=Optional[localhost:32769 (id: 0 rack: null)], epoch=0}}.
2025-08-13 18:18:52,506 INFO  [io.api.tes.ser.api.KafkaSerdesTester] (Thread-636) topic-d8aa19e1_9bac_4243_bae0_57fe2e881e48 0 0 io.apicurio.tests.common.serdes.TestObject@3dbd29cb
2025-08-13 18:18:52,506 INFO  [io.api.tes.ser.api.KafkaSerdesTester] (Thread-636) topic-d8aa19e1_9bac_4243_bae0_57fe2e881e48 0 1 io.apicurio.tests.common.serdes.TestObject@3dbd29cb
2025-08-13 18:18:52,506 INFO  [io.api.tes.ser.api.KafkaSerdesTester] (Thread-636) topic-d8aa19e1_9bac_4243_bae0_57fe2e881e48 0 2 io.apicurio.tests.common.serdes.TestObject@3dbd29cb
2025-08-13 18:18:52,506 INFO  [io.api.tes.ser.api.KafkaSerdesTester] (Thread-636) topic-d8aa19e1_9bac_4243_bae0_57fe2e881e48 0 3 io.apicurio.tests.common.serdes.TestObject@3dbd29cb
2025-08-13 18:18:52,506 INFO  [io.api.tes.ser.api.KafkaSerdesTester] (Thread-636) topic-d8aa19e1_9bac_4243_bae0_57fe2e881e48 0 4 io.apicurio.tests.common.serdes.TestObject@3dbd29cb
2025-08-13 18:18:52,506 INFO  [io.api.tes.ser.api.KafkaSerdesTester] (Thread-636) topic-d8aa19e1_9bac_4243_bae0_57fe2e881e48 0 5 io.apicurio.tests.common.serdes.TestObject@3dbd29cb
2025-08-13 18:18:52,506 INFO  [io.api.tes.ser.api.KafkaSerdesTester] (Thread-636) topic-d8aa19e1_9bac_4243_bae0_57fe2e881e48 0 6 io.apicurio.tests.common.serdes.TestObject@3dbd29cb
2025-08-13 18:18:52,506 INFO  [io.api.tes.ser.api.KafkaSerdesTester] (Thread-636) topic-d8aa19e1_9bac_4243_bae0_57fe2e881e48 0 7 io.apicurio.tests.common.serdes.TestObject@3dbd29cb
2025-08-13 18:18:52,506 INFO  [io.api.tes.ser.api.KafkaSerdesTester] (Thread-636) topic-d8aa19e1_9bac_4243_bae0_57fe2e881e48 0 8 io.apicurio.tests.common.serdes.TestObject@3dbd29cb
2025-08-13 18:18:52,506 INFO  [io.api.tes.ser.api.KafkaSerdesTester] (Thread-636) topic-d8aa19e1_9bac_4243_bae0_57fe2e881e48 0 9 io.apicurio.tests.common.serdes.TestObject@3dbd29cb
2025-08-13 18:18:52,506 INFO  [io.api.tes.ser.api.KafkaSerdesTester] (Thread-636) Consumed 10 messages
2025-08-13 18:18:52,514 INFO  [org.apa.kaf.cli.con.int.ConsumerRebalanceListenerInvoker] (Thread-636) [Consumer clientId=consumer-Consumer-topic-d8aa19e1_9bac_4243_bae0_57fe2e881e48-6, groupId=Consumer-topic-d8aa19e1_9bac_4243_bae0_57fe2e881e48] Revoke previously assigned partitions topic-d8aa19e1_9bac_4243_bae0_57fe2e881e48-0
2025-08-13 18:18:52,514 INFO  [org.apa.kaf.cli.con.int.ConsumerCoordinator] (Thread-636) [Consumer clientId=consumer-Consumer-topic-d8aa19e1_9bac_4243_bae0_57fe2e881e48-6, groupId=Consumer-topic-d8aa19e1_9bac_4243_bae0_57fe2e881e48] Member consumer-Consumer-topic-d8aa19e1_9bac_4243_bae0_57fe2e881e48-6-0fae8ca4-e60f-4862-b5a3-3df929316d7e sending LeaveGroup request to coordinator localhost:32769 (id: 2147483647 rack: null) due to the consumer is being closed
2025-08-13 18:18:52,514 INFO  [org.apa.kaf.cli.con.int.ConsumerCoordinator] (Thread-636) [Consumer clientId=consumer-Consumer-topic-d8aa19e1_9bac_4243_bae0_57fe2e881e48-6, groupId=Consumer-topic-d8aa19e1_9bac_4243_bae0_57fe2e881e48] Resetting generation and member id due to: consumer pro-actively leaving the group
2025-08-13 18:18:52,515 INFO  [org.apa.kaf.cli.con.int.ConsumerCoordinator] (Thread-636) [Consumer clientId=consumer-Consumer-topic-d8aa19e1_9bac_4243_bae0_57fe2e881e48-6, groupId=Consumer-topic-d8aa19e1_9bac_4243_bae0_57fe2e881e48] Request joining group due to: consumer pro-actively leaving the group
2025-08-13 18:18:53,010 INFO  [org.apa.kaf.com.met.Metrics] (Thread-636) Metrics scheduler closed
2025-08-13 18:18:53,010 INFO  [org.apa.kaf.com.met.Metrics] (Thread-636) Closing reporter org.apache.kafka.common.metrics.JmxReporter
2025-08-13 18:18:53,010 INFO  [org.apa.kaf.com.met.Metrics] (Thread-636) Closing reporter org.apache.kafka.common.telemetry.internals.ClientTelemetryReporter
2025-08-13 18:18:53,010 INFO  [org.apa.kaf.com.met.Metrics] (Thread-636) Metrics reporters closed
2025-08-13 18:18:53,013 INFO  [org.apa.kaf.com.uti.AppInfoParser] (Thread-636) App info kafka.consumer for consumer-Consumer-topic-d8aa19e1_9bac_4243_bae0_57fe2e881e48-6 unregistered
2025-08-13 18:18:53,014 INFO  [io.api.tes.uti.TestSeparator] (main) io.apicurio.tests.serdes.apicurio.AvroSerdeIT.testReflectAutoRegister-FINISHED
2025-08-13 18:18:53,014 INFO  [io.api.tes.uti.TestSeparator] (main) ############################################################################
Test passed: testReflectAutoRegister
]]></system-out>
  </testcase>
  <testcase name="testArtifactNotFound" classname="io.apicurio.tests.serdes.apicurio.AvroSerdeIT" time="0.299">
    <system-out><![CDATA[2025-08-13 18:18:53,017 INFO  [io.api.tes.uti.TestSeparator] (main) ############################################################################
2025-08-13 18:18:53,017 INFO  [io.api.tes.uti.TestSeparator] (main) io.apicurio.tests.serdes.apicurio.AvroSerdeIT.testArtifactNotFound-STARTED
**** Registry Base URL: http://registry-app-pg17.apps.ci419.apicurio-testing.org:80
2025-08-13 18:18:53,023 INFO  [org.apa.kaf.cli.pro.ProducerConfig] (main) ProducerConfig values: 
	acks = -1
	auto.include.jmx.reporter = true
	batch.size = 16384
	bootstrap.servers = [PLAINTEXT://localhost:32769]
	buffer.memory = 33554432
	client.dns.lookup = use_all_dns_ips
	client.id = Producer-s722adf4axa891x44f7xbf45x5b66474397a1
	compression.gzip.level = -1
	compression.lz4.level = 9
	compression.type = none
	compression.zstd.level = 3
	connections.max.idle.ms = 10000
	delivery.timeout.ms = 120000
	enable.idempotence = true
	enable.metrics.push = true
	interceptor.classes = []
	key.serializer = class org.apache.kafka.common.serialization.StringSerializer
	linger.ms = 0
	max.block.ms = 60000
	max.in.flight.requests.per.connection = 5
	max.request.size = 1048576
	metadata.max.age.ms = 300000
	metadata.max.idle.ms = 300000
	metadata.recovery.strategy = none
	metric.reporters = []
	metrics.num.samples = 2
	metrics.recording.level = INFO
	metrics.sample.window.ms = 30000
	partitioner.adaptive.partitioning.enable = true
	partitioner.availability.timeout.ms = 0
	partitioner.class = null
	partitioner.ignore.keys = false
	receive.buffer.bytes = 32768
	reconnect.backoff.max.ms = 1000
	reconnect.backoff.ms = 50
	request.timeout.ms = 5000
	retries = 2147483647
	retry.backoff.max.ms = 1000
	retry.backoff.ms = 100
	sasl.client.callback.handler.class = null
	sasl.jaas.config = null
	sasl.kerberos.kinit.cmd = /usr/bin/kinit
	sasl.kerberos.min.time.before.relogin = 60000
	sasl.kerberos.service.name = null
	sasl.kerberos.ticket.renew.jitter = 0.05
	sasl.kerberos.ticket.renew.window.factor = 0.8
	sasl.login.callback.handler.class = null
	sasl.login.class = null
	sasl.login.connect.timeout.ms = null
	sasl.login.read.timeout.ms = null
	sasl.login.refresh.buffer.seconds = 300
	sasl.login.refresh.min.period.seconds = 60
	sasl.login.refresh.window.factor = 0.8
	sasl.login.refresh.window.jitter = 0.05
	sasl.login.retry.backoff.max.ms = 10000
	sasl.login.retry.backoff.ms = 100
	sasl.mechanism = GSSAPI
	sasl.oauthbearer.clock.skew.seconds = 30
	sasl.oauthbearer.expected.audience = null
	sasl.oauthbearer.expected.issuer = null
	sasl.oauthbearer.header.urlencode = false
	sasl.oauthbearer.jwks.endpoint.refresh.ms = 3600000
	sasl.oauthbearer.jwks.endpoint.retry.backoff.max.ms = 10000
	sasl.oauthbearer.jwks.endpoint.retry.backoff.ms = 100
	sasl.oauthbearer.jwks.endpoint.url = null
	sasl.oauthbearer.scope.claim.name = scope
	sasl.oauthbearer.sub.claim.name = sub
	sasl.oauthbearer.token.endpoint.url = null
	security.protocol = PLAINTEXT
	security.providers = null
	send.buffer.bytes = 131072
	socket.connection.setup.timeout.max.ms = 30000
	socket.connection.setup.timeout.ms = 10000
	ssl.cipher.suites = null
	ssl.enabled.protocols = [TLSv1.2, TLSv1.3]
	ssl.endpoint.identification.algorithm = https
	ssl.engine.factory.class = null
	ssl.key.password = null
	ssl.keymanager.algorithm = SunX509
	ssl.keystore.certificate.chain = null
	ssl.keystore.key = null
	ssl.keystore.location = null
	ssl.keystore.password = null
	ssl.keystore.type = JKS
	ssl.protocol = TLSv1.3
	ssl.provider = null
	ssl.secure.random.implementation = null
	ssl.trustmanager.algorithm = PKIX
	ssl.truststore.certificates = null
	ssl.truststore.location = null
	ssl.truststore.password = null
	ssl.truststore.type = JKS
	transaction.timeout.ms = 60000
	transactional.id = null
	value.serializer = class io.apicurio.registry.serde.avro.AvroKafkaSerializer

2025-08-13 18:18:53,023 INFO  [org.apa.kaf.com.tel.int.KafkaMetricsCollector] (main) initializing Kafka metrics collector
2025-08-13 18:18:53,026 INFO  [org.apa.kaf.cli.pro.KafkaProducer] (main) [Producer clientId=Producer-s722adf4axa891x44f7xbf45x5b66474397a1] Instantiated an idempotent producer.
2025-08-13 18:18:53,029 INFO  [org.apa.kaf.cli.pro.ProducerConfig] (main) These configurations '[apicurio.registry.url, apicurio.registry.artifact-resolver-strategy]' were supplied but are not used yet.
2025-08-13 18:18:53,029 INFO  [org.apa.kaf.com.uti.AppInfoParser] (main) Kafka version: 3.9.1
2025-08-13 18:18:53,029 INFO  [org.apa.kaf.com.uti.AppInfoParser] (main) Kafka commitId: f745dfdcee2b9851
2025-08-13 18:18:53,029 INFO  [org.apa.kaf.com.uti.AppInfoParser] (main) Kafka startTimeMs: 1755109133029
2025-08-13 18:18:53,031 INFO  [io.api.tes.ser.api.KafkaSerdesTester] (Thread-639) Sending message {"keyB": "value-0"} to topic s722adf4axa891x44f7xbf45x5b66474397a1
2025-08-13 18:18:53,035 WARN  [org.apa.kaf.cli.NetworkClient] (kafka-producer-network-thread | Producer-s722adf4axa891x44f7xbf45x5b66474397a1) [Producer clientId=Producer-s722adf4axa891x44f7xbf45x5b66474397a1] The metadata response from the cluster reported a recoverable issue with correlation id 1 : {s722adf4axa891x44f7xbf45x5b66474397a1=UNKNOWN_TOPIC_OR_PARTITION}
2025-08-13 18:18:53,036 INFO  [org.apa.kaf.cli.Metadata] (kafka-producer-network-thread | Producer-s722adf4axa891x44f7xbf45x5b66474397a1) [Producer clientId=Producer-s722adf4axa891x44f7xbf45x5b66474397a1] Cluster ID: sAToZ0WATkWwuQb_OH8PpQ
2025-08-13 18:18:53,036 INFO  [org.apa.kaf.cli.pro.int.TransactionManager] (kafka-producer-network-thread | Producer-s722adf4axa891x44f7xbf45x5b66474397a1) [Producer clientId=Producer-s722adf4axa891x44f7xbf45x5b66474397a1] ProducerId set to 7 with epoch 0
2025-08-13 18:18:53,156 INFO  [DefaultSchemaResolver] (Thread-639) Retrieving schema content using string: {"type":"record","name":"myrecord","namespace":"mygroup","fields":[{"name":"keyB","type":"string"}]}
2025-08-13 18:18:53,308 INFO  [org.apa.kaf.cli.pro.KafkaProducer] (Thread-639) [Producer clientId=Producer-s722adf4axa891x44f7xbf45x5b66474397a1] Closing the Kafka producer with timeoutMillis = 9223372036854775807 ms.
2025-08-13 18:18:53,311 INFO  [org.apa.kaf.com.met.Metrics] (Thread-639) Metrics scheduler closed
2025-08-13 18:18:53,311 INFO  [org.apa.kaf.com.met.Metrics] (Thread-639) Closing reporter org.apache.kafka.common.metrics.JmxReporter
2025-08-13 18:18:53,311 INFO  [org.apa.kaf.com.met.Metrics] (Thread-639) Closing reporter org.apache.kafka.common.telemetry.internals.ClientTelemetryReporter
2025-08-13 18:18:53,311 INFO  [org.apa.kaf.com.met.Metrics] (Thread-639) Metrics reporters closed
2025-08-13 18:18:53,311 INFO  [org.apa.kaf.com.uti.AppInfoParser] (Thread-639) App info kafka.producer for Producer-s722adf4axa891x44f7xbf45x5b66474397a1 unregistered
2025-08-13 18:18:53,313 INFO  [io.api.tes.uti.TestSeparator] (main) io.apicurio.tests.serdes.apicurio.AvroSerdeIT.testArtifactNotFound-FINISHED
2025-08-13 18:18:53,313 INFO  [io.api.tes.uti.TestSeparator] (main) ############################################################################
Test passed: testArtifactNotFound
]]></system-out>
    <system-err><![CDATA[java.lang.RuntimeException: Could not resolve artifact reference by content: {"type":"record","name":"myrecord","namespace":"mygroup","fields":[{"name":"keyB","type":"string"}]}&ArtifactReference [groupId=default, artifactId=s722adf4axa891x44f7xbf45x5b66474397a1-value, version=null, globalId=null, contentId=null, contentHash=null]
	at io.apicurio.registry.resolver.DefaultSchemaResolver.lambda$handleResolveSchemaByContent$3(DefaultSchemaResolver.java:265)
	at io.apicurio.registry.resolver.cache.ERCache.lambda$getValue$0(ERCache.java:174)
	at io.apicurio.registry.resolver.cache.ERCache.retry(ERCache.java:227)
	at io.apicurio.registry.resolver.cache.ERCache.getValue(ERCache.java:173)
	at io.apicurio.registry.resolver.cache.ERCache.getByContent(ERCache.java:147)
	at io.apicurio.registry.resolver.DefaultSchemaResolver.handleResolveSchemaByContent(DefaultSchemaResolver.java:253)
	at io.apicurio.registry.resolver.DefaultSchemaResolver.getSchemaFromRegistry(DefaultSchemaResolver.java:138)
	at io.apicurio.registry.resolver.DefaultSchemaResolver.lambda$resolveSchema$0(DefaultSchemaResolver.java:84)
	at java.base/java.util.Optional.orElseGet(Optional.java:364)
	at io.apicurio.registry.resolver.DefaultSchemaResolver.resolveSchema(DefaultSchemaResolver.java:84)
	at io.apicurio.registry.serde.AbstractSerializer.serializeData(AbstractSerializer.java:62)
	at io.apicurio.registry.serde.KafkaSerializer.serialize(KafkaSerializer.java:77)
	at org.apache.kafka.clients.producer.KafkaProducer.doSend(KafkaProducer.java:1046)
	at org.apache.kafka.clients.producer.KafkaProducer.send(KafkaProducer.java:993)
	at org.apache.kafka.clients.producer.KafkaProducer.send(KafkaProducer.java:875)
	at io.apicurio.tests.serdes.apicurio.KafkaSerdesTester.lambda$produceMessages$3(KafkaSerdesTester.java:138)
	at java.base/java.util.concurrent.CompletableFuture$AsyncSupply.run(CompletableFuture.java:1768)
	at java.base/java.lang.Thread.run(Thread.java:840)
]]></system-err>
  </testcase>
  <testcase name="testAvroSerDesFailDifferentSchemaByRecordName" classname="io.apicurio.tests.serdes.apicurio.AvroSerdeIT" time="1.25">
    <system-out><![CDATA[2025-08-13 18:18:53,314 INFO  [io.api.tes.uti.TestSeparator] (main) ############################################################################
2025-08-13 18:18:53,314 INFO  [io.api.tes.uti.TestSeparator] (main) io.apicurio.tests.serdes.apicurio.AvroSerdeIT.testAvroSerDesFailDifferentSchemaByRecordName-STARTED
**** Registry Base URL: http://registry-app-pg17.apps.ci419.apicurio-testing.org:80
2025-08-13 18:18:54,435 INFO  [org.apa.kaf.cli.pro.ProducerConfig] (main) ProducerConfig values: 
	acks = -1
	auto.include.jmx.reporter = true
	batch.size = 16384
	bootstrap.servers = [PLAINTEXT://localhost:32769]
	buffer.memory = 33554432
	client.dns.lookup = use_all_dns_ips
	client.id = Producer-topic-b5c8c56b_7286_481b_85bf_0eb146f16c54
	compression.gzip.level = -1
	compression.lz4.level = 9
	compression.type = none
	compression.zstd.level = 3
	connections.max.idle.ms = 10000
	delivery.timeout.ms = 120000
	enable.idempotence = true
	enable.metrics.push = true
	interceptor.classes = []
	key.serializer = class org.apache.kafka.common.serialization.StringSerializer
	linger.ms = 0
	max.block.ms = 60000
	max.in.flight.requests.per.connection = 5
	max.request.size = 1048576
	metadata.max.age.ms = 300000
	metadata.max.idle.ms = 300000
	metadata.recovery.strategy = none
	metric.reporters = []
	metrics.num.samples = 2
	metrics.recording.level = INFO
	metrics.sample.window.ms = 30000
	partitioner.adaptive.partitioning.enable = true
	partitioner.availability.timeout.ms = 0
	partitioner.class = null
	partitioner.ignore.keys = false
	receive.buffer.bytes = 32768
	reconnect.backoff.max.ms = 1000
	reconnect.backoff.ms = 50
	request.timeout.ms = 5000
	retries = 2147483647
	retry.backoff.max.ms = 1000
	retry.backoff.ms = 100
	sasl.client.callback.handler.class = null
	sasl.jaas.config = null
	sasl.kerberos.kinit.cmd = /usr/bin/kinit
	sasl.kerberos.min.time.before.relogin = 60000
	sasl.kerberos.service.name = null
	sasl.kerberos.ticket.renew.jitter = 0.05
	sasl.kerberos.ticket.renew.window.factor = 0.8
	sasl.login.callback.handler.class = null
	sasl.login.class = null
	sasl.login.connect.timeout.ms = null
	sasl.login.read.timeout.ms = null
	sasl.login.refresh.buffer.seconds = 300
	sasl.login.refresh.min.period.seconds = 60
	sasl.login.refresh.window.factor = 0.8
	sasl.login.refresh.window.jitter = 0.05
	sasl.login.retry.backoff.max.ms = 10000
	sasl.login.retry.backoff.ms = 100
	sasl.mechanism = GSSAPI
	sasl.oauthbearer.clock.skew.seconds = 30
	sasl.oauthbearer.expected.audience = null
	sasl.oauthbearer.expected.issuer = null
	sasl.oauthbearer.header.urlencode = false
	sasl.oauthbearer.jwks.endpoint.refresh.ms = 3600000
	sasl.oauthbearer.jwks.endpoint.retry.backoff.max.ms = 10000
	sasl.oauthbearer.jwks.endpoint.retry.backoff.ms = 100
	sasl.oauthbearer.jwks.endpoint.url = null
	sasl.oauthbearer.scope.claim.name = scope
	sasl.oauthbearer.sub.claim.name = sub
	sasl.oauthbearer.token.endpoint.url = null
	security.protocol = PLAINTEXT
	security.providers = null
	send.buffer.bytes = 131072
	socket.connection.setup.timeout.max.ms = 30000
	socket.connection.setup.timeout.ms = 10000
	ssl.cipher.suites = null
	ssl.enabled.protocols = [TLSv1.2, TLSv1.3]
	ssl.endpoint.identification.algorithm = https
	ssl.engine.factory.class = null
	ssl.key.password = null
	ssl.keymanager.algorithm = SunX509
	ssl.keystore.certificate.chain = null
	ssl.keystore.key = null
	ssl.keystore.location = null
	ssl.keystore.password = null
	ssl.keystore.type = JKS
	ssl.protocol = TLSv1.3
	ssl.provider = null
	ssl.secure.random.implementation = null
	ssl.trustmanager.algorithm = PKIX
	ssl.truststore.certificates = null
	ssl.truststore.location = null
	ssl.truststore.password = null
	ssl.truststore.type = JKS
	transaction.timeout.ms = 60000
	transactional.id = null
	value.serializer = class io.apicurio.registry.serde.avro.AvroKafkaSerializer

2025-08-13 18:18:54,436 INFO  [org.apa.kaf.com.tel.int.KafkaMetricsCollector] (main) initializing Kafka metrics collector
2025-08-13 18:18:54,440 INFO  [org.apa.kaf.cli.pro.KafkaProducer] (main) [Producer clientId=Producer-topic-b5c8c56b_7286_481b_85bf_0eb146f16c54] Instantiated an idempotent producer.
2025-08-13 18:18:54,442 INFO  [org.apa.kaf.cli.pro.ProducerConfig] (main) These configurations '[apicurio.registry.find-latest, apicurio.registry.url, apicurio.registry.artifact-resolver-strategy]' were supplied but are not used yet.
2025-08-13 18:18:54,443 INFO  [org.apa.kaf.com.uti.AppInfoParser] (main) Kafka version: 3.9.1
2025-08-13 18:18:54,443 INFO  [org.apa.kaf.com.uti.AppInfoParser] (main) Kafka commitId: f745dfdcee2b9851
2025-08-13 18:18:54,443 INFO  [org.apa.kaf.com.uti.AppInfoParser] (main) Kafka startTimeMs: 1755109134442
2025-08-13 18:18:54,444 INFO  [io.api.tes.ser.api.KafkaSerdesTester] (Thread-642) Sending message {"keyB": "value-0"} to topic topic-b5c8c56b_7286_481b_85bf_0eb146f16c54
2025-08-13 18:18:54,455 INFO  [org.apa.kaf.cli.Metadata] (kafka-producer-network-thread | Producer-topic-b5c8c56b_7286_481b_85bf_0eb146f16c54) [Producer clientId=Producer-topic-b5c8c56b_7286_481b_85bf_0eb146f16c54] Cluster ID: sAToZ0WATkWwuQb_OH8PpQ
2025-08-13 18:18:54,457 INFO  [org.apa.kaf.cli.pro.int.TransactionManager] (kafka-producer-network-thread | Producer-topic-b5c8c56b_7286_481b_85bf_0eb146f16c54) [Producer clientId=Producer-topic-b5c8c56b_7286_481b_85bf_0eb146f16c54] ProducerId set to 8 with epoch 0
2025-08-13 18:18:54,561 INFO  [org.apa.kaf.cli.pro.KafkaProducer] (Thread-642) [Producer clientId=Producer-topic-b5c8c56b_7286_481b_85bf_0eb146f16c54] Closing the Kafka producer with timeoutMillis = 9223372036854775807 ms.
2025-08-13 18:18:54,562 INFO  [org.apa.kaf.com.met.Metrics] (Thread-642) Metrics scheduler closed
2025-08-13 18:18:54,562 INFO  [org.apa.kaf.com.met.Metrics] (Thread-642) Closing reporter org.apache.kafka.common.metrics.JmxReporter
2025-08-13 18:18:54,562 INFO  [org.apa.kaf.com.met.Metrics] (Thread-642) Closing reporter org.apache.kafka.common.telemetry.internals.ClientTelemetryReporter
2025-08-13 18:18:54,563 INFO  [org.apa.kaf.com.met.Metrics] (Thread-642) Metrics reporters closed
2025-08-13 18:18:54,563 INFO  [org.apa.kaf.com.uti.AppInfoParser] (Thread-642) App info kafka.producer for Producer-topic-b5c8c56b_7286_481b_85bf_0eb146f16c54 unregistered
2025-08-13 18:18:54,563 INFO  [io.api.tes.uti.TestSeparator] (main) io.apicurio.tests.serdes.apicurio.AvroSerdeIT.testAvroSerDesFailDifferentSchemaByRecordName-FINISHED
2025-08-13 18:18:54,563 INFO  [io.api.tes.uti.TestSeparator] (main) ############################################################################
Test passed: testAvroSerDesFailDifferentSchemaByRecordName
]]></system-out>
    <system-err><![CDATA[io.apicurio.registry.rest.client.models.ProblemDetails
	at io.apicurio.registry.rest.client.models.ProblemDetails.createFromDiscriminatorValue(ProblemDetails.java:58)
	at io.kiota.serialization.json.JsonParseNode.getObjectValue(JsonParseNode.java:247)
	at io.kiota.http.vertx.VertXRequestAdapter.lambda$throwIfFailedResponse$0(VertXRequestAdapter.java:400)
	at com.microsoft.kiota.ApiExceptionBuilder.<init>(ApiExceptionBuilder.java:26)
	at io.kiota.http.vertx.VertXRequestAdapter.throwIfFailedResponse(VertXRequestAdapter.java:399)
	at io.kiota.http.vertx.VertXRequestAdapter.send(VertXRequestAdapter.java:170)
	at io.apicurio.registry.rest.client.groups.item.artifacts.item.versions.item.WithVersionExpressionItemRequestBuilder.get(WithVersionExpressionItemRequestBuilder.java:128)
	at io.apicurio.registry.rest.client.groups.item.artifacts.item.versions.item.WithVersionExpressionItemRequestBuilder.get(WithVersionExpressionItemRequestBuilder.java:111)
	at io.apicurio.registry.resolver.client.RegistryClientFacadeImpl.getVersionCoordinatesByGAV(RegistryClientFacadeImpl.java:159)
	at io.apicurio.registry.resolver.DefaultSchemaResolver.resolveByCoordinates(DefaultSchemaResolver.java:352)
	at io.apicurio.registry.resolver.DefaultSchemaResolver.lambda$resolveSchemaByArtifactReferenceCached$6(DefaultSchemaResolver.java:340)
	at io.apicurio.registry.resolver.cache.ERCache.lambda$getValue$0(ERCache.java:174)
	at io.apicurio.registry.resolver.cache.ERCache.retry(ERCache.java:227)
	at io.apicurio.registry.resolver.cache.ERCache.getValue(ERCache.java:173)
	at io.apicurio.registry.resolver.cache.ERCache.getByArtifactCoordinates(ERCache.java:158)
	at io.apicurio.registry.resolver.DefaultSchemaResolver.resolveSchemaByArtifactReferenceCached(DefaultSchemaResolver.java:338)
	at io.apicurio.registry.resolver.DefaultSchemaResolver.resolveSchemaByCoordinates(DefaultSchemaResolver.java:193)
	at io.apicurio.registry.resolver.DefaultSchemaResolver.getSchemaFromRegistry(DefaultSchemaResolver.java:130)
	at io.apicurio.registry.resolver.DefaultSchemaResolver.lambda$resolveSchema$0(DefaultSchemaResolver.java:84)
	at java.base/java.util.Optional.orElseGet(Optional.java:364)
	at io.apicurio.registry.resolver.DefaultSchemaResolver.resolveSchema(DefaultSchemaResolver.java:84)
	at io.apicurio.registry.serde.AbstractSerializer.serializeData(AbstractSerializer.java:62)
	at io.apicurio.registry.serde.KafkaSerializer.serialize(KafkaSerializer.java:77)
	at org.apache.kafka.clients.producer.KafkaProducer.doSend(KafkaProducer.java:1046)
	at org.apache.kafka.clients.producer.KafkaProducer.send(KafkaProducer.java:993)
	at org.apache.kafka.clients.producer.KafkaProducer.send(KafkaProducer.java:875)
	at io.apicurio.tests.serdes.apicurio.KafkaSerdesTester.lambda$produceMessages$3(KafkaSerdesTester.java:138)
	at java.base/java.util.concurrent.CompletableFuture$AsyncSupply.run(CompletableFuture.java:1768)
	at java.base/java.lang.Thread.run(Thread.java:840)
]]></system-err>
  </testcase>
  <testcase name="testTopicIdStrategyFindLatest" classname="io.apicurio.tests.serdes.apicurio.AvroSerdeIT" time="5.062">
    <system-out><![CDATA[2025-08-13 18:18:54,570 INFO  [io.api.tes.uti.TestSeparator] (main) ############################################################################
2025-08-13 18:18:54,570 INFO  [io.api.tes.uti.TestSeparator] (main) io.apicurio.tests.serdes.apicurio.AvroSerdeIT.testTopicIdStrategyFindLatest-STARTED
2025-08-13 18:18:54,571 INFO  [io.api.tes.ser.api.AvroSerdeIT] (main) Registering Avro Schema: {"type":"record","name":"myrecordapicurio1","fields":[{"name":"key11755109134570","type":"string"}]}
**** Registry Base URL: http://registry-app-pg17.apps.ci419.apicurio-testing.org:80
2025-08-13 18:18:55,679 INFO  [org.apa.kaf.cli.pro.ProducerConfig] (main) ProducerConfig values: 
	acks = -1
	auto.include.jmx.reporter = true
	batch.size = 16384
	bootstrap.servers = [PLAINTEXT://localhost:32769]
	buffer.memory = 33554432
	client.dns.lookup = use_all_dns_ips
	client.id = Producer-topic-166cb59d_031d_4dbc_90b9_df2555a6a495
	compression.gzip.level = -1
	compression.lz4.level = 9
	compression.type = none
	compression.zstd.level = 3
	connections.max.idle.ms = 10000
	delivery.timeout.ms = 120000
	enable.idempotence = true
	enable.metrics.push = true
	interceptor.classes = []
	key.serializer = class org.apache.kafka.common.serialization.StringSerializer
	linger.ms = 0
	max.block.ms = 60000
	max.in.flight.requests.per.connection = 5
	max.request.size = 1048576
	metadata.max.age.ms = 300000
	metadata.max.idle.ms = 300000
	metadata.recovery.strategy = none
	metric.reporters = []
	metrics.num.samples = 2
	metrics.recording.level = INFO
	metrics.sample.window.ms = 30000
	partitioner.adaptive.partitioning.enable = true
	partitioner.availability.timeout.ms = 0
	partitioner.class = null
	partitioner.ignore.keys = false
	receive.buffer.bytes = 32768
	reconnect.backoff.max.ms = 1000
	reconnect.backoff.ms = 50
	request.timeout.ms = 5000
	retries = 2147483647
	retry.backoff.max.ms = 1000
	retry.backoff.ms = 100
	sasl.client.callback.handler.class = null
	sasl.jaas.config = null
	sasl.kerberos.kinit.cmd = /usr/bin/kinit
	sasl.kerberos.min.time.before.relogin = 60000
	sasl.kerberos.service.name = null
	sasl.kerberos.ticket.renew.jitter = 0.05
	sasl.kerberos.ticket.renew.window.factor = 0.8
	sasl.login.callback.handler.class = null
	sasl.login.class = null
	sasl.login.connect.timeout.ms = null
	sasl.login.read.timeout.ms = null
	sasl.login.refresh.buffer.seconds = 300
	sasl.login.refresh.min.period.seconds = 60
	sasl.login.refresh.window.factor = 0.8
	sasl.login.refresh.window.jitter = 0.05
	sasl.login.retry.backoff.max.ms = 10000
	sasl.login.retry.backoff.ms = 100
	sasl.mechanism = GSSAPI
	sasl.oauthbearer.clock.skew.seconds = 30
	sasl.oauthbearer.expected.audience = null
	sasl.oauthbearer.expected.issuer = null
	sasl.oauthbearer.header.urlencode = false
	sasl.oauthbearer.jwks.endpoint.refresh.ms = 3600000
	sasl.oauthbearer.jwks.endpoint.retry.backoff.max.ms = 10000
	sasl.oauthbearer.jwks.endpoint.retry.backoff.ms = 100
	sasl.oauthbearer.jwks.endpoint.url = null
	sasl.oauthbearer.scope.claim.name = scope
	sasl.oauthbearer.sub.claim.name = sub
	sasl.oauthbearer.token.endpoint.url = null
	security.protocol = PLAINTEXT
	security.providers = null
	send.buffer.bytes = 131072
	socket.connection.setup.timeout.max.ms = 30000
	socket.connection.setup.timeout.ms = 10000
	ssl.cipher.suites = null
	ssl.enabled.protocols = [TLSv1.2, TLSv1.3]
	ssl.endpoint.identification.algorithm = https
	ssl.engine.factory.class = null
	ssl.key.password = null
	ssl.keymanager.algorithm = SunX509
	ssl.keystore.certificate.chain = null
	ssl.keystore.key = null
	ssl.keystore.location = null
	ssl.keystore.password = null
	ssl.keystore.type = JKS
	ssl.protocol = TLSv1.3
	ssl.provider = null
	ssl.secure.random.implementation = null
	ssl.trustmanager.algorithm = PKIX
	ssl.truststore.certificates = null
	ssl.truststore.location = null
	ssl.truststore.password = null
	ssl.truststore.type = JKS
	transaction.timeout.ms = 60000
	transactional.id = null
	value.serializer = class io.apicurio.registry.serde.avro.AvroKafkaSerializer

2025-08-13 18:18:55,679 INFO  [org.apa.kaf.com.tel.int.KafkaMetricsCollector] (main) initializing Kafka metrics collector
2025-08-13 18:18:55,682 INFO  [org.apa.kaf.cli.pro.KafkaProducer] (main) [Producer clientId=Producer-topic-166cb59d_031d_4dbc_90b9_df2555a6a495] Instantiated an idempotent producer.
2025-08-13 18:18:55,684 INFO  [org.apa.kaf.cli.pro.ProducerConfig] (main) These configurations '[apicurio.registry.find-latest, apicurio.registry.url, apicurio.registry.artifact-resolver-strategy]' were supplied but are not used yet.
2025-08-13 18:18:55,684 INFO  [org.apa.kaf.com.uti.AppInfoParser] (main) Kafka version: 3.9.1
2025-08-13 18:18:55,684 INFO  [org.apa.kaf.com.uti.AppInfoParser] (main) Kafka commitId: f745dfdcee2b9851
2025-08-13 18:18:55,684 INFO  [org.apa.kaf.com.uti.AppInfoParser] (main) Kafka startTimeMs: 1755109135684
2025-08-13 18:18:55,684 INFO  [io.api.tes.ser.api.SimpleSerdesTesterBuilder$SimpleSerdesTester] (main) Using producer configuration: {apicurio.registry.find-latest=true, apicurio.registry.url=http://registry-app-pg17.apps.ci419.apicurio-testing.org:80/apis/registry/v3, apicurio.registry.artifact-resolver-strategy=io.apicurio.registry.serde.strategy.TopicIdStrategy, value.serializer=io.apicurio.registry.serde.avro.AvroKafkaSerializer, request.timeout.ms=5000, acks=all, bootstrap.servers=PLAINTEXT://localhost:32769, connections.max.idle.ms=10000, key.serializer=org.apache.kafka.common.serialization.StringSerializer, client.id=Producer-topic-166cb59d_031d_4dbc_90b9_df2555a6a495}
2025-08-13 18:18:55,685 INFO  [io.api.tes.ser.api.SimpleSerdesTesterBuilder$SimpleSerdesTester] (main) Using consumer configuration: {}
2025-08-13 18:18:55,686 INFO  [io.api.tes.ser.api.KafkaSerdesTester] (Thread-645) Sending message {"key11755109134570": "value-0"} to topic topic-166cb59d_031d_4dbc_90b9_df2555a6a495
2025-08-13 18:18:55,690 INFO  [org.apa.kaf.cli.Metadata] (kafka-producer-network-thread | Producer-topic-166cb59d_031d_4dbc_90b9_df2555a6a495) [Producer clientId=Producer-topic-166cb59d_031d_4dbc_90b9_df2555a6a495] Cluster ID: sAToZ0WATkWwuQb_OH8PpQ
2025-08-13 18:18:55,693 INFO  [org.apa.kaf.cli.pro.int.TransactionManager] (kafka-producer-network-thread | Producer-topic-166cb59d_031d_4dbc_90b9_df2555a6a495) [Producer clientId=Producer-topic-166cb59d_031d_4dbc_90b9_df2555a6a495] ProducerId set to 9 with epoch 0
2025-08-13 18:18:55,891 INFO  [io.api.tes.ser.api.KafkaSerdesTester] (Thread-645) Sending message {"key11755109134570": "value-1"} to topic topic-166cb59d_031d_4dbc_90b9_df2555a6a495
2025-08-13 18:18:55,896 INFO  [io.api.tes.ser.api.KafkaSerdesTester] (Thread-645) Sending message {"key11755109134570": "value-2"} to topic topic-166cb59d_031d_4dbc_90b9_df2555a6a495
2025-08-13 18:18:55,899 INFO  [io.api.tes.ser.api.KafkaSerdesTester] (Thread-645) Sending message {"key11755109134570": "value-3"} to topic topic-166cb59d_031d_4dbc_90b9_df2555a6a495
2025-08-13 18:18:55,901 INFO  [io.api.tes.ser.api.KafkaSerdesTester] (Thread-645) Sending message {"key11755109134570": "value-4"} to topic topic-166cb59d_031d_4dbc_90b9_df2555a6a495
2025-08-13 18:18:55,903 INFO  [io.api.tes.ser.api.KafkaSerdesTester] (Thread-645) Sending message {"key11755109134570": "value-5"} to topic topic-166cb59d_031d_4dbc_90b9_df2555a6a495
2025-08-13 18:18:55,904 INFO  [io.api.tes.ser.api.KafkaSerdesTester] (Thread-645) Sending message {"key11755109134570": "value-6"} to topic topic-166cb59d_031d_4dbc_90b9_df2555a6a495
2025-08-13 18:18:55,906 INFO  [io.api.tes.ser.api.KafkaSerdesTester] (Thread-645) Sending message {"key11755109134570": "value-7"} to topic topic-166cb59d_031d_4dbc_90b9_df2555a6a495
2025-08-13 18:18:55,907 INFO  [io.api.tes.ser.api.KafkaSerdesTester] (Thread-645) Sending message {"key11755109134570": "value-8"} to topic topic-166cb59d_031d_4dbc_90b9_df2555a6a495
2025-08-13 18:18:55,909 INFO  [io.api.tes.ser.api.KafkaSerdesTester] (Thread-645) Sending message {"key11755109134570": "value-9"} to topic topic-166cb59d_031d_4dbc_90b9_df2555a6a495
2025-08-13 18:18:55,910 INFO  [io.api.tes.ser.api.KafkaSerdesTester] (Thread-645) Produced 10 messages
2025-08-13 18:18:55,911 INFO  [org.apa.kaf.cli.pro.KafkaProducer] (Thread-645) [Producer clientId=Producer-topic-166cb59d_031d_4dbc_90b9_df2555a6a495] Closing the Kafka producer with timeoutMillis = 9223372036854775807 ms.
2025-08-13 18:18:55,913 INFO  [org.apa.kaf.com.met.Metrics] (Thread-645) Metrics scheduler closed
2025-08-13 18:18:55,913 INFO  [org.apa.kaf.com.met.Metrics] (Thread-645) Closing reporter org.apache.kafka.common.metrics.JmxReporter
2025-08-13 18:18:55,913 INFO  [org.apa.kaf.com.met.Metrics] (Thread-645) Closing reporter org.apache.kafka.common.telemetry.internals.ClientTelemetryReporter
2025-08-13 18:18:55,913 INFO  [org.apa.kaf.com.met.Metrics] (Thread-645) Metrics reporters closed
2025-08-13 18:18:55,914 INFO  [org.apa.kaf.com.uti.AppInfoParser] (Thread-645) App info kafka.producer for Producer-topic-166cb59d_031d_4dbc_90b9_df2555a6a495 unregistered
**** Registry Base URL: http://registry-app-pg17.apps.ci419.apicurio-testing.org:80
2025-08-13 18:18:55,915 INFO  [org.apa.kaf.cli.con.ConsumerConfig] (main) ConsumerConfig values: 
	allow.auto.create.topics = true
	auto.commit.interval.ms = 500
	auto.include.jmx.reporter = true
	auto.offset.reset = earliest
	bootstrap.servers = [PLAINTEXT://localhost:32769]
	check.crcs = true
	client.dns.lookup = use_all_dns_ips
	client.id = consumer-Consumer-topic-166cb59d_031d_4dbc_90b9_df2555a6a495-7
	client.rack = 
	connections.max.idle.ms = 10000
	default.api.timeout.ms = 60000
	enable.auto.commit = true
	enable.metrics.push = true
	exclude.internal.topics = true
	fetch.max.bytes = 52428800
	fetch.max.wait.ms = 500
	fetch.min.bytes = 1
	group.id = Consumer-topic-166cb59d_031d_4dbc_90b9_df2555a6a495
	group.instance.id = null
	group.protocol = classic
	group.remote.assignor = null
	heartbeat.interval.ms = 3000
	interceptor.classes = []
	internal.leave.group.on.close = true
	internal.throw.on.fetch.stable.offset.unsupported = false
	isolation.level = read_uncommitted
	key.deserializer = class org.apache.kafka.common.serialization.StringDeserializer
	max.partition.fetch.bytes = 1048576
	max.poll.interval.ms = 300000
	max.poll.records = 500
	metadata.max.age.ms = 300000
	metadata.recovery.strategy = none
	metric.reporters = []
	metrics.num.samples = 2
	metrics.recording.level = INFO
	metrics.sample.window.ms = 30000
	partition.assignment.strategy = [class org.apache.kafka.clients.consumer.RangeAssignor, class org.apache.kafka.clients.consumer.CooperativeStickyAssignor]
	receive.buffer.bytes = 65536
	reconnect.backoff.max.ms = 1000
	reconnect.backoff.ms = 50
	request.timeout.ms = 5000
	retry.backoff.max.ms = 1000
	retry.backoff.ms = 100
	sasl.client.callback.handler.class = null
	sasl.jaas.config = null
	sasl.kerberos.kinit.cmd = /usr/bin/kinit
	sasl.kerberos.min.time.before.relogin = 60000
	sasl.kerberos.service.name = null
	sasl.kerberos.ticket.renew.jitter = 0.05
	sasl.kerberos.ticket.renew.window.factor = 0.8
	sasl.login.callback.handler.class = null
	sasl.login.class = null
	sasl.login.connect.timeout.ms = null
	sasl.login.read.timeout.ms = null
	sasl.login.refresh.buffer.seconds = 300
	sasl.login.refresh.min.period.seconds = 60
	sasl.login.refresh.window.factor = 0.8
	sasl.login.refresh.window.jitter = 0.05
	sasl.login.retry.backoff.max.ms = 10000
	sasl.login.retry.backoff.ms = 100
	sasl.mechanism = GSSAPI
	sasl.oauthbearer.clock.skew.seconds = 30
	sasl.oauthbearer.expected.audience = null
	sasl.oauthbearer.expected.issuer = null
	sasl.oauthbearer.header.urlencode = false
	sasl.oauthbearer.jwks.endpoint.refresh.ms = 3600000
	sasl.oauthbearer.jwks.endpoint.retry.backoff.max.ms = 10000
	sasl.oauthbearer.jwks.endpoint.retry.backoff.ms = 100
	sasl.oauthbearer.jwks.endpoint.url = null
	sasl.oauthbearer.scope.claim.name = scope
	sasl.oauthbearer.sub.claim.name = sub
	sasl.oauthbearer.token.endpoint.url = null
	security.protocol = PLAINTEXT
	security.providers = null
	send.buffer.bytes = 131072
	session.timeout.ms = 45000
	socket.connection.setup.timeout.max.ms = 30000
	socket.connection.setup.timeout.ms = 10000
	ssl.cipher.suites = null
	ssl.enabled.protocols = [TLSv1.2, TLSv1.3]
	ssl.endpoint.identification.algorithm = https
	ssl.engine.factory.class = null
	ssl.key.password = null
	ssl.keymanager.algorithm = SunX509
	ssl.keystore.certificate.chain = null
	ssl.keystore.key = null
	ssl.keystore.location = null
	ssl.keystore.password = null
	ssl.keystore.type = JKS
	ssl.protocol = TLSv1.3
	ssl.provider = null
	ssl.secure.random.implementation = null
	ssl.trustmanager.algorithm = PKIX
	ssl.truststore.certificates = null
	ssl.truststore.location = null
	ssl.truststore.password = null
	ssl.truststore.type = JKS
	value.deserializer = class io.apicurio.registry.serde.avro.AvroKafkaDeserializer

2025-08-13 18:18:55,915 INFO  [org.apa.kaf.com.tel.int.KafkaMetricsCollector] (main) initializing Kafka metrics collector
2025-08-13 18:18:55,936 INFO  [org.apa.kaf.cli.con.ConsumerConfig] (main) These configurations '[apicurio.registry.url]' were supplied but are not used yet.
2025-08-13 18:18:55,936 INFO  [org.apa.kaf.com.uti.AppInfoParser] (main) Kafka version: 3.9.1
2025-08-13 18:18:55,936 INFO  [org.apa.kaf.com.uti.AppInfoParser] (main) Kafka commitId: f745dfdcee2b9851
2025-08-13 18:18:55,936 INFO  [org.apa.kaf.com.uti.AppInfoParser] (main) Kafka startTimeMs: 1755109135936
2025-08-13 18:18:55,938 INFO  [org.apa.kaf.cli.con.int.ClassicKafkaConsumer] (Thread-648) [Consumer clientId=consumer-Consumer-topic-166cb59d_031d_4dbc_90b9_df2555a6a495-7, groupId=Consumer-topic-166cb59d_031d_4dbc_90b9_df2555a6a495] Subscribed to topic(s): topic-166cb59d_031d_4dbc_90b9_df2555a6a495
2025-08-13 18:18:55,946 INFO  [org.apa.kaf.cli.Metadata] (Thread-648) [Consumer clientId=consumer-Consumer-topic-166cb59d_031d_4dbc_90b9_df2555a6a495-7, groupId=Consumer-topic-166cb59d_031d_4dbc_90b9_df2555a6a495] Cluster ID: sAToZ0WATkWwuQb_OH8PpQ
2025-08-13 18:18:55,946 INFO  [org.apa.kaf.cli.con.int.ConsumerCoordinator] (Thread-648) [Consumer clientId=consumer-Consumer-topic-166cb59d_031d_4dbc_90b9_df2555a6a495-7, groupId=Consumer-topic-166cb59d_031d_4dbc_90b9_df2555a6a495] Discovered group coordinator localhost:32769 (id: 2147483647 rack: null)
2025-08-13 18:18:55,951 INFO  [org.apa.kaf.cli.con.int.ConsumerCoordinator] (Thread-648) [Consumer clientId=consumer-Consumer-topic-166cb59d_031d_4dbc_90b9_df2555a6a495-7, groupId=Consumer-topic-166cb59d_031d_4dbc_90b9_df2555a6a495] (Re-)joining group
2025-08-13 18:18:55,957 INFO  [org.apa.kaf.cli.con.int.ConsumerCoordinator] (Thread-648) [Consumer clientId=consumer-Consumer-topic-166cb59d_031d_4dbc_90b9_df2555a6a495-7, groupId=Consumer-topic-166cb59d_031d_4dbc_90b9_df2555a6a495] Request joining group due to: need to re-join with the given member-id: consumer-Consumer-topic-166cb59d_031d_4dbc_90b9_df2555a6a495-7-9fc9b66c-8c25-4e74-81cf-d3e51c9d2ad1
2025-08-13 18:18:55,958 INFO  [org.apa.kaf.cli.con.int.ConsumerCoordinator] (Thread-648) [Consumer clientId=consumer-Consumer-topic-166cb59d_031d_4dbc_90b9_df2555a6a495-7, groupId=Consumer-topic-166cb59d_031d_4dbc_90b9_df2555a6a495] (Re-)joining group
2025-08-13 18:18:56,938 INFO  [io.api.tes.ser.api.KafkaSerdesTester] (Thread-648) None found
2025-08-13 18:18:57,939 INFO  [io.api.tes.ser.api.KafkaSerdesTester] (Thread-648) None found
2025-08-13 18:18:58,939 INFO  [io.api.tes.ser.api.KafkaSerdesTester] (Thread-648) None found
2025-08-13 18:18:58,961 INFO  [org.apa.kaf.cli.con.int.ConsumerCoordinator] (Thread-648) [Consumer clientId=consumer-Consumer-topic-166cb59d_031d_4dbc_90b9_df2555a6a495-7, groupId=Consumer-topic-166cb59d_031d_4dbc_90b9_df2555a6a495] Successfully joined group with generation Generation{generationId=1, memberId='consumer-Consumer-topic-166cb59d_031d_4dbc_90b9_df2555a6a495-7-9fc9b66c-8c25-4e74-81cf-d3e51c9d2ad1', protocol='range'}
2025-08-13 18:18:58,961 INFO  [org.apa.kaf.cli.con.int.ConsumerCoordinator] (Thread-648) [Consumer clientId=consumer-Consumer-topic-166cb59d_031d_4dbc_90b9_df2555a6a495-7, groupId=Consumer-topic-166cb59d_031d_4dbc_90b9_df2555a6a495] Finished assignment for group at generation 1: {consumer-Consumer-topic-166cb59d_031d_4dbc_90b9_df2555a6a495-7-9fc9b66c-8c25-4e74-81cf-d3e51c9d2ad1=Assignment(partitions=[topic-166cb59d_031d_4dbc_90b9_df2555a6a495-0])}
2025-08-13 18:18:58,968 INFO  [org.apa.kaf.cli.con.int.ConsumerCoordinator] (Thread-648) [Consumer clientId=consumer-Consumer-topic-166cb59d_031d_4dbc_90b9_df2555a6a495-7, groupId=Consumer-topic-166cb59d_031d_4dbc_90b9_df2555a6a495] Successfully synced group in generation Generation{generationId=1, memberId='consumer-Consumer-topic-166cb59d_031d_4dbc_90b9_df2555a6a495-7-9fc9b66c-8c25-4e74-81cf-d3e51c9d2ad1', protocol='range'}
2025-08-13 18:18:58,969 INFO  [org.apa.kaf.cli.con.int.ConsumerCoordinator] (Thread-648) [Consumer clientId=consumer-Consumer-topic-166cb59d_031d_4dbc_90b9_df2555a6a495-7, groupId=Consumer-topic-166cb59d_031d_4dbc_90b9_df2555a6a495] Notifying assignor about the new Assignment(partitions=[topic-166cb59d_031d_4dbc_90b9_df2555a6a495-0])
2025-08-13 18:18:58,969 INFO  [org.apa.kaf.cli.con.int.ConsumerRebalanceListenerInvoker] (Thread-648) [Consumer clientId=consumer-Consumer-topic-166cb59d_031d_4dbc_90b9_df2555a6a495-7, groupId=Consumer-topic-166cb59d_031d_4dbc_90b9_df2555a6a495] Adding newly assigned partitions: topic-166cb59d_031d_4dbc_90b9_df2555a6a495-0
2025-08-13 18:18:58,970 INFO  [org.apa.kaf.cli.con.int.ConsumerCoordinator] (Thread-648) [Consumer clientId=consumer-Consumer-topic-166cb59d_031d_4dbc_90b9_df2555a6a495-7, groupId=Consumer-topic-166cb59d_031d_4dbc_90b9_df2555a6a495] Found no committed offset for partition topic-166cb59d_031d_4dbc_90b9_df2555a6a495-0
2025-08-13 18:18:58,975 INFO  [org.apa.kaf.cli.con.int.SubscriptionState] (Thread-648) [Consumer clientId=consumer-Consumer-topic-166cb59d_031d_4dbc_90b9_df2555a6a495-7, groupId=Consumer-topic-166cb59d_031d_4dbc_90b9_df2555a6a495] Resetting offset for partition topic-166cb59d_031d_4dbc_90b9_df2555a6a495-0 to position FetchPosition{offset=0, offsetEpoch=Optional.empty, currentLeader=LeaderAndEpoch{leader=Optional[localhost:32769 (id: 0 rack: null)], epoch=0}}.
2025-08-13 18:18:59,120 INFO  [io.api.tes.ser.api.KafkaSerdesTester] (Thread-648) topic-166cb59d_031d_4dbc_90b9_df2555a6a495 0 0 {"key11755109134570": "value-0"}
2025-08-13 18:18:59,120 INFO  [io.api.tes.ser.api.KafkaSerdesTester] (Thread-648) topic-166cb59d_031d_4dbc_90b9_df2555a6a495 0 1 {"key11755109134570": "value-1"}
2025-08-13 18:18:59,120 INFO  [io.api.tes.ser.api.KafkaSerdesTester] (Thread-648) topic-166cb59d_031d_4dbc_90b9_df2555a6a495 0 2 {"key11755109134570": "value-2"}
2025-08-13 18:18:59,120 INFO  [io.api.tes.ser.api.KafkaSerdesTester] (Thread-648) topic-166cb59d_031d_4dbc_90b9_df2555a6a495 0 3 {"key11755109134570": "value-3"}
2025-08-13 18:18:59,120 INFO  [io.api.tes.ser.api.KafkaSerdesTester] (Thread-648) topic-166cb59d_031d_4dbc_90b9_df2555a6a495 0 4 {"key11755109134570": "value-4"}
2025-08-13 18:18:59,120 INFO  [io.api.tes.ser.api.KafkaSerdesTester] (Thread-648) topic-166cb59d_031d_4dbc_90b9_df2555a6a495 0 5 {"key11755109134570": "value-5"}
2025-08-13 18:18:59,120 INFO  [io.api.tes.ser.api.KafkaSerdesTester] (Thread-648) topic-166cb59d_031d_4dbc_90b9_df2555a6a495 0 6 {"key11755109134570": "value-6"}
2025-08-13 18:18:59,120 INFO  [io.api.tes.ser.api.KafkaSerdesTester] (Thread-648) topic-166cb59d_031d_4dbc_90b9_df2555a6a495 0 7 {"key11755109134570": "value-7"}
2025-08-13 18:18:59,120 INFO  [io.api.tes.ser.api.KafkaSerdesTester] (Thread-648) topic-166cb59d_031d_4dbc_90b9_df2555a6a495 0 8 {"key11755109134570": "value-8"}
2025-08-13 18:18:59,121 INFO  [io.api.tes.ser.api.KafkaSerdesTester] (Thread-648) topic-166cb59d_031d_4dbc_90b9_df2555a6a495 0 9 {"key11755109134570": "value-9"}
2025-08-13 18:18:59,121 INFO  [io.api.tes.ser.api.KafkaSerdesTester] (Thread-648) Consumed 10 messages
2025-08-13 18:18:59,128 INFO  [org.apa.kaf.cli.con.int.ConsumerRebalanceListenerInvoker] (Thread-648) [Consumer clientId=consumer-Consumer-topic-166cb59d_031d_4dbc_90b9_df2555a6a495-7, groupId=Consumer-topic-166cb59d_031d_4dbc_90b9_df2555a6a495] Revoke previously assigned partitions topic-166cb59d_031d_4dbc_90b9_df2555a6a495-0
2025-08-13 18:18:59,128 INFO  [org.apa.kaf.cli.con.int.ConsumerCoordinator] (Thread-648) [Consumer clientId=consumer-Consumer-topic-166cb59d_031d_4dbc_90b9_df2555a6a495-7, groupId=Consumer-topic-166cb59d_031d_4dbc_90b9_df2555a6a495] Member consumer-Consumer-topic-166cb59d_031d_4dbc_90b9_df2555a6a495-7-9fc9b66c-8c25-4e74-81cf-d3e51c9d2ad1 sending LeaveGroup request to coordinator localhost:32769 (id: 2147483647 rack: null) due to the consumer is being closed
2025-08-13 18:18:59,128 INFO  [org.apa.kaf.cli.con.int.ConsumerCoordinator] (Thread-648) [Consumer clientId=consumer-Consumer-topic-166cb59d_031d_4dbc_90b9_df2555a6a495-7, groupId=Consumer-topic-166cb59d_031d_4dbc_90b9_df2555a6a495] Resetting generation and member id due to: consumer pro-actively leaving the group
2025-08-13 18:18:59,129 INFO  [org.apa.kaf.cli.con.int.ConsumerCoordinator] (Thread-648) [Consumer clientId=consumer-Consumer-topic-166cb59d_031d_4dbc_90b9_df2555a6a495-7, groupId=Consumer-topic-166cb59d_031d_4dbc_90b9_df2555a6a495] Request joining group due to: consumer pro-actively leaving the group
2025-08-13 18:18:59,623 INFO  [org.apa.kaf.com.met.Metrics] (Thread-648) Metrics scheduler closed
2025-08-13 18:18:59,623 INFO  [org.apa.kaf.com.met.Metrics] (Thread-648) Closing reporter org.apache.kafka.common.metrics.JmxReporter
2025-08-13 18:18:59,623 INFO  [org.apa.kaf.com.met.Metrics] (Thread-648) Closing reporter org.apache.kafka.common.telemetry.internals.ClientTelemetryReporter
2025-08-13 18:18:59,623 INFO  [org.apa.kaf.com.met.Metrics] (Thread-648) Metrics reporters closed
2025-08-13 18:18:59,626 INFO  [org.apa.kaf.com.uti.AppInfoParser] (Thread-648) App info kafka.consumer for consumer-Consumer-topic-166cb59d_031d_4dbc_90b9_df2555a6a495-7 unregistered
2025-08-13 18:18:59,626 INFO  [io.api.tes.uti.TestSeparator] (main) io.apicurio.tests.serdes.apicurio.AvroSerdeIT.testTopicIdStrategyFindLatest-FINISHED
2025-08-13 18:18:59,626 INFO  [io.api.tes.uti.TestSeparator] (main) ############################################################################
Test passed: testTopicIdStrategyFindLatest
]]></system-out>
  </testcase>
  <testcase name="testAvroUnionWithSpecificReader" classname="io.apicurio.tests.serdes.apicurio.AvroSerdeIT" time="4.583">
    <system-out><![CDATA[2025-08-13 18:18:59,628 INFO  [io.api.tes.uti.TestSeparator] (main) ############################################################################
2025-08-13 18:18:59,629 INFO  [io.api.tes.uti.TestSeparator] (main) io.apicurio.tests.serdes.apicurio.AvroSerdeIT.testAvroUnionWithSpecificReader-STARTED
**** Registry Base URL: http://registry-app-pg17.apps.ci419.apicurio-testing.org:80
2025-08-13 18:18:59,640 INFO  [org.apa.kaf.cli.pro.ProducerConfig] (main) ProducerConfig values: 
	acks = -1
	auto.include.jmx.reporter = true
	batch.size = 16384
	bootstrap.servers = [PLAINTEXT://localhost:32769]
	buffer.memory = 33554432
	client.dns.lookup = use_all_dns_ips
	client.id = Producer-topic-98de9e22_bfbc_406e_9734_6652b4035139
	compression.gzip.level = -1
	compression.lz4.level = 9
	compression.type = none
	compression.zstd.level = 3
	connections.max.idle.ms = 10000
	delivery.timeout.ms = 120000
	enable.idempotence = true
	enable.metrics.push = true
	interceptor.classes = []
	key.serializer = class org.apache.kafka.common.serialization.StringSerializer
	linger.ms = 0
	max.block.ms = 60000
	max.in.flight.requests.per.connection = 5
	max.request.size = 1048576
	metadata.max.age.ms = 300000
	metadata.max.idle.ms = 300000
	metadata.recovery.strategy = none
	metric.reporters = []
	metrics.num.samples = 2
	metrics.recording.level = INFO
	metrics.sample.window.ms = 30000
	partitioner.adaptive.partitioning.enable = true
	partitioner.availability.timeout.ms = 0
	partitioner.class = null
	partitioner.ignore.keys = false
	receive.buffer.bytes = 32768
	reconnect.backoff.max.ms = 1000
	reconnect.backoff.ms = 50
	request.timeout.ms = 5000
	retries = 2147483647
	retry.backoff.max.ms = 1000
	retry.backoff.ms = 100
	sasl.client.callback.handler.class = null
	sasl.jaas.config = null
	sasl.kerberos.kinit.cmd = /usr/bin/kinit
	sasl.kerberos.min.time.before.relogin = 60000
	sasl.kerberos.service.name = null
	sasl.kerberos.ticket.renew.jitter = 0.05
	sasl.kerberos.ticket.renew.window.factor = 0.8
	sasl.login.callback.handler.class = null
	sasl.login.class = null
	sasl.login.connect.timeout.ms = null
	sasl.login.read.timeout.ms = null
	sasl.login.refresh.buffer.seconds = 300
	sasl.login.refresh.min.period.seconds = 60
	sasl.login.refresh.window.factor = 0.8
	sasl.login.refresh.window.jitter = 0.05
	sasl.login.retry.backoff.max.ms = 10000
	sasl.login.retry.backoff.ms = 100
	sasl.mechanism = GSSAPI
	sasl.oauthbearer.clock.skew.seconds = 30
	sasl.oauthbearer.expected.audience = null
	sasl.oauthbearer.expected.issuer = null
	sasl.oauthbearer.header.urlencode = false
	sasl.oauthbearer.jwks.endpoint.refresh.ms = 3600000
	sasl.oauthbearer.jwks.endpoint.retry.backoff.max.ms = 10000
	sasl.oauthbearer.jwks.endpoint.retry.backoff.ms = 100
	sasl.oauthbearer.jwks.endpoint.url = null
	sasl.oauthbearer.scope.claim.name = scope
	sasl.oauthbearer.sub.claim.name = sub
	sasl.oauthbearer.token.endpoint.url = null
	security.protocol = PLAINTEXT
	security.providers = null
	send.buffer.bytes = 131072
	socket.connection.setup.timeout.max.ms = 30000
	socket.connection.setup.timeout.ms = 10000
	ssl.cipher.suites = null
	ssl.enabled.protocols = [TLSv1.2, TLSv1.3]
	ssl.endpoint.identification.algorithm = https
	ssl.engine.factory.class = null
	ssl.key.password = null
	ssl.keymanager.algorithm = SunX509
	ssl.keystore.certificate.chain = null
	ssl.keystore.key = null
	ssl.keystore.location = null
	ssl.keystore.password = null
	ssl.keystore.type = JKS
	ssl.protocol = TLSv1.3
	ssl.provider = null
	ssl.secure.random.implementation = null
	ssl.trustmanager.algorithm = PKIX
	ssl.truststore.certificates = null
	ssl.truststore.location = null
	ssl.truststore.password = null
	ssl.truststore.type = JKS
	transaction.timeout.ms = 60000
	transactional.id = null
	value.serializer = class io.apicurio.registry.serde.avro.AvroKafkaSerializer

2025-08-13 18:18:59,641 INFO  [org.apa.kaf.com.tel.int.KafkaMetricsCollector] (main) initializing Kafka metrics collector
2025-08-13 18:18:59,649 INFO  [org.apa.kaf.cli.pro.KafkaProducer] (main) [Producer clientId=Producer-topic-98de9e22_bfbc_406e_9734_6652b4035139] Instantiated an idempotent producer.
2025-08-13 18:18:59,651 INFO  [org.apa.kaf.cli.pro.ProducerConfig] (main) These configurations '[apicurio.registry.url, apicurio.registry.auto-register, apicurio.registry.artifact-resolver-strategy]' were supplied but are not used yet.
2025-08-13 18:18:59,651 INFO  [org.apa.kaf.com.uti.AppInfoParser] (main) Kafka version: 3.9.1
2025-08-13 18:18:59,651 INFO  [org.apa.kaf.com.uti.AppInfoParser] (main) Kafka commitId: f745dfdcee2b9851
2025-08-13 18:18:59,651 INFO  [org.apa.kaf.com.uti.AppInfoParser] (main) Kafka startTimeMs: 1755109139651
2025-08-13 18:18:59,651 INFO  [io.api.tes.ser.api.SimpleSerdesTesterBuilder$SimpleSerdesTester] (main) Using producer configuration: {apicurio.registry.url=http://registry-app-pg17.apps.ci419.apicurio-testing.org:80/apis/registry/v3, apicurio.registry.auto-register=true, apicurio.registry.artifact-resolver-strategy=io.apicurio.registry.serde.strategy.TopicIdStrategy, value.serializer=io.apicurio.registry.serde.avro.AvroKafkaSerializer, request.timeout.ms=5000, acks=all, bootstrap.servers=PLAINTEXT://localhost:32769, connections.max.idle.ms=10000, key.serializer=org.apache.kafka.common.serialization.StringSerializer, client.id=Producer-topic-98de9e22_bfbc_406e_9734_6652b4035139}
2025-08-13 18:18:59,652 INFO  [io.api.tes.ser.api.SimpleSerdesTesterBuilder$SimpleSerdesTester] (main) Using consumer configuration: {}
2025-08-13 18:18:59,653 INFO  [io.api.tes.ser.api.KafkaSerdesTester] (Thread-651) Sending message {"id": "record-0"} to topic topic-98de9e22_bfbc_406e_9734_6652b4035139
2025-08-13 18:18:59,657 WARN  [org.apa.kaf.cli.NetworkClient] (kafka-producer-network-thread | Producer-topic-98de9e22_bfbc_406e_9734_6652b4035139) [Producer clientId=Producer-topic-98de9e22_bfbc_406e_9734_6652b4035139] The metadata response from the cluster reported a recoverable issue with correlation id 1 : {topic-98de9e22_bfbc_406e_9734_6652b4035139=UNKNOWN_TOPIC_OR_PARTITION}
2025-08-13 18:18:59,657 INFO  [org.apa.kaf.cli.Metadata] (kafka-producer-network-thread | Producer-topic-98de9e22_bfbc_406e_9734_6652b4035139) [Producer clientId=Producer-topic-98de9e22_bfbc_406e_9734_6652b4035139] Cluster ID: sAToZ0WATkWwuQb_OH8PpQ
2025-08-13 18:18:59,659 INFO  [org.apa.kaf.cli.pro.int.TransactionManager] (kafka-producer-network-thread | Producer-topic-98de9e22_bfbc_406e_9734_6652b4035139) [Producer clientId=Producer-topic-98de9e22_bfbc_406e_9734_6652b4035139] ProducerId set to 10 with epoch 0
2025-08-13 18:18:59,884 INFO  [io.api.tes.ser.api.KafkaSerdesTester] (Thread-651) Sending message {"value": 1} to topic topic-98de9e22_bfbc_406e_9734_6652b4035139
2025-08-13 18:18:59,973 INFO  [io.api.tes.ser.api.KafkaSerdesTester] (Thread-651) Sending message {"active": true} to topic topic-98de9e22_bfbc_406e_9734_6652b4035139
2025-08-13 18:19:00,053 INFO  [io.api.tes.ser.api.KafkaSerdesTester] (Thread-651) Sending message {"id": "record-3"} to topic topic-98de9e22_bfbc_406e_9734_6652b4035139
2025-08-13 18:19:00,055 INFO  [io.api.tes.ser.api.KafkaSerdesTester] (Thread-651) Sending message {"value": 4} to topic topic-98de9e22_bfbc_406e_9734_6652b4035139
2025-08-13 18:19:00,059 INFO  [io.api.tes.ser.api.KafkaSerdesTester] (Thread-651) Sending message {"active": false} to topic topic-98de9e22_bfbc_406e_9734_6652b4035139
2025-08-13 18:19:00,063 INFO  [io.api.tes.ser.api.KafkaSerdesTester] (Thread-651) Sending message {"id": "record-6"} to topic topic-98de9e22_bfbc_406e_9734_6652b4035139
2025-08-13 18:19:00,065 INFO  [io.api.tes.ser.api.KafkaSerdesTester] (Thread-651) Sending message {"value": 7} to topic topic-98de9e22_bfbc_406e_9734_6652b4035139
2025-08-13 18:19:00,067 INFO  [io.api.tes.ser.api.KafkaSerdesTester] (Thread-651) Sending message {"active": true} to topic topic-98de9e22_bfbc_406e_9734_6652b4035139
2025-08-13 18:19:00,068 INFO  [io.api.tes.ser.api.KafkaSerdesTester] (Thread-651) Sending message {"id": "record-9"} to topic topic-98de9e22_bfbc_406e_9734_6652b4035139
2025-08-13 18:19:00,070 INFO  [io.api.tes.ser.api.KafkaSerdesTester] (Thread-651) Produced 10 messages
2025-08-13 18:19:00,070 INFO  [org.apa.kaf.cli.pro.KafkaProducer] (Thread-651) [Producer clientId=Producer-topic-98de9e22_bfbc_406e_9734_6652b4035139] Closing the Kafka producer with timeoutMillis = 9223372036854775807 ms.
2025-08-13 18:19:00,072 INFO  [org.apa.kaf.com.met.Metrics] (Thread-651) Metrics scheduler closed
2025-08-13 18:19:00,072 INFO  [org.apa.kaf.com.met.Metrics] (Thread-651) Closing reporter org.apache.kafka.common.metrics.JmxReporter
2025-08-13 18:19:00,072 INFO  [org.apa.kaf.com.met.Metrics] (Thread-651) Closing reporter org.apache.kafka.common.telemetry.internals.ClientTelemetryReporter
2025-08-13 18:19:00,072 INFO  [org.apa.kaf.com.met.Metrics] (Thread-651) Metrics reporters closed
2025-08-13 18:19:00,072 INFO  [org.apa.kaf.com.uti.AppInfoParser] (Thread-651) App info kafka.producer for Producer-topic-98de9e22_bfbc_406e_9734_6652b4035139 unregistered
2025-08-13 18:19:00,119 INFO  [io.api.tes.ser.api.AvroSerdeIT] (main) Artifact topic-98de9e22_bfbc_406e_9734_6652b4035139-value found in registry with globalId 25
**** Registry Base URL: http://registry-app-pg17.apps.ci419.apicurio-testing.org:80
2025-08-13 18:19:00,120 INFO  [org.apa.kaf.cli.con.ConsumerConfig] (main) ConsumerConfig values: 
	allow.auto.create.topics = true
	auto.commit.interval.ms = 500
	auto.include.jmx.reporter = true
	auto.offset.reset = earliest
	bootstrap.servers = [PLAINTEXT://localhost:32769]
	check.crcs = true
	client.dns.lookup = use_all_dns_ips
	client.id = consumer-Consumer-topic-98de9e22_bfbc_406e_9734_6652b4035139-8
	client.rack = 
	connections.max.idle.ms = 10000
	default.api.timeout.ms = 60000
	enable.auto.commit = true
	enable.metrics.push = true
	exclude.internal.topics = true
	fetch.max.bytes = 52428800
	fetch.max.wait.ms = 500
	fetch.min.bytes = 1
	group.id = Consumer-topic-98de9e22_bfbc_406e_9734_6652b4035139
	group.instance.id = null
	group.protocol = classic
	group.remote.assignor = null
	heartbeat.interval.ms = 3000
	interceptor.classes = []
	internal.leave.group.on.close = true
	internal.throw.on.fetch.stable.offset.unsupported = false
	isolation.level = read_uncommitted
	key.deserializer = class org.apache.kafka.common.serialization.StringDeserializer
	max.partition.fetch.bytes = 1048576
	max.poll.interval.ms = 300000
	max.poll.records = 500
	metadata.max.age.ms = 300000
	metadata.recovery.strategy = none
	metric.reporters = []
	metrics.num.samples = 2
	metrics.recording.level = INFO
	metrics.sample.window.ms = 30000
	partition.assignment.strategy = [class org.apache.kafka.clients.consumer.RangeAssignor, class org.apache.kafka.clients.consumer.CooperativeStickyAssignor]
	receive.buffer.bytes = 65536
	reconnect.backoff.max.ms = 1000
	reconnect.backoff.ms = 50
	request.timeout.ms = 5000
	retry.backoff.max.ms = 1000
	retry.backoff.ms = 100
	sasl.client.callback.handler.class = null
	sasl.jaas.config = null
	sasl.kerberos.kinit.cmd = /usr/bin/kinit
	sasl.kerberos.min.time.before.relogin = 60000
	sasl.kerberos.service.name = null
	sasl.kerberos.ticket.renew.jitter = 0.05
	sasl.kerberos.ticket.renew.window.factor = 0.8
	sasl.login.callback.handler.class = null
	sasl.login.class = null
	sasl.login.connect.timeout.ms = null
	sasl.login.read.timeout.ms = null
	sasl.login.refresh.buffer.seconds = 300
	sasl.login.refresh.min.period.seconds = 60
	sasl.login.refresh.window.factor = 0.8
	sasl.login.refresh.window.jitter = 0.05
	sasl.login.retry.backoff.max.ms = 10000
	sasl.login.retry.backoff.ms = 100
	sasl.mechanism = GSSAPI
	sasl.oauthbearer.clock.skew.seconds = 30
	sasl.oauthbearer.expected.audience = null
	sasl.oauthbearer.expected.issuer = null
	sasl.oauthbearer.header.urlencode = false
	sasl.oauthbearer.jwks.endpoint.refresh.ms = 3600000
	sasl.oauthbearer.jwks.endpoint.retry.backoff.max.ms = 10000
	sasl.oauthbearer.jwks.endpoint.retry.backoff.ms = 100
	sasl.oauthbearer.jwks.endpoint.url = null
	sasl.oauthbearer.scope.claim.name = scope
	sasl.oauthbearer.sub.claim.name = sub
	sasl.oauthbearer.token.endpoint.url = null
	security.protocol = PLAINTEXT
	security.providers = null
	send.buffer.bytes = 131072
	session.timeout.ms = 45000
	socket.connection.setup.timeout.max.ms = 30000
	socket.connection.setup.timeout.ms = 10000
	ssl.cipher.suites = null
	ssl.enabled.protocols = [TLSv1.2, TLSv1.3]
	ssl.endpoint.identification.algorithm = https
	ssl.engine.factory.class = null
	ssl.key.password = null
	ssl.keymanager.algorithm = SunX509
	ssl.keystore.certificate.chain = null
	ssl.keystore.key = null
	ssl.keystore.location = null
	ssl.keystore.password = null
	ssl.keystore.type = JKS
	ssl.protocol = TLSv1.3
	ssl.provider = null
	ssl.secure.random.implementation = null
	ssl.trustmanager.algorithm = PKIX
	ssl.truststore.certificates = null
	ssl.truststore.location = null
	ssl.truststore.password = null
	ssl.truststore.type = JKS
	value.deserializer = class io.apicurio.registry.serde.avro.AvroKafkaDeserializer

2025-08-13 18:19:00,120 INFO  [org.apa.kaf.com.tel.int.KafkaMetricsCollector] (main) initializing Kafka metrics collector
2025-08-13 18:19:00,125 INFO  [org.apa.kaf.cli.con.ConsumerConfig] (main) These configurations '[apicurio.registry.url]' were supplied but are not used yet.
2025-08-13 18:19:00,126 INFO  [org.apa.kaf.com.uti.AppInfoParser] (main) Kafka version: 3.9.1
2025-08-13 18:19:00,126 INFO  [org.apa.kaf.com.uti.AppInfoParser] (main) Kafka commitId: f745dfdcee2b9851
2025-08-13 18:19:00,126 INFO  [org.apa.kaf.com.uti.AppInfoParser] (main) Kafka startTimeMs: 1755109140126
2025-08-13 18:19:00,126 INFO  [org.apa.kaf.cli.con.int.ClassicKafkaConsumer] (Thread-654) [Consumer clientId=consumer-Consumer-topic-98de9e22_bfbc_406e_9734_6652b4035139-8, groupId=Consumer-topic-98de9e22_bfbc_406e_9734_6652b4035139] Subscribed to topic(s): topic-98de9e22_bfbc_406e_9734_6652b4035139
2025-08-13 18:19:00,135 INFO  [org.apa.kaf.cli.Metadata] (Thread-654) [Consumer clientId=consumer-Consumer-topic-98de9e22_bfbc_406e_9734_6652b4035139-8, groupId=Consumer-topic-98de9e22_bfbc_406e_9734_6652b4035139] Cluster ID: sAToZ0WATkWwuQb_OH8PpQ
2025-08-13 18:19:00,137 INFO  [org.apa.kaf.cli.con.int.ConsumerCoordinator] (Thread-654) [Consumer clientId=consumer-Consumer-topic-98de9e22_bfbc_406e_9734_6652b4035139-8, groupId=Consumer-topic-98de9e22_bfbc_406e_9734_6652b4035139] Discovered group coordinator localhost:32769 (id: 2147483647 rack: null)
2025-08-13 18:19:00,142 INFO  [org.apa.kaf.cli.con.int.ConsumerCoordinator] (Thread-654) [Consumer clientId=consumer-Consumer-topic-98de9e22_bfbc_406e_9734_6652b4035139-8, groupId=Consumer-topic-98de9e22_bfbc_406e_9734_6652b4035139] (Re-)joining group
2025-08-13 18:19:00,145 INFO  [org.apa.kaf.cli.con.int.ConsumerCoordinator] (Thread-654) [Consumer clientId=consumer-Consumer-topic-98de9e22_bfbc_406e_9734_6652b4035139-8, groupId=Consumer-topic-98de9e22_bfbc_406e_9734_6652b4035139] Request joining group due to: need to re-join with the given member-id: consumer-Consumer-topic-98de9e22_bfbc_406e_9734_6652b4035139-8-e2161111-cf7d-45b8-aaec-dae0ed336913
2025-08-13 18:19:00,145 INFO  [org.apa.kaf.cli.con.int.ConsumerCoordinator] (Thread-654) [Consumer clientId=consumer-Consumer-topic-98de9e22_bfbc_406e_9734_6652b4035139-8, groupId=Consumer-topic-98de9e22_bfbc_406e_9734_6652b4035139] (Re-)joining group
2025-08-13 18:19:01,126 INFO  [io.api.tes.ser.api.KafkaSerdesTester] (Thread-654) None found
2025-08-13 18:19:02,128 INFO  [io.api.tes.ser.api.KafkaSerdesTester] (Thread-654) None found
2025-08-13 18:19:03,128 INFO  [io.api.tes.ser.api.KafkaSerdesTester] (Thread-654) None found
2025-08-13 18:19:03,148 INFO  [org.apa.kaf.cli.con.int.ConsumerCoordinator] (Thread-654) [Consumer clientId=consumer-Consumer-topic-98de9e22_bfbc_406e_9734_6652b4035139-8, groupId=Consumer-topic-98de9e22_bfbc_406e_9734_6652b4035139] Successfully joined group with generation Generation{generationId=1, memberId='consumer-Consumer-topic-98de9e22_bfbc_406e_9734_6652b4035139-8-e2161111-cf7d-45b8-aaec-dae0ed336913', protocol='range'}
2025-08-13 18:19:03,148 INFO  [org.apa.kaf.cli.con.int.ConsumerCoordinator] (Thread-654) [Consumer clientId=consumer-Consumer-topic-98de9e22_bfbc_406e_9734_6652b4035139-8, groupId=Consumer-topic-98de9e22_bfbc_406e_9734_6652b4035139] Finished assignment for group at generation 1: {consumer-Consumer-topic-98de9e22_bfbc_406e_9734_6652b4035139-8-e2161111-cf7d-45b8-aaec-dae0ed336913=Assignment(partitions=[topic-98de9e22_bfbc_406e_9734_6652b4035139-0])}
2025-08-13 18:19:03,155 INFO  [org.apa.kaf.cli.con.int.ConsumerCoordinator] (Thread-654) [Consumer clientId=consumer-Consumer-topic-98de9e22_bfbc_406e_9734_6652b4035139-8, groupId=Consumer-topic-98de9e22_bfbc_406e_9734_6652b4035139] Successfully synced group in generation Generation{generationId=1, memberId='consumer-Consumer-topic-98de9e22_bfbc_406e_9734_6652b4035139-8-e2161111-cf7d-45b8-aaec-dae0ed336913', protocol='range'}
2025-08-13 18:19:03,156 INFO  [org.apa.kaf.cli.con.int.ConsumerCoordinator] (Thread-654) [Consumer clientId=consumer-Consumer-topic-98de9e22_bfbc_406e_9734_6652b4035139-8, groupId=Consumer-topic-98de9e22_bfbc_406e_9734_6652b4035139] Notifying assignor about the new Assignment(partitions=[topic-98de9e22_bfbc_406e_9734_6652b4035139-0])
2025-08-13 18:19:03,156 INFO  [org.apa.kaf.cli.con.int.ConsumerRebalanceListenerInvoker] (Thread-654) [Consumer clientId=consumer-Consumer-topic-98de9e22_bfbc_406e_9734_6652b4035139-8, groupId=Consumer-topic-98de9e22_bfbc_406e_9734_6652b4035139] Adding newly assigned partitions: topic-98de9e22_bfbc_406e_9734_6652b4035139-0
2025-08-13 18:19:03,157 INFO  [org.apa.kaf.cli.con.int.ConsumerCoordinator] (Thread-654) [Consumer clientId=consumer-Consumer-topic-98de9e22_bfbc_406e_9734_6652b4035139-8, groupId=Consumer-topic-98de9e22_bfbc_406e_9734_6652b4035139] Found no committed offset for partition topic-98de9e22_bfbc_406e_9734_6652b4035139-0
2025-08-13 18:19:03,158 INFO  [org.apa.kaf.cli.con.int.SubscriptionState] (Thread-654) [Consumer clientId=consumer-Consumer-topic-98de9e22_bfbc_406e_9734_6652b4035139-8, groupId=Consumer-topic-98de9e22_bfbc_406e_9734_6652b4035139] Resetting offset for partition topic-98de9e22_bfbc_406e_9734_6652b4035139-0 to position FetchPosition{offset=0, offsetEpoch=Optional.empty, currentLeader=LeaderAndEpoch{leader=Optional[localhost:32769 (id: 0 rack: null)], epoch=0}}.
2025-08-13 18:19:03,701 INFO  [io.api.tes.ser.api.KafkaSerdesTester] (Thread-654) topic-98de9e22_bfbc_406e_9734_6652b4035139 0 0 {"id": "record-0"}
2025-08-13 18:19:03,701 INFO  [io.api.tes.ser.api.KafkaSerdesTester] (Thread-654) topic-98de9e22_bfbc_406e_9734_6652b4035139 0 1 {"value": 1}
2025-08-13 18:19:03,701 INFO  [io.api.tes.ser.api.KafkaSerdesTester] (Thread-654) topic-98de9e22_bfbc_406e_9734_6652b4035139 0 2 {"active": true}
2025-08-13 18:19:03,701 INFO  [io.api.tes.ser.api.KafkaSerdesTester] (Thread-654) topic-98de9e22_bfbc_406e_9734_6652b4035139 0 3 {"id": "record-3"}
2025-08-13 18:19:03,702 INFO  [io.api.tes.ser.api.KafkaSerdesTester] (Thread-654) topic-98de9e22_bfbc_406e_9734_6652b4035139 0 4 {"value": 4}
2025-08-13 18:19:03,702 INFO  [io.api.tes.ser.api.KafkaSerdesTester] (Thread-654) topic-98de9e22_bfbc_406e_9734_6652b4035139 0 5 {"active": false}
2025-08-13 18:19:03,702 INFO  [io.api.tes.ser.api.KafkaSerdesTester] (Thread-654) topic-98de9e22_bfbc_406e_9734_6652b4035139 0 6 {"id": "record-6"}
2025-08-13 18:19:03,702 INFO  [io.api.tes.ser.api.KafkaSerdesTester] (Thread-654) topic-98de9e22_bfbc_406e_9734_6652b4035139 0 7 {"value": 7}
2025-08-13 18:19:03,702 INFO  [io.api.tes.ser.api.KafkaSerdesTester] (Thread-654) topic-98de9e22_bfbc_406e_9734_6652b4035139 0 8 {"active": true}
2025-08-13 18:19:03,702 INFO  [io.api.tes.ser.api.KafkaSerdesTester] (Thread-654) topic-98de9e22_bfbc_406e_9734_6652b4035139 0 9 {"id": "record-9"}
2025-08-13 18:19:03,702 INFO  [io.api.tes.ser.api.KafkaSerdesTester] (Thread-654) Consumed 10 messages
2025-08-13 18:19:03,711 INFO  [org.apa.kaf.cli.con.int.ConsumerRebalanceListenerInvoker] (Thread-654) [Consumer clientId=consumer-Consumer-topic-98de9e22_bfbc_406e_9734_6652b4035139-8, groupId=Consumer-topic-98de9e22_bfbc_406e_9734_6652b4035139] Revoke previously assigned partitions topic-98de9e22_bfbc_406e_9734_6652b4035139-0
2025-08-13 18:19:03,711 INFO  [org.apa.kaf.cli.con.int.ConsumerCoordinator] (Thread-654) [Consumer clientId=consumer-Consumer-topic-98de9e22_bfbc_406e_9734_6652b4035139-8, groupId=Consumer-topic-98de9e22_bfbc_406e_9734_6652b4035139] Member consumer-Consumer-topic-98de9e22_bfbc_406e_9734_6652b4035139-8-e2161111-cf7d-45b8-aaec-dae0ed336913 sending LeaveGroup request to coordinator localhost:32769 (id: 2147483647 rack: null) due to the consumer is being closed
2025-08-13 18:19:03,711 INFO  [org.apa.kaf.cli.con.int.ConsumerCoordinator] (Thread-654) [Consumer clientId=consumer-Consumer-topic-98de9e22_bfbc_406e_9734_6652b4035139-8, groupId=Consumer-topic-98de9e22_bfbc_406e_9734_6652b4035139] Resetting generation and member id due to: consumer pro-actively leaving the group
2025-08-13 18:19:03,711 INFO  [org.apa.kaf.cli.con.int.ConsumerCoordinator] (Thread-654) [Consumer clientId=consumer-Consumer-topic-98de9e22_bfbc_406e_9734_6652b4035139-8, groupId=Consumer-topic-98de9e22_bfbc_406e_9734_6652b4035139] Request joining group due to: consumer pro-actively leaving the group
2025-08-13 18:19:04,205 INFO  [org.apa.kaf.com.met.Metrics] (Thread-654) Metrics scheduler closed
2025-08-13 18:19:04,205 INFO  [org.apa.kaf.com.met.Metrics] (Thread-654) Closing reporter org.apache.kafka.common.metrics.JmxReporter
2025-08-13 18:19:04,205 INFO  [org.apa.kaf.com.met.Metrics] (Thread-654) Closing reporter org.apache.kafka.common.telemetry.internals.ClientTelemetryReporter
2025-08-13 18:19:04,205 INFO  [org.apa.kaf.com.met.Metrics] (Thread-654) Metrics reporters closed
2025-08-13 18:19:04,208 INFO  [org.apa.kaf.com.uti.AppInfoParser] (Thread-654) App info kafka.consumer for consumer-Consumer-topic-98de9e22_bfbc_406e_9734_6652b4035139-8 unregistered
2025-08-13 18:19:04,210 INFO  [io.api.tes.uti.TestSeparator] (main) io.apicurio.tests.serdes.apicurio.AvroSerdeIT.testAvroUnionWithSpecificReader-FINISHED
2025-08-13 18:19:04,210 INFO  [io.api.tes.uti.TestSeparator] (main) ############################################################################
Test passed: testAvroUnionWithSpecificReader
]]></system-out>
  </testcase>
  <testcase name="testEvolveAvroApicurioReusingClient" classname="io.apicurio.tests.serdes.apicurio.AvroSerdeIT" time="7.524">
    <system-out><![CDATA[2025-08-13 18:19:04,214 INFO  [io.api.tes.uti.TestSeparator] (main) ############################################################################
2025-08-13 18:19:04,214 INFO  [io.api.tes.uti.TestSeparator] (main) io.apicurio.tests.serdes.apicurio.AvroSerdeIT.testEvolveAvroApicurioReusingClient-STARTED
2025-08-13 18:19:04,218 INFO  [io.api.tes.ser.api.AvroSerdeIT] (main) Registering Avro Schema: {"type":"record","name":"s33159c4ax2276x4b62xa592x7d237d203ad4","namespace":"ns_46bb03c8_5632_4361_80ee_7b85a5aa3201","fields":[{"name":"key11755109144215","type":"string"}]}
**** Registry Base URL: http://registry-app-pg17.apps.ci419.apicurio-testing.org:80
2025-08-13 18:19:05,326 INFO  [org.apa.kaf.cli.pro.ProducerConfig] (main) ProducerConfig values: 
	acks = -1
	auto.include.jmx.reporter = true
	batch.size = 16384
	bootstrap.servers = [PLAINTEXT://localhost:32769]
	buffer.memory = 33554432
	client.dns.lookup = use_all_dns_ips
	client.id = Producer-topic-18c0db42_be5b_4ffc_883a_b4f8eb791b9d
	compression.gzip.level = -1
	compression.lz4.level = 9
	compression.type = none
	compression.zstd.level = 3
	connections.max.idle.ms = 10000
	delivery.timeout.ms = 120000
	enable.idempotence = true
	enable.metrics.push = true
	interceptor.classes = []
	key.serializer = class org.apache.kafka.common.serialization.StringSerializer
	linger.ms = 0
	max.block.ms = 60000
	max.in.flight.requests.per.connection = 5
	max.request.size = 1048576
	metadata.max.age.ms = 300000
	metadata.max.idle.ms = 300000
	metadata.recovery.strategy = none
	metric.reporters = []
	metrics.num.samples = 2
	metrics.recording.level = INFO
	metrics.sample.window.ms = 30000
	partitioner.adaptive.partitioning.enable = true
	partitioner.availability.timeout.ms = 0
	partitioner.class = null
	partitioner.ignore.keys = false
	receive.buffer.bytes = 32768
	reconnect.backoff.max.ms = 1000
	reconnect.backoff.ms = 50
	request.timeout.ms = 5000
	retries = 2147483647
	retry.backoff.max.ms = 1000
	retry.backoff.ms = 100
	sasl.client.callback.handler.class = null
	sasl.jaas.config = null
	sasl.kerberos.kinit.cmd = /usr/bin/kinit
	sasl.kerberos.min.time.before.relogin = 60000
	sasl.kerberos.service.name = null
	sasl.kerberos.ticket.renew.jitter = 0.05
	sasl.kerberos.ticket.renew.window.factor = 0.8
	sasl.login.callback.handler.class = null
	sasl.login.class = null
	sasl.login.connect.timeout.ms = null
	sasl.login.read.timeout.ms = null
	sasl.login.refresh.buffer.seconds = 300
	sasl.login.refresh.min.period.seconds = 60
	sasl.login.refresh.window.factor = 0.8
	sasl.login.refresh.window.jitter = 0.05
	sasl.login.retry.backoff.max.ms = 10000
	sasl.login.retry.backoff.ms = 100
	sasl.mechanism = GSSAPI
	sasl.oauthbearer.clock.skew.seconds = 30
	sasl.oauthbearer.expected.audience = null
	sasl.oauthbearer.expected.issuer = null
	sasl.oauthbearer.header.urlencode = false
	sasl.oauthbearer.jwks.endpoint.refresh.ms = 3600000
	sasl.oauthbearer.jwks.endpoint.retry.backoff.max.ms = 10000
	sasl.oauthbearer.jwks.endpoint.retry.backoff.ms = 100
	sasl.oauthbearer.jwks.endpoint.url = null
	sasl.oauthbearer.scope.claim.name = scope
	sasl.oauthbearer.sub.claim.name = sub
	sasl.oauthbearer.token.endpoint.url = null
	security.protocol = PLAINTEXT
	security.providers = null
	send.buffer.bytes = 131072
	socket.connection.setup.timeout.max.ms = 30000
	socket.connection.setup.timeout.ms = 10000
	ssl.cipher.suites = null
	ssl.enabled.protocols = [TLSv1.2, TLSv1.3]
	ssl.endpoint.identification.algorithm = https
	ssl.engine.factory.class = null
	ssl.key.password = null
	ssl.keymanager.algorithm = SunX509
	ssl.keystore.certificate.chain = null
	ssl.keystore.key = null
	ssl.keystore.location = null
	ssl.keystore.password = null
	ssl.keystore.type = JKS
	ssl.protocol = TLSv1.3
	ssl.provider = null
	ssl.secure.random.implementation = null
	ssl.trustmanager.algorithm = PKIX
	ssl.truststore.certificates = null
	ssl.truststore.location = null
	ssl.truststore.password = null
	ssl.truststore.type = JKS
	transaction.timeout.ms = 60000
	transactional.id = null
	value.serializer = class io.apicurio.registry.serde.avro.AvroKafkaSerializer

2025-08-13 18:19:05,327 INFO  [org.apa.kaf.com.tel.int.KafkaMetricsCollector] (main) initializing Kafka metrics collector
2025-08-13 18:19:05,329 INFO  [org.apa.kaf.cli.pro.KafkaProducer] (main) [Producer clientId=Producer-topic-18c0db42_be5b_4ffc_883a_b4f8eb791b9d] Instantiated an idempotent producer.
2025-08-13 18:19:05,331 INFO  [org.apa.kaf.cli.pro.ProducerConfig] (main) These configurations '[apicurio.registry.url, apicurio.registry.artifact-resolver-strategy]' were supplied but are not used yet.
2025-08-13 18:19:05,331 INFO  [org.apa.kaf.com.uti.AppInfoParser] (main) Kafka version: 3.9.1
2025-08-13 18:19:05,331 INFO  [org.apa.kaf.com.uti.AppInfoParser] (main) Kafka commitId: f745dfdcee2b9851
2025-08-13 18:19:05,331 INFO  [org.apa.kaf.com.uti.AppInfoParser] (main) Kafka startTimeMs: 1755109145331
**** Registry Base URL: http://registry-app-pg17.apps.ci419.apicurio-testing.org:80
2025-08-13 18:19:05,332 INFO  [org.apa.kaf.cli.con.ConsumerConfig] (main) ConsumerConfig values: 
	allow.auto.create.topics = true
	auto.commit.interval.ms = 500
	auto.include.jmx.reporter = true
	auto.offset.reset = earliest
	bootstrap.servers = [PLAINTEXT://localhost:32769]
	check.crcs = true
	client.dns.lookup = use_all_dns_ips
	client.id = consumer-Consumer-topic-18c0db42_be5b_4ffc_883a_b4f8eb791b9d-9
	client.rack = 
	connections.max.idle.ms = 10000
	default.api.timeout.ms = 60000
	enable.auto.commit = true
	enable.metrics.push = true
	exclude.internal.topics = true
	fetch.max.bytes = 52428800
	fetch.max.wait.ms = 500
	fetch.min.bytes = 1
	group.id = Consumer-topic-18c0db42_be5b_4ffc_883a_b4f8eb791b9d
	group.instance.id = null
	group.protocol = classic
	group.remote.assignor = null
	heartbeat.interval.ms = 3000
	interceptor.classes = []
	internal.leave.group.on.close = true
	internal.throw.on.fetch.stable.offset.unsupported = false
	isolation.level = read_uncommitted
	key.deserializer = class org.apache.kafka.common.serialization.StringDeserializer
	max.partition.fetch.bytes = 1048576
	max.poll.interval.ms = 300000
	max.poll.records = 500
	metadata.max.age.ms = 300000
	metadata.recovery.strategy = none
	metric.reporters = []
	metrics.num.samples = 2
	metrics.recording.level = INFO
	metrics.sample.window.ms = 30000
	partition.assignment.strategy = [class org.apache.kafka.clients.consumer.RangeAssignor, class org.apache.kafka.clients.consumer.CooperativeStickyAssignor]
	receive.buffer.bytes = 65536
	reconnect.backoff.max.ms = 1000
	reconnect.backoff.ms = 50
	request.timeout.ms = 5000
	retry.backoff.max.ms = 1000
	retry.backoff.ms = 100
	sasl.client.callback.handler.class = null
	sasl.jaas.config = null
	sasl.kerberos.kinit.cmd = /usr/bin/kinit
	sasl.kerberos.min.time.before.relogin = 60000
	sasl.kerberos.service.name = null
	sasl.kerberos.ticket.renew.jitter = 0.05
	sasl.kerberos.ticket.renew.window.factor = 0.8
	sasl.login.callback.handler.class = null
	sasl.login.class = null
	sasl.login.connect.timeout.ms = null
	sasl.login.read.timeout.ms = null
	sasl.login.refresh.buffer.seconds = 300
	sasl.login.refresh.min.period.seconds = 60
	sasl.login.refresh.window.factor = 0.8
	sasl.login.refresh.window.jitter = 0.05
	sasl.login.retry.backoff.max.ms = 10000
	sasl.login.retry.backoff.ms = 100
	sasl.mechanism = GSSAPI
	sasl.oauthbearer.clock.skew.seconds = 30
	sasl.oauthbearer.expected.audience = null
	sasl.oauthbearer.expected.issuer = null
	sasl.oauthbearer.header.urlencode = false
	sasl.oauthbearer.jwks.endpoint.refresh.ms = 3600000
	sasl.oauthbearer.jwks.endpoint.retry.backoff.max.ms = 10000
	sasl.oauthbearer.jwks.endpoint.retry.backoff.ms = 100
	sasl.oauthbearer.jwks.endpoint.url = null
	sasl.oauthbearer.scope.claim.name = scope
	sasl.oauthbearer.sub.claim.name = sub
	sasl.oauthbearer.token.endpoint.url = null
	security.protocol = PLAINTEXT
	security.providers = null
	send.buffer.bytes = 131072
	session.timeout.ms = 45000
	socket.connection.setup.timeout.max.ms = 30000
	socket.connection.setup.timeout.ms = 10000
	ssl.cipher.suites = null
	ssl.enabled.protocols = [TLSv1.2, TLSv1.3]
	ssl.endpoint.identification.algorithm = https
	ssl.engine.factory.class = null
	ssl.key.password = null
	ssl.keymanager.algorithm = SunX509
	ssl.keystore.certificate.chain = null
	ssl.keystore.key = null
	ssl.keystore.location = null
	ssl.keystore.password = null
	ssl.keystore.type = JKS
	ssl.protocol = TLSv1.3
	ssl.provider = null
	ssl.secure.random.implementation = null
	ssl.trustmanager.algorithm = PKIX
	ssl.truststore.certificates = null
	ssl.truststore.location = null
	ssl.truststore.password = null
	ssl.truststore.type = JKS
	value.deserializer = class io.apicurio.registry.serde.avro.AvroKafkaDeserializer

2025-08-13 18:19:05,332 INFO  [org.apa.kaf.com.tel.int.KafkaMetricsCollector] (main) initializing Kafka metrics collector
2025-08-13 18:19:05,339 INFO  [org.apa.kaf.cli.Metadata] (kafka-producer-network-thread | Producer-topic-18c0db42_be5b_4ffc_883a_b4f8eb791b9d) [Producer clientId=Producer-topic-18c0db42_be5b_4ffc_883a_b4f8eb791b9d] Cluster ID: sAToZ0WATkWwuQb_OH8PpQ
2025-08-13 18:19:05,340 INFO  [org.apa.kaf.cli.pro.int.TransactionManager] (kafka-producer-network-thread | Producer-topic-18c0db42_be5b_4ffc_883a_b4f8eb791b9d) [Producer clientId=Producer-topic-18c0db42_be5b_4ffc_883a_b4f8eb791b9d] ProducerId set to 11 with epoch 0
2025-08-13 18:19:05,341 INFO  [org.apa.kaf.cli.con.ConsumerConfig] (main) These configurations '[apicurio.registry.url]' were supplied but are not used yet.
2025-08-13 18:19:05,341 INFO  [org.apa.kaf.com.uti.AppInfoParser] (main) Kafka version: 3.9.1
2025-08-13 18:19:05,341 INFO  [org.apa.kaf.com.uti.AppInfoParser] (main) Kafka commitId: f745dfdcee2b9851
2025-08-13 18:19:05,341 INFO  [org.apa.kaf.com.uti.AppInfoParser] (main) Kafka startTimeMs: 1755109145341
2025-08-13 18:19:05,344 INFO  [io.api.tes.ser.api.KafkaSerdesTester] (Thread-659) Sending message {"key11755109144215": "value-0"} to topic topic-18c0db42_be5b_4ffc_883a_b4f8eb791b9d
2025-08-13 18:19:05,348 INFO  [DefaultSchemaResolver] (Thread-659) Retrieving schema content using string: {"type":"record","name":"s33159c4ax2276x4b62xa592x7d237d203ad4","namespace":"ns_46bb03c8_5632_4361_80ee_7b85a5aa3201","fields":[{"name":"key11755109144215","type":"string"}]}
2025-08-13 18:19:05,441 INFO  [io.api.tes.ser.api.KafkaSerdesTester] (Thread-659) Sending message {"key11755109144215": "value-1"} to topic topic-18c0db42_be5b_4ffc_883a_b4f8eb791b9d
2025-08-13 18:19:05,443 INFO  [io.api.tes.ser.api.KafkaSerdesTester] (Thread-659) Sending message {"key11755109144215": "value-2"} to topic topic-18c0db42_be5b_4ffc_883a_b4f8eb791b9d
2025-08-13 18:19:05,445 INFO  [io.api.tes.ser.api.KafkaSerdesTester] (Thread-659) Sending message {"key11755109144215": "value-3"} to topic topic-18c0db42_be5b_4ffc_883a_b4f8eb791b9d
2025-08-13 18:19:05,447 INFO  [io.api.tes.ser.api.KafkaSerdesTester] (Thread-659) Sending message {"key11755109144215": "value-4"} to topic topic-18c0db42_be5b_4ffc_883a_b4f8eb791b9d
2025-08-13 18:19:05,448 INFO  [io.api.tes.ser.api.KafkaSerdesTester] (Thread-659) Sending message {"key11755109144215": "value-5"} to topic topic-18c0db42_be5b_4ffc_883a_b4f8eb791b9d
2025-08-13 18:19:05,450 INFO  [io.api.tes.ser.api.KafkaSerdesTester] (Thread-659) Sending message {"key11755109144215": "value-6"} to topic topic-18c0db42_be5b_4ffc_883a_b4f8eb791b9d
2025-08-13 18:19:05,452 INFO  [io.api.tes.ser.api.KafkaSerdesTester] (Thread-659) Sending message {"key11755109144215": "value-7"} to topic topic-18c0db42_be5b_4ffc_883a_b4f8eb791b9d
2025-08-13 18:19:05,453 INFO  [io.api.tes.ser.api.KafkaSerdesTester] (Thread-659) Sending message {"key11755109144215": "value-8"} to topic topic-18c0db42_be5b_4ffc_883a_b4f8eb791b9d
2025-08-13 18:19:05,455 INFO  [io.api.tes.ser.api.KafkaSerdesTester] (Thread-659) Sending message {"key11755109144215": "value-9"} to topic topic-18c0db42_be5b_4ffc_883a_b4f8eb791b9d
2025-08-13 18:19:05,456 INFO  [io.api.tes.ser.api.KafkaSerdesTester] (Thread-659) Produced 10 messages
2025-08-13 18:19:05,457 INFO  [org.apa.kaf.cli.con.int.ClassicKafkaConsumer] (Thread-660) [Consumer clientId=consumer-Consumer-topic-18c0db42_be5b_4ffc_883a_b4f8eb791b9d-9, groupId=Consumer-topic-18c0db42_be5b_4ffc_883a_b4f8eb791b9d] Subscribed to topic(s): topic-18c0db42_be5b_4ffc_883a_b4f8eb791b9d
2025-08-13 18:19:05,461 INFO  [org.apa.kaf.cli.Metadata] (Thread-660) [Consumer clientId=consumer-Consumer-topic-18c0db42_be5b_4ffc_883a_b4f8eb791b9d-9, groupId=Consumer-topic-18c0db42_be5b_4ffc_883a_b4f8eb791b9d] Cluster ID: sAToZ0WATkWwuQb_OH8PpQ
2025-08-13 18:19:05,462 INFO  [org.apa.kaf.cli.con.int.ConsumerCoordinator] (Thread-660) [Consumer clientId=consumer-Consumer-topic-18c0db42_be5b_4ffc_883a_b4f8eb791b9d-9, groupId=Consumer-topic-18c0db42_be5b_4ffc_883a_b4f8eb791b9d] Discovered group coordinator localhost:32769 (id: 2147483647 rack: null)
2025-08-13 18:19:05,463 INFO  [org.apa.kaf.cli.con.int.ConsumerCoordinator] (Thread-660) [Consumer clientId=consumer-Consumer-topic-18c0db42_be5b_4ffc_883a_b4f8eb791b9d-9, groupId=Consumer-topic-18c0db42_be5b_4ffc_883a_b4f8eb791b9d] (Re-)joining group
2025-08-13 18:19:05,467 INFO  [org.apa.kaf.cli.con.int.ConsumerCoordinator] (Thread-660) [Consumer clientId=consumer-Consumer-topic-18c0db42_be5b_4ffc_883a_b4f8eb791b9d-9, groupId=Consumer-topic-18c0db42_be5b_4ffc_883a_b4f8eb791b9d] Request joining group due to: need to re-join with the given member-id: consumer-Consumer-topic-18c0db42_be5b_4ffc_883a_b4f8eb791b9d-9-99aa559a-ffb4-49a3-b380-d4c1b7fba4d6
2025-08-13 18:19:05,467 INFO  [org.apa.kaf.cli.con.int.ConsumerCoordinator] (Thread-660) [Consumer clientId=consumer-Consumer-topic-18c0db42_be5b_4ffc_883a_b4f8eb791b9d-9, groupId=Consumer-topic-18c0db42_be5b_4ffc_883a_b4f8eb791b9d] (Re-)joining group
2025-08-13 18:19:06,458 INFO  [io.api.tes.ser.api.KafkaSerdesTester] (Thread-660) None found
2025-08-13 18:19:07,459 INFO  [io.api.tes.ser.api.KafkaSerdesTester] (Thread-660) None found
2025-08-13 18:19:08,459 INFO  [io.api.tes.ser.api.KafkaSerdesTester] (Thread-660) None found
2025-08-13 18:19:08,469 INFO  [org.apa.kaf.cli.con.int.ConsumerCoordinator] (Thread-660) [Consumer clientId=consumer-Consumer-topic-18c0db42_be5b_4ffc_883a_b4f8eb791b9d-9, groupId=Consumer-topic-18c0db42_be5b_4ffc_883a_b4f8eb791b9d] Successfully joined group with generation Generation{generationId=1, memberId='consumer-Consumer-topic-18c0db42_be5b_4ffc_883a_b4f8eb791b9d-9-99aa559a-ffb4-49a3-b380-d4c1b7fba4d6', protocol='range'}
2025-08-13 18:19:08,469 INFO  [org.apa.kaf.cli.con.int.ConsumerCoordinator] (Thread-660) [Consumer clientId=consumer-Consumer-topic-18c0db42_be5b_4ffc_883a_b4f8eb791b9d-9, groupId=Consumer-topic-18c0db42_be5b_4ffc_883a_b4f8eb791b9d] Finished assignment for group at generation 1: {consumer-Consumer-topic-18c0db42_be5b_4ffc_883a_b4f8eb791b9d-9-99aa559a-ffb4-49a3-b380-d4c1b7fba4d6=Assignment(partitions=[topic-18c0db42_be5b_4ffc_883a_b4f8eb791b9d-0])}
2025-08-13 18:19:08,476 INFO  [org.apa.kaf.cli.con.int.ConsumerCoordinator] (Thread-660) [Consumer clientId=consumer-Consumer-topic-18c0db42_be5b_4ffc_883a_b4f8eb791b9d-9, groupId=Consumer-topic-18c0db42_be5b_4ffc_883a_b4f8eb791b9d] Successfully synced group in generation Generation{generationId=1, memberId='consumer-Consumer-topic-18c0db42_be5b_4ffc_883a_b4f8eb791b9d-9-99aa559a-ffb4-49a3-b380-d4c1b7fba4d6', protocol='range'}
2025-08-13 18:19:08,477 INFO  [org.apa.kaf.cli.con.int.ConsumerCoordinator] (Thread-660) [Consumer clientId=consumer-Consumer-topic-18c0db42_be5b_4ffc_883a_b4f8eb791b9d-9, groupId=Consumer-topic-18c0db42_be5b_4ffc_883a_b4f8eb791b9d] Notifying assignor about the new Assignment(partitions=[topic-18c0db42_be5b_4ffc_883a_b4f8eb791b9d-0])
2025-08-13 18:19:08,477 INFO  [org.apa.kaf.cli.con.int.ConsumerRebalanceListenerInvoker] (Thread-660) [Consumer clientId=consumer-Consumer-topic-18c0db42_be5b_4ffc_883a_b4f8eb791b9d-9, groupId=Consumer-topic-18c0db42_be5b_4ffc_883a_b4f8eb791b9d] Adding newly assigned partitions: topic-18c0db42_be5b_4ffc_883a_b4f8eb791b9d-0
2025-08-13 18:19:08,477 INFO  [org.apa.kaf.cli.con.int.ConsumerCoordinator] (Thread-660) [Consumer clientId=consumer-Consumer-topic-18c0db42_be5b_4ffc_883a_b4f8eb791b9d-9, groupId=Consumer-topic-18c0db42_be5b_4ffc_883a_b4f8eb791b9d] Found no committed offset for partition topic-18c0db42_be5b_4ffc_883a_b4f8eb791b9d-0
2025-08-13 18:19:08,481 INFO  [org.apa.kaf.cli.con.int.SubscriptionState] (Thread-660) [Consumer clientId=consumer-Consumer-topic-18c0db42_be5b_4ffc_883a_b4f8eb791b9d-9, groupId=Consumer-topic-18c0db42_be5b_4ffc_883a_b4f8eb791b9d] Resetting offset for partition topic-18c0db42_be5b_4ffc_883a_b4f8eb791b9d-0 to position FetchPosition{offset=0, offsetEpoch=Optional.empty, currentLeader=LeaderAndEpoch{leader=Optional[localhost:32769 (id: 0 rack: null)], epoch=0}}.
2025-08-13 18:19:08,601 INFO  [io.api.tes.ser.api.KafkaSerdesTester] (Thread-660) topic-18c0db42_be5b_4ffc_883a_b4f8eb791b9d 0 0 {"key11755109144215": "value-0"}
2025-08-13 18:19:08,601 INFO  [io.api.tes.ser.api.KafkaSerdesTester] (Thread-660) topic-18c0db42_be5b_4ffc_883a_b4f8eb791b9d 0 1 {"key11755109144215": "value-1"}
2025-08-13 18:19:08,601 INFO  [io.api.tes.ser.api.KafkaSerdesTester] (Thread-660) topic-18c0db42_be5b_4ffc_883a_b4f8eb791b9d 0 2 {"key11755109144215": "value-2"}
2025-08-13 18:19:08,601 INFO  [io.api.tes.ser.api.KafkaSerdesTester] (Thread-660) topic-18c0db42_be5b_4ffc_883a_b4f8eb791b9d 0 3 {"key11755109144215": "value-3"}
2025-08-13 18:19:08,601 INFO  [io.api.tes.ser.api.KafkaSerdesTester] (Thread-660) topic-18c0db42_be5b_4ffc_883a_b4f8eb791b9d 0 4 {"key11755109144215": "value-4"}
2025-08-13 18:19:08,601 INFO  [io.api.tes.ser.api.KafkaSerdesTester] (Thread-660) topic-18c0db42_be5b_4ffc_883a_b4f8eb791b9d 0 5 {"key11755109144215": "value-5"}
2025-08-13 18:19:08,601 INFO  [io.api.tes.ser.api.KafkaSerdesTester] (Thread-660) topic-18c0db42_be5b_4ffc_883a_b4f8eb791b9d 0 6 {"key11755109144215": "value-6"}
2025-08-13 18:19:08,601 INFO  [io.api.tes.ser.api.KafkaSerdesTester] (Thread-660) topic-18c0db42_be5b_4ffc_883a_b4f8eb791b9d 0 7 {"key11755109144215": "value-7"}
2025-08-13 18:19:08,601 INFO  [io.api.tes.ser.api.KafkaSerdesTester] (Thread-660) topic-18c0db42_be5b_4ffc_883a_b4f8eb791b9d 0 8 {"key11755109144215": "value-8"}
2025-08-13 18:19:08,601 INFO  [io.api.tes.ser.api.KafkaSerdesTester] (Thread-660) topic-18c0db42_be5b_4ffc_883a_b4f8eb791b9d 0 9 {"key11755109144215": "value-9"}
2025-08-13 18:19:08,601 INFO  [io.api.tes.ser.api.KafkaSerdesTester] (Thread-660) Consumed 10 messages
2025-08-13 18:19:08,602 INFO  [io.api.tes.ser.api.AvroSerdeIT] (main) Registering Avro Schema 2: {"type":"record","name":"s33159c4ax2276x4b62xa592x7d237d203ad4","namespace":"ns_46bb03c8_5632_4361_80ee_7b85a5aa3201","fields":[{"name":"key11755109144215","type":"string"},{"name":"key21755109148601","type":"string"}]}
2025-08-13 18:19:09,716 INFO  [io.api.tes.ser.api.KafkaSerdesTester] (Thread-661) Sending message {"key11755109144215": "value-0", "key21755109148601": "value-0"} to topic topic-18c0db42_be5b_4ffc_883a_b4f8eb791b9d
2025-08-13 18:19:09,717 INFO  [DefaultSchemaResolver] (Thread-661) Retrieving schema content using string: {"type":"record","name":"s33159c4ax2276x4b62xa592x7d237d203ad4","namespace":"ns_46bb03c8_5632_4361_80ee_7b85a5aa3201","fields":[{"name":"key11755109144215","type":"string"},{"name":"key21755109148601","type":"string"}]}
2025-08-13 18:19:09,768 INFO  [io.api.tes.ser.api.KafkaSerdesTester] (Thread-661) Sending message {"key11755109144215": "value-1", "key21755109148601": "value-1"} to topic topic-18c0db42_be5b_4ffc_883a_b4f8eb791b9d
2025-08-13 18:19:09,769 INFO  [io.api.tes.ser.api.KafkaSerdesTester] (Thread-661) Sending message {"key11755109144215": "value-2", "key21755109148601": "value-2"} to topic topic-18c0db42_be5b_4ffc_883a_b4f8eb791b9d
2025-08-13 18:19:09,771 INFO  [io.api.tes.ser.api.KafkaSerdesTester] (Thread-661) Sending message {"key11755109144215": "value-3", "key21755109148601": "value-3"} to topic topic-18c0db42_be5b_4ffc_883a_b4f8eb791b9d
2025-08-13 18:19:09,773 INFO  [io.api.tes.ser.api.KafkaSerdesTester] (Thread-661) Sending message {"key11755109144215": "value-4", "key21755109148601": "value-4"} to topic topic-18c0db42_be5b_4ffc_883a_b4f8eb791b9d
2025-08-13 18:19:09,774 INFO  [io.api.tes.ser.api.KafkaSerdesTester] (Thread-661) Sending message {"key11755109144215": "value-5", "key21755109148601": "value-5"} to topic topic-18c0db42_be5b_4ffc_883a_b4f8eb791b9d
2025-08-13 18:19:09,777 INFO  [io.api.tes.ser.api.KafkaSerdesTester] (Thread-661) Sending message {"key11755109144215": "value-6", "key21755109148601": "value-6"} to topic topic-18c0db42_be5b_4ffc_883a_b4f8eb791b9d
2025-08-13 18:19:09,780 INFO  [io.api.tes.ser.api.KafkaSerdesTester] (Thread-661) Sending message {"key11755109144215": "value-7", "key21755109148601": "value-7"} to topic topic-18c0db42_be5b_4ffc_883a_b4f8eb791b9d
2025-08-13 18:19:09,785 INFO  [io.api.tes.ser.api.KafkaSerdesTester] (Thread-661) Sending message {"key11755109144215": "value-8", "key21755109148601": "value-8"} to topic topic-18c0db42_be5b_4ffc_883a_b4f8eb791b9d
2025-08-13 18:19:09,790 INFO  [io.api.tes.ser.api.KafkaSerdesTester] (Thread-661) Sending message {"key11755109144215": "value-9", "key21755109148601": "value-9"} to topic topic-18c0db42_be5b_4ffc_883a_b4f8eb791b9d
2025-08-13 18:19:09,791 INFO  [io.api.tes.ser.api.KafkaSerdesTester] (Thread-661) Produced 10 messages
2025-08-13 18:19:09,792 INFO  [io.api.tes.ser.api.KafkaSerdesTester] (Thread-662) Sending message {"key11755109144215": "value-0"} to topic topic-18c0db42_be5b_4ffc_883a_b4f8eb791b9d
2025-08-13 18:19:09,794 INFO  [io.api.tes.ser.api.KafkaSerdesTester] (Thread-662) Sending message {"key11755109144215": "value-1"} to topic topic-18c0db42_be5b_4ffc_883a_b4f8eb791b9d
2025-08-13 18:19:09,796 INFO  [io.api.tes.ser.api.KafkaSerdesTester] (Thread-662) Sending message {"key11755109144215": "value-2"} to topic topic-18c0db42_be5b_4ffc_883a_b4f8eb791b9d
2025-08-13 18:19:09,797 INFO  [io.api.tes.ser.api.KafkaSerdesTester] (Thread-662) Sending message {"key11755109144215": "value-3"} to topic topic-18c0db42_be5b_4ffc_883a_b4f8eb791b9d
2025-08-13 18:19:09,799 INFO  [io.api.tes.ser.api.KafkaSerdesTester] (Thread-662) Sending message {"key11755109144215": "value-4"} to topic topic-18c0db42_be5b_4ffc_883a_b4f8eb791b9d
2025-08-13 18:19:09,801 INFO  [io.api.tes.ser.api.KafkaSerdesTester] (Thread-662) Sending message {"key11755109144215": "value-5"} to topic topic-18c0db42_be5b_4ffc_883a_b4f8eb791b9d
2025-08-13 18:19:09,802 INFO  [io.api.tes.ser.api.KafkaSerdesTester] (Thread-662) Sending message {"key11755109144215": "value-6"} to topic topic-18c0db42_be5b_4ffc_883a_b4f8eb791b9d
2025-08-13 18:19:09,804 INFO  [io.api.tes.ser.api.KafkaSerdesTester] (Thread-662) Sending message {"key11755109144215": "value-7"} to topic topic-18c0db42_be5b_4ffc_883a_b4f8eb791b9d
2025-08-13 18:19:09,807 INFO  [io.api.tes.ser.api.KafkaSerdesTester] (Thread-662) Sending message {"key11755109144215": "value-8"} to topic topic-18c0db42_be5b_4ffc_883a_b4f8eb791b9d
2025-08-13 18:19:09,808 INFO  [io.api.tes.ser.api.KafkaSerdesTester] (Thread-662) Sending message {"key11755109144215": "value-9"} to topic topic-18c0db42_be5b_4ffc_883a_b4f8eb791b9d
2025-08-13 18:19:09,810 INFO  [io.api.tes.ser.api.KafkaSerdesTester] (Thread-662) Produced 10 messages
2025-08-13 18:19:09,812 INFO  [org.apa.kaf.cli.con.int.ClassicKafkaConsumer] (Thread-663) [Consumer clientId=consumer-Consumer-topic-18c0db42_be5b_4ffc_883a_b4f8eb791b9d-9, groupId=Consumer-topic-18c0db42_be5b_4ffc_883a_b4f8eb791b9d] Subscribed to topic(s): topic-18c0db42_be5b_4ffc_883a_b4f8eb791b9d
2025-08-13 18:19:09,897 INFO  [io.api.tes.ser.api.KafkaSerdesTester] (Thread-663) topic-18c0db42_be5b_4ffc_883a_b4f8eb791b9d 0 10 {"key11755109144215": "value-0", "key21755109148601": "value-0"}
2025-08-13 18:19:09,897 INFO  [io.api.tes.ser.api.KafkaSerdesTester] (Thread-663) topic-18c0db42_be5b_4ffc_883a_b4f8eb791b9d 0 11 {"key11755109144215": "value-1", "key21755109148601": "value-1"}
2025-08-13 18:19:09,898 INFO  [io.api.tes.ser.api.KafkaSerdesTester] (Thread-663) topic-18c0db42_be5b_4ffc_883a_b4f8eb791b9d 0 12 {"key11755109144215": "value-2", "key21755109148601": "value-2"}
2025-08-13 18:19:09,898 INFO  [io.api.tes.ser.api.KafkaSerdesTester] (Thread-663) topic-18c0db42_be5b_4ffc_883a_b4f8eb791b9d 0 13 {"key11755109144215": "value-3", "key21755109148601": "value-3"}
2025-08-13 18:19:09,898 INFO  [io.api.tes.ser.api.KafkaSerdesTester] (Thread-663) topic-18c0db42_be5b_4ffc_883a_b4f8eb791b9d 0 14 {"key11755109144215": "value-4", "key21755109148601": "value-4"}
2025-08-13 18:19:09,898 INFO  [io.api.tes.ser.api.KafkaSerdesTester] (Thread-663) topic-18c0db42_be5b_4ffc_883a_b4f8eb791b9d 0 15 {"key11755109144215": "value-5", "key21755109148601": "value-5"}
2025-08-13 18:19:09,898 INFO  [io.api.tes.ser.api.KafkaSerdesTester] (Thread-663) topic-18c0db42_be5b_4ffc_883a_b4f8eb791b9d 0 16 {"key11755109144215": "value-6", "key21755109148601": "value-6"}
2025-08-13 18:19:09,898 INFO  [io.api.tes.ser.api.KafkaSerdesTester] (Thread-663) topic-18c0db42_be5b_4ffc_883a_b4f8eb791b9d 0 17 {"key11755109144215": "value-7", "key21755109148601": "value-7"}
2025-08-13 18:19:09,898 INFO  [io.api.tes.ser.api.KafkaSerdesTester] (Thread-663) topic-18c0db42_be5b_4ffc_883a_b4f8eb791b9d 0 18 {"key11755109144215": "value-8", "key21755109148601": "value-8"}
2025-08-13 18:19:09,898 INFO  [io.api.tes.ser.api.KafkaSerdesTester] (Thread-663) topic-18c0db42_be5b_4ffc_883a_b4f8eb791b9d 0 19 {"key11755109144215": "value-9", "key21755109148601": "value-9"}
2025-08-13 18:19:09,898 INFO  [io.api.tes.ser.api.KafkaSerdesTester] (Thread-663) topic-18c0db42_be5b_4ffc_883a_b4f8eb791b9d 0 20 {"key11755109144215": "value-0"}
2025-08-13 18:19:09,898 INFO  [io.api.tes.ser.api.KafkaSerdesTester] (Thread-663) topic-18c0db42_be5b_4ffc_883a_b4f8eb791b9d 0 21 {"key11755109144215": "value-1"}
2025-08-13 18:19:09,898 INFO  [io.api.tes.ser.api.KafkaSerdesTester] (Thread-663) topic-18c0db42_be5b_4ffc_883a_b4f8eb791b9d 0 22 {"key11755109144215": "value-2"}
2025-08-13 18:19:09,898 INFO  [io.api.tes.ser.api.KafkaSerdesTester] (Thread-663) topic-18c0db42_be5b_4ffc_883a_b4f8eb791b9d 0 23 {"key11755109144215": "value-3"}
2025-08-13 18:19:09,898 INFO  [io.api.tes.ser.api.KafkaSerdesTester] (Thread-663) topic-18c0db42_be5b_4ffc_883a_b4f8eb791b9d 0 24 {"key11755109144215": "value-4"}
2025-08-13 18:19:09,898 INFO  [io.api.tes.ser.api.KafkaSerdesTester] (Thread-663) topic-18c0db42_be5b_4ffc_883a_b4f8eb791b9d 0 25 {"key11755109144215": "value-5"}
2025-08-13 18:19:09,898 INFO  [io.api.tes.ser.api.KafkaSerdesTester] (Thread-663) topic-18c0db42_be5b_4ffc_883a_b4f8eb791b9d 0 26 {"key11755109144215": "value-6"}
2025-08-13 18:19:09,898 INFO  [io.api.tes.ser.api.KafkaSerdesTester] (Thread-663) topic-18c0db42_be5b_4ffc_883a_b4f8eb791b9d 0 27 {"key11755109144215": "value-7"}
2025-08-13 18:19:09,898 INFO  [io.api.tes.ser.api.KafkaSerdesTester] (Thread-663) topic-18c0db42_be5b_4ffc_883a_b4f8eb791b9d 0 28 {"key11755109144215": "value-8"}
2025-08-13 18:19:09,898 INFO  [io.api.tes.ser.api.KafkaSerdesTester] (Thread-663) topic-18c0db42_be5b_4ffc_883a_b4f8eb791b9d 0 29 {"key11755109144215": "value-9"}
2025-08-13 18:19:09,899 INFO  [io.api.tes.ser.api.KafkaSerdesTester] (Thread-663) Consumed 20 messages
2025-08-13 18:19:09,899 INFO  [io.api.tes.ser.api.AvroSerdeIT] (main) Registering Avro Schema 3: {"type":"record","name":"s33159c4ax2276x4b62xa592x7d237d203ad4","namespace":"ns_46bb03c8_5632_4361_80ee_7b85a5aa3201","fields":[{"name":"key11755109144215","type":"string"},{"name":"key21755109148601","type":"string"},{"name":"key31755109149899","type":"string"}]}
2025-08-13 18:19:11,011 INFO  [io.api.tes.ser.api.KafkaSerdesTester] (Thread-664) Sending message {"key11755109144215": "value-0", "key21755109148601": "value-0", "key31755109149899": "value-0"} to topic topic-18c0db42_be5b_4ffc_883a_b4f8eb791b9d
2025-08-13 18:19:11,011 INFO  [DefaultSchemaResolver] (Thread-664) Retrieving schema content using string: {"type":"record","name":"s33159c4ax2276x4b62xa592x7d237d203ad4","namespace":"ns_46bb03c8_5632_4361_80ee_7b85a5aa3201","fields":[{"name":"key11755109144215","type":"string"},{"name":"key21755109148601","type":"string"},{"name":"key31755109149899","type":"string"}]}
2025-08-13 18:19:11,064 INFO  [io.api.tes.ser.api.KafkaSerdesTester] (Thread-664) Sending message {"key11755109144215": "value-1", "key21755109148601": "value-1", "key31755109149899": "value-1"} to topic topic-18c0db42_be5b_4ffc_883a_b4f8eb791b9d
2025-08-13 18:19:11,067 INFO  [io.api.tes.ser.api.KafkaSerdesTester] (Thread-664) Sending message {"key11755109144215": "value-2", "key21755109148601": "value-2", "key31755109149899": "value-2"} to topic topic-18c0db42_be5b_4ffc_883a_b4f8eb791b9d
2025-08-13 18:19:11,070 INFO  [io.api.tes.ser.api.KafkaSerdesTester] (Thread-664) Sending message {"key11755109144215": "value-3", "key21755109148601": "value-3", "key31755109149899": "value-3"} to topic topic-18c0db42_be5b_4ffc_883a_b4f8eb791b9d
2025-08-13 18:19:11,073 INFO  [io.api.tes.ser.api.KafkaSerdesTester] (Thread-664) Sending message {"key11755109144215": "value-4", "key21755109148601": "value-4", "key31755109149899": "value-4"} to topic topic-18c0db42_be5b_4ffc_883a_b4f8eb791b9d
2025-08-13 18:19:11,076 INFO  [io.api.tes.ser.api.KafkaSerdesTester] (Thread-664) Sending message {"key11755109144215": "value-5", "key21755109148601": "value-5", "key31755109149899": "value-5"} to topic topic-18c0db42_be5b_4ffc_883a_b4f8eb791b9d
2025-08-13 18:19:11,077 INFO  [io.api.tes.ser.api.KafkaSerdesTester] (Thread-664) Sending message {"key11755109144215": "value-6", "key21755109148601": "value-6", "key31755109149899": "value-6"} to topic topic-18c0db42_be5b_4ffc_883a_b4f8eb791b9d
2025-08-13 18:19:11,080 INFO  [io.api.tes.ser.api.KafkaSerdesTester] (Thread-664) Sending message {"key11755109144215": "value-7", "key21755109148601": "value-7", "key31755109149899": "value-7"} to topic topic-18c0db42_be5b_4ffc_883a_b4f8eb791b9d
2025-08-13 18:19:11,084 INFO  [io.api.tes.ser.api.KafkaSerdesTester] (Thread-664) Sending message {"key11755109144215": "value-8", "key21755109148601": "value-8", "key31755109149899": "value-8"} to topic topic-18c0db42_be5b_4ffc_883a_b4f8eb791b9d
2025-08-13 18:19:11,086 INFO  [io.api.tes.ser.api.KafkaSerdesTester] (Thread-664) Sending message {"key11755109144215": "value-9", "key21755109148601": "value-9", "key31755109149899": "value-9"} to topic topic-18c0db42_be5b_4ffc_883a_b4f8eb791b9d
2025-08-13 18:19:11,091 INFO  [io.api.tes.ser.api.KafkaSerdesTester] (Thread-664) Produced 10 messages
2025-08-13 18:19:11,092 INFO  [io.api.tes.ser.api.KafkaSerdesTester] (Thread-665) Sending message {"key11755109144215": "value-0", "key21755109148601": "value-0"} to topic topic-18c0db42_be5b_4ffc_883a_b4f8eb791b9d
2025-08-13 18:19:11,094 INFO  [io.api.tes.ser.api.KafkaSerdesTester] (Thread-665) Sending message {"key11755109144215": "value-1", "key21755109148601": "value-1"} to topic topic-18c0db42_be5b_4ffc_883a_b4f8eb791b9d
2025-08-13 18:19:11,096 INFO  [io.api.tes.ser.api.KafkaSerdesTester] (Thread-665) Sending message {"key11755109144215": "value-2", "key21755109148601": "value-2"} to topic topic-18c0db42_be5b_4ffc_883a_b4f8eb791b9d
2025-08-13 18:19:11,097 INFO  [io.api.tes.ser.api.KafkaSerdesTester] (Thread-665) Sending message {"key11755109144215": "value-3", "key21755109148601": "value-3"} to topic topic-18c0db42_be5b_4ffc_883a_b4f8eb791b9d
2025-08-13 18:19:11,101 INFO  [io.api.tes.ser.api.KafkaSerdesTester] (Thread-665) Sending message {"key11755109144215": "value-4", "key21755109148601": "value-4"} to topic topic-18c0db42_be5b_4ffc_883a_b4f8eb791b9d
2025-08-13 18:19:11,102 INFO  [io.api.tes.ser.api.KafkaSerdesTester] (Thread-665) Sending message {"key11755109144215": "value-5", "key21755109148601": "value-5"} to topic topic-18c0db42_be5b_4ffc_883a_b4f8eb791b9d
2025-08-13 18:19:11,104 INFO  [io.api.tes.ser.api.KafkaSerdesTester] (Thread-665) Sending message {"key11755109144215": "value-6", "key21755109148601": "value-6"} to topic topic-18c0db42_be5b_4ffc_883a_b4f8eb791b9d
2025-08-13 18:19:11,105 INFO  [io.api.tes.ser.api.KafkaSerdesTester] (Thread-665) Sending message {"key11755109144215": "value-7", "key21755109148601": "value-7"} to topic topic-18c0db42_be5b_4ffc_883a_b4f8eb791b9d
2025-08-13 18:19:11,113 INFO  [io.api.tes.ser.api.KafkaSerdesTester] (Thread-665) Sending message {"key11755109144215": "value-8", "key21755109148601": "value-8"} to topic topic-18c0db42_be5b_4ffc_883a_b4f8eb791b9d
2025-08-13 18:19:11,114 INFO  [io.api.tes.ser.api.KafkaSerdesTester] (Thread-665) Sending message {"key11755109144215": "value-9", "key21755109148601": "value-9"} to topic topic-18c0db42_be5b_4ffc_883a_b4f8eb791b9d
2025-08-13 18:19:11,116 INFO  [io.api.tes.ser.api.KafkaSerdesTester] (Thread-665) Produced 10 messages
2025-08-13 18:19:11,118 INFO  [io.api.tes.ser.api.KafkaSerdesTester] (Thread-666) Sending message {"key11755109144215": "value-0"} to topic topic-18c0db42_be5b_4ffc_883a_b4f8eb791b9d
2025-08-13 18:19:11,119 INFO  [io.api.tes.ser.api.KafkaSerdesTester] (Thread-666) Sending message {"key11755109144215": "value-1"} to topic topic-18c0db42_be5b_4ffc_883a_b4f8eb791b9d
2025-08-13 18:19:11,124 INFO  [io.api.tes.ser.api.KafkaSerdesTester] (Thread-666) Sending message {"key11755109144215": "value-2"} to topic topic-18c0db42_be5b_4ffc_883a_b4f8eb791b9d
2025-08-13 18:19:11,130 INFO  [io.api.tes.ser.api.KafkaSerdesTester] (Thread-666) Sending message {"key11755109144215": "value-3"} to topic topic-18c0db42_be5b_4ffc_883a_b4f8eb791b9d
2025-08-13 18:19:11,132 INFO  [io.api.tes.ser.api.KafkaSerdesTester] (Thread-666) Sending message {"key11755109144215": "value-4"} to topic topic-18c0db42_be5b_4ffc_883a_b4f8eb791b9d
2025-08-13 18:19:11,133 INFO  [io.api.tes.ser.api.KafkaSerdesTester] (Thread-666) Sending message {"key11755109144215": "value-5"} to topic topic-18c0db42_be5b_4ffc_883a_b4f8eb791b9d
2025-08-13 18:19:11,135 INFO  [io.api.tes.ser.api.KafkaSerdesTester] (Thread-666) Sending message {"key11755109144215": "value-6"} to topic topic-18c0db42_be5b_4ffc_883a_b4f8eb791b9d
2025-08-13 18:19:11,136 INFO  [io.api.tes.ser.api.KafkaSerdesTester] (Thread-666) Sending message {"key11755109144215": "value-7"} to topic topic-18c0db42_be5b_4ffc_883a_b4f8eb791b9d
2025-08-13 18:19:11,138 INFO  [io.api.tes.ser.api.KafkaSerdesTester] (Thread-666) Sending message {"key11755109144215": "value-8"} to topic topic-18c0db42_be5b_4ffc_883a_b4f8eb791b9d
2025-08-13 18:19:11,139 INFO  [io.api.tes.ser.api.KafkaSerdesTester] (Thread-666) Sending message {"key11755109144215": "value-9"} to topic topic-18c0db42_be5b_4ffc_883a_b4f8eb791b9d
2025-08-13 18:19:11,140 INFO  [io.api.tes.ser.api.KafkaSerdesTester] (Thread-666) Produced 10 messages
2025-08-13 18:19:11,142 INFO  [org.apa.kaf.cli.con.int.ClassicKafkaConsumer] (Thread-667) [Consumer clientId=consumer-Consumer-topic-18c0db42_be5b_4ffc_883a_b4f8eb791b9d-9, groupId=Consumer-topic-18c0db42_be5b_4ffc_883a_b4f8eb791b9d] Subscribed to topic(s): topic-18c0db42_be5b_4ffc_883a_b4f8eb791b9d
2025-08-13 18:19:11,227 INFO  [io.api.tes.ser.api.KafkaSerdesTester] (Thread-667) topic-18c0db42_be5b_4ffc_883a_b4f8eb791b9d 0 30 {"key11755109144215": "value-0", "key21755109148601": "value-0", "key31755109149899": "value-0"}
2025-08-13 18:19:11,227 INFO  [io.api.tes.ser.api.KafkaSerdesTester] (Thread-667) topic-18c0db42_be5b_4ffc_883a_b4f8eb791b9d 0 31 {"key11755109144215": "value-1", "key21755109148601": "value-1", "key31755109149899": "value-1"}
2025-08-13 18:19:11,227 INFO  [io.api.tes.ser.api.KafkaSerdesTester] (Thread-667) topic-18c0db42_be5b_4ffc_883a_b4f8eb791b9d 0 32 {"key11755109144215": "value-2", "key21755109148601": "value-2", "key31755109149899": "value-2"}
2025-08-13 18:19:11,227 INFO  [io.api.tes.ser.api.KafkaSerdesTester] (Thread-667) topic-18c0db42_be5b_4ffc_883a_b4f8eb791b9d 0 33 {"key11755109144215": "value-3", "key21755109148601": "value-3", "key31755109149899": "value-3"}
2025-08-13 18:19:11,227 INFO  [io.api.tes.ser.api.KafkaSerdesTester] (Thread-667) topic-18c0db42_be5b_4ffc_883a_b4f8eb791b9d 0 34 {"key11755109144215": "value-4", "key21755109148601": "value-4", "key31755109149899": "value-4"}
2025-08-13 18:19:11,228 INFO  [io.api.tes.ser.api.KafkaSerdesTester] (Thread-667) topic-18c0db42_be5b_4ffc_883a_b4f8eb791b9d 0 35 {"key11755109144215": "value-5", "key21755109148601": "value-5", "key31755109149899": "value-5"}
2025-08-13 18:19:11,228 INFO  [io.api.tes.ser.api.KafkaSerdesTester] (Thread-667) topic-18c0db42_be5b_4ffc_883a_b4f8eb791b9d 0 36 {"key11755109144215": "value-6", "key21755109148601": "value-6", "key31755109149899": "value-6"}
2025-08-13 18:19:11,228 INFO  [io.api.tes.ser.api.KafkaSerdesTester] (Thread-667) topic-18c0db42_be5b_4ffc_883a_b4f8eb791b9d 0 37 {"key11755109144215": "value-7", "key21755109148601": "value-7", "key31755109149899": "value-7"}
2025-08-13 18:19:11,228 INFO  [io.api.tes.ser.api.KafkaSerdesTester] (Thread-667) topic-18c0db42_be5b_4ffc_883a_b4f8eb791b9d 0 38 {"key11755109144215": "value-8", "key21755109148601": "value-8", "key31755109149899": "value-8"}
2025-08-13 18:19:11,228 INFO  [io.api.tes.ser.api.KafkaSerdesTester] (Thread-667) topic-18c0db42_be5b_4ffc_883a_b4f8eb791b9d 0 39 {"key11755109144215": "value-9", "key21755109148601": "value-9", "key31755109149899": "value-9"}
2025-08-13 18:19:11,228 INFO  [io.api.tes.ser.api.KafkaSerdesTester] (Thread-667) topic-18c0db42_be5b_4ffc_883a_b4f8eb791b9d 0 40 {"key11755109144215": "value-0", "key21755109148601": "value-0"}
2025-08-13 18:19:11,228 INFO  [io.api.tes.ser.api.KafkaSerdesTester] (Thread-667) topic-18c0db42_be5b_4ffc_883a_b4f8eb791b9d 0 41 {"key11755109144215": "value-1", "key21755109148601": "value-1"}
2025-08-13 18:19:11,228 INFO  [io.api.tes.ser.api.KafkaSerdesTester] (Thread-667) topic-18c0db42_be5b_4ffc_883a_b4f8eb791b9d 0 42 {"key11755109144215": "value-2", "key21755109148601": "value-2"}
2025-08-13 18:19:11,228 INFO  [io.api.tes.ser.api.KafkaSerdesTester] (Thread-667) topic-18c0db42_be5b_4ffc_883a_b4f8eb791b9d 0 43 {"key11755109144215": "value-3", "key21755109148601": "value-3"}
2025-08-13 18:19:11,228 INFO  [io.api.tes.ser.api.KafkaSerdesTester] (Thread-667) topic-18c0db42_be5b_4ffc_883a_b4f8eb791b9d 0 44 {"key11755109144215": "value-4", "key21755109148601": "value-4"}
2025-08-13 18:19:11,228 INFO  [io.api.tes.ser.api.KafkaSerdesTester] (Thread-667) topic-18c0db42_be5b_4ffc_883a_b4f8eb791b9d 0 45 {"key11755109144215": "value-5", "key21755109148601": "value-5"}
2025-08-13 18:19:11,228 INFO  [io.api.tes.ser.api.KafkaSerdesTester] (Thread-667) topic-18c0db42_be5b_4ffc_883a_b4f8eb791b9d 0 46 {"key11755109144215": "value-6", "key21755109148601": "value-6"}
2025-08-13 18:19:11,228 INFO  [io.api.tes.ser.api.KafkaSerdesTester] (Thread-667) topic-18c0db42_be5b_4ffc_883a_b4f8eb791b9d 0 47 {"key11755109144215": "value-7", "key21755109148601": "value-7"}
2025-08-13 18:19:11,228 INFO  [io.api.tes.ser.api.KafkaSerdesTester] (Thread-667) topic-18c0db42_be5b_4ffc_883a_b4f8eb791b9d 0 48 {"key11755109144215": "value-8", "key21755109148601": "value-8"}
2025-08-13 18:19:11,228 INFO  [io.api.tes.ser.api.KafkaSerdesTester] (Thread-667) topic-18c0db42_be5b_4ffc_883a_b4f8eb791b9d 0 49 {"key11755109144215": "value-9", "key21755109148601": "value-9"}
2025-08-13 18:19:11,228 INFO  [io.api.tes.ser.api.KafkaSerdesTester] (Thread-667) topic-18c0db42_be5b_4ffc_883a_b4f8eb791b9d 0 50 {"key11755109144215": "value-0"}
2025-08-13 18:19:11,228 INFO  [io.api.tes.ser.api.KafkaSerdesTester] (Thread-667) topic-18c0db42_be5b_4ffc_883a_b4f8eb791b9d 0 51 {"key11755109144215": "value-1"}
2025-08-13 18:19:11,228 INFO  [io.api.tes.ser.api.KafkaSerdesTester] (Thread-667) topic-18c0db42_be5b_4ffc_883a_b4f8eb791b9d 0 52 {"key11755109144215": "value-2"}
2025-08-13 18:19:11,228 INFO  [io.api.tes.ser.api.KafkaSerdesTester] (Thread-667) topic-18c0db42_be5b_4ffc_883a_b4f8eb791b9d 0 53 {"key11755109144215": "value-3"}
2025-08-13 18:19:11,228 INFO  [io.api.tes.ser.api.KafkaSerdesTester] (Thread-667) topic-18c0db42_be5b_4ffc_883a_b4f8eb791b9d 0 54 {"key11755109144215": "value-4"}
2025-08-13 18:19:11,228 INFO  [io.api.tes.ser.api.KafkaSerdesTester] (Thread-667) topic-18c0db42_be5b_4ffc_883a_b4f8eb791b9d 0 55 {"key11755109144215": "value-5"}
2025-08-13 18:19:11,228 INFO  [io.api.tes.ser.api.KafkaSerdesTester] (Thread-667) topic-18c0db42_be5b_4ffc_883a_b4f8eb791b9d 0 56 {"key11755109144215": "value-6"}
2025-08-13 18:19:11,229 INFO  [io.api.tes.ser.api.KafkaSerdesTester] (Thread-667) topic-18c0db42_be5b_4ffc_883a_b4f8eb791b9d 0 57 {"key11755109144215": "value-7"}
2025-08-13 18:19:11,229 INFO  [io.api.tes.ser.api.KafkaSerdesTester] (Thread-667) topic-18c0db42_be5b_4ffc_883a_b4f8eb791b9d 0 58 {"key11755109144215": "value-8"}
2025-08-13 18:19:11,229 INFO  [io.api.tes.ser.api.KafkaSerdesTester] (Thread-667) topic-18c0db42_be5b_4ffc_883a_b4f8eb791b9d 0 59 {"key11755109144215": "value-9"}
2025-08-13 18:19:11,229 INFO  [io.api.tes.ser.api.KafkaSerdesTester] (Thread-667) Consumed 30 messages
2025-08-13 18:19:11,229 INFO  [org.apa.kaf.cli.pro.KafkaProducer] (main) [Producer clientId=Producer-topic-18c0db42_be5b_4ffc_883a_b4f8eb791b9d] Closing the Kafka producer with timeoutMillis = 9223372036854775807 ms.
2025-08-13 18:19:11,232 INFO  [org.apa.kaf.com.met.Metrics] (main) Metrics scheduler closed
2025-08-13 18:19:11,232 INFO  [org.apa.kaf.com.met.Metrics] (main) Closing reporter org.apache.kafka.common.metrics.JmxReporter
2025-08-13 18:19:11,232 INFO  [org.apa.kaf.com.met.Metrics] (main) Closing reporter org.apache.kafka.common.telemetry.internals.ClientTelemetryReporter
2025-08-13 18:19:11,232 INFO  [org.apa.kaf.com.met.Metrics] (main) Metrics reporters closed
2025-08-13 18:19:11,232 INFO  [org.apa.kaf.com.uti.AppInfoParser] (main) App info kafka.producer for Producer-topic-18c0db42_be5b_4ffc_883a_b4f8eb791b9d unregistered
2025-08-13 18:19:11,239 INFO  [org.apa.kaf.cli.con.int.ConsumerRebalanceListenerInvoker] (main) [Consumer clientId=consumer-Consumer-topic-18c0db42_be5b_4ffc_883a_b4f8eb791b9d-9, groupId=Consumer-topic-18c0db42_be5b_4ffc_883a_b4f8eb791b9d] Revoke previously assigned partitions topic-18c0db42_be5b_4ffc_883a_b4f8eb791b9d-0
2025-08-13 18:19:11,239 INFO  [org.apa.kaf.cli.con.int.ConsumerCoordinator] (main) [Consumer clientId=consumer-Consumer-topic-18c0db42_be5b_4ffc_883a_b4f8eb791b9d-9, groupId=Consumer-topic-18c0db42_be5b_4ffc_883a_b4f8eb791b9d] Member consumer-Consumer-topic-18c0db42_be5b_4ffc_883a_b4f8eb791b9d-9-99aa559a-ffb4-49a3-b380-d4c1b7fba4d6 sending LeaveGroup request to coordinator localhost:32769 (id: 2147483647 rack: null) due to the consumer is being closed
2025-08-13 18:19:11,239 INFO  [org.apa.kaf.cli.con.int.ConsumerCoordinator] (main) [Consumer clientId=consumer-Consumer-topic-18c0db42_be5b_4ffc_883a_b4f8eb791b9d-9, groupId=Consumer-topic-18c0db42_be5b_4ffc_883a_b4f8eb791b9d] Resetting generation and member id due to: consumer pro-actively leaving the group
2025-08-13 18:19:11,239 INFO  [org.apa.kaf.cli.con.int.ConsumerCoordinator] (main) [Consumer clientId=consumer-Consumer-topic-18c0db42_be5b_4ffc_883a_b4f8eb791b9d-9, groupId=Consumer-topic-18c0db42_be5b_4ffc_883a_b4f8eb791b9d] Request joining group due to: consumer pro-actively leaving the group
2025-08-13 18:19:11,730 INFO  [org.apa.kaf.com.met.Metrics] (main) Metrics scheduler closed
2025-08-13 18:19:11,730 INFO  [org.apa.kaf.com.met.Metrics] (main) Closing reporter org.apache.kafka.common.metrics.JmxReporter
2025-08-13 18:19:11,730 INFO  [org.apa.kaf.com.met.Metrics] (main) Closing reporter org.apache.kafka.common.telemetry.internals.ClientTelemetryReporter
2025-08-13 18:19:11,731 INFO  [org.apa.kaf.com.met.Metrics] (main) Metrics reporters closed
2025-08-13 18:19:11,733 INFO  [org.apa.kaf.com.uti.AppInfoParser] (main) App info kafka.consumer for consumer-Consumer-topic-18c0db42_be5b_4ffc_883a_b4f8eb791b9d-9 unregistered
2025-08-13 18:19:11,733 INFO  [io.api.tes.uti.TestSeparator] (main) io.apicurio.tests.serdes.apicurio.AvroSerdeIT.testEvolveAvroApicurioReusingClient-FINISHED
2025-08-13 18:19:11,734 INFO  [io.api.tes.uti.TestSeparator] (main) ############################################################################
Test passed: testEvolveAvroApicurioReusingClient
]]></system-out>
  </testcase>
  <testcase name="testProducerUsesDefaultConsumerUsesGlobalId" classname="io.apicurio.tests.serdes.apicurio.AvroSerdeIT" time="0.0">
    <skipped message="void io.apicurio.tests.serdes.apicurio.AvroSerdeIT.testProducerUsesDefaultConsumerUsesGlobalId() throws java.lang.Exception is @Disabled"/>
  </testcase>
  <testcase name="testEvolveAvroApicurio" classname="io.apicurio.tests.serdes.apicurio.AvroSerdeIT" time="15.479">
    <system-out><![CDATA[2025-08-13 18:19:11,740 INFO  [io.api.tes.uti.TestSeparator] (main) ############################################################################
2025-08-13 18:19:11,740 INFO  [io.api.tes.uti.TestSeparator] (main) io.apicurio.tests.serdes.apicurio.AvroSerdeIT.testEvolveAvroApicurio-STARTED
2025-08-13 18:19:11,740 INFO  [io.api.tes.ser.api.AvroSerdeIT] (main) Registering Avro Schema: {"type":"record","name":"s66aed414xc2a2x469ax87b0x552244b35148","namespace":"ns_a80b9543_439a_4803_a6f0_e8a978f40891","fields":[{"name":"key11755109151740","type":"string"}]}
**** Registry Base URL: http://registry-app-pg17.apps.ci419.apicurio-testing.org:80
2025-08-13 18:19:12,855 INFO  [org.apa.kaf.cli.pro.ProducerConfig] (main) ProducerConfig values: 
	acks = -1
	auto.include.jmx.reporter = true
	batch.size = 16384
	bootstrap.servers = [PLAINTEXT://localhost:32769]
	buffer.memory = 33554432
	client.dns.lookup = use_all_dns_ips
	client.id = Producer-topic-cc4c502a_f8f3_4770_9ef8_9902dbae128d
	compression.gzip.level = -1
	compression.lz4.level = 9
	compression.type = none
	compression.zstd.level = 3
	connections.max.idle.ms = 10000
	delivery.timeout.ms = 120000
	enable.idempotence = true
	enable.metrics.push = true
	interceptor.classes = []
	key.serializer = class org.apache.kafka.common.serialization.StringSerializer
	linger.ms = 0
	max.block.ms = 60000
	max.in.flight.requests.per.connection = 5
	max.request.size = 1048576
	metadata.max.age.ms = 300000
	metadata.max.idle.ms = 300000
	metadata.recovery.strategy = none
	metric.reporters = []
	metrics.num.samples = 2
	metrics.recording.level = INFO
	metrics.sample.window.ms = 30000
	partitioner.adaptive.partitioning.enable = true
	partitioner.availability.timeout.ms = 0
	partitioner.class = null
	partitioner.ignore.keys = false
	receive.buffer.bytes = 32768
	reconnect.backoff.max.ms = 1000
	reconnect.backoff.ms = 50
	request.timeout.ms = 5000
	retries = 2147483647
	retry.backoff.max.ms = 1000
	retry.backoff.ms = 100
	sasl.client.callback.handler.class = null
	sasl.jaas.config = null
	sasl.kerberos.kinit.cmd = /usr/bin/kinit
	sasl.kerberos.min.time.before.relogin = 60000
	sasl.kerberos.service.name = null
	sasl.kerberos.ticket.renew.jitter = 0.05
	sasl.kerberos.ticket.renew.window.factor = 0.8
	sasl.login.callback.handler.class = null
	sasl.login.class = null
	sasl.login.connect.timeout.ms = null
	sasl.login.read.timeout.ms = null
	sasl.login.refresh.buffer.seconds = 300
	sasl.login.refresh.min.period.seconds = 60
	sasl.login.refresh.window.factor = 0.8
	sasl.login.refresh.window.jitter = 0.05
	sasl.login.retry.backoff.max.ms = 10000
	sasl.login.retry.backoff.ms = 100
	sasl.mechanism = GSSAPI
	sasl.oauthbearer.clock.skew.seconds = 30
	sasl.oauthbearer.expected.audience = null
	sasl.oauthbearer.expected.issuer = null
	sasl.oauthbearer.header.urlencode = false
	sasl.oauthbearer.jwks.endpoint.refresh.ms = 3600000
	sasl.oauthbearer.jwks.endpoint.retry.backoff.max.ms = 10000
	sasl.oauthbearer.jwks.endpoint.retry.backoff.ms = 100
	sasl.oauthbearer.jwks.endpoint.url = null
	sasl.oauthbearer.scope.claim.name = scope
	sasl.oauthbearer.sub.claim.name = sub
	sasl.oauthbearer.token.endpoint.url = null
	security.protocol = PLAINTEXT
	security.providers = null
	send.buffer.bytes = 131072
	socket.connection.setup.timeout.max.ms = 30000
	socket.connection.setup.timeout.ms = 10000
	ssl.cipher.suites = null
	ssl.enabled.protocols = [TLSv1.2, TLSv1.3]
	ssl.endpoint.identification.algorithm = https
	ssl.engine.factory.class = null
	ssl.key.password = null
	ssl.keymanager.algorithm = SunX509
	ssl.keystore.certificate.chain = null
	ssl.keystore.key = null
	ssl.keystore.location = null
	ssl.keystore.password = null
	ssl.keystore.type = JKS
	ssl.protocol = TLSv1.3
	ssl.provider = null
	ssl.secure.random.implementation = null
	ssl.trustmanager.algorithm = PKIX
	ssl.truststore.certificates = null
	ssl.truststore.location = null
	ssl.truststore.password = null
	ssl.truststore.type = JKS
	transaction.timeout.ms = 60000
	transactional.id = null
	value.serializer = class io.apicurio.registry.serde.avro.AvroKafkaSerializer

2025-08-13 18:19:12,855 INFO  [org.apa.kaf.com.tel.int.KafkaMetricsCollector] (main) initializing Kafka metrics collector
2025-08-13 18:19:12,864 INFO  [org.apa.kaf.cli.pro.KafkaProducer] (main) [Producer clientId=Producer-topic-cc4c502a_f8f3_4770_9ef8_9902dbae128d] Instantiated an idempotent producer.
2025-08-13 18:19:12,869 INFO  [org.apa.kaf.cli.pro.ProducerConfig] (main) These configurations '[apicurio.registry.url, apicurio.registry.artifact-resolver-strategy]' were supplied but are not used yet.
2025-08-13 18:19:12,870 INFO  [org.apa.kaf.com.uti.AppInfoParser] (main) Kafka version: 3.9.1
2025-08-13 18:19:12,870 INFO  [org.apa.kaf.com.uti.AppInfoParser] (main) Kafka commitId: f745dfdcee2b9851
2025-08-13 18:19:12,870 INFO  [org.apa.kaf.com.uti.AppInfoParser] (main) Kafka startTimeMs: 1755109152870
**** Registry Base URL: http://registry-app-pg17.apps.ci419.apicurio-testing.org:80
2025-08-13 18:19:12,873 INFO  [org.apa.kaf.cli.con.ConsumerConfig] (main) ConsumerConfig values: 
	allow.auto.create.topics = true
	auto.commit.interval.ms = 500
	auto.include.jmx.reporter = true
	auto.offset.reset = earliest
	bootstrap.servers = [PLAINTEXT://localhost:32769]
	check.crcs = true
	client.dns.lookup = use_all_dns_ips
	client.id = consumer-Consumer-topic-cc4c502a_f8f3_4770_9ef8_9902dbae128d-10
	client.rack = 
	connections.max.idle.ms = 10000
	default.api.timeout.ms = 60000
	enable.auto.commit = true
	enable.metrics.push = true
	exclude.internal.topics = true
	fetch.max.bytes = 52428800
	fetch.max.wait.ms = 500
	fetch.min.bytes = 1
	group.id = Consumer-topic-cc4c502a_f8f3_4770_9ef8_9902dbae128d
	group.instance.id = null
	group.protocol = classic
	group.remote.assignor = null
	heartbeat.interval.ms = 3000
	interceptor.classes = []
	internal.leave.group.on.close = true
	internal.throw.on.fetch.stable.offset.unsupported = false
	isolation.level = read_uncommitted
	key.deserializer = class org.apache.kafka.common.serialization.StringDeserializer
	max.partition.fetch.bytes = 1048576
	max.poll.interval.ms = 300000
	max.poll.records = 500
	metadata.max.age.ms = 300000
	metadata.recovery.strategy = none
	metric.reporters = []
	metrics.num.samples = 2
	metrics.recording.level = INFO
	metrics.sample.window.ms = 30000
	partition.assignment.strategy = [class org.apache.kafka.clients.consumer.RangeAssignor, class org.apache.kafka.clients.consumer.CooperativeStickyAssignor]
	receive.buffer.bytes = 65536
	reconnect.backoff.max.ms = 1000
	reconnect.backoff.ms = 50
	request.timeout.ms = 5000
	retry.backoff.max.ms = 1000
	retry.backoff.ms = 100
	sasl.client.callback.handler.class = null
	sasl.jaas.config = null
	sasl.kerberos.kinit.cmd = /usr/bin/kinit
	sasl.kerberos.min.time.before.relogin = 60000
	sasl.kerberos.service.name = null
	sasl.kerberos.ticket.renew.jitter = 0.05
	sasl.kerberos.ticket.renew.window.factor = 0.8
	sasl.login.callback.handler.class = null
	sasl.login.class = null
	sasl.login.connect.timeout.ms = null
	sasl.login.read.timeout.ms = null
	sasl.login.refresh.buffer.seconds = 300
	sasl.login.refresh.min.period.seconds = 60
	sasl.login.refresh.window.factor = 0.8
	sasl.login.refresh.window.jitter = 0.05
	sasl.login.retry.backoff.max.ms = 10000
	sasl.login.retry.backoff.ms = 100
	sasl.mechanism = GSSAPI
	sasl.oauthbearer.clock.skew.seconds = 30
	sasl.oauthbearer.expected.audience = null
	sasl.oauthbearer.expected.issuer = null
	sasl.oauthbearer.header.urlencode = false
	sasl.oauthbearer.jwks.endpoint.refresh.ms = 3600000
	sasl.oauthbearer.jwks.endpoint.retry.backoff.max.ms = 10000
	sasl.oauthbearer.jwks.endpoint.retry.backoff.ms = 100
	sasl.oauthbearer.jwks.endpoint.url = null
	sasl.oauthbearer.scope.claim.name = scope
	sasl.oauthbearer.sub.claim.name = sub
	sasl.oauthbearer.token.endpoint.url = null
	security.protocol = PLAINTEXT
	security.providers = null
	send.buffer.bytes = 131072
	session.timeout.ms = 45000
	socket.connection.setup.timeout.max.ms = 30000
	socket.connection.setup.timeout.ms = 10000
	ssl.cipher.suites = null
	ssl.enabled.protocols = [TLSv1.2, TLSv1.3]
	ssl.endpoint.identification.algorithm = https
	ssl.engine.factory.class = null
	ssl.key.password = null
	ssl.keymanager.algorithm = SunX509
	ssl.keystore.certificate.chain = null
	ssl.keystore.key = null
	ssl.keystore.location = null
	ssl.keystore.password = null
	ssl.keystore.type = JKS
	ssl.protocol = TLSv1.3
	ssl.provider = null
	ssl.secure.random.implementation = null
	ssl.trustmanager.algorithm = PKIX
	ssl.truststore.certificates = null
	ssl.truststore.location = null
	ssl.truststore.password = null
	ssl.truststore.type = JKS
	value.deserializer = class io.apicurio.registry.serde.avro.AvroKafkaDeserializer

2025-08-13 18:19:12,873 INFO  [org.apa.kaf.com.tel.int.KafkaMetricsCollector] (main) initializing Kafka metrics collector
2025-08-13 18:19:12,875 INFO  [org.apa.kaf.cli.Metadata] (kafka-producer-network-thread | Producer-topic-cc4c502a_f8f3_4770_9ef8_9902dbae128d) [Producer clientId=Producer-topic-cc4c502a_f8f3_4770_9ef8_9902dbae128d] Cluster ID: sAToZ0WATkWwuQb_OH8PpQ
2025-08-13 18:19:12,881 INFO  [org.apa.kaf.cli.pro.int.TransactionManager] (kafka-producer-network-thread | Producer-topic-cc4c502a_f8f3_4770_9ef8_9902dbae128d) [Producer clientId=Producer-topic-cc4c502a_f8f3_4770_9ef8_9902dbae128d] ProducerId set to 12 with epoch 0
2025-08-13 18:19:12,886 INFO  [org.apa.kaf.cli.con.ConsumerConfig] (main) These configurations '[apicurio.registry.url]' were supplied but are not used yet.
2025-08-13 18:19:12,886 INFO  [org.apa.kaf.com.uti.AppInfoParser] (main) Kafka version: 3.9.1
2025-08-13 18:19:12,886 INFO  [org.apa.kaf.com.uti.AppInfoParser] (main) Kafka commitId: f745dfdcee2b9851
2025-08-13 18:19:12,886 INFO  [org.apa.kaf.com.uti.AppInfoParser] (main) Kafka startTimeMs: 1755109152886
2025-08-13 18:19:12,887 INFO  [io.api.tes.ser.api.KafkaSerdesTester] (Thread-672) Sending message {"key11755109151740": "value-0"} to topic topic-cc4c502a_f8f3_4770_9ef8_9902dbae128d
2025-08-13 18:19:12,888 INFO  [DefaultSchemaResolver] (Thread-672) Retrieving schema content using string: {"type":"record","name":"s66aed414xc2a2x469ax87b0x552244b35148","namespace":"ns_a80b9543_439a_4803_a6f0_e8a978f40891","fields":[{"name":"key11755109151740","type":"string"}]}
2025-08-13 18:19:12,984 INFO  [io.api.tes.ser.api.KafkaSerdesTester] (Thread-672) Sending message {"key11755109151740": "value-1"} to topic topic-cc4c502a_f8f3_4770_9ef8_9902dbae128d
2025-08-13 18:19:12,987 INFO  [io.api.tes.ser.api.KafkaSerdesTester] (Thread-672) Sending message {"key11755109151740": "value-2"} to topic topic-cc4c502a_f8f3_4770_9ef8_9902dbae128d
2025-08-13 18:19:12,989 INFO  [io.api.tes.ser.api.KafkaSerdesTester] (Thread-672) Sending message {"key11755109151740": "value-3"} to topic topic-cc4c502a_f8f3_4770_9ef8_9902dbae128d
2025-08-13 18:19:12,991 INFO  [io.api.tes.ser.api.KafkaSerdesTester] (Thread-672) Sending message {"key11755109151740": "value-4"} to topic topic-cc4c502a_f8f3_4770_9ef8_9902dbae128d
2025-08-13 18:19:12,994 INFO  [io.api.tes.ser.api.KafkaSerdesTester] (Thread-672) Sending message {"key11755109151740": "value-5"} to topic topic-cc4c502a_f8f3_4770_9ef8_9902dbae128d
2025-08-13 18:19:12,996 INFO  [io.api.tes.ser.api.KafkaSerdesTester] (Thread-672) Sending message {"key11755109151740": "value-6"} to topic topic-cc4c502a_f8f3_4770_9ef8_9902dbae128d
2025-08-13 18:19:12,998 INFO  [io.api.tes.ser.api.KafkaSerdesTester] (Thread-672) Sending message {"key11755109151740": "value-7"} to topic topic-cc4c502a_f8f3_4770_9ef8_9902dbae128d
2025-08-13 18:19:13,000 INFO  [io.api.tes.ser.api.KafkaSerdesTester] (Thread-672) Sending message {"key11755109151740": "value-8"} to topic topic-cc4c502a_f8f3_4770_9ef8_9902dbae128d
2025-08-13 18:19:13,002 INFO  [io.api.tes.ser.api.KafkaSerdesTester] (Thread-672) Sending message {"key11755109151740": "value-9"} to topic topic-cc4c502a_f8f3_4770_9ef8_9902dbae128d
2025-08-13 18:19:13,005 INFO  [io.api.tes.ser.api.KafkaSerdesTester] (Thread-672) Produced 10 messages
2025-08-13 18:19:13,006 INFO  [org.apa.kaf.cli.pro.KafkaProducer] (Thread-672) [Producer clientId=Producer-topic-cc4c502a_f8f3_4770_9ef8_9902dbae128d] Closing the Kafka producer with timeoutMillis = 9223372036854775807 ms.
2025-08-13 18:19:13,008 INFO  [org.apa.kaf.com.met.Metrics] (Thread-672) Metrics scheduler closed
2025-08-13 18:19:13,008 INFO  [org.apa.kaf.com.met.Metrics] (Thread-672) Closing reporter org.apache.kafka.common.metrics.JmxReporter
2025-08-13 18:19:13,008 INFO  [org.apa.kaf.com.met.Metrics] (Thread-672) Closing reporter org.apache.kafka.common.telemetry.internals.ClientTelemetryReporter
2025-08-13 18:19:13,008 INFO  [org.apa.kaf.com.met.Metrics] (Thread-672) Metrics reporters closed
2025-08-13 18:19:13,009 INFO  [org.apa.kaf.com.uti.AppInfoParser] (Thread-672) App info kafka.producer for Producer-topic-cc4c502a_f8f3_4770_9ef8_9902dbae128d unregistered
2025-08-13 18:19:13,010 INFO  [org.apa.kaf.cli.con.int.ClassicKafkaConsumer] (Thread-673) [Consumer clientId=consumer-Consumer-topic-cc4c502a_f8f3_4770_9ef8_9902dbae128d-10, groupId=Consumer-topic-cc4c502a_f8f3_4770_9ef8_9902dbae128d] Subscribed to topic(s): topic-cc4c502a_f8f3_4770_9ef8_9902dbae128d
2025-08-13 18:19:13,021 INFO  [org.apa.kaf.cli.Metadata] (Thread-673) [Consumer clientId=consumer-Consumer-topic-cc4c502a_f8f3_4770_9ef8_9902dbae128d-10, groupId=Consumer-topic-cc4c502a_f8f3_4770_9ef8_9902dbae128d] Cluster ID: sAToZ0WATkWwuQb_OH8PpQ
2025-08-13 18:19:13,025 INFO  [org.apa.kaf.cli.con.int.ConsumerCoordinator] (Thread-673) [Consumer clientId=consumer-Consumer-topic-cc4c502a_f8f3_4770_9ef8_9902dbae128d-10, groupId=Consumer-topic-cc4c502a_f8f3_4770_9ef8_9902dbae128d] Discovered group coordinator localhost:32769 (id: 2147483647 rack: null)
2025-08-13 18:19:13,030 INFO  [org.apa.kaf.cli.con.int.ConsumerCoordinator] (Thread-673) [Consumer clientId=consumer-Consumer-topic-cc4c502a_f8f3_4770_9ef8_9902dbae128d-10, groupId=Consumer-topic-cc4c502a_f8f3_4770_9ef8_9902dbae128d] (Re-)joining group
2025-08-13 18:19:13,036 INFO  [org.apa.kaf.cli.con.int.ConsumerCoordinator] (Thread-673) [Consumer clientId=consumer-Consumer-topic-cc4c502a_f8f3_4770_9ef8_9902dbae128d-10, groupId=Consumer-topic-cc4c502a_f8f3_4770_9ef8_9902dbae128d] Request joining group due to: need to re-join with the given member-id: consumer-Consumer-topic-cc4c502a_f8f3_4770_9ef8_9902dbae128d-10-6fd5b092-fd56-497f-9279-bcc7c062505d
2025-08-13 18:19:13,036 INFO  [org.apa.kaf.cli.con.int.ConsumerCoordinator] (Thread-673) [Consumer clientId=consumer-Consumer-topic-cc4c502a_f8f3_4770_9ef8_9902dbae128d-10, groupId=Consumer-topic-cc4c502a_f8f3_4770_9ef8_9902dbae128d] (Re-)joining group
2025-08-13 18:19:14,010 INFO  [io.api.tes.ser.api.KafkaSerdesTester] (Thread-673) None found
2025-08-13 18:19:15,011 INFO  [io.api.tes.ser.api.KafkaSerdesTester] (Thread-673) None found
2025-08-13 18:19:16,013 INFO  [io.api.tes.ser.api.KafkaSerdesTester] (Thread-673) None found
2025-08-13 18:19:16,039 INFO  [org.apa.kaf.cli.con.int.ConsumerCoordinator] (Thread-673) [Consumer clientId=consumer-Consumer-topic-cc4c502a_f8f3_4770_9ef8_9902dbae128d-10, groupId=Consumer-topic-cc4c502a_f8f3_4770_9ef8_9902dbae128d] Successfully joined group with generation Generation{generationId=1, memberId='consumer-Consumer-topic-cc4c502a_f8f3_4770_9ef8_9902dbae128d-10-6fd5b092-fd56-497f-9279-bcc7c062505d', protocol='range'}
2025-08-13 18:19:16,039 INFO  [org.apa.kaf.cli.con.int.ConsumerCoordinator] (Thread-673) [Consumer clientId=consumer-Consumer-topic-cc4c502a_f8f3_4770_9ef8_9902dbae128d-10, groupId=Consumer-topic-cc4c502a_f8f3_4770_9ef8_9902dbae128d] Finished assignment for group at generation 1: {consumer-Consumer-topic-cc4c502a_f8f3_4770_9ef8_9902dbae128d-10-6fd5b092-fd56-497f-9279-bcc7c062505d=Assignment(partitions=[topic-cc4c502a_f8f3_4770_9ef8_9902dbae128d-0])}
2025-08-13 18:19:16,046 INFO  [org.apa.kaf.cli.con.int.ConsumerCoordinator] (Thread-673) [Consumer clientId=consumer-Consumer-topic-cc4c502a_f8f3_4770_9ef8_9902dbae128d-10, groupId=Consumer-topic-cc4c502a_f8f3_4770_9ef8_9902dbae128d] Successfully synced group in generation Generation{generationId=1, memberId='consumer-Consumer-topic-cc4c502a_f8f3_4770_9ef8_9902dbae128d-10-6fd5b092-fd56-497f-9279-bcc7c062505d', protocol='range'}
2025-08-13 18:19:16,046 INFO  [org.apa.kaf.cli.con.int.ConsumerCoordinator] (Thread-673) [Consumer clientId=consumer-Consumer-topic-cc4c502a_f8f3_4770_9ef8_9902dbae128d-10, groupId=Consumer-topic-cc4c502a_f8f3_4770_9ef8_9902dbae128d] Notifying assignor about the new Assignment(partitions=[topic-cc4c502a_f8f3_4770_9ef8_9902dbae128d-0])
2025-08-13 18:19:16,046 INFO  [org.apa.kaf.cli.con.int.ConsumerRebalanceListenerInvoker] (Thread-673) [Consumer clientId=consumer-Consumer-topic-cc4c502a_f8f3_4770_9ef8_9902dbae128d-10, groupId=Consumer-topic-cc4c502a_f8f3_4770_9ef8_9902dbae128d] Adding newly assigned partitions: topic-cc4c502a_f8f3_4770_9ef8_9902dbae128d-0
2025-08-13 18:19:16,047 INFO  [org.apa.kaf.cli.con.int.ConsumerCoordinator] (Thread-673) [Consumer clientId=consumer-Consumer-topic-cc4c502a_f8f3_4770_9ef8_9902dbae128d-10, groupId=Consumer-topic-cc4c502a_f8f3_4770_9ef8_9902dbae128d] Found no committed offset for partition topic-cc4c502a_f8f3_4770_9ef8_9902dbae128d-0
2025-08-13 18:19:16,052 INFO  [org.apa.kaf.cli.con.int.SubscriptionState] (Thread-673) [Consumer clientId=consumer-Consumer-topic-cc4c502a_f8f3_4770_9ef8_9902dbae128d-10, groupId=Consumer-topic-cc4c502a_f8f3_4770_9ef8_9902dbae128d] Resetting offset for partition topic-cc4c502a_f8f3_4770_9ef8_9902dbae128d-0 to position FetchPosition{offset=0, offsetEpoch=Optional.empty, currentLeader=LeaderAndEpoch{leader=Optional[localhost:32769 (id: 0 rack: null)], epoch=0}}.
2025-08-13 18:19:16,196 INFO  [io.api.tes.ser.api.KafkaSerdesTester] (Thread-673) topic-cc4c502a_f8f3_4770_9ef8_9902dbae128d 0 0 {"key11755109151740": "value-0"}
2025-08-13 18:19:16,196 INFO  [io.api.tes.ser.api.KafkaSerdesTester] (Thread-673) topic-cc4c502a_f8f3_4770_9ef8_9902dbae128d 0 1 {"key11755109151740": "value-1"}
2025-08-13 18:19:16,196 INFO  [io.api.tes.ser.api.KafkaSerdesTester] (Thread-673) topic-cc4c502a_f8f3_4770_9ef8_9902dbae128d 0 2 {"key11755109151740": "value-2"}
2025-08-13 18:19:16,196 INFO  [io.api.tes.ser.api.KafkaSerdesTester] (Thread-673) topic-cc4c502a_f8f3_4770_9ef8_9902dbae128d 0 3 {"key11755109151740": "value-3"}
2025-08-13 18:19:16,196 INFO  [io.api.tes.ser.api.KafkaSerdesTester] (Thread-673) topic-cc4c502a_f8f3_4770_9ef8_9902dbae128d 0 4 {"key11755109151740": "value-4"}
2025-08-13 18:19:16,196 INFO  [io.api.tes.ser.api.KafkaSerdesTester] (Thread-673) topic-cc4c502a_f8f3_4770_9ef8_9902dbae128d 0 5 {"key11755109151740": "value-5"}
2025-08-13 18:19:16,196 INFO  [io.api.tes.ser.api.KafkaSerdesTester] (Thread-673) topic-cc4c502a_f8f3_4770_9ef8_9902dbae128d 0 6 {"key11755109151740": "value-6"}
2025-08-13 18:19:16,196 INFO  [io.api.tes.ser.api.KafkaSerdesTester] (Thread-673) topic-cc4c502a_f8f3_4770_9ef8_9902dbae128d 0 7 {"key11755109151740": "value-7"}
2025-08-13 18:19:16,196 INFO  [io.api.tes.ser.api.KafkaSerdesTester] (Thread-673) topic-cc4c502a_f8f3_4770_9ef8_9902dbae128d 0 8 {"key11755109151740": "value-8"}
2025-08-13 18:19:16,196 INFO  [io.api.tes.ser.api.KafkaSerdesTester] (Thread-673) topic-cc4c502a_f8f3_4770_9ef8_9902dbae128d 0 9 {"key11755109151740": "value-9"}
2025-08-13 18:19:16,196 INFO  [io.api.tes.ser.api.KafkaSerdesTester] (Thread-673) Consumed 10 messages
2025-08-13 18:19:16,203 INFO  [org.apa.kaf.cli.con.int.ConsumerRebalanceListenerInvoker] (Thread-673) [Consumer clientId=consumer-Consumer-topic-cc4c502a_f8f3_4770_9ef8_9902dbae128d-10, groupId=Consumer-topic-cc4c502a_f8f3_4770_9ef8_9902dbae128d] Revoke previously assigned partitions topic-cc4c502a_f8f3_4770_9ef8_9902dbae128d-0
2025-08-13 18:19:16,203 INFO  [org.apa.kaf.cli.con.int.ConsumerCoordinator] (Thread-673) [Consumer clientId=consumer-Consumer-topic-cc4c502a_f8f3_4770_9ef8_9902dbae128d-10, groupId=Consumer-topic-cc4c502a_f8f3_4770_9ef8_9902dbae128d] Member consumer-Consumer-topic-cc4c502a_f8f3_4770_9ef8_9902dbae128d-10-6fd5b092-fd56-497f-9279-bcc7c062505d sending LeaveGroup request to coordinator localhost:32769 (id: 2147483647 rack: null) due to the consumer is being closed
2025-08-13 18:19:16,203 INFO  [org.apa.kaf.cli.con.int.ConsumerCoordinator] (Thread-673) [Consumer clientId=consumer-Consumer-topic-cc4c502a_f8f3_4770_9ef8_9902dbae128d-10, groupId=Consumer-topic-cc4c502a_f8f3_4770_9ef8_9902dbae128d] Resetting generation and member id due to: consumer pro-actively leaving the group
2025-08-13 18:19:16,203 INFO  [org.apa.kaf.cli.con.int.ConsumerCoordinator] (Thread-673) [Consumer clientId=consumer-Consumer-topic-cc4c502a_f8f3_4770_9ef8_9902dbae128d-10, groupId=Consumer-topic-cc4c502a_f8f3_4770_9ef8_9902dbae128d] Request joining group due to: consumer pro-actively leaving the group
2025-08-13 18:19:16,697 INFO  [org.apa.kaf.com.met.Metrics] (Thread-673) Metrics scheduler closed
2025-08-13 18:19:16,697 INFO  [org.apa.kaf.com.met.Metrics] (Thread-673) Closing reporter org.apache.kafka.common.metrics.JmxReporter
2025-08-13 18:19:16,697 INFO  [org.apa.kaf.com.met.Metrics] (Thread-673) Closing reporter org.apache.kafka.common.telemetry.internals.ClientTelemetryReporter
2025-08-13 18:19:16,698 INFO  [org.apa.kaf.com.met.Metrics] (Thread-673) Metrics reporters closed
2025-08-13 18:19:16,700 INFO  [org.apa.kaf.com.uti.AppInfoParser] (Thread-673) App info kafka.consumer for consumer-Consumer-topic-cc4c502a_f8f3_4770_9ef8_9902dbae128d-10 unregistered
2025-08-13 18:19:16,700 INFO  [io.api.tes.ser.api.AvroSerdeIT] (main) Registering Avro Schema 2: {"type":"record","name":"s66aed414xc2a2x469ax87b0x552244b35148","namespace":"ns_a80b9543_439a_4803_a6f0_e8a978f40891","fields":[{"name":"key11755109151740","type":"string"},{"name":"key21755109156700","type":"string"}]}
**** Registry Base URL: http://registry-app-pg17.apps.ci419.apicurio-testing.org:80
2025-08-13 18:19:17,811 INFO  [org.apa.kaf.cli.pro.ProducerConfig] (main) ProducerConfig values: 
	acks = -1
	auto.include.jmx.reporter = true
	batch.size = 16384
	bootstrap.servers = [PLAINTEXT://localhost:32769]
	buffer.memory = 33554432
	client.dns.lookup = use_all_dns_ips
	client.id = Producer-topic-cc4c502a_f8f3_4770_9ef8_9902dbae128d
	compression.gzip.level = -1
	compression.lz4.level = 9
	compression.type = none
	compression.zstd.level = 3
	connections.max.idle.ms = 10000
	delivery.timeout.ms = 120000
	enable.idempotence = true
	enable.metrics.push = true
	interceptor.classes = []
	key.serializer = class org.apache.kafka.common.serialization.StringSerializer
	linger.ms = 0
	max.block.ms = 60000
	max.in.flight.requests.per.connection = 5
	max.request.size = 1048576
	metadata.max.age.ms = 300000
	metadata.max.idle.ms = 300000
	metadata.recovery.strategy = none
	metric.reporters = []
	metrics.num.samples = 2
	metrics.recording.level = INFO
	metrics.sample.window.ms = 30000
	partitioner.adaptive.partitioning.enable = true
	partitioner.availability.timeout.ms = 0
	partitioner.class = null
	partitioner.ignore.keys = false
	receive.buffer.bytes = 32768
	reconnect.backoff.max.ms = 1000
	reconnect.backoff.ms = 50
	request.timeout.ms = 5000
	retries = 2147483647
	retry.backoff.max.ms = 1000
	retry.backoff.ms = 100
	sasl.client.callback.handler.class = null
	sasl.jaas.config = null
	sasl.kerberos.kinit.cmd = /usr/bin/kinit
	sasl.kerberos.min.time.before.relogin = 60000
	sasl.kerberos.service.name = null
	sasl.kerberos.ticket.renew.jitter = 0.05
	sasl.kerberos.ticket.renew.window.factor = 0.8
	sasl.login.callback.handler.class = null
	sasl.login.class = null
	sasl.login.connect.timeout.ms = null
	sasl.login.read.timeout.ms = null
	sasl.login.refresh.buffer.seconds = 300
	sasl.login.refresh.min.period.seconds = 60
	sasl.login.refresh.window.factor = 0.8
	sasl.login.refresh.window.jitter = 0.05
	sasl.login.retry.backoff.max.ms = 10000
	sasl.login.retry.backoff.ms = 100
	sasl.mechanism = GSSAPI
	sasl.oauthbearer.clock.skew.seconds = 30
	sasl.oauthbearer.expected.audience = null
	sasl.oauthbearer.expected.issuer = null
	sasl.oauthbearer.header.urlencode = false
	sasl.oauthbearer.jwks.endpoint.refresh.ms = 3600000
	sasl.oauthbearer.jwks.endpoint.retry.backoff.max.ms = 10000
	sasl.oauthbearer.jwks.endpoint.retry.backoff.ms = 100
	sasl.oauthbearer.jwks.endpoint.url = null
	sasl.oauthbearer.scope.claim.name = scope
	sasl.oauthbearer.sub.claim.name = sub
	sasl.oauthbearer.token.endpoint.url = null
	security.protocol = PLAINTEXT
	security.providers = null
	send.buffer.bytes = 131072
	socket.connection.setup.timeout.max.ms = 30000
	socket.connection.setup.timeout.ms = 10000
	ssl.cipher.suites = null
	ssl.enabled.protocols = [TLSv1.2, TLSv1.3]
	ssl.endpoint.identification.algorithm = https
	ssl.engine.factory.class = null
	ssl.key.password = null
	ssl.keymanager.algorithm = SunX509
	ssl.keystore.certificate.chain = null
	ssl.keystore.key = null
	ssl.keystore.location = null
	ssl.keystore.password = null
	ssl.keystore.type = JKS
	ssl.protocol = TLSv1.3
	ssl.provider = null
	ssl.secure.random.implementation = null
	ssl.trustmanager.algorithm = PKIX
	ssl.truststore.certificates = null
	ssl.truststore.location = null
	ssl.truststore.password = null
	ssl.truststore.type = JKS
	transaction.timeout.ms = 60000
	transactional.id = null
	value.serializer = class io.apicurio.registry.serde.avro.AvroKafkaSerializer

2025-08-13 18:19:17,811 INFO  [org.apa.kaf.com.tel.int.KafkaMetricsCollector] (main) initializing Kafka metrics collector
2025-08-13 18:19:17,814 INFO  [org.apa.kaf.cli.pro.KafkaProducer] (main) [Producer clientId=Producer-topic-cc4c502a_f8f3_4770_9ef8_9902dbae128d] Instantiated an idempotent producer.
2025-08-13 18:19:17,816 INFO  [org.apa.kaf.cli.pro.ProducerConfig] (main) These configurations '[apicurio.registry.url, apicurio.registry.artifact-resolver-strategy]' were supplied but are not used yet.
2025-08-13 18:19:17,816 INFO  [org.apa.kaf.com.uti.AppInfoParser] (main) Kafka version: 3.9.1
2025-08-13 18:19:17,816 INFO  [org.apa.kaf.com.uti.AppInfoParser] (main) Kafka commitId: f745dfdcee2b9851
2025-08-13 18:19:17,816 INFO  [org.apa.kaf.com.uti.AppInfoParser] (main) Kafka startTimeMs: 1755109157816
2025-08-13 18:19:17,816 INFO  [io.api.tes.ser.api.KafkaSerdesTester] (Thread-676) Sending message {"key11755109151740": "value-0", "key21755109156700": "value-0"} to topic topic-cc4c502a_f8f3_4770_9ef8_9902dbae128d
2025-08-13 18:19:17,820 INFO  [org.apa.kaf.cli.Metadata] (kafka-producer-network-thread | Producer-topic-cc4c502a_f8f3_4770_9ef8_9902dbae128d) [Producer clientId=Producer-topic-cc4c502a_f8f3_4770_9ef8_9902dbae128d] Cluster ID: sAToZ0WATkWwuQb_OH8PpQ
2025-08-13 18:19:17,820 INFO  [org.apa.kaf.cli.pro.int.TransactionManager] (kafka-producer-network-thread | Producer-topic-cc4c502a_f8f3_4770_9ef8_9902dbae128d) [Producer clientId=Producer-topic-cc4c502a_f8f3_4770_9ef8_9902dbae128d] ProducerId set to 13 with epoch 0
2025-08-13 18:19:17,820 INFO  [DefaultSchemaResolver] (Thread-676) Retrieving schema content using string: {"type":"record","name":"s66aed414xc2a2x469ax87b0x552244b35148","namespace":"ns_a80b9543_439a_4803_a6f0_e8a978f40891","fields":[{"name":"key11755109151740","type":"string"},{"name":"key21755109156700","type":"string"}]}
2025-08-13 18:19:17,923 INFO  [io.api.tes.ser.api.KafkaSerdesTester] (Thread-676) Sending message {"key11755109151740": "value-1", "key21755109156700": "value-1"} to topic topic-cc4c502a_f8f3_4770_9ef8_9902dbae128d
2025-08-13 18:19:17,925 INFO  [io.api.tes.ser.api.KafkaSerdesTester] (Thread-676) Sending message {"key11755109151740": "value-2", "key21755109156700": "value-2"} to topic topic-cc4c502a_f8f3_4770_9ef8_9902dbae128d
2025-08-13 18:19:17,927 INFO  [io.api.tes.ser.api.KafkaSerdesTester] (Thread-676) Sending message {"key11755109151740": "value-3", "key21755109156700": "value-3"} to topic topic-cc4c502a_f8f3_4770_9ef8_9902dbae128d
2025-08-13 18:19:17,929 INFO  [io.api.tes.ser.api.KafkaSerdesTester] (Thread-676) Sending message {"key11755109151740": "value-4", "key21755109156700": "value-4"} to topic topic-cc4c502a_f8f3_4770_9ef8_9902dbae128d
2025-08-13 18:19:17,933 INFO  [io.api.tes.ser.api.KafkaSerdesTester] (Thread-676) Sending message {"key11755109151740": "value-5", "key21755109156700": "value-5"} to topic topic-cc4c502a_f8f3_4770_9ef8_9902dbae128d
2025-08-13 18:19:17,934 INFO  [io.api.tes.ser.api.KafkaSerdesTester] (Thread-676) Sending message {"key11755109151740": "value-6", "key21755109156700": "value-6"} to topic topic-cc4c502a_f8f3_4770_9ef8_9902dbae128d
2025-08-13 18:19:17,935 INFO  [io.api.tes.ser.api.KafkaSerdesTester] (Thread-676) Sending message {"key11755109151740": "value-7", "key21755109156700": "value-7"} to topic topic-cc4c502a_f8f3_4770_9ef8_9902dbae128d
2025-08-13 18:19:17,949 INFO  [io.api.tes.ser.api.KafkaSerdesTester] (Thread-676) Sending message {"key11755109151740": "value-8", "key21755109156700": "value-8"} to topic topic-cc4c502a_f8f3_4770_9ef8_9902dbae128d
2025-08-13 18:19:17,951 INFO  [io.api.tes.ser.api.KafkaSerdesTester] (Thread-676) Sending message {"key11755109151740": "value-9", "key21755109156700": "value-9"} to topic topic-cc4c502a_f8f3_4770_9ef8_9902dbae128d
2025-08-13 18:19:17,953 INFO  [io.api.tes.ser.api.KafkaSerdesTester] (Thread-676) Produced 10 messages
2025-08-13 18:19:17,953 INFO  [org.apa.kaf.cli.pro.KafkaProducer] (Thread-676) [Producer clientId=Producer-topic-cc4c502a_f8f3_4770_9ef8_9902dbae128d] Closing the Kafka producer with timeoutMillis = 9223372036854775807 ms.
2025-08-13 18:19:17,956 INFO  [org.apa.kaf.com.met.Metrics] (Thread-676) Metrics scheduler closed
2025-08-13 18:19:17,956 INFO  [org.apa.kaf.com.met.Metrics] (Thread-676) Closing reporter org.apache.kafka.common.metrics.JmxReporter
2025-08-13 18:19:17,956 INFO  [org.apa.kaf.com.met.Metrics] (Thread-676) Closing reporter org.apache.kafka.common.telemetry.internals.ClientTelemetryReporter
2025-08-13 18:19:17,956 INFO  [org.apa.kaf.com.met.Metrics] (Thread-676) Metrics reporters closed
2025-08-13 18:19:17,956 INFO  [org.apa.kaf.com.uti.AppInfoParser] (Thread-676) App info kafka.producer for Producer-topic-cc4c502a_f8f3_4770_9ef8_9902dbae128d unregistered
**** Registry Base URL: http://registry-app-pg17.apps.ci419.apicurio-testing.org:80
2025-08-13 18:19:17,957 INFO  [org.apa.kaf.cli.pro.ProducerConfig] (main) ProducerConfig values: 
	acks = -1
	auto.include.jmx.reporter = true
	batch.size = 16384
	bootstrap.servers = [PLAINTEXT://localhost:32769]
	buffer.memory = 33554432
	client.dns.lookup = use_all_dns_ips
	client.id = Producer-topic-cc4c502a_f8f3_4770_9ef8_9902dbae128d
	compression.gzip.level = -1
	compression.lz4.level = 9
	compression.type = none
	compression.zstd.level = 3
	connections.max.idle.ms = 10000
	delivery.timeout.ms = 120000
	enable.idempotence = true
	enable.metrics.push = true
	interceptor.classes = []
	key.serializer = class org.apache.kafka.common.serialization.StringSerializer
	linger.ms = 0
	max.block.ms = 60000
	max.in.flight.requests.per.connection = 5
	max.request.size = 1048576
	metadata.max.age.ms = 300000
	metadata.max.idle.ms = 300000
	metadata.recovery.strategy = none
	metric.reporters = []
	metrics.num.samples = 2
	metrics.recording.level = INFO
	metrics.sample.window.ms = 30000
	partitioner.adaptive.partitioning.enable = true
	partitioner.availability.timeout.ms = 0
	partitioner.class = null
	partitioner.ignore.keys = false
	receive.buffer.bytes = 32768
	reconnect.backoff.max.ms = 1000
	reconnect.backoff.ms = 50
	request.timeout.ms = 5000
	retries = 2147483647
	retry.backoff.max.ms = 1000
	retry.backoff.ms = 100
	sasl.client.callback.handler.class = null
	sasl.jaas.config = null
	sasl.kerberos.kinit.cmd = /usr/bin/kinit
	sasl.kerberos.min.time.before.relogin = 60000
	sasl.kerberos.service.name = null
	sasl.kerberos.ticket.renew.jitter = 0.05
	sasl.kerberos.ticket.renew.window.factor = 0.8
	sasl.login.callback.handler.class = null
	sasl.login.class = null
	sasl.login.connect.timeout.ms = null
	sasl.login.read.timeout.ms = null
	sasl.login.refresh.buffer.seconds = 300
	sasl.login.refresh.min.period.seconds = 60
	sasl.login.refresh.window.factor = 0.8
	sasl.login.refresh.window.jitter = 0.05
	sasl.login.retry.backoff.max.ms = 10000
	sasl.login.retry.backoff.ms = 100
	sasl.mechanism = GSSAPI
	sasl.oauthbearer.clock.skew.seconds = 30
	sasl.oauthbearer.expected.audience = null
	sasl.oauthbearer.expected.issuer = null
	sasl.oauthbearer.header.urlencode = false
	sasl.oauthbearer.jwks.endpoint.refresh.ms = 3600000
	sasl.oauthbearer.jwks.endpoint.retry.backoff.max.ms = 10000
	sasl.oauthbearer.jwks.endpoint.retry.backoff.ms = 100
	sasl.oauthbearer.jwks.endpoint.url = null
	sasl.oauthbearer.scope.claim.name = scope
	sasl.oauthbearer.sub.claim.name = sub
	sasl.oauthbearer.token.endpoint.url = null
	security.protocol = PLAINTEXT
	security.providers = null
	send.buffer.bytes = 131072
	socket.connection.setup.timeout.max.ms = 30000
	socket.connection.setup.timeout.ms = 10000
	ssl.cipher.suites = null
	ssl.enabled.protocols = [TLSv1.2, TLSv1.3]
	ssl.endpoint.identification.algorithm = https
	ssl.engine.factory.class = null
	ssl.key.password = null
	ssl.keymanager.algorithm = SunX509
	ssl.keystore.certificate.chain = null
	ssl.keystore.key = null
	ssl.keystore.location = null
	ssl.keystore.password = null
	ssl.keystore.type = JKS
	ssl.protocol = TLSv1.3
	ssl.provider = null
	ssl.secure.random.implementation = null
	ssl.trustmanager.algorithm = PKIX
	ssl.truststore.certificates = null
	ssl.truststore.location = null
	ssl.truststore.password = null
	ssl.truststore.type = JKS
	transaction.timeout.ms = 60000
	transactional.id = null
	value.serializer = class io.apicurio.registry.serde.avro.AvroKafkaSerializer

2025-08-13 18:19:17,957 INFO  [org.apa.kaf.com.tel.int.KafkaMetricsCollector] (main) initializing Kafka metrics collector
2025-08-13 18:19:17,963 INFO  [org.apa.kaf.cli.pro.KafkaProducer] (main) [Producer clientId=Producer-topic-cc4c502a_f8f3_4770_9ef8_9902dbae128d] Instantiated an idempotent producer.
2025-08-13 18:19:17,965 INFO  [org.apa.kaf.cli.pro.ProducerConfig] (main) These configurations '[apicurio.registry.url, apicurio.registry.artifact-resolver-strategy]' were supplied but are not used yet.
2025-08-13 18:19:17,965 INFO  [org.apa.kaf.com.uti.AppInfoParser] (main) Kafka version: 3.9.1
2025-08-13 18:19:17,965 INFO  [org.apa.kaf.com.uti.AppInfoParser] (main) Kafka commitId: f745dfdcee2b9851
2025-08-13 18:19:17,965 INFO  [org.apa.kaf.com.uti.AppInfoParser] (main) Kafka startTimeMs: 1755109157965
2025-08-13 18:19:17,966 INFO  [io.api.tes.ser.api.KafkaSerdesTester] (Thread-679) Sending message {"key11755109151740": "value-0"} to topic topic-cc4c502a_f8f3_4770_9ef8_9902dbae128d
2025-08-13 18:19:17,970 INFO  [org.apa.kaf.cli.Metadata] (kafka-producer-network-thread | Producer-topic-cc4c502a_f8f3_4770_9ef8_9902dbae128d) [Producer clientId=Producer-topic-cc4c502a_f8f3_4770_9ef8_9902dbae128d] Cluster ID: sAToZ0WATkWwuQb_OH8PpQ
2025-08-13 18:19:17,971 INFO  [DefaultSchemaResolver] (Thread-679) Retrieving schema content using string: {"type":"record","name":"s66aed414xc2a2x469ax87b0x552244b35148","namespace":"ns_a80b9543_439a_4803_a6f0_e8a978f40891","fields":[{"name":"key11755109151740","type":"string"}]}
2025-08-13 18:19:17,971 INFO  [org.apa.kaf.cli.pro.int.TransactionManager] (kafka-producer-network-thread | Producer-topic-cc4c502a_f8f3_4770_9ef8_9902dbae128d) [Producer clientId=Producer-topic-cc4c502a_f8f3_4770_9ef8_9902dbae128d] ProducerId set to 14 with epoch 0
2025-08-13 18:19:18,071 INFO  [io.api.tes.ser.api.KafkaSerdesTester] (Thread-679) Sending message {"key11755109151740": "value-1"} to topic topic-cc4c502a_f8f3_4770_9ef8_9902dbae128d
2025-08-13 18:19:18,072 INFO  [io.api.tes.ser.api.KafkaSerdesTester] (Thread-679) Sending message {"key11755109151740": "value-2"} to topic topic-cc4c502a_f8f3_4770_9ef8_9902dbae128d
2025-08-13 18:19:18,073 INFO  [io.api.tes.ser.api.KafkaSerdesTester] (Thread-679) Sending message {"key11755109151740": "value-3"} to topic topic-cc4c502a_f8f3_4770_9ef8_9902dbae128d
2025-08-13 18:19:18,075 INFO  [io.api.tes.ser.api.KafkaSerdesTester] (Thread-679) Sending message {"key11755109151740": "value-4"} to topic topic-cc4c502a_f8f3_4770_9ef8_9902dbae128d
2025-08-13 18:19:18,077 INFO  [io.api.tes.ser.api.KafkaSerdesTester] (Thread-679) Sending message {"key11755109151740": "value-5"} to topic topic-cc4c502a_f8f3_4770_9ef8_9902dbae128d
2025-08-13 18:19:18,079 INFO  [io.api.tes.ser.api.KafkaSerdesTester] (Thread-679) Sending message {"key11755109151740": "value-6"} to topic topic-cc4c502a_f8f3_4770_9ef8_9902dbae128d
2025-08-13 18:19:18,080 INFO  [io.api.tes.ser.api.KafkaSerdesTester] (Thread-679) Sending message {"key11755109151740": "value-7"} to topic topic-cc4c502a_f8f3_4770_9ef8_9902dbae128d
2025-08-13 18:19:18,083 INFO  [io.api.tes.ser.api.KafkaSerdesTester] (Thread-679) Sending message {"key11755109151740": "value-8"} to topic topic-cc4c502a_f8f3_4770_9ef8_9902dbae128d
2025-08-13 18:19:18,085 INFO  [io.api.tes.ser.api.KafkaSerdesTester] (Thread-679) Sending message {"key11755109151740": "value-9"} to topic topic-cc4c502a_f8f3_4770_9ef8_9902dbae128d
2025-08-13 18:19:18,086 INFO  [io.api.tes.ser.api.KafkaSerdesTester] (Thread-679) Produced 10 messages
2025-08-13 18:19:18,087 INFO  [org.apa.kaf.cli.pro.KafkaProducer] (Thread-679) [Producer clientId=Producer-topic-cc4c502a_f8f3_4770_9ef8_9902dbae128d] Closing the Kafka producer with timeoutMillis = 9223372036854775807 ms.
2025-08-13 18:19:18,089 INFO  [org.apa.kaf.com.met.Metrics] (Thread-679) Metrics scheduler closed
2025-08-13 18:19:18,089 INFO  [org.apa.kaf.com.met.Metrics] (Thread-679) Closing reporter org.apache.kafka.common.metrics.JmxReporter
2025-08-13 18:19:18,089 INFO  [org.apa.kaf.com.met.Metrics] (Thread-679) Closing reporter org.apache.kafka.common.telemetry.internals.ClientTelemetryReporter
2025-08-13 18:19:18,089 INFO  [org.apa.kaf.com.met.Metrics] (Thread-679) Metrics reporters closed
2025-08-13 18:19:18,090 INFO  [org.apa.kaf.com.uti.AppInfoParser] (Thread-679) App info kafka.producer for Producer-topic-cc4c502a_f8f3_4770_9ef8_9902dbae128d unregistered
**** Registry Base URL: http://registry-app-pg17.apps.ci419.apicurio-testing.org:80
2025-08-13 18:19:18,090 INFO  [org.apa.kaf.cli.con.ConsumerConfig] (main) ConsumerConfig values: 
	allow.auto.create.topics = true
	auto.commit.interval.ms = 500
	auto.include.jmx.reporter = true
	auto.offset.reset = earliest
	bootstrap.servers = [PLAINTEXT://localhost:32769]
	check.crcs = true
	client.dns.lookup = use_all_dns_ips
	client.id = consumer-Consumer-topic-cc4c502a_f8f3_4770_9ef8_9902dbae128d-11
	client.rack = 
	connections.max.idle.ms = 10000
	default.api.timeout.ms = 60000
	enable.auto.commit = true
	enable.metrics.push = true
	exclude.internal.topics = true
	fetch.max.bytes = 52428800
	fetch.max.wait.ms = 500
	fetch.min.bytes = 1
	group.id = Consumer-topic-cc4c502a_f8f3_4770_9ef8_9902dbae128d
	group.instance.id = null
	group.protocol = classic
	group.remote.assignor = null
	heartbeat.interval.ms = 3000
	interceptor.classes = []
	internal.leave.group.on.close = true
	internal.throw.on.fetch.stable.offset.unsupported = false
	isolation.level = read_uncommitted
	key.deserializer = class org.apache.kafka.common.serialization.StringDeserializer
	max.partition.fetch.bytes = 1048576
	max.poll.interval.ms = 300000
	max.poll.records = 500
	metadata.max.age.ms = 300000
	metadata.recovery.strategy = none
	metric.reporters = []
	metrics.num.samples = 2
	metrics.recording.level = INFO
	metrics.sample.window.ms = 30000
	partition.assignment.strategy = [class org.apache.kafka.clients.consumer.RangeAssignor, class org.apache.kafka.clients.consumer.CooperativeStickyAssignor]
	receive.buffer.bytes = 65536
	reconnect.backoff.max.ms = 1000
	reconnect.backoff.ms = 50
	request.timeout.ms = 5000
	retry.backoff.max.ms = 1000
	retry.backoff.ms = 100
	sasl.client.callback.handler.class = null
	sasl.jaas.config = null
	sasl.kerberos.kinit.cmd = /usr/bin/kinit
	sasl.kerberos.min.time.before.relogin = 60000
	sasl.kerberos.service.name = null
	sasl.kerberos.ticket.renew.jitter = 0.05
	sasl.kerberos.ticket.renew.window.factor = 0.8
	sasl.login.callback.handler.class = null
	sasl.login.class = null
	sasl.login.connect.timeout.ms = null
	sasl.login.read.timeout.ms = null
	sasl.login.refresh.buffer.seconds = 300
	sasl.login.refresh.min.period.seconds = 60
	sasl.login.refresh.window.factor = 0.8
	sasl.login.refresh.window.jitter = 0.05
	sasl.login.retry.backoff.max.ms = 10000
	sasl.login.retry.backoff.ms = 100
	sasl.mechanism = GSSAPI
	sasl.oauthbearer.clock.skew.seconds = 30
	sasl.oauthbearer.expected.audience = null
	sasl.oauthbearer.expected.issuer = null
	sasl.oauthbearer.header.urlencode = false
	sasl.oauthbearer.jwks.endpoint.refresh.ms = 3600000
	sasl.oauthbearer.jwks.endpoint.retry.backoff.max.ms = 10000
	sasl.oauthbearer.jwks.endpoint.retry.backoff.ms = 100
	sasl.oauthbearer.jwks.endpoint.url = null
	sasl.oauthbearer.scope.claim.name = scope
	sasl.oauthbearer.sub.claim.name = sub
	sasl.oauthbearer.token.endpoint.url = null
	security.protocol = PLAINTEXT
	security.providers = null
	send.buffer.bytes = 131072
	session.timeout.ms = 45000
	socket.connection.setup.timeout.max.ms = 30000
	socket.connection.setup.timeout.ms = 10000
	ssl.cipher.suites = null
	ssl.enabled.protocols = [TLSv1.2, TLSv1.3]
	ssl.endpoint.identification.algorithm = https
	ssl.engine.factory.class = null
	ssl.key.password = null
	ssl.keymanager.algorithm = SunX509
	ssl.keystore.certificate.chain = null
	ssl.keystore.key = null
	ssl.keystore.location = null
	ssl.keystore.password = null
	ssl.keystore.type = JKS
	ssl.protocol = TLSv1.3
	ssl.provider = null
	ssl.secure.random.implementation = null
	ssl.trustmanager.algorithm = PKIX
	ssl.truststore.certificates = null
	ssl.truststore.location = null
	ssl.truststore.password = null
	ssl.truststore.type = JKS
	value.deserializer = class io.apicurio.registry.serde.avro.AvroKafkaDeserializer

2025-08-13 18:19:18,091 INFO  [org.apa.kaf.com.tel.int.KafkaMetricsCollector] (main) initializing Kafka metrics collector
2025-08-13 18:19:18,102 INFO  [org.apa.kaf.cli.con.ConsumerConfig] (main) These configurations '[apicurio.registry.url]' were supplied but are not used yet.
2025-08-13 18:19:18,102 INFO  [org.apa.kaf.com.uti.AppInfoParser] (main) Kafka version: 3.9.1
2025-08-13 18:19:18,102 INFO  [org.apa.kaf.com.uti.AppInfoParser] (main) Kafka commitId: f745dfdcee2b9851
2025-08-13 18:19:18,102 INFO  [org.apa.kaf.com.uti.AppInfoParser] (main) Kafka startTimeMs: 1755109158102
2025-08-13 18:19:18,104 INFO  [org.apa.kaf.cli.con.int.ClassicKafkaConsumer] (Thread-682) [Consumer clientId=consumer-Consumer-topic-cc4c502a_f8f3_4770_9ef8_9902dbae128d-11, groupId=Consumer-topic-cc4c502a_f8f3_4770_9ef8_9902dbae128d] Subscribed to topic(s): topic-cc4c502a_f8f3_4770_9ef8_9902dbae128d
2025-08-13 18:19:18,116 INFO  [org.apa.kaf.cli.Metadata] (Thread-682) [Consumer clientId=consumer-Consumer-topic-cc4c502a_f8f3_4770_9ef8_9902dbae128d-11, groupId=Consumer-topic-cc4c502a_f8f3_4770_9ef8_9902dbae128d] Cluster ID: sAToZ0WATkWwuQb_OH8PpQ
2025-08-13 18:19:18,117 INFO  [org.apa.kaf.cli.con.int.ConsumerCoordinator] (Thread-682) [Consumer clientId=consumer-Consumer-topic-cc4c502a_f8f3_4770_9ef8_9902dbae128d-11, groupId=Consumer-topic-cc4c502a_f8f3_4770_9ef8_9902dbae128d] Discovered group coordinator localhost:32769 (id: 2147483647 rack: null)
2025-08-13 18:19:18,118 INFO  [org.apa.kaf.cli.con.int.ConsumerCoordinator] (Thread-682) [Consumer clientId=consumer-Consumer-topic-cc4c502a_f8f3_4770_9ef8_9902dbae128d-11, groupId=Consumer-topic-cc4c502a_f8f3_4770_9ef8_9902dbae128d] (Re-)joining group
2025-08-13 18:19:18,121 INFO  [org.apa.kaf.cli.con.int.ConsumerCoordinator] (Thread-682) [Consumer clientId=consumer-Consumer-topic-cc4c502a_f8f3_4770_9ef8_9902dbae128d-11, groupId=Consumer-topic-cc4c502a_f8f3_4770_9ef8_9902dbae128d] Request joining group due to: need to re-join with the given member-id: consumer-Consumer-topic-cc4c502a_f8f3_4770_9ef8_9902dbae128d-11-492ce4b1-5ce6-47a7-bd2f-ea59d127f15d
2025-08-13 18:19:18,121 INFO  [org.apa.kaf.cli.con.int.ConsumerCoordinator] (Thread-682) [Consumer clientId=consumer-Consumer-topic-cc4c502a_f8f3_4770_9ef8_9902dbae128d-11, groupId=Consumer-topic-cc4c502a_f8f3_4770_9ef8_9902dbae128d] (Re-)joining group
2025-08-13 18:19:19,105 INFO  [io.api.tes.ser.api.KafkaSerdesTester] (Thread-682) None found
2025-08-13 18:19:20,105 INFO  [io.api.tes.ser.api.KafkaSerdesTester] (Thread-682) None found
2025-08-13 18:19:21,106 INFO  [io.api.tes.ser.api.KafkaSerdesTester] (Thread-682) None found
2025-08-13 18:19:21,123 INFO  [org.apa.kaf.cli.con.int.ConsumerCoordinator] (Thread-682) [Consumer clientId=consumer-Consumer-topic-cc4c502a_f8f3_4770_9ef8_9902dbae128d-11, groupId=Consumer-topic-cc4c502a_f8f3_4770_9ef8_9902dbae128d] Successfully joined group with generation Generation{generationId=3, memberId='consumer-Consumer-topic-cc4c502a_f8f3_4770_9ef8_9902dbae128d-11-492ce4b1-5ce6-47a7-bd2f-ea59d127f15d', protocol='range'}
2025-08-13 18:19:21,124 INFO  [org.apa.kaf.cli.con.int.ConsumerCoordinator] (Thread-682) [Consumer clientId=consumer-Consumer-topic-cc4c502a_f8f3_4770_9ef8_9902dbae128d-11, groupId=Consumer-topic-cc4c502a_f8f3_4770_9ef8_9902dbae128d] Finished assignment for group at generation 3: {consumer-Consumer-topic-cc4c502a_f8f3_4770_9ef8_9902dbae128d-11-492ce4b1-5ce6-47a7-bd2f-ea59d127f15d=Assignment(partitions=[topic-cc4c502a_f8f3_4770_9ef8_9902dbae128d-0])}
2025-08-13 18:19:21,130 INFO  [org.apa.kaf.cli.con.int.ConsumerCoordinator] (Thread-682) [Consumer clientId=consumer-Consumer-topic-cc4c502a_f8f3_4770_9ef8_9902dbae128d-11, groupId=Consumer-topic-cc4c502a_f8f3_4770_9ef8_9902dbae128d] Successfully synced group in generation Generation{generationId=3, memberId='consumer-Consumer-topic-cc4c502a_f8f3_4770_9ef8_9902dbae128d-11-492ce4b1-5ce6-47a7-bd2f-ea59d127f15d', protocol='range'}
2025-08-13 18:19:21,130 INFO  [org.apa.kaf.cli.con.int.ConsumerCoordinator] (Thread-682) [Consumer clientId=consumer-Consumer-topic-cc4c502a_f8f3_4770_9ef8_9902dbae128d-11, groupId=Consumer-topic-cc4c502a_f8f3_4770_9ef8_9902dbae128d] Notifying assignor about the new Assignment(partitions=[topic-cc4c502a_f8f3_4770_9ef8_9902dbae128d-0])
2025-08-13 18:19:21,130 INFO  [org.apa.kaf.cli.con.int.ConsumerRebalanceListenerInvoker] (Thread-682) [Consumer clientId=consumer-Consumer-topic-cc4c502a_f8f3_4770_9ef8_9902dbae128d-11, groupId=Consumer-topic-cc4c502a_f8f3_4770_9ef8_9902dbae128d] Adding newly assigned partitions: topic-cc4c502a_f8f3_4770_9ef8_9902dbae128d-0
2025-08-13 18:19:21,132 INFO  [org.apa.kaf.cli.con.int.ConsumerUtils] (Thread-682) Setting offset for partition topic-cc4c502a_f8f3_4770_9ef8_9902dbae128d-0 to the committed offset FetchPosition{offset=10, offsetEpoch=Optional[0], currentLeader=LeaderAndEpoch{leader=Optional[localhost:32769 (id: 0 rack: null)], epoch=0}}
2025-08-13 18:19:21,353 INFO  [io.api.tes.ser.api.KafkaSerdesTester] (Thread-682) topic-cc4c502a_f8f3_4770_9ef8_9902dbae128d 0 10 {"key11755109151740": "value-0", "key21755109156700": "value-0"}
2025-08-13 18:19:21,353 INFO  [io.api.tes.ser.api.KafkaSerdesTester] (Thread-682) topic-cc4c502a_f8f3_4770_9ef8_9902dbae128d 0 11 {"key11755109151740": "value-1", "key21755109156700": "value-1"}
2025-08-13 18:19:21,353 INFO  [io.api.tes.ser.api.KafkaSerdesTester] (Thread-682) topic-cc4c502a_f8f3_4770_9ef8_9902dbae128d 0 12 {"key11755109151740": "value-2", "key21755109156700": "value-2"}
2025-08-13 18:19:21,353 INFO  [io.api.tes.ser.api.KafkaSerdesTester] (Thread-682) topic-cc4c502a_f8f3_4770_9ef8_9902dbae128d 0 13 {"key11755109151740": "value-3", "key21755109156700": "value-3"}
2025-08-13 18:19:21,353 INFO  [io.api.tes.ser.api.KafkaSerdesTester] (Thread-682) topic-cc4c502a_f8f3_4770_9ef8_9902dbae128d 0 14 {"key11755109151740": "value-4", "key21755109156700": "value-4"}
2025-08-13 18:19:21,353 INFO  [io.api.tes.ser.api.KafkaSerdesTester] (Thread-682) topic-cc4c502a_f8f3_4770_9ef8_9902dbae128d 0 15 {"key11755109151740": "value-5", "key21755109156700": "value-5"}
2025-08-13 18:19:21,353 INFO  [io.api.tes.ser.api.KafkaSerdesTester] (Thread-682) topic-cc4c502a_f8f3_4770_9ef8_9902dbae128d 0 16 {"key11755109151740": "value-6", "key21755109156700": "value-6"}
2025-08-13 18:19:21,353 INFO  [io.api.tes.ser.api.KafkaSerdesTester] (Thread-682) topic-cc4c502a_f8f3_4770_9ef8_9902dbae128d 0 17 {"key11755109151740": "value-7", "key21755109156700": "value-7"}
2025-08-13 18:19:21,353 INFO  [io.api.tes.ser.api.KafkaSerdesTester] (Thread-682) topic-cc4c502a_f8f3_4770_9ef8_9902dbae128d 0 18 {"key11755109151740": "value-8", "key21755109156700": "value-8"}
2025-08-13 18:19:21,353 INFO  [io.api.tes.ser.api.KafkaSerdesTester] (Thread-682) topic-cc4c502a_f8f3_4770_9ef8_9902dbae128d 0 19 {"key11755109151740": "value-9", "key21755109156700": "value-9"}
2025-08-13 18:19:21,353 INFO  [io.api.tes.ser.api.KafkaSerdesTester] (Thread-682) topic-cc4c502a_f8f3_4770_9ef8_9902dbae128d 0 20 {"key11755109151740": "value-0"}
2025-08-13 18:19:21,353 INFO  [io.api.tes.ser.api.KafkaSerdesTester] (Thread-682) topic-cc4c502a_f8f3_4770_9ef8_9902dbae128d 0 21 {"key11755109151740": "value-1"}
2025-08-13 18:19:21,353 INFO  [io.api.tes.ser.api.KafkaSerdesTester] (Thread-682) topic-cc4c502a_f8f3_4770_9ef8_9902dbae128d 0 22 {"key11755109151740": "value-2"}
2025-08-13 18:19:21,353 INFO  [io.api.tes.ser.api.KafkaSerdesTester] (Thread-682) topic-cc4c502a_f8f3_4770_9ef8_9902dbae128d 0 23 {"key11755109151740": "value-3"}
2025-08-13 18:19:21,353 INFO  [io.api.tes.ser.api.KafkaSerdesTester] (Thread-682) topic-cc4c502a_f8f3_4770_9ef8_9902dbae128d 0 24 {"key11755109151740": "value-4"}
2025-08-13 18:19:21,353 INFO  [io.api.tes.ser.api.KafkaSerdesTester] (Thread-682) topic-cc4c502a_f8f3_4770_9ef8_9902dbae128d 0 25 {"key11755109151740": "value-5"}
2025-08-13 18:19:21,353 INFO  [io.api.tes.ser.api.KafkaSerdesTester] (Thread-682) topic-cc4c502a_f8f3_4770_9ef8_9902dbae128d 0 26 {"key11755109151740": "value-6"}
2025-08-13 18:19:21,353 INFO  [io.api.tes.ser.api.KafkaSerdesTester] (Thread-682) topic-cc4c502a_f8f3_4770_9ef8_9902dbae128d 0 27 {"key11755109151740": "value-7"}
2025-08-13 18:19:21,353 INFO  [io.api.tes.ser.api.KafkaSerdesTester] (Thread-682) topic-cc4c502a_f8f3_4770_9ef8_9902dbae128d 0 28 {"key11755109151740": "value-8"}
2025-08-13 18:19:21,354 INFO  [io.api.tes.ser.api.KafkaSerdesTester] (Thread-682) topic-cc4c502a_f8f3_4770_9ef8_9902dbae128d 0 29 {"key11755109151740": "value-9"}
2025-08-13 18:19:21,354 INFO  [io.api.tes.ser.api.KafkaSerdesTester] (Thread-682) Consumed 20 messages
2025-08-13 18:19:21,362 INFO  [org.apa.kaf.cli.con.int.ConsumerRebalanceListenerInvoker] (Thread-682) [Consumer clientId=consumer-Consumer-topic-cc4c502a_f8f3_4770_9ef8_9902dbae128d-11, groupId=Consumer-topic-cc4c502a_f8f3_4770_9ef8_9902dbae128d] Revoke previously assigned partitions topic-cc4c502a_f8f3_4770_9ef8_9902dbae128d-0
2025-08-13 18:19:21,362 INFO  [org.apa.kaf.cli.con.int.ConsumerCoordinator] (Thread-682) [Consumer clientId=consumer-Consumer-topic-cc4c502a_f8f3_4770_9ef8_9902dbae128d-11, groupId=Consumer-topic-cc4c502a_f8f3_4770_9ef8_9902dbae128d] Member consumer-Consumer-topic-cc4c502a_f8f3_4770_9ef8_9902dbae128d-11-492ce4b1-5ce6-47a7-bd2f-ea59d127f15d sending LeaveGroup request to coordinator localhost:32769 (id: 2147483647 rack: null) due to the consumer is being closed
2025-08-13 18:19:21,362 INFO  [org.apa.kaf.cli.con.int.ConsumerCoordinator] (Thread-682) [Consumer clientId=consumer-Consumer-topic-cc4c502a_f8f3_4770_9ef8_9902dbae128d-11, groupId=Consumer-topic-cc4c502a_f8f3_4770_9ef8_9902dbae128d] Resetting generation and member id due to: consumer pro-actively leaving the group
2025-08-13 18:19:21,362 INFO  [org.apa.kaf.cli.con.int.ConsumerCoordinator] (Thread-682) [Consumer clientId=consumer-Consumer-topic-cc4c502a_f8f3_4770_9ef8_9902dbae128d-11, groupId=Consumer-topic-cc4c502a_f8f3_4770_9ef8_9902dbae128d] Request joining group due to: consumer pro-actively leaving the group
2025-08-13 18:19:21,855 INFO  [org.apa.kaf.com.met.Metrics] (Thread-682) Metrics scheduler closed
2025-08-13 18:19:21,855 INFO  [org.apa.kaf.com.met.Metrics] (Thread-682) Closing reporter org.apache.kafka.common.metrics.JmxReporter
2025-08-13 18:19:21,856 INFO  [org.apa.kaf.com.met.Metrics] (Thread-682) Closing reporter org.apache.kafka.common.telemetry.internals.ClientTelemetryReporter
2025-08-13 18:19:21,856 INFO  [org.apa.kaf.com.met.Metrics] (Thread-682) Metrics reporters closed
2025-08-13 18:19:21,859 INFO  [org.apa.kaf.com.uti.AppInfoParser] (Thread-682) App info kafka.consumer for consumer-Consumer-topic-cc4c502a_f8f3_4770_9ef8_9902dbae128d-11 unregistered
2025-08-13 18:19:21,860 INFO  [io.api.tes.ser.api.AvroSerdeIT] (main) Registering Avro Schema 3: {"type":"record","name":"s66aed414xc2a2x469ax87b0x552244b35148","namespace":"ns_a80b9543_439a_4803_a6f0_e8a978f40891","fields":[{"name":"key11755109151740","type":"string"},{"name":"key21755109156700","type":"string"},{"name":"key31755109161859","type":"string"}]}
**** Registry Base URL: http://registry-app-pg17.apps.ci419.apicurio-testing.org:80
2025-08-13 18:19:22,967 INFO  [org.apa.kaf.cli.pro.ProducerConfig] (main) ProducerConfig values: 
	acks = -1
	auto.include.jmx.reporter = true
	batch.size = 16384
	bootstrap.servers = [PLAINTEXT://localhost:32769]
	buffer.memory = 33554432
	client.dns.lookup = use_all_dns_ips
	client.id = Producer-topic-cc4c502a_f8f3_4770_9ef8_9902dbae128d
	compression.gzip.level = -1
	compression.lz4.level = 9
	compression.type = none
	compression.zstd.level = 3
	connections.max.idle.ms = 10000
	delivery.timeout.ms = 120000
	enable.idempotence = true
	enable.metrics.push = true
	interceptor.classes = []
	key.serializer = class org.apache.kafka.common.serialization.StringSerializer
	linger.ms = 0
	max.block.ms = 60000
	max.in.flight.requests.per.connection = 5
	max.request.size = 1048576
	metadata.max.age.ms = 300000
	metadata.max.idle.ms = 300000
	metadata.recovery.strategy = none
	metric.reporters = []
	metrics.num.samples = 2
	metrics.recording.level = INFO
	metrics.sample.window.ms = 30000
	partitioner.adaptive.partitioning.enable = true
	partitioner.availability.timeout.ms = 0
	partitioner.class = null
	partitioner.ignore.keys = false
	receive.buffer.bytes = 32768
	reconnect.backoff.max.ms = 1000
	reconnect.backoff.ms = 50
	request.timeout.ms = 5000
	retries = 2147483647
	retry.backoff.max.ms = 1000
	retry.backoff.ms = 100
	sasl.client.callback.handler.class = null
	sasl.jaas.config = null
	sasl.kerberos.kinit.cmd = /usr/bin/kinit
	sasl.kerberos.min.time.before.relogin = 60000
	sasl.kerberos.service.name = null
	sasl.kerberos.ticket.renew.jitter = 0.05
	sasl.kerberos.ticket.renew.window.factor = 0.8
	sasl.login.callback.handler.class = null
	sasl.login.class = null
	sasl.login.connect.timeout.ms = null
	sasl.login.read.timeout.ms = null
	sasl.login.refresh.buffer.seconds = 300
	sasl.login.refresh.min.period.seconds = 60
	sasl.login.refresh.window.factor = 0.8
	sasl.login.refresh.window.jitter = 0.05
	sasl.login.retry.backoff.max.ms = 10000
	sasl.login.retry.backoff.ms = 100
	sasl.mechanism = GSSAPI
	sasl.oauthbearer.clock.skew.seconds = 30
	sasl.oauthbearer.expected.audience = null
	sasl.oauthbearer.expected.issuer = null
	sasl.oauthbearer.header.urlencode = false
	sasl.oauthbearer.jwks.endpoint.refresh.ms = 3600000
	sasl.oauthbearer.jwks.endpoint.retry.backoff.max.ms = 10000
	sasl.oauthbearer.jwks.endpoint.retry.backoff.ms = 100
	sasl.oauthbearer.jwks.endpoint.url = null
	sasl.oauthbearer.scope.claim.name = scope
	sasl.oauthbearer.sub.claim.name = sub
	sasl.oauthbearer.token.endpoint.url = null
	security.protocol = PLAINTEXT
	security.providers = null
	send.buffer.bytes = 131072
	socket.connection.setup.timeout.max.ms = 30000
	socket.connection.setup.timeout.ms = 10000
	ssl.cipher.suites = null
	ssl.enabled.protocols = [TLSv1.2, TLSv1.3]
	ssl.endpoint.identification.algorithm = https
	ssl.engine.factory.class = null
	ssl.key.password = null
	ssl.keymanager.algorithm = SunX509
	ssl.keystore.certificate.chain = null
	ssl.keystore.key = null
	ssl.keystore.location = null
	ssl.keystore.password = null
	ssl.keystore.type = JKS
	ssl.protocol = TLSv1.3
	ssl.provider = null
	ssl.secure.random.implementation = null
	ssl.trustmanager.algorithm = PKIX
	ssl.truststore.certificates = null
	ssl.truststore.location = null
	ssl.truststore.password = null
	ssl.truststore.type = JKS
	transaction.timeout.ms = 60000
	transactional.id = null
	value.serializer = class io.apicurio.registry.serde.avro.AvroKafkaSerializer

2025-08-13 18:19:22,967 INFO  [org.apa.kaf.com.tel.int.KafkaMetricsCollector] (main) initializing Kafka metrics collector
2025-08-13 18:19:22,971 INFO  [org.apa.kaf.cli.pro.KafkaProducer] (main) [Producer clientId=Producer-topic-cc4c502a_f8f3_4770_9ef8_9902dbae128d] Instantiated an idempotent producer.
2025-08-13 18:19:22,972 INFO  [org.apa.kaf.cli.pro.ProducerConfig] (main) These configurations '[apicurio.registry.url, apicurio.registry.artifact-resolver-strategy]' were supplied but are not used yet.
2025-08-13 18:19:22,972 INFO  [org.apa.kaf.com.uti.AppInfoParser] (main) Kafka version: 3.9.1
2025-08-13 18:19:22,972 INFO  [org.apa.kaf.com.uti.AppInfoParser] (main) Kafka commitId: f745dfdcee2b9851
2025-08-13 18:19:22,972 INFO  [org.apa.kaf.com.uti.AppInfoParser] (main) Kafka startTimeMs: 1755109162972
2025-08-13 18:19:22,973 INFO  [io.api.tes.ser.api.KafkaSerdesTester] (Thread-685) Sending message {"key11755109151740": "value-0", "key21755109156700": "value-0", "key31755109161859": "value-0"} to topic topic-cc4c502a_f8f3_4770_9ef8_9902dbae128d
2025-08-13 18:19:22,975 INFO  [org.apa.kaf.cli.Metadata] (kafka-producer-network-thread | Producer-topic-cc4c502a_f8f3_4770_9ef8_9902dbae128d) [Producer clientId=Producer-topic-cc4c502a_f8f3_4770_9ef8_9902dbae128d] Cluster ID: sAToZ0WATkWwuQb_OH8PpQ
2025-08-13 18:19:22,976 INFO  [org.apa.kaf.cli.pro.int.TransactionManager] (kafka-producer-network-thread | Producer-topic-cc4c502a_f8f3_4770_9ef8_9902dbae128d) [Producer clientId=Producer-topic-cc4c502a_f8f3_4770_9ef8_9902dbae128d] ProducerId set to 15 with epoch 0
2025-08-13 18:19:22,976 INFO  [DefaultSchemaResolver] (Thread-685) Retrieving schema content using string: {"type":"record","name":"s66aed414xc2a2x469ax87b0x552244b35148","namespace":"ns_a80b9543_439a_4803_a6f0_e8a978f40891","fields":[{"name":"key11755109151740","type":"string"},{"name":"key21755109156700","type":"string"},{"name":"key31755109161859","type":"string"}]}
2025-08-13 18:19:23,078 INFO  [io.api.tes.ser.api.KafkaSerdesTester] (Thread-685) Sending message {"key11755109151740": "value-1", "key21755109156700": "value-1", "key31755109161859": "value-1"} to topic topic-cc4c502a_f8f3_4770_9ef8_9902dbae128d
2025-08-13 18:19:23,083 INFO  [io.api.tes.ser.api.KafkaSerdesTester] (Thread-685) Sending message {"key11755109151740": "value-2", "key21755109156700": "value-2", "key31755109161859": "value-2"} to topic topic-cc4c502a_f8f3_4770_9ef8_9902dbae128d
2025-08-13 18:19:23,085 INFO  [io.api.tes.ser.api.KafkaSerdesTester] (Thread-685) Sending message {"key11755109151740": "value-3", "key21755109156700": "value-3", "key31755109161859": "value-3"} to topic topic-cc4c502a_f8f3_4770_9ef8_9902dbae128d
2025-08-13 18:19:23,087 INFO  [io.api.tes.ser.api.KafkaSerdesTester] (Thread-685) Sending message {"key11755109151740": "value-4", "key21755109156700": "value-4", "key31755109161859": "value-4"} to topic topic-cc4c502a_f8f3_4770_9ef8_9902dbae128d
2025-08-13 18:19:23,089 INFO  [io.api.tes.ser.api.KafkaSerdesTester] (Thread-685) Sending message {"key11755109151740": "value-5", "key21755109156700": "value-5", "key31755109161859": "value-5"} to topic topic-cc4c502a_f8f3_4770_9ef8_9902dbae128d
2025-08-13 18:19:23,092 INFO  [io.api.tes.ser.api.KafkaSerdesTester] (Thread-685) Sending message {"key11755109151740": "value-6", "key21755109156700": "value-6", "key31755109161859": "value-6"} to topic topic-cc4c502a_f8f3_4770_9ef8_9902dbae128d
2025-08-13 18:19:23,094 INFO  [io.api.tes.ser.api.KafkaSerdesTester] (Thread-685) Sending message {"key11755109151740": "value-7", "key21755109156700": "value-7", "key31755109161859": "value-7"} to topic topic-cc4c502a_f8f3_4770_9ef8_9902dbae128d
2025-08-13 18:19:23,097 INFO  [io.api.tes.ser.api.KafkaSerdesTester] (Thread-685) Sending message {"key11755109151740": "value-8", "key21755109156700": "value-8", "key31755109161859": "value-8"} to topic topic-cc4c502a_f8f3_4770_9ef8_9902dbae128d
2025-08-13 18:19:23,099 INFO  [io.api.tes.ser.api.KafkaSerdesTester] (Thread-685) Sending message {"key11755109151740": "value-9", "key21755109156700": "value-9", "key31755109161859": "value-9"} to topic topic-cc4c502a_f8f3_4770_9ef8_9902dbae128d
2025-08-13 18:19:23,104 INFO  [io.api.tes.ser.api.KafkaSerdesTester] (Thread-685) Produced 10 messages
2025-08-13 18:19:23,104 INFO  [org.apa.kaf.cli.pro.KafkaProducer] (Thread-685) [Producer clientId=Producer-topic-cc4c502a_f8f3_4770_9ef8_9902dbae128d] Closing the Kafka producer with timeoutMillis = 9223372036854775807 ms.
2025-08-13 18:19:23,111 INFO  [org.apa.kaf.com.met.Metrics] (Thread-685) Metrics scheduler closed
2025-08-13 18:19:23,111 INFO  [org.apa.kaf.com.met.Metrics] (Thread-685) Closing reporter org.apache.kafka.common.metrics.JmxReporter
2025-08-13 18:19:23,111 INFO  [org.apa.kaf.com.met.Metrics] (Thread-685) Closing reporter org.apache.kafka.common.telemetry.internals.ClientTelemetryReporter
2025-08-13 18:19:23,111 INFO  [org.apa.kaf.com.met.Metrics] (Thread-685) Metrics reporters closed
2025-08-13 18:19:23,112 INFO  [org.apa.kaf.com.uti.AppInfoParser] (Thread-685) App info kafka.producer for Producer-topic-cc4c502a_f8f3_4770_9ef8_9902dbae128d unregistered
**** Registry Base URL: http://registry-app-pg17.apps.ci419.apicurio-testing.org:80
2025-08-13 18:19:23,112 INFO  [org.apa.kaf.cli.pro.ProducerConfig] (main) ProducerConfig values: 
	acks = -1
	auto.include.jmx.reporter = true
	batch.size = 16384
	bootstrap.servers = [PLAINTEXT://localhost:32769]
	buffer.memory = 33554432
	client.dns.lookup = use_all_dns_ips
	client.id = Producer-topic-cc4c502a_f8f3_4770_9ef8_9902dbae128d
	compression.gzip.level = -1
	compression.lz4.level = 9
	compression.type = none
	compression.zstd.level = 3
	connections.max.idle.ms = 10000
	delivery.timeout.ms = 120000
	enable.idempotence = true
	enable.metrics.push = true
	interceptor.classes = []
	key.serializer = class org.apache.kafka.common.serialization.StringSerializer
	linger.ms = 0
	max.block.ms = 60000
	max.in.flight.requests.per.connection = 5
	max.request.size = 1048576
	metadata.max.age.ms = 300000
	metadata.max.idle.ms = 300000
	metadata.recovery.strategy = none
	metric.reporters = []
	metrics.num.samples = 2
	metrics.recording.level = INFO
	metrics.sample.window.ms = 30000
	partitioner.adaptive.partitioning.enable = true
	partitioner.availability.timeout.ms = 0
	partitioner.class = null
	partitioner.ignore.keys = false
	receive.buffer.bytes = 32768
	reconnect.backoff.max.ms = 1000
	reconnect.backoff.ms = 50
	request.timeout.ms = 5000
	retries = 2147483647
	retry.backoff.max.ms = 1000
	retry.backoff.ms = 100
	sasl.client.callback.handler.class = null
	sasl.jaas.config = null
	sasl.kerberos.kinit.cmd = /usr/bin/kinit
	sasl.kerberos.min.time.before.relogin = 60000
	sasl.kerberos.service.name = null
	sasl.kerberos.ticket.renew.jitter = 0.05
	sasl.kerberos.ticket.renew.window.factor = 0.8
	sasl.login.callback.handler.class = null
	sasl.login.class = null
	sasl.login.connect.timeout.ms = null
	sasl.login.read.timeout.ms = null
	sasl.login.refresh.buffer.seconds = 300
	sasl.login.refresh.min.period.seconds = 60
	sasl.login.refresh.window.factor = 0.8
	sasl.login.refresh.window.jitter = 0.05
	sasl.login.retry.backoff.max.ms = 10000
	sasl.login.retry.backoff.ms = 100
	sasl.mechanism = GSSAPI
	sasl.oauthbearer.clock.skew.seconds = 30
	sasl.oauthbearer.expected.audience = null
	sasl.oauthbearer.expected.issuer = null
	sasl.oauthbearer.header.urlencode = false
	sasl.oauthbearer.jwks.endpoint.refresh.ms = 3600000
	sasl.oauthbearer.jwks.endpoint.retry.backoff.max.ms = 10000
	sasl.oauthbearer.jwks.endpoint.retry.backoff.ms = 100
	sasl.oauthbearer.jwks.endpoint.url = null
	sasl.oauthbearer.scope.claim.name = scope
	sasl.oauthbearer.sub.claim.name = sub
	sasl.oauthbearer.token.endpoint.url = null
	security.protocol = PLAINTEXT
	security.providers = null
	send.buffer.bytes = 131072
	socket.connection.setup.timeout.max.ms = 30000
	socket.connection.setup.timeout.ms = 10000
	ssl.cipher.suites = null
	ssl.enabled.protocols = [TLSv1.2, TLSv1.3]
	ssl.endpoint.identification.algorithm = https
	ssl.engine.factory.class = null
	ssl.key.password = null
	ssl.keymanager.algorithm = SunX509
	ssl.keystore.certificate.chain = null
	ssl.keystore.key = null
	ssl.keystore.location = null
	ssl.keystore.password = null
	ssl.keystore.type = JKS
	ssl.protocol = TLSv1.3
	ssl.provider = null
	ssl.secure.random.implementation = null
	ssl.trustmanager.algorithm = PKIX
	ssl.truststore.certificates = null
	ssl.truststore.location = null
	ssl.truststore.password = null
	ssl.truststore.type = JKS
	transaction.timeout.ms = 60000
	transactional.id = null
	value.serializer = class io.apicurio.registry.serde.avro.AvroKafkaSerializer

2025-08-13 18:19:23,116 INFO  [org.apa.kaf.com.tel.int.KafkaMetricsCollector] (main) initializing Kafka metrics collector
2025-08-13 18:19:23,126 INFO  [org.apa.kaf.cli.pro.KafkaProducer] (main) [Producer clientId=Producer-topic-cc4c502a_f8f3_4770_9ef8_9902dbae128d] Instantiated an idempotent producer.
2025-08-13 18:19:23,131 INFO  [org.apa.kaf.cli.pro.ProducerConfig] (main) These configurations '[apicurio.registry.url, apicurio.registry.artifact-resolver-strategy]' were supplied but are not used yet.
2025-08-13 18:19:23,131 INFO  [org.apa.kaf.com.uti.AppInfoParser] (main) Kafka version: 3.9.1
2025-08-13 18:19:23,131 INFO  [org.apa.kaf.com.uti.AppInfoParser] (main) Kafka commitId: f745dfdcee2b9851
2025-08-13 18:19:23,131 INFO  [org.apa.kaf.com.uti.AppInfoParser] (main) Kafka startTimeMs: 1755109163131
2025-08-13 18:19:23,132 INFO  [io.api.tes.ser.api.KafkaSerdesTester] (Thread-688) Sending message {"key11755109151740": "value-0", "key21755109156700": "value-0"} to topic topic-cc4c502a_f8f3_4770_9ef8_9902dbae128d
2025-08-13 18:19:23,136 INFO  [org.apa.kaf.cli.Metadata] (kafka-producer-network-thread | Producer-topic-cc4c502a_f8f3_4770_9ef8_9902dbae128d) [Producer clientId=Producer-topic-cc4c502a_f8f3_4770_9ef8_9902dbae128d] Cluster ID: sAToZ0WATkWwuQb_OH8PpQ
2025-08-13 18:19:23,137 INFO  [DefaultSchemaResolver] (Thread-688) Retrieving schema content using string: {"type":"record","name":"s66aed414xc2a2x469ax87b0x552244b35148","namespace":"ns_a80b9543_439a_4803_a6f0_e8a978f40891","fields":[{"name":"key11755109151740","type":"string"},{"name":"key21755109156700","type":"string"}]}
2025-08-13 18:19:23,139 INFO  [org.apa.kaf.cli.pro.int.TransactionManager] (kafka-producer-network-thread | Producer-topic-cc4c502a_f8f3_4770_9ef8_9902dbae128d) [Producer clientId=Producer-topic-cc4c502a_f8f3_4770_9ef8_9902dbae128d] ProducerId set to 16 with epoch 0
2025-08-13 18:19:23,220 INFO  [io.api.tes.ser.api.KafkaSerdesTester] (Thread-688) Sending message {"key11755109151740": "value-1", "key21755109156700": "value-1"} to topic topic-cc4c502a_f8f3_4770_9ef8_9902dbae128d
2025-08-13 18:19:23,222 INFO  [io.api.tes.ser.api.KafkaSerdesTester] (Thread-688) Sending message {"key11755109151740": "value-2", "key21755109156700": "value-2"} to topic topic-cc4c502a_f8f3_4770_9ef8_9902dbae128d
2025-08-13 18:19:23,223 INFO  [io.api.tes.ser.api.KafkaSerdesTester] (Thread-688) Sending message {"key11755109151740": "value-3", "key21755109156700": "value-3"} to topic topic-cc4c502a_f8f3_4770_9ef8_9902dbae128d
2025-08-13 18:19:23,225 INFO  [io.api.tes.ser.api.KafkaSerdesTester] (Thread-688) Sending message {"key11755109151740": "value-4", "key21755109156700": "value-4"} to topic topic-cc4c502a_f8f3_4770_9ef8_9902dbae128d
2025-08-13 18:19:23,227 INFO  [io.api.tes.ser.api.KafkaSerdesTester] (Thread-688) Sending message {"key11755109151740": "value-5", "key21755109156700": "value-5"} to topic topic-cc4c502a_f8f3_4770_9ef8_9902dbae128d
2025-08-13 18:19:23,228 INFO  [io.api.tes.ser.api.KafkaSerdesTester] (Thread-688) Sending message {"key11755109151740": "value-6", "key21755109156700": "value-6"} to topic topic-cc4c502a_f8f3_4770_9ef8_9902dbae128d
2025-08-13 18:19:23,231 INFO  [io.api.tes.ser.api.KafkaSerdesTester] (Thread-688) Sending message {"key11755109151740": "value-7", "key21755109156700": "value-7"} to topic topic-cc4c502a_f8f3_4770_9ef8_9902dbae128d
2025-08-13 18:19:23,233 INFO  [io.api.tes.ser.api.KafkaSerdesTester] (Thread-688) Sending message {"key11755109151740": "value-8", "key21755109156700": "value-8"} to topic topic-cc4c502a_f8f3_4770_9ef8_9902dbae128d
2025-08-13 18:19:23,237 INFO  [io.api.tes.ser.api.KafkaSerdesTester] (Thread-688) Sending message {"key11755109151740": "value-9", "key21755109156700": "value-9"} to topic topic-cc4c502a_f8f3_4770_9ef8_9902dbae128d
2025-08-13 18:19:23,240 INFO  [io.api.tes.ser.api.KafkaSerdesTester] (Thread-688) Produced 10 messages
2025-08-13 18:19:23,241 INFO  [org.apa.kaf.cli.pro.KafkaProducer] (Thread-688) [Producer clientId=Producer-topic-cc4c502a_f8f3_4770_9ef8_9902dbae128d] Closing the Kafka producer with timeoutMillis = 9223372036854775807 ms.
2025-08-13 18:19:23,243 INFO  [org.apa.kaf.com.met.Metrics] (Thread-688) Metrics scheduler closed
2025-08-13 18:19:23,243 INFO  [org.apa.kaf.com.met.Metrics] (Thread-688) Closing reporter org.apache.kafka.common.metrics.JmxReporter
2025-08-13 18:19:23,243 INFO  [org.apa.kaf.com.met.Metrics] (Thread-688) Closing reporter org.apache.kafka.common.telemetry.internals.ClientTelemetryReporter
2025-08-13 18:19:23,243 INFO  [org.apa.kaf.com.met.Metrics] (Thread-688) Metrics reporters closed
2025-08-13 18:19:23,243 INFO  [org.apa.kaf.com.uti.AppInfoParser] (Thread-688) App info kafka.producer for Producer-topic-cc4c502a_f8f3_4770_9ef8_9902dbae128d unregistered
**** Registry Base URL: http://registry-app-pg17.apps.ci419.apicurio-testing.org:80
2025-08-13 18:19:23,244 INFO  [org.apa.kaf.cli.pro.ProducerConfig] (main) ProducerConfig values: 
	acks = -1
	auto.include.jmx.reporter = true
	batch.size = 16384
	bootstrap.servers = [PLAINTEXT://localhost:32769]
	buffer.memory = 33554432
	client.dns.lookup = use_all_dns_ips
	client.id = Producer-topic-cc4c502a_f8f3_4770_9ef8_9902dbae128d
	compression.gzip.level = -1
	compression.lz4.level = 9
	compression.type = none
	compression.zstd.level = 3
	connections.max.idle.ms = 10000
	delivery.timeout.ms = 120000
	enable.idempotence = true
	enable.metrics.push = true
	interceptor.classes = []
	key.serializer = class org.apache.kafka.common.serialization.StringSerializer
	linger.ms = 0
	max.block.ms = 60000
	max.in.flight.requests.per.connection = 5
	max.request.size = 1048576
	metadata.max.age.ms = 300000
	metadata.max.idle.ms = 300000
	metadata.recovery.strategy = none
	metric.reporters = []
	metrics.num.samples = 2
	metrics.recording.level = INFO
	metrics.sample.window.ms = 30000
	partitioner.adaptive.partitioning.enable = true
	partitioner.availability.timeout.ms = 0
	partitioner.class = null
	partitioner.ignore.keys = false
	receive.buffer.bytes = 32768
	reconnect.backoff.max.ms = 1000
	reconnect.backoff.ms = 50
	request.timeout.ms = 5000
	retries = 2147483647
	retry.backoff.max.ms = 1000
	retry.backoff.ms = 100
	sasl.client.callback.handler.class = null
	sasl.jaas.config = null
	sasl.kerberos.kinit.cmd = /usr/bin/kinit
	sasl.kerberos.min.time.before.relogin = 60000
	sasl.kerberos.service.name = null
	sasl.kerberos.ticket.renew.jitter = 0.05
	sasl.kerberos.ticket.renew.window.factor = 0.8
	sasl.login.callback.handler.class = null
	sasl.login.class = null
	sasl.login.connect.timeout.ms = null
	sasl.login.read.timeout.ms = null
	sasl.login.refresh.buffer.seconds = 300
	sasl.login.refresh.min.period.seconds = 60
	sasl.login.refresh.window.factor = 0.8
	sasl.login.refresh.window.jitter = 0.05
	sasl.login.retry.backoff.max.ms = 10000
	sasl.login.retry.backoff.ms = 100
	sasl.mechanism = GSSAPI
	sasl.oauthbearer.clock.skew.seconds = 30
	sasl.oauthbearer.expected.audience = null
	sasl.oauthbearer.expected.issuer = null
	sasl.oauthbearer.header.urlencode = false
	sasl.oauthbearer.jwks.endpoint.refresh.ms = 3600000
	sasl.oauthbearer.jwks.endpoint.retry.backoff.max.ms = 10000
	sasl.oauthbearer.jwks.endpoint.retry.backoff.ms = 100
	sasl.oauthbearer.jwks.endpoint.url = null
	sasl.oauthbearer.scope.claim.name = scope
	sasl.oauthbearer.sub.claim.name = sub
	sasl.oauthbearer.token.endpoint.url = null
	security.protocol = PLAINTEXT
	security.providers = null
	send.buffer.bytes = 131072
	socket.connection.setup.timeout.max.ms = 30000
	socket.connection.setup.timeout.ms = 10000
	ssl.cipher.suites = null
	ssl.enabled.protocols = [TLSv1.2, TLSv1.3]
	ssl.endpoint.identification.algorithm = https
	ssl.engine.factory.class = null
	ssl.key.password = null
	ssl.keymanager.algorithm = SunX509
	ssl.keystore.certificate.chain = null
	ssl.keystore.key = null
	ssl.keystore.location = null
	ssl.keystore.password = null
	ssl.keystore.type = JKS
	ssl.protocol = TLSv1.3
	ssl.provider = null
	ssl.secure.random.implementation = null
	ssl.trustmanager.algorithm = PKIX
	ssl.truststore.certificates = null
	ssl.truststore.location = null
	ssl.truststore.password = null
	ssl.truststore.type = JKS
	transaction.timeout.ms = 60000
	transactional.id = null
	value.serializer = class io.apicurio.registry.serde.avro.AvroKafkaSerializer

2025-08-13 18:19:23,244 INFO  [org.apa.kaf.com.tel.int.KafkaMetricsCollector] (main) initializing Kafka metrics collector
2025-08-13 18:19:23,250 INFO  [org.apa.kaf.cli.pro.KafkaProducer] (main) [Producer clientId=Producer-topic-cc4c502a_f8f3_4770_9ef8_9902dbae128d] Instantiated an idempotent producer.
2025-08-13 18:19:23,253 INFO  [org.apa.kaf.cli.pro.ProducerConfig] (main) These configurations '[apicurio.registry.url, apicurio.registry.artifact-resolver-strategy]' were supplied but are not used yet.
2025-08-13 18:19:23,253 INFO  [org.apa.kaf.com.uti.AppInfoParser] (main) Kafka version: 3.9.1
2025-08-13 18:19:23,253 INFO  [org.apa.kaf.com.uti.AppInfoParser] (main) Kafka commitId: f745dfdcee2b9851
2025-08-13 18:19:23,253 INFO  [org.apa.kaf.com.uti.AppInfoParser] (main) Kafka startTimeMs: 1755109163253
2025-08-13 18:19:23,254 INFO  [io.api.tes.ser.api.KafkaSerdesTester] (Thread-691) Sending message {"key11755109151740": "value-0"} to topic topic-cc4c502a_f8f3_4770_9ef8_9902dbae128d
2025-08-13 18:19:23,259 INFO  [org.apa.kaf.cli.Metadata] (kafka-producer-network-thread | Producer-topic-cc4c502a_f8f3_4770_9ef8_9902dbae128d) [Producer clientId=Producer-topic-cc4c502a_f8f3_4770_9ef8_9902dbae128d] Cluster ID: sAToZ0WATkWwuQb_OH8PpQ
2025-08-13 18:19:23,260 INFO  [DefaultSchemaResolver] (Thread-691) Retrieving schema content using string: {"type":"record","name":"s66aed414xc2a2x469ax87b0x552244b35148","namespace":"ns_a80b9543_439a_4803_a6f0_e8a978f40891","fields":[{"name":"key11755109151740","type":"string"}]}
2025-08-13 18:19:23,261 INFO  [org.apa.kaf.cli.pro.int.TransactionManager] (kafka-producer-network-thread | Producer-topic-cc4c502a_f8f3_4770_9ef8_9902dbae128d) [Producer clientId=Producer-topic-cc4c502a_f8f3_4770_9ef8_9902dbae128d] ProducerId set to 17 with epoch 0
2025-08-13 18:19:23,348 INFO  [io.api.tes.ser.api.KafkaSerdesTester] (Thread-691) Sending message {"key11755109151740": "value-1"} to topic topic-cc4c502a_f8f3_4770_9ef8_9902dbae128d
2025-08-13 18:19:23,354 INFO  [io.api.tes.ser.api.KafkaSerdesTester] (Thread-691) Sending message {"key11755109151740": "value-2"} to topic topic-cc4c502a_f8f3_4770_9ef8_9902dbae128d
2025-08-13 18:19:23,355 INFO  [io.api.tes.ser.api.KafkaSerdesTester] (Thread-691) Sending message {"key11755109151740": "value-3"} to topic topic-cc4c502a_f8f3_4770_9ef8_9902dbae128d
2025-08-13 18:19:23,357 INFO  [io.api.tes.ser.api.KafkaSerdesTester] (Thread-691) Sending message {"key11755109151740": "value-4"} to topic topic-cc4c502a_f8f3_4770_9ef8_9902dbae128d
2025-08-13 18:19:23,358 INFO  [io.api.tes.ser.api.KafkaSerdesTester] (Thread-691) Sending message {"key11755109151740": "value-5"} to topic topic-cc4c502a_f8f3_4770_9ef8_9902dbae128d
2025-08-13 18:19:23,360 INFO  [io.api.tes.ser.api.KafkaSerdesTester] (Thread-691) Sending message {"key11755109151740": "value-6"} to topic topic-cc4c502a_f8f3_4770_9ef8_9902dbae128d
2025-08-13 18:19:23,361 INFO  [io.api.tes.ser.api.KafkaSerdesTester] (Thread-691) Sending message {"key11755109151740": "value-7"} to topic topic-cc4c502a_f8f3_4770_9ef8_9902dbae128d
2025-08-13 18:19:23,365 INFO  [io.api.tes.ser.api.KafkaSerdesTester] (Thread-691) Sending message {"key11755109151740": "value-8"} to topic topic-cc4c502a_f8f3_4770_9ef8_9902dbae128d
2025-08-13 18:19:23,370 INFO  [io.api.tes.ser.api.KafkaSerdesTester] (Thread-691) Sending message {"key11755109151740": "value-9"} to topic topic-cc4c502a_f8f3_4770_9ef8_9902dbae128d
2025-08-13 18:19:23,372 INFO  [io.api.tes.ser.api.KafkaSerdesTester] (Thread-691) Produced 10 messages
2025-08-13 18:19:23,372 INFO  [org.apa.kaf.cli.pro.KafkaProducer] (Thread-691) [Producer clientId=Producer-topic-cc4c502a_f8f3_4770_9ef8_9902dbae128d] Closing the Kafka producer with timeoutMillis = 9223372036854775807 ms.
2025-08-13 18:19:23,374 INFO  [org.apa.kaf.com.met.Metrics] (Thread-691) Metrics scheduler closed
2025-08-13 18:19:23,374 INFO  [org.apa.kaf.com.met.Metrics] (Thread-691) Closing reporter org.apache.kafka.common.metrics.JmxReporter
2025-08-13 18:19:23,375 INFO  [org.apa.kaf.com.met.Metrics] (Thread-691) Closing reporter org.apache.kafka.common.telemetry.internals.ClientTelemetryReporter
2025-08-13 18:19:23,375 INFO  [org.apa.kaf.com.met.Metrics] (Thread-691) Metrics reporters closed
2025-08-13 18:19:23,375 INFO  [org.apa.kaf.com.uti.AppInfoParser] (Thread-691) App info kafka.producer for Producer-topic-cc4c502a_f8f3_4770_9ef8_9902dbae128d unregistered
**** Registry Base URL: http://registry-app-pg17.apps.ci419.apicurio-testing.org:80
2025-08-13 18:19:23,376 INFO  [org.apa.kaf.cli.con.ConsumerConfig] (main) ConsumerConfig values: 
	allow.auto.create.topics = true
	auto.commit.interval.ms = 500
	auto.include.jmx.reporter = true
	auto.offset.reset = earliest
	bootstrap.servers = [PLAINTEXT://localhost:32769]
	check.crcs = true
	client.dns.lookup = use_all_dns_ips
	client.id = consumer-Consumer-topic-cc4c502a_f8f3_4770_9ef8_9902dbae128d-12
	client.rack = 
	connections.max.idle.ms = 10000
	default.api.timeout.ms = 60000
	enable.auto.commit = true
	enable.metrics.push = true
	exclude.internal.topics = true
	fetch.max.bytes = 52428800
	fetch.max.wait.ms = 500
	fetch.min.bytes = 1
	group.id = Consumer-topic-cc4c502a_f8f3_4770_9ef8_9902dbae128d
	group.instance.id = null
	group.protocol = classic
	group.remote.assignor = null
	heartbeat.interval.ms = 3000
	interceptor.classes = []
	internal.leave.group.on.close = true
	internal.throw.on.fetch.stable.offset.unsupported = false
	isolation.level = read_uncommitted
	key.deserializer = class org.apache.kafka.common.serialization.StringDeserializer
	max.partition.fetch.bytes = 1048576
	max.poll.interval.ms = 300000
	max.poll.records = 500
	metadata.max.age.ms = 300000
	metadata.recovery.strategy = none
	metric.reporters = []
	metrics.num.samples = 2
	metrics.recording.level = INFO
	metrics.sample.window.ms = 30000
	partition.assignment.strategy = [class org.apache.kafka.clients.consumer.RangeAssignor, class org.apache.kafka.clients.consumer.CooperativeStickyAssignor]
	receive.buffer.bytes = 65536
	reconnect.backoff.max.ms = 1000
	reconnect.backoff.ms = 50
	request.timeout.ms = 5000
	retry.backoff.max.ms = 1000
	retry.backoff.ms = 100
	sasl.client.callback.handler.class = null
	sasl.jaas.config = null
	sasl.kerberos.kinit.cmd = /usr/bin/kinit
	sasl.kerberos.min.time.before.relogin = 60000
	sasl.kerberos.service.name = null
	sasl.kerberos.ticket.renew.jitter = 0.05
	sasl.kerberos.ticket.renew.window.factor = 0.8
	sasl.login.callback.handler.class = null
	sasl.login.class = null
	sasl.login.connect.timeout.ms = null
	sasl.login.read.timeout.ms = null
	sasl.login.refresh.buffer.seconds = 300
	sasl.login.refresh.min.period.seconds = 60
	sasl.login.refresh.window.factor = 0.8
	sasl.login.refresh.window.jitter = 0.05
	sasl.login.retry.backoff.max.ms = 10000
	sasl.login.retry.backoff.ms = 100
	sasl.mechanism = GSSAPI
	sasl.oauthbearer.clock.skew.seconds = 30
	sasl.oauthbearer.expected.audience = null
	sasl.oauthbearer.expected.issuer = null
	sasl.oauthbearer.header.urlencode = false
	sasl.oauthbearer.jwks.endpoint.refresh.ms = 3600000
	sasl.oauthbearer.jwks.endpoint.retry.backoff.max.ms = 10000
	sasl.oauthbearer.jwks.endpoint.retry.backoff.ms = 100
	sasl.oauthbearer.jwks.endpoint.url = null
	sasl.oauthbearer.scope.claim.name = scope
	sasl.oauthbearer.sub.claim.name = sub
	sasl.oauthbearer.token.endpoint.url = null
	security.protocol = PLAINTEXT
	security.providers = null
	send.buffer.bytes = 131072
	session.timeout.ms = 45000
	socket.connection.setup.timeout.max.ms = 30000
	socket.connection.setup.timeout.ms = 10000
	ssl.cipher.suites = null
	ssl.enabled.protocols = [TLSv1.2, TLSv1.3]
	ssl.endpoint.identification.algorithm = https
	ssl.engine.factory.class = null
	ssl.key.password = null
	ssl.keymanager.algorithm = SunX509
	ssl.keystore.certificate.chain = null
	ssl.keystore.key = null
	ssl.keystore.location = null
	ssl.keystore.password = null
	ssl.keystore.type = JKS
	ssl.protocol = TLSv1.3
	ssl.provider = null
	ssl.secure.random.implementation = null
	ssl.trustmanager.algorithm = PKIX
	ssl.truststore.certificates = null
	ssl.truststore.location = null
	ssl.truststore.password = null
	ssl.truststore.type = JKS
	value.deserializer = class io.apicurio.registry.serde.avro.AvroKafkaDeserializer

2025-08-13 18:19:23,377 INFO  [org.apa.kaf.com.tel.int.KafkaMetricsCollector] (main) initializing Kafka metrics collector
2025-08-13 18:19:23,388 INFO  [org.apa.kaf.cli.con.ConsumerConfig] (main) These configurations '[apicurio.registry.url]' were supplied but are not used yet.
2025-08-13 18:19:23,388 INFO  [org.apa.kaf.com.uti.AppInfoParser] (main) Kafka version: 3.9.1
2025-08-13 18:19:23,388 INFO  [org.apa.kaf.com.uti.AppInfoParser] (main) Kafka commitId: f745dfdcee2b9851
2025-08-13 18:19:23,388 INFO  [org.apa.kaf.com.uti.AppInfoParser] (main) Kafka startTimeMs: 1755109163388
2025-08-13 18:19:23,388 INFO  [org.apa.kaf.cli.con.int.ClassicKafkaConsumer] (Thread-694) [Consumer clientId=consumer-Consumer-topic-cc4c502a_f8f3_4770_9ef8_9902dbae128d-12, groupId=Consumer-topic-cc4c502a_f8f3_4770_9ef8_9902dbae128d] Subscribed to topic(s): topic-cc4c502a_f8f3_4770_9ef8_9902dbae128d
2025-08-13 18:19:23,393 INFO  [org.apa.kaf.cli.Metadata] (Thread-694) [Consumer clientId=consumer-Consumer-topic-cc4c502a_f8f3_4770_9ef8_9902dbae128d-12, groupId=Consumer-topic-cc4c502a_f8f3_4770_9ef8_9902dbae128d] Cluster ID: sAToZ0WATkWwuQb_OH8PpQ
2025-08-13 18:19:23,393 INFO  [org.apa.kaf.cli.con.int.ConsumerCoordinator] (Thread-694) [Consumer clientId=consumer-Consumer-topic-cc4c502a_f8f3_4770_9ef8_9902dbae128d-12, groupId=Consumer-topic-cc4c502a_f8f3_4770_9ef8_9902dbae128d] Discovered group coordinator localhost:32769 (id: 2147483647 rack: null)
2025-08-13 18:19:23,394 INFO  [org.apa.kaf.cli.con.int.ConsumerCoordinator] (Thread-694) [Consumer clientId=consumer-Consumer-topic-cc4c502a_f8f3_4770_9ef8_9902dbae128d-12, groupId=Consumer-topic-cc4c502a_f8f3_4770_9ef8_9902dbae128d] (Re-)joining group
2025-08-13 18:19:23,398 INFO  [org.apa.kaf.cli.con.int.ConsumerCoordinator] (Thread-694) [Consumer clientId=consumer-Consumer-topic-cc4c502a_f8f3_4770_9ef8_9902dbae128d-12, groupId=Consumer-topic-cc4c502a_f8f3_4770_9ef8_9902dbae128d] Request joining group due to: need to re-join with the given member-id: consumer-Consumer-topic-cc4c502a_f8f3_4770_9ef8_9902dbae128d-12-4954763e-fc29-4acd-8af1-17d45b31ef99
2025-08-13 18:19:23,398 INFO  [org.apa.kaf.cli.con.int.ConsumerCoordinator] (Thread-694) [Consumer clientId=consumer-Consumer-topic-cc4c502a_f8f3_4770_9ef8_9902dbae128d-12, groupId=Consumer-topic-cc4c502a_f8f3_4770_9ef8_9902dbae128d] (Re-)joining group
2025-08-13 18:19:24,388 INFO  [io.api.tes.ser.api.KafkaSerdesTester] (Thread-694) None found
2025-08-13 18:19:25,388 INFO  [io.api.tes.ser.api.KafkaSerdesTester] (Thread-694) None found
2025-08-13 18:19:26,388 INFO  [io.api.tes.ser.api.KafkaSerdesTester] (Thread-694) None found
2025-08-13 18:19:26,401 INFO  [org.apa.kaf.cli.con.int.ConsumerCoordinator] (Thread-694) [Consumer clientId=consumer-Consumer-topic-cc4c502a_f8f3_4770_9ef8_9902dbae128d-12, groupId=Consumer-topic-cc4c502a_f8f3_4770_9ef8_9902dbae128d] Successfully joined group with generation Generation{generationId=5, memberId='consumer-Consumer-topic-cc4c502a_f8f3_4770_9ef8_9902dbae128d-12-4954763e-fc29-4acd-8af1-17d45b31ef99', protocol='range'}
2025-08-13 18:19:26,401 INFO  [org.apa.kaf.cli.con.int.ConsumerCoordinator] (Thread-694) [Consumer clientId=consumer-Consumer-topic-cc4c502a_f8f3_4770_9ef8_9902dbae128d-12, groupId=Consumer-topic-cc4c502a_f8f3_4770_9ef8_9902dbae128d] Finished assignment for group at generation 5: {consumer-Consumer-topic-cc4c502a_f8f3_4770_9ef8_9902dbae128d-12-4954763e-fc29-4acd-8af1-17d45b31ef99=Assignment(partitions=[topic-cc4c502a_f8f3_4770_9ef8_9902dbae128d-0])}
2025-08-13 18:19:26,408 INFO  [org.apa.kaf.cli.con.int.ConsumerCoordinator] (Thread-694) [Consumer clientId=consumer-Consumer-topic-cc4c502a_f8f3_4770_9ef8_9902dbae128d-12, groupId=Consumer-topic-cc4c502a_f8f3_4770_9ef8_9902dbae128d] Successfully synced group in generation Generation{generationId=5, memberId='consumer-Consumer-topic-cc4c502a_f8f3_4770_9ef8_9902dbae128d-12-4954763e-fc29-4acd-8af1-17d45b31ef99', protocol='range'}
2025-08-13 18:19:26,408 INFO  [org.apa.kaf.cli.con.int.ConsumerCoordinator] (Thread-694) [Consumer clientId=consumer-Consumer-topic-cc4c502a_f8f3_4770_9ef8_9902dbae128d-12, groupId=Consumer-topic-cc4c502a_f8f3_4770_9ef8_9902dbae128d] Notifying assignor about the new Assignment(partitions=[topic-cc4c502a_f8f3_4770_9ef8_9902dbae128d-0])
2025-08-13 18:19:26,408 INFO  [org.apa.kaf.cli.con.int.ConsumerRebalanceListenerInvoker] (Thread-694) [Consumer clientId=consumer-Consumer-topic-cc4c502a_f8f3_4770_9ef8_9902dbae128d-12, groupId=Consumer-topic-cc4c502a_f8f3_4770_9ef8_9902dbae128d] Adding newly assigned partitions: topic-cc4c502a_f8f3_4770_9ef8_9902dbae128d-0
2025-08-13 18:19:26,409 INFO  [org.apa.kaf.cli.con.int.ConsumerUtils] (Thread-694) Setting offset for partition topic-cc4c502a_f8f3_4770_9ef8_9902dbae128d-0 to the committed offset FetchPosition{offset=30, offsetEpoch=Optional[0], currentLeader=LeaderAndEpoch{leader=Optional[localhost:32769 (id: 0 rack: null)], epoch=0}}
2025-08-13 18:19:26,710 INFO  [io.api.tes.ser.api.KafkaSerdesTester] (Thread-694) topic-cc4c502a_f8f3_4770_9ef8_9902dbae128d 0 30 {"key11755109151740": "value-0", "key21755109156700": "value-0", "key31755109161859": "value-0"}
2025-08-13 18:19:26,710 INFO  [io.api.tes.ser.api.KafkaSerdesTester] (Thread-694) topic-cc4c502a_f8f3_4770_9ef8_9902dbae128d 0 31 {"key11755109151740": "value-1", "key21755109156700": "value-1", "key31755109161859": "value-1"}
2025-08-13 18:19:26,710 INFO  [io.api.tes.ser.api.KafkaSerdesTester] (Thread-694) topic-cc4c502a_f8f3_4770_9ef8_9902dbae128d 0 32 {"key11755109151740": "value-2", "key21755109156700": "value-2", "key31755109161859": "value-2"}
2025-08-13 18:19:26,710 INFO  [io.api.tes.ser.api.KafkaSerdesTester] (Thread-694) topic-cc4c502a_f8f3_4770_9ef8_9902dbae128d 0 33 {"key11755109151740": "value-3", "key21755109156700": "value-3", "key31755109161859": "value-3"}
2025-08-13 18:19:26,711 INFO  [io.api.tes.ser.api.KafkaSerdesTester] (Thread-694) topic-cc4c502a_f8f3_4770_9ef8_9902dbae128d 0 34 {"key11755109151740": "value-4", "key21755109156700": "value-4", "key31755109161859": "value-4"}
2025-08-13 18:19:26,711 INFO  [io.api.tes.ser.api.KafkaSerdesTester] (Thread-694) topic-cc4c502a_f8f3_4770_9ef8_9902dbae128d 0 35 {"key11755109151740": "value-5", "key21755109156700": "value-5", "key31755109161859": "value-5"}
2025-08-13 18:19:26,711 INFO  [io.api.tes.ser.api.KafkaSerdesTester] (Thread-694) topic-cc4c502a_f8f3_4770_9ef8_9902dbae128d 0 36 {"key11755109151740": "value-6", "key21755109156700": "value-6", "key31755109161859": "value-6"}
2025-08-13 18:19:26,711 INFO  [io.api.tes.ser.api.KafkaSerdesTester] (Thread-694) topic-cc4c502a_f8f3_4770_9ef8_9902dbae128d 0 37 {"key11755109151740": "value-7", "key21755109156700": "value-7", "key31755109161859": "value-7"}
2025-08-13 18:19:26,711 INFO  [io.api.tes.ser.api.KafkaSerdesTester] (Thread-694) topic-cc4c502a_f8f3_4770_9ef8_9902dbae128d 0 38 {"key11755109151740": "value-8", "key21755109156700": "value-8", "key31755109161859": "value-8"}
2025-08-13 18:19:26,711 INFO  [io.api.tes.ser.api.KafkaSerdesTester] (Thread-694) topic-cc4c502a_f8f3_4770_9ef8_9902dbae128d 0 39 {"key11755109151740": "value-9", "key21755109156700": "value-9", "key31755109161859": "value-9"}
2025-08-13 18:19:26,711 INFO  [io.api.tes.ser.api.KafkaSerdesTester] (Thread-694) topic-cc4c502a_f8f3_4770_9ef8_9902dbae128d 0 40 {"key11755109151740": "value-0", "key21755109156700": "value-0"}
2025-08-13 18:19:26,711 INFO  [io.api.tes.ser.api.KafkaSerdesTester] (Thread-694) topic-cc4c502a_f8f3_4770_9ef8_9902dbae128d 0 41 {"key11755109151740": "value-1", "key21755109156700": "value-1"}
2025-08-13 18:19:26,711 INFO  [io.api.tes.ser.api.KafkaSerdesTester] (Thread-694) topic-cc4c502a_f8f3_4770_9ef8_9902dbae128d 0 42 {"key11755109151740": "value-2", "key21755109156700": "value-2"}
2025-08-13 18:19:26,711 INFO  [io.api.tes.ser.api.KafkaSerdesTester] (Thread-694) topic-cc4c502a_f8f3_4770_9ef8_9902dbae128d 0 43 {"key11755109151740": "value-3", "key21755109156700": "value-3"}
2025-08-13 18:19:26,711 INFO  [io.api.tes.ser.api.KafkaSerdesTester] (Thread-694) topic-cc4c502a_f8f3_4770_9ef8_9902dbae128d 0 44 {"key11755109151740": "value-4", "key21755109156700": "value-4"}
2025-08-13 18:19:26,711 INFO  [io.api.tes.ser.api.KafkaSerdesTester] (Thread-694) topic-cc4c502a_f8f3_4770_9ef8_9902dbae128d 0 45 {"key11755109151740": "value-5", "key21755109156700": "value-5"}
2025-08-13 18:19:26,711 INFO  [io.api.tes.ser.api.KafkaSerdesTester] (Thread-694) topic-cc4c502a_f8f3_4770_9ef8_9902dbae128d 0 46 {"key11755109151740": "value-6", "key21755109156700": "value-6"}
2025-08-13 18:19:26,711 INFO  [io.api.tes.ser.api.KafkaSerdesTester] (Thread-694) topic-cc4c502a_f8f3_4770_9ef8_9902dbae128d 0 47 {"key11755109151740": "value-7", "key21755109156700": "value-7"}
2025-08-13 18:19:26,711 INFO  [io.api.tes.ser.api.KafkaSerdesTester] (Thread-694) topic-cc4c502a_f8f3_4770_9ef8_9902dbae128d 0 48 {"key11755109151740": "value-8", "key21755109156700": "value-8"}
2025-08-13 18:19:26,711 INFO  [io.api.tes.ser.api.KafkaSerdesTester] (Thread-694) topic-cc4c502a_f8f3_4770_9ef8_9902dbae128d 0 49 {"key11755109151740": "value-9", "key21755109156700": "value-9"}
2025-08-13 18:19:26,711 INFO  [io.api.tes.ser.api.KafkaSerdesTester] (Thread-694) topic-cc4c502a_f8f3_4770_9ef8_9902dbae128d 0 50 {"key11755109151740": "value-0"}
2025-08-13 18:19:26,711 INFO  [io.api.tes.ser.api.KafkaSerdesTester] (Thread-694) topic-cc4c502a_f8f3_4770_9ef8_9902dbae128d 0 51 {"key11755109151740": "value-1"}
2025-08-13 18:19:26,711 INFO  [io.api.tes.ser.api.KafkaSerdesTester] (Thread-694) topic-cc4c502a_f8f3_4770_9ef8_9902dbae128d 0 52 {"key11755109151740": "value-2"}
2025-08-13 18:19:26,711 INFO  [io.api.tes.ser.api.KafkaSerdesTester] (Thread-694) topic-cc4c502a_f8f3_4770_9ef8_9902dbae128d 0 53 {"key11755109151740": "value-3"}
2025-08-13 18:19:26,711 INFO  [io.api.tes.ser.api.KafkaSerdesTester] (Thread-694) topic-cc4c502a_f8f3_4770_9ef8_9902dbae128d 0 54 {"key11755109151740": "value-4"}
2025-08-13 18:19:26,711 INFO  [io.api.tes.ser.api.KafkaSerdesTester] (Thread-694) topic-cc4c502a_f8f3_4770_9ef8_9902dbae128d 0 55 {"key11755109151740": "value-5"}
2025-08-13 18:19:26,711 INFO  [io.api.tes.ser.api.KafkaSerdesTester] (Thread-694) topic-cc4c502a_f8f3_4770_9ef8_9902dbae128d 0 56 {"key11755109151740": "value-6"}
2025-08-13 18:19:26,711 INFO  [io.api.tes.ser.api.KafkaSerdesTester] (Thread-694) topic-cc4c502a_f8f3_4770_9ef8_9902dbae128d 0 57 {"key11755109151740": "value-7"}
2025-08-13 18:19:26,712 INFO  [io.api.tes.ser.api.KafkaSerdesTester] (Thread-694) topic-cc4c502a_f8f3_4770_9ef8_9902dbae128d 0 58 {"key11755109151740": "value-8"}
2025-08-13 18:19:26,712 INFO  [io.api.tes.ser.api.KafkaSerdesTester] (Thread-694) topic-cc4c502a_f8f3_4770_9ef8_9902dbae128d 0 59 {"key11755109151740": "value-9"}
2025-08-13 18:19:26,712 INFO  [io.api.tes.ser.api.KafkaSerdesTester] (Thread-694) Consumed 30 messages
2025-08-13 18:19:26,719 INFO  [org.apa.kaf.cli.con.int.ConsumerRebalanceListenerInvoker] (Thread-694) [Consumer clientId=consumer-Consumer-topic-cc4c502a_f8f3_4770_9ef8_9902dbae128d-12, groupId=Consumer-topic-cc4c502a_f8f3_4770_9ef8_9902dbae128d] Revoke previously assigned partitions topic-cc4c502a_f8f3_4770_9ef8_9902dbae128d-0
2025-08-13 18:19:26,719 INFO  [org.apa.kaf.cli.con.int.ConsumerCoordinator] (Thread-694) [Consumer clientId=consumer-Consumer-topic-cc4c502a_f8f3_4770_9ef8_9902dbae128d-12, groupId=Consumer-topic-cc4c502a_f8f3_4770_9ef8_9902dbae128d] Member consumer-Consumer-topic-cc4c502a_f8f3_4770_9ef8_9902dbae128d-12-4954763e-fc29-4acd-8af1-17d45b31ef99 sending LeaveGroup request to coordinator localhost:32769 (id: 2147483647 rack: null) due to the consumer is being closed
2025-08-13 18:19:26,719 INFO  [org.apa.kaf.cli.con.int.ConsumerCoordinator] (Thread-694) [Consumer clientId=consumer-Consumer-topic-cc4c502a_f8f3_4770_9ef8_9902dbae128d-12, groupId=Consumer-topic-cc4c502a_f8f3_4770_9ef8_9902dbae128d] Resetting generation and member id due to: consumer pro-actively leaving the group
2025-08-13 18:19:26,719 INFO  [org.apa.kaf.cli.con.int.ConsumerCoordinator] (Thread-694) [Consumer clientId=consumer-Consumer-topic-cc4c502a_f8f3_4770_9ef8_9902dbae128d-12, groupId=Consumer-topic-cc4c502a_f8f3_4770_9ef8_9902dbae128d] Request joining group due to: consumer pro-actively leaving the group
2025-08-13 18:19:27,214 INFO  [org.apa.kaf.com.met.Metrics] (Thread-694) Metrics scheduler closed
2025-08-13 18:19:27,214 INFO  [org.apa.kaf.com.met.Metrics] (Thread-694) Closing reporter org.apache.kafka.common.metrics.JmxReporter
2025-08-13 18:19:27,214 INFO  [org.apa.kaf.com.met.Metrics] (Thread-694) Closing reporter org.apache.kafka.common.telemetry.internals.ClientTelemetryReporter
2025-08-13 18:19:27,214 INFO  [org.apa.kaf.com.met.Metrics] (Thread-694) Metrics reporters closed
2025-08-13 18:19:27,216 INFO  [org.apa.kaf.com.uti.AppInfoParser] (Thread-694) App info kafka.consumer for consumer-Consumer-topic-cc4c502a_f8f3_4770_9ef8_9902dbae128d-12 unregistered
2025-08-13 18:19:27,217 INFO  [org.apa.kaf.cli.pro.KafkaProducer] (main) [Producer clientId=Producer-topic-cc4c502a_f8f3_4770_9ef8_9902dbae128d] Closing the Kafka producer with timeoutMillis = 9223372036854775807 ms.
2025-08-13 18:19:27,217 INFO  [org.apa.kaf.com.met.Metrics] (main) Metrics scheduler closed
2025-08-13 18:19:27,217 INFO  [org.apa.kaf.com.met.Metrics] (main) Closing reporter org.apache.kafka.common.metrics.JmxReporter
2025-08-13 18:19:27,217 INFO  [org.apa.kaf.com.met.Metrics] (main) Closing reporter org.apache.kafka.common.telemetry.internals.ClientTelemetryReporter
2025-08-13 18:19:27,217 INFO  [org.apa.kaf.com.met.Metrics] (main) Metrics reporters closed
2025-08-13 18:19:27,217 INFO  [org.apa.kaf.com.uti.AppInfoParser] (main) App info kafka.producer for Producer-topic-cc4c502a_f8f3_4770_9ef8_9902dbae128d unregistered
2025-08-13 18:19:27,217 INFO  [io.api.tes.uti.TestSeparator] (main) io.apicurio.tests.serdes.apicurio.AvroSerdeIT.testEvolveAvroApicurio-FINISHED
2025-08-13 18:19:27,217 INFO  [io.api.tes.uti.TestSeparator] (main) ############################################################################
Test passed: testEvolveAvroApicurio
]]></system-out>
  </testcase>
  <testcase name="testTopicRecordIdStrategydFindLatest" classname="io.apicurio.tests.serdes.apicurio.AvroSerdeIT" time="5.009">
    <system-out><![CDATA[2025-08-13 18:19:27,219 INFO  [io.api.tes.uti.TestSeparator] (main) ############################################################################
2025-08-13 18:19:27,219 INFO  [io.api.tes.uti.TestSeparator] (main) io.apicurio.tests.serdes.apicurio.AvroSerdeIT.testTopicRecordIdStrategydFindLatest-STARTED
2025-08-13 18:19:27,221 INFO  [io.api.tes.ser.api.AvroSerdeIT] (main) Registering Avro Schema: {"type":"record","name":"s92db98bax54dax4476xa22bxa8042e12ab0d","namespace":"sed389d37x7c32x40fcx98bdxee00c5a0b28d","fields":[{"name":"key11755109167221","type":"string"}]}
**** Registry Base URL: http://registry-app-pg17.apps.ci419.apicurio-testing.org:80
2025-08-13 18:19:28,328 INFO  [org.apa.kaf.cli.pro.ProducerConfig] (main) ProducerConfig values: 
	acks = -1
	auto.include.jmx.reporter = true
	batch.size = 16384
	bootstrap.servers = [PLAINTEXT://localhost:32769]
	buffer.memory = 33554432
	client.dns.lookup = use_all_dns_ips
	client.id = Producer-topic-c522e84b_cadb_4a59_9004_ecab79761a20
	compression.gzip.level = -1
	compression.lz4.level = 9
	compression.type = none
	compression.zstd.level = 3
	connections.max.idle.ms = 10000
	delivery.timeout.ms = 120000
	enable.idempotence = true
	enable.metrics.push = true
	interceptor.classes = []
	key.serializer = class org.apache.kafka.common.serialization.StringSerializer
	linger.ms = 0
	max.block.ms = 60000
	max.in.flight.requests.per.connection = 5
	max.request.size = 1048576
	metadata.max.age.ms = 300000
	metadata.max.idle.ms = 300000
	metadata.recovery.strategy = none
	metric.reporters = []
	metrics.num.samples = 2
	metrics.recording.level = INFO
	metrics.sample.window.ms = 30000
	partitioner.adaptive.partitioning.enable = true
	partitioner.availability.timeout.ms = 0
	partitioner.class = null
	partitioner.ignore.keys = false
	receive.buffer.bytes = 32768
	reconnect.backoff.max.ms = 1000
	reconnect.backoff.ms = 50
	request.timeout.ms = 5000
	retries = 2147483647
	retry.backoff.max.ms = 1000
	retry.backoff.ms = 100
	sasl.client.callback.handler.class = null
	sasl.jaas.config = null
	sasl.kerberos.kinit.cmd = /usr/bin/kinit
	sasl.kerberos.min.time.before.relogin = 60000
	sasl.kerberos.service.name = null
	sasl.kerberos.ticket.renew.jitter = 0.05
	sasl.kerberos.ticket.renew.window.factor = 0.8
	sasl.login.callback.handler.class = null
	sasl.login.class = null
	sasl.login.connect.timeout.ms = null
	sasl.login.read.timeout.ms = null
	sasl.login.refresh.buffer.seconds = 300
	sasl.login.refresh.min.period.seconds = 60
	sasl.login.refresh.window.factor = 0.8
	sasl.login.refresh.window.jitter = 0.05
	sasl.login.retry.backoff.max.ms = 10000
	sasl.login.retry.backoff.ms = 100
	sasl.mechanism = GSSAPI
	sasl.oauthbearer.clock.skew.seconds = 30
	sasl.oauthbearer.expected.audience = null
	sasl.oauthbearer.expected.issuer = null
	sasl.oauthbearer.header.urlencode = false
	sasl.oauthbearer.jwks.endpoint.refresh.ms = 3600000
	sasl.oauthbearer.jwks.endpoint.retry.backoff.max.ms = 10000
	sasl.oauthbearer.jwks.endpoint.retry.backoff.ms = 100
	sasl.oauthbearer.jwks.endpoint.url = null
	sasl.oauthbearer.scope.claim.name = scope
	sasl.oauthbearer.sub.claim.name = sub
	sasl.oauthbearer.token.endpoint.url = null
	security.protocol = PLAINTEXT
	security.providers = null
	send.buffer.bytes = 131072
	socket.connection.setup.timeout.max.ms = 30000
	socket.connection.setup.timeout.ms = 10000
	ssl.cipher.suites = null
	ssl.enabled.protocols = [TLSv1.2, TLSv1.3]
	ssl.endpoint.identification.algorithm = https
	ssl.engine.factory.class = null
	ssl.key.password = null
	ssl.keymanager.algorithm = SunX509
	ssl.keystore.certificate.chain = null
	ssl.keystore.key = null
	ssl.keystore.location = null
	ssl.keystore.password = null
	ssl.keystore.type = JKS
	ssl.protocol = TLSv1.3
	ssl.provider = null
	ssl.secure.random.implementation = null
	ssl.trustmanager.algorithm = PKIX
	ssl.truststore.certificates = null
	ssl.truststore.location = null
	ssl.truststore.password = null
	ssl.truststore.type = JKS
	transaction.timeout.ms = 60000
	transactional.id = null
	value.serializer = class io.apicurio.registry.serde.avro.AvroKafkaSerializer

2025-08-13 18:19:28,328 INFO  [org.apa.kaf.com.tel.int.KafkaMetricsCollector] (main) initializing Kafka metrics collector
2025-08-13 18:19:28,332 INFO  [org.apa.kaf.cli.pro.KafkaProducer] (main) [Producer clientId=Producer-topic-c522e84b_cadb_4a59_9004_ecab79761a20] Instantiated an idempotent producer.
2025-08-13 18:19:28,334 INFO  [org.apa.kaf.cli.pro.ProducerConfig] (main) These configurations '[apicurio.registry.find-latest, apicurio.registry.url, apicurio.registry.artifact-resolver-strategy]' were supplied but are not used yet.
2025-08-13 18:19:28,334 INFO  [org.apa.kaf.com.uti.AppInfoParser] (main) Kafka version: 3.9.1
2025-08-13 18:19:28,334 INFO  [org.apa.kaf.com.uti.AppInfoParser] (main) Kafka commitId: f745dfdcee2b9851
2025-08-13 18:19:28,334 INFO  [org.apa.kaf.com.uti.AppInfoParser] (main) Kafka startTimeMs: 1755109168334
2025-08-13 18:19:28,334 INFO  [io.api.tes.ser.api.SimpleSerdesTesterBuilder$SimpleSerdesTester] (main) Using producer configuration: {apicurio.registry.find-latest=true, apicurio.registry.url=http://registry-app-pg17.apps.ci419.apicurio-testing.org:80/apis/registry/v3, apicurio.registry.artifact-resolver-strategy=io.apicurio.registry.serde.avro.strategy.TopicRecordIdStrategy, value.serializer=io.apicurio.registry.serde.avro.AvroKafkaSerializer, request.timeout.ms=5000, acks=all, bootstrap.servers=PLAINTEXT://localhost:32769, connections.max.idle.ms=10000, key.serializer=org.apache.kafka.common.serialization.StringSerializer, client.id=Producer-topic-c522e84b_cadb_4a59_9004_ecab79761a20}
2025-08-13 18:19:28,334 INFO  [io.api.tes.ser.api.SimpleSerdesTesterBuilder$SimpleSerdesTester] (main) Using consumer configuration: {}
2025-08-13 18:19:28,335 INFO  [io.api.tes.ser.api.KafkaSerdesTester] (Thread-697) Sending message {"key11755109167221": "value-0"} to topic topic-c522e84b_cadb_4a59_9004_ecab79761a20
2025-08-13 18:19:28,338 INFO  [org.apa.kaf.cli.Metadata] (kafka-producer-network-thread | Producer-topic-c522e84b_cadb_4a59_9004_ecab79761a20) [Producer clientId=Producer-topic-c522e84b_cadb_4a59_9004_ecab79761a20] Cluster ID: sAToZ0WATkWwuQb_OH8PpQ
2025-08-13 18:19:28,340 INFO  [org.apa.kaf.cli.pro.int.TransactionManager] (kafka-producer-network-thread | Producer-topic-c522e84b_cadb_4a59_9004_ecab79761a20) [Producer clientId=Producer-topic-c522e84b_cadb_4a59_9004_ecab79761a20] ProducerId set to 18 with epoch 0
2025-08-13 18:19:28,534 INFO  [io.api.tes.ser.api.KafkaSerdesTester] (Thread-697) Sending message {"key11755109167221": "value-1"} to topic topic-c522e84b_cadb_4a59_9004_ecab79761a20
2025-08-13 18:19:28,535 INFO  [io.api.tes.ser.api.KafkaSerdesTester] (Thread-697) Sending message {"key11755109167221": "value-2"} to topic topic-c522e84b_cadb_4a59_9004_ecab79761a20
2025-08-13 18:19:28,537 INFO  [io.api.tes.ser.api.KafkaSerdesTester] (Thread-697) Sending message {"key11755109167221": "value-3"} to topic topic-c522e84b_cadb_4a59_9004_ecab79761a20
2025-08-13 18:19:28,538 INFO  [io.api.tes.ser.api.KafkaSerdesTester] (Thread-697) Sending message {"key11755109167221": "value-4"} to topic topic-c522e84b_cadb_4a59_9004_ecab79761a20
2025-08-13 18:19:28,540 INFO  [io.api.tes.ser.api.KafkaSerdesTester] (Thread-697) Sending message {"key11755109167221": "value-5"} to topic topic-c522e84b_cadb_4a59_9004_ecab79761a20
2025-08-13 18:19:28,541 INFO  [io.api.tes.ser.api.KafkaSerdesTester] (Thread-697) Sending message {"key11755109167221": "value-6"} to topic topic-c522e84b_cadb_4a59_9004_ecab79761a20
2025-08-13 18:19:28,544 INFO  [io.api.tes.ser.api.KafkaSerdesTester] (Thread-697) Sending message {"key11755109167221": "value-7"} to topic topic-c522e84b_cadb_4a59_9004_ecab79761a20
2025-08-13 18:19:28,547 INFO  [io.api.tes.ser.api.KafkaSerdesTester] (Thread-697) Sending message {"key11755109167221": "value-8"} to topic topic-c522e84b_cadb_4a59_9004_ecab79761a20
2025-08-13 18:19:28,549 INFO  [io.api.tes.ser.api.KafkaSerdesTester] (Thread-697) Sending message {"key11755109167221": "value-9"} to topic topic-c522e84b_cadb_4a59_9004_ecab79761a20
2025-08-13 18:19:28,551 INFO  [io.api.tes.ser.api.KafkaSerdesTester] (Thread-697) Produced 10 messages
2025-08-13 18:19:28,551 INFO  [org.apa.kaf.cli.pro.KafkaProducer] (Thread-697) [Producer clientId=Producer-topic-c522e84b_cadb_4a59_9004_ecab79761a20] Closing the Kafka producer with timeoutMillis = 9223372036854775807 ms.
2025-08-13 18:19:28,553 INFO  [org.apa.kaf.com.met.Metrics] (Thread-697) Metrics scheduler closed
2025-08-13 18:19:28,553 INFO  [org.apa.kaf.com.met.Metrics] (Thread-697) Closing reporter org.apache.kafka.common.metrics.JmxReporter
2025-08-13 18:19:28,553 INFO  [org.apa.kaf.com.met.Metrics] (Thread-697) Closing reporter org.apache.kafka.common.telemetry.internals.ClientTelemetryReporter
2025-08-13 18:19:28,553 INFO  [org.apa.kaf.com.met.Metrics] (Thread-697) Metrics reporters closed
2025-08-13 18:19:28,553 INFO  [org.apa.kaf.com.uti.AppInfoParser] (Thread-697) App info kafka.producer for Producer-topic-c522e84b_cadb_4a59_9004_ecab79761a20 unregistered
**** Registry Base URL: http://registry-app-pg17.apps.ci419.apicurio-testing.org:80
2025-08-13 18:19:28,554 INFO  [org.apa.kaf.cli.con.ConsumerConfig] (main) ConsumerConfig values: 
	allow.auto.create.topics = true
	auto.commit.interval.ms = 500
	auto.include.jmx.reporter = true
	auto.offset.reset = earliest
	bootstrap.servers = [PLAINTEXT://localhost:32769]
	check.crcs = true
	client.dns.lookup = use_all_dns_ips
	client.id = consumer-Consumer-topic-c522e84b_cadb_4a59_9004_ecab79761a20-13
	client.rack = 
	connections.max.idle.ms = 10000
	default.api.timeout.ms = 60000
	enable.auto.commit = true
	enable.metrics.push = true
	exclude.internal.topics = true
	fetch.max.bytes = 52428800
	fetch.max.wait.ms = 500
	fetch.min.bytes = 1
	group.id = Consumer-topic-c522e84b_cadb_4a59_9004_ecab79761a20
	group.instance.id = null
	group.protocol = classic
	group.remote.assignor = null
	heartbeat.interval.ms = 3000
	interceptor.classes = []
	internal.leave.group.on.close = true
	internal.throw.on.fetch.stable.offset.unsupported = false
	isolation.level = read_uncommitted
	key.deserializer = class org.apache.kafka.common.serialization.StringDeserializer
	max.partition.fetch.bytes = 1048576
	max.poll.interval.ms = 300000
	max.poll.records = 500
	metadata.max.age.ms = 300000
	metadata.recovery.strategy = none
	metric.reporters = []
	metrics.num.samples = 2
	metrics.recording.level = INFO
	metrics.sample.window.ms = 30000
	partition.assignment.strategy = [class org.apache.kafka.clients.consumer.RangeAssignor, class org.apache.kafka.clients.consumer.CooperativeStickyAssignor]
	receive.buffer.bytes = 65536
	reconnect.backoff.max.ms = 1000
	reconnect.backoff.ms = 50
	request.timeout.ms = 5000
	retry.backoff.max.ms = 1000
	retry.backoff.ms = 100
	sasl.client.callback.handler.class = null
	sasl.jaas.config = null
	sasl.kerberos.kinit.cmd = /usr/bin/kinit
	sasl.kerberos.min.time.before.relogin = 60000
	sasl.kerberos.service.name = null
	sasl.kerberos.ticket.renew.jitter = 0.05
	sasl.kerberos.ticket.renew.window.factor = 0.8
	sasl.login.callback.handler.class = null
	sasl.login.class = null
	sasl.login.connect.timeout.ms = null
	sasl.login.read.timeout.ms = null
	sasl.login.refresh.buffer.seconds = 300
	sasl.login.refresh.min.period.seconds = 60
	sasl.login.refresh.window.factor = 0.8
	sasl.login.refresh.window.jitter = 0.05
	sasl.login.retry.backoff.max.ms = 10000
	sasl.login.retry.backoff.ms = 100
	sasl.mechanism = GSSAPI
	sasl.oauthbearer.clock.skew.seconds = 30
	sasl.oauthbearer.expected.audience = null
	sasl.oauthbearer.expected.issuer = null
	sasl.oauthbearer.header.urlencode = false
	sasl.oauthbearer.jwks.endpoint.refresh.ms = 3600000
	sasl.oauthbearer.jwks.endpoint.retry.backoff.max.ms = 10000
	sasl.oauthbearer.jwks.endpoint.retry.backoff.ms = 100
	sasl.oauthbearer.jwks.endpoint.url = null
	sasl.oauthbearer.scope.claim.name = scope
	sasl.oauthbearer.sub.claim.name = sub
	sasl.oauthbearer.token.endpoint.url = null
	security.protocol = PLAINTEXT
	security.providers = null
	send.buffer.bytes = 131072
	session.timeout.ms = 45000
	socket.connection.setup.timeout.max.ms = 30000
	socket.connection.setup.timeout.ms = 10000
	ssl.cipher.suites = null
	ssl.enabled.protocols = [TLSv1.2, TLSv1.3]
	ssl.endpoint.identification.algorithm = https
	ssl.engine.factory.class = null
	ssl.key.password = null
	ssl.keymanager.algorithm = SunX509
	ssl.keystore.certificate.chain = null
	ssl.keystore.key = null
	ssl.keystore.location = null
	ssl.keystore.password = null
	ssl.keystore.type = JKS
	ssl.protocol = TLSv1.3
	ssl.provider = null
	ssl.secure.random.implementation = null
	ssl.trustmanager.algorithm = PKIX
	ssl.truststore.certificates = null
	ssl.truststore.location = null
	ssl.truststore.password = null
	ssl.truststore.type = JKS
	value.deserializer = class io.apicurio.registry.serde.avro.AvroKafkaDeserializer

2025-08-13 18:19:28,554 INFO  [org.apa.kaf.com.tel.int.KafkaMetricsCollector] (main) initializing Kafka metrics collector
2025-08-13 18:19:28,560 INFO  [org.apa.kaf.cli.con.ConsumerConfig] (main) These configurations '[apicurio.registry.url]' were supplied but are not used yet.
2025-08-13 18:19:28,560 INFO  [org.apa.kaf.com.uti.AppInfoParser] (main) Kafka version: 3.9.1
2025-08-13 18:19:28,560 INFO  [org.apa.kaf.com.uti.AppInfoParser] (main) Kafka commitId: f745dfdcee2b9851
2025-08-13 18:19:28,560 INFO  [org.apa.kaf.com.uti.AppInfoParser] (main) Kafka startTimeMs: 1755109168560
2025-08-13 18:19:28,560 INFO  [org.apa.kaf.cli.con.int.ClassicKafkaConsumer] (Thread-700) [Consumer clientId=consumer-Consumer-topic-c522e84b_cadb_4a59_9004_ecab79761a20-13, groupId=Consumer-topic-c522e84b_cadb_4a59_9004_ecab79761a20] Subscribed to topic(s): topic-c522e84b_cadb_4a59_9004_ecab79761a20
2025-08-13 18:19:28,564 INFO  [org.apa.kaf.cli.Metadata] (Thread-700) [Consumer clientId=consumer-Consumer-topic-c522e84b_cadb_4a59_9004_ecab79761a20-13, groupId=Consumer-topic-c522e84b_cadb_4a59_9004_ecab79761a20] Cluster ID: sAToZ0WATkWwuQb_OH8PpQ
2025-08-13 18:19:28,564 INFO  [org.apa.kaf.cli.con.int.ConsumerCoordinator] (Thread-700) [Consumer clientId=consumer-Consumer-topic-c522e84b_cadb_4a59_9004_ecab79761a20-13, groupId=Consumer-topic-c522e84b_cadb_4a59_9004_ecab79761a20] Discovered group coordinator localhost:32769 (id: 2147483647 rack: null)
2025-08-13 18:19:28,566 INFO  [org.apa.kaf.cli.con.int.ConsumerCoordinator] (Thread-700) [Consumer clientId=consumer-Consumer-topic-c522e84b_cadb_4a59_9004_ecab79761a20-13, groupId=Consumer-topic-c522e84b_cadb_4a59_9004_ecab79761a20] (Re-)joining group
2025-08-13 18:19:28,573 INFO  [org.apa.kaf.cli.con.int.ConsumerCoordinator] (Thread-700) [Consumer clientId=consumer-Consumer-topic-c522e84b_cadb_4a59_9004_ecab79761a20-13, groupId=Consumer-topic-c522e84b_cadb_4a59_9004_ecab79761a20] Request joining group due to: need to re-join with the given member-id: consumer-Consumer-topic-c522e84b_cadb_4a59_9004_ecab79761a20-13-3fc52aea-f9ea-459a-b8a3-1e5c3b9b69a9
2025-08-13 18:19:28,573 INFO  [org.apa.kaf.cli.con.int.ConsumerCoordinator] (Thread-700) [Consumer clientId=consumer-Consumer-topic-c522e84b_cadb_4a59_9004_ecab79761a20-13, groupId=Consumer-topic-c522e84b_cadb_4a59_9004_ecab79761a20] (Re-)joining group
2025-08-13 18:19:29,560 INFO  [io.api.tes.ser.api.KafkaSerdesTester] (Thread-700) None found
2025-08-13 18:19:30,561 INFO  [io.api.tes.ser.api.KafkaSerdesTester] (Thread-700) None found
2025-08-13 18:19:31,561 INFO  [io.api.tes.ser.api.KafkaSerdesTester] (Thread-700) None found
2025-08-13 18:19:31,574 INFO  [org.apa.kaf.cli.con.int.ConsumerCoordinator] (Thread-700) [Consumer clientId=consumer-Consumer-topic-c522e84b_cadb_4a59_9004_ecab79761a20-13, groupId=Consumer-topic-c522e84b_cadb_4a59_9004_ecab79761a20] Successfully joined group with generation Generation{generationId=1, memberId='consumer-Consumer-topic-c522e84b_cadb_4a59_9004_ecab79761a20-13-3fc52aea-f9ea-459a-b8a3-1e5c3b9b69a9', protocol='range'}
2025-08-13 18:19:31,575 INFO  [org.apa.kaf.cli.con.int.ConsumerCoordinator] (Thread-700) [Consumer clientId=consumer-Consumer-topic-c522e84b_cadb_4a59_9004_ecab79761a20-13, groupId=Consumer-topic-c522e84b_cadb_4a59_9004_ecab79761a20] Finished assignment for group at generation 1: {consumer-Consumer-topic-c522e84b_cadb_4a59_9004_ecab79761a20-13-3fc52aea-f9ea-459a-b8a3-1e5c3b9b69a9=Assignment(partitions=[topic-c522e84b_cadb_4a59_9004_ecab79761a20-0])}
2025-08-13 18:19:31,582 INFO  [org.apa.kaf.cli.con.int.ConsumerCoordinator] (Thread-700) [Consumer clientId=consumer-Consumer-topic-c522e84b_cadb_4a59_9004_ecab79761a20-13, groupId=Consumer-topic-c522e84b_cadb_4a59_9004_ecab79761a20] Successfully synced group in generation Generation{generationId=1, memberId='consumer-Consumer-topic-c522e84b_cadb_4a59_9004_ecab79761a20-13-3fc52aea-f9ea-459a-b8a3-1e5c3b9b69a9', protocol='range'}
2025-08-13 18:19:31,582 INFO  [org.apa.kaf.cli.con.int.ConsumerCoordinator] (Thread-700) [Consumer clientId=consumer-Consumer-topic-c522e84b_cadb_4a59_9004_ecab79761a20-13, groupId=Consumer-topic-c522e84b_cadb_4a59_9004_ecab79761a20] Notifying assignor about the new Assignment(partitions=[topic-c522e84b_cadb_4a59_9004_ecab79761a20-0])
2025-08-13 18:19:31,582 INFO  [org.apa.kaf.cli.con.int.ConsumerRebalanceListenerInvoker] (Thread-700) [Consumer clientId=consumer-Consumer-topic-c522e84b_cadb_4a59_9004_ecab79761a20-13, groupId=Consumer-topic-c522e84b_cadb_4a59_9004_ecab79761a20] Adding newly assigned partitions: topic-c522e84b_cadb_4a59_9004_ecab79761a20-0
2025-08-13 18:19:31,586 INFO  [org.apa.kaf.cli.con.int.ConsumerCoordinator] (Thread-700) [Consumer clientId=consumer-Consumer-topic-c522e84b_cadb_4a59_9004_ecab79761a20-13, groupId=Consumer-topic-c522e84b_cadb_4a59_9004_ecab79761a20] Found no committed offset for partition topic-c522e84b_cadb_4a59_9004_ecab79761a20-0
2025-08-13 18:19:31,591 INFO  [org.apa.kaf.cli.con.int.SubscriptionState] (Thread-700) [Consumer clientId=consumer-Consumer-topic-c522e84b_cadb_4a59_9004_ecab79761a20-13, groupId=Consumer-topic-c522e84b_cadb_4a59_9004_ecab79761a20] Resetting offset for partition topic-c522e84b_cadb_4a59_9004_ecab79761a20-0 to position FetchPosition{offset=0, offsetEpoch=Optional.empty, currentLeader=LeaderAndEpoch{leader=Optional[localhost:32769 (id: 0 rack: null)], epoch=0}}.
2025-08-13 18:19:31,720 INFO  [io.api.tes.ser.api.KafkaSerdesTester] (Thread-700) topic-c522e84b_cadb_4a59_9004_ecab79761a20 0 0 {"key11755109167221": "value-0"}
2025-08-13 18:19:31,721 INFO  [io.api.tes.ser.api.KafkaSerdesTester] (Thread-700) topic-c522e84b_cadb_4a59_9004_ecab79761a20 0 1 {"key11755109167221": "value-1"}
2025-08-13 18:19:31,721 INFO  [io.api.tes.ser.api.KafkaSerdesTester] (Thread-700) topic-c522e84b_cadb_4a59_9004_ecab79761a20 0 2 {"key11755109167221": "value-2"}
2025-08-13 18:19:31,721 INFO  [io.api.tes.ser.api.KafkaSerdesTester] (Thread-700) topic-c522e84b_cadb_4a59_9004_ecab79761a20 0 3 {"key11755109167221": "value-3"}
2025-08-13 18:19:31,721 INFO  [io.api.tes.ser.api.KafkaSerdesTester] (Thread-700) topic-c522e84b_cadb_4a59_9004_ecab79761a20 0 4 {"key11755109167221": "value-4"}
2025-08-13 18:19:31,721 INFO  [io.api.tes.ser.api.KafkaSerdesTester] (Thread-700) topic-c522e84b_cadb_4a59_9004_ecab79761a20 0 5 {"key11755109167221": "value-5"}
2025-08-13 18:19:31,721 INFO  [io.api.tes.ser.api.KafkaSerdesTester] (Thread-700) topic-c522e84b_cadb_4a59_9004_ecab79761a20 0 6 {"key11755109167221": "value-6"}
2025-08-13 18:19:31,721 INFO  [io.api.tes.ser.api.KafkaSerdesTester] (Thread-700) topic-c522e84b_cadb_4a59_9004_ecab79761a20 0 7 {"key11755109167221": "value-7"}
2025-08-13 18:19:31,721 INFO  [io.api.tes.ser.api.KafkaSerdesTester] (Thread-700) topic-c522e84b_cadb_4a59_9004_ecab79761a20 0 8 {"key11755109167221": "value-8"}
2025-08-13 18:19:31,721 INFO  [io.api.tes.ser.api.KafkaSerdesTester] (Thread-700) topic-c522e84b_cadb_4a59_9004_ecab79761a20 0 9 {"key11755109167221": "value-9"}
2025-08-13 18:19:31,721 INFO  [io.api.tes.ser.api.KafkaSerdesTester] (Thread-700) Consumed 10 messages
2025-08-13 18:19:31,728 INFO  [org.apa.kaf.cli.con.int.ConsumerRebalanceListenerInvoker] (Thread-700) [Consumer clientId=consumer-Consumer-topic-c522e84b_cadb_4a59_9004_ecab79761a20-13, groupId=Consumer-topic-c522e84b_cadb_4a59_9004_ecab79761a20] Revoke previously assigned partitions topic-c522e84b_cadb_4a59_9004_ecab79761a20-0
2025-08-13 18:19:31,728 INFO  [org.apa.kaf.cli.con.int.ConsumerCoordinator] (Thread-700) [Consumer clientId=consumer-Consumer-topic-c522e84b_cadb_4a59_9004_ecab79761a20-13, groupId=Consumer-topic-c522e84b_cadb_4a59_9004_ecab79761a20] Member consumer-Consumer-topic-c522e84b_cadb_4a59_9004_ecab79761a20-13-3fc52aea-f9ea-459a-b8a3-1e5c3b9b69a9 sending LeaveGroup request to coordinator localhost:32769 (id: 2147483647 rack: null) due to the consumer is being closed
2025-08-13 18:19:31,728 INFO  [org.apa.kaf.cli.con.int.ConsumerCoordinator] (Thread-700) [Consumer clientId=consumer-Consumer-topic-c522e84b_cadb_4a59_9004_ecab79761a20-13, groupId=Consumer-topic-c522e84b_cadb_4a59_9004_ecab79761a20] Resetting generation and member id due to: consumer pro-actively leaving the group
2025-08-13 18:19:31,728 INFO  [org.apa.kaf.cli.con.int.ConsumerCoordinator] (Thread-700) [Consumer clientId=consumer-Consumer-topic-c522e84b_cadb_4a59_9004_ecab79761a20-13, groupId=Consumer-topic-c522e84b_cadb_4a59_9004_ecab79761a20] Request joining group due to: consumer pro-actively leaving the group
2025-08-13 18:19:32,223 INFO  [org.apa.kaf.com.met.Metrics] (Thread-700) Metrics scheduler closed
2025-08-13 18:19:32,223 INFO  [org.apa.kaf.com.met.Metrics] (Thread-700) Closing reporter org.apache.kafka.common.metrics.JmxReporter
2025-08-13 18:19:32,223 INFO  [org.apa.kaf.com.met.Metrics] (Thread-700) Closing reporter org.apache.kafka.common.telemetry.internals.ClientTelemetryReporter
2025-08-13 18:19:32,223 INFO  [org.apa.kaf.com.met.Metrics] (Thread-700) Metrics reporters closed
2025-08-13 18:19:32,225 INFO  [org.apa.kaf.com.uti.AppInfoParser] (Thread-700) App info kafka.consumer for consumer-Consumer-topic-c522e84b_cadb_4a59_9004_ecab79761a20-13 unregistered
2025-08-13 18:19:32,226 INFO  [io.api.tes.uti.TestSeparator] (main) io.apicurio.tests.serdes.apicurio.AvroSerdeIT.testTopicRecordIdStrategydFindLatest-FINISHED
2025-08-13 18:19:32,226 INFO  [io.api.tes.uti.TestSeparator] (main) ############################################################################
Test passed: testTopicRecordIdStrategydFindLatest
]]></system-out>
  </testcase>
  <testcase name="testAvroConfluentForMultipleTopics" classname="io.apicurio.tests.serdes.apicurio.AvroSerdeIT" time="12.584">
    <system-out><![CDATA[2025-08-13 18:19:32,227 INFO  [io.api.tes.uti.TestSeparator] (main) ############################################################################
2025-08-13 18:19:32,228 INFO  [io.api.tes.uti.TestSeparator] (main) io.apicurio.tests.serdes.apicurio.AvroSerdeIT.testAvroConfluentForMultipleTopics-STARTED
2025-08-13 18:19:32,233 INFO  [io.api.tes.ser.api.AvroSerdeIT] (main) Registering Avro Schema: {"type":"record","name":"myrecordconfluent","fields":[{"name":"key11755109172229","type":"string"}]}
**** Registry Base URL: http://registry-app-pg17.apps.ci419.apicurio-testing.org:80
2025-08-13 18:19:33,338 INFO  [org.apa.kaf.cli.pro.ProducerConfig] (main) ProducerConfig values: 
	acks = -1
	auto.include.jmx.reporter = true
	batch.size = 16384
	bootstrap.servers = [PLAINTEXT://localhost:32769]
	buffer.memory = 33554432
	client.dns.lookup = use_all_dns_ips
	client.id = Producer-topic-bac924e3_44be_48ee_b471_21c81530608a
	compression.gzip.level = -1
	compression.lz4.level = 9
	compression.type = none
	compression.zstd.level = 3
	connections.max.idle.ms = 10000
	delivery.timeout.ms = 120000
	enable.idempotence = true
	enable.metrics.push = true
	interceptor.classes = []
	key.serializer = class org.apache.kafka.common.serialization.StringSerializer
	linger.ms = 0
	max.block.ms = 60000
	max.in.flight.requests.per.connection = 5
	max.request.size = 1048576
	metadata.max.age.ms = 300000
	metadata.max.idle.ms = 300000
	metadata.recovery.strategy = none
	metric.reporters = []
	metrics.num.samples = 2
	metrics.recording.level = INFO
	metrics.sample.window.ms = 30000
	partitioner.adaptive.partitioning.enable = true
	partitioner.availability.timeout.ms = 0
	partitioner.class = null
	partitioner.ignore.keys = false
	receive.buffer.bytes = 32768
	reconnect.backoff.max.ms = 1000
	reconnect.backoff.ms = 50
	request.timeout.ms = 5000
	retries = 2147483647
	retry.backoff.max.ms = 1000
	retry.backoff.ms = 100
	sasl.client.callback.handler.class = null
	sasl.jaas.config = null
	sasl.kerberos.kinit.cmd = /usr/bin/kinit
	sasl.kerberos.min.time.before.relogin = 60000
	sasl.kerberos.service.name = null
	sasl.kerberos.ticket.renew.jitter = 0.05
	sasl.kerberos.ticket.renew.window.factor = 0.8
	sasl.login.callback.handler.class = null
	sasl.login.class = null
	sasl.login.connect.timeout.ms = null
	sasl.login.read.timeout.ms = null
	sasl.login.refresh.buffer.seconds = 300
	sasl.login.refresh.min.period.seconds = 60
	sasl.login.refresh.window.factor = 0.8
	sasl.login.refresh.window.jitter = 0.05
	sasl.login.retry.backoff.max.ms = 10000
	sasl.login.retry.backoff.ms = 100
	sasl.mechanism = GSSAPI
	sasl.oauthbearer.clock.skew.seconds = 30
	sasl.oauthbearer.expected.audience = null
	sasl.oauthbearer.expected.issuer = null
	sasl.oauthbearer.header.urlencode = false
	sasl.oauthbearer.jwks.endpoint.refresh.ms = 3600000
	sasl.oauthbearer.jwks.endpoint.retry.backoff.max.ms = 10000
	sasl.oauthbearer.jwks.endpoint.retry.backoff.ms = 100
	sasl.oauthbearer.jwks.endpoint.url = null
	sasl.oauthbearer.scope.claim.name = scope
	sasl.oauthbearer.sub.claim.name = sub
	sasl.oauthbearer.token.endpoint.url = null
	security.protocol = PLAINTEXT
	security.providers = null
	send.buffer.bytes = 131072
	socket.connection.setup.timeout.max.ms = 30000
	socket.connection.setup.timeout.ms = 10000
	ssl.cipher.suites = null
	ssl.enabled.protocols = [TLSv1.2, TLSv1.3]
	ssl.endpoint.identification.algorithm = https
	ssl.engine.factory.class = null
	ssl.key.password = null
	ssl.keymanager.algorithm = SunX509
	ssl.keystore.certificate.chain = null
	ssl.keystore.key = null
	ssl.keystore.location = null
	ssl.keystore.password = null
	ssl.keystore.type = JKS
	ssl.protocol = TLSv1.3
	ssl.provider = null
	ssl.secure.random.implementation = null
	ssl.trustmanager.algorithm = PKIX
	ssl.truststore.certificates = null
	ssl.truststore.location = null
	ssl.truststore.password = null
	ssl.truststore.type = JKS
	transaction.timeout.ms = 60000
	transactional.id = null
	value.serializer = class io.apicurio.registry.serde.avro.AvroKafkaSerializer

2025-08-13 18:19:33,338 INFO  [org.apa.kaf.com.tel.int.KafkaMetricsCollector] (main) initializing Kafka metrics collector
2025-08-13 18:19:33,343 INFO  [org.apa.kaf.cli.pro.KafkaProducer] (main) [Producer clientId=Producer-topic-bac924e3_44be_48ee_b471_21c81530608a] Instantiated an idempotent producer.
2025-08-13 18:19:33,346 INFO  [org.apa.kaf.cli.pro.ProducerConfig] (main) These configurations '[apicurio.registry.url, apicurio.registry.artifact-resolver-strategy]' were supplied but are not used yet.
2025-08-13 18:19:33,346 INFO  [org.apa.kaf.com.uti.AppInfoParser] (main) Kafka version: 3.9.1
2025-08-13 18:19:33,346 INFO  [org.apa.kaf.com.uti.AppInfoParser] (main) Kafka commitId: f745dfdcee2b9851
2025-08-13 18:19:33,346 INFO  [org.apa.kaf.com.uti.AppInfoParser] (main) Kafka startTimeMs: 1755109173346
**** Registry Base URL: http://registry-app-pg17.apps.ci419.apicurio-testing.org:80
2025-08-13 18:19:33,348 INFO  [org.apa.kaf.cli.pro.ProducerConfig] (main) ProducerConfig values: 
	acks = -1
	auto.include.jmx.reporter = true
	batch.size = 16384
	bootstrap.servers = [PLAINTEXT://localhost:32769]
	buffer.memory = 33554432
	client.dns.lookup = use_all_dns_ips
	client.id = Producer-topic-a2f2e60d_e0bc_4869_9133_628ef0be65e5
	compression.gzip.level = -1
	compression.lz4.level = 9
	compression.type = none
	compression.zstd.level = 3
	connections.max.idle.ms = 10000
	delivery.timeout.ms = 120000
	enable.idempotence = true
	enable.metrics.push = true
	interceptor.classes = []
	key.serializer = class org.apache.kafka.common.serialization.StringSerializer
	linger.ms = 0
	max.block.ms = 60000
	max.in.flight.requests.per.connection = 5
	max.request.size = 1048576
	metadata.max.age.ms = 300000
	metadata.max.idle.ms = 300000
	metadata.recovery.strategy = none
	metric.reporters = []
	metrics.num.samples = 2
	metrics.recording.level = INFO
	metrics.sample.window.ms = 30000
	partitioner.adaptive.partitioning.enable = true
	partitioner.availability.timeout.ms = 0
	partitioner.class = null
	partitioner.ignore.keys = false
	receive.buffer.bytes = 32768
	reconnect.backoff.max.ms = 1000
	reconnect.backoff.ms = 50
	request.timeout.ms = 5000
	retries = 2147483647
	retry.backoff.max.ms = 1000
	retry.backoff.ms = 100
	sasl.client.callback.handler.class = null
	sasl.jaas.config = null
	sasl.kerberos.kinit.cmd = /usr/bin/kinit
	sasl.kerberos.min.time.before.relogin = 60000
	sasl.kerberos.service.name = null
	sasl.kerberos.ticket.renew.jitter = 0.05
	sasl.kerberos.ticket.renew.window.factor = 0.8
	sasl.login.callback.handler.class = null
	sasl.login.class = null
	sasl.login.connect.timeout.ms = null
	sasl.login.read.timeout.ms = null
	sasl.login.refresh.buffer.seconds = 300
	sasl.login.refresh.min.period.seconds = 60
	sasl.login.refresh.window.factor = 0.8
	sasl.login.refresh.window.jitter = 0.05
	sasl.login.retry.backoff.max.ms = 10000
	sasl.login.retry.backoff.ms = 100
	sasl.mechanism = GSSAPI
	sasl.oauthbearer.clock.skew.seconds = 30
	sasl.oauthbearer.expected.audience = null
	sasl.oauthbearer.expected.issuer = null
	sasl.oauthbearer.header.urlencode = false
	sasl.oauthbearer.jwks.endpoint.refresh.ms = 3600000
	sasl.oauthbearer.jwks.endpoint.retry.backoff.max.ms = 10000
	sasl.oauthbearer.jwks.endpoint.retry.backoff.ms = 100
	sasl.oauthbearer.jwks.endpoint.url = null
	sasl.oauthbearer.scope.claim.name = scope
	sasl.oauthbearer.sub.claim.name = sub
	sasl.oauthbearer.token.endpoint.url = null
	security.protocol = PLAINTEXT
	security.providers = null
	send.buffer.bytes = 131072
	socket.connection.setup.timeout.max.ms = 30000
	socket.connection.setup.timeout.ms = 10000
	ssl.cipher.suites = null
	ssl.enabled.protocols = [TLSv1.2, TLSv1.3]
	ssl.endpoint.identification.algorithm = https
	ssl.engine.factory.class = null
	ssl.key.password = null
	ssl.keymanager.algorithm = SunX509
	ssl.keystore.certificate.chain = null
	ssl.keystore.key = null
	ssl.keystore.location = null
	ssl.keystore.password = null
	ssl.keystore.type = JKS
	ssl.protocol = TLSv1.3
	ssl.provider = null
	ssl.secure.random.implementation = null
	ssl.trustmanager.algorithm = PKIX
	ssl.truststore.certificates = null
	ssl.truststore.location = null
	ssl.truststore.password = null
	ssl.truststore.type = JKS
	transaction.timeout.ms = 60000
	transactional.id = null
	value.serializer = class io.apicurio.registry.serde.avro.AvroKafkaSerializer

2025-08-13 18:19:33,348 INFO  [org.apa.kaf.com.tel.int.KafkaMetricsCollector] (main) initializing Kafka metrics collector
2025-08-13 18:19:33,351 INFO  [org.apa.kaf.cli.Metadata] (kafka-producer-network-thread | Producer-topic-bac924e3_44be_48ee_b471_21c81530608a) [Producer clientId=Producer-topic-bac924e3_44be_48ee_b471_21c81530608a] Cluster ID: sAToZ0WATkWwuQb_OH8PpQ
2025-08-13 18:19:33,352 INFO  [org.apa.kaf.cli.pro.int.TransactionManager] (kafka-producer-network-thread | Producer-topic-bac924e3_44be_48ee_b471_21c81530608a) [Producer clientId=Producer-topic-bac924e3_44be_48ee_b471_21c81530608a] ProducerId set to 19 with epoch 0
2025-08-13 18:19:33,353 INFO  [org.apa.kaf.cli.pro.KafkaProducer] (main) [Producer clientId=Producer-topic-a2f2e60d_e0bc_4869_9133_628ef0be65e5] Instantiated an idempotent producer.
2025-08-13 18:19:33,356 INFO  [org.apa.kaf.cli.pro.ProducerConfig] (main) These configurations '[apicurio.registry.url, apicurio.registry.artifact-resolver-strategy]' were supplied but are not used yet.
2025-08-13 18:19:33,356 INFO  [org.apa.kaf.com.uti.AppInfoParser] (main) Kafka version: 3.9.1
2025-08-13 18:19:33,356 INFO  [org.apa.kaf.com.uti.AppInfoParser] (main) Kafka commitId: f745dfdcee2b9851
2025-08-13 18:19:33,356 INFO  [org.apa.kaf.com.uti.AppInfoParser] (main) Kafka startTimeMs: 1755109173356
**** Registry Base URL: http://registry-app-pg17.apps.ci419.apicurio-testing.org:80
2025-08-13 18:19:33,356 INFO  [org.apa.kaf.cli.pro.ProducerConfig] (main) ProducerConfig values: 
	acks = -1
	auto.include.jmx.reporter = true
	batch.size = 16384
	bootstrap.servers = [PLAINTEXT://localhost:32769]
	buffer.memory = 33554432
	client.dns.lookup = use_all_dns_ips
	client.id = Producer-topic-68d6e70a_56d2_4667_a1a8_cc639e1a9c51
	compression.gzip.level = -1
	compression.lz4.level = 9
	compression.type = none
	compression.zstd.level = 3
	connections.max.idle.ms = 10000
	delivery.timeout.ms = 120000
	enable.idempotence = true
	enable.metrics.push = true
	interceptor.classes = []
	key.serializer = class org.apache.kafka.common.serialization.StringSerializer
	linger.ms = 0
	max.block.ms = 60000
	max.in.flight.requests.per.connection = 5
	max.request.size = 1048576
	metadata.max.age.ms = 300000
	metadata.max.idle.ms = 300000
	metadata.recovery.strategy = none
	metric.reporters = []
	metrics.num.samples = 2
	metrics.recording.level = INFO
	metrics.sample.window.ms = 30000
	partitioner.adaptive.partitioning.enable = true
	partitioner.availability.timeout.ms = 0
	partitioner.class = null
	partitioner.ignore.keys = false
	receive.buffer.bytes = 32768
	reconnect.backoff.max.ms = 1000
	reconnect.backoff.ms = 50
	request.timeout.ms = 5000
	retries = 2147483647
	retry.backoff.max.ms = 1000
	retry.backoff.ms = 100
	sasl.client.callback.handler.class = null
	sasl.jaas.config = null
	sasl.kerberos.kinit.cmd = /usr/bin/kinit
	sasl.kerberos.min.time.before.relogin = 60000
	sasl.kerberos.service.name = null
	sasl.kerberos.ticket.renew.jitter = 0.05
	sasl.kerberos.ticket.renew.window.factor = 0.8
	sasl.login.callback.handler.class = null
	sasl.login.class = null
	sasl.login.connect.timeout.ms = null
	sasl.login.read.timeout.ms = null
	sasl.login.refresh.buffer.seconds = 300
	sasl.login.refresh.min.period.seconds = 60
	sasl.login.refresh.window.factor = 0.8
	sasl.login.refresh.window.jitter = 0.05
	sasl.login.retry.backoff.max.ms = 10000
	sasl.login.retry.backoff.ms = 100
	sasl.mechanism = GSSAPI
	sasl.oauthbearer.clock.skew.seconds = 30
	sasl.oauthbearer.expected.audience = null
	sasl.oauthbearer.expected.issuer = null
	sasl.oauthbearer.header.urlencode = false
	sasl.oauthbearer.jwks.endpoint.refresh.ms = 3600000
	sasl.oauthbearer.jwks.endpoint.retry.backoff.max.ms = 10000
	sasl.oauthbearer.jwks.endpoint.retry.backoff.ms = 100
	sasl.oauthbearer.jwks.endpoint.url = null
	sasl.oauthbearer.scope.claim.name = scope
	sasl.oauthbearer.sub.claim.name = sub
	sasl.oauthbearer.token.endpoint.url = null
	security.protocol = PLAINTEXT
	security.providers = null
	send.buffer.bytes = 131072
	socket.connection.setup.timeout.max.ms = 30000
	socket.connection.setup.timeout.ms = 10000
	ssl.cipher.suites = null
	ssl.enabled.protocols = [TLSv1.2, TLSv1.3]
	ssl.endpoint.identification.algorithm = https
	ssl.engine.factory.class = null
	ssl.key.password = null
	ssl.keymanager.algorithm = SunX509
	ssl.keystore.certificate.chain = null
	ssl.keystore.key = null
	ssl.keystore.location = null
	ssl.keystore.password = null
	ssl.keystore.type = JKS
	ssl.protocol = TLSv1.3
	ssl.provider = null
	ssl.secure.random.implementation = null
	ssl.trustmanager.algorithm = PKIX
	ssl.truststore.certificates = null
	ssl.truststore.location = null
	ssl.truststore.password = null
	ssl.truststore.type = JKS
	transaction.timeout.ms = 60000
	transactional.id = null
	value.serializer = class io.apicurio.registry.serde.avro.AvroKafkaSerializer

2025-08-13 18:19:33,357 INFO  [org.apa.kaf.com.tel.int.KafkaMetricsCollector] (main) initializing Kafka metrics collector
2025-08-13 18:19:33,361 INFO  [org.apa.kaf.cli.Metadata] (kafka-producer-network-thread | Producer-topic-a2f2e60d_e0bc_4869_9133_628ef0be65e5) [Producer clientId=Producer-topic-a2f2e60d_e0bc_4869_9133_628ef0be65e5] Cluster ID: sAToZ0WATkWwuQb_OH8PpQ
2025-08-13 18:19:33,362 INFO  [org.apa.kaf.cli.pro.int.TransactionManager] (kafka-producer-network-thread | Producer-topic-a2f2e60d_e0bc_4869_9133_628ef0be65e5) [Producer clientId=Producer-topic-a2f2e60d_e0bc_4869_9133_628ef0be65e5] ProducerId set to 20 with epoch 0
2025-08-13 18:19:33,367 INFO  [org.apa.kaf.cli.pro.KafkaProducer] (main) [Producer clientId=Producer-topic-68d6e70a_56d2_4667_a1a8_cc639e1a9c51] Instantiated an idempotent producer.
2025-08-13 18:19:33,371 INFO  [org.apa.kaf.cli.pro.ProducerConfig] (main) These configurations '[apicurio.registry.url, apicurio.registry.artifact-resolver-strategy]' were supplied but are not used yet.
2025-08-13 18:19:33,371 INFO  [org.apa.kaf.com.uti.AppInfoParser] (main) Kafka version: 3.9.1
2025-08-13 18:19:33,371 INFO  [org.apa.kaf.com.uti.AppInfoParser] (main) Kafka commitId: f745dfdcee2b9851
2025-08-13 18:19:33,371 INFO  [org.apa.kaf.com.uti.AppInfoParser] (main) Kafka startTimeMs: 1755109173371
**** Registry Base URL: http://registry-app-pg17.apps.ci419.apicurio-testing.org:80
2025-08-13 18:19:33,372 INFO  [org.apa.kaf.cli.con.ConsumerConfig] (main) ConsumerConfig values: 
	allow.auto.create.topics = true
	auto.commit.interval.ms = 500
	auto.include.jmx.reporter = true
	auto.offset.reset = earliest
	bootstrap.servers = [PLAINTEXT://localhost:32769]
	check.crcs = true
	client.dns.lookup = use_all_dns_ips
	client.id = consumer-Consumer-topic-bac924e3_44be_48ee_b471_21c81530608a-14
	client.rack = 
	connections.max.idle.ms = 10000
	default.api.timeout.ms = 60000
	enable.auto.commit = true
	enable.metrics.push = true
	exclude.internal.topics = true
	fetch.max.bytes = 52428800
	fetch.max.wait.ms = 500
	fetch.min.bytes = 1
	group.id = Consumer-topic-bac924e3_44be_48ee_b471_21c81530608a
	group.instance.id = null
	group.protocol = classic
	group.remote.assignor = null
	heartbeat.interval.ms = 3000
	interceptor.classes = []
	internal.leave.group.on.close = true
	internal.throw.on.fetch.stable.offset.unsupported = false
	isolation.level = read_uncommitted
	key.deserializer = class org.apache.kafka.common.serialization.StringDeserializer
	max.partition.fetch.bytes = 1048576
	max.poll.interval.ms = 300000
	max.poll.records = 500
	metadata.max.age.ms = 300000
	metadata.recovery.strategy = none
	metric.reporters = []
	metrics.num.samples = 2
	metrics.recording.level = INFO
	metrics.sample.window.ms = 30000
	partition.assignment.strategy = [class org.apache.kafka.clients.consumer.RangeAssignor, class org.apache.kafka.clients.consumer.CooperativeStickyAssignor]
	receive.buffer.bytes = 65536
	reconnect.backoff.max.ms = 1000
	reconnect.backoff.ms = 50
	request.timeout.ms = 5000
	retry.backoff.max.ms = 1000
	retry.backoff.ms = 100
	sasl.client.callback.handler.class = null
	sasl.jaas.config = null
	sasl.kerberos.kinit.cmd = /usr/bin/kinit
	sasl.kerberos.min.time.before.relogin = 60000
	sasl.kerberos.service.name = null
	sasl.kerberos.ticket.renew.jitter = 0.05
	sasl.kerberos.ticket.renew.window.factor = 0.8
	sasl.login.callback.handler.class = null
	sasl.login.class = null
	sasl.login.connect.timeout.ms = null
	sasl.login.read.timeout.ms = null
	sasl.login.refresh.buffer.seconds = 300
	sasl.login.refresh.min.period.seconds = 60
	sasl.login.refresh.window.factor = 0.8
	sasl.login.refresh.window.jitter = 0.05
	sasl.login.retry.backoff.max.ms = 10000
	sasl.login.retry.backoff.ms = 100
	sasl.mechanism = GSSAPI
	sasl.oauthbearer.clock.skew.seconds = 30
	sasl.oauthbearer.expected.audience = null
	sasl.oauthbearer.expected.issuer = null
	sasl.oauthbearer.header.urlencode = false
	sasl.oauthbearer.jwks.endpoint.refresh.ms = 3600000
	sasl.oauthbearer.jwks.endpoint.retry.backoff.max.ms = 10000
	sasl.oauthbearer.jwks.endpoint.retry.backoff.ms = 100
	sasl.oauthbearer.jwks.endpoint.url = null
	sasl.oauthbearer.scope.claim.name = scope
	sasl.oauthbearer.sub.claim.name = sub
	sasl.oauthbearer.token.endpoint.url = null
	security.protocol = PLAINTEXT
	security.providers = null
	send.buffer.bytes = 131072
	session.timeout.ms = 45000
	socket.connection.setup.timeout.max.ms = 30000
	socket.connection.setup.timeout.ms = 10000
	ssl.cipher.suites = null
	ssl.enabled.protocols = [TLSv1.2, TLSv1.3]
	ssl.endpoint.identification.algorithm = https
	ssl.engine.factory.class = null
	ssl.key.password = null
	ssl.keymanager.algorithm = SunX509
	ssl.keystore.certificate.chain = null
	ssl.keystore.key = null
	ssl.keystore.location = null
	ssl.keystore.password = null
	ssl.keystore.type = JKS
	ssl.protocol = TLSv1.3
	ssl.provider = null
	ssl.secure.random.implementation = null
	ssl.trustmanager.algorithm = PKIX
	ssl.truststore.certificates = null
	ssl.truststore.location = null
	ssl.truststore.password = null
	ssl.truststore.type = JKS
	value.deserializer = class io.apicurio.registry.serde.avro.AvroKafkaDeserializer

2025-08-13 18:19:33,373 INFO  [org.apa.kaf.com.tel.int.KafkaMetricsCollector] (main) initializing Kafka metrics collector
2025-08-13 18:19:33,377 INFO  [org.apa.kaf.cli.Metadata] (kafka-producer-network-thread | Producer-topic-68d6e70a_56d2_4667_a1a8_cc639e1a9c51) [Producer clientId=Producer-topic-68d6e70a_56d2_4667_a1a8_cc639e1a9c51] Cluster ID: sAToZ0WATkWwuQb_OH8PpQ
2025-08-13 18:19:33,377 INFO  [org.apa.kaf.cli.pro.int.TransactionManager] (kafka-producer-network-thread | Producer-topic-68d6e70a_56d2_4667_a1a8_cc639e1a9c51) [Producer clientId=Producer-topic-68d6e70a_56d2_4667_a1a8_cc639e1a9c51] ProducerId set to 21 with epoch 0
2025-08-13 18:19:33,382 INFO  [org.apa.kaf.cli.con.ConsumerConfig] (main) These configurations '[apicurio.registry.url]' were supplied but are not used yet.
2025-08-13 18:19:33,382 INFO  [org.apa.kaf.com.uti.AppInfoParser] (main) Kafka version: 3.9.1
2025-08-13 18:19:33,382 INFO  [org.apa.kaf.com.uti.AppInfoParser] (main) Kafka commitId: f745dfdcee2b9851
2025-08-13 18:19:33,382 INFO  [org.apa.kaf.com.uti.AppInfoParser] (main) Kafka startTimeMs: 1755109173382
**** Registry Base URL: http://registry-app-pg17.apps.ci419.apicurio-testing.org:80
2025-08-13 18:19:33,382 INFO  [org.apa.kaf.cli.con.ConsumerConfig] (main) ConsumerConfig values: 
	allow.auto.create.topics = true
	auto.commit.interval.ms = 500
	auto.include.jmx.reporter = true
	auto.offset.reset = earliest
	bootstrap.servers = [PLAINTEXT://localhost:32769]
	check.crcs = true
	client.dns.lookup = use_all_dns_ips
	client.id = consumer-Consumer-topic-a2f2e60d_e0bc_4869_9133_628ef0be65e5-15
	client.rack = 
	connections.max.idle.ms = 10000
	default.api.timeout.ms = 60000
	enable.auto.commit = true
	enable.metrics.push = true
	exclude.internal.topics = true
	fetch.max.bytes = 52428800
	fetch.max.wait.ms = 500
	fetch.min.bytes = 1
	group.id = Consumer-topic-a2f2e60d_e0bc_4869_9133_628ef0be65e5
	group.instance.id = null
	group.protocol = classic
	group.remote.assignor = null
	heartbeat.interval.ms = 3000
	interceptor.classes = []
	internal.leave.group.on.close = true
	internal.throw.on.fetch.stable.offset.unsupported = false
	isolation.level = read_uncommitted
	key.deserializer = class org.apache.kafka.common.serialization.StringDeserializer
	max.partition.fetch.bytes = 1048576
	max.poll.interval.ms = 300000
	max.poll.records = 500
	metadata.max.age.ms = 300000
	metadata.recovery.strategy = none
	metric.reporters = []
	metrics.num.samples = 2
	metrics.recording.level = INFO
	metrics.sample.window.ms = 30000
	partition.assignment.strategy = [class org.apache.kafka.clients.consumer.RangeAssignor, class org.apache.kafka.clients.consumer.CooperativeStickyAssignor]
	receive.buffer.bytes = 65536
	reconnect.backoff.max.ms = 1000
	reconnect.backoff.ms = 50
	request.timeout.ms = 5000
	retry.backoff.max.ms = 1000
	retry.backoff.ms = 100
	sasl.client.callback.handler.class = null
	sasl.jaas.config = null
	sasl.kerberos.kinit.cmd = /usr/bin/kinit
	sasl.kerberos.min.time.before.relogin = 60000
	sasl.kerberos.service.name = null
	sasl.kerberos.ticket.renew.jitter = 0.05
	sasl.kerberos.ticket.renew.window.factor = 0.8
	sasl.login.callback.handler.class = null
	sasl.login.class = null
	sasl.login.connect.timeout.ms = null
	sasl.login.read.timeout.ms = null
	sasl.login.refresh.buffer.seconds = 300
	sasl.login.refresh.min.period.seconds = 60
	sasl.login.refresh.window.factor = 0.8
	sasl.login.refresh.window.jitter = 0.05
	sasl.login.retry.backoff.max.ms = 10000
	sasl.login.retry.backoff.ms = 100
	sasl.mechanism = GSSAPI
	sasl.oauthbearer.clock.skew.seconds = 30
	sasl.oauthbearer.expected.audience = null
	sasl.oauthbearer.expected.issuer = null
	sasl.oauthbearer.header.urlencode = false
	sasl.oauthbearer.jwks.endpoint.refresh.ms = 3600000
	sasl.oauthbearer.jwks.endpoint.retry.backoff.max.ms = 10000
	sasl.oauthbearer.jwks.endpoint.retry.backoff.ms = 100
	sasl.oauthbearer.jwks.endpoint.url = null
	sasl.oauthbearer.scope.claim.name = scope
	sasl.oauthbearer.sub.claim.name = sub
	sasl.oauthbearer.token.endpoint.url = null
	security.protocol = PLAINTEXT
	security.providers = null
	send.buffer.bytes = 131072
	session.timeout.ms = 45000
	socket.connection.setup.timeout.max.ms = 30000
	socket.connection.setup.timeout.ms = 10000
	ssl.cipher.suites = null
	ssl.enabled.protocols = [TLSv1.2, TLSv1.3]
	ssl.endpoint.identification.algorithm = https
	ssl.engine.factory.class = null
	ssl.key.password = null
	ssl.keymanager.algorithm = SunX509
	ssl.keystore.certificate.chain = null
	ssl.keystore.key = null
	ssl.keystore.location = null
	ssl.keystore.password = null
	ssl.keystore.type = JKS
	ssl.protocol = TLSv1.3
	ssl.provider = null
	ssl.secure.random.implementation = null
	ssl.trustmanager.algorithm = PKIX
	ssl.truststore.certificates = null
	ssl.truststore.location = null
	ssl.truststore.password = null
	ssl.truststore.type = JKS
	value.deserializer = class io.apicurio.registry.serde.avro.AvroKafkaDeserializer

2025-08-13 18:19:33,383 INFO  [org.apa.kaf.com.tel.int.KafkaMetricsCollector] (main) initializing Kafka metrics collector
2025-08-13 18:19:33,389 INFO  [org.apa.kaf.cli.con.ConsumerConfig] (main) These configurations '[apicurio.registry.url]' were supplied but are not used yet.
2025-08-13 18:19:33,389 INFO  [org.apa.kaf.com.uti.AppInfoParser] (main) Kafka version: 3.9.1
2025-08-13 18:19:33,389 INFO  [org.apa.kaf.com.uti.AppInfoParser] (main) Kafka commitId: f745dfdcee2b9851
2025-08-13 18:19:33,389 INFO  [org.apa.kaf.com.uti.AppInfoParser] (main) Kafka startTimeMs: 1755109173389
**** Registry Base URL: http://registry-app-pg17.apps.ci419.apicurio-testing.org:80
2025-08-13 18:19:33,390 INFO  [org.apa.kaf.cli.con.ConsumerConfig] (main) ConsumerConfig values: 
	allow.auto.create.topics = true
	auto.commit.interval.ms = 500
	auto.include.jmx.reporter = true
	auto.offset.reset = earliest
	bootstrap.servers = [PLAINTEXT://localhost:32769]
	check.crcs = true
	client.dns.lookup = use_all_dns_ips
	client.id = consumer-Consumer-topic-68d6e70a_56d2_4667_a1a8_cc639e1a9c51-16
	client.rack = 
	connections.max.idle.ms = 10000
	default.api.timeout.ms = 60000
	enable.auto.commit = true
	enable.metrics.push = true
	exclude.internal.topics = true
	fetch.max.bytes = 52428800
	fetch.max.wait.ms = 500
	fetch.min.bytes = 1
	group.id = Consumer-topic-68d6e70a_56d2_4667_a1a8_cc639e1a9c51
	group.instance.id = null
	group.protocol = classic
	group.remote.assignor = null
	heartbeat.interval.ms = 3000
	interceptor.classes = []
	internal.leave.group.on.close = true
	internal.throw.on.fetch.stable.offset.unsupported = false
	isolation.level = read_uncommitted
	key.deserializer = class org.apache.kafka.common.serialization.StringDeserializer
	max.partition.fetch.bytes = 1048576
	max.poll.interval.ms = 300000
	max.poll.records = 500
	metadata.max.age.ms = 300000
	metadata.recovery.strategy = none
	metric.reporters = []
	metrics.num.samples = 2
	metrics.recording.level = INFO
	metrics.sample.window.ms = 30000
	partition.assignment.strategy = [class org.apache.kafka.clients.consumer.RangeAssignor, class org.apache.kafka.clients.consumer.CooperativeStickyAssignor]
	receive.buffer.bytes = 65536
	reconnect.backoff.max.ms = 1000
	reconnect.backoff.ms = 50
	request.timeout.ms = 5000
	retry.backoff.max.ms = 1000
	retry.backoff.ms = 100
	sasl.client.callback.handler.class = null
	sasl.jaas.config = null
	sasl.kerberos.kinit.cmd = /usr/bin/kinit
	sasl.kerberos.min.time.before.relogin = 60000
	sasl.kerberos.service.name = null
	sasl.kerberos.ticket.renew.jitter = 0.05
	sasl.kerberos.ticket.renew.window.factor = 0.8
	sasl.login.callback.handler.class = null
	sasl.login.class = null
	sasl.login.connect.timeout.ms = null
	sasl.login.read.timeout.ms = null
	sasl.login.refresh.buffer.seconds = 300
	sasl.login.refresh.min.period.seconds = 60
	sasl.login.refresh.window.factor = 0.8
	sasl.login.refresh.window.jitter = 0.05
	sasl.login.retry.backoff.max.ms = 10000
	sasl.login.retry.backoff.ms = 100
	sasl.mechanism = GSSAPI
	sasl.oauthbearer.clock.skew.seconds = 30
	sasl.oauthbearer.expected.audience = null
	sasl.oauthbearer.expected.issuer = null
	sasl.oauthbearer.header.urlencode = false
	sasl.oauthbearer.jwks.endpoint.refresh.ms = 3600000
	sasl.oauthbearer.jwks.endpoint.retry.backoff.max.ms = 10000
	sasl.oauthbearer.jwks.endpoint.retry.backoff.ms = 100
	sasl.oauthbearer.jwks.endpoint.url = null
	sasl.oauthbearer.scope.claim.name = scope
	sasl.oauthbearer.sub.claim.name = sub
	sasl.oauthbearer.token.endpoint.url = null
	security.protocol = PLAINTEXT
	security.providers = null
	send.buffer.bytes = 131072
	session.timeout.ms = 45000
	socket.connection.setup.timeout.max.ms = 30000
	socket.connection.setup.timeout.ms = 10000
	ssl.cipher.suites = null
	ssl.enabled.protocols = [TLSv1.2, TLSv1.3]
	ssl.endpoint.identification.algorithm = https
	ssl.engine.factory.class = null
	ssl.key.password = null
	ssl.keymanager.algorithm = SunX509
	ssl.keystore.certificate.chain = null
	ssl.keystore.key = null
	ssl.keystore.location = null
	ssl.keystore.password = null
	ssl.keystore.type = JKS
	ssl.protocol = TLSv1.3
	ssl.provider = null
	ssl.secure.random.implementation = null
	ssl.trustmanager.algorithm = PKIX
	ssl.truststore.certificates = null
	ssl.truststore.location = null
	ssl.truststore.password = null
	ssl.truststore.type = JKS
	value.deserializer = class io.apicurio.registry.serde.avro.AvroKafkaDeserializer

2025-08-13 18:19:33,390 INFO  [org.apa.kaf.com.tel.int.KafkaMetricsCollector] (main) initializing Kafka metrics collector
2025-08-13 18:19:33,399 INFO  [org.apa.kaf.cli.con.ConsumerConfig] (main) These configurations '[apicurio.registry.url]' were supplied but are not used yet.
2025-08-13 18:19:33,399 INFO  [org.apa.kaf.com.uti.AppInfoParser] (main) Kafka version: 3.9.1
2025-08-13 18:19:33,399 INFO  [org.apa.kaf.com.uti.AppInfoParser] (main) Kafka commitId: f745dfdcee2b9851
2025-08-13 18:19:33,399 INFO  [org.apa.kaf.com.uti.AppInfoParser] (main) Kafka startTimeMs: 1755109173399
2025-08-13 18:19:33,405 INFO  [io.api.tes.ser.api.KafkaSerdesTester] (Thread-713) Sending message {"key11755109172229": "value-0"} to topic topic-bac924e3_44be_48ee_b471_21c81530608a
2025-08-13 18:19:33,414 INFO  [DefaultSchemaResolver] (Thread-713) Retrieving schema content using string: {"type":"record","name":"myrecordconfluent","fields":[{"name":"key11755109172229","type":"string"}]}
2025-08-13 18:19:33,540 INFO  [io.api.tes.ser.api.KafkaSerdesTester] (Thread-713) Sending message {"key11755109172229": "value-1"} to topic topic-bac924e3_44be_48ee_b471_21c81530608a
2025-08-13 18:19:33,546 INFO  [io.api.tes.ser.api.KafkaSerdesTester] (Thread-713) Sending message {"key11755109172229": "value-2"} to topic topic-bac924e3_44be_48ee_b471_21c81530608a
2025-08-13 18:19:33,560 INFO  [io.api.tes.ser.api.KafkaSerdesTester] (Thread-713) Sending message {"key11755109172229": "value-3"} to topic topic-bac924e3_44be_48ee_b471_21c81530608a
2025-08-13 18:19:33,562 INFO  [io.api.tes.ser.api.KafkaSerdesTester] (Thread-713) Sending message {"key11755109172229": "value-4"} to topic topic-bac924e3_44be_48ee_b471_21c81530608a
2025-08-13 18:19:33,563 INFO  [io.api.tes.ser.api.KafkaSerdesTester] (Thread-713) Sending message {"key11755109172229": "value-5"} to topic topic-bac924e3_44be_48ee_b471_21c81530608a
2025-08-13 18:19:33,570 INFO  [io.api.tes.ser.api.KafkaSerdesTester] (Thread-713) Sending message {"key11755109172229": "value-6"} to topic topic-bac924e3_44be_48ee_b471_21c81530608a
2025-08-13 18:19:33,572 INFO  [io.api.tes.ser.api.KafkaSerdesTester] (Thread-713) Sending message {"key11755109172229": "value-7"} to topic topic-bac924e3_44be_48ee_b471_21c81530608a
2025-08-13 18:19:33,573 INFO  [io.api.tes.ser.api.KafkaSerdesTester] (Thread-713) Sending message {"key11755109172229": "value-8"} to topic topic-bac924e3_44be_48ee_b471_21c81530608a
2025-08-13 18:19:33,575 INFO  [io.api.tes.ser.api.KafkaSerdesTester] (Thread-713) Sending message {"key11755109172229": "value-9"} to topic topic-bac924e3_44be_48ee_b471_21c81530608a
2025-08-13 18:19:33,576 INFO  [io.api.tes.ser.api.KafkaSerdesTester] (Thread-713) Produced 10 messages
2025-08-13 18:19:33,576 INFO  [org.apa.kaf.cli.pro.KafkaProducer] (Thread-713) [Producer clientId=Producer-topic-bac924e3_44be_48ee_b471_21c81530608a] Closing the Kafka producer with timeoutMillis = 9223372036854775807 ms.
2025-08-13 18:19:33,581 INFO  [org.apa.kaf.com.met.Metrics] (Thread-713) Metrics scheduler closed
2025-08-13 18:19:33,581 INFO  [org.apa.kaf.com.met.Metrics] (Thread-713) Closing reporter org.apache.kafka.common.metrics.JmxReporter
2025-08-13 18:19:33,581 INFO  [org.apa.kaf.com.met.Metrics] (Thread-713) Closing reporter org.apache.kafka.common.telemetry.internals.ClientTelemetryReporter
2025-08-13 18:19:33,581 INFO  [org.apa.kaf.com.met.Metrics] (Thread-713) Metrics reporters closed
2025-08-13 18:19:33,583 INFO  [org.apa.kaf.com.uti.AppInfoParser] (Thread-713) App info kafka.producer for Producer-topic-bac924e3_44be_48ee_b471_21c81530608a unregistered
2025-08-13 18:19:33,588 INFO  [io.api.tes.ser.api.KafkaSerdesTester] (Thread-714) Sending message {"key11755109172229": "value-0"} to topic topic-a2f2e60d_e0bc_4869_9133_628ef0be65e5
2025-08-13 18:19:33,596 INFO  [DefaultSchemaResolver] (Thread-714) Retrieving schema content using string: {"type":"record","name":"myrecordconfluent","fields":[{"name":"key11755109172229","type":"string"}]}
2025-08-13 18:19:33,685 INFO  [io.api.tes.ser.api.KafkaSerdesTester] (Thread-714) Sending message {"key11755109172229": "value-1"} to topic topic-a2f2e60d_e0bc_4869_9133_628ef0be65e5
2025-08-13 18:19:33,686 INFO  [io.api.tes.ser.api.KafkaSerdesTester] (Thread-714) Sending message {"key11755109172229": "value-2"} to topic topic-a2f2e60d_e0bc_4869_9133_628ef0be65e5
2025-08-13 18:19:33,688 INFO  [io.api.tes.ser.api.KafkaSerdesTester] (Thread-714) Sending message {"key11755109172229": "value-3"} to topic topic-a2f2e60d_e0bc_4869_9133_628ef0be65e5
2025-08-13 18:19:33,689 INFO  [io.api.tes.ser.api.KafkaSerdesTester] (Thread-714) Sending message {"key11755109172229": "value-4"} to topic topic-a2f2e60d_e0bc_4869_9133_628ef0be65e5
2025-08-13 18:19:33,691 INFO  [io.api.tes.ser.api.KafkaSerdesTester] (Thread-714) Sending message {"key11755109172229": "value-5"} to topic topic-a2f2e60d_e0bc_4869_9133_628ef0be65e5
2025-08-13 18:19:33,692 INFO  [io.api.tes.ser.api.KafkaSerdesTester] (Thread-714) Sending message {"key11755109172229": "value-6"} to topic topic-a2f2e60d_e0bc_4869_9133_628ef0be65e5
2025-08-13 18:19:33,694 INFO  [io.api.tes.ser.api.KafkaSerdesTester] (Thread-714) Sending message {"key11755109172229": "value-7"} to topic topic-a2f2e60d_e0bc_4869_9133_628ef0be65e5
2025-08-13 18:19:33,695 INFO  [io.api.tes.ser.api.KafkaSerdesTester] (Thread-714) Sending message {"key11755109172229": "value-8"} to topic topic-a2f2e60d_e0bc_4869_9133_628ef0be65e5
2025-08-13 18:19:33,698 INFO  [io.api.tes.ser.api.KafkaSerdesTester] (Thread-714) Sending message {"key11755109172229": "value-9"} to topic topic-a2f2e60d_e0bc_4869_9133_628ef0be65e5
2025-08-13 18:19:33,699 INFO  [io.api.tes.ser.api.KafkaSerdesTester] (Thread-714) Produced 10 messages
2025-08-13 18:19:33,700 INFO  [org.apa.kaf.cli.pro.KafkaProducer] (Thread-714) [Producer clientId=Producer-topic-a2f2e60d_e0bc_4869_9133_628ef0be65e5] Closing the Kafka producer with timeoutMillis = 9223372036854775807 ms.
2025-08-13 18:19:33,702 INFO  [org.apa.kaf.com.met.Metrics] (Thread-714) Metrics scheduler closed
2025-08-13 18:19:33,702 INFO  [org.apa.kaf.com.met.Metrics] (Thread-714) Closing reporter org.apache.kafka.common.metrics.JmxReporter
2025-08-13 18:19:33,702 INFO  [org.apa.kaf.com.met.Metrics] (Thread-714) Closing reporter org.apache.kafka.common.telemetry.internals.ClientTelemetryReporter
2025-08-13 18:19:33,702 INFO  [org.apa.kaf.com.met.Metrics] (Thread-714) Metrics reporters closed
2025-08-13 18:19:33,702 INFO  [org.apa.kaf.com.uti.AppInfoParser] (Thread-714) App info kafka.producer for Producer-topic-a2f2e60d_e0bc_4869_9133_628ef0be65e5 unregistered
2025-08-13 18:19:33,703 INFO  [io.api.tes.ser.api.KafkaSerdesTester] (Thread-715) Sending message {"key11755109172229": "value-0"} to topic topic-68d6e70a_56d2_4667_a1a8_cc639e1a9c51
2025-08-13 18:19:33,707 INFO  [DefaultSchemaResolver] (Thread-715) Retrieving schema content using string: {"type":"record","name":"myrecordconfluent","fields":[{"name":"key11755109172229","type":"string"}]}
2025-08-13 18:19:33,792 INFO  [io.api.tes.ser.api.KafkaSerdesTester] (Thread-715) Sending message {"key11755109172229": "value-1"} to topic topic-68d6e70a_56d2_4667_a1a8_cc639e1a9c51
2025-08-13 18:19:33,794 INFO  [io.api.tes.ser.api.KafkaSerdesTester] (Thread-715) Sending message {"key11755109172229": "value-2"} to topic topic-68d6e70a_56d2_4667_a1a8_cc639e1a9c51
2025-08-13 18:19:33,795 INFO  [io.api.tes.ser.api.KafkaSerdesTester] (Thread-715) Sending message {"key11755109172229": "value-3"} to topic topic-68d6e70a_56d2_4667_a1a8_cc639e1a9c51
2025-08-13 18:19:33,796 INFO  [io.api.tes.ser.api.KafkaSerdesTester] (Thread-715) Sending message {"key11755109172229": "value-4"} to topic topic-68d6e70a_56d2_4667_a1a8_cc639e1a9c51
2025-08-13 18:19:33,801 INFO  [io.api.tes.ser.api.KafkaSerdesTester] (Thread-715) Sending message {"key11755109172229": "value-5"} to topic topic-68d6e70a_56d2_4667_a1a8_cc639e1a9c51
2025-08-13 18:19:33,802 INFO  [io.api.tes.ser.api.KafkaSerdesTester] (Thread-715) Sending message {"key11755109172229": "value-6"} to topic topic-68d6e70a_56d2_4667_a1a8_cc639e1a9c51
2025-08-13 18:19:33,804 INFO  [io.api.tes.ser.api.KafkaSerdesTester] (Thread-715) Sending message {"key11755109172229": "value-7"} to topic topic-68d6e70a_56d2_4667_a1a8_cc639e1a9c51
2025-08-13 18:19:33,806 INFO  [io.api.tes.ser.api.KafkaSerdesTester] (Thread-715) Sending message {"key11755109172229": "value-8"} to topic topic-68d6e70a_56d2_4667_a1a8_cc639e1a9c51
2025-08-13 18:19:33,807 INFO  [io.api.tes.ser.api.KafkaSerdesTester] (Thread-715) Sending message {"key11755109172229": "value-9"} to topic topic-68d6e70a_56d2_4667_a1a8_cc639e1a9c51
2025-08-13 18:19:33,809 INFO  [io.api.tes.ser.api.KafkaSerdesTester] (Thread-715) Produced 10 messages
2025-08-13 18:19:33,809 INFO  [org.apa.kaf.cli.pro.KafkaProducer] (Thread-715) [Producer clientId=Producer-topic-68d6e70a_56d2_4667_a1a8_cc639e1a9c51] Closing the Kafka producer with timeoutMillis = 9223372036854775807 ms.
2025-08-13 18:19:33,812 INFO  [org.apa.kaf.com.met.Metrics] (Thread-715) Metrics scheduler closed
2025-08-13 18:19:33,812 INFO  [org.apa.kaf.com.met.Metrics] (Thread-715) Closing reporter org.apache.kafka.common.metrics.JmxReporter
2025-08-13 18:19:33,812 INFO  [org.apa.kaf.com.met.Metrics] (Thread-715) Closing reporter org.apache.kafka.common.telemetry.internals.ClientTelemetryReporter
2025-08-13 18:19:33,812 INFO  [org.apa.kaf.com.met.Metrics] (Thread-715) Metrics reporters closed
2025-08-13 18:19:33,812 INFO  [org.apa.kaf.com.uti.AppInfoParser] (Thread-715) App info kafka.producer for Producer-topic-68d6e70a_56d2_4667_a1a8_cc639e1a9c51 unregistered
2025-08-13 18:19:33,812 INFO  [org.apa.kaf.cli.con.int.ClassicKafkaConsumer] (Thread-716) [Consumer clientId=consumer-Consumer-topic-bac924e3_44be_48ee_b471_21c81530608a-14, groupId=Consumer-topic-bac924e3_44be_48ee_b471_21c81530608a] Subscribed to topic(s): topic-bac924e3_44be_48ee_b471_21c81530608a
2025-08-13 18:19:33,816 INFO  [org.apa.kaf.cli.Metadata] (Thread-716) [Consumer clientId=consumer-Consumer-topic-bac924e3_44be_48ee_b471_21c81530608a-14, groupId=Consumer-topic-bac924e3_44be_48ee_b471_21c81530608a] Cluster ID: sAToZ0WATkWwuQb_OH8PpQ
2025-08-13 18:19:33,817 INFO  [org.apa.kaf.cli.con.int.ConsumerCoordinator] (Thread-716) [Consumer clientId=consumer-Consumer-topic-bac924e3_44be_48ee_b471_21c81530608a-14, groupId=Consumer-topic-bac924e3_44be_48ee_b471_21c81530608a] Discovered group coordinator localhost:32769 (id: 2147483647 rack: null)
2025-08-13 18:19:33,818 INFO  [org.apa.kaf.cli.con.int.ConsumerCoordinator] (Thread-716) [Consumer clientId=consumer-Consumer-topic-bac924e3_44be_48ee_b471_21c81530608a-14, groupId=Consumer-topic-bac924e3_44be_48ee_b471_21c81530608a] (Re-)joining group
2025-08-13 18:19:33,821 INFO  [org.apa.kaf.cli.con.int.ConsumerCoordinator] (Thread-716) [Consumer clientId=consumer-Consumer-topic-bac924e3_44be_48ee_b471_21c81530608a-14, groupId=Consumer-topic-bac924e3_44be_48ee_b471_21c81530608a] Request joining group due to: need to re-join with the given member-id: consumer-Consumer-topic-bac924e3_44be_48ee_b471_21c81530608a-14-7df8300c-b683-4307-9f31-8bd286000cd2
2025-08-13 18:19:33,821 INFO  [org.apa.kaf.cli.con.int.ConsumerCoordinator] (Thread-716) [Consumer clientId=consumer-Consumer-topic-bac924e3_44be_48ee_b471_21c81530608a-14, groupId=Consumer-topic-bac924e3_44be_48ee_b471_21c81530608a] (Re-)joining group
2025-08-13 18:19:34,813 INFO  [io.api.tes.ser.api.KafkaSerdesTester] (Thread-716) None found
2025-08-13 18:19:35,814 INFO  [io.api.tes.ser.api.KafkaSerdesTester] (Thread-716) None found
2025-08-13 18:19:36,814 INFO  [io.api.tes.ser.api.KafkaSerdesTester] (Thread-716) None found
2025-08-13 18:19:36,823 INFO  [org.apa.kaf.cli.con.int.ConsumerCoordinator] (Thread-716) [Consumer clientId=consumer-Consumer-topic-bac924e3_44be_48ee_b471_21c81530608a-14, groupId=Consumer-topic-bac924e3_44be_48ee_b471_21c81530608a] Successfully joined group with generation Generation{generationId=1, memberId='consumer-Consumer-topic-bac924e3_44be_48ee_b471_21c81530608a-14-7df8300c-b683-4307-9f31-8bd286000cd2', protocol='range'}
2025-08-13 18:19:36,824 INFO  [org.apa.kaf.cli.con.int.ConsumerCoordinator] (Thread-716) [Consumer clientId=consumer-Consumer-topic-bac924e3_44be_48ee_b471_21c81530608a-14, groupId=Consumer-topic-bac924e3_44be_48ee_b471_21c81530608a] Finished assignment for group at generation 1: {consumer-Consumer-topic-bac924e3_44be_48ee_b471_21c81530608a-14-7df8300c-b683-4307-9f31-8bd286000cd2=Assignment(partitions=[topic-bac924e3_44be_48ee_b471_21c81530608a-0])}
2025-08-13 18:19:36,830 INFO  [org.apa.kaf.cli.con.int.ConsumerCoordinator] (Thread-716) [Consumer clientId=consumer-Consumer-topic-bac924e3_44be_48ee_b471_21c81530608a-14, groupId=Consumer-topic-bac924e3_44be_48ee_b471_21c81530608a] Successfully synced group in generation Generation{generationId=1, memberId='consumer-Consumer-topic-bac924e3_44be_48ee_b471_21c81530608a-14-7df8300c-b683-4307-9f31-8bd286000cd2', protocol='range'}
2025-08-13 18:19:36,830 INFO  [org.apa.kaf.cli.con.int.ConsumerCoordinator] (Thread-716) [Consumer clientId=consumer-Consumer-topic-bac924e3_44be_48ee_b471_21c81530608a-14, groupId=Consumer-topic-bac924e3_44be_48ee_b471_21c81530608a] Notifying assignor about the new Assignment(partitions=[topic-bac924e3_44be_48ee_b471_21c81530608a-0])
2025-08-13 18:19:36,831 INFO  [org.apa.kaf.cli.con.int.ConsumerRebalanceListenerInvoker] (Thread-716) [Consumer clientId=consumer-Consumer-topic-bac924e3_44be_48ee_b471_21c81530608a-14, groupId=Consumer-topic-bac924e3_44be_48ee_b471_21c81530608a] Adding newly assigned partitions: topic-bac924e3_44be_48ee_b471_21c81530608a-0
2025-08-13 18:19:36,831 INFO  [org.apa.kaf.cli.con.int.ConsumerCoordinator] (Thread-716) [Consumer clientId=consumer-Consumer-topic-bac924e3_44be_48ee_b471_21c81530608a-14, groupId=Consumer-topic-bac924e3_44be_48ee_b471_21c81530608a] Found no committed offset for partition topic-bac924e3_44be_48ee_b471_21c81530608a-0
2025-08-13 18:19:36,838 INFO  [org.apa.kaf.cli.con.int.SubscriptionState] (Thread-716) [Consumer clientId=consumer-Consumer-topic-bac924e3_44be_48ee_b471_21c81530608a-14, groupId=Consumer-topic-bac924e3_44be_48ee_b471_21c81530608a] Resetting offset for partition topic-bac924e3_44be_48ee_b471_21c81530608a-0 to position FetchPosition{offset=0, offsetEpoch=Optional.empty, currentLeader=LeaderAndEpoch{leader=Optional[localhost:32769 (id: 0 rack: null)], epoch=0}}.
2025-08-13 18:19:36,967 INFO  [io.api.tes.ser.api.KafkaSerdesTester] (Thread-716) topic-bac924e3_44be_48ee_b471_21c81530608a 0 0 {"key11755109172229": "value-0"}
2025-08-13 18:19:36,967 INFO  [io.api.tes.ser.api.KafkaSerdesTester] (Thread-716) topic-bac924e3_44be_48ee_b471_21c81530608a 0 1 {"key11755109172229": "value-1"}
2025-08-13 18:19:36,967 INFO  [io.api.tes.ser.api.KafkaSerdesTester] (Thread-716) topic-bac924e3_44be_48ee_b471_21c81530608a 0 2 {"key11755109172229": "value-2"}
2025-08-13 18:19:36,967 INFO  [io.api.tes.ser.api.KafkaSerdesTester] (Thread-716) topic-bac924e3_44be_48ee_b471_21c81530608a 0 3 {"key11755109172229": "value-3"}
2025-08-13 18:19:36,969 INFO  [io.api.tes.ser.api.KafkaSerdesTester] (Thread-716) topic-bac924e3_44be_48ee_b471_21c81530608a 0 4 {"key11755109172229": "value-4"}
2025-08-13 18:19:36,969 INFO  [io.api.tes.ser.api.KafkaSerdesTester] (Thread-716) topic-bac924e3_44be_48ee_b471_21c81530608a 0 5 {"key11755109172229": "value-5"}
2025-08-13 18:19:36,969 INFO  [io.api.tes.ser.api.KafkaSerdesTester] (Thread-716) topic-bac924e3_44be_48ee_b471_21c81530608a 0 6 {"key11755109172229": "value-6"}
2025-08-13 18:19:36,969 INFO  [io.api.tes.ser.api.KafkaSerdesTester] (Thread-716) topic-bac924e3_44be_48ee_b471_21c81530608a 0 7 {"key11755109172229": "value-7"}
2025-08-13 18:19:36,969 INFO  [io.api.tes.ser.api.KafkaSerdesTester] (Thread-716) topic-bac924e3_44be_48ee_b471_21c81530608a 0 8 {"key11755109172229": "value-8"}
2025-08-13 18:19:36,969 INFO  [io.api.tes.ser.api.KafkaSerdesTester] (Thread-716) topic-bac924e3_44be_48ee_b471_21c81530608a 0 9 {"key11755109172229": "value-9"}
2025-08-13 18:19:36,969 INFO  [io.api.tes.ser.api.KafkaSerdesTester] (Thread-716) Consumed 10 messages
2025-08-13 18:19:36,976 INFO  [org.apa.kaf.cli.con.int.ConsumerRebalanceListenerInvoker] (Thread-716) [Consumer clientId=consumer-Consumer-topic-bac924e3_44be_48ee_b471_21c81530608a-14, groupId=Consumer-topic-bac924e3_44be_48ee_b471_21c81530608a] Revoke previously assigned partitions topic-bac924e3_44be_48ee_b471_21c81530608a-0
2025-08-13 18:19:36,976 INFO  [org.apa.kaf.cli.con.int.ConsumerCoordinator] (Thread-716) [Consumer clientId=consumer-Consumer-topic-bac924e3_44be_48ee_b471_21c81530608a-14, groupId=Consumer-topic-bac924e3_44be_48ee_b471_21c81530608a] Member consumer-Consumer-topic-bac924e3_44be_48ee_b471_21c81530608a-14-7df8300c-b683-4307-9f31-8bd286000cd2 sending LeaveGroup request to coordinator localhost:32769 (id: 2147483647 rack: null) due to the consumer is being closed
2025-08-13 18:19:36,976 INFO  [org.apa.kaf.cli.con.int.ConsumerCoordinator] (Thread-716) [Consumer clientId=consumer-Consumer-topic-bac924e3_44be_48ee_b471_21c81530608a-14, groupId=Consumer-topic-bac924e3_44be_48ee_b471_21c81530608a] Resetting generation and member id due to: consumer pro-actively leaving the group
2025-08-13 18:19:36,976 INFO  [org.apa.kaf.cli.con.int.ConsumerCoordinator] (Thread-716) [Consumer clientId=consumer-Consumer-topic-bac924e3_44be_48ee_b471_21c81530608a-14, groupId=Consumer-topic-bac924e3_44be_48ee_b471_21c81530608a] Request joining group due to: consumer pro-actively leaving the group
2025-08-13 18:19:37,469 INFO  [org.apa.kaf.com.met.Metrics] (Thread-716) Metrics scheduler closed
2025-08-13 18:19:37,470 INFO  [org.apa.kaf.com.met.Metrics] (Thread-716) Closing reporter org.apache.kafka.common.metrics.JmxReporter
2025-08-13 18:19:37,470 INFO  [org.apa.kaf.com.met.Metrics] (Thread-716) Closing reporter org.apache.kafka.common.telemetry.internals.ClientTelemetryReporter
2025-08-13 18:19:37,470 INFO  [org.apa.kaf.com.met.Metrics] (Thread-716) Metrics reporters closed
2025-08-13 18:19:37,472 INFO  [org.apa.kaf.com.uti.AppInfoParser] (Thread-716) App info kafka.consumer for consumer-Consumer-topic-bac924e3_44be_48ee_b471_21c81530608a-14 unregistered
2025-08-13 18:19:37,472 INFO  [org.apa.kaf.cli.con.int.ClassicKafkaConsumer] (Thread-717) [Consumer clientId=consumer-Consumer-topic-a2f2e60d_e0bc_4869_9133_628ef0be65e5-15, groupId=Consumer-topic-a2f2e60d_e0bc_4869_9133_628ef0be65e5] Subscribed to topic(s): topic-a2f2e60d_e0bc_4869_9133_628ef0be65e5
2025-08-13 18:19:37,478 INFO  [org.apa.kaf.cli.Metadata] (Thread-717) [Consumer clientId=consumer-Consumer-topic-a2f2e60d_e0bc_4869_9133_628ef0be65e5-15, groupId=Consumer-topic-a2f2e60d_e0bc_4869_9133_628ef0be65e5] Cluster ID: sAToZ0WATkWwuQb_OH8PpQ
2025-08-13 18:19:37,479 INFO  [org.apa.kaf.cli.con.int.ConsumerCoordinator] (Thread-717) [Consumer clientId=consumer-Consumer-topic-a2f2e60d_e0bc_4869_9133_628ef0be65e5-15, groupId=Consumer-topic-a2f2e60d_e0bc_4869_9133_628ef0be65e5] Discovered group coordinator localhost:32769 (id: 2147483647 rack: null)
2025-08-13 18:19:37,480 INFO  [org.apa.kaf.cli.con.int.ConsumerCoordinator] (Thread-717) [Consumer clientId=consumer-Consumer-topic-a2f2e60d_e0bc_4869_9133_628ef0be65e5-15, groupId=Consumer-topic-a2f2e60d_e0bc_4869_9133_628ef0be65e5] (Re-)joining group
2025-08-13 18:19:37,482 INFO  [org.apa.kaf.cli.con.int.ConsumerCoordinator] (Thread-717) [Consumer clientId=consumer-Consumer-topic-a2f2e60d_e0bc_4869_9133_628ef0be65e5-15, groupId=Consumer-topic-a2f2e60d_e0bc_4869_9133_628ef0be65e5] Request joining group due to: need to re-join with the given member-id: consumer-Consumer-topic-a2f2e60d_e0bc_4869_9133_628ef0be65e5-15-1dbc0bd9-11ab-4f39-b1bf-16ff52d58cbc
2025-08-13 18:19:37,482 INFO  [org.apa.kaf.cli.con.int.ConsumerCoordinator] (Thread-717) [Consumer clientId=consumer-Consumer-topic-a2f2e60d_e0bc_4869_9133_628ef0be65e5-15, groupId=Consumer-topic-a2f2e60d_e0bc_4869_9133_628ef0be65e5] (Re-)joining group
2025-08-13 18:19:38,473 INFO  [io.api.tes.ser.api.KafkaSerdesTester] (Thread-717) None found
2025-08-13 18:19:39,473 INFO  [io.api.tes.ser.api.KafkaSerdesTester] (Thread-717) None found
2025-08-13 18:19:40,473 INFO  [io.api.tes.ser.api.KafkaSerdesTester] (Thread-717) None found
2025-08-13 18:19:40,483 INFO  [org.apa.kaf.cli.con.int.ConsumerCoordinator] (Thread-717) [Consumer clientId=consumer-Consumer-topic-a2f2e60d_e0bc_4869_9133_628ef0be65e5-15, groupId=Consumer-topic-a2f2e60d_e0bc_4869_9133_628ef0be65e5] Successfully joined group with generation Generation{generationId=1, memberId='consumer-Consumer-topic-a2f2e60d_e0bc_4869_9133_628ef0be65e5-15-1dbc0bd9-11ab-4f39-b1bf-16ff52d58cbc', protocol='range'}
2025-08-13 18:19:40,484 INFO  [org.apa.kaf.cli.con.int.ConsumerCoordinator] (Thread-717) [Consumer clientId=consumer-Consumer-topic-a2f2e60d_e0bc_4869_9133_628ef0be65e5-15, groupId=Consumer-topic-a2f2e60d_e0bc_4869_9133_628ef0be65e5] Finished assignment for group at generation 1: {consumer-Consumer-topic-a2f2e60d_e0bc_4869_9133_628ef0be65e5-15-1dbc0bd9-11ab-4f39-b1bf-16ff52d58cbc=Assignment(partitions=[topic-a2f2e60d_e0bc_4869_9133_628ef0be65e5-0])}
2025-08-13 18:19:40,490 INFO  [org.apa.kaf.cli.con.int.ConsumerCoordinator] (Thread-717) [Consumer clientId=consumer-Consumer-topic-a2f2e60d_e0bc_4869_9133_628ef0be65e5-15, groupId=Consumer-topic-a2f2e60d_e0bc_4869_9133_628ef0be65e5] Successfully synced group in generation Generation{generationId=1, memberId='consumer-Consumer-topic-a2f2e60d_e0bc_4869_9133_628ef0be65e5-15-1dbc0bd9-11ab-4f39-b1bf-16ff52d58cbc', protocol='range'}
2025-08-13 18:19:40,490 INFO  [org.apa.kaf.cli.con.int.ConsumerCoordinator] (Thread-717) [Consumer clientId=consumer-Consumer-topic-a2f2e60d_e0bc_4869_9133_628ef0be65e5-15, groupId=Consumer-topic-a2f2e60d_e0bc_4869_9133_628ef0be65e5] Notifying assignor about the new Assignment(partitions=[topic-a2f2e60d_e0bc_4869_9133_628ef0be65e5-0])
2025-08-13 18:19:40,490 INFO  [org.apa.kaf.cli.con.int.ConsumerRebalanceListenerInvoker] (Thread-717) [Consumer clientId=consumer-Consumer-topic-a2f2e60d_e0bc_4869_9133_628ef0be65e5-15, groupId=Consumer-topic-a2f2e60d_e0bc_4869_9133_628ef0be65e5] Adding newly assigned partitions: topic-a2f2e60d_e0bc_4869_9133_628ef0be65e5-0
2025-08-13 18:19:40,491 INFO  [org.apa.kaf.cli.con.int.ConsumerCoordinator] (Thread-717) [Consumer clientId=consumer-Consumer-topic-a2f2e60d_e0bc_4869_9133_628ef0be65e5-15, groupId=Consumer-topic-a2f2e60d_e0bc_4869_9133_628ef0be65e5] Found no committed offset for partition topic-a2f2e60d_e0bc_4869_9133_628ef0be65e5-0
2025-08-13 18:19:40,494 INFO  [org.apa.kaf.cli.con.int.SubscriptionState] (Thread-717) [Consumer clientId=consumer-Consumer-topic-a2f2e60d_e0bc_4869_9133_628ef0be65e5-15, groupId=Consumer-topic-a2f2e60d_e0bc_4869_9133_628ef0be65e5] Resetting offset for partition topic-a2f2e60d_e0bc_4869_9133_628ef0be65e5-0 to position FetchPosition{offset=0, offsetEpoch=Optional.empty, currentLeader=LeaderAndEpoch{leader=Optional[localhost:32769 (id: 0 rack: null)], epoch=0}}.
2025-08-13 18:19:40,636 INFO  [io.api.tes.ser.api.KafkaSerdesTester] (Thread-717) topic-a2f2e60d_e0bc_4869_9133_628ef0be65e5 0 0 {"key11755109172229": "value-0"}
2025-08-13 18:19:40,636 INFO  [io.api.tes.ser.api.KafkaSerdesTester] (Thread-717) topic-a2f2e60d_e0bc_4869_9133_628ef0be65e5 0 1 {"key11755109172229": "value-1"}
2025-08-13 18:19:40,636 INFO  [io.api.tes.ser.api.KafkaSerdesTester] (Thread-717) topic-a2f2e60d_e0bc_4869_9133_628ef0be65e5 0 2 {"key11755109172229": "value-2"}
2025-08-13 18:19:40,637 INFO  [io.api.tes.ser.api.KafkaSerdesTester] (Thread-717) topic-a2f2e60d_e0bc_4869_9133_628ef0be65e5 0 3 {"key11755109172229": "value-3"}
2025-08-13 18:19:40,637 INFO  [io.api.tes.ser.api.KafkaSerdesTester] (Thread-717) topic-a2f2e60d_e0bc_4869_9133_628ef0be65e5 0 4 {"key11755109172229": "value-4"}
2025-08-13 18:19:40,637 INFO  [io.api.tes.ser.api.KafkaSerdesTester] (Thread-717) topic-a2f2e60d_e0bc_4869_9133_628ef0be65e5 0 5 {"key11755109172229": "value-5"}
2025-08-13 18:19:40,637 INFO  [io.api.tes.ser.api.KafkaSerdesTester] (Thread-717) topic-a2f2e60d_e0bc_4869_9133_628ef0be65e5 0 6 {"key11755109172229": "value-6"}
2025-08-13 18:19:40,637 INFO  [io.api.tes.ser.api.KafkaSerdesTester] (Thread-717) topic-a2f2e60d_e0bc_4869_9133_628ef0be65e5 0 7 {"key11755109172229": "value-7"}
2025-08-13 18:19:40,637 INFO  [io.api.tes.ser.api.KafkaSerdesTester] (Thread-717) topic-a2f2e60d_e0bc_4869_9133_628ef0be65e5 0 8 {"key11755109172229": "value-8"}
2025-08-13 18:19:40,637 INFO  [io.api.tes.ser.api.KafkaSerdesTester] (Thread-717) topic-a2f2e60d_e0bc_4869_9133_628ef0be65e5 0 9 {"key11755109172229": "value-9"}
2025-08-13 18:19:40,637 INFO  [io.api.tes.ser.api.KafkaSerdesTester] (Thread-717) Consumed 10 messages
2025-08-13 18:19:40,644 INFO  [org.apa.kaf.cli.con.int.ConsumerRebalanceListenerInvoker] (Thread-717) [Consumer clientId=consumer-Consumer-topic-a2f2e60d_e0bc_4869_9133_628ef0be65e5-15, groupId=Consumer-topic-a2f2e60d_e0bc_4869_9133_628ef0be65e5] Revoke previously assigned partitions topic-a2f2e60d_e0bc_4869_9133_628ef0be65e5-0
2025-08-13 18:19:40,644 INFO  [org.apa.kaf.cli.con.int.ConsumerCoordinator] (Thread-717) [Consumer clientId=consumer-Consumer-topic-a2f2e60d_e0bc_4869_9133_628ef0be65e5-15, groupId=Consumer-topic-a2f2e60d_e0bc_4869_9133_628ef0be65e5] Member consumer-Consumer-topic-a2f2e60d_e0bc_4869_9133_628ef0be65e5-15-1dbc0bd9-11ab-4f39-b1bf-16ff52d58cbc sending LeaveGroup request to coordinator localhost:32769 (id: 2147483647 rack: null) due to the consumer is being closed
2025-08-13 18:19:40,644 INFO  [org.apa.kaf.cli.con.int.ConsumerCoordinator] (Thread-717) [Consumer clientId=consumer-Consumer-topic-a2f2e60d_e0bc_4869_9133_628ef0be65e5-15, groupId=Consumer-topic-a2f2e60d_e0bc_4869_9133_628ef0be65e5] Resetting generation and member id due to: consumer pro-actively leaving the group
2025-08-13 18:19:40,644 INFO  [org.apa.kaf.cli.con.int.ConsumerCoordinator] (Thread-717) [Consumer clientId=consumer-Consumer-topic-a2f2e60d_e0bc_4869_9133_628ef0be65e5-15, groupId=Consumer-topic-a2f2e60d_e0bc_4869_9133_628ef0be65e5] Request joining group due to: consumer pro-actively leaving the group
2025-08-13 18:19:41,139 INFO  [org.apa.kaf.com.met.Metrics] (Thread-717) Metrics scheduler closed
2025-08-13 18:19:41,139 INFO  [org.apa.kaf.com.met.Metrics] (Thread-717) Closing reporter org.apache.kafka.common.metrics.JmxReporter
2025-08-13 18:19:41,139 INFO  [org.apa.kaf.com.met.Metrics] (Thread-717) Closing reporter org.apache.kafka.common.telemetry.internals.ClientTelemetryReporter
2025-08-13 18:19:41,139 INFO  [org.apa.kaf.com.met.Metrics] (Thread-717) Metrics reporters closed
2025-08-13 18:19:41,141 INFO  [org.apa.kaf.com.uti.AppInfoParser] (Thread-717) App info kafka.consumer for consumer-Consumer-topic-a2f2e60d_e0bc_4869_9133_628ef0be65e5-15 unregistered
2025-08-13 18:19:41,147 INFO  [org.apa.kaf.cli.con.int.ClassicKafkaConsumer] (Thread-718) [Consumer clientId=consumer-Consumer-topic-68d6e70a_56d2_4667_a1a8_cc639e1a9c51-16, groupId=Consumer-topic-68d6e70a_56d2_4667_a1a8_cc639e1a9c51] Subscribed to topic(s): topic-68d6e70a_56d2_4667_a1a8_cc639e1a9c51
2025-08-13 18:19:41,151 INFO  [org.apa.kaf.cli.Metadata] (Thread-718) [Consumer clientId=consumer-Consumer-topic-68d6e70a_56d2_4667_a1a8_cc639e1a9c51-16, groupId=Consumer-topic-68d6e70a_56d2_4667_a1a8_cc639e1a9c51] Cluster ID: sAToZ0WATkWwuQb_OH8PpQ
2025-08-13 18:19:41,153 INFO  [org.apa.kaf.cli.con.int.ConsumerCoordinator] (Thread-718) [Consumer clientId=consumer-Consumer-topic-68d6e70a_56d2_4667_a1a8_cc639e1a9c51-16, groupId=Consumer-topic-68d6e70a_56d2_4667_a1a8_cc639e1a9c51] Discovered group coordinator localhost:32769 (id: 2147483647 rack: null)
2025-08-13 18:19:41,154 INFO  [org.apa.kaf.cli.con.int.ConsumerCoordinator] (Thread-718) [Consumer clientId=consumer-Consumer-topic-68d6e70a_56d2_4667_a1a8_cc639e1a9c51-16, groupId=Consumer-topic-68d6e70a_56d2_4667_a1a8_cc639e1a9c51] (Re-)joining group
2025-08-13 18:19:41,156 INFO  [org.apa.kaf.cli.con.int.ConsumerCoordinator] (Thread-718) [Consumer clientId=consumer-Consumer-topic-68d6e70a_56d2_4667_a1a8_cc639e1a9c51-16, groupId=Consumer-topic-68d6e70a_56d2_4667_a1a8_cc639e1a9c51] Request joining group due to: need to re-join with the given member-id: consumer-Consumer-topic-68d6e70a_56d2_4667_a1a8_cc639e1a9c51-16-f21fd447-9806-4793-9141-1c59e1a4cf4c
2025-08-13 18:19:41,157 INFO  [org.apa.kaf.cli.con.int.ConsumerCoordinator] (Thread-718) [Consumer clientId=consumer-Consumer-topic-68d6e70a_56d2_4667_a1a8_cc639e1a9c51-16, groupId=Consumer-topic-68d6e70a_56d2_4667_a1a8_cc639e1a9c51] (Re-)joining group
2025-08-13 18:19:42,147 INFO  [io.api.tes.ser.api.KafkaSerdesTester] (Thread-718) None found
2025-08-13 18:19:43,148 INFO  [io.api.tes.ser.api.KafkaSerdesTester] (Thread-718) None found
2025-08-13 18:19:44,149 INFO  [io.api.tes.ser.api.KafkaSerdesTester] (Thread-718) None found
2025-08-13 18:19:44,159 INFO  [org.apa.kaf.cli.con.int.ConsumerCoordinator] (Thread-718) [Consumer clientId=consumer-Consumer-topic-68d6e70a_56d2_4667_a1a8_cc639e1a9c51-16, groupId=Consumer-topic-68d6e70a_56d2_4667_a1a8_cc639e1a9c51] Successfully joined group with generation Generation{generationId=1, memberId='consumer-Consumer-topic-68d6e70a_56d2_4667_a1a8_cc639e1a9c51-16-f21fd447-9806-4793-9141-1c59e1a4cf4c', protocol='range'}
2025-08-13 18:19:44,159 INFO  [org.apa.kaf.cli.con.int.ConsumerCoordinator] (Thread-718) [Consumer clientId=consumer-Consumer-topic-68d6e70a_56d2_4667_a1a8_cc639e1a9c51-16, groupId=Consumer-topic-68d6e70a_56d2_4667_a1a8_cc639e1a9c51] Finished assignment for group at generation 1: {consumer-Consumer-topic-68d6e70a_56d2_4667_a1a8_cc639e1a9c51-16-f21fd447-9806-4793-9141-1c59e1a4cf4c=Assignment(partitions=[topic-68d6e70a_56d2_4667_a1a8_cc639e1a9c51-0])}
2025-08-13 18:19:44,164 INFO  [org.apa.kaf.cli.con.int.ConsumerCoordinator] (Thread-718) [Consumer clientId=consumer-Consumer-topic-68d6e70a_56d2_4667_a1a8_cc639e1a9c51-16, groupId=Consumer-topic-68d6e70a_56d2_4667_a1a8_cc639e1a9c51] Successfully synced group in generation Generation{generationId=1, memberId='consumer-Consumer-topic-68d6e70a_56d2_4667_a1a8_cc639e1a9c51-16-f21fd447-9806-4793-9141-1c59e1a4cf4c', protocol='range'}
2025-08-13 18:19:44,165 INFO  [org.apa.kaf.cli.con.int.ConsumerCoordinator] (Thread-718) [Consumer clientId=consumer-Consumer-topic-68d6e70a_56d2_4667_a1a8_cc639e1a9c51-16, groupId=Consumer-topic-68d6e70a_56d2_4667_a1a8_cc639e1a9c51] Notifying assignor about the new Assignment(partitions=[topic-68d6e70a_56d2_4667_a1a8_cc639e1a9c51-0])
2025-08-13 18:19:44,165 INFO  [org.apa.kaf.cli.con.int.ConsumerRebalanceListenerInvoker] (Thread-718) [Consumer clientId=consumer-Consumer-topic-68d6e70a_56d2_4667_a1a8_cc639e1a9c51-16, groupId=Consumer-topic-68d6e70a_56d2_4667_a1a8_cc639e1a9c51] Adding newly assigned partitions: topic-68d6e70a_56d2_4667_a1a8_cc639e1a9c51-0
2025-08-13 18:19:44,166 INFO  [org.apa.kaf.cli.con.int.ConsumerCoordinator] (Thread-718) [Consumer clientId=consumer-Consumer-topic-68d6e70a_56d2_4667_a1a8_cc639e1a9c51-16, groupId=Consumer-topic-68d6e70a_56d2_4667_a1a8_cc639e1a9c51] Found no committed offset for partition topic-68d6e70a_56d2_4667_a1a8_cc639e1a9c51-0
2025-08-13 18:19:44,167 INFO  [org.apa.kaf.cli.con.int.SubscriptionState] (Thread-718) [Consumer clientId=consumer-Consumer-topic-68d6e70a_56d2_4667_a1a8_cc639e1a9c51-16, groupId=Consumer-topic-68d6e70a_56d2_4667_a1a8_cc639e1a9c51] Resetting offset for partition topic-68d6e70a_56d2_4667_a1a8_cc639e1a9c51-0 to position FetchPosition{offset=0, offsetEpoch=Optional.empty, currentLeader=LeaderAndEpoch{leader=Optional[localhost:32769 (id: 0 rack: null)], epoch=0}}.
2025-08-13 18:19:44,304 INFO  [io.api.tes.ser.api.KafkaSerdesTester] (Thread-718) topic-68d6e70a_56d2_4667_a1a8_cc639e1a9c51 0 0 {"key11755109172229": "value-0"}
2025-08-13 18:19:44,304 INFO  [io.api.tes.ser.api.KafkaSerdesTester] (Thread-718) topic-68d6e70a_56d2_4667_a1a8_cc639e1a9c51 0 1 {"key11755109172229": "value-1"}
2025-08-13 18:19:44,304 INFO  [io.api.tes.ser.api.KafkaSerdesTester] (Thread-718) topic-68d6e70a_56d2_4667_a1a8_cc639e1a9c51 0 2 {"key11755109172229": "value-2"}
2025-08-13 18:19:44,304 INFO  [io.api.tes.ser.api.KafkaSerdesTester] (Thread-718) topic-68d6e70a_56d2_4667_a1a8_cc639e1a9c51 0 3 {"key11755109172229": "value-3"}
2025-08-13 18:19:44,304 INFO  [io.api.tes.ser.api.KafkaSerdesTester] (Thread-718) topic-68d6e70a_56d2_4667_a1a8_cc639e1a9c51 0 4 {"key11755109172229": "value-4"}
2025-08-13 18:19:44,304 INFO  [io.api.tes.ser.api.KafkaSerdesTester] (Thread-718) topic-68d6e70a_56d2_4667_a1a8_cc639e1a9c51 0 5 {"key11755109172229": "value-5"}
2025-08-13 18:19:44,304 INFO  [io.api.tes.ser.api.KafkaSerdesTester] (Thread-718) topic-68d6e70a_56d2_4667_a1a8_cc639e1a9c51 0 6 {"key11755109172229": "value-6"}
2025-08-13 18:19:44,304 INFO  [io.api.tes.ser.api.KafkaSerdesTester] (Thread-718) topic-68d6e70a_56d2_4667_a1a8_cc639e1a9c51 0 7 {"key11755109172229": "value-7"}
2025-08-13 18:19:44,304 INFO  [io.api.tes.ser.api.KafkaSerdesTester] (Thread-718) topic-68d6e70a_56d2_4667_a1a8_cc639e1a9c51 0 8 {"key11755109172229": "value-8"}
2025-08-13 18:19:44,304 INFO  [io.api.tes.ser.api.KafkaSerdesTester] (Thread-718) topic-68d6e70a_56d2_4667_a1a8_cc639e1a9c51 0 9 {"key11755109172229": "value-9"}
2025-08-13 18:19:44,304 INFO  [io.api.tes.ser.api.KafkaSerdesTester] (Thread-718) Consumed 10 messages
2025-08-13 18:19:44,312 INFO  [org.apa.kaf.cli.con.int.ConsumerRebalanceListenerInvoker] (Thread-718) [Consumer clientId=consumer-Consumer-topic-68d6e70a_56d2_4667_a1a8_cc639e1a9c51-16, groupId=Consumer-topic-68d6e70a_56d2_4667_a1a8_cc639e1a9c51] Revoke previously assigned partitions topic-68d6e70a_56d2_4667_a1a8_cc639e1a9c51-0
2025-08-13 18:19:44,312 INFO  [org.apa.kaf.cli.con.int.ConsumerCoordinator] (Thread-718) [Consumer clientId=consumer-Consumer-topic-68d6e70a_56d2_4667_a1a8_cc639e1a9c51-16, groupId=Consumer-topic-68d6e70a_56d2_4667_a1a8_cc639e1a9c51] Member consumer-Consumer-topic-68d6e70a_56d2_4667_a1a8_cc639e1a9c51-16-f21fd447-9806-4793-9141-1c59e1a4cf4c sending LeaveGroup request to coordinator localhost:32769 (id: 2147483647 rack: null) due to the consumer is being closed
2025-08-13 18:19:44,312 INFO  [org.apa.kaf.cli.con.int.ConsumerCoordinator] (Thread-718) [Consumer clientId=consumer-Consumer-topic-68d6e70a_56d2_4667_a1a8_cc639e1a9c51-16, groupId=Consumer-topic-68d6e70a_56d2_4667_a1a8_cc639e1a9c51] Resetting generation and member id due to: consumer pro-actively leaving the group
2025-08-13 18:19:44,312 INFO  [org.apa.kaf.cli.con.int.ConsumerCoordinator] (Thread-718) [Consumer clientId=consumer-Consumer-topic-68d6e70a_56d2_4667_a1a8_cc639e1a9c51-16, groupId=Consumer-topic-68d6e70a_56d2_4667_a1a8_cc639e1a9c51] Request joining group due to: consumer pro-actively leaving the group
2025-08-13 18:19:44,808 INFO  [org.apa.kaf.com.met.Metrics] (Thread-718) Metrics scheduler closed
2025-08-13 18:19:44,808 INFO  [org.apa.kaf.com.met.Metrics] (Thread-718) Closing reporter org.apache.kafka.common.metrics.JmxReporter
2025-08-13 18:19:44,808 INFO  [org.apa.kaf.com.met.Metrics] (Thread-718) Closing reporter org.apache.kafka.common.telemetry.internals.ClientTelemetryReporter
2025-08-13 18:19:44,808 INFO  [org.apa.kaf.com.met.Metrics] (Thread-718) Metrics reporters closed
2025-08-13 18:19:44,810 INFO  [org.apa.kaf.com.uti.AppInfoParser] (Thread-718) App info kafka.consumer for consumer-Consumer-topic-68d6e70a_56d2_4667_a1a8_cc639e1a9c51-16 unregistered
2025-08-13 18:19:44,811 INFO  [io.api.tes.uti.TestSeparator] (main) io.apicurio.tests.serdes.apicurio.AvroSerdeIT.testAvroConfluentForMultipleTopics-FINISHED
2025-08-13 18:19:44,811 INFO  [io.api.tes.uti.TestSeparator] (main) ############################################################################
Test passed: testAvroConfluentForMultipleTopics
]]></system-out>
  </testcase>
  <testcase name="testFirstRequestFailsRateLimited" classname="io.apicurio.tests.serdes.apicurio.AvroSerdeIT" time="0.895">
    <system-out><![CDATA[2025-08-13 18:19:44,812 INFO  [io.api.tes.uti.TestSeparator] (main) ############################################################################
2025-08-13 18:19:44,812 INFO  [io.api.tes.uti.TestSeparator] (main) io.apicurio.tests.serdes.apicurio.AvroSerdeIT.testFirstRequestFailsRateLimited-STARTED
2025-08-13 18:19:45,217 WARN  [org.ecl.jet.ser.AbstractConnector] (main) Acceptors should be <= availableProcessors: NetworkTrafficServerConnector@ee1493e{HTTP/1.1, (http/1.1, h2c)}{0.0.0.0:0} 
2025-08-13 18:19:45,326 INFO  [org.ecl.jet.ser.Server] (main) jetty-11.0.15; built: 2023-04-11T18:37:53.775Z; git: 5bc5e562c8d05c5862505aebe5cf83a61bdbcb96; jvm 17.0.16+8
2025-08-13 18:19:45,363 INFO  [org.ecl.jet.ser.han.ContextHandler] (main) Started o.e.j.s.ServletContextHandler@32730f12{/__admin,null,AVAILABLE}
2025-08-13 18:19:45,379 INFO  [org.ecl.jet.ser.han.Con.ROOT] (main) RequestHandlerClass from context returned com.github.tomakehurst.wiremock.http.StubRequestHandler. Normalized mapped under returned 'null'
2025-08-13 18:19:45,379 INFO  [org.ecl.jet.ser.han.ContextHandler] (main) Started o.e.j.s.ServletContextHandler@7102b480{/,null,AVAILABLE}
2025-08-13 18:19:45,391 INFO  [org.ecl.jet.ser.AbstractConnector] (main) Started NetworkTrafficServerConnector@ee1493e{HTTP/1.1, (http/1.1, h2c)}{0.0.0.0:40259}
2025-08-13 18:19:45,392 INFO  [org.ecl.jet.ser.Server] (main) Started Server@1898593{STARTING}[11.0.15,sto=1000] @114305ms
**** Registry Base URL: http://registry-app-pg17.apps.ci419.apicurio-testing.org:80
2025-08-13 18:19:45,415 INFO  [org.apa.kaf.cli.pro.ProducerConfig] (main) ProducerConfig values: 
	acks = -1
	auto.include.jmx.reporter = true
	batch.size = 16384
	bootstrap.servers = [PLAINTEXT://localhost:32769]
	buffer.memory = 33554432
	client.dns.lookup = use_all_dns_ips
	client.id = Producer-topic-9826be51_08df_47a4_8936_1a9c79b1d912
	compression.gzip.level = -1
	compression.lz4.level = 9
	compression.type = none
	compression.zstd.level = 3
	connections.max.idle.ms = 10000
	delivery.timeout.ms = 120000
	enable.idempotence = true
	enable.metrics.push = true
	interceptor.classes = []
	key.serializer = class org.apache.kafka.common.serialization.StringSerializer
	linger.ms = 0
	max.block.ms = 60000
	max.in.flight.requests.per.connection = 5
	max.request.size = 1048576
	metadata.max.age.ms = 300000
	metadata.max.idle.ms = 300000
	metadata.recovery.strategy = none
	metric.reporters = []
	metrics.num.samples = 2
	metrics.recording.level = INFO
	metrics.sample.window.ms = 30000
	partitioner.adaptive.partitioning.enable = true
	partitioner.availability.timeout.ms = 0
	partitioner.class = null
	partitioner.ignore.keys = false
	receive.buffer.bytes = 32768
	reconnect.backoff.max.ms = 1000
	reconnect.backoff.ms = 50
	request.timeout.ms = 5000
	retries = 2147483647
	retry.backoff.max.ms = 1000
	retry.backoff.ms = 100
	sasl.client.callback.handler.class = null
	sasl.jaas.config = null
	sasl.kerberos.kinit.cmd = /usr/bin/kinit
	sasl.kerberos.min.time.before.relogin = 60000
	sasl.kerberos.service.name = null
	sasl.kerberos.ticket.renew.jitter = 0.05
	sasl.kerberos.ticket.renew.window.factor = 0.8
	sasl.login.callback.handler.class = null
	sasl.login.class = null
	sasl.login.connect.timeout.ms = null
	sasl.login.read.timeout.ms = null
	sasl.login.refresh.buffer.seconds = 300
	sasl.login.refresh.min.period.seconds = 60
	sasl.login.refresh.window.factor = 0.8
	sasl.login.refresh.window.jitter = 0.05
	sasl.login.retry.backoff.max.ms = 10000
	sasl.login.retry.backoff.ms = 100
	sasl.mechanism = GSSAPI
	sasl.oauthbearer.clock.skew.seconds = 30
	sasl.oauthbearer.expected.audience = null
	sasl.oauthbearer.expected.issuer = null
	sasl.oauthbearer.header.urlencode = false
	sasl.oauthbearer.jwks.endpoint.refresh.ms = 3600000
	sasl.oauthbearer.jwks.endpoint.retry.backoff.max.ms = 10000
	sasl.oauthbearer.jwks.endpoint.retry.backoff.ms = 100
	sasl.oauthbearer.jwks.endpoint.url = null
	sasl.oauthbearer.scope.claim.name = scope
	sasl.oauthbearer.sub.claim.name = sub
	sasl.oauthbearer.token.endpoint.url = null
	security.protocol = PLAINTEXT
	security.providers = null
	send.buffer.bytes = 131072
	socket.connection.setup.timeout.max.ms = 30000
	socket.connection.setup.timeout.ms = 10000
	ssl.cipher.suites = null
	ssl.enabled.protocols = [TLSv1.2, TLSv1.3]
	ssl.endpoint.identification.algorithm = https
	ssl.engine.factory.class = null
	ssl.key.password = null
	ssl.keymanager.algorithm = SunX509
	ssl.keystore.certificate.chain = null
	ssl.keystore.key = null
	ssl.keystore.location = null
	ssl.keystore.password = null
	ssl.keystore.type = JKS
	ssl.protocol = TLSv1.3
	ssl.provider = null
	ssl.secure.random.implementation = null
	ssl.trustmanager.algorithm = PKIX
	ssl.truststore.certificates = null
	ssl.truststore.location = null
	ssl.truststore.password = null
	ssl.truststore.type = JKS
	transaction.timeout.ms = 60000
	transactional.id = null
	value.serializer = class io.apicurio.registry.serde.avro.AvroKafkaSerializer

2025-08-13 18:19:45,415 INFO  [org.apa.kaf.com.tel.int.KafkaMetricsCollector] (main) initializing Kafka metrics collector
2025-08-13 18:19:45,421 INFO  [org.apa.kaf.cli.pro.KafkaProducer] (main) [Producer clientId=Producer-topic-9826be51_08df_47a4_8936_1a9c79b1d912] Instantiated an idempotent producer.
2025-08-13 18:19:45,425 INFO  [org.apa.kaf.cli.pro.ProducerConfig] (main) These configurations '[apicurio.registry.url, apicurio.registry.artifact-resolver-strategy]' were supplied but are not used yet.
2025-08-13 18:19:45,425 INFO  [org.apa.kaf.com.uti.AppInfoParser] (main) Kafka version: 3.9.1
2025-08-13 18:19:45,425 INFO  [org.apa.kaf.com.uti.AppInfoParser] (main) Kafka commitId: f745dfdcee2b9851
2025-08-13 18:19:45,425 INFO  [org.apa.kaf.com.uti.AppInfoParser] (main) Kafka startTimeMs: 1755109185425
2025-08-13 18:19:45,427 INFO  [io.api.tes.ser.api.KafkaSerdesTester] (Thread-729) Sending message {"keyB": "value-0"} to topic topic-9826be51_08df_47a4_8936_1a9c79b1d912
2025-08-13 18:19:45,431 WARN  [org.apa.kaf.cli.NetworkClient] (kafka-producer-network-thread | Producer-topic-9826be51_08df_47a4_8936_1a9c79b1d912) [Producer clientId=Producer-topic-9826be51_08df_47a4_8936_1a9c79b1d912] The metadata response from the cluster reported a recoverable issue with correlation id 1 : {topic-9826be51_08df_47a4_8936_1a9c79b1d912=UNKNOWN_TOPIC_OR_PARTITION}
2025-08-13 18:19:45,431 INFO  [org.apa.kaf.cli.Metadata] (kafka-producer-network-thread | Producer-topic-9826be51_08df_47a4_8936_1a9c79b1d912) [Producer clientId=Producer-topic-9826be51_08df_47a4_8936_1a9c79b1d912] Cluster ID: sAToZ0WATkWwuQb_OH8PpQ
2025-08-13 18:19:45,433 INFO  [org.apa.kaf.cli.pro.int.TransactionManager] (kafka-producer-network-thread | Producer-topic-9826be51_08df_47a4_8936_1a9c79b1d912) [Producer clientId=Producer-topic-9826be51_08df_47a4_8936_1a9c79b1d912] ProducerId set to 22 with epoch 0
2025-08-13 18:19:45,552 INFO  [DefaultSchemaResolver] (Thread-729) Retrieving schema content using string: {"type":"record","name":"myrecord","namespace":"mygroup","fields":[{"name":"keyB","type":"string"}]}
2025-08-13 18:19:45,691 INFO  [org.apa.kaf.cli.pro.KafkaProducer] (Thread-729) [Producer clientId=Producer-topic-9826be51_08df_47a4_8936_1a9c79b1d912] Closing the Kafka producer with timeoutMillis = 9223372036854775807 ms.
2025-08-13 18:19:45,694 INFO  [org.apa.kaf.com.met.Metrics] (Thread-729) Metrics scheduler closed
2025-08-13 18:19:45,694 INFO  [org.apa.kaf.com.met.Metrics] (Thread-729) Closing reporter org.apache.kafka.common.metrics.JmxReporter
2025-08-13 18:19:45,694 INFO  [org.apa.kaf.com.met.Metrics] (Thread-729) Closing reporter org.apache.kafka.common.telemetry.internals.ClientTelemetryReporter
2025-08-13 18:19:45,694 INFO  [org.apa.kaf.com.met.Metrics] (Thread-729) Metrics reporters closed
2025-08-13 18:19:45,694 INFO  [org.apa.kaf.com.uti.AppInfoParser] (Thread-729) App info kafka.producer for Producer-topic-9826be51_08df_47a4_8936_1a9c79b1d912 unregistered
2025-08-13 18:19:45,697 INFO  [org.ecl.jet.ser.Server] (main) Stopped Server@1898593{STOPPING}[11.0.15,sto=1000]
2025-08-13 18:19:45,697 INFO  [org.ecl.jet.ser.Server] (main) Shutdown Server@1898593{STOPPING}[11.0.15,sto=1000]
2025-08-13 18:19:45,701 INFO  [org.ecl.jet.ser.AbstractConnector] (main) Stopped NetworkTrafficServerConnector@ee1493e{HTTP/1.1, (http/1.1, h2c)}{0.0.0.0:0}
2025-08-13 18:19:45,704 INFO  [org.ecl.jet.ser.han.ContextHandler] (main) Stopped o.e.j.s.ServletContextHandler@7102b480{/,null,STOPPED}
2025-08-13 18:19:45,704 INFO  [org.ecl.jet.ser.han.ContextHandler] (main) Stopped o.e.j.s.ServletContextHandler@32730f12{/__admin,null,STOPPED}
2025-08-13 18:19:45,706 INFO  [io.api.tes.uti.TestSeparator] (main) io.apicurio.tests.serdes.apicurio.AvroSerdeIT.testFirstRequestFailsRateLimited-FINISHED
2025-08-13 18:19:45,706 INFO  [io.api.tes.uti.TestSeparator] (main) ############################################################################
Test passed: testFirstRequestFailsRateLimited
]]></system-out>
    <system-err><![CDATA[com.microsoft.kiota.ApiException: the server returned an unexpected status code and no error class is registered for this code 429
	at com.microsoft.kiota.ApiExceptionBuilder.withMessage(ApiExceptionBuilder.java:45)
	at io.kiota.http.vertx.VertXRequestAdapter.throwIfFailedResponse(VertXRequestAdapter.java:370)
	at io.kiota.http.vertx.VertXRequestAdapter.send(VertXRequestAdapter.java:170)
	at io.apicurio.registry.rest.client.search.versions.VersionsRequestBuilder.post(VersionsRequestBuilder.java:94)
	at io.apicurio.registry.resolver.client.RegistryClientFacadeImpl.searchVersionsByContent(RegistryClientFacadeImpl.java:106)
	at io.apicurio.registry.resolver.DefaultSchemaResolver.lambda$handleResolveSchemaByContent$3(DefaultSchemaResolver.java:258)
	at io.apicurio.registry.resolver.cache.ERCache.lambda$getValue$0(ERCache.java:174)
	at io.apicurio.registry.resolver.cache.ERCache.retry(ERCache.java:227)
	at io.apicurio.registry.resolver.cache.ERCache.getValue(ERCache.java:173)
	at io.apicurio.registry.resolver.cache.ERCache.getByContent(ERCache.java:147)
	at io.apicurio.registry.resolver.DefaultSchemaResolver.handleResolveSchemaByContent(DefaultSchemaResolver.java:253)
	at io.apicurio.registry.resolver.DefaultSchemaResolver.getSchemaFromRegistry(DefaultSchemaResolver.java:138)
	at io.apicurio.registry.resolver.DefaultSchemaResolver.lambda$resolveSchema$0(DefaultSchemaResolver.java:84)
	at java.base/java.util.Optional.orElseGet(Optional.java:364)
	at io.apicurio.registry.resolver.DefaultSchemaResolver.resolveSchema(DefaultSchemaResolver.java:84)
	at io.apicurio.registry.serde.AbstractSerializer.serializeData(AbstractSerializer.java:62)
	at io.apicurio.registry.serde.KafkaSerializer.serialize(KafkaSerializer.java:77)
	at org.apache.kafka.clients.producer.KafkaProducer.doSend(KafkaProducer.java:1046)
	at org.apache.kafka.clients.producer.KafkaProducer.send(KafkaProducer.java:993)
	at org.apache.kafka.clients.producer.KafkaProducer.send(KafkaProducer.java:875)
	at io.apicurio.tests.serdes.apicurio.KafkaSerdesTester.lambda$produceMessages$3(KafkaSerdesTester.java:138)
	at java.base/java.util.concurrent.CompletableFuture$AsyncSupply.run(CompletableFuture.java:1768)
	at java.base/java.lang.Thread.run(Thread.java:840)
]]></system-err>
  </testcase>
  <testcase name="testFirstEmptyFieldConfusedAsMagicByte" classname="io.apicurio.tests.serdes.apicurio.AvroSerdeIT" time="4.025">
    <system-out><![CDATA[2025-08-13 18:19:45,709 INFO  [io.api.tes.uti.TestSeparator] (main) ############################################################################
2025-08-13 18:19:45,709 INFO  [io.api.tes.uti.TestSeparator] (main) io.apicurio.tests.serdes.apicurio.AvroSerdeIT.testFirstEmptyFieldConfusedAsMagicByte-STARTED
**** Registry Base URL: http://registry-app-pg17.apps.ci419.apicurio-testing.org:80
2025-08-13 18:19:45,711 INFO  [org.apa.kaf.cli.pro.ProducerConfig] (main) ProducerConfig values: 
	acks = -1
	auto.include.jmx.reporter = true
	batch.size = 16384
	bootstrap.servers = [PLAINTEXT://localhost:32769]
	buffer.memory = 33554432
	client.dns.lookup = use_all_dns_ips
	client.id = Producer-topic-798cb348_6e1b_4f63_b417_9d2b48f5bcf5
	compression.gzip.level = -1
	compression.lz4.level = 9
	compression.type = none
	compression.zstd.level = 3
	connections.max.idle.ms = 10000
	delivery.timeout.ms = 120000
	enable.idempotence = true
	enable.metrics.push = true
	interceptor.classes = []
	key.serializer = class org.apache.kafka.common.serialization.StringSerializer
	linger.ms = 0
	max.block.ms = 60000
	max.in.flight.requests.per.connection = 5
	max.request.size = 1048576
	metadata.max.age.ms = 300000
	metadata.max.idle.ms = 300000
	metadata.recovery.strategy = none
	metric.reporters = []
	metrics.num.samples = 2
	metrics.recording.level = INFO
	metrics.sample.window.ms = 30000
	partitioner.adaptive.partitioning.enable = true
	partitioner.availability.timeout.ms = 0
	partitioner.class = null
	partitioner.ignore.keys = false
	receive.buffer.bytes = 32768
	reconnect.backoff.max.ms = 1000
	reconnect.backoff.ms = 50
	request.timeout.ms = 5000
	retries = 2147483647
	retry.backoff.max.ms = 1000
	retry.backoff.ms = 100
	sasl.client.callback.handler.class = null
	sasl.jaas.config = null
	sasl.kerberos.kinit.cmd = /usr/bin/kinit
	sasl.kerberos.min.time.before.relogin = 60000
	sasl.kerberos.service.name = null
	sasl.kerberos.ticket.renew.jitter = 0.05
	sasl.kerberos.ticket.renew.window.factor = 0.8
	sasl.login.callback.handler.class = null
	sasl.login.class = null
	sasl.login.connect.timeout.ms = null
	sasl.login.read.timeout.ms = null
	sasl.login.refresh.buffer.seconds = 300
	sasl.login.refresh.min.period.seconds = 60
	sasl.login.refresh.window.factor = 0.8
	sasl.login.refresh.window.jitter = 0.05
	sasl.login.retry.backoff.max.ms = 10000
	sasl.login.retry.backoff.ms = 100
	sasl.mechanism = GSSAPI
	sasl.oauthbearer.clock.skew.seconds = 30
	sasl.oauthbearer.expected.audience = null
	sasl.oauthbearer.expected.issuer = null
	sasl.oauthbearer.header.urlencode = false
	sasl.oauthbearer.jwks.endpoint.refresh.ms = 3600000
	sasl.oauthbearer.jwks.endpoint.retry.backoff.max.ms = 10000
	sasl.oauthbearer.jwks.endpoint.retry.backoff.ms = 100
	sasl.oauthbearer.jwks.endpoint.url = null
	sasl.oauthbearer.scope.claim.name = scope
	sasl.oauthbearer.sub.claim.name = sub
	sasl.oauthbearer.token.endpoint.url = null
	security.protocol = PLAINTEXT
	security.providers = null
	send.buffer.bytes = 131072
	socket.connection.setup.timeout.max.ms = 30000
	socket.connection.setup.timeout.ms = 10000
	ssl.cipher.suites = null
	ssl.enabled.protocols = [TLSv1.2, TLSv1.3]
	ssl.endpoint.identification.algorithm = https
	ssl.engine.factory.class = null
	ssl.key.password = null
	ssl.keymanager.algorithm = SunX509
	ssl.keystore.certificate.chain = null
	ssl.keystore.key = null
	ssl.keystore.location = null
	ssl.keystore.password = null
	ssl.keystore.type = JKS
	ssl.protocol = TLSv1.3
	ssl.provider = null
	ssl.secure.random.implementation = null
	ssl.trustmanager.algorithm = PKIX
	ssl.truststore.certificates = null
	ssl.truststore.location = null
	ssl.truststore.password = null
	ssl.truststore.type = JKS
	transaction.timeout.ms = 60000
	transactional.id = null
	value.serializer = class io.apicurio.registry.serde.avro.AvroKafkaSerializer

2025-08-13 18:19:45,711 INFO  [org.apa.kaf.com.tel.int.KafkaMetricsCollector] (main) initializing Kafka metrics collector
2025-08-13 18:19:45,714 INFO  [org.apa.kaf.cli.pro.KafkaProducer] (main) [Producer clientId=Producer-topic-798cb348_6e1b_4f63_b417_9d2b48f5bcf5] Instantiated an idempotent producer.
2025-08-13 18:19:45,716 INFO  [org.apa.kaf.cli.pro.ProducerConfig] (main) These configurations '[apicurio.registry.url, apicurio.registry.auto-register, apicurio.registry.artifact-resolver-strategy]' were supplied but are not used yet.
2025-08-13 18:19:45,716 INFO  [org.apa.kaf.com.uti.AppInfoParser] (main) Kafka version: 3.9.1
2025-08-13 18:19:45,716 INFO  [org.apa.kaf.com.uti.AppInfoParser] (main) Kafka commitId: f745dfdcee2b9851
2025-08-13 18:19:45,716 INFO  [org.apa.kaf.com.uti.AppInfoParser] (main) Kafka startTimeMs: 1755109185716
2025-08-13 18:19:45,716 INFO  [io.api.tes.ser.api.SimpleSerdesTesterBuilder$SimpleSerdesTester] (main) Using producer configuration: {apicurio.registry.url=http://registry-app-pg17.apps.ci419.apicurio-testing.org:80/apis/registry/v3, apicurio.registry.auto-register=true, apicurio.registry.artifact-resolver-strategy=io.apicurio.registry.serde.strategy.SimpleTopicIdStrategy, value.serializer=io.apicurio.registry.serde.avro.AvroKafkaSerializer, request.timeout.ms=5000, acks=all, bootstrap.servers=PLAINTEXT://localhost:32769, connections.max.idle.ms=10000, key.serializer=org.apache.kafka.common.serialization.StringSerializer, client.id=Producer-topic-798cb348_6e1b_4f63_b417_9d2b48f5bcf5}
2025-08-13 18:19:45,716 INFO  [io.api.tes.ser.api.SimpleSerdesTesterBuilder$SimpleSerdesTester] (main) Using consumer configuration: {}
2025-08-13 18:19:45,718 INFO  [io.api.tes.ser.api.KafkaSerdesTester] (Thread-732) Sending message {"username": null} to topic topic-798cb348_6e1b_4f63_b417_9d2b48f5bcf5
2025-08-13 18:19:45,723 WARN  [org.apa.kaf.cli.NetworkClient] (kafka-producer-network-thread | Producer-topic-798cb348_6e1b_4f63_b417_9d2b48f5bcf5) [Producer clientId=Producer-topic-798cb348_6e1b_4f63_b417_9d2b48f5bcf5] The metadata response from the cluster reported a recoverable issue with correlation id 1 : {topic-798cb348_6e1b_4f63_b417_9d2b48f5bcf5=UNKNOWN_TOPIC_OR_PARTITION}
2025-08-13 18:19:45,723 INFO  [org.apa.kaf.cli.Metadata] (kafka-producer-network-thread | Producer-topic-798cb348_6e1b_4f63_b417_9d2b48f5bcf5) [Producer clientId=Producer-topic-798cb348_6e1b_4f63_b417_9d2b48f5bcf5] Cluster ID: sAToZ0WATkWwuQb_OH8PpQ
2025-08-13 18:19:45,725 INFO  [org.apa.kaf.cli.pro.int.TransactionManager] (kafka-producer-network-thread | Producer-topic-798cb348_6e1b_4f63_b417_9d2b48f5bcf5) [Producer clientId=Producer-topic-798cb348_6e1b_4f63_b417_9d2b48f5bcf5] ProducerId set to 23 with epoch 0
2025-08-13 18:19:45,965 INFO  [io.api.tes.ser.api.KafkaSerdesTester] (Thread-732) Sending message {"username": null} to topic topic-798cb348_6e1b_4f63_b417_9d2b48f5bcf5
2025-08-13 18:19:45,966 INFO  [io.api.tes.ser.api.KafkaSerdesTester] (Thread-732) Sending message {"username": "value-2"} to topic topic-798cb348_6e1b_4f63_b417_9d2b48f5bcf5
2025-08-13 18:19:45,968 INFO  [io.api.tes.ser.api.KafkaSerdesTester] (Thread-732) Sending message {"username": null} to topic topic-798cb348_6e1b_4f63_b417_9d2b48f5bcf5
2025-08-13 18:19:45,969 INFO  [io.api.tes.ser.api.KafkaSerdesTester] (Thread-732) Sending message {"username": "value-4"} to topic topic-798cb348_6e1b_4f63_b417_9d2b48f5bcf5
2025-08-13 18:19:45,970 INFO  [io.api.tes.ser.api.KafkaSerdesTester] (Thread-732) Sending message {"username": null} to topic topic-798cb348_6e1b_4f63_b417_9d2b48f5bcf5
2025-08-13 18:19:45,971 INFO  [io.api.tes.ser.api.KafkaSerdesTester] (Thread-732) Sending message {"username": "value-6"} to topic topic-798cb348_6e1b_4f63_b417_9d2b48f5bcf5
2025-08-13 18:19:45,972 INFO  [io.api.tes.ser.api.KafkaSerdesTester] (Thread-732) Sending message {"username": null} to topic topic-798cb348_6e1b_4f63_b417_9d2b48f5bcf5
2025-08-13 18:19:45,974 INFO  [io.api.tes.ser.api.KafkaSerdesTester] (Thread-732) Sending message {"username": "value-8"} to topic topic-798cb348_6e1b_4f63_b417_9d2b48f5bcf5
2025-08-13 18:19:45,976 INFO  [io.api.tes.ser.api.KafkaSerdesTester] (Thread-732) Sending message {"username": null} to topic topic-798cb348_6e1b_4f63_b417_9d2b48f5bcf5
2025-08-13 18:19:45,978 INFO  [io.api.tes.ser.api.KafkaSerdesTester] (Thread-732) Produced 10 messages
2025-08-13 18:19:45,978 INFO  [org.apa.kaf.cli.pro.KafkaProducer] (Thread-732) [Producer clientId=Producer-topic-798cb348_6e1b_4f63_b417_9d2b48f5bcf5] Closing the Kafka producer with timeoutMillis = 9223372036854775807 ms.
2025-08-13 18:19:45,979 INFO  [org.apa.kaf.com.met.Metrics] (Thread-732) Metrics scheduler closed
2025-08-13 18:19:45,979 INFO  [org.apa.kaf.com.met.Metrics] (Thread-732) Closing reporter org.apache.kafka.common.metrics.JmxReporter
2025-08-13 18:19:45,979 INFO  [org.apa.kaf.com.met.Metrics] (Thread-732) Closing reporter org.apache.kafka.common.telemetry.internals.ClientTelemetryReporter
2025-08-13 18:19:45,979 INFO  [org.apa.kaf.com.met.Metrics] (Thread-732) Metrics reporters closed
2025-08-13 18:19:45,979 INFO  [org.apa.kaf.com.uti.AppInfoParser] (Thread-732) App info kafka.producer for Producer-topic-798cb348_6e1b_4f63_b417_9d2b48f5bcf5 unregistered
**** Registry Base URL: http://registry-app-pg17.apps.ci419.apicurio-testing.org:80
2025-08-13 18:19:46,068 INFO  [org.apa.kaf.cli.con.ConsumerConfig] (main) ConsumerConfig values: 
	allow.auto.create.topics = true
	auto.commit.interval.ms = 500
	auto.include.jmx.reporter = true
	auto.offset.reset = earliest
	bootstrap.servers = [PLAINTEXT://localhost:32769]
	check.crcs = true
	client.dns.lookup = use_all_dns_ips
	client.id = consumer-Consumer-topic-798cb348_6e1b_4f63_b417_9d2b48f5bcf5-17
	client.rack = 
	connections.max.idle.ms = 10000
	default.api.timeout.ms = 60000
	enable.auto.commit = true
	enable.metrics.push = true
	exclude.internal.topics = true
	fetch.max.bytes = 52428800
	fetch.max.wait.ms = 500
	fetch.min.bytes = 1
	group.id = Consumer-topic-798cb348_6e1b_4f63_b417_9d2b48f5bcf5
	group.instance.id = null
	group.protocol = classic
	group.remote.assignor = null
	heartbeat.interval.ms = 3000
	interceptor.classes = []
	internal.leave.group.on.close = true
	internal.throw.on.fetch.stable.offset.unsupported = false
	isolation.level = read_uncommitted
	key.deserializer = class org.apache.kafka.common.serialization.StringDeserializer
	max.partition.fetch.bytes = 1048576
	max.poll.interval.ms = 300000
	max.poll.records = 500
	metadata.max.age.ms = 300000
	metadata.recovery.strategy = none
	metric.reporters = []
	metrics.num.samples = 2
	metrics.recording.level = INFO
	metrics.sample.window.ms = 30000
	partition.assignment.strategy = [class org.apache.kafka.clients.consumer.RangeAssignor, class org.apache.kafka.clients.consumer.CooperativeStickyAssignor]
	receive.buffer.bytes = 65536
	reconnect.backoff.max.ms = 1000
	reconnect.backoff.ms = 50
	request.timeout.ms = 5000
	retry.backoff.max.ms = 1000
	retry.backoff.ms = 100
	sasl.client.callback.handler.class = null
	sasl.jaas.config = null
	sasl.kerberos.kinit.cmd = /usr/bin/kinit
	sasl.kerberos.min.time.before.relogin = 60000
	sasl.kerberos.service.name = null
	sasl.kerberos.ticket.renew.jitter = 0.05
	sasl.kerberos.ticket.renew.window.factor = 0.8
	sasl.login.callback.handler.class = null
	sasl.login.class = null
	sasl.login.connect.timeout.ms = null
	sasl.login.read.timeout.ms = null
	sasl.login.refresh.buffer.seconds = 300
	sasl.login.refresh.min.period.seconds = 60
	sasl.login.refresh.window.factor = 0.8
	sasl.login.refresh.window.jitter = 0.05
	sasl.login.retry.backoff.max.ms = 10000
	sasl.login.retry.backoff.ms = 100
	sasl.mechanism = GSSAPI
	sasl.oauthbearer.clock.skew.seconds = 30
	sasl.oauthbearer.expected.audience = null
	sasl.oauthbearer.expected.issuer = null
	sasl.oauthbearer.header.urlencode = false
	sasl.oauthbearer.jwks.endpoint.refresh.ms = 3600000
	sasl.oauthbearer.jwks.endpoint.retry.backoff.max.ms = 10000
	sasl.oauthbearer.jwks.endpoint.retry.backoff.ms = 100
	sasl.oauthbearer.jwks.endpoint.url = null
	sasl.oauthbearer.scope.claim.name = scope
	sasl.oauthbearer.sub.claim.name = sub
	sasl.oauthbearer.token.endpoint.url = null
	security.protocol = PLAINTEXT
	security.providers = null
	send.buffer.bytes = 131072
	session.timeout.ms = 45000
	socket.connection.setup.timeout.max.ms = 30000
	socket.connection.setup.timeout.ms = 10000
	ssl.cipher.suites = null
	ssl.enabled.protocols = [TLSv1.2, TLSv1.3]
	ssl.endpoint.identification.algorithm = https
	ssl.engine.factory.class = null
	ssl.key.password = null
	ssl.keymanager.algorithm = SunX509
	ssl.keystore.certificate.chain = null
	ssl.keystore.key = null
	ssl.keystore.location = null
	ssl.keystore.password = null
	ssl.keystore.type = JKS
	ssl.protocol = TLSv1.3
	ssl.provider = null
	ssl.secure.random.implementation = null
	ssl.trustmanager.algorithm = PKIX
	ssl.truststore.certificates = null
	ssl.truststore.location = null
	ssl.truststore.password = null
	ssl.truststore.type = JKS
	value.deserializer = class io.apicurio.registry.serde.avro.AvroKafkaDeserializer

2025-08-13 18:19:46,069 INFO  [org.apa.kaf.com.tel.int.KafkaMetricsCollector] (main) initializing Kafka metrics collector
2025-08-13 18:19:46,075 INFO  [org.apa.kaf.cli.con.ConsumerConfig] (main) These configurations '[apicurio.registry.url]' were supplied but are not used yet.
2025-08-13 18:19:46,076 INFO  [org.apa.kaf.com.uti.AppInfoParser] (main) Kafka version: 3.9.1
2025-08-13 18:19:46,076 INFO  [org.apa.kaf.com.uti.AppInfoParser] (main) Kafka commitId: f745dfdcee2b9851
2025-08-13 18:19:46,076 INFO  [org.apa.kaf.com.uti.AppInfoParser] (main) Kafka startTimeMs: 1755109186076
2025-08-13 18:19:46,077 INFO  [org.apa.kaf.cli.con.int.ClassicKafkaConsumer] (Thread-735) [Consumer clientId=consumer-Consumer-topic-798cb348_6e1b_4f63_b417_9d2b48f5bcf5-17, groupId=Consumer-topic-798cb348_6e1b_4f63_b417_9d2b48f5bcf5] Subscribed to topic(s): topic-798cb348_6e1b_4f63_b417_9d2b48f5bcf5
2025-08-13 18:19:46,082 INFO  [org.apa.kaf.cli.Metadata] (Thread-735) [Consumer clientId=consumer-Consumer-topic-798cb348_6e1b_4f63_b417_9d2b48f5bcf5-17, groupId=Consumer-topic-798cb348_6e1b_4f63_b417_9d2b48f5bcf5] Cluster ID: sAToZ0WATkWwuQb_OH8PpQ
2025-08-13 18:19:46,082 INFO  [org.apa.kaf.cli.con.int.ConsumerCoordinator] (Thread-735) [Consumer clientId=consumer-Consumer-topic-798cb348_6e1b_4f63_b417_9d2b48f5bcf5-17, groupId=Consumer-topic-798cb348_6e1b_4f63_b417_9d2b48f5bcf5] Discovered group coordinator localhost:32769 (id: 2147483647 rack: null)
2025-08-13 18:19:46,084 INFO  [org.apa.kaf.cli.con.int.ConsumerCoordinator] (Thread-735) [Consumer clientId=consumer-Consumer-topic-798cb348_6e1b_4f63_b417_9d2b48f5bcf5-17, groupId=Consumer-topic-798cb348_6e1b_4f63_b417_9d2b48f5bcf5] (Re-)joining group
2025-08-13 18:19:46,087 INFO  [org.apa.kaf.cli.con.int.ConsumerCoordinator] (Thread-735) [Consumer clientId=consumer-Consumer-topic-798cb348_6e1b_4f63_b417_9d2b48f5bcf5-17, groupId=Consumer-topic-798cb348_6e1b_4f63_b417_9d2b48f5bcf5] Request joining group due to: need to re-join with the given member-id: consumer-Consumer-topic-798cb348_6e1b_4f63_b417_9d2b48f5bcf5-17-bb7916f6-989b-47ec-9bfb-ac754ac4e1b0
2025-08-13 18:19:46,087 INFO  [org.apa.kaf.cli.con.int.ConsumerCoordinator] (Thread-735) [Consumer clientId=consumer-Consumer-topic-798cb348_6e1b_4f63_b417_9d2b48f5bcf5-17, groupId=Consumer-topic-798cb348_6e1b_4f63_b417_9d2b48f5bcf5] (Re-)joining group
2025-08-13 18:19:47,078 INFO  [io.api.tes.ser.api.KafkaSerdesTester] (Thread-735) None found
2025-08-13 18:19:48,078 INFO  [io.api.tes.ser.api.KafkaSerdesTester] (Thread-735) None found
2025-08-13 18:19:49,079 INFO  [io.api.tes.ser.api.KafkaSerdesTester] (Thread-735) None found
2025-08-13 18:19:49,089 INFO  [org.apa.kaf.cli.con.int.ConsumerCoordinator] (Thread-735) [Consumer clientId=consumer-Consumer-topic-798cb348_6e1b_4f63_b417_9d2b48f5bcf5-17, groupId=Consumer-topic-798cb348_6e1b_4f63_b417_9d2b48f5bcf5] Successfully joined group with generation Generation{generationId=1, memberId='consumer-Consumer-topic-798cb348_6e1b_4f63_b417_9d2b48f5bcf5-17-bb7916f6-989b-47ec-9bfb-ac754ac4e1b0', protocol='range'}
2025-08-13 18:19:49,090 INFO  [org.apa.kaf.cli.con.int.ConsumerCoordinator] (Thread-735) [Consumer clientId=consumer-Consumer-topic-798cb348_6e1b_4f63_b417_9d2b48f5bcf5-17, groupId=Consumer-topic-798cb348_6e1b_4f63_b417_9d2b48f5bcf5] Finished assignment for group at generation 1: {consumer-Consumer-topic-798cb348_6e1b_4f63_b417_9d2b48f5bcf5-17-bb7916f6-989b-47ec-9bfb-ac754ac4e1b0=Assignment(partitions=[topic-798cb348_6e1b_4f63_b417_9d2b48f5bcf5-0])}
2025-08-13 18:19:49,097 INFO  [org.apa.kaf.cli.con.int.ConsumerCoordinator] (Thread-735) [Consumer clientId=consumer-Consumer-topic-798cb348_6e1b_4f63_b417_9d2b48f5bcf5-17, groupId=Consumer-topic-798cb348_6e1b_4f63_b417_9d2b48f5bcf5] Successfully synced group in generation Generation{generationId=1, memberId='consumer-Consumer-topic-798cb348_6e1b_4f63_b417_9d2b48f5bcf5-17-bb7916f6-989b-47ec-9bfb-ac754ac4e1b0', protocol='range'}
2025-08-13 18:19:49,097 INFO  [org.apa.kaf.cli.con.int.ConsumerCoordinator] (Thread-735) [Consumer clientId=consumer-Consumer-topic-798cb348_6e1b_4f63_b417_9d2b48f5bcf5-17, groupId=Consumer-topic-798cb348_6e1b_4f63_b417_9d2b48f5bcf5] Notifying assignor about the new Assignment(partitions=[topic-798cb348_6e1b_4f63_b417_9d2b48f5bcf5-0])
2025-08-13 18:19:49,097 INFO  [org.apa.kaf.cli.con.int.ConsumerRebalanceListenerInvoker] (Thread-735) [Consumer clientId=consumer-Consumer-topic-798cb348_6e1b_4f63_b417_9d2b48f5bcf5-17, groupId=Consumer-topic-798cb348_6e1b_4f63_b417_9d2b48f5bcf5] Adding newly assigned partitions: topic-798cb348_6e1b_4f63_b417_9d2b48f5bcf5-0
2025-08-13 18:19:49,098 INFO  [org.apa.kaf.cli.con.int.ConsumerCoordinator] (Thread-735) [Consumer clientId=consumer-Consumer-topic-798cb348_6e1b_4f63_b417_9d2b48f5bcf5-17, groupId=Consumer-topic-798cb348_6e1b_4f63_b417_9d2b48f5bcf5] Found no committed offset for partition topic-798cb348_6e1b_4f63_b417_9d2b48f5bcf5-0
2025-08-13 18:19:49,101 INFO  [org.apa.kaf.cli.con.int.SubscriptionState] (Thread-735) [Consumer clientId=consumer-Consumer-topic-798cb348_6e1b_4f63_b417_9d2b48f5bcf5-17, groupId=Consumer-topic-798cb348_6e1b_4f63_b417_9d2b48f5bcf5] Resetting offset for partition topic-798cb348_6e1b_4f63_b417_9d2b48f5bcf5-0 to position FetchPosition{offset=0, offsetEpoch=Optional.empty, currentLeader=LeaderAndEpoch{leader=Optional[localhost:32769 (id: 0 rack: null)], epoch=0}}.
2025-08-13 18:19:49,228 INFO  [io.api.tes.ser.api.KafkaSerdesTester] (Thread-735) topic-798cb348_6e1b_4f63_b417_9d2b48f5bcf5 0 0 {"username": null}
2025-08-13 18:19:49,228 INFO  [io.api.tes.ser.api.KafkaSerdesTester] (Thread-735) topic-798cb348_6e1b_4f63_b417_9d2b48f5bcf5 0 1 {"username": null}
2025-08-13 18:19:49,228 INFO  [io.api.tes.ser.api.KafkaSerdesTester] (Thread-735) topic-798cb348_6e1b_4f63_b417_9d2b48f5bcf5 0 2 {"username": "value-2"}
2025-08-13 18:19:49,228 INFO  [io.api.tes.ser.api.KafkaSerdesTester] (Thread-735) topic-798cb348_6e1b_4f63_b417_9d2b48f5bcf5 0 3 {"username": null}
2025-08-13 18:19:49,228 INFO  [io.api.tes.ser.api.KafkaSerdesTester] (Thread-735) topic-798cb348_6e1b_4f63_b417_9d2b48f5bcf5 0 4 {"username": "value-4"}
2025-08-13 18:19:49,228 INFO  [io.api.tes.ser.api.KafkaSerdesTester] (Thread-735) topic-798cb348_6e1b_4f63_b417_9d2b48f5bcf5 0 5 {"username": null}
2025-08-13 18:19:49,228 INFO  [io.api.tes.ser.api.KafkaSerdesTester] (Thread-735) topic-798cb348_6e1b_4f63_b417_9d2b48f5bcf5 0 6 {"username": "value-6"}
2025-08-13 18:19:49,228 INFO  [io.api.tes.ser.api.KafkaSerdesTester] (Thread-735) topic-798cb348_6e1b_4f63_b417_9d2b48f5bcf5 0 7 {"username": null}
2025-08-13 18:19:49,228 INFO  [io.api.tes.ser.api.KafkaSerdesTester] (Thread-735) topic-798cb348_6e1b_4f63_b417_9d2b48f5bcf5 0 8 {"username": "value-8"}
2025-08-13 18:19:49,228 INFO  [io.api.tes.ser.api.KafkaSerdesTester] (Thread-735) topic-798cb348_6e1b_4f63_b417_9d2b48f5bcf5 0 9 {"username": null}
2025-08-13 18:19:49,228 INFO  [io.api.tes.ser.api.KafkaSerdesTester] (Thread-735) Consumed 10 messages
2025-08-13 18:19:49,235 INFO  [org.apa.kaf.cli.con.int.ConsumerRebalanceListenerInvoker] (Thread-735) [Consumer clientId=consumer-Consumer-topic-798cb348_6e1b_4f63_b417_9d2b48f5bcf5-17, groupId=Consumer-topic-798cb348_6e1b_4f63_b417_9d2b48f5bcf5] Revoke previously assigned partitions topic-798cb348_6e1b_4f63_b417_9d2b48f5bcf5-0
2025-08-13 18:19:49,235 INFO  [org.apa.kaf.cli.con.int.ConsumerCoordinator] (Thread-735) [Consumer clientId=consumer-Consumer-topic-798cb348_6e1b_4f63_b417_9d2b48f5bcf5-17, groupId=Consumer-topic-798cb348_6e1b_4f63_b417_9d2b48f5bcf5] Member consumer-Consumer-topic-798cb348_6e1b_4f63_b417_9d2b48f5bcf5-17-bb7916f6-989b-47ec-9bfb-ac754ac4e1b0 sending LeaveGroup request to coordinator localhost:32769 (id: 2147483647 rack: null) due to the consumer is being closed
2025-08-13 18:19:49,235 INFO  [org.apa.kaf.cli.con.int.ConsumerCoordinator] (Thread-735) [Consumer clientId=consumer-Consumer-topic-798cb348_6e1b_4f63_b417_9d2b48f5bcf5-17, groupId=Consumer-topic-798cb348_6e1b_4f63_b417_9d2b48f5bcf5] Resetting generation and member id due to: consumer pro-actively leaving the group
2025-08-13 18:19:49,235 INFO  [org.apa.kaf.cli.con.int.ConsumerCoordinator] (Thread-735) [Consumer clientId=consumer-Consumer-topic-798cb348_6e1b_4f63_b417_9d2b48f5bcf5-17, groupId=Consumer-topic-798cb348_6e1b_4f63_b417_9d2b48f5bcf5] Request joining group due to: consumer pro-actively leaving the group
2025-08-13 18:19:49,730 INFO  [org.apa.kaf.com.met.Metrics] (Thread-735) Metrics scheduler closed
2025-08-13 18:19:49,730 INFO  [org.apa.kaf.com.met.Metrics] (Thread-735) Closing reporter org.apache.kafka.common.metrics.JmxReporter
2025-08-13 18:19:49,730 INFO  [org.apa.kaf.com.met.Metrics] (Thread-735) Closing reporter org.apache.kafka.common.telemetry.internals.ClientTelemetryReporter
2025-08-13 18:19:49,730 INFO  [org.apa.kaf.com.met.Metrics] (Thread-735) Metrics reporters closed
2025-08-13 18:19:49,732 INFO  [org.apa.kaf.com.uti.AppInfoParser] (Thread-735) App info kafka.consumer for consumer-Consumer-topic-798cb348_6e1b_4f63_b417_9d2b48f5bcf5-17 unregistered
2025-08-13 18:19:49,733 INFO  [io.api.tes.uti.TestSeparator] (main) io.apicurio.tests.serdes.apicurio.AvroSerdeIT.testFirstEmptyFieldConfusedAsMagicByte-FINISHED
2025-08-13 18:19:49,733 INFO  [io.api.tes.uti.TestSeparator] (main) ############################################################################
Test passed: testFirstEmptyFieldConfusedAsMagicByte
]]></system-out>
  </testcase>
  <testcase name="testAvroSerDesFailDifferentSchemaByContent" classname="io.apicurio.tests.serdes.apicurio.AvroSerdeIT" time="1.255">
    <system-out><![CDATA[2025-08-13 18:19:49,737 INFO  [io.api.tes.uti.TestSeparator] (main) ############################################################################
2025-08-13 18:19:49,737 INFO  [io.api.tes.uti.TestSeparator] (main) io.apicurio.tests.serdes.apicurio.AvroSerdeIT.testAvroSerDesFailDifferentSchemaByContent-STARTED
**** Registry Base URL: http://registry-app-pg17.apps.ci419.apicurio-testing.org:80
2025-08-13 18:19:50,848 INFO  [org.apa.kaf.cli.pro.ProducerConfig] (main) ProducerConfig values: 
	acks = -1
	auto.include.jmx.reporter = true
	batch.size = 16384
	bootstrap.servers = [PLAINTEXT://localhost:32769]
	buffer.memory = 33554432
	client.dns.lookup = use_all_dns_ips
	client.id = Producer-topic-95c29fdf_0568_4703_a1cf_666fb93ab0a4
	compression.gzip.level = -1
	compression.lz4.level = 9
	compression.type = none
	compression.zstd.level = 3
	connections.max.idle.ms = 10000
	delivery.timeout.ms = 120000
	enable.idempotence = true
	enable.metrics.push = true
	interceptor.classes = []
	key.serializer = class org.apache.kafka.common.serialization.StringSerializer
	linger.ms = 0
	max.block.ms = 60000
	max.in.flight.requests.per.connection = 5
	max.request.size = 1048576
	metadata.max.age.ms = 300000
	metadata.max.idle.ms = 300000
	metadata.recovery.strategy = none
	metric.reporters = []
	metrics.num.samples = 2
	metrics.recording.level = INFO
	metrics.sample.window.ms = 30000
	partitioner.adaptive.partitioning.enable = true
	partitioner.availability.timeout.ms = 0
	partitioner.class = null
	partitioner.ignore.keys = false
	receive.buffer.bytes = 32768
	reconnect.backoff.max.ms = 1000
	reconnect.backoff.ms = 50
	request.timeout.ms = 5000
	retries = 2147483647
	retry.backoff.max.ms = 1000
	retry.backoff.ms = 100
	sasl.client.callback.handler.class = null
	sasl.jaas.config = null
	sasl.kerberos.kinit.cmd = /usr/bin/kinit
	sasl.kerberos.min.time.before.relogin = 60000
	sasl.kerberos.service.name = null
	sasl.kerberos.ticket.renew.jitter = 0.05
	sasl.kerberos.ticket.renew.window.factor = 0.8
	sasl.login.callback.handler.class = null
	sasl.login.class = null
	sasl.login.connect.timeout.ms = null
	sasl.login.read.timeout.ms = null
	sasl.login.refresh.buffer.seconds = 300
	sasl.login.refresh.min.period.seconds = 60
	sasl.login.refresh.window.factor = 0.8
	sasl.login.refresh.window.jitter = 0.05
	sasl.login.retry.backoff.max.ms = 10000
	sasl.login.retry.backoff.ms = 100
	sasl.mechanism = GSSAPI
	sasl.oauthbearer.clock.skew.seconds = 30
	sasl.oauthbearer.expected.audience = null
	sasl.oauthbearer.expected.issuer = null
	sasl.oauthbearer.header.urlencode = false
	sasl.oauthbearer.jwks.endpoint.refresh.ms = 3600000
	sasl.oauthbearer.jwks.endpoint.retry.backoff.max.ms = 10000
	sasl.oauthbearer.jwks.endpoint.retry.backoff.ms = 100
	sasl.oauthbearer.jwks.endpoint.url = null
	sasl.oauthbearer.scope.claim.name = scope
	sasl.oauthbearer.sub.claim.name = sub
	sasl.oauthbearer.token.endpoint.url = null
	security.protocol = PLAINTEXT
	security.providers = null
	send.buffer.bytes = 131072
	socket.connection.setup.timeout.max.ms = 30000
	socket.connection.setup.timeout.ms = 10000
	ssl.cipher.suites = null
	ssl.enabled.protocols = [TLSv1.2, TLSv1.3]
	ssl.endpoint.identification.algorithm = https
	ssl.engine.factory.class = null
	ssl.key.password = null
	ssl.keymanager.algorithm = SunX509
	ssl.keystore.certificate.chain = null
	ssl.keystore.key = null
	ssl.keystore.location = null
	ssl.keystore.password = null
	ssl.keystore.type = JKS
	ssl.protocol = TLSv1.3
	ssl.provider = null
	ssl.secure.random.implementation = null
	ssl.trustmanager.algorithm = PKIX
	ssl.truststore.certificates = null
	ssl.truststore.location = null
	ssl.truststore.password = null
	ssl.truststore.type = JKS
	transaction.timeout.ms = 60000
	transactional.id = null
	value.serializer = class io.apicurio.registry.serde.avro.AvroKafkaSerializer

2025-08-13 18:19:50,848 INFO  [org.apa.kaf.com.tel.int.KafkaMetricsCollector] (main) initializing Kafka metrics collector
2025-08-13 18:19:50,851 INFO  [org.apa.kaf.cli.pro.KafkaProducer] (main) [Producer clientId=Producer-topic-95c29fdf_0568_4703_a1cf_666fb93ab0a4] Instantiated an idempotent producer.
2025-08-13 18:19:50,853 INFO  [org.apa.kaf.cli.pro.ProducerConfig] (main) These configurations '[apicurio.registry.url, apicurio.registry.artifact-resolver-strategy]' were supplied but are not used yet.
2025-08-13 18:19:50,853 INFO  [org.apa.kaf.com.uti.AppInfoParser] (main) Kafka version: 3.9.1
2025-08-13 18:19:50,853 INFO  [org.apa.kaf.com.uti.AppInfoParser] (main) Kafka commitId: f745dfdcee2b9851
2025-08-13 18:19:50,853 INFO  [org.apa.kaf.com.uti.AppInfoParser] (main) Kafka startTimeMs: 1755109190853
2025-08-13 18:19:50,854 INFO  [io.api.tes.ser.api.KafkaSerdesTester] (Thread-738) Sending message {"keyB": "value-0"} to topic topic-95c29fdf_0568_4703_a1cf_666fb93ab0a4
2025-08-13 18:19:50,857 INFO  [org.apa.kaf.cli.Metadata] (kafka-producer-network-thread | Producer-topic-95c29fdf_0568_4703_a1cf_666fb93ab0a4) [Producer clientId=Producer-topic-95c29fdf_0568_4703_a1cf_666fb93ab0a4] Cluster ID: sAToZ0WATkWwuQb_OH8PpQ
2025-08-13 18:19:50,858 INFO  [DefaultSchemaResolver] (Thread-738) Retrieving schema content using string: {"type":"record","name":"s5514f27fx4968x414cx85c7xc3eb216681c7","namespace":"sbe58f7aax9e04x4cdbxabe4xd969e14ae0ce","fields":[{"name":"keyB","type":"string"}]}
2025-08-13 18:19:50,859 INFO  [org.apa.kaf.cli.pro.int.TransactionManager] (kafka-producer-network-thread | Producer-topic-95c29fdf_0568_4703_a1cf_666fb93ab0a4) [Producer clientId=Producer-topic-95c29fdf_0568_4703_a1cf_666fb93ab0a4] ProducerId set to 24 with epoch 0
2025-08-13 18:19:50,979 INFO  [org.apa.kaf.cli.pro.KafkaProducer] (Thread-738) [Producer clientId=Producer-topic-95c29fdf_0568_4703_a1cf_666fb93ab0a4] Closing the Kafka producer with timeoutMillis = 9223372036854775807 ms.
2025-08-13 18:19:50,989 INFO  [org.apa.kaf.com.met.Metrics] (Thread-738) Metrics scheduler closed
2025-08-13 18:19:50,989 INFO  [org.apa.kaf.com.met.Metrics] (Thread-738) Closing reporter org.apache.kafka.common.metrics.JmxReporter
2025-08-13 18:19:50,989 INFO  [org.apa.kaf.com.met.Metrics] (Thread-738) Closing reporter org.apache.kafka.common.telemetry.internals.ClientTelemetryReporter
2025-08-13 18:19:50,989 INFO  [org.apa.kaf.com.met.Metrics] (Thread-738) Metrics reporters closed
2025-08-13 18:19:50,989 INFO  [org.apa.kaf.com.uti.AppInfoParser] (Thread-738) App info kafka.producer for Producer-topic-95c29fdf_0568_4703_a1cf_666fb93ab0a4 unregistered
2025-08-13 18:19:50,989 INFO  [io.api.tes.uti.TestSeparator] (main) io.apicurio.tests.serdes.apicurio.AvroSerdeIT.testAvroSerDesFailDifferentSchemaByContent-FINISHED
2025-08-13 18:19:50,989 INFO  [io.api.tes.uti.TestSeparator] (main) ############################################################################
Test passed: testAvroSerDesFailDifferentSchemaByContent
]]></system-out>
    <system-err><![CDATA[java.lang.RuntimeException: Could not resolve artifact reference by content: {"type":"record","name":"s5514f27fx4968x414cx85c7xc3eb216681c7","namespace":"sbe58f7aax9e04x4cdbxabe4xd969e14ae0ce","fields":[{"name":"keyB","type":"string"}]}&ArtifactReference [groupId=sbe58f7aax9e04x4cdbxabe4xd969e14ae0ce, artifactId=s5514f27fx4968x414cx85c7xc3eb216681c7, version=null, globalId=null, contentId=null, contentHash=null]
	at io.apicurio.registry.resolver.DefaultSchemaResolver.lambda$handleResolveSchemaByContent$3(DefaultSchemaResolver.java:265)
	at io.apicurio.registry.resolver.cache.ERCache.lambda$getValue$0(ERCache.java:174)
	at io.apicurio.registry.resolver.cache.ERCache.retry(ERCache.java:227)
	at io.apicurio.registry.resolver.cache.ERCache.getValue(ERCache.java:173)
	at io.apicurio.registry.resolver.cache.ERCache.getByContent(ERCache.java:147)
	at io.apicurio.registry.resolver.DefaultSchemaResolver.handleResolveSchemaByContent(DefaultSchemaResolver.java:253)
	at io.apicurio.registry.resolver.DefaultSchemaResolver.getSchemaFromRegistry(DefaultSchemaResolver.java:138)
	at io.apicurio.registry.resolver.DefaultSchemaResolver.lambda$resolveSchema$0(DefaultSchemaResolver.java:84)
	at java.base/java.util.Optional.orElseGet(Optional.java:364)
	at io.apicurio.registry.resolver.DefaultSchemaResolver.resolveSchema(DefaultSchemaResolver.java:84)
	at io.apicurio.registry.serde.AbstractSerializer.serializeData(AbstractSerializer.java:62)
	at io.apicurio.registry.serde.KafkaSerializer.serialize(KafkaSerializer.java:77)
	at org.apache.kafka.clients.producer.KafkaProducer.doSend(KafkaProducer.java:1046)
	at org.apache.kafka.clients.producer.KafkaProducer.send(KafkaProducer.java:993)
	at org.apache.kafka.clients.producer.KafkaProducer.send(KafkaProducer.java:875)
	at io.apicurio.tests.serdes.apicurio.KafkaSerdesTester.lambda$produceMessages$3(KafkaSerdesTester.java:138)
	at java.base/java.util.concurrent.CompletableFuture$AsyncSupply.run(CompletableFuture.java:1768)
	at java.base/java.lang.Thread.run(Thread.java:840)
]]></system-err>
  </testcase>
  <testcase name="testGlobalIdInBody" classname="io.apicurio.tests.serdes.apicurio.AvroSerdeIT" time="4.026">
    <system-out><![CDATA[2025-08-13 18:19:50,991 INFO  [io.api.tes.uti.TestSeparator] (main) ############################################################################
2025-08-13 18:19:50,991 INFO  [io.api.tes.uti.TestSeparator] (main) io.apicurio.tests.serdes.apicurio.AvroSerdeIT.testGlobalIdInBody-STARTED
**** Registry Base URL: http://registry-app-pg17.apps.ci419.apicurio-testing.org:80
2025-08-13 18:19:50,999 INFO  [org.apa.kaf.cli.pro.ProducerConfig] (main) ProducerConfig values: 
	acks = -1
	auto.include.jmx.reporter = true
	batch.size = 16384
	bootstrap.servers = [PLAINTEXT://localhost:32769]
	buffer.memory = 33554432
	client.dns.lookup = use_all_dns_ips
	client.id = Producer-topic-e711e1fe_05ff_4d70_9807_b9db7fec814f
	compression.gzip.level = -1
	compression.lz4.level = 9
	compression.type = none
	compression.zstd.level = 3
	connections.max.idle.ms = 10000
	delivery.timeout.ms = 120000
	enable.idempotence = true
	enable.metrics.push = true
	interceptor.classes = []
	key.serializer = class org.apache.kafka.common.serialization.StringSerializer
	linger.ms = 0
	max.block.ms = 60000
	max.in.flight.requests.per.connection = 5
	max.request.size = 1048576
	metadata.max.age.ms = 300000
	metadata.max.idle.ms = 300000
	metadata.recovery.strategy = none
	metric.reporters = []
	metrics.num.samples = 2
	metrics.recording.level = INFO
	metrics.sample.window.ms = 30000
	partitioner.adaptive.partitioning.enable = true
	partitioner.availability.timeout.ms = 0
	partitioner.class = null
	partitioner.ignore.keys = false
	receive.buffer.bytes = 32768
	reconnect.backoff.max.ms = 1000
	reconnect.backoff.ms = 50
	request.timeout.ms = 5000
	retries = 2147483647
	retry.backoff.max.ms = 1000
	retry.backoff.ms = 100
	sasl.client.callback.handler.class = null
	sasl.jaas.config = null
	sasl.kerberos.kinit.cmd = /usr/bin/kinit
	sasl.kerberos.min.time.before.relogin = 60000
	sasl.kerberos.service.name = null
	sasl.kerberos.ticket.renew.jitter = 0.05
	sasl.kerberos.ticket.renew.window.factor = 0.8
	sasl.login.callback.handler.class = null
	sasl.login.class = null
	sasl.login.connect.timeout.ms = null
	sasl.login.read.timeout.ms = null
	sasl.login.refresh.buffer.seconds = 300
	sasl.login.refresh.min.period.seconds = 60
	sasl.login.refresh.window.factor = 0.8
	sasl.login.refresh.window.jitter = 0.05
	sasl.login.retry.backoff.max.ms = 10000
	sasl.login.retry.backoff.ms = 100
	sasl.mechanism = GSSAPI
	sasl.oauthbearer.clock.skew.seconds = 30
	sasl.oauthbearer.expected.audience = null
	sasl.oauthbearer.expected.issuer = null
	sasl.oauthbearer.header.urlencode = false
	sasl.oauthbearer.jwks.endpoint.refresh.ms = 3600000
	sasl.oauthbearer.jwks.endpoint.retry.backoff.max.ms = 10000
	sasl.oauthbearer.jwks.endpoint.retry.backoff.ms = 100
	sasl.oauthbearer.jwks.endpoint.url = null
	sasl.oauthbearer.scope.claim.name = scope
	sasl.oauthbearer.sub.claim.name = sub
	sasl.oauthbearer.token.endpoint.url = null
	security.protocol = PLAINTEXT
	security.providers = null
	send.buffer.bytes = 131072
	socket.connection.setup.timeout.max.ms = 30000
	socket.connection.setup.timeout.ms = 10000
	ssl.cipher.suites = null
	ssl.enabled.protocols = [TLSv1.2, TLSv1.3]
	ssl.endpoint.identification.algorithm = https
	ssl.engine.factory.class = null
	ssl.key.password = null
	ssl.keymanager.algorithm = SunX509
	ssl.keystore.certificate.chain = null
	ssl.keystore.key = null
	ssl.keystore.location = null
	ssl.keystore.password = null
	ssl.keystore.type = JKS
	ssl.protocol = TLSv1.3
	ssl.provider = null
	ssl.secure.random.implementation = null
	ssl.trustmanager.algorithm = PKIX
	ssl.truststore.certificates = null
	ssl.truststore.location = null
	ssl.truststore.password = null
	ssl.truststore.type = JKS
	transaction.timeout.ms = 60000
	transactional.id = null
	value.serializer = class io.apicurio.registry.serde.avro.AvroKafkaSerializer

2025-08-13 18:19:51,000 INFO  [org.apa.kaf.com.tel.int.KafkaMetricsCollector] (main) initializing Kafka metrics collector
2025-08-13 18:19:51,004 INFO  [org.apa.kaf.cli.pro.KafkaProducer] (main) [Producer clientId=Producer-topic-e711e1fe_05ff_4d70_9807_b9db7fec814f] Instantiated an idempotent producer.
2025-08-13 18:19:51,006 INFO  [org.apa.kaf.cli.pro.ProducerConfig] (main) These configurations '[apicurio.registry.url, apicurio.registry.auto-register, apicurio.registry.use-id, apicurio.registry.artifact-resolver-strategy]' were supplied but are not used yet.
2025-08-13 18:19:51,006 INFO  [org.apa.kaf.com.uti.AppInfoParser] (main) Kafka version: 3.9.1
2025-08-13 18:19:51,006 INFO  [org.apa.kaf.com.uti.AppInfoParser] (main) Kafka commitId: f745dfdcee2b9851
2025-08-13 18:19:51,006 INFO  [org.apa.kaf.com.uti.AppInfoParser] (main) Kafka startTimeMs: 1755109191006
2025-08-13 18:19:51,006 INFO  [io.api.tes.ser.api.SimpleSerdesTesterBuilder$SimpleSerdesTester] (main) Using producer configuration: {apicurio.registry.url=http://registry-app-pg17.apps.ci419.apicurio-testing.org:80/apis/registry/v3, apicurio.registry.auto-register=true, apicurio.registry.use-id=globalId, apicurio.registry.artifact-resolver-strategy=io.apicurio.registry.serde.strategy.TopicIdStrategy, value.serializer=io.apicurio.registry.serde.avro.AvroKafkaSerializer, request.timeout.ms=5000, acks=all, bootstrap.servers=PLAINTEXT://localhost:32769, connections.max.idle.ms=10000, key.serializer=org.apache.kafka.common.serialization.StringSerializer, client.id=Producer-topic-e711e1fe_05ff_4d70_9807_b9db7fec814f}
2025-08-13 18:19:51,006 INFO  [io.api.tes.ser.api.SimpleSerdesTesterBuilder$SimpleSerdesTester] (main) Using consumer configuration: {apicurio.registry.use-id=globalId}
2025-08-13 18:19:51,008 INFO  [io.api.tes.ser.api.KafkaSerdesTester] (Thread-741) Sending message {"key11755109190994": "value-0"} to topic topic-e711e1fe_05ff_4d70_9807_b9db7fec814f
2025-08-13 18:19:51,011 WARN  [org.apa.kaf.cli.NetworkClient] (kafka-producer-network-thread | Producer-topic-e711e1fe_05ff_4d70_9807_b9db7fec814f) [Producer clientId=Producer-topic-e711e1fe_05ff_4d70_9807_b9db7fec814f] The metadata response from the cluster reported a recoverable issue with correlation id 1 : {topic-e711e1fe_05ff_4d70_9807_b9db7fec814f=UNKNOWN_TOPIC_OR_PARTITION}
2025-08-13 18:19:51,011 INFO  [org.apa.kaf.cli.Metadata] (kafka-producer-network-thread | Producer-topic-e711e1fe_05ff_4d70_9807_b9db7fec814f) [Producer clientId=Producer-topic-e711e1fe_05ff_4d70_9807_b9db7fec814f] Cluster ID: sAToZ0WATkWwuQb_OH8PpQ
2025-08-13 18:19:51,012 INFO  [org.apa.kaf.cli.pro.int.TransactionManager] (kafka-producer-network-thread | Producer-topic-e711e1fe_05ff_4d70_9807_b9db7fec814f) [Producer clientId=Producer-topic-e711e1fe_05ff_4d70_9807_b9db7fec814f] ProducerId set to 25 with epoch 0
2025-08-13 18:19:51,236 INFO  [io.api.tes.ser.api.KafkaSerdesTester] (Thread-741) Sending message {"key11755109190994": "value-1"} to topic topic-e711e1fe_05ff_4d70_9807_b9db7fec814f
2025-08-13 18:19:51,238 INFO  [io.api.tes.ser.api.KafkaSerdesTester] (Thread-741) Sending message {"key11755109190994": "value-2"} to topic topic-e711e1fe_05ff_4d70_9807_b9db7fec814f
2025-08-13 18:19:51,239 INFO  [io.api.tes.ser.api.KafkaSerdesTester] (Thread-741) Sending message {"key11755109190994": "value-3"} to topic topic-e711e1fe_05ff_4d70_9807_b9db7fec814f
2025-08-13 18:19:51,240 INFO  [io.api.tes.ser.api.KafkaSerdesTester] (Thread-741) Sending message {"key11755109190994": "value-4"} to topic topic-e711e1fe_05ff_4d70_9807_b9db7fec814f
2025-08-13 18:19:51,242 INFO  [io.api.tes.ser.api.KafkaSerdesTester] (Thread-741) Sending message {"key11755109190994": "value-5"} to topic topic-e711e1fe_05ff_4d70_9807_b9db7fec814f
2025-08-13 18:19:51,246 INFO  [io.api.tes.ser.api.KafkaSerdesTester] (Thread-741) Sending message {"key11755109190994": "value-6"} to topic topic-e711e1fe_05ff_4d70_9807_b9db7fec814f
2025-08-13 18:19:51,247 INFO  [io.api.tes.ser.api.KafkaSerdesTester] (Thread-741) Sending message {"key11755109190994": "value-7"} to topic topic-e711e1fe_05ff_4d70_9807_b9db7fec814f
2025-08-13 18:19:51,250 INFO  [io.api.tes.ser.api.KafkaSerdesTester] (Thread-741) Sending message {"key11755109190994": "value-8"} to topic topic-e711e1fe_05ff_4d70_9807_b9db7fec814f
2025-08-13 18:19:51,251 INFO  [io.api.tes.ser.api.KafkaSerdesTester] (Thread-741) Sending message {"key11755109190994": "value-9"} to topic topic-e711e1fe_05ff_4d70_9807_b9db7fec814f
2025-08-13 18:19:51,253 INFO  [io.api.tes.ser.api.KafkaSerdesTester] (Thread-741) Produced 10 messages
2025-08-13 18:19:51,254 INFO  [org.apa.kaf.cli.pro.KafkaProducer] (Thread-741) [Producer clientId=Producer-topic-e711e1fe_05ff_4d70_9807_b9db7fec814f] Closing the Kafka producer with timeoutMillis = 9223372036854775807 ms.
2025-08-13 18:19:51,256 INFO  [org.apa.kaf.com.met.Metrics] (Thread-741) Metrics scheduler closed
2025-08-13 18:19:51,256 INFO  [org.apa.kaf.com.met.Metrics] (Thread-741) Closing reporter org.apache.kafka.common.metrics.JmxReporter
2025-08-13 18:19:51,256 INFO  [org.apa.kaf.com.met.Metrics] (Thread-741) Closing reporter org.apache.kafka.common.telemetry.internals.ClientTelemetryReporter
2025-08-13 18:19:51,256 INFO  [org.apa.kaf.com.met.Metrics] (Thread-741) Metrics reporters closed
2025-08-13 18:19:51,256 INFO  [org.apa.kaf.com.uti.AppInfoParser] (Thread-741) App info kafka.producer for Producer-topic-e711e1fe_05ff_4d70_9807_b9db7fec814f unregistered
**** Registry Base URL: http://registry-app-pg17.apps.ci419.apicurio-testing.org:80
2025-08-13 18:19:51,346 INFO  [org.apa.kaf.cli.con.ConsumerConfig] (main) ConsumerConfig values: 
	allow.auto.create.topics = true
	auto.commit.interval.ms = 500
	auto.include.jmx.reporter = true
	auto.offset.reset = earliest
	bootstrap.servers = [PLAINTEXT://localhost:32769]
	check.crcs = true
	client.dns.lookup = use_all_dns_ips
	client.id = consumer-Consumer-topic-e711e1fe_05ff_4d70_9807_b9db7fec814f-18
	client.rack = 
	connections.max.idle.ms = 10000
	default.api.timeout.ms = 60000
	enable.auto.commit = true
	enable.metrics.push = true
	exclude.internal.topics = true
	fetch.max.bytes = 52428800
	fetch.max.wait.ms = 500
	fetch.min.bytes = 1
	group.id = Consumer-topic-e711e1fe_05ff_4d70_9807_b9db7fec814f
	group.instance.id = null
	group.protocol = classic
	group.remote.assignor = null
	heartbeat.interval.ms = 3000
	interceptor.classes = []
	internal.leave.group.on.close = true
	internal.throw.on.fetch.stable.offset.unsupported = false
	isolation.level = read_uncommitted
	key.deserializer = class org.apache.kafka.common.serialization.StringDeserializer
	max.partition.fetch.bytes = 1048576
	max.poll.interval.ms = 300000
	max.poll.records = 500
	metadata.max.age.ms = 300000
	metadata.recovery.strategy = none
	metric.reporters = []
	metrics.num.samples = 2
	metrics.recording.level = INFO
	metrics.sample.window.ms = 30000
	partition.assignment.strategy = [class org.apache.kafka.clients.consumer.RangeAssignor, class org.apache.kafka.clients.consumer.CooperativeStickyAssignor]
	receive.buffer.bytes = 65536
	reconnect.backoff.max.ms = 1000
	reconnect.backoff.ms = 50
	request.timeout.ms = 5000
	retry.backoff.max.ms = 1000
	retry.backoff.ms = 100
	sasl.client.callback.handler.class = null
	sasl.jaas.config = null
	sasl.kerberos.kinit.cmd = /usr/bin/kinit
	sasl.kerberos.min.time.before.relogin = 60000
	sasl.kerberos.service.name = null
	sasl.kerberos.ticket.renew.jitter = 0.05
	sasl.kerberos.ticket.renew.window.factor = 0.8
	sasl.login.callback.handler.class = null
	sasl.login.class = null
	sasl.login.connect.timeout.ms = null
	sasl.login.read.timeout.ms = null
	sasl.login.refresh.buffer.seconds = 300
	sasl.login.refresh.min.period.seconds = 60
	sasl.login.refresh.window.factor = 0.8
	sasl.login.refresh.window.jitter = 0.05
	sasl.login.retry.backoff.max.ms = 10000
	sasl.login.retry.backoff.ms = 100
	sasl.mechanism = GSSAPI
	sasl.oauthbearer.clock.skew.seconds = 30
	sasl.oauthbearer.expected.audience = null
	sasl.oauthbearer.expected.issuer = null
	sasl.oauthbearer.header.urlencode = false
	sasl.oauthbearer.jwks.endpoint.refresh.ms = 3600000
	sasl.oauthbearer.jwks.endpoint.retry.backoff.max.ms = 10000
	sasl.oauthbearer.jwks.endpoint.retry.backoff.ms = 100
	sasl.oauthbearer.jwks.endpoint.url = null
	sasl.oauthbearer.scope.claim.name = scope
	sasl.oauthbearer.sub.claim.name = sub
	sasl.oauthbearer.token.endpoint.url = null
	security.protocol = PLAINTEXT
	security.providers = null
	send.buffer.bytes = 131072
	session.timeout.ms = 45000
	socket.connection.setup.timeout.max.ms = 30000
	socket.connection.setup.timeout.ms = 10000
	ssl.cipher.suites = null
	ssl.enabled.protocols = [TLSv1.2, TLSv1.3]
	ssl.endpoint.identification.algorithm = https
	ssl.engine.factory.class = null
	ssl.key.password = null
	ssl.keymanager.algorithm = SunX509
	ssl.keystore.certificate.chain = null
	ssl.keystore.key = null
	ssl.keystore.location = null
	ssl.keystore.password = null
	ssl.keystore.type = JKS
	ssl.protocol = TLSv1.3
	ssl.provider = null
	ssl.secure.random.implementation = null
	ssl.trustmanager.algorithm = PKIX
	ssl.truststore.certificates = null
	ssl.truststore.location = null
	ssl.truststore.password = null
	ssl.truststore.type = JKS
	value.deserializer = class io.apicurio.registry.serde.avro.AvroKafkaDeserializer

2025-08-13 18:19:51,346 INFO  [org.apa.kaf.com.tel.int.KafkaMetricsCollector] (main) initializing Kafka metrics collector
2025-08-13 18:19:51,351 INFO  [org.apa.kaf.cli.con.ConsumerConfig] (main) These configurations '[apicurio.registry.url, apicurio.registry.use-id]' were supplied but are not used yet.
2025-08-13 18:19:51,351 INFO  [org.apa.kaf.com.uti.AppInfoParser] (main) Kafka version: 3.9.1
2025-08-13 18:19:51,351 INFO  [org.apa.kaf.com.uti.AppInfoParser] (main) Kafka commitId: f745dfdcee2b9851
2025-08-13 18:19:51,351 INFO  [org.apa.kaf.com.uti.AppInfoParser] (main) Kafka startTimeMs: 1755109191351
2025-08-13 18:19:51,351 INFO  [org.apa.kaf.cli.con.int.ClassicKafkaConsumer] (Thread-744) [Consumer clientId=consumer-Consumer-topic-e711e1fe_05ff_4d70_9807_b9db7fec814f-18, groupId=Consumer-topic-e711e1fe_05ff_4d70_9807_b9db7fec814f] Subscribed to topic(s): topic-e711e1fe_05ff_4d70_9807_b9db7fec814f
2025-08-13 18:19:51,356 INFO  [org.apa.kaf.cli.Metadata] (Thread-744) [Consumer clientId=consumer-Consumer-topic-e711e1fe_05ff_4d70_9807_b9db7fec814f-18, groupId=Consumer-topic-e711e1fe_05ff_4d70_9807_b9db7fec814f] Cluster ID: sAToZ0WATkWwuQb_OH8PpQ
2025-08-13 18:19:51,358 INFO  [org.apa.kaf.cli.con.int.ConsumerCoordinator] (Thread-744) [Consumer clientId=consumer-Consumer-topic-e711e1fe_05ff_4d70_9807_b9db7fec814f-18, groupId=Consumer-topic-e711e1fe_05ff_4d70_9807_b9db7fec814f] Discovered group coordinator localhost:32769 (id: 2147483647 rack: null)
2025-08-13 18:19:51,359 INFO  [org.apa.kaf.cli.con.int.ConsumerCoordinator] (Thread-744) [Consumer clientId=consumer-Consumer-topic-e711e1fe_05ff_4d70_9807_b9db7fec814f-18, groupId=Consumer-topic-e711e1fe_05ff_4d70_9807_b9db7fec814f] (Re-)joining group
2025-08-13 18:19:51,363 INFO  [org.apa.kaf.cli.con.int.ConsumerCoordinator] (Thread-744) [Consumer clientId=consumer-Consumer-topic-e711e1fe_05ff_4d70_9807_b9db7fec814f-18, groupId=Consumer-topic-e711e1fe_05ff_4d70_9807_b9db7fec814f] Request joining group due to: need to re-join with the given member-id: consumer-Consumer-topic-e711e1fe_05ff_4d70_9807_b9db7fec814f-18-0d8cdf88-86cb-45cf-b562-5deb0ebd1938
2025-08-13 18:19:51,363 INFO  [org.apa.kaf.cli.con.int.ConsumerCoordinator] (Thread-744) [Consumer clientId=consumer-Consumer-topic-e711e1fe_05ff_4d70_9807_b9db7fec814f-18, groupId=Consumer-topic-e711e1fe_05ff_4d70_9807_b9db7fec814f] (Re-)joining group
2025-08-13 18:19:52,352 INFO  [io.api.tes.ser.api.KafkaSerdesTester] (Thread-744) None found
2025-08-13 18:19:53,353 INFO  [io.api.tes.ser.api.KafkaSerdesTester] (Thread-744) None found
2025-08-13 18:19:54,353 INFO  [io.api.tes.ser.api.KafkaSerdesTester] (Thread-744) None found
2025-08-13 18:19:54,365 INFO  [org.apa.kaf.cli.con.int.ConsumerCoordinator] (Thread-744) [Consumer clientId=consumer-Consumer-topic-e711e1fe_05ff_4d70_9807_b9db7fec814f-18, groupId=Consumer-topic-e711e1fe_05ff_4d70_9807_b9db7fec814f] Successfully joined group with generation Generation{generationId=1, memberId='consumer-Consumer-topic-e711e1fe_05ff_4d70_9807_b9db7fec814f-18-0d8cdf88-86cb-45cf-b562-5deb0ebd1938', protocol='range'}
2025-08-13 18:19:54,366 INFO  [org.apa.kaf.cli.con.int.ConsumerCoordinator] (Thread-744) [Consumer clientId=consumer-Consumer-topic-e711e1fe_05ff_4d70_9807_b9db7fec814f-18, groupId=Consumer-topic-e711e1fe_05ff_4d70_9807_b9db7fec814f] Finished assignment for group at generation 1: {consumer-Consumer-topic-e711e1fe_05ff_4d70_9807_b9db7fec814f-18-0d8cdf88-86cb-45cf-b562-5deb0ebd1938=Assignment(partitions=[topic-e711e1fe_05ff_4d70_9807_b9db7fec814f-0])}
2025-08-13 18:19:54,372 INFO  [org.apa.kaf.cli.con.int.ConsumerCoordinator] (Thread-744) [Consumer clientId=consumer-Consumer-topic-e711e1fe_05ff_4d70_9807_b9db7fec814f-18, groupId=Consumer-topic-e711e1fe_05ff_4d70_9807_b9db7fec814f] Successfully synced group in generation Generation{generationId=1, memberId='consumer-Consumer-topic-e711e1fe_05ff_4d70_9807_b9db7fec814f-18-0d8cdf88-86cb-45cf-b562-5deb0ebd1938', protocol='range'}
2025-08-13 18:19:54,372 INFO  [org.apa.kaf.cli.con.int.ConsumerCoordinator] (Thread-744) [Consumer clientId=consumer-Consumer-topic-e711e1fe_05ff_4d70_9807_b9db7fec814f-18, groupId=Consumer-topic-e711e1fe_05ff_4d70_9807_b9db7fec814f] Notifying assignor about the new Assignment(partitions=[topic-e711e1fe_05ff_4d70_9807_b9db7fec814f-0])
2025-08-13 18:19:54,373 INFO  [org.apa.kaf.cli.con.int.ConsumerRebalanceListenerInvoker] (Thread-744) [Consumer clientId=consumer-Consumer-topic-e711e1fe_05ff_4d70_9807_b9db7fec814f-18, groupId=Consumer-topic-e711e1fe_05ff_4d70_9807_b9db7fec814f] Adding newly assigned partitions: topic-e711e1fe_05ff_4d70_9807_b9db7fec814f-0
2025-08-13 18:19:54,374 INFO  [org.apa.kaf.cli.con.int.ConsumerCoordinator] (Thread-744) [Consumer clientId=consumer-Consumer-topic-e711e1fe_05ff_4d70_9807_b9db7fec814f-18, groupId=Consumer-topic-e711e1fe_05ff_4d70_9807_b9db7fec814f] Found no committed offset for partition topic-e711e1fe_05ff_4d70_9807_b9db7fec814f-0
2025-08-13 18:19:54,385 INFO  [org.apa.kaf.cli.con.int.SubscriptionState] (Thread-744) [Consumer clientId=consumer-Consumer-topic-e711e1fe_05ff_4d70_9807_b9db7fec814f-18, groupId=Consumer-topic-e711e1fe_05ff_4d70_9807_b9db7fec814f] Resetting offset for partition topic-e711e1fe_05ff_4d70_9807_b9db7fec814f-0 to position FetchPosition{offset=0, offsetEpoch=Optional.empty, currentLeader=LeaderAndEpoch{leader=Optional[localhost:32769 (id: 0 rack: null)], epoch=0}}.
2025-08-13 18:19:54,511 INFO  [io.api.tes.ser.api.KafkaSerdesTester] (Thread-744) topic-e711e1fe_05ff_4d70_9807_b9db7fec814f 0 0 {"key11755109190994": "value-0"}
2025-08-13 18:19:54,511 INFO  [io.api.tes.ser.api.KafkaSerdesTester] (Thread-744) topic-e711e1fe_05ff_4d70_9807_b9db7fec814f 0 1 {"key11755109190994": "value-1"}
2025-08-13 18:19:54,511 INFO  [io.api.tes.ser.api.KafkaSerdesTester] (Thread-744) topic-e711e1fe_05ff_4d70_9807_b9db7fec814f 0 2 {"key11755109190994": "value-2"}
2025-08-13 18:19:54,511 INFO  [io.api.tes.ser.api.KafkaSerdesTester] (Thread-744) topic-e711e1fe_05ff_4d70_9807_b9db7fec814f 0 3 {"key11755109190994": "value-3"}
2025-08-13 18:19:54,511 INFO  [io.api.tes.ser.api.KafkaSerdesTester] (Thread-744) topic-e711e1fe_05ff_4d70_9807_b9db7fec814f 0 4 {"key11755109190994": "value-4"}
2025-08-13 18:19:54,511 INFO  [io.api.tes.ser.api.KafkaSerdesTester] (Thread-744) topic-e711e1fe_05ff_4d70_9807_b9db7fec814f 0 5 {"key11755109190994": "value-5"}
2025-08-13 18:19:54,512 INFO  [io.api.tes.ser.api.KafkaSerdesTester] (Thread-744) topic-e711e1fe_05ff_4d70_9807_b9db7fec814f 0 6 {"key11755109190994": "value-6"}
2025-08-13 18:19:54,512 INFO  [io.api.tes.ser.api.KafkaSerdesTester] (Thread-744) topic-e711e1fe_05ff_4d70_9807_b9db7fec814f 0 7 {"key11755109190994": "value-7"}
2025-08-13 18:19:54,512 INFO  [io.api.tes.ser.api.KafkaSerdesTester] (Thread-744) topic-e711e1fe_05ff_4d70_9807_b9db7fec814f 0 8 {"key11755109190994": "value-8"}
2025-08-13 18:19:54,512 INFO  [io.api.tes.ser.api.KafkaSerdesTester] (Thread-744) topic-e711e1fe_05ff_4d70_9807_b9db7fec814f 0 9 {"key11755109190994": "value-9"}
2025-08-13 18:19:54,512 INFO  [io.api.tes.ser.api.KafkaSerdesTester] (Thread-744) Consumed 10 messages
2025-08-13 18:19:54,518 INFO  [org.apa.kaf.cli.con.int.ConsumerRebalanceListenerInvoker] (Thread-744) [Consumer clientId=consumer-Consumer-topic-e711e1fe_05ff_4d70_9807_b9db7fec814f-18, groupId=Consumer-topic-e711e1fe_05ff_4d70_9807_b9db7fec814f] Revoke previously assigned partitions topic-e711e1fe_05ff_4d70_9807_b9db7fec814f-0
2025-08-13 18:19:54,519 INFO  [org.apa.kaf.cli.con.int.ConsumerCoordinator] (Thread-744) [Consumer clientId=consumer-Consumer-topic-e711e1fe_05ff_4d70_9807_b9db7fec814f-18, groupId=Consumer-topic-e711e1fe_05ff_4d70_9807_b9db7fec814f] Member consumer-Consumer-topic-e711e1fe_05ff_4d70_9807_b9db7fec814f-18-0d8cdf88-86cb-45cf-b562-5deb0ebd1938 sending LeaveGroup request to coordinator localhost:32769 (id: 2147483647 rack: null) due to the consumer is being closed
2025-08-13 18:19:54,519 INFO  [org.apa.kaf.cli.con.int.ConsumerCoordinator] (Thread-744) [Consumer clientId=consumer-Consumer-topic-e711e1fe_05ff_4d70_9807_b9db7fec814f-18, groupId=Consumer-topic-e711e1fe_05ff_4d70_9807_b9db7fec814f] Resetting generation and member id due to: consumer pro-actively leaving the group
2025-08-13 18:19:54,519 INFO  [org.apa.kaf.cli.con.int.ConsumerCoordinator] (Thread-744) [Consumer clientId=consumer-Consumer-topic-e711e1fe_05ff_4d70_9807_b9db7fec814f-18, groupId=Consumer-topic-e711e1fe_05ff_4d70_9807_b9db7fec814f] Request joining group due to: consumer pro-actively leaving the group
2025-08-13 18:19:55,013 INFO  [org.apa.kaf.com.met.Metrics] (Thread-744) Metrics scheduler closed
2025-08-13 18:19:55,013 INFO  [org.apa.kaf.com.met.Metrics] (Thread-744) Closing reporter org.apache.kafka.common.metrics.JmxReporter
2025-08-13 18:19:55,013 INFO  [org.apa.kaf.com.met.Metrics] (Thread-744) Closing reporter org.apache.kafka.common.telemetry.internals.ClientTelemetryReporter
2025-08-13 18:19:55,013 INFO  [org.apa.kaf.com.met.Metrics] (Thread-744) Metrics reporters closed
2025-08-13 18:19:55,015 INFO  [org.apa.kaf.com.uti.AppInfoParser] (Thread-744) App info kafka.consumer for consumer-Consumer-topic-e711e1fe_05ff_4d70_9807_b9db7fec814f-18 unregistered
2025-08-13 18:19:55,016 INFO  [io.api.tes.uti.TestSeparator] (main) io.apicurio.tests.serdes.apicurio.AvroSerdeIT.testGlobalIdInBody-FINISHED
2025-08-13 18:19:55,016 INFO  [io.api.tes.uti.TestSeparator] (main) ############################################################################
Test passed: testGlobalIdInBody
]]></system-out>
  </testcase>
  <testcase name="testProducerUsesGlobalIdConsumerUsesDefault" classname="io.apicurio.tests.serdes.apicurio.AvroSerdeIT" time="0.0">
    <skipped message="void io.apicurio.tests.serdes.apicurio.AvroSerdeIT.testProducerUsesGlobalIdConsumerUsesDefault() throws java.lang.Exception is @Disabled"/>
  </testcase>
</testsuite>