<?xml version="1.0" encoding="UTF-8"?>
<testsuite xmlns:xsi="http://www.w3.org/2001/XMLSchema-instance" xsi:noNamespaceSchemaLocation="https://maven.apache.org/surefire/maven-failsafe-plugin/xsd/failsafe-test-report.xsd" version="3.0.2" name="io.apicurio.tests.serdes.apicurio.AvroSerdeIT" time="109.048" tests="21" errors="0" skipped="2" failures="0">
  <properties>
    <property name="java.specification.version" value="17"/>
    <property name="sun.jnu.encoding" value="UTF-8"/>
    <property name="java.class.path" value="/home/runner/work/apicurio-testing/apicurio-testing/clusters/ci419/namespaces/ksql047/tests/integration/apicurio-registry/integration-tests/target/test-classes:/home/runner/work/apicurio-testing/apicurio-testing/clusters/ci419/namespaces/ksql047/tests/integration/apicurio-registry/integration-tests/target/apicurio-registry-integration-tests-3.0.12-SNAPSHOT.jar:/home/runner/.m2/repository/io/quarkus/quarkus-junit5/3.20.2/quarkus-junit5-3.20.2.jar:/home/runner/.m2/repository/io/quarkus/quarkus-bootstrap-core/3.20.2/quarkus-bootstrap-core-3.20.2.jar:/home/runner/.m2/repository/io/quarkus/quarkus-classloader-commons/3.20.2/quarkus-classloader-commons-3.20.2.jar:/home/runner/.m2/repository/io/quarkus/quarkus-bootstrap-app-model/3.20.2/quarkus-bootstrap-app-model-3.20.2.jar:/home/runner/.m2/repository/io/smallrye/common/smallrye-common-io/2.12.0/smallrye-common-io-2.12.0.jar:/home/runner/.m2/repository/org/eclipse/sisu/org.eclipse.sisu.inject/0.9.0.M3/org.eclipse.sisu.inject-0.9.0.M3.jar:/home/runner/.m2/repository/io/quarkus/quarkus-test-common/3.20.2/quarkus-test-common-3.20.2.jar:/home/runner/.m2/repository/io/quarkus/quarkus-core-deployment/3.20.2/quarkus-core-deployment-3.20.2.jar:/home/runner/.m2/repository/org/aesh/readline/2.6/readline-2.6.jar:/home/runner/.m2/repository/org/fusesource/jansi/jansi/2.4.0/jansi-2.4.0.jar:/home/runner/.m2/repository/org/aesh/aesh/2.8.2/aesh-2.8.2.jar:/home/runner/.m2/repository/io/quarkus/gizmo/gizmo/1.8.0/gizmo-1.8.0.jar:/home/runner/.m2/repository/org/ow2/asm/asm-util/9.7.1/asm-util-9.7.1.jar:/home/runner/.m2/repository/org/ow2/asm/asm-analysis/9.7.1/asm-analysis-9.7.1.jar:/home/runner/.m2/repository/org/ow2/asm/asm-commons/9.7.1/asm-commons-9.7.1.jar:/home/runner/.m2/repository/org/ow2/asm/asm-tree/9.7.1/asm-tree-9.7.1.jar:/home/runner/.m2/repository/io/quarkus/quarkus-hibernate-validator-spi/3.20.2/quarkus-hibernate-validator-spi-3.20.2.jar:/home/runner/.m2/repository/io/quarkus/quarkus-class-change-agent/3.20.2/quarkus-class-change-agent-3.20.2.jar:/home/runner/.m2/repository/io/quarkus/quarkus-devtools-utilities/3.20.2/quarkus-devtools-utilities-3.20.2.jar:/home/runner/.m2/repository/io/quarkus/quarkus-builder/3.20.2/quarkus-builder-3.20.2.jar:/home/runner/.m2/repository/org/graalvm/sdk/nativeimage/23.1.2/nativeimage-23.1.2.jar:/home/runner/.m2/repository/org/graalvm/sdk/word/23.1.2/word-23.1.2.jar:/home/runner/.m2/repository/io/quarkus/quarkus-bootstrap-maven-resolver/3.20.2/quarkus-bootstrap-maven-resolver-3.20.2.jar:/home/runner/.m2/repository/io/smallrye/beanbag/smallrye-beanbag-maven/1.5.2/smallrye-beanbag-maven-1.5.2.jar:/home/runner/.m2/repository/io/smallrye/beanbag/smallrye-beanbag-sisu/1.5.2/smallrye-beanbag-sisu-1.5.2.jar:/home/runner/.m2/repository/io/smallrye/beanbag/smallrye-beanbag/1.5.2/smallrye-beanbag-1.5.2.jar:/home/runner/.m2/repository/javax/inject/javax.inject/1/javax.inject-1.jar:/home/runner/.m2/repository/org/apache/maven/maven-artifact/3.9.9/maven-artifact-3.9.9.jar:/home/runner/.m2/repository/org/apache/maven/maven-builder-support/3.9.9/maven-builder-support-3.9.9.jar:/home/runner/.m2/repository/org/apache/maven/maven-model/3.9.9/maven-model-3.9.9.jar:/home/runner/.m2/repository/org/apache/maven/maven-model-builder/3.9.9/maven-model-builder-3.9.9.jar:/home/runner/.m2/repository/org/apache/maven/maven-repository-metadata/3.9.9/maven-repository-metadata-3.9.9.jar:/home/runner/.m2/repository/org/apache/maven/maven-settings/3.9.9/maven-settings-3.9.9.jar:/home/runner/.m2/repository/org/apache/maven/resolver/maven-resolver-api/1.9.22/maven-resolver-api-1.9.22.jar:/home/runner/.m2/repository/org/apache/maven/resolver/maven-resolver-impl/1.9.22/maven-resolver-impl-1.9.22.jar:/home/runner/.m2/repository/org/apache/maven/resolver/maven-resolver-named-locks/1.9.22/maven-resolver-named-locks-1.9.22.jar:/home/runner/.m2/repository/org/apache/maven/resolver/maven-resolver-spi/1.9.22/maven-resolver-spi-1.9.22.jar:/home/runner/.m2/repository/org/apache/maven/resolver/maven-resolver-util/1.9.22/maven-resolver-util-1.9.22.jar:/home/runner/.m2/repository/org/apache/maven/resolver/maven-resolver-transport-http/1.9.20/maven-resolver-transport-http-1.9.20.jar:/home/runner/.m2/repository/org/apache/maven/wagon/wagon-provider-api/3.5.3/wagon-provider-api-3.5.3.jar:/home/runner/.m2/repository/org/apache/maven/wagon/wagon-http-shared/3.5.3/wagon-http-shared-3.5.3.jar:/home/runner/.m2/repository/org/codehaus/plexus/plexus-interpolation/1.26/plexus-interpolation-1.26.jar:/home/runner/.m2/repository/org/codehaus/plexus/plexus-utils/3.5.1/plexus-utils-3.5.1.jar:/home/runner/.m2/repository/org/codehaus/plexus/plexus-xml/4.0.1/plexus-xml-4.0.1.jar:/home/runner/.m2/repository/org/apache/maven/maven-xml-impl/4.0.0-alpha-5/maven-xml-impl-4.0.0-alpha-5.jar:/home/runner/.m2/repository/org/apache/maven/maven-api-xml/4.0.0-alpha-5/maven-api-xml-4.0.0-alpha-5.jar:/home/runner/.m2/repository/org/apache/maven/maven-api-meta/4.0.0-alpha-5/maven-api-meta-4.0.0-alpha-5.jar:/home/runner/.m2/repository/org/codehaus/plexus/plexus-cipher/2.0/plexus-cipher-2.0.jar:/home/runner/.m2/repository/org/codehaus/plexus/plexus-sec-dispatcher/2.0/plexus-sec-dispatcher-2.0.jar:/home/runner/.m2/repository/org/apache/maven/maven-embedder/3.9.9/maven-embedder-3.9.9.jar:/home/runner/.m2/repository/org/apache/maven/maven-core/3.9.9/maven-core-3.9.9.jar:/home/runner/.m2/repository/org/codehaus/plexus/plexus-component-annotations/2.1.0/plexus-component-annotations-2.1.0.jar:/home/runner/.m2/repository/org/apache/maven/maven-plugin-api/3.9.9/maven-plugin-api-3.9.9.jar:/home/runner/.m2/repository/org/apache/maven/shared/maven-shared-utils/3.4.2/maven-shared-utils-3.4.2.jar:/home/runner/.m2/repository/com/google/inject/guice/5.1.0/guice-5.1.0.jar:/home/runner/.m2/repository/aopalliance/aopalliance/1.0/aopalliance-1.0.jar:/home/runner/.m2/repository/org/codehaus/plexus/plexus-classworlds/2.6.0/plexus-classworlds-2.6.0.jar:/home/runner/.m2/repository/commons-cli/commons-cli/1.8.0/commons-cli-1.8.0.jar:/home/runner/.m2/repository/org/eclipse/sisu/org.eclipse.sisu.plexus/0.9.0.M3/org.eclipse.sisu.plexus-0.9.0.M3.jar:/home/runner/.m2/repository/org/apache/maven/maven-settings-builder/3.9.9/maven-settings-builder-3.9.9.jar:/home/runner/.m2/repository/org/apache/maven/maven-resolver-provider/3.9.9/maven-resolver-provider-3.9.9.jar:/home/runner/.m2/repository/org/apache/maven/resolver/maven-resolver-connector-basic/1.9.22/maven-resolver-connector-basic-1.9.22.jar:/home/runner/.m2/repository/org/apache/maven/resolver/maven-resolver-transport-wagon/1.9.22/maven-resolver-transport-wagon-1.9.22.jar:/home/runner/.m2/repository/org/apache/maven/wagon/wagon-http/3.5.3/wagon-http-3.5.3.jar:/home/runner/.m2/repository/org/apache/maven/wagon/wagon-file/3.5.3/wagon-file-3.5.3.jar:/home/runner/.m2/repository/io/quarkus/quarkus-bootstrap-gradle-resolver/3.20.2/quarkus-bootstrap-gradle-resolver-3.20.2.jar:/home/runner/.m2/repository/io/smallrye/jandex/3.3.0/jandex-3.3.0.jar:/home/runner/.m2/repository/org/jboss/logging/commons-logging-jboss-logging/1.0.0.Final/commons-logging-jboss-logging-1.0.0.Final.jar:/home/runner/.m2/repository/io/quarkus/quarkus-junit5-config/3.20.2/quarkus-junit5-config-3.20.2.jar:/home/runner/.m2/repository/org/junit/jupiter/junit-jupiter-api/5.12.1/junit-jupiter-api-5.12.1.jar:/home/runner/.m2/repository/io/smallrye/config/smallrye-config/3.11.4/smallrye-config-3.11.4.jar:/home/runner/.m2/repository/io/smallrye/config/smallrye-config-core/3.11.4/smallrye-config-core-3.11.4.jar:/home/runner/.m2/repository/io/smallrye/common/smallrye-common-classloader/2.12.0/smallrye-common-classloader-2.12.0.jar:/home/runner/.m2/repository/io/smallrye/config/smallrye-config-common/3.11.4/smallrye-config-common-3.11.4.jar:/home/runner/.m2/repository/org/junit/jupiter/junit-jupiter/5.12.1/junit-jupiter-5.12.1.jar:/home/runner/.m2/repository/org/junit/jupiter/junit-jupiter-params/5.12.1/junit-jupiter-params-5.12.1.jar:/home/runner/.m2/repository/org/junit/jupiter/junit-jupiter-engine/5.12.1/junit-jupiter-engine-5.12.1.jar:/home/runner/.m2/repository/io/quarkus/quarkus-core/3.20.2/quarkus-core-3.20.2.jar:/home/runner/.m2/repository/jakarta/enterprise/jakarta.enterprise.cdi-api/4.1.0/jakarta.enterprise.cdi-api-4.1.0.jar:/home/runner/.m2/repository/jakarta/enterprise/jakarta.enterprise.lang-model/4.1.0/jakarta.enterprise.lang-model-4.1.0.jar:/home/runner/.m2/repository/jakarta/el/jakarta.el-api/5.0.1/jakarta.el-api-5.0.1.jar:/home/runner/.m2/repository/jakarta/interceptor/jakarta.interceptor-api/2.2.0/jakarta.interceptor-api-2.2.0.jar:/home/runner/.m2/repository/jakarta/inject/jakarta.inject-api/2.0.1/jakarta.inject-api-2.0.1.jar:/home/runner/.m2/repository/io/smallrye/common/smallrye-common-os/2.12.0/smallrye-common-os-2.12.0.jar:/home/runner/.m2/repository/io/quarkus/quarkus-ide-launcher/3.20.2/quarkus-ide-launcher-3.20.2.jar:/home/runner/.m2/repository/io/quarkus/quarkus-development-mode-spi/3.20.2/quarkus-development-mode-spi-3.20.2.jar:/home/runner/.m2/repository/org/jboss/logging/jboss-logging/3.6.1.Final/jboss-logging-3.6.1.Final.jar:/home/runner/.m2/repository/org/jboss/logmanager/jboss-logmanager/3.1.2.Final/jboss-logmanager-3.1.2.Final.jar:/home/runner/.m2/repository/io/smallrye/common/smallrye-common-constraint/2.12.0/smallrye-common-constraint-2.12.0.jar:/home/runner/.m2/repository/io/smallrye/common/smallrye-common-cpu/2.12.0/smallrye-common-cpu-2.12.0.jar:/home/runner/.m2/repository/io/smallrye/common/smallrye-common-expression/2.12.0/smallrye-common-expression-2.12.0.jar:/home/runner/.m2/repository/io/smallrye/common/smallrye-common-net/2.12.0/smallrye-common-net-2.12.0.jar:/home/runner/.m2/repository/io/smallrye/common/smallrye-common-ref/2.12.0/smallrye-common-ref-2.12.0.jar:/home/runner/.m2/repository/jakarta/json/jakarta.json-api/2.1.3/jakarta.json-api-2.1.3.jar:/home/runner/.m2/repository/org/eclipse/parsson/parsson/1.1.7/parsson-1.1.7.jar:/home/runner/.m2/repository/org/jboss/logging/jboss-logging-annotations/3.0.4.Final/jboss-logging-annotations-3.0.4.Final.jar:/home/runner/.m2/repository/org/jboss/threads/jboss-threads/3.8.0.Final/jboss-threads-3.8.0.Final.jar:/home/runner/.m2/repository/io/smallrye/common/smallrye-common-annotation/2.12.0/smallrye-common-annotation-2.12.0.jar:/home/runner/.m2/repository/io/smallrye/common/smallrye-common-function/2.12.0/smallrye-common-function-2.12.0.jar:/home/runner/.m2/repository/org/jboss/slf4j/slf4j-jboss-logmanager/2.0.0.Final/slf4j-jboss-logmanager-2.0.0.Final.jar:/home/runner/.m2/repository/org/wildfly/common/wildfly-common/2.0.1/wildfly-common-2.0.1.jar:/home/runner/.m2/repository/io/quarkus/quarkus-bootstrap-runner/3.20.2/quarkus-bootstrap-runner-3.20.2.jar:/home/runner/.m2/repository/io/github/crac/org-crac/0.1.3/org-crac-0.1.3.jar:/home/runner/.m2/repository/io/quarkus/quarkus-fs-util/0.0.10/quarkus-fs-util-0.0.10.jar:/home/runner/.m2/repository/org/jboss/marshalling/jboss-marshalling/2.2.2.Final/jboss-marshalling-2.2.2.Final.jar:/home/runner/.m2/repository/io/fabric8/kubernetes-client/7.1.0/kubernetes-client-7.1.0.jar:/home/runner/.m2/repository/io/fabric8/kubernetes-client-api/7.1.0/kubernetes-client-api-7.1.0.jar:/home/runner/.m2/repository/io/fabric8/kubernetes-model-core/7.1.0/kubernetes-model-core-7.1.0.jar:/home/runner/.m2/repository/io/fabric8/kubernetes-model-common/7.1.0/kubernetes-model-common-7.1.0.jar:/home/runner/.m2/repository/javax/annotation/javax.annotation-api/1.3.2/javax.annotation-api-1.3.2.jar:/home/runner/.m2/repository/io/fabric8/kubernetes-model-gatewayapi/7.1.0/kubernetes-model-gatewayapi-7.1.0.jar:/home/runner/.m2/repository/io/fabric8/kubernetes-model-resource/7.1.0/kubernetes-model-resource-7.1.0.jar:/home/runner/.m2/repository/io/fabric8/kubernetes-model-rbac/7.1.0/kubernetes-model-rbac-7.1.0.jar:/home/runner/.m2/repository/io/fabric8/kubernetes-model-admissionregistration/7.1.0/kubernetes-model-admissionregistration-7.1.0.jar:/home/runner/.m2/repository/io/fabric8/kubernetes-model-apps/7.1.0/kubernetes-model-apps-7.1.0.jar:/home/runner/.m2/repository/io/fabric8/kubernetes-model-autoscaling/7.1.0/kubernetes-model-autoscaling-7.1.0.jar:/home/runner/.m2/repository/io/fabric8/kubernetes-model-apiextensions/7.1.0/kubernetes-model-apiextensions-7.1.0.jar:/home/runner/.m2/repository/io/fabric8/kubernetes-model-batch/7.1.0/kubernetes-model-batch-7.1.0.jar:/home/runner/.m2/repository/io/fabric8/kubernetes-model-certificates/7.1.0/kubernetes-model-certificates-7.1.0.jar:/home/runner/.m2/repository/io/fabric8/kubernetes-model-coordination/7.1.0/kubernetes-model-coordination-7.1.0.jar:/home/runner/.m2/repository/io/fabric8/kubernetes-model-discovery/7.1.0/kubernetes-model-discovery-7.1.0.jar:/home/runner/.m2/repository/io/fabric8/kubernetes-model-events/7.1.0/kubernetes-model-events-7.1.0.jar:/home/runner/.m2/repository/io/fabric8/kubernetes-model-extensions/7.1.0/kubernetes-model-extensions-7.1.0.jar:/home/runner/.m2/repository/io/fabric8/kubernetes-model-flowcontrol/7.1.0/kubernetes-model-flowcontrol-7.1.0.jar:/home/runner/.m2/repository/io/fabric8/kubernetes-model-networking/7.1.0/kubernetes-model-networking-7.1.0.jar:/home/runner/.m2/repository/io/fabric8/kubernetes-model-metrics/7.1.0/kubernetes-model-metrics-7.1.0.jar:/home/runner/.m2/repository/io/fabric8/kubernetes-model-policy/7.1.0/kubernetes-model-policy-7.1.0.jar:/home/runner/.m2/repository/io/fabric8/kubernetes-model-scheduling/7.1.0/kubernetes-model-scheduling-7.1.0.jar:/home/runner/.m2/repository/io/fabric8/kubernetes-model-storageclass/7.1.0/kubernetes-model-storageclass-7.1.0.jar:/home/runner/.m2/repository/io/fabric8/kubernetes-model-node/7.1.0/kubernetes-model-node-7.1.0.jar:/home/runner/.m2/repository/org/snakeyaml/snakeyaml-engine/2.9/snakeyaml-engine-2.9.jar:/home/runner/.m2/repository/com/fasterxml/jackson/dataformat/jackson-dataformat-yaml/2.18.2/jackson-dataformat-yaml-2.18.2.jar:/home/runner/.m2/repository/com/fasterxml/jackson/datatype/jackson-datatype-jsr310/2.18.2/jackson-datatype-jsr310-2.18.2.jar:/home/runner/.m2/repository/io/fabric8/zjsonpatch/7.1.0/zjsonpatch-7.1.0.jar:/home/runner/.m2/repository/io/fabric8/kubernetes-httpclient-vertx/7.1.0/kubernetes-httpclient-vertx-7.1.0.jar:/home/runner/.m2/repository/io/vertx/vertx-web-client/4.5.16/vertx-web-client-4.5.16.jar:/home/runner/.m2/repository/io/vertx/vertx-web-common/4.5.16/vertx-web-common-4.5.16.jar:/home/runner/.m2/repository/io/vertx/vertx-auth-common/4.5.16/vertx-auth-common-4.5.16.jar:/home/runner/.m2/repository/io/vertx/vertx-uri-template/4.5.16/vertx-uri-template-4.5.16.jar:/home/runner/.m2/repository/io/fabric8/openshift-client/7.1.0/openshift-client-7.1.0.jar:/home/runner/.m2/repository/io/fabric8/openshift-client-api/7.1.0/openshift-client-api-7.1.0.jar:/home/runner/.m2/repository/io/fabric8/openshift-model/7.1.0/openshift-model-7.1.0.jar:/home/runner/.m2/repository/io/fabric8/openshift-model-autoscaling/7.1.0/openshift-model-autoscaling-7.1.0.jar:/home/runner/.m2/repository/io/fabric8/openshift-model-operator/7.1.0/openshift-model-operator-7.1.0.jar:/home/runner/.m2/repository/io/fabric8/openshift-model-operatorhub/7.1.0/openshift-model-operatorhub-7.1.0.jar:/home/runner/.m2/repository/io/fabric8/openshift-model-machine/7.1.0/openshift-model-machine-7.1.0.jar:/home/runner/.m2/repository/io/fabric8/openshift-model-whereabouts/7.1.0/openshift-model-whereabouts-7.1.0.jar:/home/runner/.m2/repository/io/fabric8/openshift-model-monitoring/7.1.0/openshift-model-monitoring-7.1.0.jar:/home/runner/.m2/repository/io/fabric8/openshift-model-storageversionmigrator/7.1.0/openshift-model-storageversionmigrator-7.1.0.jar:/home/runner/.m2/repository/io/fabric8/openshift-model-tuned/7.1.0/openshift-model-tuned-7.1.0.jar:/home/runner/.m2/repository/io/fabric8/openshift-model-console/7.1.0/openshift-model-console-7.1.0.jar:/home/runner/.m2/repository/io/fabric8/openshift-model-config/7.1.0/openshift-model-config-7.1.0.jar:/home/runner/.m2/repository/io/fabric8/openshift-model-machineconfiguration/7.1.0/openshift-model-machineconfiguration-7.1.0.jar:/home/runner/.m2/repository/io/fabric8/openshift-model-miscellaneous/7.1.0/openshift-model-miscellaneous-7.1.0.jar:/home/runner/.m2/repository/io/fabric8/openshift-model-hive/7.1.0/openshift-model-hive-7.1.0.jar:/home/runner/.m2/repository/io/fabric8/openshift-model-installer/7.1.0/openshift-model-installer-7.1.0.jar:/home/runner/.m2/repository/org/junit/platform/junit-platform-launcher/1.12.1/junit-platform-launcher-1.12.1.jar:/home/runner/.m2/repository/org/junit/platform/junit-platform-engine/1.12.1/junit-platform-engine-1.12.1.jar:/home/runner/.m2/repository/org/opentest4j/opentest4j/1.3.0/opentest4j-1.3.0.jar:/home/runner/.m2/repository/org/junit/platform/junit-platform-commons/1.12.1/junit-platform-commons-1.12.1.jar:/home/runner/.m2/repository/org/apiguardian/apiguardian-api/1.1.2/apiguardian-api-1.1.2.jar:/home/runner/.m2/repository/jakarta/ws/rs/jakarta.ws.rs-api/3.1.0/jakarta.ws.rs-api-3.1.0.jar:/home/runner/work/apicurio-testing/apicurio-testing/clusters/ci419/namespaces/ksql047/tests/integration/apicurio-registry/java-sdk/target/apicurio-registry-java-sdk-3.0.12-SNAPSHOT.jar:/home/runner/.m2/repository/com/microsoft/kiota/microsoft-kiota-abstractions/1.8.9/microsoft-kiota-abstractions-1.8.9.jar:/home/runner/.m2/repository/io/github/std-uritemplate/std-uritemplate/2.0.0/std-uritemplate-2.0.0.jar:/home/runner/.m2/repository/io/kiota/kiota-http-jdk/0.0.29/kiota-http-jdk-0.0.29.jar:/home/runner/.m2/repository/io/kiota/kiota-http-vertx/0.0.29/kiota-http-vertx-0.0.29.jar:/home/runner/.m2/repository/io/kiota/kiota-serialization-jackson/0.0.29/kiota-serialization-jackson-0.0.29.jar:/home/runner/.m2/repository/com/microsoft/kiota/microsoft-kiota-serialization-text/1.8.9/microsoft-kiota-serialization-text-1.8.9.jar:/home/runner/.m2/repository/com/microsoft/kiota/microsoft-kiota-serialization-form/1.8.9/microsoft-kiota-serialization-form-1.8.9.jar:/home/runner/.m2/repository/com/microsoft/kiota/microsoft-kiota-serialization-multipart/1.8.9/microsoft-kiota-serialization-multipart-1.8.9.jar:/home/runner/.m2/repository/jakarta/annotation/jakarta.annotation-api/3.0.0/jakarta.annotation-api-3.0.0.jar:/home/runner/.m2/repository/io/vertx/vertx-auth-oauth2/4.5.16/vertx-auth-oauth2-4.5.16.jar:/home/runner/work/apicurio-testing/apicurio-testing/clusters/ci419/namespaces/ksql047/tests/integration/apicurio-registry/java-sdk-v2/target/apicurio-registry-v2-java-sdk-3.0.12-SNAPSHOT.jar:/home/runner/work/apicurio-testing/apicurio-testing/clusters/ci419/namespaces/ksql047/tests/integration/apicurio-registry/utils/kafka/target/apicurio-registry-utils-kafka-3.0.12-SNAPSHOT-tests.jar:/home/runner/.m2/repository/org/eclipse/microprofile/config/microprofile-config-api/3.1/microprofile-config-api-3.1.jar:/home/runner/.m2/repository/org/apache/kafka/kafka-clients/3.9.1/kafka-clients-3.9.1.jar:/home/runner/.m2/repository/com/github/luben/zstd-jni/1.5.6-4/zstd-jni-1.5.6-4.jar:/home/runner/.m2/repository/org/lz4/lz4-java/1.8.0/lz4-java-1.8.0.jar:/home/runner/.m2/repository/org/xerial/snappy/snappy-java/1.1.10.5/snappy-java-1.1.10.5.jar:/home/runner/.m2/repository/org/slf4j/slf4j-api/2.0.6/slf4j-api-2.0.6.jar:/home/runner/work/apicurio-testing/apicurio-testing/clusters/ci419/namespaces/ksql047/tests/integration/apicurio-registry/utils/tests/target/apicurio-registry-utils-tests-3.0.12-SNAPSHOT.jar:/home/runner/work/apicurio-testing/apicurio-testing/clusters/ci419/namespaces/ksql047/tests/integration/apicurio-registry/common/target/apicurio-registry-common-3.0.12-SNAPSHOT.jar:/home/runner/.m2/repository/jakarta/validation/jakarta.validation-api/3.0.2/jakarta.validation-api-3.0.2.jar:/home/runner/.m2/repository/com/github/dasniko/testcontainers-keycloak/3.8.0/testcontainers-keycloak-3.8.0.jar:/home/runner/.m2/repository/org/testcontainers/testcontainers/1.20.6/testcontainers-1.20.6.jar:/home/runner/.m2/repository/org/rnorth/duct-tape/duct-tape/1.0.8/duct-tape-1.0.8.jar:/home/runner/.m2/repository/com/github/docker-java/docker-java-transport-zerodep/3.4.1/docker-java-transport-zerodep-3.4.1.jar:/home/runner/.m2/repository/com/github/docker-java/docker-java-transport/3.4.1/docker-java-transport-3.4.1.jar:/home/runner/.m2/repository/net/java/dev/jna/jna/5.8.0/jna-5.8.0.jar:/home/runner/.m2/repository/io/quarkus/quarkus-junit4-mock/3.20.2/quarkus-junit4-mock-3.20.2.jar:/home/runner/.m2/repository/org/jboss/shrinkwrap/shrinkwrap-api/2.0.0-beta-2/shrinkwrap-api-2.0.0-beta-2.jar:/home/runner/.m2/repository/org/jboss/shrinkwrap/shrinkwrap-impl-base/2.0.0-beta-2/shrinkwrap-impl-base-2.0.0-beta-2.jar:/home/runner/.m2/repository/org/jboss/shrinkwrap/shrinkwrap-spi/2.0.0-beta-2/shrinkwrap-spi-2.0.0-beta-2.jar:/home/runner/.m2/repository/org/keycloak/keycloak-admin-client/26.0.4/keycloak-admin-client-26.0.4.jar:/home/runner/.m2/repository/org/keycloak/keycloak-client-common-synced/26.0.4/keycloak-client-common-synced-26.0.4.jar:/home/runner/.m2/repository/jakarta/activation/jakarta.activation-api/2.1.3/jakarta.activation-api-2.1.3.jar:/home/runner/.m2/repository/org/eclipse/microprofile/openapi/microprofile-openapi-api/4.0.2/microprofile-openapi-api-4.0.2.jar:/home/runner/.m2/repository/org/jboss/resteasy/resteasy-client/6.2.12.Final/resteasy-client-6.2.12.Final.jar:/home/runner/.m2/repository/org/jboss/resteasy/resteasy-client-api/6.2.12.Final/resteasy-client-api-6.2.12.Final.jar:/home/runner/.m2/repository/org/jboss/resteasy/resteasy-core-spi/6.2.12.Final/resteasy-core-spi-6.2.12.Final.jar:/home/runner/.m2/repository/org/jboss/resteasy/resteasy-core/6.2.12.Final/resteasy-core-6.2.12.Final.jar:/home/runner/.m2/repository/org/eclipse/angus/angus-activation/2.0.2/angus-activation-2.0.2.jar:/home/runner/.m2/repository/com/ibm/async/asyncutil/0.1.0/asyncutil-0.1.0.jar:/home/runner/.m2/repository/org/reactivestreams/reactive-streams/1.0.4/reactive-streams-1.0.4.jar:/home/runner/.m2/repository/org/jboss/resteasy/resteasy-multipart-provider/6.2.12.Final/resteasy-multipart-provider-6.2.12.Final.jar:/home/runner/.m2/repository/jakarta/mail/jakarta.mail-api/2.1.3/jakarta.mail-api-2.1.3.jar:/home/runner/.m2/repository/org/eclipse/angus/angus-mail/2.0.3/angus-mail-2.0.3.jar:/home/runner/.m2/repository/org/apache/james/apache-mime4j-dom/0.8.12/apache-mime4j-dom-0.8.12.jar:/home/runner/.m2/repository/org/apache/james/apache-mime4j-core/0.8.12/apache-mime4j-core-0.8.12.jar:/home/runner/.m2/repository/org/apache/james/apache-mime4j-storage/0.8.12/apache-mime4j-storage-0.8.12.jar:/home/runner/.m2/repository/org/jboss/resteasy/resteasy-jackson2-provider/6.2.12.Final/resteasy-jackson2-provider-6.2.12.Final.jar:/home/runner/.m2/repository/com/fasterxml/jackson/jakarta/rs/jackson-jakarta-rs-base/2.18.2/jackson-jakarta-rs-base-2.18.2.jar:/home/runner/.m2/repository/com/fasterxml/jackson/jakarta/rs/jackson-jakarta-rs-json-provider/2.18.2/jackson-jakarta-rs-json-provider-2.18.2.jar:/home/runner/.m2/repository/com/fasterxml/jackson/module/jackson-module-jakarta-xmlbind-annotations/2.18.2/jackson-module-jakarta-xmlbind-annotations-2.18.2.jar:/home/runner/.m2/repository/com/github/java-json-tools/json-patch/1.13/json-patch-1.13.jar:/home/runner/.m2/repository/com/github/java-json-tools/msg-simple/1.2/msg-simple-1.2.jar:/home/runner/.m2/repository/com/github/java-json-tools/btf/1.3/btf-1.3.jar:/home/runner/.m2/repository/com/github/java-json-tools/jackson-coreutils/2.0/jackson-coreutils-2.0.jar:/home/runner/.m2/repository/org/jboss/resteasy/resteasy-jaxb-provider/6.2.12.Final/resteasy-jaxb-provider-6.2.12.Final.jar:/home/runner/.m2/repository/org/glassfish/jaxb/codemodel/4.0.5/codemodel-4.0.5.jar:/home/runner/.m2/repository/org/glassfish/jaxb/jaxb-core/4.0.5/jaxb-core-4.0.5.jar:/home/runner/.m2/repository/org/glassfish/jaxb/jaxb-jxc/4.0.5/jaxb-jxc-4.0.5.jar:/home/runner/.m2/repository/org/glassfish/jaxb/jaxb-runtime/4.0.5/jaxb-runtime-4.0.5.jar:/home/runner/.m2/repository/org/glassfish/jaxb/txw2/4.0.5/txw2-4.0.5.jar:/home/runner/.m2/repository/org/glassfish/jaxb/jaxb-xjc/4.0.5/jaxb-xjc-4.0.5.jar:/home/runner/.m2/repository/org/glassfish/jaxb/xsom/4.0.5/xsom-4.0.5.jar:/home/runner/.m2/repository/com/sun/istack/istack-commons-runtime/4.1.2/istack-commons-runtime-4.1.2.jar:/home/runner/.m2/repository/com/sun/istack/istack-commons-tools/4.1.2/istack-commons-tools-4.1.2.jar:/home/runner/.m2/repository/com/sun/xml/bind/external/relaxng-datatype/4.0.5/relaxng-datatype-4.0.5.jar:/home/runner/.m2/repository/com/sun/xml/bind/external/rngom/4.0.5/rngom-4.0.5.jar:/home/runner/.m2/repository/org/testcontainers/mssqlserver/1.20.6/mssqlserver-1.20.6.jar:/home/runner/.m2/repository/org/testcontainers/jdbc/1.20.6/jdbc-1.20.6.jar:/home/runner/.m2/repository/org/testcontainers/database-commons/1.20.6/database-commons-1.20.6.jar:/home/runner/.m2/repository/org/testcontainers/mysql/1.20.6/mysql-1.20.6.jar:/home/runner/.m2/repository/io/strimzi/strimzi-test-container/0.111.0/strimzi-test-container-0.111.0.jar:/home/runner/.m2/repository/org/testcontainers/toxiproxy/1.20.6/toxiproxy-1.20.6.jar:/home/runner/.m2/repository/com/github/docker-java/docker-java-api/3.4.1/docker-java-api-3.4.1.jar:/home/runner/.m2/repository/org/apache/logging/log4j/log4j-slf4j-impl/2.19.0/log4j-slf4j-impl-2.19.0.jar:/home/runner/.m2/repository/org/apache/logging/log4j/log4j-api/2.24.3/log4j-api-2.24.3.jar:/home/runner/.m2/repository/org/apache/logging/log4j/log4j-core/2.19.0/log4j-core-2.19.0.jar:/home/runner/.m2/repository/eu/rekawek/toxiproxy/toxiproxy-java/2.1.7/toxiproxy-java-2.1.7.jar:/home/runner/.m2/repository/org/testcontainers/pulsar/1.21.3/pulsar-1.21.3.jar:/home/runner/.m2/repository/io/debezium/debezium-testing-testcontainers/2.7.4.Final/debezium-testing-testcontainers-2.7.4.Final.jar:/home/runner/.m2/repository/org/testcontainers/kafka/1.20.6/kafka-1.20.6.jar:/home/runner/.m2/repository/com/squareup/okhttp3/okhttp/4.8.1/okhttp-4.8.1.jar:/home/runner/.m2/repository/com/squareup/okio/okio/3.10.2/okio-3.10.2.jar:/home/runner/.m2/repository/com/squareup/okio/okio-jvm/3.10.2/okio-jvm-3.10.2.jar:/home/runner/.m2/repository/org/jetbrains/kotlin/kotlin-stdlib/2.0.21/kotlin-stdlib-2.0.21.jar:/home/runner/.m2/repository/org/awaitility/awaitility/4.3.0/awaitility-4.3.0.jar:/home/runner/.m2/repository/org/testcontainers/mongodb/1.20.6/mongodb-1.20.6.jar:/home/runner/.m2/repository/org/testcontainers/mariadb/1.20.6/mariadb-1.20.6.jar:/home/runner/.m2/repository/org/testcontainers/oracle-xe/1.20.6/oracle-xe-1.20.6.jar:/home/runner/.m2/repository/org/testcontainers/postgresql/1.20.6/postgresql-1.20.6.jar:/home/runner/.m2/repository/org/wiremock/wiremock/3.0.1/wiremock-3.0.1.jar:/home/runner/.m2/repository/org/eclipse/jetty/jetty-server/11.0.15/jetty-server-11.0.15.jar:/home/runner/.m2/repository/org/eclipse/jetty/toolchain/jetty-jakarta-servlet-api/5.0.2/jetty-jakarta-servlet-api-5.0.2.jar:/home/runner/.m2/repository/org/eclipse/jetty/jetty-http/11.0.15/jetty-http-11.0.15.jar:/home/runner/.m2/repository/org/eclipse/jetty/jetty-io/11.0.15/jetty-io-11.0.15.jar:/home/runner/.m2/repository/org/eclipse/jetty/jetty-servlet/11.0.15/jetty-servlet-11.0.15.jar:/home/runner/.m2/repository/org/eclipse/jetty/jetty-security/11.0.15/jetty-security-11.0.15.jar:/home/runner/.m2/repository/org/eclipse/jetty/jetty-servlets/11.0.15/jetty-servlets-11.0.15.jar:/home/runner/.m2/repository/org/eclipse/jetty/jetty-util/11.0.15/jetty-util-11.0.15.jar:/home/runner/.m2/repository/org/eclipse/jetty/jetty-webapp/11.0.15/jetty-webapp-11.0.15.jar:/home/runner/.m2/repository/org/eclipse/jetty/jetty-xml/11.0.15/jetty-xml-11.0.15.jar:/home/runner/.m2/repository/org/eclipse/jetty/jetty-proxy/11.0.15/jetty-proxy-11.0.15.jar:/home/runner/.m2/repository/org/eclipse/jetty/jetty-client/11.0.15/jetty-client-11.0.15.jar:/home/runner/.m2/repository/org/eclipse/jetty/http2/http2-server/11.0.15/http2-server-11.0.15.jar:/home/runner/.m2/repository/org/eclipse/jetty/http2/http2-common/11.0.15/http2-common-11.0.15.jar:/home/runner/.m2/repository/org/eclipse/jetty/http2/http2-hpack/11.0.15/http2-hpack-11.0.15.jar:/home/runner/.m2/repository/org/eclipse/jetty/jetty-alpn-server/11.0.15/jetty-alpn-server-11.0.15.jar:/home/runner/.m2/repository/org/eclipse/jetty/jetty-alpn-java-server/11.0.15/jetty-alpn-java-server-11.0.15.jar:/home/runner/.m2/repository/org/eclipse/jetty/jetty-alpn-java-client/11.0.15/jetty-alpn-java-client-11.0.15.jar:/home/runner/.m2/repository/org/eclipse/jetty/jetty-alpn-client/11.0.15/jetty-alpn-client-11.0.15.jar:/home/runner/.m2/repository/org/apache/httpcomponents/client5/httpclient5/5.2.1/httpclient5-5.2.1.jar:/home/runner/.m2/repository/org/apache/httpcomponents/core5/httpcore5/5.2/httpcore5-5.2.jar:/home/runner/.m2/repository/org/apache/httpcomponents/core5/httpcore5-h2/5.2/httpcore5-h2-5.2.jar:/home/runner/.m2/repository/org/xmlunit/xmlunit-core/2.9.1/xmlunit-core-2.9.1.jar:/home/runner/.m2/repository/jakarta/xml/bind/jakarta.xml.bind-api/4.0.2/jakarta.xml.bind-api-4.0.2.jar:/home/runner/.m2/repository/org/xmlunit/xmlunit-legacy/2.9.1/xmlunit-legacy-2.9.1.jar:/home/runner/.m2/repository/org/xmlunit/xmlunit-placeholders/2.9.1/xmlunit-placeholders-2.9.1.jar:/home/runner/.m2/repository/net/javacrumbs/json-unit/json-unit-core/2.38.0/json-unit-core-2.38.0.jar:/home/runner/.m2/repository/org/hamcrest/hamcrest-core/2.2/hamcrest-core-2.2.jar:/home/runner/.m2/repository/com/jayway/jsonpath/json-path/2.8.0/json-path-2.8.0.jar:/home/runner/.m2/repository/net/minidev/json-smart/2.4.10/json-smart-2.4.10.jar:/home/runner/.m2/repository/net/minidev/accessors-smart/2.4.9/accessors-smart-2.4.9.jar:/home/runner/.m2/repository/org/ow2/asm/asm/9.7.1/asm-9.7.1.jar:/home/runner/.m2/repository/net/sf/jopt-simple/jopt-simple/5.0.4/jopt-simple-5.0.4.jar:/home/runner/.m2/repository/com/github/jknack/handlebars/4.3.1/handlebars-4.3.1.jar:/home/runner/.m2/repository/com/github/jknack/handlebars-helpers/4.3.1/handlebars-helpers-4.3.1.jar:/home/runner/.m2/repository/commons-fileupload/commons-fileupload/1.5/commons-fileupload-1.5.jar:/home/runner/.m2/repository/com/networknt/json-schema-validator/1.5.8/json-schema-validator-1.5.8.jar:/home/runner/.m2/repository/com/ethlo/time/itu/1.10.3/itu-1.10.3.jar:/home/runner/.m2/repository/io/quarkus/quarkus-smallrye-jwt-build/3.20.2/quarkus-smallrye-jwt-build-3.20.2.jar:/home/runner/.m2/repository/io/smallrye/smallrye-jwt-build/4.6.2/smallrye-jwt-build-4.6.2.jar:/home/runner/.m2/repository/org/eclipse/microprofile/jwt/microprofile-jwt-auth-api/2.1/microprofile-jwt-auth-api-2.1.jar:/home/runner/.m2/repository/org/bitbucket/b_c/jose4j/0.9.6/jose4j-0.9.6.jar:/home/runner/.m2/repository/io/smallrye/smallrye-jwt-common/4.6.2/smallrye-jwt-common-4.6.2.jar:/home/runner/.m2/repository/io/quarkus/quarkus-jsonp/3.20.2/quarkus-jsonp-3.20.2.jar:/home/runner/.m2/repository/io/quarkus/quarkus-arc/3.20.2/quarkus-arc-3.20.2.jar:/home/runner/.m2/repository/io/quarkus/arc/arc/3.20.2/arc-3.20.2.jar:/home/runner/.m2/repository/jakarta/transaction/jakarta.transaction-api/2.0.1/jakarta.transaction-api-2.0.1.jar:/home/runner/.m2/repository/io/smallrye/reactive/mutiny/2.9.2/mutiny-2.9.2.jar:/home/runner/.m2/repository/org/jctools/jctools-core/4.0.5/jctools-core-4.0.5.jar:/home/runner/.m2/repository/org/eclipse/microprofile/context-propagation/microprofile-context-propagation-api/1.3/microprofile-context-propagation-api-1.3.jar:/home/runner/.m2/repository/io/apicurio/apicurio-common-rest-client-common/0.1.18.Final/apicurio-common-rest-client-common-0.1.18.Final.jar:/home/runner/work/apicurio-testing/apicurio-testing/clusters/ci419/namespaces/ksql047/tests/integration/apicurio-registry/utils/maven-plugin/target/apicurio-registry-maven-plugin-3.0.12-SNAPSHOT.jar:/home/runner/.m2/repository/com/fasterxml/jackson/core/jackson-databind/2.18.2/jackson-databind-2.18.2.jar:/home/runner/.m2/repository/org/apache/avro/avro/1.12.0/avro-1.12.0.jar:/home/runner/.m2/repository/com/google/protobuf/protobuf-java/4.31.1/protobuf-java-4.31.1.jar:/home/runner/.m2/repository/com/google/protobuf/protobuf-java-util/4.31.1/protobuf-java-util-4.31.1.jar:/home/runner/.m2/repository/com/google/code/findbugs/jsr305/3.0.2/jsr305-3.0.2.jar:/home/runner/.m2/repository/com/google/code/gson/gson/2.12.1/gson-2.12.1.jar:/home/runner/.m2/repository/com/google/errorprone/error_prone_annotations/2.36.0/error_prone_annotations-2.36.0.jar:/home/runner/.m2/repository/com/google/j2objc/j2objc-annotations/2.8/j2objc-annotations-2.8.jar:/home/runner/work/apicurio-testing/apicurio-testing/clusters/ci419/namespaces/ksql047/tests/integration/apicurio-registry/schema-util/util-provider/target/apicurio-registry-schema-util-provider-3.0.12-SNAPSHOT.jar:/home/runner/work/apicurio-testing/apicurio-testing/clusters/ci419/namespaces/ksql047/tests/integration/apicurio-registry/schema-util/common/target/apicurio-registry-schema-util-common-3.0.12-SNAPSHOT.jar:/home/runner/.m2/repository/com/fasterxml/jackson/module/jackson-module-parameter-names/2.18.2/jackson-module-parameter-names-2.18.2.jar:/home/runner/.m2/repository/com/fasterxml/jackson/datatype/jackson-datatype-json-org/2.18.2/jackson-datatype-json-org-2.18.2.jar:/home/runner/work/apicurio-testing/apicurio-testing/clusters/ci419/namespaces/ksql047/tests/integration/apicurio-registry/schema-util/json/target/apicurio-registry-schema-util-json-3.0.12-SNAPSHOT.jar:/home/runner/.m2/repository/com/github/erosb/everit-json-schema/1.14.5/everit-json-schema-1.14.5.jar:/home/runner/.m2/repository/commons-validator/commons-validator/1.9.0/commons-validator-1.9.0.jar:/home/runner/.m2/repository/commons-digester/commons-digester/2.1/commons-digester-2.1.jar:/home/runner/.m2/repository/commons-collections/commons-collections/3.2.2/commons-collections-3.2.2.jar:/home/runner/.m2/repository/com/damnhandy/handy-uri-templates/2.1.8/handy-uri-templates-2.1.8.jar:/home/runner/.m2/repository/joda-time/joda-time/2.10.2/joda-time-2.10.2.jar:/home/runner/.m2/repository/com/github/erosb/json-sKema/0.20.0/json-sKema-0.20.0.jar:/home/runner/.m2/repository/io/vertx/vertx-json-schema/4.5.16/vertx-json-schema-4.5.16.jar:/home/runner/work/apicurio-testing/apicurio-testing/clusters/ci419/namespaces/ksql047/tests/integration/apicurio-registry/schema-util/protobuf/target/apicurio-registry-schema-util-protobuf-3.0.12-SNAPSHOT.jar:/home/runner/work/apicurio-testing/apicurio-testing/clusters/ci419/namespaces/ksql047/tests/integration/apicurio-registry/utils/protobuf-schema-utilities/target/apicurio-registry-protobuf-schema-utilities-3.0.12-SNAPSHOT.jar:/home/runner/.m2/repository/com/google/api/grpc/proto-google-common-protos/2.52.0/proto-google-common-protos-2.52.0.jar:/home/runner/.m2/repository/com/squareup/wire/wire-schema-jvm/5.3.3/wire-schema-jvm-5.3.3.jar:/home/runner/.m2/repository/com/palantir/javapoet/javapoet/0.6.0/javapoet-0.6.0.jar:/home/runner/.m2/repository/com/squareup/kotlinpoet-jvm/2.0.0/kotlinpoet-jvm-2.0.0.jar:/home/runner/.m2/repository/org/jetbrains/kotlin/kotlin-reflect/2.0.21/kotlin-reflect-2.0.21.jar:/home/runner/.m2/repository/com/squareup/wire/wire-runtime-jvm/5.3.3/wire-runtime-jvm-5.3.3.jar:/home/runner/.m2/repository/com/ibm/icu/icu4j/76.1/icu4j-76.1.jar:/home/runner/.m2/repository/com/squareup/okio/okio-fakefilesystem/3.10.2/okio-fakefilesystem-3.10.2.jar:/home/runner/.m2/repository/com/squareup/okio/okio-fakefilesystem-jvm/3.10.2/okio-fakefilesystem-jvm-3.10.2.jar:/home/runner/.m2/repository/org/jetbrains/kotlinx/kotlinx-datetime-jvm/0.6.1/kotlinx-datetime-jvm-0.6.1.jar:/home/runner/work/apicurio-testing/apicurio-testing/clusters/ci419/namespaces/ksql047/tests/integration/apicurio-registry/schema-util/asyncapi/target/apicurio-registry-schema-util-asyncapi-3.0.12-SNAPSHOT.jar:/home/runner/work/apicurio-testing/apicurio-testing/clusters/ci419/namespaces/ksql047/tests/integration/apicurio-registry/schema-util/avro/target/apicurio-registry-schema-util-avro-3.0.12-SNAPSHOT.jar:/home/runner/work/apicurio-testing/apicurio-testing/clusters/ci419/namespaces/ksql047/tests/integration/apicurio-registry/schema-util/graphql/target/apicurio-registry-schema-util-graphql-3.0.12-SNAPSHOT.jar:/home/runner/.m2/repository/com/graphql-java/graphql-java/22.4/graphql-java-22.4.jar:/home/runner/.m2/repository/com/graphql-java/java-dataloader/3.3.0/java-dataloader-3.3.0.jar:/home/runner/work/apicurio-testing/apicurio-testing/clusters/ci419/namespaces/ksql047/tests/integration/apicurio-registry/schema-util/kconnect/target/apicurio-registry-schema-util-kconnect-3.0.12-SNAPSHOT.jar:/home/runner/work/apicurio-testing/apicurio-testing/clusters/ci419/namespaces/ksql047/tests/integration/apicurio-registry/schema-util/openapi/target/apicurio-registry-schema-util-openapi-3.0.12-SNAPSHOT.jar:/home/runner/.m2/repository/io/apicurio/apicurio-data-models/2.2.2/apicurio-data-models-2.2.2.jar:/home/runner/.m2/repository/org/openapitools/openapidiff/openapi-diff-core/2.1.2/openapi-diff-core-2.1.2.jar:/home/runner/.m2/repository/io/swagger/parser/v3/swagger-parser/2.1.28/swagger-parser-2.1.28.jar:/home/runner/.m2/repository/io/swagger/parser/v3/swagger-parser-v2-converter/2.1.28/swagger-parser-v2-converter-2.1.28.jar:/home/runner/.m2/repository/io/swagger/swagger-core/1.6.16/swagger-core-1.6.16.jar:/home/runner/.m2/repository/io/swagger/swagger-models/1.6.16/swagger-models-1.6.16.jar:/home/runner/.m2/repository/io/swagger/swagger-annotations/1.6.16/swagger-annotations-1.6.16.jar:/home/runner/.m2/repository/io/swagger/swagger-parser/1.0.75/swagger-parser-1.0.75.jar:/home/runner/.m2/repository/io/swagger/swagger-parser-safe-url-resolver/1.0.75/swagger-parser-safe-url-resolver-1.0.75.jar:/home/runner/.m2/repository/io/swagger/swagger-compat-spec-parser/1.0.75/swagger-compat-spec-parser-1.0.75.jar:/home/runner/.m2/repository/com/github/java-json-tools/json-schema-validator/2.2.14/json-schema-validator-2.2.14.jar:/home/runner/.m2/repository/com/github/java-json-tools/jackson-coreutils-equivalence/1.0/jackson-coreutils-equivalence-1.0.jar:/home/runner/.m2/repository/com/github/java-json-tools/json-schema-core/1.2.14/json-schema-core-1.2.14.jar:/home/runner/.m2/repository/com/github/java-json-tools/uri-template/0.10/uri-template-0.10.jar:/home/runner/.m2/repository/com/googlecode/libphonenumber/libphonenumber/8.11.1/libphonenumber-8.11.1.jar:/home/runner/.m2/repository/com/j2html/j2html/1.6.0/j2html-1.6.0.jar:/home/runner/.m2/repository/org/apache/commons/commons-collections4/4.5.0/commons-collections4-4.5.0.jar:/home/runner/.m2/repository/org/slf4j/jcl-over-slf4j/2.0.17/jcl-over-slf4j-2.0.17.jar:/home/runner/.m2/repository/io/swagger/parser/v3/swagger-parser-v3/2.1.31/swagger-parser-v3-2.1.31.jar:/home/runner/.m2/repository/io/swagger/core/v3/swagger-models/2.2.34/swagger-models-2.2.34.jar:/home/runner/.m2/repository/io/swagger/core/v3/swagger-core/2.2.34/swagger-core-2.2.34.jar:/home/runner/.m2/repository/io/swagger/parser/v3/swagger-parser-core/2.1.31/swagger-parser-core-2.1.31.jar:/home/runner/.m2/repository/io/swagger/parser/v3/swagger-parser-safe-url-resolver/2.1.31/swagger-parser-safe-url-resolver-2.1.31.jar:/home/runner/work/apicurio-testing/apicurio-testing/clusters/ci419/namespaces/ksql047/tests/integration/apicurio-registry/schema-util/wsdl/target/apicurio-registry-schema-util-wsdl-3.0.12-SNAPSHOT.jar:/home/runner/.m2/repository/wsdl4j/wsdl4j/1.6.3/wsdl4j-1.6.3.jar:/home/runner/work/apicurio-testing/apicurio-testing/clusters/ci419/namespaces/ksql047/tests/integration/apicurio-registry/schema-util/xml/target/apicurio-registry-schema-util-xml-3.0.12-SNAPSHOT.jar:/home/runner/.m2/repository/org/apache/santuario/xmlsec/4.0.4/xmlsec-4.0.4.jar:/home/runner/.m2/repository/com/fasterxml/woodstox/woodstox-core/7.1.1/woodstox-core-7.1.1.jar:/home/runner/.m2/repository/org/codehaus/woodstox/stax2-api/4.2.2/stax2-api-4.2.2.jar:/home/runner/work/apicurio-testing/apicurio-testing/clusters/ci419/namespaces/ksql047/tests/integration/apicurio-registry/schema-util/xsd/target/apicurio-registry-schema-util-xsd-3.0.12-SNAPSHOT.jar:/home/runner/work/apicurio-testing/apicurio-testing/clusters/ci419/namespaces/ksql047/tests/integration/apicurio-registry/serdes/kafka/jsonschema-serde/target/apicurio-registry-jsonschema-serde-kafka-3.0.12-SNAPSHOT.jar:/home/runner/work/apicurio-testing/apicurio-testing/clusters/ci419/namespaces/ksql047/tests/integration/apicurio-registry/serdes/kafka/serde-kafka-common/target/apicurio-registry-serde-kafka-common-3.0.12-SNAPSHOT.jar:/home/runner/work/apicurio-testing/apicurio-testing/clusters/ci419/namespaces/ksql047/tests/integration/apicurio-registry/serdes/generic/serde-common/target/apicurio-registry-serde-common-3.0.12-SNAPSHOT.jar:/home/runner/work/apicurio-testing/apicurio-testing/clusters/ci419/namespaces/ksql047/tests/integration/apicurio-registry/serdes/generic/serde-common-jsonschema/target/apicurio-registry-serde-common-jsonschema-3.0.12-SNAPSHOT.jar:/home/runner/.m2/repository/org/json/json/20250107/json-20250107.jar:/home/runner/work/apicurio-testing/apicurio-testing/clusters/ci419/namespaces/ksql047/tests/integration/apicurio-registry/serdes/kafka/avro-serde/target/apicurio-registry-avro-serde-kafka-3.0.12-SNAPSHOT.jar:/home/runner/work/apicurio-testing/apicurio-testing/clusters/ci419/namespaces/ksql047/tests/integration/apicurio-registry/serdes/generic/serde-common-avro/target/apicurio-registry-serde-common-avro-3.0.12-SNAPSHOT.jar:/home/runner/work/apicurio-testing/apicurio-testing/clusters/ci419/namespaces/ksql047/tests/integration/apicurio-registry/serdes/kafka/protobuf-serde/target/apicurio-registry-protobuf-serde-kafka-3.0.12-SNAPSHOT.jar:/home/runner/work/apicurio-testing/apicurio-testing/clusters/ci419/namespaces/ksql047/tests/integration/apicurio-registry/serdes/generic/serde-common-protobuf/target/apicurio-registry-serde-common-protobuf-3.0.12-SNAPSHOT.jar:/home/runner/.m2/repository/com/squareup/wire/wire-schema/5.3.3/wire-schema-5.3.3.jar:/home/runner/.m2/repository/com/squareup/wire/wire-runtime/5.3.3/wire-runtime-5.3.3.jar:/home/runner/work/apicurio-testing/apicurio-testing/clusters/ci419/namespaces/ksql047/tests/integration/apicurio-registry/serdes/pulsar/avro-serde/target/apicurio-registry-avro-serde-pulsar-3.0.12-SNAPSHOT.jar:/home/runner/.m2/repository/org/apache/pulsar/pulsar-functions-api/3.3.8/pulsar-functions-api-3.3.8.jar:/home/runner/work/apicurio-testing/apicurio-testing/clusters/ci419/namespaces/ksql047/tests/integration/apicurio-registry/serdes/nats/avro-serde/target/apicurio-registry-avro-serde-nats-3.0.12-SNAPSHOT.jar:/home/runner/.m2/repository/io/nats/jnats/2.21.4/jnats-2.21.4.jar:/home/runner/.m2/repository/org/bouncycastle/bcprov-lts8on/2.73.7/bcprov-lts8on-2.73.7.jar:/home/runner/.m2/repository/org/jetbrains/annotations/26.0.2/annotations-26.0.2.jar:/home/runner/work/apicurio-testing/apicurio-testing/clusters/ci419/namespaces/ksql047/tests/integration/apicurio-registry/utils/converter/target/apicurio-registry-utils-converter-3.0.12-SNAPSHOT.jar:/home/runner/work/apicurio-testing/apicurio-testing/clusters/ci419/namespaces/ksql047/tests/integration/apicurio-registry/schema-resolver/target/apicurio-registry-schema-resolver-3.0.12-SNAPSHOT.jar:/home/runner/.m2/repository/org/apache/kafka/connect-api/3.9.1/connect-api-3.9.1.jar:/home/runner/.m2/repository/javax/ws/rs/javax.ws.rs-api/2.1.1/javax.ws.rs-api-2.1.1.jar:/home/runner/.m2/repository/org/apache/kafka/connect-json/3.9.1/connect-json-3.9.1.jar:/home/runner/.m2/repository/com/fasterxml/jackson/datatype/jackson-datatype-jdk8/2.18.2/jackson-datatype-jdk8-2.18.2.jar:/home/runner/.m2/repository/com/fasterxml/jackson/module/jackson-module-afterburner/2.18.2/jackson-module-afterburner-2.18.2.jar:/home/runner/work/apicurio-testing/apicurio-testing/clusters/ci419/namespaces/ksql047/tests/integration/apicurio-registry/utils/kafka/target/apicurio-registry-utils-kafka-3.0.12-SNAPSHOT.jar:/home/runner/.m2/repository/org/apache/pulsar/pulsar-client/3.3.8/pulsar-client-3.3.8.jar:/home/runner/.m2/repository/org/apache/pulsar/pulsar-client-api/3.3.8/pulsar-client-api-3.3.8.jar:/home/runner/.m2/repository/org/apache/pulsar/pulsar-client-admin-api/3.3.8/pulsar-client-admin-api-3.3.8.jar:/home/runner/.m2/repository/org/apache/pulsar/bouncy-castle-bc/3.3.8/bouncy-castle-bc-3.3.8-pkg.jar:/home/runner/.m2/repository/org/bouncycastle/bcpkix-jdk18on/1.81/bcpkix-jdk18on-1.81.jar:/home/runner/.m2/repository/org/bouncycastle/bcutil-jdk18on/1.81/bcutil-jdk18on-1.81.jar:/home/runner/.m2/repository/org/bouncycastle/bcprov-jdk18on/1.81/bcprov-jdk18on-1.81.jar:/home/runner/.m2/repository/io/opentelemetry/opentelemetry-api/1.44.1/opentelemetry-api-1.44.1.jar:/home/runner/.m2/repository/io/opentelemetry/opentelemetry-context/1.44.1/opentelemetry-context-1.44.1.jar:/home/runner/.m2/repository/io/opentelemetry/opentelemetry-api-incubator/1.44.1-alpha/opentelemetry-api-incubator-1.44.1-alpha.jar:/home/runner/.m2/repository/com/fasterxml/jackson/core/jackson-annotations/2.18.2/jackson-annotations-2.18.2.jar:/home/runner/.m2/repository/javax/validation/validation-api/1.1.0.Final/validation-api-1.1.0.Final.jar:/home/runner/.m2/repository/org/jspecify/jspecify/1.0.0/jspecify-1.0.0.jar:/home/runner/.m2/repository/org/apache/commons/commons-configuration2/2.12.0/commons-configuration2-2.12.0.jar:/home/runner/.m2/repository/commons-logging/commons-logging/1.3.5/commons-logging-1.3.5.jar:/home/runner/.m2/repository/org/apache/commons/commons-text/1.13.0/commons-text-1.13.0.jar:/home/runner/.m2/repository/io/confluent/kafka-avro-serializer/8.0.0/kafka-avro-serializer-8.0.0.jar:/home/runner/.m2/repository/org/apache/commons/commons-compress/1.27.1/commons-compress-1.27.1.jar:/home/runner/.m2/repository/io/confluent/kafka-schema-serializer/8.0.0/kafka-schema-serializer-8.0.0.jar:/home/runner/.m2/repository/com/fasterxml/jackson/dataformat/jackson-dataformat-csv/2.18.2/jackson-dataformat-csv-2.18.2.jar:/home/runner/.m2/repository/io/confluent/kafka-schema-registry-client/8.0.0/kafka-schema-registry-client-8.0.0.jar:/home/runner/.m2/repository/org/yaml/snakeyaml/2.3/snakeyaml-2.3.jar:/home/runner/.m2/repository/io/swagger/core/v3/swagger-annotations/2.2.29/swagger-annotations-2.2.29.jar:/home/runner/.m2/repository/com/google/guava/guava/33.4.0-jre/guava-33.4.0-jre.jar:/home/runner/.m2/repository/com/google/guava/failureaccess/1.0.1/failureaccess-1.0.1.jar:/home/runner/.m2/repository/org/checkerframework/checker-qual/3.49.0/checker-qual-3.49.0.jar:/home/runner/.m2/repository/io/confluent/logredactor/1.0.13/logredactor-1.0.13.jar:/home/runner/.m2/repository/com/google/re2j/re2j/1.6/re2j-1.6.jar:/home/runner/.m2/repository/io/confluent/logredactor-metrics/1.0.13/logredactor-metrics-1.0.13.jar:/home/runner/.m2/repository/com/eclipsesource/minimal-json/minimal-json/0.9.5/minimal-json-0.9.5.jar:/home/runner/.m2/repository/io/confluent/common-utils/8.0.0/common-utils-8.0.0.jar:/home/runner/.m2/repository/io/confluent/kafka-connect-avro-converter/8.0.0/kafka-connect-avro-converter-8.0.0.jar:/home/runner/.m2/repository/io/confluent/kafka-connect-avro-data/8.0.0/kafka-connect-avro-data-8.0.0.jar:/home/runner/.m2/repository/io/confluent/kafka-schema-converter/8.0.0/kafka-schema-converter-8.0.0.jar:/home/runner/.m2/repository/io/rest-assured/rest-assured/5.5.1/rest-assured-5.5.1.jar:/home/runner/.m2/repository/org/apache/groovy/groovy/4.0.22/groovy-4.0.22.jar:/home/runner/.m2/repository/org/apache/groovy/groovy-xml/4.0.22/groovy-xml-4.0.22.jar:/home/runner/.m2/repository/org/apache/httpcomponents/httpclient/4.5.14/httpclient-4.5.14.jar:/home/runner/.m2/repository/org/apache/httpcomponents/httpcore/4.4.16/httpcore-4.4.16.jar:/home/runner/.m2/repository/org/apache/httpcomponents/httpmime/4.5.14/httpmime-4.5.14.jar:/home/runner/.m2/repository/org/hamcrest/hamcrest/2.2/hamcrest-2.2.jar:/home/runner/.m2/repository/org/ccil/cowan/tagsoup/tagsoup/1.2.1/tagsoup-1.2.1.jar:/home/runner/.m2/repository/io/rest-assured/json-path/5.5.1/json-path-5.5.1.jar:/home/runner/.m2/repository/org/apache/groovy/groovy-json/4.0.22/groovy-json-4.0.22.jar:/home/runner/.m2/repository/io/rest-assured/rest-assured-common/5.5.1/rest-assured-common-5.5.1.jar:/home/runner/.m2/repository/io/rest-assured/xml-path/5.5.1/xml-path-5.5.1.jar:/home/runner/.m2/repository/io/zonky/test/embedded-postgres/2.1.0/embedded-postgres-2.1.0.jar:/home/runner/.m2/repository/io/zonky/test/postgres/embedded-postgres-binaries-windows-amd64/14.15.0/embedded-postgres-binaries-windows-amd64-14.15.0.jar:/home/runner/.m2/repository/io/zonky/test/postgres/embedded-postgres-binaries-darwin-amd64/14.15.0/embedded-postgres-binaries-darwin-amd64-14.15.0.jar:/home/runner/.m2/repository/io/zonky/test/postgres/embedded-postgres-binaries-linux-amd64/14.15.0/embedded-postgres-binaries-linux-amd64-14.15.0.jar:/home/runner/.m2/repository/io/zonky/test/postgres/embedded-postgres-binaries-linux-amd64-alpine/14.15.0/embedded-postgres-binaries-linux-amd64-alpine-14.15.0.jar:/home/runner/.m2/repository/org/apache/commons/commons-lang3/3.17.0/commons-lang3-3.17.0.jar:/home/runner/.m2/repository/org/tukaani/xz/1.10/xz-1.10.jar:/home/runner/.m2/repository/commons-codec/commons-codec/1.19.0/commons-codec-1.19.0.jar:/home/runner/.m2/repository/org/postgresql/postgresql/42.7.7/postgresql-42.7.7.jar:/home/runner/.m2/repository/commons-io/commons-io/2.18.0/commons-io-2.18.0.jar:/home/runner/work/apicurio-testing/apicurio-testing/clusters/ci419/namespaces/ksql047/tests/integration/apicurio-registry/utils/importexport/target/apicurio-registry-utils-import-export-3.0.12-SNAPSHOT.jar:/home/runner/.m2/repository/io/vertx/vertx-core/4.5.16/vertx-core-4.5.16.jar:/home/runner/.m2/repository/io/netty/netty-common/4.1.121.Final/netty-common-4.1.121.Final.jar:/home/runner/.m2/repository/io/netty/netty-buffer/4.1.121.Final/netty-buffer-4.1.121.Final.jar:/home/runner/.m2/repository/io/netty/netty-transport/4.1.121.Final/netty-transport-4.1.121.Final.jar:/home/runner/.m2/repository/io/netty/netty-handler/4.1.121.Final/netty-handler-4.1.121.Final.jar:/home/runner/.m2/repository/io/netty/netty-transport-native-unix-common/4.1.121.Final/netty-transport-native-unix-common-4.1.121.Final.jar:/home/runner/.m2/repository/io/netty/netty-codec/4.1.121.Final/netty-codec-4.1.121.Final.jar:/home/runner/.m2/repository/io/netty/netty-handler-proxy/4.1.121.Final/netty-handler-proxy-4.1.121.Final.jar:/home/runner/.m2/repository/io/netty/netty-codec-socks/4.1.121.Final/netty-codec-socks-4.1.121.Final.jar:/home/runner/.m2/repository/io/netty/netty-codec-http/4.1.121.Final/netty-codec-http-4.1.121.Final.jar:/home/runner/.m2/repository/io/netty/netty-codec-http2/4.1.121.Final/netty-codec-http2-4.1.121.Final.jar:/home/runner/.m2/repository/io/netty/netty-resolver/4.1.121.Final/netty-resolver-4.1.121.Final.jar:/home/runner/.m2/repository/io/netty/netty-resolver-dns/4.1.121.Final/netty-resolver-dns-4.1.121.Final.jar:/home/runner/.m2/repository/io/netty/netty-codec-dns/4.1.121.Final/netty-codec-dns-4.1.121.Final.jar:/home/runner/.m2/repository/com/fasterxml/jackson/core/jackson-core/2.18.2/jackson-core-2.18.2.jar:"/>
    <property name="java.vm.vendor" value="Eclipse Adoptium"/>
    <property name="maven.javadoc.skip" value="true"/>
    <property name="sun.arch.data.model" value="64"/>
    <property name="java.vendor.url" value="https://adoptium.net/"/>
    <property name="user.timezone" value="Etc/UTC"/>
    <property name="os.name" value="Linux"/>
    <property name="java.vm.specification.version" value="17"/>
    <property name="sun.java.launcher" value="SUN_STANDARD"/>
    <property name="quarkus.http.test-port" value="80"/>
    <property name="sun.boot.library.path" value="/usr/lib/jvm/temurin-17-jdk-amd64/lib"/>
    <property name="sun.java.command" value="/home/runner/work/apicurio-testing/apicurio-testing/clusters/ci419/namespaces/ksql047/tests/integration/apicurio-registry/integration-tests/target/surefire/surefirebooter-20250812172428248_3.jar /home/runner/work/apicurio-testing/apicurio-testing/clusters/ci419/namespaces/ksql047/tests/integration/apicurio-registry/integration-tests/target/surefire 2025-08-12T17-24-28_144-jvmRun1 surefire-20250812172428248_1tmp surefire_0-20250812172428248_2tmp"/>
    <property name="maven.home" value="/home/runner/.m2/wrapper/dists/apache-maven-3.9.8-bin/4fnp1ql35bgk2a0p7m31ovbgb0/apache-maven-3.9.8"/>
    <property name="jdk.debug" value="release"/>
    <property name="surefire.test.class.path" value="/home/runner/work/apicurio-testing/apicurio-testing/clusters/ci419/namespaces/ksql047/tests/integration/apicurio-registry/integration-tests/target/test-classes:/home/runner/work/apicurio-testing/apicurio-testing/clusters/ci419/namespaces/ksql047/tests/integration/apicurio-registry/integration-tests/target/apicurio-registry-integration-tests-3.0.12-SNAPSHOT.jar:/home/runner/.m2/repository/io/quarkus/quarkus-junit5/3.20.2/quarkus-junit5-3.20.2.jar:/home/runner/.m2/repository/io/quarkus/quarkus-bootstrap-core/3.20.2/quarkus-bootstrap-core-3.20.2.jar:/home/runner/.m2/repository/io/quarkus/quarkus-classloader-commons/3.20.2/quarkus-classloader-commons-3.20.2.jar:/home/runner/.m2/repository/io/quarkus/quarkus-bootstrap-app-model/3.20.2/quarkus-bootstrap-app-model-3.20.2.jar:/home/runner/.m2/repository/io/smallrye/common/smallrye-common-io/2.12.0/smallrye-common-io-2.12.0.jar:/home/runner/.m2/repository/org/eclipse/sisu/org.eclipse.sisu.inject/0.9.0.M3/org.eclipse.sisu.inject-0.9.0.M3.jar:/home/runner/.m2/repository/io/quarkus/quarkus-test-common/3.20.2/quarkus-test-common-3.20.2.jar:/home/runner/.m2/repository/io/quarkus/quarkus-core-deployment/3.20.2/quarkus-core-deployment-3.20.2.jar:/home/runner/.m2/repository/org/aesh/readline/2.6/readline-2.6.jar:/home/runner/.m2/repository/org/fusesource/jansi/jansi/2.4.0/jansi-2.4.0.jar:/home/runner/.m2/repository/org/aesh/aesh/2.8.2/aesh-2.8.2.jar:/home/runner/.m2/repository/io/quarkus/gizmo/gizmo/1.8.0/gizmo-1.8.0.jar:/home/runner/.m2/repository/org/ow2/asm/asm-util/9.7.1/asm-util-9.7.1.jar:/home/runner/.m2/repository/org/ow2/asm/asm-analysis/9.7.1/asm-analysis-9.7.1.jar:/home/runner/.m2/repository/org/ow2/asm/asm-commons/9.7.1/asm-commons-9.7.1.jar:/home/runner/.m2/repository/org/ow2/asm/asm-tree/9.7.1/asm-tree-9.7.1.jar:/home/runner/.m2/repository/io/quarkus/quarkus-hibernate-validator-spi/3.20.2/quarkus-hibernate-validator-spi-3.20.2.jar:/home/runner/.m2/repository/io/quarkus/quarkus-class-change-agent/3.20.2/quarkus-class-change-agent-3.20.2.jar:/home/runner/.m2/repository/io/quarkus/quarkus-devtools-utilities/3.20.2/quarkus-devtools-utilities-3.20.2.jar:/home/runner/.m2/repository/io/quarkus/quarkus-builder/3.20.2/quarkus-builder-3.20.2.jar:/home/runner/.m2/repository/org/graalvm/sdk/nativeimage/23.1.2/nativeimage-23.1.2.jar:/home/runner/.m2/repository/org/graalvm/sdk/word/23.1.2/word-23.1.2.jar:/home/runner/.m2/repository/io/quarkus/quarkus-bootstrap-maven-resolver/3.20.2/quarkus-bootstrap-maven-resolver-3.20.2.jar:/home/runner/.m2/repository/io/smallrye/beanbag/smallrye-beanbag-maven/1.5.2/smallrye-beanbag-maven-1.5.2.jar:/home/runner/.m2/repository/io/smallrye/beanbag/smallrye-beanbag-sisu/1.5.2/smallrye-beanbag-sisu-1.5.2.jar:/home/runner/.m2/repository/io/smallrye/beanbag/smallrye-beanbag/1.5.2/smallrye-beanbag-1.5.2.jar:/home/runner/.m2/repository/javax/inject/javax.inject/1/javax.inject-1.jar:/home/runner/.m2/repository/org/apache/maven/maven-artifact/3.9.9/maven-artifact-3.9.9.jar:/home/runner/.m2/repository/org/apache/maven/maven-builder-support/3.9.9/maven-builder-support-3.9.9.jar:/home/runner/.m2/repository/org/apache/maven/maven-model/3.9.9/maven-model-3.9.9.jar:/home/runner/.m2/repository/org/apache/maven/maven-model-builder/3.9.9/maven-model-builder-3.9.9.jar:/home/runner/.m2/repository/org/apache/maven/maven-repository-metadata/3.9.9/maven-repository-metadata-3.9.9.jar:/home/runner/.m2/repository/org/apache/maven/maven-settings/3.9.9/maven-settings-3.9.9.jar:/home/runner/.m2/repository/org/apache/maven/resolver/maven-resolver-api/1.9.22/maven-resolver-api-1.9.22.jar:/home/runner/.m2/repository/org/apache/maven/resolver/maven-resolver-impl/1.9.22/maven-resolver-impl-1.9.22.jar:/home/runner/.m2/repository/org/apache/maven/resolver/maven-resolver-named-locks/1.9.22/maven-resolver-named-locks-1.9.22.jar:/home/runner/.m2/repository/org/apache/maven/resolver/maven-resolver-spi/1.9.22/maven-resolver-spi-1.9.22.jar:/home/runner/.m2/repository/org/apache/maven/resolver/maven-resolver-util/1.9.22/maven-resolver-util-1.9.22.jar:/home/runner/.m2/repository/org/apache/maven/resolver/maven-resolver-transport-http/1.9.20/maven-resolver-transport-http-1.9.20.jar:/home/runner/.m2/repository/org/apache/maven/wagon/wagon-provider-api/3.5.3/wagon-provider-api-3.5.3.jar:/home/runner/.m2/repository/org/apache/maven/wagon/wagon-http-shared/3.5.3/wagon-http-shared-3.5.3.jar:/home/runner/.m2/repository/org/codehaus/plexus/plexus-interpolation/1.26/plexus-interpolation-1.26.jar:/home/runner/.m2/repository/org/codehaus/plexus/plexus-utils/3.5.1/plexus-utils-3.5.1.jar:/home/runner/.m2/repository/org/codehaus/plexus/plexus-xml/4.0.1/plexus-xml-4.0.1.jar:/home/runner/.m2/repository/org/apache/maven/maven-xml-impl/4.0.0-alpha-5/maven-xml-impl-4.0.0-alpha-5.jar:/home/runner/.m2/repository/org/apache/maven/maven-api-xml/4.0.0-alpha-5/maven-api-xml-4.0.0-alpha-5.jar:/home/runner/.m2/repository/org/apache/maven/maven-api-meta/4.0.0-alpha-5/maven-api-meta-4.0.0-alpha-5.jar:/home/runner/.m2/repository/org/codehaus/plexus/plexus-cipher/2.0/plexus-cipher-2.0.jar:/home/runner/.m2/repository/org/codehaus/plexus/plexus-sec-dispatcher/2.0/plexus-sec-dispatcher-2.0.jar:/home/runner/.m2/repository/org/apache/maven/maven-embedder/3.9.9/maven-embedder-3.9.9.jar:/home/runner/.m2/repository/org/apache/maven/maven-core/3.9.9/maven-core-3.9.9.jar:/home/runner/.m2/repository/org/codehaus/plexus/plexus-component-annotations/2.1.0/plexus-component-annotations-2.1.0.jar:/home/runner/.m2/repository/org/apache/maven/maven-plugin-api/3.9.9/maven-plugin-api-3.9.9.jar:/home/runner/.m2/repository/org/apache/maven/shared/maven-shared-utils/3.4.2/maven-shared-utils-3.4.2.jar:/home/runner/.m2/repository/com/google/inject/guice/5.1.0/guice-5.1.0.jar:/home/runner/.m2/repository/aopalliance/aopalliance/1.0/aopalliance-1.0.jar:/home/runner/.m2/repository/org/codehaus/plexus/plexus-classworlds/2.6.0/plexus-classworlds-2.6.0.jar:/home/runner/.m2/repository/commons-cli/commons-cli/1.8.0/commons-cli-1.8.0.jar:/home/runner/.m2/repository/org/eclipse/sisu/org.eclipse.sisu.plexus/0.9.0.M3/org.eclipse.sisu.plexus-0.9.0.M3.jar:/home/runner/.m2/repository/org/apache/maven/maven-settings-builder/3.9.9/maven-settings-builder-3.9.9.jar:/home/runner/.m2/repository/org/apache/maven/maven-resolver-provider/3.9.9/maven-resolver-provider-3.9.9.jar:/home/runner/.m2/repository/org/apache/maven/resolver/maven-resolver-connector-basic/1.9.22/maven-resolver-connector-basic-1.9.22.jar:/home/runner/.m2/repository/org/apache/maven/resolver/maven-resolver-transport-wagon/1.9.22/maven-resolver-transport-wagon-1.9.22.jar:/home/runner/.m2/repository/org/apache/maven/wagon/wagon-http/3.5.3/wagon-http-3.5.3.jar:/home/runner/.m2/repository/org/apache/maven/wagon/wagon-file/3.5.3/wagon-file-3.5.3.jar:/home/runner/.m2/repository/io/quarkus/quarkus-bootstrap-gradle-resolver/3.20.2/quarkus-bootstrap-gradle-resolver-3.20.2.jar:/home/runner/.m2/repository/io/smallrye/jandex/3.3.0/jandex-3.3.0.jar:/home/runner/.m2/repository/org/jboss/logging/commons-logging-jboss-logging/1.0.0.Final/commons-logging-jboss-logging-1.0.0.Final.jar:/home/runner/.m2/repository/io/quarkus/quarkus-junit5-config/3.20.2/quarkus-junit5-config-3.20.2.jar:/home/runner/.m2/repository/org/junit/jupiter/junit-jupiter-api/5.12.1/junit-jupiter-api-5.12.1.jar:/home/runner/.m2/repository/io/smallrye/config/smallrye-config/3.11.4/smallrye-config-3.11.4.jar:/home/runner/.m2/repository/io/smallrye/config/smallrye-config-core/3.11.4/smallrye-config-core-3.11.4.jar:/home/runner/.m2/repository/io/smallrye/common/smallrye-common-classloader/2.12.0/smallrye-common-classloader-2.12.0.jar:/home/runner/.m2/repository/io/smallrye/config/smallrye-config-common/3.11.4/smallrye-config-common-3.11.4.jar:/home/runner/.m2/repository/org/junit/jupiter/junit-jupiter/5.12.1/junit-jupiter-5.12.1.jar:/home/runner/.m2/repository/org/junit/jupiter/junit-jupiter-params/5.12.1/junit-jupiter-params-5.12.1.jar:/home/runner/.m2/repository/org/junit/jupiter/junit-jupiter-engine/5.12.1/junit-jupiter-engine-5.12.1.jar:/home/runner/.m2/repository/io/quarkus/quarkus-core/3.20.2/quarkus-core-3.20.2.jar:/home/runner/.m2/repository/jakarta/enterprise/jakarta.enterprise.cdi-api/4.1.0/jakarta.enterprise.cdi-api-4.1.0.jar:/home/runner/.m2/repository/jakarta/enterprise/jakarta.enterprise.lang-model/4.1.0/jakarta.enterprise.lang-model-4.1.0.jar:/home/runner/.m2/repository/jakarta/el/jakarta.el-api/5.0.1/jakarta.el-api-5.0.1.jar:/home/runner/.m2/repository/jakarta/interceptor/jakarta.interceptor-api/2.2.0/jakarta.interceptor-api-2.2.0.jar:/home/runner/.m2/repository/jakarta/inject/jakarta.inject-api/2.0.1/jakarta.inject-api-2.0.1.jar:/home/runner/.m2/repository/io/smallrye/common/smallrye-common-os/2.12.0/smallrye-common-os-2.12.0.jar:/home/runner/.m2/repository/io/quarkus/quarkus-ide-launcher/3.20.2/quarkus-ide-launcher-3.20.2.jar:/home/runner/.m2/repository/io/quarkus/quarkus-development-mode-spi/3.20.2/quarkus-development-mode-spi-3.20.2.jar:/home/runner/.m2/repository/org/jboss/logging/jboss-logging/3.6.1.Final/jboss-logging-3.6.1.Final.jar:/home/runner/.m2/repository/org/jboss/logmanager/jboss-logmanager/3.1.2.Final/jboss-logmanager-3.1.2.Final.jar:/home/runner/.m2/repository/io/smallrye/common/smallrye-common-constraint/2.12.0/smallrye-common-constraint-2.12.0.jar:/home/runner/.m2/repository/io/smallrye/common/smallrye-common-cpu/2.12.0/smallrye-common-cpu-2.12.0.jar:/home/runner/.m2/repository/io/smallrye/common/smallrye-common-expression/2.12.0/smallrye-common-expression-2.12.0.jar:/home/runner/.m2/repository/io/smallrye/common/smallrye-common-net/2.12.0/smallrye-common-net-2.12.0.jar:/home/runner/.m2/repository/io/smallrye/common/smallrye-common-ref/2.12.0/smallrye-common-ref-2.12.0.jar:/home/runner/.m2/repository/jakarta/json/jakarta.json-api/2.1.3/jakarta.json-api-2.1.3.jar:/home/runner/.m2/repository/org/eclipse/parsson/parsson/1.1.7/parsson-1.1.7.jar:/home/runner/.m2/repository/org/jboss/logging/jboss-logging-annotations/3.0.4.Final/jboss-logging-annotations-3.0.4.Final.jar:/home/runner/.m2/repository/org/jboss/threads/jboss-threads/3.8.0.Final/jboss-threads-3.8.0.Final.jar:/home/runner/.m2/repository/io/smallrye/common/smallrye-common-annotation/2.12.0/smallrye-common-annotation-2.12.0.jar:/home/runner/.m2/repository/io/smallrye/common/smallrye-common-function/2.12.0/smallrye-common-function-2.12.0.jar:/home/runner/.m2/repository/org/jboss/slf4j/slf4j-jboss-logmanager/2.0.0.Final/slf4j-jboss-logmanager-2.0.0.Final.jar:/home/runner/.m2/repository/org/wildfly/common/wildfly-common/2.0.1/wildfly-common-2.0.1.jar:/home/runner/.m2/repository/io/quarkus/quarkus-bootstrap-runner/3.20.2/quarkus-bootstrap-runner-3.20.2.jar:/home/runner/.m2/repository/io/github/crac/org-crac/0.1.3/org-crac-0.1.3.jar:/home/runner/.m2/repository/io/quarkus/quarkus-fs-util/0.0.10/quarkus-fs-util-0.0.10.jar:/home/runner/.m2/repository/org/jboss/marshalling/jboss-marshalling/2.2.2.Final/jboss-marshalling-2.2.2.Final.jar:/home/runner/.m2/repository/io/fabric8/kubernetes-client/7.1.0/kubernetes-client-7.1.0.jar:/home/runner/.m2/repository/io/fabric8/kubernetes-client-api/7.1.0/kubernetes-client-api-7.1.0.jar:/home/runner/.m2/repository/io/fabric8/kubernetes-model-core/7.1.0/kubernetes-model-core-7.1.0.jar:/home/runner/.m2/repository/io/fabric8/kubernetes-model-common/7.1.0/kubernetes-model-common-7.1.0.jar:/home/runner/.m2/repository/javax/annotation/javax.annotation-api/1.3.2/javax.annotation-api-1.3.2.jar:/home/runner/.m2/repository/io/fabric8/kubernetes-model-gatewayapi/7.1.0/kubernetes-model-gatewayapi-7.1.0.jar:/home/runner/.m2/repository/io/fabric8/kubernetes-model-resource/7.1.0/kubernetes-model-resource-7.1.0.jar:/home/runner/.m2/repository/io/fabric8/kubernetes-model-rbac/7.1.0/kubernetes-model-rbac-7.1.0.jar:/home/runner/.m2/repository/io/fabric8/kubernetes-model-admissionregistration/7.1.0/kubernetes-model-admissionregistration-7.1.0.jar:/home/runner/.m2/repository/io/fabric8/kubernetes-model-apps/7.1.0/kubernetes-model-apps-7.1.0.jar:/home/runner/.m2/repository/io/fabric8/kubernetes-model-autoscaling/7.1.0/kubernetes-model-autoscaling-7.1.0.jar:/home/runner/.m2/repository/io/fabric8/kubernetes-model-apiextensions/7.1.0/kubernetes-model-apiextensions-7.1.0.jar:/home/runner/.m2/repository/io/fabric8/kubernetes-model-batch/7.1.0/kubernetes-model-batch-7.1.0.jar:/home/runner/.m2/repository/io/fabric8/kubernetes-model-certificates/7.1.0/kubernetes-model-certificates-7.1.0.jar:/home/runner/.m2/repository/io/fabric8/kubernetes-model-coordination/7.1.0/kubernetes-model-coordination-7.1.0.jar:/home/runner/.m2/repository/io/fabric8/kubernetes-model-discovery/7.1.0/kubernetes-model-discovery-7.1.0.jar:/home/runner/.m2/repository/io/fabric8/kubernetes-model-events/7.1.0/kubernetes-model-events-7.1.0.jar:/home/runner/.m2/repository/io/fabric8/kubernetes-model-extensions/7.1.0/kubernetes-model-extensions-7.1.0.jar:/home/runner/.m2/repository/io/fabric8/kubernetes-model-flowcontrol/7.1.0/kubernetes-model-flowcontrol-7.1.0.jar:/home/runner/.m2/repository/io/fabric8/kubernetes-model-networking/7.1.0/kubernetes-model-networking-7.1.0.jar:/home/runner/.m2/repository/io/fabric8/kubernetes-model-metrics/7.1.0/kubernetes-model-metrics-7.1.0.jar:/home/runner/.m2/repository/io/fabric8/kubernetes-model-policy/7.1.0/kubernetes-model-policy-7.1.0.jar:/home/runner/.m2/repository/io/fabric8/kubernetes-model-scheduling/7.1.0/kubernetes-model-scheduling-7.1.0.jar:/home/runner/.m2/repository/io/fabric8/kubernetes-model-storageclass/7.1.0/kubernetes-model-storageclass-7.1.0.jar:/home/runner/.m2/repository/io/fabric8/kubernetes-model-node/7.1.0/kubernetes-model-node-7.1.0.jar:/home/runner/.m2/repository/org/snakeyaml/snakeyaml-engine/2.9/snakeyaml-engine-2.9.jar:/home/runner/.m2/repository/com/fasterxml/jackson/dataformat/jackson-dataformat-yaml/2.18.2/jackson-dataformat-yaml-2.18.2.jar:/home/runner/.m2/repository/com/fasterxml/jackson/datatype/jackson-datatype-jsr310/2.18.2/jackson-datatype-jsr310-2.18.2.jar:/home/runner/.m2/repository/io/fabric8/zjsonpatch/7.1.0/zjsonpatch-7.1.0.jar:/home/runner/.m2/repository/io/fabric8/kubernetes-httpclient-vertx/7.1.0/kubernetes-httpclient-vertx-7.1.0.jar:/home/runner/.m2/repository/io/vertx/vertx-web-client/4.5.16/vertx-web-client-4.5.16.jar:/home/runner/.m2/repository/io/vertx/vertx-web-common/4.5.16/vertx-web-common-4.5.16.jar:/home/runner/.m2/repository/io/vertx/vertx-auth-common/4.5.16/vertx-auth-common-4.5.16.jar:/home/runner/.m2/repository/io/vertx/vertx-uri-template/4.5.16/vertx-uri-template-4.5.16.jar:/home/runner/.m2/repository/io/fabric8/openshift-client/7.1.0/openshift-client-7.1.0.jar:/home/runner/.m2/repository/io/fabric8/openshift-client-api/7.1.0/openshift-client-api-7.1.0.jar:/home/runner/.m2/repository/io/fabric8/openshift-model/7.1.0/openshift-model-7.1.0.jar:/home/runner/.m2/repository/io/fabric8/openshift-model-autoscaling/7.1.0/openshift-model-autoscaling-7.1.0.jar:/home/runner/.m2/repository/io/fabric8/openshift-model-operator/7.1.0/openshift-model-operator-7.1.0.jar:/home/runner/.m2/repository/io/fabric8/openshift-model-operatorhub/7.1.0/openshift-model-operatorhub-7.1.0.jar:/home/runner/.m2/repository/io/fabric8/openshift-model-machine/7.1.0/openshift-model-machine-7.1.0.jar:/home/runner/.m2/repository/io/fabric8/openshift-model-whereabouts/7.1.0/openshift-model-whereabouts-7.1.0.jar:/home/runner/.m2/repository/io/fabric8/openshift-model-monitoring/7.1.0/openshift-model-monitoring-7.1.0.jar:/home/runner/.m2/repository/io/fabric8/openshift-model-storageversionmigrator/7.1.0/openshift-model-storageversionmigrator-7.1.0.jar:/home/runner/.m2/repository/io/fabric8/openshift-model-tuned/7.1.0/openshift-model-tuned-7.1.0.jar:/home/runner/.m2/repository/io/fabric8/openshift-model-console/7.1.0/openshift-model-console-7.1.0.jar:/home/runner/.m2/repository/io/fabric8/openshift-model-config/7.1.0/openshift-model-config-7.1.0.jar:/home/runner/.m2/repository/io/fabric8/openshift-model-machineconfiguration/7.1.0/openshift-model-machineconfiguration-7.1.0.jar:/home/runner/.m2/repository/io/fabric8/openshift-model-miscellaneous/7.1.0/openshift-model-miscellaneous-7.1.0.jar:/home/runner/.m2/repository/io/fabric8/openshift-model-hive/7.1.0/openshift-model-hive-7.1.0.jar:/home/runner/.m2/repository/io/fabric8/openshift-model-installer/7.1.0/openshift-model-installer-7.1.0.jar:/home/runner/.m2/repository/org/junit/platform/junit-platform-launcher/1.12.1/junit-platform-launcher-1.12.1.jar:/home/runner/.m2/repository/org/junit/platform/junit-platform-engine/1.12.1/junit-platform-engine-1.12.1.jar:/home/runner/.m2/repository/org/opentest4j/opentest4j/1.3.0/opentest4j-1.3.0.jar:/home/runner/.m2/repository/org/junit/platform/junit-platform-commons/1.12.1/junit-platform-commons-1.12.1.jar:/home/runner/.m2/repository/org/apiguardian/apiguardian-api/1.1.2/apiguardian-api-1.1.2.jar:/home/runner/.m2/repository/jakarta/ws/rs/jakarta.ws.rs-api/3.1.0/jakarta.ws.rs-api-3.1.0.jar:/home/runner/work/apicurio-testing/apicurio-testing/clusters/ci419/namespaces/ksql047/tests/integration/apicurio-registry/java-sdk/target/apicurio-registry-java-sdk-3.0.12-SNAPSHOT.jar:/home/runner/.m2/repository/com/microsoft/kiota/microsoft-kiota-abstractions/1.8.9/microsoft-kiota-abstractions-1.8.9.jar:/home/runner/.m2/repository/io/github/std-uritemplate/std-uritemplate/2.0.0/std-uritemplate-2.0.0.jar:/home/runner/.m2/repository/io/kiota/kiota-http-jdk/0.0.29/kiota-http-jdk-0.0.29.jar:/home/runner/.m2/repository/io/kiota/kiota-http-vertx/0.0.29/kiota-http-vertx-0.0.29.jar:/home/runner/.m2/repository/io/kiota/kiota-serialization-jackson/0.0.29/kiota-serialization-jackson-0.0.29.jar:/home/runner/.m2/repository/com/microsoft/kiota/microsoft-kiota-serialization-text/1.8.9/microsoft-kiota-serialization-text-1.8.9.jar:/home/runner/.m2/repository/com/microsoft/kiota/microsoft-kiota-serialization-form/1.8.9/microsoft-kiota-serialization-form-1.8.9.jar:/home/runner/.m2/repository/com/microsoft/kiota/microsoft-kiota-serialization-multipart/1.8.9/microsoft-kiota-serialization-multipart-1.8.9.jar:/home/runner/.m2/repository/jakarta/annotation/jakarta.annotation-api/3.0.0/jakarta.annotation-api-3.0.0.jar:/home/runner/.m2/repository/io/vertx/vertx-auth-oauth2/4.5.16/vertx-auth-oauth2-4.5.16.jar:/home/runner/work/apicurio-testing/apicurio-testing/clusters/ci419/namespaces/ksql047/tests/integration/apicurio-registry/java-sdk-v2/target/apicurio-registry-v2-java-sdk-3.0.12-SNAPSHOT.jar:/home/runner/work/apicurio-testing/apicurio-testing/clusters/ci419/namespaces/ksql047/tests/integration/apicurio-registry/utils/kafka/target/apicurio-registry-utils-kafka-3.0.12-SNAPSHOT-tests.jar:/home/runner/.m2/repository/org/eclipse/microprofile/config/microprofile-config-api/3.1/microprofile-config-api-3.1.jar:/home/runner/.m2/repository/org/apache/kafka/kafka-clients/3.9.1/kafka-clients-3.9.1.jar:/home/runner/.m2/repository/com/github/luben/zstd-jni/1.5.6-4/zstd-jni-1.5.6-4.jar:/home/runner/.m2/repository/org/lz4/lz4-java/1.8.0/lz4-java-1.8.0.jar:/home/runner/.m2/repository/org/xerial/snappy/snappy-java/1.1.10.5/snappy-java-1.1.10.5.jar:/home/runner/.m2/repository/org/slf4j/slf4j-api/2.0.6/slf4j-api-2.0.6.jar:/home/runner/work/apicurio-testing/apicurio-testing/clusters/ci419/namespaces/ksql047/tests/integration/apicurio-registry/utils/tests/target/apicurio-registry-utils-tests-3.0.12-SNAPSHOT.jar:/home/runner/work/apicurio-testing/apicurio-testing/clusters/ci419/namespaces/ksql047/tests/integration/apicurio-registry/common/target/apicurio-registry-common-3.0.12-SNAPSHOT.jar:/home/runner/.m2/repository/jakarta/validation/jakarta.validation-api/3.0.2/jakarta.validation-api-3.0.2.jar:/home/runner/.m2/repository/com/github/dasniko/testcontainers-keycloak/3.8.0/testcontainers-keycloak-3.8.0.jar:/home/runner/.m2/repository/org/testcontainers/testcontainers/1.20.6/testcontainers-1.20.6.jar:/home/runner/.m2/repository/org/rnorth/duct-tape/duct-tape/1.0.8/duct-tape-1.0.8.jar:/home/runner/.m2/repository/com/github/docker-java/docker-java-transport-zerodep/3.4.1/docker-java-transport-zerodep-3.4.1.jar:/home/runner/.m2/repository/com/github/docker-java/docker-java-transport/3.4.1/docker-java-transport-3.4.1.jar:/home/runner/.m2/repository/net/java/dev/jna/jna/5.8.0/jna-5.8.0.jar:/home/runner/.m2/repository/io/quarkus/quarkus-junit4-mock/3.20.2/quarkus-junit4-mock-3.20.2.jar:/home/runner/.m2/repository/org/jboss/shrinkwrap/shrinkwrap-api/2.0.0-beta-2/shrinkwrap-api-2.0.0-beta-2.jar:/home/runner/.m2/repository/org/jboss/shrinkwrap/shrinkwrap-impl-base/2.0.0-beta-2/shrinkwrap-impl-base-2.0.0-beta-2.jar:/home/runner/.m2/repository/org/jboss/shrinkwrap/shrinkwrap-spi/2.0.0-beta-2/shrinkwrap-spi-2.0.0-beta-2.jar:/home/runner/.m2/repository/org/keycloak/keycloak-admin-client/26.0.4/keycloak-admin-client-26.0.4.jar:/home/runner/.m2/repository/org/keycloak/keycloak-client-common-synced/26.0.4/keycloak-client-common-synced-26.0.4.jar:/home/runner/.m2/repository/jakarta/activation/jakarta.activation-api/2.1.3/jakarta.activation-api-2.1.3.jar:/home/runner/.m2/repository/org/eclipse/microprofile/openapi/microprofile-openapi-api/4.0.2/microprofile-openapi-api-4.0.2.jar:/home/runner/.m2/repository/org/jboss/resteasy/resteasy-client/6.2.12.Final/resteasy-client-6.2.12.Final.jar:/home/runner/.m2/repository/org/jboss/resteasy/resteasy-client-api/6.2.12.Final/resteasy-client-api-6.2.12.Final.jar:/home/runner/.m2/repository/org/jboss/resteasy/resteasy-core-spi/6.2.12.Final/resteasy-core-spi-6.2.12.Final.jar:/home/runner/.m2/repository/org/jboss/resteasy/resteasy-core/6.2.12.Final/resteasy-core-6.2.12.Final.jar:/home/runner/.m2/repository/org/eclipse/angus/angus-activation/2.0.2/angus-activation-2.0.2.jar:/home/runner/.m2/repository/com/ibm/async/asyncutil/0.1.0/asyncutil-0.1.0.jar:/home/runner/.m2/repository/org/reactivestreams/reactive-streams/1.0.4/reactive-streams-1.0.4.jar:/home/runner/.m2/repository/org/jboss/resteasy/resteasy-multipart-provider/6.2.12.Final/resteasy-multipart-provider-6.2.12.Final.jar:/home/runner/.m2/repository/jakarta/mail/jakarta.mail-api/2.1.3/jakarta.mail-api-2.1.3.jar:/home/runner/.m2/repository/org/eclipse/angus/angus-mail/2.0.3/angus-mail-2.0.3.jar:/home/runner/.m2/repository/org/apache/james/apache-mime4j-dom/0.8.12/apache-mime4j-dom-0.8.12.jar:/home/runner/.m2/repository/org/apache/james/apache-mime4j-core/0.8.12/apache-mime4j-core-0.8.12.jar:/home/runner/.m2/repository/org/apache/james/apache-mime4j-storage/0.8.12/apache-mime4j-storage-0.8.12.jar:/home/runner/.m2/repository/org/jboss/resteasy/resteasy-jackson2-provider/6.2.12.Final/resteasy-jackson2-provider-6.2.12.Final.jar:/home/runner/.m2/repository/com/fasterxml/jackson/jakarta/rs/jackson-jakarta-rs-base/2.18.2/jackson-jakarta-rs-base-2.18.2.jar:/home/runner/.m2/repository/com/fasterxml/jackson/jakarta/rs/jackson-jakarta-rs-json-provider/2.18.2/jackson-jakarta-rs-json-provider-2.18.2.jar:/home/runner/.m2/repository/com/fasterxml/jackson/module/jackson-module-jakarta-xmlbind-annotations/2.18.2/jackson-module-jakarta-xmlbind-annotations-2.18.2.jar:/home/runner/.m2/repository/com/github/java-json-tools/json-patch/1.13/json-patch-1.13.jar:/home/runner/.m2/repository/com/github/java-json-tools/msg-simple/1.2/msg-simple-1.2.jar:/home/runner/.m2/repository/com/github/java-json-tools/btf/1.3/btf-1.3.jar:/home/runner/.m2/repository/com/github/java-json-tools/jackson-coreutils/2.0/jackson-coreutils-2.0.jar:/home/runner/.m2/repository/org/jboss/resteasy/resteasy-jaxb-provider/6.2.12.Final/resteasy-jaxb-provider-6.2.12.Final.jar:/home/runner/.m2/repository/org/glassfish/jaxb/codemodel/4.0.5/codemodel-4.0.5.jar:/home/runner/.m2/repository/org/glassfish/jaxb/jaxb-core/4.0.5/jaxb-core-4.0.5.jar:/home/runner/.m2/repository/org/glassfish/jaxb/jaxb-jxc/4.0.5/jaxb-jxc-4.0.5.jar:/home/runner/.m2/repository/org/glassfish/jaxb/jaxb-runtime/4.0.5/jaxb-runtime-4.0.5.jar:/home/runner/.m2/repository/org/glassfish/jaxb/txw2/4.0.5/txw2-4.0.5.jar:/home/runner/.m2/repository/org/glassfish/jaxb/jaxb-xjc/4.0.5/jaxb-xjc-4.0.5.jar:/home/runner/.m2/repository/org/glassfish/jaxb/xsom/4.0.5/xsom-4.0.5.jar:/home/runner/.m2/repository/com/sun/istack/istack-commons-runtime/4.1.2/istack-commons-runtime-4.1.2.jar:/home/runner/.m2/repository/com/sun/istack/istack-commons-tools/4.1.2/istack-commons-tools-4.1.2.jar:/home/runner/.m2/repository/com/sun/xml/bind/external/relaxng-datatype/4.0.5/relaxng-datatype-4.0.5.jar:/home/runner/.m2/repository/com/sun/xml/bind/external/rngom/4.0.5/rngom-4.0.5.jar:/home/runner/.m2/repository/org/testcontainers/mssqlserver/1.20.6/mssqlserver-1.20.6.jar:/home/runner/.m2/repository/org/testcontainers/jdbc/1.20.6/jdbc-1.20.6.jar:/home/runner/.m2/repository/org/testcontainers/database-commons/1.20.6/database-commons-1.20.6.jar:/home/runner/.m2/repository/org/testcontainers/mysql/1.20.6/mysql-1.20.6.jar:/home/runner/.m2/repository/io/strimzi/strimzi-test-container/0.111.0/strimzi-test-container-0.111.0.jar:/home/runner/.m2/repository/org/testcontainers/toxiproxy/1.20.6/toxiproxy-1.20.6.jar:/home/runner/.m2/repository/com/github/docker-java/docker-java-api/3.4.1/docker-java-api-3.4.1.jar:/home/runner/.m2/repository/org/apache/logging/log4j/log4j-slf4j-impl/2.19.0/log4j-slf4j-impl-2.19.0.jar:/home/runner/.m2/repository/org/apache/logging/log4j/log4j-api/2.24.3/log4j-api-2.24.3.jar:/home/runner/.m2/repository/org/apache/logging/log4j/log4j-core/2.19.0/log4j-core-2.19.0.jar:/home/runner/.m2/repository/eu/rekawek/toxiproxy/toxiproxy-java/2.1.7/toxiproxy-java-2.1.7.jar:/home/runner/.m2/repository/org/testcontainers/pulsar/1.21.3/pulsar-1.21.3.jar:/home/runner/.m2/repository/io/debezium/debezium-testing-testcontainers/2.7.4.Final/debezium-testing-testcontainers-2.7.4.Final.jar:/home/runner/.m2/repository/org/testcontainers/kafka/1.20.6/kafka-1.20.6.jar:/home/runner/.m2/repository/com/squareup/okhttp3/okhttp/4.8.1/okhttp-4.8.1.jar:/home/runner/.m2/repository/com/squareup/okio/okio/3.10.2/okio-3.10.2.jar:/home/runner/.m2/repository/com/squareup/okio/okio-jvm/3.10.2/okio-jvm-3.10.2.jar:/home/runner/.m2/repository/org/jetbrains/kotlin/kotlin-stdlib/2.0.21/kotlin-stdlib-2.0.21.jar:/home/runner/.m2/repository/org/awaitility/awaitility/4.3.0/awaitility-4.3.0.jar:/home/runner/.m2/repository/org/testcontainers/mongodb/1.20.6/mongodb-1.20.6.jar:/home/runner/.m2/repository/org/testcontainers/mariadb/1.20.6/mariadb-1.20.6.jar:/home/runner/.m2/repository/org/testcontainers/oracle-xe/1.20.6/oracle-xe-1.20.6.jar:/home/runner/.m2/repository/org/testcontainers/postgresql/1.20.6/postgresql-1.20.6.jar:/home/runner/.m2/repository/org/wiremock/wiremock/3.0.1/wiremock-3.0.1.jar:/home/runner/.m2/repository/org/eclipse/jetty/jetty-server/11.0.15/jetty-server-11.0.15.jar:/home/runner/.m2/repository/org/eclipse/jetty/toolchain/jetty-jakarta-servlet-api/5.0.2/jetty-jakarta-servlet-api-5.0.2.jar:/home/runner/.m2/repository/org/eclipse/jetty/jetty-http/11.0.15/jetty-http-11.0.15.jar:/home/runner/.m2/repository/org/eclipse/jetty/jetty-io/11.0.15/jetty-io-11.0.15.jar:/home/runner/.m2/repository/org/eclipse/jetty/jetty-servlet/11.0.15/jetty-servlet-11.0.15.jar:/home/runner/.m2/repository/org/eclipse/jetty/jetty-security/11.0.15/jetty-security-11.0.15.jar:/home/runner/.m2/repository/org/eclipse/jetty/jetty-servlets/11.0.15/jetty-servlets-11.0.15.jar:/home/runner/.m2/repository/org/eclipse/jetty/jetty-util/11.0.15/jetty-util-11.0.15.jar:/home/runner/.m2/repository/org/eclipse/jetty/jetty-webapp/11.0.15/jetty-webapp-11.0.15.jar:/home/runner/.m2/repository/org/eclipse/jetty/jetty-xml/11.0.15/jetty-xml-11.0.15.jar:/home/runner/.m2/repository/org/eclipse/jetty/jetty-proxy/11.0.15/jetty-proxy-11.0.15.jar:/home/runner/.m2/repository/org/eclipse/jetty/jetty-client/11.0.15/jetty-client-11.0.15.jar:/home/runner/.m2/repository/org/eclipse/jetty/http2/http2-server/11.0.15/http2-server-11.0.15.jar:/home/runner/.m2/repository/org/eclipse/jetty/http2/http2-common/11.0.15/http2-common-11.0.15.jar:/home/runner/.m2/repository/org/eclipse/jetty/http2/http2-hpack/11.0.15/http2-hpack-11.0.15.jar:/home/runner/.m2/repository/org/eclipse/jetty/jetty-alpn-server/11.0.15/jetty-alpn-server-11.0.15.jar:/home/runner/.m2/repository/org/eclipse/jetty/jetty-alpn-java-server/11.0.15/jetty-alpn-java-server-11.0.15.jar:/home/runner/.m2/repository/org/eclipse/jetty/jetty-alpn-java-client/11.0.15/jetty-alpn-java-client-11.0.15.jar:/home/runner/.m2/repository/org/eclipse/jetty/jetty-alpn-client/11.0.15/jetty-alpn-client-11.0.15.jar:/home/runner/.m2/repository/org/apache/httpcomponents/client5/httpclient5/5.2.1/httpclient5-5.2.1.jar:/home/runner/.m2/repository/org/apache/httpcomponents/core5/httpcore5/5.2/httpcore5-5.2.jar:/home/runner/.m2/repository/org/apache/httpcomponents/core5/httpcore5-h2/5.2/httpcore5-h2-5.2.jar:/home/runner/.m2/repository/org/xmlunit/xmlunit-core/2.9.1/xmlunit-core-2.9.1.jar:/home/runner/.m2/repository/jakarta/xml/bind/jakarta.xml.bind-api/4.0.2/jakarta.xml.bind-api-4.0.2.jar:/home/runner/.m2/repository/org/xmlunit/xmlunit-legacy/2.9.1/xmlunit-legacy-2.9.1.jar:/home/runner/.m2/repository/org/xmlunit/xmlunit-placeholders/2.9.1/xmlunit-placeholders-2.9.1.jar:/home/runner/.m2/repository/net/javacrumbs/json-unit/json-unit-core/2.38.0/json-unit-core-2.38.0.jar:/home/runner/.m2/repository/org/hamcrest/hamcrest-core/2.2/hamcrest-core-2.2.jar:/home/runner/.m2/repository/com/jayway/jsonpath/json-path/2.8.0/json-path-2.8.0.jar:/home/runner/.m2/repository/net/minidev/json-smart/2.4.10/json-smart-2.4.10.jar:/home/runner/.m2/repository/net/minidev/accessors-smart/2.4.9/accessors-smart-2.4.9.jar:/home/runner/.m2/repository/org/ow2/asm/asm/9.7.1/asm-9.7.1.jar:/home/runner/.m2/repository/net/sf/jopt-simple/jopt-simple/5.0.4/jopt-simple-5.0.4.jar:/home/runner/.m2/repository/com/github/jknack/handlebars/4.3.1/handlebars-4.3.1.jar:/home/runner/.m2/repository/com/github/jknack/handlebars-helpers/4.3.1/handlebars-helpers-4.3.1.jar:/home/runner/.m2/repository/commons-fileupload/commons-fileupload/1.5/commons-fileupload-1.5.jar:/home/runner/.m2/repository/com/networknt/json-schema-validator/1.5.8/json-schema-validator-1.5.8.jar:/home/runner/.m2/repository/com/ethlo/time/itu/1.10.3/itu-1.10.3.jar:/home/runner/.m2/repository/io/quarkus/quarkus-smallrye-jwt-build/3.20.2/quarkus-smallrye-jwt-build-3.20.2.jar:/home/runner/.m2/repository/io/smallrye/smallrye-jwt-build/4.6.2/smallrye-jwt-build-4.6.2.jar:/home/runner/.m2/repository/org/eclipse/microprofile/jwt/microprofile-jwt-auth-api/2.1/microprofile-jwt-auth-api-2.1.jar:/home/runner/.m2/repository/org/bitbucket/b_c/jose4j/0.9.6/jose4j-0.9.6.jar:/home/runner/.m2/repository/io/smallrye/smallrye-jwt-common/4.6.2/smallrye-jwt-common-4.6.2.jar:/home/runner/.m2/repository/io/quarkus/quarkus-jsonp/3.20.2/quarkus-jsonp-3.20.2.jar:/home/runner/.m2/repository/io/quarkus/quarkus-arc/3.20.2/quarkus-arc-3.20.2.jar:/home/runner/.m2/repository/io/quarkus/arc/arc/3.20.2/arc-3.20.2.jar:/home/runner/.m2/repository/jakarta/transaction/jakarta.transaction-api/2.0.1/jakarta.transaction-api-2.0.1.jar:/home/runner/.m2/repository/io/smallrye/reactive/mutiny/2.9.2/mutiny-2.9.2.jar:/home/runner/.m2/repository/org/jctools/jctools-core/4.0.5/jctools-core-4.0.5.jar:/home/runner/.m2/repository/org/eclipse/microprofile/context-propagation/microprofile-context-propagation-api/1.3/microprofile-context-propagation-api-1.3.jar:/home/runner/.m2/repository/io/apicurio/apicurio-common-rest-client-common/0.1.18.Final/apicurio-common-rest-client-common-0.1.18.Final.jar:/home/runner/work/apicurio-testing/apicurio-testing/clusters/ci419/namespaces/ksql047/tests/integration/apicurio-registry/utils/maven-plugin/target/apicurio-registry-maven-plugin-3.0.12-SNAPSHOT.jar:/home/runner/.m2/repository/com/fasterxml/jackson/core/jackson-databind/2.18.2/jackson-databind-2.18.2.jar:/home/runner/.m2/repository/org/apache/avro/avro/1.12.0/avro-1.12.0.jar:/home/runner/.m2/repository/com/google/protobuf/protobuf-java/4.31.1/protobuf-java-4.31.1.jar:/home/runner/.m2/repository/com/google/protobuf/protobuf-java-util/4.31.1/protobuf-java-util-4.31.1.jar:/home/runner/.m2/repository/com/google/code/findbugs/jsr305/3.0.2/jsr305-3.0.2.jar:/home/runner/.m2/repository/com/google/code/gson/gson/2.12.1/gson-2.12.1.jar:/home/runner/.m2/repository/com/google/errorprone/error_prone_annotations/2.36.0/error_prone_annotations-2.36.0.jar:/home/runner/.m2/repository/com/google/j2objc/j2objc-annotations/2.8/j2objc-annotations-2.8.jar:/home/runner/work/apicurio-testing/apicurio-testing/clusters/ci419/namespaces/ksql047/tests/integration/apicurio-registry/schema-util/util-provider/target/apicurio-registry-schema-util-provider-3.0.12-SNAPSHOT.jar:/home/runner/work/apicurio-testing/apicurio-testing/clusters/ci419/namespaces/ksql047/tests/integration/apicurio-registry/schema-util/common/target/apicurio-registry-schema-util-common-3.0.12-SNAPSHOT.jar:/home/runner/.m2/repository/com/fasterxml/jackson/module/jackson-module-parameter-names/2.18.2/jackson-module-parameter-names-2.18.2.jar:/home/runner/.m2/repository/com/fasterxml/jackson/datatype/jackson-datatype-json-org/2.18.2/jackson-datatype-json-org-2.18.2.jar:/home/runner/work/apicurio-testing/apicurio-testing/clusters/ci419/namespaces/ksql047/tests/integration/apicurio-registry/schema-util/json/target/apicurio-registry-schema-util-json-3.0.12-SNAPSHOT.jar:/home/runner/.m2/repository/com/github/erosb/everit-json-schema/1.14.5/everit-json-schema-1.14.5.jar:/home/runner/.m2/repository/commons-validator/commons-validator/1.9.0/commons-validator-1.9.0.jar:/home/runner/.m2/repository/commons-digester/commons-digester/2.1/commons-digester-2.1.jar:/home/runner/.m2/repository/commons-collections/commons-collections/3.2.2/commons-collections-3.2.2.jar:/home/runner/.m2/repository/com/damnhandy/handy-uri-templates/2.1.8/handy-uri-templates-2.1.8.jar:/home/runner/.m2/repository/joda-time/joda-time/2.10.2/joda-time-2.10.2.jar:/home/runner/.m2/repository/com/github/erosb/json-sKema/0.20.0/json-sKema-0.20.0.jar:/home/runner/.m2/repository/io/vertx/vertx-json-schema/4.5.16/vertx-json-schema-4.5.16.jar:/home/runner/work/apicurio-testing/apicurio-testing/clusters/ci419/namespaces/ksql047/tests/integration/apicurio-registry/schema-util/protobuf/target/apicurio-registry-schema-util-protobuf-3.0.12-SNAPSHOT.jar:/home/runner/work/apicurio-testing/apicurio-testing/clusters/ci419/namespaces/ksql047/tests/integration/apicurio-registry/utils/protobuf-schema-utilities/target/apicurio-registry-protobuf-schema-utilities-3.0.12-SNAPSHOT.jar:/home/runner/.m2/repository/com/google/api/grpc/proto-google-common-protos/2.52.0/proto-google-common-protos-2.52.0.jar:/home/runner/.m2/repository/com/squareup/wire/wire-schema-jvm/5.3.3/wire-schema-jvm-5.3.3.jar:/home/runner/.m2/repository/com/palantir/javapoet/javapoet/0.6.0/javapoet-0.6.0.jar:/home/runner/.m2/repository/com/squareup/kotlinpoet-jvm/2.0.0/kotlinpoet-jvm-2.0.0.jar:/home/runner/.m2/repository/org/jetbrains/kotlin/kotlin-reflect/2.0.21/kotlin-reflect-2.0.21.jar:/home/runner/.m2/repository/com/squareup/wire/wire-runtime-jvm/5.3.3/wire-runtime-jvm-5.3.3.jar:/home/runner/.m2/repository/com/ibm/icu/icu4j/76.1/icu4j-76.1.jar:/home/runner/.m2/repository/com/squareup/okio/okio-fakefilesystem/3.10.2/okio-fakefilesystem-3.10.2.jar:/home/runner/.m2/repository/com/squareup/okio/okio-fakefilesystem-jvm/3.10.2/okio-fakefilesystem-jvm-3.10.2.jar:/home/runner/.m2/repository/org/jetbrains/kotlinx/kotlinx-datetime-jvm/0.6.1/kotlinx-datetime-jvm-0.6.1.jar:/home/runner/work/apicurio-testing/apicurio-testing/clusters/ci419/namespaces/ksql047/tests/integration/apicurio-registry/schema-util/asyncapi/target/apicurio-registry-schema-util-asyncapi-3.0.12-SNAPSHOT.jar:/home/runner/work/apicurio-testing/apicurio-testing/clusters/ci419/namespaces/ksql047/tests/integration/apicurio-registry/schema-util/avro/target/apicurio-registry-schema-util-avro-3.0.12-SNAPSHOT.jar:/home/runner/work/apicurio-testing/apicurio-testing/clusters/ci419/namespaces/ksql047/tests/integration/apicurio-registry/schema-util/graphql/target/apicurio-registry-schema-util-graphql-3.0.12-SNAPSHOT.jar:/home/runner/.m2/repository/com/graphql-java/graphql-java/22.4/graphql-java-22.4.jar:/home/runner/.m2/repository/com/graphql-java/java-dataloader/3.3.0/java-dataloader-3.3.0.jar:/home/runner/work/apicurio-testing/apicurio-testing/clusters/ci419/namespaces/ksql047/tests/integration/apicurio-registry/schema-util/kconnect/target/apicurio-registry-schema-util-kconnect-3.0.12-SNAPSHOT.jar:/home/runner/work/apicurio-testing/apicurio-testing/clusters/ci419/namespaces/ksql047/tests/integration/apicurio-registry/schema-util/openapi/target/apicurio-registry-schema-util-openapi-3.0.12-SNAPSHOT.jar:/home/runner/.m2/repository/io/apicurio/apicurio-data-models/2.2.2/apicurio-data-models-2.2.2.jar:/home/runner/.m2/repository/org/openapitools/openapidiff/openapi-diff-core/2.1.2/openapi-diff-core-2.1.2.jar:/home/runner/.m2/repository/io/swagger/parser/v3/swagger-parser/2.1.28/swagger-parser-2.1.28.jar:/home/runner/.m2/repository/io/swagger/parser/v3/swagger-parser-v2-converter/2.1.28/swagger-parser-v2-converter-2.1.28.jar:/home/runner/.m2/repository/io/swagger/swagger-core/1.6.16/swagger-core-1.6.16.jar:/home/runner/.m2/repository/io/swagger/swagger-models/1.6.16/swagger-models-1.6.16.jar:/home/runner/.m2/repository/io/swagger/swagger-annotations/1.6.16/swagger-annotations-1.6.16.jar:/home/runner/.m2/repository/io/swagger/swagger-parser/1.0.75/swagger-parser-1.0.75.jar:/home/runner/.m2/repository/io/swagger/swagger-parser-safe-url-resolver/1.0.75/swagger-parser-safe-url-resolver-1.0.75.jar:/home/runner/.m2/repository/io/swagger/swagger-compat-spec-parser/1.0.75/swagger-compat-spec-parser-1.0.75.jar:/home/runner/.m2/repository/com/github/java-json-tools/json-schema-validator/2.2.14/json-schema-validator-2.2.14.jar:/home/runner/.m2/repository/com/github/java-json-tools/jackson-coreutils-equivalence/1.0/jackson-coreutils-equivalence-1.0.jar:/home/runner/.m2/repository/com/github/java-json-tools/json-schema-core/1.2.14/json-schema-core-1.2.14.jar:/home/runner/.m2/repository/com/github/java-json-tools/uri-template/0.10/uri-template-0.10.jar:/home/runner/.m2/repository/com/googlecode/libphonenumber/libphonenumber/8.11.1/libphonenumber-8.11.1.jar:/home/runner/.m2/repository/com/j2html/j2html/1.6.0/j2html-1.6.0.jar:/home/runner/.m2/repository/org/apache/commons/commons-collections4/4.5.0/commons-collections4-4.5.0.jar:/home/runner/.m2/repository/org/slf4j/jcl-over-slf4j/2.0.17/jcl-over-slf4j-2.0.17.jar:/home/runner/.m2/repository/io/swagger/parser/v3/swagger-parser-v3/2.1.31/swagger-parser-v3-2.1.31.jar:/home/runner/.m2/repository/io/swagger/core/v3/swagger-models/2.2.34/swagger-models-2.2.34.jar:/home/runner/.m2/repository/io/swagger/core/v3/swagger-core/2.2.34/swagger-core-2.2.34.jar:/home/runner/.m2/repository/io/swagger/parser/v3/swagger-parser-core/2.1.31/swagger-parser-core-2.1.31.jar:/home/runner/.m2/repository/io/swagger/parser/v3/swagger-parser-safe-url-resolver/2.1.31/swagger-parser-safe-url-resolver-2.1.31.jar:/home/runner/work/apicurio-testing/apicurio-testing/clusters/ci419/namespaces/ksql047/tests/integration/apicurio-registry/schema-util/wsdl/target/apicurio-registry-schema-util-wsdl-3.0.12-SNAPSHOT.jar:/home/runner/.m2/repository/wsdl4j/wsdl4j/1.6.3/wsdl4j-1.6.3.jar:/home/runner/work/apicurio-testing/apicurio-testing/clusters/ci419/namespaces/ksql047/tests/integration/apicurio-registry/schema-util/xml/target/apicurio-registry-schema-util-xml-3.0.12-SNAPSHOT.jar:/home/runner/.m2/repository/org/apache/santuario/xmlsec/4.0.4/xmlsec-4.0.4.jar:/home/runner/.m2/repository/com/fasterxml/woodstox/woodstox-core/7.1.1/woodstox-core-7.1.1.jar:/home/runner/.m2/repository/org/codehaus/woodstox/stax2-api/4.2.2/stax2-api-4.2.2.jar:/home/runner/work/apicurio-testing/apicurio-testing/clusters/ci419/namespaces/ksql047/tests/integration/apicurio-registry/schema-util/xsd/target/apicurio-registry-schema-util-xsd-3.0.12-SNAPSHOT.jar:/home/runner/work/apicurio-testing/apicurio-testing/clusters/ci419/namespaces/ksql047/tests/integration/apicurio-registry/serdes/kafka/jsonschema-serde/target/apicurio-registry-jsonschema-serde-kafka-3.0.12-SNAPSHOT.jar:/home/runner/work/apicurio-testing/apicurio-testing/clusters/ci419/namespaces/ksql047/tests/integration/apicurio-registry/serdes/kafka/serde-kafka-common/target/apicurio-registry-serde-kafka-common-3.0.12-SNAPSHOT.jar:/home/runner/work/apicurio-testing/apicurio-testing/clusters/ci419/namespaces/ksql047/tests/integration/apicurio-registry/serdes/generic/serde-common/target/apicurio-registry-serde-common-3.0.12-SNAPSHOT.jar:/home/runner/work/apicurio-testing/apicurio-testing/clusters/ci419/namespaces/ksql047/tests/integration/apicurio-registry/serdes/generic/serde-common-jsonschema/target/apicurio-registry-serde-common-jsonschema-3.0.12-SNAPSHOT.jar:/home/runner/.m2/repository/org/json/json/20250107/json-20250107.jar:/home/runner/work/apicurio-testing/apicurio-testing/clusters/ci419/namespaces/ksql047/tests/integration/apicurio-registry/serdes/kafka/avro-serde/target/apicurio-registry-avro-serde-kafka-3.0.12-SNAPSHOT.jar:/home/runner/work/apicurio-testing/apicurio-testing/clusters/ci419/namespaces/ksql047/tests/integration/apicurio-registry/serdes/generic/serde-common-avro/target/apicurio-registry-serde-common-avro-3.0.12-SNAPSHOT.jar:/home/runner/work/apicurio-testing/apicurio-testing/clusters/ci419/namespaces/ksql047/tests/integration/apicurio-registry/serdes/kafka/protobuf-serde/target/apicurio-registry-protobuf-serde-kafka-3.0.12-SNAPSHOT.jar:/home/runner/work/apicurio-testing/apicurio-testing/clusters/ci419/namespaces/ksql047/tests/integration/apicurio-registry/serdes/generic/serde-common-protobuf/target/apicurio-registry-serde-common-protobuf-3.0.12-SNAPSHOT.jar:/home/runner/.m2/repository/com/squareup/wire/wire-schema/5.3.3/wire-schema-5.3.3.jar:/home/runner/.m2/repository/com/squareup/wire/wire-runtime/5.3.3/wire-runtime-5.3.3.jar:/home/runner/work/apicurio-testing/apicurio-testing/clusters/ci419/namespaces/ksql047/tests/integration/apicurio-registry/serdes/pulsar/avro-serde/target/apicurio-registry-avro-serde-pulsar-3.0.12-SNAPSHOT.jar:/home/runner/.m2/repository/org/apache/pulsar/pulsar-functions-api/3.3.8/pulsar-functions-api-3.3.8.jar:/home/runner/work/apicurio-testing/apicurio-testing/clusters/ci419/namespaces/ksql047/tests/integration/apicurio-registry/serdes/nats/avro-serde/target/apicurio-registry-avro-serde-nats-3.0.12-SNAPSHOT.jar:/home/runner/.m2/repository/io/nats/jnats/2.21.4/jnats-2.21.4.jar:/home/runner/.m2/repository/org/bouncycastle/bcprov-lts8on/2.73.7/bcprov-lts8on-2.73.7.jar:/home/runner/.m2/repository/org/jetbrains/annotations/26.0.2/annotations-26.0.2.jar:/home/runner/work/apicurio-testing/apicurio-testing/clusters/ci419/namespaces/ksql047/tests/integration/apicurio-registry/utils/converter/target/apicurio-registry-utils-converter-3.0.12-SNAPSHOT.jar:/home/runner/work/apicurio-testing/apicurio-testing/clusters/ci419/namespaces/ksql047/tests/integration/apicurio-registry/schema-resolver/target/apicurio-registry-schema-resolver-3.0.12-SNAPSHOT.jar:/home/runner/.m2/repository/org/apache/kafka/connect-api/3.9.1/connect-api-3.9.1.jar:/home/runner/.m2/repository/javax/ws/rs/javax.ws.rs-api/2.1.1/javax.ws.rs-api-2.1.1.jar:/home/runner/.m2/repository/org/apache/kafka/connect-json/3.9.1/connect-json-3.9.1.jar:/home/runner/.m2/repository/com/fasterxml/jackson/datatype/jackson-datatype-jdk8/2.18.2/jackson-datatype-jdk8-2.18.2.jar:/home/runner/.m2/repository/com/fasterxml/jackson/module/jackson-module-afterburner/2.18.2/jackson-module-afterburner-2.18.2.jar:/home/runner/work/apicurio-testing/apicurio-testing/clusters/ci419/namespaces/ksql047/tests/integration/apicurio-registry/utils/kafka/target/apicurio-registry-utils-kafka-3.0.12-SNAPSHOT.jar:/home/runner/.m2/repository/org/apache/pulsar/pulsar-client/3.3.8/pulsar-client-3.3.8.jar:/home/runner/.m2/repository/org/apache/pulsar/pulsar-client-api/3.3.8/pulsar-client-api-3.3.8.jar:/home/runner/.m2/repository/org/apache/pulsar/pulsar-client-admin-api/3.3.8/pulsar-client-admin-api-3.3.8.jar:/home/runner/.m2/repository/org/apache/pulsar/bouncy-castle-bc/3.3.8/bouncy-castle-bc-3.3.8-pkg.jar:/home/runner/.m2/repository/org/bouncycastle/bcpkix-jdk18on/1.81/bcpkix-jdk18on-1.81.jar:/home/runner/.m2/repository/org/bouncycastle/bcutil-jdk18on/1.81/bcutil-jdk18on-1.81.jar:/home/runner/.m2/repository/org/bouncycastle/bcprov-jdk18on/1.81/bcprov-jdk18on-1.81.jar:/home/runner/.m2/repository/io/opentelemetry/opentelemetry-api/1.44.1/opentelemetry-api-1.44.1.jar:/home/runner/.m2/repository/io/opentelemetry/opentelemetry-context/1.44.1/opentelemetry-context-1.44.1.jar:/home/runner/.m2/repository/io/opentelemetry/opentelemetry-api-incubator/1.44.1-alpha/opentelemetry-api-incubator-1.44.1-alpha.jar:/home/runner/.m2/repository/com/fasterxml/jackson/core/jackson-annotations/2.18.2/jackson-annotations-2.18.2.jar:/home/runner/.m2/repository/javax/validation/validation-api/1.1.0.Final/validation-api-1.1.0.Final.jar:/home/runner/.m2/repository/org/jspecify/jspecify/1.0.0/jspecify-1.0.0.jar:/home/runner/.m2/repository/org/apache/commons/commons-configuration2/2.12.0/commons-configuration2-2.12.0.jar:/home/runner/.m2/repository/commons-logging/commons-logging/1.3.5/commons-logging-1.3.5.jar:/home/runner/.m2/repository/org/apache/commons/commons-text/1.13.0/commons-text-1.13.0.jar:/home/runner/.m2/repository/io/confluent/kafka-avro-serializer/8.0.0/kafka-avro-serializer-8.0.0.jar:/home/runner/.m2/repository/org/apache/commons/commons-compress/1.27.1/commons-compress-1.27.1.jar:/home/runner/.m2/repository/io/confluent/kafka-schema-serializer/8.0.0/kafka-schema-serializer-8.0.0.jar:/home/runner/.m2/repository/com/fasterxml/jackson/dataformat/jackson-dataformat-csv/2.18.2/jackson-dataformat-csv-2.18.2.jar:/home/runner/.m2/repository/io/confluent/kafka-schema-registry-client/8.0.0/kafka-schema-registry-client-8.0.0.jar:/home/runner/.m2/repository/org/yaml/snakeyaml/2.3/snakeyaml-2.3.jar:/home/runner/.m2/repository/io/swagger/core/v3/swagger-annotations/2.2.29/swagger-annotations-2.2.29.jar:/home/runner/.m2/repository/com/google/guava/guava/33.4.0-jre/guava-33.4.0-jre.jar:/home/runner/.m2/repository/com/google/guava/failureaccess/1.0.1/failureaccess-1.0.1.jar:/home/runner/.m2/repository/org/checkerframework/checker-qual/3.49.0/checker-qual-3.49.0.jar:/home/runner/.m2/repository/io/confluent/logredactor/1.0.13/logredactor-1.0.13.jar:/home/runner/.m2/repository/com/google/re2j/re2j/1.6/re2j-1.6.jar:/home/runner/.m2/repository/io/confluent/logredactor-metrics/1.0.13/logredactor-metrics-1.0.13.jar:/home/runner/.m2/repository/com/eclipsesource/minimal-json/minimal-json/0.9.5/minimal-json-0.9.5.jar:/home/runner/.m2/repository/io/confluent/common-utils/8.0.0/common-utils-8.0.0.jar:/home/runner/.m2/repository/io/confluent/kafka-connect-avro-converter/8.0.0/kafka-connect-avro-converter-8.0.0.jar:/home/runner/.m2/repository/io/confluent/kafka-connect-avro-data/8.0.0/kafka-connect-avro-data-8.0.0.jar:/home/runner/.m2/repository/io/confluent/kafka-schema-converter/8.0.0/kafka-schema-converter-8.0.0.jar:/home/runner/.m2/repository/io/rest-assured/rest-assured/5.5.1/rest-assured-5.5.1.jar:/home/runner/.m2/repository/org/apache/groovy/groovy/4.0.22/groovy-4.0.22.jar:/home/runner/.m2/repository/org/apache/groovy/groovy-xml/4.0.22/groovy-xml-4.0.22.jar:/home/runner/.m2/repository/org/apache/httpcomponents/httpclient/4.5.14/httpclient-4.5.14.jar:/home/runner/.m2/repository/org/apache/httpcomponents/httpcore/4.4.16/httpcore-4.4.16.jar:/home/runner/.m2/repository/org/apache/httpcomponents/httpmime/4.5.14/httpmime-4.5.14.jar:/home/runner/.m2/repository/org/hamcrest/hamcrest/2.2/hamcrest-2.2.jar:/home/runner/.m2/repository/org/ccil/cowan/tagsoup/tagsoup/1.2.1/tagsoup-1.2.1.jar:/home/runner/.m2/repository/io/rest-assured/json-path/5.5.1/json-path-5.5.1.jar:/home/runner/.m2/repository/org/apache/groovy/groovy-json/4.0.22/groovy-json-4.0.22.jar:/home/runner/.m2/repository/io/rest-assured/rest-assured-common/5.5.1/rest-assured-common-5.5.1.jar:/home/runner/.m2/repository/io/rest-assured/xml-path/5.5.1/xml-path-5.5.1.jar:/home/runner/.m2/repository/io/zonky/test/embedded-postgres/2.1.0/embedded-postgres-2.1.0.jar:/home/runner/.m2/repository/io/zonky/test/postgres/embedded-postgres-binaries-windows-amd64/14.15.0/embedded-postgres-binaries-windows-amd64-14.15.0.jar:/home/runner/.m2/repository/io/zonky/test/postgres/embedded-postgres-binaries-darwin-amd64/14.15.0/embedded-postgres-binaries-darwin-amd64-14.15.0.jar:/home/runner/.m2/repository/io/zonky/test/postgres/embedded-postgres-binaries-linux-amd64/14.15.0/embedded-postgres-binaries-linux-amd64-14.15.0.jar:/home/runner/.m2/repository/io/zonky/test/postgres/embedded-postgres-binaries-linux-amd64-alpine/14.15.0/embedded-postgres-binaries-linux-amd64-alpine-14.15.0.jar:/home/runner/.m2/repository/org/apache/commons/commons-lang3/3.17.0/commons-lang3-3.17.0.jar:/home/runner/.m2/repository/org/tukaani/xz/1.10/xz-1.10.jar:/home/runner/.m2/repository/commons-codec/commons-codec/1.19.0/commons-codec-1.19.0.jar:/home/runner/.m2/repository/org/postgresql/postgresql/42.7.7/postgresql-42.7.7.jar:/home/runner/.m2/repository/commons-io/commons-io/2.18.0/commons-io-2.18.0.jar:/home/runner/work/apicurio-testing/apicurio-testing/clusters/ci419/namespaces/ksql047/tests/integration/apicurio-registry/utils/importexport/target/apicurio-registry-utils-import-export-3.0.12-SNAPSHOT.jar:/home/runner/.m2/repository/io/vertx/vertx-core/4.5.16/vertx-core-4.5.16.jar:/home/runner/.m2/repository/io/netty/netty-common/4.1.121.Final/netty-common-4.1.121.Final.jar:/home/runner/.m2/repository/io/netty/netty-buffer/4.1.121.Final/netty-buffer-4.1.121.Final.jar:/home/runner/.m2/repository/io/netty/netty-transport/4.1.121.Final/netty-transport-4.1.121.Final.jar:/home/runner/.m2/repository/io/netty/netty-handler/4.1.121.Final/netty-handler-4.1.121.Final.jar:/home/runner/.m2/repository/io/netty/netty-transport-native-unix-common/4.1.121.Final/netty-transport-native-unix-common-4.1.121.Final.jar:/home/runner/.m2/repository/io/netty/netty-codec/4.1.121.Final/netty-codec-4.1.121.Final.jar:/home/runner/.m2/repository/io/netty/netty-handler-proxy/4.1.121.Final/netty-handler-proxy-4.1.121.Final.jar:/home/runner/.m2/repository/io/netty/netty-codec-socks/4.1.121.Final/netty-codec-socks-4.1.121.Final.jar:/home/runner/.m2/repository/io/netty/netty-codec-http/4.1.121.Final/netty-codec-http-4.1.121.Final.jar:/home/runner/.m2/repository/io/netty/netty-codec-http2/4.1.121.Final/netty-codec-http2-4.1.121.Final.jar:/home/runner/.m2/repository/io/netty/netty-resolver/4.1.121.Final/netty-resolver-4.1.121.Final.jar:/home/runner/.m2/repository/io/netty/netty-resolver-dns/4.1.121.Final/netty-resolver-dns-4.1.121.Final.jar:/home/runner/.m2/repository/io/netty/netty-codec-dns/4.1.121.Final/netty-codec-dns-4.1.121.Final.jar:/home/runner/.m2/repository/com/fasterxml/jackson/core/jackson-core/2.18.2/jackson-core-2.18.2.jar:"/>
    <property name="sun.cpu.endian" value="little"/>
    <property name="user.home" value="/home/runner"/>
    <property name="user.language" value="en"/>
    <property name="jboss.log-version" value="false"/>
    <property name="java.specification.vendor" value="Oracle Corporation"/>
    <property name="java.version.date" value="2025-07-15"/>
    <property name="java.home" value="/usr/lib/jvm/temurin-17-jdk-amd64"/>
    <property name="file.separator" value="/"/>
    <property name="basedir" value="/home/runner/work/apicurio-testing/apicurio-testing/clusters/ci419/namespaces/ksql047/tests/integration/apicurio-registry/integration-tests"/>
    <property name="java.vm.compressedOopsMode" value="32-bit"/>
    <property name="line.separator" value="&#10;"/>
    <property name="java.specification.name" value="Java Platform API Specification"/>
    <property name="java.vm.specification.vendor" value="Oracle Corporation"/>
    <property name="quarkus.http.test-host" value="registry-app-ksql047.apps.ci419.apicurio-testing.org"/>
    <property name="surefire.real.class.path" value="/home/runner/work/apicurio-testing/apicurio-testing/clusters/ci419/namespaces/ksql047/tests/integration/apicurio-registry/integration-tests/target/surefire/surefirebooter-20250812172428248_3.jar"/>
    <property name="sun.management.compiler" value="HotSpot 64-Bit Tiered Compilers"/>
    <property name="org.eclipse.jetty.http.HttpGenerator.STRICT" value="true"/>
    <property name="java.runtime.version" value="17.0.16+8"/>
    <property name="user.name" value="runner"/>
    <property name="path.separator" value=":"/>
    <property name="os.version" value="6.8.0-1031-azure"/>
    <property name="java.runtime.name" value="OpenJDK Runtime Environment"/>
    <property name="file.encoding" value="UTF-8"/>
    <property name="jnidispatch.path" value="/home/runner/.cache/JNA/temp/jna12056193763765166584.tmp"/>
    <property name="java.vm.name" value="OpenJDK 64-Bit Server VM"/>
    <property name="jna.platform.library.path" value="/usr/lib/x86_64-linux-gnu:/lib/x86_64-linux-gnu:/usr/lib64:/lib64:/usr/lib:/lib:/lib32:/usr/local/lib:/usr/lib/x86_64-linux-gnu/libfakeroot"/>
    <property name="java.vendor.version" value="Temurin-17.0.16+8"/>
    <property name="quarkus.oidc.token-path" value="https://keycloak-ksql047.apps.ci419.apicurio-testing.org/realms/registry/protocol/openid-connect/token"/>
    <property name="quarkus.http.host" value="registry-app-ksql047.apps.ci419.apicurio-testing.org"/>
    <property name="localRepository" value="/home/runner/.m2/repository"/>
    <property name="javax.xml.xpath.XPathFactory:http://java.sun.com/jaxp/xpath/dom" value="com.sun.org.apache.xpath.internal.jaxp.XPathFactoryImpl"/>
    <property name="jna.loaded" value="true"/>
    <property name="java.vendor.url.bug" value="https://github.com/adoptium/adoptium-support/issues"/>
    <property name="jetty.git.hash" value="5bc5e562c8d05c5862505aebe5cf83a61bdbcb96"/>
    <property name="java.io.tmpdir" value="/tmp"/>
    <property name="quarkus.http.test-protocol" value="http"/>
    <property name="java.version" value="17.0.16"/>
    <property name="user.dir" value="/home/runner/work/apicurio-testing/apicurio-testing/clusters/ci419/namespaces/ksql047/tests/integration/apicurio-registry/integration-tests"/>
    <property name="os.arch" value="amd64"/>
    <property name="groups" value="( smoke | serdes | acceptance | ui)"/>
    <property name="java.vm.specification.name" value="Java Virtual Machine Specification"/>
    <property name="native.encoding" value="UTF-8"/>
    <property name="java.util.logging.manager" value="org.jboss.logmanager.LogManager"/>
    <property name="java.library.path" value="/usr/java/packages/lib:/usr/lib64:/lib64:/lib:/usr/lib"/>
    <property name="jdk.console" value="java.base"/>
    <property name="java.vm.info" value="mixed mode, sharing"/>
    <property name="java.vendor" value="Eclipse Adoptium"/>
    <property name="java.vm.version" value="17.0.16+8"/>
    <property name="java.specification.maintenance.version" value="1"/>
    <property name="sun.io.unicode.encoding" value="UnicodeLittle"/>
    <property name="javax.xml.transform.TransformerFactory" value="com.sun.org.apache.xalan.internal.xsltc.trax.TransformerFactoryImpl"/>
    <property name="java.class.version" value="61.0"/>
  </properties>
  <testcase name="testGlobalIdInHeaders" classname="io.apicurio.tests.serdes.apicurio.AvroSerdeIT" time="6.058">
    <system-out><![CDATA[**** Registry Base URL: http://registry-app-ksql047.apps.ci419.apicurio-testing.org:80
**** Registry Base URL: http://registry-app-ksql047.apps.ci419.apicurio-testing.org:80
2025-08-12 17:24:41,061 INFO  [io.api.tes.ser.api.AvroSerdeIT] (main) RestAssured configured with http://registry-app-ksql047.apps.ci419.apicurio-testing.org:80/apis/registry/v3
2025-08-12 17:24:41,157 INFO  [io.api.tes.uti.KafkaFacade] (main) Starting kafka container
2025-08-12 17:24:41,197 INFO  [org.tes.ima.PullPolicy] (main) Image pull policy will be performed by: DefaultPullPolicy()
2025-08-12 17:24:41,200 INFO  [org.tes.uti.ImageNameSubstitutor] (main) Image name substitution will be performed by: DefaultImageNameSubstitutor (composite of 'ConfigurationFileImageNameSubstitutor' and 'PrefixingImageNameSubstitutor')
2025-08-12 17:24:41,211 INFO  [org.tes.DockerClientFactory] (main) Testcontainers version: 1.20.6
2025-08-12 17:24:41,690 INFO  [org.tes.doc.DockerClientProviderStrategy] (main) Found Docker environment with local Unix socket (unix:///var/run/docker.sock)
2025-08-12 17:24:41,698 INFO  [org.tes.DockerClientFactory] (main) Docker host IP address is localhost
2025-08-12 17:24:41,718 INFO  [org.tes.DockerClientFactory] (main) Connected to docker: 
  Server Version: 28.0.4
  API Version: 1.48
  Operating System: Ubuntu 22.04.5 LTS
  Total Memory: 7944 MB
2025-08-12 17:24:41,759 INFO  [tc.tes.11.0] (main) Pulling docker image: testcontainers/ryuk:0.11.0. Please be patient; this may take some time but only needs to be done once.
2025-08-12 17:24:42,472 INFO  [tc.tes.11.0] (docker-java-stream--1295187651) Starting to pull image
2025-08-12 17:24:42,490 INFO  [tc.tes.11.0] (docker-java-stream--1295187651) Pulling image layers:  0 pending,  0 downloaded,  0 extracted, (0 bytes/0 bytes)
2025-08-12 17:24:42,901 INFO  [tc.tes.11.0] (docker-java-stream--1295187651) Pulling image layers:  2 pending,  1 downloaded,  0 extracted, (45 KB/? MB)
2025-08-12 17:24:42,980 INFO  [tc.tes.11.0] (docker-java-stream--1295187651) Pulling image layers:  1 pending,  2 downloaded,  0 extracted, (114 KB/? MB)
2025-08-12 17:24:43,103 INFO  [tc.tes.11.0] (docker-java-stream--1295187651) Pulling image layers:  1 pending,  2 downloaded,  1 extracted, (6 MB/? MB)
2025-08-12 17:24:43,230 INFO  [tc.tes.11.0] (docker-java-stream--1295187651) Pulling image layers:  0 pending,  3 downloaded,  1 extracted, (9 MB/10 MB)
2025-08-12 17:24:44,118 INFO  [tc.tes.11.0] (docker-java-stream--1295187651) Pulling image layers:  0 pending,  3 downloaded,  2 extracted, (9 MB/10 MB)
2025-08-12 17:24:44,161 INFO  [tc.tes.11.0] (docker-java-stream--1295187651) Pulling image layers:  0 pending,  3 downloaded,  3 extracted, (10 MB/10 MB)
2025-08-12 17:24:44,167 INFO  [tc.tes.11.0] (docker-java-stream--1295187651) Pull complete. 3 layers, pulled in 1s (downloaded 10 MB at 10 MB/s)
2025-08-12 17:24:44,168 INFO  [tc.tes.11.0] (main) Image testcontainers/ryuk:0.11.0 pull took PT2.408365013S
2025-08-12 17:24:44,187 INFO  [tc.tes.11.0] (main) Creating container for image: testcontainers/ryuk:0.11.0
2025-08-12 17:24:44,264 INFO  [tc.tes.11.0] (main) Container testcontainers/ryuk:0.11.0 is starting: 0cd9e5be7bb2061540127a7e78e252bbb7b26316c15663e6929b76fda40d1f66
2025-08-12 17:24:44,640 INFO  [tc.tes.11.0] (main) Container testcontainers/ryuk:0.11.0 started in PT0.45210922S
2025-08-12 17:24:44,646 INFO  [org.tes.uti.RyukResourceReaper] (main) Ryuk started - will monitor and terminate Testcontainers containers on JVM exit
2025-08-12 17:24:44,646 INFO  [org.tes.DockerClientFactory] (main) Checking the system...
2025-08-12 17:24:44,647 INFO  [org.tes.DockerClientFactory] (main) ✔︎ Docker server version should be at least 1.6.0
2025-08-12 17:24:44,651 INFO  [io.str.tes.con.KafkaVersionService] (main) Latest release of Kafka is:LogicalKafkaVersionEntity{version='4.0.0', image='quay.io/strimzi-test-container/test-container:0.111.0-kafka-4.0.0'}
2025-08-12 17:24:44,651 INFO  [io.str.tes.con.KafkaVersionService] (main) Latest release of Kafka is:LogicalKafkaVersionEntity{version='4.0.0', image='quay.io/strimzi-test-container/test-container:0.111.0-kafka-4.0.0'}
2025-08-12 17:24:44,651 INFO  [io.str.tes.con.KafkaVersionService] (main) No Kafka version specified. Using latest release: 4.0.0
2025-08-12 17:24:44,656 INFO  [tc.qua.io/.111.0-k.0.0] (main) Pulling docker image: quay.io/strimzi-test-container/test-container:0.111.0-kafka-4.0.0. Please be patient; this may take some time but only needs to be done once.
2025-08-12 17:24:45,447 INFO  [tc.qua.io/.111.0-k.0.0] (docker-java-stream--29267298) Starting to pull image
2025-08-12 17:24:45,448 INFO  [tc.qua.io/.111.0-k.0.0] (docker-java-stream--29267298) Pulling image layers:  0 pending,  0 downloaded,  0 extracted, (0 bytes/0 bytes)
2025-08-12 17:24:46,200 INFO  [tc.qua.io/.111.0-k.0.0] (docker-java-stream--29267298) Pulling image layers:  6 pending,  1 downloaded,  0 extracted, (5 MB/? MB)
2025-08-12 17:24:46,567 INFO  [tc.qua.io/.111.0-k.0.0] (docker-java-stream--29267298) Pulling image layers:  5 pending,  2 downloaded,  0 extracted, (67 MB/? MB)
2025-08-12 17:24:46,627 INFO  [tc.qua.io/.111.0-k.0.0] (docker-java-stream--29267298) Pulling image layers:  4 pending,  3 downloaded,  0 extracted, (76 MB/? MB)
2025-08-12 17:24:46,943 INFO  [tc.qua.io/.111.0-k.0.0] (docker-java-stream--29267298) Pulling image layers:  3 pending,  4 downloaded,  0 extracted, (117 MB/? MB)
2025-08-12 17:24:47,034 INFO  [tc.qua.io/.111.0-k.0.0] (docker-java-stream--29267298) Pulling image layers:  2 pending,  5 downloaded,  0 extracted, (127 MB/? MB)
2025-08-12 17:24:47,344 INFO  [tc.qua.io/.111.0-k.0.0] (docker-java-stream--29267298) Pulling image layers:  1 pending,  6 downloaded,  0 extracted, (158 MB/? MB)
2025-08-12 17:24:47,816 INFO  [tc.qua.io/.111.0-k.0.0] (docker-java-stream--29267298) Pulling image layers:  1 pending,  6 downloaded,  1 extracted, (201 MB/? MB)
2025-08-12 17:24:48,375 INFO  [tc.qua.io/.111.0-k.0.0] (docker-java-stream--29267298) Pulling image layers:  0 pending,  7 downloaded,  1 extracted, (239 MB/249 MB)
2025-08-12 17:24:50,533 INFO  [tc.qua.io/.111.0-k.0.0] (docker-java-stream--29267298) Pulling image layers:  0 pending,  7 downloaded,  2 extracted, (241 MB/249 MB)
2025-08-12 17:24:51,408 INFO  [tc.qua.io/.111.0-k.0.0] (docker-java-stream--29267298) Pulling image layers:  0 pending,  7 downloaded,  3 extracted, (242 MB/249 MB)
2025-08-12 17:24:51,667 INFO  [tc.qua.io/.111.0-k.0.0] (docker-java-stream--29267298) Pulling image layers:  0 pending,  7 downloaded,  4 extracted, (242 MB/249 MB)
2025-08-12 17:24:52,767 INFO  [tc.qua.io/.111.0-k.0.0] (docker-java-stream--29267298) Pulling image layers:  0 pending,  7 downloaded,  5 extracted, (249 MB/249 MB)
2025-08-12 17:24:52,808 INFO  [tc.qua.io/.111.0-k.0.0] (docker-java-stream--29267298) Pulling image layers:  0 pending,  7 downloaded,  6 extracted, (249 MB/249 MB)
2025-08-12 17:24:52,824 INFO  [tc.qua.io/.111.0-k.0.0] (docker-java-stream--29267298) Pulling image layers:  0 pending,  7 downloaded,  7 extracted, (249 MB/249 MB)
2025-08-12 17:24:52,832 INFO  [tc.qua.io/.111.0-k.0.0] (main) Image quay.io/strimzi-test-container/test-container:0.111.0-kafka-4.0.0 pull took PT8.175697328S
2025-08-12 17:24:52,832 INFO  [tc.qua.io/.111.0-k.0.0] (docker-java-stream--29267298) Pull complete. 7 layers, pulled in 7s (downloaded 249 MB at 35 MB/s)
2025-08-12 17:24:52,835 INFO  [tc.qua.io/.111.0-k.0.0] (main) Creating container for image: quay.io/strimzi-test-container/test-container:0.111.0-kafka-4.0.0
2025-08-12 17:24:52,918 INFO  [tc.qua.io/.111.0-k.0.0] (main) Container quay.io/strimzi-test-container/test-container:0.111.0-kafka-4.0.0 is starting: e1cae19fcc814347b55543700c0b2dc770fce79294686cb900e135ffc50c49e6
2025-08-12 17:24:53,091 INFO  [io.str.tes.con.StrimziKafkaContainer] (main) Mapped port: 32769
2025-08-12 17:24:53,092 WARN  [io.str.tes.con.StrimziKafkaContainer] (main) Node ID is not set. Using broker ID 0 as the default node ID.
2025-08-12 17:24:53,092 INFO  [io.str.tes.con.StrimziKafkaContainer] (main) This is all advertised listeners for Kafka PLAINTEXT://localhost:32769,BROKER1://172.18.0.2:9091,CONTROLLER://broker-0:9094
2025-08-12 17:24:53,119 INFO  [io.str.tes.con.StrimziKafkaContainer] (main) New `cluster.id` has been generated: HDV_o9asQruzQakuWK8_NQ
2025-08-12 17:24:53,120 INFO  [io.str.tes.con.StrimziKafkaContainer] (main) Copying command to 'STARTER_SCRIPT' script.
2025-08-12 17:24:58,440 INFO  [tc.qua.io/.111.0-k.0.0] (main) Container quay.io/strimzi-test-container/test-container:0.111.0-kafka-4.0.0 started in PT5.605181121S
2025-08-12 17:24:58,447 INFO  [io.api.tes.uti.TestSeparator] (main) ############################################################################
2025-08-12 17:24:58,447 INFO  [io.api.tes.uti.TestSeparator] (main) io.apicurio.tests.serdes.apicurio.AvroSerdeIT.testGlobalIdInHeaders-STARTED
2025-08-12 17:24:58,471 INFO  [org.apa.kaf.cli.adm.AdminClientConfig] (main) AdminClientConfig values: 
	auto.include.jmx.reporter = true
	bootstrap.controllers = []
	bootstrap.servers = [PLAINTEXT://localhost:32769]
	client.dns.lookup = use_all_dns_ips
	client.id = 
	connections.max.idle.ms = 10000
	default.api.timeout.ms = 60000
	enable.metrics.push = true
	metadata.max.age.ms = 300000
	metadata.recovery.strategy = none
	metric.reporters = []
	metrics.num.samples = 2
	metrics.recording.level = INFO
	metrics.sample.window.ms = 30000
	receive.buffer.bytes = 65536
	reconnect.backoff.max.ms = 1000
	reconnect.backoff.ms = 50
	request.timeout.ms = 5000
	retries = 2147483647
	retry.backoff.max.ms = 1000
	retry.backoff.ms = 100
	sasl.client.callback.handler.class = null
	sasl.jaas.config = null
	sasl.kerberos.kinit.cmd = /usr/bin/kinit
	sasl.kerberos.min.time.before.relogin = 60000
	sasl.kerberos.service.name = null
	sasl.kerberos.ticket.renew.jitter = 0.05
	sasl.kerberos.ticket.renew.window.factor = 0.8
	sasl.login.callback.handler.class = null
	sasl.login.class = null
	sasl.login.connect.timeout.ms = null
	sasl.login.read.timeout.ms = null
	sasl.login.refresh.buffer.seconds = 300
	sasl.login.refresh.min.period.seconds = 60
	sasl.login.refresh.window.factor = 0.8
	sasl.login.refresh.window.jitter = 0.05
	sasl.login.retry.backoff.max.ms = 10000
	sasl.login.retry.backoff.ms = 100
	sasl.mechanism = GSSAPI
	sasl.oauthbearer.clock.skew.seconds = 30
	sasl.oauthbearer.expected.audience = null
	sasl.oauthbearer.expected.issuer = null
	sasl.oauthbearer.header.urlencode = false
	sasl.oauthbearer.jwks.endpoint.refresh.ms = 3600000
	sasl.oauthbearer.jwks.endpoint.retry.backoff.max.ms = 10000
	sasl.oauthbearer.jwks.endpoint.retry.backoff.ms = 100
	sasl.oauthbearer.jwks.endpoint.url = null
	sasl.oauthbearer.scope.claim.name = scope
	sasl.oauthbearer.sub.claim.name = sub
	sasl.oauthbearer.token.endpoint.url = null
	security.protocol = PLAINTEXT
	security.providers = null
	send.buffer.bytes = 131072
	socket.connection.setup.timeout.max.ms = 30000
	socket.connection.setup.timeout.ms = 10000
	ssl.cipher.suites = null
	ssl.enabled.protocols = [TLSv1.2, TLSv1.3]
	ssl.endpoint.identification.algorithm = https
	ssl.engine.factory.class = null
	ssl.key.password = null
	ssl.keymanager.algorithm = SunX509
	ssl.keystore.certificate.chain = null
	ssl.keystore.key = null
	ssl.keystore.location = null
	ssl.keystore.password = null
	ssl.keystore.type = JKS
	ssl.protocol = TLSv1.3
	ssl.provider = null
	ssl.secure.random.implementation = null
	ssl.trustmanager.algorithm = PKIX
	ssl.truststore.certificates = null
	ssl.truststore.location = null
	ssl.truststore.password = null
	ssl.truststore.type = JKS

2025-08-12 17:24:58,754 INFO  [org.apa.kaf.com.uti.AppInfoParser] (main) Kafka version: 3.9.1
2025-08-12 17:24:58,755 INFO  [org.apa.kaf.com.uti.AppInfoParser] (main) Kafka commitId: f745dfdcee2b9851
2025-08-12 17:24:58,755 INFO  [org.apa.kaf.com.uti.AppInfoParser] (main) Kafka startTimeMs: 1755019498751
**** Registry Base URL: http://registry-app-ksql047.apps.ci419.apicurio-testing.org:80
2025-08-12 17:24:58,817 INFO  [org.apa.kaf.cli.pro.ProducerConfig] (main) ProducerConfig values: 
	acks = -1
	auto.include.jmx.reporter = true
	batch.size = 16384
	bootstrap.servers = [PLAINTEXT://localhost:32769]
	buffer.memory = 33554432
	client.dns.lookup = use_all_dns_ips
	client.id = Producer-topic-d754959f_6a4e_4839_b51e_b43b79e4138d
	compression.gzip.level = -1
	compression.lz4.level = 9
	compression.type = none
	compression.zstd.level = 3
	connections.max.idle.ms = 10000
	delivery.timeout.ms = 120000
	enable.idempotence = true
	enable.metrics.push = true
	interceptor.classes = []
	key.serializer = class org.apache.kafka.common.serialization.StringSerializer
	linger.ms = 0
	max.block.ms = 60000
	max.in.flight.requests.per.connection = 5
	max.request.size = 1048576
	metadata.max.age.ms = 300000
	metadata.max.idle.ms = 300000
	metadata.recovery.strategy = none
	metric.reporters = []
	metrics.num.samples = 2
	metrics.recording.level = INFO
	metrics.sample.window.ms = 30000
	partitioner.adaptive.partitioning.enable = true
	partitioner.availability.timeout.ms = 0
	partitioner.class = null
	partitioner.ignore.keys = false
	receive.buffer.bytes = 32768
	reconnect.backoff.max.ms = 1000
	reconnect.backoff.ms = 50
	request.timeout.ms = 5000
	retries = 2147483647
	retry.backoff.max.ms = 1000
	retry.backoff.ms = 100
	sasl.client.callback.handler.class = null
	sasl.jaas.config = null
	sasl.kerberos.kinit.cmd = /usr/bin/kinit
	sasl.kerberos.min.time.before.relogin = 60000
	sasl.kerberos.service.name = null
	sasl.kerberos.ticket.renew.jitter = 0.05
	sasl.kerberos.ticket.renew.window.factor = 0.8
	sasl.login.callback.handler.class = null
	sasl.login.class = null
	sasl.login.connect.timeout.ms = null
	sasl.login.read.timeout.ms = null
	sasl.login.refresh.buffer.seconds = 300
	sasl.login.refresh.min.period.seconds = 60
	sasl.login.refresh.window.factor = 0.8
	sasl.login.refresh.window.jitter = 0.05
	sasl.login.retry.backoff.max.ms = 10000
	sasl.login.retry.backoff.ms = 100
	sasl.mechanism = GSSAPI
	sasl.oauthbearer.clock.skew.seconds = 30
	sasl.oauthbearer.expected.audience = null
	sasl.oauthbearer.expected.issuer = null
	sasl.oauthbearer.header.urlencode = false
	sasl.oauthbearer.jwks.endpoint.refresh.ms = 3600000
	sasl.oauthbearer.jwks.endpoint.retry.backoff.max.ms = 10000
	sasl.oauthbearer.jwks.endpoint.retry.backoff.ms = 100
	sasl.oauthbearer.jwks.endpoint.url = null
	sasl.oauthbearer.scope.claim.name = scope
	sasl.oauthbearer.sub.claim.name = sub
	sasl.oauthbearer.token.endpoint.url = null
	security.protocol = PLAINTEXT
	security.providers = null
	send.buffer.bytes = 131072
	socket.connection.setup.timeout.max.ms = 30000
	socket.connection.setup.timeout.ms = 10000
	ssl.cipher.suites = null
	ssl.enabled.protocols = [TLSv1.2, TLSv1.3]
	ssl.endpoint.identification.algorithm = https
	ssl.engine.factory.class = null
	ssl.key.password = null
	ssl.keymanager.algorithm = SunX509
	ssl.keystore.certificate.chain = null
	ssl.keystore.key = null
	ssl.keystore.location = null
	ssl.keystore.password = null
	ssl.keystore.type = JKS
	ssl.protocol = TLSv1.3
	ssl.provider = null
	ssl.secure.random.implementation = null
	ssl.trustmanager.algorithm = PKIX
	ssl.truststore.certificates = null
	ssl.truststore.location = null
	ssl.truststore.password = null
	ssl.truststore.type = JKS
	transaction.timeout.ms = 60000
	transactional.id = null
	value.serializer = class io.apicurio.registry.serde.avro.AvroKafkaSerializer

2025-08-12 17:24:58,902 INFO  [org.apa.kaf.com.tel.int.KafkaMetricsCollector] (main) initializing Kafka metrics collector
2025-08-12 17:24:58,934 INFO  [org.apa.kaf.cli.pro.KafkaProducer] (main) [Producer clientId=Producer-topic-d754959f_6a4e_4839_b51e_b43b79e4138d] Instantiated an idempotent producer.
2025-08-12 17:24:58,983 INFO  [org.apa.kaf.cli.pro.ProducerConfig] (main) These configurations '[apicurio.registry.url, apicurio.registry.auto-register, apicurio.registry.use-id, apicurio.registry.artifact-resolver-strategy]' were supplied but are not used yet.
2025-08-12 17:24:58,986 INFO  [org.apa.kaf.com.uti.AppInfoParser] (main) Kafka version: 3.9.1
2025-08-12 17:24:58,986 INFO  [org.apa.kaf.com.uti.AppInfoParser] (main) Kafka commitId: f745dfdcee2b9851
2025-08-12 17:24:58,986 INFO  [org.apa.kaf.com.uti.AppInfoParser] (main) Kafka startTimeMs: 1755019498984
2025-08-12 17:24:58,987 INFO  [io.api.tes.ser.api.SimpleSerdesTesterBuilder$SimpleSerdesTester] (main) Using producer configuration: {apicurio.registry.url=http://registry-app-ksql047.apps.ci419.apicurio-testing.org:80/apis/registry/v3, apicurio.registry.auto-register=true, apicurio.registry.use-id=globalId, apicurio.registry.artifact-resolver-strategy=io.apicurio.registry.serde.strategy.TopicIdStrategy, value.serializer=io.apicurio.registry.serde.avro.AvroKafkaSerializer, request.timeout.ms=5000, acks=all, bootstrap.servers=PLAINTEXT://localhost:32769, connections.max.idle.ms=10000, key.serializer=org.apache.kafka.common.serialization.StringSerializer, client.id=Producer-topic-d754959f_6a4e_4839_b51e_b43b79e4138d}
2025-08-12 17:24:58,987 INFO  [io.api.tes.ser.api.SimpleSerdesTesterBuilder$SimpleSerdesTester] (main) Using consumer configuration: {apicurio.registry.use-id=globalId}
2025-08-12 17:24:58,996 INFO  [io.api.tes.ser.api.KafkaSerdesTester] (Thread-600) Sending message {"key11755019498793": "value-0"} to topic topic-d754959f_6a4e_4839_b51e_b43b79e4138d
2025-08-12 17:24:59,290 WARN  [org.apa.kaf.cli.NetworkClient] (kafka-producer-network-thread | Producer-topic-d754959f_6a4e_4839_b51e_b43b79e4138d) [Producer clientId=Producer-topic-d754959f_6a4e_4839_b51e_b43b79e4138d] The metadata response from the cluster reported a recoverable issue with correlation id 1 : {topic-d754959f_6a4e_4839_b51e_b43b79e4138d=UNKNOWN_TOPIC_OR_PARTITION}
2025-08-12 17:24:59,293 INFO  [org.apa.kaf.cli.Metadata] (kafka-producer-network-thread | Producer-topic-d754959f_6a4e_4839_b51e_b43b79e4138d) [Producer clientId=Producer-topic-d754959f_6a4e_4839_b51e_b43b79e4138d] Cluster ID: HDV_o9asQruzQakuWK8_NQ
2025-08-12 17:24:59,411 INFO  [org.apa.kaf.cli.pro.int.TransactionManager] (kafka-producer-network-thread | Producer-topic-d754959f_6a4e_4839_b51e_b43b79e4138d) [Producer clientId=Producer-topic-d754959f_6a4e_4839_b51e_b43b79e4138d] ProducerId set to 0 with epoch 0
2025-08-12 17:24:59,651 INFO  [io.api.tes.ser.api.KafkaSerdesTester] (Thread-600) Sending message {"key11755019498793": "value-1"} to topic topic-d754959f_6a4e_4839_b51e_b43b79e4138d
2025-08-12 17:24:59,657 INFO  [io.api.tes.ser.api.KafkaSerdesTester] (Thread-600) Sending message {"key11755019498793": "value-2"} to topic topic-d754959f_6a4e_4839_b51e_b43b79e4138d
2025-08-12 17:24:59,665 INFO  [io.api.tes.ser.api.KafkaSerdesTester] (Thread-600) Sending message {"key11755019498793": "value-3"} to topic topic-d754959f_6a4e_4839_b51e_b43b79e4138d
2025-08-12 17:24:59,673 INFO  [io.api.tes.ser.api.KafkaSerdesTester] (Thread-600) Sending message {"key11755019498793": "value-4"} to topic topic-d754959f_6a4e_4839_b51e_b43b79e4138d
2025-08-12 17:24:59,678 INFO  [io.api.tes.ser.api.KafkaSerdesTester] (Thread-600) Sending message {"key11755019498793": "value-5"} to topic topic-d754959f_6a4e_4839_b51e_b43b79e4138d
2025-08-12 17:24:59,684 INFO  [io.api.tes.ser.api.KafkaSerdesTester] (Thread-600) Sending message {"key11755019498793": "value-6"} to topic topic-d754959f_6a4e_4839_b51e_b43b79e4138d
2025-08-12 17:24:59,693 INFO  [io.api.tes.ser.api.KafkaSerdesTester] (Thread-600) Sending message {"key11755019498793": "value-7"} to topic topic-d754959f_6a4e_4839_b51e_b43b79e4138d
2025-08-12 17:24:59,696 INFO  [io.api.tes.ser.api.KafkaSerdesTester] (Thread-600) Sending message {"key11755019498793": "value-8"} to topic topic-d754959f_6a4e_4839_b51e_b43b79e4138d
2025-08-12 17:24:59,699 INFO  [io.api.tes.ser.api.KafkaSerdesTester] (Thread-600) Sending message {"key11755019498793": "value-9"} to topic topic-d754959f_6a4e_4839_b51e_b43b79e4138d
2025-08-12 17:24:59,707 INFO  [io.api.tes.ser.api.KafkaSerdesTester] (Thread-600) Produced 10 messages
2025-08-12 17:24:59,708 INFO  [org.apa.kaf.cli.pro.KafkaProducer] (Thread-600) [Producer clientId=Producer-topic-d754959f_6a4e_4839_b51e_b43b79e4138d] Closing the Kafka producer with timeoutMillis = 9223372036854775807 ms.
2025-08-12 17:24:59,726 INFO  [org.apa.kaf.com.met.Metrics] (Thread-600) Metrics scheduler closed
2025-08-12 17:24:59,727 INFO  [org.apa.kaf.com.met.Metrics] (Thread-600) Closing reporter org.apache.kafka.common.metrics.JmxReporter
2025-08-12 17:24:59,727 INFO  [org.apa.kaf.com.met.Metrics] (Thread-600) Closing reporter org.apache.kafka.common.telemetry.internals.ClientTelemetryReporter
2025-08-12 17:24:59,727 INFO  [org.apa.kaf.com.met.Metrics] (Thread-600) Metrics reporters closed
2025-08-12 17:24:59,734 INFO  [org.apa.kaf.com.uti.AppInfoParser] (Thread-600) App info kafka.producer for Producer-topic-d754959f_6a4e_4839_b51e_b43b79e4138d unregistered
**** Registry Base URL: http://registry-app-ksql047.apps.ci419.apicurio-testing.org:80
2025-08-12 17:24:59,830 INFO  [org.apa.kaf.cli.con.ConsumerConfig] (main) ConsumerConfig values: 
	allow.auto.create.topics = true
	auto.commit.interval.ms = 500
	auto.include.jmx.reporter = true
	auto.offset.reset = earliest
	bootstrap.servers = [PLAINTEXT://localhost:32769]
	check.crcs = true
	client.dns.lookup = use_all_dns_ips
	client.id = consumer-Consumer-topic-d754959f_6a4e_4839_b51e_b43b79e4138d-1
	client.rack = 
	connections.max.idle.ms = 10000
	default.api.timeout.ms = 60000
	enable.auto.commit = true
	enable.metrics.push = true
	exclude.internal.topics = true
	fetch.max.bytes = 52428800
	fetch.max.wait.ms = 500
	fetch.min.bytes = 1
	group.id = Consumer-topic-d754959f_6a4e_4839_b51e_b43b79e4138d
	group.instance.id = null
	group.protocol = classic
	group.remote.assignor = null
	heartbeat.interval.ms = 3000
	interceptor.classes = []
	internal.leave.group.on.close = true
	internal.throw.on.fetch.stable.offset.unsupported = false
	isolation.level = read_uncommitted
	key.deserializer = class org.apache.kafka.common.serialization.StringDeserializer
	max.partition.fetch.bytes = 1048576
	max.poll.interval.ms = 300000
	max.poll.records = 500
	metadata.max.age.ms = 300000
	metadata.recovery.strategy = none
	metric.reporters = []
	metrics.num.samples = 2
	metrics.recording.level = INFO
	metrics.sample.window.ms = 30000
	partition.assignment.strategy = [class org.apache.kafka.clients.consumer.RangeAssignor, class org.apache.kafka.clients.consumer.CooperativeStickyAssignor]
	receive.buffer.bytes = 65536
	reconnect.backoff.max.ms = 1000
	reconnect.backoff.ms = 50
	request.timeout.ms = 5000
	retry.backoff.max.ms = 1000
	retry.backoff.ms = 100
	sasl.client.callback.handler.class = null
	sasl.jaas.config = null
	sasl.kerberos.kinit.cmd = /usr/bin/kinit
	sasl.kerberos.min.time.before.relogin = 60000
	sasl.kerberos.service.name = null
	sasl.kerberos.ticket.renew.jitter = 0.05
	sasl.kerberos.ticket.renew.window.factor = 0.8
	sasl.login.callback.handler.class = null
	sasl.login.class = null
	sasl.login.connect.timeout.ms = null
	sasl.login.read.timeout.ms = null
	sasl.login.refresh.buffer.seconds = 300
	sasl.login.refresh.min.period.seconds = 60
	sasl.login.refresh.window.factor = 0.8
	sasl.login.refresh.window.jitter = 0.05
	sasl.login.retry.backoff.max.ms = 10000
	sasl.login.retry.backoff.ms = 100
	sasl.mechanism = GSSAPI
	sasl.oauthbearer.clock.skew.seconds = 30
	sasl.oauthbearer.expected.audience = null
	sasl.oauthbearer.expected.issuer = null
	sasl.oauthbearer.header.urlencode = false
	sasl.oauthbearer.jwks.endpoint.refresh.ms = 3600000
	sasl.oauthbearer.jwks.endpoint.retry.backoff.max.ms = 10000
	sasl.oauthbearer.jwks.endpoint.retry.backoff.ms = 100
	sasl.oauthbearer.jwks.endpoint.url = null
	sasl.oauthbearer.scope.claim.name = scope
	sasl.oauthbearer.sub.claim.name = sub
	sasl.oauthbearer.token.endpoint.url = null
	security.protocol = PLAINTEXT
	security.providers = null
	send.buffer.bytes = 131072
	session.timeout.ms = 45000
	socket.connection.setup.timeout.max.ms = 30000
	socket.connection.setup.timeout.ms = 10000
	ssl.cipher.suites = null
	ssl.enabled.protocols = [TLSv1.2, TLSv1.3]
	ssl.endpoint.identification.algorithm = https
	ssl.engine.factory.class = null
	ssl.key.password = null
	ssl.keymanager.algorithm = SunX509
	ssl.keystore.certificate.chain = null
	ssl.keystore.key = null
	ssl.keystore.location = null
	ssl.keystore.password = null
	ssl.keystore.type = JKS
	ssl.protocol = TLSv1.3
	ssl.provider = null
	ssl.secure.random.implementation = null
	ssl.trustmanager.algorithm = PKIX
	ssl.truststore.certificates = null
	ssl.truststore.location = null
	ssl.truststore.password = null
	ssl.truststore.type = JKS
	value.deserializer = class io.apicurio.registry.serde.avro.AvroKafkaDeserializer

2025-08-12 17:24:59,837 INFO  [org.apa.kaf.com.tel.int.KafkaMetricsCollector] (main) initializing Kafka metrics collector
2025-08-12 17:24:59,882 INFO  [org.apa.kaf.cli.con.ConsumerConfig] (main) These configurations '[apicurio.registry.url, apicurio.registry.use-id]' were supplied but are not used yet.
2025-08-12 17:24:59,882 INFO  [org.apa.kaf.com.uti.AppInfoParser] (main) Kafka version: 3.9.1
2025-08-12 17:24:59,883 INFO  [org.apa.kaf.com.uti.AppInfoParser] (main) Kafka commitId: f745dfdcee2b9851
2025-08-12 17:24:59,883 INFO  [org.apa.kaf.com.uti.AppInfoParser] (main) Kafka startTimeMs: 1755019499882
2025-08-12 17:24:59,884 INFO  [org.apa.kaf.cli.con.int.ClassicKafkaConsumer] (Thread-603) [Consumer clientId=consumer-Consumer-topic-d754959f_6a4e_4839_b51e_b43b79e4138d-1, groupId=Consumer-topic-d754959f_6a4e_4839_b51e_b43b79e4138d] Subscribed to topic(s): topic-d754959f_6a4e_4839_b51e_b43b79e4138d
2025-08-12 17:24:59,899 INFO  [org.apa.kaf.cli.Metadata] (Thread-603) [Consumer clientId=consumer-Consumer-topic-d754959f_6a4e_4839_b51e_b43b79e4138d-1, groupId=Consumer-topic-d754959f_6a4e_4839_b51e_b43b79e4138d] Cluster ID: HDV_o9asQruzQakuWK8_NQ
2025-08-12 17:25:00,034 INFO  [org.apa.kaf.cli.con.int.ConsumerCoordinator] (Thread-603) [Consumer clientId=consumer-Consumer-topic-d754959f_6a4e_4839_b51e_b43b79e4138d-1, groupId=Consumer-topic-d754959f_6a4e_4839_b51e_b43b79e4138d] Discovered group coordinator localhost:32769 (id: 2147483647 rack: null)
2025-08-12 17:25:00,045 INFO  [org.apa.kaf.cli.con.int.ConsumerCoordinator] (Thread-603) [Consumer clientId=consumer-Consumer-topic-d754959f_6a4e_4839_b51e_b43b79e4138d-1, groupId=Consumer-topic-d754959f_6a4e_4839_b51e_b43b79e4138d] (Re-)joining group
2025-08-12 17:25:00,092 INFO  [org.apa.kaf.cli.con.int.ConsumerCoordinator] (Thread-603) [Consumer clientId=consumer-Consumer-topic-d754959f_6a4e_4839_b51e_b43b79e4138d-1, groupId=Consumer-topic-d754959f_6a4e_4839_b51e_b43b79e4138d] Group coordinator localhost:32769 (id: 2147483647 rack: null) is unavailable or invalid due to cause: error response NOT_COORDINATOR. isDisconnected: false. Rediscovery will be attempted.
2025-08-12 17:25:00,092 INFO  [org.apa.kaf.cli.con.int.ConsumerCoordinator] (Thread-603) [Consumer clientId=consumer-Consumer-topic-d754959f_6a4e_4839_b51e_b43b79e4138d-1, groupId=Consumer-topic-d754959f_6a4e_4839_b51e_b43b79e4138d] Requesting disconnect from last known coordinator localhost:32769 (id: 2147483647 rack: null)
2025-08-12 17:25:00,093 INFO  [org.apa.kaf.cli.con.int.ConsumerCoordinator] (Thread-603) [Consumer clientId=consumer-Consumer-topic-d754959f_6a4e_4839_b51e_b43b79e4138d-1, groupId=Consumer-topic-d754959f_6a4e_4839_b51e_b43b79e4138d] JoinGroup failed: This is not the correct coordinator. Marking coordinator unknown. Sent generation was Generation{generationId=-1, memberId='', protocol='null'}
2025-08-12 17:25:00,093 INFO  [org.apa.kaf.cli.NetworkClient] (Thread-603) [Consumer clientId=consumer-Consumer-topic-d754959f_6a4e_4839_b51e_b43b79e4138d-1, groupId=Consumer-topic-d754959f_6a4e_4839_b51e_b43b79e4138d] Client requested disconnect from node 2147483647
2025-08-12 17:25:00,104 INFO  [org.apa.kaf.cli.con.int.ConsumerCoordinator] (Thread-603) [Consumer clientId=consumer-Consumer-topic-d754959f_6a4e_4839_b51e_b43b79e4138d-1, groupId=Consumer-topic-d754959f_6a4e_4839_b51e_b43b79e4138d] Discovered group coordinator localhost:32769 (id: 2147483647 rack: null)
2025-08-12 17:25:00,106 INFO  [org.apa.kaf.cli.con.int.ConsumerCoordinator] (Thread-603) [Consumer clientId=consumer-Consumer-topic-d754959f_6a4e_4839_b51e_b43b79e4138d-1, groupId=Consumer-topic-d754959f_6a4e_4839_b51e_b43b79e4138d] Group coordinator localhost:32769 (id: 2147483647 rack: null) is unavailable or invalid due to cause: coordinator unavailable. isDisconnected: false. Rediscovery will be attempted.
2025-08-12 17:25:00,106 INFO  [org.apa.kaf.cli.con.int.ConsumerCoordinator] (Thread-603) [Consumer clientId=consumer-Consumer-topic-d754959f_6a4e_4839_b51e_b43b79e4138d-1, groupId=Consumer-topic-d754959f_6a4e_4839_b51e_b43b79e4138d] Requesting disconnect from last known coordinator localhost:32769 (id: 2147483647 rack: null)
2025-08-12 17:25:00,228 INFO  [org.apa.kaf.cli.con.int.ConsumerCoordinator] (Thread-603) [Consumer clientId=consumer-Consumer-topic-d754959f_6a4e_4839_b51e_b43b79e4138d-1, groupId=Consumer-topic-d754959f_6a4e_4839_b51e_b43b79e4138d] Discovered group coordinator localhost:32769 (id: 2147483647 rack: null)
2025-08-12 17:25:00,229 INFO  [org.apa.kaf.cli.con.int.ConsumerCoordinator] (Thread-603) [Consumer clientId=consumer-Consumer-topic-d754959f_6a4e_4839_b51e_b43b79e4138d-1, groupId=Consumer-topic-d754959f_6a4e_4839_b51e_b43b79e4138d] Request joining group due to: rebalance failed due to 'This is not the correct coordinator.' (NotCoordinatorException)
2025-08-12 17:25:00,230 INFO  [org.apa.kaf.cli.con.int.ConsumerCoordinator] (Thread-603) [Consumer clientId=consumer-Consumer-topic-d754959f_6a4e_4839_b51e_b43b79e4138d-1, groupId=Consumer-topic-d754959f_6a4e_4839_b51e_b43b79e4138d] (Re-)joining group
2025-08-12 17:25:00,244 INFO  [org.apa.kaf.cli.con.int.ConsumerCoordinator] (Thread-603) [Consumer clientId=consumer-Consumer-topic-d754959f_6a4e_4839_b51e_b43b79e4138d-1, groupId=Consumer-topic-d754959f_6a4e_4839_b51e_b43b79e4138d] Group coordinator localhost:32769 (id: 2147483647 rack: null) is unavailable or invalid due to cause: error response NOT_COORDINATOR. isDisconnected: false. Rediscovery will be attempted.
2025-08-12 17:25:00,245 INFO  [org.apa.kaf.cli.con.int.ConsumerCoordinator] (Thread-603) [Consumer clientId=consumer-Consumer-topic-d754959f_6a4e_4839_b51e_b43b79e4138d-1, groupId=Consumer-topic-d754959f_6a4e_4839_b51e_b43b79e4138d] Requesting disconnect from last known coordinator localhost:32769 (id: 2147483647 rack: null)
2025-08-12 17:25:00,245 INFO  [org.apa.kaf.cli.con.int.ConsumerCoordinator] (Thread-603) [Consumer clientId=consumer-Consumer-topic-d754959f_6a4e_4839_b51e_b43b79e4138d-1, groupId=Consumer-topic-d754959f_6a4e_4839_b51e_b43b79e4138d] JoinGroup failed: This is not the correct coordinator. Marking coordinator unknown. Sent generation was Generation{generationId=-1, memberId='', protocol='null'}
2025-08-12 17:25:00,245 INFO  [org.apa.kaf.cli.NetworkClient] (Thread-603) [Consumer clientId=consumer-Consumer-topic-d754959f_6a4e_4839_b51e_b43b79e4138d-1, groupId=Consumer-topic-d754959f_6a4e_4839_b51e_b43b79e4138d] Client requested disconnect from node 2147483647
2025-08-12 17:25:00,251 INFO  [org.apa.kaf.cli.con.int.ConsumerCoordinator] (Thread-603) [Consumer clientId=consumer-Consumer-topic-d754959f_6a4e_4839_b51e_b43b79e4138d-1, groupId=Consumer-topic-d754959f_6a4e_4839_b51e_b43b79e4138d] Discovered group coordinator localhost:32769 (id: 2147483647 rack: null)
2025-08-12 17:25:00,251 INFO  [org.apa.kaf.cli.con.int.ConsumerCoordinator] (Thread-603) [Consumer clientId=consumer-Consumer-topic-d754959f_6a4e_4839_b51e_b43b79e4138d-1, groupId=Consumer-topic-d754959f_6a4e_4839_b51e_b43b79e4138d] Group coordinator localhost:32769 (id: 2147483647 rack: null) is unavailable or invalid due to cause: coordinator unavailable. isDisconnected: false. Rediscovery will be attempted.
2025-08-12 17:25:00,252 INFO  [org.apa.kaf.cli.con.int.ConsumerCoordinator] (Thread-603) [Consumer clientId=consumer-Consumer-topic-d754959f_6a4e_4839_b51e_b43b79e4138d-1, groupId=Consumer-topic-d754959f_6a4e_4839_b51e_b43b79e4138d] Requesting disconnect from last known coordinator localhost:32769 (id: 2147483647 rack: null)
2025-08-12 17:25:00,381 INFO  [org.apa.kaf.cli.con.int.ConsumerCoordinator] (Thread-603) [Consumer clientId=consumer-Consumer-topic-d754959f_6a4e_4839_b51e_b43b79e4138d-1, groupId=Consumer-topic-d754959f_6a4e_4839_b51e_b43b79e4138d] Discovered group coordinator localhost:32769 (id: 2147483647 rack: null)
2025-08-12 17:25:00,383 INFO  [org.apa.kaf.cli.con.int.ConsumerCoordinator] (Thread-603) [Consumer clientId=consumer-Consumer-topic-d754959f_6a4e_4839_b51e_b43b79e4138d-1, groupId=Consumer-topic-d754959f_6a4e_4839_b51e_b43b79e4138d] Request joining group due to: rebalance failed due to 'This is not the correct coordinator.' (NotCoordinatorException)
2025-08-12 17:25:00,385 INFO  [org.apa.kaf.cli.con.int.ConsumerCoordinator] (Thread-603) [Consumer clientId=consumer-Consumer-topic-d754959f_6a4e_4839_b51e_b43b79e4138d-1, groupId=Consumer-topic-d754959f_6a4e_4839_b51e_b43b79e4138d] (Re-)joining group
2025-08-12 17:25:00,397 INFO  [org.apa.kaf.cli.con.int.ConsumerCoordinator] (Thread-603) [Consumer clientId=consumer-Consumer-topic-d754959f_6a4e_4839_b51e_b43b79e4138d-1, groupId=Consumer-topic-d754959f_6a4e_4839_b51e_b43b79e4138d] Group coordinator localhost:32769 (id: 2147483647 rack: null) is unavailable or invalid due to cause: error response NOT_COORDINATOR. isDisconnected: false. Rediscovery will be attempted.
2025-08-12 17:25:00,397 INFO  [org.apa.kaf.cli.con.int.ConsumerCoordinator] (Thread-603) [Consumer clientId=consumer-Consumer-topic-d754959f_6a4e_4839_b51e_b43b79e4138d-1, groupId=Consumer-topic-d754959f_6a4e_4839_b51e_b43b79e4138d] Requesting disconnect from last known coordinator localhost:32769 (id: 2147483647 rack: null)
2025-08-12 17:25:00,398 INFO  [org.apa.kaf.cli.con.int.ConsumerCoordinator] (Thread-603) [Consumer clientId=consumer-Consumer-topic-d754959f_6a4e_4839_b51e_b43b79e4138d-1, groupId=Consumer-topic-d754959f_6a4e_4839_b51e_b43b79e4138d] JoinGroup failed: This is not the correct coordinator. Marking coordinator unknown. Sent generation was Generation{generationId=-1, memberId='', protocol='null'}
2025-08-12 17:25:00,399 INFO  [org.apa.kaf.cli.NetworkClient] (Thread-603) [Consumer clientId=consumer-Consumer-topic-d754959f_6a4e_4839_b51e_b43b79e4138d-1, groupId=Consumer-topic-d754959f_6a4e_4839_b51e_b43b79e4138d] Client requested disconnect from node 2147483647
2025-08-12 17:25:00,403 INFO  [org.apa.kaf.cli.con.int.ConsumerCoordinator] (Thread-603) [Consumer clientId=consumer-Consumer-topic-d754959f_6a4e_4839_b51e_b43b79e4138d-1, groupId=Consumer-topic-d754959f_6a4e_4839_b51e_b43b79e4138d] Discovered group coordinator localhost:32769 (id: 2147483647 rack: null)
2025-08-12 17:25:00,403 INFO  [org.apa.kaf.cli.con.int.ConsumerCoordinator] (Thread-603) [Consumer clientId=consumer-Consumer-topic-d754959f_6a4e_4839_b51e_b43b79e4138d-1, groupId=Consumer-topic-d754959f_6a4e_4839_b51e_b43b79e4138d] Group coordinator localhost:32769 (id: 2147483647 rack: null) is unavailable or invalid due to cause: coordinator unavailable. isDisconnected: false. Rediscovery will be attempted.
2025-08-12 17:25:00,403 INFO  [org.apa.kaf.cli.con.int.ConsumerCoordinator] (Thread-603) [Consumer clientId=consumer-Consumer-topic-d754959f_6a4e_4839_b51e_b43b79e4138d-1, groupId=Consumer-topic-d754959f_6a4e_4839_b51e_b43b79e4138d] Requesting disconnect from last known coordinator localhost:32769 (id: 2147483647 rack: null)
2025-08-12 17:25:00,526 INFO  [org.apa.kaf.cli.con.int.ConsumerCoordinator] (Thread-603) [Consumer clientId=consumer-Consumer-topic-d754959f_6a4e_4839_b51e_b43b79e4138d-1, groupId=Consumer-topic-d754959f_6a4e_4839_b51e_b43b79e4138d] Discovered group coordinator localhost:32769 (id: 2147483647 rack: null)
2025-08-12 17:25:00,527 INFO  [org.apa.kaf.cli.con.int.ConsumerCoordinator] (Thread-603) [Consumer clientId=consumer-Consumer-topic-d754959f_6a4e_4839_b51e_b43b79e4138d-1, groupId=Consumer-topic-d754959f_6a4e_4839_b51e_b43b79e4138d] Request joining group due to: rebalance failed due to 'This is not the correct coordinator.' (NotCoordinatorException)
2025-08-12 17:25:00,528 INFO  [org.apa.kaf.cli.con.int.ConsumerCoordinator] (Thread-603) [Consumer clientId=consumer-Consumer-topic-d754959f_6a4e_4839_b51e_b43b79e4138d-1, groupId=Consumer-topic-d754959f_6a4e_4839_b51e_b43b79e4138d] (Re-)joining group
2025-08-12 17:25:00,558 INFO  [org.apa.kaf.cli.con.int.ConsumerCoordinator] (Thread-603) [Consumer clientId=consumer-Consumer-topic-d754959f_6a4e_4839_b51e_b43b79e4138d-1, groupId=Consumer-topic-d754959f_6a4e_4839_b51e_b43b79e4138d] JoinGroup failed: Coordinator localhost:32769 (id: 2147483647 rack: null) is loading the group.
2025-08-12 17:25:00,559 INFO  [org.apa.kaf.cli.con.int.ConsumerCoordinator] (Thread-603) [Consumer clientId=consumer-Consumer-topic-d754959f_6a4e_4839_b51e_b43b79e4138d-1, groupId=Consumer-topic-d754959f_6a4e_4839_b51e_b43b79e4138d] Request joining group due to: rebalance failed due to 'The coordinator is loading and hence can't process requests.' (CoordinatorLoadInProgressException)
2025-08-12 17:25:00,661 INFO  [org.apa.kaf.cli.con.int.ConsumerCoordinator] (Thread-603) [Consumer clientId=consumer-Consumer-topic-d754959f_6a4e_4839_b51e_b43b79e4138d-1, groupId=Consumer-topic-d754959f_6a4e_4839_b51e_b43b79e4138d] (Re-)joining group
2025-08-12 17:25:00,670 INFO  [org.apa.kaf.cli.con.int.ConsumerCoordinator] (Thread-603) [Consumer clientId=consumer-Consumer-topic-d754959f_6a4e_4839_b51e_b43b79e4138d-1, groupId=Consumer-topic-d754959f_6a4e_4839_b51e_b43b79e4138d] Request joining group due to: need to re-join with the given member-id: consumer-Consumer-topic-d754959f_6a4e_4839_b51e_b43b79e4138d-1-e334eeb4-4a20-4724-b7b7-a3968cefe3b0
2025-08-12 17:25:00,670 INFO  [org.apa.kaf.cli.con.int.ConsumerCoordinator] (Thread-603) [Consumer clientId=consumer-Consumer-topic-d754959f_6a4e_4839_b51e_b43b79e4138d-1, groupId=Consumer-topic-d754959f_6a4e_4839_b51e_b43b79e4138d] (Re-)joining group
2025-08-12 17:25:00,886 INFO  [io.api.tes.ser.api.KafkaSerdesTester] (Thread-603) None found
2025-08-12 17:25:01,886 INFO  [io.api.tes.ser.api.KafkaSerdesTester] (Thread-603) None found
2025-08-12 17:25:02,886 INFO  [io.api.tes.ser.api.KafkaSerdesTester] (Thread-603) None found
2025-08-12 17:25:03,685 INFO  [org.apa.kaf.cli.con.int.ConsumerCoordinator] (Thread-603) [Consumer clientId=consumer-Consumer-topic-d754959f_6a4e_4839_b51e_b43b79e4138d-1, groupId=Consumer-topic-d754959f_6a4e_4839_b51e_b43b79e4138d] Successfully joined group with generation Generation{generationId=1, memberId='consumer-Consumer-topic-d754959f_6a4e_4839_b51e_b43b79e4138d-1-e334eeb4-4a20-4724-b7b7-a3968cefe3b0', protocol='range'}
2025-08-12 17:25:03,699 INFO  [org.apa.kaf.cli.con.int.ConsumerCoordinator] (Thread-603) [Consumer clientId=consumer-Consumer-topic-d754959f_6a4e_4839_b51e_b43b79e4138d-1, groupId=Consumer-topic-d754959f_6a4e_4839_b51e_b43b79e4138d] Finished assignment for group at generation 1: {consumer-Consumer-topic-d754959f_6a4e_4839_b51e_b43b79e4138d-1-e334eeb4-4a20-4724-b7b7-a3968cefe3b0=Assignment(partitions=[topic-d754959f_6a4e_4839_b51e_b43b79e4138d-0])}
2025-08-12 17:25:03,721 INFO  [org.apa.kaf.cli.con.int.ConsumerCoordinator] (Thread-603) [Consumer clientId=consumer-Consumer-topic-d754959f_6a4e_4839_b51e_b43b79e4138d-1, groupId=Consumer-topic-d754959f_6a4e_4839_b51e_b43b79e4138d] Successfully synced group in generation Generation{generationId=1, memberId='consumer-Consumer-topic-d754959f_6a4e_4839_b51e_b43b79e4138d-1-e334eeb4-4a20-4724-b7b7-a3968cefe3b0', protocol='range'}
2025-08-12 17:25:03,721 INFO  [org.apa.kaf.cli.con.int.ConsumerCoordinator] (Thread-603) [Consumer clientId=consumer-Consumer-topic-d754959f_6a4e_4839_b51e_b43b79e4138d-1, groupId=Consumer-topic-d754959f_6a4e_4839_b51e_b43b79e4138d] Notifying assignor about the new Assignment(partitions=[topic-d754959f_6a4e_4839_b51e_b43b79e4138d-0])
2025-08-12 17:25:03,728 INFO  [org.apa.kaf.cli.con.int.ConsumerRebalanceListenerInvoker] (Thread-603) [Consumer clientId=consumer-Consumer-topic-d754959f_6a4e_4839_b51e_b43b79e4138d-1, groupId=Consumer-topic-d754959f_6a4e_4839_b51e_b43b79e4138d] Adding newly assigned partitions: topic-d754959f_6a4e_4839_b51e_b43b79e4138d-0
2025-08-12 17:25:03,745 INFO  [org.apa.kaf.cli.con.int.ConsumerCoordinator] (Thread-603) [Consumer clientId=consumer-Consumer-topic-d754959f_6a4e_4839_b51e_b43b79e4138d-1, groupId=Consumer-topic-d754959f_6a4e_4839_b51e_b43b79e4138d] Found no committed offset for partition topic-d754959f_6a4e_4839_b51e_b43b79e4138d-0
2025-08-12 17:25:03,767 INFO  [org.apa.kaf.cli.con.int.SubscriptionState] (Thread-603) [Consumer clientId=consumer-Consumer-topic-d754959f_6a4e_4839_b51e_b43b79e4138d-1, groupId=Consumer-topic-d754959f_6a4e_4839_b51e_b43b79e4138d] Resetting offset for partition topic-d754959f_6a4e_4839_b51e_b43b79e4138d-0 to position FetchPosition{offset=0, offsetEpoch=Optional.empty, currentLeader=LeaderAndEpoch{leader=Optional[localhost:32769 (id: 0 rack: null)], epoch=0}}.
2025-08-12 17:25:03,955 INFO  [io.api.tes.ser.api.KafkaSerdesTester] (Thread-603) topic-d754959f_6a4e_4839_b51e_b43b79e4138d 0 0 {"key11755019498793": "value-0"}
2025-08-12 17:25:03,956 INFO  [io.api.tes.ser.api.KafkaSerdesTester] (Thread-603) topic-d754959f_6a4e_4839_b51e_b43b79e4138d 0 1 {"key11755019498793": "value-1"}
2025-08-12 17:25:03,957 INFO  [io.api.tes.ser.api.KafkaSerdesTester] (Thread-603) topic-d754959f_6a4e_4839_b51e_b43b79e4138d 0 2 {"key11755019498793": "value-2"}
2025-08-12 17:25:03,957 INFO  [io.api.tes.ser.api.KafkaSerdesTester] (Thread-603) topic-d754959f_6a4e_4839_b51e_b43b79e4138d 0 3 {"key11755019498793": "value-3"}
2025-08-12 17:25:03,957 INFO  [io.api.tes.ser.api.KafkaSerdesTester] (Thread-603) topic-d754959f_6a4e_4839_b51e_b43b79e4138d 0 4 {"key11755019498793": "value-4"}
2025-08-12 17:25:03,957 INFO  [io.api.tes.ser.api.KafkaSerdesTester] (Thread-603) topic-d754959f_6a4e_4839_b51e_b43b79e4138d 0 5 {"key11755019498793": "value-5"}
2025-08-12 17:25:03,957 INFO  [io.api.tes.ser.api.KafkaSerdesTester] (Thread-603) topic-d754959f_6a4e_4839_b51e_b43b79e4138d 0 6 {"key11755019498793": "value-6"}
2025-08-12 17:25:03,957 INFO  [io.api.tes.ser.api.KafkaSerdesTester] (Thread-603) topic-d754959f_6a4e_4839_b51e_b43b79e4138d 0 7 {"key11755019498793": "value-7"}
2025-08-12 17:25:03,957 INFO  [io.api.tes.ser.api.KafkaSerdesTester] (Thread-603) topic-d754959f_6a4e_4839_b51e_b43b79e4138d 0 8 {"key11755019498793": "value-8"}
2025-08-12 17:25:03,958 INFO  [io.api.tes.ser.api.KafkaSerdesTester] (Thread-603) topic-d754959f_6a4e_4839_b51e_b43b79e4138d 0 9 {"key11755019498793": "value-9"}
2025-08-12 17:25:03,958 INFO  [io.api.tes.ser.api.KafkaSerdesTester] (Thread-603) Consumed 10 messages
2025-08-12 17:25:03,995 INFO  [org.apa.kaf.cli.con.int.ConsumerRebalanceListenerInvoker] (Thread-603) [Consumer clientId=consumer-Consumer-topic-d754959f_6a4e_4839_b51e_b43b79e4138d-1, groupId=Consumer-topic-d754959f_6a4e_4839_b51e_b43b79e4138d] Revoke previously assigned partitions topic-d754959f_6a4e_4839_b51e_b43b79e4138d-0
2025-08-12 17:25:03,996 INFO  [org.apa.kaf.cli.con.int.ConsumerCoordinator] (Thread-603) [Consumer clientId=consumer-Consumer-topic-d754959f_6a4e_4839_b51e_b43b79e4138d-1, groupId=Consumer-topic-d754959f_6a4e_4839_b51e_b43b79e4138d] Member consumer-Consumer-topic-d754959f_6a4e_4839_b51e_b43b79e4138d-1-e334eeb4-4a20-4724-b7b7-a3968cefe3b0 sending LeaveGroup request to coordinator localhost:32769 (id: 2147483647 rack: null) due to the consumer is being closed
2025-08-12 17:25:03,999 INFO  [org.apa.kaf.cli.con.int.ConsumerCoordinator] (Thread-603) [Consumer clientId=consumer-Consumer-topic-d754959f_6a4e_4839_b51e_b43b79e4138d-1, groupId=Consumer-topic-d754959f_6a4e_4839_b51e_b43b79e4138d] Resetting generation and member id due to: consumer pro-actively leaving the group
2025-08-12 17:25:03,999 INFO  [org.apa.kaf.cli.con.int.ConsumerCoordinator] (Thread-603) [Consumer clientId=consumer-Consumer-topic-d754959f_6a4e_4839_b51e_b43b79e4138d-1, groupId=Consumer-topic-d754959f_6a4e_4839_b51e_b43b79e4138d] Request joining group due to: consumer pro-actively leaving the group
2025-08-12 17:25:04,484 INFO  [org.apa.kaf.com.met.Metrics] (Thread-603) Metrics scheduler closed
2025-08-12 17:25:04,484 INFO  [org.apa.kaf.com.met.Metrics] (Thread-603) Closing reporter org.apache.kafka.common.metrics.JmxReporter
2025-08-12 17:25:04,485 INFO  [org.apa.kaf.com.met.Metrics] (Thread-603) Closing reporter org.apache.kafka.common.telemetry.internals.ClientTelemetryReporter
2025-08-12 17:25:04,485 INFO  [org.apa.kaf.com.met.Metrics] (Thread-603) Metrics reporters closed
2025-08-12 17:25:04,497 INFO  [org.apa.kaf.com.uti.AppInfoParser] (Thread-603) App info kafka.consumer for consumer-Consumer-topic-d754959f_6a4e_4839_b51e_b43b79e4138d-1 unregistered
2025-08-12 17:25:04,499 INFO  [io.api.tes.uti.TestSeparator] (main) io.apicurio.tests.serdes.apicurio.AvroSerdeIT.testGlobalIdInHeaders-FINISHED
2025-08-12 17:25:04,499 INFO  [io.api.tes.uti.TestSeparator] (main) ############################################################################
Test passed: testGlobalIdInHeaders
]]></system-out>
  </testcase>
  <testcase name="testSimpleTopicIdStrategyFindLatest" classname="io.apicurio.tests.serdes.apicurio.AvroSerdeIT" time="5.089">
    <system-out><![CDATA[2025-08-12 17:25:04,506 INFO  [io.api.tes.uti.TestSeparator] (main) ############################################################################
2025-08-12 17:25:04,507 INFO  [io.api.tes.uti.TestSeparator] (main) io.apicurio.tests.serdes.apicurio.AvroSerdeIT.testSimpleTopicIdStrategyFindLatest-STARTED
2025-08-12 17:25:04,510 INFO  [io.api.tes.ser.api.AvroSerdeIT] (main) Registering Avro Schema: {"type":"record","name":"myrecordapicurio1","fields":[{"name":"key11755019504507","type":"string"}]}
**** Registry Base URL: http://registry-app-ksql047.apps.ci419.apicurio-testing.org:80
2025-08-12 17:25:05,644 INFO  [org.apa.kaf.cli.pro.ProducerConfig] (main) ProducerConfig values: 
	acks = -1
	auto.include.jmx.reporter = true
	batch.size = 16384
	bootstrap.servers = [PLAINTEXT://localhost:32769]
	buffer.memory = 33554432
	client.dns.lookup = use_all_dns_ips
	client.id = Producer-topic-bc613a99_c272_4035_bbe2_c55527616d55
	compression.gzip.level = -1
	compression.lz4.level = 9
	compression.type = none
	compression.zstd.level = 3
	connections.max.idle.ms = 10000
	delivery.timeout.ms = 120000
	enable.idempotence = true
	enable.metrics.push = true
	interceptor.classes = []
	key.serializer = class org.apache.kafka.common.serialization.StringSerializer
	linger.ms = 0
	max.block.ms = 60000
	max.in.flight.requests.per.connection = 5
	max.request.size = 1048576
	metadata.max.age.ms = 300000
	metadata.max.idle.ms = 300000
	metadata.recovery.strategy = none
	metric.reporters = []
	metrics.num.samples = 2
	metrics.recording.level = INFO
	metrics.sample.window.ms = 30000
	partitioner.adaptive.partitioning.enable = true
	partitioner.availability.timeout.ms = 0
	partitioner.class = null
	partitioner.ignore.keys = false
	receive.buffer.bytes = 32768
	reconnect.backoff.max.ms = 1000
	reconnect.backoff.ms = 50
	request.timeout.ms = 5000
	retries = 2147483647
	retry.backoff.max.ms = 1000
	retry.backoff.ms = 100
	sasl.client.callback.handler.class = null
	sasl.jaas.config = null
	sasl.kerberos.kinit.cmd = /usr/bin/kinit
	sasl.kerberos.min.time.before.relogin = 60000
	sasl.kerberos.service.name = null
	sasl.kerberos.ticket.renew.jitter = 0.05
	sasl.kerberos.ticket.renew.window.factor = 0.8
	sasl.login.callback.handler.class = null
	sasl.login.class = null
	sasl.login.connect.timeout.ms = null
	sasl.login.read.timeout.ms = null
	sasl.login.refresh.buffer.seconds = 300
	sasl.login.refresh.min.period.seconds = 60
	sasl.login.refresh.window.factor = 0.8
	sasl.login.refresh.window.jitter = 0.05
	sasl.login.retry.backoff.max.ms = 10000
	sasl.login.retry.backoff.ms = 100
	sasl.mechanism = GSSAPI
	sasl.oauthbearer.clock.skew.seconds = 30
	sasl.oauthbearer.expected.audience = null
	sasl.oauthbearer.expected.issuer = null
	sasl.oauthbearer.header.urlencode = false
	sasl.oauthbearer.jwks.endpoint.refresh.ms = 3600000
	sasl.oauthbearer.jwks.endpoint.retry.backoff.max.ms = 10000
	sasl.oauthbearer.jwks.endpoint.retry.backoff.ms = 100
	sasl.oauthbearer.jwks.endpoint.url = null
	sasl.oauthbearer.scope.claim.name = scope
	sasl.oauthbearer.sub.claim.name = sub
	sasl.oauthbearer.token.endpoint.url = null
	security.protocol = PLAINTEXT
	security.providers = null
	send.buffer.bytes = 131072
	socket.connection.setup.timeout.max.ms = 30000
	socket.connection.setup.timeout.ms = 10000
	ssl.cipher.suites = null
	ssl.enabled.protocols = [TLSv1.2, TLSv1.3]
	ssl.endpoint.identification.algorithm = https
	ssl.engine.factory.class = null
	ssl.key.password = null
	ssl.keymanager.algorithm = SunX509
	ssl.keystore.certificate.chain = null
	ssl.keystore.key = null
	ssl.keystore.location = null
	ssl.keystore.password = null
	ssl.keystore.type = JKS
	ssl.protocol = TLSv1.3
	ssl.provider = null
	ssl.secure.random.implementation = null
	ssl.trustmanager.algorithm = PKIX
	ssl.truststore.certificates = null
	ssl.truststore.location = null
	ssl.truststore.password = null
	ssl.truststore.type = JKS
	transaction.timeout.ms = 60000
	transactional.id = null
	value.serializer = class io.apicurio.registry.serde.avro.AvroKafkaSerializer

2025-08-12 17:25:05,644 INFO  [org.apa.kaf.com.tel.int.KafkaMetricsCollector] (main) initializing Kafka metrics collector
2025-08-12 17:25:05,649 INFO  [org.apa.kaf.cli.pro.KafkaProducer] (main) [Producer clientId=Producer-topic-bc613a99_c272_4035_bbe2_c55527616d55] Instantiated an idempotent producer.
2025-08-12 17:25:05,654 INFO  [org.apa.kaf.cli.pro.ProducerConfig] (main) These configurations '[apicurio.registry.find-latest, apicurio.registry.artifact.group-id, apicurio.registry.url, apicurio.registry.artifact-resolver-strategy]' were supplied but are not used yet.
2025-08-12 17:25:05,654 INFO  [org.apa.kaf.com.uti.AppInfoParser] (main) Kafka version: 3.9.1
2025-08-12 17:25:05,654 INFO  [org.apa.kaf.com.uti.AppInfoParser] (main) Kafka commitId: f745dfdcee2b9851
2025-08-12 17:25:05,654 INFO  [org.apa.kaf.com.uti.AppInfoParser] (main) Kafka startTimeMs: 1755019505654
2025-08-12 17:25:05,655 INFO  [io.api.tes.ser.api.SimpleSerdesTesterBuilder$SimpleSerdesTester] (main) Using producer configuration: {apicurio.registry.find-latest=true, apicurio.registry.artifact.group-id=topic-bc613a99_c272_4035_bbe2_c55527616d55, apicurio.registry.url=http://registry-app-ksql047.apps.ci419.apicurio-testing.org:80/apis/registry/v3, apicurio.registry.artifact-resolver-strategy=io.apicurio.registry.serde.strategy.SimpleTopicIdStrategy, value.serializer=io.apicurio.registry.serde.avro.AvroKafkaSerializer, request.timeout.ms=5000, acks=all, bootstrap.servers=PLAINTEXT://localhost:32769, connections.max.idle.ms=10000, key.serializer=org.apache.kafka.common.serialization.StringSerializer, client.id=Producer-topic-bc613a99_c272_4035_bbe2_c55527616d55}
2025-08-12 17:25:05,655 INFO  [io.api.tes.ser.api.SimpleSerdesTesterBuilder$SimpleSerdesTester] (main) Using consumer configuration: {}
2025-08-12 17:25:05,657 INFO  [io.api.tes.ser.api.KafkaSerdesTester] (Thread-606) Sending message {"key11755019504507": "value-0"} to topic topic-bc613a99_c272_4035_bbe2_c55527616d55
2025-08-12 17:25:05,664 INFO  [org.apa.kaf.cli.Metadata] (kafka-producer-network-thread | Producer-topic-bc613a99_c272_4035_bbe2_c55527616d55) [Producer clientId=Producer-topic-bc613a99_c272_4035_bbe2_c55527616d55] Cluster ID: HDV_o9asQruzQakuWK8_NQ
2025-08-12 17:25:05,669 INFO  [org.apa.kaf.cli.pro.int.TransactionManager] (kafka-producer-network-thread | Producer-topic-bc613a99_c272_4035_bbe2_c55527616d55) [Producer clientId=Producer-topic-bc613a99_c272_4035_bbe2_c55527616d55] ProducerId set to 1 with epoch 0
2025-08-12 17:25:05,845 INFO  [io.api.tes.ser.api.KafkaSerdesTester] (Thread-606) Sending message {"key11755019504507": "value-1"} to topic topic-bc613a99_c272_4035_bbe2_c55527616d55
2025-08-12 17:25:05,850 INFO  [io.api.tes.ser.api.KafkaSerdesTester] (Thread-606) Sending message {"key11755019504507": "value-2"} to topic topic-bc613a99_c272_4035_bbe2_c55527616d55
2025-08-12 17:25:05,855 INFO  [io.api.tes.ser.api.KafkaSerdesTester] (Thread-606) Sending message {"key11755019504507": "value-3"} to topic topic-bc613a99_c272_4035_bbe2_c55527616d55
2025-08-12 17:25:05,860 INFO  [io.api.tes.ser.api.KafkaSerdesTester] (Thread-606) Sending message {"key11755019504507": "value-4"} to topic topic-bc613a99_c272_4035_bbe2_c55527616d55
2025-08-12 17:25:05,863 INFO  [io.api.tes.ser.api.KafkaSerdesTester] (Thread-606) Sending message {"key11755019504507": "value-5"} to topic topic-bc613a99_c272_4035_bbe2_c55527616d55
2025-08-12 17:25:05,865 INFO  [io.api.tes.ser.api.KafkaSerdesTester] (Thread-606) Sending message {"key11755019504507": "value-6"} to topic topic-bc613a99_c272_4035_bbe2_c55527616d55
2025-08-12 17:25:05,869 INFO  [io.api.tes.ser.api.KafkaSerdesTester] (Thread-606) Sending message {"key11755019504507": "value-7"} to topic topic-bc613a99_c272_4035_bbe2_c55527616d55
2025-08-12 17:25:05,871 INFO  [io.api.tes.ser.api.KafkaSerdesTester] (Thread-606) Sending message {"key11755019504507": "value-8"} to topic topic-bc613a99_c272_4035_bbe2_c55527616d55
2025-08-12 17:25:05,874 INFO  [io.api.tes.ser.api.KafkaSerdesTester] (Thread-606) Sending message {"key11755019504507": "value-9"} to topic topic-bc613a99_c272_4035_bbe2_c55527616d55
2025-08-12 17:25:05,877 INFO  [io.api.tes.ser.api.KafkaSerdesTester] (Thread-606) Produced 10 messages
2025-08-12 17:25:05,877 INFO  [org.apa.kaf.cli.pro.KafkaProducer] (Thread-606) [Producer clientId=Producer-topic-bc613a99_c272_4035_bbe2_c55527616d55] Closing the Kafka producer with timeoutMillis = 9223372036854775807 ms.
2025-08-12 17:25:05,883 INFO  [org.apa.kaf.com.met.Metrics] (Thread-606) Metrics scheduler closed
2025-08-12 17:25:05,883 INFO  [org.apa.kaf.com.met.Metrics] (Thread-606) Closing reporter org.apache.kafka.common.metrics.JmxReporter
2025-08-12 17:25:05,883 INFO  [org.apa.kaf.com.met.Metrics] (Thread-606) Closing reporter org.apache.kafka.common.telemetry.internals.ClientTelemetryReporter
2025-08-12 17:25:05,883 INFO  [org.apa.kaf.com.met.Metrics] (Thread-606) Metrics reporters closed
2025-08-12 17:25:05,884 INFO  [org.apa.kaf.com.uti.AppInfoParser] (Thread-606) App info kafka.producer for Producer-topic-bc613a99_c272_4035_bbe2_c55527616d55 unregistered
**** Registry Base URL: http://registry-app-ksql047.apps.ci419.apicurio-testing.org:80
2025-08-12 17:25:05,885 INFO  [org.apa.kaf.cli.con.ConsumerConfig] (main) ConsumerConfig values: 
	allow.auto.create.topics = true
	auto.commit.interval.ms = 500
	auto.include.jmx.reporter = true
	auto.offset.reset = earliest
	bootstrap.servers = [PLAINTEXT://localhost:32769]
	check.crcs = true
	client.dns.lookup = use_all_dns_ips
	client.id = consumer-Consumer-topic-bc613a99_c272_4035_bbe2_c55527616d55-2
	client.rack = 
	connections.max.idle.ms = 10000
	default.api.timeout.ms = 60000
	enable.auto.commit = true
	enable.metrics.push = true
	exclude.internal.topics = true
	fetch.max.bytes = 52428800
	fetch.max.wait.ms = 500
	fetch.min.bytes = 1
	group.id = Consumer-topic-bc613a99_c272_4035_bbe2_c55527616d55
	group.instance.id = null
	group.protocol = classic
	group.remote.assignor = null
	heartbeat.interval.ms = 3000
	interceptor.classes = []
	internal.leave.group.on.close = true
	internal.throw.on.fetch.stable.offset.unsupported = false
	isolation.level = read_uncommitted
	key.deserializer = class org.apache.kafka.common.serialization.StringDeserializer
	max.partition.fetch.bytes = 1048576
	max.poll.interval.ms = 300000
	max.poll.records = 500
	metadata.max.age.ms = 300000
	metadata.recovery.strategy = none
	metric.reporters = []
	metrics.num.samples = 2
	metrics.recording.level = INFO
	metrics.sample.window.ms = 30000
	partition.assignment.strategy = [class org.apache.kafka.clients.consumer.RangeAssignor, class org.apache.kafka.clients.consumer.CooperativeStickyAssignor]
	receive.buffer.bytes = 65536
	reconnect.backoff.max.ms = 1000
	reconnect.backoff.ms = 50
	request.timeout.ms = 5000
	retry.backoff.max.ms = 1000
	retry.backoff.ms = 100
	sasl.client.callback.handler.class = null
	sasl.jaas.config = null
	sasl.kerberos.kinit.cmd = /usr/bin/kinit
	sasl.kerberos.min.time.before.relogin = 60000
	sasl.kerberos.service.name = null
	sasl.kerberos.ticket.renew.jitter = 0.05
	sasl.kerberos.ticket.renew.window.factor = 0.8
	sasl.login.callback.handler.class = null
	sasl.login.class = null
	sasl.login.connect.timeout.ms = null
	sasl.login.read.timeout.ms = null
	sasl.login.refresh.buffer.seconds = 300
	sasl.login.refresh.min.period.seconds = 60
	sasl.login.refresh.window.factor = 0.8
	sasl.login.refresh.window.jitter = 0.05
	sasl.login.retry.backoff.max.ms = 10000
	sasl.login.retry.backoff.ms = 100
	sasl.mechanism = GSSAPI
	sasl.oauthbearer.clock.skew.seconds = 30
	sasl.oauthbearer.expected.audience = null
	sasl.oauthbearer.expected.issuer = null
	sasl.oauthbearer.header.urlencode = false
	sasl.oauthbearer.jwks.endpoint.refresh.ms = 3600000
	sasl.oauthbearer.jwks.endpoint.retry.backoff.max.ms = 10000
	sasl.oauthbearer.jwks.endpoint.retry.backoff.ms = 100
	sasl.oauthbearer.jwks.endpoint.url = null
	sasl.oauthbearer.scope.claim.name = scope
	sasl.oauthbearer.sub.claim.name = sub
	sasl.oauthbearer.token.endpoint.url = null
	security.protocol = PLAINTEXT
	security.providers = null
	send.buffer.bytes = 131072
	session.timeout.ms = 45000
	socket.connection.setup.timeout.max.ms = 30000
	socket.connection.setup.timeout.ms = 10000
	ssl.cipher.suites = null
	ssl.enabled.protocols = [TLSv1.2, TLSv1.3]
	ssl.endpoint.identification.algorithm = https
	ssl.engine.factory.class = null
	ssl.key.password = null
	ssl.keymanager.algorithm = SunX509
	ssl.keystore.certificate.chain = null
	ssl.keystore.key = null
	ssl.keystore.location = null
	ssl.keystore.password = null
	ssl.keystore.type = JKS
	ssl.protocol = TLSv1.3
	ssl.provider = null
	ssl.secure.random.implementation = null
	ssl.trustmanager.algorithm = PKIX
	ssl.truststore.certificates = null
	ssl.truststore.location = null
	ssl.truststore.password = null
	ssl.truststore.type = JKS
	value.deserializer = class io.apicurio.registry.serde.avro.AvroKafkaDeserializer

2025-08-12 17:25:05,885 INFO  [org.apa.kaf.com.tel.int.KafkaMetricsCollector] (main) initializing Kafka metrics collector
2025-08-12 17:25:05,901 INFO  [org.apa.kaf.cli.con.ConsumerConfig] (main) These configurations '[apicurio.registry.url]' were supplied but are not used yet.
2025-08-12 17:25:05,901 INFO  [org.apa.kaf.com.uti.AppInfoParser] (main) Kafka version: 3.9.1
2025-08-12 17:25:05,901 INFO  [org.apa.kaf.com.uti.AppInfoParser] (main) Kafka commitId: f745dfdcee2b9851
2025-08-12 17:25:05,902 INFO  [org.apa.kaf.com.uti.AppInfoParser] (main) Kafka startTimeMs: 1755019505901
2025-08-12 17:25:05,903 INFO  [org.apa.kaf.cli.con.int.ClassicKafkaConsumer] (Thread-609) [Consumer clientId=consumer-Consumer-topic-bc613a99_c272_4035_bbe2_c55527616d55-2, groupId=Consumer-topic-bc613a99_c272_4035_bbe2_c55527616d55] Subscribed to topic(s): topic-bc613a99_c272_4035_bbe2_c55527616d55
2025-08-12 17:25:05,915 INFO  [org.apa.kaf.cli.Metadata] (Thread-609) [Consumer clientId=consumer-Consumer-topic-bc613a99_c272_4035_bbe2_c55527616d55-2, groupId=Consumer-topic-bc613a99_c272_4035_bbe2_c55527616d55] Cluster ID: HDV_o9asQruzQakuWK8_NQ
2025-08-12 17:25:05,916 INFO  [org.apa.kaf.cli.con.int.ConsumerCoordinator] (Thread-609) [Consumer clientId=consumer-Consumer-topic-bc613a99_c272_4035_bbe2_c55527616d55-2, groupId=Consumer-topic-bc613a99_c272_4035_bbe2_c55527616d55] Discovered group coordinator localhost:32769 (id: 2147483647 rack: null)
2025-08-12 17:25:05,919 INFO  [org.apa.kaf.cli.con.int.ConsumerCoordinator] (Thread-609) [Consumer clientId=consumer-Consumer-topic-bc613a99_c272_4035_bbe2_c55527616d55-2, groupId=Consumer-topic-bc613a99_c272_4035_bbe2_c55527616d55] (Re-)joining group
2025-08-12 17:25:05,924 INFO  [org.apa.kaf.cli.con.int.ConsumerCoordinator] (Thread-609) [Consumer clientId=consumer-Consumer-topic-bc613a99_c272_4035_bbe2_c55527616d55-2, groupId=Consumer-topic-bc613a99_c272_4035_bbe2_c55527616d55] Request joining group due to: need to re-join with the given member-id: consumer-Consumer-topic-bc613a99_c272_4035_bbe2_c55527616d55-2-2db9f77e-61fb-4323-bd7f-1586625cbf50
2025-08-12 17:25:05,924 INFO  [org.apa.kaf.cli.con.int.ConsumerCoordinator] (Thread-609) [Consumer clientId=consumer-Consumer-topic-bc613a99_c272_4035_bbe2_c55527616d55-2, groupId=Consumer-topic-bc613a99_c272_4035_bbe2_c55527616d55] (Re-)joining group
2025-08-12 17:25:06,904 INFO  [io.api.tes.ser.api.KafkaSerdesTester] (Thread-609) None found
2025-08-12 17:25:07,904 INFO  [io.api.tes.ser.api.KafkaSerdesTester] (Thread-609) None found
2025-08-12 17:25:08,904 INFO  [io.api.tes.ser.api.KafkaSerdesTester] (Thread-609) None found
2025-08-12 17:25:08,927 INFO  [org.apa.kaf.cli.con.int.ConsumerCoordinator] (Thread-609) [Consumer clientId=consumer-Consumer-topic-bc613a99_c272_4035_bbe2_c55527616d55-2, groupId=Consumer-topic-bc613a99_c272_4035_bbe2_c55527616d55] Successfully joined group with generation Generation{generationId=1, memberId='consumer-Consumer-topic-bc613a99_c272_4035_bbe2_c55527616d55-2-2db9f77e-61fb-4323-bd7f-1586625cbf50', protocol='range'}
2025-08-12 17:25:08,928 INFO  [org.apa.kaf.cli.con.int.ConsumerCoordinator] (Thread-609) [Consumer clientId=consumer-Consumer-topic-bc613a99_c272_4035_bbe2_c55527616d55-2, groupId=Consumer-topic-bc613a99_c272_4035_bbe2_c55527616d55] Finished assignment for group at generation 1: {consumer-Consumer-topic-bc613a99_c272_4035_bbe2_c55527616d55-2-2db9f77e-61fb-4323-bd7f-1586625cbf50=Assignment(partitions=[topic-bc613a99_c272_4035_bbe2_c55527616d55-0])}
2025-08-12 17:25:08,936 INFO  [org.apa.kaf.cli.con.int.ConsumerCoordinator] (Thread-609) [Consumer clientId=consumer-Consumer-topic-bc613a99_c272_4035_bbe2_c55527616d55-2, groupId=Consumer-topic-bc613a99_c272_4035_bbe2_c55527616d55] Successfully synced group in generation Generation{generationId=1, memberId='consumer-Consumer-topic-bc613a99_c272_4035_bbe2_c55527616d55-2-2db9f77e-61fb-4323-bd7f-1586625cbf50', protocol='range'}
2025-08-12 17:25:08,936 INFO  [org.apa.kaf.cli.con.int.ConsumerCoordinator] (Thread-609) [Consumer clientId=consumer-Consumer-topic-bc613a99_c272_4035_bbe2_c55527616d55-2, groupId=Consumer-topic-bc613a99_c272_4035_bbe2_c55527616d55] Notifying assignor about the new Assignment(partitions=[topic-bc613a99_c272_4035_bbe2_c55527616d55-0])
2025-08-12 17:25:08,936 INFO  [org.apa.kaf.cli.con.int.ConsumerRebalanceListenerInvoker] (Thread-609) [Consumer clientId=consumer-Consumer-topic-bc613a99_c272_4035_bbe2_c55527616d55-2, groupId=Consumer-topic-bc613a99_c272_4035_bbe2_c55527616d55] Adding newly assigned partitions: topic-bc613a99_c272_4035_bbe2_c55527616d55-0
2025-08-12 17:25:08,939 INFO  [org.apa.kaf.cli.con.int.ConsumerCoordinator] (Thread-609) [Consumer clientId=consumer-Consumer-topic-bc613a99_c272_4035_bbe2_c55527616d55-2, groupId=Consumer-topic-bc613a99_c272_4035_bbe2_c55527616d55] Found no committed offset for partition topic-bc613a99_c272_4035_bbe2_c55527616d55-0
2025-08-12 17:25:08,951 INFO  [org.apa.kaf.cli.con.int.SubscriptionState] (Thread-609) [Consumer clientId=consumer-Consumer-topic-bc613a99_c272_4035_bbe2_c55527616d55-2, groupId=Consumer-topic-bc613a99_c272_4035_bbe2_c55527616d55] Resetting offset for partition topic-bc613a99_c272_4035_bbe2_c55527616d55-0 to position FetchPosition{offset=0, offsetEpoch=Optional.empty, currentLeader=LeaderAndEpoch{leader=Optional[localhost:32769 (id: 0 rack: null)], epoch=0}}.
2025-08-12 17:25:09,079 INFO  [io.api.tes.ser.api.KafkaSerdesTester] (Thread-609) topic-bc613a99_c272_4035_bbe2_c55527616d55 0 0 {"key11755019504507": "value-0"}
2025-08-12 17:25:09,079 INFO  [io.api.tes.ser.api.KafkaSerdesTester] (Thread-609) topic-bc613a99_c272_4035_bbe2_c55527616d55 0 1 {"key11755019504507": "value-1"}
2025-08-12 17:25:09,079 INFO  [io.api.tes.ser.api.KafkaSerdesTester] (Thread-609) topic-bc613a99_c272_4035_bbe2_c55527616d55 0 2 {"key11755019504507": "value-2"}
2025-08-12 17:25:09,080 INFO  [io.api.tes.ser.api.KafkaSerdesTester] (Thread-609) topic-bc613a99_c272_4035_bbe2_c55527616d55 0 3 {"key11755019504507": "value-3"}
2025-08-12 17:25:09,080 INFO  [io.api.tes.ser.api.KafkaSerdesTester] (Thread-609) topic-bc613a99_c272_4035_bbe2_c55527616d55 0 4 {"key11755019504507": "value-4"}
2025-08-12 17:25:09,080 INFO  [io.api.tes.ser.api.KafkaSerdesTester] (Thread-609) topic-bc613a99_c272_4035_bbe2_c55527616d55 0 5 {"key11755019504507": "value-5"}
2025-08-12 17:25:09,081 INFO  [io.api.tes.ser.api.KafkaSerdesTester] (Thread-609) topic-bc613a99_c272_4035_bbe2_c55527616d55 0 6 {"key11755019504507": "value-6"}
2025-08-12 17:25:09,081 INFO  [io.api.tes.ser.api.KafkaSerdesTester] (Thread-609) topic-bc613a99_c272_4035_bbe2_c55527616d55 0 7 {"key11755019504507": "value-7"}
2025-08-12 17:25:09,081 INFO  [io.api.tes.ser.api.KafkaSerdesTester] (Thread-609) topic-bc613a99_c272_4035_bbe2_c55527616d55 0 8 {"key11755019504507": "value-8"}
2025-08-12 17:25:09,081 INFO  [io.api.tes.ser.api.KafkaSerdesTester] (Thread-609) topic-bc613a99_c272_4035_bbe2_c55527616d55 0 9 {"key11755019504507": "value-9"}
2025-08-12 17:25:09,081 INFO  [io.api.tes.ser.api.KafkaSerdesTester] (Thread-609) Consumed 10 messages
2025-08-12 17:25:09,091 INFO  [org.apa.kaf.cli.con.int.ConsumerRebalanceListenerInvoker] (Thread-609) [Consumer clientId=consumer-Consumer-topic-bc613a99_c272_4035_bbe2_c55527616d55-2, groupId=Consumer-topic-bc613a99_c272_4035_bbe2_c55527616d55] Revoke previously assigned partitions topic-bc613a99_c272_4035_bbe2_c55527616d55-0
2025-08-12 17:25:09,091 INFO  [org.apa.kaf.cli.con.int.ConsumerCoordinator] (Thread-609) [Consumer clientId=consumer-Consumer-topic-bc613a99_c272_4035_bbe2_c55527616d55-2, groupId=Consumer-topic-bc613a99_c272_4035_bbe2_c55527616d55] Member consumer-Consumer-topic-bc613a99_c272_4035_bbe2_c55527616d55-2-2db9f77e-61fb-4323-bd7f-1586625cbf50 sending LeaveGroup request to coordinator localhost:32769 (id: 2147483647 rack: null) due to the consumer is being closed
2025-08-12 17:25:09,092 INFO  [org.apa.kaf.cli.con.int.ConsumerCoordinator] (Thread-609) [Consumer clientId=consumer-Consumer-topic-bc613a99_c272_4035_bbe2_c55527616d55-2, groupId=Consumer-topic-bc613a99_c272_4035_bbe2_c55527616d55] Resetting generation and member id due to: consumer pro-actively leaving the group
2025-08-12 17:25:09,092 INFO  [org.apa.kaf.cli.con.int.ConsumerCoordinator] (Thread-609) [Consumer clientId=consumer-Consumer-topic-bc613a99_c272_4035_bbe2_c55527616d55-2, groupId=Consumer-topic-bc613a99_c272_4035_bbe2_c55527616d55] Request joining group due to: consumer pro-actively leaving the group
2025-08-12 17:25:09,582 INFO  [org.apa.kaf.com.met.Metrics] (Thread-609) Metrics scheduler closed
2025-08-12 17:25:09,582 INFO  [org.apa.kaf.com.met.Metrics] (Thread-609) Closing reporter org.apache.kafka.common.metrics.JmxReporter
2025-08-12 17:25:09,582 INFO  [org.apa.kaf.com.met.Metrics] (Thread-609) Closing reporter org.apache.kafka.common.telemetry.internals.ClientTelemetryReporter
2025-08-12 17:25:09,582 INFO  [org.apa.kaf.com.met.Metrics] (Thread-609) Metrics reporters closed
2025-08-12 17:25:09,590 INFO  [org.apa.kaf.com.uti.AppInfoParser] (Thread-609) App info kafka.consumer for consumer-Consumer-topic-bc613a99_c272_4035_bbe2_c55527616d55-2 unregistered
2025-08-12 17:25:09,591 INFO  [io.api.tes.uti.TestSeparator] (main) io.apicurio.tests.serdes.apicurio.AvroSerdeIT.testSimpleTopicIdStrategyFindLatest-FINISHED
2025-08-12 17:25:09,591 INFO  [io.api.tes.uti.TestSeparator] (main) ############################################################################
Test passed: testSimpleTopicIdStrategyFindLatest
]]></system-out>
  </testcase>
  <testcase name="testWrongSchema" classname="io.apicurio.tests.serdes.apicurio.AvroSerdeIT" time="1.281">
    <system-out><![CDATA[2025-08-12 17:25:09,594 INFO  [io.api.tes.uti.TestSeparator] (main) ############################################################################
2025-08-12 17:25:09,594 INFO  [io.api.tes.uti.TestSeparator] (main) io.apicurio.tests.serdes.apicurio.AvroSerdeIT.testWrongSchema-STARTED
**** Registry Base URL: http://registry-app-ksql047.apps.ci419.apicurio-testing.org:80
2025-08-12 17:25:10,748 INFO  [org.apa.kaf.cli.pro.ProducerConfig] (main) ProducerConfig values: 
	acks = -1
	auto.include.jmx.reporter = true
	batch.size = 16384
	bootstrap.servers = [PLAINTEXT://localhost:32769]
	buffer.memory = 33554432
	client.dns.lookup = use_all_dns_ips
	client.id = Producer-s195d9b28x3663x4f0fx955dx8c20f7b1b163
	compression.gzip.level = -1
	compression.lz4.level = 9
	compression.type = none
	compression.zstd.level = 3
	connections.max.idle.ms = 10000
	delivery.timeout.ms = 120000
	enable.idempotence = true
	enable.metrics.push = true
	interceptor.classes = []
	key.serializer = class org.apache.kafka.common.serialization.StringSerializer
	linger.ms = 0
	max.block.ms = 60000
	max.in.flight.requests.per.connection = 5
	max.request.size = 1048576
	metadata.max.age.ms = 300000
	metadata.max.idle.ms = 300000
	metadata.recovery.strategy = none
	metric.reporters = []
	metrics.num.samples = 2
	metrics.recording.level = INFO
	metrics.sample.window.ms = 30000
	partitioner.adaptive.partitioning.enable = true
	partitioner.availability.timeout.ms = 0
	partitioner.class = null
	partitioner.ignore.keys = false
	receive.buffer.bytes = 32768
	reconnect.backoff.max.ms = 1000
	reconnect.backoff.ms = 50
	request.timeout.ms = 5000
	retries = 2147483647
	retry.backoff.max.ms = 1000
	retry.backoff.ms = 100
	sasl.client.callback.handler.class = null
	sasl.jaas.config = null
	sasl.kerberos.kinit.cmd = /usr/bin/kinit
	sasl.kerberos.min.time.before.relogin = 60000
	sasl.kerberos.service.name = null
	sasl.kerberos.ticket.renew.jitter = 0.05
	sasl.kerberos.ticket.renew.window.factor = 0.8
	sasl.login.callback.handler.class = null
	sasl.login.class = null
	sasl.login.connect.timeout.ms = null
	sasl.login.read.timeout.ms = null
	sasl.login.refresh.buffer.seconds = 300
	sasl.login.refresh.min.period.seconds = 60
	sasl.login.refresh.window.factor = 0.8
	sasl.login.refresh.window.jitter = 0.05
	sasl.login.retry.backoff.max.ms = 10000
	sasl.login.retry.backoff.ms = 100
	sasl.mechanism = GSSAPI
	sasl.oauthbearer.clock.skew.seconds = 30
	sasl.oauthbearer.expected.audience = null
	sasl.oauthbearer.expected.issuer = null
	sasl.oauthbearer.header.urlencode = false
	sasl.oauthbearer.jwks.endpoint.refresh.ms = 3600000
	sasl.oauthbearer.jwks.endpoint.retry.backoff.max.ms = 10000
	sasl.oauthbearer.jwks.endpoint.retry.backoff.ms = 100
	sasl.oauthbearer.jwks.endpoint.url = null
	sasl.oauthbearer.scope.claim.name = scope
	sasl.oauthbearer.sub.claim.name = sub
	sasl.oauthbearer.token.endpoint.url = null
	security.protocol = PLAINTEXT
	security.providers = null
	send.buffer.bytes = 131072
	socket.connection.setup.timeout.max.ms = 30000
	socket.connection.setup.timeout.ms = 10000
	ssl.cipher.suites = null
	ssl.enabled.protocols = [TLSv1.2, TLSv1.3]
	ssl.endpoint.identification.algorithm = https
	ssl.engine.factory.class = null
	ssl.key.password = null
	ssl.keymanager.algorithm = SunX509
	ssl.keystore.certificate.chain = null
	ssl.keystore.key = null
	ssl.keystore.location = null
	ssl.keystore.password = null
	ssl.keystore.type = JKS
	ssl.protocol = TLSv1.3
	ssl.provider = null
	ssl.secure.random.implementation = null
	ssl.trustmanager.algorithm = PKIX
	ssl.truststore.certificates = null
	ssl.truststore.location = null
	ssl.truststore.password = null
	ssl.truststore.type = JKS
	transaction.timeout.ms = 60000
	transactional.id = null
	value.serializer = class io.apicurio.registry.serde.avro.AvroKafkaSerializer

2025-08-12 17:25:10,748 INFO  [org.apa.kaf.com.tel.int.KafkaMetricsCollector] (main) initializing Kafka metrics collector
2025-08-12 17:25:10,752 INFO  [org.apa.kaf.cli.pro.KafkaProducer] (main) [Producer clientId=Producer-s195d9b28x3663x4f0fx955dx8c20f7b1b163] Instantiated an idempotent producer.
2025-08-12 17:25:10,755 INFO  [org.apa.kaf.cli.pro.ProducerConfig] (main) These configurations '[apicurio.registry.find-latest, apicurio.registry.url, apicurio.registry.artifact-resolver-strategy]' were supplied but are not used yet.
2025-08-12 17:25:10,755 INFO  [org.apa.kaf.com.uti.AppInfoParser] (main) Kafka version: 3.9.1
2025-08-12 17:25:10,755 INFO  [org.apa.kaf.com.uti.AppInfoParser] (main) Kafka commitId: f745dfdcee2b9851
2025-08-12 17:25:10,755 INFO  [org.apa.kaf.com.uti.AppInfoParser] (main) Kafka startTimeMs: 1755019510755
2025-08-12 17:25:10,758 INFO  [io.api.tes.ser.api.KafkaSerdesTester] (Thread-612) Sending message {"keyB": "value-0"} to topic s195d9b28x3663x4f0fx955dx8c20f7b1b163
2025-08-12 17:25:10,764 INFO  [org.apa.kaf.cli.Metadata] (kafka-producer-network-thread | Producer-s195d9b28x3663x4f0fx955dx8c20f7b1b163) [Producer clientId=Producer-s195d9b28x3663x4f0fx955dx8c20f7b1b163] Cluster ID: HDV_o9asQruzQakuWK8_NQ
2025-08-12 17:25:10,766 INFO  [org.apa.kaf.cli.pro.int.TransactionManager] (kafka-producer-network-thread | Producer-s195d9b28x3663x4f0fx955dx8c20f7b1b163) [Producer clientId=Producer-s195d9b28x3663x4f0fx955dx8c20f7b1b163] ProducerId set to 2 with epoch 0
2025-08-12 17:25:10,865 INFO  [org.apa.kaf.cli.pro.KafkaProducer] (Thread-612) [Producer clientId=Producer-s195d9b28x3663x4f0fx955dx8c20f7b1b163] Closing the Kafka producer with timeoutMillis = 9223372036854775807 ms.
2025-08-12 17:25:10,870 INFO  [org.apa.kaf.com.met.Metrics] (Thread-612) Metrics scheduler closed
2025-08-12 17:25:10,870 INFO  [org.apa.kaf.com.met.Metrics] (Thread-612) Closing reporter org.apache.kafka.common.metrics.JmxReporter
2025-08-12 17:25:10,870 INFO  [org.apa.kaf.com.met.Metrics] (Thread-612) Closing reporter org.apache.kafka.common.telemetry.internals.ClientTelemetryReporter
2025-08-12 17:25:10,870 INFO  [org.apa.kaf.com.met.Metrics] (Thread-612) Metrics reporters closed
2025-08-12 17:25:10,871 INFO  [org.apa.kaf.com.uti.AppInfoParser] (Thread-612) App info kafka.producer for Producer-s195d9b28x3663x4f0fx955dx8c20f7b1b163 unregistered
2025-08-12 17:25:10,871 INFO  [io.api.tes.uti.TestSeparator] (main) io.apicurio.tests.serdes.apicurio.AvroSerdeIT.testWrongSchema-FINISHED
2025-08-12 17:25:10,872 INFO  [io.api.tes.uti.TestSeparator] (main) ############################################################################
Test passed: testWrongSchema
]]></system-out>
    <system-err><![CDATA[io.apicurio.registry.rest.client.models.ProblemDetails
	at io.apicurio.registry.rest.client.models.ProblemDetails.createFromDiscriminatorValue(ProblemDetails.java:58)
	at io.kiota.serialization.json.JsonParseNode.getObjectValue(JsonParseNode.java:247)
	at io.kiota.http.vertx.VertXRequestAdapter.lambda$throwIfFailedResponse$0(VertXRequestAdapter.java:400)
	at com.microsoft.kiota.ApiExceptionBuilder.<init>(ApiExceptionBuilder.java:26)
	at io.kiota.http.vertx.VertXRequestAdapter.throwIfFailedResponse(VertXRequestAdapter.java:399)
	at io.kiota.http.vertx.VertXRequestAdapter.send(VertXRequestAdapter.java:170)
	at io.apicurio.registry.rest.client.groups.item.artifacts.item.versions.item.WithVersionExpressionItemRequestBuilder.get(WithVersionExpressionItemRequestBuilder.java:128)
	at io.apicurio.registry.rest.client.groups.item.artifacts.item.versions.item.WithVersionExpressionItemRequestBuilder.get(WithVersionExpressionItemRequestBuilder.java:111)
	at io.apicurio.registry.resolver.client.RegistryClientFacadeImpl.getVersionCoordinatesByGAV(RegistryClientFacadeImpl.java:159)
	at io.apicurio.registry.resolver.DefaultSchemaResolver.resolveByCoordinates(DefaultSchemaResolver.java:352)
	at io.apicurio.registry.resolver.DefaultSchemaResolver.lambda$resolveSchemaByArtifactReferenceCached$6(DefaultSchemaResolver.java:340)
	at io.apicurio.registry.resolver.cache.ERCache.lambda$getValue$0(ERCache.java:174)
	at io.apicurio.registry.resolver.cache.ERCache.retry(ERCache.java:227)
	at io.apicurio.registry.resolver.cache.ERCache.getValue(ERCache.java:173)
	at io.apicurio.registry.resolver.cache.ERCache.getByArtifactCoordinates(ERCache.java:158)
	at io.apicurio.registry.resolver.DefaultSchemaResolver.resolveSchemaByArtifactReferenceCached(DefaultSchemaResolver.java:338)
	at io.apicurio.registry.resolver.DefaultSchemaResolver.resolveSchemaByCoordinates(DefaultSchemaResolver.java:193)
	at io.apicurio.registry.resolver.DefaultSchemaResolver.getSchemaFromRegistry(DefaultSchemaResolver.java:130)
	at io.apicurio.registry.resolver.DefaultSchemaResolver.lambda$resolveSchema$0(DefaultSchemaResolver.java:84)
	at java.base/java.util.Optional.orElseGet(Optional.java:364)
	at io.apicurio.registry.resolver.DefaultSchemaResolver.resolveSchema(DefaultSchemaResolver.java:84)
	at io.apicurio.registry.serde.AbstractSerializer.serializeData(AbstractSerializer.java:62)
	at io.apicurio.registry.serde.KafkaSerializer.serialize(KafkaSerializer.java:77)
	at org.apache.kafka.clients.producer.KafkaProducer.doSend(KafkaProducer.java:1046)
	at org.apache.kafka.clients.producer.KafkaProducer.send(KafkaProducer.java:993)
	at org.apache.kafka.clients.producer.KafkaProducer.send(KafkaProducer.java:875)
	at io.apicurio.tests.serdes.apicurio.KafkaSerdesTester.lambda$produceMessages$3(KafkaSerdesTester.java:138)
	at java.base/java.util.concurrent.CompletableFuture$AsyncSupply.run(CompletableFuture.java:1768)
	at java.base/java.lang.Thread.run(Thread.java:840)
]]></system-err>
  </testcase>
  <testcase name="testAvroJSON" classname="io.apicurio.tests.serdes.apicurio.AvroSerdeIT" time="4.081">
    <system-out><![CDATA[2025-08-12 17:25:10,873 INFO  [io.api.tes.uti.TestSeparator] (main) ############################################################################
2025-08-12 17:25:10,873 INFO  [io.api.tes.uti.TestSeparator] (main) io.apicurio.tests.serdes.apicurio.AvroSerdeIT.testAvroJSON-STARTED
**** Registry Base URL: http://registry-app-ksql047.apps.ci419.apicurio-testing.org:80
2025-08-12 17:25:10,882 INFO  [org.apa.kaf.cli.pro.ProducerConfig] (main) ProducerConfig values: 
	acks = -1
	auto.include.jmx.reporter = true
	batch.size = 16384
	bootstrap.servers = [PLAINTEXT://localhost:32769]
	buffer.memory = 33554432
	client.dns.lookup = use_all_dns_ips
	client.id = Producer-topic-f4aa9b80_c497_4e93_a3d1_aace8247ec3e
	compression.gzip.level = -1
	compression.lz4.level = 9
	compression.type = none
	compression.zstd.level = 3
	connections.max.idle.ms = 10000
	delivery.timeout.ms = 120000
	enable.idempotence = true
	enable.metrics.push = true
	interceptor.classes = []
	key.serializer = class org.apache.kafka.common.serialization.StringSerializer
	linger.ms = 0
	max.block.ms = 60000
	max.in.flight.requests.per.connection = 5
	max.request.size = 1048576
	metadata.max.age.ms = 300000
	metadata.max.idle.ms = 300000
	metadata.recovery.strategy = none
	metric.reporters = []
	metrics.num.samples = 2
	metrics.recording.level = INFO
	metrics.sample.window.ms = 30000
	partitioner.adaptive.partitioning.enable = true
	partitioner.availability.timeout.ms = 0
	partitioner.class = null
	partitioner.ignore.keys = false
	receive.buffer.bytes = 32768
	reconnect.backoff.max.ms = 1000
	reconnect.backoff.ms = 50
	request.timeout.ms = 5000
	retries = 2147483647
	retry.backoff.max.ms = 1000
	retry.backoff.ms = 100
	sasl.client.callback.handler.class = null
	sasl.jaas.config = null
	sasl.kerberos.kinit.cmd = /usr/bin/kinit
	sasl.kerberos.min.time.before.relogin = 60000
	sasl.kerberos.service.name = null
	sasl.kerberos.ticket.renew.jitter = 0.05
	sasl.kerberos.ticket.renew.window.factor = 0.8
	sasl.login.callback.handler.class = null
	sasl.login.class = null
	sasl.login.connect.timeout.ms = null
	sasl.login.read.timeout.ms = null
	sasl.login.refresh.buffer.seconds = 300
	sasl.login.refresh.min.period.seconds = 60
	sasl.login.refresh.window.factor = 0.8
	sasl.login.refresh.window.jitter = 0.05
	sasl.login.retry.backoff.max.ms = 10000
	sasl.login.retry.backoff.ms = 100
	sasl.mechanism = GSSAPI
	sasl.oauthbearer.clock.skew.seconds = 30
	sasl.oauthbearer.expected.audience = null
	sasl.oauthbearer.expected.issuer = null
	sasl.oauthbearer.header.urlencode = false
	sasl.oauthbearer.jwks.endpoint.refresh.ms = 3600000
	sasl.oauthbearer.jwks.endpoint.retry.backoff.max.ms = 10000
	sasl.oauthbearer.jwks.endpoint.retry.backoff.ms = 100
	sasl.oauthbearer.jwks.endpoint.url = null
	sasl.oauthbearer.scope.claim.name = scope
	sasl.oauthbearer.sub.claim.name = sub
	sasl.oauthbearer.token.endpoint.url = null
	security.protocol = PLAINTEXT
	security.providers = null
	send.buffer.bytes = 131072
	socket.connection.setup.timeout.max.ms = 30000
	socket.connection.setup.timeout.ms = 10000
	ssl.cipher.suites = null
	ssl.enabled.protocols = [TLSv1.2, TLSv1.3]
	ssl.endpoint.identification.algorithm = https
	ssl.engine.factory.class = null
	ssl.key.password = null
	ssl.keymanager.algorithm = SunX509
	ssl.keystore.certificate.chain = null
	ssl.keystore.key = null
	ssl.keystore.location = null
	ssl.keystore.password = null
	ssl.keystore.type = JKS
	ssl.protocol = TLSv1.3
	ssl.provider = null
	ssl.secure.random.implementation = null
	ssl.trustmanager.algorithm = PKIX
	ssl.truststore.certificates = null
	ssl.truststore.location = null
	ssl.truststore.password = null
	ssl.truststore.type = JKS
	transaction.timeout.ms = 60000
	transactional.id = null
	value.serializer = class io.apicurio.registry.serde.avro.AvroKafkaSerializer

2025-08-12 17:25:10,883 INFO  [org.apa.kaf.com.tel.int.KafkaMetricsCollector] (main) initializing Kafka metrics collector
2025-08-12 17:25:10,886 INFO  [org.apa.kaf.cli.pro.KafkaProducer] (main) [Producer clientId=Producer-topic-f4aa9b80_c497_4e93_a3d1_aace8247ec3e] Instantiated an idempotent producer.
2025-08-12 17:25:10,891 INFO  [org.apa.kaf.cli.pro.ProducerConfig] (main) These configurations '[apicurio.registry.avro.encoding, apicurio.registry.url, apicurio.registry.auto-register, apicurio.registry.artifact-resolver-strategy]' were supplied but are not used yet.
2025-08-12 17:25:10,891 INFO  [org.apa.kaf.com.uti.AppInfoParser] (main) Kafka version: 3.9.1
2025-08-12 17:25:10,891 INFO  [org.apa.kaf.com.uti.AppInfoParser] (main) Kafka commitId: f745dfdcee2b9851
2025-08-12 17:25:10,891 INFO  [org.apa.kaf.com.uti.AppInfoParser] (main) Kafka startTimeMs: 1755019510891
2025-08-12 17:25:10,891 INFO  [io.api.tes.ser.api.SimpleSerdesTesterBuilder$SimpleSerdesTester] (main) Using producer configuration: {apicurio.registry.avro.encoding=JSON, apicurio.registry.url=http://registry-app-ksql047.apps.ci419.apicurio-testing.org:80/apis/registry/v3, apicurio.registry.auto-register=true, apicurio.registry.artifact-resolver-strategy=io.apicurio.registry.serde.strategy.TopicIdStrategy, value.serializer=io.apicurio.registry.serde.avro.AvroKafkaSerializer, request.timeout.ms=5000, acks=all, bootstrap.servers=PLAINTEXT://localhost:32769, connections.max.idle.ms=10000, key.serializer=org.apache.kafka.common.serialization.StringSerializer, client.id=Producer-topic-f4aa9b80_c497_4e93_a3d1_aace8247ec3e}
2025-08-12 17:25:10,891 INFO  [io.api.tes.ser.api.SimpleSerdesTesterBuilder$SimpleSerdesTester] (main) Using consumer configuration: {apicurio.registry.avro.encoding=JSON}
2025-08-12 17:25:10,894 INFO  [io.api.tes.ser.api.KafkaSerdesTester] (Thread-615) Sending message {"bar": "value-0"} to topic topic-f4aa9b80_c497_4e93_a3d1_aace8247ec3e
2025-08-12 17:25:10,899 WARN  [org.apa.kaf.cli.NetworkClient] (kafka-producer-network-thread | Producer-topic-f4aa9b80_c497_4e93_a3d1_aace8247ec3e) [Producer clientId=Producer-topic-f4aa9b80_c497_4e93_a3d1_aace8247ec3e] The metadata response from the cluster reported a recoverable issue with correlation id 1 : {topic-f4aa9b80_c497_4e93_a3d1_aace8247ec3e=UNKNOWN_TOPIC_OR_PARTITION}
2025-08-12 17:25:10,899 INFO  [org.apa.kaf.cli.Metadata] (kafka-producer-network-thread | Producer-topic-f4aa9b80_c497_4e93_a3d1_aace8247ec3e) [Producer clientId=Producer-topic-f4aa9b80_c497_4e93_a3d1_aace8247ec3e] Cluster ID: HDV_o9asQruzQakuWK8_NQ
2025-08-12 17:25:10,902 INFO  [org.apa.kaf.cli.pro.int.TransactionManager] (kafka-producer-network-thread | Producer-topic-f4aa9b80_c497_4e93_a3d1_aace8247ec3e) [Producer clientId=Producer-topic-f4aa9b80_c497_4e93_a3d1_aace8247ec3e] ProducerId set to 3 with epoch 0
2025-08-12 17:25:11,140 INFO  [io.api.tes.ser.api.KafkaSerdesTester] (Thread-615) Sending message {"bar": "value-1"} to topic topic-f4aa9b80_c497_4e93_a3d1_aace8247ec3e
2025-08-12 17:25:11,143 INFO  [io.api.tes.ser.api.KafkaSerdesTester] (Thread-615) Sending message {"bar": "value-2"} to topic topic-f4aa9b80_c497_4e93_a3d1_aace8247ec3e
2025-08-12 17:25:11,145 INFO  [io.api.tes.ser.api.KafkaSerdesTester] (Thread-615) Sending message {"bar": "value-3"} to topic topic-f4aa9b80_c497_4e93_a3d1_aace8247ec3e
2025-08-12 17:25:11,148 INFO  [io.api.tes.ser.api.KafkaSerdesTester] (Thread-615) Sending message {"bar": "value-4"} to topic topic-f4aa9b80_c497_4e93_a3d1_aace8247ec3e
2025-08-12 17:25:11,152 INFO  [io.api.tes.ser.api.KafkaSerdesTester] (Thread-615) Sending message {"bar": "value-5"} to topic topic-f4aa9b80_c497_4e93_a3d1_aace8247ec3e
2025-08-12 17:25:11,155 INFO  [io.api.tes.ser.api.KafkaSerdesTester] (Thread-615) Sending message {"bar": "value-6"} to topic topic-f4aa9b80_c497_4e93_a3d1_aace8247ec3e
2025-08-12 17:25:11,160 INFO  [io.api.tes.ser.api.KafkaSerdesTester] (Thread-615) Sending message {"bar": "value-7"} to topic topic-f4aa9b80_c497_4e93_a3d1_aace8247ec3e
2025-08-12 17:25:11,163 INFO  [io.api.tes.ser.api.KafkaSerdesTester] (Thread-615) Sending message {"bar": "value-8"} to topic topic-f4aa9b80_c497_4e93_a3d1_aace8247ec3e
2025-08-12 17:25:11,166 INFO  [io.api.tes.ser.api.KafkaSerdesTester] (Thread-615) Sending message {"bar": "value-9"} to topic topic-f4aa9b80_c497_4e93_a3d1_aace8247ec3e
2025-08-12 17:25:11,168 INFO  [io.api.tes.ser.api.KafkaSerdesTester] (Thread-615) Produced 10 messages
2025-08-12 17:25:11,168 INFO  [org.apa.kaf.cli.pro.KafkaProducer] (Thread-615) [Producer clientId=Producer-topic-f4aa9b80_c497_4e93_a3d1_aace8247ec3e] Closing the Kafka producer with timeoutMillis = 9223372036854775807 ms.
2025-08-12 17:25:11,171 INFO  [org.apa.kaf.com.met.Metrics] (Thread-615) Metrics scheduler closed
2025-08-12 17:25:11,171 INFO  [org.apa.kaf.com.met.Metrics] (Thread-615) Closing reporter org.apache.kafka.common.metrics.JmxReporter
2025-08-12 17:25:11,171 INFO  [org.apa.kaf.com.met.Metrics] (Thread-615) Closing reporter org.apache.kafka.common.telemetry.internals.ClientTelemetryReporter
2025-08-12 17:25:11,171 INFO  [org.apa.kaf.com.met.Metrics] (Thread-615) Metrics reporters closed
2025-08-12 17:25:11,172 INFO  [org.apa.kaf.com.uti.AppInfoParser] (Thread-615) App info kafka.producer for Producer-topic-f4aa9b80_c497_4e93_a3d1_aace8247ec3e unregistered
**** Registry Base URL: http://registry-app-ksql047.apps.ci419.apicurio-testing.org:80
2025-08-12 17:25:11,267 INFO  [org.apa.kaf.cli.con.ConsumerConfig] (main) ConsumerConfig values: 
	allow.auto.create.topics = true
	auto.commit.interval.ms = 500
	auto.include.jmx.reporter = true
	auto.offset.reset = earliest
	bootstrap.servers = [PLAINTEXT://localhost:32769]
	check.crcs = true
	client.dns.lookup = use_all_dns_ips
	client.id = consumer-Consumer-topic-f4aa9b80_c497_4e93_a3d1_aace8247ec3e-3
	client.rack = 
	connections.max.idle.ms = 10000
	default.api.timeout.ms = 60000
	enable.auto.commit = true
	enable.metrics.push = true
	exclude.internal.topics = true
	fetch.max.bytes = 52428800
	fetch.max.wait.ms = 500
	fetch.min.bytes = 1
	group.id = Consumer-topic-f4aa9b80_c497_4e93_a3d1_aace8247ec3e
	group.instance.id = null
	group.protocol = classic
	group.remote.assignor = null
	heartbeat.interval.ms = 3000
	interceptor.classes = []
	internal.leave.group.on.close = true
	internal.throw.on.fetch.stable.offset.unsupported = false
	isolation.level = read_uncommitted
	key.deserializer = class org.apache.kafka.common.serialization.StringDeserializer
	max.partition.fetch.bytes = 1048576
	max.poll.interval.ms = 300000
	max.poll.records = 500
	metadata.max.age.ms = 300000
	metadata.recovery.strategy = none
	metric.reporters = []
	metrics.num.samples = 2
	metrics.recording.level = INFO
	metrics.sample.window.ms = 30000
	partition.assignment.strategy = [class org.apache.kafka.clients.consumer.RangeAssignor, class org.apache.kafka.clients.consumer.CooperativeStickyAssignor]
	receive.buffer.bytes = 65536
	reconnect.backoff.max.ms = 1000
	reconnect.backoff.ms = 50
	request.timeout.ms = 5000
	retry.backoff.max.ms = 1000
	retry.backoff.ms = 100
	sasl.client.callback.handler.class = null
	sasl.jaas.config = null
	sasl.kerberos.kinit.cmd = /usr/bin/kinit
	sasl.kerberos.min.time.before.relogin = 60000
	sasl.kerberos.service.name = null
	sasl.kerberos.ticket.renew.jitter = 0.05
	sasl.kerberos.ticket.renew.window.factor = 0.8
	sasl.login.callback.handler.class = null
	sasl.login.class = null
	sasl.login.connect.timeout.ms = null
	sasl.login.read.timeout.ms = null
	sasl.login.refresh.buffer.seconds = 300
	sasl.login.refresh.min.period.seconds = 60
	sasl.login.refresh.window.factor = 0.8
	sasl.login.refresh.window.jitter = 0.05
	sasl.login.retry.backoff.max.ms = 10000
	sasl.login.retry.backoff.ms = 100
	sasl.mechanism = GSSAPI
	sasl.oauthbearer.clock.skew.seconds = 30
	sasl.oauthbearer.expected.audience = null
	sasl.oauthbearer.expected.issuer = null
	sasl.oauthbearer.header.urlencode = false
	sasl.oauthbearer.jwks.endpoint.refresh.ms = 3600000
	sasl.oauthbearer.jwks.endpoint.retry.backoff.max.ms = 10000
	sasl.oauthbearer.jwks.endpoint.retry.backoff.ms = 100
	sasl.oauthbearer.jwks.endpoint.url = null
	sasl.oauthbearer.scope.claim.name = scope
	sasl.oauthbearer.sub.claim.name = sub
	sasl.oauthbearer.token.endpoint.url = null
	security.protocol = PLAINTEXT
	security.providers = null
	send.buffer.bytes = 131072
	session.timeout.ms = 45000
	socket.connection.setup.timeout.max.ms = 30000
	socket.connection.setup.timeout.ms = 10000
	ssl.cipher.suites = null
	ssl.enabled.protocols = [TLSv1.2, TLSv1.3]
	ssl.endpoint.identification.algorithm = https
	ssl.engine.factory.class = null
	ssl.key.password = null
	ssl.keymanager.algorithm = SunX509
	ssl.keystore.certificate.chain = null
	ssl.keystore.key = null
	ssl.keystore.location = null
	ssl.keystore.password = null
	ssl.keystore.type = JKS
	ssl.protocol = TLSv1.3
	ssl.provider = null
	ssl.secure.random.implementation = null
	ssl.trustmanager.algorithm = PKIX
	ssl.truststore.certificates = null
	ssl.truststore.location = null
	ssl.truststore.password = null
	ssl.truststore.type = JKS
	value.deserializer = class io.apicurio.registry.serde.avro.AvroKafkaDeserializer

2025-08-12 17:25:11,267 INFO  [org.apa.kaf.com.tel.int.KafkaMetricsCollector] (main) initializing Kafka metrics collector
2025-08-12 17:25:11,274 INFO  [org.apa.kaf.cli.con.ConsumerConfig] (main) These configurations '[apicurio.registry.avro.encoding, apicurio.registry.url]' were supplied but are not used yet.
2025-08-12 17:25:11,274 INFO  [org.apa.kaf.com.uti.AppInfoParser] (main) Kafka version: 3.9.1
2025-08-12 17:25:11,274 INFO  [org.apa.kaf.com.uti.AppInfoParser] (main) Kafka commitId: f745dfdcee2b9851
2025-08-12 17:25:11,274 INFO  [org.apa.kaf.com.uti.AppInfoParser] (main) Kafka startTimeMs: 1755019511274
2025-08-12 17:25:11,275 INFO  [org.apa.kaf.cli.con.int.ClassicKafkaConsumer] (Thread-618) [Consumer clientId=consumer-Consumer-topic-f4aa9b80_c497_4e93_a3d1_aace8247ec3e-3, groupId=Consumer-topic-f4aa9b80_c497_4e93_a3d1_aace8247ec3e] Subscribed to topic(s): topic-f4aa9b80_c497_4e93_a3d1_aace8247ec3e
2025-08-12 17:25:11,282 INFO  [org.apa.kaf.cli.Metadata] (Thread-618) [Consumer clientId=consumer-Consumer-topic-f4aa9b80_c497_4e93_a3d1_aace8247ec3e-3, groupId=Consumer-topic-f4aa9b80_c497_4e93_a3d1_aace8247ec3e] Cluster ID: HDV_o9asQruzQakuWK8_NQ
2025-08-12 17:25:11,284 INFO  [org.apa.kaf.cli.con.int.ConsumerCoordinator] (Thread-618) [Consumer clientId=consumer-Consumer-topic-f4aa9b80_c497_4e93_a3d1_aace8247ec3e-3, groupId=Consumer-topic-f4aa9b80_c497_4e93_a3d1_aace8247ec3e] Discovered group coordinator localhost:32769 (id: 2147483647 rack: null)
2025-08-12 17:25:11,288 INFO  [org.apa.kaf.cli.con.int.ConsumerCoordinator] (Thread-618) [Consumer clientId=consumer-Consumer-topic-f4aa9b80_c497_4e93_a3d1_aace8247ec3e-3, groupId=Consumer-topic-f4aa9b80_c497_4e93_a3d1_aace8247ec3e] (Re-)joining group
2025-08-12 17:25:11,295 INFO  [org.apa.kaf.cli.con.int.ConsumerCoordinator] (Thread-618) [Consumer clientId=consumer-Consumer-topic-f4aa9b80_c497_4e93_a3d1_aace8247ec3e-3, groupId=Consumer-topic-f4aa9b80_c497_4e93_a3d1_aace8247ec3e] Request joining group due to: need to re-join with the given member-id: consumer-Consumer-topic-f4aa9b80_c497_4e93_a3d1_aace8247ec3e-3-7c519f01-b7fc-4f94-8faa-1f9623349588
2025-08-12 17:25:11,295 INFO  [org.apa.kaf.cli.con.int.ConsumerCoordinator] (Thread-618) [Consumer clientId=consumer-Consumer-topic-f4aa9b80_c497_4e93_a3d1_aace8247ec3e-3, groupId=Consumer-topic-f4aa9b80_c497_4e93_a3d1_aace8247ec3e] (Re-)joining group
2025-08-12 17:25:12,275 INFO  [io.api.tes.ser.api.KafkaSerdesTester] (Thread-618) None found
2025-08-12 17:25:13,275 INFO  [io.api.tes.ser.api.KafkaSerdesTester] (Thread-618) None found
2025-08-12 17:25:14,275 INFO  [io.api.tes.ser.api.KafkaSerdesTester] (Thread-618) None found
2025-08-12 17:25:14,297 INFO  [org.apa.kaf.cli.con.int.ConsumerCoordinator] (Thread-618) [Consumer clientId=consumer-Consumer-topic-f4aa9b80_c497_4e93_a3d1_aace8247ec3e-3, groupId=Consumer-topic-f4aa9b80_c497_4e93_a3d1_aace8247ec3e] Successfully joined group with generation Generation{generationId=1, memberId='consumer-Consumer-topic-f4aa9b80_c497_4e93_a3d1_aace8247ec3e-3-7c519f01-b7fc-4f94-8faa-1f9623349588', protocol='range'}
2025-08-12 17:25:14,298 INFO  [org.apa.kaf.cli.con.int.ConsumerCoordinator] (Thread-618) [Consumer clientId=consumer-Consumer-topic-f4aa9b80_c497_4e93_a3d1_aace8247ec3e-3, groupId=Consumer-topic-f4aa9b80_c497_4e93_a3d1_aace8247ec3e] Finished assignment for group at generation 1: {consumer-Consumer-topic-f4aa9b80_c497_4e93_a3d1_aace8247ec3e-3-7c519f01-b7fc-4f94-8faa-1f9623349588=Assignment(partitions=[topic-f4aa9b80_c497_4e93_a3d1_aace8247ec3e-0])}
2025-08-12 17:25:14,306 INFO  [org.apa.kaf.cli.con.int.ConsumerCoordinator] (Thread-618) [Consumer clientId=consumer-Consumer-topic-f4aa9b80_c497_4e93_a3d1_aace8247ec3e-3, groupId=Consumer-topic-f4aa9b80_c497_4e93_a3d1_aace8247ec3e] Successfully synced group in generation Generation{generationId=1, memberId='consumer-Consumer-topic-f4aa9b80_c497_4e93_a3d1_aace8247ec3e-3-7c519f01-b7fc-4f94-8faa-1f9623349588', protocol='range'}
2025-08-12 17:25:14,306 INFO  [org.apa.kaf.cli.con.int.ConsumerCoordinator] (Thread-618) [Consumer clientId=consumer-Consumer-topic-f4aa9b80_c497_4e93_a3d1_aace8247ec3e-3, groupId=Consumer-topic-f4aa9b80_c497_4e93_a3d1_aace8247ec3e] Notifying assignor about the new Assignment(partitions=[topic-f4aa9b80_c497_4e93_a3d1_aace8247ec3e-0])
2025-08-12 17:25:14,306 INFO  [org.apa.kaf.cli.con.int.ConsumerRebalanceListenerInvoker] (Thread-618) [Consumer clientId=consumer-Consumer-topic-f4aa9b80_c497_4e93_a3d1_aace8247ec3e-3, groupId=Consumer-topic-f4aa9b80_c497_4e93_a3d1_aace8247ec3e] Adding newly assigned partitions: topic-f4aa9b80_c497_4e93_a3d1_aace8247ec3e-0
2025-08-12 17:25:14,308 INFO  [org.apa.kaf.cli.con.int.ConsumerCoordinator] (Thread-618) [Consumer clientId=consumer-Consumer-topic-f4aa9b80_c497_4e93_a3d1_aace8247ec3e-3, groupId=Consumer-topic-f4aa9b80_c497_4e93_a3d1_aace8247ec3e] Found no committed offset for partition topic-f4aa9b80_c497_4e93_a3d1_aace8247ec3e-0
2025-08-12 17:25:14,313 INFO  [org.apa.kaf.cli.con.int.SubscriptionState] (Thread-618) [Consumer clientId=consumer-Consumer-topic-f4aa9b80_c497_4e93_a3d1_aace8247ec3e-3, groupId=Consumer-topic-f4aa9b80_c497_4e93_a3d1_aace8247ec3e] Resetting offset for partition topic-f4aa9b80_c497_4e93_a3d1_aace8247ec3e-0 to position FetchPosition{offset=0, offsetEpoch=Optional.empty, currentLeader=LeaderAndEpoch{leader=Optional[localhost:32769 (id: 0 rack: null)], epoch=0}}.
2025-08-12 17:25:14,441 INFO  [io.api.tes.ser.api.KafkaSerdesTester] (Thread-618) topic-f4aa9b80_c497_4e93_a3d1_aace8247ec3e 0 0 {"bar": "value-0"}
2025-08-12 17:25:14,442 INFO  [io.api.tes.ser.api.KafkaSerdesTester] (Thread-618) topic-f4aa9b80_c497_4e93_a3d1_aace8247ec3e 0 1 {"bar": "value-1"}
2025-08-12 17:25:14,442 INFO  [io.api.tes.ser.api.KafkaSerdesTester] (Thread-618) topic-f4aa9b80_c497_4e93_a3d1_aace8247ec3e 0 2 {"bar": "value-2"}
2025-08-12 17:25:14,442 INFO  [io.api.tes.ser.api.KafkaSerdesTester] (Thread-618) topic-f4aa9b80_c497_4e93_a3d1_aace8247ec3e 0 3 {"bar": "value-3"}
2025-08-12 17:25:14,442 INFO  [io.api.tes.ser.api.KafkaSerdesTester] (Thread-618) topic-f4aa9b80_c497_4e93_a3d1_aace8247ec3e 0 4 {"bar": "value-4"}
2025-08-12 17:25:14,442 INFO  [io.api.tes.ser.api.KafkaSerdesTester] (Thread-618) topic-f4aa9b80_c497_4e93_a3d1_aace8247ec3e 0 5 {"bar": "value-5"}
2025-08-12 17:25:14,442 INFO  [io.api.tes.ser.api.KafkaSerdesTester] (Thread-618) topic-f4aa9b80_c497_4e93_a3d1_aace8247ec3e 0 6 {"bar": "value-6"}
2025-08-12 17:25:14,442 INFO  [io.api.tes.ser.api.KafkaSerdesTester] (Thread-618) topic-f4aa9b80_c497_4e93_a3d1_aace8247ec3e 0 7 {"bar": "value-7"}
2025-08-12 17:25:14,443 INFO  [io.api.tes.ser.api.KafkaSerdesTester] (Thread-618) topic-f4aa9b80_c497_4e93_a3d1_aace8247ec3e 0 8 {"bar": "value-8"}
2025-08-12 17:25:14,443 INFO  [io.api.tes.ser.api.KafkaSerdesTester] (Thread-618) topic-f4aa9b80_c497_4e93_a3d1_aace8247ec3e 0 9 {"bar": "value-9"}
2025-08-12 17:25:14,443 INFO  [io.api.tes.ser.api.KafkaSerdesTester] (Thread-618) Consumed 10 messages
2025-08-12 17:25:14,451 INFO  [org.apa.kaf.cli.con.int.ConsumerRebalanceListenerInvoker] (Thread-618) [Consumer clientId=consumer-Consumer-topic-f4aa9b80_c497_4e93_a3d1_aace8247ec3e-3, groupId=Consumer-topic-f4aa9b80_c497_4e93_a3d1_aace8247ec3e] Revoke previously assigned partitions topic-f4aa9b80_c497_4e93_a3d1_aace8247ec3e-0
2025-08-12 17:25:14,451 INFO  [org.apa.kaf.cli.con.int.ConsumerCoordinator] (Thread-618) [Consumer clientId=consumer-Consumer-topic-f4aa9b80_c497_4e93_a3d1_aace8247ec3e-3, groupId=Consumer-topic-f4aa9b80_c497_4e93_a3d1_aace8247ec3e] Member consumer-Consumer-topic-f4aa9b80_c497_4e93_a3d1_aace8247ec3e-3-7c519f01-b7fc-4f94-8faa-1f9623349588 sending LeaveGroup request to coordinator localhost:32769 (id: 2147483647 rack: null) due to the consumer is being closed
2025-08-12 17:25:14,453 INFO  [org.apa.kaf.cli.con.int.ConsumerCoordinator] (Thread-618) [Consumer clientId=consumer-Consumer-topic-f4aa9b80_c497_4e93_a3d1_aace8247ec3e-3, groupId=Consumer-topic-f4aa9b80_c497_4e93_a3d1_aace8247ec3e] Resetting generation and member id due to: consumer pro-actively leaving the group
2025-08-12 17:25:14,453 INFO  [org.apa.kaf.cli.con.int.ConsumerCoordinator] (Thread-618) [Consumer clientId=consumer-Consumer-topic-f4aa9b80_c497_4e93_a3d1_aace8247ec3e-3, groupId=Consumer-topic-f4aa9b80_c497_4e93_a3d1_aace8247ec3e] Request joining group due to: consumer pro-actively leaving the group
2025-08-12 17:25:14,947 INFO  [org.apa.kaf.com.met.Metrics] (Thread-618) Metrics scheduler closed
2025-08-12 17:25:14,948 INFO  [org.apa.kaf.com.met.Metrics] (Thread-618) Closing reporter org.apache.kafka.common.metrics.JmxReporter
2025-08-12 17:25:14,948 INFO  [org.apa.kaf.com.met.Metrics] (Thread-618) Closing reporter org.apache.kafka.common.telemetry.internals.ClientTelemetryReporter
2025-08-12 17:25:14,948 INFO  [org.apa.kaf.com.met.Metrics] (Thread-618) Metrics reporters closed
2025-08-12 17:25:14,952 INFO  [org.apa.kaf.com.uti.AppInfoParser] (Thread-618) App info kafka.consumer for consumer-Consumer-topic-f4aa9b80_c497_4e93_a3d1_aace8247ec3e-3 unregistered
2025-08-12 17:25:14,953 INFO  [io.api.tes.uti.TestSeparator] (main) io.apicurio.tests.serdes.apicurio.AvroSerdeIT.testAvroJSON-FINISHED
2025-08-12 17:25:14,953 INFO  [io.api.tes.uti.TestSeparator] (main) ############################################################################
Test passed: testAvroJSON
]]></system-out>
  </testcase>
  <testcase name="testTopicIdStrategyAutoRegister" classname="io.apicurio.tests.serdes.apicurio.AvroSerdeIT" time="4.167">
    <system-out><![CDATA[2025-08-12 17:25:14,955 INFO  [io.api.tes.uti.TestSeparator] (main) ############################################################################
2025-08-12 17:25:14,955 INFO  [io.api.tes.uti.TestSeparator] (main) io.apicurio.tests.serdes.apicurio.AvroSerdeIT.testTopicIdStrategyAutoRegister-STARTED
**** Registry Base URL: http://registry-app-ksql047.apps.ci419.apicurio-testing.org:80
2025-08-12 17:25:14,960 INFO  [org.apa.kaf.cli.pro.ProducerConfig] (main) ProducerConfig values: 
	acks = -1
	auto.include.jmx.reporter = true
	batch.size = 16384
	bootstrap.servers = [PLAINTEXT://localhost:32769]
	buffer.memory = 33554432
	client.dns.lookup = use_all_dns_ips
	client.id = Producer-topic-3c331a6f_4905_416b_aadd_6fd3cb620787
	compression.gzip.level = -1
	compression.lz4.level = 9
	compression.type = none
	compression.zstd.level = 3
	connections.max.idle.ms = 10000
	delivery.timeout.ms = 120000
	enable.idempotence = true
	enable.metrics.push = true
	interceptor.classes = []
	key.serializer = class org.apache.kafka.common.serialization.StringSerializer
	linger.ms = 0
	max.block.ms = 60000
	max.in.flight.requests.per.connection = 5
	max.request.size = 1048576
	metadata.max.age.ms = 300000
	metadata.max.idle.ms = 300000
	metadata.recovery.strategy = none
	metric.reporters = []
	metrics.num.samples = 2
	metrics.recording.level = INFO
	metrics.sample.window.ms = 30000
	partitioner.adaptive.partitioning.enable = true
	partitioner.availability.timeout.ms = 0
	partitioner.class = null
	partitioner.ignore.keys = false
	receive.buffer.bytes = 32768
	reconnect.backoff.max.ms = 1000
	reconnect.backoff.ms = 50
	request.timeout.ms = 5000
	retries = 2147483647
	retry.backoff.max.ms = 1000
	retry.backoff.ms = 100
	sasl.client.callback.handler.class = null
	sasl.jaas.config = null
	sasl.kerberos.kinit.cmd = /usr/bin/kinit
	sasl.kerberos.min.time.before.relogin = 60000
	sasl.kerberos.service.name = null
	sasl.kerberos.ticket.renew.jitter = 0.05
	sasl.kerberos.ticket.renew.window.factor = 0.8
	sasl.login.callback.handler.class = null
	sasl.login.class = null
	sasl.login.connect.timeout.ms = null
	sasl.login.read.timeout.ms = null
	sasl.login.refresh.buffer.seconds = 300
	sasl.login.refresh.min.period.seconds = 60
	sasl.login.refresh.window.factor = 0.8
	sasl.login.refresh.window.jitter = 0.05
	sasl.login.retry.backoff.max.ms = 10000
	sasl.login.retry.backoff.ms = 100
	sasl.mechanism = GSSAPI
	sasl.oauthbearer.clock.skew.seconds = 30
	sasl.oauthbearer.expected.audience = null
	sasl.oauthbearer.expected.issuer = null
	sasl.oauthbearer.header.urlencode = false
	sasl.oauthbearer.jwks.endpoint.refresh.ms = 3600000
	sasl.oauthbearer.jwks.endpoint.retry.backoff.max.ms = 10000
	sasl.oauthbearer.jwks.endpoint.retry.backoff.ms = 100
	sasl.oauthbearer.jwks.endpoint.url = null
	sasl.oauthbearer.scope.claim.name = scope
	sasl.oauthbearer.sub.claim.name = sub
	sasl.oauthbearer.token.endpoint.url = null
	security.protocol = PLAINTEXT
	security.providers = null
	send.buffer.bytes = 131072
	socket.connection.setup.timeout.max.ms = 30000
	socket.connection.setup.timeout.ms = 10000
	ssl.cipher.suites = null
	ssl.enabled.protocols = [TLSv1.2, TLSv1.3]
	ssl.endpoint.identification.algorithm = https
	ssl.engine.factory.class = null
	ssl.key.password = null
	ssl.keymanager.algorithm = SunX509
	ssl.keystore.certificate.chain = null
	ssl.keystore.key = null
	ssl.keystore.location = null
	ssl.keystore.password = null
	ssl.keystore.type = JKS
	ssl.protocol = TLSv1.3
	ssl.provider = null
	ssl.secure.random.implementation = null
	ssl.trustmanager.algorithm = PKIX
	ssl.truststore.certificates = null
	ssl.truststore.location = null
	ssl.truststore.password = null
	ssl.truststore.type = JKS
	transaction.timeout.ms = 60000
	transactional.id = null
	value.serializer = class io.apicurio.registry.serde.avro.AvroKafkaSerializer

2025-08-12 17:25:14,960 INFO  [org.apa.kaf.com.tel.int.KafkaMetricsCollector] (main) initializing Kafka metrics collector
2025-08-12 17:25:14,966 INFO  [org.apa.kaf.cli.pro.KafkaProducer] (main) [Producer clientId=Producer-topic-3c331a6f_4905_416b_aadd_6fd3cb620787] Instantiated an idempotent producer.
2025-08-12 17:25:14,972 INFO  [org.apa.kaf.cli.pro.ProducerConfig] (main) These configurations '[apicurio.registry.url, apicurio.registry.auto-register, apicurio.registry.artifact-resolver-strategy]' were supplied but are not used yet.
2025-08-12 17:25:14,972 INFO  [org.apa.kaf.com.uti.AppInfoParser] (main) Kafka version: 3.9.1
2025-08-12 17:25:14,972 INFO  [org.apa.kaf.com.uti.AppInfoParser] (main) Kafka commitId: f745dfdcee2b9851
2025-08-12 17:25:14,972 INFO  [org.apa.kaf.com.uti.AppInfoParser] (main) Kafka startTimeMs: 1755019514972
2025-08-12 17:25:14,972 INFO  [io.api.tes.ser.api.SimpleSerdesTesterBuilder$SimpleSerdesTester] (main) Using producer configuration: {apicurio.registry.url=http://registry-app-ksql047.apps.ci419.apicurio-testing.org:80/apis/registry/v3, apicurio.registry.auto-register=true, apicurio.registry.artifact-resolver-strategy=io.apicurio.registry.serde.strategy.TopicIdStrategy, value.serializer=io.apicurio.registry.serde.avro.AvroKafkaSerializer, request.timeout.ms=5000, acks=all, bootstrap.servers=PLAINTEXT://localhost:32769, connections.max.idle.ms=10000, key.serializer=org.apache.kafka.common.serialization.StringSerializer, client.id=Producer-topic-3c331a6f_4905_416b_aadd_6fd3cb620787}
2025-08-12 17:25:14,972 INFO  [io.api.tes.ser.api.SimpleSerdesTesterBuilder$SimpleSerdesTester] (main) Using consumer configuration: {}
2025-08-12 17:25:14,973 INFO  [io.api.tes.ser.api.KafkaSerdesTester] (Thread-621) Sending message {"key11755019514955": "value-0"} to topic topic-3c331a6f_4905_416b_aadd_6fd3cb620787
2025-08-12 17:25:14,978 WARN  [org.apa.kaf.cli.NetworkClient] (kafka-producer-network-thread | Producer-topic-3c331a6f_4905_416b_aadd_6fd3cb620787) [Producer clientId=Producer-topic-3c331a6f_4905_416b_aadd_6fd3cb620787] The metadata response from the cluster reported a recoverable issue with correlation id 1 : {topic-3c331a6f_4905_416b_aadd_6fd3cb620787=UNKNOWN_TOPIC_OR_PARTITION}
2025-08-12 17:25:14,978 INFO  [org.apa.kaf.cli.Metadata] (kafka-producer-network-thread | Producer-topic-3c331a6f_4905_416b_aadd_6fd3cb620787) [Producer clientId=Producer-topic-3c331a6f_4905_416b_aadd_6fd3cb620787] Cluster ID: HDV_o9asQruzQakuWK8_NQ
2025-08-12 17:25:14,979 INFO  [org.apa.kaf.cli.pro.int.TransactionManager] (kafka-producer-network-thread | Producer-topic-3c331a6f_4905_416b_aadd_6fd3cb620787) [Producer clientId=Producer-topic-3c331a6f_4905_416b_aadd_6fd3cb620787] ProducerId set to 4 with epoch 0
2025-08-12 17:25:15,245 INFO  [io.api.tes.ser.api.KafkaSerdesTester] (Thread-621) Sending message {"key11755019514955": "value-1"} to topic topic-3c331a6f_4905_416b_aadd_6fd3cb620787
2025-08-12 17:25:15,248 INFO  [io.api.tes.ser.api.KafkaSerdesTester] (Thread-621) Sending message {"key11755019514955": "value-2"} to topic topic-3c331a6f_4905_416b_aadd_6fd3cb620787
2025-08-12 17:25:15,250 INFO  [io.api.tes.ser.api.KafkaSerdesTester] (Thread-621) Sending message {"key11755019514955": "value-3"} to topic topic-3c331a6f_4905_416b_aadd_6fd3cb620787
2025-08-12 17:25:15,252 INFO  [io.api.tes.ser.api.KafkaSerdesTester] (Thread-621) Sending message {"key11755019514955": "value-4"} to topic topic-3c331a6f_4905_416b_aadd_6fd3cb620787
2025-08-12 17:25:15,254 INFO  [io.api.tes.ser.api.KafkaSerdesTester] (Thread-621) Sending message {"key11755019514955": "value-5"} to topic topic-3c331a6f_4905_416b_aadd_6fd3cb620787
2025-08-12 17:25:15,257 INFO  [io.api.tes.ser.api.KafkaSerdesTester] (Thread-621) Sending message {"key11755019514955": "value-6"} to topic topic-3c331a6f_4905_416b_aadd_6fd3cb620787
2025-08-12 17:25:15,260 INFO  [io.api.tes.ser.api.KafkaSerdesTester] (Thread-621) Sending message {"key11755019514955": "value-7"} to topic topic-3c331a6f_4905_416b_aadd_6fd3cb620787
2025-08-12 17:25:15,264 INFO  [io.api.tes.ser.api.KafkaSerdesTester] (Thread-621) Sending message {"key11755019514955": "value-8"} to topic topic-3c331a6f_4905_416b_aadd_6fd3cb620787
2025-08-12 17:25:15,266 INFO  [io.api.tes.ser.api.KafkaSerdesTester] (Thread-621) Sending message {"key11755019514955": "value-9"} to topic topic-3c331a6f_4905_416b_aadd_6fd3cb620787
2025-08-12 17:25:15,268 INFO  [io.api.tes.ser.api.KafkaSerdesTester] (Thread-621) Produced 10 messages
2025-08-12 17:25:15,268 INFO  [org.apa.kaf.cli.pro.KafkaProducer] (Thread-621) [Producer clientId=Producer-topic-3c331a6f_4905_416b_aadd_6fd3cb620787] Closing the Kafka producer with timeoutMillis = 9223372036854775807 ms.
2025-08-12 17:25:15,273 INFO  [org.apa.kaf.com.met.Metrics] (Thread-621) Metrics scheduler closed
2025-08-12 17:25:15,273 INFO  [org.apa.kaf.com.met.Metrics] (Thread-621) Closing reporter org.apache.kafka.common.metrics.JmxReporter
2025-08-12 17:25:15,273 INFO  [org.apa.kaf.com.met.Metrics] (Thread-621) Closing reporter org.apache.kafka.common.telemetry.internals.ClientTelemetryReporter
2025-08-12 17:25:15,273 INFO  [org.apa.kaf.com.met.Metrics] (Thread-621) Metrics reporters closed
2025-08-12 17:25:15,273 INFO  [org.apa.kaf.com.uti.AppInfoParser] (Thread-621) App info kafka.producer for Producer-topic-3c331a6f_4905_416b_aadd_6fd3cb620787 unregistered
**** Registry Base URL: http://registry-app-ksql047.apps.ci419.apicurio-testing.org:80
2025-08-12 17:25:15,362 INFO  [org.apa.kaf.cli.con.ConsumerConfig] (main) ConsumerConfig values: 
	allow.auto.create.topics = true
	auto.commit.interval.ms = 500
	auto.include.jmx.reporter = true
	auto.offset.reset = earliest
	bootstrap.servers = [PLAINTEXT://localhost:32769]
	check.crcs = true
	client.dns.lookup = use_all_dns_ips
	client.id = consumer-Consumer-topic-3c331a6f_4905_416b_aadd_6fd3cb620787-4
	client.rack = 
	connections.max.idle.ms = 10000
	default.api.timeout.ms = 60000
	enable.auto.commit = true
	enable.metrics.push = true
	exclude.internal.topics = true
	fetch.max.bytes = 52428800
	fetch.max.wait.ms = 500
	fetch.min.bytes = 1
	group.id = Consumer-topic-3c331a6f_4905_416b_aadd_6fd3cb620787
	group.instance.id = null
	group.protocol = classic
	group.remote.assignor = null
	heartbeat.interval.ms = 3000
	interceptor.classes = []
	internal.leave.group.on.close = true
	internal.throw.on.fetch.stable.offset.unsupported = false
	isolation.level = read_uncommitted
	key.deserializer = class org.apache.kafka.common.serialization.StringDeserializer
	max.partition.fetch.bytes = 1048576
	max.poll.interval.ms = 300000
	max.poll.records = 500
	metadata.max.age.ms = 300000
	metadata.recovery.strategy = none
	metric.reporters = []
	metrics.num.samples = 2
	metrics.recording.level = INFO
	metrics.sample.window.ms = 30000
	partition.assignment.strategy = [class org.apache.kafka.clients.consumer.RangeAssignor, class org.apache.kafka.clients.consumer.CooperativeStickyAssignor]
	receive.buffer.bytes = 65536
	reconnect.backoff.max.ms = 1000
	reconnect.backoff.ms = 50
	request.timeout.ms = 5000
	retry.backoff.max.ms = 1000
	retry.backoff.ms = 100
	sasl.client.callback.handler.class = null
	sasl.jaas.config = null
	sasl.kerberos.kinit.cmd = /usr/bin/kinit
	sasl.kerberos.min.time.before.relogin = 60000
	sasl.kerberos.service.name = null
	sasl.kerberos.ticket.renew.jitter = 0.05
	sasl.kerberos.ticket.renew.window.factor = 0.8
	sasl.login.callback.handler.class = null
	sasl.login.class = null
	sasl.login.connect.timeout.ms = null
	sasl.login.read.timeout.ms = null
	sasl.login.refresh.buffer.seconds = 300
	sasl.login.refresh.min.period.seconds = 60
	sasl.login.refresh.window.factor = 0.8
	sasl.login.refresh.window.jitter = 0.05
	sasl.login.retry.backoff.max.ms = 10000
	sasl.login.retry.backoff.ms = 100
	sasl.mechanism = GSSAPI
	sasl.oauthbearer.clock.skew.seconds = 30
	sasl.oauthbearer.expected.audience = null
	sasl.oauthbearer.expected.issuer = null
	sasl.oauthbearer.header.urlencode = false
	sasl.oauthbearer.jwks.endpoint.refresh.ms = 3600000
	sasl.oauthbearer.jwks.endpoint.retry.backoff.max.ms = 10000
	sasl.oauthbearer.jwks.endpoint.retry.backoff.ms = 100
	sasl.oauthbearer.jwks.endpoint.url = null
	sasl.oauthbearer.scope.claim.name = scope
	sasl.oauthbearer.sub.claim.name = sub
	sasl.oauthbearer.token.endpoint.url = null
	security.protocol = PLAINTEXT
	security.providers = null
	send.buffer.bytes = 131072
	session.timeout.ms = 45000
	socket.connection.setup.timeout.max.ms = 30000
	socket.connection.setup.timeout.ms = 10000
	ssl.cipher.suites = null
	ssl.enabled.protocols = [TLSv1.2, TLSv1.3]
	ssl.endpoint.identification.algorithm = https
	ssl.engine.factory.class = null
	ssl.key.password = null
	ssl.keymanager.algorithm = SunX509
	ssl.keystore.certificate.chain = null
	ssl.keystore.key = null
	ssl.keystore.location = null
	ssl.keystore.password = null
	ssl.keystore.type = JKS
	ssl.protocol = TLSv1.3
	ssl.provider = null
	ssl.secure.random.implementation = null
	ssl.trustmanager.algorithm = PKIX
	ssl.truststore.certificates = null
	ssl.truststore.location = null
	ssl.truststore.password = null
	ssl.truststore.type = JKS
	value.deserializer = class io.apicurio.registry.serde.avro.AvroKafkaDeserializer

2025-08-12 17:25:15,362 INFO  [org.apa.kaf.com.tel.int.KafkaMetricsCollector] (main) initializing Kafka metrics collector
2025-08-12 17:25:15,369 INFO  [org.apa.kaf.cli.con.ConsumerConfig] (main) These configurations '[apicurio.registry.url]' were supplied but are not used yet.
2025-08-12 17:25:15,369 INFO  [org.apa.kaf.com.uti.AppInfoParser] (main) Kafka version: 3.9.1
2025-08-12 17:25:15,369 INFO  [org.apa.kaf.com.uti.AppInfoParser] (main) Kafka commitId: f745dfdcee2b9851
2025-08-12 17:25:15,369 INFO  [org.apa.kaf.com.uti.AppInfoParser] (main) Kafka startTimeMs: 1755019515369
2025-08-12 17:25:15,375 INFO  [org.apa.kaf.cli.con.int.ClassicKafkaConsumer] (Thread-624) [Consumer clientId=consumer-Consumer-topic-3c331a6f_4905_416b_aadd_6fd3cb620787-4, groupId=Consumer-topic-3c331a6f_4905_416b_aadd_6fd3cb620787] Subscribed to topic(s): topic-3c331a6f_4905_416b_aadd_6fd3cb620787
2025-08-12 17:25:15,381 INFO  [org.apa.kaf.cli.Metadata] (Thread-624) [Consumer clientId=consumer-Consumer-topic-3c331a6f_4905_416b_aadd_6fd3cb620787-4, groupId=Consumer-topic-3c331a6f_4905_416b_aadd_6fd3cb620787] Cluster ID: HDV_o9asQruzQakuWK8_NQ
2025-08-12 17:25:15,383 INFO  [org.apa.kaf.cli.con.int.ConsumerCoordinator] (Thread-624) [Consumer clientId=consumer-Consumer-topic-3c331a6f_4905_416b_aadd_6fd3cb620787-4, groupId=Consumer-topic-3c331a6f_4905_416b_aadd_6fd3cb620787] Discovered group coordinator localhost:32769 (id: 2147483647 rack: null)
2025-08-12 17:25:15,385 INFO  [org.apa.kaf.cli.con.int.ConsumerCoordinator] (Thread-624) [Consumer clientId=consumer-Consumer-topic-3c331a6f_4905_416b_aadd_6fd3cb620787-4, groupId=Consumer-topic-3c331a6f_4905_416b_aadd_6fd3cb620787] (Re-)joining group
2025-08-12 17:25:15,388 INFO  [org.apa.kaf.cli.con.int.ConsumerCoordinator] (Thread-624) [Consumer clientId=consumer-Consumer-topic-3c331a6f_4905_416b_aadd_6fd3cb620787-4, groupId=Consumer-topic-3c331a6f_4905_416b_aadd_6fd3cb620787] Request joining group due to: need to re-join with the given member-id: consumer-Consumer-topic-3c331a6f_4905_416b_aadd_6fd3cb620787-4-de4e9b31-e3a2-4ae9-b0a1-bd3fdf40fd39
2025-08-12 17:25:15,388 INFO  [org.apa.kaf.cli.con.int.ConsumerCoordinator] (Thread-624) [Consumer clientId=consumer-Consumer-topic-3c331a6f_4905_416b_aadd_6fd3cb620787-4, groupId=Consumer-topic-3c331a6f_4905_416b_aadd_6fd3cb620787] (Re-)joining group
2025-08-12 17:25:16,375 INFO  [io.api.tes.ser.api.KafkaSerdesTester] (Thread-624) None found
2025-08-12 17:25:17,376 INFO  [io.api.tes.ser.api.KafkaSerdesTester] (Thread-624) None found
2025-08-12 17:25:18,376 INFO  [io.api.tes.ser.api.KafkaSerdesTester] (Thread-624) None found
2025-08-12 17:25:18,390 INFO  [org.apa.kaf.cli.con.int.ConsumerCoordinator] (Thread-624) [Consumer clientId=consumer-Consumer-topic-3c331a6f_4905_416b_aadd_6fd3cb620787-4, groupId=Consumer-topic-3c331a6f_4905_416b_aadd_6fd3cb620787] Successfully joined group with generation Generation{generationId=1, memberId='consumer-Consumer-topic-3c331a6f_4905_416b_aadd_6fd3cb620787-4-de4e9b31-e3a2-4ae9-b0a1-bd3fdf40fd39', protocol='range'}
2025-08-12 17:25:18,390 INFO  [org.apa.kaf.cli.con.int.ConsumerCoordinator] (Thread-624) [Consumer clientId=consumer-Consumer-topic-3c331a6f_4905_416b_aadd_6fd3cb620787-4, groupId=Consumer-topic-3c331a6f_4905_416b_aadd_6fd3cb620787] Finished assignment for group at generation 1: {consumer-Consumer-topic-3c331a6f_4905_416b_aadd_6fd3cb620787-4-de4e9b31-e3a2-4ae9-b0a1-bd3fdf40fd39=Assignment(partitions=[topic-3c331a6f_4905_416b_aadd_6fd3cb620787-0])}
2025-08-12 17:25:18,398 INFO  [org.apa.kaf.cli.con.int.ConsumerCoordinator] (Thread-624) [Consumer clientId=consumer-Consumer-topic-3c331a6f_4905_416b_aadd_6fd3cb620787-4, groupId=Consumer-topic-3c331a6f_4905_416b_aadd_6fd3cb620787] Successfully synced group in generation Generation{generationId=1, memberId='consumer-Consumer-topic-3c331a6f_4905_416b_aadd_6fd3cb620787-4-de4e9b31-e3a2-4ae9-b0a1-bd3fdf40fd39', protocol='range'}
2025-08-12 17:25:18,398 INFO  [org.apa.kaf.cli.con.int.ConsumerCoordinator] (Thread-624) [Consumer clientId=consumer-Consumer-topic-3c331a6f_4905_416b_aadd_6fd3cb620787-4, groupId=Consumer-topic-3c331a6f_4905_416b_aadd_6fd3cb620787] Notifying assignor about the new Assignment(partitions=[topic-3c331a6f_4905_416b_aadd_6fd3cb620787-0])
2025-08-12 17:25:18,398 INFO  [org.apa.kaf.cli.con.int.ConsumerRebalanceListenerInvoker] (Thread-624) [Consumer clientId=consumer-Consumer-topic-3c331a6f_4905_416b_aadd_6fd3cb620787-4, groupId=Consumer-topic-3c331a6f_4905_416b_aadd_6fd3cb620787] Adding newly assigned partitions: topic-3c331a6f_4905_416b_aadd_6fd3cb620787-0
2025-08-12 17:25:18,399 INFO  [org.apa.kaf.cli.con.int.ConsumerCoordinator] (Thread-624) [Consumer clientId=consumer-Consumer-topic-3c331a6f_4905_416b_aadd_6fd3cb620787-4, groupId=Consumer-topic-3c331a6f_4905_416b_aadd_6fd3cb620787] Found no committed offset for partition topic-3c331a6f_4905_416b_aadd_6fd3cb620787-0
2025-08-12 17:25:18,403 INFO  [org.apa.kaf.cli.con.int.SubscriptionState] (Thread-624) [Consumer clientId=consumer-Consumer-topic-3c331a6f_4905_416b_aadd_6fd3cb620787-4, groupId=Consumer-topic-3c331a6f_4905_416b_aadd_6fd3cb620787] Resetting offset for partition topic-3c331a6f_4905_416b_aadd_6fd3cb620787-0 to position FetchPosition{offset=0, offsetEpoch=Optional.empty, currentLeader=LeaderAndEpoch{leader=Optional[localhost:32769 (id: 0 rack: null)], epoch=0}}.
2025-08-12 17:25:18,528 INFO  [io.api.tes.ser.api.KafkaSerdesTester] (Thread-624) topic-3c331a6f_4905_416b_aadd_6fd3cb620787 0 0 {"key11755019514955": "value-0"}
2025-08-12 17:25:18,528 INFO  [io.api.tes.ser.api.KafkaSerdesTester] (Thread-624) topic-3c331a6f_4905_416b_aadd_6fd3cb620787 0 1 {"key11755019514955": "value-1"}
2025-08-12 17:25:18,528 INFO  [io.api.tes.ser.api.KafkaSerdesTester] (Thread-624) topic-3c331a6f_4905_416b_aadd_6fd3cb620787 0 2 {"key11755019514955": "value-2"}
2025-08-12 17:25:18,528 INFO  [io.api.tes.ser.api.KafkaSerdesTester] (Thread-624) topic-3c331a6f_4905_416b_aadd_6fd3cb620787 0 3 {"key11755019514955": "value-3"}
2025-08-12 17:25:18,528 INFO  [io.api.tes.ser.api.KafkaSerdesTester] (Thread-624) topic-3c331a6f_4905_416b_aadd_6fd3cb620787 0 4 {"key11755019514955": "value-4"}
2025-08-12 17:25:18,529 INFO  [io.api.tes.ser.api.KafkaSerdesTester] (Thread-624) topic-3c331a6f_4905_416b_aadd_6fd3cb620787 0 5 {"key11755019514955": "value-5"}
2025-08-12 17:25:18,529 INFO  [io.api.tes.ser.api.KafkaSerdesTester] (Thread-624) topic-3c331a6f_4905_416b_aadd_6fd3cb620787 0 6 {"key11755019514955": "value-6"}
2025-08-12 17:25:18,529 INFO  [io.api.tes.ser.api.KafkaSerdesTester] (Thread-624) topic-3c331a6f_4905_416b_aadd_6fd3cb620787 0 7 {"key11755019514955": "value-7"}
2025-08-12 17:25:18,529 INFO  [io.api.tes.ser.api.KafkaSerdesTester] (Thread-624) topic-3c331a6f_4905_416b_aadd_6fd3cb620787 0 8 {"key11755019514955": "value-8"}
2025-08-12 17:25:18,529 INFO  [io.api.tes.ser.api.KafkaSerdesTester] (Thread-624) topic-3c331a6f_4905_416b_aadd_6fd3cb620787 0 9 {"key11755019514955": "value-9"}
2025-08-12 17:25:18,529 INFO  [io.api.tes.ser.api.KafkaSerdesTester] (Thread-624) Consumed 10 messages
2025-08-12 17:25:18,538 INFO  [org.apa.kaf.cli.con.int.ConsumerRebalanceListenerInvoker] (Thread-624) [Consumer clientId=consumer-Consumer-topic-3c331a6f_4905_416b_aadd_6fd3cb620787-4, groupId=Consumer-topic-3c331a6f_4905_416b_aadd_6fd3cb620787] Revoke previously assigned partitions topic-3c331a6f_4905_416b_aadd_6fd3cb620787-0
2025-08-12 17:25:18,538 INFO  [org.apa.kaf.cli.con.int.ConsumerCoordinator] (Thread-624) [Consumer clientId=consumer-Consumer-topic-3c331a6f_4905_416b_aadd_6fd3cb620787-4, groupId=Consumer-topic-3c331a6f_4905_416b_aadd_6fd3cb620787] Member consumer-Consumer-topic-3c331a6f_4905_416b_aadd_6fd3cb620787-4-de4e9b31-e3a2-4ae9-b0a1-bd3fdf40fd39 sending LeaveGroup request to coordinator localhost:32769 (id: 2147483647 rack: null) due to the consumer is being closed
2025-08-12 17:25:18,538 INFO  [org.apa.kaf.cli.con.int.ConsumerCoordinator] (Thread-624) [Consumer clientId=consumer-Consumer-topic-3c331a6f_4905_416b_aadd_6fd3cb620787-4, groupId=Consumer-topic-3c331a6f_4905_416b_aadd_6fd3cb620787] Resetting generation and member id due to: consumer pro-actively leaving the group
2025-08-12 17:25:18,538 INFO  [org.apa.kaf.cli.con.int.ConsumerCoordinator] (Thread-624) [Consumer clientId=consumer-Consumer-topic-3c331a6f_4905_416b_aadd_6fd3cb620787-4, groupId=Consumer-topic-3c331a6f_4905_416b_aadd_6fd3cb620787] Request joining group due to: consumer pro-actively leaving the group
2025-08-12 17:25:19,033 INFO  [org.apa.kaf.com.met.Metrics] (Thread-624) Metrics scheduler closed
2025-08-12 17:25:19,034 INFO  [org.apa.kaf.com.met.Metrics] (Thread-624) Closing reporter org.apache.kafka.common.metrics.JmxReporter
2025-08-12 17:25:19,034 INFO  [org.apa.kaf.com.met.Metrics] (Thread-624) Closing reporter org.apache.kafka.common.telemetry.internals.ClientTelemetryReporter
2025-08-12 17:25:19,034 INFO  [org.apa.kaf.com.met.Metrics] (Thread-624) Metrics reporters closed
2025-08-12 17:25:19,038 INFO  [org.apa.kaf.com.uti.AppInfoParser] (Thread-624) App info kafka.consumer for consumer-Consumer-topic-3c331a6f_4905_416b_aadd_6fd3cb620787-4 unregistered
2025-08-12 17:25:19,120 INFO  [io.api.tes.uti.TestSeparator] (main) io.apicurio.tests.serdes.apicurio.AvroSerdeIT.testTopicIdStrategyAutoRegister-FINISHED
2025-08-12 17:25:19,120 INFO  [io.api.tes.uti.TestSeparator] (main) ############################################################################
Test passed: testTopicIdStrategyAutoRegister
]]></system-out>
  </testcase>
  <testcase name="testRecordIdStrategydFindLatest" classname="io.apicurio.tests.serdes.apicurio.AvroSerdeIT" time="5.014">
    <system-out><![CDATA[2025-08-12 17:25:19,124 INFO  [io.api.tes.uti.TestSeparator] (main) ############################################################################
2025-08-12 17:25:19,124 INFO  [io.api.tes.uti.TestSeparator] (main) io.apicurio.tests.serdes.apicurio.AvroSerdeIT.testRecordIdStrategydFindLatest-STARTED
2025-08-12 17:25:19,125 INFO  [io.api.tes.ser.api.AvroSerdeIT] (main) Registering Avro Schema: {"type":"record","name":"s3e62f61fx6bbax4af4xb90cx69eb2039ffdd","namespace":"s74c72a2bx3b36x4956x8fd2x668e6bd487ed","fields":[{"name":"key11755019519125","type":"string"}]}
**** Registry Base URL: http://registry-app-ksql047.apps.ci419.apicurio-testing.org:80
2025-08-12 17:25:20,250 INFO  [org.apa.kaf.cli.pro.ProducerConfig] (main) ProducerConfig values: 
	acks = -1
	auto.include.jmx.reporter = true
	batch.size = 16384
	bootstrap.servers = [PLAINTEXT://localhost:32769]
	buffer.memory = 33554432
	client.dns.lookup = use_all_dns_ips
	client.id = Producer-topic-9a07001a_3ac3_43f0_87cf_871b3d6c4b10
	compression.gzip.level = -1
	compression.lz4.level = 9
	compression.type = none
	compression.zstd.level = 3
	connections.max.idle.ms = 10000
	delivery.timeout.ms = 120000
	enable.idempotence = true
	enable.metrics.push = true
	interceptor.classes = []
	key.serializer = class org.apache.kafka.common.serialization.StringSerializer
	linger.ms = 0
	max.block.ms = 60000
	max.in.flight.requests.per.connection = 5
	max.request.size = 1048576
	metadata.max.age.ms = 300000
	metadata.max.idle.ms = 300000
	metadata.recovery.strategy = none
	metric.reporters = []
	metrics.num.samples = 2
	metrics.recording.level = INFO
	metrics.sample.window.ms = 30000
	partitioner.adaptive.partitioning.enable = true
	partitioner.availability.timeout.ms = 0
	partitioner.class = null
	partitioner.ignore.keys = false
	receive.buffer.bytes = 32768
	reconnect.backoff.max.ms = 1000
	reconnect.backoff.ms = 50
	request.timeout.ms = 5000
	retries = 2147483647
	retry.backoff.max.ms = 1000
	retry.backoff.ms = 100
	sasl.client.callback.handler.class = null
	sasl.jaas.config = null
	sasl.kerberos.kinit.cmd = /usr/bin/kinit
	sasl.kerberos.min.time.before.relogin = 60000
	sasl.kerberos.service.name = null
	sasl.kerberos.ticket.renew.jitter = 0.05
	sasl.kerberos.ticket.renew.window.factor = 0.8
	sasl.login.callback.handler.class = null
	sasl.login.class = null
	sasl.login.connect.timeout.ms = null
	sasl.login.read.timeout.ms = null
	sasl.login.refresh.buffer.seconds = 300
	sasl.login.refresh.min.period.seconds = 60
	sasl.login.refresh.window.factor = 0.8
	sasl.login.refresh.window.jitter = 0.05
	sasl.login.retry.backoff.max.ms = 10000
	sasl.login.retry.backoff.ms = 100
	sasl.mechanism = GSSAPI
	sasl.oauthbearer.clock.skew.seconds = 30
	sasl.oauthbearer.expected.audience = null
	sasl.oauthbearer.expected.issuer = null
	sasl.oauthbearer.header.urlencode = false
	sasl.oauthbearer.jwks.endpoint.refresh.ms = 3600000
	sasl.oauthbearer.jwks.endpoint.retry.backoff.max.ms = 10000
	sasl.oauthbearer.jwks.endpoint.retry.backoff.ms = 100
	sasl.oauthbearer.jwks.endpoint.url = null
	sasl.oauthbearer.scope.claim.name = scope
	sasl.oauthbearer.sub.claim.name = sub
	sasl.oauthbearer.token.endpoint.url = null
	security.protocol = PLAINTEXT
	security.providers = null
	send.buffer.bytes = 131072
	socket.connection.setup.timeout.max.ms = 30000
	socket.connection.setup.timeout.ms = 10000
	ssl.cipher.suites = null
	ssl.enabled.protocols = [TLSv1.2, TLSv1.3]
	ssl.endpoint.identification.algorithm = https
	ssl.engine.factory.class = null
	ssl.key.password = null
	ssl.keymanager.algorithm = SunX509
	ssl.keystore.certificate.chain = null
	ssl.keystore.key = null
	ssl.keystore.location = null
	ssl.keystore.password = null
	ssl.keystore.type = JKS
	ssl.protocol = TLSv1.3
	ssl.provider = null
	ssl.secure.random.implementation = null
	ssl.trustmanager.algorithm = PKIX
	ssl.truststore.certificates = null
	ssl.truststore.location = null
	ssl.truststore.password = null
	ssl.truststore.type = JKS
	transaction.timeout.ms = 60000
	transactional.id = null
	value.serializer = class io.apicurio.registry.serde.avro.AvroKafkaSerializer

2025-08-12 17:25:20,250 INFO  [org.apa.kaf.com.tel.int.KafkaMetricsCollector] (main) initializing Kafka metrics collector
2025-08-12 17:25:20,254 INFO  [org.apa.kaf.cli.pro.KafkaProducer] (main) [Producer clientId=Producer-topic-9a07001a_3ac3_43f0_87cf_871b3d6c4b10] Instantiated an idempotent producer.
2025-08-12 17:25:20,256 INFO  [org.apa.kaf.cli.pro.ProducerConfig] (main) These configurations '[apicurio.registry.find-latest, apicurio.registry.url, apicurio.registry.artifact-resolver-strategy]' were supplied but are not used yet.
2025-08-12 17:25:20,256 INFO  [org.apa.kaf.com.uti.AppInfoParser] (main) Kafka version: 3.9.1
2025-08-12 17:25:20,256 INFO  [org.apa.kaf.com.uti.AppInfoParser] (main) Kafka commitId: f745dfdcee2b9851
2025-08-12 17:25:20,257 INFO  [org.apa.kaf.com.uti.AppInfoParser] (main) Kafka startTimeMs: 1755019520256
2025-08-12 17:25:20,257 INFO  [io.api.tes.ser.api.SimpleSerdesTesterBuilder$SimpleSerdesTester] (main) Using producer configuration: {apicurio.registry.find-latest=true, apicurio.registry.url=http://registry-app-ksql047.apps.ci419.apicurio-testing.org:80/apis/registry/v3, apicurio.registry.artifact-resolver-strategy=io.apicurio.registry.serde.avro.strategy.RecordIdStrategy, value.serializer=io.apicurio.registry.serde.avro.AvroKafkaSerializer, request.timeout.ms=5000, acks=all, bootstrap.servers=PLAINTEXT://localhost:32769, connections.max.idle.ms=10000, key.serializer=org.apache.kafka.common.serialization.StringSerializer, client.id=Producer-topic-9a07001a_3ac3_43f0_87cf_871b3d6c4b10}
2025-08-12 17:25:20,257 INFO  [io.api.tes.ser.api.SimpleSerdesTesterBuilder$SimpleSerdesTester] (main) Using consumer configuration: {}
2025-08-12 17:25:20,258 INFO  [io.api.tes.ser.api.KafkaSerdesTester] (Thread-627) Sending message {"key11755019519125": "value-0"} to topic topic-9a07001a_3ac3_43f0_87cf_871b3d6c4b10
2025-08-12 17:25:20,262 INFO  [org.apa.kaf.cli.Metadata] (kafka-producer-network-thread | Producer-topic-9a07001a_3ac3_43f0_87cf_871b3d6c4b10) [Producer clientId=Producer-topic-9a07001a_3ac3_43f0_87cf_871b3d6c4b10] Cluster ID: HDV_o9asQruzQakuWK8_NQ
2025-08-12 17:25:20,264 INFO  [org.apa.kaf.cli.pro.int.TransactionManager] (kafka-producer-network-thread | Producer-topic-9a07001a_3ac3_43f0_87cf_871b3d6c4b10) [Producer clientId=Producer-topic-9a07001a_3ac3_43f0_87cf_871b3d6c4b10] ProducerId set to 5 with epoch 0
2025-08-12 17:25:20,421 INFO  [io.api.tes.ser.api.KafkaSerdesTester] (Thread-627) Sending message {"key11755019519125": "value-1"} to topic topic-9a07001a_3ac3_43f0_87cf_871b3d6c4b10
2025-08-12 17:25:20,424 INFO  [io.api.tes.ser.api.KafkaSerdesTester] (Thread-627) Sending message {"key11755019519125": "value-2"} to topic topic-9a07001a_3ac3_43f0_87cf_871b3d6c4b10
2025-08-12 17:25:20,426 INFO  [io.api.tes.ser.api.KafkaSerdesTester] (Thread-627) Sending message {"key11755019519125": "value-3"} to topic topic-9a07001a_3ac3_43f0_87cf_871b3d6c4b10
2025-08-12 17:25:20,429 INFO  [io.api.tes.ser.api.KafkaSerdesTester] (Thread-627) Sending message {"key11755019519125": "value-4"} to topic topic-9a07001a_3ac3_43f0_87cf_871b3d6c4b10
2025-08-12 17:25:20,433 INFO  [io.api.tes.ser.api.KafkaSerdesTester] (Thread-627) Sending message {"key11755019519125": "value-5"} to topic topic-9a07001a_3ac3_43f0_87cf_871b3d6c4b10
2025-08-12 17:25:20,436 INFO  [io.api.tes.ser.api.KafkaSerdesTester] (Thread-627) Sending message {"key11755019519125": "value-6"} to topic topic-9a07001a_3ac3_43f0_87cf_871b3d6c4b10
2025-08-12 17:25:20,438 INFO  [io.api.tes.ser.api.KafkaSerdesTester] (Thread-627) Sending message {"key11755019519125": "value-7"} to topic topic-9a07001a_3ac3_43f0_87cf_871b3d6c4b10
2025-08-12 17:25:20,440 INFO  [io.api.tes.ser.api.KafkaSerdesTester] (Thread-627) Sending message {"key11755019519125": "value-8"} to topic topic-9a07001a_3ac3_43f0_87cf_871b3d6c4b10
2025-08-12 17:25:20,442 INFO  [io.api.tes.ser.api.KafkaSerdesTester] (Thread-627) Sending message {"key11755019519125": "value-9"} to topic topic-9a07001a_3ac3_43f0_87cf_871b3d6c4b10
2025-08-12 17:25:20,444 INFO  [io.api.tes.ser.api.KafkaSerdesTester] (Thread-627) Produced 10 messages
2025-08-12 17:25:20,444 INFO  [org.apa.kaf.cli.pro.KafkaProducer] (Thread-627) [Producer clientId=Producer-topic-9a07001a_3ac3_43f0_87cf_871b3d6c4b10] Closing the Kafka producer with timeoutMillis = 9223372036854775807 ms.
2025-08-12 17:25:20,447 INFO  [org.apa.kaf.com.met.Metrics] (Thread-627) Metrics scheduler closed
2025-08-12 17:25:20,447 INFO  [org.apa.kaf.com.met.Metrics] (Thread-627) Closing reporter org.apache.kafka.common.metrics.JmxReporter
2025-08-12 17:25:20,447 INFO  [org.apa.kaf.com.met.Metrics] (Thread-627) Closing reporter org.apache.kafka.common.telemetry.internals.ClientTelemetryReporter
2025-08-12 17:25:20,447 INFO  [org.apa.kaf.com.met.Metrics] (Thread-627) Metrics reporters closed
2025-08-12 17:25:20,447 INFO  [org.apa.kaf.com.uti.AppInfoParser] (Thread-627) App info kafka.producer for Producer-topic-9a07001a_3ac3_43f0_87cf_871b3d6c4b10 unregistered
**** Registry Base URL: http://registry-app-ksql047.apps.ci419.apicurio-testing.org:80
2025-08-12 17:25:20,448 INFO  [org.apa.kaf.cli.con.ConsumerConfig] (main) ConsumerConfig values: 
	allow.auto.create.topics = true
	auto.commit.interval.ms = 500
	auto.include.jmx.reporter = true
	auto.offset.reset = earliest
	bootstrap.servers = [PLAINTEXT://localhost:32769]
	check.crcs = true
	client.dns.lookup = use_all_dns_ips
	client.id = consumer-Consumer-topic-9a07001a_3ac3_43f0_87cf_871b3d6c4b10-5
	client.rack = 
	connections.max.idle.ms = 10000
	default.api.timeout.ms = 60000
	enable.auto.commit = true
	enable.metrics.push = true
	exclude.internal.topics = true
	fetch.max.bytes = 52428800
	fetch.max.wait.ms = 500
	fetch.min.bytes = 1
	group.id = Consumer-topic-9a07001a_3ac3_43f0_87cf_871b3d6c4b10
	group.instance.id = null
	group.protocol = classic
	group.remote.assignor = null
	heartbeat.interval.ms = 3000
	interceptor.classes = []
	internal.leave.group.on.close = true
	internal.throw.on.fetch.stable.offset.unsupported = false
	isolation.level = read_uncommitted
	key.deserializer = class org.apache.kafka.common.serialization.StringDeserializer
	max.partition.fetch.bytes = 1048576
	max.poll.interval.ms = 300000
	max.poll.records = 500
	metadata.max.age.ms = 300000
	metadata.recovery.strategy = none
	metric.reporters = []
	metrics.num.samples = 2
	metrics.recording.level = INFO
	metrics.sample.window.ms = 30000
	partition.assignment.strategy = [class org.apache.kafka.clients.consumer.RangeAssignor, class org.apache.kafka.clients.consumer.CooperativeStickyAssignor]
	receive.buffer.bytes = 65536
	reconnect.backoff.max.ms = 1000
	reconnect.backoff.ms = 50
	request.timeout.ms = 5000
	retry.backoff.max.ms = 1000
	retry.backoff.ms = 100
	sasl.client.callback.handler.class = null
	sasl.jaas.config = null
	sasl.kerberos.kinit.cmd = /usr/bin/kinit
	sasl.kerberos.min.time.before.relogin = 60000
	sasl.kerberos.service.name = null
	sasl.kerberos.ticket.renew.jitter = 0.05
	sasl.kerberos.ticket.renew.window.factor = 0.8
	sasl.login.callback.handler.class = null
	sasl.login.class = null
	sasl.login.connect.timeout.ms = null
	sasl.login.read.timeout.ms = null
	sasl.login.refresh.buffer.seconds = 300
	sasl.login.refresh.min.period.seconds = 60
	sasl.login.refresh.window.factor = 0.8
	sasl.login.refresh.window.jitter = 0.05
	sasl.login.retry.backoff.max.ms = 10000
	sasl.login.retry.backoff.ms = 100
	sasl.mechanism = GSSAPI
	sasl.oauthbearer.clock.skew.seconds = 30
	sasl.oauthbearer.expected.audience = null
	sasl.oauthbearer.expected.issuer = null
	sasl.oauthbearer.header.urlencode = false
	sasl.oauthbearer.jwks.endpoint.refresh.ms = 3600000
	sasl.oauthbearer.jwks.endpoint.retry.backoff.max.ms = 10000
	sasl.oauthbearer.jwks.endpoint.retry.backoff.ms = 100
	sasl.oauthbearer.jwks.endpoint.url = null
	sasl.oauthbearer.scope.claim.name = scope
	sasl.oauthbearer.sub.claim.name = sub
	sasl.oauthbearer.token.endpoint.url = null
	security.protocol = PLAINTEXT
	security.providers = null
	send.buffer.bytes = 131072
	session.timeout.ms = 45000
	socket.connection.setup.timeout.max.ms = 30000
	socket.connection.setup.timeout.ms = 10000
	ssl.cipher.suites = null
	ssl.enabled.protocols = [TLSv1.2, TLSv1.3]
	ssl.endpoint.identification.algorithm = https
	ssl.engine.factory.class = null
	ssl.key.password = null
	ssl.keymanager.algorithm = SunX509
	ssl.keystore.certificate.chain = null
	ssl.keystore.key = null
	ssl.keystore.location = null
	ssl.keystore.password = null
	ssl.keystore.type = JKS
	ssl.protocol = TLSv1.3
	ssl.provider = null
	ssl.secure.random.implementation = null
	ssl.trustmanager.algorithm = PKIX
	ssl.truststore.certificates = null
	ssl.truststore.location = null
	ssl.truststore.password = null
	ssl.truststore.type = JKS
	value.deserializer = class io.apicurio.registry.serde.avro.AvroKafkaDeserializer

2025-08-12 17:25:20,449 INFO  [org.apa.kaf.com.tel.int.KafkaMetricsCollector] (main) initializing Kafka metrics collector
2025-08-12 17:25:20,458 INFO  [org.apa.kaf.cli.con.ConsumerConfig] (main) These configurations '[apicurio.registry.url]' were supplied but are not used yet.
2025-08-12 17:25:20,458 INFO  [org.apa.kaf.com.uti.AppInfoParser] (main) Kafka version: 3.9.1
2025-08-12 17:25:20,458 INFO  [org.apa.kaf.com.uti.AppInfoParser] (main) Kafka commitId: f745dfdcee2b9851
2025-08-12 17:25:20,458 INFO  [org.apa.kaf.com.uti.AppInfoParser] (main) Kafka startTimeMs: 1755019520458
2025-08-12 17:25:20,458 INFO  [org.apa.kaf.cli.con.int.ClassicKafkaConsumer] (Thread-630) [Consumer clientId=consumer-Consumer-topic-9a07001a_3ac3_43f0_87cf_871b3d6c4b10-5, groupId=Consumer-topic-9a07001a_3ac3_43f0_87cf_871b3d6c4b10] Subscribed to topic(s): topic-9a07001a_3ac3_43f0_87cf_871b3d6c4b10
2025-08-12 17:25:20,467 INFO  [org.apa.kaf.cli.Metadata] (Thread-630) [Consumer clientId=consumer-Consumer-topic-9a07001a_3ac3_43f0_87cf_871b3d6c4b10-5, groupId=Consumer-topic-9a07001a_3ac3_43f0_87cf_871b3d6c4b10] Cluster ID: HDV_o9asQruzQakuWK8_NQ
2025-08-12 17:25:20,474 INFO  [org.apa.kaf.cli.con.int.ConsumerCoordinator] (Thread-630) [Consumer clientId=consumer-Consumer-topic-9a07001a_3ac3_43f0_87cf_871b3d6c4b10-5, groupId=Consumer-topic-9a07001a_3ac3_43f0_87cf_871b3d6c4b10] Discovered group coordinator localhost:32769 (id: 2147483647 rack: null)
2025-08-12 17:25:20,476 INFO  [org.apa.kaf.cli.con.int.ConsumerCoordinator] (Thread-630) [Consumer clientId=consumer-Consumer-topic-9a07001a_3ac3_43f0_87cf_871b3d6c4b10-5, groupId=Consumer-topic-9a07001a_3ac3_43f0_87cf_871b3d6c4b10] (Re-)joining group
2025-08-12 17:25:20,481 INFO  [org.apa.kaf.cli.con.int.ConsumerCoordinator] (Thread-630) [Consumer clientId=consumer-Consumer-topic-9a07001a_3ac3_43f0_87cf_871b3d6c4b10-5, groupId=Consumer-topic-9a07001a_3ac3_43f0_87cf_871b3d6c4b10] Request joining group due to: need to re-join with the given member-id: consumer-Consumer-topic-9a07001a_3ac3_43f0_87cf_871b3d6c4b10-5-babcbb99-6412-4562-999a-714ff1a9969b
2025-08-12 17:25:20,481 INFO  [org.apa.kaf.cli.con.int.ConsumerCoordinator] (Thread-630) [Consumer clientId=consumer-Consumer-topic-9a07001a_3ac3_43f0_87cf_871b3d6c4b10-5, groupId=Consumer-topic-9a07001a_3ac3_43f0_87cf_871b3d6c4b10] (Re-)joining group
2025-08-12 17:25:21,459 INFO  [io.api.tes.ser.api.KafkaSerdesTester] (Thread-630) None found
2025-08-12 17:25:22,460 INFO  [io.api.tes.ser.api.KafkaSerdesTester] (Thread-630) None found
2025-08-12 17:25:23,460 INFO  [io.api.tes.ser.api.KafkaSerdesTester] (Thread-630) None found
2025-08-12 17:25:23,484 INFO  [org.apa.kaf.cli.con.int.ConsumerCoordinator] (Thread-630) [Consumer clientId=consumer-Consumer-topic-9a07001a_3ac3_43f0_87cf_871b3d6c4b10-5, groupId=Consumer-topic-9a07001a_3ac3_43f0_87cf_871b3d6c4b10] Successfully joined group with generation Generation{generationId=1, memberId='consumer-Consumer-topic-9a07001a_3ac3_43f0_87cf_871b3d6c4b10-5-babcbb99-6412-4562-999a-714ff1a9969b', protocol='range'}
2025-08-12 17:25:23,484 INFO  [org.apa.kaf.cli.con.int.ConsumerCoordinator] (Thread-630) [Consumer clientId=consumer-Consumer-topic-9a07001a_3ac3_43f0_87cf_871b3d6c4b10-5, groupId=Consumer-topic-9a07001a_3ac3_43f0_87cf_871b3d6c4b10] Finished assignment for group at generation 1: {consumer-Consumer-topic-9a07001a_3ac3_43f0_87cf_871b3d6c4b10-5-babcbb99-6412-4562-999a-714ff1a9969b=Assignment(partitions=[topic-9a07001a_3ac3_43f0_87cf_871b3d6c4b10-0])}
2025-08-12 17:25:23,491 INFO  [org.apa.kaf.cli.con.int.ConsumerCoordinator] (Thread-630) [Consumer clientId=consumer-Consumer-topic-9a07001a_3ac3_43f0_87cf_871b3d6c4b10-5, groupId=Consumer-topic-9a07001a_3ac3_43f0_87cf_871b3d6c4b10] Successfully synced group in generation Generation{generationId=1, memberId='consumer-Consumer-topic-9a07001a_3ac3_43f0_87cf_871b3d6c4b10-5-babcbb99-6412-4562-999a-714ff1a9969b', protocol='range'}
2025-08-12 17:25:23,492 INFO  [org.apa.kaf.cli.con.int.ConsumerCoordinator] (Thread-630) [Consumer clientId=consumer-Consumer-topic-9a07001a_3ac3_43f0_87cf_871b3d6c4b10-5, groupId=Consumer-topic-9a07001a_3ac3_43f0_87cf_871b3d6c4b10] Notifying assignor about the new Assignment(partitions=[topic-9a07001a_3ac3_43f0_87cf_871b3d6c4b10-0])
2025-08-12 17:25:23,492 INFO  [org.apa.kaf.cli.con.int.ConsumerRebalanceListenerInvoker] (Thread-630) [Consumer clientId=consumer-Consumer-topic-9a07001a_3ac3_43f0_87cf_871b3d6c4b10-5, groupId=Consumer-topic-9a07001a_3ac3_43f0_87cf_871b3d6c4b10] Adding newly assigned partitions: topic-9a07001a_3ac3_43f0_87cf_871b3d6c4b10-0
2025-08-12 17:25:23,493 INFO  [org.apa.kaf.cli.con.int.ConsumerCoordinator] (Thread-630) [Consumer clientId=consumer-Consumer-topic-9a07001a_3ac3_43f0_87cf_871b3d6c4b10-5, groupId=Consumer-topic-9a07001a_3ac3_43f0_87cf_871b3d6c4b10] Found no committed offset for partition topic-9a07001a_3ac3_43f0_87cf_871b3d6c4b10-0
2025-08-12 17:25:23,500 INFO  [org.apa.kaf.cli.con.int.SubscriptionState] (Thread-630) [Consumer clientId=consumer-Consumer-topic-9a07001a_3ac3_43f0_87cf_871b3d6c4b10-5, groupId=Consumer-topic-9a07001a_3ac3_43f0_87cf_871b3d6c4b10] Resetting offset for partition topic-9a07001a_3ac3_43f0_87cf_871b3d6c4b10-0 to position FetchPosition{offset=0, offsetEpoch=Optional.empty, currentLeader=LeaderAndEpoch{leader=Optional[localhost:32769 (id: 0 rack: null)], epoch=0}}.
2025-08-12 17:25:23,627 INFO  [io.api.tes.ser.api.KafkaSerdesTester] (Thread-630) topic-9a07001a_3ac3_43f0_87cf_871b3d6c4b10 0 0 {"key11755019519125": "value-0"}
2025-08-12 17:25:23,628 INFO  [io.api.tes.ser.api.KafkaSerdesTester] (Thread-630) topic-9a07001a_3ac3_43f0_87cf_871b3d6c4b10 0 1 {"key11755019519125": "value-1"}
2025-08-12 17:25:23,628 INFO  [io.api.tes.ser.api.KafkaSerdesTester] (Thread-630) topic-9a07001a_3ac3_43f0_87cf_871b3d6c4b10 0 2 {"key11755019519125": "value-2"}
2025-08-12 17:25:23,628 INFO  [io.api.tes.ser.api.KafkaSerdesTester] (Thread-630) topic-9a07001a_3ac3_43f0_87cf_871b3d6c4b10 0 3 {"key11755019519125": "value-3"}
2025-08-12 17:25:23,628 INFO  [io.api.tes.ser.api.KafkaSerdesTester] (Thread-630) topic-9a07001a_3ac3_43f0_87cf_871b3d6c4b10 0 4 {"key11755019519125": "value-4"}
2025-08-12 17:25:23,628 INFO  [io.api.tes.ser.api.KafkaSerdesTester] (Thread-630) topic-9a07001a_3ac3_43f0_87cf_871b3d6c4b10 0 5 {"key11755019519125": "value-5"}
2025-08-12 17:25:23,628 INFO  [io.api.tes.ser.api.KafkaSerdesTester] (Thread-630) topic-9a07001a_3ac3_43f0_87cf_871b3d6c4b10 0 6 {"key11755019519125": "value-6"}
2025-08-12 17:25:23,628 INFO  [io.api.tes.ser.api.KafkaSerdesTester] (Thread-630) topic-9a07001a_3ac3_43f0_87cf_871b3d6c4b10 0 7 {"key11755019519125": "value-7"}
2025-08-12 17:25:23,628 INFO  [io.api.tes.ser.api.KafkaSerdesTester] (Thread-630) topic-9a07001a_3ac3_43f0_87cf_871b3d6c4b10 0 8 {"key11755019519125": "value-8"}
2025-08-12 17:25:23,628 INFO  [io.api.tes.ser.api.KafkaSerdesTester] (Thread-630) topic-9a07001a_3ac3_43f0_87cf_871b3d6c4b10 0 9 {"key11755019519125": "value-9"}
2025-08-12 17:25:23,628 INFO  [io.api.tes.ser.api.KafkaSerdesTester] (Thread-630) Consumed 10 messages
2025-08-12 17:25:23,635 INFO  [org.apa.kaf.cli.con.int.ConsumerRebalanceListenerInvoker] (Thread-630) [Consumer clientId=consumer-Consumer-topic-9a07001a_3ac3_43f0_87cf_871b3d6c4b10-5, groupId=Consumer-topic-9a07001a_3ac3_43f0_87cf_871b3d6c4b10] Revoke previously assigned partitions topic-9a07001a_3ac3_43f0_87cf_871b3d6c4b10-0
2025-08-12 17:25:23,636 INFO  [org.apa.kaf.cli.con.int.ConsumerCoordinator] (Thread-630) [Consumer clientId=consumer-Consumer-topic-9a07001a_3ac3_43f0_87cf_871b3d6c4b10-5, groupId=Consumer-topic-9a07001a_3ac3_43f0_87cf_871b3d6c4b10] Member consumer-Consumer-topic-9a07001a_3ac3_43f0_87cf_871b3d6c4b10-5-babcbb99-6412-4562-999a-714ff1a9969b sending LeaveGroup request to coordinator localhost:32769 (id: 2147483647 rack: null) due to the consumer is being closed
2025-08-12 17:25:23,636 INFO  [org.apa.kaf.cli.con.int.ConsumerCoordinator] (Thread-630) [Consumer clientId=consumer-Consumer-topic-9a07001a_3ac3_43f0_87cf_871b3d6c4b10-5, groupId=Consumer-topic-9a07001a_3ac3_43f0_87cf_871b3d6c4b10] Resetting generation and member id due to: consumer pro-actively leaving the group
2025-08-12 17:25:23,636 INFO  [org.apa.kaf.cli.con.int.ConsumerCoordinator] (Thread-630) [Consumer clientId=consumer-Consumer-topic-9a07001a_3ac3_43f0_87cf_871b3d6c4b10-5, groupId=Consumer-topic-9a07001a_3ac3_43f0_87cf_871b3d6c4b10] Request joining group due to: consumer pro-actively leaving the group
2025-08-12 17:25:24,131 INFO  [org.apa.kaf.com.met.Metrics] (Thread-630) Metrics scheduler closed
2025-08-12 17:25:24,132 INFO  [org.apa.kaf.com.met.Metrics] (Thread-630) Closing reporter org.apache.kafka.common.metrics.JmxReporter
2025-08-12 17:25:24,132 INFO  [org.apa.kaf.com.met.Metrics] (Thread-630) Closing reporter org.apache.kafka.common.telemetry.internals.ClientTelemetryReporter
2025-08-12 17:25:24,132 INFO  [org.apa.kaf.com.met.Metrics] (Thread-630) Metrics reporters closed
2025-08-12 17:25:24,134 INFO  [org.apa.kaf.com.uti.AppInfoParser] (Thread-630) App info kafka.consumer for consumer-Consumer-topic-9a07001a_3ac3_43f0_87cf_871b3d6c4b10-5 unregistered
2025-08-12 17:25:24,135 INFO  [io.api.tes.uti.TestSeparator] (main) io.apicurio.tests.serdes.apicurio.AvroSerdeIT.testRecordIdStrategydFindLatest-FINISHED
2025-08-12 17:25:24,135 INFO  [io.api.tes.uti.TestSeparator] (main) ############################################################################
Test passed: testRecordIdStrategydFindLatest
]]></system-out>
  </testcase>
  <testcase name="testReflectAutoRegister" classname="io.apicurio.tests.serdes.apicurio.AvroSerdeIT" time="4.076">
    <system-out><![CDATA[2025-08-12 17:25:24,138 INFO  [io.api.tes.uti.TestSeparator] (main) ############################################################################
2025-08-12 17:25:24,138 INFO  [io.api.tes.uti.TestSeparator] (main) io.apicurio.tests.serdes.apicurio.AvroSerdeIT.testReflectAutoRegister-STARTED
**** Registry Base URL: http://registry-app-ksql047.apps.ci419.apicurio-testing.org:80
2025-08-12 17:25:24,142 INFO  [org.apa.kaf.cli.pro.ProducerConfig] (main) ProducerConfig values: 
	acks = -1
	auto.include.jmx.reporter = true
	batch.size = 16384
	bootstrap.servers = [PLAINTEXT://localhost:32769]
	buffer.memory = 33554432
	client.dns.lookup = use_all_dns_ips
	client.id = Producer-topic-fc6b526b_56e3_44cb_bdd1_984306d89be1
	compression.gzip.level = -1
	compression.lz4.level = 9
	compression.type = none
	compression.zstd.level = 3
	connections.max.idle.ms = 10000
	delivery.timeout.ms = 120000
	enable.idempotence = true
	enable.metrics.push = true
	interceptor.classes = []
	key.serializer = class org.apache.kafka.common.serialization.StringSerializer
	linger.ms = 0
	max.block.ms = 60000
	max.in.flight.requests.per.connection = 5
	max.request.size = 1048576
	metadata.max.age.ms = 300000
	metadata.max.idle.ms = 300000
	metadata.recovery.strategy = none
	metric.reporters = []
	metrics.num.samples = 2
	metrics.recording.level = INFO
	metrics.sample.window.ms = 30000
	partitioner.adaptive.partitioning.enable = true
	partitioner.availability.timeout.ms = 0
	partitioner.class = null
	partitioner.ignore.keys = false
	receive.buffer.bytes = 32768
	reconnect.backoff.max.ms = 1000
	reconnect.backoff.ms = 50
	request.timeout.ms = 5000
	retries = 2147483647
	retry.backoff.max.ms = 1000
	retry.backoff.ms = 100
	sasl.client.callback.handler.class = null
	sasl.jaas.config = null
	sasl.kerberos.kinit.cmd = /usr/bin/kinit
	sasl.kerberos.min.time.before.relogin = 60000
	sasl.kerberos.service.name = null
	sasl.kerberos.ticket.renew.jitter = 0.05
	sasl.kerberos.ticket.renew.window.factor = 0.8
	sasl.login.callback.handler.class = null
	sasl.login.class = null
	sasl.login.connect.timeout.ms = null
	sasl.login.read.timeout.ms = null
	sasl.login.refresh.buffer.seconds = 300
	sasl.login.refresh.min.period.seconds = 60
	sasl.login.refresh.window.factor = 0.8
	sasl.login.refresh.window.jitter = 0.05
	sasl.login.retry.backoff.max.ms = 10000
	sasl.login.retry.backoff.ms = 100
	sasl.mechanism = GSSAPI
	sasl.oauthbearer.clock.skew.seconds = 30
	sasl.oauthbearer.expected.audience = null
	sasl.oauthbearer.expected.issuer = null
	sasl.oauthbearer.header.urlencode = false
	sasl.oauthbearer.jwks.endpoint.refresh.ms = 3600000
	sasl.oauthbearer.jwks.endpoint.retry.backoff.max.ms = 10000
	sasl.oauthbearer.jwks.endpoint.retry.backoff.ms = 100
	sasl.oauthbearer.jwks.endpoint.url = null
	sasl.oauthbearer.scope.claim.name = scope
	sasl.oauthbearer.sub.claim.name = sub
	sasl.oauthbearer.token.endpoint.url = null
	security.protocol = PLAINTEXT
	security.providers = null
	send.buffer.bytes = 131072
	socket.connection.setup.timeout.max.ms = 30000
	socket.connection.setup.timeout.ms = 10000
	ssl.cipher.suites = null
	ssl.enabled.protocols = [TLSv1.2, TLSv1.3]
	ssl.endpoint.identification.algorithm = https
	ssl.engine.factory.class = null
	ssl.key.password = null
	ssl.keymanager.algorithm = SunX509
	ssl.keystore.certificate.chain = null
	ssl.keystore.key = null
	ssl.keystore.location = null
	ssl.keystore.password = null
	ssl.keystore.type = JKS
	ssl.protocol = TLSv1.3
	ssl.provider = null
	ssl.secure.random.implementation = null
	ssl.trustmanager.algorithm = PKIX
	ssl.truststore.certificates = null
	ssl.truststore.location = null
	ssl.truststore.password = null
	ssl.truststore.type = JKS
	transaction.timeout.ms = 60000
	transactional.id = null
	value.serializer = class io.apicurio.registry.serde.avro.AvroKafkaSerializer

2025-08-12 17:25:24,143 INFO  [org.apa.kaf.com.tel.int.KafkaMetricsCollector] (main) initializing Kafka metrics collector
2025-08-12 17:25:24,157 INFO  [org.apa.kaf.cli.pro.KafkaProducer] (main) [Producer clientId=Producer-topic-fc6b526b_56e3_44cb_bdd1_984306d89be1] Instantiated an idempotent producer.
2025-08-12 17:25:24,159 INFO  [org.apa.kaf.cli.pro.ProducerConfig] (main) These configurations '[apicurio.registry.url, apicurio.registry.auto-register, apicurio.registry.artifact-resolver-strategy, apicurio.registry.avro-datum-provider]' were supplied but are not used yet.
2025-08-12 17:25:24,159 INFO  [org.apa.kaf.com.uti.AppInfoParser] (main) Kafka version: 3.9.1
2025-08-12 17:25:24,159 INFO  [org.apa.kaf.com.uti.AppInfoParser] (main) Kafka commitId: f745dfdcee2b9851
2025-08-12 17:25:24,161 INFO  [org.apa.kaf.com.uti.AppInfoParser] (main) Kafka startTimeMs: 1755019524159
2025-08-12 17:25:24,161 INFO  [io.api.tes.ser.api.SimpleSerdesTesterBuilder$SimpleSerdesTester] (main) Using producer configuration: {apicurio.registry.url=http://registry-app-ksql047.apps.ci419.apicurio-testing.org:80/apis/registry/v3, apicurio.registry.auto-register=true, apicurio.registry.artifact-resolver-strategy=io.apicurio.registry.serde.strategy.TopicIdStrategy, value.serializer=io.apicurio.registry.serde.avro.AvroKafkaSerializer, request.timeout.ms=5000, acks=all, bootstrap.servers=PLAINTEXT://localhost:32769, connections.max.idle.ms=10000, key.serializer=org.apache.kafka.common.serialization.StringSerializer, apicurio.registry.avro-datum-provider=io.apicurio.registry.serde.avro.ReflectAvroDatumProvider, client.id=Producer-topic-fc6b526b_56e3_44cb_bdd1_984306d89be1}
2025-08-12 17:25:24,161 INFO  [io.api.tes.ser.api.SimpleSerdesTesterBuilder$SimpleSerdesTester] (main) Using consumer configuration: {apicurio.registry.avro-datum-provider=io.apicurio.registry.serde.avro.ReflectAvroDatumProvider}
2025-08-12 17:25:24,164 INFO  [io.api.tes.ser.api.KafkaSerdesTester] (Thread-633) Sending message io.apicurio.tests.common.serdes.TestObject@3dbd29cb to topic topic-fc6b526b_56e3_44cb_bdd1_984306d89be1
2025-08-12 17:25:24,169 WARN  [org.apa.kaf.cli.NetworkClient] (kafka-producer-network-thread | Producer-topic-fc6b526b_56e3_44cb_bdd1_984306d89be1) [Producer clientId=Producer-topic-fc6b526b_56e3_44cb_bdd1_984306d89be1] The metadata response from the cluster reported a recoverable issue with correlation id 1 : {topic-fc6b526b_56e3_44cb_bdd1_984306d89be1=UNKNOWN_TOPIC_OR_PARTITION}
2025-08-12 17:25:24,169 INFO  [org.apa.kaf.cli.Metadata] (kafka-producer-network-thread | Producer-topic-fc6b526b_56e3_44cb_bdd1_984306d89be1) [Producer clientId=Producer-topic-fc6b526b_56e3_44cb_bdd1_984306d89be1] Cluster ID: HDV_o9asQruzQakuWK8_NQ
2025-08-12 17:25:24,169 INFO  [org.apa.kaf.cli.pro.int.TransactionManager] (kafka-producer-network-thread | Producer-topic-fc6b526b_56e3_44cb_bdd1_984306d89be1) [Producer clientId=Producer-topic-fc6b526b_56e3_44cb_bdd1_984306d89be1] ProducerId set to 6 with epoch 0
2025-08-12 17:25:24,424 INFO  [io.api.tes.ser.api.KafkaSerdesTester] (Thread-633) Sending message io.apicurio.tests.common.serdes.TestObject@3dbd29cb to topic topic-fc6b526b_56e3_44cb_bdd1_984306d89be1
2025-08-12 17:25:24,428 INFO  [io.api.tes.ser.api.KafkaSerdesTester] (Thread-633) Sending message io.apicurio.tests.common.serdes.TestObject@3dbd29cb to topic topic-fc6b526b_56e3_44cb_bdd1_984306d89be1
2025-08-12 17:25:24,431 INFO  [io.api.tes.ser.api.KafkaSerdesTester] (Thread-633) Sending message io.apicurio.tests.common.serdes.TestObject@3dbd29cb to topic topic-fc6b526b_56e3_44cb_bdd1_984306d89be1
2025-08-12 17:25:24,432 INFO  [io.api.tes.ser.api.KafkaSerdesTester] (Thread-633) Sending message io.apicurio.tests.common.serdes.TestObject@3dbd29cb to topic topic-fc6b526b_56e3_44cb_bdd1_984306d89be1
2025-08-12 17:25:24,434 INFO  [io.api.tes.ser.api.KafkaSerdesTester] (Thread-633) Sending message io.apicurio.tests.common.serdes.TestObject@3dbd29cb to topic topic-fc6b526b_56e3_44cb_bdd1_984306d89be1
2025-08-12 17:25:24,436 INFO  [io.api.tes.ser.api.KafkaSerdesTester] (Thread-633) Sending message io.apicurio.tests.common.serdes.TestObject@3dbd29cb to topic topic-fc6b526b_56e3_44cb_bdd1_984306d89be1
2025-08-12 17:25:24,440 INFO  [io.api.tes.ser.api.KafkaSerdesTester] (Thread-633) Sending message io.apicurio.tests.common.serdes.TestObject@3dbd29cb to topic topic-fc6b526b_56e3_44cb_bdd1_984306d89be1
2025-08-12 17:25:24,443 INFO  [io.api.tes.ser.api.KafkaSerdesTester] (Thread-633) Sending message io.apicurio.tests.common.serdes.TestObject@3dbd29cb to topic topic-fc6b526b_56e3_44cb_bdd1_984306d89be1
2025-08-12 17:25:24,447 INFO  [io.api.tes.ser.api.KafkaSerdesTester] (Thread-633) Sending message io.apicurio.tests.common.serdes.TestObject@3dbd29cb to topic topic-fc6b526b_56e3_44cb_bdd1_984306d89be1
2025-08-12 17:25:24,449 INFO  [io.api.tes.ser.api.KafkaSerdesTester] (Thread-633) Produced 10 messages
2025-08-12 17:25:24,449 INFO  [org.apa.kaf.cli.pro.KafkaProducer] (Thread-633) [Producer clientId=Producer-topic-fc6b526b_56e3_44cb_bdd1_984306d89be1] Closing the Kafka producer with timeoutMillis = 9223372036854775807 ms.
2025-08-12 17:25:24,454 INFO  [org.apa.kaf.com.met.Metrics] (Thread-633) Metrics scheduler closed
2025-08-12 17:25:24,454 INFO  [org.apa.kaf.com.met.Metrics] (Thread-633) Closing reporter org.apache.kafka.common.metrics.JmxReporter
2025-08-12 17:25:24,454 INFO  [org.apa.kaf.com.met.Metrics] (Thread-633) Closing reporter org.apache.kafka.common.telemetry.internals.ClientTelemetryReporter
2025-08-12 17:25:24,454 INFO  [org.apa.kaf.com.met.Metrics] (Thread-633) Metrics reporters closed
2025-08-12 17:25:24,454 INFO  [org.apa.kaf.com.uti.AppInfoParser] (Thread-633) App info kafka.producer for Producer-topic-fc6b526b_56e3_44cb_bdd1_984306d89be1 unregistered
**** Registry Base URL: http://registry-app-ksql047.apps.ci419.apicurio-testing.org:80
2025-08-12 17:25:24,545 INFO  [org.apa.kaf.cli.con.ConsumerConfig] (main) ConsumerConfig values: 
	allow.auto.create.topics = true
	auto.commit.interval.ms = 500
	auto.include.jmx.reporter = true
	auto.offset.reset = earliest
	bootstrap.servers = [PLAINTEXT://localhost:32769]
	check.crcs = true
	client.dns.lookup = use_all_dns_ips
	client.id = consumer-Consumer-topic-fc6b526b_56e3_44cb_bdd1_984306d89be1-6
	client.rack = 
	connections.max.idle.ms = 10000
	default.api.timeout.ms = 60000
	enable.auto.commit = true
	enable.metrics.push = true
	exclude.internal.topics = true
	fetch.max.bytes = 52428800
	fetch.max.wait.ms = 500
	fetch.min.bytes = 1
	group.id = Consumer-topic-fc6b526b_56e3_44cb_bdd1_984306d89be1
	group.instance.id = null
	group.protocol = classic
	group.remote.assignor = null
	heartbeat.interval.ms = 3000
	interceptor.classes = []
	internal.leave.group.on.close = true
	internal.throw.on.fetch.stable.offset.unsupported = false
	isolation.level = read_uncommitted
	key.deserializer = class org.apache.kafka.common.serialization.StringDeserializer
	max.partition.fetch.bytes = 1048576
	max.poll.interval.ms = 300000
	max.poll.records = 500
	metadata.max.age.ms = 300000
	metadata.recovery.strategy = none
	metric.reporters = []
	metrics.num.samples = 2
	metrics.recording.level = INFO
	metrics.sample.window.ms = 30000
	partition.assignment.strategy = [class org.apache.kafka.clients.consumer.RangeAssignor, class org.apache.kafka.clients.consumer.CooperativeStickyAssignor]
	receive.buffer.bytes = 65536
	reconnect.backoff.max.ms = 1000
	reconnect.backoff.ms = 50
	request.timeout.ms = 5000
	retry.backoff.max.ms = 1000
	retry.backoff.ms = 100
	sasl.client.callback.handler.class = null
	sasl.jaas.config = null
	sasl.kerberos.kinit.cmd = /usr/bin/kinit
	sasl.kerberos.min.time.before.relogin = 60000
	sasl.kerberos.service.name = null
	sasl.kerberos.ticket.renew.jitter = 0.05
	sasl.kerberos.ticket.renew.window.factor = 0.8
	sasl.login.callback.handler.class = null
	sasl.login.class = null
	sasl.login.connect.timeout.ms = null
	sasl.login.read.timeout.ms = null
	sasl.login.refresh.buffer.seconds = 300
	sasl.login.refresh.min.period.seconds = 60
	sasl.login.refresh.window.factor = 0.8
	sasl.login.refresh.window.jitter = 0.05
	sasl.login.retry.backoff.max.ms = 10000
	sasl.login.retry.backoff.ms = 100
	sasl.mechanism = GSSAPI
	sasl.oauthbearer.clock.skew.seconds = 30
	sasl.oauthbearer.expected.audience = null
	sasl.oauthbearer.expected.issuer = null
	sasl.oauthbearer.header.urlencode = false
	sasl.oauthbearer.jwks.endpoint.refresh.ms = 3600000
	sasl.oauthbearer.jwks.endpoint.retry.backoff.max.ms = 10000
	sasl.oauthbearer.jwks.endpoint.retry.backoff.ms = 100
	sasl.oauthbearer.jwks.endpoint.url = null
	sasl.oauthbearer.scope.claim.name = scope
	sasl.oauthbearer.sub.claim.name = sub
	sasl.oauthbearer.token.endpoint.url = null
	security.protocol = PLAINTEXT
	security.providers = null
	send.buffer.bytes = 131072
	session.timeout.ms = 45000
	socket.connection.setup.timeout.max.ms = 30000
	socket.connection.setup.timeout.ms = 10000
	ssl.cipher.suites = null
	ssl.enabled.protocols = [TLSv1.2, TLSv1.3]
	ssl.endpoint.identification.algorithm = https
	ssl.engine.factory.class = null
	ssl.key.password = null
	ssl.keymanager.algorithm = SunX509
	ssl.keystore.certificate.chain = null
	ssl.keystore.key = null
	ssl.keystore.location = null
	ssl.keystore.password = null
	ssl.keystore.type = JKS
	ssl.protocol = TLSv1.3
	ssl.provider = null
	ssl.secure.random.implementation = null
	ssl.trustmanager.algorithm = PKIX
	ssl.truststore.certificates = null
	ssl.truststore.location = null
	ssl.truststore.password = null
	ssl.truststore.type = JKS
	value.deserializer = class io.apicurio.registry.serde.avro.AvroKafkaDeserializer

2025-08-12 17:25:24,545 INFO  [org.apa.kaf.com.tel.int.KafkaMetricsCollector] (main) initializing Kafka metrics collector
2025-08-12 17:25:24,553 INFO  [org.apa.kaf.cli.con.ConsumerConfig] (main) These configurations '[apicurio.registry.url, apicurio.registry.avro-datum-provider]' were supplied but are not used yet.
2025-08-12 17:25:24,553 INFO  [org.apa.kaf.com.uti.AppInfoParser] (main) Kafka version: 3.9.1
2025-08-12 17:25:24,553 INFO  [org.apa.kaf.com.uti.AppInfoParser] (main) Kafka commitId: f745dfdcee2b9851
2025-08-12 17:25:24,553 INFO  [org.apa.kaf.com.uti.AppInfoParser] (main) Kafka startTimeMs: 1755019524553
2025-08-12 17:25:24,554 INFO  [org.apa.kaf.cli.con.int.ClassicKafkaConsumer] (Thread-636) [Consumer clientId=consumer-Consumer-topic-fc6b526b_56e3_44cb_bdd1_984306d89be1-6, groupId=Consumer-topic-fc6b526b_56e3_44cb_bdd1_984306d89be1] Subscribed to topic(s): topic-fc6b526b_56e3_44cb_bdd1_984306d89be1
2025-08-12 17:25:24,560 INFO  [org.apa.kaf.cli.Metadata] (Thread-636) [Consumer clientId=consumer-Consumer-topic-fc6b526b_56e3_44cb_bdd1_984306d89be1-6, groupId=Consumer-topic-fc6b526b_56e3_44cb_bdd1_984306d89be1] Cluster ID: HDV_o9asQruzQakuWK8_NQ
2025-08-12 17:25:24,561 INFO  [org.apa.kaf.cli.con.int.ConsumerCoordinator] (Thread-636) [Consumer clientId=consumer-Consumer-topic-fc6b526b_56e3_44cb_bdd1_984306d89be1-6, groupId=Consumer-topic-fc6b526b_56e3_44cb_bdd1_984306d89be1] Discovered group coordinator localhost:32769 (id: 2147483647 rack: null)
2025-08-12 17:25:24,563 INFO  [org.apa.kaf.cli.con.int.ConsumerCoordinator] (Thread-636) [Consumer clientId=consumer-Consumer-topic-fc6b526b_56e3_44cb_bdd1_984306d89be1-6, groupId=Consumer-topic-fc6b526b_56e3_44cb_bdd1_984306d89be1] (Re-)joining group
2025-08-12 17:25:24,566 INFO  [org.apa.kaf.cli.con.int.ConsumerCoordinator] (Thread-636) [Consumer clientId=consumer-Consumer-topic-fc6b526b_56e3_44cb_bdd1_984306d89be1-6, groupId=Consumer-topic-fc6b526b_56e3_44cb_bdd1_984306d89be1] Request joining group due to: need to re-join with the given member-id: consumer-Consumer-topic-fc6b526b_56e3_44cb_bdd1_984306d89be1-6-a22d6adc-06e2-42c4-ba90-b841b95d7e73
2025-08-12 17:25:24,567 INFO  [org.apa.kaf.cli.con.int.ConsumerCoordinator] (Thread-636) [Consumer clientId=consumer-Consumer-topic-fc6b526b_56e3_44cb_bdd1_984306d89be1-6, groupId=Consumer-topic-fc6b526b_56e3_44cb_bdd1_984306d89be1] (Re-)joining group
2025-08-12 17:25:25,554 INFO  [io.api.tes.ser.api.KafkaSerdesTester] (Thread-636) None found
2025-08-12 17:25:26,555 INFO  [io.api.tes.ser.api.KafkaSerdesTester] (Thread-636) None found
2025-08-12 17:25:27,555 INFO  [io.api.tes.ser.api.KafkaSerdesTester] (Thread-636) None found
2025-08-12 17:25:27,569 INFO  [org.apa.kaf.cli.con.int.ConsumerCoordinator] (Thread-636) [Consumer clientId=consumer-Consumer-topic-fc6b526b_56e3_44cb_bdd1_984306d89be1-6, groupId=Consumer-topic-fc6b526b_56e3_44cb_bdd1_984306d89be1] Successfully joined group with generation Generation{generationId=1, memberId='consumer-Consumer-topic-fc6b526b_56e3_44cb_bdd1_984306d89be1-6-a22d6adc-06e2-42c4-ba90-b841b95d7e73', protocol='range'}
2025-08-12 17:25:27,569 INFO  [org.apa.kaf.cli.con.int.ConsumerCoordinator] (Thread-636) [Consumer clientId=consumer-Consumer-topic-fc6b526b_56e3_44cb_bdd1_984306d89be1-6, groupId=Consumer-topic-fc6b526b_56e3_44cb_bdd1_984306d89be1] Finished assignment for group at generation 1: {consumer-Consumer-topic-fc6b526b_56e3_44cb_bdd1_984306d89be1-6-a22d6adc-06e2-42c4-ba90-b841b95d7e73=Assignment(partitions=[topic-fc6b526b_56e3_44cb_bdd1_984306d89be1-0])}
2025-08-12 17:25:27,577 INFO  [org.apa.kaf.cli.con.int.ConsumerCoordinator] (Thread-636) [Consumer clientId=consumer-Consumer-topic-fc6b526b_56e3_44cb_bdd1_984306d89be1-6, groupId=Consumer-topic-fc6b526b_56e3_44cb_bdd1_984306d89be1] Successfully synced group in generation Generation{generationId=1, memberId='consumer-Consumer-topic-fc6b526b_56e3_44cb_bdd1_984306d89be1-6-a22d6adc-06e2-42c4-ba90-b841b95d7e73', protocol='range'}
2025-08-12 17:25:27,577 INFO  [org.apa.kaf.cli.con.int.ConsumerCoordinator] (Thread-636) [Consumer clientId=consumer-Consumer-topic-fc6b526b_56e3_44cb_bdd1_984306d89be1-6, groupId=Consumer-topic-fc6b526b_56e3_44cb_bdd1_984306d89be1] Notifying assignor about the new Assignment(partitions=[topic-fc6b526b_56e3_44cb_bdd1_984306d89be1-0])
2025-08-12 17:25:27,577 INFO  [org.apa.kaf.cli.con.int.ConsumerRebalanceListenerInvoker] (Thread-636) [Consumer clientId=consumer-Consumer-topic-fc6b526b_56e3_44cb_bdd1_984306d89be1-6, groupId=Consumer-topic-fc6b526b_56e3_44cb_bdd1_984306d89be1] Adding newly assigned partitions: topic-fc6b526b_56e3_44cb_bdd1_984306d89be1-0
2025-08-12 17:25:27,578 INFO  [org.apa.kaf.cli.con.int.ConsumerCoordinator] (Thread-636) [Consumer clientId=consumer-Consumer-topic-fc6b526b_56e3_44cb_bdd1_984306d89be1-6, groupId=Consumer-topic-fc6b526b_56e3_44cb_bdd1_984306d89be1] Found no committed offset for partition topic-fc6b526b_56e3_44cb_bdd1_984306d89be1-0
2025-08-12 17:25:27,582 INFO  [org.apa.kaf.cli.con.int.SubscriptionState] (Thread-636) [Consumer clientId=consumer-Consumer-topic-fc6b526b_56e3_44cb_bdd1_984306d89be1-6, groupId=Consumer-topic-fc6b526b_56e3_44cb_bdd1_984306d89be1] Resetting offset for partition topic-fc6b526b_56e3_44cb_bdd1_984306d89be1-0 to position FetchPosition{offset=0, offsetEpoch=Optional.empty, currentLeader=LeaderAndEpoch{leader=Optional[localhost:32769 (id: 0 rack: null)], epoch=0}}.
2025-08-12 17:25:27,704 INFO  [io.api.tes.ser.api.KafkaSerdesTester] (Thread-636) topic-fc6b526b_56e3_44cb_bdd1_984306d89be1 0 0 io.apicurio.tests.common.serdes.TestObject@3dbd29cb
2025-08-12 17:25:27,704 INFO  [io.api.tes.ser.api.KafkaSerdesTester] (Thread-636) topic-fc6b526b_56e3_44cb_bdd1_984306d89be1 0 1 io.apicurio.tests.common.serdes.TestObject@3dbd29cb
2025-08-12 17:25:27,704 INFO  [io.api.tes.ser.api.KafkaSerdesTester] (Thread-636) topic-fc6b526b_56e3_44cb_bdd1_984306d89be1 0 2 io.apicurio.tests.common.serdes.TestObject@3dbd29cb
2025-08-12 17:25:27,704 INFO  [io.api.tes.ser.api.KafkaSerdesTester] (Thread-636) topic-fc6b526b_56e3_44cb_bdd1_984306d89be1 0 3 io.apicurio.tests.common.serdes.TestObject@3dbd29cb
2025-08-12 17:25:27,704 INFO  [io.api.tes.ser.api.KafkaSerdesTester] (Thread-636) topic-fc6b526b_56e3_44cb_bdd1_984306d89be1 0 4 io.apicurio.tests.common.serdes.TestObject@3dbd29cb
2025-08-12 17:25:27,704 INFO  [io.api.tes.ser.api.KafkaSerdesTester] (Thread-636) topic-fc6b526b_56e3_44cb_bdd1_984306d89be1 0 5 io.apicurio.tests.common.serdes.TestObject@3dbd29cb
2025-08-12 17:25:27,704 INFO  [io.api.tes.ser.api.KafkaSerdesTester] (Thread-636) topic-fc6b526b_56e3_44cb_bdd1_984306d89be1 0 6 io.apicurio.tests.common.serdes.TestObject@3dbd29cb
2025-08-12 17:25:27,704 INFO  [io.api.tes.ser.api.KafkaSerdesTester] (Thread-636) topic-fc6b526b_56e3_44cb_bdd1_984306d89be1 0 7 io.apicurio.tests.common.serdes.TestObject@3dbd29cb
2025-08-12 17:25:27,704 INFO  [io.api.tes.ser.api.KafkaSerdesTester] (Thread-636) topic-fc6b526b_56e3_44cb_bdd1_984306d89be1 0 8 io.apicurio.tests.common.serdes.TestObject@3dbd29cb
2025-08-12 17:25:27,704 INFO  [io.api.tes.ser.api.KafkaSerdesTester] (Thread-636) topic-fc6b526b_56e3_44cb_bdd1_984306d89be1 0 9 io.apicurio.tests.common.serdes.TestObject@3dbd29cb
2025-08-12 17:25:27,705 INFO  [io.api.tes.ser.api.KafkaSerdesTester] (Thread-636) Consumed 10 messages
2025-08-12 17:25:27,712 INFO  [org.apa.kaf.cli.con.int.ConsumerRebalanceListenerInvoker] (Thread-636) [Consumer clientId=consumer-Consumer-topic-fc6b526b_56e3_44cb_bdd1_984306d89be1-6, groupId=Consumer-topic-fc6b526b_56e3_44cb_bdd1_984306d89be1] Revoke previously assigned partitions topic-fc6b526b_56e3_44cb_bdd1_984306d89be1-0
2025-08-12 17:25:27,712 INFO  [org.apa.kaf.cli.con.int.ConsumerCoordinator] (Thread-636) [Consumer clientId=consumer-Consumer-topic-fc6b526b_56e3_44cb_bdd1_984306d89be1-6, groupId=Consumer-topic-fc6b526b_56e3_44cb_bdd1_984306d89be1] Member consumer-Consumer-topic-fc6b526b_56e3_44cb_bdd1_984306d89be1-6-a22d6adc-06e2-42c4-ba90-b841b95d7e73 sending LeaveGroup request to coordinator localhost:32769 (id: 2147483647 rack: null) due to the consumer is being closed
2025-08-12 17:25:27,712 INFO  [org.apa.kaf.cli.con.int.ConsumerCoordinator] (Thread-636) [Consumer clientId=consumer-Consumer-topic-fc6b526b_56e3_44cb_bdd1_984306d89be1-6, groupId=Consumer-topic-fc6b526b_56e3_44cb_bdd1_984306d89be1] Resetting generation and member id due to: consumer pro-actively leaving the group
2025-08-12 17:25:27,712 INFO  [org.apa.kaf.cli.con.int.ConsumerCoordinator] (Thread-636) [Consumer clientId=consumer-Consumer-topic-fc6b526b_56e3_44cb_bdd1_984306d89be1-6, groupId=Consumer-topic-fc6b526b_56e3_44cb_bdd1_984306d89be1] Request joining group due to: consumer pro-actively leaving the group
2025-08-12 17:25:28,208 INFO  [org.apa.kaf.com.met.Metrics] (Thread-636) Metrics scheduler closed
2025-08-12 17:25:28,208 INFO  [org.apa.kaf.com.met.Metrics] (Thread-636) Closing reporter org.apache.kafka.common.metrics.JmxReporter
2025-08-12 17:25:28,208 INFO  [org.apa.kaf.com.met.Metrics] (Thread-636) Closing reporter org.apache.kafka.common.telemetry.internals.ClientTelemetryReporter
2025-08-12 17:25:28,208 INFO  [org.apa.kaf.com.met.Metrics] (Thread-636) Metrics reporters closed
2025-08-12 17:25:28,211 INFO  [org.apa.kaf.com.uti.AppInfoParser] (Thread-636) App info kafka.consumer for consumer-Consumer-topic-fc6b526b_56e3_44cb_bdd1_984306d89be1-6 unregistered
2025-08-12 17:25:28,212 INFO  [io.api.tes.uti.TestSeparator] (main) io.apicurio.tests.serdes.apicurio.AvroSerdeIT.testReflectAutoRegister-FINISHED
2025-08-12 17:25:28,212 INFO  [io.api.tes.uti.TestSeparator] (main) ############################################################################
Test passed: testReflectAutoRegister
]]></system-out>
  </testcase>
  <testcase name="testArtifactNotFound" classname="io.apicurio.tests.serdes.apicurio.AvroSerdeIT" time="0.283">
    <system-out><![CDATA[2025-08-12 17:25:28,215 INFO  [io.api.tes.uti.TestSeparator] (main) ############################################################################
2025-08-12 17:25:28,215 INFO  [io.api.tes.uti.TestSeparator] (main) io.apicurio.tests.serdes.apicurio.AvroSerdeIT.testArtifactNotFound-STARTED
**** Registry Base URL: http://registry-app-ksql047.apps.ci419.apicurio-testing.org:80
2025-08-12 17:25:28,217 INFO  [org.apa.kaf.cli.pro.ProducerConfig] (main) ProducerConfig values: 
	acks = -1
	auto.include.jmx.reporter = true
	batch.size = 16384
	bootstrap.servers = [PLAINTEXT://localhost:32769]
	buffer.memory = 33554432
	client.dns.lookup = use_all_dns_ips
	client.id = Producer-sad2156b7x64e1x4634xb8ffxf4a4c33bf39e
	compression.gzip.level = -1
	compression.lz4.level = 9
	compression.type = none
	compression.zstd.level = 3
	connections.max.idle.ms = 10000
	delivery.timeout.ms = 120000
	enable.idempotence = true
	enable.metrics.push = true
	interceptor.classes = []
	key.serializer = class org.apache.kafka.common.serialization.StringSerializer
	linger.ms = 0
	max.block.ms = 60000
	max.in.flight.requests.per.connection = 5
	max.request.size = 1048576
	metadata.max.age.ms = 300000
	metadata.max.idle.ms = 300000
	metadata.recovery.strategy = none
	metric.reporters = []
	metrics.num.samples = 2
	metrics.recording.level = INFO
	metrics.sample.window.ms = 30000
	partitioner.adaptive.partitioning.enable = true
	partitioner.availability.timeout.ms = 0
	partitioner.class = null
	partitioner.ignore.keys = false
	receive.buffer.bytes = 32768
	reconnect.backoff.max.ms = 1000
	reconnect.backoff.ms = 50
	request.timeout.ms = 5000
	retries = 2147483647
	retry.backoff.max.ms = 1000
	retry.backoff.ms = 100
	sasl.client.callback.handler.class = null
	sasl.jaas.config = null
	sasl.kerberos.kinit.cmd = /usr/bin/kinit
	sasl.kerberos.min.time.before.relogin = 60000
	sasl.kerberos.service.name = null
	sasl.kerberos.ticket.renew.jitter = 0.05
	sasl.kerberos.ticket.renew.window.factor = 0.8
	sasl.login.callback.handler.class = null
	sasl.login.class = null
	sasl.login.connect.timeout.ms = null
	sasl.login.read.timeout.ms = null
	sasl.login.refresh.buffer.seconds = 300
	sasl.login.refresh.min.period.seconds = 60
	sasl.login.refresh.window.factor = 0.8
	sasl.login.refresh.window.jitter = 0.05
	sasl.login.retry.backoff.max.ms = 10000
	sasl.login.retry.backoff.ms = 100
	sasl.mechanism = GSSAPI
	sasl.oauthbearer.clock.skew.seconds = 30
	sasl.oauthbearer.expected.audience = null
	sasl.oauthbearer.expected.issuer = null
	sasl.oauthbearer.header.urlencode = false
	sasl.oauthbearer.jwks.endpoint.refresh.ms = 3600000
	sasl.oauthbearer.jwks.endpoint.retry.backoff.max.ms = 10000
	sasl.oauthbearer.jwks.endpoint.retry.backoff.ms = 100
	sasl.oauthbearer.jwks.endpoint.url = null
	sasl.oauthbearer.scope.claim.name = scope
	sasl.oauthbearer.sub.claim.name = sub
	sasl.oauthbearer.token.endpoint.url = null
	security.protocol = PLAINTEXT
	security.providers = null
	send.buffer.bytes = 131072
	socket.connection.setup.timeout.max.ms = 30000
	socket.connection.setup.timeout.ms = 10000
	ssl.cipher.suites = null
	ssl.enabled.protocols = [TLSv1.2, TLSv1.3]
	ssl.endpoint.identification.algorithm = https
	ssl.engine.factory.class = null
	ssl.key.password = null
	ssl.keymanager.algorithm = SunX509
	ssl.keystore.certificate.chain = null
	ssl.keystore.key = null
	ssl.keystore.location = null
	ssl.keystore.password = null
	ssl.keystore.type = JKS
	ssl.protocol = TLSv1.3
	ssl.provider = null
	ssl.secure.random.implementation = null
	ssl.trustmanager.algorithm = PKIX
	ssl.truststore.certificates = null
	ssl.truststore.location = null
	ssl.truststore.password = null
	ssl.truststore.type = JKS
	transaction.timeout.ms = 60000
	transactional.id = null
	value.serializer = class io.apicurio.registry.serde.avro.AvroKafkaSerializer

2025-08-12 17:25:28,217 INFO  [org.apa.kaf.com.tel.int.KafkaMetricsCollector] (main) initializing Kafka metrics collector
2025-08-12 17:25:28,221 INFO  [org.apa.kaf.cli.pro.KafkaProducer] (main) [Producer clientId=Producer-sad2156b7x64e1x4634xb8ffxf4a4c33bf39e] Instantiated an idempotent producer.
2025-08-12 17:25:28,224 INFO  [org.apa.kaf.cli.pro.ProducerConfig] (main) These configurations '[apicurio.registry.url, apicurio.registry.artifact-resolver-strategy]' were supplied but are not used yet.
2025-08-12 17:25:28,224 INFO  [org.apa.kaf.com.uti.AppInfoParser] (main) Kafka version: 3.9.1
2025-08-12 17:25:28,224 INFO  [org.apa.kaf.com.uti.AppInfoParser] (main) Kafka commitId: f745dfdcee2b9851
2025-08-12 17:25:28,224 INFO  [org.apa.kaf.com.uti.AppInfoParser] (main) Kafka startTimeMs: 1755019528224
2025-08-12 17:25:28,226 INFO  [io.api.tes.ser.api.KafkaSerdesTester] (Thread-639) Sending message {"keyB": "value-0"} to topic sad2156b7x64e1x4634xb8ffxf4a4c33bf39e
2025-08-12 17:25:28,233 WARN  [org.apa.kaf.cli.NetworkClient] (kafka-producer-network-thread | Producer-sad2156b7x64e1x4634xb8ffxf4a4c33bf39e) [Producer clientId=Producer-sad2156b7x64e1x4634xb8ffxf4a4c33bf39e] The metadata response from the cluster reported a recoverable issue with correlation id 1 : {sad2156b7x64e1x4634xb8ffxf4a4c33bf39e=UNKNOWN_TOPIC_OR_PARTITION}
2025-08-12 17:25:28,233 INFO  [org.apa.kaf.cli.Metadata] (kafka-producer-network-thread | Producer-sad2156b7x64e1x4634xb8ffxf4a4c33bf39e) [Producer clientId=Producer-sad2156b7x64e1x4634xb8ffxf4a4c33bf39e] Cluster ID: HDV_o9asQruzQakuWK8_NQ
2025-08-12 17:25:28,234 INFO  [org.apa.kaf.cli.pro.int.TransactionManager] (kafka-producer-network-thread | Producer-sad2156b7x64e1x4634xb8ffxf4a4c33bf39e) [Producer clientId=Producer-sad2156b7x64e1x4634xb8ffxf4a4c33bf39e] ProducerId set to 7 with epoch 0
2025-08-12 17:25:28,357 INFO  [DefaultSchemaResolver] (Thread-639) Retrieving schema content using string: {"type":"record","name":"myrecord","namespace":"mygroup","fields":[{"name":"keyB","type":"string"}]}
2025-08-12 17:25:28,492 INFO  [org.apa.kaf.cli.pro.KafkaProducer] (Thread-639) [Producer clientId=Producer-sad2156b7x64e1x4634xb8ffxf4a4c33bf39e] Closing the Kafka producer with timeoutMillis = 9223372036854775807 ms.
2025-08-12 17:25:28,495 INFO  [org.apa.kaf.com.met.Metrics] (Thread-639) Metrics scheduler closed
2025-08-12 17:25:28,495 INFO  [org.apa.kaf.com.met.Metrics] (Thread-639) Closing reporter org.apache.kafka.common.metrics.JmxReporter
2025-08-12 17:25:28,495 INFO  [org.apa.kaf.com.met.Metrics] (Thread-639) Closing reporter org.apache.kafka.common.telemetry.internals.ClientTelemetryReporter
2025-08-12 17:25:28,495 INFO  [org.apa.kaf.com.met.Metrics] (Thread-639) Metrics reporters closed
2025-08-12 17:25:28,496 INFO  [org.apa.kaf.com.uti.AppInfoParser] (Thread-639) App info kafka.producer for Producer-sad2156b7x64e1x4634xb8ffxf4a4c33bf39e unregistered
2025-08-12 17:25:28,496 INFO  [io.api.tes.uti.TestSeparator] (main) io.apicurio.tests.serdes.apicurio.AvroSerdeIT.testArtifactNotFound-FINISHED
2025-08-12 17:25:28,496 INFO  [io.api.tes.uti.TestSeparator] (main) ############################################################################
Test passed: testArtifactNotFound
]]></system-out>
    <system-err><![CDATA[java.lang.RuntimeException: Could not resolve artifact reference by content: {"type":"record","name":"myrecord","namespace":"mygroup","fields":[{"name":"keyB","type":"string"}]}&ArtifactReference [groupId=default, artifactId=sad2156b7x64e1x4634xb8ffxf4a4c33bf39e-value, version=null, globalId=null, contentId=null, contentHash=null]
	at io.apicurio.registry.resolver.DefaultSchemaResolver.lambda$handleResolveSchemaByContent$3(DefaultSchemaResolver.java:265)
	at io.apicurio.registry.resolver.cache.ERCache.lambda$getValue$0(ERCache.java:174)
	at io.apicurio.registry.resolver.cache.ERCache.retry(ERCache.java:227)
	at io.apicurio.registry.resolver.cache.ERCache.getValue(ERCache.java:173)
	at io.apicurio.registry.resolver.cache.ERCache.getByContent(ERCache.java:147)
	at io.apicurio.registry.resolver.DefaultSchemaResolver.handleResolveSchemaByContent(DefaultSchemaResolver.java:253)
	at io.apicurio.registry.resolver.DefaultSchemaResolver.getSchemaFromRegistry(DefaultSchemaResolver.java:138)
	at io.apicurio.registry.resolver.DefaultSchemaResolver.lambda$resolveSchema$0(DefaultSchemaResolver.java:84)
	at java.base/java.util.Optional.orElseGet(Optional.java:364)
	at io.apicurio.registry.resolver.DefaultSchemaResolver.resolveSchema(DefaultSchemaResolver.java:84)
	at io.apicurio.registry.serde.AbstractSerializer.serializeData(AbstractSerializer.java:62)
	at io.apicurio.registry.serde.KafkaSerializer.serialize(KafkaSerializer.java:77)
	at org.apache.kafka.clients.producer.KafkaProducer.doSend(KafkaProducer.java:1046)
	at org.apache.kafka.clients.producer.KafkaProducer.send(KafkaProducer.java:993)
	at org.apache.kafka.clients.producer.KafkaProducer.send(KafkaProducer.java:875)
	at io.apicurio.tests.serdes.apicurio.KafkaSerdesTester.lambda$produceMessages$3(KafkaSerdesTester.java:138)
	at java.base/java.util.concurrent.CompletableFuture$AsyncSupply.run(CompletableFuture.java:1768)
	at java.base/java.lang.Thread.run(Thread.java:840)
]]></system-err>
  </testcase>
  <testcase name="testAvroSerDesFailDifferentSchemaByRecordName" classname="io.apicurio.tests.serdes.apicurio.AvroSerdeIT" time="1.239">
    <system-out><![CDATA[2025-08-12 17:25:28,497 INFO  [io.api.tes.uti.TestSeparator] (main) ############################################################################
2025-08-12 17:25:28,497 INFO  [io.api.tes.uti.TestSeparator] (main) io.apicurio.tests.serdes.apicurio.AvroSerdeIT.testAvroSerDesFailDifferentSchemaByRecordName-STARTED
**** Registry Base URL: http://registry-app-ksql047.apps.ci419.apicurio-testing.org:80
2025-08-12 17:25:29,629 INFO  [org.apa.kaf.cli.pro.ProducerConfig] (main) ProducerConfig values: 
	acks = -1
	auto.include.jmx.reporter = true
	batch.size = 16384
	bootstrap.servers = [PLAINTEXT://localhost:32769]
	buffer.memory = 33554432
	client.dns.lookup = use_all_dns_ips
	client.id = Producer-topic-41a68984_9c5d_404c_8e8d_9882e93149a2
	compression.gzip.level = -1
	compression.lz4.level = 9
	compression.type = none
	compression.zstd.level = 3
	connections.max.idle.ms = 10000
	delivery.timeout.ms = 120000
	enable.idempotence = true
	enable.metrics.push = true
	interceptor.classes = []
	key.serializer = class org.apache.kafka.common.serialization.StringSerializer
	linger.ms = 0
	max.block.ms = 60000
	max.in.flight.requests.per.connection = 5
	max.request.size = 1048576
	metadata.max.age.ms = 300000
	metadata.max.idle.ms = 300000
	metadata.recovery.strategy = none
	metric.reporters = []
	metrics.num.samples = 2
	metrics.recording.level = INFO
	metrics.sample.window.ms = 30000
	partitioner.adaptive.partitioning.enable = true
	partitioner.availability.timeout.ms = 0
	partitioner.class = null
	partitioner.ignore.keys = false
	receive.buffer.bytes = 32768
	reconnect.backoff.max.ms = 1000
	reconnect.backoff.ms = 50
	request.timeout.ms = 5000
	retries = 2147483647
	retry.backoff.max.ms = 1000
	retry.backoff.ms = 100
	sasl.client.callback.handler.class = null
	sasl.jaas.config = null
	sasl.kerberos.kinit.cmd = /usr/bin/kinit
	sasl.kerberos.min.time.before.relogin = 60000
	sasl.kerberos.service.name = null
	sasl.kerberos.ticket.renew.jitter = 0.05
	sasl.kerberos.ticket.renew.window.factor = 0.8
	sasl.login.callback.handler.class = null
	sasl.login.class = null
	sasl.login.connect.timeout.ms = null
	sasl.login.read.timeout.ms = null
	sasl.login.refresh.buffer.seconds = 300
	sasl.login.refresh.min.period.seconds = 60
	sasl.login.refresh.window.factor = 0.8
	sasl.login.refresh.window.jitter = 0.05
	sasl.login.retry.backoff.max.ms = 10000
	sasl.login.retry.backoff.ms = 100
	sasl.mechanism = GSSAPI
	sasl.oauthbearer.clock.skew.seconds = 30
	sasl.oauthbearer.expected.audience = null
	sasl.oauthbearer.expected.issuer = null
	sasl.oauthbearer.header.urlencode = false
	sasl.oauthbearer.jwks.endpoint.refresh.ms = 3600000
	sasl.oauthbearer.jwks.endpoint.retry.backoff.max.ms = 10000
	sasl.oauthbearer.jwks.endpoint.retry.backoff.ms = 100
	sasl.oauthbearer.jwks.endpoint.url = null
	sasl.oauthbearer.scope.claim.name = scope
	sasl.oauthbearer.sub.claim.name = sub
	sasl.oauthbearer.token.endpoint.url = null
	security.protocol = PLAINTEXT
	security.providers = null
	send.buffer.bytes = 131072
	socket.connection.setup.timeout.max.ms = 30000
	socket.connection.setup.timeout.ms = 10000
	ssl.cipher.suites = null
	ssl.enabled.protocols = [TLSv1.2, TLSv1.3]
	ssl.endpoint.identification.algorithm = https
	ssl.engine.factory.class = null
	ssl.key.password = null
	ssl.keymanager.algorithm = SunX509
	ssl.keystore.certificate.chain = null
	ssl.keystore.key = null
	ssl.keystore.location = null
	ssl.keystore.password = null
	ssl.keystore.type = JKS
	ssl.protocol = TLSv1.3
	ssl.provider = null
	ssl.secure.random.implementation = null
	ssl.trustmanager.algorithm = PKIX
	ssl.truststore.certificates = null
	ssl.truststore.location = null
	ssl.truststore.password = null
	ssl.truststore.type = JKS
	transaction.timeout.ms = 60000
	transactional.id = null
	value.serializer = class io.apicurio.registry.serde.avro.AvroKafkaSerializer

2025-08-12 17:25:29,631 INFO  [org.apa.kaf.com.tel.int.KafkaMetricsCollector] (main) initializing Kafka metrics collector
2025-08-12 17:25:29,640 INFO  [org.apa.kaf.cli.pro.KafkaProducer] (main) [Producer clientId=Producer-topic-41a68984_9c5d_404c_8e8d_9882e93149a2] Instantiated an idempotent producer.
2025-08-12 17:25:29,643 INFO  [org.apa.kaf.cli.pro.ProducerConfig] (main) These configurations '[apicurio.registry.find-latest, apicurio.registry.url, apicurio.registry.artifact-resolver-strategy]' were supplied but are not used yet.
2025-08-12 17:25:29,643 INFO  [org.apa.kaf.com.uti.AppInfoParser] (main) Kafka version: 3.9.1
2025-08-12 17:25:29,643 INFO  [org.apa.kaf.com.uti.AppInfoParser] (main) Kafka commitId: f745dfdcee2b9851
2025-08-12 17:25:29,643 INFO  [org.apa.kaf.com.uti.AppInfoParser] (main) Kafka startTimeMs: 1755019529643
2025-08-12 17:25:29,646 INFO  [io.api.tes.ser.api.KafkaSerdesTester] (Thread-642) Sending message {"keyB": "value-0"} to topic topic-41a68984_9c5d_404c_8e8d_9882e93149a2
2025-08-12 17:25:29,655 INFO  [org.apa.kaf.cli.Metadata] (kafka-producer-network-thread | Producer-topic-41a68984_9c5d_404c_8e8d_9882e93149a2) [Producer clientId=Producer-topic-41a68984_9c5d_404c_8e8d_9882e93149a2] Cluster ID: HDV_o9asQruzQakuWK8_NQ
2025-08-12 17:25:29,655 INFO  [org.apa.kaf.cli.pro.int.TransactionManager] (kafka-producer-network-thread | Producer-topic-41a68984_9c5d_404c_8e8d_9882e93149a2) [Producer clientId=Producer-topic-41a68984_9c5d_404c_8e8d_9882e93149a2] ProducerId set to 8 with epoch 0
2025-08-12 17:25:29,733 INFO  [org.apa.kaf.cli.pro.KafkaProducer] (Thread-642) [Producer clientId=Producer-topic-41a68984_9c5d_404c_8e8d_9882e93149a2] Closing the Kafka producer with timeoutMillis = 9223372036854775807 ms.
2025-08-12 17:25:29,735 INFO  [org.apa.kaf.com.met.Metrics] (Thread-642) Metrics scheduler closed
2025-08-12 17:25:29,735 INFO  [org.apa.kaf.com.met.Metrics] (Thread-642) Closing reporter org.apache.kafka.common.metrics.JmxReporter
2025-08-12 17:25:29,735 INFO  [org.apa.kaf.com.met.Metrics] (Thread-642) Closing reporter org.apache.kafka.common.telemetry.internals.ClientTelemetryReporter
2025-08-12 17:25:29,735 INFO  [org.apa.kaf.com.met.Metrics] (Thread-642) Metrics reporters closed
2025-08-12 17:25:29,735 INFO  [org.apa.kaf.com.uti.AppInfoParser] (Thread-642) App info kafka.producer for Producer-topic-41a68984_9c5d_404c_8e8d_9882e93149a2 unregistered
2025-08-12 17:25:29,736 INFO  [io.api.tes.uti.TestSeparator] (main) io.apicurio.tests.serdes.apicurio.AvroSerdeIT.testAvroSerDesFailDifferentSchemaByRecordName-FINISHED
2025-08-12 17:25:29,736 INFO  [io.api.tes.uti.TestSeparator] (main) ############################################################################
Test passed: testAvroSerDesFailDifferentSchemaByRecordName
]]></system-out>
    <system-err><![CDATA[io.apicurio.registry.rest.client.models.ProblemDetails
	at io.apicurio.registry.rest.client.models.ProblemDetails.createFromDiscriminatorValue(ProblemDetails.java:58)
	at io.kiota.serialization.json.JsonParseNode.getObjectValue(JsonParseNode.java:247)
	at io.kiota.http.vertx.VertXRequestAdapter.lambda$throwIfFailedResponse$0(VertXRequestAdapter.java:400)
	at com.microsoft.kiota.ApiExceptionBuilder.<init>(ApiExceptionBuilder.java:26)
	at io.kiota.http.vertx.VertXRequestAdapter.throwIfFailedResponse(VertXRequestAdapter.java:399)
	at io.kiota.http.vertx.VertXRequestAdapter.send(VertXRequestAdapter.java:170)
	at io.apicurio.registry.rest.client.groups.item.artifacts.item.versions.item.WithVersionExpressionItemRequestBuilder.get(WithVersionExpressionItemRequestBuilder.java:128)
	at io.apicurio.registry.rest.client.groups.item.artifacts.item.versions.item.WithVersionExpressionItemRequestBuilder.get(WithVersionExpressionItemRequestBuilder.java:111)
	at io.apicurio.registry.resolver.client.RegistryClientFacadeImpl.getVersionCoordinatesByGAV(RegistryClientFacadeImpl.java:159)
	at io.apicurio.registry.resolver.DefaultSchemaResolver.resolveByCoordinates(DefaultSchemaResolver.java:352)
	at io.apicurio.registry.resolver.DefaultSchemaResolver.lambda$resolveSchemaByArtifactReferenceCached$6(DefaultSchemaResolver.java:340)
	at io.apicurio.registry.resolver.cache.ERCache.lambda$getValue$0(ERCache.java:174)
	at io.apicurio.registry.resolver.cache.ERCache.retry(ERCache.java:227)
	at io.apicurio.registry.resolver.cache.ERCache.getValue(ERCache.java:173)
	at io.apicurio.registry.resolver.cache.ERCache.getByArtifactCoordinates(ERCache.java:158)
	at io.apicurio.registry.resolver.DefaultSchemaResolver.resolveSchemaByArtifactReferenceCached(DefaultSchemaResolver.java:338)
	at io.apicurio.registry.resolver.DefaultSchemaResolver.resolveSchemaByCoordinates(DefaultSchemaResolver.java:193)
	at io.apicurio.registry.resolver.DefaultSchemaResolver.getSchemaFromRegistry(DefaultSchemaResolver.java:130)
	at io.apicurio.registry.resolver.DefaultSchemaResolver.lambda$resolveSchema$0(DefaultSchemaResolver.java:84)
	at java.base/java.util.Optional.orElseGet(Optional.java:364)
	at io.apicurio.registry.resolver.DefaultSchemaResolver.resolveSchema(DefaultSchemaResolver.java:84)
	at io.apicurio.registry.serde.AbstractSerializer.serializeData(AbstractSerializer.java:62)
	at io.apicurio.registry.serde.KafkaSerializer.serialize(KafkaSerializer.java:77)
	at org.apache.kafka.clients.producer.KafkaProducer.doSend(KafkaProducer.java:1046)
	at org.apache.kafka.clients.producer.KafkaProducer.send(KafkaProducer.java:993)
	at org.apache.kafka.clients.producer.KafkaProducer.send(KafkaProducer.java:875)
	at io.apicurio.tests.serdes.apicurio.KafkaSerdesTester.lambda$produceMessages$3(KafkaSerdesTester.java:138)
	at java.base/java.util.concurrent.CompletableFuture$AsyncSupply.run(CompletableFuture.java:1768)
	at java.base/java.lang.Thread.run(Thread.java:840)
]]></system-err>
  </testcase>
  <testcase name="testTopicIdStrategyFindLatest" classname="io.apicurio.tests.serdes.apicurio.AvroSerdeIT" time="5.04">
    <system-out><![CDATA[2025-08-12 17:25:29,740 INFO  [io.api.tes.uti.TestSeparator] (main) ############################################################################
2025-08-12 17:25:29,740 INFO  [io.api.tes.uti.TestSeparator] (main) io.apicurio.tests.serdes.apicurio.AvroSerdeIT.testTopicIdStrategyFindLatest-STARTED
2025-08-12 17:25:29,740 INFO  [io.api.tes.ser.api.AvroSerdeIT] (main) Registering Avro Schema: {"type":"record","name":"myrecordapicurio1","fields":[{"name":"key11755019529740","type":"string"}]}
**** Registry Base URL: http://registry-app-ksql047.apps.ci419.apicurio-testing.org:80
2025-08-12 17:25:30,862 INFO  [org.apa.kaf.cli.pro.ProducerConfig] (main) ProducerConfig values: 
	acks = -1
	auto.include.jmx.reporter = true
	batch.size = 16384
	bootstrap.servers = [PLAINTEXT://localhost:32769]
	buffer.memory = 33554432
	client.dns.lookup = use_all_dns_ips
	client.id = Producer-topic-d4719b5d_5e07_4f78_a1d0_d5e965eea5e4
	compression.gzip.level = -1
	compression.lz4.level = 9
	compression.type = none
	compression.zstd.level = 3
	connections.max.idle.ms = 10000
	delivery.timeout.ms = 120000
	enable.idempotence = true
	enable.metrics.push = true
	interceptor.classes = []
	key.serializer = class org.apache.kafka.common.serialization.StringSerializer
	linger.ms = 0
	max.block.ms = 60000
	max.in.flight.requests.per.connection = 5
	max.request.size = 1048576
	metadata.max.age.ms = 300000
	metadata.max.idle.ms = 300000
	metadata.recovery.strategy = none
	metric.reporters = []
	metrics.num.samples = 2
	metrics.recording.level = INFO
	metrics.sample.window.ms = 30000
	partitioner.adaptive.partitioning.enable = true
	partitioner.availability.timeout.ms = 0
	partitioner.class = null
	partitioner.ignore.keys = false
	receive.buffer.bytes = 32768
	reconnect.backoff.max.ms = 1000
	reconnect.backoff.ms = 50
	request.timeout.ms = 5000
	retries = 2147483647
	retry.backoff.max.ms = 1000
	retry.backoff.ms = 100
	sasl.client.callback.handler.class = null
	sasl.jaas.config = null
	sasl.kerberos.kinit.cmd = /usr/bin/kinit
	sasl.kerberos.min.time.before.relogin = 60000
	sasl.kerberos.service.name = null
	sasl.kerberos.ticket.renew.jitter = 0.05
	sasl.kerberos.ticket.renew.window.factor = 0.8
	sasl.login.callback.handler.class = null
	sasl.login.class = null
	sasl.login.connect.timeout.ms = null
	sasl.login.read.timeout.ms = null
	sasl.login.refresh.buffer.seconds = 300
	sasl.login.refresh.min.period.seconds = 60
	sasl.login.refresh.window.factor = 0.8
	sasl.login.refresh.window.jitter = 0.05
	sasl.login.retry.backoff.max.ms = 10000
	sasl.login.retry.backoff.ms = 100
	sasl.mechanism = GSSAPI
	sasl.oauthbearer.clock.skew.seconds = 30
	sasl.oauthbearer.expected.audience = null
	sasl.oauthbearer.expected.issuer = null
	sasl.oauthbearer.header.urlencode = false
	sasl.oauthbearer.jwks.endpoint.refresh.ms = 3600000
	sasl.oauthbearer.jwks.endpoint.retry.backoff.max.ms = 10000
	sasl.oauthbearer.jwks.endpoint.retry.backoff.ms = 100
	sasl.oauthbearer.jwks.endpoint.url = null
	sasl.oauthbearer.scope.claim.name = scope
	sasl.oauthbearer.sub.claim.name = sub
	sasl.oauthbearer.token.endpoint.url = null
	security.protocol = PLAINTEXT
	security.providers = null
	send.buffer.bytes = 131072
	socket.connection.setup.timeout.max.ms = 30000
	socket.connection.setup.timeout.ms = 10000
	ssl.cipher.suites = null
	ssl.enabled.protocols = [TLSv1.2, TLSv1.3]
	ssl.endpoint.identification.algorithm = https
	ssl.engine.factory.class = null
	ssl.key.password = null
	ssl.keymanager.algorithm = SunX509
	ssl.keystore.certificate.chain = null
	ssl.keystore.key = null
	ssl.keystore.location = null
	ssl.keystore.password = null
	ssl.keystore.type = JKS
	ssl.protocol = TLSv1.3
	ssl.provider = null
	ssl.secure.random.implementation = null
	ssl.trustmanager.algorithm = PKIX
	ssl.truststore.certificates = null
	ssl.truststore.location = null
	ssl.truststore.password = null
	ssl.truststore.type = JKS
	transaction.timeout.ms = 60000
	transactional.id = null
	value.serializer = class io.apicurio.registry.serde.avro.AvroKafkaSerializer

2025-08-12 17:25:30,862 INFO  [org.apa.kaf.com.tel.int.KafkaMetricsCollector] (main) initializing Kafka metrics collector
2025-08-12 17:25:30,866 INFO  [org.apa.kaf.cli.pro.KafkaProducer] (main) [Producer clientId=Producer-topic-d4719b5d_5e07_4f78_a1d0_d5e965eea5e4] Instantiated an idempotent producer.
2025-08-12 17:25:30,868 INFO  [org.apa.kaf.cli.pro.ProducerConfig] (main) These configurations '[apicurio.registry.find-latest, apicurio.registry.url, apicurio.registry.artifact-resolver-strategy]' were supplied but are not used yet.
2025-08-12 17:25:30,868 INFO  [org.apa.kaf.com.uti.AppInfoParser] (main) Kafka version: 3.9.1
2025-08-12 17:25:30,868 INFO  [org.apa.kaf.com.uti.AppInfoParser] (main) Kafka commitId: f745dfdcee2b9851
2025-08-12 17:25:30,868 INFO  [org.apa.kaf.com.uti.AppInfoParser] (main) Kafka startTimeMs: 1755019530868
2025-08-12 17:25:30,868 INFO  [io.api.tes.ser.api.SimpleSerdesTesterBuilder$SimpleSerdesTester] (main) Using producer configuration: {apicurio.registry.find-latest=true, apicurio.registry.url=http://registry-app-ksql047.apps.ci419.apicurio-testing.org:80/apis/registry/v3, apicurio.registry.artifact-resolver-strategy=io.apicurio.registry.serde.strategy.TopicIdStrategy, value.serializer=io.apicurio.registry.serde.avro.AvroKafkaSerializer, request.timeout.ms=5000, acks=all, bootstrap.servers=PLAINTEXT://localhost:32769, connections.max.idle.ms=10000, key.serializer=org.apache.kafka.common.serialization.StringSerializer, client.id=Producer-topic-d4719b5d_5e07_4f78_a1d0_d5e965eea5e4}
2025-08-12 17:25:30,868 INFO  [io.api.tes.ser.api.SimpleSerdesTesterBuilder$SimpleSerdesTester] (main) Using consumer configuration: {}
2025-08-12 17:25:30,870 INFO  [io.api.tes.ser.api.KafkaSerdesTester] (Thread-645) Sending message {"key11755019529740": "value-0"} to topic topic-d4719b5d_5e07_4f78_a1d0_d5e965eea5e4
2025-08-12 17:25:30,874 INFO  [org.apa.kaf.cli.Metadata] (kafka-producer-network-thread | Producer-topic-d4719b5d_5e07_4f78_a1d0_d5e965eea5e4) [Producer clientId=Producer-topic-d4719b5d_5e07_4f78_a1d0_d5e965eea5e4] Cluster ID: HDV_o9asQruzQakuWK8_NQ
2025-08-12 17:25:30,874 INFO  [org.apa.kaf.cli.pro.int.TransactionManager] (kafka-producer-network-thread | Producer-topic-d4719b5d_5e07_4f78_a1d0_d5e965eea5e4) [Producer clientId=Producer-topic-d4719b5d_5e07_4f78_a1d0_d5e965eea5e4] ProducerId set to 9 with epoch 0
2025-08-12 17:25:31,052 INFO  [io.api.tes.ser.api.KafkaSerdesTester] (Thread-645) Sending message {"key11755019529740": "value-1"} to topic topic-d4719b5d_5e07_4f78_a1d0_d5e965eea5e4
2025-08-12 17:25:31,055 INFO  [io.api.tes.ser.api.KafkaSerdesTester] (Thread-645) Sending message {"key11755019529740": "value-2"} to topic topic-d4719b5d_5e07_4f78_a1d0_d5e965eea5e4
2025-08-12 17:25:31,058 INFO  [io.api.tes.ser.api.KafkaSerdesTester] (Thread-645) Sending message {"key11755019529740": "value-3"} to topic topic-d4719b5d_5e07_4f78_a1d0_d5e965eea5e4
2025-08-12 17:25:31,060 INFO  [io.api.tes.ser.api.KafkaSerdesTester] (Thread-645) Sending message {"key11755019529740": "value-4"} to topic topic-d4719b5d_5e07_4f78_a1d0_d5e965eea5e4
2025-08-12 17:25:31,062 INFO  [io.api.tes.ser.api.KafkaSerdesTester] (Thread-645) Sending message {"key11755019529740": "value-5"} to topic topic-d4719b5d_5e07_4f78_a1d0_d5e965eea5e4
2025-08-12 17:25:31,063 INFO  [io.api.tes.ser.api.KafkaSerdesTester] (Thread-645) Sending message {"key11755019529740": "value-6"} to topic topic-d4719b5d_5e07_4f78_a1d0_d5e965eea5e4
2025-08-12 17:25:31,065 INFO  [io.api.tes.ser.api.KafkaSerdesTester] (Thread-645) Sending message {"key11755019529740": "value-7"} to topic topic-d4719b5d_5e07_4f78_a1d0_d5e965eea5e4
2025-08-12 17:25:31,070 INFO  [io.api.tes.ser.api.KafkaSerdesTester] (Thread-645) Sending message {"key11755019529740": "value-8"} to topic topic-d4719b5d_5e07_4f78_a1d0_d5e965eea5e4
2025-08-12 17:25:31,074 INFO  [io.api.tes.ser.api.KafkaSerdesTester] (Thread-645) Sending message {"key11755019529740": "value-9"} to topic topic-d4719b5d_5e07_4f78_a1d0_d5e965eea5e4
2025-08-12 17:25:31,077 INFO  [io.api.tes.ser.api.KafkaSerdesTester] (Thread-645) Produced 10 messages
2025-08-12 17:25:31,077 INFO  [org.apa.kaf.cli.pro.KafkaProducer] (Thread-645) [Producer clientId=Producer-topic-d4719b5d_5e07_4f78_a1d0_d5e965eea5e4] Closing the Kafka producer with timeoutMillis = 9223372036854775807 ms.
2025-08-12 17:25:31,080 INFO  [org.apa.kaf.com.met.Metrics] (Thread-645) Metrics scheduler closed
2025-08-12 17:25:31,080 INFO  [org.apa.kaf.com.met.Metrics] (Thread-645) Closing reporter org.apache.kafka.common.metrics.JmxReporter
2025-08-12 17:25:31,080 INFO  [org.apa.kaf.com.met.Metrics] (Thread-645) Closing reporter org.apache.kafka.common.telemetry.internals.ClientTelemetryReporter
2025-08-12 17:25:31,080 INFO  [org.apa.kaf.com.met.Metrics] (Thread-645) Metrics reporters closed
2025-08-12 17:25:31,081 INFO  [org.apa.kaf.com.uti.AppInfoParser] (Thread-645) App info kafka.producer for Producer-topic-d4719b5d_5e07_4f78_a1d0_d5e965eea5e4 unregistered
**** Registry Base URL: http://registry-app-ksql047.apps.ci419.apicurio-testing.org:80
2025-08-12 17:25:31,082 INFO  [org.apa.kaf.cli.con.ConsumerConfig] (main) ConsumerConfig values: 
	allow.auto.create.topics = true
	auto.commit.interval.ms = 500
	auto.include.jmx.reporter = true
	auto.offset.reset = earliest
	bootstrap.servers = [PLAINTEXT://localhost:32769]
	check.crcs = true
	client.dns.lookup = use_all_dns_ips
	client.id = consumer-Consumer-topic-d4719b5d_5e07_4f78_a1d0_d5e965eea5e4-7
	client.rack = 
	connections.max.idle.ms = 10000
	default.api.timeout.ms = 60000
	enable.auto.commit = true
	enable.metrics.push = true
	exclude.internal.topics = true
	fetch.max.bytes = 52428800
	fetch.max.wait.ms = 500
	fetch.min.bytes = 1
	group.id = Consumer-topic-d4719b5d_5e07_4f78_a1d0_d5e965eea5e4
	group.instance.id = null
	group.protocol = classic
	group.remote.assignor = null
	heartbeat.interval.ms = 3000
	interceptor.classes = []
	internal.leave.group.on.close = true
	internal.throw.on.fetch.stable.offset.unsupported = false
	isolation.level = read_uncommitted
	key.deserializer = class org.apache.kafka.common.serialization.StringDeserializer
	max.partition.fetch.bytes = 1048576
	max.poll.interval.ms = 300000
	max.poll.records = 500
	metadata.max.age.ms = 300000
	metadata.recovery.strategy = none
	metric.reporters = []
	metrics.num.samples = 2
	metrics.recording.level = INFO
	metrics.sample.window.ms = 30000
	partition.assignment.strategy = [class org.apache.kafka.clients.consumer.RangeAssignor, class org.apache.kafka.clients.consumer.CooperativeStickyAssignor]
	receive.buffer.bytes = 65536
	reconnect.backoff.max.ms = 1000
	reconnect.backoff.ms = 50
	request.timeout.ms = 5000
	retry.backoff.max.ms = 1000
	retry.backoff.ms = 100
	sasl.client.callback.handler.class = null
	sasl.jaas.config = null
	sasl.kerberos.kinit.cmd = /usr/bin/kinit
	sasl.kerberos.min.time.before.relogin = 60000
	sasl.kerberos.service.name = null
	sasl.kerberos.ticket.renew.jitter = 0.05
	sasl.kerberos.ticket.renew.window.factor = 0.8
	sasl.login.callback.handler.class = null
	sasl.login.class = null
	sasl.login.connect.timeout.ms = null
	sasl.login.read.timeout.ms = null
	sasl.login.refresh.buffer.seconds = 300
	sasl.login.refresh.min.period.seconds = 60
	sasl.login.refresh.window.factor = 0.8
	sasl.login.refresh.window.jitter = 0.05
	sasl.login.retry.backoff.max.ms = 10000
	sasl.login.retry.backoff.ms = 100
	sasl.mechanism = GSSAPI
	sasl.oauthbearer.clock.skew.seconds = 30
	sasl.oauthbearer.expected.audience = null
	sasl.oauthbearer.expected.issuer = null
	sasl.oauthbearer.header.urlencode = false
	sasl.oauthbearer.jwks.endpoint.refresh.ms = 3600000
	sasl.oauthbearer.jwks.endpoint.retry.backoff.max.ms = 10000
	sasl.oauthbearer.jwks.endpoint.retry.backoff.ms = 100
	sasl.oauthbearer.jwks.endpoint.url = null
	sasl.oauthbearer.scope.claim.name = scope
	sasl.oauthbearer.sub.claim.name = sub
	sasl.oauthbearer.token.endpoint.url = null
	security.protocol = PLAINTEXT
	security.providers = null
	send.buffer.bytes = 131072
	session.timeout.ms = 45000
	socket.connection.setup.timeout.max.ms = 30000
	socket.connection.setup.timeout.ms = 10000
	ssl.cipher.suites = null
	ssl.enabled.protocols = [TLSv1.2, TLSv1.3]
	ssl.endpoint.identification.algorithm = https
	ssl.engine.factory.class = null
	ssl.key.password = null
	ssl.keymanager.algorithm = SunX509
	ssl.keystore.certificate.chain = null
	ssl.keystore.key = null
	ssl.keystore.location = null
	ssl.keystore.password = null
	ssl.keystore.type = JKS
	ssl.protocol = TLSv1.3
	ssl.provider = null
	ssl.secure.random.implementation = null
	ssl.trustmanager.algorithm = PKIX
	ssl.truststore.certificates = null
	ssl.truststore.location = null
	ssl.truststore.password = null
	ssl.truststore.type = JKS
	value.deserializer = class io.apicurio.registry.serde.avro.AvroKafkaDeserializer

2025-08-12 17:25:31,083 INFO  [org.apa.kaf.com.tel.int.KafkaMetricsCollector] (main) initializing Kafka metrics collector
2025-08-12 17:25:31,112 INFO  [org.apa.kaf.cli.con.ConsumerConfig] (main) These configurations '[apicurio.registry.url]' were supplied but are not used yet.
2025-08-12 17:25:31,112 INFO  [org.apa.kaf.com.uti.AppInfoParser] (main) Kafka version: 3.9.1
2025-08-12 17:25:31,112 INFO  [org.apa.kaf.com.uti.AppInfoParser] (main) Kafka commitId: f745dfdcee2b9851
2025-08-12 17:25:31,112 INFO  [org.apa.kaf.com.uti.AppInfoParser] (main) Kafka startTimeMs: 1755019531112
2025-08-12 17:25:31,115 INFO  [org.apa.kaf.cli.con.int.ClassicKafkaConsumer] (Thread-648) [Consumer clientId=consumer-Consumer-topic-d4719b5d_5e07_4f78_a1d0_d5e965eea5e4-7, groupId=Consumer-topic-d4719b5d_5e07_4f78_a1d0_d5e965eea5e4] Subscribed to topic(s): topic-d4719b5d_5e07_4f78_a1d0_d5e965eea5e4
2025-08-12 17:25:31,123 INFO  [org.apa.kaf.cli.Metadata] (Thread-648) [Consumer clientId=consumer-Consumer-topic-d4719b5d_5e07_4f78_a1d0_d5e965eea5e4-7, groupId=Consumer-topic-d4719b5d_5e07_4f78_a1d0_d5e965eea5e4] Cluster ID: HDV_o9asQruzQakuWK8_NQ
2025-08-12 17:25:31,126 INFO  [org.apa.kaf.cli.con.int.ConsumerCoordinator] (Thread-648) [Consumer clientId=consumer-Consumer-topic-d4719b5d_5e07_4f78_a1d0_d5e965eea5e4-7, groupId=Consumer-topic-d4719b5d_5e07_4f78_a1d0_d5e965eea5e4] Discovered group coordinator localhost:32769 (id: 2147483647 rack: null)
2025-08-12 17:25:31,130 INFO  [org.apa.kaf.cli.con.int.ConsumerCoordinator] (Thread-648) [Consumer clientId=consumer-Consumer-topic-d4719b5d_5e07_4f78_a1d0_d5e965eea5e4-7, groupId=Consumer-topic-d4719b5d_5e07_4f78_a1d0_d5e965eea5e4] (Re-)joining group
2025-08-12 17:25:31,134 INFO  [org.apa.kaf.cli.con.int.ConsumerCoordinator] (Thread-648) [Consumer clientId=consumer-Consumer-topic-d4719b5d_5e07_4f78_a1d0_d5e965eea5e4-7, groupId=Consumer-topic-d4719b5d_5e07_4f78_a1d0_d5e965eea5e4] Request joining group due to: need to re-join with the given member-id: consumer-Consumer-topic-d4719b5d_5e07_4f78_a1d0_d5e965eea5e4-7-8bc19236-dc2a-4f3f-8c01-4f904191ca80
2025-08-12 17:25:31,134 INFO  [org.apa.kaf.cli.con.int.ConsumerCoordinator] (Thread-648) [Consumer clientId=consumer-Consumer-topic-d4719b5d_5e07_4f78_a1d0_d5e965eea5e4-7, groupId=Consumer-topic-d4719b5d_5e07_4f78_a1d0_d5e965eea5e4] (Re-)joining group
2025-08-12 17:25:32,115 INFO  [io.api.tes.ser.api.KafkaSerdesTester] (Thread-648) None found
2025-08-12 17:25:33,115 INFO  [io.api.tes.ser.api.KafkaSerdesTester] (Thread-648) None found
2025-08-12 17:25:34,116 INFO  [io.api.tes.ser.api.KafkaSerdesTester] (Thread-648) None found
2025-08-12 17:25:34,136 INFO  [org.apa.kaf.cli.con.int.ConsumerCoordinator] (Thread-648) [Consumer clientId=consumer-Consumer-topic-d4719b5d_5e07_4f78_a1d0_d5e965eea5e4-7, groupId=Consumer-topic-d4719b5d_5e07_4f78_a1d0_d5e965eea5e4] Successfully joined group with generation Generation{generationId=1, memberId='consumer-Consumer-topic-d4719b5d_5e07_4f78_a1d0_d5e965eea5e4-7-8bc19236-dc2a-4f3f-8c01-4f904191ca80', protocol='range'}
2025-08-12 17:25:34,137 INFO  [org.apa.kaf.cli.con.int.ConsumerCoordinator] (Thread-648) [Consumer clientId=consumer-Consumer-topic-d4719b5d_5e07_4f78_a1d0_d5e965eea5e4-7, groupId=Consumer-topic-d4719b5d_5e07_4f78_a1d0_d5e965eea5e4] Finished assignment for group at generation 1: {consumer-Consumer-topic-d4719b5d_5e07_4f78_a1d0_d5e965eea5e4-7-8bc19236-dc2a-4f3f-8c01-4f904191ca80=Assignment(partitions=[topic-d4719b5d_5e07_4f78_a1d0_d5e965eea5e4-0])}
2025-08-12 17:25:34,145 INFO  [org.apa.kaf.cli.con.int.ConsumerCoordinator] (Thread-648) [Consumer clientId=consumer-Consumer-topic-d4719b5d_5e07_4f78_a1d0_d5e965eea5e4-7, groupId=Consumer-topic-d4719b5d_5e07_4f78_a1d0_d5e965eea5e4] Successfully synced group in generation Generation{generationId=1, memberId='consumer-Consumer-topic-d4719b5d_5e07_4f78_a1d0_d5e965eea5e4-7-8bc19236-dc2a-4f3f-8c01-4f904191ca80', protocol='range'}
2025-08-12 17:25:34,146 INFO  [org.apa.kaf.cli.con.int.ConsumerCoordinator] (Thread-648) [Consumer clientId=consumer-Consumer-topic-d4719b5d_5e07_4f78_a1d0_d5e965eea5e4-7, groupId=Consumer-topic-d4719b5d_5e07_4f78_a1d0_d5e965eea5e4] Notifying assignor about the new Assignment(partitions=[topic-d4719b5d_5e07_4f78_a1d0_d5e965eea5e4-0])
2025-08-12 17:25:34,146 INFO  [org.apa.kaf.cli.con.int.ConsumerRebalanceListenerInvoker] (Thread-648) [Consumer clientId=consumer-Consumer-topic-d4719b5d_5e07_4f78_a1d0_d5e965eea5e4-7, groupId=Consumer-topic-d4719b5d_5e07_4f78_a1d0_d5e965eea5e4] Adding newly assigned partitions: topic-d4719b5d_5e07_4f78_a1d0_d5e965eea5e4-0
2025-08-12 17:25:34,149 INFO  [org.apa.kaf.cli.con.int.ConsumerCoordinator] (Thread-648) [Consumer clientId=consumer-Consumer-topic-d4719b5d_5e07_4f78_a1d0_d5e965eea5e4-7, groupId=Consumer-topic-d4719b5d_5e07_4f78_a1d0_d5e965eea5e4] Found no committed offset for partition topic-d4719b5d_5e07_4f78_a1d0_d5e965eea5e4-0
2025-08-12 17:25:34,150 INFO  [org.apa.kaf.cli.con.int.SubscriptionState] (Thread-648) [Consumer clientId=consumer-Consumer-topic-d4719b5d_5e07_4f78_a1d0_d5e965eea5e4-7, groupId=Consumer-topic-d4719b5d_5e07_4f78_a1d0_d5e965eea5e4] Resetting offset for partition topic-d4719b5d_5e07_4f78_a1d0_d5e965eea5e4-0 to position FetchPosition{offset=0, offsetEpoch=Optional.empty, currentLeader=LeaderAndEpoch{leader=Optional[localhost:32769 (id: 0 rack: null)], epoch=0}}.
2025-08-12 17:25:34,272 INFO  [io.api.tes.ser.api.KafkaSerdesTester] (Thread-648) topic-d4719b5d_5e07_4f78_a1d0_d5e965eea5e4 0 0 {"key11755019529740": "value-0"}
2025-08-12 17:25:34,273 INFO  [io.api.tes.ser.api.KafkaSerdesTester] (Thread-648) topic-d4719b5d_5e07_4f78_a1d0_d5e965eea5e4 0 1 {"key11755019529740": "value-1"}
2025-08-12 17:25:34,273 INFO  [io.api.tes.ser.api.KafkaSerdesTester] (Thread-648) topic-d4719b5d_5e07_4f78_a1d0_d5e965eea5e4 0 2 {"key11755019529740": "value-2"}
2025-08-12 17:25:34,273 INFO  [io.api.tes.ser.api.KafkaSerdesTester] (Thread-648) topic-d4719b5d_5e07_4f78_a1d0_d5e965eea5e4 0 3 {"key11755019529740": "value-3"}
2025-08-12 17:25:34,273 INFO  [io.api.tes.ser.api.KafkaSerdesTester] (Thread-648) topic-d4719b5d_5e07_4f78_a1d0_d5e965eea5e4 0 4 {"key11755019529740": "value-4"}
2025-08-12 17:25:34,273 INFO  [io.api.tes.ser.api.KafkaSerdesTester] (Thread-648) topic-d4719b5d_5e07_4f78_a1d0_d5e965eea5e4 0 5 {"key11755019529740": "value-5"}
2025-08-12 17:25:34,273 INFO  [io.api.tes.ser.api.KafkaSerdesTester] (Thread-648) topic-d4719b5d_5e07_4f78_a1d0_d5e965eea5e4 0 6 {"key11755019529740": "value-6"}
2025-08-12 17:25:34,273 INFO  [io.api.tes.ser.api.KafkaSerdesTester] (Thread-648) topic-d4719b5d_5e07_4f78_a1d0_d5e965eea5e4 0 7 {"key11755019529740": "value-7"}
2025-08-12 17:25:34,273 INFO  [io.api.tes.ser.api.KafkaSerdesTester] (Thread-648) topic-d4719b5d_5e07_4f78_a1d0_d5e965eea5e4 0 8 {"key11755019529740": "value-8"}
2025-08-12 17:25:34,273 INFO  [io.api.tes.ser.api.KafkaSerdesTester] (Thread-648) topic-d4719b5d_5e07_4f78_a1d0_d5e965eea5e4 0 9 {"key11755019529740": "value-9"}
2025-08-12 17:25:34,274 INFO  [io.api.tes.ser.api.KafkaSerdesTester] (Thread-648) Consumed 10 messages
2025-08-12 17:25:34,281 INFO  [org.apa.kaf.cli.con.int.ConsumerRebalanceListenerInvoker] (Thread-648) [Consumer clientId=consumer-Consumer-topic-d4719b5d_5e07_4f78_a1d0_d5e965eea5e4-7, groupId=Consumer-topic-d4719b5d_5e07_4f78_a1d0_d5e965eea5e4] Revoke previously assigned partitions topic-d4719b5d_5e07_4f78_a1d0_d5e965eea5e4-0
2025-08-12 17:25:34,282 INFO  [org.apa.kaf.cli.con.int.ConsumerCoordinator] (Thread-648) [Consumer clientId=consumer-Consumer-topic-d4719b5d_5e07_4f78_a1d0_d5e965eea5e4-7, groupId=Consumer-topic-d4719b5d_5e07_4f78_a1d0_d5e965eea5e4] Member consumer-Consumer-topic-d4719b5d_5e07_4f78_a1d0_d5e965eea5e4-7-8bc19236-dc2a-4f3f-8c01-4f904191ca80 sending LeaveGroup request to coordinator localhost:32769 (id: 2147483647 rack: null) due to the consumer is being closed
2025-08-12 17:25:34,282 INFO  [org.apa.kaf.cli.con.int.ConsumerCoordinator] (Thread-648) [Consumer clientId=consumer-Consumer-topic-d4719b5d_5e07_4f78_a1d0_d5e965eea5e4-7, groupId=Consumer-topic-d4719b5d_5e07_4f78_a1d0_d5e965eea5e4] Resetting generation and member id due to: consumer pro-actively leaving the group
2025-08-12 17:25:34,282 INFO  [org.apa.kaf.cli.con.int.ConsumerCoordinator] (Thread-648) [Consumer clientId=consumer-Consumer-topic-d4719b5d_5e07_4f78_a1d0_d5e965eea5e4-7, groupId=Consumer-topic-d4719b5d_5e07_4f78_a1d0_d5e965eea5e4] Request joining group due to: consumer pro-actively leaving the group
2025-08-12 17:25:34,775 INFO  [org.apa.kaf.com.met.Metrics] (Thread-648) Metrics scheduler closed
2025-08-12 17:25:34,775 INFO  [org.apa.kaf.com.met.Metrics] (Thread-648) Closing reporter org.apache.kafka.common.metrics.JmxReporter
2025-08-12 17:25:34,775 INFO  [org.apa.kaf.com.met.Metrics] (Thread-648) Closing reporter org.apache.kafka.common.telemetry.internals.ClientTelemetryReporter
2025-08-12 17:25:34,775 INFO  [org.apa.kaf.com.met.Metrics] (Thread-648) Metrics reporters closed
2025-08-12 17:25:34,777 INFO  [org.apa.kaf.com.uti.AppInfoParser] (Thread-648) App info kafka.consumer for consumer-Consumer-topic-d4719b5d_5e07_4f78_a1d0_d5e965eea5e4-7 unregistered
2025-08-12 17:25:34,779 INFO  [io.api.tes.uti.TestSeparator] (main) io.apicurio.tests.serdes.apicurio.AvroSerdeIT.testTopicIdStrategyFindLatest-FINISHED
2025-08-12 17:25:34,779 INFO  [io.api.tes.uti.TestSeparator] (main) ############################################################################
Test passed: testTopicIdStrategyFindLatest
]]></system-out>
  </testcase>
  <testcase name="testAvroUnionWithSpecificReader" classname="io.apicurio.tests.serdes.apicurio.AvroSerdeIT" time="4.482">
    <system-out><![CDATA[2025-08-12 17:25:34,781 INFO  [io.api.tes.uti.TestSeparator] (main) ############################################################################
2025-08-12 17:25:34,781 INFO  [io.api.tes.uti.TestSeparator] (main) io.apicurio.tests.serdes.apicurio.AvroSerdeIT.testAvroUnionWithSpecificReader-STARTED
**** Registry Base URL: http://registry-app-ksql047.apps.ci419.apicurio-testing.org:80
2025-08-12 17:25:34,787 INFO  [org.apa.kaf.cli.pro.ProducerConfig] (main) ProducerConfig values: 
	acks = -1
	auto.include.jmx.reporter = true
	batch.size = 16384
	bootstrap.servers = [PLAINTEXT://localhost:32769]
	buffer.memory = 33554432
	client.dns.lookup = use_all_dns_ips
	client.id = Producer-topic-c61d3f58_b493_4e19_ab4b_d33460876525
	compression.gzip.level = -1
	compression.lz4.level = 9
	compression.type = none
	compression.zstd.level = 3
	connections.max.idle.ms = 10000
	delivery.timeout.ms = 120000
	enable.idempotence = true
	enable.metrics.push = true
	interceptor.classes = []
	key.serializer = class org.apache.kafka.common.serialization.StringSerializer
	linger.ms = 0
	max.block.ms = 60000
	max.in.flight.requests.per.connection = 5
	max.request.size = 1048576
	metadata.max.age.ms = 300000
	metadata.max.idle.ms = 300000
	metadata.recovery.strategy = none
	metric.reporters = []
	metrics.num.samples = 2
	metrics.recording.level = INFO
	metrics.sample.window.ms = 30000
	partitioner.adaptive.partitioning.enable = true
	partitioner.availability.timeout.ms = 0
	partitioner.class = null
	partitioner.ignore.keys = false
	receive.buffer.bytes = 32768
	reconnect.backoff.max.ms = 1000
	reconnect.backoff.ms = 50
	request.timeout.ms = 5000
	retries = 2147483647
	retry.backoff.max.ms = 1000
	retry.backoff.ms = 100
	sasl.client.callback.handler.class = null
	sasl.jaas.config = null
	sasl.kerberos.kinit.cmd = /usr/bin/kinit
	sasl.kerberos.min.time.before.relogin = 60000
	sasl.kerberos.service.name = null
	sasl.kerberos.ticket.renew.jitter = 0.05
	sasl.kerberos.ticket.renew.window.factor = 0.8
	sasl.login.callback.handler.class = null
	sasl.login.class = null
	sasl.login.connect.timeout.ms = null
	sasl.login.read.timeout.ms = null
	sasl.login.refresh.buffer.seconds = 300
	sasl.login.refresh.min.period.seconds = 60
	sasl.login.refresh.window.factor = 0.8
	sasl.login.refresh.window.jitter = 0.05
	sasl.login.retry.backoff.max.ms = 10000
	sasl.login.retry.backoff.ms = 100
	sasl.mechanism = GSSAPI
	sasl.oauthbearer.clock.skew.seconds = 30
	sasl.oauthbearer.expected.audience = null
	sasl.oauthbearer.expected.issuer = null
	sasl.oauthbearer.header.urlencode = false
	sasl.oauthbearer.jwks.endpoint.refresh.ms = 3600000
	sasl.oauthbearer.jwks.endpoint.retry.backoff.max.ms = 10000
	sasl.oauthbearer.jwks.endpoint.retry.backoff.ms = 100
	sasl.oauthbearer.jwks.endpoint.url = null
	sasl.oauthbearer.scope.claim.name = scope
	sasl.oauthbearer.sub.claim.name = sub
	sasl.oauthbearer.token.endpoint.url = null
	security.protocol = PLAINTEXT
	security.providers = null
	send.buffer.bytes = 131072
	socket.connection.setup.timeout.max.ms = 30000
	socket.connection.setup.timeout.ms = 10000
	ssl.cipher.suites = null
	ssl.enabled.protocols = [TLSv1.2, TLSv1.3]
	ssl.endpoint.identification.algorithm = https
	ssl.engine.factory.class = null
	ssl.key.password = null
	ssl.keymanager.algorithm = SunX509
	ssl.keystore.certificate.chain = null
	ssl.keystore.key = null
	ssl.keystore.location = null
	ssl.keystore.password = null
	ssl.keystore.type = JKS
	ssl.protocol = TLSv1.3
	ssl.provider = null
	ssl.secure.random.implementation = null
	ssl.trustmanager.algorithm = PKIX
	ssl.truststore.certificates = null
	ssl.truststore.location = null
	ssl.truststore.password = null
	ssl.truststore.type = JKS
	transaction.timeout.ms = 60000
	transactional.id = null
	value.serializer = class io.apicurio.registry.serde.avro.AvroKafkaSerializer

2025-08-12 17:25:34,788 INFO  [org.apa.kaf.com.tel.int.KafkaMetricsCollector] (main) initializing Kafka metrics collector
2025-08-12 17:25:34,792 INFO  [org.apa.kaf.cli.pro.KafkaProducer] (main) [Producer clientId=Producer-topic-c61d3f58_b493_4e19_ab4b_d33460876525] Instantiated an idempotent producer.
2025-08-12 17:25:34,801 INFO  [org.apa.kaf.cli.pro.ProducerConfig] (main) These configurations '[apicurio.registry.url, apicurio.registry.auto-register, apicurio.registry.artifact-resolver-strategy]' were supplied but are not used yet.
2025-08-12 17:25:34,802 INFO  [org.apa.kaf.com.uti.AppInfoParser] (main) Kafka version: 3.9.1
2025-08-12 17:25:34,802 INFO  [org.apa.kaf.com.uti.AppInfoParser] (main) Kafka commitId: f745dfdcee2b9851
2025-08-12 17:25:34,802 INFO  [org.apa.kaf.com.uti.AppInfoParser] (main) Kafka startTimeMs: 1755019534802
2025-08-12 17:25:34,802 INFO  [io.api.tes.ser.api.SimpleSerdesTesterBuilder$SimpleSerdesTester] (main) Using producer configuration: {apicurio.registry.url=http://registry-app-ksql047.apps.ci419.apicurio-testing.org:80/apis/registry/v3, apicurio.registry.auto-register=true, apicurio.registry.artifact-resolver-strategy=io.apicurio.registry.serde.strategy.TopicIdStrategy, value.serializer=io.apicurio.registry.serde.avro.AvroKafkaSerializer, request.timeout.ms=5000, acks=all, bootstrap.servers=PLAINTEXT://localhost:32769, connections.max.idle.ms=10000, key.serializer=org.apache.kafka.common.serialization.StringSerializer, client.id=Producer-topic-c61d3f58_b493_4e19_ab4b_d33460876525}
2025-08-12 17:25:34,802 INFO  [io.api.tes.ser.api.SimpleSerdesTesterBuilder$SimpleSerdesTester] (main) Using consumer configuration: {}
2025-08-12 17:25:34,804 INFO  [io.api.tes.ser.api.KafkaSerdesTester] (Thread-651) Sending message {"id": "record-0"} to topic topic-c61d3f58_b493_4e19_ab4b_d33460876525
2025-08-12 17:25:34,814 INFO  [org.apa.kaf.cli.Metadata] (kafka-producer-network-thread | Producer-topic-c61d3f58_b493_4e19_ab4b_d33460876525) [Producer clientId=Producer-topic-c61d3f58_b493_4e19_ab4b_d33460876525] Cluster ID: HDV_o9asQruzQakuWK8_NQ
2025-08-12 17:25:34,816 INFO  [org.apa.kaf.cli.pro.int.TransactionManager] (kafka-producer-network-thread | Producer-topic-c61d3f58_b493_4e19_ab4b_d33460876525) [Producer clientId=Producer-topic-c61d3f58_b493_4e19_ab4b_d33460876525] ProducerId set to 10 with epoch 0
2025-08-12 17:25:34,941 INFO  [io.api.tes.ser.api.KafkaSerdesTester] (Thread-651) Sending message {"value": 1} to topic topic-c61d3f58_b493_4e19_ab4b_d33460876525
2025-08-12 17:25:35,031 INFO  [io.api.tes.ser.api.KafkaSerdesTester] (Thread-651) Sending message {"active": true} to topic topic-c61d3f58_b493_4e19_ab4b_d33460876525
2025-08-12 17:25:35,128 INFO  [io.api.tes.ser.api.KafkaSerdesTester] (Thread-651) Sending message {"id": "record-3"} to topic topic-c61d3f58_b493_4e19_ab4b_d33460876525
2025-08-12 17:25:35,131 INFO  [io.api.tes.ser.api.KafkaSerdesTester] (Thread-651) Sending message {"value": 4} to topic topic-c61d3f58_b493_4e19_ab4b_d33460876525
2025-08-12 17:25:35,133 INFO  [io.api.tes.ser.api.KafkaSerdesTester] (Thread-651) Sending message {"active": false} to topic topic-c61d3f58_b493_4e19_ab4b_d33460876525
2025-08-12 17:25:35,135 INFO  [io.api.tes.ser.api.KafkaSerdesTester] (Thread-651) Sending message {"id": "record-6"} to topic topic-c61d3f58_b493_4e19_ab4b_d33460876525
2025-08-12 17:25:35,139 INFO  [io.api.tes.ser.api.KafkaSerdesTester] (Thread-651) Sending message {"value": 7} to topic topic-c61d3f58_b493_4e19_ab4b_d33460876525
2025-08-12 17:25:35,144 INFO  [io.api.tes.ser.api.KafkaSerdesTester] (Thread-651) Sending message {"active": true} to topic topic-c61d3f58_b493_4e19_ab4b_d33460876525
2025-08-12 17:25:35,147 INFO  [io.api.tes.ser.api.KafkaSerdesTester] (Thread-651) Sending message {"id": "record-9"} to topic topic-c61d3f58_b493_4e19_ab4b_d33460876525
2025-08-12 17:25:35,151 INFO  [io.api.tes.ser.api.KafkaSerdesTester] (Thread-651) Produced 10 messages
2025-08-12 17:25:35,151 INFO  [org.apa.kaf.cli.pro.KafkaProducer] (Thread-651) [Producer clientId=Producer-topic-c61d3f58_b493_4e19_ab4b_d33460876525] Closing the Kafka producer with timeoutMillis = 9223372036854775807 ms.
2025-08-12 17:25:35,155 INFO  [org.apa.kaf.com.met.Metrics] (Thread-651) Metrics scheduler closed
2025-08-12 17:25:35,155 INFO  [org.apa.kaf.com.met.Metrics] (Thread-651) Closing reporter org.apache.kafka.common.metrics.JmxReporter
2025-08-12 17:25:35,155 INFO  [org.apa.kaf.com.met.Metrics] (Thread-651) Closing reporter org.apache.kafka.common.telemetry.internals.ClientTelemetryReporter
2025-08-12 17:25:35,155 INFO  [org.apa.kaf.com.met.Metrics] (Thread-651) Metrics reporters closed
2025-08-12 17:25:35,158 INFO  [org.apa.kaf.com.uti.AppInfoParser] (Thread-651) App info kafka.producer for Producer-topic-c61d3f58_b493_4e19_ab4b_d33460876525 unregistered
2025-08-12 17:25:35,200 INFO  [io.api.tes.ser.api.AvroSerdeIT] (main) Artifact topic-c61d3f58_b493_4e19_ab4b_d33460876525-value found in registry with globalId 25
**** Registry Base URL: http://registry-app-ksql047.apps.ci419.apicurio-testing.org:80
2025-08-12 17:25:35,201 INFO  [org.apa.kaf.cli.con.ConsumerConfig] (main) ConsumerConfig values: 
	allow.auto.create.topics = true
	auto.commit.interval.ms = 500
	auto.include.jmx.reporter = true
	auto.offset.reset = earliest
	bootstrap.servers = [PLAINTEXT://localhost:32769]
	check.crcs = true
	client.dns.lookup = use_all_dns_ips
	client.id = consumer-Consumer-topic-c61d3f58_b493_4e19_ab4b_d33460876525-8
	client.rack = 
	connections.max.idle.ms = 10000
	default.api.timeout.ms = 60000
	enable.auto.commit = true
	enable.metrics.push = true
	exclude.internal.topics = true
	fetch.max.bytes = 52428800
	fetch.max.wait.ms = 500
	fetch.min.bytes = 1
	group.id = Consumer-topic-c61d3f58_b493_4e19_ab4b_d33460876525
	group.instance.id = null
	group.protocol = classic
	group.remote.assignor = null
	heartbeat.interval.ms = 3000
	interceptor.classes = []
	internal.leave.group.on.close = true
	internal.throw.on.fetch.stable.offset.unsupported = false
	isolation.level = read_uncommitted
	key.deserializer = class org.apache.kafka.common.serialization.StringDeserializer
	max.partition.fetch.bytes = 1048576
	max.poll.interval.ms = 300000
	max.poll.records = 500
	metadata.max.age.ms = 300000
	metadata.recovery.strategy = none
	metric.reporters = []
	metrics.num.samples = 2
	metrics.recording.level = INFO
	metrics.sample.window.ms = 30000
	partition.assignment.strategy = [class org.apache.kafka.clients.consumer.RangeAssignor, class org.apache.kafka.clients.consumer.CooperativeStickyAssignor]
	receive.buffer.bytes = 65536
	reconnect.backoff.max.ms = 1000
	reconnect.backoff.ms = 50
	request.timeout.ms = 5000
	retry.backoff.max.ms = 1000
	retry.backoff.ms = 100
	sasl.client.callback.handler.class = null
	sasl.jaas.config = null
	sasl.kerberos.kinit.cmd = /usr/bin/kinit
	sasl.kerberos.min.time.before.relogin = 60000
	sasl.kerberos.service.name = null
	sasl.kerberos.ticket.renew.jitter = 0.05
	sasl.kerberos.ticket.renew.window.factor = 0.8
	sasl.login.callback.handler.class = null
	sasl.login.class = null
	sasl.login.connect.timeout.ms = null
	sasl.login.read.timeout.ms = null
	sasl.login.refresh.buffer.seconds = 300
	sasl.login.refresh.min.period.seconds = 60
	sasl.login.refresh.window.factor = 0.8
	sasl.login.refresh.window.jitter = 0.05
	sasl.login.retry.backoff.max.ms = 10000
	sasl.login.retry.backoff.ms = 100
	sasl.mechanism = GSSAPI
	sasl.oauthbearer.clock.skew.seconds = 30
	sasl.oauthbearer.expected.audience = null
	sasl.oauthbearer.expected.issuer = null
	sasl.oauthbearer.header.urlencode = false
	sasl.oauthbearer.jwks.endpoint.refresh.ms = 3600000
	sasl.oauthbearer.jwks.endpoint.retry.backoff.max.ms = 10000
	sasl.oauthbearer.jwks.endpoint.retry.backoff.ms = 100
	sasl.oauthbearer.jwks.endpoint.url = null
	sasl.oauthbearer.scope.claim.name = scope
	sasl.oauthbearer.sub.claim.name = sub
	sasl.oauthbearer.token.endpoint.url = null
	security.protocol = PLAINTEXT
	security.providers = null
	send.buffer.bytes = 131072
	session.timeout.ms = 45000
	socket.connection.setup.timeout.max.ms = 30000
	socket.connection.setup.timeout.ms = 10000
	ssl.cipher.suites = null
	ssl.enabled.protocols = [TLSv1.2, TLSv1.3]
	ssl.endpoint.identification.algorithm = https
	ssl.engine.factory.class = null
	ssl.key.password = null
	ssl.keymanager.algorithm = SunX509
	ssl.keystore.certificate.chain = null
	ssl.keystore.key = null
	ssl.keystore.location = null
	ssl.keystore.password = null
	ssl.keystore.type = JKS
	ssl.protocol = TLSv1.3
	ssl.provider = null
	ssl.secure.random.implementation = null
	ssl.trustmanager.algorithm = PKIX
	ssl.truststore.certificates = null
	ssl.truststore.location = null
	ssl.truststore.password = null
	ssl.truststore.type = JKS
	value.deserializer = class io.apicurio.registry.serde.avro.AvroKafkaDeserializer

2025-08-12 17:25:35,201 INFO  [org.apa.kaf.com.tel.int.KafkaMetricsCollector] (main) initializing Kafka metrics collector
2025-08-12 17:25:35,207 INFO  [org.apa.kaf.cli.con.ConsumerConfig] (main) These configurations '[apicurio.registry.url]' were supplied but are not used yet.
2025-08-12 17:25:35,207 INFO  [org.apa.kaf.com.uti.AppInfoParser] (main) Kafka version: 3.9.1
2025-08-12 17:25:35,207 INFO  [org.apa.kaf.com.uti.AppInfoParser] (main) Kafka commitId: f745dfdcee2b9851
2025-08-12 17:25:35,209 INFO  [org.apa.kaf.com.uti.AppInfoParser] (main) Kafka startTimeMs: 1755019535207
2025-08-12 17:25:35,210 INFO  [org.apa.kaf.cli.con.int.ClassicKafkaConsumer] (Thread-654) [Consumer clientId=consumer-Consumer-topic-c61d3f58_b493_4e19_ab4b_d33460876525-8, groupId=Consumer-topic-c61d3f58_b493_4e19_ab4b_d33460876525] Subscribed to topic(s): topic-c61d3f58_b493_4e19_ab4b_d33460876525
2025-08-12 17:25:35,216 INFO  [org.apa.kaf.cli.Metadata] (Thread-654) [Consumer clientId=consumer-Consumer-topic-c61d3f58_b493_4e19_ab4b_d33460876525-8, groupId=Consumer-topic-c61d3f58_b493_4e19_ab4b_d33460876525] Cluster ID: HDV_o9asQruzQakuWK8_NQ
2025-08-12 17:25:35,217 INFO  [org.apa.kaf.cli.con.int.ConsumerCoordinator] (Thread-654) [Consumer clientId=consumer-Consumer-topic-c61d3f58_b493_4e19_ab4b_d33460876525-8, groupId=Consumer-topic-c61d3f58_b493_4e19_ab4b_d33460876525] Discovered group coordinator localhost:32769 (id: 2147483647 rack: null)
2025-08-12 17:25:35,221 INFO  [org.apa.kaf.cli.con.int.ConsumerCoordinator] (Thread-654) [Consumer clientId=consumer-Consumer-topic-c61d3f58_b493_4e19_ab4b_d33460876525-8, groupId=Consumer-topic-c61d3f58_b493_4e19_ab4b_d33460876525] (Re-)joining group
2025-08-12 17:25:35,225 INFO  [org.apa.kaf.cli.con.int.ConsumerCoordinator] (Thread-654) [Consumer clientId=consumer-Consumer-topic-c61d3f58_b493_4e19_ab4b_d33460876525-8, groupId=Consumer-topic-c61d3f58_b493_4e19_ab4b_d33460876525] Request joining group due to: need to re-join with the given member-id: consumer-Consumer-topic-c61d3f58_b493_4e19_ab4b_d33460876525-8-b3707110-e052-4c0d-be10-cd8a98f75d62
2025-08-12 17:25:35,226 INFO  [org.apa.kaf.cli.con.int.ConsumerCoordinator] (Thread-654) [Consumer clientId=consumer-Consumer-topic-c61d3f58_b493_4e19_ab4b_d33460876525-8, groupId=Consumer-topic-c61d3f58_b493_4e19_ab4b_d33460876525] (Re-)joining group
2025-08-12 17:25:36,210 INFO  [io.api.tes.ser.api.KafkaSerdesTester] (Thread-654) None found
2025-08-12 17:25:37,211 INFO  [io.api.tes.ser.api.KafkaSerdesTester] (Thread-654) None found
2025-08-12 17:25:38,211 INFO  [io.api.tes.ser.api.KafkaSerdesTester] (Thread-654) None found
2025-08-12 17:25:38,227 INFO  [org.apa.kaf.cli.con.int.ConsumerCoordinator] (Thread-654) [Consumer clientId=consumer-Consumer-topic-c61d3f58_b493_4e19_ab4b_d33460876525-8, groupId=Consumer-topic-c61d3f58_b493_4e19_ab4b_d33460876525] Successfully joined group with generation Generation{generationId=1, memberId='consumer-Consumer-topic-c61d3f58_b493_4e19_ab4b_d33460876525-8-b3707110-e052-4c0d-be10-cd8a98f75d62', protocol='range'}
2025-08-12 17:25:38,228 INFO  [org.apa.kaf.cli.con.int.ConsumerCoordinator] (Thread-654) [Consumer clientId=consumer-Consumer-topic-c61d3f58_b493_4e19_ab4b_d33460876525-8, groupId=Consumer-topic-c61d3f58_b493_4e19_ab4b_d33460876525] Finished assignment for group at generation 1: {consumer-Consumer-topic-c61d3f58_b493_4e19_ab4b_d33460876525-8-b3707110-e052-4c0d-be10-cd8a98f75d62=Assignment(partitions=[topic-c61d3f58_b493_4e19_ab4b_d33460876525-0])}
2025-08-12 17:25:38,234 INFO  [org.apa.kaf.cli.con.int.ConsumerCoordinator] (Thread-654) [Consumer clientId=consumer-Consumer-topic-c61d3f58_b493_4e19_ab4b_d33460876525-8, groupId=Consumer-topic-c61d3f58_b493_4e19_ab4b_d33460876525] Successfully synced group in generation Generation{generationId=1, memberId='consumer-Consumer-topic-c61d3f58_b493_4e19_ab4b_d33460876525-8-b3707110-e052-4c0d-be10-cd8a98f75d62', protocol='range'}
2025-08-12 17:25:38,234 INFO  [org.apa.kaf.cli.con.int.ConsumerCoordinator] (Thread-654) [Consumer clientId=consumer-Consumer-topic-c61d3f58_b493_4e19_ab4b_d33460876525-8, groupId=Consumer-topic-c61d3f58_b493_4e19_ab4b_d33460876525] Notifying assignor about the new Assignment(partitions=[topic-c61d3f58_b493_4e19_ab4b_d33460876525-0])
2025-08-12 17:25:38,234 INFO  [org.apa.kaf.cli.con.int.ConsumerRebalanceListenerInvoker] (Thread-654) [Consumer clientId=consumer-Consumer-topic-c61d3f58_b493_4e19_ab4b_d33460876525-8, groupId=Consumer-topic-c61d3f58_b493_4e19_ab4b_d33460876525] Adding newly assigned partitions: topic-c61d3f58_b493_4e19_ab4b_d33460876525-0
2025-08-12 17:25:38,236 INFO  [org.apa.kaf.cli.con.int.ConsumerCoordinator] (Thread-654) [Consumer clientId=consumer-Consumer-topic-c61d3f58_b493_4e19_ab4b_d33460876525-8, groupId=Consumer-topic-c61d3f58_b493_4e19_ab4b_d33460876525] Found no committed offset for partition topic-c61d3f58_b493_4e19_ab4b_d33460876525-0
2025-08-12 17:25:38,241 INFO  [org.apa.kaf.cli.con.int.SubscriptionState] (Thread-654) [Consumer clientId=consumer-Consumer-topic-c61d3f58_b493_4e19_ab4b_d33460876525-8, groupId=Consumer-topic-c61d3f58_b493_4e19_ab4b_d33460876525] Resetting offset for partition topic-c61d3f58_b493_4e19_ab4b_d33460876525-0 to position FetchPosition{offset=0, offsetEpoch=Optional.empty, currentLeader=LeaderAndEpoch{leader=Optional[localhost:32769 (id: 0 rack: null)], epoch=0}}.
2025-08-12 17:25:38,753 INFO  [io.api.tes.ser.api.KafkaSerdesTester] (Thread-654) topic-c61d3f58_b493_4e19_ab4b_d33460876525 0 0 {"id": "record-0"}
2025-08-12 17:25:38,753 INFO  [io.api.tes.ser.api.KafkaSerdesTester] (Thread-654) topic-c61d3f58_b493_4e19_ab4b_d33460876525 0 1 {"value": 1}
2025-08-12 17:25:38,754 INFO  [io.api.tes.ser.api.KafkaSerdesTester] (Thread-654) topic-c61d3f58_b493_4e19_ab4b_d33460876525 0 2 {"active": true}
2025-08-12 17:25:38,754 INFO  [io.api.tes.ser.api.KafkaSerdesTester] (Thread-654) topic-c61d3f58_b493_4e19_ab4b_d33460876525 0 3 {"id": "record-3"}
2025-08-12 17:25:38,754 INFO  [io.api.tes.ser.api.KafkaSerdesTester] (Thread-654) topic-c61d3f58_b493_4e19_ab4b_d33460876525 0 4 {"value": 4}
2025-08-12 17:25:38,754 INFO  [io.api.tes.ser.api.KafkaSerdesTester] (Thread-654) topic-c61d3f58_b493_4e19_ab4b_d33460876525 0 5 {"active": false}
2025-08-12 17:25:38,754 INFO  [io.api.tes.ser.api.KafkaSerdesTester] (Thread-654) topic-c61d3f58_b493_4e19_ab4b_d33460876525 0 6 {"id": "record-6"}
2025-08-12 17:25:38,754 INFO  [io.api.tes.ser.api.KafkaSerdesTester] (Thread-654) topic-c61d3f58_b493_4e19_ab4b_d33460876525 0 7 {"value": 7}
2025-08-12 17:25:38,754 INFO  [io.api.tes.ser.api.KafkaSerdesTester] (Thread-654) topic-c61d3f58_b493_4e19_ab4b_d33460876525 0 8 {"active": true}
2025-08-12 17:25:38,754 INFO  [io.api.tes.ser.api.KafkaSerdesTester] (Thread-654) topic-c61d3f58_b493_4e19_ab4b_d33460876525 0 9 {"id": "record-9"}
2025-08-12 17:25:38,754 INFO  [io.api.tes.ser.api.KafkaSerdesTester] (Thread-654) Consumed 10 messages
2025-08-12 17:25:38,762 INFO  [org.apa.kaf.cli.con.int.ConsumerRebalanceListenerInvoker] (Thread-654) [Consumer clientId=consumer-Consumer-topic-c61d3f58_b493_4e19_ab4b_d33460876525-8, groupId=Consumer-topic-c61d3f58_b493_4e19_ab4b_d33460876525] Revoke previously assigned partitions topic-c61d3f58_b493_4e19_ab4b_d33460876525-0
2025-08-12 17:25:38,762 INFO  [org.apa.kaf.cli.con.int.ConsumerCoordinator] (Thread-654) [Consumer clientId=consumer-Consumer-topic-c61d3f58_b493_4e19_ab4b_d33460876525-8, groupId=Consumer-topic-c61d3f58_b493_4e19_ab4b_d33460876525] Member consumer-Consumer-topic-c61d3f58_b493_4e19_ab4b_d33460876525-8-b3707110-e052-4c0d-be10-cd8a98f75d62 sending LeaveGroup request to coordinator localhost:32769 (id: 2147483647 rack: null) due to the consumer is being closed
2025-08-12 17:25:38,763 INFO  [org.apa.kaf.cli.con.int.ConsumerCoordinator] (Thread-654) [Consumer clientId=consumer-Consumer-topic-c61d3f58_b493_4e19_ab4b_d33460876525-8, groupId=Consumer-topic-c61d3f58_b493_4e19_ab4b_d33460876525] Resetting generation and member id due to: consumer pro-actively leaving the group
2025-08-12 17:25:38,763 INFO  [org.apa.kaf.cli.con.int.ConsumerCoordinator] (Thread-654) [Consumer clientId=consumer-Consumer-topic-c61d3f58_b493_4e19_ab4b_d33460876525-8, groupId=Consumer-topic-c61d3f58_b493_4e19_ab4b_d33460876525] Request joining group due to: consumer pro-actively leaving the group
2025-08-12 17:25:39,258 INFO  [org.apa.kaf.com.met.Metrics] (Thread-654) Metrics scheduler closed
2025-08-12 17:25:39,258 INFO  [org.apa.kaf.com.met.Metrics] (Thread-654) Closing reporter org.apache.kafka.common.metrics.JmxReporter
2025-08-12 17:25:39,258 INFO  [org.apa.kaf.com.met.Metrics] (Thread-654) Closing reporter org.apache.kafka.common.telemetry.internals.ClientTelemetryReporter
2025-08-12 17:25:39,258 INFO  [org.apa.kaf.com.met.Metrics] (Thread-654) Metrics reporters closed
2025-08-12 17:25:39,261 INFO  [org.apa.kaf.com.uti.AppInfoParser] (Thread-654) App info kafka.consumer for consumer-Consumer-topic-c61d3f58_b493_4e19_ab4b_d33460876525-8 unregistered
2025-08-12 17:25:39,261 INFO  [io.api.tes.uti.TestSeparator] (main) io.apicurio.tests.serdes.apicurio.AvroSerdeIT.testAvroUnionWithSpecificReader-FINISHED
2025-08-12 17:25:39,261 INFO  [io.api.tes.uti.TestSeparator] (main) ############################################################################
Test passed: testAvroUnionWithSpecificReader
]]></system-out>
  </testcase>
  <testcase name="testEvolveAvroApicurioReusingClient" classname="io.apicurio.tests.serdes.apicurio.AvroSerdeIT" time="7.518">
    <system-out><![CDATA[2025-08-12 17:25:39,264 INFO  [io.api.tes.uti.TestSeparator] (main) ############################################################################
2025-08-12 17:25:39,264 INFO  [io.api.tes.uti.TestSeparator] (main) io.apicurio.tests.serdes.apicurio.AvroSerdeIT.testEvolveAvroApicurioReusingClient-STARTED
2025-08-12 17:25:39,268 INFO  [io.api.tes.ser.api.AvroSerdeIT] (main) Registering Avro Schema: {"type":"record","name":"s92570512xf932x4fcbx9730x66bd930843b4","namespace":"ns_f6c32489_3a17_40a0_ba88_206b2b763d6d","fields":[{"name":"key11755019539265","type":"string"}]}
**** Registry Base URL: http://registry-app-ksql047.apps.ci419.apicurio-testing.org:80
2025-08-12 17:25:40,391 INFO  [org.apa.kaf.cli.pro.ProducerConfig] (main) ProducerConfig values: 
	acks = -1
	auto.include.jmx.reporter = true
	batch.size = 16384
	bootstrap.servers = [PLAINTEXT://localhost:32769]
	buffer.memory = 33554432
	client.dns.lookup = use_all_dns_ips
	client.id = Producer-topic-798b29e1_7100_4285_b233_266820e9aac7
	compression.gzip.level = -1
	compression.lz4.level = 9
	compression.type = none
	compression.zstd.level = 3
	connections.max.idle.ms = 10000
	delivery.timeout.ms = 120000
	enable.idempotence = true
	enable.metrics.push = true
	interceptor.classes = []
	key.serializer = class org.apache.kafka.common.serialization.StringSerializer
	linger.ms = 0
	max.block.ms = 60000
	max.in.flight.requests.per.connection = 5
	max.request.size = 1048576
	metadata.max.age.ms = 300000
	metadata.max.idle.ms = 300000
	metadata.recovery.strategy = none
	metric.reporters = []
	metrics.num.samples = 2
	metrics.recording.level = INFO
	metrics.sample.window.ms = 30000
	partitioner.adaptive.partitioning.enable = true
	partitioner.availability.timeout.ms = 0
	partitioner.class = null
	partitioner.ignore.keys = false
	receive.buffer.bytes = 32768
	reconnect.backoff.max.ms = 1000
	reconnect.backoff.ms = 50
	request.timeout.ms = 5000
	retries = 2147483647
	retry.backoff.max.ms = 1000
	retry.backoff.ms = 100
	sasl.client.callback.handler.class = null
	sasl.jaas.config = null
	sasl.kerberos.kinit.cmd = /usr/bin/kinit
	sasl.kerberos.min.time.before.relogin = 60000
	sasl.kerberos.service.name = null
	sasl.kerberos.ticket.renew.jitter = 0.05
	sasl.kerberos.ticket.renew.window.factor = 0.8
	sasl.login.callback.handler.class = null
	sasl.login.class = null
	sasl.login.connect.timeout.ms = null
	sasl.login.read.timeout.ms = null
	sasl.login.refresh.buffer.seconds = 300
	sasl.login.refresh.min.period.seconds = 60
	sasl.login.refresh.window.factor = 0.8
	sasl.login.refresh.window.jitter = 0.05
	sasl.login.retry.backoff.max.ms = 10000
	sasl.login.retry.backoff.ms = 100
	sasl.mechanism = GSSAPI
	sasl.oauthbearer.clock.skew.seconds = 30
	sasl.oauthbearer.expected.audience = null
	sasl.oauthbearer.expected.issuer = null
	sasl.oauthbearer.header.urlencode = false
	sasl.oauthbearer.jwks.endpoint.refresh.ms = 3600000
	sasl.oauthbearer.jwks.endpoint.retry.backoff.max.ms = 10000
	sasl.oauthbearer.jwks.endpoint.retry.backoff.ms = 100
	sasl.oauthbearer.jwks.endpoint.url = null
	sasl.oauthbearer.scope.claim.name = scope
	sasl.oauthbearer.sub.claim.name = sub
	sasl.oauthbearer.token.endpoint.url = null
	security.protocol = PLAINTEXT
	security.providers = null
	send.buffer.bytes = 131072
	socket.connection.setup.timeout.max.ms = 30000
	socket.connection.setup.timeout.ms = 10000
	ssl.cipher.suites = null
	ssl.enabled.protocols = [TLSv1.2, TLSv1.3]
	ssl.endpoint.identification.algorithm = https
	ssl.engine.factory.class = null
	ssl.key.password = null
	ssl.keymanager.algorithm = SunX509
	ssl.keystore.certificate.chain = null
	ssl.keystore.key = null
	ssl.keystore.location = null
	ssl.keystore.password = null
	ssl.keystore.type = JKS
	ssl.protocol = TLSv1.3
	ssl.provider = null
	ssl.secure.random.implementation = null
	ssl.trustmanager.algorithm = PKIX
	ssl.truststore.certificates = null
	ssl.truststore.location = null
	ssl.truststore.password = null
	ssl.truststore.type = JKS
	transaction.timeout.ms = 60000
	transactional.id = null
	value.serializer = class io.apicurio.registry.serde.avro.AvroKafkaSerializer

2025-08-12 17:25:40,391 INFO  [org.apa.kaf.com.tel.int.KafkaMetricsCollector] (main) initializing Kafka metrics collector
2025-08-12 17:25:40,394 INFO  [org.apa.kaf.cli.pro.KafkaProducer] (main) [Producer clientId=Producer-topic-798b29e1_7100_4285_b233_266820e9aac7] Instantiated an idempotent producer.
2025-08-12 17:25:40,396 INFO  [org.apa.kaf.cli.pro.ProducerConfig] (main) These configurations '[apicurio.registry.url, apicurio.registry.artifact-resolver-strategy]' were supplied but are not used yet.
2025-08-12 17:25:40,396 INFO  [org.apa.kaf.com.uti.AppInfoParser] (main) Kafka version: 3.9.1
2025-08-12 17:25:40,396 INFO  [org.apa.kaf.com.uti.AppInfoParser] (main) Kafka commitId: f745dfdcee2b9851
2025-08-12 17:25:40,396 INFO  [org.apa.kaf.com.uti.AppInfoParser] (main) Kafka startTimeMs: 1755019540396
**** Registry Base URL: http://registry-app-ksql047.apps.ci419.apicurio-testing.org:80
2025-08-12 17:25:40,396 INFO  [org.apa.kaf.cli.con.ConsumerConfig] (main) ConsumerConfig values: 
	allow.auto.create.topics = true
	auto.commit.interval.ms = 500
	auto.include.jmx.reporter = true
	auto.offset.reset = earliest
	bootstrap.servers = [PLAINTEXT://localhost:32769]
	check.crcs = true
	client.dns.lookup = use_all_dns_ips
	client.id = consumer-Consumer-topic-798b29e1_7100_4285_b233_266820e9aac7-9
	client.rack = 
	connections.max.idle.ms = 10000
	default.api.timeout.ms = 60000
	enable.auto.commit = true
	enable.metrics.push = true
	exclude.internal.topics = true
	fetch.max.bytes = 52428800
	fetch.max.wait.ms = 500
	fetch.min.bytes = 1
	group.id = Consumer-topic-798b29e1_7100_4285_b233_266820e9aac7
	group.instance.id = null
	group.protocol = classic
	group.remote.assignor = null
	heartbeat.interval.ms = 3000
	interceptor.classes = []
	internal.leave.group.on.close = true
	internal.throw.on.fetch.stable.offset.unsupported = false
	isolation.level = read_uncommitted
	key.deserializer = class org.apache.kafka.common.serialization.StringDeserializer
	max.partition.fetch.bytes = 1048576
	max.poll.interval.ms = 300000
	max.poll.records = 500
	metadata.max.age.ms = 300000
	metadata.recovery.strategy = none
	metric.reporters = []
	metrics.num.samples = 2
	metrics.recording.level = INFO
	metrics.sample.window.ms = 30000
	partition.assignment.strategy = [class org.apache.kafka.clients.consumer.RangeAssignor, class org.apache.kafka.clients.consumer.CooperativeStickyAssignor]
	receive.buffer.bytes = 65536
	reconnect.backoff.max.ms = 1000
	reconnect.backoff.ms = 50
	request.timeout.ms = 5000
	retry.backoff.max.ms = 1000
	retry.backoff.ms = 100
	sasl.client.callback.handler.class = null
	sasl.jaas.config = null
	sasl.kerberos.kinit.cmd = /usr/bin/kinit
	sasl.kerberos.min.time.before.relogin = 60000
	sasl.kerberos.service.name = null
	sasl.kerberos.ticket.renew.jitter = 0.05
	sasl.kerberos.ticket.renew.window.factor = 0.8
	sasl.login.callback.handler.class = null
	sasl.login.class = null
	sasl.login.connect.timeout.ms = null
	sasl.login.read.timeout.ms = null
	sasl.login.refresh.buffer.seconds = 300
	sasl.login.refresh.min.period.seconds = 60
	sasl.login.refresh.window.factor = 0.8
	sasl.login.refresh.window.jitter = 0.05
	sasl.login.retry.backoff.max.ms = 10000
	sasl.login.retry.backoff.ms = 100
	sasl.mechanism = GSSAPI
	sasl.oauthbearer.clock.skew.seconds = 30
	sasl.oauthbearer.expected.audience = null
	sasl.oauthbearer.expected.issuer = null
	sasl.oauthbearer.header.urlencode = false
	sasl.oauthbearer.jwks.endpoint.refresh.ms = 3600000
	sasl.oauthbearer.jwks.endpoint.retry.backoff.max.ms = 10000
	sasl.oauthbearer.jwks.endpoint.retry.backoff.ms = 100
	sasl.oauthbearer.jwks.endpoint.url = null
	sasl.oauthbearer.scope.claim.name = scope
	sasl.oauthbearer.sub.claim.name = sub
	sasl.oauthbearer.token.endpoint.url = null
	security.protocol = PLAINTEXT
	security.providers = null
	send.buffer.bytes = 131072
	session.timeout.ms = 45000
	socket.connection.setup.timeout.max.ms = 30000
	socket.connection.setup.timeout.ms = 10000
	ssl.cipher.suites = null
	ssl.enabled.protocols = [TLSv1.2, TLSv1.3]
	ssl.endpoint.identification.algorithm = https
	ssl.engine.factory.class = null
	ssl.key.password = null
	ssl.keymanager.algorithm = SunX509
	ssl.keystore.certificate.chain = null
	ssl.keystore.key = null
	ssl.keystore.location = null
	ssl.keystore.password = null
	ssl.keystore.type = JKS
	ssl.protocol = TLSv1.3
	ssl.provider = null
	ssl.secure.random.implementation = null
	ssl.trustmanager.algorithm = PKIX
	ssl.truststore.certificates = null
	ssl.truststore.location = null
	ssl.truststore.password = null
	ssl.truststore.type = JKS
	value.deserializer = class io.apicurio.registry.serde.avro.AvroKafkaDeserializer

2025-08-12 17:25:40,397 INFO  [org.apa.kaf.com.tel.int.KafkaMetricsCollector] (main) initializing Kafka metrics collector
2025-08-12 17:25:40,403 INFO  [org.apa.kaf.cli.Metadata] (kafka-producer-network-thread | Producer-topic-798b29e1_7100_4285_b233_266820e9aac7) [Producer clientId=Producer-topic-798b29e1_7100_4285_b233_266820e9aac7] Cluster ID: HDV_o9asQruzQakuWK8_NQ
2025-08-12 17:25:40,404 INFO  [org.apa.kaf.cli.pro.int.TransactionManager] (kafka-producer-network-thread | Producer-topic-798b29e1_7100_4285_b233_266820e9aac7) [Producer clientId=Producer-topic-798b29e1_7100_4285_b233_266820e9aac7] ProducerId set to 11 with epoch 0
2025-08-12 17:25:40,411 INFO  [org.apa.kaf.cli.con.ConsumerConfig] (main) These configurations '[apicurio.registry.url]' were supplied but are not used yet.
2025-08-12 17:25:40,411 INFO  [org.apa.kaf.com.uti.AppInfoParser] (main) Kafka version: 3.9.1
2025-08-12 17:25:40,411 INFO  [org.apa.kaf.com.uti.AppInfoParser] (main) Kafka commitId: f745dfdcee2b9851
2025-08-12 17:25:40,411 INFO  [org.apa.kaf.com.uti.AppInfoParser] (main) Kafka startTimeMs: 1755019540411
2025-08-12 17:25:40,413 INFO  [io.api.tes.ser.api.KafkaSerdesTester] (Thread-659) Sending message {"key11755019539265": "value-0"} to topic topic-798b29e1_7100_4285_b233_266820e9aac7
2025-08-12 17:25:40,417 INFO  [DefaultSchemaResolver] (Thread-659) Retrieving schema content using string: {"type":"record","name":"s92570512xf932x4fcbx9730x66bd930843b4","namespace":"ns_f6c32489_3a17_40a0_ba88_206b2b763d6d","fields":[{"name":"key11755019539265","type":"string"}]}
2025-08-12 17:25:40,504 INFO  [io.api.tes.ser.api.KafkaSerdesTester] (Thread-659) Sending message {"key11755019539265": "value-1"} to topic topic-798b29e1_7100_4285_b233_266820e9aac7
2025-08-12 17:25:40,506 INFO  [io.api.tes.ser.api.KafkaSerdesTester] (Thread-659) Sending message {"key11755019539265": "value-2"} to topic topic-798b29e1_7100_4285_b233_266820e9aac7
2025-08-12 17:25:40,509 INFO  [io.api.tes.ser.api.KafkaSerdesTester] (Thread-659) Sending message {"key11755019539265": "value-3"} to topic topic-798b29e1_7100_4285_b233_266820e9aac7
2025-08-12 17:25:40,511 INFO  [io.api.tes.ser.api.KafkaSerdesTester] (Thread-659) Sending message {"key11755019539265": "value-4"} to topic topic-798b29e1_7100_4285_b233_266820e9aac7
2025-08-12 17:25:40,513 INFO  [io.api.tes.ser.api.KafkaSerdesTester] (Thread-659) Sending message {"key11755019539265": "value-5"} to topic topic-798b29e1_7100_4285_b233_266820e9aac7
2025-08-12 17:25:40,515 INFO  [io.api.tes.ser.api.KafkaSerdesTester] (Thread-659) Sending message {"key11755019539265": "value-6"} to topic topic-798b29e1_7100_4285_b233_266820e9aac7
2025-08-12 17:25:40,517 INFO  [io.api.tes.ser.api.KafkaSerdesTester] (Thread-659) Sending message {"key11755019539265": "value-7"} to topic topic-798b29e1_7100_4285_b233_266820e9aac7
2025-08-12 17:25:40,519 INFO  [io.api.tes.ser.api.KafkaSerdesTester] (Thread-659) Sending message {"key11755019539265": "value-8"} to topic topic-798b29e1_7100_4285_b233_266820e9aac7
2025-08-12 17:25:40,521 INFO  [io.api.tes.ser.api.KafkaSerdesTester] (Thread-659) Sending message {"key11755019539265": "value-9"} to topic topic-798b29e1_7100_4285_b233_266820e9aac7
2025-08-12 17:25:40,522 INFO  [io.api.tes.ser.api.KafkaSerdesTester] (Thread-659) Produced 10 messages
2025-08-12 17:25:40,523 INFO  [org.apa.kaf.cli.con.int.ClassicKafkaConsumer] (Thread-660) [Consumer clientId=consumer-Consumer-topic-798b29e1_7100_4285_b233_266820e9aac7-9, groupId=Consumer-topic-798b29e1_7100_4285_b233_266820e9aac7] Subscribed to topic(s): topic-798b29e1_7100_4285_b233_266820e9aac7
2025-08-12 17:25:40,527 INFO  [org.apa.kaf.cli.Metadata] (Thread-660) [Consumer clientId=consumer-Consumer-topic-798b29e1_7100_4285_b233_266820e9aac7-9, groupId=Consumer-topic-798b29e1_7100_4285_b233_266820e9aac7] Cluster ID: HDV_o9asQruzQakuWK8_NQ
2025-08-12 17:25:40,528 INFO  [org.apa.kaf.cli.con.int.ConsumerCoordinator] (Thread-660) [Consumer clientId=consumer-Consumer-topic-798b29e1_7100_4285_b233_266820e9aac7-9, groupId=Consumer-topic-798b29e1_7100_4285_b233_266820e9aac7] Discovered group coordinator localhost:32769 (id: 2147483647 rack: null)
2025-08-12 17:25:40,529 INFO  [org.apa.kaf.cli.con.int.ConsumerCoordinator] (Thread-660) [Consumer clientId=consumer-Consumer-topic-798b29e1_7100_4285_b233_266820e9aac7-9, groupId=Consumer-topic-798b29e1_7100_4285_b233_266820e9aac7] (Re-)joining group
2025-08-12 17:25:40,532 INFO  [org.apa.kaf.cli.con.int.ConsumerCoordinator] (Thread-660) [Consumer clientId=consumer-Consumer-topic-798b29e1_7100_4285_b233_266820e9aac7-9, groupId=Consumer-topic-798b29e1_7100_4285_b233_266820e9aac7] Request joining group due to: need to re-join with the given member-id: consumer-Consumer-topic-798b29e1_7100_4285_b233_266820e9aac7-9-1b3cc678-2e25-4f34-9e50-3744e751484b
2025-08-12 17:25:40,532 INFO  [org.apa.kaf.cli.con.int.ConsumerCoordinator] (Thread-660) [Consumer clientId=consumer-Consumer-topic-798b29e1_7100_4285_b233_266820e9aac7-9, groupId=Consumer-topic-798b29e1_7100_4285_b233_266820e9aac7] (Re-)joining group
2025-08-12 17:25:41,523 INFO  [io.api.tes.ser.api.KafkaSerdesTester] (Thread-660) None found
2025-08-12 17:25:42,524 INFO  [io.api.tes.ser.api.KafkaSerdesTester] (Thread-660) None found
2025-08-12 17:25:43,524 INFO  [io.api.tes.ser.api.KafkaSerdesTester] (Thread-660) None found
2025-08-12 17:25:43,535 INFO  [org.apa.kaf.cli.con.int.ConsumerCoordinator] (Thread-660) [Consumer clientId=consumer-Consumer-topic-798b29e1_7100_4285_b233_266820e9aac7-9, groupId=Consumer-topic-798b29e1_7100_4285_b233_266820e9aac7] Successfully joined group with generation Generation{generationId=1, memberId='consumer-Consumer-topic-798b29e1_7100_4285_b233_266820e9aac7-9-1b3cc678-2e25-4f34-9e50-3744e751484b', protocol='range'}
2025-08-12 17:25:43,535 INFO  [org.apa.kaf.cli.con.int.ConsumerCoordinator] (Thread-660) [Consumer clientId=consumer-Consumer-topic-798b29e1_7100_4285_b233_266820e9aac7-9, groupId=Consumer-topic-798b29e1_7100_4285_b233_266820e9aac7] Finished assignment for group at generation 1: {consumer-Consumer-topic-798b29e1_7100_4285_b233_266820e9aac7-9-1b3cc678-2e25-4f34-9e50-3744e751484b=Assignment(partitions=[topic-798b29e1_7100_4285_b233_266820e9aac7-0])}
2025-08-12 17:25:43,542 INFO  [org.apa.kaf.cli.con.int.ConsumerCoordinator] (Thread-660) [Consumer clientId=consumer-Consumer-topic-798b29e1_7100_4285_b233_266820e9aac7-9, groupId=Consumer-topic-798b29e1_7100_4285_b233_266820e9aac7] Successfully synced group in generation Generation{generationId=1, memberId='consumer-Consumer-topic-798b29e1_7100_4285_b233_266820e9aac7-9-1b3cc678-2e25-4f34-9e50-3744e751484b', protocol='range'}
2025-08-12 17:25:43,542 INFO  [org.apa.kaf.cli.con.int.ConsumerCoordinator] (Thread-660) [Consumer clientId=consumer-Consumer-topic-798b29e1_7100_4285_b233_266820e9aac7-9, groupId=Consumer-topic-798b29e1_7100_4285_b233_266820e9aac7] Notifying assignor about the new Assignment(partitions=[topic-798b29e1_7100_4285_b233_266820e9aac7-0])
2025-08-12 17:25:43,542 INFO  [org.apa.kaf.cli.con.int.ConsumerRebalanceListenerInvoker] (Thread-660) [Consumer clientId=consumer-Consumer-topic-798b29e1_7100_4285_b233_266820e9aac7-9, groupId=Consumer-topic-798b29e1_7100_4285_b233_266820e9aac7] Adding newly assigned partitions: topic-798b29e1_7100_4285_b233_266820e9aac7-0
2025-08-12 17:25:43,543 INFO  [org.apa.kaf.cli.con.int.ConsumerCoordinator] (Thread-660) [Consumer clientId=consumer-Consumer-topic-798b29e1_7100_4285_b233_266820e9aac7-9, groupId=Consumer-topic-798b29e1_7100_4285_b233_266820e9aac7] Found no committed offset for partition topic-798b29e1_7100_4285_b233_266820e9aac7-0
2025-08-12 17:25:43,547 INFO  [org.apa.kaf.cli.con.int.SubscriptionState] (Thread-660) [Consumer clientId=consumer-Consumer-topic-798b29e1_7100_4285_b233_266820e9aac7-9, groupId=Consumer-topic-798b29e1_7100_4285_b233_266820e9aac7] Resetting offset for partition topic-798b29e1_7100_4285_b233_266820e9aac7-0 to position FetchPosition{offset=0, offsetEpoch=Optional.empty, currentLeader=LeaderAndEpoch{leader=Optional[localhost:32769 (id: 0 rack: null)], epoch=0}}.
2025-08-12 17:25:43,663 INFO  [io.api.tes.ser.api.KafkaSerdesTester] (Thread-660) topic-798b29e1_7100_4285_b233_266820e9aac7 0 0 {"key11755019539265": "value-0"}
2025-08-12 17:25:43,663 INFO  [io.api.tes.ser.api.KafkaSerdesTester] (Thread-660) topic-798b29e1_7100_4285_b233_266820e9aac7 0 1 {"key11755019539265": "value-1"}
2025-08-12 17:25:43,663 INFO  [io.api.tes.ser.api.KafkaSerdesTester] (Thread-660) topic-798b29e1_7100_4285_b233_266820e9aac7 0 2 {"key11755019539265": "value-2"}
2025-08-12 17:25:43,664 INFO  [io.api.tes.ser.api.KafkaSerdesTester] (Thread-660) topic-798b29e1_7100_4285_b233_266820e9aac7 0 3 {"key11755019539265": "value-3"}
2025-08-12 17:25:43,664 INFO  [io.api.tes.ser.api.KafkaSerdesTester] (Thread-660) topic-798b29e1_7100_4285_b233_266820e9aac7 0 4 {"key11755019539265": "value-4"}
2025-08-12 17:25:43,664 INFO  [io.api.tes.ser.api.KafkaSerdesTester] (Thread-660) topic-798b29e1_7100_4285_b233_266820e9aac7 0 5 {"key11755019539265": "value-5"}
2025-08-12 17:25:43,664 INFO  [io.api.tes.ser.api.KafkaSerdesTester] (Thread-660) topic-798b29e1_7100_4285_b233_266820e9aac7 0 6 {"key11755019539265": "value-6"}
2025-08-12 17:25:43,664 INFO  [io.api.tes.ser.api.KafkaSerdesTester] (Thread-660) topic-798b29e1_7100_4285_b233_266820e9aac7 0 7 {"key11755019539265": "value-7"}
2025-08-12 17:25:43,664 INFO  [io.api.tes.ser.api.KafkaSerdesTester] (Thread-660) topic-798b29e1_7100_4285_b233_266820e9aac7 0 8 {"key11755019539265": "value-8"}
2025-08-12 17:25:43,664 INFO  [io.api.tes.ser.api.KafkaSerdesTester] (Thread-660) topic-798b29e1_7100_4285_b233_266820e9aac7 0 9 {"key11755019539265": "value-9"}
2025-08-12 17:25:43,664 INFO  [io.api.tes.ser.api.KafkaSerdesTester] (Thread-660) Consumed 10 messages
2025-08-12 17:25:43,664 INFO  [io.api.tes.ser.api.AvroSerdeIT] (main) Registering Avro Schema 2: {"type":"record","name":"s92570512xf932x4fcbx9730x66bd930843b4","namespace":"ns_f6c32489_3a17_40a0_ba88_206b2b763d6d","fields":[{"name":"key11755019539265","type":"string"},{"name":"key21755019543664","type":"string"}]}
2025-08-12 17:25:44,791 INFO  [io.api.tes.ser.api.KafkaSerdesTester] (Thread-661) Sending message {"key11755019539265": "value-0", "key21755019543664": "value-0"} to topic topic-798b29e1_7100_4285_b233_266820e9aac7
2025-08-12 17:25:44,791 INFO  [DefaultSchemaResolver] (Thread-661) Retrieving schema content using string: {"type":"record","name":"s92570512xf932x4fcbx9730x66bd930843b4","namespace":"ns_f6c32489_3a17_40a0_ba88_206b2b763d6d","fields":[{"name":"key11755019539265","type":"string"},{"name":"key21755019543664","type":"string"}]}
2025-08-12 17:25:44,837 INFO  [io.api.tes.ser.api.KafkaSerdesTester] (Thread-661) Sending message {"key11755019539265": "value-1", "key21755019543664": "value-1"} to topic topic-798b29e1_7100_4285_b233_266820e9aac7
2025-08-12 17:25:44,839 INFO  [io.api.tes.ser.api.KafkaSerdesTester] (Thread-661) Sending message {"key11755019539265": "value-2", "key21755019543664": "value-2"} to topic topic-798b29e1_7100_4285_b233_266820e9aac7
2025-08-12 17:25:44,841 INFO  [io.api.tes.ser.api.KafkaSerdesTester] (Thread-661) Sending message {"key11755019539265": "value-3", "key21755019543664": "value-3"} to topic topic-798b29e1_7100_4285_b233_266820e9aac7
2025-08-12 17:25:44,843 INFO  [io.api.tes.ser.api.KafkaSerdesTester] (Thread-661) Sending message {"key11755019539265": "value-4", "key21755019543664": "value-4"} to topic topic-798b29e1_7100_4285_b233_266820e9aac7
2025-08-12 17:25:44,844 INFO  [io.api.tes.ser.api.KafkaSerdesTester] (Thread-661) Sending message {"key11755019539265": "value-5", "key21755019543664": "value-5"} to topic topic-798b29e1_7100_4285_b233_266820e9aac7
2025-08-12 17:25:44,847 INFO  [io.api.tes.ser.api.KafkaSerdesTester] (Thread-661) Sending message {"key11755019539265": "value-6", "key21755019543664": "value-6"} to topic topic-798b29e1_7100_4285_b233_266820e9aac7
2025-08-12 17:25:44,849 INFO  [io.api.tes.ser.api.KafkaSerdesTester] (Thread-661) Sending message {"key11755019539265": "value-7", "key21755019543664": "value-7"} to topic topic-798b29e1_7100_4285_b233_266820e9aac7
2025-08-12 17:25:44,850 INFO  [io.api.tes.ser.api.KafkaSerdesTester] (Thread-661) Sending message {"key11755019539265": "value-8", "key21755019543664": "value-8"} to topic topic-798b29e1_7100_4285_b233_266820e9aac7
2025-08-12 17:25:44,853 INFO  [io.api.tes.ser.api.KafkaSerdesTester] (Thread-661) Sending message {"key11755019539265": "value-9", "key21755019543664": "value-9"} to topic topic-798b29e1_7100_4285_b233_266820e9aac7
2025-08-12 17:25:44,855 INFO  [io.api.tes.ser.api.KafkaSerdesTester] (Thread-661) Produced 10 messages
2025-08-12 17:25:44,856 INFO  [io.api.tes.ser.api.KafkaSerdesTester] (Thread-662) Sending message {"key11755019539265": "value-0"} to topic topic-798b29e1_7100_4285_b233_266820e9aac7
2025-08-12 17:25:44,857 INFO  [io.api.tes.ser.api.KafkaSerdesTester] (Thread-662) Sending message {"key11755019539265": "value-1"} to topic topic-798b29e1_7100_4285_b233_266820e9aac7
2025-08-12 17:25:44,860 INFO  [io.api.tes.ser.api.KafkaSerdesTester] (Thread-662) Sending message {"key11755019539265": "value-2"} to topic topic-798b29e1_7100_4285_b233_266820e9aac7
2025-08-12 17:25:44,863 INFO  [io.api.tes.ser.api.KafkaSerdesTester] (Thread-662) Sending message {"key11755019539265": "value-3"} to topic topic-798b29e1_7100_4285_b233_266820e9aac7
2025-08-12 17:25:44,866 INFO  [io.api.tes.ser.api.KafkaSerdesTester] (Thread-662) Sending message {"key11755019539265": "value-4"} to topic topic-798b29e1_7100_4285_b233_266820e9aac7
2025-08-12 17:25:44,867 INFO  [io.api.tes.ser.api.KafkaSerdesTester] (Thread-662) Sending message {"key11755019539265": "value-5"} to topic topic-798b29e1_7100_4285_b233_266820e9aac7
2025-08-12 17:25:44,869 INFO  [io.api.tes.ser.api.KafkaSerdesTester] (Thread-662) Sending message {"key11755019539265": "value-6"} to topic topic-798b29e1_7100_4285_b233_266820e9aac7
2025-08-12 17:25:44,872 INFO  [io.api.tes.ser.api.KafkaSerdesTester] (Thread-662) Sending message {"key11755019539265": "value-7"} to topic topic-798b29e1_7100_4285_b233_266820e9aac7
2025-08-12 17:25:44,874 INFO  [io.api.tes.ser.api.KafkaSerdesTester] (Thread-662) Sending message {"key11755019539265": "value-8"} to topic topic-798b29e1_7100_4285_b233_266820e9aac7
2025-08-12 17:25:44,877 INFO  [io.api.tes.ser.api.KafkaSerdesTester] (Thread-662) Sending message {"key11755019539265": "value-9"} to topic topic-798b29e1_7100_4285_b233_266820e9aac7
2025-08-12 17:25:44,878 INFO  [io.api.tes.ser.api.KafkaSerdesTester] (Thread-662) Produced 10 messages
2025-08-12 17:25:44,879 INFO  [org.apa.kaf.cli.con.int.ClassicKafkaConsumer] (Thread-663) [Consumer clientId=consumer-Consumer-topic-798b29e1_7100_4285_b233_266820e9aac7-9, groupId=Consumer-topic-798b29e1_7100_4285_b233_266820e9aac7] Subscribed to topic(s): topic-798b29e1_7100_4285_b233_266820e9aac7
2025-08-12 17:25:44,962 INFO  [io.api.tes.ser.api.KafkaSerdesTester] (Thread-663) topic-798b29e1_7100_4285_b233_266820e9aac7 0 10 {"key11755019539265": "value-0", "key21755019543664": "value-0"}
2025-08-12 17:25:44,962 INFO  [io.api.tes.ser.api.KafkaSerdesTester] (Thread-663) topic-798b29e1_7100_4285_b233_266820e9aac7 0 11 {"key11755019539265": "value-1", "key21755019543664": "value-1"}
2025-08-12 17:25:44,962 INFO  [io.api.tes.ser.api.KafkaSerdesTester] (Thread-663) topic-798b29e1_7100_4285_b233_266820e9aac7 0 12 {"key11755019539265": "value-2", "key21755019543664": "value-2"}
2025-08-12 17:25:44,962 INFO  [io.api.tes.ser.api.KafkaSerdesTester] (Thread-663) topic-798b29e1_7100_4285_b233_266820e9aac7 0 13 {"key11755019539265": "value-3", "key21755019543664": "value-3"}
2025-08-12 17:25:44,962 INFO  [io.api.tes.ser.api.KafkaSerdesTester] (Thread-663) topic-798b29e1_7100_4285_b233_266820e9aac7 0 14 {"key11755019539265": "value-4", "key21755019543664": "value-4"}
2025-08-12 17:25:44,963 INFO  [io.api.tes.ser.api.KafkaSerdesTester] (Thread-663) topic-798b29e1_7100_4285_b233_266820e9aac7 0 15 {"key11755019539265": "value-5", "key21755019543664": "value-5"}
2025-08-12 17:25:44,963 INFO  [io.api.tes.ser.api.KafkaSerdesTester] (Thread-663) topic-798b29e1_7100_4285_b233_266820e9aac7 0 16 {"key11755019539265": "value-6", "key21755019543664": "value-6"}
2025-08-12 17:25:44,963 INFO  [io.api.tes.ser.api.KafkaSerdesTester] (Thread-663) topic-798b29e1_7100_4285_b233_266820e9aac7 0 17 {"key11755019539265": "value-7", "key21755019543664": "value-7"}
2025-08-12 17:25:44,963 INFO  [io.api.tes.ser.api.KafkaSerdesTester] (Thread-663) topic-798b29e1_7100_4285_b233_266820e9aac7 0 18 {"key11755019539265": "value-8", "key21755019543664": "value-8"}
2025-08-12 17:25:44,963 INFO  [io.api.tes.ser.api.KafkaSerdesTester] (Thread-663) topic-798b29e1_7100_4285_b233_266820e9aac7 0 19 {"key11755019539265": "value-9", "key21755019543664": "value-9"}
2025-08-12 17:25:44,963 INFO  [io.api.tes.ser.api.KafkaSerdesTester] (Thread-663) topic-798b29e1_7100_4285_b233_266820e9aac7 0 20 {"key11755019539265": "value-0"}
2025-08-12 17:25:44,963 INFO  [io.api.tes.ser.api.KafkaSerdesTester] (Thread-663) topic-798b29e1_7100_4285_b233_266820e9aac7 0 21 {"key11755019539265": "value-1"}
2025-08-12 17:25:44,963 INFO  [io.api.tes.ser.api.KafkaSerdesTester] (Thread-663) topic-798b29e1_7100_4285_b233_266820e9aac7 0 22 {"key11755019539265": "value-2"}
2025-08-12 17:25:44,963 INFO  [io.api.tes.ser.api.KafkaSerdesTester] (Thread-663) topic-798b29e1_7100_4285_b233_266820e9aac7 0 23 {"key11755019539265": "value-3"}
2025-08-12 17:25:44,963 INFO  [io.api.tes.ser.api.KafkaSerdesTester] (Thread-663) topic-798b29e1_7100_4285_b233_266820e9aac7 0 24 {"key11755019539265": "value-4"}
2025-08-12 17:25:44,963 INFO  [io.api.tes.ser.api.KafkaSerdesTester] (Thread-663) topic-798b29e1_7100_4285_b233_266820e9aac7 0 25 {"key11755019539265": "value-5"}
2025-08-12 17:25:44,963 INFO  [io.api.tes.ser.api.KafkaSerdesTester] (Thread-663) topic-798b29e1_7100_4285_b233_266820e9aac7 0 26 {"key11755019539265": "value-6"}
2025-08-12 17:25:44,963 INFO  [io.api.tes.ser.api.KafkaSerdesTester] (Thread-663) topic-798b29e1_7100_4285_b233_266820e9aac7 0 27 {"key11755019539265": "value-7"}
2025-08-12 17:25:44,963 INFO  [io.api.tes.ser.api.KafkaSerdesTester] (Thread-663) topic-798b29e1_7100_4285_b233_266820e9aac7 0 28 {"key11755019539265": "value-8"}
2025-08-12 17:25:44,963 INFO  [io.api.tes.ser.api.KafkaSerdesTester] (Thread-663) topic-798b29e1_7100_4285_b233_266820e9aac7 0 29 {"key11755019539265": "value-9"}
2025-08-12 17:25:44,963 INFO  [io.api.tes.ser.api.KafkaSerdesTester] (Thread-663) Consumed 20 messages
2025-08-12 17:25:44,964 INFO  [io.api.tes.ser.api.AvroSerdeIT] (main) Registering Avro Schema 3: {"type":"record","name":"s92570512xf932x4fcbx9730x66bd930843b4","namespace":"ns_f6c32489_3a17_40a0_ba88_206b2b763d6d","fields":[{"name":"key11755019539265","type":"string"},{"name":"key21755019543664","type":"string"},{"name":"key31755019544964","type":"string"}]}
2025-08-12 17:25:46,078 INFO  [io.api.tes.ser.api.KafkaSerdesTester] (Thread-664) Sending message {"key11755019539265": "value-0", "key21755019543664": "value-0", "key31755019544964": "value-0"} to topic topic-798b29e1_7100_4285_b233_266820e9aac7
2025-08-12 17:25:46,078 INFO  [DefaultSchemaResolver] (Thread-664) Retrieving schema content using string: {"type":"record","name":"s92570512xf932x4fcbx9730x66bd930843b4","namespace":"ns_f6c32489_3a17_40a0_ba88_206b2b763d6d","fields":[{"name":"key11755019539265","type":"string"},{"name":"key21755019543664","type":"string"},{"name":"key31755019544964","type":"string"}]}
2025-08-12 17:25:46,123 INFO  [io.api.tes.ser.api.KafkaSerdesTester] (Thread-664) Sending message {"key11755019539265": "value-1", "key21755019543664": "value-1", "key31755019544964": "value-1"} to topic topic-798b29e1_7100_4285_b233_266820e9aac7
2025-08-12 17:25:46,124 INFO  [io.api.tes.ser.api.KafkaSerdesTester] (Thread-664) Sending message {"key11755019539265": "value-2", "key21755019543664": "value-2", "key31755019544964": "value-2"} to topic topic-798b29e1_7100_4285_b233_266820e9aac7
2025-08-12 17:25:46,129 INFO  [io.api.tes.ser.api.KafkaSerdesTester] (Thread-664) Sending message {"key11755019539265": "value-3", "key21755019543664": "value-3", "key31755019544964": "value-3"} to topic topic-798b29e1_7100_4285_b233_266820e9aac7
2025-08-12 17:25:46,130 INFO  [io.api.tes.ser.api.KafkaSerdesTester] (Thread-664) Sending message {"key11755019539265": "value-4", "key21755019543664": "value-4", "key31755019544964": "value-4"} to topic topic-798b29e1_7100_4285_b233_266820e9aac7
2025-08-12 17:25:46,132 INFO  [io.api.tes.ser.api.KafkaSerdesTester] (Thread-664) Sending message {"key11755019539265": "value-5", "key21755019543664": "value-5", "key31755019544964": "value-5"} to topic topic-798b29e1_7100_4285_b233_266820e9aac7
2025-08-12 17:25:46,137 INFO  [io.api.tes.ser.api.KafkaSerdesTester] (Thread-664) Sending message {"key11755019539265": "value-6", "key21755019543664": "value-6", "key31755019544964": "value-6"} to topic topic-798b29e1_7100_4285_b233_266820e9aac7
2025-08-12 17:25:46,139 INFO  [io.api.tes.ser.api.KafkaSerdesTester] (Thread-664) Sending message {"key11755019539265": "value-7", "key21755019543664": "value-7", "key31755019544964": "value-7"} to topic topic-798b29e1_7100_4285_b233_266820e9aac7
2025-08-12 17:25:46,141 INFO  [io.api.tes.ser.api.KafkaSerdesTester] (Thread-664) Sending message {"key11755019539265": "value-8", "key21755019543664": "value-8", "key31755019544964": "value-8"} to topic topic-798b29e1_7100_4285_b233_266820e9aac7
2025-08-12 17:25:46,144 INFO  [io.api.tes.ser.api.KafkaSerdesTester] (Thread-664) Sending message {"key11755019539265": "value-9", "key21755019543664": "value-9", "key31755019544964": "value-9"} to topic topic-798b29e1_7100_4285_b233_266820e9aac7
2025-08-12 17:25:46,146 INFO  [io.api.tes.ser.api.KafkaSerdesTester] (Thread-664) Produced 10 messages
2025-08-12 17:25:46,146 INFO  [io.api.tes.ser.api.KafkaSerdesTester] (Thread-665) Sending message {"key11755019539265": "value-0", "key21755019543664": "value-0"} to topic topic-798b29e1_7100_4285_b233_266820e9aac7
2025-08-12 17:25:46,148 INFO  [io.api.tes.ser.api.KafkaSerdesTester] (Thread-665) Sending message {"key11755019539265": "value-1", "key21755019543664": "value-1"} to topic topic-798b29e1_7100_4285_b233_266820e9aac7
2025-08-12 17:25:46,149 INFO  [io.api.tes.ser.api.KafkaSerdesTester] (Thread-665) Sending message {"key11755019539265": "value-2", "key21755019543664": "value-2"} to topic topic-798b29e1_7100_4285_b233_266820e9aac7
2025-08-12 17:25:46,153 INFO  [io.api.tes.ser.api.KafkaSerdesTester] (Thread-665) Sending message {"key11755019539265": "value-3", "key21755019543664": "value-3"} to topic topic-798b29e1_7100_4285_b233_266820e9aac7
2025-08-12 17:25:46,154 INFO  [io.api.tes.ser.api.KafkaSerdesTester] (Thread-665) Sending message {"key11755019539265": "value-4", "key21755019543664": "value-4"} to topic topic-798b29e1_7100_4285_b233_266820e9aac7
2025-08-12 17:25:46,156 INFO  [io.api.tes.ser.api.KafkaSerdesTester] (Thread-665) Sending message {"key11755019539265": "value-5", "key21755019543664": "value-5"} to topic topic-798b29e1_7100_4285_b233_266820e9aac7
2025-08-12 17:25:46,157 INFO  [io.api.tes.ser.api.KafkaSerdesTester] (Thread-665) Sending message {"key11755019539265": "value-6", "key21755019543664": "value-6"} to topic topic-798b29e1_7100_4285_b233_266820e9aac7
2025-08-12 17:25:46,161 INFO  [io.api.tes.ser.api.KafkaSerdesTester] (Thread-665) Sending message {"key11755019539265": "value-7", "key21755019543664": "value-7"} to topic topic-798b29e1_7100_4285_b233_266820e9aac7
2025-08-12 17:25:46,165 INFO  [io.api.tes.ser.api.KafkaSerdesTester] (Thread-665) Sending message {"key11755019539265": "value-8", "key21755019543664": "value-8"} to topic topic-798b29e1_7100_4285_b233_266820e9aac7
2025-08-12 17:25:46,168 INFO  [io.api.tes.ser.api.KafkaSerdesTester] (Thread-665) Sending message {"key11755019539265": "value-9", "key21755019543664": "value-9"} to topic topic-798b29e1_7100_4285_b233_266820e9aac7
2025-08-12 17:25:46,169 INFO  [io.api.tes.ser.api.KafkaSerdesTester] (Thread-665) Produced 10 messages
2025-08-12 17:25:46,170 INFO  [io.api.tes.ser.api.KafkaSerdesTester] (Thread-666) Sending message {"key11755019539265": "value-0"} to topic topic-798b29e1_7100_4285_b233_266820e9aac7
2025-08-12 17:25:46,171 INFO  [io.api.tes.ser.api.KafkaSerdesTester] (Thread-666) Sending message {"key11755019539265": "value-1"} to topic topic-798b29e1_7100_4285_b233_266820e9aac7
2025-08-12 17:25:46,173 INFO  [io.api.tes.ser.api.KafkaSerdesTester] (Thread-666) Sending message {"key11755019539265": "value-2"} to topic topic-798b29e1_7100_4285_b233_266820e9aac7
2025-08-12 17:25:46,174 INFO  [io.api.tes.ser.api.KafkaSerdesTester] (Thread-666) Sending message {"key11755019539265": "value-3"} to topic topic-798b29e1_7100_4285_b233_266820e9aac7
2025-08-12 17:25:46,178 INFO  [io.api.tes.ser.api.KafkaSerdesTester] (Thread-666) Sending message {"key11755019539265": "value-4"} to topic topic-798b29e1_7100_4285_b233_266820e9aac7
2025-08-12 17:25:46,179 INFO  [io.api.tes.ser.api.KafkaSerdesTester] (Thread-666) Sending message {"key11755019539265": "value-5"} to topic topic-798b29e1_7100_4285_b233_266820e9aac7
2025-08-12 17:25:46,181 INFO  [io.api.tes.ser.api.KafkaSerdesTester] (Thread-666) Sending message {"key11755019539265": "value-6"} to topic topic-798b29e1_7100_4285_b233_266820e9aac7
2025-08-12 17:25:46,182 INFO  [io.api.tes.ser.api.KafkaSerdesTester] (Thread-666) Sending message {"key11755019539265": "value-7"} to topic topic-798b29e1_7100_4285_b233_266820e9aac7
2025-08-12 17:25:46,184 INFO  [io.api.tes.ser.api.KafkaSerdesTester] (Thread-666) Sending message {"key11755019539265": "value-8"} to topic topic-798b29e1_7100_4285_b233_266820e9aac7
2025-08-12 17:25:46,186 INFO  [io.api.tes.ser.api.KafkaSerdesTester] (Thread-666) Sending message {"key11755019539265": "value-9"} to topic topic-798b29e1_7100_4285_b233_266820e9aac7
2025-08-12 17:25:46,188 INFO  [io.api.tes.ser.api.KafkaSerdesTester] (Thread-666) Produced 10 messages
2025-08-12 17:25:46,189 INFO  [org.apa.kaf.cli.con.int.ClassicKafkaConsumer] (Thread-667) [Consumer clientId=consumer-Consumer-topic-798b29e1_7100_4285_b233_266820e9aac7-9, groupId=Consumer-topic-798b29e1_7100_4285_b233_266820e9aac7] Subscribed to topic(s): topic-798b29e1_7100_4285_b233_266820e9aac7
2025-08-12 17:25:46,274 INFO  [io.api.tes.ser.api.KafkaSerdesTester] (Thread-667) topic-798b29e1_7100_4285_b233_266820e9aac7 0 30 {"key11755019539265": "value-0", "key21755019543664": "value-0", "key31755019544964": "value-0"}
2025-08-12 17:25:46,274 INFO  [io.api.tes.ser.api.KafkaSerdesTester] (Thread-667) topic-798b29e1_7100_4285_b233_266820e9aac7 0 31 {"key11755019539265": "value-1", "key21755019543664": "value-1", "key31755019544964": "value-1"}
2025-08-12 17:25:46,274 INFO  [io.api.tes.ser.api.KafkaSerdesTester] (Thread-667) topic-798b29e1_7100_4285_b233_266820e9aac7 0 32 {"key11755019539265": "value-2", "key21755019543664": "value-2", "key31755019544964": "value-2"}
2025-08-12 17:25:46,274 INFO  [io.api.tes.ser.api.KafkaSerdesTester] (Thread-667) topic-798b29e1_7100_4285_b233_266820e9aac7 0 33 {"key11755019539265": "value-3", "key21755019543664": "value-3", "key31755019544964": "value-3"}
2025-08-12 17:25:46,275 INFO  [io.api.tes.ser.api.KafkaSerdesTester] (Thread-667) topic-798b29e1_7100_4285_b233_266820e9aac7 0 34 {"key11755019539265": "value-4", "key21755019543664": "value-4", "key31755019544964": "value-4"}
2025-08-12 17:25:46,275 INFO  [io.api.tes.ser.api.KafkaSerdesTester] (Thread-667) topic-798b29e1_7100_4285_b233_266820e9aac7 0 35 {"key11755019539265": "value-5", "key21755019543664": "value-5", "key31755019544964": "value-5"}
2025-08-12 17:25:46,275 INFO  [io.api.tes.ser.api.KafkaSerdesTester] (Thread-667) topic-798b29e1_7100_4285_b233_266820e9aac7 0 36 {"key11755019539265": "value-6", "key21755019543664": "value-6", "key31755019544964": "value-6"}
2025-08-12 17:25:46,275 INFO  [io.api.tes.ser.api.KafkaSerdesTester] (Thread-667) topic-798b29e1_7100_4285_b233_266820e9aac7 0 37 {"key11755019539265": "value-7", "key21755019543664": "value-7", "key31755019544964": "value-7"}
2025-08-12 17:25:46,275 INFO  [io.api.tes.ser.api.KafkaSerdesTester] (Thread-667) topic-798b29e1_7100_4285_b233_266820e9aac7 0 38 {"key11755019539265": "value-8", "key21755019543664": "value-8", "key31755019544964": "value-8"}
2025-08-12 17:25:46,275 INFO  [io.api.tes.ser.api.KafkaSerdesTester] (Thread-667) topic-798b29e1_7100_4285_b233_266820e9aac7 0 39 {"key11755019539265": "value-9", "key21755019543664": "value-9", "key31755019544964": "value-9"}
2025-08-12 17:25:46,275 INFO  [io.api.tes.ser.api.KafkaSerdesTester] (Thread-667) topic-798b29e1_7100_4285_b233_266820e9aac7 0 40 {"key11755019539265": "value-0", "key21755019543664": "value-0"}
2025-08-12 17:25:46,275 INFO  [io.api.tes.ser.api.KafkaSerdesTester] (Thread-667) topic-798b29e1_7100_4285_b233_266820e9aac7 0 41 {"key11755019539265": "value-1", "key21755019543664": "value-1"}
2025-08-12 17:25:46,275 INFO  [io.api.tes.ser.api.KafkaSerdesTester] (Thread-667) topic-798b29e1_7100_4285_b233_266820e9aac7 0 42 {"key11755019539265": "value-2", "key21755019543664": "value-2"}
2025-08-12 17:25:46,275 INFO  [io.api.tes.ser.api.KafkaSerdesTester] (Thread-667) topic-798b29e1_7100_4285_b233_266820e9aac7 0 43 {"key11755019539265": "value-3", "key21755019543664": "value-3"}
2025-08-12 17:25:46,275 INFO  [io.api.tes.ser.api.KafkaSerdesTester] (Thread-667) topic-798b29e1_7100_4285_b233_266820e9aac7 0 44 {"key11755019539265": "value-4", "key21755019543664": "value-4"}
2025-08-12 17:25:46,275 INFO  [io.api.tes.ser.api.KafkaSerdesTester] (Thread-667) topic-798b29e1_7100_4285_b233_266820e9aac7 0 45 {"key11755019539265": "value-5", "key21755019543664": "value-5"}
2025-08-12 17:25:46,276 INFO  [io.api.tes.ser.api.KafkaSerdesTester] (Thread-667) topic-798b29e1_7100_4285_b233_266820e9aac7 0 46 {"key11755019539265": "value-6", "key21755019543664": "value-6"}
2025-08-12 17:25:46,276 INFO  [io.api.tes.ser.api.KafkaSerdesTester] (Thread-667) topic-798b29e1_7100_4285_b233_266820e9aac7 0 47 {"key11755019539265": "value-7", "key21755019543664": "value-7"}
2025-08-12 17:25:46,276 INFO  [io.api.tes.ser.api.KafkaSerdesTester] (Thread-667) topic-798b29e1_7100_4285_b233_266820e9aac7 0 48 {"key11755019539265": "value-8", "key21755019543664": "value-8"}
2025-08-12 17:25:46,276 INFO  [io.api.tes.ser.api.KafkaSerdesTester] (Thread-667) topic-798b29e1_7100_4285_b233_266820e9aac7 0 49 {"key11755019539265": "value-9", "key21755019543664": "value-9"}
2025-08-12 17:25:46,276 INFO  [io.api.tes.ser.api.KafkaSerdesTester] (Thread-667) topic-798b29e1_7100_4285_b233_266820e9aac7 0 50 {"key11755019539265": "value-0"}
2025-08-12 17:25:46,276 INFO  [io.api.tes.ser.api.KafkaSerdesTester] (Thread-667) topic-798b29e1_7100_4285_b233_266820e9aac7 0 51 {"key11755019539265": "value-1"}
2025-08-12 17:25:46,276 INFO  [io.api.tes.ser.api.KafkaSerdesTester] (Thread-667) topic-798b29e1_7100_4285_b233_266820e9aac7 0 52 {"key11755019539265": "value-2"}
2025-08-12 17:25:46,276 INFO  [io.api.tes.ser.api.KafkaSerdesTester] (Thread-667) topic-798b29e1_7100_4285_b233_266820e9aac7 0 53 {"key11755019539265": "value-3"}
2025-08-12 17:25:46,276 INFO  [io.api.tes.ser.api.KafkaSerdesTester] (Thread-667) topic-798b29e1_7100_4285_b233_266820e9aac7 0 54 {"key11755019539265": "value-4"}
2025-08-12 17:25:46,276 INFO  [io.api.tes.ser.api.KafkaSerdesTester] (Thread-667) topic-798b29e1_7100_4285_b233_266820e9aac7 0 55 {"key11755019539265": "value-5"}
2025-08-12 17:25:46,276 INFO  [io.api.tes.ser.api.KafkaSerdesTester] (Thread-667) topic-798b29e1_7100_4285_b233_266820e9aac7 0 56 {"key11755019539265": "value-6"}
2025-08-12 17:25:46,276 INFO  [io.api.tes.ser.api.KafkaSerdesTester] (Thread-667) topic-798b29e1_7100_4285_b233_266820e9aac7 0 57 {"key11755019539265": "value-7"}
2025-08-12 17:25:46,276 INFO  [io.api.tes.ser.api.KafkaSerdesTester] (Thread-667) topic-798b29e1_7100_4285_b233_266820e9aac7 0 58 {"key11755019539265": "value-8"}
2025-08-12 17:25:46,276 INFO  [io.api.tes.ser.api.KafkaSerdesTester] (Thread-667) topic-798b29e1_7100_4285_b233_266820e9aac7 0 59 {"key11755019539265": "value-9"}
2025-08-12 17:25:46,276 INFO  [io.api.tes.ser.api.KafkaSerdesTester] (Thread-667) Consumed 30 messages
2025-08-12 17:25:46,277 INFO  [org.apa.kaf.cli.pro.KafkaProducer] (main) [Producer clientId=Producer-topic-798b29e1_7100_4285_b233_266820e9aac7] Closing the Kafka producer with timeoutMillis = 9223372036854775807 ms.
2025-08-12 17:25:46,280 INFO  [org.apa.kaf.com.met.Metrics] (main) Metrics scheduler closed
2025-08-12 17:25:46,280 INFO  [org.apa.kaf.com.met.Metrics] (main) Closing reporter org.apache.kafka.common.metrics.JmxReporter
2025-08-12 17:25:46,280 INFO  [org.apa.kaf.com.met.Metrics] (main) Closing reporter org.apache.kafka.common.telemetry.internals.ClientTelemetryReporter
2025-08-12 17:25:46,280 INFO  [org.apa.kaf.com.met.Metrics] (main) Metrics reporters closed
2025-08-12 17:25:46,280 INFO  [org.apa.kaf.com.uti.AppInfoParser] (main) App info kafka.producer for Producer-topic-798b29e1_7100_4285_b233_266820e9aac7 unregistered
2025-08-12 17:25:46,288 INFO  [org.apa.kaf.cli.con.int.ConsumerRebalanceListenerInvoker] (main) [Consumer clientId=consumer-Consumer-topic-798b29e1_7100_4285_b233_266820e9aac7-9, groupId=Consumer-topic-798b29e1_7100_4285_b233_266820e9aac7] Revoke previously assigned partitions topic-798b29e1_7100_4285_b233_266820e9aac7-0
2025-08-12 17:25:46,288 INFO  [org.apa.kaf.cli.con.int.ConsumerCoordinator] (main) [Consumer clientId=consumer-Consumer-topic-798b29e1_7100_4285_b233_266820e9aac7-9, groupId=Consumer-topic-798b29e1_7100_4285_b233_266820e9aac7] Member consumer-Consumer-topic-798b29e1_7100_4285_b233_266820e9aac7-9-1b3cc678-2e25-4f34-9e50-3744e751484b sending LeaveGroup request to coordinator localhost:32769 (id: 2147483647 rack: null) due to the consumer is being closed
2025-08-12 17:25:46,288 INFO  [org.apa.kaf.cli.con.int.ConsumerCoordinator] (main) [Consumer clientId=consumer-Consumer-topic-798b29e1_7100_4285_b233_266820e9aac7-9, groupId=Consumer-topic-798b29e1_7100_4285_b233_266820e9aac7] Resetting generation and member id due to: consumer pro-actively leaving the group
2025-08-12 17:25:46,288 INFO  [org.apa.kaf.cli.con.int.ConsumerCoordinator] (main) [Consumer clientId=consumer-Consumer-topic-798b29e1_7100_4285_b233_266820e9aac7-9, groupId=Consumer-topic-798b29e1_7100_4285_b233_266820e9aac7] Request joining group due to: consumer pro-actively leaving the group
2025-08-12 17:25:46,776 INFO  [org.apa.kaf.com.met.Metrics] (main) Metrics scheduler closed
2025-08-12 17:25:46,776 INFO  [org.apa.kaf.com.met.Metrics] (main) Closing reporter org.apache.kafka.common.metrics.JmxReporter
2025-08-12 17:25:46,776 INFO  [org.apa.kaf.com.met.Metrics] (main) Closing reporter org.apache.kafka.common.telemetry.internals.ClientTelemetryReporter
2025-08-12 17:25:46,776 INFO  [org.apa.kaf.com.met.Metrics] (main) Metrics reporters closed
2025-08-12 17:25:46,779 INFO  [org.apa.kaf.com.uti.AppInfoParser] (main) App info kafka.consumer for consumer-Consumer-topic-798b29e1_7100_4285_b233_266820e9aac7-9 unregistered
2025-08-12 17:25:46,780 INFO  [io.api.tes.uti.TestSeparator] (main) io.apicurio.tests.serdes.apicurio.AvroSerdeIT.testEvolveAvroApicurioReusingClient-FINISHED
2025-08-12 17:25:46,780 INFO  [io.api.tes.uti.TestSeparator] (main) ############################################################################
Test passed: testEvolveAvroApicurioReusingClient
]]></system-out>
  </testcase>
  <testcase name="testProducerUsesDefaultConsumerUsesGlobalId" classname="io.apicurio.tests.serdes.apicurio.AvroSerdeIT" time="0.0">
    <skipped message="void io.apicurio.tests.serdes.apicurio.AvroSerdeIT.testProducerUsesDefaultConsumerUsesGlobalId() throws java.lang.Exception is @Disabled"/>
  </testcase>
  <testcase name="testEvolveAvroApicurio" classname="io.apicurio.tests.serdes.apicurio.AvroSerdeIT" time="15.464">
    <system-out><![CDATA[2025-08-12 17:25:46,785 INFO  [io.api.tes.uti.TestSeparator] (main) ############################################################################
2025-08-12 17:25:46,786 INFO  [io.api.tes.uti.TestSeparator] (main) io.apicurio.tests.serdes.apicurio.AvroSerdeIT.testEvolveAvroApicurio-STARTED
2025-08-12 17:25:46,787 INFO  [io.api.tes.ser.api.AvroSerdeIT] (main) Registering Avro Schema: {"type":"record","name":"sc1ebab47x59a5x4ea1x9b63x14c8ebe7a2f6","namespace":"ns_db6061e7_b6ee_45eb_b304_4b8a1911ae24","fields":[{"name":"key11755019546786","type":"string"}]}
**** Registry Base URL: http://registry-app-ksql047.apps.ci419.apicurio-testing.org:80
2025-08-12 17:25:47,918 INFO  [org.apa.kaf.cli.pro.ProducerConfig] (main) ProducerConfig values: 
	acks = -1
	auto.include.jmx.reporter = true
	batch.size = 16384
	bootstrap.servers = [PLAINTEXT://localhost:32769]
	buffer.memory = 33554432
	client.dns.lookup = use_all_dns_ips
	client.id = Producer-topic-3f8f3b2e_8ece_4daa_91cf_803bd81967f1
	compression.gzip.level = -1
	compression.lz4.level = 9
	compression.type = none
	compression.zstd.level = 3
	connections.max.idle.ms = 10000
	delivery.timeout.ms = 120000
	enable.idempotence = true
	enable.metrics.push = true
	interceptor.classes = []
	key.serializer = class org.apache.kafka.common.serialization.StringSerializer
	linger.ms = 0
	max.block.ms = 60000
	max.in.flight.requests.per.connection = 5
	max.request.size = 1048576
	metadata.max.age.ms = 300000
	metadata.max.idle.ms = 300000
	metadata.recovery.strategy = none
	metric.reporters = []
	metrics.num.samples = 2
	metrics.recording.level = INFO
	metrics.sample.window.ms = 30000
	partitioner.adaptive.partitioning.enable = true
	partitioner.availability.timeout.ms = 0
	partitioner.class = null
	partitioner.ignore.keys = false
	receive.buffer.bytes = 32768
	reconnect.backoff.max.ms = 1000
	reconnect.backoff.ms = 50
	request.timeout.ms = 5000
	retries = 2147483647
	retry.backoff.max.ms = 1000
	retry.backoff.ms = 100
	sasl.client.callback.handler.class = null
	sasl.jaas.config = null
	sasl.kerberos.kinit.cmd = /usr/bin/kinit
	sasl.kerberos.min.time.before.relogin = 60000
	sasl.kerberos.service.name = null
	sasl.kerberos.ticket.renew.jitter = 0.05
	sasl.kerberos.ticket.renew.window.factor = 0.8
	sasl.login.callback.handler.class = null
	sasl.login.class = null
	sasl.login.connect.timeout.ms = null
	sasl.login.read.timeout.ms = null
	sasl.login.refresh.buffer.seconds = 300
	sasl.login.refresh.min.period.seconds = 60
	sasl.login.refresh.window.factor = 0.8
	sasl.login.refresh.window.jitter = 0.05
	sasl.login.retry.backoff.max.ms = 10000
	sasl.login.retry.backoff.ms = 100
	sasl.mechanism = GSSAPI
	sasl.oauthbearer.clock.skew.seconds = 30
	sasl.oauthbearer.expected.audience = null
	sasl.oauthbearer.expected.issuer = null
	sasl.oauthbearer.header.urlencode = false
	sasl.oauthbearer.jwks.endpoint.refresh.ms = 3600000
	sasl.oauthbearer.jwks.endpoint.retry.backoff.max.ms = 10000
	sasl.oauthbearer.jwks.endpoint.retry.backoff.ms = 100
	sasl.oauthbearer.jwks.endpoint.url = null
	sasl.oauthbearer.scope.claim.name = scope
	sasl.oauthbearer.sub.claim.name = sub
	sasl.oauthbearer.token.endpoint.url = null
	security.protocol = PLAINTEXT
	security.providers = null
	send.buffer.bytes = 131072
	socket.connection.setup.timeout.max.ms = 30000
	socket.connection.setup.timeout.ms = 10000
	ssl.cipher.suites = null
	ssl.enabled.protocols = [TLSv1.2, TLSv1.3]
	ssl.endpoint.identification.algorithm = https
	ssl.engine.factory.class = null
	ssl.key.password = null
	ssl.keymanager.algorithm = SunX509
	ssl.keystore.certificate.chain = null
	ssl.keystore.key = null
	ssl.keystore.location = null
	ssl.keystore.password = null
	ssl.keystore.type = JKS
	ssl.protocol = TLSv1.3
	ssl.provider = null
	ssl.secure.random.implementation = null
	ssl.trustmanager.algorithm = PKIX
	ssl.truststore.certificates = null
	ssl.truststore.location = null
	ssl.truststore.password = null
	ssl.truststore.type = JKS
	transaction.timeout.ms = 60000
	transactional.id = null
	value.serializer = class io.apicurio.registry.serde.avro.AvroKafkaSerializer

2025-08-12 17:25:47,918 INFO  [org.apa.kaf.com.tel.int.KafkaMetricsCollector] (main) initializing Kafka metrics collector
2025-08-12 17:25:47,922 INFO  [org.apa.kaf.cli.pro.KafkaProducer] (main) [Producer clientId=Producer-topic-3f8f3b2e_8ece_4daa_91cf_803bd81967f1] Instantiated an idempotent producer.
2025-08-12 17:25:47,926 INFO  [org.apa.kaf.cli.pro.ProducerConfig] (main) These configurations '[apicurio.registry.url, apicurio.registry.artifact-resolver-strategy]' were supplied but are not used yet.
2025-08-12 17:25:47,926 INFO  [org.apa.kaf.com.uti.AppInfoParser] (main) Kafka version: 3.9.1
2025-08-12 17:25:47,926 INFO  [org.apa.kaf.com.uti.AppInfoParser] (main) Kafka commitId: f745dfdcee2b9851
2025-08-12 17:25:47,926 INFO  [org.apa.kaf.com.uti.AppInfoParser] (main) Kafka startTimeMs: 1755019547926
**** Registry Base URL: http://registry-app-ksql047.apps.ci419.apicurio-testing.org:80
2025-08-12 17:25:47,927 INFO  [org.apa.kaf.cli.con.ConsumerConfig] (main) ConsumerConfig values: 
	allow.auto.create.topics = true
	auto.commit.interval.ms = 500
	auto.include.jmx.reporter = true
	auto.offset.reset = earliest
	bootstrap.servers = [PLAINTEXT://localhost:32769]
	check.crcs = true
	client.dns.lookup = use_all_dns_ips
	client.id = consumer-Consumer-topic-3f8f3b2e_8ece_4daa_91cf_803bd81967f1-10
	client.rack = 
	connections.max.idle.ms = 10000
	default.api.timeout.ms = 60000
	enable.auto.commit = true
	enable.metrics.push = true
	exclude.internal.topics = true
	fetch.max.bytes = 52428800
	fetch.max.wait.ms = 500
	fetch.min.bytes = 1
	group.id = Consumer-topic-3f8f3b2e_8ece_4daa_91cf_803bd81967f1
	group.instance.id = null
	group.protocol = classic
	group.remote.assignor = null
	heartbeat.interval.ms = 3000
	interceptor.classes = []
	internal.leave.group.on.close = true
	internal.throw.on.fetch.stable.offset.unsupported = false
	isolation.level = read_uncommitted
	key.deserializer = class org.apache.kafka.common.serialization.StringDeserializer
	max.partition.fetch.bytes = 1048576
	max.poll.interval.ms = 300000
	max.poll.records = 500
	metadata.max.age.ms = 300000
	metadata.recovery.strategy = none
	metric.reporters = []
	metrics.num.samples = 2
	metrics.recording.level = INFO
	metrics.sample.window.ms = 30000
	partition.assignment.strategy = [class org.apache.kafka.clients.consumer.RangeAssignor, class org.apache.kafka.clients.consumer.CooperativeStickyAssignor]
	receive.buffer.bytes = 65536
	reconnect.backoff.max.ms = 1000
	reconnect.backoff.ms = 50
	request.timeout.ms = 5000
	retry.backoff.max.ms = 1000
	retry.backoff.ms = 100
	sasl.client.callback.handler.class = null
	sasl.jaas.config = null
	sasl.kerberos.kinit.cmd = /usr/bin/kinit
	sasl.kerberos.min.time.before.relogin = 60000
	sasl.kerberos.service.name = null
	sasl.kerberos.ticket.renew.jitter = 0.05
	sasl.kerberos.ticket.renew.window.factor = 0.8
	sasl.login.callback.handler.class = null
	sasl.login.class = null
	sasl.login.connect.timeout.ms = null
	sasl.login.read.timeout.ms = null
	sasl.login.refresh.buffer.seconds = 300
	sasl.login.refresh.min.period.seconds = 60
	sasl.login.refresh.window.factor = 0.8
	sasl.login.refresh.window.jitter = 0.05
	sasl.login.retry.backoff.max.ms = 10000
	sasl.login.retry.backoff.ms = 100
	sasl.mechanism = GSSAPI
	sasl.oauthbearer.clock.skew.seconds = 30
	sasl.oauthbearer.expected.audience = null
	sasl.oauthbearer.expected.issuer = null
	sasl.oauthbearer.header.urlencode = false
	sasl.oauthbearer.jwks.endpoint.refresh.ms = 3600000
	sasl.oauthbearer.jwks.endpoint.retry.backoff.max.ms = 10000
	sasl.oauthbearer.jwks.endpoint.retry.backoff.ms = 100
	sasl.oauthbearer.jwks.endpoint.url = null
	sasl.oauthbearer.scope.claim.name = scope
	sasl.oauthbearer.sub.claim.name = sub
	sasl.oauthbearer.token.endpoint.url = null
	security.protocol = PLAINTEXT
	security.providers = null
	send.buffer.bytes = 131072
	session.timeout.ms = 45000
	socket.connection.setup.timeout.max.ms = 30000
	socket.connection.setup.timeout.ms = 10000
	ssl.cipher.suites = null
	ssl.enabled.protocols = [TLSv1.2, TLSv1.3]
	ssl.endpoint.identification.algorithm = https
	ssl.engine.factory.class = null
	ssl.key.password = null
	ssl.keymanager.algorithm = SunX509
	ssl.keystore.certificate.chain = null
	ssl.keystore.key = null
	ssl.keystore.location = null
	ssl.keystore.password = null
	ssl.keystore.type = JKS
	ssl.protocol = TLSv1.3
	ssl.provider = null
	ssl.secure.random.implementation = null
	ssl.trustmanager.algorithm = PKIX
	ssl.truststore.certificates = null
	ssl.truststore.location = null
	ssl.truststore.password = null
	ssl.truststore.type = JKS
	value.deserializer = class io.apicurio.registry.serde.avro.AvroKafkaDeserializer

2025-08-12 17:25:47,927 INFO  [org.apa.kaf.com.tel.int.KafkaMetricsCollector] (main) initializing Kafka metrics collector
2025-08-12 17:25:47,931 INFO  [org.apa.kaf.cli.Metadata] (kafka-producer-network-thread | Producer-topic-3f8f3b2e_8ece_4daa_91cf_803bd81967f1) [Producer clientId=Producer-topic-3f8f3b2e_8ece_4daa_91cf_803bd81967f1] Cluster ID: HDV_o9asQruzQakuWK8_NQ
2025-08-12 17:25:47,933 INFO  [org.apa.kaf.cli.pro.int.TransactionManager] (kafka-producer-network-thread | Producer-topic-3f8f3b2e_8ece_4daa_91cf_803bd81967f1) [Producer clientId=Producer-topic-3f8f3b2e_8ece_4daa_91cf_803bd81967f1] ProducerId set to 12 with epoch 0
2025-08-12 17:25:47,937 INFO  [org.apa.kaf.cli.con.ConsumerConfig] (main) These configurations '[apicurio.registry.url]' were supplied but are not used yet.
2025-08-12 17:25:47,937 INFO  [org.apa.kaf.com.uti.AppInfoParser] (main) Kafka version: 3.9.1
2025-08-12 17:25:47,937 INFO  [org.apa.kaf.com.uti.AppInfoParser] (main) Kafka commitId: f745dfdcee2b9851
2025-08-12 17:25:47,937 INFO  [org.apa.kaf.com.uti.AppInfoParser] (main) Kafka startTimeMs: 1755019547937
2025-08-12 17:25:47,938 INFO  [io.api.tes.ser.api.KafkaSerdesTester] (Thread-672) Sending message {"key11755019546786": "value-0"} to topic topic-3f8f3b2e_8ece_4daa_91cf_803bd81967f1
2025-08-12 17:25:47,941 INFO  [DefaultSchemaResolver] (Thread-672) Retrieving schema content using string: {"type":"record","name":"sc1ebab47x59a5x4ea1x9b63x14c8ebe7a2f6","namespace":"ns_db6061e7_b6ee_45eb_b304_4b8a1911ae24","fields":[{"name":"key11755019546786","type":"string"}]}
2025-08-12 17:25:48,027 INFO  [io.api.tes.ser.api.KafkaSerdesTester] (Thread-672) Sending message {"key11755019546786": "value-1"} to topic topic-3f8f3b2e_8ece_4daa_91cf_803bd81967f1
2025-08-12 17:25:48,029 INFO  [io.api.tes.ser.api.KafkaSerdesTester] (Thread-672) Sending message {"key11755019546786": "value-2"} to topic topic-3f8f3b2e_8ece_4daa_91cf_803bd81967f1
2025-08-12 17:25:48,031 INFO  [io.api.tes.ser.api.KafkaSerdesTester] (Thread-672) Sending message {"key11755019546786": "value-3"} to topic topic-3f8f3b2e_8ece_4daa_91cf_803bd81967f1
2025-08-12 17:25:48,032 INFO  [io.api.tes.ser.api.KafkaSerdesTester] (Thread-672) Sending message {"key11755019546786": "value-4"} to topic topic-3f8f3b2e_8ece_4daa_91cf_803bd81967f1
2025-08-12 17:25:48,034 INFO  [io.api.tes.ser.api.KafkaSerdesTester] (Thread-672) Sending message {"key11755019546786": "value-5"} to topic topic-3f8f3b2e_8ece_4daa_91cf_803bd81967f1
2025-08-12 17:25:48,036 INFO  [io.api.tes.ser.api.KafkaSerdesTester] (Thread-672) Sending message {"key11755019546786": "value-6"} to topic topic-3f8f3b2e_8ece_4daa_91cf_803bd81967f1
2025-08-12 17:25:48,038 INFO  [io.api.tes.ser.api.KafkaSerdesTester] (Thread-672) Sending message {"key11755019546786": "value-7"} to topic topic-3f8f3b2e_8ece_4daa_91cf_803bd81967f1
2025-08-12 17:25:48,040 INFO  [io.api.tes.ser.api.KafkaSerdesTester] (Thread-672) Sending message {"key11755019546786": "value-8"} to topic topic-3f8f3b2e_8ece_4daa_91cf_803bd81967f1
2025-08-12 17:25:48,043 INFO  [io.api.tes.ser.api.KafkaSerdesTester] (Thread-672) Sending message {"key11755019546786": "value-9"} to topic topic-3f8f3b2e_8ece_4daa_91cf_803bd81967f1
2025-08-12 17:25:48,045 INFO  [io.api.tes.ser.api.KafkaSerdesTester] (Thread-672) Produced 10 messages
2025-08-12 17:25:48,045 INFO  [org.apa.kaf.cli.pro.KafkaProducer] (Thread-672) [Producer clientId=Producer-topic-3f8f3b2e_8ece_4daa_91cf_803bd81967f1] Closing the Kafka producer with timeoutMillis = 9223372036854775807 ms.
2025-08-12 17:25:48,050 INFO  [org.apa.kaf.com.met.Metrics] (Thread-672) Metrics scheduler closed
2025-08-12 17:25:48,050 INFO  [org.apa.kaf.com.met.Metrics] (Thread-672) Closing reporter org.apache.kafka.common.metrics.JmxReporter
2025-08-12 17:25:48,050 INFO  [org.apa.kaf.com.met.Metrics] (Thread-672) Closing reporter org.apache.kafka.common.telemetry.internals.ClientTelemetryReporter
2025-08-12 17:25:48,050 INFO  [org.apa.kaf.com.met.Metrics] (Thread-672) Metrics reporters closed
2025-08-12 17:25:48,050 INFO  [org.apa.kaf.com.uti.AppInfoParser] (Thread-672) App info kafka.producer for Producer-topic-3f8f3b2e_8ece_4daa_91cf_803bd81967f1 unregistered
2025-08-12 17:25:48,053 INFO  [org.apa.kaf.cli.con.int.ClassicKafkaConsumer] (Thread-673) [Consumer clientId=consumer-Consumer-topic-3f8f3b2e_8ece_4daa_91cf_803bd81967f1-10, groupId=Consumer-topic-3f8f3b2e_8ece_4daa_91cf_803bd81967f1] Subscribed to topic(s): topic-3f8f3b2e_8ece_4daa_91cf_803bd81967f1
2025-08-12 17:25:48,058 INFO  [org.apa.kaf.cli.Metadata] (Thread-673) [Consumer clientId=consumer-Consumer-topic-3f8f3b2e_8ece_4daa_91cf_803bd81967f1-10, groupId=Consumer-topic-3f8f3b2e_8ece_4daa_91cf_803bd81967f1] Cluster ID: HDV_o9asQruzQakuWK8_NQ
2025-08-12 17:25:48,059 INFO  [org.apa.kaf.cli.con.int.ConsumerCoordinator] (Thread-673) [Consumer clientId=consumer-Consumer-topic-3f8f3b2e_8ece_4daa_91cf_803bd81967f1-10, groupId=Consumer-topic-3f8f3b2e_8ece_4daa_91cf_803bd81967f1] Discovered group coordinator localhost:32769 (id: 2147483647 rack: null)
2025-08-12 17:25:48,063 INFO  [org.apa.kaf.cli.con.int.ConsumerCoordinator] (Thread-673) [Consumer clientId=consumer-Consumer-topic-3f8f3b2e_8ece_4daa_91cf_803bd81967f1-10, groupId=Consumer-topic-3f8f3b2e_8ece_4daa_91cf_803bd81967f1] (Re-)joining group
2025-08-12 17:25:48,067 INFO  [org.apa.kaf.cli.con.int.ConsumerCoordinator] (Thread-673) [Consumer clientId=consumer-Consumer-topic-3f8f3b2e_8ece_4daa_91cf_803bd81967f1-10, groupId=Consumer-topic-3f8f3b2e_8ece_4daa_91cf_803bd81967f1] Request joining group due to: need to re-join with the given member-id: consumer-Consumer-topic-3f8f3b2e_8ece_4daa_91cf_803bd81967f1-10-ec3527fd-4918-4274-9299-8ac334be2a52
2025-08-12 17:25:48,067 INFO  [org.apa.kaf.cli.con.int.ConsumerCoordinator] (Thread-673) [Consumer clientId=consumer-Consumer-topic-3f8f3b2e_8ece_4daa_91cf_803bd81967f1-10, groupId=Consumer-topic-3f8f3b2e_8ece_4daa_91cf_803bd81967f1] (Re-)joining group
2025-08-12 17:25:49,053 INFO  [io.api.tes.ser.api.KafkaSerdesTester] (Thread-673) None found
2025-08-12 17:25:50,053 INFO  [io.api.tes.ser.api.KafkaSerdesTester] (Thread-673) None found
2025-08-12 17:25:51,053 INFO  [io.api.tes.ser.api.KafkaSerdesTester] (Thread-673) None found
2025-08-12 17:25:51,072 INFO  [org.apa.kaf.cli.con.int.ConsumerCoordinator] (Thread-673) [Consumer clientId=consumer-Consumer-topic-3f8f3b2e_8ece_4daa_91cf_803bd81967f1-10, groupId=Consumer-topic-3f8f3b2e_8ece_4daa_91cf_803bd81967f1] Successfully joined group with generation Generation{generationId=1, memberId='consumer-Consumer-topic-3f8f3b2e_8ece_4daa_91cf_803bd81967f1-10-ec3527fd-4918-4274-9299-8ac334be2a52', protocol='range'}
2025-08-12 17:25:51,072 INFO  [org.apa.kaf.cli.con.int.ConsumerCoordinator] (Thread-673) [Consumer clientId=consumer-Consumer-topic-3f8f3b2e_8ece_4daa_91cf_803bd81967f1-10, groupId=Consumer-topic-3f8f3b2e_8ece_4daa_91cf_803bd81967f1] Finished assignment for group at generation 1: {consumer-Consumer-topic-3f8f3b2e_8ece_4daa_91cf_803bd81967f1-10-ec3527fd-4918-4274-9299-8ac334be2a52=Assignment(partitions=[topic-3f8f3b2e_8ece_4daa_91cf_803bd81967f1-0])}
2025-08-12 17:25:51,079 INFO  [org.apa.kaf.cli.con.int.ConsumerCoordinator] (Thread-673) [Consumer clientId=consumer-Consumer-topic-3f8f3b2e_8ece_4daa_91cf_803bd81967f1-10, groupId=Consumer-topic-3f8f3b2e_8ece_4daa_91cf_803bd81967f1] Successfully synced group in generation Generation{generationId=1, memberId='consumer-Consumer-topic-3f8f3b2e_8ece_4daa_91cf_803bd81967f1-10-ec3527fd-4918-4274-9299-8ac334be2a52', protocol='range'}
2025-08-12 17:25:51,079 INFO  [org.apa.kaf.cli.con.int.ConsumerCoordinator] (Thread-673) [Consumer clientId=consumer-Consumer-topic-3f8f3b2e_8ece_4daa_91cf_803bd81967f1-10, groupId=Consumer-topic-3f8f3b2e_8ece_4daa_91cf_803bd81967f1] Notifying assignor about the new Assignment(partitions=[topic-3f8f3b2e_8ece_4daa_91cf_803bd81967f1-0])
2025-08-12 17:25:51,079 INFO  [org.apa.kaf.cli.con.int.ConsumerRebalanceListenerInvoker] (Thread-673) [Consumer clientId=consumer-Consumer-topic-3f8f3b2e_8ece_4daa_91cf_803bd81967f1-10, groupId=Consumer-topic-3f8f3b2e_8ece_4daa_91cf_803bd81967f1] Adding newly assigned partitions: topic-3f8f3b2e_8ece_4daa_91cf_803bd81967f1-0
2025-08-12 17:25:51,080 INFO  [org.apa.kaf.cli.con.int.ConsumerCoordinator] (Thread-673) [Consumer clientId=consumer-Consumer-topic-3f8f3b2e_8ece_4daa_91cf_803bd81967f1-10, groupId=Consumer-topic-3f8f3b2e_8ece_4daa_91cf_803bd81967f1] Found no committed offset for partition topic-3f8f3b2e_8ece_4daa_91cf_803bd81967f1-0
2025-08-12 17:25:51,083 INFO  [org.apa.kaf.cli.con.int.SubscriptionState] (Thread-673) [Consumer clientId=consumer-Consumer-topic-3f8f3b2e_8ece_4daa_91cf_803bd81967f1-10, groupId=Consumer-topic-3f8f3b2e_8ece_4daa_91cf_803bd81967f1] Resetting offset for partition topic-3f8f3b2e_8ece_4daa_91cf_803bd81967f1-0 to position FetchPosition{offset=0, offsetEpoch=Optional.empty, currentLeader=LeaderAndEpoch{leader=Optional[localhost:32769 (id: 0 rack: null)], epoch=0}}.
2025-08-12 17:25:51,207 INFO  [io.api.tes.ser.api.KafkaSerdesTester] (Thread-673) topic-3f8f3b2e_8ece_4daa_91cf_803bd81967f1 0 0 {"key11755019546786": "value-0"}
2025-08-12 17:25:51,207 INFO  [io.api.tes.ser.api.KafkaSerdesTester] (Thread-673) topic-3f8f3b2e_8ece_4daa_91cf_803bd81967f1 0 1 {"key11755019546786": "value-1"}
2025-08-12 17:25:51,208 INFO  [io.api.tes.ser.api.KafkaSerdesTester] (Thread-673) topic-3f8f3b2e_8ece_4daa_91cf_803bd81967f1 0 2 {"key11755019546786": "value-2"}
2025-08-12 17:25:51,208 INFO  [io.api.tes.ser.api.KafkaSerdesTester] (Thread-673) topic-3f8f3b2e_8ece_4daa_91cf_803bd81967f1 0 3 {"key11755019546786": "value-3"}
2025-08-12 17:25:51,208 INFO  [io.api.tes.ser.api.KafkaSerdesTester] (Thread-673) topic-3f8f3b2e_8ece_4daa_91cf_803bd81967f1 0 4 {"key11755019546786": "value-4"}
2025-08-12 17:25:51,208 INFO  [io.api.tes.ser.api.KafkaSerdesTester] (Thread-673) topic-3f8f3b2e_8ece_4daa_91cf_803bd81967f1 0 5 {"key11755019546786": "value-5"}
2025-08-12 17:25:51,208 INFO  [io.api.tes.ser.api.KafkaSerdesTester] (Thread-673) topic-3f8f3b2e_8ece_4daa_91cf_803bd81967f1 0 6 {"key11755019546786": "value-6"}
2025-08-12 17:25:51,208 INFO  [io.api.tes.ser.api.KafkaSerdesTester] (Thread-673) topic-3f8f3b2e_8ece_4daa_91cf_803bd81967f1 0 7 {"key11755019546786": "value-7"}
2025-08-12 17:25:51,208 INFO  [io.api.tes.ser.api.KafkaSerdesTester] (Thread-673) topic-3f8f3b2e_8ece_4daa_91cf_803bd81967f1 0 8 {"key11755019546786": "value-8"}
2025-08-12 17:25:51,208 INFO  [io.api.tes.ser.api.KafkaSerdesTester] (Thread-673) topic-3f8f3b2e_8ece_4daa_91cf_803bd81967f1 0 9 {"key11755019546786": "value-9"}
2025-08-12 17:25:51,208 INFO  [io.api.tes.ser.api.KafkaSerdesTester] (Thread-673) Consumed 10 messages
2025-08-12 17:25:51,215 INFO  [org.apa.kaf.cli.con.int.ConsumerRebalanceListenerInvoker] (Thread-673) [Consumer clientId=consumer-Consumer-topic-3f8f3b2e_8ece_4daa_91cf_803bd81967f1-10, groupId=Consumer-topic-3f8f3b2e_8ece_4daa_91cf_803bd81967f1] Revoke previously assigned partitions topic-3f8f3b2e_8ece_4daa_91cf_803bd81967f1-0
2025-08-12 17:25:51,215 INFO  [org.apa.kaf.cli.con.int.ConsumerCoordinator] (Thread-673) [Consumer clientId=consumer-Consumer-topic-3f8f3b2e_8ece_4daa_91cf_803bd81967f1-10, groupId=Consumer-topic-3f8f3b2e_8ece_4daa_91cf_803bd81967f1] Member consumer-Consumer-topic-3f8f3b2e_8ece_4daa_91cf_803bd81967f1-10-ec3527fd-4918-4274-9299-8ac334be2a52 sending LeaveGroup request to coordinator localhost:32769 (id: 2147483647 rack: null) due to the consumer is being closed
2025-08-12 17:25:51,215 INFO  [org.apa.kaf.cli.con.int.ConsumerCoordinator] (Thread-673) [Consumer clientId=consumer-Consumer-topic-3f8f3b2e_8ece_4daa_91cf_803bd81967f1-10, groupId=Consumer-topic-3f8f3b2e_8ece_4daa_91cf_803bd81967f1] Resetting generation and member id due to: consumer pro-actively leaving the group
2025-08-12 17:25:51,215 INFO  [org.apa.kaf.cli.con.int.ConsumerCoordinator] (Thread-673) [Consumer clientId=consumer-Consumer-topic-3f8f3b2e_8ece_4daa_91cf_803bd81967f1-10, groupId=Consumer-topic-3f8f3b2e_8ece_4daa_91cf_803bd81967f1] Request joining group due to: consumer pro-actively leaving the group
2025-08-12 17:25:51,711 INFO  [org.apa.kaf.com.met.Metrics] (Thread-673) Metrics scheduler closed
2025-08-12 17:25:51,711 INFO  [org.apa.kaf.com.met.Metrics] (Thread-673) Closing reporter org.apache.kafka.common.metrics.JmxReporter
2025-08-12 17:25:51,711 INFO  [org.apa.kaf.com.met.Metrics] (Thread-673) Closing reporter org.apache.kafka.common.telemetry.internals.ClientTelemetryReporter
2025-08-12 17:25:51,711 INFO  [org.apa.kaf.com.met.Metrics] (Thread-673) Metrics reporters closed
2025-08-12 17:25:51,713 INFO  [org.apa.kaf.com.uti.AppInfoParser] (Thread-673) App info kafka.consumer for consumer-Consumer-topic-3f8f3b2e_8ece_4daa_91cf_803bd81967f1-10 unregistered
2025-08-12 17:25:51,714 INFO  [io.api.tes.ser.api.AvroSerdeIT] (main) Registering Avro Schema 2: {"type":"record","name":"sc1ebab47x59a5x4ea1x9b63x14c8ebe7a2f6","namespace":"ns_db6061e7_b6ee_45eb_b304_4b8a1911ae24","fields":[{"name":"key11755019546786","type":"string"},{"name":"key21755019551713","type":"string"}]}
**** Registry Base URL: http://registry-app-ksql047.apps.ci419.apicurio-testing.org:80
2025-08-12 17:25:52,842 INFO  [org.apa.kaf.cli.pro.ProducerConfig] (main) ProducerConfig values: 
	acks = -1
	auto.include.jmx.reporter = true
	batch.size = 16384
	bootstrap.servers = [PLAINTEXT://localhost:32769]
	buffer.memory = 33554432
	client.dns.lookup = use_all_dns_ips
	client.id = Producer-topic-3f8f3b2e_8ece_4daa_91cf_803bd81967f1
	compression.gzip.level = -1
	compression.lz4.level = 9
	compression.type = none
	compression.zstd.level = 3
	connections.max.idle.ms = 10000
	delivery.timeout.ms = 120000
	enable.idempotence = true
	enable.metrics.push = true
	interceptor.classes = []
	key.serializer = class org.apache.kafka.common.serialization.StringSerializer
	linger.ms = 0
	max.block.ms = 60000
	max.in.flight.requests.per.connection = 5
	max.request.size = 1048576
	metadata.max.age.ms = 300000
	metadata.max.idle.ms = 300000
	metadata.recovery.strategy = none
	metric.reporters = []
	metrics.num.samples = 2
	metrics.recording.level = INFO
	metrics.sample.window.ms = 30000
	partitioner.adaptive.partitioning.enable = true
	partitioner.availability.timeout.ms = 0
	partitioner.class = null
	partitioner.ignore.keys = false
	receive.buffer.bytes = 32768
	reconnect.backoff.max.ms = 1000
	reconnect.backoff.ms = 50
	request.timeout.ms = 5000
	retries = 2147483647
	retry.backoff.max.ms = 1000
	retry.backoff.ms = 100
	sasl.client.callback.handler.class = null
	sasl.jaas.config = null
	sasl.kerberos.kinit.cmd = /usr/bin/kinit
	sasl.kerberos.min.time.before.relogin = 60000
	sasl.kerberos.service.name = null
	sasl.kerberos.ticket.renew.jitter = 0.05
	sasl.kerberos.ticket.renew.window.factor = 0.8
	sasl.login.callback.handler.class = null
	sasl.login.class = null
	sasl.login.connect.timeout.ms = null
	sasl.login.read.timeout.ms = null
	sasl.login.refresh.buffer.seconds = 300
	sasl.login.refresh.min.period.seconds = 60
	sasl.login.refresh.window.factor = 0.8
	sasl.login.refresh.window.jitter = 0.05
	sasl.login.retry.backoff.max.ms = 10000
	sasl.login.retry.backoff.ms = 100
	sasl.mechanism = GSSAPI
	sasl.oauthbearer.clock.skew.seconds = 30
	sasl.oauthbearer.expected.audience = null
	sasl.oauthbearer.expected.issuer = null
	sasl.oauthbearer.header.urlencode = false
	sasl.oauthbearer.jwks.endpoint.refresh.ms = 3600000
	sasl.oauthbearer.jwks.endpoint.retry.backoff.max.ms = 10000
	sasl.oauthbearer.jwks.endpoint.retry.backoff.ms = 100
	sasl.oauthbearer.jwks.endpoint.url = null
	sasl.oauthbearer.scope.claim.name = scope
	sasl.oauthbearer.sub.claim.name = sub
	sasl.oauthbearer.token.endpoint.url = null
	security.protocol = PLAINTEXT
	security.providers = null
	send.buffer.bytes = 131072
	socket.connection.setup.timeout.max.ms = 30000
	socket.connection.setup.timeout.ms = 10000
	ssl.cipher.suites = null
	ssl.enabled.protocols = [TLSv1.2, TLSv1.3]
	ssl.endpoint.identification.algorithm = https
	ssl.engine.factory.class = null
	ssl.key.password = null
	ssl.keymanager.algorithm = SunX509
	ssl.keystore.certificate.chain = null
	ssl.keystore.key = null
	ssl.keystore.location = null
	ssl.keystore.password = null
	ssl.keystore.type = JKS
	ssl.protocol = TLSv1.3
	ssl.provider = null
	ssl.secure.random.implementation = null
	ssl.trustmanager.algorithm = PKIX
	ssl.truststore.certificates = null
	ssl.truststore.location = null
	ssl.truststore.password = null
	ssl.truststore.type = JKS
	transaction.timeout.ms = 60000
	transactional.id = null
	value.serializer = class io.apicurio.registry.serde.avro.AvroKafkaSerializer

2025-08-12 17:25:52,842 INFO  [org.apa.kaf.com.tel.int.KafkaMetricsCollector] (main) initializing Kafka metrics collector
2025-08-12 17:25:52,845 INFO  [org.apa.kaf.cli.pro.KafkaProducer] (main) [Producer clientId=Producer-topic-3f8f3b2e_8ece_4daa_91cf_803bd81967f1] Instantiated an idempotent producer.
2025-08-12 17:25:52,846 INFO  [org.apa.kaf.cli.pro.ProducerConfig] (main) These configurations '[apicurio.registry.url, apicurio.registry.artifact-resolver-strategy]' were supplied but are not used yet.
2025-08-12 17:25:52,846 INFO  [org.apa.kaf.com.uti.AppInfoParser] (main) Kafka version: 3.9.1
2025-08-12 17:25:52,846 INFO  [org.apa.kaf.com.uti.AppInfoParser] (main) Kafka commitId: f745dfdcee2b9851
2025-08-12 17:25:52,846 INFO  [org.apa.kaf.com.uti.AppInfoParser] (main) Kafka startTimeMs: 1755019552846
2025-08-12 17:25:52,847 INFO  [io.api.tes.ser.api.KafkaSerdesTester] (Thread-676) Sending message {"key11755019546786": "value-0", "key21755019551713": "value-0"} to topic topic-3f8f3b2e_8ece_4daa_91cf_803bd81967f1
2025-08-12 17:25:52,850 INFO  [org.apa.kaf.cli.Metadata] (kafka-producer-network-thread | Producer-topic-3f8f3b2e_8ece_4daa_91cf_803bd81967f1) [Producer clientId=Producer-topic-3f8f3b2e_8ece_4daa_91cf_803bd81967f1] Cluster ID: HDV_o9asQruzQakuWK8_NQ
2025-08-12 17:25:52,851 INFO  [org.apa.kaf.cli.pro.int.TransactionManager] (kafka-producer-network-thread | Producer-topic-3f8f3b2e_8ece_4daa_91cf_803bd81967f1) [Producer clientId=Producer-topic-3f8f3b2e_8ece_4daa_91cf_803bd81967f1] ProducerId set to 13 with epoch 0
2025-08-12 17:25:52,851 INFO  [DefaultSchemaResolver] (Thread-676) Retrieving schema content using string: {"type":"record","name":"sc1ebab47x59a5x4ea1x9b63x14c8ebe7a2f6","namespace":"ns_db6061e7_b6ee_45eb_b304_4b8a1911ae24","fields":[{"name":"key11755019546786","type":"string"},{"name":"key21755019551713","type":"string"}]}
2025-08-12 17:25:52,946 INFO  [io.api.tes.ser.api.KafkaSerdesTester] (Thread-676) Sending message {"key11755019546786": "value-1", "key21755019551713": "value-1"} to topic topic-3f8f3b2e_8ece_4daa_91cf_803bd81967f1
2025-08-12 17:25:52,949 INFO  [io.api.tes.ser.api.KafkaSerdesTester] (Thread-676) Sending message {"key11755019546786": "value-2", "key21755019551713": "value-2"} to topic topic-3f8f3b2e_8ece_4daa_91cf_803bd81967f1
2025-08-12 17:25:52,953 INFO  [io.api.tes.ser.api.KafkaSerdesTester] (Thread-676) Sending message {"key11755019546786": "value-3", "key21755019551713": "value-3"} to topic topic-3f8f3b2e_8ece_4daa_91cf_803bd81967f1
2025-08-12 17:25:52,957 INFO  [io.api.tes.ser.api.KafkaSerdesTester] (Thread-676) Sending message {"key11755019546786": "value-4", "key21755019551713": "value-4"} to topic topic-3f8f3b2e_8ece_4daa_91cf_803bd81967f1
2025-08-12 17:25:52,959 INFO  [io.api.tes.ser.api.KafkaSerdesTester] (Thread-676) Sending message {"key11755019546786": "value-5", "key21755019551713": "value-5"} to topic topic-3f8f3b2e_8ece_4daa_91cf_803bd81967f1
2025-08-12 17:25:52,961 INFO  [io.api.tes.ser.api.KafkaSerdesTester] (Thread-676) Sending message {"key11755019546786": "value-6", "key21755019551713": "value-6"} to topic topic-3f8f3b2e_8ece_4daa_91cf_803bd81967f1
2025-08-12 17:25:52,963 INFO  [io.api.tes.ser.api.KafkaSerdesTester] (Thread-676) Sending message {"key11755019546786": "value-7", "key21755019551713": "value-7"} to topic topic-3f8f3b2e_8ece_4daa_91cf_803bd81967f1
2025-08-12 17:25:52,965 INFO  [io.api.tes.ser.api.KafkaSerdesTester] (Thread-676) Sending message {"key11755019546786": "value-8", "key21755019551713": "value-8"} to topic topic-3f8f3b2e_8ece_4daa_91cf_803bd81967f1
2025-08-12 17:25:52,966 INFO  [io.api.tes.ser.api.KafkaSerdesTester] (Thread-676) Sending message {"key11755019546786": "value-9", "key21755019551713": "value-9"} to topic topic-3f8f3b2e_8ece_4daa_91cf_803bd81967f1
2025-08-12 17:25:52,968 INFO  [io.api.tes.ser.api.KafkaSerdesTester] (Thread-676) Produced 10 messages
2025-08-12 17:25:52,968 INFO  [org.apa.kaf.cli.pro.KafkaProducer] (Thread-676) [Producer clientId=Producer-topic-3f8f3b2e_8ece_4daa_91cf_803bd81967f1] Closing the Kafka producer with timeoutMillis = 9223372036854775807 ms.
2025-08-12 17:25:52,972 INFO  [org.apa.kaf.com.met.Metrics] (Thread-676) Metrics scheduler closed
2025-08-12 17:25:52,972 INFO  [org.apa.kaf.com.met.Metrics] (Thread-676) Closing reporter org.apache.kafka.common.metrics.JmxReporter
2025-08-12 17:25:52,972 INFO  [org.apa.kaf.com.met.Metrics] (Thread-676) Closing reporter org.apache.kafka.common.telemetry.internals.ClientTelemetryReporter
2025-08-12 17:25:52,972 INFO  [org.apa.kaf.com.met.Metrics] (Thread-676) Metrics reporters closed
2025-08-12 17:25:52,973 INFO  [org.apa.kaf.com.uti.AppInfoParser] (Thread-676) App info kafka.producer for Producer-topic-3f8f3b2e_8ece_4daa_91cf_803bd81967f1 unregistered
**** Registry Base URL: http://registry-app-ksql047.apps.ci419.apicurio-testing.org:80
2025-08-12 17:25:52,973 INFO  [org.apa.kaf.cli.pro.ProducerConfig] (main) ProducerConfig values: 
	acks = -1
	auto.include.jmx.reporter = true
	batch.size = 16384
	bootstrap.servers = [PLAINTEXT://localhost:32769]
	buffer.memory = 33554432
	client.dns.lookup = use_all_dns_ips
	client.id = Producer-topic-3f8f3b2e_8ece_4daa_91cf_803bd81967f1
	compression.gzip.level = -1
	compression.lz4.level = 9
	compression.type = none
	compression.zstd.level = 3
	connections.max.idle.ms = 10000
	delivery.timeout.ms = 120000
	enable.idempotence = true
	enable.metrics.push = true
	interceptor.classes = []
	key.serializer = class org.apache.kafka.common.serialization.StringSerializer
	linger.ms = 0
	max.block.ms = 60000
	max.in.flight.requests.per.connection = 5
	max.request.size = 1048576
	metadata.max.age.ms = 300000
	metadata.max.idle.ms = 300000
	metadata.recovery.strategy = none
	metric.reporters = []
	metrics.num.samples = 2
	metrics.recording.level = INFO
	metrics.sample.window.ms = 30000
	partitioner.adaptive.partitioning.enable = true
	partitioner.availability.timeout.ms = 0
	partitioner.class = null
	partitioner.ignore.keys = false
	receive.buffer.bytes = 32768
	reconnect.backoff.max.ms = 1000
	reconnect.backoff.ms = 50
	request.timeout.ms = 5000
	retries = 2147483647
	retry.backoff.max.ms = 1000
	retry.backoff.ms = 100
	sasl.client.callback.handler.class = null
	sasl.jaas.config = null
	sasl.kerberos.kinit.cmd = /usr/bin/kinit
	sasl.kerberos.min.time.before.relogin = 60000
	sasl.kerberos.service.name = null
	sasl.kerberos.ticket.renew.jitter = 0.05
	sasl.kerberos.ticket.renew.window.factor = 0.8
	sasl.login.callback.handler.class = null
	sasl.login.class = null
	sasl.login.connect.timeout.ms = null
	sasl.login.read.timeout.ms = null
	sasl.login.refresh.buffer.seconds = 300
	sasl.login.refresh.min.period.seconds = 60
	sasl.login.refresh.window.factor = 0.8
	sasl.login.refresh.window.jitter = 0.05
	sasl.login.retry.backoff.max.ms = 10000
	sasl.login.retry.backoff.ms = 100
	sasl.mechanism = GSSAPI
	sasl.oauthbearer.clock.skew.seconds = 30
	sasl.oauthbearer.expected.audience = null
	sasl.oauthbearer.expected.issuer = null
	sasl.oauthbearer.header.urlencode = false
	sasl.oauthbearer.jwks.endpoint.refresh.ms = 3600000
	sasl.oauthbearer.jwks.endpoint.retry.backoff.max.ms = 10000
	sasl.oauthbearer.jwks.endpoint.retry.backoff.ms = 100
	sasl.oauthbearer.jwks.endpoint.url = null
	sasl.oauthbearer.scope.claim.name = scope
	sasl.oauthbearer.sub.claim.name = sub
	sasl.oauthbearer.token.endpoint.url = null
	security.protocol = PLAINTEXT
	security.providers = null
	send.buffer.bytes = 131072
	socket.connection.setup.timeout.max.ms = 30000
	socket.connection.setup.timeout.ms = 10000
	ssl.cipher.suites = null
	ssl.enabled.protocols = [TLSv1.2, TLSv1.3]
	ssl.endpoint.identification.algorithm = https
	ssl.engine.factory.class = null
	ssl.key.password = null
	ssl.keymanager.algorithm = SunX509
	ssl.keystore.certificate.chain = null
	ssl.keystore.key = null
	ssl.keystore.location = null
	ssl.keystore.password = null
	ssl.keystore.type = JKS
	ssl.protocol = TLSv1.3
	ssl.provider = null
	ssl.secure.random.implementation = null
	ssl.trustmanager.algorithm = PKIX
	ssl.truststore.certificates = null
	ssl.truststore.location = null
	ssl.truststore.password = null
	ssl.truststore.type = JKS
	transaction.timeout.ms = 60000
	transactional.id = null
	value.serializer = class io.apicurio.registry.serde.avro.AvroKafkaSerializer

2025-08-12 17:25:52,974 INFO  [org.apa.kaf.com.tel.int.KafkaMetricsCollector] (main) initializing Kafka metrics collector
2025-08-12 17:25:52,978 INFO  [org.apa.kaf.cli.pro.KafkaProducer] (main) [Producer clientId=Producer-topic-3f8f3b2e_8ece_4daa_91cf_803bd81967f1] Instantiated an idempotent producer.
2025-08-12 17:25:52,983 INFO  [org.apa.kaf.cli.pro.ProducerConfig] (main) These configurations '[apicurio.registry.url, apicurio.registry.artifact-resolver-strategy]' were supplied but are not used yet.
2025-08-12 17:25:52,983 INFO  [org.apa.kaf.com.uti.AppInfoParser] (main) Kafka version: 3.9.1
2025-08-12 17:25:52,983 INFO  [org.apa.kaf.com.uti.AppInfoParser] (main) Kafka commitId: f745dfdcee2b9851
2025-08-12 17:25:52,983 INFO  [org.apa.kaf.com.uti.AppInfoParser] (main) Kafka startTimeMs: 1755019552983
2025-08-12 17:25:52,983 INFO  [io.api.tes.ser.api.KafkaSerdesTester] (Thread-679) Sending message {"key11755019546786": "value-0"} to topic topic-3f8f3b2e_8ece_4daa_91cf_803bd81967f1
2025-08-12 17:25:52,990 INFO  [org.apa.kaf.cli.Metadata] (kafka-producer-network-thread | Producer-topic-3f8f3b2e_8ece_4daa_91cf_803bd81967f1) [Producer clientId=Producer-topic-3f8f3b2e_8ece_4daa_91cf_803bd81967f1] Cluster ID: HDV_o9asQruzQakuWK8_NQ
2025-08-12 17:25:52,990 INFO  [org.apa.kaf.cli.pro.int.TransactionManager] (kafka-producer-network-thread | Producer-topic-3f8f3b2e_8ece_4daa_91cf_803bd81967f1) [Producer clientId=Producer-topic-3f8f3b2e_8ece_4daa_91cf_803bd81967f1] ProducerId set to 14 with epoch 0
2025-08-12 17:25:52,990 INFO  [DefaultSchemaResolver] (Thread-679) Retrieving schema content using string: {"type":"record","name":"sc1ebab47x59a5x4ea1x9b63x14c8ebe7a2f6","namespace":"ns_db6061e7_b6ee_45eb_b304_4b8a1911ae24","fields":[{"name":"key11755019546786","type":"string"}]}
2025-08-12 17:25:53,079 INFO  [io.api.tes.ser.api.KafkaSerdesTester] (Thread-679) Sending message {"key11755019546786": "value-1"} to topic topic-3f8f3b2e_8ece_4daa_91cf_803bd81967f1
2025-08-12 17:25:53,081 INFO  [io.api.tes.ser.api.KafkaSerdesTester] (Thread-679) Sending message {"key11755019546786": "value-2"} to topic topic-3f8f3b2e_8ece_4daa_91cf_803bd81967f1
2025-08-12 17:25:53,082 INFO  [io.api.tes.ser.api.KafkaSerdesTester] (Thread-679) Sending message {"key11755019546786": "value-3"} to topic topic-3f8f3b2e_8ece_4daa_91cf_803bd81967f1
2025-08-12 17:25:53,083 INFO  [io.api.tes.ser.api.KafkaSerdesTester] (Thread-679) Sending message {"key11755019546786": "value-4"} to topic topic-3f8f3b2e_8ece_4daa_91cf_803bd81967f1
2025-08-12 17:25:53,085 INFO  [io.api.tes.ser.api.KafkaSerdesTester] (Thread-679) Sending message {"key11755019546786": "value-5"} to topic topic-3f8f3b2e_8ece_4daa_91cf_803bd81967f1
2025-08-12 17:25:53,086 INFO  [io.api.tes.ser.api.KafkaSerdesTester] (Thread-679) Sending message {"key11755019546786": "value-6"} to topic topic-3f8f3b2e_8ece_4daa_91cf_803bd81967f1
2025-08-12 17:25:53,087 INFO  [io.api.tes.ser.api.KafkaSerdesTester] (Thread-679) Sending message {"key11755019546786": "value-7"} to topic topic-3f8f3b2e_8ece_4daa_91cf_803bd81967f1
2025-08-12 17:25:53,088 INFO  [io.api.tes.ser.api.KafkaSerdesTester] (Thread-679) Sending message {"key11755019546786": "value-8"} to topic topic-3f8f3b2e_8ece_4daa_91cf_803bd81967f1
2025-08-12 17:25:53,089 INFO  [io.api.tes.ser.api.KafkaSerdesTester] (Thread-679) Sending message {"key11755019546786": "value-9"} to topic topic-3f8f3b2e_8ece_4daa_91cf_803bd81967f1
2025-08-12 17:25:53,090 INFO  [io.api.tes.ser.api.KafkaSerdesTester] (Thread-679) Produced 10 messages
2025-08-12 17:25:53,090 INFO  [org.apa.kaf.cli.pro.KafkaProducer] (Thread-679) [Producer clientId=Producer-topic-3f8f3b2e_8ece_4daa_91cf_803bd81967f1] Closing the Kafka producer with timeoutMillis = 9223372036854775807 ms.
2025-08-12 17:25:53,092 INFO  [org.apa.kaf.com.met.Metrics] (Thread-679) Metrics scheduler closed
2025-08-12 17:25:53,092 INFO  [org.apa.kaf.com.met.Metrics] (Thread-679) Closing reporter org.apache.kafka.common.metrics.JmxReporter
2025-08-12 17:25:53,092 INFO  [org.apa.kaf.com.met.Metrics] (Thread-679) Closing reporter org.apache.kafka.common.telemetry.internals.ClientTelemetryReporter
2025-08-12 17:25:53,092 INFO  [org.apa.kaf.com.met.Metrics] (Thread-679) Metrics reporters closed
2025-08-12 17:25:53,092 INFO  [org.apa.kaf.com.uti.AppInfoParser] (Thread-679) App info kafka.producer for Producer-topic-3f8f3b2e_8ece_4daa_91cf_803bd81967f1 unregistered
**** Registry Base URL: http://registry-app-ksql047.apps.ci419.apicurio-testing.org:80
2025-08-12 17:25:53,093 INFO  [org.apa.kaf.cli.con.ConsumerConfig] (main) ConsumerConfig values: 
	allow.auto.create.topics = true
	auto.commit.interval.ms = 500
	auto.include.jmx.reporter = true
	auto.offset.reset = earliest
	bootstrap.servers = [PLAINTEXT://localhost:32769]
	check.crcs = true
	client.dns.lookup = use_all_dns_ips
	client.id = consumer-Consumer-topic-3f8f3b2e_8ece_4daa_91cf_803bd81967f1-11
	client.rack = 
	connections.max.idle.ms = 10000
	default.api.timeout.ms = 60000
	enable.auto.commit = true
	enable.metrics.push = true
	exclude.internal.topics = true
	fetch.max.bytes = 52428800
	fetch.max.wait.ms = 500
	fetch.min.bytes = 1
	group.id = Consumer-topic-3f8f3b2e_8ece_4daa_91cf_803bd81967f1
	group.instance.id = null
	group.protocol = classic
	group.remote.assignor = null
	heartbeat.interval.ms = 3000
	interceptor.classes = []
	internal.leave.group.on.close = true
	internal.throw.on.fetch.stable.offset.unsupported = false
	isolation.level = read_uncommitted
	key.deserializer = class org.apache.kafka.common.serialization.StringDeserializer
	max.partition.fetch.bytes = 1048576
	max.poll.interval.ms = 300000
	max.poll.records = 500
	metadata.max.age.ms = 300000
	metadata.recovery.strategy = none
	metric.reporters = []
	metrics.num.samples = 2
	metrics.recording.level = INFO
	metrics.sample.window.ms = 30000
	partition.assignment.strategy = [class org.apache.kafka.clients.consumer.RangeAssignor, class org.apache.kafka.clients.consumer.CooperativeStickyAssignor]
	receive.buffer.bytes = 65536
	reconnect.backoff.max.ms = 1000
	reconnect.backoff.ms = 50
	request.timeout.ms = 5000
	retry.backoff.max.ms = 1000
	retry.backoff.ms = 100
	sasl.client.callback.handler.class = null
	sasl.jaas.config = null
	sasl.kerberos.kinit.cmd = /usr/bin/kinit
	sasl.kerberos.min.time.before.relogin = 60000
	sasl.kerberos.service.name = null
	sasl.kerberos.ticket.renew.jitter = 0.05
	sasl.kerberos.ticket.renew.window.factor = 0.8
	sasl.login.callback.handler.class = null
	sasl.login.class = null
	sasl.login.connect.timeout.ms = null
	sasl.login.read.timeout.ms = null
	sasl.login.refresh.buffer.seconds = 300
	sasl.login.refresh.min.period.seconds = 60
	sasl.login.refresh.window.factor = 0.8
	sasl.login.refresh.window.jitter = 0.05
	sasl.login.retry.backoff.max.ms = 10000
	sasl.login.retry.backoff.ms = 100
	sasl.mechanism = GSSAPI
	sasl.oauthbearer.clock.skew.seconds = 30
	sasl.oauthbearer.expected.audience = null
	sasl.oauthbearer.expected.issuer = null
	sasl.oauthbearer.header.urlencode = false
	sasl.oauthbearer.jwks.endpoint.refresh.ms = 3600000
	sasl.oauthbearer.jwks.endpoint.retry.backoff.max.ms = 10000
	sasl.oauthbearer.jwks.endpoint.retry.backoff.ms = 100
	sasl.oauthbearer.jwks.endpoint.url = null
	sasl.oauthbearer.scope.claim.name = scope
	sasl.oauthbearer.sub.claim.name = sub
	sasl.oauthbearer.token.endpoint.url = null
	security.protocol = PLAINTEXT
	security.providers = null
	send.buffer.bytes = 131072
	session.timeout.ms = 45000
	socket.connection.setup.timeout.max.ms = 30000
	socket.connection.setup.timeout.ms = 10000
	ssl.cipher.suites = null
	ssl.enabled.protocols = [TLSv1.2, TLSv1.3]
	ssl.endpoint.identification.algorithm = https
	ssl.engine.factory.class = null
	ssl.key.password = null
	ssl.keymanager.algorithm = SunX509
	ssl.keystore.certificate.chain = null
	ssl.keystore.key = null
	ssl.keystore.location = null
	ssl.keystore.password = null
	ssl.keystore.type = JKS
	ssl.protocol = TLSv1.3
	ssl.provider = null
	ssl.secure.random.implementation = null
	ssl.trustmanager.algorithm = PKIX
	ssl.truststore.certificates = null
	ssl.truststore.location = null
	ssl.truststore.password = null
	ssl.truststore.type = JKS
	value.deserializer = class io.apicurio.registry.serde.avro.AvroKafkaDeserializer

2025-08-12 17:25:53,093 INFO  [org.apa.kaf.com.tel.int.KafkaMetricsCollector] (main) initializing Kafka metrics collector
2025-08-12 17:25:53,100 INFO  [org.apa.kaf.cli.con.ConsumerConfig] (main) These configurations '[apicurio.registry.url]' were supplied but are not used yet.
2025-08-12 17:25:53,100 INFO  [org.apa.kaf.com.uti.AppInfoParser] (main) Kafka version: 3.9.1
2025-08-12 17:25:53,100 INFO  [org.apa.kaf.com.uti.AppInfoParser] (main) Kafka commitId: f745dfdcee2b9851
2025-08-12 17:25:53,100 INFO  [org.apa.kaf.com.uti.AppInfoParser] (main) Kafka startTimeMs: 1755019553100
2025-08-12 17:25:53,101 INFO  [org.apa.kaf.cli.con.int.ClassicKafkaConsumer] (Thread-682) [Consumer clientId=consumer-Consumer-topic-3f8f3b2e_8ece_4daa_91cf_803bd81967f1-11, groupId=Consumer-topic-3f8f3b2e_8ece_4daa_91cf_803bd81967f1] Subscribed to topic(s): topic-3f8f3b2e_8ece_4daa_91cf_803bd81967f1
2025-08-12 17:25:53,105 INFO  [org.apa.kaf.cli.Metadata] (Thread-682) [Consumer clientId=consumer-Consumer-topic-3f8f3b2e_8ece_4daa_91cf_803bd81967f1-11, groupId=Consumer-topic-3f8f3b2e_8ece_4daa_91cf_803bd81967f1] Cluster ID: HDV_o9asQruzQakuWK8_NQ
2025-08-12 17:25:53,106 INFO  [org.apa.kaf.cli.con.int.ConsumerCoordinator] (Thread-682) [Consumer clientId=consumer-Consumer-topic-3f8f3b2e_8ece_4daa_91cf_803bd81967f1-11, groupId=Consumer-topic-3f8f3b2e_8ece_4daa_91cf_803bd81967f1] Discovered group coordinator localhost:32769 (id: 2147483647 rack: null)
2025-08-12 17:25:53,108 INFO  [org.apa.kaf.cli.con.int.ConsumerCoordinator] (Thread-682) [Consumer clientId=consumer-Consumer-topic-3f8f3b2e_8ece_4daa_91cf_803bd81967f1-11, groupId=Consumer-topic-3f8f3b2e_8ece_4daa_91cf_803bd81967f1] (Re-)joining group
2025-08-12 17:25:53,109 INFO  [org.apa.kaf.cli.con.int.ConsumerCoordinator] (Thread-682) [Consumer clientId=consumer-Consumer-topic-3f8f3b2e_8ece_4daa_91cf_803bd81967f1-11, groupId=Consumer-topic-3f8f3b2e_8ece_4daa_91cf_803bd81967f1] Request joining group due to: need to re-join with the given member-id: consumer-Consumer-topic-3f8f3b2e_8ece_4daa_91cf_803bd81967f1-11-0c421db7-076b-4ef2-b0ef-fb845e3f6b3a
2025-08-12 17:25:53,109 INFO  [org.apa.kaf.cli.con.int.ConsumerCoordinator] (Thread-682) [Consumer clientId=consumer-Consumer-topic-3f8f3b2e_8ece_4daa_91cf_803bd81967f1-11, groupId=Consumer-topic-3f8f3b2e_8ece_4daa_91cf_803bd81967f1] (Re-)joining group
2025-08-12 17:25:54,101 INFO  [io.api.tes.ser.api.KafkaSerdesTester] (Thread-682) None found
2025-08-12 17:25:55,101 INFO  [io.api.tes.ser.api.KafkaSerdesTester] (Thread-682) None found
2025-08-12 17:25:56,102 INFO  [io.api.tes.ser.api.KafkaSerdesTester] (Thread-682) None found
2025-08-12 17:25:56,110 INFO  [org.apa.kaf.cli.con.int.ConsumerCoordinator] (Thread-682) [Consumer clientId=consumer-Consumer-topic-3f8f3b2e_8ece_4daa_91cf_803bd81967f1-11, groupId=Consumer-topic-3f8f3b2e_8ece_4daa_91cf_803bd81967f1] Successfully joined group with generation Generation{generationId=3, memberId='consumer-Consumer-topic-3f8f3b2e_8ece_4daa_91cf_803bd81967f1-11-0c421db7-076b-4ef2-b0ef-fb845e3f6b3a', protocol='range'}
2025-08-12 17:25:56,110 INFO  [org.apa.kaf.cli.con.int.ConsumerCoordinator] (Thread-682) [Consumer clientId=consumer-Consumer-topic-3f8f3b2e_8ece_4daa_91cf_803bd81967f1-11, groupId=Consumer-topic-3f8f3b2e_8ece_4daa_91cf_803bd81967f1] Finished assignment for group at generation 3: {consumer-Consumer-topic-3f8f3b2e_8ece_4daa_91cf_803bd81967f1-11-0c421db7-076b-4ef2-b0ef-fb845e3f6b3a=Assignment(partitions=[topic-3f8f3b2e_8ece_4daa_91cf_803bd81967f1-0])}
2025-08-12 17:25:56,117 INFO  [org.apa.kaf.cli.con.int.ConsumerCoordinator] (Thread-682) [Consumer clientId=consumer-Consumer-topic-3f8f3b2e_8ece_4daa_91cf_803bd81967f1-11, groupId=Consumer-topic-3f8f3b2e_8ece_4daa_91cf_803bd81967f1] Successfully synced group in generation Generation{generationId=3, memberId='consumer-Consumer-topic-3f8f3b2e_8ece_4daa_91cf_803bd81967f1-11-0c421db7-076b-4ef2-b0ef-fb845e3f6b3a', protocol='range'}
2025-08-12 17:25:56,117 INFO  [org.apa.kaf.cli.con.int.ConsumerCoordinator] (Thread-682) [Consumer clientId=consumer-Consumer-topic-3f8f3b2e_8ece_4daa_91cf_803bd81967f1-11, groupId=Consumer-topic-3f8f3b2e_8ece_4daa_91cf_803bd81967f1] Notifying assignor about the new Assignment(partitions=[topic-3f8f3b2e_8ece_4daa_91cf_803bd81967f1-0])
2025-08-12 17:25:56,117 INFO  [org.apa.kaf.cli.con.int.ConsumerRebalanceListenerInvoker] (Thread-682) [Consumer clientId=consumer-Consumer-topic-3f8f3b2e_8ece_4daa_91cf_803bd81967f1-11, groupId=Consumer-topic-3f8f3b2e_8ece_4daa_91cf_803bd81967f1] Adding newly assigned partitions: topic-3f8f3b2e_8ece_4daa_91cf_803bd81967f1-0
2025-08-12 17:25:56,119 INFO  [org.apa.kaf.cli.con.int.ConsumerUtils] (Thread-682) Setting offset for partition topic-3f8f3b2e_8ece_4daa_91cf_803bd81967f1-0 to the committed offset FetchPosition{offset=10, offsetEpoch=Optional[0], currentLeader=LeaderAndEpoch{leader=Optional[localhost:32769 (id: 0 rack: null)], epoch=0}}
2025-08-12 17:25:56,344 INFO  [io.api.tes.ser.api.KafkaSerdesTester] (Thread-682) topic-3f8f3b2e_8ece_4daa_91cf_803bd81967f1 0 10 {"key11755019546786": "value-0", "key21755019551713": "value-0"}
2025-08-12 17:25:56,344 INFO  [io.api.tes.ser.api.KafkaSerdesTester] (Thread-682) topic-3f8f3b2e_8ece_4daa_91cf_803bd81967f1 0 11 {"key11755019546786": "value-1", "key21755019551713": "value-1"}
2025-08-12 17:25:56,344 INFO  [io.api.tes.ser.api.KafkaSerdesTester] (Thread-682) topic-3f8f3b2e_8ece_4daa_91cf_803bd81967f1 0 12 {"key11755019546786": "value-2", "key21755019551713": "value-2"}
2025-08-12 17:25:56,344 INFO  [io.api.tes.ser.api.KafkaSerdesTester] (Thread-682) topic-3f8f3b2e_8ece_4daa_91cf_803bd81967f1 0 13 {"key11755019546786": "value-3", "key21755019551713": "value-3"}
2025-08-12 17:25:56,344 INFO  [io.api.tes.ser.api.KafkaSerdesTester] (Thread-682) topic-3f8f3b2e_8ece_4daa_91cf_803bd81967f1 0 14 {"key11755019546786": "value-4", "key21755019551713": "value-4"}
2025-08-12 17:25:56,344 INFO  [io.api.tes.ser.api.KafkaSerdesTester] (Thread-682) topic-3f8f3b2e_8ece_4daa_91cf_803bd81967f1 0 15 {"key11755019546786": "value-5", "key21755019551713": "value-5"}
2025-08-12 17:25:56,344 INFO  [io.api.tes.ser.api.KafkaSerdesTester] (Thread-682) topic-3f8f3b2e_8ece_4daa_91cf_803bd81967f1 0 16 {"key11755019546786": "value-6", "key21755019551713": "value-6"}
2025-08-12 17:25:56,344 INFO  [io.api.tes.ser.api.KafkaSerdesTester] (Thread-682) topic-3f8f3b2e_8ece_4daa_91cf_803bd81967f1 0 17 {"key11755019546786": "value-7", "key21755019551713": "value-7"}
2025-08-12 17:25:56,344 INFO  [io.api.tes.ser.api.KafkaSerdesTester] (Thread-682) topic-3f8f3b2e_8ece_4daa_91cf_803bd81967f1 0 18 {"key11755019546786": "value-8", "key21755019551713": "value-8"}
2025-08-12 17:25:56,344 INFO  [io.api.tes.ser.api.KafkaSerdesTester] (Thread-682) topic-3f8f3b2e_8ece_4daa_91cf_803bd81967f1 0 19 {"key11755019546786": "value-9", "key21755019551713": "value-9"}
2025-08-12 17:25:56,344 INFO  [io.api.tes.ser.api.KafkaSerdesTester] (Thread-682) topic-3f8f3b2e_8ece_4daa_91cf_803bd81967f1 0 20 {"key11755019546786": "value-0"}
2025-08-12 17:25:56,345 INFO  [io.api.tes.ser.api.KafkaSerdesTester] (Thread-682) topic-3f8f3b2e_8ece_4daa_91cf_803bd81967f1 0 21 {"key11755019546786": "value-1"}
2025-08-12 17:25:56,345 INFO  [io.api.tes.ser.api.KafkaSerdesTester] (Thread-682) topic-3f8f3b2e_8ece_4daa_91cf_803bd81967f1 0 22 {"key11755019546786": "value-2"}
2025-08-12 17:25:56,345 INFO  [io.api.tes.ser.api.KafkaSerdesTester] (Thread-682) topic-3f8f3b2e_8ece_4daa_91cf_803bd81967f1 0 23 {"key11755019546786": "value-3"}
2025-08-12 17:25:56,345 INFO  [io.api.tes.ser.api.KafkaSerdesTester] (Thread-682) topic-3f8f3b2e_8ece_4daa_91cf_803bd81967f1 0 24 {"key11755019546786": "value-4"}
2025-08-12 17:25:56,345 INFO  [io.api.tes.ser.api.KafkaSerdesTester] (Thread-682) topic-3f8f3b2e_8ece_4daa_91cf_803bd81967f1 0 25 {"key11755019546786": "value-5"}
2025-08-12 17:25:56,345 INFO  [io.api.tes.ser.api.KafkaSerdesTester] (Thread-682) topic-3f8f3b2e_8ece_4daa_91cf_803bd81967f1 0 26 {"key11755019546786": "value-6"}
2025-08-12 17:25:56,345 INFO  [io.api.tes.ser.api.KafkaSerdesTester] (Thread-682) topic-3f8f3b2e_8ece_4daa_91cf_803bd81967f1 0 27 {"key11755019546786": "value-7"}
2025-08-12 17:25:56,345 INFO  [io.api.tes.ser.api.KafkaSerdesTester] (Thread-682) topic-3f8f3b2e_8ece_4daa_91cf_803bd81967f1 0 28 {"key11755019546786": "value-8"}
2025-08-12 17:25:56,345 INFO  [io.api.tes.ser.api.KafkaSerdesTester] (Thread-682) topic-3f8f3b2e_8ece_4daa_91cf_803bd81967f1 0 29 {"key11755019546786": "value-9"}
2025-08-12 17:25:56,345 INFO  [io.api.tes.ser.api.KafkaSerdesTester] (Thread-682) Consumed 20 messages
2025-08-12 17:25:56,352 INFO  [org.apa.kaf.cli.con.int.ConsumerRebalanceListenerInvoker] (Thread-682) [Consumer clientId=consumer-Consumer-topic-3f8f3b2e_8ece_4daa_91cf_803bd81967f1-11, groupId=Consumer-topic-3f8f3b2e_8ece_4daa_91cf_803bd81967f1] Revoke previously assigned partitions topic-3f8f3b2e_8ece_4daa_91cf_803bd81967f1-0
2025-08-12 17:25:56,352 INFO  [org.apa.kaf.cli.con.int.ConsumerCoordinator] (Thread-682) [Consumer clientId=consumer-Consumer-topic-3f8f3b2e_8ece_4daa_91cf_803bd81967f1-11, groupId=Consumer-topic-3f8f3b2e_8ece_4daa_91cf_803bd81967f1] Member consumer-Consumer-topic-3f8f3b2e_8ece_4daa_91cf_803bd81967f1-11-0c421db7-076b-4ef2-b0ef-fb845e3f6b3a sending LeaveGroup request to coordinator localhost:32769 (id: 2147483647 rack: null) due to the consumer is being closed
2025-08-12 17:25:56,353 INFO  [org.apa.kaf.cli.con.int.ConsumerCoordinator] (Thread-682) [Consumer clientId=consumer-Consumer-topic-3f8f3b2e_8ece_4daa_91cf_803bd81967f1-11, groupId=Consumer-topic-3f8f3b2e_8ece_4daa_91cf_803bd81967f1] Resetting generation and member id due to: consumer pro-actively leaving the group
2025-08-12 17:25:56,353 INFO  [org.apa.kaf.cli.con.int.ConsumerCoordinator] (Thread-682) [Consumer clientId=consumer-Consumer-topic-3f8f3b2e_8ece_4daa_91cf_803bd81967f1-11, groupId=Consumer-topic-3f8f3b2e_8ece_4daa_91cf_803bd81967f1] Request joining group due to: consumer pro-actively leaving the group
2025-08-12 17:25:56,846 INFO  [org.apa.kaf.com.met.Metrics] (Thread-682) Metrics scheduler closed
2025-08-12 17:25:56,846 INFO  [org.apa.kaf.com.met.Metrics] (Thread-682) Closing reporter org.apache.kafka.common.metrics.JmxReporter
2025-08-12 17:25:56,846 INFO  [org.apa.kaf.com.met.Metrics] (Thread-682) Closing reporter org.apache.kafka.common.telemetry.internals.ClientTelemetryReporter
2025-08-12 17:25:56,847 INFO  [org.apa.kaf.com.met.Metrics] (Thread-682) Metrics reporters closed
2025-08-12 17:25:56,850 INFO  [org.apa.kaf.com.uti.AppInfoParser] (Thread-682) App info kafka.consumer for consumer-Consumer-topic-3f8f3b2e_8ece_4daa_91cf_803bd81967f1-11 unregistered
2025-08-12 17:25:56,853 INFO  [io.api.tes.ser.api.AvroSerdeIT] (main) Registering Avro Schema 3: {"type":"record","name":"sc1ebab47x59a5x4ea1x9b63x14c8ebe7a2f6","namespace":"ns_db6061e7_b6ee_45eb_b304_4b8a1911ae24","fields":[{"name":"key11755019546786","type":"string"},{"name":"key21755019551713","type":"string"},{"name":"key31755019556851","type":"string"}]}
**** Registry Base URL: http://registry-app-ksql047.apps.ci419.apicurio-testing.org:80
2025-08-12 17:25:57,968 INFO  [org.apa.kaf.cli.pro.ProducerConfig] (main) ProducerConfig values: 
	acks = -1
	auto.include.jmx.reporter = true
	batch.size = 16384
	bootstrap.servers = [PLAINTEXT://localhost:32769]
	buffer.memory = 33554432
	client.dns.lookup = use_all_dns_ips
	client.id = Producer-topic-3f8f3b2e_8ece_4daa_91cf_803bd81967f1
	compression.gzip.level = -1
	compression.lz4.level = 9
	compression.type = none
	compression.zstd.level = 3
	connections.max.idle.ms = 10000
	delivery.timeout.ms = 120000
	enable.idempotence = true
	enable.metrics.push = true
	interceptor.classes = []
	key.serializer = class org.apache.kafka.common.serialization.StringSerializer
	linger.ms = 0
	max.block.ms = 60000
	max.in.flight.requests.per.connection = 5
	max.request.size = 1048576
	metadata.max.age.ms = 300000
	metadata.max.idle.ms = 300000
	metadata.recovery.strategy = none
	metric.reporters = []
	metrics.num.samples = 2
	metrics.recording.level = INFO
	metrics.sample.window.ms = 30000
	partitioner.adaptive.partitioning.enable = true
	partitioner.availability.timeout.ms = 0
	partitioner.class = null
	partitioner.ignore.keys = false
	receive.buffer.bytes = 32768
	reconnect.backoff.max.ms = 1000
	reconnect.backoff.ms = 50
	request.timeout.ms = 5000
	retries = 2147483647
	retry.backoff.max.ms = 1000
	retry.backoff.ms = 100
	sasl.client.callback.handler.class = null
	sasl.jaas.config = null
	sasl.kerberos.kinit.cmd = /usr/bin/kinit
	sasl.kerberos.min.time.before.relogin = 60000
	sasl.kerberos.service.name = null
	sasl.kerberos.ticket.renew.jitter = 0.05
	sasl.kerberos.ticket.renew.window.factor = 0.8
	sasl.login.callback.handler.class = null
	sasl.login.class = null
	sasl.login.connect.timeout.ms = null
	sasl.login.read.timeout.ms = null
	sasl.login.refresh.buffer.seconds = 300
	sasl.login.refresh.min.period.seconds = 60
	sasl.login.refresh.window.factor = 0.8
	sasl.login.refresh.window.jitter = 0.05
	sasl.login.retry.backoff.max.ms = 10000
	sasl.login.retry.backoff.ms = 100
	sasl.mechanism = GSSAPI
	sasl.oauthbearer.clock.skew.seconds = 30
	sasl.oauthbearer.expected.audience = null
	sasl.oauthbearer.expected.issuer = null
	sasl.oauthbearer.header.urlencode = false
	sasl.oauthbearer.jwks.endpoint.refresh.ms = 3600000
	sasl.oauthbearer.jwks.endpoint.retry.backoff.max.ms = 10000
	sasl.oauthbearer.jwks.endpoint.retry.backoff.ms = 100
	sasl.oauthbearer.jwks.endpoint.url = null
	sasl.oauthbearer.scope.claim.name = scope
	sasl.oauthbearer.sub.claim.name = sub
	sasl.oauthbearer.token.endpoint.url = null
	security.protocol = PLAINTEXT
	security.providers = null
	send.buffer.bytes = 131072
	socket.connection.setup.timeout.max.ms = 30000
	socket.connection.setup.timeout.ms = 10000
	ssl.cipher.suites = null
	ssl.enabled.protocols = [TLSv1.2, TLSv1.3]
	ssl.endpoint.identification.algorithm = https
	ssl.engine.factory.class = null
	ssl.key.password = null
	ssl.keymanager.algorithm = SunX509
	ssl.keystore.certificate.chain = null
	ssl.keystore.key = null
	ssl.keystore.location = null
	ssl.keystore.password = null
	ssl.keystore.type = JKS
	ssl.protocol = TLSv1.3
	ssl.provider = null
	ssl.secure.random.implementation = null
	ssl.trustmanager.algorithm = PKIX
	ssl.truststore.certificates = null
	ssl.truststore.location = null
	ssl.truststore.password = null
	ssl.truststore.type = JKS
	transaction.timeout.ms = 60000
	transactional.id = null
	value.serializer = class io.apicurio.registry.serde.avro.AvroKafkaSerializer

2025-08-12 17:25:57,968 INFO  [org.apa.kaf.com.tel.int.KafkaMetricsCollector] (main) initializing Kafka metrics collector
2025-08-12 17:25:57,972 INFO  [org.apa.kaf.cli.pro.KafkaProducer] (main) [Producer clientId=Producer-topic-3f8f3b2e_8ece_4daa_91cf_803bd81967f1] Instantiated an idempotent producer.
2025-08-12 17:25:57,976 INFO  [org.apa.kaf.cli.pro.ProducerConfig] (main) These configurations '[apicurio.registry.url, apicurio.registry.artifact-resolver-strategy]' were supplied but are not used yet.
2025-08-12 17:25:57,976 INFO  [org.apa.kaf.com.uti.AppInfoParser] (main) Kafka version: 3.9.1
2025-08-12 17:25:57,976 INFO  [org.apa.kaf.com.uti.AppInfoParser] (main) Kafka commitId: f745dfdcee2b9851
2025-08-12 17:25:57,976 INFO  [org.apa.kaf.com.uti.AppInfoParser] (main) Kafka startTimeMs: 1755019557976
2025-08-12 17:25:57,978 INFO  [io.api.tes.ser.api.KafkaSerdesTester] (Thread-685) Sending message {"key11755019546786": "value-0", "key21755019551713": "value-0", "key31755019556851": "value-0"} to topic topic-3f8f3b2e_8ece_4daa_91cf_803bd81967f1
2025-08-12 17:25:57,982 INFO  [org.apa.kaf.cli.Metadata] (kafka-producer-network-thread | Producer-topic-3f8f3b2e_8ece_4daa_91cf_803bd81967f1) [Producer clientId=Producer-topic-3f8f3b2e_8ece_4daa_91cf_803bd81967f1] Cluster ID: HDV_o9asQruzQakuWK8_NQ
2025-08-12 17:25:57,982 INFO  [DefaultSchemaResolver] (Thread-685) Retrieving schema content using string: {"type":"record","name":"sc1ebab47x59a5x4ea1x9b63x14c8ebe7a2f6","namespace":"ns_db6061e7_b6ee_45eb_b304_4b8a1911ae24","fields":[{"name":"key11755019546786","type":"string"},{"name":"key21755019551713","type":"string"},{"name":"key31755019556851","type":"string"}]}
2025-08-12 17:25:57,983 INFO  [org.apa.kaf.cli.pro.int.TransactionManager] (kafka-producer-network-thread | Producer-topic-3f8f3b2e_8ece_4daa_91cf_803bd81967f1) [Producer clientId=Producer-topic-3f8f3b2e_8ece_4daa_91cf_803bd81967f1] ProducerId set to 15 with epoch 0
2025-08-12 17:25:58,070 INFO  [io.api.tes.ser.api.KafkaSerdesTester] (Thread-685) Sending message {"key11755019546786": "value-1", "key21755019551713": "value-1", "key31755019556851": "value-1"} to topic topic-3f8f3b2e_8ece_4daa_91cf_803bd81967f1
2025-08-12 17:25:58,073 INFO  [io.api.tes.ser.api.KafkaSerdesTester] (Thread-685) Sending message {"key11755019546786": "value-2", "key21755019551713": "value-2", "key31755019556851": "value-2"} to topic topic-3f8f3b2e_8ece_4daa_91cf_803bd81967f1
2025-08-12 17:25:58,077 INFO  [io.api.tes.ser.api.KafkaSerdesTester] (Thread-685) Sending message {"key11755019546786": "value-3", "key21755019551713": "value-3", "key31755019556851": "value-3"} to topic topic-3f8f3b2e_8ece_4daa_91cf_803bd81967f1
2025-08-12 17:25:58,080 INFO  [io.api.tes.ser.api.KafkaSerdesTester] (Thread-685) Sending message {"key11755019546786": "value-4", "key21755019551713": "value-4", "key31755019556851": "value-4"} to topic topic-3f8f3b2e_8ece_4daa_91cf_803bd81967f1
2025-08-12 17:25:58,082 INFO  [io.api.tes.ser.api.KafkaSerdesTester] (Thread-685) Sending message {"key11755019546786": "value-5", "key21755019551713": "value-5", "key31755019556851": "value-5"} to topic topic-3f8f3b2e_8ece_4daa_91cf_803bd81967f1
2025-08-12 17:25:58,083 INFO  [io.api.tes.ser.api.KafkaSerdesTester] (Thread-685) Sending message {"key11755019546786": "value-6", "key21755019551713": "value-6", "key31755019556851": "value-6"} to topic topic-3f8f3b2e_8ece_4daa_91cf_803bd81967f1
2025-08-12 17:25:58,084 INFO  [io.api.tes.ser.api.KafkaSerdesTester] (Thread-685) Sending message {"key11755019546786": "value-7", "key21755019551713": "value-7", "key31755019556851": "value-7"} to topic topic-3f8f3b2e_8ece_4daa_91cf_803bd81967f1
2025-08-12 17:25:58,086 INFO  [io.api.tes.ser.api.KafkaSerdesTester] (Thread-685) Sending message {"key11755019546786": "value-8", "key21755019551713": "value-8", "key31755019556851": "value-8"} to topic topic-3f8f3b2e_8ece_4daa_91cf_803bd81967f1
2025-08-12 17:25:58,088 INFO  [io.api.tes.ser.api.KafkaSerdesTester] (Thread-685) Sending message {"key11755019546786": "value-9", "key21755019551713": "value-9", "key31755019556851": "value-9"} to topic topic-3f8f3b2e_8ece_4daa_91cf_803bd81967f1
2025-08-12 17:25:58,089 INFO  [io.api.tes.ser.api.KafkaSerdesTester] (Thread-685) Produced 10 messages
2025-08-12 17:25:58,089 INFO  [org.apa.kaf.cli.pro.KafkaProducer] (Thread-685) [Producer clientId=Producer-topic-3f8f3b2e_8ece_4daa_91cf_803bd81967f1] Closing the Kafka producer with timeoutMillis = 9223372036854775807 ms.
2025-08-12 17:25:58,093 INFO  [org.apa.kaf.com.met.Metrics] (Thread-685) Metrics scheduler closed
2025-08-12 17:25:58,093 INFO  [org.apa.kaf.com.met.Metrics] (Thread-685) Closing reporter org.apache.kafka.common.metrics.JmxReporter
2025-08-12 17:25:58,093 INFO  [org.apa.kaf.com.met.Metrics] (Thread-685) Closing reporter org.apache.kafka.common.telemetry.internals.ClientTelemetryReporter
2025-08-12 17:25:58,093 INFO  [org.apa.kaf.com.met.Metrics] (Thread-685) Metrics reporters closed
2025-08-12 17:25:58,094 INFO  [org.apa.kaf.com.uti.AppInfoParser] (Thread-685) App info kafka.producer for Producer-topic-3f8f3b2e_8ece_4daa_91cf_803bd81967f1 unregistered
**** Registry Base URL: http://registry-app-ksql047.apps.ci419.apicurio-testing.org:80
2025-08-12 17:25:58,094 INFO  [org.apa.kaf.cli.pro.ProducerConfig] (main) ProducerConfig values: 
	acks = -1
	auto.include.jmx.reporter = true
	batch.size = 16384
	bootstrap.servers = [PLAINTEXT://localhost:32769]
	buffer.memory = 33554432
	client.dns.lookup = use_all_dns_ips
	client.id = Producer-topic-3f8f3b2e_8ece_4daa_91cf_803bd81967f1
	compression.gzip.level = -1
	compression.lz4.level = 9
	compression.type = none
	compression.zstd.level = 3
	connections.max.idle.ms = 10000
	delivery.timeout.ms = 120000
	enable.idempotence = true
	enable.metrics.push = true
	interceptor.classes = []
	key.serializer = class org.apache.kafka.common.serialization.StringSerializer
	linger.ms = 0
	max.block.ms = 60000
	max.in.flight.requests.per.connection = 5
	max.request.size = 1048576
	metadata.max.age.ms = 300000
	metadata.max.idle.ms = 300000
	metadata.recovery.strategy = none
	metric.reporters = []
	metrics.num.samples = 2
	metrics.recording.level = INFO
	metrics.sample.window.ms = 30000
	partitioner.adaptive.partitioning.enable = true
	partitioner.availability.timeout.ms = 0
	partitioner.class = null
	partitioner.ignore.keys = false
	receive.buffer.bytes = 32768
	reconnect.backoff.max.ms = 1000
	reconnect.backoff.ms = 50
	request.timeout.ms = 5000
	retries = 2147483647
	retry.backoff.max.ms = 1000
	retry.backoff.ms = 100
	sasl.client.callback.handler.class = null
	sasl.jaas.config = null
	sasl.kerberos.kinit.cmd = /usr/bin/kinit
	sasl.kerberos.min.time.before.relogin = 60000
	sasl.kerberos.service.name = null
	sasl.kerberos.ticket.renew.jitter = 0.05
	sasl.kerberos.ticket.renew.window.factor = 0.8
	sasl.login.callback.handler.class = null
	sasl.login.class = null
	sasl.login.connect.timeout.ms = null
	sasl.login.read.timeout.ms = null
	sasl.login.refresh.buffer.seconds = 300
	sasl.login.refresh.min.period.seconds = 60
	sasl.login.refresh.window.factor = 0.8
	sasl.login.refresh.window.jitter = 0.05
	sasl.login.retry.backoff.max.ms = 10000
	sasl.login.retry.backoff.ms = 100
	sasl.mechanism = GSSAPI
	sasl.oauthbearer.clock.skew.seconds = 30
	sasl.oauthbearer.expected.audience = null
	sasl.oauthbearer.expected.issuer = null
	sasl.oauthbearer.header.urlencode = false
	sasl.oauthbearer.jwks.endpoint.refresh.ms = 3600000
	sasl.oauthbearer.jwks.endpoint.retry.backoff.max.ms = 10000
	sasl.oauthbearer.jwks.endpoint.retry.backoff.ms = 100
	sasl.oauthbearer.jwks.endpoint.url = null
	sasl.oauthbearer.scope.claim.name = scope
	sasl.oauthbearer.sub.claim.name = sub
	sasl.oauthbearer.token.endpoint.url = null
	security.protocol = PLAINTEXT
	security.providers = null
	send.buffer.bytes = 131072
	socket.connection.setup.timeout.max.ms = 30000
	socket.connection.setup.timeout.ms = 10000
	ssl.cipher.suites = null
	ssl.enabled.protocols = [TLSv1.2, TLSv1.3]
	ssl.endpoint.identification.algorithm = https
	ssl.engine.factory.class = null
	ssl.key.password = null
	ssl.keymanager.algorithm = SunX509
	ssl.keystore.certificate.chain = null
	ssl.keystore.key = null
	ssl.keystore.location = null
	ssl.keystore.password = null
	ssl.keystore.type = JKS
	ssl.protocol = TLSv1.3
	ssl.provider = null
	ssl.secure.random.implementation = null
	ssl.trustmanager.algorithm = PKIX
	ssl.truststore.certificates = null
	ssl.truststore.location = null
	ssl.truststore.password = null
	ssl.truststore.type = JKS
	transaction.timeout.ms = 60000
	transactional.id = null
	value.serializer = class io.apicurio.registry.serde.avro.AvroKafkaSerializer

2025-08-12 17:25:58,095 INFO  [org.apa.kaf.com.tel.int.KafkaMetricsCollector] (main) initializing Kafka metrics collector
2025-08-12 17:25:58,106 INFO  [org.apa.kaf.cli.pro.KafkaProducer] (main) [Producer clientId=Producer-topic-3f8f3b2e_8ece_4daa_91cf_803bd81967f1] Instantiated an idempotent producer.
2025-08-12 17:25:58,113 INFO  [org.apa.kaf.cli.pro.ProducerConfig] (main) These configurations '[apicurio.registry.url, apicurio.registry.artifact-resolver-strategy]' were supplied but are not used yet.
2025-08-12 17:25:58,113 INFO  [org.apa.kaf.com.uti.AppInfoParser] (main) Kafka version: 3.9.1
2025-08-12 17:25:58,113 INFO  [org.apa.kaf.com.uti.AppInfoParser] (main) Kafka commitId: f745dfdcee2b9851
2025-08-12 17:25:58,113 INFO  [org.apa.kaf.com.uti.AppInfoParser] (main) Kafka startTimeMs: 1755019558113
2025-08-12 17:25:58,114 INFO  [io.api.tes.ser.api.KafkaSerdesTester] (Thread-688) Sending message {"key11755019546786": "value-0", "key21755019551713": "value-0"} to topic topic-3f8f3b2e_8ece_4daa_91cf_803bd81967f1
2025-08-12 17:25:58,118 INFO  [org.apa.kaf.cli.Metadata] (kafka-producer-network-thread | Producer-topic-3f8f3b2e_8ece_4daa_91cf_803bd81967f1) [Producer clientId=Producer-topic-3f8f3b2e_8ece_4daa_91cf_803bd81967f1] Cluster ID: HDV_o9asQruzQakuWK8_NQ
2025-08-12 17:25:58,119 INFO  [DefaultSchemaResolver] (Thread-688) Retrieving schema content using string: {"type":"record","name":"sc1ebab47x59a5x4ea1x9b63x14c8ebe7a2f6","namespace":"ns_db6061e7_b6ee_45eb_b304_4b8a1911ae24","fields":[{"name":"key11755019546786","type":"string"},{"name":"key21755019551713","type":"string"}]}
2025-08-12 17:25:58,120 INFO  [org.apa.kaf.cli.pro.int.TransactionManager] (kafka-producer-network-thread | Producer-topic-3f8f3b2e_8ece_4daa_91cf_803bd81967f1) [Producer clientId=Producer-topic-3f8f3b2e_8ece_4daa_91cf_803bd81967f1] ProducerId set to 16 with epoch 0
2025-08-12 17:25:58,205 INFO  [io.api.tes.ser.api.KafkaSerdesTester] (Thread-688) Sending message {"key11755019546786": "value-1", "key21755019551713": "value-1"} to topic topic-3f8f3b2e_8ece_4daa_91cf_803bd81967f1
2025-08-12 17:25:58,209 INFO  [io.api.tes.ser.api.KafkaSerdesTester] (Thread-688) Sending message {"key11755019546786": "value-2", "key21755019551713": "value-2"} to topic topic-3f8f3b2e_8ece_4daa_91cf_803bd81967f1
2025-08-12 17:25:58,210 INFO  [io.api.tes.ser.api.KafkaSerdesTester] (Thread-688) Sending message {"key11755019546786": "value-3", "key21755019551713": "value-3"} to topic topic-3f8f3b2e_8ece_4daa_91cf_803bd81967f1
2025-08-12 17:25:58,214 INFO  [io.api.tes.ser.api.KafkaSerdesTester] (Thread-688) Sending message {"key11755019546786": "value-4", "key21755019551713": "value-4"} to topic topic-3f8f3b2e_8ece_4daa_91cf_803bd81967f1
2025-08-12 17:25:58,216 INFO  [io.api.tes.ser.api.KafkaSerdesTester] (Thread-688) Sending message {"key11755019546786": "value-5", "key21755019551713": "value-5"} to topic topic-3f8f3b2e_8ece_4daa_91cf_803bd81967f1
2025-08-12 17:25:58,217 INFO  [io.api.tes.ser.api.KafkaSerdesTester] (Thread-688) Sending message {"key11755019546786": "value-6", "key21755019551713": "value-6"} to topic topic-3f8f3b2e_8ece_4daa_91cf_803bd81967f1
2025-08-12 17:25:58,218 INFO  [io.api.tes.ser.api.KafkaSerdesTester] (Thread-688) Sending message {"key11755019546786": "value-7", "key21755019551713": "value-7"} to topic topic-3f8f3b2e_8ece_4daa_91cf_803bd81967f1
2025-08-12 17:25:58,225 INFO  [io.api.tes.ser.api.KafkaSerdesTester] (Thread-688) Sending message {"key11755019546786": "value-8", "key21755019551713": "value-8"} to topic topic-3f8f3b2e_8ece_4daa_91cf_803bd81967f1
2025-08-12 17:25:58,227 INFO  [io.api.tes.ser.api.KafkaSerdesTester] (Thread-688) Sending message {"key11755019546786": "value-9", "key21755019551713": "value-9"} to topic topic-3f8f3b2e_8ece_4daa_91cf_803bd81967f1
2025-08-12 17:25:58,229 INFO  [io.api.tes.ser.api.KafkaSerdesTester] (Thread-688) Produced 10 messages
2025-08-12 17:25:58,229 INFO  [org.apa.kaf.cli.pro.KafkaProducer] (Thread-688) [Producer clientId=Producer-topic-3f8f3b2e_8ece_4daa_91cf_803bd81967f1] Closing the Kafka producer with timeoutMillis = 9223372036854775807 ms.
2025-08-12 17:25:58,232 INFO  [org.apa.kaf.com.met.Metrics] (Thread-688) Metrics scheduler closed
2025-08-12 17:25:58,232 INFO  [org.apa.kaf.com.met.Metrics] (Thread-688) Closing reporter org.apache.kafka.common.metrics.JmxReporter
2025-08-12 17:25:58,232 INFO  [org.apa.kaf.com.met.Metrics] (Thread-688) Closing reporter org.apache.kafka.common.telemetry.internals.ClientTelemetryReporter
2025-08-12 17:25:58,232 INFO  [org.apa.kaf.com.met.Metrics] (Thread-688) Metrics reporters closed
2025-08-12 17:25:58,232 INFO  [org.apa.kaf.com.uti.AppInfoParser] (Thread-688) App info kafka.producer for Producer-topic-3f8f3b2e_8ece_4daa_91cf_803bd81967f1 unregistered
**** Registry Base URL: http://registry-app-ksql047.apps.ci419.apicurio-testing.org:80
2025-08-12 17:25:58,233 INFO  [org.apa.kaf.cli.pro.ProducerConfig] (main) ProducerConfig values: 
	acks = -1
	auto.include.jmx.reporter = true
	batch.size = 16384
	bootstrap.servers = [PLAINTEXT://localhost:32769]
	buffer.memory = 33554432
	client.dns.lookup = use_all_dns_ips
	client.id = Producer-topic-3f8f3b2e_8ece_4daa_91cf_803bd81967f1
	compression.gzip.level = -1
	compression.lz4.level = 9
	compression.type = none
	compression.zstd.level = 3
	connections.max.idle.ms = 10000
	delivery.timeout.ms = 120000
	enable.idempotence = true
	enable.metrics.push = true
	interceptor.classes = []
	key.serializer = class org.apache.kafka.common.serialization.StringSerializer
	linger.ms = 0
	max.block.ms = 60000
	max.in.flight.requests.per.connection = 5
	max.request.size = 1048576
	metadata.max.age.ms = 300000
	metadata.max.idle.ms = 300000
	metadata.recovery.strategy = none
	metric.reporters = []
	metrics.num.samples = 2
	metrics.recording.level = INFO
	metrics.sample.window.ms = 30000
	partitioner.adaptive.partitioning.enable = true
	partitioner.availability.timeout.ms = 0
	partitioner.class = null
	partitioner.ignore.keys = false
	receive.buffer.bytes = 32768
	reconnect.backoff.max.ms = 1000
	reconnect.backoff.ms = 50
	request.timeout.ms = 5000
	retries = 2147483647
	retry.backoff.max.ms = 1000
	retry.backoff.ms = 100
	sasl.client.callback.handler.class = null
	sasl.jaas.config = null
	sasl.kerberos.kinit.cmd = /usr/bin/kinit
	sasl.kerberos.min.time.before.relogin = 60000
	sasl.kerberos.service.name = null
	sasl.kerberos.ticket.renew.jitter = 0.05
	sasl.kerberos.ticket.renew.window.factor = 0.8
	sasl.login.callback.handler.class = null
	sasl.login.class = null
	sasl.login.connect.timeout.ms = null
	sasl.login.read.timeout.ms = null
	sasl.login.refresh.buffer.seconds = 300
	sasl.login.refresh.min.period.seconds = 60
	sasl.login.refresh.window.factor = 0.8
	sasl.login.refresh.window.jitter = 0.05
	sasl.login.retry.backoff.max.ms = 10000
	sasl.login.retry.backoff.ms = 100
	sasl.mechanism = GSSAPI
	sasl.oauthbearer.clock.skew.seconds = 30
	sasl.oauthbearer.expected.audience = null
	sasl.oauthbearer.expected.issuer = null
	sasl.oauthbearer.header.urlencode = false
	sasl.oauthbearer.jwks.endpoint.refresh.ms = 3600000
	sasl.oauthbearer.jwks.endpoint.retry.backoff.max.ms = 10000
	sasl.oauthbearer.jwks.endpoint.retry.backoff.ms = 100
	sasl.oauthbearer.jwks.endpoint.url = null
	sasl.oauthbearer.scope.claim.name = scope
	sasl.oauthbearer.sub.claim.name = sub
	sasl.oauthbearer.token.endpoint.url = null
	security.protocol = PLAINTEXT
	security.providers = null
	send.buffer.bytes = 131072
	socket.connection.setup.timeout.max.ms = 30000
	socket.connection.setup.timeout.ms = 10000
	ssl.cipher.suites = null
	ssl.enabled.protocols = [TLSv1.2, TLSv1.3]
	ssl.endpoint.identification.algorithm = https
	ssl.engine.factory.class = null
	ssl.key.password = null
	ssl.keymanager.algorithm = SunX509
	ssl.keystore.certificate.chain = null
	ssl.keystore.key = null
	ssl.keystore.location = null
	ssl.keystore.password = null
	ssl.keystore.type = JKS
	ssl.protocol = TLSv1.3
	ssl.provider = null
	ssl.secure.random.implementation = null
	ssl.trustmanager.algorithm = PKIX
	ssl.truststore.certificates = null
	ssl.truststore.location = null
	ssl.truststore.password = null
	ssl.truststore.type = JKS
	transaction.timeout.ms = 60000
	transactional.id = null
	value.serializer = class io.apicurio.registry.serde.avro.AvroKafkaSerializer

2025-08-12 17:25:58,233 INFO  [org.apa.kaf.com.tel.int.KafkaMetricsCollector] (main) initializing Kafka metrics collector
2025-08-12 17:25:58,240 INFO  [org.apa.kaf.cli.pro.KafkaProducer] (main) [Producer clientId=Producer-topic-3f8f3b2e_8ece_4daa_91cf_803bd81967f1] Instantiated an idempotent producer.
2025-08-12 17:25:58,244 INFO  [org.apa.kaf.cli.pro.ProducerConfig] (main) These configurations '[apicurio.registry.url, apicurio.registry.artifact-resolver-strategy]' were supplied but are not used yet.
2025-08-12 17:25:58,244 INFO  [org.apa.kaf.com.uti.AppInfoParser] (main) Kafka version: 3.9.1
2025-08-12 17:25:58,244 INFO  [org.apa.kaf.com.uti.AppInfoParser] (main) Kafka commitId: f745dfdcee2b9851
2025-08-12 17:25:58,244 INFO  [org.apa.kaf.com.uti.AppInfoParser] (main) Kafka startTimeMs: 1755019558244
2025-08-12 17:25:58,246 INFO  [io.api.tes.ser.api.KafkaSerdesTester] (Thread-691) Sending message {"key11755019546786": "value-0"} to topic topic-3f8f3b2e_8ece_4daa_91cf_803bd81967f1
2025-08-12 17:25:58,249 INFO  [org.apa.kaf.cli.Metadata] (kafka-producer-network-thread | Producer-topic-3f8f3b2e_8ece_4daa_91cf_803bd81967f1) [Producer clientId=Producer-topic-3f8f3b2e_8ece_4daa_91cf_803bd81967f1] Cluster ID: HDV_o9asQruzQakuWK8_NQ
2025-08-12 17:25:58,250 INFO  [DefaultSchemaResolver] (Thread-691) Retrieving schema content using string: {"type":"record","name":"sc1ebab47x59a5x4ea1x9b63x14c8ebe7a2f6","namespace":"ns_db6061e7_b6ee_45eb_b304_4b8a1911ae24","fields":[{"name":"key11755019546786","type":"string"}]}
2025-08-12 17:25:58,250 INFO  [org.apa.kaf.cli.pro.int.TransactionManager] (kafka-producer-network-thread | Producer-topic-3f8f3b2e_8ece_4daa_91cf_803bd81967f1) [Producer clientId=Producer-topic-3f8f3b2e_8ece_4daa_91cf_803bd81967f1] ProducerId set to 17 with epoch 0
2025-08-12 17:25:58,337 INFO  [io.api.tes.ser.api.KafkaSerdesTester] (Thread-691) Sending message {"key11755019546786": "value-1"} to topic topic-3f8f3b2e_8ece_4daa_91cf_803bd81967f1
2025-08-12 17:25:58,345 INFO  [io.api.tes.ser.api.KafkaSerdesTester] (Thread-691) Sending message {"key11755019546786": "value-2"} to topic topic-3f8f3b2e_8ece_4daa_91cf_803bd81967f1
2025-08-12 17:25:58,348 INFO  [io.api.tes.ser.api.KafkaSerdesTester] (Thread-691) Sending message {"key11755019546786": "value-3"} to topic topic-3f8f3b2e_8ece_4daa_91cf_803bd81967f1
2025-08-12 17:25:58,352 INFO  [io.api.tes.ser.api.KafkaSerdesTester] (Thread-691) Sending message {"key11755019546786": "value-4"} to topic topic-3f8f3b2e_8ece_4daa_91cf_803bd81967f1
2025-08-12 17:25:58,354 INFO  [io.api.tes.ser.api.KafkaSerdesTester] (Thread-691) Sending message {"key11755019546786": "value-5"} to topic topic-3f8f3b2e_8ece_4daa_91cf_803bd81967f1
2025-08-12 17:25:58,357 INFO  [io.api.tes.ser.api.KafkaSerdesTester] (Thread-691) Sending message {"key11755019546786": "value-6"} to topic topic-3f8f3b2e_8ece_4daa_91cf_803bd81967f1
2025-08-12 17:25:58,361 INFO  [io.api.tes.ser.api.KafkaSerdesTester] (Thread-691) Sending message {"key11755019546786": "value-7"} to topic topic-3f8f3b2e_8ece_4daa_91cf_803bd81967f1
2025-08-12 17:25:58,363 INFO  [io.api.tes.ser.api.KafkaSerdesTester] (Thread-691) Sending message {"key11755019546786": "value-8"} to topic topic-3f8f3b2e_8ece_4daa_91cf_803bd81967f1
2025-08-12 17:25:58,368 INFO  [io.api.tes.ser.api.KafkaSerdesTester] (Thread-691) Sending message {"key11755019546786": "value-9"} to topic topic-3f8f3b2e_8ece_4daa_91cf_803bd81967f1
2025-08-12 17:25:58,378 INFO  [io.api.tes.ser.api.KafkaSerdesTester] (Thread-691) Produced 10 messages
2025-08-12 17:25:58,379 INFO  [org.apa.kaf.cli.pro.KafkaProducer] (Thread-691) [Producer clientId=Producer-topic-3f8f3b2e_8ece_4daa_91cf_803bd81967f1] Closing the Kafka producer with timeoutMillis = 9223372036854775807 ms.
2025-08-12 17:25:58,382 INFO  [org.apa.kaf.com.met.Metrics] (Thread-691) Metrics scheduler closed
2025-08-12 17:25:58,382 INFO  [org.apa.kaf.com.met.Metrics] (Thread-691) Closing reporter org.apache.kafka.common.metrics.JmxReporter
2025-08-12 17:25:58,382 INFO  [org.apa.kaf.com.met.Metrics] (Thread-691) Closing reporter org.apache.kafka.common.telemetry.internals.ClientTelemetryReporter
2025-08-12 17:25:58,382 INFO  [org.apa.kaf.com.met.Metrics] (Thread-691) Metrics reporters closed
2025-08-12 17:25:58,382 INFO  [org.apa.kaf.com.uti.AppInfoParser] (Thread-691) App info kafka.producer for Producer-topic-3f8f3b2e_8ece_4daa_91cf_803bd81967f1 unregistered
**** Registry Base URL: http://registry-app-ksql047.apps.ci419.apicurio-testing.org:80
2025-08-12 17:25:58,383 INFO  [org.apa.kaf.cli.con.ConsumerConfig] (main) ConsumerConfig values: 
	allow.auto.create.topics = true
	auto.commit.interval.ms = 500
	auto.include.jmx.reporter = true
	auto.offset.reset = earliest
	bootstrap.servers = [PLAINTEXT://localhost:32769]
	check.crcs = true
	client.dns.lookup = use_all_dns_ips
	client.id = consumer-Consumer-topic-3f8f3b2e_8ece_4daa_91cf_803bd81967f1-12
	client.rack = 
	connections.max.idle.ms = 10000
	default.api.timeout.ms = 60000
	enable.auto.commit = true
	enable.metrics.push = true
	exclude.internal.topics = true
	fetch.max.bytes = 52428800
	fetch.max.wait.ms = 500
	fetch.min.bytes = 1
	group.id = Consumer-topic-3f8f3b2e_8ece_4daa_91cf_803bd81967f1
	group.instance.id = null
	group.protocol = classic
	group.remote.assignor = null
	heartbeat.interval.ms = 3000
	interceptor.classes = []
	internal.leave.group.on.close = true
	internal.throw.on.fetch.stable.offset.unsupported = false
	isolation.level = read_uncommitted
	key.deserializer = class org.apache.kafka.common.serialization.StringDeserializer
	max.partition.fetch.bytes = 1048576
	max.poll.interval.ms = 300000
	max.poll.records = 500
	metadata.max.age.ms = 300000
	metadata.recovery.strategy = none
	metric.reporters = []
	metrics.num.samples = 2
	metrics.recording.level = INFO
	metrics.sample.window.ms = 30000
	partition.assignment.strategy = [class org.apache.kafka.clients.consumer.RangeAssignor, class org.apache.kafka.clients.consumer.CooperativeStickyAssignor]
	receive.buffer.bytes = 65536
	reconnect.backoff.max.ms = 1000
	reconnect.backoff.ms = 50
	request.timeout.ms = 5000
	retry.backoff.max.ms = 1000
	retry.backoff.ms = 100
	sasl.client.callback.handler.class = null
	sasl.jaas.config = null
	sasl.kerberos.kinit.cmd = /usr/bin/kinit
	sasl.kerberos.min.time.before.relogin = 60000
	sasl.kerberos.service.name = null
	sasl.kerberos.ticket.renew.jitter = 0.05
	sasl.kerberos.ticket.renew.window.factor = 0.8
	sasl.login.callback.handler.class = null
	sasl.login.class = null
	sasl.login.connect.timeout.ms = null
	sasl.login.read.timeout.ms = null
	sasl.login.refresh.buffer.seconds = 300
	sasl.login.refresh.min.period.seconds = 60
	sasl.login.refresh.window.factor = 0.8
	sasl.login.refresh.window.jitter = 0.05
	sasl.login.retry.backoff.max.ms = 10000
	sasl.login.retry.backoff.ms = 100
	sasl.mechanism = GSSAPI
	sasl.oauthbearer.clock.skew.seconds = 30
	sasl.oauthbearer.expected.audience = null
	sasl.oauthbearer.expected.issuer = null
	sasl.oauthbearer.header.urlencode = false
	sasl.oauthbearer.jwks.endpoint.refresh.ms = 3600000
	sasl.oauthbearer.jwks.endpoint.retry.backoff.max.ms = 10000
	sasl.oauthbearer.jwks.endpoint.retry.backoff.ms = 100
	sasl.oauthbearer.jwks.endpoint.url = null
	sasl.oauthbearer.scope.claim.name = scope
	sasl.oauthbearer.sub.claim.name = sub
	sasl.oauthbearer.token.endpoint.url = null
	security.protocol = PLAINTEXT
	security.providers = null
	send.buffer.bytes = 131072
	session.timeout.ms = 45000
	socket.connection.setup.timeout.max.ms = 30000
	socket.connection.setup.timeout.ms = 10000
	ssl.cipher.suites = null
	ssl.enabled.protocols = [TLSv1.2, TLSv1.3]
	ssl.endpoint.identification.algorithm = https
	ssl.engine.factory.class = null
	ssl.key.password = null
	ssl.keymanager.algorithm = SunX509
	ssl.keystore.certificate.chain = null
	ssl.keystore.key = null
	ssl.keystore.location = null
	ssl.keystore.password = null
	ssl.keystore.type = JKS
	ssl.protocol = TLSv1.3
	ssl.provider = null
	ssl.secure.random.implementation = null
	ssl.trustmanager.algorithm = PKIX
	ssl.truststore.certificates = null
	ssl.truststore.location = null
	ssl.truststore.password = null
	ssl.truststore.type = JKS
	value.deserializer = class io.apicurio.registry.serde.avro.AvroKafkaDeserializer

2025-08-12 17:25:58,383 INFO  [org.apa.kaf.com.tel.int.KafkaMetricsCollector] (main) initializing Kafka metrics collector
2025-08-12 17:25:58,402 INFO  [org.apa.kaf.cli.con.ConsumerConfig] (main) These configurations '[apicurio.registry.url]' were supplied but are not used yet.
2025-08-12 17:25:58,402 INFO  [org.apa.kaf.com.uti.AppInfoParser] (main) Kafka version: 3.9.1
2025-08-12 17:25:58,402 INFO  [org.apa.kaf.com.uti.AppInfoParser] (main) Kafka commitId: f745dfdcee2b9851
2025-08-12 17:25:58,402 INFO  [org.apa.kaf.com.uti.AppInfoParser] (main) Kafka startTimeMs: 1755019558402
2025-08-12 17:25:58,404 INFO  [org.apa.kaf.cli.con.int.ClassicKafkaConsumer] (Thread-694) [Consumer clientId=consumer-Consumer-topic-3f8f3b2e_8ece_4daa_91cf_803bd81967f1-12, groupId=Consumer-topic-3f8f3b2e_8ece_4daa_91cf_803bd81967f1] Subscribed to topic(s): topic-3f8f3b2e_8ece_4daa_91cf_803bd81967f1
2025-08-12 17:25:58,409 INFO  [org.apa.kaf.cli.Metadata] (Thread-694) [Consumer clientId=consumer-Consumer-topic-3f8f3b2e_8ece_4daa_91cf_803bd81967f1-12, groupId=Consumer-topic-3f8f3b2e_8ece_4daa_91cf_803bd81967f1] Cluster ID: HDV_o9asQruzQakuWK8_NQ
2025-08-12 17:25:58,410 INFO  [org.apa.kaf.cli.con.int.ConsumerCoordinator] (Thread-694) [Consumer clientId=consumer-Consumer-topic-3f8f3b2e_8ece_4daa_91cf_803bd81967f1-12, groupId=Consumer-topic-3f8f3b2e_8ece_4daa_91cf_803bd81967f1] Discovered group coordinator localhost:32769 (id: 2147483647 rack: null)
2025-08-12 17:25:58,411 INFO  [org.apa.kaf.cli.con.int.ConsumerCoordinator] (Thread-694) [Consumer clientId=consumer-Consumer-topic-3f8f3b2e_8ece_4daa_91cf_803bd81967f1-12, groupId=Consumer-topic-3f8f3b2e_8ece_4daa_91cf_803bd81967f1] (Re-)joining group
2025-08-12 17:25:58,415 INFO  [org.apa.kaf.cli.con.int.ConsumerCoordinator] (Thread-694) [Consumer clientId=consumer-Consumer-topic-3f8f3b2e_8ece_4daa_91cf_803bd81967f1-12, groupId=Consumer-topic-3f8f3b2e_8ece_4daa_91cf_803bd81967f1] Request joining group due to: need to re-join with the given member-id: consumer-Consumer-topic-3f8f3b2e_8ece_4daa_91cf_803bd81967f1-12-81b929ce-f3cb-4e4f-86dd-8a5505e5c1bd
2025-08-12 17:25:58,416 INFO  [org.apa.kaf.cli.con.int.ConsumerCoordinator] (Thread-694) [Consumer clientId=consumer-Consumer-topic-3f8f3b2e_8ece_4daa_91cf_803bd81967f1-12, groupId=Consumer-topic-3f8f3b2e_8ece_4daa_91cf_803bd81967f1] (Re-)joining group
2025-08-12 17:25:59,404 INFO  [io.api.tes.ser.api.KafkaSerdesTester] (Thread-694) None found
2025-08-12 17:26:00,405 INFO  [io.api.tes.ser.api.KafkaSerdesTester] (Thread-694) None found
2025-08-12 17:26:01,405 INFO  [io.api.tes.ser.api.KafkaSerdesTester] (Thread-694) None found
2025-08-12 17:26:01,418 INFO  [org.apa.kaf.cli.con.int.ConsumerCoordinator] (Thread-694) [Consumer clientId=consumer-Consumer-topic-3f8f3b2e_8ece_4daa_91cf_803bd81967f1-12, groupId=Consumer-topic-3f8f3b2e_8ece_4daa_91cf_803bd81967f1] Successfully joined group with generation Generation{generationId=5, memberId='consumer-Consumer-topic-3f8f3b2e_8ece_4daa_91cf_803bd81967f1-12-81b929ce-f3cb-4e4f-86dd-8a5505e5c1bd', protocol='range'}
2025-08-12 17:26:01,418 INFO  [org.apa.kaf.cli.con.int.ConsumerCoordinator] (Thread-694) [Consumer clientId=consumer-Consumer-topic-3f8f3b2e_8ece_4daa_91cf_803bd81967f1-12, groupId=Consumer-topic-3f8f3b2e_8ece_4daa_91cf_803bd81967f1] Finished assignment for group at generation 5: {consumer-Consumer-topic-3f8f3b2e_8ece_4daa_91cf_803bd81967f1-12-81b929ce-f3cb-4e4f-86dd-8a5505e5c1bd=Assignment(partitions=[topic-3f8f3b2e_8ece_4daa_91cf_803bd81967f1-0])}
2025-08-12 17:26:01,425 INFO  [org.apa.kaf.cli.con.int.ConsumerCoordinator] (Thread-694) [Consumer clientId=consumer-Consumer-topic-3f8f3b2e_8ece_4daa_91cf_803bd81967f1-12, groupId=Consumer-topic-3f8f3b2e_8ece_4daa_91cf_803bd81967f1] Successfully synced group in generation Generation{generationId=5, memberId='consumer-Consumer-topic-3f8f3b2e_8ece_4daa_91cf_803bd81967f1-12-81b929ce-f3cb-4e4f-86dd-8a5505e5c1bd', protocol='range'}
2025-08-12 17:26:01,425 INFO  [org.apa.kaf.cli.con.int.ConsumerCoordinator] (Thread-694) [Consumer clientId=consumer-Consumer-topic-3f8f3b2e_8ece_4daa_91cf_803bd81967f1-12, groupId=Consumer-topic-3f8f3b2e_8ece_4daa_91cf_803bd81967f1] Notifying assignor about the new Assignment(partitions=[topic-3f8f3b2e_8ece_4daa_91cf_803bd81967f1-0])
2025-08-12 17:26:01,425 INFO  [org.apa.kaf.cli.con.int.ConsumerRebalanceListenerInvoker] (Thread-694) [Consumer clientId=consumer-Consumer-topic-3f8f3b2e_8ece_4daa_91cf_803bd81967f1-12, groupId=Consumer-topic-3f8f3b2e_8ece_4daa_91cf_803bd81967f1] Adding newly assigned partitions: topic-3f8f3b2e_8ece_4daa_91cf_803bd81967f1-0
2025-08-12 17:26:01,426 INFO  [org.apa.kaf.cli.con.int.ConsumerUtils] (Thread-694) Setting offset for partition topic-3f8f3b2e_8ece_4daa_91cf_803bd81967f1-0 to the committed offset FetchPosition{offset=30, offsetEpoch=Optional[0], currentLeader=LeaderAndEpoch{leader=Optional[localhost:32769 (id: 0 rack: null)], epoch=0}}
2025-08-12 17:26:01,738 INFO  [io.api.tes.ser.api.KafkaSerdesTester] (Thread-694) topic-3f8f3b2e_8ece_4daa_91cf_803bd81967f1 0 30 {"key11755019546786": "value-0", "key21755019551713": "value-0", "key31755019556851": "value-0"}
2025-08-12 17:26:01,738 INFO  [io.api.tes.ser.api.KafkaSerdesTester] (Thread-694) topic-3f8f3b2e_8ece_4daa_91cf_803bd81967f1 0 31 {"key11755019546786": "value-1", "key21755019551713": "value-1", "key31755019556851": "value-1"}
2025-08-12 17:26:01,738 INFO  [io.api.tes.ser.api.KafkaSerdesTester] (Thread-694) topic-3f8f3b2e_8ece_4daa_91cf_803bd81967f1 0 32 {"key11755019546786": "value-2", "key21755019551713": "value-2", "key31755019556851": "value-2"}
2025-08-12 17:26:01,738 INFO  [io.api.tes.ser.api.KafkaSerdesTester] (Thread-694) topic-3f8f3b2e_8ece_4daa_91cf_803bd81967f1 0 33 {"key11755019546786": "value-3", "key21755019551713": "value-3", "key31755019556851": "value-3"}
2025-08-12 17:26:01,738 INFO  [io.api.tes.ser.api.KafkaSerdesTester] (Thread-694) topic-3f8f3b2e_8ece_4daa_91cf_803bd81967f1 0 34 {"key11755019546786": "value-4", "key21755019551713": "value-4", "key31755019556851": "value-4"}
2025-08-12 17:26:01,738 INFO  [io.api.tes.ser.api.KafkaSerdesTester] (Thread-694) topic-3f8f3b2e_8ece_4daa_91cf_803bd81967f1 0 35 {"key11755019546786": "value-5", "key21755019551713": "value-5", "key31755019556851": "value-5"}
2025-08-12 17:26:01,738 INFO  [io.api.tes.ser.api.KafkaSerdesTester] (Thread-694) topic-3f8f3b2e_8ece_4daa_91cf_803bd81967f1 0 36 {"key11755019546786": "value-6", "key21755019551713": "value-6", "key31755019556851": "value-6"}
2025-08-12 17:26:01,738 INFO  [io.api.tes.ser.api.KafkaSerdesTester] (Thread-694) topic-3f8f3b2e_8ece_4daa_91cf_803bd81967f1 0 37 {"key11755019546786": "value-7", "key21755019551713": "value-7", "key31755019556851": "value-7"}
2025-08-12 17:26:01,738 INFO  [io.api.tes.ser.api.KafkaSerdesTester] (Thread-694) topic-3f8f3b2e_8ece_4daa_91cf_803bd81967f1 0 38 {"key11755019546786": "value-8", "key21755019551713": "value-8", "key31755019556851": "value-8"}
2025-08-12 17:26:01,738 INFO  [io.api.tes.ser.api.KafkaSerdesTester] (Thread-694) topic-3f8f3b2e_8ece_4daa_91cf_803bd81967f1 0 39 {"key11755019546786": "value-9", "key21755019551713": "value-9", "key31755019556851": "value-9"}
2025-08-12 17:26:01,738 INFO  [io.api.tes.ser.api.KafkaSerdesTester] (Thread-694) topic-3f8f3b2e_8ece_4daa_91cf_803bd81967f1 0 40 {"key11755019546786": "value-0", "key21755019551713": "value-0"}
2025-08-12 17:26:01,738 INFO  [io.api.tes.ser.api.KafkaSerdesTester] (Thread-694) topic-3f8f3b2e_8ece_4daa_91cf_803bd81967f1 0 41 {"key11755019546786": "value-1", "key21755019551713": "value-1"}
2025-08-12 17:26:01,738 INFO  [io.api.tes.ser.api.KafkaSerdesTester] (Thread-694) topic-3f8f3b2e_8ece_4daa_91cf_803bd81967f1 0 42 {"key11755019546786": "value-2", "key21755019551713": "value-2"}
2025-08-12 17:26:01,739 INFO  [io.api.tes.ser.api.KafkaSerdesTester] (Thread-694) topic-3f8f3b2e_8ece_4daa_91cf_803bd81967f1 0 43 {"key11755019546786": "value-3", "key21755019551713": "value-3"}
2025-08-12 17:26:01,739 INFO  [io.api.tes.ser.api.KafkaSerdesTester] (Thread-694) topic-3f8f3b2e_8ece_4daa_91cf_803bd81967f1 0 44 {"key11755019546786": "value-4", "key21755019551713": "value-4"}
2025-08-12 17:26:01,739 INFO  [io.api.tes.ser.api.KafkaSerdesTester] (Thread-694) topic-3f8f3b2e_8ece_4daa_91cf_803bd81967f1 0 45 {"key11755019546786": "value-5", "key21755019551713": "value-5"}
2025-08-12 17:26:01,739 INFO  [io.api.tes.ser.api.KafkaSerdesTester] (Thread-694) topic-3f8f3b2e_8ece_4daa_91cf_803bd81967f1 0 46 {"key11755019546786": "value-6", "key21755019551713": "value-6"}
2025-08-12 17:26:01,739 INFO  [io.api.tes.ser.api.KafkaSerdesTester] (Thread-694) topic-3f8f3b2e_8ece_4daa_91cf_803bd81967f1 0 47 {"key11755019546786": "value-7", "key21755019551713": "value-7"}
2025-08-12 17:26:01,739 INFO  [io.api.tes.ser.api.KafkaSerdesTester] (Thread-694) topic-3f8f3b2e_8ece_4daa_91cf_803bd81967f1 0 48 {"key11755019546786": "value-8", "key21755019551713": "value-8"}
2025-08-12 17:26:01,739 INFO  [io.api.tes.ser.api.KafkaSerdesTester] (Thread-694) topic-3f8f3b2e_8ece_4daa_91cf_803bd81967f1 0 49 {"key11755019546786": "value-9", "key21755019551713": "value-9"}
2025-08-12 17:26:01,739 INFO  [io.api.tes.ser.api.KafkaSerdesTester] (Thread-694) topic-3f8f3b2e_8ece_4daa_91cf_803bd81967f1 0 50 {"key11755019546786": "value-0"}
2025-08-12 17:26:01,739 INFO  [io.api.tes.ser.api.KafkaSerdesTester] (Thread-694) topic-3f8f3b2e_8ece_4daa_91cf_803bd81967f1 0 51 {"key11755019546786": "value-1"}
2025-08-12 17:26:01,739 INFO  [io.api.tes.ser.api.KafkaSerdesTester] (Thread-694) topic-3f8f3b2e_8ece_4daa_91cf_803bd81967f1 0 52 {"key11755019546786": "value-2"}
2025-08-12 17:26:01,739 INFO  [io.api.tes.ser.api.KafkaSerdesTester] (Thread-694) topic-3f8f3b2e_8ece_4daa_91cf_803bd81967f1 0 53 {"key11755019546786": "value-3"}
2025-08-12 17:26:01,739 INFO  [io.api.tes.ser.api.KafkaSerdesTester] (Thread-694) topic-3f8f3b2e_8ece_4daa_91cf_803bd81967f1 0 54 {"key11755019546786": "value-4"}
2025-08-12 17:26:01,739 INFO  [io.api.tes.ser.api.KafkaSerdesTester] (Thread-694) topic-3f8f3b2e_8ece_4daa_91cf_803bd81967f1 0 55 {"key11755019546786": "value-5"}
2025-08-12 17:26:01,739 INFO  [io.api.tes.ser.api.KafkaSerdesTester] (Thread-694) topic-3f8f3b2e_8ece_4daa_91cf_803bd81967f1 0 56 {"key11755019546786": "value-6"}
2025-08-12 17:26:01,739 INFO  [io.api.tes.ser.api.KafkaSerdesTester] (Thread-694) topic-3f8f3b2e_8ece_4daa_91cf_803bd81967f1 0 57 {"key11755019546786": "value-7"}
2025-08-12 17:26:01,739 INFO  [io.api.tes.ser.api.KafkaSerdesTester] (Thread-694) topic-3f8f3b2e_8ece_4daa_91cf_803bd81967f1 0 58 {"key11755019546786": "value-8"}
2025-08-12 17:26:01,739 INFO  [io.api.tes.ser.api.KafkaSerdesTester] (Thread-694) topic-3f8f3b2e_8ece_4daa_91cf_803bd81967f1 0 59 {"key11755019546786": "value-9"}
2025-08-12 17:26:01,739 INFO  [io.api.tes.ser.api.KafkaSerdesTester] (Thread-694) Consumed 30 messages
2025-08-12 17:26:01,746 INFO  [org.apa.kaf.cli.con.int.ConsumerRebalanceListenerInvoker] (Thread-694) [Consumer clientId=consumer-Consumer-topic-3f8f3b2e_8ece_4daa_91cf_803bd81967f1-12, groupId=Consumer-topic-3f8f3b2e_8ece_4daa_91cf_803bd81967f1] Revoke previously assigned partitions topic-3f8f3b2e_8ece_4daa_91cf_803bd81967f1-0
2025-08-12 17:26:01,747 INFO  [org.apa.kaf.cli.con.int.ConsumerCoordinator] (Thread-694) [Consumer clientId=consumer-Consumer-topic-3f8f3b2e_8ece_4daa_91cf_803bd81967f1-12, groupId=Consumer-topic-3f8f3b2e_8ece_4daa_91cf_803bd81967f1] Member consumer-Consumer-topic-3f8f3b2e_8ece_4daa_91cf_803bd81967f1-12-81b929ce-f3cb-4e4f-86dd-8a5505e5c1bd sending LeaveGroup request to coordinator localhost:32769 (id: 2147483647 rack: null) due to the consumer is being closed
2025-08-12 17:26:01,747 INFO  [org.apa.kaf.cli.con.int.ConsumerCoordinator] (Thread-694) [Consumer clientId=consumer-Consumer-topic-3f8f3b2e_8ece_4daa_91cf_803bd81967f1-12, groupId=Consumer-topic-3f8f3b2e_8ece_4daa_91cf_803bd81967f1] Resetting generation and member id due to: consumer pro-actively leaving the group
2025-08-12 17:26:01,747 INFO  [org.apa.kaf.cli.con.int.ConsumerCoordinator] (Thread-694) [Consumer clientId=consumer-Consumer-topic-3f8f3b2e_8ece_4daa_91cf_803bd81967f1-12, groupId=Consumer-topic-3f8f3b2e_8ece_4daa_91cf_803bd81967f1] Request joining group due to: consumer pro-actively leaving the group
2025-08-12 17:26:02,242 INFO  [org.apa.kaf.com.met.Metrics] (Thread-694) Metrics scheduler closed
2025-08-12 17:26:02,242 INFO  [org.apa.kaf.com.met.Metrics] (Thread-694) Closing reporter org.apache.kafka.common.metrics.JmxReporter
2025-08-12 17:26:02,242 INFO  [org.apa.kaf.com.met.Metrics] (Thread-694) Closing reporter org.apache.kafka.common.telemetry.internals.ClientTelemetryReporter
2025-08-12 17:26:02,242 INFO  [org.apa.kaf.com.met.Metrics] (Thread-694) Metrics reporters closed
2025-08-12 17:26:02,244 INFO  [org.apa.kaf.com.uti.AppInfoParser] (Thread-694) App info kafka.consumer for consumer-Consumer-topic-3f8f3b2e_8ece_4daa_91cf_803bd81967f1-12 unregistered
2025-08-12 17:26:02,244 INFO  [org.apa.kaf.cli.pro.KafkaProducer] (main) [Producer clientId=Producer-topic-3f8f3b2e_8ece_4daa_91cf_803bd81967f1] Closing the Kafka producer with timeoutMillis = 9223372036854775807 ms.
2025-08-12 17:26:02,244 INFO  [org.apa.kaf.com.met.Metrics] (main) Metrics scheduler closed
2025-08-12 17:26:02,244 INFO  [org.apa.kaf.com.met.Metrics] (main) Closing reporter org.apache.kafka.common.metrics.JmxReporter
2025-08-12 17:26:02,244 INFO  [org.apa.kaf.com.met.Metrics] (main) Closing reporter org.apache.kafka.common.telemetry.internals.ClientTelemetryReporter
2025-08-12 17:26:02,244 INFO  [org.apa.kaf.com.met.Metrics] (main) Metrics reporters closed
2025-08-12 17:26:02,244 INFO  [org.apa.kaf.com.uti.AppInfoParser] (main) App info kafka.producer for Producer-topic-3f8f3b2e_8ece_4daa_91cf_803bd81967f1 unregistered
2025-08-12 17:26:02,248 INFO  [io.api.tes.uti.TestSeparator] (main) io.apicurio.tests.serdes.apicurio.AvroSerdeIT.testEvolveAvroApicurio-FINISHED
2025-08-12 17:26:02,248 INFO  [io.api.tes.uti.TestSeparator] (main) ############################################################################
Test passed: testEvolveAvroApicurio
]]></system-out>
  </testcase>
  <testcase name="testTopicRecordIdStrategydFindLatest" classname="io.apicurio.tests.serdes.apicurio.AvroSerdeIT" time="4.977">
    <system-out><![CDATA[2025-08-12 17:26:02,249 INFO  [io.api.tes.uti.TestSeparator] (main) ############################################################################
2025-08-12 17:26:02,249 INFO  [io.api.tes.uti.TestSeparator] (main) io.apicurio.tests.serdes.apicurio.AvroSerdeIT.testTopicRecordIdStrategydFindLatest-STARTED
2025-08-12 17:26:02,250 INFO  [io.api.tes.ser.api.AvroSerdeIT] (main) Registering Avro Schema: {"type":"record","name":"s6c1bfd5bx75b2x42cex8fe1x86ec9e17b226","namespace":"sb918c20bxc28fx4555xa88fx9facf97d13c7","fields":[{"name":"key11755019562249","type":"string"}]}
**** Registry Base URL: http://registry-app-ksql047.apps.ci419.apicurio-testing.org:80
2025-08-12 17:26:03,379 INFO  [org.apa.kaf.cli.pro.ProducerConfig] (main) ProducerConfig values: 
	acks = -1
	auto.include.jmx.reporter = true
	batch.size = 16384
	bootstrap.servers = [PLAINTEXT://localhost:32769]
	buffer.memory = 33554432
	client.dns.lookup = use_all_dns_ips
	client.id = Producer-topic-666be843_5b56_4d22_a4a8_42fbbf70f9da
	compression.gzip.level = -1
	compression.lz4.level = 9
	compression.type = none
	compression.zstd.level = 3
	connections.max.idle.ms = 10000
	delivery.timeout.ms = 120000
	enable.idempotence = true
	enable.metrics.push = true
	interceptor.classes = []
	key.serializer = class org.apache.kafka.common.serialization.StringSerializer
	linger.ms = 0
	max.block.ms = 60000
	max.in.flight.requests.per.connection = 5
	max.request.size = 1048576
	metadata.max.age.ms = 300000
	metadata.max.idle.ms = 300000
	metadata.recovery.strategy = none
	metric.reporters = []
	metrics.num.samples = 2
	metrics.recording.level = INFO
	metrics.sample.window.ms = 30000
	partitioner.adaptive.partitioning.enable = true
	partitioner.availability.timeout.ms = 0
	partitioner.class = null
	partitioner.ignore.keys = false
	receive.buffer.bytes = 32768
	reconnect.backoff.max.ms = 1000
	reconnect.backoff.ms = 50
	request.timeout.ms = 5000
	retries = 2147483647
	retry.backoff.max.ms = 1000
	retry.backoff.ms = 100
	sasl.client.callback.handler.class = null
	sasl.jaas.config = null
	sasl.kerberos.kinit.cmd = /usr/bin/kinit
	sasl.kerberos.min.time.before.relogin = 60000
	sasl.kerberos.service.name = null
	sasl.kerberos.ticket.renew.jitter = 0.05
	sasl.kerberos.ticket.renew.window.factor = 0.8
	sasl.login.callback.handler.class = null
	sasl.login.class = null
	sasl.login.connect.timeout.ms = null
	sasl.login.read.timeout.ms = null
	sasl.login.refresh.buffer.seconds = 300
	sasl.login.refresh.min.period.seconds = 60
	sasl.login.refresh.window.factor = 0.8
	sasl.login.refresh.window.jitter = 0.05
	sasl.login.retry.backoff.max.ms = 10000
	sasl.login.retry.backoff.ms = 100
	sasl.mechanism = GSSAPI
	sasl.oauthbearer.clock.skew.seconds = 30
	sasl.oauthbearer.expected.audience = null
	sasl.oauthbearer.expected.issuer = null
	sasl.oauthbearer.header.urlencode = false
	sasl.oauthbearer.jwks.endpoint.refresh.ms = 3600000
	sasl.oauthbearer.jwks.endpoint.retry.backoff.max.ms = 10000
	sasl.oauthbearer.jwks.endpoint.retry.backoff.ms = 100
	sasl.oauthbearer.jwks.endpoint.url = null
	sasl.oauthbearer.scope.claim.name = scope
	sasl.oauthbearer.sub.claim.name = sub
	sasl.oauthbearer.token.endpoint.url = null
	security.protocol = PLAINTEXT
	security.providers = null
	send.buffer.bytes = 131072
	socket.connection.setup.timeout.max.ms = 30000
	socket.connection.setup.timeout.ms = 10000
	ssl.cipher.suites = null
	ssl.enabled.protocols = [TLSv1.2, TLSv1.3]
	ssl.endpoint.identification.algorithm = https
	ssl.engine.factory.class = null
	ssl.key.password = null
	ssl.keymanager.algorithm = SunX509
	ssl.keystore.certificate.chain = null
	ssl.keystore.key = null
	ssl.keystore.location = null
	ssl.keystore.password = null
	ssl.keystore.type = JKS
	ssl.protocol = TLSv1.3
	ssl.provider = null
	ssl.secure.random.implementation = null
	ssl.trustmanager.algorithm = PKIX
	ssl.truststore.certificates = null
	ssl.truststore.location = null
	ssl.truststore.password = null
	ssl.truststore.type = JKS
	transaction.timeout.ms = 60000
	transactional.id = null
	value.serializer = class io.apicurio.registry.serde.avro.AvroKafkaSerializer

2025-08-12 17:26:03,379 INFO  [org.apa.kaf.com.tel.int.KafkaMetricsCollector] (main) initializing Kafka metrics collector
2025-08-12 17:26:03,382 INFO  [org.apa.kaf.cli.pro.KafkaProducer] (main) [Producer clientId=Producer-topic-666be843_5b56_4d22_a4a8_42fbbf70f9da] Instantiated an idempotent producer.
2025-08-12 17:26:03,384 INFO  [org.apa.kaf.cli.pro.ProducerConfig] (main) These configurations '[apicurio.registry.find-latest, apicurio.registry.url, apicurio.registry.artifact-resolver-strategy]' were supplied but are not used yet.
2025-08-12 17:26:03,384 INFO  [org.apa.kaf.com.uti.AppInfoParser] (main) Kafka version: 3.9.1
2025-08-12 17:26:03,384 INFO  [org.apa.kaf.com.uti.AppInfoParser] (main) Kafka commitId: f745dfdcee2b9851
2025-08-12 17:26:03,384 INFO  [org.apa.kaf.com.uti.AppInfoParser] (main) Kafka startTimeMs: 1755019563384
2025-08-12 17:26:03,384 INFO  [io.api.tes.ser.api.SimpleSerdesTesterBuilder$SimpleSerdesTester] (main) Using producer configuration: {apicurio.registry.find-latest=true, apicurio.registry.url=http://registry-app-ksql047.apps.ci419.apicurio-testing.org:80/apis/registry/v3, apicurio.registry.artifact-resolver-strategy=io.apicurio.registry.serde.avro.strategy.TopicRecordIdStrategy, value.serializer=io.apicurio.registry.serde.avro.AvroKafkaSerializer, request.timeout.ms=5000, acks=all, bootstrap.servers=PLAINTEXT://localhost:32769, connections.max.idle.ms=10000, key.serializer=org.apache.kafka.common.serialization.StringSerializer, client.id=Producer-topic-666be843_5b56_4d22_a4a8_42fbbf70f9da}
2025-08-12 17:26:03,384 INFO  [io.api.tes.ser.api.SimpleSerdesTesterBuilder$SimpleSerdesTester] (main) Using consumer configuration: {}
2025-08-12 17:26:03,385 INFO  [io.api.tes.ser.api.KafkaSerdesTester] (Thread-697) Sending message {"key11755019562249": "value-0"} to topic topic-666be843_5b56_4d22_a4a8_42fbbf70f9da
2025-08-12 17:26:03,388 INFO  [org.apa.kaf.cli.Metadata] (kafka-producer-network-thread | Producer-topic-666be843_5b56_4d22_a4a8_42fbbf70f9da) [Producer clientId=Producer-topic-666be843_5b56_4d22_a4a8_42fbbf70f9da] Cluster ID: HDV_o9asQruzQakuWK8_NQ
2025-08-12 17:26:03,389 INFO  [org.apa.kaf.cli.pro.int.TransactionManager] (kafka-producer-network-thread | Producer-topic-666be843_5b56_4d22_a4a8_42fbbf70f9da) [Producer clientId=Producer-topic-666be843_5b56_4d22_a4a8_42fbbf70f9da] ProducerId set to 18 with epoch 0
2025-08-12 17:26:03,546 INFO  [io.api.tes.ser.api.KafkaSerdesTester] (Thread-697) Sending message {"key11755019562249": "value-1"} to topic topic-666be843_5b56_4d22_a4a8_42fbbf70f9da
2025-08-12 17:26:03,547 INFO  [io.api.tes.ser.api.KafkaSerdesTester] (Thread-697) Sending message {"key11755019562249": "value-2"} to topic topic-666be843_5b56_4d22_a4a8_42fbbf70f9da
2025-08-12 17:26:03,549 INFO  [io.api.tes.ser.api.KafkaSerdesTester] (Thread-697) Sending message {"key11755019562249": "value-3"} to topic topic-666be843_5b56_4d22_a4a8_42fbbf70f9da
2025-08-12 17:26:03,550 INFO  [io.api.tes.ser.api.KafkaSerdesTester] (Thread-697) Sending message {"key11755019562249": "value-4"} to topic topic-666be843_5b56_4d22_a4a8_42fbbf70f9da
2025-08-12 17:26:03,551 INFO  [io.api.tes.ser.api.KafkaSerdesTester] (Thread-697) Sending message {"key11755019562249": "value-5"} to topic topic-666be843_5b56_4d22_a4a8_42fbbf70f9da
2025-08-12 17:26:03,553 INFO  [io.api.tes.ser.api.KafkaSerdesTester] (Thread-697) Sending message {"key11755019562249": "value-6"} to topic topic-666be843_5b56_4d22_a4a8_42fbbf70f9da
2025-08-12 17:26:03,554 INFO  [io.api.tes.ser.api.KafkaSerdesTester] (Thread-697) Sending message {"key11755019562249": "value-7"} to topic topic-666be843_5b56_4d22_a4a8_42fbbf70f9da
2025-08-12 17:26:03,555 INFO  [io.api.tes.ser.api.KafkaSerdesTester] (Thread-697) Sending message {"key11755019562249": "value-8"} to topic topic-666be843_5b56_4d22_a4a8_42fbbf70f9da
2025-08-12 17:26:03,558 INFO  [io.api.tes.ser.api.KafkaSerdesTester] (Thread-697) Sending message {"key11755019562249": "value-9"} to topic topic-666be843_5b56_4d22_a4a8_42fbbf70f9da
2025-08-12 17:26:03,560 INFO  [io.api.tes.ser.api.KafkaSerdesTester] (Thread-697) Produced 10 messages
2025-08-12 17:26:03,560 INFO  [org.apa.kaf.cli.pro.KafkaProducer] (Thread-697) [Producer clientId=Producer-topic-666be843_5b56_4d22_a4a8_42fbbf70f9da] Closing the Kafka producer with timeoutMillis = 9223372036854775807 ms.
2025-08-12 17:26:03,562 INFO  [org.apa.kaf.com.met.Metrics] (Thread-697) Metrics scheduler closed
2025-08-12 17:26:03,562 INFO  [org.apa.kaf.com.met.Metrics] (Thread-697) Closing reporter org.apache.kafka.common.metrics.JmxReporter
2025-08-12 17:26:03,562 INFO  [org.apa.kaf.com.met.Metrics] (Thread-697) Closing reporter org.apache.kafka.common.telemetry.internals.ClientTelemetryReporter
2025-08-12 17:26:03,562 INFO  [org.apa.kaf.com.met.Metrics] (Thread-697) Metrics reporters closed
2025-08-12 17:26:03,562 INFO  [org.apa.kaf.com.uti.AppInfoParser] (Thread-697) App info kafka.producer for Producer-topic-666be843_5b56_4d22_a4a8_42fbbf70f9da unregistered
**** Registry Base URL: http://registry-app-ksql047.apps.ci419.apicurio-testing.org:80
2025-08-12 17:26:03,563 INFO  [org.apa.kaf.cli.con.ConsumerConfig] (main) ConsumerConfig values: 
	allow.auto.create.topics = true
	auto.commit.interval.ms = 500
	auto.include.jmx.reporter = true
	auto.offset.reset = earliest
	bootstrap.servers = [PLAINTEXT://localhost:32769]
	check.crcs = true
	client.dns.lookup = use_all_dns_ips
	client.id = consumer-Consumer-topic-666be843_5b56_4d22_a4a8_42fbbf70f9da-13
	client.rack = 
	connections.max.idle.ms = 10000
	default.api.timeout.ms = 60000
	enable.auto.commit = true
	enable.metrics.push = true
	exclude.internal.topics = true
	fetch.max.bytes = 52428800
	fetch.max.wait.ms = 500
	fetch.min.bytes = 1
	group.id = Consumer-topic-666be843_5b56_4d22_a4a8_42fbbf70f9da
	group.instance.id = null
	group.protocol = classic
	group.remote.assignor = null
	heartbeat.interval.ms = 3000
	interceptor.classes = []
	internal.leave.group.on.close = true
	internal.throw.on.fetch.stable.offset.unsupported = false
	isolation.level = read_uncommitted
	key.deserializer = class org.apache.kafka.common.serialization.StringDeserializer
	max.partition.fetch.bytes = 1048576
	max.poll.interval.ms = 300000
	max.poll.records = 500
	metadata.max.age.ms = 300000
	metadata.recovery.strategy = none
	metric.reporters = []
	metrics.num.samples = 2
	metrics.recording.level = INFO
	metrics.sample.window.ms = 30000
	partition.assignment.strategy = [class org.apache.kafka.clients.consumer.RangeAssignor, class org.apache.kafka.clients.consumer.CooperativeStickyAssignor]
	receive.buffer.bytes = 65536
	reconnect.backoff.max.ms = 1000
	reconnect.backoff.ms = 50
	request.timeout.ms = 5000
	retry.backoff.max.ms = 1000
	retry.backoff.ms = 100
	sasl.client.callback.handler.class = null
	sasl.jaas.config = null
	sasl.kerberos.kinit.cmd = /usr/bin/kinit
	sasl.kerberos.min.time.before.relogin = 60000
	sasl.kerberos.service.name = null
	sasl.kerberos.ticket.renew.jitter = 0.05
	sasl.kerberos.ticket.renew.window.factor = 0.8
	sasl.login.callback.handler.class = null
	sasl.login.class = null
	sasl.login.connect.timeout.ms = null
	sasl.login.read.timeout.ms = null
	sasl.login.refresh.buffer.seconds = 300
	sasl.login.refresh.min.period.seconds = 60
	sasl.login.refresh.window.factor = 0.8
	sasl.login.refresh.window.jitter = 0.05
	sasl.login.retry.backoff.max.ms = 10000
	sasl.login.retry.backoff.ms = 100
	sasl.mechanism = GSSAPI
	sasl.oauthbearer.clock.skew.seconds = 30
	sasl.oauthbearer.expected.audience = null
	sasl.oauthbearer.expected.issuer = null
	sasl.oauthbearer.header.urlencode = false
	sasl.oauthbearer.jwks.endpoint.refresh.ms = 3600000
	sasl.oauthbearer.jwks.endpoint.retry.backoff.max.ms = 10000
	sasl.oauthbearer.jwks.endpoint.retry.backoff.ms = 100
	sasl.oauthbearer.jwks.endpoint.url = null
	sasl.oauthbearer.scope.claim.name = scope
	sasl.oauthbearer.sub.claim.name = sub
	sasl.oauthbearer.token.endpoint.url = null
	security.protocol = PLAINTEXT
	security.providers = null
	send.buffer.bytes = 131072
	session.timeout.ms = 45000
	socket.connection.setup.timeout.max.ms = 30000
	socket.connection.setup.timeout.ms = 10000
	ssl.cipher.suites = null
	ssl.enabled.protocols = [TLSv1.2, TLSv1.3]
	ssl.endpoint.identification.algorithm = https
	ssl.engine.factory.class = null
	ssl.key.password = null
	ssl.keymanager.algorithm = SunX509
	ssl.keystore.certificate.chain = null
	ssl.keystore.key = null
	ssl.keystore.location = null
	ssl.keystore.password = null
	ssl.keystore.type = JKS
	ssl.protocol = TLSv1.3
	ssl.provider = null
	ssl.secure.random.implementation = null
	ssl.trustmanager.algorithm = PKIX
	ssl.truststore.certificates = null
	ssl.truststore.location = null
	ssl.truststore.password = null
	ssl.truststore.type = JKS
	value.deserializer = class io.apicurio.registry.serde.avro.AvroKafkaDeserializer

2025-08-12 17:26:03,563 INFO  [org.apa.kaf.com.tel.int.KafkaMetricsCollector] (main) initializing Kafka metrics collector
2025-08-12 17:26:03,567 INFO  [org.apa.kaf.cli.con.ConsumerConfig] (main) These configurations '[apicurio.registry.url]' were supplied but are not used yet.
2025-08-12 17:26:03,568 INFO  [org.apa.kaf.com.uti.AppInfoParser] (main) Kafka version: 3.9.1
2025-08-12 17:26:03,568 INFO  [org.apa.kaf.com.uti.AppInfoParser] (main) Kafka commitId: f745dfdcee2b9851
2025-08-12 17:26:03,568 INFO  [org.apa.kaf.com.uti.AppInfoParser] (main) Kafka startTimeMs: 1755019563567
2025-08-12 17:26:03,568 INFO  [org.apa.kaf.cli.con.int.ClassicKafkaConsumer] (Thread-700) [Consumer clientId=consumer-Consumer-topic-666be843_5b56_4d22_a4a8_42fbbf70f9da-13, groupId=Consumer-topic-666be843_5b56_4d22_a4a8_42fbbf70f9da] Subscribed to topic(s): topic-666be843_5b56_4d22_a4a8_42fbbf70f9da
2025-08-12 17:26:03,571 INFO  [org.apa.kaf.cli.Metadata] (Thread-700) [Consumer clientId=consumer-Consumer-topic-666be843_5b56_4d22_a4a8_42fbbf70f9da-13, groupId=Consumer-topic-666be843_5b56_4d22_a4a8_42fbbf70f9da] Cluster ID: HDV_o9asQruzQakuWK8_NQ
2025-08-12 17:26:03,572 INFO  [org.apa.kaf.cli.con.int.ConsumerCoordinator] (Thread-700) [Consumer clientId=consumer-Consumer-topic-666be843_5b56_4d22_a4a8_42fbbf70f9da-13, groupId=Consumer-topic-666be843_5b56_4d22_a4a8_42fbbf70f9da] Discovered group coordinator localhost:32769 (id: 2147483647 rack: null)
2025-08-12 17:26:03,574 INFO  [org.apa.kaf.cli.con.int.ConsumerCoordinator] (Thread-700) [Consumer clientId=consumer-Consumer-topic-666be843_5b56_4d22_a4a8_42fbbf70f9da-13, groupId=Consumer-topic-666be843_5b56_4d22_a4a8_42fbbf70f9da] (Re-)joining group
2025-08-12 17:26:03,576 INFO  [org.apa.kaf.cli.con.int.ConsumerCoordinator] (Thread-700) [Consumer clientId=consumer-Consumer-topic-666be843_5b56_4d22_a4a8_42fbbf70f9da-13, groupId=Consumer-topic-666be843_5b56_4d22_a4a8_42fbbf70f9da] Request joining group due to: need to re-join with the given member-id: consumer-Consumer-topic-666be843_5b56_4d22_a4a8_42fbbf70f9da-13-7f6ec359-1372-43b4-801a-ea2a66459539
2025-08-12 17:26:03,577 INFO  [org.apa.kaf.cli.con.int.ConsumerCoordinator] (Thread-700) [Consumer clientId=consumer-Consumer-topic-666be843_5b56_4d22_a4a8_42fbbf70f9da-13, groupId=Consumer-topic-666be843_5b56_4d22_a4a8_42fbbf70f9da] (Re-)joining group
2025-08-12 17:26:04,568 INFO  [io.api.tes.ser.api.KafkaSerdesTester] (Thread-700) None found
2025-08-12 17:26:05,568 INFO  [io.api.tes.ser.api.KafkaSerdesTester] (Thread-700) None found
2025-08-12 17:26:06,568 INFO  [io.api.tes.ser.api.KafkaSerdesTester] (Thread-700) None found
2025-08-12 17:26:06,579 INFO  [org.apa.kaf.cli.con.int.ConsumerCoordinator] (Thread-700) [Consumer clientId=consumer-Consumer-topic-666be843_5b56_4d22_a4a8_42fbbf70f9da-13, groupId=Consumer-topic-666be843_5b56_4d22_a4a8_42fbbf70f9da] Successfully joined group with generation Generation{generationId=1, memberId='consumer-Consumer-topic-666be843_5b56_4d22_a4a8_42fbbf70f9da-13-7f6ec359-1372-43b4-801a-ea2a66459539', protocol='range'}
2025-08-12 17:26:06,579 INFO  [org.apa.kaf.cli.con.int.ConsumerCoordinator] (Thread-700) [Consumer clientId=consumer-Consumer-topic-666be843_5b56_4d22_a4a8_42fbbf70f9da-13, groupId=Consumer-topic-666be843_5b56_4d22_a4a8_42fbbf70f9da] Finished assignment for group at generation 1: {consumer-Consumer-topic-666be843_5b56_4d22_a4a8_42fbbf70f9da-13-7f6ec359-1372-43b4-801a-ea2a66459539=Assignment(partitions=[topic-666be843_5b56_4d22_a4a8_42fbbf70f9da-0])}
2025-08-12 17:26:06,586 INFO  [org.apa.kaf.cli.con.int.ConsumerCoordinator] (Thread-700) [Consumer clientId=consumer-Consumer-topic-666be843_5b56_4d22_a4a8_42fbbf70f9da-13, groupId=Consumer-topic-666be843_5b56_4d22_a4a8_42fbbf70f9da] Successfully synced group in generation Generation{generationId=1, memberId='consumer-Consumer-topic-666be843_5b56_4d22_a4a8_42fbbf70f9da-13-7f6ec359-1372-43b4-801a-ea2a66459539', protocol='range'}
2025-08-12 17:26:06,586 INFO  [org.apa.kaf.cli.con.int.ConsumerCoordinator] (Thread-700) [Consumer clientId=consumer-Consumer-topic-666be843_5b56_4d22_a4a8_42fbbf70f9da-13, groupId=Consumer-topic-666be843_5b56_4d22_a4a8_42fbbf70f9da] Notifying assignor about the new Assignment(partitions=[topic-666be843_5b56_4d22_a4a8_42fbbf70f9da-0])
2025-08-12 17:26:06,586 INFO  [org.apa.kaf.cli.con.int.ConsumerRebalanceListenerInvoker] (Thread-700) [Consumer clientId=consumer-Consumer-topic-666be843_5b56_4d22_a4a8_42fbbf70f9da-13, groupId=Consumer-topic-666be843_5b56_4d22_a4a8_42fbbf70f9da] Adding newly assigned partitions: topic-666be843_5b56_4d22_a4a8_42fbbf70f9da-0
2025-08-12 17:26:06,587 INFO  [org.apa.kaf.cli.con.int.ConsumerCoordinator] (Thread-700) [Consumer clientId=consumer-Consumer-topic-666be843_5b56_4d22_a4a8_42fbbf70f9da-13, groupId=Consumer-topic-666be843_5b56_4d22_a4a8_42fbbf70f9da] Found no committed offset for partition topic-666be843_5b56_4d22_a4a8_42fbbf70f9da-0
2025-08-12 17:26:06,590 INFO  [org.apa.kaf.cli.con.int.SubscriptionState] (Thread-700) [Consumer clientId=consumer-Consumer-topic-666be843_5b56_4d22_a4a8_42fbbf70f9da-13, groupId=Consumer-topic-666be843_5b56_4d22_a4a8_42fbbf70f9da] Resetting offset for partition topic-666be843_5b56_4d22_a4a8_42fbbf70f9da-0 to position FetchPosition{offset=0, offsetEpoch=Optional.empty, currentLeader=LeaderAndEpoch{leader=Optional[localhost:32769 (id: 0 rack: null)], epoch=0}}.
2025-08-12 17:26:06,718 INFO  [io.api.tes.ser.api.KafkaSerdesTester] (Thread-700) topic-666be843_5b56_4d22_a4a8_42fbbf70f9da 0 0 {"key11755019562249": "value-0"}
2025-08-12 17:26:06,718 INFO  [io.api.tes.ser.api.KafkaSerdesTester] (Thread-700) topic-666be843_5b56_4d22_a4a8_42fbbf70f9da 0 1 {"key11755019562249": "value-1"}
2025-08-12 17:26:06,718 INFO  [io.api.tes.ser.api.KafkaSerdesTester] (Thread-700) topic-666be843_5b56_4d22_a4a8_42fbbf70f9da 0 2 {"key11755019562249": "value-2"}
2025-08-12 17:26:06,718 INFO  [io.api.tes.ser.api.KafkaSerdesTester] (Thread-700) topic-666be843_5b56_4d22_a4a8_42fbbf70f9da 0 3 {"key11755019562249": "value-3"}
2025-08-12 17:26:06,718 INFO  [io.api.tes.ser.api.KafkaSerdesTester] (Thread-700) topic-666be843_5b56_4d22_a4a8_42fbbf70f9da 0 4 {"key11755019562249": "value-4"}
2025-08-12 17:26:06,718 INFO  [io.api.tes.ser.api.KafkaSerdesTester] (Thread-700) topic-666be843_5b56_4d22_a4a8_42fbbf70f9da 0 5 {"key11755019562249": "value-5"}
2025-08-12 17:26:06,718 INFO  [io.api.tes.ser.api.KafkaSerdesTester] (Thread-700) topic-666be843_5b56_4d22_a4a8_42fbbf70f9da 0 6 {"key11755019562249": "value-6"}
2025-08-12 17:26:06,718 INFO  [io.api.tes.ser.api.KafkaSerdesTester] (Thread-700) topic-666be843_5b56_4d22_a4a8_42fbbf70f9da 0 7 {"key11755019562249": "value-7"}
2025-08-12 17:26:06,718 INFO  [io.api.tes.ser.api.KafkaSerdesTester] (Thread-700) topic-666be843_5b56_4d22_a4a8_42fbbf70f9da 0 8 {"key11755019562249": "value-8"}
2025-08-12 17:26:06,718 INFO  [io.api.tes.ser.api.KafkaSerdesTester] (Thread-700) topic-666be843_5b56_4d22_a4a8_42fbbf70f9da 0 9 {"key11755019562249": "value-9"}
2025-08-12 17:26:06,718 INFO  [io.api.tes.ser.api.KafkaSerdesTester] (Thread-700) Consumed 10 messages
2025-08-12 17:26:06,726 INFO  [org.apa.kaf.cli.con.int.ConsumerRebalanceListenerInvoker] (Thread-700) [Consumer clientId=consumer-Consumer-topic-666be843_5b56_4d22_a4a8_42fbbf70f9da-13, groupId=Consumer-topic-666be843_5b56_4d22_a4a8_42fbbf70f9da] Revoke previously assigned partitions topic-666be843_5b56_4d22_a4a8_42fbbf70f9da-0
2025-08-12 17:26:06,726 INFO  [org.apa.kaf.cli.con.int.ConsumerCoordinator] (Thread-700) [Consumer clientId=consumer-Consumer-topic-666be843_5b56_4d22_a4a8_42fbbf70f9da-13, groupId=Consumer-topic-666be843_5b56_4d22_a4a8_42fbbf70f9da] Member consumer-Consumer-topic-666be843_5b56_4d22_a4a8_42fbbf70f9da-13-7f6ec359-1372-43b4-801a-ea2a66459539 sending LeaveGroup request to coordinator localhost:32769 (id: 2147483647 rack: null) due to the consumer is being closed
2025-08-12 17:26:06,726 INFO  [org.apa.kaf.cli.con.int.ConsumerCoordinator] (Thread-700) [Consumer clientId=consumer-Consumer-topic-666be843_5b56_4d22_a4a8_42fbbf70f9da-13, groupId=Consumer-topic-666be843_5b56_4d22_a4a8_42fbbf70f9da] Resetting generation and member id due to: consumer pro-actively leaving the group
2025-08-12 17:26:06,726 INFO  [org.apa.kaf.cli.con.int.ConsumerCoordinator] (Thread-700) [Consumer clientId=consumer-Consumer-topic-666be843_5b56_4d22_a4a8_42fbbf70f9da-13, groupId=Consumer-topic-666be843_5b56_4d22_a4a8_42fbbf70f9da] Request joining group due to: consumer pro-actively leaving the group
2025-08-12 17:26:07,222 INFO  [org.apa.kaf.com.met.Metrics] (Thread-700) Metrics scheduler closed
2025-08-12 17:26:07,222 INFO  [org.apa.kaf.com.met.Metrics] (Thread-700) Closing reporter org.apache.kafka.common.metrics.JmxReporter
2025-08-12 17:26:07,222 INFO  [org.apa.kaf.com.met.Metrics] (Thread-700) Closing reporter org.apache.kafka.common.telemetry.internals.ClientTelemetryReporter
2025-08-12 17:26:07,222 INFO  [org.apa.kaf.com.met.Metrics] (Thread-700) Metrics reporters closed
2025-08-12 17:26:07,224 INFO  [org.apa.kaf.com.uti.AppInfoParser] (Thread-700) App info kafka.consumer for consumer-Consumer-topic-666be843_5b56_4d22_a4a8_42fbbf70f9da-13 unregistered
2025-08-12 17:26:07,225 INFO  [io.api.tes.uti.TestSeparator] (main) io.apicurio.tests.serdes.apicurio.AvroSerdeIT.testTopicRecordIdStrategydFindLatest-FINISHED
2025-08-12 17:26:07,225 INFO  [io.api.tes.uti.TestSeparator] (main) ############################################################################
Test passed: testTopicRecordIdStrategydFindLatest
]]></system-out>
  </testcase>
  <testcase name="testAvroConfluentForMultipleTopics" classname="io.apicurio.tests.serdes.apicurio.AvroSerdeIT" time="12.448">
    <system-out><![CDATA[2025-08-12 17:26:07,228 INFO  [io.api.tes.uti.TestSeparator] (main) ############################################################################
2025-08-12 17:26:07,228 INFO  [io.api.tes.uti.TestSeparator] (main) io.apicurio.tests.serdes.apicurio.AvroSerdeIT.testAvroConfluentForMultipleTopics-STARTED
2025-08-12 17:26:07,228 INFO  [io.api.tes.ser.api.AvroSerdeIT] (main) Registering Avro Schema: {"type":"record","name":"myrecordconfluent","fields":[{"name":"key11755019567228","type":"string"}]}
**** Registry Base URL: http://registry-app-ksql047.apps.ci419.apicurio-testing.org:80
2025-08-12 17:26:08,358 INFO  [org.apa.kaf.cli.pro.ProducerConfig] (main) ProducerConfig values: 
	acks = -1
	auto.include.jmx.reporter = true
	batch.size = 16384
	bootstrap.servers = [PLAINTEXT://localhost:32769]
	buffer.memory = 33554432
	client.dns.lookup = use_all_dns_ips
	client.id = Producer-topic-ede85b9f_30b6_4a43_a84e_c785dbfdf009
	compression.gzip.level = -1
	compression.lz4.level = 9
	compression.type = none
	compression.zstd.level = 3
	connections.max.idle.ms = 10000
	delivery.timeout.ms = 120000
	enable.idempotence = true
	enable.metrics.push = true
	interceptor.classes = []
	key.serializer = class org.apache.kafka.common.serialization.StringSerializer
	linger.ms = 0
	max.block.ms = 60000
	max.in.flight.requests.per.connection = 5
	max.request.size = 1048576
	metadata.max.age.ms = 300000
	metadata.max.idle.ms = 300000
	metadata.recovery.strategy = none
	metric.reporters = []
	metrics.num.samples = 2
	metrics.recording.level = INFO
	metrics.sample.window.ms = 30000
	partitioner.adaptive.partitioning.enable = true
	partitioner.availability.timeout.ms = 0
	partitioner.class = null
	partitioner.ignore.keys = false
	receive.buffer.bytes = 32768
	reconnect.backoff.max.ms = 1000
	reconnect.backoff.ms = 50
	request.timeout.ms = 5000
	retries = 2147483647
	retry.backoff.max.ms = 1000
	retry.backoff.ms = 100
	sasl.client.callback.handler.class = null
	sasl.jaas.config = null
	sasl.kerberos.kinit.cmd = /usr/bin/kinit
	sasl.kerberos.min.time.before.relogin = 60000
	sasl.kerberos.service.name = null
	sasl.kerberos.ticket.renew.jitter = 0.05
	sasl.kerberos.ticket.renew.window.factor = 0.8
	sasl.login.callback.handler.class = null
	sasl.login.class = null
	sasl.login.connect.timeout.ms = null
	sasl.login.read.timeout.ms = null
	sasl.login.refresh.buffer.seconds = 300
	sasl.login.refresh.min.period.seconds = 60
	sasl.login.refresh.window.factor = 0.8
	sasl.login.refresh.window.jitter = 0.05
	sasl.login.retry.backoff.max.ms = 10000
	sasl.login.retry.backoff.ms = 100
	sasl.mechanism = GSSAPI
	sasl.oauthbearer.clock.skew.seconds = 30
	sasl.oauthbearer.expected.audience = null
	sasl.oauthbearer.expected.issuer = null
	sasl.oauthbearer.header.urlencode = false
	sasl.oauthbearer.jwks.endpoint.refresh.ms = 3600000
	sasl.oauthbearer.jwks.endpoint.retry.backoff.max.ms = 10000
	sasl.oauthbearer.jwks.endpoint.retry.backoff.ms = 100
	sasl.oauthbearer.jwks.endpoint.url = null
	sasl.oauthbearer.scope.claim.name = scope
	sasl.oauthbearer.sub.claim.name = sub
	sasl.oauthbearer.token.endpoint.url = null
	security.protocol = PLAINTEXT
	security.providers = null
	send.buffer.bytes = 131072
	socket.connection.setup.timeout.max.ms = 30000
	socket.connection.setup.timeout.ms = 10000
	ssl.cipher.suites = null
	ssl.enabled.protocols = [TLSv1.2, TLSv1.3]
	ssl.endpoint.identification.algorithm = https
	ssl.engine.factory.class = null
	ssl.key.password = null
	ssl.keymanager.algorithm = SunX509
	ssl.keystore.certificate.chain = null
	ssl.keystore.key = null
	ssl.keystore.location = null
	ssl.keystore.password = null
	ssl.keystore.type = JKS
	ssl.protocol = TLSv1.3
	ssl.provider = null
	ssl.secure.random.implementation = null
	ssl.trustmanager.algorithm = PKIX
	ssl.truststore.certificates = null
	ssl.truststore.location = null
	ssl.truststore.password = null
	ssl.truststore.type = JKS
	transaction.timeout.ms = 60000
	transactional.id = null
	value.serializer = class io.apicurio.registry.serde.avro.AvroKafkaSerializer

2025-08-12 17:26:08,359 INFO  [org.apa.kaf.com.tel.int.KafkaMetricsCollector] (main) initializing Kafka metrics collector
2025-08-12 17:26:08,361 INFO  [org.apa.kaf.cli.pro.KafkaProducer] (main) [Producer clientId=Producer-topic-ede85b9f_30b6_4a43_a84e_c785dbfdf009] Instantiated an idempotent producer.
2025-08-12 17:26:08,363 INFO  [org.apa.kaf.cli.pro.ProducerConfig] (main) These configurations '[apicurio.registry.url, apicurio.registry.artifact-resolver-strategy]' were supplied but are not used yet.
2025-08-12 17:26:08,363 INFO  [org.apa.kaf.com.uti.AppInfoParser] (main) Kafka version: 3.9.1
2025-08-12 17:26:08,363 INFO  [org.apa.kaf.com.uti.AppInfoParser] (main) Kafka commitId: f745dfdcee2b9851
2025-08-12 17:26:08,363 INFO  [org.apa.kaf.com.uti.AppInfoParser] (main) Kafka startTimeMs: 1755019568363
**** Registry Base URL: http://registry-app-ksql047.apps.ci419.apicurio-testing.org:80
2025-08-12 17:26:08,364 INFO  [org.apa.kaf.cli.pro.ProducerConfig] (main) ProducerConfig values: 
	acks = -1
	auto.include.jmx.reporter = true
	batch.size = 16384
	bootstrap.servers = [PLAINTEXT://localhost:32769]
	buffer.memory = 33554432
	client.dns.lookup = use_all_dns_ips
	client.id = Producer-topic-1d45bcc5_7c69_4527_9acb_908baa94d489
	compression.gzip.level = -1
	compression.lz4.level = 9
	compression.type = none
	compression.zstd.level = 3
	connections.max.idle.ms = 10000
	delivery.timeout.ms = 120000
	enable.idempotence = true
	enable.metrics.push = true
	interceptor.classes = []
	key.serializer = class org.apache.kafka.common.serialization.StringSerializer
	linger.ms = 0
	max.block.ms = 60000
	max.in.flight.requests.per.connection = 5
	max.request.size = 1048576
	metadata.max.age.ms = 300000
	metadata.max.idle.ms = 300000
	metadata.recovery.strategy = none
	metric.reporters = []
	metrics.num.samples = 2
	metrics.recording.level = INFO
	metrics.sample.window.ms = 30000
	partitioner.adaptive.partitioning.enable = true
	partitioner.availability.timeout.ms = 0
	partitioner.class = null
	partitioner.ignore.keys = false
	receive.buffer.bytes = 32768
	reconnect.backoff.max.ms = 1000
	reconnect.backoff.ms = 50
	request.timeout.ms = 5000
	retries = 2147483647
	retry.backoff.max.ms = 1000
	retry.backoff.ms = 100
	sasl.client.callback.handler.class = null
	sasl.jaas.config = null
	sasl.kerberos.kinit.cmd = /usr/bin/kinit
	sasl.kerberos.min.time.before.relogin = 60000
	sasl.kerberos.service.name = null
	sasl.kerberos.ticket.renew.jitter = 0.05
	sasl.kerberos.ticket.renew.window.factor = 0.8
	sasl.login.callback.handler.class = null
	sasl.login.class = null
	sasl.login.connect.timeout.ms = null
	sasl.login.read.timeout.ms = null
	sasl.login.refresh.buffer.seconds = 300
	sasl.login.refresh.min.period.seconds = 60
	sasl.login.refresh.window.factor = 0.8
	sasl.login.refresh.window.jitter = 0.05
	sasl.login.retry.backoff.max.ms = 10000
	sasl.login.retry.backoff.ms = 100
	sasl.mechanism = GSSAPI
	sasl.oauthbearer.clock.skew.seconds = 30
	sasl.oauthbearer.expected.audience = null
	sasl.oauthbearer.expected.issuer = null
	sasl.oauthbearer.header.urlencode = false
	sasl.oauthbearer.jwks.endpoint.refresh.ms = 3600000
	sasl.oauthbearer.jwks.endpoint.retry.backoff.max.ms = 10000
	sasl.oauthbearer.jwks.endpoint.retry.backoff.ms = 100
	sasl.oauthbearer.jwks.endpoint.url = null
	sasl.oauthbearer.scope.claim.name = scope
	sasl.oauthbearer.sub.claim.name = sub
	sasl.oauthbearer.token.endpoint.url = null
	security.protocol = PLAINTEXT
	security.providers = null
	send.buffer.bytes = 131072
	socket.connection.setup.timeout.max.ms = 30000
	socket.connection.setup.timeout.ms = 10000
	ssl.cipher.suites = null
	ssl.enabled.protocols = [TLSv1.2, TLSv1.3]
	ssl.endpoint.identification.algorithm = https
	ssl.engine.factory.class = null
	ssl.key.password = null
	ssl.keymanager.algorithm = SunX509
	ssl.keystore.certificate.chain = null
	ssl.keystore.key = null
	ssl.keystore.location = null
	ssl.keystore.password = null
	ssl.keystore.type = JKS
	ssl.protocol = TLSv1.3
	ssl.provider = null
	ssl.secure.random.implementation = null
	ssl.trustmanager.algorithm = PKIX
	ssl.truststore.certificates = null
	ssl.truststore.location = null
	ssl.truststore.password = null
	ssl.truststore.type = JKS
	transaction.timeout.ms = 60000
	transactional.id = null
	value.serializer = class io.apicurio.registry.serde.avro.AvroKafkaSerializer

2025-08-12 17:26:08,364 INFO  [org.apa.kaf.com.tel.int.KafkaMetricsCollector] (main) initializing Kafka metrics collector
2025-08-12 17:26:08,370 INFO  [org.apa.kaf.cli.pro.KafkaProducer] (main) [Producer clientId=Producer-topic-1d45bcc5_7c69_4527_9acb_908baa94d489] Instantiated an idempotent producer.
2025-08-12 17:26:08,371 INFO  [org.apa.kaf.cli.Metadata] (kafka-producer-network-thread | Producer-topic-ede85b9f_30b6_4a43_a84e_c785dbfdf009) [Producer clientId=Producer-topic-ede85b9f_30b6_4a43_a84e_c785dbfdf009] Cluster ID: HDV_o9asQruzQakuWK8_NQ
2025-08-12 17:26:08,371 INFO  [org.apa.kaf.cli.pro.int.TransactionManager] (kafka-producer-network-thread | Producer-topic-ede85b9f_30b6_4a43_a84e_c785dbfdf009) [Producer clientId=Producer-topic-ede85b9f_30b6_4a43_a84e_c785dbfdf009] ProducerId set to 19 with epoch 0
2025-08-12 17:26:08,372 INFO  [org.apa.kaf.cli.pro.ProducerConfig] (main) These configurations '[apicurio.registry.url, apicurio.registry.artifact-resolver-strategy]' were supplied but are not used yet.
2025-08-12 17:26:08,372 INFO  [org.apa.kaf.com.uti.AppInfoParser] (main) Kafka version: 3.9.1
2025-08-12 17:26:08,372 INFO  [org.apa.kaf.com.uti.AppInfoParser] (main) Kafka commitId: f745dfdcee2b9851
2025-08-12 17:26:08,372 INFO  [org.apa.kaf.com.uti.AppInfoParser] (main) Kafka startTimeMs: 1755019568372
**** Registry Base URL: http://registry-app-ksql047.apps.ci419.apicurio-testing.org:80
2025-08-12 17:26:08,373 INFO  [org.apa.kaf.cli.pro.ProducerConfig] (main) ProducerConfig values: 
	acks = -1
	auto.include.jmx.reporter = true
	batch.size = 16384
	bootstrap.servers = [PLAINTEXT://localhost:32769]
	buffer.memory = 33554432
	client.dns.lookup = use_all_dns_ips
	client.id = Producer-topic-164fe67b_dd64_4e54_b01a_d0caf09fa157
	compression.gzip.level = -1
	compression.lz4.level = 9
	compression.type = none
	compression.zstd.level = 3
	connections.max.idle.ms = 10000
	delivery.timeout.ms = 120000
	enable.idempotence = true
	enable.metrics.push = true
	interceptor.classes = []
	key.serializer = class org.apache.kafka.common.serialization.StringSerializer
	linger.ms = 0
	max.block.ms = 60000
	max.in.flight.requests.per.connection = 5
	max.request.size = 1048576
	metadata.max.age.ms = 300000
	metadata.max.idle.ms = 300000
	metadata.recovery.strategy = none
	metric.reporters = []
	metrics.num.samples = 2
	metrics.recording.level = INFO
	metrics.sample.window.ms = 30000
	partitioner.adaptive.partitioning.enable = true
	partitioner.availability.timeout.ms = 0
	partitioner.class = null
	partitioner.ignore.keys = false
	receive.buffer.bytes = 32768
	reconnect.backoff.max.ms = 1000
	reconnect.backoff.ms = 50
	request.timeout.ms = 5000
	retries = 2147483647
	retry.backoff.max.ms = 1000
	retry.backoff.ms = 100
	sasl.client.callback.handler.class = null
	sasl.jaas.config = null
	sasl.kerberos.kinit.cmd = /usr/bin/kinit
	sasl.kerberos.min.time.before.relogin = 60000
	sasl.kerberos.service.name = null
	sasl.kerberos.ticket.renew.jitter = 0.05
	sasl.kerberos.ticket.renew.window.factor = 0.8
	sasl.login.callback.handler.class = null
	sasl.login.class = null
	sasl.login.connect.timeout.ms = null
	sasl.login.read.timeout.ms = null
	sasl.login.refresh.buffer.seconds = 300
	sasl.login.refresh.min.period.seconds = 60
	sasl.login.refresh.window.factor = 0.8
	sasl.login.refresh.window.jitter = 0.05
	sasl.login.retry.backoff.max.ms = 10000
	sasl.login.retry.backoff.ms = 100
	sasl.mechanism = GSSAPI
	sasl.oauthbearer.clock.skew.seconds = 30
	sasl.oauthbearer.expected.audience = null
	sasl.oauthbearer.expected.issuer = null
	sasl.oauthbearer.header.urlencode = false
	sasl.oauthbearer.jwks.endpoint.refresh.ms = 3600000
	sasl.oauthbearer.jwks.endpoint.retry.backoff.max.ms = 10000
	sasl.oauthbearer.jwks.endpoint.retry.backoff.ms = 100
	sasl.oauthbearer.jwks.endpoint.url = null
	sasl.oauthbearer.scope.claim.name = scope
	sasl.oauthbearer.sub.claim.name = sub
	sasl.oauthbearer.token.endpoint.url = null
	security.protocol = PLAINTEXT
	security.providers = null
	send.buffer.bytes = 131072
	socket.connection.setup.timeout.max.ms = 30000
	socket.connection.setup.timeout.ms = 10000
	ssl.cipher.suites = null
	ssl.enabled.protocols = [TLSv1.2, TLSv1.3]
	ssl.endpoint.identification.algorithm = https
	ssl.engine.factory.class = null
	ssl.key.password = null
	ssl.keymanager.algorithm = SunX509
	ssl.keystore.certificate.chain = null
	ssl.keystore.key = null
	ssl.keystore.location = null
	ssl.keystore.password = null
	ssl.keystore.type = JKS
	ssl.protocol = TLSv1.3
	ssl.provider = null
	ssl.secure.random.implementation = null
	ssl.trustmanager.algorithm = PKIX
	ssl.truststore.certificates = null
	ssl.truststore.location = null
	ssl.truststore.password = null
	ssl.truststore.type = JKS
	transaction.timeout.ms = 60000
	transactional.id = null
	value.serializer = class io.apicurio.registry.serde.avro.AvroKafkaSerializer

2025-08-12 17:26:08,376 INFO  [org.apa.kaf.com.tel.int.KafkaMetricsCollector] (main) initializing Kafka metrics collector
2025-08-12 17:26:08,377 INFO  [org.apa.kaf.cli.Metadata] (kafka-producer-network-thread | Producer-topic-1d45bcc5_7c69_4527_9acb_908baa94d489) [Producer clientId=Producer-topic-1d45bcc5_7c69_4527_9acb_908baa94d489] Cluster ID: HDV_o9asQruzQakuWK8_NQ
2025-08-12 17:26:08,377 INFO  [org.apa.kaf.cli.pro.int.TransactionManager] (kafka-producer-network-thread | Producer-topic-1d45bcc5_7c69_4527_9acb_908baa94d489) [Producer clientId=Producer-topic-1d45bcc5_7c69_4527_9acb_908baa94d489] ProducerId set to 20 with epoch 0
2025-08-12 17:26:08,378 INFO  [org.apa.kaf.cli.pro.KafkaProducer] (main) [Producer clientId=Producer-topic-164fe67b_dd64_4e54_b01a_d0caf09fa157] Instantiated an idempotent producer.
2025-08-12 17:26:08,385 INFO  [org.apa.kaf.cli.pro.ProducerConfig] (main) These configurations '[apicurio.registry.url, apicurio.registry.artifact-resolver-strategy]' were supplied but are not used yet.
2025-08-12 17:26:08,385 INFO  [org.apa.kaf.com.uti.AppInfoParser] (main) Kafka version: 3.9.1
2025-08-12 17:26:08,385 INFO  [org.apa.kaf.com.uti.AppInfoParser] (main) Kafka commitId: f745dfdcee2b9851
2025-08-12 17:26:08,385 INFO  [org.apa.kaf.com.uti.AppInfoParser] (main) Kafka startTimeMs: 1755019568385
**** Registry Base URL: http://registry-app-ksql047.apps.ci419.apicurio-testing.org:80
2025-08-12 17:26:08,386 INFO  [org.apa.kaf.cli.con.ConsumerConfig] (main) ConsumerConfig values: 
	allow.auto.create.topics = true
	auto.commit.interval.ms = 500
	auto.include.jmx.reporter = true
	auto.offset.reset = earliest
	bootstrap.servers = [PLAINTEXT://localhost:32769]
	check.crcs = true
	client.dns.lookup = use_all_dns_ips
	client.id = consumer-Consumer-topic-ede85b9f_30b6_4a43_a84e_c785dbfdf009-14
	client.rack = 
	connections.max.idle.ms = 10000
	default.api.timeout.ms = 60000
	enable.auto.commit = true
	enable.metrics.push = true
	exclude.internal.topics = true
	fetch.max.bytes = 52428800
	fetch.max.wait.ms = 500
	fetch.min.bytes = 1
	group.id = Consumer-topic-ede85b9f_30b6_4a43_a84e_c785dbfdf009
	group.instance.id = null
	group.protocol = classic
	group.remote.assignor = null
	heartbeat.interval.ms = 3000
	interceptor.classes = []
	internal.leave.group.on.close = true
	internal.throw.on.fetch.stable.offset.unsupported = false
	isolation.level = read_uncommitted
	key.deserializer = class org.apache.kafka.common.serialization.StringDeserializer
	max.partition.fetch.bytes = 1048576
	max.poll.interval.ms = 300000
	max.poll.records = 500
	metadata.max.age.ms = 300000
	metadata.recovery.strategy = none
	metric.reporters = []
	metrics.num.samples = 2
	metrics.recording.level = INFO
	metrics.sample.window.ms = 30000
	partition.assignment.strategy = [class org.apache.kafka.clients.consumer.RangeAssignor, class org.apache.kafka.clients.consumer.CooperativeStickyAssignor]
	receive.buffer.bytes = 65536
	reconnect.backoff.max.ms = 1000
	reconnect.backoff.ms = 50
	request.timeout.ms = 5000
	retry.backoff.max.ms = 1000
	retry.backoff.ms = 100
	sasl.client.callback.handler.class = null
	sasl.jaas.config = null
	sasl.kerberos.kinit.cmd = /usr/bin/kinit
	sasl.kerberos.min.time.before.relogin = 60000
	sasl.kerberos.service.name = null
	sasl.kerberos.ticket.renew.jitter = 0.05
	sasl.kerberos.ticket.renew.window.factor = 0.8
	sasl.login.callback.handler.class = null
	sasl.login.class = null
	sasl.login.connect.timeout.ms = null
	sasl.login.read.timeout.ms = null
	sasl.login.refresh.buffer.seconds = 300
	sasl.login.refresh.min.period.seconds = 60
	sasl.login.refresh.window.factor = 0.8
	sasl.login.refresh.window.jitter = 0.05
	sasl.login.retry.backoff.max.ms = 10000
	sasl.login.retry.backoff.ms = 100
	sasl.mechanism = GSSAPI
	sasl.oauthbearer.clock.skew.seconds = 30
	sasl.oauthbearer.expected.audience = null
	sasl.oauthbearer.expected.issuer = null
	sasl.oauthbearer.header.urlencode = false
	sasl.oauthbearer.jwks.endpoint.refresh.ms = 3600000
	sasl.oauthbearer.jwks.endpoint.retry.backoff.max.ms = 10000
	sasl.oauthbearer.jwks.endpoint.retry.backoff.ms = 100
	sasl.oauthbearer.jwks.endpoint.url = null
	sasl.oauthbearer.scope.claim.name = scope
	sasl.oauthbearer.sub.claim.name = sub
	sasl.oauthbearer.token.endpoint.url = null
	security.protocol = PLAINTEXT
	security.providers = null
	send.buffer.bytes = 131072
	session.timeout.ms = 45000
	socket.connection.setup.timeout.max.ms = 30000
	socket.connection.setup.timeout.ms = 10000
	ssl.cipher.suites = null
	ssl.enabled.protocols = [TLSv1.2, TLSv1.3]
	ssl.endpoint.identification.algorithm = https
	ssl.engine.factory.class = null
	ssl.key.password = null
	ssl.keymanager.algorithm = SunX509
	ssl.keystore.certificate.chain = null
	ssl.keystore.key = null
	ssl.keystore.location = null
	ssl.keystore.password = null
	ssl.keystore.type = JKS
	ssl.protocol = TLSv1.3
	ssl.provider = null
	ssl.secure.random.implementation = null
	ssl.trustmanager.algorithm = PKIX
	ssl.truststore.certificates = null
	ssl.truststore.location = null
	ssl.truststore.password = null
	ssl.truststore.type = JKS
	value.deserializer = class io.apicurio.registry.serde.avro.AvroKafkaDeserializer

2025-08-12 17:26:08,386 INFO  [org.apa.kaf.com.tel.int.KafkaMetricsCollector] (main) initializing Kafka metrics collector
2025-08-12 17:26:08,388 INFO  [org.apa.kaf.cli.Metadata] (kafka-producer-network-thread | Producer-topic-164fe67b_dd64_4e54_b01a_d0caf09fa157) [Producer clientId=Producer-topic-164fe67b_dd64_4e54_b01a_d0caf09fa157] Cluster ID: HDV_o9asQruzQakuWK8_NQ
2025-08-12 17:26:08,389 INFO  [org.apa.kaf.cli.pro.int.TransactionManager] (kafka-producer-network-thread | Producer-topic-164fe67b_dd64_4e54_b01a_d0caf09fa157) [Producer clientId=Producer-topic-164fe67b_dd64_4e54_b01a_d0caf09fa157] ProducerId set to 21 with epoch 0
2025-08-12 17:26:08,395 INFO  [org.apa.kaf.cli.con.ConsumerConfig] (main) These configurations '[apicurio.registry.url]' were supplied but are not used yet.
2025-08-12 17:26:08,396 INFO  [org.apa.kaf.com.uti.AppInfoParser] (main) Kafka version: 3.9.1
2025-08-12 17:26:08,396 INFO  [org.apa.kaf.com.uti.AppInfoParser] (main) Kafka commitId: f745dfdcee2b9851
2025-08-12 17:26:08,396 INFO  [org.apa.kaf.com.uti.AppInfoParser] (main) Kafka startTimeMs: 1755019568396
**** Registry Base URL: http://registry-app-ksql047.apps.ci419.apicurio-testing.org:80
2025-08-12 17:26:08,396 INFO  [org.apa.kaf.cli.con.ConsumerConfig] (main) ConsumerConfig values: 
	allow.auto.create.topics = true
	auto.commit.interval.ms = 500
	auto.include.jmx.reporter = true
	auto.offset.reset = earliest
	bootstrap.servers = [PLAINTEXT://localhost:32769]
	check.crcs = true
	client.dns.lookup = use_all_dns_ips
	client.id = consumer-Consumer-topic-1d45bcc5_7c69_4527_9acb_908baa94d489-15
	client.rack = 
	connections.max.idle.ms = 10000
	default.api.timeout.ms = 60000
	enable.auto.commit = true
	enable.metrics.push = true
	exclude.internal.topics = true
	fetch.max.bytes = 52428800
	fetch.max.wait.ms = 500
	fetch.min.bytes = 1
	group.id = Consumer-topic-1d45bcc5_7c69_4527_9acb_908baa94d489
	group.instance.id = null
	group.protocol = classic
	group.remote.assignor = null
	heartbeat.interval.ms = 3000
	interceptor.classes = []
	internal.leave.group.on.close = true
	internal.throw.on.fetch.stable.offset.unsupported = false
	isolation.level = read_uncommitted
	key.deserializer = class org.apache.kafka.common.serialization.StringDeserializer
	max.partition.fetch.bytes = 1048576
	max.poll.interval.ms = 300000
	max.poll.records = 500
	metadata.max.age.ms = 300000
	metadata.recovery.strategy = none
	metric.reporters = []
	metrics.num.samples = 2
	metrics.recording.level = INFO
	metrics.sample.window.ms = 30000
	partition.assignment.strategy = [class org.apache.kafka.clients.consumer.RangeAssignor, class org.apache.kafka.clients.consumer.CooperativeStickyAssignor]
	receive.buffer.bytes = 65536
	reconnect.backoff.max.ms = 1000
	reconnect.backoff.ms = 50
	request.timeout.ms = 5000
	retry.backoff.max.ms = 1000
	retry.backoff.ms = 100
	sasl.client.callback.handler.class = null
	sasl.jaas.config = null
	sasl.kerberos.kinit.cmd = /usr/bin/kinit
	sasl.kerberos.min.time.before.relogin = 60000
	sasl.kerberos.service.name = null
	sasl.kerberos.ticket.renew.jitter = 0.05
	sasl.kerberos.ticket.renew.window.factor = 0.8
	sasl.login.callback.handler.class = null
	sasl.login.class = null
	sasl.login.connect.timeout.ms = null
	sasl.login.read.timeout.ms = null
	sasl.login.refresh.buffer.seconds = 300
	sasl.login.refresh.min.period.seconds = 60
	sasl.login.refresh.window.factor = 0.8
	sasl.login.refresh.window.jitter = 0.05
	sasl.login.retry.backoff.max.ms = 10000
	sasl.login.retry.backoff.ms = 100
	sasl.mechanism = GSSAPI
	sasl.oauthbearer.clock.skew.seconds = 30
	sasl.oauthbearer.expected.audience = null
	sasl.oauthbearer.expected.issuer = null
	sasl.oauthbearer.header.urlencode = false
	sasl.oauthbearer.jwks.endpoint.refresh.ms = 3600000
	sasl.oauthbearer.jwks.endpoint.retry.backoff.max.ms = 10000
	sasl.oauthbearer.jwks.endpoint.retry.backoff.ms = 100
	sasl.oauthbearer.jwks.endpoint.url = null
	sasl.oauthbearer.scope.claim.name = scope
	sasl.oauthbearer.sub.claim.name = sub
	sasl.oauthbearer.token.endpoint.url = null
	security.protocol = PLAINTEXT
	security.providers = null
	send.buffer.bytes = 131072
	session.timeout.ms = 45000
	socket.connection.setup.timeout.max.ms = 30000
	socket.connection.setup.timeout.ms = 10000
	ssl.cipher.suites = null
	ssl.enabled.protocols = [TLSv1.2, TLSv1.3]
	ssl.endpoint.identification.algorithm = https
	ssl.engine.factory.class = null
	ssl.key.password = null
	ssl.keymanager.algorithm = SunX509
	ssl.keystore.certificate.chain = null
	ssl.keystore.key = null
	ssl.keystore.location = null
	ssl.keystore.password = null
	ssl.keystore.type = JKS
	ssl.protocol = TLSv1.3
	ssl.provider = null
	ssl.secure.random.implementation = null
	ssl.trustmanager.algorithm = PKIX
	ssl.truststore.certificates = null
	ssl.truststore.location = null
	ssl.truststore.password = null
	ssl.truststore.type = JKS
	value.deserializer = class io.apicurio.registry.serde.avro.AvroKafkaDeserializer

2025-08-12 17:26:08,397 INFO  [org.apa.kaf.com.tel.int.KafkaMetricsCollector] (main) initializing Kafka metrics collector
2025-08-12 17:26:08,403 INFO  [org.apa.kaf.cli.con.ConsumerConfig] (main) These configurations '[apicurio.registry.url]' were supplied but are not used yet.
2025-08-12 17:26:08,404 INFO  [org.apa.kaf.com.uti.AppInfoParser] (main) Kafka version: 3.9.1
2025-08-12 17:26:08,404 INFO  [org.apa.kaf.com.uti.AppInfoParser] (main) Kafka commitId: f745dfdcee2b9851
2025-08-12 17:26:08,404 INFO  [org.apa.kaf.com.uti.AppInfoParser] (main) Kafka startTimeMs: 1755019568403
**** Registry Base URL: http://registry-app-ksql047.apps.ci419.apicurio-testing.org:80
2025-08-12 17:26:08,405 INFO  [org.apa.kaf.cli.con.ConsumerConfig] (main) ConsumerConfig values: 
	allow.auto.create.topics = true
	auto.commit.interval.ms = 500
	auto.include.jmx.reporter = true
	auto.offset.reset = earliest
	bootstrap.servers = [PLAINTEXT://localhost:32769]
	check.crcs = true
	client.dns.lookup = use_all_dns_ips
	client.id = consumer-Consumer-topic-164fe67b_dd64_4e54_b01a_d0caf09fa157-16
	client.rack = 
	connections.max.idle.ms = 10000
	default.api.timeout.ms = 60000
	enable.auto.commit = true
	enable.metrics.push = true
	exclude.internal.topics = true
	fetch.max.bytes = 52428800
	fetch.max.wait.ms = 500
	fetch.min.bytes = 1
	group.id = Consumer-topic-164fe67b_dd64_4e54_b01a_d0caf09fa157
	group.instance.id = null
	group.protocol = classic
	group.remote.assignor = null
	heartbeat.interval.ms = 3000
	interceptor.classes = []
	internal.leave.group.on.close = true
	internal.throw.on.fetch.stable.offset.unsupported = false
	isolation.level = read_uncommitted
	key.deserializer = class org.apache.kafka.common.serialization.StringDeserializer
	max.partition.fetch.bytes = 1048576
	max.poll.interval.ms = 300000
	max.poll.records = 500
	metadata.max.age.ms = 300000
	metadata.recovery.strategy = none
	metric.reporters = []
	metrics.num.samples = 2
	metrics.recording.level = INFO
	metrics.sample.window.ms = 30000
	partition.assignment.strategy = [class org.apache.kafka.clients.consumer.RangeAssignor, class org.apache.kafka.clients.consumer.CooperativeStickyAssignor]
	receive.buffer.bytes = 65536
	reconnect.backoff.max.ms = 1000
	reconnect.backoff.ms = 50
	request.timeout.ms = 5000
	retry.backoff.max.ms = 1000
	retry.backoff.ms = 100
	sasl.client.callback.handler.class = null
	sasl.jaas.config = null
	sasl.kerberos.kinit.cmd = /usr/bin/kinit
	sasl.kerberos.min.time.before.relogin = 60000
	sasl.kerberos.service.name = null
	sasl.kerberos.ticket.renew.jitter = 0.05
	sasl.kerberos.ticket.renew.window.factor = 0.8
	sasl.login.callback.handler.class = null
	sasl.login.class = null
	sasl.login.connect.timeout.ms = null
	sasl.login.read.timeout.ms = null
	sasl.login.refresh.buffer.seconds = 300
	sasl.login.refresh.min.period.seconds = 60
	sasl.login.refresh.window.factor = 0.8
	sasl.login.refresh.window.jitter = 0.05
	sasl.login.retry.backoff.max.ms = 10000
	sasl.login.retry.backoff.ms = 100
	sasl.mechanism = GSSAPI
	sasl.oauthbearer.clock.skew.seconds = 30
	sasl.oauthbearer.expected.audience = null
	sasl.oauthbearer.expected.issuer = null
	sasl.oauthbearer.header.urlencode = false
	sasl.oauthbearer.jwks.endpoint.refresh.ms = 3600000
	sasl.oauthbearer.jwks.endpoint.retry.backoff.max.ms = 10000
	sasl.oauthbearer.jwks.endpoint.retry.backoff.ms = 100
	sasl.oauthbearer.jwks.endpoint.url = null
	sasl.oauthbearer.scope.claim.name = scope
	sasl.oauthbearer.sub.claim.name = sub
	sasl.oauthbearer.token.endpoint.url = null
	security.protocol = PLAINTEXT
	security.providers = null
	send.buffer.bytes = 131072
	session.timeout.ms = 45000
	socket.connection.setup.timeout.max.ms = 30000
	socket.connection.setup.timeout.ms = 10000
	ssl.cipher.suites = null
	ssl.enabled.protocols = [TLSv1.2, TLSv1.3]
	ssl.endpoint.identification.algorithm = https
	ssl.engine.factory.class = null
	ssl.key.password = null
	ssl.keymanager.algorithm = SunX509
	ssl.keystore.certificate.chain = null
	ssl.keystore.key = null
	ssl.keystore.location = null
	ssl.keystore.password = null
	ssl.keystore.type = JKS
	ssl.protocol = TLSv1.3
	ssl.provider = null
	ssl.secure.random.implementation = null
	ssl.trustmanager.algorithm = PKIX
	ssl.truststore.certificates = null
	ssl.truststore.location = null
	ssl.truststore.password = null
	ssl.truststore.type = JKS
	value.deserializer = class io.apicurio.registry.serde.avro.AvroKafkaDeserializer

2025-08-12 17:26:08,405 INFO  [org.apa.kaf.com.tel.int.KafkaMetricsCollector] (main) initializing Kafka metrics collector
2025-08-12 17:26:08,411 INFO  [org.apa.kaf.cli.con.ConsumerConfig] (main) These configurations '[apicurio.registry.url]' were supplied but are not used yet.
2025-08-12 17:26:08,411 INFO  [org.apa.kaf.com.uti.AppInfoParser] (main) Kafka version: 3.9.1
2025-08-12 17:26:08,411 INFO  [org.apa.kaf.com.uti.AppInfoParser] (main) Kafka commitId: f745dfdcee2b9851
2025-08-12 17:26:08,411 INFO  [org.apa.kaf.com.uti.AppInfoParser] (main) Kafka startTimeMs: 1755019568411
2025-08-12 17:26:08,412 INFO  [io.api.tes.ser.api.KafkaSerdesTester] (Thread-713) Sending message {"key11755019567228": "value-0"} to topic topic-ede85b9f_30b6_4a43_a84e_c785dbfdf009
2025-08-12 17:26:08,415 INFO  [DefaultSchemaResolver] (Thread-713) Retrieving schema content using string: {"type":"record","name":"myrecordconfluent","fields":[{"name":"key11755019567228","type":"string"}]}
2025-08-12 17:26:08,500 INFO  [io.api.tes.ser.api.KafkaSerdesTester] (Thread-713) Sending message {"key11755019567228": "value-1"} to topic topic-ede85b9f_30b6_4a43_a84e_c785dbfdf009
2025-08-12 17:26:08,501 INFO  [io.api.tes.ser.api.KafkaSerdesTester] (Thread-713) Sending message {"key11755019567228": "value-2"} to topic topic-ede85b9f_30b6_4a43_a84e_c785dbfdf009
2025-08-12 17:26:08,502 INFO  [io.api.tes.ser.api.KafkaSerdesTester] (Thread-713) Sending message {"key11755019567228": "value-3"} to topic topic-ede85b9f_30b6_4a43_a84e_c785dbfdf009
2025-08-12 17:26:08,504 INFO  [io.api.tes.ser.api.KafkaSerdesTester] (Thread-713) Sending message {"key11755019567228": "value-4"} to topic topic-ede85b9f_30b6_4a43_a84e_c785dbfdf009
2025-08-12 17:26:08,505 INFO  [io.api.tes.ser.api.KafkaSerdesTester] (Thread-713) Sending message {"key11755019567228": "value-5"} to topic topic-ede85b9f_30b6_4a43_a84e_c785dbfdf009
2025-08-12 17:26:08,506 INFO  [io.api.tes.ser.api.KafkaSerdesTester] (Thread-713) Sending message {"key11755019567228": "value-6"} to topic topic-ede85b9f_30b6_4a43_a84e_c785dbfdf009
2025-08-12 17:26:08,507 INFO  [io.api.tes.ser.api.KafkaSerdesTester] (Thread-713) Sending message {"key11755019567228": "value-7"} to topic topic-ede85b9f_30b6_4a43_a84e_c785dbfdf009
2025-08-12 17:26:08,508 INFO  [io.api.tes.ser.api.KafkaSerdesTester] (Thread-713) Sending message {"key11755019567228": "value-8"} to topic topic-ede85b9f_30b6_4a43_a84e_c785dbfdf009
2025-08-12 17:26:08,509 INFO  [io.api.tes.ser.api.KafkaSerdesTester] (Thread-713) Sending message {"key11755019567228": "value-9"} to topic topic-ede85b9f_30b6_4a43_a84e_c785dbfdf009
2025-08-12 17:26:08,511 INFO  [io.api.tes.ser.api.KafkaSerdesTester] (Thread-713) Produced 10 messages
2025-08-12 17:26:08,511 INFO  [org.apa.kaf.cli.pro.KafkaProducer] (Thread-713) [Producer clientId=Producer-topic-ede85b9f_30b6_4a43_a84e_c785dbfdf009] Closing the Kafka producer with timeoutMillis = 9223372036854775807 ms.
2025-08-12 17:26:08,513 INFO  [org.apa.kaf.com.met.Metrics] (Thread-713) Metrics scheduler closed
2025-08-12 17:26:08,513 INFO  [org.apa.kaf.com.met.Metrics] (Thread-713) Closing reporter org.apache.kafka.common.metrics.JmxReporter
2025-08-12 17:26:08,513 INFO  [org.apa.kaf.com.met.Metrics] (Thread-713) Closing reporter org.apache.kafka.common.telemetry.internals.ClientTelemetryReporter
2025-08-12 17:26:08,513 INFO  [org.apa.kaf.com.met.Metrics] (Thread-713) Metrics reporters closed
2025-08-12 17:26:08,513 INFO  [org.apa.kaf.com.uti.AppInfoParser] (Thread-713) App info kafka.producer for Producer-topic-ede85b9f_30b6_4a43_a84e_c785dbfdf009 unregistered
2025-08-12 17:26:08,514 INFO  [io.api.tes.ser.api.KafkaSerdesTester] (Thread-714) Sending message {"key11755019567228": "value-0"} to topic topic-1d45bcc5_7c69_4527_9acb_908baa94d489
2025-08-12 17:26:08,520 INFO  [DefaultSchemaResolver] (Thread-714) Retrieving schema content using string: {"type":"record","name":"myrecordconfluent","fields":[{"name":"key11755019567228","type":"string"}]}
2025-08-12 17:26:08,602 INFO  [io.api.tes.ser.api.KafkaSerdesTester] (Thread-714) Sending message {"key11755019567228": "value-1"} to topic topic-1d45bcc5_7c69_4527_9acb_908baa94d489
2025-08-12 17:26:08,604 INFO  [io.api.tes.ser.api.KafkaSerdesTester] (Thread-714) Sending message {"key11755019567228": "value-2"} to topic topic-1d45bcc5_7c69_4527_9acb_908baa94d489
2025-08-12 17:26:08,605 INFO  [io.api.tes.ser.api.KafkaSerdesTester] (Thread-714) Sending message {"key11755019567228": "value-3"} to topic topic-1d45bcc5_7c69_4527_9acb_908baa94d489
2025-08-12 17:26:08,606 INFO  [io.api.tes.ser.api.KafkaSerdesTester] (Thread-714) Sending message {"key11755019567228": "value-4"} to topic topic-1d45bcc5_7c69_4527_9acb_908baa94d489
2025-08-12 17:26:08,608 INFO  [io.api.tes.ser.api.KafkaSerdesTester] (Thread-714) Sending message {"key11755019567228": "value-5"} to topic topic-1d45bcc5_7c69_4527_9acb_908baa94d489
2025-08-12 17:26:08,609 INFO  [io.api.tes.ser.api.KafkaSerdesTester] (Thread-714) Sending message {"key11755019567228": "value-6"} to topic topic-1d45bcc5_7c69_4527_9acb_908baa94d489
2025-08-12 17:26:08,610 INFO  [io.api.tes.ser.api.KafkaSerdesTester] (Thread-714) Sending message {"key11755019567228": "value-7"} to topic topic-1d45bcc5_7c69_4527_9acb_908baa94d489
2025-08-12 17:26:08,611 INFO  [io.api.tes.ser.api.KafkaSerdesTester] (Thread-714) Sending message {"key11755019567228": "value-8"} to topic topic-1d45bcc5_7c69_4527_9acb_908baa94d489
2025-08-12 17:26:08,612 INFO  [io.api.tes.ser.api.KafkaSerdesTester] (Thread-714) Sending message {"key11755019567228": "value-9"} to topic topic-1d45bcc5_7c69_4527_9acb_908baa94d489
2025-08-12 17:26:08,614 INFO  [io.api.tes.ser.api.KafkaSerdesTester] (Thread-714) Produced 10 messages
2025-08-12 17:26:08,615 INFO  [org.apa.kaf.cli.pro.KafkaProducer] (Thread-714) [Producer clientId=Producer-topic-1d45bcc5_7c69_4527_9acb_908baa94d489] Closing the Kafka producer with timeoutMillis = 9223372036854775807 ms.
2025-08-12 17:26:08,617 INFO  [org.apa.kaf.com.met.Metrics] (Thread-714) Metrics scheduler closed
2025-08-12 17:26:08,617 INFO  [org.apa.kaf.com.met.Metrics] (Thread-714) Closing reporter org.apache.kafka.common.metrics.JmxReporter
2025-08-12 17:26:08,617 INFO  [org.apa.kaf.com.met.Metrics] (Thread-714) Closing reporter org.apache.kafka.common.telemetry.internals.ClientTelemetryReporter
2025-08-12 17:26:08,617 INFO  [org.apa.kaf.com.met.Metrics] (Thread-714) Metrics reporters closed
2025-08-12 17:26:08,617 INFO  [org.apa.kaf.com.uti.AppInfoParser] (Thread-714) App info kafka.producer for Producer-topic-1d45bcc5_7c69_4527_9acb_908baa94d489 unregistered
2025-08-12 17:26:08,619 INFO  [io.api.tes.ser.api.KafkaSerdesTester] (Thread-715) Sending message {"key11755019567228": "value-0"} to topic topic-164fe67b_dd64_4e54_b01a_d0caf09fa157
2025-08-12 17:26:08,625 INFO  [DefaultSchemaResolver] (Thread-715) Retrieving schema content using string: {"type":"record","name":"myrecordconfluent","fields":[{"name":"key11755019567228","type":"string"}]}
2025-08-12 17:26:08,706 INFO  [io.api.tes.ser.api.KafkaSerdesTester] (Thread-715) Sending message {"key11755019567228": "value-1"} to topic topic-164fe67b_dd64_4e54_b01a_d0caf09fa157
2025-08-12 17:26:08,708 INFO  [io.api.tes.ser.api.KafkaSerdesTester] (Thread-715) Sending message {"key11755019567228": "value-2"} to topic topic-164fe67b_dd64_4e54_b01a_d0caf09fa157
2025-08-12 17:26:08,711 INFO  [io.api.tes.ser.api.KafkaSerdesTester] (Thread-715) Sending message {"key11755019567228": "value-3"} to topic topic-164fe67b_dd64_4e54_b01a_d0caf09fa157
2025-08-12 17:26:08,713 INFO  [io.api.tes.ser.api.KafkaSerdesTester] (Thread-715) Sending message {"key11755019567228": "value-4"} to topic topic-164fe67b_dd64_4e54_b01a_d0caf09fa157
2025-08-12 17:26:08,716 INFO  [io.api.tes.ser.api.KafkaSerdesTester] (Thread-715) Sending message {"key11755019567228": "value-5"} to topic topic-164fe67b_dd64_4e54_b01a_d0caf09fa157
2025-08-12 17:26:08,718 INFO  [io.api.tes.ser.api.KafkaSerdesTester] (Thread-715) Sending message {"key11755019567228": "value-6"} to topic topic-164fe67b_dd64_4e54_b01a_d0caf09fa157
2025-08-12 17:26:08,719 INFO  [io.api.tes.ser.api.KafkaSerdesTester] (Thread-715) Sending message {"key11755019567228": "value-7"} to topic topic-164fe67b_dd64_4e54_b01a_d0caf09fa157
2025-08-12 17:26:08,721 INFO  [io.api.tes.ser.api.KafkaSerdesTester] (Thread-715) Sending message {"key11755019567228": "value-8"} to topic topic-164fe67b_dd64_4e54_b01a_d0caf09fa157
2025-08-12 17:26:08,723 INFO  [io.api.tes.ser.api.KafkaSerdesTester] (Thread-715) Sending message {"key11755019567228": "value-9"} to topic topic-164fe67b_dd64_4e54_b01a_d0caf09fa157
2025-08-12 17:26:08,724 INFO  [io.api.tes.ser.api.KafkaSerdesTester] (Thread-715) Produced 10 messages
2025-08-12 17:26:08,725 INFO  [org.apa.kaf.cli.pro.KafkaProducer] (Thread-715) [Producer clientId=Producer-topic-164fe67b_dd64_4e54_b01a_d0caf09fa157] Closing the Kafka producer with timeoutMillis = 9223372036854775807 ms.
2025-08-12 17:26:08,727 INFO  [org.apa.kaf.com.met.Metrics] (Thread-715) Metrics scheduler closed
2025-08-12 17:26:08,727 INFO  [org.apa.kaf.com.met.Metrics] (Thread-715) Closing reporter org.apache.kafka.common.metrics.JmxReporter
2025-08-12 17:26:08,727 INFO  [org.apa.kaf.com.met.Metrics] (Thread-715) Closing reporter org.apache.kafka.common.telemetry.internals.ClientTelemetryReporter
2025-08-12 17:26:08,727 INFO  [org.apa.kaf.com.met.Metrics] (Thread-715) Metrics reporters closed
2025-08-12 17:26:08,727 INFO  [org.apa.kaf.com.uti.AppInfoParser] (Thread-715) App info kafka.producer for Producer-topic-164fe67b_dd64_4e54_b01a_d0caf09fa157 unregistered
2025-08-12 17:26:08,728 INFO  [org.apa.kaf.cli.con.int.ClassicKafkaConsumer] (Thread-716) [Consumer clientId=consumer-Consumer-topic-ede85b9f_30b6_4a43_a84e_c785dbfdf009-14, groupId=Consumer-topic-ede85b9f_30b6_4a43_a84e_c785dbfdf009] Subscribed to topic(s): topic-ede85b9f_30b6_4a43_a84e_c785dbfdf009
2025-08-12 17:26:08,731 INFO  [org.apa.kaf.cli.Metadata] (Thread-716) [Consumer clientId=consumer-Consumer-topic-ede85b9f_30b6_4a43_a84e_c785dbfdf009-14, groupId=Consumer-topic-ede85b9f_30b6_4a43_a84e_c785dbfdf009] Cluster ID: HDV_o9asQruzQakuWK8_NQ
2025-08-12 17:26:08,732 INFO  [org.apa.kaf.cli.con.int.ConsumerCoordinator] (Thread-716) [Consumer clientId=consumer-Consumer-topic-ede85b9f_30b6_4a43_a84e_c785dbfdf009-14, groupId=Consumer-topic-ede85b9f_30b6_4a43_a84e_c785dbfdf009] Discovered group coordinator localhost:32769 (id: 2147483647 rack: null)
2025-08-12 17:26:08,733 INFO  [org.apa.kaf.cli.con.int.ConsumerCoordinator] (Thread-716) [Consumer clientId=consumer-Consumer-topic-ede85b9f_30b6_4a43_a84e_c785dbfdf009-14, groupId=Consumer-topic-ede85b9f_30b6_4a43_a84e_c785dbfdf009] (Re-)joining group
2025-08-12 17:26:08,735 INFO  [org.apa.kaf.cli.con.int.ConsumerCoordinator] (Thread-716) [Consumer clientId=consumer-Consumer-topic-ede85b9f_30b6_4a43_a84e_c785dbfdf009-14, groupId=Consumer-topic-ede85b9f_30b6_4a43_a84e_c785dbfdf009] Request joining group due to: need to re-join with the given member-id: consumer-Consumer-topic-ede85b9f_30b6_4a43_a84e_c785dbfdf009-14-46f22cee-c398-4e65-a366-2dbb77eeb98f
2025-08-12 17:26:08,735 INFO  [org.apa.kaf.cli.con.int.ConsumerCoordinator] (Thread-716) [Consumer clientId=consumer-Consumer-topic-ede85b9f_30b6_4a43_a84e_c785dbfdf009-14, groupId=Consumer-topic-ede85b9f_30b6_4a43_a84e_c785dbfdf009] (Re-)joining group
2025-08-12 17:26:09,728 INFO  [io.api.tes.ser.api.KafkaSerdesTester] (Thread-716) None found
2025-08-12 17:26:10,728 INFO  [io.api.tes.ser.api.KafkaSerdesTester] (Thread-716) None found
2025-08-12 17:26:11,728 INFO  [io.api.tes.ser.api.KafkaSerdesTester] (Thread-716) None found
2025-08-12 17:26:11,736 INFO  [org.apa.kaf.cli.con.int.ConsumerCoordinator] (Thread-716) [Consumer clientId=consumer-Consumer-topic-ede85b9f_30b6_4a43_a84e_c785dbfdf009-14, groupId=Consumer-topic-ede85b9f_30b6_4a43_a84e_c785dbfdf009] Successfully joined group with generation Generation{generationId=1, memberId='consumer-Consumer-topic-ede85b9f_30b6_4a43_a84e_c785dbfdf009-14-46f22cee-c398-4e65-a366-2dbb77eeb98f', protocol='range'}
2025-08-12 17:26:11,736 INFO  [org.apa.kaf.cli.con.int.ConsumerCoordinator] (Thread-716) [Consumer clientId=consumer-Consumer-topic-ede85b9f_30b6_4a43_a84e_c785dbfdf009-14, groupId=Consumer-topic-ede85b9f_30b6_4a43_a84e_c785dbfdf009] Finished assignment for group at generation 1: {consumer-Consumer-topic-ede85b9f_30b6_4a43_a84e_c785dbfdf009-14-46f22cee-c398-4e65-a366-2dbb77eeb98f=Assignment(partitions=[topic-ede85b9f_30b6_4a43_a84e_c785dbfdf009-0])}
2025-08-12 17:26:11,743 INFO  [org.apa.kaf.cli.con.int.ConsumerCoordinator] (Thread-716) [Consumer clientId=consumer-Consumer-topic-ede85b9f_30b6_4a43_a84e_c785dbfdf009-14, groupId=Consumer-topic-ede85b9f_30b6_4a43_a84e_c785dbfdf009] Successfully synced group in generation Generation{generationId=1, memberId='consumer-Consumer-topic-ede85b9f_30b6_4a43_a84e_c785dbfdf009-14-46f22cee-c398-4e65-a366-2dbb77eeb98f', protocol='range'}
2025-08-12 17:26:11,743 INFO  [org.apa.kaf.cli.con.int.ConsumerCoordinator] (Thread-716) [Consumer clientId=consumer-Consumer-topic-ede85b9f_30b6_4a43_a84e_c785dbfdf009-14, groupId=Consumer-topic-ede85b9f_30b6_4a43_a84e_c785dbfdf009] Notifying assignor about the new Assignment(partitions=[topic-ede85b9f_30b6_4a43_a84e_c785dbfdf009-0])
2025-08-12 17:26:11,744 INFO  [org.apa.kaf.cli.con.int.ConsumerRebalanceListenerInvoker] (Thread-716) [Consumer clientId=consumer-Consumer-topic-ede85b9f_30b6_4a43_a84e_c785dbfdf009-14, groupId=Consumer-topic-ede85b9f_30b6_4a43_a84e_c785dbfdf009] Adding newly assigned partitions: topic-ede85b9f_30b6_4a43_a84e_c785dbfdf009-0
2025-08-12 17:26:11,744 INFO  [org.apa.kaf.cli.con.int.ConsumerCoordinator] (Thread-716) [Consumer clientId=consumer-Consumer-topic-ede85b9f_30b6_4a43_a84e_c785dbfdf009-14, groupId=Consumer-topic-ede85b9f_30b6_4a43_a84e_c785dbfdf009] Found no committed offset for partition topic-ede85b9f_30b6_4a43_a84e_c785dbfdf009-0
2025-08-12 17:26:11,749 INFO  [org.apa.kaf.cli.con.int.SubscriptionState] (Thread-716) [Consumer clientId=consumer-Consumer-topic-ede85b9f_30b6_4a43_a84e_c785dbfdf009-14, groupId=Consumer-topic-ede85b9f_30b6_4a43_a84e_c785dbfdf009] Resetting offset for partition topic-ede85b9f_30b6_4a43_a84e_c785dbfdf009-0 to position FetchPosition{offset=0, offsetEpoch=Optional.empty, currentLeader=LeaderAndEpoch{leader=Optional[localhost:32769 (id: 0 rack: null)], epoch=0}}.
2025-08-12 17:26:11,875 INFO  [io.api.tes.ser.api.KafkaSerdesTester] (Thread-716) topic-ede85b9f_30b6_4a43_a84e_c785dbfdf009 0 0 {"key11755019567228": "value-0"}
2025-08-12 17:26:11,875 INFO  [io.api.tes.ser.api.KafkaSerdesTester] (Thread-716) topic-ede85b9f_30b6_4a43_a84e_c785dbfdf009 0 1 {"key11755019567228": "value-1"}
2025-08-12 17:26:11,875 INFO  [io.api.tes.ser.api.KafkaSerdesTester] (Thread-716) topic-ede85b9f_30b6_4a43_a84e_c785dbfdf009 0 2 {"key11755019567228": "value-2"}
2025-08-12 17:26:11,875 INFO  [io.api.tes.ser.api.KafkaSerdesTester] (Thread-716) topic-ede85b9f_30b6_4a43_a84e_c785dbfdf009 0 3 {"key11755019567228": "value-3"}
2025-08-12 17:26:11,875 INFO  [io.api.tes.ser.api.KafkaSerdesTester] (Thread-716) topic-ede85b9f_30b6_4a43_a84e_c785dbfdf009 0 4 {"key11755019567228": "value-4"}
2025-08-12 17:26:11,875 INFO  [io.api.tes.ser.api.KafkaSerdesTester] (Thread-716) topic-ede85b9f_30b6_4a43_a84e_c785dbfdf009 0 5 {"key11755019567228": "value-5"}
2025-08-12 17:26:11,875 INFO  [io.api.tes.ser.api.KafkaSerdesTester] (Thread-716) topic-ede85b9f_30b6_4a43_a84e_c785dbfdf009 0 6 {"key11755019567228": "value-6"}
2025-08-12 17:26:11,876 INFO  [io.api.tes.ser.api.KafkaSerdesTester] (Thread-716) topic-ede85b9f_30b6_4a43_a84e_c785dbfdf009 0 7 {"key11755019567228": "value-7"}
2025-08-12 17:26:11,876 INFO  [io.api.tes.ser.api.KafkaSerdesTester] (Thread-716) topic-ede85b9f_30b6_4a43_a84e_c785dbfdf009 0 8 {"key11755019567228": "value-8"}
2025-08-12 17:26:11,876 INFO  [io.api.tes.ser.api.KafkaSerdesTester] (Thread-716) topic-ede85b9f_30b6_4a43_a84e_c785dbfdf009 0 9 {"key11755019567228": "value-9"}
2025-08-12 17:26:11,876 INFO  [io.api.tes.ser.api.KafkaSerdesTester] (Thread-716) Consumed 10 messages
2025-08-12 17:26:11,884 INFO  [org.apa.kaf.cli.con.int.ConsumerRebalanceListenerInvoker] (Thread-716) [Consumer clientId=consumer-Consumer-topic-ede85b9f_30b6_4a43_a84e_c785dbfdf009-14, groupId=Consumer-topic-ede85b9f_30b6_4a43_a84e_c785dbfdf009] Revoke previously assigned partitions topic-ede85b9f_30b6_4a43_a84e_c785dbfdf009-0
2025-08-12 17:26:11,884 INFO  [org.apa.kaf.cli.con.int.ConsumerCoordinator] (Thread-716) [Consumer clientId=consumer-Consumer-topic-ede85b9f_30b6_4a43_a84e_c785dbfdf009-14, groupId=Consumer-topic-ede85b9f_30b6_4a43_a84e_c785dbfdf009] Member consumer-Consumer-topic-ede85b9f_30b6_4a43_a84e_c785dbfdf009-14-46f22cee-c398-4e65-a366-2dbb77eeb98f sending LeaveGroup request to coordinator localhost:32769 (id: 2147483647 rack: null) due to the consumer is being closed
2025-08-12 17:26:11,884 INFO  [org.apa.kaf.cli.con.int.ConsumerCoordinator] (Thread-716) [Consumer clientId=consumer-Consumer-topic-ede85b9f_30b6_4a43_a84e_c785dbfdf009-14, groupId=Consumer-topic-ede85b9f_30b6_4a43_a84e_c785dbfdf009] Resetting generation and member id due to: consumer pro-actively leaving the group
2025-08-12 17:26:11,884 INFO  [org.apa.kaf.cli.con.int.ConsumerCoordinator] (Thread-716) [Consumer clientId=consumer-Consumer-topic-ede85b9f_30b6_4a43_a84e_c785dbfdf009-14, groupId=Consumer-topic-ede85b9f_30b6_4a43_a84e_c785dbfdf009] Request joining group due to: consumer pro-actively leaving the group
2025-08-12 17:26:12,378 INFO  [org.apa.kaf.com.met.Metrics] (Thread-716) Metrics scheduler closed
2025-08-12 17:26:12,378 INFO  [org.apa.kaf.com.met.Metrics] (Thread-716) Closing reporter org.apache.kafka.common.metrics.JmxReporter
2025-08-12 17:26:12,378 INFO  [org.apa.kaf.com.met.Metrics] (Thread-716) Closing reporter org.apache.kafka.common.telemetry.internals.ClientTelemetryReporter
2025-08-12 17:26:12,378 INFO  [org.apa.kaf.com.met.Metrics] (Thread-716) Metrics reporters closed
2025-08-12 17:26:12,380 INFO  [org.apa.kaf.com.uti.AppInfoParser] (Thread-716) App info kafka.consumer for consumer-Consumer-topic-ede85b9f_30b6_4a43_a84e_c785dbfdf009-14 unregistered
2025-08-12 17:26:12,381 INFO  [org.apa.kaf.cli.con.int.ClassicKafkaConsumer] (Thread-717) [Consumer clientId=consumer-Consumer-topic-1d45bcc5_7c69_4527_9acb_908baa94d489-15, groupId=Consumer-topic-1d45bcc5_7c69_4527_9acb_908baa94d489] Subscribed to topic(s): topic-1d45bcc5_7c69_4527_9acb_908baa94d489
2025-08-12 17:26:12,386 INFO  [org.apa.kaf.cli.Metadata] (Thread-717) [Consumer clientId=consumer-Consumer-topic-1d45bcc5_7c69_4527_9acb_908baa94d489-15, groupId=Consumer-topic-1d45bcc5_7c69_4527_9acb_908baa94d489] Cluster ID: HDV_o9asQruzQakuWK8_NQ
2025-08-12 17:26:12,387 INFO  [org.apa.kaf.cli.con.int.ConsumerCoordinator] (Thread-717) [Consumer clientId=consumer-Consumer-topic-1d45bcc5_7c69_4527_9acb_908baa94d489-15, groupId=Consumer-topic-1d45bcc5_7c69_4527_9acb_908baa94d489] Discovered group coordinator localhost:32769 (id: 2147483647 rack: null)
2025-08-12 17:26:12,387 INFO  [org.apa.kaf.cli.con.int.ConsumerCoordinator] (Thread-717) [Consumer clientId=consumer-Consumer-topic-1d45bcc5_7c69_4527_9acb_908baa94d489-15, groupId=Consumer-topic-1d45bcc5_7c69_4527_9acb_908baa94d489] (Re-)joining group
2025-08-12 17:26:12,391 INFO  [org.apa.kaf.cli.con.int.ConsumerCoordinator] (Thread-717) [Consumer clientId=consumer-Consumer-topic-1d45bcc5_7c69_4527_9acb_908baa94d489-15, groupId=Consumer-topic-1d45bcc5_7c69_4527_9acb_908baa94d489] Request joining group due to: need to re-join with the given member-id: consumer-Consumer-topic-1d45bcc5_7c69_4527_9acb_908baa94d489-15-a38d470c-17ee-4e2f-a1c3-6413c00d0224
2025-08-12 17:26:12,391 INFO  [org.apa.kaf.cli.con.int.ConsumerCoordinator] (Thread-717) [Consumer clientId=consumer-Consumer-topic-1d45bcc5_7c69_4527_9acb_908baa94d489-15, groupId=Consumer-topic-1d45bcc5_7c69_4527_9acb_908baa94d489] (Re-)joining group
2025-08-12 17:26:13,381 INFO  [io.api.tes.ser.api.KafkaSerdesTester] (Thread-717) None found
2025-08-12 17:26:14,382 INFO  [io.api.tes.ser.api.KafkaSerdesTester] (Thread-717) None found
2025-08-12 17:26:15,383 INFO  [io.api.tes.ser.api.KafkaSerdesTester] (Thread-717) None found
2025-08-12 17:26:15,393 INFO  [org.apa.kaf.cli.con.int.ConsumerCoordinator] (Thread-717) [Consumer clientId=consumer-Consumer-topic-1d45bcc5_7c69_4527_9acb_908baa94d489-15, groupId=Consumer-topic-1d45bcc5_7c69_4527_9acb_908baa94d489] Successfully joined group with generation Generation{generationId=1, memberId='consumer-Consumer-topic-1d45bcc5_7c69_4527_9acb_908baa94d489-15-a38d470c-17ee-4e2f-a1c3-6413c00d0224', protocol='range'}
2025-08-12 17:26:15,393 INFO  [org.apa.kaf.cli.con.int.ConsumerCoordinator] (Thread-717) [Consumer clientId=consumer-Consumer-topic-1d45bcc5_7c69_4527_9acb_908baa94d489-15, groupId=Consumer-topic-1d45bcc5_7c69_4527_9acb_908baa94d489] Finished assignment for group at generation 1: {consumer-Consumer-topic-1d45bcc5_7c69_4527_9acb_908baa94d489-15-a38d470c-17ee-4e2f-a1c3-6413c00d0224=Assignment(partitions=[topic-1d45bcc5_7c69_4527_9acb_908baa94d489-0])}
2025-08-12 17:26:15,400 INFO  [org.apa.kaf.cli.con.int.ConsumerCoordinator] (Thread-717) [Consumer clientId=consumer-Consumer-topic-1d45bcc5_7c69_4527_9acb_908baa94d489-15, groupId=Consumer-topic-1d45bcc5_7c69_4527_9acb_908baa94d489] Successfully synced group in generation Generation{generationId=1, memberId='consumer-Consumer-topic-1d45bcc5_7c69_4527_9acb_908baa94d489-15-a38d470c-17ee-4e2f-a1c3-6413c00d0224', protocol='range'}
2025-08-12 17:26:15,400 INFO  [org.apa.kaf.cli.con.int.ConsumerCoordinator] (Thread-717) [Consumer clientId=consumer-Consumer-topic-1d45bcc5_7c69_4527_9acb_908baa94d489-15, groupId=Consumer-topic-1d45bcc5_7c69_4527_9acb_908baa94d489] Notifying assignor about the new Assignment(partitions=[topic-1d45bcc5_7c69_4527_9acb_908baa94d489-0])
2025-08-12 17:26:15,400 INFO  [org.apa.kaf.cli.con.int.ConsumerRebalanceListenerInvoker] (Thread-717) [Consumer clientId=consumer-Consumer-topic-1d45bcc5_7c69_4527_9acb_908baa94d489-15, groupId=Consumer-topic-1d45bcc5_7c69_4527_9acb_908baa94d489] Adding newly assigned partitions: topic-1d45bcc5_7c69_4527_9acb_908baa94d489-0
2025-08-12 17:26:15,402 INFO  [org.apa.kaf.cli.con.int.ConsumerCoordinator] (Thread-717) [Consumer clientId=consumer-Consumer-topic-1d45bcc5_7c69_4527_9acb_908baa94d489-15, groupId=Consumer-topic-1d45bcc5_7c69_4527_9acb_908baa94d489] Found no committed offset for partition topic-1d45bcc5_7c69_4527_9acb_908baa94d489-0
2025-08-12 17:26:15,404 INFO  [org.apa.kaf.cli.con.int.SubscriptionState] (Thread-717) [Consumer clientId=consumer-Consumer-topic-1d45bcc5_7c69_4527_9acb_908baa94d489-15, groupId=Consumer-topic-1d45bcc5_7c69_4527_9acb_908baa94d489] Resetting offset for partition topic-1d45bcc5_7c69_4527_9acb_908baa94d489-0 to position FetchPosition{offset=0, offsetEpoch=Optional.empty, currentLeader=LeaderAndEpoch{leader=Optional[localhost:32769 (id: 0 rack: null)], epoch=0}}.
2025-08-12 17:26:15,525 INFO  [io.api.tes.ser.api.KafkaSerdesTester] (Thread-717) topic-1d45bcc5_7c69_4527_9acb_908baa94d489 0 0 {"key11755019567228": "value-0"}
2025-08-12 17:26:15,525 INFO  [io.api.tes.ser.api.KafkaSerdesTester] (Thread-717) topic-1d45bcc5_7c69_4527_9acb_908baa94d489 0 1 {"key11755019567228": "value-1"}
2025-08-12 17:26:15,525 INFO  [io.api.tes.ser.api.KafkaSerdesTester] (Thread-717) topic-1d45bcc5_7c69_4527_9acb_908baa94d489 0 2 {"key11755019567228": "value-2"}
2025-08-12 17:26:15,525 INFO  [io.api.tes.ser.api.KafkaSerdesTester] (Thread-717) topic-1d45bcc5_7c69_4527_9acb_908baa94d489 0 3 {"key11755019567228": "value-3"}
2025-08-12 17:26:15,525 INFO  [io.api.tes.ser.api.KafkaSerdesTester] (Thread-717) topic-1d45bcc5_7c69_4527_9acb_908baa94d489 0 4 {"key11755019567228": "value-4"}
2025-08-12 17:26:15,525 INFO  [io.api.tes.ser.api.KafkaSerdesTester] (Thread-717) topic-1d45bcc5_7c69_4527_9acb_908baa94d489 0 5 {"key11755019567228": "value-5"}
2025-08-12 17:26:15,525 INFO  [io.api.tes.ser.api.KafkaSerdesTester] (Thread-717) topic-1d45bcc5_7c69_4527_9acb_908baa94d489 0 6 {"key11755019567228": "value-6"}
2025-08-12 17:26:15,525 INFO  [io.api.tes.ser.api.KafkaSerdesTester] (Thread-717) topic-1d45bcc5_7c69_4527_9acb_908baa94d489 0 7 {"key11755019567228": "value-7"}
2025-08-12 17:26:15,525 INFO  [io.api.tes.ser.api.KafkaSerdesTester] (Thread-717) topic-1d45bcc5_7c69_4527_9acb_908baa94d489 0 8 {"key11755019567228": "value-8"}
2025-08-12 17:26:15,525 INFO  [io.api.tes.ser.api.KafkaSerdesTester] (Thread-717) topic-1d45bcc5_7c69_4527_9acb_908baa94d489 0 9 {"key11755019567228": "value-9"}
2025-08-12 17:26:15,525 INFO  [io.api.tes.ser.api.KafkaSerdesTester] (Thread-717) Consumed 10 messages
2025-08-12 17:26:15,533 INFO  [org.apa.kaf.cli.con.int.ConsumerRebalanceListenerInvoker] (Thread-717) [Consumer clientId=consumer-Consumer-topic-1d45bcc5_7c69_4527_9acb_908baa94d489-15, groupId=Consumer-topic-1d45bcc5_7c69_4527_9acb_908baa94d489] Revoke previously assigned partitions topic-1d45bcc5_7c69_4527_9acb_908baa94d489-0
2025-08-12 17:26:15,533 INFO  [org.apa.kaf.cli.con.int.ConsumerCoordinator] (Thread-717) [Consumer clientId=consumer-Consumer-topic-1d45bcc5_7c69_4527_9acb_908baa94d489-15, groupId=Consumer-topic-1d45bcc5_7c69_4527_9acb_908baa94d489] Member consumer-Consumer-topic-1d45bcc5_7c69_4527_9acb_908baa94d489-15-a38d470c-17ee-4e2f-a1c3-6413c00d0224 sending LeaveGroup request to coordinator localhost:32769 (id: 2147483647 rack: null) due to the consumer is being closed
2025-08-12 17:26:15,533 INFO  [org.apa.kaf.cli.con.int.ConsumerCoordinator] (Thread-717) [Consumer clientId=consumer-Consumer-topic-1d45bcc5_7c69_4527_9acb_908baa94d489-15, groupId=Consumer-topic-1d45bcc5_7c69_4527_9acb_908baa94d489] Resetting generation and member id due to: consumer pro-actively leaving the group
2025-08-12 17:26:15,534 INFO  [org.apa.kaf.cli.con.int.ConsumerCoordinator] (Thread-717) [Consumer clientId=consumer-Consumer-topic-1d45bcc5_7c69_4527_9acb_908baa94d489-15, groupId=Consumer-topic-1d45bcc5_7c69_4527_9acb_908baa94d489] Request joining group due to: consumer pro-actively leaving the group
2025-08-12 17:26:16,028 INFO  [org.apa.kaf.com.met.Metrics] (Thread-717) Metrics scheduler closed
2025-08-12 17:26:16,028 INFO  [org.apa.kaf.com.met.Metrics] (Thread-717) Closing reporter org.apache.kafka.common.metrics.JmxReporter
2025-08-12 17:26:16,028 INFO  [org.apa.kaf.com.met.Metrics] (Thread-717) Closing reporter org.apache.kafka.common.telemetry.internals.ClientTelemetryReporter
2025-08-12 17:26:16,028 INFO  [org.apa.kaf.com.met.Metrics] (Thread-717) Metrics reporters closed
2025-08-12 17:26:16,030 INFO  [org.apa.kaf.com.uti.AppInfoParser] (Thread-717) App info kafka.consumer for consumer-Consumer-topic-1d45bcc5_7c69_4527_9acb_908baa94d489-15 unregistered
2025-08-12 17:26:16,031 INFO  [org.apa.kaf.cli.con.int.ClassicKafkaConsumer] (Thread-718) [Consumer clientId=consumer-Consumer-topic-164fe67b_dd64_4e54_b01a_d0caf09fa157-16, groupId=Consumer-topic-164fe67b_dd64_4e54_b01a_d0caf09fa157] Subscribed to topic(s): topic-164fe67b_dd64_4e54_b01a_d0caf09fa157
2025-08-12 17:26:16,035 INFO  [org.apa.kaf.cli.Metadata] (Thread-718) [Consumer clientId=consumer-Consumer-topic-164fe67b_dd64_4e54_b01a_d0caf09fa157-16, groupId=Consumer-topic-164fe67b_dd64_4e54_b01a_d0caf09fa157] Cluster ID: HDV_o9asQruzQakuWK8_NQ
2025-08-12 17:26:16,036 INFO  [org.apa.kaf.cli.con.int.ConsumerCoordinator] (Thread-718) [Consumer clientId=consumer-Consumer-topic-164fe67b_dd64_4e54_b01a_d0caf09fa157-16, groupId=Consumer-topic-164fe67b_dd64_4e54_b01a_d0caf09fa157] Discovered group coordinator localhost:32769 (id: 2147483647 rack: null)
2025-08-12 17:26:16,037 INFO  [org.apa.kaf.cli.con.int.ConsumerCoordinator] (Thread-718) [Consumer clientId=consumer-Consumer-topic-164fe67b_dd64_4e54_b01a_d0caf09fa157-16, groupId=Consumer-topic-164fe67b_dd64_4e54_b01a_d0caf09fa157] (Re-)joining group
2025-08-12 17:26:16,039 INFO  [org.apa.kaf.cli.con.int.ConsumerCoordinator] (Thread-718) [Consumer clientId=consumer-Consumer-topic-164fe67b_dd64_4e54_b01a_d0caf09fa157-16, groupId=Consumer-topic-164fe67b_dd64_4e54_b01a_d0caf09fa157] Request joining group due to: need to re-join with the given member-id: consumer-Consumer-topic-164fe67b_dd64_4e54_b01a_d0caf09fa157-16-ae4eddc8-a218-4b22-999d-ba2381497390
2025-08-12 17:26:16,039 INFO  [org.apa.kaf.cli.con.int.ConsumerCoordinator] (Thread-718) [Consumer clientId=consumer-Consumer-topic-164fe67b_dd64_4e54_b01a_d0caf09fa157-16, groupId=Consumer-topic-164fe67b_dd64_4e54_b01a_d0caf09fa157] (Re-)joining group
2025-08-12 17:26:17,031 INFO  [io.api.tes.ser.api.KafkaSerdesTester] (Thread-718) None found
2025-08-12 17:26:18,032 INFO  [io.api.tes.ser.api.KafkaSerdesTester] (Thread-718) None found
2025-08-12 17:26:19,032 INFO  [io.api.tes.ser.api.KafkaSerdesTester] (Thread-718) None found
2025-08-12 17:26:19,042 INFO  [org.apa.kaf.cli.con.int.ConsumerCoordinator] (Thread-718) [Consumer clientId=consumer-Consumer-topic-164fe67b_dd64_4e54_b01a_d0caf09fa157-16, groupId=Consumer-topic-164fe67b_dd64_4e54_b01a_d0caf09fa157] Successfully joined group with generation Generation{generationId=1, memberId='consumer-Consumer-topic-164fe67b_dd64_4e54_b01a_d0caf09fa157-16-ae4eddc8-a218-4b22-999d-ba2381497390', protocol='range'}
2025-08-12 17:26:19,042 INFO  [org.apa.kaf.cli.con.int.ConsumerCoordinator] (Thread-718) [Consumer clientId=consumer-Consumer-topic-164fe67b_dd64_4e54_b01a_d0caf09fa157-16, groupId=Consumer-topic-164fe67b_dd64_4e54_b01a_d0caf09fa157] Finished assignment for group at generation 1: {consumer-Consumer-topic-164fe67b_dd64_4e54_b01a_d0caf09fa157-16-ae4eddc8-a218-4b22-999d-ba2381497390=Assignment(partitions=[topic-164fe67b_dd64_4e54_b01a_d0caf09fa157-0])}
2025-08-12 17:26:19,049 INFO  [org.apa.kaf.cli.con.int.ConsumerCoordinator] (Thread-718) [Consumer clientId=consumer-Consumer-topic-164fe67b_dd64_4e54_b01a_d0caf09fa157-16, groupId=Consumer-topic-164fe67b_dd64_4e54_b01a_d0caf09fa157] Successfully synced group in generation Generation{generationId=1, memberId='consumer-Consumer-topic-164fe67b_dd64_4e54_b01a_d0caf09fa157-16-ae4eddc8-a218-4b22-999d-ba2381497390', protocol='range'}
2025-08-12 17:26:19,049 INFO  [org.apa.kaf.cli.con.int.ConsumerCoordinator] (Thread-718) [Consumer clientId=consumer-Consumer-topic-164fe67b_dd64_4e54_b01a_d0caf09fa157-16, groupId=Consumer-topic-164fe67b_dd64_4e54_b01a_d0caf09fa157] Notifying assignor about the new Assignment(partitions=[topic-164fe67b_dd64_4e54_b01a_d0caf09fa157-0])
2025-08-12 17:26:19,049 INFO  [org.apa.kaf.cli.con.int.ConsumerRebalanceListenerInvoker] (Thread-718) [Consumer clientId=consumer-Consumer-topic-164fe67b_dd64_4e54_b01a_d0caf09fa157-16, groupId=Consumer-topic-164fe67b_dd64_4e54_b01a_d0caf09fa157] Adding newly assigned partitions: topic-164fe67b_dd64_4e54_b01a_d0caf09fa157-0
2025-08-12 17:26:19,050 INFO  [org.apa.kaf.cli.con.int.ConsumerCoordinator] (Thread-718) [Consumer clientId=consumer-Consumer-topic-164fe67b_dd64_4e54_b01a_d0caf09fa157-16, groupId=Consumer-topic-164fe67b_dd64_4e54_b01a_d0caf09fa157] Found no committed offset for partition topic-164fe67b_dd64_4e54_b01a_d0caf09fa157-0
2025-08-12 17:26:19,053 INFO  [org.apa.kaf.cli.con.int.SubscriptionState] (Thread-718) [Consumer clientId=consumer-Consumer-topic-164fe67b_dd64_4e54_b01a_d0caf09fa157-16, groupId=Consumer-topic-164fe67b_dd64_4e54_b01a_d0caf09fa157] Resetting offset for partition topic-164fe67b_dd64_4e54_b01a_d0caf09fa157-0 to position FetchPosition{offset=0, offsetEpoch=Optional.empty, currentLeader=LeaderAndEpoch{leader=Optional[localhost:32769 (id: 0 rack: null)], epoch=0}}.
2025-08-12 17:26:19,169 INFO  [io.api.tes.ser.api.KafkaSerdesTester] (Thread-718) topic-164fe67b_dd64_4e54_b01a_d0caf09fa157 0 0 {"key11755019567228": "value-0"}
2025-08-12 17:26:19,169 INFO  [io.api.tes.ser.api.KafkaSerdesTester] (Thread-718) topic-164fe67b_dd64_4e54_b01a_d0caf09fa157 0 1 {"key11755019567228": "value-1"}
2025-08-12 17:26:19,169 INFO  [io.api.tes.ser.api.KafkaSerdesTester] (Thread-718) topic-164fe67b_dd64_4e54_b01a_d0caf09fa157 0 2 {"key11755019567228": "value-2"}
2025-08-12 17:26:19,169 INFO  [io.api.tes.ser.api.KafkaSerdesTester] (Thread-718) topic-164fe67b_dd64_4e54_b01a_d0caf09fa157 0 3 {"key11755019567228": "value-3"}
2025-08-12 17:26:19,169 INFO  [io.api.tes.ser.api.KafkaSerdesTester] (Thread-718) topic-164fe67b_dd64_4e54_b01a_d0caf09fa157 0 4 {"key11755019567228": "value-4"}
2025-08-12 17:26:19,169 INFO  [io.api.tes.ser.api.KafkaSerdesTester] (Thread-718) topic-164fe67b_dd64_4e54_b01a_d0caf09fa157 0 5 {"key11755019567228": "value-5"}
2025-08-12 17:26:19,169 INFO  [io.api.tes.ser.api.KafkaSerdesTester] (Thread-718) topic-164fe67b_dd64_4e54_b01a_d0caf09fa157 0 6 {"key11755019567228": "value-6"}
2025-08-12 17:26:19,169 INFO  [io.api.tes.ser.api.KafkaSerdesTester] (Thread-718) topic-164fe67b_dd64_4e54_b01a_d0caf09fa157 0 7 {"key11755019567228": "value-7"}
2025-08-12 17:26:19,170 INFO  [io.api.tes.ser.api.KafkaSerdesTester] (Thread-718) topic-164fe67b_dd64_4e54_b01a_d0caf09fa157 0 8 {"key11755019567228": "value-8"}
2025-08-12 17:26:19,170 INFO  [io.api.tes.ser.api.KafkaSerdesTester] (Thread-718) topic-164fe67b_dd64_4e54_b01a_d0caf09fa157 0 9 {"key11755019567228": "value-9"}
2025-08-12 17:26:19,170 INFO  [io.api.tes.ser.api.KafkaSerdesTester] (Thread-718) Consumed 10 messages
2025-08-12 17:26:19,178 INFO  [org.apa.kaf.cli.con.int.ConsumerRebalanceListenerInvoker] (Thread-718) [Consumer clientId=consumer-Consumer-topic-164fe67b_dd64_4e54_b01a_d0caf09fa157-16, groupId=Consumer-topic-164fe67b_dd64_4e54_b01a_d0caf09fa157] Revoke previously assigned partitions topic-164fe67b_dd64_4e54_b01a_d0caf09fa157-0
2025-08-12 17:26:19,178 INFO  [org.apa.kaf.cli.con.int.ConsumerCoordinator] (Thread-718) [Consumer clientId=consumer-Consumer-topic-164fe67b_dd64_4e54_b01a_d0caf09fa157-16, groupId=Consumer-topic-164fe67b_dd64_4e54_b01a_d0caf09fa157] Member consumer-Consumer-topic-164fe67b_dd64_4e54_b01a_d0caf09fa157-16-ae4eddc8-a218-4b22-999d-ba2381497390 sending LeaveGroup request to coordinator localhost:32769 (id: 2147483647 rack: null) due to the consumer is being closed
2025-08-12 17:26:19,178 INFO  [org.apa.kaf.cli.con.int.ConsumerCoordinator] (Thread-718) [Consumer clientId=consumer-Consumer-topic-164fe67b_dd64_4e54_b01a_d0caf09fa157-16, groupId=Consumer-topic-164fe67b_dd64_4e54_b01a_d0caf09fa157] Resetting generation and member id due to: consumer pro-actively leaving the group
2025-08-12 17:26:19,178 INFO  [org.apa.kaf.cli.con.int.ConsumerCoordinator] (Thread-718) [Consumer clientId=consumer-Consumer-topic-164fe67b_dd64_4e54_b01a_d0caf09fa157-16, groupId=Consumer-topic-164fe67b_dd64_4e54_b01a_d0caf09fa157] Request joining group due to: consumer pro-actively leaving the group
2025-08-12 17:26:19,672 INFO  [org.apa.kaf.com.met.Metrics] (Thread-718) Metrics scheduler closed
2025-08-12 17:26:19,672 INFO  [org.apa.kaf.com.met.Metrics] (Thread-718) Closing reporter org.apache.kafka.common.metrics.JmxReporter
2025-08-12 17:26:19,672 INFO  [org.apa.kaf.com.met.Metrics] (Thread-718) Closing reporter org.apache.kafka.common.telemetry.internals.ClientTelemetryReporter
2025-08-12 17:26:19,672 INFO  [org.apa.kaf.com.met.Metrics] (Thread-718) Metrics reporters closed
2025-08-12 17:26:19,675 INFO  [org.apa.kaf.com.uti.AppInfoParser] (Thread-718) App info kafka.consumer for consumer-Consumer-topic-164fe67b_dd64_4e54_b01a_d0caf09fa157-16 unregistered
2025-08-12 17:26:19,675 INFO  [io.api.tes.uti.TestSeparator] (main) io.apicurio.tests.serdes.apicurio.AvroSerdeIT.testAvroConfluentForMultipleTopics-FINISHED
2025-08-12 17:26:19,675 INFO  [io.api.tes.uti.TestSeparator] (main) ############################################################################
Test passed: testAvroConfluentForMultipleTopics
]]></system-out>
  </testcase>
  <testcase name="testFirstRequestFailsRateLimited" classname="io.apicurio.tests.serdes.apicurio.AvroSerdeIT" time="0.977">
    <system-out><![CDATA[2025-08-12 17:26:19,678 INFO  [io.api.tes.uti.TestSeparator] (main) ############################################################################
2025-08-12 17:26:19,678 INFO  [io.api.tes.uti.TestSeparator] (main) io.apicurio.tests.serdes.apicurio.AvroSerdeIT.testFirstRequestFailsRateLimited-STARTED
2025-08-12 17:26:20,137 WARN  [org.ecl.jet.ser.AbstractConnector] (main) Acceptors should be <= availableProcessors: NetworkTrafficServerConnector@55607e6d{HTTP/1.1, (http/1.1, h2c)}{0.0.0.0:0} 
2025-08-12 17:26:20,258 INFO  [org.ecl.jet.ser.Server] (main) jetty-11.0.15; built: 2023-04-11T18:37:53.775Z; git: 5bc5e562c8d05c5862505aebe5cf83a61bdbcb96; jvm 17.0.16+8
2025-08-12 17:26:20,281 INFO  [org.ecl.jet.ser.han.ContextHandler] (main) Started o.e.j.s.ServletContextHandler@5f519714{/__admin,null,AVAILABLE}
2025-08-12 17:26:20,288 INFO  [org.ecl.jet.ser.han.Con.ROOT] (main) RequestHandlerClass from context returned com.github.tomakehurst.wiremock.http.StubRequestHandler. Normalized mapped under returned 'null'
2025-08-12 17:26:20,289 INFO  [org.ecl.jet.ser.han.ContextHandler] (main) Started o.e.j.s.ServletContextHandler@17d99e0f{/,null,AVAILABLE}
2025-08-12 17:26:20,295 INFO  [org.ecl.jet.ser.AbstractConnector] (main) Started NetworkTrafficServerConnector@55607e6d{HTTP/1.1, (http/1.1, h2c)}{0.0.0.0:38695}
2025-08-12 17:26:20,297 INFO  [org.ecl.jet.ser.Server] (main) Started Server@63d478a7{STARTING}[11.0.15,sto=1000] @111939ms
**** Registry Base URL: http://registry-app-ksql047.apps.ci419.apicurio-testing.org:80
2025-08-12 17:26:20,312 INFO  [org.apa.kaf.cli.pro.ProducerConfig] (main) ProducerConfig values: 
	acks = -1
	auto.include.jmx.reporter = true
	batch.size = 16384
	bootstrap.servers = [PLAINTEXT://localhost:32769]
	buffer.memory = 33554432
	client.dns.lookup = use_all_dns_ips
	client.id = Producer-topic-2df7780b_39fa_4862_9e0e_418b35a8fe8d
	compression.gzip.level = -1
	compression.lz4.level = 9
	compression.type = none
	compression.zstd.level = 3
	connections.max.idle.ms = 10000
	delivery.timeout.ms = 120000
	enable.idempotence = true
	enable.metrics.push = true
	interceptor.classes = []
	key.serializer = class org.apache.kafka.common.serialization.StringSerializer
	linger.ms = 0
	max.block.ms = 60000
	max.in.flight.requests.per.connection = 5
	max.request.size = 1048576
	metadata.max.age.ms = 300000
	metadata.max.idle.ms = 300000
	metadata.recovery.strategy = none
	metric.reporters = []
	metrics.num.samples = 2
	metrics.recording.level = INFO
	metrics.sample.window.ms = 30000
	partitioner.adaptive.partitioning.enable = true
	partitioner.availability.timeout.ms = 0
	partitioner.class = null
	partitioner.ignore.keys = false
	receive.buffer.bytes = 32768
	reconnect.backoff.max.ms = 1000
	reconnect.backoff.ms = 50
	request.timeout.ms = 5000
	retries = 2147483647
	retry.backoff.max.ms = 1000
	retry.backoff.ms = 100
	sasl.client.callback.handler.class = null
	sasl.jaas.config = null
	sasl.kerberos.kinit.cmd = /usr/bin/kinit
	sasl.kerberos.min.time.before.relogin = 60000
	sasl.kerberos.service.name = null
	sasl.kerberos.ticket.renew.jitter = 0.05
	sasl.kerberos.ticket.renew.window.factor = 0.8
	sasl.login.callback.handler.class = null
	sasl.login.class = null
	sasl.login.connect.timeout.ms = null
	sasl.login.read.timeout.ms = null
	sasl.login.refresh.buffer.seconds = 300
	sasl.login.refresh.min.period.seconds = 60
	sasl.login.refresh.window.factor = 0.8
	sasl.login.refresh.window.jitter = 0.05
	sasl.login.retry.backoff.max.ms = 10000
	sasl.login.retry.backoff.ms = 100
	sasl.mechanism = GSSAPI
	sasl.oauthbearer.clock.skew.seconds = 30
	sasl.oauthbearer.expected.audience = null
	sasl.oauthbearer.expected.issuer = null
	sasl.oauthbearer.header.urlencode = false
	sasl.oauthbearer.jwks.endpoint.refresh.ms = 3600000
	sasl.oauthbearer.jwks.endpoint.retry.backoff.max.ms = 10000
	sasl.oauthbearer.jwks.endpoint.retry.backoff.ms = 100
	sasl.oauthbearer.jwks.endpoint.url = null
	sasl.oauthbearer.scope.claim.name = scope
	sasl.oauthbearer.sub.claim.name = sub
	sasl.oauthbearer.token.endpoint.url = null
	security.protocol = PLAINTEXT
	security.providers = null
	send.buffer.bytes = 131072
	socket.connection.setup.timeout.max.ms = 30000
	socket.connection.setup.timeout.ms = 10000
	ssl.cipher.suites = null
	ssl.enabled.protocols = [TLSv1.2, TLSv1.3]
	ssl.endpoint.identification.algorithm = https
	ssl.engine.factory.class = null
	ssl.key.password = null
	ssl.keymanager.algorithm = SunX509
	ssl.keystore.certificate.chain = null
	ssl.keystore.key = null
	ssl.keystore.location = null
	ssl.keystore.password = null
	ssl.keystore.type = JKS
	ssl.protocol = TLSv1.3
	ssl.provider = null
	ssl.secure.random.implementation = null
	ssl.trustmanager.algorithm = PKIX
	ssl.truststore.certificates = null
	ssl.truststore.location = null
	ssl.truststore.password = null
	ssl.truststore.type = JKS
	transaction.timeout.ms = 60000
	transactional.id = null
	value.serializer = class io.apicurio.registry.serde.avro.AvroKafkaSerializer

2025-08-12 17:26:20,313 INFO  [org.apa.kaf.com.tel.int.KafkaMetricsCollector] (main) initializing Kafka metrics collector
2025-08-12 17:26:20,316 INFO  [org.apa.kaf.cli.pro.KafkaProducer] (main) [Producer clientId=Producer-topic-2df7780b_39fa_4862_9e0e_418b35a8fe8d] Instantiated an idempotent producer.
2025-08-12 17:26:20,318 INFO  [org.apa.kaf.cli.pro.ProducerConfig] (main) These configurations '[apicurio.registry.url, apicurio.registry.artifact-resolver-strategy]' were supplied but are not used yet.
2025-08-12 17:26:20,318 INFO  [org.apa.kaf.com.uti.AppInfoParser] (main) Kafka version: 3.9.1
2025-08-12 17:26:20,318 INFO  [org.apa.kaf.com.uti.AppInfoParser] (main) Kafka commitId: f745dfdcee2b9851
2025-08-12 17:26:20,318 INFO  [org.apa.kaf.com.uti.AppInfoParser] (main) Kafka startTimeMs: 1755019580318
2025-08-12 17:26:20,320 INFO  [io.api.tes.ser.api.KafkaSerdesTester] (Thread-729) Sending message {"keyB": "value-0"} to topic topic-2df7780b_39fa_4862_9e0e_418b35a8fe8d
2025-08-12 17:26:20,322 WARN  [org.apa.kaf.cli.NetworkClient] (kafka-producer-network-thread | Producer-topic-2df7780b_39fa_4862_9e0e_418b35a8fe8d) [Producer clientId=Producer-topic-2df7780b_39fa_4862_9e0e_418b35a8fe8d] The metadata response from the cluster reported a recoverable issue with correlation id 1 : {topic-2df7780b_39fa_4862_9e0e_418b35a8fe8d=UNKNOWN_TOPIC_OR_PARTITION}
2025-08-12 17:26:20,322 INFO  [org.apa.kaf.cli.Metadata] (kafka-producer-network-thread | Producer-topic-2df7780b_39fa_4862_9e0e_418b35a8fe8d) [Producer clientId=Producer-topic-2df7780b_39fa_4862_9e0e_418b35a8fe8d] Cluster ID: HDV_o9asQruzQakuWK8_NQ
2025-08-12 17:26:20,323 INFO  [org.apa.kaf.cli.pro.int.TransactionManager] (kafka-producer-network-thread | Producer-topic-2df7780b_39fa_4862_9e0e_418b35a8fe8d) [Producer clientId=Producer-topic-2df7780b_39fa_4862_9e0e_418b35a8fe8d] ProducerId set to 22 with epoch 0
2025-08-12 17:26:20,444 INFO  [DefaultSchemaResolver] (Thread-729) Retrieving schema content using string: {"type":"record","name":"myrecord","namespace":"mygroup","fields":[{"name":"keyB","type":"string"}]}
2025-08-12 17:26:20,637 INFO  [org.apa.kaf.cli.pro.KafkaProducer] (Thread-729) [Producer clientId=Producer-topic-2df7780b_39fa_4862_9e0e_418b35a8fe8d] Closing the Kafka producer with timeoutMillis = 9223372036854775807 ms.
2025-08-12 17:26:20,641 INFO  [org.apa.kaf.com.met.Metrics] (Thread-729) Metrics scheduler closed
2025-08-12 17:26:20,641 INFO  [org.apa.kaf.com.met.Metrics] (Thread-729) Closing reporter org.apache.kafka.common.metrics.JmxReporter
2025-08-12 17:26:20,641 INFO  [org.apa.kaf.com.met.Metrics] (Thread-729) Closing reporter org.apache.kafka.common.telemetry.internals.ClientTelemetryReporter
2025-08-12 17:26:20,641 INFO  [org.apa.kaf.com.met.Metrics] (Thread-729) Metrics reporters closed
2025-08-12 17:26:20,642 INFO  [org.apa.kaf.com.uti.AppInfoParser] (Thread-729) App info kafka.producer for Producer-topic-2df7780b_39fa_4862_9e0e_418b35a8fe8d unregistered
2025-08-12 17:26:20,644 INFO  [org.ecl.jet.ser.Server] (main) Stopped Server@63d478a7{STOPPING}[11.0.15,sto=1000]
2025-08-12 17:26:20,644 INFO  [org.ecl.jet.ser.Server] (main) Shutdown Server@63d478a7{STOPPING}[11.0.15,sto=1000]
2025-08-12 17:26:20,649 INFO  [org.ecl.jet.ser.AbstractConnector] (main) Stopped NetworkTrafficServerConnector@55607e6d{HTTP/1.1, (http/1.1, h2c)}{0.0.0.0:0}
2025-08-12 17:26:20,650 INFO  [org.ecl.jet.ser.han.ContextHandler] (main) Stopped o.e.j.s.ServletContextHandler@17d99e0f{/,null,STOPPED}
2025-08-12 17:26:20,651 INFO  [org.ecl.jet.ser.han.ContextHandler] (main) Stopped o.e.j.s.ServletContextHandler@5f519714{/__admin,null,STOPPED}
2025-08-12 17:26:20,653 INFO  [io.api.tes.uti.TestSeparator] (main) io.apicurio.tests.serdes.apicurio.AvroSerdeIT.testFirstRequestFailsRateLimited-FINISHED
2025-08-12 17:26:20,653 INFO  [io.api.tes.uti.TestSeparator] (main) ############################################################################
Test passed: testFirstRequestFailsRateLimited
]]></system-out>
    <system-err><![CDATA[com.microsoft.kiota.ApiException: the server returned an unexpected status code and no error class is registered for this code 429
	at com.microsoft.kiota.ApiExceptionBuilder.withMessage(ApiExceptionBuilder.java:45)
	at io.kiota.http.vertx.VertXRequestAdapter.throwIfFailedResponse(VertXRequestAdapter.java:370)
	at io.kiota.http.vertx.VertXRequestAdapter.send(VertXRequestAdapter.java:170)
	at io.apicurio.registry.rest.client.search.versions.VersionsRequestBuilder.post(VersionsRequestBuilder.java:94)
	at io.apicurio.registry.resolver.client.RegistryClientFacadeImpl.searchVersionsByContent(RegistryClientFacadeImpl.java:106)
	at io.apicurio.registry.resolver.DefaultSchemaResolver.lambda$handleResolveSchemaByContent$3(DefaultSchemaResolver.java:258)
	at io.apicurio.registry.resolver.cache.ERCache.lambda$getValue$0(ERCache.java:174)
	at io.apicurio.registry.resolver.cache.ERCache.retry(ERCache.java:227)
	at io.apicurio.registry.resolver.cache.ERCache.getValue(ERCache.java:173)
	at io.apicurio.registry.resolver.cache.ERCache.getByContent(ERCache.java:147)
	at io.apicurio.registry.resolver.DefaultSchemaResolver.handleResolveSchemaByContent(DefaultSchemaResolver.java:253)
	at io.apicurio.registry.resolver.DefaultSchemaResolver.getSchemaFromRegistry(DefaultSchemaResolver.java:138)
	at io.apicurio.registry.resolver.DefaultSchemaResolver.lambda$resolveSchema$0(DefaultSchemaResolver.java:84)
	at java.base/java.util.Optional.orElseGet(Optional.java:364)
	at io.apicurio.registry.resolver.DefaultSchemaResolver.resolveSchema(DefaultSchemaResolver.java:84)
	at io.apicurio.registry.serde.AbstractSerializer.serializeData(AbstractSerializer.java:62)
	at io.apicurio.registry.serde.KafkaSerializer.serialize(KafkaSerializer.java:77)
	at org.apache.kafka.clients.producer.KafkaProducer.doSend(KafkaProducer.java:1046)
	at org.apache.kafka.clients.producer.KafkaProducer.send(KafkaProducer.java:993)
	at org.apache.kafka.clients.producer.KafkaProducer.send(KafkaProducer.java:875)
	at io.apicurio.tests.serdes.apicurio.KafkaSerdesTester.lambda$produceMessages$3(KafkaSerdesTester.java:138)
	at java.base/java.util.concurrent.CompletableFuture$AsyncSupply.run(CompletableFuture.java:1768)
	at java.base/java.lang.Thread.run(Thread.java:840)
]]></system-err>
  </testcase>
  <testcase name="testFirstEmptyFieldConfusedAsMagicByte" classname="io.apicurio.tests.serdes.apicurio.AvroSerdeIT" time="4.034">
    <system-out><![CDATA[2025-08-12 17:26:20,660 INFO  [io.api.tes.uti.TestSeparator] (main) ############################################################################
2025-08-12 17:26:20,660 INFO  [io.api.tes.uti.TestSeparator] (main) io.apicurio.tests.serdes.apicurio.AvroSerdeIT.testFirstEmptyFieldConfusedAsMagicByte-STARTED
**** Registry Base URL: http://registry-app-ksql047.apps.ci419.apicurio-testing.org:80
2025-08-12 17:26:20,662 INFO  [org.apa.kaf.cli.pro.ProducerConfig] (main) ProducerConfig values: 
	acks = -1
	auto.include.jmx.reporter = true
	batch.size = 16384
	bootstrap.servers = [PLAINTEXT://localhost:32769]
	buffer.memory = 33554432
	client.dns.lookup = use_all_dns_ips
	client.id = Producer-topic-c53b32eb_261d_4c8a_b3de_71c01e68990a
	compression.gzip.level = -1
	compression.lz4.level = 9
	compression.type = none
	compression.zstd.level = 3
	connections.max.idle.ms = 10000
	delivery.timeout.ms = 120000
	enable.idempotence = true
	enable.metrics.push = true
	interceptor.classes = []
	key.serializer = class org.apache.kafka.common.serialization.StringSerializer
	linger.ms = 0
	max.block.ms = 60000
	max.in.flight.requests.per.connection = 5
	max.request.size = 1048576
	metadata.max.age.ms = 300000
	metadata.max.idle.ms = 300000
	metadata.recovery.strategy = none
	metric.reporters = []
	metrics.num.samples = 2
	metrics.recording.level = INFO
	metrics.sample.window.ms = 30000
	partitioner.adaptive.partitioning.enable = true
	partitioner.availability.timeout.ms = 0
	partitioner.class = null
	partitioner.ignore.keys = false
	receive.buffer.bytes = 32768
	reconnect.backoff.max.ms = 1000
	reconnect.backoff.ms = 50
	request.timeout.ms = 5000
	retries = 2147483647
	retry.backoff.max.ms = 1000
	retry.backoff.ms = 100
	sasl.client.callback.handler.class = null
	sasl.jaas.config = null
	sasl.kerberos.kinit.cmd = /usr/bin/kinit
	sasl.kerberos.min.time.before.relogin = 60000
	sasl.kerberos.service.name = null
	sasl.kerberos.ticket.renew.jitter = 0.05
	sasl.kerberos.ticket.renew.window.factor = 0.8
	sasl.login.callback.handler.class = null
	sasl.login.class = null
	sasl.login.connect.timeout.ms = null
	sasl.login.read.timeout.ms = null
	sasl.login.refresh.buffer.seconds = 300
	sasl.login.refresh.min.period.seconds = 60
	sasl.login.refresh.window.factor = 0.8
	sasl.login.refresh.window.jitter = 0.05
	sasl.login.retry.backoff.max.ms = 10000
	sasl.login.retry.backoff.ms = 100
	sasl.mechanism = GSSAPI
	sasl.oauthbearer.clock.skew.seconds = 30
	sasl.oauthbearer.expected.audience = null
	sasl.oauthbearer.expected.issuer = null
	sasl.oauthbearer.header.urlencode = false
	sasl.oauthbearer.jwks.endpoint.refresh.ms = 3600000
	sasl.oauthbearer.jwks.endpoint.retry.backoff.max.ms = 10000
	sasl.oauthbearer.jwks.endpoint.retry.backoff.ms = 100
	sasl.oauthbearer.jwks.endpoint.url = null
	sasl.oauthbearer.scope.claim.name = scope
	sasl.oauthbearer.sub.claim.name = sub
	sasl.oauthbearer.token.endpoint.url = null
	security.protocol = PLAINTEXT
	security.providers = null
	send.buffer.bytes = 131072
	socket.connection.setup.timeout.max.ms = 30000
	socket.connection.setup.timeout.ms = 10000
	ssl.cipher.suites = null
	ssl.enabled.protocols = [TLSv1.2, TLSv1.3]
	ssl.endpoint.identification.algorithm = https
	ssl.engine.factory.class = null
	ssl.key.password = null
	ssl.keymanager.algorithm = SunX509
	ssl.keystore.certificate.chain = null
	ssl.keystore.key = null
	ssl.keystore.location = null
	ssl.keystore.password = null
	ssl.keystore.type = JKS
	ssl.protocol = TLSv1.3
	ssl.provider = null
	ssl.secure.random.implementation = null
	ssl.trustmanager.algorithm = PKIX
	ssl.truststore.certificates = null
	ssl.truststore.location = null
	ssl.truststore.password = null
	ssl.truststore.type = JKS
	transaction.timeout.ms = 60000
	transactional.id = null
	value.serializer = class io.apicurio.registry.serde.avro.AvroKafkaSerializer

2025-08-12 17:26:20,662 INFO  [org.apa.kaf.com.tel.int.KafkaMetricsCollector] (main) initializing Kafka metrics collector
2025-08-12 17:26:20,668 INFO  [org.apa.kaf.cli.pro.KafkaProducer] (main) [Producer clientId=Producer-topic-c53b32eb_261d_4c8a_b3de_71c01e68990a] Instantiated an idempotent producer.
2025-08-12 17:26:20,670 INFO  [org.apa.kaf.cli.pro.ProducerConfig] (main) These configurations '[apicurio.registry.url, apicurio.registry.auto-register, apicurio.registry.artifact-resolver-strategy]' were supplied but are not used yet.
2025-08-12 17:26:20,670 INFO  [org.apa.kaf.com.uti.AppInfoParser] (main) Kafka version: 3.9.1
2025-08-12 17:26:20,670 INFO  [org.apa.kaf.com.uti.AppInfoParser] (main) Kafka commitId: f745dfdcee2b9851
2025-08-12 17:26:20,670 INFO  [org.apa.kaf.com.uti.AppInfoParser] (main) Kafka startTimeMs: 1755019580670
2025-08-12 17:26:20,670 INFO  [io.api.tes.ser.api.SimpleSerdesTesterBuilder$SimpleSerdesTester] (main) Using producer configuration: {apicurio.registry.url=http://registry-app-ksql047.apps.ci419.apicurio-testing.org:80/apis/registry/v3, apicurio.registry.auto-register=true, apicurio.registry.artifact-resolver-strategy=io.apicurio.registry.serde.strategy.SimpleTopicIdStrategy, value.serializer=io.apicurio.registry.serde.avro.AvroKafkaSerializer, request.timeout.ms=5000, acks=all, bootstrap.servers=PLAINTEXT://localhost:32769, connections.max.idle.ms=10000, key.serializer=org.apache.kafka.common.serialization.StringSerializer, client.id=Producer-topic-c53b32eb_261d_4c8a_b3de_71c01e68990a}
2025-08-12 17:26:20,670 INFO  [io.api.tes.ser.api.SimpleSerdesTesterBuilder$SimpleSerdesTester] (main) Using consumer configuration: {}
2025-08-12 17:26:20,671 INFO  [io.api.tes.ser.api.KafkaSerdesTester] (Thread-732) Sending message {"username": null} to topic topic-c53b32eb_261d_4c8a_b3de_71c01e68990a
2025-08-12 17:26:20,676 WARN  [org.apa.kaf.cli.NetworkClient] (kafka-producer-network-thread | Producer-topic-c53b32eb_261d_4c8a_b3de_71c01e68990a) [Producer clientId=Producer-topic-c53b32eb_261d_4c8a_b3de_71c01e68990a] The metadata response from the cluster reported a recoverable issue with correlation id 1 : {topic-c53b32eb_261d_4c8a_b3de_71c01e68990a=UNKNOWN_TOPIC_OR_PARTITION}
2025-08-12 17:26:20,676 INFO  [org.apa.kaf.cli.Metadata] (kafka-producer-network-thread | Producer-topic-c53b32eb_261d_4c8a_b3de_71c01e68990a) [Producer clientId=Producer-topic-c53b32eb_261d_4c8a_b3de_71c01e68990a] Cluster ID: HDV_o9asQruzQakuWK8_NQ
2025-08-12 17:26:20,676 INFO  [org.apa.kaf.cli.pro.int.TransactionManager] (kafka-producer-network-thread | Producer-topic-c53b32eb_261d_4c8a_b3de_71c01e68990a) [Producer clientId=Producer-topic-c53b32eb_261d_4c8a_b3de_71c01e68990a] ProducerId set to 23 with epoch 0
2025-08-12 17:26:20,924 INFO  [io.api.tes.ser.api.KafkaSerdesTester] (Thread-732) Sending message {"username": null} to topic topic-c53b32eb_261d_4c8a_b3de_71c01e68990a
2025-08-12 17:26:20,926 INFO  [io.api.tes.ser.api.KafkaSerdesTester] (Thread-732) Sending message {"username": "value-2"} to topic topic-c53b32eb_261d_4c8a_b3de_71c01e68990a
2025-08-12 17:26:20,928 INFO  [io.api.tes.ser.api.KafkaSerdesTester] (Thread-732) Sending message {"username": null} to topic topic-c53b32eb_261d_4c8a_b3de_71c01e68990a
2025-08-12 17:26:20,932 INFO  [io.api.tes.ser.api.KafkaSerdesTester] (Thread-732) Sending message {"username": "value-4"} to topic topic-c53b32eb_261d_4c8a_b3de_71c01e68990a
2025-08-12 17:26:20,933 INFO  [io.api.tes.ser.api.KafkaSerdesTester] (Thread-732) Sending message {"username": null} to topic topic-c53b32eb_261d_4c8a_b3de_71c01e68990a
2025-08-12 17:26:20,935 INFO  [io.api.tes.ser.api.KafkaSerdesTester] (Thread-732) Sending message {"username": "value-6"} to topic topic-c53b32eb_261d_4c8a_b3de_71c01e68990a
2025-08-12 17:26:20,937 INFO  [io.api.tes.ser.api.KafkaSerdesTester] (Thread-732) Sending message {"username": null} to topic topic-c53b32eb_261d_4c8a_b3de_71c01e68990a
2025-08-12 17:26:20,939 INFO  [io.api.tes.ser.api.KafkaSerdesTester] (Thread-732) Sending message {"username": "value-8"} to topic topic-c53b32eb_261d_4c8a_b3de_71c01e68990a
2025-08-12 17:26:20,941 INFO  [io.api.tes.ser.api.KafkaSerdesTester] (Thread-732) Sending message {"username": null} to topic topic-c53b32eb_261d_4c8a_b3de_71c01e68990a
2025-08-12 17:26:20,943 INFO  [io.api.tes.ser.api.KafkaSerdesTester] (Thread-732) Produced 10 messages
2025-08-12 17:26:20,943 INFO  [org.apa.kaf.cli.pro.KafkaProducer] (Thread-732) [Producer clientId=Producer-topic-c53b32eb_261d_4c8a_b3de_71c01e68990a] Closing the Kafka producer with timeoutMillis = 9223372036854775807 ms.
2025-08-12 17:26:20,945 INFO  [org.apa.kaf.com.met.Metrics] (Thread-732) Metrics scheduler closed
2025-08-12 17:26:20,945 INFO  [org.apa.kaf.com.met.Metrics] (Thread-732) Closing reporter org.apache.kafka.common.metrics.JmxReporter
2025-08-12 17:26:20,945 INFO  [org.apa.kaf.com.met.Metrics] (Thread-732) Closing reporter org.apache.kafka.common.telemetry.internals.ClientTelemetryReporter
2025-08-12 17:26:20,945 INFO  [org.apa.kaf.com.met.Metrics] (Thread-732) Metrics reporters closed
2025-08-12 17:26:20,945 INFO  [org.apa.kaf.com.uti.AppInfoParser] (Thread-732) App info kafka.producer for Producer-topic-c53b32eb_261d_4c8a_b3de_71c01e68990a unregistered
**** Registry Base URL: http://registry-app-ksql047.apps.ci419.apicurio-testing.org:80
2025-08-12 17:26:21,026 INFO  [org.apa.kaf.cli.con.ConsumerConfig] (main) ConsumerConfig values: 
	allow.auto.create.topics = true
	auto.commit.interval.ms = 500
	auto.include.jmx.reporter = true
	auto.offset.reset = earliest
	bootstrap.servers = [PLAINTEXT://localhost:32769]
	check.crcs = true
	client.dns.lookup = use_all_dns_ips
	client.id = consumer-Consumer-topic-c53b32eb_261d_4c8a_b3de_71c01e68990a-17
	client.rack = 
	connections.max.idle.ms = 10000
	default.api.timeout.ms = 60000
	enable.auto.commit = true
	enable.metrics.push = true
	exclude.internal.topics = true
	fetch.max.bytes = 52428800
	fetch.max.wait.ms = 500
	fetch.min.bytes = 1
	group.id = Consumer-topic-c53b32eb_261d_4c8a_b3de_71c01e68990a
	group.instance.id = null
	group.protocol = classic
	group.remote.assignor = null
	heartbeat.interval.ms = 3000
	interceptor.classes = []
	internal.leave.group.on.close = true
	internal.throw.on.fetch.stable.offset.unsupported = false
	isolation.level = read_uncommitted
	key.deserializer = class org.apache.kafka.common.serialization.StringDeserializer
	max.partition.fetch.bytes = 1048576
	max.poll.interval.ms = 300000
	max.poll.records = 500
	metadata.max.age.ms = 300000
	metadata.recovery.strategy = none
	metric.reporters = []
	metrics.num.samples = 2
	metrics.recording.level = INFO
	metrics.sample.window.ms = 30000
	partition.assignment.strategy = [class org.apache.kafka.clients.consumer.RangeAssignor, class org.apache.kafka.clients.consumer.CooperativeStickyAssignor]
	receive.buffer.bytes = 65536
	reconnect.backoff.max.ms = 1000
	reconnect.backoff.ms = 50
	request.timeout.ms = 5000
	retry.backoff.max.ms = 1000
	retry.backoff.ms = 100
	sasl.client.callback.handler.class = null
	sasl.jaas.config = null
	sasl.kerberos.kinit.cmd = /usr/bin/kinit
	sasl.kerberos.min.time.before.relogin = 60000
	sasl.kerberos.service.name = null
	sasl.kerberos.ticket.renew.jitter = 0.05
	sasl.kerberos.ticket.renew.window.factor = 0.8
	sasl.login.callback.handler.class = null
	sasl.login.class = null
	sasl.login.connect.timeout.ms = null
	sasl.login.read.timeout.ms = null
	sasl.login.refresh.buffer.seconds = 300
	sasl.login.refresh.min.period.seconds = 60
	sasl.login.refresh.window.factor = 0.8
	sasl.login.refresh.window.jitter = 0.05
	sasl.login.retry.backoff.max.ms = 10000
	sasl.login.retry.backoff.ms = 100
	sasl.mechanism = GSSAPI
	sasl.oauthbearer.clock.skew.seconds = 30
	sasl.oauthbearer.expected.audience = null
	sasl.oauthbearer.expected.issuer = null
	sasl.oauthbearer.header.urlencode = false
	sasl.oauthbearer.jwks.endpoint.refresh.ms = 3600000
	sasl.oauthbearer.jwks.endpoint.retry.backoff.max.ms = 10000
	sasl.oauthbearer.jwks.endpoint.retry.backoff.ms = 100
	sasl.oauthbearer.jwks.endpoint.url = null
	sasl.oauthbearer.scope.claim.name = scope
	sasl.oauthbearer.sub.claim.name = sub
	sasl.oauthbearer.token.endpoint.url = null
	security.protocol = PLAINTEXT
	security.providers = null
	send.buffer.bytes = 131072
	session.timeout.ms = 45000
	socket.connection.setup.timeout.max.ms = 30000
	socket.connection.setup.timeout.ms = 10000
	ssl.cipher.suites = null
	ssl.enabled.protocols = [TLSv1.2, TLSv1.3]
	ssl.endpoint.identification.algorithm = https
	ssl.engine.factory.class = null
	ssl.key.password = null
	ssl.keymanager.algorithm = SunX509
	ssl.keystore.certificate.chain = null
	ssl.keystore.key = null
	ssl.keystore.location = null
	ssl.keystore.password = null
	ssl.keystore.type = JKS
	ssl.protocol = TLSv1.3
	ssl.provider = null
	ssl.secure.random.implementation = null
	ssl.trustmanager.algorithm = PKIX
	ssl.truststore.certificates = null
	ssl.truststore.location = null
	ssl.truststore.password = null
	ssl.truststore.type = JKS
	value.deserializer = class io.apicurio.registry.serde.avro.AvroKafkaDeserializer

2025-08-12 17:26:21,026 INFO  [org.apa.kaf.com.tel.int.KafkaMetricsCollector] (main) initializing Kafka metrics collector
2025-08-12 17:26:21,034 INFO  [org.apa.kaf.cli.con.ConsumerConfig] (main) These configurations '[apicurio.registry.url]' were supplied but are not used yet.
2025-08-12 17:26:21,034 INFO  [org.apa.kaf.com.uti.AppInfoParser] (main) Kafka version: 3.9.1
2025-08-12 17:26:21,034 INFO  [org.apa.kaf.com.uti.AppInfoParser] (main) Kafka commitId: f745dfdcee2b9851
2025-08-12 17:26:21,034 INFO  [org.apa.kaf.com.uti.AppInfoParser] (main) Kafka startTimeMs: 1755019581034
2025-08-12 17:26:21,034 INFO  [org.apa.kaf.cli.con.int.ClassicKafkaConsumer] (Thread-735) [Consumer clientId=consumer-Consumer-topic-c53b32eb_261d_4c8a_b3de_71c01e68990a-17, groupId=Consumer-topic-c53b32eb_261d_4c8a_b3de_71c01e68990a] Subscribed to topic(s): topic-c53b32eb_261d_4c8a_b3de_71c01e68990a
2025-08-12 17:26:21,041 INFO  [org.apa.kaf.cli.Metadata] (Thread-735) [Consumer clientId=consumer-Consumer-topic-c53b32eb_261d_4c8a_b3de_71c01e68990a-17, groupId=Consumer-topic-c53b32eb_261d_4c8a_b3de_71c01e68990a] Cluster ID: HDV_o9asQruzQakuWK8_NQ
2025-08-12 17:26:21,042 INFO  [org.apa.kaf.cli.con.int.ConsumerCoordinator] (Thread-735) [Consumer clientId=consumer-Consumer-topic-c53b32eb_261d_4c8a_b3de_71c01e68990a-17, groupId=Consumer-topic-c53b32eb_261d_4c8a_b3de_71c01e68990a] Discovered group coordinator localhost:32769 (id: 2147483647 rack: null)
2025-08-12 17:26:21,043 INFO  [org.apa.kaf.cli.con.int.ConsumerCoordinator] (Thread-735) [Consumer clientId=consumer-Consumer-topic-c53b32eb_261d_4c8a_b3de_71c01e68990a-17, groupId=Consumer-topic-c53b32eb_261d_4c8a_b3de_71c01e68990a] (Re-)joining group
2025-08-12 17:26:21,046 INFO  [org.apa.kaf.cli.con.int.ConsumerCoordinator] (Thread-735) [Consumer clientId=consumer-Consumer-topic-c53b32eb_261d_4c8a_b3de_71c01e68990a-17, groupId=Consumer-topic-c53b32eb_261d_4c8a_b3de_71c01e68990a] Request joining group due to: need to re-join with the given member-id: consumer-Consumer-topic-c53b32eb_261d_4c8a_b3de_71c01e68990a-17-4372d78d-2011-4072-ac2e-0e1c64aba6db
2025-08-12 17:26:21,047 INFO  [org.apa.kaf.cli.con.int.ConsumerCoordinator] (Thread-735) [Consumer clientId=consumer-Consumer-topic-c53b32eb_261d_4c8a_b3de_71c01e68990a-17, groupId=Consumer-topic-c53b32eb_261d_4c8a_b3de_71c01e68990a] (Re-)joining group
2025-08-12 17:26:22,034 INFO  [io.api.tes.ser.api.KafkaSerdesTester] (Thread-735) None found
2025-08-12 17:26:23,035 INFO  [io.api.tes.ser.api.KafkaSerdesTester] (Thread-735) None found
2025-08-12 17:26:24,035 INFO  [io.api.tes.ser.api.KafkaSerdesTester] (Thread-735) None found
2025-08-12 17:26:24,049 INFO  [org.apa.kaf.cli.con.int.ConsumerCoordinator] (Thread-735) [Consumer clientId=consumer-Consumer-topic-c53b32eb_261d_4c8a_b3de_71c01e68990a-17, groupId=Consumer-topic-c53b32eb_261d_4c8a_b3de_71c01e68990a] Successfully joined group with generation Generation{generationId=1, memberId='consumer-Consumer-topic-c53b32eb_261d_4c8a_b3de_71c01e68990a-17-4372d78d-2011-4072-ac2e-0e1c64aba6db', protocol='range'}
2025-08-12 17:26:24,049 INFO  [org.apa.kaf.cli.con.int.ConsumerCoordinator] (Thread-735) [Consumer clientId=consumer-Consumer-topic-c53b32eb_261d_4c8a_b3de_71c01e68990a-17, groupId=Consumer-topic-c53b32eb_261d_4c8a_b3de_71c01e68990a] Finished assignment for group at generation 1: {consumer-Consumer-topic-c53b32eb_261d_4c8a_b3de_71c01e68990a-17-4372d78d-2011-4072-ac2e-0e1c64aba6db=Assignment(partitions=[topic-c53b32eb_261d_4c8a_b3de_71c01e68990a-0])}
2025-08-12 17:26:24,056 INFO  [org.apa.kaf.cli.con.int.ConsumerCoordinator] (Thread-735) [Consumer clientId=consumer-Consumer-topic-c53b32eb_261d_4c8a_b3de_71c01e68990a-17, groupId=Consumer-topic-c53b32eb_261d_4c8a_b3de_71c01e68990a] Successfully synced group in generation Generation{generationId=1, memberId='consumer-Consumer-topic-c53b32eb_261d_4c8a_b3de_71c01e68990a-17-4372d78d-2011-4072-ac2e-0e1c64aba6db', protocol='range'}
2025-08-12 17:26:24,056 INFO  [org.apa.kaf.cli.con.int.ConsumerCoordinator] (Thread-735) [Consumer clientId=consumer-Consumer-topic-c53b32eb_261d_4c8a_b3de_71c01e68990a-17, groupId=Consumer-topic-c53b32eb_261d_4c8a_b3de_71c01e68990a] Notifying assignor about the new Assignment(partitions=[topic-c53b32eb_261d_4c8a_b3de_71c01e68990a-0])
2025-08-12 17:26:24,056 INFO  [org.apa.kaf.cli.con.int.ConsumerRebalanceListenerInvoker] (Thread-735) [Consumer clientId=consumer-Consumer-topic-c53b32eb_261d_4c8a_b3de_71c01e68990a-17, groupId=Consumer-topic-c53b32eb_261d_4c8a_b3de_71c01e68990a] Adding newly assigned partitions: topic-c53b32eb_261d_4c8a_b3de_71c01e68990a-0
2025-08-12 17:26:24,057 INFO  [org.apa.kaf.cli.con.int.ConsumerCoordinator] (Thread-735) [Consumer clientId=consumer-Consumer-topic-c53b32eb_261d_4c8a_b3de_71c01e68990a-17, groupId=Consumer-topic-c53b32eb_261d_4c8a_b3de_71c01e68990a] Found no committed offset for partition topic-c53b32eb_261d_4c8a_b3de_71c01e68990a-0
2025-08-12 17:26:24,061 INFO  [org.apa.kaf.cli.con.int.SubscriptionState] (Thread-735) [Consumer clientId=consumer-Consumer-topic-c53b32eb_261d_4c8a_b3de_71c01e68990a-17, groupId=Consumer-topic-c53b32eb_261d_4c8a_b3de_71c01e68990a] Resetting offset for partition topic-c53b32eb_261d_4c8a_b3de_71c01e68990a-0 to position FetchPosition{offset=0, offsetEpoch=Optional.empty, currentLeader=LeaderAndEpoch{leader=Optional[localhost:32769 (id: 0 rack: null)], epoch=0}}.
2025-08-12 17:26:24,184 INFO  [io.api.tes.ser.api.KafkaSerdesTester] (Thread-735) topic-c53b32eb_261d_4c8a_b3de_71c01e68990a 0 0 {"username": null}
2025-08-12 17:26:24,184 INFO  [io.api.tes.ser.api.KafkaSerdesTester] (Thread-735) topic-c53b32eb_261d_4c8a_b3de_71c01e68990a 0 1 {"username": null}
2025-08-12 17:26:24,185 INFO  [io.api.tes.ser.api.KafkaSerdesTester] (Thread-735) topic-c53b32eb_261d_4c8a_b3de_71c01e68990a 0 2 {"username": "value-2"}
2025-08-12 17:26:24,185 INFO  [io.api.tes.ser.api.KafkaSerdesTester] (Thread-735) topic-c53b32eb_261d_4c8a_b3de_71c01e68990a 0 3 {"username": null}
2025-08-12 17:26:24,185 INFO  [io.api.tes.ser.api.KafkaSerdesTester] (Thread-735) topic-c53b32eb_261d_4c8a_b3de_71c01e68990a 0 4 {"username": "value-4"}
2025-08-12 17:26:24,185 INFO  [io.api.tes.ser.api.KafkaSerdesTester] (Thread-735) topic-c53b32eb_261d_4c8a_b3de_71c01e68990a 0 5 {"username": null}
2025-08-12 17:26:24,185 INFO  [io.api.tes.ser.api.KafkaSerdesTester] (Thread-735) topic-c53b32eb_261d_4c8a_b3de_71c01e68990a 0 6 {"username": "value-6"}
2025-08-12 17:26:24,185 INFO  [io.api.tes.ser.api.KafkaSerdesTester] (Thread-735) topic-c53b32eb_261d_4c8a_b3de_71c01e68990a 0 7 {"username": null}
2025-08-12 17:26:24,185 INFO  [io.api.tes.ser.api.KafkaSerdesTester] (Thread-735) topic-c53b32eb_261d_4c8a_b3de_71c01e68990a 0 8 {"username": "value-8"}
2025-08-12 17:26:24,185 INFO  [io.api.tes.ser.api.KafkaSerdesTester] (Thread-735) topic-c53b32eb_261d_4c8a_b3de_71c01e68990a 0 9 {"username": null}
2025-08-12 17:26:24,185 INFO  [io.api.tes.ser.api.KafkaSerdesTester] (Thread-735) Consumed 10 messages
2025-08-12 17:26:24,192 INFO  [org.apa.kaf.cli.con.int.ConsumerRebalanceListenerInvoker] (Thread-735) [Consumer clientId=consumer-Consumer-topic-c53b32eb_261d_4c8a_b3de_71c01e68990a-17, groupId=Consumer-topic-c53b32eb_261d_4c8a_b3de_71c01e68990a] Revoke previously assigned partitions topic-c53b32eb_261d_4c8a_b3de_71c01e68990a-0
2025-08-12 17:26:24,192 INFO  [org.apa.kaf.cli.con.int.ConsumerCoordinator] (Thread-735) [Consumer clientId=consumer-Consumer-topic-c53b32eb_261d_4c8a_b3de_71c01e68990a-17, groupId=Consumer-topic-c53b32eb_261d_4c8a_b3de_71c01e68990a] Member consumer-Consumer-topic-c53b32eb_261d_4c8a_b3de_71c01e68990a-17-4372d78d-2011-4072-ac2e-0e1c64aba6db sending LeaveGroup request to coordinator localhost:32769 (id: 2147483647 rack: null) due to the consumer is being closed
2025-08-12 17:26:24,192 INFO  [org.apa.kaf.cli.con.int.ConsumerCoordinator] (Thread-735) [Consumer clientId=consumer-Consumer-topic-c53b32eb_261d_4c8a_b3de_71c01e68990a-17, groupId=Consumer-topic-c53b32eb_261d_4c8a_b3de_71c01e68990a] Resetting generation and member id due to: consumer pro-actively leaving the group
2025-08-12 17:26:24,192 INFO  [org.apa.kaf.cli.con.int.ConsumerCoordinator] (Thread-735) [Consumer clientId=consumer-Consumer-topic-c53b32eb_261d_4c8a_b3de_71c01e68990a-17, groupId=Consumer-topic-c53b32eb_261d_4c8a_b3de_71c01e68990a] Request joining group due to: consumer pro-actively leaving the group
2025-08-12 17:26:24,686 INFO  [org.apa.kaf.com.met.Metrics] (Thread-735) Metrics scheduler closed
2025-08-12 17:26:24,687 INFO  [org.apa.kaf.com.met.Metrics] (Thread-735) Closing reporter org.apache.kafka.common.metrics.JmxReporter
2025-08-12 17:26:24,687 INFO  [org.apa.kaf.com.met.Metrics] (Thread-735) Closing reporter org.apache.kafka.common.telemetry.internals.ClientTelemetryReporter
2025-08-12 17:26:24,687 INFO  [org.apa.kaf.com.met.Metrics] (Thread-735) Metrics reporters closed
2025-08-12 17:26:24,689 INFO  [org.apa.kaf.com.uti.AppInfoParser] (Thread-735) App info kafka.consumer for consumer-Consumer-topic-c53b32eb_261d_4c8a_b3de_71c01e68990a-17 unregistered
2025-08-12 17:26:24,689 INFO  [io.api.tes.uti.TestSeparator] (main) io.apicurio.tests.serdes.apicurio.AvroSerdeIT.testFirstEmptyFieldConfusedAsMagicByte-FINISHED
2025-08-12 17:26:24,689 INFO  [io.api.tes.uti.TestSeparator] (main) ############################################################################
Test passed: testFirstEmptyFieldConfusedAsMagicByte
]]></system-out>
  </testcase>
  <testcase name="testAvroSerDesFailDifferentSchemaByContent" classname="io.apicurio.tests.serdes.apicurio.AvroSerdeIT" time="1.267">
    <system-out><![CDATA[2025-08-12 17:26:24,691 INFO  [io.api.tes.uti.TestSeparator] (main) ############################################################################
2025-08-12 17:26:24,691 INFO  [io.api.tes.uti.TestSeparator] (main) io.apicurio.tests.serdes.apicurio.AvroSerdeIT.testAvroSerDesFailDifferentSchemaByContent-STARTED
**** Registry Base URL: http://registry-app-ksql047.apps.ci419.apicurio-testing.org:80
2025-08-12 17:26:25,823 INFO  [org.apa.kaf.cli.pro.ProducerConfig] (main) ProducerConfig values: 
	acks = -1
	auto.include.jmx.reporter = true
	batch.size = 16384
	bootstrap.servers = [PLAINTEXT://localhost:32769]
	buffer.memory = 33554432
	client.dns.lookup = use_all_dns_ips
	client.id = Producer-topic-7aa2a63e_18c3_4709_aa6d_a552d2874ed3
	compression.gzip.level = -1
	compression.lz4.level = 9
	compression.type = none
	compression.zstd.level = 3
	connections.max.idle.ms = 10000
	delivery.timeout.ms = 120000
	enable.idempotence = true
	enable.metrics.push = true
	interceptor.classes = []
	key.serializer = class org.apache.kafka.common.serialization.StringSerializer
	linger.ms = 0
	max.block.ms = 60000
	max.in.flight.requests.per.connection = 5
	max.request.size = 1048576
	metadata.max.age.ms = 300000
	metadata.max.idle.ms = 300000
	metadata.recovery.strategy = none
	metric.reporters = []
	metrics.num.samples = 2
	metrics.recording.level = INFO
	metrics.sample.window.ms = 30000
	partitioner.adaptive.partitioning.enable = true
	partitioner.availability.timeout.ms = 0
	partitioner.class = null
	partitioner.ignore.keys = false
	receive.buffer.bytes = 32768
	reconnect.backoff.max.ms = 1000
	reconnect.backoff.ms = 50
	request.timeout.ms = 5000
	retries = 2147483647
	retry.backoff.max.ms = 1000
	retry.backoff.ms = 100
	sasl.client.callback.handler.class = null
	sasl.jaas.config = null
	sasl.kerberos.kinit.cmd = /usr/bin/kinit
	sasl.kerberos.min.time.before.relogin = 60000
	sasl.kerberos.service.name = null
	sasl.kerberos.ticket.renew.jitter = 0.05
	sasl.kerberos.ticket.renew.window.factor = 0.8
	sasl.login.callback.handler.class = null
	sasl.login.class = null
	sasl.login.connect.timeout.ms = null
	sasl.login.read.timeout.ms = null
	sasl.login.refresh.buffer.seconds = 300
	sasl.login.refresh.min.period.seconds = 60
	sasl.login.refresh.window.factor = 0.8
	sasl.login.refresh.window.jitter = 0.05
	sasl.login.retry.backoff.max.ms = 10000
	sasl.login.retry.backoff.ms = 100
	sasl.mechanism = GSSAPI
	sasl.oauthbearer.clock.skew.seconds = 30
	sasl.oauthbearer.expected.audience = null
	sasl.oauthbearer.expected.issuer = null
	sasl.oauthbearer.header.urlencode = false
	sasl.oauthbearer.jwks.endpoint.refresh.ms = 3600000
	sasl.oauthbearer.jwks.endpoint.retry.backoff.max.ms = 10000
	sasl.oauthbearer.jwks.endpoint.retry.backoff.ms = 100
	sasl.oauthbearer.jwks.endpoint.url = null
	sasl.oauthbearer.scope.claim.name = scope
	sasl.oauthbearer.sub.claim.name = sub
	sasl.oauthbearer.token.endpoint.url = null
	security.protocol = PLAINTEXT
	security.providers = null
	send.buffer.bytes = 131072
	socket.connection.setup.timeout.max.ms = 30000
	socket.connection.setup.timeout.ms = 10000
	ssl.cipher.suites = null
	ssl.enabled.protocols = [TLSv1.2, TLSv1.3]
	ssl.endpoint.identification.algorithm = https
	ssl.engine.factory.class = null
	ssl.key.password = null
	ssl.keymanager.algorithm = SunX509
	ssl.keystore.certificate.chain = null
	ssl.keystore.key = null
	ssl.keystore.location = null
	ssl.keystore.password = null
	ssl.keystore.type = JKS
	ssl.protocol = TLSv1.3
	ssl.provider = null
	ssl.secure.random.implementation = null
	ssl.trustmanager.algorithm = PKIX
	ssl.truststore.certificates = null
	ssl.truststore.location = null
	ssl.truststore.password = null
	ssl.truststore.type = JKS
	transaction.timeout.ms = 60000
	transactional.id = null
	value.serializer = class io.apicurio.registry.serde.avro.AvroKafkaSerializer

2025-08-12 17:26:25,823 INFO  [org.apa.kaf.com.tel.int.KafkaMetricsCollector] (main) initializing Kafka metrics collector
2025-08-12 17:26:25,826 INFO  [org.apa.kaf.cli.pro.KafkaProducer] (main) [Producer clientId=Producer-topic-7aa2a63e_18c3_4709_aa6d_a552d2874ed3] Instantiated an idempotent producer.
2025-08-12 17:26:25,828 INFO  [org.apa.kaf.cli.pro.ProducerConfig] (main) These configurations '[apicurio.registry.url, apicurio.registry.artifact-resolver-strategy]' were supplied but are not used yet.
2025-08-12 17:26:25,828 INFO  [org.apa.kaf.com.uti.AppInfoParser] (main) Kafka version: 3.9.1
2025-08-12 17:26:25,828 INFO  [org.apa.kaf.com.uti.AppInfoParser] (main) Kafka commitId: f745dfdcee2b9851
2025-08-12 17:26:25,828 INFO  [org.apa.kaf.com.uti.AppInfoParser] (main) Kafka startTimeMs: 1755019585828
2025-08-12 17:26:25,829 INFO  [io.api.tes.ser.api.KafkaSerdesTester] (Thread-738) Sending message {"keyB": "value-0"} to topic topic-7aa2a63e_18c3_4709_aa6d_a552d2874ed3
2025-08-12 17:26:25,832 INFO  [org.apa.kaf.cli.Metadata] (kafka-producer-network-thread | Producer-topic-7aa2a63e_18c3_4709_aa6d_a552d2874ed3) [Producer clientId=Producer-topic-7aa2a63e_18c3_4709_aa6d_a552d2874ed3] Cluster ID: HDV_o9asQruzQakuWK8_NQ
2025-08-12 17:26:25,832 INFO  [org.apa.kaf.cli.pro.int.TransactionManager] (kafka-producer-network-thread | Producer-topic-7aa2a63e_18c3_4709_aa6d_a552d2874ed3) [Producer clientId=Producer-topic-7aa2a63e_18c3_4709_aa6d_a552d2874ed3] ProducerId set to 24 with epoch 0
2025-08-12 17:26:25,832 INFO  [DefaultSchemaResolver] (Thread-738) Retrieving schema content using string: {"type":"record","name":"s76d020f2xc4eex47edx9705x56ba076722f3","namespace":"s185405c1xaa56x4dd3xb9afx091b15b00950","fields":[{"name":"keyB","type":"string"}]}
2025-08-12 17:26:25,955 INFO  [org.apa.kaf.cli.pro.KafkaProducer] (Thread-738) [Producer clientId=Producer-topic-7aa2a63e_18c3_4709_aa6d_a552d2874ed3] Closing the Kafka producer with timeoutMillis = 9223372036854775807 ms.
2025-08-12 17:26:25,956 INFO  [org.apa.kaf.com.met.Metrics] (Thread-738) Metrics scheduler closed
2025-08-12 17:26:25,956 INFO  [org.apa.kaf.com.met.Metrics] (Thread-738) Closing reporter org.apache.kafka.common.metrics.JmxReporter
2025-08-12 17:26:25,956 INFO  [org.apa.kaf.com.met.Metrics] (Thread-738) Closing reporter org.apache.kafka.common.telemetry.internals.ClientTelemetryReporter
2025-08-12 17:26:25,956 INFO  [org.apa.kaf.com.met.Metrics] (Thread-738) Metrics reporters closed
2025-08-12 17:26:25,957 INFO  [org.apa.kaf.com.uti.AppInfoParser] (Thread-738) App info kafka.producer for Producer-topic-7aa2a63e_18c3_4709_aa6d_a552d2874ed3 unregistered
2025-08-12 17:26:25,957 INFO  [io.api.tes.uti.TestSeparator] (main) io.apicurio.tests.serdes.apicurio.AvroSerdeIT.testAvroSerDesFailDifferentSchemaByContent-FINISHED
2025-08-12 17:26:25,957 INFO  [io.api.tes.uti.TestSeparator] (main) ############################################################################
Test passed: testAvroSerDesFailDifferentSchemaByContent
]]></system-out>
    <system-err><![CDATA[java.lang.RuntimeException: Could not resolve artifact reference by content: {"type":"record","name":"s76d020f2xc4eex47edx9705x56ba076722f3","namespace":"s185405c1xaa56x4dd3xb9afx091b15b00950","fields":[{"name":"keyB","type":"string"}]}&ArtifactReference [groupId=s185405c1xaa56x4dd3xb9afx091b15b00950, artifactId=s76d020f2xc4eex47edx9705x56ba076722f3, version=null, globalId=null, contentId=null, contentHash=null]
	at io.apicurio.registry.resolver.DefaultSchemaResolver.lambda$handleResolveSchemaByContent$3(DefaultSchemaResolver.java:265)
	at io.apicurio.registry.resolver.cache.ERCache.lambda$getValue$0(ERCache.java:174)
	at io.apicurio.registry.resolver.cache.ERCache.retry(ERCache.java:227)
	at io.apicurio.registry.resolver.cache.ERCache.getValue(ERCache.java:173)
	at io.apicurio.registry.resolver.cache.ERCache.getByContent(ERCache.java:147)
	at io.apicurio.registry.resolver.DefaultSchemaResolver.handleResolveSchemaByContent(DefaultSchemaResolver.java:253)
	at io.apicurio.registry.resolver.DefaultSchemaResolver.getSchemaFromRegistry(DefaultSchemaResolver.java:138)
	at io.apicurio.registry.resolver.DefaultSchemaResolver.lambda$resolveSchema$0(DefaultSchemaResolver.java:84)
	at java.base/java.util.Optional.orElseGet(Optional.java:364)
	at io.apicurio.registry.resolver.DefaultSchemaResolver.resolveSchema(DefaultSchemaResolver.java:84)
	at io.apicurio.registry.serde.AbstractSerializer.serializeData(AbstractSerializer.java:62)
	at io.apicurio.registry.serde.KafkaSerializer.serialize(KafkaSerializer.java:77)
	at org.apache.kafka.clients.producer.KafkaProducer.doSend(KafkaProducer.java:1046)
	at org.apache.kafka.clients.producer.KafkaProducer.send(KafkaProducer.java:993)
	at org.apache.kafka.clients.producer.KafkaProducer.send(KafkaProducer.java:875)
	at io.apicurio.tests.serdes.apicurio.KafkaSerdesTester.lambda$produceMessages$3(KafkaSerdesTester.java:138)
	at java.base/java.util.concurrent.CompletableFuture$AsyncSupply.run(CompletableFuture.java:1768)
	at java.base/java.lang.Thread.run(Thread.java:840)
]]></system-err>
  </testcase>
  <testcase name="testGlobalIdInBody" classname="io.apicurio.tests.serdes.apicurio.AvroSerdeIT" time="4.018">
    <system-out><![CDATA[2025-08-12 17:26:25,962 INFO  [io.api.tes.uti.TestSeparator] (main) ############################################################################
2025-08-12 17:26:25,962 INFO  [io.api.tes.uti.TestSeparator] (main) io.apicurio.tests.serdes.apicurio.AvroSerdeIT.testGlobalIdInBody-STARTED
**** Registry Base URL: http://registry-app-ksql047.apps.ci419.apicurio-testing.org:80
2025-08-12 17:26:25,966 INFO  [org.apa.kaf.cli.pro.ProducerConfig] (main) ProducerConfig values: 
	acks = -1
	auto.include.jmx.reporter = true
	batch.size = 16384
	bootstrap.servers = [PLAINTEXT://localhost:32769]
	buffer.memory = 33554432
	client.dns.lookup = use_all_dns_ips
	client.id = Producer-topic-63e93f61_8aea_4de6_94a9_d4c9ca2a7766
	compression.gzip.level = -1
	compression.lz4.level = 9
	compression.type = none
	compression.zstd.level = 3
	connections.max.idle.ms = 10000
	delivery.timeout.ms = 120000
	enable.idempotence = true
	enable.metrics.push = true
	interceptor.classes = []
	key.serializer = class org.apache.kafka.common.serialization.StringSerializer
	linger.ms = 0
	max.block.ms = 60000
	max.in.flight.requests.per.connection = 5
	max.request.size = 1048576
	metadata.max.age.ms = 300000
	metadata.max.idle.ms = 300000
	metadata.recovery.strategy = none
	metric.reporters = []
	metrics.num.samples = 2
	metrics.recording.level = INFO
	metrics.sample.window.ms = 30000
	partitioner.adaptive.partitioning.enable = true
	partitioner.availability.timeout.ms = 0
	partitioner.class = null
	partitioner.ignore.keys = false
	receive.buffer.bytes = 32768
	reconnect.backoff.max.ms = 1000
	reconnect.backoff.ms = 50
	request.timeout.ms = 5000
	retries = 2147483647
	retry.backoff.max.ms = 1000
	retry.backoff.ms = 100
	sasl.client.callback.handler.class = null
	sasl.jaas.config = null
	sasl.kerberos.kinit.cmd = /usr/bin/kinit
	sasl.kerberos.min.time.before.relogin = 60000
	sasl.kerberos.service.name = null
	sasl.kerberos.ticket.renew.jitter = 0.05
	sasl.kerberos.ticket.renew.window.factor = 0.8
	sasl.login.callback.handler.class = null
	sasl.login.class = null
	sasl.login.connect.timeout.ms = null
	sasl.login.read.timeout.ms = null
	sasl.login.refresh.buffer.seconds = 300
	sasl.login.refresh.min.period.seconds = 60
	sasl.login.refresh.window.factor = 0.8
	sasl.login.refresh.window.jitter = 0.05
	sasl.login.retry.backoff.max.ms = 10000
	sasl.login.retry.backoff.ms = 100
	sasl.mechanism = GSSAPI
	sasl.oauthbearer.clock.skew.seconds = 30
	sasl.oauthbearer.expected.audience = null
	sasl.oauthbearer.expected.issuer = null
	sasl.oauthbearer.header.urlencode = false
	sasl.oauthbearer.jwks.endpoint.refresh.ms = 3600000
	sasl.oauthbearer.jwks.endpoint.retry.backoff.max.ms = 10000
	sasl.oauthbearer.jwks.endpoint.retry.backoff.ms = 100
	sasl.oauthbearer.jwks.endpoint.url = null
	sasl.oauthbearer.scope.claim.name = scope
	sasl.oauthbearer.sub.claim.name = sub
	sasl.oauthbearer.token.endpoint.url = null
	security.protocol = PLAINTEXT
	security.providers = null
	send.buffer.bytes = 131072
	socket.connection.setup.timeout.max.ms = 30000
	socket.connection.setup.timeout.ms = 10000
	ssl.cipher.suites = null
	ssl.enabled.protocols = [TLSv1.2, TLSv1.3]
	ssl.endpoint.identification.algorithm = https
	ssl.engine.factory.class = null
	ssl.key.password = null
	ssl.keymanager.algorithm = SunX509
	ssl.keystore.certificate.chain = null
	ssl.keystore.key = null
	ssl.keystore.location = null
	ssl.keystore.password = null
	ssl.keystore.type = JKS
	ssl.protocol = TLSv1.3
	ssl.provider = null
	ssl.secure.random.implementation = null
	ssl.trustmanager.algorithm = PKIX
	ssl.truststore.certificates = null
	ssl.truststore.location = null
	ssl.truststore.password = null
	ssl.truststore.type = JKS
	transaction.timeout.ms = 60000
	transactional.id = null
	value.serializer = class io.apicurio.registry.serde.avro.AvroKafkaSerializer

2025-08-12 17:26:25,968 INFO  [org.apa.kaf.com.tel.int.KafkaMetricsCollector] (main) initializing Kafka metrics collector
2025-08-12 17:26:25,972 INFO  [org.apa.kaf.cli.pro.KafkaProducer] (main) [Producer clientId=Producer-topic-63e93f61_8aea_4de6_94a9_d4c9ca2a7766] Instantiated an idempotent producer.
2025-08-12 17:26:25,974 INFO  [org.apa.kaf.cli.pro.ProducerConfig] (main) These configurations '[apicurio.registry.url, apicurio.registry.auto-register, apicurio.registry.use-id, apicurio.registry.artifact-resolver-strategy]' were supplied but are not used yet.
2025-08-12 17:26:25,974 INFO  [org.apa.kaf.com.uti.AppInfoParser] (main) Kafka version: 3.9.1
2025-08-12 17:26:25,975 INFO  [org.apa.kaf.com.uti.AppInfoParser] (main) Kafka commitId: f745dfdcee2b9851
2025-08-12 17:26:25,975 INFO  [org.apa.kaf.com.uti.AppInfoParser] (main) Kafka startTimeMs: 1755019585974
2025-08-12 17:26:25,975 INFO  [io.api.tes.ser.api.SimpleSerdesTesterBuilder$SimpleSerdesTester] (main) Using producer configuration: {apicurio.registry.url=http://registry-app-ksql047.apps.ci419.apicurio-testing.org:80/apis/registry/v3, apicurio.registry.auto-register=true, apicurio.registry.use-id=globalId, apicurio.registry.artifact-resolver-strategy=io.apicurio.registry.serde.strategy.TopicIdStrategy, value.serializer=io.apicurio.registry.serde.avro.AvroKafkaSerializer, request.timeout.ms=5000, acks=all, bootstrap.servers=PLAINTEXT://localhost:32769, connections.max.idle.ms=10000, key.serializer=org.apache.kafka.common.serialization.StringSerializer, client.id=Producer-topic-63e93f61_8aea_4de6_94a9_d4c9ca2a7766}
2025-08-12 17:26:25,975 INFO  [io.api.tes.ser.api.SimpleSerdesTesterBuilder$SimpleSerdesTester] (main) Using consumer configuration: {apicurio.registry.use-id=globalId}
2025-08-12 17:26:25,976 INFO  [io.api.tes.ser.api.KafkaSerdesTester] (Thread-741) Sending message {"key11755019585963": "value-0"} to topic topic-63e93f61_8aea_4de6_94a9_d4c9ca2a7766
2025-08-12 17:26:25,980 WARN  [org.apa.kaf.cli.NetworkClient] (kafka-producer-network-thread | Producer-topic-63e93f61_8aea_4de6_94a9_d4c9ca2a7766) [Producer clientId=Producer-topic-63e93f61_8aea_4de6_94a9_d4c9ca2a7766] The metadata response from the cluster reported a recoverable issue with correlation id 1 : {topic-63e93f61_8aea_4de6_94a9_d4c9ca2a7766=UNKNOWN_TOPIC_OR_PARTITION}
2025-08-12 17:26:25,980 INFO  [org.apa.kaf.cli.Metadata] (kafka-producer-network-thread | Producer-topic-63e93f61_8aea_4de6_94a9_d4c9ca2a7766) [Producer clientId=Producer-topic-63e93f61_8aea_4de6_94a9_d4c9ca2a7766] Cluster ID: HDV_o9asQruzQakuWK8_NQ
2025-08-12 17:26:25,980 INFO  [org.apa.kaf.cli.pro.int.TransactionManager] (kafka-producer-network-thread | Producer-topic-63e93f61_8aea_4de6_94a9_d4c9ca2a7766) [Producer clientId=Producer-topic-63e93f61_8aea_4de6_94a9_d4c9ca2a7766] ProducerId set to 25 with epoch 0
2025-08-12 17:26:26,212 INFO  [io.api.tes.ser.api.KafkaSerdesTester] (Thread-741) Sending message {"key11755019585963": "value-1"} to topic topic-63e93f61_8aea_4de6_94a9_d4c9ca2a7766
2025-08-12 17:26:26,213 INFO  [io.api.tes.ser.api.KafkaSerdesTester] (Thread-741) Sending message {"key11755019585963": "value-2"} to topic topic-63e93f61_8aea_4de6_94a9_d4c9ca2a7766
2025-08-12 17:26:26,214 INFO  [io.api.tes.ser.api.KafkaSerdesTester] (Thread-741) Sending message {"key11755019585963": "value-3"} to topic topic-63e93f61_8aea_4de6_94a9_d4c9ca2a7766
2025-08-12 17:26:26,217 INFO  [io.api.tes.ser.api.KafkaSerdesTester] (Thread-741) Sending message {"key11755019585963": "value-4"} to topic topic-63e93f61_8aea_4de6_94a9_d4c9ca2a7766
2025-08-12 17:26:26,218 INFO  [io.api.tes.ser.api.KafkaSerdesTester] (Thread-741) Sending message {"key11755019585963": "value-5"} to topic topic-63e93f61_8aea_4de6_94a9_d4c9ca2a7766
2025-08-12 17:26:26,224 INFO  [io.api.tes.ser.api.KafkaSerdesTester] (Thread-741) Sending message {"key11755019585963": "value-6"} to topic topic-63e93f61_8aea_4de6_94a9_d4c9ca2a7766
2025-08-12 17:26:26,225 INFO  [io.api.tes.ser.api.KafkaSerdesTester] (Thread-741) Sending message {"key11755019585963": "value-7"} to topic topic-63e93f61_8aea_4de6_94a9_d4c9ca2a7766
2025-08-12 17:26:26,227 INFO  [io.api.tes.ser.api.KafkaSerdesTester] (Thread-741) Sending message {"key11755019585963": "value-8"} to topic topic-63e93f61_8aea_4de6_94a9_d4c9ca2a7766
2025-08-12 17:26:26,228 INFO  [io.api.tes.ser.api.KafkaSerdesTester] (Thread-741) Sending message {"key11755019585963": "value-9"} to topic topic-63e93f61_8aea_4de6_94a9_d4c9ca2a7766
2025-08-12 17:26:26,229 INFO  [io.api.tes.ser.api.KafkaSerdesTester] (Thread-741) Produced 10 messages
2025-08-12 17:26:26,229 INFO  [org.apa.kaf.cli.pro.KafkaProducer] (Thread-741) [Producer clientId=Producer-topic-63e93f61_8aea_4de6_94a9_d4c9ca2a7766] Closing the Kafka producer with timeoutMillis = 9223372036854775807 ms.
2025-08-12 17:26:26,233 INFO  [org.apa.kaf.com.met.Metrics] (Thread-741) Metrics scheduler closed
2025-08-12 17:26:26,233 INFO  [org.apa.kaf.com.met.Metrics] (Thread-741) Closing reporter org.apache.kafka.common.metrics.JmxReporter
2025-08-12 17:26:26,233 INFO  [org.apa.kaf.com.met.Metrics] (Thread-741) Closing reporter org.apache.kafka.common.telemetry.internals.ClientTelemetryReporter
2025-08-12 17:26:26,233 INFO  [org.apa.kaf.com.met.Metrics] (Thread-741) Metrics reporters closed
2025-08-12 17:26:26,233 INFO  [org.apa.kaf.com.uti.AppInfoParser] (Thread-741) App info kafka.producer for Producer-topic-63e93f61_8aea_4de6_94a9_d4c9ca2a7766 unregistered
**** Registry Base URL: http://registry-app-ksql047.apps.ci419.apicurio-testing.org:80
2025-08-12 17:26:26,312 INFO  [org.apa.kaf.cli.con.ConsumerConfig] (main) ConsumerConfig values: 
	allow.auto.create.topics = true
	auto.commit.interval.ms = 500
	auto.include.jmx.reporter = true
	auto.offset.reset = earliest
	bootstrap.servers = [PLAINTEXT://localhost:32769]
	check.crcs = true
	client.dns.lookup = use_all_dns_ips
	client.id = consumer-Consumer-topic-63e93f61_8aea_4de6_94a9_d4c9ca2a7766-18
	client.rack = 
	connections.max.idle.ms = 10000
	default.api.timeout.ms = 60000
	enable.auto.commit = true
	enable.metrics.push = true
	exclude.internal.topics = true
	fetch.max.bytes = 52428800
	fetch.max.wait.ms = 500
	fetch.min.bytes = 1
	group.id = Consumer-topic-63e93f61_8aea_4de6_94a9_d4c9ca2a7766
	group.instance.id = null
	group.protocol = classic
	group.remote.assignor = null
	heartbeat.interval.ms = 3000
	interceptor.classes = []
	internal.leave.group.on.close = true
	internal.throw.on.fetch.stable.offset.unsupported = false
	isolation.level = read_uncommitted
	key.deserializer = class org.apache.kafka.common.serialization.StringDeserializer
	max.partition.fetch.bytes = 1048576
	max.poll.interval.ms = 300000
	max.poll.records = 500
	metadata.max.age.ms = 300000
	metadata.recovery.strategy = none
	metric.reporters = []
	metrics.num.samples = 2
	metrics.recording.level = INFO
	metrics.sample.window.ms = 30000
	partition.assignment.strategy = [class org.apache.kafka.clients.consumer.RangeAssignor, class org.apache.kafka.clients.consumer.CooperativeStickyAssignor]
	receive.buffer.bytes = 65536
	reconnect.backoff.max.ms = 1000
	reconnect.backoff.ms = 50
	request.timeout.ms = 5000
	retry.backoff.max.ms = 1000
	retry.backoff.ms = 100
	sasl.client.callback.handler.class = null
	sasl.jaas.config = null
	sasl.kerberos.kinit.cmd = /usr/bin/kinit
	sasl.kerberos.min.time.before.relogin = 60000
	sasl.kerberos.service.name = null
	sasl.kerberos.ticket.renew.jitter = 0.05
	sasl.kerberos.ticket.renew.window.factor = 0.8
	sasl.login.callback.handler.class = null
	sasl.login.class = null
	sasl.login.connect.timeout.ms = null
	sasl.login.read.timeout.ms = null
	sasl.login.refresh.buffer.seconds = 300
	sasl.login.refresh.min.period.seconds = 60
	sasl.login.refresh.window.factor = 0.8
	sasl.login.refresh.window.jitter = 0.05
	sasl.login.retry.backoff.max.ms = 10000
	sasl.login.retry.backoff.ms = 100
	sasl.mechanism = GSSAPI
	sasl.oauthbearer.clock.skew.seconds = 30
	sasl.oauthbearer.expected.audience = null
	sasl.oauthbearer.expected.issuer = null
	sasl.oauthbearer.header.urlencode = false
	sasl.oauthbearer.jwks.endpoint.refresh.ms = 3600000
	sasl.oauthbearer.jwks.endpoint.retry.backoff.max.ms = 10000
	sasl.oauthbearer.jwks.endpoint.retry.backoff.ms = 100
	sasl.oauthbearer.jwks.endpoint.url = null
	sasl.oauthbearer.scope.claim.name = scope
	sasl.oauthbearer.sub.claim.name = sub
	sasl.oauthbearer.token.endpoint.url = null
	security.protocol = PLAINTEXT
	security.providers = null
	send.buffer.bytes = 131072
	session.timeout.ms = 45000
	socket.connection.setup.timeout.max.ms = 30000
	socket.connection.setup.timeout.ms = 10000
	ssl.cipher.suites = null
	ssl.enabled.protocols = [TLSv1.2, TLSv1.3]
	ssl.endpoint.identification.algorithm = https
	ssl.engine.factory.class = null
	ssl.key.password = null
	ssl.keymanager.algorithm = SunX509
	ssl.keystore.certificate.chain = null
	ssl.keystore.key = null
	ssl.keystore.location = null
	ssl.keystore.password = null
	ssl.keystore.type = JKS
	ssl.protocol = TLSv1.3
	ssl.provider = null
	ssl.secure.random.implementation = null
	ssl.trustmanager.algorithm = PKIX
	ssl.truststore.certificates = null
	ssl.truststore.location = null
	ssl.truststore.password = null
	ssl.truststore.type = JKS
	value.deserializer = class io.apicurio.registry.serde.avro.AvroKafkaDeserializer

2025-08-12 17:26:26,312 INFO  [org.apa.kaf.com.tel.int.KafkaMetricsCollector] (main) initializing Kafka metrics collector
2025-08-12 17:26:26,316 INFO  [org.apa.kaf.cli.con.ConsumerConfig] (main) These configurations '[apicurio.registry.url, apicurio.registry.use-id]' were supplied but are not used yet.
2025-08-12 17:26:26,316 INFO  [org.apa.kaf.com.uti.AppInfoParser] (main) Kafka version: 3.9.1
2025-08-12 17:26:26,316 INFO  [org.apa.kaf.com.uti.AppInfoParser] (main) Kafka commitId: f745dfdcee2b9851
2025-08-12 17:26:26,316 INFO  [org.apa.kaf.com.uti.AppInfoParser] (main) Kafka startTimeMs: 1755019586316
2025-08-12 17:26:26,317 INFO  [org.apa.kaf.cli.con.int.ClassicKafkaConsumer] (Thread-744) [Consumer clientId=consumer-Consumer-topic-63e93f61_8aea_4de6_94a9_d4c9ca2a7766-18, groupId=Consumer-topic-63e93f61_8aea_4de6_94a9_d4c9ca2a7766] Subscribed to topic(s): topic-63e93f61_8aea_4de6_94a9_d4c9ca2a7766
2025-08-12 17:26:26,323 INFO  [org.apa.kaf.cli.Metadata] (Thread-744) [Consumer clientId=consumer-Consumer-topic-63e93f61_8aea_4de6_94a9_d4c9ca2a7766-18, groupId=Consumer-topic-63e93f61_8aea_4de6_94a9_d4c9ca2a7766] Cluster ID: HDV_o9asQruzQakuWK8_NQ
2025-08-12 17:26:26,323 INFO  [org.apa.kaf.cli.con.int.ConsumerCoordinator] (Thread-744) [Consumer clientId=consumer-Consumer-topic-63e93f61_8aea_4de6_94a9_d4c9ca2a7766-18, groupId=Consumer-topic-63e93f61_8aea_4de6_94a9_d4c9ca2a7766] Discovered group coordinator localhost:32769 (id: 2147483647 rack: null)
2025-08-12 17:26:26,329 INFO  [org.apa.kaf.cli.con.int.ConsumerCoordinator] (Thread-744) [Consumer clientId=consumer-Consumer-topic-63e93f61_8aea_4de6_94a9_d4c9ca2a7766-18, groupId=Consumer-topic-63e93f61_8aea_4de6_94a9_d4c9ca2a7766] (Re-)joining group
2025-08-12 17:26:26,332 INFO  [org.apa.kaf.cli.con.int.ConsumerCoordinator] (Thread-744) [Consumer clientId=consumer-Consumer-topic-63e93f61_8aea_4de6_94a9_d4c9ca2a7766-18, groupId=Consumer-topic-63e93f61_8aea_4de6_94a9_d4c9ca2a7766] Request joining group due to: need to re-join with the given member-id: consumer-Consumer-topic-63e93f61_8aea_4de6_94a9_d4c9ca2a7766-18-733cbec9-edfd-4ad0-be99-ecb09d30ec61
2025-08-12 17:26:26,332 INFO  [org.apa.kaf.cli.con.int.ConsumerCoordinator] (Thread-744) [Consumer clientId=consumer-Consumer-topic-63e93f61_8aea_4de6_94a9_d4c9ca2a7766-18, groupId=Consumer-topic-63e93f61_8aea_4de6_94a9_d4c9ca2a7766] (Re-)joining group
2025-08-12 17:26:27,318 INFO  [io.api.tes.ser.api.KafkaSerdesTester] (Thread-744) None found
2025-08-12 17:26:28,318 INFO  [io.api.tes.ser.api.KafkaSerdesTester] (Thread-744) None found
2025-08-12 17:26:29,318 INFO  [io.api.tes.ser.api.KafkaSerdesTester] (Thread-744) None found
2025-08-12 17:26:29,334 INFO  [org.apa.kaf.cli.con.int.ConsumerCoordinator] (Thread-744) [Consumer clientId=consumer-Consumer-topic-63e93f61_8aea_4de6_94a9_d4c9ca2a7766-18, groupId=Consumer-topic-63e93f61_8aea_4de6_94a9_d4c9ca2a7766] Successfully joined group with generation Generation{generationId=1, memberId='consumer-Consumer-topic-63e93f61_8aea_4de6_94a9_d4c9ca2a7766-18-733cbec9-edfd-4ad0-be99-ecb09d30ec61', protocol='range'}
2025-08-12 17:26:29,335 INFO  [org.apa.kaf.cli.con.int.ConsumerCoordinator] (Thread-744) [Consumer clientId=consumer-Consumer-topic-63e93f61_8aea_4de6_94a9_d4c9ca2a7766-18, groupId=Consumer-topic-63e93f61_8aea_4de6_94a9_d4c9ca2a7766] Finished assignment for group at generation 1: {consumer-Consumer-topic-63e93f61_8aea_4de6_94a9_d4c9ca2a7766-18-733cbec9-edfd-4ad0-be99-ecb09d30ec61=Assignment(partitions=[topic-63e93f61_8aea_4de6_94a9_d4c9ca2a7766-0])}
2025-08-12 17:26:29,342 INFO  [org.apa.kaf.cli.con.int.ConsumerCoordinator] (Thread-744) [Consumer clientId=consumer-Consumer-topic-63e93f61_8aea_4de6_94a9_d4c9ca2a7766-18, groupId=Consumer-topic-63e93f61_8aea_4de6_94a9_d4c9ca2a7766] Successfully synced group in generation Generation{generationId=1, memberId='consumer-Consumer-topic-63e93f61_8aea_4de6_94a9_d4c9ca2a7766-18-733cbec9-edfd-4ad0-be99-ecb09d30ec61', protocol='range'}
2025-08-12 17:26:29,342 INFO  [org.apa.kaf.cli.con.int.ConsumerCoordinator] (Thread-744) [Consumer clientId=consumer-Consumer-topic-63e93f61_8aea_4de6_94a9_d4c9ca2a7766-18, groupId=Consumer-topic-63e93f61_8aea_4de6_94a9_d4c9ca2a7766] Notifying assignor about the new Assignment(partitions=[topic-63e93f61_8aea_4de6_94a9_d4c9ca2a7766-0])
2025-08-12 17:26:29,342 INFO  [org.apa.kaf.cli.con.int.ConsumerRebalanceListenerInvoker] (Thread-744) [Consumer clientId=consumer-Consumer-topic-63e93f61_8aea_4de6_94a9_d4c9ca2a7766-18, groupId=Consumer-topic-63e93f61_8aea_4de6_94a9_d4c9ca2a7766] Adding newly assigned partitions: topic-63e93f61_8aea_4de6_94a9_d4c9ca2a7766-0
2025-08-12 17:26:29,346 INFO  [org.apa.kaf.cli.con.int.ConsumerCoordinator] (Thread-744) [Consumer clientId=consumer-Consumer-topic-63e93f61_8aea_4de6_94a9_d4c9ca2a7766-18, groupId=Consumer-topic-63e93f61_8aea_4de6_94a9_d4c9ca2a7766] Found no committed offset for partition topic-63e93f61_8aea_4de6_94a9_d4c9ca2a7766-0
2025-08-12 17:26:29,352 INFO  [org.apa.kaf.cli.con.int.SubscriptionState] (Thread-744) [Consumer clientId=consumer-Consumer-topic-63e93f61_8aea_4de6_94a9_d4c9ca2a7766-18, groupId=Consumer-topic-63e93f61_8aea_4de6_94a9_d4c9ca2a7766] Resetting offset for partition topic-63e93f61_8aea_4de6_94a9_d4c9ca2a7766-0 to position FetchPosition{offset=0, offsetEpoch=Optional.empty, currentLeader=LeaderAndEpoch{leader=Optional[localhost:32769 (id: 0 rack: null)], epoch=0}}.
2025-08-12 17:26:29,470 INFO  [io.api.tes.ser.api.KafkaSerdesTester] (Thread-744) topic-63e93f61_8aea_4de6_94a9_d4c9ca2a7766 0 0 {"key11755019585963": "value-0"}
2025-08-12 17:26:29,470 INFO  [io.api.tes.ser.api.KafkaSerdesTester] (Thread-744) topic-63e93f61_8aea_4de6_94a9_d4c9ca2a7766 0 1 {"key11755019585963": "value-1"}
2025-08-12 17:26:29,470 INFO  [io.api.tes.ser.api.KafkaSerdesTester] (Thread-744) topic-63e93f61_8aea_4de6_94a9_d4c9ca2a7766 0 2 {"key11755019585963": "value-2"}
2025-08-12 17:26:29,471 INFO  [io.api.tes.ser.api.KafkaSerdesTester] (Thread-744) topic-63e93f61_8aea_4de6_94a9_d4c9ca2a7766 0 3 {"key11755019585963": "value-3"}
2025-08-12 17:26:29,471 INFO  [io.api.tes.ser.api.KafkaSerdesTester] (Thread-744) topic-63e93f61_8aea_4de6_94a9_d4c9ca2a7766 0 4 {"key11755019585963": "value-4"}
2025-08-12 17:26:29,471 INFO  [io.api.tes.ser.api.KafkaSerdesTester] (Thread-744) topic-63e93f61_8aea_4de6_94a9_d4c9ca2a7766 0 5 {"key11755019585963": "value-5"}
2025-08-12 17:26:29,471 INFO  [io.api.tes.ser.api.KafkaSerdesTester] (Thread-744) topic-63e93f61_8aea_4de6_94a9_d4c9ca2a7766 0 6 {"key11755019585963": "value-6"}
2025-08-12 17:26:29,471 INFO  [io.api.tes.ser.api.KafkaSerdesTester] (Thread-744) topic-63e93f61_8aea_4de6_94a9_d4c9ca2a7766 0 7 {"key11755019585963": "value-7"}
2025-08-12 17:26:29,471 INFO  [io.api.tes.ser.api.KafkaSerdesTester] (Thread-744) topic-63e93f61_8aea_4de6_94a9_d4c9ca2a7766 0 8 {"key11755019585963": "value-8"}
2025-08-12 17:26:29,471 INFO  [io.api.tes.ser.api.KafkaSerdesTester] (Thread-744) topic-63e93f61_8aea_4de6_94a9_d4c9ca2a7766 0 9 {"key11755019585963": "value-9"}
2025-08-12 17:26:29,471 INFO  [io.api.tes.ser.api.KafkaSerdesTester] (Thread-744) Consumed 10 messages
2025-08-12 17:26:29,478 INFO  [org.apa.kaf.cli.con.int.ConsumerRebalanceListenerInvoker] (Thread-744) [Consumer clientId=consumer-Consumer-topic-63e93f61_8aea_4de6_94a9_d4c9ca2a7766-18, groupId=Consumer-topic-63e93f61_8aea_4de6_94a9_d4c9ca2a7766] Revoke previously assigned partitions topic-63e93f61_8aea_4de6_94a9_d4c9ca2a7766-0
2025-08-12 17:26:29,478 INFO  [org.apa.kaf.cli.con.int.ConsumerCoordinator] (Thread-744) [Consumer clientId=consumer-Consumer-topic-63e93f61_8aea_4de6_94a9_d4c9ca2a7766-18, groupId=Consumer-topic-63e93f61_8aea_4de6_94a9_d4c9ca2a7766] Member consumer-Consumer-topic-63e93f61_8aea_4de6_94a9_d4c9ca2a7766-18-733cbec9-edfd-4ad0-be99-ecb09d30ec61 sending LeaveGroup request to coordinator localhost:32769 (id: 2147483647 rack: null) due to the consumer is being closed
2025-08-12 17:26:29,478 INFO  [org.apa.kaf.cli.con.int.ConsumerCoordinator] (Thread-744) [Consumer clientId=consumer-Consumer-topic-63e93f61_8aea_4de6_94a9_d4c9ca2a7766-18, groupId=Consumer-topic-63e93f61_8aea_4de6_94a9_d4c9ca2a7766] Resetting generation and member id due to: consumer pro-actively leaving the group
2025-08-12 17:26:29,478 INFO  [org.apa.kaf.cli.con.int.ConsumerCoordinator] (Thread-744) [Consumer clientId=consumer-Consumer-topic-63e93f61_8aea_4de6_94a9_d4c9ca2a7766-18, groupId=Consumer-topic-63e93f61_8aea_4de6_94a9_d4c9ca2a7766] Request joining group due to: consumer pro-actively leaving the group
2025-08-12 17:26:29,973 INFO  [org.apa.kaf.com.met.Metrics] (Thread-744) Metrics scheduler closed
2025-08-12 17:26:29,973 INFO  [org.apa.kaf.com.met.Metrics] (Thread-744) Closing reporter org.apache.kafka.common.metrics.JmxReporter
2025-08-12 17:26:29,973 INFO  [org.apa.kaf.com.met.Metrics] (Thread-744) Closing reporter org.apache.kafka.common.telemetry.internals.ClientTelemetryReporter
2025-08-12 17:26:29,973 INFO  [org.apa.kaf.com.met.Metrics] (Thread-744) Metrics reporters closed
2025-08-12 17:26:29,975 INFO  [org.apa.kaf.com.uti.AppInfoParser] (Thread-744) App info kafka.consumer for consumer-Consumer-topic-63e93f61_8aea_4de6_94a9_d4c9ca2a7766-18 unregistered
2025-08-12 17:26:29,976 INFO  [io.api.tes.uti.TestSeparator] (main) io.apicurio.tests.serdes.apicurio.AvroSerdeIT.testGlobalIdInBody-FINISHED
2025-08-12 17:26:29,976 INFO  [io.api.tes.uti.TestSeparator] (main) ############################################################################
Test passed: testGlobalIdInBody
]]></system-out>
  </testcase>
  <testcase name="testProducerUsesGlobalIdConsumerUsesDefault" classname="io.apicurio.tests.serdes.apicurio.AvroSerdeIT" time="0.0">
    <skipped message="void io.apicurio.tests.serdes.apicurio.AvroSerdeIT.testProducerUsesGlobalIdConsumerUsesDefault() throws java.lang.Exception is @Disabled"/>
  </testcase>
</testsuite>