<?xml version="1.0" encoding="UTF-8"?>
<testsuite xmlns:xsi="http://www.w3.org/2001/XMLSchema-instance" xsi:noNamespaceSchemaLocation="https://maven.apache.org/surefire/maven-failsafe-plugin/xsd/failsafe-test-report.xsd" version="3.0.2" name="io.apicurio.tests.serdes.apicurio.AvroSerdeIT" time="110.709" tests="21" errors="0" skipped="2" failures="0">
  <properties>
    <property name="java.specification.version" value="17"/>
    <property name="sun.jnu.encoding" value="UTF-8"/>
    <property name="java.class.path" value="/home/runner/work/apicurio-testing/apicurio-testing/clusters/ci419/namespaces/inmemory/tests/integration/apicurio-registry/integration-tests/target/test-classes:/home/runner/work/apicurio-testing/apicurio-testing/clusters/ci419/namespaces/inmemory/tests/integration/apicurio-registry/integration-tests/target/apicurio-registry-integration-tests-3.0.12-SNAPSHOT.jar:/home/runner/.m2/repository/io/quarkus/quarkus-junit5/3.20.2/quarkus-junit5-3.20.2.jar:/home/runner/.m2/repository/io/quarkus/quarkus-bootstrap-core/3.20.2/quarkus-bootstrap-core-3.20.2.jar:/home/runner/.m2/repository/io/quarkus/quarkus-classloader-commons/3.20.2/quarkus-classloader-commons-3.20.2.jar:/home/runner/.m2/repository/io/quarkus/quarkus-bootstrap-app-model/3.20.2/quarkus-bootstrap-app-model-3.20.2.jar:/home/runner/.m2/repository/io/smallrye/common/smallrye-common-io/2.12.0/smallrye-common-io-2.12.0.jar:/home/runner/.m2/repository/org/eclipse/sisu/org.eclipse.sisu.inject/0.9.0.M3/org.eclipse.sisu.inject-0.9.0.M3.jar:/home/runner/.m2/repository/io/quarkus/quarkus-test-common/3.20.2/quarkus-test-common-3.20.2.jar:/home/runner/.m2/repository/io/quarkus/quarkus-core-deployment/3.20.2/quarkus-core-deployment-3.20.2.jar:/home/runner/.m2/repository/org/aesh/readline/2.6/readline-2.6.jar:/home/runner/.m2/repository/org/fusesource/jansi/jansi/2.4.0/jansi-2.4.0.jar:/home/runner/.m2/repository/org/aesh/aesh/2.8.2/aesh-2.8.2.jar:/home/runner/.m2/repository/io/quarkus/gizmo/gizmo/1.8.0/gizmo-1.8.0.jar:/home/runner/.m2/repository/org/ow2/asm/asm-util/9.7.1/asm-util-9.7.1.jar:/home/runner/.m2/repository/org/ow2/asm/asm-analysis/9.7.1/asm-analysis-9.7.1.jar:/home/runner/.m2/repository/org/ow2/asm/asm-commons/9.7.1/asm-commons-9.7.1.jar:/home/runner/.m2/repository/org/ow2/asm/asm-tree/9.7.1/asm-tree-9.7.1.jar:/home/runner/.m2/repository/io/quarkus/quarkus-hibernate-validator-spi/3.20.2/quarkus-hibernate-validator-spi-3.20.2.jar:/home/runner/.m2/repository/io/quarkus/quarkus-class-change-agent/3.20.2/quarkus-class-change-agent-3.20.2.jar:/home/runner/.m2/repository/io/quarkus/quarkus-devtools-utilities/3.20.2/quarkus-devtools-utilities-3.20.2.jar:/home/runner/.m2/repository/io/quarkus/quarkus-builder/3.20.2/quarkus-builder-3.20.2.jar:/home/runner/.m2/repository/org/graalvm/sdk/nativeimage/23.1.2/nativeimage-23.1.2.jar:/home/runner/.m2/repository/org/graalvm/sdk/word/23.1.2/word-23.1.2.jar:/home/runner/.m2/repository/io/quarkus/quarkus-bootstrap-maven-resolver/3.20.2/quarkus-bootstrap-maven-resolver-3.20.2.jar:/home/runner/.m2/repository/io/smallrye/beanbag/smallrye-beanbag-maven/1.5.2/smallrye-beanbag-maven-1.5.2.jar:/home/runner/.m2/repository/io/smallrye/beanbag/smallrye-beanbag-sisu/1.5.2/smallrye-beanbag-sisu-1.5.2.jar:/home/runner/.m2/repository/io/smallrye/beanbag/smallrye-beanbag/1.5.2/smallrye-beanbag-1.5.2.jar:/home/runner/.m2/repository/javax/inject/javax.inject/1/javax.inject-1.jar:/home/runner/.m2/repository/org/apache/maven/maven-artifact/3.9.9/maven-artifact-3.9.9.jar:/home/runner/.m2/repository/org/apache/maven/maven-builder-support/3.9.9/maven-builder-support-3.9.9.jar:/home/runner/.m2/repository/org/apache/maven/maven-model/3.9.9/maven-model-3.9.9.jar:/home/runner/.m2/repository/org/apache/maven/maven-model-builder/3.9.9/maven-model-builder-3.9.9.jar:/home/runner/.m2/repository/org/apache/maven/maven-repository-metadata/3.9.9/maven-repository-metadata-3.9.9.jar:/home/runner/.m2/repository/org/apache/maven/maven-settings/3.9.9/maven-settings-3.9.9.jar:/home/runner/.m2/repository/org/apache/maven/resolver/maven-resolver-api/1.9.22/maven-resolver-api-1.9.22.jar:/home/runner/.m2/repository/org/apache/maven/resolver/maven-resolver-impl/1.9.22/maven-resolver-impl-1.9.22.jar:/home/runner/.m2/repository/org/apache/maven/resolver/maven-resolver-named-locks/1.9.22/maven-resolver-named-locks-1.9.22.jar:/home/runner/.m2/repository/org/apache/maven/resolver/maven-resolver-spi/1.9.22/maven-resolver-spi-1.9.22.jar:/home/runner/.m2/repository/org/apache/maven/resolver/maven-resolver-util/1.9.22/maven-resolver-util-1.9.22.jar:/home/runner/.m2/repository/org/apache/maven/resolver/maven-resolver-transport-http/1.9.20/maven-resolver-transport-http-1.9.20.jar:/home/runner/.m2/repository/org/apache/maven/wagon/wagon-provider-api/3.5.3/wagon-provider-api-3.5.3.jar:/home/runner/.m2/repository/org/apache/maven/wagon/wagon-http-shared/3.5.3/wagon-http-shared-3.5.3.jar:/home/runner/.m2/repository/org/codehaus/plexus/plexus-interpolation/1.26/plexus-interpolation-1.26.jar:/home/runner/.m2/repository/org/codehaus/plexus/plexus-utils/3.5.1/plexus-utils-3.5.1.jar:/home/runner/.m2/repository/org/codehaus/plexus/plexus-xml/4.0.1/plexus-xml-4.0.1.jar:/home/runner/.m2/repository/org/apache/maven/maven-xml-impl/4.0.0-alpha-5/maven-xml-impl-4.0.0-alpha-5.jar:/home/runner/.m2/repository/org/apache/maven/maven-api-xml/4.0.0-alpha-5/maven-api-xml-4.0.0-alpha-5.jar:/home/runner/.m2/repository/org/apache/maven/maven-api-meta/4.0.0-alpha-5/maven-api-meta-4.0.0-alpha-5.jar:/home/runner/.m2/repository/org/codehaus/plexus/plexus-cipher/2.0/plexus-cipher-2.0.jar:/home/runner/.m2/repository/org/codehaus/plexus/plexus-sec-dispatcher/2.0/plexus-sec-dispatcher-2.0.jar:/home/runner/.m2/repository/org/apache/maven/maven-embedder/3.9.9/maven-embedder-3.9.9.jar:/home/runner/.m2/repository/org/apache/maven/maven-core/3.9.9/maven-core-3.9.9.jar:/home/runner/.m2/repository/org/codehaus/plexus/plexus-component-annotations/2.1.0/plexus-component-annotations-2.1.0.jar:/home/runner/.m2/repository/org/apache/maven/maven-plugin-api/3.9.9/maven-plugin-api-3.9.9.jar:/home/runner/.m2/repository/org/apache/maven/shared/maven-shared-utils/3.4.2/maven-shared-utils-3.4.2.jar:/home/runner/.m2/repository/com/google/inject/guice/5.1.0/guice-5.1.0.jar:/home/runner/.m2/repository/aopalliance/aopalliance/1.0/aopalliance-1.0.jar:/home/runner/.m2/repository/org/codehaus/plexus/plexus-classworlds/2.6.0/plexus-classworlds-2.6.0.jar:/home/runner/.m2/repository/commons-cli/commons-cli/1.8.0/commons-cli-1.8.0.jar:/home/runner/.m2/repository/org/eclipse/sisu/org.eclipse.sisu.plexus/0.9.0.M3/org.eclipse.sisu.plexus-0.9.0.M3.jar:/home/runner/.m2/repository/org/apache/maven/maven-settings-builder/3.9.9/maven-settings-builder-3.9.9.jar:/home/runner/.m2/repository/org/apache/maven/maven-resolver-provider/3.9.9/maven-resolver-provider-3.9.9.jar:/home/runner/.m2/repository/org/apache/maven/resolver/maven-resolver-connector-basic/1.9.22/maven-resolver-connector-basic-1.9.22.jar:/home/runner/.m2/repository/org/apache/maven/resolver/maven-resolver-transport-wagon/1.9.22/maven-resolver-transport-wagon-1.9.22.jar:/home/runner/.m2/repository/org/apache/maven/wagon/wagon-http/3.5.3/wagon-http-3.5.3.jar:/home/runner/.m2/repository/org/apache/maven/wagon/wagon-file/3.5.3/wagon-file-3.5.3.jar:/home/runner/.m2/repository/io/quarkus/quarkus-bootstrap-gradle-resolver/3.20.2/quarkus-bootstrap-gradle-resolver-3.20.2.jar:/home/runner/.m2/repository/io/smallrye/jandex/3.3.0/jandex-3.3.0.jar:/home/runner/.m2/repository/org/jboss/logging/commons-logging-jboss-logging/1.0.0.Final/commons-logging-jboss-logging-1.0.0.Final.jar:/home/runner/.m2/repository/io/quarkus/quarkus-junit5-config/3.20.2/quarkus-junit5-config-3.20.2.jar:/home/runner/.m2/repository/org/junit/jupiter/junit-jupiter-api/5.12.1/junit-jupiter-api-5.12.1.jar:/home/runner/.m2/repository/io/smallrye/config/smallrye-config/3.11.4/smallrye-config-3.11.4.jar:/home/runner/.m2/repository/io/smallrye/config/smallrye-config-core/3.11.4/smallrye-config-core-3.11.4.jar:/home/runner/.m2/repository/io/smallrye/common/smallrye-common-classloader/2.12.0/smallrye-common-classloader-2.12.0.jar:/home/runner/.m2/repository/io/smallrye/config/smallrye-config-common/3.11.4/smallrye-config-common-3.11.4.jar:/home/runner/.m2/repository/org/junit/jupiter/junit-jupiter/5.12.1/junit-jupiter-5.12.1.jar:/home/runner/.m2/repository/org/junit/jupiter/junit-jupiter-params/5.12.1/junit-jupiter-params-5.12.1.jar:/home/runner/.m2/repository/org/junit/jupiter/junit-jupiter-engine/5.12.1/junit-jupiter-engine-5.12.1.jar:/home/runner/.m2/repository/io/quarkus/quarkus-core/3.20.2/quarkus-core-3.20.2.jar:/home/runner/.m2/repository/jakarta/enterprise/jakarta.enterprise.cdi-api/4.1.0/jakarta.enterprise.cdi-api-4.1.0.jar:/home/runner/.m2/repository/jakarta/enterprise/jakarta.enterprise.lang-model/4.1.0/jakarta.enterprise.lang-model-4.1.0.jar:/home/runner/.m2/repository/jakarta/el/jakarta.el-api/5.0.1/jakarta.el-api-5.0.1.jar:/home/runner/.m2/repository/jakarta/interceptor/jakarta.interceptor-api/2.2.0/jakarta.interceptor-api-2.2.0.jar:/home/runner/.m2/repository/jakarta/inject/jakarta.inject-api/2.0.1/jakarta.inject-api-2.0.1.jar:/home/runner/.m2/repository/io/smallrye/common/smallrye-common-os/2.12.0/smallrye-common-os-2.12.0.jar:/home/runner/.m2/repository/io/quarkus/quarkus-ide-launcher/3.20.2/quarkus-ide-launcher-3.20.2.jar:/home/runner/.m2/repository/io/quarkus/quarkus-development-mode-spi/3.20.2/quarkus-development-mode-spi-3.20.2.jar:/home/runner/.m2/repository/org/jboss/logging/jboss-logging/3.6.1.Final/jboss-logging-3.6.1.Final.jar:/home/runner/.m2/repository/org/jboss/logmanager/jboss-logmanager/3.1.2.Final/jboss-logmanager-3.1.2.Final.jar:/home/runner/.m2/repository/io/smallrye/common/smallrye-common-constraint/2.12.0/smallrye-common-constraint-2.12.0.jar:/home/runner/.m2/repository/io/smallrye/common/smallrye-common-cpu/2.12.0/smallrye-common-cpu-2.12.0.jar:/home/runner/.m2/repository/io/smallrye/common/smallrye-common-expression/2.12.0/smallrye-common-expression-2.12.0.jar:/home/runner/.m2/repository/io/smallrye/common/smallrye-common-net/2.12.0/smallrye-common-net-2.12.0.jar:/home/runner/.m2/repository/io/smallrye/common/smallrye-common-ref/2.12.0/smallrye-common-ref-2.12.0.jar:/home/runner/.m2/repository/jakarta/json/jakarta.json-api/2.1.3/jakarta.json-api-2.1.3.jar:/home/runner/.m2/repository/org/eclipse/parsson/parsson/1.1.7/parsson-1.1.7.jar:/home/runner/.m2/repository/org/jboss/logging/jboss-logging-annotations/3.0.4.Final/jboss-logging-annotations-3.0.4.Final.jar:/home/runner/.m2/repository/org/jboss/threads/jboss-threads/3.8.0.Final/jboss-threads-3.8.0.Final.jar:/home/runner/.m2/repository/io/smallrye/common/smallrye-common-annotation/2.12.0/smallrye-common-annotation-2.12.0.jar:/home/runner/.m2/repository/io/smallrye/common/smallrye-common-function/2.12.0/smallrye-common-function-2.12.0.jar:/home/runner/.m2/repository/org/jboss/slf4j/slf4j-jboss-logmanager/2.0.0.Final/slf4j-jboss-logmanager-2.0.0.Final.jar:/home/runner/.m2/repository/org/wildfly/common/wildfly-common/2.0.1/wildfly-common-2.0.1.jar:/home/runner/.m2/repository/io/quarkus/quarkus-bootstrap-runner/3.20.2/quarkus-bootstrap-runner-3.20.2.jar:/home/runner/.m2/repository/io/github/crac/org-crac/0.1.3/org-crac-0.1.3.jar:/home/runner/.m2/repository/io/quarkus/quarkus-fs-util/0.0.10/quarkus-fs-util-0.0.10.jar:/home/runner/.m2/repository/org/jboss/marshalling/jboss-marshalling/2.2.2.Final/jboss-marshalling-2.2.2.Final.jar:/home/runner/.m2/repository/io/fabric8/kubernetes-client/7.1.0/kubernetes-client-7.1.0.jar:/home/runner/.m2/repository/io/fabric8/kubernetes-client-api/7.1.0/kubernetes-client-api-7.1.0.jar:/home/runner/.m2/repository/io/fabric8/kubernetes-model-core/7.1.0/kubernetes-model-core-7.1.0.jar:/home/runner/.m2/repository/io/fabric8/kubernetes-model-common/7.1.0/kubernetes-model-common-7.1.0.jar:/home/runner/.m2/repository/javax/annotation/javax.annotation-api/1.3.2/javax.annotation-api-1.3.2.jar:/home/runner/.m2/repository/io/fabric8/kubernetes-model-gatewayapi/7.1.0/kubernetes-model-gatewayapi-7.1.0.jar:/home/runner/.m2/repository/io/fabric8/kubernetes-model-resource/7.1.0/kubernetes-model-resource-7.1.0.jar:/home/runner/.m2/repository/io/fabric8/kubernetes-model-rbac/7.1.0/kubernetes-model-rbac-7.1.0.jar:/home/runner/.m2/repository/io/fabric8/kubernetes-model-admissionregistration/7.1.0/kubernetes-model-admissionregistration-7.1.0.jar:/home/runner/.m2/repository/io/fabric8/kubernetes-model-apps/7.1.0/kubernetes-model-apps-7.1.0.jar:/home/runner/.m2/repository/io/fabric8/kubernetes-model-autoscaling/7.1.0/kubernetes-model-autoscaling-7.1.0.jar:/home/runner/.m2/repository/io/fabric8/kubernetes-model-apiextensions/7.1.0/kubernetes-model-apiextensions-7.1.0.jar:/home/runner/.m2/repository/io/fabric8/kubernetes-model-batch/7.1.0/kubernetes-model-batch-7.1.0.jar:/home/runner/.m2/repository/io/fabric8/kubernetes-model-certificates/7.1.0/kubernetes-model-certificates-7.1.0.jar:/home/runner/.m2/repository/io/fabric8/kubernetes-model-coordination/7.1.0/kubernetes-model-coordination-7.1.0.jar:/home/runner/.m2/repository/io/fabric8/kubernetes-model-discovery/7.1.0/kubernetes-model-discovery-7.1.0.jar:/home/runner/.m2/repository/io/fabric8/kubernetes-model-events/7.1.0/kubernetes-model-events-7.1.0.jar:/home/runner/.m2/repository/io/fabric8/kubernetes-model-extensions/7.1.0/kubernetes-model-extensions-7.1.0.jar:/home/runner/.m2/repository/io/fabric8/kubernetes-model-flowcontrol/7.1.0/kubernetes-model-flowcontrol-7.1.0.jar:/home/runner/.m2/repository/io/fabric8/kubernetes-model-networking/7.1.0/kubernetes-model-networking-7.1.0.jar:/home/runner/.m2/repository/io/fabric8/kubernetes-model-metrics/7.1.0/kubernetes-model-metrics-7.1.0.jar:/home/runner/.m2/repository/io/fabric8/kubernetes-model-policy/7.1.0/kubernetes-model-policy-7.1.0.jar:/home/runner/.m2/repository/io/fabric8/kubernetes-model-scheduling/7.1.0/kubernetes-model-scheduling-7.1.0.jar:/home/runner/.m2/repository/io/fabric8/kubernetes-model-storageclass/7.1.0/kubernetes-model-storageclass-7.1.0.jar:/home/runner/.m2/repository/io/fabric8/kubernetes-model-node/7.1.0/kubernetes-model-node-7.1.0.jar:/home/runner/.m2/repository/org/snakeyaml/snakeyaml-engine/2.9/snakeyaml-engine-2.9.jar:/home/runner/.m2/repository/com/fasterxml/jackson/dataformat/jackson-dataformat-yaml/2.18.2/jackson-dataformat-yaml-2.18.2.jar:/home/runner/.m2/repository/com/fasterxml/jackson/datatype/jackson-datatype-jsr310/2.18.2/jackson-datatype-jsr310-2.18.2.jar:/home/runner/.m2/repository/io/fabric8/zjsonpatch/7.1.0/zjsonpatch-7.1.0.jar:/home/runner/.m2/repository/io/fabric8/kubernetes-httpclient-vertx/7.1.0/kubernetes-httpclient-vertx-7.1.0.jar:/home/runner/.m2/repository/io/vertx/vertx-web-client/4.5.16/vertx-web-client-4.5.16.jar:/home/runner/.m2/repository/io/vertx/vertx-web-common/4.5.16/vertx-web-common-4.5.16.jar:/home/runner/.m2/repository/io/vertx/vertx-auth-common/4.5.16/vertx-auth-common-4.5.16.jar:/home/runner/.m2/repository/io/vertx/vertx-uri-template/4.5.16/vertx-uri-template-4.5.16.jar:/home/runner/.m2/repository/io/fabric8/openshift-client/7.1.0/openshift-client-7.1.0.jar:/home/runner/.m2/repository/io/fabric8/openshift-client-api/7.1.0/openshift-client-api-7.1.0.jar:/home/runner/.m2/repository/io/fabric8/openshift-model/7.1.0/openshift-model-7.1.0.jar:/home/runner/.m2/repository/io/fabric8/openshift-model-autoscaling/7.1.0/openshift-model-autoscaling-7.1.0.jar:/home/runner/.m2/repository/io/fabric8/openshift-model-operator/7.1.0/openshift-model-operator-7.1.0.jar:/home/runner/.m2/repository/io/fabric8/openshift-model-operatorhub/7.1.0/openshift-model-operatorhub-7.1.0.jar:/home/runner/.m2/repository/io/fabric8/openshift-model-machine/7.1.0/openshift-model-machine-7.1.0.jar:/home/runner/.m2/repository/io/fabric8/openshift-model-whereabouts/7.1.0/openshift-model-whereabouts-7.1.0.jar:/home/runner/.m2/repository/io/fabric8/openshift-model-monitoring/7.1.0/openshift-model-monitoring-7.1.0.jar:/home/runner/.m2/repository/io/fabric8/openshift-model-storageversionmigrator/7.1.0/openshift-model-storageversionmigrator-7.1.0.jar:/home/runner/.m2/repository/io/fabric8/openshift-model-tuned/7.1.0/openshift-model-tuned-7.1.0.jar:/home/runner/.m2/repository/io/fabric8/openshift-model-console/7.1.0/openshift-model-console-7.1.0.jar:/home/runner/.m2/repository/io/fabric8/openshift-model-config/7.1.0/openshift-model-config-7.1.0.jar:/home/runner/.m2/repository/io/fabric8/openshift-model-machineconfiguration/7.1.0/openshift-model-machineconfiguration-7.1.0.jar:/home/runner/.m2/repository/io/fabric8/openshift-model-miscellaneous/7.1.0/openshift-model-miscellaneous-7.1.0.jar:/home/runner/.m2/repository/io/fabric8/openshift-model-hive/7.1.0/openshift-model-hive-7.1.0.jar:/home/runner/.m2/repository/io/fabric8/openshift-model-installer/7.1.0/openshift-model-installer-7.1.0.jar:/home/runner/.m2/repository/org/junit/platform/junit-platform-launcher/1.12.1/junit-platform-launcher-1.12.1.jar:/home/runner/.m2/repository/org/junit/platform/junit-platform-engine/1.12.1/junit-platform-engine-1.12.1.jar:/home/runner/.m2/repository/org/opentest4j/opentest4j/1.3.0/opentest4j-1.3.0.jar:/home/runner/.m2/repository/org/junit/platform/junit-platform-commons/1.12.1/junit-platform-commons-1.12.1.jar:/home/runner/.m2/repository/org/apiguardian/apiguardian-api/1.1.2/apiguardian-api-1.1.2.jar:/home/runner/.m2/repository/jakarta/ws/rs/jakarta.ws.rs-api/3.1.0/jakarta.ws.rs-api-3.1.0.jar:/home/runner/work/apicurio-testing/apicurio-testing/clusters/ci419/namespaces/inmemory/tests/integration/apicurio-registry/java-sdk/target/apicurio-registry-java-sdk-3.0.12-SNAPSHOT.jar:/home/runner/.m2/repository/com/microsoft/kiota/microsoft-kiota-abstractions/1.8.8/microsoft-kiota-abstractions-1.8.8.jar:/home/runner/.m2/repository/io/github/std-uritemplate/std-uritemplate/2.0.0/std-uritemplate-2.0.0.jar:/home/runner/.m2/repository/io/kiota/kiota-http-jdk/0.0.29/kiota-http-jdk-0.0.29.jar:/home/runner/.m2/repository/io/kiota/kiota-http-vertx/0.0.29/kiota-http-vertx-0.0.29.jar:/home/runner/.m2/repository/io/kiota/kiota-serialization-jackson/0.0.29/kiota-serialization-jackson-0.0.29.jar:/home/runner/.m2/repository/com/microsoft/kiota/microsoft-kiota-serialization-text/1.8.8/microsoft-kiota-serialization-text-1.8.8.jar:/home/runner/.m2/repository/com/microsoft/kiota/microsoft-kiota-serialization-form/1.8.8/microsoft-kiota-serialization-form-1.8.8.jar:/home/runner/.m2/repository/com/microsoft/kiota/microsoft-kiota-serialization-multipart/1.8.8/microsoft-kiota-serialization-multipart-1.8.8.jar:/home/runner/.m2/repository/jakarta/annotation/jakarta.annotation-api/3.0.0/jakarta.annotation-api-3.0.0.jar:/home/runner/.m2/repository/io/vertx/vertx-auth-oauth2/4.5.16/vertx-auth-oauth2-4.5.16.jar:/home/runner/work/apicurio-testing/apicurio-testing/clusters/ci419/namespaces/inmemory/tests/integration/apicurio-registry/java-sdk-v2/target/apicurio-registry-v2-java-sdk-3.0.12-SNAPSHOT.jar:/home/runner/work/apicurio-testing/apicurio-testing/clusters/ci419/namespaces/inmemory/tests/integration/apicurio-registry/utils/kafka/target/apicurio-registry-utils-kafka-3.0.12-SNAPSHOT-tests.jar:/home/runner/.m2/repository/org/eclipse/microprofile/config/microprofile-config-api/3.1/microprofile-config-api-3.1.jar:/home/runner/.m2/repository/org/apache/kafka/kafka-clients/3.9.1/kafka-clients-3.9.1.jar:/home/runner/.m2/repository/com/github/luben/zstd-jni/1.5.6-4/zstd-jni-1.5.6-4.jar:/home/runner/.m2/repository/org/lz4/lz4-java/1.8.0/lz4-java-1.8.0.jar:/home/runner/.m2/repository/org/xerial/snappy/snappy-java/1.1.10.5/snappy-java-1.1.10.5.jar:/home/runner/.m2/repository/org/slf4j/slf4j-api/2.0.6/slf4j-api-2.0.6.jar:/home/runner/work/apicurio-testing/apicurio-testing/clusters/ci419/namespaces/inmemory/tests/integration/apicurio-registry/utils/tests/target/apicurio-registry-utils-tests-3.0.12-SNAPSHOT.jar:/home/runner/work/apicurio-testing/apicurio-testing/clusters/ci419/namespaces/inmemory/tests/integration/apicurio-registry/common/target/apicurio-registry-common-3.0.12-SNAPSHOT.jar:/home/runner/.m2/repository/jakarta/validation/jakarta.validation-api/3.0.2/jakarta.validation-api-3.0.2.jar:/home/runner/.m2/repository/com/github/dasniko/testcontainers-keycloak/3.8.0/testcontainers-keycloak-3.8.0.jar:/home/runner/.m2/repository/org/testcontainers/testcontainers/1.20.6/testcontainers-1.20.6.jar:/home/runner/.m2/repository/org/rnorth/duct-tape/duct-tape/1.0.8/duct-tape-1.0.8.jar:/home/runner/.m2/repository/com/github/docker-java/docker-java-transport-zerodep/3.4.1/docker-java-transport-zerodep-3.4.1.jar:/home/runner/.m2/repository/com/github/docker-java/docker-java-transport/3.4.1/docker-java-transport-3.4.1.jar:/home/runner/.m2/repository/net/java/dev/jna/jna/5.8.0/jna-5.8.0.jar:/home/runner/.m2/repository/io/quarkus/quarkus-junit4-mock/3.20.2/quarkus-junit4-mock-3.20.2.jar:/home/runner/.m2/repository/org/jboss/shrinkwrap/shrinkwrap-api/2.0.0-beta-2/shrinkwrap-api-2.0.0-beta-2.jar:/home/runner/.m2/repository/org/jboss/shrinkwrap/shrinkwrap-impl-base/2.0.0-beta-2/shrinkwrap-impl-base-2.0.0-beta-2.jar:/home/runner/.m2/repository/org/jboss/shrinkwrap/shrinkwrap-spi/2.0.0-beta-2/shrinkwrap-spi-2.0.0-beta-2.jar:/home/runner/.m2/repository/org/keycloak/keycloak-admin-client/26.0.4/keycloak-admin-client-26.0.4.jar:/home/runner/.m2/repository/org/keycloak/keycloak-client-common-synced/26.0.4/keycloak-client-common-synced-26.0.4.jar:/home/runner/.m2/repository/jakarta/activation/jakarta.activation-api/2.1.3/jakarta.activation-api-2.1.3.jar:/home/runner/.m2/repository/org/eclipse/microprofile/openapi/microprofile-openapi-api/4.0.2/microprofile-openapi-api-4.0.2.jar:/home/runner/.m2/repository/org/jboss/resteasy/resteasy-client/6.2.12.Final/resteasy-client-6.2.12.Final.jar:/home/runner/.m2/repository/org/jboss/resteasy/resteasy-client-api/6.2.12.Final/resteasy-client-api-6.2.12.Final.jar:/home/runner/.m2/repository/org/jboss/resteasy/resteasy-core-spi/6.2.12.Final/resteasy-core-spi-6.2.12.Final.jar:/home/runner/.m2/repository/org/jboss/resteasy/resteasy-core/6.2.12.Final/resteasy-core-6.2.12.Final.jar:/home/runner/.m2/repository/org/eclipse/angus/angus-activation/2.0.2/angus-activation-2.0.2.jar:/home/runner/.m2/repository/com/ibm/async/asyncutil/0.1.0/asyncutil-0.1.0.jar:/home/runner/.m2/repository/org/reactivestreams/reactive-streams/1.0.4/reactive-streams-1.0.4.jar:/home/runner/.m2/repository/org/jboss/resteasy/resteasy-multipart-provider/6.2.12.Final/resteasy-multipart-provider-6.2.12.Final.jar:/home/runner/.m2/repository/jakarta/mail/jakarta.mail-api/2.1.3/jakarta.mail-api-2.1.3.jar:/home/runner/.m2/repository/org/eclipse/angus/angus-mail/2.0.3/angus-mail-2.0.3.jar:/home/runner/.m2/repository/org/apache/james/apache-mime4j-dom/0.8.12/apache-mime4j-dom-0.8.12.jar:/home/runner/.m2/repository/org/apache/james/apache-mime4j-core/0.8.12/apache-mime4j-core-0.8.12.jar:/home/runner/.m2/repository/org/apache/james/apache-mime4j-storage/0.8.12/apache-mime4j-storage-0.8.12.jar:/home/runner/.m2/repository/org/jboss/resteasy/resteasy-jackson2-provider/6.2.12.Final/resteasy-jackson2-provider-6.2.12.Final.jar:/home/runner/.m2/repository/com/fasterxml/jackson/jakarta/rs/jackson-jakarta-rs-base/2.18.2/jackson-jakarta-rs-base-2.18.2.jar:/home/runner/.m2/repository/com/fasterxml/jackson/jakarta/rs/jackson-jakarta-rs-json-provider/2.18.2/jackson-jakarta-rs-json-provider-2.18.2.jar:/home/runner/.m2/repository/com/fasterxml/jackson/module/jackson-module-jakarta-xmlbind-annotations/2.18.2/jackson-module-jakarta-xmlbind-annotations-2.18.2.jar:/home/runner/.m2/repository/com/github/java-json-tools/json-patch/1.13/json-patch-1.13.jar:/home/runner/.m2/repository/com/github/java-json-tools/msg-simple/1.2/msg-simple-1.2.jar:/home/runner/.m2/repository/com/github/java-json-tools/btf/1.3/btf-1.3.jar:/home/runner/.m2/repository/com/github/java-json-tools/jackson-coreutils/2.0/jackson-coreutils-2.0.jar:/home/runner/.m2/repository/org/jboss/resteasy/resteasy-jaxb-provider/6.2.12.Final/resteasy-jaxb-provider-6.2.12.Final.jar:/home/runner/.m2/repository/org/glassfish/jaxb/codemodel/4.0.5/codemodel-4.0.5.jar:/home/runner/.m2/repository/org/glassfish/jaxb/jaxb-core/4.0.5/jaxb-core-4.0.5.jar:/home/runner/.m2/repository/org/glassfish/jaxb/jaxb-jxc/4.0.5/jaxb-jxc-4.0.5.jar:/home/runner/.m2/repository/org/glassfish/jaxb/jaxb-runtime/4.0.5/jaxb-runtime-4.0.5.jar:/home/runner/.m2/repository/org/glassfish/jaxb/txw2/4.0.5/txw2-4.0.5.jar:/home/runner/.m2/repository/org/glassfish/jaxb/jaxb-xjc/4.0.5/jaxb-xjc-4.0.5.jar:/home/runner/.m2/repository/org/glassfish/jaxb/xsom/4.0.5/xsom-4.0.5.jar:/home/runner/.m2/repository/com/sun/istack/istack-commons-runtime/4.1.2/istack-commons-runtime-4.1.2.jar:/home/runner/.m2/repository/com/sun/istack/istack-commons-tools/4.1.2/istack-commons-tools-4.1.2.jar:/home/runner/.m2/repository/com/sun/xml/bind/external/relaxng-datatype/4.0.5/relaxng-datatype-4.0.5.jar:/home/runner/.m2/repository/com/sun/xml/bind/external/rngom/4.0.5/rngom-4.0.5.jar:/home/runner/.m2/repository/org/testcontainers/mssqlserver/1.20.6/mssqlserver-1.20.6.jar:/home/runner/.m2/repository/org/testcontainers/jdbc/1.20.6/jdbc-1.20.6.jar:/home/runner/.m2/repository/org/testcontainers/database-commons/1.20.6/database-commons-1.20.6.jar:/home/runner/.m2/repository/org/testcontainers/mysql/1.20.6/mysql-1.20.6.jar:/home/runner/.m2/repository/io/strimzi/strimzi-test-container/0.111.0/strimzi-test-container-0.111.0.jar:/home/runner/.m2/repository/org/testcontainers/toxiproxy/1.20.6/toxiproxy-1.20.6.jar:/home/runner/.m2/repository/com/github/docker-java/docker-java-api/3.4.1/docker-java-api-3.4.1.jar:/home/runner/.m2/repository/org/apache/logging/log4j/log4j-slf4j-impl/2.19.0/log4j-slf4j-impl-2.19.0.jar:/home/runner/.m2/repository/org/apache/logging/log4j/log4j-api/2.24.3/log4j-api-2.24.3.jar:/home/runner/.m2/repository/org/apache/logging/log4j/log4j-core/2.19.0/log4j-core-2.19.0.jar:/home/runner/.m2/repository/eu/rekawek/toxiproxy/toxiproxy-java/2.1.7/toxiproxy-java-2.1.7.jar:/home/runner/.m2/repository/org/testcontainers/pulsar/1.21.3/pulsar-1.21.3.jar:/home/runner/.m2/repository/io/debezium/debezium-testing-testcontainers/2.7.4.Final/debezium-testing-testcontainers-2.7.4.Final.jar:/home/runner/.m2/repository/org/testcontainers/kafka/1.20.6/kafka-1.20.6.jar:/home/runner/.m2/repository/com/squareup/okhttp3/okhttp/4.8.1/okhttp-4.8.1.jar:/home/runner/.m2/repository/com/squareup/okio/okio/3.10.2/okio-3.10.2.jar:/home/runner/.m2/repository/com/squareup/okio/okio-jvm/3.10.2/okio-jvm-3.10.2.jar:/home/runner/.m2/repository/org/jetbrains/kotlin/kotlin-stdlib/2.0.21/kotlin-stdlib-2.0.21.jar:/home/runner/.m2/repository/org/awaitility/awaitility/4.3.0/awaitility-4.3.0.jar:/home/runner/.m2/repository/org/testcontainers/mongodb/1.20.6/mongodb-1.20.6.jar:/home/runner/.m2/repository/org/testcontainers/mariadb/1.20.6/mariadb-1.20.6.jar:/home/runner/.m2/repository/org/testcontainers/oracle-xe/1.20.6/oracle-xe-1.20.6.jar:/home/runner/.m2/repository/org/testcontainers/postgresql/1.20.6/postgresql-1.20.6.jar:/home/runner/.m2/repository/org/wiremock/wiremock/3.0.1/wiremock-3.0.1.jar:/home/runner/.m2/repository/org/eclipse/jetty/jetty-server/11.0.15/jetty-server-11.0.15.jar:/home/runner/.m2/repository/org/eclipse/jetty/toolchain/jetty-jakarta-servlet-api/5.0.2/jetty-jakarta-servlet-api-5.0.2.jar:/home/runner/.m2/repository/org/eclipse/jetty/jetty-http/11.0.15/jetty-http-11.0.15.jar:/home/runner/.m2/repository/org/eclipse/jetty/jetty-io/11.0.15/jetty-io-11.0.15.jar:/home/runner/.m2/repository/org/eclipse/jetty/jetty-servlet/11.0.15/jetty-servlet-11.0.15.jar:/home/runner/.m2/repository/org/eclipse/jetty/jetty-security/11.0.15/jetty-security-11.0.15.jar:/home/runner/.m2/repository/org/eclipse/jetty/jetty-servlets/11.0.15/jetty-servlets-11.0.15.jar:/home/runner/.m2/repository/org/eclipse/jetty/jetty-util/11.0.15/jetty-util-11.0.15.jar:/home/runner/.m2/repository/org/eclipse/jetty/jetty-webapp/11.0.15/jetty-webapp-11.0.15.jar:/home/runner/.m2/repository/org/eclipse/jetty/jetty-xml/11.0.15/jetty-xml-11.0.15.jar:/home/runner/.m2/repository/org/eclipse/jetty/jetty-proxy/11.0.15/jetty-proxy-11.0.15.jar:/home/runner/.m2/repository/org/eclipse/jetty/jetty-client/11.0.15/jetty-client-11.0.15.jar:/home/runner/.m2/repository/org/eclipse/jetty/http2/http2-server/11.0.15/http2-server-11.0.15.jar:/home/runner/.m2/repository/org/eclipse/jetty/http2/http2-common/11.0.15/http2-common-11.0.15.jar:/home/runner/.m2/repository/org/eclipse/jetty/http2/http2-hpack/11.0.15/http2-hpack-11.0.15.jar:/home/runner/.m2/repository/org/eclipse/jetty/jetty-alpn-server/11.0.15/jetty-alpn-server-11.0.15.jar:/home/runner/.m2/repository/org/eclipse/jetty/jetty-alpn-java-server/11.0.15/jetty-alpn-java-server-11.0.15.jar:/home/runner/.m2/repository/org/eclipse/jetty/jetty-alpn-java-client/11.0.15/jetty-alpn-java-client-11.0.15.jar:/home/runner/.m2/repository/org/eclipse/jetty/jetty-alpn-client/11.0.15/jetty-alpn-client-11.0.15.jar:/home/runner/.m2/repository/org/apache/httpcomponents/client5/httpclient5/5.2.1/httpclient5-5.2.1.jar:/home/runner/.m2/repository/org/apache/httpcomponents/core5/httpcore5/5.2/httpcore5-5.2.jar:/home/runner/.m2/repository/org/apache/httpcomponents/core5/httpcore5-h2/5.2/httpcore5-h2-5.2.jar:/home/runner/.m2/repository/org/xmlunit/xmlunit-core/2.9.1/xmlunit-core-2.9.1.jar:/home/runner/.m2/repository/jakarta/xml/bind/jakarta.xml.bind-api/4.0.2/jakarta.xml.bind-api-4.0.2.jar:/home/runner/.m2/repository/org/xmlunit/xmlunit-legacy/2.9.1/xmlunit-legacy-2.9.1.jar:/home/runner/.m2/repository/org/xmlunit/xmlunit-placeholders/2.9.1/xmlunit-placeholders-2.9.1.jar:/home/runner/.m2/repository/net/javacrumbs/json-unit/json-unit-core/2.38.0/json-unit-core-2.38.0.jar:/home/runner/.m2/repository/org/hamcrest/hamcrest-core/2.2/hamcrest-core-2.2.jar:/home/runner/.m2/repository/com/jayway/jsonpath/json-path/2.8.0/json-path-2.8.0.jar:/home/runner/.m2/repository/net/minidev/json-smart/2.4.10/json-smart-2.4.10.jar:/home/runner/.m2/repository/net/minidev/accessors-smart/2.4.9/accessors-smart-2.4.9.jar:/home/runner/.m2/repository/org/ow2/asm/asm/9.7.1/asm-9.7.1.jar:/home/runner/.m2/repository/net/sf/jopt-simple/jopt-simple/5.0.4/jopt-simple-5.0.4.jar:/home/runner/.m2/repository/com/github/jknack/handlebars/4.3.1/handlebars-4.3.1.jar:/home/runner/.m2/repository/com/github/jknack/handlebars-helpers/4.3.1/handlebars-helpers-4.3.1.jar:/home/runner/.m2/repository/commons-fileupload/commons-fileupload/1.5/commons-fileupload-1.5.jar:/home/runner/.m2/repository/com/networknt/json-schema-validator/1.5.8/json-schema-validator-1.5.8.jar:/home/runner/.m2/repository/com/ethlo/time/itu/1.10.3/itu-1.10.3.jar:/home/runner/.m2/repository/io/quarkus/quarkus-smallrye-jwt-build/3.20.2/quarkus-smallrye-jwt-build-3.20.2.jar:/home/runner/.m2/repository/io/smallrye/smallrye-jwt-build/4.6.2/smallrye-jwt-build-4.6.2.jar:/home/runner/.m2/repository/org/eclipse/microprofile/jwt/microprofile-jwt-auth-api/2.1/microprofile-jwt-auth-api-2.1.jar:/home/runner/.m2/repository/org/bitbucket/b_c/jose4j/0.9.6/jose4j-0.9.6.jar:/home/runner/.m2/repository/io/smallrye/smallrye-jwt-common/4.6.2/smallrye-jwt-common-4.6.2.jar:/home/runner/.m2/repository/io/quarkus/quarkus-jsonp/3.20.2/quarkus-jsonp-3.20.2.jar:/home/runner/.m2/repository/io/quarkus/quarkus-arc/3.20.2/quarkus-arc-3.20.2.jar:/home/runner/.m2/repository/io/quarkus/arc/arc/3.20.2/arc-3.20.2.jar:/home/runner/.m2/repository/jakarta/transaction/jakarta.transaction-api/2.0.1/jakarta.transaction-api-2.0.1.jar:/home/runner/.m2/repository/io/smallrye/reactive/mutiny/2.9.2/mutiny-2.9.2.jar:/home/runner/.m2/repository/org/jctools/jctools-core/4.0.5/jctools-core-4.0.5.jar:/home/runner/.m2/repository/org/eclipse/microprofile/context-propagation/microprofile-context-propagation-api/1.3/microprofile-context-propagation-api-1.3.jar:/home/runner/.m2/repository/io/apicurio/apicurio-common-rest-client-common/0.1.18.Final/apicurio-common-rest-client-common-0.1.18.Final.jar:/home/runner/work/apicurio-testing/apicurio-testing/clusters/ci419/namespaces/inmemory/tests/integration/apicurio-registry/utils/maven-plugin/target/apicurio-registry-maven-plugin-3.0.12-SNAPSHOT.jar:/home/runner/.m2/repository/com/fasterxml/jackson/core/jackson-databind/2.18.2/jackson-databind-2.18.2.jar:/home/runner/.m2/repository/org/apache/avro/avro/1.12.0/avro-1.12.0.jar:/home/runner/.m2/repository/com/google/protobuf/protobuf-java/4.31.1/protobuf-java-4.31.1.jar:/home/runner/.m2/repository/com/google/protobuf/protobuf-java-util/4.31.1/protobuf-java-util-4.31.1.jar:/home/runner/.m2/repository/com/google/code/findbugs/jsr305/3.0.2/jsr305-3.0.2.jar:/home/runner/.m2/repository/com/google/code/gson/gson/2.12.1/gson-2.12.1.jar:/home/runner/.m2/repository/com/google/errorprone/error_prone_annotations/2.36.0/error_prone_annotations-2.36.0.jar:/home/runner/.m2/repository/com/google/j2objc/j2objc-annotations/2.8/j2objc-annotations-2.8.jar:/home/runner/work/apicurio-testing/apicurio-testing/clusters/ci419/namespaces/inmemory/tests/integration/apicurio-registry/schema-util/util-provider/target/apicurio-registry-schema-util-provider-3.0.12-SNAPSHOT.jar:/home/runner/work/apicurio-testing/apicurio-testing/clusters/ci419/namespaces/inmemory/tests/integration/apicurio-registry/schema-util/common/target/apicurio-registry-schema-util-common-3.0.12-SNAPSHOT.jar:/home/runner/.m2/repository/com/fasterxml/jackson/module/jackson-module-parameter-names/2.18.2/jackson-module-parameter-names-2.18.2.jar:/home/runner/.m2/repository/com/fasterxml/jackson/datatype/jackson-datatype-json-org/2.18.2/jackson-datatype-json-org-2.18.2.jar:/home/runner/work/apicurio-testing/apicurio-testing/clusters/ci419/namespaces/inmemory/tests/integration/apicurio-registry/schema-util/json/target/apicurio-registry-schema-util-json-3.0.12-SNAPSHOT.jar:/home/runner/.m2/repository/com/github/erosb/everit-json-schema/1.14.5/everit-json-schema-1.14.5.jar:/home/runner/.m2/repository/commons-validator/commons-validator/1.9.0/commons-validator-1.9.0.jar:/home/runner/.m2/repository/commons-digester/commons-digester/2.1/commons-digester-2.1.jar:/home/runner/.m2/repository/commons-collections/commons-collections/3.2.2/commons-collections-3.2.2.jar:/home/runner/.m2/repository/com/damnhandy/handy-uri-templates/2.1.8/handy-uri-templates-2.1.8.jar:/home/runner/.m2/repository/joda-time/joda-time/2.10.2/joda-time-2.10.2.jar:/home/runner/.m2/repository/com/github/erosb/json-sKema/0.20.0/json-sKema-0.20.0.jar:/home/runner/.m2/repository/io/vertx/vertx-json-schema/4.5.16/vertx-json-schema-4.5.16.jar:/home/runner/work/apicurio-testing/apicurio-testing/clusters/ci419/namespaces/inmemory/tests/integration/apicurio-registry/schema-util/protobuf/target/apicurio-registry-schema-util-protobuf-3.0.12-SNAPSHOT.jar:/home/runner/work/apicurio-testing/apicurio-testing/clusters/ci419/namespaces/inmemory/tests/integration/apicurio-registry/utils/protobuf-schema-utilities/target/apicurio-registry-protobuf-schema-utilities-3.0.12-SNAPSHOT.jar:/home/runner/.m2/repository/com/google/api/grpc/proto-google-common-protos/2.52.0/proto-google-common-protos-2.52.0.jar:/home/runner/.m2/repository/com/squareup/wire/wire-schema-jvm/5.3.3/wire-schema-jvm-5.3.3.jar:/home/runner/.m2/repository/com/palantir/javapoet/javapoet/0.6.0/javapoet-0.6.0.jar:/home/runner/.m2/repository/com/squareup/kotlinpoet-jvm/2.0.0/kotlinpoet-jvm-2.0.0.jar:/home/runner/.m2/repository/org/jetbrains/kotlin/kotlin-reflect/2.0.21/kotlin-reflect-2.0.21.jar:/home/runner/.m2/repository/com/squareup/wire/wire-runtime-jvm/5.3.3/wire-runtime-jvm-5.3.3.jar:/home/runner/.m2/repository/com/ibm/icu/icu4j/76.1/icu4j-76.1.jar:/home/runner/.m2/repository/com/squareup/okio/okio-fakefilesystem/3.10.2/okio-fakefilesystem-3.10.2.jar:/home/runner/.m2/repository/com/squareup/okio/okio-fakefilesystem-jvm/3.10.2/okio-fakefilesystem-jvm-3.10.2.jar:/home/runner/.m2/repository/org/jetbrains/kotlinx/kotlinx-datetime-jvm/0.6.1/kotlinx-datetime-jvm-0.6.1.jar:/home/runner/work/apicurio-testing/apicurio-testing/clusters/ci419/namespaces/inmemory/tests/integration/apicurio-registry/schema-util/asyncapi/target/apicurio-registry-schema-util-asyncapi-3.0.12-SNAPSHOT.jar:/home/runner/work/apicurio-testing/apicurio-testing/clusters/ci419/namespaces/inmemory/tests/integration/apicurio-registry/schema-util/avro/target/apicurio-registry-schema-util-avro-3.0.12-SNAPSHOT.jar:/home/runner/work/apicurio-testing/apicurio-testing/clusters/ci419/namespaces/inmemory/tests/integration/apicurio-registry/schema-util/graphql/target/apicurio-registry-schema-util-graphql-3.0.12-SNAPSHOT.jar:/home/runner/.m2/repository/com/graphql-java/graphql-java/22.4/graphql-java-22.4.jar:/home/runner/.m2/repository/com/graphql-java/java-dataloader/3.3.0/java-dataloader-3.3.0.jar:/home/runner/work/apicurio-testing/apicurio-testing/clusters/ci419/namespaces/inmemory/tests/integration/apicurio-registry/schema-util/kconnect/target/apicurio-registry-schema-util-kconnect-3.0.12-SNAPSHOT.jar:/home/runner/work/apicurio-testing/apicurio-testing/clusters/ci419/namespaces/inmemory/tests/integration/apicurio-registry/schema-util/openapi/target/apicurio-registry-schema-util-openapi-3.0.12-SNAPSHOT.jar:/home/runner/.m2/repository/io/apicurio/apicurio-data-models/2.2.2/apicurio-data-models-2.2.2.jar:/home/runner/.m2/repository/org/openapitools/openapidiff/openapi-diff-core/2.1.2/openapi-diff-core-2.1.2.jar:/home/runner/.m2/repository/io/swagger/parser/v3/swagger-parser/2.1.28/swagger-parser-2.1.28.jar:/home/runner/.m2/repository/io/swagger/parser/v3/swagger-parser-v2-converter/2.1.28/swagger-parser-v2-converter-2.1.28.jar:/home/runner/.m2/repository/io/swagger/swagger-core/1.6.16/swagger-core-1.6.16.jar:/home/runner/.m2/repository/io/swagger/swagger-models/1.6.16/swagger-models-1.6.16.jar:/home/runner/.m2/repository/io/swagger/swagger-annotations/1.6.16/swagger-annotations-1.6.16.jar:/home/runner/.m2/repository/io/swagger/swagger-parser/1.0.75/swagger-parser-1.0.75.jar:/home/runner/.m2/repository/io/swagger/swagger-parser-safe-url-resolver/1.0.75/swagger-parser-safe-url-resolver-1.0.75.jar:/home/runner/.m2/repository/io/swagger/swagger-compat-spec-parser/1.0.75/swagger-compat-spec-parser-1.0.75.jar:/home/runner/.m2/repository/com/github/java-json-tools/json-schema-validator/2.2.14/json-schema-validator-2.2.14.jar:/home/runner/.m2/repository/com/github/java-json-tools/jackson-coreutils-equivalence/1.0/jackson-coreutils-equivalence-1.0.jar:/home/runner/.m2/repository/com/github/java-json-tools/json-schema-core/1.2.14/json-schema-core-1.2.14.jar:/home/runner/.m2/repository/com/github/java-json-tools/uri-template/0.10/uri-template-0.10.jar:/home/runner/.m2/repository/com/googlecode/libphonenumber/libphonenumber/8.11.1/libphonenumber-8.11.1.jar:/home/runner/.m2/repository/com/j2html/j2html/1.6.0/j2html-1.6.0.jar:/home/runner/.m2/repository/org/apache/commons/commons-collections4/4.5.0/commons-collections4-4.5.0.jar:/home/runner/.m2/repository/org/slf4j/jcl-over-slf4j/2.0.17/jcl-over-slf4j-2.0.17.jar:/home/runner/.m2/repository/io/swagger/parser/v3/swagger-parser-v3/2.1.31/swagger-parser-v3-2.1.31.jar:/home/runner/.m2/repository/io/swagger/core/v3/swagger-models/2.2.34/swagger-models-2.2.34.jar:/home/runner/.m2/repository/io/swagger/core/v3/swagger-core/2.2.34/swagger-core-2.2.34.jar:/home/runner/.m2/repository/io/swagger/parser/v3/swagger-parser-core/2.1.31/swagger-parser-core-2.1.31.jar:/home/runner/.m2/repository/io/swagger/parser/v3/swagger-parser-safe-url-resolver/2.1.31/swagger-parser-safe-url-resolver-2.1.31.jar:/home/runner/work/apicurio-testing/apicurio-testing/clusters/ci419/namespaces/inmemory/tests/integration/apicurio-registry/schema-util/wsdl/target/apicurio-registry-schema-util-wsdl-3.0.12-SNAPSHOT.jar:/home/runner/.m2/repository/wsdl4j/wsdl4j/1.6.3/wsdl4j-1.6.3.jar:/home/runner/work/apicurio-testing/apicurio-testing/clusters/ci419/namespaces/inmemory/tests/integration/apicurio-registry/schema-util/xml/target/apicurio-registry-schema-util-xml-3.0.12-SNAPSHOT.jar:/home/runner/.m2/repository/org/apache/santuario/xmlsec/4.0.4/xmlsec-4.0.4.jar:/home/runner/.m2/repository/com/fasterxml/woodstox/woodstox-core/7.1.1/woodstox-core-7.1.1.jar:/home/runner/.m2/repository/org/codehaus/woodstox/stax2-api/4.2.2/stax2-api-4.2.2.jar:/home/runner/work/apicurio-testing/apicurio-testing/clusters/ci419/namespaces/inmemory/tests/integration/apicurio-registry/schema-util/xsd/target/apicurio-registry-schema-util-xsd-3.0.12-SNAPSHOT.jar:/home/runner/work/apicurio-testing/apicurio-testing/clusters/ci419/namespaces/inmemory/tests/integration/apicurio-registry/serdes/kafka/jsonschema-serde/target/apicurio-registry-jsonschema-serde-kafka-3.0.12-SNAPSHOT.jar:/home/runner/work/apicurio-testing/apicurio-testing/clusters/ci419/namespaces/inmemory/tests/integration/apicurio-registry/serdes/kafka/serde-kafka-common/target/apicurio-registry-serde-kafka-common-3.0.12-SNAPSHOT.jar:/home/runner/work/apicurio-testing/apicurio-testing/clusters/ci419/namespaces/inmemory/tests/integration/apicurio-registry/serdes/generic/serde-common/target/apicurio-registry-serde-common-3.0.12-SNAPSHOT.jar:/home/runner/work/apicurio-testing/apicurio-testing/clusters/ci419/namespaces/inmemory/tests/integration/apicurio-registry/serdes/generic/serde-common-jsonschema/target/apicurio-registry-serde-common-jsonschema-3.0.12-SNAPSHOT.jar:/home/runner/.m2/repository/org/json/json/20250107/json-20250107.jar:/home/runner/work/apicurio-testing/apicurio-testing/clusters/ci419/namespaces/inmemory/tests/integration/apicurio-registry/serdes/kafka/avro-serde/target/apicurio-registry-avro-serde-kafka-3.0.12-SNAPSHOT.jar:/home/runner/work/apicurio-testing/apicurio-testing/clusters/ci419/namespaces/inmemory/tests/integration/apicurio-registry/serdes/generic/serde-common-avro/target/apicurio-registry-serde-common-avro-3.0.12-SNAPSHOT.jar:/home/runner/work/apicurio-testing/apicurio-testing/clusters/ci419/namespaces/inmemory/tests/integration/apicurio-registry/serdes/kafka/protobuf-serde/target/apicurio-registry-protobuf-serde-kafka-3.0.12-SNAPSHOT.jar:/home/runner/work/apicurio-testing/apicurio-testing/clusters/ci419/namespaces/inmemory/tests/integration/apicurio-registry/serdes/generic/serde-common-protobuf/target/apicurio-registry-serde-common-protobuf-3.0.12-SNAPSHOT.jar:/home/runner/.m2/repository/com/squareup/wire/wire-schema/5.3.3/wire-schema-5.3.3.jar:/home/runner/.m2/repository/com/squareup/wire/wire-runtime/5.3.3/wire-runtime-5.3.3.jar:/home/runner/work/apicurio-testing/apicurio-testing/clusters/ci419/namespaces/inmemory/tests/integration/apicurio-registry/serdes/pulsar/avro-serde/target/apicurio-registry-avro-serde-pulsar-3.0.12-SNAPSHOT.jar:/home/runner/.m2/repository/org/apache/pulsar/pulsar-functions-api/3.3.8/pulsar-functions-api-3.3.8.jar:/home/runner/work/apicurio-testing/apicurio-testing/clusters/ci419/namespaces/inmemory/tests/integration/apicurio-registry/serdes/nats/avro-serde/target/apicurio-registry-avro-serde-nats-3.0.12-SNAPSHOT.jar:/home/runner/.m2/repository/io/nats/jnats/2.21.4/jnats-2.21.4.jar:/home/runner/.m2/repository/org/bouncycastle/bcprov-lts8on/2.73.7/bcprov-lts8on-2.73.7.jar:/home/runner/.m2/repository/org/jetbrains/annotations/26.0.2/annotations-26.0.2.jar:/home/runner/work/apicurio-testing/apicurio-testing/clusters/ci419/namespaces/inmemory/tests/integration/apicurio-registry/utils/converter/target/apicurio-registry-utils-converter-3.0.12-SNAPSHOT.jar:/home/runner/work/apicurio-testing/apicurio-testing/clusters/ci419/namespaces/inmemory/tests/integration/apicurio-registry/schema-resolver/target/apicurio-registry-schema-resolver-3.0.12-SNAPSHOT.jar:/home/runner/.m2/repository/org/apache/kafka/connect-api/3.9.1/connect-api-3.9.1.jar:/home/runner/.m2/repository/javax/ws/rs/javax.ws.rs-api/2.1.1/javax.ws.rs-api-2.1.1.jar:/home/runner/.m2/repository/org/apache/kafka/connect-json/3.9.1/connect-json-3.9.1.jar:/home/runner/.m2/repository/com/fasterxml/jackson/datatype/jackson-datatype-jdk8/2.18.2/jackson-datatype-jdk8-2.18.2.jar:/home/runner/.m2/repository/com/fasterxml/jackson/module/jackson-module-afterburner/2.18.2/jackson-module-afterburner-2.18.2.jar:/home/runner/work/apicurio-testing/apicurio-testing/clusters/ci419/namespaces/inmemory/tests/integration/apicurio-registry/utils/kafka/target/apicurio-registry-utils-kafka-3.0.12-SNAPSHOT.jar:/home/runner/.m2/repository/org/apache/pulsar/pulsar-client/3.3.8/pulsar-client-3.3.8.jar:/home/runner/.m2/repository/org/apache/pulsar/pulsar-client-api/3.3.8/pulsar-client-api-3.3.8.jar:/home/runner/.m2/repository/org/apache/pulsar/pulsar-client-admin-api/3.3.8/pulsar-client-admin-api-3.3.8.jar:/home/runner/.m2/repository/org/apache/pulsar/bouncy-castle-bc/3.3.8/bouncy-castle-bc-3.3.8-pkg.jar:/home/runner/.m2/repository/org/bouncycastle/bcpkix-jdk18on/1.81/bcpkix-jdk18on-1.81.jar:/home/runner/.m2/repository/org/bouncycastle/bcutil-jdk18on/1.81/bcutil-jdk18on-1.81.jar:/home/runner/.m2/repository/org/bouncycastle/bcprov-jdk18on/1.81/bcprov-jdk18on-1.81.jar:/home/runner/.m2/repository/io/opentelemetry/opentelemetry-api/1.44.1/opentelemetry-api-1.44.1.jar:/home/runner/.m2/repository/io/opentelemetry/opentelemetry-context/1.44.1/opentelemetry-context-1.44.1.jar:/home/runner/.m2/repository/io/opentelemetry/opentelemetry-api-incubator/1.44.1-alpha/opentelemetry-api-incubator-1.44.1-alpha.jar:/home/runner/.m2/repository/com/fasterxml/jackson/core/jackson-annotations/2.18.2/jackson-annotations-2.18.2.jar:/home/runner/.m2/repository/javax/validation/validation-api/1.1.0.Final/validation-api-1.1.0.Final.jar:/home/runner/.m2/repository/org/jspecify/jspecify/1.0.0/jspecify-1.0.0.jar:/home/runner/.m2/repository/org/apache/commons/commons-configuration2/2.12.0/commons-configuration2-2.12.0.jar:/home/runner/.m2/repository/commons-logging/commons-logging/1.3.5/commons-logging-1.3.5.jar:/home/runner/.m2/repository/org/apache/commons/commons-text/1.13.0/commons-text-1.13.0.jar:/home/runner/.m2/repository/io/confluent/kafka-avro-serializer/8.0.0/kafka-avro-serializer-8.0.0.jar:/home/runner/.m2/repository/org/apache/commons/commons-compress/1.27.1/commons-compress-1.27.1.jar:/home/runner/.m2/repository/io/confluent/kafka-schema-serializer/8.0.0/kafka-schema-serializer-8.0.0.jar:/home/runner/.m2/repository/com/fasterxml/jackson/dataformat/jackson-dataformat-csv/2.18.2/jackson-dataformat-csv-2.18.2.jar:/home/runner/.m2/repository/io/confluent/kafka-schema-registry-client/8.0.0/kafka-schema-registry-client-8.0.0.jar:/home/runner/.m2/repository/org/yaml/snakeyaml/2.3/snakeyaml-2.3.jar:/home/runner/.m2/repository/io/swagger/core/v3/swagger-annotations/2.2.29/swagger-annotations-2.2.29.jar:/home/runner/.m2/repository/com/google/guava/guava/33.4.0-jre/guava-33.4.0-jre.jar:/home/runner/.m2/repository/com/google/guava/failureaccess/1.0.1/failureaccess-1.0.1.jar:/home/runner/.m2/repository/org/checkerframework/checker-qual/3.49.0/checker-qual-3.49.0.jar:/home/runner/.m2/repository/io/confluent/logredactor/1.0.13/logredactor-1.0.13.jar:/home/runner/.m2/repository/com/google/re2j/re2j/1.6/re2j-1.6.jar:/home/runner/.m2/repository/io/confluent/logredactor-metrics/1.0.13/logredactor-metrics-1.0.13.jar:/home/runner/.m2/repository/com/eclipsesource/minimal-json/minimal-json/0.9.5/minimal-json-0.9.5.jar:/home/runner/.m2/repository/io/confluent/common-utils/8.0.0/common-utils-8.0.0.jar:/home/runner/.m2/repository/io/confluent/kafka-connect-avro-converter/8.0.0/kafka-connect-avro-converter-8.0.0.jar:/home/runner/.m2/repository/io/confluent/kafka-connect-avro-data/8.0.0/kafka-connect-avro-data-8.0.0.jar:/home/runner/.m2/repository/io/confluent/kafka-schema-converter/8.0.0/kafka-schema-converter-8.0.0.jar:/home/runner/.m2/repository/io/rest-assured/rest-assured/5.5.1/rest-assured-5.5.1.jar:/home/runner/.m2/repository/org/apache/groovy/groovy/4.0.22/groovy-4.0.22.jar:/home/runner/.m2/repository/org/apache/groovy/groovy-xml/4.0.22/groovy-xml-4.0.22.jar:/home/runner/.m2/repository/org/apache/httpcomponents/httpclient/4.5.14/httpclient-4.5.14.jar:/home/runner/.m2/repository/org/apache/httpcomponents/httpcore/4.4.16/httpcore-4.4.16.jar:/home/runner/.m2/repository/org/apache/httpcomponents/httpmime/4.5.14/httpmime-4.5.14.jar:/home/runner/.m2/repository/org/hamcrest/hamcrest/2.2/hamcrest-2.2.jar:/home/runner/.m2/repository/org/ccil/cowan/tagsoup/tagsoup/1.2.1/tagsoup-1.2.1.jar:/home/runner/.m2/repository/io/rest-assured/json-path/5.5.1/json-path-5.5.1.jar:/home/runner/.m2/repository/org/apache/groovy/groovy-json/4.0.22/groovy-json-4.0.22.jar:/home/runner/.m2/repository/io/rest-assured/rest-assured-common/5.5.1/rest-assured-common-5.5.1.jar:/home/runner/.m2/repository/io/rest-assured/xml-path/5.5.1/xml-path-5.5.1.jar:/home/runner/.m2/repository/io/zonky/test/embedded-postgres/2.1.0/embedded-postgres-2.1.0.jar:/home/runner/.m2/repository/io/zonky/test/postgres/embedded-postgres-binaries-windows-amd64/14.15.0/embedded-postgres-binaries-windows-amd64-14.15.0.jar:/home/runner/.m2/repository/io/zonky/test/postgres/embedded-postgres-binaries-darwin-amd64/14.15.0/embedded-postgres-binaries-darwin-amd64-14.15.0.jar:/home/runner/.m2/repository/io/zonky/test/postgres/embedded-postgres-binaries-linux-amd64/14.15.0/embedded-postgres-binaries-linux-amd64-14.15.0.jar:/home/runner/.m2/repository/io/zonky/test/postgres/embedded-postgres-binaries-linux-amd64-alpine/14.15.0/embedded-postgres-binaries-linux-amd64-alpine-14.15.0.jar:/home/runner/.m2/repository/org/apache/commons/commons-lang3/3.17.0/commons-lang3-3.17.0.jar:/home/runner/.m2/repository/org/tukaani/xz/1.10/xz-1.10.jar:/home/runner/.m2/repository/commons-codec/commons-codec/1.19.0/commons-codec-1.19.0.jar:/home/runner/.m2/repository/org/postgresql/postgresql/42.7.7/postgresql-42.7.7.jar:/home/runner/.m2/repository/commons-io/commons-io/2.18.0/commons-io-2.18.0.jar:/home/runner/work/apicurio-testing/apicurio-testing/clusters/ci419/namespaces/inmemory/tests/integration/apicurio-registry/utils/importexport/target/apicurio-registry-utils-import-export-3.0.12-SNAPSHOT.jar:/home/runner/.m2/repository/io/vertx/vertx-core/4.5.16/vertx-core-4.5.16.jar:/home/runner/.m2/repository/io/netty/netty-common/4.1.121.Final/netty-common-4.1.121.Final.jar:/home/runner/.m2/repository/io/netty/netty-buffer/4.1.121.Final/netty-buffer-4.1.121.Final.jar:/home/runner/.m2/repository/io/netty/netty-transport/4.1.121.Final/netty-transport-4.1.121.Final.jar:/home/runner/.m2/repository/io/netty/netty-handler/4.1.121.Final/netty-handler-4.1.121.Final.jar:/home/runner/.m2/repository/io/netty/netty-transport-native-unix-common/4.1.121.Final/netty-transport-native-unix-common-4.1.121.Final.jar:/home/runner/.m2/repository/io/netty/netty-codec/4.1.121.Final/netty-codec-4.1.121.Final.jar:/home/runner/.m2/repository/io/netty/netty-handler-proxy/4.1.121.Final/netty-handler-proxy-4.1.121.Final.jar:/home/runner/.m2/repository/io/netty/netty-codec-socks/4.1.121.Final/netty-codec-socks-4.1.121.Final.jar:/home/runner/.m2/repository/io/netty/netty-codec-http/4.1.121.Final/netty-codec-http-4.1.121.Final.jar:/home/runner/.m2/repository/io/netty/netty-codec-http2/4.1.121.Final/netty-codec-http2-4.1.121.Final.jar:/home/runner/.m2/repository/io/netty/netty-resolver/4.1.121.Final/netty-resolver-4.1.121.Final.jar:/home/runner/.m2/repository/io/netty/netty-resolver-dns/4.1.121.Final/netty-resolver-dns-4.1.121.Final.jar:/home/runner/.m2/repository/io/netty/netty-codec-dns/4.1.121.Final/netty-codec-dns-4.1.121.Final.jar:/home/runner/.m2/repository/com/fasterxml/jackson/core/jackson-core/2.18.2/jackson-core-2.18.2.jar:"/>
    <property name="java.vm.vendor" value="Eclipse Adoptium"/>
    <property name="maven.javadoc.skip" value="true"/>
    <property name="sun.arch.data.model" value="64"/>
    <property name="java.vendor.url" value="https://adoptium.net/"/>
    <property name="user.timezone" value="Etc/UTC"/>
    <property name="os.name" value="Linux"/>
    <property name="java.vm.specification.version" value="17"/>
    <property name="sun.java.launcher" value="SUN_STANDARD"/>
    <property name="quarkus.http.test-port" value="80"/>
    <property name="sun.boot.library.path" value="/usr/lib/jvm/temurin-17-jdk-amd64/lib"/>
    <property name="sun.java.command" value="/home/runner/work/apicurio-testing/apicurio-testing/clusters/ci419/namespaces/inmemory/tests/integration/apicurio-registry/integration-tests/target/surefire/surefirebooter-20250806153421324_3.jar /home/runner/work/apicurio-testing/apicurio-testing/clusters/ci419/namespaces/inmemory/tests/integration/apicurio-registry/integration-tests/target/surefire 2025-08-06T15-34-21_249-jvmRun1 surefire-20250806153421324_1tmp surefire_0-20250806153421324_2tmp"/>
    <property name="maven.home" value="/home/runner/.m2/wrapper/dists/apache-maven-3.9.8-bin/4fnp1ql35bgk2a0p7m31ovbgb0/apache-maven-3.9.8"/>
    <property name="jdk.debug" value="release"/>
    <property name="surefire.test.class.path" value="/home/runner/work/apicurio-testing/apicurio-testing/clusters/ci419/namespaces/inmemory/tests/integration/apicurio-registry/integration-tests/target/test-classes:/home/runner/work/apicurio-testing/apicurio-testing/clusters/ci419/namespaces/inmemory/tests/integration/apicurio-registry/integration-tests/target/apicurio-registry-integration-tests-3.0.12-SNAPSHOT.jar:/home/runner/.m2/repository/io/quarkus/quarkus-junit5/3.20.2/quarkus-junit5-3.20.2.jar:/home/runner/.m2/repository/io/quarkus/quarkus-bootstrap-core/3.20.2/quarkus-bootstrap-core-3.20.2.jar:/home/runner/.m2/repository/io/quarkus/quarkus-classloader-commons/3.20.2/quarkus-classloader-commons-3.20.2.jar:/home/runner/.m2/repository/io/quarkus/quarkus-bootstrap-app-model/3.20.2/quarkus-bootstrap-app-model-3.20.2.jar:/home/runner/.m2/repository/io/smallrye/common/smallrye-common-io/2.12.0/smallrye-common-io-2.12.0.jar:/home/runner/.m2/repository/org/eclipse/sisu/org.eclipse.sisu.inject/0.9.0.M3/org.eclipse.sisu.inject-0.9.0.M3.jar:/home/runner/.m2/repository/io/quarkus/quarkus-test-common/3.20.2/quarkus-test-common-3.20.2.jar:/home/runner/.m2/repository/io/quarkus/quarkus-core-deployment/3.20.2/quarkus-core-deployment-3.20.2.jar:/home/runner/.m2/repository/org/aesh/readline/2.6/readline-2.6.jar:/home/runner/.m2/repository/org/fusesource/jansi/jansi/2.4.0/jansi-2.4.0.jar:/home/runner/.m2/repository/org/aesh/aesh/2.8.2/aesh-2.8.2.jar:/home/runner/.m2/repository/io/quarkus/gizmo/gizmo/1.8.0/gizmo-1.8.0.jar:/home/runner/.m2/repository/org/ow2/asm/asm-util/9.7.1/asm-util-9.7.1.jar:/home/runner/.m2/repository/org/ow2/asm/asm-analysis/9.7.1/asm-analysis-9.7.1.jar:/home/runner/.m2/repository/org/ow2/asm/asm-commons/9.7.1/asm-commons-9.7.1.jar:/home/runner/.m2/repository/org/ow2/asm/asm-tree/9.7.1/asm-tree-9.7.1.jar:/home/runner/.m2/repository/io/quarkus/quarkus-hibernate-validator-spi/3.20.2/quarkus-hibernate-validator-spi-3.20.2.jar:/home/runner/.m2/repository/io/quarkus/quarkus-class-change-agent/3.20.2/quarkus-class-change-agent-3.20.2.jar:/home/runner/.m2/repository/io/quarkus/quarkus-devtools-utilities/3.20.2/quarkus-devtools-utilities-3.20.2.jar:/home/runner/.m2/repository/io/quarkus/quarkus-builder/3.20.2/quarkus-builder-3.20.2.jar:/home/runner/.m2/repository/org/graalvm/sdk/nativeimage/23.1.2/nativeimage-23.1.2.jar:/home/runner/.m2/repository/org/graalvm/sdk/word/23.1.2/word-23.1.2.jar:/home/runner/.m2/repository/io/quarkus/quarkus-bootstrap-maven-resolver/3.20.2/quarkus-bootstrap-maven-resolver-3.20.2.jar:/home/runner/.m2/repository/io/smallrye/beanbag/smallrye-beanbag-maven/1.5.2/smallrye-beanbag-maven-1.5.2.jar:/home/runner/.m2/repository/io/smallrye/beanbag/smallrye-beanbag-sisu/1.5.2/smallrye-beanbag-sisu-1.5.2.jar:/home/runner/.m2/repository/io/smallrye/beanbag/smallrye-beanbag/1.5.2/smallrye-beanbag-1.5.2.jar:/home/runner/.m2/repository/javax/inject/javax.inject/1/javax.inject-1.jar:/home/runner/.m2/repository/org/apache/maven/maven-artifact/3.9.9/maven-artifact-3.9.9.jar:/home/runner/.m2/repository/org/apache/maven/maven-builder-support/3.9.9/maven-builder-support-3.9.9.jar:/home/runner/.m2/repository/org/apache/maven/maven-model/3.9.9/maven-model-3.9.9.jar:/home/runner/.m2/repository/org/apache/maven/maven-model-builder/3.9.9/maven-model-builder-3.9.9.jar:/home/runner/.m2/repository/org/apache/maven/maven-repository-metadata/3.9.9/maven-repository-metadata-3.9.9.jar:/home/runner/.m2/repository/org/apache/maven/maven-settings/3.9.9/maven-settings-3.9.9.jar:/home/runner/.m2/repository/org/apache/maven/resolver/maven-resolver-api/1.9.22/maven-resolver-api-1.9.22.jar:/home/runner/.m2/repository/org/apache/maven/resolver/maven-resolver-impl/1.9.22/maven-resolver-impl-1.9.22.jar:/home/runner/.m2/repository/org/apache/maven/resolver/maven-resolver-named-locks/1.9.22/maven-resolver-named-locks-1.9.22.jar:/home/runner/.m2/repository/org/apache/maven/resolver/maven-resolver-spi/1.9.22/maven-resolver-spi-1.9.22.jar:/home/runner/.m2/repository/org/apache/maven/resolver/maven-resolver-util/1.9.22/maven-resolver-util-1.9.22.jar:/home/runner/.m2/repository/org/apache/maven/resolver/maven-resolver-transport-http/1.9.20/maven-resolver-transport-http-1.9.20.jar:/home/runner/.m2/repository/org/apache/maven/wagon/wagon-provider-api/3.5.3/wagon-provider-api-3.5.3.jar:/home/runner/.m2/repository/org/apache/maven/wagon/wagon-http-shared/3.5.3/wagon-http-shared-3.5.3.jar:/home/runner/.m2/repository/org/codehaus/plexus/plexus-interpolation/1.26/plexus-interpolation-1.26.jar:/home/runner/.m2/repository/org/codehaus/plexus/plexus-utils/3.5.1/plexus-utils-3.5.1.jar:/home/runner/.m2/repository/org/codehaus/plexus/plexus-xml/4.0.1/plexus-xml-4.0.1.jar:/home/runner/.m2/repository/org/apache/maven/maven-xml-impl/4.0.0-alpha-5/maven-xml-impl-4.0.0-alpha-5.jar:/home/runner/.m2/repository/org/apache/maven/maven-api-xml/4.0.0-alpha-5/maven-api-xml-4.0.0-alpha-5.jar:/home/runner/.m2/repository/org/apache/maven/maven-api-meta/4.0.0-alpha-5/maven-api-meta-4.0.0-alpha-5.jar:/home/runner/.m2/repository/org/codehaus/plexus/plexus-cipher/2.0/plexus-cipher-2.0.jar:/home/runner/.m2/repository/org/codehaus/plexus/plexus-sec-dispatcher/2.0/plexus-sec-dispatcher-2.0.jar:/home/runner/.m2/repository/org/apache/maven/maven-embedder/3.9.9/maven-embedder-3.9.9.jar:/home/runner/.m2/repository/org/apache/maven/maven-core/3.9.9/maven-core-3.9.9.jar:/home/runner/.m2/repository/org/codehaus/plexus/plexus-component-annotations/2.1.0/plexus-component-annotations-2.1.0.jar:/home/runner/.m2/repository/org/apache/maven/maven-plugin-api/3.9.9/maven-plugin-api-3.9.9.jar:/home/runner/.m2/repository/org/apache/maven/shared/maven-shared-utils/3.4.2/maven-shared-utils-3.4.2.jar:/home/runner/.m2/repository/com/google/inject/guice/5.1.0/guice-5.1.0.jar:/home/runner/.m2/repository/aopalliance/aopalliance/1.0/aopalliance-1.0.jar:/home/runner/.m2/repository/org/codehaus/plexus/plexus-classworlds/2.6.0/plexus-classworlds-2.6.0.jar:/home/runner/.m2/repository/commons-cli/commons-cli/1.8.0/commons-cli-1.8.0.jar:/home/runner/.m2/repository/org/eclipse/sisu/org.eclipse.sisu.plexus/0.9.0.M3/org.eclipse.sisu.plexus-0.9.0.M3.jar:/home/runner/.m2/repository/org/apache/maven/maven-settings-builder/3.9.9/maven-settings-builder-3.9.9.jar:/home/runner/.m2/repository/org/apache/maven/maven-resolver-provider/3.9.9/maven-resolver-provider-3.9.9.jar:/home/runner/.m2/repository/org/apache/maven/resolver/maven-resolver-connector-basic/1.9.22/maven-resolver-connector-basic-1.9.22.jar:/home/runner/.m2/repository/org/apache/maven/resolver/maven-resolver-transport-wagon/1.9.22/maven-resolver-transport-wagon-1.9.22.jar:/home/runner/.m2/repository/org/apache/maven/wagon/wagon-http/3.5.3/wagon-http-3.5.3.jar:/home/runner/.m2/repository/org/apache/maven/wagon/wagon-file/3.5.3/wagon-file-3.5.3.jar:/home/runner/.m2/repository/io/quarkus/quarkus-bootstrap-gradle-resolver/3.20.2/quarkus-bootstrap-gradle-resolver-3.20.2.jar:/home/runner/.m2/repository/io/smallrye/jandex/3.3.0/jandex-3.3.0.jar:/home/runner/.m2/repository/org/jboss/logging/commons-logging-jboss-logging/1.0.0.Final/commons-logging-jboss-logging-1.0.0.Final.jar:/home/runner/.m2/repository/io/quarkus/quarkus-junit5-config/3.20.2/quarkus-junit5-config-3.20.2.jar:/home/runner/.m2/repository/org/junit/jupiter/junit-jupiter-api/5.12.1/junit-jupiter-api-5.12.1.jar:/home/runner/.m2/repository/io/smallrye/config/smallrye-config/3.11.4/smallrye-config-3.11.4.jar:/home/runner/.m2/repository/io/smallrye/config/smallrye-config-core/3.11.4/smallrye-config-core-3.11.4.jar:/home/runner/.m2/repository/io/smallrye/common/smallrye-common-classloader/2.12.0/smallrye-common-classloader-2.12.0.jar:/home/runner/.m2/repository/io/smallrye/config/smallrye-config-common/3.11.4/smallrye-config-common-3.11.4.jar:/home/runner/.m2/repository/org/junit/jupiter/junit-jupiter/5.12.1/junit-jupiter-5.12.1.jar:/home/runner/.m2/repository/org/junit/jupiter/junit-jupiter-params/5.12.1/junit-jupiter-params-5.12.1.jar:/home/runner/.m2/repository/org/junit/jupiter/junit-jupiter-engine/5.12.1/junit-jupiter-engine-5.12.1.jar:/home/runner/.m2/repository/io/quarkus/quarkus-core/3.20.2/quarkus-core-3.20.2.jar:/home/runner/.m2/repository/jakarta/enterprise/jakarta.enterprise.cdi-api/4.1.0/jakarta.enterprise.cdi-api-4.1.0.jar:/home/runner/.m2/repository/jakarta/enterprise/jakarta.enterprise.lang-model/4.1.0/jakarta.enterprise.lang-model-4.1.0.jar:/home/runner/.m2/repository/jakarta/el/jakarta.el-api/5.0.1/jakarta.el-api-5.0.1.jar:/home/runner/.m2/repository/jakarta/interceptor/jakarta.interceptor-api/2.2.0/jakarta.interceptor-api-2.2.0.jar:/home/runner/.m2/repository/jakarta/inject/jakarta.inject-api/2.0.1/jakarta.inject-api-2.0.1.jar:/home/runner/.m2/repository/io/smallrye/common/smallrye-common-os/2.12.0/smallrye-common-os-2.12.0.jar:/home/runner/.m2/repository/io/quarkus/quarkus-ide-launcher/3.20.2/quarkus-ide-launcher-3.20.2.jar:/home/runner/.m2/repository/io/quarkus/quarkus-development-mode-spi/3.20.2/quarkus-development-mode-spi-3.20.2.jar:/home/runner/.m2/repository/org/jboss/logging/jboss-logging/3.6.1.Final/jboss-logging-3.6.1.Final.jar:/home/runner/.m2/repository/org/jboss/logmanager/jboss-logmanager/3.1.2.Final/jboss-logmanager-3.1.2.Final.jar:/home/runner/.m2/repository/io/smallrye/common/smallrye-common-constraint/2.12.0/smallrye-common-constraint-2.12.0.jar:/home/runner/.m2/repository/io/smallrye/common/smallrye-common-cpu/2.12.0/smallrye-common-cpu-2.12.0.jar:/home/runner/.m2/repository/io/smallrye/common/smallrye-common-expression/2.12.0/smallrye-common-expression-2.12.0.jar:/home/runner/.m2/repository/io/smallrye/common/smallrye-common-net/2.12.0/smallrye-common-net-2.12.0.jar:/home/runner/.m2/repository/io/smallrye/common/smallrye-common-ref/2.12.0/smallrye-common-ref-2.12.0.jar:/home/runner/.m2/repository/jakarta/json/jakarta.json-api/2.1.3/jakarta.json-api-2.1.3.jar:/home/runner/.m2/repository/org/eclipse/parsson/parsson/1.1.7/parsson-1.1.7.jar:/home/runner/.m2/repository/org/jboss/logging/jboss-logging-annotations/3.0.4.Final/jboss-logging-annotations-3.0.4.Final.jar:/home/runner/.m2/repository/org/jboss/threads/jboss-threads/3.8.0.Final/jboss-threads-3.8.0.Final.jar:/home/runner/.m2/repository/io/smallrye/common/smallrye-common-annotation/2.12.0/smallrye-common-annotation-2.12.0.jar:/home/runner/.m2/repository/io/smallrye/common/smallrye-common-function/2.12.0/smallrye-common-function-2.12.0.jar:/home/runner/.m2/repository/org/jboss/slf4j/slf4j-jboss-logmanager/2.0.0.Final/slf4j-jboss-logmanager-2.0.0.Final.jar:/home/runner/.m2/repository/org/wildfly/common/wildfly-common/2.0.1/wildfly-common-2.0.1.jar:/home/runner/.m2/repository/io/quarkus/quarkus-bootstrap-runner/3.20.2/quarkus-bootstrap-runner-3.20.2.jar:/home/runner/.m2/repository/io/github/crac/org-crac/0.1.3/org-crac-0.1.3.jar:/home/runner/.m2/repository/io/quarkus/quarkus-fs-util/0.0.10/quarkus-fs-util-0.0.10.jar:/home/runner/.m2/repository/org/jboss/marshalling/jboss-marshalling/2.2.2.Final/jboss-marshalling-2.2.2.Final.jar:/home/runner/.m2/repository/io/fabric8/kubernetes-client/7.1.0/kubernetes-client-7.1.0.jar:/home/runner/.m2/repository/io/fabric8/kubernetes-client-api/7.1.0/kubernetes-client-api-7.1.0.jar:/home/runner/.m2/repository/io/fabric8/kubernetes-model-core/7.1.0/kubernetes-model-core-7.1.0.jar:/home/runner/.m2/repository/io/fabric8/kubernetes-model-common/7.1.0/kubernetes-model-common-7.1.0.jar:/home/runner/.m2/repository/javax/annotation/javax.annotation-api/1.3.2/javax.annotation-api-1.3.2.jar:/home/runner/.m2/repository/io/fabric8/kubernetes-model-gatewayapi/7.1.0/kubernetes-model-gatewayapi-7.1.0.jar:/home/runner/.m2/repository/io/fabric8/kubernetes-model-resource/7.1.0/kubernetes-model-resource-7.1.0.jar:/home/runner/.m2/repository/io/fabric8/kubernetes-model-rbac/7.1.0/kubernetes-model-rbac-7.1.0.jar:/home/runner/.m2/repository/io/fabric8/kubernetes-model-admissionregistration/7.1.0/kubernetes-model-admissionregistration-7.1.0.jar:/home/runner/.m2/repository/io/fabric8/kubernetes-model-apps/7.1.0/kubernetes-model-apps-7.1.0.jar:/home/runner/.m2/repository/io/fabric8/kubernetes-model-autoscaling/7.1.0/kubernetes-model-autoscaling-7.1.0.jar:/home/runner/.m2/repository/io/fabric8/kubernetes-model-apiextensions/7.1.0/kubernetes-model-apiextensions-7.1.0.jar:/home/runner/.m2/repository/io/fabric8/kubernetes-model-batch/7.1.0/kubernetes-model-batch-7.1.0.jar:/home/runner/.m2/repository/io/fabric8/kubernetes-model-certificates/7.1.0/kubernetes-model-certificates-7.1.0.jar:/home/runner/.m2/repository/io/fabric8/kubernetes-model-coordination/7.1.0/kubernetes-model-coordination-7.1.0.jar:/home/runner/.m2/repository/io/fabric8/kubernetes-model-discovery/7.1.0/kubernetes-model-discovery-7.1.0.jar:/home/runner/.m2/repository/io/fabric8/kubernetes-model-events/7.1.0/kubernetes-model-events-7.1.0.jar:/home/runner/.m2/repository/io/fabric8/kubernetes-model-extensions/7.1.0/kubernetes-model-extensions-7.1.0.jar:/home/runner/.m2/repository/io/fabric8/kubernetes-model-flowcontrol/7.1.0/kubernetes-model-flowcontrol-7.1.0.jar:/home/runner/.m2/repository/io/fabric8/kubernetes-model-networking/7.1.0/kubernetes-model-networking-7.1.0.jar:/home/runner/.m2/repository/io/fabric8/kubernetes-model-metrics/7.1.0/kubernetes-model-metrics-7.1.0.jar:/home/runner/.m2/repository/io/fabric8/kubernetes-model-policy/7.1.0/kubernetes-model-policy-7.1.0.jar:/home/runner/.m2/repository/io/fabric8/kubernetes-model-scheduling/7.1.0/kubernetes-model-scheduling-7.1.0.jar:/home/runner/.m2/repository/io/fabric8/kubernetes-model-storageclass/7.1.0/kubernetes-model-storageclass-7.1.0.jar:/home/runner/.m2/repository/io/fabric8/kubernetes-model-node/7.1.0/kubernetes-model-node-7.1.0.jar:/home/runner/.m2/repository/org/snakeyaml/snakeyaml-engine/2.9/snakeyaml-engine-2.9.jar:/home/runner/.m2/repository/com/fasterxml/jackson/dataformat/jackson-dataformat-yaml/2.18.2/jackson-dataformat-yaml-2.18.2.jar:/home/runner/.m2/repository/com/fasterxml/jackson/datatype/jackson-datatype-jsr310/2.18.2/jackson-datatype-jsr310-2.18.2.jar:/home/runner/.m2/repository/io/fabric8/zjsonpatch/7.1.0/zjsonpatch-7.1.0.jar:/home/runner/.m2/repository/io/fabric8/kubernetes-httpclient-vertx/7.1.0/kubernetes-httpclient-vertx-7.1.0.jar:/home/runner/.m2/repository/io/vertx/vertx-web-client/4.5.16/vertx-web-client-4.5.16.jar:/home/runner/.m2/repository/io/vertx/vertx-web-common/4.5.16/vertx-web-common-4.5.16.jar:/home/runner/.m2/repository/io/vertx/vertx-auth-common/4.5.16/vertx-auth-common-4.5.16.jar:/home/runner/.m2/repository/io/vertx/vertx-uri-template/4.5.16/vertx-uri-template-4.5.16.jar:/home/runner/.m2/repository/io/fabric8/openshift-client/7.1.0/openshift-client-7.1.0.jar:/home/runner/.m2/repository/io/fabric8/openshift-client-api/7.1.0/openshift-client-api-7.1.0.jar:/home/runner/.m2/repository/io/fabric8/openshift-model/7.1.0/openshift-model-7.1.0.jar:/home/runner/.m2/repository/io/fabric8/openshift-model-autoscaling/7.1.0/openshift-model-autoscaling-7.1.0.jar:/home/runner/.m2/repository/io/fabric8/openshift-model-operator/7.1.0/openshift-model-operator-7.1.0.jar:/home/runner/.m2/repository/io/fabric8/openshift-model-operatorhub/7.1.0/openshift-model-operatorhub-7.1.0.jar:/home/runner/.m2/repository/io/fabric8/openshift-model-machine/7.1.0/openshift-model-machine-7.1.0.jar:/home/runner/.m2/repository/io/fabric8/openshift-model-whereabouts/7.1.0/openshift-model-whereabouts-7.1.0.jar:/home/runner/.m2/repository/io/fabric8/openshift-model-monitoring/7.1.0/openshift-model-monitoring-7.1.0.jar:/home/runner/.m2/repository/io/fabric8/openshift-model-storageversionmigrator/7.1.0/openshift-model-storageversionmigrator-7.1.0.jar:/home/runner/.m2/repository/io/fabric8/openshift-model-tuned/7.1.0/openshift-model-tuned-7.1.0.jar:/home/runner/.m2/repository/io/fabric8/openshift-model-console/7.1.0/openshift-model-console-7.1.0.jar:/home/runner/.m2/repository/io/fabric8/openshift-model-config/7.1.0/openshift-model-config-7.1.0.jar:/home/runner/.m2/repository/io/fabric8/openshift-model-machineconfiguration/7.1.0/openshift-model-machineconfiguration-7.1.0.jar:/home/runner/.m2/repository/io/fabric8/openshift-model-miscellaneous/7.1.0/openshift-model-miscellaneous-7.1.0.jar:/home/runner/.m2/repository/io/fabric8/openshift-model-hive/7.1.0/openshift-model-hive-7.1.0.jar:/home/runner/.m2/repository/io/fabric8/openshift-model-installer/7.1.0/openshift-model-installer-7.1.0.jar:/home/runner/.m2/repository/org/junit/platform/junit-platform-launcher/1.12.1/junit-platform-launcher-1.12.1.jar:/home/runner/.m2/repository/org/junit/platform/junit-platform-engine/1.12.1/junit-platform-engine-1.12.1.jar:/home/runner/.m2/repository/org/opentest4j/opentest4j/1.3.0/opentest4j-1.3.0.jar:/home/runner/.m2/repository/org/junit/platform/junit-platform-commons/1.12.1/junit-platform-commons-1.12.1.jar:/home/runner/.m2/repository/org/apiguardian/apiguardian-api/1.1.2/apiguardian-api-1.1.2.jar:/home/runner/.m2/repository/jakarta/ws/rs/jakarta.ws.rs-api/3.1.0/jakarta.ws.rs-api-3.1.0.jar:/home/runner/work/apicurio-testing/apicurio-testing/clusters/ci419/namespaces/inmemory/tests/integration/apicurio-registry/java-sdk/target/apicurio-registry-java-sdk-3.0.12-SNAPSHOT.jar:/home/runner/.m2/repository/com/microsoft/kiota/microsoft-kiota-abstractions/1.8.8/microsoft-kiota-abstractions-1.8.8.jar:/home/runner/.m2/repository/io/github/std-uritemplate/std-uritemplate/2.0.0/std-uritemplate-2.0.0.jar:/home/runner/.m2/repository/io/kiota/kiota-http-jdk/0.0.29/kiota-http-jdk-0.0.29.jar:/home/runner/.m2/repository/io/kiota/kiota-http-vertx/0.0.29/kiota-http-vertx-0.0.29.jar:/home/runner/.m2/repository/io/kiota/kiota-serialization-jackson/0.0.29/kiota-serialization-jackson-0.0.29.jar:/home/runner/.m2/repository/com/microsoft/kiota/microsoft-kiota-serialization-text/1.8.8/microsoft-kiota-serialization-text-1.8.8.jar:/home/runner/.m2/repository/com/microsoft/kiota/microsoft-kiota-serialization-form/1.8.8/microsoft-kiota-serialization-form-1.8.8.jar:/home/runner/.m2/repository/com/microsoft/kiota/microsoft-kiota-serialization-multipart/1.8.8/microsoft-kiota-serialization-multipart-1.8.8.jar:/home/runner/.m2/repository/jakarta/annotation/jakarta.annotation-api/3.0.0/jakarta.annotation-api-3.0.0.jar:/home/runner/.m2/repository/io/vertx/vertx-auth-oauth2/4.5.16/vertx-auth-oauth2-4.5.16.jar:/home/runner/work/apicurio-testing/apicurio-testing/clusters/ci419/namespaces/inmemory/tests/integration/apicurio-registry/java-sdk-v2/target/apicurio-registry-v2-java-sdk-3.0.12-SNAPSHOT.jar:/home/runner/work/apicurio-testing/apicurio-testing/clusters/ci419/namespaces/inmemory/tests/integration/apicurio-registry/utils/kafka/target/apicurio-registry-utils-kafka-3.0.12-SNAPSHOT-tests.jar:/home/runner/.m2/repository/org/eclipse/microprofile/config/microprofile-config-api/3.1/microprofile-config-api-3.1.jar:/home/runner/.m2/repository/org/apache/kafka/kafka-clients/3.9.1/kafka-clients-3.9.1.jar:/home/runner/.m2/repository/com/github/luben/zstd-jni/1.5.6-4/zstd-jni-1.5.6-4.jar:/home/runner/.m2/repository/org/lz4/lz4-java/1.8.0/lz4-java-1.8.0.jar:/home/runner/.m2/repository/org/xerial/snappy/snappy-java/1.1.10.5/snappy-java-1.1.10.5.jar:/home/runner/.m2/repository/org/slf4j/slf4j-api/2.0.6/slf4j-api-2.0.6.jar:/home/runner/work/apicurio-testing/apicurio-testing/clusters/ci419/namespaces/inmemory/tests/integration/apicurio-registry/utils/tests/target/apicurio-registry-utils-tests-3.0.12-SNAPSHOT.jar:/home/runner/work/apicurio-testing/apicurio-testing/clusters/ci419/namespaces/inmemory/tests/integration/apicurio-registry/common/target/apicurio-registry-common-3.0.12-SNAPSHOT.jar:/home/runner/.m2/repository/jakarta/validation/jakarta.validation-api/3.0.2/jakarta.validation-api-3.0.2.jar:/home/runner/.m2/repository/com/github/dasniko/testcontainers-keycloak/3.8.0/testcontainers-keycloak-3.8.0.jar:/home/runner/.m2/repository/org/testcontainers/testcontainers/1.20.6/testcontainers-1.20.6.jar:/home/runner/.m2/repository/org/rnorth/duct-tape/duct-tape/1.0.8/duct-tape-1.0.8.jar:/home/runner/.m2/repository/com/github/docker-java/docker-java-transport-zerodep/3.4.1/docker-java-transport-zerodep-3.4.1.jar:/home/runner/.m2/repository/com/github/docker-java/docker-java-transport/3.4.1/docker-java-transport-3.4.1.jar:/home/runner/.m2/repository/net/java/dev/jna/jna/5.8.0/jna-5.8.0.jar:/home/runner/.m2/repository/io/quarkus/quarkus-junit4-mock/3.20.2/quarkus-junit4-mock-3.20.2.jar:/home/runner/.m2/repository/org/jboss/shrinkwrap/shrinkwrap-api/2.0.0-beta-2/shrinkwrap-api-2.0.0-beta-2.jar:/home/runner/.m2/repository/org/jboss/shrinkwrap/shrinkwrap-impl-base/2.0.0-beta-2/shrinkwrap-impl-base-2.0.0-beta-2.jar:/home/runner/.m2/repository/org/jboss/shrinkwrap/shrinkwrap-spi/2.0.0-beta-2/shrinkwrap-spi-2.0.0-beta-2.jar:/home/runner/.m2/repository/org/keycloak/keycloak-admin-client/26.0.4/keycloak-admin-client-26.0.4.jar:/home/runner/.m2/repository/org/keycloak/keycloak-client-common-synced/26.0.4/keycloak-client-common-synced-26.0.4.jar:/home/runner/.m2/repository/jakarta/activation/jakarta.activation-api/2.1.3/jakarta.activation-api-2.1.3.jar:/home/runner/.m2/repository/org/eclipse/microprofile/openapi/microprofile-openapi-api/4.0.2/microprofile-openapi-api-4.0.2.jar:/home/runner/.m2/repository/org/jboss/resteasy/resteasy-client/6.2.12.Final/resteasy-client-6.2.12.Final.jar:/home/runner/.m2/repository/org/jboss/resteasy/resteasy-client-api/6.2.12.Final/resteasy-client-api-6.2.12.Final.jar:/home/runner/.m2/repository/org/jboss/resteasy/resteasy-core-spi/6.2.12.Final/resteasy-core-spi-6.2.12.Final.jar:/home/runner/.m2/repository/org/jboss/resteasy/resteasy-core/6.2.12.Final/resteasy-core-6.2.12.Final.jar:/home/runner/.m2/repository/org/eclipse/angus/angus-activation/2.0.2/angus-activation-2.0.2.jar:/home/runner/.m2/repository/com/ibm/async/asyncutil/0.1.0/asyncutil-0.1.0.jar:/home/runner/.m2/repository/org/reactivestreams/reactive-streams/1.0.4/reactive-streams-1.0.4.jar:/home/runner/.m2/repository/org/jboss/resteasy/resteasy-multipart-provider/6.2.12.Final/resteasy-multipart-provider-6.2.12.Final.jar:/home/runner/.m2/repository/jakarta/mail/jakarta.mail-api/2.1.3/jakarta.mail-api-2.1.3.jar:/home/runner/.m2/repository/org/eclipse/angus/angus-mail/2.0.3/angus-mail-2.0.3.jar:/home/runner/.m2/repository/org/apache/james/apache-mime4j-dom/0.8.12/apache-mime4j-dom-0.8.12.jar:/home/runner/.m2/repository/org/apache/james/apache-mime4j-core/0.8.12/apache-mime4j-core-0.8.12.jar:/home/runner/.m2/repository/org/apache/james/apache-mime4j-storage/0.8.12/apache-mime4j-storage-0.8.12.jar:/home/runner/.m2/repository/org/jboss/resteasy/resteasy-jackson2-provider/6.2.12.Final/resteasy-jackson2-provider-6.2.12.Final.jar:/home/runner/.m2/repository/com/fasterxml/jackson/jakarta/rs/jackson-jakarta-rs-base/2.18.2/jackson-jakarta-rs-base-2.18.2.jar:/home/runner/.m2/repository/com/fasterxml/jackson/jakarta/rs/jackson-jakarta-rs-json-provider/2.18.2/jackson-jakarta-rs-json-provider-2.18.2.jar:/home/runner/.m2/repository/com/fasterxml/jackson/module/jackson-module-jakarta-xmlbind-annotations/2.18.2/jackson-module-jakarta-xmlbind-annotations-2.18.2.jar:/home/runner/.m2/repository/com/github/java-json-tools/json-patch/1.13/json-patch-1.13.jar:/home/runner/.m2/repository/com/github/java-json-tools/msg-simple/1.2/msg-simple-1.2.jar:/home/runner/.m2/repository/com/github/java-json-tools/btf/1.3/btf-1.3.jar:/home/runner/.m2/repository/com/github/java-json-tools/jackson-coreutils/2.0/jackson-coreutils-2.0.jar:/home/runner/.m2/repository/org/jboss/resteasy/resteasy-jaxb-provider/6.2.12.Final/resteasy-jaxb-provider-6.2.12.Final.jar:/home/runner/.m2/repository/org/glassfish/jaxb/codemodel/4.0.5/codemodel-4.0.5.jar:/home/runner/.m2/repository/org/glassfish/jaxb/jaxb-core/4.0.5/jaxb-core-4.0.5.jar:/home/runner/.m2/repository/org/glassfish/jaxb/jaxb-jxc/4.0.5/jaxb-jxc-4.0.5.jar:/home/runner/.m2/repository/org/glassfish/jaxb/jaxb-runtime/4.0.5/jaxb-runtime-4.0.5.jar:/home/runner/.m2/repository/org/glassfish/jaxb/txw2/4.0.5/txw2-4.0.5.jar:/home/runner/.m2/repository/org/glassfish/jaxb/jaxb-xjc/4.0.5/jaxb-xjc-4.0.5.jar:/home/runner/.m2/repository/org/glassfish/jaxb/xsom/4.0.5/xsom-4.0.5.jar:/home/runner/.m2/repository/com/sun/istack/istack-commons-runtime/4.1.2/istack-commons-runtime-4.1.2.jar:/home/runner/.m2/repository/com/sun/istack/istack-commons-tools/4.1.2/istack-commons-tools-4.1.2.jar:/home/runner/.m2/repository/com/sun/xml/bind/external/relaxng-datatype/4.0.5/relaxng-datatype-4.0.5.jar:/home/runner/.m2/repository/com/sun/xml/bind/external/rngom/4.0.5/rngom-4.0.5.jar:/home/runner/.m2/repository/org/testcontainers/mssqlserver/1.20.6/mssqlserver-1.20.6.jar:/home/runner/.m2/repository/org/testcontainers/jdbc/1.20.6/jdbc-1.20.6.jar:/home/runner/.m2/repository/org/testcontainers/database-commons/1.20.6/database-commons-1.20.6.jar:/home/runner/.m2/repository/org/testcontainers/mysql/1.20.6/mysql-1.20.6.jar:/home/runner/.m2/repository/io/strimzi/strimzi-test-container/0.111.0/strimzi-test-container-0.111.0.jar:/home/runner/.m2/repository/org/testcontainers/toxiproxy/1.20.6/toxiproxy-1.20.6.jar:/home/runner/.m2/repository/com/github/docker-java/docker-java-api/3.4.1/docker-java-api-3.4.1.jar:/home/runner/.m2/repository/org/apache/logging/log4j/log4j-slf4j-impl/2.19.0/log4j-slf4j-impl-2.19.0.jar:/home/runner/.m2/repository/org/apache/logging/log4j/log4j-api/2.24.3/log4j-api-2.24.3.jar:/home/runner/.m2/repository/org/apache/logging/log4j/log4j-core/2.19.0/log4j-core-2.19.0.jar:/home/runner/.m2/repository/eu/rekawek/toxiproxy/toxiproxy-java/2.1.7/toxiproxy-java-2.1.7.jar:/home/runner/.m2/repository/org/testcontainers/pulsar/1.21.3/pulsar-1.21.3.jar:/home/runner/.m2/repository/io/debezium/debezium-testing-testcontainers/2.7.4.Final/debezium-testing-testcontainers-2.7.4.Final.jar:/home/runner/.m2/repository/org/testcontainers/kafka/1.20.6/kafka-1.20.6.jar:/home/runner/.m2/repository/com/squareup/okhttp3/okhttp/4.8.1/okhttp-4.8.1.jar:/home/runner/.m2/repository/com/squareup/okio/okio/3.10.2/okio-3.10.2.jar:/home/runner/.m2/repository/com/squareup/okio/okio-jvm/3.10.2/okio-jvm-3.10.2.jar:/home/runner/.m2/repository/org/jetbrains/kotlin/kotlin-stdlib/2.0.21/kotlin-stdlib-2.0.21.jar:/home/runner/.m2/repository/org/awaitility/awaitility/4.3.0/awaitility-4.3.0.jar:/home/runner/.m2/repository/org/testcontainers/mongodb/1.20.6/mongodb-1.20.6.jar:/home/runner/.m2/repository/org/testcontainers/mariadb/1.20.6/mariadb-1.20.6.jar:/home/runner/.m2/repository/org/testcontainers/oracle-xe/1.20.6/oracle-xe-1.20.6.jar:/home/runner/.m2/repository/org/testcontainers/postgresql/1.20.6/postgresql-1.20.6.jar:/home/runner/.m2/repository/org/wiremock/wiremock/3.0.1/wiremock-3.0.1.jar:/home/runner/.m2/repository/org/eclipse/jetty/jetty-server/11.0.15/jetty-server-11.0.15.jar:/home/runner/.m2/repository/org/eclipse/jetty/toolchain/jetty-jakarta-servlet-api/5.0.2/jetty-jakarta-servlet-api-5.0.2.jar:/home/runner/.m2/repository/org/eclipse/jetty/jetty-http/11.0.15/jetty-http-11.0.15.jar:/home/runner/.m2/repository/org/eclipse/jetty/jetty-io/11.0.15/jetty-io-11.0.15.jar:/home/runner/.m2/repository/org/eclipse/jetty/jetty-servlet/11.0.15/jetty-servlet-11.0.15.jar:/home/runner/.m2/repository/org/eclipse/jetty/jetty-security/11.0.15/jetty-security-11.0.15.jar:/home/runner/.m2/repository/org/eclipse/jetty/jetty-servlets/11.0.15/jetty-servlets-11.0.15.jar:/home/runner/.m2/repository/org/eclipse/jetty/jetty-util/11.0.15/jetty-util-11.0.15.jar:/home/runner/.m2/repository/org/eclipse/jetty/jetty-webapp/11.0.15/jetty-webapp-11.0.15.jar:/home/runner/.m2/repository/org/eclipse/jetty/jetty-xml/11.0.15/jetty-xml-11.0.15.jar:/home/runner/.m2/repository/org/eclipse/jetty/jetty-proxy/11.0.15/jetty-proxy-11.0.15.jar:/home/runner/.m2/repository/org/eclipse/jetty/jetty-client/11.0.15/jetty-client-11.0.15.jar:/home/runner/.m2/repository/org/eclipse/jetty/http2/http2-server/11.0.15/http2-server-11.0.15.jar:/home/runner/.m2/repository/org/eclipse/jetty/http2/http2-common/11.0.15/http2-common-11.0.15.jar:/home/runner/.m2/repository/org/eclipse/jetty/http2/http2-hpack/11.0.15/http2-hpack-11.0.15.jar:/home/runner/.m2/repository/org/eclipse/jetty/jetty-alpn-server/11.0.15/jetty-alpn-server-11.0.15.jar:/home/runner/.m2/repository/org/eclipse/jetty/jetty-alpn-java-server/11.0.15/jetty-alpn-java-server-11.0.15.jar:/home/runner/.m2/repository/org/eclipse/jetty/jetty-alpn-java-client/11.0.15/jetty-alpn-java-client-11.0.15.jar:/home/runner/.m2/repository/org/eclipse/jetty/jetty-alpn-client/11.0.15/jetty-alpn-client-11.0.15.jar:/home/runner/.m2/repository/org/apache/httpcomponents/client5/httpclient5/5.2.1/httpclient5-5.2.1.jar:/home/runner/.m2/repository/org/apache/httpcomponents/core5/httpcore5/5.2/httpcore5-5.2.jar:/home/runner/.m2/repository/org/apache/httpcomponents/core5/httpcore5-h2/5.2/httpcore5-h2-5.2.jar:/home/runner/.m2/repository/org/xmlunit/xmlunit-core/2.9.1/xmlunit-core-2.9.1.jar:/home/runner/.m2/repository/jakarta/xml/bind/jakarta.xml.bind-api/4.0.2/jakarta.xml.bind-api-4.0.2.jar:/home/runner/.m2/repository/org/xmlunit/xmlunit-legacy/2.9.1/xmlunit-legacy-2.9.1.jar:/home/runner/.m2/repository/org/xmlunit/xmlunit-placeholders/2.9.1/xmlunit-placeholders-2.9.1.jar:/home/runner/.m2/repository/net/javacrumbs/json-unit/json-unit-core/2.38.0/json-unit-core-2.38.0.jar:/home/runner/.m2/repository/org/hamcrest/hamcrest-core/2.2/hamcrest-core-2.2.jar:/home/runner/.m2/repository/com/jayway/jsonpath/json-path/2.8.0/json-path-2.8.0.jar:/home/runner/.m2/repository/net/minidev/json-smart/2.4.10/json-smart-2.4.10.jar:/home/runner/.m2/repository/net/minidev/accessors-smart/2.4.9/accessors-smart-2.4.9.jar:/home/runner/.m2/repository/org/ow2/asm/asm/9.7.1/asm-9.7.1.jar:/home/runner/.m2/repository/net/sf/jopt-simple/jopt-simple/5.0.4/jopt-simple-5.0.4.jar:/home/runner/.m2/repository/com/github/jknack/handlebars/4.3.1/handlebars-4.3.1.jar:/home/runner/.m2/repository/com/github/jknack/handlebars-helpers/4.3.1/handlebars-helpers-4.3.1.jar:/home/runner/.m2/repository/commons-fileupload/commons-fileupload/1.5/commons-fileupload-1.5.jar:/home/runner/.m2/repository/com/networknt/json-schema-validator/1.5.8/json-schema-validator-1.5.8.jar:/home/runner/.m2/repository/com/ethlo/time/itu/1.10.3/itu-1.10.3.jar:/home/runner/.m2/repository/io/quarkus/quarkus-smallrye-jwt-build/3.20.2/quarkus-smallrye-jwt-build-3.20.2.jar:/home/runner/.m2/repository/io/smallrye/smallrye-jwt-build/4.6.2/smallrye-jwt-build-4.6.2.jar:/home/runner/.m2/repository/org/eclipse/microprofile/jwt/microprofile-jwt-auth-api/2.1/microprofile-jwt-auth-api-2.1.jar:/home/runner/.m2/repository/org/bitbucket/b_c/jose4j/0.9.6/jose4j-0.9.6.jar:/home/runner/.m2/repository/io/smallrye/smallrye-jwt-common/4.6.2/smallrye-jwt-common-4.6.2.jar:/home/runner/.m2/repository/io/quarkus/quarkus-jsonp/3.20.2/quarkus-jsonp-3.20.2.jar:/home/runner/.m2/repository/io/quarkus/quarkus-arc/3.20.2/quarkus-arc-3.20.2.jar:/home/runner/.m2/repository/io/quarkus/arc/arc/3.20.2/arc-3.20.2.jar:/home/runner/.m2/repository/jakarta/transaction/jakarta.transaction-api/2.0.1/jakarta.transaction-api-2.0.1.jar:/home/runner/.m2/repository/io/smallrye/reactive/mutiny/2.9.2/mutiny-2.9.2.jar:/home/runner/.m2/repository/org/jctools/jctools-core/4.0.5/jctools-core-4.0.5.jar:/home/runner/.m2/repository/org/eclipse/microprofile/context-propagation/microprofile-context-propagation-api/1.3/microprofile-context-propagation-api-1.3.jar:/home/runner/.m2/repository/io/apicurio/apicurio-common-rest-client-common/0.1.18.Final/apicurio-common-rest-client-common-0.1.18.Final.jar:/home/runner/work/apicurio-testing/apicurio-testing/clusters/ci419/namespaces/inmemory/tests/integration/apicurio-registry/utils/maven-plugin/target/apicurio-registry-maven-plugin-3.0.12-SNAPSHOT.jar:/home/runner/.m2/repository/com/fasterxml/jackson/core/jackson-databind/2.18.2/jackson-databind-2.18.2.jar:/home/runner/.m2/repository/org/apache/avro/avro/1.12.0/avro-1.12.0.jar:/home/runner/.m2/repository/com/google/protobuf/protobuf-java/4.31.1/protobuf-java-4.31.1.jar:/home/runner/.m2/repository/com/google/protobuf/protobuf-java-util/4.31.1/protobuf-java-util-4.31.1.jar:/home/runner/.m2/repository/com/google/code/findbugs/jsr305/3.0.2/jsr305-3.0.2.jar:/home/runner/.m2/repository/com/google/code/gson/gson/2.12.1/gson-2.12.1.jar:/home/runner/.m2/repository/com/google/errorprone/error_prone_annotations/2.36.0/error_prone_annotations-2.36.0.jar:/home/runner/.m2/repository/com/google/j2objc/j2objc-annotations/2.8/j2objc-annotations-2.8.jar:/home/runner/work/apicurio-testing/apicurio-testing/clusters/ci419/namespaces/inmemory/tests/integration/apicurio-registry/schema-util/util-provider/target/apicurio-registry-schema-util-provider-3.0.12-SNAPSHOT.jar:/home/runner/work/apicurio-testing/apicurio-testing/clusters/ci419/namespaces/inmemory/tests/integration/apicurio-registry/schema-util/common/target/apicurio-registry-schema-util-common-3.0.12-SNAPSHOT.jar:/home/runner/.m2/repository/com/fasterxml/jackson/module/jackson-module-parameter-names/2.18.2/jackson-module-parameter-names-2.18.2.jar:/home/runner/.m2/repository/com/fasterxml/jackson/datatype/jackson-datatype-json-org/2.18.2/jackson-datatype-json-org-2.18.2.jar:/home/runner/work/apicurio-testing/apicurio-testing/clusters/ci419/namespaces/inmemory/tests/integration/apicurio-registry/schema-util/json/target/apicurio-registry-schema-util-json-3.0.12-SNAPSHOT.jar:/home/runner/.m2/repository/com/github/erosb/everit-json-schema/1.14.5/everit-json-schema-1.14.5.jar:/home/runner/.m2/repository/commons-validator/commons-validator/1.9.0/commons-validator-1.9.0.jar:/home/runner/.m2/repository/commons-digester/commons-digester/2.1/commons-digester-2.1.jar:/home/runner/.m2/repository/commons-collections/commons-collections/3.2.2/commons-collections-3.2.2.jar:/home/runner/.m2/repository/com/damnhandy/handy-uri-templates/2.1.8/handy-uri-templates-2.1.8.jar:/home/runner/.m2/repository/joda-time/joda-time/2.10.2/joda-time-2.10.2.jar:/home/runner/.m2/repository/com/github/erosb/json-sKema/0.20.0/json-sKema-0.20.0.jar:/home/runner/.m2/repository/io/vertx/vertx-json-schema/4.5.16/vertx-json-schema-4.5.16.jar:/home/runner/work/apicurio-testing/apicurio-testing/clusters/ci419/namespaces/inmemory/tests/integration/apicurio-registry/schema-util/protobuf/target/apicurio-registry-schema-util-protobuf-3.0.12-SNAPSHOT.jar:/home/runner/work/apicurio-testing/apicurio-testing/clusters/ci419/namespaces/inmemory/tests/integration/apicurio-registry/utils/protobuf-schema-utilities/target/apicurio-registry-protobuf-schema-utilities-3.0.12-SNAPSHOT.jar:/home/runner/.m2/repository/com/google/api/grpc/proto-google-common-protos/2.52.0/proto-google-common-protos-2.52.0.jar:/home/runner/.m2/repository/com/squareup/wire/wire-schema-jvm/5.3.3/wire-schema-jvm-5.3.3.jar:/home/runner/.m2/repository/com/palantir/javapoet/javapoet/0.6.0/javapoet-0.6.0.jar:/home/runner/.m2/repository/com/squareup/kotlinpoet-jvm/2.0.0/kotlinpoet-jvm-2.0.0.jar:/home/runner/.m2/repository/org/jetbrains/kotlin/kotlin-reflect/2.0.21/kotlin-reflect-2.0.21.jar:/home/runner/.m2/repository/com/squareup/wire/wire-runtime-jvm/5.3.3/wire-runtime-jvm-5.3.3.jar:/home/runner/.m2/repository/com/ibm/icu/icu4j/76.1/icu4j-76.1.jar:/home/runner/.m2/repository/com/squareup/okio/okio-fakefilesystem/3.10.2/okio-fakefilesystem-3.10.2.jar:/home/runner/.m2/repository/com/squareup/okio/okio-fakefilesystem-jvm/3.10.2/okio-fakefilesystem-jvm-3.10.2.jar:/home/runner/.m2/repository/org/jetbrains/kotlinx/kotlinx-datetime-jvm/0.6.1/kotlinx-datetime-jvm-0.6.1.jar:/home/runner/work/apicurio-testing/apicurio-testing/clusters/ci419/namespaces/inmemory/tests/integration/apicurio-registry/schema-util/asyncapi/target/apicurio-registry-schema-util-asyncapi-3.0.12-SNAPSHOT.jar:/home/runner/work/apicurio-testing/apicurio-testing/clusters/ci419/namespaces/inmemory/tests/integration/apicurio-registry/schema-util/avro/target/apicurio-registry-schema-util-avro-3.0.12-SNAPSHOT.jar:/home/runner/work/apicurio-testing/apicurio-testing/clusters/ci419/namespaces/inmemory/tests/integration/apicurio-registry/schema-util/graphql/target/apicurio-registry-schema-util-graphql-3.0.12-SNAPSHOT.jar:/home/runner/.m2/repository/com/graphql-java/graphql-java/22.4/graphql-java-22.4.jar:/home/runner/.m2/repository/com/graphql-java/java-dataloader/3.3.0/java-dataloader-3.3.0.jar:/home/runner/work/apicurio-testing/apicurio-testing/clusters/ci419/namespaces/inmemory/tests/integration/apicurio-registry/schema-util/kconnect/target/apicurio-registry-schema-util-kconnect-3.0.12-SNAPSHOT.jar:/home/runner/work/apicurio-testing/apicurio-testing/clusters/ci419/namespaces/inmemory/tests/integration/apicurio-registry/schema-util/openapi/target/apicurio-registry-schema-util-openapi-3.0.12-SNAPSHOT.jar:/home/runner/.m2/repository/io/apicurio/apicurio-data-models/2.2.2/apicurio-data-models-2.2.2.jar:/home/runner/.m2/repository/org/openapitools/openapidiff/openapi-diff-core/2.1.2/openapi-diff-core-2.1.2.jar:/home/runner/.m2/repository/io/swagger/parser/v3/swagger-parser/2.1.28/swagger-parser-2.1.28.jar:/home/runner/.m2/repository/io/swagger/parser/v3/swagger-parser-v2-converter/2.1.28/swagger-parser-v2-converter-2.1.28.jar:/home/runner/.m2/repository/io/swagger/swagger-core/1.6.16/swagger-core-1.6.16.jar:/home/runner/.m2/repository/io/swagger/swagger-models/1.6.16/swagger-models-1.6.16.jar:/home/runner/.m2/repository/io/swagger/swagger-annotations/1.6.16/swagger-annotations-1.6.16.jar:/home/runner/.m2/repository/io/swagger/swagger-parser/1.0.75/swagger-parser-1.0.75.jar:/home/runner/.m2/repository/io/swagger/swagger-parser-safe-url-resolver/1.0.75/swagger-parser-safe-url-resolver-1.0.75.jar:/home/runner/.m2/repository/io/swagger/swagger-compat-spec-parser/1.0.75/swagger-compat-spec-parser-1.0.75.jar:/home/runner/.m2/repository/com/github/java-json-tools/json-schema-validator/2.2.14/json-schema-validator-2.2.14.jar:/home/runner/.m2/repository/com/github/java-json-tools/jackson-coreutils-equivalence/1.0/jackson-coreutils-equivalence-1.0.jar:/home/runner/.m2/repository/com/github/java-json-tools/json-schema-core/1.2.14/json-schema-core-1.2.14.jar:/home/runner/.m2/repository/com/github/java-json-tools/uri-template/0.10/uri-template-0.10.jar:/home/runner/.m2/repository/com/googlecode/libphonenumber/libphonenumber/8.11.1/libphonenumber-8.11.1.jar:/home/runner/.m2/repository/com/j2html/j2html/1.6.0/j2html-1.6.0.jar:/home/runner/.m2/repository/org/apache/commons/commons-collections4/4.5.0/commons-collections4-4.5.0.jar:/home/runner/.m2/repository/org/slf4j/jcl-over-slf4j/2.0.17/jcl-over-slf4j-2.0.17.jar:/home/runner/.m2/repository/io/swagger/parser/v3/swagger-parser-v3/2.1.31/swagger-parser-v3-2.1.31.jar:/home/runner/.m2/repository/io/swagger/core/v3/swagger-models/2.2.34/swagger-models-2.2.34.jar:/home/runner/.m2/repository/io/swagger/core/v3/swagger-core/2.2.34/swagger-core-2.2.34.jar:/home/runner/.m2/repository/io/swagger/parser/v3/swagger-parser-core/2.1.31/swagger-parser-core-2.1.31.jar:/home/runner/.m2/repository/io/swagger/parser/v3/swagger-parser-safe-url-resolver/2.1.31/swagger-parser-safe-url-resolver-2.1.31.jar:/home/runner/work/apicurio-testing/apicurio-testing/clusters/ci419/namespaces/inmemory/tests/integration/apicurio-registry/schema-util/wsdl/target/apicurio-registry-schema-util-wsdl-3.0.12-SNAPSHOT.jar:/home/runner/.m2/repository/wsdl4j/wsdl4j/1.6.3/wsdl4j-1.6.3.jar:/home/runner/work/apicurio-testing/apicurio-testing/clusters/ci419/namespaces/inmemory/tests/integration/apicurio-registry/schema-util/xml/target/apicurio-registry-schema-util-xml-3.0.12-SNAPSHOT.jar:/home/runner/.m2/repository/org/apache/santuario/xmlsec/4.0.4/xmlsec-4.0.4.jar:/home/runner/.m2/repository/com/fasterxml/woodstox/woodstox-core/7.1.1/woodstox-core-7.1.1.jar:/home/runner/.m2/repository/org/codehaus/woodstox/stax2-api/4.2.2/stax2-api-4.2.2.jar:/home/runner/work/apicurio-testing/apicurio-testing/clusters/ci419/namespaces/inmemory/tests/integration/apicurio-registry/schema-util/xsd/target/apicurio-registry-schema-util-xsd-3.0.12-SNAPSHOT.jar:/home/runner/work/apicurio-testing/apicurio-testing/clusters/ci419/namespaces/inmemory/tests/integration/apicurio-registry/serdes/kafka/jsonschema-serde/target/apicurio-registry-jsonschema-serde-kafka-3.0.12-SNAPSHOT.jar:/home/runner/work/apicurio-testing/apicurio-testing/clusters/ci419/namespaces/inmemory/tests/integration/apicurio-registry/serdes/kafka/serde-kafka-common/target/apicurio-registry-serde-kafka-common-3.0.12-SNAPSHOT.jar:/home/runner/work/apicurio-testing/apicurio-testing/clusters/ci419/namespaces/inmemory/tests/integration/apicurio-registry/serdes/generic/serde-common/target/apicurio-registry-serde-common-3.0.12-SNAPSHOT.jar:/home/runner/work/apicurio-testing/apicurio-testing/clusters/ci419/namespaces/inmemory/tests/integration/apicurio-registry/serdes/generic/serde-common-jsonschema/target/apicurio-registry-serde-common-jsonschema-3.0.12-SNAPSHOT.jar:/home/runner/.m2/repository/org/json/json/20250107/json-20250107.jar:/home/runner/work/apicurio-testing/apicurio-testing/clusters/ci419/namespaces/inmemory/tests/integration/apicurio-registry/serdes/kafka/avro-serde/target/apicurio-registry-avro-serde-kafka-3.0.12-SNAPSHOT.jar:/home/runner/work/apicurio-testing/apicurio-testing/clusters/ci419/namespaces/inmemory/tests/integration/apicurio-registry/serdes/generic/serde-common-avro/target/apicurio-registry-serde-common-avro-3.0.12-SNAPSHOT.jar:/home/runner/work/apicurio-testing/apicurio-testing/clusters/ci419/namespaces/inmemory/tests/integration/apicurio-registry/serdes/kafka/protobuf-serde/target/apicurio-registry-protobuf-serde-kafka-3.0.12-SNAPSHOT.jar:/home/runner/work/apicurio-testing/apicurio-testing/clusters/ci419/namespaces/inmemory/tests/integration/apicurio-registry/serdes/generic/serde-common-protobuf/target/apicurio-registry-serde-common-protobuf-3.0.12-SNAPSHOT.jar:/home/runner/.m2/repository/com/squareup/wire/wire-schema/5.3.3/wire-schema-5.3.3.jar:/home/runner/.m2/repository/com/squareup/wire/wire-runtime/5.3.3/wire-runtime-5.3.3.jar:/home/runner/work/apicurio-testing/apicurio-testing/clusters/ci419/namespaces/inmemory/tests/integration/apicurio-registry/serdes/pulsar/avro-serde/target/apicurio-registry-avro-serde-pulsar-3.0.12-SNAPSHOT.jar:/home/runner/.m2/repository/org/apache/pulsar/pulsar-functions-api/3.3.8/pulsar-functions-api-3.3.8.jar:/home/runner/work/apicurio-testing/apicurio-testing/clusters/ci419/namespaces/inmemory/tests/integration/apicurio-registry/serdes/nats/avro-serde/target/apicurio-registry-avro-serde-nats-3.0.12-SNAPSHOT.jar:/home/runner/.m2/repository/io/nats/jnats/2.21.4/jnats-2.21.4.jar:/home/runner/.m2/repository/org/bouncycastle/bcprov-lts8on/2.73.7/bcprov-lts8on-2.73.7.jar:/home/runner/.m2/repository/org/jetbrains/annotations/26.0.2/annotations-26.0.2.jar:/home/runner/work/apicurio-testing/apicurio-testing/clusters/ci419/namespaces/inmemory/tests/integration/apicurio-registry/utils/converter/target/apicurio-registry-utils-converter-3.0.12-SNAPSHOT.jar:/home/runner/work/apicurio-testing/apicurio-testing/clusters/ci419/namespaces/inmemory/tests/integration/apicurio-registry/schema-resolver/target/apicurio-registry-schema-resolver-3.0.12-SNAPSHOT.jar:/home/runner/.m2/repository/org/apache/kafka/connect-api/3.9.1/connect-api-3.9.1.jar:/home/runner/.m2/repository/javax/ws/rs/javax.ws.rs-api/2.1.1/javax.ws.rs-api-2.1.1.jar:/home/runner/.m2/repository/org/apache/kafka/connect-json/3.9.1/connect-json-3.9.1.jar:/home/runner/.m2/repository/com/fasterxml/jackson/datatype/jackson-datatype-jdk8/2.18.2/jackson-datatype-jdk8-2.18.2.jar:/home/runner/.m2/repository/com/fasterxml/jackson/module/jackson-module-afterburner/2.18.2/jackson-module-afterburner-2.18.2.jar:/home/runner/work/apicurio-testing/apicurio-testing/clusters/ci419/namespaces/inmemory/tests/integration/apicurio-registry/utils/kafka/target/apicurio-registry-utils-kafka-3.0.12-SNAPSHOT.jar:/home/runner/.m2/repository/org/apache/pulsar/pulsar-client/3.3.8/pulsar-client-3.3.8.jar:/home/runner/.m2/repository/org/apache/pulsar/pulsar-client-api/3.3.8/pulsar-client-api-3.3.8.jar:/home/runner/.m2/repository/org/apache/pulsar/pulsar-client-admin-api/3.3.8/pulsar-client-admin-api-3.3.8.jar:/home/runner/.m2/repository/org/apache/pulsar/bouncy-castle-bc/3.3.8/bouncy-castle-bc-3.3.8-pkg.jar:/home/runner/.m2/repository/org/bouncycastle/bcpkix-jdk18on/1.81/bcpkix-jdk18on-1.81.jar:/home/runner/.m2/repository/org/bouncycastle/bcutil-jdk18on/1.81/bcutil-jdk18on-1.81.jar:/home/runner/.m2/repository/org/bouncycastle/bcprov-jdk18on/1.81/bcprov-jdk18on-1.81.jar:/home/runner/.m2/repository/io/opentelemetry/opentelemetry-api/1.44.1/opentelemetry-api-1.44.1.jar:/home/runner/.m2/repository/io/opentelemetry/opentelemetry-context/1.44.1/opentelemetry-context-1.44.1.jar:/home/runner/.m2/repository/io/opentelemetry/opentelemetry-api-incubator/1.44.1-alpha/opentelemetry-api-incubator-1.44.1-alpha.jar:/home/runner/.m2/repository/com/fasterxml/jackson/core/jackson-annotations/2.18.2/jackson-annotations-2.18.2.jar:/home/runner/.m2/repository/javax/validation/validation-api/1.1.0.Final/validation-api-1.1.0.Final.jar:/home/runner/.m2/repository/org/jspecify/jspecify/1.0.0/jspecify-1.0.0.jar:/home/runner/.m2/repository/org/apache/commons/commons-configuration2/2.12.0/commons-configuration2-2.12.0.jar:/home/runner/.m2/repository/commons-logging/commons-logging/1.3.5/commons-logging-1.3.5.jar:/home/runner/.m2/repository/org/apache/commons/commons-text/1.13.0/commons-text-1.13.0.jar:/home/runner/.m2/repository/io/confluent/kafka-avro-serializer/8.0.0/kafka-avro-serializer-8.0.0.jar:/home/runner/.m2/repository/org/apache/commons/commons-compress/1.27.1/commons-compress-1.27.1.jar:/home/runner/.m2/repository/io/confluent/kafka-schema-serializer/8.0.0/kafka-schema-serializer-8.0.0.jar:/home/runner/.m2/repository/com/fasterxml/jackson/dataformat/jackson-dataformat-csv/2.18.2/jackson-dataformat-csv-2.18.2.jar:/home/runner/.m2/repository/io/confluent/kafka-schema-registry-client/8.0.0/kafka-schema-registry-client-8.0.0.jar:/home/runner/.m2/repository/org/yaml/snakeyaml/2.3/snakeyaml-2.3.jar:/home/runner/.m2/repository/io/swagger/core/v3/swagger-annotations/2.2.29/swagger-annotations-2.2.29.jar:/home/runner/.m2/repository/com/google/guava/guava/33.4.0-jre/guava-33.4.0-jre.jar:/home/runner/.m2/repository/com/google/guava/failureaccess/1.0.1/failureaccess-1.0.1.jar:/home/runner/.m2/repository/org/checkerframework/checker-qual/3.49.0/checker-qual-3.49.0.jar:/home/runner/.m2/repository/io/confluent/logredactor/1.0.13/logredactor-1.0.13.jar:/home/runner/.m2/repository/com/google/re2j/re2j/1.6/re2j-1.6.jar:/home/runner/.m2/repository/io/confluent/logredactor-metrics/1.0.13/logredactor-metrics-1.0.13.jar:/home/runner/.m2/repository/com/eclipsesource/minimal-json/minimal-json/0.9.5/minimal-json-0.9.5.jar:/home/runner/.m2/repository/io/confluent/common-utils/8.0.0/common-utils-8.0.0.jar:/home/runner/.m2/repository/io/confluent/kafka-connect-avro-converter/8.0.0/kafka-connect-avro-converter-8.0.0.jar:/home/runner/.m2/repository/io/confluent/kafka-connect-avro-data/8.0.0/kafka-connect-avro-data-8.0.0.jar:/home/runner/.m2/repository/io/confluent/kafka-schema-converter/8.0.0/kafka-schema-converter-8.0.0.jar:/home/runner/.m2/repository/io/rest-assured/rest-assured/5.5.1/rest-assured-5.5.1.jar:/home/runner/.m2/repository/org/apache/groovy/groovy/4.0.22/groovy-4.0.22.jar:/home/runner/.m2/repository/org/apache/groovy/groovy-xml/4.0.22/groovy-xml-4.0.22.jar:/home/runner/.m2/repository/org/apache/httpcomponents/httpclient/4.5.14/httpclient-4.5.14.jar:/home/runner/.m2/repository/org/apache/httpcomponents/httpcore/4.4.16/httpcore-4.4.16.jar:/home/runner/.m2/repository/org/apache/httpcomponents/httpmime/4.5.14/httpmime-4.5.14.jar:/home/runner/.m2/repository/org/hamcrest/hamcrest/2.2/hamcrest-2.2.jar:/home/runner/.m2/repository/org/ccil/cowan/tagsoup/tagsoup/1.2.1/tagsoup-1.2.1.jar:/home/runner/.m2/repository/io/rest-assured/json-path/5.5.1/json-path-5.5.1.jar:/home/runner/.m2/repository/org/apache/groovy/groovy-json/4.0.22/groovy-json-4.0.22.jar:/home/runner/.m2/repository/io/rest-assured/rest-assured-common/5.5.1/rest-assured-common-5.5.1.jar:/home/runner/.m2/repository/io/rest-assured/xml-path/5.5.1/xml-path-5.5.1.jar:/home/runner/.m2/repository/io/zonky/test/embedded-postgres/2.1.0/embedded-postgres-2.1.0.jar:/home/runner/.m2/repository/io/zonky/test/postgres/embedded-postgres-binaries-windows-amd64/14.15.0/embedded-postgres-binaries-windows-amd64-14.15.0.jar:/home/runner/.m2/repository/io/zonky/test/postgres/embedded-postgres-binaries-darwin-amd64/14.15.0/embedded-postgres-binaries-darwin-amd64-14.15.0.jar:/home/runner/.m2/repository/io/zonky/test/postgres/embedded-postgres-binaries-linux-amd64/14.15.0/embedded-postgres-binaries-linux-amd64-14.15.0.jar:/home/runner/.m2/repository/io/zonky/test/postgres/embedded-postgres-binaries-linux-amd64-alpine/14.15.0/embedded-postgres-binaries-linux-amd64-alpine-14.15.0.jar:/home/runner/.m2/repository/org/apache/commons/commons-lang3/3.17.0/commons-lang3-3.17.0.jar:/home/runner/.m2/repository/org/tukaani/xz/1.10/xz-1.10.jar:/home/runner/.m2/repository/commons-codec/commons-codec/1.19.0/commons-codec-1.19.0.jar:/home/runner/.m2/repository/org/postgresql/postgresql/42.7.7/postgresql-42.7.7.jar:/home/runner/.m2/repository/commons-io/commons-io/2.18.0/commons-io-2.18.0.jar:/home/runner/work/apicurio-testing/apicurio-testing/clusters/ci419/namespaces/inmemory/tests/integration/apicurio-registry/utils/importexport/target/apicurio-registry-utils-import-export-3.0.12-SNAPSHOT.jar:/home/runner/.m2/repository/io/vertx/vertx-core/4.5.16/vertx-core-4.5.16.jar:/home/runner/.m2/repository/io/netty/netty-common/4.1.121.Final/netty-common-4.1.121.Final.jar:/home/runner/.m2/repository/io/netty/netty-buffer/4.1.121.Final/netty-buffer-4.1.121.Final.jar:/home/runner/.m2/repository/io/netty/netty-transport/4.1.121.Final/netty-transport-4.1.121.Final.jar:/home/runner/.m2/repository/io/netty/netty-handler/4.1.121.Final/netty-handler-4.1.121.Final.jar:/home/runner/.m2/repository/io/netty/netty-transport-native-unix-common/4.1.121.Final/netty-transport-native-unix-common-4.1.121.Final.jar:/home/runner/.m2/repository/io/netty/netty-codec/4.1.121.Final/netty-codec-4.1.121.Final.jar:/home/runner/.m2/repository/io/netty/netty-handler-proxy/4.1.121.Final/netty-handler-proxy-4.1.121.Final.jar:/home/runner/.m2/repository/io/netty/netty-codec-socks/4.1.121.Final/netty-codec-socks-4.1.121.Final.jar:/home/runner/.m2/repository/io/netty/netty-codec-http/4.1.121.Final/netty-codec-http-4.1.121.Final.jar:/home/runner/.m2/repository/io/netty/netty-codec-http2/4.1.121.Final/netty-codec-http2-4.1.121.Final.jar:/home/runner/.m2/repository/io/netty/netty-resolver/4.1.121.Final/netty-resolver-4.1.121.Final.jar:/home/runner/.m2/repository/io/netty/netty-resolver-dns/4.1.121.Final/netty-resolver-dns-4.1.121.Final.jar:/home/runner/.m2/repository/io/netty/netty-codec-dns/4.1.121.Final/netty-codec-dns-4.1.121.Final.jar:/home/runner/.m2/repository/com/fasterxml/jackson/core/jackson-core/2.18.2/jackson-core-2.18.2.jar:"/>
    <property name="sun.cpu.endian" value="little"/>
    <property name="user.home" value="/home/runner"/>
    <property name="user.language" value="en"/>
    <property name="jboss.log-version" value="false"/>
    <property name="java.specification.vendor" value="Oracle Corporation"/>
    <property name="java.version.date" value="2025-07-15"/>
    <property name="java.home" value="/usr/lib/jvm/temurin-17-jdk-amd64"/>
    <property name="file.separator" value="/"/>
    <property name="basedir" value="/home/runner/work/apicurio-testing/apicurio-testing/clusters/ci419/namespaces/inmemory/tests/integration/apicurio-registry/integration-tests"/>
    <property name="java.vm.compressedOopsMode" value="32-bit"/>
    <property name="line.separator" value="&#10;"/>
    <property name="java.specification.name" value="Java Platform API Specification"/>
    <property name="java.vm.specification.vendor" value="Oracle Corporation"/>
    <property name="quarkus.http.test-host" value="registry-app-inmemory.apps.ci419.apicurio-testing.org"/>
    <property name="surefire.real.class.path" value="/home/runner/work/apicurio-testing/apicurio-testing/clusters/ci419/namespaces/inmemory/tests/integration/apicurio-registry/integration-tests/target/surefire/surefirebooter-20250806153421324_3.jar"/>
    <property name="sun.management.compiler" value="HotSpot 64-Bit Tiered Compilers"/>
    <property name="org.eclipse.jetty.http.HttpGenerator.STRICT" value="true"/>
    <property name="java.runtime.version" value="17.0.16+8"/>
    <property name="user.name" value="runner"/>
    <property name="path.separator" value=":"/>
    <property name="os.version" value="6.8.0-1031-azure"/>
    <property name="java.runtime.name" value="OpenJDK Runtime Environment"/>
    <property name="file.encoding" value="UTF-8"/>
    <property name="jnidispatch.path" value="/home/runner/.cache/JNA/temp/jna10796790865768917533.tmp"/>
    <property name="java.vm.name" value="OpenJDK 64-Bit Server VM"/>
    <property name="jna.platform.library.path" value="/usr/lib/x86_64-linux-gnu:/lib/x86_64-linux-gnu:/usr/lib64:/lib64:/usr/lib:/lib:/lib32:/usr/local/lib:/usr/lib/x86_64-linux-gnu/libfakeroot"/>
    <property name="java.vendor.version" value="Temurin-17.0.16+8"/>
    <property name="quarkus.oidc.token-path" value="https://keycloak-inmemory.apps.ci419.apicurio-testing.org/realms/registry/protocol/openid-connect/token"/>
    <property name="quarkus.http.host" value="registry-app-inmemory.apps.ci419.apicurio-testing.org"/>
    <property name="localRepository" value="/home/runner/.m2/repository"/>
    <property name="javax.xml.xpath.XPathFactory:http://java.sun.com/jaxp/xpath/dom" value="com.sun.org.apache.xpath.internal.jaxp.XPathFactoryImpl"/>
    <property name="jna.loaded" value="true"/>
    <property name="java.vendor.url.bug" value="https://github.com/adoptium/adoptium-support/issues"/>
    <property name="jetty.git.hash" value="5bc5e562c8d05c5862505aebe5cf83a61bdbcb96"/>
    <property name="java.io.tmpdir" value="/tmp"/>
    <property name="quarkus.http.test-protocol" value="http"/>
    <property name="java.version" value="17.0.16"/>
    <property name="user.dir" value="/home/runner/work/apicurio-testing/apicurio-testing/clusters/ci419/namespaces/inmemory/tests/integration/apicurio-registry/integration-tests"/>
    <property name="os.arch" value="amd64"/>
    <property name="groups" value="( smoke | serdes | acceptance | ui)"/>
    <property name="java.vm.specification.name" value="Java Virtual Machine Specification"/>
    <property name="native.encoding" value="UTF-8"/>
    <property name="java.util.logging.manager" value="org.jboss.logmanager.LogManager"/>
    <property name="java.library.path" value="/usr/java/packages/lib:/usr/lib64:/lib64:/lib:/usr/lib"/>
    <property name="jdk.console" value="java.base"/>
    <property name="java.vm.info" value="mixed mode, sharing"/>
    <property name="java.vendor" value="Eclipse Adoptium"/>
    <property name="java.vm.version" value="17.0.16+8"/>
    <property name="java.specification.maintenance.version" value="1"/>
    <property name="sun.io.unicode.encoding" value="UnicodeLittle"/>
    <property name="javax.xml.transform.TransformerFactory" value="com.sun.org.apache.xalan.internal.xsltc.trax.TransformerFactoryImpl"/>
    <property name="java.class.version" value="61.0"/>
  </properties>
  <testcase name="testGlobalIdInHeaders" classname="io.apicurio.tests.serdes.apicurio.AvroSerdeIT" time="6.544">
    <system-out><![CDATA[**** Registry Base URL: http://registry-app-inmemory.apps.ci419.apicurio-testing.org:80
**** Registry Base URL: http://registry-app-inmemory.apps.ci419.apicurio-testing.org:80
2025-08-06 15:34:34,302 INFO  [io.api.tes.ser.api.AvroSerdeIT] (main) RestAssured configured with http://registry-app-inmemory.apps.ci419.apicurio-testing.org:80/apis/registry/v3
2025-08-06 15:34:34,303 INFO  [io.api.tes.uti.KafkaFacade] (main) Starting kafka container
2025-08-06 15:34:34,336 INFO  [org.tes.ima.PullPolicy] (main) Image pull policy will be performed by: DefaultPullPolicy()
2025-08-06 15:34:34,339 INFO  [org.tes.uti.ImageNameSubstitutor] (main) Image name substitution will be performed by: DefaultImageNameSubstitutor (composite of 'ConfigurationFileImageNameSubstitutor' and 'PrefixingImageNameSubstitutor')
2025-08-06 15:34:34,352 INFO  [org.tes.DockerClientFactory] (main) Testcontainers version: 1.20.6
2025-08-06 15:34:34,844 INFO  [org.tes.doc.DockerClientProviderStrategy] (main) Found Docker environment with local Unix socket (unix:///var/run/docker.sock)
2025-08-06 15:34:34,853 INFO  [org.tes.DockerClientFactory] (main) Docker host IP address is localhost
2025-08-06 15:34:34,877 INFO  [org.tes.DockerClientFactory] (main) Connected to docker: 
  Server Version: 28.0.4
  API Version: 1.48
  Operating System: Ubuntu 22.04.5 LTS
  Total Memory: 7944 MB
2025-08-06 15:34:34,921 INFO  [tc.tes.11.0] (main) Pulling docker image: testcontainers/ryuk:0.11.0. Please be patient; this may take some time but only needs to be done once.
2025-08-06 15:34:35,593 INFO  [tc.tes.11.0] (docker-java-stream--1295187651) Starting to pull image
2025-08-06 15:34:35,612 INFO  [tc.tes.11.0] (docker-java-stream--1295187651) Pulling image layers:  0 pending,  0 downloaded,  0 extracted, (0 bytes/0 bytes)
2025-08-06 15:34:36,024 INFO  [tc.tes.11.0] (docker-java-stream--1295187651) Pulling image layers:  2 pending,  1 downloaded,  0 extracted, (116 KB/? MB)
2025-08-06 15:34:36,051 INFO  [tc.tes.11.0] (docker-java-stream--1295187651) Pulling image layers:  1 pending,  2 downloaded,  0 extracted, (116 KB/? MB)
2025-08-06 15:34:36,091 INFO  [tc.tes.11.0] (docker-java-stream--1295187651) Pulling image layers:  0 pending,  3 downloaded,  0 extracted, (6 MB/10 MB)
2025-08-06 15:34:36,187 INFO  [tc.tes.11.0] (docker-java-stream--1295187651) Pulling image layers:  0 pending,  3 downloaded,  1 extracted, (9 MB/10 MB)
2025-08-06 15:34:37,150 INFO  [tc.tes.11.0] (docker-java-stream--1295187651) Pulling image layers:  0 pending,  3 downloaded,  2 extracted, (10 MB/10 MB)
2025-08-06 15:34:37,199 INFO  [tc.tes.11.0] (docker-java-stream--1295187651) Pulling image layers:  0 pending,  3 downloaded,  3 extracted, (10 MB/10 MB)
2025-08-06 15:34:37,207 INFO  [tc.tes.11.0] (docker-java-stream--1295187651) Pull complete. 3 layers, pulled in 1s (downloaded 10 MB at 10 MB/s)
2025-08-06 15:34:37,207 INFO  [tc.tes.11.0] (main) Image testcontainers/ryuk:0.11.0 pull took PT2.285996149S
2025-08-06 15:34:37,226 INFO  [tc.tes.11.0] (main) Creating container for image: testcontainers/ryuk:0.11.0
2025-08-06 15:34:37,318 INFO  [tc.tes.11.0] (main) Container testcontainers/ryuk:0.11.0 is starting: 9987d171f9df1331864584f624b13b103c8366316eeea7cc5f98486829e2504c
2025-08-06 15:34:38,270 INFO  [tc.tes.11.0] (main) Container testcontainers/ryuk:0.11.0 started in PT1.043662519S
2025-08-06 15:34:38,275 INFO  [org.tes.uti.RyukResourceReaper] (main) Ryuk started - will monitor and terminate Testcontainers containers on JVM exit
2025-08-06 15:34:38,275 INFO  [org.tes.DockerClientFactory] (main) Checking the system...
2025-08-06 15:34:38,276 INFO  [org.tes.DockerClientFactory] (main) ✔︎ Docker server version should be at least 1.6.0
2025-08-06 15:34:38,279 INFO  [io.str.tes.con.KafkaVersionService] (main) Latest release of Kafka is:LogicalKafkaVersionEntity{version='4.0.0', image='quay.io/strimzi-test-container/test-container:0.111.0-kafka-4.0.0'}
2025-08-06 15:34:38,279 INFO  [io.str.tes.con.KafkaVersionService] (main) Latest release of Kafka is:LogicalKafkaVersionEntity{version='4.0.0', image='quay.io/strimzi-test-container/test-container:0.111.0-kafka-4.0.0'}
2025-08-06 15:34:38,279 INFO  [io.str.tes.con.KafkaVersionService] (main) No Kafka version specified. Using latest release: 4.0.0
2025-08-06 15:34:38,285 INFO  [tc.qua.io/.111.0-k.0.0] (main) Pulling docker image: quay.io/strimzi-test-container/test-container:0.111.0-kafka-4.0.0. Please be patient; this may take some time but only needs to be done once.
2025-08-06 15:34:39,010 INFO  [tc.qua.io/.111.0-k.0.0] (docker-java-stream--29267298) Starting to pull image
2025-08-06 15:34:39,011 INFO  [tc.qua.io/.111.0-k.0.0] (docker-java-stream--29267298) Pulling image layers:  0 pending,  0 downloaded,  0 extracted, (0 bytes/0 bytes)
2025-08-06 15:34:39,679 INFO  [tc.qua.io/.111.0-k.0.0] (docker-java-stream--29267298) Pulling image layers:  6 pending,  1 downloaded,  0 extracted, (2 MB/? MB)
2025-08-06 15:34:39,926 INFO  [tc.qua.io/.111.0-k.0.0] (docker-java-stream--29267298) Pulling image layers:  5 pending,  2 downloaded,  0 extracted, (35 MB/? MB)
2025-08-06 15:34:39,929 INFO  [tc.qua.io/.111.0-k.0.0] (docker-java-stream--29267298) Pulling image layers:  4 pending,  3 downloaded,  0 extracted, (35 MB/? MB)
2025-08-06 15:34:40,311 INFO  [tc.qua.io/.111.0-k.0.0] (docker-java-stream--29267298) Pulling image layers:  3 pending,  4 downloaded,  0 extracted, (68 MB/? MB)
2025-08-06 15:34:40,621 INFO  [tc.qua.io/.111.0-k.0.0] (docker-java-stream--29267298) Pulling image layers:  2 pending,  5 downloaded,  0 extracted, (132 MB/? MB)
2025-08-06 15:34:40,711 INFO  [tc.qua.io/.111.0-k.0.0] (docker-java-stream--29267298) Pulling image layers:  1 pending,  6 downloaded,  0 extracted, (145 MB/? MB)
2025-08-06 15:34:41,277 INFO  [tc.qua.io/.111.0-k.0.0] (docker-java-stream--29267298) Pulling image layers:  1 pending,  6 downloaded,  1 extracted, (208 MB/? MB)
2025-08-06 15:34:41,663 INFO  [tc.qua.io/.111.0-k.0.0] (docker-java-stream--29267298) Pulling image layers:  0 pending,  7 downloaded,  1 extracted, (247 MB/249 MB)
2025-08-06 15:34:44,055 INFO  [tc.qua.io/.111.0-k.0.0] (docker-java-stream--29267298) Pulling image layers:  0 pending,  7 downloaded,  2 extracted, (249 MB/249 MB)
2025-08-06 15:34:45,594 INFO  [tc.qua.io/.111.0-k.0.0] (docker-java-stream--29267298) Pulling image layers:  0 pending,  7 downloaded,  3 extracted, (249 MB/249 MB)
2025-08-06 15:34:45,610 INFO  [tc.qua.io/.111.0-k.0.0] (docker-java-stream--29267298) Pulling image layers:  0 pending,  7 downloaded,  4 extracted, (249 MB/249 MB)
2025-08-06 15:34:46,358 INFO  [tc.qua.io/.111.0-k.0.0] (docker-java-stream--29267298) Pulling image layers:  0 pending,  7 downloaded,  5 extracted, (249 MB/249 MB)
2025-08-06 15:34:46,776 INFO  [tc.qua.io/.111.0-k.0.0] (docker-java-stream--29267298) Pulling image layers:  0 pending,  7 downloaded,  6 extracted, (249 MB/249 MB)
2025-08-06 15:34:46,790 INFO  [tc.qua.io/.111.0-k.0.0] (docker-java-stream--29267298) Pulling image layers:  0 pending,  7 downloaded,  7 extracted, (249 MB/249 MB)
2025-08-06 15:34:46,797 INFO  [tc.qua.io/.111.0-k.0.0] (main) Image quay.io/strimzi-test-container/test-container:0.111.0-kafka-4.0.0 pull took PT8.511966044S
2025-08-06 15:34:46,797 INFO  [tc.qua.io/.111.0-k.0.0] (docker-java-stream--29267298) Pull complete. 7 layers, pulled in 7s (downloaded 249 MB at 35 MB/s)
2025-08-06 15:34:46,800 INFO  [tc.qua.io/.111.0-k.0.0] (main) Creating container for image: quay.io/strimzi-test-container/test-container:0.111.0-kafka-4.0.0
2025-08-06 15:34:46,895 INFO  [tc.qua.io/.111.0-k.0.0] (main) Container quay.io/strimzi-test-container/test-container:0.111.0-kafka-4.0.0 is starting: 972e18f8328c5175f4914c21a48e21e0b8c9aa0b2f10061cc9557c0ce135a43f
2025-08-06 15:34:47,082 INFO  [io.str.tes.con.StrimziKafkaContainer] (main) Mapped port: 32769
2025-08-06 15:34:47,082 WARN  [io.str.tes.con.StrimziKafkaContainer] (main) Node ID is not set. Using broker ID 0 as the default node ID.
2025-08-06 15:34:47,083 INFO  [io.str.tes.con.StrimziKafkaContainer] (main) This is all advertised listeners for Kafka PLAINTEXT://localhost:32769,BROKER1://172.18.0.2:9091,CONTROLLER://broker-0:9094
2025-08-06 15:34:47,110 INFO  [io.str.tes.con.StrimziKafkaContainer] (main) New `cluster.id` has been generated: XZ--LfAaTaS_n5V5dfJ0ng
2025-08-06 15:34:47,112 INFO  [io.str.tes.con.StrimziKafkaContainer] (main) Copying command to 'STARTER_SCRIPT' script.
2025-08-06 15:34:52,580 INFO  [tc.qua.io/.111.0-k.0.0] (main) Container quay.io/strimzi-test-container/test-container:0.111.0-kafka-4.0.0 started in PT5.779694237S
2025-08-06 15:34:52,587 INFO  [io.api.tes.uti.TestSeparator] (main) ############################################################################
2025-08-06 15:34:52,587 INFO  [io.api.tes.uti.TestSeparator] (main) io.apicurio.tests.serdes.apicurio.AvroSerdeIT.testGlobalIdInHeaders-STARTED
2025-08-06 15:34:52,603 INFO  [org.apa.kaf.cli.adm.AdminClientConfig] (main) AdminClientConfig values: 
	auto.include.jmx.reporter = true
	bootstrap.controllers = []
	bootstrap.servers = [PLAINTEXT://localhost:32769]
	client.dns.lookup = use_all_dns_ips
	client.id = 
	connections.max.idle.ms = 10000
	default.api.timeout.ms = 60000
	enable.metrics.push = true
	metadata.max.age.ms = 300000
	metadata.recovery.strategy = none
	metric.reporters = []
	metrics.num.samples = 2
	metrics.recording.level = INFO
	metrics.sample.window.ms = 30000
	receive.buffer.bytes = 65536
	reconnect.backoff.max.ms = 1000
	reconnect.backoff.ms = 50
	request.timeout.ms = 5000
	retries = 2147483647
	retry.backoff.max.ms = 1000
	retry.backoff.ms = 100
	sasl.client.callback.handler.class = null
	sasl.jaas.config = null
	sasl.kerberos.kinit.cmd = /usr/bin/kinit
	sasl.kerberos.min.time.before.relogin = 60000
	sasl.kerberos.service.name = null
	sasl.kerberos.ticket.renew.jitter = 0.05
	sasl.kerberos.ticket.renew.window.factor = 0.8
	sasl.login.callback.handler.class = null
	sasl.login.class = null
	sasl.login.connect.timeout.ms = null
	sasl.login.read.timeout.ms = null
	sasl.login.refresh.buffer.seconds = 300
	sasl.login.refresh.min.period.seconds = 60
	sasl.login.refresh.window.factor = 0.8
	sasl.login.refresh.window.jitter = 0.05
	sasl.login.retry.backoff.max.ms = 10000
	sasl.login.retry.backoff.ms = 100
	sasl.mechanism = GSSAPI
	sasl.oauthbearer.clock.skew.seconds = 30
	sasl.oauthbearer.expected.audience = null
	sasl.oauthbearer.expected.issuer = null
	sasl.oauthbearer.header.urlencode = false
	sasl.oauthbearer.jwks.endpoint.refresh.ms = 3600000
	sasl.oauthbearer.jwks.endpoint.retry.backoff.max.ms = 10000
	sasl.oauthbearer.jwks.endpoint.retry.backoff.ms = 100
	sasl.oauthbearer.jwks.endpoint.url = null
	sasl.oauthbearer.scope.claim.name = scope
	sasl.oauthbearer.sub.claim.name = sub
	sasl.oauthbearer.token.endpoint.url = null
	security.protocol = PLAINTEXT
	security.providers = null
	send.buffer.bytes = 131072
	socket.connection.setup.timeout.max.ms = 30000
	socket.connection.setup.timeout.ms = 10000
	ssl.cipher.suites = null
	ssl.enabled.protocols = [TLSv1.2, TLSv1.3]
	ssl.endpoint.identification.algorithm = https
	ssl.engine.factory.class = null
	ssl.key.password = null
	ssl.keymanager.algorithm = SunX509
	ssl.keystore.certificate.chain = null
	ssl.keystore.key = null
	ssl.keystore.location = null
	ssl.keystore.password = null
	ssl.keystore.type = JKS
	ssl.protocol = TLSv1.3
	ssl.provider = null
	ssl.secure.random.implementation = null
	ssl.trustmanager.algorithm = PKIX
	ssl.truststore.certificates = null
	ssl.truststore.location = null
	ssl.truststore.password = null
	ssl.truststore.type = JKS

2025-08-06 15:34:52,950 INFO  [org.apa.kaf.com.uti.AppInfoParser] (main) Kafka version: 3.9.1
2025-08-06 15:34:52,950 INFO  [org.apa.kaf.com.uti.AppInfoParser] (main) Kafka commitId: f745dfdcee2b9851
2025-08-06 15:34:52,951 INFO  [org.apa.kaf.com.uti.AppInfoParser] (main) Kafka startTimeMs: 1754494492949
**** Registry Base URL: http://registry-app-inmemory.apps.ci419.apicurio-testing.org:80
2025-08-06 15:34:53,015 INFO  [org.apa.kaf.cli.pro.ProducerConfig] (main) ProducerConfig values: 
	acks = -1
	auto.include.jmx.reporter = true
	batch.size = 16384
	bootstrap.servers = [PLAINTEXT://localhost:32769]
	buffer.memory = 33554432
	client.dns.lookup = use_all_dns_ips
	client.id = Producer-topic-cec8d1fd_116d_48cb_aad5_85f3e956ae35
	compression.gzip.level = -1
	compression.lz4.level = 9
	compression.type = none
	compression.zstd.level = 3
	connections.max.idle.ms = 10000
	delivery.timeout.ms = 120000
	enable.idempotence = true
	enable.metrics.push = true
	interceptor.classes = []
	key.serializer = class org.apache.kafka.common.serialization.StringSerializer
	linger.ms = 0
	max.block.ms = 60000
	max.in.flight.requests.per.connection = 5
	max.request.size = 1048576
	metadata.max.age.ms = 300000
	metadata.max.idle.ms = 300000
	metadata.recovery.strategy = none
	metric.reporters = []
	metrics.num.samples = 2
	metrics.recording.level = INFO
	metrics.sample.window.ms = 30000
	partitioner.adaptive.partitioning.enable = true
	partitioner.availability.timeout.ms = 0
	partitioner.class = null
	partitioner.ignore.keys = false
	receive.buffer.bytes = 32768
	reconnect.backoff.max.ms = 1000
	reconnect.backoff.ms = 50
	request.timeout.ms = 5000
	retries = 2147483647
	retry.backoff.max.ms = 1000
	retry.backoff.ms = 100
	sasl.client.callback.handler.class = null
	sasl.jaas.config = null
	sasl.kerberos.kinit.cmd = /usr/bin/kinit
	sasl.kerberos.min.time.before.relogin = 60000
	sasl.kerberos.service.name = null
	sasl.kerberos.ticket.renew.jitter = 0.05
	sasl.kerberos.ticket.renew.window.factor = 0.8
	sasl.login.callback.handler.class = null
	sasl.login.class = null
	sasl.login.connect.timeout.ms = null
	sasl.login.read.timeout.ms = null
	sasl.login.refresh.buffer.seconds = 300
	sasl.login.refresh.min.period.seconds = 60
	sasl.login.refresh.window.factor = 0.8
	sasl.login.refresh.window.jitter = 0.05
	sasl.login.retry.backoff.max.ms = 10000
	sasl.login.retry.backoff.ms = 100
	sasl.mechanism = GSSAPI
	sasl.oauthbearer.clock.skew.seconds = 30
	sasl.oauthbearer.expected.audience = null
	sasl.oauthbearer.expected.issuer = null
	sasl.oauthbearer.header.urlencode = false
	sasl.oauthbearer.jwks.endpoint.refresh.ms = 3600000
	sasl.oauthbearer.jwks.endpoint.retry.backoff.max.ms = 10000
	sasl.oauthbearer.jwks.endpoint.retry.backoff.ms = 100
	sasl.oauthbearer.jwks.endpoint.url = null
	sasl.oauthbearer.scope.claim.name = scope
	sasl.oauthbearer.sub.claim.name = sub
	sasl.oauthbearer.token.endpoint.url = null
	security.protocol = PLAINTEXT
	security.providers = null
	send.buffer.bytes = 131072
	socket.connection.setup.timeout.max.ms = 30000
	socket.connection.setup.timeout.ms = 10000
	ssl.cipher.suites = null
	ssl.enabled.protocols = [TLSv1.2, TLSv1.3]
	ssl.endpoint.identification.algorithm = https
	ssl.engine.factory.class = null
	ssl.key.password = null
	ssl.keymanager.algorithm = SunX509
	ssl.keystore.certificate.chain = null
	ssl.keystore.key = null
	ssl.keystore.location = null
	ssl.keystore.password = null
	ssl.keystore.type = JKS
	ssl.protocol = TLSv1.3
	ssl.provider = null
	ssl.secure.random.implementation = null
	ssl.trustmanager.algorithm = PKIX
	ssl.truststore.certificates = null
	ssl.truststore.location = null
	ssl.truststore.password = null
	ssl.truststore.type = JKS
	transaction.timeout.ms = 60000
	transactional.id = null
	value.serializer = class io.apicurio.registry.serde.avro.AvroKafkaSerializer

2025-08-06 15:34:53,055 INFO  [org.apa.kaf.com.tel.int.KafkaMetricsCollector] (main) initializing Kafka metrics collector
2025-08-06 15:34:53,089 INFO  [org.apa.kaf.cli.pro.KafkaProducer] (main) [Producer clientId=Producer-topic-cec8d1fd_116d_48cb_aad5_85f3e956ae35] Instantiated an idempotent producer.
2025-08-06 15:34:53,190 INFO  [org.apa.kaf.cli.pro.ProducerConfig] (main) These configurations '[apicurio.registry.url, apicurio.registry.auto-register, apicurio.registry.use-id, apicurio.registry.artifact-resolver-strategy]' were supplied but are not used yet.
2025-08-06 15:34:53,191 INFO  [org.apa.kaf.com.uti.AppInfoParser] (main) Kafka version: 3.9.1
2025-08-06 15:34:53,191 INFO  [org.apa.kaf.com.uti.AppInfoParser] (main) Kafka commitId: f745dfdcee2b9851
2025-08-06 15:34:53,191 INFO  [org.apa.kaf.com.uti.AppInfoParser] (main) Kafka startTimeMs: 1754494493191
2025-08-06 15:34:53,192 INFO  [io.api.tes.ser.api.SimpleSerdesTesterBuilder$SimpleSerdesTester] (main) Using producer configuration: {apicurio.registry.url=http://registry-app-inmemory.apps.ci419.apicurio-testing.org:80/apis/registry/v3, apicurio.registry.auto-register=true, apicurio.registry.use-id=globalId, apicurio.registry.artifact-resolver-strategy=io.apicurio.registry.serde.strategy.TopicIdStrategy, value.serializer=io.apicurio.registry.serde.avro.AvroKafkaSerializer, request.timeout.ms=5000, acks=all, bootstrap.servers=PLAINTEXT://localhost:32769, connections.max.idle.ms=10000, key.serializer=org.apache.kafka.common.serialization.StringSerializer, client.id=Producer-topic-cec8d1fd_116d_48cb_aad5_85f3e956ae35}
2025-08-06 15:34:53,192 INFO  [io.api.tes.ser.api.SimpleSerdesTesterBuilder$SimpleSerdesTester] (main) Using consumer configuration: {apicurio.registry.use-id=globalId}
2025-08-06 15:34:53,197 INFO  [io.api.tes.ser.api.KafkaSerdesTester] (Thread-600) Sending message {"key11754494492984": "value-0"} to topic topic-cec8d1fd_116d_48cb_aad5_85f3e956ae35
2025-08-06 15:34:53,585 WARN  [org.apa.kaf.cli.NetworkClient] (kafka-producer-network-thread | Producer-topic-cec8d1fd_116d_48cb_aad5_85f3e956ae35) [Producer clientId=Producer-topic-cec8d1fd_116d_48cb_aad5_85f3e956ae35] The metadata response from the cluster reported a recoverable issue with correlation id 1 : {topic-cec8d1fd_116d_48cb_aad5_85f3e956ae35=UNKNOWN_TOPIC_OR_PARTITION}
2025-08-06 15:34:53,586 INFO  [org.apa.kaf.cli.Metadata] (kafka-producer-network-thread | Producer-topic-cec8d1fd_116d_48cb_aad5_85f3e956ae35) [Producer clientId=Producer-topic-cec8d1fd_116d_48cb_aad5_85f3e956ae35] Cluster ID: XZ--LfAaTaS_n5V5dfJ0ng
2025-08-06 15:34:53,821 INFO  [org.apa.kaf.cli.pro.int.TransactionManager] (kafka-producer-network-thread | Producer-topic-cec8d1fd_116d_48cb_aad5_85f3e956ae35) [Producer clientId=Producer-topic-cec8d1fd_116d_48cb_aad5_85f3e956ae35] ProducerId set to 0 with epoch 0
2025-08-06 15:34:54,025 INFO  [io.api.tes.ser.api.KafkaSerdesTester] (Thread-600) Sending message {"key11754494492984": "value-1"} to topic topic-cec8d1fd_116d_48cb_aad5_85f3e956ae35
2025-08-06 15:34:54,041 INFO  [io.api.tes.ser.api.KafkaSerdesTester] (Thread-600) Sending message {"key11754494492984": "value-2"} to topic topic-cec8d1fd_116d_48cb_aad5_85f3e956ae35
2025-08-06 15:34:54,053 INFO  [io.api.tes.ser.api.KafkaSerdesTester] (Thread-600) Sending message {"key11754494492984": "value-3"} to topic topic-cec8d1fd_116d_48cb_aad5_85f3e956ae35
2025-08-06 15:34:54,066 INFO  [io.api.tes.ser.api.KafkaSerdesTester] (Thread-600) Sending message {"key11754494492984": "value-4"} to topic topic-cec8d1fd_116d_48cb_aad5_85f3e956ae35
2025-08-06 15:34:54,080 INFO  [io.api.tes.ser.api.KafkaSerdesTester] (Thread-600) Sending message {"key11754494492984": "value-5"} to topic topic-cec8d1fd_116d_48cb_aad5_85f3e956ae35
2025-08-06 15:34:54,090 INFO  [io.api.tes.ser.api.KafkaSerdesTester] (Thread-600) Sending message {"key11754494492984": "value-6"} to topic topic-cec8d1fd_116d_48cb_aad5_85f3e956ae35
2025-08-06 15:34:54,100 INFO  [io.api.tes.ser.api.KafkaSerdesTester] (Thread-600) Sending message {"key11754494492984": "value-7"} to topic topic-cec8d1fd_116d_48cb_aad5_85f3e956ae35
2025-08-06 15:34:54,112 INFO  [io.api.tes.ser.api.KafkaSerdesTester] (Thread-600) Sending message {"key11754494492984": "value-8"} to topic topic-cec8d1fd_116d_48cb_aad5_85f3e956ae35
2025-08-06 15:34:54,120 INFO  [io.api.tes.ser.api.KafkaSerdesTester] (Thread-600) Sending message {"key11754494492984": "value-9"} to topic topic-cec8d1fd_116d_48cb_aad5_85f3e956ae35
2025-08-06 15:34:54,124 INFO  [io.api.tes.ser.api.KafkaSerdesTester] (Thread-600) Produced 10 messages
2025-08-06 15:34:54,127 INFO  [org.apa.kaf.cli.pro.KafkaProducer] (Thread-600) [Producer clientId=Producer-topic-cec8d1fd_116d_48cb_aad5_85f3e956ae35] Closing the Kafka producer with timeoutMillis = 9223372036854775807 ms.
2025-08-06 15:34:54,145 INFO  [org.apa.kaf.com.met.Metrics] (Thread-600) Metrics scheduler closed
2025-08-06 15:34:54,145 INFO  [org.apa.kaf.com.met.Metrics] (Thread-600) Closing reporter org.apache.kafka.common.metrics.JmxReporter
2025-08-06 15:34:54,145 INFO  [org.apa.kaf.com.met.Metrics] (Thread-600) Closing reporter org.apache.kafka.common.telemetry.internals.ClientTelemetryReporter
2025-08-06 15:34:54,146 INFO  [org.apa.kaf.com.met.Metrics] (Thread-600) Metrics reporters closed
2025-08-06 15:34:54,150 INFO  [org.apa.kaf.com.uti.AppInfoParser] (Thread-600) App info kafka.producer for Producer-topic-cec8d1fd_116d_48cb_aad5_85f3e956ae35 unregistered
**** Registry Base URL: http://registry-app-inmemory.apps.ci419.apicurio-testing.org:80
2025-08-06 15:34:54,312 INFO  [org.apa.kaf.cli.con.ConsumerConfig] (main) ConsumerConfig values: 
	allow.auto.create.topics = true
	auto.commit.interval.ms = 500
	auto.include.jmx.reporter = true
	auto.offset.reset = earliest
	bootstrap.servers = [PLAINTEXT://localhost:32769]
	check.crcs = true
	client.dns.lookup = use_all_dns_ips
	client.id = consumer-Consumer-topic-cec8d1fd_116d_48cb_aad5_85f3e956ae35-1
	client.rack = 
	connections.max.idle.ms = 10000
	default.api.timeout.ms = 60000
	enable.auto.commit = true
	enable.metrics.push = true
	exclude.internal.topics = true
	fetch.max.bytes = 52428800
	fetch.max.wait.ms = 500
	fetch.min.bytes = 1
	group.id = Consumer-topic-cec8d1fd_116d_48cb_aad5_85f3e956ae35
	group.instance.id = null
	group.protocol = classic
	group.remote.assignor = null
	heartbeat.interval.ms = 3000
	interceptor.classes = []
	internal.leave.group.on.close = true
	internal.throw.on.fetch.stable.offset.unsupported = false
	isolation.level = read_uncommitted
	key.deserializer = class org.apache.kafka.common.serialization.StringDeserializer
	max.partition.fetch.bytes = 1048576
	max.poll.interval.ms = 300000
	max.poll.records = 500
	metadata.max.age.ms = 300000
	metadata.recovery.strategy = none
	metric.reporters = []
	metrics.num.samples = 2
	metrics.recording.level = INFO
	metrics.sample.window.ms = 30000
	partition.assignment.strategy = [class org.apache.kafka.clients.consumer.RangeAssignor, class org.apache.kafka.clients.consumer.CooperativeStickyAssignor]
	receive.buffer.bytes = 65536
	reconnect.backoff.max.ms = 1000
	reconnect.backoff.ms = 50
	request.timeout.ms = 5000
	retry.backoff.max.ms = 1000
	retry.backoff.ms = 100
	sasl.client.callback.handler.class = null
	sasl.jaas.config = null
	sasl.kerberos.kinit.cmd = /usr/bin/kinit
	sasl.kerberos.min.time.before.relogin = 60000
	sasl.kerberos.service.name = null
	sasl.kerberos.ticket.renew.jitter = 0.05
	sasl.kerberos.ticket.renew.window.factor = 0.8
	sasl.login.callback.handler.class = null
	sasl.login.class = null
	sasl.login.connect.timeout.ms = null
	sasl.login.read.timeout.ms = null
	sasl.login.refresh.buffer.seconds = 300
	sasl.login.refresh.min.period.seconds = 60
	sasl.login.refresh.window.factor = 0.8
	sasl.login.refresh.window.jitter = 0.05
	sasl.login.retry.backoff.max.ms = 10000
	sasl.login.retry.backoff.ms = 100
	sasl.mechanism = GSSAPI
	sasl.oauthbearer.clock.skew.seconds = 30
	sasl.oauthbearer.expected.audience = null
	sasl.oauthbearer.expected.issuer = null
	sasl.oauthbearer.header.urlencode = false
	sasl.oauthbearer.jwks.endpoint.refresh.ms = 3600000
	sasl.oauthbearer.jwks.endpoint.retry.backoff.max.ms = 10000
	sasl.oauthbearer.jwks.endpoint.retry.backoff.ms = 100
	sasl.oauthbearer.jwks.endpoint.url = null
	sasl.oauthbearer.scope.claim.name = scope
	sasl.oauthbearer.sub.claim.name = sub
	sasl.oauthbearer.token.endpoint.url = null
	security.protocol = PLAINTEXT
	security.providers = null
	send.buffer.bytes = 131072
	session.timeout.ms = 45000
	socket.connection.setup.timeout.max.ms = 30000
	socket.connection.setup.timeout.ms = 10000
	ssl.cipher.suites = null
	ssl.enabled.protocols = [TLSv1.2, TLSv1.3]
	ssl.endpoint.identification.algorithm = https
	ssl.engine.factory.class = null
	ssl.key.password = null
	ssl.keymanager.algorithm = SunX509
	ssl.keystore.certificate.chain = null
	ssl.keystore.key = null
	ssl.keystore.location = null
	ssl.keystore.password = null
	ssl.keystore.type = JKS
	ssl.protocol = TLSv1.3
	ssl.provider = null
	ssl.secure.random.implementation = null
	ssl.trustmanager.algorithm = PKIX
	ssl.truststore.certificates = null
	ssl.truststore.location = null
	ssl.truststore.password = null
	ssl.truststore.type = JKS
	value.deserializer = class io.apicurio.registry.serde.avro.AvroKafkaDeserializer

2025-08-06 15:34:54,323 INFO  [org.apa.kaf.com.tel.int.KafkaMetricsCollector] (main) initializing Kafka metrics collector
2025-08-06 15:34:54,377 INFO  [org.apa.kaf.cli.con.ConsumerConfig] (main) These configurations '[apicurio.registry.url, apicurio.registry.use-id]' were supplied but are not used yet.
2025-08-06 15:34:54,377 INFO  [org.apa.kaf.com.uti.AppInfoParser] (main) Kafka version: 3.9.1
2025-08-06 15:34:54,377 INFO  [org.apa.kaf.com.uti.AppInfoParser] (main) Kafka commitId: f745dfdcee2b9851
2025-08-06 15:34:54,378 INFO  [org.apa.kaf.com.uti.AppInfoParser] (main) Kafka startTimeMs: 1754494494377
2025-08-06 15:34:54,381 INFO  [org.apa.kaf.cli.con.int.ClassicKafkaConsumer] (Thread-603) [Consumer clientId=consumer-Consumer-topic-cec8d1fd_116d_48cb_aad5_85f3e956ae35-1, groupId=Consumer-topic-cec8d1fd_116d_48cb_aad5_85f3e956ae35] Subscribed to topic(s): topic-cec8d1fd_116d_48cb_aad5_85f3e956ae35
2025-08-06 15:34:54,409 INFO  [org.apa.kaf.cli.Metadata] (Thread-603) [Consumer clientId=consumer-Consumer-topic-cec8d1fd_116d_48cb_aad5_85f3e956ae35-1, groupId=Consumer-topic-cec8d1fd_116d_48cb_aad5_85f3e956ae35] Cluster ID: XZ--LfAaTaS_n5V5dfJ0ng
2025-08-06 15:34:54,579 INFO  [org.apa.kaf.cli.con.int.ConsumerCoordinator] (Thread-603) [Consumer clientId=consumer-Consumer-topic-cec8d1fd_116d_48cb_aad5_85f3e956ae35-1, groupId=Consumer-topic-cec8d1fd_116d_48cb_aad5_85f3e956ae35] Discovered group coordinator localhost:32769 (id: 2147483647 rack: null)
2025-08-06 15:34:54,600 INFO  [org.apa.kaf.cli.con.int.ConsumerCoordinator] (Thread-603) [Consumer clientId=consumer-Consumer-topic-cec8d1fd_116d_48cb_aad5_85f3e956ae35-1, groupId=Consumer-topic-cec8d1fd_116d_48cb_aad5_85f3e956ae35] (Re-)joining group
2025-08-06 15:34:54,627 INFO  [org.apa.kaf.cli.con.int.ConsumerCoordinator] (Thread-603) [Consumer clientId=consumer-Consumer-topic-cec8d1fd_116d_48cb_aad5_85f3e956ae35-1, groupId=Consumer-topic-cec8d1fd_116d_48cb_aad5_85f3e956ae35] Group coordinator localhost:32769 (id: 2147483647 rack: null) is unavailable or invalid due to cause: error response NOT_COORDINATOR. isDisconnected: false. Rediscovery will be attempted.
2025-08-06 15:34:54,628 INFO  [org.apa.kaf.cli.con.int.ConsumerCoordinator] (Thread-603) [Consumer clientId=consumer-Consumer-topic-cec8d1fd_116d_48cb_aad5_85f3e956ae35-1, groupId=Consumer-topic-cec8d1fd_116d_48cb_aad5_85f3e956ae35] Requesting disconnect from last known coordinator localhost:32769 (id: 2147483647 rack: null)
2025-08-06 15:34:54,628 INFO  [org.apa.kaf.cli.con.int.ConsumerCoordinator] (Thread-603) [Consumer clientId=consumer-Consumer-topic-cec8d1fd_116d_48cb_aad5_85f3e956ae35-1, groupId=Consumer-topic-cec8d1fd_116d_48cb_aad5_85f3e956ae35] JoinGroup failed: This is not the correct coordinator. Marking coordinator unknown. Sent generation was Generation{generationId=-1, memberId='', protocol='null'}
2025-08-06 15:34:54,629 INFO  [org.apa.kaf.cli.NetworkClient] (Thread-603) [Consumer clientId=consumer-Consumer-topic-cec8d1fd_116d_48cb_aad5_85f3e956ae35-1, groupId=Consumer-topic-cec8d1fd_116d_48cb_aad5_85f3e956ae35] Client requested disconnect from node 2147483647
2025-08-06 15:34:54,634 INFO  [org.apa.kaf.cli.con.int.ConsumerCoordinator] (Thread-603) [Consumer clientId=consumer-Consumer-topic-cec8d1fd_116d_48cb_aad5_85f3e956ae35-1, groupId=Consumer-topic-cec8d1fd_116d_48cb_aad5_85f3e956ae35] Discovered group coordinator localhost:32769 (id: 2147483647 rack: null)
2025-08-06 15:34:54,635 INFO  [org.apa.kaf.cli.con.int.ConsumerCoordinator] (Thread-603) [Consumer clientId=consumer-Consumer-topic-cec8d1fd_116d_48cb_aad5_85f3e956ae35-1, groupId=Consumer-topic-cec8d1fd_116d_48cb_aad5_85f3e956ae35] Group coordinator localhost:32769 (id: 2147483647 rack: null) is unavailable or invalid due to cause: coordinator unavailable. isDisconnected: false. Rediscovery will be attempted.
2025-08-06 15:34:54,635 INFO  [org.apa.kaf.cli.con.int.ConsumerCoordinator] (Thread-603) [Consumer clientId=consumer-Consumer-topic-cec8d1fd_116d_48cb_aad5_85f3e956ae35-1, groupId=Consumer-topic-cec8d1fd_116d_48cb_aad5_85f3e956ae35] Requesting disconnect from last known coordinator localhost:32769 (id: 2147483647 rack: null)
2025-08-06 15:34:54,745 INFO  [org.apa.kaf.cli.con.int.ConsumerCoordinator] (Thread-603) [Consumer clientId=consumer-Consumer-topic-cec8d1fd_116d_48cb_aad5_85f3e956ae35-1, groupId=Consumer-topic-cec8d1fd_116d_48cb_aad5_85f3e956ae35] Discovered group coordinator localhost:32769 (id: 2147483647 rack: null)
2025-08-06 15:34:54,748 INFO  [org.apa.kaf.cli.con.int.ConsumerCoordinator] (Thread-603) [Consumer clientId=consumer-Consumer-topic-cec8d1fd_116d_48cb_aad5_85f3e956ae35-1, groupId=Consumer-topic-cec8d1fd_116d_48cb_aad5_85f3e956ae35] Request joining group due to: rebalance failed due to 'This is not the correct coordinator.' (NotCoordinatorException)
2025-08-06 15:34:54,749 INFO  [org.apa.kaf.cli.con.int.ConsumerCoordinator] (Thread-603) [Consumer clientId=consumer-Consumer-topic-cec8d1fd_116d_48cb_aad5_85f3e956ae35-1, groupId=Consumer-topic-cec8d1fd_116d_48cb_aad5_85f3e956ae35] (Re-)joining group
2025-08-06 15:34:54,757 INFO  [org.apa.kaf.cli.con.int.ConsumerCoordinator] (Thread-603) [Consumer clientId=consumer-Consumer-topic-cec8d1fd_116d_48cb_aad5_85f3e956ae35-1, groupId=Consumer-topic-cec8d1fd_116d_48cb_aad5_85f3e956ae35] Group coordinator localhost:32769 (id: 2147483647 rack: null) is unavailable or invalid due to cause: error response NOT_COORDINATOR. isDisconnected: false. Rediscovery will be attempted.
2025-08-06 15:34:54,758 INFO  [org.apa.kaf.cli.con.int.ConsumerCoordinator] (Thread-603) [Consumer clientId=consumer-Consumer-topic-cec8d1fd_116d_48cb_aad5_85f3e956ae35-1, groupId=Consumer-topic-cec8d1fd_116d_48cb_aad5_85f3e956ae35] Requesting disconnect from last known coordinator localhost:32769 (id: 2147483647 rack: null)
2025-08-06 15:34:54,759 INFO  [org.apa.kaf.cli.con.int.ConsumerCoordinator] (Thread-603) [Consumer clientId=consumer-Consumer-topic-cec8d1fd_116d_48cb_aad5_85f3e956ae35-1, groupId=Consumer-topic-cec8d1fd_116d_48cb_aad5_85f3e956ae35] JoinGroup failed: This is not the correct coordinator. Marking coordinator unknown. Sent generation was Generation{generationId=-1, memberId='', protocol='null'}
2025-08-06 15:34:54,759 INFO  [org.apa.kaf.cli.NetworkClient] (Thread-603) [Consumer clientId=consumer-Consumer-topic-cec8d1fd_116d_48cb_aad5_85f3e956ae35-1, groupId=Consumer-topic-cec8d1fd_116d_48cb_aad5_85f3e956ae35] Client requested disconnect from node 2147483647
2025-08-06 15:34:54,767 INFO  [org.apa.kaf.cli.con.int.ConsumerCoordinator] (Thread-603) [Consumer clientId=consumer-Consumer-topic-cec8d1fd_116d_48cb_aad5_85f3e956ae35-1, groupId=Consumer-topic-cec8d1fd_116d_48cb_aad5_85f3e956ae35] Discovered group coordinator localhost:32769 (id: 2147483647 rack: null)
2025-08-06 15:34:54,767 INFO  [org.apa.kaf.cli.con.int.ConsumerCoordinator] (Thread-603) [Consumer clientId=consumer-Consumer-topic-cec8d1fd_116d_48cb_aad5_85f3e956ae35-1, groupId=Consumer-topic-cec8d1fd_116d_48cb_aad5_85f3e956ae35] Group coordinator localhost:32769 (id: 2147483647 rack: null) is unavailable or invalid due to cause: coordinator unavailable. isDisconnected: false. Rediscovery will be attempted.
2025-08-06 15:34:54,767 INFO  [org.apa.kaf.cli.con.int.ConsumerCoordinator] (Thread-603) [Consumer clientId=consumer-Consumer-topic-cec8d1fd_116d_48cb_aad5_85f3e956ae35-1, groupId=Consumer-topic-cec8d1fd_116d_48cb_aad5_85f3e956ae35] Requesting disconnect from last known coordinator localhost:32769 (id: 2147483647 rack: null)
2025-08-06 15:34:54,888 INFO  [org.apa.kaf.cli.con.int.ConsumerCoordinator] (Thread-603) [Consumer clientId=consumer-Consumer-topic-cec8d1fd_116d_48cb_aad5_85f3e956ae35-1, groupId=Consumer-topic-cec8d1fd_116d_48cb_aad5_85f3e956ae35] Discovered group coordinator localhost:32769 (id: 2147483647 rack: null)
2025-08-06 15:34:54,891 INFO  [org.apa.kaf.cli.con.int.ConsumerCoordinator] (Thread-603) [Consumer clientId=consumer-Consumer-topic-cec8d1fd_116d_48cb_aad5_85f3e956ae35-1, groupId=Consumer-topic-cec8d1fd_116d_48cb_aad5_85f3e956ae35] Request joining group due to: rebalance failed due to 'This is not the correct coordinator.' (NotCoordinatorException)
2025-08-06 15:34:54,892 INFO  [org.apa.kaf.cli.con.int.ConsumerCoordinator] (Thread-603) [Consumer clientId=consumer-Consumer-topic-cec8d1fd_116d_48cb_aad5_85f3e956ae35-1, groupId=Consumer-topic-cec8d1fd_116d_48cb_aad5_85f3e956ae35] (Re-)joining group
2025-08-06 15:34:54,899 INFO  [org.apa.kaf.cli.con.int.ConsumerCoordinator] (Thread-603) [Consumer clientId=consumer-Consumer-topic-cec8d1fd_116d_48cb_aad5_85f3e956ae35-1, groupId=Consumer-topic-cec8d1fd_116d_48cb_aad5_85f3e956ae35] Group coordinator localhost:32769 (id: 2147483647 rack: null) is unavailable or invalid due to cause: error response NOT_COORDINATOR. isDisconnected: false. Rediscovery will be attempted.
2025-08-06 15:34:54,900 INFO  [org.apa.kaf.cli.con.int.ConsumerCoordinator] (Thread-603) [Consumer clientId=consumer-Consumer-topic-cec8d1fd_116d_48cb_aad5_85f3e956ae35-1, groupId=Consumer-topic-cec8d1fd_116d_48cb_aad5_85f3e956ae35] Requesting disconnect from last known coordinator localhost:32769 (id: 2147483647 rack: null)
2025-08-06 15:34:54,900 INFO  [org.apa.kaf.cli.con.int.ConsumerCoordinator] (Thread-603) [Consumer clientId=consumer-Consumer-topic-cec8d1fd_116d_48cb_aad5_85f3e956ae35-1, groupId=Consumer-topic-cec8d1fd_116d_48cb_aad5_85f3e956ae35] JoinGroup failed: This is not the correct coordinator. Marking coordinator unknown. Sent generation was Generation{generationId=-1, memberId='', protocol='null'}
2025-08-06 15:34:54,900 INFO  [org.apa.kaf.cli.NetworkClient] (Thread-603) [Consumer clientId=consumer-Consumer-topic-cec8d1fd_116d_48cb_aad5_85f3e956ae35-1, groupId=Consumer-topic-cec8d1fd_116d_48cb_aad5_85f3e956ae35] Client requested disconnect from node 2147483647
2025-08-06 15:34:54,906 INFO  [org.apa.kaf.cli.con.int.ConsumerCoordinator] (Thread-603) [Consumer clientId=consumer-Consumer-topic-cec8d1fd_116d_48cb_aad5_85f3e956ae35-1, groupId=Consumer-topic-cec8d1fd_116d_48cb_aad5_85f3e956ae35] Discovered group coordinator localhost:32769 (id: 2147483647 rack: null)
2025-08-06 15:34:54,907 INFO  [org.apa.kaf.cli.con.int.ConsumerCoordinator] (Thread-603) [Consumer clientId=consumer-Consumer-topic-cec8d1fd_116d_48cb_aad5_85f3e956ae35-1, groupId=Consumer-topic-cec8d1fd_116d_48cb_aad5_85f3e956ae35] Group coordinator localhost:32769 (id: 2147483647 rack: null) is unavailable or invalid due to cause: coordinator unavailable. isDisconnected: false. Rediscovery will be attempted.
2025-08-06 15:34:54,907 INFO  [org.apa.kaf.cli.con.int.ConsumerCoordinator] (Thread-603) [Consumer clientId=consumer-Consumer-topic-cec8d1fd_116d_48cb_aad5_85f3e956ae35-1, groupId=Consumer-topic-cec8d1fd_116d_48cb_aad5_85f3e956ae35] Requesting disconnect from last known coordinator localhost:32769 (id: 2147483647 rack: null)
2025-08-06 15:34:55,031 INFO  [org.apa.kaf.cli.con.int.ConsumerCoordinator] (Thread-603) [Consumer clientId=consumer-Consumer-topic-cec8d1fd_116d_48cb_aad5_85f3e956ae35-1, groupId=Consumer-topic-cec8d1fd_116d_48cb_aad5_85f3e956ae35] Discovered group coordinator localhost:32769 (id: 2147483647 rack: null)
2025-08-06 15:34:55,032 INFO  [org.apa.kaf.cli.con.int.ConsumerCoordinator] (Thread-603) [Consumer clientId=consumer-Consumer-topic-cec8d1fd_116d_48cb_aad5_85f3e956ae35-1, groupId=Consumer-topic-cec8d1fd_116d_48cb_aad5_85f3e956ae35] Request joining group due to: rebalance failed due to 'This is not the correct coordinator.' (NotCoordinatorException)
2025-08-06 15:34:55,033 INFO  [org.apa.kaf.cli.con.int.ConsumerCoordinator] (Thread-603) [Consumer clientId=consumer-Consumer-topic-cec8d1fd_116d_48cb_aad5_85f3e956ae35-1, groupId=Consumer-topic-cec8d1fd_116d_48cb_aad5_85f3e956ae35] (Re-)joining group
2025-08-06 15:34:55,039 INFO  [org.apa.kaf.cli.con.int.ConsumerCoordinator] (Thread-603) [Consumer clientId=consumer-Consumer-topic-cec8d1fd_116d_48cb_aad5_85f3e956ae35-1, groupId=Consumer-topic-cec8d1fd_116d_48cb_aad5_85f3e956ae35] Group coordinator localhost:32769 (id: 2147483647 rack: null) is unavailable or invalid due to cause: error response NOT_COORDINATOR. isDisconnected: false. Rediscovery will be attempted.
2025-08-06 15:34:55,039 INFO  [org.apa.kaf.cli.con.int.ConsumerCoordinator] (Thread-603) [Consumer clientId=consumer-Consumer-topic-cec8d1fd_116d_48cb_aad5_85f3e956ae35-1, groupId=Consumer-topic-cec8d1fd_116d_48cb_aad5_85f3e956ae35] Requesting disconnect from last known coordinator localhost:32769 (id: 2147483647 rack: null)
2025-08-06 15:34:55,039 INFO  [org.apa.kaf.cli.con.int.ConsumerCoordinator] (Thread-603) [Consumer clientId=consumer-Consumer-topic-cec8d1fd_116d_48cb_aad5_85f3e956ae35-1, groupId=Consumer-topic-cec8d1fd_116d_48cb_aad5_85f3e956ae35] JoinGroup failed: This is not the correct coordinator. Marking coordinator unknown. Sent generation was Generation{generationId=-1, memberId='', protocol='null'}
2025-08-06 15:34:55,040 INFO  [org.apa.kaf.cli.NetworkClient] (Thread-603) [Consumer clientId=consumer-Consumer-topic-cec8d1fd_116d_48cb_aad5_85f3e956ae35-1, groupId=Consumer-topic-cec8d1fd_116d_48cb_aad5_85f3e956ae35] Client requested disconnect from node 2147483647
2025-08-06 15:34:55,045 INFO  [org.apa.kaf.cli.con.int.ConsumerCoordinator] (Thread-603) [Consumer clientId=consumer-Consumer-topic-cec8d1fd_116d_48cb_aad5_85f3e956ae35-1, groupId=Consumer-topic-cec8d1fd_116d_48cb_aad5_85f3e956ae35] Discovered group coordinator localhost:32769 (id: 2147483647 rack: null)
2025-08-06 15:34:55,045 INFO  [org.apa.kaf.cli.con.int.ConsumerCoordinator] (Thread-603) [Consumer clientId=consumer-Consumer-topic-cec8d1fd_116d_48cb_aad5_85f3e956ae35-1, groupId=Consumer-topic-cec8d1fd_116d_48cb_aad5_85f3e956ae35] Group coordinator localhost:32769 (id: 2147483647 rack: null) is unavailable or invalid due to cause: coordinator unavailable. isDisconnected: false. Rediscovery will be attempted.
2025-08-06 15:34:55,045 INFO  [org.apa.kaf.cli.con.int.ConsumerCoordinator] (Thread-603) [Consumer clientId=consumer-Consumer-topic-cec8d1fd_116d_48cb_aad5_85f3e956ae35-1, groupId=Consumer-topic-cec8d1fd_116d_48cb_aad5_85f3e956ae35] Requesting disconnect from last known coordinator localhost:32769 (id: 2147483647 rack: null)
2025-08-06 15:34:55,139 INFO  [org.apa.kaf.cli.con.int.ConsumerCoordinator] (Thread-603) [Consumer clientId=consumer-Consumer-topic-cec8d1fd_116d_48cb_aad5_85f3e956ae35-1, groupId=Consumer-topic-cec8d1fd_116d_48cb_aad5_85f3e956ae35] Discovered group coordinator localhost:32769 (id: 2147483647 rack: null)
2025-08-06 15:34:55,142 INFO  [org.apa.kaf.cli.con.int.ConsumerCoordinator] (Thread-603) [Consumer clientId=consumer-Consumer-topic-cec8d1fd_116d_48cb_aad5_85f3e956ae35-1, groupId=Consumer-topic-cec8d1fd_116d_48cb_aad5_85f3e956ae35] Request joining group due to: rebalance failed due to 'This is not the correct coordinator.' (NotCoordinatorException)
2025-08-06 15:34:55,143 INFO  [org.apa.kaf.cli.con.int.ConsumerCoordinator] (Thread-603) [Consumer clientId=consumer-Consumer-topic-cec8d1fd_116d_48cb_aad5_85f3e956ae35-1, groupId=Consumer-topic-cec8d1fd_116d_48cb_aad5_85f3e956ae35] (Re-)joining group
2025-08-06 15:34:55,152 INFO  [org.apa.kaf.cli.con.int.ConsumerCoordinator] (Thread-603) [Consumer clientId=consumer-Consumer-topic-cec8d1fd_116d_48cb_aad5_85f3e956ae35-1, groupId=Consumer-topic-cec8d1fd_116d_48cb_aad5_85f3e956ae35] Group coordinator localhost:32769 (id: 2147483647 rack: null) is unavailable or invalid due to cause: error response NOT_COORDINATOR. isDisconnected: false. Rediscovery will be attempted.
2025-08-06 15:34:55,153 INFO  [org.apa.kaf.cli.con.int.ConsumerCoordinator] (Thread-603) [Consumer clientId=consumer-Consumer-topic-cec8d1fd_116d_48cb_aad5_85f3e956ae35-1, groupId=Consumer-topic-cec8d1fd_116d_48cb_aad5_85f3e956ae35] Requesting disconnect from last known coordinator localhost:32769 (id: 2147483647 rack: null)
2025-08-06 15:34:55,153 INFO  [org.apa.kaf.cli.con.int.ConsumerCoordinator] (Thread-603) [Consumer clientId=consumer-Consumer-topic-cec8d1fd_116d_48cb_aad5_85f3e956ae35-1, groupId=Consumer-topic-cec8d1fd_116d_48cb_aad5_85f3e956ae35] JoinGroup failed: This is not the correct coordinator. Marking coordinator unknown. Sent generation was Generation{generationId=-1, memberId='', protocol='null'}
2025-08-06 15:34:55,153 INFO  [org.apa.kaf.cli.NetworkClient] (Thread-603) [Consumer clientId=consumer-Consumer-topic-cec8d1fd_116d_48cb_aad5_85f3e956ae35-1, groupId=Consumer-topic-cec8d1fd_116d_48cb_aad5_85f3e956ae35] Client requested disconnect from node 2147483647
2025-08-06 15:34:55,162 INFO  [org.apa.kaf.cli.con.int.ConsumerCoordinator] (Thread-603) [Consumer clientId=consumer-Consumer-topic-cec8d1fd_116d_48cb_aad5_85f3e956ae35-1, groupId=Consumer-topic-cec8d1fd_116d_48cb_aad5_85f3e956ae35] Discovered group coordinator localhost:32769 (id: 2147483647 rack: null)
2025-08-06 15:34:55,163 INFO  [org.apa.kaf.cli.con.int.ConsumerCoordinator] (Thread-603) [Consumer clientId=consumer-Consumer-topic-cec8d1fd_116d_48cb_aad5_85f3e956ae35-1, groupId=Consumer-topic-cec8d1fd_116d_48cb_aad5_85f3e956ae35] Group coordinator localhost:32769 (id: 2147483647 rack: null) is unavailable or invalid due to cause: coordinator unavailable. isDisconnected: false. Rediscovery will be attempted.
2025-08-06 15:34:55,163 INFO  [org.apa.kaf.cli.con.int.ConsumerCoordinator] (Thread-603) [Consumer clientId=consumer-Consumer-topic-cec8d1fd_116d_48cb_aad5_85f3e956ae35-1, groupId=Consumer-topic-cec8d1fd_116d_48cb_aad5_85f3e956ae35] Requesting disconnect from last known coordinator localhost:32769 (id: 2147483647 rack: null)
2025-08-06 15:34:55,252 INFO  [org.apa.kaf.cli.con.int.ConsumerCoordinator] (Thread-603) [Consumer clientId=consumer-Consumer-topic-cec8d1fd_116d_48cb_aad5_85f3e956ae35-1, groupId=Consumer-topic-cec8d1fd_116d_48cb_aad5_85f3e956ae35] Discovered group coordinator localhost:32769 (id: 2147483647 rack: null)
2025-08-06 15:34:55,256 INFO  [org.apa.kaf.cli.con.int.ConsumerCoordinator] (Thread-603) [Consumer clientId=consumer-Consumer-topic-cec8d1fd_116d_48cb_aad5_85f3e956ae35-1, groupId=Consumer-topic-cec8d1fd_116d_48cb_aad5_85f3e956ae35] Request joining group due to: rebalance failed due to 'This is not the correct coordinator.' (NotCoordinatorException)
2025-08-06 15:34:55,257 INFO  [org.apa.kaf.cli.con.int.ConsumerCoordinator] (Thread-603) [Consumer clientId=consumer-Consumer-topic-cec8d1fd_116d_48cb_aad5_85f3e956ae35-1, groupId=Consumer-topic-cec8d1fd_116d_48cb_aad5_85f3e956ae35] (Re-)joining group
2025-08-06 15:34:55,269 INFO  [org.apa.kaf.cli.con.int.ConsumerCoordinator] (Thread-603) [Consumer clientId=consumer-Consumer-topic-cec8d1fd_116d_48cb_aad5_85f3e956ae35-1, groupId=Consumer-topic-cec8d1fd_116d_48cb_aad5_85f3e956ae35] Request joining group due to: need to re-join with the given member-id: consumer-Consumer-topic-cec8d1fd_116d_48cb_aad5_85f3e956ae35-1-21bce226-580e-478f-bdb1-54516de34a10
2025-08-06 15:34:55,270 INFO  [org.apa.kaf.cli.con.int.ConsumerCoordinator] (Thread-603) [Consumer clientId=consumer-Consumer-topic-cec8d1fd_116d_48cb_aad5_85f3e956ae35-1, groupId=Consumer-topic-cec8d1fd_116d_48cb_aad5_85f3e956ae35] (Re-)joining group
2025-08-06 15:34:55,382 INFO  [io.api.tes.ser.api.KafkaSerdesTester] (Thread-603) None found
2025-08-06 15:34:56,383 INFO  [io.api.tes.ser.api.KafkaSerdesTester] (Thread-603) None found
2025-08-06 15:34:57,384 INFO  [io.api.tes.ser.api.KafkaSerdesTester] (Thread-603) None found
2025-08-06 15:34:58,288 INFO  [org.apa.kaf.cli.con.int.ConsumerCoordinator] (Thread-603) [Consumer clientId=consumer-Consumer-topic-cec8d1fd_116d_48cb_aad5_85f3e956ae35-1, groupId=Consumer-topic-cec8d1fd_116d_48cb_aad5_85f3e956ae35] Successfully joined group with generation Generation{generationId=1, memberId='consumer-Consumer-topic-cec8d1fd_116d_48cb_aad5_85f3e956ae35-1-21bce226-580e-478f-bdb1-54516de34a10', protocol='range'}
2025-08-06 15:34:58,306 INFO  [org.apa.kaf.cli.con.int.ConsumerCoordinator] (Thread-603) [Consumer clientId=consumer-Consumer-topic-cec8d1fd_116d_48cb_aad5_85f3e956ae35-1, groupId=Consumer-topic-cec8d1fd_116d_48cb_aad5_85f3e956ae35] Finished assignment for group at generation 1: {consumer-Consumer-topic-cec8d1fd_116d_48cb_aad5_85f3e956ae35-1-21bce226-580e-478f-bdb1-54516de34a10=Assignment(partitions=[topic-cec8d1fd_116d_48cb_aad5_85f3e956ae35-0])}
2025-08-06 15:34:58,336 INFO  [org.apa.kaf.cli.con.int.ConsumerCoordinator] (Thread-603) [Consumer clientId=consumer-Consumer-topic-cec8d1fd_116d_48cb_aad5_85f3e956ae35-1, groupId=Consumer-topic-cec8d1fd_116d_48cb_aad5_85f3e956ae35] Successfully synced group in generation Generation{generationId=1, memberId='consumer-Consumer-topic-cec8d1fd_116d_48cb_aad5_85f3e956ae35-1-21bce226-580e-478f-bdb1-54516de34a10', protocol='range'}
2025-08-06 15:34:58,337 INFO  [org.apa.kaf.cli.con.int.ConsumerCoordinator] (Thread-603) [Consumer clientId=consumer-Consumer-topic-cec8d1fd_116d_48cb_aad5_85f3e956ae35-1, groupId=Consumer-topic-cec8d1fd_116d_48cb_aad5_85f3e956ae35] Notifying assignor about the new Assignment(partitions=[topic-cec8d1fd_116d_48cb_aad5_85f3e956ae35-0])
2025-08-06 15:34:58,344 INFO  [org.apa.kaf.cli.con.int.ConsumerRebalanceListenerInvoker] (Thread-603) [Consumer clientId=consumer-Consumer-topic-cec8d1fd_116d_48cb_aad5_85f3e956ae35-1, groupId=Consumer-topic-cec8d1fd_116d_48cb_aad5_85f3e956ae35] Adding newly assigned partitions: topic-cec8d1fd_116d_48cb_aad5_85f3e956ae35-0
2025-08-06 15:34:58,366 INFO  [org.apa.kaf.cli.con.int.ConsumerCoordinator] (Thread-603) [Consumer clientId=consumer-Consumer-topic-cec8d1fd_116d_48cb_aad5_85f3e956ae35-1, groupId=Consumer-topic-cec8d1fd_116d_48cb_aad5_85f3e956ae35] Found no committed offset for partition topic-cec8d1fd_116d_48cb_aad5_85f3e956ae35-0
2025-08-06 15:34:58,385 INFO  [io.api.tes.ser.api.KafkaSerdesTester] (Thread-603) None found
2025-08-06 15:34:58,389 INFO  [org.apa.kaf.cli.con.int.SubscriptionState] (Thread-603) [Consumer clientId=consumer-Consumer-topic-cec8d1fd_116d_48cb_aad5_85f3e956ae35-1, groupId=Consumer-topic-cec8d1fd_116d_48cb_aad5_85f3e956ae35] Resetting offset for partition topic-cec8d1fd_116d_48cb_aad5_85f3e956ae35-0 to position FetchPosition{offset=0, offsetEpoch=Optional.empty, currentLeader=LeaderAndEpoch{leader=Optional[localhost:32769 (id: 0 rack: null)], epoch=0}}.
2025-08-06 15:34:58,585 INFO  [io.api.tes.ser.api.KafkaSerdesTester] (Thread-603) topic-cec8d1fd_116d_48cb_aad5_85f3e956ae35 0 0 {"key11754494492984": "value-0"}
2025-08-06 15:34:58,585 INFO  [io.api.tes.ser.api.KafkaSerdesTester] (Thread-603) topic-cec8d1fd_116d_48cb_aad5_85f3e956ae35 0 1 {"key11754494492984": "value-1"}
2025-08-06 15:34:58,585 INFO  [io.api.tes.ser.api.KafkaSerdesTester] (Thread-603) topic-cec8d1fd_116d_48cb_aad5_85f3e956ae35 0 2 {"key11754494492984": "value-2"}
2025-08-06 15:34:58,585 INFO  [io.api.tes.ser.api.KafkaSerdesTester] (Thread-603) topic-cec8d1fd_116d_48cb_aad5_85f3e956ae35 0 3 {"key11754494492984": "value-3"}
2025-08-06 15:34:58,586 INFO  [io.api.tes.ser.api.KafkaSerdesTester] (Thread-603) topic-cec8d1fd_116d_48cb_aad5_85f3e956ae35 0 4 {"key11754494492984": "value-4"}
2025-08-06 15:34:58,586 INFO  [io.api.tes.ser.api.KafkaSerdesTester] (Thread-603) topic-cec8d1fd_116d_48cb_aad5_85f3e956ae35 0 5 {"key11754494492984": "value-5"}
2025-08-06 15:34:58,586 INFO  [io.api.tes.ser.api.KafkaSerdesTester] (Thread-603) topic-cec8d1fd_116d_48cb_aad5_85f3e956ae35 0 6 {"key11754494492984": "value-6"}
2025-08-06 15:34:58,586 INFO  [io.api.tes.ser.api.KafkaSerdesTester] (Thread-603) topic-cec8d1fd_116d_48cb_aad5_85f3e956ae35 0 7 {"key11754494492984": "value-7"}
2025-08-06 15:34:58,586 INFO  [io.api.tes.ser.api.KafkaSerdesTester] (Thread-603) topic-cec8d1fd_116d_48cb_aad5_85f3e956ae35 0 8 {"key11754494492984": "value-8"}
2025-08-06 15:34:58,586 INFO  [io.api.tes.ser.api.KafkaSerdesTester] (Thread-603) topic-cec8d1fd_116d_48cb_aad5_85f3e956ae35 0 9 {"key11754494492984": "value-9"}
2025-08-06 15:34:58,586 INFO  [io.api.tes.ser.api.KafkaSerdesTester] (Thread-603) Consumed 10 messages
2025-08-06 15:34:58,630 INFO  [org.apa.kaf.cli.con.int.ConsumerRebalanceListenerInvoker] (Thread-603) [Consumer clientId=consumer-Consumer-topic-cec8d1fd_116d_48cb_aad5_85f3e956ae35-1, groupId=Consumer-topic-cec8d1fd_116d_48cb_aad5_85f3e956ae35] Revoke previously assigned partitions topic-cec8d1fd_116d_48cb_aad5_85f3e956ae35-0
2025-08-06 15:34:58,631 INFO  [org.apa.kaf.cli.con.int.ConsumerCoordinator] (Thread-603) [Consumer clientId=consumer-Consumer-topic-cec8d1fd_116d_48cb_aad5_85f3e956ae35-1, groupId=Consumer-topic-cec8d1fd_116d_48cb_aad5_85f3e956ae35] Member consumer-Consumer-topic-cec8d1fd_116d_48cb_aad5_85f3e956ae35-1-21bce226-580e-478f-bdb1-54516de34a10 sending LeaveGroup request to coordinator localhost:32769 (id: 2147483647 rack: null) due to the consumer is being closed
2025-08-06 15:34:58,635 INFO  [org.apa.kaf.cli.con.int.ConsumerCoordinator] (Thread-603) [Consumer clientId=consumer-Consumer-topic-cec8d1fd_116d_48cb_aad5_85f3e956ae35-1, groupId=Consumer-topic-cec8d1fd_116d_48cb_aad5_85f3e956ae35] Resetting generation and member id due to: consumer pro-actively leaving the group
2025-08-06 15:34:58,635 INFO  [org.apa.kaf.cli.con.int.ConsumerCoordinator] (Thread-603) [Consumer clientId=consumer-Consumer-topic-cec8d1fd_116d_48cb_aad5_85f3e956ae35-1, groupId=Consumer-topic-cec8d1fd_116d_48cb_aad5_85f3e956ae35] Request joining group due to: consumer pro-actively leaving the group
2025-08-06 15:34:59,116 INFO  [org.apa.kaf.com.met.Metrics] (Thread-603) Metrics scheduler closed
2025-08-06 15:34:59,116 INFO  [org.apa.kaf.com.met.Metrics] (Thread-603) Closing reporter org.apache.kafka.common.metrics.JmxReporter
2025-08-06 15:34:59,116 INFO  [org.apa.kaf.com.met.Metrics] (Thread-603) Closing reporter org.apache.kafka.common.telemetry.internals.ClientTelemetryReporter
2025-08-06 15:34:59,116 INFO  [org.apa.kaf.com.met.Metrics] (Thread-603) Metrics reporters closed
2025-08-06 15:34:59,125 INFO  [org.apa.kaf.com.uti.AppInfoParser] (Thread-603) App info kafka.consumer for consumer-Consumer-topic-cec8d1fd_116d_48cb_aad5_85f3e956ae35-1 unregistered
2025-08-06 15:34:59,127 INFO  [io.api.tes.uti.TestSeparator] (main) io.apicurio.tests.serdes.apicurio.AvroSerdeIT.testGlobalIdInHeaders-FINISHED
2025-08-06 15:34:59,127 INFO  [io.api.tes.uti.TestSeparator] (main) ############################################################################
Test passed: testGlobalIdInHeaders
]]></system-out>
  </testcase>
  <testcase name="testSimpleTopicIdStrategyFindLatest" classname="io.apicurio.tests.serdes.apicurio.AvroSerdeIT" time="5.092">
    <system-out><![CDATA[2025-08-06 15:34:59,132 INFO  [io.api.tes.uti.TestSeparator] (main) ############################################################################
2025-08-06 15:34:59,132 INFO  [io.api.tes.uti.TestSeparator] (main) io.apicurio.tests.serdes.apicurio.AvroSerdeIT.testSimpleTopicIdStrategyFindLatest-STARTED
2025-08-06 15:34:59,133 INFO  [io.api.tes.ser.api.AvroSerdeIT] (main) Registering Avro Schema: {"type":"record","name":"myrecordapicurio1","fields":[{"name":"key11754494499132","type":"string"}]}
**** Registry Base URL: http://registry-app-inmemory.apps.ci419.apicurio-testing.org:80
2025-08-06 15:35:00,255 INFO  [org.apa.kaf.cli.pro.ProducerConfig] (main) ProducerConfig values: 
	acks = -1
	auto.include.jmx.reporter = true
	batch.size = 16384
	bootstrap.servers = [PLAINTEXT://localhost:32769]
	buffer.memory = 33554432
	client.dns.lookup = use_all_dns_ips
	client.id = Producer-topic-57472d0e_5d6e_4b72_bf4a_3499b555058a
	compression.gzip.level = -1
	compression.lz4.level = 9
	compression.type = none
	compression.zstd.level = 3
	connections.max.idle.ms = 10000
	delivery.timeout.ms = 120000
	enable.idempotence = true
	enable.metrics.push = true
	interceptor.classes = []
	key.serializer = class org.apache.kafka.common.serialization.StringSerializer
	linger.ms = 0
	max.block.ms = 60000
	max.in.flight.requests.per.connection = 5
	max.request.size = 1048576
	metadata.max.age.ms = 300000
	metadata.max.idle.ms = 300000
	metadata.recovery.strategy = none
	metric.reporters = []
	metrics.num.samples = 2
	metrics.recording.level = INFO
	metrics.sample.window.ms = 30000
	partitioner.adaptive.partitioning.enable = true
	partitioner.availability.timeout.ms = 0
	partitioner.class = null
	partitioner.ignore.keys = false
	receive.buffer.bytes = 32768
	reconnect.backoff.max.ms = 1000
	reconnect.backoff.ms = 50
	request.timeout.ms = 5000
	retries = 2147483647
	retry.backoff.max.ms = 1000
	retry.backoff.ms = 100
	sasl.client.callback.handler.class = null
	sasl.jaas.config = null
	sasl.kerberos.kinit.cmd = /usr/bin/kinit
	sasl.kerberos.min.time.before.relogin = 60000
	sasl.kerberos.service.name = null
	sasl.kerberos.ticket.renew.jitter = 0.05
	sasl.kerberos.ticket.renew.window.factor = 0.8
	sasl.login.callback.handler.class = null
	sasl.login.class = null
	sasl.login.connect.timeout.ms = null
	sasl.login.read.timeout.ms = null
	sasl.login.refresh.buffer.seconds = 300
	sasl.login.refresh.min.period.seconds = 60
	sasl.login.refresh.window.factor = 0.8
	sasl.login.refresh.window.jitter = 0.05
	sasl.login.retry.backoff.max.ms = 10000
	sasl.login.retry.backoff.ms = 100
	sasl.mechanism = GSSAPI
	sasl.oauthbearer.clock.skew.seconds = 30
	sasl.oauthbearer.expected.audience = null
	sasl.oauthbearer.expected.issuer = null
	sasl.oauthbearer.header.urlencode = false
	sasl.oauthbearer.jwks.endpoint.refresh.ms = 3600000
	sasl.oauthbearer.jwks.endpoint.retry.backoff.max.ms = 10000
	sasl.oauthbearer.jwks.endpoint.retry.backoff.ms = 100
	sasl.oauthbearer.jwks.endpoint.url = null
	sasl.oauthbearer.scope.claim.name = scope
	sasl.oauthbearer.sub.claim.name = sub
	sasl.oauthbearer.token.endpoint.url = null
	security.protocol = PLAINTEXT
	security.providers = null
	send.buffer.bytes = 131072
	socket.connection.setup.timeout.max.ms = 30000
	socket.connection.setup.timeout.ms = 10000
	ssl.cipher.suites = null
	ssl.enabled.protocols = [TLSv1.2, TLSv1.3]
	ssl.endpoint.identification.algorithm = https
	ssl.engine.factory.class = null
	ssl.key.password = null
	ssl.keymanager.algorithm = SunX509
	ssl.keystore.certificate.chain = null
	ssl.keystore.key = null
	ssl.keystore.location = null
	ssl.keystore.password = null
	ssl.keystore.type = JKS
	ssl.protocol = TLSv1.3
	ssl.provider = null
	ssl.secure.random.implementation = null
	ssl.trustmanager.algorithm = PKIX
	ssl.truststore.certificates = null
	ssl.truststore.location = null
	ssl.truststore.password = null
	ssl.truststore.type = JKS
	transaction.timeout.ms = 60000
	transactional.id = null
	value.serializer = class io.apicurio.registry.serde.avro.AvroKafkaSerializer

2025-08-06 15:35:00,255 INFO  [org.apa.kaf.com.tel.int.KafkaMetricsCollector] (main) initializing Kafka metrics collector
2025-08-06 15:35:00,260 INFO  [org.apa.kaf.cli.pro.KafkaProducer] (main) [Producer clientId=Producer-topic-57472d0e_5d6e_4b72_bf4a_3499b555058a] Instantiated an idempotent producer.
2025-08-06 15:35:00,268 INFO  [org.apa.kaf.cli.pro.ProducerConfig] (main) These configurations '[apicurio.registry.find-latest, apicurio.registry.artifact.group-id, apicurio.registry.url, apicurio.registry.artifact-resolver-strategy]' were supplied but are not used yet.
2025-08-06 15:35:00,269 INFO  [org.apa.kaf.com.uti.AppInfoParser] (main) Kafka version: 3.9.1
2025-08-06 15:35:00,269 INFO  [org.apa.kaf.com.uti.AppInfoParser] (main) Kafka commitId: f745dfdcee2b9851
2025-08-06 15:35:00,269 INFO  [org.apa.kaf.com.uti.AppInfoParser] (main) Kafka startTimeMs: 1754494500269
2025-08-06 15:35:00,271 INFO  [io.api.tes.ser.api.SimpleSerdesTesterBuilder$SimpleSerdesTester] (main) Using producer configuration: {apicurio.registry.find-latest=true, apicurio.registry.artifact.group-id=topic-57472d0e_5d6e_4b72_bf4a_3499b555058a, apicurio.registry.url=http://registry-app-inmemory.apps.ci419.apicurio-testing.org:80/apis/registry/v3, apicurio.registry.artifact-resolver-strategy=io.apicurio.registry.serde.strategy.SimpleTopicIdStrategy, value.serializer=io.apicurio.registry.serde.avro.AvroKafkaSerializer, request.timeout.ms=5000, acks=all, bootstrap.servers=PLAINTEXT://localhost:32769, connections.max.idle.ms=10000, key.serializer=org.apache.kafka.common.serialization.StringSerializer, client.id=Producer-topic-57472d0e_5d6e_4b72_bf4a_3499b555058a}
2025-08-06 15:35:00,271 INFO  [io.api.tes.ser.api.SimpleSerdesTesterBuilder$SimpleSerdesTester] (main) Using consumer configuration: {}
2025-08-06 15:35:00,275 INFO  [io.api.tes.ser.api.KafkaSerdesTester] (Thread-606) Sending message {"key11754494499132": "value-0"} to topic topic-57472d0e_5d6e_4b72_bf4a_3499b555058a
2025-08-06 15:35:00,276 INFO  [org.apa.kaf.cli.Metadata] (kafka-producer-network-thread | Producer-topic-57472d0e_5d6e_4b72_bf4a_3499b555058a) [Producer clientId=Producer-topic-57472d0e_5d6e_4b72_bf4a_3499b555058a] Cluster ID: XZ--LfAaTaS_n5V5dfJ0ng
2025-08-06 15:35:00,279 INFO  [org.apa.kaf.cli.pro.int.TransactionManager] (kafka-producer-network-thread | Producer-topic-57472d0e_5d6e_4b72_bf4a_3499b555058a) [Producer clientId=Producer-topic-57472d0e_5d6e_4b72_bf4a_3499b555058a] ProducerId set to 1 with epoch 0
2025-08-06 15:35:00,458 INFO  [io.api.tes.ser.api.KafkaSerdesTester] (Thread-606) Sending message {"key11754494499132": "value-1"} to topic topic-57472d0e_5d6e_4b72_bf4a_3499b555058a
2025-08-06 15:35:00,464 INFO  [io.api.tes.ser.api.KafkaSerdesTester] (Thread-606) Sending message {"key11754494499132": "value-2"} to topic topic-57472d0e_5d6e_4b72_bf4a_3499b555058a
2025-08-06 15:35:00,468 INFO  [io.api.tes.ser.api.KafkaSerdesTester] (Thread-606) Sending message {"key11754494499132": "value-3"} to topic topic-57472d0e_5d6e_4b72_bf4a_3499b555058a
2025-08-06 15:35:00,470 INFO  [io.api.tes.ser.api.KafkaSerdesTester] (Thread-606) Sending message {"key11754494499132": "value-4"} to topic topic-57472d0e_5d6e_4b72_bf4a_3499b555058a
2025-08-06 15:35:00,474 INFO  [io.api.tes.ser.api.KafkaSerdesTester] (Thread-606) Sending message {"key11754494499132": "value-5"} to topic topic-57472d0e_5d6e_4b72_bf4a_3499b555058a
2025-08-06 15:35:00,477 INFO  [io.api.tes.ser.api.KafkaSerdesTester] (Thread-606) Sending message {"key11754494499132": "value-6"} to topic topic-57472d0e_5d6e_4b72_bf4a_3499b555058a
2025-08-06 15:35:00,481 INFO  [io.api.tes.ser.api.KafkaSerdesTester] (Thread-606) Sending message {"key11754494499132": "value-7"} to topic topic-57472d0e_5d6e_4b72_bf4a_3499b555058a
2025-08-06 15:35:00,483 INFO  [io.api.tes.ser.api.KafkaSerdesTester] (Thread-606) Sending message {"key11754494499132": "value-8"} to topic topic-57472d0e_5d6e_4b72_bf4a_3499b555058a
2025-08-06 15:35:00,484 INFO  [io.api.tes.ser.api.KafkaSerdesTester] (Thread-606) Sending message {"key11754494499132": "value-9"} to topic topic-57472d0e_5d6e_4b72_bf4a_3499b555058a
2025-08-06 15:35:00,487 INFO  [io.api.tes.ser.api.KafkaSerdesTester] (Thread-606) Produced 10 messages
2025-08-06 15:35:00,488 INFO  [org.apa.kaf.cli.pro.KafkaProducer] (Thread-606) [Producer clientId=Producer-topic-57472d0e_5d6e_4b72_bf4a_3499b555058a] Closing the Kafka producer with timeoutMillis = 9223372036854775807 ms.
2025-08-06 15:35:00,497 INFO  [org.apa.kaf.com.met.Metrics] (Thread-606) Metrics scheduler closed
2025-08-06 15:35:00,497 INFO  [org.apa.kaf.com.met.Metrics] (Thread-606) Closing reporter org.apache.kafka.common.metrics.JmxReporter
2025-08-06 15:35:00,497 INFO  [org.apa.kaf.com.met.Metrics] (Thread-606) Closing reporter org.apache.kafka.common.telemetry.internals.ClientTelemetryReporter
2025-08-06 15:35:00,497 INFO  [org.apa.kaf.com.met.Metrics] (Thread-606) Metrics reporters closed
2025-08-06 15:35:00,497 INFO  [org.apa.kaf.com.uti.AppInfoParser] (Thread-606) App info kafka.producer for Producer-topic-57472d0e_5d6e_4b72_bf4a_3499b555058a unregistered
**** Registry Base URL: http://registry-app-inmemory.apps.ci419.apicurio-testing.org:80
2025-08-06 15:35:00,501 INFO  [org.apa.kaf.cli.con.ConsumerConfig] (main) ConsumerConfig values: 
	allow.auto.create.topics = true
	auto.commit.interval.ms = 500
	auto.include.jmx.reporter = true
	auto.offset.reset = earliest
	bootstrap.servers = [PLAINTEXT://localhost:32769]
	check.crcs = true
	client.dns.lookup = use_all_dns_ips
	client.id = consumer-Consumer-topic-57472d0e_5d6e_4b72_bf4a_3499b555058a-2
	client.rack = 
	connections.max.idle.ms = 10000
	default.api.timeout.ms = 60000
	enable.auto.commit = true
	enable.metrics.push = true
	exclude.internal.topics = true
	fetch.max.bytes = 52428800
	fetch.max.wait.ms = 500
	fetch.min.bytes = 1
	group.id = Consumer-topic-57472d0e_5d6e_4b72_bf4a_3499b555058a
	group.instance.id = null
	group.protocol = classic
	group.remote.assignor = null
	heartbeat.interval.ms = 3000
	interceptor.classes = []
	internal.leave.group.on.close = true
	internal.throw.on.fetch.stable.offset.unsupported = false
	isolation.level = read_uncommitted
	key.deserializer = class org.apache.kafka.common.serialization.StringDeserializer
	max.partition.fetch.bytes = 1048576
	max.poll.interval.ms = 300000
	max.poll.records = 500
	metadata.max.age.ms = 300000
	metadata.recovery.strategy = none
	metric.reporters = []
	metrics.num.samples = 2
	metrics.recording.level = INFO
	metrics.sample.window.ms = 30000
	partition.assignment.strategy = [class org.apache.kafka.clients.consumer.RangeAssignor, class org.apache.kafka.clients.consumer.CooperativeStickyAssignor]
	receive.buffer.bytes = 65536
	reconnect.backoff.max.ms = 1000
	reconnect.backoff.ms = 50
	request.timeout.ms = 5000
	retry.backoff.max.ms = 1000
	retry.backoff.ms = 100
	sasl.client.callback.handler.class = null
	sasl.jaas.config = null
	sasl.kerberos.kinit.cmd = /usr/bin/kinit
	sasl.kerberos.min.time.before.relogin = 60000
	sasl.kerberos.service.name = null
	sasl.kerberos.ticket.renew.jitter = 0.05
	sasl.kerberos.ticket.renew.window.factor = 0.8
	sasl.login.callback.handler.class = null
	sasl.login.class = null
	sasl.login.connect.timeout.ms = null
	sasl.login.read.timeout.ms = null
	sasl.login.refresh.buffer.seconds = 300
	sasl.login.refresh.min.period.seconds = 60
	sasl.login.refresh.window.factor = 0.8
	sasl.login.refresh.window.jitter = 0.05
	sasl.login.retry.backoff.max.ms = 10000
	sasl.login.retry.backoff.ms = 100
	sasl.mechanism = GSSAPI
	sasl.oauthbearer.clock.skew.seconds = 30
	sasl.oauthbearer.expected.audience = null
	sasl.oauthbearer.expected.issuer = null
	sasl.oauthbearer.header.urlencode = false
	sasl.oauthbearer.jwks.endpoint.refresh.ms = 3600000
	sasl.oauthbearer.jwks.endpoint.retry.backoff.max.ms = 10000
	sasl.oauthbearer.jwks.endpoint.retry.backoff.ms = 100
	sasl.oauthbearer.jwks.endpoint.url = null
	sasl.oauthbearer.scope.claim.name = scope
	sasl.oauthbearer.sub.claim.name = sub
	sasl.oauthbearer.token.endpoint.url = null
	security.protocol = PLAINTEXT
	security.providers = null
	send.buffer.bytes = 131072
	session.timeout.ms = 45000
	socket.connection.setup.timeout.max.ms = 30000
	socket.connection.setup.timeout.ms = 10000
	ssl.cipher.suites = null
	ssl.enabled.protocols = [TLSv1.2, TLSv1.3]
	ssl.endpoint.identification.algorithm = https
	ssl.engine.factory.class = null
	ssl.key.password = null
	ssl.keymanager.algorithm = SunX509
	ssl.keystore.certificate.chain = null
	ssl.keystore.key = null
	ssl.keystore.location = null
	ssl.keystore.password = null
	ssl.keystore.type = JKS
	ssl.protocol = TLSv1.3
	ssl.provider = null
	ssl.secure.random.implementation = null
	ssl.trustmanager.algorithm = PKIX
	ssl.truststore.certificates = null
	ssl.truststore.location = null
	ssl.truststore.password = null
	ssl.truststore.type = JKS
	value.deserializer = class io.apicurio.registry.serde.avro.AvroKafkaDeserializer

2025-08-06 15:35:00,502 INFO  [org.apa.kaf.com.tel.int.KafkaMetricsCollector] (main) initializing Kafka metrics collector
2025-08-06 15:35:00,519 INFO  [org.apa.kaf.cli.con.ConsumerConfig] (main) These configurations '[apicurio.registry.url]' were supplied but are not used yet.
2025-08-06 15:35:00,520 INFO  [org.apa.kaf.com.uti.AppInfoParser] (main) Kafka version: 3.9.1
2025-08-06 15:35:00,521 INFO  [org.apa.kaf.com.uti.AppInfoParser] (main) Kafka commitId: f745dfdcee2b9851
2025-08-06 15:35:00,521 INFO  [org.apa.kaf.com.uti.AppInfoParser] (main) Kafka startTimeMs: 1754494500520
2025-08-06 15:35:00,523 INFO  [org.apa.kaf.cli.con.int.ClassicKafkaConsumer] (Thread-609) [Consumer clientId=consumer-Consumer-topic-57472d0e_5d6e_4b72_bf4a_3499b555058a-2, groupId=Consumer-topic-57472d0e_5d6e_4b72_bf4a_3499b555058a] Subscribed to topic(s): topic-57472d0e_5d6e_4b72_bf4a_3499b555058a
2025-08-06 15:35:00,533 INFO  [org.apa.kaf.cli.Metadata] (Thread-609) [Consumer clientId=consumer-Consumer-topic-57472d0e_5d6e_4b72_bf4a_3499b555058a-2, groupId=Consumer-topic-57472d0e_5d6e_4b72_bf4a_3499b555058a] Cluster ID: XZ--LfAaTaS_n5V5dfJ0ng
2025-08-06 15:35:00,538 INFO  [org.apa.kaf.cli.con.int.ConsumerCoordinator] (Thread-609) [Consumer clientId=consumer-Consumer-topic-57472d0e_5d6e_4b72_bf4a_3499b555058a-2, groupId=Consumer-topic-57472d0e_5d6e_4b72_bf4a_3499b555058a] Discovered group coordinator localhost:32769 (id: 2147483647 rack: null)
2025-08-06 15:35:00,541 INFO  [org.apa.kaf.cli.con.int.ConsumerCoordinator] (Thread-609) [Consumer clientId=consumer-Consumer-topic-57472d0e_5d6e_4b72_bf4a_3499b555058a-2, groupId=Consumer-topic-57472d0e_5d6e_4b72_bf4a_3499b555058a] (Re-)joining group
2025-08-06 15:35:00,552 INFO  [org.apa.kaf.cli.con.int.ConsumerCoordinator] (Thread-609) [Consumer clientId=consumer-Consumer-topic-57472d0e_5d6e_4b72_bf4a_3499b555058a-2, groupId=Consumer-topic-57472d0e_5d6e_4b72_bf4a_3499b555058a] Request joining group due to: need to re-join with the given member-id: consumer-Consumer-topic-57472d0e_5d6e_4b72_bf4a_3499b555058a-2-d45d5517-24d3-485e-9ff9-d9c3210772f7
2025-08-06 15:35:00,553 INFO  [org.apa.kaf.cli.con.int.ConsumerCoordinator] (Thread-609) [Consumer clientId=consumer-Consumer-topic-57472d0e_5d6e_4b72_bf4a_3499b555058a-2, groupId=Consumer-topic-57472d0e_5d6e_4b72_bf4a_3499b555058a] (Re-)joining group
2025-08-06 15:35:01,525 INFO  [io.api.tes.ser.api.KafkaSerdesTester] (Thread-609) None found
2025-08-06 15:35:02,526 INFO  [io.api.tes.ser.api.KafkaSerdesTester] (Thread-609) None found
2025-08-06 15:35:03,526 INFO  [io.api.tes.ser.api.KafkaSerdesTester] (Thread-609) None found
2025-08-06 15:35:03,558 INFO  [org.apa.kaf.cli.con.int.ConsumerCoordinator] (Thread-609) [Consumer clientId=consumer-Consumer-topic-57472d0e_5d6e_4b72_bf4a_3499b555058a-2, groupId=Consumer-topic-57472d0e_5d6e_4b72_bf4a_3499b555058a] Successfully joined group with generation Generation{generationId=1, memberId='consumer-Consumer-topic-57472d0e_5d6e_4b72_bf4a_3499b555058a-2-d45d5517-24d3-485e-9ff9-d9c3210772f7', protocol='range'}
2025-08-06 15:35:03,558 INFO  [org.apa.kaf.cli.con.int.ConsumerCoordinator] (Thread-609) [Consumer clientId=consumer-Consumer-topic-57472d0e_5d6e_4b72_bf4a_3499b555058a-2, groupId=Consumer-topic-57472d0e_5d6e_4b72_bf4a_3499b555058a] Finished assignment for group at generation 1: {consumer-Consumer-topic-57472d0e_5d6e_4b72_bf4a_3499b555058a-2-d45d5517-24d3-485e-9ff9-d9c3210772f7=Assignment(partitions=[topic-57472d0e_5d6e_4b72_bf4a_3499b555058a-0])}
2025-08-06 15:35:03,567 INFO  [org.apa.kaf.cli.con.int.ConsumerCoordinator] (Thread-609) [Consumer clientId=consumer-Consumer-topic-57472d0e_5d6e_4b72_bf4a_3499b555058a-2, groupId=Consumer-topic-57472d0e_5d6e_4b72_bf4a_3499b555058a] Successfully synced group in generation Generation{generationId=1, memberId='consumer-Consumer-topic-57472d0e_5d6e_4b72_bf4a_3499b555058a-2-d45d5517-24d3-485e-9ff9-d9c3210772f7', protocol='range'}
2025-08-06 15:35:03,567 INFO  [org.apa.kaf.cli.con.int.ConsumerCoordinator] (Thread-609) [Consumer clientId=consumer-Consumer-topic-57472d0e_5d6e_4b72_bf4a_3499b555058a-2, groupId=Consumer-topic-57472d0e_5d6e_4b72_bf4a_3499b555058a] Notifying assignor about the new Assignment(partitions=[topic-57472d0e_5d6e_4b72_bf4a_3499b555058a-0])
2025-08-06 15:35:03,567 INFO  [org.apa.kaf.cli.con.int.ConsumerRebalanceListenerInvoker] (Thread-609) [Consumer clientId=consumer-Consumer-topic-57472d0e_5d6e_4b72_bf4a_3499b555058a-2, groupId=Consumer-topic-57472d0e_5d6e_4b72_bf4a_3499b555058a] Adding newly assigned partitions: topic-57472d0e_5d6e_4b72_bf4a_3499b555058a-0
2025-08-06 15:35:03,569 INFO  [org.apa.kaf.cli.con.int.ConsumerCoordinator] (Thread-609) [Consumer clientId=consumer-Consumer-topic-57472d0e_5d6e_4b72_bf4a_3499b555058a-2, groupId=Consumer-topic-57472d0e_5d6e_4b72_bf4a_3499b555058a] Found no committed offset for partition topic-57472d0e_5d6e_4b72_bf4a_3499b555058a-0
2025-08-06 15:35:03,571 INFO  [org.apa.kaf.cli.con.int.SubscriptionState] (Thread-609) [Consumer clientId=consumer-Consumer-topic-57472d0e_5d6e_4b72_bf4a_3499b555058a-2, groupId=Consumer-topic-57472d0e_5d6e_4b72_bf4a_3499b555058a] Resetting offset for partition topic-57472d0e_5d6e_4b72_bf4a_3499b555058a-0 to position FetchPosition{offset=0, offsetEpoch=Optional.empty, currentLeader=LeaderAndEpoch{leader=Optional[localhost:32769 (id: 0 rack: null)], epoch=0}}.
2025-08-06 15:35:03,711 INFO  [io.api.tes.ser.api.KafkaSerdesTester] (Thread-609) topic-57472d0e_5d6e_4b72_bf4a_3499b555058a 0 0 {"key11754494499132": "value-0"}
2025-08-06 15:35:03,712 INFO  [io.api.tes.ser.api.KafkaSerdesTester] (Thread-609) topic-57472d0e_5d6e_4b72_bf4a_3499b555058a 0 1 {"key11754494499132": "value-1"}
2025-08-06 15:35:03,713 INFO  [io.api.tes.ser.api.KafkaSerdesTester] (Thread-609) topic-57472d0e_5d6e_4b72_bf4a_3499b555058a 0 2 {"key11754494499132": "value-2"}
2025-08-06 15:35:03,713 INFO  [io.api.tes.ser.api.KafkaSerdesTester] (Thread-609) topic-57472d0e_5d6e_4b72_bf4a_3499b555058a 0 3 {"key11754494499132": "value-3"}
2025-08-06 15:35:03,713 INFO  [io.api.tes.ser.api.KafkaSerdesTester] (Thread-609) topic-57472d0e_5d6e_4b72_bf4a_3499b555058a 0 4 {"key11754494499132": "value-4"}
2025-08-06 15:35:03,713 INFO  [io.api.tes.ser.api.KafkaSerdesTester] (Thread-609) topic-57472d0e_5d6e_4b72_bf4a_3499b555058a 0 5 {"key11754494499132": "value-5"}
2025-08-06 15:35:03,713 INFO  [io.api.tes.ser.api.KafkaSerdesTester] (Thread-609) topic-57472d0e_5d6e_4b72_bf4a_3499b555058a 0 6 {"key11754494499132": "value-6"}
2025-08-06 15:35:03,713 INFO  [io.api.tes.ser.api.KafkaSerdesTester] (Thread-609) topic-57472d0e_5d6e_4b72_bf4a_3499b555058a 0 7 {"key11754494499132": "value-7"}
2025-08-06 15:35:03,713 INFO  [io.api.tes.ser.api.KafkaSerdesTester] (Thread-609) topic-57472d0e_5d6e_4b72_bf4a_3499b555058a 0 8 {"key11754494499132": "value-8"}
2025-08-06 15:35:03,713 INFO  [io.api.tes.ser.api.KafkaSerdesTester] (Thread-609) topic-57472d0e_5d6e_4b72_bf4a_3499b555058a 0 9 {"key11754494499132": "value-9"}
2025-08-06 15:35:03,714 INFO  [io.api.tes.ser.api.KafkaSerdesTester] (Thread-609) Consumed 10 messages
2025-08-06 15:35:03,723 INFO  [org.apa.kaf.cli.con.int.ConsumerRebalanceListenerInvoker] (Thread-609) [Consumer clientId=consumer-Consumer-topic-57472d0e_5d6e_4b72_bf4a_3499b555058a-2, groupId=Consumer-topic-57472d0e_5d6e_4b72_bf4a_3499b555058a] Revoke previously assigned partitions topic-57472d0e_5d6e_4b72_bf4a_3499b555058a-0
2025-08-06 15:35:03,723 INFO  [org.apa.kaf.cli.con.int.ConsumerCoordinator] (Thread-609) [Consumer clientId=consumer-Consumer-topic-57472d0e_5d6e_4b72_bf4a_3499b555058a-2, groupId=Consumer-topic-57472d0e_5d6e_4b72_bf4a_3499b555058a] Member consumer-Consumer-topic-57472d0e_5d6e_4b72_bf4a_3499b555058a-2-d45d5517-24d3-485e-9ff9-d9c3210772f7 sending LeaveGroup request to coordinator localhost:32769 (id: 2147483647 rack: null) due to the consumer is being closed
2025-08-06 15:35:03,724 INFO  [org.apa.kaf.cli.con.int.ConsumerCoordinator] (Thread-609) [Consumer clientId=consumer-Consumer-topic-57472d0e_5d6e_4b72_bf4a_3499b555058a-2, groupId=Consumer-topic-57472d0e_5d6e_4b72_bf4a_3499b555058a] Resetting generation and member id due to: consumer pro-actively leaving the group
2025-08-06 15:35:03,724 INFO  [org.apa.kaf.cli.con.int.ConsumerCoordinator] (Thread-609) [Consumer clientId=consumer-Consumer-topic-57472d0e_5d6e_4b72_bf4a_3499b555058a-2, groupId=Consumer-topic-57472d0e_5d6e_4b72_bf4a_3499b555058a] Request joining group due to: consumer pro-actively leaving the group
2025-08-06 15:35:04,216 INFO  [org.apa.kaf.com.met.Metrics] (Thread-609) Metrics scheduler closed
2025-08-06 15:35:04,217 INFO  [org.apa.kaf.com.met.Metrics] (Thread-609) Closing reporter org.apache.kafka.common.metrics.JmxReporter
2025-08-06 15:35:04,217 INFO  [org.apa.kaf.com.met.Metrics] (Thread-609) Closing reporter org.apache.kafka.common.telemetry.internals.ClientTelemetryReporter
2025-08-06 15:35:04,217 INFO  [org.apa.kaf.com.met.Metrics] (Thread-609) Metrics reporters closed
2025-08-06 15:35:04,221 INFO  [org.apa.kaf.com.uti.AppInfoParser] (Thread-609) App info kafka.consumer for consumer-Consumer-topic-57472d0e_5d6e_4b72_bf4a_3499b555058a-2 unregistered
2025-08-06 15:35:04,222 INFO  [io.api.tes.uti.TestSeparator] (main) io.apicurio.tests.serdes.apicurio.AvroSerdeIT.testSimpleTopicIdStrategyFindLatest-FINISHED
2025-08-06 15:35:04,222 INFO  [io.api.tes.uti.TestSeparator] (main) ############################################################################
Test passed: testSimpleTopicIdStrategyFindLatest
]]></system-out>
  </testcase>
  <testcase name="testWrongSchema" classname="io.apicurio.tests.serdes.apicurio.AvroSerdeIT" time="1.255">
    <system-out><![CDATA[2025-08-06 15:35:04,229 INFO  [io.api.tes.uti.TestSeparator] (main) ############################################################################
2025-08-06 15:35:04,229 INFO  [io.api.tes.uti.TestSeparator] (main) io.apicurio.tests.serdes.apicurio.AvroSerdeIT.testWrongSchema-STARTED
**** Registry Base URL: http://registry-app-inmemory.apps.ci419.apicurio-testing.org:80
2025-08-06 15:35:05,336 INFO  [org.apa.kaf.cli.pro.ProducerConfig] (main) ProducerConfig values: 
	acks = -1
	auto.include.jmx.reporter = true
	batch.size = 16384
	bootstrap.servers = [PLAINTEXT://localhost:32769]
	buffer.memory = 33554432
	client.dns.lookup = use_all_dns_ips
	client.id = Producer-s3032e092x7a1bx4dc8xab63xb30b7b547011
	compression.gzip.level = -1
	compression.lz4.level = 9
	compression.type = none
	compression.zstd.level = 3
	connections.max.idle.ms = 10000
	delivery.timeout.ms = 120000
	enable.idempotence = true
	enable.metrics.push = true
	interceptor.classes = []
	key.serializer = class org.apache.kafka.common.serialization.StringSerializer
	linger.ms = 0
	max.block.ms = 60000
	max.in.flight.requests.per.connection = 5
	max.request.size = 1048576
	metadata.max.age.ms = 300000
	metadata.max.idle.ms = 300000
	metadata.recovery.strategy = none
	metric.reporters = []
	metrics.num.samples = 2
	metrics.recording.level = INFO
	metrics.sample.window.ms = 30000
	partitioner.adaptive.partitioning.enable = true
	partitioner.availability.timeout.ms = 0
	partitioner.class = null
	partitioner.ignore.keys = false
	receive.buffer.bytes = 32768
	reconnect.backoff.max.ms = 1000
	reconnect.backoff.ms = 50
	request.timeout.ms = 5000
	retries = 2147483647
	retry.backoff.max.ms = 1000
	retry.backoff.ms = 100
	sasl.client.callback.handler.class = null
	sasl.jaas.config = null
	sasl.kerberos.kinit.cmd = /usr/bin/kinit
	sasl.kerberos.min.time.before.relogin = 60000
	sasl.kerberos.service.name = null
	sasl.kerberos.ticket.renew.jitter = 0.05
	sasl.kerberos.ticket.renew.window.factor = 0.8
	sasl.login.callback.handler.class = null
	sasl.login.class = null
	sasl.login.connect.timeout.ms = null
	sasl.login.read.timeout.ms = null
	sasl.login.refresh.buffer.seconds = 300
	sasl.login.refresh.min.period.seconds = 60
	sasl.login.refresh.window.factor = 0.8
	sasl.login.refresh.window.jitter = 0.05
	sasl.login.retry.backoff.max.ms = 10000
	sasl.login.retry.backoff.ms = 100
	sasl.mechanism = GSSAPI
	sasl.oauthbearer.clock.skew.seconds = 30
	sasl.oauthbearer.expected.audience = null
	sasl.oauthbearer.expected.issuer = null
	sasl.oauthbearer.header.urlencode = false
	sasl.oauthbearer.jwks.endpoint.refresh.ms = 3600000
	sasl.oauthbearer.jwks.endpoint.retry.backoff.max.ms = 10000
	sasl.oauthbearer.jwks.endpoint.retry.backoff.ms = 100
	sasl.oauthbearer.jwks.endpoint.url = null
	sasl.oauthbearer.scope.claim.name = scope
	sasl.oauthbearer.sub.claim.name = sub
	sasl.oauthbearer.token.endpoint.url = null
	security.protocol = PLAINTEXT
	security.providers = null
	send.buffer.bytes = 131072
	socket.connection.setup.timeout.max.ms = 30000
	socket.connection.setup.timeout.ms = 10000
	ssl.cipher.suites = null
	ssl.enabled.protocols = [TLSv1.2, TLSv1.3]
	ssl.endpoint.identification.algorithm = https
	ssl.engine.factory.class = null
	ssl.key.password = null
	ssl.keymanager.algorithm = SunX509
	ssl.keystore.certificate.chain = null
	ssl.keystore.key = null
	ssl.keystore.location = null
	ssl.keystore.password = null
	ssl.keystore.type = JKS
	ssl.protocol = TLSv1.3
	ssl.provider = null
	ssl.secure.random.implementation = null
	ssl.trustmanager.algorithm = PKIX
	ssl.truststore.certificates = null
	ssl.truststore.location = null
	ssl.truststore.password = null
	ssl.truststore.type = JKS
	transaction.timeout.ms = 60000
	transactional.id = null
	value.serializer = class io.apicurio.registry.serde.avro.AvroKafkaSerializer

2025-08-06 15:35:05,337 INFO  [org.apa.kaf.com.tel.int.KafkaMetricsCollector] (main) initializing Kafka metrics collector
2025-08-06 15:35:05,341 INFO  [org.apa.kaf.cli.pro.KafkaProducer] (main) [Producer clientId=Producer-s3032e092x7a1bx4dc8xab63xb30b7b547011] Instantiated an idempotent producer.
2025-08-06 15:35:05,344 INFO  [org.apa.kaf.cli.pro.ProducerConfig] (main) These configurations '[apicurio.registry.find-latest, apicurio.registry.url, apicurio.registry.artifact-resolver-strategy]' were supplied but are not used yet.
2025-08-06 15:35:05,344 INFO  [org.apa.kaf.com.uti.AppInfoParser] (main) Kafka version: 3.9.1
2025-08-06 15:35:05,345 INFO  [org.apa.kaf.com.uti.AppInfoParser] (main) Kafka commitId: f745dfdcee2b9851
2025-08-06 15:35:05,345 INFO  [org.apa.kaf.com.uti.AppInfoParser] (main) Kafka startTimeMs: 1754494505344
2025-08-06 15:35:05,351 INFO  [io.api.tes.ser.api.KafkaSerdesTester] (Thread-612) Sending message {"keyB": "value-0"} to topic s3032e092x7a1bx4dc8xab63xb30b7b547011
2025-08-06 15:35:05,352 INFO  [org.apa.kaf.cli.Metadata] (kafka-producer-network-thread | Producer-s3032e092x7a1bx4dc8xab63xb30b7b547011) [Producer clientId=Producer-s3032e092x7a1bx4dc8xab63xb30b7b547011] Cluster ID: XZ--LfAaTaS_n5V5dfJ0ng
2025-08-06 15:35:05,354 INFO  [org.apa.kaf.cli.pro.int.TransactionManager] (kafka-producer-network-thread | Producer-s3032e092x7a1bx4dc8xab63xb30b7b547011) [Producer clientId=Producer-s3032e092x7a1bx4dc8xab63xb30b7b547011] ProducerId set to 2 with epoch 0
2025-08-06 15:35:05,471 INFO  [org.apa.kaf.cli.pro.KafkaProducer] (Thread-612) [Producer clientId=Producer-s3032e092x7a1bx4dc8xab63xb30b7b547011] Closing the Kafka producer with timeoutMillis = 9223372036854775807 ms.
2025-08-06 15:35:05,475 INFO  [org.apa.kaf.com.met.Metrics] (Thread-612) Metrics scheduler closed
2025-08-06 15:35:05,475 INFO  [org.apa.kaf.com.met.Metrics] (Thread-612) Closing reporter org.apache.kafka.common.metrics.JmxReporter
2025-08-06 15:35:05,475 INFO  [org.apa.kaf.com.met.Metrics] (Thread-612) Closing reporter org.apache.kafka.common.telemetry.internals.ClientTelemetryReporter
2025-08-06 15:35:05,475 INFO  [org.apa.kaf.com.met.Metrics] (Thread-612) Metrics reporters closed
2025-08-06 15:35:05,476 INFO  [org.apa.kaf.com.uti.AppInfoParser] (Thread-612) App info kafka.producer for Producer-s3032e092x7a1bx4dc8xab63xb30b7b547011 unregistered
2025-08-06 15:35:05,477 INFO  [io.api.tes.uti.TestSeparator] (main) io.apicurio.tests.serdes.apicurio.AvroSerdeIT.testWrongSchema-FINISHED
2025-08-06 15:35:05,477 INFO  [io.api.tes.uti.TestSeparator] (main) ############################################################################
Test passed: testWrongSchema
]]></system-out>
    <system-err><![CDATA[io.apicurio.registry.rest.client.models.ProblemDetails
	at io.apicurio.registry.rest.client.models.ProblemDetails.createFromDiscriminatorValue(ProblemDetails.java:58)
	at io.kiota.serialization.json.JsonParseNode.getObjectValue(JsonParseNode.java:247)
	at io.kiota.http.vertx.VertXRequestAdapter.lambda$throwIfFailedResponse$0(VertXRequestAdapter.java:400)
	at com.microsoft.kiota.ApiExceptionBuilder.<init>(ApiExceptionBuilder.java:26)
	at io.kiota.http.vertx.VertXRequestAdapter.throwIfFailedResponse(VertXRequestAdapter.java:399)
	at io.kiota.http.vertx.VertXRequestAdapter.send(VertXRequestAdapter.java:170)
	at io.apicurio.registry.rest.client.groups.item.artifacts.item.versions.item.WithVersionExpressionItemRequestBuilder.get(WithVersionExpressionItemRequestBuilder.java:128)
	at io.apicurio.registry.rest.client.groups.item.artifacts.item.versions.item.WithVersionExpressionItemRequestBuilder.get(WithVersionExpressionItemRequestBuilder.java:111)
	at io.apicurio.registry.resolver.client.RegistryClientFacadeImpl.getVersionCoordinatesByGAV(RegistryClientFacadeImpl.java:159)
	at io.apicurio.registry.resolver.DefaultSchemaResolver.resolveByCoordinates(DefaultSchemaResolver.java:352)
	at io.apicurio.registry.resolver.DefaultSchemaResolver.lambda$resolveSchemaByArtifactReferenceCached$6(DefaultSchemaResolver.java:340)
	at io.apicurio.registry.resolver.cache.ERCache.lambda$getValue$0(ERCache.java:174)
	at io.apicurio.registry.resolver.cache.ERCache.retry(ERCache.java:227)
	at io.apicurio.registry.resolver.cache.ERCache.getValue(ERCache.java:173)
	at io.apicurio.registry.resolver.cache.ERCache.getByArtifactCoordinates(ERCache.java:158)
	at io.apicurio.registry.resolver.DefaultSchemaResolver.resolveSchemaByArtifactReferenceCached(DefaultSchemaResolver.java:338)
	at io.apicurio.registry.resolver.DefaultSchemaResolver.resolveSchemaByCoordinates(DefaultSchemaResolver.java:193)
	at io.apicurio.registry.resolver.DefaultSchemaResolver.getSchemaFromRegistry(DefaultSchemaResolver.java:130)
	at io.apicurio.registry.resolver.DefaultSchemaResolver.lambda$resolveSchema$0(DefaultSchemaResolver.java:84)
	at java.base/java.util.Optional.orElseGet(Optional.java:364)
	at io.apicurio.registry.resolver.DefaultSchemaResolver.resolveSchema(DefaultSchemaResolver.java:84)
	at io.apicurio.registry.serde.AbstractSerializer.serializeData(AbstractSerializer.java:62)
	at io.apicurio.registry.serde.KafkaSerializer.serialize(KafkaSerializer.java:77)
	at org.apache.kafka.clients.producer.KafkaProducer.doSend(KafkaProducer.java:1046)
	at org.apache.kafka.clients.producer.KafkaProducer.send(KafkaProducer.java:993)
	at org.apache.kafka.clients.producer.KafkaProducer.send(KafkaProducer.java:875)
	at io.apicurio.tests.serdes.apicurio.KafkaSerdesTester.lambda$produceMessages$3(KafkaSerdesTester.java:138)
	at java.base/java.util.concurrent.CompletableFuture$AsyncSupply.run(CompletableFuture.java:1768)
	at java.base/java.lang.Thread.run(Thread.java:840)
]]></system-err>
  </testcase>
  <testcase name="testAvroJSON" classname="io.apicurio.tests.serdes.apicurio.AvroSerdeIT" time="4.118">
    <system-out><![CDATA[2025-08-06 15:35:05,483 INFO  [io.api.tes.uti.TestSeparator] (main) ############################################################################
2025-08-06 15:35:05,483 INFO  [io.api.tes.uti.TestSeparator] (main) io.apicurio.tests.serdes.apicurio.AvroSerdeIT.testAvroJSON-STARTED
**** Registry Base URL: http://registry-app-inmemory.apps.ci419.apicurio-testing.org:80
2025-08-06 15:35:05,489 INFO  [org.apa.kaf.cli.pro.ProducerConfig] (main) ProducerConfig values: 
	acks = -1
	auto.include.jmx.reporter = true
	batch.size = 16384
	bootstrap.servers = [PLAINTEXT://localhost:32769]
	buffer.memory = 33554432
	client.dns.lookup = use_all_dns_ips
	client.id = Producer-topic-4c02fd42_f656_40c6_849f_bc6224ce89bd
	compression.gzip.level = -1
	compression.lz4.level = 9
	compression.type = none
	compression.zstd.level = 3
	connections.max.idle.ms = 10000
	delivery.timeout.ms = 120000
	enable.idempotence = true
	enable.metrics.push = true
	interceptor.classes = []
	key.serializer = class org.apache.kafka.common.serialization.StringSerializer
	linger.ms = 0
	max.block.ms = 60000
	max.in.flight.requests.per.connection = 5
	max.request.size = 1048576
	metadata.max.age.ms = 300000
	metadata.max.idle.ms = 300000
	metadata.recovery.strategy = none
	metric.reporters = []
	metrics.num.samples = 2
	metrics.recording.level = INFO
	metrics.sample.window.ms = 30000
	partitioner.adaptive.partitioning.enable = true
	partitioner.availability.timeout.ms = 0
	partitioner.class = null
	partitioner.ignore.keys = false
	receive.buffer.bytes = 32768
	reconnect.backoff.max.ms = 1000
	reconnect.backoff.ms = 50
	request.timeout.ms = 5000
	retries = 2147483647
	retry.backoff.max.ms = 1000
	retry.backoff.ms = 100
	sasl.client.callback.handler.class = null
	sasl.jaas.config = null
	sasl.kerberos.kinit.cmd = /usr/bin/kinit
	sasl.kerberos.min.time.before.relogin = 60000
	sasl.kerberos.service.name = null
	sasl.kerberos.ticket.renew.jitter = 0.05
	sasl.kerberos.ticket.renew.window.factor = 0.8
	sasl.login.callback.handler.class = null
	sasl.login.class = null
	sasl.login.connect.timeout.ms = null
	sasl.login.read.timeout.ms = null
	sasl.login.refresh.buffer.seconds = 300
	sasl.login.refresh.min.period.seconds = 60
	sasl.login.refresh.window.factor = 0.8
	sasl.login.refresh.window.jitter = 0.05
	sasl.login.retry.backoff.max.ms = 10000
	sasl.login.retry.backoff.ms = 100
	sasl.mechanism = GSSAPI
	sasl.oauthbearer.clock.skew.seconds = 30
	sasl.oauthbearer.expected.audience = null
	sasl.oauthbearer.expected.issuer = null
	sasl.oauthbearer.header.urlencode = false
	sasl.oauthbearer.jwks.endpoint.refresh.ms = 3600000
	sasl.oauthbearer.jwks.endpoint.retry.backoff.max.ms = 10000
	sasl.oauthbearer.jwks.endpoint.retry.backoff.ms = 100
	sasl.oauthbearer.jwks.endpoint.url = null
	sasl.oauthbearer.scope.claim.name = scope
	sasl.oauthbearer.sub.claim.name = sub
	sasl.oauthbearer.token.endpoint.url = null
	security.protocol = PLAINTEXT
	security.providers = null
	send.buffer.bytes = 131072
	socket.connection.setup.timeout.max.ms = 30000
	socket.connection.setup.timeout.ms = 10000
	ssl.cipher.suites = null
	ssl.enabled.protocols = [TLSv1.2, TLSv1.3]
	ssl.endpoint.identification.algorithm = https
	ssl.engine.factory.class = null
	ssl.key.password = null
	ssl.keymanager.algorithm = SunX509
	ssl.keystore.certificate.chain = null
	ssl.keystore.key = null
	ssl.keystore.location = null
	ssl.keystore.password = null
	ssl.keystore.type = JKS
	ssl.protocol = TLSv1.3
	ssl.provider = null
	ssl.secure.random.implementation = null
	ssl.trustmanager.algorithm = PKIX
	ssl.truststore.certificates = null
	ssl.truststore.location = null
	ssl.truststore.password = null
	ssl.truststore.type = JKS
	transaction.timeout.ms = 60000
	transactional.id = null
	value.serializer = class io.apicurio.registry.serde.avro.AvroKafkaSerializer

2025-08-06 15:35:05,495 INFO  [org.apa.kaf.com.tel.int.KafkaMetricsCollector] (main) initializing Kafka metrics collector
2025-08-06 15:35:05,505 INFO  [org.apa.kaf.cli.pro.KafkaProducer] (main) [Producer clientId=Producer-topic-4c02fd42_f656_40c6_849f_bc6224ce89bd] Instantiated an idempotent producer.
2025-08-06 15:35:05,514 INFO  [org.apa.kaf.cli.pro.ProducerConfig] (main) These configurations '[apicurio.registry.avro.encoding, apicurio.registry.url, apicurio.registry.auto-register, apicurio.registry.artifact-resolver-strategy]' were supplied but are not used yet.
2025-08-06 15:35:05,514 INFO  [org.apa.kaf.com.uti.AppInfoParser] (main) Kafka version: 3.9.1
2025-08-06 15:35:05,514 INFO  [org.apa.kaf.com.uti.AppInfoParser] (main) Kafka commitId: f745dfdcee2b9851
2025-08-06 15:35:05,514 INFO  [org.apa.kaf.com.uti.AppInfoParser] (main) Kafka startTimeMs: 1754494505514
2025-08-06 15:35:05,515 INFO  [io.api.tes.ser.api.SimpleSerdesTesterBuilder$SimpleSerdesTester] (main) Using producer configuration: {apicurio.registry.avro.encoding=JSON, apicurio.registry.url=http://registry-app-inmemory.apps.ci419.apicurio-testing.org:80/apis/registry/v3, apicurio.registry.auto-register=true, apicurio.registry.artifact-resolver-strategy=io.apicurio.registry.serde.strategy.TopicIdStrategy, value.serializer=io.apicurio.registry.serde.avro.AvroKafkaSerializer, request.timeout.ms=5000, acks=all, bootstrap.servers=PLAINTEXT://localhost:32769, connections.max.idle.ms=10000, key.serializer=org.apache.kafka.common.serialization.StringSerializer, client.id=Producer-topic-4c02fd42_f656_40c6_849f_bc6224ce89bd}
2025-08-06 15:35:05,516 INFO  [io.api.tes.ser.api.SimpleSerdesTesterBuilder$SimpleSerdesTester] (main) Using consumer configuration: {apicurio.registry.avro.encoding=JSON}
2025-08-06 15:35:05,517 INFO  [io.api.tes.ser.api.KafkaSerdesTester] (Thread-615) Sending message {"bar": "value-0"} to topic topic-4c02fd42_f656_40c6_849f_bc6224ce89bd
2025-08-06 15:35:05,521 WARN  [org.apa.kaf.cli.NetworkClient] (kafka-producer-network-thread | Producer-topic-4c02fd42_f656_40c6_849f_bc6224ce89bd) [Producer clientId=Producer-topic-4c02fd42_f656_40c6_849f_bc6224ce89bd] The metadata response from the cluster reported a recoverable issue with correlation id 1 : {topic-4c02fd42_f656_40c6_849f_bc6224ce89bd=UNKNOWN_TOPIC_OR_PARTITION}
2025-08-06 15:35:05,521 INFO  [org.apa.kaf.cli.Metadata] (kafka-producer-network-thread | Producer-topic-4c02fd42_f656_40c6_849f_bc6224ce89bd) [Producer clientId=Producer-topic-4c02fd42_f656_40c6_849f_bc6224ce89bd] Cluster ID: XZ--LfAaTaS_n5V5dfJ0ng
2025-08-06 15:35:05,534 INFO  [org.apa.kaf.cli.pro.int.TransactionManager] (kafka-producer-network-thread | Producer-topic-4c02fd42_f656_40c6_849f_bc6224ce89bd) [Producer clientId=Producer-topic-4c02fd42_f656_40c6_849f_bc6224ce89bd] ProducerId set to 3 with epoch 0
2025-08-06 15:35:05,743 INFO  [io.api.tes.ser.api.KafkaSerdesTester] (Thread-615) Sending message {"bar": "value-1"} to topic topic-4c02fd42_f656_40c6_849f_bc6224ce89bd
2025-08-06 15:35:05,747 INFO  [io.api.tes.ser.api.KafkaSerdesTester] (Thread-615) Sending message {"bar": "value-2"} to topic topic-4c02fd42_f656_40c6_849f_bc6224ce89bd
2025-08-06 15:35:05,749 INFO  [io.api.tes.ser.api.KafkaSerdesTester] (Thread-615) Sending message {"bar": "value-3"} to topic topic-4c02fd42_f656_40c6_849f_bc6224ce89bd
2025-08-06 15:35:05,752 INFO  [io.api.tes.ser.api.KafkaSerdesTester] (Thread-615) Sending message {"bar": "value-4"} to topic topic-4c02fd42_f656_40c6_849f_bc6224ce89bd
2025-08-06 15:35:05,755 INFO  [io.api.tes.ser.api.KafkaSerdesTester] (Thread-615) Sending message {"bar": "value-5"} to topic topic-4c02fd42_f656_40c6_849f_bc6224ce89bd
2025-08-06 15:35:05,758 INFO  [io.api.tes.ser.api.KafkaSerdesTester] (Thread-615) Sending message {"bar": "value-6"} to topic topic-4c02fd42_f656_40c6_849f_bc6224ce89bd
2025-08-06 15:35:05,760 INFO  [io.api.tes.ser.api.KafkaSerdesTester] (Thread-615) Sending message {"bar": "value-7"} to topic topic-4c02fd42_f656_40c6_849f_bc6224ce89bd
2025-08-06 15:35:05,762 INFO  [io.api.tes.ser.api.KafkaSerdesTester] (Thread-615) Sending message {"bar": "value-8"} to topic topic-4c02fd42_f656_40c6_849f_bc6224ce89bd
2025-08-06 15:35:05,766 INFO  [io.api.tes.ser.api.KafkaSerdesTester] (Thread-615) Sending message {"bar": "value-9"} to topic topic-4c02fd42_f656_40c6_849f_bc6224ce89bd
2025-08-06 15:35:05,771 INFO  [io.api.tes.ser.api.KafkaSerdesTester] (Thread-615) Produced 10 messages
2025-08-06 15:35:05,771 INFO  [org.apa.kaf.cli.pro.KafkaProducer] (Thread-615) [Producer clientId=Producer-topic-4c02fd42_f656_40c6_849f_bc6224ce89bd] Closing the Kafka producer with timeoutMillis = 9223372036854775807 ms.
2025-08-06 15:35:05,774 INFO  [org.apa.kaf.com.met.Metrics] (Thread-615) Metrics scheduler closed
2025-08-06 15:35:05,774 INFO  [org.apa.kaf.com.met.Metrics] (Thread-615) Closing reporter org.apache.kafka.common.metrics.JmxReporter
2025-08-06 15:35:05,774 INFO  [org.apa.kaf.com.met.Metrics] (Thread-615) Closing reporter org.apache.kafka.common.telemetry.internals.ClientTelemetryReporter
2025-08-06 15:35:05,774 INFO  [org.apa.kaf.com.met.Metrics] (Thread-615) Metrics reporters closed
2025-08-06 15:35:05,775 INFO  [org.apa.kaf.com.uti.AppInfoParser] (Thread-615) App info kafka.producer for Producer-topic-4c02fd42_f656_40c6_849f_bc6224ce89bd unregistered
**** Registry Base URL: http://registry-app-inmemory.apps.ci419.apicurio-testing.org:80
2025-08-06 15:35:05,872 INFO  [org.apa.kaf.cli.con.ConsumerConfig] (main) ConsumerConfig values: 
	allow.auto.create.topics = true
	auto.commit.interval.ms = 500
	auto.include.jmx.reporter = true
	auto.offset.reset = earliest
	bootstrap.servers = [PLAINTEXT://localhost:32769]
	check.crcs = true
	client.dns.lookup = use_all_dns_ips
	client.id = consumer-Consumer-topic-4c02fd42_f656_40c6_849f_bc6224ce89bd-3
	client.rack = 
	connections.max.idle.ms = 10000
	default.api.timeout.ms = 60000
	enable.auto.commit = true
	enable.metrics.push = true
	exclude.internal.topics = true
	fetch.max.bytes = 52428800
	fetch.max.wait.ms = 500
	fetch.min.bytes = 1
	group.id = Consumer-topic-4c02fd42_f656_40c6_849f_bc6224ce89bd
	group.instance.id = null
	group.protocol = classic
	group.remote.assignor = null
	heartbeat.interval.ms = 3000
	interceptor.classes = []
	internal.leave.group.on.close = true
	internal.throw.on.fetch.stable.offset.unsupported = false
	isolation.level = read_uncommitted
	key.deserializer = class org.apache.kafka.common.serialization.StringDeserializer
	max.partition.fetch.bytes = 1048576
	max.poll.interval.ms = 300000
	max.poll.records = 500
	metadata.max.age.ms = 300000
	metadata.recovery.strategy = none
	metric.reporters = []
	metrics.num.samples = 2
	metrics.recording.level = INFO
	metrics.sample.window.ms = 30000
	partition.assignment.strategy = [class org.apache.kafka.clients.consumer.RangeAssignor, class org.apache.kafka.clients.consumer.CooperativeStickyAssignor]
	receive.buffer.bytes = 65536
	reconnect.backoff.max.ms = 1000
	reconnect.backoff.ms = 50
	request.timeout.ms = 5000
	retry.backoff.max.ms = 1000
	retry.backoff.ms = 100
	sasl.client.callback.handler.class = null
	sasl.jaas.config = null
	sasl.kerberos.kinit.cmd = /usr/bin/kinit
	sasl.kerberos.min.time.before.relogin = 60000
	sasl.kerberos.service.name = null
	sasl.kerberos.ticket.renew.jitter = 0.05
	sasl.kerberos.ticket.renew.window.factor = 0.8
	sasl.login.callback.handler.class = null
	sasl.login.class = null
	sasl.login.connect.timeout.ms = null
	sasl.login.read.timeout.ms = null
	sasl.login.refresh.buffer.seconds = 300
	sasl.login.refresh.min.period.seconds = 60
	sasl.login.refresh.window.factor = 0.8
	sasl.login.refresh.window.jitter = 0.05
	sasl.login.retry.backoff.max.ms = 10000
	sasl.login.retry.backoff.ms = 100
	sasl.mechanism = GSSAPI
	sasl.oauthbearer.clock.skew.seconds = 30
	sasl.oauthbearer.expected.audience = null
	sasl.oauthbearer.expected.issuer = null
	sasl.oauthbearer.header.urlencode = false
	sasl.oauthbearer.jwks.endpoint.refresh.ms = 3600000
	sasl.oauthbearer.jwks.endpoint.retry.backoff.max.ms = 10000
	sasl.oauthbearer.jwks.endpoint.retry.backoff.ms = 100
	sasl.oauthbearer.jwks.endpoint.url = null
	sasl.oauthbearer.scope.claim.name = scope
	sasl.oauthbearer.sub.claim.name = sub
	sasl.oauthbearer.token.endpoint.url = null
	security.protocol = PLAINTEXT
	security.providers = null
	send.buffer.bytes = 131072
	session.timeout.ms = 45000
	socket.connection.setup.timeout.max.ms = 30000
	socket.connection.setup.timeout.ms = 10000
	ssl.cipher.suites = null
	ssl.enabled.protocols = [TLSv1.2, TLSv1.3]
	ssl.endpoint.identification.algorithm = https
	ssl.engine.factory.class = null
	ssl.key.password = null
	ssl.keymanager.algorithm = SunX509
	ssl.keystore.certificate.chain = null
	ssl.keystore.key = null
	ssl.keystore.location = null
	ssl.keystore.password = null
	ssl.keystore.type = JKS
	ssl.protocol = TLSv1.3
	ssl.provider = null
	ssl.secure.random.implementation = null
	ssl.trustmanager.algorithm = PKIX
	ssl.truststore.certificates = null
	ssl.truststore.location = null
	ssl.truststore.password = null
	ssl.truststore.type = JKS
	value.deserializer = class io.apicurio.registry.serde.avro.AvroKafkaDeserializer

2025-08-06 15:35:05,872 INFO  [org.apa.kaf.com.tel.int.KafkaMetricsCollector] (main) initializing Kafka metrics collector
2025-08-06 15:35:05,880 INFO  [org.apa.kaf.cli.con.ConsumerConfig] (main) These configurations '[apicurio.registry.avro.encoding, apicurio.registry.url]' were supplied but are not used yet.
2025-08-06 15:35:05,880 INFO  [org.apa.kaf.com.uti.AppInfoParser] (main) Kafka version: 3.9.1
2025-08-06 15:35:05,880 INFO  [org.apa.kaf.com.uti.AppInfoParser] (main) Kafka commitId: f745dfdcee2b9851
2025-08-06 15:35:05,880 INFO  [org.apa.kaf.com.uti.AppInfoParser] (main) Kafka startTimeMs: 1754494505880
2025-08-06 15:35:05,881 INFO  [org.apa.kaf.cli.con.int.ClassicKafkaConsumer] (Thread-618) [Consumer clientId=consumer-Consumer-topic-4c02fd42_f656_40c6_849f_bc6224ce89bd-3, groupId=Consumer-topic-4c02fd42_f656_40c6_849f_bc6224ce89bd] Subscribed to topic(s): topic-4c02fd42_f656_40c6_849f_bc6224ce89bd
2025-08-06 15:35:05,892 INFO  [org.apa.kaf.cli.Metadata] (Thread-618) [Consumer clientId=consumer-Consumer-topic-4c02fd42_f656_40c6_849f_bc6224ce89bd-3, groupId=Consumer-topic-4c02fd42_f656_40c6_849f_bc6224ce89bd] Cluster ID: XZ--LfAaTaS_n5V5dfJ0ng
2025-08-06 15:35:05,893 INFO  [org.apa.kaf.cli.con.int.ConsumerCoordinator] (Thread-618) [Consumer clientId=consumer-Consumer-topic-4c02fd42_f656_40c6_849f_bc6224ce89bd-3, groupId=Consumer-topic-4c02fd42_f656_40c6_849f_bc6224ce89bd] Discovered group coordinator localhost:32769 (id: 2147483647 rack: null)
2025-08-06 15:35:05,896 INFO  [org.apa.kaf.cli.con.int.ConsumerCoordinator] (Thread-618) [Consumer clientId=consumer-Consumer-topic-4c02fd42_f656_40c6_849f_bc6224ce89bd-3, groupId=Consumer-topic-4c02fd42_f656_40c6_849f_bc6224ce89bd] (Re-)joining group
2025-08-06 15:35:05,902 INFO  [org.apa.kaf.cli.con.int.ConsumerCoordinator] (Thread-618) [Consumer clientId=consumer-Consumer-topic-4c02fd42_f656_40c6_849f_bc6224ce89bd-3, groupId=Consumer-topic-4c02fd42_f656_40c6_849f_bc6224ce89bd] Request joining group due to: need to re-join with the given member-id: consumer-Consumer-topic-4c02fd42_f656_40c6_849f_bc6224ce89bd-3-704d183d-1549-4a45-89dc-eb25f50cf556
2025-08-06 15:35:05,902 INFO  [org.apa.kaf.cli.con.int.ConsumerCoordinator] (Thread-618) [Consumer clientId=consumer-Consumer-topic-4c02fd42_f656_40c6_849f_bc6224ce89bd-3, groupId=Consumer-topic-4c02fd42_f656_40c6_849f_bc6224ce89bd] (Re-)joining group
2025-08-06 15:35:06,882 INFO  [io.api.tes.ser.api.KafkaSerdesTester] (Thread-618) None found
2025-08-06 15:35:07,882 INFO  [io.api.tes.ser.api.KafkaSerdesTester] (Thread-618) None found
2025-08-06 15:35:08,883 INFO  [io.api.tes.ser.api.KafkaSerdesTester] (Thread-618) None found
2025-08-06 15:35:08,905 INFO  [org.apa.kaf.cli.con.int.ConsumerCoordinator] (Thread-618) [Consumer clientId=consumer-Consumer-topic-4c02fd42_f656_40c6_849f_bc6224ce89bd-3, groupId=Consumer-topic-4c02fd42_f656_40c6_849f_bc6224ce89bd] Successfully joined group with generation Generation{generationId=1, memberId='consumer-Consumer-topic-4c02fd42_f656_40c6_849f_bc6224ce89bd-3-704d183d-1549-4a45-89dc-eb25f50cf556', protocol='range'}
2025-08-06 15:35:08,906 INFO  [org.apa.kaf.cli.con.int.ConsumerCoordinator] (Thread-618) [Consumer clientId=consumer-Consumer-topic-4c02fd42_f656_40c6_849f_bc6224ce89bd-3, groupId=Consumer-topic-4c02fd42_f656_40c6_849f_bc6224ce89bd] Finished assignment for group at generation 1: {consumer-Consumer-topic-4c02fd42_f656_40c6_849f_bc6224ce89bd-3-704d183d-1549-4a45-89dc-eb25f50cf556=Assignment(partitions=[topic-4c02fd42_f656_40c6_849f_bc6224ce89bd-0])}
2025-08-06 15:35:08,913 INFO  [org.apa.kaf.cli.con.int.ConsumerCoordinator] (Thread-618) [Consumer clientId=consumer-Consumer-topic-4c02fd42_f656_40c6_849f_bc6224ce89bd-3, groupId=Consumer-topic-4c02fd42_f656_40c6_849f_bc6224ce89bd] Successfully synced group in generation Generation{generationId=1, memberId='consumer-Consumer-topic-4c02fd42_f656_40c6_849f_bc6224ce89bd-3-704d183d-1549-4a45-89dc-eb25f50cf556', protocol='range'}
2025-08-06 15:35:08,913 INFO  [org.apa.kaf.cli.con.int.ConsumerCoordinator] (Thread-618) [Consumer clientId=consumer-Consumer-topic-4c02fd42_f656_40c6_849f_bc6224ce89bd-3, groupId=Consumer-topic-4c02fd42_f656_40c6_849f_bc6224ce89bd] Notifying assignor about the new Assignment(partitions=[topic-4c02fd42_f656_40c6_849f_bc6224ce89bd-0])
2025-08-06 15:35:08,913 INFO  [org.apa.kaf.cli.con.int.ConsumerRebalanceListenerInvoker] (Thread-618) [Consumer clientId=consumer-Consumer-topic-4c02fd42_f656_40c6_849f_bc6224ce89bd-3, groupId=Consumer-topic-4c02fd42_f656_40c6_849f_bc6224ce89bd] Adding newly assigned partitions: topic-4c02fd42_f656_40c6_849f_bc6224ce89bd-0
2025-08-06 15:35:08,917 INFO  [org.apa.kaf.cli.con.int.ConsumerCoordinator] (Thread-618) [Consumer clientId=consumer-Consumer-topic-4c02fd42_f656_40c6_849f_bc6224ce89bd-3, groupId=Consumer-topic-4c02fd42_f656_40c6_849f_bc6224ce89bd] Found no committed offset for partition topic-4c02fd42_f656_40c6_849f_bc6224ce89bd-0
2025-08-06 15:35:08,927 INFO  [org.apa.kaf.cli.con.int.SubscriptionState] (Thread-618) [Consumer clientId=consumer-Consumer-topic-4c02fd42_f656_40c6_849f_bc6224ce89bd-3, groupId=Consumer-topic-4c02fd42_f656_40c6_849f_bc6224ce89bd] Resetting offset for partition topic-4c02fd42_f656_40c6_849f_bc6224ce89bd-0 to position FetchPosition{offset=0, offsetEpoch=Optional.empty, currentLeader=LeaderAndEpoch{leader=Optional[localhost:32769 (id: 0 rack: null)], epoch=0}}.
2025-08-06 15:35:09,087 INFO  [io.api.tes.ser.api.KafkaSerdesTester] (Thread-618) topic-4c02fd42_f656_40c6_849f_bc6224ce89bd 0 0 {"bar": "value-0"}
2025-08-06 15:35:09,087 INFO  [io.api.tes.ser.api.KafkaSerdesTester] (Thread-618) topic-4c02fd42_f656_40c6_849f_bc6224ce89bd 0 1 {"bar": "value-1"}
2025-08-06 15:35:09,087 INFO  [io.api.tes.ser.api.KafkaSerdesTester] (Thread-618) topic-4c02fd42_f656_40c6_849f_bc6224ce89bd 0 2 {"bar": "value-2"}
2025-08-06 15:35:09,088 INFO  [io.api.tes.ser.api.KafkaSerdesTester] (Thread-618) topic-4c02fd42_f656_40c6_849f_bc6224ce89bd 0 3 {"bar": "value-3"}
2025-08-06 15:35:09,088 INFO  [io.api.tes.ser.api.KafkaSerdesTester] (Thread-618) topic-4c02fd42_f656_40c6_849f_bc6224ce89bd 0 4 {"bar": "value-4"}
2025-08-06 15:35:09,088 INFO  [io.api.tes.ser.api.KafkaSerdesTester] (Thread-618) topic-4c02fd42_f656_40c6_849f_bc6224ce89bd 0 5 {"bar": "value-5"}
2025-08-06 15:35:09,088 INFO  [io.api.tes.ser.api.KafkaSerdesTester] (Thread-618) topic-4c02fd42_f656_40c6_849f_bc6224ce89bd 0 6 {"bar": "value-6"}
2025-08-06 15:35:09,088 INFO  [io.api.tes.ser.api.KafkaSerdesTester] (Thread-618) topic-4c02fd42_f656_40c6_849f_bc6224ce89bd 0 7 {"bar": "value-7"}
2025-08-06 15:35:09,088 INFO  [io.api.tes.ser.api.KafkaSerdesTester] (Thread-618) topic-4c02fd42_f656_40c6_849f_bc6224ce89bd 0 8 {"bar": "value-8"}
2025-08-06 15:35:09,088 INFO  [io.api.tes.ser.api.KafkaSerdesTester] (Thread-618) topic-4c02fd42_f656_40c6_849f_bc6224ce89bd 0 9 {"bar": "value-9"}
2025-08-06 15:35:09,088 INFO  [io.api.tes.ser.api.KafkaSerdesTester] (Thread-618) Consumed 10 messages
2025-08-06 15:35:09,098 INFO  [org.apa.kaf.cli.con.int.ConsumerRebalanceListenerInvoker] (Thread-618) [Consumer clientId=consumer-Consumer-topic-4c02fd42_f656_40c6_849f_bc6224ce89bd-3, groupId=Consumer-topic-4c02fd42_f656_40c6_849f_bc6224ce89bd] Revoke previously assigned partitions topic-4c02fd42_f656_40c6_849f_bc6224ce89bd-0
2025-08-06 15:35:09,098 INFO  [org.apa.kaf.cli.con.int.ConsumerCoordinator] (Thread-618) [Consumer clientId=consumer-Consumer-topic-4c02fd42_f656_40c6_849f_bc6224ce89bd-3, groupId=Consumer-topic-4c02fd42_f656_40c6_849f_bc6224ce89bd] Member consumer-Consumer-topic-4c02fd42_f656_40c6_849f_bc6224ce89bd-3-704d183d-1549-4a45-89dc-eb25f50cf556 sending LeaveGroup request to coordinator localhost:32769 (id: 2147483647 rack: null) due to the consumer is being closed
2025-08-06 15:35:09,098 INFO  [org.apa.kaf.cli.con.int.ConsumerCoordinator] (Thread-618) [Consumer clientId=consumer-Consumer-topic-4c02fd42_f656_40c6_849f_bc6224ce89bd-3, groupId=Consumer-topic-4c02fd42_f656_40c6_849f_bc6224ce89bd] Resetting generation and member id due to: consumer pro-actively leaving the group
2025-08-06 15:35:09,098 INFO  [org.apa.kaf.cli.con.int.ConsumerCoordinator] (Thread-618) [Consumer clientId=consumer-Consumer-topic-4c02fd42_f656_40c6_849f_bc6224ce89bd-3, groupId=Consumer-topic-4c02fd42_f656_40c6_849f_bc6224ce89bd] Request joining group due to: consumer pro-actively leaving the group
2025-08-06 15:35:09,591 INFO  [org.apa.kaf.com.met.Metrics] (Thread-618) Metrics scheduler closed
2025-08-06 15:35:09,591 INFO  [org.apa.kaf.com.met.Metrics] (Thread-618) Closing reporter org.apache.kafka.common.metrics.JmxReporter
2025-08-06 15:35:09,591 INFO  [org.apa.kaf.com.met.Metrics] (Thread-618) Closing reporter org.apache.kafka.common.telemetry.internals.ClientTelemetryReporter
2025-08-06 15:35:09,591 INFO  [org.apa.kaf.com.met.Metrics] (Thread-618) Metrics reporters closed
2025-08-06 15:35:09,597 INFO  [org.apa.kaf.com.uti.AppInfoParser] (Thread-618) App info kafka.consumer for consumer-Consumer-topic-4c02fd42_f656_40c6_849f_bc6224ce89bd-3 unregistered
2025-08-06 15:35:09,598 INFO  [io.api.tes.uti.TestSeparator] (main) io.apicurio.tests.serdes.apicurio.AvroSerdeIT.testAvroJSON-FINISHED
2025-08-06 15:35:09,598 INFO  [io.api.tes.uti.TestSeparator] (main) ############################################################################
Test passed: testAvroJSON
]]></system-out>
  </testcase>
  <testcase name="testTopicIdStrategyAutoRegister" classname="io.apicurio.tests.serdes.apicurio.AvroSerdeIT" time="4.16">
    <system-out><![CDATA[2025-08-06 15:35:09,602 INFO  [io.api.tes.uti.TestSeparator] (main) ############################################################################
2025-08-06 15:35:09,602 INFO  [io.api.tes.uti.TestSeparator] (main) io.apicurio.tests.serdes.apicurio.AvroSerdeIT.testTopicIdStrategyAutoRegister-STARTED
**** Registry Base URL: http://registry-app-inmemory.apps.ci419.apicurio-testing.org:80
2025-08-06 15:35:09,608 INFO  [org.apa.kaf.cli.pro.ProducerConfig] (main) ProducerConfig values: 
	acks = -1
	auto.include.jmx.reporter = true
	batch.size = 16384
	bootstrap.servers = [PLAINTEXT://localhost:32769]
	buffer.memory = 33554432
	client.dns.lookup = use_all_dns_ips
	client.id = Producer-topic-7ca03c52_8dc3_4159_9ecb_7a3321aa349c
	compression.gzip.level = -1
	compression.lz4.level = 9
	compression.type = none
	compression.zstd.level = 3
	connections.max.idle.ms = 10000
	delivery.timeout.ms = 120000
	enable.idempotence = true
	enable.metrics.push = true
	interceptor.classes = []
	key.serializer = class org.apache.kafka.common.serialization.StringSerializer
	linger.ms = 0
	max.block.ms = 60000
	max.in.flight.requests.per.connection = 5
	max.request.size = 1048576
	metadata.max.age.ms = 300000
	metadata.max.idle.ms = 300000
	metadata.recovery.strategy = none
	metric.reporters = []
	metrics.num.samples = 2
	metrics.recording.level = INFO
	metrics.sample.window.ms = 30000
	partitioner.adaptive.partitioning.enable = true
	partitioner.availability.timeout.ms = 0
	partitioner.class = null
	partitioner.ignore.keys = false
	receive.buffer.bytes = 32768
	reconnect.backoff.max.ms = 1000
	reconnect.backoff.ms = 50
	request.timeout.ms = 5000
	retries = 2147483647
	retry.backoff.max.ms = 1000
	retry.backoff.ms = 100
	sasl.client.callback.handler.class = null
	sasl.jaas.config = null
	sasl.kerberos.kinit.cmd = /usr/bin/kinit
	sasl.kerberos.min.time.before.relogin = 60000
	sasl.kerberos.service.name = null
	sasl.kerberos.ticket.renew.jitter = 0.05
	sasl.kerberos.ticket.renew.window.factor = 0.8
	sasl.login.callback.handler.class = null
	sasl.login.class = null
	sasl.login.connect.timeout.ms = null
	sasl.login.read.timeout.ms = null
	sasl.login.refresh.buffer.seconds = 300
	sasl.login.refresh.min.period.seconds = 60
	sasl.login.refresh.window.factor = 0.8
	sasl.login.refresh.window.jitter = 0.05
	sasl.login.retry.backoff.max.ms = 10000
	sasl.login.retry.backoff.ms = 100
	sasl.mechanism = GSSAPI
	sasl.oauthbearer.clock.skew.seconds = 30
	sasl.oauthbearer.expected.audience = null
	sasl.oauthbearer.expected.issuer = null
	sasl.oauthbearer.header.urlencode = false
	sasl.oauthbearer.jwks.endpoint.refresh.ms = 3600000
	sasl.oauthbearer.jwks.endpoint.retry.backoff.max.ms = 10000
	sasl.oauthbearer.jwks.endpoint.retry.backoff.ms = 100
	sasl.oauthbearer.jwks.endpoint.url = null
	sasl.oauthbearer.scope.claim.name = scope
	sasl.oauthbearer.sub.claim.name = sub
	sasl.oauthbearer.token.endpoint.url = null
	security.protocol = PLAINTEXT
	security.providers = null
	send.buffer.bytes = 131072
	socket.connection.setup.timeout.max.ms = 30000
	socket.connection.setup.timeout.ms = 10000
	ssl.cipher.suites = null
	ssl.enabled.protocols = [TLSv1.2, TLSv1.3]
	ssl.endpoint.identification.algorithm = https
	ssl.engine.factory.class = null
	ssl.key.password = null
	ssl.keymanager.algorithm = SunX509
	ssl.keystore.certificate.chain = null
	ssl.keystore.key = null
	ssl.keystore.location = null
	ssl.keystore.password = null
	ssl.keystore.type = JKS
	ssl.protocol = TLSv1.3
	ssl.provider = null
	ssl.secure.random.implementation = null
	ssl.trustmanager.algorithm = PKIX
	ssl.truststore.certificates = null
	ssl.truststore.location = null
	ssl.truststore.password = null
	ssl.truststore.type = JKS
	transaction.timeout.ms = 60000
	transactional.id = null
	value.serializer = class io.apicurio.registry.serde.avro.AvroKafkaSerializer

2025-08-06 15:35:09,609 INFO  [org.apa.kaf.com.tel.int.KafkaMetricsCollector] (main) initializing Kafka metrics collector
2025-08-06 15:35:09,615 INFO  [org.apa.kaf.cli.pro.KafkaProducer] (main) [Producer clientId=Producer-topic-7ca03c52_8dc3_4159_9ecb_7a3321aa349c] Instantiated an idempotent producer.
2025-08-06 15:35:09,622 INFO  [org.apa.kaf.cli.pro.ProducerConfig] (main) These configurations '[apicurio.registry.url, apicurio.registry.auto-register, apicurio.registry.artifact-resolver-strategy]' were supplied but are not used yet.
2025-08-06 15:35:09,622 INFO  [org.apa.kaf.com.uti.AppInfoParser] (main) Kafka version: 3.9.1
2025-08-06 15:35:09,622 INFO  [org.apa.kaf.com.uti.AppInfoParser] (main) Kafka commitId: f745dfdcee2b9851
2025-08-06 15:35:09,622 INFO  [org.apa.kaf.com.uti.AppInfoParser] (main) Kafka startTimeMs: 1754494509622
2025-08-06 15:35:09,622 INFO  [io.api.tes.ser.api.SimpleSerdesTesterBuilder$SimpleSerdesTester] (main) Using producer configuration: {apicurio.registry.url=http://registry-app-inmemory.apps.ci419.apicurio-testing.org:80/apis/registry/v3, apicurio.registry.auto-register=true, apicurio.registry.artifact-resolver-strategy=io.apicurio.registry.serde.strategy.TopicIdStrategy, value.serializer=io.apicurio.registry.serde.avro.AvroKafkaSerializer, request.timeout.ms=5000, acks=all, bootstrap.servers=PLAINTEXT://localhost:32769, connections.max.idle.ms=10000, key.serializer=org.apache.kafka.common.serialization.StringSerializer, client.id=Producer-topic-7ca03c52_8dc3_4159_9ecb_7a3321aa349c}
2025-08-06 15:35:09,622 INFO  [io.api.tes.ser.api.SimpleSerdesTesterBuilder$SimpleSerdesTester] (main) Using consumer configuration: {}
2025-08-06 15:35:09,623 INFO  [io.api.tes.ser.api.KafkaSerdesTester] (Thread-621) Sending message {"key11754494509605": "value-0"} to topic topic-7ca03c52_8dc3_4159_9ecb_7a3321aa349c
2025-08-06 15:35:09,633 WARN  [org.apa.kaf.cli.NetworkClient] (kafka-producer-network-thread | Producer-topic-7ca03c52_8dc3_4159_9ecb_7a3321aa349c) [Producer clientId=Producer-topic-7ca03c52_8dc3_4159_9ecb_7a3321aa349c] The metadata response from the cluster reported a recoverable issue with correlation id 1 : {topic-7ca03c52_8dc3_4159_9ecb_7a3321aa349c=UNKNOWN_TOPIC_OR_PARTITION}
2025-08-06 15:35:09,634 INFO  [org.apa.kaf.cli.Metadata] (kafka-producer-network-thread | Producer-topic-7ca03c52_8dc3_4159_9ecb_7a3321aa349c) [Producer clientId=Producer-topic-7ca03c52_8dc3_4159_9ecb_7a3321aa349c] Cluster ID: XZ--LfAaTaS_n5V5dfJ0ng
2025-08-06 15:35:09,636 INFO  [org.apa.kaf.cli.pro.int.TransactionManager] (kafka-producer-network-thread | Producer-topic-7ca03c52_8dc3_4159_9ecb_7a3321aa349c) [Producer clientId=Producer-topic-7ca03c52_8dc3_4159_9ecb_7a3321aa349c] ProducerId set to 4 with epoch 0
2025-08-06 15:35:09,860 INFO  [io.api.tes.ser.api.KafkaSerdesTester] (Thread-621) Sending message {"key11754494509605": "value-1"} to topic topic-7ca03c52_8dc3_4159_9ecb_7a3321aa349c
2025-08-06 15:35:09,863 INFO  [io.api.tes.ser.api.KafkaSerdesTester] (Thread-621) Sending message {"key11754494509605": "value-2"} to topic topic-7ca03c52_8dc3_4159_9ecb_7a3321aa349c
2025-08-06 15:35:09,866 INFO  [io.api.tes.ser.api.KafkaSerdesTester] (Thread-621) Sending message {"key11754494509605": "value-3"} to topic topic-7ca03c52_8dc3_4159_9ecb_7a3321aa349c
2025-08-06 15:35:09,868 INFO  [io.api.tes.ser.api.KafkaSerdesTester] (Thread-621) Sending message {"key11754494509605": "value-4"} to topic topic-7ca03c52_8dc3_4159_9ecb_7a3321aa349c
2025-08-06 15:35:09,869 INFO  [io.api.tes.ser.api.KafkaSerdesTester] (Thread-621) Sending message {"key11754494509605": "value-5"} to topic topic-7ca03c52_8dc3_4159_9ecb_7a3321aa349c
2025-08-06 15:35:09,871 INFO  [io.api.tes.ser.api.KafkaSerdesTester] (Thread-621) Sending message {"key11754494509605": "value-6"} to topic topic-7ca03c52_8dc3_4159_9ecb_7a3321aa349c
2025-08-06 15:35:09,873 INFO  [io.api.tes.ser.api.KafkaSerdesTester] (Thread-621) Sending message {"key11754494509605": "value-7"} to topic topic-7ca03c52_8dc3_4159_9ecb_7a3321aa349c
2025-08-06 15:35:09,875 INFO  [io.api.tes.ser.api.KafkaSerdesTester] (Thread-621) Sending message {"key11754494509605": "value-8"} to topic topic-7ca03c52_8dc3_4159_9ecb_7a3321aa349c
2025-08-06 15:35:09,877 INFO  [io.api.tes.ser.api.KafkaSerdesTester] (Thread-621) Sending message {"key11754494509605": "value-9"} to topic topic-7ca03c52_8dc3_4159_9ecb_7a3321aa349c
2025-08-06 15:35:09,880 INFO  [io.api.tes.ser.api.KafkaSerdesTester] (Thread-621) Produced 10 messages
2025-08-06 15:35:09,880 INFO  [org.apa.kaf.cli.pro.KafkaProducer] (Thread-621) [Producer clientId=Producer-topic-7ca03c52_8dc3_4159_9ecb_7a3321aa349c] Closing the Kafka producer with timeoutMillis = 9223372036854775807 ms.
2025-08-06 15:35:09,883 INFO  [org.apa.kaf.com.met.Metrics] (Thread-621) Metrics scheduler closed
2025-08-06 15:35:09,883 INFO  [org.apa.kaf.com.met.Metrics] (Thread-621) Closing reporter org.apache.kafka.common.metrics.JmxReporter
2025-08-06 15:35:09,883 INFO  [org.apa.kaf.com.met.Metrics] (Thread-621) Closing reporter org.apache.kafka.common.telemetry.internals.ClientTelemetryReporter
2025-08-06 15:35:09,883 INFO  [org.apa.kaf.com.met.Metrics] (Thread-621) Metrics reporters closed
2025-08-06 15:35:09,884 INFO  [org.apa.kaf.com.uti.AppInfoParser] (Thread-621) App info kafka.producer for Producer-topic-7ca03c52_8dc3_4159_9ecb_7a3321aa349c unregistered
**** Registry Base URL: http://registry-app-inmemory.apps.ci419.apicurio-testing.org:80
2025-08-06 15:35:09,980 INFO  [org.apa.kaf.cli.con.ConsumerConfig] (main) ConsumerConfig values: 
	allow.auto.create.topics = true
	auto.commit.interval.ms = 500
	auto.include.jmx.reporter = true
	auto.offset.reset = earliest
	bootstrap.servers = [PLAINTEXT://localhost:32769]
	check.crcs = true
	client.dns.lookup = use_all_dns_ips
	client.id = consumer-Consumer-topic-7ca03c52_8dc3_4159_9ecb_7a3321aa349c-4
	client.rack = 
	connections.max.idle.ms = 10000
	default.api.timeout.ms = 60000
	enable.auto.commit = true
	enable.metrics.push = true
	exclude.internal.topics = true
	fetch.max.bytes = 52428800
	fetch.max.wait.ms = 500
	fetch.min.bytes = 1
	group.id = Consumer-topic-7ca03c52_8dc3_4159_9ecb_7a3321aa349c
	group.instance.id = null
	group.protocol = classic
	group.remote.assignor = null
	heartbeat.interval.ms = 3000
	interceptor.classes = []
	internal.leave.group.on.close = true
	internal.throw.on.fetch.stable.offset.unsupported = false
	isolation.level = read_uncommitted
	key.deserializer = class org.apache.kafka.common.serialization.StringDeserializer
	max.partition.fetch.bytes = 1048576
	max.poll.interval.ms = 300000
	max.poll.records = 500
	metadata.max.age.ms = 300000
	metadata.recovery.strategy = none
	metric.reporters = []
	metrics.num.samples = 2
	metrics.recording.level = INFO
	metrics.sample.window.ms = 30000
	partition.assignment.strategy = [class org.apache.kafka.clients.consumer.RangeAssignor, class org.apache.kafka.clients.consumer.CooperativeStickyAssignor]
	receive.buffer.bytes = 65536
	reconnect.backoff.max.ms = 1000
	reconnect.backoff.ms = 50
	request.timeout.ms = 5000
	retry.backoff.max.ms = 1000
	retry.backoff.ms = 100
	sasl.client.callback.handler.class = null
	sasl.jaas.config = null
	sasl.kerberos.kinit.cmd = /usr/bin/kinit
	sasl.kerberos.min.time.before.relogin = 60000
	sasl.kerberos.service.name = null
	sasl.kerberos.ticket.renew.jitter = 0.05
	sasl.kerberos.ticket.renew.window.factor = 0.8
	sasl.login.callback.handler.class = null
	sasl.login.class = null
	sasl.login.connect.timeout.ms = null
	sasl.login.read.timeout.ms = null
	sasl.login.refresh.buffer.seconds = 300
	sasl.login.refresh.min.period.seconds = 60
	sasl.login.refresh.window.factor = 0.8
	sasl.login.refresh.window.jitter = 0.05
	sasl.login.retry.backoff.max.ms = 10000
	sasl.login.retry.backoff.ms = 100
	sasl.mechanism = GSSAPI
	sasl.oauthbearer.clock.skew.seconds = 30
	sasl.oauthbearer.expected.audience = null
	sasl.oauthbearer.expected.issuer = null
	sasl.oauthbearer.header.urlencode = false
	sasl.oauthbearer.jwks.endpoint.refresh.ms = 3600000
	sasl.oauthbearer.jwks.endpoint.retry.backoff.max.ms = 10000
	sasl.oauthbearer.jwks.endpoint.retry.backoff.ms = 100
	sasl.oauthbearer.jwks.endpoint.url = null
	sasl.oauthbearer.scope.claim.name = scope
	sasl.oauthbearer.sub.claim.name = sub
	sasl.oauthbearer.token.endpoint.url = null
	security.protocol = PLAINTEXT
	security.providers = null
	send.buffer.bytes = 131072
	session.timeout.ms = 45000
	socket.connection.setup.timeout.max.ms = 30000
	socket.connection.setup.timeout.ms = 10000
	ssl.cipher.suites = null
	ssl.enabled.protocols = [TLSv1.2, TLSv1.3]
	ssl.endpoint.identification.algorithm = https
	ssl.engine.factory.class = null
	ssl.key.password = null
	ssl.keymanager.algorithm = SunX509
	ssl.keystore.certificate.chain = null
	ssl.keystore.key = null
	ssl.keystore.location = null
	ssl.keystore.password = null
	ssl.keystore.type = JKS
	ssl.protocol = TLSv1.3
	ssl.provider = null
	ssl.secure.random.implementation = null
	ssl.trustmanager.algorithm = PKIX
	ssl.truststore.certificates = null
	ssl.truststore.location = null
	ssl.truststore.password = null
	ssl.truststore.type = JKS
	value.deserializer = class io.apicurio.registry.serde.avro.AvroKafkaDeserializer

2025-08-06 15:35:09,981 INFO  [org.apa.kaf.com.tel.int.KafkaMetricsCollector] (main) initializing Kafka metrics collector
2025-08-06 15:35:09,988 INFO  [org.apa.kaf.cli.con.ConsumerConfig] (main) These configurations '[apicurio.registry.url]' were supplied but are not used yet.
2025-08-06 15:35:09,988 INFO  [org.apa.kaf.com.uti.AppInfoParser] (main) Kafka version: 3.9.1
2025-08-06 15:35:09,988 INFO  [org.apa.kaf.com.uti.AppInfoParser] (main) Kafka commitId: f745dfdcee2b9851
2025-08-06 15:35:09,988 INFO  [org.apa.kaf.com.uti.AppInfoParser] (main) Kafka startTimeMs: 1754494509988
2025-08-06 15:35:09,988 INFO  [org.apa.kaf.cli.con.int.ClassicKafkaConsumer] (Thread-624) [Consumer clientId=consumer-Consumer-topic-7ca03c52_8dc3_4159_9ecb_7a3321aa349c-4, groupId=Consumer-topic-7ca03c52_8dc3_4159_9ecb_7a3321aa349c] Subscribed to topic(s): topic-7ca03c52_8dc3_4159_9ecb_7a3321aa349c
2025-08-06 15:35:09,997 INFO  [org.apa.kaf.cli.Metadata] (Thread-624) [Consumer clientId=consumer-Consumer-topic-7ca03c52_8dc3_4159_9ecb_7a3321aa349c-4, groupId=Consumer-topic-7ca03c52_8dc3_4159_9ecb_7a3321aa349c] Cluster ID: XZ--LfAaTaS_n5V5dfJ0ng
2025-08-06 15:35:09,997 INFO  [org.apa.kaf.cli.con.int.ConsumerCoordinator] (Thread-624) [Consumer clientId=consumer-Consumer-topic-7ca03c52_8dc3_4159_9ecb_7a3321aa349c-4, groupId=Consumer-topic-7ca03c52_8dc3_4159_9ecb_7a3321aa349c] Discovered group coordinator localhost:32769 (id: 2147483647 rack: null)
2025-08-06 15:35:09,999 INFO  [org.apa.kaf.cli.con.int.ConsumerCoordinator] (Thread-624) [Consumer clientId=consumer-Consumer-topic-7ca03c52_8dc3_4159_9ecb_7a3321aa349c-4, groupId=Consumer-topic-7ca03c52_8dc3_4159_9ecb_7a3321aa349c] (Re-)joining group
2025-08-06 15:35:10,003 INFO  [org.apa.kaf.cli.con.int.ConsumerCoordinator] (Thread-624) [Consumer clientId=consumer-Consumer-topic-7ca03c52_8dc3_4159_9ecb_7a3321aa349c-4, groupId=Consumer-topic-7ca03c52_8dc3_4159_9ecb_7a3321aa349c] Request joining group due to: need to re-join with the given member-id: consumer-Consumer-topic-7ca03c52_8dc3_4159_9ecb_7a3321aa349c-4-0aee5e97-e06d-4268-ae30-5f64ff768962
2025-08-06 15:35:10,003 INFO  [org.apa.kaf.cli.con.int.ConsumerCoordinator] (Thread-624) [Consumer clientId=consumer-Consumer-topic-7ca03c52_8dc3_4159_9ecb_7a3321aa349c-4, groupId=Consumer-topic-7ca03c52_8dc3_4159_9ecb_7a3321aa349c] (Re-)joining group
2025-08-06 15:35:10,989 INFO  [io.api.tes.ser.api.KafkaSerdesTester] (Thread-624) None found
2025-08-06 15:35:11,989 INFO  [io.api.tes.ser.api.KafkaSerdesTester] (Thread-624) None found
2025-08-06 15:35:12,989 INFO  [io.api.tes.ser.api.KafkaSerdesTester] (Thread-624) None found
2025-08-06 15:35:13,006 INFO  [org.apa.kaf.cli.con.int.ConsumerCoordinator] (Thread-624) [Consumer clientId=consumer-Consumer-topic-7ca03c52_8dc3_4159_9ecb_7a3321aa349c-4, groupId=Consumer-topic-7ca03c52_8dc3_4159_9ecb_7a3321aa349c] Successfully joined group with generation Generation{generationId=1, memberId='consumer-Consumer-topic-7ca03c52_8dc3_4159_9ecb_7a3321aa349c-4-0aee5e97-e06d-4268-ae30-5f64ff768962', protocol='range'}
2025-08-06 15:35:13,006 INFO  [org.apa.kaf.cli.con.int.ConsumerCoordinator] (Thread-624) [Consumer clientId=consumer-Consumer-topic-7ca03c52_8dc3_4159_9ecb_7a3321aa349c-4, groupId=Consumer-topic-7ca03c52_8dc3_4159_9ecb_7a3321aa349c] Finished assignment for group at generation 1: {consumer-Consumer-topic-7ca03c52_8dc3_4159_9ecb_7a3321aa349c-4-0aee5e97-e06d-4268-ae30-5f64ff768962=Assignment(partitions=[topic-7ca03c52_8dc3_4159_9ecb_7a3321aa349c-0])}
2025-08-06 15:35:13,014 INFO  [org.apa.kaf.cli.con.int.ConsumerCoordinator] (Thread-624) [Consumer clientId=consumer-Consumer-topic-7ca03c52_8dc3_4159_9ecb_7a3321aa349c-4, groupId=Consumer-topic-7ca03c52_8dc3_4159_9ecb_7a3321aa349c] Successfully synced group in generation Generation{generationId=1, memberId='consumer-Consumer-topic-7ca03c52_8dc3_4159_9ecb_7a3321aa349c-4-0aee5e97-e06d-4268-ae30-5f64ff768962', protocol='range'}
2025-08-06 15:35:13,014 INFO  [org.apa.kaf.cli.con.int.ConsumerCoordinator] (Thread-624) [Consumer clientId=consumer-Consumer-topic-7ca03c52_8dc3_4159_9ecb_7a3321aa349c-4, groupId=Consumer-topic-7ca03c52_8dc3_4159_9ecb_7a3321aa349c] Notifying assignor about the new Assignment(partitions=[topic-7ca03c52_8dc3_4159_9ecb_7a3321aa349c-0])
2025-08-06 15:35:13,014 INFO  [org.apa.kaf.cli.con.int.ConsumerRebalanceListenerInvoker] (Thread-624) [Consumer clientId=consumer-Consumer-topic-7ca03c52_8dc3_4159_9ecb_7a3321aa349c-4, groupId=Consumer-topic-7ca03c52_8dc3_4159_9ecb_7a3321aa349c] Adding newly assigned partitions: topic-7ca03c52_8dc3_4159_9ecb_7a3321aa349c-0
2025-08-06 15:35:13,016 INFO  [org.apa.kaf.cli.con.int.ConsumerCoordinator] (Thread-624) [Consumer clientId=consumer-Consumer-topic-7ca03c52_8dc3_4159_9ecb_7a3321aa349c-4, groupId=Consumer-topic-7ca03c52_8dc3_4159_9ecb_7a3321aa349c] Found no committed offset for partition topic-7ca03c52_8dc3_4159_9ecb_7a3321aa349c-0
2025-08-06 15:35:13,020 INFO  [org.apa.kaf.cli.con.int.SubscriptionState] (Thread-624) [Consumer clientId=consumer-Consumer-topic-7ca03c52_8dc3_4159_9ecb_7a3321aa349c-4, groupId=Consumer-topic-7ca03c52_8dc3_4159_9ecb_7a3321aa349c] Resetting offset for partition topic-7ca03c52_8dc3_4159_9ecb_7a3321aa349c-0 to position FetchPosition{offset=0, offsetEpoch=Optional.empty, currentLeader=LeaderAndEpoch{leader=Optional[localhost:32769 (id: 0 rack: null)], epoch=0}}.
2025-08-06 15:35:13,155 INFO  [io.api.tes.ser.api.KafkaSerdesTester] (Thread-624) topic-7ca03c52_8dc3_4159_9ecb_7a3321aa349c 0 0 {"key11754494509605": "value-0"}
2025-08-06 15:35:13,155 INFO  [io.api.tes.ser.api.KafkaSerdesTester] (Thread-624) topic-7ca03c52_8dc3_4159_9ecb_7a3321aa349c 0 1 {"key11754494509605": "value-1"}
2025-08-06 15:35:13,155 INFO  [io.api.tes.ser.api.KafkaSerdesTester] (Thread-624) topic-7ca03c52_8dc3_4159_9ecb_7a3321aa349c 0 2 {"key11754494509605": "value-2"}
2025-08-06 15:35:13,155 INFO  [io.api.tes.ser.api.KafkaSerdesTester] (Thread-624) topic-7ca03c52_8dc3_4159_9ecb_7a3321aa349c 0 3 {"key11754494509605": "value-3"}
2025-08-06 15:35:13,156 INFO  [io.api.tes.ser.api.KafkaSerdesTester] (Thread-624) topic-7ca03c52_8dc3_4159_9ecb_7a3321aa349c 0 4 {"key11754494509605": "value-4"}
2025-08-06 15:35:13,156 INFO  [io.api.tes.ser.api.KafkaSerdesTester] (Thread-624) topic-7ca03c52_8dc3_4159_9ecb_7a3321aa349c 0 5 {"key11754494509605": "value-5"}
2025-08-06 15:35:13,156 INFO  [io.api.tes.ser.api.KafkaSerdesTester] (Thread-624) topic-7ca03c52_8dc3_4159_9ecb_7a3321aa349c 0 6 {"key11754494509605": "value-6"}
2025-08-06 15:35:13,156 INFO  [io.api.tes.ser.api.KafkaSerdesTester] (Thread-624) topic-7ca03c52_8dc3_4159_9ecb_7a3321aa349c 0 7 {"key11754494509605": "value-7"}
2025-08-06 15:35:13,156 INFO  [io.api.tes.ser.api.KafkaSerdesTester] (Thread-624) topic-7ca03c52_8dc3_4159_9ecb_7a3321aa349c 0 8 {"key11754494509605": "value-8"}
2025-08-06 15:35:13,156 INFO  [io.api.tes.ser.api.KafkaSerdesTester] (Thread-624) topic-7ca03c52_8dc3_4159_9ecb_7a3321aa349c 0 9 {"key11754494509605": "value-9"}
2025-08-06 15:35:13,156 INFO  [io.api.tes.ser.api.KafkaSerdesTester] (Thread-624) Consumed 10 messages
2025-08-06 15:35:13,163 INFO  [org.apa.kaf.cli.con.int.ConsumerRebalanceListenerInvoker] (Thread-624) [Consumer clientId=consumer-Consumer-topic-7ca03c52_8dc3_4159_9ecb_7a3321aa349c-4, groupId=Consumer-topic-7ca03c52_8dc3_4159_9ecb_7a3321aa349c] Revoke previously assigned partitions topic-7ca03c52_8dc3_4159_9ecb_7a3321aa349c-0
2025-08-06 15:35:13,163 INFO  [org.apa.kaf.cli.con.int.ConsumerCoordinator] (Thread-624) [Consumer clientId=consumer-Consumer-topic-7ca03c52_8dc3_4159_9ecb_7a3321aa349c-4, groupId=Consumer-topic-7ca03c52_8dc3_4159_9ecb_7a3321aa349c] Member consumer-Consumer-topic-7ca03c52_8dc3_4159_9ecb_7a3321aa349c-4-0aee5e97-e06d-4268-ae30-5f64ff768962 sending LeaveGroup request to coordinator localhost:32769 (id: 2147483647 rack: null) due to the consumer is being closed
2025-08-06 15:35:13,163 INFO  [org.apa.kaf.cli.con.int.ConsumerCoordinator] (Thread-624) [Consumer clientId=consumer-Consumer-topic-7ca03c52_8dc3_4159_9ecb_7a3321aa349c-4, groupId=Consumer-topic-7ca03c52_8dc3_4159_9ecb_7a3321aa349c] Resetting generation and member id due to: consumer pro-actively leaving the group
2025-08-06 15:35:13,164 INFO  [org.apa.kaf.cli.con.int.ConsumerCoordinator] (Thread-624) [Consumer clientId=consumer-Consumer-topic-7ca03c52_8dc3_4159_9ecb_7a3321aa349c-4, groupId=Consumer-topic-7ca03c52_8dc3_4159_9ecb_7a3321aa349c] Request joining group due to: consumer pro-actively leaving the group
2025-08-06 15:35:13,660 INFO  [org.apa.kaf.com.met.Metrics] (Thread-624) Metrics scheduler closed
2025-08-06 15:35:13,660 INFO  [org.apa.kaf.com.met.Metrics] (Thread-624) Closing reporter org.apache.kafka.common.metrics.JmxReporter
2025-08-06 15:35:13,660 INFO  [org.apa.kaf.com.met.Metrics] (Thread-624) Closing reporter org.apache.kafka.common.telemetry.internals.ClientTelemetryReporter
2025-08-06 15:35:13,660 INFO  [org.apa.kaf.com.met.Metrics] (Thread-624) Metrics reporters closed
2025-08-06 15:35:13,663 INFO  [org.apa.kaf.com.uti.AppInfoParser] (Thread-624) App info kafka.consumer for consumer-Consumer-topic-7ca03c52_8dc3_4159_9ecb_7a3321aa349c-4 unregistered
2025-08-06 15:35:13,759 INFO  [io.api.tes.uti.TestSeparator] (main) io.apicurio.tests.serdes.apicurio.AvroSerdeIT.testTopicIdStrategyAutoRegister-FINISHED
2025-08-06 15:35:13,759 INFO  [io.api.tes.uti.TestSeparator] (main) ############################################################################
Test passed: testTopicIdStrategyAutoRegister
]]></system-out>
  </testcase>
  <testcase name="testRecordIdStrategydFindLatest" classname="io.apicurio.tests.serdes.apicurio.AvroSerdeIT" time="5.064">
    <system-out><![CDATA[2025-08-06 15:35:13,761 INFO  [io.api.tes.uti.TestSeparator] (main) ############################################################################
2025-08-06 15:35:13,761 INFO  [io.api.tes.uti.TestSeparator] (main) io.apicurio.tests.serdes.apicurio.AvroSerdeIT.testRecordIdStrategydFindLatest-STARTED
2025-08-06 15:35:13,762 INFO  [io.api.tes.ser.api.AvroSerdeIT] (main) Registering Avro Schema: {"type":"record","name":"s6508ea7ex74b0x4bffxbbeax080de733d96e","namespace":"s4f549eb7x7152x4f1ax99d3xf80b6c45a115","fields":[{"name":"key11754494513762","type":"string"}]}
**** Registry Base URL: http://registry-app-inmemory.apps.ci419.apicurio-testing.org:80
2025-08-06 15:35:14,870 INFO  [org.apa.kaf.cli.pro.ProducerConfig] (main) ProducerConfig values: 
	acks = -1
	auto.include.jmx.reporter = true
	batch.size = 16384
	bootstrap.servers = [PLAINTEXT://localhost:32769]
	buffer.memory = 33554432
	client.dns.lookup = use_all_dns_ips
	client.id = Producer-topic-3b366463_d861_4a76_951b_7a18806d3e36
	compression.gzip.level = -1
	compression.lz4.level = 9
	compression.type = none
	compression.zstd.level = 3
	connections.max.idle.ms = 10000
	delivery.timeout.ms = 120000
	enable.idempotence = true
	enable.metrics.push = true
	interceptor.classes = []
	key.serializer = class org.apache.kafka.common.serialization.StringSerializer
	linger.ms = 0
	max.block.ms = 60000
	max.in.flight.requests.per.connection = 5
	max.request.size = 1048576
	metadata.max.age.ms = 300000
	metadata.max.idle.ms = 300000
	metadata.recovery.strategy = none
	metric.reporters = []
	metrics.num.samples = 2
	metrics.recording.level = INFO
	metrics.sample.window.ms = 30000
	partitioner.adaptive.partitioning.enable = true
	partitioner.availability.timeout.ms = 0
	partitioner.class = null
	partitioner.ignore.keys = false
	receive.buffer.bytes = 32768
	reconnect.backoff.max.ms = 1000
	reconnect.backoff.ms = 50
	request.timeout.ms = 5000
	retries = 2147483647
	retry.backoff.max.ms = 1000
	retry.backoff.ms = 100
	sasl.client.callback.handler.class = null
	sasl.jaas.config = null
	sasl.kerberos.kinit.cmd = /usr/bin/kinit
	sasl.kerberos.min.time.before.relogin = 60000
	sasl.kerberos.service.name = null
	sasl.kerberos.ticket.renew.jitter = 0.05
	sasl.kerberos.ticket.renew.window.factor = 0.8
	sasl.login.callback.handler.class = null
	sasl.login.class = null
	sasl.login.connect.timeout.ms = null
	sasl.login.read.timeout.ms = null
	sasl.login.refresh.buffer.seconds = 300
	sasl.login.refresh.min.period.seconds = 60
	sasl.login.refresh.window.factor = 0.8
	sasl.login.refresh.window.jitter = 0.05
	sasl.login.retry.backoff.max.ms = 10000
	sasl.login.retry.backoff.ms = 100
	sasl.mechanism = GSSAPI
	sasl.oauthbearer.clock.skew.seconds = 30
	sasl.oauthbearer.expected.audience = null
	sasl.oauthbearer.expected.issuer = null
	sasl.oauthbearer.header.urlencode = false
	sasl.oauthbearer.jwks.endpoint.refresh.ms = 3600000
	sasl.oauthbearer.jwks.endpoint.retry.backoff.max.ms = 10000
	sasl.oauthbearer.jwks.endpoint.retry.backoff.ms = 100
	sasl.oauthbearer.jwks.endpoint.url = null
	sasl.oauthbearer.scope.claim.name = scope
	sasl.oauthbearer.sub.claim.name = sub
	sasl.oauthbearer.token.endpoint.url = null
	security.protocol = PLAINTEXT
	security.providers = null
	send.buffer.bytes = 131072
	socket.connection.setup.timeout.max.ms = 30000
	socket.connection.setup.timeout.ms = 10000
	ssl.cipher.suites = null
	ssl.enabled.protocols = [TLSv1.2, TLSv1.3]
	ssl.endpoint.identification.algorithm = https
	ssl.engine.factory.class = null
	ssl.key.password = null
	ssl.keymanager.algorithm = SunX509
	ssl.keystore.certificate.chain = null
	ssl.keystore.key = null
	ssl.keystore.location = null
	ssl.keystore.password = null
	ssl.keystore.type = JKS
	ssl.protocol = TLSv1.3
	ssl.provider = null
	ssl.secure.random.implementation = null
	ssl.trustmanager.algorithm = PKIX
	ssl.truststore.certificates = null
	ssl.truststore.location = null
	ssl.truststore.password = null
	ssl.truststore.type = JKS
	transaction.timeout.ms = 60000
	transactional.id = null
	value.serializer = class io.apicurio.registry.serde.avro.AvroKafkaSerializer

2025-08-06 15:35:14,871 INFO  [org.apa.kaf.com.tel.int.KafkaMetricsCollector] (main) initializing Kafka metrics collector
2025-08-06 15:35:14,875 INFO  [org.apa.kaf.cli.pro.KafkaProducer] (main) [Producer clientId=Producer-topic-3b366463_d861_4a76_951b_7a18806d3e36] Instantiated an idempotent producer.
2025-08-06 15:35:14,877 INFO  [org.apa.kaf.cli.pro.ProducerConfig] (main) These configurations '[apicurio.registry.find-latest, apicurio.registry.url, apicurio.registry.artifact-resolver-strategy]' were supplied but are not used yet.
2025-08-06 15:35:14,878 INFO  [org.apa.kaf.com.uti.AppInfoParser] (main) Kafka version: 3.9.1
2025-08-06 15:35:14,878 INFO  [org.apa.kaf.com.uti.AppInfoParser] (main) Kafka commitId: f745dfdcee2b9851
2025-08-06 15:35:14,878 INFO  [org.apa.kaf.com.uti.AppInfoParser] (main) Kafka startTimeMs: 1754494514878
2025-08-06 15:35:14,878 INFO  [io.api.tes.ser.api.SimpleSerdesTesterBuilder$SimpleSerdesTester] (main) Using producer configuration: {apicurio.registry.find-latest=true, apicurio.registry.url=http://registry-app-inmemory.apps.ci419.apicurio-testing.org:80/apis/registry/v3, apicurio.registry.artifact-resolver-strategy=io.apicurio.registry.serde.avro.strategy.RecordIdStrategy, value.serializer=io.apicurio.registry.serde.avro.AvroKafkaSerializer, request.timeout.ms=5000, acks=all, bootstrap.servers=PLAINTEXT://localhost:32769, connections.max.idle.ms=10000, key.serializer=org.apache.kafka.common.serialization.StringSerializer, client.id=Producer-topic-3b366463_d861_4a76_951b_7a18806d3e36}
2025-08-06 15:35:14,878 INFO  [io.api.tes.ser.api.SimpleSerdesTesterBuilder$SimpleSerdesTester] (main) Using consumer configuration: {}
2025-08-06 15:35:14,881 INFO  [io.api.tes.ser.api.KafkaSerdesTester] (Thread-627) Sending message {"key11754494513762": "value-0"} to topic topic-3b366463_d861_4a76_951b_7a18806d3e36
2025-08-06 15:35:14,887 INFO  [org.apa.kaf.cli.Metadata] (kafka-producer-network-thread | Producer-topic-3b366463_d861_4a76_951b_7a18806d3e36) [Producer clientId=Producer-topic-3b366463_d861_4a76_951b_7a18806d3e36] Cluster ID: XZ--LfAaTaS_n5V5dfJ0ng
2025-08-06 15:35:14,889 INFO  [org.apa.kaf.cli.pro.int.TransactionManager] (kafka-producer-network-thread | Producer-topic-3b366463_d861_4a76_951b_7a18806d3e36) [Producer clientId=Producer-topic-3b366463_d861_4a76_951b_7a18806d3e36] ProducerId set to 5 with epoch 0
2025-08-06 15:35:15,081 INFO  [io.api.tes.ser.api.KafkaSerdesTester] (Thread-627) Sending message {"key11754494513762": "value-1"} to topic topic-3b366463_d861_4a76_951b_7a18806d3e36
2025-08-06 15:35:15,084 INFO  [io.api.tes.ser.api.KafkaSerdesTester] (Thread-627) Sending message {"key11754494513762": "value-2"} to topic topic-3b366463_d861_4a76_951b_7a18806d3e36
2025-08-06 15:35:15,086 INFO  [io.api.tes.ser.api.KafkaSerdesTester] (Thread-627) Sending message {"key11754494513762": "value-3"} to topic topic-3b366463_d861_4a76_951b_7a18806d3e36
2025-08-06 15:35:15,091 INFO  [io.api.tes.ser.api.KafkaSerdesTester] (Thread-627) Sending message {"key11754494513762": "value-4"} to topic topic-3b366463_d861_4a76_951b_7a18806d3e36
2025-08-06 15:35:15,094 INFO  [io.api.tes.ser.api.KafkaSerdesTester] (Thread-627) Sending message {"key11754494513762": "value-5"} to topic topic-3b366463_d861_4a76_951b_7a18806d3e36
2025-08-06 15:35:15,096 INFO  [io.api.tes.ser.api.KafkaSerdesTester] (Thread-627) Sending message {"key11754494513762": "value-6"} to topic topic-3b366463_d861_4a76_951b_7a18806d3e36
2025-08-06 15:35:15,100 INFO  [io.api.tes.ser.api.KafkaSerdesTester] (Thread-627) Sending message {"key11754494513762": "value-7"} to topic topic-3b366463_d861_4a76_951b_7a18806d3e36
2025-08-06 15:35:15,106 INFO  [io.api.tes.ser.api.KafkaSerdesTester] (Thread-627) Sending message {"key11754494513762": "value-8"} to topic topic-3b366463_d861_4a76_951b_7a18806d3e36
2025-08-06 15:35:15,112 INFO  [io.api.tes.ser.api.KafkaSerdesTester] (Thread-627) Sending message {"key11754494513762": "value-9"} to topic topic-3b366463_d861_4a76_951b_7a18806d3e36
2025-08-06 15:35:15,114 INFO  [io.api.tes.ser.api.KafkaSerdesTester] (Thread-627) Produced 10 messages
2025-08-06 15:35:15,114 INFO  [org.apa.kaf.cli.pro.KafkaProducer] (Thread-627) [Producer clientId=Producer-topic-3b366463_d861_4a76_951b_7a18806d3e36] Closing the Kafka producer with timeoutMillis = 9223372036854775807 ms.
2025-08-06 15:35:15,116 INFO  [org.apa.kaf.com.met.Metrics] (Thread-627) Metrics scheduler closed
2025-08-06 15:35:15,116 INFO  [org.apa.kaf.com.met.Metrics] (Thread-627) Closing reporter org.apache.kafka.common.metrics.JmxReporter
2025-08-06 15:35:15,116 INFO  [org.apa.kaf.com.met.Metrics] (Thread-627) Closing reporter org.apache.kafka.common.telemetry.internals.ClientTelemetryReporter
2025-08-06 15:35:15,116 INFO  [org.apa.kaf.com.met.Metrics] (Thread-627) Metrics reporters closed
2025-08-06 15:35:15,117 INFO  [org.apa.kaf.com.uti.AppInfoParser] (Thread-627) App info kafka.producer for Producer-topic-3b366463_d861_4a76_951b_7a18806d3e36 unregistered
**** Registry Base URL: http://registry-app-inmemory.apps.ci419.apicurio-testing.org:80
2025-08-06 15:35:15,118 INFO  [org.apa.kaf.cli.con.ConsumerConfig] (main) ConsumerConfig values: 
	allow.auto.create.topics = true
	auto.commit.interval.ms = 500
	auto.include.jmx.reporter = true
	auto.offset.reset = earliest
	bootstrap.servers = [PLAINTEXT://localhost:32769]
	check.crcs = true
	client.dns.lookup = use_all_dns_ips
	client.id = consumer-Consumer-topic-3b366463_d861_4a76_951b_7a18806d3e36-5
	client.rack = 
	connections.max.idle.ms = 10000
	default.api.timeout.ms = 60000
	enable.auto.commit = true
	enable.metrics.push = true
	exclude.internal.topics = true
	fetch.max.bytes = 52428800
	fetch.max.wait.ms = 500
	fetch.min.bytes = 1
	group.id = Consumer-topic-3b366463_d861_4a76_951b_7a18806d3e36
	group.instance.id = null
	group.protocol = classic
	group.remote.assignor = null
	heartbeat.interval.ms = 3000
	interceptor.classes = []
	internal.leave.group.on.close = true
	internal.throw.on.fetch.stable.offset.unsupported = false
	isolation.level = read_uncommitted
	key.deserializer = class org.apache.kafka.common.serialization.StringDeserializer
	max.partition.fetch.bytes = 1048576
	max.poll.interval.ms = 300000
	max.poll.records = 500
	metadata.max.age.ms = 300000
	metadata.recovery.strategy = none
	metric.reporters = []
	metrics.num.samples = 2
	metrics.recording.level = INFO
	metrics.sample.window.ms = 30000
	partition.assignment.strategy = [class org.apache.kafka.clients.consumer.RangeAssignor, class org.apache.kafka.clients.consumer.CooperativeStickyAssignor]
	receive.buffer.bytes = 65536
	reconnect.backoff.max.ms = 1000
	reconnect.backoff.ms = 50
	request.timeout.ms = 5000
	retry.backoff.max.ms = 1000
	retry.backoff.ms = 100
	sasl.client.callback.handler.class = null
	sasl.jaas.config = null
	sasl.kerberos.kinit.cmd = /usr/bin/kinit
	sasl.kerberos.min.time.before.relogin = 60000
	sasl.kerberos.service.name = null
	sasl.kerberos.ticket.renew.jitter = 0.05
	sasl.kerberos.ticket.renew.window.factor = 0.8
	sasl.login.callback.handler.class = null
	sasl.login.class = null
	sasl.login.connect.timeout.ms = null
	sasl.login.read.timeout.ms = null
	sasl.login.refresh.buffer.seconds = 300
	sasl.login.refresh.min.period.seconds = 60
	sasl.login.refresh.window.factor = 0.8
	sasl.login.refresh.window.jitter = 0.05
	sasl.login.retry.backoff.max.ms = 10000
	sasl.login.retry.backoff.ms = 100
	sasl.mechanism = GSSAPI
	sasl.oauthbearer.clock.skew.seconds = 30
	sasl.oauthbearer.expected.audience = null
	sasl.oauthbearer.expected.issuer = null
	sasl.oauthbearer.header.urlencode = false
	sasl.oauthbearer.jwks.endpoint.refresh.ms = 3600000
	sasl.oauthbearer.jwks.endpoint.retry.backoff.max.ms = 10000
	sasl.oauthbearer.jwks.endpoint.retry.backoff.ms = 100
	sasl.oauthbearer.jwks.endpoint.url = null
	sasl.oauthbearer.scope.claim.name = scope
	sasl.oauthbearer.sub.claim.name = sub
	sasl.oauthbearer.token.endpoint.url = null
	security.protocol = PLAINTEXT
	security.providers = null
	send.buffer.bytes = 131072
	session.timeout.ms = 45000
	socket.connection.setup.timeout.max.ms = 30000
	socket.connection.setup.timeout.ms = 10000
	ssl.cipher.suites = null
	ssl.enabled.protocols = [TLSv1.2, TLSv1.3]
	ssl.endpoint.identification.algorithm = https
	ssl.engine.factory.class = null
	ssl.key.password = null
	ssl.keymanager.algorithm = SunX509
	ssl.keystore.certificate.chain = null
	ssl.keystore.key = null
	ssl.keystore.location = null
	ssl.keystore.password = null
	ssl.keystore.type = JKS
	ssl.protocol = TLSv1.3
	ssl.provider = null
	ssl.secure.random.implementation = null
	ssl.trustmanager.algorithm = PKIX
	ssl.truststore.certificates = null
	ssl.truststore.location = null
	ssl.truststore.password = null
	ssl.truststore.type = JKS
	value.deserializer = class io.apicurio.registry.serde.avro.AvroKafkaDeserializer

2025-08-06 15:35:15,119 INFO  [org.apa.kaf.com.tel.int.KafkaMetricsCollector] (main) initializing Kafka metrics collector
2025-08-06 15:35:15,126 INFO  [org.apa.kaf.cli.con.ConsumerConfig] (main) These configurations '[apicurio.registry.url]' were supplied but are not used yet.
2025-08-06 15:35:15,126 INFO  [org.apa.kaf.com.uti.AppInfoParser] (main) Kafka version: 3.9.1
2025-08-06 15:35:15,126 INFO  [org.apa.kaf.com.uti.AppInfoParser] (main) Kafka commitId: f745dfdcee2b9851
2025-08-06 15:35:15,126 INFO  [org.apa.kaf.com.uti.AppInfoParser] (main) Kafka startTimeMs: 1754494515126
2025-08-06 15:35:15,127 INFO  [org.apa.kaf.cli.con.int.ClassicKafkaConsumer] (Thread-630) [Consumer clientId=consumer-Consumer-topic-3b366463_d861_4a76_951b_7a18806d3e36-5, groupId=Consumer-topic-3b366463_d861_4a76_951b_7a18806d3e36] Subscribed to topic(s): topic-3b366463_d861_4a76_951b_7a18806d3e36
2025-08-06 15:35:15,133 INFO  [org.apa.kaf.cli.Metadata] (Thread-630) [Consumer clientId=consumer-Consumer-topic-3b366463_d861_4a76_951b_7a18806d3e36-5, groupId=Consumer-topic-3b366463_d861_4a76_951b_7a18806d3e36] Cluster ID: XZ--LfAaTaS_n5V5dfJ0ng
2025-08-06 15:35:15,134 INFO  [org.apa.kaf.cli.con.int.ConsumerCoordinator] (Thread-630) [Consumer clientId=consumer-Consumer-topic-3b366463_d861_4a76_951b_7a18806d3e36-5, groupId=Consumer-topic-3b366463_d861_4a76_951b_7a18806d3e36] Discovered group coordinator localhost:32769 (id: 2147483647 rack: null)
2025-08-06 15:35:15,139 INFO  [org.apa.kaf.cli.con.int.ConsumerCoordinator] (Thread-630) [Consumer clientId=consumer-Consumer-topic-3b366463_d861_4a76_951b_7a18806d3e36-5, groupId=Consumer-topic-3b366463_d861_4a76_951b_7a18806d3e36] (Re-)joining group
2025-08-06 15:35:15,148 INFO  [org.apa.kaf.cli.con.int.ConsumerCoordinator] (Thread-630) [Consumer clientId=consumer-Consumer-topic-3b366463_d861_4a76_951b_7a18806d3e36-5, groupId=Consumer-topic-3b366463_d861_4a76_951b_7a18806d3e36] Request joining group due to: need to re-join with the given member-id: consumer-Consumer-topic-3b366463_d861_4a76_951b_7a18806d3e36-5-cdc5d8be-b369-4896-81da-ecaa0ed8d09e
2025-08-06 15:35:15,148 INFO  [org.apa.kaf.cli.con.int.ConsumerCoordinator] (Thread-630) [Consumer clientId=consumer-Consumer-topic-3b366463_d861_4a76_951b_7a18806d3e36-5, groupId=Consumer-topic-3b366463_d861_4a76_951b_7a18806d3e36] (Re-)joining group
2025-08-06 15:35:16,127 INFO  [io.api.tes.ser.api.KafkaSerdesTester] (Thread-630) None found
2025-08-06 15:35:17,128 INFO  [io.api.tes.ser.api.KafkaSerdesTester] (Thread-630) None found
2025-08-06 15:35:18,128 INFO  [io.api.tes.ser.api.KafkaSerdesTester] (Thread-630) None found
2025-08-06 15:35:18,151 INFO  [org.apa.kaf.cli.con.int.ConsumerCoordinator] (Thread-630) [Consumer clientId=consumer-Consumer-topic-3b366463_d861_4a76_951b_7a18806d3e36-5, groupId=Consumer-topic-3b366463_d861_4a76_951b_7a18806d3e36] Successfully joined group with generation Generation{generationId=1, memberId='consumer-Consumer-topic-3b366463_d861_4a76_951b_7a18806d3e36-5-cdc5d8be-b369-4896-81da-ecaa0ed8d09e', protocol='range'}
2025-08-06 15:35:18,152 INFO  [org.apa.kaf.cli.con.int.ConsumerCoordinator] (Thread-630) [Consumer clientId=consumer-Consumer-topic-3b366463_d861_4a76_951b_7a18806d3e36-5, groupId=Consumer-topic-3b366463_d861_4a76_951b_7a18806d3e36] Finished assignment for group at generation 1: {consumer-Consumer-topic-3b366463_d861_4a76_951b_7a18806d3e36-5-cdc5d8be-b369-4896-81da-ecaa0ed8d09e=Assignment(partitions=[topic-3b366463_d861_4a76_951b_7a18806d3e36-0])}
2025-08-06 15:35:18,159 INFO  [org.apa.kaf.cli.con.int.ConsumerCoordinator] (Thread-630) [Consumer clientId=consumer-Consumer-topic-3b366463_d861_4a76_951b_7a18806d3e36-5, groupId=Consumer-topic-3b366463_d861_4a76_951b_7a18806d3e36] Successfully synced group in generation Generation{generationId=1, memberId='consumer-Consumer-topic-3b366463_d861_4a76_951b_7a18806d3e36-5-cdc5d8be-b369-4896-81da-ecaa0ed8d09e', protocol='range'}
2025-08-06 15:35:18,159 INFO  [org.apa.kaf.cli.con.int.ConsumerCoordinator] (Thread-630) [Consumer clientId=consumer-Consumer-topic-3b366463_d861_4a76_951b_7a18806d3e36-5, groupId=Consumer-topic-3b366463_d861_4a76_951b_7a18806d3e36] Notifying assignor about the new Assignment(partitions=[topic-3b366463_d861_4a76_951b_7a18806d3e36-0])
2025-08-06 15:35:18,160 INFO  [org.apa.kaf.cli.con.int.ConsumerRebalanceListenerInvoker] (Thread-630) [Consumer clientId=consumer-Consumer-topic-3b366463_d861_4a76_951b_7a18806d3e36-5, groupId=Consumer-topic-3b366463_d861_4a76_951b_7a18806d3e36] Adding newly assigned partitions: topic-3b366463_d861_4a76_951b_7a18806d3e36-0
2025-08-06 15:35:18,161 INFO  [org.apa.kaf.cli.con.int.ConsumerCoordinator] (Thread-630) [Consumer clientId=consumer-Consumer-topic-3b366463_d861_4a76_951b_7a18806d3e36-5, groupId=Consumer-topic-3b366463_d861_4a76_951b_7a18806d3e36] Found no committed offset for partition topic-3b366463_d861_4a76_951b_7a18806d3e36-0
2025-08-06 15:35:18,167 INFO  [org.apa.kaf.cli.con.int.SubscriptionState] (Thread-630) [Consumer clientId=consumer-Consumer-topic-3b366463_d861_4a76_951b_7a18806d3e36-5, groupId=Consumer-topic-3b366463_d861_4a76_951b_7a18806d3e36] Resetting offset for partition topic-3b366463_d861_4a76_951b_7a18806d3e36-0 to position FetchPosition{offset=0, offsetEpoch=Optional.empty, currentLeader=LeaderAndEpoch{leader=Optional[localhost:32769 (id: 0 rack: null)], epoch=0}}.
2025-08-06 15:35:18,315 INFO  [io.api.tes.ser.api.KafkaSerdesTester] (Thread-630) topic-3b366463_d861_4a76_951b_7a18806d3e36 0 0 {"key11754494513762": "value-0"}
2025-08-06 15:35:18,315 INFO  [io.api.tes.ser.api.KafkaSerdesTester] (Thread-630) topic-3b366463_d861_4a76_951b_7a18806d3e36 0 1 {"key11754494513762": "value-1"}
2025-08-06 15:35:18,315 INFO  [io.api.tes.ser.api.KafkaSerdesTester] (Thread-630) topic-3b366463_d861_4a76_951b_7a18806d3e36 0 2 {"key11754494513762": "value-2"}
2025-08-06 15:35:18,315 INFO  [io.api.tes.ser.api.KafkaSerdesTester] (Thread-630) topic-3b366463_d861_4a76_951b_7a18806d3e36 0 3 {"key11754494513762": "value-3"}
2025-08-06 15:35:18,315 INFO  [io.api.tes.ser.api.KafkaSerdesTester] (Thread-630) topic-3b366463_d861_4a76_951b_7a18806d3e36 0 4 {"key11754494513762": "value-4"}
2025-08-06 15:35:18,315 INFO  [io.api.tes.ser.api.KafkaSerdesTester] (Thread-630) topic-3b366463_d861_4a76_951b_7a18806d3e36 0 5 {"key11754494513762": "value-5"}
2025-08-06 15:35:18,315 INFO  [io.api.tes.ser.api.KafkaSerdesTester] (Thread-630) topic-3b366463_d861_4a76_951b_7a18806d3e36 0 6 {"key11754494513762": "value-6"}
2025-08-06 15:35:18,315 INFO  [io.api.tes.ser.api.KafkaSerdesTester] (Thread-630) topic-3b366463_d861_4a76_951b_7a18806d3e36 0 7 {"key11754494513762": "value-7"}
2025-08-06 15:35:18,316 INFO  [io.api.tes.ser.api.KafkaSerdesTester] (Thread-630) topic-3b366463_d861_4a76_951b_7a18806d3e36 0 8 {"key11754494513762": "value-8"}
2025-08-06 15:35:18,316 INFO  [io.api.tes.ser.api.KafkaSerdesTester] (Thread-630) topic-3b366463_d861_4a76_951b_7a18806d3e36 0 9 {"key11754494513762": "value-9"}
2025-08-06 15:35:18,316 INFO  [io.api.tes.ser.api.KafkaSerdesTester] (Thread-630) Consumed 10 messages
2025-08-06 15:35:18,325 INFO  [org.apa.kaf.cli.con.int.ConsumerRebalanceListenerInvoker] (Thread-630) [Consumer clientId=consumer-Consumer-topic-3b366463_d861_4a76_951b_7a18806d3e36-5, groupId=Consumer-topic-3b366463_d861_4a76_951b_7a18806d3e36] Revoke previously assigned partitions topic-3b366463_d861_4a76_951b_7a18806d3e36-0
2025-08-06 15:35:18,325 INFO  [org.apa.kaf.cli.con.int.ConsumerCoordinator] (Thread-630) [Consumer clientId=consumer-Consumer-topic-3b366463_d861_4a76_951b_7a18806d3e36-5, groupId=Consumer-topic-3b366463_d861_4a76_951b_7a18806d3e36] Member consumer-Consumer-topic-3b366463_d861_4a76_951b_7a18806d3e36-5-cdc5d8be-b369-4896-81da-ecaa0ed8d09e sending LeaveGroup request to coordinator localhost:32769 (id: 2147483647 rack: null) due to the consumer is being closed
2025-08-06 15:35:18,325 INFO  [org.apa.kaf.cli.con.int.ConsumerCoordinator] (Thread-630) [Consumer clientId=consumer-Consumer-topic-3b366463_d861_4a76_951b_7a18806d3e36-5, groupId=Consumer-topic-3b366463_d861_4a76_951b_7a18806d3e36] Resetting generation and member id due to: consumer pro-actively leaving the group
2025-08-06 15:35:18,325 INFO  [org.apa.kaf.cli.con.int.ConsumerCoordinator] (Thread-630) [Consumer clientId=consumer-Consumer-topic-3b366463_d861_4a76_951b_7a18806d3e36-5, groupId=Consumer-topic-3b366463_d861_4a76_951b_7a18806d3e36] Request joining group due to: consumer pro-actively leaving the group
2025-08-06 15:35:18,818 INFO  [org.apa.kaf.com.met.Metrics] (Thread-630) Metrics scheduler closed
2025-08-06 15:35:18,818 INFO  [org.apa.kaf.com.met.Metrics] (Thread-630) Closing reporter org.apache.kafka.common.metrics.JmxReporter
2025-08-06 15:35:18,819 INFO  [org.apa.kaf.com.met.Metrics] (Thread-630) Closing reporter org.apache.kafka.common.telemetry.internals.ClientTelemetryReporter
2025-08-06 15:35:18,819 INFO  [org.apa.kaf.com.met.Metrics] (Thread-630) Metrics reporters closed
2025-08-06 15:35:18,823 INFO  [org.apa.kaf.com.uti.AppInfoParser] (Thread-630) App info kafka.consumer for consumer-Consumer-topic-3b366463_d861_4a76_951b_7a18806d3e36-5 unregistered
2025-08-06 15:35:18,823 INFO  [io.api.tes.uti.TestSeparator] (main) io.apicurio.tests.serdes.apicurio.AvroSerdeIT.testRecordIdStrategydFindLatest-FINISHED
2025-08-06 15:35:18,823 INFO  [io.api.tes.uti.TestSeparator] (main) ############################################################################
Test passed: testRecordIdStrategydFindLatest
]]></system-out>
  </testcase>
  <testcase name="testReflectAutoRegister" classname="io.apicurio.tests.serdes.apicurio.AvroSerdeIT" time="4.073">
    <system-out><![CDATA[2025-08-06 15:35:18,827 INFO  [io.api.tes.uti.TestSeparator] (main) ############################################################################
2025-08-06 15:35:18,827 INFO  [io.api.tes.uti.TestSeparator] (main) io.apicurio.tests.serdes.apicurio.AvroSerdeIT.testReflectAutoRegister-STARTED
**** Registry Base URL: http://registry-app-inmemory.apps.ci419.apicurio-testing.org:80
2025-08-06 15:35:18,831 INFO  [org.apa.kaf.cli.pro.ProducerConfig] (main) ProducerConfig values: 
	acks = -1
	auto.include.jmx.reporter = true
	batch.size = 16384
	bootstrap.servers = [PLAINTEXT://localhost:32769]
	buffer.memory = 33554432
	client.dns.lookup = use_all_dns_ips
	client.id = Producer-topic-8320070e_a9fd_4265_980e_d33adb49d88b
	compression.gzip.level = -1
	compression.lz4.level = 9
	compression.type = none
	compression.zstd.level = 3
	connections.max.idle.ms = 10000
	delivery.timeout.ms = 120000
	enable.idempotence = true
	enable.metrics.push = true
	interceptor.classes = []
	key.serializer = class org.apache.kafka.common.serialization.StringSerializer
	linger.ms = 0
	max.block.ms = 60000
	max.in.flight.requests.per.connection = 5
	max.request.size = 1048576
	metadata.max.age.ms = 300000
	metadata.max.idle.ms = 300000
	metadata.recovery.strategy = none
	metric.reporters = []
	metrics.num.samples = 2
	metrics.recording.level = INFO
	metrics.sample.window.ms = 30000
	partitioner.adaptive.partitioning.enable = true
	partitioner.availability.timeout.ms = 0
	partitioner.class = null
	partitioner.ignore.keys = false
	receive.buffer.bytes = 32768
	reconnect.backoff.max.ms = 1000
	reconnect.backoff.ms = 50
	request.timeout.ms = 5000
	retries = 2147483647
	retry.backoff.max.ms = 1000
	retry.backoff.ms = 100
	sasl.client.callback.handler.class = null
	sasl.jaas.config = null
	sasl.kerberos.kinit.cmd = /usr/bin/kinit
	sasl.kerberos.min.time.before.relogin = 60000
	sasl.kerberos.service.name = null
	sasl.kerberos.ticket.renew.jitter = 0.05
	sasl.kerberos.ticket.renew.window.factor = 0.8
	sasl.login.callback.handler.class = null
	sasl.login.class = null
	sasl.login.connect.timeout.ms = null
	sasl.login.read.timeout.ms = null
	sasl.login.refresh.buffer.seconds = 300
	sasl.login.refresh.min.period.seconds = 60
	sasl.login.refresh.window.factor = 0.8
	sasl.login.refresh.window.jitter = 0.05
	sasl.login.retry.backoff.max.ms = 10000
	sasl.login.retry.backoff.ms = 100
	sasl.mechanism = GSSAPI
	sasl.oauthbearer.clock.skew.seconds = 30
	sasl.oauthbearer.expected.audience = null
	sasl.oauthbearer.expected.issuer = null
	sasl.oauthbearer.header.urlencode = false
	sasl.oauthbearer.jwks.endpoint.refresh.ms = 3600000
	sasl.oauthbearer.jwks.endpoint.retry.backoff.max.ms = 10000
	sasl.oauthbearer.jwks.endpoint.retry.backoff.ms = 100
	sasl.oauthbearer.jwks.endpoint.url = null
	sasl.oauthbearer.scope.claim.name = scope
	sasl.oauthbearer.sub.claim.name = sub
	sasl.oauthbearer.token.endpoint.url = null
	security.protocol = PLAINTEXT
	security.providers = null
	send.buffer.bytes = 131072
	socket.connection.setup.timeout.max.ms = 30000
	socket.connection.setup.timeout.ms = 10000
	ssl.cipher.suites = null
	ssl.enabled.protocols = [TLSv1.2, TLSv1.3]
	ssl.endpoint.identification.algorithm = https
	ssl.engine.factory.class = null
	ssl.key.password = null
	ssl.keymanager.algorithm = SunX509
	ssl.keystore.certificate.chain = null
	ssl.keystore.key = null
	ssl.keystore.location = null
	ssl.keystore.password = null
	ssl.keystore.type = JKS
	ssl.protocol = TLSv1.3
	ssl.provider = null
	ssl.secure.random.implementation = null
	ssl.trustmanager.algorithm = PKIX
	ssl.truststore.certificates = null
	ssl.truststore.location = null
	ssl.truststore.password = null
	ssl.truststore.type = JKS
	transaction.timeout.ms = 60000
	transactional.id = null
	value.serializer = class io.apicurio.registry.serde.avro.AvroKafkaSerializer

2025-08-06 15:35:18,832 INFO  [org.apa.kaf.com.tel.int.KafkaMetricsCollector] (main) initializing Kafka metrics collector
2025-08-06 15:35:18,850 INFO  [org.apa.kaf.cli.pro.KafkaProducer] (main) [Producer clientId=Producer-topic-8320070e_a9fd_4265_980e_d33adb49d88b] Instantiated an idempotent producer.
2025-08-06 15:35:18,852 INFO  [org.apa.kaf.cli.pro.ProducerConfig] (main) These configurations '[apicurio.registry.url, apicurio.registry.auto-register, apicurio.registry.artifact-resolver-strategy, apicurio.registry.avro-datum-provider]' were supplied but are not used yet.
2025-08-06 15:35:18,852 INFO  [org.apa.kaf.com.uti.AppInfoParser] (main) Kafka version: 3.9.1
2025-08-06 15:35:18,852 INFO  [org.apa.kaf.com.uti.AppInfoParser] (main) Kafka commitId: f745dfdcee2b9851
2025-08-06 15:35:18,852 INFO  [org.apa.kaf.com.uti.AppInfoParser] (main) Kafka startTimeMs: 1754494518852
2025-08-06 15:35:18,852 INFO  [io.api.tes.ser.api.SimpleSerdesTesterBuilder$SimpleSerdesTester] (main) Using producer configuration: {apicurio.registry.url=http://registry-app-inmemory.apps.ci419.apicurio-testing.org:80/apis/registry/v3, apicurio.registry.auto-register=true, apicurio.registry.artifact-resolver-strategy=io.apicurio.registry.serde.strategy.TopicIdStrategy, value.serializer=io.apicurio.registry.serde.avro.AvroKafkaSerializer, request.timeout.ms=5000, acks=all, bootstrap.servers=PLAINTEXT://localhost:32769, connections.max.idle.ms=10000, key.serializer=org.apache.kafka.common.serialization.StringSerializer, apicurio.registry.avro-datum-provider=io.apicurio.registry.serde.avro.ReflectAvroDatumProvider, client.id=Producer-topic-8320070e_a9fd_4265_980e_d33adb49d88b}
2025-08-06 15:35:18,852 INFO  [io.api.tes.ser.api.SimpleSerdesTesterBuilder$SimpleSerdesTester] (main) Using consumer configuration: {apicurio.registry.avro-datum-provider=io.apicurio.registry.serde.avro.ReflectAvroDatumProvider}
2025-08-06 15:35:18,855 INFO  [io.api.tes.ser.api.KafkaSerdesTester] (Thread-633) Sending message io.apicurio.tests.common.serdes.TestObject@3dbd29cb to topic topic-8320070e_a9fd_4265_980e_d33adb49d88b
2025-08-06 15:35:18,861 WARN  [org.apa.kaf.cli.NetworkClient] (kafka-producer-network-thread | Producer-topic-8320070e_a9fd_4265_980e_d33adb49d88b) [Producer clientId=Producer-topic-8320070e_a9fd_4265_980e_d33adb49d88b] The metadata response from the cluster reported a recoverable issue with correlation id 1 : {topic-8320070e_a9fd_4265_980e_d33adb49d88b=UNKNOWN_TOPIC_OR_PARTITION}
2025-08-06 15:35:18,861 INFO  [org.apa.kaf.cli.Metadata] (kafka-producer-network-thread | Producer-topic-8320070e_a9fd_4265_980e_d33adb49d88b) [Producer clientId=Producer-topic-8320070e_a9fd_4265_980e_d33adb49d88b] Cluster ID: XZ--LfAaTaS_n5V5dfJ0ng
2025-08-06 15:35:18,865 INFO  [org.apa.kaf.cli.pro.int.TransactionManager] (kafka-producer-network-thread | Producer-topic-8320070e_a9fd_4265_980e_d33adb49d88b) [Producer clientId=Producer-topic-8320070e_a9fd_4265_980e_d33adb49d88b] ProducerId set to 6 with epoch 0
2025-08-06 15:35:19,075 INFO  [io.api.tes.ser.api.KafkaSerdesTester] (Thread-633) Sending message io.apicurio.tests.common.serdes.TestObject@3dbd29cb to topic topic-8320070e_a9fd_4265_980e_d33adb49d88b
2025-08-06 15:35:19,079 INFO  [io.api.tes.ser.api.KafkaSerdesTester] (Thread-633) Sending message io.apicurio.tests.common.serdes.TestObject@3dbd29cb to topic topic-8320070e_a9fd_4265_980e_d33adb49d88b
2025-08-06 15:35:19,083 INFO  [io.api.tes.ser.api.KafkaSerdesTester] (Thread-633) Sending message io.apicurio.tests.common.serdes.TestObject@3dbd29cb to topic topic-8320070e_a9fd_4265_980e_d33adb49d88b
2025-08-06 15:35:19,085 INFO  [io.api.tes.ser.api.KafkaSerdesTester] (Thread-633) Sending message io.apicurio.tests.common.serdes.TestObject@3dbd29cb to topic topic-8320070e_a9fd_4265_980e_d33adb49d88b
2025-08-06 15:35:19,088 INFO  [io.api.tes.ser.api.KafkaSerdesTester] (Thread-633) Sending message io.apicurio.tests.common.serdes.TestObject@3dbd29cb to topic topic-8320070e_a9fd_4265_980e_d33adb49d88b
2025-08-06 15:35:19,090 INFO  [io.api.tes.ser.api.KafkaSerdesTester] (Thread-633) Sending message io.apicurio.tests.common.serdes.TestObject@3dbd29cb to topic topic-8320070e_a9fd_4265_980e_d33adb49d88b
2025-08-06 15:35:19,093 INFO  [io.api.tes.ser.api.KafkaSerdesTester] (Thread-633) Sending message io.apicurio.tests.common.serdes.TestObject@3dbd29cb to topic topic-8320070e_a9fd_4265_980e_d33adb49d88b
2025-08-06 15:35:19,095 INFO  [io.api.tes.ser.api.KafkaSerdesTester] (Thread-633) Sending message io.apicurio.tests.common.serdes.TestObject@3dbd29cb to topic topic-8320070e_a9fd_4265_980e_d33adb49d88b
2025-08-06 15:35:19,098 INFO  [io.api.tes.ser.api.KafkaSerdesTester] (Thread-633) Sending message io.apicurio.tests.common.serdes.TestObject@3dbd29cb to topic topic-8320070e_a9fd_4265_980e_d33adb49d88b
2025-08-06 15:35:19,101 INFO  [io.api.tes.ser.api.KafkaSerdesTester] (Thread-633) Produced 10 messages
2025-08-06 15:35:19,101 INFO  [org.apa.kaf.cli.pro.KafkaProducer] (Thread-633) [Producer clientId=Producer-topic-8320070e_a9fd_4265_980e_d33adb49d88b] Closing the Kafka producer with timeoutMillis = 9223372036854775807 ms.
2025-08-06 15:35:19,106 INFO  [org.apa.kaf.com.met.Metrics] (Thread-633) Metrics scheduler closed
2025-08-06 15:35:19,106 INFO  [org.apa.kaf.com.met.Metrics] (Thread-633) Closing reporter org.apache.kafka.common.metrics.JmxReporter
2025-08-06 15:35:19,106 INFO  [org.apa.kaf.com.met.Metrics] (Thread-633) Closing reporter org.apache.kafka.common.telemetry.internals.ClientTelemetryReporter
2025-08-06 15:35:19,106 INFO  [org.apa.kaf.com.met.Metrics] (Thread-633) Metrics reporters closed
2025-08-06 15:35:19,107 INFO  [org.apa.kaf.com.uti.AppInfoParser] (Thread-633) App info kafka.producer for Producer-topic-8320070e_a9fd_4265_980e_d33adb49d88b unregistered
**** Registry Base URL: http://registry-app-inmemory.apps.ci419.apicurio-testing.org:80
2025-08-06 15:35:19,204 INFO  [org.apa.kaf.cli.con.ConsumerConfig] (main) ConsumerConfig values: 
	allow.auto.create.topics = true
	auto.commit.interval.ms = 500
	auto.include.jmx.reporter = true
	auto.offset.reset = earliest
	bootstrap.servers = [PLAINTEXT://localhost:32769]
	check.crcs = true
	client.dns.lookup = use_all_dns_ips
	client.id = consumer-Consumer-topic-8320070e_a9fd_4265_980e_d33adb49d88b-6
	client.rack = 
	connections.max.idle.ms = 10000
	default.api.timeout.ms = 60000
	enable.auto.commit = true
	enable.metrics.push = true
	exclude.internal.topics = true
	fetch.max.bytes = 52428800
	fetch.max.wait.ms = 500
	fetch.min.bytes = 1
	group.id = Consumer-topic-8320070e_a9fd_4265_980e_d33adb49d88b
	group.instance.id = null
	group.protocol = classic
	group.remote.assignor = null
	heartbeat.interval.ms = 3000
	interceptor.classes = []
	internal.leave.group.on.close = true
	internal.throw.on.fetch.stable.offset.unsupported = false
	isolation.level = read_uncommitted
	key.deserializer = class org.apache.kafka.common.serialization.StringDeserializer
	max.partition.fetch.bytes = 1048576
	max.poll.interval.ms = 300000
	max.poll.records = 500
	metadata.max.age.ms = 300000
	metadata.recovery.strategy = none
	metric.reporters = []
	metrics.num.samples = 2
	metrics.recording.level = INFO
	metrics.sample.window.ms = 30000
	partition.assignment.strategy = [class org.apache.kafka.clients.consumer.RangeAssignor, class org.apache.kafka.clients.consumer.CooperativeStickyAssignor]
	receive.buffer.bytes = 65536
	reconnect.backoff.max.ms = 1000
	reconnect.backoff.ms = 50
	request.timeout.ms = 5000
	retry.backoff.max.ms = 1000
	retry.backoff.ms = 100
	sasl.client.callback.handler.class = null
	sasl.jaas.config = null
	sasl.kerberos.kinit.cmd = /usr/bin/kinit
	sasl.kerberos.min.time.before.relogin = 60000
	sasl.kerberos.service.name = null
	sasl.kerberos.ticket.renew.jitter = 0.05
	sasl.kerberos.ticket.renew.window.factor = 0.8
	sasl.login.callback.handler.class = null
	sasl.login.class = null
	sasl.login.connect.timeout.ms = null
	sasl.login.read.timeout.ms = null
	sasl.login.refresh.buffer.seconds = 300
	sasl.login.refresh.min.period.seconds = 60
	sasl.login.refresh.window.factor = 0.8
	sasl.login.refresh.window.jitter = 0.05
	sasl.login.retry.backoff.max.ms = 10000
	sasl.login.retry.backoff.ms = 100
	sasl.mechanism = GSSAPI
	sasl.oauthbearer.clock.skew.seconds = 30
	sasl.oauthbearer.expected.audience = null
	sasl.oauthbearer.expected.issuer = null
	sasl.oauthbearer.header.urlencode = false
	sasl.oauthbearer.jwks.endpoint.refresh.ms = 3600000
	sasl.oauthbearer.jwks.endpoint.retry.backoff.max.ms = 10000
	sasl.oauthbearer.jwks.endpoint.retry.backoff.ms = 100
	sasl.oauthbearer.jwks.endpoint.url = null
	sasl.oauthbearer.scope.claim.name = scope
	sasl.oauthbearer.sub.claim.name = sub
	sasl.oauthbearer.token.endpoint.url = null
	security.protocol = PLAINTEXT
	security.providers = null
	send.buffer.bytes = 131072
	session.timeout.ms = 45000
	socket.connection.setup.timeout.max.ms = 30000
	socket.connection.setup.timeout.ms = 10000
	ssl.cipher.suites = null
	ssl.enabled.protocols = [TLSv1.2, TLSv1.3]
	ssl.endpoint.identification.algorithm = https
	ssl.engine.factory.class = null
	ssl.key.password = null
	ssl.keymanager.algorithm = SunX509
	ssl.keystore.certificate.chain = null
	ssl.keystore.key = null
	ssl.keystore.location = null
	ssl.keystore.password = null
	ssl.keystore.type = JKS
	ssl.protocol = TLSv1.3
	ssl.provider = null
	ssl.secure.random.implementation = null
	ssl.trustmanager.algorithm = PKIX
	ssl.truststore.certificates = null
	ssl.truststore.location = null
	ssl.truststore.password = null
	ssl.truststore.type = JKS
	value.deserializer = class io.apicurio.registry.serde.avro.AvroKafkaDeserializer

2025-08-06 15:35:19,204 INFO  [org.apa.kaf.com.tel.int.KafkaMetricsCollector] (main) initializing Kafka metrics collector
2025-08-06 15:35:19,211 INFO  [org.apa.kaf.cli.con.ConsumerConfig] (main) These configurations '[apicurio.registry.url, apicurio.registry.avro-datum-provider]' were supplied but are not used yet.
2025-08-06 15:35:19,211 INFO  [org.apa.kaf.com.uti.AppInfoParser] (main) Kafka version: 3.9.1
2025-08-06 15:35:19,211 INFO  [org.apa.kaf.com.uti.AppInfoParser] (main) Kafka commitId: f745dfdcee2b9851
2025-08-06 15:35:19,211 INFO  [org.apa.kaf.com.uti.AppInfoParser] (main) Kafka startTimeMs: 1754494519211
2025-08-06 15:35:19,212 INFO  [org.apa.kaf.cli.con.int.ClassicKafkaConsumer] (Thread-636) [Consumer clientId=consumer-Consumer-topic-8320070e_a9fd_4265_980e_d33adb49d88b-6, groupId=Consumer-topic-8320070e_a9fd_4265_980e_d33adb49d88b] Subscribed to topic(s): topic-8320070e_a9fd_4265_980e_d33adb49d88b
2025-08-06 15:35:19,218 INFO  [org.apa.kaf.cli.Metadata] (Thread-636) [Consumer clientId=consumer-Consumer-topic-8320070e_a9fd_4265_980e_d33adb49d88b-6, groupId=Consumer-topic-8320070e_a9fd_4265_980e_d33adb49d88b] Cluster ID: XZ--LfAaTaS_n5V5dfJ0ng
2025-08-06 15:35:19,224 INFO  [org.apa.kaf.cli.con.int.ConsumerCoordinator] (Thread-636) [Consumer clientId=consumer-Consumer-topic-8320070e_a9fd_4265_980e_d33adb49d88b-6, groupId=Consumer-topic-8320070e_a9fd_4265_980e_d33adb49d88b] Discovered group coordinator localhost:32769 (id: 2147483647 rack: null)
2025-08-06 15:35:19,227 INFO  [org.apa.kaf.cli.con.int.ConsumerCoordinator] (Thread-636) [Consumer clientId=consumer-Consumer-topic-8320070e_a9fd_4265_980e_d33adb49d88b-6, groupId=Consumer-topic-8320070e_a9fd_4265_980e_d33adb49d88b] (Re-)joining group
2025-08-06 15:35:19,229 INFO  [org.apa.kaf.cli.con.int.ConsumerCoordinator] (Thread-636) [Consumer clientId=consumer-Consumer-topic-8320070e_a9fd_4265_980e_d33adb49d88b-6, groupId=Consumer-topic-8320070e_a9fd_4265_980e_d33adb49d88b] Request joining group due to: need to re-join with the given member-id: consumer-Consumer-topic-8320070e_a9fd_4265_980e_d33adb49d88b-6-f9c8c9c2-d003-496a-b32f-4e32b1ad3a0e
2025-08-06 15:35:19,229 INFO  [org.apa.kaf.cli.con.int.ConsumerCoordinator] (Thread-636) [Consumer clientId=consumer-Consumer-topic-8320070e_a9fd_4265_980e_d33adb49d88b-6, groupId=Consumer-topic-8320070e_a9fd_4265_980e_d33adb49d88b] (Re-)joining group
2025-08-06 15:35:20,212 INFO  [io.api.tes.ser.api.KafkaSerdesTester] (Thread-636) None found
2025-08-06 15:35:21,212 INFO  [io.api.tes.ser.api.KafkaSerdesTester] (Thread-636) None found
2025-08-06 15:35:22,212 INFO  [io.api.tes.ser.api.KafkaSerdesTester] (Thread-636) None found
2025-08-06 15:35:22,236 INFO  [org.apa.kaf.cli.con.int.ConsumerCoordinator] (Thread-636) [Consumer clientId=consumer-Consumer-topic-8320070e_a9fd_4265_980e_d33adb49d88b-6, groupId=Consumer-topic-8320070e_a9fd_4265_980e_d33adb49d88b] Successfully joined group with generation Generation{generationId=1, memberId='consumer-Consumer-topic-8320070e_a9fd_4265_980e_d33adb49d88b-6-f9c8c9c2-d003-496a-b32f-4e32b1ad3a0e', protocol='range'}
2025-08-06 15:35:22,236 INFO  [org.apa.kaf.cli.con.int.ConsumerCoordinator] (Thread-636) [Consumer clientId=consumer-Consumer-topic-8320070e_a9fd_4265_980e_d33adb49d88b-6, groupId=Consumer-topic-8320070e_a9fd_4265_980e_d33adb49d88b] Finished assignment for group at generation 1: {consumer-Consumer-topic-8320070e_a9fd_4265_980e_d33adb49d88b-6-f9c8c9c2-d003-496a-b32f-4e32b1ad3a0e=Assignment(partitions=[topic-8320070e_a9fd_4265_980e_d33adb49d88b-0])}
2025-08-06 15:35:22,244 INFO  [org.apa.kaf.cli.con.int.ConsumerCoordinator] (Thread-636) [Consumer clientId=consumer-Consumer-topic-8320070e_a9fd_4265_980e_d33adb49d88b-6, groupId=Consumer-topic-8320070e_a9fd_4265_980e_d33adb49d88b] Successfully synced group in generation Generation{generationId=1, memberId='consumer-Consumer-topic-8320070e_a9fd_4265_980e_d33adb49d88b-6-f9c8c9c2-d003-496a-b32f-4e32b1ad3a0e', protocol='range'}
2025-08-06 15:35:22,244 INFO  [org.apa.kaf.cli.con.int.ConsumerCoordinator] (Thread-636) [Consumer clientId=consumer-Consumer-topic-8320070e_a9fd_4265_980e_d33adb49d88b-6, groupId=Consumer-topic-8320070e_a9fd_4265_980e_d33adb49d88b] Notifying assignor about the new Assignment(partitions=[topic-8320070e_a9fd_4265_980e_d33adb49d88b-0])
2025-08-06 15:35:22,244 INFO  [org.apa.kaf.cli.con.int.ConsumerRebalanceListenerInvoker] (Thread-636) [Consumer clientId=consumer-Consumer-topic-8320070e_a9fd_4265_980e_d33adb49d88b-6, groupId=Consumer-topic-8320070e_a9fd_4265_980e_d33adb49d88b] Adding newly assigned partitions: topic-8320070e_a9fd_4265_980e_d33adb49d88b-0
2025-08-06 15:35:22,245 INFO  [org.apa.kaf.cli.con.int.ConsumerCoordinator] (Thread-636) [Consumer clientId=consumer-Consumer-topic-8320070e_a9fd_4265_980e_d33adb49d88b-6, groupId=Consumer-topic-8320070e_a9fd_4265_980e_d33adb49d88b] Found no committed offset for partition topic-8320070e_a9fd_4265_980e_d33adb49d88b-0
2025-08-06 15:35:22,247 INFO  [org.apa.kaf.cli.con.int.SubscriptionState] (Thread-636) [Consumer clientId=consumer-Consumer-topic-8320070e_a9fd_4265_980e_d33adb49d88b-6, groupId=Consumer-topic-8320070e_a9fd_4265_980e_d33adb49d88b] Resetting offset for partition topic-8320070e_a9fd_4265_980e_d33adb49d88b-0 to position FetchPosition{offset=0, offsetEpoch=Optional.empty, currentLeader=LeaderAndEpoch{leader=Optional[localhost:32769 (id: 0 rack: null)], epoch=0}}.
2025-08-06 15:35:22,386 INFO  [io.api.tes.ser.api.KafkaSerdesTester] (Thread-636) topic-8320070e_a9fd_4265_980e_d33adb49d88b 0 0 io.apicurio.tests.common.serdes.TestObject@3dbd29cb
2025-08-06 15:35:22,386 INFO  [io.api.tes.ser.api.KafkaSerdesTester] (Thread-636) topic-8320070e_a9fd_4265_980e_d33adb49d88b 0 1 io.apicurio.tests.common.serdes.TestObject@3dbd29cb
2025-08-06 15:35:22,386 INFO  [io.api.tes.ser.api.KafkaSerdesTester] (Thread-636) topic-8320070e_a9fd_4265_980e_d33adb49d88b 0 2 io.apicurio.tests.common.serdes.TestObject@3dbd29cb
2025-08-06 15:35:22,386 INFO  [io.api.tes.ser.api.KafkaSerdesTester] (Thread-636) topic-8320070e_a9fd_4265_980e_d33adb49d88b 0 3 io.apicurio.tests.common.serdes.TestObject@3dbd29cb
2025-08-06 15:35:22,387 INFO  [io.api.tes.ser.api.KafkaSerdesTester] (Thread-636) topic-8320070e_a9fd_4265_980e_d33adb49d88b 0 4 io.apicurio.tests.common.serdes.TestObject@3dbd29cb
2025-08-06 15:35:22,387 INFO  [io.api.tes.ser.api.KafkaSerdesTester] (Thread-636) topic-8320070e_a9fd_4265_980e_d33adb49d88b 0 5 io.apicurio.tests.common.serdes.TestObject@3dbd29cb
2025-08-06 15:35:22,387 INFO  [io.api.tes.ser.api.KafkaSerdesTester] (Thread-636) topic-8320070e_a9fd_4265_980e_d33adb49d88b 0 6 io.apicurio.tests.common.serdes.TestObject@3dbd29cb
2025-08-06 15:35:22,387 INFO  [io.api.tes.ser.api.KafkaSerdesTester] (Thread-636) topic-8320070e_a9fd_4265_980e_d33adb49d88b 0 7 io.apicurio.tests.common.serdes.TestObject@3dbd29cb
2025-08-06 15:35:22,387 INFO  [io.api.tes.ser.api.KafkaSerdesTester] (Thread-636) topic-8320070e_a9fd_4265_980e_d33adb49d88b 0 8 io.apicurio.tests.common.serdes.TestObject@3dbd29cb
2025-08-06 15:35:22,387 INFO  [io.api.tes.ser.api.KafkaSerdesTester] (Thread-636) topic-8320070e_a9fd_4265_980e_d33adb49d88b 0 9 io.apicurio.tests.common.serdes.TestObject@3dbd29cb
2025-08-06 15:35:22,387 INFO  [io.api.tes.ser.api.KafkaSerdesTester] (Thread-636) Consumed 10 messages
2025-08-06 15:35:22,398 INFO  [org.apa.kaf.cli.con.int.ConsumerRebalanceListenerInvoker] (Thread-636) [Consumer clientId=consumer-Consumer-topic-8320070e_a9fd_4265_980e_d33adb49d88b-6, groupId=Consumer-topic-8320070e_a9fd_4265_980e_d33adb49d88b] Revoke previously assigned partitions topic-8320070e_a9fd_4265_980e_d33adb49d88b-0
2025-08-06 15:35:22,398 INFO  [org.apa.kaf.cli.con.int.ConsumerCoordinator] (Thread-636) [Consumer clientId=consumer-Consumer-topic-8320070e_a9fd_4265_980e_d33adb49d88b-6, groupId=Consumer-topic-8320070e_a9fd_4265_980e_d33adb49d88b] Member consumer-Consumer-topic-8320070e_a9fd_4265_980e_d33adb49d88b-6-f9c8c9c2-d003-496a-b32f-4e32b1ad3a0e sending LeaveGroup request to coordinator localhost:32769 (id: 2147483647 rack: null) due to the consumer is being closed
2025-08-06 15:35:22,399 INFO  [org.apa.kaf.cli.con.int.ConsumerCoordinator] (Thread-636) [Consumer clientId=consumer-Consumer-topic-8320070e_a9fd_4265_980e_d33adb49d88b-6, groupId=Consumer-topic-8320070e_a9fd_4265_980e_d33adb49d88b] Resetting generation and member id due to: consumer pro-actively leaving the group
2025-08-06 15:35:22,399 INFO  [org.apa.kaf.cli.con.int.ConsumerCoordinator] (Thread-636) [Consumer clientId=consumer-Consumer-topic-8320070e_a9fd_4265_980e_d33adb49d88b-6, groupId=Consumer-topic-8320070e_a9fd_4265_980e_d33adb49d88b] Request joining group due to: consumer pro-actively leaving the group
2025-08-06 15:35:22,891 INFO  [org.apa.kaf.com.met.Metrics] (Thread-636) Metrics scheduler closed
2025-08-06 15:35:22,891 INFO  [org.apa.kaf.com.met.Metrics] (Thread-636) Closing reporter org.apache.kafka.common.metrics.JmxReporter
2025-08-06 15:35:22,891 INFO  [org.apa.kaf.com.met.Metrics] (Thread-636) Closing reporter org.apache.kafka.common.telemetry.internals.ClientTelemetryReporter
2025-08-06 15:35:22,891 INFO  [org.apa.kaf.com.met.Metrics] (Thread-636) Metrics reporters closed
2025-08-06 15:35:22,895 INFO  [org.apa.kaf.com.uti.AppInfoParser] (Thread-636) App info kafka.consumer for consumer-Consumer-topic-8320070e_a9fd_4265_980e_d33adb49d88b-6 unregistered
2025-08-06 15:35:22,896 INFO  [io.api.tes.uti.TestSeparator] (main) io.apicurio.tests.serdes.apicurio.AvroSerdeIT.testReflectAutoRegister-FINISHED
2025-08-06 15:35:22,896 INFO  [io.api.tes.uti.TestSeparator] (main) ############################################################################
Test passed: testReflectAutoRegister
]]></system-out>
  </testcase>
  <testcase name="testArtifactNotFound" classname="io.apicurio.tests.serdes.apicurio.AvroSerdeIT" time="0.31">
    <system-out><![CDATA[2025-08-06 15:35:22,900 INFO  [io.api.tes.uti.TestSeparator] (main) ############################################################################
2025-08-06 15:35:22,900 INFO  [io.api.tes.uti.TestSeparator] (main) io.apicurio.tests.serdes.apicurio.AvroSerdeIT.testArtifactNotFound-STARTED
**** Registry Base URL: http://registry-app-inmemory.apps.ci419.apicurio-testing.org:80
2025-08-06 15:35:22,901 INFO  [org.apa.kaf.cli.pro.ProducerConfig] (main) ProducerConfig values: 
	acks = -1
	auto.include.jmx.reporter = true
	batch.size = 16384
	bootstrap.servers = [PLAINTEXT://localhost:32769]
	buffer.memory = 33554432
	client.dns.lookup = use_all_dns_ips
	client.id = Producer-s1f40e91dx556fx4338x8fdbx7b426cd1f992
	compression.gzip.level = -1
	compression.lz4.level = 9
	compression.type = none
	compression.zstd.level = 3
	connections.max.idle.ms = 10000
	delivery.timeout.ms = 120000
	enable.idempotence = true
	enable.metrics.push = true
	interceptor.classes = []
	key.serializer = class org.apache.kafka.common.serialization.StringSerializer
	linger.ms = 0
	max.block.ms = 60000
	max.in.flight.requests.per.connection = 5
	max.request.size = 1048576
	metadata.max.age.ms = 300000
	metadata.max.idle.ms = 300000
	metadata.recovery.strategy = none
	metric.reporters = []
	metrics.num.samples = 2
	metrics.recording.level = INFO
	metrics.sample.window.ms = 30000
	partitioner.adaptive.partitioning.enable = true
	partitioner.availability.timeout.ms = 0
	partitioner.class = null
	partitioner.ignore.keys = false
	receive.buffer.bytes = 32768
	reconnect.backoff.max.ms = 1000
	reconnect.backoff.ms = 50
	request.timeout.ms = 5000
	retries = 2147483647
	retry.backoff.max.ms = 1000
	retry.backoff.ms = 100
	sasl.client.callback.handler.class = null
	sasl.jaas.config = null
	sasl.kerberos.kinit.cmd = /usr/bin/kinit
	sasl.kerberos.min.time.before.relogin = 60000
	sasl.kerberos.service.name = null
	sasl.kerberos.ticket.renew.jitter = 0.05
	sasl.kerberos.ticket.renew.window.factor = 0.8
	sasl.login.callback.handler.class = null
	sasl.login.class = null
	sasl.login.connect.timeout.ms = null
	sasl.login.read.timeout.ms = null
	sasl.login.refresh.buffer.seconds = 300
	sasl.login.refresh.min.period.seconds = 60
	sasl.login.refresh.window.factor = 0.8
	sasl.login.refresh.window.jitter = 0.05
	sasl.login.retry.backoff.max.ms = 10000
	sasl.login.retry.backoff.ms = 100
	sasl.mechanism = GSSAPI
	sasl.oauthbearer.clock.skew.seconds = 30
	sasl.oauthbearer.expected.audience = null
	sasl.oauthbearer.expected.issuer = null
	sasl.oauthbearer.header.urlencode = false
	sasl.oauthbearer.jwks.endpoint.refresh.ms = 3600000
	sasl.oauthbearer.jwks.endpoint.retry.backoff.max.ms = 10000
	sasl.oauthbearer.jwks.endpoint.retry.backoff.ms = 100
	sasl.oauthbearer.jwks.endpoint.url = null
	sasl.oauthbearer.scope.claim.name = scope
	sasl.oauthbearer.sub.claim.name = sub
	sasl.oauthbearer.token.endpoint.url = null
	security.protocol = PLAINTEXT
	security.providers = null
	send.buffer.bytes = 131072
	socket.connection.setup.timeout.max.ms = 30000
	socket.connection.setup.timeout.ms = 10000
	ssl.cipher.suites = null
	ssl.enabled.protocols = [TLSv1.2, TLSv1.3]
	ssl.endpoint.identification.algorithm = https
	ssl.engine.factory.class = null
	ssl.key.password = null
	ssl.keymanager.algorithm = SunX509
	ssl.keystore.certificate.chain = null
	ssl.keystore.key = null
	ssl.keystore.location = null
	ssl.keystore.password = null
	ssl.keystore.type = JKS
	ssl.protocol = TLSv1.3
	ssl.provider = null
	ssl.secure.random.implementation = null
	ssl.trustmanager.algorithm = PKIX
	ssl.truststore.certificates = null
	ssl.truststore.location = null
	ssl.truststore.password = null
	ssl.truststore.type = JKS
	transaction.timeout.ms = 60000
	transactional.id = null
	value.serializer = class io.apicurio.registry.serde.avro.AvroKafkaSerializer

2025-08-06 15:35:22,903 INFO  [org.apa.kaf.com.tel.int.KafkaMetricsCollector] (main) initializing Kafka metrics collector
2025-08-06 15:35:22,910 INFO  [org.apa.kaf.cli.pro.KafkaProducer] (main) [Producer clientId=Producer-s1f40e91dx556fx4338x8fdbx7b426cd1f992] Instantiated an idempotent producer.
2025-08-06 15:35:22,914 INFO  [org.apa.kaf.cli.pro.ProducerConfig] (main) These configurations '[apicurio.registry.url, apicurio.registry.artifact-resolver-strategy]' were supplied but are not used yet.
2025-08-06 15:35:22,914 INFO  [org.apa.kaf.com.uti.AppInfoParser] (main) Kafka version: 3.9.1
2025-08-06 15:35:22,916 INFO  [org.apa.kaf.com.uti.AppInfoParser] (main) Kafka commitId: f745dfdcee2b9851
2025-08-06 15:35:22,916 INFO  [org.apa.kaf.com.uti.AppInfoParser] (main) Kafka startTimeMs: 1754494522914
2025-08-06 15:35:22,924 INFO  [io.api.tes.ser.api.KafkaSerdesTester] (Thread-639) Sending message {"keyB": "value-0"} to topic s1f40e91dx556fx4338x8fdbx7b426cd1f992
2025-08-06 15:35:22,926 INFO  [org.apa.kaf.cli.Metadata] (kafka-producer-network-thread | Producer-s1f40e91dx556fx4338x8fdbx7b426cd1f992) [Producer clientId=Producer-s1f40e91dx556fx4338x8fdbx7b426cd1f992] Cluster ID: XZ--LfAaTaS_n5V5dfJ0ng
2025-08-06 15:35:22,926 INFO  [org.apa.kaf.cli.pro.int.TransactionManager] (kafka-producer-network-thread | Producer-s1f40e91dx556fx4338x8fdbx7b426cd1f992) [Producer clientId=Producer-s1f40e91dx556fx4338x8fdbx7b426cd1f992] ProducerId set to 7 with epoch 0
2025-08-06 15:35:22,936 WARN  [org.apa.kaf.cli.NetworkClient] (kafka-producer-network-thread | Producer-s1f40e91dx556fx4338x8fdbx7b426cd1f992) [Producer clientId=Producer-s1f40e91dx556fx4338x8fdbx7b426cd1f992] The metadata response from the cluster reported a recoverable issue with correlation id 5 : {s1f40e91dx556fx4338x8fdbx7b426cd1f992=UNKNOWN_TOPIC_OR_PARTITION}
2025-08-06 15:35:23,052 INFO  [DefaultSchemaResolver] (Thread-639) Retrieving schema content using string: {"type":"record","name":"myrecord","namespace":"mygroup","fields":[{"name":"keyB","type":"string"}]}
2025-08-06 15:35:23,204 INFO  [org.apa.kaf.cli.pro.KafkaProducer] (Thread-639) [Producer clientId=Producer-s1f40e91dx556fx4338x8fdbx7b426cd1f992] Closing the Kafka producer with timeoutMillis = 9223372036854775807 ms.
2025-08-06 15:35:23,207 INFO  [org.apa.kaf.com.met.Metrics] (Thread-639) Metrics scheduler closed
2025-08-06 15:35:23,207 INFO  [org.apa.kaf.com.met.Metrics] (Thread-639) Closing reporter org.apache.kafka.common.metrics.JmxReporter
2025-08-06 15:35:23,207 INFO  [org.apa.kaf.com.met.Metrics] (Thread-639) Closing reporter org.apache.kafka.common.telemetry.internals.ClientTelemetryReporter
2025-08-06 15:35:23,207 INFO  [org.apa.kaf.com.met.Metrics] (Thread-639) Metrics reporters closed
2025-08-06 15:35:23,207 INFO  [org.apa.kaf.com.uti.AppInfoParser] (Thread-639) App info kafka.producer for Producer-s1f40e91dx556fx4338x8fdbx7b426cd1f992 unregistered
2025-08-06 15:35:23,208 INFO  [io.api.tes.uti.TestSeparator] (main) io.apicurio.tests.serdes.apicurio.AvroSerdeIT.testArtifactNotFound-FINISHED
2025-08-06 15:35:23,208 INFO  [io.api.tes.uti.TestSeparator] (main) ############################################################################
Test passed: testArtifactNotFound
]]></system-out>
    <system-err><![CDATA[java.lang.RuntimeException: Could not resolve artifact reference by content: {"type":"record","name":"myrecord","namespace":"mygroup","fields":[{"name":"keyB","type":"string"}]}&ArtifactReference [groupId=default, artifactId=s1f40e91dx556fx4338x8fdbx7b426cd1f992-value, version=null, globalId=null, contentId=null, contentHash=null]
	at io.apicurio.registry.resolver.DefaultSchemaResolver.lambda$handleResolveSchemaByContent$3(DefaultSchemaResolver.java:265)
	at io.apicurio.registry.resolver.cache.ERCache.lambda$getValue$0(ERCache.java:174)
	at io.apicurio.registry.resolver.cache.ERCache.retry(ERCache.java:227)
	at io.apicurio.registry.resolver.cache.ERCache.getValue(ERCache.java:173)
	at io.apicurio.registry.resolver.cache.ERCache.getByContent(ERCache.java:147)
	at io.apicurio.registry.resolver.DefaultSchemaResolver.handleResolveSchemaByContent(DefaultSchemaResolver.java:253)
	at io.apicurio.registry.resolver.DefaultSchemaResolver.getSchemaFromRegistry(DefaultSchemaResolver.java:138)
	at io.apicurio.registry.resolver.DefaultSchemaResolver.lambda$resolveSchema$0(DefaultSchemaResolver.java:84)
	at java.base/java.util.Optional.orElseGet(Optional.java:364)
	at io.apicurio.registry.resolver.DefaultSchemaResolver.resolveSchema(DefaultSchemaResolver.java:84)
	at io.apicurio.registry.serde.AbstractSerializer.serializeData(AbstractSerializer.java:62)
	at io.apicurio.registry.serde.KafkaSerializer.serialize(KafkaSerializer.java:77)
	at org.apache.kafka.clients.producer.KafkaProducer.doSend(KafkaProducer.java:1046)
	at org.apache.kafka.clients.producer.KafkaProducer.send(KafkaProducer.java:993)
	at org.apache.kafka.clients.producer.KafkaProducer.send(KafkaProducer.java:875)
	at io.apicurio.tests.serdes.apicurio.KafkaSerdesTester.lambda$produceMessages$3(KafkaSerdesTester.java:138)
	at java.base/java.util.concurrent.CompletableFuture$AsyncSupply.run(CompletableFuture.java:1768)
	at java.base/java.lang.Thread.run(Thread.java:840)
]]></system-err>
  </testcase>
  <testcase name="testAvroSerDesFailDifferentSchemaByRecordName" classname="io.apicurio.tests.serdes.apicurio.AvroSerdeIT" time="1.226">
    <system-out><![CDATA[2025-08-06 15:35:23,212 INFO  [io.api.tes.uti.TestSeparator] (main) ############################################################################
2025-08-06 15:35:23,212 INFO  [io.api.tes.uti.TestSeparator] (main) io.apicurio.tests.serdes.apicurio.AvroSerdeIT.testAvroSerDesFailDifferentSchemaByRecordName-STARTED
**** Registry Base URL: http://registry-app-inmemory.apps.ci419.apicurio-testing.org:80
2025-08-06 15:35:24,320 INFO  [org.apa.kaf.cli.pro.ProducerConfig] (main) ProducerConfig values: 
	acks = -1
	auto.include.jmx.reporter = true
	batch.size = 16384
	bootstrap.servers = [PLAINTEXT://localhost:32769]
	buffer.memory = 33554432
	client.dns.lookup = use_all_dns_ips
	client.id = Producer-topic-d41d0868_d1df_4f24_adca_80e725136714
	compression.gzip.level = -1
	compression.lz4.level = 9
	compression.type = none
	compression.zstd.level = 3
	connections.max.idle.ms = 10000
	delivery.timeout.ms = 120000
	enable.idempotence = true
	enable.metrics.push = true
	interceptor.classes = []
	key.serializer = class org.apache.kafka.common.serialization.StringSerializer
	linger.ms = 0
	max.block.ms = 60000
	max.in.flight.requests.per.connection = 5
	max.request.size = 1048576
	metadata.max.age.ms = 300000
	metadata.max.idle.ms = 300000
	metadata.recovery.strategy = none
	metric.reporters = []
	metrics.num.samples = 2
	metrics.recording.level = INFO
	metrics.sample.window.ms = 30000
	partitioner.adaptive.partitioning.enable = true
	partitioner.availability.timeout.ms = 0
	partitioner.class = null
	partitioner.ignore.keys = false
	receive.buffer.bytes = 32768
	reconnect.backoff.max.ms = 1000
	reconnect.backoff.ms = 50
	request.timeout.ms = 5000
	retries = 2147483647
	retry.backoff.max.ms = 1000
	retry.backoff.ms = 100
	sasl.client.callback.handler.class = null
	sasl.jaas.config = null
	sasl.kerberos.kinit.cmd = /usr/bin/kinit
	sasl.kerberos.min.time.before.relogin = 60000
	sasl.kerberos.service.name = null
	sasl.kerberos.ticket.renew.jitter = 0.05
	sasl.kerberos.ticket.renew.window.factor = 0.8
	sasl.login.callback.handler.class = null
	sasl.login.class = null
	sasl.login.connect.timeout.ms = null
	sasl.login.read.timeout.ms = null
	sasl.login.refresh.buffer.seconds = 300
	sasl.login.refresh.min.period.seconds = 60
	sasl.login.refresh.window.factor = 0.8
	sasl.login.refresh.window.jitter = 0.05
	sasl.login.retry.backoff.max.ms = 10000
	sasl.login.retry.backoff.ms = 100
	sasl.mechanism = GSSAPI
	sasl.oauthbearer.clock.skew.seconds = 30
	sasl.oauthbearer.expected.audience = null
	sasl.oauthbearer.expected.issuer = null
	sasl.oauthbearer.header.urlencode = false
	sasl.oauthbearer.jwks.endpoint.refresh.ms = 3600000
	sasl.oauthbearer.jwks.endpoint.retry.backoff.max.ms = 10000
	sasl.oauthbearer.jwks.endpoint.retry.backoff.ms = 100
	sasl.oauthbearer.jwks.endpoint.url = null
	sasl.oauthbearer.scope.claim.name = scope
	sasl.oauthbearer.sub.claim.name = sub
	sasl.oauthbearer.token.endpoint.url = null
	security.protocol = PLAINTEXT
	security.providers = null
	send.buffer.bytes = 131072
	socket.connection.setup.timeout.max.ms = 30000
	socket.connection.setup.timeout.ms = 10000
	ssl.cipher.suites = null
	ssl.enabled.protocols = [TLSv1.2, TLSv1.3]
	ssl.endpoint.identification.algorithm = https
	ssl.engine.factory.class = null
	ssl.key.password = null
	ssl.keymanager.algorithm = SunX509
	ssl.keystore.certificate.chain = null
	ssl.keystore.key = null
	ssl.keystore.location = null
	ssl.keystore.password = null
	ssl.keystore.type = JKS
	ssl.protocol = TLSv1.3
	ssl.provider = null
	ssl.secure.random.implementation = null
	ssl.trustmanager.algorithm = PKIX
	ssl.truststore.certificates = null
	ssl.truststore.location = null
	ssl.truststore.password = null
	ssl.truststore.type = JKS
	transaction.timeout.ms = 60000
	transactional.id = null
	value.serializer = class io.apicurio.registry.serde.avro.AvroKafkaSerializer

2025-08-06 15:35:24,320 INFO  [org.apa.kaf.com.tel.int.KafkaMetricsCollector] (main) initializing Kafka metrics collector
2025-08-06 15:35:24,326 INFO  [org.apa.kaf.cli.pro.KafkaProducer] (main) [Producer clientId=Producer-topic-d41d0868_d1df_4f24_adca_80e725136714] Instantiated an idempotent producer.
2025-08-06 15:35:24,330 INFO  [org.apa.kaf.cli.pro.ProducerConfig] (main) These configurations '[apicurio.registry.find-latest, apicurio.registry.url, apicurio.registry.artifact-resolver-strategy]' were supplied but are not used yet.
2025-08-06 15:35:24,330 INFO  [org.apa.kaf.com.uti.AppInfoParser] (main) Kafka version: 3.9.1
2025-08-06 15:35:24,330 INFO  [org.apa.kaf.com.uti.AppInfoParser] (main) Kafka commitId: f745dfdcee2b9851
2025-08-06 15:35:24,330 INFO  [org.apa.kaf.com.uti.AppInfoParser] (main) Kafka startTimeMs: 1754494524330
2025-08-06 15:35:24,332 INFO  [io.api.tes.ser.api.KafkaSerdesTester] (Thread-642) Sending message {"keyB": "value-0"} to topic topic-d41d0868_d1df_4f24_adca_80e725136714
2025-08-06 15:35:24,337 INFO  [org.apa.kaf.cli.Metadata] (kafka-producer-network-thread | Producer-topic-d41d0868_d1df_4f24_adca_80e725136714) [Producer clientId=Producer-topic-d41d0868_d1df_4f24_adca_80e725136714] Cluster ID: XZ--LfAaTaS_n5V5dfJ0ng
2025-08-06 15:35:24,337 INFO  [org.apa.kaf.cli.pro.int.TransactionManager] (kafka-producer-network-thread | Producer-topic-d41d0868_d1df_4f24_adca_80e725136714) [Producer clientId=Producer-topic-d41d0868_d1df_4f24_adca_80e725136714] ProducerId set to 8 with epoch 0
2025-08-06 15:35:24,431 INFO  [org.apa.kaf.cli.pro.KafkaProducer] (Thread-642) [Producer clientId=Producer-topic-d41d0868_d1df_4f24_adca_80e725136714] Closing the Kafka producer with timeoutMillis = 9223372036854775807 ms.
2025-08-06 15:35:24,433 INFO  [org.apa.kaf.com.met.Metrics] (Thread-642) Metrics scheduler closed
2025-08-06 15:35:24,433 INFO  [org.apa.kaf.com.met.Metrics] (Thread-642) Closing reporter org.apache.kafka.common.metrics.JmxReporter
2025-08-06 15:35:24,434 INFO  [org.apa.kaf.com.met.Metrics] (Thread-642) Closing reporter org.apache.kafka.common.telemetry.internals.ClientTelemetryReporter
2025-08-06 15:35:24,434 INFO  [org.apa.kaf.com.met.Metrics] (Thread-642) Metrics reporters closed
2025-08-06 15:35:24,434 INFO  [org.apa.kaf.com.uti.AppInfoParser] (Thread-642) App info kafka.producer for Producer-topic-d41d0868_d1df_4f24_adca_80e725136714 unregistered
2025-08-06 15:35:24,434 INFO  [io.api.tes.uti.TestSeparator] (main) io.apicurio.tests.serdes.apicurio.AvroSerdeIT.testAvroSerDesFailDifferentSchemaByRecordName-FINISHED
2025-08-06 15:35:24,434 INFO  [io.api.tes.uti.TestSeparator] (main) ############################################################################
Test passed: testAvroSerDesFailDifferentSchemaByRecordName
]]></system-out>
    <system-err><![CDATA[io.apicurio.registry.rest.client.models.ProblemDetails
	at io.apicurio.registry.rest.client.models.ProblemDetails.createFromDiscriminatorValue(ProblemDetails.java:58)
	at io.kiota.serialization.json.JsonParseNode.getObjectValue(JsonParseNode.java:247)
	at io.kiota.http.vertx.VertXRequestAdapter.lambda$throwIfFailedResponse$0(VertXRequestAdapter.java:400)
	at com.microsoft.kiota.ApiExceptionBuilder.<init>(ApiExceptionBuilder.java:26)
	at io.kiota.http.vertx.VertXRequestAdapter.throwIfFailedResponse(VertXRequestAdapter.java:399)
	at io.kiota.http.vertx.VertXRequestAdapter.send(VertXRequestAdapter.java:170)
	at io.apicurio.registry.rest.client.groups.item.artifacts.item.versions.item.WithVersionExpressionItemRequestBuilder.get(WithVersionExpressionItemRequestBuilder.java:128)
	at io.apicurio.registry.rest.client.groups.item.artifacts.item.versions.item.WithVersionExpressionItemRequestBuilder.get(WithVersionExpressionItemRequestBuilder.java:111)
	at io.apicurio.registry.resolver.client.RegistryClientFacadeImpl.getVersionCoordinatesByGAV(RegistryClientFacadeImpl.java:159)
	at io.apicurio.registry.resolver.DefaultSchemaResolver.resolveByCoordinates(DefaultSchemaResolver.java:352)
	at io.apicurio.registry.resolver.DefaultSchemaResolver.lambda$resolveSchemaByArtifactReferenceCached$6(DefaultSchemaResolver.java:340)
	at io.apicurio.registry.resolver.cache.ERCache.lambda$getValue$0(ERCache.java:174)
	at io.apicurio.registry.resolver.cache.ERCache.retry(ERCache.java:227)
	at io.apicurio.registry.resolver.cache.ERCache.getValue(ERCache.java:173)
	at io.apicurio.registry.resolver.cache.ERCache.getByArtifactCoordinates(ERCache.java:158)
	at io.apicurio.registry.resolver.DefaultSchemaResolver.resolveSchemaByArtifactReferenceCached(DefaultSchemaResolver.java:338)
	at io.apicurio.registry.resolver.DefaultSchemaResolver.resolveSchemaByCoordinates(DefaultSchemaResolver.java:193)
	at io.apicurio.registry.resolver.DefaultSchemaResolver.getSchemaFromRegistry(DefaultSchemaResolver.java:130)
	at io.apicurio.registry.resolver.DefaultSchemaResolver.lambda$resolveSchema$0(DefaultSchemaResolver.java:84)
	at java.base/java.util.Optional.orElseGet(Optional.java:364)
	at io.apicurio.registry.resolver.DefaultSchemaResolver.resolveSchema(DefaultSchemaResolver.java:84)
	at io.apicurio.registry.serde.AbstractSerializer.serializeData(AbstractSerializer.java:62)
	at io.apicurio.registry.serde.KafkaSerializer.serialize(KafkaSerializer.java:77)
	at org.apache.kafka.clients.producer.KafkaProducer.doSend(KafkaProducer.java:1046)
	at org.apache.kafka.clients.producer.KafkaProducer.send(KafkaProducer.java:993)
	at org.apache.kafka.clients.producer.KafkaProducer.send(KafkaProducer.java:875)
	at io.apicurio.tests.serdes.apicurio.KafkaSerdesTester.lambda$produceMessages$3(KafkaSerdesTester.java:138)
	at java.base/java.util.concurrent.CompletableFuture$AsyncSupply.run(CompletableFuture.java:1768)
	at java.base/java.lang.Thread.run(Thread.java:840)
]]></system-err>
  </testcase>
  <testcase name="testTopicIdStrategyFindLatest" classname="io.apicurio.tests.serdes.apicurio.AvroSerdeIT" time="5.088">
    <system-out><![CDATA[2025-08-06 15:35:24,436 INFO  [io.api.tes.uti.TestSeparator] (main) ############################################################################
2025-08-06 15:35:24,436 INFO  [io.api.tes.uti.TestSeparator] (main) io.apicurio.tests.serdes.apicurio.AvroSerdeIT.testTopicIdStrategyFindLatest-STARTED
2025-08-06 15:35:24,440 INFO  [io.api.tes.ser.api.AvroSerdeIT] (main) Registering Avro Schema: {"type":"record","name":"myrecordapicurio1","fields":[{"name":"key11754494524440","type":"string"}]}
**** Registry Base URL: http://registry-app-inmemory.apps.ci419.apicurio-testing.org:80
2025-08-06 15:35:25,541 INFO  [org.apa.kaf.cli.pro.ProducerConfig] (main) ProducerConfig values: 
	acks = -1
	auto.include.jmx.reporter = true
	batch.size = 16384
	bootstrap.servers = [PLAINTEXT://localhost:32769]
	buffer.memory = 33554432
	client.dns.lookup = use_all_dns_ips
	client.id = Producer-topic-89be44e3_47ad_4e02_8e2e_f6605282771e
	compression.gzip.level = -1
	compression.lz4.level = 9
	compression.type = none
	compression.zstd.level = 3
	connections.max.idle.ms = 10000
	delivery.timeout.ms = 120000
	enable.idempotence = true
	enable.metrics.push = true
	interceptor.classes = []
	key.serializer = class org.apache.kafka.common.serialization.StringSerializer
	linger.ms = 0
	max.block.ms = 60000
	max.in.flight.requests.per.connection = 5
	max.request.size = 1048576
	metadata.max.age.ms = 300000
	metadata.max.idle.ms = 300000
	metadata.recovery.strategy = none
	metric.reporters = []
	metrics.num.samples = 2
	metrics.recording.level = INFO
	metrics.sample.window.ms = 30000
	partitioner.adaptive.partitioning.enable = true
	partitioner.availability.timeout.ms = 0
	partitioner.class = null
	partitioner.ignore.keys = false
	receive.buffer.bytes = 32768
	reconnect.backoff.max.ms = 1000
	reconnect.backoff.ms = 50
	request.timeout.ms = 5000
	retries = 2147483647
	retry.backoff.max.ms = 1000
	retry.backoff.ms = 100
	sasl.client.callback.handler.class = null
	sasl.jaas.config = null
	sasl.kerberos.kinit.cmd = /usr/bin/kinit
	sasl.kerberos.min.time.before.relogin = 60000
	sasl.kerberos.service.name = null
	sasl.kerberos.ticket.renew.jitter = 0.05
	sasl.kerberos.ticket.renew.window.factor = 0.8
	sasl.login.callback.handler.class = null
	sasl.login.class = null
	sasl.login.connect.timeout.ms = null
	sasl.login.read.timeout.ms = null
	sasl.login.refresh.buffer.seconds = 300
	sasl.login.refresh.min.period.seconds = 60
	sasl.login.refresh.window.factor = 0.8
	sasl.login.refresh.window.jitter = 0.05
	sasl.login.retry.backoff.max.ms = 10000
	sasl.login.retry.backoff.ms = 100
	sasl.mechanism = GSSAPI
	sasl.oauthbearer.clock.skew.seconds = 30
	sasl.oauthbearer.expected.audience = null
	sasl.oauthbearer.expected.issuer = null
	sasl.oauthbearer.header.urlencode = false
	sasl.oauthbearer.jwks.endpoint.refresh.ms = 3600000
	sasl.oauthbearer.jwks.endpoint.retry.backoff.max.ms = 10000
	sasl.oauthbearer.jwks.endpoint.retry.backoff.ms = 100
	sasl.oauthbearer.jwks.endpoint.url = null
	sasl.oauthbearer.scope.claim.name = scope
	sasl.oauthbearer.sub.claim.name = sub
	sasl.oauthbearer.token.endpoint.url = null
	security.protocol = PLAINTEXT
	security.providers = null
	send.buffer.bytes = 131072
	socket.connection.setup.timeout.max.ms = 30000
	socket.connection.setup.timeout.ms = 10000
	ssl.cipher.suites = null
	ssl.enabled.protocols = [TLSv1.2, TLSv1.3]
	ssl.endpoint.identification.algorithm = https
	ssl.engine.factory.class = null
	ssl.key.password = null
	ssl.keymanager.algorithm = SunX509
	ssl.keystore.certificate.chain = null
	ssl.keystore.key = null
	ssl.keystore.location = null
	ssl.keystore.password = null
	ssl.keystore.type = JKS
	ssl.protocol = TLSv1.3
	ssl.provider = null
	ssl.secure.random.implementation = null
	ssl.trustmanager.algorithm = PKIX
	ssl.truststore.certificates = null
	ssl.truststore.location = null
	ssl.truststore.password = null
	ssl.truststore.type = JKS
	transaction.timeout.ms = 60000
	transactional.id = null
	value.serializer = class io.apicurio.registry.serde.avro.AvroKafkaSerializer

2025-08-06 15:35:25,541 INFO  [org.apa.kaf.com.tel.int.KafkaMetricsCollector] (main) initializing Kafka metrics collector
2025-08-06 15:35:25,544 INFO  [org.apa.kaf.cli.pro.KafkaProducer] (main) [Producer clientId=Producer-topic-89be44e3_47ad_4e02_8e2e_f6605282771e] Instantiated an idempotent producer.
2025-08-06 15:35:25,547 INFO  [org.apa.kaf.cli.pro.ProducerConfig] (main) These configurations '[apicurio.registry.find-latest, apicurio.registry.url, apicurio.registry.artifact-resolver-strategy]' were supplied but are not used yet.
2025-08-06 15:35:25,547 INFO  [org.apa.kaf.com.uti.AppInfoParser] (main) Kafka version: 3.9.1
2025-08-06 15:35:25,547 INFO  [org.apa.kaf.com.uti.AppInfoParser] (main) Kafka commitId: f745dfdcee2b9851
2025-08-06 15:35:25,547 INFO  [org.apa.kaf.com.uti.AppInfoParser] (main) Kafka startTimeMs: 1754494525547
2025-08-06 15:35:25,547 INFO  [io.api.tes.ser.api.SimpleSerdesTesterBuilder$SimpleSerdesTester] (main) Using producer configuration: {apicurio.registry.find-latest=true, apicurio.registry.url=http://registry-app-inmemory.apps.ci419.apicurio-testing.org:80/apis/registry/v3, apicurio.registry.artifact-resolver-strategy=io.apicurio.registry.serde.strategy.TopicIdStrategy, value.serializer=io.apicurio.registry.serde.avro.AvroKafkaSerializer, request.timeout.ms=5000, acks=all, bootstrap.servers=PLAINTEXT://localhost:32769, connections.max.idle.ms=10000, key.serializer=org.apache.kafka.common.serialization.StringSerializer, client.id=Producer-topic-89be44e3_47ad_4e02_8e2e_f6605282771e}
2025-08-06 15:35:25,547 INFO  [io.api.tes.ser.api.SimpleSerdesTesterBuilder$SimpleSerdesTester] (main) Using consumer configuration: {}
2025-08-06 15:35:25,550 INFO  [io.api.tes.ser.api.KafkaSerdesTester] (Thread-645) Sending message {"key11754494524440": "value-0"} to topic topic-89be44e3_47ad_4e02_8e2e_f6605282771e
2025-08-06 15:35:25,554 INFO  [org.apa.kaf.cli.Metadata] (kafka-producer-network-thread | Producer-topic-89be44e3_47ad_4e02_8e2e_f6605282771e) [Producer clientId=Producer-topic-89be44e3_47ad_4e02_8e2e_f6605282771e] Cluster ID: XZ--LfAaTaS_n5V5dfJ0ng
2025-08-06 15:35:25,557 INFO  [org.apa.kaf.cli.pro.int.TransactionManager] (kafka-producer-network-thread | Producer-topic-89be44e3_47ad_4e02_8e2e_f6605282771e) [Producer clientId=Producer-topic-89be44e3_47ad_4e02_8e2e_f6605282771e] ProducerId set to 9 with epoch 0
2025-08-06 15:35:25,752 INFO  [io.api.tes.ser.api.KafkaSerdesTester] (Thread-645) Sending message {"key11754494524440": "value-1"} to topic topic-89be44e3_47ad_4e02_8e2e_f6605282771e
2025-08-06 15:35:25,757 INFO  [io.api.tes.ser.api.KafkaSerdesTester] (Thread-645) Sending message {"key11754494524440": "value-2"} to topic topic-89be44e3_47ad_4e02_8e2e_f6605282771e
2025-08-06 15:35:25,760 INFO  [io.api.tes.ser.api.KafkaSerdesTester] (Thread-645) Sending message {"key11754494524440": "value-3"} to topic topic-89be44e3_47ad_4e02_8e2e_f6605282771e
2025-08-06 15:35:25,764 INFO  [io.api.tes.ser.api.KafkaSerdesTester] (Thread-645) Sending message {"key11754494524440": "value-4"} to topic topic-89be44e3_47ad_4e02_8e2e_f6605282771e
2025-08-06 15:35:25,768 INFO  [io.api.tes.ser.api.KafkaSerdesTester] (Thread-645) Sending message {"key11754494524440": "value-5"} to topic topic-89be44e3_47ad_4e02_8e2e_f6605282771e
2025-08-06 15:35:25,772 INFO  [io.api.tes.ser.api.KafkaSerdesTester] (Thread-645) Sending message {"key11754494524440": "value-6"} to topic topic-89be44e3_47ad_4e02_8e2e_f6605282771e
2025-08-06 15:35:25,774 INFO  [io.api.tes.ser.api.KafkaSerdesTester] (Thread-645) Sending message {"key11754494524440": "value-7"} to topic topic-89be44e3_47ad_4e02_8e2e_f6605282771e
2025-08-06 15:35:25,779 INFO  [io.api.tes.ser.api.KafkaSerdesTester] (Thread-645) Sending message {"key11754494524440": "value-8"} to topic topic-89be44e3_47ad_4e02_8e2e_f6605282771e
2025-08-06 15:35:25,787 INFO  [io.api.tes.ser.api.KafkaSerdesTester] (Thread-645) Sending message {"key11754494524440": "value-9"} to topic topic-89be44e3_47ad_4e02_8e2e_f6605282771e
2025-08-06 15:35:25,790 INFO  [io.api.tes.ser.api.KafkaSerdesTester] (Thread-645) Produced 10 messages
2025-08-06 15:35:25,790 INFO  [org.apa.kaf.cli.pro.KafkaProducer] (Thread-645) [Producer clientId=Producer-topic-89be44e3_47ad_4e02_8e2e_f6605282771e] Closing the Kafka producer with timeoutMillis = 9223372036854775807 ms.
2025-08-06 15:35:25,796 INFO  [org.apa.kaf.com.met.Metrics] (Thread-645) Metrics scheduler closed
2025-08-06 15:35:25,797 INFO  [org.apa.kaf.com.met.Metrics] (Thread-645) Closing reporter org.apache.kafka.common.metrics.JmxReporter
2025-08-06 15:35:25,797 INFO  [org.apa.kaf.com.met.Metrics] (Thread-645) Closing reporter org.apache.kafka.common.telemetry.internals.ClientTelemetryReporter
2025-08-06 15:35:25,797 INFO  [org.apa.kaf.com.met.Metrics] (Thread-645) Metrics reporters closed
2025-08-06 15:35:25,797 INFO  [org.apa.kaf.com.uti.AppInfoParser] (Thread-645) App info kafka.producer for Producer-topic-89be44e3_47ad_4e02_8e2e_f6605282771e unregistered
**** Registry Base URL: http://registry-app-inmemory.apps.ci419.apicurio-testing.org:80
2025-08-06 15:35:25,798 INFO  [org.apa.kaf.cli.con.ConsumerConfig] (main) ConsumerConfig values: 
	allow.auto.create.topics = true
	auto.commit.interval.ms = 500
	auto.include.jmx.reporter = true
	auto.offset.reset = earliest
	bootstrap.servers = [PLAINTEXT://localhost:32769]
	check.crcs = true
	client.dns.lookup = use_all_dns_ips
	client.id = consumer-Consumer-topic-89be44e3_47ad_4e02_8e2e_f6605282771e-7
	client.rack = 
	connections.max.idle.ms = 10000
	default.api.timeout.ms = 60000
	enable.auto.commit = true
	enable.metrics.push = true
	exclude.internal.topics = true
	fetch.max.bytes = 52428800
	fetch.max.wait.ms = 500
	fetch.min.bytes = 1
	group.id = Consumer-topic-89be44e3_47ad_4e02_8e2e_f6605282771e
	group.instance.id = null
	group.protocol = classic
	group.remote.assignor = null
	heartbeat.interval.ms = 3000
	interceptor.classes = []
	internal.leave.group.on.close = true
	internal.throw.on.fetch.stable.offset.unsupported = false
	isolation.level = read_uncommitted
	key.deserializer = class org.apache.kafka.common.serialization.StringDeserializer
	max.partition.fetch.bytes = 1048576
	max.poll.interval.ms = 300000
	max.poll.records = 500
	metadata.max.age.ms = 300000
	metadata.recovery.strategy = none
	metric.reporters = []
	metrics.num.samples = 2
	metrics.recording.level = INFO
	metrics.sample.window.ms = 30000
	partition.assignment.strategy = [class org.apache.kafka.clients.consumer.RangeAssignor, class org.apache.kafka.clients.consumer.CooperativeStickyAssignor]
	receive.buffer.bytes = 65536
	reconnect.backoff.max.ms = 1000
	reconnect.backoff.ms = 50
	request.timeout.ms = 5000
	retry.backoff.max.ms = 1000
	retry.backoff.ms = 100
	sasl.client.callback.handler.class = null
	sasl.jaas.config = null
	sasl.kerberos.kinit.cmd = /usr/bin/kinit
	sasl.kerberos.min.time.before.relogin = 60000
	sasl.kerberos.service.name = null
	sasl.kerberos.ticket.renew.jitter = 0.05
	sasl.kerberos.ticket.renew.window.factor = 0.8
	sasl.login.callback.handler.class = null
	sasl.login.class = null
	sasl.login.connect.timeout.ms = null
	sasl.login.read.timeout.ms = null
	sasl.login.refresh.buffer.seconds = 300
	sasl.login.refresh.min.period.seconds = 60
	sasl.login.refresh.window.factor = 0.8
	sasl.login.refresh.window.jitter = 0.05
	sasl.login.retry.backoff.max.ms = 10000
	sasl.login.retry.backoff.ms = 100
	sasl.mechanism = GSSAPI
	sasl.oauthbearer.clock.skew.seconds = 30
	sasl.oauthbearer.expected.audience = null
	sasl.oauthbearer.expected.issuer = null
	sasl.oauthbearer.header.urlencode = false
	sasl.oauthbearer.jwks.endpoint.refresh.ms = 3600000
	sasl.oauthbearer.jwks.endpoint.retry.backoff.max.ms = 10000
	sasl.oauthbearer.jwks.endpoint.retry.backoff.ms = 100
	sasl.oauthbearer.jwks.endpoint.url = null
	sasl.oauthbearer.scope.claim.name = scope
	sasl.oauthbearer.sub.claim.name = sub
	sasl.oauthbearer.token.endpoint.url = null
	security.protocol = PLAINTEXT
	security.providers = null
	send.buffer.bytes = 131072
	session.timeout.ms = 45000
	socket.connection.setup.timeout.max.ms = 30000
	socket.connection.setup.timeout.ms = 10000
	ssl.cipher.suites = null
	ssl.enabled.protocols = [TLSv1.2, TLSv1.3]
	ssl.endpoint.identification.algorithm = https
	ssl.engine.factory.class = null
	ssl.key.password = null
	ssl.keymanager.algorithm = SunX509
	ssl.keystore.certificate.chain = null
	ssl.keystore.key = null
	ssl.keystore.location = null
	ssl.keystore.password = null
	ssl.keystore.type = JKS
	ssl.protocol = TLSv1.3
	ssl.provider = null
	ssl.secure.random.implementation = null
	ssl.trustmanager.algorithm = PKIX
	ssl.truststore.certificates = null
	ssl.truststore.location = null
	ssl.truststore.password = null
	ssl.truststore.type = JKS
	value.deserializer = class io.apicurio.registry.serde.avro.AvroKafkaDeserializer

2025-08-06 15:35:25,798 INFO  [org.apa.kaf.com.tel.int.KafkaMetricsCollector] (main) initializing Kafka metrics collector
2025-08-06 15:35:25,818 INFO  [org.apa.kaf.cli.con.ConsumerConfig] (main) These configurations '[apicurio.registry.url]' were supplied but are not used yet.
2025-08-06 15:35:25,818 INFO  [org.apa.kaf.com.uti.AppInfoParser] (main) Kafka version: 3.9.1
2025-08-06 15:35:25,819 INFO  [org.apa.kaf.com.uti.AppInfoParser] (main) Kafka commitId: f745dfdcee2b9851
2025-08-06 15:35:25,819 INFO  [org.apa.kaf.com.uti.AppInfoParser] (main) Kafka startTimeMs: 1754494525818
2025-08-06 15:35:25,824 INFO  [org.apa.kaf.cli.con.int.ClassicKafkaConsumer] (Thread-648) [Consumer clientId=consumer-Consumer-topic-89be44e3_47ad_4e02_8e2e_f6605282771e-7, groupId=Consumer-topic-89be44e3_47ad_4e02_8e2e_f6605282771e] Subscribed to topic(s): topic-89be44e3_47ad_4e02_8e2e_f6605282771e
2025-08-06 15:35:25,833 INFO  [org.apa.kaf.cli.Metadata] (Thread-648) [Consumer clientId=consumer-Consumer-topic-89be44e3_47ad_4e02_8e2e_f6605282771e-7, groupId=Consumer-topic-89be44e3_47ad_4e02_8e2e_f6605282771e] Cluster ID: XZ--LfAaTaS_n5V5dfJ0ng
2025-08-06 15:35:25,835 INFO  [org.apa.kaf.cli.con.int.ConsumerCoordinator] (Thread-648) [Consumer clientId=consumer-Consumer-topic-89be44e3_47ad_4e02_8e2e_f6605282771e-7, groupId=Consumer-topic-89be44e3_47ad_4e02_8e2e_f6605282771e] Discovered group coordinator localhost:32769 (id: 2147483647 rack: null)
2025-08-06 15:35:25,842 INFO  [org.apa.kaf.cli.con.int.ConsumerCoordinator] (Thread-648) [Consumer clientId=consumer-Consumer-topic-89be44e3_47ad_4e02_8e2e_f6605282771e-7, groupId=Consumer-topic-89be44e3_47ad_4e02_8e2e_f6605282771e] (Re-)joining group
2025-08-06 15:35:25,848 INFO  [org.apa.kaf.cli.con.int.ConsumerCoordinator] (Thread-648) [Consumer clientId=consumer-Consumer-topic-89be44e3_47ad_4e02_8e2e_f6605282771e-7, groupId=Consumer-topic-89be44e3_47ad_4e02_8e2e_f6605282771e] Request joining group due to: need to re-join with the given member-id: consumer-Consumer-topic-89be44e3_47ad_4e02_8e2e_f6605282771e-7-43e64027-0639-467f-8646-27407656380f
2025-08-06 15:35:25,848 INFO  [org.apa.kaf.cli.con.int.ConsumerCoordinator] (Thread-648) [Consumer clientId=consumer-Consumer-topic-89be44e3_47ad_4e02_8e2e_f6605282771e-7, groupId=Consumer-topic-89be44e3_47ad_4e02_8e2e_f6605282771e] (Re-)joining group
2025-08-06 15:35:26,824 INFO  [io.api.tes.ser.api.KafkaSerdesTester] (Thread-648) None found
2025-08-06 15:35:27,824 INFO  [io.api.tes.ser.api.KafkaSerdesTester] (Thread-648) None found
2025-08-06 15:35:28,824 INFO  [io.api.tes.ser.api.KafkaSerdesTester] (Thread-648) None found
2025-08-06 15:35:28,851 INFO  [org.apa.kaf.cli.con.int.ConsumerCoordinator] (Thread-648) [Consumer clientId=consumer-Consumer-topic-89be44e3_47ad_4e02_8e2e_f6605282771e-7, groupId=Consumer-topic-89be44e3_47ad_4e02_8e2e_f6605282771e] Successfully joined group with generation Generation{generationId=1, memberId='consumer-Consumer-topic-89be44e3_47ad_4e02_8e2e_f6605282771e-7-43e64027-0639-467f-8646-27407656380f', protocol='range'}
2025-08-06 15:35:28,852 INFO  [org.apa.kaf.cli.con.int.ConsumerCoordinator] (Thread-648) [Consumer clientId=consumer-Consumer-topic-89be44e3_47ad_4e02_8e2e_f6605282771e-7, groupId=Consumer-topic-89be44e3_47ad_4e02_8e2e_f6605282771e] Finished assignment for group at generation 1: {consumer-Consumer-topic-89be44e3_47ad_4e02_8e2e_f6605282771e-7-43e64027-0639-467f-8646-27407656380f=Assignment(partitions=[topic-89be44e3_47ad_4e02_8e2e_f6605282771e-0])}
2025-08-06 15:35:28,860 INFO  [org.apa.kaf.cli.con.int.ConsumerCoordinator] (Thread-648) [Consumer clientId=consumer-Consumer-topic-89be44e3_47ad_4e02_8e2e_f6605282771e-7, groupId=Consumer-topic-89be44e3_47ad_4e02_8e2e_f6605282771e] Successfully synced group in generation Generation{generationId=1, memberId='consumer-Consumer-topic-89be44e3_47ad_4e02_8e2e_f6605282771e-7-43e64027-0639-467f-8646-27407656380f', protocol='range'}
2025-08-06 15:35:28,860 INFO  [org.apa.kaf.cli.con.int.ConsumerCoordinator] (Thread-648) [Consumer clientId=consumer-Consumer-topic-89be44e3_47ad_4e02_8e2e_f6605282771e-7, groupId=Consumer-topic-89be44e3_47ad_4e02_8e2e_f6605282771e] Notifying assignor about the new Assignment(partitions=[topic-89be44e3_47ad_4e02_8e2e_f6605282771e-0])
2025-08-06 15:35:28,860 INFO  [org.apa.kaf.cli.con.int.ConsumerRebalanceListenerInvoker] (Thread-648) [Consumer clientId=consumer-Consumer-topic-89be44e3_47ad_4e02_8e2e_f6605282771e-7, groupId=Consumer-topic-89be44e3_47ad_4e02_8e2e_f6605282771e] Adding newly assigned partitions: topic-89be44e3_47ad_4e02_8e2e_f6605282771e-0
2025-08-06 15:35:28,861 INFO  [org.apa.kaf.cli.con.int.ConsumerCoordinator] (Thread-648) [Consumer clientId=consumer-Consumer-topic-89be44e3_47ad_4e02_8e2e_f6605282771e-7, groupId=Consumer-topic-89be44e3_47ad_4e02_8e2e_f6605282771e] Found no committed offset for partition topic-89be44e3_47ad_4e02_8e2e_f6605282771e-0
2025-08-06 15:35:28,865 INFO  [org.apa.kaf.cli.con.int.SubscriptionState] (Thread-648) [Consumer clientId=consumer-Consumer-topic-89be44e3_47ad_4e02_8e2e_f6605282771e-7, groupId=Consumer-topic-89be44e3_47ad_4e02_8e2e_f6605282771e] Resetting offset for partition topic-89be44e3_47ad_4e02_8e2e_f6605282771e-0 to position FetchPosition{offset=0, offsetEpoch=Optional.empty, currentLeader=LeaderAndEpoch{leader=Optional[localhost:32769 (id: 0 rack: null)], epoch=0}}.
2025-08-06 15:35:29,017 INFO  [io.api.tes.ser.api.KafkaSerdesTester] (Thread-648) topic-89be44e3_47ad_4e02_8e2e_f6605282771e 0 0 {"key11754494524440": "value-0"}
2025-08-06 15:35:29,017 INFO  [io.api.tes.ser.api.KafkaSerdesTester] (Thread-648) topic-89be44e3_47ad_4e02_8e2e_f6605282771e 0 1 {"key11754494524440": "value-1"}
2025-08-06 15:35:29,017 INFO  [io.api.tes.ser.api.KafkaSerdesTester] (Thread-648) topic-89be44e3_47ad_4e02_8e2e_f6605282771e 0 2 {"key11754494524440": "value-2"}
2025-08-06 15:35:29,017 INFO  [io.api.tes.ser.api.KafkaSerdesTester] (Thread-648) topic-89be44e3_47ad_4e02_8e2e_f6605282771e 0 3 {"key11754494524440": "value-3"}
2025-08-06 15:35:29,017 INFO  [io.api.tes.ser.api.KafkaSerdesTester] (Thread-648) topic-89be44e3_47ad_4e02_8e2e_f6605282771e 0 4 {"key11754494524440": "value-4"}
2025-08-06 15:35:29,017 INFO  [io.api.tes.ser.api.KafkaSerdesTester] (Thread-648) topic-89be44e3_47ad_4e02_8e2e_f6605282771e 0 5 {"key11754494524440": "value-5"}
2025-08-06 15:35:29,017 INFO  [io.api.tes.ser.api.KafkaSerdesTester] (Thread-648) topic-89be44e3_47ad_4e02_8e2e_f6605282771e 0 6 {"key11754494524440": "value-6"}
2025-08-06 15:35:29,017 INFO  [io.api.tes.ser.api.KafkaSerdesTester] (Thread-648) topic-89be44e3_47ad_4e02_8e2e_f6605282771e 0 7 {"key11754494524440": "value-7"}
2025-08-06 15:35:29,017 INFO  [io.api.tes.ser.api.KafkaSerdesTester] (Thread-648) topic-89be44e3_47ad_4e02_8e2e_f6605282771e 0 8 {"key11754494524440": "value-8"}
2025-08-06 15:35:29,017 INFO  [io.api.tes.ser.api.KafkaSerdesTester] (Thread-648) topic-89be44e3_47ad_4e02_8e2e_f6605282771e 0 9 {"key11754494524440": "value-9"}
2025-08-06 15:35:29,017 INFO  [io.api.tes.ser.api.KafkaSerdesTester] (Thread-648) Consumed 10 messages
2025-08-06 15:35:29,025 INFO  [org.apa.kaf.cli.con.int.ConsumerRebalanceListenerInvoker] (Thread-648) [Consumer clientId=consumer-Consumer-topic-89be44e3_47ad_4e02_8e2e_f6605282771e-7, groupId=Consumer-topic-89be44e3_47ad_4e02_8e2e_f6605282771e] Revoke previously assigned partitions topic-89be44e3_47ad_4e02_8e2e_f6605282771e-0
2025-08-06 15:35:29,025 INFO  [org.apa.kaf.cli.con.int.ConsumerCoordinator] (Thread-648) [Consumer clientId=consumer-Consumer-topic-89be44e3_47ad_4e02_8e2e_f6605282771e-7, groupId=Consumer-topic-89be44e3_47ad_4e02_8e2e_f6605282771e] Member consumer-Consumer-topic-89be44e3_47ad_4e02_8e2e_f6605282771e-7-43e64027-0639-467f-8646-27407656380f sending LeaveGroup request to coordinator localhost:32769 (id: 2147483647 rack: null) due to the consumer is being closed
2025-08-06 15:35:29,026 INFO  [org.apa.kaf.cli.con.int.ConsumerCoordinator] (Thread-648) [Consumer clientId=consumer-Consumer-topic-89be44e3_47ad_4e02_8e2e_f6605282771e-7, groupId=Consumer-topic-89be44e3_47ad_4e02_8e2e_f6605282771e] Resetting generation and member id due to: consumer pro-actively leaving the group
2025-08-06 15:35:29,026 INFO  [org.apa.kaf.cli.con.int.ConsumerCoordinator] (Thread-648) [Consumer clientId=consumer-Consumer-topic-89be44e3_47ad_4e02_8e2e_f6605282771e-7, groupId=Consumer-topic-89be44e3_47ad_4e02_8e2e_f6605282771e] Request joining group due to: consumer pro-actively leaving the group
2025-08-06 15:35:29,519 INFO  [org.apa.kaf.com.met.Metrics] (Thread-648) Metrics scheduler closed
2025-08-06 15:35:29,520 INFO  [org.apa.kaf.com.met.Metrics] (Thread-648) Closing reporter org.apache.kafka.common.metrics.JmxReporter
2025-08-06 15:35:29,520 INFO  [org.apa.kaf.com.met.Metrics] (Thread-648) Closing reporter org.apache.kafka.common.telemetry.internals.ClientTelemetryReporter
2025-08-06 15:35:29,520 INFO  [org.apa.kaf.com.met.Metrics] (Thread-648) Metrics reporters closed
2025-08-06 15:35:29,522 INFO  [org.apa.kaf.com.uti.AppInfoParser] (Thread-648) App info kafka.consumer for consumer-Consumer-topic-89be44e3_47ad_4e02_8e2e_f6605282771e-7 unregistered
2025-08-06 15:35:29,523 INFO  [io.api.tes.uti.TestSeparator] (main) io.apicurio.tests.serdes.apicurio.AvroSerdeIT.testTopicIdStrategyFindLatest-FINISHED
2025-08-06 15:35:29,523 INFO  [io.api.tes.uti.TestSeparator] (main) ############################################################################
Test passed: testTopicIdStrategyFindLatest
]]></system-out>
  </testcase>
  <testcase name="testAvroUnionWithSpecificReader" classname="io.apicurio.tests.serdes.apicurio.AvroSerdeIT" time="4.568">
    <system-out><![CDATA[2025-08-06 15:35:29,526 INFO  [io.api.tes.uti.TestSeparator] (main) ############################################################################
2025-08-06 15:35:29,526 INFO  [io.api.tes.uti.TestSeparator] (main) io.apicurio.tests.serdes.apicurio.AvroSerdeIT.testAvroUnionWithSpecificReader-STARTED
**** Registry Base URL: http://registry-app-inmemory.apps.ci419.apicurio-testing.org:80
2025-08-06 15:35:29,534 INFO  [org.apa.kaf.cli.pro.ProducerConfig] (main) ProducerConfig values: 
	acks = -1
	auto.include.jmx.reporter = true
	batch.size = 16384
	bootstrap.servers = [PLAINTEXT://localhost:32769]
	buffer.memory = 33554432
	client.dns.lookup = use_all_dns_ips
	client.id = Producer-topic-349c408c_f00b_4574_a9c9_34e1addde90e
	compression.gzip.level = -1
	compression.lz4.level = 9
	compression.type = none
	compression.zstd.level = 3
	connections.max.idle.ms = 10000
	delivery.timeout.ms = 120000
	enable.idempotence = true
	enable.metrics.push = true
	interceptor.classes = []
	key.serializer = class org.apache.kafka.common.serialization.StringSerializer
	linger.ms = 0
	max.block.ms = 60000
	max.in.flight.requests.per.connection = 5
	max.request.size = 1048576
	metadata.max.age.ms = 300000
	metadata.max.idle.ms = 300000
	metadata.recovery.strategy = none
	metric.reporters = []
	metrics.num.samples = 2
	metrics.recording.level = INFO
	metrics.sample.window.ms = 30000
	partitioner.adaptive.partitioning.enable = true
	partitioner.availability.timeout.ms = 0
	partitioner.class = null
	partitioner.ignore.keys = false
	receive.buffer.bytes = 32768
	reconnect.backoff.max.ms = 1000
	reconnect.backoff.ms = 50
	request.timeout.ms = 5000
	retries = 2147483647
	retry.backoff.max.ms = 1000
	retry.backoff.ms = 100
	sasl.client.callback.handler.class = null
	sasl.jaas.config = null
	sasl.kerberos.kinit.cmd = /usr/bin/kinit
	sasl.kerberos.min.time.before.relogin = 60000
	sasl.kerberos.service.name = null
	sasl.kerberos.ticket.renew.jitter = 0.05
	sasl.kerberos.ticket.renew.window.factor = 0.8
	sasl.login.callback.handler.class = null
	sasl.login.class = null
	sasl.login.connect.timeout.ms = null
	sasl.login.read.timeout.ms = null
	sasl.login.refresh.buffer.seconds = 300
	sasl.login.refresh.min.period.seconds = 60
	sasl.login.refresh.window.factor = 0.8
	sasl.login.refresh.window.jitter = 0.05
	sasl.login.retry.backoff.max.ms = 10000
	sasl.login.retry.backoff.ms = 100
	sasl.mechanism = GSSAPI
	sasl.oauthbearer.clock.skew.seconds = 30
	sasl.oauthbearer.expected.audience = null
	sasl.oauthbearer.expected.issuer = null
	sasl.oauthbearer.header.urlencode = false
	sasl.oauthbearer.jwks.endpoint.refresh.ms = 3600000
	sasl.oauthbearer.jwks.endpoint.retry.backoff.max.ms = 10000
	sasl.oauthbearer.jwks.endpoint.retry.backoff.ms = 100
	sasl.oauthbearer.jwks.endpoint.url = null
	sasl.oauthbearer.scope.claim.name = scope
	sasl.oauthbearer.sub.claim.name = sub
	sasl.oauthbearer.token.endpoint.url = null
	security.protocol = PLAINTEXT
	security.providers = null
	send.buffer.bytes = 131072
	socket.connection.setup.timeout.max.ms = 30000
	socket.connection.setup.timeout.ms = 10000
	ssl.cipher.suites = null
	ssl.enabled.protocols = [TLSv1.2, TLSv1.3]
	ssl.endpoint.identification.algorithm = https
	ssl.engine.factory.class = null
	ssl.key.password = null
	ssl.keymanager.algorithm = SunX509
	ssl.keystore.certificate.chain = null
	ssl.keystore.key = null
	ssl.keystore.location = null
	ssl.keystore.password = null
	ssl.keystore.type = JKS
	ssl.protocol = TLSv1.3
	ssl.provider = null
	ssl.secure.random.implementation = null
	ssl.trustmanager.algorithm = PKIX
	ssl.truststore.certificates = null
	ssl.truststore.location = null
	ssl.truststore.password = null
	ssl.truststore.type = JKS
	transaction.timeout.ms = 60000
	transactional.id = null
	value.serializer = class io.apicurio.registry.serde.avro.AvroKafkaSerializer

2025-08-06 15:35:29,534 INFO  [org.apa.kaf.com.tel.int.KafkaMetricsCollector] (main) initializing Kafka metrics collector
2025-08-06 15:35:29,538 INFO  [org.apa.kaf.cli.pro.KafkaProducer] (main) [Producer clientId=Producer-topic-349c408c_f00b_4574_a9c9_34e1addde90e] Instantiated an idempotent producer.
2025-08-06 15:35:29,542 INFO  [org.apa.kaf.cli.pro.ProducerConfig] (main) These configurations '[apicurio.registry.url, apicurio.registry.auto-register, apicurio.registry.artifact-resolver-strategy]' were supplied but are not used yet.
2025-08-06 15:35:29,542 INFO  [org.apa.kaf.com.uti.AppInfoParser] (main) Kafka version: 3.9.1
2025-08-06 15:35:29,542 INFO  [org.apa.kaf.com.uti.AppInfoParser] (main) Kafka commitId: f745dfdcee2b9851
2025-08-06 15:35:29,542 INFO  [org.apa.kaf.com.uti.AppInfoParser] (main) Kafka startTimeMs: 1754494529542
2025-08-06 15:35:29,543 INFO  [io.api.tes.ser.api.SimpleSerdesTesterBuilder$SimpleSerdesTester] (main) Using producer configuration: {apicurio.registry.url=http://registry-app-inmemory.apps.ci419.apicurio-testing.org:80/apis/registry/v3, apicurio.registry.auto-register=true, apicurio.registry.artifact-resolver-strategy=io.apicurio.registry.serde.strategy.TopicIdStrategy, value.serializer=io.apicurio.registry.serde.avro.AvroKafkaSerializer, request.timeout.ms=5000, acks=all, bootstrap.servers=PLAINTEXT://localhost:32769, connections.max.idle.ms=10000, key.serializer=org.apache.kafka.common.serialization.StringSerializer, client.id=Producer-topic-349c408c_f00b_4574_a9c9_34e1addde90e}
2025-08-06 15:35:29,543 INFO  [io.api.tes.ser.api.SimpleSerdesTesterBuilder$SimpleSerdesTester] (main) Using consumer configuration: {}
2025-08-06 15:35:29,548 INFO  [io.api.tes.ser.api.KafkaSerdesTester] (Thread-651) Sending message {"id": "record-0"} to topic topic-349c408c_f00b_4574_a9c9_34e1addde90e
2025-08-06 15:35:29,553 WARN  [org.apa.kaf.cli.NetworkClient] (kafka-producer-network-thread | Producer-topic-349c408c_f00b_4574_a9c9_34e1addde90e) [Producer clientId=Producer-topic-349c408c_f00b_4574_a9c9_34e1addde90e] The metadata response from the cluster reported a recoverable issue with correlation id 1 : {topic-349c408c_f00b_4574_a9c9_34e1addde90e=UNKNOWN_TOPIC_OR_PARTITION}
2025-08-06 15:35:29,553 INFO  [org.apa.kaf.cli.Metadata] (kafka-producer-network-thread | Producer-topic-349c408c_f00b_4574_a9c9_34e1addde90e) [Producer clientId=Producer-topic-349c408c_f00b_4574_a9c9_34e1addde90e] Cluster ID: XZ--LfAaTaS_n5V5dfJ0ng
2025-08-06 15:35:29,554 INFO  [org.apa.kaf.cli.pro.int.TransactionManager] (kafka-producer-network-thread | Producer-topic-349c408c_f00b_4574_a9c9_34e1addde90e) [Producer clientId=Producer-topic-349c408c_f00b_4574_a9c9_34e1addde90e] ProducerId set to 10 with epoch 0
2025-08-06 15:35:29,776 INFO  [io.api.tes.ser.api.KafkaSerdesTester] (Thread-651) Sending message {"value": 1} to topic topic-349c408c_f00b_4574_a9c9_34e1addde90e
2025-08-06 15:35:29,838 INFO  [io.api.tes.ser.api.KafkaSerdesTester] (Thread-651) Sending message {"active": true} to topic topic-349c408c_f00b_4574_a9c9_34e1addde90e
2025-08-06 15:35:29,906 INFO  [io.api.tes.ser.api.KafkaSerdesTester] (Thread-651) Sending message {"id": "record-3"} to topic topic-349c408c_f00b_4574_a9c9_34e1addde90e
2025-08-06 15:35:29,910 INFO  [io.api.tes.ser.api.KafkaSerdesTester] (Thread-651) Sending message {"value": 4} to topic topic-349c408c_f00b_4574_a9c9_34e1addde90e
2025-08-06 15:35:29,913 INFO  [io.api.tes.ser.api.KafkaSerdesTester] (Thread-651) Sending message {"active": false} to topic topic-349c408c_f00b_4574_a9c9_34e1addde90e
2025-08-06 15:35:29,918 INFO  [io.api.tes.ser.api.KafkaSerdesTester] (Thread-651) Sending message {"id": "record-6"} to topic topic-349c408c_f00b_4574_a9c9_34e1addde90e
2025-08-06 15:35:29,922 INFO  [io.api.tes.ser.api.KafkaSerdesTester] (Thread-651) Sending message {"value": 7} to topic topic-349c408c_f00b_4574_a9c9_34e1addde90e
2025-08-06 15:35:29,933 INFO  [io.api.tes.ser.api.KafkaSerdesTester] (Thread-651) Sending message {"active": true} to topic topic-349c408c_f00b_4574_a9c9_34e1addde90e
2025-08-06 15:35:29,941 INFO  [io.api.tes.ser.api.KafkaSerdesTester] (Thread-651) Sending message {"id": "record-9"} to topic topic-349c408c_f00b_4574_a9c9_34e1addde90e
2025-08-06 15:35:29,944 INFO  [io.api.tes.ser.api.KafkaSerdesTester] (Thread-651) Produced 10 messages
2025-08-06 15:35:29,944 INFO  [org.apa.kaf.cli.pro.KafkaProducer] (Thread-651) [Producer clientId=Producer-topic-349c408c_f00b_4574_a9c9_34e1addde90e] Closing the Kafka producer with timeoutMillis = 9223372036854775807 ms.
2025-08-06 15:35:29,947 INFO  [org.apa.kaf.com.met.Metrics] (Thread-651) Metrics scheduler closed
2025-08-06 15:35:29,947 INFO  [org.apa.kaf.com.met.Metrics] (Thread-651) Closing reporter org.apache.kafka.common.metrics.JmxReporter
2025-08-06 15:35:29,947 INFO  [org.apa.kaf.com.met.Metrics] (Thread-651) Closing reporter org.apache.kafka.common.telemetry.internals.ClientTelemetryReporter
2025-08-06 15:35:29,947 INFO  [org.apa.kaf.com.met.Metrics] (Thread-651) Metrics reporters closed
2025-08-06 15:35:29,947 INFO  [org.apa.kaf.com.uti.AppInfoParser] (Thread-651) App info kafka.producer for Producer-topic-349c408c_f00b_4574_a9c9_34e1addde90e unregistered
2025-08-06 15:35:30,000 INFO  [io.api.tes.ser.api.AvroSerdeIT] (main) Artifact topic-349c408c_f00b_4574_a9c9_34e1addde90e-value found in registry with globalId 25
**** Registry Base URL: http://registry-app-inmemory.apps.ci419.apicurio-testing.org:80
2025-08-06 15:35:30,001 INFO  [org.apa.kaf.cli.con.ConsumerConfig] (main) ConsumerConfig values: 
	allow.auto.create.topics = true
	auto.commit.interval.ms = 500
	auto.include.jmx.reporter = true
	auto.offset.reset = earliest
	bootstrap.servers = [PLAINTEXT://localhost:32769]
	check.crcs = true
	client.dns.lookup = use_all_dns_ips
	client.id = consumer-Consumer-topic-349c408c_f00b_4574_a9c9_34e1addde90e-8
	client.rack = 
	connections.max.idle.ms = 10000
	default.api.timeout.ms = 60000
	enable.auto.commit = true
	enable.metrics.push = true
	exclude.internal.topics = true
	fetch.max.bytes = 52428800
	fetch.max.wait.ms = 500
	fetch.min.bytes = 1
	group.id = Consumer-topic-349c408c_f00b_4574_a9c9_34e1addde90e
	group.instance.id = null
	group.protocol = classic
	group.remote.assignor = null
	heartbeat.interval.ms = 3000
	interceptor.classes = []
	internal.leave.group.on.close = true
	internal.throw.on.fetch.stable.offset.unsupported = false
	isolation.level = read_uncommitted
	key.deserializer = class org.apache.kafka.common.serialization.StringDeserializer
	max.partition.fetch.bytes = 1048576
	max.poll.interval.ms = 300000
	max.poll.records = 500
	metadata.max.age.ms = 300000
	metadata.recovery.strategy = none
	metric.reporters = []
	metrics.num.samples = 2
	metrics.recording.level = INFO
	metrics.sample.window.ms = 30000
	partition.assignment.strategy = [class org.apache.kafka.clients.consumer.RangeAssignor, class org.apache.kafka.clients.consumer.CooperativeStickyAssignor]
	receive.buffer.bytes = 65536
	reconnect.backoff.max.ms = 1000
	reconnect.backoff.ms = 50
	request.timeout.ms = 5000
	retry.backoff.max.ms = 1000
	retry.backoff.ms = 100
	sasl.client.callback.handler.class = null
	sasl.jaas.config = null
	sasl.kerberos.kinit.cmd = /usr/bin/kinit
	sasl.kerberos.min.time.before.relogin = 60000
	sasl.kerberos.service.name = null
	sasl.kerberos.ticket.renew.jitter = 0.05
	sasl.kerberos.ticket.renew.window.factor = 0.8
	sasl.login.callback.handler.class = null
	sasl.login.class = null
	sasl.login.connect.timeout.ms = null
	sasl.login.read.timeout.ms = null
	sasl.login.refresh.buffer.seconds = 300
	sasl.login.refresh.min.period.seconds = 60
	sasl.login.refresh.window.factor = 0.8
	sasl.login.refresh.window.jitter = 0.05
	sasl.login.retry.backoff.max.ms = 10000
	sasl.login.retry.backoff.ms = 100
	sasl.mechanism = GSSAPI
	sasl.oauthbearer.clock.skew.seconds = 30
	sasl.oauthbearer.expected.audience = null
	sasl.oauthbearer.expected.issuer = null
	sasl.oauthbearer.header.urlencode = false
	sasl.oauthbearer.jwks.endpoint.refresh.ms = 3600000
	sasl.oauthbearer.jwks.endpoint.retry.backoff.max.ms = 10000
	sasl.oauthbearer.jwks.endpoint.retry.backoff.ms = 100
	sasl.oauthbearer.jwks.endpoint.url = null
	sasl.oauthbearer.scope.claim.name = scope
	sasl.oauthbearer.sub.claim.name = sub
	sasl.oauthbearer.token.endpoint.url = null
	security.protocol = PLAINTEXT
	security.providers = null
	send.buffer.bytes = 131072
	session.timeout.ms = 45000
	socket.connection.setup.timeout.max.ms = 30000
	socket.connection.setup.timeout.ms = 10000
	ssl.cipher.suites = null
	ssl.enabled.protocols = [TLSv1.2, TLSv1.3]
	ssl.endpoint.identification.algorithm = https
	ssl.engine.factory.class = null
	ssl.key.password = null
	ssl.keymanager.algorithm = SunX509
	ssl.keystore.certificate.chain = null
	ssl.keystore.key = null
	ssl.keystore.location = null
	ssl.keystore.password = null
	ssl.keystore.type = JKS
	ssl.protocol = TLSv1.3
	ssl.provider = null
	ssl.secure.random.implementation = null
	ssl.trustmanager.algorithm = PKIX
	ssl.truststore.certificates = null
	ssl.truststore.location = null
	ssl.truststore.password = null
	ssl.truststore.type = JKS
	value.deserializer = class io.apicurio.registry.serde.avro.AvroKafkaDeserializer

2025-08-06 15:35:30,001 INFO  [org.apa.kaf.com.tel.int.KafkaMetricsCollector] (main) initializing Kafka metrics collector
2025-08-06 15:35:30,006 INFO  [org.apa.kaf.cli.con.ConsumerConfig] (main) These configurations '[apicurio.registry.url]' were supplied but are not used yet.
2025-08-06 15:35:30,006 INFO  [org.apa.kaf.com.uti.AppInfoParser] (main) Kafka version: 3.9.1
2025-08-06 15:35:30,006 INFO  [org.apa.kaf.com.uti.AppInfoParser] (main) Kafka commitId: f745dfdcee2b9851
2025-08-06 15:35:30,006 INFO  [org.apa.kaf.com.uti.AppInfoParser] (main) Kafka startTimeMs: 1754494530006
2025-08-06 15:35:30,007 INFO  [org.apa.kaf.cli.con.int.ClassicKafkaConsumer] (Thread-654) [Consumer clientId=consumer-Consumer-topic-349c408c_f00b_4574_a9c9_34e1addde90e-8, groupId=Consumer-topic-349c408c_f00b_4574_a9c9_34e1addde90e] Subscribed to topic(s): topic-349c408c_f00b_4574_a9c9_34e1addde90e
2025-08-06 15:35:30,012 INFO  [org.apa.kaf.cli.Metadata] (Thread-654) [Consumer clientId=consumer-Consumer-topic-349c408c_f00b_4574_a9c9_34e1addde90e-8, groupId=Consumer-topic-349c408c_f00b_4574_a9c9_34e1addde90e] Cluster ID: XZ--LfAaTaS_n5V5dfJ0ng
2025-08-06 15:35:30,012 INFO  [org.apa.kaf.cli.con.int.ConsumerCoordinator] (Thread-654) [Consumer clientId=consumer-Consumer-topic-349c408c_f00b_4574_a9c9_34e1addde90e-8, groupId=Consumer-topic-349c408c_f00b_4574_a9c9_34e1addde90e] Discovered group coordinator localhost:32769 (id: 2147483647 rack: null)
2025-08-06 15:35:30,014 INFO  [org.apa.kaf.cli.con.int.ConsumerCoordinator] (Thread-654) [Consumer clientId=consumer-Consumer-topic-349c408c_f00b_4574_a9c9_34e1addde90e-8, groupId=Consumer-topic-349c408c_f00b_4574_a9c9_34e1addde90e] (Re-)joining group
2025-08-06 15:35:30,018 INFO  [org.apa.kaf.cli.con.int.ConsumerCoordinator] (Thread-654) [Consumer clientId=consumer-Consumer-topic-349c408c_f00b_4574_a9c9_34e1addde90e-8, groupId=Consumer-topic-349c408c_f00b_4574_a9c9_34e1addde90e] Request joining group due to: need to re-join with the given member-id: consumer-Consumer-topic-349c408c_f00b_4574_a9c9_34e1addde90e-8-6177e158-f58c-4a10-ba1b-8004478d563e
2025-08-06 15:35:30,018 INFO  [org.apa.kaf.cli.con.int.ConsumerCoordinator] (Thread-654) [Consumer clientId=consumer-Consumer-topic-349c408c_f00b_4574_a9c9_34e1addde90e-8, groupId=Consumer-topic-349c408c_f00b_4574_a9c9_34e1addde90e] (Re-)joining group
2025-08-06 15:35:31,008 INFO  [io.api.tes.ser.api.KafkaSerdesTester] (Thread-654) None found
2025-08-06 15:35:32,008 INFO  [io.api.tes.ser.api.KafkaSerdesTester] (Thread-654) None found
2025-08-06 15:35:33,009 INFO  [io.api.tes.ser.api.KafkaSerdesTester] (Thread-654) None found
2025-08-06 15:35:33,019 INFO  [org.apa.kaf.cli.con.int.ConsumerCoordinator] (Thread-654) [Consumer clientId=consumer-Consumer-topic-349c408c_f00b_4574_a9c9_34e1addde90e-8, groupId=Consumer-topic-349c408c_f00b_4574_a9c9_34e1addde90e] Successfully joined group with generation Generation{generationId=1, memberId='consumer-Consumer-topic-349c408c_f00b_4574_a9c9_34e1addde90e-8-6177e158-f58c-4a10-ba1b-8004478d563e', protocol='range'}
2025-08-06 15:35:33,020 INFO  [org.apa.kaf.cli.con.int.ConsumerCoordinator] (Thread-654) [Consumer clientId=consumer-Consumer-topic-349c408c_f00b_4574_a9c9_34e1addde90e-8, groupId=Consumer-topic-349c408c_f00b_4574_a9c9_34e1addde90e] Finished assignment for group at generation 1: {consumer-Consumer-topic-349c408c_f00b_4574_a9c9_34e1addde90e-8-6177e158-f58c-4a10-ba1b-8004478d563e=Assignment(partitions=[topic-349c408c_f00b_4574_a9c9_34e1addde90e-0])}
2025-08-06 15:35:33,027 INFO  [org.apa.kaf.cli.con.int.ConsumerCoordinator] (Thread-654) [Consumer clientId=consumer-Consumer-topic-349c408c_f00b_4574_a9c9_34e1addde90e-8, groupId=Consumer-topic-349c408c_f00b_4574_a9c9_34e1addde90e] Successfully synced group in generation Generation{generationId=1, memberId='consumer-Consumer-topic-349c408c_f00b_4574_a9c9_34e1addde90e-8-6177e158-f58c-4a10-ba1b-8004478d563e', protocol='range'}
2025-08-06 15:35:33,028 INFO  [org.apa.kaf.cli.con.int.ConsumerCoordinator] (Thread-654) [Consumer clientId=consumer-Consumer-topic-349c408c_f00b_4574_a9c9_34e1addde90e-8, groupId=Consumer-topic-349c408c_f00b_4574_a9c9_34e1addde90e] Notifying assignor about the new Assignment(partitions=[topic-349c408c_f00b_4574_a9c9_34e1addde90e-0])
2025-08-06 15:35:33,028 INFO  [org.apa.kaf.cli.con.int.ConsumerRebalanceListenerInvoker] (Thread-654) [Consumer clientId=consumer-Consumer-topic-349c408c_f00b_4574_a9c9_34e1addde90e-8, groupId=Consumer-topic-349c408c_f00b_4574_a9c9_34e1addde90e] Adding newly assigned partitions: topic-349c408c_f00b_4574_a9c9_34e1addde90e-0
2025-08-06 15:35:33,029 INFO  [org.apa.kaf.cli.con.int.ConsumerCoordinator] (Thread-654) [Consumer clientId=consumer-Consumer-topic-349c408c_f00b_4574_a9c9_34e1addde90e-8, groupId=Consumer-topic-349c408c_f00b_4574_a9c9_34e1addde90e] Found no committed offset for partition topic-349c408c_f00b_4574_a9c9_34e1addde90e-0
2025-08-06 15:35:33,035 INFO  [org.apa.kaf.cli.con.int.SubscriptionState] (Thread-654) [Consumer clientId=consumer-Consumer-topic-349c408c_f00b_4574_a9c9_34e1addde90e-8, groupId=Consumer-topic-349c408c_f00b_4574_a9c9_34e1addde90e] Resetting offset for partition topic-349c408c_f00b_4574_a9c9_34e1addde90e-0 to position FetchPosition{offset=0, offsetEpoch=Optional.empty, currentLeader=LeaderAndEpoch{leader=Optional[localhost:32769 (id: 0 rack: null)], epoch=0}}.
2025-08-06 15:35:33,585 INFO  [io.api.tes.ser.api.KafkaSerdesTester] (Thread-654) topic-349c408c_f00b_4574_a9c9_34e1addde90e 0 0 {"id": "record-0"}
2025-08-06 15:35:33,585 INFO  [io.api.tes.ser.api.KafkaSerdesTester] (Thread-654) topic-349c408c_f00b_4574_a9c9_34e1addde90e 0 1 {"value": 1}
2025-08-06 15:35:33,585 INFO  [io.api.tes.ser.api.KafkaSerdesTester] (Thread-654) topic-349c408c_f00b_4574_a9c9_34e1addde90e 0 2 {"active": true}
2025-08-06 15:35:33,585 INFO  [io.api.tes.ser.api.KafkaSerdesTester] (Thread-654) topic-349c408c_f00b_4574_a9c9_34e1addde90e 0 3 {"id": "record-3"}
2025-08-06 15:35:33,585 INFO  [io.api.tes.ser.api.KafkaSerdesTester] (Thread-654) topic-349c408c_f00b_4574_a9c9_34e1addde90e 0 4 {"value": 4}
2025-08-06 15:35:33,585 INFO  [io.api.tes.ser.api.KafkaSerdesTester] (Thread-654) topic-349c408c_f00b_4574_a9c9_34e1addde90e 0 5 {"active": false}
2025-08-06 15:35:33,585 INFO  [io.api.tes.ser.api.KafkaSerdesTester] (Thread-654) topic-349c408c_f00b_4574_a9c9_34e1addde90e 0 6 {"id": "record-6"}
2025-08-06 15:35:33,585 INFO  [io.api.tes.ser.api.KafkaSerdesTester] (Thread-654) topic-349c408c_f00b_4574_a9c9_34e1addde90e 0 7 {"value": 7}
2025-08-06 15:35:33,585 INFO  [io.api.tes.ser.api.KafkaSerdesTester] (Thread-654) topic-349c408c_f00b_4574_a9c9_34e1addde90e 0 8 {"active": true}
2025-08-06 15:35:33,585 INFO  [io.api.tes.ser.api.KafkaSerdesTester] (Thread-654) topic-349c408c_f00b_4574_a9c9_34e1addde90e 0 9 {"id": "record-9"}
2025-08-06 15:35:33,585 INFO  [io.api.tes.ser.api.KafkaSerdesTester] (Thread-654) Consumed 10 messages
2025-08-06 15:35:33,594 INFO  [org.apa.kaf.cli.con.int.ConsumerRebalanceListenerInvoker] (Thread-654) [Consumer clientId=consumer-Consumer-topic-349c408c_f00b_4574_a9c9_34e1addde90e-8, groupId=Consumer-topic-349c408c_f00b_4574_a9c9_34e1addde90e] Revoke previously assigned partitions topic-349c408c_f00b_4574_a9c9_34e1addde90e-0
2025-08-06 15:35:33,595 INFO  [org.apa.kaf.cli.con.int.ConsumerCoordinator] (Thread-654) [Consumer clientId=consumer-Consumer-topic-349c408c_f00b_4574_a9c9_34e1addde90e-8, groupId=Consumer-topic-349c408c_f00b_4574_a9c9_34e1addde90e] Member consumer-Consumer-topic-349c408c_f00b_4574_a9c9_34e1addde90e-8-6177e158-f58c-4a10-ba1b-8004478d563e sending LeaveGroup request to coordinator localhost:32769 (id: 2147483647 rack: null) due to the consumer is being closed
2025-08-06 15:35:33,595 INFO  [org.apa.kaf.cli.con.int.ConsumerCoordinator] (Thread-654) [Consumer clientId=consumer-Consumer-topic-349c408c_f00b_4574_a9c9_34e1addde90e-8, groupId=Consumer-topic-349c408c_f00b_4574_a9c9_34e1addde90e] Resetting generation and member id due to: consumer pro-actively leaving the group
2025-08-06 15:35:33,595 INFO  [org.apa.kaf.cli.con.int.ConsumerCoordinator] (Thread-654) [Consumer clientId=consumer-Consumer-topic-349c408c_f00b_4574_a9c9_34e1addde90e-8, groupId=Consumer-topic-349c408c_f00b_4574_a9c9_34e1addde90e] Request joining group due to: consumer pro-actively leaving the group
2025-08-06 15:35:34,088 INFO  [org.apa.kaf.com.met.Metrics] (Thread-654) Metrics scheduler closed
2025-08-06 15:35:34,088 INFO  [org.apa.kaf.com.met.Metrics] (Thread-654) Closing reporter org.apache.kafka.common.metrics.JmxReporter
2025-08-06 15:35:34,088 INFO  [org.apa.kaf.com.met.Metrics] (Thread-654) Closing reporter org.apache.kafka.common.telemetry.internals.ClientTelemetryReporter
2025-08-06 15:35:34,088 INFO  [org.apa.kaf.com.met.Metrics] (Thread-654) Metrics reporters closed
2025-08-06 15:35:34,091 INFO  [org.apa.kaf.com.uti.AppInfoParser] (Thread-654) App info kafka.consumer for consumer-Consumer-topic-349c408c_f00b_4574_a9c9_34e1addde90e-8 unregistered
2025-08-06 15:35:34,091 INFO  [io.api.tes.uti.TestSeparator] (main) io.apicurio.tests.serdes.apicurio.AvroSerdeIT.testAvroUnionWithSpecificReader-FINISHED
2025-08-06 15:35:34,091 INFO  [io.api.tes.uti.TestSeparator] (main) ############################################################################
Test passed: testAvroUnionWithSpecificReader
]]></system-out>
  </testcase>
  <testcase name="testEvolveAvroApicurioReusingClient" classname="io.apicurio.tests.serdes.apicurio.AvroSerdeIT" time="7.533">
    <system-out><![CDATA[2025-08-06 15:35:34,093 INFO  [io.api.tes.uti.TestSeparator] (main) ############################################################################
2025-08-06 15:35:34,093 INFO  [io.api.tes.uti.TestSeparator] (main) io.apicurio.tests.serdes.apicurio.AvroSerdeIT.testEvolveAvroApicurioReusingClient-STARTED
2025-08-06 15:35:34,097 INFO  [io.api.tes.ser.api.AvroSerdeIT] (main) Registering Avro Schema: {"type":"record","name":"s88666926xbb70x42c3x88b9xebf92e3ab108","namespace":"ns_ab56f923_ed09_4af8_a4cc_8816dfd71b67","fields":[{"name":"key11754494534096","type":"string"}]}
**** Registry Base URL: http://registry-app-inmemory.apps.ci419.apicurio-testing.org:80
2025-08-06 15:35:35,204 INFO  [org.apa.kaf.cli.pro.ProducerConfig] (main) ProducerConfig values: 
	acks = -1
	auto.include.jmx.reporter = true
	batch.size = 16384
	bootstrap.servers = [PLAINTEXT://localhost:32769]
	buffer.memory = 33554432
	client.dns.lookup = use_all_dns_ips
	client.id = Producer-topic-3c3089e8_923c_44ea_a3a0_9e9c7a32bf6d
	compression.gzip.level = -1
	compression.lz4.level = 9
	compression.type = none
	compression.zstd.level = 3
	connections.max.idle.ms = 10000
	delivery.timeout.ms = 120000
	enable.idempotence = true
	enable.metrics.push = true
	interceptor.classes = []
	key.serializer = class org.apache.kafka.common.serialization.StringSerializer
	linger.ms = 0
	max.block.ms = 60000
	max.in.flight.requests.per.connection = 5
	max.request.size = 1048576
	metadata.max.age.ms = 300000
	metadata.max.idle.ms = 300000
	metadata.recovery.strategy = none
	metric.reporters = []
	metrics.num.samples = 2
	metrics.recording.level = INFO
	metrics.sample.window.ms = 30000
	partitioner.adaptive.partitioning.enable = true
	partitioner.availability.timeout.ms = 0
	partitioner.class = null
	partitioner.ignore.keys = false
	receive.buffer.bytes = 32768
	reconnect.backoff.max.ms = 1000
	reconnect.backoff.ms = 50
	request.timeout.ms = 5000
	retries = 2147483647
	retry.backoff.max.ms = 1000
	retry.backoff.ms = 100
	sasl.client.callback.handler.class = null
	sasl.jaas.config = null
	sasl.kerberos.kinit.cmd = /usr/bin/kinit
	sasl.kerberos.min.time.before.relogin = 60000
	sasl.kerberos.service.name = null
	sasl.kerberos.ticket.renew.jitter = 0.05
	sasl.kerberos.ticket.renew.window.factor = 0.8
	sasl.login.callback.handler.class = null
	sasl.login.class = null
	sasl.login.connect.timeout.ms = null
	sasl.login.read.timeout.ms = null
	sasl.login.refresh.buffer.seconds = 300
	sasl.login.refresh.min.period.seconds = 60
	sasl.login.refresh.window.factor = 0.8
	sasl.login.refresh.window.jitter = 0.05
	sasl.login.retry.backoff.max.ms = 10000
	sasl.login.retry.backoff.ms = 100
	sasl.mechanism = GSSAPI
	sasl.oauthbearer.clock.skew.seconds = 30
	sasl.oauthbearer.expected.audience = null
	sasl.oauthbearer.expected.issuer = null
	sasl.oauthbearer.header.urlencode = false
	sasl.oauthbearer.jwks.endpoint.refresh.ms = 3600000
	sasl.oauthbearer.jwks.endpoint.retry.backoff.max.ms = 10000
	sasl.oauthbearer.jwks.endpoint.retry.backoff.ms = 100
	sasl.oauthbearer.jwks.endpoint.url = null
	sasl.oauthbearer.scope.claim.name = scope
	sasl.oauthbearer.sub.claim.name = sub
	sasl.oauthbearer.token.endpoint.url = null
	security.protocol = PLAINTEXT
	security.providers = null
	send.buffer.bytes = 131072
	socket.connection.setup.timeout.max.ms = 30000
	socket.connection.setup.timeout.ms = 10000
	ssl.cipher.suites = null
	ssl.enabled.protocols = [TLSv1.2, TLSv1.3]
	ssl.endpoint.identification.algorithm = https
	ssl.engine.factory.class = null
	ssl.key.password = null
	ssl.keymanager.algorithm = SunX509
	ssl.keystore.certificate.chain = null
	ssl.keystore.key = null
	ssl.keystore.location = null
	ssl.keystore.password = null
	ssl.keystore.type = JKS
	ssl.protocol = TLSv1.3
	ssl.provider = null
	ssl.secure.random.implementation = null
	ssl.trustmanager.algorithm = PKIX
	ssl.truststore.certificates = null
	ssl.truststore.location = null
	ssl.truststore.password = null
	ssl.truststore.type = JKS
	transaction.timeout.ms = 60000
	transactional.id = null
	value.serializer = class io.apicurio.registry.serde.avro.AvroKafkaSerializer

2025-08-06 15:35:35,205 INFO  [org.apa.kaf.com.tel.int.KafkaMetricsCollector] (main) initializing Kafka metrics collector
2025-08-06 15:35:35,209 INFO  [org.apa.kaf.cli.pro.KafkaProducer] (main) [Producer clientId=Producer-topic-3c3089e8_923c_44ea_a3a0_9e9c7a32bf6d] Instantiated an idempotent producer.
2025-08-06 15:35:35,211 INFO  [org.apa.kaf.cli.pro.ProducerConfig] (main) These configurations '[apicurio.registry.url, apicurio.registry.artifact-resolver-strategy]' were supplied but are not used yet.
2025-08-06 15:35:35,211 INFO  [org.apa.kaf.com.uti.AppInfoParser] (main) Kafka version: 3.9.1
2025-08-06 15:35:35,211 INFO  [org.apa.kaf.com.uti.AppInfoParser] (main) Kafka commitId: f745dfdcee2b9851
2025-08-06 15:35:35,211 INFO  [org.apa.kaf.com.uti.AppInfoParser] (main) Kafka startTimeMs: 1754494535211
**** Registry Base URL: http://registry-app-inmemory.apps.ci419.apicurio-testing.org:80
2025-08-06 15:35:35,211 INFO  [org.apa.kaf.cli.con.ConsumerConfig] (main) ConsumerConfig values: 
	allow.auto.create.topics = true
	auto.commit.interval.ms = 500
	auto.include.jmx.reporter = true
	auto.offset.reset = earliest
	bootstrap.servers = [PLAINTEXT://localhost:32769]
	check.crcs = true
	client.dns.lookup = use_all_dns_ips
	client.id = consumer-Consumer-topic-3c3089e8_923c_44ea_a3a0_9e9c7a32bf6d-9
	client.rack = 
	connections.max.idle.ms = 10000
	default.api.timeout.ms = 60000
	enable.auto.commit = true
	enable.metrics.push = true
	exclude.internal.topics = true
	fetch.max.bytes = 52428800
	fetch.max.wait.ms = 500
	fetch.min.bytes = 1
	group.id = Consumer-topic-3c3089e8_923c_44ea_a3a0_9e9c7a32bf6d
	group.instance.id = null
	group.protocol = classic
	group.remote.assignor = null
	heartbeat.interval.ms = 3000
	interceptor.classes = []
	internal.leave.group.on.close = true
	internal.throw.on.fetch.stable.offset.unsupported = false
	isolation.level = read_uncommitted
	key.deserializer = class org.apache.kafka.common.serialization.StringDeserializer
	max.partition.fetch.bytes = 1048576
	max.poll.interval.ms = 300000
	max.poll.records = 500
	metadata.max.age.ms = 300000
	metadata.recovery.strategy = none
	metric.reporters = []
	metrics.num.samples = 2
	metrics.recording.level = INFO
	metrics.sample.window.ms = 30000
	partition.assignment.strategy = [class org.apache.kafka.clients.consumer.RangeAssignor, class org.apache.kafka.clients.consumer.CooperativeStickyAssignor]
	receive.buffer.bytes = 65536
	reconnect.backoff.max.ms = 1000
	reconnect.backoff.ms = 50
	request.timeout.ms = 5000
	retry.backoff.max.ms = 1000
	retry.backoff.ms = 100
	sasl.client.callback.handler.class = null
	sasl.jaas.config = null
	sasl.kerberos.kinit.cmd = /usr/bin/kinit
	sasl.kerberos.min.time.before.relogin = 60000
	sasl.kerberos.service.name = null
	sasl.kerberos.ticket.renew.jitter = 0.05
	sasl.kerberos.ticket.renew.window.factor = 0.8
	sasl.login.callback.handler.class = null
	sasl.login.class = null
	sasl.login.connect.timeout.ms = null
	sasl.login.read.timeout.ms = null
	sasl.login.refresh.buffer.seconds = 300
	sasl.login.refresh.min.period.seconds = 60
	sasl.login.refresh.window.factor = 0.8
	sasl.login.refresh.window.jitter = 0.05
	sasl.login.retry.backoff.max.ms = 10000
	sasl.login.retry.backoff.ms = 100
	sasl.mechanism = GSSAPI
	sasl.oauthbearer.clock.skew.seconds = 30
	sasl.oauthbearer.expected.audience = null
	sasl.oauthbearer.expected.issuer = null
	sasl.oauthbearer.header.urlencode = false
	sasl.oauthbearer.jwks.endpoint.refresh.ms = 3600000
	sasl.oauthbearer.jwks.endpoint.retry.backoff.max.ms = 10000
	sasl.oauthbearer.jwks.endpoint.retry.backoff.ms = 100
	sasl.oauthbearer.jwks.endpoint.url = null
	sasl.oauthbearer.scope.claim.name = scope
	sasl.oauthbearer.sub.claim.name = sub
	sasl.oauthbearer.token.endpoint.url = null
	security.protocol = PLAINTEXT
	security.providers = null
	send.buffer.bytes = 131072
	session.timeout.ms = 45000
	socket.connection.setup.timeout.max.ms = 30000
	socket.connection.setup.timeout.ms = 10000
	ssl.cipher.suites = null
	ssl.enabled.protocols = [TLSv1.2, TLSv1.3]
	ssl.endpoint.identification.algorithm = https
	ssl.engine.factory.class = null
	ssl.key.password = null
	ssl.keymanager.algorithm = SunX509
	ssl.keystore.certificate.chain = null
	ssl.keystore.key = null
	ssl.keystore.location = null
	ssl.keystore.password = null
	ssl.keystore.type = JKS
	ssl.protocol = TLSv1.3
	ssl.provider = null
	ssl.secure.random.implementation = null
	ssl.trustmanager.algorithm = PKIX
	ssl.truststore.certificates = null
	ssl.truststore.location = null
	ssl.truststore.password = null
	ssl.truststore.type = JKS
	value.deserializer = class io.apicurio.registry.serde.avro.AvroKafkaDeserializer

2025-08-06 15:35:35,213 INFO  [org.apa.kaf.com.tel.int.KafkaMetricsCollector] (main) initializing Kafka metrics collector
2025-08-06 15:35:35,219 INFO  [org.apa.kaf.cli.Metadata] (kafka-producer-network-thread | Producer-topic-3c3089e8_923c_44ea_a3a0_9e9c7a32bf6d) [Producer clientId=Producer-topic-3c3089e8_923c_44ea_a3a0_9e9c7a32bf6d] Cluster ID: XZ--LfAaTaS_n5V5dfJ0ng
2025-08-06 15:35:35,220 INFO  [org.apa.kaf.cli.pro.int.TransactionManager] (kafka-producer-network-thread | Producer-topic-3c3089e8_923c_44ea_a3a0_9e9c7a32bf6d) [Producer clientId=Producer-topic-3c3089e8_923c_44ea_a3a0_9e9c7a32bf6d] ProducerId set to 11 with epoch 0
2025-08-06 15:35:35,220 INFO  [org.apa.kaf.cli.con.ConsumerConfig] (main) These configurations '[apicurio.registry.url]' were supplied but are not used yet.
2025-08-06 15:35:35,220 INFO  [org.apa.kaf.com.uti.AppInfoParser] (main) Kafka version: 3.9.1
2025-08-06 15:35:35,220 INFO  [org.apa.kaf.com.uti.AppInfoParser] (main) Kafka commitId: f745dfdcee2b9851
2025-08-06 15:35:35,220 INFO  [org.apa.kaf.com.uti.AppInfoParser] (main) Kafka startTimeMs: 1754494535220
2025-08-06 15:35:35,223 INFO  [io.api.tes.ser.api.KafkaSerdesTester] (Thread-659) Sending message {"key11754494534096": "value-0"} to topic topic-3c3089e8_923c_44ea_a3a0_9e9c7a32bf6d
2025-08-06 15:35:35,230 INFO  [DefaultSchemaResolver] (Thread-659) Retrieving schema content using string: {"type":"record","name":"s88666926xbb70x42c3x88b9xebf92e3ab108","namespace":"ns_ab56f923_ed09_4af8_a4cc_8816dfd71b67","fields":[{"name":"key11754494534096","type":"string"}]}
2025-08-06 15:35:35,315 INFO  [io.api.tes.ser.api.KafkaSerdesTester] (Thread-659) Sending message {"key11754494534096": "value-1"} to topic topic-3c3089e8_923c_44ea_a3a0_9e9c7a32bf6d
2025-08-06 15:35:35,317 INFO  [io.api.tes.ser.api.KafkaSerdesTester] (Thread-659) Sending message {"key11754494534096": "value-2"} to topic topic-3c3089e8_923c_44ea_a3a0_9e9c7a32bf6d
2025-08-06 15:35:35,319 INFO  [io.api.tes.ser.api.KafkaSerdesTester] (Thread-659) Sending message {"key11754494534096": "value-3"} to topic topic-3c3089e8_923c_44ea_a3a0_9e9c7a32bf6d
2025-08-06 15:35:35,321 INFO  [io.api.tes.ser.api.KafkaSerdesTester] (Thread-659) Sending message {"key11754494534096": "value-4"} to topic topic-3c3089e8_923c_44ea_a3a0_9e9c7a32bf6d
2025-08-06 15:35:35,323 INFO  [io.api.tes.ser.api.KafkaSerdesTester] (Thread-659) Sending message {"key11754494534096": "value-5"} to topic topic-3c3089e8_923c_44ea_a3a0_9e9c7a32bf6d
2025-08-06 15:35:35,324 INFO  [io.api.tes.ser.api.KafkaSerdesTester] (Thread-659) Sending message {"key11754494534096": "value-6"} to topic topic-3c3089e8_923c_44ea_a3a0_9e9c7a32bf6d
2025-08-06 15:35:35,326 INFO  [io.api.tes.ser.api.KafkaSerdesTester] (Thread-659) Sending message {"key11754494534096": "value-7"} to topic topic-3c3089e8_923c_44ea_a3a0_9e9c7a32bf6d
2025-08-06 15:35:35,328 INFO  [io.api.tes.ser.api.KafkaSerdesTester] (Thread-659) Sending message {"key11754494534096": "value-8"} to topic topic-3c3089e8_923c_44ea_a3a0_9e9c7a32bf6d
2025-08-06 15:35:35,330 INFO  [io.api.tes.ser.api.KafkaSerdesTester] (Thread-659) Sending message {"key11754494534096": "value-9"} to topic topic-3c3089e8_923c_44ea_a3a0_9e9c7a32bf6d
2025-08-06 15:35:35,332 INFO  [io.api.tes.ser.api.KafkaSerdesTester] (Thread-659) Produced 10 messages
2025-08-06 15:35:35,333 INFO  [org.apa.kaf.cli.con.int.ClassicKafkaConsumer] (Thread-660) [Consumer clientId=consumer-Consumer-topic-3c3089e8_923c_44ea_a3a0_9e9c7a32bf6d-9, groupId=Consumer-topic-3c3089e8_923c_44ea_a3a0_9e9c7a32bf6d] Subscribed to topic(s): topic-3c3089e8_923c_44ea_a3a0_9e9c7a32bf6d
2025-08-06 15:35:35,337 INFO  [org.apa.kaf.cli.Metadata] (Thread-660) [Consumer clientId=consumer-Consumer-topic-3c3089e8_923c_44ea_a3a0_9e9c7a32bf6d-9, groupId=Consumer-topic-3c3089e8_923c_44ea_a3a0_9e9c7a32bf6d] Cluster ID: XZ--LfAaTaS_n5V5dfJ0ng
2025-08-06 15:35:35,339 INFO  [org.apa.kaf.cli.con.int.ConsumerCoordinator] (Thread-660) [Consumer clientId=consumer-Consumer-topic-3c3089e8_923c_44ea_a3a0_9e9c7a32bf6d-9, groupId=Consumer-topic-3c3089e8_923c_44ea_a3a0_9e9c7a32bf6d] Discovered group coordinator localhost:32769 (id: 2147483647 rack: null)
2025-08-06 15:35:35,341 INFO  [org.apa.kaf.cli.con.int.ConsumerCoordinator] (Thread-660) [Consumer clientId=consumer-Consumer-topic-3c3089e8_923c_44ea_a3a0_9e9c7a32bf6d-9, groupId=Consumer-topic-3c3089e8_923c_44ea_a3a0_9e9c7a32bf6d] (Re-)joining group
2025-08-06 15:35:35,346 INFO  [org.apa.kaf.cli.con.int.ConsumerCoordinator] (Thread-660) [Consumer clientId=consumer-Consumer-topic-3c3089e8_923c_44ea_a3a0_9e9c7a32bf6d-9, groupId=Consumer-topic-3c3089e8_923c_44ea_a3a0_9e9c7a32bf6d] Request joining group due to: need to re-join with the given member-id: consumer-Consumer-topic-3c3089e8_923c_44ea_a3a0_9e9c7a32bf6d-9-c84645d3-fe7a-4f03-bda7-f4846bd1f3d4
2025-08-06 15:35:35,346 INFO  [org.apa.kaf.cli.con.int.ConsumerCoordinator] (Thread-660) [Consumer clientId=consumer-Consumer-topic-3c3089e8_923c_44ea_a3a0_9e9c7a32bf6d-9, groupId=Consumer-topic-3c3089e8_923c_44ea_a3a0_9e9c7a32bf6d] (Re-)joining group
2025-08-06 15:35:36,333 INFO  [io.api.tes.ser.api.KafkaSerdesTester] (Thread-660) None found
2025-08-06 15:35:37,333 INFO  [io.api.tes.ser.api.KafkaSerdesTester] (Thread-660) None found
2025-08-06 15:35:38,333 INFO  [io.api.tes.ser.api.KafkaSerdesTester] (Thread-660) None found
2025-08-06 15:35:38,348 INFO  [org.apa.kaf.cli.con.int.ConsumerCoordinator] (Thread-660) [Consumer clientId=consumer-Consumer-topic-3c3089e8_923c_44ea_a3a0_9e9c7a32bf6d-9, groupId=Consumer-topic-3c3089e8_923c_44ea_a3a0_9e9c7a32bf6d] Successfully joined group with generation Generation{generationId=1, memberId='consumer-Consumer-topic-3c3089e8_923c_44ea_a3a0_9e9c7a32bf6d-9-c84645d3-fe7a-4f03-bda7-f4846bd1f3d4', protocol='range'}
2025-08-06 15:35:38,349 INFO  [org.apa.kaf.cli.con.int.ConsumerCoordinator] (Thread-660) [Consumer clientId=consumer-Consumer-topic-3c3089e8_923c_44ea_a3a0_9e9c7a32bf6d-9, groupId=Consumer-topic-3c3089e8_923c_44ea_a3a0_9e9c7a32bf6d] Finished assignment for group at generation 1: {consumer-Consumer-topic-3c3089e8_923c_44ea_a3a0_9e9c7a32bf6d-9-c84645d3-fe7a-4f03-bda7-f4846bd1f3d4=Assignment(partitions=[topic-3c3089e8_923c_44ea_a3a0_9e9c7a32bf6d-0])}
2025-08-06 15:35:38,356 INFO  [org.apa.kaf.cli.con.int.ConsumerCoordinator] (Thread-660) [Consumer clientId=consumer-Consumer-topic-3c3089e8_923c_44ea_a3a0_9e9c7a32bf6d-9, groupId=Consumer-topic-3c3089e8_923c_44ea_a3a0_9e9c7a32bf6d] Successfully synced group in generation Generation{generationId=1, memberId='consumer-Consumer-topic-3c3089e8_923c_44ea_a3a0_9e9c7a32bf6d-9-c84645d3-fe7a-4f03-bda7-f4846bd1f3d4', protocol='range'}
2025-08-06 15:35:38,357 INFO  [org.apa.kaf.cli.con.int.ConsumerCoordinator] (Thread-660) [Consumer clientId=consumer-Consumer-topic-3c3089e8_923c_44ea_a3a0_9e9c7a32bf6d-9, groupId=Consumer-topic-3c3089e8_923c_44ea_a3a0_9e9c7a32bf6d] Notifying assignor about the new Assignment(partitions=[topic-3c3089e8_923c_44ea_a3a0_9e9c7a32bf6d-0])
2025-08-06 15:35:38,357 INFO  [org.apa.kaf.cli.con.int.ConsumerRebalanceListenerInvoker] (Thread-660) [Consumer clientId=consumer-Consumer-topic-3c3089e8_923c_44ea_a3a0_9e9c7a32bf6d-9, groupId=Consumer-topic-3c3089e8_923c_44ea_a3a0_9e9c7a32bf6d] Adding newly assigned partitions: topic-3c3089e8_923c_44ea_a3a0_9e9c7a32bf6d-0
2025-08-06 15:35:38,359 INFO  [org.apa.kaf.cli.con.int.ConsumerCoordinator] (Thread-660) [Consumer clientId=consumer-Consumer-topic-3c3089e8_923c_44ea_a3a0_9e9c7a32bf6d-9, groupId=Consumer-topic-3c3089e8_923c_44ea_a3a0_9e9c7a32bf6d] Found no committed offset for partition topic-3c3089e8_923c_44ea_a3a0_9e9c7a32bf6d-0
2025-08-06 15:35:38,363 INFO  [org.apa.kaf.cli.con.int.SubscriptionState] (Thread-660) [Consumer clientId=consumer-Consumer-topic-3c3089e8_923c_44ea_a3a0_9e9c7a32bf6d-9, groupId=Consumer-topic-3c3089e8_923c_44ea_a3a0_9e9c7a32bf6d] Resetting offset for partition topic-3c3089e8_923c_44ea_a3a0_9e9c7a32bf6d-0 to position FetchPosition{offset=0, offsetEpoch=Optional.empty, currentLeader=LeaderAndEpoch{leader=Optional[localhost:32769 (id: 0 rack: null)], epoch=0}}.
2025-08-06 15:35:38,500 INFO  [io.api.tes.ser.api.KafkaSerdesTester] (Thread-660) topic-3c3089e8_923c_44ea_a3a0_9e9c7a32bf6d 0 0 {"key11754494534096": "value-0"}
2025-08-06 15:35:38,501 INFO  [io.api.tes.ser.api.KafkaSerdesTester] (Thread-660) topic-3c3089e8_923c_44ea_a3a0_9e9c7a32bf6d 0 1 {"key11754494534096": "value-1"}
2025-08-06 15:35:38,501 INFO  [io.api.tes.ser.api.KafkaSerdesTester] (Thread-660) topic-3c3089e8_923c_44ea_a3a0_9e9c7a32bf6d 0 2 {"key11754494534096": "value-2"}
2025-08-06 15:35:38,501 INFO  [io.api.tes.ser.api.KafkaSerdesTester] (Thread-660) topic-3c3089e8_923c_44ea_a3a0_9e9c7a32bf6d 0 3 {"key11754494534096": "value-3"}
2025-08-06 15:35:38,501 INFO  [io.api.tes.ser.api.KafkaSerdesTester] (Thread-660) topic-3c3089e8_923c_44ea_a3a0_9e9c7a32bf6d 0 4 {"key11754494534096": "value-4"}
2025-08-06 15:35:38,501 INFO  [io.api.tes.ser.api.KafkaSerdesTester] (Thread-660) topic-3c3089e8_923c_44ea_a3a0_9e9c7a32bf6d 0 5 {"key11754494534096": "value-5"}
2025-08-06 15:35:38,501 INFO  [io.api.tes.ser.api.KafkaSerdesTester] (Thread-660) topic-3c3089e8_923c_44ea_a3a0_9e9c7a32bf6d 0 6 {"key11754494534096": "value-6"}
2025-08-06 15:35:38,501 INFO  [io.api.tes.ser.api.KafkaSerdesTester] (Thread-660) topic-3c3089e8_923c_44ea_a3a0_9e9c7a32bf6d 0 7 {"key11754494534096": "value-7"}
2025-08-06 15:35:38,501 INFO  [io.api.tes.ser.api.KafkaSerdesTester] (Thread-660) topic-3c3089e8_923c_44ea_a3a0_9e9c7a32bf6d 0 8 {"key11754494534096": "value-8"}
2025-08-06 15:35:38,501 INFO  [io.api.tes.ser.api.KafkaSerdesTester] (Thread-660) topic-3c3089e8_923c_44ea_a3a0_9e9c7a32bf6d 0 9 {"key11754494534096": "value-9"}
2025-08-06 15:35:38,501 INFO  [io.api.tes.ser.api.KafkaSerdesTester] (Thread-660) Consumed 10 messages
2025-08-06 15:35:38,502 INFO  [io.api.tes.ser.api.AvroSerdeIT] (main) Registering Avro Schema 2: {"type":"record","name":"s88666926xbb70x42c3x88b9xebf92e3ab108","namespace":"ns_ab56f923_ed09_4af8_a4cc_8816dfd71b67","fields":[{"name":"key11754494534096","type":"string"},{"name":"key21754494538501","type":"string"}]}
2025-08-06 15:35:39,611 INFO  [io.api.tes.ser.api.KafkaSerdesTester] (Thread-661) Sending message {"key11754494534096": "value-0", "key21754494538501": "value-0"} to topic topic-3c3089e8_923c_44ea_a3a0_9e9c7a32bf6d
2025-08-06 15:35:39,611 INFO  [DefaultSchemaResolver] (Thread-661) Retrieving schema content using string: {"type":"record","name":"s88666926xbb70x42c3x88b9xebf92e3ab108","namespace":"ns_ab56f923_ed09_4af8_a4cc_8816dfd71b67","fields":[{"name":"key11754494534096","type":"string"},{"name":"key21754494538501","type":"string"}]}
2025-08-06 15:35:39,663 INFO  [io.api.tes.ser.api.KafkaSerdesTester] (Thread-661) Sending message {"key11754494534096": "value-1", "key21754494538501": "value-1"} to topic topic-3c3089e8_923c_44ea_a3a0_9e9c7a32bf6d
2025-08-06 15:35:39,664 INFO  [io.api.tes.ser.api.KafkaSerdesTester] (Thread-661) Sending message {"key11754494534096": "value-2", "key21754494538501": "value-2"} to topic topic-3c3089e8_923c_44ea_a3a0_9e9c7a32bf6d
2025-08-06 15:35:39,666 INFO  [io.api.tes.ser.api.KafkaSerdesTester] (Thread-661) Sending message {"key11754494534096": "value-3", "key21754494538501": "value-3"} to topic topic-3c3089e8_923c_44ea_a3a0_9e9c7a32bf6d
2025-08-06 15:35:39,669 INFO  [io.api.tes.ser.api.KafkaSerdesTester] (Thread-661) Sending message {"key11754494534096": "value-4", "key21754494538501": "value-4"} to topic topic-3c3089e8_923c_44ea_a3a0_9e9c7a32bf6d
2025-08-06 15:35:39,670 INFO  [io.api.tes.ser.api.KafkaSerdesTester] (Thread-661) Sending message {"key11754494534096": "value-5", "key21754494538501": "value-5"} to topic topic-3c3089e8_923c_44ea_a3a0_9e9c7a32bf6d
2025-08-06 15:35:39,672 INFO  [io.api.tes.ser.api.KafkaSerdesTester] (Thread-661) Sending message {"key11754494534096": "value-6", "key21754494538501": "value-6"} to topic topic-3c3089e8_923c_44ea_a3a0_9e9c7a32bf6d
2025-08-06 15:35:39,674 INFO  [io.api.tes.ser.api.KafkaSerdesTester] (Thread-661) Sending message {"key11754494534096": "value-7", "key21754494538501": "value-7"} to topic topic-3c3089e8_923c_44ea_a3a0_9e9c7a32bf6d
2025-08-06 15:35:39,678 INFO  [io.api.tes.ser.api.KafkaSerdesTester] (Thread-661) Sending message {"key11754494534096": "value-8", "key21754494538501": "value-8"} to topic topic-3c3089e8_923c_44ea_a3a0_9e9c7a32bf6d
2025-08-06 15:35:39,679 INFO  [io.api.tes.ser.api.KafkaSerdesTester] (Thread-661) Sending message {"key11754494534096": "value-9", "key21754494538501": "value-9"} to topic topic-3c3089e8_923c_44ea_a3a0_9e9c7a32bf6d
2025-08-06 15:35:39,681 INFO  [io.api.tes.ser.api.KafkaSerdesTester] (Thread-661) Produced 10 messages
2025-08-06 15:35:39,681 INFO  [io.api.tes.ser.api.KafkaSerdesTester] (Thread-662) Sending message {"key11754494534096": "value-0"} to topic topic-3c3089e8_923c_44ea_a3a0_9e9c7a32bf6d
2025-08-06 15:35:39,683 INFO  [io.api.tes.ser.api.KafkaSerdesTester] (Thread-662) Sending message {"key11754494534096": "value-1"} to topic topic-3c3089e8_923c_44ea_a3a0_9e9c7a32bf6d
2025-08-06 15:35:39,686 INFO  [io.api.tes.ser.api.KafkaSerdesTester] (Thread-662) Sending message {"key11754494534096": "value-2"} to topic topic-3c3089e8_923c_44ea_a3a0_9e9c7a32bf6d
2025-08-06 15:35:39,687 INFO  [io.api.tes.ser.api.KafkaSerdesTester] (Thread-662) Sending message {"key11754494534096": "value-3"} to topic topic-3c3089e8_923c_44ea_a3a0_9e9c7a32bf6d
2025-08-06 15:35:39,689 INFO  [io.api.tes.ser.api.KafkaSerdesTester] (Thread-662) Sending message {"key11754494534096": "value-4"} to topic topic-3c3089e8_923c_44ea_a3a0_9e9c7a32bf6d
2025-08-06 15:35:39,691 INFO  [io.api.tes.ser.api.KafkaSerdesTester] (Thread-662) Sending message {"key11754494534096": "value-5"} to topic topic-3c3089e8_923c_44ea_a3a0_9e9c7a32bf6d
2025-08-06 15:35:39,693 INFO  [io.api.tes.ser.api.KafkaSerdesTester] (Thread-662) Sending message {"key11754494534096": "value-6"} to topic topic-3c3089e8_923c_44ea_a3a0_9e9c7a32bf6d
2025-08-06 15:35:39,695 INFO  [io.api.tes.ser.api.KafkaSerdesTester] (Thread-662) Sending message {"key11754494534096": "value-7"} to topic topic-3c3089e8_923c_44ea_a3a0_9e9c7a32bf6d
2025-08-06 15:35:39,697 INFO  [io.api.tes.ser.api.KafkaSerdesTester] (Thread-662) Sending message {"key11754494534096": "value-8"} to topic topic-3c3089e8_923c_44ea_a3a0_9e9c7a32bf6d
2025-08-06 15:35:39,698 INFO  [io.api.tes.ser.api.KafkaSerdesTester] (Thread-662) Sending message {"key11754494534096": "value-9"} to topic topic-3c3089e8_923c_44ea_a3a0_9e9c7a32bf6d
2025-08-06 15:35:39,700 INFO  [io.api.tes.ser.api.KafkaSerdesTester] (Thread-662) Produced 10 messages
2025-08-06 15:35:39,704 INFO  [org.apa.kaf.cli.con.int.ClassicKafkaConsumer] (Thread-663) [Consumer clientId=consumer-Consumer-topic-3c3089e8_923c_44ea_a3a0_9e9c7a32bf6d-9, groupId=Consumer-topic-3c3089e8_923c_44ea_a3a0_9e9c7a32bf6d] Subscribed to topic(s): topic-3c3089e8_923c_44ea_a3a0_9e9c7a32bf6d
2025-08-06 15:35:39,798 INFO  [io.api.tes.ser.api.KafkaSerdesTester] (Thread-663) topic-3c3089e8_923c_44ea_a3a0_9e9c7a32bf6d 0 10 {"key11754494534096": "value-0", "key21754494538501": "value-0"}
2025-08-06 15:35:39,798 INFO  [io.api.tes.ser.api.KafkaSerdesTester] (Thread-663) topic-3c3089e8_923c_44ea_a3a0_9e9c7a32bf6d 0 11 {"key11754494534096": "value-1", "key21754494538501": "value-1"}
2025-08-06 15:35:39,798 INFO  [io.api.tes.ser.api.KafkaSerdesTester] (Thread-663) topic-3c3089e8_923c_44ea_a3a0_9e9c7a32bf6d 0 12 {"key11754494534096": "value-2", "key21754494538501": "value-2"}
2025-08-06 15:35:39,798 INFO  [io.api.tes.ser.api.KafkaSerdesTester] (Thread-663) topic-3c3089e8_923c_44ea_a3a0_9e9c7a32bf6d 0 13 {"key11754494534096": "value-3", "key21754494538501": "value-3"}
2025-08-06 15:35:39,798 INFO  [io.api.tes.ser.api.KafkaSerdesTester] (Thread-663) topic-3c3089e8_923c_44ea_a3a0_9e9c7a32bf6d 0 14 {"key11754494534096": "value-4", "key21754494538501": "value-4"}
2025-08-06 15:35:39,798 INFO  [io.api.tes.ser.api.KafkaSerdesTester] (Thread-663) topic-3c3089e8_923c_44ea_a3a0_9e9c7a32bf6d 0 15 {"key11754494534096": "value-5", "key21754494538501": "value-5"}
2025-08-06 15:35:39,799 INFO  [io.api.tes.ser.api.KafkaSerdesTester] (Thread-663) topic-3c3089e8_923c_44ea_a3a0_9e9c7a32bf6d 0 16 {"key11754494534096": "value-6", "key21754494538501": "value-6"}
2025-08-06 15:35:39,799 INFO  [io.api.tes.ser.api.KafkaSerdesTester] (Thread-663) topic-3c3089e8_923c_44ea_a3a0_9e9c7a32bf6d 0 17 {"key11754494534096": "value-7", "key21754494538501": "value-7"}
2025-08-06 15:35:39,799 INFO  [io.api.tes.ser.api.KafkaSerdesTester] (Thread-663) topic-3c3089e8_923c_44ea_a3a0_9e9c7a32bf6d 0 18 {"key11754494534096": "value-8", "key21754494538501": "value-8"}
2025-08-06 15:35:39,799 INFO  [io.api.tes.ser.api.KafkaSerdesTester] (Thread-663) topic-3c3089e8_923c_44ea_a3a0_9e9c7a32bf6d 0 19 {"key11754494534096": "value-9", "key21754494538501": "value-9"}
2025-08-06 15:35:39,799 INFO  [io.api.tes.ser.api.KafkaSerdesTester] (Thread-663) topic-3c3089e8_923c_44ea_a3a0_9e9c7a32bf6d 0 20 {"key11754494534096": "value-0"}
2025-08-06 15:35:39,799 INFO  [io.api.tes.ser.api.KafkaSerdesTester] (Thread-663) topic-3c3089e8_923c_44ea_a3a0_9e9c7a32bf6d 0 21 {"key11754494534096": "value-1"}
2025-08-06 15:35:39,799 INFO  [io.api.tes.ser.api.KafkaSerdesTester] (Thread-663) topic-3c3089e8_923c_44ea_a3a0_9e9c7a32bf6d 0 22 {"key11754494534096": "value-2"}
2025-08-06 15:35:39,799 INFO  [io.api.tes.ser.api.KafkaSerdesTester] (Thread-663) topic-3c3089e8_923c_44ea_a3a0_9e9c7a32bf6d 0 23 {"key11754494534096": "value-3"}
2025-08-06 15:35:39,800 INFO  [io.api.tes.ser.api.KafkaSerdesTester] (Thread-663) topic-3c3089e8_923c_44ea_a3a0_9e9c7a32bf6d 0 24 {"key11754494534096": "value-4"}
2025-08-06 15:35:39,800 INFO  [io.api.tes.ser.api.KafkaSerdesTester] (Thread-663) topic-3c3089e8_923c_44ea_a3a0_9e9c7a32bf6d 0 25 {"key11754494534096": "value-5"}
2025-08-06 15:35:39,800 INFO  [io.api.tes.ser.api.KafkaSerdesTester] (Thread-663) topic-3c3089e8_923c_44ea_a3a0_9e9c7a32bf6d 0 26 {"key11754494534096": "value-6"}
2025-08-06 15:35:39,800 INFO  [io.api.tes.ser.api.KafkaSerdesTester] (Thread-663) topic-3c3089e8_923c_44ea_a3a0_9e9c7a32bf6d 0 27 {"key11754494534096": "value-7"}
2025-08-06 15:35:39,800 INFO  [io.api.tes.ser.api.KafkaSerdesTester] (Thread-663) topic-3c3089e8_923c_44ea_a3a0_9e9c7a32bf6d 0 28 {"key11754494534096": "value-8"}
2025-08-06 15:35:39,800 INFO  [io.api.tes.ser.api.KafkaSerdesTester] (Thread-663) topic-3c3089e8_923c_44ea_a3a0_9e9c7a32bf6d 0 29 {"key11754494534096": "value-9"}
2025-08-06 15:35:39,800 INFO  [io.api.tes.ser.api.KafkaSerdesTester] (Thread-663) Consumed 20 messages
2025-08-06 15:35:39,801 INFO  [io.api.tes.ser.api.AvroSerdeIT] (main) Registering Avro Schema 3: {"type":"record","name":"s88666926xbb70x42c3x88b9xebf92e3ab108","namespace":"ns_ab56f923_ed09_4af8_a4cc_8816dfd71b67","fields":[{"name":"key11754494534096","type":"string"},{"name":"key21754494538501","type":"string"},{"name":"key31754494539801","type":"string"}]}
2025-08-06 15:35:40,905 INFO  [io.api.tes.ser.api.KafkaSerdesTester] (Thread-664) Sending message {"key11754494534096": "value-0", "key21754494538501": "value-0", "key31754494539801": "value-0"} to topic topic-3c3089e8_923c_44ea_a3a0_9e9c7a32bf6d
2025-08-06 15:35:40,906 INFO  [DefaultSchemaResolver] (Thread-664) Retrieving schema content using string: {"type":"record","name":"s88666926xbb70x42c3x88b9xebf92e3ab108","namespace":"ns_ab56f923_ed09_4af8_a4cc_8816dfd71b67","fields":[{"name":"key11754494534096","type":"string"},{"name":"key21754494538501","type":"string"},{"name":"key31754494539801","type":"string"}]}
2025-08-06 15:35:40,954 INFO  [io.api.tes.ser.api.KafkaSerdesTester] (Thread-664) Sending message {"key11754494534096": "value-1", "key21754494538501": "value-1", "key31754494539801": "value-1"} to topic topic-3c3089e8_923c_44ea_a3a0_9e9c7a32bf6d
2025-08-06 15:35:40,956 INFO  [io.api.tes.ser.api.KafkaSerdesTester] (Thread-664) Sending message {"key11754494534096": "value-2", "key21754494538501": "value-2", "key31754494539801": "value-2"} to topic topic-3c3089e8_923c_44ea_a3a0_9e9c7a32bf6d
2025-08-06 15:35:40,959 INFO  [io.api.tes.ser.api.KafkaSerdesTester] (Thread-664) Sending message {"key11754494534096": "value-3", "key21754494538501": "value-3", "key31754494539801": "value-3"} to topic topic-3c3089e8_923c_44ea_a3a0_9e9c7a32bf6d
2025-08-06 15:35:40,964 INFO  [io.api.tes.ser.api.KafkaSerdesTester] (Thread-664) Sending message {"key11754494534096": "value-4", "key21754494538501": "value-4", "key31754494539801": "value-4"} to topic topic-3c3089e8_923c_44ea_a3a0_9e9c7a32bf6d
2025-08-06 15:35:40,966 INFO  [io.api.tes.ser.api.KafkaSerdesTester] (Thread-664) Sending message {"key11754494534096": "value-5", "key21754494538501": "value-5", "key31754494539801": "value-5"} to topic topic-3c3089e8_923c_44ea_a3a0_9e9c7a32bf6d
2025-08-06 15:35:40,969 INFO  [io.api.tes.ser.api.KafkaSerdesTester] (Thread-664) Sending message {"key11754494534096": "value-6", "key21754494538501": "value-6", "key31754494539801": "value-6"} to topic topic-3c3089e8_923c_44ea_a3a0_9e9c7a32bf6d
2025-08-06 15:35:40,970 INFO  [io.api.tes.ser.api.KafkaSerdesTester] (Thread-664) Sending message {"key11754494534096": "value-7", "key21754494538501": "value-7", "key31754494539801": "value-7"} to topic topic-3c3089e8_923c_44ea_a3a0_9e9c7a32bf6d
2025-08-06 15:35:40,973 INFO  [io.api.tes.ser.api.KafkaSerdesTester] (Thread-664) Sending message {"key11754494534096": "value-8", "key21754494538501": "value-8", "key31754494539801": "value-8"} to topic topic-3c3089e8_923c_44ea_a3a0_9e9c7a32bf6d
2025-08-06 15:35:40,978 INFO  [io.api.tes.ser.api.KafkaSerdesTester] (Thread-664) Sending message {"key11754494534096": "value-9", "key21754494538501": "value-9", "key31754494539801": "value-9"} to topic topic-3c3089e8_923c_44ea_a3a0_9e9c7a32bf6d
2025-08-06 15:35:40,983 INFO  [io.api.tes.ser.api.KafkaSerdesTester] (Thread-664) Produced 10 messages
2025-08-06 15:35:40,985 INFO  [io.api.tes.ser.api.KafkaSerdesTester] (Thread-665) Sending message {"key11754494534096": "value-0", "key21754494538501": "value-0"} to topic topic-3c3089e8_923c_44ea_a3a0_9e9c7a32bf6d
2025-08-06 15:35:40,988 INFO  [io.api.tes.ser.api.KafkaSerdesTester] (Thread-665) Sending message {"key11754494534096": "value-1", "key21754494538501": "value-1"} to topic topic-3c3089e8_923c_44ea_a3a0_9e9c7a32bf6d
2025-08-06 15:35:40,990 INFO  [io.api.tes.ser.api.KafkaSerdesTester] (Thread-665) Sending message {"key11754494534096": "value-2", "key21754494538501": "value-2"} to topic topic-3c3089e8_923c_44ea_a3a0_9e9c7a32bf6d
2025-08-06 15:35:40,991 INFO  [io.api.tes.ser.api.KafkaSerdesTester] (Thread-665) Sending message {"key11754494534096": "value-3", "key21754494538501": "value-3"} to topic topic-3c3089e8_923c_44ea_a3a0_9e9c7a32bf6d
2025-08-06 15:35:40,992 INFO  [io.api.tes.ser.api.KafkaSerdesTester] (Thread-665) Sending message {"key11754494534096": "value-4", "key21754494538501": "value-4"} to topic topic-3c3089e8_923c_44ea_a3a0_9e9c7a32bf6d
2025-08-06 15:35:40,994 INFO  [io.api.tes.ser.api.KafkaSerdesTester] (Thread-665) Sending message {"key11754494534096": "value-5", "key21754494538501": "value-5"} to topic topic-3c3089e8_923c_44ea_a3a0_9e9c7a32bf6d
2025-08-06 15:35:40,996 INFO  [io.api.tes.ser.api.KafkaSerdesTester] (Thread-665) Sending message {"key11754494534096": "value-6", "key21754494538501": "value-6"} to topic topic-3c3089e8_923c_44ea_a3a0_9e9c7a32bf6d
2025-08-06 15:35:40,997 INFO  [io.api.tes.ser.api.KafkaSerdesTester] (Thread-665) Sending message {"key11754494534096": "value-7", "key21754494538501": "value-7"} to topic topic-3c3089e8_923c_44ea_a3a0_9e9c7a32bf6d
2025-08-06 15:35:41,001 INFO  [io.api.tes.ser.api.KafkaSerdesTester] (Thread-665) Sending message {"key11754494534096": "value-8", "key21754494538501": "value-8"} to topic topic-3c3089e8_923c_44ea_a3a0_9e9c7a32bf6d
2025-08-06 15:35:41,002 INFO  [io.api.tes.ser.api.KafkaSerdesTester] (Thread-665) Sending message {"key11754494534096": "value-9", "key21754494538501": "value-9"} to topic topic-3c3089e8_923c_44ea_a3a0_9e9c7a32bf6d
2025-08-06 15:35:41,003 INFO  [io.api.tes.ser.api.KafkaSerdesTester] (Thread-665) Produced 10 messages
2025-08-06 15:35:41,004 INFO  [io.api.tes.ser.api.KafkaSerdesTester] (Thread-666) Sending message {"key11754494534096": "value-0"} to topic topic-3c3089e8_923c_44ea_a3a0_9e9c7a32bf6d
2025-08-06 15:35:41,006 INFO  [io.api.tes.ser.api.KafkaSerdesTester] (Thread-666) Sending message {"key11754494534096": "value-1"} to topic topic-3c3089e8_923c_44ea_a3a0_9e9c7a32bf6d
2025-08-06 15:35:41,007 INFO  [io.api.tes.ser.api.KafkaSerdesTester] (Thread-666) Sending message {"key11754494534096": "value-2"} to topic topic-3c3089e8_923c_44ea_a3a0_9e9c7a32bf6d
2025-08-06 15:35:41,008 INFO  [io.api.tes.ser.api.KafkaSerdesTester] (Thread-666) Sending message {"key11754494534096": "value-3"} to topic topic-3c3089e8_923c_44ea_a3a0_9e9c7a32bf6d
2025-08-06 15:35:41,009 INFO  [io.api.tes.ser.api.KafkaSerdesTester] (Thread-666) Sending message {"key11754494534096": "value-4"} to topic topic-3c3089e8_923c_44ea_a3a0_9e9c7a32bf6d
2025-08-06 15:35:41,011 INFO  [io.api.tes.ser.api.KafkaSerdesTester] (Thread-666) Sending message {"key11754494534096": "value-5"} to topic topic-3c3089e8_923c_44ea_a3a0_9e9c7a32bf6d
2025-08-06 15:35:41,012 INFO  [io.api.tes.ser.api.KafkaSerdesTester] (Thread-666) Sending message {"key11754494534096": "value-6"} to topic topic-3c3089e8_923c_44ea_a3a0_9e9c7a32bf6d
2025-08-06 15:35:41,014 INFO  [io.api.tes.ser.api.KafkaSerdesTester] (Thread-666) Sending message {"key11754494534096": "value-7"} to topic topic-3c3089e8_923c_44ea_a3a0_9e9c7a32bf6d
2025-08-06 15:35:41,016 INFO  [io.api.tes.ser.api.KafkaSerdesTester] (Thread-666) Sending message {"key11754494534096": "value-8"} to topic topic-3c3089e8_923c_44ea_a3a0_9e9c7a32bf6d
2025-08-06 15:35:41,018 INFO  [io.api.tes.ser.api.KafkaSerdesTester] (Thread-666) Sending message {"key11754494534096": "value-9"} to topic topic-3c3089e8_923c_44ea_a3a0_9e9c7a32bf6d
2025-08-06 15:35:41,021 INFO  [io.api.tes.ser.api.KafkaSerdesTester] (Thread-666) Produced 10 messages
2025-08-06 15:35:41,022 INFO  [org.apa.kaf.cli.con.int.ClassicKafkaConsumer] (Thread-667) [Consumer clientId=consumer-Consumer-topic-3c3089e8_923c_44ea_a3a0_9e9c7a32bf6d-9, groupId=Consumer-topic-3c3089e8_923c_44ea_a3a0_9e9c7a32bf6d] Subscribed to topic(s): topic-3c3089e8_923c_44ea_a3a0_9e9c7a32bf6d
2025-08-06 15:35:41,117 INFO  [io.api.tes.ser.api.KafkaSerdesTester] (Thread-667) topic-3c3089e8_923c_44ea_a3a0_9e9c7a32bf6d 0 30 {"key11754494534096": "value-0", "key21754494538501": "value-0", "key31754494539801": "value-0"}
2025-08-06 15:35:41,118 INFO  [io.api.tes.ser.api.KafkaSerdesTester] (Thread-667) topic-3c3089e8_923c_44ea_a3a0_9e9c7a32bf6d 0 31 {"key11754494534096": "value-1", "key21754494538501": "value-1", "key31754494539801": "value-1"}
2025-08-06 15:35:41,118 INFO  [io.api.tes.ser.api.KafkaSerdesTester] (Thread-667) topic-3c3089e8_923c_44ea_a3a0_9e9c7a32bf6d 0 32 {"key11754494534096": "value-2", "key21754494538501": "value-2", "key31754494539801": "value-2"}
2025-08-06 15:35:41,118 INFO  [io.api.tes.ser.api.KafkaSerdesTester] (Thread-667) topic-3c3089e8_923c_44ea_a3a0_9e9c7a32bf6d 0 33 {"key11754494534096": "value-3", "key21754494538501": "value-3", "key31754494539801": "value-3"}
2025-08-06 15:35:41,118 INFO  [io.api.tes.ser.api.KafkaSerdesTester] (Thread-667) topic-3c3089e8_923c_44ea_a3a0_9e9c7a32bf6d 0 34 {"key11754494534096": "value-4", "key21754494538501": "value-4", "key31754494539801": "value-4"}
2025-08-06 15:35:41,118 INFO  [io.api.tes.ser.api.KafkaSerdesTester] (Thread-667) topic-3c3089e8_923c_44ea_a3a0_9e9c7a32bf6d 0 35 {"key11754494534096": "value-5", "key21754494538501": "value-5", "key31754494539801": "value-5"}
2025-08-06 15:35:41,118 INFO  [io.api.tes.ser.api.KafkaSerdesTester] (Thread-667) topic-3c3089e8_923c_44ea_a3a0_9e9c7a32bf6d 0 36 {"key11754494534096": "value-6", "key21754494538501": "value-6", "key31754494539801": "value-6"}
2025-08-06 15:35:41,118 INFO  [io.api.tes.ser.api.KafkaSerdesTester] (Thread-667) topic-3c3089e8_923c_44ea_a3a0_9e9c7a32bf6d 0 37 {"key11754494534096": "value-7", "key21754494538501": "value-7", "key31754494539801": "value-7"}
2025-08-06 15:35:41,118 INFO  [io.api.tes.ser.api.KafkaSerdesTester] (Thread-667) topic-3c3089e8_923c_44ea_a3a0_9e9c7a32bf6d 0 38 {"key11754494534096": "value-8", "key21754494538501": "value-8", "key31754494539801": "value-8"}
2025-08-06 15:35:41,118 INFO  [io.api.tes.ser.api.KafkaSerdesTester] (Thread-667) topic-3c3089e8_923c_44ea_a3a0_9e9c7a32bf6d 0 39 {"key11754494534096": "value-9", "key21754494538501": "value-9", "key31754494539801": "value-9"}
2025-08-06 15:35:41,118 INFO  [io.api.tes.ser.api.KafkaSerdesTester] (Thread-667) topic-3c3089e8_923c_44ea_a3a0_9e9c7a32bf6d 0 40 {"key11754494534096": "value-0", "key21754494538501": "value-0"}
2025-08-06 15:35:41,118 INFO  [io.api.tes.ser.api.KafkaSerdesTester] (Thread-667) topic-3c3089e8_923c_44ea_a3a0_9e9c7a32bf6d 0 41 {"key11754494534096": "value-1", "key21754494538501": "value-1"}
2025-08-06 15:35:41,118 INFO  [io.api.tes.ser.api.KafkaSerdesTester] (Thread-667) topic-3c3089e8_923c_44ea_a3a0_9e9c7a32bf6d 0 42 {"key11754494534096": "value-2", "key21754494538501": "value-2"}
2025-08-06 15:35:41,118 INFO  [io.api.tes.ser.api.KafkaSerdesTester] (Thread-667) topic-3c3089e8_923c_44ea_a3a0_9e9c7a32bf6d 0 43 {"key11754494534096": "value-3", "key21754494538501": "value-3"}
2025-08-06 15:35:41,118 INFO  [io.api.tes.ser.api.KafkaSerdesTester] (Thread-667) topic-3c3089e8_923c_44ea_a3a0_9e9c7a32bf6d 0 44 {"key11754494534096": "value-4", "key21754494538501": "value-4"}
2025-08-06 15:35:41,118 INFO  [io.api.tes.ser.api.KafkaSerdesTester] (Thread-667) topic-3c3089e8_923c_44ea_a3a0_9e9c7a32bf6d 0 45 {"key11754494534096": "value-5", "key21754494538501": "value-5"}
2025-08-06 15:35:41,118 INFO  [io.api.tes.ser.api.KafkaSerdesTester] (Thread-667) topic-3c3089e8_923c_44ea_a3a0_9e9c7a32bf6d 0 46 {"key11754494534096": "value-6", "key21754494538501": "value-6"}
2025-08-06 15:35:41,118 INFO  [io.api.tes.ser.api.KafkaSerdesTester] (Thread-667) topic-3c3089e8_923c_44ea_a3a0_9e9c7a32bf6d 0 47 {"key11754494534096": "value-7", "key21754494538501": "value-7"}
2025-08-06 15:35:41,119 INFO  [io.api.tes.ser.api.KafkaSerdesTester] (Thread-667) topic-3c3089e8_923c_44ea_a3a0_9e9c7a32bf6d 0 48 {"key11754494534096": "value-8", "key21754494538501": "value-8"}
2025-08-06 15:35:41,119 INFO  [io.api.tes.ser.api.KafkaSerdesTester] (Thread-667) topic-3c3089e8_923c_44ea_a3a0_9e9c7a32bf6d 0 49 {"key11754494534096": "value-9", "key21754494538501": "value-9"}
2025-08-06 15:35:41,119 INFO  [io.api.tes.ser.api.KafkaSerdesTester] (Thread-667) topic-3c3089e8_923c_44ea_a3a0_9e9c7a32bf6d 0 50 {"key11754494534096": "value-0"}
2025-08-06 15:35:41,119 INFO  [io.api.tes.ser.api.KafkaSerdesTester] (Thread-667) topic-3c3089e8_923c_44ea_a3a0_9e9c7a32bf6d 0 51 {"key11754494534096": "value-1"}
2025-08-06 15:35:41,119 INFO  [io.api.tes.ser.api.KafkaSerdesTester] (Thread-667) topic-3c3089e8_923c_44ea_a3a0_9e9c7a32bf6d 0 52 {"key11754494534096": "value-2"}
2025-08-06 15:35:41,119 INFO  [io.api.tes.ser.api.KafkaSerdesTester] (Thread-667) topic-3c3089e8_923c_44ea_a3a0_9e9c7a32bf6d 0 53 {"key11754494534096": "value-3"}
2025-08-06 15:35:41,119 INFO  [io.api.tes.ser.api.KafkaSerdesTester] (Thread-667) topic-3c3089e8_923c_44ea_a3a0_9e9c7a32bf6d 0 54 {"key11754494534096": "value-4"}
2025-08-06 15:35:41,119 INFO  [io.api.tes.ser.api.KafkaSerdesTester] (Thread-667) topic-3c3089e8_923c_44ea_a3a0_9e9c7a32bf6d 0 55 {"key11754494534096": "value-5"}
2025-08-06 15:35:41,119 INFO  [io.api.tes.ser.api.KafkaSerdesTester] (Thread-667) topic-3c3089e8_923c_44ea_a3a0_9e9c7a32bf6d 0 56 {"key11754494534096": "value-6"}
2025-08-06 15:35:41,119 INFO  [io.api.tes.ser.api.KafkaSerdesTester] (Thread-667) topic-3c3089e8_923c_44ea_a3a0_9e9c7a32bf6d 0 57 {"key11754494534096": "value-7"}
2025-08-06 15:35:41,119 INFO  [io.api.tes.ser.api.KafkaSerdesTester] (Thread-667) topic-3c3089e8_923c_44ea_a3a0_9e9c7a32bf6d 0 58 {"key11754494534096": "value-8"}
2025-08-06 15:35:41,119 INFO  [io.api.tes.ser.api.KafkaSerdesTester] (Thread-667) topic-3c3089e8_923c_44ea_a3a0_9e9c7a32bf6d 0 59 {"key11754494534096": "value-9"}
2025-08-06 15:35:41,119 INFO  [io.api.tes.ser.api.KafkaSerdesTester] (Thread-667) Consumed 30 messages
2025-08-06 15:35:41,119 INFO  [org.apa.kaf.cli.pro.KafkaProducer] (main) [Producer clientId=Producer-topic-3c3089e8_923c_44ea_a3a0_9e9c7a32bf6d] Closing the Kafka producer with timeoutMillis = 9223372036854775807 ms.
2025-08-06 15:35:41,121 INFO  [org.apa.kaf.com.met.Metrics] (main) Metrics scheduler closed
2025-08-06 15:35:41,121 INFO  [org.apa.kaf.com.met.Metrics] (main) Closing reporter org.apache.kafka.common.metrics.JmxReporter
2025-08-06 15:35:41,121 INFO  [org.apa.kaf.com.met.Metrics] (main) Closing reporter org.apache.kafka.common.telemetry.internals.ClientTelemetryReporter
2025-08-06 15:35:41,121 INFO  [org.apa.kaf.com.met.Metrics] (main) Metrics reporters closed
2025-08-06 15:35:41,122 INFO  [org.apa.kaf.com.uti.AppInfoParser] (main) App info kafka.producer for Producer-topic-3c3089e8_923c_44ea_a3a0_9e9c7a32bf6d unregistered
2025-08-06 15:35:41,129 INFO  [org.apa.kaf.cli.con.int.ConsumerRebalanceListenerInvoker] (main) [Consumer clientId=consumer-Consumer-topic-3c3089e8_923c_44ea_a3a0_9e9c7a32bf6d-9, groupId=Consumer-topic-3c3089e8_923c_44ea_a3a0_9e9c7a32bf6d] Revoke previously assigned partitions topic-3c3089e8_923c_44ea_a3a0_9e9c7a32bf6d-0
2025-08-06 15:35:41,129 INFO  [org.apa.kaf.cli.con.int.ConsumerCoordinator] (main) [Consumer clientId=consumer-Consumer-topic-3c3089e8_923c_44ea_a3a0_9e9c7a32bf6d-9, groupId=Consumer-topic-3c3089e8_923c_44ea_a3a0_9e9c7a32bf6d] Member consumer-Consumer-topic-3c3089e8_923c_44ea_a3a0_9e9c7a32bf6d-9-c84645d3-fe7a-4f03-bda7-f4846bd1f3d4 sending LeaveGroup request to coordinator localhost:32769 (id: 2147483647 rack: null) due to the consumer is being closed
2025-08-06 15:35:41,130 INFO  [org.apa.kaf.cli.con.int.ConsumerCoordinator] (main) [Consumer clientId=consumer-Consumer-topic-3c3089e8_923c_44ea_a3a0_9e9c7a32bf6d-9, groupId=Consumer-topic-3c3089e8_923c_44ea_a3a0_9e9c7a32bf6d] Resetting generation and member id due to: consumer pro-actively leaving the group
2025-08-06 15:35:41,130 INFO  [org.apa.kaf.cli.con.int.ConsumerCoordinator] (main) [Consumer clientId=consumer-Consumer-topic-3c3089e8_923c_44ea_a3a0_9e9c7a32bf6d-9, groupId=Consumer-topic-3c3089e8_923c_44ea_a3a0_9e9c7a32bf6d] Request joining group due to: consumer pro-actively leaving the group
2025-08-06 15:35:41,621 INFO  [org.apa.kaf.com.met.Metrics] (main) Metrics scheduler closed
2025-08-06 15:35:41,621 INFO  [org.apa.kaf.com.met.Metrics] (main) Closing reporter org.apache.kafka.common.metrics.JmxReporter
2025-08-06 15:35:41,621 INFO  [org.apa.kaf.com.met.Metrics] (main) Closing reporter org.apache.kafka.common.telemetry.internals.ClientTelemetryReporter
2025-08-06 15:35:41,621 INFO  [org.apa.kaf.com.met.Metrics] (main) Metrics reporters closed
2025-08-06 15:35:41,625 INFO  [org.apa.kaf.com.uti.AppInfoParser] (main) App info kafka.consumer for consumer-Consumer-topic-3c3089e8_923c_44ea_a3a0_9e9c7a32bf6d-9 unregistered
2025-08-06 15:35:41,625 INFO  [io.api.tes.uti.TestSeparator] (main) io.apicurio.tests.serdes.apicurio.AvroSerdeIT.testEvolveAvroApicurioReusingClient-FINISHED
2025-08-06 15:35:41,625 INFO  [io.api.tes.uti.TestSeparator] (main) ############################################################################
Test passed: testEvolveAvroApicurioReusingClient
]]></system-out>
  </testcase>
  <testcase name="testProducerUsesDefaultConsumerUsesGlobalId" classname="io.apicurio.tests.serdes.apicurio.AvroSerdeIT" time="0.0">
    <skipped message="void io.apicurio.tests.serdes.apicurio.AvroSerdeIT.testProducerUsesDefaultConsumerUsesGlobalId() throws java.lang.Exception is @Disabled"/>
  </testcase>
  <testcase name="testEvolveAvroApicurio" classname="io.apicurio.tests.serdes.apicurio.AvroSerdeIT" time="15.503">
    <system-out><![CDATA[2025-08-06 15:35:41,630 INFO  [io.api.tes.uti.TestSeparator] (main) ############################################################################
2025-08-06 15:35:41,630 INFO  [io.api.tes.uti.TestSeparator] (main) io.apicurio.tests.serdes.apicurio.AvroSerdeIT.testEvolveAvroApicurio-STARTED
2025-08-06 15:35:41,631 INFO  [io.api.tes.ser.api.AvroSerdeIT] (main) Registering Avro Schema: {"type":"record","name":"sdc6e60c0x5356x42acxb7a3x1b530d8834db","namespace":"ns_e2cdcade_940c_4209_bbd0_aa9ea8ca60f0","fields":[{"name":"key11754494541631","type":"string"}]}
**** Registry Base URL: http://registry-app-inmemory.apps.ci419.apicurio-testing.org:80
2025-08-06 15:35:42,742 INFO  [org.apa.kaf.cli.pro.ProducerConfig] (main) ProducerConfig values: 
	acks = -1
	auto.include.jmx.reporter = true
	batch.size = 16384
	bootstrap.servers = [PLAINTEXT://localhost:32769]
	buffer.memory = 33554432
	client.dns.lookup = use_all_dns_ips
	client.id = Producer-topic-49cb9ddd_bd9b_4413_8833_5f780d7cf2da
	compression.gzip.level = -1
	compression.lz4.level = 9
	compression.type = none
	compression.zstd.level = 3
	connections.max.idle.ms = 10000
	delivery.timeout.ms = 120000
	enable.idempotence = true
	enable.metrics.push = true
	interceptor.classes = []
	key.serializer = class org.apache.kafka.common.serialization.StringSerializer
	linger.ms = 0
	max.block.ms = 60000
	max.in.flight.requests.per.connection = 5
	max.request.size = 1048576
	metadata.max.age.ms = 300000
	metadata.max.idle.ms = 300000
	metadata.recovery.strategy = none
	metric.reporters = []
	metrics.num.samples = 2
	metrics.recording.level = INFO
	metrics.sample.window.ms = 30000
	partitioner.adaptive.partitioning.enable = true
	partitioner.availability.timeout.ms = 0
	partitioner.class = null
	partitioner.ignore.keys = false
	receive.buffer.bytes = 32768
	reconnect.backoff.max.ms = 1000
	reconnect.backoff.ms = 50
	request.timeout.ms = 5000
	retries = 2147483647
	retry.backoff.max.ms = 1000
	retry.backoff.ms = 100
	sasl.client.callback.handler.class = null
	sasl.jaas.config = null
	sasl.kerberos.kinit.cmd = /usr/bin/kinit
	sasl.kerberos.min.time.before.relogin = 60000
	sasl.kerberos.service.name = null
	sasl.kerberos.ticket.renew.jitter = 0.05
	sasl.kerberos.ticket.renew.window.factor = 0.8
	sasl.login.callback.handler.class = null
	sasl.login.class = null
	sasl.login.connect.timeout.ms = null
	sasl.login.read.timeout.ms = null
	sasl.login.refresh.buffer.seconds = 300
	sasl.login.refresh.min.period.seconds = 60
	sasl.login.refresh.window.factor = 0.8
	sasl.login.refresh.window.jitter = 0.05
	sasl.login.retry.backoff.max.ms = 10000
	sasl.login.retry.backoff.ms = 100
	sasl.mechanism = GSSAPI
	sasl.oauthbearer.clock.skew.seconds = 30
	sasl.oauthbearer.expected.audience = null
	sasl.oauthbearer.expected.issuer = null
	sasl.oauthbearer.header.urlencode = false
	sasl.oauthbearer.jwks.endpoint.refresh.ms = 3600000
	sasl.oauthbearer.jwks.endpoint.retry.backoff.max.ms = 10000
	sasl.oauthbearer.jwks.endpoint.retry.backoff.ms = 100
	sasl.oauthbearer.jwks.endpoint.url = null
	sasl.oauthbearer.scope.claim.name = scope
	sasl.oauthbearer.sub.claim.name = sub
	sasl.oauthbearer.token.endpoint.url = null
	security.protocol = PLAINTEXT
	security.providers = null
	send.buffer.bytes = 131072
	socket.connection.setup.timeout.max.ms = 30000
	socket.connection.setup.timeout.ms = 10000
	ssl.cipher.suites = null
	ssl.enabled.protocols = [TLSv1.2, TLSv1.3]
	ssl.endpoint.identification.algorithm = https
	ssl.engine.factory.class = null
	ssl.key.password = null
	ssl.keymanager.algorithm = SunX509
	ssl.keystore.certificate.chain = null
	ssl.keystore.key = null
	ssl.keystore.location = null
	ssl.keystore.password = null
	ssl.keystore.type = JKS
	ssl.protocol = TLSv1.3
	ssl.provider = null
	ssl.secure.random.implementation = null
	ssl.trustmanager.algorithm = PKIX
	ssl.truststore.certificates = null
	ssl.truststore.location = null
	ssl.truststore.password = null
	ssl.truststore.type = JKS
	transaction.timeout.ms = 60000
	transactional.id = null
	value.serializer = class io.apicurio.registry.serde.avro.AvroKafkaSerializer

2025-08-06 15:35:42,742 INFO  [org.apa.kaf.com.tel.int.KafkaMetricsCollector] (main) initializing Kafka metrics collector
2025-08-06 15:35:42,746 INFO  [org.apa.kaf.cli.pro.KafkaProducer] (main) [Producer clientId=Producer-topic-49cb9ddd_bd9b_4413_8833_5f780d7cf2da] Instantiated an idempotent producer.
2025-08-06 15:35:42,748 INFO  [org.apa.kaf.cli.pro.ProducerConfig] (main) These configurations '[apicurio.registry.url, apicurio.registry.artifact-resolver-strategy]' were supplied but are not used yet.
2025-08-06 15:35:42,748 INFO  [org.apa.kaf.com.uti.AppInfoParser] (main) Kafka version: 3.9.1
2025-08-06 15:35:42,748 INFO  [org.apa.kaf.com.uti.AppInfoParser] (main) Kafka commitId: f745dfdcee2b9851
2025-08-06 15:35:42,748 INFO  [org.apa.kaf.com.uti.AppInfoParser] (main) Kafka startTimeMs: 1754494542748
**** Registry Base URL: http://registry-app-inmemory.apps.ci419.apicurio-testing.org:80
2025-08-06 15:35:42,748 INFO  [org.apa.kaf.cli.con.ConsumerConfig] (main) ConsumerConfig values: 
	allow.auto.create.topics = true
	auto.commit.interval.ms = 500
	auto.include.jmx.reporter = true
	auto.offset.reset = earliest
	bootstrap.servers = [PLAINTEXT://localhost:32769]
	check.crcs = true
	client.dns.lookup = use_all_dns_ips
	client.id = consumer-Consumer-topic-49cb9ddd_bd9b_4413_8833_5f780d7cf2da-10
	client.rack = 
	connections.max.idle.ms = 10000
	default.api.timeout.ms = 60000
	enable.auto.commit = true
	enable.metrics.push = true
	exclude.internal.topics = true
	fetch.max.bytes = 52428800
	fetch.max.wait.ms = 500
	fetch.min.bytes = 1
	group.id = Consumer-topic-49cb9ddd_bd9b_4413_8833_5f780d7cf2da
	group.instance.id = null
	group.protocol = classic
	group.remote.assignor = null
	heartbeat.interval.ms = 3000
	interceptor.classes = []
	internal.leave.group.on.close = true
	internal.throw.on.fetch.stable.offset.unsupported = false
	isolation.level = read_uncommitted
	key.deserializer = class org.apache.kafka.common.serialization.StringDeserializer
	max.partition.fetch.bytes = 1048576
	max.poll.interval.ms = 300000
	max.poll.records = 500
	metadata.max.age.ms = 300000
	metadata.recovery.strategy = none
	metric.reporters = []
	metrics.num.samples = 2
	metrics.recording.level = INFO
	metrics.sample.window.ms = 30000
	partition.assignment.strategy = [class org.apache.kafka.clients.consumer.RangeAssignor, class org.apache.kafka.clients.consumer.CooperativeStickyAssignor]
	receive.buffer.bytes = 65536
	reconnect.backoff.max.ms = 1000
	reconnect.backoff.ms = 50
	request.timeout.ms = 5000
	retry.backoff.max.ms = 1000
	retry.backoff.ms = 100
	sasl.client.callback.handler.class = null
	sasl.jaas.config = null
	sasl.kerberos.kinit.cmd = /usr/bin/kinit
	sasl.kerberos.min.time.before.relogin = 60000
	sasl.kerberos.service.name = null
	sasl.kerberos.ticket.renew.jitter = 0.05
	sasl.kerberos.ticket.renew.window.factor = 0.8
	sasl.login.callback.handler.class = null
	sasl.login.class = null
	sasl.login.connect.timeout.ms = null
	sasl.login.read.timeout.ms = null
	sasl.login.refresh.buffer.seconds = 300
	sasl.login.refresh.min.period.seconds = 60
	sasl.login.refresh.window.factor = 0.8
	sasl.login.refresh.window.jitter = 0.05
	sasl.login.retry.backoff.max.ms = 10000
	sasl.login.retry.backoff.ms = 100
	sasl.mechanism = GSSAPI
	sasl.oauthbearer.clock.skew.seconds = 30
	sasl.oauthbearer.expected.audience = null
	sasl.oauthbearer.expected.issuer = null
	sasl.oauthbearer.header.urlencode = false
	sasl.oauthbearer.jwks.endpoint.refresh.ms = 3600000
	sasl.oauthbearer.jwks.endpoint.retry.backoff.max.ms = 10000
	sasl.oauthbearer.jwks.endpoint.retry.backoff.ms = 100
	sasl.oauthbearer.jwks.endpoint.url = null
	sasl.oauthbearer.scope.claim.name = scope
	sasl.oauthbearer.sub.claim.name = sub
	sasl.oauthbearer.token.endpoint.url = null
	security.protocol = PLAINTEXT
	security.providers = null
	send.buffer.bytes = 131072
	session.timeout.ms = 45000
	socket.connection.setup.timeout.max.ms = 30000
	socket.connection.setup.timeout.ms = 10000
	ssl.cipher.suites = null
	ssl.enabled.protocols = [TLSv1.2, TLSv1.3]
	ssl.endpoint.identification.algorithm = https
	ssl.engine.factory.class = null
	ssl.key.password = null
	ssl.keymanager.algorithm = SunX509
	ssl.keystore.certificate.chain = null
	ssl.keystore.key = null
	ssl.keystore.location = null
	ssl.keystore.password = null
	ssl.keystore.type = JKS
	ssl.protocol = TLSv1.3
	ssl.provider = null
	ssl.secure.random.implementation = null
	ssl.trustmanager.algorithm = PKIX
	ssl.truststore.certificates = null
	ssl.truststore.location = null
	ssl.truststore.password = null
	ssl.truststore.type = JKS
	value.deserializer = class io.apicurio.registry.serde.avro.AvroKafkaDeserializer

2025-08-06 15:35:42,749 INFO  [org.apa.kaf.com.tel.int.KafkaMetricsCollector] (main) initializing Kafka metrics collector
2025-08-06 15:35:42,759 INFO  [org.apa.kaf.cli.con.ConsumerConfig] (main) These configurations '[apicurio.registry.url]' were supplied but are not used yet.
2025-08-06 15:35:42,759 INFO  [org.apa.kaf.com.uti.AppInfoParser] (main) Kafka version: 3.9.1
2025-08-06 15:35:42,759 INFO  [org.apa.kaf.com.uti.AppInfoParser] (main) Kafka commitId: f745dfdcee2b9851
2025-08-06 15:35:42,759 INFO  [org.apa.kaf.com.uti.AppInfoParser] (main) Kafka startTimeMs: 1754494542759
2025-08-06 15:35:42,759 INFO  [org.apa.kaf.cli.Metadata] (kafka-producer-network-thread | Producer-topic-49cb9ddd_bd9b_4413_8833_5f780d7cf2da) [Producer clientId=Producer-topic-49cb9ddd_bd9b_4413_8833_5f780d7cf2da] Cluster ID: XZ--LfAaTaS_n5V5dfJ0ng
2025-08-06 15:35:42,759 INFO  [org.apa.kaf.cli.pro.int.TransactionManager] (kafka-producer-network-thread | Producer-topic-49cb9ddd_bd9b_4413_8833_5f780d7cf2da) [Producer clientId=Producer-topic-49cb9ddd_bd9b_4413_8833_5f780d7cf2da] ProducerId set to 12 with epoch 0
2025-08-06 15:35:42,761 INFO  [io.api.tes.ser.api.KafkaSerdesTester] (Thread-672) Sending message {"key11754494541631": "value-0"} to topic topic-49cb9ddd_bd9b_4413_8833_5f780d7cf2da
2025-08-06 15:35:42,766 INFO  [DefaultSchemaResolver] (Thread-672) Retrieving schema content using string: {"type":"record","name":"sdc6e60c0x5356x42acxb7a3x1b530d8834db","namespace":"ns_e2cdcade_940c_4209_bbd0_aa9ea8ca60f0","fields":[{"name":"key11754494541631","type":"string"}]}
2025-08-06 15:35:42,854 INFO  [io.api.tes.ser.api.KafkaSerdesTester] (Thread-672) Sending message {"key11754494541631": "value-1"} to topic topic-49cb9ddd_bd9b_4413_8833_5f780d7cf2da
2025-08-06 15:35:42,858 INFO  [io.api.tes.ser.api.KafkaSerdesTester] (Thread-672) Sending message {"key11754494541631": "value-2"} to topic topic-49cb9ddd_bd9b_4413_8833_5f780d7cf2da
2025-08-06 15:35:42,859 INFO  [io.api.tes.ser.api.KafkaSerdesTester] (Thread-672) Sending message {"key11754494541631": "value-3"} to topic topic-49cb9ddd_bd9b_4413_8833_5f780d7cf2da
2025-08-06 15:35:42,861 INFO  [io.api.tes.ser.api.KafkaSerdesTester] (Thread-672) Sending message {"key11754494541631": "value-4"} to topic topic-49cb9ddd_bd9b_4413_8833_5f780d7cf2da
2025-08-06 15:35:42,865 INFO  [io.api.tes.ser.api.KafkaSerdesTester] (Thread-672) Sending message {"key11754494541631": "value-5"} to topic topic-49cb9ddd_bd9b_4413_8833_5f780d7cf2da
2025-08-06 15:35:42,867 INFO  [io.api.tes.ser.api.KafkaSerdesTester] (Thread-672) Sending message {"key11754494541631": "value-6"} to topic topic-49cb9ddd_bd9b_4413_8833_5f780d7cf2da
2025-08-06 15:35:42,869 INFO  [io.api.tes.ser.api.KafkaSerdesTester] (Thread-672) Sending message {"key11754494541631": "value-7"} to topic topic-49cb9ddd_bd9b_4413_8833_5f780d7cf2da
2025-08-06 15:35:42,871 INFO  [io.api.tes.ser.api.KafkaSerdesTester] (Thread-672) Sending message {"key11754494541631": "value-8"} to topic topic-49cb9ddd_bd9b_4413_8833_5f780d7cf2da
2025-08-06 15:35:42,872 INFO  [io.api.tes.ser.api.KafkaSerdesTester] (Thread-672) Sending message {"key11754494541631": "value-9"} to topic topic-49cb9ddd_bd9b_4413_8833_5f780d7cf2da
2025-08-06 15:35:42,874 INFO  [io.api.tes.ser.api.KafkaSerdesTester] (Thread-672) Produced 10 messages
2025-08-06 15:35:42,874 INFO  [org.apa.kaf.cli.pro.KafkaProducer] (Thread-672) [Producer clientId=Producer-topic-49cb9ddd_bd9b_4413_8833_5f780d7cf2da] Closing the Kafka producer with timeoutMillis = 9223372036854775807 ms.
2025-08-06 15:35:42,877 INFO  [org.apa.kaf.com.met.Metrics] (Thread-672) Metrics scheduler closed
2025-08-06 15:35:42,877 INFO  [org.apa.kaf.com.met.Metrics] (Thread-672) Closing reporter org.apache.kafka.common.metrics.JmxReporter
2025-08-06 15:35:42,877 INFO  [org.apa.kaf.com.met.Metrics] (Thread-672) Closing reporter org.apache.kafka.common.telemetry.internals.ClientTelemetryReporter
2025-08-06 15:35:42,877 INFO  [org.apa.kaf.com.met.Metrics] (Thread-672) Metrics reporters closed
2025-08-06 15:35:42,877 INFO  [org.apa.kaf.com.uti.AppInfoParser] (Thread-672) App info kafka.producer for Producer-topic-49cb9ddd_bd9b_4413_8833_5f780d7cf2da unregistered
2025-08-06 15:35:42,878 INFO  [org.apa.kaf.cli.con.int.ClassicKafkaConsumer] (Thread-673) [Consumer clientId=consumer-Consumer-topic-49cb9ddd_bd9b_4413_8833_5f780d7cf2da-10, groupId=Consumer-topic-49cb9ddd_bd9b_4413_8833_5f780d7cf2da] Subscribed to topic(s): topic-49cb9ddd_bd9b_4413_8833_5f780d7cf2da
2025-08-06 15:35:42,888 INFO  [org.apa.kaf.cli.Metadata] (Thread-673) [Consumer clientId=consumer-Consumer-topic-49cb9ddd_bd9b_4413_8833_5f780d7cf2da-10, groupId=Consumer-topic-49cb9ddd_bd9b_4413_8833_5f780d7cf2da] Cluster ID: XZ--LfAaTaS_n5V5dfJ0ng
2025-08-06 15:35:42,890 INFO  [org.apa.kaf.cli.con.int.ConsumerCoordinator] (Thread-673) [Consumer clientId=consumer-Consumer-topic-49cb9ddd_bd9b_4413_8833_5f780d7cf2da-10, groupId=Consumer-topic-49cb9ddd_bd9b_4413_8833_5f780d7cf2da] Discovered group coordinator localhost:32769 (id: 2147483647 rack: null)
2025-08-06 15:35:42,893 INFO  [org.apa.kaf.cli.con.int.ConsumerCoordinator] (Thread-673) [Consumer clientId=consumer-Consumer-topic-49cb9ddd_bd9b_4413_8833_5f780d7cf2da-10, groupId=Consumer-topic-49cb9ddd_bd9b_4413_8833_5f780d7cf2da] (Re-)joining group
2025-08-06 15:35:42,895 INFO  [org.apa.kaf.cli.con.int.ConsumerCoordinator] (Thread-673) [Consumer clientId=consumer-Consumer-topic-49cb9ddd_bd9b_4413_8833_5f780d7cf2da-10, groupId=Consumer-topic-49cb9ddd_bd9b_4413_8833_5f780d7cf2da] Request joining group due to: need to re-join with the given member-id: consumer-Consumer-topic-49cb9ddd_bd9b_4413_8833_5f780d7cf2da-10-8ab6c120-bad8-4a7e-b39d-8527f7413b85
2025-08-06 15:35:42,895 INFO  [org.apa.kaf.cli.con.int.ConsumerCoordinator] (Thread-673) [Consumer clientId=consumer-Consumer-topic-49cb9ddd_bd9b_4413_8833_5f780d7cf2da-10, groupId=Consumer-topic-49cb9ddd_bd9b_4413_8833_5f780d7cf2da] (Re-)joining group
2025-08-06 15:35:43,878 INFO  [io.api.tes.ser.api.KafkaSerdesTester] (Thread-673) None found
2025-08-06 15:35:44,879 INFO  [io.api.tes.ser.api.KafkaSerdesTester] (Thread-673) None found
2025-08-06 15:35:45,879 INFO  [io.api.tes.ser.api.KafkaSerdesTester] (Thread-673) None found
2025-08-06 15:35:45,899 INFO  [org.apa.kaf.cli.con.int.ConsumerCoordinator] (Thread-673) [Consumer clientId=consumer-Consumer-topic-49cb9ddd_bd9b_4413_8833_5f780d7cf2da-10, groupId=Consumer-topic-49cb9ddd_bd9b_4413_8833_5f780d7cf2da] Successfully joined group with generation Generation{generationId=1, memberId='consumer-Consumer-topic-49cb9ddd_bd9b_4413_8833_5f780d7cf2da-10-8ab6c120-bad8-4a7e-b39d-8527f7413b85', protocol='range'}
2025-08-06 15:35:45,899 INFO  [org.apa.kaf.cli.con.int.ConsumerCoordinator] (Thread-673) [Consumer clientId=consumer-Consumer-topic-49cb9ddd_bd9b_4413_8833_5f780d7cf2da-10, groupId=Consumer-topic-49cb9ddd_bd9b_4413_8833_5f780d7cf2da] Finished assignment for group at generation 1: {consumer-Consumer-topic-49cb9ddd_bd9b_4413_8833_5f780d7cf2da-10-8ab6c120-bad8-4a7e-b39d-8527f7413b85=Assignment(partitions=[topic-49cb9ddd_bd9b_4413_8833_5f780d7cf2da-0])}
2025-08-06 15:35:45,906 INFO  [org.apa.kaf.cli.con.int.ConsumerCoordinator] (Thread-673) [Consumer clientId=consumer-Consumer-topic-49cb9ddd_bd9b_4413_8833_5f780d7cf2da-10, groupId=Consumer-topic-49cb9ddd_bd9b_4413_8833_5f780d7cf2da] Successfully synced group in generation Generation{generationId=1, memberId='consumer-Consumer-topic-49cb9ddd_bd9b_4413_8833_5f780d7cf2da-10-8ab6c120-bad8-4a7e-b39d-8527f7413b85', protocol='range'}
2025-08-06 15:35:45,906 INFO  [org.apa.kaf.cli.con.int.ConsumerCoordinator] (Thread-673) [Consumer clientId=consumer-Consumer-topic-49cb9ddd_bd9b_4413_8833_5f780d7cf2da-10, groupId=Consumer-topic-49cb9ddd_bd9b_4413_8833_5f780d7cf2da] Notifying assignor about the new Assignment(partitions=[topic-49cb9ddd_bd9b_4413_8833_5f780d7cf2da-0])
2025-08-06 15:35:45,906 INFO  [org.apa.kaf.cli.con.int.ConsumerRebalanceListenerInvoker] (Thread-673) [Consumer clientId=consumer-Consumer-topic-49cb9ddd_bd9b_4413_8833_5f780d7cf2da-10, groupId=Consumer-topic-49cb9ddd_bd9b_4413_8833_5f780d7cf2da] Adding newly assigned partitions: topic-49cb9ddd_bd9b_4413_8833_5f780d7cf2da-0
2025-08-06 15:35:45,908 INFO  [org.apa.kaf.cli.con.int.ConsumerCoordinator] (Thread-673) [Consumer clientId=consumer-Consumer-topic-49cb9ddd_bd9b_4413_8833_5f780d7cf2da-10, groupId=Consumer-topic-49cb9ddd_bd9b_4413_8833_5f780d7cf2da] Found no committed offset for partition topic-49cb9ddd_bd9b_4413_8833_5f780d7cf2da-0
2025-08-06 15:35:45,912 INFO  [org.apa.kaf.cli.con.int.SubscriptionState] (Thread-673) [Consumer clientId=consumer-Consumer-topic-49cb9ddd_bd9b_4413_8833_5f780d7cf2da-10, groupId=Consumer-topic-49cb9ddd_bd9b_4413_8833_5f780d7cf2da] Resetting offset for partition topic-49cb9ddd_bd9b_4413_8833_5f780d7cf2da-0 to position FetchPosition{offset=0, offsetEpoch=Optional.empty, currentLeader=LeaderAndEpoch{leader=Optional[localhost:32769 (id: 0 rack: null)], epoch=0}}.
2025-08-06 15:35:46,056 INFO  [io.api.tes.ser.api.KafkaSerdesTester] (Thread-673) topic-49cb9ddd_bd9b_4413_8833_5f780d7cf2da 0 0 {"key11754494541631": "value-0"}
2025-08-06 15:35:46,056 INFO  [io.api.tes.ser.api.KafkaSerdesTester] (Thread-673) topic-49cb9ddd_bd9b_4413_8833_5f780d7cf2da 0 1 {"key11754494541631": "value-1"}
2025-08-06 15:35:46,056 INFO  [io.api.tes.ser.api.KafkaSerdesTester] (Thread-673) topic-49cb9ddd_bd9b_4413_8833_5f780d7cf2da 0 2 {"key11754494541631": "value-2"}
2025-08-06 15:35:46,056 INFO  [io.api.tes.ser.api.KafkaSerdesTester] (Thread-673) topic-49cb9ddd_bd9b_4413_8833_5f780d7cf2da 0 3 {"key11754494541631": "value-3"}
2025-08-06 15:35:46,056 INFO  [io.api.tes.ser.api.KafkaSerdesTester] (Thread-673) topic-49cb9ddd_bd9b_4413_8833_5f780d7cf2da 0 4 {"key11754494541631": "value-4"}
2025-08-06 15:35:46,056 INFO  [io.api.tes.ser.api.KafkaSerdesTester] (Thread-673) topic-49cb9ddd_bd9b_4413_8833_5f780d7cf2da 0 5 {"key11754494541631": "value-5"}
2025-08-06 15:35:46,056 INFO  [io.api.tes.ser.api.KafkaSerdesTester] (Thread-673) topic-49cb9ddd_bd9b_4413_8833_5f780d7cf2da 0 6 {"key11754494541631": "value-6"}
2025-08-06 15:35:46,056 INFO  [io.api.tes.ser.api.KafkaSerdesTester] (Thread-673) topic-49cb9ddd_bd9b_4413_8833_5f780d7cf2da 0 7 {"key11754494541631": "value-7"}
2025-08-06 15:35:46,057 INFO  [io.api.tes.ser.api.KafkaSerdesTester] (Thread-673) topic-49cb9ddd_bd9b_4413_8833_5f780d7cf2da 0 8 {"key11754494541631": "value-8"}
2025-08-06 15:35:46,057 INFO  [io.api.tes.ser.api.KafkaSerdesTester] (Thread-673) topic-49cb9ddd_bd9b_4413_8833_5f780d7cf2da 0 9 {"key11754494541631": "value-9"}
2025-08-06 15:35:46,057 INFO  [io.api.tes.ser.api.KafkaSerdesTester] (Thread-673) Consumed 10 messages
2025-08-06 15:35:46,063 INFO  [org.apa.kaf.cli.con.int.ConsumerRebalanceListenerInvoker] (Thread-673) [Consumer clientId=consumer-Consumer-topic-49cb9ddd_bd9b_4413_8833_5f780d7cf2da-10, groupId=Consumer-topic-49cb9ddd_bd9b_4413_8833_5f780d7cf2da] Revoke previously assigned partitions topic-49cb9ddd_bd9b_4413_8833_5f780d7cf2da-0
2025-08-06 15:35:46,064 INFO  [org.apa.kaf.cli.con.int.ConsumerCoordinator] (Thread-673) [Consumer clientId=consumer-Consumer-topic-49cb9ddd_bd9b_4413_8833_5f780d7cf2da-10, groupId=Consumer-topic-49cb9ddd_bd9b_4413_8833_5f780d7cf2da] Member consumer-Consumer-topic-49cb9ddd_bd9b_4413_8833_5f780d7cf2da-10-8ab6c120-bad8-4a7e-b39d-8527f7413b85 sending LeaveGroup request to coordinator localhost:32769 (id: 2147483647 rack: null) due to the consumer is being closed
2025-08-06 15:35:46,064 INFO  [org.apa.kaf.cli.con.int.ConsumerCoordinator] (Thread-673) [Consumer clientId=consumer-Consumer-topic-49cb9ddd_bd9b_4413_8833_5f780d7cf2da-10, groupId=Consumer-topic-49cb9ddd_bd9b_4413_8833_5f780d7cf2da] Resetting generation and member id due to: consumer pro-actively leaving the group
2025-08-06 15:35:46,064 INFO  [org.apa.kaf.cli.con.int.ConsumerCoordinator] (Thread-673) [Consumer clientId=consumer-Consumer-topic-49cb9ddd_bd9b_4413_8833_5f780d7cf2da-10, groupId=Consumer-topic-49cb9ddd_bd9b_4413_8833_5f780d7cf2da] Request joining group due to: consumer pro-actively leaving the group
2025-08-06 15:35:46,559 INFO  [org.apa.kaf.com.met.Metrics] (Thread-673) Metrics scheduler closed
2025-08-06 15:35:46,559 INFO  [org.apa.kaf.com.met.Metrics] (Thread-673) Closing reporter org.apache.kafka.common.metrics.JmxReporter
2025-08-06 15:35:46,559 INFO  [org.apa.kaf.com.met.Metrics] (Thread-673) Closing reporter org.apache.kafka.common.telemetry.internals.ClientTelemetryReporter
2025-08-06 15:35:46,559 INFO  [org.apa.kaf.com.met.Metrics] (Thread-673) Metrics reporters closed
2025-08-06 15:35:46,561 INFO  [org.apa.kaf.com.uti.AppInfoParser] (Thread-673) App info kafka.consumer for consumer-Consumer-topic-49cb9ddd_bd9b_4413_8833_5f780d7cf2da-10 unregistered
2025-08-06 15:35:46,563 INFO  [io.api.tes.ser.api.AvroSerdeIT] (main) Registering Avro Schema 2: {"type":"record","name":"sdc6e60c0x5356x42acxb7a3x1b530d8834db","namespace":"ns_e2cdcade_940c_4209_bbd0_aa9ea8ca60f0","fields":[{"name":"key11754494541631","type":"string"},{"name":"key21754494546562","type":"string"}]}
**** Registry Base URL: http://registry-app-inmemory.apps.ci419.apicurio-testing.org:80
2025-08-06 15:35:47,669 INFO  [org.apa.kaf.cli.pro.ProducerConfig] (main) ProducerConfig values: 
	acks = -1
	auto.include.jmx.reporter = true
	batch.size = 16384
	bootstrap.servers = [PLAINTEXT://localhost:32769]
	buffer.memory = 33554432
	client.dns.lookup = use_all_dns_ips
	client.id = Producer-topic-49cb9ddd_bd9b_4413_8833_5f780d7cf2da
	compression.gzip.level = -1
	compression.lz4.level = 9
	compression.type = none
	compression.zstd.level = 3
	connections.max.idle.ms = 10000
	delivery.timeout.ms = 120000
	enable.idempotence = true
	enable.metrics.push = true
	interceptor.classes = []
	key.serializer = class org.apache.kafka.common.serialization.StringSerializer
	linger.ms = 0
	max.block.ms = 60000
	max.in.flight.requests.per.connection = 5
	max.request.size = 1048576
	metadata.max.age.ms = 300000
	metadata.max.idle.ms = 300000
	metadata.recovery.strategy = none
	metric.reporters = []
	metrics.num.samples = 2
	metrics.recording.level = INFO
	metrics.sample.window.ms = 30000
	partitioner.adaptive.partitioning.enable = true
	partitioner.availability.timeout.ms = 0
	partitioner.class = null
	partitioner.ignore.keys = false
	receive.buffer.bytes = 32768
	reconnect.backoff.max.ms = 1000
	reconnect.backoff.ms = 50
	request.timeout.ms = 5000
	retries = 2147483647
	retry.backoff.max.ms = 1000
	retry.backoff.ms = 100
	sasl.client.callback.handler.class = null
	sasl.jaas.config = null
	sasl.kerberos.kinit.cmd = /usr/bin/kinit
	sasl.kerberos.min.time.before.relogin = 60000
	sasl.kerberos.service.name = null
	sasl.kerberos.ticket.renew.jitter = 0.05
	sasl.kerberos.ticket.renew.window.factor = 0.8
	sasl.login.callback.handler.class = null
	sasl.login.class = null
	sasl.login.connect.timeout.ms = null
	sasl.login.read.timeout.ms = null
	sasl.login.refresh.buffer.seconds = 300
	sasl.login.refresh.min.period.seconds = 60
	sasl.login.refresh.window.factor = 0.8
	sasl.login.refresh.window.jitter = 0.05
	sasl.login.retry.backoff.max.ms = 10000
	sasl.login.retry.backoff.ms = 100
	sasl.mechanism = GSSAPI
	sasl.oauthbearer.clock.skew.seconds = 30
	sasl.oauthbearer.expected.audience = null
	sasl.oauthbearer.expected.issuer = null
	sasl.oauthbearer.header.urlencode = false
	sasl.oauthbearer.jwks.endpoint.refresh.ms = 3600000
	sasl.oauthbearer.jwks.endpoint.retry.backoff.max.ms = 10000
	sasl.oauthbearer.jwks.endpoint.retry.backoff.ms = 100
	sasl.oauthbearer.jwks.endpoint.url = null
	sasl.oauthbearer.scope.claim.name = scope
	sasl.oauthbearer.sub.claim.name = sub
	sasl.oauthbearer.token.endpoint.url = null
	security.protocol = PLAINTEXT
	security.providers = null
	send.buffer.bytes = 131072
	socket.connection.setup.timeout.max.ms = 30000
	socket.connection.setup.timeout.ms = 10000
	ssl.cipher.suites = null
	ssl.enabled.protocols = [TLSv1.2, TLSv1.3]
	ssl.endpoint.identification.algorithm = https
	ssl.engine.factory.class = null
	ssl.key.password = null
	ssl.keymanager.algorithm = SunX509
	ssl.keystore.certificate.chain = null
	ssl.keystore.key = null
	ssl.keystore.location = null
	ssl.keystore.password = null
	ssl.keystore.type = JKS
	ssl.protocol = TLSv1.3
	ssl.provider = null
	ssl.secure.random.implementation = null
	ssl.trustmanager.algorithm = PKIX
	ssl.truststore.certificates = null
	ssl.truststore.location = null
	ssl.truststore.password = null
	ssl.truststore.type = JKS
	transaction.timeout.ms = 60000
	transactional.id = null
	value.serializer = class io.apicurio.registry.serde.avro.AvroKafkaSerializer

2025-08-06 15:35:47,669 INFO  [org.apa.kaf.com.tel.int.KafkaMetricsCollector] (main) initializing Kafka metrics collector
2025-08-06 15:35:47,673 INFO  [org.apa.kaf.cli.pro.KafkaProducer] (main) [Producer clientId=Producer-topic-49cb9ddd_bd9b_4413_8833_5f780d7cf2da] Instantiated an idempotent producer.
2025-08-06 15:35:47,675 INFO  [org.apa.kaf.cli.pro.ProducerConfig] (main) These configurations '[apicurio.registry.url, apicurio.registry.artifact-resolver-strategy]' were supplied but are not used yet.
2025-08-06 15:35:47,675 INFO  [org.apa.kaf.com.uti.AppInfoParser] (main) Kafka version: 3.9.1
2025-08-06 15:35:47,675 INFO  [org.apa.kaf.com.uti.AppInfoParser] (main) Kafka commitId: f745dfdcee2b9851
2025-08-06 15:35:47,675 INFO  [org.apa.kaf.com.uti.AppInfoParser] (main) Kafka startTimeMs: 1754494547675
2025-08-06 15:35:47,677 INFO  [io.api.tes.ser.api.KafkaSerdesTester] (Thread-676) Sending message {"key11754494541631": "value-0", "key21754494546562": "value-0"} to topic topic-49cb9ddd_bd9b_4413_8833_5f780d7cf2da
2025-08-06 15:35:47,681 INFO  [org.apa.kaf.cli.Metadata] (kafka-producer-network-thread | Producer-topic-49cb9ddd_bd9b_4413_8833_5f780d7cf2da) [Producer clientId=Producer-topic-49cb9ddd_bd9b_4413_8833_5f780d7cf2da] Cluster ID: XZ--LfAaTaS_n5V5dfJ0ng
2025-08-06 15:35:47,682 INFO  [DefaultSchemaResolver] (Thread-676) Retrieving schema content using string: {"type":"record","name":"sdc6e60c0x5356x42acxb7a3x1b530d8834db","namespace":"ns_e2cdcade_940c_4209_bbd0_aa9ea8ca60f0","fields":[{"name":"key11754494541631","type":"string"},{"name":"key21754494546562","type":"string"}]}
2025-08-06 15:35:47,682 INFO  [org.apa.kaf.cli.pro.int.TransactionManager] (kafka-producer-network-thread | Producer-topic-49cb9ddd_bd9b_4413_8833_5f780d7cf2da) [Producer clientId=Producer-topic-49cb9ddd_bd9b_4413_8833_5f780d7cf2da] ProducerId set to 13 with epoch 0
2025-08-06 15:35:47,796 INFO  [io.api.tes.ser.api.KafkaSerdesTester] (Thread-676) Sending message {"key11754494541631": "value-1", "key21754494546562": "value-1"} to topic topic-49cb9ddd_bd9b_4413_8833_5f780d7cf2da
2025-08-06 15:35:47,798 INFO  [io.api.tes.ser.api.KafkaSerdesTester] (Thread-676) Sending message {"key11754494541631": "value-2", "key21754494546562": "value-2"} to topic topic-49cb9ddd_bd9b_4413_8833_5f780d7cf2da
2025-08-06 15:35:47,801 INFO  [io.api.tes.ser.api.KafkaSerdesTester] (Thread-676) Sending message {"key11754494541631": "value-3", "key21754494546562": "value-3"} to topic topic-49cb9ddd_bd9b_4413_8833_5f780d7cf2da
2025-08-06 15:35:47,803 INFO  [io.api.tes.ser.api.KafkaSerdesTester] (Thread-676) Sending message {"key11754494541631": "value-4", "key21754494546562": "value-4"} to topic topic-49cb9ddd_bd9b_4413_8833_5f780d7cf2da
2025-08-06 15:35:47,805 INFO  [io.api.tes.ser.api.KafkaSerdesTester] (Thread-676) Sending message {"key11754494541631": "value-5", "key21754494546562": "value-5"} to topic topic-49cb9ddd_bd9b_4413_8833_5f780d7cf2da
2025-08-06 15:35:47,807 INFO  [io.api.tes.ser.api.KafkaSerdesTester] (Thread-676) Sending message {"key11754494541631": "value-6", "key21754494546562": "value-6"} to topic topic-49cb9ddd_bd9b_4413_8833_5f780d7cf2da
2025-08-06 15:35:47,809 INFO  [io.api.tes.ser.api.KafkaSerdesTester] (Thread-676) Sending message {"key11754494541631": "value-7", "key21754494546562": "value-7"} to topic topic-49cb9ddd_bd9b_4413_8833_5f780d7cf2da
2025-08-06 15:35:47,811 INFO  [io.api.tes.ser.api.KafkaSerdesTester] (Thread-676) Sending message {"key11754494541631": "value-8", "key21754494546562": "value-8"} to topic topic-49cb9ddd_bd9b_4413_8833_5f780d7cf2da
2025-08-06 15:35:47,812 INFO  [io.api.tes.ser.api.KafkaSerdesTester] (Thread-676) Sending message {"key11754494541631": "value-9", "key21754494546562": "value-9"} to topic topic-49cb9ddd_bd9b_4413_8833_5f780d7cf2da
2025-08-06 15:35:47,814 INFO  [io.api.tes.ser.api.KafkaSerdesTester] (Thread-676) Produced 10 messages
2025-08-06 15:35:47,814 INFO  [org.apa.kaf.cli.pro.KafkaProducer] (Thread-676) [Producer clientId=Producer-topic-49cb9ddd_bd9b_4413_8833_5f780d7cf2da] Closing the Kafka producer with timeoutMillis = 9223372036854775807 ms.
2025-08-06 15:35:47,818 INFO  [org.apa.kaf.com.met.Metrics] (Thread-676) Metrics scheduler closed
2025-08-06 15:35:47,819 INFO  [org.apa.kaf.com.met.Metrics] (Thread-676) Closing reporter org.apache.kafka.common.metrics.JmxReporter
2025-08-06 15:35:47,819 INFO  [org.apa.kaf.com.met.Metrics] (Thread-676) Closing reporter org.apache.kafka.common.telemetry.internals.ClientTelemetryReporter
2025-08-06 15:35:47,819 INFO  [org.apa.kaf.com.met.Metrics] (Thread-676) Metrics reporters closed
2025-08-06 15:35:47,819 INFO  [org.apa.kaf.com.uti.AppInfoParser] (Thread-676) App info kafka.producer for Producer-topic-49cb9ddd_bd9b_4413_8833_5f780d7cf2da unregistered
**** Registry Base URL: http://registry-app-inmemory.apps.ci419.apicurio-testing.org:80
2025-08-06 15:35:47,820 INFO  [org.apa.kaf.cli.pro.ProducerConfig] (main) ProducerConfig values: 
	acks = -1
	auto.include.jmx.reporter = true
	batch.size = 16384
	bootstrap.servers = [PLAINTEXT://localhost:32769]
	buffer.memory = 33554432
	client.dns.lookup = use_all_dns_ips
	client.id = Producer-topic-49cb9ddd_bd9b_4413_8833_5f780d7cf2da
	compression.gzip.level = -1
	compression.lz4.level = 9
	compression.type = none
	compression.zstd.level = 3
	connections.max.idle.ms = 10000
	delivery.timeout.ms = 120000
	enable.idempotence = true
	enable.metrics.push = true
	interceptor.classes = []
	key.serializer = class org.apache.kafka.common.serialization.StringSerializer
	linger.ms = 0
	max.block.ms = 60000
	max.in.flight.requests.per.connection = 5
	max.request.size = 1048576
	metadata.max.age.ms = 300000
	metadata.max.idle.ms = 300000
	metadata.recovery.strategy = none
	metric.reporters = []
	metrics.num.samples = 2
	metrics.recording.level = INFO
	metrics.sample.window.ms = 30000
	partitioner.adaptive.partitioning.enable = true
	partitioner.availability.timeout.ms = 0
	partitioner.class = null
	partitioner.ignore.keys = false
	receive.buffer.bytes = 32768
	reconnect.backoff.max.ms = 1000
	reconnect.backoff.ms = 50
	request.timeout.ms = 5000
	retries = 2147483647
	retry.backoff.max.ms = 1000
	retry.backoff.ms = 100
	sasl.client.callback.handler.class = null
	sasl.jaas.config = null
	sasl.kerberos.kinit.cmd = /usr/bin/kinit
	sasl.kerberos.min.time.before.relogin = 60000
	sasl.kerberos.service.name = null
	sasl.kerberos.ticket.renew.jitter = 0.05
	sasl.kerberos.ticket.renew.window.factor = 0.8
	sasl.login.callback.handler.class = null
	sasl.login.class = null
	sasl.login.connect.timeout.ms = null
	sasl.login.read.timeout.ms = null
	sasl.login.refresh.buffer.seconds = 300
	sasl.login.refresh.min.period.seconds = 60
	sasl.login.refresh.window.factor = 0.8
	sasl.login.refresh.window.jitter = 0.05
	sasl.login.retry.backoff.max.ms = 10000
	sasl.login.retry.backoff.ms = 100
	sasl.mechanism = GSSAPI
	sasl.oauthbearer.clock.skew.seconds = 30
	sasl.oauthbearer.expected.audience = null
	sasl.oauthbearer.expected.issuer = null
	sasl.oauthbearer.header.urlencode = false
	sasl.oauthbearer.jwks.endpoint.refresh.ms = 3600000
	sasl.oauthbearer.jwks.endpoint.retry.backoff.max.ms = 10000
	sasl.oauthbearer.jwks.endpoint.retry.backoff.ms = 100
	sasl.oauthbearer.jwks.endpoint.url = null
	sasl.oauthbearer.scope.claim.name = scope
	sasl.oauthbearer.sub.claim.name = sub
	sasl.oauthbearer.token.endpoint.url = null
	security.protocol = PLAINTEXT
	security.providers = null
	send.buffer.bytes = 131072
	socket.connection.setup.timeout.max.ms = 30000
	socket.connection.setup.timeout.ms = 10000
	ssl.cipher.suites = null
	ssl.enabled.protocols = [TLSv1.2, TLSv1.3]
	ssl.endpoint.identification.algorithm = https
	ssl.engine.factory.class = null
	ssl.key.password = null
	ssl.keymanager.algorithm = SunX509
	ssl.keystore.certificate.chain = null
	ssl.keystore.key = null
	ssl.keystore.location = null
	ssl.keystore.password = null
	ssl.keystore.type = JKS
	ssl.protocol = TLSv1.3
	ssl.provider = null
	ssl.secure.random.implementation = null
	ssl.trustmanager.algorithm = PKIX
	ssl.truststore.certificates = null
	ssl.truststore.location = null
	ssl.truststore.password = null
	ssl.truststore.type = JKS
	transaction.timeout.ms = 60000
	transactional.id = null
	value.serializer = class io.apicurio.registry.serde.avro.AvroKafkaSerializer

2025-08-06 15:35:47,820 INFO  [org.apa.kaf.com.tel.int.KafkaMetricsCollector] (main) initializing Kafka metrics collector
2025-08-06 15:35:47,828 INFO  [org.apa.kaf.cli.pro.KafkaProducer] (main) [Producer clientId=Producer-topic-49cb9ddd_bd9b_4413_8833_5f780d7cf2da] Instantiated an idempotent producer.
2025-08-06 15:35:47,830 INFO  [org.apa.kaf.cli.pro.ProducerConfig] (main) These configurations '[apicurio.registry.url, apicurio.registry.artifact-resolver-strategy]' were supplied but are not used yet.
2025-08-06 15:35:47,830 INFO  [org.apa.kaf.com.uti.AppInfoParser] (main) Kafka version: 3.9.1
2025-08-06 15:35:47,830 INFO  [org.apa.kaf.com.uti.AppInfoParser] (main) Kafka commitId: f745dfdcee2b9851
2025-08-06 15:35:47,830 INFO  [org.apa.kaf.com.uti.AppInfoParser] (main) Kafka startTimeMs: 1754494547830
2025-08-06 15:35:47,831 INFO  [io.api.tes.ser.api.KafkaSerdesTester] (Thread-679) Sending message {"key11754494541631": "value-0"} to topic topic-49cb9ddd_bd9b_4413_8833_5f780d7cf2da
2025-08-06 15:35:47,835 INFO  [org.apa.kaf.cli.Metadata] (kafka-producer-network-thread | Producer-topic-49cb9ddd_bd9b_4413_8833_5f780d7cf2da) [Producer clientId=Producer-topic-49cb9ddd_bd9b_4413_8833_5f780d7cf2da] Cluster ID: XZ--LfAaTaS_n5V5dfJ0ng
2025-08-06 15:35:47,836 INFO  [DefaultSchemaResolver] (Thread-679) Retrieving schema content using string: {"type":"record","name":"sdc6e60c0x5356x42acxb7a3x1b530d8834db","namespace":"ns_e2cdcade_940c_4209_bbd0_aa9ea8ca60f0","fields":[{"name":"key11754494541631","type":"string"}]}
2025-08-06 15:35:47,840 INFO  [org.apa.kaf.cli.pro.int.TransactionManager] (kafka-producer-network-thread | Producer-topic-49cb9ddd_bd9b_4413_8833_5f780d7cf2da) [Producer clientId=Producer-topic-49cb9ddd_bd9b_4413_8833_5f780d7cf2da] ProducerId set to 14 with epoch 0
2025-08-06 15:35:47,932 INFO  [io.api.tes.ser.api.KafkaSerdesTester] (Thread-679) Sending message {"key11754494541631": "value-1"} to topic topic-49cb9ddd_bd9b_4413_8833_5f780d7cf2da
2025-08-06 15:35:47,933 INFO  [io.api.tes.ser.api.KafkaSerdesTester] (Thread-679) Sending message {"key11754494541631": "value-2"} to topic topic-49cb9ddd_bd9b_4413_8833_5f780d7cf2da
2025-08-06 15:35:47,934 INFO  [io.api.tes.ser.api.KafkaSerdesTester] (Thread-679) Sending message {"key11754494541631": "value-3"} to topic topic-49cb9ddd_bd9b_4413_8833_5f780d7cf2da
2025-08-06 15:35:47,935 INFO  [io.api.tes.ser.api.KafkaSerdesTester] (Thread-679) Sending message {"key11754494541631": "value-4"} to topic topic-49cb9ddd_bd9b_4413_8833_5f780d7cf2da
2025-08-06 15:35:47,936 INFO  [io.api.tes.ser.api.KafkaSerdesTester] (Thread-679) Sending message {"key11754494541631": "value-5"} to topic topic-49cb9ddd_bd9b_4413_8833_5f780d7cf2da
2025-08-06 15:35:47,937 INFO  [io.api.tes.ser.api.KafkaSerdesTester] (Thread-679) Sending message {"key11754494541631": "value-6"} to topic topic-49cb9ddd_bd9b_4413_8833_5f780d7cf2da
2025-08-06 15:35:47,939 INFO  [io.api.tes.ser.api.KafkaSerdesTester] (Thread-679) Sending message {"key11754494541631": "value-7"} to topic topic-49cb9ddd_bd9b_4413_8833_5f780d7cf2da
2025-08-06 15:35:47,941 INFO  [io.api.tes.ser.api.KafkaSerdesTester] (Thread-679) Sending message {"key11754494541631": "value-8"} to topic topic-49cb9ddd_bd9b_4413_8833_5f780d7cf2da
2025-08-06 15:35:47,942 INFO  [io.api.tes.ser.api.KafkaSerdesTester] (Thread-679) Sending message {"key11754494541631": "value-9"} to topic topic-49cb9ddd_bd9b_4413_8833_5f780d7cf2da
2025-08-06 15:35:47,943 INFO  [io.api.tes.ser.api.KafkaSerdesTester] (Thread-679) Produced 10 messages
2025-08-06 15:35:47,943 INFO  [org.apa.kaf.cli.pro.KafkaProducer] (Thread-679) [Producer clientId=Producer-topic-49cb9ddd_bd9b_4413_8833_5f780d7cf2da] Closing the Kafka producer with timeoutMillis = 9223372036854775807 ms.
2025-08-06 15:35:47,945 INFO  [org.apa.kaf.com.met.Metrics] (Thread-679) Metrics scheduler closed
2025-08-06 15:35:47,945 INFO  [org.apa.kaf.com.met.Metrics] (Thread-679) Closing reporter org.apache.kafka.common.metrics.JmxReporter
2025-08-06 15:35:47,945 INFO  [org.apa.kaf.com.met.Metrics] (Thread-679) Closing reporter org.apache.kafka.common.telemetry.internals.ClientTelemetryReporter
2025-08-06 15:35:47,945 INFO  [org.apa.kaf.com.met.Metrics] (Thread-679) Metrics reporters closed
2025-08-06 15:35:47,945 INFO  [org.apa.kaf.com.uti.AppInfoParser] (Thread-679) App info kafka.producer for Producer-topic-49cb9ddd_bd9b_4413_8833_5f780d7cf2da unregistered
**** Registry Base URL: http://registry-app-inmemory.apps.ci419.apicurio-testing.org:80
2025-08-06 15:35:47,946 INFO  [org.apa.kaf.cli.con.ConsumerConfig] (main) ConsumerConfig values: 
	allow.auto.create.topics = true
	auto.commit.interval.ms = 500
	auto.include.jmx.reporter = true
	auto.offset.reset = earliest
	bootstrap.servers = [PLAINTEXT://localhost:32769]
	check.crcs = true
	client.dns.lookup = use_all_dns_ips
	client.id = consumer-Consumer-topic-49cb9ddd_bd9b_4413_8833_5f780d7cf2da-11
	client.rack = 
	connections.max.idle.ms = 10000
	default.api.timeout.ms = 60000
	enable.auto.commit = true
	enable.metrics.push = true
	exclude.internal.topics = true
	fetch.max.bytes = 52428800
	fetch.max.wait.ms = 500
	fetch.min.bytes = 1
	group.id = Consumer-topic-49cb9ddd_bd9b_4413_8833_5f780d7cf2da
	group.instance.id = null
	group.protocol = classic
	group.remote.assignor = null
	heartbeat.interval.ms = 3000
	interceptor.classes = []
	internal.leave.group.on.close = true
	internal.throw.on.fetch.stable.offset.unsupported = false
	isolation.level = read_uncommitted
	key.deserializer = class org.apache.kafka.common.serialization.StringDeserializer
	max.partition.fetch.bytes = 1048576
	max.poll.interval.ms = 300000
	max.poll.records = 500
	metadata.max.age.ms = 300000
	metadata.recovery.strategy = none
	metric.reporters = []
	metrics.num.samples = 2
	metrics.recording.level = INFO
	metrics.sample.window.ms = 30000
	partition.assignment.strategy = [class org.apache.kafka.clients.consumer.RangeAssignor, class org.apache.kafka.clients.consumer.CooperativeStickyAssignor]
	receive.buffer.bytes = 65536
	reconnect.backoff.max.ms = 1000
	reconnect.backoff.ms = 50
	request.timeout.ms = 5000
	retry.backoff.max.ms = 1000
	retry.backoff.ms = 100
	sasl.client.callback.handler.class = null
	sasl.jaas.config = null
	sasl.kerberos.kinit.cmd = /usr/bin/kinit
	sasl.kerberos.min.time.before.relogin = 60000
	sasl.kerberos.service.name = null
	sasl.kerberos.ticket.renew.jitter = 0.05
	sasl.kerberos.ticket.renew.window.factor = 0.8
	sasl.login.callback.handler.class = null
	sasl.login.class = null
	sasl.login.connect.timeout.ms = null
	sasl.login.read.timeout.ms = null
	sasl.login.refresh.buffer.seconds = 300
	sasl.login.refresh.min.period.seconds = 60
	sasl.login.refresh.window.factor = 0.8
	sasl.login.refresh.window.jitter = 0.05
	sasl.login.retry.backoff.max.ms = 10000
	sasl.login.retry.backoff.ms = 100
	sasl.mechanism = GSSAPI
	sasl.oauthbearer.clock.skew.seconds = 30
	sasl.oauthbearer.expected.audience = null
	sasl.oauthbearer.expected.issuer = null
	sasl.oauthbearer.header.urlencode = false
	sasl.oauthbearer.jwks.endpoint.refresh.ms = 3600000
	sasl.oauthbearer.jwks.endpoint.retry.backoff.max.ms = 10000
	sasl.oauthbearer.jwks.endpoint.retry.backoff.ms = 100
	sasl.oauthbearer.jwks.endpoint.url = null
	sasl.oauthbearer.scope.claim.name = scope
	sasl.oauthbearer.sub.claim.name = sub
	sasl.oauthbearer.token.endpoint.url = null
	security.protocol = PLAINTEXT
	security.providers = null
	send.buffer.bytes = 131072
	session.timeout.ms = 45000
	socket.connection.setup.timeout.max.ms = 30000
	socket.connection.setup.timeout.ms = 10000
	ssl.cipher.suites = null
	ssl.enabled.protocols = [TLSv1.2, TLSv1.3]
	ssl.endpoint.identification.algorithm = https
	ssl.engine.factory.class = null
	ssl.key.password = null
	ssl.keymanager.algorithm = SunX509
	ssl.keystore.certificate.chain = null
	ssl.keystore.key = null
	ssl.keystore.location = null
	ssl.keystore.password = null
	ssl.keystore.type = JKS
	ssl.protocol = TLSv1.3
	ssl.provider = null
	ssl.secure.random.implementation = null
	ssl.trustmanager.algorithm = PKIX
	ssl.truststore.certificates = null
	ssl.truststore.location = null
	ssl.truststore.password = null
	ssl.truststore.type = JKS
	value.deserializer = class io.apicurio.registry.serde.avro.AvroKafkaDeserializer

2025-08-06 15:35:47,946 INFO  [org.apa.kaf.com.tel.int.KafkaMetricsCollector] (main) initializing Kafka metrics collector
2025-08-06 15:35:47,952 INFO  [org.apa.kaf.cli.con.ConsumerConfig] (main) These configurations '[apicurio.registry.url]' were supplied but are not used yet.
2025-08-06 15:35:47,952 INFO  [org.apa.kaf.com.uti.AppInfoParser] (main) Kafka version: 3.9.1
2025-08-06 15:35:47,952 INFO  [org.apa.kaf.com.uti.AppInfoParser] (main) Kafka commitId: f745dfdcee2b9851
2025-08-06 15:35:47,952 INFO  [org.apa.kaf.com.uti.AppInfoParser] (main) Kafka startTimeMs: 1754494547952
2025-08-06 15:35:47,953 INFO  [org.apa.kaf.cli.con.int.ClassicKafkaConsumer] (Thread-682) [Consumer clientId=consumer-Consumer-topic-49cb9ddd_bd9b_4413_8833_5f780d7cf2da-11, groupId=Consumer-topic-49cb9ddd_bd9b_4413_8833_5f780d7cf2da] Subscribed to topic(s): topic-49cb9ddd_bd9b_4413_8833_5f780d7cf2da
2025-08-06 15:35:47,957 INFO  [org.apa.kaf.cli.Metadata] (Thread-682) [Consumer clientId=consumer-Consumer-topic-49cb9ddd_bd9b_4413_8833_5f780d7cf2da-11, groupId=Consumer-topic-49cb9ddd_bd9b_4413_8833_5f780d7cf2da] Cluster ID: XZ--LfAaTaS_n5V5dfJ0ng
2025-08-06 15:35:47,957 INFO  [org.apa.kaf.cli.con.int.ConsumerCoordinator] (Thread-682) [Consumer clientId=consumer-Consumer-topic-49cb9ddd_bd9b_4413_8833_5f780d7cf2da-11, groupId=Consumer-topic-49cb9ddd_bd9b_4413_8833_5f780d7cf2da] Discovered group coordinator localhost:32769 (id: 2147483647 rack: null)
2025-08-06 15:35:47,958 INFO  [org.apa.kaf.cli.con.int.ConsumerCoordinator] (Thread-682) [Consumer clientId=consumer-Consumer-topic-49cb9ddd_bd9b_4413_8833_5f780d7cf2da-11, groupId=Consumer-topic-49cb9ddd_bd9b_4413_8833_5f780d7cf2da] (Re-)joining group
2025-08-06 15:35:47,961 INFO  [org.apa.kaf.cli.con.int.ConsumerCoordinator] (Thread-682) [Consumer clientId=consumer-Consumer-topic-49cb9ddd_bd9b_4413_8833_5f780d7cf2da-11, groupId=Consumer-topic-49cb9ddd_bd9b_4413_8833_5f780d7cf2da] Request joining group due to: need to re-join with the given member-id: consumer-Consumer-topic-49cb9ddd_bd9b_4413_8833_5f780d7cf2da-11-c1eeb7e6-0920-490e-b1cf-88c6df08ad0d
2025-08-06 15:35:47,961 INFO  [org.apa.kaf.cli.con.int.ConsumerCoordinator] (Thread-682) [Consumer clientId=consumer-Consumer-topic-49cb9ddd_bd9b_4413_8833_5f780d7cf2da-11, groupId=Consumer-topic-49cb9ddd_bd9b_4413_8833_5f780d7cf2da] (Re-)joining group
2025-08-06 15:35:48,953 INFO  [io.api.tes.ser.api.KafkaSerdesTester] (Thread-682) None found
2025-08-06 15:35:49,953 INFO  [io.api.tes.ser.api.KafkaSerdesTester] (Thread-682) None found
2025-08-06 15:35:50,953 INFO  [io.api.tes.ser.api.KafkaSerdesTester] (Thread-682) None found
2025-08-06 15:35:50,964 INFO  [org.apa.kaf.cli.con.int.ConsumerCoordinator] (Thread-682) [Consumer clientId=consumer-Consumer-topic-49cb9ddd_bd9b_4413_8833_5f780d7cf2da-11, groupId=Consumer-topic-49cb9ddd_bd9b_4413_8833_5f780d7cf2da] Successfully joined group with generation Generation{generationId=3, memberId='consumer-Consumer-topic-49cb9ddd_bd9b_4413_8833_5f780d7cf2da-11-c1eeb7e6-0920-490e-b1cf-88c6df08ad0d', protocol='range'}
2025-08-06 15:35:50,964 INFO  [org.apa.kaf.cli.con.int.ConsumerCoordinator] (Thread-682) [Consumer clientId=consumer-Consumer-topic-49cb9ddd_bd9b_4413_8833_5f780d7cf2da-11, groupId=Consumer-topic-49cb9ddd_bd9b_4413_8833_5f780d7cf2da] Finished assignment for group at generation 3: {consumer-Consumer-topic-49cb9ddd_bd9b_4413_8833_5f780d7cf2da-11-c1eeb7e6-0920-490e-b1cf-88c6df08ad0d=Assignment(partitions=[topic-49cb9ddd_bd9b_4413_8833_5f780d7cf2da-0])}
2025-08-06 15:35:50,971 INFO  [org.apa.kaf.cli.con.int.ConsumerCoordinator] (Thread-682) [Consumer clientId=consumer-Consumer-topic-49cb9ddd_bd9b_4413_8833_5f780d7cf2da-11, groupId=Consumer-topic-49cb9ddd_bd9b_4413_8833_5f780d7cf2da] Successfully synced group in generation Generation{generationId=3, memberId='consumer-Consumer-topic-49cb9ddd_bd9b_4413_8833_5f780d7cf2da-11-c1eeb7e6-0920-490e-b1cf-88c6df08ad0d', protocol='range'}
2025-08-06 15:35:50,971 INFO  [org.apa.kaf.cli.con.int.ConsumerCoordinator] (Thread-682) [Consumer clientId=consumer-Consumer-topic-49cb9ddd_bd9b_4413_8833_5f780d7cf2da-11, groupId=Consumer-topic-49cb9ddd_bd9b_4413_8833_5f780d7cf2da] Notifying assignor about the new Assignment(partitions=[topic-49cb9ddd_bd9b_4413_8833_5f780d7cf2da-0])
2025-08-06 15:35:50,971 INFO  [org.apa.kaf.cli.con.int.ConsumerRebalanceListenerInvoker] (Thread-682) [Consumer clientId=consumer-Consumer-topic-49cb9ddd_bd9b_4413_8833_5f780d7cf2da-11, groupId=Consumer-topic-49cb9ddd_bd9b_4413_8833_5f780d7cf2da] Adding newly assigned partitions: topic-49cb9ddd_bd9b_4413_8833_5f780d7cf2da-0
2025-08-06 15:35:50,972 INFO  [org.apa.kaf.cli.con.int.ConsumerUtils] (Thread-682) Setting offset for partition topic-49cb9ddd_bd9b_4413_8833_5f780d7cf2da-0 to the committed offset FetchPosition{offset=10, offsetEpoch=Optional[0], currentLeader=LeaderAndEpoch{leader=Optional[localhost:32769 (id: 0 rack: null)], epoch=0}}
2025-08-06 15:35:51,236 INFO  [io.api.tes.ser.api.KafkaSerdesTester] (Thread-682) topic-49cb9ddd_bd9b_4413_8833_5f780d7cf2da 0 10 {"key11754494541631": "value-0", "key21754494546562": "value-0"}
2025-08-06 15:35:51,236 INFO  [io.api.tes.ser.api.KafkaSerdesTester] (Thread-682) topic-49cb9ddd_bd9b_4413_8833_5f780d7cf2da 0 11 {"key11754494541631": "value-1", "key21754494546562": "value-1"}
2025-08-06 15:35:51,236 INFO  [io.api.tes.ser.api.KafkaSerdesTester] (Thread-682) topic-49cb9ddd_bd9b_4413_8833_5f780d7cf2da 0 12 {"key11754494541631": "value-2", "key21754494546562": "value-2"}
2025-08-06 15:35:51,236 INFO  [io.api.tes.ser.api.KafkaSerdesTester] (Thread-682) topic-49cb9ddd_bd9b_4413_8833_5f780d7cf2da 0 13 {"key11754494541631": "value-3", "key21754494546562": "value-3"}
2025-08-06 15:35:51,236 INFO  [io.api.tes.ser.api.KafkaSerdesTester] (Thread-682) topic-49cb9ddd_bd9b_4413_8833_5f780d7cf2da 0 14 {"key11754494541631": "value-4", "key21754494546562": "value-4"}
2025-08-06 15:35:51,236 INFO  [io.api.tes.ser.api.KafkaSerdesTester] (Thread-682) topic-49cb9ddd_bd9b_4413_8833_5f780d7cf2da 0 15 {"key11754494541631": "value-5", "key21754494546562": "value-5"}
2025-08-06 15:35:51,236 INFO  [io.api.tes.ser.api.KafkaSerdesTester] (Thread-682) topic-49cb9ddd_bd9b_4413_8833_5f780d7cf2da 0 16 {"key11754494541631": "value-6", "key21754494546562": "value-6"}
2025-08-06 15:35:51,236 INFO  [io.api.tes.ser.api.KafkaSerdesTester] (Thread-682) topic-49cb9ddd_bd9b_4413_8833_5f780d7cf2da 0 17 {"key11754494541631": "value-7", "key21754494546562": "value-7"}
2025-08-06 15:35:51,236 INFO  [io.api.tes.ser.api.KafkaSerdesTester] (Thread-682) topic-49cb9ddd_bd9b_4413_8833_5f780d7cf2da 0 18 {"key11754494541631": "value-8", "key21754494546562": "value-8"}
2025-08-06 15:35:51,236 INFO  [io.api.tes.ser.api.KafkaSerdesTester] (Thread-682) topic-49cb9ddd_bd9b_4413_8833_5f780d7cf2da 0 19 {"key11754494541631": "value-9", "key21754494546562": "value-9"}
2025-08-06 15:35:51,236 INFO  [io.api.tes.ser.api.KafkaSerdesTester] (Thread-682) topic-49cb9ddd_bd9b_4413_8833_5f780d7cf2da 0 20 {"key11754494541631": "value-0"}
2025-08-06 15:35:51,236 INFO  [io.api.tes.ser.api.KafkaSerdesTester] (Thread-682) topic-49cb9ddd_bd9b_4413_8833_5f780d7cf2da 0 21 {"key11754494541631": "value-1"}
2025-08-06 15:35:51,236 INFO  [io.api.tes.ser.api.KafkaSerdesTester] (Thread-682) topic-49cb9ddd_bd9b_4413_8833_5f780d7cf2da 0 22 {"key11754494541631": "value-2"}
2025-08-06 15:35:51,236 INFO  [io.api.tes.ser.api.KafkaSerdesTester] (Thread-682) topic-49cb9ddd_bd9b_4413_8833_5f780d7cf2da 0 23 {"key11754494541631": "value-3"}
2025-08-06 15:35:51,236 INFO  [io.api.tes.ser.api.KafkaSerdesTester] (Thread-682) topic-49cb9ddd_bd9b_4413_8833_5f780d7cf2da 0 24 {"key11754494541631": "value-4"}
2025-08-06 15:35:51,236 INFO  [io.api.tes.ser.api.KafkaSerdesTester] (Thread-682) topic-49cb9ddd_bd9b_4413_8833_5f780d7cf2da 0 25 {"key11754494541631": "value-5"}
2025-08-06 15:35:51,237 INFO  [io.api.tes.ser.api.KafkaSerdesTester] (Thread-682) topic-49cb9ddd_bd9b_4413_8833_5f780d7cf2da 0 26 {"key11754494541631": "value-6"}
2025-08-06 15:35:51,237 INFO  [io.api.tes.ser.api.KafkaSerdesTester] (Thread-682) topic-49cb9ddd_bd9b_4413_8833_5f780d7cf2da 0 27 {"key11754494541631": "value-7"}
2025-08-06 15:35:51,237 INFO  [io.api.tes.ser.api.KafkaSerdesTester] (Thread-682) topic-49cb9ddd_bd9b_4413_8833_5f780d7cf2da 0 28 {"key11754494541631": "value-8"}
2025-08-06 15:35:51,237 INFO  [io.api.tes.ser.api.KafkaSerdesTester] (Thread-682) topic-49cb9ddd_bd9b_4413_8833_5f780d7cf2da 0 29 {"key11754494541631": "value-9"}
2025-08-06 15:35:51,237 INFO  [io.api.tes.ser.api.KafkaSerdesTester] (Thread-682) Consumed 20 messages
2025-08-06 15:35:51,244 INFO  [org.apa.kaf.cli.con.int.ConsumerRebalanceListenerInvoker] (Thread-682) [Consumer clientId=consumer-Consumer-topic-49cb9ddd_bd9b_4413_8833_5f780d7cf2da-11, groupId=Consumer-topic-49cb9ddd_bd9b_4413_8833_5f780d7cf2da] Revoke previously assigned partitions topic-49cb9ddd_bd9b_4413_8833_5f780d7cf2da-0
2025-08-06 15:35:51,244 INFO  [org.apa.kaf.cli.con.int.ConsumerCoordinator] (Thread-682) [Consumer clientId=consumer-Consumer-topic-49cb9ddd_bd9b_4413_8833_5f780d7cf2da-11, groupId=Consumer-topic-49cb9ddd_bd9b_4413_8833_5f780d7cf2da] Member consumer-Consumer-topic-49cb9ddd_bd9b_4413_8833_5f780d7cf2da-11-c1eeb7e6-0920-490e-b1cf-88c6df08ad0d sending LeaveGroup request to coordinator localhost:32769 (id: 2147483647 rack: null) due to the consumer is being closed
2025-08-06 15:35:51,245 INFO  [org.apa.kaf.cli.con.int.ConsumerCoordinator] (Thread-682) [Consumer clientId=consumer-Consumer-topic-49cb9ddd_bd9b_4413_8833_5f780d7cf2da-11, groupId=Consumer-topic-49cb9ddd_bd9b_4413_8833_5f780d7cf2da] Resetting generation and member id due to: consumer pro-actively leaving the group
2025-08-06 15:35:51,245 INFO  [org.apa.kaf.cli.con.int.ConsumerCoordinator] (Thread-682) [Consumer clientId=consumer-Consumer-topic-49cb9ddd_bd9b_4413_8833_5f780d7cf2da-11, groupId=Consumer-topic-49cb9ddd_bd9b_4413_8833_5f780d7cf2da] Request joining group due to: consumer pro-actively leaving the group
2025-08-06 15:35:51,740 INFO  [org.apa.kaf.com.met.Metrics] (Thread-682) Metrics scheduler closed
2025-08-06 15:35:51,740 INFO  [org.apa.kaf.com.met.Metrics] (Thread-682) Closing reporter org.apache.kafka.common.metrics.JmxReporter
2025-08-06 15:35:51,740 INFO  [org.apa.kaf.com.met.Metrics] (Thread-682) Closing reporter org.apache.kafka.common.telemetry.internals.ClientTelemetryReporter
2025-08-06 15:35:51,740 INFO  [org.apa.kaf.com.met.Metrics] (Thread-682) Metrics reporters closed
2025-08-06 15:35:51,742 INFO  [org.apa.kaf.com.uti.AppInfoParser] (Thread-682) App info kafka.consumer for consumer-Consumer-topic-49cb9ddd_bd9b_4413_8833_5f780d7cf2da-11 unregistered
2025-08-06 15:35:51,743 INFO  [io.api.tes.ser.api.AvroSerdeIT] (main) Registering Avro Schema 3: {"type":"record","name":"sdc6e60c0x5356x42acxb7a3x1b530d8834db","namespace":"ns_e2cdcade_940c_4209_bbd0_aa9ea8ca60f0","fields":[{"name":"key11754494541631","type":"string"},{"name":"key21754494546562","type":"string"},{"name":"key31754494551742","type":"string"}]}
**** Registry Base URL: http://registry-app-inmemory.apps.ci419.apicurio-testing.org:80
2025-08-06 15:35:52,847 INFO  [org.apa.kaf.cli.pro.ProducerConfig] (main) ProducerConfig values: 
	acks = -1
	auto.include.jmx.reporter = true
	batch.size = 16384
	bootstrap.servers = [PLAINTEXT://localhost:32769]
	buffer.memory = 33554432
	client.dns.lookup = use_all_dns_ips
	client.id = Producer-topic-49cb9ddd_bd9b_4413_8833_5f780d7cf2da
	compression.gzip.level = -1
	compression.lz4.level = 9
	compression.type = none
	compression.zstd.level = 3
	connections.max.idle.ms = 10000
	delivery.timeout.ms = 120000
	enable.idempotence = true
	enable.metrics.push = true
	interceptor.classes = []
	key.serializer = class org.apache.kafka.common.serialization.StringSerializer
	linger.ms = 0
	max.block.ms = 60000
	max.in.flight.requests.per.connection = 5
	max.request.size = 1048576
	metadata.max.age.ms = 300000
	metadata.max.idle.ms = 300000
	metadata.recovery.strategy = none
	metric.reporters = []
	metrics.num.samples = 2
	metrics.recording.level = INFO
	metrics.sample.window.ms = 30000
	partitioner.adaptive.partitioning.enable = true
	partitioner.availability.timeout.ms = 0
	partitioner.class = null
	partitioner.ignore.keys = false
	receive.buffer.bytes = 32768
	reconnect.backoff.max.ms = 1000
	reconnect.backoff.ms = 50
	request.timeout.ms = 5000
	retries = 2147483647
	retry.backoff.max.ms = 1000
	retry.backoff.ms = 100
	sasl.client.callback.handler.class = null
	sasl.jaas.config = null
	sasl.kerberos.kinit.cmd = /usr/bin/kinit
	sasl.kerberos.min.time.before.relogin = 60000
	sasl.kerberos.service.name = null
	sasl.kerberos.ticket.renew.jitter = 0.05
	sasl.kerberos.ticket.renew.window.factor = 0.8
	sasl.login.callback.handler.class = null
	sasl.login.class = null
	sasl.login.connect.timeout.ms = null
	sasl.login.read.timeout.ms = null
	sasl.login.refresh.buffer.seconds = 300
	sasl.login.refresh.min.period.seconds = 60
	sasl.login.refresh.window.factor = 0.8
	sasl.login.refresh.window.jitter = 0.05
	sasl.login.retry.backoff.max.ms = 10000
	sasl.login.retry.backoff.ms = 100
	sasl.mechanism = GSSAPI
	sasl.oauthbearer.clock.skew.seconds = 30
	sasl.oauthbearer.expected.audience = null
	sasl.oauthbearer.expected.issuer = null
	sasl.oauthbearer.header.urlencode = false
	sasl.oauthbearer.jwks.endpoint.refresh.ms = 3600000
	sasl.oauthbearer.jwks.endpoint.retry.backoff.max.ms = 10000
	sasl.oauthbearer.jwks.endpoint.retry.backoff.ms = 100
	sasl.oauthbearer.jwks.endpoint.url = null
	sasl.oauthbearer.scope.claim.name = scope
	sasl.oauthbearer.sub.claim.name = sub
	sasl.oauthbearer.token.endpoint.url = null
	security.protocol = PLAINTEXT
	security.providers = null
	send.buffer.bytes = 131072
	socket.connection.setup.timeout.max.ms = 30000
	socket.connection.setup.timeout.ms = 10000
	ssl.cipher.suites = null
	ssl.enabled.protocols = [TLSv1.2, TLSv1.3]
	ssl.endpoint.identification.algorithm = https
	ssl.engine.factory.class = null
	ssl.key.password = null
	ssl.keymanager.algorithm = SunX509
	ssl.keystore.certificate.chain = null
	ssl.keystore.key = null
	ssl.keystore.location = null
	ssl.keystore.password = null
	ssl.keystore.type = JKS
	ssl.protocol = TLSv1.3
	ssl.provider = null
	ssl.secure.random.implementation = null
	ssl.trustmanager.algorithm = PKIX
	ssl.truststore.certificates = null
	ssl.truststore.location = null
	ssl.truststore.password = null
	ssl.truststore.type = JKS
	transaction.timeout.ms = 60000
	transactional.id = null
	value.serializer = class io.apicurio.registry.serde.avro.AvroKafkaSerializer

2025-08-06 15:35:52,847 INFO  [org.apa.kaf.com.tel.int.KafkaMetricsCollector] (main) initializing Kafka metrics collector
2025-08-06 15:35:52,851 INFO  [org.apa.kaf.cli.pro.KafkaProducer] (main) [Producer clientId=Producer-topic-49cb9ddd_bd9b_4413_8833_5f780d7cf2da] Instantiated an idempotent producer.
2025-08-06 15:35:52,852 INFO  [org.apa.kaf.cli.pro.ProducerConfig] (main) These configurations '[apicurio.registry.url, apicurio.registry.artifact-resolver-strategy]' were supplied but are not used yet.
2025-08-06 15:35:52,852 INFO  [org.apa.kaf.com.uti.AppInfoParser] (main) Kafka version: 3.9.1
2025-08-06 15:35:52,852 INFO  [org.apa.kaf.com.uti.AppInfoParser] (main) Kafka commitId: f745dfdcee2b9851
2025-08-06 15:35:52,852 INFO  [org.apa.kaf.com.uti.AppInfoParser] (main) Kafka startTimeMs: 1754494552852
2025-08-06 15:35:52,853 INFO  [io.api.tes.ser.api.KafkaSerdesTester] (Thread-685) Sending message {"key11754494541631": "value-0", "key21754494546562": "value-0", "key31754494551742": "value-0"} to topic topic-49cb9ddd_bd9b_4413_8833_5f780d7cf2da
2025-08-06 15:35:52,857 INFO  [org.apa.kaf.cli.Metadata] (kafka-producer-network-thread | Producer-topic-49cb9ddd_bd9b_4413_8833_5f780d7cf2da) [Producer clientId=Producer-topic-49cb9ddd_bd9b_4413_8833_5f780d7cf2da] Cluster ID: XZ--LfAaTaS_n5V5dfJ0ng
2025-08-06 15:35:52,857 INFO  [org.apa.kaf.cli.pro.int.TransactionManager] (kafka-producer-network-thread | Producer-topic-49cb9ddd_bd9b_4413_8833_5f780d7cf2da) [Producer clientId=Producer-topic-49cb9ddd_bd9b_4413_8833_5f780d7cf2da] ProducerId set to 15 with epoch 0
2025-08-06 15:35:52,858 INFO  [DefaultSchemaResolver] (Thread-685) Retrieving schema content using string: {"type":"record","name":"sdc6e60c0x5356x42acxb7a3x1b530d8834db","namespace":"ns_e2cdcade_940c_4209_bbd0_aa9ea8ca60f0","fields":[{"name":"key11754494541631","type":"string"},{"name":"key21754494546562","type":"string"},{"name":"key31754494551742","type":"string"}]}
2025-08-06 15:35:52,945 INFO  [io.api.tes.ser.api.KafkaSerdesTester] (Thread-685) Sending message {"key11754494541631": "value-1", "key21754494546562": "value-1", "key31754494551742": "value-1"} to topic topic-49cb9ddd_bd9b_4413_8833_5f780d7cf2da
2025-08-06 15:35:52,948 INFO  [io.api.tes.ser.api.KafkaSerdesTester] (Thread-685) Sending message {"key11754494541631": "value-2", "key21754494546562": "value-2", "key31754494551742": "value-2"} to topic topic-49cb9ddd_bd9b_4413_8833_5f780d7cf2da
2025-08-06 15:35:52,950 INFO  [io.api.tes.ser.api.KafkaSerdesTester] (Thread-685) Sending message {"key11754494541631": "value-3", "key21754494546562": "value-3", "key31754494551742": "value-3"} to topic topic-49cb9ddd_bd9b_4413_8833_5f780d7cf2da
2025-08-06 15:35:52,951 INFO  [io.api.tes.ser.api.KafkaSerdesTester] (Thread-685) Sending message {"key11754494541631": "value-4", "key21754494546562": "value-4", "key31754494551742": "value-4"} to topic topic-49cb9ddd_bd9b_4413_8833_5f780d7cf2da
2025-08-06 15:35:52,953 INFO  [io.api.tes.ser.api.KafkaSerdesTester] (Thread-685) Sending message {"key11754494541631": "value-5", "key21754494546562": "value-5", "key31754494551742": "value-5"} to topic topic-49cb9ddd_bd9b_4413_8833_5f780d7cf2da
2025-08-06 15:35:52,954 INFO  [io.api.tes.ser.api.KafkaSerdesTester] (Thread-685) Sending message {"key11754494541631": "value-6", "key21754494546562": "value-6", "key31754494551742": "value-6"} to topic topic-49cb9ddd_bd9b_4413_8833_5f780d7cf2da
2025-08-06 15:35:52,956 INFO  [io.api.tes.ser.api.KafkaSerdesTester] (Thread-685) Sending message {"key11754494541631": "value-7", "key21754494546562": "value-7", "key31754494551742": "value-7"} to topic topic-49cb9ddd_bd9b_4413_8833_5f780d7cf2da
2025-08-06 15:35:52,958 INFO  [io.api.tes.ser.api.KafkaSerdesTester] (Thread-685) Sending message {"key11754494541631": "value-8", "key21754494546562": "value-8", "key31754494551742": "value-8"} to topic topic-49cb9ddd_bd9b_4413_8833_5f780d7cf2da
2025-08-06 15:35:52,959 INFO  [io.api.tes.ser.api.KafkaSerdesTester] (Thread-685) Sending message {"key11754494541631": "value-9", "key21754494546562": "value-9", "key31754494551742": "value-9"} to topic topic-49cb9ddd_bd9b_4413_8833_5f780d7cf2da
2025-08-06 15:35:52,961 INFO  [io.api.tes.ser.api.KafkaSerdesTester] (Thread-685) Produced 10 messages
2025-08-06 15:35:52,961 INFO  [org.apa.kaf.cli.pro.KafkaProducer] (Thread-685) [Producer clientId=Producer-topic-49cb9ddd_bd9b_4413_8833_5f780d7cf2da] Closing the Kafka producer with timeoutMillis = 9223372036854775807 ms.
2025-08-06 15:35:52,962 INFO  [org.apa.kaf.com.met.Metrics] (Thread-685) Metrics scheduler closed
2025-08-06 15:35:52,963 INFO  [org.apa.kaf.com.met.Metrics] (Thread-685) Closing reporter org.apache.kafka.common.metrics.JmxReporter
2025-08-06 15:35:52,963 INFO  [org.apa.kaf.com.met.Metrics] (Thread-685) Closing reporter org.apache.kafka.common.telemetry.internals.ClientTelemetryReporter
2025-08-06 15:35:52,963 INFO  [org.apa.kaf.com.met.Metrics] (Thread-685) Metrics reporters closed
2025-08-06 15:35:52,963 INFO  [org.apa.kaf.com.uti.AppInfoParser] (Thread-685) App info kafka.producer for Producer-topic-49cb9ddd_bd9b_4413_8833_5f780d7cf2da unregistered
**** Registry Base URL: http://registry-app-inmemory.apps.ci419.apicurio-testing.org:80
2025-08-06 15:35:52,964 INFO  [org.apa.kaf.cli.pro.ProducerConfig] (main) ProducerConfig values: 
	acks = -1
	auto.include.jmx.reporter = true
	batch.size = 16384
	bootstrap.servers = [PLAINTEXT://localhost:32769]
	buffer.memory = 33554432
	client.dns.lookup = use_all_dns_ips
	client.id = Producer-topic-49cb9ddd_bd9b_4413_8833_5f780d7cf2da
	compression.gzip.level = -1
	compression.lz4.level = 9
	compression.type = none
	compression.zstd.level = 3
	connections.max.idle.ms = 10000
	delivery.timeout.ms = 120000
	enable.idempotence = true
	enable.metrics.push = true
	interceptor.classes = []
	key.serializer = class org.apache.kafka.common.serialization.StringSerializer
	linger.ms = 0
	max.block.ms = 60000
	max.in.flight.requests.per.connection = 5
	max.request.size = 1048576
	metadata.max.age.ms = 300000
	metadata.max.idle.ms = 300000
	metadata.recovery.strategy = none
	metric.reporters = []
	metrics.num.samples = 2
	metrics.recording.level = INFO
	metrics.sample.window.ms = 30000
	partitioner.adaptive.partitioning.enable = true
	partitioner.availability.timeout.ms = 0
	partitioner.class = null
	partitioner.ignore.keys = false
	receive.buffer.bytes = 32768
	reconnect.backoff.max.ms = 1000
	reconnect.backoff.ms = 50
	request.timeout.ms = 5000
	retries = 2147483647
	retry.backoff.max.ms = 1000
	retry.backoff.ms = 100
	sasl.client.callback.handler.class = null
	sasl.jaas.config = null
	sasl.kerberos.kinit.cmd = /usr/bin/kinit
	sasl.kerberos.min.time.before.relogin = 60000
	sasl.kerberos.service.name = null
	sasl.kerberos.ticket.renew.jitter = 0.05
	sasl.kerberos.ticket.renew.window.factor = 0.8
	sasl.login.callback.handler.class = null
	sasl.login.class = null
	sasl.login.connect.timeout.ms = null
	sasl.login.read.timeout.ms = null
	sasl.login.refresh.buffer.seconds = 300
	sasl.login.refresh.min.period.seconds = 60
	sasl.login.refresh.window.factor = 0.8
	sasl.login.refresh.window.jitter = 0.05
	sasl.login.retry.backoff.max.ms = 10000
	sasl.login.retry.backoff.ms = 100
	sasl.mechanism = GSSAPI
	sasl.oauthbearer.clock.skew.seconds = 30
	sasl.oauthbearer.expected.audience = null
	sasl.oauthbearer.expected.issuer = null
	sasl.oauthbearer.header.urlencode = false
	sasl.oauthbearer.jwks.endpoint.refresh.ms = 3600000
	sasl.oauthbearer.jwks.endpoint.retry.backoff.max.ms = 10000
	sasl.oauthbearer.jwks.endpoint.retry.backoff.ms = 100
	sasl.oauthbearer.jwks.endpoint.url = null
	sasl.oauthbearer.scope.claim.name = scope
	sasl.oauthbearer.sub.claim.name = sub
	sasl.oauthbearer.token.endpoint.url = null
	security.protocol = PLAINTEXT
	security.providers = null
	send.buffer.bytes = 131072
	socket.connection.setup.timeout.max.ms = 30000
	socket.connection.setup.timeout.ms = 10000
	ssl.cipher.suites = null
	ssl.enabled.protocols = [TLSv1.2, TLSv1.3]
	ssl.endpoint.identification.algorithm = https
	ssl.engine.factory.class = null
	ssl.key.password = null
	ssl.keymanager.algorithm = SunX509
	ssl.keystore.certificate.chain = null
	ssl.keystore.key = null
	ssl.keystore.location = null
	ssl.keystore.password = null
	ssl.keystore.type = JKS
	ssl.protocol = TLSv1.3
	ssl.provider = null
	ssl.secure.random.implementation = null
	ssl.trustmanager.algorithm = PKIX
	ssl.truststore.certificates = null
	ssl.truststore.location = null
	ssl.truststore.password = null
	ssl.truststore.type = JKS
	transaction.timeout.ms = 60000
	transactional.id = null
	value.serializer = class io.apicurio.registry.serde.avro.AvroKafkaSerializer

2025-08-06 15:35:52,964 INFO  [org.apa.kaf.com.tel.int.KafkaMetricsCollector] (main) initializing Kafka metrics collector
2025-08-06 15:35:52,969 INFO  [org.apa.kaf.cli.pro.KafkaProducer] (main) [Producer clientId=Producer-topic-49cb9ddd_bd9b_4413_8833_5f780d7cf2da] Instantiated an idempotent producer.
2025-08-06 15:35:52,973 INFO  [org.apa.kaf.cli.pro.ProducerConfig] (main) These configurations '[apicurio.registry.url, apicurio.registry.artifact-resolver-strategy]' were supplied but are not used yet.
2025-08-06 15:35:52,973 INFO  [org.apa.kaf.com.uti.AppInfoParser] (main) Kafka version: 3.9.1
2025-08-06 15:35:52,973 INFO  [org.apa.kaf.com.uti.AppInfoParser] (main) Kafka commitId: f745dfdcee2b9851
2025-08-06 15:35:52,973 INFO  [org.apa.kaf.com.uti.AppInfoParser] (main) Kafka startTimeMs: 1754494552973
2025-08-06 15:35:52,977 INFO  [io.api.tes.ser.api.KafkaSerdesTester] (Thread-688) Sending message {"key11754494541631": "value-0", "key21754494546562": "value-0"} to topic topic-49cb9ddd_bd9b_4413_8833_5f780d7cf2da
2025-08-06 15:35:52,978 INFO  [org.apa.kaf.cli.Metadata] (kafka-producer-network-thread | Producer-topic-49cb9ddd_bd9b_4413_8833_5f780d7cf2da) [Producer clientId=Producer-topic-49cb9ddd_bd9b_4413_8833_5f780d7cf2da] Cluster ID: XZ--LfAaTaS_n5V5dfJ0ng
2025-08-06 15:35:52,979 INFO  [org.apa.kaf.cli.pro.int.TransactionManager] (kafka-producer-network-thread | Producer-topic-49cb9ddd_bd9b_4413_8833_5f780d7cf2da) [Producer clientId=Producer-topic-49cb9ddd_bd9b_4413_8833_5f780d7cf2da] ProducerId set to 16 with epoch 0
2025-08-06 15:35:52,983 INFO  [DefaultSchemaResolver] (Thread-688) Retrieving schema content using string: {"type":"record","name":"sdc6e60c0x5356x42acxb7a3x1b530d8834db","namespace":"ns_e2cdcade_940c_4209_bbd0_aa9ea8ca60f0","fields":[{"name":"key11754494541631","type":"string"},{"name":"key21754494546562","type":"string"}]}
2025-08-06 15:35:53,073 INFO  [io.api.tes.ser.api.KafkaSerdesTester] (Thread-688) Sending message {"key11754494541631": "value-1", "key21754494546562": "value-1"} to topic topic-49cb9ddd_bd9b_4413_8833_5f780d7cf2da
2025-08-06 15:35:53,075 INFO  [io.api.tes.ser.api.KafkaSerdesTester] (Thread-688) Sending message {"key11754494541631": "value-2", "key21754494546562": "value-2"} to topic topic-49cb9ddd_bd9b_4413_8833_5f780d7cf2da
2025-08-06 15:35:53,083 INFO  [io.api.tes.ser.api.KafkaSerdesTester] (Thread-688) Sending message {"key11754494541631": "value-3", "key21754494546562": "value-3"} to topic topic-49cb9ddd_bd9b_4413_8833_5f780d7cf2da
2025-08-06 15:35:53,084 INFO  [io.api.tes.ser.api.KafkaSerdesTester] (Thread-688) Sending message {"key11754494541631": "value-4", "key21754494546562": "value-4"} to topic topic-49cb9ddd_bd9b_4413_8833_5f780d7cf2da
2025-08-06 15:35:53,087 INFO  [io.api.tes.ser.api.KafkaSerdesTester] (Thread-688) Sending message {"key11754494541631": "value-5", "key21754494546562": "value-5"} to topic topic-49cb9ddd_bd9b_4413_8833_5f780d7cf2da
2025-08-06 15:35:53,089 INFO  [io.api.tes.ser.api.KafkaSerdesTester] (Thread-688) Sending message {"key11754494541631": "value-6", "key21754494546562": "value-6"} to topic topic-49cb9ddd_bd9b_4413_8833_5f780d7cf2da
2025-08-06 15:35:53,090 INFO  [io.api.tes.ser.api.KafkaSerdesTester] (Thread-688) Sending message {"key11754494541631": "value-7", "key21754494546562": "value-7"} to topic topic-49cb9ddd_bd9b_4413_8833_5f780d7cf2da
2025-08-06 15:35:53,091 INFO  [io.api.tes.ser.api.KafkaSerdesTester] (Thread-688) Sending message {"key11754494541631": "value-8", "key21754494546562": "value-8"} to topic topic-49cb9ddd_bd9b_4413_8833_5f780d7cf2da
2025-08-06 15:35:53,094 INFO  [io.api.tes.ser.api.KafkaSerdesTester] (Thread-688) Sending message {"key11754494541631": "value-9", "key21754494546562": "value-9"} to topic topic-49cb9ddd_bd9b_4413_8833_5f780d7cf2da
2025-08-06 15:35:53,096 INFO  [io.api.tes.ser.api.KafkaSerdesTester] (Thread-688) Produced 10 messages
2025-08-06 15:35:53,096 INFO  [org.apa.kaf.cli.pro.KafkaProducer] (Thread-688) [Producer clientId=Producer-topic-49cb9ddd_bd9b_4413_8833_5f780d7cf2da] Closing the Kafka producer with timeoutMillis = 9223372036854775807 ms.
2025-08-06 15:35:53,100 INFO  [org.apa.kaf.com.met.Metrics] (Thread-688) Metrics scheduler closed
2025-08-06 15:35:53,100 INFO  [org.apa.kaf.com.met.Metrics] (Thread-688) Closing reporter org.apache.kafka.common.metrics.JmxReporter
2025-08-06 15:35:53,100 INFO  [org.apa.kaf.com.met.Metrics] (Thread-688) Closing reporter org.apache.kafka.common.telemetry.internals.ClientTelemetryReporter
2025-08-06 15:35:53,100 INFO  [org.apa.kaf.com.met.Metrics] (Thread-688) Metrics reporters closed
2025-08-06 15:35:53,101 INFO  [org.apa.kaf.com.uti.AppInfoParser] (Thread-688) App info kafka.producer for Producer-topic-49cb9ddd_bd9b_4413_8833_5f780d7cf2da unregistered
**** Registry Base URL: http://registry-app-inmemory.apps.ci419.apicurio-testing.org:80
2025-08-06 15:35:53,102 INFO  [org.apa.kaf.cli.pro.ProducerConfig] (main) ProducerConfig values: 
	acks = -1
	auto.include.jmx.reporter = true
	batch.size = 16384
	bootstrap.servers = [PLAINTEXT://localhost:32769]
	buffer.memory = 33554432
	client.dns.lookup = use_all_dns_ips
	client.id = Producer-topic-49cb9ddd_bd9b_4413_8833_5f780d7cf2da
	compression.gzip.level = -1
	compression.lz4.level = 9
	compression.type = none
	compression.zstd.level = 3
	connections.max.idle.ms = 10000
	delivery.timeout.ms = 120000
	enable.idempotence = true
	enable.metrics.push = true
	interceptor.classes = []
	key.serializer = class org.apache.kafka.common.serialization.StringSerializer
	linger.ms = 0
	max.block.ms = 60000
	max.in.flight.requests.per.connection = 5
	max.request.size = 1048576
	metadata.max.age.ms = 300000
	metadata.max.idle.ms = 300000
	metadata.recovery.strategy = none
	metric.reporters = []
	metrics.num.samples = 2
	metrics.recording.level = INFO
	metrics.sample.window.ms = 30000
	partitioner.adaptive.partitioning.enable = true
	partitioner.availability.timeout.ms = 0
	partitioner.class = null
	partitioner.ignore.keys = false
	receive.buffer.bytes = 32768
	reconnect.backoff.max.ms = 1000
	reconnect.backoff.ms = 50
	request.timeout.ms = 5000
	retries = 2147483647
	retry.backoff.max.ms = 1000
	retry.backoff.ms = 100
	sasl.client.callback.handler.class = null
	sasl.jaas.config = null
	sasl.kerberos.kinit.cmd = /usr/bin/kinit
	sasl.kerberos.min.time.before.relogin = 60000
	sasl.kerberos.service.name = null
	sasl.kerberos.ticket.renew.jitter = 0.05
	sasl.kerberos.ticket.renew.window.factor = 0.8
	sasl.login.callback.handler.class = null
	sasl.login.class = null
	sasl.login.connect.timeout.ms = null
	sasl.login.read.timeout.ms = null
	sasl.login.refresh.buffer.seconds = 300
	sasl.login.refresh.min.period.seconds = 60
	sasl.login.refresh.window.factor = 0.8
	sasl.login.refresh.window.jitter = 0.05
	sasl.login.retry.backoff.max.ms = 10000
	sasl.login.retry.backoff.ms = 100
	sasl.mechanism = GSSAPI
	sasl.oauthbearer.clock.skew.seconds = 30
	sasl.oauthbearer.expected.audience = null
	sasl.oauthbearer.expected.issuer = null
	sasl.oauthbearer.header.urlencode = false
	sasl.oauthbearer.jwks.endpoint.refresh.ms = 3600000
	sasl.oauthbearer.jwks.endpoint.retry.backoff.max.ms = 10000
	sasl.oauthbearer.jwks.endpoint.retry.backoff.ms = 100
	sasl.oauthbearer.jwks.endpoint.url = null
	sasl.oauthbearer.scope.claim.name = scope
	sasl.oauthbearer.sub.claim.name = sub
	sasl.oauthbearer.token.endpoint.url = null
	security.protocol = PLAINTEXT
	security.providers = null
	send.buffer.bytes = 131072
	socket.connection.setup.timeout.max.ms = 30000
	socket.connection.setup.timeout.ms = 10000
	ssl.cipher.suites = null
	ssl.enabled.protocols = [TLSv1.2, TLSv1.3]
	ssl.endpoint.identification.algorithm = https
	ssl.engine.factory.class = null
	ssl.key.password = null
	ssl.keymanager.algorithm = SunX509
	ssl.keystore.certificate.chain = null
	ssl.keystore.key = null
	ssl.keystore.location = null
	ssl.keystore.password = null
	ssl.keystore.type = JKS
	ssl.protocol = TLSv1.3
	ssl.provider = null
	ssl.secure.random.implementation = null
	ssl.trustmanager.algorithm = PKIX
	ssl.truststore.certificates = null
	ssl.truststore.location = null
	ssl.truststore.password = null
	ssl.truststore.type = JKS
	transaction.timeout.ms = 60000
	transactional.id = null
	value.serializer = class io.apicurio.registry.serde.avro.AvroKafkaSerializer

2025-08-06 15:35:53,102 INFO  [org.apa.kaf.com.tel.int.KafkaMetricsCollector] (main) initializing Kafka metrics collector
2025-08-06 15:35:53,113 INFO  [org.apa.kaf.cli.pro.KafkaProducer] (main) [Producer clientId=Producer-topic-49cb9ddd_bd9b_4413_8833_5f780d7cf2da] Instantiated an idempotent producer.
2025-08-06 15:35:53,115 INFO  [org.apa.kaf.cli.pro.ProducerConfig] (main) These configurations '[apicurio.registry.url, apicurio.registry.artifact-resolver-strategy]' were supplied but are not used yet.
2025-08-06 15:35:53,115 INFO  [org.apa.kaf.com.uti.AppInfoParser] (main) Kafka version: 3.9.1
2025-08-06 15:35:53,115 INFO  [org.apa.kaf.com.uti.AppInfoParser] (main) Kafka commitId: f745dfdcee2b9851
2025-08-06 15:35:53,115 INFO  [org.apa.kaf.com.uti.AppInfoParser] (main) Kafka startTimeMs: 1754494553115
2025-08-06 15:35:53,117 INFO  [io.api.tes.ser.api.KafkaSerdesTester] (Thread-691) Sending message {"key11754494541631": "value-0"} to topic topic-49cb9ddd_bd9b_4413_8833_5f780d7cf2da
2025-08-06 15:35:53,120 INFO  [org.apa.kaf.cli.Metadata] (kafka-producer-network-thread | Producer-topic-49cb9ddd_bd9b_4413_8833_5f780d7cf2da) [Producer clientId=Producer-topic-49cb9ddd_bd9b_4413_8833_5f780d7cf2da] Cluster ID: XZ--LfAaTaS_n5V5dfJ0ng
2025-08-06 15:35:53,121 INFO  [DefaultSchemaResolver] (Thread-691) Retrieving schema content using string: {"type":"record","name":"sdc6e60c0x5356x42acxb7a3x1b530d8834db","namespace":"ns_e2cdcade_940c_4209_bbd0_aa9ea8ca60f0","fields":[{"name":"key11754494541631","type":"string"}]}
2025-08-06 15:35:53,121 INFO  [org.apa.kaf.cli.pro.int.TransactionManager] (kafka-producer-network-thread | Producer-topic-49cb9ddd_bd9b_4413_8833_5f780d7cf2da) [Producer clientId=Producer-topic-49cb9ddd_bd9b_4413_8833_5f780d7cf2da] ProducerId set to 17 with epoch 0
2025-08-06 15:35:53,224 INFO  [io.api.tes.ser.api.KafkaSerdesTester] (Thread-691) Sending message {"key11754494541631": "value-1"} to topic topic-49cb9ddd_bd9b_4413_8833_5f780d7cf2da
2025-08-06 15:35:53,229 INFO  [io.api.tes.ser.api.KafkaSerdesTester] (Thread-691) Sending message {"key11754494541631": "value-2"} to topic topic-49cb9ddd_bd9b_4413_8833_5f780d7cf2da
2025-08-06 15:35:53,233 INFO  [io.api.tes.ser.api.KafkaSerdesTester] (Thread-691) Sending message {"key11754494541631": "value-3"} to topic topic-49cb9ddd_bd9b_4413_8833_5f780d7cf2da
2025-08-06 15:35:53,235 INFO  [io.api.tes.ser.api.KafkaSerdesTester] (Thread-691) Sending message {"key11754494541631": "value-4"} to topic topic-49cb9ddd_bd9b_4413_8833_5f780d7cf2da
2025-08-06 15:35:53,236 INFO  [io.api.tes.ser.api.KafkaSerdesTester] (Thread-691) Sending message {"key11754494541631": "value-5"} to topic topic-49cb9ddd_bd9b_4413_8833_5f780d7cf2da
2025-08-06 15:35:53,238 INFO  [io.api.tes.ser.api.KafkaSerdesTester] (Thread-691) Sending message {"key11754494541631": "value-6"} to topic topic-49cb9ddd_bd9b_4413_8833_5f780d7cf2da
2025-08-06 15:35:53,241 INFO  [io.api.tes.ser.api.KafkaSerdesTester] (Thread-691) Sending message {"key11754494541631": "value-7"} to topic topic-49cb9ddd_bd9b_4413_8833_5f780d7cf2da
2025-08-06 15:35:53,243 INFO  [io.api.tes.ser.api.KafkaSerdesTester] (Thread-691) Sending message {"key11754494541631": "value-8"} to topic topic-49cb9ddd_bd9b_4413_8833_5f780d7cf2da
2025-08-06 15:35:53,245 INFO  [io.api.tes.ser.api.KafkaSerdesTester] (Thread-691) Sending message {"key11754494541631": "value-9"} to topic topic-49cb9ddd_bd9b_4413_8833_5f780d7cf2da
2025-08-06 15:35:53,246 INFO  [io.api.tes.ser.api.KafkaSerdesTester] (Thread-691) Produced 10 messages
2025-08-06 15:35:53,246 INFO  [org.apa.kaf.cli.pro.KafkaProducer] (Thread-691) [Producer clientId=Producer-topic-49cb9ddd_bd9b_4413_8833_5f780d7cf2da] Closing the Kafka producer with timeoutMillis = 9223372036854775807 ms.
2025-08-06 15:35:53,249 INFO  [org.apa.kaf.com.met.Metrics] (Thread-691) Metrics scheduler closed
2025-08-06 15:35:53,249 INFO  [org.apa.kaf.com.met.Metrics] (Thread-691) Closing reporter org.apache.kafka.common.metrics.JmxReporter
2025-08-06 15:35:53,249 INFO  [org.apa.kaf.com.met.Metrics] (Thread-691) Closing reporter org.apache.kafka.common.telemetry.internals.ClientTelemetryReporter
2025-08-06 15:35:53,249 INFO  [org.apa.kaf.com.met.Metrics] (Thread-691) Metrics reporters closed
2025-08-06 15:35:53,249 INFO  [org.apa.kaf.com.uti.AppInfoParser] (Thread-691) App info kafka.producer for Producer-topic-49cb9ddd_bd9b_4413_8833_5f780d7cf2da unregistered
**** Registry Base URL: http://registry-app-inmemory.apps.ci419.apicurio-testing.org:80
2025-08-06 15:35:53,250 INFO  [org.apa.kaf.cli.con.ConsumerConfig] (main) ConsumerConfig values: 
	allow.auto.create.topics = true
	auto.commit.interval.ms = 500
	auto.include.jmx.reporter = true
	auto.offset.reset = earliest
	bootstrap.servers = [PLAINTEXT://localhost:32769]
	check.crcs = true
	client.dns.lookup = use_all_dns_ips
	client.id = consumer-Consumer-topic-49cb9ddd_bd9b_4413_8833_5f780d7cf2da-12
	client.rack = 
	connections.max.idle.ms = 10000
	default.api.timeout.ms = 60000
	enable.auto.commit = true
	enable.metrics.push = true
	exclude.internal.topics = true
	fetch.max.bytes = 52428800
	fetch.max.wait.ms = 500
	fetch.min.bytes = 1
	group.id = Consumer-topic-49cb9ddd_bd9b_4413_8833_5f780d7cf2da
	group.instance.id = null
	group.protocol = classic
	group.remote.assignor = null
	heartbeat.interval.ms = 3000
	interceptor.classes = []
	internal.leave.group.on.close = true
	internal.throw.on.fetch.stable.offset.unsupported = false
	isolation.level = read_uncommitted
	key.deserializer = class org.apache.kafka.common.serialization.StringDeserializer
	max.partition.fetch.bytes = 1048576
	max.poll.interval.ms = 300000
	max.poll.records = 500
	metadata.max.age.ms = 300000
	metadata.recovery.strategy = none
	metric.reporters = []
	metrics.num.samples = 2
	metrics.recording.level = INFO
	metrics.sample.window.ms = 30000
	partition.assignment.strategy = [class org.apache.kafka.clients.consumer.RangeAssignor, class org.apache.kafka.clients.consumer.CooperativeStickyAssignor]
	receive.buffer.bytes = 65536
	reconnect.backoff.max.ms = 1000
	reconnect.backoff.ms = 50
	request.timeout.ms = 5000
	retry.backoff.max.ms = 1000
	retry.backoff.ms = 100
	sasl.client.callback.handler.class = null
	sasl.jaas.config = null
	sasl.kerberos.kinit.cmd = /usr/bin/kinit
	sasl.kerberos.min.time.before.relogin = 60000
	sasl.kerberos.service.name = null
	sasl.kerberos.ticket.renew.jitter = 0.05
	sasl.kerberos.ticket.renew.window.factor = 0.8
	sasl.login.callback.handler.class = null
	sasl.login.class = null
	sasl.login.connect.timeout.ms = null
	sasl.login.read.timeout.ms = null
	sasl.login.refresh.buffer.seconds = 300
	sasl.login.refresh.min.period.seconds = 60
	sasl.login.refresh.window.factor = 0.8
	sasl.login.refresh.window.jitter = 0.05
	sasl.login.retry.backoff.max.ms = 10000
	sasl.login.retry.backoff.ms = 100
	sasl.mechanism = GSSAPI
	sasl.oauthbearer.clock.skew.seconds = 30
	sasl.oauthbearer.expected.audience = null
	sasl.oauthbearer.expected.issuer = null
	sasl.oauthbearer.header.urlencode = false
	sasl.oauthbearer.jwks.endpoint.refresh.ms = 3600000
	sasl.oauthbearer.jwks.endpoint.retry.backoff.max.ms = 10000
	sasl.oauthbearer.jwks.endpoint.retry.backoff.ms = 100
	sasl.oauthbearer.jwks.endpoint.url = null
	sasl.oauthbearer.scope.claim.name = scope
	sasl.oauthbearer.sub.claim.name = sub
	sasl.oauthbearer.token.endpoint.url = null
	security.protocol = PLAINTEXT
	security.providers = null
	send.buffer.bytes = 131072
	session.timeout.ms = 45000
	socket.connection.setup.timeout.max.ms = 30000
	socket.connection.setup.timeout.ms = 10000
	ssl.cipher.suites = null
	ssl.enabled.protocols = [TLSv1.2, TLSv1.3]
	ssl.endpoint.identification.algorithm = https
	ssl.engine.factory.class = null
	ssl.key.password = null
	ssl.keymanager.algorithm = SunX509
	ssl.keystore.certificate.chain = null
	ssl.keystore.key = null
	ssl.keystore.location = null
	ssl.keystore.password = null
	ssl.keystore.type = JKS
	ssl.protocol = TLSv1.3
	ssl.provider = null
	ssl.secure.random.implementation = null
	ssl.trustmanager.algorithm = PKIX
	ssl.truststore.certificates = null
	ssl.truststore.location = null
	ssl.truststore.password = null
	ssl.truststore.type = JKS
	value.deserializer = class io.apicurio.registry.serde.avro.AvroKafkaDeserializer

2025-08-06 15:35:53,250 INFO  [org.apa.kaf.com.tel.int.KafkaMetricsCollector] (main) initializing Kafka metrics collector
2025-08-06 15:35:53,261 INFO  [org.apa.kaf.cli.con.ConsumerConfig] (main) These configurations '[apicurio.registry.url]' were supplied but are not used yet.
2025-08-06 15:35:53,261 INFO  [org.apa.kaf.com.uti.AppInfoParser] (main) Kafka version: 3.9.1
2025-08-06 15:35:53,261 INFO  [org.apa.kaf.com.uti.AppInfoParser] (main) Kafka commitId: f745dfdcee2b9851
2025-08-06 15:35:53,261 INFO  [org.apa.kaf.com.uti.AppInfoParser] (main) Kafka startTimeMs: 1754494553261
2025-08-06 15:35:53,262 INFO  [org.apa.kaf.cli.con.int.ClassicKafkaConsumer] (Thread-694) [Consumer clientId=consumer-Consumer-topic-49cb9ddd_bd9b_4413_8833_5f780d7cf2da-12, groupId=Consumer-topic-49cb9ddd_bd9b_4413_8833_5f780d7cf2da] Subscribed to topic(s): topic-49cb9ddd_bd9b_4413_8833_5f780d7cf2da
2025-08-06 15:35:53,270 INFO  [org.apa.kaf.cli.Metadata] (Thread-694) [Consumer clientId=consumer-Consumer-topic-49cb9ddd_bd9b_4413_8833_5f780d7cf2da-12, groupId=Consumer-topic-49cb9ddd_bd9b_4413_8833_5f780d7cf2da] Cluster ID: XZ--LfAaTaS_n5V5dfJ0ng
2025-08-06 15:35:53,272 INFO  [org.apa.kaf.cli.con.int.ConsumerCoordinator] (Thread-694) [Consumer clientId=consumer-Consumer-topic-49cb9ddd_bd9b_4413_8833_5f780d7cf2da-12, groupId=Consumer-topic-49cb9ddd_bd9b_4413_8833_5f780d7cf2da] Discovered group coordinator localhost:32769 (id: 2147483647 rack: null)
2025-08-06 15:35:53,274 INFO  [org.apa.kaf.cli.con.int.ConsumerCoordinator] (Thread-694) [Consumer clientId=consumer-Consumer-topic-49cb9ddd_bd9b_4413_8833_5f780d7cf2da-12, groupId=Consumer-topic-49cb9ddd_bd9b_4413_8833_5f780d7cf2da] (Re-)joining group
2025-08-06 15:35:53,278 INFO  [org.apa.kaf.cli.con.int.ConsumerCoordinator] (Thread-694) [Consumer clientId=consumer-Consumer-topic-49cb9ddd_bd9b_4413_8833_5f780d7cf2da-12, groupId=Consumer-topic-49cb9ddd_bd9b_4413_8833_5f780d7cf2da] Request joining group due to: need to re-join with the given member-id: consumer-Consumer-topic-49cb9ddd_bd9b_4413_8833_5f780d7cf2da-12-e9c741eb-1232-4f59-b4f9-f2935750cb77
2025-08-06 15:35:53,278 INFO  [org.apa.kaf.cli.con.int.ConsumerCoordinator] (Thread-694) [Consumer clientId=consumer-Consumer-topic-49cb9ddd_bd9b_4413_8833_5f780d7cf2da-12, groupId=Consumer-topic-49cb9ddd_bd9b_4413_8833_5f780d7cf2da] (Re-)joining group
2025-08-06 15:35:54,262 INFO  [io.api.tes.ser.api.KafkaSerdesTester] (Thread-694) None found
2025-08-06 15:35:55,263 INFO  [io.api.tes.ser.api.KafkaSerdesTester] (Thread-694) None found
2025-08-06 15:35:56,263 INFO  [io.api.tes.ser.api.KafkaSerdesTester] (Thread-694) None found
2025-08-06 15:35:56,280 INFO  [org.apa.kaf.cli.con.int.ConsumerCoordinator] (Thread-694) [Consumer clientId=consumer-Consumer-topic-49cb9ddd_bd9b_4413_8833_5f780d7cf2da-12, groupId=Consumer-topic-49cb9ddd_bd9b_4413_8833_5f780d7cf2da] Successfully joined group with generation Generation{generationId=5, memberId='consumer-Consumer-topic-49cb9ddd_bd9b_4413_8833_5f780d7cf2da-12-e9c741eb-1232-4f59-b4f9-f2935750cb77', protocol='range'}
2025-08-06 15:35:56,280 INFO  [org.apa.kaf.cli.con.int.ConsumerCoordinator] (Thread-694) [Consumer clientId=consumer-Consumer-topic-49cb9ddd_bd9b_4413_8833_5f780d7cf2da-12, groupId=Consumer-topic-49cb9ddd_bd9b_4413_8833_5f780d7cf2da] Finished assignment for group at generation 5: {consumer-Consumer-topic-49cb9ddd_bd9b_4413_8833_5f780d7cf2da-12-e9c741eb-1232-4f59-b4f9-f2935750cb77=Assignment(partitions=[topic-49cb9ddd_bd9b_4413_8833_5f780d7cf2da-0])}
2025-08-06 15:35:56,287 INFO  [org.apa.kaf.cli.con.int.ConsumerCoordinator] (Thread-694) [Consumer clientId=consumer-Consumer-topic-49cb9ddd_bd9b_4413_8833_5f780d7cf2da-12, groupId=Consumer-topic-49cb9ddd_bd9b_4413_8833_5f780d7cf2da] Successfully synced group in generation Generation{generationId=5, memberId='consumer-Consumer-topic-49cb9ddd_bd9b_4413_8833_5f780d7cf2da-12-e9c741eb-1232-4f59-b4f9-f2935750cb77', protocol='range'}
2025-08-06 15:35:56,287 INFO  [org.apa.kaf.cli.con.int.ConsumerCoordinator] (Thread-694) [Consumer clientId=consumer-Consumer-topic-49cb9ddd_bd9b_4413_8833_5f780d7cf2da-12, groupId=Consumer-topic-49cb9ddd_bd9b_4413_8833_5f780d7cf2da] Notifying assignor about the new Assignment(partitions=[topic-49cb9ddd_bd9b_4413_8833_5f780d7cf2da-0])
2025-08-06 15:35:56,287 INFO  [org.apa.kaf.cli.con.int.ConsumerRebalanceListenerInvoker] (Thread-694) [Consumer clientId=consumer-Consumer-topic-49cb9ddd_bd9b_4413_8833_5f780d7cf2da-12, groupId=Consumer-topic-49cb9ddd_bd9b_4413_8833_5f780d7cf2da] Adding newly assigned partitions: topic-49cb9ddd_bd9b_4413_8833_5f780d7cf2da-0
2025-08-06 15:35:56,288 INFO  [org.apa.kaf.cli.con.int.ConsumerUtils] (Thread-694) Setting offset for partition topic-49cb9ddd_bd9b_4413_8833_5f780d7cf2da-0 to the committed offset FetchPosition{offset=30, offsetEpoch=Optional[0], currentLeader=LeaderAndEpoch{leader=Optional[localhost:32769 (id: 0 rack: null)], epoch=0}}
2025-08-06 15:35:56,627 INFO  [io.api.tes.ser.api.KafkaSerdesTester] (Thread-694) topic-49cb9ddd_bd9b_4413_8833_5f780d7cf2da 0 30 {"key11754494541631": "value-0", "key21754494546562": "value-0", "key31754494551742": "value-0"}
2025-08-06 15:35:56,627 INFO  [io.api.tes.ser.api.KafkaSerdesTester] (Thread-694) topic-49cb9ddd_bd9b_4413_8833_5f780d7cf2da 0 31 {"key11754494541631": "value-1", "key21754494546562": "value-1", "key31754494551742": "value-1"}
2025-08-06 15:35:56,627 INFO  [io.api.tes.ser.api.KafkaSerdesTester] (Thread-694) topic-49cb9ddd_bd9b_4413_8833_5f780d7cf2da 0 32 {"key11754494541631": "value-2", "key21754494546562": "value-2", "key31754494551742": "value-2"}
2025-08-06 15:35:56,627 INFO  [io.api.tes.ser.api.KafkaSerdesTester] (Thread-694) topic-49cb9ddd_bd9b_4413_8833_5f780d7cf2da 0 33 {"key11754494541631": "value-3", "key21754494546562": "value-3", "key31754494551742": "value-3"}
2025-08-06 15:35:56,627 INFO  [io.api.tes.ser.api.KafkaSerdesTester] (Thread-694) topic-49cb9ddd_bd9b_4413_8833_5f780d7cf2da 0 34 {"key11754494541631": "value-4", "key21754494546562": "value-4", "key31754494551742": "value-4"}
2025-08-06 15:35:56,627 INFO  [io.api.tes.ser.api.KafkaSerdesTester] (Thread-694) topic-49cb9ddd_bd9b_4413_8833_5f780d7cf2da 0 35 {"key11754494541631": "value-5", "key21754494546562": "value-5", "key31754494551742": "value-5"}
2025-08-06 15:35:56,627 INFO  [io.api.tes.ser.api.KafkaSerdesTester] (Thread-694) topic-49cb9ddd_bd9b_4413_8833_5f780d7cf2da 0 36 {"key11754494541631": "value-6", "key21754494546562": "value-6", "key31754494551742": "value-6"}
2025-08-06 15:35:56,627 INFO  [io.api.tes.ser.api.KafkaSerdesTester] (Thread-694) topic-49cb9ddd_bd9b_4413_8833_5f780d7cf2da 0 37 {"key11754494541631": "value-7", "key21754494546562": "value-7", "key31754494551742": "value-7"}
2025-08-06 15:35:56,628 INFO  [io.api.tes.ser.api.KafkaSerdesTester] (Thread-694) topic-49cb9ddd_bd9b_4413_8833_5f780d7cf2da 0 38 {"key11754494541631": "value-8", "key21754494546562": "value-8", "key31754494551742": "value-8"}
2025-08-06 15:35:56,628 INFO  [io.api.tes.ser.api.KafkaSerdesTester] (Thread-694) topic-49cb9ddd_bd9b_4413_8833_5f780d7cf2da 0 39 {"key11754494541631": "value-9", "key21754494546562": "value-9", "key31754494551742": "value-9"}
2025-08-06 15:35:56,628 INFO  [io.api.tes.ser.api.KafkaSerdesTester] (Thread-694) topic-49cb9ddd_bd9b_4413_8833_5f780d7cf2da 0 40 {"key11754494541631": "value-0", "key21754494546562": "value-0"}
2025-08-06 15:35:56,628 INFO  [io.api.tes.ser.api.KafkaSerdesTester] (Thread-694) topic-49cb9ddd_bd9b_4413_8833_5f780d7cf2da 0 41 {"key11754494541631": "value-1", "key21754494546562": "value-1"}
2025-08-06 15:35:56,628 INFO  [io.api.tes.ser.api.KafkaSerdesTester] (Thread-694) topic-49cb9ddd_bd9b_4413_8833_5f780d7cf2da 0 42 {"key11754494541631": "value-2", "key21754494546562": "value-2"}
2025-08-06 15:35:56,628 INFO  [io.api.tes.ser.api.KafkaSerdesTester] (Thread-694) topic-49cb9ddd_bd9b_4413_8833_5f780d7cf2da 0 43 {"key11754494541631": "value-3", "key21754494546562": "value-3"}
2025-08-06 15:35:56,628 INFO  [io.api.tes.ser.api.KafkaSerdesTester] (Thread-694) topic-49cb9ddd_bd9b_4413_8833_5f780d7cf2da 0 44 {"key11754494541631": "value-4", "key21754494546562": "value-4"}
2025-08-06 15:35:56,628 INFO  [io.api.tes.ser.api.KafkaSerdesTester] (Thread-694) topic-49cb9ddd_bd9b_4413_8833_5f780d7cf2da 0 45 {"key11754494541631": "value-5", "key21754494546562": "value-5"}
2025-08-06 15:35:56,628 INFO  [io.api.tes.ser.api.KafkaSerdesTester] (Thread-694) topic-49cb9ddd_bd9b_4413_8833_5f780d7cf2da 0 46 {"key11754494541631": "value-6", "key21754494546562": "value-6"}
2025-08-06 15:35:56,628 INFO  [io.api.tes.ser.api.KafkaSerdesTester] (Thread-694) topic-49cb9ddd_bd9b_4413_8833_5f780d7cf2da 0 47 {"key11754494541631": "value-7", "key21754494546562": "value-7"}
2025-08-06 15:35:56,628 INFO  [io.api.tes.ser.api.KafkaSerdesTester] (Thread-694) topic-49cb9ddd_bd9b_4413_8833_5f780d7cf2da 0 48 {"key11754494541631": "value-8", "key21754494546562": "value-8"}
2025-08-06 15:35:56,628 INFO  [io.api.tes.ser.api.KafkaSerdesTester] (Thread-694) topic-49cb9ddd_bd9b_4413_8833_5f780d7cf2da 0 49 {"key11754494541631": "value-9", "key21754494546562": "value-9"}
2025-08-06 15:35:56,628 INFO  [io.api.tes.ser.api.KafkaSerdesTester] (Thread-694) topic-49cb9ddd_bd9b_4413_8833_5f780d7cf2da 0 50 {"key11754494541631": "value-0"}
2025-08-06 15:35:56,628 INFO  [io.api.tes.ser.api.KafkaSerdesTester] (Thread-694) topic-49cb9ddd_bd9b_4413_8833_5f780d7cf2da 0 51 {"key11754494541631": "value-1"}
2025-08-06 15:35:56,628 INFO  [io.api.tes.ser.api.KafkaSerdesTester] (Thread-694) topic-49cb9ddd_bd9b_4413_8833_5f780d7cf2da 0 52 {"key11754494541631": "value-2"}
2025-08-06 15:35:56,628 INFO  [io.api.tes.ser.api.KafkaSerdesTester] (Thread-694) topic-49cb9ddd_bd9b_4413_8833_5f780d7cf2da 0 53 {"key11754494541631": "value-3"}
2025-08-06 15:35:56,628 INFO  [io.api.tes.ser.api.KafkaSerdesTester] (Thread-694) topic-49cb9ddd_bd9b_4413_8833_5f780d7cf2da 0 54 {"key11754494541631": "value-4"}
2025-08-06 15:35:56,628 INFO  [io.api.tes.ser.api.KafkaSerdesTester] (Thread-694) topic-49cb9ddd_bd9b_4413_8833_5f780d7cf2da 0 55 {"key11754494541631": "value-5"}
2025-08-06 15:35:56,628 INFO  [io.api.tes.ser.api.KafkaSerdesTester] (Thread-694) topic-49cb9ddd_bd9b_4413_8833_5f780d7cf2da 0 56 {"key11754494541631": "value-6"}
2025-08-06 15:35:56,628 INFO  [io.api.tes.ser.api.KafkaSerdesTester] (Thread-694) topic-49cb9ddd_bd9b_4413_8833_5f780d7cf2da 0 57 {"key11754494541631": "value-7"}
2025-08-06 15:35:56,628 INFO  [io.api.tes.ser.api.KafkaSerdesTester] (Thread-694) topic-49cb9ddd_bd9b_4413_8833_5f780d7cf2da 0 58 {"key11754494541631": "value-8"}
2025-08-06 15:35:56,628 INFO  [io.api.tes.ser.api.KafkaSerdesTester] (Thread-694) topic-49cb9ddd_bd9b_4413_8833_5f780d7cf2da 0 59 {"key11754494541631": "value-9"}
2025-08-06 15:35:56,628 INFO  [io.api.tes.ser.api.KafkaSerdesTester] (Thread-694) Consumed 30 messages
2025-08-06 15:35:56,636 INFO  [org.apa.kaf.cli.con.int.ConsumerRebalanceListenerInvoker] (Thread-694) [Consumer clientId=consumer-Consumer-topic-49cb9ddd_bd9b_4413_8833_5f780d7cf2da-12, groupId=Consumer-topic-49cb9ddd_bd9b_4413_8833_5f780d7cf2da] Revoke previously assigned partitions topic-49cb9ddd_bd9b_4413_8833_5f780d7cf2da-0
2025-08-06 15:35:56,636 INFO  [org.apa.kaf.cli.con.int.ConsumerCoordinator] (Thread-694) [Consumer clientId=consumer-Consumer-topic-49cb9ddd_bd9b_4413_8833_5f780d7cf2da-12, groupId=Consumer-topic-49cb9ddd_bd9b_4413_8833_5f780d7cf2da] Member consumer-Consumer-topic-49cb9ddd_bd9b_4413_8833_5f780d7cf2da-12-e9c741eb-1232-4f59-b4f9-f2935750cb77 sending LeaveGroup request to coordinator localhost:32769 (id: 2147483647 rack: null) due to the consumer is being closed
2025-08-06 15:35:56,636 INFO  [org.apa.kaf.cli.con.int.ConsumerCoordinator] (Thread-694) [Consumer clientId=consumer-Consumer-topic-49cb9ddd_bd9b_4413_8833_5f780d7cf2da-12, groupId=Consumer-topic-49cb9ddd_bd9b_4413_8833_5f780d7cf2da] Resetting generation and member id due to: consumer pro-actively leaving the group
2025-08-06 15:35:56,636 INFO  [org.apa.kaf.cli.con.int.ConsumerCoordinator] (Thread-694) [Consumer clientId=consumer-Consumer-topic-49cb9ddd_bd9b_4413_8833_5f780d7cf2da-12, groupId=Consumer-topic-49cb9ddd_bd9b_4413_8833_5f780d7cf2da] Request joining group due to: consumer pro-actively leaving the group
2025-08-06 15:35:57,129 INFO  [org.apa.kaf.com.met.Metrics] (Thread-694) Metrics scheduler closed
2025-08-06 15:35:57,129 INFO  [org.apa.kaf.com.met.Metrics] (Thread-694) Closing reporter org.apache.kafka.common.metrics.JmxReporter
2025-08-06 15:35:57,129 INFO  [org.apa.kaf.com.met.Metrics] (Thread-694) Closing reporter org.apache.kafka.common.telemetry.internals.ClientTelemetryReporter
2025-08-06 15:35:57,129 INFO  [org.apa.kaf.com.met.Metrics] (Thread-694) Metrics reporters closed
2025-08-06 15:35:57,131 INFO  [org.apa.kaf.com.uti.AppInfoParser] (Thread-694) App info kafka.consumer for consumer-Consumer-topic-49cb9ddd_bd9b_4413_8833_5f780d7cf2da-12 unregistered
2025-08-06 15:35:57,131 INFO  [org.apa.kaf.cli.pro.KafkaProducer] (main) [Producer clientId=Producer-topic-49cb9ddd_bd9b_4413_8833_5f780d7cf2da] Closing the Kafka producer with timeoutMillis = 9223372036854775807 ms.
2025-08-06 15:35:57,131 INFO  [org.apa.kaf.com.met.Metrics] (main) Metrics scheduler closed
2025-08-06 15:35:57,131 INFO  [org.apa.kaf.com.met.Metrics] (main) Closing reporter org.apache.kafka.common.metrics.JmxReporter
2025-08-06 15:35:57,132 INFO  [org.apa.kaf.com.met.Metrics] (main) Closing reporter org.apache.kafka.common.telemetry.internals.ClientTelemetryReporter
2025-08-06 15:35:57,132 INFO  [org.apa.kaf.com.met.Metrics] (main) Metrics reporters closed
2025-08-06 15:35:57,132 INFO  [org.apa.kaf.com.uti.AppInfoParser] (main) App info kafka.producer for Producer-topic-49cb9ddd_bd9b_4413_8833_5f780d7cf2da unregistered
2025-08-06 15:35:57,132 INFO  [io.api.tes.uti.TestSeparator] (main) io.apicurio.tests.serdes.apicurio.AvroSerdeIT.testEvolveAvroApicurio-FINISHED
2025-08-06 15:35:57,132 INFO  [io.api.tes.uti.TestSeparator] (main) ############################################################################
Test passed: testEvolveAvroApicurio
]]></system-out>
  </testcase>
  <testcase name="testTopicRecordIdStrategydFindLatest" classname="io.apicurio.tests.serdes.apicurio.AvroSerdeIT" time="4.97">
    <system-out><![CDATA[2025-08-06 15:35:57,136 INFO  [io.api.tes.uti.TestSeparator] (main) ############################################################################
2025-08-06 15:35:57,136 INFO  [io.api.tes.uti.TestSeparator] (main) io.apicurio.tests.serdes.apicurio.AvroSerdeIT.testTopicRecordIdStrategydFindLatest-STARTED
2025-08-06 15:35:57,137 INFO  [io.api.tes.ser.api.AvroSerdeIT] (main) Registering Avro Schema: {"type":"record","name":"s46d6e09bxfe92x4e39x9c53xdfd5bbce425d","namespace":"sa28b514bx57b3x4e1fx935ax34adfe09998f","fields":[{"name":"key11754494557136","type":"string"}]}
**** Registry Base URL: http://registry-app-inmemory.apps.ci419.apicurio-testing.org:80
2025-08-06 15:35:58,238 INFO  [org.apa.kaf.cli.pro.ProducerConfig] (main) ProducerConfig values: 
	acks = -1
	auto.include.jmx.reporter = true
	batch.size = 16384
	bootstrap.servers = [PLAINTEXT://localhost:32769]
	buffer.memory = 33554432
	client.dns.lookup = use_all_dns_ips
	client.id = Producer-topic-e2b8f048_54b4_4b50_8332_86064a5f5452
	compression.gzip.level = -1
	compression.lz4.level = 9
	compression.type = none
	compression.zstd.level = 3
	connections.max.idle.ms = 10000
	delivery.timeout.ms = 120000
	enable.idempotence = true
	enable.metrics.push = true
	interceptor.classes = []
	key.serializer = class org.apache.kafka.common.serialization.StringSerializer
	linger.ms = 0
	max.block.ms = 60000
	max.in.flight.requests.per.connection = 5
	max.request.size = 1048576
	metadata.max.age.ms = 300000
	metadata.max.idle.ms = 300000
	metadata.recovery.strategy = none
	metric.reporters = []
	metrics.num.samples = 2
	metrics.recording.level = INFO
	metrics.sample.window.ms = 30000
	partitioner.adaptive.partitioning.enable = true
	partitioner.availability.timeout.ms = 0
	partitioner.class = null
	partitioner.ignore.keys = false
	receive.buffer.bytes = 32768
	reconnect.backoff.max.ms = 1000
	reconnect.backoff.ms = 50
	request.timeout.ms = 5000
	retries = 2147483647
	retry.backoff.max.ms = 1000
	retry.backoff.ms = 100
	sasl.client.callback.handler.class = null
	sasl.jaas.config = null
	sasl.kerberos.kinit.cmd = /usr/bin/kinit
	sasl.kerberos.min.time.before.relogin = 60000
	sasl.kerberos.service.name = null
	sasl.kerberos.ticket.renew.jitter = 0.05
	sasl.kerberos.ticket.renew.window.factor = 0.8
	sasl.login.callback.handler.class = null
	sasl.login.class = null
	sasl.login.connect.timeout.ms = null
	sasl.login.read.timeout.ms = null
	sasl.login.refresh.buffer.seconds = 300
	sasl.login.refresh.min.period.seconds = 60
	sasl.login.refresh.window.factor = 0.8
	sasl.login.refresh.window.jitter = 0.05
	sasl.login.retry.backoff.max.ms = 10000
	sasl.login.retry.backoff.ms = 100
	sasl.mechanism = GSSAPI
	sasl.oauthbearer.clock.skew.seconds = 30
	sasl.oauthbearer.expected.audience = null
	sasl.oauthbearer.expected.issuer = null
	sasl.oauthbearer.header.urlencode = false
	sasl.oauthbearer.jwks.endpoint.refresh.ms = 3600000
	sasl.oauthbearer.jwks.endpoint.retry.backoff.max.ms = 10000
	sasl.oauthbearer.jwks.endpoint.retry.backoff.ms = 100
	sasl.oauthbearer.jwks.endpoint.url = null
	sasl.oauthbearer.scope.claim.name = scope
	sasl.oauthbearer.sub.claim.name = sub
	sasl.oauthbearer.token.endpoint.url = null
	security.protocol = PLAINTEXT
	security.providers = null
	send.buffer.bytes = 131072
	socket.connection.setup.timeout.max.ms = 30000
	socket.connection.setup.timeout.ms = 10000
	ssl.cipher.suites = null
	ssl.enabled.protocols = [TLSv1.2, TLSv1.3]
	ssl.endpoint.identification.algorithm = https
	ssl.engine.factory.class = null
	ssl.key.password = null
	ssl.keymanager.algorithm = SunX509
	ssl.keystore.certificate.chain = null
	ssl.keystore.key = null
	ssl.keystore.location = null
	ssl.keystore.password = null
	ssl.keystore.type = JKS
	ssl.protocol = TLSv1.3
	ssl.provider = null
	ssl.secure.random.implementation = null
	ssl.trustmanager.algorithm = PKIX
	ssl.truststore.certificates = null
	ssl.truststore.location = null
	ssl.truststore.password = null
	ssl.truststore.type = JKS
	transaction.timeout.ms = 60000
	transactional.id = null
	value.serializer = class io.apicurio.registry.serde.avro.AvroKafkaSerializer

2025-08-06 15:35:58,238 INFO  [org.apa.kaf.com.tel.int.KafkaMetricsCollector] (main) initializing Kafka metrics collector
2025-08-06 15:35:58,241 INFO  [org.apa.kaf.cli.pro.KafkaProducer] (main) [Producer clientId=Producer-topic-e2b8f048_54b4_4b50_8332_86064a5f5452] Instantiated an idempotent producer.
2025-08-06 15:35:58,243 INFO  [org.apa.kaf.cli.pro.ProducerConfig] (main) These configurations '[apicurio.registry.find-latest, apicurio.registry.url, apicurio.registry.artifact-resolver-strategy]' were supplied but are not used yet.
2025-08-06 15:35:58,244 INFO  [org.apa.kaf.com.uti.AppInfoParser] (main) Kafka version: 3.9.1
2025-08-06 15:35:58,244 INFO  [org.apa.kaf.com.uti.AppInfoParser] (main) Kafka commitId: f745dfdcee2b9851
2025-08-06 15:35:58,244 INFO  [org.apa.kaf.com.uti.AppInfoParser] (main) Kafka startTimeMs: 1754494558244
2025-08-06 15:35:58,244 INFO  [io.api.tes.ser.api.SimpleSerdesTesterBuilder$SimpleSerdesTester] (main) Using producer configuration: {apicurio.registry.find-latest=true, apicurio.registry.url=http://registry-app-inmemory.apps.ci419.apicurio-testing.org:80/apis/registry/v3, apicurio.registry.artifact-resolver-strategy=io.apicurio.registry.serde.avro.strategy.TopicRecordIdStrategy, value.serializer=io.apicurio.registry.serde.avro.AvroKafkaSerializer, request.timeout.ms=5000, acks=all, bootstrap.servers=PLAINTEXT://localhost:32769, connections.max.idle.ms=10000, key.serializer=org.apache.kafka.common.serialization.StringSerializer, client.id=Producer-topic-e2b8f048_54b4_4b50_8332_86064a5f5452}
2025-08-06 15:35:58,244 INFO  [io.api.tes.ser.api.SimpleSerdesTesterBuilder$SimpleSerdesTester] (main) Using consumer configuration: {}
2025-08-06 15:35:58,246 INFO  [io.api.tes.ser.api.KafkaSerdesTester] (Thread-697) Sending message {"key11754494557136": "value-0"} to topic topic-e2b8f048_54b4_4b50_8332_86064a5f5452
2025-08-06 15:35:58,249 INFO  [org.apa.kaf.cli.Metadata] (kafka-producer-network-thread | Producer-topic-e2b8f048_54b4_4b50_8332_86064a5f5452) [Producer clientId=Producer-topic-e2b8f048_54b4_4b50_8332_86064a5f5452] Cluster ID: XZ--LfAaTaS_n5V5dfJ0ng
2025-08-06 15:35:58,249 INFO  [org.apa.kaf.cli.pro.int.TransactionManager] (kafka-producer-network-thread | Producer-topic-e2b8f048_54b4_4b50_8332_86064a5f5452) [Producer clientId=Producer-topic-e2b8f048_54b4_4b50_8332_86064a5f5452] ProducerId set to 18 with epoch 0
2025-08-06 15:35:58,432 INFO  [io.api.tes.ser.api.KafkaSerdesTester] (Thread-697) Sending message {"key11754494557136": "value-1"} to topic topic-e2b8f048_54b4_4b50_8332_86064a5f5452
2025-08-06 15:35:58,433 INFO  [io.api.tes.ser.api.KafkaSerdesTester] (Thread-697) Sending message {"key11754494557136": "value-2"} to topic topic-e2b8f048_54b4_4b50_8332_86064a5f5452
2025-08-06 15:35:58,435 INFO  [io.api.tes.ser.api.KafkaSerdesTester] (Thread-697) Sending message {"key11754494557136": "value-3"} to topic topic-e2b8f048_54b4_4b50_8332_86064a5f5452
2025-08-06 15:35:58,436 INFO  [io.api.tes.ser.api.KafkaSerdesTester] (Thread-697) Sending message {"key11754494557136": "value-4"} to topic topic-e2b8f048_54b4_4b50_8332_86064a5f5452
2025-08-06 15:35:58,437 INFO  [io.api.tes.ser.api.KafkaSerdesTester] (Thread-697) Sending message {"key11754494557136": "value-5"} to topic topic-e2b8f048_54b4_4b50_8332_86064a5f5452
2025-08-06 15:35:58,439 INFO  [io.api.tes.ser.api.KafkaSerdesTester] (Thread-697) Sending message {"key11754494557136": "value-6"} to topic topic-e2b8f048_54b4_4b50_8332_86064a5f5452
2025-08-06 15:35:58,441 INFO  [io.api.tes.ser.api.KafkaSerdesTester] (Thread-697) Sending message {"key11754494557136": "value-7"} to topic topic-e2b8f048_54b4_4b50_8332_86064a5f5452
2025-08-06 15:35:58,442 INFO  [io.api.tes.ser.api.KafkaSerdesTester] (Thread-697) Sending message {"key11754494557136": "value-8"} to topic topic-e2b8f048_54b4_4b50_8332_86064a5f5452
2025-08-06 15:35:58,444 INFO  [io.api.tes.ser.api.KafkaSerdesTester] (Thread-697) Sending message {"key11754494557136": "value-9"} to topic topic-e2b8f048_54b4_4b50_8332_86064a5f5452
2025-08-06 15:35:58,446 INFO  [io.api.tes.ser.api.KafkaSerdesTester] (Thread-697) Produced 10 messages
2025-08-06 15:35:58,446 INFO  [org.apa.kaf.cli.pro.KafkaProducer] (Thread-697) [Producer clientId=Producer-topic-e2b8f048_54b4_4b50_8332_86064a5f5452] Closing the Kafka producer with timeoutMillis = 9223372036854775807 ms.
2025-08-06 15:35:58,447 INFO  [org.apa.kaf.com.met.Metrics] (Thread-697) Metrics scheduler closed
2025-08-06 15:35:58,447 INFO  [org.apa.kaf.com.met.Metrics] (Thread-697) Closing reporter org.apache.kafka.common.metrics.JmxReporter
2025-08-06 15:35:58,448 INFO  [org.apa.kaf.com.met.Metrics] (Thread-697) Closing reporter org.apache.kafka.common.telemetry.internals.ClientTelemetryReporter
2025-08-06 15:35:58,448 INFO  [org.apa.kaf.com.met.Metrics] (Thread-697) Metrics reporters closed
2025-08-06 15:35:58,448 INFO  [org.apa.kaf.com.uti.AppInfoParser] (Thread-697) App info kafka.producer for Producer-topic-e2b8f048_54b4_4b50_8332_86064a5f5452 unregistered
**** Registry Base URL: http://registry-app-inmemory.apps.ci419.apicurio-testing.org:80
2025-08-06 15:35:58,449 INFO  [org.apa.kaf.cli.con.ConsumerConfig] (main) ConsumerConfig values: 
	allow.auto.create.topics = true
	auto.commit.interval.ms = 500
	auto.include.jmx.reporter = true
	auto.offset.reset = earliest
	bootstrap.servers = [PLAINTEXT://localhost:32769]
	check.crcs = true
	client.dns.lookup = use_all_dns_ips
	client.id = consumer-Consumer-topic-e2b8f048_54b4_4b50_8332_86064a5f5452-13
	client.rack = 
	connections.max.idle.ms = 10000
	default.api.timeout.ms = 60000
	enable.auto.commit = true
	enable.metrics.push = true
	exclude.internal.topics = true
	fetch.max.bytes = 52428800
	fetch.max.wait.ms = 500
	fetch.min.bytes = 1
	group.id = Consumer-topic-e2b8f048_54b4_4b50_8332_86064a5f5452
	group.instance.id = null
	group.protocol = classic
	group.remote.assignor = null
	heartbeat.interval.ms = 3000
	interceptor.classes = []
	internal.leave.group.on.close = true
	internal.throw.on.fetch.stable.offset.unsupported = false
	isolation.level = read_uncommitted
	key.deserializer = class org.apache.kafka.common.serialization.StringDeserializer
	max.partition.fetch.bytes = 1048576
	max.poll.interval.ms = 300000
	max.poll.records = 500
	metadata.max.age.ms = 300000
	metadata.recovery.strategy = none
	metric.reporters = []
	metrics.num.samples = 2
	metrics.recording.level = INFO
	metrics.sample.window.ms = 30000
	partition.assignment.strategy = [class org.apache.kafka.clients.consumer.RangeAssignor, class org.apache.kafka.clients.consumer.CooperativeStickyAssignor]
	receive.buffer.bytes = 65536
	reconnect.backoff.max.ms = 1000
	reconnect.backoff.ms = 50
	request.timeout.ms = 5000
	retry.backoff.max.ms = 1000
	retry.backoff.ms = 100
	sasl.client.callback.handler.class = null
	sasl.jaas.config = null
	sasl.kerberos.kinit.cmd = /usr/bin/kinit
	sasl.kerberos.min.time.before.relogin = 60000
	sasl.kerberos.service.name = null
	sasl.kerberos.ticket.renew.jitter = 0.05
	sasl.kerberos.ticket.renew.window.factor = 0.8
	sasl.login.callback.handler.class = null
	sasl.login.class = null
	sasl.login.connect.timeout.ms = null
	sasl.login.read.timeout.ms = null
	sasl.login.refresh.buffer.seconds = 300
	sasl.login.refresh.min.period.seconds = 60
	sasl.login.refresh.window.factor = 0.8
	sasl.login.refresh.window.jitter = 0.05
	sasl.login.retry.backoff.max.ms = 10000
	sasl.login.retry.backoff.ms = 100
	sasl.mechanism = GSSAPI
	sasl.oauthbearer.clock.skew.seconds = 30
	sasl.oauthbearer.expected.audience = null
	sasl.oauthbearer.expected.issuer = null
	sasl.oauthbearer.header.urlencode = false
	sasl.oauthbearer.jwks.endpoint.refresh.ms = 3600000
	sasl.oauthbearer.jwks.endpoint.retry.backoff.max.ms = 10000
	sasl.oauthbearer.jwks.endpoint.retry.backoff.ms = 100
	sasl.oauthbearer.jwks.endpoint.url = null
	sasl.oauthbearer.scope.claim.name = scope
	sasl.oauthbearer.sub.claim.name = sub
	sasl.oauthbearer.token.endpoint.url = null
	security.protocol = PLAINTEXT
	security.providers = null
	send.buffer.bytes = 131072
	session.timeout.ms = 45000
	socket.connection.setup.timeout.max.ms = 30000
	socket.connection.setup.timeout.ms = 10000
	ssl.cipher.suites = null
	ssl.enabled.protocols = [TLSv1.2, TLSv1.3]
	ssl.endpoint.identification.algorithm = https
	ssl.engine.factory.class = null
	ssl.key.password = null
	ssl.keymanager.algorithm = SunX509
	ssl.keystore.certificate.chain = null
	ssl.keystore.key = null
	ssl.keystore.location = null
	ssl.keystore.password = null
	ssl.keystore.type = JKS
	ssl.protocol = TLSv1.3
	ssl.provider = null
	ssl.secure.random.implementation = null
	ssl.trustmanager.algorithm = PKIX
	ssl.truststore.certificates = null
	ssl.truststore.location = null
	ssl.truststore.password = null
	ssl.truststore.type = JKS
	value.deserializer = class io.apicurio.registry.serde.avro.AvroKafkaDeserializer

2025-08-06 15:35:58,449 INFO  [org.apa.kaf.com.tel.int.KafkaMetricsCollector] (main) initializing Kafka metrics collector
2025-08-06 15:35:58,455 INFO  [org.apa.kaf.cli.con.ConsumerConfig] (main) These configurations '[apicurio.registry.url]' were supplied but are not used yet.
2025-08-06 15:35:58,455 INFO  [org.apa.kaf.com.uti.AppInfoParser] (main) Kafka version: 3.9.1
2025-08-06 15:35:58,455 INFO  [org.apa.kaf.com.uti.AppInfoParser] (main) Kafka commitId: f745dfdcee2b9851
2025-08-06 15:35:58,455 INFO  [org.apa.kaf.com.uti.AppInfoParser] (main) Kafka startTimeMs: 1754494558455
2025-08-06 15:35:58,456 INFO  [org.apa.kaf.cli.con.int.ClassicKafkaConsumer] (Thread-700) [Consumer clientId=consumer-Consumer-topic-e2b8f048_54b4_4b50_8332_86064a5f5452-13, groupId=Consumer-topic-e2b8f048_54b4_4b50_8332_86064a5f5452] Subscribed to topic(s): topic-e2b8f048_54b4_4b50_8332_86064a5f5452
2025-08-06 15:35:58,459 INFO  [org.apa.kaf.cli.Metadata] (Thread-700) [Consumer clientId=consumer-Consumer-topic-e2b8f048_54b4_4b50_8332_86064a5f5452-13, groupId=Consumer-topic-e2b8f048_54b4_4b50_8332_86064a5f5452] Cluster ID: XZ--LfAaTaS_n5V5dfJ0ng
2025-08-06 15:35:58,460 INFO  [org.apa.kaf.cli.con.int.ConsumerCoordinator] (Thread-700) [Consumer clientId=consumer-Consumer-topic-e2b8f048_54b4_4b50_8332_86064a5f5452-13, groupId=Consumer-topic-e2b8f048_54b4_4b50_8332_86064a5f5452] Discovered group coordinator localhost:32769 (id: 2147483647 rack: null)
2025-08-06 15:35:58,461 INFO  [org.apa.kaf.cli.con.int.ConsumerCoordinator] (Thread-700) [Consumer clientId=consumer-Consumer-topic-e2b8f048_54b4_4b50_8332_86064a5f5452-13, groupId=Consumer-topic-e2b8f048_54b4_4b50_8332_86064a5f5452] (Re-)joining group
2025-08-06 15:35:58,464 INFO  [org.apa.kaf.cli.con.int.ConsumerCoordinator] (Thread-700) [Consumer clientId=consumer-Consumer-topic-e2b8f048_54b4_4b50_8332_86064a5f5452-13, groupId=Consumer-topic-e2b8f048_54b4_4b50_8332_86064a5f5452] Request joining group due to: need to re-join with the given member-id: consumer-Consumer-topic-e2b8f048_54b4_4b50_8332_86064a5f5452-13-41e22bbb-e744-4eb4-ade4-2371a562a4b5
2025-08-06 15:35:58,464 INFO  [org.apa.kaf.cli.con.int.ConsumerCoordinator] (Thread-700) [Consumer clientId=consumer-Consumer-topic-e2b8f048_54b4_4b50_8332_86064a5f5452-13, groupId=Consumer-topic-e2b8f048_54b4_4b50_8332_86064a5f5452] (Re-)joining group
2025-08-06 15:35:59,456 INFO  [io.api.tes.ser.api.KafkaSerdesTester] (Thread-700) None found
2025-08-06 15:36:00,456 INFO  [io.api.tes.ser.api.KafkaSerdesTester] (Thread-700) None found
2025-08-06 15:36:01,456 INFO  [io.api.tes.ser.api.KafkaSerdesTester] (Thread-700) None found
2025-08-06 15:36:01,466 INFO  [org.apa.kaf.cli.con.int.ConsumerCoordinator] (Thread-700) [Consumer clientId=consumer-Consumer-topic-e2b8f048_54b4_4b50_8332_86064a5f5452-13, groupId=Consumer-topic-e2b8f048_54b4_4b50_8332_86064a5f5452] Successfully joined group with generation Generation{generationId=1, memberId='consumer-Consumer-topic-e2b8f048_54b4_4b50_8332_86064a5f5452-13-41e22bbb-e744-4eb4-ade4-2371a562a4b5', protocol='range'}
2025-08-06 15:36:01,466 INFO  [org.apa.kaf.cli.con.int.ConsumerCoordinator] (Thread-700) [Consumer clientId=consumer-Consumer-topic-e2b8f048_54b4_4b50_8332_86064a5f5452-13, groupId=Consumer-topic-e2b8f048_54b4_4b50_8332_86064a5f5452] Finished assignment for group at generation 1: {consumer-Consumer-topic-e2b8f048_54b4_4b50_8332_86064a5f5452-13-41e22bbb-e744-4eb4-ade4-2371a562a4b5=Assignment(partitions=[topic-e2b8f048_54b4_4b50_8332_86064a5f5452-0])}
2025-08-06 15:36:01,473 INFO  [org.apa.kaf.cli.con.int.ConsumerCoordinator] (Thread-700) [Consumer clientId=consumer-Consumer-topic-e2b8f048_54b4_4b50_8332_86064a5f5452-13, groupId=Consumer-topic-e2b8f048_54b4_4b50_8332_86064a5f5452] Successfully synced group in generation Generation{generationId=1, memberId='consumer-Consumer-topic-e2b8f048_54b4_4b50_8332_86064a5f5452-13-41e22bbb-e744-4eb4-ade4-2371a562a4b5', protocol='range'}
2025-08-06 15:36:01,473 INFO  [org.apa.kaf.cli.con.int.ConsumerCoordinator] (Thread-700) [Consumer clientId=consumer-Consumer-topic-e2b8f048_54b4_4b50_8332_86064a5f5452-13, groupId=Consumer-topic-e2b8f048_54b4_4b50_8332_86064a5f5452] Notifying assignor about the new Assignment(partitions=[topic-e2b8f048_54b4_4b50_8332_86064a5f5452-0])
2025-08-06 15:36:01,473 INFO  [org.apa.kaf.cli.con.int.ConsumerRebalanceListenerInvoker] (Thread-700) [Consumer clientId=consumer-Consumer-topic-e2b8f048_54b4_4b50_8332_86064a5f5452-13, groupId=Consumer-topic-e2b8f048_54b4_4b50_8332_86064a5f5452] Adding newly assigned partitions: topic-e2b8f048_54b4_4b50_8332_86064a5f5452-0
2025-08-06 15:36:01,474 INFO  [org.apa.kaf.cli.con.int.ConsumerCoordinator] (Thread-700) [Consumer clientId=consumer-Consumer-topic-e2b8f048_54b4_4b50_8332_86064a5f5452-13, groupId=Consumer-topic-e2b8f048_54b4_4b50_8332_86064a5f5452] Found no committed offset for partition topic-e2b8f048_54b4_4b50_8332_86064a5f5452-0
2025-08-06 15:36:01,477 INFO  [org.apa.kaf.cli.con.int.SubscriptionState] (Thread-700) [Consumer clientId=consumer-Consumer-topic-e2b8f048_54b4_4b50_8332_86064a5f5452-13, groupId=Consumer-topic-e2b8f048_54b4_4b50_8332_86064a5f5452] Resetting offset for partition topic-e2b8f048_54b4_4b50_8332_86064a5f5452-0 to position FetchPosition{offset=0, offsetEpoch=Optional.empty, currentLeader=LeaderAndEpoch{leader=Optional[localhost:32769 (id: 0 rack: null)], epoch=0}}.
2025-08-06 15:36:01,598 INFO  [io.api.tes.ser.api.KafkaSerdesTester] (Thread-700) topic-e2b8f048_54b4_4b50_8332_86064a5f5452 0 0 {"key11754494557136": "value-0"}
2025-08-06 15:36:01,598 INFO  [io.api.tes.ser.api.KafkaSerdesTester] (Thread-700) topic-e2b8f048_54b4_4b50_8332_86064a5f5452 0 1 {"key11754494557136": "value-1"}
2025-08-06 15:36:01,598 INFO  [io.api.tes.ser.api.KafkaSerdesTester] (Thread-700) topic-e2b8f048_54b4_4b50_8332_86064a5f5452 0 2 {"key11754494557136": "value-2"}
2025-08-06 15:36:01,598 INFO  [io.api.tes.ser.api.KafkaSerdesTester] (Thread-700) topic-e2b8f048_54b4_4b50_8332_86064a5f5452 0 3 {"key11754494557136": "value-3"}
2025-08-06 15:36:01,598 INFO  [io.api.tes.ser.api.KafkaSerdesTester] (Thread-700) topic-e2b8f048_54b4_4b50_8332_86064a5f5452 0 4 {"key11754494557136": "value-4"}
2025-08-06 15:36:01,598 INFO  [io.api.tes.ser.api.KafkaSerdesTester] (Thread-700) topic-e2b8f048_54b4_4b50_8332_86064a5f5452 0 5 {"key11754494557136": "value-5"}
2025-08-06 15:36:01,598 INFO  [io.api.tes.ser.api.KafkaSerdesTester] (Thread-700) topic-e2b8f048_54b4_4b50_8332_86064a5f5452 0 6 {"key11754494557136": "value-6"}
2025-08-06 15:36:01,598 INFO  [io.api.tes.ser.api.KafkaSerdesTester] (Thread-700) topic-e2b8f048_54b4_4b50_8332_86064a5f5452 0 7 {"key11754494557136": "value-7"}
2025-08-06 15:36:01,598 INFO  [io.api.tes.ser.api.KafkaSerdesTester] (Thread-700) topic-e2b8f048_54b4_4b50_8332_86064a5f5452 0 8 {"key11754494557136": "value-8"}
2025-08-06 15:36:01,598 INFO  [io.api.tes.ser.api.KafkaSerdesTester] (Thread-700) topic-e2b8f048_54b4_4b50_8332_86064a5f5452 0 9 {"key11754494557136": "value-9"}
2025-08-06 15:36:01,598 INFO  [io.api.tes.ser.api.KafkaSerdesTester] (Thread-700) Consumed 10 messages
2025-08-06 15:36:01,606 INFO  [org.apa.kaf.cli.con.int.ConsumerRebalanceListenerInvoker] (Thread-700) [Consumer clientId=consumer-Consumer-topic-e2b8f048_54b4_4b50_8332_86064a5f5452-13, groupId=Consumer-topic-e2b8f048_54b4_4b50_8332_86064a5f5452] Revoke previously assigned partitions topic-e2b8f048_54b4_4b50_8332_86064a5f5452-0
2025-08-06 15:36:01,606 INFO  [org.apa.kaf.cli.con.int.ConsumerCoordinator] (Thread-700) [Consumer clientId=consumer-Consumer-topic-e2b8f048_54b4_4b50_8332_86064a5f5452-13, groupId=Consumer-topic-e2b8f048_54b4_4b50_8332_86064a5f5452] Member consumer-Consumer-topic-e2b8f048_54b4_4b50_8332_86064a5f5452-13-41e22bbb-e744-4eb4-ade4-2371a562a4b5 sending LeaveGroup request to coordinator localhost:32769 (id: 2147483647 rack: null) due to the consumer is being closed
2025-08-06 15:36:01,608 INFO  [org.apa.kaf.cli.con.int.ConsumerCoordinator] (Thread-700) [Consumer clientId=consumer-Consumer-topic-e2b8f048_54b4_4b50_8332_86064a5f5452-13, groupId=Consumer-topic-e2b8f048_54b4_4b50_8332_86064a5f5452] Resetting generation and member id due to: consumer pro-actively leaving the group
2025-08-06 15:36:01,608 INFO  [org.apa.kaf.cli.con.int.ConsumerCoordinator] (Thread-700) [Consumer clientId=consumer-Consumer-topic-e2b8f048_54b4_4b50_8332_86064a5f5452-13, groupId=Consumer-topic-e2b8f048_54b4_4b50_8332_86064a5f5452] Request joining group due to: consumer pro-actively leaving the group
2025-08-06 15:36:02,101 INFO  [org.apa.kaf.com.met.Metrics] (Thread-700) Metrics scheduler closed
2025-08-06 15:36:02,101 INFO  [org.apa.kaf.com.met.Metrics] (Thread-700) Closing reporter org.apache.kafka.common.metrics.JmxReporter
2025-08-06 15:36:02,101 INFO  [org.apa.kaf.com.met.Metrics] (Thread-700) Closing reporter org.apache.kafka.common.telemetry.internals.ClientTelemetryReporter
2025-08-06 15:36:02,101 INFO  [org.apa.kaf.com.met.Metrics] (Thread-700) Metrics reporters closed
2025-08-06 15:36:02,104 INFO  [org.apa.kaf.com.uti.AppInfoParser] (Thread-700) App info kafka.consumer for consumer-Consumer-topic-e2b8f048_54b4_4b50_8332_86064a5f5452-13 unregistered
2025-08-06 15:36:02,104 INFO  [io.api.tes.uti.TestSeparator] (main) io.apicurio.tests.serdes.apicurio.AvroSerdeIT.testTopicRecordIdStrategydFindLatest-FINISHED
2025-08-06 15:36:02,104 INFO  [io.api.tes.uti.TestSeparator] (main) ############################################################################
Test passed: testTopicRecordIdStrategydFindLatest
]]></system-out>
  </testcase>
  <testcase name="testAvroConfluentForMultipleTopics" classname="io.apicurio.tests.serdes.apicurio.AvroSerdeIT" time="12.481">
    <system-out><![CDATA[2025-08-06 15:36:02,106 INFO  [io.api.tes.uti.TestSeparator] (main) ############################################################################
2025-08-06 15:36:02,106 INFO  [io.api.tes.uti.TestSeparator] (main) io.apicurio.tests.serdes.apicurio.AvroSerdeIT.testAvroConfluentForMultipleTopics-STARTED
2025-08-06 15:36:02,109 INFO  [io.api.tes.ser.api.AvroSerdeIT] (main) Registering Avro Schema: {"type":"record","name":"myrecordconfluent","fields":[{"name":"key11754494562106","type":"string"}]}
**** Registry Base URL: http://registry-app-inmemory.apps.ci419.apicurio-testing.org:80
2025-08-06 15:36:03,209 INFO  [org.apa.kaf.cli.pro.ProducerConfig] (main) ProducerConfig values: 
	acks = -1
	auto.include.jmx.reporter = true
	batch.size = 16384
	bootstrap.servers = [PLAINTEXT://localhost:32769]
	buffer.memory = 33554432
	client.dns.lookup = use_all_dns_ips
	client.id = Producer-topic-47fe7768_14e9_425b_800a_75d6e11bde63
	compression.gzip.level = -1
	compression.lz4.level = 9
	compression.type = none
	compression.zstd.level = 3
	connections.max.idle.ms = 10000
	delivery.timeout.ms = 120000
	enable.idempotence = true
	enable.metrics.push = true
	interceptor.classes = []
	key.serializer = class org.apache.kafka.common.serialization.StringSerializer
	linger.ms = 0
	max.block.ms = 60000
	max.in.flight.requests.per.connection = 5
	max.request.size = 1048576
	metadata.max.age.ms = 300000
	metadata.max.idle.ms = 300000
	metadata.recovery.strategy = none
	metric.reporters = []
	metrics.num.samples = 2
	metrics.recording.level = INFO
	metrics.sample.window.ms = 30000
	partitioner.adaptive.partitioning.enable = true
	partitioner.availability.timeout.ms = 0
	partitioner.class = null
	partitioner.ignore.keys = false
	receive.buffer.bytes = 32768
	reconnect.backoff.max.ms = 1000
	reconnect.backoff.ms = 50
	request.timeout.ms = 5000
	retries = 2147483647
	retry.backoff.max.ms = 1000
	retry.backoff.ms = 100
	sasl.client.callback.handler.class = null
	sasl.jaas.config = null
	sasl.kerberos.kinit.cmd = /usr/bin/kinit
	sasl.kerberos.min.time.before.relogin = 60000
	sasl.kerberos.service.name = null
	sasl.kerberos.ticket.renew.jitter = 0.05
	sasl.kerberos.ticket.renew.window.factor = 0.8
	sasl.login.callback.handler.class = null
	sasl.login.class = null
	sasl.login.connect.timeout.ms = null
	sasl.login.read.timeout.ms = null
	sasl.login.refresh.buffer.seconds = 300
	sasl.login.refresh.min.period.seconds = 60
	sasl.login.refresh.window.factor = 0.8
	sasl.login.refresh.window.jitter = 0.05
	sasl.login.retry.backoff.max.ms = 10000
	sasl.login.retry.backoff.ms = 100
	sasl.mechanism = GSSAPI
	sasl.oauthbearer.clock.skew.seconds = 30
	sasl.oauthbearer.expected.audience = null
	sasl.oauthbearer.expected.issuer = null
	sasl.oauthbearer.header.urlencode = false
	sasl.oauthbearer.jwks.endpoint.refresh.ms = 3600000
	sasl.oauthbearer.jwks.endpoint.retry.backoff.max.ms = 10000
	sasl.oauthbearer.jwks.endpoint.retry.backoff.ms = 100
	sasl.oauthbearer.jwks.endpoint.url = null
	sasl.oauthbearer.scope.claim.name = scope
	sasl.oauthbearer.sub.claim.name = sub
	sasl.oauthbearer.token.endpoint.url = null
	security.protocol = PLAINTEXT
	security.providers = null
	send.buffer.bytes = 131072
	socket.connection.setup.timeout.max.ms = 30000
	socket.connection.setup.timeout.ms = 10000
	ssl.cipher.suites = null
	ssl.enabled.protocols = [TLSv1.2, TLSv1.3]
	ssl.endpoint.identification.algorithm = https
	ssl.engine.factory.class = null
	ssl.key.password = null
	ssl.keymanager.algorithm = SunX509
	ssl.keystore.certificate.chain = null
	ssl.keystore.key = null
	ssl.keystore.location = null
	ssl.keystore.password = null
	ssl.keystore.type = JKS
	ssl.protocol = TLSv1.3
	ssl.provider = null
	ssl.secure.random.implementation = null
	ssl.trustmanager.algorithm = PKIX
	ssl.truststore.certificates = null
	ssl.truststore.location = null
	ssl.truststore.password = null
	ssl.truststore.type = JKS
	transaction.timeout.ms = 60000
	transactional.id = null
	value.serializer = class io.apicurio.registry.serde.avro.AvroKafkaSerializer

2025-08-06 15:36:03,209 INFO  [org.apa.kaf.com.tel.int.KafkaMetricsCollector] (main) initializing Kafka metrics collector
2025-08-06 15:36:03,213 INFO  [org.apa.kaf.cli.pro.KafkaProducer] (main) [Producer clientId=Producer-topic-47fe7768_14e9_425b_800a_75d6e11bde63] Instantiated an idempotent producer.
2025-08-06 15:36:03,216 INFO  [org.apa.kaf.cli.pro.ProducerConfig] (main) These configurations '[apicurio.registry.url, apicurio.registry.artifact-resolver-strategy]' were supplied but are not used yet.
2025-08-06 15:36:03,216 INFO  [org.apa.kaf.com.uti.AppInfoParser] (main) Kafka version: 3.9.1
2025-08-06 15:36:03,216 INFO  [org.apa.kaf.com.uti.AppInfoParser] (main) Kafka commitId: f745dfdcee2b9851
2025-08-06 15:36:03,216 INFO  [org.apa.kaf.com.uti.AppInfoParser] (main) Kafka startTimeMs: 1754494563216
**** Registry Base URL: http://registry-app-inmemory.apps.ci419.apicurio-testing.org:80
2025-08-06 15:36:03,217 INFO  [org.apa.kaf.cli.pro.ProducerConfig] (main) ProducerConfig values: 
	acks = -1
	auto.include.jmx.reporter = true
	batch.size = 16384
	bootstrap.servers = [PLAINTEXT://localhost:32769]
	buffer.memory = 33554432
	client.dns.lookup = use_all_dns_ips
	client.id = Producer-topic-6c171cab_b3d3_4e90_86ca_171f13aea95b
	compression.gzip.level = -1
	compression.lz4.level = 9
	compression.type = none
	compression.zstd.level = 3
	connections.max.idle.ms = 10000
	delivery.timeout.ms = 120000
	enable.idempotence = true
	enable.metrics.push = true
	interceptor.classes = []
	key.serializer = class org.apache.kafka.common.serialization.StringSerializer
	linger.ms = 0
	max.block.ms = 60000
	max.in.flight.requests.per.connection = 5
	max.request.size = 1048576
	metadata.max.age.ms = 300000
	metadata.max.idle.ms = 300000
	metadata.recovery.strategy = none
	metric.reporters = []
	metrics.num.samples = 2
	metrics.recording.level = INFO
	metrics.sample.window.ms = 30000
	partitioner.adaptive.partitioning.enable = true
	partitioner.availability.timeout.ms = 0
	partitioner.class = null
	partitioner.ignore.keys = false
	receive.buffer.bytes = 32768
	reconnect.backoff.max.ms = 1000
	reconnect.backoff.ms = 50
	request.timeout.ms = 5000
	retries = 2147483647
	retry.backoff.max.ms = 1000
	retry.backoff.ms = 100
	sasl.client.callback.handler.class = null
	sasl.jaas.config = null
	sasl.kerberos.kinit.cmd = /usr/bin/kinit
	sasl.kerberos.min.time.before.relogin = 60000
	sasl.kerberos.service.name = null
	sasl.kerberos.ticket.renew.jitter = 0.05
	sasl.kerberos.ticket.renew.window.factor = 0.8
	sasl.login.callback.handler.class = null
	sasl.login.class = null
	sasl.login.connect.timeout.ms = null
	sasl.login.read.timeout.ms = null
	sasl.login.refresh.buffer.seconds = 300
	sasl.login.refresh.min.period.seconds = 60
	sasl.login.refresh.window.factor = 0.8
	sasl.login.refresh.window.jitter = 0.05
	sasl.login.retry.backoff.max.ms = 10000
	sasl.login.retry.backoff.ms = 100
	sasl.mechanism = GSSAPI
	sasl.oauthbearer.clock.skew.seconds = 30
	sasl.oauthbearer.expected.audience = null
	sasl.oauthbearer.expected.issuer = null
	sasl.oauthbearer.header.urlencode = false
	sasl.oauthbearer.jwks.endpoint.refresh.ms = 3600000
	sasl.oauthbearer.jwks.endpoint.retry.backoff.max.ms = 10000
	sasl.oauthbearer.jwks.endpoint.retry.backoff.ms = 100
	sasl.oauthbearer.jwks.endpoint.url = null
	sasl.oauthbearer.scope.claim.name = scope
	sasl.oauthbearer.sub.claim.name = sub
	sasl.oauthbearer.token.endpoint.url = null
	security.protocol = PLAINTEXT
	security.providers = null
	send.buffer.bytes = 131072
	socket.connection.setup.timeout.max.ms = 30000
	socket.connection.setup.timeout.ms = 10000
	ssl.cipher.suites = null
	ssl.enabled.protocols = [TLSv1.2, TLSv1.3]
	ssl.endpoint.identification.algorithm = https
	ssl.engine.factory.class = null
	ssl.key.password = null
	ssl.keymanager.algorithm = SunX509
	ssl.keystore.certificate.chain = null
	ssl.keystore.key = null
	ssl.keystore.location = null
	ssl.keystore.password = null
	ssl.keystore.type = JKS
	ssl.protocol = TLSv1.3
	ssl.provider = null
	ssl.secure.random.implementation = null
	ssl.trustmanager.algorithm = PKIX
	ssl.truststore.certificates = null
	ssl.truststore.location = null
	ssl.truststore.password = null
	ssl.truststore.type = JKS
	transaction.timeout.ms = 60000
	transactional.id = null
	value.serializer = class io.apicurio.registry.serde.avro.AvroKafkaSerializer

2025-08-06 15:36:03,218 INFO  [org.apa.kaf.com.tel.int.KafkaMetricsCollector] (main) initializing Kafka metrics collector
2025-08-06 15:36:03,223 INFO  [org.apa.kaf.cli.Metadata] (kafka-producer-network-thread | Producer-topic-47fe7768_14e9_425b_800a_75d6e11bde63) [Producer clientId=Producer-topic-47fe7768_14e9_425b_800a_75d6e11bde63] Cluster ID: XZ--LfAaTaS_n5V5dfJ0ng
2025-08-06 15:36:03,224 INFO  [org.apa.kaf.cli.pro.int.TransactionManager] (kafka-producer-network-thread | Producer-topic-47fe7768_14e9_425b_800a_75d6e11bde63) [Producer clientId=Producer-topic-47fe7768_14e9_425b_800a_75d6e11bde63] ProducerId set to 19 with epoch 0
2025-08-06 15:36:03,225 INFO  [org.apa.kaf.cli.pro.KafkaProducer] (main) [Producer clientId=Producer-topic-6c171cab_b3d3_4e90_86ca_171f13aea95b] Instantiated an idempotent producer.
2025-08-06 15:36:03,228 INFO  [org.apa.kaf.cli.pro.ProducerConfig] (main) These configurations '[apicurio.registry.url, apicurio.registry.artifact-resolver-strategy]' were supplied but are not used yet.
2025-08-06 15:36:03,228 INFO  [org.apa.kaf.com.uti.AppInfoParser] (main) Kafka version: 3.9.1
2025-08-06 15:36:03,228 INFO  [org.apa.kaf.com.uti.AppInfoParser] (main) Kafka commitId: f745dfdcee2b9851
2025-08-06 15:36:03,229 INFO  [org.apa.kaf.com.uti.AppInfoParser] (main) Kafka startTimeMs: 1754494563228
**** Registry Base URL: http://registry-app-inmemory.apps.ci419.apicurio-testing.org:80
2025-08-06 15:36:03,229 INFO  [org.apa.kaf.cli.pro.ProducerConfig] (main) ProducerConfig values: 
	acks = -1
	auto.include.jmx.reporter = true
	batch.size = 16384
	bootstrap.servers = [PLAINTEXT://localhost:32769]
	buffer.memory = 33554432
	client.dns.lookup = use_all_dns_ips
	client.id = Producer-topic-0e92284f_1096_4b40_8cf0_8608cceeae8a
	compression.gzip.level = -1
	compression.lz4.level = 9
	compression.type = none
	compression.zstd.level = 3
	connections.max.idle.ms = 10000
	delivery.timeout.ms = 120000
	enable.idempotence = true
	enable.metrics.push = true
	interceptor.classes = []
	key.serializer = class org.apache.kafka.common.serialization.StringSerializer
	linger.ms = 0
	max.block.ms = 60000
	max.in.flight.requests.per.connection = 5
	max.request.size = 1048576
	metadata.max.age.ms = 300000
	metadata.max.idle.ms = 300000
	metadata.recovery.strategy = none
	metric.reporters = []
	metrics.num.samples = 2
	metrics.recording.level = INFO
	metrics.sample.window.ms = 30000
	partitioner.adaptive.partitioning.enable = true
	partitioner.availability.timeout.ms = 0
	partitioner.class = null
	partitioner.ignore.keys = false
	receive.buffer.bytes = 32768
	reconnect.backoff.max.ms = 1000
	reconnect.backoff.ms = 50
	request.timeout.ms = 5000
	retries = 2147483647
	retry.backoff.max.ms = 1000
	retry.backoff.ms = 100
	sasl.client.callback.handler.class = null
	sasl.jaas.config = null
	sasl.kerberos.kinit.cmd = /usr/bin/kinit
	sasl.kerberos.min.time.before.relogin = 60000
	sasl.kerberos.service.name = null
	sasl.kerberos.ticket.renew.jitter = 0.05
	sasl.kerberos.ticket.renew.window.factor = 0.8
	sasl.login.callback.handler.class = null
	sasl.login.class = null
	sasl.login.connect.timeout.ms = null
	sasl.login.read.timeout.ms = null
	sasl.login.refresh.buffer.seconds = 300
	sasl.login.refresh.min.period.seconds = 60
	sasl.login.refresh.window.factor = 0.8
	sasl.login.refresh.window.jitter = 0.05
	sasl.login.retry.backoff.max.ms = 10000
	sasl.login.retry.backoff.ms = 100
	sasl.mechanism = GSSAPI
	sasl.oauthbearer.clock.skew.seconds = 30
	sasl.oauthbearer.expected.audience = null
	sasl.oauthbearer.expected.issuer = null
	sasl.oauthbearer.header.urlencode = false
	sasl.oauthbearer.jwks.endpoint.refresh.ms = 3600000
	sasl.oauthbearer.jwks.endpoint.retry.backoff.max.ms = 10000
	sasl.oauthbearer.jwks.endpoint.retry.backoff.ms = 100
	sasl.oauthbearer.jwks.endpoint.url = null
	sasl.oauthbearer.scope.claim.name = scope
	sasl.oauthbearer.sub.claim.name = sub
	sasl.oauthbearer.token.endpoint.url = null
	security.protocol = PLAINTEXT
	security.providers = null
	send.buffer.bytes = 131072
	socket.connection.setup.timeout.max.ms = 30000
	socket.connection.setup.timeout.ms = 10000
	ssl.cipher.suites = null
	ssl.enabled.protocols = [TLSv1.2, TLSv1.3]
	ssl.endpoint.identification.algorithm = https
	ssl.engine.factory.class = null
	ssl.key.password = null
	ssl.keymanager.algorithm = SunX509
	ssl.keystore.certificate.chain = null
	ssl.keystore.key = null
	ssl.keystore.location = null
	ssl.keystore.password = null
	ssl.keystore.type = JKS
	ssl.protocol = TLSv1.3
	ssl.provider = null
	ssl.secure.random.implementation = null
	ssl.trustmanager.algorithm = PKIX
	ssl.truststore.certificates = null
	ssl.truststore.location = null
	ssl.truststore.password = null
	ssl.truststore.type = JKS
	transaction.timeout.ms = 60000
	transactional.id = null
	value.serializer = class io.apicurio.registry.serde.avro.AvroKafkaSerializer

2025-08-06 15:36:03,230 INFO  [org.apa.kaf.com.tel.int.KafkaMetricsCollector] (main) initializing Kafka metrics collector
2025-08-06 15:36:03,232 INFO  [org.apa.kaf.cli.Metadata] (kafka-producer-network-thread | Producer-topic-6c171cab_b3d3_4e90_86ca_171f13aea95b) [Producer clientId=Producer-topic-6c171cab_b3d3_4e90_86ca_171f13aea95b] Cluster ID: XZ--LfAaTaS_n5V5dfJ0ng
2025-08-06 15:36:03,232 INFO  [org.apa.kaf.cli.pro.int.TransactionManager] (kafka-producer-network-thread | Producer-topic-6c171cab_b3d3_4e90_86ca_171f13aea95b) [Producer clientId=Producer-topic-6c171cab_b3d3_4e90_86ca_171f13aea95b] ProducerId set to 20 with epoch 0
2025-08-06 15:36:03,237 INFO  [org.apa.kaf.cli.pro.KafkaProducer] (main) [Producer clientId=Producer-topic-0e92284f_1096_4b40_8cf0_8608cceeae8a] Instantiated an idempotent producer.
2025-08-06 15:36:03,240 INFO  [org.apa.kaf.cli.pro.ProducerConfig] (main) These configurations '[apicurio.registry.url, apicurio.registry.artifact-resolver-strategy]' were supplied but are not used yet.
2025-08-06 15:36:03,240 INFO  [org.apa.kaf.com.uti.AppInfoParser] (main) Kafka version: 3.9.1
2025-08-06 15:36:03,240 INFO  [org.apa.kaf.com.uti.AppInfoParser] (main) Kafka commitId: f745dfdcee2b9851
2025-08-06 15:36:03,241 INFO  [org.apa.kaf.com.uti.AppInfoParser] (main) Kafka startTimeMs: 1754494563240
**** Registry Base URL: http://registry-app-inmemory.apps.ci419.apicurio-testing.org:80
2025-08-06 15:36:03,241 INFO  [org.apa.kaf.cli.con.ConsumerConfig] (main) ConsumerConfig values: 
	allow.auto.create.topics = true
	auto.commit.interval.ms = 500
	auto.include.jmx.reporter = true
	auto.offset.reset = earliest
	bootstrap.servers = [PLAINTEXT://localhost:32769]
	check.crcs = true
	client.dns.lookup = use_all_dns_ips
	client.id = consumer-Consumer-topic-47fe7768_14e9_425b_800a_75d6e11bde63-14
	client.rack = 
	connections.max.idle.ms = 10000
	default.api.timeout.ms = 60000
	enable.auto.commit = true
	enable.metrics.push = true
	exclude.internal.topics = true
	fetch.max.bytes = 52428800
	fetch.max.wait.ms = 500
	fetch.min.bytes = 1
	group.id = Consumer-topic-47fe7768_14e9_425b_800a_75d6e11bde63
	group.instance.id = null
	group.protocol = classic
	group.remote.assignor = null
	heartbeat.interval.ms = 3000
	interceptor.classes = []
	internal.leave.group.on.close = true
	internal.throw.on.fetch.stable.offset.unsupported = false
	isolation.level = read_uncommitted
	key.deserializer = class org.apache.kafka.common.serialization.StringDeserializer
	max.partition.fetch.bytes = 1048576
	max.poll.interval.ms = 300000
	max.poll.records = 500
	metadata.max.age.ms = 300000
	metadata.recovery.strategy = none
	metric.reporters = []
	metrics.num.samples = 2
	metrics.recording.level = INFO
	metrics.sample.window.ms = 30000
	partition.assignment.strategy = [class org.apache.kafka.clients.consumer.RangeAssignor, class org.apache.kafka.clients.consumer.CooperativeStickyAssignor]
	receive.buffer.bytes = 65536
	reconnect.backoff.max.ms = 1000
	reconnect.backoff.ms = 50
	request.timeout.ms = 5000
	retry.backoff.max.ms = 1000
	retry.backoff.ms = 100
	sasl.client.callback.handler.class = null
	sasl.jaas.config = null
	sasl.kerberos.kinit.cmd = /usr/bin/kinit
	sasl.kerberos.min.time.before.relogin = 60000
	sasl.kerberos.service.name = null
	sasl.kerberos.ticket.renew.jitter = 0.05
	sasl.kerberos.ticket.renew.window.factor = 0.8
	sasl.login.callback.handler.class = null
	sasl.login.class = null
	sasl.login.connect.timeout.ms = null
	sasl.login.read.timeout.ms = null
	sasl.login.refresh.buffer.seconds = 300
	sasl.login.refresh.min.period.seconds = 60
	sasl.login.refresh.window.factor = 0.8
	sasl.login.refresh.window.jitter = 0.05
	sasl.login.retry.backoff.max.ms = 10000
	sasl.login.retry.backoff.ms = 100
	sasl.mechanism = GSSAPI
	sasl.oauthbearer.clock.skew.seconds = 30
	sasl.oauthbearer.expected.audience = null
	sasl.oauthbearer.expected.issuer = null
	sasl.oauthbearer.header.urlencode = false
	sasl.oauthbearer.jwks.endpoint.refresh.ms = 3600000
	sasl.oauthbearer.jwks.endpoint.retry.backoff.max.ms = 10000
	sasl.oauthbearer.jwks.endpoint.retry.backoff.ms = 100
	sasl.oauthbearer.jwks.endpoint.url = null
	sasl.oauthbearer.scope.claim.name = scope
	sasl.oauthbearer.sub.claim.name = sub
	sasl.oauthbearer.token.endpoint.url = null
	security.protocol = PLAINTEXT
	security.providers = null
	send.buffer.bytes = 131072
	session.timeout.ms = 45000
	socket.connection.setup.timeout.max.ms = 30000
	socket.connection.setup.timeout.ms = 10000
	ssl.cipher.suites = null
	ssl.enabled.protocols = [TLSv1.2, TLSv1.3]
	ssl.endpoint.identification.algorithm = https
	ssl.engine.factory.class = null
	ssl.key.password = null
	ssl.keymanager.algorithm = SunX509
	ssl.keystore.certificate.chain = null
	ssl.keystore.key = null
	ssl.keystore.location = null
	ssl.keystore.password = null
	ssl.keystore.type = JKS
	ssl.protocol = TLSv1.3
	ssl.provider = null
	ssl.secure.random.implementation = null
	ssl.trustmanager.algorithm = PKIX
	ssl.truststore.certificates = null
	ssl.truststore.location = null
	ssl.truststore.password = null
	ssl.truststore.type = JKS
	value.deserializer = class io.apicurio.registry.serde.avro.AvroKafkaDeserializer

2025-08-06 15:36:03,241 INFO  [org.apa.kaf.com.tel.int.KafkaMetricsCollector] (main) initializing Kafka metrics collector
2025-08-06 15:36:03,248 INFO  [org.apa.kaf.cli.con.ConsumerConfig] (main) These configurations '[apicurio.registry.url]' were supplied but are not used yet.
2025-08-06 15:36:03,248 INFO  [org.apa.kaf.com.uti.AppInfoParser] (main) Kafka version: 3.9.1
2025-08-06 15:36:03,248 INFO  [org.apa.kaf.com.uti.AppInfoParser] (main) Kafka commitId: f745dfdcee2b9851
2025-08-06 15:36:03,248 INFO  [org.apa.kaf.com.uti.AppInfoParser] (main) Kafka startTimeMs: 1754494563248
**** Registry Base URL: http://registry-app-inmemory.apps.ci419.apicurio-testing.org:80
2025-08-06 15:36:03,249 INFO  [org.apa.kaf.cli.Metadata] (kafka-producer-network-thread | Producer-topic-0e92284f_1096_4b40_8cf0_8608cceeae8a) [Producer clientId=Producer-topic-0e92284f_1096_4b40_8cf0_8608cceeae8a] Cluster ID: XZ--LfAaTaS_n5V5dfJ0ng
2025-08-06 15:36:03,249 INFO  [org.apa.kaf.cli.pro.int.TransactionManager] (kafka-producer-network-thread | Producer-topic-0e92284f_1096_4b40_8cf0_8608cceeae8a) [Producer clientId=Producer-topic-0e92284f_1096_4b40_8cf0_8608cceeae8a] ProducerId set to 21 with epoch 0
2025-08-06 15:36:03,250 INFO  [org.apa.kaf.cli.con.ConsumerConfig] (main) ConsumerConfig values: 
	allow.auto.create.topics = true
	auto.commit.interval.ms = 500
	auto.include.jmx.reporter = true
	auto.offset.reset = earliest
	bootstrap.servers = [PLAINTEXT://localhost:32769]
	check.crcs = true
	client.dns.lookup = use_all_dns_ips
	client.id = consumer-Consumer-topic-6c171cab_b3d3_4e90_86ca_171f13aea95b-15
	client.rack = 
	connections.max.idle.ms = 10000
	default.api.timeout.ms = 60000
	enable.auto.commit = true
	enable.metrics.push = true
	exclude.internal.topics = true
	fetch.max.bytes = 52428800
	fetch.max.wait.ms = 500
	fetch.min.bytes = 1
	group.id = Consumer-topic-6c171cab_b3d3_4e90_86ca_171f13aea95b
	group.instance.id = null
	group.protocol = classic
	group.remote.assignor = null
	heartbeat.interval.ms = 3000
	interceptor.classes = []
	internal.leave.group.on.close = true
	internal.throw.on.fetch.stable.offset.unsupported = false
	isolation.level = read_uncommitted
	key.deserializer = class org.apache.kafka.common.serialization.StringDeserializer
	max.partition.fetch.bytes = 1048576
	max.poll.interval.ms = 300000
	max.poll.records = 500
	metadata.max.age.ms = 300000
	metadata.recovery.strategy = none
	metric.reporters = []
	metrics.num.samples = 2
	metrics.recording.level = INFO
	metrics.sample.window.ms = 30000
	partition.assignment.strategy = [class org.apache.kafka.clients.consumer.RangeAssignor, class org.apache.kafka.clients.consumer.CooperativeStickyAssignor]
	receive.buffer.bytes = 65536
	reconnect.backoff.max.ms = 1000
	reconnect.backoff.ms = 50
	request.timeout.ms = 5000
	retry.backoff.max.ms = 1000
	retry.backoff.ms = 100
	sasl.client.callback.handler.class = null
	sasl.jaas.config = null
	sasl.kerberos.kinit.cmd = /usr/bin/kinit
	sasl.kerberos.min.time.before.relogin = 60000
	sasl.kerberos.service.name = null
	sasl.kerberos.ticket.renew.jitter = 0.05
	sasl.kerberos.ticket.renew.window.factor = 0.8
	sasl.login.callback.handler.class = null
	sasl.login.class = null
	sasl.login.connect.timeout.ms = null
	sasl.login.read.timeout.ms = null
	sasl.login.refresh.buffer.seconds = 300
	sasl.login.refresh.min.period.seconds = 60
	sasl.login.refresh.window.factor = 0.8
	sasl.login.refresh.window.jitter = 0.05
	sasl.login.retry.backoff.max.ms = 10000
	sasl.login.retry.backoff.ms = 100
	sasl.mechanism = GSSAPI
	sasl.oauthbearer.clock.skew.seconds = 30
	sasl.oauthbearer.expected.audience = null
	sasl.oauthbearer.expected.issuer = null
	sasl.oauthbearer.header.urlencode = false
	sasl.oauthbearer.jwks.endpoint.refresh.ms = 3600000
	sasl.oauthbearer.jwks.endpoint.retry.backoff.max.ms = 10000
	sasl.oauthbearer.jwks.endpoint.retry.backoff.ms = 100
	sasl.oauthbearer.jwks.endpoint.url = null
	sasl.oauthbearer.scope.claim.name = scope
	sasl.oauthbearer.sub.claim.name = sub
	sasl.oauthbearer.token.endpoint.url = null
	security.protocol = PLAINTEXT
	security.providers = null
	send.buffer.bytes = 131072
	session.timeout.ms = 45000
	socket.connection.setup.timeout.max.ms = 30000
	socket.connection.setup.timeout.ms = 10000
	ssl.cipher.suites = null
	ssl.enabled.protocols = [TLSv1.2, TLSv1.3]
	ssl.endpoint.identification.algorithm = https
	ssl.engine.factory.class = null
	ssl.key.password = null
	ssl.keymanager.algorithm = SunX509
	ssl.keystore.certificate.chain = null
	ssl.keystore.key = null
	ssl.keystore.location = null
	ssl.keystore.password = null
	ssl.keystore.type = JKS
	ssl.protocol = TLSv1.3
	ssl.provider = null
	ssl.secure.random.implementation = null
	ssl.trustmanager.algorithm = PKIX
	ssl.truststore.certificates = null
	ssl.truststore.location = null
	ssl.truststore.password = null
	ssl.truststore.type = JKS
	value.deserializer = class io.apicurio.registry.serde.avro.AvroKafkaDeserializer

2025-08-06 15:36:03,251 INFO  [org.apa.kaf.com.tel.int.KafkaMetricsCollector] (main) initializing Kafka metrics collector
2025-08-06 15:36:03,259 INFO  [org.apa.kaf.cli.con.ConsumerConfig] (main) These configurations '[apicurio.registry.url]' were supplied but are not used yet.
2025-08-06 15:36:03,259 INFO  [org.apa.kaf.com.uti.AppInfoParser] (main) Kafka version: 3.9.1
2025-08-06 15:36:03,259 INFO  [org.apa.kaf.com.uti.AppInfoParser] (main) Kafka commitId: f745dfdcee2b9851
2025-08-06 15:36:03,259 INFO  [org.apa.kaf.com.uti.AppInfoParser] (main) Kafka startTimeMs: 1754494563259
**** Registry Base URL: http://registry-app-inmemory.apps.ci419.apicurio-testing.org:80
2025-08-06 15:36:03,259 INFO  [org.apa.kaf.cli.con.ConsumerConfig] (main) ConsumerConfig values: 
	allow.auto.create.topics = true
	auto.commit.interval.ms = 500
	auto.include.jmx.reporter = true
	auto.offset.reset = earliest
	bootstrap.servers = [PLAINTEXT://localhost:32769]
	check.crcs = true
	client.dns.lookup = use_all_dns_ips
	client.id = consumer-Consumer-topic-0e92284f_1096_4b40_8cf0_8608cceeae8a-16
	client.rack = 
	connections.max.idle.ms = 10000
	default.api.timeout.ms = 60000
	enable.auto.commit = true
	enable.metrics.push = true
	exclude.internal.topics = true
	fetch.max.bytes = 52428800
	fetch.max.wait.ms = 500
	fetch.min.bytes = 1
	group.id = Consumer-topic-0e92284f_1096_4b40_8cf0_8608cceeae8a
	group.instance.id = null
	group.protocol = classic
	group.remote.assignor = null
	heartbeat.interval.ms = 3000
	interceptor.classes = []
	internal.leave.group.on.close = true
	internal.throw.on.fetch.stable.offset.unsupported = false
	isolation.level = read_uncommitted
	key.deserializer = class org.apache.kafka.common.serialization.StringDeserializer
	max.partition.fetch.bytes = 1048576
	max.poll.interval.ms = 300000
	max.poll.records = 500
	metadata.max.age.ms = 300000
	metadata.recovery.strategy = none
	metric.reporters = []
	metrics.num.samples = 2
	metrics.recording.level = INFO
	metrics.sample.window.ms = 30000
	partition.assignment.strategy = [class org.apache.kafka.clients.consumer.RangeAssignor, class org.apache.kafka.clients.consumer.CooperativeStickyAssignor]
	receive.buffer.bytes = 65536
	reconnect.backoff.max.ms = 1000
	reconnect.backoff.ms = 50
	request.timeout.ms = 5000
	retry.backoff.max.ms = 1000
	retry.backoff.ms = 100
	sasl.client.callback.handler.class = null
	sasl.jaas.config = null
	sasl.kerberos.kinit.cmd = /usr/bin/kinit
	sasl.kerberos.min.time.before.relogin = 60000
	sasl.kerberos.service.name = null
	sasl.kerberos.ticket.renew.jitter = 0.05
	sasl.kerberos.ticket.renew.window.factor = 0.8
	sasl.login.callback.handler.class = null
	sasl.login.class = null
	sasl.login.connect.timeout.ms = null
	sasl.login.read.timeout.ms = null
	sasl.login.refresh.buffer.seconds = 300
	sasl.login.refresh.min.period.seconds = 60
	sasl.login.refresh.window.factor = 0.8
	sasl.login.refresh.window.jitter = 0.05
	sasl.login.retry.backoff.max.ms = 10000
	sasl.login.retry.backoff.ms = 100
	sasl.mechanism = GSSAPI
	sasl.oauthbearer.clock.skew.seconds = 30
	sasl.oauthbearer.expected.audience = null
	sasl.oauthbearer.expected.issuer = null
	sasl.oauthbearer.header.urlencode = false
	sasl.oauthbearer.jwks.endpoint.refresh.ms = 3600000
	sasl.oauthbearer.jwks.endpoint.retry.backoff.max.ms = 10000
	sasl.oauthbearer.jwks.endpoint.retry.backoff.ms = 100
	sasl.oauthbearer.jwks.endpoint.url = null
	sasl.oauthbearer.scope.claim.name = scope
	sasl.oauthbearer.sub.claim.name = sub
	sasl.oauthbearer.token.endpoint.url = null
	security.protocol = PLAINTEXT
	security.providers = null
	send.buffer.bytes = 131072
	session.timeout.ms = 45000
	socket.connection.setup.timeout.max.ms = 30000
	socket.connection.setup.timeout.ms = 10000
	ssl.cipher.suites = null
	ssl.enabled.protocols = [TLSv1.2, TLSv1.3]
	ssl.endpoint.identification.algorithm = https
	ssl.engine.factory.class = null
	ssl.key.password = null
	ssl.keymanager.algorithm = SunX509
	ssl.keystore.certificate.chain = null
	ssl.keystore.key = null
	ssl.keystore.location = null
	ssl.keystore.password = null
	ssl.keystore.type = JKS
	ssl.protocol = TLSv1.3
	ssl.provider = null
	ssl.secure.random.implementation = null
	ssl.trustmanager.algorithm = PKIX
	ssl.truststore.certificates = null
	ssl.truststore.location = null
	ssl.truststore.password = null
	ssl.truststore.type = JKS
	value.deserializer = class io.apicurio.registry.serde.avro.AvroKafkaDeserializer

2025-08-06 15:36:03,259 INFO  [org.apa.kaf.com.tel.int.KafkaMetricsCollector] (main) initializing Kafka metrics collector
2025-08-06 15:36:03,267 INFO  [org.apa.kaf.cli.con.ConsumerConfig] (main) These configurations '[apicurio.registry.url]' were supplied but are not used yet.
2025-08-06 15:36:03,267 INFO  [org.apa.kaf.com.uti.AppInfoParser] (main) Kafka version: 3.9.1
2025-08-06 15:36:03,267 INFO  [org.apa.kaf.com.uti.AppInfoParser] (main) Kafka commitId: f745dfdcee2b9851
2025-08-06 15:36:03,267 INFO  [org.apa.kaf.com.uti.AppInfoParser] (main) Kafka startTimeMs: 1754494563267
2025-08-06 15:36:03,268 INFO  [io.api.tes.ser.api.KafkaSerdesTester] (Thread-713) Sending message {"key11754494562106": "value-0"} to topic topic-47fe7768_14e9_425b_800a_75d6e11bde63
2025-08-06 15:36:03,271 INFO  [DefaultSchemaResolver] (Thread-713) Retrieving schema content using string: {"type":"record","name":"myrecordconfluent","fields":[{"name":"key11754494562106","type":"string"}]}
2025-08-06 15:36:03,360 INFO  [io.api.tes.ser.api.KafkaSerdesTester] (Thread-713) Sending message {"key11754494562106": "value-1"} to topic topic-47fe7768_14e9_425b_800a_75d6e11bde63
2025-08-06 15:36:03,362 INFO  [io.api.tes.ser.api.KafkaSerdesTester] (Thread-713) Sending message {"key11754494562106": "value-2"} to topic topic-47fe7768_14e9_425b_800a_75d6e11bde63
2025-08-06 15:36:03,363 INFO  [io.api.tes.ser.api.KafkaSerdesTester] (Thread-713) Sending message {"key11754494562106": "value-3"} to topic topic-47fe7768_14e9_425b_800a_75d6e11bde63
2025-08-06 15:36:03,364 INFO  [io.api.tes.ser.api.KafkaSerdesTester] (Thread-713) Sending message {"key11754494562106": "value-4"} to topic topic-47fe7768_14e9_425b_800a_75d6e11bde63
2025-08-06 15:36:03,365 INFO  [io.api.tes.ser.api.KafkaSerdesTester] (Thread-713) Sending message {"key11754494562106": "value-5"} to topic topic-47fe7768_14e9_425b_800a_75d6e11bde63
2025-08-06 15:36:03,367 INFO  [io.api.tes.ser.api.KafkaSerdesTester] (Thread-713) Sending message {"key11754494562106": "value-6"} to topic topic-47fe7768_14e9_425b_800a_75d6e11bde63
2025-08-06 15:36:03,368 INFO  [io.api.tes.ser.api.KafkaSerdesTester] (Thread-713) Sending message {"key11754494562106": "value-7"} to topic topic-47fe7768_14e9_425b_800a_75d6e11bde63
2025-08-06 15:36:03,369 INFO  [io.api.tes.ser.api.KafkaSerdesTester] (Thread-713) Sending message {"key11754494562106": "value-8"} to topic topic-47fe7768_14e9_425b_800a_75d6e11bde63
2025-08-06 15:36:03,370 INFO  [io.api.tes.ser.api.KafkaSerdesTester] (Thread-713) Sending message {"key11754494562106": "value-9"} to topic topic-47fe7768_14e9_425b_800a_75d6e11bde63
2025-08-06 15:36:03,371 INFO  [io.api.tes.ser.api.KafkaSerdesTester] (Thread-713) Produced 10 messages
2025-08-06 15:36:03,371 INFO  [org.apa.kaf.cli.pro.KafkaProducer] (Thread-713) [Producer clientId=Producer-topic-47fe7768_14e9_425b_800a_75d6e11bde63] Closing the Kafka producer with timeoutMillis = 9223372036854775807 ms.
2025-08-06 15:36:03,373 INFO  [org.apa.kaf.com.met.Metrics] (Thread-713) Metrics scheduler closed
2025-08-06 15:36:03,373 INFO  [org.apa.kaf.com.met.Metrics] (Thread-713) Closing reporter org.apache.kafka.common.metrics.JmxReporter
2025-08-06 15:36:03,373 INFO  [org.apa.kaf.com.met.Metrics] (Thread-713) Closing reporter org.apache.kafka.common.telemetry.internals.ClientTelemetryReporter
2025-08-06 15:36:03,373 INFO  [org.apa.kaf.com.met.Metrics] (Thread-713) Metrics reporters closed
2025-08-06 15:36:03,373 INFO  [org.apa.kaf.com.uti.AppInfoParser] (Thread-713) App info kafka.producer for Producer-topic-47fe7768_14e9_425b_800a_75d6e11bde63 unregistered
2025-08-06 15:36:03,374 INFO  [io.api.tes.ser.api.KafkaSerdesTester] (Thread-714) Sending message {"key11754494562106": "value-0"} to topic topic-6c171cab_b3d3_4e90_86ca_171f13aea95b
2025-08-06 15:36:03,380 INFO  [DefaultSchemaResolver] (Thread-714) Retrieving schema content using string: {"type":"record","name":"myrecordconfluent","fields":[{"name":"key11754494562106","type":"string"}]}
2025-08-06 15:36:03,469 INFO  [io.api.tes.ser.api.KafkaSerdesTester] (Thread-714) Sending message {"key11754494562106": "value-1"} to topic topic-6c171cab_b3d3_4e90_86ca_171f13aea95b
2025-08-06 15:36:03,471 INFO  [io.api.tes.ser.api.KafkaSerdesTester] (Thread-714) Sending message {"key11754494562106": "value-2"} to topic topic-6c171cab_b3d3_4e90_86ca_171f13aea95b
2025-08-06 15:36:03,472 INFO  [io.api.tes.ser.api.KafkaSerdesTester] (Thread-714) Sending message {"key11754494562106": "value-3"} to topic topic-6c171cab_b3d3_4e90_86ca_171f13aea95b
2025-08-06 15:36:03,473 INFO  [io.api.tes.ser.api.KafkaSerdesTester] (Thread-714) Sending message {"key11754494562106": "value-4"} to topic topic-6c171cab_b3d3_4e90_86ca_171f13aea95b
2025-08-06 15:36:03,474 INFO  [io.api.tes.ser.api.KafkaSerdesTester] (Thread-714) Sending message {"key11754494562106": "value-5"} to topic topic-6c171cab_b3d3_4e90_86ca_171f13aea95b
2025-08-06 15:36:03,476 INFO  [io.api.tes.ser.api.KafkaSerdesTester] (Thread-714) Sending message {"key11754494562106": "value-6"} to topic topic-6c171cab_b3d3_4e90_86ca_171f13aea95b
2025-08-06 15:36:03,477 INFO  [io.api.tes.ser.api.KafkaSerdesTester] (Thread-714) Sending message {"key11754494562106": "value-7"} to topic topic-6c171cab_b3d3_4e90_86ca_171f13aea95b
2025-08-06 15:36:03,479 INFO  [io.api.tes.ser.api.KafkaSerdesTester] (Thread-714) Sending message {"key11754494562106": "value-8"} to topic topic-6c171cab_b3d3_4e90_86ca_171f13aea95b
2025-08-06 15:36:03,480 INFO  [io.api.tes.ser.api.KafkaSerdesTester] (Thread-714) Sending message {"key11754494562106": "value-9"} to topic topic-6c171cab_b3d3_4e90_86ca_171f13aea95b
2025-08-06 15:36:03,481 INFO  [io.api.tes.ser.api.KafkaSerdesTester] (Thread-714) Produced 10 messages
2025-08-06 15:36:03,481 INFO  [org.apa.kaf.cli.pro.KafkaProducer] (Thread-714) [Producer clientId=Producer-topic-6c171cab_b3d3_4e90_86ca_171f13aea95b] Closing the Kafka producer with timeoutMillis = 9223372036854775807 ms.
2025-08-06 15:36:03,483 INFO  [org.apa.kaf.com.met.Metrics] (Thread-714) Metrics scheduler closed
2025-08-06 15:36:03,483 INFO  [org.apa.kaf.com.met.Metrics] (Thread-714) Closing reporter org.apache.kafka.common.metrics.JmxReporter
2025-08-06 15:36:03,483 INFO  [org.apa.kaf.com.met.Metrics] (Thread-714) Closing reporter org.apache.kafka.common.telemetry.internals.ClientTelemetryReporter
2025-08-06 15:36:03,483 INFO  [org.apa.kaf.com.met.Metrics] (Thread-714) Metrics reporters closed
2025-08-06 15:36:03,484 INFO  [org.apa.kaf.com.uti.AppInfoParser] (Thread-714) App info kafka.producer for Producer-topic-6c171cab_b3d3_4e90_86ca_171f13aea95b unregistered
2025-08-06 15:36:03,485 INFO  [io.api.tes.ser.api.KafkaSerdesTester] (Thread-715) Sending message {"key11754494562106": "value-0"} to topic topic-0e92284f_1096_4b40_8cf0_8608cceeae8a
2025-08-06 15:36:03,489 INFO  [DefaultSchemaResolver] (Thread-715) Retrieving schema content using string: {"type":"record","name":"myrecordconfluent","fields":[{"name":"key11754494562106","type":"string"}]}
2025-08-06 15:36:03,574 INFO  [io.api.tes.ser.api.KafkaSerdesTester] (Thread-715) Sending message {"key11754494562106": "value-1"} to topic topic-0e92284f_1096_4b40_8cf0_8608cceeae8a
2025-08-06 15:36:03,575 INFO  [io.api.tes.ser.api.KafkaSerdesTester] (Thread-715) Sending message {"key11754494562106": "value-2"} to topic topic-0e92284f_1096_4b40_8cf0_8608cceeae8a
2025-08-06 15:36:03,576 INFO  [io.api.tes.ser.api.KafkaSerdesTester] (Thread-715) Sending message {"key11754494562106": "value-3"} to topic topic-0e92284f_1096_4b40_8cf0_8608cceeae8a
2025-08-06 15:36:03,577 INFO  [io.api.tes.ser.api.KafkaSerdesTester] (Thread-715) Sending message {"key11754494562106": "value-4"} to topic topic-0e92284f_1096_4b40_8cf0_8608cceeae8a
2025-08-06 15:36:03,580 INFO  [io.api.tes.ser.api.KafkaSerdesTester] (Thread-715) Sending message {"key11754494562106": "value-5"} to topic topic-0e92284f_1096_4b40_8cf0_8608cceeae8a
2025-08-06 15:36:03,581 INFO  [io.api.tes.ser.api.KafkaSerdesTester] (Thread-715) Sending message {"key11754494562106": "value-6"} to topic topic-0e92284f_1096_4b40_8cf0_8608cceeae8a
2025-08-06 15:36:03,586 INFO  [io.api.tes.ser.api.KafkaSerdesTester] (Thread-715) Sending message {"key11754494562106": "value-7"} to topic topic-0e92284f_1096_4b40_8cf0_8608cceeae8a
2025-08-06 15:36:03,588 INFO  [io.api.tes.ser.api.KafkaSerdesTester] (Thread-715) Sending message {"key11754494562106": "value-8"} to topic topic-0e92284f_1096_4b40_8cf0_8608cceeae8a
2025-08-06 15:36:03,589 INFO  [io.api.tes.ser.api.KafkaSerdesTester] (Thread-715) Sending message {"key11754494562106": "value-9"} to topic topic-0e92284f_1096_4b40_8cf0_8608cceeae8a
2025-08-06 15:36:03,591 INFO  [io.api.tes.ser.api.KafkaSerdesTester] (Thread-715) Produced 10 messages
2025-08-06 15:36:03,591 INFO  [org.apa.kaf.cli.pro.KafkaProducer] (Thread-715) [Producer clientId=Producer-topic-0e92284f_1096_4b40_8cf0_8608cceeae8a] Closing the Kafka producer with timeoutMillis = 9223372036854775807 ms.
2025-08-06 15:36:03,593 INFO  [org.apa.kaf.com.met.Metrics] (Thread-715) Metrics scheduler closed
2025-08-06 15:36:03,593 INFO  [org.apa.kaf.com.met.Metrics] (Thread-715) Closing reporter org.apache.kafka.common.metrics.JmxReporter
2025-08-06 15:36:03,593 INFO  [org.apa.kaf.com.met.Metrics] (Thread-715) Closing reporter org.apache.kafka.common.telemetry.internals.ClientTelemetryReporter
2025-08-06 15:36:03,593 INFO  [org.apa.kaf.com.met.Metrics] (Thread-715) Metrics reporters closed
2025-08-06 15:36:03,594 INFO  [org.apa.kaf.com.uti.AppInfoParser] (Thread-715) App info kafka.producer for Producer-topic-0e92284f_1096_4b40_8cf0_8608cceeae8a unregistered
2025-08-06 15:36:03,595 INFO  [org.apa.kaf.cli.con.int.ClassicKafkaConsumer] (Thread-716) [Consumer clientId=consumer-Consumer-topic-47fe7768_14e9_425b_800a_75d6e11bde63-14, groupId=Consumer-topic-47fe7768_14e9_425b_800a_75d6e11bde63] Subscribed to topic(s): topic-47fe7768_14e9_425b_800a_75d6e11bde63
2025-08-06 15:36:03,600 INFO  [org.apa.kaf.cli.Metadata] (Thread-716) [Consumer clientId=consumer-Consumer-topic-47fe7768_14e9_425b_800a_75d6e11bde63-14, groupId=Consumer-topic-47fe7768_14e9_425b_800a_75d6e11bde63] Cluster ID: XZ--LfAaTaS_n5V5dfJ0ng
2025-08-06 15:36:03,600 INFO  [org.apa.kaf.cli.con.int.ConsumerCoordinator] (Thread-716) [Consumer clientId=consumer-Consumer-topic-47fe7768_14e9_425b_800a_75d6e11bde63-14, groupId=Consumer-topic-47fe7768_14e9_425b_800a_75d6e11bde63] Discovered group coordinator localhost:32769 (id: 2147483647 rack: null)
2025-08-06 15:36:03,601 INFO  [org.apa.kaf.cli.con.int.ConsumerCoordinator] (Thread-716) [Consumer clientId=consumer-Consumer-topic-47fe7768_14e9_425b_800a_75d6e11bde63-14, groupId=Consumer-topic-47fe7768_14e9_425b_800a_75d6e11bde63] (Re-)joining group
2025-08-06 15:36:03,605 INFO  [org.apa.kaf.cli.con.int.ConsumerCoordinator] (Thread-716) [Consumer clientId=consumer-Consumer-topic-47fe7768_14e9_425b_800a_75d6e11bde63-14, groupId=Consumer-topic-47fe7768_14e9_425b_800a_75d6e11bde63] Request joining group due to: need to re-join with the given member-id: consumer-Consumer-topic-47fe7768_14e9_425b_800a_75d6e11bde63-14-7e833f7e-8e01-4acd-9db7-226cbee68bde
2025-08-06 15:36:03,605 INFO  [org.apa.kaf.cli.con.int.ConsumerCoordinator] (Thread-716) [Consumer clientId=consumer-Consumer-topic-47fe7768_14e9_425b_800a_75d6e11bde63-14, groupId=Consumer-topic-47fe7768_14e9_425b_800a_75d6e11bde63] (Re-)joining group
2025-08-06 15:36:04,595 INFO  [io.api.tes.ser.api.KafkaSerdesTester] (Thread-716) None found
2025-08-06 15:36:05,595 INFO  [io.api.tes.ser.api.KafkaSerdesTester] (Thread-716) None found
2025-08-06 15:36:06,596 INFO  [io.api.tes.ser.api.KafkaSerdesTester] (Thread-716) None found
2025-08-06 15:36:06,607 INFO  [org.apa.kaf.cli.con.int.ConsumerCoordinator] (Thread-716) [Consumer clientId=consumer-Consumer-topic-47fe7768_14e9_425b_800a_75d6e11bde63-14, groupId=Consumer-topic-47fe7768_14e9_425b_800a_75d6e11bde63] Successfully joined group with generation Generation{generationId=1, memberId='consumer-Consumer-topic-47fe7768_14e9_425b_800a_75d6e11bde63-14-7e833f7e-8e01-4acd-9db7-226cbee68bde', protocol='range'}
2025-08-06 15:36:06,607 INFO  [org.apa.kaf.cli.con.int.ConsumerCoordinator] (Thread-716) [Consumer clientId=consumer-Consumer-topic-47fe7768_14e9_425b_800a_75d6e11bde63-14, groupId=Consumer-topic-47fe7768_14e9_425b_800a_75d6e11bde63] Finished assignment for group at generation 1: {consumer-Consumer-topic-47fe7768_14e9_425b_800a_75d6e11bde63-14-7e833f7e-8e01-4acd-9db7-226cbee68bde=Assignment(partitions=[topic-47fe7768_14e9_425b_800a_75d6e11bde63-0])}
2025-08-06 15:36:06,613 INFO  [org.apa.kaf.cli.con.int.ConsumerCoordinator] (Thread-716) [Consumer clientId=consumer-Consumer-topic-47fe7768_14e9_425b_800a_75d6e11bde63-14, groupId=Consumer-topic-47fe7768_14e9_425b_800a_75d6e11bde63] Successfully synced group in generation Generation{generationId=1, memberId='consumer-Consumer-topic-47fe7768_14e9_425b_800a_75d6e11bde63-14-7e833f7e-8e01-4acd-9db7-226cbee68bde', protocol='range'}
2025-08-06 15:36:06,613 INFO  [org.apa.kaf.cli.con.int.ConsumerCoordinator] (Thread-716) [Consumer clientId=consumer-Consumer-topic-47fe7768_14e9_425b_800a_75d6e11bde63-14, groupId=Consumer-topic-47fe7768_14e9_425b_800a_75d6e11bde63] Notifying assignor about the new Assignment(partitions=[topic-47fe7768_14e9_425b_800a_75d6e11bde63-0])
2025-08-06 15:36:06,613 INFO  [org.apa.kaf.cli.con.int.ConsumerRebalanceListenerInvoker] (Thread-716) [Consumer clientId=consumer-Consumer-topic-47fe7768_14e9_425b_800a_75d6e11bde63-14, groupId=Consumer-topic-47fe7768_14e9_425b_800a_75d6e11bde63] Adding newly assigned partitions: topic-47fe7768_14e9_425b_800a_75d6e11bde63-0
2025-08-06 15:36:06,614 INFO  [org.apa.kaf.cli.con.int.ConsumerCoordinator] (Thread-716) [Consumer clientId=consumer-Consumer-topic-47fe7768_14e9_425b_800a_75d6e11bde63-14, groupId=Consumer-topic-47fe7768_14e9_425b_800a_75d6e11bde63] Found no committed offset for partition topic-47fe7768_14e9_425b_800a_75d6e11bde63-0
2025-08-06 15:36:06,618 INFO  [org.apa.kaf.cli.con.int.SubscriptionState] (Thread-716) [Consumer clientId=consumer-Consumer-topic-47fe7768_14e9_425b_800a_75d6e11bde63-14, groupId=Consumer-topic-47fe7768_14e9_425b_800a_75d6e11bde63] Resetting offset for partition topic-47fe7768_14e9_425b_800a_75d6e11bde63-0 to position FetchPosition{offset=0, offsetEpoch=Optional.empty, currentLeader=LeaderAndEpoch{leader=Optional[localhost:32769 (id: 0 rack: null)], epoch=0}}.
2025-08-06 15:36:06,748 INFO  [io.api.tes.ser.api.KafkaSerdesTester] (Thread-716) topic-47fe7768_14e9_425b_800a_75d6e11bde63 0 0 {"key11754494562106": "value-0"}
2025-08-06 15:36:06,748 INFO  [io.api.tes.ser.api.KafkaSerdesTester] (Thread-716) topic-47fe7768_14e9_425b_800a_75d6e11bde63 0 1 {"key11754494562106": "value-1"}
2025-08-06 15:36:06,748 INFO  [io.api.tes.ser.api.KafkaSerdesTester] (Thread-716) topic-47fe7768_14e9_425b_800a_75d6e11bde63 0 2 {"key11754494562106": "value-2"}
2025-08-06 15:36:06,749 INFO  [io.api.tes.ser.api.KafkaSerdesTester] (Thread-716) topic-47fe7768_14e9_425b_800a_75d6e11bde63 0 3 {"key11754494562106": "value-3"}
2025-08-06 15:36:06,749 INFO  [io.api.tes.ser.api.KafkaSerdesTester] (Thread-716) topic-47fe7768_14e9_425b_800a_75d6e11bde63 0 4 {"key11754494562106": "value-4"}
2025-08-06 15:36:06,749 INFO  [io.api.tes.ser.api.KafkaSerdesTester] (Thread-716) topic-47fe7768_14e9_425b_800a_75d6e11bde63 0 5 {"key11754494562106": "value-5"}
2025-08-06 15:36:06,749 INFO  [io.api.tes.ser.api.KafkaSerdesTester] (Thread-716) topic-47fe7768_14e9_425b_800a_75d6e11bde63 0 6 {"key11754494562106": "value-6"}
2025-08-06 15:36:06,749 INFO  [io.api.tes.ser.api.KafkaSerdesTester] (Thread-716) topic-47fe7768_14e9_425b_800a_75d6e11bde63 0 7 {"key11754494562106": "value-7"}
2025-08-06 15:36:06,749 INFO  [io.api.tes.ser.api.KafkaSerdesTester] (Thread-716) topic-47fe7768_14e9_425b_800a_75d6e11bde63 0 8 {"key11754494562106": "value-8"}
2025-08-06 15:36:06,749 INFO  [io.api.tes.ser.api.KafkaSerdesTester] (Thread-716) topic-47fe7768_14e9_425b_800a_75d6e11bde63 0 9 {"key11754494562106": "value-9"}
2025-08-06 15:36:06,749 INFO  [io.api.tes.ser.api.KafkaSerdesTester] (Thread-716) Consumed 10 messages
2025-08-06 15:36:06,757 INFO  [org.apa.kaf.cli.con.int.ConsumerRebalanceListenerInvoker] (Thread-716) [Consumer clientId=consumer-Consumer-topic-47fe7768_14e9_425b_800a_75d6e11bde63-14, groupId=Consumer-topic-47fe7768_14e9_425b_800a_75d6e11bde63] Revoke previously assigned partitions topic-47fe7768_14e9_425b_800a_75d6e11bde63-0
2025-08-06 15:36:06,757 INFO  [org.apa.kaf.cli.con.int.ConsumerCoordinator] (Thread-716) [Consumer clientId=consumer-Consumer-topic-47fe7768_14e9_425b_800a_75d6e11bde63-14, groupId=Consumer-topic-47fe7768_14e9_425b_800a_75d6e11bde63] Member consumer-Consumer-topic-47fe7768_14e9_425b_800a_75d6e11bde63-14-7e833f7e-8e01-4acd-9db7-226cbee68bde sending LeaveGroup request to coordinator localhost:32769 (id: 2147483647 rack: null) due to the consumer is being closed
2025-08-06 15:36:06,757 INFO  [org.apa.kaf.cli.con.int.ConsumerCoordinator] (Thread-716) [Consumer clientId=consumer-Consumer-topic-47fe7768_14e9_425b_800a_75d6e11bde63-14, groupId=Consumer-topic-47fe7768_14e9_425b_800a_75d6e11bde63] Resetting generation and member id due to: consumer pro-actively leaving the group
2025-08-06 15:36:06,757 INFO  [org.apa.kaf.cli.con.int.ConsumerCoordinator] (Thread-716) [Consumer clientId=consumer-Consumer-topic-47fe7768_14e9_425b_800a_75d6e11bde63-14, groupId=Consumer-topic-47fe7768_14e9_425b_800a_75d6e11bde63] Request joining group due to: consumer pro-actively leaving the group
2025-08-06 15:36:07,251 INFO  [org.apa.kaf.com.met.Metrics] (Thread-716) Metrics scheduler closed
2025-08-06 15:36:07,251 INFO  [org.apa.kaf.com.met.Metrics] (Thread-716) Closing reporter org.apache.kafka.common.metrics.JmxReporter
2025-08-06 15:36:07,251 INFO  [org.apa.kaf.com.met.Metrics] (Thread-716) Closing reporter org.apache.kafka.common.telemetry.internals.ClientTelemetryReporter
2025-08-06 15:36:07,251 INFO  [org.apa.kaf.com.met.Metrics] (Thread-716) Metrics reporters closed
2025-08-06 15:36:07,253 INFO  [org.apa.kaf.com.uti.AppInfoParser] (Thread-716) App info kafka.consumer for consumer-Consumer-topic-47fe7768_14e9_425b_800a_75d6e11bde63-14 unregistered
2025-08-06 15:36:07,254 INFO  [org.apa.kaf.cli.con.int.ClassicKafkaConsumer] (Thread-717) [Consumer clientId=consumer-Consumer-topic-6c171cab_b3d3_4e90_86ca_171f13aea95b-15, groupId=Consumer-topic-6c171cab_b3d3_4e90_86ca_171f13aea95b] Subscribed to topic(s): topic-6c171cab_b3d3_4e90_86ca_171f13aea95b
2025-08-06 15:36:07,258 INFO  [org.apa.kaf.cli.Metadata] (Thread-717) [Consumer clientId=consumer-Consumer-topic-6c171cab_b3d3_4e90_86ca_171f13aea95b-15, groupId=Consumer-topic-6c171cab_b3d3_4e90_86ca_171f13aea95b] Cluster ID: XZ--LfAaTaS_n5V5dfJ0ng
2025-08-06 15:36:07,258 INFO  [org.apa.kaf.cli.con.int.ConsumerCoordinator] (Thread-717) [Consumer clientId=consumer-Consumer-topic-6c171cab_b3d3_4e90_86ca_171f13aea95b-15, groupId=Consumer-topic-6c171cab_b3d3_4e90_86ca_171f13aea95b] Discovered group coordinator localhost:32769 (id: 2147483647 rack: null)
2025-08-06 15:36:07,260 INFO  [org.apa.kaf.cli.con.int.ConsumerCoordinator] (Thread-717) [Consumer clientId=consumer-Consumer-topic-6c171cab_b3d3_4e90_86ca_171f13aea95b-15, groupId=Consumer-topic-6c171cab_b3d3_4e90_86ca_171f13aea95b] (Re-)joining group
2025-08-06 15:36:07,264 INFO  [org.apa.kaf.cli.con.int.ConsumerCoordinator] (Thread-717) [Consumer clientId=consumer-Consumer-topic-6c171cab_b3d3_4e90_86ca_171f13aea95b-15, groupId=Consumer-topic-6c171cab_b3d3_4e90_86ca_171f13aea95b] Request joining group due to: need to re-join with the given member-id: consumer-Consumer-topic-6c171cab_b3d3_4e90_86ca_171f13aea95b-15-eb42a1be-5bde-48cb-b291-dfd863d96f8d
2025-08-06 15:36:07,264 INFO  [org.apa.kaf.cli.con.int.ConsumerCoordinator] (Thread-717) [Consumer clientId=consumer-Consumer-topic-6c171cab_b3d3_4e90_86ca_171f13aea95b-15, groupId=Consumer-topic-6c171cab_b3d3_4e90_86ca_171f13aea95b] (Re-)joining group
2025-08-06 15:36:08,254 INFO  [io.api.tes.ser.api.KafkaSerdesTester] (Thread-717) None found
2025-08-06 15:36:09,254 INFO  [io.api.tes.ser.api.KafkaSerdesTester] (Thread-717) None found
2025-08-06 15:36:10,254 INFO  [io.api.tes.ser.api.KafkaSerdesTester] (Thread-717) None found
2025-08-06 15:36:10,266 INFO  [org.apa.kaf.cli.con.int.ConsumerCoordinator] (Thread-717) [Consumer clientId=consumer-Consumer-topic-6c171cab_b3d3_4e90_86ca_171f13aea95b-15, groupId=Consumer-topic-6c171cab_b3d3_4e90_86ca_171f13aea95b] Successfully joined group with generation Generation{generationId=1, memberId='consumer-Consumer-topic-6c171cab_b3d3_4e90_86ca_171f13aea95b-15-eb42a1be-5bde-48cb-b291-dfd863d96f8d', protocol='range'}
2025-08-06 15:36:10,267 INFO  [org.apa.kaf.cli.con.int.ConsumerCoordinator] (Thread-717) [Consumer clientId=consumer-Consumer-topic-6c171cab_b3d3_4e90_86ca_171f13aea95b-15, groupId=Consumer-topic-6c171cab_b3d3_4e90_86ca_171f13aea95b] Finished assignment for group at generation 1: {consumer-Consumer-topic-6c171cab_b3d3_4e90_86ca_171f13aea95b-15-eb42a1be-5bde-48cb-b291-dfd863d96f8d=Assignment(partitions=[topic-6c171cab_b3d3_4e90_86ca_171f13aea95b-0])}
2025-08-06 15:36:10,273 INFO  [org.apa.kaf.cli.con.int.ConsumerCoordinator] (Thread-717) [Consumer clientId=consumer-Consumer-topic-6c171cab_b3d3_4e90_86ca_171f13aea95b-15, groupId=Consumer-topic-6c171cab_b3d3_4e90_86ca_171f13aea95b] Successfully synced group in generation Generation{generationId=1, memberId='consumer-Consumer-topic-6c171cab_b3d3_4e90_86ca_171f13aea95b-15-eb42a1be-5bde-48cb-b291-dfd863d96f8d', protocol='range'}
2025-08-06 15:36:10,274 INFO  [org.apa.kaf.cli.con.int.ConsumerCoordinator] (Thread-717) [Consumer clientId=consumer-Consumer-topic-6c171cab_b3d3_4e90_86ca_171f13aea95b-15, groupId=Consumer-topic-6c171cab_b3d3_4e90_86ca_171f13aea95b] Notifying assignor about the new Assignment(partitions=[topic-6c171cab_b3d3_4e90_86ca_171f13aea95b-0])
2025-08-06 15:36:10,274 INFO  [org.apa.kaf.cli.con.int.ConsumerRebalanceListenerInvoker] (Thread-717) [Consumer clientId=consumer-Consumer-topic-6c171cab_b3d3_4e90_86ca_171f13aea95b-15, groupId=Consumer-topic-6c171cab_b3d3_4e90_86ca_171f13aea95b] Adding newly assigned partitions: topic-6c171cab_b3d3_4e90_86ca_171f13aea95b-0
2025-08-06 15:36:10,275 INFO  [org.apa.kaf.cli.con.int.ConsumerCoordinator] (Thread-717) [Consumer clientId=consumer-Consumer-topic-6c171cab_b3d3_4e90_86ca_171f13aea95b-15, groupId=Consumer-topic-6c171cab_b3d3_4e90_86ca_171f13aea95b] Found no committed offset for partition topic-6c171cab_b3d3_4e90_86ca_171f13aea95b-0
2025-08-06 15:36:10,278 INFO  [org.apa.kaf.cli.con.int.SubscriptionState] (Thread-717) [Consumer clientId=consumer-Consumer-topic-6c171cab_b3d3_4e90_86ca_171f13aea95b-15, groupId=Consumer-topic-6c171cab_b3d3_4e90_86ca_171f13aea95b] Resetting offset for partition topic-6c171cab_b3d3_4e90_86ca_171f13aea95b-0 to position FetchPosition{offset=0, offsetEpoch=Optional.empty, currentLeader=LeaderAndEpoch{leader=Optional[localhost:32769 (id: 0 rack: null)], epoch=0}}.
2025-08-06 15:36:10,399 INFO  [io.api.tes.ser.api.KafkaSerdesTester] (Thread-717) topic-6c171cab_b3d3_4e90_86ca_171f13aea95b 0 0 {"key11754494562106": "value-0"}
2025-08-06 15:36:10,400 INFO  [io.api.tes.ser.api.KafkaSerdesTester] (Thread-717) topic-6c171cab_b3d3_4e90_86ca_171f13aea95b 0 1 {"key11754494562106": "value-1"}
2025-08-06 15:36:10,400 INFO  [io.api.tes.ser.api.KafkaSerdesTester] (Thread-717) topic-6c171cab_b3d3_4e90_86ca_171f13aea95b 0 2 {"key11754494562106": "value-2"}
2025-08-06 15:36:10,400 INFO  [io.api.tes.ser.api.KafkaSerdesTester] (Thread-717) topic-6c171cab_b3d3_4e90_86ca_171f13aea95b 0 3 {"key11754494562106": "value-3"}
2025-08-06 15:36:10,400 INFO  [io.api.tes.ser.api.KafkaSerdesTester] (Thread-717) topic-6c171cab_b3d3_4e90_86ca_171f13aea95b 0 4 {"key11754494562106": "value-4"}
2025-08-06 15:36:10,400 INFO  [io.api.tes.ser.api.KafkaSerdesTester] (Thread-717) topic-6c171cab_b3d3_4e90_86ca_171f13aea95b 0 5 {"key11754494562106": "value-5"}
2025-08-06 15:36:10,400 INFO  [io.api.tes.ser.api.KafkaSerdesTester] (Thread-717) topic-6c171cab_b3d3_4e90_86ca_171f13aea95b 0 6 {"key11754494562106": "value-6"}
2025-08-06 15:36:10,400 INFO  [io.api.tes.ser.api.KafkaSerdesTester] (Thread-717) topic-6c171cab_b3d3_4e90_86ca_171f13aea95b 0 7 {"key11754494562106": "value-7"}
2025-08-06 15:36:10,400 INFO  [io.api.tes.ser.api.KafkaSerdesTester] (Thread-717) topic-6c171cab_b3d3_4e90_86ca_171f13aea95b 0 8 {"key11754494562106": "value-8"}
2025-08-06 15:36:10,400 INFO  [io.api.tes.ser.api.KafkaSerdesTester] (Thread-717) topic-6c171cab_b3d3_4e90_86ca_171f13aea95b 0 9 {"key11754494562106": "value-9"}
2025-08-06 15:36:10,400 INFO  [io.api.tes.ser.api.KafkaSerdesTester] (Thread-717) Consumed 10 messages
2025-08-06 15:36:10,408 INFO  [org.apa.kaf.cli.con.int.ConsumerRebalanceListenerInvoker] (Thread-717) [Consumer clientId=consumer-Consumer-topic-6c171cab_b3d3_4e90_86ca_171f13aea95b-15, groupId=Consumer-topic-6c171cab_b3d3_4e90_86ca_171f13aea95b] Revoke previously assigned partitions topic-6c171cab_b3d3_4e90_86ca_171f13aea95b-0
2025-08-06 15:36:10,408 INFO  [org.apa.kaf.cli.con.int.ConsumerCoordinator] (Thread-717) [Consumer clientId=consumer-Consumer-topic-6c171cab_b3d3_4e90_86ca_171f13aea95b-15, groupId=Consumer-topic-6c171cab_b3d3_4e90_86ca_171f13aea95b] Member consumer-Consumer-topic-6c171cab_b3d3_4e90_86ca_171f13aea95b-15-eb42a1be-5bde-48cb-b291-dfd863d96f8d sending LeaveGroup request to coordinator localhost:32769 (id: 2147483647 rack: null) due to the consumer is being closed
2025-08-06 15:36:10,408 INFO  [org.apa.kaf.cli.con.int.ConsumerCoordinator] (Thread-717) [Consumer clientId=consumer-Consumer-topic-6c171cab_b3d3_4e90_86ca_171f13aea95b-15, groupId=Consumer-topic-6c171cab_b3d3_4e90_86ca_171f13aea95b] Resetting generation and member id due to: consumer pro-actively leaving the group
2025-08-06 15:36:10,408 INFO  [org.apa.kaf.cli.con.int.ConsumerCoordinator] (Thread-717) [Consumer clientId=consumer-Consumer-topic-6c171cab_b3d3_4e90_86ca_171f13aea95b-15, groupId=Consumer-topic-6c171cab_b3d3_4e90_86ca_171f13aea95b] Request joining group due to: consumer pro-actively leaving the group
2025-08-06 15:36:10,902 INFO  [org.apa.kaf.com.met.Metrics] (Thread-717) Metrics scheduler closed
2025-08-06 15:36:10,902 INFO  [org.apa.kaf.com.met.Metrics] (Thread-717) Closing reporter org.apache.kafka.common.metrics.JmxReporter
2025-08-06 15:36:10,902 INFO  [org.apa.kaf.com.met.Metrics] (Thread-717) Closing reporter org.apache.kafka.common.telemetry.internals.ClientTelemetryReporter
2025-08-06 15:36:10,902 INFO  [org.apa.kaf.com.met.Metrics] (Thread-717) Metrics reporters closed
2025-08-06 15:36:10,905 INFO  [org.apa.kaf.com.uti.AppInfoParser] (Thread-717) App info kafka.consumer for consumer-Consumer-topic-6c171cab_b3d3_4e90_86ca_171f13aea95b-15 unregistered
2025-08-06 15:36:10,906 INFO  [org.apa.kaf.cli.con.int.ClassicKafkaConsumer] (Thread-718) [Consumer clientId=consumer-Consumer-topic-0e92284f_1096_4b40_8cf0_8608cceeae8a-16, groupId=Consumer-topic-0e92284f_1096_4b40_8cf0_8608cceeae8a] Subscribed to topic(s): topic-0e92284f_1096_4b40_8cf0_8608cceeae8a
2025-08-06 15:36:10,913 INFO  [org.apa.kaf.cli.Metadata] (Thread-718) [Consumer clientId=consumer-Consumer-topic-0e92284f_1096_4b40_8cf0_8608cceeae8a-16, groupId=Consumer-topic-0e92284f_1096_4b40_8cf0_8608cceeae8a] Cluster ID: XZ--LfAaTaS_n5V5dfJ0ng
2025-08-06 15:36:10,914 INFO  [org.apa.kaf.cli.con.int.ConsumerCoordinator] (Thread-718) [Consumer clientId=consumer-Consumer-topic-0e92284f_1096_4b40_8cf0_8608cceeae8a-16, groupId=Consumer-topic-0e92284f_1096_4b40_8cf0_8608cceeae8a] Discovered group coordinator localhost:32769 (id: 2147483647 rack: null)
2025-08-06 15:36:10,916 INFO  [org.apa.kaf.cli.con.int.ConsumerCoordinator] (Thread-718) [Consumer clientId=consumer-Consumer-topic-0e92284f_1096_4b40_8cf0_8608cceeae8a-16, groupId=Consumer-topic-0e92284f_1096_4b40_8cf0_8608cceeae8a] (Re-)joining group
2025-08-06 15:36:10,919 INFO  [org.apa.kaf.cli.con.int.ConsumerCoordinator] (Thread-718) [Consumer clientId=consumer-Consumer-topic-0e92284f_1096_4b40_8cf0_8608cceeae8a-16, groupId=Consumer-topic-0e92284f_1096_4b40_8cf0_8608cceeae8a] Request joining group due to: need to re-join with the given member-id: consumer-Consumer-topic-0e92284f_1096_4b40_8cf0_8608cceeae8a-16-ff50a6f1-610f-4419-8efc-ca6b88925ada
2025-08-06 15:36:10,919 INFO  [org.apa.kaf.cli.con.int.ConsumerCoordinator] (Thread-718) [Consumer clientId=consumer-Consumer-topic-0e92284f_1096_4b40_8cf0_8608cceeae8a-16, groupId=Consumer-topic-0e92284f_1096_4b40_8cf0_8608cceeae8a] (Re-)joining group
2025-08-06 15:36:11,907 INFO  [io.api.tes.ser.api.KafkaSerdesTester] (Thread-718) None found
2025-08-06 15:36:12,908 INFO  [io.api.tes.ser.api.KafkaSerdesTester] (Thread-718) None found
2025-08-06 15:36:13,909 INFO  [io.api.tes.ser.api.KafkaSerdesTester] (Thread-718) None found
2025-08-06 15:36:13,922 INFO  [org.apa.kaf.cli.con.int.ConsumerCoordinator] (Thread-718) [Consumer clientId=consumer-Consumer-topic-0e92284f_1096_4b40_8cf0_8608cceeae8a-16, groupId=Consumer-topic-0e92284f_1096_4b40_8cf0_8608cceeae8a] Successfully joined group with generation Generation{generationId=1, memberId='consumer-Consumer-topic-0e92284f_1096_4b40_8cf0_8608cceeae8a-16-ff50a6f1-610f-4419-8efc-ca6b88925ada', protocol='range'}
2025-08-06 15:36:13,922 INFO  [org.apa.kaf.cli.con.int.ConsumerCoordinator] (Thread-718) [Consumer clientId=consumer-Consumer-topic-0e92284f_1096_4b40_8cf0_8608cceeae8a-16, groupId=Consumer-topic-0e92284f_1096_4b40_8cf0_8608cceeae8a] Finished assignment for group at generation 1: {consumer-Consumer-topic-0e92284f_1096_4b40_8cf0_8608cceeae8a-16-ff50a6f1-610f-4419-8efc-ca6b88925ada=Assignment(partitions=[topic-0e92284f_1096_4b40_8cf0_8608cceeae8a-0])}
2025-08-06 15:36:13,929 INFO  [org.apa.kaf.cli.con.int.ConsumerCoordinator] (Thread-718) [Consumer clientId=consumer-Consumer-topic-0e92284f_1096_4b40_8cf0_8608cceeae8a-16, groupId=Consumer-topic-0e92284f_1096_4b40_8cf0_8608cceeae8a] Successfully synced group in generation Generation{generationId=1, memberId='consumer-Consumer-topic-0e92284f_1096_4b40_8cf0_8608cceeae8a-16-ff50a6f1-610f-4419-8efc-ca6b88925ada', protocol='range'}
2025-08-06 15:36:13,929 INFO  [org.apa.kaf.cli.con.int.ConsumerCoordinator] (Thread-718) [Consumer clientId=consumer-Consumer-topic-0e92284f_1096_4b40_8cf0_8608cceeae8a-16, groupId=Consumer-topic-0e92284f_1096_4b40_8cf0_8608cceeae8a] Notifying assignor about the new Assignment(partitions=[topic-0e92284f_1096_4b40_8cf0_8608cceeae8a-0])
2025-08-06 15:36:13,929 INFO  [org.apa.kaf.cli.con.int.ConsumerRebalanceListenerInvoker] (Thread-718) [Consumer clientId=consumer-Consumer-topic-0e92284f_1096_4b40_8cf0_8608cceeae8a-16, groupId=Consumer-topic-0e92284f_1096_4b40_8cf0_8608cceeae8a] Adding newly assigned partitions: topic-0e92284f_1096_4b40_8cf0_8608cceeae8a-0
2025-08-06 15:36:13,930 INFO  [org.apa.kaf.cli.con.int.ConsumerCoordinator] (Thread-718) [Consumer clientId=consumer-Consumer-topic-0e92284f_1096_4b40_8cf0_8608cceeae8a-16, groupId=Consumer-topic-0e92284f_1096_4b40_8cf0_8608cceeae8a] Found no committed offset for partition topic-0e92284f_1096_4b40_8cf0_8608cceeae8a-0
2025-08-06 15:36:13,939 INFO  [org.apa.kaf.cli.con.int.SubscriptionState] (Thread-718) [Consumer clientId=consumer-Consumer-topic-0e92284f_1096_4b40_8cf0_8608cceeae8a-16, groupId=Consumer-topic-0e92284f_1096_4b40_8cf0_8608cceeae8a] Resetting offset for partition topic-0e92284f_1096_4b40_8cf0_8608cceeae8a-0 to position FetchPosition{offset=0, offsetEpoch=Optional.empty, currentLeader=LeaderAndEpoch{leader=Optional[localhost:32769 (id: 0 rack: null)], epoch=0}}.
2025-08-06 15:36:14,081 INFO  [io.api.tes.ser.api.KafkaSerdesTester] (Thread-718) topic-0e92284f_1096_4b40_8cf0_8608cceeae8a 0 0 {"key11754494562106": "value-0"}
2025-08-06 15:36:14,082 INFO  [io.api.tes.ser.api.KafkaSerdesTester] (Thread-718) topic-0e92284f_1096_4b40_8cf0_8608cceeae8a 0 1 {"key11754494562106": "value-1"}
2025-08-06 15:36:14,082 INFO  [io.api.tes.ser.api.KafkaSerdesTester] (Thread-718) topic-0e92284f_1096_4b40_8cf0_8608cceeae8a 0 2 {"key11754494562106": "value-2"}
2025-08-06 15:36:14,082 INFO  [io.api.tes.ser.api.KafkaSerdesTester] (Thread-718) topic-0e92284f_1096_4b40_8cf0_8608cceeae8a 0 3 {"key11754494562106": "value-3"}
2025-08-06 15:36:14,082 INFO  [io.api.tes.ser.api.KafkaSerdesTester] (Thread-718) topic-0e92284f_1096_4b40_8cf0_8608cceeae8a 0 4 {"key11754494562106": "value-4"}
2025-08-06 15:36:14,082 INFO  [io.api.tes.ser.api.KafkaSerdesTester] (Thread-718) topic-0e92284f_1096_4b40_8cf0_8608cceeae8a 0 5 {"key11754494562106": "value-5"}
2025-08-06 15:36:14,082 INFO  [io.api.tes.ser.api.KafkaSerdesTester] (Thread-718) topic-0e92284f_1096_4b40_8cf0_8608cceeae8a 0 6 {"key11754494562106": "value-6"}
2025-08-06 15:36:14,082 INFO  [io.api.tes.ser.api.KafkaSerdesTester] (Thread-718) topic-0e92284f_1096_4b40_8cf0_8608cceeae8a 0 7 {"key11754494562106": "value-7"}
2025-08-06 15:36:14,082 INFO  [io.api.tes.ser.api.KafkaSerdesTester] (Thread-718) topic-0e92284f_1096_4b40_8cf0_8608cceeae8a 0 8 {"key11754494562106": "value-8"}
2025-08-06 15:36:14,082 INFO  [io.api.tes.ser.api.KafkaSerdesTester] (Thread-718) topic-0e92284f_1096_4b40_8cf0_8608cceeae8a 0 9 {"key11754494562106": "value-9"}
2025-08-06 15:36:14,082 INFO  [io.api.tes.ser.api.KafkaSerdesTester] (Thread-718) Consumed 10 messages
2025-08-06 15:36:14,089 INFO  [org.apa.kaf.cli.con.int.ConsumerRebalanceListenerInvoker] (Thread-718) [Consumer clientId=consumer-Consumer-topic-0e92284f_1096_4b40_8cf0_8608cceeae8a-16, groupId=Consumer-topic-0e92284f_1096_4b40_8cf0_8608cceeae8a] Revoke previously assigned partitions topic-0e92284f_1096_4b40_8cf0_8608cceeae8a-0
2025-08-06 15:36:14,089 INFO  [org.apa.kaf.cli.con.int.ConsumerCoordinator] (Thread-718) [Consumer clientId=consumer-Consumer-topic-0e92284f_1096_4b40_8cf0_8608cceeae8a-16, groupId=Consumer-topic-0e92284f_1096_4b40_8cf0_8608cceeae8a] Member consumer-Consumer-topic-0e92284f_1096_4b40_8cf0_8608cceeae8a-16-ff50a6f1-610f-4419-8efc-ca6b88925ada sending LeaveGroup request to coordinator localhost:32769 (id: 2147483647 rack: null) due to the consumer is being closed
2025-08-06 15:36:14,090 INFO  [org.apa.kaf.cli.con.int.ConsumerCoordinator] (Thread-718) [Consumer clientId=consumer-Consumer-topic-0e92284f_1096_4b40_8cf0_8608cceeae8a-16, groupId=Consumer-topic-0e92284f_1096_4b40_8cf0_8608cceeae8a] Resetting generation and member id due to: consumer pro-actively leaving the group
2025-08-06 15:36:14,090 INFO  [org.apa.kaf.cli.con.int.ConsumerCoordinator] (Thread-718) [Consumer clientId=consumer-Consumer-topic-0e92284f_1096_4b40_8cf0_8608cceeae8a-16, groupId=Consumer-topic-0e92284f_1096_4b40_8cf0_8608cceeae8a] Request joining group due to: consumer pro-actively leaving the group
2025-08-06 15:36:14,583 INFO  [org.apa.kaf.com.met.Metrics] (Thread-718) Metrics scheduler closed
2025-08-06 15:36:14,583 INFO  [org.apa.kaf.com.met.Metrics] (Thread-718) Closing reporter org.apache.kafka.common.metrics.JmxReporter
2025-08-06 15:36:14,583 INFO  [org.apa.kaf.com.met.Metrics] (Thread-718) Closing reporter org.apache.kafka.common.telemetry.internals.ClientTelemetryReporter
2025-08-06 15:36:14,583 INFO  [org.apa.kaf.com.met.Metrics] (Thread-718) Metrics reporters closed
2025-08-06 15:36:14,585 INFO  [org.apa.kaf.com.uti.AppInfoParser] (Thread-718) App info kafka.consumer for consumer-Consumer-topic-0e92284f_1096_4b40_8cf0_8608cceeae8a-16 unregistered
2025-08-06 15:36:14,585 INFO  [io.api.tes.uti.TestSeparator] (main) io.apicurio.tests.serdes.apicurio.AvroSerdeIT.testAvroConfluentForMultipleTopics-FINISHED
2025-08-06 15:36:14,585 INFO  [io.api.tes.uti.TestSeparator] (main) ############################################################################
Test passed: testAvroConfluentForMultipleTopics
]]></system-out>
  </testcase>
  <testcase name="testFirstRequestFailsRateLimited" classname="io.apicurio.tests.serdes.apicurio.AvroSerdeIT" time="0.976">
    <system-out><![CDATA[2025-08-06 15:36:14,589 INFO  [io.api.tes.uti.TestSeparator] (main) ############################################################################
2025-08-06 15:36:14,589 INFO  [io.api.tes.uti.TestSeparator] (main) io.apicurio.tests.serdes.apicurio.AvroSerdeIT.testFirstRequestFailsRateLimited-STARTED
2025-08-06 15:36:15,088 WARN  [org.ecl.jet.ser.AbstractConnector] (main) Acceptors should be <= availableProcessors: NetworkTrafficServerConnector@260dca40{HTTP/1.1, (http/1.1, h2c)}{0.0.0.0:0} 
2025-08-06 15:36:15,179 INFO  [org.ecl.jet.ser.Server] (main) jetty-11.0.15; built: 2023-04-11T18:37:53.775Z; git: 5bc5e562c8d05c5862505aebe5cf83a61bdbcb96; jvm 17.0.16+8
2025-08-06 15:36:15,204 INFO  [org.ecl.jet.ser.han.ContextHandler] (main) Started o.e.j.s.ServletContextHandler@28704c3{/__admin,null,AVAILABLE}
2025-08-06 15:36:15,211 INFO  [org.ecl.jet.ser.han.Con.ROOT] (main) RequestHandlerClass from context returned com.github.tomakehurst.wiremock.http.StubRequestHandler. Normalized mapped under returned 'null'
2025-08-06 15:36:15,212 INFO  [org.ecl.jet.ser.han.ContextHandler] (main) Started o.e.j.s.ServletContextHandler@7cb77d5{/,null,AVAILABLE}
2025-08-06 15:36:15,219 INFO  [org.ecl.jet.ser.AbstractConnector] (main) Started NetworkTrafficServerConnector@260dca40{HTTP/1.1, (http/1.1, h2c)}{0.0.0.0:37267}
2025-08-06 15:36:15,221 INFO  [org.ecl.jet.ser.Server] (main) Started Server@40b415bb{STARTING}[11.0.15,sto=1000] @113829ms
**** Registry Base URL: http://registry-app-inmemory.apps.ci419.apicurio-testing.org:80
2025-08-06 15:36:15,237 INFO  [org.apa.kaf.cli.pro.ProducerConfig] (main) ProducerConfig values: 
	acks = -1
	auto.include.jmx.reporter = true
	batch.size = 16384
	bootstrap.servers = [PLAINTEXT://localhost:32769]
	buffer.memory = 33554432
	client.dns.lookup = use_all_dns_ips
	client.id = Producer-topic-fb259529_e230_40f7_9aef_bfef01db14e8
	compression.gzip.level = -1
	compression.lz4.level = 9
	compression.type = none
	compression.zstd.level = 3
	connections.max.idle.ms = 10000
	delivery.timeout.ms = 120000
	enable.idempotence = true
	enable.metrics.push = true
	interceptor.classes = []
	key.serializer = class org.apache.kafka.common.serialization.StringSerializer
	linger.ms = 0
	max.block.ms = 60000
	max.in.flight.requests.per.connection = 5
	max.request.size = 1048576
	metadata.max.age.ms = 300000
	metadata.max.idle.ms = 300000
	metadata.recovery.strategy = none
	metric.reporters = []
	metrics.num.samples = 2
	metrics.recording.level = INFO
	metrics.sample.window.ms = 30000
	partitioner.adaptive.partitioning.enable = true
	partitioner.availability.timeout.ms = 0
	partitioner.class = null
	partitioner.ignore.keys = false
	receive.buffer.bytes = 32768
	reconnect.backoff.max.ms = 1000
	reconnect.backoff.ms = 50
	request.timeout.ms = 5000
	retries = 2147483647
	retry.backoff.max.ms = 1000
	retry.backoff.ms = 100
	sasl.client.callback.handler.class = null
	sasl.jaas.config = null
	sasl.kerberos.kinit.cmd = /usr/bin/kinit
	sasl.kerberos.min.time.before.relogin = 60000
	sasl.kerberos.service.name = null
	sasl.kerberos.ticket.renew.jitter = 0.05
	sasl.kerberos.ticket.renew.window.factor = 0.8
	sasl.login.callback.handler.class = null
	sasl.login.class = null
	sasl.login.connect.timeout.ms = null
	sasl.login.read.timeout.ms = null
	sasl.login.refresh.buffer.seconds = 300
	sasl.login.refresh.min.period.seconds = 60
	sasl.login.refresh.window.factor = 0.8
	sasl.login.refresh.window.jitter = 0.05
	sasl.login.retry.backoff.max.ms = 10000
	sasl.login.retry.backoff.ms = 100
	sasl.mechanism = GSSAPI
	sasl.oauthbearer.clock.skew.seconds = 30
	sasl.oauthbearer.expected.audience = null
	sasl.oauthbearer.expected.issuer = null
	sasl.oauthbearer.header.urlencode = false
	sasl.oauthbearer.jwks.endpoint.refresh.ms = 3600000
	sasl.oauthbearer.jwks.endpoint.retry.backoff.max.ms = 10000
	sasl.oauthbearer.jwks.endpoint.retry.backoff.ms = 100
	sasl.oauthbearer.jwks.endpoint.url = null
	sasl.oauthbearer.scope.claim.name = scope
	sasl.oauthbearer.sub.claim.name = sub
	sasl.oauthbearer.token.endpoint.url = null
	security.protocol = PLAINTEXT
	security.providers = null
	send.buffer.bytes = 131072
	socket.connection.setup.timeout.max.ms = 30000
	socket.connection.setup.timeout.ms = 10000
	ssl.cipher.suites = null
	ssl.enabled.protocols = [TLSv1.2, TLSv1.3]
	ssl.endpoint.identification.algorithm = https
	ssl.engine.factory.class = null
	ssl.key.password = null
	ssl.keymanager.algorithm = SunX509
	ssl.keystore.certificate.chain = null
	ssl.keystore.key = null
	ssl.keystore.location = null
	ssl.keystore.password = null
	ssl.keystore.type = JKS
	ssl.protocol = TLSv1.3
	ssl.provider = null
	ssl.secure.random.implementation = null
	ssl.trustmanager.algorithm = PKIX
	ssl.truststore.certificates = null
	ssl.truststore.location = null
	ssl.truststore.password = null
	ssl.truststore.type = JKS
	transaction.timeout.ms = 60000
	transactional.id = null
	value.serializer = class io.apicurio.registry.serde.avro.AvroKafkaSerializer

2025-08-06 15:36:15,238 INFO  [org.apa.kaf.com.tel.int.KafkaMetricsCollector] (main) initializing Kafka metrics collector
2025-08-06 15:36:15,241 INFO  [org.apa.kaf.cli.pro.KafkaProducer] (main) [Producer clientId=Producer-topic-fb259529_e230_40f7_9aef_bfef01db14e8] Instantiated an idempotent producer.
2025-08-06 15:36:15,243 INFO  [org.apa.kaf.cli.pro.ProducerConfig] (main) These configurations '[apicurio.registry.url, apicurio.registry.artifact-resolver-strategy]' were supplied but are not used yet.
2025-08-06 15:36:15,243 INFO  [org.apa.kaf.com.uti.AppInfoParser] (main) Kafka version: 3.9.1
2025-08-06 15:36:15,243 INFO  [org.apa.kaf.com.uti.AppInfoParser] (main) Kafka commitId: f745dfdcee2b9851
2025-08-06 15:36:15,243 INFO  [org.apa.kaf.com.uti.AppInfoParser] (main) Kafka startTimeMs: 1754494575243
2025-08-06 15:36:15,245 INFO  [io.api.tes.ser.api.KafkaSerdesTester] (Thread-729) Sending message {"keyB": "value-0"} to topic topic-fb259529_e230_40f7_9aef_bfef01db14e8
2025-08-06 15:36:15,252 WARN  [org.apa.kaf.cli.NetworkClient] (kafka-producer-network-thread | Producer-topic-fb259529_e230_40f7_9aef_bfef01db14e8) [Producer clientId=Producer-topic-fb259529_e230_40f7_9aef_bfef01db14e8] The metadata response from the cluster reported a recoverable issue with correlation id 1 : {topic-fb259529_e230_40f7_9aef_bfef01db14e8=UNKNOWN_TOPIC_OR_PARTITION}
2025-08-06 15:36:15,252 INFO  [org.apa.kaf.cli.Metadata] (kafka-producer-network-thread | Producer-topic-fb259529_e230_40f7_9aef_bfef01db14e8) [Producer clientId=Producer-topic-fb259529_e230_40f7_9aef_bfef01db14e8] Cluster ID: XZ--LfAaTaS_n5V5dfJ0ng
2025-08-06 15:36:15,252 INFO  [org.apa.kaf.cli.pro.int.TransactionManager] (kafka-producer-network-thread | Producer-topic-fb259529_e230_40f7_9aef_bfef01db14e8) [Producer clientId=Producer-topic-fb259529_e230_40f7_9aef_bfef01db14e8] ProducerId set to 22 with epoch 0
2025-08-06 15:36:15,368 INFO  [DefaultSchemaResolver] (Thread-729) Retrieving schema content using string: {"type":"record","name":"myrecord","namespace":"mygroup","fields":[{"name":"keyB","type":"string"}]}
2025-08-06 15:36:15,545 INFO  [org.apa.kaf.cli.pro.KafkaProducer] (Thread-729) [Producer clientId=Producer-topic-fb259529_e230_40f7_9aef_bfef01db14e8] Closing the Kafka producer with timeoutMillis = 9223372036854775807 ms.
2025-08-06 15:36:15,548 INFO  [org.apa.kaf.com.met.Metrics] (Thread-729) Metrics scheduler closed
2025-08-06 15:36:15,548 INFO  [org.apa.kaf.com.met.Metrics] (Thread-729) Closing reporter org.apache.kafka.common.metrics.JmxReporter
2025-08-06 15:36:15,548 INFO  [org.apa.kaf.com.met.Metrics] (Thread-729) Closing reporter org.apache.kafka.common.telemetry.internals.ClientTelemetryReporter
2025-08-06 15:36:15,548 INFO  [org.apa.kaf.com.met.Metrics] (Thread-729) Metrics reporters closed
2025-08-06 15:36:15,548 INFO  [org.apa.kaf.com.uti.AppInfoParser] (Thread-729) App info kafka.producer for Producer-topic-fb259529_e230_40f7_9aef_bfef01db14e8 unregistered
2025-08-06 15:36:15,554 INFO  [org.ecl.jet.ser.Server] (main) Stopped Server@40b415bb{STOPPING}[11.0.15,sto=1000]
2025-08-06 15:36:15,555 INFO  [org.ecl.jet.ser.Server] (main) Shutdown Server@40b415bb{STOPPING}[11.0.15,sto=1000]
2025-08-06 15:36:15,558 INFO  [org.ecl.jet.ser.AbstractConnector] (main) Stopped NetworkTrafficServerConnector@260dca40{HTTP/1.1, (http/1.1, h2c)}{0.0.0.0:0}
2025-08-06 15:36:15,559 INFO  [org.ecl.jet.ser.han.ContextHandler] (main) Stopped o.e.j.s.ServletContextHandler@7cb77d5{/,null,STOPPED}
2025-08-06 15:36:15,559 INFO  [org.ecl.jet.ser.han.ContextHandler] (main) Stopped o.e.j.s.ServletContextHandler@28704c3{/__admin,null,STOPPED}
2025-08-06 15:36:15,561 INFO  [io.api.tes.uti.TestSeparator] (main) io.apicurio.tests.serdes.apicurio.AvroSerdeIT.testFirstRequestFailsRateLimited-FINISHED
2025-08-06 15:36:15,562 INFO  [io.api.tes.uti.TestSeparator] (main) ############################################################################
Test passed: testFirstRequestFailsRateLimited
]]></system-out>
    <system-err><![CDATA[com.microsoft.kiota.ApiException: the server returned an unexpected status code and no error class is registered for this code 429
	at com.microsoft.kiota.ApiExceptionBuilder.withMessage(ApiExceptionBuilder.java:45)
	at io.kiota.http.vertx.VertXRequestAdapter.throwIfFailedResponse(VertXRequestAdapter.java:370)
	at io.kiota.http.vertx.VertXRequestAdapter.send(VertXRequestAdapter.java:170)
	at io.apicurio.registry.rest.client.search.versions.VersionsRequestBuilder.post(VersionsRequestBuilder.java:94)
	at io.apicurio.registry.resolver.client.RegistryClientFacadeImpl.searchVersionsByContent(RegistryClientFacadeImpl.java:106)
	at io.apicurio.registry.resolver.DefaultSchemaResolver.lambda$handleResolveSchemaByContent$3(DefaultSchemaResolver.java:258)
	at io.apicurio.registry.resolver.cache.ERCache.lambda$getValue$0(ERCache.java:174)
	at io.apicurio.registry.resolver.cache.ERCache.retry(ERCache.java:227)
	at io.apicurio.registry.resolver.cache.ERCache.getValue(ERCache.java:173)
	at io.apicurio.registry.resolver.cache.ERCache.getByContent(ERCache.java:147)
	at io.apicurio.registry.resolver.DefaultSchemaResolver.handleResolveSchemaByContent(DefaultSchemaResolver.java:253)
	at io.apicurio.registry.resolver.DefaultSchemaResolver.getSchemaFromRegistry(DefaultSchemaResolver.java:138)
	at io.apicurio.registry.resolver.DefaultSchemaResolver.lambda$resolveSchema$0(DefaultSchemaResolver.java:84)
	at java.base/java.util.Optional.orElseGet(Optional.java:364)
	at io.apicurio.registry.resolver.DefaultSchemaResolver.resolveSchema(DefaultSchemaResolver.java:84)
	at io.apicurio.registry.serde.AbstractSerializer.serializeData(AbstractSerializer.java:62)
	at io.apicurio.registry.serde.KafkaSerializer.serialize(KafkaSerializer.java:77)
	at org.apache.kafka.clients.producer.KafkaProducer.doSend(KafkaProducer.java:1046)
	at org.apache.kafka.clients.producer.KafkaProducer.send(KafkaProducer.java:993)
	at org.apache.kafka.clients.producer.KafkaProducer.send(KafkaProducer.java:875)
	at io.apicurio.tests.serdes.apicurio.KafkaSerdesTester.lambda$produceMessages$3(KafkaSerdesTester.java:138)
	at java.base/java.util.concurrent.CompletableFuture$AsyncSupply.run(CompletableFuture.java:1768)
	at java.base/java.lang.Thread.run(Thread.java:840)
]]></system-err>
  </testcase>
  <testcase name="testFirstEmptyFieldConfusedAsMagicByte" classname="io.apicurio.tests.serdes.apicurio.AvroSerdeIT" time="4.062">
    <system-out><![CDATA[2025-08-06 15:36:15,566 INFO  [io.api.tes.uti.TestSeparator] (main) ############################################################################
2025-08-06 15:36:15,566 INFO  [io.api.tes.uti.TestSeparator] (main) io.apicurio.tests.serdes.apicurio.AvroSerdeIT.testFirstEmptyFieldConfusedAsMagicByte-STARTED
**** Registry Base URL: http://registry-app-inmemory.apps.ci419.apicurio-testing.org:80
2025-08-06 15:36:15,570 INFO  [org.apa.kaf.cli.pro.ProducerConfig] (main) ProducerConfig values: 
	acks = -1
	auto.include.jmx.reporter = true
	batch.size = 16384
	bootstrap.servers = [PLAINTEXT://localhost:32769]
	buffer.memory = 33554432
	client.dns.lookup = use_all_dns_ips
	client.id = Producer-topic-d80e4456_f8fd_4077_b2e5_a5e994ec1498
	compression.gzip.level = -1
	compression.lz4.level = 9
	compression.type = none
	compression.zstd.level = 3
	connections.max.idle.ms = 10000
	delivery.timeout.ms = 120000
	enable.idempotence = true
	enable.metrics.push = true
	interceptor.classes = []
	key.serializer = class org.apache.kafka.common.serialization.StringSerializer
	linger.ms = 0
	max.block.ms = 60000
	max.in.flight.requests.per.connection = 5
	max.request.size = 1048576
	metadata.max.age.ms = 300000
	metadata.max.idle.ms = 300000
	metadata.recovery.strategy = none
	metric.reporters = []
	metrics.num.samples = 2
	metrics.recording.level = INFO
	metrics.sample.window.ms = 30000
	partitioner.adaptive.partitioning.enable = true
	partitioner.availability.timeout.ms = 0
	partitioner.class = null
	partitioner.ignore.keys = false
	receive.buffer.bytes = 32768
	reconnect.backoff.max.ms = 1000
	reconnect.backoff.ms = 50
	request.timeout.ms = 5000
	retries = 2147483647
	retry.backoff.max.ms = 1000
	retry.backoff.ms = 100
	sasl.client.callback.handler.class = null
	sasl.jaas.config = null
	sasl.kerberos.kinit.cmd = /usr/bin/kinit
	sasl.kerberos.min.time.before.relogin = 60000
	sasl.kerberos.service.name = null
	sasl.kerberos.ticket.renew.jitter = 0.05
	sasl.kerberos.ticket.renew.window.factor = 0.8
	sasl.login.callback.handler.class = null
	sasl.login.class = null
	sasl.login.connect.timeout.ms = null
	sasl.login.read.timeout.ms = null
	sasl.login.refresh.buffer.seconds = 300
	sasl.login.refresh.min.period.seconds = 60
	sasl.login.refresh.window.factor = 0.8
	sasl.login.refresh.window.jitter = 0.05
	sasl.login.retry.backoff.max.ms = 10000
	sasl.login.retry.backoff.ms = 100
	sasl.mechanism = GSSAPI
	sasl.oauthbearer.clock.skew.seconds = 30
	sasl.oauthbearer.expected.audience = null
	sasl.oauthbearer.expected.issuer = null
	sasl.oauthbearer.header.urlencode = false
	sasl.oauthbearer.jwks.endpoint.refresh.ms = 3600000
	sasl.oauthbearer.jwks.endpoint.retry.backoff.max.ms = 10000
	sasl.oauthbearer.jwks.endpoint.retry.backoff.ms = 100
	sasl.oauthbearer.jwks.endpoint.url = null
	sasl.oauthbearer.scope.claim.name = scope
	sasl.oauthbearer.sub.claim.name = sub
	sasl.oauthbearer.token.endpoint.url = null
	security.protocol = PLAINTEXT
	security.providers = null
	send.buffer.bytes = 131072
	socket.connection.setup.timeout.max.ms = 30000
	socket.connection.setup.timeout.ms = 10000
	ssl.cipher.suites = null
	ssl.enabled.protocols = [TLSv1.2, TLSv1.3]
	ssl.endpoint.identification.algorithm = https
	ssl.engine.factory.class = null
	ssl.key.password = null
	ssl.keymanager.algorithm = SunX509
	ssl.keystore.certificate.chain = null
	ssl.keystore.key = null
	ssl.keystore.location = null
	ssl.keystore.password = null
	ssl.keystore.type = JKS
	ssl.protocol = TLSv1.3
	ssl.provider = null
	ssl.secure.random.implementation = null
	ssl.trustmanager.algorithm = PKIX
	ssl.truststore.certificates = null
	ssl.truststore.location = null
	ssl.truststore.password = null
	ssl.truststore.type = JKS
	transaction.timeout.ms = 60000
	transactional.id = null
	value.serializer = class io.apicurio.registry.serde.avro.AvroKafkaSerializer

2025-08-06 15:36:15,570 INFO  [org.apa.kaf.com.tel.int.KafkaMetricsCollector] (main) initializing Kafka metrics collector
2025-08-06 15:36:15,575 INFO  [org.apa.kaf.cli.pro.KafkaProducer] (main) [Producer clientId=Producer-topic-d80e4456_f8fd_4077_b2e5_a5e994ec1498] Instantiated an idempotent producer.
2025-08-06 15:36:15,579 INFO  [org.apa.kaf.cli.pro.ProducerConfig] (main) These configurations '[apicurio.registry.url, apicurio.registry.auto-register, apicurio.registry.artifact-resolver-strategy]' were supplied but are not used yet.
2025-08-06 15:36:15,579 INFO  [org.apa.kaf.com.uti.AppInfoParser] (main) Kafka version: 3.9.1
2025-08-06 15:36:15,579 INFO  [org.apa.kaf.com.uti.AppInfoParser] (main) Kafka commitId: f745dfdcee2b9851
2025-08-06 15:36:15,579 INFO  [org.apa.kaf.com.uti.AppInfoParser] (main) Kafka startTimeMs: 1754494575579
2025-08-06 15:36:15,579 INFO  [io.api.tes.ser.api.SimpleSerdesTesterBuilder$SimpleSerdesTester] (main) Using producer configuration: {apicurio.registry.url=http://registry-app-inmemory.apps.ci419.apicurio-testing.org:80/apis/registry/v3, apicurio.registry.auto-register=true, apicurio.registry.artifact-resolver-strategy=io.apicurio.registry.serde.strategy.SimpleTopicIdStrategy, value.serializer=io.apicurio.registry.serde.avro.AvroKafkaSerializer, request.timeout.ms=5000, acks=all, bootstrap.servers=PLAINTEXT://localhost:32769, connections.max.idle.ms=10000, key.serializer=org.apache.kafka.common.serialization.StringSerializer, client.id=Producer-topic-d80e4456_f8fd_4077_b2e5_a5e994ec1498}
2025-08-06 15:36:15,579 INFO  [io.api.tes.ser.api.SimpleSerdesTesterBuilder$SimpleSerdesTester] (main) Using consumer configuration: {}
2025-08-06 15:36:15,580 INFO  [io.api.tes.ser.api.KafkaSerdesTester] (Thread-732) Sending message {"username": null} to topic topic-d80e4456_f8fd_4077_b2e5_a5e994ec1498
2025-08-06 15:36:15,581 INFO  [org.apa.kaf.cli.Metadata] (kafka-producer-network-thread | Producer-topic-d80e4456_f8fd_4077_b2e5_a5e994ec1498) [Producer clientId=Producer-topic-d80e4456_f8fd_4077_b2e5_a5e994ec1498] Cluster ID: XZ--LfAaTaS_n5V5dfJ0ng
2025-08-06 15:36:15,581 INFO  [org.apa.kaf.cli.pro.int.TransactionManager] (kafka-producer-network-thread | Producer-topic-d80e4456_f8fd_4077_b2e5_a5e994ec1498) [Producer clientId=Producer-topic-d80e4456_f8fd_4077_b2e5_a5e994ec1498] ProducerId set to 23 with epoch 0
2025-08-06 15:36:15,585 WARN  [org.apa.kaf.cli.NetworkClient] (kafka-producer-network-thread | Producer-topic-d80e4456_f8fd_4077_b2e5_a5e994ec1498) [Producer clientId=Producer-topic-d80e4456_f8fd_4077_b2e5_a5e994ec1498] The metadata response from the cluster reported a recoverable issue with correlation id 5 : {topic-d80e4456_f8fd_4077_b2e5_a5e994ec1498=UNKNOWN_TOPIC_OR_PARTITION}
2025-08-06 15:36:15,796 INFO  [io.api.tes.ser.api.KafkaSerdesTester] (Thread-732) Sending message {"username": null} to topic topic-d80e4456_f8fd_4077_b2e5_a5e994ec1498
2025-08-06 15:36:15,798 INFO  [io.api.tes.ser.api.KafkaSerdesTester] (Thread-732) Sending message {"username": "value-2"} to topic topic-d80e4456_f8fd_4077_b2e5_a5e994ec1498
2025-08-06 15:36:15,799 INFO  [io.api.tes.ser.api.KafkaSerdesTester] (Thread-732) Sending message {"username": null} to topic topic-d80e4456_f8fd_4077_b2e5_a5e994ec1498
2025-08-06 15:36:15,800 INFO  [io.api.tes.ser.api.KafkaSerdesTester] (Thread-732) Sending message {"username": "value-4"} to topic topic-d80e4456_f8fd_4077_b2e5_a5e994ec1498
2025-08-06 15:36:15,801 INFO  [io.api.tes.ser.api.KafkaSerdesTester] (Thread-732) Sending message {"username": null} to topic topic-d80e4456_f8fd_4077_b2e5_a5e994ec1498
2025-08-06 15:36:15,802 INFO  [io.api.tes.ser.api.KafkaSerdesTester] (Thread-732) Sending message {"username": "value-6"} to topic topic-d80e4456_f8fd_4077_b2e5_a5e994ec1498
2025-08-06 15:36:15,804 INFO  [io.api.tes.ser.api.KafkaSerdesTester] (Thread-732) Sending message {"username": null} to topic topic-d80e4456_f8fd_4077_b2e5_a5e994ec1498
2025-08-06 15:36:15,805 INFO  [io.api.tes.ser.api.KafkaSerdesTester] (Thread-732) Sending message {"username": "value-8"} to topic topic-d80e4456_f8fd_4077_b2e5_a5e994ec1498
2025-08-06 15:36:15,806 INFO  [io.api.tes.ser.api.KafkaSerdesTester] (Thread-732) Sending message {"username": null} to topic topic-d80e4456_f8fd_4077_b2e5_a5e994ec1498
2025-08-06 15:36:15,807 INFO  [io.api.tes.ser.api.KafkaSerdesTester] (Thread-732) Produced 10 messages
2025-08-06 15:36:15,807 INFO  [org.apa.kaf.cli.pro.KafkaProducer] (Thread-732) [Producer clientId=Producer-topic-d80e4456_f8fd_4077_b2e5_a5e994ec1498] Closing the Kafka producer with timeoutMillis = 9223372036854775807 ms.
2025-08-06 15:36:15,809 INFO  [org.apa.kaf.com.met.Metrics] (Thread-732) Metrics scheduler closed
2025-08-06 15:36:15,809 INFO  [org.apa.kaf.com.met.Metrics] (Thread-732) Closing reporter org.apache.kafka.common.metrics.JmxReporter
2025-08-06 15:36:15,809 INFO  [org.apa.kaf.com.met.Metrics] (Thread-732) Closing reporter org.apache.kafka.common.telemetry.internals.ClientTelemetryReporter
2025-08-06 15:36:15,809 INFO  [org.apa.kaf.com.met.Metrics] (Thread-732) Metrics reporters closed
2025-08-06 15:36:15,809 INFO  [org.apa.kaf.com.uti.AppInfoParser] (Thread-732) App info kafka.producer for Producer-topic-d80e4456_f8fd_4077_b2e5_a5e994ec1498 unregistered
**** Registry Base URL: http://registry-app-inmemory.apps.ci419.apicurio-testing.org:80
2025-08-06 15:36:15,953 INFO  [org.apa.kaf.cli.con.ConsumerConfig] (main) ConsumerConfig values: 
	allow.auto.create.topics = true
	auto.commit.interval.ms = 500
	auto.include.jmx.reporter = true
	auto.offset.reset = earliest
	bootstrap.servers = [PLAINTEXT://localhost:32769]
	check.crcs = true
	client.dns.lookup = use_all_dns_ips
	client.id = consumer-Consumer-topic-d80e4456_f8fd_4077_b2e5_a5e994ec1498-17
	client.rack = 
	connections.max.idle.ms = 10000
	default.api.timeout.ms = 60000
	enable.auto.commit = true
	enable.metrics.push = true
	exclude.internal.topics = true
	fetch.max.bytes = 52428800
	fetch.max.wait.ms = 500
	fetch.min.bytes = 1
	group.id = Consumer-topic-d80e4456_f8fd_4077_b2e5_a5e994ec1498
	group.instance.id = null
	group.protocol = classic
	group.remote.assignor = null
	heartbeat.interval.ms = 3000
	interceptor.classes = []
	internal.leave.group.on.close = true
	internal.throw.on.fetch.stable.offset.unsupported = false
	isolation.level = read_uncommitted
	key.deserializer = class org.apache.kafka.common.serialization.StringDeserializer
	max.partition.fetch.bytes = 1048576
	max.poll.interval.ms = 300000
	max.poll.records = 500
	metadata.max.age.ms = 300000
	metadata.recovery.strategy = none
	metric.reporters = []
	metrics.num.samples = 2
	metrics.recording.level = INFO
	metrics.sample.window.ms = 30000
	partition.assignment.strategy = [class org.apache.kafka.clients.consumer.RangeAssignor, class org.apache.kafka.clients.consumer.CooperativeStickyAssignor]
	receive.buffer.bytes = 65536
	reconnect.backoff.max.ms = 1000
	reconnect.backoff.ms = 50
	request.timeout.ms = 5000
	retry.backoff.max.ms = 1000
	retry.backoff.ms = 100
	sasl.client.callback.handler.class = null
	sasl.jaas.config = null
	sasl.kerberos.kinit.cmd = /usr/bin/kinit
	sasl.kerberos.min.time.before.relogin = 60000
	sasl.kerberos.service.name = null
	sasl.kerberos.ticket.renew.jitter = 0.05
	sasl.kerberos.ticket.renew.window.factor = 0.8
	sasl.login.callback.handler.class = null
	sasl.login.class = null
	sasl.login.connect.timeout.ms = null
	sasl.login.read.timeout.ms = null
	sasl.login.refresh.buffer.seconds = 300
	sasl.login.refresh.min.period.seconds = 60
	sasl.login.refresh.window.factor = 0.8
	sasl.login.refresh.window.jitter = 0.05
	sasl.login.retry.backoff.max.ms = 10000
	sasl.login.retry.backoff.ms = 100
	sasl.mechanism = GSSAPI
	sasl.oauthbearer.clock.skew.seconds = 30
	sasl.oauthbearer.expected.audience = null
	sasl.oauthbearer.expected.issuer = null
	sasl.oauthbearer.header.urlencode = false
	sasl.oauthbearer.jwks.endpoint.refresh.ms = 3600000
	sasl.oauthbearer.jwks.endpoint.retry.backoff.max.ms = 10000
	sasl.oauthbearer.jwks.endpoint.retry.backoff.ms = 100
	sasl.oauthbearer.jwks.endpoint.url = null
	sasl.oauthbearer.scope.claim.name = scope
	sasl.oauthbearer.sub.claim.name = sub
	sasl.oauthbearer.token.endpoint.url = null
	security.protocol = PLAINTEXT
	security.providers = null
	send.buffer.bytes = 131072
	session.timeout.ms = 45000
	socket.connection.setup.timeout.max.ms = 30000
	socket.connection.setup.timeout.ms = 10000
	ssl.cipher.suites = null
	ssl.enabled.protocols = [TLSv1.2, TLSv1.3]
	ssl.endpoint.identification.algorithm = https
	ssl.engine.factory.class = null
	ssl.key.password = null
	ssl.keymanager.algorithm = SunX509
	ssl.keystore.certificate.chain = null
	ssl.keystore.key = null
	ssl.keystore.location = null
	ssl.keystore.password = null
	ssl.keystore.type = JKS
	ssl.protocol = TLSv1.3
	ssl.provider = null
	ssl.secure.random.implementation = null
	ssl.trustmanager.algorithm = PKIX
	ssl.truststore.certificates = null
	ssl.truststore.location = null
	ssl.truststore.password = null
	ssl.truststore.type = JKS
	value.deserializer = class io.apicurio.registry.serde.avro.AvroKafkaDeserializer

2025-08-06 15:36:15,954 INFO  [org.apa.kaf.com.tel.int.KafkaMetricsCollector] (main) initializing Kafka metrics collector
2025-08-06 15:36:15,959 INFO  [org.apa.kaf.cli.con.ConsumerConfig] (main) These configurations '[apicurio.registry.url]' were supplied but are not used yet.
2025-08-06 15:36:15,959 INFO  [org.apa.kaf.com.uti.AppInfoParser] (main) Kafka version: 3.9.1
2025-08-06 15:36:15,959 INFO  [org.apa.kaf.com.uti.AppInfoParser] (main) Kafka commitId: f745dfdcee2b9851
2025-08-06 15:36:15,959 INFO  [org.apa.kaf.com.uti.AppInfoParser] (main) Kafka startTimeMs: 1754494575959
2025-08-06 15:36:15,960 INFO  [org.apa.kaf.cli.con.int.ClassicKafkaConsumer] (Thread-735) [Consumer clientId=consumer-Consumer-topic-d80e4456_f8fd_4077_b2e5_a5e994ec1498-17, groupId=Consumer-topic-d80e4456_f8fd_4077_b2e5_a5e994ec1498] Subscribed to topic(s): topic-d80e4456_f8fd_4077_b2e5_a5e994ec1498
2025-08-06 15:36:15,965 INFO  [org.apa.kaf.cli.Metadata] (Thread-735) [Consumer clientId=consumer-Consumer-topic-d80e4456_f8fd_4077_b2e5_a5e994ec1498-17, groupId=Consumer-topic-d80e4456_f8fd_4077_b2e5_a5e994ec1498] Cluster ID: XZ--LfAaTaS_n5V5dfJ0ng
2025-08-06 15:36:15,966 INFO  [org.apa.kaf.cli.con.int.ConsumerCoordinator] (Thread-735) [Consumer clientId=consumer-Consumer-topic-d80e4456_f8fd_4077_b2e5_a5e994ec1498-17, groupId=Consumer-topic-d80e4456_f8fd_4077_b2e5_a5e994ec1498] Discovered group coordinator localhost:32769 (id: 2147483647 rack: null)
2025-08-06 15:36:15,968 INFO  [org.apa.kaf.cli.con.int.ConsumerCoordinator] (Thread-735) [Consumer clientId=consumer-Consumer-topic-d80e4456_f8fd_4077_b2e5_a5e994ec1498-17, groupId=Consumer-topic-d80e4456_f8fd_4077_b2e5_a5e994ec1498] (Re-)joining group
2025-08-06 15:36:15,973 INFO  [org.apa.kaf.cli.con.int.ConsumerCoordinator] (Thread-735) [Consumer clientId=consumer-Consumer-topic-d80e4456_f8fd_4077_b2e5_a5e994ec1498-17, groupId=Consumer-topic-d80e4456_f8fd_4077_b2e5_a5e994ec1498] Request joining group due to: need to re-join with the given member-id: consumer-Consumer-topic-d80e4456_f8fd_4077_b2e5_a5e994ec1498-17-8b0cd475-852f-4ea3-b1b7-9d0d3ed92041
2025-08-06 15:36:15,973 INFO  [org.apa.kaf.cli.con.int.ConsumerCoordinator] (Thread-735) [Consumer clientId=consumer-Consumer-topic-d80e4456_f8fd_4077_b2e5_a5e994ec1498-17, groupId=Consumer-topic-d80e4456_f8fd_4077_b2e5_a5e994ec1498] (Re-)joining group
2025-08-06 15:36:16,960 INFO  [io.api.tes.ser.api.KafkaSerdesTester] (Thread-735) None found
2025-08-06 15:36:17,960 INFO  [io.api.tes.ser.api.KafkaSerdesTester] (Thread-735) None found
2025-08-06 15:36:18,961 INFO  [io.api.tes.ser.api.KafkaSerdesTester] (Thread-735) None found
2025-08-06 15:36:18,975 INFO  [org.apa.kaf.cli.con.int.ConsumerCoordinator] (Thread-735) [Consumer clientId=consumer-Consumer-topic-d80e4456_f8fd_4077_b2e5_a5e994ec1498-17, groupId=Consumer-topic-d80e4456_f8fd_4077_b2e5_a5e994ec1498] Successfully joined group with generation Generation{generationId=1, memberId='consumer-Consumer-topic-d80e4456_f8fd_4077_b2e5_a5e994ec1498-17-8b0cd475-852f-4ea3-b1b7-9d0d3ed92041', protocol='range'}
2025-08-06 15:36:18,975 INFO  [org.apa.kaf.cli.con.int.ConsumerCoordinator] (Thread-735) [Consumer clientId=consumer-Consumer-topic-d80e4456_f8fd_4077_b2e5_a5e994ec1498-17, groupId=Consumer-topic-d80e4456_f8fd_4077_b2e5_a5e994ec1498] Finished assignment for group at generation 1: {consumer-Consumer-topic-d80e4456_f8fd_4077_b2e5_a5e994ec1498-17-8b0cd475-852f-4ea3-b1b7-9d0d3ed92041=Assignment(partitions=[topic-d80e4456_f8fd_4077_b2e5_a5e994ec1498-0])}
2025-08-06 15:36:18,981 INFO  [org.apa.kaf.cli.con.int.ConsumerCoordinator] (Thread-735) [Consumer clientId=consumer-Consumer-topic-d80e4456_f8fd_4077_b2e5_a5e994ec1498-17, groupId=Consumer-topic-d80e4456_f8fd_4077_b2e5_a5e994ec1498] Successfully synced group in generation Generation{generationId=1, memberId='consumer-Consumer-topic-d80e4456_f8fd_4077_b2e5_a5e994ec1498-17-8b0cd475-852f-4ea3-b1b7-9d0d3ed92041', protocol='range'}
2025-08-06 15:36:18,981 INFO  [org.apa.kaf.cli.con.int.ConsumerCoordinator] (Thread-735) [Consumer clientId=consumer-Consumer-topic-d80e4456_f8fd_4077_b2e5_a5e994ec1498-17, groupId=Consumer-topic-d80e4456_f8fd_4077_b2e5_a5e994ec1498] Notifying assignor about the new Assignment(partitions=[topic-d80e4456_f8fd_4077_b2e5_a5e994ec1498-0])
2025-08-06 15:36:18,981 INFO  [org.apa.kaf.cli.con.int.ConsumerRebalanceListenerInvoker] (Thread-735) [Consumer clientId=consumer-Consumer-topic-d80e4456_f8fd_4077_b2e5_a5e994ec1498-17, groupId=Consumer-topic-d80e4456_f8fd_4077_b2e5_a5e994ec1498] Adding newly assigned partitions: topic-d80e4456_f8fd_4077_b2e5_a5e994ec1498-0
2025-08-06 15:36:18,982 INFO  [org.apa.kaf.cli.con.int.ConsumerCoordinator] (Thread-735) [Consumer clientId=consumer-Consumer-topic-d80e4456_f8fd_4077_b2e5_a5e994ec1498-17, groupId=Consumer-topic-d80e4456_f8fd_4077_b2e5_a5e994ec1498] Found no committed offset for partition topic-d80e4456_f8fd_4077_b2e5_a5e994ec1498-0
2025-08-06 15:36:18,984 INFO  [org.apa.kaf.cli.con.int.SubscriptionState] (Thread-735) [Consumer clientId=consumer-Consumer-topic-d80e4456_f8fd_4077_b2e5_a5e994ec1498-17, groupId=Consumer-topic-d80e4456_f8fd_4077_b2e5_a5e994ec1498] Resetting offset for partition topic-d80e4456_f8fd_4077_b2e5_a5e994ec1498-0 to position FetchPosition{offset=0, offsetEpoch=Optional.empty, currentLeader=LeaderAndEpoch{leader=Optional[localhost:32769 (id: 0 rack: null)], epoch=0}}.
2025-08-06 15:36:19,122 INFO  [io.api.tes.ser.api.KafkaSerdesTester] (Thread-735) topic-d80e4456_f8fd_4077_b2e5_a5e994ec1498 0 0 {"username": null}
2025-08-06 15:36:19,122 INFO  [io.api.tes.ser.api.KafkaSerdesTester] (Thread-735) topic-d80e4456_f8fd_4077_b2e5_a5e994ec1498 0 1 {"username": null}
2025-08-06 15:36:19,122 INFO  [io.api.tes.ser.api.KafkaSerdesTester] (Thread-735) topic-d80e4456_f8fd_4077_b2e5_a5e994ec1498 0 2 {"username": "value-2"}
2025-08-06 15:36:19,122 INFO  [io.api.tes.ser.api.KafkaSerdesTester] (Thread-735) topic-d80e4456_f8fd_4077_b2e5_a5e994ec1498 0 3 {"username": null}
2025-08-06 15:36:19,122 INFO  [io.api.tes.ser.api.KafkaSerdesTester] (Thread-735) topic-d80e4456_f8fd_4077_b2e5_a5e994ec1498 0 4 {"username": "value-4"}
2025-08-06 15:36:19,122 INFO  [io.api.tes.ser.api.KafkaSerdesTester] (Thread-735) topic-d80e4456_f8fd_4077_b2e5_a5e994ec1498 0 5 {"username": null}
2025-08-06 15:36:19,122 INFO  [io.api.tes.ser.api.KafkaSerdesTester] (Thread-735) topic-d80e4456_f8fd_4077_b2e5_a5e994ec1498 0 6 {"username": "value-6"}
2025-08-06 15:36:19,122 INFO  [io.api.tes.ser.api.KafkaSerdesTester] (Thread-735) topic-d80e4456_f8fd_4077_b2e5_a5e994ec1498 0 7 {"username": null}
2025-08-06 15:36:19,122 INFO  [io.api.tes.ser.api.KafkaSerdesTester] (Thread-735) topic-d80e4456_f8fd_4077_b2e5_a5e994ec1498 0 8 {"username": "value-8"}
2025-08-06 15:36:19,122 INFO  [io.api.tes.ser.api.KafkaSerdesTester] (Thread-735) topic-d80e4456_f8fd_4077_b2e5_a5e994ec1498 0 9 {"username": null}
2025-08-06 15:36:19,123 INFO  [io.api.tes.ser.api.KafkaSerdesTester] (Thread-735) Consumed 10 messages
2025-08-06 15:36:19,131 INFO  [org.apa.kaf.cli.con.int.ConsumerRebalanceListenerInvoker] (Thread-735) [Consumer clientId=consumer-Consumer-topic-d80e4456_f8fd_4077_b2e5_a5e994ec1498-17, groupId=Consumer-topic-d80e4456_f8fd_4077_b2e5_a5e994ec1498] Revoke previously assigned partitions topic-d80e4456_f8fd_4077_b2e5_a5e994ec1498-0
2025-08-06 15:36:19,131 INFO  [org.apa.kaf.cli.con.int.ConsumerCoordinator] (Thread-735) [Consumer clientId=consumer-Consumer-topic-d80e4456_f8fd_4077_b2e5_a5e994ec1498-17, groupId=Consumer-topic-d80e4456_f8fd_4077_b2e5_a5e994ec1498] Member consumer-Consumer-topic-d80e4456_f8fd_4077_b2e5_a5e994ec1498-17-8b0cd475-852f-4ea3-b1b7-9d0d3ed92041 sending LeaveGroup request to coordinator localhost:32769 (id: 2147483647 rack: null) due to the consumer is being closed
2025-08-06 15:36:19,131 INFO  [org.apa.kaf.cli.con.int.ConsumerCoordinator] (Thread-735) [Consumer clientId=consumer-Consumer-topic-d80e4456_f8fd_4077_b2e5_a5e994ec1498-17, groupId=Consumer-topic-d80e4456_f8fd_4077_b2e5_a5e994ec1498] Resetting generation and member id due to: consumer pro-actively leaving the group
2025-08-06 15:36:19,131 INFO  [org.apa.kaf.cli.con.int.ConsumerCoordinator] (Thread-735) [Consumer clientId=consumer-Consumer-topic-d80e4456_f8fd_4077_b2e5_a5e994ec1498-17, groupId=Consumer-topic-d80e4456_f8fd_4077_b2e5_a5e994ec1498] Request joining group due to: consumer pro-actively leaving the group
2025-08-06 15:36:19,624 INFO  [org.apa.kaf.com.met.Metrics] (Thread-735) Metrics scheduler closed
2025-08-06 15:36:19,624 INFO  [org.apa.kaf.com.met.Metrics] (Thread-735) Closing reporter org.apache.kafka.common.metrics.JmxReporter
2025-08-06 15:36:19,624 INFO  [org.apa.kaf.com.met.Metrics] (Thread-735) Closing reporter org.apache.kafka.common.telemetry.internals.ClientTelemetryReporter
2025-08-06 15:36:19,625 INFO  [org.apa.kaf.com.met.Metrics] (Thread-735) Metrics reporters closed
2025-08-06 15:36:19,626 INFO  [org.apa.kaf.com.uti.AppInfoParser] (Thread-735) App info kafka.consumer for consumer-Consumer-topic-d80e4456_f8fd_4077_b2e5_a5e994ec1498-17 unregistered
2025-08-06 15:36:19,627 INFO  [io.api.tes.uti.TestSeparator] (main) io.apicurio.tests.serdes.apicurio.AvroSerdeIT.testFirstEmptyFieldConfusedAsMagicByte-FINISHED
2025-08-06 15:36:19,627 INFO  [io.api.tes.uti.TestSeparator] (main) ############################################################################
Test passed: testFirstEmptyFieldConfusedAsMagicByte
]]></system-out>
  </testcase>
  <testcase name="testAvroSerDesFailDifferentSchemaByContent" classname="io.apicurio.tests.serdes.apicurio.AvroSerdeIT" time="1.245">
    <system-out><![CDATA[2025-08-06 15:36:19,629 INFO  [io.api.tes.uti.TestSeparator] (main) ############################################################################
2025-08-06 15:36:19,629 INFO  [io.api.tes.uti.TestSeparator] (main) io.apicurio.tests.serdes.apicurio.AvroSerdeIT.testAvroSerDesFailDifferentSchemaByContent-STARTED
**** Registry Base URL: http://registry-app-inmemory.apps.ci419.apicurio-testing.org:80
2025-08-06 15:36:20,738 INFO  [org.apa.kaf.cli.pro.ProducerConfig] (main) ProducerConfig values: 
	acks = -1
	auto.include.jmx.reporter = true
	batch.size = 16384
	bootstrap.servers = [PLAINTEXT://localhost:32769]
	buffer.memory = 33554432
	client.dns.lookup = use_all_dns_ips
	client.id = Producer-topic-5f51c291_6648_4403_8b70_5ed02dee1252
	compression.gzip.level = -1
	compression.lz4.level = 9
	compression.type = none
	compression.zstd.level = 3
	connections.max.idle.ms = 10000
	delivery.timeout.ms = 120000
	enable.idempotence = true
	enable.metrics.push = true
	interceptor.classes = []
	key.serializer = class org.apache.kafka.common.serialization.StringSerializer
	linger.ms = 0
	max.block.ms = 60000
	max.in.flight.requests.per.connection = 5
	max.request.size = 1048576
	metadata.max.age.ms = 300000
	metadata.max.idle.ms = 300000
	metadata.recovery.strategy = none
	metric.reporters = []
	metrics.num.samples = 2
	metrics.recording.level = INFO
	metrics.sample.window.ms = 30000
	partitioner.adaptive.partitioning.enable = true
	partitioner.availability.timeout.ms = 0
	partitioner.class = null
	partitioner.ignore.keys = false
	receive.buffer.bytes = 32768
	reconnect.backoff.max.ms = 1000
	reconnect.backoff.ms = 50
	request.timeout.ms = 5000
	retries = 2147483647
	retry.backoff.max.ms = 1000
	retry.backoff.ms = 100
	sasl.client.callback.handler.class = null
	sasl.jaas.config = null
	sasl.kerberos.kinit.cmd = /usr/bin/kinit
	sasl.kerberos.min.time.before.relogin = 60000
	sasl.kerberos.service.name = null
	sasl.kerberos.ticket.renew.jitter = 0.05
	sasl.kerberos.ticket.renew.window.factor = 0.8
	sasl.login.callback.handler.class = null
	sasl.login.class = null
	sasl.login.connect.timeout.ms = null
	sasl.login.read.timeout.ms = null
	sasl.login.refresh.buffer.seconds = 300
	sasl.login.refresh.min.period.seconds = 60
	sasl.login.refresh.window.factor = 0.8
	sasl.login.refresh.window.jitter = 0.05
	sasl.login.retry.backoff.max.ms = 10000
	sasl.login.retry.backoff.ms = 100
	sasl.mechanism = GSSAPI
	sasl.oauthbearer.clock.skew.seconds = 30
	sasl.oauthbearer.expected.audience = null
	sasl.oauthbearer.expected.issuer = null
	sasl.oauthbearer.header.urlencode = false
	sasl.oauthbearer.jwks.endpoint.refresh.ms = 3600000
	sasl.oauthbearer.jwks.endpoint.retry.backoff.max.ms = 10000
	sasl.oauthbearer.jwks.endpoint.retry.backoff.ms = 100
	sasl.oauthbearer.jwks.endpoint.url = null
	sasl.oauthbearer.scope.claim.name = scope
	sasl.oauthbearer.sub.claim.name = sub
	sasl.oauthbearer.token.endpoint.url = null
	security.protocol = PLAINTEXT
	security.providers = null
	send.buffer.bytes = 131072
	socket.connection.setup.timeout.max.ms = 30000
	socket.connection.setup.timeout.ms = 10000
	ssl.cipher.suites = null
	ssl.enabled.protocols = [TLSv1.2, TLSv1.3]
	ssl.endpoint.identification.algorithm = https
	ssl.engine.factory.class = null
	ssl.key.password = null
	ssl.keymanager.algorithm = SunX509
	ssl.keystore.certificate.chain = null
	ssl.keystore.key = null
	ssl.keystore.location = null
	ssl.keystore.password = null
	ssl.keystore.type = JKS
	ssl.protocol = TLSv1.3
	ssl.provider = null
	ssl.secure.random.implementation = null
	ssl.trustmanager.algorithm = PKIX
	ssl.truststore.certificates = null
	ssl.truststore.location = null
	ssl.truststore.password = null
	ssl.truststore.type = JKS
	transaction.timeout.ms = 60000
	transactional.id = null
	value.serializer = class io.apicurio.registry.serde.avro.AvroKafkaSerializer

2025-08-06 15:36:20,738 INFO  [org.apa.kaf.com.tel.int.KafkaMetricsCollector] (main) initializing Kafka metrics collector
2025-08-06 15:36:20,741 INFO  [org.apa.kaf.cli.pro.KafkaProducer] (main) [Producer clientId=Producer-topic-5f51c291_6648_4403_8b70_5ed02dee1252] Instantiated an idempotent producer.
2025-08-06 15:36:20,743 INFO  [org.apa.kaf.cli.pro.ProducerConfig] (main) These configurations '[apicurio.registry.url, apicurio.registry.artifact-resolver-strategy]' were supplied but are not used yet.
2025-08-06 15:36:20,744 INFO  [org.apa.kaf.com.uti.AppInfoParser] (main) Kafka version: 3.9.1
2025-08-06 15:36:20,745 INFO  [org.apa.kaf.com.uti.AppInfoParser] (main) Kafka commitId: f745dfdcee2b9851
2025-08-06 15:36:20,745 INFO  [org.apa.kaf.com.uti.AppInfoParser] (main) Kafka startTimeMs: 1754494580744
2025-08-06 15:36:20,745 INFO  [io.api.tes.ser.api.KafkaSerdesTester] (Thread-738) Sending message {"keyB": "value-0"} to topic topic-5f51c291_6648_4403_8b70_5ed02dee1252
2025-08-06 15:36:20,749 INFO  [org.apa.kaf.cli.Metadata] (kafka-producer-network-thread | Producer-topic-5f51c291_6648_4403_8b70_5ed02dee1252) [Producer clientId=Producer-topic-5f51c291_6648_4403_8b70_5ed02dee1252] Cluster ID: XZ--LfAaTaS_n5V5dfJ0ng
2025-08-06 15:36:20,750 INFO  [org.apa.kaf.cli.pro.int.TransactionManager] (kafka-producer-network-thread | Producer-topic-5f51c291_6648_4403_8b70_5ed02dee1252) [Producer clientId=Producer-topic-5f51c291_6648_4403_8b70_5ed02dee1252] ProducerId set to 24 with epoch 0
2025-08-06 15:36:20,750 INFO  [DefaultSchemaResolver] (Thread-738) Retrieving schema content using string: {"type":"record","name":"sc1a039a5x713ex4720x8caexb1e9562df769","namespace":"s1845971dx7782x4c19xa320x756ae34de66a","fields":[{"name":"keyB","type":"string"}]}
2025-08-06 15:36:20,869 INFO  [org.apa.kaf.cli.pro.KafkaProducer] (Thread-738) [Producer clientId=Producer-topic-5f51c291_6648_4403_8b70_5ed02dee1252] Closing the Kafka producer with timeoutMillis = 9223372036854775807 ms.
2025-08-06 15:36:20,871 INFO  [org.apa.kaf.com.met.Metrics] (Thread-738) Metrics scheduler closed
2025-08-06 15:36:20,871 INFO  [org.apa.kaf.com.met.Metrics] (Thread-738) Closing reporter org.apache.kafka.common.metrics.JmxReporter
2025-08-06 15:36:20,871 INFO  [org.apa.kaf.com.met.Metrics] (Thread-738) Closing reporter org.apache.kafka.common.telemetry.internals.ClientTelemetryReporter
2025-08-06 15:36:20,871 INFO  [org.apa.kaf.com.met.Metrics] (Thread-738) Metrics reporters closed
2025-08-06 15:36:20,871 INFO  [org.apa.kaf.com.uti.AppInfoParser] (Thread-738) App info kafka.producer for Producer-topic-5f51c291_6648_4403_8b70_5ed02dee1252 unregistered
2025-08-06 15:36:20,872 INFO  [io.api.tes.uti.TestSeparator] (main) io.apicurio.tests.serdes.apicurio.AvroSerdeIT.testAvroSerDesFailDifferentSchemaByContent-FINISHED
2025-08-06 15:36:20,873 INFO  [io.api.tes.uti.TestSeparator] (main) ############################################################################
Test passed: testAvroSerDesFailDifferentSchemaByContent
]]></system-out>
    <system-err><![CDATA[java.lang.RuntimeException: Could not resolve artifact reference by content: {"type":"record","name":"sc1a039a5x713ex4720x8caexb1e9562df769","namespace":"s1845971dx7782x4c19xa320x756ae34de66a","fields":[{"name":"keyB","type":"string"}]}&ArtifactReference [groupId=s1845971dx7782x4c19xa320x756ae34de66a, artifactId=sc1a039a5x713ex4720x8caexb1e9562df769, version=null, globalId=null, contentId=null, contentHash=null]
	at io.apicurio.registry.resolver.DefaultSchemaResolver.lambda$handleResolveSchemaByContent$3(DefaultSchemaResolver.java:265)
	at io.apicurio.registry.resolver.cache.ERCache.lambda$getValue$0(ERCache.java:174)
	at io.apicurio.registry.resolver.cache.ERCache.retry(ERCache.java:227)
	at io.apicurio.registry.resolver.cache.ERCache.getValue(ERCache.java:173)
	at io.apicurio.registry.resolver.cache.ERCache.getByContent(ERCache.java:147)
	at io.apicurio.registry.resolver.DefaultSchemaResolver.handleResolveSchemaByContent(DefaultSchemaResolver.java:253)
	at io.apicurio.registry.resolver.DefaultSchemaResolver.getSchemaFromRegistry(DefaultSchemaResolver.java:138)
	at io.apicurio.registry.resolver.DefaultSchemaResolver.lambda$resolveSchema$0(DefaultSchemaResolver.java:84)
	at java.base/java.util.Optional.orElseGet(Optional.java:364)
	at io.apicurio.registry.resolver.DefaultSchemaResolver.resolveSchema(DefaultSchemaResolver.java:84)
	at io.apicurio.registry.serde.AbstractSerializer.serializeData(AbstractSerializer.java:62)
	at io.apicurio.registry.serde.KafkaSerializer.serialize(KafkaSerializer.java:77)
	at org.apache.kafka.clients.producer.KafkaProducer.doSend(KafkaProducer.java:1046)
	at org.apache.kafka.clients.producer.KafkaProducer.send(KafkaProducer.java:993)
	at org.apache.kafka.clients.producer.KafkaProducer.send(KafkaProducer.java:875)
	at io.apicurio.tests.serdes.apicurio.KafkaSerdesTester.lambda$produceMessages$3(KafkaSerdesTester.java:138)
	at java.base/java.util.concurrent.CompletableFuture$AsyncSupply.run(CompletableFuture.java:1768)
	at java.base/java.lang.Thread.run(Thread.java:840)
]]></system-err>
  </testcase>
  <testcase name="testGlobalIdInBody" classname="io.apicurio.tests.serdes.apicurio.AvroSerdeIT" time="4.019">
    <system-out><![CDATA[2025-08-06 15:36:20,874 INFO  [io.api.tes.uti.TestSeparator] (main) ############################################################################
2025-08-06 15:36:20,874 INFO  [io.api.tes.uti.TestSeparator] (main) io.apicurio.tests.serdes.apicurio.AvroSerdeIT.testGlobalIdInBody-STARTED
**** Registry Base URL: http://registry-app-inmemory.apps.ci419.apicurio-testing.org:80
2025-08-06 15:36:20,879 INFO  [org.apa.kaf.cli.pro.ProducerConfig] (main) ProducerConfig values: 
	acks = -1
	auto.include.jmx.reporter = true
	batch.size = 16384
	bootstrap.servers = [PLAINTEXT://localhost:32769]
	buffer.memory = 33554432
	client.dns.lookup = use_all_dns_ips
	client.id = Producer-topic-8208857a_006e_479e_ab05_ad2e7a74e742
	compression.gzip.level = -1
	compression.lz4.level = 9
	compression.type = none
	compression.zstd.level = 3
	connections.max.idle.ms = 10000
	delivery.timeout.ms = 120000
	enable.idempotence = true
	enable.metrics.push = true
	interceptor.classes = []
	key.serializer = class org.apache.kafka.common.serialization.StringSerializer
	linger.ms = 0
	max.block.ms = 60000
	max.in.flight.requests.per.connection = 5
	max.request.size = 1048576
	metadata.max.age.ms = 300000
	metadata.max.idle.ms = 300000
	metadata.recovery.strategy = none
	metric.reporters = []
	metrics.num.samples = 2
	metrics.recording.level = INFO
	metrics.sample.window.ms = 30000
	partitioner.adaptive.partitioning.enable = true
	partitioner.availability.timeout.ms = 0
	partitioner.class = null
	partitioner.ignore.keys = false
	receive.buffer.bytes = 32768
	reconnect.backoff.max.ms = 1000
	reconnect.backoff.ms = 50
	request.timeout.ms = 5000
	retries = 2147483647
	retry.backoff.max.ms = 1000
	retry.backoff.ms = 100
	sasl.client.callback.handler.class = null
	sasl.jaas.config = null
	sasl.kerberos.kinit.cmd = /usr/bin/kinit
	sasl.kerberos.min.time.before.relogin = 60000
	sasl.kerberos.service.name = null
	sasl.kerberos.ticket.renew.jitter = 0.05
	sasl.kerberos.ticket.renew.window.factor = 0.8
	sasl.login.callback.handler.class = null
	sasl.login.class = null
	sasl.login.connect.timeout.ms = null
	sasl.login.read.timeout.ms = null
	sasl.login.refresh.buffer.seconds = 300
	sasl.login.refresh.min.period.seconds = 60
	sasl.login.refresh.window.factor = 0.8
	sasl.login.refresh.window.jitter = 0.05
	sasl.login.retry.backoff.max.ms = 10000
	sasl.login.retry.backoff.ms = 100
	sasl.mechanism = GSSAPI
	sasl.oauthbearer.clock.skew.seconds = 30
	sasl.oauthbearer.expected.audience = null
	sasl.oauthbearer.expected.issuer = null
	sasl.oauthbearer.header.urlencode = false
	sasl.oauthbearer.jwks.endpoint.refresh.ms = 3600000
	sasl.oauthbearer.jwks.endpoint.retry.backoff.max.ms = 10000
	sasl.oauthbearer.jwks.endpoint.retry.backoff.ms = 100
	sasl.oauthbearer.jwks.endpoint.url = null
	sasl.oauthbearer.scope.claim.name = scope
	sasl.oauthbearer.sub.claim.name = sub
	sasl.oauthbearer.token.endpoint.url = null
	security.protocol = PLAINTEXT
	security.providers = null
	send.buffer.bytes = 131072
	socket.connection.setup.timeout.max.ms = 30000
	socket.connection.setup.timeout.ms = 10000
	ssl.cipher.suites = null
	ssl.enabled.protocols = [TLSv1.2, TLSv1.3]
	ssl.endpoint.identification.algorithm = https
	ssl.engine.factory.class = null
	ssl.key.password = null
	ssl.keymanager.algorithm = SunX509
	ssl.keystore.certificate.chain = null
	ssl.keystore.key = null
	ssl.keystore.location = null
	ssl.keystore.password = null
	ssl.keystore.type = JKS
	ssl.protocol = TLSv1.3
	ssl.provider = null
	ssl.secure.random.implementation = null
	ssl.trustmanager.algorithm = PKIX
	ssl.truststore.certificates = null
	ssl.truststore.location = null
	ssl.truststore.password = null
	ssl.truststore.type = JKS
	transaction.timeout.ms = 60000
	transactional.id = null
	value.serializer = class io.apicurio.registry.serde.avro.AvroKafkaSerializer

2025-08-06 15:36:20,880 INFO  [org.apa.kaf.com.tel.int.KafkaMetricsCollector] (main) initializing Kafka metrics collector
2025-08-06 15:36:20,885 INFO  [org.apa.kaf.cli.pro.KafkaProducer] (main) [Producer clientId=Producer-topic-8208857a_006e_479e_ab05_ad2e7a74e742] Instantiated an idempotent producer.
2025-08-06 15:36:20,887 INFO  [org.apa.kaf.cli.pro.ProducerConfig] (main) These configurations '[apicurio.registry.url, apicurio.registry.auto-register, apicurio.registry.use-id, apicurio.registry.artifact-resolver-strategy]' were supplied but are not used yet.
2025-08-06 15:36:20,887 INFO  [org.apa.kaf.com.uti.AppInfoParser] (main) Kafka version: 3.9.1
2025-08-06 15:36:20,887 INFO  [org.apa.kaf.com.uti.AppInfoParser] (main) Kafka commitId: f745dfdcee2b9851
2025-08-06 15:36:20,887 INFO  [org.apa.kaf.com.uti.AppInfoParser] (main) Kafka startTimeMs: 1754494580887
2025-08-06 15:36:20,887 INFO  [io.api.tes.ser.api.SimpleSerdesTesterBuilder$SimpleSerdesTester] (main) Using producer configuration: {apicurio.registry.url=http://registry-app-inmemory.apps.ci419.apicurio-testing.org:80/apis/registry/v3, apicurio.registry.auto-register=true, apicurio.registry.use-id=globalId, apicurio.registry.artifact-resolver-strategy=io.apicurio.registry.serde.strategy.TopicIdStrategy, value.serializer=io.apicurio.registry.serde.avro.AvroKafkaSerializer, request.timeout.ms=5000, acks=all, bootstrap.servers=PLAINTEXT://localhost:32769, connections.max.idle.ms=10000, key.serializer=org.apache.kafka.common.serialization.StringSerializer, client.id=Producer-topic-8208857a_006e_479e_ab05_ad2e7a74e742}
2025-08-06 15:36:20,887 INFO  [io.api.tes.ser.api.SimpleSerdesTesterBuilder$SimpleSerdesTester] (main) Using consumer configuration: {apicurio.registry.use-id=globalId}
2025-08-06 15:36:20,889 INFO  [io.api.tes.ser.api.KafkaSerdesTester] (Thread-741) Sending message {"key11754494580875": "value-0"} to topic topic-8208857a_006e_479e_ab05_ad2e7a74e742
2025-08-06 15:36:20,892 WARN  [org.apa.kaf.cli.NetworkClient] (kafka-producer-network-thread | Producer-topic-8208857a_006e_479e_ab05_ad2e7a74e742) [Producer clientId=Producer-topic-8208857a_006e_479e_ab05_ad2e7a74e742] The metadata response from the cluster reported a recoverable issue with correlation id 1 : {topic-8208857a_006e_479e_ab05_ad2e7a74e742=UNKNOWN_TOPIC_OR_PARTITION}
2025-08-06 15:36:20,893 INFO  [org.apa.kaf.cli.Metadata] (kafka-producer-network-thread | Producer-topic-8208857a_006e_479e_ab05_ad2e7a74e742) [Producer clientId=Producer-topic-8208857a_006e_479e_ab05_ad2e7a74e742] Cluster ID: XZ--LfAaTaS_n5V5dfJ0ng
2025-08-06 15:36:20,893 INFO  [org.apa.kaf.cli.pro.int.TransactionManager] (kafka-producer-network-thread | Producer-topic-8208857a_006e_479e_ab05_ad2e7a74e742) [Producer clientId=Producer-topic-8208857a_006e_479e_ab05_ad2e7a74e742] ProducerId set to 25 with epoch 0
2025-08-06 15:36:21,102 INFO  [io.api.tes.ser.api.KafkaSerdesTester] (Thread-741) Sending message {"key11754494580875": "value-1"} to topic topic-8208857a_006e_479e_ab05_ad2e7a74e742
2025-08-06 15:36:21,103 INFO  [io.api.tes.ser.api.KafkaSerdesTester] (Thread-741) Sending message {"key11754494580875": "value-2"} to topic topic-8208857a_006e_479e_ab05_ad2e7a74e742
2025-08-06 15:36:21,104 INFO  [io.api.tes.ser.api.KafkaSerdesTester] (Thread-741) Sending message {"key11754494580875": "value-3"} to topic topic-8208857a_006e_479e_ab05_ad2e7a74e742
2025-08-06 15:36:21,106 INFO  [io.api.tes.ser.api.KafkaSerdesTester] (Thread-741) Sending message {"key11754494580875": "value-4"} to topic topic-8208857a_006e_479e_ab05_ad2e7a74e742
2025-08-06 15:36:21,107 INFO  [io.api.tes.ser.api.KafkaSerdesTester] (Thread-741) Sending message {"key11754494580875": "value-5"} to topic topic-8208857a_006e_479e_ab05_ad2e7a74e742
2025-08-06 15:36:21,110 INFO  [io.api.tes.ser.api.KafkaSerdesTester] (Thread-741) Sending message {"key11754494580875": "value-6"} to topic topic-8208857a_006e_479e_ab05_ad2e7a74e742
2025-08-06 15:36:21,113 INFO  [io.api.tes.ser.api.KafkaSerdesTester] (Thread-741) Sending message {"key11754494580875": "value-7"} to topic topic-8208857a_006e_479e_ab05_ad2e7a74e742
2025-08-06 15:36:21,115 INFO  [io.api.tes.ser.api.KafkaSerdesTester] (Thread-741) Sending message {"key11754494580875": "value-8"} to topic topic-8208857a_006e_479e_ab05_ad2e7a74e742
2025-08-06 15:36:21,116 INFO  [io.api.tes.ser.api.KafkaSerdesTester] (Thread-741) Sending message {"key11754494580875": "value-9"} to topic topic-8208857a_006e_479e_ab05_ad2e7a74e742
2025-08-06 15:36:21,119 INFO  [io.api.tes.ser.api.KafkaSerdesTester] (Thread-741) Produced 10 messages
2025-08-06 15:36:21,119 INFO  [org.apa.kaf.cli.pro.KafkaProducer] (Thread-741) [Producer clientId=Producer-topic-8208857a_006e_479e_ab05_ad2e7a74e742] Closing the Kafka producer with timeoutMillis = 9223372036854775807 ms.
2025-08-06 15:36:21,121 INFO  [org.apa.kaf.com.met.Metrics] (Thread-741) Metrics scheduler closed
2025-08-06 15:36:21,121 INFO  [org.apa.kaf.com.met.Metrics] (Thread-741) Closing reporter org.apache.kafka.common.metrics.JmxReporter
2025-08-06 15:36:21,121 INFO  [org.apa.kaf.com.met.Metrics] (Thread-741) Closing reporter org.apache.kafka.common.telemetry.internals.ClientTelemetryReporter
2025-08-06 15:36:21,121 INFO  [org.apa.kaf.com.met.Metrics] (Thread-741) Metrics reporters closed
2025-08-06 15:36:21,122 INFO  [org.apa.kaf.com.uti.AppInfoParser] (Thread-741) App info kafka.producer for Producer-topic-8208857a_006e_479e_ab05_ad2e7a74e742 unregistered
**** Registry Base URL: http://registry-app-inmemory.apps.ci419.apicurio-testing.org:80
2025-08-06 15:36:21,221 INFO  [org.apa.kaf.cli.con.ConsumerConfig] (main) ConsumerConfig values: 
	allow.auto.create.topics = true
	auto.commit.interval.ms = 500
	auto.include.jmx.reporter = true
	auto.offset.reset = earliest
	bootstrap.servers = [PLAINTEXT://localhost:32769]
	check.crcs = true
	client.dns.lookup = use_all_dns_ips
	client.id = consumer-Consumer-topic-8208857a_006e_479e_ab05_ad2e7a74e742-18
	client.rack = 
	connections.max.idle.ms = 10000
	default.api.timeout.ms = 60000
	enable.auto.commit = true
	enable.metrics.push = true
	exclude.internal.topics = true
	fetch.max.bytes = 52428800
	fetch.max.wait.ms = 500
	fetch.min.bytes = 1
	group.id = Consumer-topic-8208857a_006e_479e_ab05_ad2e7a74e742
	group.instance.id = null
	group.protocol = classic
	group.remote.assignor = null
	heartbeat.interval.ms = 3000
	interceptor.classes = []
	internal.leave.group.on.close = true
	internal.throw.on.fetch.stable.offset.unsupported = false
	isolation.level = read_uncommitted
	key.deserializer = class org.apache.kafka.common.serialization.StringDeserializer
	max.partition.fetch.bytes = 1048576
	max.poll.interval.ms = 300000
	max.poll.records = 500
	metadata.max.age.ms = 300000
	metadata.recovery.strategy = none
	metric.reporters = []
	metrics.num.samples = 2
	metrics.recording.level = INFO
	metrics.sample.window.ms = 30000
	partition.assignment.strategy = [class org.apache.kafka.clients.consumer.RangeAssignor, class org.apache.kafka.clients.consumer.CooperativeStickyAssignor]
	receive.buffer.bytes = 65536
	reconnect.backoff.max.ms = 1000
	reconnect.backoff.ms = 50
	request.timeout.ms = 5000
	retry.backoff.max.ms = 1000
	retry.backoff.ms = 100
	sasl.client.callback.handler.class = null
	sasl.jaas.config = null
	sasl.kerberos.kinit.cmd = /usr/bin/kinit
	sasl.kerberos.min.time.before.relogin = 60000
	sasl.kerberos.service.name = null
	sasl.kerberos.ticket.renew.jitter = 0.05
	sasl.kerberos.ticket.renew.window.factor = 0.8
	sasl.login.callback.handler.class = null
	sasl.login.class = null
	sasl.login.connect.timeout.ms = null
	sasl.login.read.timeout.ms = null
	sasl.login.refresh.buffer.seconds = 300
	sasl.login.refresh.min.period.seconds = 60
	sasl.login.refresh.window.factor = 0.8
	sasl.login.refresh.window.jitter = 0.05
	sasl.login.retry.backoff.max.ms = 10000
	sasl.login.retry.backoff.ms = 100
	sasl.mechanism = GSSAPI
	sasl.oauthbearer.clock.skew.seconds = 30
	sasl.oauthbearer.expected.audience = null
	sasl.oauthbearer.expected.issuer = null
	sasl.oauthbearer.header.urlencode = false
	sasl.oauthbearer.jwks.endpoint.refresh.ms = 3600000
	sasl.oauthbearer.jwks.endpoint.retry.backoff.max.ms = 10000
	sasl.oauthbearer.jwks.endpoint.retry.backoff.ms = 100
	sasl.oauthbearer.jwks.endpoint.url = null
	sasl.oauthbearer.scope.claim.name = scope
	sasl.oauthbearer.sub.claim.name = sub
	sasl.oauthbearer.token.endpoint.url = null
	security.protocol = PLAINTEXT
	security.providers = null
	send.buffer.bytes = 131072
	session.timeout.ms = 45000
	socket.connection.setup.timeout.max.ms = 30000
	socket.connection.setup.timeout.ms = 10000
	ssl.cipher.suites = null
	ssl.enabled.protocols = [TLSv1.2, TLSv1.3]
	ssl.endpoint.identification.algorithm = https
	ssl.engine.factory.class = null
	ssl.key.password = null
	ssl.keymanager.algorithm = SunX509
	ssl.keystore.certificate.chain = null
	ssl.keystore.key = null
	ssl.keystore.location = null
	ssl.keystore.password = null
	ssl.keystore.type = JKS
	ssl.protocol = TLSv1.3
	ssl.provider = null
	ssl.secure.random.implementation = null
	ssl.trustmanager.algorithm = PKIX
	ssl.truststore.certificates = null
	ssl.truststore.location = null
	ssl.truststore.password = null
	ssl.truststore.type = JKS
	value.deserializer = class io.apicurio.registry.serde.avro.AvroKafkaDeserializer

2025-08-06 15:36:21,221 INFO  [org.apa.kaf.com.tel.int.KafkaMetricsCollector] (main) initializing Kafka metrics collector
2025-08-06 15:36:21,225 INFO  [org.apa.kaf.cli.con.ConsumerConfig] (main) These configurations '[apicurio.registry.url, apicurio.registry.use-id]' were supplied but are not used yet.
2025-08-06 15:36:21,225 INFO  [org.apa.kaf.com.uti.AppInfoParser] (main) Kafka version: 3.9.1
2025-08-06 15:36:21,225 INFO  [org.apa.kaf.com.uti.AppInfoParser] (main) Kafka commitId: f745dfdcee2b9851
2025-08-06 15:36:21,225 INFO  [org.apa.kaf.com.uti.AppInfoParser] (main) Kafka startTimeMs: 1754494581225
2025-08-06 15:36:21,226 INFO  [org.apa.kaf.cli.con.int.ClassicKafkaConsumer] (Thread-744) [Consumer clientId=consumer-Consumer-topic-8208857a_006e_479e_ab05_ad2e7a74e742-18, groupId=Consumer-topic-8208857a_006e_479e_ab05_ad2e7a74e742] Subscribed to topic(s): topic-8208857a_006e_479e_ab05_ad2e7a74e742
2025-08-06 15:36:21,230 INFO  [org.apa.kaf.cli.Metadata] (Thread-744) [Consumer clientId=consumer-Consumer-topic-8208857a_006e_479e_ab05_ad2e7a74e742-18, groupId=Consumer-topic-8208857a_006e_479e_ab05_ad2e7a74e742] Cluster ID: XZ--LfAaTaS_n5V5dfJ0ng
2025-08-06 15:36:21,231 INFO  [org.apa.kaf.cli.con.int.ConsumerCoordinator] (Thread-744) [Consumer clientId=consumer-Consumer-topic-8208857a_006e_479e_ab05_ad2e7a74e742-18, groupId=Consumer-topic-8208857a_006e_479e_ab05_ad2e7a74e742] Discovered group coordinator localhost:32769 (id: 2147483647 rack: null)
2025-08-06 15:36:21,233 INFO  [org.apa.kaf.cli.con.int.ConsumerCoordinator] (Thread-744) [Consumer clientId=consumer-Consumer-topic-8208857a_006e_479e_ab05_ad2e7a74e742-18, groupId=Consumer-topic-8208857a_006e_479e_ab05_ad2e7a74e742] (Re-)joining group
2025-08-06 15:36:21,234 INFO  [org.apa.kaf.cli.con.int.ConsumerCoordinator] (Thread-744) [Consumer clientId=consumer-Consumer-topic-8208857a_006e_479e_ab05_ad2e7a74e742-18, groupId=Consumer-topic-8208857a_006e_479e_ab05_ad2e7a74e742] Request joining group due to: need to re-join with the given member-id: consumer-Consumer-topic-8208857a_006e_479e_ab05_ad2e7a74e742-18-09b661b0-f16f-4a4c-9e49-318316bd526e
2025-08-06 15:36:21,234 INFO  [org.apa.kaf.cli.con.int.ConsumerCoordinator] (Thread-744) [Consumer clientId=consumer-Consumer-topic-8208857a_006e_479e_ab05_ad2e7a74e742-18, groupId=Consumer-topic-8208857a_006e_479e_ab05_ad2e7a74e742] (Re-)joining group
2025-08-06 15:36:22,226 INFO  [io.api.tes.ser.api.KafkaSerdesTester] (Thread-744) None found
2025-08-06 15:36:23,227 INFO  [io.api.tes.ser.api.KafkaSerdesTester] (Thread-744) None found
2025-08-06 15:36:24,227 INFO  [io.api.tes.ser.api.KafkaSerdesTester] (Thread-744) None found
2025-08-06 15:36:24,235 INFO  [org.apa.kaf.cli.con.int.ConsumerCoordinator] (Thread-744) [Consumer clientId=consumer-Consumer-topic-8208857a_006e_479e_ab05_ad2e7a74e742-18, groupId=Consumer-topic-8208857a_006e_479e_ab05_ad2e7a74e742] Successfully joined group with generation Generation{generationId=1, memberId='consumer-Consumer-topic-8208857a_006e_479e_ab05_ad2e7a74e742-18-09b661b0-f16f-4a4c-9e49-318316bd526e', protocol='range'}
2025-08-06 15:36:24,236 INFO  [org.apa.kaf.cli.con.int.ConsumerCoordinator] (Thread-744) [Consumer clientId=consumer-Consumer-topic-8208857a_006e_479e_ab05_ad2e7a74e742-18, groupId=Consumer-topic-8208857a_006e_479e_ab05_ad2e7a74e742] Finished assignment for group at generation 1: {consumer-Consumer-topic-8208857a_006e_479e_ab05_ad2e7a74e742-18-09b661b0-f16f-4a4c-9e49-318316bd526e=Assignment(partitions=[topic-8208857a_006e_479e_ab05_ad2e7a74e742-0])}
2025-08-06 15:36:24,242 INFO  [org.apa.kaf.cli.con.int.ConsumerCoordinator] (Thread-744) [Consumer clientId=consumer-Consumer-topic-8208857a_006e_479e_ab05_ad2e7a74e742-18, groupId=Consumer-topic-8208857a_006e_479e_ab05_ad2e7a74e742] Successfully synced group in generation Generation{generationId=1, memberId='consumer-Consumer-topic-8208857a_006e_479e_ab05_ad2e7a74e742-18-09b661b0-f16f-4a4c-9e49-318316bd526e', protocol='range'}
2025-08-06 15:36:24,242 INFO  [org.apa.kaf.cli.con.int.ConsumerCoordinator] (Thread-744) [Consumer clientId=consumer-Consumer-topic-8208857a_006e_479e_ab05_ad2e7a74e742-18, groupId=Consumer-topic-8208857a_006e_479e_ab05_ad2e7a74e742] Notifying assignor about the new Assignment(partitions=[topic-8208857a_006e_479e_ab05_ad2e7a74e742-0])
2025-08-06 15:36:24,242 INFO  [org.apa.kaf.cli.con.int.ConsumerRebalanceListenerInvoker] (Thread-744) [Consumer clientId=consumer-Consumer-topic-8208857a_006e_479e_ab05_ad2e7a74e742-18, groupId=Consumer-topic-8208857a_006e_479e_ab05_ad2e7a74e742] Adding newly assigned partitions: topic-8208857a_006e_479e_ab05_ad2e7a74e742-0
2025-08-06 15:36:24,243 INFO  [org.apa.kaf.cli.con.int.ConsumerCoordinator] (Thread-744) [Consumer clientId=consumer-Consumer-topic-8208857a_006e_479e_ab05_ad2e7a74e742-18, groupId=Consumer-topic-8208857a_006e_479e_ab05_ad2e7a74e742] Found no committed offset for partition topic-8208857a_006e_479e_ab05_ad2e7a74e742-0
2025-08-06 15:36:24,246 INFO  [org.apa.kaf.cli.con.int.SubscriptionState] (Thread-744) [Consumer clientId=consumer-Consumer-topic-8208857a_006e_479e_ab05_ad2e7a74e742-18, groupId=Consumer-topic-8208857a_006e_479e_ab05_ad2e7a74e742] Resetting offset for partition topic-8208857a_006e_479e_ab05_ad2e7a74e742-0 to position FetchPosition{offset=0, offsetEpoch=Optional.empty, currentLeader=LeaderAndEpoch{leader=Optional[localhost:32769 (id: 0 rack: null)], epoch=0}}.
2025-08-06 15:36:24,386 INFO  [io.api.tes.ser.api.KafkaSerdesTester] (Thread-744) topic-8208857a_006e_479e_ab05_ad2e7a74e742 0 0 {"key11754494580875": "value-0"}
2025-08-06 15:36:24,386 INFO  [io.api.tes.ser.api.KafkaSerdesTester] (Thread-744) topic-8208857a_006e_479e_ab05_ad2e7a74e742 0 1 {"key11754494580875": "value-1"}
2025-08-06 15:36:24,386 INFO  [io.api.tes.ser.api.KafkaSerdesTester] (Thread-744) topic-8208857a_006e_479e_ab05_ad2e7a74e742 0 2 {"key11754494580875": "value-2"}
2025-08-06 15:36:24,386 INFO  [io.api.tes.ser.api.KafkaSerdesTester] (Thread-744) topic-8208857a_006e_479e_ab05_ad2e7a74e742 0 3 {"key11754494580875": "value-3"}
2025-08-06 15:36:24,386 INFO  [io.api.tes.ser.api.KafkaSerdesTester] (Thread-744) topic-8208857a_006e_479e_ab05_ad2e7a74e742 0 4 {"key11754494580875": "value-4"}
2025-08-06 15:36:24,386 INFO  [io.api.tes.ser.api.KafkaSerdesTester] (Thread-744) topic-8208857a_006e_479e_ab05_ad2e7a74e742 0 5 {"key11754494580875": "value-5"}
2025-08-06 15:36:24,386 INFO  [io.api.tes.ser.api.KafkaSerdesTester] (Thread-744) topic-8208857a_006e_479e_ab05_ad2e7a74e742 0 6 {"key11754494580875": "value-6"}
2025-08-06 15:36:24,386 INFO  [io.api.tes.ser.api.KafkaSerdesTester] (Thread-744) topic-8208857a_006e_479e_ab05_ad2e7a74e742 0 7 {"key11754494580875": "value-7"}
2025-08-06 15:36:24,386 INFO  [io.api.tes.ser.api.KafkaSerdesTester] (Thread-744) topic-8208857a_006e_479e_ab05_ad2e7a74e742 0 8 {"key11754494580875": "value-8"}
2025-08-06 15:36:24,386 INFO  [io.api.tes.ser.api.KafkaSerdesTester] (Thread-744) topic-8208857a_006e_479e_ab05_ad2e7a74e742 0 9 {"key11754494580875": "value-9"}
2025-08-06 15:36:24,386 INFO  [io.api.tes.ser.api.KafkaSerdesTester] (Thread-744) Consumed 10 messages
2025-08-06 15:36:24,394 INFO  [org.apa.kaf.cli.con.int.ConsumerRebalanceListenerInvoker] (Thread-744) [Consumer clientId=consumer-Consumer-topic-8208857a_006e_479e_ab05_ad2e7a74e742-18, groupId=Consumer-topic-8208857a_006e_479e_ab05_ad2e7a74e742] Revoke previously assigned partitions topic-8208857a_006e_479e_ab05_ad2e7a74e742-0
2025-08-06 15:36:24,394 INFO  [org.apa.kaf.cli.con.int.ConsumerCoordinator] (Thread-744) [Consumer clientId=consumer-Consumer-topic-8208857a_006e_479e_ab05_ad2e7a74e742-18, groupId=Consumer-topic-8208857a_006e_479e_ab05_ad2e7a74e742] Member consumer-Consumer-topic-8208857a_006e_479e_ab05_ad2e7a74e742-18-09b661b0-f16f-4a4c-9e49-318316bd526e sending LeaveGroup request to coordinator localhost:32769 (id: 2147483647 rack: null) due to the consumer is being closed
2025-08-06 15:36:24,394 INFO  [org.apa.kaf.cli.con.int.ConsumerCoordinator] (Thread-744) [Consumer clientId=consumer-Consumer-topic-8208857a_006e_479e_ab05_ad2e7a74e742-18, groupId=Consumer-topic-8208857a_006e_479e_ab05_ad2e7a74e742] Resetting generation and member id due to: consumer pro-actively leaving the group
2025-08-06 15:36:24,394 INFO  [org.apa.kaf.cli.con.int.ConsumerCoordinator] (Thread-744) [Consumer clientId=consumer-Consumer-topic-8208857a_006e_479e_ab05_ad2e7a74e742-18, groupId=Consumer-topic-8208857a_006e_479e_ab05_ad2e7a74e742] Request joining group due to: consumer pro-actively leaving the group
2025-08-06 15:36:24,888 INFO  [org.apa.kaf.com.met.Metrics] (Thread-744) Metrics scheduler closed
2025-08-06 15:36:24,888 INFO  [org.apa.kaf.com.met.Metrics] (Thread-744) Closing reporter org.apache.kafka.common.metrics.JmxReporter
2025-08-06 15:36:24,888 INFO  [org.apa.kaf.com.met.Metrics] (Thread-744) Closing reporter org.apache.kafka.common.telemetry.internals.ClientTelemetryReporter
2025-08-06 15:36:24,888 INFO  [org.apa.kaf.com.met.Metrics] (Thread-744) Metrics reporters closed
2025-08-06 15:36:24,891 INFO  [org.apa.kaf.com.uti.AppInfoParser] (Thread-744) App info kafka.consumer for consumer-Consumer-topic-8208857a_006e_479e_ab05_ad2e7a74e742-18 unregistered
2025-08-06 15:36:24,892 INFO  [io.api.tes.uti.TestSeparator] (main) io.apicurio.tests.serdes.apicurio.AvroSerdeIT.testGlobalIdInBody-FINISHED
2025-08-06 15:36:24,892 INFO  [io.api.tes.uti.TestSeparator] (main) ############################################################################
Test passed: testGlobalIdInBody
]]></system-out>
  </testcase>
  <testcase name="testProducerUsesGlobalIdConsumerUsesDefault" classname="io.apicurio.tests.serdes.apicurio.AvroSerdeIT" time="0.0">
    <skipped message="void io.apicurio.tests.serdes.apicurio.AvroSerdeIT.testProducerUsesGlobalIdConsumerUsesDefault() throws java.lang.Exception is @Disabled"/>
  </testcase>
</testsuite>