<?xml version="1.0" encoding="UTF-8"?>
<testsuite xmlns:xsi="http://www.w3.org/2001/XMLSchema-instance" xsi:noNamespaceSchemaLocation="https://maven.apache.org/surefire/maven-failsafe-plugin/xsd/failsafe-test-report.xsd" version="3.0.2" name="io.apicurio.tests.serdes.apicurio.AvroSerdeIT" time="85.477" tests="21" errors="3" skipped="2" failures="0">
  <properties>
    <property name="java.specification.version" value="17"/>
    <property name="sun.jnu.encoding" value="UTF-8"/>
    <property name="java.class.path" value="/home/runner/work/apicurio-testing/apicurio-testing/clusters/ci419/namespaces/inmemory/tests/integration/apicurio-registry/integration-tests/target/test-classes:/home/runner/work/apicurio-testing/apicurio-testing/clusters/ci419/namespaces/inmemory/tests/integration/apicurio-registry/integration-tests/target/apicurio-registry-integration-tests-3.0.12-SNAPSHOT.jar:/home/runner/.m2/repository/io/quarkus/quarkus-junit5/3.20.2/quarkus-junit5-3.20.2.jar:/home/runner/.m2/repository/io/quarkus/quarkus-bootstrap-core/3.20.2/quarkus-bootstrap-core-3.20.2.jar:/home/runner/.m2/repository/io/quarkus/quarkus-classloader-commons/3.20.2/quarkus-classloader-commons-3.20.2.jar:/home/runner/.m2/repository/io/quarkus/quarkus-bootstrap-app-model/3.20.2/quarkus-bootstrap-app-model-3.20.2.jar:/home/runner/.m2/repository/io/smallrye/common/smallrye-common-io/2.12.0/smallrye-common-io-2.12.0.jar:/home/runner/.m2/repository/org/eclipse/sisu/org.eclipse.sisu.inject/0.9.0.M3/org.eclipse.sisu.inject-0.9.0.M3.jar:/home/runner/.m2/repository/io/quarkus/quarkus-test-common/3.20.2/quarkus-test-common-3.20.2.jar:/home/runner/.m2/repository/io/quarkus/quarkus-core-deployment/3.20.2/quarkus-core-deployment-3.20.2.jar:/home/runner/.m2/repository/org/aesh/readline/2.6/readline-2.6.jar:/home/runner/.m2/repository/org/fusesource/jansi/jansi/2.4.0/jansi-2.4.0.jar:/home/runner/.m2/repository/org/aesh/aesh/2.8.2/aesh-2.8.2.jar:/home/runner/.m2/repository/io/quarkus/gizmo/gizmo/1.8.0/gizmo-1.8.0.jar:/home/runner/.m2/repository/org/ow2/asm/asm-util/9.7.1/asm-util-9.7.1.jar:/home/runner/.m2/repository/org/ow2/asm/asm-analysis/9.7.1/asm-analysis-9.7.1.jar:/home/runner/.m2/repository/org/ow2/asm/asm-commons/9.7.1/asm-commons-9.7.1.jar:/home/runner/.m2/repository/org/ow2/asm/asm-tree/9.7.1/asm-tree-9.7.1.jar:/home/runner/.m2/repository/io/quarkus/quarkus-hibernate-validator-spi/3.20.2/quarkus-hibernate-validator-spi-3.20.2.jar:/home/runner/.m2/repository/io/quarkus/quarkus-class-change-agent/3.20.2/quarkus-class-change-agent-3.20.2.jar:/home/runner/.m2/repository/io/quarkus/quarkus-devtools-utilities/3.20.2/quarkus-devtools-utilities-3.20.2.jar:/home/runner/.m2/repository/io/quarkus/quarkus-builder/3.20.2/quarkus-builder-3.20.2.jar:/home/runner/.m2/repository/org/graalvm/sdk/nativeimage/23.1.2/nativeimage-23.1.2.jar:/home/runner/.m2/repository/org/graalvm/sdk/word/23.1.2/word-23.1.2.jar:/home/runner/.m2/repository/io/quarkus/quarkus-bootstrap-maven-resolver/3.20.2/quarkus-bootstrap-maven-resolver-3.20.2.jar:/home/runner/.m2/repository/io/smallrye/beanbag/smallrye-beanbag-maven/1.5.2/smallrye-beanbag-maven-1.5.2.jar:/home/runner/.m2/repository/io/smallrye/beanbag/smallrye-beanbag-sisu/1.5.2/smallrye-beanbag-sisu-1.5.2.jar:/home/runner/.m2/repository/io/smallrye/beanbag/smallrye-beanbag/1.5.2/smallrye-beanbag-1.5.2.jar:/home/runner/.m2/repository/javax/inject/javax.inject/1/javax.inject-1.jar:/home/runner/.m2/repository/org/apache/maven/maven-artifact/3.9.9/maven-artifact-3.9.9.jar:/home/runner/.m2/repository/org/apache/maven/maven-builder-support/3.9.9/maven-builder-support-3.9.9.jar:/home/runner/.m2/repository/org/apache/maven/maven-model/3.9.9/maven-model-3.9.9.jar:/home/runner/.m2/repository/org/apache/maven/maven-model-builder/3.9.9/maven-model-builder-3.9.9.jar:/home/runner/.m2/repository/org/apache/maven/maven-repository-metadata/3.9.9/maven-repository-metadata-3.9.9.jar:/home/runner/.m2/repository/org/apache/maven/maven-settings/3.9.9/maven-settings-3.9.9.jar:/home/runner/.m2/repository/org/apache/maven/resolver/maven-resolver-api/1.9.22/maven-resolver-api-1.9.22.jar:/home/runner/.m2/repository/org/apache/maven/resolver/maven-resolver-impl/1.9.22/maven-resolver-impl-1.9.22.jar:/home/runner/.m2/repository/org/apache/maven/resolver/maven-resolver-named-locks/1.9.22/maven-resolver-named-locks-1.9.22.jar:/home/runner/.m2/repository/org/apache/maven/resolver/maven-resolver-spi/1.9.22/maven-resolver-spi-1.9.22.jar:/home/runner/.m2/repository/org/apache/maven/resolver/maven-resolver-util/1.9.22/maven-resolver-util-1.9.22.jar:/home/runner/.m2/repository/org/apache/maven/resolver/maven-resolver-transport-http/1.9.20/maven-resolver-transport-http-1.9.20.jar:/home/runner/.m2/repository/org/apache/maven/wagon/wagon-provider-api/3.5.3/wagon-provider-api-3.5.3.jar:/home/runner/.m2/repository/org/apache/maven/wagon/wagon-http-shared/3.5.3/wagon-http-shared-3.5.3.jar:/home/runner/.m2/repository/org/codehaus/plexus/plexus-interpolation/1.26/plexus-interpolation-1.26.jar:/home/runner/.m2/repository/org/codehaus/plexus/plexus-utils/3.5.1/plexus-utils-3.5.1.jar:/home/runner/.m2/repository/org/codehaus/plexus/plexus-xml/4.0.1/plexus-xml-4.0.1.jar:/home/runner/.m2/repository/org/apache/maven/maven-xml-impl/4.0.0-alpha-5/maven-xml-impl-4.0.0-alpha-5.jar:/home/runner/.m2/repository/org/apache/maven/maven-api-xml/4.0.0-alpha-5/maven-api-xml-4.0.0-alpha-5.jar:/home/runner/.m2/repository/org/apache/maven/maven-api-meta/4.0.0-alpha-5/maven-api-meta-4.0.0-alpha-5.jar:/home/runner/.m2/repository/org/codehaus/plexus/plexus-cipher/2.0/plexus-cipher-2.0.jar:/home/runner/.m2/repository/org/codehaus/plexus/plexus-sec-dispatcher/2.0/plexus-sec-dispatcher-2.0.jar:/home/runner/.m2/repository/org/apache/maven/maven-embedder/3.9.9/maven-embedder-3.9.9.jar:/home/runner/.m2/repository/org/apache/maven/maven-core/3.9.9/maven-core-3.9.9.jar:/home/runner/.m2/repository/org/codehaus/plexus/plexus-component-annotations/2.1.0/plexus-component-annotations-2.1.0.jar:/home/runner/.m2/repository/org/apache/maven/maven-plugin-api/3.9.9/maven-plugin-api-3.9.9.jar:/home/runner/.m2/repository/org/apache/maven/shared/maven-shared-utils/3.4.2/maven-shared-utils-3.4.2.jar:/home/runner/.m2/repository/com/google/inject/guice/5.1.0/guice-5.1.0.jar:/home/runner/.m2/repository/aopalliance/aopalliance/1.0/aopalliance-1.0.jar:/home/runner/.m2/repository/org/codehaus/plexus/plexus-classworlds/2.6.0/plexus-classworlds-2.6.0.jar:/home/runner/.m2/repository/commons-cli/commons-cli/1.8.0/commons-cli-1.8.0.jar:/home/runner/.m2/repository/org/eclipse/sisu/org.eclipse.sisu.plexus/0.9.0.M3/org.eclipse.sisu.plexus-0.9.0.M3.jar:/home/runner/.m2/repository/org/apache/maven/maven-settings-builder/3.9.9/maven-settings-builder-3.9.9.jar:/home/runner/.m2/repository/org/apache/maven/maven-resolver-provider/3.9.9/maven-resolver-provider-3.9.9.jar:/home/runner/.m2/repository/org/apache/maven/resolver/maven-resolver-connector-basic/1.9.22/maven-resolver-connector-basic-1.9.22.jar:/home/runner/.m2/repository/org/apache/maven/resolver/maven-resolver-transport-wagon/1.9.22/maven-resolver-transport-wagon-1.9.22.jar:/home/runner/.m2/repository/org/apache/maven/wagon/wagon-http/3.5.3/wagon-http-3.5.3.jar:/home/runner/.m2/repository/org/apache/maven/wagon/wagon-file/3.5.3/wagon-file-3.5.3.jar:/home/runner/.m2/repository/io/quarkus/quarkus-bootstrap-gradle-resolver/3.20.2/quarkus-bootstrap-gradle-resolver-3.20.2.jar:/home/runner/.m2/repository/io/smallrye/jandex/3.3.0/jandex-3.3.0.jar:/home/runner/.m2/repository/org/jboss/logging/commons-logging-jboss-logging/1.0.0.Final/commons-logging-jboss-logging-1.0.0.Final.jar:/home/runner/.m2/repository/io/quarkus/quarkus-junit5-config/3.20.2/quarkus-junit5-config-3.20.2.jar:/home/runner/.m2/repository/org/junit/jupiter/junit-jupiter-api/5.12.1/junit-jupiter-api-5.12.1.jar:/home/runner/.m2/repository/io/smallrye/config/smallrye-config/3.11.4/smallrye-config-3.11.4.jar:/home/runner/.m2/repository/io/smallrye/config/smallrye-config-core/3.11.4/smallrye-config-core-3.11.4.jar:/home/runner/.m2/repository/io/smallrye/common/smallrye-common-classloader/2.12.0/smallrye-common-classloader-2.12.0.jar:/home/runner/.m2/repository/io/smallrye/config/smallrye-config-common/3.11.4/smallrye-config-common-3.11.4.jar:/home/runner/.m2/repository/org/junit/jupiter/junit-jupiter/5.12.1/junit-jupiter-5.12.1.jar:/home/runner/.m2/repository/org/junit/jupiter/junit-jupiter-params/5.12.1/junit-jupiter-params-5.12.1.jar:/home/runner/.m2/repository/org/junit/jupiter/junit-jupiter-engine/5.12.1/junit-jupiter-engine-5.12.1.jar:/home/runner/.m2/repository/io/quarkus/quarkus-core/3.20.2/quarkus-core-3.20.2.jar:/home/runner/.m2/repository/jakarta/enterprise/jakarta.enterprise.cdi-api/4.1.0/jakarta.enterprise.cdi-api-4.1.0.jar:/home/runner/.m2/repository/jakarta/enterprise/jakarta.enterprise.lang-model/4.1.0/jakarta.enterprise.lang-model-4.1.0.jar:/home/runner/.m2/repository/jakarta/el/jakarta.el-api/5.0.1/jakarta.el-api-5.0.1.jar:/home/runner/.m2/repository/jakarta/interceptor/jakarta.interceptor-api/2.2.0/jakarta.interceptor-api-2.2.0.jar:/home/runner/.m2/repository/jakarta/inject/jakarta.inject-api/2.0.1/jakarta.inject-api-2.0.1.jar:/home/runner/.m2/repository/io/smallrye/common/smallrye-common-os/2.12.0/smallrye-common-os-2.12.0.jar:/home/runner/.m2/repository/io/quarkus/quarkus-ide-launcher/3.20.2/quarkus-ide-launcher-3.20.2.jar:/home/runner/.m2/repository/io/quarkus/quarkus-development-mode-spi/3.20.2/quarkus-development-mode-spi-3.20.2.jar:/home/runner/.m2/repository/org/jboss/logging/jboss-logging/3.6.1.Final/jboss-logging-3.6.1.Final.jar:/home/runner/.m2/repository/org/jboss/logmanager/jboss-logmanager/3.1.2.Final/jboss-logmanager-3.1.2.Final.jar:/home/runner/.m2/repository/io/smallrye/common/smallrye-common-constraint/2.12.0/smallrye-common-constraint-2.12.0.jar:/home/runner/.m2/repository/io/smallrye/common/smallrye-common-cpu/2.12.0/smallrye-common-cpu-2.12.0.jar:/home/runner/.m2/repository/io/smallrye/common/smallrye-common-expression/2.12.0/smallrye-common-expression-2.12.0.jar:/home/runner/.m2/repository/io/smallrye/common/smallrye-common-net/2.12.0/smallrye-common-net-2.12.0.jar:/home/runner/.m2/repository/io/smallrye/common/smallrye-common-ref/2.12.0/smallrye-common-ref-2.12.0.jar:/home/runner/.m2/repository/jakarta/json/jakarta.json-api/2.1.3/jakarta.json-api-2.1.3.jar:/home/runner/.m2/repository/org/eclipse/parsson/parsson/1.1.7/parsson-1.1.7.jar:/home/runner/.m2/repository/org/jboss/logging/jboss-logging-annotations/3.0.4.Final/jboss-logging-annotations-3.0.4.Final.jar:/home/runner/.m2/repository/org/jboss/threads/jboss-threads/3.8.0.Final/jboss-threads-3.8.0.Final.jar:/home/runner/.m2/repository/io/smallrye/common/smallrye-common-annotation/2.12.0/smallrye-common-annotation-2.12.0.jar:/home/runner/.m2/repository/io/smallrye/common/smallrye-common-function/2.12.0/smallrye-common-function-2.12.0.jar:/home/runner/.m2/repository/org/jboss/slf4j/slf4j-jboss-logmanager/2.0.0.Final/slf4j-jboss-logmanager-2.0.0.Final.jar:/home/runner/.m2/repository/org/wildfly/common/wildfly-common/2.0.1/wildfly-common-2.0.1.jar:/home/runner/.m2/repository/io/quarkus/quarkus-bootstrap-runner/3.20.2/quarkus-bootstrap-runner-3.20.2.jar:/home/runner/.m2/repository/io/github/crac/org-crac/0.1.3/org-crac-0.1.3.jar:/home/runner/.m2/repository/io/quarkus/quarkus-fs-util/0.0.10/quarkus-fs-util-0.0.10.jar:/home/runner/.m2/repository/org/jboss/marshalling/jboss-marshalling/2.2.2.Final/jboss-marshalling-2.2.2.Final.jar:/home/runner/.m2/repository/io/fabric8/kubernetes-client/7.1.0/kubernetes-client-7.1.0.jar:/home/runner/.m2/repository/io/fabric8/kubernetes-client-api/7.1.0/kubernetes-client-api-7.1.0.jar:/home/runner/.m2/repository/io/fabric8/kubernetes-model-core/7.1.0/kubernetes-model-core-7.1.0.jar:/home/runner/.m2/repository/io/fabric8/kubernetes-model-common/7.1.0/kubernetes-model-common-7.1.0.jar:/home/runner/.m2/repository/javax/annotation/javax.annotation-api/1.3.2/javax.annotation-api-1.3.2.jar:/home/runner/.m2/repository/io/fabric8/kubernetes-model-gatewayapi/7.1.0/kubernetes-model-gatewayapi-7.1.0.jar:/home/runner/.m2/repository/io/fabric8/kubernetes-model-resource/7.1.0/kubernetes-model-resource-7.1.0.jar:/home/runner/.m2/repository/io/fabric8/kubernetes-model-rbac/7.1.0/kubernetes-model-rbac-7.1.0.jar:/home/runner/.m2/repository/io/fabric8/kubernetes-model-admissionregistration/7.1.0/kubernetes-model-admissionregistration-7.1.0.jar:/home/runner/.m2/repository/io/fabric8/kubernetes-model-apps/7.1.0/kubernetes-model-apps-7.1.0.jar:/home/runner/.m2/repository/io/fabric8/kubernetes-model-autoscaling/7.1.0/kubernetes-model-autoscaling-7.1.0.jar:/home/runner/.m2/repository/io/fabric8/kubernetes-model-apiextensions/7.1.0/kubernetes-model-apiextensions-7.1.0.jar:/home/runner/.m2/repository/io/fabric8/kubernetes-model-batch/7.1.0/kubernetes-model-batch-7.1.0.jar:/home/runner/.m2/repository/io/fabric8/kubernetes-model-certificates/7.1.0/kubernetes-model-certificates-7.1.0.jar:/home/runner/.m2/repository/io/fabric8/kubernetes-model-coordination/7.1.0/kubernetes-model-coordination-7.1.0.jar:/home/runner/.m2/repository/io/fabric8/kubernetes-model-discovery/7.1.0/kubernetes-model-discovery-7.1.0.jar:/home/runner/.m2/repository/io/fabric8/kubernetes-model-events/7.1.0/kubernetes-model-events-7.1.0.jar:/home/runner/.m2/repository/io/fabric8/kubernetes-model-extensions/7.1.0/kubernetes-model-extensions-7.1.0.jar:/home/runner/.m2/repository/io/fabric8/kubernetes-model-flowcontrol/7.1.0/kubernetes-model-flowcontrol-7.1.0.jar:/home/runner/.m2/repository/io/fabric8/kubernetes-model-networking/7.1.0/kubernetes-model-networking-7.1.0.jar:/home/runner/.m2/repository/io/fabric8/kubernetes-model-metrics/7.1.0/kubernetes-model-metrics-7.1.0.jar:/home/runner/.m2/repository/io/fabric8/kubernetes-model-policy/7.1.0/kubernetes-model-policy-7.1.0.jar:/home/runner/.m2/repository/io/fabric8/kubernetes-model-scheduling/7.1.0/kubernetes-model-scheduling-7.1.0.jar:/home/runner/.m2/repository/io/fabric8/kubernetes-model-storageclass/7.1.0/kubernetes-model-storageclass-7.1.0.jar:/home/runner/.m2/repository/io/fabric8/kubernetes-model-node/7.1.0/kubernetes-model-node-7.1.0.jar:/home/runner/.m2/repository/org/snakeyaml/snakeyaml-engine/2.9/snakeyaml-engine-2.9.jar:/home/runner/.m2/repository/com/fasterxml/jackson/dataformat/jackson-dataformat-yaml/2.18.2/jackson-dataformat-yaml-2.18.2.jar:/home/runner/.m2/repository/com/fasterxml/jackson/datatype/jackson-datatype-jsr310/2.18.2/jackson-datatype-jsr310-2.18.2.jar:/home/runner/.m2/repository/io/fabric8/zjsonpatch/7.1.0/zjsonpatch-7.1.0.jar:/home/runner/.m2/repository/io/fabric8/kubernetes-httpclient-vertx/7.1.0/kubernetes-httpclient-vertx-7.1.0.jar:/home/runner/.m2/repository/io/vertx/vertx-web-client/4.5.16/vertx-web-client-4.5.16.jar:/home/runner/.m2/repository/io/vertx/vertx-web-common/4.5.16/vertx-web-common-4.5.16.jar:/home/runner/.m2/repository/io/vertx/vertx-auth-common/4.5.16/vertx-auth-common-4.5.16.jar:/home/runner/.m2/repository/io/vertx/vertx-uri-template/4.5.16/vertx-uri-template-4.5.16.jar:/home/runner/.m2/repository/io/fabric8/openshift-client/7.1.0/openshift-client-7.1.0.jar:/home/runner/.m2/repository/io/fabric8/openshift-client-api/7.1.0/openshift-client-api-7.1.0.jar:/home/runner/.m2/repository/io/fabric8/openshift-model/7.1.0/openshift-model-7.1.0.jar:/home/runner/.m2/repository/io/fabric8/openshift-model-autoscaling/7.1.0/openshift-model-autoscaling-7.1.0.jar:/home/runner/.m2/repository/io/fabric8/openshift-model-operator/7.1.0/openshift-model-operator-7.1.0.jar:/home/runner/.m2/repository/io/fabric8/openshift-model-operatorhub/7.1.0/openshift-model-operatorhub-7.1.0.jar:/home/runner/.m2/repository/io/fabric8/openshift-model-machine/7.1.0/openshift-model-machine-7.1.0.jar:/home/runner/.m2/repository/io/fabric8/openshift-model-whereabouts/7.1.0/openshift-model-whereabouts-7.1.0.jar:/home/runner/.m2/repository/io/fabric8/openshift-model-monitoring/7.1.0/openshift-model-monitoring-7.1.0.jar:/home/runner/.m2/repository/io/fabric8/openshift-model-storageversionmigrator/7.1.0/openshift-model-storageversionmigrator-7.1.0.jar:/home/runner/.m2/repository/io/fabric8/openshift-model-tuned/7.1.0/openshift-model-tuned-7.1.0.jar:/home/runner/.m2/repository/io/fabric8/openshift-model-console/7.1.0/openshift-model-console-7.1.0.jar:/home/runner/.m2/repository/io/fabric8/openshift-model-config/7.1.0/openshift-model-config-7.1.0.jar:/home/runner/.m2/repository/io/fabric8/openshift-model-machineconfiguration/7.1.0/openshift-model-machineconfiguration-7.1.0.jar:/home/runner/.m2/repository/io/fabric8/openshift-model-miscellaneous/7.1.0/openshift-model-miscellaneous-7.1.0.jar:/home/runner/.m2/repository/io/fabric8/openshift-model-hive/7.1.0/openshift-model-hive-7.1.0.jar:/home/runner/.m2/repository/io/fabric8/openshift-model-installer/7.1.0/openshift-model-installer-7.1.0.jar:/home/runner/.m2/repository/org/junit/platform/junit-platform-launcher/1.12.1/junit-platform-launcher-1.12.1.jar:/home/runner/.m2/repository/org/junit/platform/junit-platform-engine/1.12.1/junit-platform-engine-1.12.1.jar:/home/runner/.m2/repository/org/opentest4j/opentest4j/1.3.0/opentest4j-1.3.0.jar:/home/runner/.m2/repository/org/junit/platform/junit-platform-commons/1.12.1/junit-platform-commons-1.12.1.jar:/home/runner/.m2/repository/org/apiguardian/apiguardian-api/1.1.2/apiguardian-api-1.1.2.jar:/home/runner/.m2/repository/jakarta/ws/rs/jakarta.ws.rs-api/3.1.0/jakarta.ws.rs-api-3.1.0.jar:/home/runner/work/apicurio-testing/apicurio-testing/clusters/ci419/namespaces/inmemory/tests/integration/apicurio-registry/java-sdk/target/apicurio-registry-java-sdk-3.0.12-SNAPSHOT.jar:/home/runner/.m2/repository/com/microsoft/kiota/microsoft-kiota-abstractions/1.8.8/microsoft-kiota-abstractions-1.8.8.jar:/home/runner/.m2/repository/io/github/std-uritemplate/std-uritemplate/2.0.0/std-uritemplate-2.0.0.jar:/home/runner/.m2/repository/io/kiota/kiota-http-jdk/0.0.29/kiota-http-jdk-0.0.29.jar:/home/runner/.m2/repository/io/kiota/kiota-http-vertx/0.0.29/kiota-http-vertx-0.0.29.jar:/home/runner/.m2/repository/io/kiota/kiota-serialization-jackson/0.0.29/kiota-serialization-jackson-0.0.29.jar:/home/runner/.m2/repository/com/microsoft/kiota/microsoft-kiota-serialization-text/1.8.8/microsoft-kiota-serialization-text-1.8.8.jar:/home/runner/.m2/repository/com/microsoft/kiota/microsoft-kiota-serialization-form/1.8.8/microsoft-kiota-serialization-form-1.8.8.jar:/home/runner/.m2/repository/com/microsoft/kiota/microsoft-kiota-serialization-multipart/1.8.8/microsoft-kiota-serialization-multipart-1.8.8.jar:/home/runner/.m2/repository/jakarta/annotation/jakarta.annotation-api/3.0.0/jakarta.annotation-api-3.0.0.jar:/home/runner/.m2/repository/io/vertx/vertx-auth-oauth2/4.5.16/vertx-auth-oauth2-4.5.16.jar:/home/runner/work/apicurio-testing/apicurio-testing/clusters/ci419/namespaces/inmemory/tests/integration/apicurio-registry/java-sdk-v2/target/apicurio-registry-v2-java-sdk-3.0.12-SNAPSHOT.jar:/home/runner/work/apicurio-testing/apicurio-testing/clusters/ci419/namespaces/inmemory/tests/integration/apicurio-registry/utils/kafka/target/apicurio-registry-utils-kafka-3.0.12-SNAPSHOT-tests.jar:/home/runner/.m2/repository/org/eclipse/microprofile/config/microprofile-config-api/3.1/microprofile-config-api-3.1.jar:/home/runner/.m2/repository/org/apache/kafka/kafka-clients/3.9.1/kafka-clients-3.9.1.jar:/home/runner/.m2/repository/com/github/luben/zstd-jni/1.5.6-4/zstd-jni-1.5.6-4.jar:/home/runner/.m2/repository/org/lz4/lz4-java/1.8.0/lz4-java-1.8.0.jar:/home/runner/.m2/repository/org/xerial/snappy/snappy-java/1.1.10.5/snappy-java-1.1.10.5.jar:/home/runner/.m2/repository/org/slf4j/slf4j-api/2.0.6/slf4j-api-2.0.6.jar:/home/runner/work/apicurio-testing/apicurio-testing/clusters/ci419/namespaces/inmemory/tests/integration/apicurio-registry/utils/tests/target/apicurio-registry-utils-tests-3.0.12-SNAPSHOT.jar:/home/runner/work/apicurio-testing/apicurio-testing/clusters/ci419/namespaces/inmemory/tests/integration/apicurio-registry/common/target/apicurio-registry-common-3.0.12-SNAPSHOT.jar:/home/runner/.m2/repository/jakarta/validation/jakarta.validation-api/3.0.2/jakarta.validation-api-3.0.2.jar:/home/runner/.m2/repository/com/github/dasniko/testcontainers-keycloak/3.8.0/testcontainers-keycloak-3.8.0.jar:/home/runner/.m2/repository/org/testcontainers/testcontainers/1.20.6/testcontainers-1.20.6.jar:/home/runner/.m2/repository/org/rnorth/duct-tape/duct-tape/1.0.8/duct-tape-1.0.8.jar:/home/runner/.m2/repository/com/github/docker-java/docker-java-transport-zerodep/3.4.1/docker-java-transport-zerodep-3.4.1.jar:/home/runner/.m2/repository/com/github/docker-java/docker-java-transport/3.4.1/docker-java-transport-3.4.1.jar:/home/runner/.m2/repository/net/java/dev/jna/jna/5.8.0/jna-5.8.0.jar:/home/runner/.m2/repository/io/quarkus/quarkus-junit4-mock/3.20.2/quarkus-junit4-mock-3.20.2.jar:/home/runner/.m2/repository/org/jboss/shrinkwrap/shrinkwrap-api/2.0.0-beta-2/shrinkwrap-api-2.0.0-beta-2.jar:/home/runner/.m2/repository/org/jboss/shrinkwrap/shrinkwrap-impl-base/2.0.0-beta-2/shrinkwrap-impl-base-2.0.0-beta-2.jar:/home/runner/.m2/repository/org/jboss/shrinkwrap/shrinkwrap-spi/2.0.0-beta-2/shrinkwrap-spi-2.0.0-beta-2.jar:/home/runner/.m2/repository/org/keycloak/keycloak-admin-client/26.0.4/keycloak-admin-client-26.0.4.jar:/home/runner/.m2/repository/org/keycloak/keycloak-client-common-synced/26.0.4/keycloak-client-common-synced-26.0.4.jar:/home/runner/.m2/repository/jakarta/activation/jakarta.activation-api/2.1.3/jakarta.activation-api-2.1.3.jar:/home/runner/.m2/repository/org/eclipse/microprofile/openapi/microprofile-openapi-api/4.0.2/microprofile-openapi-api-4.0.2.jar:/home/runner/.m2/repository/org/jboss/resteasy/resteasy-client/6.2.12.Final/resteasy-client-6.2.12.Final.jar:/home/runner/.m2/repository/org/jboss/resteasy/resteasy-client-api/6.2.12.Final/resteasy-client-api-6.2.12.Final.jar:/home/runner/.m2/repository/org/jboss/resteasy/resteasy-core-spi/6.2.12.Final/resteasy-core-spi-6.2.12.Final.jar:/home/runner/.m2/repository/org/jboss/resteasy/resteasy-core/6.2.12.Final/resteasy-core-6.2.12.Final.jar:/home/runner/.m2/repository/org/eclipse/angus/angus-activation/2.0.2/angus-activation-2.0.2.jar:/home/runner/.m2/repository/com/ibm/async/asyncutil/0.1.0/asyncutil-0.1.0.jar:/home/runner/.m2/repository/org/reactivestreams/reactive-streams/1.0.4/reactive-streams-1.0.4.jar:/home/runner/.m2/repository/org/jboss/resteasy/resteasy-multipart-provider/6.2.12.Final/resteasy-multipart-provider-6.2.12.Final.jar:/home/runner/.m2/repository/jakarta/mail/jakarta.mail-api/2.1.3/jakarta.mail-api-2.1.3.jar:/home/runner/.m2/repository/org/eclipse/angus/angus-mail/2.0.3/angus-mail-2.0.3.jar:/home/runner/.m2/repository/org/apache/james/apache-mime4j-dom/0.8.12/apache-mime4j-dom-0.8.12.jar:/home/runner/.m2/repository/org/apache/james/apache-mime4j-core/0.8.12/apache-mime4j-core-0.8.12.jar:/home/runner/.m2/repository/org/apache/james/apache-mime4j-storage/0.8.12/apache-mime4j-storage-0.8.12.jar:/home/runner/.m2/repository/org/jboss/resteasy/resteasy-jackson2-provider/6.2.12.Final/resteasy-jackson2-provider-6.2.12.Final.jar:/home/runner/.m2/repository/com/fasterxml/jackson/jakarta/rs/jackson-jakarta-rs-base/2.18.2/jackson-jakarta-rs-base-2.18.2.jar:/home/runner/.m2/repository/com/fasterxml/jackson/jakarta/rs/jackson-jakarta-rs-json-provider/2.18.2/jackson-jakarta-rs-json-provider-2.18.2.jar:/home/runner/.m2/repository/com/fasterxml/jackson/module/jackson-module-jakarta-xmlbind-annotations/2.18.2/jackson-module-jakarta-xmlbind-annotations-2.18.2.jar:/home/runner/.m2/repository/com/github/java-json-tools/json-patch/1.13/json-patch-1.13.jar:/home/runner/.m2/repository/com/github/java-json-tools/msg-simple/1.2/msg-simple-1.2.jar:/home/runner/.m2/repository/com/github/java-json-tools/btf/1.3/btf-1.3.jar:/home/runner/.m2/repository/com/github/java-json-tools/jackson-coreutils/2.0/jackson-coreutils-2.0.jar:/home/runner/.m2/repository/org/jboss/resteasy/resteasy-jaxb-provider/6.2.12.Final/resteasy-jaxb-provider-6.2.12.Final.jar:/home/runner/.m2/repository/org/glassfish/jaxb/codemodel/4.0.5/codemodel-4.0.5.jar:/home/runner/.m2/repository/org/glassfish/jaxb/jaxb-core/4.0.5/jaxb-core-4.0.5.jar:/home/runner/.m2/repository/org/glassfish/jaxb/jaxb-jxc/4.0.5/jaxb-jxc-4.0.5.jar:/home/runner/.m2/repository/org/glassfish/jaxb/jaxb-runtime/4.0.5/jaxb-runtime-4.0.5.jar:/home/runner/.m2/repository/org/glassfish/jaxb/txw2/4.0.5/txw2-4.0.5.jar:/home/runner/.m2/repository/org/glassfish/jaxb/jaxb-xjc/4.0.5/jaxb-xjc-4.0.5.jar:/home/runner/.m2/repository/org/glassfish/jaxb/xsom/4.0.5/xsom-4.0.5.jar:/home/runner/.m2/repository/com/sun/istack/istack-commons-runtime/4.1.2/istack-commons-runtime-4.1.2.jar:/home/runner/.m2/repository/com/sun/istack/istack-commons-tools/4.1.2/istack-commons-tools-4.1.2.jar:/home/runner/.m2/repository/com/sun/xml/bind/external/relaxng-datatype/4.0.5/relaxng-datatype-4.0.5.jar:/home/runner/.m2/repository/com/sun/xml/bind/external/rngom/4.0.5/rngom-4.0.5.jar:/home/runner/.m2/repository/org/testcontainers/mssqlserver/1.20.6/mssqlserver-1.20.6.jar:/home/runner/.m2/repository/org/testcontainers/jdbc/1.20.6/jdbc-1.20.6.jar:/home/runner/.m2/repository/org/testcontainers/database-commons/1.20.6/database-commons-1.20.6.jar:/home/runner/.m2/repository/org/testcontainers/mysql/1.20.6/mysql-1.20.6.jar:/home/runner/.m2/repository/io/strimzi/strimzi-test-container/0.111.0/strimzi-test-container-0.111.0.jar:/home/runner/.m2/repository/org/testcontainers/toxiproxy/1.20.6/toxiproxy-1.20.6.jar:/home/runner/.m2/repository/com/github/docker-java/docker-java-api/3.4.1/docker-java-api-3.4.1.jar:/home/runner/.m2/repository/org/apache/logging/log4j/log4j-slf4j-impl/2.19.0/log4j-slf4j-impl-2.19.0.jar:/home/runner/.m2/repository/org/apache/logging/log4j/log4j-api/2.24.3/log4j-api-2.24.3.jar:/home/runner/.m2/repository/org/apache/logging/log4j/log4j-core/2.19.0/log4j-core-2.19.0.jar:/home/runner/.m2/repository/eu/rekawek/toxiproxy/toxiproxy-java/2.1.7/toxiproxy-java-2.1.7.jar:/home/runner/.m2/repository/org/testcontainers/pulsar/1.21.3/pulsar-1.21.3.jar:/home/runner/.m2/repository/io/debezium/debezium-testing-testcontainers/2.7.4.Final/debezium-testing-testcontainers-2.7.4.Final.jar:/home/runner/.m2/repository/org/testcontainers/kafka/1.20.6/kafka-1.20.6.jar:/home/runner/.m2/repository/com/squareup/okhttp3/okhttp/4.8.1/okhttp-4.8.1.jar:/home/runner/.m2/repository/com/squareup/okio/okio/3.10.2/okio-3.10.2.jar:/home/runner/.m2/repository/com/squareup/okio/okio-jvm/3.10.2/okio-jvm-3.10.2.jar:/home/runner/.m2/repository/org/jetbrains/kotlin/kotlin-stdlib/2.0.21/kotlin-stdlib-2.0.21.jar:/home/runner/.m2/repository/org/awaitility/awaitility/4.3.0/awaitility-4.3.0.jar:/home/runner/.m2/repository/org/testcontainers/mongodb/1.20.6/mongodb-1.20.6.jar:/home/runner/.m2/repository/org/testcontainers/mariadb/1.20.6/mariadb-1.20.6.jar:/home/runner/.m2/repository/org/testcontainers/oracle-xe/1.20.6/oracle-xe-1.20.6.jar:/home/runner/.m2/repository/org/testcontainers/postgresql/1.20.6/postgresql-1.20.6.jar:/home/runner/.m2/repository/org/wiremock/wiremock/3.0.1/wiremock-3.0.1.jar:/home/runner/.m2/repository/org/eclipse/jetty/jetty-server/11.0.15/jetty-server-11.0.15.jar:/home/runner/.m2/repository/org/eclipse/jetty/toolchain/jetty-jakarta-servlet-api/5.0.2/jetty-jakarta-servlet-api-5.0.2.jar:/home/runner/.m2/repository/org/eclipse/jetty/jetty-http/11.0.15/jetty-http-11.0.15.jar:/home/runner/.m2/repository/org/eclipse/jetty/jetty-io/11.0.15/jetty-io-11.0.15.jar:/home/runner/.m2/repository/org/eclipse/jetty/jetty-servlet/11.0.15/jetty-servlet-11.0.15.jar:/home/runner/.m2/repository/org/eclipse/jetty/jetty-security/11.0.15/jetty-security-11.0.15.jar:/home/runner/.m2/repository/org/eclipse/jetty/jetty-servlets/11.0.15/jetty-servlets-11.0.15.jar:/home/runner/.m2/repository/org/eclipse/jetty/jetty-util/11.0.15/jetty-util-11.0.15.jar:/home/runner/.m2/repository/org/eclipse/jetty/jetty-webapp/11.0.15/jetty-webapp-11.0.15.jar:/home/runner/.m2/repository/org/eclipse/jetty/jetty-xml/11.0.15/jetty-xml-11.0.15.jar:/home/runner/.m2/repository/org/eclipse/jetty/jetty-proxy/11.0.15/jetty-proxy-11.0.15.jar:/home/runner/.m2/repository/org/eclipse/jetty/jetty-client/11.0.15/jetty-client-11.0.15.jar:/home/runner/.m2/repository/org/eclipse/jetty/http2/http2-server/11.0.15/http2-server-11.0.15.jar:/home/runner/.m2/repository/org/eclipse/jetty/http2/http2-common/11.0.15/http2-common-11.0.15.jar:/home/runner/.m2/repository/org/eclipse/jetty/http2/http2-hpack/11.0.15/http2-hpack-11.0.15.jar:/home/runner/.m2/repository/org/eclipse/jetty/jetty-alpn-server/11.0.15/jetty-alpn-server-11.0.15.jar:/home/runner/.m2/repository/org/eclipse/jetty/jetty-alpn-java-server/11.0.15/jetty-alpn-java-server-11.0.15.jar:/home/runner/.m2/repository/org/eclipse/jetty/jetty-alpn-java-client/11.0.15/jetty-alpn-java-client-11.0.15.jar:/home/runner/.m2/repository/org/eclipse/jetty/jetty-alpn-client/11.0.15/jetty-alpn-client-11.0.15.jar:/home/runner/.m2/repository/org/apache/httpcomponents/client5/httpclient5/5.2.1/httpclient5-5.2.1.jar:/home/runner/.m2/repository/org/apache/httpcomponents/core5/httpcore5/5.2/httpcore5-5.2.jar:/home/runner/.m2/repository/org/apache/httpcomponents/core5/httpcore5-h2/5.2/httpcore5-h2-5.2.jar:/home/runner/.m2/repository/org/xmlunit/xmlunit-core/2.9.1/xmlunit-core-2.9.1.jar:/home/runner/.m2/repository/jakarta/xml/bind/jakarta.xml.bind-api/4.0.2/jakarta.xml.bind-api-4.0.2.jar:/home/runner/.m2/repository/org/xmlunit/xmlunit-legacy/2.9.1/xmlunit-legacy-2.9.1.jar:/home/runner/.m2/repository/org/xmlunit/xmlunit-placeholders/2.9.1/xmlunit-placeholders-2.9.1.jar:/home/runner/.m2/repository/net/javacrumbs/json-unit/json-unit-core/2.38.0/json-unit-core-2.38.0.jar:/home/runner/.m2/repository/org/hamcrest/hamcrest-core/2.2/hamcrest-core-2.2.jar:/home/runner/.m2/repository/com/jayway/jsonpath/json-path/2.8.0/json-path-2.8.0.jar:/home/runner/.m2/repository/net/minidev/json-smart/2.4.10/json-smart-2.4.10.jar:/home/runner/.m2/repository/net/minidev/accessors-smart/2.4.9/accessors-smart-2.4.9.jar:/home/runner/.m2/repository/org/ow2/asm/asm/9.7.1/asm-9.7.1.jar:/home/runner/.m2/repository/net/sf/jopt-simple/jopt-simple/5.0.4/jopt-simple-5.0.4.jar:/home/runner/.m2/repository/com/github/jknack/handlebars/4.3.1/handlebars-4.3.1.jar:/home/runner/.m2/repository/com/github/jknack/handlebars-helpers/4.3.1/handlebars-helpers-4.3.1.jar:/home/runner/.m2/repository/commons-fileupload/commons-fileupload/1.5/commons-fileupload-1.5.jar:/home/runner/.m2/repository/com/networknt/json-schema-validator/1.5.8/json-schema-validator-1.5.8.jar:/home/runner/.m2/repository/com/ethlo/time/itu/1.10.3/itu-1.10.3.jar:/home/runner/.m2/repository/io/quarkus/quarkus-smallrye-jwt-build/3.20.2/quarkus-smallrye-jwt-build-3.20.2.jar:/home/runner/.m2/repository/io/smallrye/smallrye-jwt-build/4.6.2/smallrye-jwt-build-4.6.2.jar:/home/runner/.m2/repository/org/eclipse/microprofile/jwt/microprofile-jwt-auth-api/2.1/microprofile-jwt-auth-api-2.1.jar:/home/runner/.m2/repository/org/bitbucket/b_c/jose4j/0.9.6/jose4j-0.9.6.jar:/home/runner/.m2/repository/io/smallrye/smallrye-jwt-common/4.6.2/smallrye-jwt-common-4.6.2.jar:/home/runner/.m2/repository/io/quarkus/quarkus-jsonp/3.20.2/quarkus-jsonp-3.20.2.jar:/home/runner/.m2/repository/io/quarkus/quarkus-arc/3.20.2/quarkus-arc-3.20.2.jar:/home/runner/.m2/repository/io/quarkus/arc/arc/3.20.2/arc-3.20.2.jar:/home/runner/.m2/repository/jakarta/transaction/jakarta.transaction-api/2.0.1/jakarta.transaction-api-2.0.1.jar:/home/runner/.m2/repository/io/smallrye/reactive/mutiny/2.9.2/mutiny-2.9.2.jar:/home/runner/.m2/repository/org/jctools/jctools-core/4.0.5/jctools-core-4.0.5.jar:/home/runner/.m2/repository/org/eclipse/microprofile/context-propagation/microprofile-context-propagation-api/1.3/microprofile-context-propagation-api-1.3.jar:/home/runner/.m2/repository/io/apicurio/apicurio-common-rest-client-common/0.1.18.Final/apicurio-common-rest-client-common-0.1.18.Final.jar:/home/runner/work/apicurio-testing/apicurio-testing/clusters/ci419/namespaces/inmemory/tests/integration/apicurio-registry/utils/maven-plugin/target/apicurio-registry-maven-plugin-3.0.12-SNAPSHOT.jar:/home/runner/.m2/repository/com/fasterxml/jackson/core/jackson-databind/2.18.2/jackson-databind-2.18.2.jar:/home/runner/.m2/repository/org/apache/avro/avro/1.12.0/avro-1.12.0.jar:/home/runner/.m2/repository/com/google/protobuf/protobuf-java/4.31.1/protobuf-java-4.31.1.jar:/home/runner/.m2/repository/com/google/protobuf/protobuf-java-util/4.31.1/protobuf-java-util-4.31.1.jar:/home/runner/.m2/repository/com/google/code/findbugs/jsr305/3.0.2/jsr305-3.0.2.jar:/home/runner/.m2/repository/com/google/code/gson/gson/2.12.1/gson-2.12.1.jar:/home/runner/.m2/repository/com/google/errorprone/error_prone_annotations/2.36.0/error_prone_annotations-2.36.0.jar:/home/runner/.m2/repository/com/google/j2objc/j2objc-annotations/2.8/j2objc-annotations-2.8.jar:/home/runner/work/apicurio-testing/apicurio-testing/clusters/ci419/namespaces/inmemory/tests/integration/apicurio-registry/schema-util/util-provider/target/apicurio-registry-schema-util-provider-3.0.12-SNAPSHOT.jar:/home/runner/work/apicurio-testing/apicurio-testing/clusters/ci419/namespaces/inmemory/tests/integration/apicurio-registry/schema-util/common/target/apicurio-registry-schema-util-common-3.0.12-SNAPSHOT.jar:/home/runner/.m2/repository/com/fasterxml/jackson/module/jackson-module-parameter-names/2.18.2/jackson-module-parameter-names-2.18.2.jar:/home/runner/.m2/repository/com/fasterxml/jackson/datatype/jackson-datatype-json-org/2.18.2/jackson-datatype-json-org-2.18.2.jar:/home/runner/work/apicurio-testing/apicurio-testing/clusters/ci419/namespaces/inmemory/tests/integration/apicurio-registry/schema-util/json/target/apicurio-registry-schema-util-json-3.0.12-SNAPSHOT.jar:/home/runner/.m2/repository/com/github/erosb/everit-json-schema/1.14.5/everit-json-schema-1.14.5.jar:/home/runner/.m2/repository/commons-validator/commons-validator/1.9.0/commons-validator-1.9.0.jar:/home/runner/.m2/repository/commons-digester/commons-digester/2.1/commons-digester-2.1.jar:/home/runner/.m2/repository/commons-collections/commons-collections/3.2.2/commons-collections-3.2.2.jar:/home/runner/.m2/repository/com/damnhandy/handy-uri-templates/2.1.8/handy-uri-templates-2.1.8.jar:/home/runner/.m2/repository/joda-time/joda-time/2.10.2/joda-time-2.10.2.jar:/home/runner/.m2/repository/com/github/erosb/json-sKema/0.20.0/json-sKema-0.20.0.jar:/home/runner/.m2/repository/io/vertx/vertx-json-schema/4.5.16/vertx-json-schema-4.5.16.jar:/home/runner/work/apicurio-testing/apicurio-testing/clusters/ci419/namespaces/inmemory/tests/integration/apicurio-registry/schema-util/protobuf/target/apicurio-registry-schema-util-protobuf-3.0.12-SNAPSHOT.jar:/home/runner/work/apicurio-testing/apicurio-testing/clusters/ci419/namespaces/inmemory/tests/integration/apicurio-registry/utils/protobuf-schema-utilities/target/apicurio-registry-protobuf-schema-utilities-3.0.12-SNAPSHOT.jar:/home/runner/.m2/repository/com/google/api/grpc/proto-google-common-protos/2.52.0/proto-google-common-protos-2.52.0.jar:/home/runner/.m2/repository/com/squareup/wire/wire-schema-jvm/5.3.3/wire-schema-jvm-5.3.3.jar:/home/runner/.m2/repository/com/palantir/javapoet/javapoet/0.6.0/javapoet-0.6.0.jar:/home/runner/.m2/repository/com/squareup/kotlinpoet-jvm/2.0.0/kotlinpoet-jvm-2.0.0.jar:/home/runner/.m2/repository/org/jetbrains/kotlin/kotlin-reflect/2.0.21/kotlin-reflect-2.0.21.jar:/home/runner/.m2/repository/com/squareup/wire/wire-runtime-jvm/5.3.3/wire-runtime-jvm-5.3.3.jar:/home/runner/.m2/repository/com/ibm/icu/icu4j/76.1/icu4j-76.1.jar:/home/runner/.m2/repository/com/squareup/okio/okio-fakefilesystem/3.10.2/okio-fakefilesystem-3.10.2.jar:/home/runner/.m2/repository/com/squareup/okio/okio-fakefilesystem-jvm/3.10.2/okio-fakefilesystem-jvm-3.10.2.jar:/home/runner/.m2/repository/org/jetbrains/kotlinx/kotlinx-datetime-jvm/0.6.1/kotlinx-datetime-jvm-0.6.1.jar:/home/runner/work/apicurio-testing/apicurio-testing/clusters/ci419/namespaces/inmemory/tests/integration/apicurio-registry/schema-util/asyncapi/target/apicurio-registry-schema-util-asyncapi-3.0.12-SNAPSHOT.jar:/home/runner/work/apicurio-testing/apicurio-testing/clusters/ci419/namespaces/inmemory/tests/integration/apicurio-registry/schema-util/avro/target/apicurio-registry-schema-util-avro-3.0.12-SNAPSHOT.jar:/home/runner/work/apicurio-testing/apicurio-testing/clusters/ci419/namespaces/inmemory/tests/integration/apicurio-registry/schema-util/graphql/target/apicurio-registry-schema-util-graphql-3.0.12-SNAPSHOT.jar:/home/runner/.m2/repository/com/graphql-java/graphql-java/22.4/graphql-java-22.4.jar:/home/runner/.m2/repository/com/graphql-java/java-dataloader/3.3.0/java-dataloader-3.3.0.jar:/home/runner/work/apicurio-testing/apicurio-testing/clusters/ci419/namespaces/inmemory/tests/integration/apicurio-registry/schema-util/kconnect/target/apicurio-registry-schema-util-kconnect-3.0.12-SNAPSHOT.jar:/home/runner/work/apicurio-testing/apicurio-testing/clusters/ci419/namespaces/inmemory/tests/integration/apicurio-registry/schema-util/openapi/target/apicurio-registry-schema-util-openapi-3.0.12-SNAPSHOT.jar:/home/runner/.m2/repository/io/apicurio/apicurio-data-models/2.2.2/apicurio-data-models-2.2.2.jar:/home/runner/.m2/repository/org/openapitools/openapidiff/openapi-diff-core/2.1.2/openapi-diff-core-2.1.2.jar:/home/runner/.m2/repository/io/swagger/parser/v3/swagger-parser/2.1.28/swagger-parser-2.1.28.jar:/home/runner/.m2/repository/io/swagger/parser/v3/swagger-parser-v2-converter/2.1.28/swagger-parser-v2-converter-2.1.28.jar:/home/runner/.m2/repository/io/swagger/swagger-core/1.6.16/swagger-core-1.6.16.jar:/home/runner/.m2/repository/io/swagger/swagger-models/1.6.16/swagger-models-1.6.16.jar:/home/runner/.m2/repository/io/swagger/swagger-annotations/1.6.16/swagger-annotations-1.6.16.jar:/home/runner/.m2/repository/io/swagger/swagger-parser/1.0.75/swagger-parser-1.0.75.jar:/home/runner/.m2/repository/io/swagger/swagger-parser-safe-url-resolver/1.0.75/swagger-parser-safe-url-resolver-1.0.75.jar:/home/runner/.m2/repository/io/swagger/swagger-compat-spec-parser/1.0.75/swagger-compat-spec-parser-1.0.75.jar:/home/runner/.m2/repository/com/github/java-json-tools/json-schema-validator/2.2.14/json-schema-validator-2.2.14.jar:/home/runner/.m2/repository/com/github/java-json-tools/jackson-coreutils-equivalence/1.0/jackson-coreutils-equivalence-1.0.jar:/home/runner/.m2/repository/com/github/java-json-tools/json-schema-core/1.2.14/json-schema-core-1.2.14.jar:/home/runner/.m2/repository/com/github/java-json-tools/uri-template/0.10/uri-template-0.10.jar:/home/runner/.m2/repository/com/googlecode/libphonenumber/libphonenumber/8.11.1/libphonenumber-8.11.1.jar:/home/runner/.m2/repository/com/j2html/j2html/1.6.0/j2html-1.6.0.jar:/home/runner/.m2/repository/org/apache/commons/commons-collections4/4.5.0/commons-collections4-4.5.0.jar:/home/runner/.m2/repository/org/slf4j/jcl-over-slf4j/2.0.17/jcl-over-slf4j-2.0.17.jar:/home/runner/.m2/repository/io/swagger/parser/v3/swagger-parser-v3/2.1.31/swagger-parser-v3-2.1.31.jar:/home/runner/.m2/repository/io/swagger/core/v3/swagger-models/2.2.34/swagger-models-2.2.34.jar:/home/runner/.m2/repository/io/swagger/core/v3/swagger-core/2.2.34/swagger-core-2.2.34.jar:/home/runner/.m2/repository/io/swagger/parser/v3/swagger-parser-core/2.1.31/swagger-parser-core-2.1.31.jar:/home/runner/.m2/repository/io/swagger/parser/v3/swagger-parser-safe-url-resolver/2.1.31/swagger-parser-safe-url-resolver-2.1.31.jar:/home/runner/work/apicurio-testing/apicurio-testing/clusters/ci419/namespaces/inmemory/tests/integration/apicurio-registry/schema-util/wsdl/target/apicurio-registry-schema-util-wsdl-3.0.12-SNAPSHOT.jar:/home/runner/.m2/repository/wsdl4j/wsdl4j/1.6.3/wsdl4j-1.6.3.jar:/home/runner/work/apicurio-testing/apicurio-testing/clusters/ci419/namespaces/inmemory/tests/integration/apicurio-registry/schema-util/xml/target/apicurio-registry-schema-util-xml-3.0.12-SNAPSHOT.jar:/home/runner/.m2/repository/org/apache/santuario/xmlsec/4.0.4/xmlsec-4.0.4.jar:/home/runner/.m2/repository/com/fasterxml/woodstox/woodstox-core/7.1.1/woodstox-core-7.1.1.jar:/home/runner/.m2/repository/org/codehaus/woodstox/stax2-api/4.2.2/stax2-api-4.2.2.jar:/home/runner/work/apicurio-testing/apicurio-testing/clusters/ci419/namespaces/inmemory/tests/integration/apicurio-registry/schema-util/xsd/target/apicurio-registry-schema-util-xsd-3.0.12-SNAPSHOT.jar:/home/runner/work/apicurio-testing/apicurio-testing/clusters/ci419/namespaces/inmemory/tests/integration/apicurio-registry/serdes/kafka/jsonschema-serde/target/apicurio-registry-jsonschema-serde-kafka-3.0.12-SNAPSHOT.jar:/home/runner/work/apicurio-testing/apicurio-testing/clusters/ci419/namespaces/inmemory/tests/integration/apicurio-registry/serdes/kafka/serde-kafka-common/target/apicurio-registry-serde-kafka-common-3.0.12-SNAPSHOT.jar:/home/runner/work/apicurio-testing/apicurio-testing/clusters/ci419/namespaces/inmemory/tests/integration/apicurio-registry/serdes/generic/serde-common/target/apicurio-registry-serde-common-3.0.12-SNAPSHOT.jar:/home/runner/work/apicurio-testing/apicurio-testing/clusters/ci419/namespaces/inmemory/tests/integration/apicurio-registry/serdes/generic/serde-common-jsonschema/target/apicurio-registry-serde-common-jsonschema-3.0.12-SNAPSHOT.jar:/home/runner/.m2/repository/org/json/json/20250107/json-20250107.jar:/home/runner/work/apicurio-testing/apicurio-testing/clusters/ci419/namespaces/inmemory/tests/integration/apicurio-registry/serdes/kafka/avro-serde/target/apicurio-registry-avro-serde-kafka-3.0.12-SNAPSHOT.jar:/home/runner/work/apicurio-testing/apicurio-testing/clusters/ci419/namespaces/inmemory/tests/integration/apicurio-registry/serdes/generic/serde-common-avro/target/apicurio-registry-serde-common-avro-3.0.12-SNAPSHOT.jar:/home/runner/work/apicurio-testing/apicurio-testing/clusters/ci419/namespaces/inmemory/tests/integration/apicurio-registry/serdes/kafka/protobuf-serde/target/apicurio-registry-protobuf-serde-kafka-3.0.12-SNAPSHOT.jar:/home/runner/work/apicurio-testing/apicurio-testing/clusters/ci419/namespaces/inmemory/tests/integration/apicurio-registry/serdes/generic/serde-common-protobuf/target/apicurio-registry-serde-common-protobuf-3.0.12-SNAPSHOT.jar:/home/runner/.m2/repository/com/squareup/wire/wire-schema/5.3.3/wire-schema-5.3.3.jar:/home/runner/.m2/repository/com/squareup/wire/wire-runtime/5.3.3/wire-runtime-5.3.3.jar:/home/runner/work/apicurio-testing/apicurio-testing/clusters/ci419/namespaces/inmemory/tests/integration/apicurio-registry/serdes/pulsar/avro-serde/target/apicurio-registry-avro-serde-pulsar-3.0.12-SNAPSHOT.jar:/home/runner/.m2/repository/org/apache/pulsar/pulsar-functions-api/3.3.8/pulsar-functions-api-3.3.8.jar:/home/runner/work/apicurio-testing/apicurio-testing/clusters/ci419/namespaces/inmemory/tests/integration/apicurio-registry/serdes/nats/avro-serde/target/apicurio-registry-avro-serde-nats-3.0.12-SNAPSHOT.jar:/home/runner/.m2/repository/io/nats/jnats/2.21.4/jnats-2.21.4.jar:/home/runner/.m2/repository/org/bouncycastle/bcprov-lts8on/2.73.7/bcprov-lts8on-2.73.7.jar:/home/runner/.m2/repository/org/jetbrains/annotations/26.0.2/annotations-26.0.2.jar:/home/runner/work/apicurio-testing/apicurio-testing/clusters/ci419/namespaces/inmemory/tests/integration/apicurio-registry/utils/converter/target/apicurio-registry-utils-converter-3.0.12-SNAPSHOT.jar:/home/runner/work/apicurio-testing/apicurio-testing/clusters/ci419/namespaces/inmemory/tests/integration/apicurio-registry/schema-resolver/target/apicurio-registry-schema-resolver-3.0.12-SNAPSHOT.jar:/home/runner/.m2/repository/org/apache/kafka/connect-api/3.9.1/connect-api-3.9.1.jar:/home/runner/.m2/repository/javax/ws/rs/javax.ws.rs-api/2.1.1/javax.ws.rs-api-2.1.1.jar:/home/runner/.m2/repository/org/apache/kafka/connect-json/3.9.1/connect-json-3.9.1.jar:/home/runner/.m2/repository/com/fasterxml/jackson/datatype/jackson-datatype-jdk8/2.18.2/jackson-datatype-jdk8-2.18.2.jar:/home/runner/.m2/repository/com/fasterxml/jackson/module/jackson-module-afterburner/2.18.2/jackson-module-afterburner-2.18.2.jar:/home/runner/work/apicurio-testing/apicurio-testing/clusters/ci419/namespaces/inmemory/tests/integration/apicurio-registry/utils/kafka/target/apicurio-registry-utils-kafka-3.0.12-SNAPSHOT.jar:/home/runner/.m2/repository/org/apache/pulsar/pulsar-client/3.3.8/pulsar-client-3.3.8.jar:/home/runner/.m2/repository/org/apache/pulsar/pulsar-client-api/3.3.8/pulsar-client-api-3.3.8.jar:/home/runner/.m2/repository/org/apache/pulsar/pulsar-client-admin-api/3.3.8/pulsar-client-admin-api-3.3.8.jar:/home/runner/.m2/repository/org/apache/pulsar/bouncy-castle-bc/3.3.8/bouncy-castle-bc-3.3.8-pkg.jar:/home/runner/.m2/repository/org/bouncycastle/bcpkix-jdk18on/1.81/bcpkix-jdk18on-1.81.jar:/home/runner/.m2/repository/org/bouncycastle/bcutil-jdk18on/1.81/bcutil-jdk18on-1.81.jar:/home/runner/.m2/repository/org/bouncycastle/bcprov-jdk18on/1.81/bcprov-jdk18on-1.81.jar:/home/runner/.m2/repository/io/opentelemetry/opentelemetry-api/1.44.1/opentelemetry-api-1.44.1.jar:/home/runner/.m2/repository/io/opentelemetry/opentelemetry-context/1.44.1/opentelemetry-context-1.44.1.jar:/home/runner/.m2/repository/io/opentelemetry/opentelemetry-api-incubator/1.44.1-alpha/opentelemetry-api-incubator-1.44.1-alpha.jar:/home/runner/.m2/repository/com/fasterxml/jackson/core/jackson-annotations/2.18.2/jackson-annotations-2.18.2.jar:/home/runner/.m2/repository/javax/validation/validation-api/1.1.0.Final/validation-api-1.1.0.Final.jar:/home/runner/.m2/repository/org/jspecify/jspecify/1.0.0/jspecify-1.0.0.jar:/home/runner/.m2/repository/org/apache/commons/commons-configuration2/2.12.0/commons-configuration2-2.12.0.jar:/home/runner/.m2/repository/commons-logging/commons-logging/1.3.5/commons-logging-1.3.5.jar:/home/runner/.m2/repository/org/apache/commons/commons-text/1.13.0/commons-text-1.13.0.jar:/home/runner/.m2/repository/io/confluent/kafka-avro-serializer/8.0.0/kafka-avro-serializer-8.0.0.jar:/home/runner/.m2/repository/org/apache/commons/commons-compress/1.27.1/commons-compress-1.27.1.jar:/home/runner/.m2/repository/io/confluent/kafka-schema-serializer/8.0.0/kafka-schema-serializer-8.0.0.jar:/home/runner/.m2/repository/com/fasterxml/jackson/dataformat/jackson-dataformat-csv/2.18.2/jackson-dataformat-csv-2.18.2.jar:/home/runner/.m2/repository/io/confluent/kafka-schema-registry-client/8.0.0/kafka-schema-registry-client-8.0.0.jar:/home/runner/.m2/repository/org/yaml/snakeyaml/2.3/snakeyaml-2.3.jar:/home/runner/.m2/repository/io/swagger/core/v3/swagger-annotations/2.2.29/swagger-annotations-2.2.29.jar:/home/runner/.m2/repository/com/google/guava/guava/33.4.0-jre/guava-33.4.0-jre.jar:/home/runner/.m2/repository/com/google/guava/failureaccess/1.0.1/failureaccess-1.0.1.jar:/home/runner/.m2/repository/org/checkerframework/checker-qual/3.49.0/checker-qual-3.49.0.jar:/home/runner/.m2/repository/io/confluent/logredactor/1.0.13/logredactor-1.0.13.jar:/home/runner/.m2/repository/com/google/re2j/re2j/1.6/re2j-1.6.jar:/home/runner/.m2/repository/io/confluent/logredactor-metrics/1.0.13/logredactor-metrics-1.0.13.jar:/home/runner/.m2/repository/com/eclipsesource/minimal-json/minimal-json/0.9.5/minimal-json-0.9.5.jar:/home/runner/.m2/repository/io/confluent/common-utils/8.0.0/common-utils-8.0.0.jar:/home/runner/.m2/repository/io/confluent/kafka-connect-avro-converter/8.0.0/kafka-connect-avro-converter-8.0.0.jar:/home/runner/.m2/repository/io/confluent/kafka-connect-avro-data/8.0.0/kafka-connect-avro-data-8.0.0.jar:/home/runner/.m2/repository/io/confluent/kafka-schema-converter/8.0.0/kafka-schema-converter-8.0.0.jar:/home/runner/.m2/repository/io/rest-assured/rest-assured/5.5.1/rest-assured-5.5.1.jar:/home/runner/.m2/repository/org/apache/groovy/groovy/4.0.22/groovy-4.0.22.jar:/home/runner/.m2/repository/org/apache/groovy/groovy-xml/4.0.22/groovy-xml-4.0.22.jar:/home/runner/.m2/repository/org/apache/httpcomponents/httpclient/4.5.14/httpclient-4.5.14.jar:/home/runner/.m2/repository/org/apache/httpcomponents/httpcore/4.4.16/httpcore-4.4.16.jar:/home/runner/.m2/repository/org/apache/httpcomponents/httpmime/4.5.14/httpmime-4.5.14.jar:/home/runner/.m2/repository/org/hamcrest/hamcrest/2.2/hamcrest-2.2.jar:/home/runner/.m2/repository/org/ccil/cowan/tagsoup/tagsoup/1.2.1/tagsoup-1.2.1.jar:/home/runner/.m2/repository/io/rest-assured/json-path/5.5.1/json-path-5.5.1.jar:/home/runner/.m2/repository/org/apache/groovy/groovy-json/4.0.22/groovy-json-4.0.22.jar:/home/runner/.m2/repository/io/rest-assured/rest-assured-common/5.5.1/rest-assured-common-5.5.1.jar:/home/runner/.m2/repository/io/rest-assured/xml-path/5.5.1/xml-path-5.5.1.jar:/home/runner/.m2/repository/io/zonky/test/embedded-postgres/2.1.0/embedded-postgres-2.1.0.jar:/home/runner/.m2/repository/io/zonky/test/postgres/embedded-postgres-binaries-windows-amd64/14.15.0/embedded-postgres-binaries-windows-amd64-14.15.0.jar:/home/runner/.m2/repository/io/zonky/test/postgres/embedded-postgres-binaries-darwin-amd64/14.15.0/embedded-postgres-binaries-darwin-amd64-14.15.0.jar:/home/runner/.m2/repository/io/zonky/test/postgres/embedded-postgres-binaries-linux-amd64/14.15.0/embedded-postgres-binaries-linux-amd64-14.15.0.jar:/home/runner/.m2/repository/io/zonky/test/postgres/embedded-postgres-binaries-linux-amd64-alpine/14.15.0/embedded-postgres-binaries-linux-amd64-alpine-14.15.0.jar:/home/runner/.m2/repository/org/apache/commons/commons-lang3/3.17.0/commons-lang3-3.17.0.jar:/home/runner/.m2/repository/org/tukaani/xz/1.10/xz-1.10.jar:/home/runner/.m2/repository/commons-codec/commons-codec/1.19.0/commons-codec-1.19.0.jar:/home/runner/.m2/repository/org/postgresql/postgresql/42.7.7/postgresql-42.7.7.jar:/home/runner/.m2/repository/commons-io/commons-io/2.18.0/commons-io-2.18.0.jar:/home/runner/work/apicurio-testing/apicurio-testing/clusters/ci419/namespaces/inmemory/tests/integration/apicurio-registry/utils/importexport/target/apicurio-registry-utils-import-export-3.0.12-SNAPSHOT.jar:/home/runner/.m2/repository/io/vertx/vertx-core/4.5.16/vertx-core-4.5.16.jar:/home/runner/.m2/repository/io/netty/netty-common/4.1.121.Final/netty-common-4.1.121.Final.jar:/home/runner/.m2/repository/io/netty/netty-buffer/4.1.121.Final/netty-buffer-4.1.121.Final.jar:/home/runner/.m2/repository/io/netty/netty-transport/4.1.121.Final/netty-transport-4.1.121.Final.jar:/home/runner/.m2/repository/io/netty/netty-handler/4.1.121.Final/netty-handler-4.1.121.Final.jar:/home/runner/.m2/repository/io/netty/netty-transport-native-unix-common/4.1.121.Final/netty-transport-native-unix-common-4.1.121.Final.jar:/home/runner/.m2/repository/io/netty/netty-codec/4.1.121.Final/netty-codec-4.1.121.Final.jar:/home/runner/.m2/repository/io/netty/netty-handler-proxy/4.1.121.Final/netty-handler-proxy-4.1.121.Final.jar:/home/runner/.m2/repository/io/netty/netty-codec-socks/4.1.121.Final/netty-codec-socks-4.1.121.Final.jar:/home/runner/.m2/repository/io/netty/netty-codec-http/4.1.121.Final/netty-codec-http-4.1.121.Final.jar:/home/runner/.m2/repository/io/netty/netty-codec-http2/4.1.121.Final/netty-codec-http2-4.1.121.Final.jar:/home/runner/.m2/repository/io/netty/netty-resolver/4.1.121.Final/netty-resolver-4.1.121.Final.jar:/home/runner/.m2/repository/io/netty/netty-resolver-dns/4.1.121.Final/netty-resolver-dns-4.1.121.Final.jar:/home/runner/.m2/repository/io/netty/netty-codec-dns/4.1.121.Final/netty-codec-dns-4.1.121.Final.jar:/home/runner/.m2/repository/com/fasterxml/jackson/core/jackson-core/2.18.2/jackson-core-2.18.2.jar:"/>
    <property name="java.vm.vendor" value="Eclipse Adoptium"/>
    <property name="maven.javadoc.skip" value="true"/>
    <property name="sun.arch.data.model" value="64"/>
    <property name="java.vendor.url" value="https://adoptium.net/"/>
    <property name="user.timezone" value="Etc/UTC"/>
    <property name="os.name" value="Linux"/>
    <property name="java.vm.specification.version" value="17"/>
    <property name="sun.java.launcher" value="SUN_STANDARD"/>
    <property name="quarkus.http.test-port" value="80"/>
    <property name="sun.boot.library.path" value="/usr/lib/jvm/temurin-17-jdk-amd64/lib"/>
    <property name="sun.java.command" value="/home/runner/work/apicurio-testing/apicurio-testing/clusters/ci419/namespaces/inmemory/tests/integration/apicurio-registry/integration-tests/target/surefire/surefirebooter-20250806184943074_3.jar /home/runner/work/apicurio-testing/apicurio-testing/clusters/ci419/namespaces/inmemory/tests/integration/apicurio-registry/integration-tests/target/surefire 2025-08-06T18-49-42_968-jvmRun1 surefire-20250806184943074_1tmp surefire_0-20250806184943074_2tmp"/>
    <property name="maven.home" value="/home/runner/.m2/wrapper/dists/apache-maven-3.9.8-bin/4fnp1ql35bgk2a0p7m31ovbgb0/apache-maven-3.9.8"/>
    <property name="jdk.debug" value="release"/>
    <property name="surefire.test.class.path" value="/home/runner/work/apicurio-testing/apicurio-testing/clusters/ci419/namespaces/inmemory/tests/integration/apicurio-registry/integration-tests/target/test-classes:/home/runner/work/apicurio-testing/apicurio-testing/clusters/ci419/namespaces/inmemory/tests/integration/apicurio-registry/integration-tests/target/apicurio-registry-integration-tests-3.0.12-SNAPSHOT.jar:/home/runner/.m2/repository/io/quarkus/quarkus-junit5/3.20.2/quarkus-junit5-3.20.2.jar:/home/runner/.m2/repository/io/quarkus/quarkus-bootstrap-core/3.20.2/quarkus-bootstrap-core-3.20.2.jar:/home/runner/.m2/repository/io/quarkus/quarkus-classloader-commons/3.20.2/quarkus-classloader-commons-3.20.2.jar:/home/runner/.m2/repository/io/quarkus/quarkus-bootstrap-app-model/3.20.2/quarkus-bootstrap-app-model-3.20.2.jar:/home/runner/.m2/repository/io/smallrye/common/smallrye-common-io/2.12.0/smallrye-common-io-2.12.0.jar:/home/runner/.m2/repository/org/eclipse/sisu/org.eclipse.sisu.inject/0.9.0.M3/org.eclipse.sisu.inject-0.9.0.M3.jar:/home/runner/.m2/repository/io/quarkus/quarkus-test-common/3.20.2/quarkus-test-common-3.20.2.jar:/home/runner/.m2/repository/io/quarkus/quarkus-core-deployment/3.20.2/quarkus-core-deployment-3.20.2.jar:/home/runner/.m2/repository/org/aesh/readline/2.6/readline-2.6.jar:/home/runner/.m2/repository/org/fusesource/jansi/jansi/2.4.0/jansi-2.4.0.jar:/home/runner/.m2/repository/org/aesh/aesh/2.8.2/aesh-2.8.2.jar:/home/runner/.m2/repository/io/quarkus/gizmo/gizmo/1.8.0/gizmo-1.8.0.jar:/home/runner/.m2/repository/org/ow2/asm/asm-util/9.7.1/asm-util-9.7.1.jar:/home/runner/.m2/repository/org/ow2/asm/asm-analysis/9.7.1/asm-analysis-9.7.1.jar:/home/runner/.m2/repository/org/ow2/asm/asm-commons/9.7.1/asm-commons-9.7.1.jar:/home/runner/.m2/repository/org/ow2/asm/asm-tree/9.7.1/asm-tree-9.7.1.jar:/home/runner/.m2/repository/io/quarkus/quarkus-hibernate-validator-spi/3.20.2/quarkus-hibernate-validator-spi-3.20.2.jar:/home/runner/.m2/repository/io/quarkus/quarkus-class-change-agent/3.20.2/quarkus-class-change-agent-3.20.2.jar:/home/runner/.m2/repository/io/quarkus/quarkus-devtools-utilities/3.20.2/quarkus-devtools-utilities-3.20.2.jar:/home/runner/.m2/repository/io/quarkus/quarkus-builder/3.20.2/quarkus-builder-3.20.2.jar:/home/runner/.m2/repository/org/graalvm/sdk/nativeimage/23.1.2/nativeimage-23.1.2.jar:/home/runner/.m2/repository/org/graalvm/sdk/word/23.1.2/word-23.1.2.jar:/home/runner/.m2/repository/io/quarkus/quarkus-bootstrap-maven-resolver/3.20.2/quarkus-bootstrap-maven-resolver-3.20.2.jar:/home/runner/.m2/repository/io/smallrye/beanbag/smallrye-beanbag-maven/1.5.2/smallrye-beanbag-maven-1.5.2.jar:/home/runner/.m2/repository/io/smallrye/beanbag/smallrye-beanbag-sisu/1.5.2/smallrye-beanbag-sisu-1.5.2.jar:/home/runner/.m2/repository/io/smallrye/beanbag/smallrye-beanbag/1.5.2/smallrye-beanbag-1.5.2.jar:/home/runner/.m2/repository/javax/inject/javax.inject/1/javax.inject-1.jar:/home/runner/.m2/repository/org/apache/maven/maven-artifact/3.9.9/maven-artifact-3.9.9.jar:/home/runner/.m2/repository/org/apache/maven/maven-builder-support/3.9.9/maven-builder-support-3.9.9.jar:/home/runner/.m2/repository/org/apache/maven/maven-model/3.9.9/maven-model-3.9.9.jar:/home/runner/.m2/repository/org/apache/maven/maven-model-builder/3.9.9/maven-model-builder-3.9.9.jar:/home/runner/.m2/repository/org/apache/maven/maven-repository-metadata/3.9.9/maven-repository-metadata-3.9.9.jar:/home/runner/.m2/repository/org/apache/maven/maven-settings/3.9.9/maven-settings-3.9.9.jar:/home/runner/.m2/repository/org/apache/maven/resolver/maven-resolver-api/1.9.22/maven-resolver-api-1.9.22.jar:/home/runner/.m2/repository/org/apache/maven/resolver/maven-resolver-impl/1.9.22/maven-resolver-impl-1.9.22.jar:/home/runner/.m2/repository/org/apache/maven/resolver/maven-resolver-named-locks/1.9.22/maven-resolver-named-locks-1.9.22.jar:/home/runner/.m2/repository/org/apache/maven/resolver/maven-resolver-spi/1.9.22/maven-resolver-spi-1.9.22.jar:/home/runner/.m2/repository/org/apache/maven/resolver/maven-resolver-util/1.9.22/maven-resolver-util-1.9.22.jar:/home/runner/.m2/repository/org/apache/maven/resolver/maven-resolver-transport-http/1.9.20/maven-resolver-transport-http-1.9.20.jar:/home/runner/.m2/repository/org/apache/maven/wagon/wagon-provider-api/3.5.3/wagon-provider-api-3.5.3.jar:/home/runner/.m2/repository/org/apache/maven/wagon/wagon-http-shared/3.5.3/wagon-http-shared-3.5.3.jar:/home/runner/.m2/repository/org/codehaus/plexus/plexus-interpolation/1.26/plexus-interpolation-1.26.jar:/home/runner/.m2/repository/org/codehaus/plexus/plexus-utils/3.5.1/plexus-utils-3.5.1.jar:/home/runner/.m2/repository/org/codehaus/plexus/plexus-xml/4.0.1/plexus-xml-4.0.1.jar:/home/runner/.m2/repository/org/apache/maven/maven-xml-impl/4.0.0-alpha-5/maven-xml-impl-4.0.0-alpha-5.jar:/home/runner/.m2/repository/org/apache/maven/maven-api-xml/4.0.0-alpha-5/maven-api-xml-4.0.0-alpha-5.jar:/home/runner/.m2/repository/org/apache/maven/maven-api-meta/4.0.0-alpha-5/maven-api-meta-4.0.0-alpha-5.jar:/home/runner/.m2/repository/org/codehaus/plexus/plexus-cipher/2.0/plexus-cipher-2.0.jar:/home/runner/.m2/repository/org/codehaus/plexus/plexus-sec-dispatcher/2.0/plexus-sec-dispatcher-2.0.jar:/home/runner/.m2/repository/org/apache/maven/maven-embedder/3.9.9/maven-embedder-3.9.9.jar:/home/runner/.m2/repository/org/apache/maven/maven-core/3.9.9/maven-core-3.9.9.jar:/home/runner/.m2/repository/org/codehaus/plexus/plexus-component-annotations/2.1.0/plexus-component-annotations-2.1.0.jar:/home/runner/.m2/repository/org/apache/maven/maven-plugin-api/3.9.9/maven-plugin-api-3.9.9.jar:/home/runner/.m2/repository/org/apache/maven/shared/maven-shared-utils/3.4.2/maven-shared-utils-3.4.2.jar:/home/runner/.m2/repository/com/google/inject/guice/5.1.0/guice-5.1.0.jar:/home/runner/.m2/repository/aopalliance/aopalliance/1.0/aopalliance-1.0.jar:/home/runner/.m2/repository/org/codehaus/plexus/plexus-classworlds/2.6.0/plexus-classworlds-2.6.0.jar:/home/runner/.m2/repository/commons-cli/commons-cli/1.8.0/commons-cli-1.8.0.jar:/home/runner/.m2/repository/org/eclipse/sisu/org.eclipse.sisu.plexus/0.9.0.M3/org.eclipse.sisu.plexus-0.9.0.M3.jar:/home/runner/.m2/repository/org/apache/maven/maven-settings-builder/3.9.9/maven-settings-builder-3.9.9.jar:/home/runner/.m2/repository/org/apache/maven/maven-resolver-provider/3.9.9/maven-resolver-provider-3.9.9.jar:/home/runner/.m2/repository/org/apache/maven/resolver/maven-resolver-connector-basic/1.9.22/maven-resolver-connector-basic-1.9.22.jar:/home/runner/.m2/repository/org/apache/maven/resolver/maven-resolver-transport-wagon/1.9.22/maven-resolver-transport-wagon-1.9.22.jar:/home/runner/.m2/repository/org/apache/maven/wagon/wagon-http/3.5.3/wagon-http-3.5.3.jar:/home/runner/.m2/repository/org/apache/maven/wagon/wagon-file/3.5.3/wagon-file-3.5.3.jar:/home/runner/.m2/repository/io/quarkus/quarkus-bootstrap-gradle-resolver/3.20.2/quarkus-bootstrap-gradle-resolver-3.20.2.jar:/home/runner/.m2/repository/io/smallrye/jandex/3.3.0/jandex-3.3.0.jar:/home/runner/.m2/repository/org/jboss/logging/commons-logging-jboss-logging/1.0.0.Final/commons-logging-jboss-logging-1.0.0.Final.jar:/home/runner/.m2/repository/io/quarkus/quarkus-junit5-config/3.20.2/quarkus-junit5-config-3.20.2.jar:/home/runner/.m2/repository/org/junit/jupiter/junit-jupiter-api/5.12.1/junit-jupiter-api-5.12.1.jar:/home/runner/.m2/repository/io/smallrye/config/smallrye-config/3.11.4/smallrye-config-3.11.4.jar:/home/runner/.m2/repository/io/smallrye/config/smallrye-config-core/3.11.4/smallrye-config-core-3.11.4.jar:/home/runner/.m2/repository/io/smallrye/common/smallrye-common-classloader/2.12.0/smallrye-common-classloader-2.12.0.jar:/home/runner/.m2/repository/io/smallrye/config/smallrye-config-common/3.11.4/smallrye-config-common-3.11.4.jar:/home/runner/.m2/repository/org/junit/jupiter/junit-jupiter/5.12.1/junit-jupiter-5.12.1.jar:/home/runner/.m2/repository/org/junit/jupiter/junit-jupiter-params/5.12.1/junit-jupiter-params-5.12.1.jar:/home/runner/.m2/repository/org/junit/jupiter/junit-jupiter-engine/5.12.1/junit-jupiter-engine-5.12.1.jar:/home/runner/.m2/repository/io/quarkus/quarkus-core/3.20.2/quarkus-core-3.20.2.jar:/home/runner/.m2/repository/jakarta/enterprise/jakarta.enterprise.cdi-api/4.1.0/jakarta.enterprise.cdi-api-4.1.0.jar:/home/runner/.m2/repository/jakarta/enterprise/jakarta.enterprise.lang-model/4.1.0/jakarta.enterprise.lang-model-4.1.0.jar:/home/runner/.m2/repository/jakarta/el/jakarta.el-api/5.0.1/jakarta.el-api-5.0.1.jar:/home/runner/.m2/repository/jakarta/interceptor/jakarta.interceptor-api/2.2.0/jakarta.interceptor-api-2.2.0.jar:/home/runner/.m2/repository/jakarta/inject/jakarta.inject-api/2.0.1/jakarta.inject-api-2.0.1.jar:/home/runner/.m2/repository/io/smallrye/common/smallrye-common-os/2.12.0/smallrye-common-os-2.12.0.jar:/home/runner/.m2/repository/io/quarkus/quarkus-ide-launcher/3.20.2/quarkus-ide-launcher-3.20.2.jar:/home/runner/.m2/repository/io/quarkus/quarkus-development-mode-spi/3.20.2/quarkus-development-mode-spi-3.20.2.jar:/home/runner/.m2/repository/org/jboss/logging/jboss-logging/3.6.1.Final/jboss-logging-3.6.1.Final.jar:/home/runner/.m2/repository/org/jboss/logmanager/jboss-logmanager/3.1.2.Final/jboss-logmanager-3.1.2.Final.jar:/home/runner/.m2/repository/io/smallrye/common/smallrye-common-constraint/2.12.0/smallrye-common-constraint-2.12.0.jar:/home/runner/.m2/repository/io/smallrye/common/smallrye-common-cpu/2.12.0/smallrye-common-cpu-2.12.0.jar:/home/runner/.m2/repository/io/smallrye/common/smallrye-common-expression/2.12.0/smallrye-common-expression-2.12.0.jar:/home/runner/.m2/repository/io/smallrye/common/smallrye-common-net/2.12.0/smallrye-common-net-2.12.0.jar:/home/runner/.m2/repository/io/smallrye/common/smallrye-common-ref/2.12.0/smallrye-common-ref-2.12.0.jar:/home/runner/.m2/repository/jakarta/json/jakarta.json-api/2.1.3/jakarta.json-api-2.1.3.jar:/home/runner/.m2/repository/org/eclipse/parsson/parsson/1.1.7/parsson-1.1.7.jar:/home/runner/.m2/repository/org/jboss/logging/jboss-logging-annotations/3.0.4.Final/jboss-logging-annotations-3.0.4.Final.jar:/home/runner/.m2/repository/org/jboss/threads/jboss-threads/3.8.0.Final/jboss-threads-3.8.0.Final.jar:/home/runner/.m2/repository/io/smallrye/common/smallrye-common-annotation/2.12.0/smallrye-common-annotation-2.12.0.jar:/home/runner/.m2/repository/io/smallrye/common/smallrye-common-function/2.12.0/smallrye-common-function-2.12.0.jar:/home/runner/.m2/repository/org/jboss/slf4j/slf4j-jboss-logmanager/2.0.0.Final/slf4j-jboss-logmanager-2.0.0.Final.jar:/home/runner/.m2/repository/org/wildfly/common/wildfly-common/2.0.1/wildfly-common-2.0.1.jar:/home/runner/.m2/repository/io/quarkus/quarkus-bootstrap-runner/3.20.2/quarkus-bootstrap-runner-3.20.2.jar:/home/runner/.m2/repository/io/github/crac/org-crac/0.1.3/org-crac-0.1.3.jar:/home/runner/.m2/repository/io/quarkus/quarkus-fs-util/0.0.10/quarkus-fs-util-0.0.10.jar:/home/runner/.m2/repository/org/jboss/marshalling/jboss-marshalling/2.2.2.Final/jboss-marshalling-2.2.2.Final.jar:/home/runner/.m2/repository/io/fabric8/kubernetes-client/7.1.0/kubernetes-client-7.1.0.jar:/home/runner/.m2/repository/io/fabric8/kubernetes-client-api/7.1.0/kubernetes-client-api-7.1.0.jar:/home/runner/.m2/repository/io/fabric8/kubernetes-model-core/7.1.0/kubernetes-model-core-7.1.0.jar:/home/runner/.m2/repository/io/fabric8/kubernetes-model-common/7.1.0/kubernetes-model-common-7.1.0.jar:/home/runner/.m2/repository/javax/annotation/javax.annotation-api/1.3.2/javax.annotation-api-1.3.2.jar:/home/runner/.m2/repository/io/fabric8/kubernetes-model-gatewayapi/7.1.0/kubernetes-model-gatewayapi-7.1.0.jar:/home/runner/.m2/repository/io/fabric8/kubernetes-model-resource/7.1.0/kubernetes-model-resource-7.1.0.jar:/home/runner/.m2/repository/io/fabric8/kubernetes-model-rbac/7.1.0/kubernetes-model-rbac-7.1.0.jar:/home/runner/.m2/repository/io/fabric8/kubernetes-model-admissionregistration/7.1.0/kubernetes-model-admissionregistration-7.1.0.jar:/home/runner/.m2/repository/io/fabric8/kubernetes-model-apps/7.1.0/kubernetes-model-apps-7.1.0.jar:/home/runner/.m2/repository/io/fabric8/kubernetes-model-autoscaling/7.1.0/kubernetes-model-autoscaling-7.1.0.jar:/home/runner/.m2/repository/io/fabric8/kubernetes-model-apiextensions/7.1.0/kubernetes-model-apiextensions-7.1.0.jar:/home/runner/.m2/repository/io/fabric8/kubernetes-model-batch/7.1.0/kubernetes-model-batch-7.1.0.jar:/home/runner/.m2/repository/io/fabric8/kubernetes-model-certificates/7.1.0/kubernetes-model-certificates-7.1.0.jar:/home/runner/.m2/repository/io/fabric8/kubernetes-model-coordination/7.1.0/kubernetes-model-coordination-7.1.0.jar:/home/runner/.m2/repository/io/fabric8/kubernetes-model-discovery/7.1.0/kubernetes-model-discovery-7.1.0.jar:/home/runner/.m2/repository/io/fabric8/kubernetes-model-events/7.1.0/kubernetes-model-events-7.1.0.jar:/home/runner/.m2/repository/io/fabric8/kubernetes-model-extensions/7.1.0/kubernetes-model-extensions-7.1.0.jar:/home/runner/.m2/repository/io/fabric8/kubernetes-model-flowcontrol/7.1.0/kubernetes-model-flowcontrol-7.1.0.jar:/home/runner/.m2/repository/io/fabric8/kubernetes-model-networking/7.1.0/kubernetes-model-networking-7.1.0.jar:/home/runner/.m2/repository/io/fabric8/kubernetes-model-metrics/7.1.0/kubernetes-model-metrics-7.1.0.jar:/home/runner/.m2/repository/io/fabric8/kubernetes-model-policy/7.1.0/kubernetes-model-policy-7.1.0.jar:/home/runner/.m2/repository/io/fabric8/kubernetes-model-scheduling/7.1.0/kubernetes-model-scheduling-7.1.0.jar:/home/runner/.m2/repository/io/fabric8/kubernetes-model-storageclass/7.1.0/kubernetes-model-storageclass-7.1.0.jar:/home/runner/.m2/repository/io/fabric8/kubernetes-model-node/7.1.0/kubernetes-model-node-7.1.0.jar:/home/runner/.m2/repository/org/snakeyaml/snakeyaml-engine/2.9/snakeyaml-engine-2.9.jar:/home/runner/.m2/repository/com/fasterxml/jackson/dataformat/jackson-dataformat-yaml/2.18.2/jackson-dataformat-yaml-2.18.2.jar:/home/runner/.m2/repository/com/fasterxml/jackson/datatype/jackson-datatype-jsr310/2.18.2/jackson-datatype-jsr310-2.18.2.jar:/home/runner/.m2/repository/io/fabric8/zjsonpatch/7.1.0/zjsonpatch-7.1.0.jar:/home/runner/.m2/repository/io/fabric8/kubernetes-httpclient-vertx/7.1.0/kubernetes-httpclient-vertx-7.1.0.jar:/home/runner/.m2/repository/io/vertx/vertx-web-client/4.5.16/vertx-web-client-4.5.16.jar:/home/runner/.m2/repository/io/vertx/vertx-web-common/4.5.16/vertx-web-common-4.5.16.jar:/home/runner/.m2/repository/io/vertx/vertx-auth-common/4.5.16/vertx-auth-common-4.5.16.jar:/home/runner/.m2/repository/io/vertx/vertx-uri-template/4.5.16/vertx-uri-template-4.5.16.jar:/home/runner/.m2/repository/io/fabric8/openshift-client/7.1.0/openshift-client-7.1.0.jar:/home/runner/.m2/repository/io/fabric8/openshift-client-api/7.1.0/openshift-client-api-7.1.0.jar:/home/runner/.m2/repository/io/fabric8/openshift-model/7.1.0/openshift-model-7.1.0.jar:/home/runner/.m2/repository/io/fabric8/openshift-model-autoscaling/7.1.0/openshift-model-autoscaling-7.1.0.jar:/home/runner/.m2/repository/io/fabric8/openshift-model-operator/7.1.0/openshift-model-operator-7.1.0.jar:/home/runner/.m2/repository/io/fabric8/openshift-model-operatorhub/7.1.0/openshift-model-operatorhub-7.1.0.jar:/home/runner/.m2/repository/io/fabric8/openshift-model-machine/7.1.0/openshift-model-machine-7.1.0.jar:/home/runner/.m2/repository/io/fabric8/openshift-model-whereabouts/7.1.0/openshift-model-whereabouts-7.1.0.jar:/home/runner/.m2/repository/io/fabric8/openshift-model-monitoring/7.1.0/openshift-model-monitoring-7.1.0.jar:/home/runner/.m2/repository/io/fabric8/openshift-model-storageversionmigrator/7.1.0/openshift-model-storageversionmigrator-7.1.0.jar:/home/runner/.m2/repository/io/fabric8/openshift-model-tuned/7.1.0/openshift-model-tuned-7.1.0.jar:/home/runner/.m2/repository/io/fabric8/openshift-model-console/7.1.0/openshift-model-console-7.1.0.jar:/home/runner/.m2/repository/io/fabric8/openshift-model-config/7.1.0/openshift-model-config-7.1.0.jar:/home/runner/.m2/repository/io/fabric8/openshift-model-machineconfiguration/7.1.0/openshift-model-machineconfiguration-7.1.0.jar:/home/runner/.m2/repository/io/fabric8/openshift-model-miscellaneous/7.1.0/openshift-model-miscellaneous-7.1.0.jar:/home/runner/.m2/repository/io/fabric8/openshift-model-hive/7.1.0/openshift-model-hive-7.1.0.jar:/home/runner/.m2/repository/io/fabric8/openshift-model-installer/7.1.0/openshift-model-installer-7.1.0.jar:/home/runner/.m2/repository/org/junit/platform/junit-platform-launcher/1.12.1/junit-platform-launcher-1.12.1.jar:/home/runner/.m2/repository/org/junit/platform/junit-platform-engine/1.12.1/junit-platform-engine-1.12.1.jar:/home/runner/.m2/repository/org/opentest4j/opentest4j/1.3.0/opentest4j-1.3.0.jar:/home/runner/.m2/repository/org/junit/platform/junit-platform-commons/1.12.1/junit-platform-commons-1.12.1.jar:/home/runner/.m2/repository/org/apiguardian/apiguardian-api/1.1.2/apiguardian-api-1.1.2.jar:/home/runner/.m2/repository/jakarta/ws/rs/jakarta.ws.rs-api/3.1.0/jakarta.ws.rs-api-3.1.0.jar:/home/runner/work/apicurio-testing/apicurio-testing/clusters/ci419/namespaces/inmemory/tests/integration/apicurio-registry/java-sdk/target/apicurio-registry-java-sdk-3.0.12-SNAPSHOT.jar:/home/runner/.m2/repository/com/microsoft/kiota/microsoft-kiota-abstractions/1.8.8/microsoft-kiota-abstractions-1.8.8.jar:/home/runner/.m2/repository/io/github/std-uritemplate/std-uritemplate/2.0.0/std-uritemplate-2.0.0.jar:/home/runner/.m2/repository/io/kiota/kiota-http-jdk/0.0.29/kiota-http-jdk-0.0.29.jar:/home/runner/.m2/repository/io/kiota/kiota-http-vertx/0.0.29/kiota-http-vertx-0.0.29.jar:/home/runner/.m2/repository/io/kiota/kiota-serialization-jackson/0.0.29/kiota-serialization-jackson-0.0.29.jar:/home/runner/.m2/repository/com/microsoft/kiota/microsoft-kiota-serialization-text/1.8.8/microsoft-kiota-serialization-text-1.8.8.jar:/home/runner/.m2/repository/com/microsoft/kiota/microsoft-kiota-serialization-form/1.8.8/microsoft-kiota-serialization-form-1.8.8.jar:/home/runner/.m2/repository/com/microsoft/kiota/microsoft-kiota-serialization-multipart/1.8.8/microsoft-kiota-serialization-multipart-1.8.8.jar:/home/runner/.m2/repository/jakarta/annotation/jakarta.annotation-api/3.0.0/jakarta.annotation-api-3.0.0.jar:/home/runner/.m2/repository/io/vertx/vertx-auth-oauth2/4.5.16/vertx-auth-oauth2-4.5.16.jar:/home/runner/work/apicurio-testing/apicurio-testing/clusters/ci419/namespaces/inmemory/tests/integration/apicurio-registry/java-sdk-v2/target/apicurio-registry-v2-java-sdk-3.0.12-SNAPSHOT.jar:/home/runner/work/apicurio-testing/apicurio-testing/clusters/ci419/namespaces/inmemory/tests/integration/apicurio-registry/utils/kafka/target/apicurio-registry-utils-kafka-3.0.12-SNAPSHOT-tests.jar:/home/runner/.m2/repository/org/eclipse/microprofile/config/microprofile-config-api/3.1/microprofile-config-api-3.1.jar:/home/runner/.m2/repository/org/apache/kafka/kafka-clients/3.9.1/kafka-clients-3.9.1.jar:/home/runner/.m2/repository/com/github/luben/zstd-jni/1.5.6-4/zstd-jni-1.5.6-4.jar:/home/runner/.m2/repository/org/lz4/lz4-java/1.8.0/lz4-java-1.8.0.jar:/home/runner/.m2/repository/org/xerial/snappy/snappy-java/1.1.10.5/snappy-java-1.1.10.5.jar:/home/runner/.m2/repository/org/slf4j/slf4j-api/2.0.6/slf4j-api-2.0.6.jar:/home/runner/work/apicurio-testing/apicurio-testing/clusters/ci419/namespaces/inmemory/tests/integration/apicurio-registry/utils/tests/target/apicurio-registry-utils-tests-3.0.12-SNAPSHOT.jar:/home/runner/work/apicurio-testing/apicurio-testing/clusters/ci419/namespaces/inmemory/tests/integration/apicurio-registry/common/target/apicurio-registry-common-3.0.12-SNAPSHOT.jar:/home/runner/.m2/repository/jakarta/validation/jakarta.validation-api/3.0.2/jakarta.validation-api-3.0.2.jar:/home/runner/.m2/repository/com/github/dasniko/testcontainers-keycloak/3.8.0/testcontainers-keycloak-3.8.0.jar:/home/runner/.m2/repository/org/testcontainers/testcontainers/1.20.6/testcontainers-1.20.6.jar:/home/runner/.m2/repository/org/rnorth/duct-tape/duct-tape/1.0.8/duct-tape-1.0.8.jar:/home/runner/.m2/repository/com/github/docker-java/docker-java-transport-zerodep/3.4.1/docker-java-transport-zerodep-3.4.1.jar:/home/runner/.m2/repository/com/github/docker-java/docker-java-transport/3.4.1/docker-java-transport-3.4.1.jar:/home/runner/.m2/repository/net/java/dev/jna/jna/5.8.0/jna-5.8.0.jar:/home/runner/.m2/repository/io/quarkus/quarkus-junit4-mock/3.20.2/quarkus-junit4-mock-3.20.2.jar:/home/runner/.m2/repository/org/jboss/shrinkwrap/shrinkwrap-api/2.0.0-beta-2/shrinkwrap-api-2.0.0-beta-2.jar:/home/runner/.m2/repository/org/jboss/shrinkwrap/shrinkwrap-impl-base/2.0.0-beta-2/shrinkwrap-impl-base-2.0.0-beta-2.jar:/home/runner/.m2/repository/org/jboss/shrinkwrap/shrinkwrap-spi/2.0.0-beta-2/shrinkwrap-spi-2.0.0-beta-2.jar:/home/runner/.m2/repository/org/keycloak/keycloak-admin-client/26.0.4/keycloak-admin-client-26.0.4.jar:/home/runner/.m2/repository/org/keycloak/keycloak-client-common-synced/26.0.4/keycloak-client-common-synced-26.0.4.jar:/home/runner/.m2/repository/jakarta/activation/jakarta.activation-api/2.1.3/jakarta.activation-api-2.1.3.jar:/home/runner/.m2/repository/org/eclipse/microprofile/openapi/microprofile-openapi-api/4.0.2/microprofile-openapi-api-4.0.2.jar:/home/runner/.m2/repository/org/jboss/resteasy/resteasy-client/6.2.12.Final/resteasy-client-6.2.12.Final.jar:/home/runner/.m2/repository/org/jboss/resteasy/resteasy-client-api/6.2.12.Final/resteasy-client-api-6.2.12.Final.jar:/home/runner/.m2/repository/org/jboss/resteasy/resteasy-core-spi/6.2.12.Final/resteasy-core-spi-6.2.12.Final.jar:/home/runner/.m2/repository/org/jboss/resteasy/resteasy-core/6.2.12.Final/resteasy-core-6.2.12.Final.jar:/home/runner/.m2/repository/org/eclipse/angus/angus-activation/2.0.2/angus-activation-2.0.2.jar:/home/runner/.m2/repository/com/ibm/async/asyncutil/0.1.0/asyncutil-0.1.0.jar:/home/runner/.m2/repository/org/reactivestreams/reactive-streams/1.0.4/reactive-streams-1.0.4.jar:/home/runner/.m2/repository/org/jboss/resteasy/resteasy-multipart-provider/6.2.12.Final/resteasy-multipart-provider-6.2.12.Final.jar:/home/runner/.m2/repository/jakarta/mail/jakarta.mail-api/2.1.3/jakarta.mail-api-2.1.3.jar:/home/runner/.m2/repository/org/eclipse/angus/angus-mail/2.0.3/angus-mail-2.0.3.jar:/home/runner/.m2/repository/org/apache/james/apache-mime4j-dom/0.8.12/apache-mime4j-dom-0.8.12.jar:/home/runner/.m2/repository/org/apache/james/apache-mime4j-core/0.8.12/apache-mime4j-core-0.8.12.jar:/home/runner/.m2/repository/org/apache/james/apache-mime4j-storage/0.8.12/apache-mime4j-storage-0.8.12.jar:/home/runner/.m2/repository/org/jboss/resteasy/resteasy-jackson2-provider/6.2.12.Final/resteasy-jackson2-provider-6.2.12.Final.jar:/home/runner/.m2/repository/com/fasterxml/jackson/jakarta/rs/jackson-jakarta-rs-base/2.18.2/jackson-jakarta-rs-base-2.18.2.jar:/home/runner/.m2/repository/com/fasterxml/jackson/jakarta/rs/jackson-jakarta-rs-json-provider/2.18.2/jackson-jakarta-rs-json-provider-2.18.2.jar:/home/runner/.m2/repository/com/fasterxml/jackson/module/jackson-module-jakarta-xmlbind-annotations/2.18.2/jackson-module-jakarta-xmlbind-annotations-2.18.2.jar:/home/runner/.m2/repository/com/github/java-json-tools/json-patch/1.13/json-patch-1.13.jar:/home/runner/.m2/repository/com/github/java-json-tools/msg-simple/1.2/msg-simple-1.2.jar:/home/runner/.m2/repository/com/github/java-json-tools/btf/1.3/btf-1.3.jar:/home/runner/.m2/repository/com/github/java-json-tools/jackson-coreutils/2.0/jackson-coreutils-2.0.jar:/home/runner/.m2/repository/org/jboss/resteasy/resteasy-jaxb-provider/6.2.12.Final/resteasy-jaxb-provider-6.2.12.Final.jar:/home/runner/.m2/repository/org/glassfish/jaxb/codemodel/4.0.5/codemodel-4.0.5.jar:/home/runner/.m2/repository/org/glassfish/jaxb/jaxb-core/4.0.5/jaxb-core-4.0.5.jar:/home/runner/.m2/repository/org/glassfish/jaxb/jaxb-jxc/4.0.5/jaxb-jxc-4.0.5.jar:/home/runner/.m2/repository/org/glassfish/jaxb/jaxb-runtime/4.0.5/jaxb-runtime-4.0.5.jar:/home/runner/.m2/repository/org/glassfish/jaxb/txw2/4.0.5/txw2-4.0.5.jar:/home/runner/.m2/repository/org/glassfish/jaxb/jaxb-xjc/4.0.5/jaxb-xjc-4.0.5.jar:/home/runner/.m2/repository/org/glassfish/jaxb/xsom/4.0.5/xsom-4.0.5.jar:/home/runner/.m2/repository/com/sun/istack/istack-commons-runtime/4.1.2/istack-commons-runtime-4.1.2.jar:/home/runner/.m2/repository/com/sun/istack/istack-commons-tools/4.1.2/istack-commons-tools-4.1.2.jar:/home/runner/.m2/repository/com/sun/xml/bind/external/relaxng-datatype/4.0.5/relaxng-datatype-4.0.5.jar:/home/runner/.m2/repository/com/sun/xml/bind/external/rngom/4.0.5/rngom-4.0.5.jar:/home/runner/.m2/repository/org/testcontainers/mssqlserver/1.20.6/mssqlserver-1.20.6.jar:/home/runner/.m2/repository/org/testcontainers/jdbc/1.20.6/jdbc-1.20.6.jar:/home/runner/.m2/repository/org/testcontainers/database-commons/1.20.6/database-commons-1.20.6.jar:/home/runner/.m2/repository/org/testcontainers/mysql/1.20.6/mysql-1.20.6.jar:/home/runner/.m2/repository/io/strimzi/strimzi-test-container/0.111.0/strimzi-test-container-0.111.0.jar:/home/runner/.m2/repository/org/testcontainers/toxiproxy/1.20.6/toxiproxy-1.20.6.jar:/home/runner/.m2/repository/com/github/docker-java/docker-java-api/3.4.1/docker-java-api-3.4.1.jar:/home/runner/.m2/repository/org/apache/logging/log4j/log4j-slf4j-impl/2.19.0/log4j-slf4j-impl-2.19.0.jar:/home/runner/.m2/repository/org/apache/logging/log4j/log4j-api/2.24.3/log4j-api-2.24.3.jar:/home/runner/.m2/repository/org/apache/logging/log4j/log4j-core/2.19.0/log4j-core-2.19.0.jar:/home/runner/.m2/repository/eu/rekawek/toxiproxy/toxiproxy-java/2.1.7/toxiproxy-java-2.1.7.jar:/home/runner/.m2/repository/org/testcontainers/pulsar/1.21.3/pulsar-1.21.3.jar:/home/runner/.m2/repository/io/debezium/debezium-testing-testcontainers/2.7.4.Final/debezium-testing-testcontainers-2.7.4.Final.jar:/home/runner/.m2/repository/org/testcontainers/kafka/1.20.6/kafka-1.20.6.jar:/home/runner/.m2/repository/com/squareup/okhttp3/okhttp/4.8.1/okhttp-4.8.1.jar:/home/runner/.m2/repository/com/squareup/okio/okio/3.10.2/okio-3.10.2.jar:/home/runner/.m2/repository/com/squareup/okio/okio-jvm/3.10.2/okio-jvm-3.10.2.jar:/home/runner/.m2/repository/org/jetbrains/kotlin/kotlin-stdlib/2.0.21/kotlin-stdlib-2.0.21.jar:/home/runner/.m2/repository/org/awaitility/awaitility/4.3.0/awaitility-4.3.0.jar:/home/runner/.m2/repository/org/testcontainers/mongodb/1.20.6/mongodb-1.20.6.jar:/home/runner/.m2/repository/org/testcontainers/mariadb/1.20.6/mariadb-1.20.6.jar:/home/runner/.m2/repository/org/testcontainers/oracle-xe/1.20.6/oracle-xe-1.20.6.jar:/home/runner/.m2/repository/org/testcontainers/postgresql/1.20.6/postgresql-1.20.6.jar:/home/runner/.m2/repository/org/wiremock/wiremock/3.0.1/wiremock-3.0.1.jar:/home/runner/.m2/repository/org/eclipse/jetty/jetty-server/11.0.15/jetty-server-11.0.15.jar:/home/runner/.m2/repository/org/eclipse/jetty/toolchain/jetty-jakarta-servlet-api/5.0.2/jetty-jakarta-servlet-api-5.0.2.jar:/home/runner/.m2/repository/org/eclipse/jetty/jetty-http/11.0.15/jetty-http-11.0.15.jar:/home/runner/.m2/repository/org/eclipse/jetty/jetty-io/11.0.15/jetty-io-11.0.15.jar:/home/runner/.m2/repository/org/eclipse/jetty/jetty-servlet/11.0.15/jetty-servlet-11.0.15.jar:/home/runner/.m2/repository/org/eclipse/jetty/jetty-security/11.0.15/jetty-security-11.0.15.jar:/home/runner/.m2/repository/org/eclipse/jetty/jetty-servlets/11.0.15/jetty-servlets-11.0.15.jar:/home/runner/.m2/repository/org/eclipse/jetty/jetty-util/11.0.15/jetty-util-11.0.15.jar:/home/runner/.m2/repository/org/eclipse/jetty/jetty-webapp/11.0.15/jetty-webapp-11.0.15.jar:/home/runner/.m2/repository/org/eclipse/jetty/jetty-xml/11.0.15/jetty-xml-11.0.15.jar:/home/runner/.m2/repository/org/eclipse/jetty/jetty-proxy/11.0.15/jetty-proxy-11.0.15.jar:/home/runner/.m2/repository/org/eclipse/jetty/jetty-client/11.0.15/jetty-client-11.0.15.jar:/home/runner/.m2/repository/org/eclipse/jetty/http2/http2-server/11.0.15/http2-server-11.0.15.jar:/home/runner/.m2/repository/org/eclipse/jetty/http2/http2-common/11.0.15/http2-common-11.0.15.jar:/home/runner/.m2/repository/org/eclipse/jetty/http2/http2-hpack/11.0.15/http2-hpack-11.0.15.jar:/home/runner/.m2/repository/org/eclipse/jetty/jetty-alpn-server/11.0.15/jetty-alpn-server-11.0.15.jar:/home/runner/.m2/repository/org/eclipse/jetty/jetty-alpn-java-server/11.0.15/jetty-alpn-java-server-11.0.15.jar:/home/runner/.m2/repository/org/eclipse/jetty/jetty-alpn-java-client/11.0.15/jetty-alpn-java-client-11.0.15.jar:/home/runner/.m2/repository/org/eclipse/jetty/jetty-alpn-client/11.0.15/jetty-alpn-client-11.0.15.jar:/home/runner/.m2/repository/org/apache/httpcomponents/client5/httpclient5/5.2.1/httpclient5-5.2.1.jar:/home/runner/.m2/repository/org/apache/httpcomponents/core5/httpcore5/5.2/httpcore5-5.2.jar:/home/runner/.m2/repository/org/apache/httpcomponents/core5/httpcore5-h2/5.2/httpcore5-h2-5.2.jar:/home/runner/.m2/repository/org/xmlunit/xmlunit-core/2.9.1/xmlunit-core-2.9.1.jar:/home/runner/.m2/repository/jakarta/xml/bind/jakarta.xml.bind-api/4.0.2/jakarta.xml.bind-api-4.0.2.jar:/home/runner/.m2/repository/org/xmlunit/xmlunit-legacy/2.9.1/xmlunit-legacy-2.9.1.jar:/home/runner/.m2/repository/org/xmlunit/xmlunit-placeholders/2.9.1/xmlunit-placeholders-2.9.1.jar:/home/runner/.m2/repository/net/javacrumbs/json-unit/json-unit-core/2.38.0/json-unit-core-2.38.0.jar:/home/runner/.m2/repository/org/hamcrest/hamcrest-core/2.2/hamcrest-core-2.2.jar:/home/runner/.m2/repository/com/jayway/jsonpath/json-path/2.8.0/json-path-2.8.0.jar:/home/runner/.m2/repository/net/minidev/json-smart/2.4.10/json-smart-2.4.10.jar:/home/runner/.m2/repository/net/minidev/accessors-smart/2.4.9/accessors-smart-2.4.9.jar:/home/runner/.m2/repository/org/ow2/asm/asm/9.7.1/asm-9.7.1.jar:/home/runner/.m2/repository/net/sf/jopt-simple/jopt-simple/5.0.4/jopt-simple-5.0.4.jar:/home/runner/.m2/repository/com/github/jknack/handlebars/4.3.1/handlebars-4.3.1.jar:/home/runner/.m2/repository/com/github/jknack/handlebars-helpers/4.3.1/handlebars-helpers-4.3.1.jar:/home/runner/.m2/repository/commons-fileupload/commons-fileupload/1.5/commons-fileupload-1.5.jar:/home/runner/.m2/repository/com/networknt/json-schema-validator/1.5.8/json-schema-validator-1.5.8.jar:/home/runner/.m2/repository/com/ethlo/time/itu/1.10.3/itu-1.10.3.jar:/home/runner/.m2/repository/io/quarkus/quarkus-smallrye-jwt-build/3.20.2/quarkus-smallrye-jwt-build-3.20.2.jar:/home/runner/.m2/repository/io/smallrye/smallrye-jwt-build/4.6.2/smallrye-jwt-build-4.6.2.jar:/home/runner/.m2/repository/org/eclipse/microprofile/jwt/microprofile-jwt-auth-api/2.1/microprofile-jwt-auth-api-2.1.jar:/home/runner/.m2/repository/org/bitbucket/b_c/jose4j/0.9.6/jose4j-0.9.6.jar:/home/runner/.m2/repository/io/smallrye/smallrye-jwt-common/4.6.2/smallrye-jwt-common-4.6.2.jar:/home/runner/.m2/repository/io/quarkus/quarkus-jsonp/3.20.2/quarkus-jsonp-3.20.2.jar:/home/runner/.m2/repository/io/quarkus/quarkus-arc/3.20.2/quarkus-arc-3.20.2.jar:/home/runner/.m2/repository/io/quarkus/arc/arc/3.20.2/arc-3.20.2.jar:/home/runner/.m2/repository/jakarta/transaction/jakarta.transaction-api/2.0.1/jakarta.transaction-api-2.0.1.jar:/home/runner/.m2/repository/io/smallrye/reactive/mutiny/2.9.2/mutiny-2.9.2.jar:/home/runner/.m2/repository/org/jctools/jctools-core/4.0.5/jctools-core-4.0.5.jar:/home/runner/.m2/repository/org/eclipse/microprofile/context-propagation/microprofile-context-propagation-api/1.3/microprofile-context-propagation-api-1.3.jar:/home/runner/.m2/repository/io/apicurio/apicurio-common-rest-client-common/0.1.18.Final/apicurio-common-rest-client-common-0.1.18.Final.jar:/home/runner/work/apicurio-testing/apicurio-testing/clusters/ci419/namespaces/inmemory/tests/integration/apicurio-registry/utils/maven-plugin/target/apicurio-registry-maven-plugin-3.0.12-SNAPSHOT.jar:/home/runner/.m2/repository/com/fasterxml/jackson/core/jackson-databind/2.18.2/jackson-databind-2.18.2.jar:/home/runner/.m2/repository/org/apache/avro/avro/1.12.0/avro-1.12.0.jar:/home/runner/.m2/repository/com/google/protobuf/protobuf-java/4.31.1/protobuf-java-4.31.1.jar:/home/runner/.m2/repository/com/google/protobuf/protobuf-java-util/4.31.1/protobuf-java-util-4.31.1.jar:/home/runner/.m2/repository/com/google/code/findbugs/jsr305/3.0.2/jsr305-3.0.2.jar:/home/runner/.m2/repository/com/google/code/gson/gson/2.12.1/gson-2.12.1.jar:/home/runner/.m2/repository/com/google/errorprone/error_prone_annotations/2.36.0/error_prone_annotations-2.36.0.jar:/home/runner/.m2/repository/com/google/j2objc/j2objc-annotations/2.8/j2objc-annotations-2.8.jar:/home/runner/work/apicurio-testing/apicurio-testing/clusters/ci419/namespaces/inmemory/tests/integration/apicurio-registry/schema-util/util-provider/target/apicurio-registry-schema-util-provider-3.0.12-SNAPSHOT.jar:/home/runner/work/apicurio-testing/apicurio-testing/clusters/ci419/namespaces/inmemory/tests/integration/apicurio-registry/schema-util/common/target/apicurio-registry-schema-util-common-3.0.12-SNAPSHOT.jar:/home/runner/.m2/repository/com/fasterxml/jackson/module/jackson-module-parameter-names/2.18.2/jackson-module-parameter-names-2.18.2.jar:/home/runner/.m2/repository/com/fasterxml/jackson/datatype/jackson-datatype-json-org/2.18.2/jackson-datatype-json-org-2.18.2.jar:/home/runner/work/apicurio-testing/apicurio-testing/clusters/ci419/namespaces/inmemory/tests/integration/apicurio-registry/schema-util/json/target/apicurio-registry-schema-util-json-3.0.12-SNAPSHOT.jar:/home/runner/.m2/repository/com/github/erosb/everit-json-schema/1.14.5/everit-json-schema-1.14.5.jar:/home/runner/.m2/repository/commons-validator/commons-validator/1.9.0/commons-validator-1.9.0.jar:/home/runner/.m2/repository/commons-digester/commons-digester/2.1/commons-digester-2.1.jar:/home/runner/.m2/repository/commons-collections/commons-collections/3.2.2/commons-collections-3.2.2.jar:/home/runner/.m2/repository/com/damnhandy/handy-uri-templates/2.1.8/handy-uri-templates-2.1.8.jar:/home/runner/.m2/repository/joda-time/joda-time/2.10.2/joda-time-2.10.2.jar:/home/runner/.m2/repository/com/github/erosb/json-sKema/0.20.0/json-sKema-0.20.0.jar:/home/runner/.m2/repository/io/vertx/vertx-json-schema/4.5.16/vertx-json-schema-4.5.16.jar:/home/runner/work/apicurio-testing/apicurio-testing/clusters/ci419/namespaces/inmemory/tests/integration/apicurio-registry/schema-util/protobuf/target/apicurio-registry-schema-util-protobuf-3.0.12-SNAPSHOT.jar:/home/runner/work/apicurio-testing/apicurio-testing/clusters/ci419/namespaces/inmemory/tests/integration/apicurio-registry/utils/protobuf-schema-utilities/target/apicurio-registry-protobuf-schema-utilities-3.0.12-SNAPSHOT.jar:/home/runner/.m2/repository/com/google/api/grpc/proto-google-common-protos/2.52.0/proto-google-common-protos-2.52.0.jar:/home/runner/.m2/repository/com/squareup/wire/wire-schema-jvm/5.3.3/wire-schema-jvm-5.3.3.jar:/home/runner/.m2/repository/com/palantir/javapoet/javapoet/0.6.0/javapoet-0.6.0.jar:/home/runner/.m2/repository/com/squareup/kotlinpoet-jvm/2.0.0/kotlinpoet-jvm-2.0.0.jar:/home/runner/.m2/repository/org/jetbrains/kotlin/kotlin-reflect/2.0.21/kotlin-reflect-2.0.21.jar:/home/runner/.m2/repository/com/squareup/wire/wire-runtime-jvm/5.3.3/wire-runtime-jvm-5.3.3.jar:/home/runner/.m2/repository/com/ibm/icu/icu4j/76.1/icu4j-76.1.jar:/home/runner/.m2/repository/com/squareup/okio/okio-fakefilesystem/3.10.2/okio-fakefilesystem-3.10.2.jar:/home/runner/.m2/repository/com/squareup/okio/okio-fakefilesystem-jvm/3.10.2/okio-fakefilesystem-jvm-3.10.2.jar:/home/runner/.m2/repository/org/jetbrains/kotlinx/kotlinx-datetime-jvm/0.6.1/kotlinx-datetime-jvm-0.6.1.jar:/home/runner/work/apicurio-testing/apicurio-testing/clusters/ci419/namespaces/inmemory/tests/integration/apicurio-registry/schema-util/asyncapi/target/apicurio-registry-schema-util-asyncapi-3.0.12-SNAPSHOT.jar:/home/runner/work/apicurio-testing/apicurio-testing/clusters/ci419/namespaces/inmemory/tests/integration/apicurio-registry/schema-util/avro/target/apicurio-registry-schema-util-avro-3.0.12-SNAPSHOT.jar:/home/runner/work/apicurio-testing/apicurio-testing/clusters/ci419/namespaces/inmemory/tests/integration/apicurio-registry/schema-util/graphql/target/apicurio-registry-schema-util-graphql-3.0.12-SNAPSHOT.jar:/home/runner/.m2/repository/com/graphql-java/graphql-java/22.4/graphql-java-22.4.jar:/home/runner/.m2/repository/com/graphql-java/java-dataloader/3.3.0/java-dataloader-3.3.0.jar:/home/runner/work/apicurio-testing/apicurio-testing/clusters/ci419/namespaces/inmemory/tests/integration/apicurio-registry/schema-util/kconnect/target/apicurio-registry-schema-util-kconnect-3.0.12-SNAPSHOT.jar:/home/runner/work/apicurio-testing/apicurio-testing/clusters/ci419/namespaces/inmemory/tests/integration/apicurio-registry/schema-util/openapi/target/apicurio-registry-schema-util-openapi-3.0.12-SNAPSHOT.jar:/home/runner/.m2/repository/io/apicurio/apicurio-data-models/2.2.2/apicurio-data-models-2.2.2.jar:/home/runner/.m2/repository/org/openapitools/openapidiff/openapi-diff-core/2.1.2/openapi-diff-core-2.1.2.jar:/home/runner/.m2/repository/io/swagger/parser/v3/swagger-parser/2.1.28/swagger-parser-2.1.28.jar:/home/runner/.m2/repository/io/swagger/parser/v3/swagger-parser-v2-converter/2.1.28/swagger-parser-v2-converter-2.1.28.jar:/home/runner/.m2/repository/io/swagger/swagger-core/1.6.16/swagger-core-1.6.16.jar:/home/runner/.m2/repository/io/swagger/swagger-models/1.6.16/swagger-models-1.6.16.jar:/home/runner/.m2/repository/io/swagger/swagger-annotations/1.6.16/swagger-annotations-1.6.16.jar:/home/runner/.m2/repository/io/swagger/swagger-parser/1.0.75/swagger-parser-1.0.75.jar:/home/runner/.m2/repository/io/swagger/swagger-parser-safe-url-resolver/1.0.75/swagger-parser-safe-url-resolver-1.0.75.jar:/home/runner/.m2/repository/io/swagger/swagger-compat-spec-parser/1.0.75/swagger-compat-spec-parser-1.0.75.jar:/home/runner/.m2/repository/com/github/java-json-tools/json-schema-validator/2.2.14/json-schema-validator-2.2.14.jar:/home/runner/.m2/repository/com/github/java-json-tools/jackson-coreutils-equivalence/1.0/jackson-coreutils-equivalence-1.0.jar:/home/runner/.m2/repository/com/github/java-json-tools/json-schema-core/1.2.14/json-schema-core-1.2.14.jar:/home/runner/.m2/repository/com/github/java-json-tools/uri-template/0.10/uri-template-0.10.jar:/home/runner/.m2/repository/com/googlecode/libphonenumber/libphonenumber/8.11.1/libphonenumber-8.11.1.jar:/home/runner/.m2/repository/com/j2html/j2html/1.6.0/j2html-1.6.0.jar:/home/runner/.m2/repository/org/apache/commons/commons-collections4/4.5.0/commons-collections4-4.5.0.jar:/home/runner/.m2/repository/org/slf4j/jcl-over-slf4j/2.0.17/jcl-over-slf4j-2.0.17.jar:/home/runner/.m2/repository/io/swagger/parser/v3/swagger-parser-v3/2.1.31/swagger-parser-v3-2.1.31.jar:/home/runner/.m2/repository/io/swagger/core/v3/swagger-models/2.2.34/swagger-models-2.2.34.jar:/home/runner/.m2/repository/io/swagger/core/v3/swagger-core/2.2.34/swagger-core-2.2.34.jar:/home/runner/.m2/repository/io/swagger/parser/v3/swagger-parser-core/2.1.31/swagger-parser-core-2.1.31.jar:/home/runner/.m2/repository/io/swagger/parser/v3/swagger-parser-safe-url-resolver/2.1.31/swagger-parser-safe-url-resolver-2.1.31.jar:/home/runner/work/apicurio-testing/apicurio-testing/clusters/ci419/namespaces/inmemory/tests/integration/apicurio-registry/schema-util/wsdl/target/apicurio-registry-schema-util-wsdl-3.0.12-SNAPSHOT.jar:/home/runner/.m2/repository/wsdl4j/wsdl4j/1.6.3/wsdl4j-1.6.3.jar:/home/runner/work/apicurio-testing/apicurio-testing/clusters/ci419/namespaces/inmemory/tests/integration/apicurio-registry/schema-util/xml/target/apicurio-registry-schema-util-xml-3.0.12-SNAPSHOT.jar:/home/runner/.m2/repository/org/apache/santuario/xmlsec/4.0.4/xmlsec-4.0.4.jar:/home/runner/.m2/repository/com/fasterxml/woodstox/woodstox-core/7.1.1/woodstox-core-7.1.1.jar:/home/runner/.m2/repository/org/codehaus/woodstox/stax2-api/4.2.2/stax2-api-4.2.2.jar:/home/runner/work/apicurio-testing/apicurio-testing/clusters/ci419/namespaces/inmemory/tests/integration/apicurio-registry/schema-util/xsd/target/apicurio-registry-schema-util-xsd-3.0.12-SNAPSHOT.jar:/home/runner/work/apicurio-testing/apicurio-testing/clusters/ci419/namespaces/inmemory/tests/integration/apicurio-registry/serdes/kafka/jsonschema-serde/target/apicurio-registry-jsonschema-serde-kafka-3.0.12-SNAPSHOT.jar:/home/runner/work/apicurio-testing/apicurio-testing/clusters/ci419/namespaces/inmemory/tests/integration/apicurio-registry/serdes/kafka/serde-kafka-common/target/apicurio-registry-serde-kafka-common-3.0.12-SNAPSHOT.jar:/home/runner/work/apicurio-testing/apicurio-testing/clusters/ci419/namespaces/inmemory/tests/integration/apicurio-registry/serdes/generic/serde-common/target/apicurio-registry-serde-common-3.0.12-SNAPSHOT.jar:/home/runner/work/apicurio-testing/apicurio-testing/clusters/ci419/namespaces/inmemory/tests/integration/apicurio-registry/serdes/generic/serde-common-jsonschema/target/apicurio-registry-serde-common-jsonschema-3.0.12-SNAPSHOT.jar:/home/runner/.m2/repository/org/json/json/20250107/json-20250107.jar:/home/runner/work/apicurio-testing/apicurio-testing/clusters/ci419/namespaces/inmemory/tests/integration/apicurio-registry/serdes/kafka/avro-serde/target/apicurio-registry-avro-serde-kafka-3.0.12-SNAPSHOT.jar:/home/runner/work/apicurio-testing/apicurio-testing/clusters/ci419/namespaces/inmemory/tests/integration/apicurio-registry/serdes/generic/serde-common-avro/target/apicurio-registry-serde-common-avro-3.0.12-SNAPSHOT.jar:/home/runner/work/apicurio-testing/apicurio-testing/clusters/ci419/namespaces/inmemory/tests/integration/apicurio-registry/serdes/kafka/protobuf-serde/target/apicurio-registry-protobuf-serde-kafka-3.0.12-SNAPSHOT.jar:/home/runner/work/apicurio-testing/apicurio-testing/clusters/ci419/namespaces/inmemory/tests/integration/apicurio-registry/serdes/generic/serde-common-protobuf/target/apicurio-registry-serde-common-protobuf-3.0.12-SNAPSHOT.jar:/home/runner/.m2/repository/com/squareup/wire/wire-schema/5.3.3/wire-schema-5.3.3.jar:/home/runner/.m2/repository/com/squareup/wire/wire-runtime/5.3.3/wire-runtime-5.3.3.jar:/home/runner/work/apicurio-testing/apicurio-testing/clusters/ci419/namespaces/inmemory/tests/integration/apicurio-registry/serdes/pulsar/avro-serde/target/apicurio-registry-avro-serde-pulsar-3.0.12-SNAPSHOT.jar:/home/runner/.m2/repository/org/apache/pulsar/pulsar-functions-api/3.3.8/pulsar-functions-api-3.3.8.jar:/home/runner/work/apicurio-testing/apicurio-testing/clusters/ci419/namespaces/inmemory/tests/integration/apicurio-registry/serdes/nats/avro-serde/target/apicurio-registry-avro-serde-nats-3.0.12-SNAPSHOT.jar:/home/runner/.m2/repository/io/nats/jnats/2.21.4/jnats-2.21.4.jar:/home/runner/.m2/repository/org/bouncycastle/bcprov-lts8on/2.73.7/bcprov-lts8on-2.73.7.jar:/home/runner/.m2/repository/org/jetbrains/annotations/26.0.2/annotations-26.0.2.jar:/home/runner/work/apicurio-testing/apicurio-testing/clusters/ci419/namespaces/inmemory/tests/integration/apicurio-registry/utils/converter/target/apicurio-registry-utils-converter-3.0.12-SNAPSHOT.jar:/home/runner/work/apicurio-testing/apicurio-testing/clusters/ci419/namespaces/inmemory/tests/integration/apicurio-registry/schema-resolver/target/apicurio-registry-schema-resolver-3.0.12-SNAPSHOT.jar:/home/runner/.m2/repository/org/apache/kafka/connect-api/3.9.1/connect-api-3.9.1.jar:/home/runner/.m2/repository/javax/ws/rs/javax.ws.rs-api/2.1.1/javax.ws.rs-api-2.1.1.jar:/home/runner/.m2/repository/org/apache/kafka/connect-json/3.9.1/connect-json-3.9.1.jar:/home/runner/.m2/repository/com/fasterxml/jackson/datatype/jackson-datatype-jdk8/2.18.2/jackson-datatype-jdk8-2.18.2.jar:/home/runner/.m2/repository/com/fasterxml/jackson/module/jackson-module-afterburner/2.18.2/jackson-module-afterburner-2.18.2.jar:/home/runner/work/apicurio-testing/apicurio-testing/clusters/ci419/namespaces/inmemory/tests/integration/apicurio-registry/utils/kafka/target/apicurio-registry-utils-kafka-3.0.12-SNAPSHOT.jar:/home/runner/.m2/repository/org/apache/pulsar/pulsar-client/3.3.8/pulsar-client-3.3.8.jar:/home/runner/.m2/repository/org/apache/pulsar/pulsar-client-api/3.3.8/pulsar-client-api-3.3.8.jar:/home/runner/.m2/repository/org/apache/pulsar/pulsar-client-admin-api/3.3.8/pulsar-client-admin-api-3.3.8.jar:/home/runner/.m2/repository/org/apache/pulsar/bouncy-castle-bc/3.3.8/bouncy-castle-bc-3.3.8-pkg.jar:/home/runner/.m2/repository/org/bouncycastle/bcpkix-jdk18on/1.81/bcpkix-jdk18on-1.81.jar:/home/runner/.m2/repository/org/bouncycastle/bcutil-jdk18on/1.81/bcutil-jdk18on-1.81.jar:/home/runner/.m2/repository/org/bouncycastle/bcprov-jdk18on/1.81/bcprov-jdk18on-1.81.jar:/home/runner/.m2/repository/io/opentelemetry/opentelemetry-api/1.44.1/opentelemetry-api-1.44.1.jar:/home/runner/.m2/repository/io/opentelemetry/opentelemetry-context/1.44.1/opentelemetry-context-1.44.1.jar:/home/runner/.m2/repository/io/opentelemetry/opentelemetry-api-incubator/1.44.1-alpha/opentelemetry-api-incubator-1.44.1-alpha.jar:/home/runner/.m2/repository/com/fasterxml/jackson/core/jackson-annotations/2.18.2/jackson-annotations-2.18.2.jar:/home/runner/.m2/repository/javax/validation/validation-api/1.1.0.Final/validation-api-1.1.0.Final.jar:/home/runner/.m2/repository/org/jspecify/jspecify/1.0.0/jspecify-1.0.0.jar:/home/runner/.m2/repository/org/apache/commons/commons-configuration2/2.12.0/commons-configuration2-2.12.0.jar:/home/runner/.m2/repository/commons-logging/commons-logging/1.3.5/commons-logging-1.3.5.jar:/home/runner/.m2/repository/org/apache/commons/commons-text/1.13.0/commons-text-1.13.0.jar:/home/runner/.m2/repository/io/confluent/kafka-avro-serializer/8.0.0/kafka-avro-serializer-8.0.0.jar:/home/runner/.m2/repository/org/apache/commons/commons-compress/1.27.1/commons-compress-1.27.1.jar:/home/runner/.m2/repository/io/confluent/kafka-schema-serializer/8.0.0/kafka-schema-serializer-8.0.0.jar:/home/runner/.m2/repository/com/fasterxml/jackson/dataformat/jackson-dataformat-csv/2.18.2/jackson-dataformat-csv-2.18.2.jar:/home/runner/.m2/repository/io/confluent/kafka-schema-registry-client/8.0.0/kafka-schema-registry-client-8.0.0.jar:/home/runner/.m2/repository/org/yaml/snakeyaml/2.3/snakeyaml-2.3.jar:/home/runner/.m2/repository/io/swagger/core/v3/swagger-annotations/2.2.29/swagger-annotations-2.2.29.jar:/home/runner/.m2/repository/com/google/guava/guava/33.4.0-jre/guava-33.4.0-jre.jar:/home/runner/.m2/repository/com/google/guava/failureaccess/1.0.1/failureaccess-1.0.1.jar:/home/runner/.m2/repository/org/checkerframework/checker-qual/3.49.0/checker-qual-3.49.0.jar:/home/runner/.m2/repository/io/confluent/logredactor/1.0.13/logredactor-1.0.13.jar:/home/runner/.m2/repository/com/google/re2j/re2j/1.6/re2j-1.6.jar:/home/runner/.m2/repository/io/confluent/logredactor-metrics/1.0.13/logredactor-metrics-1.0.13.jar:/home/runner/.m2/repository/com/eclipsesource/minimal-json/minimal-json/0.9.5/minimal-json-0.9.5.jar:/home/runner/.m2/repository/io/confluent/common-utils/8.0.0/common-utils-8.0.0.jar:/home/runner/.m2/repository/io/confluent/kafka-connect-avro-converter/8.0.0/kafka-connect-avro-converter-8.0.0.jar:/home/runner/.m2/repository/io/confluent/kafka-connect-avro-data/8.0.0/kafka-connect-avro-data-8.0.0.jar:/home/runner/.m2/repository/io/confluent/kafka-schema-converter/8.0.0/kafka-schema-converter-8.0.0.jar:/home/runner/.m2/repository/io/rest-assured/rest-assured/5.5.1/rest-assured-5.5.1.jar:/home/runner/.m2/repository/org/apache/groovy/groovy/4.0.22/groovy-4.0.22.jar:/home/runner/.m2/repository/org/apache/groovy/groovy-xml/4.0.22/groovy-xml-4.0.22.jar:/home/runner/.m2/repository/org/apache/httpcomponents/httpclient/4.5.14/httpclient-4.5.14.jar:/home/runner/.m2/repository/org/apache/httpcomponents/httpcore/4.4.16/httpcore-4.4.16.jar:/home/runner/.m2/repository/org/apache/httpcomponents/httpmime/4.5.14/httpmime-4.5.14.jar:/home/runner/.m2/repository/org/hamcrest/hamcrest/2.2/hamcrest-2.2.jar:/home/runner/.m2/repository/org/ccil/cowan/tagsoup/tagsoup/1.2.1/tagsoup-1.2.1.jar:/home/runner/.m2/repository/io/rest-assured/json-path/5.5.1/json-path-5.5.1.jar:/home/runner/.m2/repository/org/apache/groovy/groovy-json/4.0.22/groovy-json-4.0.22.jar:/home/runner/.m2/repository/io/rest-assured/rest-assured-common/5.5.1/rest-assured-common-5.5.1.jar:/home/runner/.m2/repository/io/rest-assured/xml-path/5.5.1/xml-path-5.5.1.jar:/home/runner/.m2/repository/io/zonky/test/embedded-postgres/2.1.0/embedded-postgres-2.1.0.jar:/home/runner/.m2/repository/io/zonky/test/postgres/embedded-postgres-binaries-windows-amd64/14.15.0/embedded-postgres-binaries-windows-amd64-14.15.0.jar:/home/runner/.m2/repository/io/zonky/test/postgres/embedded-postgres-binaries-darwin-amd64/14.15.0/embedded-postgres-binaries-darwin-amd64-14.15.0.jar:/home/runner/.m2/repository/io/zonky/test/postgres/embedded-postgres-binaries-linux-amd64/14.15.0/embedded-postgres-binaries-linux-amd64-14.15.0.jar:/home/runner/.m2/repository/io/zonky/test/postgres/embedded-postgres-binaries-linux-amd64-alpine/14.15.0/embedded-postgres-binaries-linux-amd64-alpine-14.15.0.jar:/home/runner/.m2/repository/org/apache/commons/commons-lang3/3.17.0/commons-lang3-3.17.0.jar:/home/runner/.m2/repository/org/tukaani/xz/1.10/xz-1.10.jar:/home/runner/.m2/repository/commons-codec/commons-codec/1.19.0/commons-codec-1.19.0.jar:/home/runner/.m2/repository/org/postgresql/postgresql/42.7.7/postgresql-42.7.7.jar:/home/runner/.m2/repository/commons-io/commons-io/2.18.0/commons-io-2.18.0.jar:/home/runner/work/apicurio-testing/apicurio-testing/clusters/ci419/namespaces/inmemory/tests/integration/apicurio-registry/utils/importexport/target/apicurio-registry-utils-import-export-3.0.12-SNAPSHOT.jar:/home/runner/.m2/repository/io/vertx/vertx-core/4.5.16/vertx-core-4.5.16.jar:/home/runner/.m2/repository/io/netty/netty-common/4.1.121.Final/netty-common-4.1.121.Final.jar:/home/runner/.m2/repository/io/netty/netty-buffer/4.1.121.Final/netty-buffer-4.1.121.Final.jar:/home/runner/.m2/repository/io/netty/netty-transport/4.1.121.Final/netty-transport-4.1.121.Final.jar:/home/runner/.m2/repository/io/netty/netty-handler/4.1.121.Final/netty-handler-4.1.121.Final.jar:/home/runner/.m2/repository/io/netty/netty-transport-native-unix-common/4.1.121.Final/netty-transport-native-unix-common-4.1.121.Final.jar:/home/runner/.m2/repository/io/netty/netty-codec/4.1.121.Final/netty-codec-4.1.121.Final.jar:/home/runner/.m2/repository/io/netty/netty-handler-proxy/4.1.121.Final/netty-handler-proxy-4.1.121.Final.jar:/home/runner/.m2/repository/io/netty/netty-codec-socks/4.1.121.Final/netty-codec-socks-4.1.121.Final.jar:/home/runner/.m2/repository/io/netty/netty-codec-http/4.1.121.Final/netty-codec-http-4.1.121.Final.jar:/home/runner/.m2/repository/io/netty/netty-codec-http2/4.1.121.Final/netty-codec-http2-4.1.121.Final.jar:/home/runner/.m2/repository/io/netty/netty-resolver/4.1.121.Final/netty-resolver-4.1.121.Final.jar:/home/runner/.m2/repository/io/netty/netty-resolver-dns/4.1.121.Final/netty-resolver-dns-4.1.121.Final.jar:/home/runner/.m2/repository/io/netty/netty-codec-dns/4.1.121.Final/netty-codec-dns-4.1.121.Final.jar:/home/runner/.m2/repository/com/fasterxml/jackson/core/jackson-core/2.18.2/jackson-core-2.18.2.jar:"/>
    <property name="sun.cpu.endian" value="little"/>
    <property name="user.home" value="/home/runner"/>
    <property name="user.language" value="en"/>
    <property name="jboss.log-version" value="false"/>
    <property name="java.specification.vendor" value="Oracle Corporation"/>
    <property name="java.version.date" value="2025-07-15"/>
    <property name="java.home" value="/usr/lib/jvm/temurin-17-jdk-amd64"/>
    <property name="file.separator" value="/"/>
    <property name="basedir" value="/home/runner/work/apicurio-testing/apicurio-testing/clusters/ci419/namespaces/inmemory/tests/integration/apicurio-registry/integration-tests"/>
    <property name="java.vm.compressedOopsMode" value="32-bit"/>
    <property name="line.separator" value="&#10;"/>
    <property name="java.specification.name" value="Java Platform API Specification"/>
    <property name="java.vm.specification.vendor" value="Oracle Corporation"/>
    <property name="quarkus.http.test-host" value="registry-app-inmemory.apps.ci419.apicurio-testing.org"/>
    <property name="surefire.real.class.path" value="/home/runner/work/apicurio-testing/apicurio-testing/clusters/ci419/namespaces/inmemory/tests/integration/apicurio-registry/integration-tests/target/surefire/surefirebooter-20250806184943074_3.jar"/>
    <property name="sun.management.compiler" value="HotSpot 64-Bit Tiered Compilers"/>
    <property name="org.eclipse.jetty.http.HttpGenerator.STRICT" value="true"/>
    <property name="java.runtime.version" value="17.0.16+8"/>
    <property name="user.name" value="runner"/>
    <property name="path.separator" value=":"/>
    <property name="os.version" value="6.8.0-1031-azure"/>
    <property name="java.runtime.name" value="OpenJDK Runtime Environment"/>
    <property name="file.encoding" value="UTF-8"/>
    <property name="jnidispatch.path" value="/home/runner/.cache/JNA/temp/jna5048936028888673248.tmp"/>
    <property name="java.vm.name" value="OpenJDK 64-Bit Server VM"/>
    <property name="jna.platform.library.path" value="/usr/lib/x86_64-linux-gnu:/lib/x86_64-linux-gnu:/usr/lib64:/lib64:/usr/lib:/lib:/lib32:/usr/local/lib:/usr/lib/x86_64-linux-gnu/libfakeroot"/>
    <property name="java.vendor.version" value="Temurin-17.0.16+8"/>
    <property name="quarkus.oidc.token-path" value="https://keycloak-inmemory.apps.ci419.apicurio-testing.org/realms/registry/protocol/openid-connect/token"/>
    <property name="quarkus.http.host" value="registry-app-inmemory.apps.ci419.apicurio-testing.org"/>
    <property name="localRepository" value="/home/runner/.m2/repository"/>
    <property name="javax.xml.xpath.XPathFactory:http://java.sun.com/jaxp/xpath/dom" value="com.sun.org.apache.xpath.internal.jaxp.XPathFactoryImpl"/>
    <property name="jna.loaded" value="true"/>
    <property name="java.vendor.url.bug" value="https://github.com/adoptium/adoptium-support/issues"/>
    <property name="jetty.git.hash" value="5bc5e562c8d05c5862505aebe5cf83a61bdbcb96"/>
    <property name="java.io.tmpdir" value="/tmp"/>
    <property name="quarkus.http.test-protocol" value="http"/>
    <property name="java.version" value="17.0.16"/>
    <property name="user.dir" value="/home/runner/work/apicurio-testing/apicurio-testing/clusters/ci419/namespaces/inmemory/tests/integration/apicurio-registry/integration-tests"/>
    <property name="os.arch" value="amd64"/>
    <property name="groups" value="( smoke | serdes | acceptance | ui)"/>
    <property name="java.vm.specification.name" value="Java Virtual Machine Specification"/>
    <property name="native.encoding" value="UTF-8"/>
    <property name="java.util.logging.manager" value="org.jboss.logmanager.LogManager"/>
    <property name="java.library.path" value="/usr/java/packages/lib:/usr/lib64:/lib64:/lib:/usr/lib"/>
    <property name="jdk.console" value="java.base"/>
    <property name="java.vm.info" value="mixed mode, sharing"/>
    <property name="java.vendor" value="Eclipse Adoptium"/>
    <property name="java.vm.version" value="17.0.16+8"/>
    <property name="java.specification.maintenance.version" value="1"/>
    <property name="sun.io.unicode.encoding" value="UnicodeLittle"/>
    <property name="javax.xml.transform.TransformerFactory" value="com.sun.org.apache.xalan.internal.xsltc.trax.TransformerFactoryImpl"/>
    <property name="java.class.version" value="61.0"/>
  </properties>
  <testcase name="testGlobalIdInHeaders" classname="io.apicurio.tests.serdes.apicurio.AvroSerdeIT" time="6.022">
    <system-out><![CDATA[**** Registry Base URL: http://registry-app-inmemory.apps.ci419.apicurio-testing.org:80
**** Registry Base URL: http://registry-app-inmemory.apps.ci419.apicurio-testing.org:80
2025-08-06 18:49:54,544 INFO  [io.api.tes.ser.api.AvroSerdeIT] (main) RestAssured configured with http://registry-app-inmemory.apps.ci419.apicurio-testing.org:80/apis/registry/v3
2025-08-06 18:49:54,544 INFO  [io.api.tes.uti.KafkaFacade] (main) Starting kafka container
2025-08-06 18:49:54,585 INFO  [org.tes.ima.PullPolicy] (main) Image pull policy will be performed by: DefaultPullPolicy()
2025-08-06 18:49:54,587 INFO  [org.tes.uti.ImageNameSubstitutor] (main) Image name substitution will be performed by: DefaultImageNameSubstitutor (composite of 'ConfigurationFileImageNameSubstitutor' and 'PrefixingImageNameSubstitutor')
2025-08-06 18:49:54,596 INFO  [org.tes.DockerClientFactory] (main) Testcontainers version: 1.20.6
2025-08-06 18:49:55,110 INFO  [org.tes.doc.DockerClientProviderStrategy] (main) Found Docker environment with local Unix socket (unix:///var/run/docker.sock)
2025-08-06 18:49:55,117 INFO  [org.tes.DockerClientFactory] (main) Docker host IP address is localhost
2025-08-06 18:49:55,138 INFO  [org.tes.DockerClientFactory] (main) Connected to docker: 
  Server Version: 28.0.4
  API Version: 1.48
  Operating System: Ubuntu 22.04.5 LTS
  Total Memory: 7944 MB
2025-08-06 18:49:55,175 INFO  [tc.tes.11.0] (main) Pulling docker image: testcontainers/ryuk:0.11.0. Please be patient; this may take some time but only needs to be done once.
2025-08-06 18:49:55,416 INFO  [tc.tes.11.0] (docker-java-stream--1295187651) Starting to pull image
2025-08-06 18:49:55,467 INFO  [tc.tes.11.0] (docker-java-stream--1295187651) Pulling image layers:  0 pending,  0 downloaded,  0 extracted, (0 bytes/0 bytes)
2025-08-06 18:49:55,572 INFO  [tc.tes.11.0] (docker-java-stream--1295187651) Pulling image layers:  2 pending,  1 downloaded,  0 extracted, (36 KB/? MB)
2025-08-06 18:49:55,645 INFO  [tc.tes.11.0] (docker-java-stream--1295187651) Pulling image layers:  1 pending,  2 downloaded,  0 extracted, (907 KB/? MB)
2025-08-06 18:49:55,686 INFO  [tc.tes.11.0] (docker-java-stream--1295187651) Pulling image layers:  0 pending,  3 downloaded,  0 extracted, (10 MB/10 MB)
2025-08-06 18:49:55,722 INFO  [tc.tes.11.0] (docker-java-stream--1295187651) Pulling image layers:  0 pending,  3 downloaded,  1 extracted, (10 MB/10 MB)
2025-08-06 18:49:56,687 INFO  [tc.tes.11.0] (docker-java-stream--1295187651) Pulling image layers:  0 pending,  3 downloaded,  2 extracted, (10 MB/10 MB)
2025-08-06 18:49:56,749 INFO  [tc.tes.11.0] (docker-java-stream--1295187651) Pulling image layers:  0 pending,  3 downloaded,  3 extracted, (10 MB/10 MB)
2025-08-06 18:49:56,755 INFO  [tc.tes.11.0] (docker-java-stream--1295187651) Pull complete. 3 layers, pulled in 1s (downloaded 10 MB at 10 MB/s)
2025-08-06 18:49:56,756 INFO  [tc.tes.11.0] (main) Image testcontainers/ryuk:0.11.0 pull took PT1.580363352S
2025-08-06 18:49:56,779 INFO  [tc.tes.11.0] (main) Creating container for image: testcontainers/ryuk:0.11.0
2025-08-06 18:49:56,853 INFO  [tc.tes.11.0] (main) Container testcontainers/ryuk:0.11.0 is starting: f0c427e84effec874d07713261328fef0367e548478aac2f463048432c66479c
2025-08-06 18:49:57,168 INFO  [tc.tes.11.0] (main) Container testcontainers/ryuk:0.11.0 started in PT0.388803289S
2025-08-06 18:49:57,172 INFO  [org.tes.uti.RyukResourceReaper] (main) Ryuk started - will monitor and terminate Testcontainers containers on JVM exit
2025-08-06 18:49:57,173 INFO  [org.tes.DockerClientFactory] (main) Checking the system...
2025-08-06 18:49:57,173 INFO  [org.tes.DockerClientFactory] (main) ✔︎ Docker server version should be at least 1.6.0
2025-08-06 18:49:57,177 INFO  [io.str.tes.con.KafkaVersionService] (main) Latest release of Kafka is:LogicalKafkaVersionEntity{version='4.0.0', image='quay.io/strimzi-test-container/test-container:0.111.0-kafka-4.0.0'}
2025-08-06 18:49:57,178 INFO  [io.str.tes.con.KafkaVersionService] (main) Latest release of Kafka is:LogicalKafkaVersionEntity{version='4.0.0', image='quay.io/strimzi-test-container/test-container:0.111.0-kafka-4.0.0'}
2025-08-06 18:49:57,179 INFO  [io.str.tes.con.KafkaVersionService] (main) No Kafka version specified. Using latest release: 4.0.0
2025-08-06 18:49:57,184 INFO  [tc.qua.io/.111.0-k.0.0] (main) Pulling docker image: quay.io/strimzi-test-container/test-container:0.111.0-kafka-4.0.0. Please be patient; this may take some time but only needs to be done once.
2025-08-06 18:49:57,420 INFO  [tc.qua.io/.111.0-k.0.0] (docker-java-stream--29267298) Starting to pull image
2025-08-06 18:49:57,421 INFO  [tc.qua.io/.111.0-k.0.0] (docker-java-stream--29267298) Pulling image layers:  0 pending,  0 downloaded,  0 extracted, (0 bytes/0 bytes)
2025-08-06 18:49:57,768 INFO  [tc.qua.io/.111.0-k.0.0] (docker-java-stream--29267298) Pulling image layers:  6 pending,  1 downloaded,  0 extracted, (928 KB/? MB)
2025-08-06 18:49:57,861 INFO  [tc.qua.io/.111.0-k.0.0] (docker-java-stream--29267298) Pulling image layers:  5 pending,  2 downloaded,  0 extracted, (8 MB/? MB)
2025-08-06 18:49:58,109 INFO  [tc.qua.io/.111.0-k.0.0] (docker-java-stream--29267298) Pulling image layers:  4 pending,  3 downloaded,  0 extracted, (49 MB/? MB)
2025-08-06 18:49:58,290 INFO  [tc.qua.io/.111.0-k.0.0] (docker-java-stream--29267298) Pulling image layers:  3 pending,  4 downloaded,  0 extracted, (69 MB/? MB)
2025-08-06 18:49:58,382 INFO  [tc.qua.io/.111.0-k.0.0] (docker-java-stream--29267298) Pulling image layers:  2 pending,  5 downloaded,  0 extracted, (75 MB/? MB)
2025-08-06 18:49:59,259 INFO  [tc.qua.io/.111.0-k.0.0] (docker-java-stream--29267298) Pulling image layers:  2 pending,  5 downloaded,  1 extracted, (156 MB/? MB)
2025-08-06 18:49:59,423 INFO  [tc.qua.io/.111.0-k.0.0] (docker-java-stream--29267298) Pulling image layers:  1 pending,  6 downloaded,  1 extracted, (171 MB/? MB)
2025-08-06 18:50:01,114 INFO  [tc.qua.io/.111.0-k.0.0] (docker-java-stream--29267298) Pulling image layers:  0 pending,  7 downloaded,  1 extracted, (237 MB/249 MB)
2025-08-06 18:50:03,439 INFO  [tc.qua.io/.111.0-k.0.0] (docker-java-stream--29267298) Pulling image layers:  0 pending,  7 downloaded,  2 extracted, (243 MB/249 MB)
2025-08-06 18:50:03,484 INFO  [tc.qua.io/.111.0-k.0.0] (docker-java-stream--29267298) Pulling image layers:  0 pending,  7 downloaded,  3 extracted, (246 MB/249 MB)
2025-08-06 18:50:03,501 INFO  [tc.qua.io/.111.0-k.0.0] (docker-java-stream--29267298) Pulling image layers:  0 pending,  7 downloaded,  4 extracted, (246 MB/249 MB)
2025-08-06 18:50:04,606 INFO  [tc.qua.io/.111.0-k.0.0] (docker-java-stream--29267298) Pulling image layers:  0 pending,  7 downloaded,  5 extracted, (247 MB/249 MB)
2025-08-06 18:50:04,645 INFO  [tc.qua.io/.111.0-k.0.0] (docker-java-stream--29267298) Pulling image layers:  0 pending,  7 downloaded,  6 extracted, (249 MB/249 MB)
2025-08-06 18:50:04,662 INFO  [tc.qua.io/.111.0-k.0.0] (docker-java-stream--29267298) Pulling image layers:  0 pending,  7 downloaded,  7 extracted, (249 MB/249 MB)
2025-08-06 18:50:04,668 INFO  [tc.qua.io/.111.0-k.0.0] (docker-java-stream--29267298) Pull complete. 7 layers, pulled in 7s (downloaded 249 MB at 35 MB/s)
2025-08-06 18:50:04,668 INFO  [tc.qua.io/.111.0-k.0.0] (main) Image quay.io/strimzi-test-container/test-container:0.111.0-kafka-4.0.0 pull took PT7.483678152S
2025-08-06 18:50:04,672 INFO  [tc.qua.io/.111.0-k.0.0] (main) Creating container for image: quay.io/strimzi-test-container/test-container:0.111.0-kafka-4.0.0
2025-08-06 18:50:04,747 INFO  [tc.qua.io/.111.0-k.0.0] (main) Container quay.io/strimzi-test-container/test-container:0.111.0-kafka-4.0.0 is starting: d4e3404df338958f6ae31805c3b0cc0dfa36ef6c58258df7a894b37886c34a87
2025-08-06 18:50:04,917 INFO  [io.str.tes.con.StrimziKafkaContainer] (main) Mapped port: 32769
2025-08-06 18:50:04,917 WARN  [io.str.tes.con.StrimziKafkaContainer] (main) Node ID is not set. Using broker ID 0 as the default node ID.
2025-08-06 18:50:04,918 INFO  [io.str.tes.con.StrimziKafkaContainer] (main) This is all advertised listeners for Kafka PLAINTEXT://localhost:32769,BROKER1://172.18.0.2:9091,CONTROLLER://broker-0:9094
2025-08-06 18:50:04,941 INFO  [io.str.tes.con.StrimziKafkaContainer] (main) New `cluster.id` has been generated: EV4Uys23RNi7BwH7MVj6Ag
2025-08-06 18:50:04,942 INFO  [io.str.tes.con.StrimziKafkaContainer] (main) Copying command to 'STARTER_SCRIPT' script.
2025-08-06 18:50:10,358 INFO  [tc.qua.io/.111.0-k.0.0] (main) Container quay.io/strimzi-test-container/test-container:0.111.0-kafka-4.0.0 started in PT5.686209816S
2025-08-06 18:50:10,362 INFO  [io.api.tes.uti.TestSeparator] (main) ############################################################################
2025-08-06 18:50:10,362 INFO  [io.api.tes.uti.TestSeparator] (main) io.apicurio.tests.serdes.apicurio.AvroSerdeIT.testGlobalIdInHeaders-STARTED
2025-08-06 18:50:10,381 INFO  [org.apa.kaf.cli.adm.AdminClientConfig] (main) AdminClientConfig values: 
	auto.include.jmx.reporter = true
	bootstrap.controllers = []
	bootstrap.servers = [PLAINTEXT://localhost:32769]
	client.dns.lookup = use_all_dns_ips
	client.id = 
	connections.max.idle.ms = 10000
	default.api.timeout.ms = 60000
	enable.metrics.push = true
	metadata.max.age.ms = 300000
	metadata.recovery.strategy = none
	metric.reporters = []
	metrics.num.samples = 2
	metrics.recording.level = INFO
	metrics.sample.window.ms = 30000
	receive.buffer.bytes = 65536
	reconnect.backoff.max.ms = 1000
	reconnect.backoff.ms = 50
	request.timeout.ms = 5000
	retries = 2147483647
	retry.backoff.max.ms = 1000
	retry.backoff.ms = 100
	sasl.client.callback.handler.class = null
	sasl.jaas.config = null
	sasl.kerberos.kinit.cmd = /usr/bin/kinit
	sasl.kerberos.min.time.before.relogin = 60000
	sasl.kerberos.service.name = null
	sasl.kerberos.ticket.renew.jitter = 0.05
	sasl.kerberos.ticket.renew.window.factor = 0.8
	sasl.login.callback.handler.class = null
	sasl.login.class = null
	sasl.login.connect.timeout.ms = null
	sasl.login.read.timeout.ms = null
	sasl.login.refresh.buffer.seconds = 300
	sasl.login.refresh.min.period.seconds = 60
	sasl.login.refresh.window.factor = 0.8
	sasl.login.refresh.window.jitter = 0.05
	sasl.login.retry.backoff.max.ms = 10000
	sasl.login.retry.backoff.ms = 100
	sasl.mechanism = GSSAPI
	sasl.oauthbearer.clock.skew.seconds = 30
	sasl.oauthbearer.expected.audience = null
	sasl.oauthbearer.expected.issuer = null
	sasl.oauthbearer.header.urlencode = false
	sasl.oauthbearer.jwks.endpoint.refresh.ms = 3600000
	sasl.oauthbearer.jwks.endpoint.retry.backoff.max.ms = 10000
	sasl.oauthbearer.jwks.endpoint.retry.backoff.ms = 100
	sasl.oauthbearer.jwks.endpoint.url = null
	sasl.oauthbearer.scope.claim.name = scope
	sasl.oauthbearer.sub.claim.name = sub
	sasl.oauthbearer.token.endpoint.url = null
	security.protocol = PLAINTEXT
	security.providers = null
	send.buffer.bytes = 131072
	socket.connection.setup.timeout.max.ms = 30000
	socket.connection.setup.timeout.ms = 10000
	ssl.cipher.suites = null
	ssl.enabled.protocols = [TLSv1.2, TLSv1.3]
	ssl.endpoint.identification.algorithm = https
	ssl.engine.factory.class = null
	ssl.key.password = null
	ssl.keymanager.algorithm = SunX509
	ssl.keystore.certificate.chain = null
	ssl.keystore.key = null
	ssl.keystore.location = null
	ssl.keystore.password = null
	ssl.keystore.type = JKS
	ssl.protocol = TLSv1.3
	ssl.provider = null
	ssl.secure.random.implementation = null
	ssl.trustmanager.algorithm = PKIX
	ssl.truststore.certificates = null
	ssl.truststore.location = null
	ssl.truststore.password = null
	ssl.truststore.type = JKS

2025-08-06 18:50:10,957 INFO  [org.apa.kaf.com.uti.AppInfoParser] (main) Kafka version: 3.9.1
2025-08-06 18:50:10,957 INFO  [org.apa.kaf.com.uti.AppInfoParser] (main) Kafka commitId: f745dfdcee2b9851
2025-08-06 18:50:10,957 INFO  [org.apa.kaf.com.uti.AppInfoParser] (main) Kafka startTimeMs: 1754506210956
**** Registry Base URL: http://registry-app-inmemory.apps.ci419.apicurio-testing.org:80
2025-08-06 18:50:11,011 INFO  [org.apa.kaf.cli.pro.ProducerConfig] (main) ProducerConfig values: 
	acks = -1
	auto.include.jmx.reporter = true
	batch.size = 16384
	bootstrap.servers = [PLAINTEXT://localhost:32769]
	buffer.memory = 33554432
	client.dns.lookup = use_all_dns_ips
	client.id = Producer-topic-a624c623_1f41_4a1b_8465_24cb5a8b60b8
	compression.gzip.level = -1
	compression.lz4.level = 9
	compression.type = none
	compression.zstd.level = 3
	connections.max.idle.ms = 10000
	delivery.timeout.ms = 120000
	enable.idempotence = true
	enable.metrics.push = true
	interceptor.classes = []
	key.serializer = class org.apache.kafka.common.serialization.StringSerializer
	linger.ms = 0
	max.block.ms = 60000
	max.in.flight.requests.per.connection = 5
	max.request.size = 1048576
	metadata.max.age.ms = 300000
	metadata.max.idle.ms = 300000
	metadata.recovery.strategy = none
	metric.reporters = []
	metrics.num.samples = 2
	metrics.recording.level = INFO
	metrics.sample.window.ms = 30000
	partitioner.adaptive.partitioning.enable = true
	partitioner.availability.timeout.ms = 0
	partitioner.class = null
	partitioner.ignore.keys = false
	receive.buffer.bytes = 32768
	reconnect.backoff.max.ms = 1000
	reconnect.backoff.ms = 50
	request.timeout.ms = 5000
	retries = 2147483647
	retry.backoff.max.ms = 1000
	retry.backoff.ms = 100
	sasl.client.callback.handler.class = null
	sasl.jaas.config = null
	sasl.kerberos.kinit.cmd = /usr/bin/kinit
	sasl.kerberos.min.time.before.relogin = 60000
	sasl.kerberos.service.name = null
	sasl.kerberos.ticket.renew.jitter = 0.05
	sasl.kerberos.ticket.renew.window.factor = 0.8
	sasl.login.callback.handler.class = null
	sasl.login.class = null
	sasl.login.connect.timeout.ms = null
	sasl.login.read.timeout.ms = null
	sasl.login.refresh.buffer.seconds = 300
	sasl.login.refresh.min.period.seconds = 60
	sasl.login.refresh.window.factor = 0.8
	sasl.login.refresh.window.jitter = 0.05
	sasl.login.retry.backoff.max.ms = 10000
	sasl.login.retry.backoff.ms = 100
	sasl.mechanism = GSSAPI
	sasl.oauthbearer.clock.skew.seconds = 30
	sasl.oauthbearer.expected.audience = null
	sasl.oauthbearer.expected.issuer = null
	sasl.oauthbearer.header.urlencode = false
	sasl.oauthbearer.jwks.endpoint.refresh.ms = 3600000
	sasl.oauthbearer.jwks.endpoint.retry.backoff.max.ms = 10000
	sasl.oauthbearer.jwks.endpoint.retry.backoff.ms = 100
	sasl.oauthbearer.jwks.endpoint.url = null
	sasl.oauthbearer.scope.claim.name = scope
	sasl.oauthbearer.sub.claim.name = sub
	sasl.oauthbearer.token.endpoint.url = null
	security.protocol = PLAINTEXT
	security.providers = null
	send.buffer.bytes = 131072
	socket.connection.setup.timeout.max.ms = 30000
	socket.connection.setup.timeout.ms = 10000
	ssl.cipher.suites = null
	ssl.enabled.protocols = [TLSv1.2, TLSv1.3]
	ssl.endpoint.identification.algorithm = https
	ssl.engine.factory.class = null
	ssl.key.password = null
	ssl.keymanager.algorithm = SunX509
	ssl.keystore.certificate.chain = null
	ssl.keystore.key = null
	ssl.keystore.location = null
	ssl.keystore.password = null
	ssl.keystore.type = JKS
	ssl.protocol = TLSv1.3
	ssl.provider = null
	ssl.secure.random.implementation = null
	ssl.trustmanager.algorithm = PKIX
	ssl.truststore.certificates = null
	ssl.truststore.location = null
	ssl.truststore.password = null
	ssl.truststore.type = JKS
	transaction.timeout.ms = 60000
	transactional.id = null
	value.serializer = class io.apicurio.registry.serde.avro.AvroKafkaSerializer

2025-08-06 18:50:11,070 INFO  [org.apa.kaf.com.tel.int.KafkaMetricsCollector] (main) initializing Kafka metrics collector
2025-08-06 18:50:11,099 INFO  [org.apa.kaf.cli.pro.KafkaProducer] (main) [Producer clientId=Producer-topic-a624c623_1f41_4a1b_8465_24cb5a8b60b8] Instantiated an idempotent producer.
2025-08-06 18:50:11,140 INFO  [org.apa.kaf.cli.pro.ProducerConfig] (main) These configurations '[apicurio.registry.url, apicurio.registry.auto-register, apicurio.registry.use-id, apicurio.registry.artifact-resolver-strategy]' were supplied but are not used yet.
2025-08-06 18:50:11,141 INFO  [org.apa.kaf.com.uti.AppInfoParser] (main) Kafka version: 3.9.1
2025-08-06 18:50:11,141 INFO  [org.apa.kaf.com.uti.AppInfoParser] (main) Kafka commitId: f745dfdcee2b9851
2025-08-06 18:50:11,141 INFO  [org.apa.kaf.com.uti.AppInfoParser] (main) Kafka startTimeMs: 1754506211141
2025-08-06 18:50:11,142 INFO  [io.api.tes.ser.api.SimpleSerdesTesterBuilder$SimpleSerdesTester] (main) Using producer configuration: {apicurio.registry.url=http://registry-app-inmemory.apps.ci419.apicurio-testing.org:80/apis/registry/v3, apicurio.registry.auto-register=true, apicurio.registry.use-id=globalId, apicurio.registry.artifact-resolver-strategy=io.apicurio.registry.serde.strategy.TopicIdStrategy, value.serializer=io.apicurio.registry.serde.avro.AvroKafkaSerializer, request.timeout.ms=5000, acks=all, bootstrap.servers=PLAINTEXT://localhost:32769, connections.max.idle.ms=10000, key.serializer=org.apache.kafka.common.serialization.StringSerializer, client.id=Producer-topic-a624c623_1f41_4a1b_8465_24cb5a8b60b8}
2025-08-06 18:50:11,142 INFO  [io.api.tes.ser.api.SimpleSerdesTesterBuilder$SimpleSerdesTester] (main) Using consumer configuration: {apicurio.registry.use-id=globalId}
2025-08-06 18:50:11,151 INFO  [io.api.tes.ser.api.KafkaSerdesTester] (Thread-600) Sending message {"key11754506210984": "value-0"} to topic topic-a624c623_1f41_4a1b_8465_24cb5a8b60b8
2025-08-06 18:50:11,527 WARN  [org.apa.kaf.cli.NetworkClient] (kafka-producer-network-thread | Producer-topic-a624c623_1f41_4a1b_8465_24cb5a8b60b8) [Producer clientId=Producer-topic-a624c623_1f41_4a1b_8465_24cb5a8b60b8] The metadata response from the cluster reported a recoverable issue with correlation id 1 : {topic-a624c623_1f41_4a1b_8465_24cb5a8b60b8=UNKNOWN_TOPIC_OR_PARTITION}
2025-08-06 18:50:11,533 INFO  [org.apa.kaf.cli.Metadata] (kafka-producer-network-thread | Producer-topic-a624c623_1f41_4a1b_8465_24cb5a8b60b8) [Producer clientId=Producer-topic-a624c623_1f41_4a1b_8465_24cb5a8b60b8] Cluster ID: EV4Uys23RNi7BwH7MVj6Ag
2025-08-06 18:50:11,764 INFO  [org.apa.kaf.cli.pro.int.TransactionManager] (kafka-producer-network-thread | Producer-topic-a624c623_1f41_4a1b_8465_24cb5a8b60b8) [Producer clientId=Producer-topic-a624c623_1f41_4a1b_8465_24cb5a8b60b8] ProducerId set to 0 with epoch 0
2025-08-06 18:50:11,844 INFO  [io.api.tes.ser.api.KafkaSerdesTester] (Thread-600) Sending message {"key11754506210984": "value-1"} to topic topic-a624c623_1f41_4a1b_8465_24cb5a8b60b8
2025-08-06 18:50:11,856 INFO  [io.api.tes.ser.api.KafkaSerdesTester] (Thread-600) Sending message {"key11754506210984": "value-2"} to topic topic-a624c623_1f41_4a1b_8465_24cb5a8b60b8
2025-08-06 18:50:11,863 INFO  [io.api.tes.ser.api.KafkaSerdesTester] (Thread-600) Sending message {"key11754506210984": "value-3"} to topic topic-a624c623_1f41_4a1b_8465_24cb5a8b60b8
2025-08-06 18:50:11,868 INFO  [io.api.tes.ser.api.KafkaSerdesTester] (Thread-600) Sending message {"key11754506210984": "value-4"} to topic topic-a624c623_1f41_4a1b_8465_24cb5a8b60b8
2025-08-06 18:50:11,872 INFO  [io.api.tes.ser.api.KafkaSerdesTester] (Thread-600) Sending message {"key11754506210984": "value-5"} to topic topic-a624c623_1f41_4a1b_8465_24cb5a8b60b8
2025-08-06 18:50:11,875 INFO  [io.api.tes.ser.api.KafkaSerdesTester] (Thread-600) Sending message {"key11754506210984": "value-6"} to topic topic-a624c623_1f41_4a1b_8465_24cb5a8b60b8
2025-08-06 18:50:11,878 INFO  [io.api.tes.ser.api.KafkaSerdesTester] (Thread-600) Sending message {"key11754506210984": "value-7"} to topic topic-a624c623_1f41_4a1b_8465_24cb5a8b60b8
2025-08-06 18:50:11,881 INFO  [io.api.tes.ser.api.KafkaSerdesTester] (Thread-600) Sending message {"key11754506210984": "value-8"} to topic topic-a624c623_1f41_4a1b_8465_24cb5a8b60b8
2025-08-06 18:50:11,886 INFO  [io.api.tes.ser.api.KafkaSerdesTester] (Thread-600) Sending message {"key11754506210984": "value-9"} to topic topic-a624c623_1f41_4a1b_8465_24cb5a8b60b8
2025-08-06 18:50:11,890 INFO  [io.api.tes.ser.api.KafkaSerdesTester] (Thread-600) Produced 10 messages
2025-08-06 18:50:11,891 INFO  [org.apa.kaf.cli.pro.KafkaProducer] (Thread-600) [Producer clientId=Producer-topic-a624c623_1f41_4a1b_8465_24cb5a8b60b8] Closing the Kafka producer with timeoutMillis = 9223372036854775807 ms.
2025-08-06 18:50:11,908 INFO  [org.apa.kaf.com.met.Metrics] (Thread-600) Metrics scheduler closed
2025-08-06 18:50:11,908 INFO  [org.apa.kaf.com.met.Metrics] (Thread-600) Closing reporter org.apache.kafka.common.metrics.JmxReporter
2025-08-06 18:50:11,908 INFO  [org.apa.kaf.com.met.Metrics] (Thread-600) Closing reporter org.apache.kafka.common.telemetry.internals.ClientTelemetryReporter
2025-08-06 18:50:11,908 INFO  [org.apa.kaf.com.met.Metrics] (Thread-600) Metrics reporters closed
2025-08-06 18:50:11,909 INFO  [org.apa.kaf.com.uti.AppInfoParser] (Thread-600) App info kafka.producer for Producer-topic-a624c623_1f41_4a1b_8465_24cb5a8b60b8 unregistered
**** Registry Base URL: http://registry-app-inmemory.apps.ci419.apicurio-testing.org:80
2025-08-06 18:50:11,975 INFO  [org.apa.kaf.cli.con.ConsumerConfig] (main) ConsumerConfig values: 
	allow.auto.create.topics = true
	auto.commit.interval.ms = 500
	auto.include.jmx.reporter = true
	auto.offset.reset = earliest
	bootstrap.servers = [PLAINTEXT://localhost:32769]
	check.crcs = true
	client.dns.lookup = use_all_dns_ips
	client.id = consumer-Consumer-topic-a624c623_1f41_4a1b_8465_24cb5a8b60b8-1
	client.rack = 
	connections.max.idle.ms = 10000
	default.api.timeout.ms = 60000
	enable.auto.commit = true
	enable.metrics.push = true
	exclude.internal.topics = true
	fetch.max.bytes = 52428800
	fetch.max.wait.ms = 500
	fetch.min.bytes = 1
	group.id = Consumer-topic-a624c623_1f41_4a1b_8465_24cb5a8b60b8
	group.instance.id = null
	group.protocol = classic
	group.remote.assignor = null
	heartbeat.interval.ms = 3000
	interceptor.classes = []
	internal.leave.group.on.close = true
	internal.throw.on.fetch.stable.offset.unsupported = false
	isolation.level = read_uncommitted
	key.deserializer = class org.apache.kafka.common.serialization.StringDeserializer
	max.partition.fetch.bytes = 1048576
	max.poll.interval.ms = 300000
	max.poll.records = 500
	metadata.max.age.ms = 300000
	metadata.recovery.strategy = none
	metric.reporters = []
	metrics.num.samples = 2
	metrics.recording.level = INFO
	metrics.sample.window.ms = 30000
	partition.assignment.strategy = [class org.apache.kafka.clients.consumer.RangeAssignor, class org.apache.kafka.clients.consumer.CooperativeStickyAssignor]
	receive.buffer.bytes = 65536
	reconnect.backoff.max.ms = 1000
	reconnect.backoff.ms = 50
	request.timeout.ms = 5000
	retry.backoff.max.ms = 1000
	retry.backoff.ms = 100
	sasl.client.callback.handler.class = null
	sasl.jaas.config = null
	sasl.kerberos.kinit.cmd = /usr/bin/kinit
	sasl.kerberos.min.time.before.relogin = 60000
	sasl.kerberos.service.name = null
	sasl.kerberos.ticket.renew.jitter = 0.05
	sasl.kerberos.ticket.renew.window.factor = 0.8
	sasl.login.callback.handler.class = null
	sasl.login.class = null
	sasl.login.connect.timeout.ms = null
	sasl.login.read.timeout.ms = null
	sasl.login.refresh.buffer.seconds = 300
	sasl.login.refresh.min.period.seconds = 60
	sasl.login.refresh.window.factor = 0.8
	sasl.login.refresh.window.jitter = 0.05
	sasl.login.retry.backoff.max.ms = 10000
	sasl.login.retry.backoff.ms = 100
	sasl.mechanism = GSSAPI
	sasl.oauthbearer.clock.skew.seconds = 30
	sasl.oauthbearer.expected.audience = null
	sasl.oauthbearer.expected.issuer = null
	sasl.oauthbearer.header.urlencode = false
	sasl.oauthbearer.jwks.endpoint.refresh.ms = 3600000
	sasl.oauthbearer.jwks.endpoint.retry.backoff.max.ms = 10000
	sasl.oauthbearer.jwks.endpoint.retry.backoff.ms = 100
	sasl.oauthbearer.jwks.endpoint.url = null
	sasl.oauthbearer.scope.claim.name = scope
	sasl.oauthbearer.sub.claim.name = sub
	sasl.oauthbearer.token.endpoint.url = null
	security.protocol = PLAINTEXT
	security.providers = null
	send.buffer.bytes = 131072
	session.timeout.ms = 45000
	socket.connection.setup.timeout.max.ms = 30000
	socket.connection.setup.timeout.ms = 10000
	ssl.cipher.suites = null
	ssl.enabled.protocols = [TLSv1.2, TLSv1.3]
	ssl.endpoint.identification.algorithm = https
	ssl.engine.factory.class = null
	ssl.key.password = null
	ssl.keymanager.algorithm = SunX509
	ssl.keystore.certificate.chain = null
	ssl.keystore.key = null
	ssl.keystore.location = null
	ssl.keystore.password = null
	ssl.keystore.type = JKS
	ssl.protocol = TLSv1.3
	ssl.provider = null
	ssl.secure.random.implementation = null
	ssl.trustmanager.algorithm = PKIX
	ssl.truststore.certificates = null
	ssl.truststore.location = null
	ssl.truststore.password = null
	ssl.truststore.type = JKS
	value.deserializer = class io.apicurio.registry.serde.avro.AvroKafkaDeserializer

2025-08-06 18:50:11,988 INFO  [org.apa.kaf.com.tel.int.KafkaMetricsCollector] (main) initializing Kafka metrics collector
2025-08-06 18:50:12,032 INFO  [org.apa.kaf.cli.con.ConsumerConfig] (main) These configurations '[apicurio.registry.url, apicurio.registry.use-id]' were supplied but are not used yet.
2025-08-06 18:50:12,032 INFO  [org.apa.kaf.com.uti.AppInfoParser] (main) Kafka version: 3.9.1
2025-08-06 18:50:12,032 INFO  [org.apa.kaf.com.uti.AppInfoParser] (main) Kafka commitId: f745dfdcee2b9851
2025-08-06 18:50:12,032 INFO  [org.apa.kaf.com.uti.AppInfoParser] (main) Kafka startTimeMs: 1754506212032
2025-08-06 18:50:12,034 INFO  [org.apa.kaf.cli.con.int.ClassicKafkaConsumer] (Thread-603) [Consumer clientId=consumer-Consumer-topic-a624c623_1f41_4a1b_8465_24cb5a8b60b8-1, groupId=Consumer-topic-a624c623_1f41_4a1b_8465_24cb5a8b60b8] Subscribed to topic(s): topic-a624c623_1f41_4a1b_8465_24cb5a8b60b8
2025-08-06 18:50:12,053 INFO  [org.apa.kaf.cli.Metadata] (Thread-603) [Consumer clientId=consumer-Consumer-topic-a624c623_1f41_4a1b_8465_24cb5a8b60b8-1, groupId=Consumer-topic-a624c623_1f41_4a1b_8465_24cb5a8b60b8] Cluster ID: EV4Uys23RNi7BwH7MVj6Ag
2025-08-06 18:50:12,203 INFO  [org.apa.kaf.cli.con.int.ConsumerCoordinator] (Thread-603) [Consumer clientId=consumer-Consumer-topic-a624c623_1f41_4a1b_8465_24cb5a8b60b8-1, groupId=Consumer-topic-a624c623_1f41_4a1b_8465_24cb5a8b60b8] Discovered group coordinator localhost:32769 (id: 2147483647 rack: null)
2025-08-06 18:50:12,216 INFO  [org.apa.kaf.cli.con.int.ConsumerCoordinator] (Thread-603) [Consumer clientId=consumer-Consumer-topic-a624c623_1f41_4a1b_8465_24cb5a8b60b8-1, groupId=Consumer-topic-a624c623_1f41_4a1b_8465_24cb5a8b60b8] (Re-)joining group
2025-08-06 18:50:12,242 INFO  [org.apa.kaf.cli.con.int.ConsumerCoordinator] (Thread-603) [Consumer clientId=consumer-Consumer-topic-a624c623_1f41_4a1b_8465_24cb5a8b60b8-1, groupId=Consumer-topic-a624c623_1f41_4a1b_8465_24cb5a8b60b8] Group coordinator localhost:32769 (id: 2147483647 rack: null) is unavailable or invalid due to cause: error response NOT_COORDINATOR. isDisconnected: false. Rediscovery will be attempted.
2025-08-06 18:50:12,242 INFO  [org.apa.kaf.cli.con.int.ConsumerCoordinator] (Thread-603) [Consumer clientId=consumer-Consumer-topic-a624c623_1f41_4a1b_8465_24cb5a8b60b8-1, groupId=Consumer-topic-a624c623_1f41_4a1b_8465_24cb5a8b60b8] Requesting disconnect from last known coordinator localhost:32769 (id: 2147483647 rack: null)
2025-08-06 18:50:12,242 INFO  [org.apa.kaf.cli.con.int.ConsumerCoordinator] (Thread-603) [Consumer clientId=consumer-Consumer-topic-a624c623_1f41_4a1b_8465_24cb5a8b60b8-1, groupId=Consumer-topic-a624c623_1f41_4a1b_8465_24cb5a8b60b8] JoinGroup failed: This is not the correct coordinator. Marking coordinator unknown. Sent generation was Generation{generationId=-1, memberId='', protocol='null'}
2025-08-06 18:50:12,242 INFO  [org.apa.kaf.cli.NetworkClient] (Thread-603) [Consumer clientId=consumer-Consumer-topic-a624c623_1f41_4a1b_8465_24cb5a8b60b8-1, groupId=Consumer-topic-a624c623_1f41_4a1b_8465_24cb5a8b60b8] Client requested disconnect from node 2147483647
2025-08-06 18:50:12,250 INFO  [org.apa.kaf.cli.con.int.ConsumerCoordinator] (Thread-603) [Consumer clientId=consumer-Consumer-topic-a624c623_1f41_4a1b_8465_24cb5a8b60b8-1, groupId=Consumer-topic-a624c623_1f41_4a1b_8465_24cb5a8b60b8] Discovered group coordinator localhost:32769 (id: 2147483647 rack: null)
2025-08-06 18:50:12,250 INFO  [org.apa.kaf.cli.con.int.ConsumerCoordinator] (Thread-603) [Consumer clientId=consumer-Consumer-topic-a624c623_1f41_4a1b_8465_24cb5a8b60b8-1, groupId=Consumer-topic-a624c623_1f41_4a1b_8465_24cb5a8b60b8] Group coordinator localhost:32769 (id: 2147483647 rack: null) is unavailable or invalid due to cause: coordinator unavailable. isDisconnected: false. Rediscovery will be attempted.
2025-08-06 18:50:12,250 INFO  [org.apa.kaf.cli.con.int.ConsumerCoordinator] (Thread-603) [Consumer clientId=consumer-Consumer-topic-a624c623_1f41_4a1b_8465_24cb5a8b60b8-1, groupId=Consumer-topic-a624c623_1f41_4a1b_8465_24cb5a8b60b8] Requesting disconnect from last known coordinator localhost:32769 (id: 2147483647 rack: null)
2025-08-06 18:50:12,361 INFO  [org.apa.kaf.cli.con.int.ConsumerCoordinator] (Thread-603) [Consumer clientId=consumer-Consumer-topic-a624c623_1f41_4a1b_8465_24cb5a8b60b8-1, groupId=Consumer-topic-a624c623_1f41_4a1b_8465_24cb5a8b60b8] Discovered group coordinator localhost:32769 (id: 2147483647 rack: null)
2025-08-06 18:50:12,363 INFO  [org.apa.kaf.cli.con.int.ConsumerCoordinator] (Thread-603) [Consumer clientId=consumer-Consumer-topic-a624c623_1f41_4a1b_8465_24cb5a8b60b8-1, groupId=Consumer-topic-a624c623_1f41_4a1b_8465_24cb5a8b60b8] Request joining group due to: rebalance failed due to 'This is not the correct coordinator.' (NotCoordinatorException)
2025-08-06 18:50:12,364 INFO  [org.apa.kaf.cli.con.int.ConsumerCoordinator] (Thread-603) [Consumer clientId=consumer-Consumer-topic-a624c623_1f41_4a1b_8465_24cb5a8b60b8-1, groupId=Consumer-topic-a624c623_1f41_4a1b_8465_24cb5a8b60b8] (Re-)joining group
2025-08-06 18:50:12,372 INFO  [org.apa.kaf.cli.con.int.ConsumerCoordinator] (Thread-603) [Consumer clientId=consumer-Consumer-topic-a624c623_1f41_4a1b_8465_24cb5a8b60b8-1, groupId=Consumer-topic-a624c623_1f41_4a1b_8465_24cb5a8b60b8] Group coordinator localhost:32769 (id: 2147483647 rack: null) is unavailable or invalid due to cause: error response NOT_COORDINATOR. isDisconnected: false. Rediscovery will be attempted.
2025-08-06 18:50:12,373 INFO  [org.apa.kaf.cli.con.int.ConsumerCoordinator] (Thread-603) [Consumer clientId=consumer-Consumer-topic-a624c623_1f41_4a1b_8465_24cb5a8b60b8-1, groupId=Consumer-topic-a624c623_1f41_4a1b_8465_24cb5a8b60b8] Requesting disconnect from last known coordinator localhost:32769 (id: 2147483647 rack: null)
2025-08-06 18:50:12,373 INFO  [org.apa.kaf.cli.con.int.ConsumerCoordinator] (Thread-603) [Consumer clientId=consumer-Consumer-topic-a624c623_1f41_4a1b_8465_24cb5a8b60b8-1, groupId=Consumer-topic-a624c623_1f41_4a1b_8465_24cb5a8b60b8] JoinGroup failed: This is not the correct coordinator. Marking coordinator unknown. Sent generation was Generation{generationId=-1, memberId='', protocol='null'}
2025-08-06 18:50:12,373 INFO  [org.apa.kaf.cli.NetworkClient] (Thread-603) [Consumer clientId=consumer-Consumer-topic-a624c623_1f41_4a1b_8465_24cb5a8b60b8-1, groupId=Consumer-topic-a624c623_1f41_4a1b_8465_24cb5a8b60b8] Client requested disconnect from node 2147483647
2025-08-06 18:50:12,378 INFO  [org.apa.kaf.cli.con.int.ConsumerCoordinator] (Thread-603) [Consumer clientId=consumer-Consumer-topic-a624c623_1f41_4a1b_8465_24cb5a8b60b8-1, groupId=Consumer-topic-a624c623_1f41_4a1b_8465_24cb5a8b60b8] Discovered group coordinator localhost:32769 (id: 2147483647 rack: null)
2025-08-06 18:50:12,378 INFO  [org.apa.kaf.cli.con.int.ConsumerCoordinator] (Thread-603) [Consumer clientId=consumer-Consumer-topic-a624c623_1f41_4a1b_8465_24cb5a8b60b8-1, groupId=Consumer-topic-a624c623_1f41_4a1b_8465_24cb5a8b60b8] Group coordinator localhost:32769 (id: 2147483647 rack: null) is unavailable or invalid due to cause: coordinator unavailable. isDisconnected: false. Rediscovery will be attempted.
2025-08-06 18:50:12,379 INFO  [org.apa.kaf.cli.con.int.ConsumerCoordinator] (Thread-603) [Consumer clientId=consumer-Consumer-topic-a624c623_1f41_4a1b_8465_24cb5a8b60b8-1, groupId=Consumer-topic-a624c623_1f41_4a1b_8465_24cb5a8b60b8] Requesting disconnect from last known coordinator localhost:32769 (id: 2147483647 rack: null)
2025-08-06 18:50:12,476 INFO  [org.apa.kaf.cli.con.int.ConsumerCoordinator] (Thread-603) [Consumer clientId=consumer-Consumer-topic-a624c623_1f41_4a1b_8465_24cb5a8b60b8-1, groupId=Consumer-topic-a624c623_1f41_4a1b_8465_24cb5a8b60b8] Discovered group coordinator localhost:32769 (id: 2147483647 rack: null)
2025-08-06 18:50:12,477 INFO  [org.apa.kaf.cli.con.int.ConsumerCoordinator] (Thread-603) [Consumer clientId=consumer-Consumer-topic-a624c623_1f41_4a1b_8465_24cb5a8b60b8-1, groupId=Consumer-topic-a624c623_1f41_4a1b_8465_24cb5a8b60b8] Request joining group due to: rebalance failed due to 'This is not the correct coordinator.' (NotCoordinatorException)
2025-08-06 18:50:12,480 INFO  [org.apa.kaf.cli.con.int.ConsumerCoordinator] (Thread-603) [Consumer clientId=consumer-Consumer-topic-a624c623_1f41_4a1b_8465_24cb5a8b60b8-1, groupId=Consumer-topic-a624c623_1f41_4a1b_8465_24cb5a8b60b8] (Re-)joining group
2025-08-06 18:50:12,486 INFO  [org.apa.kaf.cli.con.int.ConsumerCoordinator] (Thread-603) [Consumer clientId=consumer-Consumer-topic-a624c623_1f41_4a1b_8465_24cb5a8b60b8-1, groupId=Consumer-topic-a624c623_1f41_4a1b_8465_24cb5a8b60b8] Group coordinator localhost:32769 (id: 2147483647 rack: null) is unavailable or invalid due to cause: error response NOT_COORDINATOR. isDisconnected: false. Rediscovery will be attempted.
2025-08-06 18:50:12,486 INFO  [org.apa.kaf.cli.con.int.ConsumerCoordinator] (Thread-603) [Consumer clientId=consumer-Consumer-topic-a624c623_1f41_4a1b_8465_24cb5a8b60b8-1, groupId=Consumer-topic-a624c623_1f41_4a1b_8465_24cb5a8b60b8] Requesting disconnect from last known coordinator localhost:32769 (id: 2147483647 rack: null)
2025-08-06 18:50:12,486 INFO  [org.apa.kaf.cli.con.int.ConsumerCoordinator] (Thread-603) [Consumer clientId=consumer-Consumer-topic-a624c623_1f41_4a1b_8465_24cb5a8b60b8-1, groupId=Consumer-topic-a624c623_1f41_4a1b_8465_24cb5a8b60b8] JoinGroup failed: This is not the correct coordinator. Marking coordinator unknown. Sent generation was Generation{generationId=-1, memberId='', protocol='null'}
2025-08-06 18:50:12,486 INFO  [org.apa.kaf.cli.NetworkClient] (Thread-603) [Consumer clientId=consumer-Consumer-topic-a624c623_1f41_4a1b_8465_24cb5a8b60b8-1, groupId=Consumer-topic-a624c623_1f41_4a1b_8465_24cb5a8b60b8] Client requested disconnect from node 2147483647
2025-08-06 18:50:12,490 INFO  [org.apa.kaf.cli.con.int.ConsumerCoordinator] (Thread-603) [Consumer clientId=consumer-Consumer-topic-a624c623_1f41_4a1b_8465_24cb5a8b60b8-1, groupId=Consumer-topic-a624c623_1f41_4a1b_8465_24cb5a8b60b8] Discovered group coordinator localhost:32769 (id: 2147483647 rack: null)
2025-08-06 18:50:12,490 INFO  [org.apa.kaf.cli.con.int.ConsumerCoordinator] (Thread-603) [Consumer clientId=consumer-Consumer-topic-a624c623_1f41_4a1b_8465_24cb5a8b60b8-1, groupId=Consumer-topic-a624c623_1f41_4a1b_8465_24cb5a8b60b8] Group coordinator localhost:32769 (id: 2147483647 rack: null) is unavailable or invalid due to cause: coordinator unavailable. isDisconnected: false. Rediscovery will be attempted.
2025-08-06 18:50:12,490 INFO  [org.apa.kaf.cli.con.int.ConsumerCoordinator] (Thread-603) [Consumer clientId=consumer-Consumer-topic-a624c623_1f41_4a1b_8465_24cb5a8b60b8-1, groupId=Consumer-topic-a624c623_1f41_4a1b_8465_24cb5a8b60b8] Requesting disconnect from last known coordinator localhost:32769 (id: 2147483647 rack: null)
2025-08-06 18:50:12,621 INFO  [org.apa.kaf.cli.con.int.ConsumerCoordinator] (Thread-603) [Consumer clientId=consumer-Consumer-topic-a624c623_1f41_4a1b_8465_24cb5a8b60b8-1, groupId=Consumer-topic-a624c623_1f41_4a1b_8465_24cb5a8b60b8] Discovered group coordinator localhost:32769 (id: 2147483647 rack: null)
2025-08-06 18:50:12,624 INFO  [org.apa.kaf.cli.con.int.ConsumerCoordinator] (Thread-603) [Consumer clientId=consumer-Consumer-topic-a624c623_1f41_4a1b_8465_24cb5a8b60b8-1, groupId=Consumer-topic-a624c623_1f41_4a1b_8465_24cb5a8b60b8] Request joining group due to: rebalance failed due to 'This is not the correct coordinator.' (NotCoordinatorException)
2025-08-06 18:50:12,625 INFO  [org.apa.kaf.cli.con.int.ConsumerCoordinator] (Thread-603) [Consumer clientId=consumer-Consumer-topic-a624c623_1f41_4a1b_8465_24cb5a8b60b8-1, groupId=Consumer-topic-a624c623_1f41_4a1b_8465_24cb5a8b60b8] (Re-)joining group
2025-08-06 18:50:12,652 INFO  [org.apa.kaf.cli.con.int.ConsumerCoordinator] (Thread-603) [Consumer clientId=consumer-Consumer-topic-a624c623_1f41_4a1b_8465_24cb5a8b60b8-1, groupId=Consumer-topic-a624c623_1f41_4a1b_8465_24cb5a8b60b8] Request joining group due to: need to re-join with the given member-id: consumer-Consumer-topic-a624c623_1f41_4a1b_8465_24cb5a8b60b8-1-df071980-57e7-4639-8abe-33d2bce2886d
2025-08-06 18:50:12,652 INFO  [org.apa.kaf.cli.con.int.ConsumerCoordinator] (Thread-603) [Consumer clientId=consumer-Consumer-topic-a624c623_1f41_4a1b_8465_24cb5a8b60b8-1, groupId=Consumer-topic-a624c623_1f41_4a1b_8465_24cb5a8b60b8] (Re-)joining group
2025-08-06 18:50:13,035 INFO  [io.api.tes.ser.api.KafkaSerdesTester] (Thread-603) None found
2025-08-06 18:50:14,036 INFO  [io.api.tes.ser.api.KafkaSerdesTester] (Thread-603) None found
2025-08-06 18:50:15,036 INFO  [io.api.tes.ser.api.KafkaSerdesTester] (Thread-603) None found
2025-08-06 18:50:15,671 INFO  [org.apa.kaf.cli.con.int.ConsumerCoordinator] (Thread-603) [Consumer clientId=consumer-Consumer-topic-a624c623_1f41_4a1b_8465_24cb5a8b60b8-1, groupId=Consumer-topic-a624c623_1f41_4a1b_8465_24cb5a8b60b8] Successfully joined group with generation Generation{generationId=1, memberId='consumer-Consumer-topic-a624c623_1f41_4a1b_8465_24cb5a8b60b8-1-df071980-57e7-4639-8abe-33d2bce2886d', protocol='range'}
2025-08-06 18:50:15,680 INFO  [org.apa.kaf.cli.con.int.ConsumerCoordinator] (Thread-603) [Consumer clientId=consumer-Consumer-topic-a624c623_1f41_4a1b_8465_24cb5a8b60b8-1, groupId=Consumer-topic-a624c623_1f41_4a1b_8465_24cb5a8b60b8] Finished assignment for group at generation 1: {consumer-Consumer-topic-a624c623_1f41_4a1b_8465_24cb5a8b60b8-1-df071980-57e7-4639-8abe-33d2bce2886d=Assignment(partitions=[topic-a624c623_1f41_4a1b_8465_24cb5a8b60b8-0])}
2025-08-06 18:50:15,698 INFO  [org.apa.kaf.cli.con.int.ConsumerCoordinator] (Thread-603) [Consumer clientId=consumer-Consumer-topic-a624c623_1f41_4a1b_8465_24cb5a8b60b8-1, groupId=Consumer-topic-a624c623_1f41_4a1b_8465_24cb5a8b60b8] Successfully synced group in generation Generation{generationId=1, memberId='consumer-Consumer-topic-a624c623_1f41_4a1b_8465_24cb5a8b60b8-1-df071980-57e7-4639-8abe-33d2bce2886d', protocol='range'}
2025-08-06 18:50:15,699 INFO  [org.apa.kaf.cli.con.int.ConsumerCoordinator] (Thread-603) [Consumer clientId=consumer-Consumer-topic-a624c623_1f41_4a1b_8465_24cb5a8b60b8-1, groupId=Consumer-topic-a624c623_1f41_4a1b_8465_24cb5a8b60b8] Notifying assignor about the new Assignment(partitions=[topic-a624c623_1f41_4a1b_8465_24cb5a8b60b8-0])
2025-08-06 18:50:15,703 INFO  [org.apa.kaf.cli.con.int.ConsumerRebalanceListenerInvoker] (Thread-603) [Consumer clientId=consumer-Consumer-topic-a624c623_1f41_4a1b_8465_24cb5a8b60b8-1, groupId=Consumer-topic-a624c623_1f41_4a1b_8465_24cb5a8b60b8] Adding newly assigned partitions: topic-a624c623_1f41_4a1b_8465_24cb5a8b60b8-0
2025-08-06 18:50:15,719 INFO  [org.apa.kaf.cli.con.int.ConsumerCoordinator] (Thread-603) [Consumer clientId=consumer-Consumer-topic-a624c623_1f41_4a1b_8465_24cb5a8b60b8-1, groupId=Consumer-topic-a624c623_1f41_4a1b_8465_24cb5a8b60b8] Found no committed offset for partition topic-a624c623_1f41_4a1b_8465_24cb5a8b60b8-0
2025-08-06 18:50:15,736 INFO  [org.apa.kaf.cli.con.int.SubscriptionState] (Thread-603) [Consumer clientId=consumer-Consumer-topic-a624c623_1f41_4a1b_8465_24cb5a8b60b8-1, groupId=Consumer-topic-a624c623_1f41_4a1b_8465_24cb5a8b60b8] Resetting offset for partition topic-a624c623_1f41_4a1b_8465_24cb5a8b60b8-0 to position FetchPosition{offset=0, offsetEpoch=Optional.empty, currentLeader=LeaderAndEpoch{leader=Optional[localhost:32769 (id: 0 rack: null)], epoch=0}}.
2025-08-06 18:50:15,855 INFO  [io.api.tes.ser.api.KafkaSerdesTester] (Thread-603) topic-a624c623_1f41_4a1b_8465_24cb5a8b60b8 0 0 {"key11754506210984": "value-0"}
2025-08-06 18:50:15,855 INFO  [io.api.tes.ser.api.KafkaSerdesTester] (Thread-603) topic-a624c623_1f41_4a1b_8465_24cb5a8b60b8 0 1 {"key11754506210984": "value-1"}
2025-08-06 18:50:15,855 INFO  [io.api.tes.ser.api.KafkaSerdesTester] (Thread-603) topic-a624c623_1f41_4a1b_8465_24cb5a8b60b8 0 2 {"key11754506210984": "value-2"}
2025-08-06 18:50:15,855 INFO  [io.api.tes.ser.api.KafkaSerdesTester] (Thread-603) topic-a624c623_1f41_4a1b_8465_24cb5a8b60b8 0 3 {"key11754506210984": "value-3"}
2025-08-06 18:50:15,855 INFO  [io.api.tes.ser.api.KafkaSerdesTester] (Thread-603) topic-a624c623_1f41_4a1b_8465_24cb5a8b60b8 0 4 {"key11754506210984": "value-4"}
2025-08-06 18:50:15,855 INFO  [io.api.tes.ser.api.KafkaSerdesTester] (Thread-603) topic-a624c623_1f41_4a1b_8465_24cb5a8b60b8 0 5 {"key11754506210984": "value-5"}
2025-08-06 18:50:15,855 INFO  [io.api.tes.ser.api.KafkaSerdesTester] (Thread-603) topic-a624c623_1f41_4a1b_8465_24cb5a8b60b8 0 6 {"key11754506210984": "value-6"}
2025-08-06 18:50:15,856 INFO  [io.api.tes.ser.api.KafkaSerdesTester] (Thread-603) topic-a624c623_1f41_4a1b_8465_24cb5a8b60b8 0 7 {"key11754506210984": "value-7"}
2025-08-06 18:50:15,862 INFO  [io.api.tes.ser.api.KafkaSerdesTester] (Thread-603) topic-a624c623_1f41_4a1b_8465_24cb5a8b60b8 0 8 {"key11754506210984": "value-8"}
2025-08-06 18:50:15,862 INFO  [io.api.tes.ser.api.KafkaSerdesTester] (Thread-603) topic-a624c623_1f41_4a1b_8465_24cb5a8b60b8 0 9 {"key11754506210984": "value-9"}
2025-08-06 18:50:15,862 INFO  [io.api.tes.ser.api.KafkaSerdesTester] (Thread-603) Consumed 10 messages
2025-08-06 18:50:15,895 INFO  [org.apa.kaf.cli.con.int.ConsumerRebalanceListenerInvoker] (Thread-603) [Consumer clientId=consumer-Consumer-topic-a624c623_1f41_4a1b_8465_24cb5a8b60b8-1, groupId=Consumer-topic-a624c623_1f41_4a1b_8465_24cb5a8b60b8] Revoke previously assigned partitions topic-a624c623_1f41_4a1b_8465_24cb5a8b60b8-0
2025-08-06 18:50:15,895 INFO  [org.apa.kaf.cli.con.int.ConsumerCoordinator] (Thread-603) [Consumer clientId=consumer-Consumer-topic-a624c623_1f41_4a1b_8465_24cb5a8b60b8-1, groupId=Consumer-topic-a624c623_1f41_4a1b_8465_24cb5a8b60b8] Member consumer-Consumer-topic-a624c623_1f41_4a1b_8465_24cb5a8b60b8-1-df071980-57e7-4639-8abe-33d2bce2886d sending LeaveGroup request to coordinator localhost:32769 (id: 2147483647 rack: null) due to the consumer is being closed
2025-08-06 18:50:15,897 INFO  [org.apa.kaf.cli.con.int.ConsumerCoordinator] (Thread-603) [Consumer clientId=consumer-Consumer-topic-a624c623_1f41_4a1b_8465_24cb5a8b60b8-1, groupId=Consumer-topic-a624c623_1f41_4a1b_8465_24cb5a8b60b8] Resetting generation and member id due to: consumer pro-actively leaving the group
2025-08-06 18:50:15,897 INFO  [org.apa.kaf.cli.con.int.ConsumerCoordinator] (Thread-603) [Consumer clientId=consumer-Consumer-topic-a624c623_1f41_4a1b_8465_24cb5a8b60b8-1, groupId=Consumer-topic-a624c623_1f41_4a1b_8465_24cb5a8b60b8] Request joining group due to: consumer pro-actively leaving the group
2025-08-06 18:50:16,371 INFO  [org.apa.kaf.com.met.Metrics] (Thread-603) Metrics scheduler closed
2025-08-06 18:50:16,371 INFO  [org.apa.kaf.com.met.Metrics] (Thread-603) Closing reporter org.apache.kafka.common.metrics.JmxReporter
2025-08-06 18:50:16,372 INFO  [org.apa.kaf.com.met.Metrics] (Thread-603) Closing reporter org.apache.kafka.common.telemetry.internals.ClientTelemetryReporter
2025-08-06 18:50:16,372 INFO  [org.apa.kaf.com.met.Metrics] (Thread-603) Metrics reporters closed
2025-08-06 18:50:16,380 INFO  [org.apa.kaf.com.uti.AppInfoParser] (Thread-603) App info kafka.consumer for consumer-Consumer-topic-a624c623_1f41_4a1b_8465_24cb5a8b60b8-1 unregistered
2025-08-06 18:50:16,380 INFO  [io.api.tes.uti.TestSeparator] (main) io.apicurio.tests.serdes.apicurio.AvroSerdeIT.testGlobalIdInHeaders-FINISHED
2025-08-06 18:50:16,381 INFO  [io.api.tes.uti.TestSeparator] (main) ############################################################################
Test passed: testGlobalIdInHeaders
]]></system-out>
  </testcase>
  <testcase name="testSimpleTopicIdStrategyFindLatest" classname="io.apicurio.tests.serdes.apicurio.AvroSerdeIT" time="4.741">
    <system-out><![CDATA[2025-08-06 18:50:16,382 INFO  [io.api.tes.uti.TestSeparator] (main) ############################################################################
2025-08-06 18:50:16,382 INFO  [io.api.tes.uti.TestSeparator] (main) io.apicurio.tests.serdes.apicurio.AvroSerdeIT.testSimpleTopicIdStrategyFindLatest-STARTED
2025-08-06 18:50:16,387 INFO  [io.api.tes.ser.api.AvroSerdeIT] (main) Registering Avro Schema: {"type":"record","name":"myrecordapicurio1","fields":[{"name":"key11754506216385","type":"string"}]}
**** Registry Base URL: http://registry-app-inmemory.apps.ci419.apicurio-testing.org:80
2025-08-06 18:50:17,417 INFO  [org.apa.kaf.cli.pro.ProducerConfig] (main) ProducerConfig values: 
	acks = -1
	auto.include.jmx.reporter = true
	batch.size = 16384
	bootstrap.servers = [PLAINTEXT://localhost:32769]
	buffer.memory = 33554432
	client.dns.lookup = use_all_dns_ips
	client.id = Producer-topic-55743f7c_1512_40da_90a7_d2ca4419b80d
	compression.gzip.level = -1
	compression.lz4.level = 9
	compression.type = none
	compression.zstd.level = 3
	connections.max.idle.ms = 10000
	delivery.timeout.ms = 120000
	enable.idempotence = true
	enable.metrics.push = true
	interceptor.classes = []
	key.serializer = class org.apache.kafka.common.serialization.StringSerializer
	linger.ms = 0
	max.block.ms = 60000
	max.in.flight.requests.per.connection = 5
	max.request.size = 1048576
	metadata.max.age.ms = 300000
	metadata.max.idle.ms = 300000
	metadata.recovery.strategy = none
	metric.reporters = []
	metrics.num.samples = 2
	metrics.recording.level = INFO
	metrics.sample.window.ms = 30000
	partitioner.adaptive.partitioning.enable = true
	partitioner.availability.timeout.ms = 0
	partitioner.class = null
	partitioner.ignore.keys = false
	receive.buffer.bytes = 32768
	reconnect.backoff.max.ms = 1000
	reconnect.backoff.ms = 50
	request.timeout.ms = 5000
	retries = 2147483647
	retry.backoff.max.ms = 1000
	retry.backoff.ms = 100
	sasl.client.callback.handler.class = null
	sasl.jaas.config = null
	sasl.kerberos.kinit.cmd = /usr/bin/kinit
	sasl.kerberos.min.time.before.relogin = 60000
	sasl.kerberos.service.name = null
	sasl.kerberos.ticket.renew.jitter = 0.05
	sasl.kerberos.ticket.renew.window.factor = 0.8
	sasl.login.callback.handler.class = null
	sasl.login.class = null
	sasl.login.connect.timeout.ms = null
	sasl.login.read.timeout.ms = null
	sasl.login.refresh.buffer.seconds = 300
	sasl.login.refresh.min.period.seconds = 60
	sasl.login.refresh.window.factor = 0.8
	sasl.login.refresh.window.jitter = 0.05
	sasl.login.retry.backoff.max.ms = 10000
	sasl.login.retry.backoff.ms = 100
	sasl.mechanism = GSSAPI
	sasl.oauthbearer.clock.skew.seconds = 30
	sasl.oauthbearer.expected.audience = null
	sasl.oauthbearer.expected.issuer = null
	sasl.oauthbearer.header.urlencode = false
	sasl.oauthbearer.jwks.endpoint.refresh.ms = 3600000
	sasl.oauthbearer.jwks.endpoint.retry.backoff.max.ms = 10000
	sasl.oauthbearer.jwks.endpoint.retry.backoff.ms = 100
	sasl.oauthbearer.jwks.endpoint.url = null
	sasl.oauthbearer.scope.claim.name = scope
	sasl.oauthbearer.sub.claim.name = sub
	sasl.oauthbearer.token.endpoint.url = null
	security.protocol = PLAINTEXT
	security.providers = null
	send.buffer.bytes = 131072
	socket.connection.setup.timeout.max.ms = 30000
	socket.connection.setup.timeout.ms = 10000
	ssl.cipher.suites = null
	ssl.enabled.protocols = [TLSv1.2, TLSv1.3]
	ssl.endpoint.identification.algorithm = https
	ssl.engine.factory.class = null
	ssl.key.password = null
	ssl.keymanager.algorithm = SunX509
	ssl.keystore.certificate.chain = null
	ssl.keystore.key = null
	ssl.keystore.location = null
	ssl.keystore.password = null
	ssl.keystore.type = JKS
	ssl.protocol = TLSv1.3
	ssl.provider = null
	ssl.secure.random.implementation = null
	ssl.trustmanager.algorithm = PKIX
	ssl.truststore.certificates = null
	ssl.truststore.location = null
	ssl.truststore.password = null
	ssl.truststore.type = JKS
	transaction.timeout.ms = 60000
	transactional.id = null
	value.serializer = class io.apicurio.registry.serde.avro.AvroKafkaSerializer

2025-08-06 18:50:17,417 INFO  [org.apa.kaf.com.tel.int.KafkaMetricsCollector] (main) initializing Kafka metrics collector
2025-08-06 18:50:17,421 INFO  [org.apa.kaf.cli.pro.KafkaProducer] (main) [Producer clientId=Producer-topic-55743f7c_1512_40da_90a7_d2ca4419b80d] Instantiated an idempotent producer.
2025-08-06 18:50:17,430 INFO  [org.apa.kaf.cli.pro.ProducerConfig] (main) These configurations '[apicurio.registry.find-latest, apicurio.registry.artifact.group-id, apicurio.registry.url, apicurio.registry.artifact-resolver-strategy]' were supplied but are not used yet.
2025-08-06 18:50:17,430 INFO  [org.apa.kaf.com.uti.AppInfoParser] (main) Kafka version: 3.9.1
2025-08-06 18:50:17,430 INFO  [org.apa.kaf.com.uti.AppInfoParser] (main) Kafka commitId: f745dfdcee2b9851
2025-08-06 18:50:17,430 INFO  [org.apa.kaf.com.uti.AppInfoParser] (main) Kafka startTimeMs: 1754506217430
2025-08-06 18:50:17,432 INFO  [io.api.tes.ser.api.SimpleSerdesTesterBuilder$SimpleSerdesTester] (main) Using producer configuration: {apicurio.registry.find-latest=true, apicurio.registry.artifact.group-id=topic-55743f7c_1512_40da_90a7_d2ca4419b80d, apicurio.registry.url=http://registry-app-inmemory.apps.ci419.apicurio-testing.org:80/apis/registry/v3, apicurio.registry.artifact-resolver-strategy=io.apicurio.registry.serde.strategy.SimpleTopicIdStrategy, value.serializer=io.apicurio.registry.serde.avro.AvroKafkaSerializer, request.timeout.ms=5000, acks=all, bootstrap.servers=PLAINTEXT://localhost:32769, connections.max.idle.ms=10000, key.serializer=org.apache.kafka.common.serialization.StringSerializer, client.id=Producer-topic-55743f7c_1512_40da_90a7_d2ca4419b80d}
2025-08-06 18:50:17,432 INFO  [io.api.tes.ser.api.SimpleSerdesTesterBuilder$SimpleSerdesTester] (main) Using consumer configuration: {}
2025-08-06 18:50:17,433 INFO  [io.api.tes.ser.api.KafkaSerdesTester] (Thread-606) Sending message {"key11754506216385": "value-0"} to topic topic-55743f7c_1512_40da_90a7_d2ca4419b80d
2025-08-06 18:50:17,437 INFO  [org.apa.kaf.cli.Metadata] (kafka-producer-network-thread | Producer-topic-55743f7c_1512_40da_90a7_d2ca4419b80d) [Producer clientId=Producer-topic-55743f7c_1512_40da_90a7_d2ca4419b80d] Cluster ID: EV4Uys23RNi7BwH7MVj6Ag
2025-08-06 18:50:17,441 INFO  [org.apa.kaf.cli.pro.int.TransactionManager] (kafka-producer-network-thread | Producer-topic-55743f7c_1512_40da_90a7_d2ca4419b80d) [Producer clientId=Producer-topic-55743f7c_1512_40da_90a7_d2ca4419b80d] ProducerId set to 1 with epoch 0
2025-08-06 18:50:17,478 INFO  [io.api.tes.ser.api.KafkaSerdesTester] (Thread-606) Sending message {"key11754506216385": "value-1"} to topic topic-55743f7c_1512_40da_90a7_d2ca4419b80d
2025-08-06 18:50:17,481 INFO  [io.api.tes.ser.api.KafkaSerdesTester] (Thread-606) Sending message {"key11754506216385": "value-2"} to topic topic-55743f7c_1512_40da_90a7_d2ca4419b80d
2025-08-06 18:50:17,485 INFO  [io.api.tes.ser.api.KafkaSerdesTester] (Thread-606) Sending message {"key11754506216385": "value-3"} to topic topic-55743f7c_1512_40da_90a7_d2ca4419b80d
2025-08-06 18:50:17,488 INFO  [io.api.tes.ser.api.KafkaSerdesTester] (Thread-606) Sending message {"key11754506216385": "value-4"} to topic topic-55743f7c_1512_40da_90a7_d2ca4419b80d
2025-08-06 18:50:17,492 INFO  [io.api.tes.ser.api.KafkaSerdesTester] (Thread-606) Sending message {"key11754506216385": "value-5"} to topic topic-55743f7c_1512_40da_90a7_d2ca4419b80d
2025-08-06 18:50:17,496 INFO  [io.api.tes.ser.api.KafkaSerdesTester] (Thread-606) Sending message {"key11754506216385": "value-6"} to topic topic-55743f7c_1512_40da_90a7_d2ca4419b80d
2025-08-06 18:50:17,498 INFO  [io.api.tes.ser.api.KafkaSerdesTester] (Thread-606) Sending message {"key11754506216385": "value-7"} to topic topic-55743f7c_1512_40da_90a7_d2ca4419b80d
2025-08-06 18:50:17,501 INFO  [io.api.tes.ser.api.KafkaSerdesTester] (Thread-606) Sending message {"key11754506216385": "value-8"} to topic topic-55743f7c_1512_40da_90a7_d2ca4419b80d
2025-08-06 18:50:17,504 INFO  [io.api.tes.ser.api.KafkaSerdesTester] (Thread-606) Sending message {"key11754506216385": "value-9"} to topic topic-55743f7c_1512_40da_90a7_d2ca4419b80d
2025-08-06 18:50:17,508 INFO  [io.api.tes.ser.api.KafkaSerdesTester] (Thread-606) Produced 10 messages
2025-08-06 18:50:17,509 INFO  [org.apa.kaf.cli.pro.KafkaProducer] (Thread-606) [Producer clientId=Producer-topic-55743f7c_1512_40da_90a7_d2ca4419b80d] Closing the Kafka producer with timeoutMillis = 9223372036854775807 ms.
2025-08-06 18:50:17,514 INFO  [org.apa.kaf.com.met.Metrics] (Thread-606) Metrics scheduler closed
2025-08-06 18:50:17,514 INFO  [org.apa.kaf.com.met.Metrics] (Thread-606) Closing reporter org.apache.kafka.common.metrics.JmxReporter
2025-08-06 18:50:17,514 INFO  [org.apa.kaf.com.met.Metrics] (Thread-606) Closing reporter org.apache.kafka.common.telemetry.internals.ClientTelemetryReporter
2025-08-06 18:50:17,514 INFO  [org.apa.kaf.com.met.Metrics] (Thread-606) Metrics reporters closed
2025-08-06 18:50:17,514 INFO  [org.apa.kaf.com.uti.AppInfoParser] (Thread-606) App info kafka.producer for Producer-topic-55743f7c_1512_40da_90a7_d2ca4419b80d unregistered
**** Registry Base URL: http://registry-app-inmemory.apps.ci419.apicurio-testing.org:80
2025-08-06 18:50:17,515 INFO  [org.apa.kaf.cli.con.ConsumerConfig] (main) ConsumerConfig values: 
	allow.auto.create.topics = true
	auto.commit.interval.ms = 500
	auto.include.jmx.reporter = true
	auto.offset.reset = earliest
	bootstrap.servers = [PLAINTEXT://localhost:32769]
	check.crcs = true
	client.dns.lookup = use_all_dns_ips
	client.id = consumer-Consumer-topic-55743f7c_1512_40da_90a7_d2ca4419b80d-2
	client.rack = 
	connections.max.idle.ms = 10000
	default.api.timeout.ms = 60000
	enable.auto.commit = true
	enable.metrics.push = true
	exclude.internal.topics = true
	fetch.max.bytes = 52428800
	fetch.max.wait.ms = 500
	fetch.min.bytes = 1
	group.id = Consumer-topic-55743f7c_1512_40da_90a7_d2ca4419b80d
	group.instance.id = null
	group.protocol = classic
	group.remote.assignor = null
	heartbeat.interval.ms = 3000
	interceptor.classes = []
	internal.leave.group.on.close = true
	internal.throw.on.fetch.stable.offset.unsupported = false
	isolation.level = read_uncommitted
	key.deserializer = class org.apache.kafka.common.serialization.StringDeserializer
	max.partition.fetch.bytes = 1048576
	max.poll.interval.ms = 300000
	max.poll.records = 500
	metadata.max.age.ms = 300000
	metadata.recovery.strategy = none
	metric.reporters = []
	metrics.num.samples = 2
	metrics.recording.level = INFO
	metrics.sample.window.ms = 30000
	partition.assignment.strategy = [class org.apache.kafka.clients.consumer.RangeAssignor, class org.apache.kafka.clients.consumer.CooperativeStickyAssignor]
	receive.buffer.bytes = 65536
	reconnect.backoff.max.ms = 1000
	reconnect.backoff.ms = 50
	request.timeout.ms = 5000
	retry.backoff.max.ms = 1000
	retry.backoff.ms = 100
	sasl.client.callback.handler.class = null
	sasl.jaas.config = null
	sasl.kerberos.kinit.cmd = /usr/bin/kinit
	sasl.kerberos.min.time.before.relogin = 60000
	sasl.kerberos.service.name = null
	sasl.kerberos.ticket.renew.jitter = 0.05
	sasl.kerberos.ticket.renew.window.factor = 0.8
	sasl.login.callback.handler.class = null
	sasl.login.class = null
	sasl.login.connect.timeout.ms = null
	sasl.login.read.timeout.ms = null
	sasl.login.refresh.buffer.seconds = 300
	sasl.login.refresh.min.period.seconds = 60
	sasl.login.refresh.window.factor = 0.8
	sasl.login.refresh.window.jitter = 0.05
	sasl.login.retry.backoff.max.ms = 10000
	sasl.login.retry.backoff.ms = 100
	sasl.mechanism = GSSAPI
	sasl.oauthbearer.clock.skew.seconds = 30
	sasl.oauthbearer.expected.audience = null
	sasl.oauthbearer.expected.issuer = null
	sasl.oauthbearer.header.urlencode = false
	sasl.oauthbearer.jwks.endpoint.refresh.ms = 3600000
	sasl.oauthbearer.jwks.endpoint.retry.backoff.max.ms = 10000
	sasl.oauthbearer.jwks.endpoint.retry.backoff.ms = 100
	sasl.oauthbearer.jwks.endpoint.url = null
	sasl.oauthbearer.scope.claim.name = scope
	sasl.oauthbearer.sub.claim.name = sub
	sasl.oauthbearer.token.endpoint.url = null
	security.protocol = PLAINTEXT
	security.providers = null
	send.buffer.bytes = 131072
	session.timeout.ms = 45000
	socket.connection.setup.timeout.max.ms = 30000
	socket.connection.setup.timeout.ms = 10000
	ssl.cipher.suites = null
	ssl.enabled.protocols = [TLSv1.2, TLSv1.3]
	ssl.endpoint.identification.algorithm = https
	ssl.engine.factory.class = null
	ssl.key.password = null
	ssl.keymanager.algorithm = SunX509
	ssl.keystore.certificate.chain = null
	ssl.keystore.key = null
	ssl.keystore.location = null
	ssl.keystore.password = null
	ssl.keystore.type = JKS
	ssl.protocol = TLSv1.3
	ssl.provider = null
	ssl.secure.random.implementation = null
	ssl.trustmanager.algorithm = PKIX
	ssl.truststore.certificates = null
	ssl.truststore.location = null
	ssl.truststore.password = null
	ssl.truststore.type = JKS
	value.deserializer = class io.apicurio.registry.serde.avro.AvroKafkaDeserializer

2025-08-06 18:50:17,516 INFO  [org.apa.kaf.com.tel.int.KafkaMetricsCollector] (main) initializing Kafka metrics collector
2025-08-06 18:50:17,529 INFO  [org.apa.kaf.cli.con.ConsumerConfig] (main) These configurations '[apicurio.registry.url]' were supplied but are not used yet.
2025-08-06 18:50:17,529 INFO  [org.apa.kaf.com.uti.AppInfoParser] (main) Kafka version: 3.9.1
2025-08-06 18:50:17,529 INFO  [org.apa.kaf.com.uti.AppInfoParser] (main) Kafka commitId: f745dfdcee2b9851
2025-08-06 18:50:17,529 INFO  [org.apa.kaf.com.uti.AppInfoParser] (main) Kafka startTimeMs: 1754506217529
2025-08-06 18:50:17,530 INFO  [org.apa.kaf.cli.con.int.ClassicKafkaConsumer] (Thread-609) [Consumer clientId=consumer-Consumer-topic-55743f7c_1512_40da_90a7_d2ca4419b80d-2, groupId=Consumer-topic-55743f7c_1512_40da_90a7_d2ca4419b80d] Subscribed to topic(s): topic-55743f7c_1512_40da_90a7_d2ca4419b80d
2025-08-06 18:50:17,541 INFO  [org.apa.kaf.cli.Metadata] (Thread-609) [Consumer clientId=consumer-Consumer-topic-55743f7c_1512_40da_90a7_d2ca4419b80d-2, groupId=Consumer-topic-55743f7c_1512_40da_90a7_d2ca4419b80d] Cluster ID: EV4Uys23RNi7BwH7MVj6Ag
2025-08-06 18:50:17,545 INFO  [org.apa.kaf.cli.con.int.ConsumerCoordinator] (Thread-609) [Consumer clientId=consumer-Consumer-topic-55743f7c_1512_40da_90a7_d2ca4419b80d-2, groupId=Consumer-topic-55743f7c_1512_40da_90a7_d2ca4419b80d] Discovered group coordinator localhost:32769 (id: 2147483647 rack: null)
2025-08-06 18:50:17,550 INFO  [org.apa.kaf.cli.con.int.ConsumerCoordinator] (Thread-609) [Consumer clientId=consumer-Consumer-topic-55743f7c_1512_40da_90a7_d2ca4419b80d-2, groupId=Consumer-topic-55743f7c_1512_40da_90a7_d2ca4419b80d] (Re-)joining group
2025-08-06 18:50:17,553 INFO  [org.apa.kaf.cli.con.int.ConsumerCoordinator] (Thread-609) [Consumer clientId=consumer-Consumer-topic-55743f7c_1512_40da_90a7_d2ca4419b80d-2, groupId=Consumer-topic-55743f7c_1512_40da_90a7_d2ca4419b80d] Request joining group due to: need to re-join with the given member-id: consumer-Consumer-topic-55743f7c_1512_40da_90a7_d2ca4419b80d-2-8d719e7b-c338-4030-8619-e5fee4de8d5d
2025-08-06 18:50:17,554 INFO  [org.apa.kaf.cli.con.int.ConsumerCoordinator] (Thread-609) [Consumer clientId=consumer-Consumer-topic-55743f7c_1512_40da_90a7_d2ca4419b80d-2, groupId=Consumer-topic-55743f7c_1512_40da_90a7_d2ca4419b80d] (Re-)joining group
2025-08-06 18:50:18,530 INFO  [io.api.tes.ser.api.KafkaSerdesTester] (Thread-609) None found
2025-08-06 18:50:19,530 INFO  [io.api.tes.ser.api.KafkaSerdesTester] (Thread-609) None found
2025-08-06 18:50:20,531 INFO  [io.api.tes.ser.api.KafkaSerdesTester] (Thread-609) None found
2025-08-06 18:50:20,556 INFO  [org.apa.kaf.cli.con.int.ConsumerCoordinator] (Thread-609) [Consumer clientId=consumer-Consumer-topic-55743f7c_1512_40da_90a7_d2ca4419b80d-2, groupId=Consumer-topic-55743f7c_1512_40da_90a7_d2ca4419b80d] Successfully joined group with generation Generation{generationId=1, memberId='consumer-Consumer-topic-55743f7c_1512_40da_90a7_d2ca4419b80d-2-8d719e7b-c338-4030-8619-e5fee4de8d5d', protocol='range'}
2025-08-06 18:50:20,556 INFO  [org.apa.kaf.cli.con.int.ConsumerCoordinator] (Thread-609) [Consumer clientId=consumer-Consumer-topic-55743f7c_1512_40da_90a7_d2ca4419b80d-2, groupId=Consumer-topic-55743f7c_1512_40da_90a7_d2ca4419b80d] Finished assignment for group at generation 1: {consumer-Consumer-topic-55743f7c_1512_40da_90a7_d2ca4419b80d-2-8d719e7b-c338-4030-8619-e5fee4de8d5d=Assignment(partitions=[topic-55743f7c_1512_40da_90a7_d2ca4419b80d-0])}
2025-08-06 18:50:20,564 INFO  [org.apa.kaf.cli.con.int.ConsumerCoordinator] (Thread-609) [Consumer clientId=consumer-Consumer-topic-55743f7c_1512_40da_90a7_d2ca4419b80d-2, groupId=Consumer-topic-55743f7c_1512_40da_90a7_d2ca4419b80d] Successfully synced group in generation Generation{generationId=1, memberId='consumer-Consumer-topic-55743f7c_1512_40da_90a7_d2ca4419b80d-2-8d719e7b-c338-4030-8619-e5fee4de8d5d', protocol='range'}
2025-08-06 18:50:20,564 INFO  [org.apa.kaf.cli.con.int.ConsumerCoordinator] (Thread-609) [Consumer clientId=consumer-Consumer-topic-55743f7c_1512_40da_90a7_d2ca4419b80d-2, groupId=Consumer-topic-55743f7c_1512_40da_90a7_d2ca4419b80d] Notifying assignor about the new Assignment(partitions=[topic-55743f7c_1512_40da_90a7_d2ca4419b80d-0])
2025-08-06 18:50:20,564 INFO  [org.apa.kaf.cli.con.int.ConsumerRebalanceListenerInvoker] (Thread-609) [Consumer clientId=consumer-Consumer-topic-55743f7c_1512_40da_90a7_d2ca4419b80d-2, groupId=Consumer-topic-55743f7c_1512_40da_90a7_d2ca4419b80d] Adding newly assigned partitions: topic-55743f7c_1512_40da_90a7_d2ca4419b80d-0
2025-08-06 18:50:20,573 INFO  [org.apa.kaf.cli.con.int.ConsumerCoordinator] (Thread-609) [Consumer clientId=consumer-Consumer-topic-55743f7c_1512_40da_90a7_d2ca4419b80d-2, groupId=Consumer-topic-55743f7c_1512_40da_90a7_d2ca4419b80d] Found no committed offset for partition topic-55743f7c_1512_40da_90a7_d2ca4419b80d-0
2025-08-06 18:50:20,579 INFO  [org.apa.kaf.cli.con.int.SubscriptionState] (Thread-609) [Consumer clientId=consumer-Consumer-topic-55743f7c_1512_40da_90a7_d2ca4419b80d-2, groupId=Consumer-topic-55743f7c_1512_40da_90a7_d2ca4419b80d] Resetting offset for partition topic-55743f7c_1512_40da_90a7_d2ca4419b80d-0 to position FetchPosition{offset=0, offsetEpoch=Optional.empty, currentLeader=LeaderAndEpoch{leader=Optional[localhost:32769 (id: 0 rack: null)], epoch=0}}.
2025-08-06 18:50:20,610 INFO  [io.api.tes.ser.api.KafkaSerdesTester] (Thread-609) topic-55743f7c_1512_40da_90a7_d2ca4419b80d 0 0 {"key11754506216385": "value-0"}
2025-08-06 18:50:20,611 INFO  [io.api.tes.ser.api.KafkaSerdesTester] (Thread-609) topic-55743f7c_1512_40da_90a7_d2ca4419b80d 0 1 {"key11754506216385": "value-1"}
2025-08-06 18:50:20,611 INFO  [io.api.tes.ser.api.KafkaSerdesTester] (Thread-609) topic-55743f7c_1512_40da_90a7_d2ca4419b80d 0 2 {"key11754506216385": "value-2"}
2025-08-06 18:50:20,611 INFO  [io.api.tes.ser.api.KafkaSerdesTester] (Thread-609) topic-55743f7c_1512_40da_90a7_d2ca4419b80d 0 3 {"key11754506216385": "value-3"}
2025-08-06 18:50:20,611 INFO  [io.api.tes.ser.api.KafkaSerdesTester] (Thread-609) topic-55743f7c_1512_40da_90a7_d2ca4419b80d 0 4 {"key11754506216385": "value-4"}
2025-08-06 18:50:20,611 INFO  [io.api.tes.ser.api.KafkaSerdesTester] (Thread-609) topic-55743f7c_1512_40da_90a7_d2ca4419b80d 0 5 {"key11754506216385": "value-5"}
2025-08-06 18:50:20,611 INFO  [io.api.tes.ser.api.KafkaSerdesTester] (Thread-609) topic-55743f7c_1512_40da_90a7_d2ca4419b80d 0 6 {"key11754506216385": "value-6"}
2025-08-06 18:50:20,611 INFO  [io.api.tes.ser.api.KafkaSerdesTester] (Thread-609) topic-55743f7c_1512_40da_90a7_d2ca4419b80d 0 7 {"key11754506216385": "value-7"}
2025-08-06 18:50:20,611 INFO  [io.api.tes.ser.api.KafkaSerdesTester] (Thread-609) topic-55743f7c_1512_40da_90a7_d2ca4419b80d 0 8 {"key11754506216385": "value-8"}
2025-08-06 18:50:20,611 INFO  [io.api.tes.ser.api.KafkaSerdesTester] (Thread-609) topic-55743f7c_1512_40da_90a7_d2ca4419b80d 0 9 {"key11754506216385": "value-9"}
2025-08-06 18:50:20,612 INFO  [io.api.tes.ser.api.KafkaSerdesTester] (Thread-609) Consumed 10 messages
2025-08-06 18:50:20,619 INFO  [org.apa.kaf.cli.con.int.ConsumerRebalanceListenerInvoker] (Thread-609) [Consumer clientId=consumer-Consumer-topic-55743f7c_1512_40da_90a7_d2ca4419b80d-2, groupId=Consumer-topic-55743f7c_1512_40da_90a7_d2ca4419b80d] Revoke previously assigned partitions topic-55743f7c_1512_40da_90a7_d2ca4419b80d-0
2025-08-06 18:50:20,619 INFO  [org.apa.kaf.cli.con.int.ConsumerCoordinator] (Thread-609) [Consumer clientId=consumer-Consumer-topic-55743f7c_1512_40da_90a7_d2ca4419b80d-2, groupId=Consumer-topic-55743f7c_1512_40da_90a7_d2ca4419b80d] Member consumer-Consumer-topic-55743f7c_1512_40da_90a7_d2ca4419b80d-2-8d719e7b-c338-4030-8619-e5fee4de8d5d sending LeaveGroup request to coordinator localhost:32769 (id: 2147483647 rack: null) due to the consumer is being closed
2025-08-06 18:50:20,620 INFO  [org.apa.kaf.cli.con.int.ConsumerCoordinator] (Thread-609) [Consumer clientId=consumer-Consumer-topic-55743f7c_1512_40da_90a7_d2ca4419b80d-2, groupId=Consumer-topic-55743f7c_1512_40da_90a7_d2ca4419b80d] Resetting generation and member id due to: consumer pro-actively leaving the group
2025-08-06 18:50:20,620 INFO  [org.apa.kaf.cli.con.int.ConsumerCoordinator] (Thread-609) [Consumer clientId=consumer-Consumer-topic-55743f7c_1512_40da_90a7_d2ca4419b80d-2, groupId=Consumer-topic-55743f7c_1512_40da_90a7_d2ca4419b80d] Request joining group due to: consumer pro-actively leaving the group
2025-08-06 18:50:21,116 INFO  [org.apa.kaf.com.met.Metrics] (Thread-609) Metrics scheduler closed
2025-08-06 18:50:21,117 INFO  [org.apa.kaf.com.met.Metrics] (Thread-609) Closing reporter org.apache.kafka.common.metrics.JmxReporter
2025-08-06 18:50:21,117 INFO  [org.apa.kaf.com.met.Metrics] (Thread-609) Closing reporter org.apache.kafka.common.telemetry.internals.ClientTelemetryReporter
2025-08-06 18:50:21,117 INFO  [org.apa.kaf.com.met.Metrics] (Thread-609) Metrics reporters closed
2025-08-06 18:50:21,121 INFO  [org.apa.kaf.com.uti.AppInfoParser] (Thread-609) App info kafka.consumer for consumer-Consumer-topic-55743f7c_1512_40da_90a7_d2ca4419b80d-2 unregistered
2025-08-06 18:50:21,122 INFO  [io.api.tes.uti.TestSeparator] (main) io.apicurio.tests.serdes.apicurio.AvroSerdeIT.testSimpleTopicIdStrategyFindLatest-FINISHED
2025-08-06 18:50:21,122 INFO  [io.api.tes.uti.TestSeparator] (main) ############################################################################
Test passed: testSimpleTopicIdStrategyFindLatest
]]></system-out>
  </testcase>
  <testcase name="testWrongSchema" classname="io.apicurio.tests.serdes.apicurio.AvroSerdeIT" time="1.1">
    <system-out><![CDATA[2025-08-06 18:50:21,127 INFO  [io.api.tes.uti.TestSeparator] (main) ############################################################################
2025-08-06 18:50:21,127 INFO  [io.api.tes.uti.TestSeparator] (main) io.apicurio.tests.serdes.apicurio.AvroSerdeIT.testWrongSchema-STARTED
**** Registry Base URL: http://registry-app-inmemory.apps.ci419.apicurio-testing.org:80
2025-08-06 18:50:22,165 INFO  [org.apa.kaf.cli.pro.ProducerConfig] (main) ProducerConfig values: 
	acks = -1
	auto.include.jmx.reporter = true
	batch.size = 16384
	bootstrap.servers = [PLAINTEXT://localhost:32769]
	buffer.memory = 33554432
	client.dns.lookup = use_all_dns_ips
	client.id = Producer-s306a33f1x8e66x40c4x9f9dxfb943d8cd644
	compression.gzip.level = -1
	compression.lz4.level = 9
	compression.type = none
	compression.zstd.level = 3
	connections.max.idle.ms = 10000
	delivery.timeout.ms = 120000
	enable.idempotence = true
	enable.metrics.push = true
	interceptor.classes = []
	key.serializer = class org.apache.kafka.common.serialization.StringSerializer
	linger.ms = 0
	max.block.ms = 60000
	max.in.flight.requests.per.connection = 5
	max.request.size = 1048576
	metadata.max.age.ms = 300000
	metadata.max.idle.ms = 300000
	metadata.recovery.strategy = none
	metric.reporters = []
	metrics.num.samples = 2
	metrics.recording.level = INFO
	metrics.sample.window.ms = 30000
	partitioner.adaptive.partitioning.enable = true
	partitioner.availability.timeout.ms = 0
	partitioner.class = null
	partitioner.ignore.keys = false
	receive.buffer.bytes = 32768
	reconnect.backoff.max.ms = 1000
	reconnect.backoff.ms = 50
	request.timeout.ms = 5000
	retries = 2147483647
	retry.backoff.max.ms = 1000
	retry.backoff.ms = 100
	sasl.client.callback.handler.class = null
	sasl.jaas.config = null
	sasl.kerberos.kinit.cmd = /usr/bin/kinit
	sasl.kerberos.min.time.before.relogin = 60000
	sasl.kerberos.service.name = null
	sasl.kerberos.ticket.renew.jitter = 0.05
	sasl.kerberos.ticket.renew.window.factor = 0.8
	sasl.login.callback.handler.class = null
	sasl.login.class = null
	sasl.login.connect.timeout.ms = null
	sasl.login.read.timeout.ms = null
	sasl.login.refresh.buffer.seconds = 300
	sasl.login.refresh.min.period.seconds = 60
	sasl.login.refresh.window.factor = 0.8
	sasl.login.refresh.window.jitter = 0.05
	sasl.login.retry.backoff.max.ms = 10000
	sasl.login.retry.backoff.ms = 100
	sasl.mechanism = GSSAPI
	sasl.oauthbearer.clock.skew.seconds = 30
	sasl.oauthbearer.expected.audience = null
	sasl.oauthbearer.expected.issuer = null
	sasl.oauthbearer.header.urlencode = false
	sasl.oauthbearer.jwks.endpoint.refresh.ms = 3600000
	sasl.oauthbearer.jwks.endpoint.retry.backoff.max.ms = 10000
	sasl.oauthbearer.jwks.endpoint.retry.backoff.ms = 100
	sasl.oauthbearer.jwks.endpoint.url = null
	sasl.oauthbearer.scope.claim.name = scope
	sasl.oauthbearer.sub.claim.name = sub
	sasl.oauthbearer.token.endpoint.url = null
	security.protocol = PLAINTEXT
	security.providers = null
	send.buffer.bytes = 131072
	socket.connection.setup.timeout.max.ms = 30000
	socket.connection.setup.timeout.ms = 10000
	ssl.cipher.suites = null
	ssl.enabled.protocols = [TLSv1.2, TLSv1.3]
	ssl.endpoint.identification.algorithm = https
	ssl.engine.factory.class = null
	ssl.key.password = null
	ssl.keymanager.algorithm = SunX509
	ssl.keystore.certificate.chain = null
	ssl.keystore.key = null
	ssl.keystore.location = null
	ssl.keystore.password = null
	ssl.keystore.type = JKS
	ssl.protocol = TLSv1.3
	ssl.provider = null
	ssl.secure.random.implementation = null
	ssl.trustmanager.algorithm = PKIX
	ssl.truststore.certificates = null
	ssl.truststore.location = null
	ssl.truststore.password = null
	ssl.truststore.type = JKS
	transaction.timeout.ms = 60000
	transactional.id = null
	value.serializer = class io.apicurio.registry.serde.avro.AvroKafkaSerializer

2025-08-06 18:50:22,166 INFO  [org.apa.kaf.com.tel.int.KafkaMetricsCollector] (main) initializing Kafka metrics collector
2025-08-06 18:50:22,169 INFO  [org.apa.kaf.cli.pro.KafkaProducer] (main) [Producer clientId=Producer-s306a33f1x8e66x40c4x9f9dxfb943d8cd644] Instantiated an idempotent producer.
2025-08-06 18:50:22,173 INFO  [org.apa.kaf.cli.pro.ProducerConfig] (main) These configurations '[apicurio.registry.find-latest, apicurio.registry.url, apicurio.registry.artifact-resolver-strategy]' were supplied but are not used yet.
2025-08-06 18:50:22,173 INFO  [org.apa.kaf.com.uti.AppInfoParser] (main) Kafka version: 3.9.1
2025-08-06 18:50:22,173 INFO  [org.apa.kaf.com.uti.AppInfoParser] (main) Kafka commitId: f745dfdcee2b9851
2025-08-06 18:50:22,173 INFO  [org.apa.kaf.com.uti.AppInfoParser] (main) Kafka startTimeMs: 1754506222173
2025-08-06 18:50:22,177 INFO  [io.api.tes.ser.api.KafkaSerdesTester] (Thread-612) Sending message {"keyB": "value-0"} to topic s306a33f1x8e66x40c4x9f9dxfb943d8cd644
2025-08-06 18:50:22,183 INFO  [org.apa.kaf.cli.Metadata] (kafka-producer-network-thread | Producer-s306a33f1x8e66x40c4x9f9dxfb943d8cd644) [Producer clientId=Producer-s306a33f1x8e66x40c4x9f9dxfb943d8cd644] Cluster ID: EV4Uys23RNi7BwH7MVj6Ag
2025-08-06 18:50:22,183 INFO  [org.apa.kaf.cli.pro.int.TransactionManager] (kafka-producer-network-thread | Producer-s306a33f1x8e66x40c4x9f9dxfb943d8cd644) [Producer clientId=Producer-s306a33f1x8e66x40c4x9f9dxfb943d8cd644] ProducerId set to 2 with epoch 0
2025-08-06 18:50:22,215 INFO  [org.apa.kaf.cli.pro.KafkaProducer] (Thread-612) [Producer clientId=Producer-s306a33f1x8e66x40c4x9f9dxfb943d8cd644] Closing the Kafka producer with timeoutMillis = 9223372036854775807 ms.
2025-08-06 18:50:22,220 INFO  [org.apa.kaf.com.met.Metrics] (Thread-612) Metrics scheduler closed
2025-08-06 18:50:22,220 INFO  [org.apa.kaf.com.met.Metrics] (Thread-612) Closing reporter org.apache.kafka.common.metrics.JmxReporter
2025-08-06 18:50:22,220 INFO  [org.apa.kaf.com.met.Metrics] (Thread-612) Closing reporter org.apache.kafka.common.telemetry.internals.ClientTelemetryReporter
2025-08-06 18:50:22,220 INFO  [org.apa.kaf.com.met.Metrics] (Thread-612) Metrics reporters closed
2025-08-06 18:50:22,222 INFO  [org.apa.kaf.com.uti.AppInfoParser] (Thread-612) App info kafka.producer for Producer-s306a33f1x8e66x40c4x9f9dxfb943d8cd644 unregistered
2025-08-06 18:50:22,222 INFO  [io.api.tes.uti.TestSeparator] (main) io.apicurio.tests.serdes.apicurio.AvroSerdeIT.testWrongSchema-FINISHED
2025-08-06 18:50:22,222 INFO  [io.api.tes.uti.TestSeparator] (main) ############################################################################
Test passed: testWrongSchema
]]></system-out>
    <system-err><![CDATA[io.apicurio.registry.rest.client.models.ProblemDetails
	at io.apicurio.registry.rest.client.models.ProblemDetails.createFromDiscriminatorValue(ProblemDetails.java:58)
	at io.kiota.serialization.json.JsonParseNode.getObjectValue(JsonParseNode.java:247)
	at io.kiota.http.vertx.VertXRequestAdapter.lambda$throwIfFailedResponse$0(VertXRequestAdapter.java:400)
	at com.microsoft.kiota.ApiExceptionBuilder.<init>(ApiExceptionBuilder.java:26)
	at io.kiota.http.vertx.VertXRequestAdapter.throwIfFailedResponse(VertXRequestAdapter.java:399)
	at io.kiota.http.vertx.VertXRequestAdapter.send(VertXRequestAdapter.java:170)
	at io.apicurio.registry.rest.client.groups.item.artifacts.item.versions.item.WithVersionExpressionItemRequestBuilder.get(WithVersionExpressionItemRequestBuilder.java:128)
	at io.apicurio.registry.rest.client.groups.item.artifacts.item.versions.item.WithVersionExpressionItemRequestBuilder.get(WithVersionExpressionItemRequestBuilder.java:111)
	at io.apicurio.registry.resolver.client.RegistryClientFacadeImpl.getVersionCoordinatesByGAV(RegistryClientFacadeImpl.java:159)
	at io.apicurio.registry.resolver.DefaultSchemaResolver.resolveByCoordinates(DefaultSchemaResolver.java:352)
	at io.apicurio.registry.resolver.DefaultSchemaResolver.lambda$resolveSchemaByArtifactReferenceCached$6(DefaultSchemaResolver.java:340)
	at io.apicurio.registry.resolver.cache.ERCache.lambda$getValue$0(ERCache.java:174)
	at io.apicurio.registry.resolver.cache.ERCache.retry(ERCache.java:227)
	at io.apicurio.registry.resolver.cache.ERCache.getValue(ERCache.java:173)
	at io.apicurio.registry.resolver.cache.ERCache.getByArtifactCoordinates(ERCache.java:158)
	at io.apicurio.registry.resolver.DefaultSchemaResolver.resolveSchemaByArtifactReferenceCached(DefaultSchemaResolver.java:338)
	at io.apicurio.registry.resolver.DefaultSchemaResolver.resolveSchemaByCoordinates(DefaultSchemaResolver.java:193)
	at io.apicurio.registry.resolver.DefaultSchemaResolver.getSchemaFromRegistry(DefaultSchemaResolver.java:130)
	at io.apicurio.registry.resolver.DefaultSchemaResolver.lambda$resolveSchema$0(DefaultSchemaResolver.java:84)
	at java.base/java.util.Optional.orElseGet(Optional.java:364)
	at io.apicurio.registry.resolver.DefaultSchemaResolver.resolveSchema(DefaultSchemaResolver.java:84)
	at io.apicurio.registry.serde.AbstractSerializer.serializeData(AbstractSerializer.java:62)
	at io.apicurio.registry.serde.KafkaSerializer.serialize(KafkaSerializer.java:77)
	at org.apache.kafka.clients.producer.KafkaProducer.doSend(KafkaProducer.java:1046)
	at org.apache.kafka.clients.producer.KafkaProducer.send(KafkaProducer.java:993)
	at org.apache.kafka.clients.producer.KafkaProducer.send(KafkaProducer.java:875)
	at io.apicurio.tests.serdes.apicurio.KafkaSerdesTester.lambda$produceMessages$3(KafkaSerdesTester.java:138)
	at java.base/java.util.concurrent.CompletableFuture$AsyncSupply.run(CompletableFuture.java:1768)
	at java.base/java.lang.Thread.run(Thread.java:840)
]]></system-err>
  </testcase>
  <testcase name="testAvroJSON" classname="io.apicurio.tests.serdes.apicurio.AvroSerdeIT" time="3.825">
    <system-out><![CDATA[2025-08-06 18:50:22,225 INFO  [io.api.tes.uti.TestSeparator] (main) ############################################################################
2025-08-06 18:50:22,225 INFO  [io.api.tes.uti.TestSeparator] (main) io.apicurio.tests.serdes.apicurio.AvroSerdeIT.testAvroJSON-STARTED
**** Registry Base URL: http://registry-app-inmemory.apps.ci419.apicurio-testing.org:80
2025-08-06 18:50:22,232 INFO  [org.apa.kaf.cli.pro.ProducerConfig] (main) ProducerConfig values: 
	acks = -1
	auto.include.jmx.reporter = true
	batch.size = 16384
	bootstrap.servers = [PLAINTEXT://localhost:32769]
	buffer.memory = 33554432
	client.dns.lookup = use_all_dns_ips
	client.id = Producer-topic-7eae7354_3a73_42ed_8142_5860ecdd7f44
	compression.gzip.level = -1
	compression.lz4.level = 9
	compression.type = none
	compression.zstd.level = 3
	connections.max.idle.ms = 10000
	delivery.timeout.ms = 120000
	enable.idempotence = true
	enable.metrics.push = true
	interceptor.classes = []
	key.serializer = class org.apache.kafka.common.serialization.StringSerializer
	linger.ms = 0
	max.block.ms = 60000
	max.in.flight.requests.per.connection = 5
	max.request.size = 1048576
	metadata.max.age.ms = 300000
	metadata.max.idle.ms = 300000
	metadata.recovery.strategy = none
	metric.reporters = []
	metrics.num.samples = 2
	metrics.recording.level = INFO
	metrics.sample.window.ms = 30000
	partitioner.adaptive.partitioning.enable = true
	partitioner.availability.timeout.ms = 0
	partitioner.class = null
	partitioner.ignore.keys = false
	receive.buffer.bytes = 32768
	reconnect.backoff.max.ms = 1000
	reconnect.backoff.ms = 50
	request.timeout.ms = 5000
	retries = 2147483647
	retry.backoff.max.ms = 1000
	retry.backoff.ms = 100
	sasl.client.callback.handler.class = null
	sasl.jaas.config = null
	sasl.kerberos.kinit.cmd = /usr/bin/kinit
	sasl.kerberos.min.time.before.relogin = 60000
	sasl.kerberos.service.name = null
	sasl.kerberos.ticket.renew.jitter = 0.05
	sasl.kerberos.ticket.renew.window.factor = 0.8
	sasl.login.callback.handler.class = null
	sasl.login.class = null
	sasl.login.connect.timeout.ms = null
	sasl.login.read.timeout.ms = null
	sasl.login.refresh.buffer.seconds = 300
	sasl.login.refresh.min.period.seconds = 60
	sasl.login.refresh.window.factor = 0.8
	sasl.login.refresh.window.jitter = 0.05
	sasl.login.retry.backoff.max.ms = 10000
	sasl.login.retry.backoff.ms = 100
	sasl.mechanism = GSSAPI
	sasl.oauthbearer.clock.skew.seconds = 30
	sasl.oauthbearer.expected.audience = null
	sasl.oauthbearer.expected.issuer = null
	sasl.oauthbearer.header.urlencode = false
	sasl.oauthbearer.jwks.endpoint.refresh.ms = 3600000
	sasl.oauthbearer.jwks.endpoint.retry.backoff.max.ms = 10000
	sasl.oauthbearer.jwks.endpoint.retry.backoff.ms = 100
	sasl.oauthbearer.jwks.endpoint.url = null
	sasl.oauthbearer.scope.claim.name = scope
	sasl.oauthbearer.sub.claim.name = sub
	sasl.oauthbearer.token.endpoint.url = null
	security.protocol = PLAINTEXT
	security.providers = null
	send.buffer.bytes = 131072
	socket.connection.setup.timeout.max.ms = 30000
	socket.connection.setup.timeout.ms = 10000
	ssl.cipher.suites = null
	ssl.enabled.protocols = [TLSv1.2, TLSv1.3]
	ssl.endpoint.identification.algorithm = https
	ssl.engine.factory.class = null
	ssl.key.password = null
	ssl.keymanager.algorithm = SunX509
	ssl.keystore.certificate.chain = null
	ssl.keystore.key = null
	ssl.keystore.location = null
	ssl.keystore.password = null
	ssl.keystore.type = JKS
	ssl.protocol = TLSv1.3
	ssl.provider = null
	ssl.secure.random.implementation = null
	ssl.trustmanager.algorithm = PKIX
	ssl.truststore.certificates = null
	ssl.truststore.location = null
	ssl.truststore.password = null
	ssl.truststore.type = JKS
	transaction.timeout.ms = 60000
	transactional.id = null
	value.serializer = class io.apicurio.registry.serde.avro.AvroKafkaSerializer

2025-08-06 18:50:22,232 INFO  [org.apa.kaf.com.tel.int.KafkaMetricsCollector] (main) initializing Kafka metrics collector
2025-08-06 18:50:22,236 INFO  [org.apa.kaf.cli.pro.KafkaProducer] (main) [Producer clientId=Producer-topic-7eae7354_3a73_42ed_8142_5860ecdd7f44] Instantiated an idempotent producer.
2025-08-06 18:50:22,242 INFO  [org.apa.kaf.cli.pro.ProducerConfig] (main) These configurations '[apicurio.registry.avro.encoding, apicurio.registry.url, apicurio.registry.auto-register, apicurio.registry.artifact-resolver-strategy]' were supplied but are not used yet.
2025-08-06 18:50:22,242 INFO  [org.apa.kaf.com.uti.AppInfoParser] (main) Kafka version: 3.9.1
2025-08-06 18:50:22,242 INFO  [org.apa.kaf.com.uti.AppInfoParser] (main) Kafka commitId: f745dfdcee2b9851
2025-08-06 18:50:22,242 INFO  [org.apa.kaf.com.uti.AppInfoParser] (main) Kafka startTimeMs: 1754506222242
2025-08-06 18:50:22,243 INFO  [io.api.tes.ser.api.SimpleSerdesTesterBuilder$SimpleSerdesTester] (main) Using producer configuration: {apicurio.registry.avro.encoding=JSON, apicurio.registry.url=http://registry-app-inmemory.apps.ci419.apicurio-testing.org:80/apis/registry/v3, apicurio.registry.auto-register=true, apicurio.registry.artifact-resolver-strategy=io.apicurio.registry.serde.strategy.TopicIdStrategy, value.serializer=io.apicurio.registry.serde.avro.AvroKafkaSerializer, request.timeout.ms=5000, acks=all, bootstrap.servers=PLAINTEXT://localhost:32769, connections.max.idle.ms=10000, key.serializer=org.apache.kafka.common.serialization.StringSerializer, client.id=Producer-topic-7eae7354_3a73_42ed_8142_5860ecdd7f44}
2025-08-06 18:50:22,243 INFO  [io.api.tes.ser.api.SimpleSerdesTesterBuilder$SimpleSerdesTester] (main) Using consumer configuration: {apicurio.registry.avro.encoding=JSON}
2025-08-06 18:50:22,247 INFO  [io.api.tes.ser.api.KafkaSerdesTester] (Thread-615) Sending message {"bar": "value-0"} to topic topic-7eae7354_3a73_42ed_8142_5860ecdd7f44
2025-08-06 18:50:22,248 INFO  [org.apa.kaf.cli.Metadata] (kafka-producer-network-thread | Producer-topic-7eae7354_3a73_42ed_8142_5860ecdd7f44) [Producer clientId=Producer-topic-7eae7354_3a73_42ed_8142_5860ecdd7f44] Cluster ID: EV4Uys23RNi7BwH7MVj6Ag
2025-08-06 18:50:22,253 INFO  [org.apa.kaf.cli.pro.int.TransactionManager] (kafka-producer-network-thread | Producer-topic-7eae7354_3a73_42ed_8142_5860ecdd7f44) [Producer clientId=Producer-topic-7eae7354_3a73_42ed_8142_5860ecdd7f44] ProducerId set to 3 with epoch 0
2025-08-06 18:50:22,256 WARN  [org.apa.kaf.cli.NetworkClient] (kafka-producer-network-thread | Producer-topic-7eae7354_3a73_42ed_8142_5860ecdd7f44) [Producer clientId=Producer-topic-7eae7354_3a73_42ed_8142_5860ecdd7f44] The metadata response from the cluster reported a recoverable issue with correlation id 5 : {topic-7eae7354_3a73_42ed_8142_5860ecdd7f44=UNKNOWN_TOPIC_OR_PARTITION}
2025-08-06 18:50:22,407 INFO  [io.api.tes.ser.api.KafkaSerdesTester] (Thread-615) Sending message {"bar": "value-1"} to topic topic-7eae7354_3a73_42ed_8142_5860ecdd7f44
2025-08-06 18:50:22,412 INFO  [io.api.tes.ser.api.KafkaSerdesTester] (Thread-615) Sending message {"bar": "value-2"} to topic topic-7eae7354_3a73_42ed_8142_5860ecdd7f44
2025-08-06 18:50:22,416 INFO  [io.api.tes.ser.api.KafkaSerdesTester] (Thread-615) Sending message {"bar": "value-3"} to topic topic-7eae7354_3a73_42ed_8142_5860ecdd7f44
2025-08-06 18:50:22,419 INFO  [io.api.tes.ser.api.KafkaSerdesTester] (Thread-615) Sending message {"bar": "value-4"} to topic topic-7eae7354_3a73_42ed_8142_5860ecdd7f44
2025-08-06 18:50:22,421 INFO  [io.api.tes.ser.api.KafkaSerdesTester] (Thread-615) Sending message {"bar": "value-5"} to topic topic-7eae7354_3a73_42ed_8142_5860ecdd7f44
2025-08-06 18:50:22,423 INFO  [io.api.tes.ser.api.KafkaSerdesTester] (Thread-615) Sending message {"bar": "value-6"} to topic topic-7eae7354_3a73_42ed_8142_5860ecdd7f44
2025-08-06 18:50:22,427 INFO  [io.api.tes.ser.api.KafkaSerdesTester] (Thread-615) Sending message {"bar": "value-7"} to topic topic-7eae7354_3a73_42ed_8142_5860ecdd7f44
2025-08-06 18:50:22,434 INFO  [io.api.tes.ser.api.KafkaSerdesTester] (Thread-615) Sending message {"bar": "value-8"} to topic topic-7eae7354_3a73_42ed_8142_5860ecdd7f44
2025-08-06 18:50:22,437 INFO  [io.api.tes.ser.api.KafkaSerdesTester] (Thread-615) Sending message {"bar": "value-9"} to topic topic-7eae7354_3a73_42ed_8142_5860ecdd7f44
2025-08-06 18:50:22,439 INFO  [io.api.tes.ser.api.KafkaSerdesTester] (Thread-615) Produced 10 messages
2025-08-06 18:50:22,439 INFO  [org.apa.kaf.cli.pro.KafkaProducer] (Thread-615) [Producer clientId=Producer-topic-7eae7354_3a73_42ed_8142_5860ecdd7f44] Closing the Kafka producer with timeoutMillis = 9223372036854775807 ms.
2025-08-06 18:50:22,444 INFO  [org.apa.kaf.com.met.Metrics] (Thread-615) Metrics scheduler closed
2025-08-06 18:50:22,444 INFO  [org.apa.kaf.com.met.Metrics] (Thread-615) Closing reporter org.apache.kafka.common.metrics.JmxReporter
2025-08-06 18:50:22,444 INFO  [org.apa.kaf.com.met.Metrics] (Thread-615) Closing reporter org.apache.kafka.common.telemetry.internals.ClientTelemetryReporter
2025-08-06 18:50:22,444 INFO  [org.apa.kaf.com.met.Metrics] (Thread-615) Metrics reporters closed
2025-08-06 18:50:22,444 INFO  [org.apa.kaf.com.uti.AppInfoParser] (Thread-615) App info kafka.producer for Producer-topic-7eae7354_3a73_42ed_8142_5860ecdd7f44 unregistered
**** Registry Base URL: http://registry-app-inmemory.apps.ci419.apicurio-testing.org:80
2025-08-06 18:50:22,463 INFO  [org.apa.kaf.cli.con.ConsumerConfig] (main) ConsumerConfig values: 
	allow.auto.create.topics = true
	auto.commit.interval.ms = 500
	auto.include.jmx.reporter = true
	auto.offset.reset = earliest
	bootstrap.servers = [PLAINTEXT://localhost:32769]
	check.crcs = true
	client.dns.lookup = use_all_dns_ips
	client.id = consumer-Consumer-topic-7eae7354_3a73_42ed_8142_5860ecdd7f44-3
	client.rack = 
	connections.max.idle.ms = 10000
	default.api.timeout.ms = 60000
	enable.auto.commit = true
	enable.metrics.push = true
	exclude.internal.topics = true
	fetch.max.bytes = 52428800
	fetch.max.wait.ms = 500
	fetch.min.bytes = 1
	group.id = Consumer-topic-7eae7354_3a73_42ed_8142_5860ecdd7f44
	group.instance.id = null
	group.protocol = classic
	group.remote.assignor = null
	heartbeat.interval.ms = 3000
	interceptor.classes = []
	internal.leave.group.on.close = true
	internal.throw.on.fetch.stable.offset.unsupported = false
	isolation.level = read_uncommitted
	key.deserializer = class org.apache.kafka.common.serialization.StringDeserializer
	max.partition.fetch.bytes = 1048576
	max.poll.interval.ms = 300000
	max.poll.records = 500
	metadata.max.age.ms = 300000
	metadata.recovery.strategy = none
	metric.reporters = []
	metrics.num.samples = 2
	metrics.recording.level = INFO
	metrics.sample.window.ms = 30000
	partition.assignment.strategy = [class org.apache.kafka.clients.consumer.RangeAssignor, class org.apache.kafka.clients.consumer.CooperativeStickyAssignor]
	receive.buffer.bytes = 65536
	reconnect.backoff.max.ms = 1000
	reconnect.backoff.ms = 50
	request.timeout.ms = 5000
	retry.backoff.max.ms = 1000
	retry.backoff.ms = 100
	sasl.client.callback.handler.class = null
	sasl.jaas.config = null
	sasl.kerberos.kinit.cmd = /usr/bin/kinit
	sasl.kerberos.min.time.before.relogin = 60000
	sasl.kerberos.service.name = null
	sasl.kerberos.ticket.renew.jitter = 0.05
	sasl.kerberos.ticket.renew.window.factor = 0.8
	sasl.login.callback.handler.class = null
	sasl.login.class = null
	sasl.login.connect.timeout.ms = null
	sasl.login.read.timeout.ms = null
	sasl.login.refresh.buffer.seconds = 300
	sasl.login.refresh.min.period.seconds = 60
	sasl.login.refresh.window.factor = 0.8
	sasl.login.refresh.window.jitter = 0.05
	sasl.login.retry.backoff.max.ms = 10000
	sasl.login.retry.backoff.ms = 100
	sasl.mechanism = GSSAPI
	sasl.oauthbearer.clock.skew.seconds = 30
	sasl.oauthbearer.expected.audience = null
	sasl.oauthbearer.expected.issuer = null
	sasl.oauthbearer.header.urlencode = false
	sasl.oauthbearer.jwks.endpoint.refresh.ms = 3600000
	sasl.oauthbearer.jwks.endpoint.retry.backoff.max.ms = 10000
	sasl.oauthbearer.jwks.endpoint.retry.backoff.ms = 100
	sasl.oauthbearer.jwks.endpoint.url = null
	sasl.oauthbearer.scope.claim.name = scope
	sasl.oauthbearer.sub.claim.name = sub
	sasl.oauthbearer.token.endpoint.url = null
	security.protocol = PLAINTEXT
	security.providers = null
	send.buffer.bytes = 131072
	session.timeout.ms = 45000
	socket.connection.setup.timeout.max.ms = 30000
	socket.connection.setup.timeout.ms = 10000
	ssl.cipher.suites = null
	ssl.enabled.protocols = [TLSv1.2, TLSv1.3]
	ssl.endpoint.identification.algorithm = https
	ssl.engine.factory.class = null
	ssl.key.password = null
	ssl.keymanager.algorithm = SunX509
	ssl.keystore.certificate.chain = null
	ssl.keystore.key = null
	ssl.keystore.location = null
	ssl.keystore.password = null
	ssl.keystore.type = JKS
	ssl.protocol = TLSv1.3
	ssl.provider = null
	ssl.secure.random.implementation = null
	ssl.trustmanager.algorithm = PKIX
	ssl.truststore.certificates = null
	ssl.truststore.location = null
	ssl.truststore.password = null
	ssl.truststore.type = JKS
	value.deserializer = class io.apicurio.registry.serde.avro.AvroKafkaDeserializer

2025-08-06 18:50:22,464 INFO  [org.apa.kaf.com.tel.int.KafkaMetricsCollector] (main) initializing Kafka metrics collector
2025-08-06 18:50:22,470 INFO  [org.apa.kaf.cli.con.ConsumerConfig] (main) These configurations '[apicurio.registry.avro.encoding, apicurio.registry.url]' were supplied but are not used yet.
2025-08-06 18:50:22,471 INFO  [org.apa.kaf.com.uti.AppInfoParser] (main) Kafka version: 3.9.1
2025-08-06 18:50:22,471 INFO  [org.apa.kaf.com.uti.AppInfoParser] (main) Kafka commitId: f745dfdcee2b9851
2025-08-06 18:50:22,471 INFO  [org.apa.kaf.com.uti.AppInfoParser] (main) Kafka startTimeMs: 1754506222470
2025-08-06 18:50:22,471 INFO  [org.apa.kaf.cli.con.int.ClassicKafkaConsumer] (Thread-618) [Consumer clientId=consumer-Consumer-topic-7eae7354_3a73_42ed_8142_5860ecdd7f44-3, groupId=Consumer-topic-7eae7354_3a73_42ed_8142_5860ecdd7f44] Subscribed to topic(s): topic-7eae7354_3a73_42ed_8142_5860ecdd7f44
2025-08-06 18:50:22,482 INFO  [org.apa.kaf.cli.Metadata] (Thread-618) [Consumer clientId=consumer-Consumer-topic-7eae7354_3a73_42ed_8142_5860ecdd7f44-3, groupId=Consumer-topic-7eae7354_3a73_42ed_8142_5860ecdd7f44] Cluster ID: EV4Uys23RNi7BwH7MVj6Ag
2025-08-06 18:50:22,482 INFO  [org.apa.kaf.cli.con.int.ConsumerCoordinator] (Thread-618) [Consumer clientId=consumer-Consumer-topic-7eae7354_3a73_42ed_8142_5860ecdd7f44-3, groupId=Consumer-topic-7eae7354_3a73_42ed_8142_5860ecdd7f44] Discovered group coordinator localhost:32769 (id: 2147483647 rack: null)
2025-08-06 18:50:22,486 INFO  [org.apa.kaf.cli.con.int.ConsumerCoordinator] (Thread-618) [Consumer clientId=consumer-Consumer-topic-7eae7354_3a73_42ed_8142_5860ecdd7f44-3, groupId=Consumer-topic-7eae7354_3a73_42ed_8142_5860ecdd7f44] (Re-)joining group
2025-08-06 18:50:22,491 INFO  [org.apa.kaf.cli.con.int.ConsumerCoordinator] (Thread-618) [Consumer clientId=consumer-Consumer-topic-7eae7354_3a73_42ed_8142_5860ecdd7f44-3, groupId=Consumer-topic-7eae7354_3a73_42ed_8142_5860ecdd7f44] Request joining group due to: need to re-join with the given member-id: consumer-Consumer-topic-7eae7354_3a73_42ed_8142_5860ecdd7f44-3-e2ff1335-e3af-49db-9780-d52a5c8d230b
2025-08-06 18:50:22,491 INFO  [org.apa.kaf.cli.con.int.ConsumerCoordinator] (Thread-618) [Consumer clientId=consumer-Consumer-topic-7eae7354_3a73_42ed_8142_5860ecdd7f44-3, groupId=Consumer-topic-7eae7354_3a73_42ed_8142_5860ecdd7f44] (Re-)joining group
2025-08-06 18:50:23,471 INFO  [io.api.tes.ser.api.KafkaSerdesTester] (Thread-618) None found
2025-08-06 18:50:24,473 INFO  [io.api.tes.ser.api.KafkaSerdesTester] (Thread-618) None found
2025-08-06 18:50:25,473 INFO  [io.api.tes.ser.api.KafkaSerdesTester] (Thread-618) None found
2025-08-06 18:50:25,493 INFO  [org.apa.kaf.cli.con.int.ConsumerCoordinator] (Thread-618) [Consumer clientId=consumer-Consumer-topic-7eae7354_3a73_42ed_8142_5860ecdd7f44-3, groupId=Consumer-topic-7eae7354_3a73_42ed_8142_5860ecdd7f44] Successfully joined group with generation Generation{generationId=1, memberId='consumer-Consumer-topic-7eae7354_3a73_42ed_8142_5860ecdd7f44-3-e2ff1335-e3af-49db-9780-d52a5c8d230b', protocol='range'}
2025-08-06 18:50:25,494 INFO  [org.apa.kaf.cli.con.int.ConsumerCoordinator] (Thread-618) [Consumer clientId=consumer-Consumer-topic-7eae7354_3a73_42ed_8142_5860ecdd7f44-3, groupId=Consumer-topic-7eae7354_3a73_42ed_8142_5860ecdd7f44] Finished assignment for group at generation 1: {consumer-Consumer-topic-7eae7354_3a73_42ed_8142_5860ecdd7f44-3-e2ff1335-e3af-49db-9780-d52a5c8d230b=Assignment(partitions=[topic-7eae7354_3a73_42ed_8142_5860ecdd7f44-0])}
2025-08-06 18:50:25,501 INFO  [org.apa.kaf.cli.con.int.ConsumerCoordinator] (Thread-618) [Consumer clientId=consumer-Consumer-topic-7eae7354_3a73_42ed_8142_5860ecdd7f44-3, groupId=Consumer-topic-7eae7354_3a73_42ed_8142_5860ecdd7f44] Successfully synced group in generation Generation{generationId=1, memberId='consumer-Consumer-topic-7eae7354_3a73_42ed_8142_5860ecdd7f44-3-e2ff1335-e3af-49db-9780-d52a5c8d230b', protocol='range'}
2025-08-06 18:50:25,501 INFO  [org.apa.kaf.cli.con.int.ConsumerCoordinator] (Thread-618) [Consumer clientId=consumer-Consumer-topic-7eae7354_3a73_42ed_8142_5860ecdd7f44-3, groupId=Consumer-topic-7eae7354_3a73_42ed_8142_5860ecdd7f44] Notifying assignor about the new Assignment(partitions=[topic-7eae7354_3a73_42ed_8142_5860ecdd7f44-0])
2025-08-06 18:50:25,501 INFO  [org.apa.kaf.cli.con.int.ConsumerRebalanceListenerInvoker] (Thread-618) [Consumer clientId=consumer-Consumer-topic-7eae7354_3a73_42ed_8142_5860ecdd7f44-3, groupId=Consumer-topic-7eae7354_3a73_42ed_8142_5860ecdd7f44] Adding newly assigned partitions: topic-7eae7354_3a73_42ed_8142_5860ecdd7f44-0
2025-08-06 18:50:25,503 INFO  [org.apa.kaf.cli.con.int.ConsumerCoordinator] (Thread-618) [Consumer clientId=consumer-Consumer-topic-7eae7354_3a73_42ed_8142_5860ecdd7f44-3, groupId=Consumer-topic-7eae7354_3a73_42ed_8142_5860ecdd7f44] Found no committed offset for partition topic-7eae7354_3a73_42ed_8142_5860ecdd7f44-0
2025-08-06 18:50:25,508 INFO  [org.apa.kaf.cli.con.int.SubscriptionState] (Thread-618) [Consumer clientId=consumer-Consumer-topic-7eae7354_3a73_42ed_8142_5860ecdd7f44-3, groupId=Consumer-topic-7eae7354_3a73_42ed_8142_5860ecdd7f44] Resetting offset for partition topic-7eae7354_3a73_42ed_8142_5860ecdd7f44-0 to position FetchPosition{offset=0, offsetEpoch=Optional.empty, currentLeader=LeaderAndEpoch{leader=Optional[localhost:32769 (id: 0 rack: null)], epoch=0}}.
2025-08-06 18:50:25,537 INFO  [io.api.tes.ser.api.KafkaSerdesTester] (Thread-618) topic-7eae7354_3a73_42ed_8142_5860ecdd7f44 0 0 {"bar": "value-0"}
2025-08-06 18:50:25,537 INFO  [io.api.tes.ser.api.KafkaSerdesTester] (Thread-618) topic-7eae7354_3a73_42ed_8142_5860ecdd7f44 0 1 {"bar": "value-1"}
2025-08-06 18:50:25,537 INFO  [io.api.tes.ser.api.KafkaSerdesTester] (Thread-618) topic-7eae7354_3a73_42ed_8142_5860ecdd7f44 0 2 {"bar": "value-2"}
2025-08-06 18:50:25,537 INFO  [io.api.tes.ser.api.KafkaSerdesTester] (Thread-618) topic-7eae7354_3a73_42ed_8142_5860ecdd7f44 0 3 {"bar": "value-3"}
2025-08-06 18:50:25,537 INFO  [io.api.tes.ser.api.KafkaSerdesTester] (Thread-618) topic-7eae7354_3a73_42ed_8142_5860ecdd7f44 0 4 {"bar": "value-4"}
2025-08-06 18:50:25,537 INFO  [io.api.tes.ser.api.KafkaSerdesTester] (Thread-618) topic-7eae7354_3a73_42ed_8142_5860ecdd7f44 0 5 {"bar": "value-5"}
2025-08-06 18:50:25,538 INFO  [io.api.tes.ser.api.KafkaSerdesTester] (Thread-618) topic-7eae7354_3a73_42ed_8142_5860ecdd7f44 0 6 {"bar": "value-6"}
2025-08-06 18:50:25,538 INFO  [io.api.tes.ser.api.KafkaSerdesTester] (Thread-618) topic-7eae7354_3a73_42ed_8142_5860ecdd7f44 0 7 {"bar": "value-7"}
2025-08-06 18:50:25,538 INFO  [io.api.tes.ser.api.KafkaSerdesTester] (Thread-618) topic-7eae7354_3a73_42ed_8142_5860ecdd7f44 0 8 {"bar": "value-8"}
2025-08-06 18:50:25,538 INFO  [io.api.tes.ser.api.KafkaSerdesTester] (Thread-618) topic-7eae7354_3a73_42ed_8142_5860ecdd7f44 0 9 {"bar": "value-9"}
2025-08-06 18:50:25,538 INFO  [io.api.tes.ser.api.KafkaSerdesTester] (Thread-618) Consumed 10 messages
2025-08-06 18:50:25,546 INFO  [org.apa.kaf.cli.con.int.ConsumerRebalanceListenerInvoker] (Thread-618) [Consumer clientId=consumer-Consumer-topic-7eae7354_3a73_42ed_8142_5860ecdd7f44-3, groupId=Consumer-topic-7eae7354_3a73_42ed_8142_5860ecdd7f44] Revoke previously assigned partitions topic-7eae7354_3a73_42ed_8142_5860ecdd7f44-0
2025-08-06 18:50:25,546 INFO  [org.apa.kaf.cli.con.int.ConsumerCoordinator] (Thread-618) [Consumer clientId=consumer-Consumer-topic-7eae7354_3a73_42ed_8142_5860ecdd7f44-3, groupId=Consumer-topic-7eae7354_3a73_42ed_8142_5860ecdd7f44] Member consumer-Consumer-topic-7eae7354_3a73_42ed_8142_5860ecdd7f44-3-e2ff1335-e3af-49db-9780-d52a5c8d230b sending LeaveGroup request to coordinator localhost:32769 (id: 2147483647 rack: null) due to the consumer is being closed
2025-08-06 18:50:25,548 INFO  [org.apa.kaf.cli.con.int.ConsumerCoordinator] (Thread-618) [Consumer clientId=consumer-Consumer-topic-7eae7354_3a73_42ed_8142_5860ecdd7f44-3, groupId=Consumer-topic-7eae7354_3a73_42ed_8142_5860ecdd7f44] Resetting generation and member id due to: consumer pro-actively leaving the group
2025-08-06 18:50:25,548 INFO  [org.apa.kaf.cli.con.int.ConsumerCoordinator] (Thread-618) [Consumer clientId=consumer-Consumer-topic-7eae7354_3a73_42ed_8142_5860ecdd7f44-3, groupId=Consumer-topic-7eae7354_3a73_42ed_8142_5860ecdd7f44] Request joining group due to: consumer pro-actively leaving the group
2025-08-06 18:50:26,041 INFO  [org.apa.kaf.com.met.Metrics] (Thread-618) Metrics scheduler closed
2025-08-06 18:50:26,041 INFO  [org.apa.kaf.com.met.Metrics] (Thread-618) Closing reporter org.apache.kafka.common.metrics.JmxReporter
2025-08-06 18:50:26,041 INFO  [org.apa.kaf.com.met.Metrics] (Thread-618) Closing reporter org.apache.kafka.common.telemetry.internals.ClientTelemetryReporter
2025-08-06 18:50:26,041 INFO  [org.apa.kaf.com.met.Metrics] (Thread-618) Metrics reporters closed
2025-08-06 18:50:26,047 INFO  [org.apa.kaf.com.uti.AppInfoParser] (Thread-618) App info kafka.consumer for consumer-Consumer-topic-7eae7354_3a73_42ed_8142_5860ecdd7f44-3 unregistered
2025-08-06 18:50:26,048 INFO  [io.api.tes.uti.TestSeparator] (main) io.apicurio.tests.serdes.apicurio.AvroSerdeIT.testAvroJSON-FINISHED
2025-08-06 18:50:26,048 INFO  [io.api.tes.uti.TestSeparator] (main) ############################################################################
Test passed: testAvroJSON
]]></system-out>
  </testcase>
  <testcase name="testTopicIdStrategyAutoRegister" classname="io.apicurio.tests.serdes.apicurio.AvroSerdeIT" time="3.812">
    <system-out><![CDATA[2025-08-06 18:50:26,049 INFO  [io.api.tes.uti.TestSeparator] (main) ############################################################################
2025-08-06 18:50:26,049 INFO  [io.api.tes.uti.TestSeparator] (main) io.apicurio.tests.serdes.apicurio.AvroSerdeIT.testTopicIdStrategyAutoRegister-STARTED
**** Registry Base URL: http://registry-app-inmemory.apps.ci419.apicurio-testing.org:80
2025-08-06 18:50:26,053 INFO  [org.apa.kaf.cli.pro.ProducerConfig] (main) ProducerConfig values: 
	acks = -1
	auto.include.jmx.reporter = true
	batch.size = 16384
	bootstrap.servers = [PLAINTEXT://localhost:32769]
	buffer.memory = 33554432
	client.dns.lookup = use_all_dns_ips
	client.id = Producer-topic-f4cb3e00_a666_4171_b5be_bda645d1125e
	compression.gzip.level = -1
	compression.lz4.level = 9
	compression.type = none
	compression.zstd.level = 3
	connections.max.idle.ms = 10000
	delivery.timeout.ms = 120000
	enable.idempotence = true
	enable.metrics.push = true
	interceptor.classes = []
	key.serializer = class org.apache.kafka.common.serialization.StringSerializer
	linger.ms = 0
	max.block.ms = 60000
	max.in.flight.requests.per.connection = 5
	max.request.size = 1048576
	metadata.max.age.ms = 300000
	metadata.max.idle.ms = 300000
	metadata.recovery.strategy = none
	metric.reporters = []
	metrics.num.samples = 2
	metrics.recording.level = INFO
	metrics.sample.window.ms = 30000
	partitioner.adaptive.partitioning.enable = true
	partitioner.availability.timeout.ms = 0
	partitioner.class = null
	partitioner.ignore.keys = false
	receive.buffer.bytes = 32768
	reconnect.backoff.max.ms = 1000
	reconnect.backoff.ms = 50
	request.timeout.ms = 5000
	retries = 2147483647
	retry.backoff.max.ms = 1000
	retry.backoff.ms = 100
	sasl.client.callback.handler.class = null
	sasl.jaas.config = null
	sasl.kerberos.kinit.cmd = /usr/bin/kinit
	sasl.kerberos.min.time.before.relogin = 60000
	sasl.kerberos.service.name = null
	sasl.kerberos.ticket.renew.jitter = 0.05
	sasl.kerberos.ticket.renew.window.factor = 0.8
	sasl.login.callback.handler.class = null
	sasl.login.class = null
	sasl.login.connect.timeout.ms = null
	sasl.login.read.timeout.ms = null
	sasl.login.refresh.buffer.seconds = 300
	sasl.login.refresh.min.period.seconds = 60
	sasl.login.refresh.window.factor = 0.8
	sasl.login.refresh.window.jitter = 0.05
	sasl.login.retry.backoff.max.ms = 10000
	sasl.login.retry.backoff.ms = 100
	sasl.mechanism = GSSAPI
	sasl.oauthbearer.clock.skew.seconds = 30
	sasl.oauthbearer.expected.audience = null
	sasl.oauthbearer.expected.issuer = null
	sasl.oauthbearer.header.urlencode = false
	sasl.oauthbearer.jwks.endpoint.refresh.ms = 3600000
	sasl.oauthbearer.jwks.endpoint.retry.backoff.max.ms = 10000
	sasl.oauthbearer.jwks.endpoint.retry.backoff.ms = 100
	sasl.oauthbearer.jwks.endpoint.url = null
	sasl.oauthbearer.scope.claim.name = scope
	sasl.oauthbearer.sub.claim.name = sub
	sasl.oauthbearer.token.endpoint.url = null
	security.protocol = PLAINTEXT
	security.providers = null
	send.buffer.bytes = 131072
	socket.connection.setup.timeout.max.ms = 30000
	socket.connection.setup.timeout.ms = 10000
	ssl.cipher.suites = null
	ssl.enabled.protocols = [TLSv1.2, TLSv1.3]
	ssl.endpoint.identification.algorithm = https
	ssl.engine.factory.class = null
	ssl.key.password = null
	ssl.keymanager.algorithm = SunX509
	ssl.keystore.certificate.chain = null
	ssl.keystore.key = null
	ssl.keystore.location = null
	ssl.keystore.password = null
	ssl.keystore.type = JKS
	ssl.protocol = TLSv1.3
	ssl.provider = null
	ssl.secure.random.implementation = null
	ssl.trustmanager.algorithm = PKIX
	ssl.truststore.certificates = null
	ssl.truststore.location = null
	ssl.truststore.password = null
	ssl.truststore.type = JKS
	transaction.timeout.ms = 60000
	transactional.id = null
	value.serializer = class io.apicurio.registry.serde.avro.AvroKafkaSerializer

2025-08-06 18:50:26,054 INFO  [org.apa.kaf.com.tel.int.KafkaMetricsCollector] (main) initializing Kafka metrics collector
2025-08-06 18:50:26,060 INFO  [org.apa.kaf.cli.pro.KafkaProducer] (main) [Producer clientId=Producer-topic-f4cb3e00_a666_4171_b5be_bda645d1125e] Instantiated an idempotent producer.
2025-08-06 18:50:26,062 INFO  [org.apa.kaf.cli.pro.ProducerConfig] (main) These configurations '[apicurio.registry.url, apicurio.registry.auto-register, apicurio.registry.artifact-resolver-strategy]' were supplied but are not used yet.
2025-08-06 18:50:26,062 INFO  [org.apa.kaf.com.uti.AppInfoParser] (main) Kafka version: 3.9.1
2025-08-06 18:50:26,063 INFO  [org.apa.kaf.com.uti.AppInfoParser] (main) Kafka commitId: f745dfdcee2b9851
2025-08-06 18:50:26,063 INFO  [org.apa.kaf.com.uti.AppInfoParser] (main) Kafka startTimeMs: 1754506226062
2025-08-06 18:50:26,063 INFO  [io.api.tes.ser.api.SimpleSerdesTesterBuilder$SimpleSerdesTester] (main) Using producer configuration: {apicurio.registry.url=http://registry-app-inmemory.apps.ci419.apicurio-testing.org:80/apis/registry/v3, apicurio.registry.auto-register=true, apicurio.registry.artifact-resolver-strategy=io.apicurio.registry.serde.strategy.TopicIdStrategy, value.serializer=io.apicurio.registry.serde.avro.AvroKafkaSerializer, request.timeout.ms=5000, acks=all, bootstrap.servers=PLAINTEXT://localhost:32769, connections.max.idle.ms=10000, key.serializer=org.apache.kafka.common.serialization.StringSerializer, client.id=Producer-topic-f4cb3e00_a666_4171_b5be_bda645d1125e}
2025-08-06 18:50:26,063 INFO  [io.api.tes.ser.api.SimpleSerdesTesterBuilder$SimpleSerdesTester] (main) Using consumer configuration: {}
2025-08-06 18:50:26,065 INFO  [io.api.tes.ser.api.KafkaSerdesTester] (Thread-621) Sending message {"key11754506226051": "value-0"} to topic topic-f4cb3e00_a666_4171_b5be_bda645d1125e
2025-08-06 18:50:26,070 WARN  [org.apa.kaf.cli.NetworkClient] (kafka-producer-network-thread | Producer-topic-f4cb3e00_a666_4171_b5be_bda645d1125e) [Producer clientId=Producer-topic-f4cb3e00_a666_4171_b5be_bda645d1125e] The metadata response from the cluster reported a recoverable issue with correlation id 1 : {topic-f4cb3e00_a666_4171_b5be_bda645d1125e=UNKNOWN_TOPIC_OR_PARTITION}
2025-08-06 18:50:26,071 INFO  [org.apa.kaf.cli.Metadata] (kafka-producer-network-thread | Producer-topic-f4cb3e00_a666_4171_b5be_bda645d1125e) [Producer clientId=Producer-topic-f4cb3e00_a666_4171_b5be_bda645d1125e] Cluster ID: EV4Uys23RNi7BwH7MVj6Ag
2025-08-06 18:50:26,071 INFO  [org.apa.kaf.cli.pro.int.TransactionManager] (kafka-producer-network-thread | Producer-topic-f4cb3e00_a666_4171_b5be_bda645d1125e) [Producer clientId=Producer-topic-f4cb3e00_a666_4171_b5be_bda645d1125e] ProducerId set to 4 with epoch 0
2025-08-06 18:50:26,222 INFO  [io.api.tes.ser.api.KafkaSerdesTester] (Thread-621) Sending message {"key11754506226051": "value-1"} to topic topic-f4cb3e00_a666_4171_b5be_bda645d1125e
2025-08-06 18:50:26,228 INFO  [io.api.tes.ser.api.KafkaSerdesTester] (Thread-621) Sending message {"key11754506226051": "value-2"} to topic topic-f4cb3e00_a666_4171_b5be_bda645d1125e
2025-08-06 18:50:26,230 INFO  [io.api.tes.ser.api.KafkaSerdesTester] (Thread-621) Sending message {"key11754506226051": "value-3"} to topic topic-f4cb3e00_a666_4171_b5be_bda645d1125e
2025-08-06 18:50:26,232 INFO  [io.api.tes.ser.api.KafkaSerdesTester] (Thread-621) Sending message {"key11754506226051": "value-4"} to topic topic-f4cb3e00_a666_4171_b5be_bda645d1125e
2025-08-06 18:50:26,234 INFO  [io.api.tes.ser.api.KafkaSerdesTester] (Thread-621) Sending message {"key11754506226051": "value-5"} to topic topic-f4cb3e00_a666_4171_b5be_bda645d1125e
2025-08-06 18:50:26,236 INFO  [io.api.tes.ser.api.KafkaSerdesTester] (Thread-621) Sending message {"key11754506226051": "value-6"} to topic topic-f4cb3e00_a666_4171_b5be_bda645d1125e
2025-08-06 18:50:26,238 INFO  [io.api.tes.ser.api.KafkaSerdesTester] (Thread-621) Sending message {"key11754506226051": "value-7"} to topic topic-f4cb3e00_a666_4171_b5be_bda645d1125e
2025-08-06 18:50:26,240 INFO  [io.api.tes.ser.api.KafkaSerdesTester] (Thread-621) Sending message {"key11754506226051": "value-8"} to topic topic-f4cb3e00_a666_4171_b5be_bda645d1125e
2025-08-06 18:50:26,243 INFO  [io.api.tes.ser.api.KafkaSerdesTester] (Thread-621) Sending message {"key11754506226051": "value-9"} to topic topic-f4cb3e00_a666_4171_b5be_bda645d1125e
2025-08-06 18:50:26,246 INFO  [io.api.tes.ser.api.KafkaSerdesTester] (Thread-621) Produced 10 messages
2025-08-06 18:50:26,246 INFO  [org.apa.kaf.cli.pro.KafkaProducer] (Thread-621) [Producer clientId=Producer-topic-f4cb3e00_a666_4171_b5be_bda645d1125e] Closing the Kafka producer with timeoutMillis = 9223372036854775807 ms.
2025-08-06 18:50:26,248 INFO  [org.apa.kaf.com.met.Metrics] (Thread-621) Metrics scheduler closed
2025-08-06 18:50:26,248 INFO  [org.apa.kaf.com.met.Metrics] (Thread-621) Closing reporter org.apache.kafka.common.metrics.JmxReporter
2025-08-06 18:50:26,248 INFO  [org.apa.kaf.com.met.Metrics] (Thread-621) Closing reporter org.apache.kafka.common.telemetry.internals.ClientTelemetryReporter
2025-08-06 18:50:26,248 INFO  [org.apa.kaf.com.met.Metrics] (Thread-621) Metrics reporters closed
2025-08-06 18:50:26,249 INFO  [org.apa.kaf.com.uti.AppInfoParser] (Thread-621) App info kafka.producer for Producer-topic-f4cb3e00_a666_4171_b5be_bda645d1125e unregistered
**** Registry Base URL: http://registry-app-inmemory.apps.ci419.apicurio-testing.org:80
2025-08-06 18:50:26,267 INFO  [org.apa.kaf.cli.con.ConsumerConfig] (main) ConsumerConfig values: 
	allow.auto.create.topics = true
	auto.commit.interval.ms = 500
	auto.include.jmx.reporter = true
	auto.offset.reset = earliest
	bootstrap.servers = [PLAINTEXT://localhost:32769]
	check.crcs = true
	client.dns.lookup = use_all_dns_ips
	client.id = consumer-Consumer-topic-f4cb3e00_a666_4171_b5be_bda645d1125e-4
	client.rack = 
	connections.max.idle.ms = 10000
	default.api.timeout.ms = 60000
	enable.auto.commit = true
	enable.metrics.push = true
	exclude.internal.topics = true
	fetch.max.bytes = 52428800
	fetch.max.wait.ms = 500
	fetch.min.bytes = 1
	group.id = Consumer-topic-f4cb3e00_a666_4171_b5be_bda645d1125e
	group.instance.id = null
	group.protocol = classic
	group.remote.assignor = null
	heartbeat.interval.ms = 3000
	interceptor.classes = []
	internal.leave.group.on.close = true
	internal.throw.on.fetch.stable.offset.unsupported = false
	isolation.level = read_uncommitted
	key.deserializer = class org.apache.kafka.common.serialization.StringDeserializer
	max.partition.fetch.bytes = 1048576
	max.poll.interval.ms = 300000
	max.poll.records = 500
	metadata.max.age.ms = 300000
	metadata.recovery.strategy = none
	metric.reporters = []
	metrics.num.samples = 2
	metrics.recording.level = INFO
	metrics.sample.window.ms = 30000
	partition.assignment.strategy = [class org.apache.kafka.clients.consumer.RangeAssignor, class org.apache.kafka.clients.consumer.CooperativeStickyAssignor]
	receive.buffer.bytes = 65536
	reconnect.backoff.max.ms = 1000
	reconnect.backoff.ms = 50
	request.timeout.ms = 5000
	retry.backoff.max.ms = 1000
	retry.backoff.ms = 100
	sasl.client.callback.handler.class = null
	sasl.jaas.config = null
	sasl.kerberos.kinit.cmd = /usr/bin/kinit
	sasl.kerberos.min.time.before.relogin = 60000
	sasl.kerberos.service.name = null
	sasl.kerberos.ticket.renew.jitter = 0.05
	sasl.kerberos.ticket.renew.window.factor = 0.8
	sasl.login.callback.handler.class = null
	sasl.login.class = null
	sasl.login.connect.timeout.ms = null
	sasl.login.read.timeout.ms = null
	sasl.login.refresh.buffer.seconds = 300
	sasl.login.refresh.min.period.seconds = 60
	sasl.login.refresh.window.factor = 0.8
	sasl.login.refresh.window.jitter = 0.05
	sasl.login.retry.backoff.max.ms = 10000
	sasl.login.retry.backoff.ms = 100
	sasl.mechanism = GSSAPI
	sasl.oauthbearer.clock.skew.seconds = 30
	sasl.oauthbearer.expected.audience = null
	sasl.oauthbearer.expected.issuer = null
	sasl.oauthbearer.header.urlencode = false
	sasl.oauthbearer.jwks.endpoint.refresh.ms = 3600000
	sasl.oauthbearer.jwks.endpoint.retry.backoff.max.ms = 10000
	sasl.oauthbearer.jwks.endpoint.retry.backoff.ms = 100
	sasl.oauthbearer.jwks.endpoint.url = null
	sasl.oauthbearer.scope.claim.name = scope
	sasl.oauthbearer.sub.claim.name = sub
	sasl.oauthbearer.token.endpoint.url = null
	security.protocol = PLAINTEXT
	security.providers = null
	send.buffer.bytes = 131072
	session.timeout.ms = 45000
	socket.connection.setup.timeout.max.ms = 30000
	socket.connection.setup.timeout.ms = 10000
	ssl.cipher.suites = null
	ssl.enabled.protocols = [TLSv1.2, TLSv1.3]
	ssl.endpoint.identification.algorithm = https
	ssl.engine.factory.class = null
	ssl.key.password = null
	ssl.keymanager.algorithm = SunX509
	ssl.keystore.certificate.chain = null
	ssl.keystore.key = null
	ssl.keystore.location = null
	ssl.keystore.password = null
	ssl.keystore.type = JKS
	ssl.protocol = TLSv1.3
	ssl.provider = null
	ssl.secure.random.implementation = null
	ssl.trustmanager.algorithm = PKIX
	ssl.truststore.certificates = null
	ssl.truststore.location = null
	ssl.truststore.password = null
	ssl.truststore.type = JKS
	value.deserializer = class io.apicurio.registry.serde.avro.AvroKafkaDeserializer

2025-08-06 18:50:26,267 INFO  [org.apa.kaf.com.tel.int.KafkaMetricsCollector] (main) initializing Kafka metrics collector
2025-08-06 18:50:26,275 INFO  [org.apa.kaf.cli.con.ConsumerConfig] (main) These configurations '[apicurio.registry.url]' were supplied but are not used yet.
2025-08-06 18:50:26,275 INFO  [org.apa.kaf.com.uti.AppInfoParser] (main) Kafka version: 3.9.1
2025-08-06 18:50:26,275 INFO  [org.apa.kaf.com.uti.AppInfoParser] (main) Kafka commitId: f745dfdcee2b9851
2025-08-06 18:50:26,276 INFO  [org.apa.kaf.com.uti.AppInfoParser] (main) Kafka startTimeMs: 1754506226275
2025-08-06 18:50:26,276 INFO  [org.apa.kaf.cli.con.int.ClassicKafkaConsumer] (Thread-624) [Consumer clientId=consumer-Consumer-topic-f4cb3e00_a666_4171_b5be_bda645d1125e-4, groupId=Consumer-topic-f4cb3e00_a666_4171_b5be_bda645d1125e] Subscribed to topic(s): topic-f4cb3e00_a666_4171_b5be_bda645d1125e
2025-08-06 18:50:26,283 INFO  [org.apa.kaf.cli.Metadata] (Thread-624) [Consumer clientId=consumer-Consumer-topic-f4cb3e00_a666_4171_b5be_bda645d1125e-4, groupId=Consumer-topic-f4cb3e00_a666_4171_b5be_bda645d1125e] Cluster ID: EV4Uys23RNi7BwH7MVj6Ag
2025-08-06 18:50:26,284 INFO  [org.apa.kaf.cli.con.int.ConsumerCoordinator] (Thread-624) [Consumer clientId=consumer-Consumer-topic-f4cb3e00_a666_4171_b5be_bda645d1125e-4, groupId=Consumer-topic-f4cb3e00_a666_4171_b5be_bda645d1125e] Discovered group coordinator localhost:32769 (id: 2147483647 rack: null)
2025-08-06 18:50:26,289 INFO  [org.apa.kaf.cli.con.int.ConsumerCoordinator] (Thread-624) [Consumer clientId=consumer-Consumer-topic-f4cb3e00_a666_4171_b5be_bda645d1125e-4, groupId=Consumer-topic-f4cb3e00_a666_4171_b5be_bda645d1125e] (Re-)joining group
2025-08-06 18:50:26,293 INFO  [org.apa.kaf.cli.con.int.ConsumerCoordinator] (Thread-624) [Consumer clientId=consumer-Consumer-topic-f4cb3e00_a666_4171_b5be_bda645d1125e-4, groupId=Consumer-topic-f4cb3e00_a666_4171_b5be_bda645d1125e] Request joining group due to: need to re-join with the given member-id: consumer-Consumer-topic-f4cb3e00_a666_4171_b5be_bda645d1125e-4-1eba1bd9-0850-46b1-af5e-360a34614f14
2025-08-06 18:50:26,293 INFO  [org.apa.kaf.cli.con.int.ConsumerCoordinator] (Thread-624) [Consumer clientId=consumer-Consumer-topic-f4cb3e00_a666_4171_b5be_bda645d1125e-4, groupId=Consumer-topic-f4cb3e00_a666_4171_b5be_bda645d1125e] (Re-)joining group
2025-08-06 18:50:27,276 INFO  [io.api.tes.ser.api.KafkaSerdesTester] (Thread-624) None found
2025-08-06 18:50:28,276 INFO  [io.api.tes.ser.api.KafkaSerdesTester] (Thread-624) None found
2025-08-06 18:50:29,277 INFO  [io.api.tes.ser.api.KafkaSerdesTester] (Thread-624) None found
2025-08-06 18:50:29,296 INFO  [org.apa.kaf.cli.con.int.ConsumerCoordinator] (Thread-624) [Consumer clientId=consumer-Consumer-topic-f4cb3e00_a666_4171_b5be_bda645d1125e-4, groupId=Consumer-topic-f4cb3e00_a666_4171_b5be_bda645d1125e] Successfully joined group with generation Generation{generationId=1, memberId='consumer-Consumer-topic-f4cb3e00_a666_4171_b5be_bda645d1125e-4-1eba1bd9-0850-46b1-af5e-360a34614f14', protocol='range'}
2025-08-06 18:50:29,296 INFO  [org.apa.kaf.cli.con.int.ConsumerCoordinator] (Thread-624) [Consumer clientId=consumer-Consumer-topic-f4cb3e00_a666_4171_b5be_bda645d1125e-4, groupId=Consumer-topic-f4cb3e00_a666_4171_b5be_bda645d1125e] Finished assignment for group at generation 1: {consumer-Consumer-topic-f4cb3e00_a666_4171_b5be_bda645d1125e-4-1eba1bd9-0850-46b1-af5e-360a34614f14=Assignment(partitions=[topic-f4cb3e00_a666_4171_b5be_bda645d1125e-0])}
2025-08-06 18:50:29,304 INFO  [org.apa.kaf.cli.con.int.ConsumerCoordinator] (Thread-624) [Consumer clientId=consumer-Consumer-topic-f4cb3e00_a666_4171_b5be_bda645d1125e-4, groupId=Consumer-topic-f4cb3e00_a666_4171_b5be_bda645d1125e] Successfully synced group in generation Generation{generationId=1, memberId='consumer-Consumer-topic-f4cb3e00_a666_4171_b5be_bda645d1125e-4-1eba1bd9-0850-46b1-af5e-360a34614f14', protocol='range'}
2025-08-06 18:50:29,304 INFO  [org.apa.kaf.cli.con.int.ConsumerCoordinator] (Thread-624) [Consumer clientId=consumer-Consumer-topic-f4cb3e00_a666_4171_b5be_bda645d1125e-4, groupId=Consumer-topic-f4cb3e00_a666_4171_b5be_bda645d1125e] Notifying assignor about the new Assignment(partitions=[topic-f4cb3e00_a666_4171_b5be_bda645d1125e-0])
2025-08-06 18:50:29,304 INFO  [org.apa.kaf.cli.con.int.ConsumerRebalanceListenerInvoker] (Thread-624) [Consumer clientId=consumer-Consumer-topic-f4cb3e00_a666_4171_b5be_bda645d1125e-4, groupId=Consumer-topic-f4cb3e00_a666_4171_b5be_bda645d1125e] Adding newly assigned partitions: topic-f4cb3e00_a666_4171_b5be_bda645d1125e-0
2025-08-06 18:50:29,305 INFO  [org.apa.kaf.cli.con.int.ConsumerCoordinator] (Thread-624) [Consumer clientId=consumer-Consumer-topic-f4cb3e00_a666_4171_b5be_bda645d1125e-4, groupId=Consumer-topic-f4cb3e00_a666_4171_b5be_bda645d1125e] Found no committed offset for partition topic-f4cb3e00_a666_4171_b5be_bda645d1125e-0
2025-08-06 18:50:29,311 INFO  [org.apa.kaf.cli.con.int.SubscriptionState] (Thread-624) [Consumer clientId=consumer-Consumer-topic-f4cb3e00_a666_4171_b5be_bda645d1125e-4, groupId=Consumer-topic-f4cb3e00_a666_4171_b5be_bda645d1125e] Resetting offset for partition topic-f4cb3e00_a666_4171_b5be_bda645d1125e-0 to position FetchPosition{offset=0, offsetEpoch=Optional.empty, currentLeader=LeaderAndEpoch{leader=Optional[localhost:32769 (id: 0 rack: null)], epoch=0}}.
2025-08-06 18:50:29,336 INFO  [io.api.tes.ser.api.KafkaSerdesTester] (Thread-624) topic-f4cb3e00_a666_4171_b5be_bda645d1125e 0 0 {"key11754506226051": "value-0"}
2025-08-06 18:50:29,337 INFO  [io.api.tes.ser.api.KafkaSerdesTester] (Thread-624) topic-f4cb3e00_a666_4171_b5be_bda645d1125e 0 1 {"key11754506226051": "value-1"}
2025-08-06 18:50:29,337 INFO  [io.api.tes.ser.api.KafkaSerdesTester] (Thread-624) topic-f4cb3e00_a666_4171_b5be_bda645d1125e 0 2 {"key11754506226051": "value-2"}
2025-08-06 18:50:29,337 INFO  [io.api.tes.ser.api.KafkaSerdesTester] (Thread-624) topic-f4cb3e00_a666_4171_b5be_bda645d1125e 0 3 {"key11754506226051": "value-3"}
2025-08-06 18:50:29,337 INFO  [io.api.tes.ser.api.KafkaSerdesTester] (Thread-624) topic-f4cb3e00_a666_4171_b5be_bda645d1125e 0 4 {"key11754506226051": "value-4"}
2025-08-06 18:50:29,337 INFO  [io.api.tes.ser.api.KafkaSerdesTester] (Thread-624) topic-f4cb3e00_a666_4171_b5be_bda645d1125e 0 5 {"key11754506226051": "value-5"}
2025-08-06 18:50:29,337 INFO  [io.api.tes.ser.api.KafkaSerdesTester] (Thread-624) topic-f4cb3e00_a666_4171_b5be_bda645d1125e 0 6 {"key11754506226051": "value-6"}
2025-08-06 18:50:29,337 INFO  [io.api.tes.ser.api.KafkaSerdesTester] (Thread-624) topic-f4cb3e00_a666_4171_b5be_bda645d1125e 0 7 {"key11754506226051": "value-7"}
2025-08-06 18:50:29,337 INFO  [io.api.tes.ser.api.KafkaSerdesTester] (Thread-624) topic-f4cb3e00_a666_4171_b5be_bda645d1125e 0 8 {"key11754506226051": "value-8"}
2025-08-06 18:50:29,337 INFO  [io.api.tes.ser.api.KafkaSerdesTester] (Thread-624) topic-f4cb3e00_a666_4171_b5be_bda645d1125e 0 9 {"key11754506226051": "value-9"}
2025-08-06 18:50:29,337 INFO  [io.api.tes.ser.api.KafkaSerdesTester] (Thread-624) Consumed 10 messages
2025-08-06 18:50:29,344 INFO  [org.apa.kaf.cli.con.int.ConsumerRebalanceListenerInvoker] (Thread-624) [Consumer clientId=consumer-Consumer-topic-f4cb3e00_a666_4171_b5be_bda645d1125e-4, groupId=Consumer-topic-f4cb3e00_a666_4171_b5be_bda645d1125e] Revoke previously assigned partitions topic-f4cb3e00_a666_4171_b5be_bda645d1125e-0
2025-08-06 18:50:29,344 INFO  [org.apa.kaf.cli.con.int.ConsumerCoordinator] (Thread-624) [Consumer clientId=consumer-Consumer-topic-f4cb3e00_a666_4171_b5be_bda645d1125e-4, groupId=Consumer-topic-f4cb3e00_a666_4171_b5be_bda645d1125e] Member consumer-Consumer-topic-f4cb3e00_a666_4171_b5be_bda645d1125e-4-1eba1bd9-0850-46b1-af5e-360a34614f14 sending LeaveGroup request to coordinator localhost:32769 (id: 2147483647 rack: null) due to the consumer is being closed
2025-08-06 18:50:29,345 INFO  [org.apa.kaf.cli.con.int.ConsumerCoordinator] (Thread-624) [Consumer clientId=consumer-Consumer-topic-f4cb3e00_a666_4171_b5be_bda645d1125e-4, groupId=Consumer-topic-f4cb3e00_a666_4171_b5be_bda645d1125e] Resetting generation and member id due to: consumer pro-actively leaving the group
2025-08-06 18:50:29,345 INFO  [org.apa.kaf.cli.con.int.ConsumerCoordinator] (Thread-624) [Consumer clientId=consumer-Consumer-topic-f4cb3e00_a666_4171_b5be_bda645d1125e-4, groupId=Consumer-topic-f4cb3e00_a666_4171_b5be_bda645d1125e] Request joining group due to: consumer pro-actively leaving the group
2025-08-06 18:50:29,839 INFO  [org.apa.kaf.com.met.Metrics] (Thread-624) Metrics scheduler closed
2025-08-06 18:50:29,840 INFO  [org.apa.kaf.com.met.Metrics] (Thread-624) Closing reporter org.apache.kafka.common.metrics.JmxReporter
2025-08-06 18:50:29,840 INFO  [org.apa.kaf.com.met.Metrics] (Thread-624) Closing reporter org.apache.kafka.common.telemetry.internals.ClientTelemetryReporter
2025-08-06 18:50:29,840 INFO  [org.apa.kaf.com.met.Metrics] (Thread-624) Metrics reporters closed
2025-08-06 18:50:29,842 INFO  [org.apa.kaf.com.uti.AppInfoParser] (Thread-624) App info kafka.consumer for consumer-Consumer-topic-f4cb3e00_a666_4171_b5be_bda645d1125e-4 unregistered
2025-08-06 18:50:29,860 INFO  [io.api.tes.uti.TestSeparator] (main) io.apicurio.tests.serdes.apicurio.AvroSerdeIT.testTopicIdStrategyAutoRegister-FINISHED
2025-08-06 18:50:29,860 INFO  [io.api.tes.uti.TestSeparator] (main) ############################################################################
Test passed: testTopicIdStrategyAutoRegister
]]></system-out>
  </testcase>
  <testcase name="testRecordIdStrategydFindLatest" classname="io.apicurio.tests.serdes.apicurio.AvroSerdeIT" time="4.681">
    <system-out><![CDATA[2025-08-06 18:50:29,863 INFO  [io.api.tes.uti.TestSeparator] (main) ############################################################################
2025-08-06 18:50:29,863 INFO  [io.api.tes.uti.TestSeparator] (main) io.apicurio.tests.serdes.apicurio.AvroSerdeIT.testRecordIdStrategydFindLatest-STARTED
2025-08-06 18:50:29,864 INFO  [io.api.tes.ser.api.AvroSerdeIT] (main) Registering Avro Schema: {"type":"record","name":"sb3e7b0e6xacc6x47edxa715xb44eb86140fd","namespace":"s4fef4aeax9bbcx4d46xba46xfd4a472da9a3","fields":[{"name":"key11754506229863","type":"string"}]}
**** Registry Base URL: http://registry-app-inmemory.apps.ci419.apicurio-testing.org:80
2025-08-06 18:50:30,890 INFO  [org.apa.kaf.cli.pro.ProducerConfig] (main) ProducerConfig values: 
	acks = -1
	auto.include.jmx.reporter = true
	batch.size = 16384
	bootstrap.servers = [PLAINTEXT://localhost:32769]
	buffer.memory = 33554432
	client.dns.lookup = use_all_dns_ips
	client.id = Producer-topic-44a00124_3f7b_4f40_84ee_62ed3111b9f5
	compression.gzip.level = -1
	compression.lz4.level = 9
	compression.type = none
	compression.zstd.level = 3
	connections.max.idle.ms = 10000
	delivery.timeout.ms = 120000
	enable.idempotence = true
	enable.metrics.push = true
	interceptor.classes = []
	key.serializer = class org.apache.kafka.common.serialization.StringSerializer
	linger.ms = 0
	max.block.ms = 60000
	max.in.flight.requests.per.connection = 5
	max.request.size = 1048576
	metadata.max.age.ms = 300000
	metadata.max.idle.ms = 300000
	metadata.recovery.strategy = none
	metric.reporters = []
	metrics.num.samples = 2
	metrics.recording.level = INFO
	metrics.sample.window.ms = 30000
	partitioner.adaptive.partitioning.enable = true
	partitioner.availability.timeout.ms = 0
	partitioner.class = null
	partitioner.ignore.keys = false
	receive.buffer.bytes = 32768
	reconnect.backoff.max.ms = 1000
	reconnect.backoff.ms = 50
	request.timeout.ms = 5000
	retries = 2147483647
	retry.backoff.max.ms = 1000
	retry.backoff.ms = 100
	sasl.client.callback.handler.class = null
	sasl.jaas.config = null
	sasl.kerberos.kinit.cmd = /usr/bin/kinit
	sasl.kerberos.min.time.before.relogin = 60000
	sasl.kerberos.service.name = null
	sasl.kerberos.ticket.renew.jitter = 0.05
	sasl.kerberos.ticket.renew.window.factor = 0.8
	sasl.login.callback.handler.class = null
	sasl.login.class = null
	sasl.login.connect.timeout.ms = null
	sasl.login.read.timeout.ms = null
	sasl.login.refresh.buffer.seconds = 300
	sasl.login.refresh.min.period.seconds = 60
	sasl.login.refresh.window.factor = 0.8
	sasl.login.refresh.window.jitter = 0.05
	sasl.login.retry.backoff.max.ms = 10000
	sasl.login.retry.backoff.ms = 100
	sasl.mechanism = GSSAPI
	sasl.oauthbearer.clock.skew.seconds = 30
	sasl.oauthbearer.expected.audience = null
	sasl.oauthbearer.expected.issuer = null
	sasl.oauthbearer.header.urlencode = false
	sasl.oauthbearer.jwks.endpoint.refresh.ms = 3600000
	sasl.oauthbearer.jwks.endpoint.retry.backoff.max.ms = 10000
	sasl.oauthbearer.jwks.endpoint.retry.backoff.ms = 100
	sasl.oauthbearer.jwks.endpoint.url = null
	sasl.oauthbearer.scope.claim.name = scope
	sasl.oauthbearer.sub.claim.name = sub
	sasl.oauthbearer.token.endpoint.url = null
	security.protocol = PLAINTEXT
	security.providers = null
	send.buffer.bytes = 131072
	socket.connection.setup.timeout.max.ms = 30000
	socket.connection.setup.timeout.ms = 10000
	ssl.cipher.suites = null
	ssl.enabled.protocols = [TLSv1.2, TLSv1.3]
	ssl.endpoint.identification.algorithm = https
	ssl.engine.factory.class = null
	ssl.key.password = null
	ssl.keymanager.algorithm = SunX509
	ssl.keystore.certificate.chain = null
	ssl.keystore.key = null
	ssl.keystore.location = null
	ssl.keystore.password = null
	ssl.keystore.type = JKS
	ssl.protocol = TLSv1.3
	ssl.provider = null
	ssl.secure.random.implementation = null
	ssl.trustmanager.algorithm = PKIX
	ssl.truststore.certificates = null
	ssl.truststore.location = null
	ssl.truststore.password = null
	ssl.truststore.type = JKS
	transaction.timeout.ms = 60000
	transactional.id = null
	value.serializer = class io.apicurio.registry.serde.avro.AvroKafkaSerializer

2025-08-06 18:50:30,890 INFO  [org.apa.kaf.com.tel.int.KafkaMetricsCollector] (main) initializing Kafka metrics collector
2025-08-06 18:50:30,894 INFO  [org.apa.kaf.cli.pro.KafkaProducer] (main) [Producer clientId=Producer-topic-44a00124_3f7b_4f40_84ee_62ed3111b9f5] Instantiated an idempotent producer.
2025-08-06 18:50:30,896 INFO  [org.apa.kaf.cli.pro.ProducerConfig] (main) These configurations '[apicurio.registry.find-latest, apicurio.registry.url, apicurio.registry.artifact-resolver-strategy]' were supplied but are not used yet.
2025-08-06 18:50:30,896 INFO  [org.apa.kaf.com.uti.AppInfoParser] (main) Kafka version: 3.9.1
2025-08-06 18:50:30,896 INFO  [org.apa.kaf.com.uti.AppInfoParser] (main) Kafka commitId: f745dfdcee2b9851
2025-08-06 18:50:30,897 INFO  [org.apa.kaf.com.uti.AppInfoParser] (main) Kafka startTimeMs: 1754506230896
2025-08-06 18:50:30,897 INFO  [io.api.tes.ser.api.SimpleSerdesTesterBuilder$SimpleSerdesTester] (main) Using producer configuration: {apicurio.registry.find-latest=true, apicurio.registry.url=http://registry-app-inmemory.apps.ci419.apicurio-testing.org:80/apis/registry/v3, apicurio.registry.artifact-resolver-strategy=io.apicurio.registry.serde.avro.strategy.RecordIdStrategy, value.serializer=io.apicurio.registry.serde.avro.AvroKafkaSerializer, request.timeout.ms=5000, acks=all, bootstrap.servers=PLAINTEXT://localhost:32769, connections.max.idle.ms=10000, key.serializer=org.apache.kafka.common.serialization.StringSerializer, client.id=Producer-topic-44a00124_3f7b_4f40_84ee_62ed3111b9f5}
2025-08-06 18:50:30,897 INFO  [io.api.tes.ser.api.SimpleSerdesTesterBuilder$SimpleSerdesTester] (main) Using consumer configuration: {}
2025-08-06 18:50:30,898 INFO  [io.api.tes.ser.api.KafkaSerdesTester] (Thread-627) Sending message {"key11754506229863": "value-0"} to topic topic-44a00124_3f7b_4f40_84ee_62ed3111b9f5
2025-08-06 18:50:30,902 INFO  [org.apa.kaf.cli.Metadata] (kafka-producer-network-thread | Producer-topic-44a00124_3f7b_4f40_84ee_62ed3111b9f5) [Producer clientId=Producer-topic-44a00124_3f7b_4f40_84ee_62ed3111b9f5] Cluster ID: EV4Uys23RNi7BwH7MVj6Ag
2025-08-06 18:50:30,903 INFO  [org.apa.kaf.cli.pro.int.TransactionManager] (kafka-producer-network-thread | Producer-topic-44a00124_3f7b_4f40_84ee_62ed3111b9f5) [Producer clientId=Producer-topic-44a00124_3f7b_4f40_84ee_62ed3111b9f5] ProducerId set to 5 with epoch 0
2025-08-06 18:50:30,939 INFO  [io.api.tes.ser.api.KafkaSerdesTester] (Thread-627) Sending message {"key11754506229863": "value-1"} to topic topic-44a00124_3f7b_4f40_84ee_62ed3111b9f5
2025-08-06 18:50:30,942 INFO  [io.api.tes.ser.api.KafkaSerdesTester] (Thread-627) Sending message {"key11754506229863": "value-2"} to topic topic-44a00124_3f7b_4f40_84ee_62ed3111b9f5
2025-08-06 18:50:30,944 INFO  [io.api.tes.ser.api.KafkaSerdesTester] (Thread-627) Sending message {"key11754506229863": "value-3"} to topic topic-44a00124_3f7b_4f40_84ee_62ed3111b9f5
2025-08-06 18:50:30,946 INFO  [io.api.tes.ser.api.KafkaSerdesTester] (Thread-627) Sending message {"key11754506229863": "value-4"} to topic topic-44a00124_3f7b_4f40_84ee_62ed3111b9f5
2025-08-06 18:50:30,948 INFO  [io.api.tes.ser.api.KafkaSerdesTester] (Thread-627) Sending message {"key11754506229863": "value-5"} to topic topic-44a00124_3f7b_4f40_84ee_62ed3111b9f5
2025-08-06 18:50:30,952 INFO  [io.api.tes.ser.api.KafkaSerdesTester] (Thread-627) Sending message {"key11754506229863": "value-6"} to topic topic-44a00124_3f7b_4f40_84ee_62ed3111b9f5
2025-08-06 18:50:30,954 INFO  [io.api.tes.ser.api.KafkaSerdesTester] (Thread-627) Sending message {"key11754506229863": "value-7"} to topic topic-44a00124_3f7b_4f40_84ee_62ed3111b9f5
2025-08-06 18:50:30,956 INFO  [io.api.tes.ser.api.KafkaSerdesTester] (Thread-627) Sending message {"key11754506229863": "value-8"} to topic topic-44a00124_3f7b_4f40_84ee_62ed3111b9f5
2025-08-06 18:50:30,958 INFO  [io.api.tes.ser.api.KafkaSerdesTester] (Thread-627) Sending message {"key11754506229863": "value-9"} to topic topic-44a00124_3f7b_4f40_84ee_62ed3111b9f5
2025-08-06 18:50:30,962 INFO  [io.api.tes.ser.api.KafkaSerdesTester] (Thread-627) Produced 10 messages
2025-08-06 18:50:30,962 INFO  [org.apa.kaf.cli.pro.KafkaProducer] (Thread-627) [Producer clientId=Producer-topic-44a00124_3f7b_4f40_84ee_62ed3111b9f5] Closing the Kafka producer with timeoutMillis = 9223372036854775807 ms.
2025-08-06 18:50:30,965 INFO  [org.apa.kaf.com.met.Metrics] (Thread-627) Metrics scheduler closed
2025-08-06 18:50:30,965 INFO  [org.apa.kaf.com.met.Metrics] (Thread-627) Closing reporter org.apache.kafka.common.metrics.JmxReporter
2025-08-06 18:50:30,965 INFO  [org.apa.kaf.com.met.Metrics] (Thread-627) Closing reporter org.apache.kafka.common.telemetry.internals.ClientTelemetryReporter
2025-08-06 18:50:30,965 INFO  [org.apa.kaf.com.met.Metrics] (Thread-627) Metrics reporters closed
2025-08-06 18:50:30,965 INFO  [org.apa.kaf.com.uti.AppInfoParser] (Thread-627) App info kafka.producer for Producer-topic-44a00124_3f7b_4f40_84ee_62ed3111b9f5 unregistered
**** Registry Base URL: http://registry-app-inmemory.apps.ci419.apicurio-testing.org:80
2025-08-06 18:50:30,966 INFO  [org.apa.kaf.cli.con.ConsumerConfig] (main) ConsumerConfig values: 
	allow.auto.create.topics = true
	auto.commit.interval.ms = 500
	auto.include.jmx.reporter = true
	auto.offset.reset = earliest
	bootstrap.servers = [PLAINTEXT://localhost:32769]
	check.crcs = true
	client.dns.lookup = use_all_dns_ips
	client.id = consumer-Consumer-topic-44a00124_3f7b_4f40_84ee_62ed3111b9f5-5
	client.rack = 
	connections.max.idle.ms = 10000
	default.api.timeout.ms = 60000
	enable.auto.commit = true
	enable.metrics.push = true
	exclude.internal.topics = true
	fetch.max.bytes = 52428800
	fetch.max.wait.ms = 500
	fetch.min.bytes = 1
	group.id = Consumer-topic-44a00124_3f7b_4f40_84ee_62ed3111b9f5
	group.instance.id = null
	group.protocol = classic
	group.remote.assignor = null
	heartbeat.interval.ms = 3000
	interceptor.classes = []
	internal.leave.group.on.close = true
	internal.throw.on.fetch.stable.offset.unsupported = false
	isolation.level = read_uncommitted
	key.deserializer = class org.apache.kafka.common.serialization.StringDeserializer
	max.partition.fetch.bytes = 1048576
	max.poll.interval.ms = 300000
	max.poll.records = 500
	metadata.max.age.ms = 300000
	metadata.recovery.strategy = none
	metric.reporters = []
	metrics.num.samples = 2
	metrics.recording.level = INFO
	metrics.sample.window.ms = 30000
	partition.assignment.strategy = [class org.apache.kafka.clients.consumer.RangeAssignor, class org.apache.kafka.clients.consumer.CooperativeStickyAssignor]
	receive.buffer.bytes = 65536
	reconnect.backoff.max.ms = 1000
	reconnect.backoff.ms = 50
	request.timeout.ms = 5000
	retry.backoff.max.ms = 1000
	retry.backoff.ms = 100
	sasl.client.callback.handler.class = null
	sasl.jaas.config = null
	sasl.kerberos.kinit.cmd = /usr/bin/kinit
	sasl.kerberos.min.time.before.relogin = 60000
	sasl.kerberos.service.name = null
	sasl.kerberos.ticket.renew.jitter = 0.05
	sasl.kerberos.ticket.renew.window.factor = 0.8
	sasl.login.callback.handler.class = null
	sasl.login.class = null
	sasl.login.connect.timeout.ms = null
	sasl.login.read.timeout.ms = null
	sasl.login.refresh.buffer.seconds = 300
	sasl.login.refresh.min.period.seconds = 60
	sasl.login.refresh.window.factor = 0.8
	sasl.login.refresh.window.jitter = 0.05
	sasl.login.retry.backoff.max.ms = 10000
	sasl.login.retry.backoff.ms = 100
	sasl.mechanism = GSSAPI
	sasl.oauthbearer.clock.skew.seconds = 30
	sasl.oauthbearer.expected.audience = null
	sasl.oauthbearer.expected.issuer = null
	sasl.oauthbearer.header.urlencode = false
	sasl.oauthbearer.jwks.endpoint.refresh.ms = 3600000
	sasl.oauthbearer.jwks.endpoint.retry.backoff.max.ms = 10000
	sasl.oauthbearer.jwks.endpoint.retry.backoff.ms = 100
	sasl.oauthbearer.jwks.endpoint.url = null
	sasl.oauthbearer.scope.claim.name = scope
	sasl.oauthbearer.sub.claim.name = sub
	sasl.oauthbearer.token.endpoint.url = null
	security.protocol = PLAINTEXT
	security.providers = null
	send.buffer.bytes = 131072
	session.timeout.ms = 45000
	socket.connection.setup.timeout.max.ms = 30000
	socket.connection.setup.timeout.ms = 10000
	ssl.cipher.suites = null
	ssl.enabled.protocols = [TLSv1.2, TLSv1.3]
	ssl.endpoint.identification.algorithm = https
	ssl.engine.factory.class = null
	ssl.key.password = null
	ssl.keymanager.algorithm = SunX509
	ssl.keystore.certificate.chain = null
	ssl.keystore.key = null
	ssl.keystore.location = null
	ssl.keystore.password = null
	ssl.keystore.type = JKS
	ssl.protocol = TLSv1.3
	ssl.provider = null
	ssl.secure.random.implementation = null
	ssl.trustmanager.algorithm = PKIX
	ssl.truststore.certificates = null
	ssl.truststore.location = null
	ssl.truststore.password = null
	ssl.truststore.type = JKS
	value.deserializer = class io.apicurio.registry.serde.avro.AvroKafkaDeserializer

2025-08-06 18:50:30,966 INFO  [org.apa.kaf.com.tel.int.KafkaMetricsCollector] (main) initializing Kafka metrics collector
2025-08-06 18:50:30,975 INFO  [org.apa.kaf.cli.con.ConsumerConfig] (main) These configurations '[apicurio.registry.url]' were supplied but are not used yet.
2025-08-06 18:50:30,975 INFO  [org.apa.kaf.com.uti.AppInfoParser] (main) Kafka version: 3.9.1
2025-08-06 18:50:30,975 INFO  [org.apa.kaf.com.uti.AppInfoParser] (main) Kafka commitId: f745dfdcee2b9851
2025-08-06 18:50:30,975 INFO  [org.apa.kaf.com.uti.AppInfoParser] (main) Kafka startTimeMs: 1754506230975
2025-08-06 18:50:30,975 INFO  [org.apa.kaf.cli.con.int.ClassicKafkaConsumer] (Thread-630) [Consumer clientId=consumer-Consumer-topic-44a00124_3f7b_4f40_84ee_62ed3111b9f5-5, groupId=Consumer-topic-44a00124_3f7b_4f40_84ee_62ed3111b9f5] Subscribed to topic(s): topic-44a00124_3f7b_4f40_84ee_62ed3111b9f5
2025-08-06 18:50:30,980 INFO  [org.apa.kaf.cli.Metadata] (Thread-630) [Consumer clientId=consumer-Consumer-topic-44a00124_3f7b_4f40_84ee_62ed3111b9f5-5, groupId=Consumer-topic-44a00124_3f7b_4f40_84ee_62ed3111b9f5] Cluster ID: EV4Uys23RNi7BwH7MVj6Ag
2025-08-06 18:50:30,982 INFO  [org.apa.kaf.cli.con.int.ConsumerCoordinator] (Thread-630) [Consumer clientId=consumer-Consumer-topic-44a00124_3f7b_4f40_84ee_62ed3111b9f5-5, groupId=Consumer-topic-44a00124_3f7b_4f40_84ee_62ed3111b9f5] Discovered group coordinator localhost:32769 (id: 2147483647 rack: null)
2025-08-06 18:50:30,983 INFO  [org.apa.kaf.cli.con.int.ConsumerCoordinator] (Thread-630) [Consumer clientId=consumer-Consumer-topic-44a00124_3f7b_4f40_84ee_62ed3111b9f5-5, groupId=Consumer-topic-44a00124_3f7b_4f40_84ee_62ed3111b9f5] (Re-)joining group
2025-08-06 18:50:30,987 INFO  [org.apa.kaf.cli.con.int.ConsumerCoordinator] (Thread-630) [Consumer clientId=consumer-Consumer-topic-44a00124_3f7b_4f40_84ee_62ed3111b9f5-5, groupId=Consumer-topic-44a00124_3f7b_4f40_84ee_62ed3111b9f5] Request joining group due to: need to re-join with the given member-id: consumer-Consumer-topic-44a00124_3f7b_4f40_84ee_62ed3111b9f5-5-870ff89c-efa5-4863-90cd-ef01a8af080e
2025-08-06 18:50:30,988 INFO  [org.apa.kaf.cli.con.int.ConsumerCoordinator] (Thread-630) [Consumer clientId=consumer-Consumer-topic-44a00124_3f7b_4f40_84ee_62ed3111b9f5-5, groupId=Consumer-topic-44a00124_3f7b_4f40_84ee_62ed3111b9f5] (Re-)joining group
2025-08-06 18:50:31,975 INFO  [io.api.tes.ser.api.KafkaSerdesTester] (Thread-630) None found
2025-08-06 18:50:32,976 INFO  [io.api.tes.ser.api.KafkaSerdesTester] (Thread-630) None found
2025-08-06 18:50:33,976 INFO  [io.api.tes.ser.api.KafkaSerdesTester] (Thread-630) None found
2025-08-06 18:50:33,990 INFO  [org.apa.kaf.cli.con.int.ConsumerCoordinator] (Thread-630) [Consumer clientId=consumer-Consumer-topic-44a00124_3f7b_4f40_84ee_62ed3111b9f5-5, groupId=Consumer-topic-44a00124_3f7b_4f40_84ee_62ed3111b9f5] Successfully joined group with generation Generation{generationId=1, memberId='consumer-Consumer-topic-44a00124_3f7b_4f40_84ee_62ed3111b9f5-5-870ff89c-efa5-4863-90cd-ef01a8af080e', protocol='range'}
2025-08-06 18:50:33,990 INFO  [org.apa.kaf.cli.con.int.ConsumerCoordinator] (Thread-630) [Consumer clientId=consumer-Consumer-topic-44a00124_3f7b_4f40_84ee_62ed3111b9f5-5, groupId=Consumer-topic-44a00124_3f7b_4f40_84ee_62ed3111b9f5] Finished assignment for group at generation 1: {consumer-Consumer-topic-44a00124_3f7b_4f40_84ee_62ed3111b9f5-5-870ff89c-efa5-4863-90cd-ef01a8af080e=Assignment(partitions=[topic-44a00124_3f7b_4f40_84ee_62ed3111b9f5-0])}
2025-08-06 18:50:33,998 INFO  [org.apa.kaf.cli.con.int.ConsumerCoordinator] (Thread-630) [Consumer clientId=consumer-Consumer-topic-44a00124_3f7b_4f40_84ee_62ed3111b9f5-5, groupId=Consumer-topic-44a00124_3f7b_4f40_84ee_62ed3111b9f5] Successfully synced group in generation Generation{generationId=1, memberId='consumer-Consumer-topic-44a00124_3f7b_4f40_84ee_62ed3111b9f5-5-870ff89c-efa5-4863-90cd-ef01a8af080e', protocol='range'}
2025-08-06 18:50:33,998 INFO  [org.apa.kaf.cli.con.int.ConsumerCoordinator] (Thread-630) [Consumer clientId=consumer-Consumer-topic-44a00124_3f7b_4f40_84ee_62ed3111b9f5-5, groupId=Consumer-topic-44a00124_3f7b_4f40_84ee_62ed3111b9f5] Notifying assignor about the new Assignment(partitions=[topic-44a00124_3f7b_4f40_84ee_62ed3111b9f5-0])
2025-08-06 18:50:33,998 INFO  [org.apa.kaf.cli.con.int.ConsumerRebalanceListenerInvoker] (Thread-630) [Consumer clientId=consumer-Consumer-topic-44a00124_3f7b_4f40_84ee_62ed3111b9f5-5, groupId=Consumer-topic-44a00124_3f7b_4f40_84ee_62ed3111b9f5] Adding newly assigned partitions: topic-44a00124_3f7b_4f40_84ee_62ed3111b9f5-0
2025-08-06 18:50:33,999 INFO  [org.apa.kaf.cli.con.int.ConsumerCoordinator] (Thread-630) [Consumer clientId=consumer-Consumer-topic-44a00124_3f7b_4f40_84ee_62ed3111b9f5-5, groupId=Consumer-topic-44a00124_3f7b_4f40_84ee_62ed3111b9f5] Found no committed offset for partition topic-44a00124_3f7b_4f40_84ee_62ed3111b9f5-0
2025-08-06 18:50:34,007 INFO  [org.apa.kaf.cli.con.int.SubscriptionState] (Thread-630) [Consumer clientId=consumer-Consumer-topic-44a00124_3f7b_4f40_84ee_62ed3111b9f5-5, groupId=Consumer-topic-44a00124_3f7b_4f40_84ee_62ed3111b9f5] Resetting offset for partition topic-44a00124_3f7b_4f40_84ee_62ed3111b9f5-0 to position FetchPosition{offset=0, offsetEpoch=Optional.empty, currentLeader=LeaderAndEpoch{leader=Optional[localhost:32769 (id: 0 rack: null)], epoch=0}}.
2025-08-06 18:50:34,036 INFO  [io.api.tes.ser.api.KafkaSerdesTester] (Thread-630) topic-44a00124_3f7b_4f40_84ee_62ed3111b9f5 0 0 {"key11754506229863": "value-0"}
2025-08-06 18:50:34,037 INFO  [io.api.tes.ser.api.KafkaSerdesTester] (Thread-630) topic-44a00124_3f7b_4f40_84ee_62ed3111b9f5 0 1 {"key11754506229863": "value-1"}
2025-08-06 18:50:34,037 INFO  [io.api.tes.ser.api.KafkaSerdesTester] (Thread-630) topic-44a00124_3f7b_4f40_84ee_62ed3111b9f5 0 2 {"key11754506229863": "value-2"}
2025-08-06 18:50:34,037 INFO  [io.api.tes.ser.api.KafkaSerdesTester] (Thread-630) topic-44a00124_3f7b_4f40_84ee_62ed3111b9f5 0 3 {"key11754506229863": "value-3"}
2025-08-06 18:50:34,037 INFO  [io.api.tes.ser.api.KafkaSerdesTester] (Thread-630) topic-44a00124_3f7b_4f40_84ee_62ed3111b9f5 0 4 {"key11754506229863": "value-4"}
2025-08-06 18:50:34,037 INFO  [io.api.tes.ser.api.KafkaSerdesTester] (Thread-630) topic-44a00124_3f7b_4f40_84ee_62ed3111b9f5 0 5 {"key11754506229863": "value-5"}
2025-08-06 18:50:34,037 INFO  [io.api.tes.ser.api.KafkaSerdesTester] (Thread-630) topic-44a00124_3f7b_4f40_84ee_62ed3111b9f5 0 6 {"key11754506229863": "value-6"}
2025-08-06 18:50:34,037 INFO  [io.api.tes.ser.api.KafkaSerdesTester] (Thread-630) topic-44a00124_3f7b_4f40_84ee_62ed3111b9f5 0 7 {"key11754506229863": "value-7"}
2025-08-06 18:50:34,037 INFO  [io.api.tes.ser.api.KafkaSerdesTester] (Thread-630) topic-44a00124_3f7b_4f40_84ee_62ed3111b9f5 0 8 {"key11754506229863": "value-8"}
2025-08-06 18:50:34,037 INFO  [io.api.tes.ser.api.KafkaSerdesTester] (Thread-630) topic-44a00124_3f7b_4f40_84ee_62ed3111b9f5 0 9 {"key11754506229863": "value-9"}
2025-08-06 18:50:34,037 INFO  [io.api.tes.ser.api.KafkaSerdesTester] (Thread-630) Consumed 10 messages
2025-08-06 18:50:34,045 INFO  [org.apa.kaf.cli.con.int.ConsumerRebalanceListenerInvoker] (Thread-630) [Consumer clientId=consumer-Consumer-topic-44a00124_3f7b_4f40_84ee_62ed3111b9f5-5, groupId=Consumer-topic-44a00124_3f7b_4f40_84ee_62ed3111b9f5] Revoke previously assigned partitions topic-44a00124_3f7b_4f40_84ee_62ed3111b9f5-0
2025-08-06 18:50:34,045 INFO  [org.apa.kaf.cli.con.int.ConsumerCoordinator] (Thread-630) [Consumer clientId=consumer-Consumer-topic-44a00124_3f7b_4f40_84ee_62ed3111b9f5-5, groupId=Consumer-topic-44a00124_3f7b_4f40_84ee_62ed3111b9f5] Member consumer-Consumer-topic-44a00124_3f7b_4f40_84ee_62ed3111b9f5-5-870ff89c-efa5-4863-90cd-ef01a8af080e sending LeaveGroup request to coordinator localhost:32769 (id: 2147483647 rack: null) due to the consumer is being closed
2025-08-06 18:50:34,046 INFO  [org.apa.kaf.cli.con.int.ConsumerCoordinator] (Thread-630) [Consumer clientId=consumer-Consumer-topic-44a00124_3f7b_4f40_84ee_62ed3111b9f5-5, groupId=Consumer-topic-44a00124_3f7b_4f40_84ee_62ed3111b9f5] Resetting generation and member id due to: consumer pro-actively leaving the group
2025-08-06 18:50:34,046 INFO  [org.apa.kaf.cli.con.int.ConsumerCoordinator] (Thread-630) [Consumer clientId=consumer-Consumer-topic-44a00124_3f7b_4f40_84ee_62ed3111b9f5-5, groupId=Consumer-topic-44a00124_3f7b_4f40_84ee_62ed3111b9f5] Request joining group due to: consumer pro-actively leaving the group
2025-08-06 18:50:34,538 INFO  [org.apa.kaf.com.met.Metrics] (Thread-630) Metrics scheduler closed
2025-08-06 18:50:34,538 INFO  [org.apa.kaf.com.met.Metrics] (Thread-630) Closing reporter org.apache.kafka.common.metrics.JmxReporter
2025-08-06 18:50:34,538 INFO  [org.apa.kaf.com.met.Metrics] (Thread-630) Closing reporter org.apache.kafka.common.telemetry.internals.ClientTelemetryReporter
2025-08-06 18:50:34,538 INFO  [org.apa.kaf.com.met.Metrics] (Thread-630) Metrics reporters closed
2025-08-06 18:50:34,541 INFO  [org.apa.kaf.com.uti.AppInfoParser] (Thread-630) App info kafka.consumer for consumer-Consumer-topic-44a00124_3f7b_4f40_84ee_62ed3111b9f5-5 unregistered
2025-08-06 18:50:34,542 INFO  [io.api.tes.uti.TestSeparator] (main) io.apicurio.tests.serdes.apicurio.AvroSerdeIT.testRecordIdStrategydFindLatest-FINISHED
2025-08-06 18:50:34,542 INFO  [io.api.tes.uti.TestSeparator] (main) ############################################################################
Test passed: testRecordIdStrategydFindLatest
]]></system-out>
  </testcase>
  <testcase name="testReflectAutoRegister" classname="io.apicurio.tests.serdes.apicurio.AvroSerdeIT" time="3.819">
    <system-out><![CDATA[2025-08-06 18:50:34,543 INFO  [io.api.tes.uti.TestSeparator] (main) ############################################################################
2025-08-06 18:50:34,543 INFO  [io.api.tes.uti.TestSeparator] (main) io.apicurio.tests.serdes.apicurio.AvroSerdeIT.testReflectAutoRegister-STARTED
**** Registry Base URL: http://registry-app-inmemory.apps.ci419.apicurio-testing.org:80
2025-08-06 18:50:34,547 INFO  [org.apa.kaf.cli.pro.ProducerConfig] (main) ProducerConfig values: 
	acks = -1
	auto.include.jmx.reporter = true
	batch.size = 16384
	bootstrap.servers = [PLAINTEXT://localhost:32769]
	buffer.memory = 33554432
	client.dns.lookup = use_all_dns_ips
	client.id = Producer-topic-2360d205_2a59_4592_bdbb_8ba856835b3b
	compression.gzip.level = -1
	compression.lz4.level = 9
	compression.type = none
	compression.zstd.level = 3
	connections.max.idle.ms = 10000
	delivery.timeout.ms = 120000
	enable.idempotence = true
	enable.metrics.push = true
	interceptor.classes = []
	key.serializer = class org.apache.kafka.common.serialization.StringSerializer
	linger.ms = 0
	max.block.ms = 60000
	max.in.flight.requests.per.connection = 5
	max.request.size = 1048576
	metadata.max.age.ms = 300000
	metadata.max.idle.ms = 300000
	metadata.recovery.strategy = none
	metric.reporters = []
	metrics.num.samples = 2
	metrics.recording.level = INFO
	metrics.sample.window.ms = 30000
	partitioner.adaptive.partitioning.enable = true
	partitioner.availability.timeout.ms = 0
	partitioner.class = null
	partitioner.ignore.keys = false
	receive.buffer.bytes = 32768
	reconnect.backoff.max.ms = 1000
	reconnect.backoff.ms = 50
	request.timeout.ms = 5000
	retries = 2147483647
	retry.backoff.max.ms = 1000
	retry.backoff.ms = 100
	sasl.client.callback.handler.class = null
	sasl.jaas.config = null
	sasl.kerberos.kinit.cmd = /usr/bin/kinit
	sasl.kerberos.min.time.before.relogin = 60000
	sasl.kerberos.service.name = null
	sasl.kerberos.ticket.renew.jitter = 0.05
	sasl.kerberos.ticket.renew.window.factor = 0.8
	sasl.login.callback.handler.class = null
	sasl.login.class = null
	sasl.login.connect.timeout.ms = null
	sasl.login.read.timeout.ms = null
	sasl.login.refresh.buffer.seconds = 300
	sasl.login.refresh.min.period.seconds = 60
	sasl.login.refresh.window.factor = 0.8
	sasl.login.refresh.window.jitter = 0.05
	sasl.login.retry.backoff.max.ms = 10000
	sasl.login.retry.backoff.ms = 100
	sasl.mechanism = GSSAPI
	sasl.oauthbearer.clock.skew.seconds = 30
	sasl.oauthbearer.expected.audience = null
	sasl.oauthbearer.expected.issuer = null
	sasl.oauthbearer.header.urlencode = false
	sasl.oauthbearer.jwks.endpoint.refresh.ms = 3600000
	sasl.oauthbearer.jwks.endpoint.retry.backoff.max.ms = 10000
	sasl.oauthbearer.jwks.endpoint.retry.backoff.ms = 100
	sasl.oauthbearer.jwks.endpoint.url = null
	sasl.oauthbearer.scope.claim.name = scope
	sasl.oauthbearer.sub.claim.name = sub
	sasl.oauthbearer.token.endpoint.url = null
	security.protocol = PLAINTEXT
	security.providers = null
	send.buffer.bytes = 131072
	socket.connection.setup.timeout.max.ms = 30000
	socket.connection.setup.timeout.ms = 10000
	ssl.cipher.suites = null
	ssl.enabled.protocols = [TLSv1.2, TLSv1.3]
	ssl.endpoint.identification.algorithm = https
	ssl.engine.factory.class = null
	ssl.key.password = null
	ssl.keymanager.algorithm = SunX509
	ssl.keystore.certificate.chain = null
	ssl.keystore.key = null
	ssl.keystore.location = null
	ssl.keystore.password = null
	ssl.keystore.type = JKS
	ssl.protocol = TLSv1.3
	ssl.provider = null
	ssl.secure.random.implementation = null
	ssl.trustmanager.algorithm = PKIX
	ssl.truststore.certificates = null
	ssl.truststore.location = null
	ssl.truststore.password = null
	ssl.truststore.type = JKS
	transaction.timeout.ms = 60000
	transactional.id = null
	value.serializer = class io.apicurio.registry.serde.avro.AvroKafkaSerializer

2025-08-06 18:50:34,548 INFO  [org.apa.kaf.com.tel.int.KafkaMetricsCollector] (main) initializing Kafka metrics collector
2025-08-06 18:50:34,560 INFO  [org.apa.kaf.cli.pro.KafkaProducer] (main) [Producer clientId=Producer-topic-2360d205_2a59_4592_bdbb_8ba856835b3b] Instantiated an idempotent producer.
2025-08-06 18:50:34,562 INFO  [org.apa.kaf.cli.pro.ProducerConfig] (main) These configurations '[apicurio.registry.url, apicurio.registry.auto-register, apicurio.registry.artifact-resolver-strategy, apicurio.registry.avro-datum-provider]' were supplied but are not used yet.
2025-08-06 18:50:34,563 INFO  [org.apa.kaf.com.uti.AppInfoParser] (main) Kafka version: 3.9.1
2025-08-06 18:50:34,563 INFO  [org.apa.kaf.com.uti.AppInfoParser] (main) Kafka commitId: f745dfdcee2b9851
2025-08-06 18:50:34,563 INFO  [org.apa.kaf.com.uti.AppInfoParser] (main) Kafka startTimeMs: 1754506234563
2025-08-06 18:50:34,563 INFO  [io.api.tes.ser.api.SimpleSerdesTesterBuilder$SimpleSerdesTester] (main) Using producer configuration: {apicurio.registry.url=http://registry-app-inmemory.apps.ci419.apicurio-testing.org:80/apis/registry/v3, apicurio.registry.auto-register=true, apicurio.registry.artifact-resolver-strategy=io.apicurio.registry.serde.strategy.TopicIdStrategy, value.serializer=io.apicurio.registry.serde.avro.AvroKafkaSerializer, request.timeout.ms=5000, acks=all, bootstrap.servers=PLAINTEXT://localhost:32769, connections.max.idle.ms=10000, key.serializer=org.apache.kafka.common.serialization.StringSerializer, apicurio.registry.avro-datum-provider=io.apicurio.registry.serde.avro.ReflectAvroDatumProvider, client.id=Producer-topic-2360d205_2a59_4592_bdbb_8ba856835b3b}
2025-08-06 18:50:34,563 INFO  [io.api.tes.ser.api.SimpleSerdesTesterBuilder$SimpleSerdesTester] (main) Using consumer configuration: {apicurio.registry.avro-datum-provider=io.apicurio.registry.serde.avro.ReflectAvroDatumProvider}
2025-08-06 18:50:34,565 INFO  [io.api.tes.ser.api.KafkaSerdesTester] (Thread-633) Sending message io.apicurio.tests.common.serdes.TestObject@3dbd29cb to topic topic-2360d205_2a59_4592_bdbb_8ba856835b3b
2025-08-06 18:50:34,572 WARN  [org.apa.kaf.cli.NetworkClient] (kafka-producer-network-thread | Producer-topic-2360d205_2a59_4592_bdbb_8ba856835b3b) [Producer clientId=Producer-topic-2360d205_2a59_4592_bdbb_8ba856835b3b] The metadata response from the cluster reported a recoverable issue with correlation id 1 : {topic-2360d205_2a59_4592_bdbb_8ba856835b3b=UNKNOWN_TOPIC_OR_PARTITION}
2025-08-06 18:50:34,572 INFO  [org.apa.kaf.cli.Metadata] (kafka-producer-network-thread | Producer-topic-2360d205_2a59_4592_bdbb_8ba856835b3b) [Producer clientId=Producer-topic-2360d205_2a59_4592_bdbb_8ba856835b3b] Cluster ID: EV4Uys23RNi7BwH7MVj6Ag
2025-08-06 18:50:34,573 INFO  [org.apa.kaf.cli.pro.int.TransactionManager] (kafka-producer-network-thread | Producer-topic-2360d205_2a59_4592_bdbb_8ba856835b3b) [Producer clientId=Producer-topic-2360d205_2a59_4592_bdbb_8ba856835b3b] ProducerId set to 6 with epoch 0
2025-08-06 18:50:34,729 INFO  [io.api.tes.ser.api.KafkaSerdesTester] (Thread-633) Sending message io.apicurio.tests.common.serdes.TestObject@3dbd29cb to topic topic-2360d205_2a59_4592_bdbb_8ba856835b3b
2025-08-06 18:50:34,731 INFO  [io.api.tes.ser.api.KafkaSerdesTester] (Thread-633) Sending message io.apicurio.tests.common.serdes.TestObject@3dbd29cb to topic topic-2360d205_2a59_4592_bdbb_8ba856835b3b
2025-08-06 18:50:34,734 INFO  [io.api.tes.ser.api.KafkaSerdesTester] (Thread-633) Sending message io.apicurio.tests.common.serdes.TestObject@3dbd29cb to topic topic-2360d205_2a59_4592_bdbb_8ba856835b3b
2025-08-06 18:50:34,736 INFO  [io.api.tes.ser.api.KafkaSerdesTester] (Thread-633) Sending message io.apicurio.tests.common.serdes.TestObject@3dbd29cb to topic topic-2360d205_2a59_4592_bdbb_8ba856835b3b
2025-08-06 18:50:34,739 INFO  [io.api.tes.ser.api.KafkaSerdesTester] (Thread-633) Sending message io.apicurio.tests.common.serdes.TestObject@3dbd29cb to topic topic-2360d205_2a59_4592_bdbb_8ba856835b3b
2025-08-06 18:50:34,743 INFO  [io.api.tes.ser.api.KafkaSerdesTester] (Thread-633) Sending message io.apicurio.tests.common.serdes.TestObject@3dbd29cb to topic topic-2360d205_2a59_4592_bdbb_8ba856835b3b
2025-08-06 18:50:34,747 INFO  [io.api.tes.ser.api.KafkaSerdesTester] (Thread-633) Sending message io.apicurio.tests.common.serdes.TestObject@3dbd29cb to topic topic-2360d205_2a59_4592_bdbb_8ba856835b3b
2025-08-06 18:50:34,750 INFO  [io.api.tes.ser.api.KafkaSerdesTester] (Thread-633) Sending message io.apicurio.tests.common.serdes.TestObject@3dbd29cb to topic topic-2360d205_2a59_4592_bdbb_8ba856835b3b
2025-08-06 18:50:34,756 INFO  [io.api.tes.ser.api.KafkaSerdesTester] (Thread-633) Sending message io.apicurio.tests.common.serdes.TestObject@3dbd29cb to topic topic-2360d205_2a59_4592_bdbb_8ba856835b3b
2025-08-06 18:50:34,758 INFO  [io.api.tes.ser.api.KafkaSerdesTester] (Thread-633) Produced 10 messages
2025-08-06 18:50:34,758 INFO  [org.apa.kaf.cli.pro.KafkaProducer] (Thread-633) [Producer clientId=Producer-topic-2360d205_2a59_4592_bdbb_8ba856835b3b] Closing the Kafka producer with timeoutMillis = 9223372036854775807 ms.
2025-08-06 18:50:34,763 INFO  [org.apa.kaf.com.met.Metrics] (Thread-633) Metrics scheduler closed
2025-08-06 18:50:34,763 INFO  [org.apa.kaf.com.met.Metrics] (Thread-633) Closing reporter org.apache.kafka.common.metrics.JmxReporter
2025-08-06 18:50:34,763 INFO  [org.apa.kaf.com.met.Metrics] (Thread-633) Closing reporter org.apache.kafka.common.telemetry.internals.ClientTelemetryReporter
2025-08-06 18:50:34,763 INFO  [org.apa.kaf.com.met.Metrics] (Thread-633) Metrics reporters closed
2025-08-06 18:50:34,763 INFO  [org.apa.kaf.com.uti.AppInfoParser] (Thread-633) App info kafka.producer for Producer-topic-2360d205_2a59_4592_bdbb_8ba856835b3b unregistered
**** Registry Base URL: http://registry-app-inmemory.apps.ci419.apicurio-testing.org:80
2025-08-06 18:50:34,798 INFO  [org.apa.kaf.cli.con.ConsumerConfig] (main) ConsumerConfig values: 
	allow.auto.create.topics = true
	auto.commit.interval.ms = 500
	auto.include.jmx.reporter = true
	auto.offset.reset = earliest
	bootstrap.servers = [PLAINTEXT://localhost:32769]
	check.crcs = true
	client.dns.lookup = use_all_dns_ips
	client.id = consumer-Consumer-topic-2360d205_2a59_4592_bdbb_8ba856835b3b-6
	client.rack = 
	connections.max.idle.ms = 10000
	default.api.timeout.ms = 60000
	enable.auto.commit = true
	enable.metrics.push = true
	exclude.internal.topics = true
	fetch.max.bytes = 52428800
	fetch.max.wait.ms = 500
	fetch.min.bytes = 1
	group.id = Consumer-topic-2360d205_2a59_4592_bdbb_8ba856835b3b
	group.instance.id = null
	group.protocol = classic
	group.remote.assignor = null
	heartbeat.interval.ms = 3000
	interceptor.classes = []
	internal.leave.group.on.close = true
	internal.throw.on.fetch.stable.offset.unsupported = false
	isolation.level = read_uncommitted
	key.deserializer = class org.apache.kafka.common.serialization.StringDeserializer
	max.partition.fetch.bytes = 1048576
	max.poll.interval.ms = 300000
	max.poll.records = 500
	metadata.max.age.ms = 300000
	metadata.recovery.strategy = none
	metric.reporters = []
	metrics.num.samples = 2
	metrics.recording.level = INFO
	metrics.sample.window.ms = 30000
	partition.assignment.strategy = [class org.apache.kafka.clients.consumer.RangeAssignor, class org.apache.kafka.clients.consumer.CooperativeStickyAssignor]
	receive.buffer.bytes = 65536
	reconnect.backoff.max.ms = 1000
	reconnect.backoff.ms = 50
	request.timeout.ms = 5000
	retry.backoff.max.ms = 1000
	retry.backoff.ms = 100
	sasl.client.callback.handler.class = null
	sasl.jaas.config = null
	sasl.kerberos.kinit.cmd = /usr/bin/kinit
	sasl.kerberos.min.time.before.relogin = 60000
	sasl.kerberos.service.name = null
	sasl.kerberos.ticket.renew.jitter = 0.05
	sasl.kerberos.ticket.renew.window.factor = 0.8
	sasl.login.callback.handler.class = null
	sasl.login.class = null
	sasl.login.connect.timeout.ms = null
	sasl.login.read.timeout.ms = null
	sasl.login.refresh.buffer.seconds = 300
	sasl.login.refresh.min.period.seconds = 60
	sasl.login.refresh.window.factor = 0.8
	sasl.login.refresh.window.jitter = 0.05
	sasl.login.retry.backoff.max.ms = 10000
	sasl.login.retry.backoff.ms = 100
	sasl.mechanism = GSSAPI
	sasl.oauthbearer.clock.skew.seconds = 30
	sasl.oauthbearer.expected.audience = null
	sasl.oauthbearer.expected.issuer = null
	sasl.oauthbearer.header.urlencode = false
	sasl.oauthbearer.jwks.endpoint.refresh.ms = 3600000
	sasl.oauthbearer.jwks.endpoint.retry.backoff.max.ms = 10000
	sasl.oauthbearer.jwks.endpoint.retry.backoff.ms = 100
	sasl.oauthbearer.jwks.endpoint.url = null
	sasl.oauthbearer.scope.claim.name = scope
	sasl.oauthbearer.sub.claim.name = sub
	sasl.oauthbearer.token.endpoint.url = null
	security.protocol = PLAINTEXT
	security.providers = null
	send.buffer.bytes = 131072
	session.timeout.ms = 45000
	socket.connection.setup.timeout.max.ms = 30000
	socket.connection.setup.timeout.ms = 10000
	ssl.cipher.suites = null
	ssl.enabled.protocols = [TLSv1.2, TLSv1.3]
	ssl.endpoint.identification.algorithm = https
	ssl.engine.factory.class = null
	ssl.key.password = null
	ssl.keymanager.algorithm = SunX509
	ssl.keystore.certificate.chain = null
	ssl.keystore.key = null
	ssl.keystore.location = null
	ssl.keystore.password = null
	ssl.keystore.type = JKS
	ssl.protocol = TLSv1.3
	ssl.provider = null
	ssl.secure.random.implementation = null
	ssl.trustmanager.algorithm = PKIX
	ssl.truststore.certificates = null
	ssl.truststore.location = null
	ssl.truststore.password = null
	ssl.truststore.type = JKS
	value.deserializer = class io.apicurio.registry.serde.avro.AvroKafkaDeserializer

2025-08-06 18:50:34,798 INFO  [org.apa.kaf.com.tel.int.KafkaMetricsCollector] (main) initializing Kafka metrics collector
2025-08-06 18:50:34,803 INFO  [org.apa.kaf.cli.con.ConsumerConfig] (main) These configurations '[apicurio.registry.url, apicurio.registry.avro-datum-provider]' were supplied but are not used yet.
2025-08-06 18:50:34,803 INFO  [org.apa.kaf.com.uti.AppInfoParser] (main) Kafka version: 3.9.1
2025-08-06 18:50:34,803 INFO  [org.apa.kaf.com.uti.AppInfoParser] (main) Kafka commitId: f745dfdcee2b9851
2025-08-06 18:50:34,803 INFO  [org.apa.kaf.com.uti.AppInfoParser] (main) Kafka startTimeMs: 1754506234803
2025-08-06 18:50:34,803 INFO  [org.apa.kaf.cli.con.int.ClassicKafkaConsumer] (Thread-636) [Consumer clientId=consumer-Consumer-topic-2360d205_2a59_4592_bdbb_8ba856835b3b-6, groupId=Consumer-topic-2360d205_2a59_4592_bdbb_8ba856835b3b] Subscribed to topic(s): topic-2360d205_2a59_4592_bdbb_8ba856835b3b
2025-08-06 18:50:34,808 INFO  [org.apa.kaf.cli.Metadata] (Thread-636) [Consumer clientId=consumer-Consumer-topic-2360d205_2a59_4592_bdbb_8ba856835b3b-6, groupId=Consumer-topic-2360d205_2a59_4592_bdbb_8ba856835b3b] Cluster ID: EV4Uys23RNi7BwH7MVj6Ag
2025-08-06 18:50:34,809 INFO  [org.apa.kaf.cli.con.int.ConsumerCoordinator] (Thread-636) [Consumer clientId=consumer-Consumer-topic-2360d205_2a59_4592_bdbb_8ba856835b3b-6, groupId=Consumer-topic-2360d205_2a59_4592_bdbb_8ba856835b3b] Discovered group coordinator localhost:32769 (id: 2147483647 rack: null)
2025-08-06 18:50:34,810 INFO  [org.apa.kaf.cli.con.int.ConsumerCoordinator] (Thread-636) [Consumer clientId=consumer-Consumer-topic-2360d205_2a59_4592_bdbb_8ba856835b3b-6, groupId=Consumer-topic-2360d205_2a59_4592_bdbb_8ba856835b3b] (Re-)joining group
2025-08-06 18:50:34,812 INFO  [org.apa.kaf.cli.con.int.ConsumerCoordinator] (Thread-636) [Consumer clientId=consumer-Consumer-topic-2360d205_2a59_4592_bdbb_8ba856835b3b-6, groupId=Consumer-topic-2360d205_2a59_4592_bdbb_8ba856835b3b] Request joining group due to: need to re-join with the given member-id: consumer-Consumer-topic-2360d205_2a59_4592_bdbb_8ba856835b3b-6-ba4b62f0-15c3-4748-be9d-c71c3dfe0661
2025-08-06 18:50:34,812 INFO  [org.apa.kaf.cli.con.int.ConsumerCoordinator] (Thread-636) [Consumer clientId=consumer-Consumer-topic-2360d205_2a59_4592_bdbb_8ba856835b3b-6, groupId=Consumer-topic-2360d205_2a59_4592_bdbb_8ba856835b3b] (Re-)joining group
2025-08-06 18:50:35,803 INFO  [io.api.tes.ser.api.KafkaSerdesTester] (Thread-636) None found
2025-08-06 18:50:36,803 INFO  [io.api.tes.ser.api.KafkaSerdesTester] (Thread-636) None found
2025-08-06 18:50:37,804 INFO  [io.api.tes.ser.api.KafkaSerdesTester] (Thread-636) None found
2025-08-06 18:50:37,814 INFO  [org.apa.kaf.cli.con.int.ConsumerCoordinator] (Thread-636) [Consumer clientId=consumer-Consumer-topic-2360d205_2a59_4592_bdbb_8ba856835b3b-6, groupId=Consumer-topic-2360d205_2a59_4592_bdbb_8ba856835b3b] Successfully joined group with generation Generation{generationId=1, memberId='consumer-Consumer-topic-2360d205_2a59_4592_bdbb_8ba856835b3b-6-ba4b62f0-15c3-4748-be9d-c71c3dfe0661', protocol='range'}
2025-08-06 18:50:37,814 INFO  [org.apa.kaf.cli.con.int.ConsumerCoordinator] (Thread-636) [Consumer clientId=consumer-Consumer-topic-2360d205_2a59_4592_bdbb_8ba856835b3b-6, groupId=Consumer-topic-2360d205_2a59_4592_bdbb_8ba856835b3b] Finished assignment for group at generation 1: {consumer-Consumer-topic-2360d205_2a59_4592_bdbb_8ba856835b3b-6-ba4b62f0-15c3-4748-be9d-c71c3dfe0661=Assignment(partitions=[topic-2360d205_2a59_4592_bdbb_8ba856835b3b-0])}
2025-08-06 18:50:37,821 INFO  [org.apa.kaf.cli.con.int.ConsumerCoordinator] (Thread-636) [Consumer clientId=consumer-Consumer-topic-2360d205_2a59_4592_bdbb_8ba856835b3b-6, groupId=Consumer-topic-2360d205_2a59_4592_bdbb_8ba856835b3b] Successfully synced group in generation Generation{generationId=1, memberId='consumer-Consumer-topic-2360d205_2a59_4592_bdbb_8ba856835b3b-6-ba4b62f0-15c3-4748-be9d-c71c3dfe0661', protocol='range'}
2025-08-06 18:50:37,821 INFO  [org.apa.kaf.cli.con.int.ConsumerCoordinator] (Thread-636) [Consumer clientId=consumer-Consumer-topic-2360d205_2a59_4592_bdbb_8ba856835b3b-6, groupId=Consumer-topic-2360d205_2a59_4592_bdbb_8ba856835b3b] Notifying assignor about the new Assignment(partitions=[topic-2360d205_2a59_4592_bdbb_8ba856835b3b-0])
2025-08-06 18:50:37,822 INFO  [org.apa.kaf.cli.con.int.ConsumerRebalanceListenerInvoker] (Thread-636) [Consumer clientId=consumer-Consumer-topic-2360d205_2a59_4592_bdbb_8ba856835b3b-6, groupId=Consumer-topic-2360d205_2a59_4592_bdbb_8ba856835b3b] Adding newly assigned partitions: topic-2360d205_2a59_4592_bdbb_8ba856835b3b-0
2025-08-06 18:50:37,823 INFO  [org.apa.kaf.cli.con.int.ConsumerCoordinator] (Thread-636) [Consumer clientId=consumer-Consumer-topic-2360d205_2a59_4592_bdbb_8ba856835b3b-6, groupId=Consumer-topic-2360d205_2a59_4592_bdbb_8ba856835b3b] Found no committed offset for partition topic-2360d205_2a59_4592_bdbb_8ba856835b3b-0
2025-08-06 18:50:37,826 INFO  [org.apa.kaf.cli.con.int.SubscriptionState] (Thread-636) [Consumer clientId=consumer-Consumer-topic-2360d205_2a59_4592_bdbb_8ba856835b3b-6, groupId=Consumer-topic-2360d205_2a59_4592_bdbb_8ba856835b3b] Resetting offset for partition topic-2360d205_2a59_4592_bdbb_8ba856835b3b-0 to position FetchPosition{offset=0, offsetEpoch=Optional.empty, currentLeader=LeaderAndEpoch{leader=Optional[localhost:32769 (id: 0 rack: null)], epoch=0}}.
2025-08-06 18:50:37,853 INFO  [io.api.tes.ser.api.KafkaSerdesTester] (Thread-636) topic-2360d205_2a59_4592_bdbb_8ba856835b3b 0 0 io.apicurio.tests.common.serdes.TestObject@3dbd29cb
2025-08-06 18:50:37,853 INFO  [io.api.tes.ser.api.KafkaSerdesTester] (Thread-636) topic-2360d205_2a59_4592_bdbb_8ba856835b3b 0 1 io.apicurio.tests.common.serdes.TestObject@3dbd29cb
2025-08-06 18:50:37,853 INFO  [io.api.tes.ser.api.KafkaSerdesTester] (Thread-636) topic-2360d205_2a59_4592_bdbb_8ba856835b3b 0 2 io.apicurio.tests.common.serdes.TestObject@3dbd29cb
2025-08-06 18:50:37,853 INFO  [io.api.tes.ser.api.KafkaSerdesTester] (Thread-636) topic-2360d205_2a59_4592_bdbb_8ba856835b3b 0 3 io.apicurio.tests.common.serdes.TestObject@3dbd29cb
2025-08-06 18:50:37,853 INFO  [io.api.tes.ser.api.KafkaSerdesTester] (Thread-636) topic-2360d205_2a59_4592_bdbb_8ba856835b3b 0 4 io.apicurio.tests.common.serdes.TestObject@3dbd29cb
2025-08-06 18:50:37,853 INFO  [io.api.tes.ser.api.KafkaSerdesTester] (Thread-636) topic-2360d205_2a59_4592_bdbb_8ba856835b3b 0 5 io.apicurio.tests.common.serdes.TestObject@3dbd29cb
2025-08-06 18:50:37,853 INFO  [io.api.tes.ser.api.KafkaSerdesTester] (Thread-636) topic-2360d205_2a59_4592_bdbb_8ba856835b3b 0 6 io.apicurio.tests.common.serdes.TestObject@3dbd29cb
2025-08-06 18:50:37,853 INFO  [io.api.tes.ser.api.KafkaSerdesTester] (Thread-636) topic-2360d205_2a59_4592_bdbb_8ba856835b3b 0 7 io.apicurio.tests.common.serdes.TestObject@3dbd29cb
2025-08-06 18:50:37,854 INFO  [io.api.tes.ser.api.KafkaSerdesTester] (Thread-636) topic-2360d205_2a59_4592_bdbb_8ba856835b3b 0 8 io.apicurio.tests.common.serdes.TestObject@3dbd29cb
2025-08-06 18:50:37,854 INFO  [io.api.tes.ser.api.KafkaSerdesTester] (Thread-636) topic-2360d205_2a59_4592_bdbb_8ba856835b3b 0 9 io.apicurio.tests.common.serdes.TestObject@3dbd29cb
2025-08-06 18:50:37,854 INFO  [io.api.tes.ser.api.KafkaSerdesTester] (Thread-636) Consumed 10 messages
2025-08-06 18:50:37,861 INFO  [org.apa.kaf.cli.con.int.ConsumerRebalanceListenerInvoker] (Thread-636) [Consumer clientId=consumer-Consumer-topic-2360d205_2a59_4592_bdbb_8ba856835b3b-6, groupId=Consumer-topic-2360d205_2a59_4592_bdbb_8ba856835b3b] Revoke previously assigned partitions topic-2360d205_2a59_4592_bdbb_8ba856835b3b-0
2025-08-06 18:50:37,861 INFO  [org.apa.kaf.cli.con.int.ConsumerCoordinator] (Thread-636) [Consumer clientId=consumer-Consumer-topic-2360d205_2a59_4592_bdbb_8ba856835b3b-6, groupId=Consumer-topic-2360d205_2a59_4592_bdbb_8ba856835b3b] Member consumer-Consumer-topic-2360d205_2a59_4592_bdbb_8ba856835b3b-6-ba4b62f0-15c3-4748-be9d-c71c3dfe0661 sending LeaveGroup request to coordinator localhost:32769 (id: 2147483647 rack: null) due to the consumer is being closed
2025-08-06 18:50:37,861 INFO  [org.apa.kaf.cli.con.int.ConsumerCoordinator] (Thread-636) [Consumer clientId=consumer-Consumer-topic-2360d205_2a59_4592_bdbb_8ba856835b3b-6, groupId=Consumer-topic-2360d205_2a59_4592_bdbb_8ba856835b3b] Resetting generation and member id due to: consumer pro-actively leaving the group
2025-08-06 18:50:37,861 INFO  [org.apa.kaf.cli.con.int.ConsumerCoordinator] (Thread-636) [Consumer clientId=consumer-Consumer-topic-2360d205_2a59_4592_bdbb_8ba856835b3b-6, groupId=Consumer-topic-2360d205_2a59_4592_bdbb_8ba856835b3b] Request joining group due to: consumer pro-actively leaving the group
2025-08-06 18:50:38,356 INFO  [org.apa.kaf.com.met.Metrics] (Thread-636) Metrics scheduler closed
2025-08-06 18:50:38,356 INFO  [org.apa.kaf.com.met.Metrics] (Thread-636) Closing reporter org.apache.kafka.common.metrics.JmxReporter
2025-08-06 18:50:38,356 INFO  [org.apa.kaf.com.met.Metrics] (Thread-636) Closing reporter org.apache.kafka.common.telemetry.internals.ClientTelemetryReporter
2025-08-06 18:50:38,356 INFO  [org.apa.kaf.com.met.Metrics] (Thread-636) Metrics reporters closed
2025-08-06 18:50:38,359 INFO  [org.apa.kaf.com.uti.AppInfoParser] (Thread-636) App info kafka.consumer for consumer-Consumer-topic-2360d205_2a59_4592_bdbb_8ba856835b3b-6 unregistered
2025-08-06 18:50:38,360 INFO  [io.api.tes.uti.TestSeparator] (main) io.apicurio.tests.serdes.apicurio.AvroSerdeIT.testReflectAutoRegister-FINISHED
2025-08-06 18:50:38,360 INFO  [io.api.tes.uti.TestSeparator] (main) ############################################################################
Test passed: testReflectAutoRegister
]]></system-out>
  </testcase>
  <testcase name="testArtifactNotFound" classname="io.apicurio.tests.serdes.apicurio.AvroSerdeIT" time="0.181">
    <system-out><![CDATA[2025-08-06 18:50:38,362 INFO  [io.api.tes.uti.TestSeparator] (main) ############################################################################
2025-08-06 18:50:38,362 INFO  [io.api.tes.uti.TestSeparator] (main) io.apicurio.tests.serdes.apicurio.AvroSerdeIT.testArtifactNotFound-STARTED
**** Registry Base URL: http://registry-app-inmemory.apps.ci419.apicurio-testing.org:80
2025-08-06 18:50:38,364 INFO  [org.apa.kaf.cli.pro.ProducerConfig] (main) ProducerConfig values: 
	acks = -1
	auto.include.jmx.reporter = true
	batch.size = 16384
	bootstrap.servers = [PLAINTEXT://localhost:32769]
	buffer.memory = 33554432
	client.dns.lookup = use_all_dns_ips
	client.id = Producer-s1b550fdcxaa2bx489bxa130xd20728b8c705
	compression.gzip.level = -1
	compression.lz4.level = 9
	compression.type = none
	compression.zstd.level = 3
	connections.max.idle.ms = 10000
	delivery.timeout.ms = 120000
	enable.idempotence = true
	enable.metrics.push = true
	interceptor.classes = []
	key.serializer = class org.apache.kafka.common.serialization.StringSerializer
	linger.ms = 0
	max.block.ms = 60000
	max.in.flight.requests.per.connection = 5
	max.request.size = 1048576
	metadata.max.age.ms = 300000
	metadata.max.idle.ms = 300000
	metadata.recovery.strategy = none
	metric.reporters = []
	metrics.num.samples = 2
	metrics.recording.level = INFO
	metrics.sample.window.ms = 30000
	partitioner.adaptive.partitioning.enable = true
	partitioner.availability.timeout.ms = 0
	partitioner.class = null
	partitioner.ignore.keys = false
	receive.buffer.bytes = 32768
	reconnect.backoff.max.ms = 1000
	reconnect.backoff.ms = 50
	request.timeout.ms = 5000
	retries = 2147483647
	retry.backoff.max.ms = 1000
	retry.backoff.ms = 100
	sasl.client.callback.handler.class = null
	sasl.jaas.config = null
	sasl.kerberos.kinit.cmd = /usr/bin/kinit
	sasl.kerberos.min.time.before.relogin = 60000
	sasl.kerberos.service.name = null
	sasl.kerberos.ticket.renew.jitter = 0.05
	sasl.kerberos.ticket.renew.window.factor = 0.8
	sasl.login.callback.handler.class = null
	sasl.login.class = null
	sasl.login.connect.timeout.ms = null
	sasl.login.read.timeout.ms = null
	sasl.login.refresh.buffer.seconds = 300
	sasl.login.refresh.min.period.seconds = 60
	sasl.login.refresh.window.factor = 0.8
	sasl.login.refresh.window.jitter = 0.05
	sasl.login.retry.backoff.max.ms = 10000
	sasl.login.retry.backoff.ms = 100
	sasl.mechanism = GSSAPI
	sasl.oauthbearer.clock.skew.seconds = 30
	sasl.oauthbearer.expected.audience = null
	sasl.oauthbearer.expected.issuer = null
	sasl.oauthbearer.header.urlencode = false
	sasl.oauthbearer.jwks.endpoint.refresh.ms = 3600000
	sasl.oauthbearer.jwks.endpoint.retry.backoff.max.ms = 10000
	sasl.oauthbearer.jwks.endpoint.retry.backoff.ms = 100
	sasl.oauthbearer.jwks.endpoint.url = null
	sasl.oauthbearer.scope.claim.name = scope
	sasl.oauthbearer.sub.claim.name = sub
	sasl.oauthbearer.token.endpoint.url = null
	security.protocol = PLAINTEXT
	security.providers = null
	send.buffer.bytes = 131072
	socket.connection.setup.timeout.max.ms = 30000
	socket.connection.setup.timeout.ms = 10000
	ssl.cipher.suites = null
	ssl.enabled.protocols = [TLSv1.2, TLSv1.3]
	ssl.endpoint.identification.algorithm = https
	ssl.engine.factory.class = null
	ssl.key.password = null
	ssl.keymanager.algorithm = SunX509
	ssl.keystore.certificate.chain = null
	ssl.keystore.key = null
	ssl.keystore.location = null
	ssl.keystore.password = null
	ssl.keystore.type = JKS
	ssl.protocol = TLSv1.3
	ssl.provider = null
	ssl.secure.random.implementation = null
	ssl.trustmanager.algorithm = PKIX
	ssl.truststore.certificates = null
	ssl.truststore.location = null
	ssl.truststore.password = null
	ssl.truststore.type = JKS
	transaction.timeout.ms = 60000
	transactional.id = null
	value.serializer = class io.apicurio.registry.serde.avro.AvroKafkaSerializer

2025-08-06 18:50:38,364 INFO  [org.apa.kaf.com.tel.int.KafkaMetricsCollector] (main) initializing Kafka metrics collector
2025-08-06 18:50:38,371 INFO  [org.apa.kaf.cli.pro.KafkaProducer] (main) [Producer clientId=Producer-s1b550fdcxaa2bx489bxa130xd20728b8c705] Instantiated an idempotent producer.
2025-08-06 18:50:38,373 INFO  [org.apa.kaf.cli.pro.ProducerConfig] (main) These configurations '[apicurio.registry.url, apicurio.registry.artifact-resolver-strategy]' were supplied but are not used yet.
2025-08-06 18:50:38,373 INFO  [org.apa.kaf.com.uti.AppInfoParser] (main) Kafka version: 3.9.1
2025-08-06 18:50:38,373 INFO  [org.apa.kaf.com.uti.AppInfoParser] (main) Kafka commitId: f745dfdcee2b9851
2025-08-06 18:50:38,373 INFO  [org.apa.kaf.com.uti.AppInfoParser] (main) Kafka startTimeMs: 1754506238373
2025-08-06 18:50:38,374 INFO  [io.api.tes.ser.api.KafkaSerdesTester] (Thread-639) Sending message {"keyB": "value-0"} to topic s1b550fdcxaa2bx489bxa130xd20728b8c705
2025-08-06 18:50:38,379 WARN  [org.apa.kaf.cli.NetworkClient] (kafka-producer-network-thread | Producer-s1b550fdcxaa2bx489bxa130xd20728b8c705) [Producer clientId=Producer-s1b550fdcxaa2bx489bxa130xd20728b8c705] The metadata response from the cluster reported a recoverable issue with correlation id 1 : {s1b550fdcxaa2bx489bxa130xd20728b8c705=UNKNOWN_TOPIC_OR_PARTITION}
2025-08-06 18:50:38,379 INFO  [org.apa.kaf.cli.Metadata] (kafka-producer-network-thread | Producer-s1b550fdcxaa2bx489bxa130xd20728b8c705) [Producer clientId=Producer-s1b550fdcxaa2bx489bxa130xd20728b8c705] Cluster ID: EV4Uys23RNi7BwH7MVj6Ag
2025-08-06 18:50:38,380 INFO  [org.apa.kaf.cli.pro.int.TransactionManager] (kafka-producer-network-thread | Producer-s1b550fdcxaa2bx489bxa130xd20728b8c705) [Producer clientId=Producer-s1b550fdcxaa2bx489bxa130xd20728b8c705] ProducerId set to 7 with epoch 0
2025-08-06 18:50:38,499 INFO  [DefaultSchemaResolver] (Thread-639) Retrieving schema content using string: {"type":"record","name":"myrecord","namespace":"mygroup","fields":[{"name":"keyB","type":"string"}]}
2025-08-06 18:50:38,537 INFO  [org.apa.kaf.cli.pro.KafkaProducer] (Thread-639) [Producer clientId=Producer-s1b550fdcxaa2bx489bxa130xd20728b8c705] Closing the Kafka producer with timeoutMillis = 9223372036854775807 ms.
2025-08-06 18:50:38,541 INFO  [org.apa.kaf.com.met.Metrics] (Thread-639) Metrics scheduler closed
2025-08-06 18:50:38,541 INFO  [org.apa.kaf.com.met.Metrics] (Thread-639) Closing reporter org.apache.kafka.common.metrics.JmxReporter
2025-08-06 18:50:38,541 INFO  [org.apa.kaf.com.met.Metrics] (Thread-639) Closing reporter org.apache.kafka.common.telemetry.internals.ClientTelemetryReporter
2025-08-06 18:50:38,541 INFO  [org.apa.kaf.com.met.Metrics] (Thread-639) Metrics reporters closed
2025-08-06 18:50:38,541 INFO  [org.apa.kaf.com.uti.AppInfoParser] (Thread-639) App info kafka.producer for Producer-s1b550fdcxaa2bx489bxa130xd20728b8c705 unregistered
2025-08-06 18:50:38,542 INFO  [io.api.tes.uti.TestSeparator] (main) io.apicurio.tests.serdes.apicurio.AvroSerdeIT.testArtifactNotFound-FINISHED
2025-08-06 18:50:38,542 INFO  [io.api.tes.uti.TestSeparator] (main) ############################################################################
Test passed: testArtifactNotFound
]]></system-out>
    <system-err><![CDATA[java.lang.RuntimeException: Could not resolve artifact reference by content: {"type":"record","name":"myrecord","namespace":"mygroup","fields":[{"name":"keyB","type":"string"}]}&ArtifactReference [groupId=default, artifactId=s1b550fdcxaa2bx489bxa130xd20728b8c705-value, version=null, globalId=null, contentId=null, contentHash=null]
	at io.apicurio.registry.resolver.DefaultSchemaResolver.lambda$handleResolveSchemaByContent$3(DefaultSchemaResolver.java:265)
	at io.apicurio.registry.resolver.cache.ERCache.lambda$getValue$0(ERCache.java:174)
	at io.apicurio.registry.resolver.cache.ERCache.retry(ERCache.java:227)
	at io.apicurio.registry.resolver.cache.ERCache.getValue(ERCache.java:173)
	at io.apicurio.registry.resolver.cache.ERCache.getByContent(ERCache.java:147)
	at io.apicurio.registry.resolver.DefaultSchemaResolver.handleResolveSchemaByContent(DefaultSchemaResolver.java:253)
	at io.apicurio.registry.resolver.DefaultSchemaResolver.getSchemaFromRegistry(DefaultSchemaResolver.java:138)
	at io.apicurio.registry.resolver.DefaultSchemaResolver.lambda$resolveSchema$0(DefaultSchemaResolver.java:84)
	at java.base/java.util.Optional.orElseGet(Optional.java:364)
	at io.apicurio.registry.resolver.DefaultSchemaResolver.resolveSchema(DefaultSchemaResolver.java:84)
	at io.apicurio.registry.serde.AbstractSerializer.serializeData(AbstractSerializer.java:62)
	at io.apicurio.registry.serde.KafkaSerializer.serialize(KafkaSerializer.java:77)
	at org.apache.kafka.clients.producer.KafkaProducer.doSend(KafkaProducer.java:1046)
	at org.apache.kafka.clients.producer.KafkaProducer.send(KafkaProducer.java:993)
	at org.apache.kafka.clients.producer.KafkaProducer.send(KafkaProducer.java:875)
	at io.apicurio.tests.serdes.apicurio.KafkaSerdesTester.lambda$produceMessages$3(KafkaSerdesTester.java:138)
	at java.base/java.util.concurrent.CompletableFuture$AsyncSupply.run(CompletableFuture.java:1768)
	at java.base/java.lang.Thread.run(Thread.java:840)
]]></system-err>
  </testcase>
  <testcase name="testAvroSerDesFailDifferentSchemaByRecordName" classname="io.apicurio.tests.serdes.apicurio.AvroSerdeIT" time="1.077">
    <system-out><![CDATA[2025-08-06 18:50:38,546 INFO  [io.api.tes.uti.TestSeparator] (main) ############################################################################
2025-08-06 18:50:38,546 INFO  [io.api.tes.uti.TestSeparator] (main) io.apicurio.tests.serdes.apicurio.AvroSerdeIT.testAvroSerDesFailDifferentSchemaByRecordName-STARTED
**** Registry Base URL: http://registry-app-inmemory.apps.ci419.apicurio-testing.org:80
2025-08-06 18:50:39,585 INFO  [org.apa.kaf.cli.pro.ProducerConfig] (main) ProducerConfig values: 
	acks = -1
	auto.include.jmx.reporter = true
	batch.size = 16384
	bootstrap.servers = [PLAINTEXT://localhost:32769]
	buffer.memory = 33554432
	client.dns.lookup = use_all_dns_ips
	client.id = Producer-topic-dc437437_e423_4726_a124_24e19a34b683
	compression.gzip.level = -1
	compression.lz4.level = 9
	compression.type = none
	compression.zstd.level = 3
	connections.max.idle.ms = 10000
	delivery.timeout.ms = 120000
	enable.idempotence = true
	enable.metrics.push = true
	interceptor.classes = []
	key.serializer = class org.apache.kafka.common.serialization.StringSerializer
	linger.ms = 0
	max.block.ms = 60000
	max.in.flight.requests.per.connection = 5
	max.request.size = 1048576
	metadata.max.age.ms = 300000
	metadata.max.idle.ms = 300000
	metadata.recovery.strategy = none
	metric.reporters = []
	metrics.num.samples = 2
	metrics.recording.level = INFO
	metrics.sample.window.ms = 30000
	partitioner.adaptive.partitioning.enable = true
	partitioner.availability.timeout.ms = 0
	partitioner.class = null
	partitioner.ignore.keys = false
	receive.buffer.bytes = 32768
	reconnect.backoff.max.ms = 1000
	reconnect.backoff.ms = 50
	request.timeout.ms = 5000
	retries = 2147483647
	retry.backoff.max.ms = 1000
	retry.backoff.ms = 100
	sasl.client.callback.handler.class = null
	sasl.jaas.config = null
	sasl.kerberos.kinit.cmd = /usr/bin/kinit
	sasl.kerberos.min.time.before.relogin = 60000
	sasl.kerberos.service.name = null
	sasl.kerberos.ticket.renew.jitter = 0.05
	sasl.kerberos.ticket.renew.window.factor = 0.8
	sasl.login.callback.handler.class = null
	sasl.login.class = null
	sasl.login.connect.timeout.ms = null
	sasl.login.read.timeout.ms = null
	sasl.login.refresh.buffer.seconds = 300
	sasl.login.refresh.min.period.seconds = 60
	sasl.login.refresh.window.factor = 0.8
	sasl.login.refresh.window.jitter = 0.05
	sasl.login.retry.backoff.max.ms = 10000
	sasl.login.retry.backoff.ms = 100
	sasl.mechanism = GSSAPI
	sasl.oauthbearer.clock.skew.seconds = 30
	sasl.oauthbearer.expected.audience = null
	sasl.oauthbearer.expected.issuer = null
	sasl.oauthbearer.header.urlencode = false
	sasl.oauthbearer.jwks.endpoint.refresh.ms = 3600000
	sasl.oauthbearer.jwks.endpoint.retry.backoff.max.ms = 10000
	sasl.oauthbearer.jwks.endpoint.retry.backoff.ms = 100
	sasl.oauthbearer.jwks.endpoint.url = null
	sasl.oauthbearer.scope.claim.name = scope
	sasl.oauthbearer.sub.claim.name = sub
	sasl.oauthbearer.token.endpoint.url = null
	security.protocol = PLAINTEXT
	security.providers = null
	send.buffer.bytes = 131072
	socket.connection.setup.timeout.max.ms = 30000
	socket.connection.setup.timeout.ms = 10000
	ssl.cipher.suites = null
	ssl.enabled.protocols = [TLSv1.2, TLSv1.3]
	ssl.endpoint.identification.algorithm = https
	ssl.engine.factory.class = null
	ssl.key.password = null
	ssl.keymanager.algorithm = SunX509
	ssl.keystore.certificate.chain = null
	ssl.keystore.key = null
	ssl.keystore.location = null
	ssl.keystore.password = null
	ssl.keystore.type = JKS
	ssl.protocol = TLSv1.3
	ssl.provider = null
	ssl.secure.random.implementation = null
	ssl.trustmanager.algorithm = PKIX
	ssl.truststore.certificates = null
	ssl.truststore.location = null
	ssl.truststore.password = null
	ssl.truststore.type = JKS
	transaction.timeout.ms = 60000
	transactional.id = null
	value.serializer = class io.apicurio.registry.serde.avro.AvroKafkaSerializer

2025-08-06 18:50:39,585 INFO  [org.apa.kaf.com.tel.int.KafkaMetricsCollector] (main) initializing Kafka metrics collector
2025-08-06 18:50:39,588 INFO  [org.apa.kaf.cli.pro.KafkaProducer] (main) [Producer clientId=Producer-topic-dc437437_e423_4726_a124_24e19a34b683] Instantiated an idempotent producer.
2025-08-06 18:50:39,591 INFO  [org.apa.kaf.cli.pro.ProducerConfig] (main) These configurations '[apicurio.registry.find-latest, apicurio.registry.url, apicurio.registry.artifact-resolver-strategy]' were supplied but are not used yet.
2025-08-06 18:50:39,591 INFO  [org.apa.kaf.com.uti.AppInfoParser] (main) Kafka version: 3.9.1
2025-08-06 18:50:39,591 INFO  [org.apa.kaf.com.uti.AppInfoParser] (main) Kafka commitId: f745dfdcee2b9851
2025-08-06 18:50:39,591 INFO  [org.apa.kaf.com.uti.AppInfoParser] (main) Kafka startTimeMs: 1754506239591
2025-08-06 18:50:39,592 INFO  [io.api.tes.ser.api.KafkaSerdesTester] (Thread-642) Sending message {"keyB": "value-0"} to topic topic-dc437437_e423_4726_a124_24e19a34b683
2025-08-06 18:50:39,596 INFO  [org.apa.kaf.cli.Metadata] (kafka-producer-network-thread | Producer-topic-dc437437_e423_4726_a124_24e19a34b683) [Producer clientId=Producer-topic-dc437437_e423_4726_a124_24e19a34b683] Cluster ID: EV4Uys23RNi7BwH7MVj6Ag
2025-08-06 18:50:39,599 INFO  [org.apa.kaf.cli.pro.int.TransactionManager] (kafka-producer-network-thread | Producer-topic-dc437437_e423_4726_a124_24e19a34b683) [Producer clientId=Producer-topic-dc437437_e423_4726_a124_24e19a34b683] ProducerId set to 8 with epoch 0
2025-08-06 18:50:39,616 INFO  [org.apa.kaf.cli.pro.KafkaProducer] (Thread-642) [Producer clientId=Producer-topic-dc437437_e423_4726_a124_24e19a34b683] Closing the Kafka producer with timeoutMillis = 9223372036854775807 ms.
2025-08-06 18:50:39,617 INFO  [org.apa.kaf.com.met.Metrics] (Thread-642) Metrics scheduler closed
2025-08-06 18:50:39,617 INFO  [org.apa.kaf.com.met.Metrics] (Thread-642) Closing reporter org.apache.kafka.common.metrics.JmxReporter
2025-08-06 18:50:39,617 INFO  [org.apa.kaf.com.met.Metrics] (Thread-642) Closing reporter org.apache.kafka.common.telemetry.internals.ClientTelemetryReporter
2025-08-06 18:50:39,617 INFO  [org.apa.kaf.com.met.Metrics] (Thread-642) Metrics reporters closed
2025-08-06 18:50:39,619 INFO  [org.apa.kaf.com.uti.AppInfoParser] (Thread-642) App info kafka.producer for Producer-topic-dc437437_e423_4726_a124_24e19a34b683 unregistered
2025-08-06 18:50:39,619 INFO  [io.api.tes.uti.TestSeparator] (main) io.apicurio.tests.serdes.apicurio.AvroSerdeIT.testAvroSerDesFailDifferentSchemaByRecordName-FINISHED
2025-08-06 18:50:39,619 INFO  [io.api.tes.uti.TestSeparator] (main) ############################################################################
Test passed: testAvroSerDesFailDifferentSchemaByRecordName
]]></system-out>
    <system-err><![CDATA[io.apicurio.registry.rest.client.models.ProblemDetails
	at io.apicurio.registry.rest.client.models.ProblemDetails.createFromDiscriminatorValue(ProblemDetails.java:58)
	at io.kiota.serialization.json.JsonParseNode.getObjectValue(JsonParseNode.java:247)
	at io.kiota.http.vertx.VertXRequestAdapter.lambda$throwIfFailedResponse$0(VertXRequestAdapter.java:400)
	at com.microsoft.kiota.ApiExceptionBuilder.<init>(ApiExceptionBuilder.java:26)
	at io.kiota.http.vertx.VertXRequestAdapter.throwIfFailedResponse(VertXRequestAdapter.java:399)
	at io.kiota.http.vertx.VertXRequestAdapter.send(VertXRequestAdapter.java:170)
	at io.apicurio.registry.rest.client.groups.item.artifacts.item.versions.item.WithVersionExpressionItemRequestBuilder.get(WithVersionExpressionItemRequestBuilder.java:128)
	at io.apicurio.registry.rest.client.groups.item.artifacts.item.versions.item.WithVersionExpressionItemRequestBuilder.get(WithVersionExpressionItemRequestBuilder.java:111)
	at io.apicurio.registry.resolver.client.RegistryClientFacadeImpl.getVersionCoordinatesByGAV(RegistryClientFacadeImpl.java:159)
	at io.apicurio.registry.resolver.DefaultSchemaResolver.resolveByCoordinates(DefaultSchemaResolver.java:352)
	at io.apicurio.registry.resolver.DefaultSchemaResolver.lambda$resolveSchemaByArtifactReferenceCached$6(DefaultSchemaResolver.java:340)
	at io.apicurio.registry.resolver.cache.ERCache.lambda$getValue$0(ERCache.java:174)
	at io.apicurio.registry.resolver.cache.ERCache.retry(ERCache.java:227)
	at io.apicurio.registry.resolver.cache.ERCache.getValue(ERCache.java:173)
	at io.apicurio.registry.resolver.cache.ERCache.getByArtifactCoordinates(ERCache.java:158)
	at io.apicurio.registry.resolver.DefaultSchemaResolver.resolveSchemaByArtifactReferenceCached(DefaultSchemaResolver.java:338)
	at io.apicurio.registry.resolver.DefaultSchemaResolver.resolveSchemaByCoordinates(DefaultSchemaResolver.java:193)
	at io.apicurio.registry.resolver.DefaultSchemaResolver.getSchemaFromRegistry(DefaultSchemaResolver.java:130)
	at io.apicurio.registry.resolver.DefaultSchemaResolver.lambda$resolveSchema$0(DefaultSchemaResolver.java:84)
	at java.base/java.util.Optional.orElseGet(Optional.java:364)
	at io.apicurio.registry.resolver.DefaultSchemaResolver.resolveSchema(DefaultSchemaResolver.java:84)
	at io.apicurio.registry.serde.AbstractSerializer.serializeData(AbstractSerializer.java:62)
	at io.apicurio.registry.serde.KafkaSerializer.serialize(KafkaSerializer.java:77)
	at org.apache.kafka.clients.producer.KafkaProducer.doSend(KafkaProducer.java:1046)
	at org.apache.kafka.clients.producer.KafkaProducer.send(KafkaProducer.java:993)
	at org.apache.kafka.clients.producer.KafkaProducer.send(KafkaProducer.java:875)
	at io.apicurio.tests.serdes.apicurio.KafkaSerdesTester.lambda$produceMessages$3(KafkaSerdesTester.java:138)
	at java.base/java.util.concurrent.CompletableFuture$AsyncSupply.run(CompletableFuture.java:1768)
	at java.base/java.lang.Thread.run(Thread.java:840)
]]></system-err>
  </testcase>
  <testcase name="testTopicIdStrategyFindLatest" classname="io.apicurio.tests.serdes.apicurio.AvroSerdeIT" time="4.683">
    <system-out><![CDATA[2025-08-06 18:50:39,622 INFO  [io.api.tes.uti.TestSeparator] (main) ############################################################################
2025-08-06 18:50:39,622 INFO  [io.api.tes.uti.TestSeparator] (main) io.apicurio.tests.serdes.apicurio.AvroSerdeIT.testTopicIdStrategyFindLatest-STARTED
2025-08-06 18:50:39,622 INFO  [io.api.tes.ser.api.AvroSerdeIT] (main) Registering Avro Schema: {"type":"record","name":"myrecordapicurio1","fields":[{"name":"key11754506239622","type":"string"}]}
**** Registry Base URL: http://registry-app-inmemory.apps.ci419.apicurio-testing.org:80
2025-08-06 18:50:40,650 INFO  [org.apa.kaf.cli.pro.ProducerConfig] (main) ProducerConfig values: 
	acks = -1
	auto.include.jmx.reporter = true
	batch.size = 16384
	bootstrap.servers = [PLAINTEXT://localhost:32769]
	buffer.memory = 33554432
	client.dns.lookup = use_all_dns_ips
	client.id = Producer-topic-c362e596_22aa_43d1_847f_90d508b1645d
	compression.gzip.level = -1
	compression.lz4.level = 9
	compression.type = none
	compression.zstd.level = 3
	connections.max.idle.ms = 10000
	delivery.timeout.ms = 120000
	enable.idempotence = true
	enable.metrics.push = true
	interceptor.classes = []
	key.serializer = class org.apache.kafka.common.serialization.StringSerializer
	linger.ms = 0
	max.block.ms = 60000
	max.in.flight.requests.per.connection = 5
	max.request.size = 1048576
	metadata.max.age.ms = 300000
	metadata.max.idle.ms = 300000
	metadata.recovery.strategy = none
	metric.reporters = []
	metrics.num.samples = 2
	metrics.recording.level = INFO
	metrics.sample.window.ms = 30000
	partitioner.adaptive.partitioning.enable = true
	partitioner.availability.timeout.ms = 0
	partitioner.class = null
	partitioner.ignore.keys = false
	receive.buffer.bytes = 32768
	reconnect.backoff.max.ms = 1000
	reconnect.backoff.ms = 50
	request.timeout.ms = 5000
	retries = 2147483647
	retry.backoff.max.ms = 1000
	retry.backoff.ms = 100
	sasl.client.callback.handler.class = null
	sasl.jaas.config = null
	sasl.kerberos.kinit.cmd = /usr/bin/kinit
	sasl.kerberos.min.time.before.relogin = 60000
	sasl.kerberos.service.name = null
	sasl.kerberos.ticket.renew.jitter = 0.05
	sasl.kerberos.ticket.renew.window.factor = 0.8
	sasl.login.callback.handler.class = null
	sasl.login.class = null
	sasl.login.connect.timeout.ms = null
	sasl.login.read.timeout.ms = null
	sasl.login.refresh.buffer.seconds = 300
	sasl.login.refresh.min.period.seconds = 60
	sasl.login.refresh.window.factor = 0.8
	sasl.login.refresh.window.jitter = 0.05
	sasl.login.retry.backoff.max.ms = 10000
	sasl.login.retry.backoff.ms = 100
	sasl.mechanism = GSSAPI
	sasl.oauthbearer.clock.skew.seconds = 30
	sasl.oauthbearer.expected.audience = null
	sasl.oauthbearer.expected.issuer = null
	sasl.oauthbearer.header.urlencode = false
	sasl.oauthbearer.jwks.endpoint.refresh.ms = 3600000
	sasl.oauthbearer.jwks.endpoint.retry.backoff.max.ms = 10000
	sasl.oauthbearer.jwks.endpoint.retry.backoff.ms = 100
	sasl.oauthbearer.jwks.endpoint.url = null
	sasl.oauthbearer.scope.claim.name = scope
	sasl.oauthbearer.sub.claim.name = sub
	sasl.oauthbearer.token.endpoint.url = null
	security.protocol = PLAINTEXT
	security.providers = null
	send.buffer.bytes = 131072
	socket.connection.setup.timeout.max.ms = 30000
	socket.connection.setup.timeout.ms = 10000
	ssl.cipher.suites = null
	ssl.enabled.protocols = [TLSv1.2, TLSv1.3]
	ssl.endpoint.identification.algorithm = https
	ssl.engine.factory.class = null
	ssl.key.password = null
	ssl.keymanager.algorithm = SunX509
	ssl.keystore.certificate.chain = null
	ssl.keystore.key = null
	ssl.keystore.location = null
	ssl.keystore.password = null
	ssl.keystore.type = JKS
	ssl.protocol = TLSv1.3
	ssl.provider = null
	ssl.secure.random.implementation = null
	ssl.trustmanager.algorithm = PKIX
	ssl.truststore.certificates = null
	ssl.truststore.location = null
	ssl.truststore.password = null
	ssl.truststore.type = JKS
	transaction.timeout.ms = 60000
	transactional.id = null
	value.serializer = class io.apicurio.registry.serde.avro.AvroKafkaSerializer

2025-08-06 18:50:40,651 INFO  [org.apa.kaf.com.tel.int.KafkaMetricsCollector] (main) initializing Kafka metrics collector
2025-08-06 18:50:40,653 INFO  [org.apa.kaf.cli.pro.KafkaProducer] (main) [Producer clientId=Producer-topic-c362e596_22aa_43d1_847f_90d508b1645d] Instantiated an idempotent producer.
2025-08-06 18:50:40,655 INFO  [org.apa.kaf.cli.pro.ProducerConfig] (main) These configurations '[apicurio.registry.find-latest, apicurio.registry.url, apicurio.registry.artifact-resolver-strategy]' were supplied but are not used yet.
2025-08-06 18:50:40,655 INFO  [org.apa.kaf.com.uti.AppInfoParser] (main) Kafka version: 3.9.1
2025-08-06 18:50:40,655 INFO  [org.apa.kaf.com.uti.AppInfoParser] (main) Kafka commitId: f745dfdcee2b9851
2025-08-06 18:50:40,655 INFO  [org.apa.kaf.com.uti.AppInfoParser] (main) Kafka startTimeMs: 1754506240655
2025-08-06 18:50:40,655 INFO  [io.api.tes.ser.api.SimpleSerdesTesterBuilder$SimpleSerdesTester] (main) Using producer configuration: {apicurio.registry.find-latest=true, apicurio.registry.url=http://registry-app-inmemory.apps.ci419.apicurio-testing.org:80/apis/registry/v3, apicurio.registry.artifact-resolver-strategy=io.apicurio.registry.serde.strategy.TopicIdStrategy, value.serializer=io.apicurio.registry.serde.avro.AvroKafkaSerializer, request.timeout.ms=5000, acks=all, bootstrap.servers=PLAINTEXT://localhost:32769, connections.max.idle.ms=10000, key.serializer=org.apache.kafka.common.serialization.StringSerializer, client.id=Producer-topic-c362e596_22aa_43d1_847f_90d508b1645d}
2025-08-06 18:50:40,655 INFO  [io.api.tes.ser.api.SimpleSerdesTesterBuilder$SimpleSerdesTester] (main) Using consumer configuration: {}
2025-08-06 18:50:40,656 INFO  [io.api.tes.ser.api.KafkaSerdesTester] (Thread-645) Sending message {"key11754506239622": "value-0"} to topic topic-c362e596_22aa_43d1_847f_90d508b1645d
2025-08-06 18:50:40,659 INFO  [org.apa.kaf.cli.Metadata] (kafka-producer-network-thread | Producer-topic-c362e596_22aa_43d1_847f_90d508b1645d) [Producer clientId=Producer-topic-c362e596_22aa_43d1_847f_90d508b1645d] Cluster ID: EV4Uys23RNi7BwH7MVj6Ag
2025-08-06 18:50:40,660 INFO  [org.apa.kaf.cli.pro.int.TransactionManager] (kafka-producer-network-thread | Producer-topic-c362e596_22aa_43d1_847f_90d508b1645d) [Producer clientId=Producer-topic-c362e596_22aa_43d1_847f_90d508b1645d] ProducerId set to 9 with epoch 0
2025-08-06 18:50:40,700 INFO  [io.api.tes.ser.api.KafkaSerdesTester] (Thread-645) Sending message {"key11754506239622": "value-1"} to topic topic-c362e596_22aa_43d1_847f_90d508b1645d
2025-08-06 18:50:40,703 INFO  [io.api.tes.ser.api.KafkaSerdesTester] (Thread-645) Sending message {"key11754506239622": "value-2"} to topic topic-c362e596_22aa_43d1_847f_90d508b1645d
2025-08-06 18:50:40,705 INFO  [io.api.tes.ser.api.KafkaSerdesTester] (Thread-645) Sending message {"key11754506239622": "value-3"} to topic topic-c362e596_22aa_43d1_847f_90d508b1645d
2025-08-06 18:50:40,708 INFO  [io.api.tes.ser.api.KafkaSerdesTester] (Thread-645) Sending message {"key11754506239622": "value-4"} to topic topic-c362e596_22aa_43d1_847f_90d508b1645d
2025-08-06 18:50:40,713 INFO  [io.api.tes.ser.api.KafkaSerdesTester] (Thread-645) Sending message {"key11754506239622": "value-5"} to topic topic-c362e596_22aa_43d1_847f_90d508b1645d
2025-08-06 18:50:40,716 INFO  [io.api.tes.ser.api.KafkaSerdesTester] (Thread-645) Sending message {"key11754506239622": "value-6"} to topic topic-c362e596_22aa_43d1_847f_90d508b1645d
2025-08-06 18:50:40,720 INFO  [io.api.tes.ser.api.KafkaSerdesTester] (Thread-645) Sending message {"key11754506239622": "value-7"} to topic topic-c362e596_22aa_43d1_847f_90d508b1645d
2025-08-06 18:50:40,722 INFO  [io.api.tes.ser.api.KafkaSerdesTester] (Thread-645) Sending message {"key11754506239622": "value-8"} to topic topic-c362e596_22aa_43d1_847f_90d508b1645d
2025-08-06 18:50:40,724 INFO  [io.api.tes.ser.api.KafkaSerdesTester] (Thread-645) Sending message {"key11754506239622": "value-9"} to topic topic-c362e596_22aa_43d1_847f_90d508b1645d
2025-08-06 18:50:40,725 INFO  [io.api.tes.ser.api.KafkaSerdesTester] (Thread-645) Produced 10 messages
2025-08-06 18:50:40,725 INFO  [org.apa.kaf.cli.pro.KafkaProducer] (Thread-645) [Producer clientId=Producer-topic-c362e596_22aa_43d1_847f_90d508b1645d] Closing the Kafka producer with timeoutMillis = 9223372036854775807 ms.
2025-08-06 18:50:40,729 INFO  [org.apa.kaf.com.met.Metrics] (Thread-645) Metrics scheduler closed
2025-08-06 18:50:40,729 INFO  [org.apa.kaf.com.met.Metrics] (Thread-645) Closing reporter org.apache.kafka.common.metrics.JmxReporter
2025-08-06 18:50:40,729 INFO  [org.apa.kaf.com.met.Metrics] (Thread-645) Closing reporter org.apache.kafka.common.telemetry.internals.ClientTelemetryReporter
2025-08-06 18:50:40,729 INFO  [org.apa.kaf.com.met.Metrics] (Thread-645) Metrics reporters closed
2025-08-06 18:50:40,729 INFO  [org.apa.kaf.com.uti.AppInfoParser] (Thread-645) App info kafka.producer for Producer-topic-c362e596_22aa_43d1_847f_90d508b1645d unregistered
**** Registry Base URL: http://registry-app-inmemory.apps.ci419.apicurio-testing.org:80
2025-08-06 18:50:40,730 INFO  [org.apa.kaf.cli.con.ConsumerConfig] (main) ConsumerConfig values: 
	allow.auto.create.topics = true
	auto.commit.interval.ms = 500
	auto.include.jmx.reporter = true
	auto.offset.reset = earliest
	bootstrap.servers = [PLAINTEXT://localhost:32769]
	check.crcs = true
	client.dns.lookup = use_all_dns_ips
	client.id = consumer-Consumer-topic-c362e596_22aa_43d1_847f_90d508b1645d-7
	client.rack = 
	connections.max.idle.ms = 10000
	default.api.timeout.ms = 60000
	enable.auto.commit = true
	enable.metrics.push = true
	exclude.internal.topics = true
	fetch.max.bytes = 52428800
	fetch.max.wait.ms = 500
	fetch.min.bytes = 1
	group.id = Consumer-topic-c362e596_22aa_43d1_847f_90d508b1645d
	group.instance.id = null
	group.protocol = classic
	group.remote.assignor = null
	heartbeat.interval.ms = 3000
	interceptor.classes = []
	internal.leave.group.on.close = true
	internal.throw.on.fetch.stable.offset.unsupported = false
	isolation.level = read_uncommitted
	key.deserializer = class org.apache.kafka.common.serialization.StringDeserializer
	max.partition.fetch.bytes = 1048576
	max.poll.interval.ms = 300000
	max.poll.records = 500
	metadata.max.age.ms = 300000
	metadata.recovery.strategy = none
	metric.reporters = []
	metrics.num.samples = 2
	metrics.recording.level = INFO
	metrics.sample.window.ms = 30000
	partition.assignment.strategy = [class org.apache.kafka.clients.consumer.RangeAssignor, class org.apache.kafka.clients.consumer.CooperativeStickyAssignor]
	receive.buffer.bytes = 65536
	reconnect.backoff.max.ms = 1000
	reconnect.backoff.ms = 50
	request.timeout.ms = 5000
	retry.backoff.max.ms = 1000
	retry.backoff.ms = 100
	sasl.client.callback.handler.class = null
	sasl.jaas.config = null
	sasl.kerberos.kinit.cmd = /usr/bin/kinit
	sasl.kerberos.min.time.before.relogin = 60000
	sasl.kerberos.service.name = null
	sasl.kerberos.ticket.renew.jitter = 0.05
	sasl.kerberos.ticket.renew.window.factor = 0.8
	sasl.login.callback.handler.class = null
	sasl.login.class = null
	sasl.login.connect.timeout.ms = null
	sasl.login.read.timeout.ms = null
	sasl.login.refresh.buffer.seconds = 300
	sasl.login.refresh.min.period.seconds = 60
	sasl.login.refresh.window.factor = 0.8
	sasl.login.refresh.window.jitter = 0.05
	sasl.login.retry.backoff.max.ms = 10000
	sasl.login.retry.backoff.ms = 100
	sasl.mechanism = GSSAPI
	sasl.oauthbearer.clock.skew.seconds = 30
	sasl.oauthbearer.expected.audience = null
	sasl.oauthbearer.expected.issuer = null
	sasl.oauthbearer.header.urlencode = false
	sasl.oauthbearer.jwks.endpoint.refresh.ms = 3600000
	sasl.oauthbearer.jwks.endpoint.retry.backoff.max.ms = 10000
	sasl.oauthbearer.jwks.endpoint.retry.backoff.ms = 100
	sasl.oauthbearer.jwks.endpoint.url = null
	sasl.oauthbearer.scope.claim.name = scope
	sasl.oauthbearer.sub.claim.name = sub
	sasl.oauthbearer.token.endpoint.url = null
	security.protocol = PLAINTEXT
	security.providers = null
	send.buffer.bytes = 131072
	session.timeout.ms = 45000
	socket.connection.setup.timeout.max.ms = 30000
	socket.connection.setup.timeout.ms = 10000
	ssl.cipher.suites = null
	ssl.enabled.protocols = [TLSv1.2, TLSv1.3]
	ssl.endpoint.identification.algorithm = https
	ssl.engine.factory.class = null
	ssl.key.password = null
	ssl.keymanager.algorithm = SunX509
	ssl.keystore.certificate.chain = null
	ssl.keystore.key = null
	ssl.keystore.location = null
	ssl.keystore.password = null
	ssl.keystore.type = JKS
	ssl.protocol = TLSv1.3
	ssl.provider = null
	ssl.secure.random.implementation = null
	ssl.trustmanager.algorithm = PKIX
	ssl.truststore.certificates = null
	ssl.truststore.location = null
	ssl.truststore.password = null
	ssl.truststore.type = JKS
	value.deserializer = class io.apicurio.registry.serde.avro.AvroKafkaDeserializer

2025-08-06 18:50:40,731 INFO  [org.apa.kaf.com.tel.int.KafkaMetricsCollector] (main) initializing Kafka metrics collector
2025-08-06 18:50:40,742 INFO  [org.apa.kaf.cli.con.ConsumerConfig] (main) These configurations '[apicurio.registry.url]' were supplied but are not used yet.
2025-08-06 18:50:40,742 INFO  [org.apa.kaf.com.uti.AppInfoParser] (main) Kafka version: 3.9.1
2025-08-06 18:50:40,742 INFO  [org.apa.kaf.com.uti.AppInfoParser] (main) Kafka commitId: f745dfdcee2b9851
2025-08-06 18:50:40,742 INFO  [org.apa.kaf.com.uti.AppInfoParser] (main) Kafka startTimeMs: 1754506240742
2025-08-06 18:50:40,742 INFO  [org.apa.kaf.cli.con.int.ClassicKafkaConsumer] (Thread-648) [Consumer clientId=consumer-Consumer-topic-c362e596_22aa_43d1_847f_90d508b1645d-7, groupId=Consumer-topic-c362e596_22aa_43d1_847f_90d508b1645d] Subscribed to topic(s): topic-c362e596_22aa_43d1_847f_90d508b1645d
2025-08-06 18:50:40,750 INFO  [org.apa.kaf.cli.Metadata] (Thread-648) [Consumer clientId=consumer-Consumer-topic-c362e596_22aa_43d1_847f_90d508b1645d-7, groupId=Consumer-topic-c362e596_22aa_43d1_847f_90d508b1645d] Cluster ID: EV4Uys23RNi7BwH7MVj6Ag
2025-08-06 18:50:40,750 INFO  [org.apa.kaf.cli.con.int.ConsumerCoordinator] (Thread-648) [Consumer clientId=consumer-Consumer-topic-c362e596_22aa_43d1_847f_90d508b1645d-7, groupId=Consumer-topic-c362e596_22aa_43d1_847f_90d508b1645d] Discovered group coordinator localhost:32769 (id: 2147483647 rack: null)
2025-08-06 18:50:40,752 INFO  [org.apa.kaf.cli.con.int.ConsumerCoordinator] (Thread-648) [Consumer clientId=consumer-Consumer-topic-c362e596_22aa_43d1_847f_90d508b1645d-7, groupId=Consumer-topic-c362e596_22aa_43d1_847f_90d508b1645d] (Re-)joining group
2025-08-06 18:50:40,757 INFO  [org.apa.kaf.cli.con.int.ConsumerCoordinator] (Thread-648) [Consumer clientId=consumer-Consumer-topic-c362e596_22aa_43d1_847f_90d508b1645d-7, groupId=Consumer-topic-c362e596_22aa_43d1_847f_90d508b1645d] Request joining group due to: need to re-join with the given member-id: consumer-Consumer-topic-c362e596_22aa_43d1_847f_90d508b1645d-7-889fe2b1-79ee-4f43-a3e1-0cee1d566409
2025-08-06 18:50:40,757 INFO  [org.apa.kaf.cli.con.int.ConsumerCoordinator] (Thread-648) [Consumer clientId=consumer-Consumer-topic-c362e596_22aa_43d1_847f_90d508b1645d-7, groupId=Consumer-topic-c362e596_22aa_43d1_847f_90d508b1645d] (Re-)joining group
2025-08-06 18:50:41,743 INFO  [io.api.tes.ser.api.KafkaSerdesTester] (Thread-648) None found
2025-08-06 18:50:42,743 INFO  [io.api.tes.ser.api.KafkaSerdesTester] (Thread-648) None found
2025-08-06 18:50:43,743 INFO  [io.api.tes.ser.api.KafkaSerdesTester] (Thread-648) None found
2025-08-06 18:50:43,761 INFO  [org.apa.kaf.cli.con.int.ConsumerCoordinator] (Thread-648) [Consumer clientId=consumer-Consumer-topic-c362e596_22aa_43d1_847f_90d508b1645d-7, groupId=Consumer-topic-c362e596_22aa_43d1_847f_90d508b1645d] Successfully joined group with generation Generation{generationId=1, memberId='consumer-Consumer-topic-c362e596_22aa_43d1_847f_90d508b1645d-7-889fe2b1-79ee-4f43-a3e1-0cee1d566409', protocol='range'}
2025-08-06 18:50:43,761 INFO  [org.apa.kaf.cli.con.int.ConsumerCoordinator] (Thread-648) [Consumer clientId=consumer-Consumer-topic-c362e596_22aa_43d1_847f_90d508b1645d-7, groupId=Consumer-topic-c362e596_22aa_43d1_847f_90d508b1645d] Finished assignment for group at generation 1: {consumer-Consumer-topic-c362e596_22aa_43d1_847f_90d508b1645d-7-889fe2b1-79ee-4f43-a3e1-0cee1d566409=Assignment(partitions=[topic-c362e596_22aa_43d1_847f_90d508b1645d-0])}
2025-08-06 18:50:43,768 INFO  [org.apa.kaf.cli.con.int.ConsumerCoordinator] (Thread-648) [Consumer clientId=consumer-Consumer-topic-c362e596_22aa_43d1_847f_90d508b1645d-7, groupId=Consumer-topic-c362e596_22aa_43d1_847f_90d508b1645d] Successfully synced group in generation Generation{generationId=1, memberId='consumer-Consumer-topic-c362e596_22aa_43d1_847f_90d508b1645d-7-889fe2b1-79ee-4f43-a3e1-0cee1d566409', protocol='range'}
2025-08-06 18:50:43,769 INFO  [org.apa.kaf.cli.con.int.ConsumerCoordinator] (Thread-648) [Consumer clientId=consumer-Consumer-topic-c362e596_22aa_43d1_847f_90d508b1645d-7, groupId=Consumer-topic-c362e596_22aa_43d1_847f_90d508b1645d] Notifying assignor about the new Assignment(partitions=[topic-c362e596_22aa_43d1_847f_90d508b1645d-0])
2025-08-06 18:50:43,769 INFO  [org.apa.kaf.cli.con.int.ConsumerRebalanceListenerInvoker] (Thread-648) [Consumer clientId=consumer-Consumer-topic-c362e596_22aa_43d1_847f_90d508b1645d-7, groupId=Consumer-topic-c362e596_22aa_43d1_847f_90d508b1645d] Adding newly assigned partitions: topic-c362e596_22aa_43d1_847f_90d508b1645d-0
2025-08-06 18:50:43,770 INFO  [org.apa.kaf.cli.con.int.ConsumerCoordinator] (Thread-648) [Consumer clientId=consumer-Consumer-topic-c362e596_22aa_43d1_847f_90d508b1645d-7, groupId=Consumer-topic-c362e596_22aa_43d1_847f_90d508b1645d] Found no committed offset for partition topic-c362e596_22aa_43d1_847f_90d508b1645d-0
2025-08-06 18:50:43,772 INFO  [org.apa.kaf.cli.con.int.SubscriptionState] (Thread-648) [Consumer clientId=consumer-Consumer-topic-c362e596_22aa_43d1_847f_90d508b1645d-7, groupId=Consumer-topic-c362e596_22aa_43d1_847f_90d508b1645d] Resetting offset for partition topic-c362e596_22aa_43d1_847f_90d508b1645d-0 to position FetchPosition{offset=0, offsetEpoch=Optional.empty, currentLeader=LeaderAndEpoch{leader=Optional[localhost:32769 (id: 0 rack: null)], epoch=0}}.
2025-08-06 18:50:43,796 INFO  [io.api.tes.ser.api.KafkaSerdesTester] (Thread-648) topic-c362e596_22aa_43d1_847f_90d508b1645d 0 0 {"key11754506239622": "value-0"}
2025-08-06 18:50:43,796 INFO  [io.api.tes.ser.api.KafkaSerdesTester] (Thread-648) topic-c362e596_22aa_43d1_847f_90d508b1645d 0 1 {"key11754506239622": "value-1"}
2025-08-06 18:50:43,797 INFO  [io.api.tes.ser.api.KafkaSerdesTester] (Thread-648) topic-c362e596_22aa_43d1_847f_90d508b1645d 0 2 {"key11754506239622": "value-2"}
2025-08-06 18:50:43,797 INFO  [io.api.tes.ser.api.KafkaSerdesTester] (Thread-648) topic-c362e596_22aa_43d1_847f_90d508b1645d 0 3 {"key11754506239622": "value-3"}
2025-08-06 18:50:43,797 INFO  [io.api.tes.ser.api.KafkaSerdesTester] (Thread-648) topic-c362e596_22aa_43d1_847f_90d508b1645d 0 4 {"key11754506239622": "value-4"}
2025-08-06 18:50:43,797 INFO  [io.api.tes.ser.api.KafkaSerdesTester] (Thread-648) topic-c362e596_22aa_43d1_847f_90d508b1645d 0 5 {"key11754506239622": "value-5"}
2025-08-06 18:50:43,797 INFO  [io.api.tes.ser.api.KafkaSerdesTester] (Thread-648) topic-c362e596_22aa_43d1_847f_90d508b1645d 0 6 {"key11754506239622": "value-6"}
2025-08-06 18:50:43,797 INFO  [io.api.tes.ser.api.KafkaSerdesTester] (Thread-648) topic-c362e596_22aa_43d1_847f_90d508b1645d 0 7 {"key11754506239622": "value-7"}
2025-08-06 18:50:43,797 INFO  [io.api.tes.ser.api.KafkaSerdesTester] (Thread-648) topic-c362e596_22aa_43d1_847f_90d508b1645d 0 8 {"key11754506239622": "value-8"}
2025-08-06 18:50:43,797 INFO  [io.api.tes.ser.api.KafkaSerdesTester] (Thread-648) topic-c362e596_22aa_43d1_847f_90d508b1645d 0 9 {"key11754506239622": "value-9"}
2025-08-06 18:50:43,797 INFO  [io.api.tes.ser.api.KafkaSerdesTester] (Thread-648) Consumed 10 messages
2025-08-06 18:50:43,805 INFO  [org.apa.kaf.cli.con.int.ConsumerRebalanceListenerInvoker] (Thread-648) [Consumer clientId=consumer-Consumer-topic-c362e596_22aa_43d1_847f_90d508b1645d-7, groupId=Consumer-topic-c362e596_22aa_43d1_847f_90d508b1645d] Revoke previously assigned partitions topic-c362e596_22aa_43d1_847f_90d508b1645d-0
2025-08-06 18:50:43,805 INFO  [org.apa.kaf.cli.con.int.ConsumerCoordinator] (Thread-648) [Consumer clientId=consumer-Consumer-topic-c362e596_22aa_43d1_847f_90d508b1645d-7, groupId=Consumer-topic-c362e596_22aa_43d1_847f_90d508b1645d] Member consumer-Consumer-topic-c362e596_22aa_43d1_847f_90d508b1645d-7-889fe2b1-79ee-4f43-a3e1-0cee1d566409 sending LeaveGroup request to coordinator localhost:32769 (id: 2147483647 rack: null) due to the consumer is being closed
2025-08-06 18:50:43,805 INFO  [org.apa.kaf.cli.con.int.ConsumerCoordinator] (Thread-648) [Consumer clientId=consumer-Consumer-topic-c362e596_22aa_43d1_847f_90d508b1645d-7, groupId=Consumer-topic-c362e596_22aa_43d1_847f_90d508b1645d] Resetting generation and member id due to: consumer pro-actively leaving the group
2025-08-06 18:50:43,807 INFO  [org.apa.kaf.cli.con.int.ConsumerCoordinator] (Thread-648) [Consumer clientId=consumer-Consumer-topic-c362e596_22aa_43d1_847f_90d508b1645d-7, groupId=Consumer-topic-c362e596_22aa_43d1_847f_90d508b1645d] Request joining group due to: consumer pro-actively leaving the group
2025-08-06 18:50:44,300 INFO  [org.apa.kaf.com.met.Metrics] (Thread-648) Metrics scheduler closed
2025-08-06 18:50:44,300 INFO  [org.apa.kaf.com.met.Metrics] (Thread-648) Closing reporter org.apache.kafka.common.metrics.JmxReporter
2025-08-06 18:50:44,300 INFO  [org.apa.kaf.com.met.Metrics] (Thread-648) Closing reporter org.apache.kafka.common.telemetry.internals.ClientTelemetryReporter
2025-08-06 18:50:44,300 INFO  [org.apa.kaf.com.met.Metrics] (Thread-648) Metrics reporters closed
2025-08-06 18:50:44,302 INFO  [org.apa.kaf.com.uti.AppInfoParser] (Thread-648) App info kafka.consumer for consumer-Consumer-topic-c362e596_22aa_43d1_847f_90d508b1645d-7 unregistered
2025-08-06 18:50:44,303 INFO  [io.api.tes.uti.TestSeparator] (main) io.apicurio.tests.serdes.apicurio.AvroSerdeIT.testTopicIdStrategyFindLatest-FINISHED
2025-08-06 18:50:44,303 INFO  [io.api.tes.uti.TestSeparator] (main) ############################################################################
Test passed: testTopicIdStrategyFindLatest
]]></system-out>
  </testcase>
  <testcase name="testAvroUnionWithSpecificReader" classname="io.apicurio.tests.serdes.apicurio.AvroSerdeIT" time="0.175">
    <error message="java.lang.RuntimeException: io.apicurio.registry.rest.client.models.RuleViolationProblemDetails" type="java.util.concurrent.ExecutionException"><![CDATA[java.util.concurrent.ExecutionException: java.lang.RuntimeException: io.apicurio.registry.rest.client.models.RuleViolationProblemDetails
	at java.base/java.util.concurrent.CompletableFuture.reportGet(CompletableFuture.java:396)
	at java.base/java.util.concurrent.CompletableFuture.get(CompletableFuture.java:2096)
	at io.apicurio.tests.serdes.apicurio.KafkaSerdesTester.produceMessages(KafkaSerdesTester.java:160)
	at io.apicurio.tests.serdes.apicurio.KafkaSerdesTester.produceMessages(KafkaSerdesTester.java:123)
	at io.apicurio.tests.serdes.apicurio.SimpleSerdesTesterBuilder$SimpleSerdesTester.test(SimpleSerdesTesterBuilder.java:139)
	at io.apicurio.tests.serdes.apicurio.AvroSerdeIT.testAvroUnionWithSpecificReader(AvroSerdeIT.java:838)
	at java.base/java.lang.reflect.Method.invoke(Method.java:569)
	at java.base/java.util.ArrayList.forEach(ArrayList.java:1511)
	at java.base/java.util.ArrayList.forEach(ArrayList.java:1511)
Caused by: java.lang.RuntimeException: io.apicurio.registry.rest.client.models.RuleViolationProblemDetails
	at io.apicurio.registry.resolver.cache.ERCache.retry(ERCache.java:242)
	at io.apicurio.registry.resolver.cache.ERCache.getValue(ERCache.java:173)
	at io.apicurio.registry.resolver.cache.ERCache.getByContent(ERCache.java:147)
	at io.apicurio.registry.resolver.DefaultSchemaResolver.handleAutoCreateArtifact(DefaultSchemaResolver.java:295)
	at io.apicurio.registry.resolver.DefaultSchemaResolver.getSchemaFromRegistry(DefaultSchemaResolver.java:120)
	at io.apicurio.registry.resolver.DefaultSchemaResolver.lambda$resolveSchema$0(DefaultSchemaResolver.java:84)
	at java.base/java.util.Optional.orElseGet(Optional.java:364)
	at io.apicurio.registry.resolver.DefaultSchemaResolver.resolveSchema(DefaultSchemaResolver.java:84)
	at io.apicurio.registry.serde.AbstractSerializer.serializeData(AbstractSerializer.java:62)
	at io.apicurio.registry.serde.KafkaSerializer.serialize(KafkaSerializer.java:77)
	at org.apache.kafka.clients.producer.KafkaProducer.doSend(KafkaProducer.java:1046)
	at org.apache.kafka.clients.producer.KafkaProducer.send(KafkaProducer.java:993)
	at org.apache.kafka.clients.producer.KafkaProducer.send(KafkaProducer.java:875)
	at io.apicurio.tests.serdes.apicurio.KafkaSerdesTester.lambda$produceMessages$3(KafkaSerdesTester.java:138)
	at java.base/java.util.concurrent.CompletableFuture$AsyncSupply.run(CompletableFuture.java:1768)
	at java.base/java.lang.Thread.run(Thread.java:840)
Caused by: io.apicurio.registry.rest.client.models.RuleViolationProblemDetails
	at io.apicurio.registry.rest.client.models.RuleViolationProblemDetails.createFromDiscriminatorValue(RuleViolationProblemDetails.java:62)
	at io.kiota.serialization.json.JsonParseNode.getObjectValue(JsonParseNode.java:247)
	at io.kiota.http.vertx.VertXRequestAdapter.lambda$throwIfFailedResponse$0(VertXRequestAdapter.java:400)
	at com.microsoft.kiota.ApiExceptionBuilder.<init>(ApiExceptionBuilder.java:26)
	at io.kiota.http.vertx.VertXRequestAdapter.throwIfFailedResponse(VertXRequestAdapter.java:399)
	at io.kiota.http.vertx.VertXRequestAdapter.send(VertXRequestAdapter.java:170)
	at io.apicurio.registry.rest.client.groups.item.artifacts.ArtifactsRequestBuilder.post(ArtifactsRequestBuilder.java:130)
	at io.apicurio.registry.resolver.client.RegistryClientFacadeImpl.createSchema(RegistryClientFacadeImpl.java:144)
	at io.apicurio.registry.resolver.DefaultSchemaResolver.lambda$handleAutoCreateArtifact$4(DefaultSchemaResolver.java:307)
	at io.apicurio.registry.resolver.cache.ERCache.lambda$getValue$0(ERCache.java:174)
	at io.apicurio.registry.resolver.cache.ERCache.retry(ERCache.java:227)
	... 15 more
]]></error>
    <system-out><![CDATA[2025-08-06 18:50:44,307 INFO  [io.api.tes.uti.TestSeparator] (main) ############################################################################
2025-08-06 18:50:44,307 INFO  [io.api.tes.uti.TestSeparator] (main) io.apicurio.tests.serdes.apicurio.AvroSerdeIT.testAvroUnionWithSpecificReader-STARTED
**** Registry Base URL: http://registry-app-inmemory.apps.ci419.apicurio-testing.org:80
2025-08-06 18:50:44,311 INFO  [org.apa.kaf.cli.pro.ProducerConfig] (main) ProducerConfig values: 
	acks = -1
	auto.include.jmx.reporter = true
	batch.size = 16384
	bootstrap.servers = [PLAINTEXT://localhost:32769]
	buffer.memory = 33554432
	client.dns.lookup = use_all_dns_ips
	client.id = Producer-topic-caf938e8_73dc_4317_af10_e5f8a28ca99d
	compression.gzip.level = -1
	compression.lz4.level = 9
	compression.type = none
	compression.zstd.level = 3
	connections.max.idle.ms = 10000
	delivery.timeout.ms = 120000
	enable.idempotence = true
	enable.metrics.push = true
	interceptor.classes = []
	key.serializer = class org.apache.kafka.common.serialization.StringSerializer
	linger.ms = 0
	max.block.ms = 60000
	max.in.flight.requests.per.connection = 5
	max.request.size = 1048576
	metadata.max.age.ms = 300000
	metadata.max.idle.ms = 300000
	metadata.recovery.strategy = none
	metric.reporters = []
	metrics.num.samples = 2
	metrics.recording.level = INFO
	metrics.sample.window.ms = 30000
	partitioner.adaptive.partitioning.enable = true
	partitioner.availability.timeout.ms = 0
	partitioner.class = null
	partitioner.ignore.keys = false
	receive.buffer.bytes = 32768
	reconnect.backoff.max.ms = 1000
	reconnect.backoff.ms = 50
	request.timeout.ms = 5000
	retries = 2147483647
	retry.backoff.max.ms = 1000
	retry.backoff.ms = 100
	sasl.client.callback.handler.class = null
	sasl.jaas.config = null
	sasl.kerberos.kinit.cmd = /usr/bin/kinit
	sasl.kerberos.min.time.before.relogin = 60000
	sasl.kerberos.service.name = null
	sasl.kerberos.ticket.renew.jitter = 0.05
	sasl.kerberos.ticket.renew.window.factor = 0.8
	sasl.login.callback.handler.class = null
	sasl.login.class = null
	sasl.login.connect.timeout.ms = null
	sasl.login.read.timeout.ms = null
	sasl.login.refresh.buffer.seconds = 300
	sasl.login.refresh.min.period.seconds = 60
	sasl.login.refresh.window.factor = 0.8
	sasl.login.refresh.window.jitter = 0.05
	sasl.login.retry.backoff.max.ms = 10000
	sasl.login.retry.backoff.ms = 100
	sasl.mechanism = GSSAPI
	sasl.oauthbearer.clock.skew.seconds = 30
	sasl.oauthbearer.expected.audience = null
	sasl.oauthbearer.expected.issuer = null
	sasl.oauthbearer.header.urlencode = false
	sasl.oauthbearer.jwks.endpoint.refresh.ms = 3600000
	sasl.oauthbearer.jwks.endpoint.retry.backoff.max.ms = 10000
	sasl.oauthbearer.jwks.endpoint.retry.backoff.ms = 100
	sasl.oauthbearer.jwks.endpoint.url = null
	sasl.oauthbearer.scope.claim.name = scope
	sasl.oauthbearer.sub.claim.name = sub
	sasl.oauthbearer.token.endpoint.url = null
	security.protocol = PLAINTEXT
	security.providers = null
	send.buffer.bytes = 131072
	socket.connection.setup.timeout.max.ms = 30000
	socket.connection.setup.timeout.ms = 10000
	ssl.cipher.suites = null
	ssl.enabled.protocols = [TLSv1.2, TLSv1.3]
	ssl.endpoint.identification.algorithm = https
	ssl.engine.factory.class = null
	ssl.key.password = null
	ssl.keymanager.algorithm = SunX509
	ssl.keystore.certificate.chain = null
	ssl.keystore.key = null
	ssl.keystore.location = null
	ssl.keystore.password = null
	ssl.keystore.type = JKS
	ssl.protocol = TLSv1.3
	ssl.provider = null
	ssl.secure.random.implementation = null
	ssl.trustmanager.algorithm = PKIX
	ssl.truststore.certificates = null
	ssl.truststore.location = null
	ssl.truststore.password = null
	ssl.truststore.type = JKS
	transaction.timeout.ms = 60000
	transactional.id = null
	value.serializer = class io.apicurio.registry.serde.avro.AvroKafkaSerializer

2025-08-06 18:50:44,311 INFO  [org.apa.kaf.com.tel.int.KafkaMetricsCollector] (main) initializing Kafka metrics collector
2025-08-06 18:50:44,314 INFO  [org.apa.kaf.cli.pro.KafkaProducer] (main) [Producer clientId=Producer-topic-caf938e8_73dc_4317_af10_e5f8a28ca99d] Instantiated an idempotent producer.
2025-08-06 18:50:44,316 INFO  [org.apa.kaf.cli.pro.ProducerConfig] (main) These configurations '[apicurio.registry.url, apicurio.registry.auto-register, apicurio.registry.artifact-resolver-strategy]' were supplied but are not used yet.
2025-08-06 18:50:44,316 INFO  [org.apa.kaf.com.uti.AppInfoParser] (main) Kafka version: 3.9.1
2025-08-06 18:50:44,316 INFO  [org.apa.kaf.com.uti.AppInfoParser] (main) Kafka commitId: f745dfdcee2b9851
2025-08-06 18:50:44,316 INFO  [org.apa.kaf.com.uti.AppInfoParser] (main) Kafka startTimeMs: 1754506244316
2025-08-06 18:50:44,316 INFO  [io.api.tes.ser.api.SimpleSerdesTesterBuilder$SimpleSerdesTester] (main) Using producer configuration: {apicurio.registry.url=http://registry-app-inmemory.apps.ci419.apicurio-testing.org:80/apis/registry/v3, apicurio.registry.auto-register=true, apicurio.registry.artifact-resolver-strategy=io.apicurio.registry.serde.strategy.TopicIdStrategy, value.serializer=io.apicurio.registry.serde.avro.AvroKafkaSerializer, request.timeout.ms=5000, acks=all, bootstrap.servers=PLAINTEXT://localhost:32769, connections.max.idle.ms=10000, key.serializer=org.apache.kafka.common.serialization.StringSerializer, client.id=Producer-topic-caf938e8_73dc_4317_af10_e5f8a28ca99d}
2025-08-06 18:50:44,316 INFO  [io.api.tes.ser.api.SimpleSerdesTesterBuilder$SimpleSerdesTester] (main) Using consumer configuration: {}
2025-08-06 18:50:44,317 INFO  [io.api.tes.ser.api.KafkaSerdesTester] (Thread-651) Sending message {"id": "record-0"} to topic topic-caf938e8_73dc_4317_af10_e5f8a28ca99d
2025-08-06 18:50:44,321 WARN  [org.apa.kaf.cli.NetworkClient] (kafka-producer-network-thread | Producer-topic-caf938e8_73dc_4317_af10_e5f8a28ca99d) [Producer clientId=Producer-topic-caf938e8_73dc_4317_af10_e5f8a28ca99d] The metadata response from the cluster reported a recoverable issue with correlation id 1 : {topic-caf938e8_73dc_4317_af10_e5f8a28ca99d=UNKNOWN_TOPIC_OR_PARTITION}
2025-08-06 18:50:44,321 INFO  [org.apa.kaf.cli.Metadata] (kafka-producer-network-thread | Producer-topic-caf938e8_73dc_4317_af10_e5f8a28ca99d) [Producer clientId=Producer-topic-caf938e8_73dc_4317_af10_e5f8a28ca99d] Cluster ID: EV4Uys23RNi7BwH7MVj6Ag
2025-08-06 18:50:44,323 INFO  [org.apa.kaf.cli.pro.int.TransactionManager] (kafka-producer-network-thread | Producer-topic-caf938e8_73dc_4317_af10_e5f8a28ca99d) [Producer clientId=Producer-topic-caf938e8_73dc_4317_af10_e5f8a28ca99d] ProducerId set to 10 with epoch 0
2025-08-06 18:50:44,456 INFO  [io.api.tes.ser.api.KafkaSerdesTester] (Thread-651) Sending message {"value": 1} to topic topic-caf938e8_73dc_4317_af10_e5f8a28ca99d
2025-08-06 18:50:44,473 INFO  [org.apa.kaf.cli.pro.KafkaProducer] (Thread-651) [Producer clientId=Producer-topic-caf938e8_73dc_4317_af10_e5f8a28ca99d] Closing the Kafka producer with timeoutMillis = 9223372036854775807 ms.
2025-08-06 18:50:44,476 INFO  [org.apa.kaf.com.met.Metrics] (Thread-651) Metrics scheduler closed
2025-08-06 18:50:44,476 INFO  [org.apa.kaf.com.met.Metrics] (Thread-651) Closing reporter org.apache.kafka.common.metrics.JmxReporter
2025-08-06 18:50:44,476 INFO  [org.apa.kaf.com.met.Metrics] (Thread-651) Closing reporter org.apache.kafka.common.telemetry.internals.ClientTelemetryReporter
2025-08-06 18:50:44,476 INFO  [org.apa.kaf.com.met.Metrics] (Thread-651) Metrics reporters closed
2025-08-06 18:50:44,476 INFO  [org.apa.kaf.com.uti.AppInfoParser] (Thread-651) App info kafka.producer for Producer-topic-caf938e8_73dc_4317_af10_e5f8a28ca99d unregistered
2025-08-06 18:50:44,477 INFO  [io.api.tes.uti.TestSeparator] (main) io.apicurio.tests.serdes.apicurio.AvroSerdeIT.testAvroUnionWithSpecificReader-FINISHED
2025-08-06 18:50:44,477 INFO  [io.api.tes.uti.TestSeparator] (main) ############################################################################
2025-08-06 18:50:44,477 ERROR [io.api.reg.uti.tes.TestUtils] (main) === TEST FAILED ===
2025-08-06 18:50:44,477 ERROR [io.api.reg.uti.tes.TestUtils] (main) Class: class io.apicurio.tests.serdes.apicurio.AvroSerdeIT
2025-08-06 18:50:44,477 ERROR [io.api.reg.uti.tes.TestUtils] (main) Test:  testAvroUnionWithSpecificReader
2025-08-06 18:50:44,477 ERROR [io.api.reg.uti.tes.TestUtils] (main) ID:    [engine:junit-jupiter]/[class:io.apicurio.tests.serdes.apicurio.AvroSerdeIT]/[method:testAvroUnionWithSpecificReader()]
2025-08-06 18:50:44,478 ERROR [io.api.reg.uti.tes.TestUtils] (main) Error: ExecutionException - java.lang.RuntimeException: io.apicurio.registry.rest.client.models.RuleViolationProblemDetails
2025-08-06 18:50:44,478 WARNING [org.jun.jup.eng.des.MethodBasedTestDescriptor] (main) Failed to invoke TestWatcher [io.apicurio.tests.ApicurioRegistryBaseIT$RegistryApiErrorWatcher] for method [io.apicurio.tests.serdes.apicurio.AvroSerdeIT#testAvroUnionWithSpecificReader()] with display name [testAvroUnionWithSpecificReader]: java.lang.ClassCastException: class java.util.concurrent.ExecutionException cannot be cast to class io.apicurio.registry.rest.client.models.RuleViolationProblemDetails (java.util.concurrent.ExecutionException is in module java.base of loader 'bootstrap'; io.apicurio.registry.rest.client.models.RuleViolationProblemDetails is in unnamed module of loader 'app')
	at io.apicurio.tests.ApicurioRegistryBaseIT$RegistryApiErrorWatcher.testFailed(ApicurioRegistryBaseIT.java:133)
	at org.junit.jupiter.engine.descriptor.TestMethodTestDescriptor.lambda$nodeFinished$15(TestMethodTestDescriptor.java:305)
	at org.junit.jupiter.engine.descriptor.MethodBasedTestDescriptor.lambda$invokeTestWatchers$4(MethodBasedTestDescriptor.java:160)
	at org.junit.platform.commons.util.CollectionUtils.forEachInReverseOrder(CollectionUtils.java:243)
	at org.junit.jupiter.engine.descriptor.MethodBasedTestDescriptor.invokeTestWatchers(MethodBasedTestDescriptor.java:174)
	at org.junit.jupiter.engine.descriptor.TestMethodTestDescriptor.nodeFinished(TestMethodTestDescriptor.java:296)
	at org.junit.jupiter.engine.descriptor.TestMethodTestDescriptor.nodeFinished(TestMethodTestDescriptor.java:69)
	at org.junit.platform.engine.support.hierarchical.NodeTestTask.reportCompletion(NodeTestTask.java:193)
	at org.junit.platform.engine.support.hierarchical.NodeTestTask.execute(NodeTestTask.java:105)
	at java.base/java.util.ArrayList.forEach(ArrayList.java:1511)
	at org.junit.platform.engine.support.hierarchical.SameThreadHierarchicalTestExecutorService.invokeAll(SameThreadHierarchicalTestExecutorService.java:41)
	at org.junit.platform.engine.support.hierarchical.NodeTestTask.lambda$executeRecursively$6(NodeTestTask.java:160)
	at org.junit.platform.engine.support.hierarchical.ThrowableCollector.execute(ThrowableCollector.java:73)
	at org.junit.platform.engine.support.hierarchical.NodeTestTask.lambda$executeRecursively$8(NodeTestTask.java:146)
	at org.junit.platform.engine.support.hierarchical.Node.around(Node.java:137)
	at org.junit.platform.engine.support.hierarchical.NodeTestTask.lambda$executeRecursively$9(NodeTestTask.java:144)
	at org.junit.platform.engine.support.hierarchical.ThrowableCollector.execute(ThrowableCollector.java:73)
	at org.junit.platform.engine.support.hierarchical.NodeTestTask.executeRecursively(NodeTestTask.java:143)
	at org.junit.platform.engine.support.hierarchical.NodeTestTask.execute(NodeTestTask.java:100)
	at java.base/java.util.ArrayList.forEach(ArrayList.java:1511)
	at org.junit.platform.engine.support.hierarchical.SameThreadHierarchicalTestExecutorService.invokeAll(SameThreadHierarchicalTestExecutorService.java:41)
	at org.junit.platform.engine.support.hierarchical.NodeTestTask.lambda$executeRecursively$6(NodeTestTask.java:160)
	at org.junit.platform.engine.support.hierarchical.ThrowableCollector.execute(ThrowableCollector.java:73)
	at org.junit.platform.engine.support.hierarchical.NodeTestTask.lambda$executeRecursively$8(NodeTestTask.java:146)
	at org.junit.platform.engine.support.hierarchical.Node.around(Node.java:137)
	at org.junit.platform.engine.support.hierarchical.NodeTestTask.lambda$executeRecursively$9(NodeTestTask.java:144)
	at org.junit.platform.engine.support.hierarchical.ThrowableCollector.execute(ThrowableCollector.java:73)
	at org.junit.platform.engine.support.hierarchical.NodeTestTask.executeRecursively(NodeTestTask.java:143)
	at org.junit.platform.engine.support.hierarchical.NodeTestTask.execute(NodeTestTask.java:100)
	at org.junit.platform.engine.support.hierarchical.SameThreadHierarchicalTestExecutorService.submit(SameThreadHierarchicalTestExecutorService.java:35)
	at org.junit.platform.engine.support.hierarchical.HierarchicalTestExecutor.execute(HierarchicalTestExecutor.java:57)
	at org.junit.platform.engine.support.hierarchical.HierarchicalTestEngine.execute(HierarchicalTestEngine.java:54)
	at org.junit.platform.launcher.core.EngineExecutionOrchestrator.execute(EngineExecutionOrchestrator.java:201)
	at org.junit.platform.launcher.core.EngineExecutionOrchestrator.execute(EngineExecutionOrchestrator.java:170)
	at org.junit.platform.launcher.core.EngineExecutionOrchestrator.execute(EngineExecutionOrchestrator.java:94)
	at org.junit.platform.launcher.core.EngineExecutionOrchestrator.lambda$execute$0(EngineExecutionOrchestrator.java:59)
	at org.junit.platform.launcher.core.EngineExecutionOrchestrator.withInterceptedStreams(EngineExecutionOrchestrator.java:142)
	at org.junit.platform.launcher.core.EngineExecutionOrchestrator.execute(EngineExecutionOrchestrator.java:58)
	at org.junit.platform.launcher.core.DefaultLauncher.execute(DefaultLauncher.java:103)
	at org.junit.platform.launcher.core.DefaultLauncher.execute(DefaultLauncher.java:85)
	at org.junit.platform.launcher.core.DelegatingLauncher.execute(DelegatingLauncher.java:47)
	at org.junit.platform.launcher.core.InterceptingLauncher.lambda$execute$1(InterceptingLauncher.java:39)
	at org.junit.platform.launcher.core.ClasspathAlignmentCheckingLauncherInterceptor.intercept(ClasspathAlignmentCheckingLauncherInterceptor.java:25)
	at org.junit.platform.launcher.core.InterceptingLauncher.execute(InterceptingLauncher.java:38)
	at org.junit.platform.launcher.core.DelegatingLauncher.execute(DelegatingLauncher.java:47)
	at org.apache.maven.surefire.junitplatform.LazyLauncher.execute(LazyLauncher.java:56)
	at org.apache.maven.surefire.junitplatform.JUnitPlatformProvider.execute(JUnitPlatformProvider.java:184)
	at org.apache.maven.surefire.junitplatform.JUnitPlatformProvider.invokeAllTests(JUnitPlatformProvider.java:148)
	at org.apache.maven.surefire.junitplatform.JUnitPlatformProvider.invoke(JUnitPlatformProvider.java:122)
	at org.apache.maven.surefire.booter.ForkedBooter.runSuitesInProcess(ForkedBooter.java:385)
	at org.apache.maven.surefire.booter.ForkedBooter.execute(ForkedBooter.java:162)
	at org.apache.maven.surefire.booter.ForkedBooter.run(ForkedBooter.java:507)
	at org.apache.maven.surefire.booter.ForkedBooter.main(ForkedBooter.java:495)

]]></system-out>
    <system-err><![CDATA[io.apicurio.registry.rest.client.models.RuleViolationProblemDetails
	at io.apicurio.registry.rest.client.models.RuleViolationProblemDetails.createFromDiscriminatorValue(RuleViolationProblemDetails.java:62)
	at io.kiota.serialization.json.JsonParseNode.getObjectValue(JsonParseNode.java:247)
	at io.kiota.http.vertx.VertXRequestAdapter.lambda$throwIfFailedResponse$0(VertXRequestAdapter.java:400)
	at com.microsoft.kiota.ApiExceptionBuilder.<init>(ApiExceptionBuilder.java:26)
	at io.kiota.http.vertx.VertXRequestAdapter.throwIfFailedResponse(VertXRequestAdapter.java:399)
	at io.kiota.http.vertx.VertXRequestAdapter.send(VertXRequestAdapter.java:170)
	at io.apicurio.registry.rest.client.groups.item.artifacts.ArtifactsRequestBuilder.post(ArtifactsRequestBuilder.java:130)
	at io.apicurio.registry.resolver.client.RegistryClientFacadeImpl.createSchema(RegistryClientFacadeImpl.java:144)
	at io.apicurio.registry.resolver.DefaultSchemaResolver.lambda$handleAutoCreateArtifact$4(DefaultSchemaResolver.java:307)
	at io.apicurio.registry.resolver.cache.ERCache.lambda$getValue$0(ERCache.java:174)
	at io.apicurio.registry.resolver.cache.ERCache.retry(ERCache.java:227)
	at io.apicurio.registry.resolver.cache.ERCache.getValue(ERCache.java:173)
	at io.apicurio.registry.resolver.cache.ERCache.getByContent(ERCache.java:147)
	at io.apicurio.registry.resolver.DefaultSchemaResolver.handleAutoCreateArtifact(DefaultSchemaResolver.java:295)
	at io.apicurio.registry.resolver.DefaultSchemaResolver.getSchemaFromRegistry(DefaultSchemaResolver.java:120)
	at io.apicurio.registry.resolver.DefaultSchemaResolver.lambda$resolveSchema$0(DefaultSchemaResolver.java:84)
	at java.base/java.util.Optional.orElseGet(Optional.java:364)
	at io.apicurio.registry.resolver.DefaultSchemaResolver.resolveSchema(DefaultSchemaResolver.java:84)
	at io.apicurio.registry.serde.AbstractSerializer.serializeData(AbstractSerializer.java:62)
	at io.apicurio.registry.serde.KafkaSerializer.serialize(KafkaSerializer.java:77)
	at org.apache.kafka.clients.producer.KafkaProducer.doSend(KafkaProducer.java:1046)
	at org.apache.kafka.clients.producer.KafkaProducer.send(KafkaProducer.java:993)
	at org.apache.kafka.clients.producer.KafkaProducer.send(KafkaProducer.java:875)
	at io.apicurio.tests.serdes.apicurio.KafkaSerdesTester.lambda$produceMessages$3(KafkaSerdesTester.java:138)
	at java.base/java.util.concurrent.CompletableFuture$AsyncSupply.run(CompletableFuture.java:1768)
	at java.base/java.lang.Thread.run(Thread.java:840)
]]></system-err>
  </testcase>
  <testcase name="testEvolveAvroApicurioReusingClient" classname="io.apicurio.tests.serdes.apicurio.AvroSerdeIT" time="4.233">
    <error type="io.apicurio.registry.rest.client.models.RuleViolationProblemDetails"><![CDATA[io.apicurio.registry.rest.client.models.RuleViolationProblemDetails
	at io.apicurio.registry.rest.client.models.RuleViolationProblemDetails.createFromDiscriminatorValue(RuleViolationProblemDetails.java:62)
	at io.kiota.serialization.json.JsonParseNode.getObjectValue(JsonParseNode.java:247)
	at io.kiota.http.vertx.VertXRequestAdapter.lambda$throwIfFailedResponse$0(VertXRequestAdapter.java:400)
	at com.microsoft.kiota.ApiExceptionBuilder.<init>(ApiExceptionBuilder.java:26)
	at io.kiota.http.vertx.VertXRequestAdapter.throwIfFailedResponse(VertXRequestAdapter.java:399)
	at io.kiota.http.vertx.VertXRequestAdapter.send(VertXRequestAdapter.java:170)
	at io.apicurio.registry.rest.client.groups.item.artifacts.item.versions.VersionsRequestBuilder.post(VersionsRequestBuilder.java:117)
	at io.apicurio.registry.rest.client.groups.item.artifacts.item.versions.VersionsRequestBuilder.post(VersionsRequestBuilder.java:94)
	at io.apicurio.tests.ApicurioRegistryBaseIT.createArtifactVersion(ApicurioRegistryBaseIT.java:219)
	at io.apicurio.tests.serdes.apicurio.AvroSerdeIT.evolveSchemaTest(AvroSerdeIT.java:337)
	at io.apicurio.tests.serdes.apicurio.AvroSerdeIT.testEvolveAvroApicurioReusingClient(AvroSerdeIT.java:281)
	at java.base/java.lang.reflect.Method.invoke(Method.java:569)
	at java.base/java.util.ArrayList.forEach(ArrayList.java:1511)
	at java.base/java.util.ArrayList.forEach(ArrayList.java:1511)
]]></error>
    <system-out><![CDATA[2025-08-06 18:50:44,482 INFO  [io.api.tes.uti.TestSeparator] (main) ############################################################################
2025-08-06 18:50:44,482 INFO  [io.api.tes.uti.TestSeparator] (main) io.apicurio.tests.serdes.apicurio.AvroSerdeIT.testEvolveAvroApicurioReusingClient-STARTED
2025-08-06 18:50:44,484 INFO  [io.api.tes.ser.api.AvroSerdeIT] (main) Registering Avro Schema: {"type":"record","name":"sfeae5cc1xa4cdx41b5x9a6exeb81851f7a5c","namespace":"ns_3e9a0522_42dc_45bd_a54b_c42e5838c63f","fields":[{"name":"key11754506244484","type":"string"}]}
**** Registry Base URL: http://registry-app-inmemory.apps.ci419.apicurio-testing.org:80
2025-08-06 18:50:45,549 INFO  [org.apa.kaf.cli.pro.ProducerConfig] (main) ProducerConfig values: 
	acks = -1
	auto.include.jmx.reporter = true
	batch.size = 16384
	bootstrap.servers = [PLAINTEXT://localhost:32769]
	buffer.memory = 33554432
	client.dns.lookup = use_all_dns_ips
	client.id = Producer-topic-bdb0468c_7a50_47a9_a525_043d9498f483
	compression.gzip.level = -1
	compression.lz4.level = 9
	compression.type = none
	compression.zstd.level = 3
	connections.max.idle.ms = 10000
	delivery.timeout.ms = 120000
	enable.idempotence = true
	enable.metrics.push = true
	interceptor.classes = []
	key.serializer = class org.apache.kafka.common.serialization.StringSerializer
	linger.ms = 0
	max.block.ms = 60000
	max.in.flight.requests.per.connection = 5
	max.request.size = 1048576
	metadata.max.age.ms = 300000
	metadata.max.idle.ms = 300000
	metadata.recovery.strategy = none
	metric.reporters = []
	metrics.num.samples = 2
	metrics.recording.level = INFO
	metrics.sample.window.ms = 30000
	partitioner.adaptive.partitioning.enable = true
	partitioner.availability.timeout.ms = 0
	partitioner.class = null
	partitioner.ignore.keys = false
	receive.buffer.bytes = 32768
	reconnect.backoff.max.ms = 1000
	reconnect.backoff.ms = 50
	request.timeout.ms = 5000
	retries = 2147483647
	retry.backoff.max.ms = 1000
	retry.backoff.ms = 100
	sasl.client.callback.handler.class = null
	sasl.jaas.config = null
	sasl.kerberos.kinit.cmd = /usr/bin/kinit
	sasl.kerberos.min.time.before.relogin = 60000
	sasl.kerberos.service.name = null
	sasl.kerberos.ticket.renew.jitter = 0.05
	sasl.kerberos.ticket.renew.window.factor = 0.8
	sasl.login.callback.handler.class = null
	sasl.login.class = null
	sasl.login.connect.timeout.ms = null
	sasl.login.read.timeout.ms = null
	sasl.login.refresh.buffer.seconds = 300
	sasl.login.refresh.min.period.seconds = 60
	sasl.login.refresh.window.factor = 0.8
	sasl.login.refresh.window.jitter = 0.05
	sasl.login.retry.backoff.max.ms = 10000
	sasl.login.retry.backoff.ms = 100
	sasl.mechanism = GSSAPI
	sasl.oauthbearer.clock.skew.seconds = 30
	sasl.oauthbearer.expected.audience = null
	sasl.oauthbearer.expected.issuer = null
	sasl.oauthbearer.header.urlencode = false
	sasl.oauthbearer.jwks.endpoint.refresh.ms = 3600000
	sasl.oauthbearer.jwks.endpoint.retry.backoff.max.ms = 10000
	sasl.oauthbearer.jwks.endpoint.retry.backoff.ms = 100
	sasl.oauthbearer.jwks.endpoint.url = null
	sasl.oauthbearer.scope.claim.name = scope
	sasl.oauthbearer.sub.claim.name = sub
	sasl.oauthbearer.token.endpoint.url = null
	security.protocol = PLAINTEXT
	security.providers = null
	send.buffer.bytes = 131072
	socket.connection.setup.timeout.max.ms = 30000
	socket.connection.setup.timeout.ms = 10000
	ssl.cipher.suites = null
	ssl.enabled.protocols = [TLSv1.2, TLSv1.3]
	ssl.endpoint.identification.algorithm = https
	ssl.engine.factory.class = null
	ssl.key.password = null
	ssl.keymanager.algorithm = SunX509
	ssl.keystore.certificate.chain = null
	ssl.keystore.key = null
	ssl.keystore.location = null
	ssl.keystore.password = null
	ssl.keystore.type = JKS
	ssl.protocol = TLSv1.3
	ssl.provider = null
	ssl.secure.random.implementation = null
	ssl.trustmanager.algorithm = PKIX
	ssl.truststore.certificates = null
	ssl.truststore.location = null
	ssl.truststore.password = null
	ssl.truststore.type = JKS
	transaction.timeout.ms = 60000
	transactional.id = null
	value.serializer = class io.apicurio.registry.serde.avro.AvroKafkaSerializer

2025-08-06 18:50:45,549 INFO  [org.apa.kaf.com.tel.int.KafkaMetricsCollector] (main) initializing Kafka metrics collector
2025-08-06 18:50:45,552 INFO  [org.apa.kaf.cli.pro.KafkaProducer] (main) [Producer clientId=Producer-topic-bdb0468c_7a50_47a9_a525_043d9498f483] Instantiated an idempotent producer.
2025-08-06 18:50:45,555 INFO  [org.apa.kaf.cli.pro.ProducerConfig] (main) These configurations '[apicurio.registry.url, apicurio.registry.artifact-resolver-strategy]' were supplied but are not used yet.
2025-08-06 18:50:45,555 INFO  [org.apa.kaf.com.uti.AppInfoParser] (main) Kafka version: 3.9.1
2025-08-06 18:50:45,555 INFO  [org.apa.kaf.com.uti.AppInfoParser] (main) Kafka commitId: f745dfdcee2b9851
2025-08-06 18:50:45,555 INFO  [org.apa.kaf.com.uti.AppInfoParser] (main) Kafka startTimeMs: 1754506245555
**** Registry Base URL: http://registry-app-inmemory.apps.ci419.apicurio-testing.org:80
2025-08-06 18:50:45,555 INFO  [org.apa.kaf.cli.con.ConsumerConfig] (main) ConsumerConfig values: 
	allow.auto.create.topics = true
	auto.commit.interval.ms = 500
	auto.include.jmx.reporter = true
	auto.offset.reset = earliest
	bootstrap.servers = [PLAINTEXT://localhost:32769]
	check.crcs = true
	client.dns.lookup = use_all_dns_ips
	client.id = consumer-Consumer-topic-bdb0468c_7a50_47a9_a525_043d9498f483-8
	client.rack = 
	connections.max.idle.ms = 10000
	default.api.timeout.ms = 60000
	enable.auto.commit = true
	enable.metrics.push = true
	exclude.internal.topics = true
	fetch.max.bytes = 52428800
	fetch.max.wait.ms = 500
	fetch.min.bytes = 1
	group.id = Consumer-topic-bdb0468c_7a50_47a9_a525_043d9498f483
	group.instance.id = null
	group.protocol = classic
	group.remote.assignor = null
	heartbeat.interval.ms = 3000
	interceptor.classes = []
	internal.leave.group.on.close = true
	internal.throw.on.fetch.stable.offset.unsupported = false
	isolation.level = read_uncommitted
	key.deserializer = class org.apache.kafka.common.serialization.StringDeserializer
	max.partition.fetch.bytes = 1048576
	max.poll.interval.ms = 300000
	max.poll.records = 500
	metadata.max.age.ms = 300000
	metadata.recovery.strategy = none
	metric.reporters = []
	metrics.num.samples = 2
	metrics.recording.level = INFO
	metrics.sample.window.ms = 30000
	partition.assignment.strategy = [class org.apache.kafka.clients.consumer.RangeAssignor, class org.apache.kafka.clients.consumer.CooperativeStickyAssignor]
	receive.buffer.bytes = 65536
	reconnect.backoff.max.ms = 1000
	reconnect.backoff.ms = 50
	request.timeout.ms = 5000
	retry.backoff.max.ms = 1000
	retry.backoff.ms = 100
	sasl.client.callback.handler.class = null
	sasl.jaas.config = null
	sasl.kerberos.kinit.cmd = /usr/bin/kinit
	sasl.kerberos.min.time.before.relogin = 60000
	sasl.kerberos.service.name = null
	sasl.kerberos.ticket.renew.jitter = 0.05
	sasl.kerberos.ticket.renew.window.factor = 0.8
	sasl.login.callback.handler.class = null
	sasl.login.class = null
	sasl.login.connect.timeout.ms = null
	sasl.login.read.timeout.ms = null
	sasl.login.refresh.buffer.seconds = 300
	sasl.login.refresh.min.period.seconds = 60
	sasl.login.refresh.window.factor = 0.8
	sasl.login.refresh.window.jitter = 0.05
	sasl.login.retry.backoff.max.ms = 10000
	sasl.login.retry.backoff.ms = 100
	sasl.mechanism = GSSAPI
	sasl.oauthbearer.clock.skew.seconds = 30
	sasl.oauthbearer.expected.audience = null
	sasl.oauthbearer.expected.issuer = null
	sasl.oauthbearer.header.urlencode = false
	sasl.oauthbearer.jwks.endpoint.refresh.ms = 3600000
	sasl.oauthbearer.jwks.endpoint.retry.backoff.max.ms = 10000
	sasl.oauthbearer.jwks.endpoint.retry.backoff.ms = 100
	sasl.oauthbearer.jwks.endpoint.url = null
	sasl.oauthbearer.scope.claim.name = scope
	sasl.oauthbearer.sub.claim.name = sub
	sasl.oauthbearer.token.endpoint.url = null
	security.protocol = PLAINTEXT
	security.providers = null
	send.buffer.bytes = 131072
	session.timeout.ms = 45000
	socket.connection.setup.timeout.max.ms = 30000
	socket.connection.setup.timeout.ms = 10000
	ssl.cipher.suites = null
	ssl.enabled.protocols = [TLSv1.2, TLSv1.3]
	ssl.endpoint.identification.algorithm = https
	ssl.engine.factory.class = null
	ssl.key.password = null
	ssl.keymanager.algorithm = SunX509
	ssl.keystore.certificate.chain = null
	ssl.keystore.key = null
	ssl.keystore.location = null
	ssl.keystore.password = null
	ssl.keystore.type = JKS
	ssl.protocol = TLSv1.3
	ssl.provider = null
	ssl.secure.random.implementation = null
	ssl.trustmanager.algorithm = PKIX
	ssl.truststore.certificates = null
	ssl.truststore.location = null
	ssl.truststore.password = null
	ssl.truststore.type = JKS
	value.deserializer = class io.apicurio.registry.serde.avro.AvroKafkaDeserializer

2025-08-06 18:50:45,556 INFO  [org.apa.kaf.com.tel.int.KafkaMetricsCollector] (main) initializing Kafka metrics collector
2025-08-06 18:50:45,577 INFO  [org.apa.kaf.cli.con.ConsumerConfig] (main) These configurations '[apicurio.registry.url]' were supplied but are not used yet.
2025-08-06 18:50:45,577 INFO  [org.apa.kaf.com.uti.AppInfoParser] (main) Kafka version: 3.9.1
2025-08-06 18:50:45,577 INFO  [org.apa.kaf.com.uti.AppInfoParser] (main) Kafka commitId: f745dfdcee2b9851
2025-08-06 18:50:45,577 INFO  [org.apa.kaf.com.uti.AppInfoParser] (main) Kafka startTimeMs: 1754506245577
2025-08-06 18:50:45,578 INFO  [org.apa.kaf.cli.Metadata] (kafka-producer-network-thread | Producer-topic-bdb0468c_7a50_47a9_a525_043d9498f483) [Producer clientId=Producer-topic-bdb0468c_7a50_47a9_a525_043d9498f483] Cluster ID: EV4Uys23RNi7BwH7MVj6Ag
2025-08-06 18:50:45,578 INFO  [org.apa.kaf.cli.pro.int.TransactionManager] (kafka-producer-network-thread | Producer-topic-bdb0468c_7a50_47a9_a525_043d9498f483) [Producer clientId=Producer-topic-bdb0468c_7a50_47a9_a525_043d9498f483] ProducerId set to 11 with epoch 0
2025-08-06 18:50:45,580 INFO  [io.api.tes.ser.api.KafkaSerdesTester] (Thread-656) Sending message {"key11754506244484": "value-0"} to topic topic-bdb0468c_7a50_47a9_a525_043d9498f483
2025-08-06 18:50:45,587 INFO  [DefaultSchemaResolver] (Thread-656) Retrieving schema content using string: {"type":"record","name":"sfeae5cc1xa4cdx41b5x9a6exeb81851f7a5c","namespace":"ns_3e9a0522_42dc_45bd_a54b_c42e5838c63f","fields":[{"name":"key11754506244484","type":"string"}]}
2025-08-06 18:50:45,606 INFO  [io.api.tes.ser.api.KafkaSerdesTester] (Thread-656) Sending message {"key11754506244484": "value-1"} to topic topic-bdb0468c_7a50_47a9_a525_043d9498f483
2025-08-06 18:50:45,608 INFO  [io.api.tes.ser.api.KafkaSerdesTester] (Thread-656) Sending message {"key11754506244484": "value-2"} to topic topic-bdb0468c_7a50_47a9_a525_043d9498f483
2025-08-06 18:50:45,613 INFO  [io.api.tes.ser.api.KafkaSerdesTester] (Thread-656) Sending message {"key11754506244484": "value-3"} to topic topic-bdb0468c_7a50_47a9_a525_043d9498f483
2025-08-06 18:50:45,620 INFO  [io.api.tes.ser.api.KafkaSerdesTester] (Thread-656) Sending message {"key11754506244484": "value-4"} to topic topic-bdb0468c_7a50_47a9_a525_043d9498f483
2025-08-06 18:50:45,622 INFO  [io.api.tes.ser.api.KafkaSerdesTester] (Thread-656) Sending message {"key11754506244484": "value-5"} to topic topic-bdb0468c_7a50_47a9_a525_043d9498f483
2025-08-06 18:50:45,627 INFO  [io.api.tes.ser.api.KafkaSerdesTester] (Thread-656) Sending message {"key11754506244484": "value-6"} to topic topic-bdb0468c_7a50_47a9_a525_043d9498f483
2025-08-06 18:50:45,629 INFO  [io.api.tes.ser.api.KafkaSerdesTester] (Thread-656) Sending message {"key11754506244484": "value-7"} to topic topic-bdb0468c_7a50_47a9_a525_043d9498f483
2025-08-06 18:50:45,633 INFO  [io.api.tes.ser.api.KafkaSerdesTester] (Thread-656) Sending message {"key11754506244484": "value-8"} to topic topic-bdb0468c_7a50_47a9_a525_043d9498f483
2025-08-06 18:50:45,635 INFO  [io.api.tes.ser.api.KafkaSerdesTester] (Thread-656) Sending message {"key11754506244484": "value-9"} to topic topic-bdb0468c_7a50_47a9_a525_043d9498f483
2025-08-06 18:50:45,638 INFO  [io.api.tes.ser.api.KafkaSerdesTester] (Thread-656) Produced 10 messages
2025-08-06 18:50:45,639 INFO  [org.apa.kaf.cli.con.int.ClassicKafkaConsumer] (Thread-657) [Consumer clientId=consumer-Consumer-topic-bdb0468c_7a50_47a9_a525_043d9498f483-8, groupId=Consumer-topic-bdb0468c_7a50_47a9_a525_043d9498f483] Subscribed to topic(s): topic-bdb0468c_7a50_47a9_a525_043d9498f483
2025-08-06 18:50:45,647 INFO  [org.apa.kaf.cli.Metadata] (Thread-657) [Consumer clientId=consumer-Consumer-topic-bdb0468c_7a50_47a9_a525_043d9498f483-8, groupId=Consumer-topic-bdb0468c_7a50_47a9_a525_043d9498f483] Cluster ID: EV4Uys23RNi7BwH7MVj6Ag
2025-08-06 18:50:45,648 INFO  [org.apa.kaf.cli.con.int.ConsumerCoordinator] (Thread-657) [Consumer clientId=consumer-Consumer-topic-bdb0468c_7a50_47a9_a525_043d9498f483-8, groupId=Consumer-topic-bdb0468c_7a50_47a9_a525_043d9498f483] Discovered group coordinator localhost:32769 (id: 2147483647 rack: null)
2025-08-06 18:50:45,650 INFO  [org.apa.kaf.cli.con.int.ConsumerCoordinator] (Thread-657) [Consumer clientId=consumer-Consumer-topic-bdb0468c_7a50_47a9_a525_043d9498f483-8, groupId=Consumer-topic-bdb0468c_7a50_47a9_a525_043d9498f483] (Re-)joining group
2025-08-06 18:50:45,655 INFO  [org.apa.kaf.cli.con.int.ConsumerCoordinator] (Thread-657) [Consumer clientId=consumer-Consumer-topic-bdb0468c_7a50_47a9_a525_043d9498f483-8, groupId=Consumer-topic-bdb0468c_7a50_47a9_a525_043d9498f483] Request joining group due to: need to re-join with the given member-id: consumer-Consumer-topic-bdb0468c_7a50_47a9_a525_043d9498f483-8-9fbaeacd-99fc-400b-b43e-2b3c31a2c52f
2025-08-06 18:50:45,657 INFO  [org.apa.kaf.cli.con.int.ConsumerCoordinator] (Thread-657) [Consumer clientId=consumer-Consumer-topic-bdb0468c_7a50_47a9_a525_043d9498f483-8, groupId=Consumer-topic-bdb0468c_7a50_47a9_a525_043d9498f483] (Re-)joining group
2025-08-06 18:50:46,639 INFO  [io.api.tes.ser.api.KafkaSerdesTester] (Thread-657) None found
2025-08-06 18:50:47,639 INFO  [io.api.tes.ser.api.KafkaSerdesTester] (Thread-657) None found
2025-08-06 18:50:48,639 INFO  [io.api.tes.ser.api.KafkaSerdesTester] (Thread-657) None found
2025-08-06 18:50:48,660 INFO  [org.apa.kaf.cli.con.int.ConsumerCoordinator] (Thread-657) [Consumer clientId=consumer-Consumer-topic-bdb0468c_7a50_47a9_a525_043d9498f483-8, groupId=Consumer-topic-bdb0468c_7a50_47a9_a525_043d9498f483] Successfully joined group with generation Generation{generationId=1, memberId='consumer-Consumer-topic-bdb0468c_7a50_47a9_a525_043d9498f483-8-9fbaeacd-99fc-400b-b43e-2b3c31a2c52f', protocol='range'}
2025-08-06 18:50:48,660 INFO  [org.apa.kaf.cli.con.int.ConsumerCoordinator] (Thread-657) [Consumer clientId=consumer-Consumer-topic-bdb0468c_7a50_47a9_a525_043d9498f483-8, groupId=Consumer-topic-bdb0468c_7a50_47a9_a525_043d9498f483] Finished assignment for group at generation 1: {consumer-Consumer-topic-bdb0468c_7a50_47a9_a525_043d9498f483-8-9fbaeacd-99fc-400b-b43e-2b3c31a2c52f=Assignment(partitions=[topic-bdb0468c_7a50_47a9_a525_043d9498f483-0])}
2025-08-06 18:50:48,667 INFO  [org.apa.kaf.cli.con.int.ConsumerCoordinator] (Thread-657) [Consumer clientId=consumer-Consumer-topic-bdb0468c_7a50_47a9_a525_043d9498f483-8, groupId=Consumer-topic-bdb0468c_7a50_47a9_a525_043d9498f483] Successfully synced group in generation Generation{generationId=1, memberId='consumer-Consumer-topic-bdb0468c_7a50_47a9_a525_043d9498f483-8-9fbaeacd-99fc-400b-b43e-2b3c31a2c52f', protocol='range'}
2025-08-06 18:50:48,667 INFO  [org.apa.kaf.cli.con.int.ConsumerCoordinator] (Thread-657) [Consumer clientId=consumer-Consumer-topic-bdb0468c_7a50_47a9_a525_043d9498f483-8, groupId=Consumer-topic-bdb0468c_7a50_47a9_a525_043d9498f483] Notifying assignor about the new Assignment(partitions=[topic-bdb0468c_7a50_47a9_a525_043d9498f483-0])
2025-08-06 18:50:48,667 INFO  [org.apa.kaf.cli.con.int.ConsumerRebalanceListenerInvoker] (Thread-657) [Consumer clientId=consumer-Consumer-topic-bdb0468c_7a50_47a9_a525_043d9498f483-8, groupId=Consumer-topic-bdb0468c_7a50_47a9_a525_043d9498f483] Adding newly assigned partitions: topic-bdb0468c_7a50_47a9_a525_043d9498f483-0
2025-08-06 18:50:48,668 INFO  [org.apa.kaf.cli.con.int.ConsumerCoordinator] (Thread-657) [Consumer clientId=consumer-Consumer-topic-bdb0468c_7a50_47a9_a525_043d9498f483-8, groupId=Consumer-topic-bdb0468c_7a50_47a9_a525_043d9498f483] Found no committed offset for partition topic-bdb0468c_7a50_47a9_a525_043d9498f483-0
2025-08-06 18:50:48,671 INFO  [org.apa.kaf.cli.con.int.SubscriptionState] (Thread-657) [Consumer clientId=consumer-Consumer-topic-bdb0468c_7a50_47a9_a525_043d9498f483-8, groupId=Consumer-topic-bdb0468c_7a50_47a9_a525_043d9498f483] Resetting offset for partition topic-bdb0468c_7a50_47a9_a525_043d9498f483-0 to position FetchPosition{offset=0, offsetEpoch=Optional.empty, currentLeader=LeaderAndEpoch{leader=Optional[localhost:32769 (id: 0 rack: null)], epoch=0}}.
2025-08-06 18:50:48,695 INFO  [io.api.tes.ser.api.KafkaSerdesTester] (Thread-657) topic-bdb0468c_7a50_47a9_a525_043d9498f483 0 0 {"key11754506244484": "value-0"}
2025-08-06 18:50:48,696 INFO  [io.api.tes.ser.api.KafkaSerdesTester] (Thread-657) topic-bdb0468c_7a50_47a9_a525_043d9498f483 0 1 {"key11754506244484": "value-1"}
2025-08-06 18:50:48,696 INFO  [io.api.tes.ser.api.KafkaSerdesTester] (Thread-657) topic-bdb0468c_7a50_47a9_a525_043d9498f483 0 2 {"key11754506244484": "value-2"}
2025-08-06 18:50:48,696 INFO  [io.api.tes.ser.api.KafkaSerdesTester] (Thread-657) topic-bdb0468c_7a50_47a9_a525_043d9498f483 0 3 {"key11754506244484": "value-3"}
2025-08-06 18:50:48,696 INFO  [io.api.tes.ser.api.KafkaSerdesTester] (Thread-657) topic-bdb0468c_7a50_47a9_a525_043d9498f483 0 4 {"key11754506244484": "value-4"}
2025-08-06 18:50:48,696 INFO  [io.api.tes.ser.api.KafkaSerdesTester] (Thread-657) topic-bdb0468c_7a50_47a9_a525_043d9498f483 0 5 {"key11754506244484": "value-5"}
2025-08-06 18:50:48,696 INFO  [io.api.tes.ser.api.KafkaSerdesTester] (Thread-657) topic-bdb0468c_7a50_47a9_a525_043d9498f483 0 6 {"key11754506244484": "value-6"}
2025-08-06 18:50:48,696 INFO  [io.api.tes.ser.api.KafkaSerdesTester] (Thread-657) topic-bdb0468c_7a50_47a9_a525_043d9498f483 0 7 {"key11754506244484": "value-7"}
2025-08-06 18:50:48,696 INFO  [io.api.tes.ser.api.KafkaSerdesTester] (Thread-657) topic-bdb0468c_7a50_47a9_a525_043d9498f483 0 8 {"key11754506244484": "value-8"}
2025-08-06 18:50:48,696 INFO  [io.api.tes.ser.api.KafkaSerdesTester] (Thread-657) topic-bdb0468c_7a50_47a9_a525_043d9498f483 0 9 {"key11754506244484": "value-9"}
2025-08-06 18:50:48,696 INFO  [io.api.tes.ser.api.KafkaSerdesTester] (Thread-657) Consumed 10 messages
2025-08-06 18:50:48,697 INFO  [io.api.tes.ser.api.AvroSerdeIT] (main) Registering Avro Schema 2: {"type":"record","name":"sfeae5cc1xa4cdx41b5x9a6exeb81851f7a5c","namespace":"ns_3e9a0522_42dc_45bd_a54b_c42e5838c63f","fields":[{"name":"key11754506244484","type":"string"},{"name":"key21754506248696","type":"string"}]}
2025-08-06 18:50:48,714 INFO  [io.api.tes.uti.TestSeparator] (main) io.apicurio.tests.serdes.apicurio.AvroSerdeIT.testEvolveAvroApicurioReusingClient-FINISHED
2025-08-06 18:50:48,714 INFO  [io.api.tes.uti.TestSeparator] (main) ############################################################################
2025-08-06 18:50:48,714 ERROR [io.api.reg.uti.tes.TestUtils] (main) === TEST FAILED ===
2025-08-06 18:50:48,714 ERROR [io.api.reg.uti.tes.TestUtils] (main) Class: class io.apicurio.tests.serdes.apicurio.AvroSerdeIT
2025-08-06 18:50:48,714 ERROR [io.api.reg.uti.tes.TestUtils] (main) Test:  testEvolveAvroApicurioReusingClient
2025-08-06 18:50:48,714 ERROR [io.api.reg.uti.tes.TestUtils] (main) ID:    [engine:junit-jupiter]/[class:io.apicurio.tests.serdes.apicurio.AvroSerdeIT]/[method:testEvolveAvroApicurioReusingClient()]
2025-08-06 18:50:48,714 ERROR [io.api.reg.uti.tes.TestUtils] (main) Error: RuleViolationProblemDetails - null
2025-08-06 18:50:48,714 ERROR [io.api.reg.uti.tes.TestUtils] (main) Rule Violation Problem Details
2025-08-06 18:50:48,714 ERROR [io.api.reg.uti.tes.TestUtils] (main)     Name:     RuleViolationException
2025-08-06 18:50:48,714 ERROR [io.api.reg.uti.tes.TestUtils] (main)     Title:    Incompatible artifact: topic-bdb0468c_7a50_47a9_a525_043d9498f483-sfeae5cc1xa4cdx41b5x9a6exeb81851f7a5c [AVRO], num of incompatible diffs: {1}, list of diff types: [key21754506248696 at /fields/1]
2025-08-06 18:50:48,714 ERROR [io.api.reg.uti.tes.TestUtils] (main)     Detail:   Incompatible artifact: topic-bdb0468c_7a50_47a9_a525_043d9498f483-sfeae5cc1xa4cdx41b5x9a6exeb81851f7a5c [AVRO], num of incompatible diffs: {1}, list of diff types: [key21754506248696 at /fields/1] Causes: key21754506248696 at /fields/1
2025-08-06 18:50:48,714 ERROR [io.api.reg.uti.tes.TestUtils] (main)     Instance: null
2025-08-06 18:50:48,714 ERROR [io.api.reg.uti.tes.TestUtils] (main)     Type:     null
2025-08-06 18:50:48,714 ERROR [io.api.reg.uti.tes.TestUtils] (main)     Message:  null
2025-08-06 18:50:48,714 ERROR [io.api.reg.uti.tes.TestUtils] (main)     Status:   409
2025-08-06 18:50:48,714 ERROR [io.api.reg.uti.tes.TestUtils] (main)     Causes:
2025-08-06 18:50:48,715 ERROR [io.api.reg.uti.tes.TestUtils] (main)         Context:     /fields/1
2025-08-06 18:50:48,715 ERROR [io.api.reg.uti.tes.TestUtils] (main)         Description: key21754506248696
2025-08-06 18:50:48,715 ERROR [io.api.reg.uti.tes.TestUtils] (main)         ---
2025-08-06 18:50:48,715 ERROR [io.api.reg.uti.tes.TestUtils] (main) Root Cause: io.apicurio.registry.rest.client.models.RuleViolationProblemDetails
	at io.apicurio.registry.rest.client.models.RuleViolationProblemDetails.createFromDiscriminatorValue(RuleViolationProblemDetails.java:62)
	at io.kiota.serialization.json.JsonParseNode.getObjectValue(JsonParseNode.java:247)
	at io.kiota.http.vertx.VertXRequestAdapter.lambda$throwIfFailedResponse$0(VertXRequestAdapter.java:400)
	at com.microsoft.kiota.ApiExceptionBuilder.<init>(ApiExceptionBuilder.java:26)
	at io.kiota.http.vertx.VertXRequestAdapter.throwIfFailedResponse(VertXRequestAdapter.java:399)
	at io.kiota.http.vertx.VertXRequestAdapter.send(VertXRequestAdapter.java:170)
	at io.apicurio.registry.rest.client.groups.item.artifacts.item.versions.VersionsRequestBuilder.post(VersionsRequestBuilder.java:117)
	at io.apicurio.registry.rest.client.groups.item.artifacts.item.versions.VersionsRequestBuilder.post(VersionsRequestBuilder.java:94)
	at io.apicurio.tests.ApicurioRegistryBaseIT.createArtifactVersion(ApicurioRegistryBaseIT.java:219)
	at io.apicurio.tests.serdes.apicurio.AvroSerdeIT.evolveSchemaTest(AvroSerdeIT.java:337)
	at io.apicurio.tests.serdes.apicurio.AvroSerdeIT.testEvolveAvroApicurioReusingClient(AvroSerdeIT.java:281)
	at java.base/jdk.internal.reflect.NativeMethodAccessorImpl.invoke0(Native Method)
	at java.base/jdk.internal.reflect.NativeMethodAccessorImpl.invoke(NativeMethodAccessorImpl.java:77)
	at java.base/jdk.internal.reflect.DelegatingMethodAccessorImpl.invoke(DelegatingMethodAccessorImpl.java:43)
	at java.base/java.lang.reflect.Method.invoke(Method.java:569)
	at org.junit.platform.commons.util.ReflectionUtils.invokeMethod(ReflectionUtils.java:775)
	at org.junit.platform.commons.support.ReflectionSupport.invokeMethod(ReflectionSupport.java:479)
	at org.junit.jupiter.engine.execution.MethodInvocation.proceed(MethodInvocation.java:60)
	at org.junit.jupiter.engine.execution.InvocationInterceptorChain$ValidatingInvocation.proceed(InvocationInterceptorChain.java:131)
	at org.junit.jupiter.engine.extension.TimeoutExtension.intercept(TimeoutExtension.java:161)
	at org.junit.jupiter.engine.extension.TimeoutExtension.interceptTestableMethod(TimeoutExtension.java:152)
	at org.junit.jupiter.engine.extension.TimeoutExtension.interceptTestMethod(TimeoutExtension.java:91)
	at org.junit.jupiter.engine.execution.InterceptingExecutableInvoker$ReflectiveInterceptorCall.lambda$ofVoidMethod$0(InterceptingExecutableInvoker.java:112)
	at org.junit.jupiter.engine.execution.InterceptingExecutableInvoker.lambda$invoke$0(InterceptingExecutableInvoker.java:94)
	at org.junit.jupiter.engine.execution.InvocationInterceptorChain$InterceptedInvocation.proceed(InvocationInterceptorChain.java:106)
	at org.junit.jupiter.engine.execution.InvocationInterceptorChain.proceed(InvocationInterceptorChain.java:64)
	at org.junit.jupiter.engine.execution.InvocationInterceptorChain.chainAndInvoke(InvocationInterceptorChain.java:45)
	at org.junit.jupiter.engine.execution.InvocationInterceptorChain.invoke(InvocationInterceptorChain.java:37)
	at org.junit.jupiter.engine.execution.InterceptingExecutableInvoker.invoke(InterceptingExecutableInvoker.java:93)
	at org.junit.jupiter.engine.execution.InterceptingExecutableInvoker.invoke(InterceptingExecutableInvoker.java:87)
	at org.junit.jupiter.engine.descriptor.TestMethodTestDescriptor.lambda$invokeTestMethod$7(TestMethodTestDescriptor.java:216)
	at org.junit.platform.engine.support.hierarchical.ThrowableCollector.execute(ThrowableCollector.java:73)
	at org.junit.jupiter.engine.descriptor.TestMethodTestDescriptor.invokeTestMethod(TestMethodTestDescriptor.java:212)
	at org.junit.jupiter.engine.descriptor.TestMethodTestDescriptor.execute(TestMethodTestDescriptor.java:137)
	at org.junit.jupiter.engine.descriptor.TestMethodTestDescriptor.execute(TestMethodTestDescriptor.java:69)
	at org.junit.platform.engine.support.hierarchical.NodeTestTask.lambda$executeRecursively$6(NodeTestTask.java:156)
	at org.junit.platform.engine.support.hierarchical.ThrowableCollector.execute(ThrowableCollector.java:73)
	at org.junit.platform.engine.support.hierarchical.NodeTestTask.lambda$executeRecursively$8(NodeTestTask.java:146)
	at org.junit.platform.engine.support.hierarchical.Node.around(Node.java:137)
	at org.junit.platform.engine.support.hierarchical.NodeTestTask.lambda$executeRecursively$9(NodeTestTask.java:144)
	at org.junit.platform.engine.support.hierarchical.ThrowableCollector.execute(ThrowableCollector.java:73)
	at org.junit.platform.engine.support.hierarchical.NodeTestTask.executeRecursively(NodeTestTask.java:143)
	at org.junit.platform.engine.support.hierarchical.NodeTestTask.execute(NodeTestTask.java:100)
	at java.base/java.util.ArrayList.forEach(ArrayList.java:1511)
	at org.junit.platform.engine.support.hierarchical.SameThreadHierarchicalTestExecutorService.invokeAll(SameThreadHierarchicalTestExecutorService.java:41)
	at org.junit.platform.engine.support.hierarchical.NodeTestTask.lambda$executeRecursively$6(NodeTestTask.java:160)
	at org.junit.platform.engine.support.hierarchical.ThrowableCollector.execute(ThrowableCollector.java:73)
	at org.junit.platform.engine.support.hierarchical.NodeTestTask.lambda$executeRecursively$8(NodeTestTask.java:146)
	at org.junit.platform.engine.support.hierarchical.Node.around(Node.java:137)
	at org.junit.platform.engine.support.hierarchical.NodeTestTask.lambda$executeRecursively$9(NodeTestTask.java:144)
	at org.junit.platform.engine.support.hierarchical.ThrowableCollector.execute(ThrowableCollector.java:73)
	at org.junit.platform.engine.support.hierarchical.NodeTestTask.executeRecursively(NodeTestTask.java:143)
	at org.junit.platform.engine.support.hierarchical.NodeTestTask.execute(NodeTestTask.java:100)
	at java.base/java.util.ArrayList.forEach(ArrayList.java:1511)
	at org.junit.platform.engine.support.hierarchical.SameThreadHierarchicalTestExecutorService.invokeAll(SameThreadHierarchicalTestExecutorService.java:41)
	at org.junit.platform.engine.support.hierarchical.NodeTestTask.lambda$executeRecursively$6(NodeTestTask.java:160)
	at org.junit.platform.engine.support.hierarchical.ThrowableCollector.execute(ThrowableCollector.java:73)
	at org.junit.platform.engine.support.hierarchical.NodeTestTask.lambda$executeRecursively$8(NodeTestTask.java:146)
	at org.junit.platform.engine.support.hierarchical.Node.around(Node.java:137)
	at org.junit.platform.engine.support.hierarchical.NodeTestTask.lambda$executeRecursively$9(NodeTestTask.java:144)
	at org.junit.platform.engine.support.hierarchical.ThrowableCollector.execute(ThrowableCollector.java:73)
	at org.junit.platform.engine.support.hierarchical.NodeTestTask.executeRecursively(NodeTestTask.java:143)
	at org.junit.platform.engine.support.hierarchical.NodeTestTask.execute(NodeTestTask.java:100)
	at org.junit.platform.engine.support.hierarchical.SameThreadHierarchicalTestExecutorService.submit(SameThreadHierarchicalTestExecutorService.java:35)
	at org.junit.platform.engine.support.hierarchical.HierarchicalTestExecutor.execute(HierarchicalTestExecutor.java:57)
	at org.junit.platform.engine.support.hierarchical.HierarchicalTestEngine.execute(HierarchicalTestEngine.java:54)
	at org.junit.platform.launcher.core.EngineExecutionOrchestrator.execute(EngineExecutionOrchestrator.java:201)
	at org.junit.platform.launcher.core.EngineExecutionOrchestrator.execute(EngineExecutionOrchestrator.java:170)
	at org.junit.platform.launcher.core.EngineExecutionOrchestrator.execute(EngineExecutionOrchestrator.java:94)
	at org.junit.platform.launcher.core.EngineExecutionOrchestrator.lambda$execute$0(EngineExecutionOrchestrator.java:59)
	at org.junit.platform.launcher.core.EngineExecutionOrchestrator.withInterceptedStreams(EngineExecutionOrchestrator.java:142)
	at org.junit.platform.launcher.core.EngineExecutionOrchestrator.execute(EngineExecutionOrchestrator.java:58)
	at org.junit.platform.launcher.core.DefaultLauncher.execute(DefaultLauncher.java:103)
	at org.junit.platform.launcher.core.DefaultLauncher.execute(DefaultLauncher.java:85)
	at org.junit.platform.launcher.core.DelegatingLauncher.execute(DelegatingLauncher.java:47)
	at org.junit.platform.launcher.core.InterceptingLauncher.lambda$execute$1(InterceptingLauncher.java:39)
	at org.junit.platform.launcher.core.ClasspathAlignmentCheckingLauncherInterceptor.intercept(ClasspathAlignmentCheckingLauncherInterceptor.java:25)
	at org.junit.platform.launcher.core.InterceptingLauncher.execute(InterceptingLauncher.java:38)
	at org.junit.platform.launcher.core.DelegatingLauncher.execute(DelegatingLauncher.java:47)
	at org.apache.maven.surefire.junitplatform.LazyLauncher.execute(LazyLauncher.java:56)
	at org.apache.maven.surefire.junitplatform.JUnitPlatformProvider.execute(JUnitPlatformProvider.java:184)
	at org.apache.maven.surefire.junitplatform.JUnitPlatformProvider.invokeAllTests(JUnitPlatformProvider.java:148)
	at org.apache.maven.surefire.junitplatform.JUnitPlatformProvider.invoke(JUnitPlatformProvider.java:122)
	at org.apache.maven.surefire.booter.ForkedBooter.runSuitesInProcess(ForkedBooter.java:385)
	at org.apache.maven.surefire.booter.ForkedBooter.execute(ForkedBooter.java:162)
	at org.apache.maven.surefire.booter.ForkedBooter.run(ForkedBooter.java:507)
	at org.apache.maven.surefire.booter.ForkedBooter.main(ForkedBooter.java:495)

2025-08-06 18:50:48,715 ERROR [io.api.reg.uti.tes.TestUtils] (main) === =========== ===
]]></system-out>
  </testcase>
  <testcase name="testProducerUsesDefaultConsumerUsesGlobalId" classname="io.apicurio.tests.serdes.apicurio.AvroSerdeIT" time="0.0">
    <skipped message="void io.apicurio.tests.serdes.apicurio.AvroSerdeIT.testProducerUsesDefaultConsumerUsesGlobalId() throws java.lang.Exception is @Disabled"/>
  </testcase>
  <testcase name="testEvolveAvroApicurio" classname="io.apicurio.tests.serdes.apicurio.AvroSerdeIT" time="4.855">
    <error type="io.apicurio.registry.rest.client.models.RuleViolationProblemDetails"><![CDATA[io.apicurio.registry.rest.client.models.RuleViolationProblemDetails
	at io.apicurio.registry.rest.client.models.RuleViolationProblemDetails.createFromDiscriminatorValue(RuleViolationProblemDetails.java:62)
	at io.kiota.serialization.json.JsonParseNode.getObjectValue(JsonParseNode.java:247)
	at io.kiota.http.vertx.VertXRequestAdapter.lambda$throwIfFailedResponse$0(VertXRequestAdapter.java:400)
	at com.microsoft.kiota.ApiExceptionBuilder.<init>(ApiExceptionBuilder.java:26)
	at io.kiota.http.vertx.VertXRequestAdapter.throwIfFailedResponse(VertXRequestAdapter.java:399)
	at io.kiota.http.vertx.VertXRequestAdapter.send(VertXRequestAdapter.java:170)
	at io.apicurio.registry.rest.client.groups.item.artifacts.item.versions.VersionsRequestBuilder.post(VersionsRequestBuilder.java:117)
	at io.apicurio.registry.rest.client.groups.item.artifacts.item.versions.VersionsRequestBuilder.post(VersionsRequestBuilder.java:94)
	at io.apicurio.tests.ApicurioRegistryBaseIT.createArtifactVersion(ApicurioRegistryBaseIT.java:219)
	at io.apicurio.tests.serdes.apicurio.AvroSerdeIT.evolveSchemaTest(AvroSerdeIT.java:337)
	at io.apicurio.tests.serdes.apicurio.AvroSerdeIT.testEvolveAvroApicurio(AvroSerdeIT.java:275)
	at java.base/java.lang.reflect.Method.invoke(Method.java:569)
	at java.base/java.util.ArrayList.forEach(ArrayList.java:1511)
	at java.base/java.util.ArrayList.forEach(ArrayList.java:1511)
]]></error>
    <system-out><![CDATA[2025-08-06 18:50:48,718 INFO  [io.api.tes.uti.TestSeparator] (main) ############################################################################
2025-08-06 18:50:48,718 INFO  [io.api.tes.uti.TestSeparator] (main) io.apicurio.tests.serdes.apicurio.AvroSerdeIT.testEvolveAvroApicurio-STARTED
2025-08-06 18:50:48,719 INFO  [io.api.tes.ser.api.AvroSerdeIT] (main) Registering Avro Schema: {"type":"record","name":"s0dfeaa31x4cccx4b40x8522x254a0dcc5482","namespace":"ns_d8859d06_0ff8_4dc6_ba50_5eee6ad52a0c","fields":[{"name":"key11754506248719","type":"string"}]}
**** Registry Base URL: http://registry-app-inmemory.apps.ci419.apicurio-testing.org:80
2025-08-06 18:50:49,741 INFO  [org.apa.kaf.cli.pro.ProducerConfig] (main) ProducerConfig values: 
	acks = -1
	auto.include.jmx.reporter = true
	batch.size = 16384
	bootstrap.servers = [PLAINTEXT://localhost:32769]
	buffer.memory = 33554432
	client.dns.lookup = use_all_dns_ips
	client.id = Producer-topic-f4ed6d07_9a8c_469e_a91f_ef80d9c50372
	compression.gzip.level = -1
	compression.lz4.level = 9
	compression.type = none
	compression.zstd.level = 3
	connections.max.idle.ms = 10000
	delivery.timeout.ms = 120000
	enable.idempotence = true
	enable.metrics.push = true
	interceptor.classes = []
	key.serializer = class org.apache.kafka.common.serialization.StringSerializer
	linger.ms = 0
	max.block.ms = 60000
	max.in.flight.requests.per.connection = 5
	max.request.size = 1048576
	metadata.max.age.ms = 300000
	metadata.max.idle.ms = 300000
	metadata.recovery.strategy = none
	metric.reporters = []
	metrics.num.samples = 2
	metrics.recording.level = INFO
	metrics.sample.window.ms = 30000
	partitioner.adaptive.partitioning.enable = true
	partitioner.availability.timeout.ms = 0
	partitioner.class = null
	partitioner.ignore.keys = false
	receive.buffer.bytes = 32768
	reconnect.backoff.max.ms = 1000
	reconnect.backoff.ms = 50
	request.timeout.ms = 5000
	retries = 2147483647
	retry.backoff.max.ms = 1000
	retry.backoff.ms = 100
	sasl.client.callback.handler.class = null
	sasl.jaas.config = null
	sasl.kerberos.kinit.cmd = /usr/bin/kinit
	sasl.kerberos.min.time.before.relogin = 60000
	sasl.kerberos.service.name = null
	sasl.kerberos.ticket.renew.jitter = 0.05
	sasl.kerberos.ticket.renew.window.factor = 0.8
	sasl.login.callback.handler.class = null
	sasl.login.class = null
	sasl.login.connect.timeout.ms = null
	sasl.login.read.timeout.ms = null
	sasl.login.refresh.buffer.seconds = 300
	sasl.login.refresh.min.period.seconds = 60
	sasl.login.refresh.window.factor = 0.8
	sasl.login.refresh.window.jitter = 0.05
	sasl.login.retry.backoff.max.ms = 10000
	sasl.login.retry.backoff.ms = 100
	sasl.mechanism = GSSAPI
	sasl.oauthbearer.clock.skew.seconds = 30
	sasl.oauthbearer.expected.audience = null
	sasl.oauthbearer.expected.issuer = null
	sasl.oauthbearer.header.urlencode = false
	sasl.oauthbearer.jwks.endpoint.refresh.ms = 3600000
	sasl.oauthbearer.jwks.endpoint.retry.backoff.max.ms = 10000
	sasl.oauthbearer.jwks.endpoint.retry.backoff.ms = 100
	sasl.oauthbearer.jwks.endpoint.url = null
	sasl.oauthbearer.scope.claim.name = scope
	sasl.oauthbearer.sub.claim.name = sub
	sasl.oauthbearer.token.endpoint.url = null
	security.protocol = PLAINTEXT
	security.providers = null
	send.buffer.bytes = 131072
	socket.connection.setup.timeout.max.ms = 30000
	socket.connection.setup.timeout.ms = 10000
	ssl.cipher.suites = null
	ssl.enabled.protocols = [TLSv1.2, TLSv1.3]
	ssl.endpoint.identification.algorithm = https
	ssl.engine.factory.class = null
	ssl.key.password = null
	ssl.keymanager.algorithm = SunX509
	ssl.keystore.certificate.chain = null
	ssl.keystore.key = null
	ssl.keystore.location = null
	ssl.keystore.password = null
	ssl.keystore.type = JKS
	ssl.protocol = TLSv1.3
	ssl.provider = null
	ssl.secure.random.implementation = null
	ssl.trustmanager.algorithm = PKIX
	ssl.truststore.certificates = null
	ssl.truststore.location = null
	ssl.truststore.password = null
	ssl.truststore.type = JKS
	transaction.timeout.ms = 60000
	transactional.id = null
	value.serializer = class io.apicurio.registry.serde.avro.AvroKafkaSerializer

2025-08-06 18:50:49,741 INFO  [org.apa.kaf.com.tel.int.KafkaMetricsCollector] (main) initializing Kafka metrics collector
2025-08-06 18:50:49,748 INFO  [org.apa.kaf.cli.pro.KafkaProducer] (main) [Producer clientId=Producer-topic-f4ed6d07_9a8c_469e_a91f_ef80d9c50372] Instantiated an idempotent producer.
2025-08-06 18:50:49,750 INFO  [org.apa.kaf.cli.pro.ProducerConfig] (main) These configurations '[apicurio.registry.url, apicurio.registry.artifact-resolver-strategy]' were supplied but are not used yet.
2025-08-06 18:50:49,750 INFO  [org.apa.kaf.com.uti.AppInfoParser] (main) Kafka version: 3.9.1
2025-08-06 18:50:49,750 INFO  [org.apa.kaf.com.uti.AppInfoParser] (main) Kafka commitId: f745dfdcee2b9851
2025-08-06 18:50:49,750 INFO  [org.apa.kaf.com.uti.AppInfoParser] (main) Kafka startTimeMs: 1754506249750
**** Registry Base URL: http://registry-app-inmemory.apps.ci419.apicurio-testing.org:80
2025-08-06 18:50:49,751 INFO  [org.apa.kaf.cli.con.ConsumerConfig] (main) ConsumerConfig values: 
	allow.auto.create.topics = true
	auto.commit.interval.ms = 500
	auto.include.jmx.reporter = true
	auto.offset.reset = earliest
	bootstrap.servers = [PLAINTEXT://localhost:32769]
	check.crcs = true
	client.dns.lookup = use_all_dns_ips
	client.id = consumer-Consumer-topic-f4ed6d07_9a8c_469e_a91f_ef80d9c50372-9
	client.rack = 
	connections.max.idle.ms = 10000
	default.api.timeout.ms = 60000
	enable.auto.commit = true
	enable.metrics.push = true
	exclude.internal.topics = true
	fetch.max.bytes = 52428800
	fetch.max.wait.ms = 500
	fetch.min.bytes = 1
	group.id = Consumer-topic-f4ed6d07_9a8c_469e_a91f_ef80d9c50372
	group.instance.id = null
	group.protocol = classic
	group.remote.assignor = null
	heartbeat.interval.ms = 3000
	interceptor.classes = []
	internal.leave.group.on.close = true
	internal.throw.on.fetch.stable.offset.unsupported = false
	isolation.level = read_uncommitted
	key.deserializer = class org.apache.kafka.common.serialization.StringDeserializer
	max.partition.fetch.bytes = 1048576
	max.poll.interval.ms = 300000
	max.poll.records = 500
	metadata.max.age.ms = 300000
	metadata.recovery.strategy = none
	metric.reporters = []
	metrics.num.samples = 2
	metrics.recording.level = INFO
	metrics.sample.window.ms = 30000
	partition.assignment.strategy = [class org.apache.kafka.clients.consumer.RangeAssignor, class org.apache.kafka.clients.consumer.CooperativeStickyAssignor]
	receive.buffer.bytes = 65536
	reconnect.backoff.max.ms = 1000
	reconnect.backoff.ms = 50
	request.timeout.ms = 5000
	retry.backoff.max.ms = 1000
	retry.backoff.ms = 100
	sasl.client.callback.handler.class = null
	sasl.jaas.config = null
	sasl.kerberos.kinit.cmd = /usr/bin/kinit
	sasl.kerberos.min.time.before.relogin = 60000
	sasl.kerberos.service.name = null
	sasl.kerberos.ticket.renew.jitter = 0.05
	sasl.kerberos.ticket.renew.window.factor = 0.8
	sasl.login.callback.handler.class = null
	sasl.login.class = null
	sasl.login.connect.timeout.ms = null
	sasl.login.read.timeout.ms = null
	sasl.login.refresh.buffer.seconds = 300
	sasl.login.refresh.min.period.seconds = 60
	sasl.login.refresh.window.factor = 0.8
	sasl.login.refresh.window.jitter = 0.05
	sasl.login.retry.backoff.max.ms = 10000
	sasl.login.retry.backoff.ms = 100
	sasl.mechanism = GSSAPI
	sasl.oauthbearer.clock.skew.seconds = 30
	sasl.oauthbearer.expected.audience = null
	sasl.oauthbearer.expected.issuer = null
	sasl.oauthbearer.header.urlencode = false
	sasl.oauthbearer.jwks.endpoint.refresh.ms = 3600000
	sasl.oauthbearer.jwks.endpoint.retry.backoff.max.ms = 10000
	sasl.oauthbearer.jwks.endpoint.retry.backoff.ms = 100
	sasl.oauthbearer.jwks.endpoint.url = null
	sasl.oauthbearer.scope.claim.name = scope
	sasl.oauthbearer.sub.claim.name = sub
	sasl.oauthbearer.token.endpoint.url = null
	security.protocol = PLAINTEXT
	security.providers = null
	send.buffer.bytes = 131072
	session.timeout.ms = 45000
	socket.connection.setup.timeout.max.ms = 30000
	socket.connection.setup.timeout.ms = 10000
	ssl.cipher.suites = null
	ssl.enabled.protocols = [TLSv1.2, TLSv1.3]
	ssl.endpoint.identification.algorithm = https
	ssl.engine.factory.class = null
	ssl.key.password = null
	ssl.keymanager.algorithm = SunX509
	ssl.keystore.certificate.chain = null
	ssl.keystore.key = null
	ssl.keystore.location = null
	ssl.keystore.password = null
	ssl.keystore.type = JKS
	ssl.protocol = TLSv1.3
	ssl.provider = null
	ssl.secure.random.implementation = null
	ssl.trustmanager.algorithm = PKIX
	ssl.truststore.certificates = null
	ssl.truststore.location = null
	ssl.truststore.password = null
	ssl.truststore.type = JKS
	value.deserializer = class io.apicurio.registry.serde.avro.AvroKafkaDeserializer

2025-08-06 18:50:49,751 INFO  [org.apa.kaf.com.tel.int.KafkaMetricsCollector] (main) initializing Kafka metrics collector
2025-08-06 18:50:49,773 INFO  [org.apa.kaf.cli.Metadata] (kafka-producer-network-thread | Producer-topic-f4ed6d07_9a8c_469e_a91f_ef80d9c50372) [Producer clientId=Producer-topic-f4ed6d07_9a8c_469e_a91f_ef80d9c50372] Cluster ID: EV4Uys23RNi7BwH7MVj6Ag
2025-08-06 18:50:49,773 INFO  [org.apa.kaf.cli.pro.int.TransactionManager] (kafka-producer-network-thread | Producer-topic-f4ed6d07_9a8c_469e_a91f_ef80d9c50372) [Producer clientId=Producer-topic-f4ed6d07_9a8c_469e_a91f_ef80d9c50372] ProducerId set to 12 with epoch 0
2025-08-06 18:50:49,774 INFO  [org.apa.kaf.cli.con.ConsumerConfig] (main) These configurations '[apicurio.registry.url]' were supplied but are not used yet.
2025-08-06 18:50:49,774 INFO  [org.apa.kaf.com.uti.AppInfoParser] (main) Kafka version: 3.9.1
2025-08-06 18:50:49,774 INFO  [org.apa.kaf.com.uti.AppInfoParser] (main) Kafka commitId: f745dfdcee2b9851
2025-08-06 18:50:49,774 INFO  [org.apa.kaf.com.uti.AppInfoParser] (main) Kafka startTimeMs: 1754506249774
2025-08-06 18:50:49,774 INFO  [io.api.tes.ser.api.KafkaSerdesTester] (Thread-662) Sending message {"key11754506248719": "value-0"} to topic topic-f4ed6d07_9a8c_469e_a91f_ef80d9c50372
2025-08-06 18:50:49,778 INFO  [DefaultSchemaResolver] (Thread-662) Retrieving schema content using string: {"type":"record","name":"s0dfeaa31x4cccx4b40x8522x254a0dcc5482","namespace":"ns_d8859d06_0ff8_4dc6_ba50_5eee6ad52a0c","fields":[{"name":"key11754506248719","type":"string"}]}
2025-08-06 18:50:49,798 INFO  [io.api.tes.ser.api.KafkaSerdesTester] (Thread-662) Sending message {"key11754506248719": "value-1"} to topic topic-f4ed6d07_9a8c_469e_a91f_ef80d9c50372
2025-08-06 18:50:49,799 INFO  [io.api.tes.ser.api.KafkaSerdesTester] (Thread-662) Sending message {"key11754506248719": "value-2"} to topic topic-f4ed6d07_9a8c_469e_a91f_ef80d9c50372
2025-08-06 18:50:49,801 INFO  [io.api.tes.ser.api.KafkaSerdesTester] (Thread-662) Sending message {"key11754506248719": "value-3"} to topic topic-f4ed6d07_9a8c_469e_a91f_ef80d9c50372
2025-08-06 18:50:49,803 INFO  [io.api.tes.ser.api.KafkaSerdesTester] (Thread-662) Sending message {"key11754506248719": "value-4"} to topic topic-f4ed6d07_9a8c_469e_a91f_ef80d9c50372
2025-08-06 18:50:49,805 INFO  [io.api.tes.ser.api.KafkaSerdesTester] (Thread-662) Sending message {"key11754506248719": "value-5"} to topic topic-f4ed6d07_9a8c_469e_a91f_ef80d9c50372
2025-08-06 18:50:49,806 INFO  [io.api.tes.ser.api.KafkaSerdesTester] (Thread-662) Sending message {"key11754506248719": "value-6"} to topic topic-f4ed6d07_9a8c_469e_a91f_ef80d9c50372
2025-08-06 18:50:49,808 INFO  [io.api.tes.ser.api.KafkaSerdesTester] (Thread-662) Sending message {"key11754506248719": "value-7"} to topic topic-f4ed6d07_9a8c_469e_a91f_ef80d9c50372
2025-08-06 18:50:49,810 INFO  [io.api.tes.ser.api.KafkaSerdesTester] (Thread-662) Sending message {"key11754506248719": "value-8"} to topic topic-f4ed6d07_9a8c_469e_a91f_ef80d9c50372
2025-08-06 18:50:49,814 INFO  [io.api.tes.ser.api.KafkaSerdesTester] (Thread-662) Sending message {"key11754506248719": "value-9"} to topic topic-f4ed6d07_9a8c_469e_a91f_ef80d9c50372
2025-08-06 18:50:49,817 INFO  [io.api.tes.ser.api.KafkaSerdesTester] (Thread-662) Produced 10 messages
2025-08-06 18:50:49,817 INFO  [org.apa.kaf.cli.pro.KafkaProducer] (Thread-662) [Producer clientId=Producer-topic-f4ed6d07_9a8c_469e_a91f_ef80d9c50372] Closing the Kafka producer with timeoutMillis = 9223372036854775807 ms.
2025-08-06 18:50:49,820 INFO  [org.apa.kaf.com.met.Metrics] (Thread-662) Metrics scheduler closed
2025-08-06 18:50:49,820 INFO  [org.apa.kaf.com.met.Metrics] (Thread-662) Closing reporter org.apache.kafka.common.metrics.JmxReporter
2025-08-06 18:50:49,820 INFO  [org.apa.kaf.com.met.Metrics] (Thread-662) Closing reporter org.apache.kafka.common.telemetry.internals.ClientTelemetryReporter
2025-08-06 18:50:49,820 INFO  [org.apa.kaf.com.met.Metrics] (Thread-662) Metrics reporters closed
2025-08-06 18:50:49,822 INFO  [org.apa.kaf.com.uti.AppInfoParser] (Thread-662) App info kafka.producer for Producer-topic-f4ed6d07_9a8c_469e_a91f_ef80d9c50372 unregistered
2025-08-06 18:50:49,822 INFO  [org.apa.kaf.cli.con.int.ClassicKafkaConsumer] (Thread-663) [Consumer clientId=consumer-Consumer-topic-f4ed6d07_9a8c_469e_a91f_ef80d9c50372-9, groupId=Consumer-topic-f4ed6d07_9a8c_469e_a91f_ef80d9c50372] Subscribed to topic(s): topic-f4ed6d07_9a8c_469e_a91f_ef80d9c50372
2025-08-06 18:50:49,829 INFO  [org.apa.kaf.cli.Metadata] (Thread-663) [Consumer clientId=consumer-Consumer-topic-f4ed6d07_9a8c_469e_a91f_ef80d9c50372-9, groupId=Consumer-topic-f4ed6d07_9a8c_469e_a91f_ef80d9c50372] Cluster ID: EV4Uys23RNi7BwH7MVj6Ag
2025-08-06 18:50:49,829 INFO  [org.apa.kaf.cli.con.int.ConsumerCoordinator] (Thread-663) [Consumer clientId=consumer-Consumer-topic-f4ed6d07_9a8c_469e_a91f_ef80d9c50372-9, groupId=Consumer-topic-f4ed6d07_9a8c_469e_a91f_ef80d9c50372] Discovered group coordinator localhost:32769 (id: 2147483647 rack: null)
2025-08-06 18:50:49,831 INFO  [org.apa.kaf.cli.con.int.ConsumerCoordinator] (Thread-663) [Consumer clientId=consumer-Consumer-topic-f4ed6d07_9a8c_469e_a91f_ef80d9c50372-9, groupId=Consumer-topic-f4ed6d07_9a8c_469e_a91f_ef80d9c50372] (Re-)joining group
2025-08-06 18:50:49,833 INFO  [org.apa.kaf.cli.con.int.ConsumerCoordinator] (Thread-663) [Consumer clientId=consumer-Consumer-topic-f4ed6d07_9a8c_469e_a91f_ef80d9c50372-9, groupId=Consumer-topic-f4ed6d07_9a8c_469e_a91f_ef80d9c50372] Request joining group due to: need to re-join with the given member-id: consumer-Consumer-topic-f4ed6d07_9a8c_469e_a91f_ef80d9c50372-9-c6fec475-f218-48b5-a2cc-393fe74aa918
2025-08-06 18:50:49,833 INFO  [org.apa.kaf.cli.con.int.ConsumerCoordinator] (Thread-663) [Consumer clientId=consumer-Consumer-topic-f4ed6d07_9a8c_469e_a91f_ef80d9c50372-9, groupId=Consumer-topic-f4ed6d07_9a8c_469e_a91f_ef80d9c50372] (Re-)joining group
2025-08-06 18:50:50,823 INFO  [io.api.tes.ser.api.KafkaSerdesTester] (Thread-663) None found
2025-08-06 18:50:51,823 INFO  [io.api.tes.ser.api.KafkaSerdesTester] (Thread-663) None found
2025-08-06 18:50:52,823 INFO  [io.api.tes.ser.api.KafkaSerdesTester] (Thread-663) None found
2025-08-06 18:50:52,835 INFO  [org.apa.kaf.cli.con.int.ConsumerCoordinator] (Thread-663) [Consumer clientId=consumer-Consumer-topic-f4ed6d07_9a8c_469e_a91f_ef80d9c50372-9, groupId=Consumer-topic-f4ed6d07_9a8c_469e_a91f_ef80d9c50372] Successfully joined group with generation Generation{generationId=1, memberId='consumer-Consumer-topic-f4ed6d07_9a8c_469e_a91f_ef80d9c50372-9-c6fec475-f218-48b5-a2cc-393fe74aa918', protocol='range'}
2025-08-06 18:50:52,835 INFO  [org.apa.kaf.cli.con.int.ConsumerCoordinator] (Thread-663) [Consumer clientId=consumer-Consumer-topic-f4ed6d07_9a8c_469e_a91f_ef80d9c50372-9, groupId=Consumer-topic-f4ed6d07_9a8c_469e_a91f_ef80d9c50372] Finished assignment for group at generation 1: {consumer-Consumer-topic-f4ed6d07_9a8c_469e_a91f_ef80d9c50372-9-c6fec475-f218-48b5-a2cc-393fe74aa918=Assignment(partitions=[topic-f4ed6d07_9a8c_469e_a91f_ef80d9c50372-0])}
2025-08-06 18:50:52,841 INFO  [org.apa.kaf.cli.con.int.ConsumerCoordinator] (Thread-663) [Consumer clientId=consumer-Consumer-topic-f4ed6d07_9a8c_469e_a91f_ef80d9c50372-9, groupId=Consumer-topic-f4ed6d07_9a8c_469e_a91f_ef80d9c50372] Successfully synced group in generation Generation{generationId=1, memberId='consumer-Consumer-topic-f4ed6d07_9a8c_469e_a91f_ef80d9c50372-9-c6fec475-f218-48b5-a2cc-393fe74aa918', protocol='range'}
2025-08-06 18:50:52,842 INFO  [org.apa.kaf.cli.con.int.ConsumerCoordinator] (Thread-663) [Consumer clientId=consumer-Consumer-topic-f4ed6d07_9a8c_469e_a91f_ef80d9c50372-9, groupId=Consumer-topic-f4ed6d07_9a8c_469e_a91f_ef80d9c50372] Notifying assignor about the new Assignment(partitions=[topic-f4ed6d07_9a8c_469e_a91f_ef80d9c50372-0])
2025-08-06 18:50:52,842 INFO  [org.apa.kaf.cli.con.int.ConsumerRebalanceListenerInvoker] (Thread-663) [Consumer clientId=consumer-Consumer-topic-f4ed6d07_9a8c_469e_a91f_ef80d9c50372-9, groupId=Consumer-topic-f4ed6d07_9a8c_469e_a91f_ef80d9c50372] Adding newly assigned partitions: topic-f4ed6d07_9a8c_469e_a91f_ef80d9c50372-0
2025-08-06 18:50:52,843 INFO  [org.apa.kaf.cli.con.int.ConsumerCoordinator] (Thread-663) [Consumer clientId=consumer-Consumer-topic-f4ed6d07_9a8c_469e_a91f_ef80d9c50372-9, groupId=Consumer-topic-f4ed6d07_9a8c_469e_a91f_ef80d9c50372] Found no committed offset for partition topic-f4ed6d07_9a8c_469e_a91f_ef80d9c50372-0
2025-08-06 18:50:52,846 INFO  [org.apa.kaf.cli.con.int.SubscriptionState] (Thread-663) [Consumer clientId=consumer-Consumer-topic-f4ed6d07_9a8c_469e_a91f_ef80d9c50372-9, groupId=Consumer-topic-f4ed6d07_9a8c_469e_a91f_ef80d9c50372] Resetting offset for partition topic-f4ed6d07_9a8c_469e_a91f_ef80d9c50372-0 to position FetchPosition{offset=0, offsetEpoch=Optional.empty, currentLeader=LeaderAndEpoch{leader=Optional[localhost:32769 (id: 0 rack: null)], epoch=0}}.
2025-08-06 18:50:53,048 INFO  [io.api.tes.ser.api.KafkaSerdesTester] (Thread-663) topic-f4ed6d07_9a8c_469e_a91f_ef80d9c50372 0 0 {"key11754506248719": "value-0"}
2025-08-06 18:50:53,048 INFO  [io.api.tes.ser.api.KafkaSerdesTester] (Thread-663) topic-f4ed6d07_9a8c_469e_a91f_ef80d9c50372 0 1 {"key11754506248719": "value-1"}
2025-08-06 18:50:53,048 INFO  [io.api.tes.ser.api.KafkaSerdesTester] (Thread-663) topic-f4ed6d07_9a8c_469e_a91f_ef80d9c50372 0 2 {"key11754506248719": "value-2"}
2025-08-06 18:50:53,048 INFO  [io.api.tes.ser.api.KafkaSerdesTester] (Thread-663) topic-f4ed6d07_9a8c_469e_a91f_ef80d9c50372 0 3 {"key11754506248719": "value-3"}
2025-08-06 18:50:53,049 INFO  [io.api.tes.ser.api.KafkaSerdesTester] (Thread-663) topic-f4ed6d07_9a8c_469e_a91f_ef80d9c50372 0 4 {"key11754506248719": "value-4"}
2025-08-06 18:50:53,049 INFO  [io.api.tes.ser.api.KafkaSerdesTester] (Thread-663) topic-f4ed6d07_9a8c_469e_a91f_ef80d9c50372 0 5 {"key11754506248719": "value-5"}
2025-08-06 18:50:53,049 INFO  [io.api.tes.ser.api.KafkaSerdesTester] (Thread-663) topic-f4ed6d07_9a8c_469e_a91f_ef80d9c50372 0 6 {"key11754506248719": "value-6"}
2025-08-06 18:50:53,049 INFO  [io.api.tes.ser.api.KafkaSerdesTester] (Thread-663) topic-f4ed6d07_9a8c_469e_a91f_ef80d9c50372 0 7 {"key11754506248719": "value-7"}
2025-08-06 18:50:53,049 INFO  [io.api.tes.ser.api.KafkaSerdesTester] (Thread-663) topic-f4ed6d07_9a8c_469e_a91f_ef80d9c50372 0 8 {"key11754506248719": "value-8"}
2025-08-06 18:50:53,049 INFO  [io.api.tes.ser.api.KafkaSerdesTester] (Thread-663) topic-f4ed6d07_9a8c_469e_a91f_ef80d9c50372 0 9 {"key11754506248719": "value-9"}
2025-08-06 18:50:53,049 INFO  [io.api.tes.ser.api.KafkaSerdesTester] (Thread-663) Consumed 10 messages
2025-08-06 18:50:53,057 INFO  [org.apa.kaf.cli.con.int.ConsumerRebalanceListenerInvoker] (Thread-663) [Consumer clientId=consumer-Consumer-topic-f4ed6d07_9a8c_469e_a91f_ef80d9c50372-9, groupId=Consumer-topic-f4ed6d07_9a8c_469e_a91f_ef80d9c50372] Revoke previously assigned partitions topic-f4ed6d07_9a8c_469e_a91f_ef80d9c50372-0
2025-08-06 18:50:53,058 INFO  [org.apa.kaf.cli.con.int.ConsumerCoordinator] (Thread-663) [Consumer clientId=consumer-Consumer-topic-f4ed6d07_9a8c_469e_a91f_ef80d9c50372-9, groupId=Consumer-topic-f4ed6d07_9a8c_469e_a91f_ef80d9c50372] Member consumer-Consumer-topic-f4ed6d07_9a8c_469e_a91f_ef80d9c50372-9-c6fec475-f218-48b5-a2cc-393fe74aa918 sending LeaveGroup request to coordinator localhost:32769 (id: 2147483647 rack: null) due to the consumer is being closed
2025-08-06 18:50:53,058 INFO  [org.apa.kaf.cli.con.int.ConsumerCoordinator] (Thread-663) [Consumer clientId=consumer-Consumer-topic-f4ed6d07_9a8c_469e_a91f_ef80d9c50372-9, groupId=Consumer-topic-f4ed6d07_9a8c_469e_a91f_ef80d9c50372] Resetting generation and member id due to: consumer pro-actively leaving the group
2025-08-06 18:50:53,058 INFO  [org.apa.kaf.cli.con.int.ConsumerCoordinator] (Thread-663) [Consumer clientId=consumer-Consumer-topic-f4ed6d07_9a8c_469e_a91f_ef80d9c50372-9, groupId=Consumer-topic-f4ed6d07_9a8c_469e_a91f_ef80d9c50372] Request joining group due to: consumer pro-actively leaving the group
2025-08-06 18:50:53,552 INFO  [org.apa.kaf.com.met.Metrics] (Thread-663) Metrics scheduler closed
2025-08-06 18:50:53,552 INFO  [org.apa.kaf.com.met.Metrics] (Thread-663) Closing reporter org.apache.kafka.common.metrics.JmxReporter
2025-08-06 18:50:53,552 INFO  [org.apa.kaf.com.met.Metrics] (Thread-663) Closing reporter org.apache.kafka.common.telemetry.internals.ClientTelemetryReporter
2025-08-06 18:50:53,552 INFO  [org.apa.kaf.com.met.Metrics] (Thread-663) Metrics reporters closed
2025-08-06 18:50:53,555 INFO  [org.apa.kaf.com.uti.AppInfoParser] (Thread-663) App info kafka.consumer for consumer-Consumer-topic-f4ed6d07_9a8c_469e_a91f_ef80d9c50372-9 unregistered
2025-08-06 18:50:53,556 INFO  [io.api.tes.ser.api.AvroSerdeIT] (main) Registering Avro Schema 2: {"type":"record","name":"s0dfeaa31x4cccx4b40x8522x254a0dcc5482","namespace":"ns_d8859d06_0ff8_4dc6_ba50_5eee6ad52a0c","fields":[{"name":"key11754506248719","type":"string"},{"name":"key21754506253555","type":"string"}]}
2025-08-06 18:50:53,571 INFO  [io.api.tes.uti.TestSeparator] (main) io.apicurio.tests.serdes.apicurio.AvroSerdeIT.testEvolveAvroApicurio-FINISHED
2025-08-06 18:50:53,571 INFO  [io.api.tes.uti.TestSeparator] (main) ############################################################################
2025-08-06 18:50:53,571 ERROR [io.api.reg.uti.tes.TestUtils] (main) === TEST FAILED ===
2025-08-06 18:50:53,571 ERROR [io.api.reg.uti.tes.TestUtils] (main) Class: class io.apicurio.tests.serdes.apicurio.AvroSerdeIT
2025-08-06 18:50:53,571 ERROR [io.api.reg.uti.tes.TestUtils] (main) Test:  testEvolveAvroApicurio
2025-08-06 18:50:53,571 ERROR [io.api.reg.uti.tes.TestUtils] (main) ID:    [engine:junit-jupiter]/[class:io.apicurio.tests.serdes.apicurio.AvroSerdeIT]/[method:testEvolveAvroApicurio()]
2025-08-06 18:50:53,571 ERROR [io.api.reg.uti.tes.TestUtils] (main) Error: RuleViolationProblemDetails - null
2025-08-06 18:50:53,571 ERROR [io.api.reg.uti.tes.TestUtils] (main) Rule Violation Problem Details
2025-08-06 18:50:53,571 ERROR [io.api.reg.uti.tes.TestUtils] (main)     Name:     RuleViolationException
2025-08-06 18:50:53,571 ERROR [io.api.reg.uti.tes.TestUtils] (main)     Title:    Incompatible artifact: topic-f4ed6d07_9a8c_469e_a91f_ef80d9c50372-s0dfeaa31x4cccx4b40x8522x254a0dcc5482 [AVRO], num of incompatible diffs: {1}, list of diff types: [key21754506253555 at /fields/1]
2025-08-06 18:50:53,571 ERROR [io.api.reg.uti.tes.TestUtils] (main)     Detail:   Incompatible artifact: topic-f4ed6d07_9a8c_469e_a91f_ef80d9c50372-s0dfeaa31x4cccx4b40x8522x254a0dcc5482 [AVRO], num of incompatible diffs: {1}, list of diff types: [key21754506253555 at /fields/1] Causes: key21754506253555 at /fields/1
2025-08-06 18:50:53,571 ERROR [io.api.reg.uti.tes.TestUtils] (main)     Instance: null
2025-08-06 18:50:53,571 ERROR [io.api.reg.uti.tes.TestUtils] (main)     Type:     null
2025-08-06 18:50:53,571 ERROR [io.api.reg.uti.tes.TestUtils] (main)     Message:  null
2025-08-06 18:50:53,571 ERROR [io.api.reg.uti.tes.TestUtils] (main)     Status:   409
2025-08-06 18:50:53,571 ERROR [io.api.reg.uti.tes.TestUtils] (main)     Causes:
2025-08-06 18:50:53,571 ERROR [io.api.reg.uti.tes.TestUtils] (main)         Context:     /fields/1
2025-08-06 18:50:53,572 ERROR [io.api.reg.uti.tes.TestUtils] (main)         Description: key21754506253555
2025-08-06 18:50:53,572 ERROR [io.api.reg.uti.tes.TestUtils] (main)         ---
2025-08-06 18:50:53,572 ERROR [io.api.reg.uti.tes.TestUtils] (main) Root Cause: io.apicurio.registry.rest.client.models.RuleViolationProblemDetails
	at io.apicurio.registry.rest.client.models.RuleViolationProblemDetails.createFromDiscriminatorValue(RuleViolationProblemDetails.java:62)
	at io.kiota.serialization.json.JsonParseNode.getObjectValue(JsonParseNode.java:247)
	at io.kiota.http.vertx.VertXRequestAdapter.lambda$throwIfFailedResponse$0(VertXRequestAdapter.java:400)
	at com.microsoft.kiota.ApiExceptionBuilder.<init>(ApiExceptionBuilder.java:26)
	at io.kiota.http.vertx.VertXRequestAdapter.throwIfFailedResponse(VertXRequestAdapter.java:399)
	at io.kiota.http.vertx.VertXRequestAdapter.send(VertXRequestAdapter.java:170)
	at io.apicurio.registry.rest.client.groups.item.artifacts.item.versions.VersionsRequestBuilder.post(VersionsRequestBuilder.java:117)
	at io.apicurio.registry.rest.client.groups.item.artifacts.item.versions.VersionsRequestBuilder.post(VersionsRequestBuilder.java:94)
	at io.apicurio.tests.ApicurioRegistryBaseIT.createArtifactVersion(ApicurioRegistryBaseIT.java:219)
	at io.apicurio.tests.serdes.apicurio.AvroSerdeIT.evolveSchemaTest(AvroSerdeIT.java:337)
	at io.apicurio.tests.serdes.apicurio.AvroSerdeIT.testEvolveAvroApicurio(AvroSerdeIT.java:275)
	at java.base/jdk.internal.reflect.NativeMethodAccessorImpl.invoke0(Native Method)
	at java.base/jdk.internal.reflect.NativeMethodAccessorImpl.invoke(NativeMethodAccessorImpl.java:77)
	at java.base/jdk.internal.reflect.DelegatingMethodAccessorImpl.invoke(DelegatingMethodAccessorImpl.java:43)
	at java.base/java.lang.reflect.Method.invoke(Method.java:569)
	at org.junit.platform.commons.util.ReflectionUtils.invokeMethod(ReflectionUtils.java:775)
	at org.junit.platform.commons.support.ReflectionSupport.invokeMethod(ReflectionSupport.java:479)
	at org.junit.jupiter.engine.execution.MethodInvocation.proceed(MethodInvocation.java:60)
	at org.junit.jupiter.engine.execution.InvocationInterceptorChain$ValidatingInvocation.proceed(InvocationInterceptorChain.java:131)
	at org.junit.jupiter.engine.extension.TimeoutExtension.intercept(TimeoutExtension.java:161)
	at org.junit.jupiter.engine.extension.TimeoutExtension.interceptTestableMethod(TimeoutExtension.java:152)
	at org.junit.jupiter.engine.extension.TimeoutExtension.interceptTestMethod(TimeoutExtension.java:91)
	at org.junit.jupiter.engine.execution.InterceptingExecutableInvoker$ReflectiveInterceptorCall.lambda$ofVoidMethod$0(InterceptingExecutableInvoker.java:112)
	at org.junit.jupiter.engine.execution.InterceptingExecutableInvoker.lambda$invoke$0(InterceptingExecutableInvoker.java:94)
	at org.junit.jupiter.engine.execution.InvocationInterceptorChain$InterceptedInvocation.proceed(InvocationInterceptorChain.java:106)
	at org.junit.jupiter.engine.execution.InvocationInterceptorChain.proceed(InvocationInterceptorChain.java:64)
	at org.junit.jupiter.engine.execution.InvocationInterceptorChain.chainAndInvoke(InvocationInterceptorChain.java:45)
	at org.junit.jupiter.engine.execution.InvocationInterceptorChain.invoke(InvocationInterceptorChain.java:37)
	at org.junit.jupiter.engine.execution.InterceptingExecutableInvoker.invoke(InterceptingExecutableInvoker.java:93)
	at org.junit.jupiter.engine.execution.InterceptingExecutableInvoker.invoke(InterceptingExecutableInvoker.java:87)
	at org.junit.jupiter.engine.descriptor.TestMethodTestDescriptor.lambda$invokeTestMethod$7(TestMethodTestDescriptor.java:216)
	at org.junit.platform.engine.support.hierarchical.ThrowableCollector.execute(ThrowableCollector.java:73)
	at org.junit.jupiter.engine.descriptor.TestMethodTestDescriptor.invokeTestMethod(TestMethodTestDescriptor.java:212)
	at org.junit.jupiter.engine.descriptor.TestMethodTestDescriptor.execute(TestMethodTestDescriptor.java:137)
	at org.junit.jupiter.engine.descriptor.TestMethodTestDescriptor.execute(TestMethodTestDescriptor.java:69)
	at org.junit.platform.engine.support.hierarchical.NodeTestTask.lambda$executeRecursively$6(NodeTestTask.java:156)
	at org.junit.platform.engine.support.hierarchical.ThrowableCollector.execute(ThrowableCollector.java:73)
	at org.junit.platform.engine.support.hierarchical.NodeTestTask.lambda$executeRecursively$8(NodeTestTask.java:146)
	at org.junit.platform.engine.support.hierarchical.Node.around(Node.java:137)
	at org.junit.platform.engine.support.hierarchical.NodeTestTask.lambda$executeRecursively$9(NodeTestTask.java:144)
	at org.junit.platform.engine.support.hierarchical.ThrowableCollector.execute(ThrowableCollector.java:73)
	at org.junit.platform.engine.support.hierarchical.NodeTestTask.executeRecursively(NodeTestTask.java:143)
	at org.junit.platform.engine.support.hierarchical.NodeTestTask.execute(NodeTestTask.java:100)
	at java.base/java.util.ArrayList.forEach(ArrayList.java:1511)
	at org.junit.platform.engine.support.hierarchical.SameThreadHierarchicalTestExecutorService.invokeAll(SameThreadHierarchicalTestExecutorService.java:41)
	at org.junit.platform.engine.support.hierarchical.NodeTestTask.lambda$executeRecursively$6(NodeTestTask.java:160)
	at org.junit.platform.engine.support.hierarchical.ThrowableCollector.execute(ThrowableCollector.java:73)
	at org.junit.platform.engine.support.hierarchical.NodeTestTask.lambda$executeRecursively$8(NodeTestTask.java:146)
	at org.junit.platform.engine.support.hierarchical.Node.around(Node.java:137)
	at org.junit.platform.engine.support.hierarchical.NodeTestTask.lambda$executeRecursively$9(NodeTestTask.java:144)
	at org.junit.platform.engine.support.hierarchical.ThrowableCollector.execute(ThrowableCollector.java:73)
	at org.junit.platform.engine.support.hierarchical.NodeTestTask.executeRecursively(NodeTestTask.java:143)
	at org.junit.platform.engine.support.hierarchical.NodeTestTask.execute(NodeTestTask.java:100)
	at java.base/java.util.ArrayList.forEach(ArrayList.java:1511)
	at org.junit.platform.engine.support.hierarchical.SameThreadHierarchicalTestExecutorService.invokeAll(SameThreadHierarchicalTestExecutorService.java:41)
	at org.junit.platform.engine.support.hierarchical.NodeTestTask.lambda$executeRecursively$6(NodeTestTask.java:160)
	at org.junit.platform.engine.support.hierarchical.ThrowableCollector.execute(ThrowableCollector.java:73)
	at org.junit.platform.engine.support.hierarchical.NodeTestTask.lambda$executeRecursively$8(NodeTestTask.java:146)
	at org.junit.platform.engine.support.hierarchical.Node.around(Node.java:137)
	at org.junit.platform.engine.support.hierarchical.NodeTestTask.lambda$executeRecursively$9(NodeTestTask.java:144)
	at org.junit.platform.engine.support.hierarchical.ThrowableCollector.execute(ThrowableCollector.java:73)
	at org.junit.platform.engine.support.hierarchical.NodeTestTask.executeRecursively(NodeTestTask.java:143)
	at org.junit.platform.engine.support.hierarchical.NodeTestTask.execute(NodeTestTask.java:100)
	at org.junit.platform.engine.support.hierarchical.SameThreadHierarchicalTestExecutorService.submit(SameThreadHierarchicalTestExecutorService.java:35)
	at org.junit.platform.engine.support.hierarchical.HierarchicalTestExecutor.execute(HierarchicalTestExecutor.java:57)
	at org.junit.platform.engine.support.hierarchical.HierarchicalTestEngine.execute(HierarchicalTestEngine.java:54)
	at org.junit.platform.launcher.core.EngineExecutionOrchestrator.execute(EngineExecutionOrchestrator.java:201)
	at org.junit.platform.launcher.core.EngineExecutionOrchestrator.execute(EngineExecutionOrchestrator.java:170)
	at org.junit.platform.launcher.core.EngineExecutionOrchestrator.execute(EngineExecutionOrchestrator.java:94)
	at org.junit.platform.launcher.core.EngineExecutionOrchestrator.lambda$execute$0(EngineExecutionOrchestrator.java:59)
	at org.junit.platform.launcher.core.EngineExecutionOrchestrator.withInterceptedStreams(EngineExecutionOrchestrator.java:142)
	at org.junit.platform.launcher.core.EngineExecutionOrchestrator.execute(EngineExecutionOrchestrator.java:58)
	at org.junit.platform.launcher.core.DefaultLauncher.execute(DefaultLauncher.java:103)
	at org.junit.platform.launcher.core.DefaultLauncher.execute(DefaultLauncher.java:85)
	at org.junit.platform.launcher.core.DelegatingLauncher.execute(DelegatingLauncher.java:47)
	at org.junit.platform.launcher.core.InterceptingLauncher.lambda$execute$1(InterceptingLauncher.java:39)
	at org.junit.platform.launcher.core.ClasspathAlignmentCheckingLauncherInterceptor.intercept(ClasspathAlignmentCheckingLauncherInterceptor.java:25)
	at org.junit.platform.launcher.core.InterceptingLauncher.execute(InterceptingLauncher.java:38)
	at org.junit.platform.launcher.core.DelegatingLauncher.execute(DelegatingLauncher.java:47)
	at org.apache.maven.surefire.junitplatform.LazyLauncher.execute(LazyLauncher.java:56)
	at org.apache.maven.surefire.junitplatform.JUnitPlatformProvider.execute(JUnitPlatformProvider.java:184)
	at org.apache.maven.surefire.junitplatform.JUnitPlatformProvider.invokeAllTests(JUnitPlatformProvider.java:148)
	at org.apache.maven.surefire.junitplatform.JUnitPlatformProvider.invoke(JUnitPlatformProvider.java:122)
	at org.apache.maven.surefire.booter.ForkedBooter.runSuitesInProcess(ForkedBooter.java:385)
	at org.apache.maven.surefire.booter.ForkedBooter.execute(ForkedBooter.java:162)
	at org.apache.maven.surefire.booter.ForkedBooter.run(ForkedBooter.java:507)
	at org.apache.maven.surefire.booter.ForkedBooter.main(ForkedBooter.java:495)

2025-08-06 18:50:53,572 ERROR [io.api.reg.uti.tes.TestUtils] (main) === =========== ===
]]></system-out>
  </testcase>
  <testcase name="testTopicRecordIdStrategydFindLatest" classname="io.apicurio.tests.serdes.apicurio.AvroSerdeIT" time="4.676">
    <system-out><![CDATA[2025-08-06 18:50:53,576 INFO  [io.api.tes.uti.TestSeparator] (main) ############################################################################
2025-08-06 18:50:53,576 INFO  [io.api.tes.uti.TestSeparator] (main) io.apicurio.tests.serdes.apicurio.AvroSerdeIT.testTopicRecordIdStrategydFindLatest-STARTED
2025-08-06 18:50:53,576 INFO  [io.api.tes.ser.api.AvroSerdeIT] (main) Registering Avro Schema: {"type":"record","name":"sc1cac5fbx1948x4b0fx8ec3xd59a0726e123","namespace":"sb13f535cx8b32x4013xad2fx86fb16eee57f","fields":[{"name":"key11754506253576","type":"string"}]}
**** Registry Base URL: http://registry-app-inmemory.apps.ci419.apicurio-testing.org:80
2025-08-06 18:50:54,609 INFO  [org.apa.kaf.cli.pro.ProducerConfig] (main) ProducerConfig values: 
	acks = -1
	auto.include.jmx.reporter = true
	batch.size = 16384
	bootstrap.servers = [PLAINTEXT://localhost:32769]
	buffer.memory = 33554432
	client.dns.lookup = use_all_dns_ips
	client.id = Producer-topic-f0c2809b_9e04_422d_b14a_1aa1e58a7d15
	compression.gzip.level = -1
	compression.lz4.level = 9
	compression.type = none
	compression.zstd.level = 3
	connections.max.idle.ms = 10000
	delivery.timeout.ms = 120000
	enable.idempotence = true
	enable.metrics.push = true
	interceptor.classes = []
	key.serializer = class org.apache.kafka.common.serialization.StringSerializer
	linger.ms = 0
	max.block.ms = 60000
	max.in.flight.requests.per.connection = 5
	max.request.size = 1048576
	metadata.max.age.ms = 300000
	metadata.max.idle.ms = 300000
	metadata.recovery.strategy = none
	metric.reporters = []
	metrics.num.samples = 2
	metrics.recording.level = INFO
	metrics.sample.window.ms = 30000
	partitioner.adaptive.partitioning.enable = true
	partitioner.availability.timeout.ms = 0
	partitioner.class = null
	partitioner.ignore.keys = false
	receive.buffer.bytes = 32768
	reconnect.backoff.max.ms = 1000
	reconnect.backoff.ms = 50
	request.timeout.ms = 5000
	retries = 2147483647
	retry.backoff.max.ms = 1000
	retry.backoff.ms = 100
	sasl.client.callback.handler.class = null
	sasl.jaas.config = null
	sasl.kerberos.kinit.cmd = /usr/bin/kinit
	sasl.kerberos.min.time.before.relogin = 60000
	sasl.kerberos.service.name = null
	sasl.kerberos.ticket.renew.jitter = 0.05
	sasl.kerberos.ticket.renew.window.factor = 0.8
	sasl.login.callback.handler.class = null
	sasl.login.class = null
	sasl.login.connect.timeout.ms = null
	sasl.login.read.timeout.ms = null
	sasl.login.refresh.buffer.seconds = 300
	sasl.login.refresh.min.period.seconds = 60
	sasl.login.refresh.window.factor = 0.8
	sasl.login.refresh.window.jitter = 0.05
	sasl.login.retry.backoff.max.ms = 10000
	sasl.login.retry.backoff.ms = 100
	sasl.mechanism = GSSAPI
	sasl.oauthbearer.clock.skew.seconds = 30
	sasl.oauthbearer.expected.audience = null
	sasl.oauthbearer.expected.issuer = null
	sasl.oauthbearer.header.urlencode = false
	sasl.oauthbearer.jwks.endpoint.refresh.ms = 3600000
	sasl.oauthbearer.jwks.endpoint.retry.backoff.max.ms = 10000
	sasl.oauthbearer.jwks.endpoint.retry.backoff.ms = 100
	sasl.oauthbearer.jwks.endpoint.url = null
	sasl.oauthbearer.scope.claim.name = scope
	sasl.oauthbearer.sub.claim.name = sub
	sasl.oauthbearer.token.endpoint.url = null
	security.protocol = PLAINTEXT
	security.providers = null
	send.buffer.bytes = 131072
	socket.connection.setup.timeout.max.ms = 30000
	socket.connection.setup.timeout.ms = 10000
	ssl.cipher.suites = null
	ssl.enabled.protocols = [TLSv1.2, TLSv1.3]
	ssl.endpoint.identification.algorithm = https
	ssl.engine.factory.class = null
	ssl.key.password = null
	ssl.keymanager.algorithm = SunX509
	ssl.keystore.certificate.chain = null
	ssl.keystore.key = null
	ssl.keystore.location = null
	ssl.keystore.password = null
	ssl.keystore.type = JKS
	ssl.protocol = TLSv1.3
	ssl.provider = null
	ssl.secure.random.implementation = null
	ssl.trustmanager.algorithm = PKIX
	ssl.truststore.certificates = null
	ssl.truststore.location = null
	ssl.truststore.password = null
	ssl.truststore.type = JKS
	transaction.timeout.ms = 60000
	transactional.id = null
	value.serializer = class io.apicurio.registry.serde.avro.AvroKafkaSerializer

2025-08-06 18:50:54,609 INFO  [org.apa.kaf.com.tel.int.KafkaMetricsCollector] (main) initializing Kafka metrics collector
2025-08-06 18:50:54,612 INFO  [org.apa.kaf.cli.pro.KafkaProducer] (main) [Producer clientId=Producer-topic-f0c2809b_9e04_422d_b14a_1aa1e58a7d15] Instantiated an idempotent producer.
2025-08-06 18:50:54,614 INFO  [org.apa.kaf.cli.pro.ProducerConfig] (main) These configurations '[apicurio.registry.find-latest, apicurio.registry.url, apicurio.registry.artifact-resolver-strategy]' were supplied but are not used yet.
2025-08-06 18:50:54,614 INFO  [org.apa.kaf.com.uti.AppInfoParser] (main) Kafka version: 3.9.1
2025-08-06 18:50:54,614 INFO  [org.apa.kaf.com.uti.AppInfoParser] (main) Kafka commitId: f745dfdcee2b9851
2025-08-06 18:50:54,614 INFO  [org.apa.kaf.com.uti.AppInfoParser] (main) Kafka startTimeMs: 1754506254614
2025-08-06 18:50:54,614 INFO  [io.api.tes.ser.api.SimpleSerdesTesterBuilder$SimpleSerdesTester] (main) Using producer configuration: {apicurio.registry.find-latest=true, apicurio.registry.url=http://registry-app-inmemory.apps.ci419.apicurio-testing.org:80/apis/registry/v3, apicurio.registry.artifact-resolver-strategy=io.apicurio.registry.serde.avro.strategy.TopicRecordIdStrategy, value.serializer=io.apicurio.registry.serde.avro.AvroKafkaSerializer, request.timeout.ms=5000, acks=all, bootstrap.servers=PLAINTEXT://localhost:32769, connections.max.idle.ms=10000, key.serializer=org.apache.kafka.common.serialization.StringSerializer, client.id=Producer-topic-f0c2809b_9e04_422d_b14a_1aa1e58a7d15}
2025-08-06 18:50:54,614 INFO  [io.api.tes.ser.api.SimpleSerdesTesterBuilder$SimpleSerdesTester] (main) Using consumer configuration: {}
2025-08-06 18:50:54,614 INFO  [io.api.tes.ser.api.KafkaSerdesTester] (Thread-666) Sending message {"key11754506253576": "value-0"} to topic topic-f0c2809b_9e04_422d_b14a_1aa1e58a7d15
2025-08-06 18:50:54,618 INFO  [org.apa.kaf.cli.Metadata] (kafka-producer-network-thread | Producer-topic-f0c2809b_9e04_422d_b14a_1aa1e58a7d15) [Producer clientId=Producer-topic-f0c2809b_9e04_422d_b14a_1aa1e58a7d15] Cluster ID: EV4Uys23RNi7BwH7MVj6Ag
2025-08-06 18:50:54,622 INFO  [org.apa.kaf.cli.pro.int.TransactionManager] (kafka-producer-network-thread | Producer-topic-f0c2809b_9e04_422d_b14a_1aa1e58a7d15) [Producer clientId=Producer-topic-f0c2809b_9e04_422d_b14a_1aa1e58a7d15] ProducerId set to 13 with epoch 0
2025-08-06 18:50:54,658 INFO  [io.api.tes.ser.api.KafkaSerdesTester] (Thread-666) Sending message {"key11754506253576": "value-1"} to topic topic-f0c2809b_9e04_422d_b14a_1aa1e58a7d15
2025-08-06 18:50:54,660 INFO  [io.api.tes.ser.api.KafkaSerdesTester] (Thread-666) Sending message {"key11754506253576": "value-2"} to topic topic-f0c2809b_9e04_422d_b14a_1aa1e58a7d15
2025-08-06 18:50:54,662 INFO  [io.api.tes.ser.api.KafkaSerdesTester] (Thread-666) Sending message {"key11754506253576": "value-3"} to topic topic-f0c2809b_9e04_422d_b14a_1aa1e58a7d15
2025-08-06 18:50:54,663 INFO  [io.api.tes.ser.api.KafkaSerdesTester] (Thread-666) Sending message {"key11754506253576": "value-4"} to topic topic-f0c2809b_9e04_422d_b14a_1aa1e58a7d15
2025-08-06 18:50:54,665 INFO  [io.api.tes.ser.api.KafkaSerdesTester] (Thread-666) Sending message {"key11754506253576": "value-5"} to topic topic-f0c2809b_9e04_422d_b14a_1aa1e58a7d15
2025-08-06 18:50:54,670 INFO  [io.api.tes.ser.api.KafkaSerdesTester] (Thread-666) Sending message {"key11754506253576": "value-6"} to topic topic-f0c2809b_9e04_422d_b14a_1aa1e58a7d15
2025-08-06 18:50:54,672 INFO  [io.api.tes.ser.api.KafkaSerdesTester] (Thread-666) Sending message {"key11754506253576": "value-7"} to topic topic-f0c2809b_9e04_422d_b14a_1aa1e58a7d15
2025-08-06 18:50:54,674 INFO  [io.api.tes.ser.api.KafkaSerdesTester] (Thread-666) Sending message {"key11754506253576": "value-8"} to topic topic-f0c2809b_9e04_422d_b14a_1aa1e58a7d15
2025-08-06 18:50:54,675 INFO  [io.api.tes.ser.api.KafkaSerdesTester] (Thread-666) Sending message {"key11754506253576": "value-9"} to topic topic-f0c2809b_9e04_422d_b14a_1aa1e58a7d15
2025-08-06 18:50:54,677 INFO  [io.api.tes.ser.api.KafkaSerdesTester] (Thread-666) Produced 10 messages
2025-08-06 18:50:54,677 INFO  [org.apa.kaf.cli.pro.KafkaProducer] (Thread-666) [Producer clientId=Producer-topic-f0c2809b_9e04_422d_b14a_1aa1e58a7d15] Closing the Kafka producer with timeoutMillis = 9223372036854775807 ms.
2025-08-06 18:50:54,680 INFO  [org.apa.kaf.com.met.Metrics] (Thread-666) Metrics scheduler closed
2025-08-06 18:50:54,680 INFO  [org.apa.kaf.com.met.Metrics] (Thread-666) Closing reporter org.apache.kafka.common.metrics.JmxReporter
2025-08-06 18:50:54,680 INFO  [org.apa.kaf.com.met.Metrics] (Thread-666) Closing reporter org.apache.kafka.common.telemetry.internals.ClientTelemetryReporter
2025-08-06 18:50:54,680 INFO  [org.apa.kaf.com.met.Metrics] (Thread-666) Metrics reporters closed
2025-08-06 18:50:54,680 INFO  [org.apa.kaf.com.uti.AppInfoParser] (Thread-666) App info kafka.producer for Producer-topic-f0c2809b_9e04_422d_b14a_1aa1e58a7d15 unregistered
**** Registry Base URL: http://registry-app-inmemory.apps.ci419.apicurio-testing.org:80
2025-08-06 18:50:54,681 INFO  [org.apa.kaf.cli.con.ConsumerConfig] (main) ConsumerConfig values: 
	allow.auto.create.topics = true
	auto.commit.interval.ms = 500
	auto.include.jmx.reporter = true
	auto.offset.reset = earliest
	bootstrap.servers = [PLAINTEXT://localhost:32769]
	check.crcs = true
	client.dns.lookup = use_all_dns_ips
	client.id = consumer-Consumer-topic-f0c2809b_9e04_422d_b14a_1aa1e58a7d15-10
	client.rack = 
	connections.max.idle.ms = 10000
	default.api.timeout.ms = 60000
	enable.auto.commit = true
	enable.metrics.push = true
	exclude.internal.topics = true
	fetch.max.bytes = 52428800
	fetch.max.wait.ms = 500
	fetch.min.bytes = 1
	group.id = Consumer-topic-f0c2809b_9e04_422d_b14a_1aa1e58a7d15
	group.instance.id = null
	group.protocol = classic
	group.remote.assignor = null
	heartbeat.interval.ms = 3000
	interceptor.classes = []
	internal.leave.group.on.close = true
	internal.throw.on.fetch.stable.offset.unsupported = false
	isolation.level = read_uncommitted
	key.deserializer = class org.apache.kafka.common.serialization.StringDeserializer
	max.partition.fetch.bytes = 1048576
	max.poll.interval.ms = 300000
	max.poll.records = 500
	metadata.max.age.ms = 300000
	metadata.recovery.strategy = none
	metric.reporters = []
	metrics.num.samples = 2
	metrics.recording.level = INFO
	metrics.sample.window.ms = 30000
	partition.assignment.strategy = [class org.apache.kafka.clients.consumer.RangeAssignor, class org.apache.kafka.clients.consumer.CooperativeStickyAssignor]
	receive.buffer.bytes = 65536
	reconnect.backoff.max.ms = 1000
	reconnect.backoff.ms = 50
	request.timeout.ms = 5000
	retry.backoff.max.ms = 1000
	retry.backoff.ms = 100
	sasl.client.callback.handler.class = null
	sasl.jaas.config = null
	sasl.kerberos.kinit.cmd = /usr/bin/kinit
	sasl.kerberos.min.time.before.relogin = 60000
	sasl.kerberos.service.name = null
	sasl.kerberos.ticket.renew.jitter = 0.05
	sasl.kerberos.ticket.renew.window.factor = 0.8
	sasl.login.callback.handler.class = null
	sasl.login.class = null
	sasl.login.connect.timeout.ms = null
	sasl.login.read.timeout.ms = null
	sasl.login.refresh.buffer.seconds = 300
	sasl.login.refresh.min.period.seconds = 60
	sasl.login.refresh.window.factor = 0.8
	sasl.login.refresh.window.jitter = 0.05
	sasl.login.retry.backoff.max.ms = 10000
	sasl.login.retry.backoff.ms = 100
	sasl.mechanism = GSSAPI
	sasl.oauthbearer.clock.skew.seconds = 30
	sasl.oauthbearer.expected.audience = null
	sasl.oauthbearer.expected.issuer = null
	sasl.oauthbearer.header.urlencode = false
	sasl.oauthbearer.jwks.endpoint.refresh.ms = 3600000
	sasl.oauthbearer.jwks.endpoint.retry.backoff.max.ms = 10000
	sasl.oauthbearer.jwks.endpoint.retry.backoff.ms = 100
	sasl.oauthbearer.jwks.endpoint.url = null
	sasl.oauthbearer.scope.claim.name = scope
	sasl.oauthbearer.sub.claim.name = sub
	sasl.oauthbearer.token.endpoint.url = null
	security.protocol = PLAINTEXT
	security.providers = null
	send.buffer.bytes = 131072
	session.timeout.ms = 45000
	socket.connection.setup.timeout.max.ms = 30000
	socket.connection.setup.timeout.ms = 10000
	ssl.cipher.suites = null
	ssl.enabled.protocols = [TLSv1.2, TLSv1.3]
	ssl.endpoint.identification.algorithm = https
	ssl.engine.factory.class = null
	ssl.key.password = null
	ssl.keymanager.algorithm = SunX509
	ssl.keystore.certificate.chain = null
	ssl.keystore.key = null
	ssl.keystore.location = null
	ssl.keystore.password = null
	ssl.keystore.type = JKS
	ssl.protocol = TLSv1.3
	ssl.provider = null
	ssl.secure.random.implementation = null
	ssl.trustmanager.algorithm = PKIX
	ssl.truststore.certificates = null
	ssl.truststore.location = null
	ssl.truststore.password = null
	ssl.truststore.type = JKS
	value.deserializer = class io.apicurio.registry.serde.avro.AvroKafkaDeserializer

2025-08-06 18:50:54,681 INFO  [org.apa.kaf.com.tel.int.KafkaMetricsCollector] (main) initializing Kafka metrics collector
2025-08-06 18:50:54,688 INFO  [org.apa.kaf.cli.con.ConsumerConfig] (main) These configurations '[apicurio.registry.url]' were supplied but are not used yet.
2025-08-06 18:50:54,688 INFO  [org.apa.kaf.com.uti.AppInfoParser] (main) Kafka version: 3.9.1
2025-08-06 18:50:54,688 INFO  [org.apa.kaf.com.uti.AppInfoParser] (main) Kafka commitId: f745dfdcee2b9851
2025-08-06 18:50:54,688 INFO  [org.apa.kaf.com.uti.AppInfoParser] (main) Kafka startTimeMs: 1754506254688
2025-08-06 18:50:54,689 INFO  [org.apa.kaf.cli.con.int.ClassicKafkaConsumer] (Thread-669) [Consumer clientId=consumer-Consumer-topic-f0c2809b_9e04_422d_b14a_1aa1e58a7d15-10, groupId=Consumer-topic-f0c2809b_9e04_422d_b14a_1aa1e58a7d15] Subscribed to topic(s): topic-f0c2809b_9e04_422d_b14a_1aa1e58a7d15
2025-08-06 18:50:54,695 INFO  [org.apa.kaf.cli.Metadata] (Thread-669) [Consumer clientId=consumer-Consumer-topic-f0c2809b_9e04_422d_b14a_1aa1e58a7d15-10, groupId=Consumer-topic-f0c2809b_9e04_422d_b14a_1aa1e58a7d15] Cluster ID: EV4Uys23RNi7BwH7MVj6Ag
2025-08-06 18:50:54,696 INFO  [org.apa.kaf.cli.con.int.ConsumerCoordinator] (Thread-669) [Consumer clientId=consumer-Consumer-topic-f0c2809b_9e04_422d_b14a_1aa1e58a7d15-10, groupId=Consumer-topic-f0c2809b_9e04_422d_b14a_1aa1e58a7d15] Discovered group coordinator localhost:32769 (id: 2147483647 rack: null)
2025-08-06 18:50:54,698 INFO  [org.apa.kaf.cli.con.int.ConsumerCoordinator] (Thread-669) [Consumer clientId=consumer-Consumer-topic-f0c2809b_9e04_422d_b14a_1aa1e58a7d15-10, groupId=Consumer-topic-f0c2809b_9e04_422d_b14a_1aa1e58a7d15] (Re-)joining group
2025-08-06 18:50:54,701 INFO  [org.apa.kaf.cli.con.int.ConsumerCoordinator] (Thread-669) [Consumer clientId=consumer-Consumer-topic-f0c2809b_9e04_422d_b14a_1aa1e58a7d15-10, groupId=Consumer-topic-f0c2809b_9e04_422d_b14a_1aa1e58a7d15] Request joining group due to: need to re-join with the given member-id: consumer-Consumer-topic-f0c2809b_9e04_422d_b14a_1aa1e58a7d15-10-6ed560a2-138b-4c35-a2fd-4cbe270bcb43
2025-08-06 18:50:54,701 INFO  [org.apa.kaf.cli.con.int.ConsumerCoordinator] (Thread-669) [Consumer clientId=consumer-Consumer-topic-f0c2809b_9e04_422d_b14a_1aa1e58a7d15-10, groupId=Consumer-topic-f0c2809b_9e04_422d_b14a_1aa1e58a7d15] (Re-)joining group
2025-08-06 18:50:55,689 INFO  [io.api.tes.ser.api.KafkaSerdesTester] (Thread-669) None found
2025-08-06 18:50:56,689 INFO  [io.api.tes.ser.api.KafkaSerdesTester] (Thread-669) None found
2025-08-06 18:50:57,689 INFO  [io.api.tes.ser.api.KafkaSerdesTester] (Thread-669) None found
2025-08-06 18:50:57,703 INFO  [org.apa.kaf.cli.con.int.ConsumerCoordinator] (Thread-669) [Consumer clientId=consumer-Consumer-topic-f0c2809b_9e04_422d_b14a_1aa1e58a7d15-10, groupId=Consumer-topic-f0c2809b_9e04_422d_b14a_1aa1e58a7d15] Successfully joined group with generation Generation{generationId=1, memberId='consumer-Consumer-topic-f0c2809b_9e04_422d_b14a_1aa1e58a7d15-10-6ed560a2-138b-4c35-a2fd-4cbe270bcb43', protocol='range'}
2025-08-06 18:50:57,704 INFO  [org.apa.kaf.cli.con.int.ConsumerCoordinator] (Thread-669) [Consumer clientId=consumer-Consumer-topic-f0c2809b_9e04_422d_b14a_1aa1e58a7d15-10, groupId=Consumer-topic-f0c2809b_9e04_422d_b14a_1aa1e58a7d15] Finished assignment for group at generation 1: {consumer-Consumer-topic-f0c2809b_9e04_422d_b14a_1aa1e58a7d15-10-6ed560a2-138b-4c35-a2fd-4cbe270bcb43=Assignment(partitions=[topic-f0c2809b_9e04_422d_b14a_1aa1e58a7d15-0])}
2025-08-06 18:50:57,711 INFO  [org.apa.kaf.cli.con.int.ConsumerCoordinator] (Thread-669) [Consumer clientId=consumer-Consumer-topic-f0c2809b_9e04_422d_b14a_1aa1e58a7d15-10, groupId=Consumer-topic-f0c2809b_9e04_422d_b14a_1aa1e58a7d15] Successfully synced group in generation Generation{generationId=1, memberId='consumer-Consumer-topic-f0c2809b_9e04_422d_b14a_1aa1e58a7d15-10-6ed560a2-138b-4c35-a2fd-4cbe270bcb43', protocol='range'}
2025-08-06 18:50:57,711 INFO  [org.apa.kaf.cli.con.int.ConsumerCoordinator] (Thread-669) [Consumer clientId=consumer-Consumer-topic-f0c2809b_9e04_422d_b14a_1aa1e58a7d15-10, groupId=Consumer-topic-f0c2809b_9e04_422d_b14a_1aa1e58a7d15] Notifying assignor about the new Assignment(partitions=[topic-f0c2809b_9e04_422d_b14a_1aa1e58a7d15-0])
2025-08-06 18:50:57,711 INFO  [org.apa.kaf.cli.con.int.ConsumerRebalanceListenerInvoker] (Thread-669) [Consumer clientId=consumer-Consumer-topic-f0c2809b_9e04_422d_b14a_1aa1e58a7d15-10, groupId=Consumer-topic-f0c2809b_9e04_422d_b14a_1aa1e58a7d15] Adding newly assigned partitions: topic-f0c2809b_9e04_422d_b14a_1aa1e58a7d15-0
2025-08-06 18:50:57,712 INFO  [org.apa.kaf.cli.con.int.ConsumerCoordinator] (Thread-669) [Consumer clientId=consumer-Consumer-topic-f0c2809b_9e04_422d_b14a_1aa1e58a7d15-10, groupId=Consumer-topic-f0c2809b_9e04_422d_b14a_1aa1e58a7d15] Found no committed offset for partition topic-f0c2809b_9e04_422d_b14a_1aa1e58a7d15-0
2025-08-06 18:50:57,718 INFO  [org.apa.kaf.cli.con.int.SubscriptionState] (Thread-669) [Consumer clientId=consumer-Consumer-topic-f0c2809b_9e04_422d_b14a_1aa1e58a7d15-10, groupId=Consumer-topic-f0c2809b_9e04_422d_b14a_1aa1e58a7d15] Resetting offset for partition topic-f0c2809b_9e04_422d_b14a_1aa1e58a7d15-0 to position FetchPosition{offset=0, offsetEpoch=Optional.empty, currentLeader=LeaderAndEpoch{leader=Optional[localhost:32769 (id: 0 rack: null)], epoch=0}}.
2025-08-06 18:50:57,745 INFO  [io.api.tes.ser.api.KafkaSerdesTester] (Thread-669) topic-f0c2809b_9e04_422d_b14a_1aa1e58a7d15 0 0 {"key11754506253576": "value-0"}
2025-08-06 18:50:57,745 INFO  [io.api.tes.ser.api.KafkaSerdesTester] (Thread-669) topic-f0c2809b_9e04_422d_b14a_1aa1e58a7d15 0 1 {"key11754506253576": "value-1"}
2025-08-06 18:50:57,745 INFO  [io.api.tes.ser.api.KafkaSerdesTester] (Thread-669) topic-f0c2809b_9e04_422d_b14a_1aa1e58a7d15 0 2 {"key11754506253576": "value-2"}
2025-08-06 18:50:57,745 INFO  [io.api.tes.ser.api.KafkaSerdesTester] (Thread-669) topic-f0c2809b_9e04_422d_b14a_1aa1e58a7d15 0 3 {"key11754506253576": "value-3"}
2025-08-06 18:50:57,745 INFO  [io.api.tes.ser.api.KafkaSerdesTester] (Thread-669) topic-f0c2809b_9e04_422d_b14a_1aa1e58a7d15 0 4 {"key11754506253576": "value-4"}
2025-08-06 18:50:57,745 INFO  [io.api.tes.ser.api.KafkaSerdesTester] (Thread-669) topic-f0c2809b_9e04_422d_b14a_1aa1e58a7d15 0 5 {"key11754506253576": "value-5"}
2025-08-06 18:50:57,745 INFO  [io.api.tes.ser.api.KafkaSerdesTester] (Thread-669) topic-f0c2809b_9e04_422d_b14a_1aa1e58a7d15 0 6 {"key11754506253576": "value-6"}
2025-08-06 18:50:57,745 INFO  [io.api.tes.ser.api.KafkaSerdesTester] (Thread-669) topic-f0c2809b_9e04_422d_b14a_1aa1e58a7d15 0 7 {"key11754506253576": "value-7"}
2025-08-06 18:50:57,745 INFO  [io.api.tes.ser.api.KafkaSerdesTester] (Thread-669) topic-f0c2809b_9e04_422d_b14a_1aa1e58a7d15 0 8 {"key11754506253576": "value-8"}
2025-08-06 18:50:57,746 INFO  [io.api.tes.ser.api.KafkaSerdesTester] (Thread-669) topic-f0c2809b_9e04_422d_b14a_1aa1e58a7d15 0 9 {"key11754506253576": "value-9"}
2025-08-06 18:50:57,746 INFO  [io.api.tes.ser.api.KafkaSerdesTester] (Thread-669) Consumed 10 messages
2025-08-06 18:50:57,752 INFO  [org.apa.kaf.cli.con.int.ConsumerRebalanceListenerInvoker] (Thread-669) [Consumer clientId=consumer-Consumer-topic-f0c2809b_9e04_422d_b14a_1aa1e58a7d15-10, groupId=Consumer-topic-f0c2809b_9e04_422d_b14a_1aa1e58a7d15] Revoke previously assigned partitions topic-f0c2809b_9e04_422d_b14a_1aa1e58a7d15-0
2025-08-06 18:50:57,752 INFO  [org.apa.kaf.cli.con.int.ConsumerCoordinator] (Thread-669) [Consumer clientId=consumer-Consumer-topic-f0c2809b_9e04_422d_b14a_1aa1e58a7d15-10, groupId=Consumer-topic-f0c2809b_9e04_422d_b14a_1aa1e58a7d15] Member consumer-Consumer-topic-f0c2809b_9e04_422d_b14a_1aa1e58a7d15-10-6ed560a2-138b-4c35-a2fd-4cbe270bcb43 sending LeaveGroup request to coordinator localhost:32769 (id: 2147483647 rack: null) due to the consumer is being closed
2025-08-06 18:50:57,752 INFO  [org.apa.kaf.cli.con.int.ConsumerCoordinator] (Thread-669) [Consumer clientId=consumer-Consumer-topic-f0c2809b_9e04_422d_b14a_1aa1e58a7d15-10, groupId=Consumer-topic-f0c2809b_9e04_422d_b14a_1aa1e58a7d15] Resetting generation and member id due to: consumer pro-actively leaving the group
2025-08-06 18:50:57,752 INFO  [org.apa.kaf.cli.con.int.ConsumerCoordinator] (Thread-669) [Consumer clientId=consumer-Consumer-topic-f0c2809b_9e04_422d_b14a_1aa1e58a7d15-10, groupId=Consumer-topic-f0c2809b_9e04_422d_b14a_1aa1e58a7d15] Request joining group due to: consumer pro-actively leaving the group
2025-08-06 18:50:58,247 INFO  [org.apa.kaf.com.met.Metrics] (Thread-669) Metrics scheduler closed
2025-08-06 18:50:58,248 INFO  [org.apa.kaf.com.met.Metrics] (Thread-669) Closing reporter org.apache.kafka.common.metrics.JmxReporter
2025-08-06 18:50:58,248 INFO  [org.apa.kaf.com.met.Metrics] (Thread-669) Closing reporter org.apache.kafka.common.telemetry.internals.ClientTelemetryReporter
2025-08-06 18:50:58,248 INFO  [org.apa.kaf.com.met.Metrics] (Thread-669) Metrics reporters closed
2025-08-06 18:50:58,249 INFO  [org.apa.kaf.com.uti.AppInfoParser] (Thread-669) App info kafka.consumer for consumer-Consumer-topic-f0c2809b_9e04_422d_b14a_1aa1e58a7d15-10 unregistered
2025-08-06 18:50:58,250 INFO  [io.api.tes.uti.TestSeparator] (main) io.apicurio.tests.serdes.apicurio.AvroSerdeIT.testTopicRecordIdStrategydFindLatest-FINISHED
2025-08-06 18:50:58,250 INFO  [io.api.tes.uti.TestSeparator] (main) ############################################################################
Test passed: testTopicRecordIdStrategydFindLatest
]]></system-out>
  </testcase>
  <testcase name="testAvroConfluentForMultipleTopics" classname="io.apicurio.tests.serdes.apicurio.AvroSerdeIT" time="11.958">
    <system-out><![CDATA[2025-08-06 18:50:58,252 INFO  [io.api.tes.uti.TestSeparator] (main) ############################################################################
2025-08-06 18:50:58,252 INFO  [io.api.tes.uti.TestSeparator] (main) io.apicurio.tests.serdes.apicurio.AvroSerdeIT.testAvroConfluentForMultipleTopics-STARTED
2025-08-06 18:50:58,253 INFO  [io.api.tes.ser.api.AvroSerdeIT] (main) Registering Avro Schema: {"type":"record","name":"myrecordconfluent","fields":[{"name":"key11754506258252","type":"string"}]}
**** Registry Base URL: http://registry-app-inmemory.apps.ci419.apicurio-testing.org:80
2025-08-06 18:50:59,290 INFO  [org.apa.kaf.cli.pro.ProducerConfig] (main) ProducerConfig values: 
	acks = -1
	auto.include.jmx.reporter = true
	batch.size = 16384
	bootstrap.servers = [PLAINTEXT://localhost:32769]
	buffer.memory = 33554432
	client.dns.lookup = use_all_dns_ips
	client.id = Producer-topic-cddc8e64_33b2_4ceb_9568_d8968630c5a1
	compression.gzip.level = -1
	compression.lz4.level = 9
	compression.type = none
	compression.zstd.level = 3
	connections.max.idle.ms = 10000
	delivery.timeout.ms = 120000
	enable.idempotence = true
	enable.metrics.push = true
	interceptor.classes = []
	key.serializer = class org.apache.kafka.common.serialization.StringSerializer
	linger.ms = 0
	max.block.ms = 60000
	max.in.flight.requests.per.connection = 5
	max.request.size = 1048576
	metadata.max.age.ms = 300000
	metadata.max.idle.ms = 300000
	metadata.recovery.strategy = none
	metric.reporters = []
	metrics.num.samples = 2
	metrics.recording.level = INFO
	metrics.sample.window.ms = 30000
	partitioner.adaptive.partitioning.enable = true
	partitioner.availability.timeout.ms = 0
	partitioner.class = null
	partitioner.ignore.keys = false
	receive.buffer.bytes = 32768
	reconnect.backoff.max.ms = 1000
	reconnect.backoff.ms = 50
	request.timeout.ms = 5000
	retries = 2147483647
	retry.backoff.max.ms = 1000
	retry.backoff.ms = 100
	sasl.client.callback.handler.class = null
	sasl.jaas.config = null
	sasl.kerberos.kinit.cmd = /usr/bin/kinit
	sasl.kerberos.min.time.before.relogin = 60000
	sasl.kerberos.service.name = null
	sasl.kerberos.ticket.renew.jitter = 0.05
	sasl.kerberos.ticket.renew.window.factor = 0.8
	sasl.login.callback.handler.class = null
	sasl.login.class = null
	sasl.login.connect.timeout.ms = null
	sasl.login.read.timeout.ms = null
	sasl.login.refresh.buffer.seconds = 300
	sasl.login.refresh.min.period.seconds = 60
	sasl.login.refresh.window.factor = 0.8
	sasl.login.refresh.window.jitter = 0.05
	sasl.login.retry.backoff.max.ms = 10000
	sasl.login.retry.backoff.ms = 100
	sasl.mechanism = GSSAPI
	sasl.oauthbearer.clock.skew.seconds = 30
	sasl.oauthbearer.expected.audience = null
	sasl.oauthbearer.expected.issuer = null
	sasl.oauthbearer.header.urlencode = false
	sasl.oauthbearer.jwks.endpoint.refresh.ms = 3600000
	sasl.oauthbearer.jwks.endpoint.retry.backoff.max.ms = 10000
	sasl.oauthbearer.jwks.endpoint.retry.backoff.ms = 100
	sasl.oauthbearer.jwks.endpoint.url = null
	sasl.oauthbearer.scope.claim.name = scope
	sasl.oauthbearer.sub.claim.name = sub
	sasl.oauthbearer.token.endpoint.url = null
	security.protocol = PLAINTEXT
	security.providers = null
	send.buffer.bytes = 131072
	socket.connection.setup.timeout.max.ms = 30000
	socket.connection.setup.timeout.ms = 10000
	ssl.cipher.suites = null
	ssl.enabled.protocols = [TLSv1.2, TLSv1.3]
	ssl.endpoint.identification.algorithm = https
	ssl.engine.factory.class = null
	ssl.key.password = null
	ssl.keymanager.algorithm = SunX509
	ssl.keystore.certificate.chain = null
	ssl.keystore.key = null
	ssl.keystore.location = null
	ssl.keystore.password = null
	ssl.keystore.type = JKS
	ssl.protocol = TLSv1.3
	ssl.provider = null
	ssl.secure.random.implementation = null
	ssl.trustmanager.algorithm = PKIX
	ssl.truststore.certificates = null
	ssl.truststore.location = null
	ssl.truststore.password = null
	ssl.truststore.type = JKS
	transaction.timeout.ms = 60000
	transactional.id = null
	value.serializer = class io.apicurio.registry.serde.avro.AvroKafkaSerializer

2025-08-06 18:50:59,291 INFO  [org.apa.kaf.com.tel.int.KafkaMetricsCollector] (main) initializing Kafka metrics collector
2025-08-06 18:50:59,294 INFO  [org.apa.kaf.cli.pro.KafkaProducer] (main) [Producer clientId=Producer-topic-cddc8e64_33b2_4ceb_9568_d8968630c5a1] Instantiated an idempotent producer.
2025-08-06 18:50:59,296 INFO  [org.apa.kaf.cli.pro.ProducerConfig] (main) These configurations '[apicurio.registry.url, apicurio.registry.artifact-resolver-strategy]' were supplied but are not used yet.
2025-08-06 18:50:59,296 INFO  [org.apa.kaf.com.uti.AppInfoParser] (main) Kafka version: 3.9.1
2025-08-06 18:50:59,296 INFO  [org.apa.kaf.com.uti.AppInfoParser] (main) Kafka commitId: f745dfdcee2b9851
2025-08-06 18:50:59,296 INFO  [org.apa.kaf.com.uti.AppInfoParser] (main) Kafka startTimeMs: 1754506259296
**** Registry Base URL: http://registry-app-inmemory.apps.ci419.apicurio-testing.org:80
2025-08-06 18:50:59,297 INFO  [org.apa.kaf.cli.pro.ProducerConfig] (main) ProducerConfig values: 
	acks = -1
	auto.include.jmx.reporter = true
	batch.size = 16384
	bootstrap.servers = [PLAINTEXT://localhost:32769]
	buffer.memory = 33554432
	client.dns.lookup = use_all_dns_ips
	client.id = Producer-topic-5be34205_7c69_4a57_9b3f_3247f4302dc8
	compression.gzip.level = -1
	compression.lz4.level = 9
	compression.type = none
	compression.zstd.level = 3
	connections.max.idle.ms = 10000
	delivery.timeout.ms = 120000
	enable.idempotence = true
	enable.metrics.push = true
	interceptor.classes = []
	key.serializer = class org.apache.kafka.common.serialization.StringSerializer
	linger.ms = 0
	max.block.ms = 60000
	max.in.flight.requests.per.connection = 5
	max.request.size = 1048576
	metadata.max.age.ms = 300000
	metadata.max.idle.ms = 300000
	metadata.recovery.strategy = none
	metric.reporters = []
	metrics.num.samples = 2
	metrics.recording.level = INFO
	metrics.sample.window.ms = 30000
	partitioner.adaptive.partitioning.enable = true
	partitioner.availability.timeout.ms = 0
	partitioner.class = null
	partitioner.ignore.keys = false
	receive.buffer.bytes = 32768
	reconnect.backoff.max.ms = 1000
	reconnect.backoff.ms = 50
	request.timeout.ms = 5000
	retries = 2147483647
	retry.backoff.max.ms = 1000
	retry.backoff.ms = 100
	sasl.client.callback.handler.class = null
	sasl.jaas.config = null
	sasl.kerberos.kinit.cmd = /usr/bin/kinit
	sasl.kerberos.min.time.before.relogin = 60000
	sasl.kerberos.service.name = null
	sasl.kerberos.ticket.renew.jitter = 0.05
	sasl.kerberos.ticket.renew.window.factor = 0.8
	sasl.login.callback.handler.class = null
	sasl.login.class = null
	sasl.login.connect.timeout.ms = null
	sasl.login.read.timeout.ms = null
	sasl.login.refresh.buffer.seconds = 300
	sasl.login.refresh.min.period.seconds = 60
	sasl.login.refresh.window.factor = 0.8
	sasl.login.refresh.window.jitter = 0.05
	sasl.login.retry.backoff.max.ms = 10000
	sasl.login.retry.backoff.ms = 100
	sasl.mechanism = GSSAPI
	sasl.oauthbearer.clock.skew.seconds = 30
	sasl.oauthbearer.expected.audience = null
	sasl.oauthbearer.expected.issuer = null
	sasl.oauthbearer.header.urlencode = false
	sasl.oauthbearer.jwks.endpoint.refresh.ms = 3600000
	sasl.oauthbearer.jwks.endpoint.retry.backoff.max.ms = 10000
	sasl.oauthbearer.jwks.endpoint.retry.backoff.ms = 100
	sasl.oauthbearer.jwks.endpoint.url = null
	sasl.oauthbearer.scope.claim.name = scope
	sasl.oauthbearer.sub.claim.name = sub
	sasl.oauthbearer.token.endpoint.url = null
	security.protocol = PLAINTEXT
	security.providers = null
	send.buffer.bytes = 131072
	socket.connection.setup.timeout.max.ms = 30000
	socket.connection.setup.timeout.ms = 10000
	ssl.cipher.suites = null
	ssl.enabled.protocols = [TLSv1.2, TLSv1.3]
	ssl.endpoint.identification.algorithm = https
	ssl.engine.factory.class = null
	ssl.key.password = null
	ssl.keymanager.algorithm = SunX509
	ssl.keystore.certificate.chain = null
	ssl.keystore.key = null
	ssl.keystore.location = null
	ssl.keystore.password = null
	ssl.keystore.type = JKS
	ssl.protocol = TLSv1.3
	ssl.provider = null
	ssl.secure.random.implementation = null
	ssl.trustmanager.algorithm = PKIX
	ssl.truststore.certificates = null
	ssl.truststore.location = null
	ssl.truststore.password = null
	ssl.truststore.type = JKS
	transaction.timeout.ms = 60000
	transactional.id = null
	value.serializer = class io.apicurio.registry.serde.avro.AvroKafkaSerializer

2025-08-06 18:50:59,299 INFO  [org.apa.kaf.com.tel.int.KafkaMetricsCollector] (main) initializing Kafka metrics collector
2025-08-06 18:50:59,303 INFO  [org.apa.kaf.cli.pro.KafkaProducer] (main) [Producer clientId=Producer-topic-5be34205_7c69_4a57_9b3f_3247f4302dc8] Instantiated an idempotent producer.
2025-08-06 18:50:59,304 INFO  [org.apa.kaf.cli.Metadata] (kafka-producer-network-thread | Producer-topic-cddc8e64_33b2_4ceb_9568_d8968630c5a1) [Producer clientId=Producer-topic-cddc8e64_33b2_4ceb_9568_d8968630c5a1] Cluster ID: EV4Uys23RNi7BwH7MVj6Ag
2025-08-06 18:50:59,305 INFO  [org.apa.kaf.cli.pro.int.TransactionManager] (kafka-producer-network-thread | Producer-topic-cddc8e64_33b2_4ceb_9568_d8968630c5a1) [Producer clientId=Producer-topic-cddc8e64_33b2_4ceb_9568_d8968630c5a1] ProducerId set to 14 with epoch 0
2025-08-06 18:50:59,309 INFO  [org.apa.kaf.cli.pro.ProducerConfig] (main) These configurations '[apicurio.registry.url, apicurio.registry.artifact-resolver-strategy]' were supplied but are not used yet.
2025-08-06 18:50:59,309 INFO  [org.apa.kaf.com.uti.AppInfoParser] (main) Kafka version: 3.9.1
2025-08-06 18:50:59,309 INFO  [org.apa.kaf.com.uti.AppInfoParser] (main) Kafka commitId: f745dfdcee2b9851
2025-08-06 18:50:59,309 INFO  [org.apa.kaf.com.uti.AppInfoParser] (main) Kafka startTimeMs: 1754506259309
**** Registry Base URL: http://registry-app-inmemory.apps.ci419.apicurio-testing.org:80
2025-08-06 18:50:59,310 INFO  [org.apa.kaf.cli.pro.ProducerConfig] (main) ProducerConfig values: 
	acks = -1
	auto.include.jmx.reporter = true
	batch.size = 16384
	bootstrap.servers = [PLAINTEXT://localhost:32769]
	buffer.memory = 33554432
	client.dns.lookup = use_all_dns_ips
	client.id = Producer-topic-c47d09da_2a0e_4235_8efb_913dfc715a37
	compression.gzip.level = -1
	compression.lz4.level = 9
	compression.type = none
	compression.zstd.level = 3
	connections.max.idle.ms = 10000
	delivery.timeout.ms = 120000
	enable.idempotence = true
	enable.metrics.push = true
	interceptor.classes = []
	key.serializer = class org.apache.kafka.common.serialization.StringSerializer
	linger.ms = 0
	max.block.ms = 60000
	max.in.flight.requests.per.connection = 5
	max.request.size = 1048576
	metadata.max.age.ms = 300000
	metadata.max.idle.ms = 300000
	metadata.recovery.strategy = none
	metric.reporters = []
	metrics.num.samples = 2
	metrics.recording.level = INFO
	metrics.sample.window.ms = 30000
	partitioner.adaptive.partitioning.enable = true
	partitioner.availability.timeout.ms = 0
	partitioner.class = null
	partitioner.ignore.keys = false
	receive.buffer.bytes = 32768
	reconnect.backoff.max.ms = 1000
	reconnect.backoff.ms = 50
	request.timeout.ms = 5000
	retries = 2147483647
	retry.backoff.max.ms = 1000
	retry.backoff.ms = 100
	sasl.client.callback.handler.class = null
	sasl.jaas.config = null
	sasl.kerberos.kinit.cmd = /usr/bin/kinit
	sasl.kerberos.min.time.before.relogin = 60000
	sasl.kerberos.service.name = null
	sasl.kerberos.ticket.renew.jitter = 0.05
	sasl.kerberos.ticket.renew.window.factor = 0.8
	sasl.login.callback.handler.class = null
	sasl.login.class = null
	sasl.login.connect.timeout.ms = null
	sasl.login.read.timeout.ms = null
	sasl.login.refresh.buffer.seconds = 300
	sasl.login.refresh.min.period.seconds = 60
	sasl.login.refresh.window.factor = 0.8
	sasl.login.refresh.window.jitter = 0.05
	sasl.login.retry.backoff.max.ms = 10000
	sasl.login.retry.backoff.ms = 100
	sasl.mechanism = GSSAPI
	sasl.oauthbearer.clock.skew.seconds = 30
	sasl.oauthbearer.expected.audience = null
	sasl.oauthbearer.expected.issuer = null
	sasl.oauthbearer.header.urlencode = false
	sasl.oauthbearer.jwks.endpoint.refresh.ms = 3600000
	sasl.oauthbearer.jwks.endpoint.retry.backoff.max.ms = 10000
	sasl.oauthbearer.jwks.endpoint.retry.backoff.ms = 100
	sasl.oauthbearer.jwks.endpoint.url = null
	sasl.oauthbearer.scope.claim.name = scope
	sasl.oauthbearer.sub.claim.name = sub
	sasl.oauthbearer.token.endpoint.url = null
	security.protocol = PLAINTEXT
	security.providers = null
	send.buffer.bytes = 131072
	socket.connection.setup.timeout.max.ms = 30000
	socket.connection.setup.timeout.ms = 10000
	ssl.cipher.suites = null
	ssl.enabled.protocols = [TLSv1.2, TLSv1.3]
	ssl.endpoint.identification.algorithm = https
	ssl.engine.factory.class = null
	ssl.key.password = null
	ssl.keymanager.algorithm = SunX509
	ssl.keystore.certificate.chain = null
	ssl.keystore.key = null
	ssl.keystore.location = null
	ssl.keystore.password = null
	ssl.keystore.type = JKS
	ssl.protocol = TLSv1.3
	ssl.provider = null
	ssl.secure.random.implementation = null
	ssl.trustmanager.algorithm = PKIX
	ssl.truststore.certificates = null
	ssl.truststore.location = null
	ssl.truststore.password = null
	ssl.truststore.type = JKS
	transaction.timeout.ms = 60000
	transactional.id = null
	value.serializer = class io.apicurio.registry.serde.avro.AvroKafkaSerializer

2025-08-06 18:50:59,310 INFO  [org.apa.kaf.com.tel.int.KafkaMetricsCollector] (main) initializing Kafka metrics collector
2025-08-06 18:50:59,314 INFO  [org.apa.kaf.cli.Metadata] (kafka-producer-network-thread | Producer-topic-5be34205_7c69_4a57_9b3f_3247f4302dc8) [Producer clientId=Producer-topic-5be34205_7c69_4a57_9b3f_3247f4302dc8] Cluster ID: EV4Uys23RNi7BwH7MVj6Ag
2025-08-06 18:50:59,318 INFO  [org.apa.kaf.cli.pro.int.TransactionManager] (kafka-producer-network-thread | Producer-topic-5be34205_7c69_4a57_9b3f_3247f4302dc8) [Producer clientId=Producer-topic-5be34205_7c69_4a57_9b3f_3247f4302dc8] ProducerId set to 15 with epoch 0
2025-08-06 18:50:59,319 INFO  [org.apa.kaf.cli.pro.KafkaProducer] (main) [Producer clientId=Producer-topic-c47d09da_2a0e_4235_8efb_913dfc715a37] Instantiated an idempotent producer.
2025-08-06 18:50:59,321 INFO  [org.apa.kaf.cli.pro.ProducerConfig] (main) These configurations '[apicurio.registry.url, apicurio.registry.artifact-resolver-strategy]' were supplied but are not used yet.
2025-08-06 18:50:59,321 INFO  [org.apa.kaf.com.uti.AppInfoParser] (main) Kafka version: 3.9.1
2025-08-06 18:50:59,321 INFO  [org.apa.kaf.com.uti.AppInfoParser] (main) Kafka commitId: f745dfdcee2b9851
2025-08-06 18:50:59,321 INFO  [org.apa.kaf.com.uti.AppInfoParser] (main) Kafka startTimeMs: 1754506259321
**** Registry Base URL: http://registry-app-inmemory.apps.ci419.apicurio-testing.org:80
2025-08-06 18:50:59,322 INFO  [org.apa.kaf.cli.con.ConsumerConfig] (main) ConsumerConfig values: 
	allow.auto.create.topics = true
	auto.commit.interval.ms = 500
	auto.include.jmx.reporter = true
	auto.offset.reset = earliest
	bootstrap.servers = [PLAINTEXT://localhost:32769]
	check.crcs = true
	client.dns.lookup = use_all_dns_ips
	client.id = consumer-Consumer-topic-cddc8e64_33b2_4ceb_9568_d8968630c5a1-11
	client.rack = 
	connections.max.idle.ms = 10000
	default.api.timeout.ms = 60000
	enable.auto.commit = true
	enable.metrics.push = true
	exclude.internal.topics = true
	fetch.max.bytes = 52428800
	fetch.max.wait.ms = 500
	fetch.min.bytes = 1
	group.id = Consumer-topic-cddc8e64_33b2_4ceb_9568_d8968630c5a1
	group.instance.id = null
	group.protocol = classic
	group.remote.assignor = null
	heartbeat.interval.ms = 3000
	interceptor.classes = []
	internal.leave.group.on.close = true
	internal.throw.on.fetch.stable.offset.unsupported = false
	isolation.level = read_uncommitted
	key.deserializer = class org.apache.kafka.common.serialization.StringDeserializer
	max.partition.fetch.bytes = 1048576
	max.poll.interval.ms = 300000
	max.poll.records = 500
	metadata.max.age.ms = 300000
	metadata.recovery.strategy = none
	metric.reporters = []
	metrics.num.samples = 2
	metrics.recording.level = INFO
	metrics.sample.window.ms = 30000
	partition.assignment.strategy = [class org.apache.kafka.clients.consumer.RangeAssignor, class org.apache.kafka.clients.consumer.CooperativeStickyAssignor]
	receive.buffer.bytes = 65536
	reconnect.backoff.max.ms = 1000
	reconnect.backoff.ms = 50
	request.timeout.ms = 5000
	retry.backoff.max.ms = 1000
	retry.backoff.ms = 100
	sasl.client.callback.handler.class = null
	sasl.jaas.config = null
	sasl.kerberos.kinit.cmd = /usr/bin/kinit
	sasl.kerberos.min.time.before.relogin = 60000
	sasl.kerberos.service.name = null
	sasl.kerberos.ticket.renew.jitter = 0.05
	sasl.kerberos.ticket.renew.window.factor = 0.8
	sasl.login.callback.handler.class = null
	sasl.login.class = null
	sasl.login.connect.timeout.ms = null
	sasl.login.read.timeout.ms = null
	sasl.login.refresh.buffer.seconds = 300
	sasl.login.refresh.min.period.seconds = 60
	sasl.login.refresh.window.factor = 0.8
	sasl.login.refresh.window.jitter = 0.05
	sasl.login.retry.backoff.max.ms = 10000
	sasl.login.retry.backoff.ms = 100
	sasl.mechanism = GSSAPI
	sasl.oauthbearer.clock.skew.seconds = 30
	sasl.oauthbearer.expected.audience = null
	sasl.oauthbearer.expected.issuer = null
	sasl.oauthbearer.header.urlencode = false
	sasl.oauthbearer.jwks.endpoint.refresh.ms = 3600000
	sasl.oauthbearer.jwks.endpoint.retry.backoff.max.ms = 10000
	sasl.oauthbearer.jwks.endpoint.retry.backoff.ms = 100
	sasl.oauthbearer.jwks.endpoint.url = null
	sasl.oauthbearer.scope.claim.name = scope
	sasl.oauthbearer.sub.claim.name = sub
	sasl.oauthbearer.token.endpoint.url = null
	security.protocol = PLAINTEXT
	security.providers = null
	send.buffer.bytes = 131072
	session.timeout.ms = 45000
	socket.connection.setup.timeout.max.ms = 30000
	socket.connection.setup.timeout.ms = 10000
	ssl.cipher.suites = null
	ssl.enabled.protocols = [TLSv1.2, TLSv1.3]
	ssl.endpoint.identification.algorithm = https
	ssl.engine.factory.class = null
	ssl.key.password = null
	ssl.keymanager.algorithm = SunX509
	ssl.keystore.certificate.chain = null
	ssl.keystore.key = null
	ssl.keystore.location = null
	ssl.keystore.password = null
	ssl.keystore.type = JKS
	ssl.protocol = TLSv1.3
	ssl.provider = null
	ssl.secure.random.implementation = null
	ssl.trustmanager.algorithm = PKIX
	ssl.truststore.certificates = null
	ssl.truststore.location = null
	ssl.truststore.password = null
	ssl.truststore.type = JKS
	value.deserializer = class io.apicurio.registry.serde.avro.AvroKafkaDeserializer

2025-08-06 18:50:59,322 INFO  [org.apa.kaf.com.tel.int.KafkaMetricsCollector] (main) initializing Kafka metrics collector
2025-08-06 18:50:59,327 INFO  [org.apa.kaf.cli.Metadata] (kafka-producer-network-thread | Producer-topic-c47d09da_2a0e_4235_8efb_913dfc715a37) [Producer clientId=Producer-topic-c47d09da_2a0e_4235_8efb_913dfc715a37] Cluster ID: EV4Uys23RNi7BwH7MVj6Ag
2025-08-06 18:50:59,327 INFO  [org.apa.kaf.cli.pro.int.TransactionManager] (kafka-producer-network-thread | Producer-topic-c47d09da_2a0e_4235_8efb_913dfc715a37) [Producer clientId=Producer-topic-c47d09da_2a0e_4235_8efb_913dfc715a37] ProducerId set to 16 with epoch 0
2025-08-06 18:50:59,331 INFO  [org.apa.kaf.cli.con.ConsumerConfig] (main) These configurations '[apicurio.registry.url]' were supplied but are not used yet.
2025-08-06 18:50:59,331 INFO  [org.apa.kaf.com.uti.AppInfoParser] (main) Kafka version: 3.9.1
2025-08-06 18:50:59,331 INFO  [org.apa.kaf.com.uti.AppInfoParser] (main) Kafka commitId: f745dfdcee2b9851
2025-08-06 18:50:59,331 INFO  [org.apa.kaf.com.uti.AppInfoParser] (main) Kafka startTimeMs: 1754506259331
**** Registry Base URL: http://registry-app-inmemory.apps.ci419.apicurio-testing.org:80
2025-08-06 18:50:59,332 INFO  [org.apa.kaf.cli.con.ConsumerConfig] (main) ConsumerConfig values: 
	allow.auto.create.topics = true
	auto.commit.interval.ms = 500
	auto.include.jmx.reporter = true
	auto.offset.reset = earliest
	bootstrap.servers = [PLAINTEXT://localhost:32769]
	check.crcs = true
	client.dns.lookup = use_all_dns_ips
	client.id = consumer-Consumer-topic-5be34205_7c69_4a57_9b3f_3247f4302dc8-12
	client.rack = 
	connections.max.idle.ms = 10000
	default.api.timeout.ms = 60000
	enable.auto.commit = true
	enable.metrics.push = true
	exclude.internal.topics = true
	fetch.max.bytes = 52428800
	fetch.max.wait.ms = 500
	fetch.min.bytes = 1
	group.id = Consumer-topic-5be34205_7c69_4a57_9b3f_3247f4302dc8
	group.instance.id = null
	group.protocol = classic
	group.remote.assignor = null
	heartbeat.interval.ms = 3000
	interceptor.classes = []
	internal.leave.group.on.close = true
	internal.throw.on.fetch.stable.offset.unsupported = false
	isolation.level = read_uncommitted
	key.deserializer = class org.apache.kafka.common.serialization.StringDeserializer
	max.partition.fetch.bytes = 1048576
	max.poll.interval.ms = 300000
	max.poll.records = 500
	metadata.max.age.ms = 300000
	metadata.recovery.strategy = none
	metric.reporters = []
	metrics.num.samples = 2
	metrics.recording.level = INFO
	metrics.sample.window.ms = 30000
	partition.assignment.strategy = [class org.apache.kafka.clients.consumer.RangeAssignor, class org.apache.kafka.clients.consumer.CooperativeStickyAssignor]
	receive.buffer.bytes = 65536
	reconnect.backoff.max.ms = 1000
	reconnect.backoff.ms = 50
	request.timeout.ms = 5000
	retry.backoff.max.ms = 1000
	retry.backoff.ms = 100
	sasl.client.callback.handler.class = null
	sasl.jaas.config = null
	sasl.kerberos.kinit.cmd = /usr/bin/kinit
	sasl.kerberos.min.time.before.relogin = 60000
	sasl.kerberos.service.name = null
	sasl.kerberos.ticket.renew.jitter = 0.05
	sasl.kerberos.ticket.renew.window.factor = 0.8
	sasl.login.callback.handler.class = null
	sasl.login.class = null
	sasl.login.connect.timeout.ms = null
	sasl.login.read.timeout.ms = null
	sasl.login.refresh.buffer.seconds = 300
	sasl.login.refresh.min.period.seconds = 60
	sasl.login.refresh.window.factor = 0.8
	sasl.login.refresh.window.jitter = 0.05
	sasl.login.retry.backoff.max.ms = 10000
	sasl.login.retry.backoff.ms = 100
	sasl.mechanism = GSSAPI
	sasl.oauthbearer.clock.skew.seconds = 30
	sasl.oauthbearer.expected.audience = null
	sasl.oauthbearer.expected.issuer = null
	sasl.oauthbearer.header.urlencode = false
	sasl.oauthbearer.jwks.endpoint.refresh.ms = 3600000
	sasl.oauthbearer.jwks.endpoint.retry.backoff.max.ms = 10000
	sasl.oauthbearer.jwks.endpoint.retry.backoff.ms = 100
	sasl.oauthbearer.jwks.endpoint.url = null
	sasl.oauthbearer.scope.claim.name = scope
	sasl.oauthbearer.sub.claim.name = sub
	sasl.oauthbearer.token.endpoint.url = null
	security.protocol = PLAINTEXT
	security.providers = null
	send.buffer.bytes = 131072
	session.timeout.ms = 45000
	socket.connection.setup.timeout.max.ms = 30000
	socket.connection.setup.timeout.ms = 10000
	ssl.cipher.suites = null
	ssl.enabled.protocols = [TLSv1.2, TLSv1.3]
	ssl.endpoint.identification.algorithm = https
	ssl.engine.factory.class = null
	ssl.key.password = null
	ssl.keymanager.algorithm = SunX509
	ssl.keystore.certificate.chain = null
	ssl.keystore.key = null
	ssl.keystore.location = null
	ssl.keystore.password = null
	ssl.keystore.type = JKS
	ssl.protocol = TLSv1.3
	ssl.provider = null
	ssl.secure.random.implementation = null
	ssl.trustmanager.algorithm = PKIX
	ssl.truststore.certificates = null
	ssl.truststore.location = null
	ssl.truststore.password = null
	ssl.truststore.type = JKS
	value.deserializer = class io.apicurio.registry.serde.avro.AvroKafkaDeserializer

2025-08-06 18:50:59,333 INFO  [org.apa.kaf.com.tel.int.KafkaMetricsCollector] (main) initializing Kafka metrics collector
2025-08-06 18:50:59,337 INFO  [org.apa.kaf.cli.con.ConsumerConfig] (main) These configurations '[apicurio.registry.url]' were supplied but are not used yet.
2025-08-06 18:50:59,338 INFO  [org.apa.kaf.com.uti.AppInfoParser] (main) Kafka version: 3.9.1
2025-08-06 18:50:59,338 INFO  [org.apa.kaf.com.uti.AppInfoParser] (main) Kafka commitId: f745dfdcee2b9851
2025-08-06 18:50:59,338 INFO  [org.apa.kaf.com.uti.AppInfoParser] (main) Kafka startTimeMs: 1754506259338
**** Registry Base URL: http://registry-app-inmemory.apps.ci419.apicurio-testing.org:80
2025-08-06 18:50:59,338 INFO  [org.apa.kaf.cli.con.ConsumerConfig] (main) ConsumerConfig values: 
	allow.auto.create.topics = true
	auto.commit.interval.ms = 500
	auto.include.jmx.reporter = true
	auto.offset.reset = earliest
	bootstrap.servers = [PLAINTEXT://localhost:32769]
	check.crcs = true
	client.dns.lookup = use_all_dns_ips
	client.id = consumer-Consumer-topic-c47d09da_2a0e_4235_8efb_913dfc715a37-13
	client.rack = 
	connections.max.idle.ms = 10000
	default.api.timeout.ms = 60000
	enable.auto.commit = true
	enable.metrics.push = true
	exclude.internal.topics = true
	fetch.max.bytes = 52428800
	fetch.max.wait.ms = 500
	fetch.min.bytes = 1
	group.id = Consumer-topic-c47d09da_2a0e_4235_8efb_913dfc715a37
	group.instance.id = null
	group.protocol = classic
	group.remote.assignor = null
	heartbeat.interval.ms = 3000
	interceptor.classes = []
	internal.leave.group.on.close = true
	internal.throw.on.fetch.stable.offset.unsupported = false
	isolation.level = read_uncommitted
	key.deserializer = class org.apache.kafka.common.serialization.StringDeserializer
	max.partition.fetch.bytes = 1048576
	max.poll.interval.ms = 300000
	max.poll.records = 500
	metadata.max.age.ms = 300000
	metadata.recovery.strategy = none
	metric.reporters = []
	metrics.num.samples = 2
	metrics.recording.level = INFO
	metrics.sample.window.ms = 30000
	partition.assignment.strategy = [class org.apache.kafka.clients.consumer.RangeAssignor, class org.apache.kafka.clients.consumer.CooperativeStickyAssignor]
	receive.buffer.bytes = 65536
	reconnect.backoff.max.ms = 1000
	reconnect.backoff.ms = 50
	request.timeout.ms = 5000
	retry.backoff.max.ms = 1000
	retry.backoff.ms = 100
	sasl.client.callback.handler.class = null
	sasl.jaas.config = null
	sasl.kerberos.kinit.cmd = /usr/bin/kinit
	sasl.kerberos.min.time.before.relogin = 60000
	sasl.kerberos.service.name = null
	sasl.kerberos.ticket.renew.jitter = 0.05
	sasl.kerberos.ticket.renew.window.factor = 0.8
	sasl.login.callback.handler.class = null
	sasl.login.class = null
	sasl.login.connect.timeout.ms = null
	sasl.login.read.timeout.ms = null
	sasl.login.refresh.buffer.seconds = 300
	sasl.login.refresh.min.period.seconds = 60
	sasl.login.refresh.window.factor = 0.8
	sasl.login.refresh.window.jitter = 0.05
	sasl.login.retry.backoff.max.ms = 10000
	sasl.login.retry.backoff.ms = 100
	sasl.mechanism = GSSAPI
	sasl.oauthbearer.clock.skew.seconds = 30
	sasl.oauthbearer.expected.audience = null
	sasl.oauthbearer.expected.issuer = null
	sasl.oauthbearer.header.urlencode = false
	sasl.oauthbearer.jwks.endpoint.refresh.ms = 3600000
	sasl.oauthbearer.jwks.endpoint.retry.backoff.max.ms = 10000
	sasl.oauthbearer.jwks.endpoint.retry.backoff.ms = 100
	sasl.oauthbearer.jwks.endpoint.url = null
	sasl.oauthbearer.scope.claim.name = scope
	sasl.oauthbearer.sub.claim.name = sub
	sasl.oauthbearer.token.endpoint.url = null
	security.protocol = PLAINTEXT
	security.providers = null
	send.buffer.bytes = 131072
	session.timeout.ms = 45000
	socket.connection.setup.timeout.max.ms = 30000
	socket.connection.setup.timeout.ms = 10000
	ssl.cipher.suites = null
	ssl.enabled.protocols = [TLSv1.2, TLSv1.3]
	ssl.endpoint.identification.algorithm = https
	ssl.engine.factory.class = null
	ssl.key.password = null
	ssl.keymanager.algorithm = SunX509
	ssl.keystore.certificate.chain = null
	ssl.keystore.key = null
	ssl.keystore.location = null
	ssl.keystore.password = null
	ssl.keystore.type = JKS
	ssl.protocol = TLSv1.3
	ssl.provider = null
	ssl.secure.random.implementation = null
	ssl.trustmanager.algorithm = PKIX
	ssl.truststore.certificates = null
	ssl.truststore.location = null
	ssl.truststore.password = null
	ssl.truststore.type = JKS
	value.deserializer = class io.apicurio.registry.serde.avro.AvroKafkaDeserializer

2025-08-06 18:50:59,339 INFO  [org.apa.kaf.com.tel.int.KafkaMetricsCollector] (main) initializing Kafka metrics collector
2025-08-06 18:50:59,343 INFO  [org.apa.kaf.cli.con.ConsumerConfig] (main) These configurations '[apicurio.registry.url]' were supplied but are not used yet.
2025-08-06 18:50:59,343 INFO  [org.apa.kaf.com.uti.AppInfoParser] (main) Kafka version: 3.9.1
2025-08-06 18:50:59,343 INFO  [org.apa.kaf.com.uti.AppInfoParser] (main) Kafka commitId: f745dfdcee2b9851
2025-08-06 18:50:59,343 INFO  [org.apa.kaf.com.uti.AppInfoParser] (main) Kafka startTimeMs: 1754506259343
2025-08-06 18:50:59,344 INFO  [io.api.tes.ser.api.KafkaSerdesTester] (Thread-682) Sending message {"key11754506258252": "value-0"} to topic topic-cddc8e64_33b2_4ceb_9568_d8968630c5a1
2025-08-06 18:50:59,348 INFO  [DefaultSchemaResolver] (Thread-682) Retrieving schema content using string: {"type":"record","name":"myrecordconfluent","fields":[{"name":"key11754506258252","type":"string"}]}
2025-08-06 18:50:59,370 INFO  [io.api.tes.ser.api.KafkaSerdesTester] (Thread-682) Sending message {"key11754506258252": "value-1"} to topic topic-cddc8e64_33b2_4ceb_9568_d8968630c5a1
2025-08-06 18:50:59,371 INFO  [io.api.tes.ser.api.KafkaSerdesTester] (Thread-682) Sending message {"key11754506258252": "value-2"} to topic topic-cddc8e64_33b2_4ceb_9568_d8968630c5a1
2025-08-06 18:50:59,373 INFO  [io.api.tes.ser.api.KafkaSerdesTester] (Thread-682) Sending message {"key11754506258252": "value-3"} to topic topic-cddc8e64_33b2_4ceb_9568_d8968630c5a1
2025-08-06 18:50:59,374 INFO  [io.api.tes.ser.api.KafkaSerdesTester] (Thread-682) Sending message {"key11754506258252": "value-4"} to topic topic-cddc8e64_33b2_4ceb_9568_d8968630c5a1
2025-08-06 18:50:59,377 INFO  [io.api.tes.ser.api.KafkaSerdesTester] (Thread-682) Sending message {"key11754506258252": "value-5"} to topic topic-cddc8e64_33b2_4ceb_9568_d8968630c5a1
2025-08-06 18:50:59,379 INFO  [io.api.tes.ser.api.KafkaSerdesTester] (Thread-682) Sending message {"key11754506258252": "value-6"} to topic topic-cddc8e64_33b2_4ceb_9568_d8968630c5a1
2025-08-06 18:50:59,380 INFO  [io.api.tes.ser.api.KafkaSerdesTester] (Thread-682) Sending message {"key11754506258252": "value-7"} to topic topic-cddc8e64_33b2_4ceb_9568_d8968630c5a1
2025-08-06 18:50:59,382 INFO  [io.api.tes.ser.api.KafkaSerdesTester] (Thread-682) Sending message {"key11754506258252": "value-8"} to topic topic-cddc8e64_33b2_4ceb_9568_d8968630c5a1
2025-08-06 18:50:59,384 INFO  [io.api.tes.ser.api.KafkaSerdesTester] (Thread-682) Sending message {"key11754506258252": "value-9"} to topic topic-cddc8e64_33b2_4ceb_9568_d8968630c5a1
2025-08-06 18:50:59,386 INFO  [io.api.tes.ser.api.KafkaSerdesTester] (Thread-682) Produced 10 messages
2025-08-06 18:50:59,386 INFO  [org.apa.kaf.cli.pro.KafkaProducer] (Thread-682) [Producer clientId=Producer-topic-cddc8e64_33b2_4ceb_9568_d8968630c5a1] Closing the Kafka producer with timeoutMillis = 9223372036854775807 ms.
2025-08-06 18:50:59,389 INFO  [org.apa.kaf.com.met.Metrics] (Thread-682) Metrics scheduler closed
2025-08-06 18:50:59,389 INFO  [org.apa.kaf.com.met.Metrics] (Thread-682) Closing reporter org.apache.kafka.common.metrics.JmxReporter
2025-08-06 18:50:59,389 INFO  [org.apa.kaf.com.met.Metrics] (Thread-682) Closing reporter org.apache.kafka.common.telemetry.internals.ClientTelemetryReporter
2025-08-06 18:50:59,389 INFO  [org.apa.kaf.com.met.Metrics] (Thread-682) Metrics reporters closed
2025-08-06 18:50:59,389 INFO  [org.apa.kaf.com.uti.AppInfoParser] (Thread-682) App info kafka.producer for Producer-topic-cddc8e64_33b2_4ceb_9568_d8968630c5a1 unregistered
2025-08-06 18:50:59,390 INFO  [io.api.tes.ser.api.KafkaSerdesTester] (Thread-683) Sending message {"key11754506258252": "value-0"} to topic topic-5be34205_7c69_4a57_9b3f_3247f4302dc8
2025-08-06 18:50:59,393 INFO  [DefaultSchemaResolver] (Thread-683) Retrieving schema content using string: {"type":"record","name":"myrecordconfluent","fields":[{"name":"key11754506258252","type":"string"}]}
2025-08-06 18:50:59,419 INFO  [io.api.tes.ser.api.KafkaSerdesTester] (Thread-683) Sending message {"key11754506258252": "value-1"} to topic topic-5be34205_7c69_4a57_9b3f_3247f4302dc8
2025-08-06 18:50:59,420 INFO  [io.api.tes.ser.api.KafkaSerdesTester] (Thread-683) Sending message {"key11754506258252": "value-2"} to topic topic-5be34205_7c69_4a57_9b3f_3247f4302dc8
2025-08-06 18:50:59,422 INFO  [io.api.tes.ser.api.KafkaSerdesTester] (Thread-683) Sending message {"key11754506258252": "value-3"} to topic topic-5be34205_7c69_4a57_9b3f_3247f4302dc8
2025-08-06 18:50:59,423 INFO  [io.api.tes.ser.api.KafkaSerdesTester] (Thread-683) Sending message {"key11754506258252": "value-4"} to topic topic-5be34205_7c69_4a57_9b3f_3247f4302dc8
2025-08-06 18:50:59,424 INFO  [io.api.tes.ser.api.KafkaSerdesTester] (Thread-683) Sending message {"key11754506258252": "value-5"} to topic topic-5be34205_7c69_4a57_9b3f_3247f4302dc8
2025-08-06 18:50:59,427 INFO  [io.api.tes.ser.api.KafkaSerdesTester] (Thread-683) Sending message {"key11754506258252": "value-6"} to topic topic-5be34205_7c69_4a57_9b3f_3247f4302dc8
2025-08-06 18:50:59,428 INFO  [io.api.tes.ser.api.KafkaSerdesTester] (Thread-683) Sending message {"key11754506258252": "value-7"} to topic topic-5be34205_7c69_4a57_9b3f_3247f4302dc8
2025-08-06 18:50:59,436 INFO  [io.api.tes.ser.api.KafkaSerdesTester] (Thread-683) Sending message {"key11754506258252": "value-8"} to topic topic-5be34205_7c69_4a57_9b3f_3247f4302dc8
2025-08-06 18:50:59,441 INFO  [io.api.tes.ser.api.KafkaSerdesTester] (Thread-683) Sending message {"key11754506258252": "value-9"} to topic topic-5be34205_7c69_4a57_9b3f_3247f4302dc8
2025-08-06 18:50:59,443 INFO  [io.api.tes.ser.api.KafkaSerdesTester] (Thread-683) Produced 10 messages
2025-08-06 18:50:59,443 INFO  [org.apa.kaf.cli.pro.KafkaProducer] (Thread-683) [Producer clientId=Producer-topic-5be34205_7c69_4a57_9b3f_3247f4302dc8] Closing the Kafka producer with timeoutMillis = 9223372036854775807 ms.
2025-08-06 18:50:59,448 INFO  [org.apa.kaf.com.met.Metrics] (Thread-683) Metrics scheduler closed
2025-08-06 18:50:59,448 INFO  [org.apa.kaf.com.met.Metrics] (Thread-683) Closing reporter org.apache.kafka.common.metrics.JmxReporter
2025-08-06 18:50:59,448 INFO  [org.apa.kaf.com.met.Metrics] (Thread-683) Closing reporter org.apache.kafka.common.telemetry.internals.ClientTelemetryReporter
2025-08-06 18:50:59,448 INFO  [org.apa.kaf.com.met.Metrics] (Thread-683) Metrics reporters closed
2025-08-06 18:50:59,448 INFO  [org.apa.kaf.com.uti.AppInfoParser] (Thread-683) App info kafka.producer for Producer-topic-5be34205_7c69_4a57_9b3f_3247f4302dc8 unregistered
2025-08-06 18:50:59,450 INFO  [io.api.tes.ser.api.KafkaSerdesTester] (Thread-684) Sending message {"key11754506258252": "value-0"} to topic topic-c47d09da_2a0e_4235_8efb_913dfc715a37
2025-08-06 18:50:59,457 INFO  [DefaultSchemaResolver] (Thread-684) Retrieving schema content using string: {"type":"record","name":"myrecordconfluent","fields":[{"name":"key11754506258252","type":"string"}]}
2025-08-06 18:50:59,486 INFO  [io.api.tes.ser.api.KafkaSerdesTester] (Thread-684) Sending message {"key11754506258252": "value-1"} to topic topic-c47d09da_2a0e_4235_8efb_913dfc715a37
2025-08-06 18:50:59,490 INFO  [io.api.tes.ser.api.KafkaSerdesTester] (Thread-684) Sending message {"key11754506258252": "value-2"} to topic topic-c47d09da_2a0e_4235_8efb_913dfc715a37
2025-08-06 18:50:59,491 INFO  [io.api.tes.ser.api.KafkaSerdesTester] (Thread-684) Sending message {"key11754506258252": "value-3"} to topic topic-c47d09da_2a0e_4235_8efb_913dfc715a37
2025-08-06 18:50:59,494 INFO  [io.api.tes.ser.api.KafkaSerdesTester] (Thread-684) Sending message {"key11754506258252": "value-4"} to topic topic-c47d09da_2a0e_4235_8efb_913dfc715a37
2025-08-06 18:50:59,497 INFO  [io.api.tes.ser.api.KafkaSerdesTester] (Thread-684) Sending message {"key11754506258252": "value-5"} to topic topic-c47d09da_2a0e_4235_8efb_913dfc715a37
2025-08-06 18:50:59,500 INFO  [io.api.tes.ser.api.KafkaSerdesTester] (Thread-684) Sending message {"key11754506258252": "value-6"} to topic topic-c47d09da_2a0e_4235_8efb_913dfc715a37
2025-08-06 18:50:59,506 INFO  [io.api.tes.ser.api.KafkaSerdesTester] (Thread-684) Sending message {"key11754506258252": "value-7"} to topic topic-c47d09da_2a0e_4235_8efb_913dfc715a37
2025-08-06 18:50:59,509 INFO  [io.api.tes.ser.api.KafkaSerdesTester] (Thread-684) Sending message {"key11754506258252": "value-8"} to topic topic-c47d09da_2a0e_4235_8efb_913dfc715a37
2025-08-06 18:50:59,510 INFO  [io.api.tes.ser.api.KafkaSerdesTester] (Thread-684) Sending message {"key11754506258252": "value-9"} to topic topic-c47d09da_2a0e_4235_8efb_913dfc715a37
2025-08-06 18:50:59,514 INFO  [io.api.tes.ser.api.KafkaSerdesTester] (Thread-684) Produced 10 messages
2025-08-06 18:50:59,514 INFO  [org.apa.kaf.cli.pro.KafkaProducer] (Thread-684) [Producer clientId=Producer-topic-c47d09da_2a0e_4235_8efb_913dfc715a37] Closing the Kafka producer with timeoutMillis = 9223372036854775807 ms.
2025-08-06 18:50:59,517 INFO  [org.apa.kaf.com.met.Metrics] (Thread-684) Metrics scheduler closed
2025-08-06 18:50:59,517 INFO  [org.apa.kaf.com.met.Metrics] (Thread-684) Closing reporter org.apache.kafka.common.metrics.JmxReporter
2025-08-06 18:50:59,517 INFO  [org.apa.kaf.com.met.Metrics] (Thread-684) Closing reporter org.apache.kafka.common.telemetry.internals.ClientTelemetryReporter
2025-08-06 18:50:59,517 INFO  [org.apa.kaf.com.met.Metrics] (Thread-684) Metrics reporters closed
2025-08-06 18:50:59,518 INFO  [org.apa.kaf.com.uti.AppInfoParser] (Thread-684) App info kafka.producer for Producer-topic-c47d09da_2a0e_4235_8efb_913dfc715a37 unregistered
2025-08-06 18:50:59,521 INFO  [org.apa.kaf.cli.con.int.ClassicKafkaConsumer] (Thread-685) [Consumer clientId=consumer-Consumer-topic-cddc8e64_33b2_4ceb_9568_d8968630c5a1-11, groupId=Consumer-topic-cddc8e64_33b2_4ceb_9568_d8968630c5a1] Subscribed to topic(s): topic-cddc8e64_33b2_4ceb_9568_d8968630c5a1
2025-08-06 18:50:59,529 INFO  [org.apa.kaf.cli.Metadata] (Thread-685) [Consumer clientId=consumer-Consumer-topic-cddc8e64_33b2_4ceb_9568_d8968630c5a1-11, groupId=Consumer-topic-cddc8e64_33b2_4ceb_9568_d8968630c5a1] Cluster ID: EV4Uys23RNi7BwH7MVj6Ag
2025-08-06 18:50:59,529 INFO  [org.apa.kaf.cli.con.int.ConsumerCoordinator] (Thread-685) [Consumer clientId=consumer-Consumer-topic-cddc8e64_33b2_4ceb_9568_d8968630c5a1-11, groupId=Consumer-topic-cddc8e64_33b2_4ceb_9568_d8968630c5a1] Discovered group coordinator localhost:32769 (id: 2147483647 rack: null)
2025-08-06 18:50:59,531 INFO  [org.apa.kaf.cli.con.int.ConsumerCoordinator] (Thread-685) [Consumer clientId=consumer-Consumer-topic-cddc8e64_33b2_4ceb_9568_d8968630c5a1-11, groupId=Consumer-topic-cddc8e64_33b2_4ceb_9568_d8968630c5a1] (Re-)joining group
2025-08-06 18:50:59,538 INFO  [org.apa.kaf.cli.con.int.ConsumerCoordinator] (Thread-685) [Consumer clientId=consumer-Consumer-topic-cddc8e64_33b2_4ceb_9568_d8968630c5a1-11, groupId=Consumer-topic-cddc8e64_33b2_4ceb_9568_d8968630c5a1] Request joining group due to: need to re-join with the given member-id: consumer-Consumer-topic-cddc8e64_33b2_4ceb_9568_d8968630c5a1-11-aec2ed6e-82e5-4c7b-9fb9-a7e4e5255787
2025-08-06 18:50:59,538 INFO  [org.apa.kaf.cli.con.int.ConsumerCoordinator] (Thread-685) [Consumer clientId=consumer-Consumer-topic-cddc8e64_33b2_4ceb_9568_d8968630c5a1-11, groupId=Consumer-topic-cddc8e64_33b2_4ceb_9568_d8968630c5a1] (Re-)joining group
2025-08-06 18:51:00,521 INFO  [io.api.tes.ser.api.KafkaSerdesTester] (Thread-685) None found
2025-08-06 18:51:01,521 INFO  [io.api.tes.ser.api.KafkaSerdesTester] (Thread-685) None found
2025-08-06 18:51:02,521 INFO  [io.api.tes.ser.api.KafkaSerdesTester] (Thread-685) None found
2025-08-06 18:51:02,540 INFO  [org.apa.kaf.cli.con.int.ConsumerCoordinator] (Thread-685) [Consumer clientId=consumer-Consumer-topic-cddc8e64_33b2_4ceb_9568_d8968630c5a1-11, groupId=Consumer-topic-cddc8e64_33b2_4ceb_9568_d8968630c5a1] Successfully joined group with generation Generation{generationId=1, memberId='consumer-Consumer-topic-cddc8e64_33b2_4ceb_9568_d8968630c5a1-11-aec2ed6e-82e5-4c7b-9fb9-a7e4e5255787', protocol='range'}
2025-08-06 18:51:02,540 INFO  [org.apa.kaf.cli.con.int.ConsumerCoordinator] (Thread-685) [Consumer clientId=consumer-Consumer-topic-cddc8e64_33b2_4ceb_9568_d8968630c5a1-11, groupId=Consumer-topic-cddc8e64_33b2_4ceb_9568_d8968630c5a1] Finished assignment for group at generation 1: {consumer-Consumer-topic-cddc8e64_33b2_4ceb_9568_d8968630c5a1-11-aec2ed6e-82e5-4c7b-9fb9-a7e4e5255787=Assignment(partitions=[topic-cddc8e64_33b2_4ceb_9568_d8968630c5a1-0])}
2025-08-06 18:51:02,547 INFO  [org.apa.kaf.cli.con.int.ConsumerCoordinator] (Thread-685) [Consumer clientId=consumer-Consumer-topic-cddc8e64_33b2_4ceb_9568_d8968630c5a1-11, groupId=Consumer-topic-cddc8e64_33b2_4ceb_9568_d8968630c5a1] Successfully synced group in generation Generation{generationId=1, memberId='consumer-Consumer-topic-cddc8e64_33b2_4ceb_9568_d8968630c5a1-11-aec2ed6e-82e5-4c7b-9fb9-a7e4e5255787', protocol='range'}
2025-08-06 18:51:02,547 INFO  [org.apa.kaf.cli.con.int.ConsumerCoordinator] (Thread-685) [Consumer clientId=consumer-Consumer-topic-cddc8e64_33b2_4ceb_9568_d8968630c5a1-11, groupId=Consumer-topic-cddc8e64_33b2_4ceb_9568_d8968630c5a1] Notifying assignor about the new Assignment(partitions=[topic-cddc8e64_33b2_4ceb_9568_d8968630c5a1-0])
2025-08-06 18:51:02,547 INFO  [org.apa.kaf.cli.con.int.ConsumerRebalanceListenerInvoker] (Thread-685) [Consumer clientId=consumer-Consumer-topic-cddc8e64_33b2_4ceb_9568_d8968630c5a1-11, groupId=Consumer-topic-cddc8e64_33b2_4ceb_9568_d8968630c5a1] Adding newly assigned partitions: topic-cddc8e64_33b2_4ceb_9568_d8968630c5a1-0
2025-08-06 18:51:02,548 INFO  [org.apa.kaf.cli.con.int.ConsumerCoordinator] (Thread-685) [Consumer clientId=consumer-Consumer-topic-cddc8e64_33b2_4ceb_9568_d8968630c5a1-11, groupId=Consumer-topic-cddc8e64_33b2_4ceb_9568_d8968630c5a1] Found no committed offset for partition topic-cddc8e64_33b2_4ceb_9568_d8968630c5a1-0
2025-08-06 18:51:02,552 INFO  [org.apa.kaf.cli.con.int.SubscriptionState] (Thread-685) [Consumer clientId=consumer-Consumer-topic-cddc8e64_33b2_4ceb_9568_d8968630c5a1-11, groupId=Consumer-topic-cddc8e64_33b2_4ceb_9568_d8968630c5a1] Resetting offset for partition topic-cddc8e64_33b2_4ceb_9568_d8968630c5a1-0 to position FetchPosition{offset=0, offsetEpoch=Optional.empty, currentLeader=LeaderAndEpoch{leader=Optional[localhost:32769 (id: 0 rack: null)], epoch=0}}.
2025-08-06 18:51:02,578 INFO  [io.api.tes.ser.api.KafkaSerdesTester] (Thread-685) topic-cddc8e64_33b2_4ceb_9568_d8968630c5a1 0 0 {"key11754506258252": "value-0"}
2025-08-06 18:51:02,578 INFO  [io.api.tes.ser.api.KafkaSerdesTester] (Thread-685) topic-cddc8e64_33b2_4ceb_9568_d8968630c5a1 0 1 {"key11754506258252": "value-1"}
2025-08-06 18:51:02,578 INFO  [io.api.tes.ser.api.KafkaSerdesTester] (Thread-685) topic-cddc8e64_33b2_4ceb_9568_d8968630c5a1 0 2 {"key11754506258252": "value-2"}
2025-08-06 18:51:02,579 INFO  [io.api.tes.ser.api.KafkaSerdesTester] (Thread-685) topic-cddc8e64_33b2_4ceb_9568_d8968630c5a1 0 3 {"key11754506258252": "value-3"}
2025-08-06 18:51:02,579 INFO  [io.api.tes.ser.api.KafkaSerdesTester] (Thread-685) topic-cddc8e64_33b2_4ceb_9568_d8968630c5a1 0 4 {"key11754506258252": "value-4"}
2025-08-06 18:51:02,579 INFO  [io.api.tes.ser.api.KafkaSerdesTester] (Thread-685) topic-cddc8e64_33b2_4ceb_9568_d8968630c5a1 0 5 {"key11754506258252": "value-5"}
2025-08-06 18:51:02,579 INFO  [io.api.tes.ser.api.KafkaSerdesTester] (Thread-685) topic-cddc8e64_33b2_4ceb_9568_d8968630c5a1 0 6 {"key11754506258252": "value-6"}
2025-08-06 18:51:02,579 INFO  [io.api.tes.ser.api.KafkaSerdesTester] (Thread-685) topic-cddc8e64_33b2_4ceb_9568_d8968630c5a1 0 7 {"key11754506258252": "value-7"}
2025-08-06 18:51:02,579 INFO  [io.api.tes.ser.api.KafkaSerdesTester] (Thread-685) topic-cddc8e64_33b2_4ceb_9568_d8968630c5a1 0 8 {"key11754506258252": "value-8"}
2025-08-06 18:51:02,579 INFO  [io.api.tes.ser.api.KafkaSerdesTester] (Thread-685) topic-cddc8e64_33b2_4ceb_9568_d8968630c5a1 0 9 {"key11754506258252": "value-9"}
2025-08-06 18:51:02,579 INFO  [io.api.tes.ser.api.KafkaSerdesTester] (Thread-685) Consumed 10 messages
2025-08-06 18:51:02,586 INFO  [org.apa.kaf.cli.con.int.ConsumerRebalanceListenerInvoker] (Thread-685) [Consumer clientId=consumer-Consumer-topic-cddc8e64_33b2_4ceb_9568_d8968630c5a1-11, groupId=Consumer-topic-cddc8e64_33b2_4ceb_9568_d8968630c5a1] Revoke previously assigned partitions topic-cddc8e64_33b2_4ceb_9568_d8968630c5a1-0
2025-08-06 18:51:02,586 INFO  [org.apa.kaf.cli.con.int.ConsumerCoordinator] (Thread-685) [Consumer clientId=consumer-Consumer-topic-cddc8e64_33b2_4ceb_9568_d8968630c5a1-11, groupId=Consumer-topic-cddc8e64_33b2_4ceb_9568_d8968630c5a1] Member consumer-Consumer-topic-cddc8e64_33b2_4ceb_9568_d8968630c5a1-11-aec2ed6e-82e5-4c7b-9fb9-a7e4e5255787 sending LeaveGroup request to coordinator localhost:32769 (id: 2147483647 rack: null) due to the consumer is being closed
2025-08-06 18:51:02,587 INFO  [org.apa.kaf.cli.con.int.ConsumerCoordinator] (Thread-685) [Consumer clientId=consumer-Consumer-topic-cddc8e64_33b2_4ceb_9568_d8968630c5a1-11, groupId=Consumer-topic-cddc8e64_33b2_4ceb_9568_d8968630c5a1] Resetting generation and member id due to: consumer pro-actively leaving the group
2025-08-06 18:51:02,587 INFO  [org.apa.kaf.cli.con.int.ConsumerCoordinator] (Thread-685) [Consumer clientId=consumer-Consumer-topic-cddc8e64_33b2_4ceb_9568_d8968630c5a1-11, groupId=Consumer-topic-cddc8e64_33b2_4ceb_9568_d8968630c5a1] Request joining group due to: consumer pro-actively leaving the group
2025-08-06 18:51:03,081 INFO  [org.apa.kaf.com.met.Metrics] (Thread-685) Metrics scheduler closed
2025-08-06 18:51:03,081 INFO  [org.apa.kaf.com.met.Metrics] (Thread-685) Closing reporter org.apache.kafka.common.metrics.JmxReporter
2025-08-06 18:51:03,081 INFO  [org.apa.kaf.com.met.Metrics] (Thread-685) Closing reporter org.apache.kafka.common.telemetry.internals.ClientTelemetryReporter
2025-08-06 18:51:03,081 INFO  [org.apa.kaf.com.met.Metrics] (Thread-685) Metrics reporters closed
2025-08-06 18:51:03,083 INFO  [org.apa.kaf.com.uti.AppInfoParser] (Thread-685) App info kafka.consumer for consumer-Consumer-topic-cddc8e64_33b2_4ceb_9568_d8968630c5a1-11 unregistered
2025-08-06 18:51:03,084 INFO  [org.apa.kaf.cli.con.int.ClassicKafkaConsumer] (Thread-686) [Consumer clientId=consumer-Consumer-topic-5be34205_7c69_4a57_9b3f_3247f4302dc8-12, groupId=Consumer-topic-5be34205_7c69_4a57_9b3f_3247f4302dc8] Subscribed to topic(s): topic-5be34205_7c69_4a57_9b3f_3247f4302dc8
2025-08-06 18:51:03,090 INFO  [org.apa.kaf.cli.Metadata] (Thread-686) [Consumer clientId=consumer-Consumer-topic-5be34205_7c69_4a57_9b3f_3247f4302dc8-12, groupId=Consumer-topic-5be34205_7c69_4a57_9b3f_3247f4302dc8] Cluster ID: EV4Uys23RNi7BwH7MVj6Ag
2025-08-06 18:51:03,090 INFO  [org.apa.kaf.cli.con.int.ConsumerCoordinator] (Thread-686) [Consumer clientId=consumer-Consumer-topic-5be34205_7c69_4a57_9b3f_3247f4302dc8-12, groupId=Consumer-topic-5be34205_7c69_4a57_9b3f_3247f4302dc8] Discovered group coordinator localhost:32769 (id: 2147483647 rack: null)
2025-08-06 18:51:03,092 INFO  [org.apa.kaf.cli.con.int.ConsumerCoordinator] (Thread-686) [Consumer clientId=consumer-Consumer-topic-5be34205_7c69_4a57_9b3f_3247f4302dc8-12, groupId=Consumer-topic-5be34205_7c69_4a57_9b3f_3247f4302dc8] (Re-)joining group
2025-08-06 18:51:03,097 INFO  [org.apa.kaf.cli.con.int.ConsumerCoordinator] (Thread-686) [Consumer clientId=consumer-Consumer-topic-5be34205_7c69_4a57_9b3f_3247f4302dc8-12, groupId=Consumer-topic-5be34205_7c69_4a57_9b3f_3247f4302dc8] Request joining group due to: need to re-join with the given member-id: consumer-Consumer-topic-5be34205_7c69_4a57_9b3f_3247f4302dc8-12-f951a3c0-6ee6-4198-bf5f-74ef28cf5dab
2025-08-06 18:51:03,098 INFO  [org.apa.kaf.cli.con.int.ConsumerCoordinator] (Thread-686) [Consumer clientId=consumer-Consumer-topic-5be34205_7c69_4a57_9b3f_3247f4302dc8-12, groupId=Consumer-topic-5be34205_7c69_4a57_9b3f_3247f4302dc8] (Re-)joining group
2025-08-06 18:51:04,084 INFO  [io.api.tes.ser.api.KafkaSerdesTester] (Thread-686) None found
2025-08-06 18:51:05,084 INFO  [io.api.tes.ser.api.KafkaSerdesTester] (Thread-686) None found
2025-08-06 18:51:06,084 INFO  [io.api.tes.ser.api.KafkaSerdesTester] (Thread-686) None found
2025-08-06 18:51:06,100 INFO  [org.apa.kaf.cli.con.int.ConsumerCoordinator] (Thread-686) [Consumer clientId=consumer-Consumer-topic-5be34205_7c69_4a57_9b3f_3247f4302dc8-12, groupId=Consumer-topic-5be34205_7c69_4a57_9b3f_3247f4302dc8] Successfully joined group with generation Generation{generationId=1, memberId='consumer-Consumer-topic-5be34205_7c69_4a57_9b3f_3247f4302dc8-12-f951a3c0-6ee6-4198-bf5f-74ef28cf5dab', protocol='range'}
2025-08-06 18:51:06,100 INFO  [org.apa.kaf.cli.con.int.ConsumerCoordinator] (Thread-686) [Consumer clientId=consumer-Consumer-topic-5be34205_7c69_4a57_9b3f_3247f4302dc8-12, groupId=Consumer-topic-5be34205_7c69_4a57_9b3f_3247f4302dc8] Finished assignment for group at generation 1: {consumer-Consumer-topic-5be34205_7c69_4a57_9b3f_3247f4302dc8-12-f951a3c0-6ee6-4198-bf5f-74ef28cf5dab=Assignment(partitions=[topic-5be34205_7c69_4a57_9b3f_3247f4302dc8-0])}
2025-08-06 18:51:06,107 INFO  [org.apa.kaf.cli.con.int.ConsumerCoordinator] (Thread-686) [Consumer clientId=consumer-Consumer-topic-5be34205_7c69_4a57_9b3f_3247f4302dc8-12, groupId=Consumer-topic-5be34205_7c69_4a57_9b3f_3247f4302dc8] Successfully synced group in generation Generation{generationId=1, memberId='consumer-Consumer-topic-5be34205_7c69_4a57_9b3f_3247f4302dc8-12-f951a3c0-6ee6-4198-bf5f-74ef28cf5dab', protocol='range'}
2025-08-06 18:51:06,107 INFO  [org.apa.kaf.cli.con.int.ConsumerCoordinator] (Thread-686) [Consumer clientId=consumer-Consumer-topic-5be34205_7c69_4a57_9b3f_3247f4302dc8-12, groupId=Consumer-topic-5be34205_7c69_4a57_9b3f_3247f4302dc8] Notifying assignor about the new Assignment(partitions=[topic-5be34205_7c69_4a57_9b3f_3247f4302dc8-0])
2025-08-06 18:51:06,107 INFO  [org.apa.kaf.cli.con.int.ConsumerRebalanceListenerInvoker] (Thread-686) [Consumer clientId=consumer-Consumer-topic-5be34205_7c69_4a57_9b3f_3247f4302dc8-12, groupId=Consumer-topic-5be34205_7c69_4a57_9b3f_3247f4302dc8] Adding newly assigned partitions: topic-5be34205_7c69_4a57_9b3f_3247f4302dc8-0
2025-08-06 18:51:06,108 INFO  [org.apa.kaf.cli.con.int.ConsumerCoordinator] (Thread-686) [Consumer clientId=consumer-Consumer-topic-5be34205_7c69_4a57_9b3f_3247f4302dc8-12, groupId=Consumer-topic-5be34205_7c69_4a57_9b3f_3247f4302dc8] Found no committed offset for partition topic-5be34205_7c69_4a57_9b3f_3247f4302dc8-0
2025-08-06 18:51:06,112 INFO  [org.apa.kaf.cli.con.int.SubscriptionState] (Thread-686) [Consumer clientId=consumer-Consumer-topic-5be34205_7c69_4a57_9b3f_3247f4302dc8-12, groupId=Consumer-topic-5be34205_7c69_4a57_9b3f_3247f4302dc8] Resetting offset for partition topic-5be34205_7c69_4a57_9b3f_3247f4302dc8-0 to position FetchPosition{offset=0, offsetEpoch=Optional.empty, currentLeader=LeaderAndEpoch{leader=Optional[localhost:32769 (id: 0 rack: null)], epoch=0}}.
2025-08-06 18:51:06,139 INFO  [io.api.tes.ser.api.KafkaSerdesTester] (Thread-686) topic-5be34205_7c69_4a57_9b3f_3247f4302dc8 0 0 {"key11754506258252": "value-0"}
2025-08-06 18:51:06,139 INFO  [io.api.tes.ser.api.KafkaSerdesTester] (Thread-686) topic-5be34205_7c69_4a57_9b3f_3247f4302dc8 0 1 {"key11754506258252": "value-1"}
2025-08-06 18:51:06,140 INFO  [io.api.tes.ser.api.KafkaSerdesTester] (Thread-686) topic-5be34205_7c69_4a57_9b3f_3247f4302dc8 0 2 {"key11754506258252": "value-2"}
2025-08-06 18:51:06,140 INFO  [io.api.tes.ser.api.KafkaSerdesTester] (Thread-686) topic-5be34205_7c69_4a57_9b3f_3247f4302dc8 0 3 {"key11754506258252": "value-3"}
2025-08-06 18:51:06,140 INFO  [io.api.tes.ser.api.KafkaSerdesTester] (Thread-686) topic-5be34205_7c69_4a57_9b3f_3247f4302dc8 0 4 {"key11754506258252": "value-4"}
2025-08-06 18:51:06,140 INFO  [io.api.tes.ser.api.KafkaSerdesTester] (Thread-686) topic-5be34205_7c69_4a57_9b3f_3247f4302dc8 0 5 {"key11754506258252": "value-5"}
2025-08-06 18:51:06,140 INFO  [io.api.tes.ser.api.KafkaSerdesTester] (Thread-686) topic-5be34205_7c69_4a57_9b3f_3247f4302dc8 0 6 {"key11754506258252": "value-6"}
2025-08-06 18:51:06,140 INFO  [io.api.tes.ser.api.KafkaSerdesTester] (Thread-686) topic-5be34205_7c69_4a57_9b3f_3247f4302dc8 0 7 {"key11754506258252": "value-7"}
2025-08-06 18:51:06,140 INFO  [io.api.tes.ser.api.KafkaSerdesTester] (Thread-686) topic-5be34205_7c69_4a57_9b3f_3247f4302dc8 0 8 {"key11754506258252": "value-8"}
2025-08-06 18:51:06,140 INFO  [io.api.tes.ser.api.KafkaSerdesTester] (Thread-686) topic-5be34205_7c69_4a57_9b3f_3247f4302dc8 0 9 {"key11754506258252": "value-9"}
2025-08-06 18:51:06,140 INFO  [io.api.tes.ser.api.KafkaSerdesTester] (Thread-686) Consumed 10 messages
2025-08-06 18:51:06,147 INFO  [org.apa.kaf.cli.con.int.ConsumerRebalanceListenerInvoker] (Thread-686) [Consumer clientId=consumer-Consumer-topic-5be34205_7c69_4a57_9b3f_3247f4302dc8-12, groupId=Consumer-topic-5be34205_7c69_4a57_9b3f_3247f4302dc8] Revoke previously assigned partitions topic-5be34205_7c69_4a57_9b3f_3247f4302dc8-0
2025-08-06 18:51:06,148 INFO  [org.apa.kaf.cli.con.int.ConsumerCoordinator] (Thread-686) [Consumer clientId=consumer-Consumer-topic-5be34205_7c69_4a57_9b3f_3247f4302dc8-12, groupId=Consumer-topic-5be34205_7c69_4a57_9b3f_3247f4302dc8] Member consumer-Consumer-topic-5be34205_7c69_4a57_9b3f_3247f4302dc8-12-f951a3c0-6ee6-4198-bf5f-74ef28cf5dab sending LeaveGroup request to coordinator localhost:32769 (id: 2147483647 rack: null) due to the consumer is being closed
2025-08-06 18:51:06,148 INFO  [org.apa.kaf.cli.con.int.ConsumerCoordinator] (Thread-686) [Consumer clientId=consumer-Consumer-topic-5be34205_7c69_4a57_9b3f_3247f4302dc8-12, groupId=Consumer-topic-5be34205_7c69_4a57_9b3f_3247f4302dc8] Resetting generation and member id due to: consumer pro-actively leaving the group
2025-08-06 18:51:06,148 INFO  [org.apa.kaf.cli.con.int.ConsumerCoordinator] (Thread-686) [Consumer clientId=consumer-Consumer-topic-5be34205_7c69_4a57_9b3f_3247f4302dc8-12, groupId=Consumer-topic-5be34205_7c69_4a57_9b3f_3247f4302dc8] Request joining group due to: consumer pro-actively leaving the group
2025-08-06 18:51:06,642 INFO  [org.apa.kaf.com.met.Metrics] (Thread-686) Metrics scheduler closed
2025-08-06 18:51:06,642 INFO  [org.apa.kaf.com.met.Metrics] (Thread-686) Closing reporter org.apache.kafka.common.metrics.JmxReporter
2025-08-06 18:51:06,642 INFO  [org.apa.kaf.com.met.Metrics] (Thread-686) Closing reporter org.apache.kafka.common.telemetry.internals.ClientTelemetryReporter
2025-08-06 18:51:06,642 INFO  [org.apa.kaf.com.met.Metrics] (Thread-686) Metrics reporters closed
2025-08-06 18:51:06,645 INFO  [org.apa.kaf.com.uti.AppInfoParser] (Thread-686) App info kafka.consumer for consumer-Consumer-topic-5be34205_7c69_4a57_9b3f_3247f4302dc8-12 unregistered
2025-08-06 18:51:06,646 INFO  [org.apa.kaf.cli.con.int.ClassicKafkaConsumer] (Thread-687) [Consumer clientId=consumer-Consumer-topic-c47d09da_2a0e_4235_8efb_913dfc715a37-13, groupId=Consumer-topic-c47d09da_2a0e_4235_8efb_913dfc715a37] Subscribed to topic(s): topic-c47d09da_2a0e_4235_8efb_913dfc715a37
2025-08-06 18:51:06,652 INFO  [org.apa.kaf.cli.Metadata] (Thread-687) [Consumer clientId=consumer-Consumer-topic-c47d09da_2a0e_4235_8efb_913dfc715a37-13, groupId=Consumer-topic-c47d09da_2a0e_4235_8efb_913dfc715a37] Cluster ID: EV4Uys23RNi7BwH7MVj6Ag
2025-08-06 18:51:06,652 INFO  [org.apa.kaf.cli.con.int.ConsumerCoordinator] (Thread-687) [Consumer clientId=consumer-Consumer-topic-c47d09da_2a0e_4235_8efb_913dfc715a37-13, groupId=Consumer-topic-c47d09da_2a0e_4235_8efb_913dfc715a37] Discovered group coordinator localhost:32769 (id: 2147483647 rack: null)
2025-08-06 18:51:06,654 INFO  [org.apa.kaf.cli.con.int.ConsumerCoordinator] (Thread-687) [Consumer clientId=consumer-Consumer-topic-c47d09da_2a0e_4235_8efb_913dfc715a37-13, groupId=Consumer-topic-c47d09da_2a0e_4235_8efb_913dfc715a37] (Re-)joining group
2025-08-06 18:51:06,656 INFO  [org.apa.kaf.cli.con.int.ConsumerCoordinator] (Thread-687) [Consumer clientId=consumer-Consumer-topic-c47d09da_2a0e_4235_8efb_913dfc715a37-13, groupId=Consumer-topic-c47d09da_2a0e_4235_8efb_913dfc715a37] Request joining group due to: need to re-join with the given member-id: consumer-Consumer-topic-c47d09da_2a0e_4235_8efb_913dfc715a37-13-084d36a2-5bcf-43ae-8bda-52f8c214520a
2025-08-06 18:51:06,656 INFO  [org.apa.kaf.cli.con.int.ConsumerCoordinator] (Thread-687) [Consumer clientId=consumer-Consumer-topic-c47d09da_2a0e_4235_8efb_913dfc715a37-13, groupId=Consumer-topic-c47d09da_2a0e_4235_8efb_913dfc715a37] (Re-)joining group
2025-08-06 18:51:07,647 INFO  [io.api.tes.ser.api.KafkaSerdesTester] (Thread-687) None found
2025-08-06 18:51:08,647 INFO  [io.api.tes.ser.api.KafkaSerdesTester] (Thread-687) None found
2025-08-06 18:51:09,647 INFO  [io.api.tes.ser.api.KafkaSerdesTester] (Thread-687) None found
2025-08-06 18:51:09,658 INFO  [org.apa.kaf.cli.con.int.ConsumerCoordinator] (Thread-687) [Consumer clientId=consumer-Consumer-topic-c47d09da_2a0e_4235_8efb_913dfc715a37-13, groupId=Consumer-topic-c47d09da_2a0e_4235_8efb_913dfc715a37] Successfully joined group with generation Generation{generationId=1, memberId='consumer-Consumer-topic-c47d09da_2a0e_4235_8efb_913dfc715a37-13-084d36a2-5bcf-43ae-8bda-52f8c214520a', protocol='range'}
2025-08-06 18:51:09,659 INFO  [org.apa.kaf.cli.con.int.ConsumerCoordinator] (Thread-687) [Consumer clientId=consumer-Consumer-topic-c47d09da_2a0e_4235_8efb_913dfc715a37-13, groupId=Consumer-topic-c47d09da_2a0e_4235_8efb_913dfc715a37] Finished assignment for group at generation 1: {consumer-Consumer-topic-c47d09da_2a0e_4235_8efb_913dfc715a37-13-084d36a2-5bcf-43ae-8bda-52f8c214520a=Assignment(partitions=[topic-c47d09da_2a0e_4235_8efb_913dfc715a37-0])}
2025-08-06 18:51:09,667 INFO  [org.apa.kaf.cli.con.int.ConsumerCoordinator] (kafka-coordinator-heartbeat-thread | Consumer-topic-c47d09da_2a0e_4235_8efb_913dfc715a37) [Consumer clientId=consumer-Consumer-topic-c47d09da_2a0e_4235_8efb_913dfc715a37-13, groupId=Consumer-topic-c47d09da_2a0e_4235_8efb_913dfc715a37] Successfully synced group in generation Generation{generationId=1, memberId='consumer-Consumer-topic-c47d09da_2a0e_4235_8efb_913dfc715a37-13-084d36a2-5bcf-43ae-8bda-52f8c214520a', protocol='range'}
2025-08-06 18:51:09,667 INFO  [org.apa.kaf.cli.con.int.ConsumerCoordinator] (Thread-687) [Consumer clientId=consumer-Consumer-topic-c47d09da_2a0e_4235_8efb_913dfc715a37-13, groupId=Consumer-topic-c47d09da_2a0e_4235_8efb_913dfc715a37] Notifying assignor about the new Assignment(partitions=[topic-c47d09da_2a0e_4235_8efb_913dfc715a37-0])
2025-08-06 18:51:09,667 INFO  [org.apa.kaf.cli.con.int.ConsumerRebalanceListenerInvoker] (Thread-687) [Consumer clientId=consumer-Consumer-topic-c47d09da_2a0e_4235_8efb_913dfc715a37-13, groupId=Consumer-topic-c47d09da_2a0e_4235_8efb_913dfc715a37] Adding newly assigned partitions: topic-c47d09da_2a0e_4235_8efb_913dfc715a37-0
2025-08-06 18:51:09,668 INFO  [org.apa.kaf.cli.con.int.ConsumerCoordinator] (Thread-687) [Consumer clientId=consumer-Consumer-topic-c47d09da_2a0e_4235_8efb_913dfc715a37-13, groupId=Consumer-topic-c47d09da_2a0e_4235_8efb_913dfc715a37] Found no committed offset for partition topic-c47d09da_2a0e_4235_8efb_913dfc715a37-0
2025-08-06 18:51:09,673 INFO  [org.apa.kaf.cli.con.int.SubscriptionState] (Thread-687) [Consumer clientId=consumer-Consumer-topic-c47d09da_2a0e_4235_8efb_913dfc715a37-13, groupId=Consumer-topic-c47d09da_2a0e_4235_8efb_913dfc715a37] Resetting offset for partition topic-c47d09da_2a0e_4235_8efb_913dfc715a37-0 to position FetchPosition{offset=0, offsetEpoch=Optional.empty, currentLeader=LeaderAndEpoch{leader=Optional[localhost:32769 (id: 0 rack: null)], epoch=0}}.
2025-08-06 18:51:09,701 INFO  [io.api.tes.ser.api.KafkaSerdesTester] (Thread-687) topic-c47d09da_2a0e_4235_8efb_913dfc715a37 0 0 {"key11754506258252": "value-0"}
2025-08-06 18:51:09,701 INFO  [io.api.tes.ser.api.KafkaSerdesTester] (Thread-687) topic-c47d09da_2a0e_4235_8efb_913dfc715a37 0 1 {"key11754506258252": "value-1"}
2025-08-06 18:51:09,701 INFO  [io.api.tes.ser.api.KafkaSerdesTester] (Thread-687) topic-c47d09da_2a0e_4235_8efb_913dfc715a37 0 2 {"key11754506258252": "value-2"}
2025-08-06 18:51:09,701 INFO  [io.api.tes.ser.api.KafkaSerdesTester] (Thread-687) topic-c47d09da_2a0e_4235_8efb_913dfc715a37 0 3 {"key11754506258252": "value-3"}
2025-08-06 18:51:09,701 INFO  [io.api.tes.ser.api.KafkaSerdesTester] (Thread-687) topic-c47d09da_2a0e_4235_8efb_913dfc715a37 0 4 {"key11754506258252": "value-4"}
2025-08-06 18:51:09,701 INFO  [io.api.tes.ser.api.KafkaSerdesTester] (Thread-687) topic-c47d09da_2a0e_4235_8efb_913dfc715a37 0 5 {"key11754506258252": "value-5"}
2025-08-06 18:51:09,702 INFO  [io.api.tes.ser.api.KafkaSerdesTester] (Thread-687) topic-c47d09da_2a0e_4235_8efb_913dfc715a37 0 6 {"key11754506258252": "value-6"}
2025-08-06 18:51:09,702 INFO  [io.api.tes.ser.api.KafkaSerdesTester] (Thread-687) topic-c47d09da_2a0e_4235_8efb_913dfc715a37 0 7 {"key11754506258252": "value-7"}
2025-08-06 18:51:09,702 INFO  [io.api.tes.ser.api.KafkaSerdesTester] (Thread-687) topic-c47d09da_2a0e_4235_8efb_913dfc715a37 0 8 {"key11754506258252": "value-8"}
2025-08-06 18:51:09,702 INFO  [io.api.tes.ser.api.KafkaSerdesTester] (Thread-687) topic-c47d09da_2a0e_4235_8efb_913dfc715a37 0 9 {"key11754506258252": "value-9"}
2025-08-06 18:51:09,702 INFO  [io.api.tes.ser.api.KafkaSerdesTester] (Thread-687) Consumed 10 messages
2025-08-06 18:51:09,709 INFO  [org.apa.kaf.cli.con.int.ConsumerRebalanceListenerInvoker] (Thread-687) [Consumer clientId=consumer-Consumer-topic-c47d09da_2a0e_4235_8efb_913dfc715a37-13, groupId=Consumer-topic-c47d09da_2a0e_4235_8efb_913dfc715a37] Revoke previously assigned partitions topic-c47d09da_2a0e_4235_8efb_913dfc715a37-0
2025-08-06 18:51:09,709 INFO  [org.apa.kaf.cli.con.int.ConsumerCoordinator] (Thread-687) [Consumer clientId=consumer-Consumer-topic-c47d09da_2a0e_4235_8efb_913dfc715a37-13, groupId=Consumer-topic-c47d09da_2a0e_4235_8efb_913dfc715a37] Member consumer-Consumer-topic-c47d09da_2a0e_4235_8efb_913dfc715a37-13-084d36a2-5bcf-43ae-8bda-52f8c214520a sending LeaveGroup request to coordinator localhost:32769 (id: 2147483647 rack: null) due to the consumer is being closed
2025-08-06 18:51:09,709 INFO  [org.apa.kaf.cli.con.int.ConsumerCoordinator] (Thread-687) [Consumer clientId=consumer-Consumer-topic-c47d09da_2a0e_4235_8efb_913dfc715a37-13, groupId=Consumer-topic-c47d09da_2a0e_4235_8efb_913dfc715a37] Resetting generation and member id due to: consumer pro-actively leaving the group
2025-08-06 18:51:09,709 INFO  [org.apa.kaf.cli.con.int.ConsumerCoordinator] (Thread-687) [Consumer clientId=consumer-Consumer-topic-c47d09da_2a0e_4235_8efb_913dfc715a37-13, groupId=Consumer-topic-c47d09da_2a0e_4235_8efb_913dfc715a37] Request joining group due to: consumer pro-actively leaving the group
2025-08-06 18:51:10,204 INFO  [org.apa.kaf.com.met.Metrics] (Thread-687) Metrics scheduler closed
2025-08-06 18:51:10,204 INFO  [org.apa.kaf.com.met.Metrics] (Thread-687) Closing reporter org.apache.kafka.common.metrics.JmxReporter
2025-08-06 18:51:10,204 INFO  [org.apa.kaf.com.met.Metrics] (Thread-687) Closing reporter org.apache.kafka.common.telemetry.internals.ClientTelemetryReporter
2025-08-06 18:51:10,204 INFO  [org.apa.kaf.com.met.Metrics] (Thread-687) Metrics reporters closed
2025-08-06 18:51:10,208 INFO  [org.apa.kaf.com.uti.AppInfoParser] (Thread-687) App info kafka.consumer for consumer-Consumer-topic-c47d09da_2a0e_4235_8efb_913dfc715a37-13 unregistered
2025-08-06 18:51:10,208 INFO  [io.api.tes.uti.TestSeparator] (main) io.apicurio.tests.serdes.apicurio.AvroSerdeIT.testAvroConfluentForMultipleTopics-FINISHED
2025-08-06 18:51:10,208 INFO  [io.api.tes.uti.TestSeparator] (main) ############################################################################
Test passed: testAvroConfluentForMultipleTopics
]]></system-out>
  </testcase>
  <testcase name="testFirstRequestFailsRateLimited" classname="io.apicurio.tests.serdes.apicurio.AvroSerdeIT" time="1.143">
    <system-out><![CDATA[2025-08-06 18:51:10,211 INFO  [io.api.tes.uti.TestSeparator] (main) ############################################################################
2025-08-06 18:51:10,211 INFO  [io.api.tes.uti.TestSeparator] (main) io.apicurio.tests.serdes.apicurio.AvroSerdeIT.testFirstRequestFailsRateLimited-STARTED
2025-08-06 18:51:10,931 WARN  [org.ecl.jet.ser.AbstractConnector] (main) Acceptors should be <= availableProcessors: NetworkTrafficServerConnector@12cd1fe6{HTTP/1.1, (http/1.1, h2c)}{0.0.0.0:0} 
2025-08-06 18:51:11,043 INFO  [org.ecl.jet.ser.Server] (main) jetty-11.0.15; built: 2023-04-11T18:37:53.775Z; git: 5bc5e562c8d05c5862505aebe5cf83a61bdbcb96; jvm 17.0.16+8
2025-08-06 18:51:11,070 INFO  [org.ecl.jet.ser.han.ContextHandler] (main) Started o.e.j.s.ServletContextHandler@761a429{/__admin,null,AVAILABLE}
2025-08-06 18:51:11,076 INFO  [org.ecl.jet.ser.han.Con.ROOT] (main) RequestHandlerClass from context returned com.github.tomakehurst.wiremock.http.StubRequestHandler. Normalized mapped under returned 'null'
2025-08-06 18:51:11,077 INFO  [org.ecl.jet.ser.han.ContextHandler] (main) Started o.e.j.s.ServletContextHandler@2e13c72b{/,null,AVAILABLE}
2025-08-06 18:51:11,083 INFO  [org.ecl.jet.ser.AbstractConnector] (main) Started NetworkTrafficServerConnector@12cd1fe6{HTTP/1.1, (http/1.1, h2c)}{0.0.0.0:39229}
2025-08-06 18:51:11,085 INFO  [org.ecl.jet.ser.Server] (main) Started Server@1065f09{STARTING}[11.0.15,sto=1000] @87909ms
**** Registry Base URL: http://registry-app-inmemory.apps.ci419.apicurio-testing.org:80
2025-08-06 18:51:11,093 INFO  [org.apa.kaf.cli.pro.ProducerConfig] (main) ProducerConfig values: 
	acks = -1
	auto.include.jmx.reporter = true
	batch.size = 16384
	bootstrap.servers = [PLAINTEXT://localhost:32769]
	buffer.memory = 33554432
	client.dns.lookup = use_all_dns_ips
	client.id = Producer-topic-d634359f_396b_403c_a231_bfe5bb1e931b
	compression.gzip.level = -1
	compression.lz4.level = 9
	compression.type = none
	compression.zstd.level = 3
	connections.max.idle.ms = 10000
	delivery.timeout.ms = 120000
	enable.idempotence = true
	enable.metrics.push = true
	interceptor.classes = []
	key.serializer = class org.apache.kafka.common.serialization.StringSerializer
	linger.ms = 0
	max.block.ms = 60000
	max.in.flight.requests.per.connection = 5
	max.request.size = 1048576
	metadata.max.age.ms = 300000
	metadata.max.idle.ms = 300000
	metadata.recovery.strategy = none
	metric.reporters = []
	metrics.num.samples = 2
	metrics.recording.level = INFO
	metrics.sample.window.ms = 30000
	partitioner.adaptive.partitioning.enable = true
	partitioner.availability.timeout.ms = 0
	partitioner.class = null
	partitioner.ignore.keys = false
	receive.buffer.bytes = 32768
	reconnect.backoff.max.ms = 1000
	reconnect.backoff.ms = 50
	request.timeout.ms = 5000
	retries = 2147483647
	retry.backoff.max.ms = 1000
	retry.backoff.ms = 100
	sasl.client.callback.handler.class = null
	sasl.jaas.config = null
	sasl.kerberos.kinit.cmd = /usr/bin/kinit
	sasl.kerberos.min.time.before.relogin = 60000
	sasl.kerberos.service.name = null
	sasl.kerberos.ticket.renew.jitter = 0.05
	sasl.kerberos.ticket.renew.window.factor = 0.8
	sasl.login.callback.handler.class = null
	sasl.login.class = null
	sasl.login.connect.timeout.ms = null
	sasl.login.read.timeout.ms = null
	sasl.login.refresh.buffer.seconds = 300
	sasl.login.refresh.min.period.seconds = 60
	sasl.login.refresh.window.factor = 0.8
	sasl.login.refresh.window.jitter = 0.05
	sasl.login.retry.backoff.max.ms = 10000
	sasl.login.retry.backoff.ms = 100
	sasl.mechanism = GSSAPI
	sasl.oauthbearer.clock.skew.seconds = 30
	sasl.oauthbearer.expected.audience = null
	sasl.oauthbearer.expected.issuer = null
	sasl.oauthbearer.header.urlencode = false
	sasl.oauthbearer.jwks.endpoint.refresh.ms = 3600000
	sasl.oauthbearer.jwks.endpoint.retry.backoff.max.ms = 10000
	sasl.oauthbearer.jwks.endpoint.retry.backoff.ms = 100
	sasl.oauthbearer.jwks.endpoint.url = null
	sasl.oauthbearer.scope.claim.name = scope
	sasl.oauthbearer.sub.claim.name = sub
	sasl.oauthbearer.token.endpoint.url = null
	security.protocol = PLAINTEXT
	security.providers = null
	send.buffer.bytes = 131072
	socket.connection.setup.timeout.max.ms = 30000
	socket.connection.setup.timeout.ms = 10000
	ssl.cipher.suites = null
	ssl.enabled.protocols = [TLSv1.2, TLSv1.3]
	ssl.endpoint.identification.algorithm = https
	ssl.engine.factory.class = null
	ssl.key.password = null
	ssl.keymanager.algorithm = SunX509
	ssl.keystore.certificate.chain = null
	ssl.keystore.key = null
	ssl.keystore.location = null
	ssl.keystore.password = null
	ssl.keystore.type = JKS
	ssl.protocol = TLSv1.3
	ssl.provider = null
	ssl.secure.random.implementation = null
	ssl.trustmanager.algorithm = PKIX
	ssl.truststore.certificates = null
	ssl.truststore.location = null
	ssl.truststore.password = null
	ssl.truststore.type = JKS
	transaction.timeout.ms = 60000
	transactional.id = null
	value.serializer = class io.apicurio.registry.serde.avro.AvroKafkaSerializer

2025-08-06 18:51:11,095 INFO  [org.apa.kaf.com.tel.int.KafkaMetricsCollector] (main) initializing Kafka metrics collector
2025-08-06 18:51:11,098 INFO  [org.apa.kaf.cli.pro.KafkaProducer] (main) [Producer clientId=Producer-topic-d634359f_396b_403c_a231_bfe5bb1e931b] Instantiated an idempotent producer.
2025-08-06 18:51:11,100 INFO  [org.apa.kaf.cli.pro.ProducerConfig] (main) These configurations '[apicurio.registry.url, apicurio.registry.artifact-resolver-strategy]' were supplied but are not used yet.
2025-08-06 18:51:11,100 INFO  [org.apa.kaf.com.uti.AppInfoParser] (main) Kafka version: 3.9.1
2025-08-06 18:51:11,100 INFO  [org.apa.kaf.com.uti.AppInfoParser] (main) Kafka commitId: f745dfdcee2b9851
2025-08-06 18:51:11,100 INFO  [org.apa.kaf.com.uti.AppInfoParser] (main) Kafka startTimeMs: 1754506271100
2025-08-06 18:51:11,101 INFO  [io.api.tes.ser.api.KafkaSerdesTester] (Thread-698) Sending message {"keyB": "value-0"} to topic topic-d634359f_396b_403c_a231_bfe5bb1e931b
2025-08-06 18:51:11,107 WARN  [org.apa.kaf.cli.NetworkClient] (kafka-producer-network-thread | Producer-topic-d634359f_396b_403c_a231_bfe5bb1e931b) [Producer clientId=Producer-topic-d634359f_396b_403c_a231_bfe5bb1e931b] The metadata response from the cluster reported a recoverable issue with correlation id 1 : {topic-d634359f_396b_403c_a231_bfe5bb1e931b=UNKNOWN_TOPIC_OR_PARTITION}
2025-08-06 18:51:11,108 INFO  [org.apa.kaf.cli.Metadata] (kafka-producer-network-thread | Producer-topic-d634359f_396b_403c_a231_bfe5bb1e931b) [Producer clientId=Producer-topic-d634359f_396b_403c_a231_bfe5bb1e931b] Cluster ID: EV4Uys23RNi7BwH7MVj6Ag
2025-08-06 18:51:11,108 INFO  [org.apa.kaf.cli.pro.int.TransactionManager] (kafka-producer-network-thread | Producer-topic-d634359f_396b_403c_a231_bfe5bb1e931b) [Producer clientId=Producer-topic-d634359f_396b_403c_a231_bfe5bb1e931b] ProducerId set to 17 with epoch 0
2025-08-06 18:51:11,228 INFO  [DefaultSchemaResolver] (Thread-698) Retrieving schema content using string: {"type":"record","name":"myrecord","namespace":"mygroup","fields":[{"name":"keyB","type":"string"}]}
2025-08-06 18:51:11,337 INFO  [org.apa.kaf.cli.pro.KafkaProducer] (Thread-698) [Producer clientId=Producer-topic-d634359f_396b_403c_a231_bfe5bb1e931b] Closing the Kafka producer with timeoutMillis = 9223372036854775807 ms.
2025-08-06 18:51:11,341 INFO  [org.apa.kaf.com.met.Metrics] (Thread-698) Metrics scheduler closed
2025-08-06 18:51:11,341 INFO  [org.apa.kaf.com.met.Metrics] (Thread-698) Closing reporter org.apache.kafka.common.metrics.JmxReporter
2025-08-06 18:51:11,341 INFO  [org.apa.kaf.com.met.Metrics] (Thread-698) Closing reporter org.apache.kafka.common.telemetry.internals.ClientTelemetryReporter
2025-08-06 18:51:11,341 INFO  [org.apa.kaf.com.met.Metrics] (Thread-698) Metrics reporters closed
2025-08-06 18:51:11,341 INFO  [org.apa.kaf.com.uti.AppInfoParser] (Thread-698) App info kafka.producer for Producer-topic-d634359f_396b_403c_a231_bfe5bb1e931b unregistered
2025-08-06 18:51:11,344 INFO  [org.ecl.jet.ser.Server] (main) Stopped Server@1065f09{STOPPING}[11.0.15,sto=1000]
2025-08-06 18:51:11,344 INFO  [org.ecl.jet.ser.Server] (main) Shutdown Server@1065f09{STOPPING}[11.0.15,sto=1000]
2025-08-06 18:51:11,348 INFO  [org.ecl.jet.ser.AbstractConnector] (main) Stopped NetworkTrafficServerConnector@12cd1fe6{HTTP/1.1, (http/1.1, h2c)}{0.0.0.0:0}
2025-08-06 18:51:11,350 INFO  [org.ecl.jet.ser.han.ContextHandler] (main) Stopped o.e.j.s.ServletContextHandler@2e13c72b{/,null,STOPPED}
2025-08-06 18:51:11,350 INFO  [org.ecl.jet.ser.han.ContextHandler] (main) Stopped o.e.j.s.ServletContextHandler@761a429{/__admin,null,STOPPED}
2025-08-06 18:51:11,353 INFO  [io.api.tes.uti.TestSeparator] (main) io.apicurio.tests.serdes.apicurio.AvroSerdeIT.testFirstRequestFailsRateLimited-FINISHED
2025-08-06 18:51:11,353 INFO  [io.api.tes.uti.TestSeparator] (main) ############################################################################
Test passed: testFirstRequestFailsRateLimited
]]></system-out>
    <system-err><![CDATA[com.microsoft.kiota.ApiException: the server returned an unexpected status code and no error class is registered for this code 429
	at com.microsoft.kiota.ApiExceptionBuilder.withMessage(ApiExceptionBuilder.java:45)
	at io.kiota.http.vertx.VertXRequestAdapter.throwIfFailedResponse(VertXRequestAdapter.java:370)
	at io.kiota.http.vertx.VertXRequestAdapter.send(VertXRequestAdapter.java:170)
	at io.apicurio.registry.rest.client.search.versions.VersionsRequestBuilder.post(VersionsRequestBuilder.java:94)
	at io.apicurio.registry.resolver.client.RegistryClientFacadeImpl.searchVersionsByContent(RegistryClientFacadeImpl.java:106)
	at io.apicurio.registry.resolver.DefaultSchemaResolver.lambda$handleResolveSchemaByContent$3(DefaultSchemaResolver.java:258)
	at io.apicurio.registry.resolver.cache.ERCache.lambda$getValue$0(ERCache.java:174)
	at io.apicurio.registry.resolver.cache.ERCache.retry(ERCache.java:227)
	at io.apicurio.registry.resolver.cache.ERCache.getValue(ERCache.java:173)
	at io.apicurio.registry.resolver.cache.ERCache.getByContent(ERCache.java:147)
	at io.apicurio.registry.resolver.DefaultSchemaResolver.handleResolveSchemaByContent(DefaultSchemaResolver.java:253)
	at io.apicurio.registry.resolver.DefaultSchemaResolver.getSchemaFromRegistry(DefaultSchemaResolver.java:138)
	at io.apicurio.registry.resolver.DefaultSchemaResolver.lambda$resolveSchema$0(DefaultSchemaResolver.java:84)
	at java.base/java.util.Optional.orElseGet(Optional.java:364)
	at io.apicurio.registry.resolver.DefaultSchemaResolver.resolveSchema(DefaultSchemaResolver.java:84)
	at io.apicurio.registry.serde.AbstractSerializer.serializeData(AbstractSerializer.java:62)
	at io.apicurio.registry.serde.KafkaSerializer.serialize(KafkaSerializer.java:77)
	at org.apache.kafka.clients.producer.KafkaProducer.doSend(KafkaProducer.java:1046)
	at org.apache.kafka.clients.producer.KafkaProducer.send(KafkaProducer.java:993)
	at org.apache.kafka.clients.producer.KafkaProducer.send(KafkaProducer.java:875)
	at io.apicurio.tests.serdes.apicurio.KafkaSerdesTester.lambda$produceMessages$3(KafkaSerdesTester.java:138)
	at java.base/java.util.concurrent.CompletableFuture$AsyncSupply.run(CompletableFuture.java:1768)
	at java.base/java.lang.Thread.run(Thread.java:840)
]]></system-err>
  </testcase>
  <testcase name="testFirstEmptyFieldConfusedAsMagicByte" classname="io.apicurio.tests.serdes.apicurio.AvroSerdeIT" time="3.777">
    <system-out><![CDATA[2025-08-06 18:51:11,355 INFO  [io.api.tes.uti.TestSeparator] (main) ############################################################################
2025-08-06 18:51:11,356 INFO  [io.api.tes.uti.TestSeparator] (main) io.apicurio.tests.serdes.apicurio.AvroSerdeIT.testFirstEmptyFieldConfusedAsMagicByte-STARTED
**** Registry Base URL: http://registry-app-inmemory.apps.ci419.apicurio-testing.org:80
2025-08-06 18:51:11,360 INFO  [org.apa.kaf.cli.pro.ProducerConfig] (main) ProducerConfig values: 
	acks = -1
	auto.include.jmx.reporter = true
	batch.size = 16384
	bootstrap.servers = [PLAINTEXT://localhost:32769]
	buffer.memory = 33554432
	client.dns.lookup = use_all_dns_ips
	client.id = Producer-topic-0040dd3c_bf7d_4228_b658_c5aefbaae4a6
	compression.gzip.level = -1
	compression.lz4.level = 9
	compression.type = none
	compression.zstd.level = 3
	connections.max.idle.ms = 10000
	delivery.timeout.ms = 120000
	enable.idempotence = true
	enable.metrics.push = true
	interceptor.classes = []
	key.serializer = class org.apache.kafka.common.serialization.StringSerializer
	linger.ms = 0
	max.block.ms = 60000
	max.in.flight.requests.per.connection = 5
	max.request.size = 1048576
	metadata.max.age.ms = 300000
	metadata.max.idle.ms = 300000
	metadata.recovery.strategy = none
	metric.reporters = []
	metrics.num.samples = 2
	metrics.recording.level = INFO
	metrics.sample.window.ms = 30000
	partitioner.adaptive.partitioning.enable = true
	partitioner.availability.timeout.ms = 0
	partitioner.class = null
	partitioner.ignore.keys = false
	receive.buffer.bytes = 32768
	reconnect.backoff.max.ms = 1000
	reconnect.backoff.ms = 50
	request.timeout.ms = 5000
	retries = 2147483647
	retry.backoff.max.ms = 1000
	retry.backoff.ms = 100
	sasl.client.callback.handler.class = null
	sasl.jaas.config = null
	sasl.kerberos.kinit.cmd = /usr/bin/kinit
	sasl.kerberos.min.time.before.relogin = 60000
	sasl.kerberos.service.name = null
	sasl.kerberos.ticket.renew.jitter = 0.05
	sasl.kerberos.ticket.renew.window.factor = 0.8
	sasl.login.callback.handler.class = null
	sasl.login.class = null
	sasl.login.connect.timeout.ms = null
	sasl.login.read.timeout.ms = null
	sasl.login.refresh.buffer.seconds = 300
	sasl.login.refresh.min.period.seconds = 60
	sasl.login.refresh.window.factor = 0.8
	sasl.login.refresh.window.jitter = 0.05
	sasl.login.retry.backoff.max.ms = 10000
	sasl.login.retry.backoff.ms = 100
	sasl.mechanism = GSSAPI
	sasl.oauthbearer.clock.skew.seconds = 30
	sasl.oauthbearer.expected.audience = null
	sasl.oauthbearer.expected.issuer = null
	sasl.oauthbearer.header.urlencode = false
	sasl.oauthbearer.jwks.endpoint.refresh.ms = 3600000
	sasl.oauthbearer.jwks.endpoint.retry.backoff.max.ms = 10000
	sasl.oauthbearer.jwks.endpoint.retry.backoff.ms = 100
	sasl.oauthbearer.jwks.endpoint.url = null
	sasl.oauthbearer.scope.claim.name = scope
	sasl.oauthbearer.sub.claim.name = sub
	sasl.oauthbearer.token.endpoint.url = null
	security.protocol = PLAINTEXT
	security.providers = null
	send.buffer.bytes = 131072
	socket.connection.setup.timeout.max.ms = 30000
	socket.connection.setup.timeout.ms = 10000
	ssl.cipher.suites = null
	ssl.enabled.protocols = [TLSv1.2, TLSv1.3]
	ssl.endpoint.identification.algorithm = https
	ssl.engine.factory.class = null
	ssl.key.password = null
	ssl.keymanager.algorithm = SunX509
	ssl.keystore.certificate.chain = null
	ssl.keystore.key = null
	ssl.keystore.location = null
	ssl.keystore.password = null
	ssl.keystore.type = JKS
	ssl.protocol = TLSv1.3
	ssl.provider = null
	ssl.secure.random.implementation = null
	ssl.trustmanager.algorithm = PKIX
	ssl.truststore.certificates = null
	ssl.truststore.location = null
	ssl.truststore.password = null
	ssl.truststore.type = JKS
	transaction.timeout.ms = 60000
	transactional.id = null
	value.serializer = class io.apicurio.registry.serde.avro.AvroKafkaSerializer

2025-08-06 18:51:11,360 INFO  [org.apa.kaf.com.tel.int.KafkaMetricsCollector] (main) initializing Kafka metrics collector
2025-08-06 18:51:11,363 INFO  [org.apa.kaf.cli.pro.KafkaProducer] (main) [Producer clientId=Producer-topic-0040dd3c_bf7d_4228_b658_c5aefbaae4a6] Instantiated an idempotent producer.
2025-08-06 18:51:11,366 INFO  [org.apa.kaf.cli.pro.ProducerConfig] (main) These configurations '[apicurio.registry.url, apicurio.registry.auto-register, apicurio.registry.artifact-resolver-strategy]' were supplied but are not used yet.
2025-08-06 18:51:11,366 INFO  [org.apa.kaf.com.uti.AppInfoParser] (main) Kafka version: 3.9.1
2025-08-06 18:51:11,366 INFO  [org.apa.kaf.com.uti.AppInfoParser] (main) Kafka commitId: f745dfdcee2b9851
2025-08-06 18:51:11,366 INFO  [org.apa.kaf.com.uti.AppInfoParser] (main) Kafka startTimeMs: 1754506271366
2025-08-06 18:51:11,367 INFO  [io.api.tes.ser.api.SimpleSerdesTesterBuilder$SimpleSerdesTester] (main) Using producer configuration: {apicurio.registry.url=http://registry-app-inmemory.apps.ci419.apicurio-testing.org:80/apis/registry/v3, apicurio.registry.auto-register=true, apicurio.registry.artifact-resolver-strategy=io.apicurio.registry.serde.strategy.SimpleTopicIdStrategy, value.serializer=io.apicurio.registry.serde.avro.AvroKafkaSerializer, request.timeout.ms=5000, acks=all, bootstrap.servers=PLAINTEXT://localhost:32769, connections.max.idle.ms=10000, key.serializer=org.apache.kafka.common.serialization.StringSerializer, client.id=Producer-topic-0040dd3c_bf7d_4228_b658_c5aefbaae4a6}
2025-08-06 18:51:11,367 INFO  [io.api.tes.ser.api.SimpleSerdesTesterBuilder$SimpleSerdesTester] (main) Using consumer configuration: {}
2025-08-06 18:51:11,368 INFO  [io.api.tes.ser.api.KafkaSerdesTester] (Thread-701) Sending message {"username": null} to topic topic-0040dd3c_bf7d_4228_b658_c5aefbaae4a6
2025-08-06 18:51:11,372 WARN  [org.apa.kaf.cli.NetworkClient] (kafka-producer-network-thread | Producer-topic-0040dd3c_bf7d_4228_b658_c5aefbaae4a6) [Producer clientId=Producer-topic-0040dd3c_bf7d_4228_b658_c5aefbaae4a6] The metadata response from the cluster reported a recoverable issue with correlation id 1 : {topic-0040dd3c_bf7d_4228_b658_c5aefbaae4a6=UNKNOWN_TOPIC_OR_PARTITION}
2025-08-06 18:51:11,372 INFO  [org.apa.kaf.cli.Metadata] (kafka-producer-network-thread | Producer-topic-0040dd3c_bf7d_4228_b658_c5aefbaae4a6) [Producer clientId=Producer-topic-0040dd3c_bf7d_4228_b658_c5aefbaae4a6] Cluster ID: EV4Uys23RNi7BwH7MVj6Ag
2025-08-06 18:51:11,373 INFO  [org.apa.kaf.cli.pro.int.TransactionManager] (kafka-producer-network-thread | Producer-topic-0040dd3c_bf7d_4228_b658_c5aefbaae4a6) [Producer clientId=Producer-topic-0040dd3c_bf7d_4228_b658_c5aefbaae4a6] ProducerId set to 18 with epoch 0
2025-08-06 18:51:11,519 INFO  [io.api.tes.ser.api.KafkaSerdesTester] (Thread-701) Sending message {"username": null} to topic topic-0040dd3c_bf7d_4228_b658_c5aefbaae4a6
2025-08-06 18:51:11,520 INFO  [io.api.tes.ser.api.KafkaSerdesTester] (Thread-701) Sending message {"username": "value-2"} to topic topic-0040dd3c_bf7d_4228_b658_c5aefbaae4a6
2025-08-06 18:51:11,522 INFO  [io.api.tes.ser.api.KafkaSerdesTester] (Thread-701) Sending message {"username": null} to topic topic-0040dd3c_bf7d_4228_b658_c5aefbaae4a6
2025-08-06 18:51:11,524 INFO  [io.api.tes.ser.api.KafkaSerdesTester] (Thread-701) Sending message {"username": "value-4"} to topic topic-0040dd3c_bf7d_4228_b658_c5aefbaae4a6
2025-08-06 18:51:11,525 INFO  [io.api.tes.ser.api.KafkaSerdesTester] (Thread-701) Sending message {"username": null} to topic topic-0040dd3c_bf7d_4228_b658_c5aefbaae4a6
2025-08-06 18:51:11,528 INFO  [io.api.tes.ser.api.KafkaSerdesTester] (Thread-701) Sending message {"username": "value-6"} to topic topic-0040dd3c_bf7d_4228_b658_c5aefbaae4a6
2025-08-06 18:51:11,530 INFO  [io.api.tes.ser.api.KafkaSerdesTester] (Thread-701) Sending message {"username": null} to topic topic-0040dd3c_bf7d_4228_b658_c5aefbaae4a6
2025-08-06 18:51:11,533 INFO  [io.api.tes.ser.api.KafkaSerdesTester] (Thread-701) Sending message {"username": "value-8"} to topic topic-0040dd3c_bf7d_4228_b658_c5aefbaae4a6
2025-08-06 18:51:11,534 INFO  [io.api.tes.ser.api.KafkaSerdesTester] (Thread-701) Sending message {"username": null} to topic topic-0040dd3c_bf7d_4228_b658_c5aefbaae4a6
2025-08-06 18:51:11,537 INFO  [io.api.tes.ser.api.KafkaSerdesTester] (Thread-701) Produced 10 messages
2025-08-06 18:51:11,537 INFO  [org.apa.kaf.cli.pro.KafkaProducer] (Thread-701) [Producer clientId=Producer-topic-0040dd3c_bf7d_4228_b658_c5aefbaae4a6] Closing the Kafka producer with timeoutMillis = 9223372036854775807 ms.
2025-08-06 18:51:11,539 INFO  [org.apa.kaf.com.met.Metrics] (Thread-701) Metrics scheduler closed
2025-08-06 18:51:11,539 INFO  [org.apa.kaf.com.met.Metrics] (Thread-701) Closing reporter org.apache.kafka.common.metrics.JmxReporter
2025-08-06 18:51:11,539 INFO  [org.apa.kaf.com.met.Metrics] (Thread-701) Closing reporter org.apache.kafka.common.telemetry.internals.ClientTelemetryReporter
2025-08-06 18:51:11,539 INFO  [org.apa.kaf.com.met.Metrics] (Thread-701) Metrics reporters closed
2025-08-06 18:51:11,539 INFO  [org.apa.kaf.com.uti.AppInfoParser] (Thread-701) App info kafka.producer for Producer-topic-0040dd3c_bf7d_4228_b658_c5aefbaae4a6 unregistered
**** Registry Base URL: http://registry-app-inmemory.apps.ci419.apicurio-testing.org:80
2025-08-06 18:51:11,559 INFO  [org.apa.kaf.cli.con.ConsumerConfig] (main) ConsumerConfig values: 
	allow.auto.create.topics = true
	auto.commit.interval.ms = 500
	auto.include.jmx.reporter = true
	auto.offset.reset = earliest
	bootstrap.servers = [PLAINTEXT://localhost:32769]
	check.crcs = true
	client.dns.lookup = use_all_dns_ips
	client.id = consumer-Consumer-topic-0040dd3c_bf7d_4228_b658_c5aefbaae4a6-14
	client.rack = 
	connections.max.idle.ms = 10000
	default.api.timeout.ms = 60000
	enable.auto.commit = true
	enable.metrics.push = true
	exclude.internal.topics = true
	fetch.max.bytes = 52428800
	fetch.max.wait.ms = 500
	fetch.min.bytes = 1
	group.id = Consumer-topic-0040dd3c_bf7d_4228_b658_c5aefbaae4a6
	group.instance.id = null
	group.protocol = classic
	group.remote.assignor = null
	heartbeat.interval.ms = 3000
	interceptor.classes = []
	internal.leave.group.on.close = true
	internal.throw.on.fetch.stable.offset.unsupported = false
	isolation.level = read_uncommitted
	key.deserializer = class org.apache.kafka.common.serialization.StringDeserializer
	max.partition.fetch.bytes = 1048576
	max.poll.interval.ms = 300000
	max.poll.records = 500
	metadata.max.age.ms = 300000
	metadata.recovery.strategy = none
	metric.reporters = []
	metrics.num.samples = 2
	metrics.recording.level = INFO
	metrics.sample.window.ms = 30000
	partition.assignment.strategy = [class org.apache.kafka.clients.consumer.RangeAssignor, class org.apache.kafka.clients.consumer.CooperativeStickyAssignor]
	receive.buffer.bytes = 65536
	reconnect.backoff.max.ms = 1000
	reconnect.backoff.ms = 50
	request.timeout.ms = 5000
	retry.backoff.max.ms = 1000
	retry.backoff.ms = 100
	sasl.client.callback.handler.class = null
	sasl.jaas.config = null
	sasl.kerberos.kinit.cmd = /usr/bin/kinit
	sasl.kerberos.min.time.before.relogin = 60000
	sasl.kerberos.service.name = null
	sasl.kerberos.ticket.renew.jitter = 0.05
	sasl.kerberos.ticket.renew.window.factor = 0.8
	sasl.login.callback.handler.class = null
	sasl.login.class = null
	sasl.login.connect.timeout.ms = null
	sasl.login.read.timeout.ms = null
	sasl.login.refresh.buffer.seconds = 300
	sasl.login.refresh.min.period.seconds = 60
	sasl.login.refresh.window.factor = 0.8
	sasl.login.refresh.window.jitter = 0.05
	sasl.login.retry.backoff.max.ms = 10000
	sasl.login.retry.backoff.ms = 100
	sasl.mechanism = GSSAPI
	sasl.oauthbearer.clock.skew.seconds = 30
	sasl.oauthbearer.expected.audience = null
	sasl.oauthbearer.expected.issuer = null
	sasl.oauthbearer.header.urlencode = false
	sasl.oauthbearer.jwks.endpoint.refresh.ms = 3600000
	sasl.oauthbearer.jwks.endpoint.retry.backoff.max.ms = 10000
	sasl.oauthbearer.jwks.endpoint.retry.backoff.ms = 100
	sasl.oauthbearer.jwks.endpoint.url = null
	sasl.oauthbearer.scope.claim.name = scope
	sasl.oauthbearer.sub.claim.name = sub
	sasl.oauthbearer.token.endpoint.url = null
	security.protocol = PLAINTEXT
	security.providers = null
	send.buffer.bytes = 131072
	session.timeout.ms = 45000
	socket.connection.setup.timeout.max.ms = 30000
	socket.connection.setup.timeout.ms = 10000
	ssl.cipher.suites = null
	ssl.enabled.protocols = [TLSv1.2, TLSv1.3]
	ssl.endpoint.identification.algorithm = https
	ssl.engine.factory.class = null
	ssl.key.password = null
	ssl.keymanager.algorithm = SunX509
	ssl.keystore.certificate.chain = null
	ssl.keystore.key = null
	ssl.keystore.location = null
	ssl.keystore.password = null
	ssl.keystore.type = JKS
	ssl.protocol = TLSv1.3
	ssl.provider = null
	ssl.secure.random.implementation = null
	ssl.trustmanager.algorithm = PKIX
	ssl.truststore.certificates = null
	ssl.truststore.location = null
	ssl.truststore.password = null
	ssl.truststore.type = JKS
	value.deserializer = class io.apicurio.registry.serde.avro.AvroKafkaDeserializer

2025-08-06 18:51:11,559 INFO  [org.apa.kaf.com.tel.int.KafkaMetricsCollector] (main) initializing Kafka metrics collector
2025-08-06 18:51:11,567 INFO  [org.apa.kaf.cli.con.ConsumerConfig] (main) These configurations '[apicurio.registry.url]' were supplied but are not used yet.
2025-08-06 18:51:11,568 INFO  [org.apa.kaf.com.uti.AppInfoParser] (main) Kafka version: 3.9.1
2025-08-06 18:51:11,568 INFO  [org.apa.kaf.com.uti.AppInfoParser] (main) Kafka commitId: f745dfdcee2b9851
2025-08-06 18:51:11,568 INFO  [org.apa.kaf.com.uti.AppInfoParser] (main) Kafka startTimeMs: 1754506271567
2025-08-06 18:51:11,568 INFO  [org.apa.kaf.cli.con.int.ClassicKafkaConsumer] (Thread-704) [Consumer clientId=consumer-Consumer-topic-0040dd3c_bf7d_4228_b658_c5aefbaae4a6-14, groupId=Consumer-topic-0040dd3c_bf7d_4228_b658_c5aefbaae4a6] Subscribed to topic(s): topic-0040dd3c_bf7d_4228_b658_c5aefbaae4a6
2025-08-06 18:51:11,573 INFO  [org.apa.kaf.cli.Metadata] (Thread-704) [Consumer clientId=consumer-Consumer-topic-0040dd3c_bf7d_4228_b658_c5aefbaae4a6-14, groupId=Consumer-topic-0040dd3c_bf7d_4228_b658_c5aefbaae4a6] Cluster ID: EV4Uys23RNi7BwH7MVj6Ag
2025-08-06 18:51:11,574 INFO  [org.apa.kaf.cli.con.int.ConsumerCoordinator] (Thread-704) [Consumer clientId=consumer-Consumer-topic-0040dd3c_bf7d_4228_b658_c5aefbaae4a6-14, groupId=Consumer-topic-0040dd3c_bf7d_4228_b658_c5aefbaae4a6] Discovered group coordinator localhost:32769 (id: 2147483647 rack: null)
2025-08-06 18:51:11,576 INFO  [org.apa.kaf.cli.con.int.ConsumerCoordinator] (Thread-704) [Consumer clientId=consumer-Consumer-topic-0040dd3c_bf7d_4228_b658_c5aefbaae4a6-14, groupId=Consumer-topic-0040dd3c_bf7d_4228_b658_c5aefbaae4a6] (Re-)joining group
2025-08-06 18:51:11,578 INFO  [org.apa.kaf.cli.con.int.ConsumerCoordinator] (Thread-704) [Consumer clientId=consumer-Consumer-topic-0040dd3c_bf7d_4228_b658_c5aefbaae4a6-14, groupId=Consumer-topic-0040dd3c_bf7d_4228_b658_c5aefbaae4a6] Request joining group due to: need to re-join with the given member-id: consumer-Consumer-topic-0040dd3c_bf7d_4228_b658_c5aefbaae4a6-14-5c2e70bb-c8e0-4d82-9dee-3c52d2ac93bc
2025-08-06 18:51:11,578 INFO  [org.apa.kaf.cli.con.int.ConsumerCoordinator] (Thread-704) [Consumer clientId=consumer-Consumer-topic-0040dd3c_bf7d_4228_b658_c5aefbaae4a6-14, groupId=Consumer-topic-0040dd3c_bf7d_4228_b658_c5aefbaae4a6] (Re-)joining group
2025-08-06 18:51:12,568 INFO  [io.api.tes.ser.api.KafkaSerdesTester] (Thread-704) None found
2025-08-06 18:51:13,568 INFO  [io.api.tes.ser.api.KafkaSerdesTester] (Thread-704) None found
2025-08-06 18:51:14,568 INFO  [io.api.tes.ser.api.KafkaSerdesTester] (Thread-704) None found
2025-08-06 18:51:14,580 INFO  [org.apa.kaf.cli.con.int.ConsumerCoordinator] (Thread-704) [Consumer clientId=consumer-Consumer-topic-0040dd3c_bf7d_4228_b658_c5aefbaae4a6-14, groupId=Consumer-topic-0040dd3c_bf7d_4228_b658_c5aefbaae4a6] Successfully joined group with generation Generation{generationId=1, memberId='consumer-Consumer-topic-0040dd3c_bf7d_4228_b658_c5aefbaae4a6-14-5c2e70bb-c8e0-4d82-9dee-3c52d2ac93bc', protocol='range'}
2025-08-06 18:51:14,581 INFO  [org.apa.kaf.cli.con.int.ConsumerCoordinator] (Thread-704) [Consumer clientId=consumer-Consumer-topic-0040dd3c_bf7d_4228_b658_c5aefbaae4a6-14, groupId=Consumer-topic-0040dd3c_bf7d_4228_b658_c5aefbaae4a6] Finished assignment for group at generation 1: {consumer-Consumer-topic-0040dd3c_bf7d_4228_b658_c5aefbaae4a6-14-5c2e70bb-c8e0-4d82-9dee-3c52d2ac93bc=Assignment(partitions=[topic-0040dd3c_bf7d_4228_b658_c5aefbaae4a6-0])}
2025-08-06 18:51:14,587 INFO  [org.apa.kaf.cli.con.int.ConsumerCoordinator] (Thread-704) [Consumer clientId=consumer-Consumer-topic-0040dd3c_bf7d_4228_b658_c5aefbaae4a6-14, groupId=Consumer-topic-0040dd3c_bf7d_4228_b658_c5aefbaae4a6] Successfully synced group in generation Generation{generationId=1, memberId='consumer-Consumer-topic-0040dd3c_bf7d_4228_b658_c5aefbaae4a6-14-5c2e70bb-c8e0-4d82-9dee-3c52d2ac93bc', protocol='range'}
2025-08-06 18:51:14,587 INFO  [org.apa.kaf.cli.con.int.ConsumerCoordinator] (Thread-704) [Consumer clientId=consumer-Consumer-topic-0040dd3c_bf7d_4228_b658_c5aefbaae4a6-14, groupId=Consumer-topic-0040dd3c_bf7d_4228_b658_c5aefbaae4a6] Notifying assignor about the new Assignment(partitions=[topic-0040dd3c_bf7d_4228_b658_c5aefbaae4a6-0])
2025-08-06 18:51:14,587 INFO  [org.apa.kaf.cli.con.int.ConsumerRebalanceListenerInvoker] (Thread-704) [Consumer clientId=consumer-Consumer-topic-0040dd3c_bf7d_4228_b658_c5aefbaae4a6-14, groupId=Consumer-topic-0040dd3c_bf7d_4228_b658_c5aefbaae4a6] Adding newly assigned partitions: topic-0040dd3c_bf7d_4228_b658_c5aefbaae4a6-0
2025-08-06 18:51:14,588 INFO  [org.apa.kaf.cli.con.int.ConsumerCoordinator] (Thread-704) [Consumer clientId=consumer-Consumer-topic-0040dd3c_bf7d_4228_b658_c5aefbaae4a6-14, groupId=Consumer-topic-0040dd3c_bf7d_4228_b658_c5aefbaae4a6] Found no committed offset for partition topic-0040dd3c_bf7d_4228_b658_c5aefbaae4a6-0
2025-08-06 18:51:14,595 INFO  [org.apa.kaf.cli.con.int.SubscriptionState] (Thread-704) [Consumer clientId=consumer-Consumer-topic-0040dd3c_bf7d_4228_b658_c5aefbaae4a6-14, groupId=Consumer-topic-0040dd3c_bf7d_4228_b658_c5aefbaae4a6] Resetting offset for partition topic-0040dd3c_bf7d_4228_b658_c5aefbaae4a6-0 to position FetchPosition{offset=0, offsetEpoch=Optional.empty, currentLeader=LeaderAndEpoch{leader=Optional[localhost:32769 (id: 0 rack: null)], epoch=0}}.
2025-08-06 18:51:14,626 INFO  [io.api.tes.ser.api.KafkaSerdesTester] (Thread-704) topic-0040dd3c_bf7d_4228_b658_c5aefbaae4a6 0 0 {"username": null}
2025-08-06 18:51:14,626 INFO  [io.api.tes.ser.api.KafkaSerdesTester] (Thread-704) topic-0040dd3c_bf7d_4228_b658_c5aefbaae4a6 0 1 {"username": null}
2025-08-06 18:51:14,626 INFO  [io.api.tes.ser.api.KafkaSerdesTester] (Thread-704) topic-0040dd3c_bf7d_4228_b658_c5aefbaae4a6 0 2 {"username": "value-2"}
2025-08-06 18:51:14,626 INFO  [io.api.tes.ser.api.KafkaSerdesTester] (Thread-704) topic-0040dd3c_bf7d_4228_b658_c5aefbaae4a6 0 3 {"username": null}
2025-08-06 18:51:14,626 INFO  [io.api.tes.ser.api.KafkaSerdesTester] (Thread-704) topic-0040dd3c_bf7d_4228_b658_c5aefbaae4a6 0 4 {"username": "value-4"}
2025-08-06 18:51:14,626 INFO  [io.api.tes.ser.api.KafkaSerdesTester] (Thread-704) topic-0040dd3c_bf7d_4228_b658_c5aefbaae4a6 0 5 {"username": null}
2025-08-06 18:51:14,626 INFO  [io.api.tes.ser.api.KafkaSerdesTester] (Thread-704) topic-0040dd3c_bf7d_4228_b658_c5aefbaae4a6 0 6 {"username": "value-6"}
2025-08-06 18:51:14,626 INFO  [io.api.tes.ser.api.KafkaSerdesTester] (Thread-704) topic-0040dd3c_bf7d_4228_b658_c5aefbaae4a6 0 7 {"username": null}
2025-08-06 18:51:14,626 INFO  [io.api.tes.ser.api.KafkaSerdesTester] (Thread-704) topic-0040dd3c_bf7d_4228_b658_c5aefbaae4a6 0 8 {"username": "value-8"}
2025-08-06 18:51:14,626 INFO  [io.api.tes.ser.api.KafkaSerdesTester] (Thread-704) topic-0040dd3c_bf7d_4228_b658_c5aefbaae4a6 0 9 {"username": null}
2025-08-06 18:51:14,626 INFO  [io.api.tes.ser.api.KafkaSerdesTester] (Thread-704) Consumed 10 messages
2025-08-06 18:51:14,633 INFO  [org.apa.kaf.cli.con.int.ConsumerRebalanceListenerInvoker] (Thread-704) [Consumer clientId=consumer-Consumer-topic-0040dd3c_bf7d_4228_b658_c5aefbaae4a6-14, groupId=Consumer-topic-0040dd3c_bf7d_4228_b658_c5aefbaae4a6] Revoke previously assigned partitions topic-0040dd3c_bf7d_4228_b658_c5aefbaae4a6-0
2025-08-06 18:51:14,633 INFO  [org.apa.kaf.cli.con.int.ConsumerCoordinator] (Thread-704) [Consumer clientId=consumer-Consumer-topic-0040dd3c_bf7d_4228_b658_c5aefbaae4a6-14, groupId=Consumer-topic-0040dd3c_bf7d_4228_b658_c5aefbaae4a6] Member consumer-Consumer-topic-0040dd3c_bf7d_4228_b658_c5aefbaae4a6-14-5c2e70bb-c8e0-4d82-9dee-3c52d2ac93bc sending LeaveGroup request to coordinator localhost:32769 (id: 2147483647 rack: null) due to the consumer is being closed
2025-08-06 18:51:14,634 INFO  [org.apa.kaf.cli.con.int.ConsumerCoordinator] (Thread-704) [Consumer clientId=consumer-Consumer-topic-0040dd3c_bf7d_4228_b658_c5aefbaae4a6-14, groupId=Consumer-topic-0040dd3c_bf7d_4228_b658_c5aefbaae4a6] Resetting generation and member id due to: consumer pro-actively leaving the group
2025-08-06 18:51:14,634 INFO  [org.apa.kaf.cli.con.int.ConsumerCoordinator] (Thread-704) [Consumer clientId=consumer-Consumer-topic-0040dd3c_bf7d_4228_b658_c5aefbaae4a6-14, groupId=Consumer-topic-0040dd3c_bf7d_4228_b658_c5aefbaae4a6] Request joining group due to: consumer pro-actively leaving the group
2025-08-06 18:51:15,128 INFO  [org.apa.kaf.com.met.Metrics] (Thread-704) Metrics scheduler closed
2025-08-06 18:51:15,129 INFO  [org.apa.kaf.com.met.Metrics] (Thread-704) Closing reporter org.apache.kafka.common.metrics.JmxReporter
2025-08-06 18:51:15,129 INFO  [org.apa.kaf.com.met.Metrics] (Thread-704) Closing reporter org.apache.kafka.common.telemetry.internals.ClientTelemetryReporter
2025-08-06 18:51:15,129 INFO  [org.apa.kaf.com.met.Metrics] (Thread-704) Metrics reporters closed
2025-08-06 18:51:15,131 INFO  [org.apa.kaf.com.uti.AppInfoParser] (Thread-704) App info kafka.consumer for consumer-Consumer-topic-0040dd3c_bf7d_4228_b658_c5aefbaae4a6-14 unregistered
2025-08-06 18:51:15,132 INFO  [io.api.tes.uti.TestSeparator] (main) io.apicurio.tests.serdes.apicurio.AvroSerdeIT.testFirstEmptyFieldConfusedAsMagicByte-FINISHED
2025-08-06 18:51:15,132 INFO  [io.api.tes.uti.TestSeparator] (main) ############################################################################
Test passed: testFirstEmptyFieldConfusedAsMagicByte
]]></system-out>
  </testcase>
  <testcase name="testAvroSerDesFailDifferentSchemaByContent" classname="io.apicurio.tests.serdes.apicurio.AvroSerdeIT" time="1.07">
    <system-out><![CDATA[2025-08-06 18:51:15,138 INFO  [io.api.tes.uti.TestSeparator] (main) ############################################################################
2025-08-06 18:51:15,138 INFO  [io.api.tes.uti.TestSeparator] (main) io.apicurio.tests.serdes.apicurio.AvroSerdeIT.testAvroSerDesFailDifferentSchemaByContent-STARTED
**** Registry Base URL: http://registry-app-inmemory.apps.ci419.apicurio-testing.org:80
2025-08-06 18:51:16,162 INFO  [org.apa.kaf.cli.pro.ProducerConfig] (main) ProducerConfig values: 
	acks = -1
	auto.include.jmx.reporter = true
	batch.size = 16384
	bootstrap.servers = [PLAINTEXT://localhost:32769]
	buffer.memory = 33554432
	client.dns.lookup = use_all_dns_ips
	client.id = Producer-topic-1ab03768_8245_463e_8b1f_1c93703a7a9c
	compression.gzip.level = -1
	compression.lz4.level = 9
	compression.type = none
	compression.zstd.level = 3
	connections.max.idle.ms = 10000
	delivery.timeout.ms = 120000
	enable.idempotence = true
	enable.metrics.push = true
	interceptor.classes = []
	key.serializer = class org.apache.kafka.common.serialization.StringSerializer
	linger.ms = 0
	max.block.ms = 60000
	max.in.flight.requests.per.connection = 5
	max.request.size = 1048576
	metadata.max.age.ms = 300000
	metadata.max.idle.ms = 300000
	metadata.recovery.strategy = none
	metric.reporters = []
	metrics.num.samples = 2
	metrics.recording.level = INFO
	metrics.sample.window.ms = 30000
	partitioner.adaptive.partitioning.enable = true
	partitioner.availability.timeout.ms = 0
	partitioner.class = null
	partitioner.ignore.keys = false
	receive.buffer.bytes = 32768
	reconnect.backoff.max.ms = 1000
	reconnect.backoff.ms = 50
	request.timeout.ms = 5000
	retries = 2147483647
	retry.backoff.max.ms = 1000
	retry.backoff.ms = 100
	sasl.client.callback.handler.class = null
	sasl.jaas.config = null
	sasl.kerberos.kinit.cmd = /usr/bin/kinit
	sasl.kerberos.min.time.before.relogin = 60000
	sasl.kerberos.service.name = null
	sasl.kerberos.ticket.renew.jitter = 0.05
	sasl.kerberos.ticket.renew.window.factor = 0.8
	sasl.login.callback.handler.class = null
	sasl.login.class = null
	sasl.login.connect.timeout.ms = null
	sasl.login.read.timeout.ms = null
	sasl.login.refresh.buffer.seconds = 300
	sasl.login.refresh.min.period.seconds = 60
	sasl.login.refresh.window.factor = 0.8
	sasl.login.refresh.window.jitter = 0.05
	sasl.login.retry.backoff.max.ms = 10000
	sasl.login.retry.backoff.ms = 100
	sasl.mechanism = GSSAPI
	sasl.oauthbearer.clock.skew.seconds = 30
	sasl.oauthbearer.expected.audience = null
	sasl.oauthbearer.expected.issuer = null
	sasl.oauthbearer.header.urlencode = false
	sasl.oauthbearer.jwks.endpoint.refresh.ms = 3600000
	sasl.oauthbearer.jwks.endpoint.retry.backoff.max.ms = 10000
	sasl.oauthbearer.jwks.endpoint.retry.backoff.ms = 100
	sasl.oauthbearer.jwks.endpoint.url = null
	sasl.oauthbearer.scope.claim.name = scope
	sasl.oauthbearer.sub.claim.name = sub
	sasl.oauthbearer.token.endpoint.url = null
	security.protocol = PLAINTEXT
	security.providers = null
	send.buffer.bytes = 131072
	socket.connection.setup.timeout.max.ms = 30000
	socket.connection.setup.timeout.ms = 10000
	ssl.cipher.suites = null
	ssl.enabled.protocols = [TLSv1.2, TLSv1.3]
	ssl.endpoint.identification.algorithm = https
	ssl.engine.factory.class = null
	ssl.key.password = null
	ssl.keymanager.algorithm = SunX509
	ssl.keystore.certificate.chain = null
	ssl.keystore.key = null
	ssl.keystore.location = null
	ssl.keystore.password = null
	ssl.keystore.type = JKS
	ssl.protocol = TLSv1.3
	ssl.provider = null
	ssl.secure.random.implementation = null
	ssl.trustmanager.algorithm = PKIX
	ssl.truststore.certificates = null
	ssl.truststore.location = null
	ssl.truststore.password = null
	ssl.truststore.type = JKS
	transaction.timeout.ms = 60000
	transactional.id = null
	value.serializer = class io.apicurio.registry.serde.avro.AvroKafkaSerializer

2025-08-06 18:51:16,163 INFO  [org.apa.kaf.com.tel.int.KafkaMetricsCollector] (main) initializing Kafka metrics collector
2025-08-06 18:51:16,166 INFO  [org.apa.kaf.cli.pro.KafkaProducer] (main) [Producer clientId=Producer-topic-1ab03768_8245_463e_8b1f_1c93703a7a9c] Instantiated an idempotent producer.
2025-08-06 18:51:16,168 INFO  [org.apa.kaf.cli.pro.ProducerConfig] (main) These configurations '[apicurio.registry.url, apicurio.registry.artifact-resolver-strategy]' were supplied but are not used yet.
2025-08-06 18:51:16,168 INFO  [org.apa.kaf.com.uti.AppInfoParser] (main) Kafka version: 3.9.1
2025-08-06 18:51:16,168 INFO  [org.apa.kaf.com.uti.AppInfoParser] (main) Kafka commitId: f745dfdcee2b9851
2025-08-06 18:51:16,168 INFO  [org.apa.kaf.com.uti.AppInfoParser] (main) Kafka startTimeMs: 1754506276168
2025-08-06 18:51:16,170 INFO  [io.api.tes.ser.api.KafkaSerdesTester] (Thread-707) Sending message {"keyB": "value-0"} to topic topic-1ab03768_8245_463e_8b1f_1c93703a7a9c
2025-08-06 18:51:16,173 INFO  [org.apa.kaf.cli.Metadata] (kafka-producer-network-thread | Producer-topic-1ab03768_8245_463e_8b1f_1c93703a7a9c) [Producer clientId=Producer-topic-1ab03768_8245_463e_8b1f_1c93703a7a9c] Cluster ID: EV4Uys23RNi7BwH7MVj6Ag
2025-08-06 18:51:16,174 INFO  [DefaultSchemaResolver] (Thread-707) Retrieving schema content using string: {"type":"record","name":"s9ccfe7bfxb454x42aax91eex3e2cf7ef3fb1","namespace":"sb8648fb2xe8c0x4bd9x810fxd74fc4e274b5","fields":[{"name":"keyB","type":"string"}]}
2025-08-06 18:51:16,174 INFO  [org.apa.kaf.cli.pro.int.TransactionManager] (kafka-producer-network-thread | Producer-topic-1ab03768_8245_463e_8b1f_1c93703a7a9c) [Producer clientId=Producer-topic-1ab03768_8245_463e_8b1f_1c93703a7a9c] ProducerId set to 19 with epoch 0
2025-08-06 18:51:16,201 INFO  [org.apa.kaf.cli.pro.KafkaProducer] (Thread-707) [Producer clientId=Producer-topic-1ab03768_8245_463e_8b1f_1c93703a7a9c] Closing the Kafka producer with timeoutMillis = 9223372036854775807 ms.
2025-08-06 18:51:16,203 INFO  [org.apa.kaf.com.met.Metrics] (Thread-707) Metrics scheduler closed
2025-08-06 18:51:16,203 INFO  [org.apa.kaf.com.met.Metrics] (Thread-707) Closing reporter org.apache.kafka.common.metrics.JmxReporter
2025-08-06 18:51:16,203 INFO  [org.apa.kaf.com.met.Metrics] (Thread-707) Closing reporter org.apache.kafka.common.telemetry.internals.ClientTelemetryReporter
2025-08-06 18:51:16,203 INFO  [org.apa.kaf.com.met.Metrics] (Thread-707) Metrics reporters closed
2025-08-06 18:51:16,203 INFO  [org.apa.kaf.com.uti.AppInfoParser] (Thread-707) App info kafka.producer for Producer-topic-1ab03768_8245_463e_8b1f_1c93703a7a9c unregistered
2025-08-06 18:51:16,204 INFO  [io.api.tes.uti.TestSeparator] (main) io.apicurio.tests.serdes.apicurio.AvroSerdeIT.testAvroSerDesFailDifferentSchemaByContent-FINISHED
2025-08-06 18:51:16,204 INFO  [io.api.tes.uti.TestSeparator] (main) ############################################################################
Test passed: testAvroSerDesFailDifferentSchemaByContent
]]></system-out>
    <system-err><![CDATA[java.lang.RuntimeException: Could not resolve artifact reference by content: {"type":"record","name":"s9ccfe7bfxb454x42aax91eex3e2cf7ef3fb1","namespace":"sb8648fb2xe8c0x4bd9x810fxd74fc4e274b5","fields":[{"name":"keyB","type":"string"}]}&ArtifactReference [groupId=sb8648fb2xe8c0x4bd9x810fxd74fc4e274b5, artifactId=s9ccfe7bfxb454x42aax91eex3e2cf7ef3fb1, version=null, globalId=null, contentId=null, contentHash=null]
	at io.apicurio.registry.resolver.DefaultSchemaResolver.lambda$handleResolveSchemaByContent$3(DefaultSchemaResolver.java:265)
	at io.apicurio.registry.resolver.cache.ERCache.lambda$getValue$0(ERCache.java:174)
	at io.apicurio.registry.resolver.cache.ERCache.retry(ERCache.java:227)
	at io.apicurio.registry.resolver.cache.ERCache.getValue(ERCache.java:173)
	at io.apicurio.registry.resolver.cache.ERCache.getByContent(ERCache.java:147)
	at io.apicurio.registry.resolver.DefaultSchemaResolver.handleResolveSchemaByContent(DefaultSchemaResolver.java:253)
	at io.apicurio.registry.resolver.DefaultSchemaResolver.getSchemaFromRegistry(DefaultSchemaResolver.java:138)
	at io.apicurio.registry.resolver.DefaultSchemaResolver.lambda$resolveSchema$0(DefaultSchemaResolver.java:84)
	at java.base/java.util.Optional.orElseGet(Optional.java:364)
	at io.apicurio.registry.resolver.DefaultSchemaResolver.resolveSchema(DefaultSchemaResolver.java:84)
	at io.apicurio.registry.serde.AbstractSerializer.serializeData(AbstractSerializer.java:62)
	at io.apicurio.registry.serde.KafkaSerializer.serialize(KafkaSerializer.java:77)
	at org.apache.kafka.clients.producer.KafkaProducer.doSend(KafkaProducer.java:1046)
	at org.apache.kafka.clients.producer.KafkaProducer.send(KafkaProducer.java:993)
	at org.apache.kafka.clients.producer.KafkaProducer.send(KafkaProducer.java:875)
	at io.apicurio.tests.serdes.apicurio.KafkaSerdesTester.lambda$produceMessages$3(KafkaSerdesTester.java:138)
	at java.base/java.util.concurrent.CompletableFuture$AsyncSupply.run(CompletableFuture.java:1768)
	at java.base/java.lang.Thread.run(Thread.java:840)
]]></system-err>
  </testcase>
  <testcase name="testGlobalIdInBody" classname="io.apicurio.tests.serdes.apicurio.AvroSerdeIT" time="3.693">
    <system-out><![CDATA[2025-08-06 18:51:16,208 INFO  [io.api.tes.uti.TestSeparator] (main) ############################################################################
2025-08-06 18:51:16,208 INFO  [io.api.tes.uti.TestSeparator] (main) io.apicurio.tests.serdes.apicurio.AvroSerdeIT.testGlobalIdInBody-STARTED
**** Registry Base URL: http://registry-app-inmemory.apps.ci419.apicurio-testing.org:80
2025-08-06 18:51:16,210 INFO  [org.apa.kaf.cli.pro.ProducerConfig] (main) ProducerConfig values: 
	acks = -1
	auto.include.jmx.reporter = true
	batch.size = 16384
	bootstrap.servers = [PLAINTEXT://localhost:32769]
	buffer.memory = 33554432
	client.dns.lookup = use_all_dns_ips
	client.id = Producer-topic-2f6822c2_1017_47de_9088_e85ff8b536a9
	compression.gzip.level = -1
	compression.lz4.level = 9
	compression.type = none
	compression.zstd.level = 3
	connections.max.idle.ms = 10000
	delivery.timeout.ms = 120000
	enable.idempotence = true
	enable.metrics.push = true
	interceptor.classes = []
	key.serializer = class org.apache.kafka.common.serialization.StringSerializer
	linger.ms = 0
	max.block.ms = 60000
	max.in.flight.requests.per.connection = 5
	max.request.size = 1048576
	metadata.max.age.ms = 300000
	metadata.max.idle.ms = 300000
	metadata.recovery.strategy = none
	metric.reporters = []
	metrics.num.samples = 2
	metrics.recording.level = INFO
	metrics.sample.window.ms = 30000
	partitioner.adaptive.partitioning.enable = true
	partitioner.availability.timeout.ms = 0
	partitioner.class = null
	partitioner.ignore.keys = false
	receive.buffer.bytes = 32768
	reconnect.backoff.max.ms = 1000
	reconnect.backoff.ms = 50
	request.timeout.ms = 5000
	retries = 2147483647
	retry.backoff.max.ms = 1000
	retry.backoff.ms = 100
	sasl.client.callback.handler.class = null
	sasl.jaas.config = null
	sasl.kerberos.kinit.cmd = /usr/bin/kinit
	sasl.kerberos.min.time.before.relogin = 60000
	sasl.kerberos.service.name = null
	sasl.kerberos.ticket.renew.jitter = 0.05
	sasl.kerberos.ticket.renew.window.factor = 0.8
	sasl.login.callback.handler.class = null
	sasl.login.class = null
	sasl.login.connect.timeout.ms = null
	sasl.login.read.timeout.ms = null
	sasl.login.refresh.buffer.seconds = 300
	sasl.login.refresh.min.period.seconds = 60
	sasl.login.refresh.window.factor = 0.8
	sasl.login.refresh.window.jitter = 0.05
	sasl.login.retry.backoff.max.ms = 10000
	sasl.login.retry.backoff.ms = 100
	sasl.mechanism = GSSAPI
	sasl.oauthbearer.clock.skew.seconds = 30
	sasl.oauthbearer.expected.audience = null
	sasl.oauthbearer.expected.issuer = null
	sasl.oauthbearer.header.urlencode = false
	sasl.oauthbearer.jwks.endpoint.refresh.ms = 3600000
	sasl.oauthbearer.jwks.endpoint.retry.backoff.max.ms = 10000
	sasl.oauthbearer.jwks.endpoint.retry.backoff.ms = 100
	sasl.oauthbearer.jwks.endpoint.url = null
	sasl.oauthbearer.scope.claim.name = scope
	sasl.oauthbearer.sub.claim.name = sub
	sasl.oauthbearer.token.endpoint.url = null
	security.protocol = PLAINTEXT
	security.providers = null
	send.buffer.bytes = 131072
	socket.connection.setup.timeout.max.ms = 30000
	socket.connection.setup.timeout.ms = 10000
	ssl.cipher.suites = null
	ssl.enabled.protocols = [TLSv1.2, TLSv1.3]
	ssl.endpoint.identification.algorithm = https
	ssl.engine.factory.class = null
	ssl.key.password = null
	ssl.keymanager.algorithm = SunX509
	ssl.keystore.certificate.chain = null
	ssl.keystore.key = null
	ssl.keystore.location = null
	ssl.keystore.password = null
	ssl.keystore.type = JKS
	ssl.protocol = TLSv1.3
	ssl.provider = null
	ssl.secure.random.implementation = null
	ssl.trustmanager.algorithm = PKIX
	ssl.truststore.certificates = null
	ssl.truststore.location = null
	ssl.truststore.password = null
	ssl.truststore.type = JKS
	transaction.timeout.ms = 60000
	transactional.id = null
	value.serializer = class io.apicurio.registry.serde.avro.AvroKafkaSerializer

2025-08-06 18:51:16,210 INFO  [org.apa.kaf.com.tel.int.KafkaMetricsCollector] (main) initializing Kafka metrics collector
2025-08-06 18:51:16,227 INFO  [org.apa.kaf.cli.pro.KafkaProducer] (main) [Producer clientId=Producer-topic-2f6822c2_1017_47de_9088_e85ff8b536a9] Instantiated an idempotent producer.
2025-08-06 18:51:16,235 INFO  [org.apa.kaf.cli.pro.ProducerConfig] (main) These configurations '[apicurio.registry.url, apicurio.registry.auto-register, apicurio.registry.use-id, apicurio.registry.artifact-resolver-strategy]' were supplied but are not used yet.
2025-08-06 18:51:16,235 INFO  [org.apa.kaf.com.uti.AppInfoParser] (main) Kafka version: 3.9.1
2025-08-06 18:51:16,235 INFO  [org.apa.kaf.com.uti.AppInfoParser] (main) Kafka commitId: f745dfdcee2b9851
2025-08-06 18:51:16,235 INFO  [org.apa.kaf.com.uti.AppInfoParser] (main) Kafka startTimeMs: 1754506276235
2025-08-06 18:51:16,235 INFO  [io.api.tes.ser.api.SimpleSerdesTesterBuilder$SimpleSerdesTester] (main) Using producer configuration: {apicurio.registry.url=http://registry-app-inmemory.apps.ci419.apicurio-testing.org:80/apis/registry/v3, apicurio.registry.auto-register=true, apicurio.registry.use-id=globalId, apicurio.registry.artifact-resolver-strategy=io.apicurio.registry.serde.strategy.TopicIdStrategy, value.serializer=io.apicurio.registry.serde.avro.AvroKafkaSerializer, request.timeout.ms=5000, acks=all, bootstrap.servers=PLAINTEXT://localhost:32769, connections.max.idle.ms=10000, key.serializer=org.apache.kafka.common.serialization.StringSerializer, client.id=Producer-topic-2f6822c2_1017_47de_9088_e85ff8b536a9}
2025-08-06 18:51:16,235 INFO  [io.api.tes.ser.api.SimpleSerdesTesterBuilder$SimpleSerdesTester] (main) Using consumer configuration: {apicurio.registry.use-id=globalId}
2025-08-06 18:51:16,236 INFO  [io.api.tes.ser.api.KafkaSerdesTester] (Thread-710) Sending message {"key11754506276209": "value-0"} to topic topic-2f6822c2_1017_47de_9088_e85ff8b536a9
2025-08-06 18:51:16,244 INFO  [org.apa.kaf.cli.Metadata] (kafka-producer-network-thread | Producer-topic-2f6822c2_1017_47de_9088_e85ff8b536a9) [Producer clientId=Producer-topic-2f6822c2_1017_47de_9088_e85ff8b536a9] Cluster ID: EV4Uys23RNi7BwH7MVj6Ag
2025-08-06 18:51:16,244 INFO  [org.apa.kaf.cli.pro.int.TransactionManager] (kafka-producer-network-thread | Producer-topic-2f6822c2_1017_47de_9088_e85ff8b536a9) [Producer clientId=Producer-topic-2f6822c2_1017_47de_9088_e85ff8b536a9] ProducerId set to 20 with epoch 0
2025-08-06 18:51:16,272 INFO  [io.api.tes.ser.api.KafkaSerdesTester] (Thread-710) Sending message {"key11754506276209": "value-1"} to topic topic-2f6822c2_1017_47de_9088_e85ff8b536a9
2025-08-06 18:51:16,273 INFO  [io.api.tes.ser.api.KafkaSerdesTester] (Thread-710) Sending message {"key11754506276209": "value-2"} to topic topic-2f6822c2_1017_47de_9088_e85ff8b536a9
2025-08-06 18:51:16,275 INFO  [io.api.tes.ser.api.KafkaSerdesTester] (Thread-710) Sending message {"key11754506276209": "value-3"} to topic topic-2f6822c2_1017_47de_9088_e85ff8b536a9
2025-08-06 18:51:16,276 INFO  [io.api.tes.ser.api.KafkaSerdesTester] (Thread-710) Sending message {"key11754506276209": "value-4"} to topic topic-2f6822c2_1017_47de_9088_e85ff8b536a9
2025-08-06 18:51:16,277 INFO  [io.api.tes.ser.api.KafkaSerdesTester] (Thread-710) Sending message {"key11754506276209": "value-5"} to topic topic-2f6822c2_1017_47de_9088_e85ff8b536a9
2025-08-06 18:51:16,279 INFO  [io.api.tes.ser.api.KafkaSerdesTester] (Thread-710) Sending message {"key11754506276209": "value-6"} to topic topic-2f6822c2_1017_47de_9088_e85ff8b536a9
2025-08-06 18:51:16,280 INFO  [io.api.tes.ser.api.KafkaSerdesTester] (Thread-710) Sending message {"key11754506276209": "value-7"} to topic topic-2f6822c2_1017_47de_9088_e85ff8b536a9
2025-08-06 18:51:16,282 INFO  [io.api.tes.ser.api.KafkaSerdesTester] (Thread-710) Sending message {"key11754506276209": "value-8"} to topic topic-2f6822c2_1017_47de_9088_e85ff8b536a9
2025-08-06 18:51:16,288 INFO  [io.api.tes.ser.api.KafkaSerdesTester] (Thread-710) Sending message {"key11754506276209": "value-9"} to topic topic-2f6822c2_1017_47de_9088_e85ff8b536a9
2025-08-06 18:51:16,291 INFO  [io.api.tes.ser.api.KafkaSerdesTester] (Thread-710) Produced 10 messages
2025-08-06 18:51:16,291 INFO  [org.apa.kaf.cli.pro.KafkaProducer] (Thread-710) [Producer clientId=Producer-topic-2f6822c2_1017_47de_9088_e85ff8b536a9] Closing the Kafka producer with timeoutMillis = 9223372036854775807 ms.
2025-08-06 18:51:16,296 INFO  [org.apa.kaf.com.met.Metrics] (Thread-710) Metrics scheduler closed
2025-08-06 18:51:16,296 INFO  [org.apa.kaf.com.met.Metrics] (Thread-710) Closing reporter org.apache.kafka.common.metrics.JmxReporter
2025-08-06 18:51:16,296 INFO  [org.apa.kaf.com.met.Metrics] (Thread-710) Closing reporter org.apache.kafka.common.telemetry.internals.ClientTelemetryReporter
2025-08-06 18:51:16,296 INFO  [org.apa.kaf.com.met.Metrics] (Thread-710) Metrics reporters closed
2025-08-06 18:51:16,297 INFO  [org.apa.kaf.com.uti.AppInfoParser] (Thread-710) App info kafka.producer for Producer-topic-2f6822c2_1017_47de_9088_e85ff8b536a9 unregistered
**** Registry Base URL: http://registry-app-inmemory.apps.ci419.apicurio-testing.org:80
2025-08-06 18:51:16,315 INFO  [org.apa.kaf.cli.con.ConsumerConfig] (main) ConsumerConfig values: 
	allow.auto.create.topics = true
	auto.commit.interval.ms = 500
	auto.include.jmx.reporter = true
	auto.offset.reset = earliest
	bootstrap.servers = [PLAINTEXT://localhost:32769]
	check.crcs = true
	client.dns.lookup = use_all_dns_ips
	client.id = consumer-Consumer-topic-2f6822c2_1017_47de_9088_e85ff8b536a9-15
	client.rack = 
	connections.max.idle.ms = 10000
	default.api.timeout.ms = 60000
	enable.auto.commit = true
	enable.metrics.push = true
	exclude.internal.topics = true
	fetch.max.bytes = 52428800
	fetch.max.wait.ms = 500
	fetch.min.bytes = 1
	group.id = Consumer-topic-2f6822c2_1017_47de_9088_e85ff8b536a9
	group.instance.id = null
	group.protocol = classic
	group.remote.assignor = null
	heartbeat.interval.ms = 3000
	interceptor.classes = []
	internal.leave.group.on.close = true
	internal.throw.on.fetch.stable.offset.unsupported = false
	isolation.level = read_uncommitted
	key.deserializer = class org.apache.kafka.common.serialization.StringDeserializer
	max.partition.fetch.bytes = 1048576
	max.poll.interval.ms = 300000
	max.poll.records = 500
	metadata.max.age.ms = 300000
	metadata.recovery.strategy = none
	metric.reporters = []
	metrics.num.samples = 2
	metrics.recording.level = INFO
	metrics.sample.window.ms = 30000
	partition.assignment.strategy = [class org.apache.kafka.clients.consumer.RangeAssignor, class org.apache.kafka.clients.consumer.CooperativeStickyAssignor]
	receive.buffer.bytes = 65536
	reconnect.backoff.max.ms = 1000
	reconnect.backoff.ms = 50
	request.timeout.ms = 5000
	retry.backoff.max.ms = 1000
	retry.backoff.ms = 100
	sasl.client.callback.handler.class = null
	sasl.jaas.config = null
	sasl.kerberos.kinit.cmd = /usr/bin/kinit
	sasl.kerberos.min.time.before.relogin = 60000
	sasl.kerberos.service.name = null
	sasl.kerberos.ticket.renew.jitter = 0.05
	sasl.kerberos.ticket.renew.window.factor = 0.8
	sasl.login.callback.handler.class = null
	sasl.login.class = null
	sasl.login.connect.timeout.ms = null
	sasl.login.read.timeout.ms = null
	sasl.login.refresh.buffer.seconds = 300
	sasl.login.refresh.min.period.seconds = 60
	sasl.login.refresh.window.factor = 0.8
	sasl.login.refresh.window.jitter = 0.05
	sasl.login.retry.backoff.max.ms = 10000
	sasl.login.retry.backoff.ms = 100
	sasl.mechanism = GSSAPI
	sasl.oauthbearer.clock.skew.seconds = 30
	sasl.oauthbearer.expected.audience = null
	sasl.oauthbearer.expected.issuer = null
	sasl.oauthbearer.header.urlencode = false
	sasl.oauthbearer.jwks.endpoint.refresh.ms = 3600000
	sasl.oauthbearer.jwks.endpoint.retry.backoff.max.ms = 10000
	sasl.oauthbearer.jwks.endpoint.retry.backoff.ms = 100
	sasl.oauthbearer.jwks.endpoint.url = null
	sasl.oauthbearer.scope.claim.name = scope
	sasl.oauthbearer.sub.claim.name = sub
	sasl.oauthbearer.token.endpoint.url = null
	security.protocol = PLAINTEXT
	security.providers = null
	send.buffer.bytes = 131072
	session.timeout.ms = 45000
	socket.connection.setup.timeout.max.ms = 30000
	socket.connection.setup.timeout.ms = 10000
	ssl.cipher.suites = null
	ssl.enabled.protocols = [TLSv1.2, TLSv1.3]
	ssl.endpoint.identification.algorithm = https
	ssl.engine.factory.class = null
	ssl.key.password = null
	ssl.keymanager.algorithm = SunX509
	ssl.keystore.certificate.chain = null
	ssl.keystore.key = null
	ssl.keystore.location = null
	ssl.keystore.password = null
	ssl.keystore.type = JKS
	ssl.protocol = TLSv1.3
	ssl.provider = null
	ssl.secure.random.implementation = null
	ssl.trustmanager.algorithm = PKIX
	ssl.truststore.certificates = null
	ssl.truststore.location = null
	ssl.truststore.password = null
	ssl.truststore.type = JKS
	value.deserializer = class io.apicurio.registry.serde.avro.AvroKafkaDeserializer

2025-08-06 18:51:16,315 INFO  [org.apa.kaf.com.tel.int.KafkaMetricsCollector] (main) initializing Kafka metrics collector
2025-08-06 18:51:16,341 INFO  [org.apa.kaf.cli.con.ConsumerConfig] (main) These configurations '[apicurio.registry.url, apicurio.registry.use-id]' were supplied but are not used yet.
2025-08-06 18:51:16,341 INFO  [org.apa.kaf.com.uti.AppInfoParser] (main) Kafka version: 3.9.1
2025-08-06 18:51:16,341 INFO  [org.apa.kaf.com.uti.AppInfoParser] (main) Kafka commitId: f745dfdcee2b9851
2025-08-06 18:51:16,341 INFO  [org.apa.kaf.com.uti.AppInfoParser] (main) Kafka startTimeMs: 1754506276341
2025-08-06 18:51:16,345 INFO  [org.apa.kaf.cli.con.int.ClassicKafkaConsumer] (Thread-713) [Consumer clientId=consumer-Consumer-topic-2f6822c2_1017_47de_9088_e85ff8b536a9-15, groupId=Consumer-topic-2f6822c2_1017_47de_9088_e85ff8b536a9] Subscribed to topic(s): topic-2f6822c2_1017_47de_9088_e85ff8b536a9
2025-08-06 18:51:16,349 INFO  [org.apa.kaf.cli.Metadata] (Thread-713) [Consumer clientId=consumer-Consumer-topic-2f6822c2_1017_47de_9088_e85ff8b536a9-15, groupId=Consumer-topic-2f6822c2_1017_47de_9088_e85ff8b536a9] Cluster ID: EV4Uys23RNi7BwH7MVj6Ag
2025-08-06 18:51:16,350 INFO  [org.apa.kaf.cli.con.int.ConsumerCoordinator] (Thread-713) [Consumer clientId=consumer-Consumer-topic-2f6822c2_1017_47de_9088_e85ff8b536a9-15, groupId=Consumer-topic-2f6822c2_1017_47de_9088_e85ff8b536a9] Discovered group coordinator localhost:32769 (id: 2147483647 rack: null)
2025-08-06 18:51:16,353 INFO  [org.apa.kaf.cli.con.int.ConsumerCoordinator] (Thread-713) [Consumer clientId=consumer-Consumer-topic-2f6822c2_1017_47de_9088_e85ff8b536a9-15, groupId=Consumer-topic-2f6822c2_1017_47de_9088_e85ff8b536a9] (Re-)joining group
2025-08-06 18:51:16,355 INFO  [org.apa.kaf.cli.con.int.ConsumerCoordinator] (Thread-713) [Consumer clientId=consumer-Consumer-topic-2f6822c2_1017_47de_9088_e85ff8b536a9-15, groupId=Consumer-topic-2f6822c2_1017_47de_9088_e85ff8b536a9] Request joining group due to: need to re-join with the given member-id: consumer-Consumer-topic-2f6822c2_1017_47de_9088_e85ff8b536a9-15-b00c1c43-2345-4745-87ed-159c8a892107
2025-08-06 18:51:16,355 INFO  [org.apa.kaf.cli.con.int.ConsumerCoordinator] (Thread-713) [Consumer clientId=consumer-Consumer-topic-2f6822c2_1017_47de_9088_e85ff8b536a9-15, groupId=Consumer-topic-2f6822c2_1017_47de_9088_e85ff8b536a9] (Re-)joining group
2025-08-06 18:51:17,345 INFO  [io.api.tes.ser.api.KafkaSerdesTester] (Thread-713) None found
2025-08-06 18:51:18,345 INFO  [io.api.tes.ser.api.KafkaSerdesTester] (Thread-713) None found
2025-08-06 18:51:19,345 INFO  [io.api.tes.ser.api.KafkaSerdesTester] (Thread-713) None found
2025-08-06 18:51:19,357 INFO  [org.apa.kaf.cli.con.int.ConsumerCoordinator] (Thread-713) [Consumer clientId=consumer-Consumer-topic-2f6822c2_1017_47de_9088_e85ff8b536a9-15, groupId=Consumer-topic-2f6822c2_1017_47de_9088_e85ff8b536a9] Successfully joined group with generation Generation{generationId=1, memberId='consumer-Consumer-topic-2f6822c2_1017_47de_9088_e85ff8b536a9-15-b00c1c43-2345-4745-87ed-159c8a892107', protocol='range'}
2025-08-06 18:51:19,357 INFO  [org.apa.kaf.cli.con.int.ConsumerCoordinator] (Thread-713) [Consumer clientId=consumer-Consumer-topic-2f6822c2_1017_47de_9088_e85ff8b536a9-15, groupId=Consumer-topic-2f6822c2_1017_47de_9088_e85ff8b536a9] Finished assignment for group at generation 1: {consumer-Consumer-topic-2f6822c2_1017_47de_9088_e85ff8b536a9-15-b00c1c43-2345-4745-87ed-159c8a892107=Assignment(partitions=[topic-2f6822c2_1017_47de_9088_e85ff8b536a9-0])}
2025-08-06 18:51:19,364 INFO  [org.apa.kaf.cli.con.int.ConsumerCoordinator] (Thread-713) [Consumer clientId=consumer-Consumer-topic-2f6822c2_1017_47de_9088_e85ff8b536a9-15, groupId=Consumer-topic-2f6822c2_1017_47de_9088_e85ff8b536a9] Successfully synced group in generation Generation{generationId=1, memberId='consumer-Consumer-topic-2f6822c2_1017_47de_9088_e85ff8b536a9-15-b00c1c43-2345-4745-87ed-159c8a892107', protocol='range'}
2025-08-06 18:51:19,364 INFO  [org.apa.kaf.cli.con.int.ConsumerCoordinator] (Thread-713) [Consumer clientId=consumer-Consumer-topic-2f6822c2_1017_47de_9088_e85ff8b536a9-15, groupId=Consumer-topic-2f6822c2_1017_47de_9088_e85ff8b536a9] Notifying assignor about the new Assignment(partitions=[topic-2f6822c2_1017_47de_9088_e85ff8b536a9-0])
2025-08-06 18:51:19,364 INFO  [org.apa.kaf.cli.con.int.ConsumerRebalanceListenerInvoker] (Thread-713) [Consumer clientId=consumer-Consumer-topic-2f6822c2_1017_47de_9088_e85ff8b536a9-15, groupId=Consumer-topic-2f6822c2_1017_47de_9088_e85ff8b536a9] Adding newly assigned partitions: topic-2f6822c2_1017_47de_9088_e85ff8b536a9-0
2025-08-06 18:51:19,365 INFO  [org.apa.kaf.cli.con.int.ConsumerCoordinator] (Thread-713) [Consumer clientId=consumer-Consumer-topic-2f6822c2_1017_47de_9088_e85ff8b536a9-15, groupId=Consumer-topic-2f6822c2_1017_47de_9088_e85ff8b536a9] Found no committed offset for partition topic-2f6822c2_1017_47de_9088_e85ff8b536a9-0
2025-08-06 18:51:19,368 INFO  [org.apa.kaf.cli.con.int.SubscriptionState] (Thread-713) [Consumer clientId=consumer-Consumer-topic-2f6822c2_1017_47de_9088_e85ff8b536a9-15, groupId=Consumer-topic-2f6822c2_1017_47de_9088_e85ff8b536a9] Resetting offset for partition topic-2f6822c2_1017_47de_9088_e85ff8b536a9-0 to position FetchPosition{offset=0, offsetEpoch=Optional.empty, currentLeader=LeaderAndEpoch{leader=Optional[localhost:32769 (id: 0 rack: null)], epoch=0}}.
2025-08-06 18:51:19,393 INFO  [io.api.tes.ser.api.KafkaSerdesTester] (Thread-713) topic-2f6822c2_1017_47de_9088_e85ff8b536a9 0 0 {"key11754506276209": "value-0"}
2025-08-06 18:51:19,393 INFO  [io.api.tes.ser.api.KafkaSerdesTester] (Thread-713) topic-2f6822c2_1017_47de_9088_e85ff8b536a9 0 1 {"key11754506276209": "value-1"}
2025-08-06 18:51:19,393 INFO  [io.api.tes.ser.api.KafkaSerdesTester] (Thread-713) topic-2f6822c2_1017_47de_9088_e85ff8b536a9 0 2 {"key11754506276209": "value-2"}
2025-08-06 18:51:19,393 INFO  [io.api.tes.ser.api.KafkaSerdesTester] (Thread-713) topic-2f6822c2_1017_47de_9088_e85ff8b536a9 0 3 {"key11754506276209": "value-3"}
2025-08-06 18:51:19,393 INFO  [io.api.tes.ser.api.KafkaSerdesTester] (Thread-713) topic-2f6822c2_1017_47de_9088_e85ff8b536a9 0 4 {"key11754506276209": "value-4"}
2025-08-06 18:51:19,393 INFO  [io.api.tes.ser.api.KafkaSerdesTester] (Thread-713) topic-2f6822c2_1017_47de_9088_e85ff8b536a9 0 5 {"key11754506276209": "value-5"}
2025-08-06 18:51:19,393 INFO  [io.api.tes.ser.api.KafkaSerdesTester] (Thread-713) topic-2f6822c2_1017_47de_9088_e85ff8b536a9 0 6 {"key11754506276209": "value-6"}
2025-08-06 18:51:19,393 INFO  [io.api.tes.ser.api.KafkaSerdesTester] (Thread-713) topic-2f6822c2_1017_47de_9088_e85ff8b536a9 0 7 {"key11754506276209": "value-7"}
2025-08-06 18:51:19,393 INFO  [io.api.tes.ser.api.KafkaSerdesTester] (Thread-713) topic-2f6822c2_1017_47de_9088_e85ff8b536a9 0 8 {"key11754506276209": "value-8"}
2025-08-06 18:51:19,393 INFO  [io.api.tes.ser.api.KafkaSerdesTester] (Thread-713) topic-2f6822c2_1017_47de_9088_e85ff8b536a9 0 9 {"key11754506276209": "value-9"}
2025-08-06 18:51:19,393 INFO  [io.api.tes.ser.api.KafkaSerdesTester] (Thread-713) Consumed 10 messages
2025-08-06 18:51:19,401 INFO  [org.apa.kaf.cli.con.int.ConsumerRebalanceListenerInvoker] (Thread-713) [Consumer clientId=consumer-Consumer-topic-2f6822c2_1017_47de_9088_e85ff8b536a9-15, groupId=Consumer-topic-2f6822c2_1017_47de_9088_e85ff8b536a9] Revoke previously assigned partitions topic-2f6822c2_1017_47de_9088_e85ff8b536a9-0
2025-08-06 18:51:19,401 INFO  [org.apa.kaf.cli.con.int.ConsumerCoordinator] (Thread-713) [Consumer clientId=consumer-Consumer-topic-2f6822c2_1017_47de_9088_e85ff8b536a9-15, groupId=Consumer-topic-2f6822c2_1017_47de_9088_e85ff8b536a9] Member consumer-Consumer-topic-2f6822c2_1017_47de_9088_e85ff8b536a9-15-b00c1c43-2345-4745-87ed-159c8a892107 sending LeaveGroup request to coordinator localhost:32769 (id: 2147483647 rack: null) due to the consumer is being closed
2025-08-06 18:51:19,401 INFO  [org.apa.kaf.cli.con.int.ConsumerCoordinator] (Thread-713) [Consumer clientId=consumer-Consumer-topic-2f6822c2_1017_47de_9088_e85ff8b536a9-15, groupId=Consumer-topic-2f6822c2_1017_47de_9088_e85ff8b536a9] Resetting generation and member id due to: consumer pro-actively leaving the group
2025-08-06 18:51:19,401 INFO  [org.apa.kaf.cli.con.int.ConsumerCoordinator] (Thread-713) [Consumer clientId=consumer-Consumer-topic-2f6822c2_1017_47de_9088_e85ff8b536a9-15, groupId=Consumer-topic-2f6822c2_1017_47de_9088_e85ff8b536a9] Request joining group due to: consumer pro-actively leaving the group
2025-08-06 18:51:19,896 INFO  [org.apa.kaf.com.met.Metrics] (Thread-713) Metrics scheduler closed
2025-08-06 18:51:19,896 INFO  [org.apa.kaf.com.met.Metrics] (Thread-713) Closing reporter org.apache.kafka.common.metrics.JmxReporter
2025-08-06 18:51:19,896 INFO  [org.apa.kaf.com.met.Metrics] (Thread-713) Closing reporter org.apache.kafka.common.telemetry.internals.ClientTelemetryReporter
2025-08-06 18:51:19,896 INFO  [org.apa.kaf.com.met.Metrics] (Thread-713) Metrics reporters closed
2025-08-06 18:51:19,897 INFO  [org.apa.kaf.com.uti.AppInfoParser] (Thread-713) App info kafka.consumer for consumer-Consumer-topic-2f6822c2_1017_47de_9088_e85ff8b536a9-15 unregistered
2025-08-06 18:51:19,898 INFO  [io.api.tes.uti.TestSeparator] (main) io.apicurio.tests.serdes.apicurio.AvroSerdeIT.testGlobalIdInBody-FINISHED
2025-08-06 18:51:19,898 INFO  [io.api.tes.uti.TestSeparator] (main) ############################################################################
Test passed: testGlobalIdInBody
]]></system-out>
  </testcase>
  <testcase name="testProducerUsesGlobalIdConsumerUsesDefault" classname="io.apicurio.tests.serdes.apicurio.AvroSerdeIT" time="0.0">
    <skipped message="void io.apicurio.tests.serdes.apicurio.AvroSerdeIT.testProducerUsesGlobalIdConsumerUsesDefault() throws java.lang.Exception is @Disabled"/>
  </testcase>
</testsuite>