<?xml version="1.0" encoding="UTF-8"?>
<testsuite xmlns:xsi="http://www.w3.org/2001/XMLSchema-instance" xsi:noNamespaceSchemaLocation="https://maven.apache.org/surefire/maven-failsafe-plugin/xsd/failsafe-test-report.xsd" version="3.0.2" name="io.apicurio.tests.serdes.confluent.BasicConfluentSerDesIT" time="36.942" tests="8" errors="0" skipped="0" failures="0">
  <properties>
    <property name="java.specification.version" value="17"/>
    <property name="sun.jnu.encoding" value="UTF-8"/>
    <property name="java.class.path" value="/home/runner/work/apicurio-testing/apicurio-testing/clusters/ci419/namespaces/inmemory/tests/integration/apicurio-registry/integration-tests/target/test-classes:/home/runner/work/apicurio-testing/apicurio-testing/clusters/ci419/namespaces/inmemory/tests/integration/apicurio-registry/integration-tests/target/apicurio-registry-integration-tests-3.0.12-SNAPSHOT.jar:/home/runner/.m2/repository/io/quarkus/quarkus-junit5/3.20.2/quarkus-junit5-3.20.2.jar:/home/runner/.m2/repository/io/quarkus/quarkus-bootstrap-core/3.20.2/quarkus-bootstrap-core-3.20.2.jar:/home/runner/.m2/repository/io/quarkus/quarkus-classloader-commons/3.20.2/quarkus-classloader-commons-3.20.2.jar:/home/runner/.m2/repository/io/quarkus/quarkus-bootstrap-app-model/3.20.2/quarkus-bootstrap-app-model-3.20.2.jar:/home/runner/.m2/repository/io/smallrye/common/smallrye-common-io/2.12.0/smallrye-common-io-2.12.0.jar:/home/runner/.m2/repository/org/eclipse/sisu/org.eclipse.sisu.inject/0.9.0.M3/org.eclipse.sisu.inject-0.9.0.M3.jar:/home/runner/.m2/repository/io/quarkus/quarkus-test-common/3.20.2/quarkus-test-common-3.20.2.jar:/home/runner/.m2/repository/io/quarkus/quarkus-core-deployment/3.20.2/quarkus-core-deployment-3.20.2.jar:/home/runner/.m2/repository/org/aesh/readline/2.6/readline-2.6.jar:/home/runner/.m2/repository/org/fusesource/jansi/jansi/2.4.0/jansi-2.4.0.jar:/home/runner/.m2/repository/org/aesh/aesh/2.8.2/aesh-2.8.2.jar:/home/runner/.m2/repository/io/quarkus/gizmo/gizmo/1.8.0/gizmo-1.8.0.jar:/home/runner/.m2/repository/org/ow2/asm/asm-util/9.7.1/asm-util-9.7.1.jar:/home/runner/.m2/repository/org/ow2/asm/asm-analysis/9.7.1/asm-analysis-9.7.1.jar:/home/runner/.m2/repository/org/ow2/asm/asm-commons/9.7.1/asm-commons-9.7.1.jar:/home/runner/.m2/repository/org/ow2/asm/asm-tree/9.7.1/asm-tree-9.7.1.jar:/home/runner/.m2/repository/io/quarkus/quarkus-hibernate-validator-spi/3.20.2/quarkus-hibernate-validator-spi-3.20.2.jar:/home/runner/.m2/repository/io/quarkus/quarkus-class-change-agent/3.20.2/quarkus-class-change-agent-3.20.2.jar:/home/runner/.m2/repository/io/quarkus/quarkus-devtools-utilities/3.20.2/quarkus-devtools-utilities-3.20.2.jar:/home/runner/.m2/repository/io/quarkus/quarkus-builder/3.20.2/quarkus-builder-3.20.2.jar:/home/runner/.m2/repository/org/graalvm/sdk/nativeimage/23.1.2/nativeimage-23.1.2.jar:/home/runner/.m2/repository/org/graalvm/sdk/word/23.1.2/word-23.1.2.jar:/home/runner/.m2/repository/io/quarkus/quarkus-bootstrap-maven-resolver/3.20.2/quarkus-bootstrap-maven-resolver-3.20.2.jar:/home/runner/.m2/repository/io/smallrye/beanbag/smallrye-beanbag-maven/1.5.2/smallrye-beanbag-maven-1.5.2.jar:/home/runner/.m2/repository/io/smallrye/beanbag/smallrye-beanbag-sisu/1.5.2/smallrye-beanbag-sisu-1.5.2.jar:/home/runner/.m2/repository/io/smallrye/beanbag/smallrye-beanbag/1.5.2/smallrye-beanbag-1.5.2.jar:/home/runner/.m2/repository/javax/inject/javax.inject/1/javax.inject-1.jar:/home/runner/.m2/repository/org/apache/maven/maven-artifact/3.9.9/maven-artifact-3.9.9.jar:/home/runner/.m2/repository/org/apache/maven/maven-builder-support/3.9.9/maven-builder-support-3.9.9.jar:/home/runner/.m2/repository/org/apache/maven/maven-model/3.9.9/maven-model-3.9.9.jar:/home/runner/.m2/repository/org/apache/maven/maven-model-builder/3.9.9/maven-model-builder-3.9.9.jar:/home/runner/.m2/repository/org/apache/maven/maven-repository-metadata/3.9.9/maven-repository-metadata-3.9.9.jar:/home/runner/.m2/repository/org/apache/maven/maven-settings/3.9.9/maven-settings-3.9.9.jar:/home/runner/.m2/repository/org/apache/maven/resolver/maven-resolver-api/1.9.22/maven-resolver-api-1.9.22.jar:/home/runner/.m2/repository/org/apache/maven/resolver/maven-resolver-impl/1.9.22/maven-resolver-impl-1.9.22.jar:/home/runner/.m2/repository/org/apache/maven/resolver/maven-resolver-named-locks/1.9.22/maven-resolver-named-locks-1.9.22.jar:/home/runner/.m2/repository/org/apache/maven/resolver/maven-resolver-spi/1.9.22/maven-resolver-spi-1.9.22.jar:/home/runner/.m2/repository/org/apache/maven/resolver/maven-resolver-util/1.9.22/maven-resolver-util-1.9.22.jar:/home/runner/.m2/repository/org/apache/maven/resolver/maven-resolver-transport-http/1.9.20/maven-resolver-transport-http-1.9.20.jar:/home/runner/.m2/repository/org/apache/maven/wagon/wagon-provider-api/3.5.3/wagon-provider-api-3.5.3.jar:/home/runner/.m2/repository/org/apache/maven/wagon/wagon-http-shared/3.5.3/wagon-http-shared-3.5.3.jar:/home/runner/.m2/repository/org/codehaus/plexus/plexus-interpolation/1.26/plexus-interpolation-1.26.jar:/home/runner/.m2/repository/org/codehaus/plexus/plexus-utils/3.5.1/plexus-utils-3.5.1.jar:/home/runner/.m2/repository/org/codehaus/plexus/plexus-xml/4.0.1/plexus-xml-4.0.1.jar:/home/runner/.m2/repository/org/apache/maven/maven-xml-impl/4.0.0-alpha-5/maven-xml-impl-4.0.0-alpha-5.jar:/home/runner/.m2/repository/org/apache/maven/maven-api-xml/4.0.0-alpha-5/maven-api-xml-4.0.0-alpha-5.jar:/home/runner/.m2/repository/org/apache/maven/maven-api-meta/4.0.0-alpha-5/maven-api-meta-4.0.0-alpha-5.jar:/home/runner/.m2/repository/org/codehaus/plexus/plexus-cipher/2.0/plexus-cipher-2.0.jar:/home/runner/.m2/repository/org/codehaus/plexus/plexus-sec-dispatcher/2.0/plexus-sec-dispatcher-2.0.jar:/home/runner/.m2/repository/org/apache/maven/maven-embedder/3.9.9/maven-embedder-3.9.9.jar:/home/runner/.m2/repository/org/apache/maven/maven-core/3.9.9/maven-core-3.9.9.jar:/home/runner/.m2/repository/org/codehaus/plexus/plexus-component-annotations/2.1.0/plexus-component-annotations-2.1.0.jar:/home/runner/.m2/repository/org/apache/maven/maven-plugin-api/3.9.9/maven-plugin-api-3.9.9.jar:/home/runner/.m2/repository/org/apache/maven/shared/maven-shared-utils/3.4.2/maven-shared-utils-3.4.2.jar:/home/runner/.m2/repository/com/google/inject/guice/5.1.0/guice-5.1.0.jar:/home/runner/.m2/repository/aopalliance/aopalliance/1.0/aopalliance-1.0.jar:/home/runner/.m2/repository/org/codehaus/plexus/plexus-classworlds/2.6.0/plexus-classworlds-2.6.0.jar:/home/runner/.m2/repository/commons-cli/commons-cli/1.8.0/commons-cli-1.8.0.jar:/home/runner/.m2/repository/org/eclipse/sisu/org.eclipse.sisu.plexus/0.9.0.M3/org.eclipse.sisu.plexus-0.9.0.M3.jar:/home/runner/.m2/repository/org/apache/maven/maven-settings-builder/3.9.9/maven-settings-builder-3.9.9.jar:/home/runner/.m2/repository/org/apache/maven/maven-resolver-provider/3.9.9/maven-resolver-provider-3.9.9.jar:/home/runner/.m2/repository/org/apache/maven/resolver/maven-resolver-connector-basic/1.9.22/maven-resolver-connector-basic-1.9.22.jar:/home/runner/.m2/repository/org/apache/maven/resolver/maven-resolver-transport-wagon/1.9.22/maven-resolver-transport-wagon-1.9.22.jar:/home/runner/.m2/repository/org/apache/maven/wagon/wagon-http/3.5.3/wagon-http-3.5.3.jar:/home/runner/.m2/repository/org/apache/maven/wagon/wagon-file/3.5.3/wagon-file-3.5.3.jar:/home/runner/.m2/repository/io/quarkus/quarkus-bootstrap-gradle-resolver/3.20.2/quarkus-bootstrap-gradle-resolver-3.20.2.jar:/home/runner/.m2/repository/io/smallrye/jandex/3.3.0/jandex-3.3.0.jar:/home/runner/.m2/repository/org/jboss/logging/commons-logging-jboss-logging/1.0.0.Final/commons-logging-jboss-logging-1.0.0.Final.jar:/home/runner/.m2/repository/io/quarkus/quarkus-junit5-config/3.20.2/quarkus-junit5-config-3.20.2.jar:/home/runner/.m2/repository/org/junit/jupiter/junit-jupiter-api/5.12.1/junit-jupiter-api-5.12.1.jar:/home/runner/.m2/repository/io/smallrye/config/smallrye-config/3.11.4/smallrye-config-3.11.4.jar:/home/runner/.m2/repository/io/smallrye/config/smallrye-config-core/3.11.4/smallrye-config-core-3.11.4.jar:/home/runner/.m2/repository/io/smallrye/common/smallrye-common-classloader/2.12.0/smallrye-common-classloader-2.12.0.jar:/home/runner/.m2/repository/io/smallrye/config/smallrye-config-common/3.11.4/smallrye-config-common-3.11.4.jar:/home/runner/.m2/repository/org/junit/jupiter/junit-jupiter/5.12.1/junit-jupiter-5.12.1.jar:/home/runner/.m2/repository/org/junit/jupiter/junit-jupiter-params/5.12.1/junit-jupiter-params-5.12.1.jar:/home/runner/.m2/repository/org/junit/jupiter/junit-jupiter-engine/5.12.1/junit-jupiter-engine-5.12.1.jar:/home/runner/.m2/repository/io/quarkus/quarkus-core/3.20.2/quarkus-core-3.20.2.jar:/home/runner/.m2/repository/jakarta/enterprise/jakarta.enterprise.cdi-api/4.1.0/jakarta.enterprise.cdi-api-4.1.0.jar:/home/runner/.m2/repository/jakarta/enterprise/jakarta.enterprise.lang-model/4.1.0/jakarta.enterprise.lang-model-4.1.0.jar:/home/runner/.m2/repository/jakarta/el/jakarta.el-api/5.0.1/jakarta.el-api-5.0.1.jar:/home/runner/.m2/repository/jakarta/interceptor/jakarta.interceptor-api/2.2.0/jakarta.interceptor-api-2.2.0.jar:/home/runner/.m2/repository/jakarta/inject/jakarta.inject-api/2.0.1/jakarta.inject-api-2.0.1.jar:/home/runner/.m2/repository/io/smallrye/common/smallrye-common-os/2.12.0/smallrye-common-os-2.12.0.jar:/home/runner/.m2/repository/io/quarkus/quarkus-ide-launcher/3.20.2/quarkus-ide-launcher-3.20.2.jar:/home/runner/.m2/repository/io/quarkus/quarkus-development-mode-spi/3.20.2/quarkus-development-mode-spi-3.20.2.jar:/home/runner/.m2/repository/org/jboss/logging/jboss-logging/3.6.1.Final/jboss-logging-3.6.1.Final.jar:/home/runner/.m2/repository/org/jboss/logmanager/jboss-logmanager/3.1.2.Final/jboss-logmanager-3.1.2.Final.jar:/home/runner/.m2/repository/io/smallrye/common/smallrye-common-constraint/2.12.0/smallrye-common-constraint-2.12.0.jar:/home/runner/.m2/repository/io/smallrye/common/smallrye-common-cpu/2.12.0/smallrye-common-cpu-2.12.0.jar:/home/runner/.m2/repository/io/smallrye/common/smallrye-common-expression/2.12.0/smallrye-common-expression-2.12.0.jar:/home/runner/.m2/repository/io/smallrye/common/smallrye-common-net/2.12.0/smallrye-common-net-2.12.0.jar:/home/runner/.m2/repository/io/smallrye/common/smallrye-common-ref/2.12.0/smallrye-common-ref-2.12.0.jar:/home/runner/.m2/repository/jakarta/json/jakarta.json-api/2.1.3/jakarta.json-api-2.1.3.jar:/home/runner/.m2/repository/org/eclipse/parsson/parsson/1.1.7/parsson-1.1.7.jar:/home/runner/.m2/repository/org/jboss/logging/jboss-logging-annotations/3.0.4.Final/jboss-logging-annotations-3.0.4.Final.jar:/home/runner/.m2/repository/org/jboss/threads/jboss-threads/3.8.0.Final/jboss-threads-3.8.0.Final.jar:/home/runner/.m2/repository/io/smallrye/common/smallrye-common-annotation/2.12.0/smallrye-common-annotation-2.12.0.jar:/home/runner/.m2/repository/io/smallrye/common/smallrye-common-function/2.12.0/smallrye-common-function-2.12.0.jar:/home/runner/.m2/repository/org/jboss/slf4j/slf4j-jboss-logmanager/2.0.0.Final/slf4j-jboss-logmanager-2.0.0.Final.jar:/home/runner/.m2/repository/org/wildfly/common/wildfly-common/2.0.1/wildfly-common-2.0.1.jar:/home/runner/.m2/repository/io/quarkus/quarkus-bootstrap-runner/3.20.2/quarkus-bootstrap-runner-3.20.2.jar:/home/runner/.m2/repository/io/github/crac/org-crac/0.1.3/org-crac-0.1.3.jar:/home/runner/.m2/repository/io/quarkus/quarkus-fs-util/0.0.10/quarkus-fs-util-0.0.10.jar:/home/runner/.m2/repository/org/jboss/marshalling/jboss-marshalling/2.2.2.Final/jboss-marshalling-2.2.2.Final.jar:/home/runner/.m2/repository/io/fabric8/kubernetes-client/7.1.0/kubernetes-client-7.1.0.jar:/home/runner/.m2/repository/io/fabric8/kubernetes-client-api/7.1.0/kubernetes-client-api-7.1.0.jar:/home/runner/.m2/repository/io/fabric8/kubernetes-model-core/7.1.0/kubernetes-model-core-7.1.0.jar:/home/runner/.m2/repository/io/fabric8/kubernetes-model-common/7.1.0/kubernetes-model-common-7.1.0.jar:/home/runner/.m2/repository/javax/annotation/javax.annotation-api/1.3.2/javax.annotation-api-1.3.2.jar:/home/runner/.m2/repository/io/fabric8/kubernetes-model-gatewayapi/7.1.0/kubernetes-model-gatewayapi-7.1.0.jar:/home/runner/.m2/repository/io/fabric8/kubernetes-model-resource/7.1.0/kubernetes-model-resource-7.1.0.jar:/home/runner/.m2/repository/io/fabric8/kubernetes-model-rbac/7.1.0/kubernetes-model-rbac-7.1.0.jar:/home/runner/.m2/repository/io/fabric8/kubernetes-model-admissionregistration/7.1.0/kubernetes-model-admissionregistration-7.1.0.jar:/home/runner/.m2/repository/io/fabric8/kubernetes-model-apps/7.1.0/kubernetes-model-apps-7.1.0.jar:/home/runner/.m2/repository/io/fabric8/kubernetes-model-autoscaling/7.1.0/kubernetes-model-autoscaling-7.1.0.jar:/home/runner/.m2/repository/io/fabric8/kubernetes-model-apiextensions/7.1.0/kubernetes-model-apiextensions-7.1.0.jar:/home/runner/.m2/repository/io/fabric8/kubernetes-model-batch/7.1.0/kubernetes-model-batch-7.1.0.jar:/home/runner/.m2/repository/io/fabric8/kubernetes-model-certificates/7.1.0/kubernetes-model-certificates-7.1.0.jar:/home/runner/.m2/repository/io/fabric8/kubernetes-model-coordination/7.1.0/kubernetes-model-coordination-7.1.0.jar:/home/runner/.m2/repository/io/fabric8/kubernetes-model-discovery/7.1.0/kubernetes-model-discovery-7.1.0.jar:/home/runner/.m2/repository/io/fabric8/kubernetes-model-events/7.1.0/kubernetes-model-events-7.1.0.jar:/home/runner/.m2/repository/io/fabric8/kubernetes-model-extensions/7.1.0/kubernetes-model-extensions-7.1.0.jar:/home/runner/.m2/repository/io/fabric8/kubernetes-model-flowcontrol/7.1.0/kubernetes-model-flowcontrol-7.1.0.jar:/home/runner/.m2/repository/io/fabric8/kubernetes-model-networking/7.1.0/kubernetes-model-networking-7.1.0.jar:/home/runner/.m2/repository/io/fabric8/kubernetes-model-metrics/7.1.0/kubernetes-model-metrics-7.1.0.jar:/home/runner/.m2/repository/io/fabric8/kubernetes-model-policy/7.1.0/kubernetes-model-policy-7.1.0.jar:/home/runner/.m2/repository/io/fabric8/kubernetes-model-scheduling/7.1.0/kubernetes-model-scheduling-7.1.0.jar:/home/runner/.m2/repository/io/fabric8/kubernetes-model-storageclass/7.1.0/kubernetes-model-storageclass-7.1.0.jar:/home/runner/.m2/repository/io/fabric8/kubernetes-model-node/7.1.0/kubernetes-model-node-7.1.0.jar:/home/runner/.m2/repository/org/snakeyaml/snakeyaml-engine/2.9/snakeyaml-engine-2.9.jar:/home/runner/.m2/repository/com/fasterxml/jackson/dataformat/jackson-dataformat-yaml/2.18.2/jackson-dataformat-yaml-2.18.2.jar:/home/runner/.m2/repository/com/fasterxml/jackson/datatype/jackson-datatype-jsr310/2.18.2/jackson-datatype-jsr310-2.18.2.jar:/home/runner/.m2/repository/io/fabric8/zjsonpatch/7.1.0/zjsonpatch-7.1.0.jar:/home/runner/.m2/repository/io/fabric8/kubernetes-httpclient-vertx/7.1.0/kubernetes-httpclient-vertx-7.1.0.jar:/home/runner/.m2/repository/io/vertx/vertx-web-client/4.5.16/vertx-web-client-4.5.16.jar:/home/runner/.m2/repository/io/vertx/vertx-web-common/4.5.16/vertx-web-common-4.5.16.jar:/home/runner/.m2/repository/io/vertx/vertx-auth-common/4.5.16/vertx-auth-common-4.5.16.jar:/home/runner/.m2/repository/io/vertx/vertx-uri-template/4.5.16/vertx-uri-template-4.5.16.jar:/home/runner/.m2/repository/io/fabric8/openshift-client/7.1.0/openshift-client-7.1.0.jar:/home/runner/.m2/repository/io/fabric8/openshift-client-api/7.1.0/openshift-client-api-7.1.0.jar:/home/runner/.m2/repository/io/fabric8/openshift-model/7.1.0/openshift-model-7.1.0.jar:/home/runner/.m2/repository/io/fabric8/openshift-model-autoscaling/7.1.0/openshift-model-autoscaling-7.1.0.jar:/home/runner/.m2/repository/io/fabric8/openshift-model-operator/7.1.0/openshift-model-operator-7.1.0.jar:/home/runner/.m2/repository/io/fabric8/openshift-model-operatorhub/7.1.0/openshift-model-operatorhub-7.1.0.jar:/home/runner/.m2/repository/io/fabric8/openshift-model-machine/7.1.0/openshift-model-machine-7.1.0.jar:/home/runner/.m2/repository/io/fabric8/openshift-model-whereabouts/7.1.0/openshift-model-whereabouts-7.1.0.jar:/home/runner/.m2/repository/io/fabric8/openshift-model-monitoring/7.1.0/openshift-model-monitoring-7.1.0.jar:/home/runner/.m2/repository/io/fabric8/openshift-model-storageversionmigrator/7.1.0/openshift-model-storageversionmigrator-7.1.0.jar:/home/runner/.m2/repository/io/fabric8/openshift-model-tuned/7.1.0/openshift-model-tuned-7.1.0.jar:/home/runner/.m2/repository/io/fabric8/openshift-model-console/7.1.0/openshift-model-console-7.1.0.jar:/home/runner/.m2/repository/io/fabric8/openshift-model-config/7.1.0/openshift-model-config-7.1.0.jar:/home/runner/.m2/repository/io/fabric8/openshift-model-machineconfiguration/7.1.0/openshift-model-machineconfiguration-7.1.0.jar:/home/runner/.m2/repository/io/fabric8/openshift-model-miscellaneous/7.1.0/openshift-model-miscellaneous-7.1.0.jar:/home/runner/.m2/repository/io/fabric8/openshift-model-hive/7.1.0/openshift-model-hive-7.1.0.jar:/home/runner/.m2/repository/io/fabric8/openshift-model-installer/7.1.0/openshift-model-installer-7.1.0.jar:/home/runner/.m2/repository/org/junit/platform/junit-platform-launcher/1.12.1/junit-platform-launcher-1.12.1.jar:/home/runner/.m2/repository/org/junit/platform/junit-platform-engine/1.12.1/junit-platform-engine-1.12.1.jar:/home/runner/.m2/repository/org/opentest4j/opentest4j/1.3.0/opentest4j-1.3.0.jar:/home/runner/.m2/repository/org/junit/platform/junit-platform-commons/1.12.1/junit-platform-commons-1.12.1.jar:/home/runner/.m2/repository/org/apiguardian/apiguardian-api/1.1.2/apiguardian-api-1.1.2.jar:/home/runner/.m2/repository/jakarta/ws/rs/jakarta.ws.rs-api/3.1.0/jakarta.ws.rs-api-3.1.0.jar:/home/runner/work/apicurio-testing/apicurio-testing/clusters/ci419/namespaces/inmemory/tests/integration/apicurio-registry/java-sdk/target/apicurio-registry-java-sdk-3.0.12-SNAPSHOT.jar:/home/runner/.m2/repository/com/microsoft/kiota/microsoft-kiota-abstractions/1.8.8/microsoft-kiota-abstractions-1.8.8.jar:/home/runner/.m2/repository/io/github/std-uritemplate/std-uritemplate/2.0.0/std-uritemplate-2.0.0.jar:/home/runner/.m2/repository/io/kiota/kiota-http-jdk/0.0.29/kiota-http-jdk-0.0.29.jar:/home/runner/.m2/repository/io/kiota/kiota-http-vertx/0.0.29/kiota-http-vertx-0.0.29.jar:/home/runner/.m2/repository/io/kiota/kiota-serialization-jackson/0.0.29/kiota-serialization-jackson-0.0.29.jar:/home/runner/.m2/repository/com/microsoft/kiota/microsoft-kiota-serialization-text/1.8.8/microsoft-kiota-serialization-text-1.8.8.jar:/home/runner/.m2/repository/com/microsoft/kiota/microsoft-kiota-serialization-form/1.8.8/microsoft-kiota-serialization-form-1.8.8.jar:/home/runner/.m2/repository/com/microsoft/kiota/microsoft-kiota-serialization-multipart/1.8.8/microsoft-kiota-serialization-multipart-1.8.8.jar:/home/runner/.m2/repository/jakarta/annotation/jakarta.annotation-api/3.0.0/jakarta.annotation-api-3.0.0.jar:/home/runner/.m2/repository/io/vertx/vertx-auth-oauth2/4.5.16/vertx-auth-oauth2-4.5.16.jar:/home/runner/work/apicurio-testing/apicurio-testing/clusters/ci419/namespaces/inmemory/tests/integration/apicurio-registry/java-sdk-v2/target/apicurio-registry-v2-java-sdk-3.0.12-SNAPSHOT.jar:/home/runner/work/apicurio-testing/apicurio-testing/clusters/ci419/namespaces/inmemory/tests/integration/apicurio-registry/utils/kafka/target/apicurio-registry-utils-kafka-3.0.12-SNAPSHOT-tests.jar:/home/runner/.m2/repository/org/eclipse/microprofile/config/microprofile-config-api/3.1/microprofile-config-api-3.1.jar:/home/runner/.m2/repository/org/apache/kafka/kafka-clients/3.9.1/kafka-clients-3.9.1.jar:/home/runner/.m2/repository/com/github/luben/zstd-jni/1.5.6-4/zstd-jni-1.5.6-4.jar:/home/runner/.m2/repository/org/lz4/lz4-java/1.8.0/lz4-java-1.8.0.jar:/home/runner/.m2/repository/org/xerial/snappy/snappy-java/1.1.10.5/snappy-java-1.1.10.5.jar:/home/runner/.m2/repository/org/slf4j/slf4j-api/2.0.6/slf4j-api-2.0.6.jar:/home/runner/work/apicurio-testing/apicurio-testing/clusters/ci419/namespaces/inmemory/tests/integration/apicurio-registry/utils/tests/target/apicurio-registry-utils-tests-3.0.12-SNAPSHOT.jar:/home/runner/work/apicurio-testing/apicurio-testing/clusters/ci419/namespaces/inmemory/tests/integration/apicurio-registry/common/target/apicurio-registry-common-3.0.12-SNAPSHOT.jar:/home/runner/.m2/repository/jakarta/validation/jakarta.validation-api/3.0.2/jakarta.validation-api-3.0.2.jar:/home/runner/.m2/repository/com/github/dasniko/testcontainers-keycloak/3.8.0/testcontainers-keycloak-3.8.0.jar:/home/runner/.m2/repository/org/testcontainers/testcontainers/1.20.6/testcontainers-1.20.6.jar:/home/runner/.m2/repository/org/rnorth/duct-tape/duct-tape/1.0.8/duct-tape-1.0.8.jar:/home/runner/.m2/repository/com/github/docker-java/docker-java-transport-zerodep/3.4.1/docker-java-transport-zerodep-3.4.1.jar:/home/runner/.m2/repository/com/github/docker-java/docker-java-transport/3.4.1/docker-java-transport-3.4.1.jar:/home/runner/.m2/repository/net/java/dev/jna/jna/5.8.0/jna-5.8.0.jar:/home/runner/.m2/repository/io/quarkus/quarkus-junit4-mock/3.20.2/quarkus-junit4-mock-3.20.2.jar:/home/runner/.m2/repository/org/jboss/shrinkwrap/shrinkwrap-api/2.0.0-beta-2/shrinkwrap-api-2.0.0-beta-2.jar:/home/runner/.m2/repository/org/jboss/shrinkwrap/shrinkwrap-impl-base/2.0.0-beta-2/shrinkwrap-impl-base-2.0.0-beta-2.jar:/home/runner/.m2/repository/org/jboss/shrinkwrap/shrinkwrap-spi/2.0.0-beta-2/shrinkwrap-spi-2.0.0-beta-2.jar:/home/runner/.m2/repository/org/keycloak/keycloak-admin-client/26.0.4/keycloak-admin-client-26.0.4.jar:/home/runner/.m2/repository/org/keycloak/keycloak-client-common-synced/26.0.4/keycloak-client-common-synced-26.0.4.jar:/home/runner/.m2/repository/jakarta/activation/jakarta.activation-api/2.1.3/jakarta.activation-api-2.1.3.jar:/home/runner/.m2/repository/org/eclipse/microprofile/openapi/microprofile-openapi-api/4.0.2/microprofile-openapi-api-4.0.2.jar:/home/runner/.m2/repository/org/jboss/resteasy/resteasy-client/6.2.12.Final/resteasy-client-6.2.12.Final.jar:/home/runner/.m2/repository/org/jboss/resteasy/resteasy-client-api/6.2.12.Final/resteasy-client-api-6.2.12.Final.jar:/home/runner/.m2/repository/org/jboss/resteasy/resteasy-core-spi/6.2.12.Final/resteasy-core-spi-6.2.12.Final.jar:/home/runner/.m2/repository/org/jboss/resteasy/resteasy-core/6.2.12.Final/resteasy-core-6.2.12.Final.jar:/home/runner/.m2/repository/org/eclipse/angus/angus-activation/2.0.2/angus-activation-2.0.2.jar:/home/runner/.m2/repository/com/ibm/async/asyncutil/0.1.0/asyncutil-0.1.0.jar:/home/runner/.m2/repository/org/reactivestreams/reactive-streams/1.0.4/reactive-streams-1.0.4.jar:/home/runner/.m2/repository/org/jboss/resteasy/resteasy-multipart-provider/6.2.12.Final/resteasy-multipart-provider-6.2.12.Final.jar:/home/runner/.m2/repository/jakarta/mail/jakarta.mail-api/2.1.3/jakarta.mail-api-2.1.3.jar:/home/runner/.m2/repository/org/eclipse/angus/angus-mail/2.0.3/angus-mail-2.0.3.jar:/home/runner/.m2/repository/org/apache/james/apache-mime4j-dom/0.8.12/apache-mime4j-dom-0.8.12.jar:/home/runner/.m2/repository/org/apache/james/apache-mime4j-core/0.8.12/apache-mime4j-core-0.8.12.jar:/home/runner/.m2/repository/org/apache/james/apache-mime4j-storage/0.8.12/apache-mime4j-storage-0.8.12.jar:/home/runner/.m2/repository/org/jboss/resteasy/resteasy-jackson2-provider/6.2.12.Final/resteasy-jackson2-provider-6.2.12.Final.jar:/home/runner/.m2/repository/com/fasterxml/jackson/jakarta/rs/jackson-jakarta-rs-base/2.18.2/jackson-jakarta-rs-base-2.18.2.jar:/home/runner/.m2/repository/com/fasterxml/jackson/jakarta/rs/jackson-jakarta-rs-json-provider/2.18.2/jackson-jakarta-rs-json-provider-2.18.2.jar:/home/runner/.m2/repository/com/fasterxml/jackson/module/jackson-module-jakarta-xmlbind-annotations/2.18.2/jackson-module-jakarta-xmlbind-annotations-2.18.2.jar:/home/runner/.m2/repository/com/github/java-json-tools/json-patch/1.13/json-patch-1.13.jar:/home/runner/.m2/repository/com/github/java-json-tools/msg-simple/1.2/msg-simple-1.2.jar:/home/runner/.m2/repository/com/github/java-json-tools/btf/1.3/btf-1.3.jar:/home/runner/.m2/repository/com/github/java-json-tools/jackson-coreutils/2.0/jackson-coreutils-2.0.jar:/home/runner/.m2/repository/org/jboss/resteasy/resteasy-jaxb-provider/6.2.12.Final/resteasy-jaxb-provider-6.2.12.Final.jar:/home/runner/.m2/repository/org/glassfish/jaxb/codemodel/4.0.5/codemodel-4.0.5.jar:/home/runner/.m2/repository/org/glassfish/jaxb/jaxb-core/4.0.5/jaxb-core-4.0.5.jar:/home/runner/.m2/repository/org/glassfish/jaxb/jaxb-jxc/4.0.5/jaxb-jxc-4.0.5.jar:/home/runner/.m2/repository/org/glassfish/jaxb/jaxb-runtime/4.0.5/jaxb-runtime-4.0.5.jar:/home/runner/.m2/repository/org/glassfish/jaxb/txw2/4.0.5/txw2-4.0.5.jar:/home/runner/.m2/repository/org/glassfish/jaxb/jaxb-xjc/4.0.5/jaxb-xjc-4.0.5.jar:/home/runner/.m2/repository/org/glassfish/jaxb/xsom/4.0.5/xsom-4.0.5.jar:/home/runner/.m2/repository/com/sun/istack/istack-commons-runtime/4.1.2/istack-commons-runtime-4.1.2.jar:/home/runner/.m2/repository/com/sun/istack/istack-commons-tools/4.1.2/istack-commons-tools-4.1.2.jar:/home/runner/.m2/repository/com/sun/xml/bind/external/relaxng-datatype/4.0.5/relaxng-datatype-4.0.5.jar:/home/runner/.m2/repository/com/sun/xml/bind/external/rngom/4.0.5/rngom-4.0.5.jar:/home/runner/.m2/repository/org/testcontainers/mssqlserver/1.20.6/mssqlserver-1.20.6.jar:/home/runner/.m2/repository/org/testcontainers/jdbc/1.20.6/jdbc-1.20.6.jar:/home/runner/.m2/repository/org/testcontainers/database-commons/1.20.6/database-commons-1.20.6.jar:/home/runner/.m2/repository/org/testcontainers/mysql/1.20.6/mysql-1.20.6.jar:/home/runner/.m2/repository/io/strimzi/strimzi-test-container/0.111.0/strimzi-test-container-0.111.0.jar:/home/runner/.m2/repository/org/testcontainers/toxiproxy/1.20.6/toxiproxy-1.20.6.jar:/home/runner/.m2/repository/com/github/docker-java/docker-java-api/3.4.1/docker-java-api-3.4.1.jar:/home/runner/.m2/repository/org/apache/logging/log4j/log4j-slf4j-impl/2.19.0/log4j-slf4j-impl-2.19.0.jar:/home/runner/.m2/repository/org/apache/logging/log4j/log4j-api/2.24.3/log4j-api-2.24.3.jar:/home/runner/.m2/repository/org/apache/logging/log4j/log4j-core/2.19.0/log4j-core-2.19.0.jar:/home/runner/.m2/repository/eu/rekawek/toxiproxy/toxiproxy-java/2.1.7/toxiproxy-java-2.1.7.jar:/home/runner/.m2/repository/org/testcontainers/pulsar/1.21.3/pulsar-1.21.3.jar:/home/runner/.m2/repository/io/debezium/debezium-testing-testcontainers/2.7.4.Final/debezium-testing-testcontainers-2.7.4.Final.jar:/home/runner/.m2/repository/org/testcontainers/kafka/1.20.6/kafka-1.20.6.jar:/home/runner/.m2/repository/com/squareup/okhttp3/okhttp/4.8.1/okhttp-4.8.1.jar:/home/runner/.m2/repository/com/squareup/okio/okio/3.10.2/okio-3.10.2.jar:/home/runner/.m2/repository/com/squareup/okio/okio-jvm/3.10.2/okio-jvm-3.10.2.jar:/home/runner/.m2/repository/org/jetbrains/kotlin/kotlin-stdlib/2.0.21/kotlin-stdlib-2.0.21.jar:/home/runner/.m2/repository/org/awaitility/awaitility/4.3.0/awaitility-4.3.0.jar:/home/runner/.m2/repository/org/testcontainers/mongodb/1.20.6/mongodb-1.20.6.jar:/home/runner/.m2/repository/org/testcontainers/mariadb/1.20.6/mariadb-1.20.6.jar:/home/runner/.m2/repository/org/testcontainers/oracle-xe/1.20.6/oracle-xe-1.20.6.jar:/home/runner/.m2/repository/org/testcontainers/postgresql/1.20.6/postgresql-1.20.6.jar:/home/runner/.m2/repository/org/wiremock/wiremock/3.0.1/wiremock-3.0.1.jar:/home/runner/.m2/repository/org/eclipse/jetty/jetty-server/11.0.15/jetty-server-11.0.15.jar:/home/runner/.m2/repository/org/eclipse/jetty/toolchain/jetty-jakarta-servlet-api/5.0.2/jetty-jakarta-servlet-api-5.0.2.jar:/home/runner/.m2/repository/org/eclipse/jetty/jetty-http/11.0.15/jetty-http-11.0.15.jar:/home/runner/.m2/repository/org/eclipse/jetty/jetty-io/11.0.15/jetty-io-11.0.15.jar:/home/runner/.m2/repository/org/eclipse/jetty/jetty-servlet/11.0.15/jetty-servlet-11.0.15.jar:/home/runner/.m2/repository/org/eclipse/jetty/jetty-security/11.0.15/jetty-security-11.0.15.jar:/home/runner/.m2/repository/org/eclipse/jetty/jetty-servlets/11.0.15/jetty-servlets-11.0.15.jar:/home/runner/.m2/repository/org/eclipse/jetty/jetty-util/11.0.15/jetty-util-11.0.15.jar:/home/runner/.m2/repository/org/eclipse/jetty/jetty-webapp/11.0.15/jetty-webapp-11.0.15.jar:/home/runner/.m2/repository/org/eclipse/jetty/jetty-xml/11.0.15/jetty-xml-11.0.15.jar:/home/runner/.m2/repository/org/eclipse/jetty/jetty-proxy/11.0.15/jetty-proxy-11.0.15.jar:/home/runner/.m2/repository/org/eclipse/jetty/jetty-client/11.0.15/jetty-client-11.0.15.jar:/home/runner/.m2/repository/org/eclipse/jetty/http2/http2-server/11.0.15/http2-server-11.0.15.jar:/home/runner/.m2/repository/org/eclipse/jetty/http2/http2-common/11.0.15/http2-common-11.0.15.jar:/home/runner/.m2/repository/org/eclipse/jetty/http2/http2-hpack/11.0.15/http2-hpack-11.0.15.jar:/home/runner/.m2/repository/org/eclipse/jetty/jetty-alpn-server/11.0.15/jetty-alpn-server-11.0.15.jar:/home/runner/.m2/repository/org/eclipse/jetty/jetty-alpn-java-server/11.0.15/jetty-alpn-java-server-11.0.15.jar:/home/runner/.m2/repository/org/eclipse/jetty/jetty-alpn-java-client/11.0.15/jetty-alpn-java-client-11.0.15.jar:/home/runner/.m2/repository/org/eclipse/jetty/jetty-alpn-client/11.0.15/jetty-alpn-client-11.0.15.jar:/home/runner/.m2/repository/org/apache/httpcomponents/client5/httpclient5/5.2.1/httpclient5-5.2.1.jar:/home/runner/.m2/repository/org/apache/httpcomponents/core5/httpcore5/5.2/httpcore5-5.2.jar:/home/runner/.m2/repository/org/apache/httpcomponents/core5/httpcore5-h2/5.2/httpcore5-h2-5.2.jar:/home/runner/.m2/repository/org/xmlunit/xmlunit-core/2.9.1/xmlunit-core-2.9.1.jar:/home/runner/.m2/repository/jakarta/xml/bind/jakarta.xml.bind-api/4.0.2/jakarta.xml.bind-api-4.0.2.jar:/home/runner/.m2/repository/org/xmlunit/xmlunit-legacy/2.9.1/xmlunit-legacy-2.9.1.jar:/home/runner/.m2/repository/org/xmlunit/xmlunit-placeholders/2.9.1/xmlunit-placeholders-2.9.1.jar:/home/runner/.m2/repository/net/javacrumbs/json-unit/json-unit-core/2.38.0/json-unit-core-2.38.0.jar:/home/runner/.m2/repository/org/hamcrest/hamcrest-core/2.2/hamcrest-core-2.2.jar:/home/runner/.m2/repository/com/jayway/jsonpath/json-path/2.8.0/json-path-2.8.0.jar:/home/runner/.m2/repository/net/minidev/json-smart/2.4.10/json-smart-2.4.10.jar:/home/runner/.m2/repository/net/minidev/accessors-smart/2.4.9/accessors-smart-2.4.9.jar:/home/runner/.m2/repository/org/ow2/asm/asm/9.7.1/asm-9.7.1.jar:/home/runner/.m2/repository/net/sf/jopt-simple/jopt-simple/5.0.4/jopt-simple-5.0.4.jar:/home/runner/.m2/repository/com/github/jknack/handlebars/4.3.1/handlebars-4.3.1.jar:/home/runner/.m2/repository/com/github/jknack/handlebars-helpers/4.3.1/handlebars-helpers-4.3.1.jar:/home/runner/.m2/repository/commons-fileupload/commons-fileupload/1.5/commons-fileupload-1.5.jar:/home/runner/.m2/repository/com/networknt/json-schema-validator/1.5.8/json-schema-validator-1.5.8.jar:/home/runner/.m2/repository/com/ethlo/time/itu/1.10.3/itu-1.10.3.jar:/home/runner/.m2/repository/io/quarkus/quarkus-smallrye-jwt-build/3.20.2/quarkus-smallrye-jwt-build-3.20.2.jar:/home/runner/.m2/repository/io/smallrye/smallrye-jwt-build/4.6.2/smallrye-jwt-build-4.6.2.jar:/home/runner/.m2/repository/org/eclipse/microprofile/jwt/microprofile-jwt-auth-api/2.1/microprofile-jwt-auth-api-2.1.jar:/home/runner/.m2/repository/org/bitbucket/b_c/jose4j/0.9.6/jose4j-0.9.6.jar:/home/runner/.m2/repository/io/smallrye/smallrye-jwt-common/4.6.2/smallrye-jwt-common-4.6.2.jar:/home/runner/.m2/repository/io/quarkus/quarkus-jsonp/3.20.2/quarkus-jsonp-3.20.2.jar:/home/runner/.m2/repository/io/quarkus/quarkus-arc/3.20.2/quarkus-arc-3.20.2.jar:/home/runner/.m2/repository/io/quarkus/arc/arc/3.20.2/arc-3.20.2.jar:/home/runner/.m2/repository/jakarta/transaction/jakarta.transaction-api/2.0.1/jakarta.transaction-api-2.0.1.jar:/home/runner/.m2/repository/io/smallrye/reactive/mutiny/2.9.2/mutiny-2.9.2.jar:/home/runner/.m2/repository/org/jctools/jctools-core/4.0.5/jctools-core-4.0.5.jar:/home/runner/.m2/repository/org/eclipse/microprofile/context-propagation/microprofile-context-propagation-api/1.3/microprofile-context-propagation-api-1.3.jar:/home/runner/.m2/repository/io/apicurio/apicurio-common-rest-client-common/0.1.18.Final/apicurio-common-rest-client-common-0.1.18.Final.jar:/home/runner/work/apicurio-testing/apicurio-testing/clusters/ci419/namespaces/inmemory/tests/integration/apicurio-registry/utils/maven-plugin/target/apicurio-registry-maven-plugin-3.0.12-SNAPSHOT.jar:/home/runner/.m2/repository/com/fasterxml/jackson/core/jackson-databind/2.18.2/jackson-databind-2.18.2.jar:/home/runner/.m2/repository/org/apache/avro/avro/1.12.0/avro-1.12.0.jar:/home/runner/.m2/repository/com/google/protobuf/protobuf-java/4.31.1/protobuf-java-4.31.1.jar:/home/runner/.m2/repository/com/google/protobuf/protobuf-java-util/4.31.1/protobuf-java-util-4.31.1.jar:/home/runner/.m2/repository/com/google/code/findbugs/jsr305/3.0.2/jsr305-3.0.2.jar:/home/runner/.m2/repository/com/google/code/gson/gson/2.12.1/gson-2.12.1.jar:/home/runner/.m2/repository/com/google/errorprone/error_prone_annotations/2.36.0/error_prone_annotations-2.36.0.jar:/home/runner/.m2/repository/com/google/j2objc/j2objc-annotations/2.8/j2objc-annotations-2.8.jar:/home/runner/work/apicurio-testing/apicurio-testing/clusters/ci419/namespaces/inmemory/tests/integration/apicurio-registry/schema-util/util-provider/target/apicurio-registry-schema-util-provider-3.0.12-SNAPSHOT.jar:/home/runner/work/apicurio-testing/apicurio-testing/clusters/ci419/namespaces/inmemory/tests/integration/apicurio-registry/schema-util/common/target/apicurio-registry-schema-util-common-3.0.12-SNAPSHOT.jar:/home/runner/.m2/repository/com/fasterxml/jackson/module/jackson-module-parameter-names/2.18.2/jackson-module-parameter-names-2.18.2.jar:/home/runner/.m2/repository/com/fasterxml/jackson/datatype/jackson-datatype-json-org/2.18.2/jackson-datatype-json-org-2.18.2.jar:/home/runner/work/apicurio-testing/apicurio-testing/clusters/ci419/namespaces/inmemory/tests/integration/apicurio-registry/schema-util/json/target/apicurio-registry-schema-util-json-3.0.12-SNAPSHOT.jar:/home/runner/.m2/repository/com/github/erosb/everit-json-schema/1.14.5/everit-json-schema-1.14.5.jar:/home/runner/.m2/repository/commons-validator/commons-validator/1.9.0/commons-validator-1.9.0.jar:/home/runner/.m2/repository/commons-digester/commons-digester/2.1/commons-digester-2.1.jar:/home/runner/.m2/repository/commons-collections/commons-collections/3.2.2/commons-collections-3.2.2.jar:/home/runner/.m2/repository/com/damnhandy/handy-uri-templates/2.1.8/handy-uri-templates-2.1.8.jar:/home/runner/.m2/repository/joda-time/joda-time/2.10.2/joda-time-2.10.2.jar:/home/runner/.m2/repository/com/github/erosb/json-sKema/0.20.0/json-sKema-0.20.0.jar:/home/runner/.m2/repository/io/vertx/vertx-json-schema/4.5.16/vertx-json-schema-4.5.16.jar:/home/runner/work/apicurio-testing/apicurio-testing/clusters/ci419/namespaces/inmemory/tests/integration/apicurio-registry/schema-util/protobuf/target/apicurio-registry-schema-util-protobuf-3.0.12-SNAPSHOT.jar:/home/runner/work/apicurio-testing/apicurio-testing/clusters/ci419/namespaces/inmemory/tests/integration/apicurio-registry/utils/protobuf-schema-utilities/target/apicurio-registry-protobuf-schema-utilities-3.0.12-SNAPSHOT.jar:/home/runner/.m2/repository/com/google/api/grpc/proto-google-common-protos/2.52.0/proto-google-common-protos-2.52.0.jar:/home/runner/.m2/repository/com/squareup/wire/wire-schema-jvm/5.3.3/wire-schema-jvm-5.3.3.jar:/home/runner/.m2/repository/com/palantir/javapoet/javapoet/0.6.0/javapoet-0.6.0.jar:/home/runner/.m2/repository/com/squareup/kotlinpoet-jvm/2.0.0/kotlinpoet-jvm-2.0.0.jar:/home/runner/.m2/repository/org/jetbrains/kotlin/kotlin-reflect/2.0.21/kotlin-reflect-2.0.21.jar:/home/runner/.m2/repository/com/squareup/wire/wire-runtime-jvm/5.3.3/wire-runtime-jvm-5.3.3.jar:/home/runner/.m2/repository/com/ibm/icu/icu4j/76.1/icu4j-76.1.jar:/home/runner/.m2/repository/com/squareup/okio/okio-fakefilesystem/3.10.2/okio-fakefilesystem-3.10.2.jar:/home/runner/.m2/repository/com/squareup/okio/okio-fakefilesystem-jvm/3.10.2/okio-fakefilesystem-jvm-3.10.2.jar:/home/runner/.m2/repository/org/jetbrains/kotlinx/kotlinx-datetime-jvm/0.6.1/kotlinx-datetime-jvm-0.6.1.jar:/home/runner/work/apicurio-testing/apicurio-testing/clusters/ci419/namespaces/inmemory/tests/integration/apicurio-registry/schema-util/asyncapi/target/apicurio-registry-schema-util-asyncapi-3.0.12-SNAPSHOT.jar:/home/runner/work/apicurio-testing/apicurio-testing/clusters/ci419/namespaces/inmemory/tests/integration/apicurio-registry/schema-util/avro/target/apicurio-registry-schema-util-avro-3.0.12-SNAPSHOT.jar:/home/runner/work/apicurio-testing/apicurio-testing/clusters/ci419/namespaces/inmemory/tests/integration/apicurio-registry/schema-util/graphql/target/apicurio-registry-schema-util-graphql-3.0.12-SNAPSHOT.jar:/home/runner/.m2/repository/com/graphql-java/graphql-java/22.4/graphql-java-22.4.jar:/home/runner/.m2/repository/com/graphql-java/java-dataloader/3.3.0/java-dataloader-3.3.0.jar:/home/runner/work/apicurio-testing/apicurio-testing/clusters/ci419/namespaces/inmemory/tests/integration/apicurio-registry/schema-util/kconnect/target/apicurio-registry-schema-util-kconnect-3.0.12-SNAPSHOT.jar:/home/runner/work/apicurio-testing/apicurio-testing/clusters/ci419/namespaces/inmemory/tests/integration/apicurio-registry/schema-util/openapi/target/apicurio-registry-schema-util-openapi-3.0.12-SNAPSHOT.jar:/home/runner/.m2/repository/io/apicurio/apicurio-data-models/2.2.2/apicurio-data-models-2.2.2.jar:/home/runner/.m2/repository/org/openapitools/openapidiff/openapi-diff-core/2.1.2/openapi-diff-core-2.1.2.jar:/home/runner/.m2/repository/io/swagger/parser/v3/swagger-parser/2.1.28/swagger-parser-2.1.28.jar:/home/runner/.m2/repository/io/swagger/parser/v3/swagger-parser-v2-converter/2.1.28/swagger-parser-v2-converter-2.1.28.jar:/home/runner/.m2/repository/io/swagger/swagger-core/1.6.16/swagger-core-1.6.16.jar:/home/runner/.m2/repository/io/swagger/swagger-models/1.6.16/swagger-models-1.6.16.jar:/home/runner/.m2/repository/io/swagger/swagger-annotations/1.6.16/swagger-annotations-1.6.16.jar:/home/runner/.m2/repository/io/swagger/swagger-parser/1.0.75/swagger-parser-1.0.75.jar:/home/runner/.m2/repository/io/swagger/swagger-parser-safe-url-resolver/1.0.75/swagger-parser-safe-url-resolver-1.0.75.jar:/home/runner/.m2/repository/io/swagger/swagger-compat-spec-parser/1.0.75/swagger-compat-spec-parser-1.0.75.jar:/home/runner/.m2/repository/com/github/java-json-tools/json-schema-validator/2.2.14/json-schema-validator-2.2.14.jar:/home/runner/.m2/repository/com/github/java-json-tools/jackson-coreutils-equivalence/1.0/jackson-coreutils-equivalence-1.0.jar:/home/runner/.m2/repository/com/github/java-json-tools/json-schema-core/1.2.14/json-schema-core-1.2.14.jar:/home/runner/.m2/repository/com/github/java-json-tools/uri-template/0.10/uri-template-0.10.jar:/home/runner/.m2/repository/com/googlecode/libphonenumber/libphonenumber/8.11.1/libphonenumber-8.11.1.jar:/home/runner/.m2/repository/com/j2html/j2html/1.6.0/j2html-1.6.0.jar:/home/runner/.m2/repository/org/apache/commons/commons-collections4/4.5.0/commons-collections4-4.5.0.jar:/home/runner/.m2/repository/org/slf4j/jcl-over-slf4j/2.0.17/jcl-over-slf4j-2.0.17.jar:/home/runner/.m2/repository/io/swagger/parser/v3/swagger-parser-v3/2.1.31/swagger-parser-v3-2.1.31.jar:/home/runner/.m2/repository/io/swagger/core/v3/swagger-models/2.2.34/swagger-models-2.2.34.jar:/home/runner/.m2/repository/io/swagger/core/v3/swagger-core/2.2.34/swagger-core-2.2.34.jar:/home/runner/.m2/repository/io/swagger/parser/v3/swagger-parser-core/2.1.31/swagger-parser-core-2.1.31.jar:/home/runner/.m2/repository/io/swagger/parser/v3/swagger-parser-safe-url-resolver/2.1.31/swagger-parser-safe-url-resolver-2.1.31.jar:/home/runner/work/apicurio-testing/apicurio-testing/clusters/ci419/namespaces/inmemory/tests/integration/apicurio-registry/schema-util/wsdl/target/apicurio-registry-schema-util-wsdl-3.0.12-SNAPSHOT.jar:/home/runner/.m2/repository/wsdl4j/wsdl4j/1.6.3/wsdl4j-1.6.3.jar:/home/runner/work/apicurio-testing/apicurio-testing/clusters/ci419/namespaces/inmemory/tests/integration/apicurio-registry/schema-util/xml/target/apicurio-registry-schema-util-xml-3.0.12-SNAPSHOT.jar:/home/runner/.m2/repository/org/apache/santuario/xmlsec/4.0.4/xmlsec-4.0.4.jar:/home/runner/.m2/repository/com/fasterxml/woodstox/woodstox-core/7.1.1/woodstox-core-7.1.1.jar:/home/runner/.m2/repository/org/codehaus/woodstox/stax2-api/4.2.2/stax2-api-4.2.2.jar:/home/runner/work/apicurio-testing/apicurio-testing/clusters/ci419/namespaces/inmemory/tests/integration/apicurio-registry/schema-util/xsd/target/apicurio-registry-schema-util-xsd-3.0.12-SNAPSHOT.jar:/home/runner/work/apicurio-testing/apicurio-testing/clusters/ci419/namespaces/inmemory/tests/integration/apicurio-registry/serdes/kafka/jsonschema-serde/target/apicurio-registry-jsonschema-serde-kafka-3.0.12-SNAPSHOT.jar:/home/runner/work/apicurio-testing/apicurio-testing/clusters/ci419/namespaces/inmemory/tests/integration/apicurio-registry/serdes/kafka/serde-kafka-common/target/apicurio-registry-serde-kafka-common-3.0.12-SNAPSHOT.jar:/home/runner/work/apicurio-testing/apicurio-testing/clusters/ci419/namespaces/inmemory/tests/integration/apicurio-registry/serdes/generic/serde-common/target/apicurio-registry-serde-common-3.0.12-SNAPSHOT.jar:/home/runner/work/apicurio-testing/apicurio-testing/clusters/ci419/namespaces/inmemory/tests/integration/apicurio-registry/serdes/generic/serde-common-jsonschema/target/apicurio-registry-serde-common-jsonschema-3.0.12-SNAPSHOT.jar:/home/runner/.m2/repository/org/json/json/20250107/json-20250107.jar:/home/runner/work/apicurio-testing/apicurio-testing/clusters/ci419/namespaces/inmemory/tests/integration/apicurio-registry/serdes/kafka/avro-serde/target/apicurio-registry-avro-serde-kafka-3.0.12-SNAPSHOT.jar:/home/runner/work/apicurio-testing/apicurio-testing/clusters/ci419/namespaces/inmemory/tests/integration/apicurio-registry/serdes/generic/serde-common-avro/target/apicurio-registry-serde-common-avro-3.0.12-SNAPSHOT.jar:/home/runner/work/apicurio-testing/apicurio-testing/clusters/ci419/namespaces/inmemory/tests/integration/apicurio-registry/serdes/kafka/protobuf-serde/target/apicurio-registry-protobuf-serde-kafka-3.0.12-SNAPSHOT.jar:/home/runner/work/apicurio-testing/apicurio-testing/clusters/ci419/namespaces/inmemory/tests/integration/apicurio-registry/serdes/generic/serde-common-protobuf/target/apicurio-registry-serde-common-protobuf-3.0.12-SNAPSHOT.jar:/home/runner/.m2/repository/com/squareup/wire/wire-schema/5.3.3/wire-schema-5.3.3.jar:/home/runner/.m2/repository/com/squareup/wire/wire-runtime/5.3.3/wire-runtime-5.3.3.jar:/home/runner/work/apicurio-testing/apicurio-testing/clusters/ci419/namespaces/inmemory/tests/integration/apicurio-registry/serdes/pulsar/avro-serde/target/apicurio-registry-avro-serde-pulsar-3.0.12-SNAPSHOT.jar:/home/runner/.m2/repository/org/apache/pulsar/pulsar-functions-api/3.3.8/pulsar-functions-api-3.3.8.jar:/home/runner/work/apicurio-testing/apicurio-testing/clusters/ci419/namespaces/inmemory/tests/integration/apicurio-registry/serdes/nats/avro-serde/target/apicurio-registry-avro-serde-nats-3.0.12-SNAPSHOT.jar:/home/runner/.m2/repository/io/nats/jnats/2.21.4/jnats-2.21.4.jar:/home/runner/.m2/repository/org/bouncycastle/bcprov-lts8on/2.73.7/bcprov-lts8on-2.73.7.jar:/home/runner/.m2/repository/org/jetbrains/annotations/26.0.2/annotations-26.0.2.jar:/home/runner/work/apicurio-testing/apicurio-testing/clusters/ci419/namespaces/inmemory/tests/integration/apicurio-registry/utils/converter/target/apicurio-registry-utils-converter-3.0.12-SNAPSHOT.jar:/home/runner/work/apicurio-testing/apicurio-testing/clusters/ci419/namespaces/inmemory/tests/integration/apicurio-registry/schema-resolver/target/apicurio-registry-schema-resolver-3.0.12-SNAPSHOT.jar:/home/runner/.m2/repository/org/apache/kafka/connect-api/3.9.1/connect-api-3.9.1.jar:/home/runner/.m2/repository/javax/ws/rs/javax.ws.rs-api/2.1.1/javax.ws.rs-api-2.1.1.jar:/home/runner/.m2/repository/org/apache/kafka/connect-json/3.9.1/connect-json-3.9.1.jar:/home/runner/.m2/repository/com/fasterxml/jackson/datatype/jackson-datatype-jdk8/2.18.2/jackson-datatype-jdk8-2.18.2.jar:/home/runner/.m2/repository/com/fasterxml/jackson/module/jackson-module-afterburner/2.18.2/jackson-module-afterburner-2.18.2.jar:/home/runner/work/apicurio-testing/apicurio-testing/clusters/ci419/namespaces/inmemory/tests/integration/apicurio-registry/utils/kafka/target/apicurio-registry-utils-kafka-3.0.12-SNAPSHOT.jar:/home/runner/.m2/repository/org/apache/pulsar/pulsar-client/3.3.8/pulsar-client-3.3.8.jar:/home/runner/.m2/repository/org/apache/pulsar/pulsar-client-api/3.3.8/pulsar-client-api-3.3.8.jar:/home/runner/.m2/repository/org/apache/pulsar/pulsar-client-admin-api/3.3.8/pulsar-client-admin-api-3.3.8.jar:/home/runner/.m2/repository/org/apache/pulsar/bouncy-castle-bc/3.3.8/bouncy-castle-bc-3.3.8-pkg.jar:/home/runner/.m2/repository/org/bouncycastle/bcpkix-jdk18on/1.81/bcpkix-jdk18on-1.81.jar:/home/runner/.m2/repository/org/bouncycastle/bcutil-jdk18on/1.81/bcutil-jdk18on-1.81.jar:/home/runner/.m2/repository/org/bouncycastle/bcprov-jdk18on/1.81/bcprov-jdk18on-1.81.jar:/home/runner/.m2/repository/io/opentelemetry/opentelemetry-api/1.44.1/opentelemetry-api-1.44.1.jar:/home/runner/.m2/repository/io/opentelemetry/opentelemetry-context/1.44.1/opentelemetry-context-1.44.1.jar:/home/runner/.m2/repository/io/opentelemetry/opentelemetry-api-incubator/1.44.1-alpha/opentelemetry-api-incubator-1.44.1-alpha.jar:/home/runner/.m2/repository/com/fasterxml/jackson/core/jackson-annotations/2.18.2/jackson-annotations-2.18.2.jar:/home/runner/.m2/repository/javax/validation/validation-api/1.1.0.Final/validation-api-1.1.0.Final.jar:/home/runner/.m2/repository/org/jspecify/jspecify/1.0.0/jspecify-1.0.0.jar:/home/runner/.m2/repository/org/apache/commons/commons-configuration2/2.12.0/commons-configuration2-2.12.0.jar:/home/runner/.m2/repository/commons-logging/commons-logging/1.3.5/commons-logging-1.3.5.jar:/home/runner/.m2/repository/org/apache/commons/commons-text/1.13.0/commons-text-1.13.0.jar:/home/runner/.m2/repository/io/confluent/kafka-avro-serializer/8.0.0/kafka-avro-serializer-8.0.0.jar:/home/runner/.m2/repository/org/apache/commons/commons-compress/1.27.1/commons-compress-1.27.1.jar:/home/runner/.m2/repository/io/confluent/kafka-schema-serializer/8.0.0/kafka-schema-serializer-8.0.0.jar:/home/runner/.m2/repository/com/fasterxml/jackson/dataformat/jackson-dataformat-csv/2.18.2/jackson-dataformat-csv-2.18.2.jar:/home/runner/.m2/repository/io/confluent/kafka-schema-registry-client/8.0.0/kafka-schema-registry-client-8.0.0.jar:/home/runner/.m2/repository/org/yaml/snakeyaml/2.3/snakeyaml-2.3.jar:/home/runner/.m2/repository/io/swagger/core/v3/swagger-annotations/2.2.29/swagger-annotations-2.2.29.jar:/home/runner/.m2/repository/com/google/guava/guava/33.4.0-jre/guava-33.4.0-jre.jar:/home/runner/.m2/repository/com/google/guava/failureaccess/1.0.1/failureaccess-1.0.1.jar:/home/runner/.m2/repository/org/checkerframework/checker-qual/3.49.0/checker-qual-3.49.0.jar:/home/runner/.m2/repository/io/confluent/logredactor/1.0.13/logredactor-1.0.13.jar:/home/runner/.m2/repository/com/google/re2j/re2j/1.6/re2j-1.6.jar:/home/runner/.m2/repository/io/confluent/logredactor-metrics/1.0.13/logredactor-metrics-1.0.13.jar:/home/runner/.m2/repository/com/eclipsesource/minimal-json/minimal-json/0.9.5/minimal-json-0.9.5.jar:/home/runner/.m2/repository/io/confluent/common-utils/8.0.0/common-utils-8.0.0.jar:/home/runner/.m2/repository/io/confluent/kafka-connect-avro-converter/8.0.0/kafka-connect-avro-converter-8.0.0.jar:/home/runner/.m2/repository/io/confluent/kafka-connect-avro-data/8.0.0/kafka-connect-avro-data-8.0.0.jar:/home/runner/.m2/repository/io/confluent/kafka-schema-converter/8.0.0/kafka-schema-converter-8.0.0.jar:/home/runner/.m2/repository/io/rest-assured/rest-assured/5.5.1/rest-assured-5.5.1.jar:/home/runner/.m2/repository/org/apache/groovy/groovy/4.0.22/groovy-4.0.22.jar:/home/runner/.m2/repository/org/apache/groovy/groovy-xml/4.0.22/groovy-xml-4.0.22.jar:/home/runner/.m2/repository/org/apache/httpcomponents/httpclient/4.5.14/httpclient-4.5.14.jar:/home/runner/.m2/repository/org/apache/httpcomponents/httpcore/4.4.16/httpcore-4.4.16.jar:/home/runner/.m2/repository/org/apache/httpcomponents/httpmime/4.5.14/httpmime-4.5.14.jar:/home/runner/.m2/repository/org/hamcrest/hamcrest/2.2/hamcrest-2.2.jar:/home/runner/.m2/repository/org/ccil/cowan/tagsoup/tagsoup/1.2.1/tagsoup-1.2.1.jar:/home/runner/.m2/repository/io/rest-assured/json-path/5.5.1/json-path-5.5.1.jar:/home/runner/.m2/repository/org/apache/groovy/groovy-json/4.0.22/groovy-json-4.0.22.jar:/home/runner/.m2/repository/io/rest-assured/rest-assured-common/5.5.1/rest-assured-common-5.5.1.jar:/home/runner/.m2/repository/io/rest-assured/xml-path/5.5.1/xml-path-5.5.1.jar:/home/runner/.m2/repository/io/zonky/test/embedded-postgres/2.1.0/embedded-postgres-2.1.0.jar:/home/runner/.m2/repository/io/zonky/test/postgres/embedded-postgres-binaries-windows-amd64/14.15.0/embedded-postgres-binaries-windows-amd64-14.15.0.jar:/home/runner/.m2/repository/io/zonky/test/postgres/embedded-postgres-binaries-darwin-amd64/14.15.0/embedded-postgres-binaries-darwin-amd64-14.15.0.jar:/home/runner/.m2/repository/io/zonky/test/postgres/embedded-postgres-binaries-linux-amd64/14.15.0/embedded-postgres-binaries-linux-amd64-14.15.0.jar:/home/runner/.m2/repository/io/zonky/test/postgres/embedded-postgres-binaries-linux-amd64-alpine/14.15.0/embedded-postgres-binaries-linux-amd64-alpine-14.15.0.jar:/home/runner/.m2/repository/org/apache/commons/commons-lang3/3.17.0/commons-lang3-3.17.0.jar:/home/runner/.m2/repository/org/tukaani/xz/1.10/xz-1.10.jar:/home/runner/.m2/repository/commons-codec/commons-codec/1.19.0/commons-codec-1.19.0.jar:/home/runner/.m2/repository/org/postgresql/postgresql/42.7.7/postgresql-42.7.7.jar:/home/runner/.m2/repository/commons-io/commons-io/2.18.0/commons-io-2.18.0.jar:/home/runner/work/apicurio-testing/apicurio-testing/clusters/ci419/namespaces/inmemory/tests/integration/apicurio-registry/utils/importexport/target/apicurio-registry-utils-import-export-3.0.12-SNAPSHOT.jar:/home/runner/.m2/repository/io/vertx/vertx-core/4.5.16/vertx-core-4.5.16.jar:/home/runner/.m2/repository/io/netty/netty-common/4.1.121.Final/netty-common-4.1.121.Final.jar:/home/runner/.m2/repository/io/netty/netty-buffer/4.1.121.Final/netty-buffer-4.1.121.Final.jar:/home/runner/.m2/repository/io/netty/netty-transport/4.1.121.Final/netty-transport-4.1.121.Final.jar:/home/runner/.m2/repository/io/netty/netty-handler/4.1.121.Final/netty-handler-4.1.121.Final.jar:/home/runner/.m2/repository/io/netty/netty-transport-native-unix-common/4.1.121.Final/netty-transport-native-unix-common-4.1.121.Final.jar:/home/runner/.m2/repository/io/netty/netty-codec/4.1.121.Final/netty-codec-4.1.121.Final.jar:/home/runner/.m2/repository/io/netty/netty-handler-proxy/4.1.121.Final/netty-handler-proxy-4.1.121.Final.jar:/home/runner/.m2/repository/io/netty/netty-codec-socks/4.1.121.Final/netty-codec-socks-4.1.121.Final.jar:/home/runner/.m2/repository/io/netty/netty-codec-http/4.1.121.Final/netty-codec-http-4.1.121.Final.jar:/home/runner/.m2/repository/io/netty/netty-codec-http2/4.1.121.Final/netty-codec-http2-4.1.121.Final.jar:/home/runner/.m2/repository/io/netty/netty-resolver/4.1.121.Final/netty-resolver-4.1.121.Final.jar:/home/runner/.m2/repository/io/netty/netty-resolver-dns/4.1.121.Final/netty-resolver-dns-4.1.121.Final.jar:/home/runner/.m2/repository/io/netty/netty-codec-dns/4.1.121.Final/netty-codec-dns-4.1.121.Final.jar:/home/runner/.m2/repository/com/fasterxml/jackson/core/jackson-core/2.18.2/jackson-core-2.18.2.jar:"/>
    <property name="java.vm.vendor" value="Eclipse Adoptium"/>
    <property name="maven.javadoc.skip" value="true"/>
    <property name="sun.arch.data.model" value="64"/>
    <property name="java.vendor.url" value="https://adoptium.net/"/>
    <property name="user.timezone" value="Etc/UTC"/>
    <property name="os.name" value="Linux"/>
    <property name="java.vm.specification.version" value="17"/>
    <property name="sun.java.launcher" value="SUN_STANDARD"/>
    <property name="quarkus.http.test-port" value="80"/>
    <property name="sun.boot.library.path" value="/usr/lib/jvm/temurin-17-jdk-amd64/lib"/>
    <property name="sun.java.command" value="/home/runner/work/apicurio-testing/apicurio-testing/clusters/ci419/namespaces/inmemory/tests/integration/apicurio-registry/integration-tests/target/surefire/surefirebooter-20250806184943074_3.jar /home/runner/work/apicurio-testing/apicurio-testing/clusters/ci419/namespaces/inmemory/tests/integration/apicurio-registry/integration-tests/target/surefire 2025-08-06T18-49-42_968-jvmRun1 surefire-20250806184943074_1tmp surefire_0-20250806184943074_2tmp"/>
    <property name="maven.home" value="/home/runner/.m2/wrapper/dists/apache-maven-3.9.8-bin/4fnp1ql35bgk2a0p7m31ovbgb0/apache-maven-3.9.8"/>
    <property name="jdk.debug" value="release"/>
    <property name="surefire.test.class.path" value="/home/runner/work/apicurio-testing/apicurio-testing/clusters/ci419/namespaces/inmemory/tests/integration/apicurio-registry/integration-tests/target/test-classes:/home/runner/work/apicurio-testing/apicurio-testing/clusters/ci419/namespaces/inmemory/tests/integration/apicurio-registry/integration-tests/target/apicurio-registry-integration-tests-3.0.12-SNAPSHOT.jar:/home/runner/.m2/repository/io/quarkus/quarkus-junit5/3.20.2/quarkus-junit5-3.20.2.jar:/home/runner/.m2/repository/io/quarkus/quarkus-bootstrap-core/3.20.2/quarkus-bootstrap-core-3.20.2.jar:/home/runner/.m2/repository/io/quarkus/quarkus-classloader-commons/3.20.2/quarkus-classloader-commons-3.20.2.jar:/home/runner/.m2/repository/io/quarkus/quarkus-bootstrap-app-model/3.20.2/quarkus-bootstrap-app-model-3.20.2.jar:/home/runner/.m2/repository/io/smallrye/common/smallrye-common-io/2.12.0/smallrye-common-io-2.12.0.jar:/home/runner/.m2/repository/org/eclipse/sisu/org.eclipse.sisu.inject/0.9.0.M3/org.eclipse.sisu.inject-0.9.0.M3.jar:/home/runner/.m2/repository/io/quarkus/quarkus-test-common/3.20.2/quarkus-test-common-3.20.2.jar:/home/runner/.m2/repository/io/quarkus/quarkus-core-deployment/3.20.2/quarkus-core-deployment-3.20.2.jar:/home/runner/.m2/repository/org/aesh/readline/2.6/readline-2.6.jar:/home/runner/.m2/repository/org/fusesource/jansi/jansi/2.4.0/jansi-2.4.0.jar:/home/runner/.m2/repository/org/aesh/aesh/2.8.2/aesh-2.8.2.jar:/home/runner/.m2/repository/io/quarkus/gizmo/gizmo/1.8.0/gizmo-1.8.0.jar:/home/runner/.m2/repository/org/ow2/asm/asm-util/9.7.1/asm-util-9.7.1.jar:/home/runner/.m2/repository/org/ow2/asm/asm-analysis/9.7.1/asm-analysis-9.7.1.jar:/home/runner/.m2/repository/org/ow2/asm/asm-commons/9.7.1/asm-commons-9.7.1.jar:/home/runner/.m2/repository/org/ow2/asm/asm-tree/9.7.1/asm-tree-9.7.1.jar:/home/runner/.m2/repository/io/quarkus/quarkus-hibernate-validator-spi/3.20.2/quarkus-hibernate-validator-spi-3.20.2.jar:/home/runner/.m2/repository/io/quarkus/quarkus-class-change-agent/3.20.2/quarkus-class-change-agent-3.20.2.jar:/home/runner/.m2/repository/io/quarkus/quarkus-devtools-utilities/3.20.2/quarkus-devtools-utilities-3.20.2.jar:/home/runner/.m2/repository/io/quarkus/quarkus-builder/3.20.2/quarkus-builder-3.20.2.jar:/home/runner/.m2/repository/org/graalvm/sdk/nativeimage/23.1.2/nativeimage-23.1.2.jar:/home/runner/.m2/repository/org/graalvm/sdk/word/23.1.2/word-23.1.2.jar:/home/runner/.m2/repository/io/quarkus/quarkus-bootstrap-maven-resolver/3.20.2/quarkus-bootstrap-maven-resolver-3.20.2.jar:/home/runner/.m2/repository/io/smallrye/beanbag/smallrye-beanbag-maven/1.5.2/smallrye-beanbag-maven-1.5.2.jar:/home/runner/.m2/repository/io/smallrye/beanbag/smallrye-beanbag-sisu/1.5.2/smallrye-beanbag-sisu-1.5.2.jar:/home/runner/.m2/repository/io/smallrye/beanbag/smallrye-beanbag/1.5.2/smallrye-beanbag-1.5.2.jar:/home/runner/.m2/repository/javax/inject/javax.inject/1/javax.inject-1.jar:/home/runner/.m2/repository/org/apache/maven/maven-artifact/3.9.9/maven-artifact-3.9.9.jar:/home/runner/.m2/repository/org/apache/maven/maven-builder-support/3.9.9/maven-builder-support-3.9.9.jar:/home/runner/.m2/repository/org/apache/maven/maven-model/3.9.9/maven-model-3.9.9.jar:/home/runner/.m2/repository/org/apache/maven/maven-model-builder/3.9.9/maven-model-builder-3.9.9.jar:/home/runner/.m2/repository/org/apache/maven/maven-repository-metadata/3.9.9/maven-repository-metadata-3.9.9.jar:/home/runner/.m2/repository/org/apache/maven/maven-settings/3.9.9/maven-settings-3.9.9.jar:/home/runner/.m2/repository/org/apache/maven/resolver/maven-resolver-api/1.9.22/maven-resolver-api-1.9.22.jar:/home/runner/.m2/repository/org/apache/maven/resolver/maven-resolver-impl/1.9.22/maven-resolver-impl-1.9.22.jar:/home/runner/.m2/repository/org/apache/maven/resolver/maven-resolver-named-locks/1.9.22/maven-resolver-named-locks-1.9.22.jar:/home/runner/.m2/repository/org/apache/maven/resolver/maven-resolver-spi/1.9.22/maven-resolver-spi-1.9.22.jar:/home/runner/.m2/repository/org/apache/maven/resolver/maven-resolver-util/1.9.22/maven-resolver-util-1.9.22.jar:/home/runner/.m2/repository/org/apache/maven/resolver/maven-resolver-transport-http/1.9.20/maven-resolver-transport-http-1.9.20.jar:/home/runner/.m2/repository/org/apache/maven/wagon/wagon-provider-api/3.5.3/wagon-provider-api-3.5.3.jar:/home/runner/.m2/repository/org/apache/maven/wagon/wagon-http-shared/3.5.3/wagon-http-shared-3.5.3.jar:/home/runner/.m2/repository/org/codehaus/plexus/plexus-interpolation/1.26/plexus-interpolation-1.26.jar:/home/runner/.m2/repository/org/codehaus/plexus/plexus-utils/3.5.1/plexus-utils-3.5.1.jar:/home/runner/.m2/repository/org/codehaus/plexus/plexus-xml/4.0.1/plexus-xml-4.0.1.jar:/home/runner/.m2/repository/org/apache/maven/maven-xml-impl/4.0.0-alpha-5/maven-xml-impl-4.0.0-alpha-5.jar:/home/runner/.m2/repository/org/apache/maven/maven-api-xml/4.0.0-alpha-5/maven-api-xml-4.0.0-alpha-5.jar:/home/runner/.m2/repository/org/apache/maven/maven-api-meta/4.0.0-alpha-5/maven-api-meta-4.0.0-alpha-5.jar:/home/runner/.m2/repository/org/codehaus/plexus/plexus-cipher/2.0/plexus-cipher-2.0.jar:/home/runner/.m2/repository/org/codehaus/plexus/plexus-sec-dispatcher/2.0/plexus-sec-dispatcher-2.0.jar:/home/runner/.m2/repository/org/apache/maven/maven-embedder/3.9.9/maven-embedder-3.9.9.jar:/home/runner/.m2/repository/org/apache/maven/maven-core/3.9.9/maven-core-3.9.9.jar:/home/runner/.m2/repository/org/codehaus/plexus/plexus-component-annotations/2.1.0/plexus-component-annotations-2.1.0.jar:/home/runner/.m2/repository/org/apache/maven/maven-plugin-api/3.9.9/maven-plugin-api-3.9.9.jar:/home/runner/.m2/repository/org/apache/maven/shared/maven-shared-utils/3.4.2/maven-shared-utils-3.4.2.jar:/home/runner/.m2/repository/com/google/inject/guice/5.1.0/guice-5.1.0.jar:/home/runner/.m2/repository/aopalliance/aopalliance/1.0/aopalliance-1.0.jar:/home/runner/.m2/repository/org/codehaus/plexus/plexus-classworlds/2.6.0/plexus-classworlds-2.6.0.jar:/home/runner/.m2/repository/commons-cli/commons-cli/1.8.0/commons-cli-1.8.0.jar:/home/runner/.m2/repository/org/eclipse/sisu/org.eclipse.sisu.plexus/0.9.0.M3/org.eclipse.sisu.plexus-0.9.0.M3.jar:/home/runner/.m2/repository/org/apache/maven/maven-settings-builder/3.9.9/maven-settings-builder-3.9.9.jar:/home/runner/.m2/repository/org/apache/maven/maven-resolver-provider/3.9.9/maven-resolver-provider-3.9.9.jar:/home/runner/.m2/repository/org/apache/maven/resolver/maven-resolver-connector-basic/1.9.22/maven-resolver-connector-basic-1.9.22.jar:/home/runner/.m2/repository/org/apache/maven/resolver/maven-resolver-transport-wagon/1.9.22/maven-resolver-transport-wagon-1.9.22.jar:/home/runner/.m2/repository/org/apache/maven/wagon/wagon-http/3.5.3/wagon-http-3.5.3.jar:/home/runner/.m2/repository/org/apache/maven/wagon/wagon-file/3.5.3/wagon-file-3.5.3.jar:/home/runner/.m2/repository/io/quarkus/quarkus-bootstrap-gradle-resolver/3.20.2/quarkus-bootstrap-gradle-resolver-3.20.2.jar:/home/runner/.m2/repository/io/smallrye/jandex/3.3.0/jandex-3.3.0.jar:/home/runner/.m2/repository/org/jboss/logging/commons-logging-jboss-logging/1.0.0.Final/commons-logging-jboss-logging-1.0.0.Final.jar:/home/runner/.m2/repository/io/quarkus/quarkus-junit5-config/3.20.2/quarkus-junit5-config-3.20.2.jar:/home/runner/.m2/repository/org/junit/jupiter/junit-jupiter-api/5.12.1/junit-jupiter-api-5.12.1.jar:/home/runner/.m2/repository/io/smallrye/config/smallrye-config/3.11.4/smallrye-config-3.11.4.jar:/home/runner/.m2/repository/io/smallrye/config/smallrye-config-core/3.11.4/smallrye-config-core-3.11.4.jar:/home/runner/.m2/repository/io/smallrye/common/smallrye-common-classloader/2.12.0/smallrye-common-classloader-2.12.0.jar:/home/runner/.m2/repository/io/smallrye/config/smallrye-config-common/3.11.4/smallrye-config-common-3.11.4.jar:/home/runner/.m2/repository/org/junit/jupiter/junit-jupiter/5.12.1/junit-jupiter-5.12.1.jar:/home/runner/.m2/repository/org/junit/jupiter/junit-jupiter-params/5.12.1/junit-jupiter-params-5.12.1.jar:/home/runner/.m2/repository/org/junit/jupiter/junit-jupiter-engine/5.12.1/junit-jupiter-engine-5.12.1.jar:/home/runner/.m2/repository/io/quarkus/quarkus-core/3.20.2/quarkus-core-3.20.2.jar:/home/runner/.m2/repository/jakarta/enterprise/jakarta.enterprise.cdi-api/4.1.0/jakarta.enterprise.cdi-api-4.1.0.jar:/home/runner/.m2/repository/jakarta/enterprise/jakarta.enterprise.lang-model/4.1.0/jakarta.enterprise.lang-model-4.1.0.jar:/home/runner/.m2/repository/jakarta/el/jakarta.el-api/5.0.1/jakarta.el-api-5.0.1.jar:/home/runner/.m2/repository/jakarta/interceptor/jakarta.interceptor-api/2.2.0/jakarta.interceptor-api-2.2.0.jar:/home/runner/.m2/repository/jakarta/inject/jakarta.inject-api/2.0.1/jakarta.inject-api-2.0.1.jar:/home/runner/.m2/repository/io/smallrye/common/smallrye-common-os/2.12.0/smallrye-common-os-2.12.0.jar:/home/runner/.m2/repository/io/quarkus/quarkus-ide-launcher/3.20.2/quarkus-ide-launcher-3.20.2.jar:/home/runner/.m2/repository/io/quarkus/quarkus-development-mode-spi/3.20.2/quarkus-development-mode-spi-3.20.2.jar:/home/runner/.m2/repository/org/jboss/logging/jboss-logging/3.6.1.Final/jboss-logging-3.6.1.Final.jar:/home/runner/.m2/repository/org/jboss/logmanager/jboss-logmanager/3.1.2.Final/jboss-logmanager-3.1.2.Final.jar:/home/runner/.m2/repository/io/smallrye/common/smallrye-common-constraint/2.12.0/smallrye-common-constraint-2.12.0.jar:/home/runner/.m2/repository/io/smallrye/common/smallrye-common-cpu/2.12.0/smallrye-common-cpu-2.12.0.jar:/home/runner/.m2/repository/io/smallrye/common/smallrye-common-expression/2.12.0/smallrye-common-expression-2.12.0.jar:/home/runner/.m2/repository/io/smallrye/common/smallrye-common-net/2.12.0/smallrye-common-net-2.12.0.jar:/home/runner/.m2/repository/io/smallrye/common/smallrye-common-ref/2.12.0/smallrye-common-ref-2.12.0.jar:/home/runner/.m2/repository/jakarta/json/jakarta.json-api/2.1.3/jakarta.json-api-2.1.3.jar:/home/runner/.m2/repository/org/eclipse/parsson/parsson/1.1.7/parsson-1.1.7.jar:/home/runner/.m2/repository/org/jboss/logging/jboss-logging-annotations/3.0.4.Final/jboss-logging-annotations-3.0.4.Final.jar:/home/runner/.m2/repository/org/jboss/threads/jboss-threads/3.8.0.Final/jboss-threads-3.8.0.Final.jar:/home/runner/.m2/repository/io/smallrye/common/smallrye-common-annotation/2.12.0/smallrye-common-annotation-2.12.0.jar:/home/runner/.m2/repository/io/smallrye/common/smallrye-common-function/2.12.0/smallrye-common-function-2.12.0.jar:/home/runner/.m2/repository/org/jboss/slf4j/slf4j-jboss-logmanager/2.0.0.Final/slf4j-jboss-logmanager-2.0.0.Final.jar:/home/runner/.m2/repository/org/wildfly/common/wildfly-common/2.0.1/wildfly-common-2.0.1.jar:/home/runner/.m2/repository/io/quarkus/quarkus-bootstrap-runner/3.20.2/quarkus-bootstrap-runner-3.20.2.jar:/home/runner/.m2/repository/io/github/crac/org-crac/0.1.3/org-crac-0.1.3.jar:/home/runner/.m2/repository/io/quarkus/quarkus-fs-util/0.0.10/quarkus-fs-util-0.0.10.jar:/home/runner/.m2/repository/org/jboss/marshalling/jboss-marshalling/2.2.2.Final/jboss-marshalling-2.2.2.Final.jar:/home/runner/.m2/repository/io/fabric8/kubernetes-client/7.1.0/kubernetes-client-7.1.0.jar:/home/runner/.m2/repository/io/fabric8/kubernetes-client-api/7.1.0/kubernetes-client-api-7.1.0.jar:/home/runner/.m2/repository/io/fabric8/kubernetes-model-core/7.1.0/kubernetes-model-core-7.1.0.jar:/home/runner/.m2/repository/io/fabric8/kubernetes-model-common/7.1.0/kubernetes-model-common-7.1.0.jar:/home/runner/.m2/repository/javax/annotation/javax.annotation-api/1.3.2/javax.annotation-api-1.3.2.jar:/home/runner/.m2/repository/io/fabric8/kubernetes-model-gatewayapi/7.1.0/kubernetes-model-gatewayapi-7.1.0.jar:/home/runner/.m2/repository/io/fabric8/kubernetes-model-resource/7.1.0/kubernetes-model-resource-7.1.0.jar:/home/runner/.m2/repository/io/fabric8/kubernetes-model-rbac/7.1.0/kubernetes-model-rbac-7.1.0.jar:/home/runner/.m2/repository/io/fabric8/kubernetes-model-admissionregistration/7.1.0/kubernetes-model-admissionregistration-7.1.0.jar:/home/runner/.m2/repository/io/fabric8/kubernetes-model-apps/7.1.0/kubernetes-model-apps-7.1.0.jar:/home/runner/.m2/repository/io/fabric8/kubernetes-model-autoscaling/7.1.0/kubernetes-model-autoscaling-7.1.0.jar:/home/runner/.m2/repository/io/fabric8/kubernetes-model-apiextensions/7.1.0/kubernetes-model-apiextensions-7.1.0.jar:/home/runner/.m2/repository/io/fabric8/kubernetes-model-batch/7.1.0/kubernetes-model-batch-7.1.0.jar:/home/runner/.m2/repository/io/fabric8/kubernetes-model-certificates/7.1.0/kubernetes-model-certificates-7.1.0.jar:/home/runner/.m2/repository/io/fabric8/kubernetes-model-coordination/7.1.0/kubernetes-model-coordination-7.1.0.jar:/home/runner/.m2/repository/io/fabric8/kubernetes-model-discovery/7.1.0/kubernetes-model-discovery-7.1.0.jar:/home/runner/.m2/repository/io/fabric8/kubernetes-model-events/7.1.0/kubernetes-model-events-7.1.0.jar:/home/runner/.m2/repository/io/fabric8/kubernetes-model-extensions/7.1.0/kubernetes-model-extensions-7.1.0.jar:/home/runner/.m2/repository/io/fabric8/kubernetes-model-flowcontrol/7.1.0/kubernetes-model-flowcontrol-7.1.0.jar:/home/runner/.m2/repository/io/fabric8/kubernetes-model-networking/7.1.0/kubernetes-model-networking-7.1.0.jar:/home/runner/.m2/repository/io/fabric8/kubernetes-model-metrics/7.1.0/kubernetes-model-metrics-7.1.0.jar:/home/runner/.m2/repository/io/fabric8/kubernetes-model-policy/7.1.0/kubernetes-model-policy-7.1.0.jar:/home/runner/.m2/repository/io/fabric8/kubernetes-model-scheduling/7.1.0/kubernetes-model-scheduling-7.1.0.jar:/home/runner/.m2/repository/io/fabric8/kubernetes-model-storageclass/7.1.0/kubernetes-model-storageclass-7.1.0.jar:/home/runner/.m2/repository/io/fabric8/kubernetes-model-node/7.1.0/kubernetes-model-node-7.1.0.jar:/home/runner/.m2/repository/org/snakeyaml/snakeyaml-engine/2.9/snakeyaml-engine-2.9.jar:/home/runner/.m2/repository/com/fasterxml/jackson/dataformat/jackson-dataformat-yaml/2.18.2/jackson-dataformat-yaml-2.18.2.jar:/home/runner/.m2/repository/com/fasterxml/jackson/datatype/jackson-datatype-jsr310/2.18.2/jackson-datatype-jsr310-2.18.2.jar:/home/runner/.m2/repository/io/fabric8/zjsonpatch/7.1.0/zjsonpatch-7.1.0.jar:/home/runner/.m2/repository/io/fabric8/kubernetes-httpclient-vertx/7.1.0/kubernetes-httpclient-vertx-7.1.0.jar:/home/runner/.m2/repository/io/vertx/vertx-web-client/4.5.16/vertx-web-client-4.5.16.jar:/home/runner/.m2/repository/io/vertx/vertx-web-common/4.5.16/vertx-web-common-4.5.16.jar:/home/runner/.m2/repository/io/vertx/vertx-auth-common/4.5.16/vertx-auth-common-4.5.16.jar:/home/runner/.m2/repository/io/vertx/vertx-uri-template/4.5.16/vertx-uri-template-4.5.16.jar:/home/runner/.m2/repository/io/fabric8/openshift-client/7.1.0/openshift-client-7.1.0.jar:/home/runner/.m2/repository/io/fabric8/openshift-client-api/7.1.0/openshift-client-api-7.1.0.jar:/home/runner/.m2/repository/io/fabric8/openshift-model/7.1.0/openshift-model-7.1.0.jar:/home/runner/.m2/repository/io/fabric8/openshift-model-autoscaling/7.1.0/openshift-model-autoscaling-7.1.0.jar:/home/runner/.m2/repository/io/fabric8/openshift-model-operator/7.1.0/openshift-model-operator-7.1.0.jar:/home/runner/.m2/repository/io/fabric8/openshift-model-operatorhub/7.1.0/openshift-model-operatorhub-7.1.0.jar:/home/runner/.m2/repository/io/fabric8/openshift-model-machine/7.1.0/openshift-model-machine-7.1.0.jar:/home/runner/.m2/repository/io/fabric8/openshift-model-whereabouts/7.1.0/openshift-model-whereabouts-7.1.0.jar:/home/runner/.m2/repository/io/fabric8/openshift-model-monitoring/7.1.0/openshift-model-monitoring-7.1.0.jar:/home/runner/.m2/repository/io/fabric8/openshift-model-storageversionmigrator/7.1.0/openshift-model-storageversionmigrator-7.1.0.jar:/home/runner/.m2/repository/io/fabric8/openshift-model-tuned/7.1.0/openshift-model-tuned-7.1.0.jar:/home/runner/.m2/repository/io/fabric8/openshift-model-console/7.1.0/openshift-model-console-7.1.0.jar:/home/runner/.m2/repository/io/fabric8/openshift-model-config/7.1.0/openshift-model-config-7.1.0.jar:/home/runner/.m2/repository/io/fabric8/openshift-model-machineconfiguration/7.1.0/openshift-model-machineconfiguration-7.1.0.jar:/home/runner/.m2/repository/io/fabric8/openshift-model-miscellaneous/7.1.0/openshift-model-miscellaneous-7.1.0.jar:/home/runner/.m2/repository/io/fabric8/openshift-model-hive/7.1.0/openshift-model-hive-7.1.0.jar:/home/runner/.m2/repository/io/fabric8/openshift-model-installer/7.1.0/openshift-model-installer-7.1.0.jar:/home/runner/.m2/repository/org/junit/platform/junit-platform-launcher/1.12.1/junit-platform-launcher-1.12.1.jar:/home/runner/.m2/repository/org/junit/platform/junit-platform-engine/1.12.1/junit-platform-engine-1.12.1.jar:/home/runner/.m2/repository/org/opentest4j/opentest4j/1.3.0/opentest4j-1.3.0.jar:/home/runner/.m2/repository/org/junit/platform/junit-platform-commons/1.12.1/junit-platform-commons-1.12.1.jar:/home/runner/.m2/repository/org/apiguardian/apiguardian-api/1.1.2/apiguardian-api-1.1.2.jar:/home/runner/.m2/repository/jakarta/ws/rs/jakarta.ws.rs-api/3.1.0/jakarta.ws.rs-api-3.1.0.jar:/home/runner/work/apicurio-testing/apicurio-testing/clusters/ci419/namespaces/inmemory/tests/integration/apicurio-registry/java-sdk/target/apicurio-registry-java-sdk-3.0.12-SNAPSHOT.jar:/home/runner/.m2/repository/com/microsoft/kiota/microsoft-kiota-abstractions/1.8.8/microsoft-kiota-abstractions-1.8.8.jar:/home/runner/.m2/repository/io/github/std-uritemplate/std-uritemplate/2.0.0/std-uritemplate-2.0.0.jar:/home/runner/.m2/repository/io/kiota/kiota-http-jdk/0.0.29/kiota-http-jdk-0.0.29.jar:/home/runner/.m2/repository/io/kiota/kiota-http-vertx/0.0.29/kiota-http-vertx-0.0.29.jar:/home/runner/.m2/repository/io/kiota/kiota-serialization-jackson/0.0.29/kiota-serialization-jackson-0.0.29.jar:/home/runner/.m2/repository/com/microsoft/kiota/microsoft-kiota-serialization-text/1.8.8/microsoft-kiota-serialization-text-1.8.8.jar:/home/runner/.m2/repository/com/microsoft/kiota/microsoft-kiota-serialization-form/1.8.8/microsoft-kiota-serialization-form-1.8.8.jar:/home/runner/.m2/repository/com/microsoft/kiota/microsoft-kiota-serialization-multipart/1.8.8/microsoft-kiota-serialization-multipart-1.8.8.jar:/home/runner/.m2/repository/jakarta/annotation/jakarta.annotation-api/3.0.0/jakarta.annotation-api-3.0.0.jar:/home/runner/.m2/repository/io/vertx/vertx-auth-oauth2/4.5.16/vertx-auth-oauth2-4.5.16.jar:/home/runner/work/apicurio-testing/apicurio-testing/clusters/ci419/namespaces/inmemory/tests/integration/apicurio-registry/java-sdk-v2/target/apicurio-registry-v2-java-sdk-3.0.12-SNAPSHOT.jar:/home/runner/work/apicurio-testing/apicurio-testing/clusters/ci419/namespaces/inmemory/tests/integration/apicurio-registry/utils/kafka/target/apicurio-registry-utils-kafka-3.0.12-SNAPSHOT-tests.jar:/home/runner/.m2/repository/org/eclipse/microprofile/config/microprofile-config-api/3.1/microprofile-config-api-3.1.jar:/home/runner/.m2/repository/org/apache/kafka/kafka-clients/3.9.1/kafka-clients-3.9.1.jar:/home/runner/.m2/repository/com/github/luben/zstd-jni/1.5.6-4/zstd-jni-1.5.6-4.jar:/home/runner/.m2/repository/org/lz4/lz4-java/1.8.0/lz4-java-1.8.0.jar:/home/runner/.m2/repository/org/xerial/snappy/snappy-java/1.1.10.5/snappy-java-1.1.10.5.jar:/home/runner/.m2/repository/org/slf4j/slf4j-api/2.0.6/slf4j-api-2.0.6.jar:/home/runner/work/apicurio-testing/apicurio-testing/clusters/ci419/namespaces/inmemory/tests/integration/apicurio-registry/utils/tests/target/apicurio-registry-utils-tests-3.0.12-SNAPSHOT.jar:/home/runner/work/apicurio-testing/apicurio-testing/clusters/ci419/namespaces/inmemory/tests/integration/apicurio-registry/common/target/apicurio-registry-common-3.0.12-SNAPSHOT.jar:/home/runner/.m2/repository/jakarta/validation/jakarta.validation-api/3.0.2/jakarta.validation-api-3.0.2.jar:/home/runner/.m2/repository/com/github/dasniko/testcontainers-keycloak/3.8.0/testcontainers-keycloak-3.8.0.jar:/home/runner/.m2/repository/org/testcontainers/testcontainers/1.20.6/testcontainers-1.20.6.jar:/home/runner/.m2/repository/org/rnorth/duct-tape/duct-tape/1.0.8/duct-tape-1.0.8.jar:/home/runner/.m2/repository/com/github/docker-java/docker-java-transport-zerodep/3.4.1/docker-java-transport-zerodep-3.4.1.jar:/home/runner/.m2/repository/com/github/docker-java/docker-java-transport/3.4.1/docker-java-transport-3.4.1.jar:/home/runner/.m2/repository/net/java/dev/jna/jna/5.8.0/jna-5.8.0.jar:/home/runner/.m2/repository/io/quarkus/quarkus-junit4-mock/3.20.2/quarkus-junit4-mock-3.20.2.jar:/home/runner/.m2/repository/org/jboss/shrinkwrap/shrinkwrap-api/2.0.0-beta-2/shrinkwrap-api-2.0.0-beta-2.jar:/home/runner/.m2/repository/org/jboss/shrinkwrap/shrinkwrap-impl-base/2.0.0-beta-2/shrinkwrap-impl-base-2.0.0-beta-2.jar:/home/runner/.m2/repository/org/jboss/shrinkwrap/shrinkwrap-spi/2.0.0-beta-2/shrinkwrap-spi-2.0.0-beta-2.jar:/home/runner/.m2/repository/org/keycloak/keycloak-admin-client/26.0.4/keycloak-admin-client-26.0.4.jar:/home/runner/.m2/repository/org/keycloak/keycloak-client-common-synced/26.0.4/keycloak-client-common-synced-26.0.4.jar:/home/runner/.m2/repository/jakarta/activation/jakarta.activation-api/2.1.3/jakarta.activation-api-2.1.3.jar:/home/runner/.m2/repository/org/eclipse/microprofile/openapi/microprofile-openapi-api/4.0.2/microprofile-openapi-api-4.0.2.jar:/home/runner/.m2/repository/org/jboss/resteasy/resteasy-client/6.2.12.Final/resteasy-client-6.2.12.Final.jar:/home/runner/.m2/repository/org/jboss/resteasy/resteasy-client-api/6.2.12.Final/resteasy-client-api-6.2.12.Final.jar:/home/runner/.m2/repository/org/jboss/resteasy/resteasy-core-spi/6.2.12.Final/resteasy-core-spi-6.2.12.Final.jar:/home/runner/.m2/repository/org/jboss/resteasy/resteasy-core/6.2.12.Final/resteasy-core-6.2.12.Final.jar:/home/runner/.m2/repository/org/eclipse/angus/angus-activation/2.0.2/angus-activation-2.0.2.jar:/home/runner/.m2/repository/com/ibm/async/asyncutil/0.1.0/asyncutil-0.1.0.jar:/home/runner/.m2/repository/org/reactivestreams/reactive-streams/1.0.4/reactive-streams-1.0.4.jar:/home/runner/.m2/repository/org/jboss/resteasy/resteasy-multipart-provider/6.2.12.Final/resteasy-multipart-provider-6.2.12.Final.jar:/home/runner/.m2/repository/jakarta/mail/jakarta.mail-api/2.1.3/jakarta.mail-api-2.1.3.jar:/home/runner/.m2/repository/org/eclipse/angus/angus-mail/2.0.3/angus-mail-2.0.3.jar:/home/runner/.m2/repository/org/apache/james/apache-mime4j-dom/0.8.12/apache-mime4j-dom-0.8.12.jar:/home/runner/.m2/repository/org/apache/james/apache-mime4j-core/0.8.12/apache-mime4j-core-0.8.12.jar:/home/runner/.m2/repository/org/apache/james/apache-mime4j-storage/0.8.12/apache-mime4j-storage-0.8.12.jar:/home/runner/.m2/repository/org/jboss/resteasy/resteasy-jackson2-provider/6.2.12.Final/resteasy-jackson2-provider-6.2.12.Final.jar:/home/runner/.m2/repository/com/fasterxml/jackson/jakarta/rs/jackson-jakarta-rs-base/2.18.2/jackson-jakarta-rs-base-2.18.2.jar:/home/runner/.m2/repository/com/fasterxml/jackson/jakarta/rs/jackson-jakarta-rs-json-provider/2.18.2/jackson-jakarta-rs-json-provider-2.18.2.jar:/home/runner/.m2/repository/com/fasterxml/jackson/module/jackson-module-jakarta-xmlbind-annotations/2.18.2/jackson-module-jakarta-xmlbind-annotations-2.18.2.jar:/home/runner/.m2/repository/com/github/java-json-tools/json-patch/1.13/json-patch-1.13.jar:/home/runner/.m2/repository/com/github/java-json-tools/msg-simple/1.2/msg-simple-1.2.jar:/home/runner/.m2/repository/com/github/java-json-tools/btf/1.3/btf-1.3.jar:/home/runner/.m2/repository/com/github/java-json-tools/jackson-coreutils/2.0/jackson-coreutils-2.0.jar:/home/runner/.m2/repository/org/jboss/resteasy/resteasy-jaxb-provider/6.2.12.Final/resteasy-jaxb-provider-6.2.12.Final.jar:/home/runner/.m2/repository/org/glassfish/jaxb/codemodel/4.0.5/codemodel-4.0.5.jar:/home/runner/.m2/repository/org/glassfish/jaxb/jaxb-core/4.0.5/jaxb-core-4.0.5.jar:/home/runner/.m2/repository/org/glassfish/jaxb/jaxb-jxc/4.0.5/jaxb-jxc-4.0.5.jar:/home/runner/.m2/repository/org/glassfish/jaxb/jaxb-runtime/4.0.5/jaxb-runtime-4.0.5.jar:/home/runner/.m2/repository/org/glassfish/jaxb/txw2/4.0.5/txw2-4.0.5.jar:/home/runner/.m2/repository/org/glassfish/jaxb/jaxb-xjc/4.0.5/jaxb-xjc-4.0.5.jar:/home/runner/.m2/repository/org/glassfish/jaxb/xsom/4.0.5/xsom-4.0.5.jar:/home/runner/.m2/repository/com/sun/istack/istack-commons-runtime/4.1.2/istack-commons-runtime-4.1.2.jar:/home/runner/.m2/repository/com/sun/istack/istack-commons-tools/4.1.2/istack-commons-tools-4.1.2.jar:/home/runner/.m2/repository/com/sun/xml/bind/external/relaxng-datatype/4.0.5/relaxng-datatype-4.0.5.jar:/home/runner/.m2/repository/com/sun/xml/bind/external/rngom/4.0.5/rngom-4.0.5.jar:/home/runner/.m2/repository/org/testcontainers/mssqlserver/1.20.6/mssqlserver-1.20.6.jar:/home/runner/.m2/repository/org/testcontainers/jdbc/1.20.6/jdbc-1.20.6.jar:/home/runner/.m2/repository/org/testcontainers/database-commons/1.20.6/database-commons-1.20.6.jar:/home/runner/.m2/repository/org/testcontainers/mysql/1.20.6/mysql-1.20.6.jar:/home/runner/.m2/repository/io/strimzi/strimzi-test-container/0.111.0/strimzi-test-container-0.111.0.jar:/home/runner/.m2/repository/org/testcontainers/toxiproxy/1.20.6/toxiproxy-1.20.6.jar:/home/runner/.m2/repository/com/github/docker-java/docker-java-api/3.4.1/docker-java-api-3.4.1.jar:/home/runner/.m2/repository/org/apache/logging/log4j/log4j-slf4j-impl/2.19.0/log4j-slf4j-impl-2.19.0.jar:/home/runner/.m2/repository/org/apache/logging/log4j/log4j-api/2.24.3/log4j-api-2.24.3.jar:/home/runner/.m2/repository/org/apache/logging/log4j/log4j-core/2.19.0/log4j-core-2.19.0.jar:/home/runner/.m2/repository/eu/rekawek/toxiproxy/toxiproxy-java/2.1.7/toxiproxy-java-2.1.7.jar:/home/runner/.m2/repository/org/testcontainers/pulsar/1.21.3/pulsar-1.21.3.jar:/home/runner/.m2/repository/io/debezium/debezium-testing-testcontainers/2.7.4.Final/debezium-testing-testcontainers-2.7.4.Final.jar:/home/runner/.m2/repository/org/testcontainers/kafka/1.20.6/kafka-1.20.6.jar:/home/runner/.m2/repository/com/squareup/okhttp3/okhttp/4.8.1/okhttp-4.8.1.jar:/home/runner/.m2/repository/com/squareup/okio/okio/3.10.2/okio-3.10.2.jar:/home/runner/.m2/repository/com/squareup/okio/okio-jvm/3.10.2/okio-jvm-3.10.2.jar:/home/runner/.m2/repository/org/jetbrains/kotlin/kotlin-stdlib/2.0.21/kotlin-stdlib-2.0.21.jar:/home/runner/.m2/repository/org/awaitility/awaitility/4.3.0/awaitility-4.3.0.jar:/home/runner/.m2/repository/org/testcontainers/mongodb/1.20.6/mongodb-1.20.6.jar:/home/runner/.m2/repository/org/testcontainers/mariadb/1.20.6/mariadb-1.20.6.jar:/home/runner/.m2/repository/org/testcontainers/oracle-xe/1.20.6/oracle-xe-1.20.6.jar:/home/runner/.m2/repository/org/testcontainers/postgresql/1.20.6/postgresql-1.20.6.jar:/home/runner/.m2/repository/org/wiremock/wiremock/3.0.1/wiremock-3.0.1.jar:/home/runner/.m2/repository/org/eclipse/jetty/jetty-server/11.0.15/jetty-server-11.0.15.jar:/home/runner/.m2/repository/org/eclipse/jetty/toolchain/jetty-jakarta-servlet-api/5.0.2/jetty-jakarta-servlet-api-5.0.2.jar:/home/runner/.m2/repository/org/eclipse/jetty/jetty-http/11.0.15/jetty-http-11.0.15.jar:/home/runner/.m2/repository/org/eclipse/jetty/jetty-io/11.0.15/jetty-io-11.0.15.jar:/home/runner/.m2/repository/org/eclipse/jetty/jetty-servlet/11.0.15/jetty-servlet-11.0.15.jar:/home/runner/.m2/repository/org/eclipse/jetty/jetty-security/11.0.15/jetty-security-11.0.15.jar:/home/runner/.m2/repository/org/eclipse/jetty/jetty-servlets/11.0.15/jetty-servlets-11.0.15.jar:/home/runner/.m2/repository/org/eclipse/jetty/jetty-util/11.0.15/jetty-util-11.0.15.jar:/home/runner/.m2/repository/org/eclipse/jetty/jetty-webapp/11.0.15/jetty-webapp-11.0.15.jar:/home/runner/.m2/repository/org/eclipse/jetty/jetty-xml/11.0.15/jetty-xml-11.0.15.jar:/home/runner/.m2/repository/org/eclipse/jetty/jetty-proxy/11.0.15/jetty-proxy-11.0.15.jar:/home/runner/.m2/repository/org/eclipse/jetty/jetty-client/11.0.15/jetty-client-11.0.15.jar:/home/runner/.m2/repository/org/eclipse/jetty/http2/http2-server/11.0.15/http2-server-11.0.15.jar:/home/runner/.m2/repository/org/eclipse/jetty/http2/http2-common/11.0.15/http2-common-11.0.15.jar:/home/runner/.m2/repository/org/eclipse/jetty/http2/http2-hpack/11.0.15/http2-hpack-11.0.15.jar:/home/runner/.m2/repository/org/eclipse/jetty/jetty-alpn-server/11.0.15/jetty-alpn-server-11.0.15.jar:/home/runner/.m2/repository/org/eclipse/jetty/jetty-alpn-java-server/11.0.15/jetty-alpn-java-server-11.0.15.jar:/home/runner/.m2/repository/org/eclipse/jetty/jetty-alpn-java-client/11.0.15/jetty-alpn-java-client-11.0.15.jar:/home/runner/.m2/repository/org/eclipse/jetty/jetty-alpn-client/11.0.15/jetty-alpn-client-11.0.15.jar:/home/runner/.m2/repository/org/apache/httpcomponents/client5/httpclient5/5.2.1/httpclient5-5.2.1.jar:/home/runner/.m2/repository/org/apache/httpcomponents/core5/httpcore5/5.2/httpcore5-5.2.jar:/home/runner/.m2/repository/org/apache/httpcomponents/core5/httpcore5-h2/5.2/httpcore5-h2-5.2.jar:/home/runner/.m2/repository/org/xmlunit/xmlunit-core/2.9.1/xmlunit-core-2.9.1.jar:/home/runner/.m2/repository/jakarta/xml/bind/jakarta.xml.bind-api/4.0.2/jakarta.xml.bind-api-4.0.2.jar:/home/runner/.m2/repository/org/xmlunit/xmlunit-legacy/2.9.1/xmlunit-legacy-2.9.1.jar:/home/runner/.m2/repository/org/xmlunit/xmlunit-placeholders/2.9.1/xmlunit-placeholders-2.9.1.jar:/home/runner/.m2/repository/net/javacrumbs/json-unit/json-unit-core/2.38.0/json-unit-core-2.38.0.jar:/home/runner/.m2/repository/org/hamcrest/hamcrest-core/2.2/hamcrest-core-2.2.jar:/home/runner/.m2/repository/com/jayway/jsonpath/json-path/2.8.0/json-path-2.8.0.jar:/home/runner/.m2/repository/net/minidev/json-smart/2.4.10/json-smart-2.4.10.jar:/home/runner/.m2/repository/net/minidev/accessors-smart/2.4.9/accessors-smart-2.4.9.jar:/home/runner/.m2/repository/org/ow2/asm/asm/9.7.1/asm-9.7.1.jar:/home/runner/.m2/repository/net/sf/jopt-simple/jopt-simple/5.0.4/jopt-simple-5.0.4.jar:/home/runner/.m2/repository/com/github/jknack/handlebars/4.3.1/handlebars-4.3.1.jar:/home/runner/.m2/repository/com/github/jknack/handlebars-helpers/4.3.1/handlebars-helpers-4.3.1.jar:/home/runner/.m2/repository/commons-fileupload/commons-fileupload/1.5/commons-fileupload-1.5.jar:/home/runner/.m2/repository/com/networknt/json-schema-validator/1.5.8/json-schema-validator-1.5.8.jar:/home/runner/.m2/repository/com/ethlo/time/itu/1.10.3/itu-1.10.3.jar:/home/runner/.m2/repository/io/quarkus/quarkus-smallrye-jwt-build/3.20.2/quarkus-smallrye-jwt-build-3.20.2.jar:/home/runner/.m2/repository/io/smallrye/smallrye-jwt-build/4.6.2/smallrye-jwt-build-4.6.2.jar:/home/runner/.m2/repository/org/eclipse/microprofile/jwt/microprofile-jwt-auth-api/2.1/microprofile-jwt-auth-api-2.1.jar:/home/runner/.m2/repository/org/bitbucket/b_c/jose4j/0.9.6/jose4j-0.9.6.jar:/home/runner/.m2/repository/io/smallrye/smallrye-jwt-common/4.6.2/smallrye-jwt-common-4.6.2.jar:/home/runner/.m2/repository/io/quarkus/quarkus-jsonp/3.20.2/quarkus-jsonp-3.20.2.jar:/home/runner/.m2/repository/io/quarkus/quarkus-arc/3.20.2/quarkus-arc-3.20.2.jar:/home/runner/.m2/repository/io/quarkus/arc/arc/3.20.2/arc-3.20.2.jar:/home/runner/.m2/repository/jakarta/transaction/jakarta.transaction-api/2.0.1/jakarta.transaction-api-2.0.1.jar:/home/runner/.m2/repository/io/smallrye/reactive/mutiny/2.9.2/mutiny-2.9.2.jar:/home/runner/.m2/repository/org/jctools/jctools-core/4.0.5/jctools-core-4.0.5.jar:/home/runner/.m2/repository/org/eclipse/microprofile/context-propagation/microprofile-context-propagation-api/1.3/microprofile-context-propagation-api-1.3.jar:/home/runner/.m2/repository/io/apicurio/apicurio-common-rest-client-common/0.1.18.Final/apicurio-common-rest-client-common-0.1.18.Final.jar:/home/runner/work/apicurio-testing/apicurio-testing/clusters/ci419/namespaces/inmemory/tests/integration/apicurio-registry/utils/maven-plugin/target/apicurio-registry-maven-plugin-3.0.12-SNAPSHOT.jar:/home/runner/.m2/repository/com/fasterxml/jackson/core/jackson-databind/2.18.2/jackson-databind-2.18.2.jar:/home/runner/.m2/repository/org/apache/avro/avro/1.12.0/avro-1.12.0.jar:/home/runner/.m2/repository/com/google/protobuf/protobuf-java/4.31.1/protobuf-java-4.31.1.jar:/home/runner/.m2/repository/com/google/protobuf/protobuf-java-util/4.31.1/protobuf-java-util-4.31.1.jar:/home/runner/.m2/repository/com/google/code/findbugs/jsr305/3.0.2/jsr305-3.0.2.jar:/home/runner/.m2/repository/com/google/code/gson/gson/2.12.1/gson-2.12.1.jar:/home/runner/.m2/repository/com/google/errorprone/error_prone_annotations/2.36.0/error_prone_annotations-2.36.0.jar:/home/runner/.m2/repository/com/google/j2objc/j2objc-annotations/2.8/j2objc-annotations-2.8.jar:/home/runner/work/apicurio-testing/apicurio-testing/clusters/ci419/namespaces/inmemory/tests/integration/apicurio-registry/schema-util/util-provider/target/apicurio-registry-schema-util-provider-3.0.12-SNAPSHOT.jar:/home/runner/work/apicurio-testing/apicurio-testing/clusters/ci419/namespaces/inmemory/tests/integration/apicurio-registry/schema-util/common/target/apicurio-registry-schema-util-common-3.0.12-SNAPSHOT.jar:/home/runner/.m2/repository/com/fasterxml/jackson/module/jackson-module-parameter-names/2.18.2/jackson-module-parameter-names-2.18.2.jar:/home/runner/.m2/repository/com/fasterxml/jackson/datatype/jackson-datatype-json-org/2.18.2/jackson-datatype-json-org-2.18.2.jar:/home/runner/work/apicurio-testing/apicurio-testing/clusters/ci419/namespaces/inmemory/tests/integration/apicurio-registry/schema-util/json/target/apicurio-registry-schema-util-json-3.0.12-SNAPSHOT.jar:/home/runner/.m2/repository/com/github/erosb/everit-json-schema/1.14.5/everit-json-schema-1.14.5.jar:/home/runner/.m2/repository/commons-validator/commons-validator/1.9.0/commons-validator-1.9.0.jar:/home/runner/.m2/repository/commons-digester/commons-digester/2.1/commons-digester-2.1.jar:/home/runner/.m2/repository/commons-collections/commons-collections/3.2.2/commons-collections-3.2.2.jar:/home/runner/.m2/repository/com/damnhandy/handy-uri-templates/2.1.8/handy-uri-templates-2.1.8.jar:/home/runner/.m2/repository/joda-time/joda-time/2.10.2/joda-time-2.10.2.jar:/home/runner/.m2/repository/com/github/erosb/json-sKema/0.20.0/json-sKema-0.20.0.jar:/home/runner/.m2/repository/io/vertx/vertx-json-schema/4.5.16/vertx-json-schema-4.5.16.jar:/home/runner/work/apicurio-testing/apicurio-testing/clusters/ci419/namespaces/inmemory/tests/integration/apicurio-registry/schema-util/protobuf/target/apicurio-registry-schema-util-protobuf-3.0.12-SNAPSHOT.jar:/home/runner/work/apicurio-testing/apicurio-testing/clusters/ci419/namespaces/inmemory/tests/integration/apicurio-registry/utils/protobuf-schema-utilities/target/apicurio-registry-protobuf-schema-utilities-3.0.12-SNAPSHOT.jar:/home/runner/.m2/repository/com/google/api/grpc/proto-google-common-protos/2.52.0/proto-google-common-protos-2.52.0.jar:/home/runner/.m2/repository/com/squareup/wire/wire-schema-jvm/5.3.3/wire-schema-jvm-5.3.3.jar:/home/runner/.m2/repository/com/palantir/javapoet/javapoet/0.6.0/javapoet-0.6.0.jar:/home/runner/.m2/repository/com/squareup/kotlinpoet-jvm/2.0.0/kotlinpoet-jvm-2.0.0.jar:/home/runner/.m2/repository/org/jetbrains/kotlin/kotlin-reflect/2.0.21/kotlin-reflect-2.0.21.jar:/home/runner/.m2/repository/com/squareup/wire/wire-runtime-jvm/5.3.3/wire-runtime-jvm-5.3.3.jar:/home/runner/.m2/repository/com/ibm/icu/icu4j/76.1/icu4j-76.1.jar:/home/runner/.m2/repository/com/squareup/okio/okio-fakefilesystem/3.10.2/okio-fakefilesystem-3.10.2.jar:/home/runner/.m2/repository/com/squareup/okio/okio-fakefilesystem-jvm/3.10.2/okio-fakefilesystem-jvm-3.10.2.jar:/home/runner/.m2/repository/org/jetbrains/kotlinx/kotlinx-datetime-jvm/0.6.1/kotlinx-datetime-jvm-0.6.1.jar:/home/runner/work/apicurio-testing/apicurio-testing/clusters/ci419/namespaces/inmemory/tests/integration/apicurio-registry/schema-util/asyncapi/target/apicurio-registry-schema-util-asyncapi-3.0.12-SNAPSHOT.jar:/home/runner/work/apicurio-testing/apicurio-testing/clusters/ci419/namespaces/inmemory/tests/integration/apicurio-registry/schema-util/avro/target/apicurio-registry-schema-util-avro-3.0.12-SNAPSHOT.jar:/home/runner/work/apicurio-testing/apicurio-testing/clusters/ci419/namespaces/inmemory/tests/integration/apicurio-registry/schema-util/graphql/target/apicurio-registry-schema-util-graphql-3.0.12-SNAPSHOT.jar:/home/runner/.m2/repository/com/graphql-java/graphql-java/22.4/graphql-java-22.4.jar:/home/runner/.m2/repository/com/graphql-java/java-dataloader/3.3.0/java-dataloader-3.3.0.jar:/home/runner/work/apicurio-testing/apicurio-testing/clusters/ci419/namespaces/inmemory/tests/integration/apicurio-registry/schema-util/kconnect/target/apicurio-registry-schema-util-kconnect-3.0.12-SNAPSHOT.jar:/home/runner/work/apicurio-testing/apicurio-testing/clusters/ci419/namespaces/inmemory/tests/integration/apicurio-registry/schema-util/openapi/target/apicurio-registry-schema-util-openapi-3.0.12-SNAPSHOT.jar:/home/runner/.m2/repository/io/apicurio/apicurio-data-models/2.2.2/apicurio-data-models-2.2.2.jar:/home/runner/.m2/repository/org/openapitools/openapidiff/openapi-diff-core/2.1.2/openapi-diff-core-2.1.2.jar:/home/runner/.m2/repository/io/swagger/parser/v3/swagger-parser/2.1.28/swagger-parser-2.1.28.jar:/home/runner/.m2/repository/io/swagger/parser/v3/swagger-parser-v2-converter/2.1.28/swagger-parser-v2-converter-2.1.28.jar:/home/runner/.m2/repository/io/swagger/swagger-core/1.6.16/swagger-core-1.6.16.jar:/home/runner/.m2/repository/io/swagger/swagger-models/1.6.16/swagger-models-1.6.16.jar:/home/runner/.m2/repository/io/swagger/swagger-annotations/1.6.16/swagger-annotations-1.6.16.jar:/home/runner/.m2/repository/io/swagger/swagger-parser/1.0.75/swagger-parser-1.0.75.jar:/home/runner/.m2/repository/io/swagger/swagger-parser-safe-url-resolver/1.0.75/swagger-parser-safe-url-resolver-1.0.75.jar:/home/runner/.m2/repository/io/swagger/swagger-compat-spec-parser/1.0.75/swagger-compat-spec-parser-1.0.75.jar:/home/runner/.m2/repository/com/github/java-json-tools/json-schema-validator/2.2.14/json-schema-validator-2.2.14.jar:/home/runner/.m2/repository/com/github/java-json-tools/jackson-coreutils-equivalence/1.0/jackson-coreutils-equivalence-1.0.jar:/home/runner/.m2/repository/com/github/java-json-tools/json-schema-core/1.2.14/json-schema-core-1.2.14.jar:/home/runner/.m2/repository/com/github/java-json-tools/uri-template/0.10/uri-template-0.10.jar:/home/runner/.m2/repository/com/googlecode/libphonenumber/libphonenumber/8.11.1/libphonenumber-8.11.1.jar:/home/runner/.m2/repository/com/j2html/j2html/1.6.0/j2html-1.6.0.jar:/home/runner/.m2/repository/org/apache/commons/commons-collections4/4.5.0/commons-collections4-4.5.0.jar:/home/runner/.m2/repository/org/slf4j/jcl-over-slf4j/2.0.17/jcl-over-slf4j-2.0.17.jar:/home/runner/.m2/repository/io/swagger/parser/v3/swagger-parser-v3/2.1.31/swagger-parser-v3-2.1.31.jar:/home/runner/.m2/repository/io/swagger/core/v3/swagger-models/2.2.34/swagger-models-2.2.34.jar:/home/runner/.m2/repository/io/swagger/core/v3/swagger-core/2.2.34/swagger-core-2.2.34.jar:/home/runner/.m2/repository/io/swagger/parser/v3/swagger-parser-core/2.1.31/swagger-parser-core-2.1.31.jar:/home/runner/.m2/repository/io/swagger/parser/v3/swagger-parser-safe-url-resolver/2.1.31/swagger-parser-safe-url-resolver-2.1.31.jar:/home/runner/work/apicurio-testing/apicurio-testing/clusters/ci419/namespaces/inmemory/tests/integration/apicurio-registry/schema-util/wsdl/target/apicurio-registry-schema-util-wsdl-3.0.12-SNAPSHOT.jar:/home/runner/.m2/repository/wsdl4j/wsdl4j/1.6.3/wsdl4j-1.6.3.jar:/home/runner/work/apicurio-testing/apicurio-testing/clusters/ci419/namespaces/inmemory/tests/integration/apicurio-registry/schema-util/xml/target/apicurio-registry-schema-util-xml-3.0.12-SNAPSHOT.jar:/home/runner/.m2/repository/org/apache/santuario/xmlsec/4.0.4/xmlsec-4.0.4.jar:/home/runner/.m2/repository/com/fasterxml/woodstox/woodstox-core/7.1.1/woodstox-core-7.1.1.jar:/home/runner/.m2/repository/org/codehaus/woodstox/stax2-api/4.2.2/stax2-api-4.2.2.jar:/home/runner/work/apicurio-testing/apicurio-testing/clusters/ci419/namespaces/inmemory/tests/integration/apicurio-registry/schema-util/xsd/target/apicurio-registry-schema-util-xsd-3.0.12-SNAPSHOT.jar:/home/runner/work/apicurio-testing/apicurio-testing/clusters/ci419/namespaces/inmemory/tests/integration/apicurio-registry/serdes/kafka/jsonschema-serde/target/apicurio-registry-jsonschema-serde-kafka-3.0.12-SNAPSHOT.jar:/home/runner/work/apicurio-testing/apicurio-testing/clusters/ci419/namespaces/inmemory/tests/integration/apicurio-registry/serdes/kafka/serde-kafka-common/target/apicurio-registry-serde-kafka-common-3.0.12-SNAPSHOT.jar:/home/runner/work/apicurio-testing/apicurio-testing/clusters/ci419/namespaces/inmemory/tests/integration/apicurio-registry/serdes/generic/serde-common/target/apicurio-registry-serde-common-3.0.12-SNAPSHOT.jar:/home/runner/work/apicurio-testing/apicurio-testing/clusters/ci419/namespaces/inmemory/tests/integration/apicurio-registry/serdes/generic/serde-common-jsonschema/target/apicurio-registry-serde-common-jsonschema-3.0.12-SNAPSHOT.jar:/home/runner/.m2/repository/org/json/json/20250107/json-20250107.jar:/home/runner/work/apicurio-testing/apicurio-testing/clusters/ci419/namespaces/inmemory/tests/integration/apicurio-registry/serdes/kafka/avro-serde/target/apicurio-registry-avro-serde-kafka-3.0.12-SNAPSHOT.jar:/home/runner/work/apicurio-testing/apicurio-testing/clusters/ci419/namespaces/inmemory/tests/integration/apicurio-registry/serdes/generic/serde-common-avro/target/apicurio-registry-serde-common-avro-3.0.12-SNAPSHOT.jar:/home/runner/work/apicurio-testing/apicurio-testing/clusters/ci419/namespaces/inmemory/tests/integration/apicurio-registry/serdes/kafka/protobuf-serde/target/apicurio-registry-protobuf-serde-kafka-3.0.12-SNAPSHOT.jar:/home/runner/work/apicurio-testing/apicurio-testing/clusters/ci419/namespaces/inmemory/tests/integration/apicurio-registry/serdes/generic/serde-common-protobuf/target/apicurio-registry-serde-common-protobuf-3.0.12-SNAPSHOT.jar:/home/runner/.m2/repository/com/squareup/wire/wire-schema/5.3.3/wire-schema-5.3.3.jar:/home/runner/.m2/repository/com/squareup/wire/wire-runtime/5.3.3/wire-runtime-5.3.3.jar:/home/runner/work/apicurio-testing/apicurio-testing/clusters/ci419/namespaces/inmemory/tests/integration/apicurio-registry/serdes/pulsar/avro-serde/target/apicurio-registry-avro-serde-pulsar-3.0.12-SNAPSHOT.jar:/home/runner/.m2/repository/org/apache/pulsar/pulsar-functions-api/3.3.8/pulsar-functions-api-3.3.8.jar:/home/runner/work/apicurio-testing/apicurio-testing/clusters/ci419/namespaces/inmemory/tests/integration/apicurio-registry/serdes/nats/avro-serde/target/apicurio-registry-avro-serde-nats-3.0.12-SNAPSHOT.jar:/home/runner/.m2/repository/io/nats/jnats/2.21.4/jnats-2.21.4.jar:/home/runner/.m2/repository/org/bouncycastle/bcprov-lts8on/2.73.7/bcprov-lts8on-2.73.7.jar:/home/runner/.m2/repository/org/jetbrains/annotations/26.0.2/annotations-26.0.2.jar:/home/runner/work/apicurio-testing/apicurio-testing/clusters/ci419/namespaces/inmemory/tests/integration/apicurio-registry/utils/converter/target/apicurio-registry-utils-converter-3.0.12-SNAPSHOT.jar:/home/runner/work/apicurio-testing/apicurio-testing/clusters/ci419/namespaces/inmemory/tests/integration/apicurio-registry/schema-resolver/target/apicurio-registry-schema-resolver-3.0.12-SNAPSHOT.jar:/home/runner/.m2/repository/org/apache/kafka/connect-api/3.9.1/connect-api-3.9.1.jar:/home/runner/.m2/repository/javax/ws/rs/javax.ws.rs-api/2.1.1/javax.ws.rs-api-2.1.1.jar:/home/runner/.m2/repository/org/apache/kafka/connect-json/3.9.1/connect-json-3.9.1.jar:/home/runner/.m2/repository/com/fasterxml/jackson/datatype/jackson-datatype-jdk8/2.18.2/jackson-datatype-jdk8-2.18.2.jar:/home/runner/.m2/repository/com/fasterxml/jackson/module/jackson-module-afterburner/2.18.2/jackson-module-afterburner-2.18.2.jar:/home/runner/work/apicurio-testing/apicurio-testing/clusters/ci419/namespaces/inmemory/tests/integration/apicurio-registry/utils/kafka/target/apicurio-registry-utils-kafka-3.0.12-SNAPSHOT.jar:/home/runner/.m2/repository/org/apache/pulsar/pulsar-client/3.3.8/pulsar-client-3.3.8.jar:/home/runner/.m2/repository/org/apache/pulsar/pulsar-client-api/3.3.8/pulsar-client-api-3.3.8.jar:/home/runner/.m2/repository/org/apache/pulsar/pulsar-client-admin-api/3.3.8/pulsar-client-admin-api-3.3.8.jar:/home/runner/.m2/repository/org/apache/pulsar/bouncy-castle-bc/3.3.8/bouncy-castle-bc-3.3.8-pkg.jar:/home/runner/.m2/repository/org/bouncycastle/bcpkix-jdk18on/1.81/bcpkix-jdk18on-1.81.jar:/home/runner/.m2/repository/org/bouncycastle/bcutil-jdk18on/1.81/bcutil-jdk18on-1.81.jar:/home/runner/.m2/repository/org/bouncycastle/bcprov-jdk18on/1.81/bcprov-jdk18on-1.81.jar:/home/runner/.m2/repository/io/opentelemetry/opentelemetry-api/1.44.1/opentelemetry-api-1.44.1.jar:/home/runner/.m2/repository/io/opentelemetry/opentelemetry-context/1.44.1/opentelemetry-context-1.44.1.jar:/home/runner/.m2/repository/io/opentelemetry/opentelemetry-api-incubator/1.44.1-alpha/opentelemetry-api-incubator-1.44.1-alpha.jar:/home/runner/.m2/repository/com/fasterxml/jackson/core/jackson-annotations/2.18.2/jackson-annotations-2.18.2.jar:/home/runner/.m2/repository/javax/validation/validation-api/1.1.0.Final/validation-api-1.1.0.Final.jar:/home/runner/.m2/repository/org/jspecify/jspecify/1.0.0/jspecify-1.0.0.jar:/home/runner/.m2/repository/org/apache/commons/commons-configuration2/2.12.0/commons-configuration2-2.12.0.jar:/home/runner/.m2/repository/commons-logging/commons-logging/1.3.5/commons-logging-1.3.5.jar:/home/runner/.m2/repository/org/apache/commons/commons-text/1.13.0/commons-text-1.13.0.jar:/home/runner/.m2/repository/io/confluent/kafka-avro-serializer/8.0.0/kafka-avro-serializer-8.0.0.jar:/home/runner/.m2/repository/org/apache/commons/commons-compress/1.27.1/commons-compress-1.27.1.jar:/home/runner/.m2/repository/io/confluent/kafka-schema-serializer/8.0.0/kafka-schema-serializer-8.0.0.jar:/home/runner/.m2/repository/com/fasterxml/jackson/dataformat/jackson-dataformat-csv/2.18.2/jackson-dataformat-csv-2.18.2.jar:/home/runner/.m2/repository/io/confluent/kafka-schema-registry-client/8.0.0/kafka-schema-registry-client-8.0.0.jar:/home/runner/.m2/repository/org/yaml/snakeyaml/2.3/snakeyaml-2.3.jar:/home/runner/.m2/repository/io/swagger/core/v3/swagger-annotations/2.2.29/swagger-annotations-2.2.29.jar:/home/runner/.m2/repository/com/google/guava/guava/33.4.0-jre/guava-33.4.0-jre.jar:/home/runner/.m2/repository/com/google/guava/failureaccess/1.0.1/failureaccess-1.0.1.jar:/home/runner/.m2/repository/org/checkerframework/checker-qual/3.49.0/checker-qual-3.49.0.jar:/home/runner/.m2/repository/io/confluent/logredactor/1.0.13/logredactor-1.0.13.jar:/home/runner/.m2/repository/com/google/re2j/re2j/1.6/re2j-1.6.jar:/home/runner/.m2/repository/io/confluent/logredactor-metrics/1.0.13/logredactor-metrics-1.0.13.jar:/home/runner/.m2/repository/com/eclipsesource/minimal-json/minimal-json/0.9.5/minimal-json-0.9.5.jar:/home/runner/.m2/repository/io/confluent/common-utils/8.0.0/common-utils-8.0.0.jar:/home/runner/.m2/repository/io/confluent/kafka-connect-avro-converter/8.0.0/kafka-connect-avro-converter-8.0.0.jar:/home/runner/.m2/repository/io/confluent/kafka-connect-avro-data/8.0.0/kafka-connect-avro-data-8.0.0.jar:/home/runner/.m2/repository/io/confluent/kafka-schema-converter/8.0.0/kafka-schema-converter-8.0.0.jar:/home/runner/.m2/repository/io/rest-assured/rest-assured/5.5.1/rest-assured-5.5.1.jar:/home/runner/.m2/repository/org/apache/groovy/groovy/4.0.22/groovy-4.0.22.jar:/home/runner/.m2/repository/org/apache/groovy/groovy-xml/4.0.22/groovy-xml-4.0.22.jar:/home/runner/.m2/repository/org/apache/httpcomponents/httpclient/4.5.14/httpclient-4.5.14.jar:/home/runner/.m2/repository/org/apache/httpcomponents/httpcore/4.4.16/httpcore-4.4.16.jar:/home/runner/.m2/repository/org/apache/httpcomponents/httpmime/4.5.14/httpmime-4.5.14.jar:/home/runner/.m2/repository/org/hamcrest/hamcrest/2.2/hamcrest-2.2.jar:/home/runner/.m2/repository/org/ccil/cowan/tagsoup/tagsoup/1.2.1/tagsoup-1.2.1.jar:/home/runner/.m2/repository/io/rest-assured/json-path/5.5.1/json-path-5.5.1.jar:/home/runner/.m2/repository/org/apache/groovy/groovy-json/4.0.22/groovy-json-4.0.22.jar:/home/runner/.m2/repository/io/rest-assured/rest-assured-common/5.5.1/rest-assured-common-5.5.1.jar:/home/runner/.m2/repository/io/rest-assured/xml-path/5.5.1/xml-path-5.5.1.jar:/home/runner/.m2/repository/io/zonky/test/embedded-postgres/2.1.0/embedded-postgres-2.1.0.jar:/home/runner/.m2/repository/io/zonky/test/postgres/embedded-postgres-binaries-windows-amd64/14.15.0/embedded-postgres-binaries-windows-amd64-14.15.0.jar:/home/runner/.m2/repository/io/zonky/test/postgres/embedded-postgres-binaries-darwin-amd64/14.15.0/embedded-postgres-binaries-darwin-amd64-14.15.0.jar:/home/runner/.m2/repository/io/zonky/test/postgres/embedded-postgres-binaries-linux-amd64/14.15.0/embedded-postgres-binaries-linux-amd64-14.15.0.jar:/home/runner/.m2/repository/io/zonky/test/postgres/embedded-postgres-binaries-linux-amd64-alpine/14.15.0/embedded-postgres-binaries-linux-amd64-alpine-14.15.0.jar:/home/runner/.m2/repository/org/apache/commons/commons-lang3/3.17.0/commons-lang3-3.17.0.jar:/home/runner/.m2/repository/org/tukaani/xz/1.10/xz-1.10.jar:/home/runner/.m2/repository/commons-codec/commons-codec/1.19.0/commons-codec-1.19.0.jar:/home/runner/.m2/repository/org/postgresql/postgresql/42.7.7/postgresql-42.7.7.jar:/home/runner/.m2/repository/commons-io/commons-io/2.18.0/commons-io-2.18.0.jar:/home/runner/work/apicurio-testing/apicurio-testing/clusters/ci419/namespaces/inmemory/tests/integration/apicurio-registry/utils/importexport/target/apicurio-registry-utils-import-export-3.0.12-SNAPSHOT.jar:/home/runner/.m2/repository/io/vertx/vertx-core/4.5.16/vertx-core-4.5.16.jar:/home/runner/.m2/repository/io/netty/netty-common/4.1.121.Final/netty-common-4.1.121.Final.jar:/home/runner/.m2/repository/io/netty/netty-buffer/4.1.121.Final/netty-buffer-4.1.121.Final.jar:/home/runner/.m2/repository/io/netty/netty-transport/4.1.121.Final/netty-transport-4.1.121.Final.jar:/home/runner/.m2/repository/io/netty/netty-handler/4.1.121.Final/netty-handler-4.1.121.Final.jar:/home/runner/.m2/repository/io/netty/netty-transport-native-unix-common/4.1.121.Final/netty-transport-native-unix-common-4.1.121.Final.jar:/home/runner/.m2/repository/io/netty/netty-codec/4.1.121.Final/netty-codec-4.1.121.Final.jar:/home/runner/.m2/repository/io/netty/netty-handler-proxy/4.1.121.Final/netty-handler-proxy-4.1.121.Final.jar:/home/runner/.m2/repository/io/netty/netty-codec-socks/4.1.121.Final/netty-codec-socks-4.1.121.Final.jar:/home/runner/.m2/repository/io/netty/netty-codec-http/4.1.121.Final/netty-codec-http-4.1.121.Final.jar:/home/runner/.m2/repository/io/netty/netty-codec-http2/4.1.121.Final/netty-codec-http2-4.1.121.Final.jar:/home/runner/.m2/repository/io/netty/netty-resolver/4.1.121.Final/netty-resolver-4.1.121.Final.jar:/home/runner/.m2/repository/io/netty/netty-resolver-dns/4.1.121.Final/netty-resolver-dns-4.1.121.Final.jar:/home/runner/.m2/repository/io/netty/netty-codec-dns/4.1.121.Final/netty-codec-dns-4.1.121.Final.jar:/home/runner/.m2/repository/com/fasterxml/jackson/core/jackson-core/2.18.2/jackson-core-2.18.2.jar:"/>
    <property name="sun.cpu.endian" value="little"/>
    <property name="user.home" value="/home/runner"/>
    <property name="user.language" value="en"/>
    <property name="jboss.log-version" value="false"/>
    <property name="java.specification.vendor" value="Oracle Corporation"/>
    <property name="java.version.date" value="2025-07-15"/>
    <property name="java.home" value="/usr/lib/jvm/temurin-17-jdk-amd64"/>
    <property name="file.separator" value="/"/>
    <property name="basedir" value="/home/runner/work/apicurio-testing/apicurio-testing/clusters/ci419/namespaces/inmemory/tests/integration/apicurio-registry/integration-tests"/>
    <property name="java.vm.compressedOopsMode" value="32-bit"/>
    <property name="line.separator" value="&#10;"/>
    <property name="java.specification.name" value="Java Platform API Specification"/>
    <property name="java.vm.specification.vendor" value="Oracle Corporation"/>
    <property name="quarkus.http.test-host" value="registry-app-inmemory.apps.ci419.apicurio-testing.org"/>
    <property name="surefire.real.class.path" value="/home/runner/work/apicurio-testing/apicurio-testing/clusters/ci419/namespaces/inmemory/tests/integration/apicurio-registry/integration-tests/target/surefire/surefirebooter-20250806184943074_3.jar"/>
    <property name="sun.management.compiler" value="HotSpot 64-Bit Tiered Compilers"/>
    <property name="org.eclipse.jetty.http.HttpGenerator.STRICT" value="true"/>
    <property name="java.runtime.version" value="17.0.16+8"/>
    <property name="user.name" value="runner"/>
    <property name="path.separator" value=":"/>
    <property name="os.version" value="6.8.0-1031-azure"/>
    <property name="java.runtime.name" value="OpenJDK Runtime Environment"/>
    <property name="file.encoding" value="UTF-8"/>
    <property name="jnidispatch.path" value="/home/runner/.cache/JNA/temp/jna5048936028888673248.tmp"/>
    <property name="java.vm.name" value="OpenJDK 64-Bit Server VM"/>
    <property name="jna.platform.library.path" value="/usr/lib/x86_64-linux-gnu:/lib/x86_64-linux-gnu:/usr/lib64:/lib64:/usr/lib:/lib:/lib32:/usr/local/lib:/usr/lib/x86_64-linux-gnu/libfakeroot"/>
    <property name="java.vendor.version" value="Temurin-17.0.16+8"/>
    <property name="quarkus.oidc.token-path" value="https://keycloak-inmemory.apps.ci419.apicurio-testing.org/realms/registry/protocol/openid-connect/token"/>
    <property name="quarkus.http.host" value="registry-app-inmemory.apps.ci419.apicurio-testing.org"/>
    <property name="localRepository" value="/home/runner/.m2/repository"/>
    <property name="javax.xml.xpath.XPathFactory:http://java.sun.com/jaxp/xpath/dom" value="com.sun.org.apache.xpath.internal.jaxp.XPathFactoryImpl"/>
    <property name="jna.loaded" value="true"/>
    <property name="java.vendor.url.bug" value="https://github.com/adoptium/adoptium-support/issues"/>
    <property name="jetty.git.hash" value="5bc5e562c8d05c5862505aebe5cf83a61bdbcb96"/>
    <property name="java.io.tmpdir" value="/tmp"/>
    <property name="quarkus.http.test-protocol" value="http"/>
    <property name="java.version" value="17.0.16"/>
    <property name="user.dir" value="/home/runner/work/apicurio-testing/apicurio-testing/clusters/ci419/namespaces/inmemory/tests/integration/apicurio-registry/integration-tests"/>
    <property name="os.arch" value="amd64"/>
    <property name="groups" value="( smoke | serdes | acceptance | ui)"/>
    <property name="java.vm.specification.name" value="Java Virtual Machine Specification"/>
    <property name="native.encoding" value="UTF-8"/>
    <property name="java.util.logging.manager" value="org.jboss.logmanager.LogManager"/>
    <property name="java.library.path" value="/usr/java/packages/lib:/usr/lib64:/lib64:/lib:/usr/lib"/>
    <property name="jdk.console" value="java.base"/>
    <property name="java.vm.info" value="mixed mode, sharing"/>
    <property name="java.vendor" value="Eclipse Adoptium"/>
    <property name="java.vm.version" value="17.0.16+8"/>
    <property name="java.specification.maintenance.version" value="1"/>
    <property name="sun.io.unicode.encoding" value="UnicodeLittle"/>
    <property name="javax.xml.transform.TransformerFactory" value="com.sun.org.apache.xalan.internal.xsltc.trax.TransformerFactoryImpl"/>
    <property name="java.class.version" value="61.0"/>
  </properties>
  <testcase name="testEvolveAvroConfluent" classname="io.apicurio.tests.serdes.confluent.BasicConfluentSerDesIT" time="13.172">
    <system-out><![CDATA[**** Registry Base URL: http://registry-app-inmemory.apps.ci419.apicurio-testing.org:80
**** Registry Base URL: http://registry-app-inmemory.apps.ci419.apicurio-testing.org:80
2025-08-06 18:53:04,095 INFO  [io.api.tes.ser.con.BasicConfluentSerDesIT] (main) RestAssured configured with http://registry-app-inmemory.apps.ci419.apicurio-testing.org:80/apis/registry/v3
**** Registry Base URL: http://registry-app-inmemory.apps.ci419.apicurio-testing.org:80
2025-08-06 18:53:04,171 INFO  [io.api.tes.ser.con.BasicConfluentSerDesIT] (main) Deleting confluent schema subj_80aeeac0_dba5_4fe9_999e_9575d4448f70-value
2025-08-06 18:53:04,190 INFO  [io.api.tes.ser.con.BasicConfluentSerDesIT] (main) Deleting confluent schema subj_920da40c_4018_4efe_8ca2_e8f8cb03100e-value
2025-08-06 18:53:04,198 INFO  [io.api.tes.ser.con.BasicConfluentSerDesIT] (main) Deleting confluent schema CUSTOMERS-key
2025-08-06 18:53:04,208 INFO  [io.api.tes.ser.con.BasicConfluentSerDesIT] (main) Deleting confluent schema CUSTOMERS.Value
2025-08-06 18:53:04,239 INFO  [io.api.tes.ser.con.BasicConfluentSerDesIT] (main) Deleting confluent schema CUSTOMERS-value
2025-08-06 18:53:04,246 INFO  [io.api.tes.ser.con.BasicConfluentSerDesIT] (main) Deleting confluent schema subj_1b91f3aa_dae0_4085_abbf_809a9179797d-value
2025-08-06 18:53:04,255 INFO  [io.api.tes.ser.con.BasicConfluentSerDesIT] (main) Deleting confluent schema topic-a624c623_1f41_4a1b_8465_24cb5a8b60b8-value
2025-08-06 18:53:04,262 INFO  [io.api.tes.ser.con.BasicConfluentSerDesIT] (main) Deleting confluent schema topic-7eae7354_3a73_42ed_8142_5860ecdd7f44-value
2025-08-06 18:53:04,273 INFO  [io.api.tes.ser.con.BasicConfluentSerDesIT] (main) Deleting confluent schema topic-f4cb3e00_a666_4171_b5be_bda645d1125e-value
2025-08-06 18:53:04,280 INFO  [io.api.tes.ser.con.BasicConfluentSerDesIT] (main) Deleting confluent schema topic-2360d205_2a59_4592_bdbb_8ba856835b3b-value
2025-08-06 18:53:04,339 INFO  [io.api.tes.ser.con.BasicConfluentSerDesIT] (main) Deleting confluent schema topic-c362e596_22aa_43d1_847f_90d508b1645d-value
2025-08-06 18:53:04,347 INFO  [io.api.tes.ser.con.BasicConfluentSerDesIT] (main) Deleting confluent schema topic-caf938e8_73dc_4317_af10_e5f8a28ca99d-value
2025-08-06 18:53:04,354 INFO  [io.api.tes.ser.con.BasicConfluentSerDesIT] (main) Deleting confluent schema myrecordconfluent
2025-08-06 18:53:04,361 INFO  [io.api.tes.ser.con.BasicConfluentSerDesIT] (main) Deleting confluent schema topic-0040dd3c_bf7d_4228_b658_c5aefbaae4a6
2025-08-06 18:53:04,368 INFO  [io.api.tes.ser.con.BasicConfluentSerDesIT] (main) Deleting confluent schema topic-2f6822c2_1017_47de_9088_e85ff8b536a9-value
2025-08-06 18:53:04,375 INFO  [io.api.tes.ser.con.BasicConfluentSerDesIT] (main) Deleting confluent schema topic-4259cf26_3f73_4bf1_ba1a_65f0acb374bf
2025-08-06 18:53:04,382 INFO  [io.api.tes.ser.con.BasicConfluentSerDesIT] (main) Deleting confluent schema topic-d96422a2_fb36_487a_b0ec_13363419c43d-value
2025-08-06 18:53:04,388 INFO  [io.api.tes.ser.con.BasicConfluentSerDesIT] (main) Deleting confluent schema topic-8868ec9c_d5cc_47b1_9c91_89adeefe3c23
2025-08-06 18:53:04,437 INFO  [io.api.tes.ser.con.BasicConfluentSerDesIT] (main) Deleting confluent schema topic-5788249f_49c8_4980_addf_dc11b899c372
2025-08-06 18:53:04,444 INFO  [io.api.tes.ser.con.BasicConfluentSerDesIT] (main) Deleting confluent schema topic-0f416cec_4c3f_4401_840d_2772a07270ea-value
2025-08-06 18:53:04,455 INFO  [io.api.tes.ser.con.BasicConfluentSerDesIT] (main) Deleting confluent schema sd80c83dcxfc9ax45e1x838fx6b29486158b3-value
2025-08-06 18:53:04,462 INFO  [io.api.tes.ser.con.BasicConfluentSerDesIT] (main) Deleting confluent schema google/protobuf/timestamp.proto
2025-08-06 18:53:04,468 INFO  [io.api.tes.ser.con.BasicConfluentSerDesIT] (main) Deleting confluent schema topic-018af614_1cfc_43dc_b7b3_154bc62fab97-value
2025-08-06 18:53:04,475 INFO  [io.api.tes.ser.con.BasicConfluentSerDesIT] (main) Deleting confluent schema topic-84c3e16d_ea5c_4604_9713_063b84d102e0-value
2025-08-06 18:53:04,482 INFO  [io.api.tes.ser.con.BasicConfluentSerDesIT] (main) Deleting confluent schema s6f4c1bebxd0c4x493ex8ee1x33b2281a3ead-value
2025-08-06 18:53:04,489 INFO  [io.api.tes.ser.con.BasicConfluentSerDesIT] (main) Deleting confluent schema topic-a34de60b_2f33_4021_ac25_120bdc630ee7-value
2025-08-06 18:53:04,540 INFO  [io.api.tes.ser.con.BasicConfluentSerDesIT] (main) Deleting confluent schema s7715ad58xd112x4d8bxb312x074ef9db8826-value
2025-08-06 18:53:04,547 INFO  [io.api.tes.ser.con.BasicConfluentSerDesIT] (main) Deleting confluent schema topic-84e0d5e4_5630_446e_8bc3_7e274cf4ce3a-value
2025-08-06 18:53:04,554 INFO  [io.api.tes.ser.con.BasicConfluentSerDesIT] (main) Deleting confluent schema topic-a15689df_70d4_4e2d_82cb_8964bd01416d-value
2025-08-06 18:53:04,560 INFO  [io.api.tes.ser.con.BasicConfluentSerDesIT] (main) Deleting confluent schema topic-c10bca18_866e_491f_a752_009ed1d26612
2025-08-06 18:53:04,566 INFO  [io.api.tes.ser.con.BasicConfluentSerDesIT] (main) Deleting confluent schema topic-f1a4e5aa_cb50_4bd1_b585_b86d3e7a8509
2025-08-06 18:53:04,572 INFO  [io.api.tes.ser.con.BasicConfluentSerDesIT] (main) Deleting confluent schema topic-66ab3c07_5988_4e22_9d56_e34abd959c00-value
2025-08-06 18:53:04,579 INFO  [io.api.tes.ser.con.BasicConfluentSerDesIT] (main) Deleting confluent schema topic-9bf8a1bb_73a6_4714_9966_cb49327b0a09-value
2025-08-06 18:53:04,588 INFO  [io.api.tes.ser.con.BasicConfluentSerDesIT] (main) Deleting confluent schema topic-601e0732_5591_4d8e_8f4c_45315c22a347-value
2025-08-06 18:53:04,641 INFO  [io.api.tes.uti.KafkaFacade] (main) Skipping deployment of kafka, because it's already deployed
2025-08-06 18:53:04,642 INFO  [io.api.tes.uti.TestSeparator] (main) ############################################################################
2025-08-06 18:53:04,642 INFO  [io.api.tes.uti.TestSeparator] (main) io.apicurio.tests.serdes.confluent.BasicConfluentSerDesIT.testEvolveAvroConfluent-STARTED
2025-08-06 18:53:04,643 INFO  [org.apa.kaf.cli.adm.AdminClientConfig] (main) AdminClientConfig values: 
	auto.include.jmx.reporter = true
	bootstrap.controllers = []
	bootstrap.servers = [PLAINTEXT://localhost:32769]
	client.dns.lookup = use_all_dns_ips
	client.id = 
	connections.max.idle.ms = 10000
	default.api.timeout.ms = 60000
	enable.metrics.push = true
	metadata.max.age.ms = 300000
	metadata.recovery.strategy = none
	metric.reporters = []
	metrics.num.samples = 2
	metrics.recording.level = INFO
	metrics.sample.window.ms = 30000
	receive.buffer.bytes = 65536
	reconnect.backoff.max.ms = 1000
	reconnect.backoff.ms = 50
	request.timeout.ms = 5000
	retries = 2147483647
	retry.backoff.max.ms = 1000
	retry.backoff.ms = 100
	sasl.client.callback.handler.class = null
	sasl.jaas.config = null
	sasl.kerberos.kinit.cmd = /usr/bin/kinit
	sasl.kerberos.min.time.before.relogin = 60000
	sasl.kerberos.service.name = null
	sasl.kerberos.ticket.renew.jitter = 0.05
	sasl.kerberos.ticket.renew.window.factor = 0.8
	sasl.login.callback.handler.class = null
	sasl.login.class = null
	sasl.login.connect.timeout.ms = null
	sasl.login.read.timeout.ms = null
	sasl.login.refresh.buffer.seconds = 300
	sasl.login.refresh.min.period.seconds = 60
	sasl.login.refresh.window.factor = 0.8
	sasl.login.refresh.window.jitter = 0.05
	sasl.login.retry.backoff.max.ms = 10000
	sasl.login.retry.backoff.ms = 100
	sasl.mechanism = GSSAPI
	sasl.oauthbearer.clock.skew.seconds = 30
	sasl.oauthbearer.expected.audience = null
	sasl.oauthbearer.expected.issuer = null
	sasl.oauthbearer.header.urlencode = false
	sasl.oauthbearer.jwks.endpoint.refresh.ms = 3600000
	sasl.oauthbearer.jwks.endpoint.retry.backoff.max.ms = 10000
	sasl.oauthbearer.jwks.endpoint.retry.backoff.ms = 100
	sasl.oauthbearer.jwks.endpoint.url = null
	sasl.oauthbearer.scope.claim.name = scope
	sasl.oauthbearer.sub.claim.name = sub
	sasl.oauthbearer.token.endpoint.url = null
	security.protocol = PLAINTEXT
	security.providers = null
	send.buffer.bytes = 131072
	socket.connection.setup.timeout.max.ms = 30000
	socket.connection.setup.timeout.ms = 10000
	ssl.cipher.suites = null
	ssl.enabled.protocols = [TLSv1.2, TLSv1.3]
	ssl.endpoint.identification.algorithm = https
	ssl.engine.factory.class = null
	ssl.key.password = null
	ssl.keymanager.algorithm = SunX509
	ssl.keystore.certificate.chain = null
	ssl.keystore.key = null
	ssl.keystore.location = null
	ssl.keystore.password = null
	ssl.keystore.type = JKS
	ssl.protocol = TLSv1.3
	ssl.provider = null
	ssl.secure.random.implementation = null
	ssl.trustmanager.algorithm = PKIX
	ssl.truststore.certificates = null
	ssl.truststore.location = null
	ssl.truststore.password = null
	ssl.truststore.type = JKS

2025-08-06 18:53:04,644 INFO  [org.apa.kaf.com.uti.AppInfoParser] (main) Kafka version: 3.9.1
2025-08-06 18:53:04,644 INFO  [org.apa.kaf.com.uti.AppInfoParser] (main) Kafka commitId: f745dfdcee2b9851
2025-08-06 18:53:04,644 INFO  [org.apa.kaf.com.uti.AppInfoParser] (main) Kafka startTimeMs: 1754506384644
2025-08-06 18:53:04,767 INFO  [io.api.tes.ser.con.BasicConfluentSerDesIT] (main) Checking that created schema is equal to the get schema
2025-08-06 18:53:04,794 INFO  [io.api.tes.ser.con.BasicConfluentSerDesIT] (main) Created schema with id:98 and name:s046eb681x3f39x4002x9128x677a633f6c63
**** Registry Base URL: http://registry-app-inmemory.apps.ci419.apicurio-testing.org:80
2025-08-06 18:53:04,801 INFO  [org.apa.kaf.cli.pro.ProducerConfig] (main) ProducerConfig values: 
	acks = -1
	auto.include.jmx.reporter = true
	batch.size = 16384
	bootstrap.servers = [PLAINTEXT://localhost:32769]
	buffer.memory = 33554432
	client.dns.lookup = use_all_dns_ips
	client.id = Producer-topic-3b562f52_5e25_47bf_aba4_e106887dabab
	compression.gzip.level = -1
	compression.lz4.level = 9
	compression.type = none
	compression.zstd.level = 3
	connections.max.idle.ms = 10000
	delivery.timeout.ms = 120000
	enable.idempotence = true
	enable.metrics.push = true
	interceptor.classes = []
	key.serializer = class org.apache.kafka.common.serialization.StringSerializer
	linger.ms = 0
	max.block.ms = 60000
	max.in.flight.requests.per.connection = 5
	max.request.size = 1048576
	metadata.max.age.ms = 300000
	metadata.max.idle.ms = 300000
	metadata.recovery.strategy = none
	metric.reporters = []
	metrics.num.samples = 2
	metrics.recording.level = INFO
	metrics.sample.window.ms = 30000
	partitioner.adaptive.partitioning.enable = true
	partitioner.availability.timeout.ms = 0
	partitioner.class = null
	partitioner.ignore.keys = false
	receive.buffer.bytes = 32768
	reconnect.backoff.max.ms = 1000
	reconnect.backoff.ms = 50
	request.timeout.ms = 5000
	retries = 2147483647
	retry.backoff.max.ms = 1000
	retry.backoff.ms = 100
	sasl.client.callback.handler.class = null
	sasl.jaas.config = null
	sasl.kerberos.kinit.cmd = /usr/bin/kinit
	sasl.kerberos.min.time.before.relogin = 60000
	sasl.kerberos.service.name = null
	sasl.kerberos.ticket.renew.jitter = 0.05
	sasl.kerberos.ticket.renew.window.factor = 0.8
	sasl.login.callback.handler.class = null
	sasl.login.class = null
	sasl.login.connect.timeout.ms = null
	sasl.login.read.timeout.ms = null
	sasl.login.refresh.buffer.seconds = 300
	sasl.login.refresh.min.period.seconds = 60
	sasl.login.refresh.window.factor = 0.8
	sasl.login.refresh.window.jitter = 0.05
	sasl.login.retry.backoff.max.ms = 10000
	sasl.login.retry.backoff.ms = 100
	sasl.mechanism = GSSAPI
	sasl.oauthbearer.clock.skew.seconds = 30
	sasl.oauthbearer.expected.audience = null
	sasl.oauthbearer.expected.issuer = null
	sasl.oauthbearer.header.urlencode = false
	sasl.oauthbearer.jwks.endpoint.refresh.ms = 3600000
	sasl.oauthbearer.jwks.endpoint.retry.backoff.max.ms = 10000
	sasl.oauthbearer.jwks.endpoint.retry.backoff.ms = 100
	sasl.oauthbearer.jwks.endpoint.url = null
	sasl.oauthbearer.scope.claim.name = scope
	sasl.oauthbearer.sub.claim.name = sub
	sasl.oauthbearer.token.endpoint.url = null
	security.protocol = PLAINTEXT
	security.providers = null
	send.buffer.bytes = 131072
	socket.connection.setup.timeout.max.ms = 30000
	socket.connection.setup.timeout.ms = 10000
	ssl.cipher.suites = null
	ssl.enabled.protocols = [TLSv1.2, TLSv1.3]
	ssl.endpoint.identification.algorithm = https
	ssl.engine.factory.class = null
	ssl.key.password = null
	ssl.keymanager.algorithm = SunX509
	ssl.keystore.certificate.chain = null
	ssl.keystore.key = null
	ssl.keystore.location = null
	ssl.keystore.password = null
	ssl.keystore.type = JKS
	ssl.protocol = TLSv1.3
	ssl.provider = null
	ssl.secure.random.implementation = null
	ssl.trustmanager.algorithm = PKIX
	ssl.truststore.certificates = null
	ssl.truststore.location = null
	ssl.truststore.password = null
	ssl.truststore.type = JKS
	transaction.timeout.ms = 60000
	transactional.id = null
	value.serializer = class io.confluent.kafka.serializers.KafkaAvroSerializer

2025-08-06 18:53:04,801 INFO  [org.apa.kaf.com.tel.int.KafkaMetricsCollector] (main) initializing Kafka metrics collector
2025-08-06 18:53:04,805 INFO  [io.con.kaf.ser.KafkaAvroSerializerConfig] (main) KafkaAvroSerializerConfig values: 
	auto.register.schemas = false
	avro.reflection.allow.null = false
	avro.remove.java.properties = false
	avro.use.logical.type.converters = false
	basic.auth.credentials.source = URL
	basic.auth.user.info = [hidden]
	bearer.auth.cache.expiry.buffer.seconds = 300
	bearer.auth.client.id = null
	bearer.auth.client.secret = null
	bearer.auth.credentials.source = STATIC_TOKEN
	bearer.auth.custom.provider.class = null
	bearer.auth.identity.pool.id = null
	bearer.auth.issuer.endpoint.url = null
	bearer.auth.logical.cluster = null
	bearer.auth.scope = null
	bearer.auth.scope.claim.name = scope
	bearer.auth.sub.claim.name = sub
	bearer.auth.token = [hidden]
	context.name.strategy = class io.confluent.kafka.serializers.context.NullContextNameStrategy
	http.connect.timeout.ms = 60000
	http.read.timeout.ms = 60000
	id.compatibility.strict = true
	key.schema.id.deserializer = class io.confluent.kafka.serializers.schema.id.DualSchemaIdDeserializer
	key.schema.id.serializer = class io.confluent.kafka.serializers.schema.id.PrefixSchemaIdSerializer
	key.subject.name.strategy = class io.confluent.kafka.serializers.subject.TopicNameStrategy
	latest.cache.size = 1000
	latest.cache.ttl.sec = -1
	latest.compatibility.strict = true
	max.retries = 3
	max.schemas.per.subject = 1000
	normalize.schemas = false
	propagate.schema.tags = false
	proxy.host = 
	proxy.port = -1
	retries.max.wait.ms = 20000
	retries.wait.ms = 1000
	rule.actions = []
	rule.executors = []
	rule.service.loader.enable = true
	schema.format = null
	schema.reflection = false
	schema.registry.basic.auth.user.info = [hidden]
	schema.registry.ssl.cipher.suites = null
	schema.registry.ssl.enabled.protocols = [TLSv1.2, TLSv1.3]
	schema.registry.ssl.endpoint.identification.algorithm = https
	schema.registry.ssl.engine.factory.class = null
	schema.registry.ssl.key.password = null
	schema.registry.ssl.keymanager.algorithm = SunX509
	schema.registry.ssl.keystore.certificate.chain = null
	schema.registry.ssl.keystore.key = null
	schema.registry.ssl.keystore.location = null
	schema.registry.ssl.keystore.password = null
	schema.registry.ssl.keystore.type = JKS
	schema.registry.ssl.protocol = TLSv1.3
	schema.registry.ssl.provider = null
	schema.registry.ssl.secure.random.implementation = null
	schema.registry.ssl.trustmanager.algorithm = PKIX
	schema.registry.ssl.truststore.certificates = null
	schema.registry.ssl.truststore.location = null
	schema.registry.ssl.truststore.password = null
	schema.registry.ssl.truststore.type = JKS
	schema.registry.url = [http://registry-app-inmemory.apps.ci419.apicurio-testing.org:80/apis/ccompat/v7]
	schema.registry.url.randomize = false
	use.latest.version = false
	use.latest.with.metadata = null
	use.schema.id = -1
	value.schema.id.deserializer = class io.confluent.kafka.serializers.schema.id.DualSchemaIdDeserializer
	value.schema.id.serializer = class io.confluent.kafka.serializers.schema.id.PrefixSchemaIdSerializer
	value.subject.name.strategy = class io.confluent.kafka.serializers.subject.TopicRecordNameStrategy

2025-08-06 18:53:04,826 INFO  [org.apa.kaf.cli.pro.KafkaProducer] (main) [Producer clientId=Producer-topic-3b562f52_5e25_47bf_aba4_e106887dabab] Instantiated an idempotent producer.
2025-08-06 18:53:04,833 INFO  [org.apa.kaf.cli.pro.ProducerConfig] (main) These configurations '[schema.registry.url, auto.register.schemas, value.subject.name.strategy]' were supplied but are not used yet.
2025-08-06 18:53:04,833 INFO  [org.apa.kaf.com.uti.AppInfoParser] (main) Kafka version: 3.9.1
2025-08-06 18:53:04,833 INFO  [org.apa.kaf.com.uti.AppInfoParser] (main) Kafka commitId: f745dfdcee2b9851
2025-08-06 18:53:04,833 INFO  [org.apa.kaf.com.uti.AppInfoParser] (main) Kafka startTimeMs: 1754506384833
2025-08-06 18:53:04,836 INFO  [org.apa.kaf.cli.Metadata] (kafka-producer-network-thread | Producer-topic-3b562f52_5e25_47bf_aba4_e106887dabab) [Producer clientId=Producer-topic-3b562f52_5e25_47bf_aba4_e106887dabab] Cluster ID: EV4Uys23RNi7BwH7MVj6Ag
2025-08-06 18:53:04,836 INFO  [org.apa.kaf.cli.pro.int.TransactionManager] (kafka-producer-network-thread | Producer-topic-3b562f52_5e25_47bf_aba4_e106887dabab) [Producer clientId=Producer-topic-3b562f52_5e25_47bf_aba4_e106887dabab] ProducerId set to 39 with epoch 0
**** Registry Base URL: http://registry-app-inmemory.apps.ci419.apicurio-testing.org:80
2025-08-06 18:53:04,838 INFO  [org.apa.kaf.cli.con.ConsumerConfig] (main) ConsumerConfig values: 
	allow.auto.create.topics = true
	auto.commit.interval.ms = 500
	auto.include.jmx.reporter = true
	auto.offset.reset = earliest
	bootstrap.servers = [PLAINTEXT://localhost:32769]
	check.crcs = true
	client.dns.lookup = use_all_dns_ips
	client.id = consumer-Consumer-topic-3b562f52_5e25_47bf_aba4_e106887dabab-31
	client.rack = 
	connections.max.idle.ms = 10000
	default.api.timeout.ms = 60000
	enable.auto.commit = true
	enable.metrics.push = true
	exclude.internal.topics = true
	fetch.max.bytes = 52428800
	fetch.max.wait.ms = 500
	fetch.min.bytes = 1
	group.id = Consumer-topic-3b562f52_5e25_47bf_aba4_e106887dabab
	group.instance.id = null
	group.protocol = classic
	group.remote.assignor = null
	heartbeat.interval.ms = 3000
	interceptor.classes = []
	internal.leave.group.on.close = true
	internal.throw.on.fetch.stable.offset.unsupported = false
	isolation.level = read_uncommitted
	key.deserializer = class org.apache.kafka.common.serialization.StringDeserializer
	max.partition.fetch.bytes = 1048576
	max.poll.interval.ms = 300000
	max.poll.records = 500
	metadata.max.age.ms = 300000
	metadata.recovery.strategy = none
	metric.reporters = []
	metrics.num.samples = 2
	metrics.recording.level = INFO
	metrics.sample.window.ms = 30000
	partition.assignment.strategy = [class org.apache.kafka.clients.consumer.RangeAssignor, class org.apache.kafka.clients.consumer.CooperativeStickyAssignor]
	receive.buffer.bytes = 65536
	reconnect.backoff.max.ms = 1000
	reconnect.backoff.ms = 50
	request.timeout.ms = 5000
	retry.backoff.max.ms = 1000
	retry.backoff.ms = 100
	sasl.client.callback.handler.class = null
	sasl.jaas.config = null
	sasl.kerberos.kinit.cmd = /usr/bin/kinit
	sasl.kerberos.min.time.before.relogin = 60000
	sasl.kerberos.service.name = null
	sasl.kerberos.ticket.renew.jitter = 0.05
	sasl.kerberos.ticket.renew.window.factor = 0.8
	sasl.login.callback.handler.class = null
	sasl.login.class = null
	sasl.login.connect.timeout.ms = null
	sasl.login.read.timeout.ms = null
	sasl.login.refresh.buffer.seconds = 300
	sasl.login.refresh.min.period.seconds = 60
	sasl.login.refresh.window.factor = 0.8
	sasl.login.refresh.window.jitter = 0.05
	sasl.login.retry.backoff.max.ms = 10000
	sasl.login.retry.backoff.ms = 100
	sasl.mechanism = GSSAPI
	sasl.oauthbearer.clock.skew.seconds = 30
	sasl.oauthbearer.expected.audience = null
	sasl.oauthbearer.expected.issuer = null
	sasl.oauthbearer.header.urlencode = false
	sasl.oauthbearer.jwks.endpoint.refresh.ms = 3600000
	sasl.oauthbearer.jwks.endpoint.retry.backoff.max.ms = 10000
	sasl.oauthbearer.jwks.endpoint.retry.backoff.ms = 100
	sasl.oauthbearer.jwks.endpoint.url = null
	sasl.oauthbearer.scope.claim.name = scope
	sasl.oauthbearer.sub.claim.name = sub
	sasl.oauthbearer.token.endpoint.url = null
	security.protocol = PLAINTEXT
	security.providers = null
	send.buffer.bytes = 131072
	session.timeout.ms = 45000
	socket.connection.setup.timeout.max.ms = 30000
	socket.connection.setup.timeout.ms = 10000
	ssl.cipher.suites = null
	ssl.enabled.protocols = [TLSv1.2, TLSv1.3]
	ssl.endpoint.identification.algorithm = https
	ssl.engine.factory.class = null
	ssl.key.password = null
	ssl.keymanager.algorithm = SunX509
	ssl.keystore.certificate.chain = null
	ssl.keystore.key = null
	ssl.keystore.location = null
	ssl.keystore.password = null
	ssl.keystore.type = JKS
	ssl.protocol = TLSv1.3
	ssl.provider = null
	ssl.secure.random.implementation = null
	ssl.trustmanager.algorithm = PKIX
	ssl.truststore.certificates = null
	ssl.truststore.location = null
	ssl.truststore.password = null
	ssl.truststore.type = JKS
	value.deserializer = class io.confluent.kafka.serializers.KafkaAvroDeserializer

2025-08-06 18:53:04,838 INFO  [org.apa.kaf.com.tel.int.KafkaMetricsCollector] (main) initializing Kafka metrics collector
2025-08-06 18:53:04,839 INFO  [io.con.kaf.ser.KafkaAvroDeserializerConfig] (main) KafkaAvroDeserializerConfig values: 
	auto.register.schemas = true
	avro.reflection.allow.null = false
	avro.use.logical.type.converters = false
	basic.auth.credentials.source = URL
	basic.auth.user.info = [hidden]
	bearer.auth.cache.expiry.buffer.seconds = 300
	bearer.auth.client.id = null
	bearer.auth.client.secret = null
	bearer.auth.credentials.source = STATIC_TOKEN
	bearer.auth.custom.provider.class = null
	bearer.auth.identity.pool.id = null
	bearer.auth.issuer.endpoint.url = null
	bearer.auth.logical.cluster = null
	bearer.auth.scope = null
	bearer.auth.scope.claim.name = scope
	bearer.auth.sub.claim.name = sub
	bearer.auth.token = [hidden]
	context.name.strategy = class io.confluent.kafka.serializers.context.NullContextNameStrategy
	http.connect.timeout.ms = 60000
	http.read.timeout.ms = 60000
	id.compatibility.strict = true
	key.schema.id.deserializer = class io.confluent.kafka.serializers.schema.id.DualSchemaIdDeserializer
	key.schema.id.serializer = class io.confluent.kafka.serializers.schema.id.PrefixSchemaIdSerializer
	key.subject.name.strategy = class io.confluent.kafka.serializers.subject.TopicNameStrategy
	latest.cache.size = 1000
	latest.cache.ttl.sec = -1
	latest.compatibility.strict = true
	max.retries = 3
	max.schemas.per.subject = 1000
	normalize.schemas = false
	propagate.schema.tags = false
	proxy.host = 
	proxy.port = -1
	retries.max.wait.ms = 20000
	retries.wait.ms = 1000
	rule.actions = []
	rule.executors = []
	rule.service.loader.enable = true
	schema.format = null
	schema.reflection = false
	schema.registry.basic.auth.user.info = [hidden]
	schema.registry.ssl.cipher.suites = null
	schema.registry.ssl.enabled.protocols = [TLSv1.2, TLSv1.3]
	schema.registry.ssl.endpoint.identification.algorithm = https
	schema.registry.ssl.engine.factory.class = null
	schema.registry.ssl.key.password = null
	schema.registry.ssl.keymanager.algorithm = SunX509
	schema.registry.ssl.keystore.certificate.chain = null
	schema.registry.ssl.keystore.key = null
	schema.registry.ssl.keystore.location = null
	schema.registry.ssl.keystore.password = null
	schema.registry.ssl.keystore.type = JKS
	schema.registry.ssl.protocol = TLSv1.3
	schema.registry.ssl.provider = null
	schema.registry.ssl.secure.random.implementation = null
	schema.registry.ssl.trustmanager.algorithm = PKIX
	schema.registry.ssl.truststore.certificates = null
	schema.registry.ssl.truststore.location = null
	schema.registry.ssl.truststore.password = null
	schema.registry.ssl.truststore.type = JKS
	schema.registry.url = [http://registry-app-inmemory.apps.ci419.apicurio-testing.org:80/apis/ccompat/v7]
	schema.registry.url.randomize = false
	specific.avro.key.type = null
	specific.avro.reader = false
	specific.avro.value.type = null
	use.latest.version = false
	use.latest.with.metadata = null
	use.schema.id = -1
	value.schema.id.deserializer = class io.confluent.kafka.serializers.schema.id.DualSchemaIdDeserializer
	value.schema.id.serializer = class io.confluent.kafka.serializers.schema.id.PrefixSchemaIdSerializer
	value.subject.name.strategy = class io.confluent.kafka.serializers.subject.TopicNameStrategy

2025-08-06 18:53:04,845 INFO  [org.apa.kaf.cli.con.ConsumerConfig] (main) These configurations '[schema.registry.url]' were supplied but are not used yet.
2025-08-06 18:53:04,845 INFO  [org.apa.kaf.com.uti.AppInfoParser] (main) Kafka version: 3.9.1
2025-08-06 18:53:04,845 INFO  [org.apa.kaf.com.uti.AppInfoParser] (main) Kafka commitId: f745dfdcee2b9851
2025-08-06 18:53:04,845 INFO  [org.apa.kaf.com.uti.AppInfoParser] (main) Kafka startTimeMs: 1754506384845
2025-08-06 18:53:04,845 INFO  [io.api.tes.ser.api.KafkaSerdesTester] (Thread-839) Sending message {"key1": "value-0"} to topic topic-3b562f52_5e25_47bf_aba4_e106887dabab
2025-08-06 18:53:04,877 INFO  [io.api.tes.ser.api.KafkaSerdesTester] (Thread-839) Sending message {"key1": "value-1"} to topic topic-3b562f52_5e25_47bf_aba4_e106887dabab
2025-08-06 18:53:04,880 INFO  [io.api.tes.ser.api.KafkaSerdesTester] (Thread-839) Sending message {"key1": "value-2"} to topic topic-3b562f52_5e25_47bf_aba4_e106887dabab
2025-08-06 18:53:04,882 INFO  [io.api.tes.ser.api.KafkaSerdesTester] (Thread-839) Sending message {"key1": "value-3"} to topic topic-3b562f52_5e25_47bf_aba4_e106887dabab
2025-08-06 18:53:04,883 INFO  [io.api.tes.ser.api.KafkaSerdesTester] (Thread-839) Sending message {"key1": "value-4"} to topic topic-3b562f52_5e25_47bf_aba4_e106887dabab
2025-08-06 18:53:04,884 INFO  [io.api.tes.ser.api.KafkaSerdesTester] (Thread-839) Sending message {"key1": "value-5"} to topic topic-3b562f52_5e25_47bf_aba4_e106887dabab
2025-08-06 18:53:04,886 INFO  [io.api.tes.ser.api.KafkaSerdesTester] (Thread-839) Sending message {"key1": "value-6"} to topic topic-3b562f52_5e25_47bf_aba4_e106887dabab
2025-08-06 18:53:04,887 INFO  [io.api.tes.ser.api.KafkaSerdesTester] (Thread-839) Sending message {"key1": "value-7"} to topic topic-3b562f52_5e25_47bf_aba4_e106887dabab
2025-08-06 18:53:04,889 INFO  [io.api.tes.ser.api.KafkaSerdesTester] (Thread-839) Sending message {"key1": "value-8"} to topic topic-3b562f52_5e25_47bf_aba4_e106887dabab
2025-08-06 18:53:04,891 INFO  [io.api.tes.ser.api.KafkaSerdesTester] (Thread-839) Sending message {"key1": "value-9"} to topic topic-3b562f52_5e25_47bf_aba4_e106887dabab
2025-08-06 18:53:04,892 INFO  [io.api.tes.ser.api.KafkaSerdesTester] (Thread-839) Produced 10 messages
2025-08-06 18:53:04,892 INFO  [org.apa.kaf.cli.pro.KafkaProducer] (Thread-839) [Producer clientId=Producer-topic-3b562f52_5e25_47bf_aba4_e106887dabab] Closing the Kafka producer with timeoutMillis = 9223372036854775807 ms.
2025-08-06 18:53:04,894 INFO  [org.apa.kaf.com.met.Metrics] (Thread-839) Metrics scheduler closed
2025-08-06 18:53:04,894 INFO  [org.apa.kaf.com.met.Metrics] (Thread-839) Closing reporter org.apache.kafka.common.metrics.JmxReporter
2025-08-06 18:53:04,894 INFO  [org.apa.kaf.com.met.Metrics] (Thread-839) Closing reporter org.apache.kafka.common.telemetry.internals.ClientTelemetryReporter
2025-08-06 18:53:04,894 INFO  [org.apa.kaf.com.met.Metrics] (Thread-839) Metrics reporters closed
2025-08-06 18:53:04,895 INFO  [org.apa.kaf.com.uti.AppInfoParser] (Thread-839) App info kafka.producer for Producer-topic-3b562f52_5e25_47bf_aba4_e106887dabab unregistered
2025-08-06 18:53:04,895 INFO  [org.apa.kaf.cli.con.int.ClassicKafkaConsumer] (Thread-840) [Consumer clientId=consumer-Consumer-topic-3b562f52_5e25_47bf_aba4_e106887dabab-31, groupId=Consumer-topic-3b562f52_5e25_47bf_aba4_e106887dabab] Subscribed to topic(s): topic-3b562f52_5e25_47bf_aba4_e106887dabab
2025-08-06 18:53:04,899 INFO  [org.apa.kaf.cli.Metadata] (Thread-840) [Consumer clientId=consumer-Consumer-topic-3b562f52_5e25_47bf_aba4_e106887dabab-31, groupId=Consumer-topic-3b562f52_5e25_47bf_aba4_e106887dabab] Cluster ID: EV4Uys23RNi7BwH7MVj6Ag
2025-08-06 18:53:04,899 INFO  [org.apa.kaf.cli.con.int.ConsumerCoordinator] (Thread-840) [Consumer clientId=consumer-Consumer-topic-3b562f52_5e25_47bf_aba4_e106887dabab-31, groupId=Consumer-topic-3b562f52_5e25_47bf_aba4_e106887dabab] Discovered group coordinator localhost:32769 (id: 2147483647 rack: null)
2025-08-06 18:53:04,900 INFO  [org.apa.kaf.cli.con.int.ConsumerCoordinator] (Thread-840) [Consumer clientId=consumer-Consumer-topic-3b562f52_5e25_47bf_aba4_e106887dabab-31, groupId=Consumer-topic-3b562f52_5e25_47bf_aba4_e106887dabab] (Re-)joining group
2025-08-06 18:53:04,902 INFO  [org.apa.kaf.cli.con.int.ConsumerCoordinator] (Thread-840) [Consumer clientId=consumer-Consumer-topic-3b562f52_5e25_47bf_aba4_e106887dabab-31, groupId=Consumer-topic-3b562f52_5e25_47bf_aba4_e106887dabab] Request joining group due to: need to re-join with the given member-id: consumer-Consumer-topic-3b562f52_5e25_47bf_aba4_e106887dabab-31-aacfd37a-4592-4291-b5f0-3b48e9477307
2025-08-06 18:53:04,902 INFO  [org.apa.kaf.cli.con.int.ConsumerCoordinator] (Thread-840) [Consumer clientId=consumer-Consumer-topic-3b562f52_5e25_47bf_aba4_e106887dabab-31, groupId=Consumer-topic-3b562f52_5e25_47bf_aba4_e106887dabab] (Re-)joining group
2025-08-06 18:53:05,895 INFO  [io.api.tes.ser.api.KafkaSerdesTester] (Thread-840) None found
2025-08-06 18:53:06,896 INFO  [io.api.tes.ser.api.KafkaSerdesTester] (Thread-840) None found
2025-08-06 18:53:07,896 INFO  [io.api.tes.ser.api.KafkaSerdesTester] (Thread-840) None found
2025-08-06 18:53:07,902 INFO  [org.apa.kaf.cli.con.int.ConsumerCoordinator] (Thread-840) [Consumer clientId=consumer-Consumer-topic-3b562f52_5e25_47bf_aba4_e106887dabab-31, groupId=Consumer-topic-3b562f52_5e25_47bf_aba4_e106887dabab] Successfully joined group with generation Generation{generationId=1, memberId='consumer-Consumer-topic-3b562f52_5e25_47bf_aba4_e106887dabab-31-aacfd37a-4592-4291-b5f0-3b48e9477307', protocol='range'}
2025-08-06 18:53:07,903 INFO  [org.apa.kaf.cli.con.int.ConsumerCoordinator] (Thread-840) [Consumer clientId=consumer-Consumer-topic-3b562f52_5e25_47bf_aba4_e106887dabab-31, groupId=Consumer-topic-3b562f52_5e25_47bf_aba4_e106887dabab] Finished assignment for group at generation 1: {consumer-Consumer-topic-3b562f52_5e25_47bf_aba4_e106887dabab-31-aacfd37a-4592-4291-b5f0-3b48e9477307=Assignment(partitions=[topic-3b562f52_5e25_47bf_aba4_e106887dabab-0])}
2025-08-06 18:53:07,909 INFO  [org.apa.kaf.cli.con.int.ConsumerCoordinator] (Thread-840) [Consumer clientId=consumer-Consumer-topic-3b562f52_5e25_47bf_aba4_e106887dabab-31, groupId=Consumer-topic-3b562f52_5e25_47bf_aba4_e106887dabab] Successfully synced group in generation Generation{generationId=1, memberId='consumer-Consumer-topic-3b562f52_5e25_47bf_aba4_e106887dabab-31-aacfd37a-4592-4291-b5f0-3b48e9477307', protocol='range'}
2025-08-06 18:53:07,909 INFO  [org.apa.kaf.cli.con.int.ConsumerCoordinator] (Thread-840) [Consumer clientId=consumer-Consumer-topic-3b562f52_5e25_47bf_aba4_e106887dabab-31, groupId=Consumer-topic-3b562f52_5e25_47bf_aba4_e106887dabab] Notifying assignor about the new Assignment(partitions=[topic-3b562f52_5e25_47bf_aba4_e106887dabab-0])
2025-08-06 18:53:07,909 INFO  [org.apa.kaf.cli.con.int.ConsumerRebalanceListenerInvoker] (Thread-840) [Consumer clientId=consumer-Consumer-topic-3b562f52_5e25_47bf_aba4_e106887dabab-31, groupId=Consumer-topic-3b562f52_5e25_47bf_aba4_e106887dabab] Adding newly assigned partitions: topic-3b562f52_5e25_47bf_aba4_e106887dabab-0
2025-08-06 18:53:07,910 INFO  [org.apa.kaf.cli.con.int.ConsumerCoordinator] (Thread-840) [Consumer clientId=consumer-Consumer-topic-3b562f52_5e25_47bf_aba4_e106887dabab-31, groupId=Consumer-topic-3b562f52_5e25_47bf_aba4_e106887dabab] Found no committed offset for partition topic-3b562f52_5e25_47bf_aba4_e106887dabab-0
2025-08-06 18:53:07,912 INFO  [org.apa.kaf.cli.con.int.SubscriptionState] (Thread-840) [Consumer clientId=consumer-Consumer-topic-3b562f52_5e25_47bf_aba4_e106887dabab-31, groupId=Consumer-topic-3b562f52_5e25_47bf_aba4_e106887dabab] Resetting offset for partition topic-3b562f52_5e25_47bf_aba4_e106887dabab-0 to position FetchPosition{offset=0, offsetEpoch=Optional.empty, currentLeader=LeaderAndEpoch{leader=Optional[localhost:32769 (id: 0 rack: null)], epoch=0}}.
2025-08-06 18:53:07,926 INFO  [io.api.tes.ser.api.KafkaSerdesTester] (Thread-840) topic-3b562f52_5e25_47bf_aba4_e106887dabab 0 0 {"key1": "value-0"}
2025-08-06 18:53:07,926 INFO  [io.api.tes.ser.api.KafkaSerdesTester] (Thread-840) topic-3b562f52_5e25_47bf_aba4_e106887dabab 0 1 {"key1": "value-1"}
2025-08-06 18:53:07,926 INFO  [io.api.tes.ser.api.KafkaSerdesTester] (Thread-840) topic-3b562f52_5e25_47bf_aba4_e106887dabab 0 2 {"key1": "value-2"}
2025-08-06 18:53:07,926 INFO  [io.api.tes.ser.api.KafkaSerdesTester] (Thread-840) topic-3b562f52_5e25_47bf_aba4_e106887dabab 0 3 {"key1": "value-3"}
2025-08-06 18:53:07,926 INFO  [io.api.tes.ser.api.KafkaSerdesTester] (Thread-840) topic-3b562f52_5e25_47bf_aba4_e106887dabab 0 4 {"key1": "value-4"}
2025-08-06 18:53:07,926 INFO  [io.api.tes.ser.api.KafkaSerdesTester] (Thread-840) topic-3b562f52_5e25_47bf_aba4_e106887dabab 0 5 {"key1": "value-5"}
2025-08-06 18:53:07,927 INFO  [io.api.tes.ser.api.KafkaSerdesTester] (Thread-840) topic-3b562f52_5e25_47bf_aba4_e106887dabab 0 6 {"key1": "value-6"}
2025-08-06 18:53:07,927 INFO  [io.api.tes.ser.api.KafkaSerdesTester] (Thread-840) topic-3b562f52_5e25_47bf_aba4_e106887dabab 0 7 {"key1": "value-7"}
2025-08-06 18:53:07,927 INFO  [io.api.tes.ser.api.KafkaSerdesTester] (Thread-840) topic-3b562f52_5e25_47bf_aba4_e106887dabab 0 8 {"key1": "value-8"}
2025-08-06 18:53:07,927 INFO  [io.api.tes.ser.api.KafkaSerdesTester] (Thread-840) topic-3b562f52_5e25_47bf_aba4_e106887dabab 0 9 {"key1": "value-9"}
2025-08-06 18:53:07,927 INFO  [io.api.tes.ser.api.KafkaSerdesTester] (Thread-840) Consumed 10 messages
2025-08-06 18:53:07,932 INFO  [org.apa.kaf.cli.con.int.ConsumerRebalanceListenerInvoker] (Thread-840) [Consumer clientId=consumer-Consumer-topic-3b562f52_5e25_47bf_aba4_e106887dabab-31, groupId=Consumer-topic-3b562f52_5e25_47bf_aba4_e106887dabab] Revoke previously assigned partitions topic-3b562f52_5e25_47bf_aba4_e106887dabab-0
2025-08-06 18:53:07,932 INFO  [org.apa.kaf.cli.con.int.ConsumerCoordinator] (Thread-840) [Consumer clientId=consumer-Consumer-topic-3b562f52_5e25_47bf_aba4_e106887dabab-31, groupId=Consumer-topic-3b562f52_5e25_47bf_aba4_e106887dabab] Member consumer-Consumer-topic-3b562f52_5e25_47bf_aba4_e106887dabab-31-aacfd37a-4592-4291-b5f0-3b48e9477307 sending LeaveGroup request to coordinator localhost:32769 (id: 2147483647 rack: null) due to the consumer is being closed
2025-08-06 18:53:07,933 INFO  [org.apa.kaf.cli.con.int.ConsumerCoordinator] (Thread-840) [Consumer clientId=consumer-Consumer-topic-3b562f52_5e25_47bf_aba4_e106887dabab-31, groupId=Consumer-topic-3b562f52_5e25_47bf_aba4_e106887dabab] Resetting generation and member id due to: consumer pro-actively leaving the group
2025-08-06 18:53:07,933 INFO  [org.apa.kaf.cli.con.int.ConsumerCoordinator] (Thread-840) [Consumer clientId=consumer-Consumer-topic-3b562f52_5e25_47bf_aba4_e106887dabab-31, groupId=Consumer-topic-3b562f52_5e25_47bf_aba4_e106887dabab] Request joining group due to: consumer pro-actively leaving the group
2025-08-06 18:53:08,428 INFO  [org.apa.kaf.com.met.Metrics] (Thread-840) Metrics scheduler closed
2025-08-06 18:53:08,429 INFO  [org.apa.kaf.com.met.Metrics] (Thread-840) Closing reporter org.apache.kafka.common.metrics.JmxReporter
2025-08-06 18:53:08,429 INFO  [org.apa.kaf.com.met.Metrics] (Thread-840) Closing reporter org.apache.kafka.common.telemetry.internals.ClientTelemetryReporter
2025-08-06 18:53:08,429 INFO  [org.apa.kaf.com.met.Metrics] (Thread-840) Metrics reporters closed
2025-08-06 18:53:08,430 INFO  [org.apa.kaf.com.uti.AppInfoParser] (Thread-840) App info kafka.consumer for consumer-Consumer-topic-3b562f52_5e25_47bf_aba4_e106887dabab-31 unregistered
**** Registry Base URL: http://registry-app-inmemory.apps.ci419.apicurio-testing.org:80
2025-08-06 18:53:09,461 INFO  [org.apa.kaf.cli.pro.ProducerConfig] (main) ProducerConfig values: 
	acks = -1
	auto.include.jmx.reporter = true
	batch.size = 16384
	bootstrap.servers = [PLAINTEXT://localhost:32769]
	buffer.memory = 33554432
	client.dns.lookup = use_all_dns_ips
	client.id = Producer-topic-3b562f52_5e25_47bf_aba4_e106887dabab
	compression.gzip.level = -1
	compression.lz4.level = 9
	compression.type = none
	compression.zstd.level = 3
	connections.max.idle.ms = 10000
	delivery.timeout.ms = 120000
	enable.idempotence = true
	enable.metrics.push = true
	interceptor.classes = []
	key.serializer = class org.apache.kafka.common.serialization.StringSerializer
	linger.ms = 0
	max.block.ms = 60000
	max.in.flight.requests.per.connection = 5
	max.request.size = 1048576
	metadata.max.age.ms = 300000
	metadata.max.idle.ms = 300000
	metadata.recovery.strategy = none
	metric.reporters = []
	metrics.num.samples = 2
	metrics.recording.level = INFO
	metrics.sample.window.ms = 30000
	partitioner.adaptive.partitioning.enable = true
	partitioner.availability.timeout.ms = 0
	partitioner.class = null
	partitioner.ignore.keys = false
	receive.buffer.bytes = 32768
	reconnect.backoff.max.ms = 1000
	reconnect.backoff.ms = 50
	request.timeout.ms = 5000
	retries = 2147483647
	retry.backoff.max.ms = 1000
	retry.backoff.ms = 100
	sasl.client.callback.handler.class = null
	sasl.jaas.config = null
	sasl.kerberos.kinit.cmd = /usr/bin/kinit
	sasl.kerberos.min.time.before.relogin = 60000
	sasl.kerberos.service.name = null
	sasl.kerberos.ticket.renew.jitter = 0.05
	sasl.kerberos.ticket.renew.window.factor = 0.8
	sasl.login.callback.handler.class = null
	sasl.login.class = null
	sasl.login.connect.timeout.ms = null
	sasl.login.read.timeout.ms = null
	sasl.login.refresh.buffer.seconds = 300
	sasl.login.refresh.min.period.seconds = 60
	sasl.login.refresh.window.factor = 0.8
	sasl.login.refresh.window.jitter = 0.05
	sasl.login.retry.backoff.max.ms = 10000
	sasl.login.retry.backoff.ms = 100
	sasl.mechanism = GSSAPI
	sasl.oauthbearer.clock.skew.seconds = 30
	sasl.oauthbearer.expected.audience = null
	sasl.oauthbearer.expected.issuer = null
	sasl.oauthbearer.header.urlencode = false
	sasl.oauthbearer.jwks.endpoint.refresh.ms = 3600000
	sasl.oauthbearer.jwks.endpoint.retry.backoff.max.ms = 10000
	sasl.oauthbearer.jwks.endpoint.retry.backoff.ms = 100
	sasl.oauthbearer.jwks.endpoint.url = null
	sasl.oauthbearer.scope.claim.name = scope
	sasl.oauthbearer.sub.claim.name = sub
	sasl.oauthbearer.token.endpoint.url = null
	security.protocol = PLAINTEXT
	security.providers = null
	send.buffer.bytes = 131072
	socket.connection.setup.timeout.max.ms = 30000
	socket.connection.setup.timeout.ms = 10000
	ssl.cipher.suites = null
	ssl.enabled.protocols = [TLSv1.2, TLSv1.3]
	ssl.endpoint.identification.algorithm = https
	ssl.engine.factory.class = null
	ssl.key.password = null
	ssl.keymanager.algorithm = SunX509
	ssl.keystore.certificate.chain = null
	ssl.keystore.key = null
	ssl.keystore.location = null
	ssl.keystore.password = null
	ssl.keystore.type = JKS
	ssl.protocol = TLSv1.3
	ssl.provider = null
	ssl.secure.random.implementation = null
	ssl.trustmanager.algorithm = PKIX
	ssl.truststore.certificates = null
	ssl.truststore.location = null
	ssl.truststore.password = null
	ssl.truststore.type = JKS
	transaction.timeout.ms = 60000
	transactional.id = null
	value.serializer = class io.confluent.kafka.serializers.KafkaAvroSerializer

2025-08-06 18:53:09,461 INFO  [org.apa.kaf.com.tel.int.KafkaMetricsCollector] (main) initializing Kafka metrics collector
2025-08-06 18:53:09,462 INFO  [io.con.kaf.ser.KafkaAvroSerializerConfig] (main) KafkaAvroSerializerConfig values: 
	auto.register.schemas = false
	avro.reflection.allow.null = false
	avro.remove.java.properties = false
	avro.use.logical.type.converters = false
	basic.auth.credentials.source = URL
	basic.auth.user.info = [hidden]
	bearer.auth.cache.expiry.buffer.seconds = 300
	bearer.auth.client.id = null
	bearer.auth.client.secret = null
	bearer.auth.credentials.source = STATIC_TOKEN
	bearer.auth.custom.provider.class = null
	bearer.auth.identity.pool.id = null
	bearer.auth.issuer.endpoint.url = null
	bearer.auth.logical.cluster = null
	bearer.auth.scope = null
	bearer.auth.scope.claim.name = scope
	bearer.auth.sub.claim.name = sub
	bearer.auth.token = [hidden]
	context.name.strategy = class io.confluent.kafka.serializers.context.NullContextNameStrategy
	http.connect.timeout.ms = 60000
	http.read.timeout.ms = 60000
	id.compatibility.strict = true
	key.schema.id.deserializer = class io.confluent.kafka.serializers.schema.id.DualSchemaIdDeserializer
	key.schema.id.serializer = class io.confluent.kafka.serializers.schema.id.PrefixSchemaIdSerializer
	key.subject.name.strategy = class io.confluent.kafka.serializers.subject.TopicNameStrategy
	latest.cache.size = 1000
	latest.cache.ttl.sec = -1
	latest.compatibility.strict = true
	max.retries = 3
	max.schemas.per.subject = 1000
	normalize.schemas = false
	propagate.schema.tags = false
	proxy.host = 
	proxy.port = -1
	retries.max.wait.ms = 20000
	retries.wait.ms = 1000
	rule.actions = []
	rule.executors = []
	rule.service.loader.enable = true
	schema.format = null
	schema.reflection = false
	schema.registry.basic.auth.user.info = [hidden]
	schema.registry.ssl.cipher.suites = null
	schema.registry.ssl.enabled.protocols = [TLSv1.2, TLSv1.3]
	schema.registry.ssl.endpoint.identification.algorithm = https
	schema.registry.ssl.engine.factory.class = null
	schema.registry.ssl.key.password = null
	schema.registry.ssl.keymanager.algorithm = SunX509
	schema.registry.ssl.keystore.certificate.chain = null
	schema.registry.ssl.keystore.key = null
	schema.registry.ssl.keystore.location = null
	schema.registry.ssl.keystore.password = null
	schema.registry.ssl.keystore.type = JKS
	schema.registry.ssl.protocol = TLSv1.3
	schema.registry.ssl.provider = null
	schema.registry.ssl.secure.random.implementation = null
	schema.registry.ssl.trustmanager.algorithm = PKIX
	schema.registry.ssl.truststore.certificates = null
	schema.registry.ssl.truststore.location = null
	schema.registry.ssl.truststore.password = null
	schema.registry.ssl.truststore.type = JKS
	schema.registry.url = [http://registry-app-inmemory.apps.ci419.apicurio-testing.org:80/apis/ccompat/v7]
	schema.registry.url.randomize = false
	use.latest.version = false
	use.latest.with.metadata = null
	use.schema.id = -1
	value.schema.id.deserializer = class io.confluent.kafka.serializers.schema.id.DualSchemaIdDeserializer
	value.schema.id.serializer = class io.confluent.kafka.serializers.schema.id.PrefixSchemaIdSerializer
	value.subject.name.strategy = class io.confluent.kafka.serializers.subject.TopicRecordNameStrategy

2025-08-06 18:53:09,463 INFO  [org.apa.kaf.cli.pro.KafkaProducer] (main) [Producer clientId=Producer-topic-3b562f52_5e25_47bf_aba4_e106887dabab] Instantiated an idempotent producer.
2025-08-06 18:53:09,465 INFO  [org.apa.kaf.cli.pro.ProducerConfig] (main) These configurations '[schema.registry.url, auto.register.schemas, value.subject.name.strategy]' were supplied but are not used yet.
2025-08-06 18:53:09,465 INFO  [org.apa.kaf.com.uti.AppInfoParser] (main) Kafka version: 3.9.1
2025-08-06 18:53:09,465 INFO  [org.apa.kaf.com.uti.AppInfoParser] (main) Kafka commitId: f745dfdcee2b9851
2025-08-06 18:53:09,465 INFO  [org.apa.kaf.com.uti.AppInfoParser] (main) Kafka startTimeMs: 1754506389465
2025-08-06 18:53:09,466 INFO  [io.api.tes.ser.api.KafkaSerdesTester] (Thread-841) Sending message {"key1": "value-0", "key2": "value-0"} to topic topic-3b562f52_5e25_47bf_aba4_e106887dabab
2025-08-06 18:53:09,468 INFO  [org.apa.kaf.cli.Metadata] (kafka-producer-network-thread | Producer-topic-3b562f52_5e25_47bf_aba4_e106887dabab) [Producer clientId=Producer-topic-3b562f52_5e25_47bf_aba4_e106887dabab] Cluster ID: EV4Uys23RNi7BwH7MVj6Ag
2025-08-06 18:53:09,468 INFO  [org.apa.kaf.cli.pro.int.TransactionManager] (kafka-producer-network-thread | Producer-topic-3b562f52_5e25_47bf_aba4_e106887dabab) [Producer clientId=Producer-topic-3b562f52_5e25_47bf_aba4_e106887dabab] ProducerId set to 40 with epoch 0
2025-08-06 18:53:09,484 INFO  [io.api.tes.ser.api.KafkaSerdesTester] (Thread-841) Sending message {"key1": "value-1", "key2": "value-1"} to topic topic-3b562f52_5e25_47bf_aba4_e106887dabab
2025-08-06 18:53:09,486 INFO  [io.api.tes.ser.api.KafkaSerdesTester] (Thread-841) Sending message {"key1": "value-2", "key2": "value-2"} to topic topic-3b562f52_5e25_47bf_aba4_e106887dabab
2025-08-06 18:53:09,487 INFO  [io.api.tes.ser.api.KafkaSerdesTester] (Thread-841) Sending message {"key1": "value-3", "key2": "value-3"} to topic topic-3b562f52_5e25_47bf_aba4_e106887dabab
2025-08-06 18:53:09,488 INFO  [io.api.tes.ser.api.KafkaSerdesTester] (Thread-841) Sending message {"key1": "value-4", "key2": "value-4"} to topic topic-3b562f52_5e25_47bf_aba4_e106887dabab
2025-08-06 18:53:09,489 INFO  [io.api.tes.ser.api.KafkaSerdesTester] (Thread-841) Sending message {"key1": "value-5", "key2": "value-5"} to topic topic-3b562f52_5e25_47bf_aba4_e106887dabab
2025-08-06 18:53:09,490 INFO  [io.api.tes.ser.api.KafkaSerdesTester] (Thread-841) Sending message {"key1": "value-6", "key2": "value-6"} to topic topic-3b562f52_5e25_47bf_aba4_e106887dabab
2025-08-06 18:53:09,491 INFO  [io.api.tes.ser.api.KafkaSerdesTester] (Thread-841) Sending message {"key1": "value-7", "key2": "value-7"} to topic topic-3b562f52_5e25_47bf_aba4_e106887dabab
2025-08-06 18:53:09,492 INFO  [io.api.tes.ser.api.KafkaSerdesTester] (Thread-841) Sending message {"key1": "value-8", "key2": "value-8"} to topic topic-3b562f52_5e25_47bf_aba4_e106887dabab
2025-08-06 18:53:09,493 INFO  [io.api.tes.ser.api.KafkaSerdesTester] (Thread-841) Sending message {"key1": "value-9", "key2": "value-9"} to topic topic-3b562f52_5e25_47bf_aba4_e106887dabab
2025-08-06 18:53:09,494 INFO  [io.api.tes.ser.api.KafkaSerdesTester] (Thread-841) Produced 10 messages
2025-08-06 18:53:09,494 INFO  [org.apa.kaf.cli.pro.KafkaProducer] (Thread-841) [Producer clientId=Producer-topic-3b562f52_5e25_47bf_aba4_e106887dabab] Closing the Kafka producer with timeoutMillis = 9223372036854775807 ms.
2025-08-06 18:53:09,496 INFO  [org.apa.kaf.com.met.Metrics] (Thread-841) Metrics scheduler closed
2025-08-06 18:53:09,496 INFO  [org.apa.kaf.com.met.Metrics] (Thread-841) Closing reporter org.apache.kafka.common.metrics.JmxReporter
2025-08-06 18:53:09,496 INFO  [org.apa.kaf.com.met.Metrics] (Thread-841) Closing reporter org.apache.kafka.common.telemetry.internals.ClientTelemetryReporter
2025-08-06 18:53:09,496 INFO  [org.apa.kaf.com.met.Metrics] (Thread-841) Metrics reporters closed
2025-08-06 18:53:09,496 INFO  [org.apa.kaf.com.uti.AppInfoParser] (Thread-841) App info kafka.producer for Producer-topic-3b562f52_5e25_47bf_aba4_e106887dabab unregistered
**** Registry Base URL: http://registry-app-inmemory.apps.ci419.apicurio-testing.org:80
2025-08-06 18:53:09,497 INFO  [org.apa.kaf.cli.pro.ProducerConfig] (main) ProducerConfig values: 
	acks = -1
	auto.include.jmx.reporter = true
	batch.size = 16384
	bootstrap.servers = [PLAINTEXT://localhost:32769]
	buffer.memory = 33554432
	client.dns.lookup = use_all_dns_ips
	client.id = Producer-topic-3b562f52_5e25_47bf_aba4_e106887dabab
	compression.gzip.level = -1
	compression.lz4.level = 9
	compression.type = none
	compression.zstd.level = 3
	connections.max.idle.ms = 10000
	delivery.timeout.ms = 120000
	enable.idempotence = true
	enable.metrics.push = true
	interceptor.classes = []
	key.serializer = class org.apache.kafka.common.serialization.StringSerializer
	linger.ms = 0
	max.block.ms = 60000
	max.in.flight.requests.per.connection = 5
	max.request.size = 1048576
	metadata.max.age.ms = 300000
	metadata.max.idle.ms = 300000
	metadata.recovery.strategy = none
	metric.reporters = []
	metrics.num.samples = 2
	metrics.recording.level = INFO
	metrics.sample.window.ms = 30000
	partitioner.adaptive.partitioning.enable = true
	partitioner.availability.timeout.ms = 0
	partitioner.class = null
	partitioner.ignore.keys = false
	receive.buffer.bytes = 32768
	reconnect.backoff.max.ms = 1000
	reconnect.backoff.ms = 50
	request.timeout.ms = 5000
	retries = 2147483647
	retry.backoff.max.ms = 1000
	retry.backoff.ms = 100
	sasl.client.callback.handler.class = null
	sasl.jaas.config = null
	sasl.kerberos.kinit.cmd = /usr/bin/kinit
	sasl.kerberos.min.time.before.relogin = 60000
	sasl.kerberos.service.name = null
	sasl.kerberos.ticket.renew.jitter = 0.05
	sasl.kerberos.ticket.renew.window.factor = 0.8
	sasl.login.callback.handler.class = null
	sasl.login.class = null
	sasl.login.connect.timeout.ms = null
	sasl.login.read.timeout.ms = null
	sasl.login.refresh.buffer.seconds = 300
	sasl.login.refresh.min.period.seconds = 60
	sasl.login.refresh.window.factor = 0.8
	sasl.login.refresh.window.jitter = 0.05
	sasl.login.retry.backoff.max.ms = 10000
	sasl.login.retry.backoff.ms = 100
	sasl.mechanism = GSSAPI
	sasl.oauthbearer.clock.skew.seconds = 30
	sasl.oauthbearer.expected.audience = null
	sasl.oauthbearer.expected.issuer = null
	sasl.oauthbearer.header.urlencode = false
	sasl.oauthbearer.jwks.endpoint.refresh.ms = 3600000
	sasl.oauthbearer.jwks.endpoint.retry.backoff.max.ms = 10000
	sasl.oauthbearer.jwks.endpoint.retry.backoff.ms = 100
	sasl.oauthbearer.jwks.endpoint.url = null
	sasl.oauthbearer.scope.claim.name = scope
	sasl.oauthbearer.sub.claim.name = sub
	sasl.oauthbearer.token.endpoint.url = null
	security.protocol = PLAINTEXT
	security.providers = null
	send.buffer.bytes = 131072
	socket.connection.setup.timeout.max.ms = 30000
	socket.connection.setup.timeout.ms = 10000
	ssl.cipher.suites = null
	ssl.enabled.protocols = [TLSv1.2, TLSv1.3]
	ssl.endpoint.identification.algorithm = https
	ssl.engine.factory.class = null
	ssl.key.password = null
	ssl.keymanager.algorithm = SunX509
	ssl.keystore.certificate.chain = null
	ssl.keystore.key = null
	ssl.keystore.location = null
	ssl.keystore.password = null
	ssl.keystore.type = JKS
	ssl.protocol = TLSv1.3
	ssl.provider = null
	ssl.secure.random.implementation = null
	ssl.trustmanager.algorithm = PKIX
	ssl.truststore.certificates = null
	ssl.truststore.location = null
	ssl.truststore.password = null
	ssl.truststore.type = JKS
	transaction.timeout.ms = 60000
	transactional.id = null
	value.serializer = class io.confluent.kafka.serializers.KafkaAvroSerializer

2025-08-06 18:53:09,497 INFO  [org.apa.kaf.com.tel.int.KafkaMetricsCollector] (main) initializing Kafka metrics collector
2025-08-06 18:53:09,497 INFO  [io.con.kaf.ser.KafkaAvroSerializerConfig] (main) KafkaAvroSerializerConfig values: 
	auto.register.schemas = false
	avro.reflection.allow.null = false
	avro.remove.java.properties = false
	avro.use.logical.type.converters = false
	basic.auth.credentials.source = URL
	basic.auth.user.info = [hidden]
	bearer.auth.cache.expiry.buffer.seconds = 300
	bearer.auth.client.id = null
	bearer.auth.client.secret = null
	bearer.auth.credentials.source = STATIC_TOKEN
	bearer.auth.custom.provider.class = null
	bearer.auth.identity.pool.id = null
	bearer.auth.issuer.endpoint.url = null
	bearer.auth.logical.cluster = null
	bearer.auth.scope = null
	bearer.auth.scope.claim.name = scope
	bearer.auth.sub.claim.name = sub
	bearer.auth.token = [hidden]
	context.name.strategy = class io.confluent.kafka.serializers.context.NullContextNameStrategy
	http.connect.timeout.ms = 60000
	http.read.timeout.ms = 60000
	id.compatibility.strict = true
	key.schema.id.deserializer = class io.confluent.kafka.serializers.schema.id.DualSchemaIdDeserializer
	key.schema.id.serializer = class io.confluent.kafka.serializers.schema.id.PrefixSchemaIdSerializer
	key.subject.name.strategy = class io.confluent.kafka.serializers.subject.TopicNameStrategy
	latest.cache.size = 1000
	latest.cache.ttl.sec = -1
	latest.compatibility.strict = true
	max.retries = 3
	max.schemas.per.subject = 1000
	normalize.schemas = false
	propagate.schema.tags = false
	proxy.host = 
	proxy.port = -1
	retries.max.wait.ms = 20000
	retries.wait.ms = 1000
	rule.actions = []
	rule.executors = []
	rule.service.loader.enable = true
	schema.format = null
	schema.reflection = false
	schema.registry.basic.auth.user.info = [hidden]
	schema.registry.ssl.cipher.suites = null
	schema.registry.ssl.enabled.protocols = [TLSv1.2, TLSv1.3]
	schema.registry.ssl.endpoint.identification.algorithm = https
	schema.registry.ssl.engine.factory.class = null
	schema.registry.ssl.key.password = null
	schema.registry.ssl.keymanager.algorithm = SunX509
	schema.registry.ssl.keystore.certificate.chain = null
	schema.registry.ssl.keystore.key = null
	schema.registry.ssl.keystore.location = null
	schema.registry.ssl.keystore.password = null
	schema.registry.ssl.keystore.type = JKS
	schema.registry.ssl.protocol = TLSv1.3
	schema.registry.ssl.provider = null
	schema.registry.ssl.secure.random.implementation = null
	schema.registry.ssl.trustmanager.algorithm = PKIX
	schema.registry.ssl.truststore.certificates = null
	schema.registry.ssl.truststore.location = null
	schema.registry.ssl.truststore.password = null
	schema.registry.ssl.truststore.type = JKS
	schema.registry.url = [http://registry-app-inmemory.apps.ci419.apicurio-testing.org:80/apis/ccompat/v7]
	schema.registry.url.randomize = false
	use.latest.version = false
	use.latest.with.metadata = null
	use.schema.id = -1
	value.schema.id.deserializer = class io.confluent.kafka.serializers.schema.id.DualSchemaIdDeserializer
	value.schema.id.serializer = class io.confluent.kafka.serializers.schema.id.PrefixSchemaIdSerializer
	value.subject.name.strategy = class io.confluent.kafka.serializers.subject.TopicRecordNameStrategy

2025-08-06 18:53:09,499 INFO  [org.apa.kaf.cli.pro.KafkaProducer] (main) [Producer clientId=Producer-topic-3b562f52_5e25_47bf_aba4_e106887dabab] Instantiated an idempotent producer.
2025-08-06 18:53:09,500 INFO  [org.apa.kaf.cli.pro.ProducerConfig] (main) These configurations '[schema.registry.url, auto.register.schemas, value.subject.name.strategy]' were supplied but are not used yet.
2025-08-06 18:53:09,500 INFO  [org.apa.kaf.com.uti.AppInfoParser] (main) Kafka version: 3.9.1
2025-08-06 18:53:09,500 INFO  [org.apa.kaf.com.uti.AppInfoParser] (main) Kafka commitId: f745dfdcee2b9851
2025-08-06 18:53:09,500 INFO  [org.apa.kaf.com.uti.AppInfoParser] (main) Kafka startTimeMs: 1754506389500
2025-08-06 18:53:09,501 INFO  [io.api.tes.ser.api.KafkaSerdesTester] (Thread-842) Sending message {"key1": "value-0"} to topic topic-3b562f52_5e25_47bf_aba4_e106887dabab
2025-08-06 18:53:09,503 INFO  [org.apa.kaf.cli.Metadata] (kafka-producer-network-thread | Producer-topic-3b562f52_5e25_47bf_aba4_e106887dabab) [Producer clientId=Producer-topic-3b562f52_5e25_47bf_aba4_e106887dabab] Cluster ID: EV4Uys23RNi7BwH7MVj6Ag
2025-08-06 18:53:09,503 INFO  [org.apa.kaf.cli.pro.int.TransactionManager] (kafka-producer-network-thread | Producer-topic-3b562f52_5e25_47bf_aba4_e106887dabab) [Producer clientId=Producer-topic-3b562f52_5e25_47bf_aba4_e106887dabab] ProducerId set to 41 with epoch 0
2025-08-06 18:53:09,515 INFO  [io.api.tes.ser.api.KafkaSerdesTester] (Thread-842) Sending message {"key1": "value-1"} to topic topic-3b562f52_5e25_47bf_aba4_e106887dabab
2025-08-06 18:53:09,516 INFO  [io.api.tes.ser.api.KafkaSerdesTester] (Thread-842) Sending message {"key1": "value-2"} to topic topic-3b562f52_5e25_47bf_aba4_e106887dabab
2025-08-06 18:53:09,517 INFO  [io.api.tes.ser.api.KafkaSerdesTester] (Thread-842) Sending message {"key1": "value-3"} to topic topic-3b562f52_5e25_47bf_aba4_e106887dabab
2025-08-06 18:53:09,518 INFO  [io.api.tes.ser.api.KafkaSerdesTester] (Thread-842) Sending message {"key1": "value-4"} to topic topic-3b562f52_5e25_47bf_aba4_e106887dabab
2025-08-06 18:53:09,519 INFO  [io.api.tes.ser.api.KafkaSerdesTester] (Thread-842) Sending message {"key1": "value-5"} to topic topic-3b562f52_5e25_47bf_aba4_e106887dabab
2025-08-06 18:53:09,521 INFO  [io.api.tes.ser.api.KafkaSerdesTester] (Thread-842) Sending message {"key1": "value-6"} to topic topic-3b562f52_5e25_47bf_aba4_e106887dabab
2025-08-06 18:53:09,522 INFO  [io.api.tes.ser.api.KafkaSerdesTester] (Thread-842) Sending message {"key1": "value-7"} to topic topic-3b562f52_5e25_47bf_aba4_e106887dabab
2025-08-06 18:53:09,523 INFO  [io.api.tes.ser.api.KafkaSerdesTester] (Thread-842) Sending message {"key1": "value-8"} to topic topic-3b562f52_5e25_47bf_aba4_e106887dabab
2025-08-06 18:53:09,527 INFO  [io.api.tes.ser.api.KafkaSerdesTester] (Thread-842) Sending message {"key1": "value-9"} to topic topic-3b562f52_5e25_47bf_aba4_e106887dabab
2025-08-06 18:53:09,528 INFO  [io.api.tes.ser.api.KafkaSerdesTester] (Thread-842) Produced 10 messages
2025-08-06 18:53:09,528 INFO  [org.apa.kaf.cli.pro.KafkaProducer] (Thread-842) [Producer clientId=Producer-topic-3b562f52_5e25_47bf_aba4_e106887dabab] Closing the Kafka producer with timeoutMillis = 9223372036854775807 ms.
2025-08-06 18:53:09,530 INFO  [org.apa.kaf.com.met.Metrics] (Thread-842) Metrics scheduler closed
2025-08-06 18:53:09,531 INFO  [org.apa.kaf.com.met.Metrics] (Thread-842) Closing reporter org.apache.kafka.common.metrics.JmxReporter
2025-08-06 18:53:09,531 INFO  [org.apa.kaf.com.met.Metrics] (Thread-842) Closing reporter org.apache.kafka.common.telemetry.internals.ClientTelemetryReporter
2025-08-06 18:53:09,531 INFO  [org.apa.kaf.com.met.Metrics] (Thread-842) Metrics reporters closed
2025-08-06 18:53:09,531 INFO  [org.apa.kaf.com.uti.AppInfoParser] (Thread-842) App info kafka.producer for Producer-topic-3b562f52_5e25_47bf_aba4_e106887dabab unregistered
**** Registry Base URL: http://registry-app-inmemory.apps.ci419.apicurio-testing.org:80
2025-08-06 18:53:09,531 INFO  [org.apa.kaf.cli.con.ConsumerConfig] (main) ConsumerConfig values: 
	allow.auto.create.topics = true
	auto.commit.interval.ms = 500
	auto.include.jmx.reporter = true
	auto.offset.reset = earliest
	bootstrap.servers = [PLAINTEXT://localhost:32769]
	check.crcs = true
	client.dns.lookup = use_all_dns_ips
	client.id = consumer-Consumer-topic-3b562f52_5e25_47bf_aba4_e106887dabab-32
	client.rack = 
	connections.max.idle.ms = 10000
	default.api.timeout.ms = 60000
	enable.auto.commit = true
	enable.metrics.push = true
	exclude.internal.topics = true
	fetch.max.bytes = 52428800
	fetch.max.wait.ms = 500
	fetch.min.bytes = 1
	group.id = Consumer-topic-3b562f52_5e25_47bf_aba4_e106887dabab
	group.instance.id = null
	group.protocol = classic
	group.remote.assignor = null
	heartbeat.interval.ms = 3000
	interceptor.classes = []
	internal.leave.group.on.close = true
	internal.throw.on.fetch.stable.offset.unsupported = false
	isolation.level = read_uncommitted
	key.deserializer = class org.apache.kafka.common.serialization.StringDeserializer
	max.partition.fetch.bytes = 1048576
	max.poll.interval.ms = 300000
	max.poll.records = 500
	metadata.max.age.ms = 300000
	metadata.recovery.strategy = none
	metric.reporters = []
	metrics.num.samples = 2
	metrics.recording.level = INFO
	metrics.sample.window.ms = 30000
	partition.assignment.strategy = [class org.apache.kafka.clients.consumer.RangeAssignor, class org.apache.kafka.clients.consumer.CooperativeStickyAssignor]
	receive.buffer.bytes = 65536
	reconnect.backoff.max.ms = 1000
	reconnect.backoff.ms = 50
	request.timeout.ms = 5000
	retry.backoff.max.ms = 1000
	retry.backoff.ms = 100
	sasl.client.callback.handler.class = null
	sasl.jaas.config = null
	sasl.kerberos.kinit.cmd = /usr/bin/kinit
	sasl.kerberos.min.time.before.relogin = 60000
	sasl.kerberos.service.name = null
	sasl.kerberos.ticket.renew.jitter = 0.05
	sasl.kerberos.ticket.renew.window.factor = 0.8
	sasl.login.callback.handler.class = null
	sasl.login.class = null
	sasl.login.connect.timeout.ms = null
	sasl.login.read.timeout.ms = null
	sasl.login.refresh.buffer.seconds = 300
	sasl.login.refresh.min.period.seconds = 60
	sasl.login.refresh.window.factor = 0.8
	sasl.login.refresh.window.jitter = 0.05
	sasl.login.retry.backoff.max.ms = 10000
	sasl.login.retry.backoff.ms = 100
	sasl.mechanism = GSSAPI
	sasl.oauthbearer.clock.skew.seconds = 30
	sasl.oauthbearer.expected.audience = null
	sasl.oauthbearer.expected.issuer = null
	sasl.oauthbearer.header.urlencode = false
	sasl.oauthbearer.jwks.endpoint.refresh.ms = 3600000
	sasl.oauthbearer.jwks.endpoint.retry.backoff.max.ms = 10000
	sasl.oauthbearer.jwks.endpoint.retry.backoff.ms = 100
	sasl.oauthbearer.jwks.endpoint.url = null
	sasl.oauthbearer.scope.claim.name = scope
	sasl.oauthbearer.sub.claim.name = sub
	sasl.oauthbearer.token.endpoint.url = null
	security.protocol = PLAINTEXT
	security.providers = null
	send.buffer.bytes = 131072
	session.timeout.ms = 45000
	socket.connection.setup.timeout.max.ms = 30000
	socket.connection.setup.timeout.ms = 10000
	ssl.cipher.suites = null
	ssl.enabled.protocols = [TLSv1.2, TLSv1.3]
	ssl.endpoint.identification.algorithm = https
	ssl.engine.factory.class = null
	ssl.key.password = null
	ssl.keymanager.algorithm = SunX509
	ssl.keystore.certificate.chain = null
	ssl.keystore.key = null
	ssl.keystore.location = null
	ssl.keystore.password = null
	ssl.keystore.type = JKS
	ssl.protocol = TLSv1.3
	ssl.provider = null
	ssl.secure.random.implementation = null
	ssl.trustmanager.algorithm = PKIX
	ssl.truststore.certificates = null
	ssl.truststore.location = null
	ssl.truststore.password = null
	ssl.truststore.type = JKS
	value.deserializer = class io.confluent.kafka.serializers.KafkaAvroDeserializer

2025-08-06 18:53:09,531 INFO  [org.apa.kaf.com.tel.int.KafkaMetricsCollector] (main) initializing Kafka metrics collector
2025-08-06 18:53:09,532 INFO  [io.con.kaf.ser.KafkaAvroDeserializerConfig] (main) KafkaAvroDeserializerConfig values: 
	auto.register.schemas = true
	avro.reflection.allow.null = false
	avro.use.logical.type.converters = false
	basic.auth.credentials.source = URL
	basic.auth.user.info = [hidden]
	bearer.auth.cache.expiry.buffer.seconds = 300
	bearer.auth.client.id = null
	bearer.auth.client.secret = null
	bearer.auth.credentials.source = STATIC_TOKEN
	bearer.auth.custom.provider.class = null
	bearer.auth.identity.pool.id = null
	bearer.auth.issuer.endpoint.url = null
	bearer.auth.logical.cluster = null
	bearer.auth.scope = null
	bearer.auth.scope.claim.name = scope
	bearer.auth.sub.claim.name = sub
	bearer.auth.token = [hidden]
	context.name.strategy = class io.confluent.kafka.serializers.context.NullContextNameStrategy
	http.connect.timeout.ms = 60000
	http.read.timeout.ms = 60000
	id.compatibility.strict = true
	key.schema.id.deserializer = class io.confluent.kafka.serializers.schema.id.DualSchemaIdDeserializer
	key.schema.id.serializer = class io.confluent.kafka.serializers.schema.id.PrefixSchemaIdSerializer
	key.subject.name.strategy = class io.confluent.kafka.serializers.subject.TopicNameStrategy
	latest.cache.size = 1000
	latest.cache.ttl.sec = -1
	latest.compatibility.strict = true
	max.retries = 3
	max.schemas.per.subject = 1000
	normalize.schemas = false
	propagate.schema.tags = false
	proxy.host = 
	proxy.port = -1
	retries.max.wait.ms = 20000
	retries.wait.ms = 1000
	rule.actions = []
	rule.executors = []
	rule.service.loader.enable = true
	schema.format = null
	schema.reflection = false
	schema.registry.basic.auth.user.info = [hidden]
	schema.registry.ssl.cipher.suites = null
	schema.registry.ssl.enabled.protocols = [TLSv1.2, TLSv1.3]
	schema.registry.ssl.endpoint.identification.algorithm = https
	schema.registry.ssl.engine.factory.class = null
	schema.registry.ssl.key.password = null
	schema.registry.ssl.keymanager.algorithm = SunX509
	schema.registry.ssl.keystore.certificate.chain = null
	schema.registry.ssl.keystore.key = null
	schema.registry.ssl.keystore.location = null
	schema.registry.ssl.keystore.password = null
	schema.registry.ssl.keystore.type = JKS
	schema.registry.ssl.protocol = TLSv1.3
	schema.registry.ssl.provider = null
	schema.registry.ssl.secure.random.implementation = null
	schema.registry.ssl.trustmanager.algorithm = PKIX
	schema.registry.ssl.truststore.certificates = null
	schema.registry.ssl.truststore.location = null
	schema.registry.ssl.truststore.password = null
	schema.registry.ssl.truststore.type = JKS
	schema.registry.url = [http://registry-app-inmemory.apps.ci419.apicurio-testing.org:80/apis/ccompat/v7]
	schema.registry.url.randomize = false
	specific.avro.key.type = null
	specific.avro.reader = false
	specific.avro.value.type = null
	use.latest.version = false
	use.latest.with.metadata = null
	use.schema.id = -1
	value.schema.id.deserializer = class io.confluent.kafka.serializers.schema.id.DualSchemaIdDeserializer
	value.schema.id.serializer = class io.confluent.kafka.serializers.schema.id.PrefixSchemaIdSerializer
	value.subject.name.strategy = class io.confluent.kafka.serializers.subject.TopicNameStrategy

2025-08-06 18:53:09,535 INFO  [org.apa.kaf.cli.con.ConsumerConfig] (main) These configurations '[schema.registry.url]' were supplied but are not used yet.
2025-08-06 18:53:09,535 INFO  [org.apa.kaf.com.uti.AppInfoParser] (main) Kafka version: 3.9.1
2025-08-06 18:53:09,535 INFO  [org.apa.kaf.com.uti.AppInfoParser] (main) Kafka commitId: f745dfdcee2b9851
2025-08-06 18:53:09,535 INFO  [org.apa.kaf.com.uti.AppInfoParser] (main) Kafka startTimeMs: 1754506389535
2025-08-06 18:53:09,536 INFO  [org.apa.kaf.cli.con.int.ClassicKafkaConsumer] (Thread-843) [Consumer clientId=consumer-Consumer-topic-3b562f52_5e25_47bf_aba4_e106887dabab-32, groupId=Consumer-topic-3b562f52_5e25_47bf_aba4_e106887dabab] Subscribed to topic(s): topic-3b562f52_5e25_47bf_aba4_e106887dabab
2025-08-06 18:53:09,541 INFO  [org.apa.kaf.cli.Metadata] (Thread-843) [Consumer clientId=consumer-Consumer-topic-3b562f52_5e25_47bf_aba4_e106887dabab-32, groupId=Consumer-topic-3b562f52_5e25_47bf_aba4_e106887dabab] Cluster ID: EV4Uys23RNi7BwH7MVj6Ag
2025-08-06 18:53:09,541 INFO  [org.apa.kaf.cli.con.int.ConsumerCoordinator] (Thread-843) [Consumer clientId=consumer-Consumer-topic-3b562f52_5e25_47bf_aba4_e106887dabab-32, groupId=Consumer-topic-3b562f52_5e25_47bf_aba4_e106887dabab] Discovered group coordinator localhost:32769 (id: 2147483647 rack: null)
2025-08-06 18:53:09,542 INFO  [org.apa.kaf.cli.con.int.ConsumerCoordinator] (Thread-843) [Consumer clientId=consumer-Consumer-topic-3b562f52_5e25_47bf_aba4_e106887dabab-32, groupId=Consumer-topic-3b562f52_5e25_47bf_aba4_e106887dabab] (Re-)joining group
2025-08-06 18:53:09,544 INFO  [org.apa.kaf.cli.con.int.ConsumerCoordinator] (Thread-843) [Consumer clientId=consumer-Consumer-topic-3b562f52_5e25_47bf_aba4_e106887dabab-32, groupId=Consumer-topic-3b562f52_5e25_47bf_aba4_e106887dabab] Request joining group due to: need to re-join with the given member-id: consumer-Consumer-topic-3b562f52_5e25_47bf_aba4_e106887dabab-32-8ce33864-4bc8-4efe-a6a5-9b13f2e0d69e
2025-08-06 18:53:09,544 INFO  [org.apa.kaf.cli.con.int.ConsumerCoordinator] (Thread-843) [Consumer clientId=consumer-Consumer-topic-3b562f52_5e25_47bf_aba4_e106887dabab-32, groupId=Consumer-topic-3b562f52_5e25_47bf_aba4_e106887dabab] (Re-)joining group
2025-08-06 18:53:10,536 INFO  [io.api.tes.ser.api.KafkaSerdesTester] (Thread-843) None found
2025-08-06 18:53:11,536 INFO  [io.api.tes.ser.api.KafkaSerdesTester] (Thread-843) None found
2025-08-06 18:53:12,537 INFO  [io.api.tes.ser.api.KafkaSerdesTester] (Thread-843) None found
2025-08-06 18:53:12,546 INFO  [org.apa.kaf.cli.con.int.ConsumerCoordinator] (Thread-843) [Consumer clientId=consumer-Consumer-topic-3b562f52_5e25_47bf_aba4_e106887dabab-32, groupId=Consumer-topic-3b562f52_5e25_47bf_aba4_e106887dabab] Successfully joined group with generation Generation{generationId=3, memberId='consumer-Consumer-topic-3b562f52_5e25_47bf_aba4_e106887dabab-32-8ce33864-4bc8-4efe-a6a5-9b13f2e0d69e', protocol='range'}
2025-08-06 18:53:12,546 INFO  [org.apa.kaf.cli.con.int.ConsumerCoordinator] (Thread-843) [Consumer clientId=consumer-Consumer-topic-3b562f52_5e25_47bf_aba4_e106887dabab-32, groupId=Consumer-topic-3b562f52_5e25_47bf_aba4_e106887dabab] Finished assignment for group at generation 3: {consumer-Consumer-topic-3b562f52_5e25_47bf_aba4_e106887dabab-32-8ce33864-4bc8-4efe-a6a5-9b13f2e0d69e=Assignment(partitions=[topic-3b562f52_5e25_47bf_aba4_e106887dabab-0])}
2025-08-06 18:53:12,552 INFO  [org.apa.kaf.cli.con.int.ConsumerCoordinator] (Thread-843) [Consumer clientId=consumer-Consumer-topic-3b562f52_5e25_47bf_aba4_e106887dabab-32, groupId=Consumer-topic-3b562f52_5e25_47bf_aba4_e106887dabab] Successfully synced group in generation Generation{generationId=3, memberId='consumer-Consumer-topic-3b562f52_5e25_47bf_aba4_e106887dabab-32-8ce33864-4bc8-4efe-a6a5-9b13f2e0d69e', protocol='range'}
2025-08-06 18:53:12,553 INFO  [org.apa.kaf.cli.con.int.ConsumerCoordinator] (Thread-843) [Consumer clientId=consumer-Consumer-topic-3b562f52_5e25_47bf_aba4_e106887dabab-32, groupId=Consumer-topic-3b562f52_5e25_47bf_aba4_e106887dabab] Notifying assignor about the new Assignment(partitions=[topic-3b562f52_5e25_47bf_aba4_e106887dabab-0])
2025-08-06 18:53:12,553 INFO  [org.apa.kaf.cli.con.int.ConsumerRebalanceListenerInvoker] (Thread-843) [Consumer clientId=consumer-Consumer-topic-3b562f52_5e25_47bf_aba4_e106887dabab-32, groupId=Consumer-topic-3b562f52_5e25_47bf_aba4_e106887dabab] Adding newly assigned partitions: topic-3b562f52_5e25_47bf_aba4_e106887dabab-0
2025-08-06 18:53:12,553 INFO  [org.apa.kaf.cli.con.int.ConsumerUtils] (Thread-843) Setting offset for partition topic-3b562f52_5e25_47bf_aba4_e106887dabab-0 to the committed offset FetchPosition{offset=10, offsetEpoch=Optional[0], currentLeader=LeaderAndEpoch{leader=Optional[localhost:32769 (id: 0 rack: null)], epoch=0}}
2025-08-06 18:53:12,578 INFO  [io.api.tes.ser.api.KafkaSerdesTester] (Thread-843) topic-3b562f52_5e25_47bf_aba4_e106887dabab 0 10 {"key1": "value-0", "key2": "value-0"}
2025-08-06 18:53:12,578 INFO  [io.api.tes.ser.api.KafkaSerdesTester] (Thread-843) topic-3b562f52_5e25_47bf_aba4_e106887dabab 0 11 {"key1": "value-1", "key2": "value-1"}
2025-08-06 18:53:12,578 INFO  [io.api.tes.ser.api.KafkaSerdesTester] (Thread-843) topic-3b562f52_5e25_47bf_aba4_e106887dabab 0 12 {"key1": "value-2", "key2": "value-2"}
2025-08-06 18:53:12,579 INFO  [io.api.tes.ser.api.KafkaSerdesTester] (Thread-843) topic-3b562f52_5e25_47bf_aba4_e106887dabab 0 13 {"key1": "value-3", "key2": "value-3"}
2025-08-06 18:53:12,579 INFO  [io.api.tes.ser.api.KafkaSerdesTester] (Thread-843) topic-3b562f52_5e25_47bf_aba4_e106887dabab 0 14 {"key1": "value-4", "key2": "value-4"}
2025-08-06 18:53:12,579 INFO  [io.api.tes.ser.api.KafkaSerdesTester] (Thread-843) topic-3b562f52_5e25_47bf_aba4_e106887dabab 0 15 {"key1": "value-5", "key2": "value-5"}
2025-08-06 18:53:12,579 INFO  [io.api.tes.ser.api.KafkaSerdesTester] (Thread-843) topic-3b562f52_5e25_47bf_aba4_e106887dabab 0 16 {"key1": "value-6", "key2": "value-6"}
2025-08-06 18:53:12,579 INFO  [io.api.tes.ser.api.KafkaSerdesTester] (Thread-843) topic-3b562f52_5e25_47bf_aba4_e106887dabab 0 17 {"key1": "value-7", "key2": "value-7"}
2025-08-06 18:53:12,579 INFO  [io.api.tes.ser.api.KafkaSerdesTester] (Thread-843) topic-3b562f52_5e25_47bf_aba4_e106887dabab 0 18 {"key1": "value-8", "key2": "value-8"}
2025-08-06 18:53:12,579 INFO  [io.api.tes.ser.api.KafkaSerdesTester] (Thread-843) topic-3b562f52_5e25_47bf_aba4_e106887dabab 0 19 {"key1": "value-9", "key2": "value-9"}
2025-08-06 18:53:12,579 INFO  [io.api.tes.ser.api.KafkaSerdesTester] (Thread-843) topic-3b562f52_5e25_47bf_aba4_e106887dabab 0 20 {"key1": "value-0"}
2025-08-06 18:53:12,579 INFO  [io.api.tes.ser.api.KafkaSerdesTester] (Thread-843) topic-3b562f52_5e25_47bf_aba4_e106887dabab 0 21 {"key1": "value-1"}
2025-08-06 18:53:12,579 INFO  [io.api.tes.ser.api.KafkaSerdesTester] (Thread-843) topic-3b562f52_5e25_47bf_aba4_e106887dabab 0 22 {"key1": "value-2"}
2025-08-06 18:53:12,579 INFO  [io.api.tes.ser.api.KafkaSerdesTester] (Thread-843) topic-3b562f52_5e25_47bf_aba4_e106887dabab 0 23 {"key1": "value-3"}
2025-08-06 18:53:12,579 INFO  [io.api.tes.ser.api.KafkaSerdesTester] (Thread-843) topic-3b562f52_5e25_47bf_aba4_e106887dabab 0 24 {"key1": "value-4"}
2025-08-06 18:53:12,580 INFO  [io.api.tes.ser.api.KafkaSerdesTester] (Thread-843) topic-3b562f52_5e25_47bf_aba4_e106887dabab 0 25 {"key1": "value-5"}
2025-08-06 18:53:12,580 INFO  [io.api.tes.ser.api.KafkaSerdesTester] (Thread-843) topic-3b562f52_5e25_47bf_aba4_e106887dabab 0 26 {"key1": "value-6"}
2025-08-06 18:53:12,580 INFO  [io.api.tes.ser.api.KafkaSerdesTester] (Thread-843) topic-3b562f52_5e25_47bf_aba4_e106887dabab 0 27 {"key1": "value-7"}
2025-08-06 18:53:12,580 INFO  [io.api.tes.ser.api.KafkaSerdesTester] (Thread-843) topic-3b562f52_5e25_47bf_aba4_e106887dabab 0 28 {"key1": "value-8"}
2025-08-06 18:53:12,580 INFO  [io.api.tes.ser.api.KafkaSerdesTester] (Thread-843) topic-3b562f52_5e25_47bf_aba4_e106887dabab 0 29 {"key1": "value-9"}
2025-08-06 18:53:12,580 INFO  [io.api.tes.ser.api.KafkaSerdesTester] (Thread-843) Consumed 20 messages
2025-08-06 18:53:12,589 INFO  [org.apa.kaf.cli.con.int.ConsumerRebalanceListenerInvoker] (Thread-843) [Consumer clientId=consumer-Consumer-topic-3b562f52_5e25_47bf_aba4_e106887dabab-32, groupId=Consumer-topic-3b562f52_5e25_47bf_aba4_e106887dabab] Revoke previously assigned partitions topic-3b562f52_5e25_47bf_aba4_e106887dabab-0
2025-08-06 18:53:12,589 INFO  [org.apa.kaf.cli.con.int.ConsumerCoordinator] (Thread-843) [Consumer clientId=consumer-Consumer-topic-3b562f52_5e25_47bf_aba4_e106887dabab-32, groupId=Consumer-topic-3b562f52_5e25_47bf_aba4_e106887dabab] Member consumer-Consumer-topic-3b562f52_5e25_47bf_aba4_e106887dabab-32-8ce33864-4bc8-4efe-a6a5-9b13f2e0d69e sending LeaveGroup request to coordinator localhost:32769 (id: 2147483647 rack: null) due to the consumer is being closed
2025-08-06 18:53:12,589 INFO  [org.apa.kaf.cli.con.int.ConsumerCoordinator] (Thread-843) [Consumer clientId=consumer-Consumer-topic-3b562f52_5e25_47bf_aba4_e106887dabab-32, groupId=Consumer-topic-3b562f52_5e25_47bf_aba4_e106887dabab] Resetting generation and member id due to: consumer pro-actively leaving the group
2025-08-06 18:53:12,589 INFO  [org.apa.kaf.cli.con.int.ConsumerCoordinator] (Thread-843) [Consumer clientId=consumer-Consumer-topic-3b562f52_5e25_47bf_aba4_e106887dabab-32, groupId=Consumer-topic-3b562f52_5e25_47bf_aba4_e106887dabab] Request joining group due to: consumer pro-actively leaving the group
2025-08-06 18:53:13,081 INFO  [org.apa.kaf.com.met.Metrics] (Thread-843) Metrics scheduler closed
2025-08-06 18:53:13,081 INFO  [org.apa.kaf.com.met.Metrics] (Thread-843) Closing reporter org.apache.kafka.common.metrics.JmxReporter
2025-08-06 18:53:13,081 INFO  [org.apa.kaf.com.met.Metrics] (Thread-843) Closing reporter org.apache.kafka.common.telemetry.internals.ClientTelemetryReporter
2025-08-06 18:53:13,081 INFO  [org.apa.kaf.com.met.Metrics] (Thread-843) Metrics reporters closed
2025-08-06 18:53:13,082 INFO  [org.apa.kaf.com.uti.AppInfoParser] (Thread-843) App info kafka.consumer for consumer-Consumer-topic-3b562f52_5e25_47bf_aba4_e106887dabab-32 unregistered
**** Registry Base URL: http://registry-app-inmemory.apps.ci419.apicurio-testing.org:80
2025-08-06 18:53:14,112 INFO  [org.apa.kaf.cli.pro.ProducerConfig] (main) ProducerConfig values: 
	acks = -1
	auto.include.jmx.reporter = true
	batch.size = 16384
	bootstrap.servers = [PLAINTEXT://localhost:32769]
	buffer.memory = 33554432
	client.dns.lookup = use_all_dns_ips
	client.id = Producer-topic-3b562f52_5e25_47bf_aba4_e106887dabab
	compression.gzip.level = -1
	compression.lz4.level = 9
	compression.type = none
	compression.zstd.level = 3
	connections.max.idle.ms = 10000
	delivery.timeout.ms = 120000
	enable.idempotence = true
	enable.metrics.push = true
	interceptor.classes = []
	key.serializer = class org.apache.kafka.common.serialization.StringSerializer
	linger.ms = 0
	max.block.ms = 60000
	max.in.flight.requests.per.connection = 5
	max.request.size = 1048576
	metadata.max.age.ms = 300000
	metadata.max.idle.ms = 300000
	metadata.recovery.strategy = none
	metric.reporters = []
	metrics.num.samples = 2
	metrics.recording.level = INFO
	metrics.sample.window.ms = 30000
	partitioner.adaptive.partitioning.enable = true
	partitioner.availability.timeout.ms = 0
	partitioner.class = null
	partitioner.ignore.keys = false
	receive.buffer.bytes = 32768
	reconnect.backoff.max.ms = 1000
	reconnect.backoff.ms = 50
	request.timeout.ms = 5000
	retries = 2147483647
	retry.backoff.max.ms = 1000
	retry.backoff.ms = 100
	sasl.client.callback.handler.class = null
	sasl.jaas.config = null
	sasl.kerberos.kinit.cmd = /usr/bin/kinit
	sasl.kerberos.min.time.before.relogin = 60000
	sasl.kerberos.service.name = null
	sasl.kerberos.ticket.renew.jitter = 0.05
	sasl.kerberos.ticket.renew.window.factor = 0.8
	sasl.login.callback.handler.class = null
	sasl.login.class = null
	sasl.login.connect.timeout.ms = null
	sasl.login.read.timeout.ms = null
	sasl.login.refresh.buffer.seconds = 300
	sasl.login.refresh.min.period.seconds = 60
	sasl.login.refresh.window.factor = 0.8
	sasl.login.refresh.window.jitter = 0.05
	sasl.login.retry.backoff.max.ms = 10000
	sasl.login.retry.backoff.ms = 100
	sasl.mechanism = GSSAPI
	sasl.oauthbearer.clock.skew.seconds = 30
	sasl.oauthbearer.expected.audience = null
	sasl.oauthbearer.expected.issuer = null
	sasl.oauthbearer.header.urlencode = false
	sasl.oauthbearer.jwks.endpoint.refresh.ms = 3600000
	sasl.oauthbearer.jwks.endpoint.retry.backoff.max.ms = 10000
	sasl.oauthbearer.jwks.endpoint.retry.backoff.ms = 100
	sasl.oauthbearer.jwks.endpoint.url = null
	sasl.oauthbearer.scope.claim.name = scope
	sasl.oauthbearer.sub.claim.name = sub
	sasl.oauthbearer.token.endpoint.url = null
	security.protocol = PLAINTEXT
	security.providers = null
	send.buffer.bytes = 131072
	socket.connection.setup.timeout.max.ms = 30000
	socket.connection.setup.timeout.ms = 10000
	ssl.cipher.suites = null
	ssl.enabled.protocols = [TLSv1.2, TLSv1.3]
	ssl.endpoint.identification.algorithm = https
	ssl.engine.factory.class = null
	ssl.key.password = null
	ssl.keymanager.algorithm = SunX509
	ssl.keystore.certificate.chain = null
	ssl.keystore.key = null
	ssl.keystore.location = null
	ssl.keystore.password = null
	ssl.keystore.type = JKS
	ssl.protocol = TLSv1.3
	ssl.provider = null
	ssl.secure.random.implementation = null
	ssl.trustmanager.algorithm = PKIX
	ssl.truststore.certificates = null
	ssl.truststore.location = null
	ssl.truststore.password = null
	ssl.truststore.type = JKS
	transaction.timeout.ms = 60000
	transactional.id = null
	value.serializer = class io.confluent.kafka.serializers.KafkaAvroSerializer

2025-08-06 18:53:14,112 INFO  [org.apa.kaf.com.tel.int.KafkaMetricsCollector] (main) initializing Kafka metrics collector
2025-08-06 18:53:14,112 INFO  [io.con.kaf.ser.KafkaAvroSerializerConfig] (main) KafkaAvroSerializerConfig values: 
	auto.register.schemas = false
	avro.reflection.allow.null = false
	avro.remove.java.properties = false
	avro.use.logical.type.converters = false
	basic.auth.credentials.source = URL
	basic.auth.user.info = [hidden]
	bearer.auth.cache.expiry.buffer.seconds = 300
	bearer.auth.client.id = null
	bearer.auth.client.secret = null
	bearer.auth.credentials.source = STATIC_TOKEN
	bearer.auth.custom.provider.class = null
	bearer.auth.identity.pool.id = null
	bearer.auth.issuer.endpoint.url = null
	bearer.auth.logical.cluster = null
	bearer.auth.scope = null
	bearer.auth.scope.claim.name = scope
	bearer.auth.sub.claim.name = sub
	bearer.auth.token = [hidden]
	context.name.strategy = class io.confluent.kafka.serializers.context.NullContextNameStrategy
	http.connect.timeout.ms = 60000
	http.read.timeout.ms = 60000
	id.compatibility.strict = true
	key.schema.id.deserializer = class io.confluent.kafka.serializers.schema.id.DualSchemaIdDeserializer
	key.schema.id.serializer = class io.confluent.kafka.serializers.schema.id.PrefixSchemaIdSerializer
	key.subject.name.strategy = class io.confluent.kafka.serializers.subject.TopicNameStrategy
	latest.cache.size = 1000
	latest.cache.ttl.sec = -1
	latest.compatibility.strict = true
	max.retries = 3
	max.schemas.per.subject = 1000
	normalize.schemas = false
	propagate.schema.tags = false
	proxy.host = 
	proxy.port = -1
	retries.max.wait.ms = 20000
	retries.wait.ms = 1000
	rule.actions = []
	rule.executors = []
	rule.service.loader.enable = true
	schema.format = null
	schema.reflection = false
	schema.registry.basic.auth.user.info = [hidden]
	schema.registry.ssl.cipher.suites = null
	schema.registry.ssl.enabled.protocols = [TLSv1.2, TLSv1.3]
	schema.registry.ssl.endpoint.identification.algorithm = https
	schema.registry.ssl.engine.factory.class = null
	schema.registry.ssl.key.password = null
	schema.registry.ssl.keymanager.algorithm = SunX509
	schema.registry.ssl.keystore.certificate.chain = null
	schema.registry.ssl.keystore.key = null
	schema.registry.ssl.keystore.location = null
	schema.registry.ssl.keystore.password = null
	schema.registry.ssl.keystore.type = JKS
	schema.registry.ssl.protocol = TLSv1.3
	schema.registry.ssl.provider = null
	schema.registry.ssl.secure.random.implementation = null
	schema.registry.ssl.trustmanager.algorithm = PKIX
	schema.registry.ssl.truststore.certificates = null
	schema.registry.ssl.truststore.location = null
	schema.registry.ssl.truststore.password = null
	schema.registry.ssl.truststore.type = JKS
	schema.registry.url = [http://registry-app-inmemory.apps.ci419.apicurio-testing.org:80/apis/ccompat/v7]
	schema.registry.url.randomize = false
	use.latest.version = false
	use.latest.with.metadata = null
	use.schema.id = -1
	value.schema.id.deserializer = class io.confluent.kafka.serializers.schema.id.DualSchemaIdDeserializer
	value.schema.id.serializer = class io.confluent.kafka.serializers.schema.id.PrefixSchemaIdSerializer
	value.subject.name.strategy = class io.confluent.kafka.serializers.subject.TopicRecordNameStrategy

2025-08-06 18:53:14,114 INFO  [org.apa.kaf.cli.pro.KafkaProducer] (main) [Producer clientId=Producer-topic-3b562f52_5e25_47bf_aba4_e106887dabab] Instantiated an idempotent producer.
2025-08-06 18:53:14,116 INFO  [org.apa.kaf.cli.pro.ProducerConfig] (main) These configurations '[schema.registry.url, auto.register.schemas, value.subject.name.strategy]' were supplied but are not used yet.
2025-08-06 18:53:14,124 INFO  [org.apa.kaf.com.uti.AppInfoParser] (main) Kafka version: 3.9.1
2025-08-06 18:53:14,124 INFO  [org.apa.kaf.com.uti.AppInfoParser] (main) Kafka commitId: f745dfdcee2b9851
2025-08-06 18:53:14,124 INFO  [org.apa.kaf.com.uti.AppInfoParser] (main) Kafka startTimeMs: 1754506394116
2025-08-06 18:53:14,124 INFO  [io.api.tes.ser.api.KafkaSerdesTester] (Thread-844) Sending message {"key1": "value-0", "key2": "value-0", "key3": "value-0"} to topic topic-3b562f52_5e25_47bf_aba4_e106887dabab
2025-08-06 18:53:14,128 INFO  [org.apa.kaf.cli.Metadata] (kafka-producer-network-thread | Producer-topic-3b562f52_5e25_47bf_aba4_e106887dabab) [Producer clientId=Producer-topic-3b562f52_5e25_47bf_aba4_e106887dabab] Cluster ID: EV4Uys23RNi7BwH7MVj6Ag
2025-08-06 18:53:14,128 INFO  [org.apa.kaf.cli.pro.int.TransactionManager] (kafka-producer-network-thread | Producer-topic-3b562f52_5e25_47bf_aba4_e106887dabab) [Producer clientId=Producer-topic-3b562f52_5e25_47bf_aba4_e106887dabab] ProducerId set to 42 with epoch 0
2025-08-06 18:53:14,147 INFO  [io.api.tes.ser.api.KafkaSerdesTester] (Thread-844) Sending message {"key1": "value-1", "key2": "value-1", "key3": "value-1"} to topic topic-3b562f52_5e25_47bf_aba4_e106887dabab
2025-08-06 18:53:14,149 INFO  [io.api.tes.ser.api.KafkaSerdesTester] (Thread-844) Sending message {"key1": "value-2", "key2": "value-2", "key3": "value-2"} to topic topic-3b562f52_5e25_47bf_aba4_e106887dabab
2025-08-06 18:53:14,150 INFO  [io.api.tes.ser.api.KafkaSerdesTester] (Thread-844) Sending message {"key1": "value-3", "key2": "value-3", "key3": "value-3"} to topic topic-3b562f52_5e25_47bf_aba4_e106887dabab
2025-08-06 18:53:14,152 INFO  [io.api.tes.ser.api.KafkaSerdesTester] (Thread-844) Sending message {"key1": "value-4", "key2": "value-4", "key3": "value-4"} to topic topic-3b562f52_5e25_47bf_aba4_e106887dabab
2025-08-06 18:53:14,153 INFO  [io.api.tes.ser.api.KafkaSerdesTester] (Thread-844) Sending message {"key1": "value-5", "key2": "value-5", "key3": "value-5"} to topic topic-3b562f52_5e25_47bf_aba4_e106887dabab
2025-08-06 18:53:14,154 INFO  [io.api.tes.ser.api.KafkaSerdesTester] (Thread-844) Sending message {"key1": "value-6", "key2": "value-6", "key3": "value-6"} to topic topic-3b562f52_5e25_47bf_aba4_e106887dabab
2025-08-06 18:53:14,154 INFO  [io.api.tes.ser.api.KafkaSerdesTester] (Thread-844) Sending message {"key1": "value-7", "key2": "value-7", "key3": "value-7"} to topic topic-3b562f52_5e25_47bf_aba4_e106887dabab
2025-08-06 18:53:14,155 INFO  [io.api.tes.ser.api.KafkaSerdesTester] (Thread-844) Sending message {"key1": "value-8", "key2": "value-8", "key3": "value-8"} to topic topic-3b562f52_5e25_47bf_aba4_e106887dabab
2025-08-06 18:53:14,156 INFO  [io.api.tes.ser.api.KafkaSerdesTester] (Thread-844) Sending message {"key1": "value-9", "key2": "value-9", "key3": "value-9"} to topic topic-3b562f52_5e25_47bf_aba4_e106887dabab
2025-08-06 18:53:14,157 INFO  [io.api.tes.ser.api.KafkaSerdesTester] (Thread-844) Produced 10 messages
2025-08-06 18:53:14,157 INFO  [org.apa.kaf.cli.pro.KafkaProducer] (Thread-844) [Producer clientId=Producer-topic-3b562f52_5e25_47bf_aba4_e106887dabab] Closing the Kafka producer with timeoutMillis = 9223372036854775807 ms.
2025-08-06 18:53:14,158 INFO  [org.apa.kaf.com.met.Metrics] (Thread-844) Metrics scheduler closed
2025-08-06 18:53:14,158 INFO  [org.apa.kaf.com.met.Metrics] (Thread-844) Closing reporter org.apache.kafka.common.metrics.JmxReporter
2025-08-06 18:53:14,158 INFO  [org.apa.kaf.com.met.Metrics] (Thread-844) Closing reporter org.apache.kafka.common.telemetry.internals.ClientTelemetryReporter
2025-08-06 18:53:14,158 INFO  [org.apa.kaf.com.met.Metrics] (Thread-844) Metrics reporters closed
2025-08-06 18:53:14,159 INFO  [org.apa.kaf.com.uti.AppInfoParser] (Thread-844) App info kafka.producer for Producer-topic-3b562f52_5e25_47bf_aba4_e106887dabab unregistered
**** Registry Base URL: http://registry-app-inmemory.apps.ci419.apicurio-testing.org:80
2025-08-06 18:53:14,159 INFO  [org.apa.kaf.cli.pro.ProducerConfig] (main) ProducerConfig values: 
	acks = -1
	auto.include.jmx.reporter = true
	batch.size = 16384
	bootstrap.servers = [PLAINTEXT://localhost:32769]
	buffer.memory = 33554432
	client.dns.lookup = use_all_dns_ips
	client.id = Producer-topic-3b562f52_5e25_47bf_aba4_e106887dabab
	compression.gzip.level = -1
	compression.lz4.level = 9
	compression.type = none
	compression.zstd.level = 3
	connections.max.idle.ms = 10000
	delivery.timeout.ms = 120000
	enable.idempotence = true
	enable.metrics.push = true
	interceptor.classes = []
	key.serializer = class org.apache.kafka.common.serialization.StringSerializer
	linger.ms = 0
	max.block.ms = 60000
	max.in.flight.requests.per.connection = 5
	max.request.size = 1048576
	metadata.max.age.ms = 300000
	metadata.max.idle.ms = 300000
	metadata.recovery.strategy = none
	metric.reporters = []
	metrics.num.samples = 2
	metrics.recording.level = INFO
	metrics.sample.window.ms = 30000
	partitioner.adaptive.partitioning.enable = true
	partitioner.availability.timeout.ms = 0
	partitioner.class = null
	partitioner.ignore.keys = false
	receive.buffer.bytes = 32768
	reconnect.backoff.max.ms = 1000
	reconnect.backoff.ms = 50
	request.timeout.ms = 5000
	retries = 2147483647
	retry.backoff.max.ms = 1000
	retry.backoff.ms = 100
	sasl.client.callback.handler.class = null
	sasl.jaas.config = null
	sasl.kerberos.kinit.cmd = /usr/bin/kinit
	sasl.kerberos.min.time.before.relogin = 60000
	sasl.kerberos.service.name = null
	sasl.kerberos.ticket.renew.jitter = 0.05
	sasl.kerberos.ticket.renew.window.factor = 0.8
	sasl.login.callback.handler.class = null
	sasl.login.class = null
	sasl.login.connect.timeout.ms = null
	sasl.login.read.timeout.ms = null
	sasl.login.refresh.buffer.seconds = 300
	sasl.login.refresh.min.period.seconds = 60
	sasl.login.refresh.window.factor = 0.8
	sasl.login.refresh.window.jitter = 0.05
	sasl.login.retry.backoff.max.ms = 10000
	sasl.login.retry.backoff.ms = 100
	sasl.mechanism = GSSAPI
	sasl.oauthbearer.clock.skew.seconds = 30
	sasl.oauthbearer.expected.audience = null
	sasl.oauthbearer.expected.issuer = null
	sasl.oauthbearer.header.urlencode = false
	sasl.oauthbearer.jwks.endpoint.refresh.ms = 3600000
	sasl.oauthbearer.jwks.endpoint.retry.backoff.max.ms = 10000
	sasl.oauthbearer.jwks.endpoint.retry.backoff.ms = 100
	sasl.oauthbearer.jwks.endpoint.url = null
	sasl.oauthbearer.scope.claim.name = scope
	sasl.oauthbearer.sub.claim.name = sub
	sasl.oauthbearer.token.endpoint.url = null
	security.protocol = PLAINTEXT
	security.providers = null
	send.buffer.bytes = 131072
	socket.connection.setup.timeout.max.ms = 30000
	socket.connection.setup.timeout.ms = 10000
	ssl.cipher.suites = null
	ssl.enabled.protocols = [TLSv1.2, TLSv1.3]
	ssl.endpoint.identification.algorithm = https
	ssl.engine.factory.class = null
	ssl.key.password = null
	ssl.keymanager.algorithm = SunX509
	ssl.keystore.certificate.chain = null
	ssl.keystore.key = null
	ssl.keystore.location = null
	ssl.keystore.password = null
	ssl.keystore.type = JKS
	ssl.protocol = TLSv1.3
	ssl.provider = null
	ssl.secure.random.implementation = null
	ssl.trustmanager.algorithm = PKIX
	ssl.truststore.certificates = null
	ssl.truststore.location = null
	ssl.truststore.password = null
	ssl.truststore.type = JKS
	transaction.timeout.ms = 60000
	transactional.id = null
	value.serializer = class io.confluent.kafka.serializers.KafkaAvroSerializer

2025-08-06 18:53:14,159 INFO  [org.apa.kaf.com.tel.int.KafkaMetricsCollector] (main) initializing Kafka metrics collector
2025-08-06 18:53:14,160 INFO  [io.con.kaf.ser.KafkaAvroSerializerConfig] (main) KafkaAvroSerializerConfig values: 
	auto.register.schemas = false
	avro.reflection.allow.null = false
	avro.remove.java.properties = false
	avro.use.logical.type.converters = false
	basic.auth.credentials.source = URL
	basic.auth.user.info = [hidden]
	bearer.auth.cache.expiry.buffer.seconds = 300
	bearer.auth.client.id = null
	bearer.auth.client.secret = null
	bearer.auth.credentials.source = STATIC_TOKEN
	bearer.auth.custom.provider.class = null
	bearer.auth.identity.pool.id = null
	bearer.auth.issuer.endpoint.url = null
	bearer.auth.logical.cluster = null
	bearer.auth.scope = null
	bearer.auth.scope.claim.name = scope
	bearer.auth.sub.claim.name = sub
	bearer.auth.token = [hidden]
	context.name.strategy = class io.confluent.kafka.serializers.context.NullContextNameStrategy
	http.connect.timeout.ms = 60000
	http.read.timeout.ms = 60000
	id.compatibility.strict = true
	key.schema.id.deserializer = class io.confluent.kafka.serializers.schema.id.DualSchemaIdDeserializer
	key.schema.id.serializer = class io.confluent.kafka.serializers.schema.id.PrefixSchemaIdSerializer
	key.subject.name.strategy = class io.confluent.kafka.serializers.subject.TopicNameStrategy
	latest.cache.size = 1000
	latest.cache.ttl.sec = -1
	latest.compatibility.strict = true
	max.retries = 3
	max.schemas.per.subject = 1000
	normalize.schemas = false
	propagate.schema.tags = false
	proxy.host = 
	proxy.port = -1
	retries.max.wait.ms = 20000
	retries.wait.ms = 1000
	rule.actions = []
	rule.executors = []
	rule.service.loader.enable = true
	schema.format = null
	schema.reflection = false
	schema.registry.basic.auth.user.info = [hidden]
	schema.registry.ssl.cipher.suites = null
	schema.registry.ssl.enabled.protocols = [TLSv1.2, TLSv1.3]
	schema.registry.ssl.endpoint.identification.algorithm = https
	schema.registry.ssl.engine.factory.class = null
	schema.registry.ssl.key.password = null
	schema.registry.ssl.keymanager.algorithm = SunX509
	schema.registry.ssl.keystore.certificate.chain = null
	schema.registry.ssl.keystore.key = null
	schema.registry.ssl.keystore.location = null
	schema.registry.ssl.keystore.password = null
	schema.registry.ssl.keystore.type = JKS
	schema.registry.ssl.protocol = TLSv1.3
	schema.registry.ssl.provider = null
	schema.registry.ssl.secure.random.implementation = null
	schema.registry.ssl.trustmanager.algorithm = PKIX
	schema.registry.ssl.truststore.certificates = null
	schema.registry.ssl.truststore.location = null
	schema.registry.ssl.truststore.password = null
	schema.registry.ssl.truststore.type = JKS
	schema.registry.url = [http://registry-app-inmemory.apps.ci419.apicurio-testing.org:80/apis/ccompat/v7]
	schema.registry.url.randomize = false
	use.latest.version = false
	use.latest.with.metadata = null
	use.schema.id = -1
	value.schema.id.deserializer = class io.confluent.kafka.serializers.schema.id.DualSchemaIdDeserializer
	value.schema.id.serializer = class io.confluent.kafka.serializers.schema.id.PrefixSchemaIdSerializer
	value.subject.name.strategy = class io.confluent.kafka.serializers.subject.TopicRecordNameStrategy

2025-08-06 18:53:14,162 INFO  [org.apa.kaf.cli.pro.KafkaProducer] (main) [Producer clientId=Producer-topic-3b562f52_5e25_47bf_aba4_e106887dabab] Instantiated an idempotent producer.
2025-08-06 18:53:14,163 INFO  [org.apa.kaf.cli.pro.ProducerConfig] (main) These configurations '[schema.registry.url, auto.register.schemas, value.subject.name.strategy]' were supplied but are not used yet.
2025-08-06 18:53:14,164 INFO  [org.apa.kaf.com.uti.AppInfoParser] (main) Kafka version: 3.9.1
2025-08-06 18:53:14,164 INFO  [org.apa.kaf.com.uti.AppInfoParser] (main) Kafka commitId: f745dfdcee2b9851
2025-08-06 18:53:14,164 INFO  [org.apa.kaf.com.uti.AppInfoParser] (main) Kafka startTimeMs: 1754506394164
2025-08-06 18:53:14,165 INFO  [io.api.tes.ser.api.KafkaSerdesTester] (Thread-845) Sending message {"key1": "value-0", "key2": "value-0"} to topic topic-3b562f52_5e25_47bf_aba4_e106887dabab
2025-08-06 18:53:14,167 INFO  [org.apa.kaf.cli.Metadata] (kafka-producer-network-thread | Producer-topic-3b562f52_5e25_47bf_aba4_e106887dabab) [Producer clientId=Producer-topic-3b562f52_5e25_47bf_aba4_e106887dabab] Cluster ID: EV4Uys23RNi7BwH7MVj6Ag
2025-08-06 18:53:14,168 INFO  [org.apa.kaf.cli.pro.int.TransactionManager] (kafka-producer-network-thread | Producer-topic-3b562f52_5e25_47bf_aba4_e106887dabab) [Producer clientId=Producer-topic-3b562f52_5e25_47bf_aba4_e106887dabab] ProducerId set to 43 with epoch 0
2025-08-06 18:53:14,179 INFO  [io.api.tes.ser.api.KafkaSerdesTester] (Thread-845) Sending message {"key1": "value-1", "key2": "value-1"} to topic topic-3b562f52_5e25_47bf_aba4_e106887dabab
2025-08-06 18:53:14,181 INFO  [io.api.tes.ser.api.KafkaSerdesTester] (Thread-845) Sending message {"key1": "value-2", "key2": "value-2"} to topic topic-3b562f52_5e25_47bf_aba4_e106887dabab
2025-08-06 18:53:14,182 INFO  [io.api.tes.ser.api.KafkaSerdesTester] (Thread-845) Sending message {"key1": "value-3", "key2": "value-3"} to topic topic-3b562f52_5e25_47bf_aba4_e106887dabab
2025-08-06 18:53:14,183 INFO  [io.api.tes.ser.api.KafkaSerdesTester] (Thread-845) Sending message {"key1": "value-4", "key2": "value-4"} to topic topic-3b562f52_5e25_47bf_aba4_e106887dabab
2025-08-06 18:53:14,185 INFO  [io.api.tes.ser.api.KafkaSerdesTester] (Thread-845) Sending message {"key1": "value-5", "key2": "value-5"} to topic topic-3b562f52_5e25_47bf_aba4_e106887dabab
2025-08-06 18:53:14,187 INFO  [io.api.tes.ser.api.KafkaSerdesTester] (Thread-845) Sending message {"key1": "value-6", "key2": "value-6"} to topic topic-3b562f52_5e25_47bf_aba4_e106887dabab
2025-08-06 18:53:14,190 INFO  [io.api.tes.ser.api.KafkaSerdesTester] (Thread-845) Sending message {"key1": "value-7", "key2": "value-7"} to topic topic-3b562f52_5e25_47bf_aba4_e106887dabab
2025-08-06 18:53:14,191 INFO  [io.api.tes.ser.api.KafkaSerdesTester] (Thread-845) Sending message {"key1": "value-8", "key2": "value-8"} to topic topic-3b562f52_5e25_47bf_aba4_e106887dabab
2025-08-06 18:53:14,193 INFO  [io.api.tes.ser.api.KafkaSerdesTester] (Thread-845) Sending message {"key1": "value-9", "key2": "value-9"} to topic topic-3b562f52_5e25_47bf_aba4_e106887dabab
2025-08-06 18:53:14,194 INFO  [io.api.tes.ser.api.KafkaSerdesTester] (Thread-845) Produced 10 messages
2025-08-06 18:53:14,194 INFO  [org.apa.kaf.cli.pro.KafkaProducer] (Thread-845) [Producer clientId=Producer-topic-3b562f52_5e25_47bf_aba4_e106887dabab] Closing the Kafka producer with timeoutMillis = 9223372036854775807 ms.
2025-08-06 18:53:14,196 INFO  [org.apa.kaf.com.met.Metrics] (Thread-845) Metrics scheduler closed
2025-08-06 18:53:14,196 INFO  [org.apa.kaf.com.met.Metrics] (Thread-845) Closing reporter org.apache.kafka.common.metrics.JmxReporter
2025-08-06 18:53:14,196 INFO  [org.apa.kaf.com.met.Metrics] (Thread-845) Closing reporter org.apache.kafka.common.telemetry.internals.ClientTelemetryReporter
2025-08-06 18:53:14,196 INFO  [org.apa.kaf.com.met.Metrics] (Thread-845) Metrics reporters closed
2025-08-06 18:53:14,196 INFO  [org.apa.kaf.com.uti.AppInfoParser] (Thread-845) App info kafka.producer for Producer-topic-3b562f52_5e25_47bf_aba4_e106887dabab unregistered
**** Registry Base URL: http://registry-app-inmemory.apps.ci419.apicurio-testing.org:80
2025-08-06 18:53:14,196 INFO  [org.apa.kaf.cli.pro.ProducerConfig] (main) ProducerConfig values: 
	acks = -1
	auto.include.jmx.reporter = true
	batch.size = 16384
	bootstrap.servers = [PLAINTEXT://localhost:32769]
	buffer.memory = 33554432
	client.dns.lookup = use_all_dns_ips
	client.id = Producer-topic-3b562f52_5e25_47bf_aba4_e106887dabab
	compression.gzip.level = -1
	compression.lz4.level = 9
	compression.type = none
	compression.zstd.level = 3
	connections.max.idle.ms = 10000
	delivery.timeout.ms = 120000
	enable.idempotence = true
	enable.metrics.push = true
	interceptor.classes = []
	key.serializer = class org.apache.kafka.common.serialization.StringSerializer
	linger.ms = 0
	max.block.ms = 60000
	max.in.flight.requests.per.connection = 5
	max.request.size = 1048576
	metadata.max.age.ms = 300000
	metadata.max.idle.ms = 300000
	metadata.recovery.strategy = none
	metric.reporters = []
	metrics.num.samples = 2
	metrics.recording.level = INFO
	metrics.sample.window.ms = 30000
	partitioner.adaptive.partitioning.enable = true
	partitioner.availability.timeout.ms = 0
	partitioner.class = null
	partitioner.ignore.keys = false
	receive.buffer.bytes = 32768
	reconnect.backoff.max.ms = 1000
	reconnect.backoff.ms = 50
	request.timeout.ms = 5000
	retries = 2147483647
	retry.backoff.max.ms = 1000
	retry.backoff.ms = 100
	sasl.client.callback.handler.class = null
	sasl.jaas.config = null
	sasl.kerberos.kinit.cmd = /usr/bin/kinit
	sasl.kerberos.min.time.before.relogin = 60000
	sasl.kerberos.service.name = null
	sasl.kerberos.ticket.renew.jitter = 0.05
	sasl.kerberos.ticket.renew.window.factor = 0.8
	sasl.login.callback.handler.class = null
	sasl.login.class = null
	sasl.login.connect.timeout.ms = null
	sasl.login.read.timeout.ms = null
	sasl.login.refresh.buffer.seconds = 300
	sasl.login.refresh.min.period.seconds = 60
	sasl.login.refresh.window.factor = 0.8
	sasl.login.refresh.window.jitter = 0.05
	sasl.login.retry.backoff.max.ms = 10000
	sasl.login.retry.backoff.ms = 100
	sasl.mechanism = GSSAPI
	sasl.oauthbearer.clock.skew.seconds = 30
	sasl.oauthbearer.expected.audience = null
	sasl.oauthbearer.expected.issuer = null
	sasl.oauthbearer.header.urlencode = false
	sasl.oauthbearer.jwks.endpoint.refresh.ms = 3600000
	sasl.oauthbearer.jwks.endpoint.retry.backoff.max.ms = 10000
	sasl.oauthbearer.jwks.endpoint.retry.backoff.ms = 100
	sasl.oauthbearer.jwks.endpoint.url = null
	sasl.oauthbearer.scope.claim.name = scope
	sasl.oauthbearer.sub.claim.name = sub
	sasl.oauthbearer.token.endpoint.url = null
	security.protocol = PLAINTEXT
	security.providers = null
	send.buffer.bytes = 131072
	socket.connection.setup.timeout.max.ms = 30000
	socket.connection.setup.timeout.ms = 10000
	ssl.cipher.suites = null
	ssl.enabled.protocols = [TLSv1.2, TLSv1.3]
	ssl.endpoint.identification.algorithm = https
	ssl.engine.factory.class = null
	ssl.key.password = null
	ssl.keymanager.algorithm = SunX509
	ssl.keystore.certificate.chain = null
	ssl.keystore.key = null
	ssl.keystore.location = null
	ssl.keystore.password = null
	ssl.keystore.type = JKS
	ssl.protocol = TLSv1.3
	ssl.provider = null
	ssl.secure.random.implementation = null
	ssl.trustmanager.algorithm = PKIX
	ssl.truststore.certificates = null
	ssl.truststore.location = null
	ssl.truststore.password = null
	ssl.truststore.type = JKS
	transaction.timeout.ms = 60000
	transactional.id = null
	value.serializer = class io.confluent.kafka.serializers.KafkaAvroSerializer

2025-08-06 18:53:14,196 INFO  [org.apa.kaf.com.tel.int.KafkaMetricsCollector] (main) initializing Kafka metrics collector
2025-08-06 18:53:14,197 INFO  [io.con.kaf.ser.KafkaAvroSerializerConfig] (main) KafkaAvroSerializerConfig values: 
	auto.register.schemas = false
	avro.reflection.allow.null = false
	avro.remove.java.properties = false
	avro.use.logical.type.converters = false
	basic.auth.credentials.source = URL
	basic.auth.user.info = [hidden]
	bearer.auth.cache.expiry.buffer.seconds = 300
	bearer.auth.client.id = null
	bearer.auth.client.secret = null
	bearer.auth.credentials.source = STATIC_TOKEN
	bearer.auth.custom.provider.class = null
	bearer.auth.identity.pool.id = null
	bearer.auth.issuer.endpoint.url = null
	bearer.auth.logical.cluster = null
	bearer.auth.scope = null
	bearer.auth.scope.claim.name = scope
	bearer.auth.sub.claim.name = sub
	bearer.auth.token = [hidden]
	context.name.strategy = class io.confluent.kafka.serializers.context.NullContextNameStrategy
	http.connect.timeout.ms = 60000
	http.read.timeout.ms = 60000
	id.compatibility.strict = true
	key.schema.id.deserializer = class io.confluent.kafka.serializers.schema.id.DualSchemaIdDeserializer
	key.schema.id.serializer = class io.confluent.kafka.serializers.schema.id.PrefixSchemaIdSerializer
	key.subject.name.strategy = class io.confluent.kafka.serializers.subject.TopicNameStrategy
	latest.cache.size = 1000
	latest.cache.ttl.sec = -1
	latest.compatibility.strict = true
	max.retries = 3
	max.schemas.per.subject = 1000
	normalize.schemas = false
	propagate.schema.tags = false
	proxy.host = 
	proxy.port = -1
	retries.max.wait.ms = 20000
	retries.wait.ms = 1000
	rule.actions = []
	rule.executors = []
	rule.service.loader.enable = true
	schema.format = null
	schema.reflection = false
	schema.registry.basic.auth.user.info = [hidden]
	schema.registry.ssl.cipher.suites = null
	schema.registry.ssl.enabled.protocols = [TLSv1.2, TLSv1.3]
	schema.registry.ssl.endpoint.identification.algorithm = https
	schema.registry.ssl.engine.factory.class = null
	schema.registry.ssl.key.password = null
	schema.registry.ssl.keymanager.algorithm = SunX509
	schema.registry.ssl.keystore.certificate.chain = null
	schema.registry.ssl.keystore.key = null
	schema.registry.ssl.keystore.location = null
	schema.registry.ssl.keystore.password = null
	schema.registry.ssl.keystore.type = JKS
	schema.registry.ssl.protocol = TLSv1.3
	schema.registry.ssl.provider = null
	schema.registry.ssl.secure.random.implementation = null
	schema.registry.ssl.trustmanager.algorithm = PKIX
	schema.registry.ssl.truststore.certificates = null
	schema.registry.ssl.truststore.location = null
	schema.registry.ssl.truststore.password = null
	schema.registry.ssl.truststore.type = JKS
	schema.registry.url = [http://registry-app-inmemory.apps.ci419.apicurio-testing.org:80/apis/ccompat/v7]
	schema.registry.url.randomize = false
	use.latest.version = false
	use.latest.with.metadata = null
	use.schema.id = -1
	value.schema.id.deserializer = class io.confluent.kafka.serializers.schema.id.DualSchemaIdDeserializer
	value.schema.id.serializer = class io.confluent.kafka.serializers.schema.id.PrefixSchemaIdSerializer
	value.subject.name.strategy = class io.confluent.kafka.serializers.subject.TopicRecordNameStrategy

2025-08-06 18:53:14,199 INFO  [org.apa.kaf.cli.pro.KafkaProducer] (main) [Producer clientId=Producer-topic-3b562f52_5e25_47bf_aba4_e106887dabab] Instantiated an idempotent producer.
2025-08-06 18:53:14,201 INFO  [org.apa.kaf.cli.pro.ProducerConfig] (main) These configurations '[schema.registry.url, auto.register.schemas, value.subject.name.strategy]' were supplied but are not used yet.
2025-08-06 18:53:14,201 INFO  [org.apa.kaf.com.uti.AppInfoParser] (main) Kafka version: 3.9.1
2025-08-06 18:53:14,201 INFO  [org.apa.kaf.com.uti.AppInfoParser] (main) Kafka commitId: f745dfdcee2b9851
2025-08-06 18:53:14,201 INFO  [org.apa.kaf.com.uti.AppInfoParser] (main) Kafka startTimeMs: 1754506394201
2025-08-06 18:53:14,202 INFO  [io.api.tes.ser.api.KafkaSerdesTester] (Thread-846) Sending message {"key1": "value-0"} to topic topic-3b562f52_5e25_47bf_aba4_e106887dabab
2025-08-06 18:53:14,204 INFO  [org.apa.kaf.cli.Metadata] (kafka-producer-network-thread | Producer-topic-3b562f52_5e25_47bf_aba4_e106887dabab) [Producer clientId=Producer-topic-3b562f52_5e25_47bf_aba4_e106887dabab] Cluster ID: EV4Uys23RNi7BwH7MVj6Ag
2025-08-06 18:53:14,204 INFO  [org.apa.kaf.cli.pro.int.TransactionManager] (kafka-producer-network-thread | Producer-topic-3b562f52_5e25_47bf_aba4_e106887dabab) [Producer clientId=Producer-topic-3b562f52_5e25_47bf_aba4_e106887dabab] ProducerId set to 44 with epoch 0
2025-08-06 18:53:14,216 INFO  [io.api.tes.ser.api.KafkaSerdesTester] (Thread-846) Sending message {"key1": "value-1"} to topic topic-3b562f52_5e25_47bf_aba4_e106887dabab
2025-08-06 18:53:14,217 INFO  [io.api.tes.ser.api.KafkaSerdesTester] (Thread-846) Sending message {"key1": "value-2"} to topic topic-3b562f52_5e25_47bf_aba4_e106887dabab
2025-08-06 18:53:14,220 INFO  [io.api.tes.ser.api.KafkaSerdesTester] (Thread-846) Sending message {"key1": "value-3"} to topic topic-3b562f52_5e25_47bf_aba4_e106887dabab
2025-08-06 18:53:14,221 INFO  [io.api.tes.ser.api.KafkaSerdesTester] (Thread-846) Sending message {"key1": "value-4"} to topic topic-3b562f52_5e25_47bf_aba4_e106887dabab
2025-08-06 18:53:14,222 INFO  [io.api.tes.ser.api.KafkaSerdesTester] (Thread-846) Sending message {"key1": "value-5"} to topic topic-3b562f52_5e25_47bf_aba4_e106887dabab
2025-08-06 18:53:14,223 INFO  [io.api.tes.ser.api.KafkaSerdesTester] (Thread-846) Sending message {"key1": "value-6"} to topic topic-3b562f52_5e25_47bf_aba4_e106887dabab
2025-08-06 18:53:14,224 INFO  [io.api.tes.ser.api.KafkaSerdesTester] (Thread-846) Sending message {"key1": "value-7"} to topic topic-3b562f52_5e25_47bf_aba4_e106887dabab
2025-08-06 18:53:14,226 INFO  [io.api.tes.ser.api.KafkaSerdesTester] (Thread-846) Sending message {"key1": "value-8"} to topic topic-3b562f52_5e25_47bf_aba4_e106887dabab
2025-08-06 18:53:14,228 INFO  [io.api.tes.ser.api.KafkaSerdesTester] (Thread-846) Sending message {"key1": "value-9"} to topic topic-3b562f52_5e25_47bf_aba4_e106887dabab
2025-08-06 18:53:14,229 INFO  [io.api.tes.ser.api.KafkaSerdesTester] (Thread-846) Produced 10 messages
2025-08-06 18:53:14,229 INFO  [org.apa.kaf.cli.pro.KafkaProducer] (Thread-846) [Producer clientId=Producer-topic-3b562f52_5e25_47bf_aba4_e106887dabab] Closing the Kafka producer with timeoutMillis = 9223372036854775807 ms.
2025-08-06 18:53:14,230 INFO  [org.apa.kaf.com.met.Metrics] (Thread-846) Metrics scheduler closed
2025-08-06 18:53:14,230 INFO  [org.apa.kaf.com.met.Metrics] (Thread-846) Closing reporter org.apache.kafka.common.metrics.JmxReporter
2025-08-06 18:53:14,230 INFO  [org.apa.kaf.com.met.Metrics] (Thread-846) Closing reporter org.apache.kafka.common.telemetry.internals.ClientTelemetryReporter
2025-08-06 18:53:14,230 INFO  [org.apa.kaf.com.met.Metrics] (Thread-846) Metrics reporters closed
2025-08-06 18:53:14,231 INFO  [org.apa.kaf.com.uti.AppInfoParser] (Thread-846) App info kafka.producer for Producer-topic-3b562f52_5e25_47bf_aba4_e106887dabab unregistered
**** Registry Base URL: http://registry-app-inmemory.apps.ci419.apicurio-testing.org:80
2025-08-06 18:53:14,231 INFO  [org.apa.kaf.cli.con.ConsumerConfig] (main) ConsumerConfig values: 
	allow.auto.create.topics = true
	auto.commit.interval.ms = 500
	auto.include.jmx.reporter = true
	auto.offset.reset = earliest
	bootstrap.servers = [PLAINTEXT://localhost:32769]
	check.crcs = true
	client.dns.lookup = use_all_dns_ips
	client.id = consumer-Consumer-topic-3b562f52_5e25_47bf_aba4_e106887dabab-33
	client.rack = 
	connections.max.idle.ms = 10000
	default.api.timeout.ms = 60000
	enable.auto.commit = true
	enable.metrics.push = true
	exclude.internal.topics = true
	fetch.max.bytes = 52428800
	fetch.max.wait.ms = 500
	fetch.min.bytes = 1
	group.id = Consumer-topic-3b562f52_5e25_47bf_aba4_e106887dabab
	group.instance.id = null
	group.protocol = classic
	group.remote.assignor = null
	heartbeat.interval.ms = 3000
	interceptor.classes = []
	internal.leave.group.on.close = true
	internal.throw.on.fetch.stable.offset.unsupported = false
	isolation.level = read_uncommitted
	key.deserializer = class org.apache.kafka.common.serialization.StringDeserializer
	max.partition.fetch.bytes = 1048576
	max.poll.interval.ms = 300000
	max.poll.records = 500
	metadata.max.age.ms = 300000
	metadata.recovery.strategy = none
	metric.reporters = []
	metrics.num.samples = 2
	metrics.recording.level = INFO
	metrics.sample.window.ms = 30000
	partition.assignment.strategy = [class org.apache.kafka.clients.consumer.RangeAssignor, class org.apache.kafka.clients.consumer.CooperativeStickyAssignor]
	receive.buffer.bytes = 65536
	reconnect.backoff.max.ms = 1000
	reconnect.backoff.ms = 50
	request.timeout.ms = 5000
	retry.backoff.max.ms = 1000
	retry.backoff.ms = 100
	sasl.client.callback.handler.class = null
	sasl.jaas.config = null
	sasl.kerberos.kinit.cmd = /usr/bin/kinit
	sasl.kerberos.min.time.before.relogin = 60000
	sasl.kerberos.service.name = null
	sasl.kerberos.ticket.renew.jitter = 0.05
	sasl.kerberos.ticket.renew.window.factor = 0.8
	sasl.login.callback.handler.class = null
	sasl.login.class = null
	sasl.login.connect.timeout.ms = null
	sasl.login.read.timeout.ms = null
	sasl.login.refresh.buffer.seconds = 300
	sasl.login.refresh.min.period.seconds = 60
	sasl.login.refresh.window.factor = 0.8
	sasl.login.refresh.window.jitter = 0.05
	sasl.login.retry.backoff.max.ms = 10000
	sasl.login.retry.backoff.ms = 100
	sasl.mechanism = GSSAPI
	sasl.oauthbearer.clock.skew.seconds = 30
	sasl.oauthbearer.expected.audience = null
	sasl.oauthbearer.expected.issuer = null
	sasl.oauthbearer.header.urlencode = false
	sasl.oauthbearer.jwks.endpoint.refresh.ms = 3600000
	sasl.oauthbearer.jwks.endpoint.retry.backoff.max.ms = 10000
	sasl.oauthbearer.jwks.endpoint.retry.backoff.ms = 100
	sasl.oauthbearer.jwks.endpoint.url = null
	sasl.oauthbearer.scope.claim.name = scope
	sasl.oauthbearer.sub.claim.name = sub
	sasl.oauthbearer.token.endpoint.url = null
	security.protocol = PLAINTEXT
	security.providers = null
	send.buffer.bytes = 131072
	session.timeout.ms = 45000
	socket.connection.setup.timeout.max.ms = 30000
	socket.connection.setup.timeout.ms = 10000
	ssl.cipher.suites = null
	ssl.enabled.protocols = [TLSv1.2, TLSv1.3]
	ssl.endpoint.identification.algorithm = https
	ssl.engine.factory.class = null
	ssl.key.password = null
	ssl.keymanager.algorithm = SunX509
	ssl.keystore.certificate.chain = null
	ssl.keystore.key = null
	ssl.keystore.location = null
	ssl.keystore.password = null
	ssl.keystore.type = JKS
	ssl.protocol = TLSv1.3
	ssl.provider = null
	ssl.secure.random.implementation = null
	ssl.trustmanager.algorithm = PKIX
	ssl.truststore.certificates = null
	ssl.truststore.location = null
	ssl.truststore.password = null
	ssl.truststore.type = JKS
	value.deserializer = class io.confluent.kafka.serializers.KafkaAvroDeserializer

2025-08-06 18:53:14,231 INFO  [org.apa.kaf.com.tel.int.KafkaMetricsCollector] (main) initializing Kafka metrics collector
2025-08-06 18:53:14,232 INFO  [io.con.kaf.ser.KafkaAvroDeserializerConfig] (main) KafkaAvroDeserializerConfig values: 
	auto.register.schemas = true
	avro.reflection.allow.null = false
	avro.use.logical.type.converters = false
	basic.auth.credentials.source = URL
	basic.auth.user.info = [hidden]
	bearer.auth.cache.expiry.buffer.seconds = 300
	bearer.auth.client.id = null
	bearer.auth.client.secret = null
	bearer.auth.credentials.source = STATIC_TOKEN
	bearer.auth.custom.provider.class = null
	bearer.auth.identity.pool.id = null
	bearer.auth.issuer.endpoint.url = null
	bearer.auth.logical.cluster = null
	bearer.auth.scope = null
	bearer.auth.scope.claim.name = scope
	bearer.auth.sub.claim.name = sub
	bearer.auth.token = [hidden]
	context.name.strategy = class io.confluent.kafka.serializers.context.NullContextNameStrategy
	http.connect.timeout.ms = 60000
	http.read.timeout.ms = 60000
	id.compatibility.strict = true
	key.schema.id.deserializer = class io.confluent.kafka.serializers.schema.id.DualSchemaIdDeserializer
	key.schema.id.serializer = class io.confluent.kafka.serializers.schema.id.PrefixSchemaIdSerializer
	key.subject.name.strategy = class io.confluent.kafka.serializers.subject.TopicNameStrategy
	latest.cache.size = 1000
	latest.cache.ttl.sec = -1
	latest.compatibility.strict = true
	max.retries = 3
	max.schemas.per.subject = 1000
	normalize.schemas = false
	propagate.schema.tags = false
	proxy.host = 
	proxy.port = -1
	retries.max.wait.ms = 20000
	retries.wait.ms = 1000
	rule.actions = []
	rule.executors = []
	rule.service.loader.enable = true
	schema.format = null
	schema.reflection = false
	schema.registry.basic.auth.user.info = [hidden]
	schema.registry.ssl.cipher.suites = null
	schema.registry.ssl.enabled.protocols = [TLSv1.2, TLSv1.3]
	schema.registry.ssl.endpoint.identification.algorithm = https
	schema.registry.ssl.engine.factory.class = null
	schema.registry.ssl.key.password = null
	schema.registry.ssl.keymanager.algorithm = SunX509
	schema.registry.ssl.keystore.certificate.chain = null
	schema.registry.ssl.keystore.key = null
	schema.registry.ssl.keystore.location = null
	schema.registry.ssl.keystore.password = null
	schema.registry.ssl.keystore.type = JKS
	schema.registry.ssl.protocol = TLSv1.3
	schema.registry.ssl.provider = null
	schema.registry.ssl.secure.random.implementation = null
	schema.registry.ssl.trustmanager.algorithm = PKIX
	schema.registry.ssl.truststore.certificates = null
	schema.registry.ssl.truststore.location = null
	schema.registry.ssl.truststore.password = null
	schema.registry.ssl.truststore.type = JKS
	schema.registry.url = [http://registry-app-inmemory.apps.ci419.apicurio-testing.org:80/apis/ccompat/v7]
	schema.registry.url.randomize = false
	specific.avro.key.type = null
	specific.avro.reader = false
	specific.avro.value.type = null
	use.latest.version = false
	use.latest.with.metadata = null
	use.schema.id = -1
	value.schema.id.deserializer = class io.confluent.kafka.serializers.schema.id.DualSchemaIdDeserializer
	value.schema.id.serializer = class io.confluent.kafka.serializers.schema.id.PrefixSchemaIdSerializer
	value.subject.name.strategy = class io.confluent.kafka.serializers.subject.TopicNameStrategy

2025-08-06 18:53:14,237 INFO  [org.apa.kaf.cli.con.ConsumerConfig] (main) These configurations '[schema.registry.url]' were supplied but are not used yet.
2025-08-06 18:53:14,237 INFO  [org.apa.kaf.com.uti.AppInfoParser] (main) Kafka version: 3.9.1
2025-08-06 18:53:14,237 INFO  [org.apa.kaf.com.uti.AppInfoParser] (main) Kafka commitId: f745dfdcee2b9851
2025-08-06 18:53:14,237 INFO  [org.apa.kaf.com.uti.AppInfoParser] (main) Kafka startTimeMs: 1754506394237
2025-08-06 18:53:14,238 INFO  [org.apa.kaf.cli.con.int.ClassicKafkaConsumer] (Thread-847) [Consumer clientId=consumer-Consumer-topic-3b562f52_5e25_47bf_aba4_e106887dabab-33, groupId=Consumer-topic-3b562f52_5e25_47bf_aba4_e106887dabab] Subscribed to topic(s): topic-3b562f52_5e25_47bf_aba4_e106887dabab
2025-08-06 18:53:14,241 INFO  [org.apa.kaf.cli.Metadata] (Thread-847) [Consumer clientId=consumer-Consumer-topic-3b562f52_5e25_47bf_aba4_e106887dabab-33, groupId=Consumer-topic-3b562f52_5e25_47bf_aba4_e106887dabab] Cluster ID: EV4Uys23RNi7BwH7MVj6Ag
2025-08-06 18:53:14,242 INFO  [org.apa.kaf.cli.con.int.ConsumerCoordinator] (Thread-847) [Consumer clientId=consumer-Consumer-topic-3b562f52_5e25_47bf_aba4_e106887dabab-33, groupId=Consumer-topic-3b562f52_5e25_47bf_aba4_e106887dabab] Discovered group coordinator localhost:32769 (id: 2147483647 rack: null)
2025-08-06 18:53:14,242 INFO  [org.apa.kaf.cli.con.int.ConsumerCoordinator] (Thread-847) [Consumer clientId=consumer-Consumer-topic-3b562f52_5e25_47bf_aba4_e106887dabab-33, groupId=Consumer-topic-3b562f52_5e25_47bf_aba4_e106887dabab] (Re-)joining group
2025-08-06 18:53:14,245 INFO  [org.apa.kaf.cli.con.int.ConsumerCoordinator] (Thread-847) [Consumer clientId=consumer-Consumer-topic-3b562f52_5e25_47bf_aba4_e106887dabab-33, groupId=Consumer-topic-3b562f52_5e25_47bf_aba4_e106887dabab] Request joining group due to: need to re-join with the given member-id: consumer-Consumer-topic-3b562f52_5e25_47bf_aba4_e106887dabab-33-22c26abb-a04c-4846-bdab-cc7d55c2882c
2025-08-06 18:53:14,245 INFO  [org.apa.kaf.cli.con.int.ConsumerCoordinator] (Thread-847) [Consumer clientId=consumer-Consumer-topic-3b562f52_5e25_47bf_aba4_e106887dabab-33, groupId=Consumer-topic-3b562f52_5e25_47bf_aba4_e106887dabab] (Re-)joining group
2025-08-06 18:53:15,238 INFO  [io.api.tes.ser.api.KafkaSerdesTester] (Thread-847) None found
2025-08-06 18:53:16,238 INFO  [io.api.tes.ser.api.KafkaSerdesTester] (Thread-847) None found
2025-08-06 18:53:17,238 INFO  [io.api.tes.ser.api.KafkaSerdesTester] (Thread-847) None found
2025-08-06 18:53:17,247 INFO  [org.apa.kaf.cli.con.int.ConsumerCoordinator] (Thread-847) [Consumer clientId=consumer-Consumer-topic-3b562f52_5e25_47bf_aba4_e106887dabab-33, groupId=Consumer-topic-3b562f52_5e25_47bf_aba4_e106887dabab] Successfully joined group with generation Generation{generationId=5, memberId='consumer-Consumer-topic-3b562f52_5e25_47bf_aba4_e106887dabab-33-22c26abb-a04c-4846-bdab-cc7d55c2882c', protocol='range'}
2025-08-06 18:53:17,247 INFO  [org.apa.kaf.cli.con.int.ConsumerCoordinator] (Thread-847) [Consumer clientId=consumer-Consumer-topic-3b562f52_5e25_47bf_aba4_e106887dabab-33, groupId=Consumer-topic-3b562f52_5e25_47bf_aba4_e106887dabab] Finished assignment for group at generation 5: {consumer-Consumer-topic-3b562f52_5e25_47bf_aba4_e106887dabab-33-22c26abb-a04c-4846-bdab-cc7d55c2882c=Assignment(partitions=[topic-3b562f52_5e25_47bf_aba4_e106887dabab-0])}
2025-08-06 18:53:17,253 INFO  [org.apa.kaf.cli.con.int.ConsumerCoordinator] (Thread-847) [Consumer clientId=consumer-Consumer-topic-3b562f52_5e25_47bf_aba4_e106887dabab-33, groupId=Consumer-topic-3b562f52_5e25_47bf_aba4_e106887dabab] Successfully synced group in generation Generation{generationId=5, memberId='consumer-Consumer-topic-3b562f52_5e25_47bf_aba4_e106887dabab-33-22c26abb-a04c-4846-bdab-cc7d55c2882c', protocol='range'}
2025-08-06 18:53:17,253 INFO  [org.apa.kaf.cli.con.int.ConsumerCoordinator] (Thread-847) [Consumer clientId=consumer-Consumer-topic-3b562f52_5e25_47bf_aba4_e106887dabab-33, groupId=Consumer-topic-3b562f52_5e25_47bf_aba4_e106887dabab] Notifying assignor about the new Assignment(partitions=[topic-3b562f52_5e25_47bf_aba4_e106887dabab-0])
2025-08-06 18:53:17,253 INFO  [org.apa.kaf.cli.con.int.ConsumerRebalanceListenerInvoker] (Thread-847) [Consumer clientId=consumer-Consumer-topic-3b562f52_5e25_47bf_aba4_e106887dabab-33, groupId=Consumer-topic-3b562f52_5e25_47bf_aba4_e106887dabab] Adding newly assigned partitions: topic-3b562f52_5e25_47bf_aba4_e106887dabab-0
2025-08-06 18:53:17,254 INFO  [org.apa.kaf.cli.con.int.ConsumerUtils] (Thread-847) Setting offset for partition topic-3b562f52_5e25_47bf_aba4_e106887dabab-0 to the committed offset FetchPosition{offset=30, offsetEpoch=Optional[0], currentLeader=LeaderAndEpoch{leader=Optional[localhost:32769 (id: 0 rack: null)], epoch=0}}
2025-08-06 18:53:17,282 INFO  [io.api.tes.ser.api.KafkaSerdesTester] (Thread-847) topic-3b562f52_5e25_47bf_aba4_e106887dabab 0 30 {"key1": "value-0", "key2": "value-0", "key3": "value-0"}
2025-08-06 18:53:17,282 INFO  [io.api.tes.ser.api.KafkaSerdesTester] (Thread-847) topic-3b562f52_5e25_47bf_aba4_e106887dabab 0 31 {"key1": "value-1", "key2": "value-1", "key3": "value-1"}
2025-08-06 18:53:17,282 INFO  [io.api.tes.ser.api.KafkaSerdesTester] (Thread-847) topic-3b562f52_5e25_47bf_aba4_e106887dabab 0 32 {"key1": "value-2", "key2": "value-2", "key3": "value-2"}
2025-08-06 18:53:17,282 INFO  [io.api.tes.ser.api.KafkaSerdesTester] (Thread-847) topic-3b562f52_5e25_47bf_aba4_e106887dabab 0 33 {"key1": "value-3", "key2": "value-3", "key3": "value-3"}
2025-08-06 18:53:17,282 INFO  [io.api.tes.ser.api.KafkaSerdesTester] (Thread-847) topic-3b562f52_5e25_47bf_aba4_e106887dabab 0 34 {"key1": "value-4", "key2": "value-4", "key3": "value-4"}
2025-08-06 18:53:17,282 INFO  [io.api.tes.ser.api.KafkaSerdesTester] (Thread-847) topic-3b562f52_5e25_47bf_aba4_e106887dabab 0 35 {"key1": "value-5", "key2": "value-5", "key3": "value-5"}
2025-08-06 18:53:17,282 INFO  [io.api.tes.ser.api.KafkaSerdesTester] (Thread-847) topic-3b562f52_5e25_47bf_aba4_e106887dabab 0 36 {"key1": "value-6", "key2": "value-6", "key3": "value-6"}
2025-08-06 18:53:17,282 INFO  [io.api.tes.ser.api.KafkaSerdesTester] (Thread-847) topic-3b562f52_5e25_47bf_aba4_e106887dabab 0 37 {"key1": "value-7", "key2": "value-7", "key3": "value-7"}
2025-08-06 18:53:17,282 INFO  [io.api.tes.ser.api.KafkaSerdesTester] (Thread-847) topic-3b562f52_5e25_47bf_aba4_e106887dabab 0 38 {"key1": "value-8", "key2": "value-8", "key3": "value-8"}
2025-08-06 18:53:17,282 INFO  [io.api.tes.ser.api.KafkaSerdesTester] (Thread-847) topic-3b562f52_5e25_47bf_aba4_e106887dabab 0 39 {"key1": "value-9", "key2": "value-9", "key3": "value-9"}
2025-08-06 18:53:17,282 INFO  [io.api.tes.ser.api.KafkaSerdesTester] (Thread-847) topic-3b562f52_5e25_47bf_aba4_e106887dabab 0 40 {"key1": "value-0", "key2": "value-0"}
2025-08-06 18:53:17,282 INFO  [io.api.tes.ser.api.KafkaSerdesTester] (Thread-847) topic-3b562f52_5e25_47bf_aba4_e106887dabab 0 41 {"key1": "value-1", "key2": "value-1"}
2025-08-06 18:53:17,282 INFO  [io.api.tes.ser.api.KafkaSerdesTester] (Thread-847) topic-3b562f52_5e25_47bf_aba4_e106887dabab 0 42 {"key1": "value-2", "key2": "value-2"}
2025-08-06 18:53:17,282 INFO  [io.api.tes.ser.api.KafkaSerdesTester] (Thread-847) topic-3b562f52_5e25_47bf_aba4_e106887dabab 0 43 {"key1": "value-3", "key2": "value-3"}
2025-08-06 18:53:17,283 INFO  [io.api.tes.ser.api.KafkaSerdesTester] (Thread-847) topic-3b562f52_5e25_47bf_aba4_e106887dabab 0 44 {"key1": "value-4", "key2": "value-4"}
2025-08-06 18:53:17,283 INFO  [io.api.tes.ser.api.KafkaSerdesTester] (Thread-847) topic-3b562f52_5e25_47bf_aba4_e106887dabab 0 45 {"key1": "value-5", "key2": "value-5"}
2025-08-06 18:53:17,283 INFO  [io.api.tes.ser.api.KafkaSerdesTester] (Thread-847) topic-3b562f52_5e25_47bf_aba4_e106887dabab 0 46 {"key1": "value-6", "key2": "value-6"}
2025-08-06 18:53:17,284 INFO  [io.api.tes.ser.api.KafkaSerdesTester] (Thread-847) topic-3b562f52_5e25_47bf_aba4_e106887dabab 0 47 {"key1": "value-7", "key2": "value-7"}
2025-08-06 18:53:17,284 INFO  [io.api.tes.ser.api.KafkaSerdesTester] (Thread-847) topic-3b562f52_5e25_47bf_aba4_e106887dabab 0 48 {"key1": "value-8", "key2": "value-8"}
2025-08-06 18:53:17,284 INFO  [io.api.tes.ser.api.KafkaSerdesTester] (Thread-847) topic-3b562f52_5e25_47bf_aba4_e106887dabab 0 49 {"key1": "value-9", "key2": "value-9"}
2025-08-06 18:53:17,284 INFO  [io.api.tes.ser.api.KafkaSerdesTester] (Thread-847) topic-3b562f52_5e25_47bf_aba4_e106887dabab 0 50 {"key1": "value-0"}
2025-08-06 18:53:17,284 INFO  [io.api.tes.ser.api.KafkaSerdesTester] (Thread-847) topic-3b562f52_5e25_47bf_aba4_e106887dabab 0 51 {"key1": "value-1"}
2025-08-06 18:53:17,284 INFO  [io.api.tes.ser.api.KafkaSerdesTester] (Thread-847) topic-3b562f52_5e25_47bf_aba4_e106887dabab 0 52 {"key1": "value-2"}
2025-08-06 18:53:17,284 INFO  [io.api.tes.ser.api.KafkaSerdesTester] (Thread-847) topic-3b562f52_5e25_47bf_aba4_e106887dabab 0 53 {"key1": "value-3"}
2025-08-06 18:53:17,284 INFO  [io.api.tes.ser.api.KafkaSerdesTester] (Thread-847) topic-3b562f52_5e25_47bf_aba4_e106887dabab 0 54 {"key1": "value-4"}
2025-08-06 18:53:17,284 INFO  [io.api.tes.ser.api.KafkaSerdesTester] (Thread-847) topic-3b562f52_5e25_47bf_aba4_e106887dabab 0 55 {"key1": "value-5"}
2025-08-06 18:53:17,284 INFO  [io.api.tes.ser.api.KafkaSerdesTester] (Thread-847) topic-3b562f52_5e25_47bf_aba4_e106887dabab 0 56 {"key1": "value-6"}
2025-08-06 18:53:17,284 INFO  [io.api.tes.ser.api.KafkaSerdesTester] (Thread-847) topic-3b562f52_5e25_47bf_aba4_e106887dabab 0 57 {"key1": "value-7"}
2025-08-06 18:53:17,284 INFO  [io.api.tes.ser.api.KafkaSerdesTester] (Thread-847) topic-3b562f52_5e25_47bf_aba4_e106887dabab 0 58 {"key1": "value-8"}
2025-08-06 18:53:17,284 INFO  [io.api.tes.ser.api.KafkaSerdesTester] (Thread-847) topic-3b562f52_5e25_47bf_aba4_e106887dabab 0 59 {"key1": "value-9"}
2025-08-06 18:53:17,284 INFO  [io.api.tes.ser.api.KafkaSerdesTester] (Thread-847) Consumed 30 messages
2025-08-06 18:53:17,291 INFO  [org.apa.kaf.cli.con.int.ConsumerRebalanceListenerInvoker] (Thread-847) [Consumer clientId=consumer-Consumer-topic-3b562f52_5e25_47bf_aba4_e106887dabab-33, groupId=Consumer-topic-3b562f52_5e25_47bf_aba4_e106887dabab] Revoke previously assigned partitions topic-3b562f52_5e25_47bf_aba4_e106887dabab-0
2025-08-06 18:53:17,291 INFO  [org.apa.kaf.cli.con.int.ConsumerCoordinator] (Thread-847) [Consumer clientId=consumer-Consumer-topic-3b562f52_5e25_47bf_aba4_e106887dabab-33, groupId=Consumer-topic-3b562f52_5e25_47bf_aba4_e106887dabab] Member consumer-Consumer-topic-3b562f52_5e25_47bf_aba4_e106887dabab-33-22c26abb-a04c-4846-bdab-cc7d55c2882c sending LeaveGroup request to coordinator localhost:32769 (id: 2147483647 rack: null) due to the consumer is being closed
2025-08-06 18:53:17,291 INFO  [org.apa.kaf.cli.con.int.ConsumerCoordinator] (Thread-847) [Consumer clientId=consumer-Consumer-topic-3b562f52_5e25_47bf_aba4_e106887dabab-33, groupId=Consumer-topic-3b562f52_5e25_47bf_aba4_e106887dabab] Resetting generation and member id due to: consumer pro-actively leaving the group
2025-08-06 18:53:17,291 INFO  [org.apa.kaf.cli.con.int.ConsumerCoordinator] (Thread-847) [Consumer clientId=consumer-Consumer-topic-3b562f52_5e25_47bf_aba4_e106887dabab-33, groupId=Consumer-topic-3b562f52_5e25_47bf_aba4_e106887dabab] Request joining group due to: consumer pro-actively leaving the group
2025-08-06 18:53:17,783 INFO  [org.apa.kaf.com.met.Metrics] (Thread-847) Metrics scheduler closed
2025-08-06 18:53:17,783 INFO  [org.apa.kaf.com.met.Metrics] (Thread-847) Closing reporter org.apache.kafka.common.metrics.JmxReporter
2025-08-06 18:53:17,783 INFO  [org.apa.kaf.com.met.Metrics] (Thread-847) Closing reporter org.apache.kafka.common.telemetry.internals.ClientTelemetryReporter
2025-08-06 18:53:17,783 INFO  [org.apa.kaf.com.met.Metrics] (Thread-847) Metrics reporters closed
2025-08-06 18:53:17,785 INFO  [org.apa.kaf.com.uti.AppInfoParser] (Thread-847) App info kafka.consumer for consumer-Consumer-topic-3b562f52_5e25_47bf_aba4_e106887dabab-33 unregistered
2025-08-06 18:53:17,785 INFO  [org.apa.kaf.cli.pro.KafkaProducer] (main) [Producer clientId=Producer-topic-3b562f52_5e25_47bf_aba4_e106887dabab] Closing the Kafka producer with timeoutMillis = 9223372036854775807 ms.
2025-08-06 18:53:17,785 INFO  [org.apa.kaf.com.met.Metrics] (main) Metrics scheduler closed
2025-08-06 18:53:17,785 INFO  [org.apa.kaf.com.met.Metrics] (main) Closing reporter org.apache.kafka.common.metrics.JmxReporter
2025-08-06 18:53:17,785 INFO  [org.apa.kaf.com.met.Metrics] (main) Closing reporter org.apache.kafka.common.telemetry.internals.ClientTelemetryReporter
2025-08-06 18:53:17,785 INFO  [org.apa.kaf.com.met.Metrics] (main) Metrics reporters closed
2025-08-06 18:53:17,785 INFO  [org.apa.kaf.com.uti.AppInfoParser] (main) App info kafka.producer for Producer-topic-3b562f52_5e25_47bf_aba4_e106887dabab unregistered
2025-08-06 18:53:17,803 INFO  [io.api.tes.ser.con.BasicConfluentSerDesIT] (main) Deleting confluent schema topic-3b562f52_5e25_47bf_aba4_e106887dabab-s046eb681x3f39x4002x9128x677a633f6c63
2025-08-06 18:53:17,812 INFO  [io.api.tes.uti.TestSeparator] (main) io.apicurio.tests.serdes.confluent.BasicConfluentSerDesIT.testEvolveAvroConfluent-FINISHED
2025-08-06 18:53:17,813 INFO  [io.api.tes.uti.TestSeparator] (main) ############################################################################
Test passed: testEvolveAvroConfluent
]]></system-out>
  </testcase>
  <testcase name="testAvroConfluentSerDes" classname="io.apicurio.tests.serdes.confluent.BasicConfluentSerDesIT" time="3.649">
    <system-out><![CDATA[2025-08-06 18:53:17,814 INFO  [io.api.tes.uti.TestSeparator] (main) ############################################################################
2025-08-06 18:53:17,814 INFO  [io.api.tes.uti.TestSeparator] (main) io.apicurio.tests.serdes.confluent.BasicConfluentSerDesIT.testAvroConfluentSerDes-STARTED
2025-08-06 18:53:17,844 INFO  [io.api.tes.ser.con.BasicConfluentSerDesIT] (main) Checking that created schema is equal to the get schema
2025-08-06 18:53:17,852 INFO  [io.api.tes.ser.con.BasicConfluentSerDesIT] (main) Created schema with id:101 and name:myrecordconfluent1
**** Registry Base URL: http://registry-app-inmemory.apps.ci419.apicurio-testing.org:80
2025-08-06 18:53:17,853 INFO  [org.apa.kaf.cli.pro.ProducerConfig] (main) ProducerConfig values: 
	acks = -1
	auto.include.jmx.reporter = true
	batch.size = 16384
	bootstrap.servers = [PLAINTEXT://localhost:32769]
	buffer.memory = 33554432
	client.dns.lookup = use_all_dns_ips
	client.id = Producer-topic-bd9ae337_047a_4837_bbd1_be66a2c8f6c4
	compression.gzip.level = -1
	compression.lz4.level = 9
	compression.type = none
	compression.zstd.level = 3
	connections.max.idle.ms = 10000
	delivery.timeout.ms = 120000
	enable.idempotence = true
	enable.metrics.push = true
	interceptor.classes = []
	key.serializer = class org.apache.kafka.common.serialization.StringSerializer
	linger.ms = 0
	max.block.ms = 60000
	max.in.flight.requests.per.connection = 5
	max.request.size = 1048576
	metadata.max.age.ms = 300000
	metadata.max.idle.ms = 300000
	metadata.recovery.strategy = none
	metric.reporters = []
	metrics.num.samples = 2
	metrics.recording.level = INFO
	metrics.sample.window.ms = 30000
	partitioner.adaptive.partitioning.enable = true
	partitioner.availability.timeout.ms = 0
	partitioner.class = null
	partitioner.ignore.keys = false
	receive.buffer.bytes = 32768
	reconnect.backoff.max.ms = 1000
	reconnect.backoff.ms = 50
	request.timeout.ms = 5000
	retries = 2147483647
	retry.backoff.max.ms = 1000
	retry.backoff.ms = 100
	sasl.client.callback.handler.class = null
	sasl.jaas.config = null
	sasl.kerberos.kinit.cmd = /usr/bin/kinit
	sasl.kerberos.min.time.before.relogin = 60000
	sasl.kerberos.service.name = null
	sasl.kerberos.ticket.renew.jitter = 0.05
	sasl.kerberos.ticket.renew.window.factor = 0.8
	sasl.login.callback.handler.class = null
	sasl.login.class = null
	sasl.login.connect.timeout.ms = null
	sasl.login.read.timeout.ms = null
	sasl.login.refresh.buffer.seconds = 300
	sasl.login.refresh.min.period.seconds = 60
	sasl.login.refresh.window.factor = 0.8
	sasl.login.refresh.window.jitter = 0.05
	sasl.login.retry.backoff.max.ms = 10000
	sasl.login.retry.backoff.ms = 100
	sasl.mechanism = GSSAPI
	sasl.oauthbearer.clock.skew.seconds = 30
	sasl.oauthbearer.expected.audience = null
	sasl.oauthbearer.expected.issuer = null
	sasl.oauthbearer.header.urlencode = false
	sasl.oauthbearer.jwks.endpoint.refresh.ms = 3600000
	sasl.oauthbearer.jwks.endpoint.retry.backoff.max.ms = 10000
	sasl.oauthbearer.jwks.endpoint.retry.backoff.ms = 100
	sasl.oauthbearer.jwks.endpoint.url = null
	sasl.oauthbearer.scope.claim.name = scope
	sasl.oauthbearer.sub.claim.name = sub
	sasl.oauthbearer.token.endpoint.url = null
	security.protocol = PLAINTEXT
	security.providers = null
	send.buffer.bytes = 131072
	socket.connection.setup.timeout.max.ms = 30000
	socket.connection.setup.timeout.ms = 10000
	ssl.cipher.suites = null
	ssl.enabled.protocols = [TLSv1.2, TLSv1.3]
	ssl.endpoint.identification.algorithm = https
	ssl.engine.factory.class = null
	ssl.key.password = null
	ssl.keymanager.algorithm = SunX509
	ssl.keystore.certificate.chain = null
	ssl.keystore.key = null
	ssl.keystore.location = null
	ssl.keystore.password = null
	ssl.keystore.type = JKS
	ssl.protocol = TLSv1.3
	ssl.provider = null
	ssl.secure.random.implementation = null
	ssl.trustmanager.algorithm = PKIX
	ssl.truststore.certificates = null
	ssl.truststore.location = null
	ssl.truststore.password = null
	ssl.truststore.type = JKS
	transaction.timeout.ms = 60000
	transactional.id = null
	value.serializer = class io.confluent.kafka.serializers.KafkaAvroSerializer

2025-08-06 18:53:17,853 INFO  [org.apa.kaf.com.tel.int.KafkaMetricsCollector] (main) initializing Kafka metrics collector
2025-08-06 18:53:17,854 INFO  [io.con.kaf.ser.KafkaAvroSerializerConfig] (main) KafkaAvroSerializerConfig values: 
	auto.register.schemas = false
	avro.reflection.allow.null = false
	avro.remove.java.properties = false
	avro.use.logical.type.converters = false
	basic.auth.credentials.source = URL
	basic.auth.user.info = [hidden]
	bearer.auth.cache.expiry.buffer.seconds = 300
	bearer.auth.client.id = null
	bearer.auth.client.secret = null
	bearer.auth.credentials.source = STATIC_TOKEN
	bearer.auth.custom.provider.class = null
	bearer.auth.identity.pool.id = null
	bearer.auth.issuer.endpoint.url = null
	bearer.auth.logical.cluster = null
	bearer.auth.scope = null
	bearer.auth.scope.claim.name = scope
	bearer.auth.sub.claim.name = sub
	bearer.auth.token = [hidden]
	context.name.strategy = class io.confluent.kafka.serializers.context.NullContextNameStrategy
	http.connect.timeout.ms = 60000
	http.read.timeout.ms = 60000
	id.compatibility.strict = true
	key.schema.id.deserializer = class io.confluent.kafka.serializers.schema.id.DualSchemaIdDeserializer
	key.schema.id.serializer = class io.confluent.kafka.serializers.schema.id.PrefixSchemaIdSerializer
	key.subject.name.strategy = class io.confluent.kafka.serializers.subject.TopicNameStrategy
	latest.cache.size = 1000
	latest.cache.ttl.sec = -1
	latest.compatibility.strict = true
	max.retries = 3
	max.schemas.per.subject = 1000
	normalize.schemas = false
	propagate.schema.tags = false
	proxy.host = 
	proxy.port = -1
	retries.max.wait.ms = 20000
	retries.wait.ms = 1000
	rule.actions = []
	rule.executors = []
	rule.service.loader.enable = true
	schema.format = null
	schema.reflection = false
	schema.registry.basic.auth.user.info = [hidden]
	schema.registry.ssl.cipher.suites = null
	schema.registry.ssl.enabled.protocols = [TLSv1.2, TLSv1.3]
	schema.registry.ssl.endpoint.identification.algorithm = https
	schema.registry.ssl.engine.factory.class = null
	schema.registry.ssl.key.password = null
	schema.registry.ssl.keymanager.algorithm = SunX509
	schema.registry.ssl.keystore.certificate.chain = null
	schema.registry.ssl.keystore.key = null
	schema.registry.ssl.keystore.location = null
	schema.registry.ssl.keystore.password = null
	schema.registry.ssl.keystore.type = JKS
	schema.registry.ssl.protocol = TLSv1.3
	schema.registry.ssl.provider = null
	schema.registry.ssl.secure.random.implementation = null
	schema.registry.ssl.trustmanager.algorithm = PKIX
	schema.registry.ssl.truststore.certificates = null
	schema.registry.ssl.truststore.location = null
	schema.registry.ssl.truststore.password = null
	schema.registry.ssl.truststore.type = JKS
	schema.registry.url = [http://registry-app-inmemory.apps.ci419.apicurio-testing.org:80/apis/ccompat/v7]
	schema.registry.url.randomize = false
	use.latest.version = false
	use.latest.with.metadata = null
	use.schema.id = -1
	value.schema.id.deserializer = class io.confluent.kafka.serializers.schema.id.DualSchemaIdDeserializer
	value.schema.id.serializer = class io.confluent.kafka.serializers.schema.id.PrefixSchemaIdSerializer
	value.subject.name.strategy = class io.confluent.kafka.serializers.subject.TopicNameStrategy

2025-08-06 18:53:17,856 INFO  [org.apa.kaf.cli.pro.KafkaProducer] (main) [Producer clientId=Producer-topic-bd9ae337_047a_4837_bbd1_be66a2c8f6c4] Instantiated an idempotent producer.
2025-08-06 18:53:17,857 INFO  [org.apa.kaf.cli.pro.ProducerConfig] (main) These configurations '[schema.registry.url, auto.register.schemas, value.subject.name.strategy]' were supplied but are not used yet.
2025-08-06 18:53:17,857 INFO  [org.apa.kaf.com.uti.AppInfoParser] (main) Kafka version: 3.9.1
2025-08-06 18:53:17,857 INFO  [org.apa.kaf.com.uti.AppInfoParser] (main) Kafka commitId: f745dfdcee2b9851
2025-08-06 18:53:17,857 INFO  [org.apa.kaf.com.uti.AppInfoParser] (main) Kafka startTimeMs: 1754506397857
2025-08-06 18:53:17,857 INFO  [io.api.tes.ser.api.SimpleSerdesTesterBuilder$SimpleSerdesTester] (main) Using producer configuration: {schema.registry.url=http://registry-app-inmemory.apps.ci419.apicurio-testing.org:80/apis/ccompat/v7, value.serializer=io.confluent.kafka.serializers.KafkaAvroSerializer, request.timeout.ms=5000, auto.register.schemas=false, acks=all, bootstrap.servers=PLAINTEXT://localhost:32769, connections.max.idle.ms=10000, key.serializer=org.apache.kafka.common.serialization.StringSerializer, value.subject.name.strategy=io.confluent.kafka.serializers.subject.TopicNameStrategy, client.id=Producer-topic-bd9ae337_047a_4837_bbd1_be66a2c8f6c4}
2025-08-06 18:53:17,858 INFO  [io.api.tes.ser.api.SimpleSerdesTesterBuilder$SimpleSerdesTester] (main) Using consumer configuration: {}
2025-08-06 18:53:17,859 INFO  [io.api.tes.ser.api.KafkaSerdesTester] (Thread-848) Sending message {"key1": "value-0"} to topic topic-bd9ae337_047a_4837_bbd1_be66a2c8f6c4
2025-08-06 18:53:17,862 INFO  [org.apa.kaf.cli.Metadata] (kafka-producer-network-thread | Producer-topic-bd9ae337_047a_4837_bbd1_be66a2c8f6c4) [Producer clientId=Producer-topic-bd9ae337_047a_4837_bbd1_be66a2c8f6c4] Cluster ID: EV4Uys23RNi7BwH7MVj6Ag
2025-08-06 18:53:17,863 INFO  [org.apa.kaf.cli.pro.int.TransactionManager] (kafka-producer-network-thread | Producer-topic-bd9ae337_047a_4837_bbd1_be66a2c8f6c4) [Producer clientId=Producer-topic-bd9ae337_047a_4837_bbd1_be66a2c8f6c4] ProducerId set to 45 with epoch 0
2025-08-06 18:53:17,876 INFO  [io.api.tes.ser.api.KafkaSerdesTester] (Thread-848) Sending message {"key1": "value-1"} to topic topic-bd9ae337_047a_4837_bbd1_be66a2c8f6c4
2025-08-06 18:53:17,877 INFO  [io.api.tes.ser.api.KafkaSerdesTester] (Thread-848) Sending message {"key1": "value-2"} to topic topic-bd9ae337_047a_4837_bbd1_be66a2c8f6c4
2025-08-06 18:53:17,878 INFO  [io.api.tes.ser.api.KafkaSerdesTester] (Thread-848) Sending message {"key1": "value-3"} to topic topic-bd9ae337_047a_4837_bbd1_be66a2c8f6c4
2025-08-06 18:53:17,879 INFO  [io.api.tes.ser.api.KafkaSerdesTester] (Thread-848) Sending message {"key1": "value-4"} to topic topic-bd9ae337_047a_4837_bbd1_be66a2c8f6c4
2025-08-06 18:53:17,880 INFO  [io.api.tes.ser.api.KafkaSerdesTester] (Thread-848) Sending message {"key1": "value-5"} to topic topic-bd9ae337_047a_4837_bbd1_be66a2c8f6c4
2025-08-06 18:53:17,881 INFO  [io.api.tes.ser.api.KafkaSerdesTester] (Thread-848) Sending message {"key1": "value-6"} to topic topic-bd9ae337_047a_4837_bbd1_be66a2c8f6c4
2025-08-06 18:53:17,882 INFO  [io.api.tes.ser.api.KafkaSerdesTester] (Thread-848) Sending message {"key1": "value-7"} to topic topic-bd9ae337_047a_4837_bbd1_be66a2c8f6c4
2025-08-06 18:53:17,883 INFO  [io.api.tes.ser.api.KafkaSerdesTester] (Thread-848) Sending message {"key1": "value-8"} to topic topic-bd9ae337_047a_4837_bbd1_be66a2c8f6c4
2025-08-06 18:53:17,884 INFO  [io.api.tes.ser.api.KafkaSerdesTester] (Thread-848) Sending message {"key1": "value-9"} to topic topic-bd9ae337_047a_4837_bbd1_be66a2c8f6c4
2025-08-06 18:53:17,885 INFO  [io.api.tes.ser.api.KafkaSerdesTester] (Thread-848) Produced 10 messages
2025-08-06 18:53:17,885 INFO  [org.apa.kaf.cli.pro.KafkaProducer] (Thread-848) [Producer clientId=Producer-topic-bd9ae337_047a_4837_bbd1_be66a2c8f6c4] Closing the Kafka producer with timeoutMillis = 9223372036854775807 ms.
2025-08-06 18:53:17,887 INFO  [org.apa.kaf.com.met.Metrics] (Thread-848) Metrics scheduler closed
2025-08-06 18:53:17,887 INFO  [org.apa.kaf.com.met.Metrics] (Thread-848) Closing reporter org.apache.kafka.common.metrics.JmxReporter
2025-08-06 18:53:17,887 INFO  [org.apa.kaf.com.met.Metrics] (Thread-848) Closing reporter org.apache.kafka.common.telemetry.internals.ClientTelemetryReporter
2025-08-06 18:53:17,887 INFO  [org.apa.kaf.com.met.Metrics] (Thread-848) Metrics reporters closed
2025-08-06 18:53:17,887 INFO  [org.apa.kaf.com.uti.AppInfoParser] (Thread-848) App info kafka.producer for Producer-topic-bd9ae337_047a_4837_bbd1_be66a2c8f6c4 unregistered
**** Registry Base URL: http://registry-app-inmemory.apps.ci419.apicurio-testing.org:80
2025-08-06 18:53:17,888 INFO  [org.apa.kaf.cli.con.ConsumerConfig] (main) ConsumerConfig values: 
	allow.auto.create.topics = true
	auto.commit.interval.ms = 500
	auto.include.jmx.reporter = true
	auto.offset.reset = earliest
	bootstrap.servers = [PLAINTEXT://localhost:32769]
	check.crcs = true
	client.dns.lookup = use_all_dns_ips
	client.id = consumer-Consumer-topic-bd9ae337_047a_4837_bbd1_be66a2c8f6c4-34
	client.rack = 
	connections.max.idle.ms = 10000
	default.api.timeout.ms = 60000
	enable.auto.commit = true
	enable.metrics.push = true
	exclude.internal.topics = true
	fetch.max.bytes = 52428800
	fetch.max.wait.ms = 500
	fetch.min.bytes = 1
	group.id = Consumer-topic-bd9ae337_047a_4837_bbd1_be66a2c8f6c4
	group.instance.id = null
	group.protocol = classic
	group.remote.assignor = null
	heartbeat.interval.ms = 3000
	interceptor.classes = []
	internal.leave.group.on.close = true
	internal.throw.on.fetch.stable.offset.unsupported = false
	isolation.level = read_uncommitted
	key.deserializer = class org.apache.kafka.common.serialization.StringDeserializer
	max.partition.fetch.bytes = 1048576
	max.poll.interval.ms = 300000
	max.poll.records = 500
	metadata.max.age.ms = 300000
	metadata.recovery.strategy = none
	metric.reporters = []
	metrics.num.samples = 2
	metrics.recording.level = INFO
	metrics.sample.window.ms = 30000
	partition.assignment.strategy = [class org.apache.kafka.clients.consumer.RangeAssignor, class org.apache.kafka.clients.consumer.CooperativeStickyAssignor]
	receive.buffer.bytes = 65536
	reconnect.backoff.max.ms = 1000
	reconnect.backoff.ms = 50
	request.timeout.ms = 5000
	retry.backoff.max.ms = 1000
	retry.backoff.ms = 100
	sasl.client.callback.handler.class = null
	sasl.jaas.config = null
	sasl.kerberos.kinit.cmd = /usr/bin/kinit
	sasl.kerberos.min.time.before.relogin = 60000
	sasl.kerberos.service.name = null
	sasl.kerberos.ticket.renew.jitter = 0.05
	sasl.kerberos.ticket.renew.window.factor = 0.8
	sasl.login.callback.handler.class = null
	sasl.login.class = null
	sasl.login.connect.timeout.ms = null
	sasl.login.read.timeout.ms = null
	sasl.login.refresh.buffer.seconds = 300
	sasl.login.refresh.min.period.seconds = 60
	sasl.login.refresh.window.factor = 0.8
	sasl.login.refresh.window.jitter = 0.05
	sasl.login.retry.backoff.max.ms = 10000
	sasl.login.retry.backoff.ms = 100
	sasl.mechanism = GSSAPI
	sasl.oauthbearer.clock.skew.seconds = 30
	sasl.oauthbearer.expected.audience = null
	sasl.oauthbearer.expected.issuer = null
	sasl.oauthbearer.header.urlencode = false
	sasl.oauthbearer.jwks.endpoint.refresh.ms = 3600000
	sasl.oauthbearer.jwks.endpoint.retry.backoff.max.ms = 10000
	sasl.oauthbearer.jwks.endpoint.retry.backoff.ms = 100
	sasl.oauthbearer.jwks.endpoint.url = null
	sasl.oauthbearer.scope.claim.name = scope
	sasl.oauthbearer.sub.claim.name = sub
	sasl.oauthbearer.token.endpoint.url = null
	security.protocol = PLAINTEXT
	security.providers = null
	send.buffer.bytes = 131072
	session.timeout.ms = 45000
	socket.connection.setup.timeout.max.ms = 30000
	socket.connection.setup.timeout.ms = 10000
	ssl.cipher.suites = null
	ssl.enabled.protocols = [TLSv1.2, TLSv1.3]
	ssl.endpoint.identification.algorithm = https
	ssl.engine.factory.class = null
	ssl.key.password = null
	ssl.keymanager.algorithm = SunX509
	ssl.keystore.certificate.chain = null
	ssl.keystore.key = null
	ssl.keystore.location = null
	ssl.keystore.password = null
	ssl.keystore.type = JKS
	ssl.protocol = TLSv1.3
	ssl.provider = null
	ssl.secure.random.implementation = null
	ssl.trustmanager.algorithm = PKIX
	ssl.truststore.certificates = null
	ssl.truststore.location = null
	ssl.truststore.password = null
	ssl.truststore.type = JKS
	value.deserializer = class io.confluent.kafka.serializers.KafkaAvroDeserializer

2025-08-06 18:53:17,888 INFO  [org.apa.kaf.com.tel.int.KafkaMetricsCollector] (main) initializing Kafka metrics collector
2025-08-06 18:53:17,888 INFO  [io.con.kaf.ser.KafkaAvroDeserializerConfig] (main) KafkaAvroDeserializerConfig values: 
	auto.register.schemas = true
	avro.reflection.allow.null = false
	avro.use.logical.type.converters = false
	basic.auth.credentials.source = URL
	basic.auth.user.info = [hidden]
	bearer.auth.cache.expiry.buffer.seconds = 300
	bearer.auth.client.id = null
	bearer.auth.client.secret = null
	bearer.auth.credentials.source = STATIC_TOKEN
	bearer.auth.custom.provider.class = null
	bearer.auth.identity.pool.id = null
	bearer.auth.issuer.endpoint.url = null
	bearer.auth.logical.cluster = null
	bearer.auth.scope = null
	bearer.auth.scope.claim.name = scope
	bearer.auth.sub.claim.name = sub
	bearer.auth.token = [hidden]
	context.name.strategy = class io.confluent.kafka.serializers.context.NullContextNameStrategy
	http.connect.timeout.ms = 60000
	http.read.timeout.ms = 60000
	id.compatibility.strict = true
	key.schema.id.deserializer = class io.confluent.kafka.serializers.schema.id.DualSchemaIdDeserializer
	key.schema.id.serializer = class io.confluent.kafka.serializers.schema.id.PrefixSchemaIdSerializer
	key.subject.name.strategy = class io.confluent.kafka.serializers.subject.TopicNameStrategy
	latest.cache.size = 1000
	latest.cache.ttl.sec = -1
	latest.compatibility.strict = true
	max.retries = 3
	max.schemas.per.subject = 1000
	normalize.schemas = false
	propagate.schema.tags = false
	proxy.host = 
	proxy.port = -1
	retries.max.wait.ms = 20000
	retries.wait.ms = 1000
	rule.actions = []
	rule.executors = []
	rule.service.loader.enable = true
	schema.format = null
	schema.reflection = false
	schema.registry.basic.auth.user.info = [hidden]
	schema.registry.ssl.cipher.suites = null
	schema.registry.ssl.enabled.protocols = [TLSv1.2, TLSv1.3]
	schema.registry.ssl.endpoint.identification.algorithm = https
	schema.registry.ssl.engine.factory.class = null
	schema.registry.ssl.key.password = null
	schema.registry.ssl.keymanager.algorithm = SunX509
	schema.registry.ssl.keystore.certificate.chain = null
	schema.registry.ssl.keystore.key = null
	schema.registry.ssl.keystore.location = null
	schema.registry.ssl.keystore.password = null
	schema.registry.ssl.keystore.type = JKS
	schema.registry.ssl.protocol = TLSv1.3
	schema.registry.ssl.provider = null
	schema.registry.ssl.secure.random.implementation = null
	schema.registry.ssl.trustmanager.algorithm = PKIX
	schema.registry.ssl.truststore.certificates = null
	schema.registry.ssl.truststore.location = null
	schema.registry.ssl.truststore.password = null
	schema.registry.ssl.truststore.type = JKS
	schema.registry.url = [http://registry-app-inmemory.apps.ci419.apicurio-testing.org:80/apis/ccompat/v7]
	schema.registry.url.randomize = false
	specific.avro.key.type = null
	specific.avro.reader = false
	specific.avro.value.type = null
	use.latest.version = false
	use.latest.with.metadata = null
	use.schema.id = -1
	value.schema.id.deserializer = class io.confluent.kafka.serializers.schema.id.DualSchemaIdDeserializer
	value.schema.id.serializer = class io.confluent.kafka.serializers.schema.id.PrefixSchemaIdSerializer
	value.subject.name.strategy = class io.confluent.kafka.serializers.subject.TopicNameStrategy

2025-08-06 18:53:17,892 INFO  [org.apa.kaf.cli.con.ConsumerConfig] (main) These configurations '[schema.registry.url]' were supplied but are not used yet.
2025-08-06 18:53:17,892 INFO  [org.apa.kaf.com.uti.AppInfoParser] (main) Kafka version: 3.9.1
2025-08-06 18:53:17,892 INFO  [org.apa.kaf.com.uti.AppInfoParser] (main) Kafka commitId: f745dfdcee2b9851
2025-08-06 18:53:17,892 INFO  [org.apa.kaf.com.uti.AppInfoParser] (main) Kafka startTimeMs: 1754506397892
2025-08-06 18:53:17,893 INFO  [org.apa.kaf.cli.con.int.ClassicKafkaConsumer] (Thread-849) [Consumer clientId=consumer-Consumer-topic-bd9ae337_047a_4837_bbd1_be66a2c8f6c4-34, groupId=Consumer-topic-bd9ae337_047a_4837_bbd1_be66a2c8f6c4] Subscribed to topic(s): topic-bd9ae337_047a_4837_bbd1_be66a2c8f6c4
2025-08-06 18:53:17,897 INFO  [org.apa.kaf.cli.Metadata] (Thread-849) [Consumer clientId=consumer-Consumer-topic-bd9ae337_047a_4837_bbd1_be66a2c8f6c4-34, groupId=Consumer-topic-bd9ae337_047a_4837_bbd1_be66a2c8f6c4] Cluster ID: EV4Uys23RNi7BwH7MVj6Ag
2025-08-06 18:53:17,898 INFO  [org.apa.kaf.cli.con.int.ConsumerCoordinator] (Thread-849) [Consumer clientId=consumer-Consumer-topic-bd9ae337_047a_4837_bbd1_be66a2c8f6c4-34, groupId=Consumer-topic-bd9ae337_047a_4837_bbd1_be66a2c8f6c4] Discovered group coordinator localhost:32769 (id: 2147483647 rack: null)
2025-08-06 18:53:17,902 INFO  [org.apa.kaf.cli.con.int.ConsumerCoordinator] (Thread-849) [Consumer clientId=consumer-Consumer-topic-bd9ae337_047a_4837_bbd1_be66a2c8f6c4-34, groupId=Consumer-topic-bd9ae337_047a_4837_bbd1_be66a2c8f6c4] (Re-)joining group
2025-08-06 18:53:17,908 INFO  [org.apa.kaf.cli.con.int.ConsumerCoordinator] (Thread-849) [Consumer clientId=consumer-Consumer-topic-bd9ae337_047a_4837_bbd1_be66a2c8f6c4-34, groupId=Consumer-topic-bd9ae337_047a_4837_bbd1_be66a2c8f6c4] Request joining group due to: need to re-join with the given member-id: consumer-Consumer-topic-bd9ae337_047a_4837_bbd1_be66a2c8f6c4-34-805e729f-d845-415f-9614-74690d3e60a3
2025-08-06 18:53:17,908 INFO  [org.apa.kaf.cli.con.int.ConsumerCoordinator] (Thread-849) [Consumer clientId=consumer-Consumer-topic-bd9ae337_047a_4837_bbd1_be66a2c8f6c4-34, groupId=Consumer-topic-bd9ae337_047a_4837_bbd1_be66a2c8f6c4] (Re-)joining group
2025-08-06 18:53:18,894 INFO  [io.api.tes.ser.api.KafkaSerdesTester] (Thread-849) None found
2025-08-06 18:53:19,894 INFO  [io.api.tes.ser.api.KafkaSerdesTester] (Thread-849) None found
2025-08-06 18:53:20,894 INFO  [io.api.tes.ser.api.KafkaSerdesTester] (Thread-849) None found
2025-08-06 18:53:20,909 INFO  [org.apa.kaf.cli.con.int.ConsumerCoordinator] (Thread-849) [Consumer clientId=consumer-Consumer-topic-bd9ae337_047a_4837_bbd1_be66a2c8f6c4-34, groupId=Consumer-topic-bd9ae337_047a_4837_bbd1_be66a2c8f6c4] Successfully joined group with generation Generation{generationId=1, memberId='consumer-Consumer-topic-bd9ae337_047a_4837_bbd1_be66a2c8f6c4-34-805e729f-d845-415f-9614-74690d3e60a3', protocol='range'}
2025-08-06 18:53:20,909 INFO  [org.apa.kaf.cli.con.int.ConsumerCoordinator] (Thread-849) [Consumer clientId=consumer-Consumer-topic-bd9ae337_047a_4837_bbd1_be66a2c8f6c4-34, groupId=Consumer-topic-bd9ae337_047a_4837_bbd1_be66a2c8f6c4] Finished assignment for group at generation 1: {consumer-Consumer-topic-bd9ae337_047a_4837_bbd1_be66a2c8f6c4-34-805e729f-d845-415f-9614-74690d3e60a3=Assignment(partitions=[topic-bd9ae337_047a_4837_bbd1_be66a2c8f6c4-0])}
2025-08-06 18:53:20,915 INFO  [org.apa.kaf.cli.con.int.ConsumerCoordinator] (Thread-849) [Consumer clientId=consumer-Consumer-topic-bd9ae337_047a_4837_bbd1_be66a2c8f6c4-34, groupId=Consumer-topic-bd9ae337_047a_4837_bbd1_be66a2c8f6c4] Successfully synced group in generation Generation{generationId=1, memberId='consumer-Consumer-topic-bd9ae337_047a_4837_bbd1_be66a2c8f6c4-34-805e729f-d845-415f-9614-74690d3e60a3', protocol='range'}
2025-08-06 18:53:20,916 INFO  [org.apa.kaf.cli.con.int.ConsumerCoordinator] (Thread-849) [Consumer clientId=consumer-Consumer-topic-bd9ae337_047a_4837_bbd1_be66a2c8f6c4-34, groupId=Consumer-topic-bd9ae337_047a_4837_bbd1_be66a2c8f6c4] Notifying assignor about the new Assignment(partitions=[topic-bd9ae337_047a_4837_bbd1_be66a2c8f6c4-0])
2025-08-06 18:53:20,916 INFO  [org.apa.kaf.cli.con.int.ConsumerRebalanceListenerInvoker] (Thread-849) [Consumer clientId=consumer-Consumer-topic-bd9ae337_047a_4837_bbd1_be66a2c8f6c4-34, groupId=Consumer-topic-bd9ae337_047a_4837_bbd1_be66a2c8f6c4] Adding newly assigned partitions: topic-bd9ae337_047a_4837_bbd1_be66a2c8f6c4-0
2025-08-06 18:53:20,916 INFO  [org.apa.kaf.cli.con.int.ConsumerCoordinator] (Thread-849) [Consumer clientId=consumer-Consumer-topic-bd9ae337_047a_4837_bbd1_be66a2c8f6c4-34, groupId=Consumer-topic-bd9ae337_047a_4837_bbd1_be66a2c8f6c4] Found no committed offset for partition topic-bd9ae337_047a_4837_bbd1_be66a2c8f6c4-0
2025-08-06 18:53:20,921 INFO  [org.apa.kaf.cli.con.int.SubscriptionState] (Thread-849) [Consumer clientId=consumer-Consumer-topic-bd9ae337_047a_4837_bbd1_be66a2c8f6c4-34, groupId=Consumer-topic-bd9ae337_047a_4837_bbd1_be66a2c8f6c4] Resetting offset for partition topic-bd9ae337_047a_4837_bbd1_be66a2c8f6c4-0 to position FetchPosition{offset=0, offsetEpoch=Optional.empty, currentLeader=LeaderAndEpoch{leader=Optional[localhost:32769 (id: 0 rack: null)], epoch=0}}.
2025-08-06 18:53:20,932 INFO  [io.api.tes.ser.api.KafkaSerdesTester] (Thread-849) topic-bd9ae337_047a_4837_bbd1_be66a2c8f6c4 0 0 {"key1": "value-0"}
2025-08-06 18:53:20,932 INFO  [io.api.tes.ser.api.KafkaSerdesTester] (Thread-849) topic-bd9ae337_047a_4837_bbd1_be66a2c8f6c4 0 1 {"key1": "value-1"}
2025-08-06 18:53:20,932 INFO  [io.api.tes.ser.api.KafkaSerdesTester] (Thread-849) topic-bd9ae337_047a_4837_bbd1_be66a2c8f6c4 0 2 {"key1": "value-2"}
2025-08-06 18:53:20,932 INFO  [io.api.tes.ser.api.KafkaSerdesTester] (Thread-849) topic-bd9ae337_047a_4837_bbd1_be66a2c8f6c4 0 3 {"key1": "value-3"}
2025-08-06 18:53:20,932 INFO  [io.api.tes.ser.api.KafkaSerdesTester] (Thread-849) topic-bd9ae337_047a_4837_bbd1_be66a2c8f6c4 0 4 {"key1": "value-4"}
2025-08-06 18:53:20,932 INFO  [io.api.tes.ser.api.KafkaSerdesTester] (Thread-849) topic-bd9ae337_047a_4837_bbd1_be66a2c8f6c4 0 5 {"key1": "value-5"}
2025-08-06 18:53:20,932 INFO  [io.api.tes.ser.api.KafkaSerdesTester] (Thread-849) topic-bd9ae337_047a_4837_bbd1_be66a2c8f6c4 0 6 {"key1": "value-6"}
2025-08-06 18:53:20,932 INFO  [io.api.tes.ser.api.KafkaSerdesTester] (Thread-849) topic-bd9ae337_047a_4837_bbd1_be66a2c8f6c4 0 7 {"key1": "value-7"}
2025-08-06 18:53:20,932 INFO  [io.api.tes.ser.api.KafkaSerdesTester] (Thread-849) topic-bd9ae337_047a_4837_bbd1_be66a2c8f6c4 0 8 {"key1": "value-8"}
2025-08-06 18:53:20,932 INFO  [io.api.tes.ser.api.KafkaSerdesTester] (Thread-849) topic-bd9ae337_047a_4837_bbd1_be66a2c8f6c4 0 9 {"key1": "value-9"}
2025-08-06 18:53:20,932 INFO  [io.api.tes.ser.api.KafkaSerdesTester] (Thread-849) Consumed 10 messages
2025-08-06 18:53:20,939 INFO  [org.apa.kaf.cli.con.int.ConsumerRebalanceListenerInvoker] (Thread-849) [Consumer clientId=consumer-Consumer-topic-bd9ae337_047a_4837_bbd1_be66a2c8f6c4-34, groupId=Consumer-topic-bd9ae337_047a_4837_bbd1_be66a2c8f6c4] Revoke previously assigned partitions topic-bd9ae337_047a_4837_bbd1_be66a2c8f6c4-0
2025-08-06 18:53:20,939 INFO  [org.apa.kaf.cli.con.int.ConsumerCoordinator] (Thread-849) [Consumer clientId=consumer-Consumer-topic-bd9ae337_047a_4837_bbd1_be66a2c8f6c4-34, groupId=Consumer-topic-bd9ae337_047a_4837_bbd1_be66a2c8f6c4] Member consumer-Consumer-topic-bd9ae337_047a_4837_bbd1_be66a2c8f6c4-34-805e729f-d845-415f-9614-74690d3e60a3 sending LeaveGroup request to coordinator localhost:32769 (id: 2147483647 rack: null) due to the consumer is being closed
2025-08-06 18:53:20,939 INFO  [org.apa.kaf.cli.con.int.ConsumerCoordinator] (Thread-849) [Consumer clientId=consumer-Consumer-topic-bd9ae337_047a_4837_bbd1_be66a2c8f6c4-34, groupId=Consumer-topic-bd9ae337_047a_4837_bbd1_be66a2c8f6c4] Resetting generation and member id due to: consumer pro-actively leaving the group
2025-08-06 18:53:20,939 INFO  [org.apa.kaf.cli.con.int.ConsumerCoordinator] (Thread-849) [Consumer clientId=consumer-Consumer-topic-bd9ae337_047a_4837_bbd1_be66a2c8f6c4-34, groupId=Consumer-topic-bd9ae337_047a_4837_bbd1_be66a2c8f6c4] Request joining group due to: consumer pro-actively leaving the group
2025-08-06 18:53:21,436 INFO  [org.apa.kaf.com.met.Metrics] (Thread-849) Metrics scheduler closed
2025-08-06 18:53:21,436 INFO  [org.apa.kaf.com.met.Metrics] (Thread-849) Closing reporter org.apache.kafka.common.metrics.JmxReporter
2025-08-06 18:53:21,436 INFO  [org.apa.kaf.com.met.Metrics] (Thread-849) Closing reporter org.apache.kafka.common.telemetry.internals.ClientTelemetryReporter
2025-08-06 18:53:21,436 INFO  [org.apa.kaf.com.met.Metrics] (Thread-849) Metrics reporters closed
2025-08-06 18:53:21,437 INFO  [org.apa.kaf.com.uti.AppInfoParser] (Thread-849) App info kafka.consumer for consumer-Consumer-topic-bd9ae337_047a_4837_bbd1_be66a2c8f6c4-34 unregistered
2025-08-06 18:53:21,452 INFO  [io.api.tes.ser.con.BasicConfluentSerDesIT] (main) Deleting confluent schema topic-bd9ae337_047a_4837_bbd1_be66a2c8f6c4-value
2025-08-06 18:53:21,462 INFO  [io.api.tes.uti.TestSeparator] (main) io.apicurio.tests.serdes.confluent.BasicConfluentSerDesIT.testAvroConfluentSerDes-FINISHED
2025-08-06 18:53:21,462 INFO  [io.api.tes.uti.TestSeparator] (main) ############################################################################
Test passed: testAvroConfluentSerDes
]]></system-out>
  </testcase>
  <testcase name="testAvroConfluentForMultipleTopics" classname="io.apicurio.tests.serdes.confluent.BasicConfluentSerDesIT" time="10.924">
    <system-out><![CDATA[2025-08-06 18:53:21,463 INFO  [io.api.tes.uti.TestSeparator] (main) ############################################################################
2025-08-06 18:53:21,463 INFO  [io.api.tes.uti.TestSeparator] (main) io.apicurio.tests.serdes.confluent.BasicConfluentSerDesIT.testAvroConfluentForMultipleTopics-STARTED
2025-08-06 18:53:21,491 INFO  [io.api.tes.ser.con.BasicConfluentSerDesIT] (main) Checking that created schema is equal to the get schema
2025-08-06 18:53:21,498 INFO  [io.api.tes.ser.con.BasicConfluentSerDesIT] (main) Created schema with id:102 and name:myrecordconfluent6
**** Registry Base URL: http://registry-app-inmemory.apps.ci419.apicurio-testing.org:80
2025-08-06 18:53:21,498 INFO  [org.apa.kaf.cli.pro.ProducerConfig] (main) ProducerConfig values: 
	acks = -1
	auto.include.jmx.reporter = true
	batch.size = 16384
	bootstrap.servers = [PLAINTEXT://localhost:32769]
	buffer.memory = 33554432
	client.dns.lookup = use_all_dns_ips
	client.id = Producer-topic-ae46131b_e63a_462f_95f4_c8db0e961d13
	compression.gzip.level = -1
	compression.lz4.level = 9
	compression.type = none
	compression.zstd.level = 3
	connections.max.idle.ms = 10000
	delivery.timeout.ms = 120000
	enable.idempotence = true
	enable.metrics.push = true
	interceptor.classes = []
	key.serializer = class org.apache.kafka.common.serialization.StringSerializer
	linger.ms = 0
	max.block.ms = 60000
	max.in.flight.requests.per.connection = 5
	max.request.size = 1048576
	metadata.max.age.ms = 300000
	metadata.max.idle.ms = 300000
	metadata.recovery.strategy = none
	metric.reporters = []
	metrics.num.samples = 2
	metrics.recording.level = INFO
	metrics.sample.window.ms = 30000
	partitioner.adaptive.partitioning.enable = true
	partitioner.availability.timeout.ms = 0
	partitioner.class = null
	partitioner.ignore.keys = false
	receive.buffer.bytes = 32768
	reconnect.backoff.max.ms = 1000
	reconnect.backoff.ms = 50
	request.timeout.ms = 5000
	retries = 2147483647
	retry.backoff.max.ms = 1000
	retry.backoff.ms = 100
	sasl.client.callback.handler.class = null
	sasl.jaas.config = null
	sasl.kerberos.kinit.cmd = /usr/bin/kinit
	sasl.kerberos.min.time.before.relogin = 60000
	sasl.kerberos.service.name = null
	sasl.kerberos.ticket.renew.jitter = 0.05
	sasl.kerberos.ticket.renew.window.factor = 0.8
	sasl.login.callback.handler.class = null
	sasl.login.class = null
	sasl.login.connect.timeout.ms = null
	sasl.login.read.timeout.ms = null
	sasl.login.refresh.buffer.seconds = 300
	sasl.login.refresh.min.period.seconds = 60
	sasl.login.refresh.window.factor = 0.8
	sasl.login.refresh.window.jitter = 0.05
	sasl.login.retry.backoff.max.ms = 10000
	sasl.login.retry.backoff.ms = 100
	sasl.mechanism = GSSAPI
	sasl.oauthbearer.clock.skew.seconds = 30
	sasl.oauthbearer.expected.audience = null
	sasl.oauthbearer.expected.issuer = null
	sasl.oauthbearer.header.urlencode = false
	sasl.oauthbearer.jwks.endpoint.refresh.ms = 3600000
	sasl.oauthbearer.jwks.endpoint.retry.backoff.max.ms = 10000
	sasl.oauthbearer.jwks.endpoint.retry.backoff.ms = 100
	sasl.oauthbearer.jwks.endpoint.url = null
	sasl.oauthbearer.scope.claim.name = scope
	sasl.oauthbearer.sub.claim.name = sub
	sasl.oauthbearer.token.endpoint.url = null
	security.protocol = PLAINTEXT
	security.providers = null
	send.buffer.bytes = 131072
	socket.connection.setup.timeout.max.ms = 30000
	socket.connection.setup.timeout.ms = 10000
	ssl.cipher.suites = null
	ssl.enabled.protocols = [TLSv1.2, TLSv1.3]
	ssl.endpoint.identification.algorithm = https
	ssl.engine.factory.class = null
	ssl.key.password = null
	ssl.keymanager.algorithm = SunX509
	ssl.keystore.certificate.chain = null
	ssl.keystore.key = null
	ssl.keystore.location = null
	ssl.keystore.password = null
	ssl.keystore.type = JKS
	ssl.protocol = TLSv1.3
	ssl.provider = null
	ssl.secure.random.implementation = null
	ssl.trustmanager.algorithm = PKIX
	ssl.truststore.certificates = null
	ssl.truststore.location = null
	ssl.truststore.password = null
	ssl.truststore.type = JKS
	transaction.timeout.ms = 60000
	transactional.id = null
	value.serializer = class io.apicurio.registry.serde.avro.AvroKafkaSerializer

2025-08-06 18:53:21,499 INFO  [org.apa.kaf.com.tel.int.KafkaMetricsCollector] (main) initializing Kafka metrics collector
2025-08-06 18:53:21,502 INFO  [org.apa.kaf.cli.pro.KafkaProducer] (main) [Producer clientId=Producer-topic-ae46131b_e63a_462f_95f4_c8db0e961d13] Instantiated an idempotent producer.
2025-08-06 18:53:21,504 INFO  [org.apa.kaf.cli.pro.ProducerConfig] (main) These configurations '[apicurio.registry.url, apicurio.registry.artifact-resolver-strategy]' were supplied but are not used yet.
2025-08-06 18:53:21,504 INFO  [org.apa.kaf.com.uti.AppInfoParser] (main) Kafka version: 3.9.1
2025-08-06 18:53:21,504 INFO  [org.apa.kaf.com.uti.AppInfoParser] (main) Kafka commitId: f745dfdcee2b9851
2025-08-06 18:53:21,504 INFO  [org.apa.kaf.com.uti.AppInfoParser] (main) Kafka startTimeMs: 1754506401504
**** Registry Base URL: http://registry-app-inmemory.apps.ci419.apicurio-testing.org:80
2025-08-06 18:53:21,504 INFO  [org.apa.kaf.cli.pro.ProducerConfig] (main) ProducerConfig values: 
	acks = -1
	auto.include.jmx.reporter = true
	batch.size = 16384
	bootstrap.servers = [PLAINTEXT://localhost:32769]
	buffer.memory = 33554432
	client.dns.lookup = use_all_dns_ips
	client.id = Producer-topic-de27f285_406f_4f7c_b0df_0be48c8149d5
	compression.gzip.level = -1
	compression.lz4.level = 9
	compression.type = none
	compression.zstd.level = 3
	connections.max.idle.ms = 10000
	delivery.timeout.ms = 120000
	enable.idempotence = true
	enable.metrics.push = true
	interceptor.classes = []
	key.serializer = class org.apache.kafka.common.serialization.StringSerializer
	linger.ms = 0
	max.block.ms = 60000
	max.in.flight.requests.per.connection = 5
	max.request.size = 1048576
	metadata.max.age.ms = 300000
	metadata.max.idle.ms = 300000
	metadata.recovery.strategy = none
	metric.reporters = []
	metrics.num.samples = 2
	metrics.recording.level = INFO
	metrics.sample.window.ms = 30000
	partitioner.adaptive.partitioning.enable = true
	partitioner.availability.timeout.ms = 0
	partitioner.class = null
	partitioner.ignore.keys = false
	receive.buffer.bytes = 32768
	reconnect.backoff.max.ms = 1000
	reconnect.backoff.ms = 50
	request.timeout.ms = 5000
	retries = 2147483647
	retry.backoff.max.ms = 1000
	retry.backoff.ms = 100
	sasl.client.callback.handler.class = null
	sasl.jaas.config = null
	sasl.kerberos.kinit.cmd = /usr/bin/kinit
	sasl.kerberos.min.time.before.relogin = 60000
	sasl.kerberos.service.name = null
	sasl.kerberos.ticket.renew.jitter = 0.05
	sasl.kerberos.ticket.renew.window.factor = 0.8
	sasl.login.callback.handler.class = null
	sasl.login.class = null
	sasl.login.connect.timeout.ms = null
	sasl.login.read.timeout.ms = null
	sasl.login.refresh.buffer.seconds = 300
	sasl.login.refresh.min.period.seconds = 60
	sasl.login.refresh.window.factor = 0.8
	sasl.login.refresh.window.jitter = 0.05
	sasl.login.retry.backoff.max.ms = 10000
	sasl.login.retry.backoff.ms = 100
	sasl.mechanism = GSSAPI
	sasl.oauthbearer.clock.skew.seconds = 30
	sasl.oauthbearer.expected.audience = null
	sasl.oauthbearer.expected.issuer = null
	sasl.oauthbearer.header.urlencode = false
	sasl.oauthbearer.jwks.endpoint.refresh.ms = 3600000
	sasl.oauthbearer.jwks.endpoint.retry.backoff.max.ms = 10000
	sasl.oauthbearer.jwks.endpoint.retry.backoff.ms = 100
	sasl.oauthbearer.jwks.endpoint.url = null
	sasl.oauthbearer.scope.claim.name = scope
	sasl.oauthbearer.sub.claim.name = sub
	sasl.oauthbearer.token.endpoint.url = null
	security.protocol = PLAINTEXT
	security.providers = null
	send.buffer.bytes = 131072
	socket.connection.setup.timeout.max.ms = 30000
	socket.connection.setup.timeout.ms = 10000
	ssl.cipher.suites = null
	ssl.enabled.protocols = [TLSv1.2, TLSv1.3]
	ssl.endpoint.identification.algorithm = https
	ssl.engine.factory.class = null
	ssl.key.password = null
	ssl.keymanager.algorithm = SunX509
	ssl.keystore.certificate.chain = null
	ssl.keystore.key = null
	ssl.keystore.location = null
	ssl.keystore.password = null
	ssl.keystore.type = JKS
	ssl.protocol = TLSv1.3
	ssl.provider = null
	ssl.secure.random.implementation = null
	ssl.trustmanager.algorithm = PKIX
	ssl.truststore.certificates = null
	ssl.truststore.location = null
	ssl.truststore.password = null
	ssl.truststore.type = JKS
	transaction.timeout.ms = 60000
	transactional.id = null
	value.serializer = class io.apicurio.registry.serde.avro.AvroKafkaSerializer

2025-08-06 18:53:21,505 INFO  [org.apa.kaf.com.tel.int.KafkaMetricsCollector] (main) initializing Kafka metrics collector
2025-08-06 18:53:21,507 INFO  [org.apa.kaf.cli.pro.KafkaProducer] (main) [Producer clientId=Producer-topic-de27f285_406f_4f7c_b0df_0be48c8149d5] Instantiated an idempotent producer.
2025-08-06 18:53:21,508 INFO  [org.apa.kaf.cli.Metadata] (kafka-producer-network-thread | Producer-topic-ae46131b_e63a_462f_95f4_c8db0e961d13) [Producer clientId=Producer-topic-ae46131b_e63a_462f_95f4_c8db0e961d13] Cluster ID: EV4Uys23RNi7BwH7MVj6Ag
2025-08-06 18:53:21,508 INFO  [org.apa.kaf.cli.pro.int.TransactionManager] (kafka-producer-network-thread | Producer-topic-ae46131b_e63a_462f_95f4_c8db0e961d13) [Producer clientId=Producer-topic-ae46131b_e63a_462f_95f4_c8db0e961d13] ProducerId set to 46 with epoch 0
2025-08-06 18:53:21,509 INFO  [org.apa.kaf.cli.pro.ProducerConfig] (main) These configurations '[apicurio.registry.url, apicurio.registry.artifact-resolver-strategy]' were supplied but are not used yet.
2025-08-06 18:53:21,509 INFO  [org.apa.kaf.com.uti.AppInfoParser] (main) Kafka version: 3.9.1
2025-08-06 18:53:21,509 INFO  [org.apa.kaf.com.uti.AppInfoParser] (main) Kafka commitId: f745dfdcee2b9851
2025-08-06 18:53:21,509 INFO  [org.apa.kaf.com.uti.AppInfoParser] (main) Kafka startTimeMs: 1754506401509
**** Registry Base URL: http://registry-app-inmemory.apps.ci419.apicurio-testing.org:80
2025-08-06 18:53:21,509 INFO  [org.apa.kaf.cli.pro.ProducerConfig] (main) ProducerConfig values: 
	acks = -1
	auto.include.jmx.reporter = true
	batch.size = 16384
	bootstrap.servers = [PLAINTEXT://localhost:32769]
	buffer.memory = 33554432
	client.dns.lookup = use_all_dns_ips
	client.id = Producer-topic-05a54dfe_958f_4a0e_ba0e_436e23a21b77
	compression.gzip.level = -1
	compression.lz4.level = 9
	compression.type = none
	compression.zstd.level = 3
	connections.max.idle.ms = 10000
	delivery.timeout.ms = 120000
	enable.idempotence = true
	enable.metrics.push = true
	interceptor.classes = []
	key.serializer = class org.apache.kafka.common.serialization.StringSerializer
	linger.ms = 0
	max.block.ms = 60000
	max.in.flight.requests.per.connection = 5
	max.request.size = 1048576
	metadata.max.age.ms = 300000
	metadata.max.idle.ms = 300000
	metadata.recovery.strategy = none
	metric.reporters = []
	metrics.num.samples = 2
	metrics.recording.level = INFO
	metrics.sample.window.ms = 30000
	partitioner.adaptive.partitioning.enable = true
	partitioner.availability.timeout.ms = 0
	partitioner.class = null
	partitioner.ignore.keys = false
	receive.buffer.bytes = 32768
	reconnect.backoff.max.ms = 1000
	reconnect.backoff.ms = 50
	request.timeout.ms = 5000
	retries = 2147483647
	retry.backoff.max.ms = 1000
	retry.backoff.ms = 100
	sasl.client.callback.handler.class = null
	sasl.jaas.config = null
	sasl.kerberos.kinit.cmd = /usr/bin/kinit
	sasl.kerberos.min.time.before.relogin = 60000
	sasl.kerberos.service.name = null
	sasl.kerberos.ticket.renew.jitter = 0.05
	sasl.kerberos.ticket.renew.window.factor = 0.8
	sasl.login.callback.handler.class = null
	sasl.login.class = null
	sasl.login.connect.timeout.ms = null
	sasl.login.read.timeout.ms = null
	sasl.login.refresh.buffer.seconds = 300
	sasl.login.refresh.min.period.seconds = 60
	sasl.login.refresh.window.factor = 0.8
	sasl.login.refresh.window.jitter = 0.05
	sasl.login.retry.backoff.max.ms = 10000
	sasl.login.retry.backoff.ms = 100
	sasl.mechanism = GSSAPI
	sasl.oauthbearer.clock.skew.seconds = 30
	sasl.oauthbearer.expected.audience = null
	sasl.oauthbearer.expected.issuer = null
	sasl.oauthbearer.header.urlencode = false
	sasl.oauthbearer.jwks.endpoint.refresh.ms = 3600000
	sasl.oauthbearer.jwks.endpoint.retry.backoff.max.ms = 10000
	sasl.oauthbearer.jwks.endpoint.retry.backoff.ms = 100
	sasl.oauthbearer.jwks.endpoint.url = null
	sasl.oauthbearer.scope.claim.name = scope
	sasl.oauthbearer.sub.claim.name = sub
	sasl.oauthbearer.token.endpoint.url = null
	security.protocol = PLAINTEXT
	security.providers = null
	send.buffer.bytes = 131072
	socket.connection.setup.timeout.max.ms = 30000
	socket.connection.setup.timeout.ms = 10000
	ssl.cipher.suites = null
	ssl.enabled.protocols = [TLSv1.2, TLSv1.3]
	ssl.endpoint.identification.algorithm = https
	ssl.engine.factory.class = null
	ssl.key.password = null
	ssl.keymanager.algorithm = SunX509
	ssl.keystore.certificate.chain = null
	ssl.keystore.key = null
	ssl.keystore.location = null
	ssl.keystore.password = null
	ssl.keystore.type = JKS
	ssl.protocol = TLSv1.3
	ssl.provider = null
	ssl.secure.random.implementation = null
	ssl.trustmanager.algorithm = PKIX
	ssl.truststore.certificates = null
	ssl.truststore.location = null
	ssl.truststore.password = null
	ssl.truststore.type = JKS
	transaction.timeout.ms = 60000
	transactional.id = null
	value.serializer = class io.apicurio.registry.serde.avro.AvroKafkaSerializer

2025-08-06 18:53:21,509 INFO  [org.apa.kaf.com.tel.int.KafkaMetricsCollector] (main) initializing Kafka metrics collector
2025-08-06 18:53:21,511 INFO  [org.apa.kaf.cli.pro.KafkaProducer] (main) [Producer clientId=Producer-topic-05a54dfe_958f_4a0e_ba0e_436e23a21b77] Instantiated an idempotent producer.
2025-08-06 18:53:21,513 INFO  [org.apa.kaf.cli.pro.ProducerConfig] (main) These configurations '[apicurio.registry.url, apicurio.registry.artifact-resolver-strategy]' were supplied but are not used yet.
2025-08-06 18:53:21,513 INFO  [org.apa.kaf.com.uti.AppInfoParser] (main) Kafka version: 3.9.1
2025-08-06 18:53:21,513 INFO  [org.apa.kaf.com.uti.AppInfoParser] (main) Kafka commitId: f745dfdcee2b9851
2025-08-06 18:53:21,513 INFO  [org.apa.kaf.com.uti.AppInfoParser] (main) Kafka startTimeMs: 1754506401513
**** Registry Base URL: http://registry-app-inmemory.apps.ci419.apicurio-testing.org:80
2025-08-06 18:53:21,513 INFO  [org.apa.kaf.cli.con.ConsumerConfig] (main) ConsumerConfig values: 
	allow.auto.create.topics = true
	auto.commit.interval.ms = 500
	auto.include.jmx.reporter = true
	auto.offset.reset = earliest
	bootstrap.servers = [PLAINTEXT://localhost:32769]
	check.crcs = true
	client.dns.lookup = use_all_dns_ips
	client.id = consumer-Consumer-topic-ae46131b_e63a_462f_95f4_c8db0e961d13-35
	client.rack = 
	connections.max.idle.ms = 10000
	default.api.timeout.ms = 60000
	enable.auto.commit = true
	enable.metrics.push = true
	exclude.internal.topics = true
	fetch.max.bytes = 52428800
	fetch.max.wait.ms = 500
	fetch.min.bytes = 1
	group.id = Consumer-topic-ae46131b_e63a_462f_95f4_c8db0e961d13
	group.instance.id = null
	group.protocol = classic
	group.remote.assignor = null
	heartbeat.interval.ms = 3000
	interceptor.classes = []
	internal.leave.group.on.close = true
	internal.throw.on.fetch.stable.offset.unsupported = false
	isolation.level = read_uncommitted
	key.deserializer = class org.apache.kafka.common.serialization.StringDeserializer
	max.partition.fetch.bytes = 1048576
	max.poll.interval.ms = 300000
	max.poll.records = 500
	metadata.max.age.ms = 300000
	metadata.recovery.strategy = none
	metric.reporters = []
	metrics.num.samples = 2
	metrics.recording.level = INFO
	metrics.sample.window.ms = 30000
	partition.assignment.strategy = [class org.apache.kafka.clients.consumer.RangeAssignor, class org.apache.kafka.clients.consumer.CooperativeStickyAssignor]
	receive.buffer.bytes = 65536
	reconnect.backoff.max.ms = 1000
	reconnect.backoff.ms = 50
	request.timeout.ms = 5000
	retry.backoff.max.ms = 1000
	retry.backoff.ms = 100
	sasl.client.callback.handler.class = null
	sasl.jaas.config = null
	sasl.kerberos.kinit.cmd = /usr/bin/kinit
	sasl.kerberos.min.time.before.relogin = 60000
	sasl.kerberos.service.name = null
	sasl.kerberos.ticket.renew.jitter = 0.05
	sasl.kerberos.ticket.renew.window.factor = 0.8
	sasl.login.callback.handler.class = null
	sasl.login.class = null
	sasl.login.connect.timeout.ms = null
	sasl.login.read.timeout.ms = null
	sasl.login.refresh.buffer.seconds = 300
	sasl.login.refresh.min.period.seconds = 60
	sasl.login.refresh.window.factor = 0.8
	sasl.login.refresh.window.jitter = 0.05
	sasl.login.retry.backoff.max.ms = 10000
	sasl.login.retry.backoff.ms = 100
	sasl.mechanism = GSSAPI
	sasl.oauthbearer.clock.skew.seconds = 30
	sasl.oauthbearer.expected.audience = null
	sasl.oauthbearer.expected.issuer = null
	sasl.oauthbearer.header.urlencode = false
	sasl.oauthbearer.jwks.endpoint.refresh.ms = 3600000
	sasl.oauthbearer.jwks.endpoint.retry.backoff.max.ms = 10000
	sasl.oauthbearer.jwks.endpoint.retry.backoff.ms = 100
	sasl.oauthbearer.jwks.endpoint.url = null
	sasl.oauthbearer.scope.claim.name = scope
	sasl.oauthbearer.sub.claim.name = sub
	sasl.oauthbearer.token.endpoint.url = null
	security.protocol = PLAINTEXT
	security.providers = null
	send.buffer.bytes = 131072
	session.timeout.ms = 45000
	socket.connection.setup.timeout.max.ms = 30000
	socket.connection.setup.timeout.ms = 10000
	ssl.cipher.suites = null
	ssl.enabled.protocols = [TLSv1.2, TLSv1.3]
	ssl.endpoint.identification.algorithm = https
	ssl.engine.factory.class = null
	ssl.key.password = null
	ssl.keymanager.algorithm = SunX509
	ssl.keystore.certificate.chain = null
	ssl.keystore.key = null
	ssl.keystore.location = null
	ssl.keystore.password = null
	ssl.keystore.type = JKS
	ssl.protocol = TLSv1.3
	ssl.provider = null
	ssl.secure.random.implementation = null
	ssl.trustmanager.algorithm = PKIX
	ssl.truststore.certificates = null
	ssl.truststore.location = null
	ssl.truststore.password = null
	ssl.truststore.type = JKS
	value.deserializer = class io.apicurio.registry.serde.avro.AvroKafkaDeserializer

2025-08-06 18:53:21,513 INFO  [org.apa.kaf.cli.Metadata] (kafka-producer-network-thread | Producer-topic-de27f285_406f_4f7c_b0df_0be48c8149d5) [Producer clientId=Producer-topic-de27f285_406f_4f7c_b0df_0be48c8149d5] Cluster ID: EV4Uys23RNi7BwH7MVj6Ag
2025-08-06 18:53:21,513 INFO  [org.apa.kaf.com.tel.int.KafkaMetricsCollector] (main) initializing Kafka metrics collector
2025-08-06 18:53:21,515 INFO  [org.apa.kaf.cli.pro.int.TransactionManager] (kafka-producer-network-thread | Producer-topic-de27f285_406f_4f7c_b0df_0be48c8149d5) [Producer clientId=Producer-topic-de27f285_406f_4f7c_b0df_0be48c8149d5] ProducerId set to 47 with epoch 0
2025-08-06 18:53:21,518 INFO  [org.apa.kaf.cli.Metadata] (kafka-producer-network-thread | Producer-topic-05a54dfe_958f_4a0e_ba0e_436e23a21b77) [Producer clientId=Producer-topic-05a54dfe_958f_4a0e_ba0e_436e23a21b77] Cluster ID: EV4Uys23RNi7BwH7MVj6Ag
2025-08-06 18:53:21,518 INFO  [org.apa.kaf.cli.pro.int.TransactionManager] (kafka-producer-network-thread | Producer-topic-05a54dfe_958f_4a0e_ba0e_436e23a21b77) [Producer clientId=Producer-topic-05a54dfe_958f_4a0e_ba0e_436e23a21b77] ProducerId set to 48 with epoch 0
2025-08-06 18:53:21,518 INFO  [org.apa.kaf.cli.con.ConsumerConfig] (main) These configurations '[apicurio.registry.url]' were supplied but are not used yet.
2025-08-06 18:53:21,518 INFO  [org.apa.kaf.com.uti.AppInfoParser] (main) Kafka version: 3.9.1
2025-08-06 18:53:21,518 INFO  [org.apa.kaf.com.uti.AppInfoParser] (main) Kafka commitId: f745dfdcee2b9851
2025-08-06 18:53:21,518 INFO  [org.apa.kaf.com.uti.AppInfoParser] (main) Kafka startTimeMs: 1754506401518
**** Registry Base URL: http://registry-app-inmemory.apps.ci419.apicurio-testing.org:80
2025-08-06 18:53:21,519 INFO  [org.apa.kaf.cli.con.ConsumerConfig] (main) ConsumerConfig values: 
	allow.auto.create.topics = true
	auto.commit.interval.ms = 500
	auto.include.jmx.reporter = true
	auto.offset.reset = earliest
	bootstrap.servers = [PLAINTEXT://localhost:32769]
	check.crcs = true
	client.dns.lookup = use_all_dns_ips
	client.id = consumer-Consumer-topic-de27f285_406f_4f7c_b0df_0be48c8149d5-36
	client.rack = 
	connections.max.idle.ms = 10000
	default.api.timeout.ms = 60000
	enable.auto.commit = true
	enable.metrics.push = true
	exclude.internal.topics = true
	fetch.max.bytes = 52428800
	fetch.max.wait.ms = 500
	fetch.min.bytes = 1
	group.id = Consumer-topic-de27f285_406f_4f7c_b0df_0be48c8149d5
	group.instance.id = null
	group.protocol = classic
	group.remote.assignor = null
	heartbeat.interval.ms = 3000
	interceptor.classes = []
	internal.leave.group.on.close = true
	internal.throw.on.fetch.stable.offset.unsupported = false
	isolation.level = read_uncommitted
	key.deserializer = class org.apache.kafka.common.serialization.StringDeserializer
	max.partition.fetch.bytes = 1048576
	max.poll.interval.ms = 300000
	max.poll.records = 500
	metadata.max.age.ms = 300000
	metadata.recovery.strategy = none
	metric.reporters = []
	metrics.num.samples = 2
	metrics.recording.level = INFO
	metrics.sample.window.ms = 30000
	partition.assignment.strategy = [class org.apache.kafka.clients.consumer.RangeAssignor, class org.apache.kafka.clients.consumer.CooperativeStickyAssignor]
	receive.buffer.bytes = 65536
	reconnect.backoff.max.ms = 1000
	reconnect.backoff.ms = 50
	request.timeout.ms = 5000
	retry.backoff.max.ms = 1000
	retry.backoff.ms = 100
	sasl.client.callback.handler.class = null
	sasl.jaas.config = null
	sasl.kerberos.kinit.cmd = /usr/bin/kinit
	sasl.kerberos.min.time.before.relogin = 60000
	sasl.kerberos.service.name = null
	sasl.kerberos.ticket.renew.jitter = 0.05
	sasl.kerberos.ticket.renew.window.factor = 0.8
	sasl.login.callback.handler.class = null
	sasl.login.class = null
	sasl.login.connect.timeout.ms = null
	sasl.login.read.timeout.ms = null
	sasl.login.refresh.buffer.seconds = 300
	sasl.login.refresh.min.period.seconds = 60
	sasl.login.refresh.window.factor = 0.8
	sasl.login.refresh.window.jitter = 0.05
	sasl.login.retry.backoff.max.ms = 10000
	sasl.login.retry.backoff.ms = 100
	sasl.mechanism = GSSAPI
	sasl.oauthbearer.clock.skew.seconds = 30
	sasl.oauthbearer.expected.audience = null
	sasl.oauthbearer.expected.issuer = null
	sasl.oauthbearer.header.urlencode = false
	sasl.oauthbearer.jwks.endpoint.refresh.ms = 3600000
	sasl.oauthbearer.jwks.endpoint.retry.backoff.max.ms = 10000
	sasl.oauthbearer.jwks.endpoint.retry.backoff.ms = 100
	sasl.oauthbearer.jwks.endpoint.url = null
	sasl.oauthbearer.scope.claim.name = scope
	sasl.oauthbearer.sub.claim.name = sub
	sasl.oauthbearer.token.endpoint.url = null
	security.protocol = PLAINTEXT
	security.providers = null
	send.buffer.bytes = 131072
	session.timeout.ms = 45000
	socket.connection.setup.timeout.max.ms = 30000
	socket.connection.setup.timeout.ms = 10000
	ssl.cipher.suites = null
	ssl.enabled.protocols = [TLSv1.2, TLSv1.3]
	ssl.endpoint.identification.algorithm = https
	ssl.engine.factory.class = null
	ssl.key.password = null
	ssl.keymanager.algorithm = SunX509
	ssl.keystore.certificate.chain = null
	ssl.keystore.key = null
	ssl.keystore.location = null
	ssl.keystore.password = null
	ssl.keystore.type = JKS
	ssl.protocol = TLSv1.3
	ssl.provider = null
	ssl.secure.random.implementation = null
	ssl.trustmanager.algorithm = PKIX
	ssl.truststore.certificates = null
	ssl.truststore.location = null
	ssl.truststore.password = null
	ssl.truststore.type = JKS
	value.deserializer = class io.apicurio.registry.serde.avro.AvroKafkaDeserializer

2025-08-06 18:53:21,519 INFO  [org.apa.kaf.com.tel.int.KafkaMetricsCollector] (main) initializing Kafka metrics collector
2025-08-06 18:53:21,526 INFO  [org.apa.kaf.cli.con.ConsumerConfig] (main) These configurations '[apicurio.registry.url]' were supplied but are not used yet.
2025-08-06 18:53:21,526 INFO  [org.apa.kaf.com.uti.AppInfoParser] (main) Kafka version: 3.9.1
2025-08-06 18:53:21,526 INFO  [org.apa.kaf.com.uti.AppInfoParser] (main) Kafka commitId: f745dfdcee2b9851
2025-08-06 18:53:21,526 INFO  [org.apa.kaf.com.uti.AppInfoParser] (main) Kafka startTimeMs: 1754506401526
**** Registry Base URL: http://registry-app-inmemory.apps.ci419.apicurio-testing.org:80
2025-08-06 18:53:21,527 INFO  [org.apa.kaf.cli.con.ConsumerConfig] (main) ConsumerConfig values: 
	allow.auto.create.topics = true
	auto.commit.interval.ms = 500
	auto.include.jmx.reporter = true
	auto.offset.reset = earliest
	bootstrap.servers = [PLAINTEXT://localhost:32769]
	check.crcs = true
	client.dns.lookup = use_all_dns_ips
	client.id = consumer-Consumer-topic-05a54dfe_958f_4a0e_ba0e_436e23a21b77-37
	client.rack = 
	connections.max.idle.ms = 10000
	default.api.timeout.ms = 60000
	enable.auto.commit = true
	enable.metrics.push = true
	exclude.internal.topics = true
	fetch.max.bytes = 52428800
	fetch.max.wait.ms = 500
	fetch.min.bytes = 1
	group.id = Consumer-topic-05a54dfe_958f_4a0e_ba0e_436e23a21b77
	group.instance.id = null
	group.protocol = classic
	group.remote.assignor = null
	heartbeat.interval.ms = 3000
	interceptor.classes = []
	internal.leave.group.on.close = true
	internal.throw.on.fetch.stable.offset.unsupported = false
	isolation.level = read_uncommitted
	key.deserializer = class org.apache.kafka.common.serialization.StringDeserializer
	max.partition.fetch.bytes = 1048576
	max.poll.interval.ms = 300000
	max.poll.records = 500
	metadata.max.age.ms = 300000
	metadata.recovery.strategy = none
	metric.reporters = []
	metrics.num.samples = 2
	metrics.recording.level = INFO
	metrics.sample.window.ms = 30000
	partition.assignment.strategy = [class org.apache.kafka.clients.consumer.RangeAssignor, class org.apache.kafka.clients.consumer.CooperativeStickyAssignor]
	receive.buffer.bytes = 65536
	reconnect.backoff.max.ms = 1000
	reconnect.backoff.ms = 50
	request.timeout.ms = 5000
	retry.backoff.max.ms = 1000
	retry.backoff.ms = 100
	sasl.client.callback.handler.class = null
	sasl.jaas.config = null
	sasl.kerberos.kinit.cmd = /usr/bin/kinit
	sasl.kerberos.min.time.before.relogin = 60000
	sasl.kerberos.service.name = null
	sasl.kerberos.ticket.renew.jitter = 0.05
	sasl.kerberos.ticket.renew.window.factor = 0.8
	sasl.login.callback.handler.class = null
	sasl.login.class = null
	sasl.login.connect.timeout.ms = null
	sasl.login.read.timeout.ms = null
	sasl.login.refresh.buffer.seconds = 300
	sasl.login.refresh.min.period.seconds = 60
	sasl.login.refresh.window.factor = 0.8
	sasl.login.refresh.window.jitter = 0.05
	sasl.login.retry.backoff.max.ms = 10000
	sasl.login.retry.backoff.ms = 100
	sasl.mechanism = GSSAPI
	sasl.oauthbearer.clock.skew.seconds = 30
	sasl.oauthbearer.expected.audience = null
	sasl.oauthbearer.expected.issuer = null
	sasl.oauthbearer.header.urlencode = false
	sasl.oauthbearer.jwks.endpoint.refresh.ms = 3600000
	sasl.oauthbearer.jwks.endpoint.retry.backoff.max.ms = 10000
	sasl.oauthbearer.jwks.endpoint.retry.backoff.ms = 100
	sasl.oauthbearer.jwks.endpoint.url = null
	sasl.oauthbearer.scope.claim.name = scope
	sasl.oauthbearer.sub.claim.name = sub
	sasl.oauthbearer.token.endpoint.url = null
	security.protocol = PLAINTEXT
	security.providers = null
	send.buffer.bytes = 131072
	session.timeout.ms = 45000
	socket.connection.setup.timeout.max.ms = 30000
	socket.connection.setup.timeout.ms = 10000
	ssl.cipher.suites = null
	ssl.enabled.protocols = [TLSv1.2, TLSv1.3]
	ssl.endpoint.identification.algorithm = https
	ssl.engine.factory.class = null
	ssl.key.password = null
	ssl.keymanager.algorithm = SunX509
	ssl.keystore.certificate.chain = null
	ssl.keystore.key = null
	ssl.keystore.location = null
	ssl.keystore.password = null
	ssl.keystore.type = JKS
	ssl.protocol = TLSv1.3
	ssl.provider = null
	ssl.secure.random.implementation = null
	ssl.trustmanager.algorithm = PKIX
	ssl.truststore.certificates = null
	ssl.truststore.location = null
	ssl.truststore.password = null
	ssl.truststore.type = JKS
	value.deserializer = class io.apicurio.registry.serde.avro.AvroKafkaDeserializer

2025-08-06 18:53:21,527 INFO  [org.apa.kaf.com.tel.int.KafkaMetricsCollector] (main) initializing Kafka metrics collector
2025-08-06 18:53:21,531 INFO  [org.apa.kaf.cli.con.ConsumerConfig] (main) These configurations '[apicurio.registry.url]' were supplied but are not used yet.
2025-08-06 18:53:21,531 INFO  [org.apa.kaf.com.uti.AppInfoParser] (main) Kafka version: 3.9.1
2025-08-06 18:53:21,531 INFO  [org.apa.kaf.com.uti.AppInfoParser] (main) Kafka commitId: f745dfdcee2b9851
2025-08-06 18:53:21,531 INFO  [org.apa.kaf.com.uti.AppInfoParser] (main) Kafka startTimeMs: 1754506401531
2025-08-06 18:53:21,531 INFO  [io.api.tes.ser.api.KafkaSerdesTester] (Thread-862) Sending message {"key1": "value-0"} to topic topic-ae46131b_e63a_462f_95f4_c8db0e961d13
2025-08-06 18:53:21,533 INFO  [DefaultSchemaResolver] (Thread-862) Retrieving schema content using string: {"type":"record","name":"myrecordconfluent6","fields":[{"name":"key1","type":"string"}]}
2025-08-06 18:53:21,568 INFO  [io.api.tes.ser.api.KafkaSerdesTester] (Thread-862) Sending message {"key1": "value-1"} to topic topic-ae46131b_e63a_462f_95f4_c8db0e961d13
2025-08-06 18:53:21,569 INFO  [io.api.tes.ser.api.KafkaSerdesTester] (Thread-862) Sending message {"key1": "value-2"} to topic topic-ae46131b_e63a_462f_95f4_c8db0e961d13
2025-08-06 18:53:21,570 INFO  [io.api.tes.ser.api.KafkaSerdesTester] (Thread-862) Sending message {"key1": "value-3"} to topic topic-ae46131b_e63a_462f_95f4_c8db0e961d13
2025-08-06 18:53:21,571 INFO  [io.api.tes.ser.api.KafkaSerdesTester] (Thread-862) Sending message {"key1": "value-4"} to topic topic-ae46131b_e63a_462f_95f4_c8db0e961d13
2025-08-06 18:53:21,572 INFO  [io.api.tes.ser.api.KafkaSerdesTester] (Thread-862) Sending message {"key1": "value-5"} to topic topic-ae46131b_e63a_462f_95f4_c8db0e961d13
2025-08-06 18:53:21,573 INFO  [io.api.tes.ser.api.KafkaSerdesTester] (Thread-862) Sending message {"key1": "value-6"} to topic topic-ae46131b_e63a_462f_95f4_c8db0e961d13
2025-08-06 18:53:21,574 INFO  [io.api.tes.ser.api.KafkaSerdesTester] (Thread-862) Sending message {"key1": "value-7"} to topic topic-ae46131b_e63a_462f_95f4_c8db0e961d13
2025-08-06 18:53:21,575 INFO  [io.api.tes.ser.api.KafkaSerdesTester] (Thread-862) Sending message {"key1": "value-8"} to topic topic-ae46131b_e63a_462f_95f4_c8db0e961d13
2025-08-06 18:53:21,576 INFO  [io.api.tes.ser.api.KafkaSerdesTester] (Thread-862) Sending message {"key1": "value-9"} to topic topic-ae46131b_e63a_462f_95f4_c8db0e961d13
2025-08-06 18:53:21,577 INFO  [io.api.tes.ser.api.KafkaSerdesTester] (Thread-862) Produced 10 messages
2025-08-06 18:53:21,577 INFO  [org.apa.kaf.cli.pro.KafkaProducer] (Thread-862) [Producer clientId=Producer-topic-ae46131b_e63a_462f_95f4_c8db0e961d13] Closing the Kafka producer with timeoutMillis = 9223372036854775807 ms.
2025-08-06 18:53:21,580 INFO  [org.apa.kaf.com.met.Metrics] (Thread-862) Metrics scheduler closed
2025-08-06 18:53:21,580 INFO  [org.apa.kaf.com.met.Metrics] (Thread-862) Closing reporter org.apache.kafka.common.metrics.JmxReporter
2025-08-06 18:53:21,580 INFO  [org.apa.kaf.com.met.Metrics] (Thread-862) Closing reporter org.apache.kafka.common.telemetry.internals.ClientTelemetryReporter
2025-08-06 18:53:21,580 INFO  [org.apa.kaf.com.met.Metrics] (Thread-862) Metrics reporters closed
2025-08-06 18:53:21,580 INFO  [org.apa.kaf.com.uti.AppInfoParser] (Thread-862) App info kafka.producer for Producer-topic-ae46131b_e63a_462f_95f4_c8db0e961d13 unregistered
2025-08-06 18:53:21,582 INFO  [io.api.tes.ser.api.KafkaSerdesTester] (Thread-863) Sending message {"key1": "value-0"} to topic topic-de27f285_406f_4f7c_b0df_0be48c8149d5
2025-08-06 18:53:21,586 INFO  [DefaultSchemaResolver] (Thread-863) Retrieving schema content using string: {"type":"record","name":"myrecordconfluent6","fields":[{"name":"key1","type":"string"}]}
2025-08-06 18:53:21,603 INFO  [io.api.tes.ser.api.KafkaSerdesTester] (Thread-863) Sending message {"key1": "value-1"} to topic topic-de27f285_406f_4f7c_b0df_0be48c8149d5
2025-08-06 18:53:21,604 INFO  [io.api.tes.ser.api.KafkaSerdesTester] (Thread-863) Sending message {"key1": "value-2"} to topic topic-de27f285_406f_4f7c_b0df_0be48c8149d5
2025-08-06 18:53:21,611 INFO  [io.api.tes.ser.api.KafkaSerdesTester] (Thread-863) Sending message {"key1": "value-3"} to topic topic-de27f285_406f_4f7c_b0df_0be48c8149d5
2025-08-06 18:53:21,612 INFO  [io.api.tes.ser.api.KafkaSerdesTester] (Thread-863) Sending message {"key1": "value-4"} to topic topic-de27f285_406f_4f7c_b0df_0be48c8149d5
2025-08-06 18:53:21,617 INFO  [io.api.tes.ser.api.KafkaSerdesTester] (Thread-863) Sending message {"key1": "value-5"} to topic topic-de27f285_406f_4f7c_b0df_0be48c8149d5
2025-08-06 18:53:21,640 INFO  [io.api.tes.ser.api.KafkaSerdesTester] (Thread-863) Sending message {"key1": "value-6"} to topic topic-de27f285_406f_4f7c_b0df_0be48c8149d5
2025-08-06 18:53:21,644 INFO  [io.api.tes.ser.api.KafkaSerdesTester] (Thread-863) Sending message {"key1": "value-7"} to topic topic-de27f285_406f_4f7c_b0df_0be48c8149d5
2025-08-06 18:53:21,648 INFO  [io.api.tes.ser.api.KafkaSerdesTester] (Thread-863) Sending message {"key1": "value-8"} to topic topic-de27f285_406f_4f7c_b0df_0be48c8149d5
2025-08-06 18:53:21,649 INFO  [io.api.tes.ser.api.KafkaSerdesTester] (Thread-863) Sending message {"key1": "value-9"} to topic topic-de27f285_406f_4f7c_b0df_0be48c8149d5
2025-08-06 18:53:21,650 INFO  [io.api.tes.ser.api.KafkaSerdesTester] (Thread-863) Produced 10 messages
2025-08-06 18:53:21,650 INFO  [org.apa.kaf.cli.pro.KafkaProducer] (Thread-863) [Producer clientId=Producer-topic-de27f285_406f_4f7c_b0df_0be48c8149d5] Closing the Kafka producer with timeoutMillis = 9223372036854775807 ms.
2025-08-06 18:53:21,652 INFO  [org.apa.kaf.com.met.Metrics] (Thread-863) Metrics scheduler closed
2025-08-06 18:53:21,652 INFO  [org.apa.kaf.com.met.Metrics] (Thread-863) Closing reporter org.apache.kafka.common.metrics.JmxReporter
2025-08-06 18:53:21,652 INFO  [org.apa.kaf.com.met.Metrics] (Thread-863) Closing reporter org.apache.kafka.common.telemetry.internals.ClientTelemetryReporter
2025-08-06 18:53:21,652 INFO  [org.apa.kaf.com.met.Metrics] (Thread-863) Metrics reporters closed
2025-08-06 18:53:21,652 INFO  [org.apa.kaf.com.uti.AppInfoParser] (Thread-863) App info kafka.producer for Producer-topic-de27f285_406f_4f7c_b0df_0be48c8149d5 unregistered
2025-08-06 18:53:21,653 INFO  [io.api.tes.ser.api.KafkaSerdesTester] (Thread-864) Sending message {"key1": "value-0"} to topic topic-05a54dfe_958f_4a0e_ba0e_436e23a21b77
2025-08-06 18:53:21,658 INFO  [DefaultSchemaResolver] (Thread-864) Retrieving schema content using string: {"type":"record","name":"myrecordconfluent6","fields":[{"name":"key1","type":"string"}]}
2025-08-06 18:53:21,687 INFO  [io.api.tes.ser.api.KafkaSerdesTester] (Thread-864) Sending message {"key1": "value-1"} to topic topic-05a54dfe_958f_4a0e_ba0e_436e23a21b77
2025-08-06 18:53:21,690 INFO  [io.api.tes.ser.api.KafkaSerdesTester] (Thread-864) Sending message {"key1": "value-2"} to topic topic-05a54dfe_958f_4a0e_ba0e_436e23a21b77
2025-08-06 18:53:21,692 INFO  [io.api.tes.ser.api.KafkaSerdesTester] (Thread-864) Sending message {"key1": "value-3"} to topic topic-05a54dfe_958f_4a0e_ba0e_436e23a21b77
2025-08-06 18:53:21,693 INFO  [io.api.tes.ser.api.KafkaSerdesTester] (Thread-864) Sending message {"key1": "value-4"} to topic topic-05a54dfe_958f_4a0e_ba0e_436e23a21b77
2025-08-06 18:53:21,694 INFO  [io.api.tes.ser.api.KafkaSerdesTester] (Thread-864) Sending message {"key1": "value-5"} to topic topic-05a54dfe_958f_4a0e_ba0e_436e23a21b77
2025-08-06 18:53:21,695 INFO  [io.api.tes.ser.api.KafkaSerdesTester] (Thread-864) Sending message {"key1": "value-6"} to topic topic-05a54dfe_958f_4a0e_ba0e_436e23a21b77
2025-08-06 18:53:21,696 INFO  [io.api.tes.ser.api.KafkaSerdesTester] (Thread-864) Sending message {"key1": "value-7"} to topic topic-05a54dfe_958f_4a0e_ba0e_436e23a21b77
2025-08-06 18:53:21,697 INFO  [io.api.tes.ser.api.KafkaSerdesTester] (Thread-864) Sending message {"key1": "value-8"} to topic topic-05a54dfe_958f_4a0e_ba0e_436e23a21b77
2025-08-06 18:53:21,698 INFO  [io.api.tes.ser.api.KafkaSerdesTester] (Thread-864) Sending message {"key1": "value-9"} to topic topic-05a54dfe_958f_4a0e_ba0e_436e23a21b77
2025-08-06 18:53:21,699 INFO  [io.api.tes.ser.api.KafkaSerdesTester] (Thread-864) Produced 10 messages
2025-08-06 18:53:21,699 INFO  [org.apa.kaf.cli.pro.KafkaProducer] (Thread-864) [Producer clientId=Producer-topic-05a54dfe_958f_4a0e_ba0e_436e23a21b77] Closing the Kafka producer with timeoutMillis = 9223372036854775807 ms.
2025-08-06 18:53:21,701 INFO  [org.apa.kaf.com.met.Metrics] (Thread-864) Metrics scheduler closed
2025-08-06 18:53:21,701 INFO  [org.apa.kaf.com.met.Metrics] (Thread-864) Closing reporter org.apache.kafka.common.metrics.JmxReporter
2025-08-06 18:53:21,701 INFO  [org.apa.kaf.com.met.Metrics] (Thread-864) Closing reporter org.apache.kafka.common.telemetry.internals.ClientTelemetryReporter
2025-08-06 18:53:21,701 INFO  [org.apa.kaf.com.met.Metrics] (Thread-864) Metrics reporters closed
2025-08-06 18:53:21,702 INFO  [org.apa.kaf.com.uti.AppInfoParser] (Thread-864) App info kafka.producer for Producer-topic-05a54dfe_958f_4a0e_ba0e_436e23a21b77 unregistered
2025-08-06 18:53:21,704 INFO  [org.apa.kaf.cli.con.int.ClassicKafkaConsumer] (Thread-865) [Consumer clientId=consumer-Consumer-topic-ae46131b_e63a_462f_95f4_c8db0e961d13-35, groupId=Consumer-topic-ae46131b_e63a_462f_95f4_c8db0e961d13] Subscribed to topic(s): topic-ae46131b_e63a_462f_95f4_c8db0e961d13
2025-08-06 18:53:21,711 INFO  [org.apa.kaf.cli.Metadata] (Thread-865) [Consumer clientId=consumer-Consumer-topic-ae46131b_e63a_462f_95f4_c8db0e961d13-35, groupId=Consumer-topic-ae46131b_e63a_462f_95f4_c8db0e961d13] Cluster ID: EV4Uys23RNi7BwH7MVj6Ag
2025-08-06 18:53:21,712 INFO  [org.apa.kaf.cli.con.int.ConsumerCoordinator] (Thread-865) [Consumer clientId=consumer-Consumer-topic-ae46131b_e63a_462f_95f4_c8db0e961d13-35, groupId=Consumer-topic-ae46131b_e63a_462f_95f4_c8db0e961d13] Discovered group coordinator localhost:32769 (id: 2147483647 rack: null)
2025-08-06 18:53:21,713 INFO  [org.apa.kaf.cli.con.int.ConsumerCoordinator] (Thread-865) [Consumer clientId=consumer-Consumer-topic-ae46131b_e63a_462f_95f4_c8db0e961d13-35, groupId=Consumer-topic-ae46131b_e63a_462f_95f4_c8db0e961d13] (Re-)joining group
2025-08-06 18:53:21,716 INFO  [org.apa.kaf.cli.con.int.ConsumerCoordinator] (Thread-865) [Consumer clientId=consumer-Consumer-topic-ae46131b_e63a_462f_95f4_c8db0e961d13-35, groupId=Consumer-topic-ae46131b_e63a_462f_95f4_c8db0e961d13] Request joining group due to: need to re-join with the given member-id: consumer-Consumer-topic-ae46131b_e63a_462f_95f4_c8db0e961d13-35-7934553f-27d3-4444-b293-126258cf262a
2025-08-06 18:53:21,716 INFO  [org.apa.kaf.cli.con.int.ConsumerCoordinator] (Thread-865) [Consumer clientId=consumer-Consumer-topic-ae46131b_e63a_462f_95f4_c8db0e961d13-35, groupId=Consumer-topic-ae46131b_e63a_462f_95f4_c8db0e961d13] (Re-)joining group
2025-08-06 18:53:22,704 INFO  [io.api.tes.ser.api.KafkaSerdesTester] (Thread-865) None found
2025-08-06 18:53:23,704 INFO  [io.api.tes.ser.api.KafkaSerdesTester] (Thread-865) None found
2025-08-06 18:53:24,705 INFO  [io.api.tes.ser.api.KafkaSerdesTester] (Thread-865) None found
2025-08-06 18:53:24,718 INFO  [org.apa.kaf.cli.con.int.ConsumerCoordinator] (Thread-865) [Consumer clientId=consumer-Consumer-topic-ae46131b_e63a_462f_95f4_c8db0e961d13-35, groupId=Consumer-topic-ae46131b_e63a_462f_95f4_c8db0e961d13] Successfully joined group with generation Generation{generationId=1, memberId='consumer-Consumer-topic-ae46131b_e63a_462f_95f4_c8db0e961d13-35-7934553f-27d3-4444-b293-126258cf262a', protocol='range'}
2025-08-06 18:53:24,718 INFO  [org.apa.kaf.cli.con.int.ConsumerCoordinator] (Thread-865) [Consumer clientId=consumer-Consumer-topic-ae46131b_e63a_462f_95f4_c8db0e961d13-35, groupId=Consumer-topic-ae46131b_e63a_462f_95f4_c8db0e961d13] Finished assignment for group at generation 1: {consumer-Consumer-topic-ae46131b_e63a_462f_95f4_c8db0e961d13-35-7934553f-27d3-4444-b293-126258cf262a=Assignment(partitions=[topic-ae46131b_e63a_462f_95f4_c8db0e961d13-0])}
2025-08-06 18:53:24,725 INFO  [org.apa.kaf.cli.con.int.ConsumerCoordinator] (Thread-865) [Consumer clientId=consumer-Consumer-topic-ae46131b_e63a_462f_95f4_c8db0e961d13-35, groupId=Consumer-topic-ae46131b_e63a_462f_95f4_c8db0e961d13] Successfully synced group in generation Generation{generationId=1, memberId='consumer-Consumer-topic-ae46131b_e63a_462f_95f4_c8db0e961d13-35-7934553f-27d3-4444-b293-126258cf262a', protocol='range'}
2025-08-06 18:53:24,725 INFO  [org.apa.kaf.cli.con.int.ConsumerCoordinator] (Thread-865) [Consumer clientId=consumer-Consumer-topic-ae46131b_e63a_462f_95f4_c8db0e961d13-35, groupId=Consumer-topic-ae46131b_e63a_462f_95f4_c8db0e961d13] Notifying assignor about the new Assignment(partitions=[topic-ae46131b_e63a_462f_95f4_c8db0e961d13-0])
2025-08-06 18:53:24,725 INFO  [org.apa.kaf.cli.con.int.ConsumerRebalanceListenerInvoker] (Thread-865) [Consumer clientId=consumer-Consumer-topic-ae46131b_e63a_462f_95f4_c8db0e961d13-35, groupId=Consumer-topic-ae46131b_e63a_462f_95f4_c8db0e961d13] Adding newly assigned partitions: topic-ae46131b_e63a_462f_95f4_c8db0e961d13-0
2025-08-06 18:53:24,726 INFO  [org.apa.kaf.cli.con.int.ConsumerCoordinator] (Thread-865) [Consumer clientId=consumer-Consumer-topic-ae46131b_e63a_462f_95f4_c8db0e961d13-35, groupId=Consumer-topic-ae46131b_e63a_462f_95f4_c8db0e961d13] Found no committed offset for partition topic-ae46131b_e63a_462f_95f4_c8db0e961d13-0
2025-08-06 18:53:24,729 INFO  [org.apa.kaf.cli.con.int.SubscriptionState] (Thread-865) [Consumer clientId=consumer-Consumer-topic-ae46131b_e63a_462f_95f4_c8db0e961d13-35, groupId=Consumer-topic-ae46131b_e63a_462f_95f4_c8db0e961d13] Resetting offset for partition topic-ae46131b_e63a_462f_95f4_c8db0e961d13-0 to position FetchPosition{offset=0, offsetEpoch=Optional.empty, currentLeader=LeaderAndEpoch{leader=Optional[localhost:32769 (id: 0 rack: null)], epoch=0}}.
2025-08-06 18:53:24,755 INFO  [io.api.tes.ser.api.KafkaSerdesTester] (Thread-865) topic-ae46131b_e63a_462f_95f4_c8db0e961d13 0 0 {"key1": "value-0"}
2025-08-06 18:53:24,755 INFO  [io.api.tes.ser.api.KafkaSerdesTester] (Thread-865) topic-ae46131b_e63a_462f_95f4_c8db0e961d13 0 1 {"key1": "value-1"}
2025-08-06 18:53:24,755 INFO  [io.api.tes.ser.api.KafkaSerdesTester] (Thread-865) topic-ae46131b_e63a_462f_95f4_c8db0e961d13 0 2 {"key1": "value-2"}
2025-08-06 18:53:24,755 INFO  [io.api.tes.ser.api.KafkaSerdesTester] (Thread-865) topic-ae46131b_e63a_462f_95f4_c8db0e961d13 0 3 {"key1": "value-3"}
2025-08-06 18:53:24,755 INFO  [io.api.tes.ser.api.KafkaSerdesTester] (Thread-865) topic-ae46131b_e63a_462f_95f4_c8db0e961d13 0 4 {"key1": "value-4"}
2025-08-06 18:53:24,755 INFO  [io.api.tes.ser.api.KafkaSerdesTester] (Thread-865) topic-ae46131b_e63a_462f_95f4_c8db0e961d13 0 5 {"key1": "value-5"}
2025-08-06 18:53:24,755 INFO  [io.api.tes.ser.api.KafkaSerdesTester] (Thread-865) topic-ae46131b_e63a_462f_95f4_c8db0e961d13 0 6 {"key1": "value-6"}
2025-08-06 18:53:24,755 INFO  [io.api.tes.ser.api.KafkaSerdesTester] (Thread-865) topic-ae46131b_e63a_462f_95f4_c8db0e961d13 0 7 {"key1": "value-7"}
2025-08-06 18:53:24,755 INFO  [io.api.tes.ser.api.KafkaSerdesTester] (Thread-865) topic-ae46131b_e63a_462f_95f4_c8db0e961d13 0 8 {"key1": "value-8"}
2025-08-06 18:53:24,755 INFO  [io.api.tes.ser.api.KafkaSerdesTester] (Thread-865) topic-ae46131b_e63a_462f_95f4_c8db0e961d13 0 9 {"key1": "value-9"}
2025-08-06 18:53:24,755 INFO  [io.api.tes.ser.api.KafkaSerdesTester] (Thread-865) Consumed 10 messages
2025-08-06 18:53:24,762 INFO  [org.apa.kaf.cli.con.int.ConsumerRebalanceListenerInvoker] (Thread-865) [Consumer clientId=consumer-Consumer-topic-ae46131b_e63a_462f_95f4_c8db0e961d13-35, groupId=Consumer-topic-ae46131b_e63a_462f_95f4_c8db0e961d13] Revoke previously assigned partitions topic-ae46131b_e63a_462f_95f4_c8db0e961d13-0
2025-08-06 18:53:24,762 INFO  [org.apa.kaf.cli.con.int.ConsumerCoordinator] (Thread-865) [Consumer clientId=consumer-Consumer-topic-ae46131b_e63a_462f_95f4_c8db0e961d13-35, groupId=Consumer-topic-ae46131b_e63a_462f_95f4_c8db0e961d13] Member consumer-Consumer-topic-ae46131b_e63a_462f_95f4_c8db0e961d13-35-7934553f-27d3-4444-b293-126258cf262a sending LeaveGroup request to coordinator localhost:32769 (id: 2147483647 rack: null) due to the consumer is being closed
2025-08-06 18:53:24,762 INFO  [org.apa.kaf.cli.con.int.ConsumerCoordinator] (Thread-865) [Consumer clientId=consumer-Consumer-topic-ae46131b_e63a_462f_95f4_c8db0e961d13-35, groupId=Consumer-topic-ae46131b_e63a_462f_95f4_c8db0e961d13] Resetting generation and member id due to: consumer pro-actively leaving the group
2025-08-06 18:53:24,762 INFO  [org.apa.kaf.cli.con.int.ConsumerCoordinator] (Thread-865) [Consumer clientId=consumer-Consumer-topic-ae46131b_e63a_462f_95f4_c8db0e961d13-35, groupId=Consumer-topic-ae46131b_e63a_462f_95f4_c8db0e961d13] Request joining group due to: consumer pro-actively leaving the group
2025-08-06 18:53:25,256 INFO  [org.apa.kaf.com.met.Metrics] (Thread-865) Metrics scheduler closed
2025-08-06 18:53:25,256 INFO  [org.apa.kaf.com.met.Metrics] (Thread-865) Closing reporter org.apache.kafka.common.metrics.JmxReporter
2025-08-06 18:53:25,256 INFO  [org.apa.kaf.com.met.Metrics] (Thread-865) Closing reporter org.apache.kafka.common.telemetry.internals.ClientTelemetryReporter
2025-08-06 18:53:25,256 INFO  [org.apa.kaf.com.met.Metrics] (Thread-865) Metrics reporters closed
2025-08-06 18:53:25,258 INFO  [org.apa.kaf.com.uti.AppInfoParser] (Thread-865) App info kafka.consumer for consumer-Consumer-topic-ae46131b_e63a_462f_95f4_c8db0e961d13-35 unregistered
2025-08-06 18:53:25,259 INFO  [org.apa.kaf.cli.con.int.ClassicKafkaConsumer] (Thread-866) [Consumer clientId=consumer-Consumer-topic-de27f285_406f_4f7c_b0df_0be48c8149d5-36, groupId=Consumer-topic-de27f285_406f_4f7c_b0df_0be48c8149d5] Subscribed to topic(s): topic-de27f285_406f_4f7c_b0df_0be48c8149d5
2025-08-06 18:53:25,264 INFO  [org.apa.kaf.cli.Metadata] (Thread-866) [Consumer clientId=consumer-Consumer-topic-de27f285_406f_4f7c_b0df_0be48c8149d5-36, groupId=Consumer-topic-de27f285_406f_4f7c_b0df_0be48c8149d5] Cluster ID: EV4Uys23RNi7BwH7MVj6Ag
2025-08-06 18:53:25,265 INFO  [org.apa.kaf.cli.con.int.ConsumerCoordinator] (Thread-866) [Consumer clientId=consumer-Consumer-topic-de27f285_406f_4f7c_b0df_0be48c8149d5-36, groupId=Consumer-topic-de27f285_406f_4f7c_b0df_0be48c8149d5] Discovered group coordinator localhost:32769 (id: 2147483647 rack: null)
2025-08-06 18:53:25,266 INFO  [org.apa.kaf.cli.con.int.ConsumerCoordinator] (Thread-866) [Consumer clientId=consumer-Consumer-topic-de27f285_406f_4f7c_b0df_0be48c8149d5-36, groupId=Consumer-topic-de27f285_406f_4f7c_b0df_0be48c8149d5] (Re-)joining group
2025-08-06 18:53:25,268 INFO  [org.apa.kaf.cli.con.int.ConsumerCoordinator] (Thread-866) [Consumer clientId=consumer-Consumer-topic-de27f285_406f_4f7c_b0df_0be48c8149d5-36, groupId=Consumer-topic-de27f285_406f_4f7c_b0df_0be48c8149d5] Request joining group due to: need to re-join with the given member-id: consumer-Consumer-topic-de27f285_406f_4f7c_b0df_0be48c8149d5-36-f8435817-dabe-450a-ad57-5e49a3dc9a55
2025-08-06 18:53:25,268 INFO  [org.apa.kaf.cli.con.int.ConsumerCoordinator] (Thread-866) [Consumer clientId=consumer-Consumer-topic-de27f285_406f_4f7c_b0df_0be48c8149d5-36, groupId=Consumer-topic-de27f285_406f_4f7c_b0df_0be48c8149d5] (Re-)joining group
2025-08-06 18:53:26,260 INFO  [io.api.tes.ser.api.KafkaSerdesTester] (Thread-866) None found
2025-08-06 18:53:27,260 INFO  [io.api.tes.ser.api.KafkaSerdesTester] (Thread-866) None found
2025-08-06 18:53:28,260 INFO  [io.api.tes.ser.api.KafkaSerdesTester] (Thread-866) None found
2025-08-06 18:53:28,269 INFO  [org.apa.kaf.cli.con.int.ConsumerCoordinator] (Thread-866) [Consumer clientId=consumer-Consumer-topic-de27f285_406f_4f7c_b0df_0be48c8149d5-36, groupId=Consumer-topic-de27f285_406f_4f7c_b0df_0be48c8149d5] Successfully joined group with generation Generation{generationId=1, memberId='consumer-Consumer-topic-de27f285_406f_4f7c_b0df_0be48c8149d5-36-f8435817-dabe-450a-ad57-5e49a3dc9a55', protocol='range'}
2025-08-06 18:53:28,270 INFO  [org.apa.kaf.cli.con.int.ConsumerCoordinator] (Thread-866) [Consumer clientId=consumer-Consumer-topic-de27f285_406f_4f7c_b0df_0be48c8149d5-36, groupId=Consumer-topic-de27f285_406f_4f7c_b0df_0be48c8149d5] Finished assignment for group at generation 1: {consumer-Consumer-topic-de27f285_406f_4f7c_b0df_0be48c8149d5-36-f8435817-dabe-450a-ad57-5e49a3dc9a55=Assignment(partitions=[topic-de27f285_406f_4f7c_b0df_0be48c8149d5-0])}
2025-08-06 18:53:28,276 INFO  [org.apa.kaf.cli.con.int.ConsumerCoordinator] (Thread-866) [Consumer clientId=consumer-Consumer-topic-de27f285_406f_4f7c_b0df_0be48c8149d5-36, groupId=Consumer-topic-de27f285_406f_4f7c_b0df_0be48c8149d5] Successfully synced group in generation Generation{generationId=1, memberId='consumer-Consumer-topic-de27f285_406f_4f7c_b0df_0be48c8149d5-36-f8435817-dabe-450a-ad57-5e49a3dc9a55', protocol='range'}
2025-08-06 18:53:28,277 INFO  [org.apa.kaf.cli.con.int.ConsumerCoordinator] (Thread-866) [Consumer clientId=consumer-Consumer-topic-de27f285_406f_4f7c_b0df_0be48c8149d5-36, groupId=Consumer-topic-de27f285_406f_4f7c_b0df_0be48c8149d5] Notifying assignor about the new Assignment(partitions=[topic-de27f285_406f_4f7c_b0df_0be48c8149d5-0])
2025-08-06 18:53:28,277 INFO  [org.apa.kaf.cli.con.int.ConsumerRebalanceListenerInvoker] (Thread-866) [Consumer clientId=consumer-Consumer-topic-de27f285_406f_4f7c_b0df_0be48c8149d5-36, groupId=Consumer-topic-de27f285_406f_4f7c_b0df_0be48c8149d5] Adding newly assigned partitions: topic-de27f285_406f_4f7c_b0df_0be48c8149d5-0
2025-08-06 18:53:28,278 INFO  [org.apa.kaf.cli.con.int.ConsumerCoordinator] (Thread-866) [Consumer clientId=consumer-Consumer-topic-de27f285_406f_4f7c_b0df_0be48c8149d5-36, groupId=Consumer-topic-de27f285_406f_4f7c_b0df_0be48c8149d5] Found no committed offset for partition topic-de27f285_406f_4f7c_b0df_0be48c8149d5-0
2025-08-06 18:53:28,281 INFO  [org.apa.kaf.cli.con.int.SubscriptionState] (Thread-866) [Consumer clientId=consumer-Consumer-topic-de27f285_406f_4f7c_b0df_0be48c8149d5-36, groupId=Consumer-topic-de27f285_406f_4f7c_b0df_0be48c8149d5] Resetting offset for partition topic-de27f285_406f_4f7c_b0df_0be48c8149d5-0 to position FetchPosition{offset=0, offsetEpoch=Optional.empty, currentLeader=LeaderAndEpoch{leader=Optional[localhost:32769 (id: 0 rack: null)], epoch=0}}.
2025-08-06 18:53:28,304 INFO  [io.api.tes.ser.api.KafkaSerdesTester] (Thread-866) topic-de27f285_406f_4f7c_b0df_0be48c8149d5 0 0 {"key1": "value-0"}
2025-08-06 18:53:28,305 INFO  [io.api.tes.ser.api.KafkaSerdesTester] (Thread-866) topic-de27f285_406f_4f7c_b0df_0be48c8149d5 0 1 {"key1": "value-1"}
2025-08-06 18:53:28,305 INFO  [io.api.tes.ser.api.KafkaSerdesTester] (Thread-866) topic-de27f285_406f_4f7c_b0df_0be48c8149d5 0 2 {"key1": "value-2"}
2025-08-06 18:53:28,305 INFO  [io.api.tes.ser.api.KafkaSerdesTester] (Thread-866) topic-de27f285_406f_4f7c_b0df_0be48c8149d5 0 3 {"key1": "value-3"}
2025-08-06 18:53:28,305 INFO  [io.api.tes.ser.api.KafkaSerdesTester] (Thread-866) topic-de27f285_406f_4f7c_b0df_0be48c8149d5 0 4 {"key1": "value-4"}
2025-08-06 18:53:28,305 INFO  [io.api.tes.ser.api.KafkaSerdesTester] (Thread-866) topic-de27f285_406f_4f7c_b0df_0be48c8149d5 0 5 {"key1": "value-5"}
2025-08-06 18:53:28,305 INFO  [io.api.tes.ser.api.KafkaSerdesTester] (Thread-866) topic-de27f285_406f_4f7c_b0df_0be48c8149d5 0 6 {"key1": "value-6"}
2025-08-06 18:53:28,305 INFO  [io.api.tes.ser.api.KafkaSerdesTester] (Thread-866) topic-de27f285_406f_4f7c_b0df_0be48c8149d5 0 7 {"key1": "value-7"}
2025-08-06 18:53:28,305 INFO  [io.api.tes.ser.api.KafkaSerdesTester] (Thread-866) topic-de27f285_406f_4f7c_b0df_0be48c8149d5 0 8 {"key1": "value-8"}
2025-08-06 18:53:28,305 INFO  [io.api.tes.ser.api.KafkaSerdesTester] (Thread-866) topic-de27f285_406f_4f7c_b0df_0be48c8149d5 0 9 {"key1": "value-9"}
2025-08-06 18:53:28,305 INFO  [io.api.tes.ser.api.KafkaSerdesTester] (Thread-866) Consumed 10 messages
2025-08-06 18:53:28,312 INFO  [org.apa.kaf.cli.con.int.ConsumerRebalanceListenerInvoker] (Thread-866) [Consumer clientId=consumer-Consumer-topic-de27f285_406f_4f7c_b0df_0be48c8149d5-36, groupId=Consumer-topic-de27f285_406f_4f7c_b0df_0be48c8149d5] Revoke previously assigned partitions topic-de27f285_406f_4f7c_b0df_0be48c8149d5-0
2025-08-06 18:53:28,312 INFO  [org.apa.kaf.cli.con.int.ConsumerCoordinator] (Thread-866) [Consumer clientId=consumer-Consumer-topic-de27f285_406f_4f7c_b0df_0be48c8149d5-36, groupId=Consumer-topic-de27f285_406f_4f7c_b0df_0be48c8149d5] Member consumer-Consumer-topic-de27f285_406f_4f7c_b0df_0be48c8149d5-36-f8435817-dabe-450a-ad57-5e49a3dc9a55 sending LeaveGroup request to coordinator localhost:32769 (id: 2147483647 rack: null) due to the consumer is being closed
2025-08-06 18:53:28,313 INFO  [org.apa.kaf.cli.con.int.ConsumerCoordinator] (Thread-866) [Consumer clientId=consumer-Consumer-topic-de27f285_406f_4f7c_b0df_0be48c8149d5-36, groupId=Consumer-topic-de27f285_406f_4f7c_b0df_0be48c8149d5] Resetting generation and member id due to: consumer pro-actively leaving the group
2025-08-06 18:53:28,313 INFO  [org.apa.kaf.cli.con.int.ConsumerCoordinator] (Thread-866) [Consumer clientId=consumer-Consumer-topic-de27f285_406f_4f7c_b0df_0be48c8149d5-36, groupId=Consumer-topic-de27f285_406f_4f7c_b0df_0be48c8149d5] Request joining group due to: consumer pro-actively leaving the group
2025-08-06 18:53:28,808 INFO  [org.apa.kaf.com.met.Metrics] (Thread-866) Metrics scheduler closed
2025-08-06 18:53:28,808 INFO  [org.apa.kaf.com.met.Metrics] (Thread-866) Closing reporter org.apache.kafka.common.metrics.JmxReporter
2025-08-06 18:53:28,808 INFO  [org.apa.kaf.com.met.Metrics] (Thread-866) Closing reporter org.apache.kafka.common.telemetry.internals.ClientTelemetryReporter
2025-08-06 18:53:28,808 INFO  [org.apa.kaf.com.met.Metrics] (Thread-866) Metrics reporters closed
2025-08-06 18:53:28,809 INFO  [org.apa.kaf.com.uti.AppInfoParser] (Thread-866) App info kafka.consumer for consumer-Consumer-topic-de27f285_406f_4f7c_b0df_0be48c8149d5-36 unregistered
2025-08-06 18:53:28,810 INFO  [org.apa.kaf.cli.con.int.ClassicKafkaConsumer] (Thread-867) [Consumer clientId=consumer-Consumer-topic-05a54dfe_958f_4a0e_ba0e_436e23a21b77-37, groupId=Consumer-topic-05a54dfe_958f_4a0e_ba0e_436e23a21b77] Subscribed to topic(s): topic-05a54dfe_958f_4a0e_ba0e_436e23a21b77
2025-08-06 18:53:28,814 INFO  [org.apa.kaf.cli.Metadata] (Thread-867) [Consumer clientId=consumer-Consumer-topic-05a54dfe_958f_4a0e_ba0e_436e23a21b77-37, groupId=Consumer-topic-05a54dfe_958f_4a0e_ba0e_436e23a21b77] Cluster ID: EV4Uys23RNi7BwH7MVj6Ag
2025-08-06 18:53:28,814 INFO  [org.apa.kaf.cli.con.int.ConsumerCoordinator] (Thread-867) [Consumer clientId=consumer-Consumer-topic-05a54dfe_958f_4a0e_ba0e_436e23a21b77-37, groupId=Consumer-topic-05a54dfe_958f_4a0e_ba0e_436e23a21b77] Discovered group coordinator localhost:32769 (id: 2147483647 rack: null)
2025-08-06 18:53:28,815 INFO  [org.apa.kaf.cli.con.int.ConsumerCoordinator] (Thread-867) [Consumer clientId=consumer-Consumer-topic-05a54dfe_958f_4a0e_ba0e_436e23a21b77-37, groupId=Consumer-topic-05a54dfe_958f_4a0e_ba0e_436e23a21b77] (Re-)joining group
2025-08-06 18:53:28,816 INFO  [org.apa.kaf.cli.con.int.ConsumerCoordinator] (Thread-867) [Consumer clientId=consumer-Consumer-topic-05a54dfe_958f_4a0e_ba0e_436e23a21b77-37, groupId=Consumer-topic-05a54dfe_958f_4a0e_ba0e_436e23a21b77] Request joining group due to: need to re-join with the given member-id: consumer-Consumer-topic-05a54dfe_958f_4a0e_ba0e_436e23a21b77-37-dd537b9d-08d4-434d-872d-22090462e458
2025-08-06 18:53:28,817 INFO  [org.apa.kaf.cli.con.int.ConsumerCoordinator] (Thread-867) [Consumer clientId=consumer-Consumer-topic-05a54dfe_958f_4a0e_ba0e_436e23a21b77-37, groupId=Consumer-topic-05a54dfe_958f_4a0e_ba0e_436e23a21b77] (Re-)joining group
2025-08-06 18:53:29,810 INFO  [io.api.tes.ser.api.KafkaSerdesTester] (Thread-867) None found
2025-08-06 18:53:30,810 INFO  [io.api.tes.ser.api.KafkaSerdesTester] (Thread-867) None found
2025-08-06 18:53:31,810 INFO  [io.api.tes.ser.api.KafkaSerdesTester] (Thread-867) None found
2025-08-06 18:53:31,817 INFO  [org.apa.kaf.cli.con.int.ConsumerCoordinator] (Thread-867) [Consumer clientId=consumer-Consumer-topic-05a54dfe_958f_4a0e_ba0e_436e23a21b77-37, groupId=Consumer-topic-05a54dfe_958f_4a0e_ba0e_436e23a21b77] Successfully joined group with generation Generation{generationId=1, memberId='consumer-Consumer-topic-05a54dfe_958f_4a0e_ba0e_436e23a21b77-37-dd537b9d-08d4-434d-872d-22090462e458', protocol='range'}
2025-08-06 18:53:31,818 INFO  [org.apa.kaf.cli.con.int.ConsumerCoordinator] (Thread-867) [Consumer clientId=consumer-Consumer-topic-05a54dfe_958f_4a0e_ba0e_436e23a21b77-37, groupId=Consumer-topic-05a54dfe_958f_4a0e_ba0e_436e23a21b77] Finished assignment for group at generation 1: {consumer-Consumer-topic-05a54dfe_958f_4a0e_ba0e_436e23a21b77-37-dd537b9d-08d4-434d-872d-22090462e458=Assignment(partitions=[topic-05a54dfe_958f_4a0e_ba0e_436e23a21b77-0])}
2025-08-06 18:53:31,824 INFO  [org.apa.kaf.cli.con.int.ConsumerCoordinator] (Thread-867) [Consumer clientId=consumer-Consumer-topic-05a54dfe_958f_4a0e_ba0e_436e23a21b77-37, groupId=Consumer-topic-05a54dfe_958f_4a0e_ba0e_436e23a21b77] Successfully synced group in generation Generation{generationId=1, memberId='consumer-Consumer-topic-05a54dfe_958f_4a0e_ba0e_436e23a21b77-37-dd537b9d-08d4-434d-872d-22090462e458', protocol='range'}
2025-08-06 18:53:31,824 INFO  [org.apa.kaf.cli.con.int.ConsumerCoordinator] (Thread-867) [Consumer clientId=consumer-Consumer-topic-05a54dfe_958f_4a0e_ba0e_436e23a21b77-37, groupId=Consumer-topic-05a54dfe_958f_4a0e_ba0e_436e23a21b77] Notifying assignor about the new Assignment(partitions=[topic-05a54dfe_958f_4a0e_ba0e_436e23a21b77-0])
2025-08-06 18:53:31,824 INFO  [org.apa.kaf.cli.con.int.ConsumerRebalanceListenerInvoker] (Thread-867) [Consumer clientId=consumer-Consumer-topic-05a54dfe_958f_4a0e_ba0e_436e23a21b77-37, groupId=Consumer-topic-05a54dfe_958f_4a0e_ba0e_436e23a21b77] Adding newly assigned partitions: topic-05a54dfe_958f_4a0e_ba0e_436e23a21b77-0
2025-08-06 18:53:31,825 INFO  [org.apa.kaf.cli.con.int.ConsumerCoordinator] (Thread-867) [Consumer clientId=consumer-Consumer-topic-05a54dfe_958f_4a0e_ba0e_436e23a21b77-37, groupId=Consumer-topic-05a54dfe_958f_4a0e_ba0e_436e23a21b77] Found no committed offset for partition topic-05a54dfe_958f_4a0e_ba0e_436e23a21b77-0
2025-08-06 18:53:31,827 INFO  [org.apa.kaf.cli.con.int.SubscriptionState] (Thread-867) [Consumer clientId=consumer-Consumer-topic-05a54dfe_958f_4a0e_ba0e_436e23a21b77-37, groupId=Consumer-topic-05a54dfe_958f_4a0e_ba0e_436e23a21b77] Resetting offset for partition topic-05a54dfe_958f_4a0e_ba0e_436e23a21b77-0 to position FetchPosition{offset=0, offsetEpoch=Optional.empty, currentLeader=LeaderAndEpoch{leader=Optional[localhost:32769 (id: 0 rack: null)], epoch=0}}.
2025-08-06 18:53:31,849 INFO  [io.api.tes.ser.api.KafkaSerdesTester] (Thread-867) topic-05a54dfe_958f_4a0e_ba0e_436e23a21b77 0 0 {"key1": "value-0"}
2025-08-06 18:53:31,849 INFO  [io.api.tes.ser.api.KafkaSerdesTester] (Thread-867) topic-05a54dfe_958f_4a0e_ba0e_436e23a21b77 0 1 {"key1": "value-1"}
2025-08-06 18:53:31,849 INFO  [io.api.tes.ser.api.KafkaSerdesTester] (Thread-867) topic-05a54dfe_958f_4a0e_ba0e_436e23a21b77 0 2 {"key1": "value-2"}
2025-08-06 18:53:31,849 INFO  [io.api.tes.ser.api.KafkaSerdesTester] (Thread-867) topic-05a54dfe_958f_4a0e_ba0e_436e23a21b77 0 3 {"key1": "value-3"}
2025-08-06 18:53:31,849 INFO  [io.api.tes.ser.api.KafkaSerdesTester] (Thread-867) topic-05a54dfe_958f_4a0e_ba0e_436e23a21b77 0 4 {"key1": "value-4"}
2025-08-06 18:53:31,849 INFO  [io.api.tes.ser.api.KafkaSerdesTester] (Thread-867) topic-05a54dfe_958f_4a0e_ba0e_436e23a21b77 0 5 {"key1": "value-5"}
2025-08-06 18:53:31,849 INFO  [io.api.tes.ser.api.KafkaSerdesTester] (Thread-867) topic-05a54dfe_958f_4a0e_ba0e_436e23a21b77 0 6 {"key1": "value-6"}
2025-08-06 18:53:31,850 INFO  [io.api.tes.ser.api.KafkaSerdesTester] (Thread-867) topic-05a54dfe_958f_4a0e_ba0e_436e23a21b77 0 7 {"key1": "value-7"}
2025-08-06 18:53:31,850 INFO  [io.api.tes.ser.api.KafkaSerdesTester] (Thread-867) topic-05a54dfe_958f_4a0e_ba0e_436e23a21b77 0 8 {"key1": "value-8"}
2025-08-06 18:53:31,850 INFO  [io.api.tes.ser.api.KafkaSerdesTester] (Thread-867) topic-05a54dfe_958f_4a0e_ba0e_436e23a21b77 0 9 {"key1": "value-9"}
2025-08-06 18:53:31,850 INFO  [io.api.tes.ser.api.KafkaSerdesTester] (Thread-867) Consumed 10 messages
2025-08-06 18:53:31,856 INFO  [org.apa.kaf.cli.con.int.ConsumerRebalanceListenerInvoker] (Thread-867) [Consumer clientId=consumer-Consumer-topic-05a54dfe_958f_4a0e_ba0e_436e23a21b77-37, groupId=Consumer-topic-05a54dfe_958f_4a0e_ba0e_436e23a21b77] Revoke previously assigned partitions topic-05a54dfe_958f_4a0e_ba0e_436e23a21b77-0
2025-08-06 18:53:31,856 INFO  [org.apa.kaf.cli.con.int.ConsumerCoordinator] (Thread-867) [Consumer clientId=consumer-Consumer-topic-05a54dfe_958f_4a0e_ba0e_436e23a21b77-37, groupId=Consumer-topic-05a54dfe_958f_4a0e_ba0e_436e23a21b77] Member consumer-Consumer-topic-05a54dfe_958f_4a0e_ba0e_436e23a21b77-37-dd537b9d-08d4-434d-872d-22090462e458 sending LeaveGroup request to coordinator localhost:32769 (id: 2147483647 rack: null) due to the consumer is being closed
2025-08-06 18:53:31,856 INFO  [org.apa.kaf.cli.con.int.ConsumerCoordinator] (Thread-867) [Consumer clientId=consumer-Consumer-topic-05a54dfe_958f_4a0e_ba0e_436e23a21b77-37, groupId=Consumer-topic-05a54dfe_958f_4a0e_ba0e_436e23a21b77] Resetting generation and member id due to: consumer pro-actively leaving the group
2025-08-06 18:53:31,856 INFO  [org.apa.kaf.cli.con.int.ConsumerCoordinator] (Thread-867) [Consumer clientId=consumer-Consumer-topic-05a54dfe_958f_4a0e_ba0e_436e23a21b77-37, groupId=Consumer-topic-05a54dfe_958f_4a0e_ba0e_436e23a21b77] Request joining group due to: consumer pro-actively leaving the group
2025-08-06 18:53:32,350 INFO  [org.apa.kaf.com.met.Metrics] (Thread-867) Metrics scheduler closed
2025-08-06 18:53:32,350 INFO  [org.apa.kaf.com.met.Metrics] (Thread-867) Closing reporter org.apache.kafka.common.metrics.JmxReporter
2025-08-06 18:53:32,350 INFO  [org.apa.kaf.com.met.Metrics] (Thread-867) Closing reporter org.apache.kafka.common.telemetry.internals.ClientTelemetryReporter
2025-08-06 18:53:32,350 INFO  [org.apa.kaf.com.met.Metrics] (Thread-867) Metrics reporters closed
2025-08-06 18:53:32,354 INFO  [org.apa.kaf.com.uti.AppInfoParser] (Thread-867) App info kafka.consumer for consumer-Consumer-topic-05a54dfe_958f_4a0e_ba0e_436e23a21b77-37 unregistered
2025-08-06 18:53:32,376 INFO  [io.api.tes.ser.con.BasicConfluentSerDesIT] (main) Deleting confluent schema myrecordconfluent6
2025-08-06 18:53:32,387 INFO  [io.api.tes.uti.TestSeparator] (main) io.apicurio.tests.serdes.confluent.BasicConfluentSerDesIT.testAvroConfluentForMultipleTopics-FINISHED
2025-08-06 18:53:32,387 INFO  [io.api.tes.uti.TestSeparator] (main) ############################################################################
Test passed: testAvroConfluentForMultipleTopics
]]></system-out>
  </testcase>
  <testcase name="testAvroConfluentApicurio" classname="io.apicurio.tests.serdes.confluent.BasicConfluentSerDesIT" time="3.753">
    <system-out><![CDATA[2025-08-06 18:53:32,388 INFO  [io.api.tes.uti.TestSeparator] (main) ############################################################################
2025-08-06 18:53:32,388 INFO  [io.api.tes.uti.TestSeparator] (main) io.apicurio.tests.serdes.confluent.BasicConfluentSerDesIT.testAvroConfluentApicurio-STARTED
2025-08-06 18:53:32,406 INFO  [io.api.tes.ser.con.BasicConfluentSerDesIT] (main) Checking that created schema is equal to the get schema
2025-08-06 18:53:32,413 INFO  [io.api.tes.ser.con.BasicConfluentSerDesIT] (main) Created schema with id:103 and name:myrecordconfluent1
**** Registry Base URL: http://registry-app-inmemory.apps.ci419.apicurio-testing.org:80
2025-08-06 18:53:32,413 INFO  [org.apa.kaf.cli.pro.ProducerConfig] (main) ProducerConfig values: 
	acks = -1
	auto.include.jmx.reporter = true
	batch.size = 16384
	bootstrap.servers = [PLAINTEXT://localhost:32769]
	buffer.memory = 33554432
	client.dns.lookup = use_all_dns_ips
	client.id = Producer-topic-91146b4c_55e1_4659_a672_a0716806f887
	compression.gzip.level = -1
	compression.lz4.level = 9
	compression.type = none
	compression.zstd.level = 3
	connections.max.idle.ms = 10000
	delivery.timeout.ms = 120000
	enable.idempotence = true
	enable.metrics.push = true
	interceptor.classes = []
	key.serializer = class org.apache.kafka.common.serialization.StringSerializer
	linger.ms = 0
	max.block.ms = 60000
	max.in.flight.requests.per.connection = 5
	max.request.size = 1048576
	metadata.max.age.ms = 300000
	metadata.max.idle.ms = 300000
	metadata.recovery.strategy = none
	metric.reporters = []
	metrics.num.samples = 2
	metrics.recording.level = INFO
	metrics.sample.window.ms = 30000
	partitioner.adaptive.partitioning.enable = true
	partitioner.availability.timeout.ms = 0
	partitioner.class = null
	partitioner.ignore.keys = false
	receive.buffer.bytes = 32768
	reconnect.backoff.max.ms = 1000
	reconnect.backoff.ms = 50
	request.timeout.ms = 5000
	retries = 2147483647
	retry.backoff.max.ms = 1000
	retry.backoff.ms = 100
	sasl.client.callback.handler.class = null
	sasl.jaas.config = null
	sasl.kerberos.kinit.cmd = /usr/bin/kinit
	sasl.kerberos.min.time.before.relogin = 60000
	sasl.kerberos.service.name = null
	sasl.kerberos.ticket.renew.jitter = 0.05
	sasl.kerberos.ticket.renew.window.factor = 0.8
	sasl.login.callback.handler.class = null
	sasl.login.class = null
	sasl.login.connect.timeout.ms = null
	sasl.login.read.timeout.ms = null
	sasl.login.refresh.buffer.seconds = 300
	sasl.login.refresh.min.period.seconds = 60
	sasl.login.refresh.window.factor = 0.8
	sasl.login.refresh.window.jitter = 0.05
	sasl.login.retry.backoff.max.ms = 10000
	sasl.login.retry.backoff.ms = 100
	sasl.mechanism = GSSAPI
	sasl.oauthbearer.clock.skew.seconds = 30
	sasl.oauthbearer.expected.audience = null
	sasl.oauthbearer.expected.issuer = null
	sasl.oauthbearer.header.urlencode = false
	sasl.oauthbearer.jwks.endpoint.refresh.ms = 3600000
	sasl.oauthbearer.jwks.endpoint.retry.backoff.max.ms = 10000
	sasl.oauthbearer.jwks.endpoint.retry.backoff.ms = 100
	sasl.oauthbearer.jwks.endpoint.url = null
	sasl.oauthbearer.scope.claim.name = scope
	sasl.oauthbearer.sub.claim.name = sub
	sasl.oauthbearer.token.endpoint.url = null
	security.protocol = PLAINTEXT
	security.providers = null
	send.buffer.bytes = 131072
	socket.connection.setup.timeout.max.ms = 30000
	socket.connection.setup.timeout.ms = 10000
	ssl.cipher.suites = null
	ssl.enabled.protocols = [TLSv1.2, TLSv1.3]
	ssl.endpoint.identification.algorithm = https
	ssl.engine.factory.class = null
	ssl.key.password = null
	ssl.keymanager.algorithm = SunX509
	ssl.keystore.certificate.chain = null
	ssl.keystore.key = null
	ssl.keystore.location = null
	ssl.keystore.password = null
	ssl.keystore.type = JKS
	ssl.protocol = TLSv1.3
	ssl.provider = null
	ssl.secure.random.implementation = null
	ssl.trustmanager.algorithm = PKIX
	ssl.truststore.certificates = null
	ssl.truststore.location = null
	ssl.truststore.password = null
	ssl.truststore.type = JKS
	transaction.timeout.ms = 60000
	transactional.id = null
	value.serializer = class io.confluent.kafka.serializers.KafkaAvroSerializer

2025-08-06 18:53:32,414 INFO  [org.apa.kaf.com.tel.int.KafkaMetricsCollector] (main) initializing Kafka metrics collector
2025-08-06 18:53:32,414 INFO  [io.con.kaf.ser.KafkaAvroSerializerConfig] (main) KafkaAvroSerializerConfig values: 
	auto.register.schemas = false
	avro.reflection.allow.null = false
	avro.remove.java.properties = false
	avro.use.logical.type.converters = false
	basic.auth.credentials.source = URL
	basic.auth.user.info = [hidden]
	bearer.auth.cache.expiry.buffer.seconds = 300
	bearer.auth.client.id = null
	bearer.auth.client.secret = null
	bearer.auth.credentials.source = STATIC_TOKEN
	bearer.auth.custom.provider.class = null
	bearer.auth.identity.pool.id = null
	bearer.auth.issuer.endpoint.url = null
	bearer.auth.logical.cluster = null
	bearer.auth.scope = null
	bearer.auth.scope.claim.name = scope
	bearer.auth.sub.claim.name = sub
	bearer.auth.token = [hidden]
	context.name.strategy = class io.confluent.kafka.serializers.context.NullContextNameStrategy
	http.connect.timeout.ms = 60000
	http.read.timeout.ms = 60000
	id.compatibility.strict = true
	key.schema.id.deserializer = class io.confluent.kafka.serializers.schema.id.DualSchemaIdDeserializer
	key.schema.id.serializer = class io.confluent.kafka.serializers.schema.id.PrefixSchemaIdSerializer
	key.subject.name.strategy = class io.confluent.kafka.serializers.subject.TopicNameStrategy
	latest.cache.size = 1000
	latest.cache.ttl.sec = -1
	latest.compatibility.strict = true
	max.retries = 3
	max.schemas.per.subject = 1000
	normalize.schemas = false
	propagate.schema.tags = false
	proxy.host = 
	proxy.port = -1
	retries.max.wait.ms = 20000
	retries.wait.ms = 1000
	rule.actions = []
	rule.executors = []
	rule.service.loader.enable = true
	schema.format = null
	schema.reflection = false
	schema.registry.basic.auth.user.info = [hidden]
	schema.registry.ssl.cipher.suites = null
	schema.registry.ssl.enabled.protocols = [TLSv1.2, TLSv1.3]
	schema.registry.ssl.endpoint.identification.algorithm = https
	schema.registry.ssl.engine.factory.class = null
	schema.registry.ssl.key.password = null
	schema.registry.ssl.keymanager.algorithm = SunX509
	schema.registry.ssl.keystore.certificate.chain = null
	schema.registry.ssl.keystore.key = null
	schema.registry.ssl.keystore.location = null
	schema.registry.ssl.keystore.password = null
	schema.registry.ssl.keystore.type = JKS
	schema.registry.ssl.protocol = TLSv1.3
	schema.registry.ssl.provider = null
	schema.registry.ssl.secure.random.implementation = null
	schema.registry.ssl.trustmanager.algorithm = PKIX
	schema.registry.ssl.truststore.certificates = null
	schema.registry.ssl.truststore.location = null
	schema.registry.ssl.truststore.password = null
	schema.registry.ssl.truststore.type = JKS
	schema.registry.url = [http://registry-app-inmemory.apps.ci419.apicurio-testing.org:80/apis/ccompat/v7]
	schema.registry.url.randomize = false
	use.latest.version = false
	use.latest.with.metadata = null
	use.schema.id = -1
	value.schema.id.deserializer = class io.confluent.kafka.serializers.schema.id.DualSchemaIdDeserializer
	value.schema.id.serializer = class io.confluent.kafka.serializers.schema.id.PrefixSchemaIdSerializer
	value.subject.name.strategy = class io.confluent.kafka.serializers.subject.TopicNameStrategy

2025-08-06 18:53:32,416 INFO  [org.apa.kaf.cli.pro.KafkaProducer] (main) [Producer clientId=Producer-topic-91146b4c_55e1_4659_a672_a0716806f887] Instantiated an idempotent producer.
2025-08-06 18:53:32,418 INFO  [org.apa.kaf.cli.pro.ProducerConfig] (main) These configurations '[schema.registry.url, auto.register.schemas, value.subject.name.strategy]' were supplied but are not used yet.
2025-08-06 18:53:32,418 INFO  [org.apa.kaf.com.uti.AppInfoParser] (main) Kafka version: 3.9.1
2025-08-06 18:53:32,418 INFO  [org.apa.kaf.com.uti.AppInfoParser] (main) Kafka commitId: f745dfdcee2b9851
2025-08-06 18:53:32,418 INFO  [org.apa.kaf.com.uti.AppInfoParser] (main) Kafka startTimeMs: 1754506412418
2025-08-06 18:53:32,418 INFO  [io.api.tes.ser.api.SimpleSerdesTesterBuilder$SimpleSerdesTester] (main) Using producer configuration: {schema.registry.url=http://registry-app-inmemory.apps.ci419.apicurio-testing.org:80/apis/ccompat/v7, value.serializer=io.confluent.kafka.serializers.KafkaAvroSerializer, request.timeout.ms=5000, auto.register.schemas=false, acks=all, bootstrap.servers=PLAINTEXT://localhost:32769, connections.max.idle.ms=10000, key.serializer=org.apache.kafka.common.serialization.StringSerializer, value.subject.name.strategy=io.confluent.kafka.serializers.subject.TopicNameStrategy, client.id=Producer-topic-91146b4c_55e1_4659_a672_a0716806f887}
2025-08-06 18:53:32,418 INFO  [io.api.tes.ser.api.SimpleSerdesTesterBuilder$SimpleSerdesTester] (main) Using consumer configuration: {}
2025-08-06 18:53:32,419 INFO  [io.api.tes.ser.api.KafkaSerdesTester] (Thread-868) Sending message {"key1": "value-0"} to topic topic-91146b4c_55e1_4659_a672_a0716806f887
2025-08-06 18:53:32,425 WARN  [org.apa.kaf.cli.NetworkClient] (kafka-producer-network-thread | Producer-topic-91146b4c_55e1_4659_a672_a0716806f887) [Producer clientId=Producer-topic-91146b4c_55e1_4659_a672_a0716806f887] The metadata response from the cluster reported a recoverable issue with correlation id 1 : {topic-91146b4c_55e1_4659_a672_a0716806f887=UNKNOWN_TOPIC_OR_PARTITION}
2025-08-06 18:53:32,425 INFO  [org.apa.kaf.cli.Metadata] (kafka-producer-network-thread | Producer-topic-91146b4c_55e1_4659_a672_a0716806f887) [Producer clientId=Producer-topic-91146b4c_55e1_4659_a672_a0716806f887] Cluster ID: EV4Uys23RNi7BwH7MVj6Ag
2025-08-06 18:53:32,425 INFO  [org.apa.kaf.cli.pro.int.TransactionManager] (kafka-producer-network-thread | Producer-topic-91146b4c_55e1_4659_a672_a0716806f887) [Producer clientId=Producer-topic-91146b4c_55e1_4659_a672_a0716806f887] ProducerId set to 49 with epoch 0
2025-08-06 18:53:32,552 INFO  [io.api.tes.ser.api.KafkaSerdesTester] (Thread-868) Sending message {"key1": "value-1"} to topic topic-91146b4c_55e1_4659_a672_a0716806f887
2025-08-06 18:53:32,552 INFO  [io.api.tes.ser.api.KafkaSerdesTester] (Thread-868) Sending message {"key1": "value-2"} to topic topic-91146b4c_55e1_4659_a672_a0716806f887
2025-08-06 18:53:32,553 INFO  [io.api.tes.ser.api.KafkaSerdesTester] (Thread-868) Sending message {"key1": "value-3"} to topic topic-91146b4c_55e1_4659_a672_a0716806f887
2025-08-06 18:53:32,554 INFO  [io.api.tes.ser.api.KafkaSerdesTester] (Thread-868) Sending message {"key1": "value-4"} to topic topic-91146b4c_55e1_4659_a672_a0716806f887
2025-08-06 18:53:32,555 INFO  [io.api.tes.ser.api.KafkaSerdesTester] (Thread-868) Sending message {"key1": "value-5"} to topic topic-91146b4c_55e1_4659_a672_a0716806f887
2025-08-06 18:53:32,556 INFO  [io.api.tes.ser.api.KafkaSerdesTester] (Thread-868) Sending message {"key1": "value-6"} to topic topic-91146b4c_55e1_4659_a672_a0716806f887
2025-08-06 18:53:32,557 INFO  [io.api.tes.ser.api.KafkaSerdesTester] (Thread-868) Sending message {"key1": "value-7"} to topic topic-91146b4c_55e1_4659_a672_a0716806f887
2025-08-06 18:53:32,558 INFO  [io.api.tes.ser.api.KafkaSerdesTester] (Thread-868) Sending message {"key1": "value-8"} to topic topic-91146b4c_55e1_4659_a672_a0716806f887
2025-08-06 18:53:32,558 INFO  [io.api.tes.ser.api.KafkaSerdesTester] (Thread-868) Sending message {"key1": "value-9"} to topic topic-91146b4c_55e1_4659_a672_a0716806f887
2025-08-06 18:53:32,559 INFO  [io.api.tes.ser.api.KafkaSerdesTester] (Thread-868) Produced 10 messages
2025-08-06 18:53:32,559 INFO  [org.apa.kaf.cli.pro.KafkaProducer] (Thread-868) [Producer clientId=Producer-topic-91146b4c_55e1_4659_a672_a0716806f887] Closing the Kafka producer with timeoutMillis = 9223372036854775807 ms.
2025-08-06 18:53:32,560 INFO  [org.apa.kaf.com.met.Metrics] (Thread-868) Metrics scheduler closed
2025-08-06 18:53:32,560 INFO  [org.apa.kaf.com.met.Metrics] (Thread-868) Closing reporter org.apache.kafka.common.metrics.JmxReporter
2025-08-06 18:53:32,561 INFO  [org.apa.kaf.com.met.Metrics] (Thread-868) Closing reporter org.apache.kafka.common.telemetry.internals.ClientTelemetryReporter
2025-08-06 18:53:32,561 INFO  [org.apa.kaf.com.met.Metrics] (Thread-868) Metrics reporters closed
2025-08-06 18:53:32,561 INFO  [org.apa.kaf.com.uti.AppInfoParser] (Thread-868) App info kafka.producer for Producer-topic-91146b4c_55e1_4659_a672_a0716806f887 unregistered
**** Registry Base URL: http://registry-app-inmemory.apps.ci419.apicurio-testing.org:80
2025-08-06 18:53:32,561 INFO  [org.apa.kaf.cli.con.ConsumerConfig] (main) ConsumerConfig values: 
	allow.auto.create.topics = true
	auto.commit.interval.ms = 500
	auto.include.jmx.reporter = true
	auto.offset.reset = earliest
	bootstrap.servers = [PLAINTEXT://localhost:32769]
	check.crcs = true
	client.dns.lookup = use_all_dns_ips
	client.id = consumer-Consumer-topic-91146b4c_55e1_4659_a672_a0716806f887-38
	client.rack = 
	connections.max.idle.ms = 10000
	default.api.timeout.ms = 60000
	enable.auto.commit = true
	enable.metrics.push = true
	exclude.internal.topics = true
	fetch.max.bytes = 52428800
	fetch.max.wait.ms = 500
	fetch.min.bytes = 1
	group.id = Consumer-topic-91146b4c_55e1_4659_a672_a0716806f887
	group.instance.id = null
	group.protocol = classic
	group.remote.assignor = null
	heartbeat.interval.ms = 3000
	interceptor.classes = []
	internal.leave.group.on.close = true
	internal.throw.on.fetch.stable.offset.unsupported = false
	isolation.level = read_uncommitted
	key.deserializer = class org.apache.kafka.common.serialization.StringDeserializer
	max.partition.fetch.bytes = 1048576
	max.poll.interval.ms = 300000
	max.poll.records = 500
	metadata.max.age.ms = 300000
	metadata.recovery.strategy = none
	metric.reporters = []
	metrics.num.samples = 2
	metrics.recording.level = INFO
	metrics.sample.window.ms = 30000
	partition.assignment.strategy = [class org.apache.kafka.clients.consumer.RangeAssignor, class org.apache.kafka.clients.consumer.CooperativeStickyAssignor]
	receive.buffer.bytes = 65536
	reconnect.backoff.max.ms = 1000
	reconnect.backoff.ms = 50
	request.timeout.ms = 5000
	retry.backoff.max.ms = 1000
	retry.backoff.ms = 100
	sasl.client.callback.handler.class = null
	sasl.jaas.config = null
	sasl.kerberos.kinit.cmd = /usr/bin/kinit
	sasl.kerberos.min.time.before.relogin = 60000
	sasl.kerberos.service.name = null
	sasl.kerberos.ticket.renew.jitter = 0.05
	sasl.kerberos.ticket.renew.window.factor = 0.8
	sasl.login.callback.handler.class = null
	sasl.login.class = null
	sasl.login.connect.timeout.ms = null
	sasl.login.read.timeout.ms = null
	sasl.login.refresh.buffer.seconds = 300
	sasl.login.refresh.min.period.seconds = 60
	sasl.login.refresh.window.factor = 0.8
	sasl.login.refresh.window.jitter = 0.05
	sasl.login.retry.backoff.max.ms = 10000
	sasl.login.retry.backoff.ms = 100
	sasl.mechanism = GSSAPI
	sasl.oauthbearer.clock.skew.seconds = 30
	sasl.oauthbearer.expected.audience = null
	sasl.oauthbearer.expected.issuer = null
	sasl.oauthbearer.header.urlencode = false
	sasl.oauthbearer.jwks.endpoint.refresh.ms = 3600000
	sasl.oauthbearer.jwks.endpoint.retry.backoff.max.ms = 10000
	sasl.oauthbearer.jwks.endpoint.retry.backoff.ms = 100
	sasl.oauthbearer.jwks.endpoint.url = null
	sasl.oauthbearer.scope.claim.name = scope
	sasl.oauthbearer.sub.claim.name = sub
	sasl.oauthbearer.token.endpoint.url = null
	security.protocol = PLAINTEXT
	security.providers = null
	send.buffer.bytes = 131072
	session.timeout.ms = 45000
	socket.connection.setup.timeout.max.ms = 30000
	socket.connection.setup.timeout.ms = 10000
	ssl.cipher.suites = null
	ssl.enabled.protocols = [TLSv1.2, TLSv1.3]
	ssl.endpoint.identification.algorithm = https
	ssl.engine.factory.class = null
	ssl.key.password = null
	ssl.keymanager.algorithm = SunX509
	ssl.keystore.certificate.chain = null
	ssl.keystore.key = null
	ssl.keystore.location = null
	ssl.keystore.password = null
	ssl.keystore.type = JKS
	ssl.protocol = TLSv1.3
	ssl.provider = null
	ssl.secure.random.implementation = null
	ssl.trustmanager.algorithm = PKIX
	ssl.truststore.certificates = null
	ssl.truststore.location = null
	ssl.truststore.password = null
	ssl.truststore.type = JKS
	value.deserializer = class io.apicurio.registry.serde.avro.AvroKafkaDeserializer

2025-08-06 18:53:32,561 INFO  [org.apa.kaf.com.tel.int.KafkaMetricsCollector] (main) initializing Kafka metrics collector
2025-08-06 18:53:32,567 INFO  [org.apa.kaf.cli.con.ConsumerConfig] (main) These configurations '[apicurio.registry.url]' were supplied but are not used yet.
2025-08-06 18:53:32,567 INFO  [org.apa.kaf.com.uti.AppInfoParser] (main) Kafka version: 3.9.1
2025-08-06 18:53:32,567 INFO  [org.apa.kaf.com.uti.AppInfoParser] (main) Kafka commitId: f745dfdcee2b9851
2025-08-06 18:53:32,567 INFO  [org.apa.kaf.com.uti.AppInfoParser] (main) Kafka startTimeMs: 1754506412567
2025-08-06 18:53:32,567 INFO  [org.apa.kaf.cli.con.int.ClassicKafkaConsumer] (Thread-871) [Consumer clientId=consumer-Consumer-topic-91146b4c_55e1_4659_a672_a0716806f887-38, groupId=Consumer-topic-91146b4c_55e1_4659_a672_a0716806f887] Subscribed to topic(s): topic-91146b4c_55e1_4659_a672_a0716806f887
2025-08-06 18:53:32,571 INFO  [org.apa.kaf.cli.Metadata] (Thread-871) [Consumer clientId=consumer-Consumer-topic-91146b4c_55e1_4659_a672_a0716806f887-38, groupId=Consumer-topic-91146b4c_55e1_4659_a672_a0716806f887] Cluster ID: EV4Uys23RNi7BwH7MVj6Ag
2025-08-06 18:53:32,574 INFO  [org.apa.kaf.cli.con.int.ConsumerCoordinator] (Thread-871) [Consumer clientId=consumer-Consumer-topic-91146b4c_55e1_4659_a672_a0716806f887-38, groupId=Consumer-topic-91146b4c_55e1_4659_a672_a0716806f887] Discovered group coordinator localhost:32769 (id: 2147483647 rack: null)
2025-08-06 18:53:32,577 INFO  [org.apa.kaf.cli.con.int.ConsumerCoordinator] (Thread-871) [Consumer clientId=consumer-Consumer-topic-91146b4c_55e1_4659_a672_a0716806f887-38, groupId=Consumer-topic-91146b4c_55e1_4659_a672_a0716806f887] (Re-)joining group
2025-08-06 18:53:32,580 INFO  [org.apa.kaf.cli.con.int.ConsumerCoordinator] (Thread-871) [Consumer clientId=consumer-Consumer-topic-91146b4c_55e1_4659_a672_a0716806f887-38, groupId=Consumer-topic-91146b4c_55e1_4659_a672_a0716806f887] Request joining group due to: need to re-join with the given member-id: consumer-Consumer-topic-91146b4c_55e1_4659_a672_a0716806f887-38-d62f2592-54fc-4e3c-bfd5-7a55aab08d0a
2025-08-06 18:53:32,580 INFO  [org.apa.kaf.cli.con.int.ConsumerCoordinator] (Thread-871) [Consumer clientId=consumer-Consumer-topic-91146b4c_55e1_4659_a672_a0716806f887-38, groupId=Consumer-topic-91146b4c_55e1_4659_a672_a0716806f887] (Re-)joining group
2025-08-06 18:53:33,567 INFO  [io.api.tes.ser.api.KafkaSerdesTester] (Thread-871) None found
2025-08-06 18:53:34,567 INFO  [io.api.tes.ser.api.KafkaSerdesTester] (Thread-871) None found
2025-08-06 18:53:35,567 INFO  [io.api.tes.ser.api.KafkaSerdesTester] (Thread-871) None found
2025-08-06 18:53:35,582 INFO  [org.apa.kaf.cli.con.int.ConsumerCoordinator] (Thread-871) [Consumer clientId=consumer-Consumer-topic-91146b4c_55e1_4659_a672_a0716806f887-38, groupId=Consumer-topic-91146b4c_55e1_4659_a672_a0716806f887] Successfully joined group with generation Generation{generationId=1, memberId='consumer-Consumer-topic-91146b4c_55e1_4659_a672_a0716806f887-38-d62f2592-54fc-4e3c-bfd5-7a55aab08d0a', protocol='range'}
2025-08-06 18:53:35,583 INFO  [org.apa.kaf.cli.con.int.ConsumerCoordinator] (Thread-871) [Consumer clientId=consumer-Consumer-topic-91146b4c_55e1_4659_a672_a0716806f887-38, groupId=Consumer-topic-91146b4c_55e1_4659_a672_a0716806f887] Finished assignment for group at generation 1: {consumer-Consumer-topic-91146b4c_55e1_4659_a672_a0716806f887-38-d62f2592-54fc-4e3c-bfd5-7a55aab08d0a=Assignment(partitions=[topic-91146b4c_55e1_4659_a672_a0716806f887-0])}
2025-08-06 18:53:35,589 INFO  [org.apa.kaf.cli.con.int.ConsumerCoordinator] (Thread-871) [Consumer clientId=consumer-Consumer-topic-91146b4c_55e1_4659_a672_a0716806f887-38, groupId=Consumer-topic-91146b4c_55e1_4659_a672_a0716806f887] Successfully synced group in generation Generation{generationId=1, memberId='consumer-Consumer-topic-91146b4c_55e1_4659_a672_a0716806f887-38-d62f2592-54fc-4e3c-bfd5-7a55aab08d0a', protocol='range'}
2025-08-06 18:53:35,589 INFO  [org.apa.kaf.cli.con.int.ConsumerCoordinator] (Thread-871) [Consumer clientId=consumer-Consumer-topic-91146b4c_55e1_4659_a672_a0716806f887-38, groupId=Consumer-topic-91146b4c_55e1_4659_a672_a0716806f887] Notifying assignor about the new Assignment(partitions=[topic-91146b4c_55e1_4659_a672_a0716806f887-0])
2025-08-06 18:53:35,589 INFO  [org.apa.kaf.cli.con.int.ConsumerRebalanceListenerInvoker] (Thread-871) [Consumer clientId=consumer-Consumer-topic-91146b4c_55e1_4659_a672_a0716806f887-38, groupId=Consumer-topic-91146b4c_55e1_4659_a672_a0716806f887] Adding newly assigned partitions: topic-91146b4c_55e1_4659_a672_a0716806f887-0
2025-08-06 18:53:35,590 INFO  [org.apa.kaf.cli.con.int.ConsumerCoordinator] (Thread-871) [Consumer clientId=consumer-Consumer-topic-91146b4c_55e1_4659_a672_a0716806f887-38, groupId=Consumer-topic-91146b4c_55e1_4659_a672_a0716806f887] Found no committed offset for partition topic-91146b4c_55e1_4659_a672_a0716806f887-0
2025-08-06 18:53:35,593 INFO  [org.apa.kaf.cli.con.int.SubscriptionState] (Thread-871) [Consumer clientId=consumer-Consumer-topic-91146b4c_55e1_4659_a672_a0716806f887-38, groupId=Consumer-topic-91146b4c_55e1_4659_a672_a0716806f887] Resetting offset for partition topic-91146b4c_55e1_4659_a672_a0716806f887-0 to position FetchPosition{offset=0, offsetEpoch=Optional.empty, currentLeader=LeaderAndEpoch{leader=Optional[localhost:32769 (id: 0 rack: null)], epoch=0}}.
2025-08-06 18:53:35,611 INFO  [io.api.tes.ser.api.KafkaSerdesTester] (Thread-871) topic-91146b4c_55e1_4659_a672_a0716806f887 0 0 {"key1": "value-0"}
2025-08-06 18:53:35,611 INFO  [io.api.tes.ser.api.KafkaSerdesTester] (Thread-871) topic-91146b4c_55e1_4659_a672_a0716806f887 0 1 {"key1": "value-1"}
2025-08-06 18:53:35,611 INFO  [io.api.tes.ser.api.KafkaSerdesTester] (Thread-871) topic-91146b4c_55e1_4659_a672_a0716806f887 0 2 {"key1": "value-2"}
2025-08-06 18:53:35,611 INFO  [io.api.tes.ser.api.KafkaSerdesTester] (Thread-871) topic-91146b4c_55e1_4659_a672_a0716806f887 0 3 {"key1": "value-3"}
2025-08-06 18:53:35,611 INFO  [io.api.tes.ser.api.KafkaSerdesTester] (Thread-871) topic-91146b4c_55e1_4659_a672_a0716806f887 0 4 {"key1": "value-4"}
2025-08-06 18:53:35,611 INFO  [io.api.tes.ser.api.KafkaSerdesTester] (Thread-871) topic-91146b4c_55e1_4659_a672_a0716806f887 0 5 {"key1": "value-5"}
2025-08-06 18:53:35,611 INFO  [io.api.tes.ser.api.KafkaSerdesTester] (Thread-871) topic-91146b4c_55e1_4659_a672_a0716806f887 0 6 {"key1": "value-6"}
2025-08-06 18:53:35,611 INFO  [io.api.tes.ser.api.KafkaSerdesTester] (Thread-871) topic-91146b4c_55e1_4659_a672_a0716806f887 0 7 {"key1": "value-7"}
2025-08-06 18:53:35,611 INFO  [io.api.tes.ser.api.KafkaSerdesTester] (Thread-871) topic-91146b4c_55e1_4659_a672_a0716806f887 0 8 {"key1": "value-8"}
2025-08-06 18:53:35,611 INFO  [io.api.tes.ser.api.KafkaSerdesTester] (Thread-871) topic-91146b4c_55e1_4659_a672_a0716806f887 0 9 {"key1": "value-9"}
2025-08-06 18:53:35,612 INFO  [io.api.tes.ser.api.KafkaSerdesTester] (Thread-871) Consumed 10 messages
2025-08-06 18:53:35,617 INFO  [org.apa.kaf.cli.con.int.ConsumerRebalanceListenerInvoker] (Thread-871) [Consumer clientId=consumer-Consumer-topic-91146b4c_55e1_4659_a672_a0716806f887-38, groupId=Consumer-topic-91146b4c_55e1_4659_a672_a0716806f887] Revoke previously assigned partitions topic-91146b4c_55e1_4659_a672_a0716806f887-0
2025-08-06 18:53:35,618 INFO  [org.apa.kaf.cli.con.int.ConsumerCoordinator] (Thread-871) [Consumer clientId=consumer-Consumer-topic-91146b4c_55e1_4659_a672_a0716806f887-38, groupId=Consumer-topic-91146b4c_55e1_4659_a672_a0716806f887] Member consumer-Consumer-topic-91146b4c_55e1_4659_a672_a0716806f887-38-d62f2592-54fc-4e3c-bfd5-7a55aab08d0a sending LeaveGroup request to coordinator localhost:32769 (id: 2147483647 rack: null) due to the consumer is being closed
2025-08-06 18:53:35,618 INFO  [org.apa.kaf.cli.con.int.ConsumerCoordinator] (Thread-871) [Consumer clientId=consumer-Consumer-topic-91146b4c_55e1_4659_a672_a0716806f887-38, groupId=Consumer-topic-91146b4c_55e1_4659_a672_a0716806f887] Resetting generation and member id due to: consumer pro-actively leaving the group
2025-08-06 18:53:35,618 INFO  [org.apa.kaf.cli.con.int.ConsumerCoordinator] (Thread-871) [Consumer clientId=consumer-Consumer-topic-91146b4c_55e1_4659_a672_a0716806f887-38, groupId=Consumer-topic-91146b4c_55e1_4659_a672_a0716806f887] Request joining group due to: consumer pro-actively leaving the group
2025-08-06 18:53:36,114 INFO  [org.apa.kaf.com.met.Metrics] (Thread-871) Metrics scheduler closed
2025-08-06 18:53:36,114 INFO  [org.apa.kaf.com.met.Metrics] (Thread-871) Closing reporter org.apache.kafka.common.metrics.JmxReporter
2025-08-06 18:53:36,114 INFO  [org.apa.kaf.com.met.Metrics] (Thread-871) Closing reporter org.apache.kafka.common.telemetry.internals.ClientTelemetryReporter
2025-08-06 18:53:36,114 INFO  [org.apa.kaf.com.met.Metrics] (Thread-871) Metrics reporters closed
2025-08-06 18:53:36,115 INFO  [org.apa.kaf.com.uti.AppInfoParser] (Thread-871) App info kafka.consumer for consumer-Consumer-topic-91146b4c_55e1_4659_a672_a0716806f887-38 unregistered
2025-08-06 18:53:36,133 INFO  [io.api.tes.ser.con.BasicConfluentSerDesIT] (main) Deleting confluent schema topic-91146b4c_55e1_4659_a672_a0716806f887-value
2025-08-06 18:53:36,141 INFO  [io.api.tes.uti.TestSeparator] (main) io.apicurio.tests.serdes.confluent.BasicConfluentSerDesIT.testAvroConfluentApicurio-FINISHED
2025-08-06 18:53:36,141 INFO  [io.api.tes.uti.TestSeparator] (main) ############################################################################
Test passed: testAvroConfluentApicurio
]]></system-out>
  </testcase>
  <testcase name="testAvroConfluentSerDesWrongStrategyTopic" classname="io.apicurio.tests.serdes.confluent.BasicConfluentSerDesIT" time="0.071">
    <system-out><![CDATA[2025-08-06 18:53:36,142 INFO  [io.api.tes.uti.TestSeparator] (main) ############################################################################
2025-08-06 18:53:36,142 INFO  [io.api.tes.uti.TestSeparator] (main) io.apicurio.tests.serdes.confluent.BasicConfluentSerDesIT.testAvroConfluentSerDesWrongStrategyTopic-STARTED
2025-08-06 18:53:36,164 INFO  [io.api.tes.ser.con.BasicConfluentSerDesIT] (main) Checking that created schema is equal to the get schema
2025-08-06 18:53:36,171 INFO  [io.api.tes.ser.con.BasicConfluentSerDesIT] (main) Created schema with id:104 and name:myrecordconfluent3
**** Registry Base URL: http://registry-app-inmemory.apps.ci419.apicurio-testing.org:80
2025-08-06 18:53:36,172 INFO  [org.apa.kaf.cli.pro.ProducerConfig] (main) ProducerConfig values: 
	acks = -1
	auto.include.jmx.reporter = true
	batch.size = 16384
	bootstrap.servers = [PLAINTEXT://localhost:32769]
	buffer.memory = 33554432
	client.dns.lookup = use_all_dns_ips
	client.id = Producer-topic-d8b7494e_2a18_467b_9755_193ddcf33474
	compression.gzip.level = -1
	compression.lz4.level = 9
	compression.type = none
	compression.zstd.level = 3
	connections.max.idle.ms = 10000
	delivery.timeout.ms = 120000
	enable.idempotence = true
	enable.metrics.push = true
	interceptor.classes = []
	key.serializer = class org.apache.kafka.common.serialization.StringSerializer
	linger.ms = 0
	max.block.ms = 60000
	max.in.flight.requests.per.connection = 5
	max.request.size = 1048576
	metadata.max.age.ms = 300000
	metadata.max.idle.ms = 300000
	metadata.recovery.strategy = none
	metric.reporters = []
	metrics.num.samples = 2
	metrics.recording.level = INFO
	metrics.sample.window.ms = 30000
	partitioner.adaptive.partitioning.enable = true
	partitioner.availability.timeout.ms = 0
	partitioner.class = null
	partitioner.ignore.keys = false
	receive.buffer.bytes = 32768
	reconnect.backoff.max.ms = 1000
	reconnect.backoff.ms = 50
	request.timeout.ms = 5000
	retries = 2147483647
	retry.backoff.max.ms = 1000
	retry.backoff.ms = 100
	sasl.client.callback.handler.class = null
	sasl.jaas.config = null
	sasl.kerberos.kinit.cmd = /usr/bin/kinit
	sasl.kerberos.min.time.before.relogin = 60000
	sasl.kerberos.service.name = null
	sasl.kerberos.ticket.renew.jitter = 0.05
	sasl.kerberos.ticket.renew.window.factor = 0.8
	sasl.login.callback.handler.class = null
	sasl.login.class = null
	sasl.login.connect.timeout.ms = null
	sasl.login.read.timeout.ms = null
	sasl.login.refresh.buffer.seconds = 300
	sasl.login.refresh.min.period.seconds = 60
	sasl.login.refresh.window.factor = 0.8
	sasl.login.refresh.window.jitter = 0.05
	sasl.login.retry.backoff.max.ms = 10000
	sasl.login.retry.backoff.ms = 100
	sasl.mechanism = GSSAPI
	sasl.oauthbearer.clock.skew.seconds = 30
	sasl.oauthbearer.expected.audience = null
	sasl.oauthbearer.expected.issuer = null
	sasl.oauthbearer.header.urlencode = false
	sasl.oauthbearer.jwks.endpoint.refresh.ms = 3600000
	sasl.oauthbearer.jwks.endpoint.retry.backoff.max.ms = 10000
	sasl.oauthbearer.jwks.endpoint.retry.backoff.ms = 100
	sasl.oauthbearer.jwks.endpoint.url = null
	sasl.oauthbearer.scope.claim.name = scope
	sasl.oauthbearer.sub.claim.name = sub
	sasl.oauthbearer.token.endpoint.url = null
	security.protocol = PLAINTEXT
	security.providers = null
	send.buffer.bytes = 131072
	socket.connection.setup.timeout.max.ms = 30000
	socket.connection.setup.timeout.ms = 10000
	ssl.cipher.suites = null
	ssl.enabled.protocols = [TLSv1.2, TLSv1.3]
	ssl.endpoint.identification.algorithm = https
	ssl.engine.factory.class = null
	ssl.key.password = null
	ssl.keymanager.algorithm = SunX509
	ssl.keystore.certificate.chain = null
	ssl.keystore.key = null
	ssl.keystore.location = null
	ssl.keystore.password = null
	ssl.keystore.type = JKS
	ssl.protocol = TLSv1.3
	ssl.provider = null
	ssl.secure.random.implementation = null
	ssl.trustmanager.algorithm = PKIX
	ssl.truststore.certificates = null
	ssl.truststore.location = null
	ssl.truststore.password = null
	ssl.truststore.type = JKS
	transaction.timeout.ms = 60000
	transactional.id = null
	value.serializer = class io.confluent.kafka.serializers.KafkaAvroSerializer

2025-08-06 18:53:36,172 INFO  [org.apa.kaf.com.tel.int.KafkaMetricsCollector] (main) initializing Kafka metrics collector
2025-08-06 18:53:36,172 INFO  [io.con.kaf.ser.KafkaAvroSerializerConfig] (main) KafkaAvroSerializerConfig values: 
	auto.register.schemas = false
	avro.reflection.allow.null = false
	avro.remove.java.properties = false
	avro.use.logical.type.converters = false
	basic.auth.credentials.source = URL
	basic.auth.user.info = [hidden]
	bearer.auth.cache.expiry.buffer.seconds = 300
	bearer.auth.client.id = null
	bearer.auth.client.secret = null
	bearer.auth.credentials.source = STATIC_TOKEN
	bearer.auth.custom.provider.class = null
	bearer.auth.identity.pool.id = null
	bearer.auth.issuer.endpoint.url = null
	bearer.auth.logical.cluster = null
	bearer.auth.scope = null
	bearer.auth.scope.claim.name = scope
	bearer.auth.sub.claim.name = sub
	bearer.auth.token = [hidden]
	context.name.strategy = class io.confluent.kafka.serializers.context.NullContextNameStrategy
	http.connect.timeout.ms = 60000
	http.read.timeout.ms = 60000
	id.compatibility.strict = true
	key.schema.id.deserializer = class io.confluent.kafka.serializers.schema.id.DualSchemaIdDeserializer
	key.schema.id.serializer = class io.confluent.kafka.serializers.schema.id.PrefixSchemaIdSerializer
	key.subject.name.strategy = class io.confluent.kafka.serializers.subject.TopicNameStrategy
	latest.cache.size = 1000
	latest.cache.ttl.sec = -1
	latest.compatibility.strict = true
	max.retries = 3
	max.schemas.per.subject = 1000
	normalize.schemas = false
	propagate.schema.tags = false
	proxy.host = 
	proxy.port = -1
	retries.max.wait.ms = 20000
	retries.wait.ms = 1000
	rule.actions = []
	rule.executors = []
	rule.service.loader.enable = true
	schema.format = null
	schema.reflection = false
	schema.registry.basic.auth.user.info = [hidden]
	schema.registry.ssl.cipher.suites = null
	schema.registry.ssl.enabled.protocols = [TLSv1.2, TLSv1.3]
	schema.registry.ssl.endpoint.identification.algorithm = https
	schema.registry.ssl.engine.factory.class = null
	schema.registry.ssl.key.password = null
	schema.registry.ssl.keymanager.algorithm = SunX509
	schema.registry.ssl.keystore.certificate.chain = null
	schema.registry.ssl.keystore.key = null
	schema.registry.ssl.keystore.location = null
	schema.registry.ssl.keystore.password = null
	schema.registry.ssl.keystore.type = JKS
	schema.registry.ssl.protocol = TLSv1.3
	schema.registry.ssl.provider = null
	schema.registry.ssl.secure.random.implementation = null
	schema.registry.ssl.trustmanager.algorithm = PKIX
	schema.registry.ssl.truststore.certificates = null
	schema.registry.ssl.truststore.location = null
	schema.registry.ssl.truststore.password = null
	schema.registry.ssl.truststore.type = JKS
	schema.registry.url = [http://registry-app-inmemory.apps.ci419.apicurio-testing.org:80/apis/ccompat/v7]
	schema.registry.url.randomize = false
	use.latest.version = false
	use.latest.with.metadata = null
	use.schema.id = -1
	value.schema.id.deserializer = class io.confluent.kafka.serializers.schema.id.DualSchemaIdDeserializer
	value.schema.id.serializer = class io.confluent.kafka.serializers.schema.id.PrefixSchemaIdSerializer
	value.subject.name.strategy = class io.confluent.kafka.serializers.subject.TopicNameStrategy

2025-08-06 18:53:36,174 INFO  [org.apa.kaf.cli.pro.KafkaProducer] (main) [Producer clientId=Producer-topic-d8b7494e_2a18_467b_9755_193ddcf33474] Instantiated an idempotent producer.
2025-08-06 18:53:36,176 INFO  [org.apa.kaf.cli.pro.ProducerConfig] (main) These configurations '[schema.registry.url, auto.register.schemas, value.subject.name.strategy]' were supplied but are not used yet.
2025-08-06 18:53:36,176 INFO  [org.apa.kaf.com.uti.AppInfoParser] (main) Kafka version: 3.9.1
2025-08-06 18:53:36,176 INFO  [org.apa.kaf.com.uti.AppInfoParser] (main) Kafka commitId: f745dfdcee2b9851
2025-08-06 18:53:36,176 INFO  [org.apa.kaf.com.uti.AppInfoParser] (main) Kafka startTimeMs: 1754506416176
2025-08-06 18:53:36,177 INFO  [io.api.tes.ser.api.KafkaSerdesTester] (Thread-872) Sending message {"key1": "value-0"} to topic topic-d8b7494e_2a18_467b_9755_193ddcf33474
2025-08-06 18:53:36,181 INFO  [org.apa.kaf.cli.Metadata] (kafka-producer-network-thread | Producer-topic-d8b7494e_2a18_467b_9755_193ddcf33474) [Producer clientId=Producer-topic-d8b7494e_2a18_467b_9755_193ddcf33474] Cluster ID: EV4Uys23RNi7BwH7MVj6Ag
2025-08-06 18:53:36,181 INFO  [org.apa.kaf.cli.pro.int.TransactionManager] (kafka-producer-network-thread | Producer-topic-d8b7494e_2a18_467b_9755_193ddcf33474) [Producer clientId=Producer-topic-d8b7494e_2a18_467b_9755_193ddcf33474] ProducerId set to 50 with epoch 0
2025-08-06 18:53:36,192 INFO  [org.apa.kaf.cli.pro.KafkaProducer] (Thread-872) [Producer clientId=Producer-topic-d8b7494e_2a18_467b_9755_193ddcf33474] Closing the Kafka producer with timeoutMillis = 9223372036854775807 ms.
2025-08-06 18:53:36,193 INFO  [org.apa.kaf.com.met.Metrics] (Thread-872) Metrics scheduler closed
2025-08-06 18:53:36,193 INFO  [org.apa.kaf.com.met.Metrics] (Thread-872) Closing reporter org.apache.kafka.common.metrics.JmxReporter
2025-08-06 18:53:36,193 INFO  [org.apa.kaf.com.met.Metrics] (Thread-872) Closing reporter org.apache.kafka.common.telemetry.internals.ClientTelemetryReporter
2025-08-06 18:53:36,193 INFO  [org.apa.kaf.com.met.Metrics] (Thread-872) Metrics reporters closed
2025-08-06 18:53:36,194 INFO  [org.apa.kaf.com.uti.AppInfoParser] (Thread-872) App info kafka.producer for Producer-topic-d8b7494e_2a18_467b_9755_193ddcf33474 unregistered
2025-08-06 18:53:36,205 INFO  [io.api.tes.ser.con.BasicConfluentSerDesIT] (main) Deleting confluent schema myrecordconfluent3
2025-08-06 18:53:36,212 INFO  [io.api.tes.uti.TestSeparator] (main) io.apicurio.tests.serdes.confluent.BasicConfluentSerDesIT.testAvroConfluentSerDesWrongStrategyTopic-FINISHED
2025-08-06 18:53:36,212 INFO  [io.api.tes.uti.TestSeparator] (main) ############################################################################
Test passed: testAvroConfluentSerDesWrongStrategyTopic
]]></system-out>
  </testcase>
  <testcase name="testAvroApicurioConfluent" classname="io.apicurio.tests.serdes.confluent.BasicConfluentSerDesIT" time="4.62">
    <system-out><![CDATA[2025-08-06 18:53:36,213 INFO  [io.api.tes.uti.TestSeparator] (main) ############################################################################
2025-08-06 18:53:36,213 INFO  [io.api.tes.uti.TestSeparator] (main) io.apicurio.tests.serdes.confluent.BasicConfluentSerDesIT.testAvroApicurioConfluent-STARTED
**** Registry Base URL: http://registry-app-inmemory.apps.ci419.apicurio-testing.org:80
2025-08-06 18:53:37,230 INFO  [org.apa.kaf.cli.pro.ProducerConfig] (main) ProducerConfig values: 
	acks = -1
	auto.include.jmx.reporter = true
	batch.size = 16384
	bootstrap.servers = [PLAINTEXT://localhost:32769]
	buffer.memory = 33554432
	client.dns.lookup = use_all_dns_ips
	client.id = Producer-topic-6bd9e23c_d19f_4519_805a_6014523f5370
	compression.gzip.level = -1
	compression.lz4.level = 9
	compression.type = none
	compression.zstd.level = 3
	connections.max.idle.ms = 10000
	delivery.timeout.ms = 120000
	enable.idempotence = true
	enable.metrics.push = true
	interceptor.classes = []
	key.serializer = class org.apache.kafka.common.serialization.StringSerializer
	linger.ms = 0
	max.block.ms = 60000
	max.in.flight.requests.per.connection = 5
	max.request.size = 1048576
	metadata.max.age.ms = 300000
	metadata.max.idle.ms = 300000
	metadata.recovery.strategy = none
	metric.reporters = []
	metrics.num.samples = 2
	metrics.recording.level = INFO
	metrics.sample.window.ms = 30000
	partitioner.adaptive.partitioning.enable = true
	partitioner.availability.timeout.ms = 0
	partitioner.class = null
	partitioner.ignore.keys = false
	receive.buffer.bytes = 32768
	reconnect.backoff.max.ms = 1000
	reconnect.backoff.ms = 50
	request.timeout.ms = 5000
	retries = 2147483647
	retry.backoff.max.ms = 1000
	retry.backoff.ms = 100
	sasl.client.callback.handler.class = null
	sasl.jaas.config = null
	sasl.kerberos.kinit.cmd = /usr/bin/kinit
	sasl.kerberos.min.time.before.relogin = 60000
	sasl.kerberos.service.name = null
	sasl.kerberos.ticket.renew.jitter = 0.05
	sasl.kerberos.ticket.renew.window.factor = 0.8
	sasl.login.callback.handler.class = null
	sasl.login.class = null
	sasl.login.connect.timeout.ms = null
	sasl.login.read.timeout.ms = null
	sasl.login.refresh.buffer.seconds = 300
	sasl.login.refresh.min.period.seconds = 60
	sasl.login.refresh.window.factor = 0.8
	sasl.login.refresh.window.jitter = 0.05
	sasl.login.retry.backoff.max.ms = 10000
	sasl.login.retry.backoff.ms = 100
	sasl.mechanism = GSSAPI
	sasl.oauthbearer.clock.skew.seconds = 30
	sasl.oauthbearer.expected.audience = null
	sasl.oauthbearer.expected.issuer = null
	sasl.oauthbearer.header.urlencode = false
	sasl.oauthbearer.jwks.endpoint.refresh.ms = 3600000
	sasl.oauthbearer.jwks.endpoint.retry.backoff.max.ms = 10000
	sasl.oauthbearer.jwks.endpoint.retry.backoff.ms = 100
	sasl.oauthbearer.jwks.endpoint.url = null
	sasl.oauthbearer.scope.claim.name = scope
	sasl.oauthbearer.sub.claim.name = sub
	sasl.oauthbearer.token.endpoint.url = null
	security.protocol = PLAINTEXT
	security.providers = null
	send.buffer.bytes = 131072
	socket.connection.setup.timeout.max.ms = 30000
	socket.connection.setup.timeout.ms = 10000
	ssl.cipher.suites = null
	ssl.enabled.protocols = [TLSv1.2, TLSv1.3]
	ssl.endpoint.identification.algorithm = https
	ssl.engine.factory.class = null
	ssl.key.password = null
	ssl.keymanager.algorithm = SunX509
	ssl.keystore.certificate.chain = null
	ssl.keystore.key = null
	ssl.keystore.location = null
	ssl.keystore.password = null
	ssl.keystore.type = JKS
	ssl.protocol = TLSv1.3
	ssl.provider = null
	ssl.secure.random.implementation = null
	ssl.trustmanager.algorithm = PKIX
	ssl.truststore.certificates = null
	ssl.truststore.location = null
	ssl.truststore.password = null
	ssl.truststore.type = JKS
	transaction.timeout.ms = 60000
	transactional.id = null
	value.serializer = class io.apicurio.registry.serde.avro.AvroKafkaSerializer

2025-08-06 18:53:37,230 INFO  [org.apa.kaf.com.tel.int.KafkaMetricsCollector] (main) initializing Kafka metrics collector
2025-08-06 18:53:37,233 INFO  [org.apa.kaf.cli.pro.KafkaProducer] (main) [Producer clientId=Producer-topic-6bd9e23c_d19f_4519_805a_6014523f5370] Instantiated an idempotent producer.
2025-08-06 18:53:37,235 INFO  [org.apa.kaf.cli.pro.ProducerConfig] (main) These configurations '[apicurio.registry.url, apicurio.registry.artifact-resolver-strategy]' were supplied but are not used yet.
2025-08-06 18:53:37,235 INFO  [org.apa.kaf.com.uti.AppInfoParser] (main) Kafka version: 3.9.1
2025-08-06 18:53:37,235 INFO  [org.apa.kaf.com.uti.AppInfoParser] (main) Kafka commitId: f745dfdcee2b9851
2025-08-06 18:53:37,235 INFO  [org.apa.kaf.com.uti.AppInfoParser] (main) Kafka startTimeMs: 1754506417235
2025-08-06 18:53:37,235 INFO  [io.api.tes.ser.api.SimpleSerdesTesterBuilder$SimpleSerdesTester] (main) Using producer configuration: {apicurio.registry.url=http://registry-app-inmemory.apps.ci419.apicurio-testing.org:80/apis/registry/v3, apicurio.registry.artifact-resolver-strategy=io.apicurio.registry.serde.strategy.TopicIdStrategy, value.serializer=io.apicurio.registry.serde.avro.AvroKafkaSerializer, request.timeout.ms=5000, acks=all, bootstrap.servers=PLAINTEXT://localhost:32769, connections.max.idle.ms=10000, key.serializer=org.apache.kafka.common.serialization.StringSerializer, client.id=Producer-topic-6bd9e23c_d19f_4519_805a_6014523f5370}
2025-08-06 18:53:37,235 INFO  [io.api.tes.ser.api.SimpleSerdesTesterBuilder$SimpleSerdesTester] (main) Using consumer configuration: {}
2025-08-06 18:53:37,236 INFO  [io.api.tes.ser.api.KafkaSerdesTester] (Thread-875) Sending message {"key1": "value-0"} to topic topic-6bd9e23c_d19f_4519_805a_6014523f5370
2025-08-06 18:53:37,238 INFO  [org.apa.kaf.cli.Metadata] (kafka-producer-network-thread | Producer-topic-6bd9e23c_d19f_4519_805a_6014523f5370) [Producer clientId=Producer-topic-6bd9e23c_d19f_4519_805a_6014523f5370] Cluster ID: EV4Uys23RNi7BwH7MVj6Ag
2025-08-06 18:53:37,238 INFO  [org.apa.kaf.cli.pro.int.TransactionManager] (kafka-producer-network-thread | Producer-topic-6bd9e23c_d19f_4519_805a_6014523f5370) [Producer clientId=Producer-topic-6bd9e23c_d19f_4519_805a_6014523f5370] ProducerId set to 51 with epoch 0
2025-08-06 18:53:37,239 INFO  [DefaultSchemaResolver] (Thread-875) Retrieving schema content using string: {"type":"record","name":"myrecordconfluent1","fields":[{"name":"key1","type":"string"}]}
2025-08-06 18:53:37,256 INFO  [io.api.tes.ser.api.KafkaSerdesTester] (Thread-875) Sending message {"key1": "value-1"} to topic topic-6bd9e23c_d19f_4519_805a_6014523f5370
2025-08-06 18:53:37,257 INFO  [io.api.tes.ser.api.KafkaSerdesTester] (Thread-875) Sending message {"key1": "value-2"} to topic topic-6bd9e23c_d19f_4519_805a_6014523f5370
2025-08-06 18:53:37,258 INFO  [io.api.tes.ser.api.KafkaSerdesTester] (Thread-875) Sending message {"key1": "value-3"} to topic topic-6bd9e23c_d19f_4519_805a_6014523f5370
2025-08-06 18:53:37,259 INFO  [io.api.tes.ser.api.KafkaSerdesTester] (Thread-875) Sending message {"key1": "value-4"} to topic topic-6bd9e23c_d19f_4519_805a_6014523f5370
2025-08-06 18:53:37,260 INFO  [io.api.tes.ser.api.KafkaSerdesTester] (Thread-875) Sending message {"key1": "value-5"} to topic topic-6bd9e23c_d19f_4519_805a_6014523f5370
2025-08-06 18:53:37,261 INFO  [io.api.tes.ser.api.KafkaSerdesTester] (Thread-875) Sending message {"key1": "value-6"} to topic topic-6bd9e23c_d19f_4519_805a_6014523f5370
2025-08-06 18:53:37,261 INFO  [io.api.tes.ser.api.KafkaSerdesTester] (Thread-875) Sending message {"key1": "value-7"} to topic topic-6bd9e23c_d19f_4519_805a_6014523f5370
2025-08-06 18:53:37,262 INFO  [io.api.tes.ser.api.KafkaSerdesTester] (Thread-875) Sending message {"key1": "value-8"} to topic topic-6bd9e23c_d19f_4519_805a_6014523f5370
2025-08-06 18:53:37,263 INFO  [io.api.tes.ser.api.KafkaSerdesTester] (Thread-875) Sending message {"key1": "value-9"} to topic topic-6bd9e23c_d19f_4519_805a_6014523f5370
2025-08-06 18:53:37,264 INFO  [io.api.tes.ser.api.KafkaSerdesTester] (Thread-875) Produced 10 messages
2025-08-06 18:53:37,264 INFO  [org.apa.kaf.cli.pro.KafkaProducer] (Thread-875) [Producer clientId=Producer-topic-6bd9e23c_d19f_4519_805a_6014523f5370] Closing the Kafka producer with timeoutMillis = 9223372036854775807 ms.
2025-08-06 18:53:37,265 INFO  [org.apa.kaf.com.met.Metrics] (Thread-875) Metrics scheduler closed
2025-08-06 18:53:37,265 INFO  [org.apa.kaf.com.met.Metrics] (Thread-875) Closing reporter org.apache.kafka.common.metrics.JmxReporter
2025-08-06 18:53:37,265 INFO  [org.apa.kaf.com.met.Metrics] (Thread-875) Closing reporter org.apache.kafka.common.telemetry.internals.ClientTelemetryReporter
2025-08-06 18:53:37,265 INFO  [org.apa.kaf.com.met.Metrics] (Thread-875) Metrics reporters closed
2025-08-06 18:53:37,265 INFO  [org.apa.kaf.com.uti.AppInfoParser] (Thread-875) App info kafka.producer for Producer-topic-6bd9e23c_d19f_4519_805a_6014523f5370 unregistered
**** Registry Base URL: http://registry-app-inmemory.apps.ci419.apicurio-testing.org:80
2025-08-06 18:53:37,266 INFO  [org.apa.kaf.cli.con.ConsumerConfig] (main) ConsumerConfig values: 
	allow.auto.create.topics = true
	auto.commit.interval.ms = 500
	auto.include.jmx.reporter = true
	auto.offset.reset = earliest
	bootstrap.servers = [PLAINTEXT://localhost:32769]
	check.crcs = true
	client.dns.lookup = use_all_dns_ips
	client.id = consumer-Consumer-topic-6bd9e23c_d19f_4519_805a_6014523f5370-39
	client.rack = 
	connections.max.idle.ms = 10000
	default.api.timeout.ms = 60000
	enable.auto.commit = true
	enable.metrics.push = true
	exclude.internal.topics = true
	fetch.max.bytes = 52428800
	fetch.max.wait.ms = 500
	fetch.min.bytes = 1
	group.id = Consumer-topic-6bd9e23c_d19f_4519_805a_6014523f5370
	group.instance.id = null
	group.protocol = classic
	group.remote.assignor = null
	heartbeat.interval.ms = 3000
	interceptor.classes = []
	internal.leave.group.on.close = true
	internal.throw.on.fetch.stable.offset.unsupported = false
	isolation.level = read_uncommitted
	key.deserializer = class org.apache.kafka.common.serialization.StringDeserializer
	max.partition.fetch.bytes = 1048576
	max.poll.interval.ms = 300000
	max.poll.records = 500
	metadata.max.age.ms = 300000
	metadata.recovery.strategy = none
	metric.reporters = []
	metrics.num.samples = 2
	metrics.recording.level = INFO
	metrics.sample.window.ms = 30000
	partition.assignment.strategy = [class org.apache.kafka.clients.consumer.RangeAssignor, class org.apache.kafka.clients.consumer.CooperativeStickyAssignor]
	receive.buffer.bytes = 65536
	reconnect.backoff.max.ms = 1000
	reconnect.backoff.ms = 50
	request.timeout.ms = 5000
	retry.backoff.max.ms = 1000
	retry.backoff.ms = 100
	sasl.client.callback.handler.class = null
	sasl.jaas.config = null
	sasl.kerberos.kinit.cmd = /usr/bin/kinit
	sasl.kerberos.min.time.before.relogin = 60000
	sasl.kerberos.service.name = null
	sasl.kerberos.ticket.renew.jitter = 0.05
	sasl.kerberos.ticket.renew.window.factor = 0.8
	sasl.login.callback.handler.class = null
	sasl.login.class = null
	sasl.login.connect.timeout.ms = null
	sasl.login.read.timeout.ms = null
	sasl.login.refresh.buffer.seconds = 300
	sasl.login.refresh.min.period.seconds = 60
	sasl.login.refresh.window.factor = 0.8
	sasl.login.refresh.window.jitter = 0.05
	sasl.login.retry.backoff.max.ms = 10000
	sasl.login.retry.backoff.ms = 100
	sasl.mechanism = GSSAPI
	sasl.oauthbearer.clock.skew.seconds = 30
	sasl.oauthbearer.expected.audience = null
	sasl.oauthbearer.expected.issuer = null
	sasl.oauthbearer.header.urlencode = false
	sasl.oauthbearer.jwks.endpoint.refresh.ms = 3600000
	sasl.oauthbearer.jwks.endpoint.retry.backoff.max.ms = 10000
	sasl.oauthbearer.jwks.endpoint.retry.backoff.ms = 100
	sasl.oauthbearer.jwks.endpoint.url = null
	sasl.oauthbearer.scope.claim.name = scope
	sasl.oauthbearer.sub.claim.name = sub
	sasl.oauthbearer.token.endpoint.url = null
	security.protocol = PLAINTEXT
	security.providers = null
	send.buffer.bytes = 131072
	session.timeout.ms = 45000
	socket.connection.setup.timeout.max.ms = 30000
	socket.connection.setup.timeout.ms = 10000
	ssl.cipher.suites = null
	ssl.enabled.protocols = [TLSv1.2, TLSv1.3]
	ssl.endpoint.identification.algorithm = https
	ssl.engine.factory.class = null
	ssl.key.password = null
	ssl.keymanager.algorithm = SunX509
	ssl.keystore.certificate.chain = null
	ssl.keystore.key = null
	ssl.keystore.location = null
	ssl.keystore.password = null
	ssl.keystore.type = JKS
	ssl.protocol = TLSv1.3
	ssl.provider = null
	ssl.secure.random.implementation = null
	ssl.trustmanager.algorithm = PKIX
	ssl.truststore.certificates = null
	ssl.truststore.location = null
	ssl.truststore.password = null
	ssl.truststore.type = JKS
	value.deserializer = class io.confluent.kafka.serializers.KafkaAvroDeserializer

2025-08-06 18:53:37,266 INFO  [org.apa.kaf.com.tel.int.KafkaMetricsCollector] (main) initializing Kafka metrics collector
2025-08-06 18:53:37,266 INFO  [io.con.kaf.ser.KafkaAvroDeserializerConfig] (main) KafkaAvroDeserializerConfig values: 
	auto.register.schemas = true
	avro.reflection.allow.null = false
	avro.use.logical.type.converters = false
	basic.auth.credentials.source = URL
	basic.auth.user.info = [hidden]
	bearer.auth.cache.expiry.buffer.seconds = 300
	bearer.auth.client.id = null
	bearer.auth.client.secret = null
	bearer.auth.credentials.source = STATIC_TOKEN
	bearer.auth.custom.provider.class = null
	bearer.auth.identity.pool.id = null
	bearer.auth.issuer.endpoint.url = null
	bearer.auth.logical.cluster = null
	bearer.auth.scope = null
	bearer.auth.scope.claim.name = scope
	bearer.auth.sub.claim.name = sub
	bearer.auth.token = [hidden]
	context.name.strategy = class io.confluent.kafka.serializers.context.NullContextNameStrategy
	http.connect.timeout.ms = 60000
	http.read.timeout.ms = 60000
	id.compatibility.strict = true
	key.schema.id.deserializer = class io.confluent.kafka.serializers.schema.id.DualSchemaIdDeserializer
	key.schema.id.serializer = class io.confluent.kafka.serializers.schema.id.PrefixSchemaIdSerializer
	key.subject.name.strategy = class io.confluent.kafka.serializers.subject.TopicNameStrategy
	latest.cache.size = 1000
	latest.cache.ttl.sec = -1
	latest.compatibility.strict = true
	max.retries = 3
	max.schemas.per.subject = 1000
	normalize.schemas = false
	propagate.schema.tags = false
	proxy.host = 
	proxy.port = -1
	retries.max.wait.ms = 20000
	retries.wait.ms = 1000
	rule.actions = []
	rule.executors = []
	rule.service.loader.enable = true
	schema.format = null
	schema.reflection = false
	schema.registry.basic.auth.user.info = [hidden]
	schema.registry.ssl.cipher.suites = null
	schema.registry.ssl.enabled.protocols = [TLSv1.2, TLSv1.3]
	schema.registry.ssl.endpoint.identification.algorithm = https
	schema.registry.ssl.engine.factory.class = null
	schema.registry.ssl.key.password = null
	schema.registry.ssl.keymanager.algorithm = SunX509
	schema.registry.ssl.keystore.certificate.chain = null
	schema.registry.ssl.keystore.key = null
	schema.registry.ssl.keystore.location = null
	schema.registry.ssl.keystore.password = null
	schema.registry.ssl.keystore.type = JKS
	schema.registry.ssl.protocol = TLSv1.3
	schema.registry.ssl.provider = null
	schema.registry.ssl.secure.random.implementation = null
	schema.registry.ssl.trustmanager.algorithm = PKIX
	schema.registry.ssl.truststore.certificates = null
	schema.registry.ssl.truststore.location = null
	schema.registry.ssl.truststore.password = null
	schema.registry.ssl.truststore.type = JKS
	schema.registry.url = [http://registry-app-inmemory.apps.ci419.apicurio-testing.org:80/apis/ccompat/v7]
	schema.registry.url.randomize = false
	specific.avro.key.type = null
	specific.avro.reader = false
	specific.avro.value.type = null
	use.latest.version = false
	use.latest.with.metadata = null
	use.schema.id = -1
	value.schema.id.deserializer = class io.confluent.kafka.serializers.schema.id.DualSchemaIdDeserializer
	value.schema.id.serializer = class io.confluent.kafka.serializers.schema.id.PrefixSchemaIdSerializer
	value.subject.name.strategy = class io.confluent.kafka.serializers.subject.TopicNameStrategy

2025-08-06 18:53:37,269 INFO  [org.apa.kaf.cli.con.ConsumerConfig] (main) These configurations '[schema.registry.url]' were supplied but are not used yet.
2025-08-06 18:53:37,269 INFO  [org.apa.kaf.com.uti.AppInfoParser] (main) Kafka version: 3.9.1
2025-08-06 18:53:37,269 INFO  [org.apa.kaf.com.uti.AppInfoParser] (main) Kafka commitId: f745dfdcee2b9851
2025-08-06 18:53:37,269 INFO  [org.apa.kaf.com.uti.AppInfoParser] (main) Kafka startTimeMs: 1754506417269
2025-08-06 18:53:37,270 INFO  [org.apa.kaf.cli.con.int.ClassicKafkaConsumer] (Thread-876) [Consumer clientId=consumer-Consumer-topic-6bd9e23c_d19f_4519_805a_6014523f5370-39, groupId=Consumer-topic-6bd9e23c_d19f_4519_805a_6014523f5370] Subscribed to topic(s): topic-6bd9e23c_d19f_4519_805a_6014523f5370
2025-08-06 18:53:37,275 INFO  [org.apa.kaf.cli.Metadata] (Thread-876) [Consumer clientId=consumer-Consumer-topic-6bd9e23c_d19f_4519_805a_6014523f5370-39, groupId=Consumer-topic-6bd9e23c_d19f_4519_805a_6014523f5370] Cluster ID: EV4Uys23RNi7BwH7MVj6Ag
2025-08-06 18:53:37,277 INFO  [org.apa.kaf.cli.con.int.ConsumerCoordinator] (Thread-876) [Consumer clientId=consumer-Consumer-topic-6bd9e23c_d19f_4519_805a_6014523f5370-39, groupId=Consumer-topic-6bd9e23c_d19f_4519_805a_6014523f5370] Discovered group coordinator localhost:32769 (id: 2147483647 rack: null)
2025-08-06 18:53:37,278 INFO  [org.apa.kaf.cli.con.int.ConsumerCoordinator] (Thread-876) [Consumer clientId=consumer-Consumer-topic-6bd9e23c_d19f_4519_805a_6014523f5370-39, groupId=Consumer-topic-6bd9e23c_d19f_4519_805a_6014523f5370] (Re-)joining group
2025-08-06 18:53:37,281 INFO  [org.apa.kaf.cli.con.int.ConsumerCoordinator] (Thread-876) [Consumer clientId=consumer-Consumer-topic-6bd9e23c_d19f_4519_805a_6014523f5370-39, groupId=Consumer-topic-6bd9e23c_d19f_4519_805a_6014523f5370] Request joining group due to: need to re-join with the given member-id: consumer-Consumer-topic-6bd9e23c_d19f_4519_805a_6014523f5370-39-121424c6-ef1b-4e05-83f5-d7ad97a4f39a
2025-08-06 18:53:37,281 INFO  [org.apa.kaf.cli.con.int.ConsumerCoordinator] (Thread-876) [Consumer clientId=consumer-Consumer-topic-6bd9e23c_d19f_4519_805a_6014523f5370-39, groupId=Consumer-topic-6bd9e23c_d19f_4519_805a_6014523f5370] (Re-)joining group
2025-08-06 18:53:38,270 INFO  [io.api.tes.ser.api.KafkaSerdesTester] (Thread-876) None found
2025-08-06 18:53:39,270 INFO  [io.api.tes.ser.api.KafkaSerdesTester] (Thread-876) None found
2025-08-06 18:53:40,271 INFO  [io.api.tes.ser.api.KafkaSerdesTester] (Thread-876) None found
2025-08-06 18:53:40,283 INFO  [org.apa.kaf.cli.con.int.ConsumerCoordinator] (Thread-876) [Consumer clientId=consumer-Consumer-topic-6bd9e23c_d19f_4519_805a_6014523f5370-39, groupId=Consumer-topic-6bd9e23c_d19f_4519_805a_6014523f5370] Successfully joined group with generation Generation{generationId=1, memberId='consumer-Consumer-topic-6bd9e23c_d19f_4519_805a_6014523f5370-39-121424c6-ef1b-4e05-83f5-d7ad97a4f39a', protocol='range'}
2025-08-06 18:53:40,284 INFO  [org.apa.kaf.cli.con.int.ConsumerCoordinator] (Thread-876) [Consumer clientId=consumer-Consumer-topic-6bd9e23c_d19f_4519_805a_6014523f5370-39, groupId=Consumer-topic-6bd9e23c_d19f_4519_805a_6014523f5370] Finished assignment for group at generation 1: {consumer-Consumer-topic-6bd9e23c_d19f_4519_805a_6014523f5370-39-121424c6-ef1b-4e05-83f5-d7ad97a4f39a=Assignment(partitions=[topic-6bd9e23c_d19f_4519_805a_6014523f5370-0])}
2025-08-06 18:53:40,290 INFO  [org.apa.kaf.cli.con.int.ConsumerCoordinator] (Thread-876) [Consumer clientId=consumer-Consumer-topic-6bd9e23c_d19f_4519_805a_6014523f5370-39, groupId=Consumer-topic-6bd9e23c_d19f_4519_805a_6014523f5370] Successfully synced group in generation Generation{generationId=1, memberId='consumer-Consumer-topic-6bd9e23c_d19f_4519_805a_6014523f5370-39-121424c6-ef1b-4e05-83f5-d7ad97a4f39a', protocol='range'}
2025-08-06 18:53:40,290 INFO  [org.apa.kaf.cli.con.int.ConsumerCoordinator] (Thread-876) [Consumer clientId=consumer-Consumer-topic-6bd9e23c_d19f_4519_805a_6014523f5370-39, groupId=Consumer-topic-6bd9e23c_d19f_4519_805a_6014523f5370] Notifying assignor about the new Assignment(partitions=[topic-6bd9e23c_d19f_4519_805a_6014523f5370-0])
2025-08-06 18:53:40,290 INFO  [org.apa.kaf.cli.con.int.ConsumerRebalanceListenerInvoker] (Thread-876) [Consumer clientId=consumer-Consumer-topic-6bd9e23c_d19f_4519_805a_6014523f5370-39, groupId=Consumer-topic-6bd9e23c_d19f_4519_805a_6014523f5370] Adding newly assigned partitions: topic-6bd9e23c_d19f_4519_805a_6014523f5370-0
2025-08-06 18:53:40,290 INFO  [org.apa.kaf.cli.con.int.ConsumerCoordinator] (Thread-876) [Consumer clientId=consumer-Consumer-topic-6bd9e23c_d19f_4519_805a_6014523f5370-39, groupId=Consumer-topic-6bd9e23c_d19f_4519_805a_6014523f5370] Found no committed offset for partition topic-6bd9e23c_d19f_4519_805a_6014523f5370-0
2025-08-06 18:53:40,291 INFO  [org.apa.kaf.cli.con.int.SubscriptionState] (Thread-876) [Consumer clientId=consumer-Consumer-topic-6bd9e23c_d19f_4519_805a_6014523f5370-39, groupId=Consumer-topic-6bd9e23c_d19f_4519_805a_6014523f5370] Resetting offset for partition topic-6bd9e23c_d19f_4519_805a_6014523f5370-0 to position FetchPosition{offset=0, offsetEpoch=Optional.empty, currentLeader=LeaderAndEpoch{leader=Optional[localhost:32769 (id: 0 rack: null)], epoch=0}}.
2025-08-06 18:53:40,302 INFO  [io.api.tes.ser.api.KafkaSerdesTester] (Thread-876) topic-6bd9e23c_d19f_4519_805a_6014523f5370 0 0 {"key1": "value-0"}
2025-08-06 18:53:40,302 INFO  [io.api.tes.ser.api.KafkaSerdesTester] (Thread-876) topic-6bd9e23c_d19f_4519_805a_6014523f5370 0 1 {"key1": "value-1"}
2025-08-06 18:53:40,302 INFO  [io.api.tes.ser.api.KafkaSerdesTester] (Thread-876) topic-6bd9e23c_d19f_4519_805a_6014523f5370 0 2 {"key1": "value-2"}
2025-08-06 18:53:40,302 INFO  [io.api.tes.ser.api.KafkaSerdesTester] (Thread-876) topic-6bd9e23c_d19f_4519_805a_6014523f5370 0 3 {"key1": "value-3"}
2025-08-06 18:53:40,302 INFO  [io.api.tes.ser.api.KafkaSerdesTester] (Thread-876) topic-6bd9e23c_d19f_4519_805a_6014523f5370 0 4 {"key1": "value-4"}
2025-08-06 18:53:40,303 INFO  [io.api.tes.ser.api.KafkaSerdesTester] (Thread-876) topic-6bd9e23c_d19f_4519_805a_6014523f5370 0 5 {"key1": "value-5"}
2025-08-06 18:53:40,303 INFO  [io.api.tes.ser.api.KafkaSerdesTester] (Thread-876) topic-6bd9e23c_d19f_4519_805a_6014523f5370 0 6 {"key1": "value-6"}
2025-08-06 18:53:40,303 INFO  [io.api.tes.ser.api.KafkaSerdesTester] (Thread-876) topic-6bd9e23c_d19f_4519_805a_6014523f5370 0 7 {"key1": "value-7"}
2025-08-06 18:53:40,303 INFO  [io.api.tes.ser.api.KafkaSerdesTester] (Thread-876) topic-6bd9e23c_d19f_4519_805a_6014523f5370 0 8 {"key1": "value-8"}
2025-08-06 18:53:40,303 INFO  [io.api.tes.ser.api.KafkaSerdesTester] (Thread-876) topic-6bd9e23c_d19f_4519_805a_6014523f5370 0 9 {"key1": "value-9"}
2025-08-06 18:53:40,303 INFO  [io.api.tes.ser.api.KafkaSerdesTester] (Thread-876) Consumed 10 messages
2025-08-06 18:53:40,308 INFO  [org.apa.kaf.cli.con.int.ConsumerRebalanceListenerInvoker] (Thread-876) [Consumer clientId=consumer-Consumer-topic-6bd9e23c_d19f_4519_805a_6014523f5370-39, groupId=Consumer-topic-6bd9e23c_d19f_4519_805a_6014523f5370] Revoke previously assigned partitions topic-6bd9e23c_d19f_4519_805a_6014523f5370-0
2025-08-06 18:53:40,308 INFO  [org.apa.kaf.cli.con.int.ConsumerCoordinator] (Thread-876) [Consumer clientId=consumer-Consumer-topic-6bd9e23c_d19f_4519_805a_6014523f5370-39, groupId=Consumer-topic-6bd9e23c_d19f_4519_805a_6014523f5370] Member consumer-Consumer-topic-6bd9e23c_d19f_4519_805a_6014523f5370-39-121424c6-ef1b-4e05-83f5-d7ad97a4f39a sending LeaveGroup request to coordinator localhost:32769 (id: 2147483647 rack: null) due to the consumer is being closed
2025-08-06 18:53:40,308 INFO  [org.apa.kaf.cli.con.int.ConsumerCoordinator] (Thread-876) [Consumer clientId=consumer-Consumer-topic-6bd9e23c_d19f_4519_805a_6014523f5370-39, groupId=Consumer-topic-6bd9e23c_d19f_4519_805a_6014523f5370] Resetting generation and member id due to: consumer pro-actively leaving the group
2025-08-06 18:53:40,308 INFO  [org.apa.kaf.cli.con.int.ConsumerCoordinator] (Thread-876) [Consumer clientId=consumer-Consumer-topic-6bd9e23c_d19f_4519_805a_6014523f5370-39, groupId=Consumer-topic-6bd9e23c_d19f_4519_805a_6014523f5370] Request joining group due to: consumer pro-actively leaving the group
2025-08-06 18:53:40,804 INFO  [org.apa.kaf.com.met.Metrics] (Thread-876) Metrics scheduler closed
2025-08-06 18:53:40,804 INFO  [org.apa.kaf.com.met.Metrics] (Thread-876) Closing reporter org.apache.kafka.common.metrics.JmxReporter
2025-08-06 18:53:40,804 INFO  [org.apa.kaf.com.met.Metrics] (Thread-876) Closing reporter org.apache.kafka.common.telemetry.internals.ClientTelemetryReporter
2025-08-06 18:53:40,804 INFO  [org.apa.kaf.com.met.Metrics] (Thread-876) Metrics reporters closed
2025-08-06 18:53:40,806 INFO  [org.apa.kaf.com.uti.AppInfoParser] (Thread-876) App info kafka.consumer for consumer-Consumer-topic-6bd9e23c_d19f_4519_805a_6014523f5370-39 unregistered
2025-08-06 18:53:40,825 INFO  [io.api.tes.ser.con.BasicConfluentSerDesIT] (main) Deleting confluent schema topic-6bd9e23c_d19f_4519_805a_6014523f5370-value
2025-08-06 18:53:40,832 INFO  [io.api.tes.uti.TestSeparator] (main) io.apicurio.tests.serdes.confluent.BasicConfluentSerDesIT.testAvroApicurioConfluent-FINISHED
2025-08-06 18:53:40,832 INFO  [io.api.tes.uti.TestSeparator] (main) ############################################################################
Test passed: testAvroApicurioConfluent
]]></system-out>
  </testcase>
  <testcase name="testAvroConfluentSerDesFail" classname="io.apicurio.tests.serdes.confluent.BasicConfluentSerDesIT" time="0.07">
    <system-out><![CDATA[2025-08-06 18:53:40,834 INFO  [io.api.tes.uti.TestSeparator] (main) ############################################################################
2025-08-06 18:53:40,834 INFO  [io.api.tes.uti.TestSeparator] (main) io.apicurio.tests.serdes.confluent.BasicConfluentSerDesIT.testAvroConfluentSerDesFail-STARTED
2025-08-06 18:53:40,853 INFO  [io.api.tes.ser.con.BasicConfluentSerDesIT] (main) Checking that created schema is equal to the get schema
2025-08-06 18:53:40,860 INFO  [io.api.tes.ser.con.BasicConfluentSerDesIT] (main) Created schema with id:106 and name:myrecordconfluent2
**** Registry Base URL: http://registry-app-inmemory.apps.ci419.apicurio-testing.org:80
2025-08-06 18:53:40,860 INFO  [org.apa.kaf.cli.pro.ProducerConfig] (main) ProducerConfig values: 
	acks = -1
	auto.include.jmx.reporter = true
	batch.size = 16384
	bootstrap.servers = [PLAINTEXT://localhost:32769]
	buffer.memory = 33554432
	client.dns.lookup = use_all_dns_ips
	client.id = Producer-topic-a0eb579e_75d4_474b_aa8e_d847adfc0a08
	compression.gzip.level = -1
	compression.lz4.level = 9
	compression.type = none
	compression.zstd.level = 3
	connections.max.idle.ms = 10000
	delivery.timeout.ms = 120000
	enable.idempotence = true
	enable.metrics.push = true
	interceptor.classes = []
	key.serializer = class org.apache.kafka.common.serialization.StringSerializer
	linger.ms = 0
	max.block.ms = 60000
	max.in.flight.requests.per.connection = 5
	max.request.size = 1048576
	metadata.max.age.ms = 300000
	metadata.max.idle.ms = 300000
	metadata.recovery.strategy = none
	metric.reporters = []
	metrics.num.samples = 2
	metrics.recording.level = INFO
	metrics.sample.window.ms = 30000
	partitioner.adaptive.partitioning.enable = true
	partitioner.availability.timeout.ms = 0
	partitioner.class = null
	partitioner.ignore.keys = false
	receive.buffer.bytes = 32768
	reconnect.backoff.max.ms = 1000
	reconnect.backoff.ms = 50
	request.timeout.ms = 5000
	retries = 2147483647
	retry.backoff.max.ms = 1000
	retry.backoff.ms = 100
	sasl.client.callback.handler.class = null
	sasl.jaas.config = null
	sasl.kerberos.kinit.cmd = /usr/bin/kinit
	sasl.kerberos.min.time.before.relogin = 60000
	sasl.kerberos.service.name = null
	sasl.kerberos.ticket.renew.jitter = 0.05
	sasl.kerberos.ticket.renew.window.factor = 0.8
	sasl.login.callback.handler.class = null
	sasl.login.class = null
	sasl.login.connect.timeout.ms = null
	sasl.login.read.timeout.ms = null
	sasl.login.refresh.buffer.seconds = 300
	sasl.login.refresh.min.period.seconds = 60
	sasl.login.refresh.window.factor = 0.8
	sasl.login.refresh.window.jitter = 0.05
	sasl.login.retry.backoff.max.ms = 10000
	sasl.login.retry.backoff.ms = 100
	sasl.mechanism = GSSAPI
	sasl.oauthbearer.clock.skew.seconds = 30
	sasl.oauthbearer.expected.audience = null
	sasl.oauthbearer.expected.issuer = null
	sasl.oauthbearer.header.urlencode = false
	sasl.oauthbearer.jwks.endpoint.refresh.ms = 3600000
	sasl.oauthbearer.jwks.endpoint.retry.backoff.max.ms = 10000
	sasl.oauthbearer.jwks.endpoint.retry.backoff.ms = 100
	sasl.oauthbearer.jwks.endpoint.url = null
	sasl.oauthbearer.scope.claim.name = scope
	sasl.oauthbearer.sub.claim.name = sub
	sasl.oauthbearer.token.endpoint.url = null
	security.protocol = PLAINTEXT
	security.providers = null
	send.buffer.bytes = 131072
	socket.connection.setup.timeout.max.ms = 30000
	socket.connection.setup.timeout.ms = 10000
	ssl.cipher.suites = null
	ssl.enabled.protocols = [TLSv1.2, TLSv1.3]
	ssl.endpoint.identification.algorithm = https
	ssl.engine.factory.class = null
	ssl.key.password = null
	ssl.keymanager.algorithm = SunX509
	ssl.keystore.certificate.chain = null
	ssl.keystore.key = null
	ssl.keystore.location = null
	ssl.keystore.password = null
	ssl.keystore.type = JKS
	ssl.protocol = TLSv1.3
	ssl.provider = null
	ssl.secure.random.implementation = null
	ssl.trustmanager.algorithm = PKIX
	ssl.truststore.certificates = null
	ssl.truststore.location = null
	ssl.truststore.password = null
	ssl.truststore.type = JKS
	transaction.timeout.ms = 60000
	transactional.id = null
	value.serializer = class io.confluent.kafka.serializers.KafkaAvroSerializer

2025-08-06 18:53:40,861 INFO  [org.apa.kaf.com.tel.int.KafkaMetricsCollector] (main) initializing Kafka metrics collector
2025-08-06 18:53:40,861 INFO  [io.con.kaf.ser.KafkaAvroSerializerConfig] (main) KafkaAvroSerializerConfig values: 
	auto.register.schemas = false
	avro.reflection.allow.null = false
	avro.remove.java.properties = false
	avro.use.logical.type.converters = false
	basic.auth.credentials.source = URL
	basic.auth.user.info = [hidden]
	bearer.auth.cache.expiry.buffer.seconds = 300
	bearer.auth.client.id = null
	bearer.auth.client.secret = null
	bearer.auth.credentials.source = STATIC_TOKEN
	bearer.auth.custom.provider.class = null
	bearer.auth.identity.pool.id = null
	bearer.auth.issuer.endpoint.url = null
	bearer.auth.logical.cluster = null
	bearer.auth.scope = null
	bearer.auth.scope.claim.name = scope
	bearer.auth.sub.claim.name = sub
	bearer.auth.token = [hidden]
	context.name.strategy = class io.confluent.kafka.serializers.context.NullContextNameStrategy
	http.connect.timeout.ms = 60000
	http.read.timeout.ms = 60000
	id.compatibility.strict = true
	key.schema.id.deserializer = class io.confluent.kafka.serializers.schema.id.DualSchemaIdDeserializer
	key.schema.id.serializer = class io.confluent.kafka.serializers.schema.id.PrefixSchemaIdSerializer
	key.subject.name.strategy = class io.confluent.kafka.serializers.subject.TopicNameStrategy
	latest.cache.size = 1000
	latest.cache.ttl.sec = -1
	latest.compatibility.strict = true
	max.retries = 3
	max.schemas.per.subject = 1000
	normalize.schemas = false
	propagate.schema.tags = false
	proxy.host = 
	proxy.port = -1
	retries.max.wait.ms = 20000
	retries.wait.ms = 1000
	rule.actions = []
	rule.executors = []
	rule.service.loader.enable = true
	schema.format = null
	schema.reflection = false
	schema.registry.basic.auth.user.info = [hidden]
	schema.registry.ssl.cipher.suites = null
	schema.registry.ssl.enabled.protocols = [TLSv1.2, TLSv1.3]
	schema.registry.ssl.endpoint.identification.algorithm = https
	schema.registry.ssl.engine.factory.class = null
	schema.registry.ssl.key.password = null
	schema.registry.ssl.keymanager.algorithm = SunX509
	schema.registry.ssl.keystore.certificate.chain = null
	schema.registry.ssl.keystore.key = null
	schema.registry.ssl.keystore.location = null
	schema.registry.ssl.keystore.password = null
	schema.registry.ssl.keystore.type = JKS
	schema.registry.ssl.protocol = TLSv1.3
	schema.registry.ssl.provider = null
	schema.registry.ssl.secure.random.implementation = null
	schema.registry.ssl.trustmanager.algorithm = PKIX
	schema.registry.ssl.truststore.certificates = null
	schema.registry.ssl.truststore.location = null
	schema.registry.ssl.truststore.password = null
	schema.registry.ssl.truststore.type = JKS
	schema.registry.url = [http://registry-app-inmemory.apps.ci419.apicurio-testing.org:80/apis/ccompat/v7]
	schema.registry.url.randomize = false
	use.latest.version = false
	use.latest.with.metadata = null
	use.schema.id = -1
	value.schema.id.deserializer = class io.confluent.kafka.serializers.schema.id.DualSchemaIdDeserializer
	value.schema.id.serializer = class io.confluent.kafka.serializers.schema.id.PrefixSchemaIdSerializer
	value.subject.name.strategy = class io.confluent.kafka.serializers.subject.RecordNameStrategy

2025-08-06 18:53:40,862 INFO  [org.apa.kaf.cli.pro.KafkaProducer] (main) [Producer clientId=Producer-topic-a0eb579e_75d4_474b_aa8e_d847adfc0a08] Instantiated an idempotent producer.
2025-08-06 18:53:40,867 INFO  [org.apa.kaf.cli.pro.ProducerConfig] (main) These configurations '[schema.registry.url, auto.register.schemas, value.subject.name.strategy]' were supplied but are not used yet.
2025-08-06 18:53:40,867 INFO  [org.apa.kaf.com.uti.AppInfoParser] (main) Kafka version: 3.9.1
2025-08-06 18:53:40,868 INFO  [org.apa.kaf.com.uti.AppInfoParser] (main) Kafka commitId: f745dfdcee2b9851
2025-08-06 18:53:40,868 INFO  [org.apa.kaf.com.uti.AppInfoParser] (main) Kafka startTimeMs: 1754506420867
2025-08-06 18:53:40,869 INFO  [io.api.tes.ser.api.KafkaSerdesTester] (Thread-877) Sending message {"wrongkey": "value-0"} to topic topic-a0eb579e_75d4_474b_aa8e_d847adfc0a08
2025-08-06 18:53:40,872 INFO  [org.apa.kaf.cli.Metadata] (kafka-producer-network-thread | Producer-topic-a0eb579e_75d4_474b_aa8e_d847adfc0a08) [Producer clientId=Producer-topic-a0eb579e_75d4_474b_aa8e_d847adfc0a08] Cluster ID: EV4Uys23RNi7BwH7MVj6Ag
2025-08-06 18:53:40,873 INFO  [org.apa.kaf.cli.pro.int.TransactionManager] (kafka-producer-network-thread | Producer-topic-a0eb579e_75d4_474b_aa8e_d847adfc0a08) [Producer clientId=Producer-topic-a0eb579e_75d4_474b_aa8e_d847adfc0a08] ProducerId set to 52 with epoch 0
2025-08-06 18:53:40,879 INFO  [org.apa.kaf.cli.pro.KafkaProducer] (Thread-877) [Producer clientId=Producer-topic-a0eb579e_75d4_474b_aa8e_d847adfc0a08] Closing the Kafka producer with timeoutMillis = 9223372036854775807 ms.
2025-08-06 18:53:40,880 INFO  [org.apa.kaf.com.met.Metrics] (Thread-877) Metrics scheduler closed
2025-08-06 18:53:40,880 INFO  [org.apa.kaf.com.met.Metrics] (Thread-877) Closing reporter org.apache.kafka.common.metrics.JmxReporter
2025-08-06 18:53:40,880 INFO  [org.apa.kaf.com.met.Metrics] (Thread-877) Closing reporter org.apache.kafka.common.telemetry.internals.ClientTelemetryReporter
2025-08-06 18:53:40,880 INFO  [org.apa.kaf.com.met.Metrics] (Thread-877) Metrics reporters closed
2025-08-06 18:53:40,880 INFO  [org.apa.kaf.com.uti.AppInfoParser] (Thread-877) App info kafka.producer for Producer-topic-a0eb579e_75d4_474b_aa8e_d847adfc0a08 unregistered
2025-08-06 18:53:40,896 INFO  [io.api.tes.ser.con.BasicConfluentSerDesIT] (main) Deleting confluent schema myrecordconfluent2
2025-08-06 18:53:40,903 INFO  [io.api.tes.uti.TestSeparator] (main) io.apicurio.tests.serdes.confluent.BasicConfluentSerDesIT.testAvroConfluentSerDesFail-FINISHED
2025-08-06 18:53:40,903 INFO  [io.api.tes.uti.TestSeparator] (main) ############################################################################
Test passed: testAvroConfluentSerDesFail
]]></system-out>
  </testcase>
  <testcase name="testAvroConfluentSerDesWrongStrategyRecord" classname="io.apicurio.tests.serdes.confluent.BasicConfluentSerDesIT" time="0.081">
    <system-out><![CDATA[2025-08-06 18:53:40,906 INFO  [io.api.tes.uti.TestSeparator] (main) ############################################################################
2025-08-06 18:53:40,906 INFO  [io.api.tes.uti.TestSeparator] (main) io.apicurio.tests.serdes.confluent.BasicConfluentSerDesIT.testAvroConfluentSerDesWrongStrategyRecord-STARTED
2025-08-06 18:53:40,947 INFO  [io.api.tes.ser.con.BasicConfluentSerDesIT] (main) Checking that created schema is equal to the get schema
2025-08-06 18:53:40,953 INFO  [io.api.tes.ser.con.BasicConfluentSerDesIT] (main) Created schema with id:107 and name:myrecordconfluent4
**** Registry Base URL: http://registry-app-inmemory.apps.ci419.apicurio-testing.org:80
2025-08-06 18:53:40,954 INFO  [org.apa.kaf.cli.pro.ProducerConfig] (main) ProducerConfig values: 
	acks = -1
	auto.include.jmx.reporter = true
	batch.size = 16384
	bootstrap.servers = [PLAINTEXT://localhost:32769]
	buffer.memory = 33554432
	client.dns.lookup = use_all_dns_ips
	client.id = Producer-topic-285cd5d4_7ec9_4442_9f9d_b2128218db2b
	compression.gzip.level = -1
	compression.lz4.level = 9
	compression.type = none
	compression.zstd.level = 3
	connections.max.idle.ms = 10000
	delivery.timeout.ms = 120000
	enable.idempotence = true
	enable.metrics.push = true
	interceptor.classes = []
	key.serializer = class org.apache.kafka.common.serialization.StringSerializer
	linger.ms = 0
	max.block.ms = 60000
	max.in.flight.requests.per.connection = 5
	max.request.size = 1048576
	metadata.max.age.ms = 300000
	metadata.max.idle.ms = 300000
	metadata.recovery.strategy = none
	metric.reporters = []
	metrics.num.samples = 2
	metrics.recording.level = INFO
	metrics.sample.window.ms = 30000
	partitioner.adaptive.partitioning.enable = true
	partitioner.availability.timeout.ms = 0
	partitioner.class = null
	partitioner.ignore.keys = false
	receive.buffer.bytes = 32768
	reconnect.backoff.max.ms = 1000
	reconnect.backoff.ms = 50
	request.timeout.ms = 5000
	retries = 2147483647
	retry.backoff.max.ms = 1000
	retry.backoff.ms = 100
	sasl.client.callback.handler.class = null
	sasl.jaas.config = null
	sasl.kerberos.kinit.cmd = /usr/bin/kinit
	sasl.kerberos.min.time.before.relogin = 60000
	sasl.kerberos.service.name = null
	sasl.kerberos.ticket.renew.jitter = 0.05
	sasl.kerberos.ticket.renew.window.factor = 0.8
	sasl.login.callback.handler.class = null
	sasl.login.class = null
	sasl.login.connect.timeout.ms = null
	sasl.login.read.timeout.ms = null
	sasl.login.refresh.buffer.seconds = 300
	sasl.login.refresh.min.period.seconds = 60
	sasl.login.refresh.window.factor = 0.8
	sasl.login.refresh.window.jitter = 0.05
	sasl.login.retry.backoff.max.ms = 10000
	sasl.login.retry.backoff.ms = 100
	sasl.mechanism = GSSAPI
	sasl.oauthbearer.clock.skew.seconds = 30
	sasl.oauthbearer.expected.audience = null
	sasl.oauthbearer.expected.issuer = null
	sasl.oauthbearer.header.urlencode = false
	sasl.oauthbearer.jwks.endpoint.refresh.ms = 3600000
	sasl.oauthbearer.jwks.endpoint.retry.backoff.max.ms = 10000
	sasl.oauthbearer.jwks.endpoint.retry.backoff.ms = 100
	sasl.oauthbearer.jwks.endpoint.url = null
	sasl.oauthbearer.scope.claim.name = scope
	sasl.oauthbearer.sub.claim.name = sub
	sasl.oauthbearer.token.endpoint.url = null
	security.protocol = PLAINTEXT
	security.providers = null
	send.buffer.bytes = 131072
	socket.connection.setup.timeout.max.ms = 30000
	socket.connection.setup.timeout.ms = 10000
	ssl.cipher.suites = null
	ssl.enabled.protocols = [TLSv1.2, TLSv1.3]
	ssl.endpoint.identification.algorithm = https
	ssl.engine.factory.class = null
	ssl.key.password = null
	ssl.keymanager.algorithm = SunX509
	ssl.keystore.certificate.chain = null
	ssl.keystore.key = null
	ssl.keystore.location = null
	ssl.keystore.password = null
	ssl.keystore.type = JKS
	ssl.protocol = TLSv1.3
	ssl.provider = null
	ssl.secure.random.implementation = null
	ssl.trustmanager.algorithm = PKIX
	ssl.truststore.certificates = null
	ssl.truststore.location = null
	ssl.truststore.password = null
	ssl.truststore.type = JKS
	transaction.timeout.ms = 60000
	transactional.id = null
	value.serializer = class io.confluent.kafka.serializers.KafkaAvroSerializer

2025-08-06 18:53:40,954 INFO  [org.apa.kaf.com.tel.int.KafkaMetricsCollector] (main) initializing Kafka metrics collector
2025-08-06 18:53:40,954 INFO  [io.con.kaf.ser.KafkaAvroSerializerConfig] (main) KafkaAvroSerializerConfig values: 
	auto.register.schemas = false
	avro.reflection.allow.null = false
	avro.remove.java.properties = false
	avro.use.logical.type.converters = false
	basic.auth.credentials.source = URL
	basic.auth.user.info = [hidden]
	bearer.auth.cache.expiry.buffer.seconds = 300
	bearer.auth.client.id = null
	bearer.auth.client.secret = null
	bearer.auth.credentials.source = STATIC_TOKEN
	bearer.auth.custom.provider.class = null
	bearer.auth.identity.pool.id = null
	bearer.auth.issuer.endpoint.url = null
	bearer.auth.logical.cluster = null
	bearer.auth.scope = null
	bearer.auth.scope.claim.name = scope
	bearer.auth.sub.claim.name = sub
	bearer.auth.token = [hidden]
	context.name.strategy = class io.confluent.kafka.serializers.context.NullContextNameStrategy
	http.connect.timeout.ms = 60000
	http.read.timeout.ms = 60000
	id.compatibility.strict = true
	key.schema.id.deserializer = class io.confluent.kafka.serializers.schema.id.DualSchemaIdDeserializer
	key.schema.id.serializer = class io.confluent.kafka.serializers.schema.id.PrefixSchemaIdSerializer
	key.subject.name.strategy = class io.confluent.kafka.serializers.subject.TopicNameStrategy
	latest.cache.size = 1000
	latest.cache.ttl.sec = -1
	latest.compatibility.strict = true
	max.retries = 3
	max.schemas.per.subject = 1000
	normalize.schemas = false
	propagate.schema.tags = false
	proxy.host = 
	proxy.port = -1
	retries.max.wait.ms = 20000
	retries.wait.ms = 1000
	rule.actions = []
	rule.executors = []
	rule.service.loader.enable = true
	schema.format = null
	schema.reflection = false
	schema.registry.basic.auth.user.info = [hidden]
	schema.registry.ssl.cipher.suites = null
	schema.registry.ssl.enabled.protocols = [TLSv1.2, TLSv1.3]
	schema.registry.ssl.endpoint.identification.algorithm = https
	schema.registry.ssl.engine.factory.class = null
	schema.registry.ssl.key.password = null
	schema.registry.ssl.keymanager.algorithm = SunX509
	schema.registry.ssl.keystore.certificate.chain = null
	schema.registry.ssl.keystore.key = null
	schema.registry.ssl.keystore.location = null
	schema.registry.ssl.keystore.password = null
	schema.registry.ssl.keystore.type = JKS
	schema.registry.ssl.protocol = TLSv1.3
	schema.registry.ssl.provider = null
	schema.registry.ssl.secure.random.implementation = null
	schema.registry.ssl.trustmanager.algorithm = PKIX
	schema.registry.ssl.truststore.certificates = null
	schema.registry.ssl.truststore.location = null
	schema.registry.ssl.truststore.password = null
	schema.registry.ssl.truststore.type = JKS
	schema.registry.url = [http://registry-app-inmemory.apps.ci419.apicurio-testing.org:80/apis/ccompat/v7]
	schema.registry.url.randomize = false
	use.latest.version = false
	use.latest.with.metadata = null
	use.schema.id = -1
	value.schema.id.deserializer = class io.confluent.kafka.serializers.schema.id.DualSchemaIdDeserializer
	value.schema.id.serializer = class io.confluent.kafka.serializers.schema.id.PrefixSchemaIdSerializer
	value.subject.name.strategy = class io.confluent.kafka.serializers.subject.RecordNameStrategy

2025-08-06 18:53:40,956 INFO  [org.apa.kaf.cli.pro.KafkaProducer] (main) [Producer clientId=Producer-topic-285cd5d4_7ec9_4442_9f9d_b2128218db2b] Instantiated an idempotent producer.
2025-08-06 18:53:40,957 INFO  [org.apa.kaf.cli.pro.ProducerConfig] (main) These configurations '[schema.registry.url, auto.register.schemas, value.subject.name.strategy]' were supplied but are not used yet.
2025-08-06 18:53:40,957 INFO  [org.apa.kaf.com.uti.AppInfoParser] (main) Kafka version: 3.9.1
2025-08-06 18:53:40,957 INFO  [org.apa.kaf.com.uti.AppInfoParser] (main) Kafka commitId: f745dfdcee2b9851
2025-08-06 18:53:40,957 INFO  [org.apa.kaf.com.uti.AppInfoParser] (main) Kafka startTimeMs: 1754506420957
2025-08-06 18:53:40,958 INFO  [io.api.tes.ser.api.KafkaSerdesTester] (Thread-878) Sending message {"wrongkey": "value-0"} to topic topic-285cd5d4_7ec9_4442_9f9d_b2128218db2b
2025-08-06 18:53:40,960 INFO  [org.apa.kaf.cli.Metadata] (kafka-producer-network-thread | Producer-topic-285cd5d4_7ec9_4442_9f9d_b2128218db2b) [Producer clientId=Producer-topic-285cd5d4_7ec9_4442_9f9d_b2128218db2b] Cluster ID: EV4Uys23RNi7BwH7MVj6Ag
2025-08-06 18:53:40,960 INFO  [org.apa.kaf.cli.pro.int.TransactionManager] (kafka-producer-network-thread | Producer-topic-285cd5d4_7ec9_4442_9f9d_b2128218db2b) [Producer clientId=Producer-topic-285cd5d4_7ec9_4442_9f9d_b2128218db2b] ProducerId set to 53 with epoch 0
2025-08-06 18:53:40,966 INFO  [org.apa.kaf.cli.pro.KafkaProducer] (Thread-878) [Producer clientId=Producer-topic-285cd5d4_7ec9_4442_9f9d_b2128218db2b] Closing the Kafka producer with timeoutMillis = 9223372036854775807 ms.
2025-08-06 18:53:40,966 INFO  [org.apa.kaf.com.met.Metrics] (Thread-878) Metrics scheduler closed
2025-08-06 18:53:40,966 INFO  [org.apa.kaf.com.met.Metrics] (Thread-878) Closing reporter org.apache.kafka.common.metrics.JmxReporter
2025-08-06 18:53:40,966 INFO  [org.apa.kaf.com.met.Metrics] (Thread-878) Closing reporter org.apache.kafka.common.telemetry.internals.ClientTelemetryReporter
2025-08-06 18:53:40,966 INFO  [org.apa.kaf.com.met.Metrics] (Thread-878) Metrics reporters closed
2025-08-06 18:53:40,966 INFO  [org.apa.kaf.com.uti.AppInfoParser] (Thread-878) App info kafka.producer for Producer-topic-285cd5d4_7ec9_4442_9f9d_b2128218db2b unregistered
2025-08-06 18:53:40,980 INFO  [io.api.tes.ser.con.BasicConfluentSerDesIT] (main) Deleting confluent schema topic-285cd5d4_7ec9_4442_9f9d_b2128218db2b-value
2025-08-06 18:53:40,987 INFO  [io.api.tes.uti.TestSeparator] (main) io.apicurio.tests.serdes.confluent.BasicConfluentSerDesIT.testAvroConfluentSerDesWrongStrategyRecord-FINISHED
2025-08-06 18:53:40,987 INFO  [io.api.tes.uti.TestSeparator] (main) ############################################################################
Test passed: testAvroConfluentSerDesWrongStrategyRecord
]]></system-out>
  </testcase>
</testsuite>