<?xml version="1.0" encoding="UTF-8"?>
<testsuite xmlns:xsi="http://www.w3.org/2001/XMLSchema-instance" xsi:noNamespaceSchemaLocation="https://maven.apache.org/surefire/maven-failsafe-plugin/xsd/failsafe-test-report.xsd" version="3.0.2" name="io.apicurio.tests.serdes.confluent.BasicConfluentSerDesIT" time="36.672" tests="8" errors="0" skipped="0" failures="0">
  <properties>
    <property name="java.specification.version" value="17"/>
    <property name="sun.jnu.encoding" value="UTF-8"/>
    <property name="java.class.path" value="/home/runner/work/apicurio-testing/apicurio-testing/cache/clusters/ci414/namespaces/inmemory/tests/integration/apicurio-registry/integration-tests/target/test-classes:/home/runner/work/apicurio-testing/apicurio-testing/cache/clusters/ci414/namespaces/inmemory/tests/integration/apicurio-registry/integration-tests/target/apicurio-registry-integration-tests-3.1.0.jar:/home/runner/.m2/repository/io/quarkus/quarkus-junit5/3.20.2.2/quarkus-junit5-3.20.2.2.jar:/home/runner/.m2/repository/io/quarkus/quarkus-bootstrap-core/3.20.2.2/quarkus-bootstrap-core-3.20.2.2.jar:/home/runner/.m2/repository/io/quarkus/quarkus-classloader-commons/3.20.2.2/quarkus-classloader-commons-3.20.2.2.jar:/home/runner/.m2/repository/io/quarkus/quarkus-bootstrap-app-model/3.20.2.2/quarkus-bootstrap-app-model-3.20.2.2.jar:/home/runner/.m2/repository/io/smallrye/common/smallrye-common-io/2.12.0/smallrye-common-io-2.12.0.jar:/home/runner/.m2/repository/org/eclipse/sisu/org.eclipse.sisu.inject/0.9.0.M3/org.eclipse.sisu.inject-0.9.0.M3.jar:/home/runner/.m2/repository/io/quarkus/quarkus-test-common/3.20.2.2/quarkus-test-common-3.20.2.2.jar:/home/runner/.m2/repository/io/quarkus/quarkus-core-deployment/3.20.2.2/quarkus-core-deployment-3.20.2.2.jar:/home/runner/.m2/repository/org/aesh/readline/2.6/readline-2.6.jar:/home/runner/.m2/repository/org/fusesource/jansi/jansi/2.4.0/jansi-2.4.0.jar:/home/runner/.m2/repository/org/aesh/aesh/2.8.2/aesh-2.8.2.jar:/home/runner/.m2/repository/io/quarkus/gizmo/gizmo/1.8.0/gizmo-1.8.0.jar:/home/runner/.m2/repository/org/ow2/asm/asm-util/9.7.1/asm-util-9.7.1.jar:/home/runner/.m2/repository/org/ow2/asm/asm-analysis/9.7.1/asm-analysis-9.7.1.jar:/home/runner/.m2/repository/org/ow2/asm/asm-commons/9.7.1/asm-commons-9.7.1.jar:/home/runner/.m2/repository/org/ow2/asm/asm-tree/9.7.1/asm-tree-9.7.1.jar:/home/runner/.m2/repository/io/quarkus/quarkus-hibernate-validator-spi/3.20.2.2/quarkus-hibernate-validator-spi-3.20.2.2.jar:/home/runner/.m2/repository/io/quarkus/quarkus-class-change-agent/3.20.2.2/quarkus-class-change-agent-3.20.2.2.jar:/home/runner/.m2/repository/io/quarkus/quarkus-devtools-utilities/3.20.2.2/quarkus-devtools-utilities-3.20.2.2.jar:/home/runner/.m2/repository/io/quarkus/quarkus-builder/3.20.2.2/quarkus-builder-3.20.2.2.jar:/home/runner/.m2/repository/org/graalvm/sdk/nativeimage/23.1.2/nativeimage-23.1.2.jar:/home/runner/.m2/repository/org/graalvm/sdk/word/23.1.2/word-23.1.2.jar:/home/runner/.m2/repository/io/quarkus/quarkus-bootstrap-maven-resolver/3.20.2.2/quarkus-bootstrap-maven-resolver-3.20.2.2.jar:/home/runner/.m2/repository/io/smallrye/beanbag/smallrye-beanbag-maven/1.5.2/smallrye-beanbag-maven-1.5.2.jar:/home/runner/.m2/repository/io/smallrye/beanbag/smallrye-beanbag-sisu/1.5.2/smallrye-beanbag-sisu-1.5.2.jar:/home/runner/.m2/repository/io/smallrye/beanbag/smallrye-beanbag/1.5.2/smallrye-beanbag-1.5.2.jar:/home/runner/.m2/repository/javax/inject/javax.inject/1/javax.inject-1.jar:/home/runner/.m2/repository/org/apache/maven/maven-artifact/3.9.9/maven-artifact-3.9.9.jar:/home/runner/.m2/repository/org/apache/maven/maven-builder-support/3.9.9/maven-builder-support-3.9.9.jar:/home/runner/.m2/repository/org/apache/maven/maven-model/3.9.9/maven-model-3.9.9.jar:/home/runner/.m2/repository/org/apache/maven/maven-model-builder/3.9.9/maven-model-builder-3.9.9.jar:/home/runner/.m2/repository/org/apache/maven/maven-repository-metadata/3.9.9/maven-repository-metadata-3.9.9.jar:/home/runner/.m2/repository/org/apache/maven/maven-settings/3.9.9/maven-settings-3.9.9.jar:/home/runner/.m2/repository/org/apache/maven/resolver/maven-resolver-api/1.9.22/maven-resolver-api-1.9.22.jar:/home/runner/.m2/repository/org/apache/maven/resolver/maven-resolver-impl/1.9.22/maven-resolver-impl-1.9.22.jar:/home/runner/.m2/repository/org/apache/maven/resolver/maven-resolver-named-locks/1.9.22/maven-resolver-named-locks-1.9.22.jar:/home/runner/.m2/repository/org/apache/maven/resolver/maven-resolver-spi/1.9.22/maven-resolver-spi-1.9.22.jar:/home/runner/.m2/repository/org/apache/maven/resolver/maven-resolver-util/1.9.22/maven-resolver-util-1.9.22.jar:/home/runner/.m2/repository/org/apache/maven/resolver/maven-resolver-transport-http/1.9.20/maven-resolver-transport-http-1.9.20.jar:/home/runner/.m2/repository/org/apache/maven/wagon/wagon-provider-api/3.5.3/wagon-provider-api-3.5.3.jar:/home/runner/.m2/repository/org/apache/maven/wagon/wagon-http-shared/3.5.3/wagon-http-shared-3.5.3.jar:/home/runner/.m2/repository/org/codehaus/plexus/plexus-interpolation/1.26/plexus-interpolation-1.26.jar:/home/runner/.m2/repository/org/codehaus/plexus/plexus-utils/3.5.1/plexus-utils-3.5.1.jar:/home/runner/.m2/repository/org/codehaus/plexus/plexus-xml/4.0.1/plexus-xml-4.0.1.jar:/home/runner/.m2/repository/org/apache/maven/maven-xml-impl/4.0.0-alpha-5/maven-xml-impl-4.0.0-alpha-5.jar:/home/runner/.m2/repository/org/apache/maven/maven-api-xml/4.0.0-alpha-5/maven-api-xml-4.0.0-alpha-5.jar:/home/runner/.m2/repository/org/apache/maven/maven-api-meta/4.0.0-alpha-5/maven-api-meta-4.0.0-alpha-5.jar:/home/runner/.m2/repository/org/codehaus/plexus/plexus-cipher/2.0/plexus-cipher-2.0.jar:/home/runner/.m2/repository/org/codehaus/plexus/plexus-sec-dispatcher/2.0/plexus-sec-dispatcher-2.0.jar:/home/runner/.m2/repository/org/apache/maven/maven-embedder/3.9.9/maven-embedder-3.9.9.jar:/home/runner/.m2/repository/org/apache/maven/maven-core/3.9.9/maven-core-3.9.9.jar:/home/runner/.m2/repository/org/codehaus/plexus/plexus-component-annotations/2.1.0/plexus-component-annotations-2.1.0.jar:/home/runner/.m2/repository/org/apache/maven/maven-plugin-api/3.9.9/maven-plugin-api-3.9.9.jar:/home/runner/.m2/repository/org/apache/maven/shared/maven-shared-utils/3.4.2/maven-shared-utils-3.4.2.jar:/home/runner/.m2/repository/com/google/inject/guice/5.1.0/guice-5.1.0.jar:/home/runner/.m2/repository/aopalliance/aopalliance/1.0/aopalliance-1.0.jar:/home/runner/.m2/repository/org/codehaus/plexus/plexus-classworlds/2.6.0/plexus-classworlds-2.6.0.jar:/home/runner/.m2/repository/commons-cli/commons-cli/1.8.0/commons-cli-1.8.0.jar:/home/runner/.m2/repository/org/eclipse/sisu/org.eclipse.sisu.plexus/0.9.0.M3/org.eclipse.sisu.plexus-0.9.0.M3.jar:/home/runner/.m2/repository/org/apache/maven/maven-settings-builder/3.9.9/maven-settings-builder-3.9.9.jar:/home/runner/.m2/repository/org/apache/maven/maven-resolver-provider/3.9.9/maven-resolver-provider-3.9.9.jar:/home/runner/.m2/repository/org/apache/maven/resolver/maven-resolver-connector-basic/1.9.22/maven-resolver-connector-basic-1.9.22.jar:/home/runner/.m2/repository/org/apache/maven/resolver/maven-resolver-transport-wagon/1.9.22/maven-resolver-transport-wagon-1.9.22.jar:/home/runner/.m2/repository/org/apache/maven/wagon/wagon-http/3.5.3/wagon-http-3.5.3.jar:/home/runner/.m2/repository/org/apache/maven/wagon/wagon-file/3.5.3/wagon-file-3.5.3.jar:/home/runner/.m2/repository/io/quarkus/quarkus-bootstrap-gradle-resolver/3.20.2.2/quarkus-bootstrap-gradle-resolver-3.20.2.2.jar:/home/runner/.m2/repository/io/smallrye/jandex/3.3.0/jandex-3.3.0.jar:/home/runner/.m2/repository/org/jboss/logging/commons-logging-jboss-logging/1.0.0.Final/commons-logging-jboss-logging-1.0.0.Final.jar:/home/runner/.m2/repository/io/quarkus/quarkus-junit5-config/3.20.2.2/quarkus-junit5-config-3.20.2.2.jar:/home/runner/.m2/repository/org/junit/jupiter/junit-jupiter-api/5.12.1/junit-jupiter-api-5.12.1.jar:/home/runner/.m2/repository/io/smallrye/config/smallrye-config/3.11.4/smallrye-config-3.11.4.jar:/home/runner/.m2/repository/io/smallrye/config/smallrye-config-core/3.11.4/smallrye-config-core-3.11.4.jar:/home/runner/.m2/repository/io/smallrye/common/smallrye-common-classloader/2.12.0/smallrye-common-classloader-2.12.0.jar:/home/runner/.m2/repository/io/smallrye/config/smallrye-config-common/3.11.4/smallrye-config-common-3.11.4.jar:/home/runner/.m2/repository/org/junit/jupiter/junit-jupiter/5.12.1/junit-jupiter-5.12.1.jar:/home/runner/.m2/repository/org/junit/jupiter/junit-jupiter-params/5.12.1/junit-jupiter-params-5.12.1.jar:/home/runner/.m2/repository/org/junit/jupiter/junit-jupiter-engine/5.12.1/junit-jupiter-engine-5.12.1.jar:/home/runner/.m2/repository/io/quarkus/quarkus-core/3.20.2.2/quarkus-core-3.20.2.2.jar:/home/runner/.m2/repository/jakarta/enterprise/jakarta.enterprise.cdi-api/4.1.0/jakarta.enterprise.cdi-api-4.1.0.jar:/home/runner/.m2/repository/jakarta/enterprise/jakarta.enterprise.lang-model/4.1.0/jakarta.enterprise.lang-model-4.1.0.jar:/home/runner/.m2/repository/jakarta/el/jakarta.el-api/5.0.1/jakarta.el-api-5.0.1.jar:/home/runner/.m2/repository/jakarta/interceptor/jakarta.interceptor-api/2.2.0/jakarta.interceptor-api-2.2.0.jar:/home/runner/.m2/repository/jakarta/inject/jakarta.inject-api/2.0.1/jakarta.inject-api-2.0.1.jar:/home/runner/.m2/repository/io/smallrye/common/smallrye-common-os/2.12.0/smallrye-common-os-2.12.0.jar:/home/runner/.m2/repository/io/quarkus/quarkus-ide-launcher/3.20.2.2/quarkus-ide-launcher-3.20.2.2.jar:/home/runner/.m2/repository/io/quarkus/quarkus-development-mode-spi/3.20.2.2/quarkus-development-mode-spi-3.20.2.2.jar:/home/runner/.m2/repository/org/jboss/logging/jboss-logging/3.6.1.Final/jboss-logging-3.6.1.Final.jar:/home/runner/.m2/repository/org/jboss/logmanager/jboss-logmanager/3.1.2.Final/jboss-logmanager-3.1.2.Final.jar:/home/runner/.m2/repository/io/smallrye/common/smallrye-common-constraint/2.12.0/smallrye-common-constraint-2.12.0.jar:/home/runner/.m2/repository/io/smallrye/common/smallrye-common-cpu/2.12.0/smallrye-common-cpu-2.12.0.jar:/home/runner/.m2/repository/io/smallrye/common/smallrye-common-expression/2.12.0/smallrye-common-expression-2.12.0.jar:/home/runner/.m2/repository/io/smallrye/common/smallrye-common-net/2.12.0/smallrye-common-net-2.12.0.jar:/home/runner/.m2/repository/io/smallrye/common/smallrye-common-ref/2.12.0/smallrye-common-ref-2.12.0.jar:/home/runner/.m2/repository/jakarta/json/jakarta.json-api/2.1.3/jakarta.json-api-2.1.3.jar:/home/runner/.m2/repository/org/eclipse/parsson/parsson/1.1.7/parsson-1.1.7.jar:/home/runner/.m2/repository/org/jboss/logging/jboss-logging-annotations/3.0.4.Final/jboss-logging-annotations-3.0.4.Final.jar:/home/runner/.m2/repository/org/jboss/threads/jboss-threads/3.8.0.Final/jboss-threads-3.8.0.Final.jar:/home/runner/.m2/repository/io/smallrye/common/smallrye-common-annotation/2.12.0/smallrye-common-annotation-2.12.0.jar:/home/runner/.m2/repository/io/smallrye/common/smallrye-common-function/2.12.0/smallrye-common-function-2.12.0.jar:/home/runner/.m2/repository/org/jboss/slf4j/slf4j-jboss-logmanager/2.0.0.Final/slf4j-jboss-logmanager-2.0.0.Final.jar:/home/runner/.m2/repository/org/wildfly/common/wildfly-common/2.0.1/wildfly-common-2.0.1.jar:/home/runner/.m2/repository/io/quarkus/quarkus-bootstrap-runner/3.20.2.2/quarkus-bootstrap-runner-3.20.2.2.jar:/home/runner/.m2/repository/io/github/crac/org-crac/0.1.3/org-crac-0.1.3.jar:/home/runner/.m2/repository/io/quarkus/quarkus-fs-util/0.0.10/quarkus-fs-util-0.0.10.jar:/home/runner/.m2/repository/org/jboss/marshalling/jboss-marshalling/2.2.2.Final/jboss-marshalling-2.2.2.Final.jar:/home/runner/.m2/repository/io/fabric8/kubernetes-client/7.1.0/kubernetes-client-7.1.0.jar:/home/runner/.m2/repository/io/fabric8/kubernetes-client-api/7.1.0/kubernetes-client-api-7.1.0.jar:/home/runner/.m2/repository/io/fabric8/kubernetes-model-core/7.1.0/kubernetes-model-core-7.1.0.jar:/home/runner/.m2/repository/io/fabric8/kubernetes-model-common/7.1.0/kubernetes-model-common-7.1.0.jar:/home/runner/.m2/repository/javax/annotation/javax.annotation-api/1.3.2/javax.annotation-api-1.3.2.jar:/home/runner/.m2/repository/io/fabric8/kubernetes-model-gatewayapi/7.1.0/kubernetes-model-gatewayapi-7.1.0.jar:/home/runner/.m2/repository/io/fabric8/kubernetes-model-resource/7.1.0/kubernetes-model-resource-7.1.0.jar:/home/runner/.m2/repository/io/fabric8/kubernetes-model-rbac/7.1.0/kubernetes-model-rbac-7.1.0.jar:/home/runner/.m2/repository/io/fabric8/kubernetes-model-admissionregistration/7.1.0/kubernetes-model-admissionregistration-7.1.0.jar:/home/runner/.m2/repository/io/fabric8/kubernetes-model-apps/7.1.0/kubernetes-model-apps-7.1.0.jar:/home/runner/.m2/repository/io/fabric8/kubernetes-model-autoscaling/7.1.0/kubernetes-model-autoscaling-7.1.0.jar:/home/runner/.m2/repository/io/fabric8/kubernetes-model-apiextensions/7.1.0/kubernetes-model-apiextensions-7.1.0.jar:/home/runner/.m2/repository/io/fabric8/kubernetes-model-batch/7.1.0/kubernetes-model-batch-7.1.0.jar:/home/runner/.m2/repository/io/fabric8/kubernetes-model-certificates/7.1.0/kubernetes-model-certificates-7.1.0.jar:/home/runner/.m2/repository/io/fabric8/kubernetes-model-coordination/7.1.0/kubernetes-model-coordination-7.1.0.jar:/home/runner/.m2/repository/io/fabric8/kubernetes-model-discovery/7.1.0/kubernetes-model-discovery-7.1.0.jar:/home/runner/.m2/repository/io/fabric8/kubernetes-model-events/7.1.0/kubernetes-model-events-7.1.0.jar:/home/runner/.m2/repository/io/fabric8/kubernetes-model-extensions/7.1.0/kubernetes-model-extensions-7.1.0.jar:/home/runner/.m2/repository/io/fabric8/kubernetes-model-flowcontrol/7.1.0/kubernetes-model-flowcontrol-7.1.0.jar:/home/runner/.m2/repository/io/fabric8/kubernetes-model-networking/7.1.0/kubernetes-model-networking-7.1.0.jar:/home/runner/.m2/repository/io/fabric8/kubernetes-model-metrics/7.1.0/kubernetes-model-metrics-7.1.0.jar:/home/runner/.m2/repository/io/fabric8/kubernetes-model-policy/7.1.0/kubernetes-model-policy-7.1.0.jar:/home/runner/.m2/repository/io/fabric8/kubernetes-model-scheduling/7.1.0/kubernetes-model-scheduling-7.1.0.jar:/home/runner/.m2/repository/io/fabric8/kubernetes-model-storageclass/7.1.0/kubernetes-model-storageclass-7.1.0.jar:/home/runner/.m2/repository/io/fabric8/kubernetes-model-node/7.1.0/kubernetes-model-node-7.1.0.jar:/home/runner/.m2/repository/org/snakeyaml/snakeyaml-engine/2.9/snakeyaml-engine-2.9.jar:/home/runner/.m2/repository/com/fasterxml/jackson/dataformat/jackson-dataformat-yaml/2.18.2/jackson-dataformat-yaml-2.18.2.jar:/home/runner/.m2/repository/com/fasterxml/jackson/datatype/jackson-datatype-jsr310/2.18.2/jackson-datatype-jsr310-2.18.2.jar:/home/runner/.m2/repository/io/fabric8/zjsonpatch/7.1.0/zjsonpatch-7.1.0.jar:/home/runner/.m2/repository/io/fabric8/kubernetes-httpclient-vertx/7.1.0/kubernetes-httpclient-vertx-7.1.0.jar:/home/runner/.m2/repository/io/vertx/vertx-web-client/4.5.20/vertx-web-client-4.5.20.jar:/home/runner/.m2/repository/io/vertx/vertx-web-common/4.5.20/vertx-web-common-4.5.20.jar:/home/runner/.m2/repository/io/vertx/vertx-auth-common/4.5.20/vertx-auth-common-4.5.20.jar:/home/runner/.m2/repository/io/vertx/vertx-uri-template/4.5.20/vertx-uri-template-4.5.20.jar:/home/runner/.m2/repository/io/fabric8/openshift-client/7.1.0/openshift-client-7.1.0.jar:/home/runner/.m2/repository/io/fabric8/openshift-client-api/7.1.0/openshift-client-api-7.1.0.jar:/home/runner/.m2/repository/io/fabric8/openshift-model/7.1.0/openshift-model-7.1.0.jar:/home/runner/.m2/repository/io/fabric8/openshift-model-autoscaling/7.1.0/openshift-model-autoscaling-7.1.0.jar:/home/runner/.m2/repository/io/fabric8/openshift-model-operator/7.1.0/openshift-model-operator-7.1.0.jar:/home/runner/.m2/repository/io/fabric8/openshift-model-operatorhub/7.1.0/openshift-model-operatorhub-7.1.0.jar:/home/runner/.m2/repository/io/fabric8/openshift-model-machine/7.1.0/openshift-model-machine-7.1.0.jar:/home/runner/.m2/repository/io/fabric8/openshift-model-whereabouts/7.1.0/openshift-model-whereabouts-7.1.0.jar:/home/runner/.m2/repository/io/fabric8/openshift-model-monitoring/7.1.0/openshift-model-monitoring-7.1.0.jar:/home/runner/.m2/repository/io/fabric8/openshift-model-storageversionmigrator/7.1.0/openshift-model-storageversionmigrator-7.1.0.jar:/home/runner/.m2/repository/io/fabric8/openshift-model-tuned/7.1.0/openshift-model-tuned-7.1.0.jar:/home/runner/.m2/repository/io/fabric8/openshift-model-console/7.1.0/openshift-model-console-7.1.0.jar:/home/runner/.m2/repository/io/fabric8/openshift-model-config/7.1.0/openshift-model-config-7.1.0.jar:/home/runner/.m2/repository/io/fabric8/openshift-model-machineconfiguration/7.1.0/openshift-model-machineconfiguration-7.1.0.jar:/home/runner/.m2/repository/io/fabric8/openshift-model-miscellaneous/7.1.0/openshift-model-miscellaneous-7.1.0.jar:/home/runner/.m2/repository/io/fabric8/openshift-model-hive/7.1.0/openshift-model-hive-7.1.0.jar:/home/runner/.m2/repository/io/fabric8/openshift-model-installer/7.1.0/openshift-model-installer-7.1.0.jar:/home/runner/.m2/repository/org/junit/platform/junit-platform-launcher/1.12.1/junit-platform-launcher-1.12.1.jar:/home/runner/.m2/repository/org/junit/platform/junit-platform-engine/1.12.1/junit-platform-engine-1.12.1.jar:/home/runner/.m2/repository/org/opentest4j/opentest4j/1.3.0/opentest4j-1.3.0.jar:/home/runner/.m2/repository/org/junit/platform/junit-platform-commons/1.12.1/junit-platform-commons-1.12.1.jar:/home/runner/.m2/repository/org/apiguardian/apiguardian-api/1.1.2/apiguardian-api-1.1.2.jar:/home/runner/.m2/repository/jakarta/ws/rs/jakarta.ws.rs-api/3.1.0/jakarta.ws.rs-api-3.1.0.jar:/home/runner/work/apicurio-testing/apicurio-testing/cache/clusters/ci414/namespaces/inmemory/tests/integration/apicurio-registry/java-sdk/target/apicurio-registry-java-sdk-3.1.0.jar:/home/runner/.m2/repository/com/microsoft/kiota/microsoft-kiota-abstractions/1.8.10/microsoft-kiota-abstractions-1.8.10.jar:/home/runner/.m2/repository/io/github/std-uritemplate/std-uritemplate/2.0.0/std-uritemplate-2.0.0.jar:/home/runner/.m2/repository/io/kiota/kiota-http-jdk/0.0.29/kiota-http-jdk-0.0.29.jar:/home/runner/.m2/repository/io/kiota/kiota-http-vertx/0.0.29/kiota-http-vertx-0.0.29.jar:/home/runner/.m2/repository/io/kiota/kiota-serialization-jackson/0.0.29/kiota-serialization-jackson-0.0.29.jar:/home/runner/.m2/repository/com/microsoft/kiota/microsoft-kiota-serialization-text/1.8.10/microsoft-kiota-serialization-text-1.8.10.jar:/home/runner/.m2/repository/com/microsoft/kiota/microsoft-kiota-serialization-form/1.8.10/microsoft-kiota-serialization-form-1.8.10.jar:/home/runner/.m2/repository/com/microsoft/kiota/microsoft-kiota-serialization-multipart/1.8.10/microsoft-kiota-serialization-multipart-1.8.10.jar:/home/runner/.m2/repository/jakarta/annotation/jakarta.annotation-api/3.0.0/jakarta.annotation-api-3.0.0.jar:/home/runner/.m2/repository/io/vertx/vertx-auth-oauth2/4.5.20/vertx-auth-oauth2-4.5.20.jar:/home/runner/work/apicurio-testing/apicurio-testing/cache/clusters/ci414/namespaces/inmemory/tests/integration/apicurio-registry/java-sdk-v2/target/apicurio-registry-v2-java-sdk-3.1.0.jar:/home/runner/work/apicurio-testing/apicurio-testing/cache/clusters/ci414/namespaces/inmemory/tests/integration/apicurio-registry/utils/kafka/target/apicurio-registry-utils-kafka-3.1.0-tests.jar:/home/runner/.m2/repository/org/eclipse/microprofile/config/microprofile-config-api/3.1/microprofile-config-api-3.1.jar:/home/runner/.m2/repository/org/apache/kafka/kafka-clients/3.9.1/kafka-clients-3.9.1.jar:/home/runner/.m2/repository/com/github/luben/zstd-jni/1.5.6-4/zstd-jni-1.5.6-4.jar:/home/runner/.m2/repository/org/lz4/lz4-java/1.8.0/lz4-java-1.8.0.jar:/home/runner/.m2/repository/org/xerial/snappy/snappy-java/1.1.10.5/snappy-java-1.1.10.5.jar:/home/runner/.m2/repository/org/slf4j/slf4j-api/2.0.6/slf4j-api-2.0.6.jar:/home/runner/work/apicurio-testing/apicurio-testing/cache/clusters/ci414/namespaces/inmemory/tests/integration/apicurio-registry/utils/tests/target/apicurio-registry-utils-tests-3.1.0.jar:/home/runner/work/apicurio-testing/apicurio-testing/cache/clusters/ci414/namespaces/inmemory/tests/integration/apicurio-registry/common/target/apicurio-registry-common-3.1.0.jar:/home/runner/.m2/repository/jakarta/validation/jakarta.validation-api/3.0.2/jakarta.validation-api-3.0.2.jar:/home/runner/.m2/repository/com/github/dasniko/testcontainers-keycloak/3.9.0/testcontainers-keycloak-3.9.0.jar:/home/runner/.m2/repository/org/testcontainers/testcontainers/1.20.6/testcontainers-1.20.6.jar:/home/runner/.m2/repository/org/rnorth/duct-tape/duct-tape/1.0.8/duct-tape-1.0.8.jar:/home/runner/.m2/repository/org/jetbrains/annotations/26.0.2/annotations-26.0.2.jar:/home/runner/.m2/repository/com/github/docker-java/docker-java-transport-zerodep/3.4.1/docker-java-transport-zerodep-3.4.1.jar:/home/runner/.m2/repository/com/github/docker-java/docker-java-transport/3.4.1/docker-java-transport-3.4.1.jar:/home/runner/.m2/repository/net/java/dev/jna/jna/5.8.0/jna-5.8.0.jar:/home/runner/.m2/repository/io/quarkus/quarkus-junit4-mock/3.20.2.2/quarkus-junit4-mock-3.20.2.2.jar:/home/runner/.m2/repository/org/jboss/shrinkwrap/shrinkwrap-api/2.0.0-beta-2/shrinkwrap-api-2.0.0-beta-2.jar:/home/runner/.m2/repository/org/jboss/shrinkwrap/shrinkwrap-impl-base/2.0.0-beta-2/shrinkwrap-impl-base-2.0.0-beta-2.jar:/home/runner/.m2/repository/org/jboss/shrinkwrap/shrinkwrap-spi/2.0.0-beta-2/shrinkwrap-spi-2.0.0-beta-2.jar:/home/runner/.m2/repository/org/keycloak/keycloak-admin-client/26.0.4/keycloak-admin-client-26.0.4.jar:/home/runner/.m2/repository/org/keycloak/keycloak-client-common-synced/26.0.4/keycloak-client-common-synced-26.0.4.jar:/home/runner/.m2/repository/jakarta/activation/jakarta.activation-api/2.1.3/jakarta.activation-api-2.1.3.jar:/home/runner/.m2/repository/org/eclipse/microprofile/openapi/microprofile-openapi-api/4.0.2/microprofile-openapi-api-4.0.2.jar:/home/runner/.m2/repository/org/jboss/resteasy/resteasy-client/6.2.12.Final/resteasy-client-6.2.12.Final.jar:/home/runner/.m2/repository/org/jboss/resteasy/resteasy-client-api/6.2.12.Final/resteasy-client-api-6.2.12.Final.jar:/home/runner/.m2/repository/org/jboss/resteasy/resteasy-core-spi/6.2.12.Final/resteasy-core-spi-6.2.12.Final.jar:/home/runner/.m2/repository/org/jboss/resteasy/resteasy-core/6.2.12.Final/resteasy-core-6.2.12.Final.jar:/home/runner/.m2/repository/org/eclipse/angus/angus-activation/2.0.2/angus-activation-2.0.2.jar:/home/runner/.m2/repository/com/ibm/async/asyncutil/0.1.0/asyncutil-0.1.0.jar:/home/runner/.m2/repository/org/reactivestreams/reactive-streams/1.0.4/reactive-streams-1.0.4.jar:/home/runner/.m2/repository/org/jboss/resteasy/resteasy-multipart-provider/6.2.12.Final/resteasy-multipart-provider-6.2.12.Final.jar:/home/runner/.m2/repository/jakarta/mail/jakarta.mail-api/2.1.3/jakarta.mail-api-2.1.3.jar:/home/runner/.m2/repository/org/eclipse/angus/angus-mail/2.0.3/angus-mail-2.0.3.jar:/home/runner/.m2/repository/org/apache/james/apache-mime4j-dom/0.8.12/apache-mime4j-dom-0.8.12.jar:/home/runner/.m2/repository/org/apache/james/apache-mime4j-core/0.8.12/apache-mime4j-core-0.8.12.jar:/home/runner/.m2/repository/org/apache/james/apache-mime4j-storage/0.8.12/apache-mime4j-storage-0.8.12.jar:/home/runner/.m2/repository/org/jboss/resteasy/resteasy-jackson2-provider/6.2.12.Final/resteasy-jackson2-provider-6.2.12.Final.jar:/home/runner/.m2/repository/com/fasterxml/jackson/jakarta/rs/jackson-jakarta-rs-base/2.18.2/jackson-jakarta-rs-base-2.18.2.jar:/home/runner/.m2/repository/com/fasterxml/jackson/jakarta/rs/jackson-jakarta-rs-json-provider/2.18.2/jackson-jakarta-rs-json-provider-2.18.2.jar:/home/runner/.m2/repository/com/fasterxml/jackson/module/jackson-module-jakarta-xmlbind-annotations/2.18.2/jackson-module-jakarta-xmlbind-annotations-2.18.2.jar:/home/runner/.m2/repository/com/github/java-json-tools/json-patch/1.13/json-patch-1.13.jar:/home/runner/.m2/repository/com/github/java-json-tools/msg-simple/1.2/msg-simple-1.2.jar:/home/runner/.m2/repository/com/github/java-json-tools/btf/1.3/btf-1.3.jar:/home/runner/.m2/repository/com/github/java-json-tools/jackson-coreutils/2.0/jackson-coreutils-2.0.jar:/home/runner/.m2/repository/org/jboss/resteasy/resteasy-jaxb-provider/6.2.12.Final/resteasy-jaxb-provider-6.2.12.Final.jar:/home/runner/.m2/repository/org/glassfish/jaxb/codemodel/4.0.5/codemodel-4.0.5.jar:/home/runner/.m2/repository/org/glassfish/jaxb/jaxb-core/4.0.5/jaxb-core-4.0.5.jar:/home/runner/.m2/repository/org/glassfish/jaxb/jaxb-jxc/4.0.5/jaxb-jxc-4.0.5.jar:/home/runner/.m2/repository/org/glassfish/jaxb/jaxb-runtime/4.0.5/jaxb-runtime-4.0.5.jar:/home/runner/.m2/repository/org/glassfish/jaxb/txw2/4.0.5/txw2-4.0.5.jar:/home/runner/.m2/repository/org/glassfish/jaxb/jaxb-xjc/4.0.5/jaxb-xjc-4.0.5.jar:/home/runner/.m2/repository/org/glassfish/jaxb/xsom/4.0.5/xsom-4.0.5.jar:/home/runner/.m2/repository/com/sun/istack/istack-commons-runtime/4.1.2/istack-commons-runtime-4.1.2.jar:/home/runner/.m2/repository/com/sun/istack/istack-commons-tools/4.1.2/istack-commons-tools-4.1.2.jar:/home/runner/.m2/repository/com/sun/xml/bind/external/relaxng-datatype/4.0.5/relaxng-datatype-4.0.5.jar:/home/runner/.m2/repository/com/sun/xml/bind/external/rngom/4.0.5/rngom-4.0.5.jar:/home/runner/.m2/repository/org/testcontainers/mssqlserver/1.20.6/mssqlserver-1.20.6.jar:/home/runner/.m2/repository/org/testcontainers/jdbc/1.20.6/jdbc-1.20.6.jar:/home/runner/.m2/repository/org/testcontainers/database-commons/1.20.6/database-commons-1.20.6.jar:/home/runner/.m2/repository/org/testcontainers/mysql/1.20.6/mysql-1.20.6.jar:/home/runner/.m2/repository/io/strimzi/strimzi-test-container/0.112.0/strimzi-test-container-0.112.0.jar:/home/runner/.m2/repository/org/testcontainers/toxiproxy/1.20.6/toxiproxy-1.20.6.jar:/home/runner/.m2/repository/com/github/docker-java/docker-java-api/3.4.1/docker-java-api-3.4.1.jar:/home/runner/.m2/repository/org/apache/logging/log4j/log4j-slf4j-impl/2.19.0/log4j-slf4j-impl-2.19.0.jar:/home/runner/.m2/repository/org/apache/logging/log4j/log4j-api/2.24.3/log4j-api-2.24.3.jar:/home/runner/.m2/repository/org/apache/logging/log4j/log4j-core/2.19.0/log4j-core-2.19.0.jar:/home/runner/.m2/repository/eu/rekawek/toxiproxy/toxiproxy-java/2.1.7/toxiproxy-java-2.1.7.jar:/home/runner/.m2/repository/org/testcontainers/pulsar/1.21.3/pulsar-1.21.3.jar:/home/runner/.m2/repository/io/debezium/debezium-testing-testcontainers/2.7.4.Final/debezium-testing-testcontainers-2.7.4.Final.jar:/home/runner/.m2/repository/org/testcontainers/kafka/1.20.6/kafka-1.20.6.jar:/home/runner/.m2/repository/com/squareup/okhttp3/okhttp/4.8.1/okhttp-4.8.1.jar:/home/runner/.m2/repository/com/squareup/okio/okio/3.10.2/okio-3.10.2.jar:/home/runner/.m2/repository/com/squareup/okio/okio-jvm/3.10.2/okio-jvm-3.10.2.jar:/home/runner/.m2/repository/org/jetbrains/kotlin/kotlin-stdlib/2.0.21/kotlin-stdlib-2.0.21.jar:/home/runner/.m2/repository/org/awaitility/awaitility/4.3.0/awaitility-4.3.0.jar:/home/runner/.m2/repository/org/testcontainers/mongodb/1.20.6/mongodb-1.20.6.jar:/home/runner/.m2/repository/org/testcontainers/mariadb/1.20.6/mariadb-1.20.6.jar:/home/runner/.m2/repository/org/testcontainers/oracle-xe/1.20.6/oracle-xe-1.20.6.jar:/home/runner/.m2/repository/org/testcontainers/postgresql/1.20.6/postgresql-1.20.6.jar:/home/runner/.m2/repository/org/wiremock/wiremock/3.0.1/wiremock-3.0.1.jar:/home/runner/.m2/repository/org/eclipse/jetty/jetty-server/11.0.15/jetty-server-11.0.15.jar:/home/runner/.m2/repository/org/eclipse/jetty/toolchain/jetty-jakarta-servlet-api/5.0.2/jetty-jakarta-servlet-api-5.0.2.jar:/home/runner/.m2/repository/org/eclipse/jetty/jetty-http/11.0.15/jetty-http-11.0.15.jar:/home/runner/.m2/repository/org/eclipse/jetty/jetty-io/11.0.15/jetty-io-11.0.15.jar:/home/runner/.m2/repository/org/eclipse/jetty/jetty-servlet/11.0.15/jetty-servlet-11.0.15.jar:/home/runner/.m2/repository/org/eclipse/jetty/jetty-security/11.0.15/jetty-security-11.0.15.jar:/home/runner/.m2/repository/org/eclipse/jetty/jetty-servlets/11.0.15/jetty-servlets-11.0.15.jar:/home/runner/.m2/repository/org/eclipse/jetty/jetty-util/11.0.15/jetty-util-11.0.15.jar:/home/runner/.m2/repository/org/eclipse/jetty/jetty-webapp/11.0.15/jetty-webapp-11.0.15.jar:/home/runner/.m2/repository/org/eclipse/jetty/jetty-xml/11.0.15/jetty-xml-11.0.15.jar:/home/runner/.m2/repository/org/eclipse/jetty/jetty-proxy/11.0.15/jetty-proxy-11.0.15.jar:/home/runner/.m2/repository/org/eclipse/jetty/jetty-client/11.0.15/jetty-client-11.0.15.jar:/home/runner/.m2/repository/org/eclipse/jetty/http2/http2-server/11.0.15/http2-server-11.0.15.jar:/home/runner/.m2/repository/org/eclipse/jetty/http2/http2-common/11.0.15/http2-common-11.0.15.jar:/home/runner/.m2/repository/org/eclipse/jetty/http2/http2-hpack/11.0.15/http2-hpack-11.0.15.jar:/home/runner/.m2/repository/org/eclipse/jetty/jetty-alpn-server/11.0.15/jetty-alpn-server-11.0.15.jar:/home/runner/.m2/repository/org/eclipse/jetty/jetty-alpn-java-server/11.0.15/jetty-alpn-java-server-11.0.15.jar:/home/runner/.m2/repository/org/eclipse/jetty/jetty-alpn-java-client/11.0.15/jetty-alpn-java-client-11.0.15.jar:/home/runner/.m2/repository/org/eclipse/jetty/jetty-alpn-client/11.0.15/jetty-alpn-client-11.0.15.jar:/home/runner/.m2/repository/org/apache/httpcomponents/client5/httpclient5/5.2.1/httpclient5-5.2.1.jar:/home/runner/.m2/repository/org/apache/httpcomponents/core5/httpcore5/5.2/httpcore5-5.2.jar:/home/runner/.m2/repository/org/apache/httpcomponents/core5/httpcore5-h2/5.2/httpcore5-h2-5.2.jar:/home/runner/.m2/repository/org/xmlunit/xmlunit-core/2.9.1/xmlunit-core-2.9.1.jar:/home/runner/.m2/repository/jakarta/xml/bind/jakarta.xml.bind-api/4.0.2/jakarta.xml.bind-api-4.0.2.jar:/home/runner/.m2/repository/org/xmlunit/xmlunit-legacy/2.9.1/xmlunit-legacy-2.9.1.jar:/home/runner/.m2/repository/org/xmlunit/xmlunit-placeholders/2.9.1/xmlunit-placeholders-2.9.1.jar:/home/runner/.m2/repository/net/javacrumbs/json-unit/json-unit-core/2.38.0/json-unit-core-2.38.0.jar:/home/runner/.m2/repository/org/hamcrest/hamcrest-core/2.2/hamcrest-core-2.2.jar:/home/runner/.m2/repository/com/jayway/jsonpath/json-path/2.8.0/json-path-2.8.0.jar:/home/runner/.m2/repository/net/minidev/json-smart/2.4.10/json-smart-2.4.10.jar:/home/runner/.m2/repository/net/minidev/accessors-smart/2.4.9/accessors-smart-2.4.9.jar:/home/runner/.m2/repository/org/ow2/asm/asm/9.7.1/asm-9.7.1.jar:/home/runner/.m2/repository/net/sf/jopt-simple/jopt-simple/5.0.4/jopt-simple-5.0.4.jar:/home/runner/.m2/repository/com/github/jknack/handlebars/4.3.1/handlebars-4.3.1.jar:/home/runner/.m2/repository/com/github/jknack/handlebars-helpers/4.3.1/handlebars-helpers-4.3.1.jar:/home/runner/.m2/repository/commons-fileupload/commons-fileupload/1.5/commons-fileupload-1.5.jar:/home/runner/.m2/repository/com/networknt/json-schema-validator/1.5.9/json-schema-validator-1.5.9.jar:/home/runner/.m2/repository/com/ethlo/time/itu/1.14.0/itu-1.14.0.jar:/home/runner/.m2/repository/io/quarkus/quarkus-smallrye-jwt-build/3.20.2.2/quarkus-smallrye-jwt-build-3.20.2.2.jar:/home/runner/.m2/repository/io/smallrye/smallrye-jwt-build/4.6.2/smallrye-jwt-build-4.6.2.jar:/home/runner/.m2/repository/org/eclipse/microprofile/jwt/microprofile-jwt-auth-api/2.1/microprofile-jwt-auth-api-2.1.jar:/home/runner/.m2/repository/org/bitbucket/b_c/jose4j/0.9.6/jose4j-0.9.6.jar:/home/runner/.m2/repository/io/smallrye/smallrye-jwt-common/4.6.2/smallrye-jwt-common-4.6.2.jar:/home/runner/.m2/repository/io/quarkus/quarkus-jsonp/3.20.2.2/quarkus-jsonp-3.20.2.2.jar:/home/runner/.m2/repository/io/quarkus/quarkus-arc/3.20.2.2/quarkus-arc-3.20.2.2.jar:/home/runner/.m2/repository/io/quarkus/arc/arc/3.20.2.2/arc-3.20.2.2.jar:/home/runner/.m2/repository/jakarta/transaction/jakarta.transaction-api/2.0.1/jakarta.transaction-api-2.0.1.jar:/home/runner/.m2/repository/io/smallrye/reactive/mutiny/2.9.2/mutiny-2.9.2.jar:/home/runner/.m2/repository/org/jctools/jctools-core/4.0.5/jctools-core-4.0.5.jar:/home/runner/.m2/repository/org/eclipse/microprofile/context-propagation/microprofile-context-propagation-api/1.3/microprofile-context-propagation-api-1.3.jar:/home/runner/.m2/repository/io/apicurio/apicurio-common-rest-client-common/0.1.18.Final/apicurio-common-rest-client-common-0.1.18.Final.jar:/home/runner/work/apicurio-testing/apicurio-testing/cache/clusters/ci414/namespaces/inmemory/tests/integration/apicurio-registry/utils/maven-plugin/target/apicurio-registry-maven-plugin-3.1.0.jar:/home/runner/.m2/repository/com/fasterxml/jackson/core/jackson-databind/2.18.2/jackson-databind-2.18.2.jar:/home/runner/.m2/repository/org/apache/avro/avro/1.12.0/avro-1.12.0.jar:/home/runner/.m2/repository/com/google/protobuf/protobuf-java/4.32.1/protobuf-java-4.32.1.jar:/home/runner/.m2/repository/com/google/protobuf/protobuf-java-util/4.32.1/protobuf-java-util-4.32.1.jar:/home/runner/.m2/repository/com/google/code/findbugs/jsr305/3.0.2/jsr305-3.0.2.jar:/home/runner/.m2/repository/com/google/code/gson/gson/2.12.1/gson-2.12.1.jar:/home/runner/.m2/repository/com/google/errorprone/error_prone_annotations/2.36.0/error_prone_annotations-2.36.0.jar:/home/runner/.m2/repository/com/google/j2objc/j2objc-annotations/2.8/j2objc-annotations-2.8.jar:/home/runner/work/apicurio-testing/apicurio-testing/cache/clusters/ci414/namespaces/inmemory/tests/integration/apicurio-registry/schema-util/util-provider/target/apicurio-registry-schema-util-provider-3.1.0.jar:/home/runner/work/apicurio-testing/apicurio-testing/cache/clusters/ci414/namespaces/inmemory/tests/integration/apicurio-registry/schema-util/common/target/apicurio-registry-schema-util-common-3.1.0.jar:/home/runner/.m2/repository/com/fasterxml/jackson/module/jackson-module-parameter-names/2.18.2/jackson-module-parameter-names-2.18.2.jar:/home/runner/.m2/repository/com/fasterxml/jackson/datatype/jackson-datatype-json-org/2.18.2/jackson-datatype-json-org-2.18.2.jar:/home/runner/work/apicurio-testing/apicurio-testing/cache/clusters/ci414/namespaces/inmemory/tests/integration/apicurio-registry/schema-util/json/target/apicurio-registry-schema-util-json-3.1.0.jar:/home/runner/.m2/repository/com/github/erosb/everit-json-schema/1.14.6/everit-json-schema-1.14.6.jar:/home/runner/.m2/repository/commons-validator/commons-validator/1.9.0/commons-validator-1.9.0.jar:/home/runner/.m2/repository/commons-digester/commons-digester/2.1/commons-digester-2.1.jar:/home/runner/.m2/repository/commons-collections/commons-collections/3.2.2/commons-collections-3.2.2.jar:/home/runner/.m2/repository/com/damnhandy/handy-uri-templates/2.1.8/handy-uri-templates-2.1.8.jar:/home/runner/.m2/repository/joda-time/joda-time/2.10.2/joda-time-2.10.2.jar:/home/runner/.m2/repository/com/github/erosb/json-sKema/0.27.0/json-sKema-0.27.0.jar:/home/runner/.m2/repository/com/sanctionco/jmail/jmail/2.0.2/jmail-2.0.2.jar:/home/runner/.m2/repository/io/vertx/vertx-json-schema/4.5.20/vertx-json-schema-4.5.20.jar:/home/runner/work/apicurio-testing/apicurio-testing/cache/clusters/ci414/namespaces/inmemory/tests/integration/apicurio-registry/schema-util/protobuf/target/apicurio-registry-schema-util-protobuf-3.1.0.jar:/home/runner/work/apicurio-testing/apicurio-testing/cache/clusters/ci414/namespaces/inmemory/tests/integration/apicurio-registry/utils/protobuf-schema-utilities/target/apicurio-registry-protobuf-schema-utilities-3.1.0.jar:/home/runner/.m2/repository/com/google/api/grpc/proto-google-common-protos/2.52.0/proto-google-common-protos-2.52.0.jar:/home/runner/.m2/repository/com/squareup/wire/wire-schema-jvm/5.3.3/wire-schema-jvm-5.3.3.jar:/home/runner/.m2/repository/com/palantir/javapoet/javapoet/0.6.0/javapoet-0.6.0.jar:/home/runner/.m2/repository/com/squareup/kotlinpoet-jvm/2.0.0/kotlinpoet-jvm-2.0.0.jar:/home/runner/.m2/repository/org/jetbrains/kotlin/kotlin-reflect/2.0.21/kotlin-reflect-2.0.21.jar:/home/runner/.m2/repository/com/squareup/wire/wire-runtime-jvm/5.3.3/wire-runtime-jvm-5.3.3.jar:/home/runner/.m2/repository/com/ibm/icu/icu4j/76.1/icu4j-76.1.jar:/home/runner/.m2/repository/com/squareup/okio/okio-fakefilesystem/3.10.2/okio-fakefilesystem-3.10.2.jar:/home/runner/.m2/repository/com/squareup/okio/okio-fakefilesystem-jvm/3.10.2/okio-fakefilesystem-jvm-3.10.2.jar:/home/runner/.m2/repository/org/jetbrains/kotlinx/kotlinx-datetime-jvm/0.6.1/kotlinx-datetime-jvm-0.6.1.jar:/home/runner/work/apicurio-testing/apicurio-testing/cache/clusters/ci414/namespaces/inmemory/tests/integration/apicurio-registry/schema-util/asyncapi/target/apicurio-registry-schema-util-asyncapi-3.1.0.jar:/home/runner/work/apicurio-testing/apicurio-testing/cache/clusters/ci414/namespaces/inmemory/tests/integration/apicurio-registry/schema-util/avro/target/apicurio-registry-schema-util-avro-3.1.0.jar:/home/runner/work/apicurio-testing/apicurio-testing/cache/clusters/ci414/namespaces/inmemory/tests/integration/apicurio-registry/schema-util/graphql/target/apicurio-registry-schema-util-graphql-3.1.0.jar:/home/runner/.m2/repository/com/graphql-java/graphql-java/22.4/graphql-java-22.4.jar:/home/runner/.m2/repository/com/graphql-java/java-dataloader/3.3.0/java-dataloader-3.3.0.jar:/home/runner/work/apicurio-testing/apicurio-testing/cache/clusters/ci414/namespaces/inmemory/tests/integration/apicurio-registry/schema-util/kconnect/target/apicurio-registry-schema-util-kconnect-3.1.0.jar:/home/runner/.m2/repository/org/apache/kafka/connect-json/3.9.1/connect-json-3.9.1.jar:/home/runner/.m2/repository/org/apache/kafka/connect-api/3.9.1/connect-api-3.9.1.jar:/home/runner/.m2/repository/javax/ws/rs/javax.ws.rs-api/2.1.1/javax.ws.rs-api-2.1.1.jar:/home/runner/.m2/repository/com/fasterxml/jackson/module/jackson-module-afterburner/2.18.2/jackson-module-afterburner-2.18.2.jar:/home/runner/work/apicurio-testing/apicurio-testing/cache/clusters/ci414/namespaces/inmemory/tests/integration/apicurio-registry/schema-util/openapi/target/apicurio-registry-schema-util-openapi-3.1.0.jar:/home/runner/.m2/repository/io/apicurio/apicurio-data-models/2.2.4/apicurio-data-models-2.2.4.jar:/home/runner/.m2/repository/org/slf4j/jcl-over-slf4j/2.0.6/jcl-over-slf4j-2.0.6.jar:/home/runner/.m2/repository/org/openapitools/openapidiff/openapi-diff-core/2.1.3/openapi-diff-core-2.1.3.jar:/home/runner/.m2/repository/io/swagger/parser/v3/swagger-parser/2.1.31/swagger-parser-2.1.31.jar:/home/runner/.m2/repository/io/swagger/parser/v3/swagger-parser-v2-converter/2.1.31/swagger-parser-v2-converter-2.1.31.jar:/home/runner/.m2/repository/io/swagger/swagger-core/1.6.16/swagger-core-1.6.16.jar:/home/runner/.m2/repository/io/swagger/swagger-models/1.6.16/swagger-models-1.6.16.jar:/home/runner/.m2/repository/io/swagger/swagger-annotations/1.6.16/swagger-annotations-1.6.16.jar:/home/runner/.m2/repository/io/swagger/swagger-parser/1.0.75/swagger-parser-1.0.75.jar:/home/runner/.m2/repository/io/swagger/swagger-parser-safe-url-resolver/1.0.75/swagger-parser-safe-url-resolver-1.0.75.jar:/home/runner/.m2/repository/io/swagger/swagger-compat-spec-parser/1.0.75/swagger-compat-spec-parser-1.0.75.jar:/home/runner/.m2/repository/com/github/java-json-tools/json-schema-validator/2.2.14/json-schema-validator-2.2.14.jar:/home/runner/.m2/repository/com/github/java-json-tools/jackson-coreutils-equivalence/1.0/jackson-coreutils-equivalence-1.0.jar:/home/runner/.m2/repository/com/github/java-json-tools/json-schema-core/1.2.14/json-schema-core-1.2.14.jar:/home/runner/.m2/repository/com/github/java-json-tools/uri-template/0.10/uri-template-0.10.jar:/home/runner/.m2/repository/com/googlecode/libphonenumber/libphonenumber/8.11.1/libphonenumber-8.11.1.jar:/home/runner/.m2/repository/com/j2html/j2html/1.6.0/j2html-1.6.0.jar:/home/runner/.m2/repository/org/apache/commons/commons-collections4/4.5.0/commons-collections4-4.5.0.jar:/home/runner/.m2/repository/io/swagger/parser/v3/swagger-parser-v3/2.1.34/swagger-parser-v3-2.1.34.jar:/home/runner/.m2/repository/io/swagger/core/v3/swagger-models/2.2.37/swagger-models-2.2.37.jar:/home/runner/.m2/repository/io/swagger/core/v3/swagger-core/2.2.37/swagger-core-2.2.37.jar:/home/runner/.m2/repository/io/swagger/parser/v3/swagger-parser-core/2.1.34/swagger-parser-core-2.1.34.jar:/home/runner/.m2/repository/io/swagger/parser/v3/swagger-parser-safe-url-resolver/2.1.34/swagger-parser-safe-url-resolver-2.1.34.jar:/home/runner/work/apicurio-testing/apicurio-testing/cache/clusters/ci414/namespaces/inmemory/tests/integration/apicurio-registry/schema-util/wsdl/target/apicurio-registry-schema-util-wsdl-3.1.0.jar:/home/runner/.m2/repository/wsdl4j/wsdl4j/1.6.3/wsdl4j-1.6.3.jar:/home/runner/work/apicurio-testing/apicurio-testing/cache/clusters/ci414/namespaces/inmemory/tests/integration/apicurio-registry/schema-util/xml/target/apicurio-registry-schema-util-xml-3.1.0.jar:/home/runner/.m2/repository/org/apache/santuario/xmlsec/4.0.4/xmlsec-4.0.4.jar:/home/runner/.m2/repository/com/fasterxml/woodstox/woodstox-core/7.1.1/woodstox-core-7.1.1.jar:/home/runner/.m2/repository/org/codehaus/woodstox/stax2-api/4.2.2/stax2-api-4.2.2.jar:/home/runner/work/apicurio-testing/apicurio-testing/cache/clusters/ci414/namespaces/inmemory/tests/integration/apicurio-registry/schema-util/xsd/target/apicurio-registry-schema-util-xsd-3.1.0.jar:/home/runner/work/apicurio-testing/apicurio-testing/cache/clusters/ci414/namespaces/inmemory/tests/integration/apicurio-registry/serdes/kafka/jsonschema-serde/target/apicurio-registry-jsonschema-serde-kafka-3.1.0.jar:/home/runner/work/apicurio-testing/apicurio-testing/cache/clusters/ci414/namespaces/inmemory/tests/integration/apicurio-registry/serdes/kafka/serde-kafka-common/target/apicurio-registry-serde-kafka-common-3.1.0.jar:/home/runner/work/apicurio-testing/apicurio-testing/cache/clusters/ci414/namespaces/inmemory/tests/integration/apicurio-registry/serdes/generic/serde-common/target/apicurio-registry-serde-common-3.1.0.jar:/home/runner/work/apicurio-testing/apicurio-testing/cache/clusters/ci414/namespaces/inmemory/tests/integration/apicurio-registry/serdes/generic/serde-common-jsonschema/target/apicurio-registry-serde-common-jsonschema-3.1.0.jar:/home/runner/.m2/repository/org/json/json/20250107/json-20250107.jar:/home/runner/work/apicurio-testing/apicurio-testing/cache/clusters/ci414/namespaces/inmemory/tests/integration/apicurio-registry/serdes/kafka/avro-serde/target/apicurio-registry-avro-serde-kafka-3.1.0.jar:/home/runner/work/apicurio-testing/apicurio-testing/cache/clusters/ci414/namespaces/inmemory/tests/integration/apicurio-registry/serdes/generic/serde-common-avro/target/apicurio-registry-serde-common-avro-3.1.0.jar:/home/runner/work/apicurio-testing/apicurio-testing/cache/clusters/ci414/namespaces/inmemory/tests/integration/apicurio-registry/serdes/kafka/protobuf-serde/target/apicurio-registry-protobuf-serde-kafka-3.1.0.jar:/home/runner/work/apicurio-testing/apicurio-testing/cache/clusters/ci414/namespaces/inmemory/tests/integration/apicurio-registry/serdes/generic/serde-common-protobuf/target/apicurio-registry-serde-common-protobuf-3.1.0.jar:/home/runner/.m2/repository/com/squareup/wire/wire-schema/5.3.3/wire-schema-5.3.3.jar:/home/runner/.m2/repository/com/squareup/wire/wire-runtime/5.3.3/wire-runtime-5.3.3.jar:/home/runner/work/apicurio-testing/apicurio-testing/cache/clusters/ci414/namespaces/inmemory/tests/integration/apicurio-registry/serdes/pulsar/avro-serde/target/apicurio-registry-avro-serde-pulsar-3.1.0.jar:/home/runner/.m2/repository/org/apache/pulsar/pulsar-functions-api/3.3.9/pulsar-functions-api-3.3.9.jar:/home/runner/work/apicurio-testing/apicurio-testing/cache/clusters/ci414/namespaces/inmemory/tests/integration/apicurio-registry/serdes/nats/avro-serde/target/apicurio-registry-avro-serde-nats-3.1.0.jar:/home/runner/.m2/repository/io/nats/jnats/2.23.0/jnats-2.23.0.jar:/home/runner/.m2/repository/org/bouncycastle/bcprov-lts8on/2.73.8/bcprov-lts8on-2.73.8.jar:/home/runner/work/apicurio-testing/apicurio-testing/cache/clusters/ci414/namespaces/inmemory/tests/integration/apicurio-registry/utils/converter/target/apicurio-registry-utils-converter-3.1.0.jar:/home/runner/work/apicurio-testing/apicurio-testing/cache/clusters/ci414/namespaces/inmemory/tests/integration/apicurio-registry/schema-resolver/target/apicurio-registry-schema-resolver-3.1.0.jar:/home/runner/work/apicurio-testing/apicurio-testing/cache/clusters/ci414/namespaces/inmemory/tests/integration/apicurio-registry/utils/kafka/target/apicurio-registry-utils-kafka-3.1.0.jar:/home/runner/.m2/repository/org/apache/pulsar/pulsar-client/3.3.9/pulsar-client-3.3.9.jar:/home/runner/.m2/repository/org/apache/pulsar/pulsar-client-api/3.3.9/pulsar-client-api-3.3.9.jar:/home/runner/.m2/repository/org/apache/pulsar/pulsar-client-admin-api/3.3.9/pulsar-client-admin-api-3.3.9.jar:/home/runner/.m2/repository/org/apache/pulsar/bouncy-castle-bc/3.3.9/bouncy-castle-bc-3.3.9-pkg.jar:/home/runner/.m2/repository/org/bouncycastle/bcpkix-jdk18on/1.81/bcpkix-jdk18on-1.81.jar:/home/runner/.m2/repository/org/bouncycastle/bcutil-jdk18on/1.81/bcutil-jdk18on-1.81.jar:/home/runner/.m2/repository/org/bouncycastle/bcprov-jdk18on/1.81/bcprov-jdk18on-1.81.jar:/home/runner/.m2/repository/io/opentelemetry/opentelemetry-api/1.44.1/opentelemetry-api-1.44.1.jar:/home/runner/.m2/repository/io/opentelemetry/opentelemetry-context/1.44.1/opentelemetry-context-1.44.1.jar:/home/runner/.m2/repository/io/opentelemetry/opentelemetry-api-incubator/1.44.1-alpha/opentelemetry-api-incubator-1.44.1-alpha.jar:/home/runner/.m2/repository/com/fasterxml/jackson/core/jackson-annotations/2.18.2/jackson-annotations-2.18.2.jar:/home/runner/.m2/repository/javax/validation/validation-api/1.1.0.Final/validation-api-1.1.0.Final.jar:/home/runner/.m2/repository/org/jspecify/jspecify/1.0.0/jspecify-1.0.0.jar:/home/runner/.m2/repository/org/apache/commons/commons-configuration2/2.12.0/commons-configuration2-2.12.0.jar:/home/runner/.m2/repository/commons-logging/commons-logging/1.3.5/commons-logging-1.3.5.jar:/home/runner/.m2/repository/org/apache/commons/commons-text/1.13.0/commons-text-1.13.0.jar:/home/runner/.m2/repository/io/confluent/kafka-avro-serializer/8.0.0/kafka-avro-serializer-8.0.0.jar:/home/runner/.m2/repository/org/apache/commons/commons-compress/1.27.1/commons-compress-1.27.1.jar:/home/runner/.m2/repository/io/confluent/kafka-schema-serializer/8.0.0/kafka-schema-serializer-8.0.0.jar:/home/runner/.m2/repository/com/fasterxml/jackson/dataformat/jackson-dataformat-csv/2.18.2/jackson-dataformat-csv-2.18.2.jar:/home/runner/.m2/repository/io/confluent/kafka-schema-registry-client/8.0.0/kafka-schema-registry-client-8.0.0.jar:/home/runner/.m2/repository/org/yaml/snakeyaml/2.3/snakeyaml-2.3.jar:/home/runner/.m2/repository/com/fasterxml/jackson/datatype/jackson-datatype-jdk8/2.18.2/jackson-datatype-jdk8-2.18.2.jar:/home/runner/.m2/repository/io/swagger/core/v3/swagger-annotations/2.2.29/swagger-annotations-2.2.29.jar:/home/runner/.m2/repository/com/google/guava/guava/33.4.0-jre/guava-33.4.0-jre.jar:/home/runner/.m2/repository/com/google/guava/failureaccess/1.0.1/failureaccess-1.0.1.jar:/home/runner/.m2/repository/org/checkerframework/checker-qual/3.49.0/checker-qual-3.49.0.jar:/home/runner/.m2/repository/io/confluent/logredactor/1.0.13/logredactor-1.0.13.jar:/home/runner/.m2/repository/com/google/re2j/re2j/1.6/re2j-1.6.jar:/home/runner/.m2/repository/io/confluent/logredactor-metrics/1.0.13/logredactor-metrics-1.0.13.jar:/home/runner/.m2/repository/com/eclipsesource/minimal-json/minimal-json/0.9.5/minimal-json-0.9.5.jar:/home/runner/.m2/repository/io/confluent/common-utils/8.0.0/common-utils-8.0.0.jar:/home/runner/.m2/repository/io/confluent/kafka-connect-avro-converter/8.0.0/kafka-connect-avro-converter-8.0.0.jar:/home/runner/.m2/repository/io/confluent/kafka-connect-avro-data/8.0.0/kafka-connect-avro-data-8.0.0.jar:/home/runner/.m2/repository/io/confluent/kafka-schema-converter/8.0.0/kafka-schema-converter-8.0.0.jar:/home/runner/.m2/repository/io/rest-assured/rest-assured/5.5.1/rest-assured-5.5.1.jar:/home/runner/.m2/repository/org/apache/groovy/groovy/4.0.22/groovy-4.0.22.jar:/home/runner/.m2/repository/org/apache/groovy/groovy-xml/4.0.22/groovy-xml-4.0.22.jar:/home/runner/.m2/repository/org/apache/httpcomponents/httpclient/4.5.14/httpclient-4.5.14.jar:/home/runner/.m2/repository/org/apache/httpcomponents/httpcore/4.4.16/httpcore-4.4.16.jar:/home/runner/.m2/repository/org/apache/httpcomponents/httpmime/4.5.14/httpmime-4.5.14.jar:/home/runner/.m2/repository/org/hamcrest/hamcrest/2.2/hamcrest-2.2.jar:/home/runner/.m2/repository/org/ccil/cowan/tagsoup/tagsoup/1.2.1/tagsoup-1.2.1.jar:/home/runner/.m2/repository/io/rest-assured/json-path/5.5.1/json-path-5.5.1.jar:/home/runner/.m2/repository/org/apache/groovy/groovy-json/4.0.22/groovy-json-4.0.22.jar:/home/runner/.m2/repository/io/rest-assured/rest-assured-common/5.5.1/rest-assured-common-5.5.1.jar:/home/runner/.m2/repository/io/rest-assured/xml-path/5.5.1/xml-path-5.5.1.jar:/home/runner/.m2/repository/io/zonky/test/embedded-postgres/2.1.1/embedded-postgres-2.1.1.jar:/home/runner/.m2/repository/io/zonky/test/postgres/embedded-postgres-binaries-windows-amd64/14.19.0/embedded-postgres-binaries-windows-amd64-14.19.0.jar:/home/runner/.m2/repository/io/zonky/test/postgres/embedded-postgres-binaries-darwin-amd64/14.19.0/embedded-postgres-binaries-darwin-amd64-14.19.0.jar:/home/runner/.m2/repository/io/zonky/test/postgres/embedded-postgres-binaries-linux-amd64/14.19.0/embedded-postgres-binaries-linux-amd64-14.19.0.jar:/home/runner/.m2/repository/io/zonky/test/postgres/embedded-postgres-binaries-linux-amd64-alpine/14.19.0/embedded-postgres-binaries-linux-amd64-alpine-14.19.0.jar:/home/runner/.m2/repository/org/apache/commons/commons-lang3/3.17.0/commons-lang3-3.17.0.jar:/home/runner/.m2/repository/org/tukaani/xz/1.10/xz-1.10.jar:/home/runner/.m2/repository/commons-codec/commons-codec/1.19.0/commons-codec-1.19.0.jar:/home/runner/.m2/repository/org/postgresql/postgresql/42.7.7/postgresql-42.7.7.jar:/home/runner/.m2/repository/commons-io/commons-io/2.18.0/commons-io-2.18.0.jar:/home/runner/work/apicurio-testing/apicurio-testing/cache/clusters/ci414/namespaces/inmemory/tests/integration/apicurio-registry/utils/importexport/target/apicurio-registry-utils-import-export-3.1.0.jar:/home/runner/.m2/repository/io/vertx/vertx-core/4.5.20/vertx-core-4.5.20.jar:/home/runner/.m2/repository/io/netty/netty-common/4.1.124.Final/netty-common-4.1.124.Final.jar:/home/runner/.m2/repository/io/netty/netty-buffer/4.1.124.Final/netty-buffer-4.1.124.Final.jar:/home/runner/.m2/repository/io/netty/netty-transport/4.1.124.Final/netty-transport-4.1.124.Final.jar:/home/runner/.m2/repository/io/netty/netty-handler/4.1.124.Final/netty-handler-4.1.124.Final.jar:/home/runner/.m2/repository/io/netty/netty-transport-native-unix-common/4.1.124.Final/netty-transport-native-unix-common-4.1.124.Final.jar:/home/runner/.m2/repository/io/netty/netty-codec/4.1.124.Final/netty-codec-4.1.124.Final.jar:/home/runner/.m2/repository/io/netty/netty-handler-proxy/4.1.124.Final/netty-handler-proxy-4.1.124.Final.jar:/home/runner/.m2/repository/io/netty/netty-codec-socks/4.1.124.Final/netty-codec-socks-4.1.124.Final.jar:/home/runner/.m2/repository/io/netty/netty-codec-http/4.1.124.Final/netty-codec-http-4.1.124.Final.jar:/home/runner/.m2/repository/io/netty/netty-codec-http2/4.1.124.Final/netty-codec-http2-4.1.124.Final.jar:/home/runner/.m2/repository/io/netty/netty-resolver/4.1.124.Final/netty-resolver-4.1.124.Final.jar:/home/runner/.m2/repository/io/netty/netty-resolver-dns/4.1.124.Final/netty-resolver-dns-4.1.124.Final.jar:/home/runner/.m2/repository/io/netty/netty-codec-dns/4.1.124.Final/netty-codec-dns-4.1.124.Final.jar:/home/runner/.m2/repository/com/fasterxml/jackson/core/jackson-core/2.18.2/jackson-core-2.18.2.jar:"/>
    <property name="java.vm.vendor" value="Eclipse Adoptium"/>
    <property name="maven.javadoc.skip" value="true"/>
    <property name="sun.arch.data.model" value="64"/>
    <property name="java.vendor.url" value="https://adoptium.net/"/>
    <property name="user.timezone" value="Etc/UTC"/>
    <property name="os.name" value="Linux"/>
    <property name="java.vm.specification.version" value="17"/>
    <property name="sun.java.launcher" value="SUN_STANDARD"/>
    <property name="quarkus.http.test-port" value="80"/>
    <property name="sun.boot.library.path" value="/usr/lib/jvm/temurin-17-jdk-amd64/lib"/>
    <property name="sun.java.command" value="/home/runner/work/apicurio-testing/apicurio-testing/cache/clusters/ci414/namespaces/inmemory/tests/integration/apicurio-registry/integration-tests/target/surefire/surefirebooter-20251008172722333_3.jar /home/runner/work/apicurio-testing/apicurio-testing/cache/clusters/ci414/namespaces/inmemory/tests/integration/apicurio-registry/integration-tests/target/surefire 2025-10-08T17-27-22_282-jvmRun1 surefire-20251008172722333_1tmp surefire_0-20251008172722333_2tmp"/>
    <property name="maven.home" value="/home/runner/.m2/wrapper/dists/apache-maven-3.9.8-bin/4fnp1ql35bgk2a0p7m31ovbgb0/apache-maven-3.9.8"/>
    <property name="jdk.debug" value="release"/>
    <property name="surefire.test.class.path" value="/home/runner/work/apicurio-testing/apicurio-testing/cache/clusters/ci414/namespaces/inmemory/tests/integration/apicurio-registry/integration-tests/target/test-classes:/home/runner/work/apicurio-testing/apicurio-testing/cache/clusters/ci414/namespaces/inmemory/tests/integration/apicurio-registry/integration-tests/target/apicurio-registry-integration-tests-3.1.0.jar:/home/runner/.m2/repository/io/quarkus/quarkus-junit5/3.20.2.2/quarkus-junit5-3.20.2.2.jar:/home/runner/.m2/repository/io/quarkus/quarkus-bootstrap-core/3.20.2.2/quarkus-bootstrap-core-3.20.2.2.jar:/home/runner/.m2/repository/io/quarkus/quarkus-classloader-commons/3.20.2.2/quarkus-classloader-commons-3.20.2.2.jar:/home/runner/.m2/repository/io/quarkus/quarkus-bootstrap-app-model/3.20.2.2/quarkus-bootstrap-app-model-3.20.2.2.jar:/home/runner/.m2/repository/io/smallrye/common/smallrye-common-io/2.12.0/smallrye-common-io-2.12.0.jar:/home/runner/.m2/repository/org/eclipse/sisu/org.eclipse.sisu.inject/0.9.0.M3/org.eclipse.sisu.inject-0.9.0.M3.jar:/home/runner/.m2/repository/io/quarkus/quarkus-test-common/3.20.2.2/quarkus-test-common-3.20.2.2.jar:/home/runner/.m2/repository/io/quarkus/quarkus-core-deployment/3.20.2.2/quarkus-core-deployment-3.20.2.2.jar:/home/runner/.m2/repository/org/aesh/readline/2.6/readline-2.6.jar:/home/runner/.m2/repository/org/fusesource/jansi/jansi/2.4.0/jansi-2.4.0.jar:/home/runner/.m2/repository/org/aesh/aesh/2.8.2/aesh-2.8.2.jar:/home/runner/.m2/repository/io/quarkus/gizmo/gizmo/1.8.0/gizmo-1.8.0.jar:/home/runner/.m2/repository/org/ow2/asm/asm-util/9.7.1/asm-util-9.7.1.jar:/home/runner/.m2/repository/org/ow2/asm/asm-analysis/9.7.1/asm-analysis-9.7.1.jar:/home/runner/.m2/repository/org/ow2/asm/asm-commons/9.7.1/asm-commons-9.7.1.jar:/home/runner/.m2/repository/org/ow2/asm/asm-tree/9.7.1/asm-tree-9.7.1.jar:/home/runner/.m2/repository/io/quarkus/quarkus-hibernate-validator-spi/3.20.2.2/quarkus-hibernate-validator-spi-3.20.2.2.jar:/home/runner/.m2/repository/io/quarkus/quarkus-class-change-agent/3.20.2.2/quarkus-class-change-agent-3.20.2.2.jar:/home/runner/.m2/repository/io/quarkus/quarkus-devtools-utilities/3.20.2.2/quarkus-devtools-utilities-3.20.2.2.jar:/home/runner/.m2/repository/io/quarkus/quarkus-builder/3.20.2.2/quarkus-builder-3.20.2.2.jar:/home/runner/.m2/repository/org/graalvm/sdk/nativeimage/23.1.2/nativeimage-23.1.2.jar:/home/runner/.m2/repository/org/graalvm/sdk/word/23.1.2/word-23.1.2.jar:/home/runner/.m2/repository/io/quarkus/quarkus-bootstrap-maven-resolver/3.20.2.2/quarkus-bootstrap-maven-resolver-3.20.2.2.jar:/home/runner/.m2/repository/io/smallrye/beanbag/smallrye-beanbag-maven/1.5.2/smallrye-beanbag-maven-1.5.2.jar:/home/runner/.m2/repository/io/smallrye/beanbag/smallrye-beanbag-sisu/1.5.2/smallrye-beanbag-sisu-1.5.2.jar:/home/runner/.m2/repository/io/smallrye/beanbag/smallrye-beanbag/1.5.2/smallrye-beanbag-1.5.2.jar:/home/runner/.m2/repository/javax/inject/javax.inject/1/javax.inject-1.jar:/home/runner/.m2/repository/org/apache/maven/maven-artifact/3.9.9/maven-artifact-3.9.9.jar:/home/runner/.m2/repository/org/apache/maven/maven-builder-support/3.9.9/maven-builder-support-3.9.9.jar:/home/runner/.m2/repository/org/apache/maven/maven-model/3.9.9/maven-model-3.9.9.jar:/home/runner/.m2/repository/org/apache/maven/maven-model-builder/3.9.9/maven-model-builder-3.9.9.jar:/home/runner/.m2/repository/org/apache/maven/maven-repository-metadata/3.9.9/maven-repository-metadata-3.9.9.jar:/home/runner/.m2/repository/org/apache/maven/maven-settings/3.9.9/maven-settings-3.9.9.jar:/home/runner/.m2/repository/org/apache/maven/resolver/maven-resolver-api/1.9.22/maven-resolver-api-1.9.22.jar:/home/runner/.m2/repository/org/apache/maven/resolver/maven-resolver-impl/1.9.22/maven-resolver-impl-1.9.22.jar:/home/runner/.m2/repository/org/apache/maven/resolver/maven-resolver-named-locks/1.9.22/maven-resolver-named-locks-1.9.22.jar:/home/runner/.m2/repository/org/apache/maven/resolver/maven-resolver-spi/1.9.22/maven-resolver-spi-1.9.22.jar:/home/runner/.m2/repository/org/apache/maven/resolver/maven-resolver-util/1.9.22/maven-resolver-util-1.9.22.jar:/home/runner/.m2/repository/org/apache/maven/resolver/maven-resolver-transport-http/1.9.20/maven-resolver-transport-http-1.9.20.jar:/home/runner/.m2/repository/org/apache/maven/wagon/wagon-provider-api/3.5.3/wagon-provider-api-3.5.3.jar:/home/runner/.m2/repository/org/apache/maven/wagon/wagon-http-shared/3.5.3/wagon-http-shared-3.5.3.jar:/home/runner/.m2/repository/org/codehaus/plexus/plexus-interpolation/1.26/plexus-interpolation-1.26.jar:/home/runner/.m2/repository/org/codehaus/plexus/plexus-utils/3.5.1/plexus-utils-3.5.1.jar:/home/runner/.m2/repository/org/codehaus/plexus/plexus-xml/4.0.1/plexus-xml-4.0.1.jar:/home/runner/.m2/repository/org/apache/maven/maven-xml-impl/4.0.0-alpha-5/maven-xml-impl-4.0.0-alpha-5.jar:/home/runner/.m2/repository/org/apache/maven/maven-api-xml/4.0.0-alpha-5/maven-api-xml-4.0.0-alpha-5.jar:/home/runner/.m2/repository/org/apache/maven/maven-api-meta/4.0.0-alpha-5/maven-api-meta-4.0.0-alpha-5.jar:/home/runner/.m2/repository/org/codehaus/plexus/plexus-cipher/2.0/plexus-cipher-2.0.jar:/home/runner/.m2/repository/org/codehaus/plexus/plexus-sec-dispatcher/2.0/plexus-sec-dispatcher-2.0.jar:/home/runner/.m2/repository/org/apache/maven/maven-embedder/3.9.9/maven-embedder-3.9.9.jar:/home/runner/.m2/repository/org/apache/maven/maven-core/3.9.9/maven-core-3.9.9.jar:/home/runner/.m2/repository/org/codehaus/plexus/plexus-component-annotations/2.1.0/plexus-component-annotations-2.1.0.jar:/home/runner/.m2/repository/org/apache/maven/maven-plugin-api/3.9.9/maven-plugin-api-3.9.9.jar:/home/runner/.m2/repository/org/apache/maven/shared/maven-shared-utils/3.4.2/maven-shared-utils-3.4.2.jar:/home/runner/.m2/repository/com/google/inject/guice/5.1.0/guice-5.1.0.jar:/home/runner/.m2/repository/aopalliance/aopalliance/1.0/aopalliance-1.0.jar:/home/runner/.m2/repository/org/codehaus/plexus/plexus-classworlds/2.6.0/plexus-classworlds-2.6.0.jar:/home/runner/.m2/repository/commons-cli/commons-cli/1.8.0/commons-cli-1.8.0.jar:/home/runner/.m2/repository/org/eclipse/sisu/org.eclipse.sisu.plexus/0.9.0.M3/org.eclipse.sisu.plexus-0.9.0.M3.jar:/home/runner/.m2/repository/org/apache/maven/maven-settings-builder/3.9.9/maven-settings-builder-3.9.9.jar:/home/runner/.m2/repository/org/apache/maven/maven-resolver-provider/3.9.9/maven-resolver-provider-3.9.9.jar:/home/runner/.m2/repository/org/apache/maven/resolver/maven-resolver-connector-basic/1.9.22/maven-resolver-connector-basic-1.9.22.jar:/home/runner/.m2/repository/org/apache/maven/resolver/maven-resolver-transport-wagon/1.9.22/maven-resolver-transport-wagon-1.9.22.jar:/home/runner/.m2/repository/org/apache/maven/wagon/wagon-http/3.5.3/wagon-http-3.5.3.jar:/home/runner/.m2/repository/org/apache/maven/wagon/wagon-file/3.5.3/wagon-file-3.5.3.jar:/home/runner/.m2/repository/io/quarkus/quarkus-bootstrap-gradle-resolver/3.20.2.2/quarkus-bootstrap-gradle-resolver-3.20.2.2.jar:/home/runner/.m2/repository/io/smallrye/jandex/3.3.0/jandex-3.3.0.jar:/home/runner/.m2/repository/org/jboss/logging/commons-logging-jboss-logging/1.0.0.Final/commons-logging-jboss-logging-1.0.0.Final.jar:/home/runner/.m2/repository/io/quarkus/quarkus-junit5-config/3.20.2.2/quarkus-junit5-config-3.20.2.2.jar:/home/runner/.m2/repository/org/junit/jupiter/junit-jupiter-api/5.12.1/junit-jupiter-api-5.12.1.jar:/home/runner/.m2/repository/io/smallrye/config/smallrye-config/3.11.4/smallrye-config-3.11.4.jar:/home/runner/.m2/repository/io/smallrye/config/smallrye-config-core/3.11.4/smallrye-config-core-3.11.4.jar:/home/runner/.m2/repository/io/smallrye/common/smallrye-common-classloader/2.12.0/smallrye-common-classloader-2.12.0.jar:/home/runner/.m2/repository/io/smallrye/config/smallrye-config-common/3.11.4/smallrye-config-common-3.11.4.jar:/home/runner/.m2/repository/org/junit/jupiter/junit-jupiter/5.12.1/junit-jupiter-5.12.1.jar:/home/runner/.m2/repository/org/junit/jupiter/junit-jupiter-params/5.12.1/junit-jupiter-params-5.12.1.jar:/home/runner/.m2/repository/org/junit/jupiter/junit-jupiter-engine/5.12.1/junit-jupiter-engine-5.12.1.jar:/home/runner/.m2/repository/io/quarkus/quarkus-core/3.20.2.2/quarkus-core-3.20.2.2.jar:/home/runner/.m2/repository/jakarta/enterprise/jakarta.enterprise.cdi-api/4.1.0/jakarta.enterprise.cdi-api-4.1.0.jar:/home/runner/.m2/repository/jakarta/enterprise/jakarta.enterprise.lang-model/4.1.0/jakarta.enterprise.lang-model-4.1.0.jar:/home/runner/.m2/repository/jakarta/el/jakarta.el-api/5.0.1/jakarta.el-api-5.0.1.jar:/home/runner/.m2/repository/jakarta/interceptor/jakarta.interceptor-api/2.2.0/jakarta.interceptor-api-2.2.0.jar:/home/runner/.m2/repository/jakarta/inject/jakarta.inject-api/2.0.1/jakarta.inject-api-2.0.1.jar:/home/runner/.m2/repository/io/smallrye/common/smallrye-common-os/2.12.0/smallrye-common-os-2.12.0.jar:/home/runner/.m2/repository/io/quarkus/quarkus-ide-launcher/3.20.2.2/quarkus-ide-launcher-3.20.2.2.jar:/home/runner/.m2/repository/io/quarkus/quarkus-development-mode-spi/3.20.2.2/quarkus-development-mode-spi-3.20.2.2.jar:/home/runner/.m2/repository/org/jboss/logging/jboss-logging/3.6.1.Final/jboss-logging-3.6.1.Final.jar:/home/runner/.m2/repository/org/jboss/logmanager/jboss-logmanager/3.1.2.Final/jboss-logmanager-3.1.2.Final.jar:/home/runner/.m2/repository/io/smallrye/common/smallrye-common-constraint/2.12.0/smallrye-common-constraint-2.12.0.jar:/home/runner/.m2/repository/io/smallrye/common/smallrye-common-cpu/2.12.0/smallrye-common-cpu-2.12.0.jar:/home/runner/.m2/repository/io/smallrye/common/smallrye-common-expression/2.12.0/smallrye-common-expression-2.12.0.jar:/home/runner/.m2/repository/io/smallrye/common/smallrye-common-net/2.12.0/smallrye-common-net-2.12.0.jar:/home/runner/.m2/repository/io/smallrye/common/smallrye-common-ref/2.12.0/smallrye-common-ref-2.12.0.jar:/home/runner/.m2/repository/jakarta/json/jakarta.json-api/2.1.3/jakarta.json-api-2.1.3.jar:/home/runner/.m2/repository/org/eclipse/parsson/parsson/1.1.7/parsson-1.1.7.jar:/home/runner/.m2/repository/org/jboss/logging/jboss-logging-annotations/3.0.4.Final/jboss-logging-annotations-3.0.4.Final.jar:/home/runner/.m2/repository/org/jboss/threads/jboss-threads/3.8.0.Final/jboss-threads-3.8.0.Final.jar:/home/runner/.m2/repository/io/smallrye/common/smallrye-common-annotation/2.12.0/smallrye-common-annotation-2.12.0.jar:/home/runner/.m2/repository/io/smallrye/common/smallrye-common-function/2.12.0/smallrye-common-function-2.12.0.jar:/home/runner/.m2/repository/org/jboss/slf4j/slf4j-jboss-logmanager/2.0.0.Final/slf4j-jboss-logmanager-2.0.0.Final.jar:/home/runner/.m2/repository/org/wildfly/common/wildfly-common/2.0.1/wildfly-common-2.0.1.jar:/home/runner/.m2/repository/io/quarkus/quarkus-bootstrap-runner/3.20.2.2/quarkus-bootstrap-runner-3.20.2.2.jar:/home/runner/.m2/repository/io/github/crac/org-crac/0.1.3/org-crac-0.1.3.jar:/home/runner/.m2/repository/io/quarkus/quarkus-fs-util/0.0.10/quarkus-fs-util-0.0.10.jar:/home/runner/.m2/repository/org/jboss/marshalling/jboss-marshalling/2.2.2.Final/jboss-marshalling-2.2.2.Final.jar:/home/runner/.m2/repository/io/fabric8/kubernetes-client/7.1.0/kubernetes-client-7.1.0.jar:/home/runner/.m2/repository/io/fabric8/kubernetes-client-api/7.1.0/kubernetes-client-api-7.1.0.jar:/home/runner/.m2/repository/io/fabric8/kubernetes-model-core/7.1.0/kubernetes-model-core-7.1.0.jar:/home/runner/.m2/repository/io/fabric8/kubernetes-model-common/7.1.0/kubernetes-model-common-7.1.0.jar:/home/runner/.m2/repository/javax/annotation/javax.annotation-api/1.3.2/javax.annotation-api-1.3.2.jar:/home/runner/.m2/repository/io/fabric8/kubernetes-model-gatewayapi/7.1.0/kubernetes-model-gatewayapi-7.1.0.jar:/home/runner/.m2/repository/io/fabric8/kubernetes-model-resource/7.1.0/kubernetes-model-resource-7.1.0.jar:/home/runner/.m2/repository/io/fabric8/kubernetes-model-rbac/7.1.0/kubernetes-model-rbac-7.1.0.jar:/home/runner/.m2/repository/io/fabric8/kubernetes-model-admissionregistration/7.1.0/kubernetes-model-admissionregistration-7.1.0.jar:/home/runner/.m2/repository/io/fabric8/kubernetes-model-apps/7.1.0/kubernetes-model-apps-7.1.0.jar:/home/runner/.m2/repository/io/fabric8/kubernetes-model-autoscaling/7.1.0/kubernetes-model-autoscaling-7.1.0.jar:/home/runner/.m2/repository/io/fabric8/kubernetes-model-apiextensions/7.1.0/kubernetes-model-apiextensions-7.1.0.jar:/home/runner/.m2/repository/io/fabric8/kubernetes-model-batch/7.1.0/kubernetes-model-batch-7.1.0.jar:/home/runner/.m2/repository/io/fabric8/kubernetes-model-certificates/7.1.0/kubernetes-model-certificates-7.1.0.jar:/home/runner/.m2/repository/io/fabric8/kubernetes-model-coordination/7.1.0/kubernetes-model-coordination-7.1.0.jar:/home/runner/.m2/repository/io/fabric8/kubernetes-model-discovery/7.1.0/kubernetes-model-discovery-7.1.0.jar:/home/runner/.m2/repository/io/fabric8/kubernetes-model-events/7.1.0/kubernetes-model-events-7.1.0.jar:/home/runner/.m2/repository/io/fabric8/kubernetes-model-extensions/7.1.0/kubernetes-model-extensions-7.1.0.jar:/home/runner/.m2/repository/io/fabric8/kubernetes-model-flowcontrol/7.1.0/kubernetes-model-flowcontrol-7.1.0.jar:/home/runner/.m2/repository/io/fabric8/kubernetes-model-networking/7.1.0/kubernetes-model-networking-7.1.0.jar:/home/runner/.m2/repository/io/fabric8/kubernetes-model-metrics/7.1.0/kubernetes-model-metrics-7.1.0.jar:/home/runner/.m2/repository/io/fabric8/kubernetes-model-policy/7.1.0/kubernetes-model-policy-7.1.0.jar:/home/runner/.m2/repository/io/fabric8/kubernetes-model-scheduling/7.1.0/kubernetes-model-scheduling-7.1.0.jar:/home/runner/.m2/repository/io/fabric8/kubernetes-model-storageclass/7.1.0/kubernetes-model-storageclass-7.1.0.jar:/home/runner/.m2/repository/io/fabric8/kubernetes-model-node/7.1.0/kubernetes-model-node-7.1.0.jar:/home/runner/.m2/repository/org/snakeyaml/snakeyaml-engine/2.9/snakeyaml-engine-2.9.jar:/home/runner/.m2/repository/com/fasterxml/jackson/dataformat/jackson-dataformat-yaml/2.18.2/jackson-dataformat-yaml-2.18.2.jar:/home/runner/.m2/repository/com/fasterxml/jackson/datatype/jackson-datatype-jsr310/2.18.2/jackson-datatype-jsr310-2.18.2.jar:/home/runner/.m2/repository/io/fabric8/zjsonpatch/7.1.0/zjsonpatch-7.1.0.jar:/home/runner/.m2/repository/io/fabric8/kubernetes-httpclient-vertx/7.1.0/kubernetes-httpclient-vertx-7.1.0.jar:/home/runner/.m2/repository/io/vertx/vertx-web-client/4.5.20/vertx-web-client-4.5.20.jar:/home/runner/.m2/repository/io/vertx/vertx-web-common/4.5.20/vertx-web-common-4.5.20.jar:/home/runner/.m2/repository/io/vertx/vertx-auth-common/4.5.20/vertx-auth-common-4.5.20.jar:/home/runner/.m2/repository/io/vertx/vertx-uri-template/4.5.20/vertx-uri-template-4.5.20.jar:/home/runner/.m2/repository/io/fabric8/openshift-client/7.1.0/openshift-client-7.1.0.jar:/home/runner/.m2/repository/io/fabric8/openshift-client-api/7.1.0/openshift-client-api-7.1.0.jar:/home/runner/.m2/repository/io/fabric8/openshift-model/7.1.0/openshift-model-7.1.0.jar:/home/runner/.m2/repository/io/fabric8/openshift-model-autoscaling/7.1.0/openshift-model-autoscaling-7.1.0.jar:/home/runner/.m2/repository/io/fabric8/openshift-model-operator/7.1.0/openshift-model-operator-7.1.0.jar:/home/runner/.m2/repository/io/fabric8/openshift-model-operatorhub/7.1.0/openshift-model-operatorhub-7.1.0.jar:/home/runner/.m2/repository/io/fabric8/openshift-model-machine/7.1.0/openshift-model-machine-7.1.0.jar:/home/runner/.m2/repository/io/fabric8/openshift-model-whereabouts/7.1.0/openshift-model-whereabouts-7.1.0.jar:/home/runner/.m2/repository/io/fabric8/openshift-model-monitoring/7.1.0/openshift-model-monitoring-7.1.0.jar:/home/runner/.m2/repository/io/fabric8/openshift-model-storageversionmigrator/7.1.0/openshift-model-storageversionmigrator-7.1.0.jar:/home/runner/.m2/repository/io/fabric8/openshift-model-tuned/7.1.0/openshift-model-tuned-7.1.0.jar:/home/runner/.m2/repository/io/fabric8/openshift-model-console/7.1.0/openshift-model-console-7.1.0.jar:/home/runner/.m2/repository/io/fabric8/openshift-model-config/7.1.0/openshift-model-config-7.1.0.jar:/home/runner/.m2/repository/io/fabric8/openshift-model-machineconfiguration/7.1.0/openshift-model-machineconfiguration-7.1.0.jar:/home/runner/.m2/repository/io/fabric8/openshift-model-miscellaneous/7.1.0/openshift-model-miscellaneous-7.1.0.jar:/home/runner/.m2/repository/io/fabric8/openshift-model-hive/7.1.0/openshift-model-hive-7.1.0.jar:/home/runner/.m2/repository/io/fabric8/openshift-model-installer/7.1.0/openshift-model-installer-7.1.0.jar:/home/runner/.m2/repository/org/junit/platform/junit-platform-launcher/1.12.1/junit-platform-launcher-1.12.1.jar:/home/runner/.m2/repository/org/junit/platform/junit-platform-engine/1.12.1/junit-platform-engine-1.12.1.jar:/home/runner/.m2/repository/org/opentest4j/opentest4j/1.3.0/opentest4j-1.3.0.jar:/home/runner/.m2/repository/org/junit/platform/junit-platform-commons/1.12.1/junit-platform-commons-1.12.1.jar:/home/runner/.m2/repository/org/apiguardian/apiguardian-api/1.1.2/apiguardian-api-1.1.2.jar:/home/runner/.m2/repository/jakarta/ws/rs/jakarta.ws.rs-api/3.1.0/jakarta.ws.rs-api-3.1.0.jar:/home/runner/work/apicurio-testing/apicurio-testing/cache/clusters/ci414/namespaces/inmemory/tests/integration/apicurio-registry/java-sdk/target/apicurio-registry-java-sdk-3.1.0.jar:/home/runner/.m2/repository/com/microsoft/kiota/microsoft-kiota-abstractions/1.8.10/microsoft-kiota-abstractions-1.8.10.jar:/home/runner/.m2/repository/io/github/std-uritemplate/std-uritemplate/2.0.0/std-uritemplate-2.0.0.jar:/home/runner/.m2/repository/io/kiota/kiota-http-jdk/0.0.29/kiota-http-jdk-0.0.29.jar:/home/runner/.m2/repository/io/kiota/kiota-http-vertx/0.0.29/kiota-http-vertx-0.0.29.jar:/home/runner/.m2/repository/io/kiota/kiota-serialization-jackson/0.0.29/kiota-serialization-jackson-0.0.29.jar:/home/runner/.m2/repository/com/microsoft/kiota/microsoft-kiota-serialization-text/1.8.10/microsoft-kiota-serialization-text-1.8.10.jar:/home/runner/.m2/repository/com/microsoft/kiota/microsoft-kiota-serialization-form/1.8.10/microsoft-kiota-serialization-form-1.8.10.jar:/home/runner/.m2/repository/com/microsoft/kiota/microsoft-kiota-serialization-multipart/1.8.10/microsoft-kiota-serialization-multipart-1.8.10.jar:/home/runner/.m2/repository/jakarta/annotation/jakarta.annotation-api/3.0.0/jakarta.annotation-api-3.0.0.jar:/home/runner/.m2/repository/io/vertx/vertx-auth-oauth2/4.5.20/vertx-auth-oauth2-4.5.20.jar:/home/runner/work/apicurio-testing/apicurio-testing/cache/clusters/ci414/namespaces/inmemory/tests/integration/apicurio-registry/java-sdk-v2/target/apicurio-registry-v2-java-sdk-3.1.0.jar:/home/runner/work/apicurio-testing/apicurio-testing/cache/clusters/ci414/namespaces/inmemory/tests/integration/apicurio-registry/utils/kafka/target/apicurio-registry-utils-kafka-3.1.0-tests.jar:/home/runner/.m2/repository/org/eclipse/microprofile/config/microprofile-config-api/3.1/microprofile-config-api-3.1.jar:/home/runner/.m2/repository/org/apache/kafka/kafka-clients/3.9.1/kafka-clients-3.9.1.jar:/home/runner/.m2/repository/com/github/luben/zstd-jni/1.5.6-4/zstd-jni-1.5.6-4.jar:/home/runner/.m2/repository/org/lz4/lz4-java/1.8.0/lz4-java-1.8.0.jar:/home/runner/.m2/repository/org/xerial/snappy/snappy-java/1.1.10.5/snappy-java-1.1.10.5.jar:/home/runner/.m2/repository/org/slf4j/slf4j-api/2.0.6/slf4j-api-2.0.6.jar:/home/runner/work/apicurio-testing/apicurio-testing/cache/clusters/ci414/namespaces/inmemory/tests/integration/apicurio-registry/utils/tests/target/apicurio-registry-utils-tests-3.1.0.jar:/home/runner/work/apicurio-testing/apicurio-testing/cache/clusters/ci414/namespaces/inmemory/tests/integration/apicurio-registry/common/target/apicurio-registry-common-3.1.0.jar:/home/runner/.m2/repository/jakarta/validation/jakarta.validation-api/3.0.2/jakarta.validation-api-3.0.2.jar:/home/runner/.m2/repository/com/github/dasniko/testcontainers-keycloak/3.9.0/testcontainers-keycloak-3.9.0.jar:/home/runner/.m2/repository/org/testcontainers/testcontainers/1.20.6/testcontainers-1.20.6.jar:/home/runner/.m2/repository/org/rnorth/duct-tape/duct-tape/1.0.8/duct-tape-1.0.8.jar:/home/runner/.m2/repository/org/jetbrains/annotations/26.0.2/annotations-26.0.2.jar:/home/runner/.m2/repository/com/github/docker-java/docker-java-transport-zerodep/3.4.1/docker-java-transport-zerodep-3.4.1.jar:/home/runner/.m2/repository/com/github/docker-java/docker-java-transport/3.4.1/docker-java-transport-3.4.1.jar:/home/runner/.m2/repository/net/java/dev/jna/jna/5.8.0/jna-5.8.0.jar:/home/runner/.m2/repository/io/quarkus/quarkus-junit4-mock/3.20.2.2/quarkus-junit4-mock-3.20.2.2.jar:/home/runner/.m2/repository/org/jboss/shrinkwrap/shrinkwrap-api/2.0.0-beta-2/shrinkwrap-api-2.0.0-beta-2.jar:/home/runner/.m2/repository/org/jboss/shrinkwrap/shrinkwrap-impl-base/2.0.0-beta-2/shrinkwrap-impl-base-2.0.0-beta-2.jar:/home/runner/.m2/repository/org/jboss/shrinkwrap/shrinkwrap-spi/2.0.0-beta-2/shrinkwrap-spi-2.0.0-beta-2.jar:/home/runner/.m2/repository/org/keycloak/keycloak-admin-client/26.0.4/keycloak-admin-client-26.0.4.jar:/home/runner/.m2/repository/org/keycloak/keycloak-client-common-synced/26.0.4/keycloak-client-common-synced-26.0.4.jar:/home/runner/.m2/repository/jakarta/activation/jakarta.activation-api/2.1.3/jakarta.activation-api-2.1.3.jar:/home/runner/.m2/repository/org/eclipse/microprofile/openapi/microprofile-openapi-api/4.0.2/microprofile-openapi-api-4.0.2.jar:/home/runner/.m2/repository/org/jboss/resteasy/resteasy-client/6.2.12.Final/resteasy-client-6.2.12.Final.jar:/home/runner/.m2/repository/org/jboss/resteasy/resteasy-client-api/6.2.12.Final/resteasy-client-api-6.2.12.Final.jar:/home/runner/.m2/repository/org/jboss/resteasy/resteasy-core-spi/6.2.12.Final/resteasy-core-spi-6.2.12.Final.jar:/home/runner/.m2/repository/org/jboss/resteasy/resteasy-core/6.2.12.Final/resteasy-core-6.2.12.Final.jar:/home/runner/.m2/repository/org/eclipse/angus/angus-activation/2.0.2/angus-activation-2.0.2.jar:/home/runner/.m2/repository/com/ibm/async/asyncutil/0.1.0/asyncutil-0.1.0.jar:/home/runner/.m2/repository/org/reactivestreams/reactive-streams/1.0.4/reactive-streams-1.0.4.jar:/home/runner/.m2/repository/org/jboss/resteasy/resteasy-multipart-provider/6.2.12.Final/resteasy-multipart-provider-6.2.12.Final.jar:/home/runner/.m2/repository/jakarta/mail/jakarta.mail-api/2.1.3/jakarta.mail-api-2.1.3.jar:/home/runner/.m2/repository/org/eclipse/angus/angus-mail/2.0.3/angus-mail-2.0.3.jar:/home/runner/.m2/repository/org/apache/james/apache-mime4j-dom/0.8.12/apache-mime4j-dom-0.8.12.jar:/home/runner/.m2/repository/org/apache/james/apache-mime4j-core/0.8.12/apache-mime4j-core-0.8.12.jar:/home/runner/.m2/repository/org/apache/james/apache-mime4j-storage/0.8.12/apache-mime4j-storage-0.8.12.jar:/home/runner/.m2/repository/org/jboss/resteasy/resteasy-jackson2-provider/6.2.12.Final/resteasy-jackson2-provider-6.2.12.Final.jar:/home/runner/.m2/repository/com/fasterxml/jackson/jakarta/rs/jackson-jakarta-rs-base/2.18.2/jackson-jakarta-rs-base-2.18.2.jar:/home/runner/.m2/repository/com/fasterxml/jackson/jakarta/rs/jackson-jakarta-rs-json-provider/2.18.2/jackson-jakarta-rs-json-provider-2.18.2.jar:/home/runner/.m2/repository/com/fasterxml/jackson/module/jackson-module-jakarta-xmlbind-annotations/2.18.2/jackson-module-jakarta-xmlbind-annotations-2.18.2.jar:/home/runner/.m2/repository/com/github/java-json-tools/json-patch/1.13/json-patch-1.13.jar:/home/runner/.m2/repository/com/github/java-json-tools/msg-simple/1.2/msg-simple-1.2.jar:/home/runner/.m2/repository/com/github/java-json-tools/btf/1.3/btf-1.3.jar:/home/runner/.m2/repository/com/github/java-json-tools/jackson-coreutils/2.0/jackson-coreutils-2.0.jar:/home/runner/.m2/repository/org/jboss/resteasy/resteasy-jaxb-provider/6.2.12.Final/resteasy-jaxb-provider-6.2.12.Final.jar:/home/runner/.m2/repository/org/glassfish/jaxb/codemodel/4.0.5/codemodel-4.0.5.jar:/home/runner/.m2/repository/org/glassfish/jaxb/jaxb-core/4.0.5/jaxb-core-4.0.5.jar:/home/runner/.m2/repository/org/glassfish/jaxb/jaxb-jxc/4.0.5/jaxb-jxc-4.0.5.jar:/home/runner/.m2/repository/org/glassfish/jaxb/jaxb-runtime/4.0.5/jaxb-runtime-4.0.5.jar:/home/runner/.m2/repository/org/glassfish/jaxb/txw2/4.0.5/txw2-4.0.5.jar:/home/runner/.m2/repository/org/glassfish/jaxb/jaxb-xjc/4.0.5/jaxb-xjc-4.0.5.jar:/home/runner/.m2/repository/org/glassfish/jaxb/xsom/4.0.5/xsom-4.0.5.jar:/home/runner/.m2/repository/com/sun/istack/istack-commons-runtime/4.1.2/istack-commons-runtime-4.1.2.jar:/home/runner/.m2/repository/com/sun/istack/istack-commons-tools/4.1.2/istack-commons-tools-4.1.2.jar:/home/runner/.m2/repository/com/sun/xml/bind/external/relaxng-datatype/4.0.5/relaxng-datatype-4.0.5.jar:/home/runner/.m2/repository/com/sun/xml/bind/external/rngom/4.0.5/rngom-4.0.5.jar:/home/runner/.m2/repository/org/testcontainers/mssqlserver/1.20.6/mssqlserver-1.20.6.jar:/home/runner/.m2/repository/org/testcontainers/jdbc/1.20.6/jdbc-1.20.6.jar:/home/runner/.m2/repository/org/testcontainers/database-commons/1.20.6/database-commons-1.20.6.jar:/home/runner/.m2/repository/org/testcontainers/mysql/1.20.6/mysql-1.20.6.jar:/home/runner/.m2/repository/io/strimzi/strimzi-test-container/0.112.0/strimzi-test-container-0.112.0.jar:/home/runner/.m2/repository/org/testcontainers/toxiproxy/1.20.6/toxiproxy-1.20.6.jar:/home/runner/.m2/repository/com/github/docker-java/docker-java-api/3.4.1/docker-java-api-3.4.1.jar:/home/runner/.m2/repository/org/apache/logging/log4j/log4j-slf4j-impl/2.19.0/log4j-slf4j-impl-2.19.0.jar:/home/runner/.m2/repository/org/apache/logging/log4j/log4j-api/2.24.3/log4j-api-2.24.3.jar:/home/runner/.m2/repository/org/apache/logging/log4j/log4j-core/2.19.0/log4j-core-2.19.0.jar:/home/runner/.m2/repository/eu/rekawek/toxiproxy/toxiproxy-java/2.1.7/toxiproxy-java-2.1.7.jar:/home/runner/.m2/repository/org/testcontainers/pulsar/1.21.3/pulsar-1.21.3.jar:/home/runner/.m2/repository/io/debezium/debezium-testing-testcontainers/2.7.4.Final/debezium-testing-testcontainers-2.7.4.Final.jar:/home/runner/.m2/repository/org/testcontainers/kafka/1.20.6/kafka-1.20.6.jar:/home/runner/.m2/repository/com/squareup/okhttp3/okhttp/4.8.1/okhttp-4.8.1.jar:/home/runner/.m2/repository/com/squareup/okio/okio/3.10.2/okio-3.10.2.jar:/home/runner/.m2/repository/com/squareup/okio/okio-jvm/3.10.2/okio-jvm-3.10.2.jar:/home/runner/.m2/repository/org/jetbrains/kotlin/kotlin-stdlib/2.0.21/kotlin-stdlib-2.0.21.jar:/home/runner/.m2/repository/org/awaitility/awaitility/4.3.0/awaitility-4.3.0.jar:/home/runner/.m2/repository/org/testcontainers/mongodb/1.20.6/mongodb-1.20.6.jar:/home/runner/.m2/repository/org/testcontainers/mariadb/1.20.6/mariadb-1.20.6.jar:/home/runner/.m2/repository/org/testcontainers/oracle-xe/1.20.6/oracle-xe-1.20.6.jar:/home/runner/.m2/repository/org/testcontainers/postgresql/1.20.6/postgresql-1.20.6.jar:/home/runner/.m2/repository/org/wiremock/wiremock/3.0.1/wiremock-3.0.1.jar:/home/runner/.m2/repository/org/eclipse/jetty/jetty-server/11.0.15/jetty-server-11.0.15.jar:/home/runner/.m2/repository/org/eclipse/jetty/toolchain/jetty-jakarta-servlet-api/5.0.2/jetty-jakarta-servlet-api-5.0.2.jar:/home/runner/.m2/repository/org/eclipse/jetty/jetty-http/11.0.15/jetty-http-11.0.15.jar:/home/runner/.m2/repository/org/eclipse/jetty/jetty-io/11.0.15/jetty-io-11.0.15.jar:/home/runner/.m2/repository/org/eclipse/jetty/jetty-servlet/11.0.15/jetty-servlet-11.0.15.jar:/home/runner/.m2/repository/org/eclipse/jetty/jetty-security/11.0.15/jetty-security-11.0.15.jar:/home/runner/.m2/repository/org/eclipse/jetty/jetty-servlets/11.0.15/jetty-servlets-11.0.15.jar:/home/runner/.m2/repository/org/eclipse/jetty/jetty-util/11.0.15/jetty-util-11.0.15.jar:/home/runner/.m2/repository/org/eclipse/jetty/jetty-webapp/11.0.15/jetty-webapp-11.0.15.jar:/home/runner/.m2/repository/org/eclipse/jetty/jetty-xml/11.0.15/jetty-xml-11.0.15.jar:/home/runner/.m2/repository/org/eclipse/jetty/jetty-proxy/11.0.15/jetty-proxy-11.0.15.jar:/home/runner/.m2/repository/org/eclipse/jetty/jetty-client/11.0.15/jetty-client-11.0.15.jar:/home/runner/.m2/repository/org/eclipse/jetty/http2/http2-server/11.0.15/http2-server-11.0.15.jar:/home/runner/.m2/repository/org/eclipse/jetty/http2/http2-common/11.0.15/http2-common-11.0.15.jar:/home/runner/.m2/repository/org/eclipse/jetty/http2/http2-hpack/11.0.15/http2-hpack-11.0.15.jar:/home/runner/.m2/repository/org/eclipse/jetty/jetty-alpn-server/11.0.15/jetty-alpn-server-11.0.15.jar:/home/runner/.m2/repository/org/eclipse/jetty/jetty-alpn-java-server/11.0.15/jetty-alpn-java-server-11.0.15.jar:/home/runner/.m2/repository/org/eclipse/jetty/jetty-alpn-java-client/11.0.15/jetty-alpn-java-client-11.0.15.jar:/home/runner/.m2/repository/org/eclipse/jetty/jetty-alpn-client/11.0.15/jetty-alpn-client-11.0.15.jar:/home/runner/.m2/repository/org/apache/httpcomponents/client5/httpclient5/5.2.1/httpclient5-5.2.1.jar:/home/runner/.m2/repository/org/apache/httpcomponents/core5/httpcore5/5.2/httpcore5-5.2.jar:/home/runner/.m2/repository/org/apache/httpcomponents/core5/httpcore5-h2/5.2/httpcore5-h2-5.2.jar:/home/runner/.m2/repository/org/xmlunit/xmlunit-core/2.9.1/xmlunit-core-2.9.1.jar:/home/runner/.m2/repository/jakarta/xml/bind/jakarta.xml.bind-api/4.0.2/jakarta.xml.bind-api-4.0.2.jar:/home/runner/.m2/repository/org/xmlunit/xmlunit-legacy/2.9.1/xmlunit-legacy-2.9.1.jar:/home/runner/.m2/repository/org/xmlunit/xmlunit-placeholders/2.9.1/xmlunit-placeholders-2.9.1.jar:/home/runner/.m2/repository/net/javacrumbs/json-unit/json-unit-core/2.38.0/json-unit-core-2.38.0.jar:/home/runner/.m2/repository/org/hamcrest/hamcrest-core/2.2/hamcrest-core-2.2.jar:/home/runner/.m2/repository/com/jayway/jsonpath/json-path/2.8.0/json-path-2.8.0.jar:/home/runner/.m2/repository/net/minidev/json-smart/2.4.10/json-smart-2.4.10.jar:/home/runner/.m2/repository/net/minidev/accessors-smart/2.4.9/accessors-smart-2.4.9.jar:/home/runner/.m2/repository/org/ow2/asm/asm/9.7.1/asm-9.7.1.jar:/home/runner/.m2/repository/net/sf/jopt-simple/jopt-simple/5.0.4/jopt-simple-5.0.4.jar:/home/runner/.m2/repository/com/github/jknack/handlebars/4.3.1/handlebars-4.3.1.jar:/home/runner/.m2/repository/com/github/jknack/handlebars-helpers/4.3.1/handlebars-helpers-4.3.1.jar:/home/runner/.m2/repository/commons-fileupload/commons-fileupload/1.5/commons-fileupload-1.5.jar:/home/runner/.m2/repository/com/networknt/json-schema-validator/1.5.9/json-schema-validator-1.5.9.jar:/home/runner/.m2/repository/com/ethlo/time/itu/1.14.0/itu-1.14.0.jar:/home/runner/.m2/repository/io/quarkus/quarkus-smallrye-jwt-build/3.20.2.2/quarkus-smallrye-jwt-build-3.20.2.2.jar:/home/runner/.m2/repository/io/smallrye/smallrye-jwt-build/4.6.2/smallrye-jwt-build-4.6.2.jar:/home/runner/.m2/repository/org/eclipse/microprofile/jwt/microprofile-jwt-auth-api/2.1/microprofile-jwt-auth-api-2.1.jar:/home/runner/.m2/repository/org/bitbucket/b_c/jose4j/0.9.6/jose4j-0.9.6.jar:/home/runner/.m2/repository/io/smallrye/smallrye-jwt-common/4.6.2/smallrye-jwt-common-4.6.2.jar:/home/runner/.m2/repository/io/quarkus/quarkus-jsonp/3.20.2.2/quarkus-jsonp-3.20.2.2.jar:/home/runner/.m2/repository/io/quarkus/quarkus-arc/3.20.2.2/quarkus-arc-3.20.2.2.jar:/home/runner/.m2/repository/io/quarkus/arc/arc/3.20.2.2/arc-3.20.2.2.jar:/home/runner/.m2/repository/jakarta/transaction/jakarta.transaction-api/2.0.1/jakarta.transaction-api-2.0.1.jar:/home/runner/.m2/repository/io/smallrye/reactive/mutiny/2.9.2/mutiny-2.9.2.jar:/home/runner/.m2/repository/org/jctools/jctools-core/4.0.5/jctools-core-4.0.5.jar:/home/runner/.m2/repository/org/eclipse/microprofile/context-propagation/microprofile-context-propagation-api/1.3/microprofile-context-propagation-api-1.3.jar:/home/runner/.m2/repository/io/apicurio/apicurio-common-rest-client-common/0.1.18.Final/apicurio-common-rest-client-common-0.1.18.Final.jar:/home/runner/work/apicurio-testing/apicurio-testing/cache/clusters/ci414/namespaces/inmemory/tests/integration/apicurio-registry/utils/maven-plugin/target/apicurio-registry-maven-plugin-3.1.0.jar:/home/runner/.m2/repository/com/fasterxml/jackson/core/jackson-databind/2.18.2/jackson-databind-2.18.2.jar:/home/runner/.m2/repository/org/apache/avro/avro/1.12.0/avro-1.12.0.jar:/home/runner/.m2/repository/com/google/protobuf/protobuf-java/4.32.1/protobuf-java-4.32.1.jar:/home/runner/.m2/repository/com/google/protobuf/protobuf-java-util/4.32.1/protobuf-java-util-4.32.1.jar:/home/runner/.m2/repository/com/google/code/findbugs/jsr305/3.0.2/jsr305-3.0.2.jar:/home/runner/.m2/repository/com/google/code/gson/gson/2.12.1/gson-2.12.1.jar:/home/runner/.m2/repository/com/google/errorprone/error_prone_annotations/2.36.0/error_prone_annotations-2.36.0.jar:/home/runner/.m2/repository/com/google/j2objc/j2objc-annotations/2.8/j2objc-annotations-2.8.jar:/home/runner/work/apicurio-testing/apicurio-testing/cache/clusters/ci414/namespaces/inmemory/tests/integration/apicurio-registry/schema-util/util-provider/target/apicurio-registry-schema-util-provider-3.1.0.jar:/home/runner/work/apicurio-testing/apicurio-testing/cache/clusters/ci414/namespaces/inmemory/tests/integration/apicurio-registry/schema-util/common/target/apicurio-registry-schema-util-common-3.1.0.jar:/home/runner/.m2/repository/com/fasterxml/jackson/module/jackson-module-parameter-names/2.18.2/jackson-module-parameter-names-2.18.2.jar:/home/runner/.m2/repository/com/fasterxml/jackson/datatype/jackson-datatype-json-org/2.18.2/jackson-datatype-json-org-2.18.2.jar:/home/runner/work/apicurio-testing/apicurio-testing/cache/clusters/ci414/namespaces/inmemory/tests/integration/apicurio-registry/schema-util/json/target/apicurio-registry-schema-util-json-3.1.0.jar:/home/runner/.m2/repository/com/github/erosb/everit-json-schema/1.14.6/everit-json-schema-1.14.6.jar:/home/runner/.m2/repository/commons-validator/commons-validator/1.9.0/commons-validator-1.9.0.jar:/home/runner/.m2/repository/commons-digester/commons-digester/2.1/commons-digester-2.1.jar:/home/runner/.m2/repository/commons-collections/commons-collections/3.2.2/commons-collections-3.2.2.jar:/home/runner/.m2/repository/com/damnhandy/handy-uri-templates/2.1.8/handy-uri-templates-2.1.8.jar:/home/runner/.m2/repository/joda-time/joda-time/2.10.2/joda-time-2.10.2.jar:/home/runner/.m2/repository/com/github/erosb/json-sKema/0.27.0/json-sKema-0.27.0.jar:/home/runner/.m2/repository/com/sanctionco/jmail/jmail/2.0.2/jmail-2.0.2.jar:/home/runner/.m2/repository/io/vertx/vertx-json-schema/4.5.20/vertx-json-schema-4.5.20.jar:/home/runner/work/apicurio-testing/apicurio-testing/cache/clusters/ci414/namespaces/inmemory/tests/integration/apicurio-registry/schema-util/protobuf/target/apicurio-registry-schema-util-protobuf-3.1.0.jar:/home/runner/work/apicurio-testing/apicurio-testing/cache/clusters/ci414/namespaces/inmemory/tests/integration/apicurio-registry/utils/protobuf-schema-utilities/target/apicurio-registry-protobuf-schema-utilities-3.1.0.jar:/home/runner/.m2/repository/com/google/api/grpc/proto-google-common-protos/2.52.0/proto-google-common-protos-2.52.0.jar:/home/runner/.m2/repository/com/squareup/wire/wire-schema-jvm/5.3.3/wire-schema-jvm-5.3.3.jar:/home/runner/.m2/repository/com/palantir/javapoet/javapoet/0.6.0/javapoet-0.6.0.jar:/home/runner/.m2/repository/com/squareup/kotlinpoet-jvm/2.0.0/kotlinpoet-jvm-2.0.0.jar:/home/runner/.m2/repository/org/jetbrains/kotlin/kotlin-reflect/2.0.21/kotlin-reflect-2.0.21.jar:/home/runner/.m2/repository/com/squareup/wire/wire-runtime-jvm/5.3.3/wire-runtime-jvm-5.3.3.jar:/home/runner/.m2/repository/com/ibm/icu/icu4j/76.1/icu4j-76.1.jar:/home/runner/.m2/repository/com/squareup/okio/okio-fakefilesystem/3.10.2/okio-fakefilesystem-3.10.2.jar:/home/runner/.m2/repository/com/squareup/okio/okio-fakefilesystem-jvm/3.10.2/okio-fakefilesystem-jvm-3.10.2.jar:/home/runner/.m2/repository/org/jetbrains/kotlinx/kotlinx-datetime-jvm/0.6.1/kotlinx-datetime-jvm-0.6.1.jar:/home/runner/work/apicurio-testing/apicurio-testing/cache/clusters/ci414/namespaces/inmemory/tests/integration/apicurio-registry/schema-util/asyncapi/target/apicurio-registry-schema-util-asyncapi-3.1.0.jar:/home/runner/work/apicurio-testing/apicurio-testing/cache/clusters/ci414/namespaces/inmemory/tests/integration/apicurio-registry/schema-util/avro/target/apicurio-registry-schema-util-avro-3.1.0.jar:/home/runner/work/apicurio-testing/apicurio-testing/cache/clusters/ci414/namespaces/inmemory/tests/integration/apicurio-registry/schema-util/graphql/target/apicurio-registry-schema-util-graphql-3.1.0.jar:/home/runner/.m2/repository/com/graphql-java/graphql-java/22.4/graphql-java-22.4.jar:/home/runner/.m2/repository/com/graphql-java/java-dataloader/3.3.0/java-dataloader-3.3.0.jar:/home/runner/work/apicurio-testing/apicurio-testing/cache/clusters/ci414/namespaces/inmemory/tests/integration/apicurio-registry/schema-util/kconnect/target/apicurio-registry-schema-util-kconnect-3.1.0.jar:/home/runner/.m2/repository/org/apache/kafka/connect-json/3.9.1/connect-json-3.9.1.jar:/home/runner/.m2/repository/org/apache/kafka/connect-api/3.9.1/connect-api-3.9.1.jar:/home/runner/.m2/repository/javax/ws/rs/javax.ws.rs-api/2.1.1/javax.ws.rs-api-2.1.1.jar:/home/runner/.m2/repository/com/fasterxml/jackson/module/jackson-module-afterburner/2.18.2/jackson-module-afterburner-2.18.2.jar:/home/runner/work/apicurio-testing/apicurio-testing/cache/clusters/ci414/namespaces/inmemory/tests/integration/apicurio-registry/schema-util/openapi/target/apicurio-registry-schema-util-openapi-3.1.0.jar:/home/runner/.m2/repository/io/apicurio/apicurio-data-models/2.2.4/apicurio-data-models-2.2.4.jar:/home/runner/.m2/repository/org/slf4j/jcl-over-slf4j/2.0.6/jcl-over-slf4j-2.0.6.jar:/home/runner/.m2/repository/org/openapitools/openapidiff/openapi-diff-core/2.1.3/openapi-diff-core-2.1.3.jar:/home/runner/.m2/repository/io/swagger/parser/v3/swagger-parser/2.1.31/swagger-parser-2.1.31.jar:/home/runner/.m2/repository/io/swagger/parser/v3/swagger-parser-v2-converter/2.1.31/swagger-parser-v2-converter-2.1.31.jar:/home/runner/.m2/repository/io/swagger/swagger-core/1.6.16/swagger-core-1.6.16.jar:/home/runner/.m2/repository/io/swagger/swagger-models/1.6.16/swagger-models-1.6.16.jar:/home/runner/.m2/repository/io/swagger/swagger-annotations/1.6.16/swagger-annotations-1.6.16.jar:/home/runner/.m2/repository/io/swagger/swagger-parser/1.0.75/swagger-parser-1.0.75.jar:/home/runner/.m2/repository/io/swagger/swagger-parser-safe-url-resolver/1.0.75/swagger-parser-safe-url-resolver-1.0.75.jar:/home/runner/.m2/repository/io/swagger/swagger-compat-spec-parser/1.0.75/swagger-compat-spec-parser-1.0.75.jar:/home/runner/.m2/repository/com/github/java-json-tools/json-schema-validator/2.2.14/json-schema-validator-2.2.14.jar:/home/runner/.m2/repository/com/github/java-json-tools/jackson-coreutils-equivalence/1.0/jackson-coreutils-equivalence-1.0.jar:/home/runner/.m2/repository/com/github/java-json-tools/json-schema-core/1.2.14/json-schema-core-1.2.14.jar:/home/runner/.m2/repository/com/github/java-json-tools/uri-template/0.10/uri-template-0.10.jar:/home/runner/.m2/repository/com/googlecode/libphonenumber/libphonenumber/8.11.1/libphonenumber-8.11.1.jar:/home/runner/.m2/repository/com/j2html/j2html/1.6.0/j2html-1.6.0.jar:/home/runner/.m2/repository/org/apache/commons/commons-collections4/4.5.0/commons-collections4-4.5.0.jar:/home/runner/.m2/repository/io/swagger/parser/v3/swagger-parser-v3/2.1.34/swagger-parser-v3-2.1.34.jar:/home/runner/.m2/repository/io/swagger/core/v3/swagger-models/2.2.37/swagger-models-2.2.37.jar:/home/runner/.m2/repository/io/swagger/core/v3/swagger-core/2.2.37/swagger-core-2.2.37.jar:/home/runner/.m2/repository/io/swagger/parser/v3/swagger-parser-core/2.1.34/swagger-parser-core-2.1.34.jar:/home/runner/.m2/repository/io/swagger/parser/v3/swagger-parser-safe-url-resolver/2.1.34/swagger-parser-safe-url-resolver-2.1.34.jar:/home/runner/work/apicurio-testing/apicurio-testing/cache/clusters/ci414/namespaces/inmemory/tests/integration/apicurio-registry/schema-util/wsdl/target/apicurio-registry-schema-util-wsdl-3.1.0.jar:/home/runner/.m2/repository/wsdl4j/wsdl4j/1.6.3/wsdl4j-1.6.3.jar:/home/runner/work/apicurio-testing/apicurio-testing/cache/clusters/ci414/namespaces/inmemory/tests/integration/apicurio-registry/schema-util/xml/target/apicurio-registry-schema-util-xml-3.1.0.jar:/home/runner/.m2/repository/org/apache/santuario/xmlsec/4.0.4/xmlsec-4.0.4.jar:/home/runner/.m2/repository/com/fasterxml/woodstox/woodstox-core/7.1.1/woodstox-core-7.1.1.jar:/home/runner/.m2/repository/org/codehaus/woodstox/stax2-api/4.2.2/stax2-api-4.2.2.jar:/home/runner/work/apicurio-testing/apicurio-testing/cache/clusters/ci414/namespaces/inmemory/tests/integration/apicurio-registry/schema-util/xsd/target/apicurio-registry-schema-util-xsd-3.1.0.jar:/home/runner/work/apicurio-testing/apicurio-testing/cache/clusters/ci414/namespaces/inmemory/tests/integration/apicurio-registry/serdes/kafka/jsonschema-serde/target/apicurio-registry-jsonschema-serde-kafka-3.1.0.jar:/home/runner/work/apicurio-testing/apicurio-testing/cache/clusters/ci414/namespaces/inmemory/tests/integration/apicurio-registry/serdes/kafka/serde-kafka-common/target/apicurio-registry-serde-kafka-common-3.1.0.jar:/home/runner/work/apicurio-testing/apicurio-testing/cache/clusters/ci414/namespaces/inmemory/tests/integration/apicurio-registry/serdes/generic/serde-common/target/apicurio-registry-serde-common-3.1.0.jar:/home/runner/work/apicurio-testing/apicurio-testing/cache/clusters/ci414/namespaces/inmemory/tests/integration/apicurio-registry/serdes/generic/serde-common-jsonschema/target/apicurio-registry-serde-common-jsonschema-3.1.0.jar:/home/runner/.m2/repository/org/json/json/20250107/json-20250107.jar:/home/runner/work/apicurio-testing/apicurio-testing/cache/clusters/ci414/namespaces/inmemory/tests/integration/apicurio-registry/serdes/kafka/avro-serde/target/apicurio-registry-avro-serde-kafka-3.1.0.jar:/home/runner/work/apicurio-testing/apicurio-testing/cache/clusters/ci414/namespaces/inmemory/tests/integration/apicurio-registry/serdes/generic/serde-common-avro/target/apicurio-registry-serde-common-avro-3.1.0.jar:/home/runner/work/apicurio-testing/apicurio-testing/cache/clusters/ci414/namespaces/inmemory/tests/integration/apicurio-registry/serdes/kafka/protobuf-serde/target/apicurio-registry-protobuf-serde-kafka-3.1.0.jar:/home/runner/work/apicurio-testing/apicurio-testing/cache/clusters/ci414/namespaces/inmemory/tests/integration/apicurio-registry/serdes/generic/serde-common-protobuf/target/apicurio-registry-serde-common-protobuf-3.1.0.jar:/home/runner/.m2/repository/com/squareup/wire/wire-schema/5.3.3/wire-schema-5.3.3.jar:/home/runner/.m2/repository/com/squareup/wire/wire-runtime/5.3.3/wire-runtime-5.3.3.jar:/home/runner/work/apicurio-testing/apicurio-testing/cache/clusters/ci414/namespaces/inmemory/tests/integration/apicurio-registry/serdes/pulsar/avro-serde/target/apicurio-registry-avro-serde-pulsar-3.1.0.jar:/home/runner/.m2/repository/org/apache/pulsar/pulsar-functions-api/3.3.9/pulsar-functions-api-3.3.9.jar:/home/runner/work/apicurio-testing/apicurio-testing/cache/clusters/ci414/namespaces/inmemory/tests/integration/apicurio-registry/serdes/nats/avro-serde/target/apicurio-registry-avro-serde-nats-3.1.0.jar:/home/runner/.m2/repository/io/nats/jnats/2.23.0/jnats-2.23.0.jar:/home/runner/.m2/repository/org/bouncycastle/bcprov-lts8on/2.73.8/bcprov-lts8on-2.73.8.jar:/home/runner/work/apicurio-testing/apicurio-testing/cache/clusters/ci414/namespaces/inmemory/tests/integration/apicurio-registry/utils/converter/target/apicurio-registry-utils-converter-3.1.0.jar:/home/runner/work/apicurio-testing/apicurio-testing/cache/clusters/ci414/namespaces/inmemory/tests/integration/apicurio-registry/schema-resolver/target/apicurio-registry-schema-resolver-3.1.0.jar:/home/runner/work/apicurio-testing/apicurio-testing/cache/clusters/ci414/namespaces/inmemory/tests/integration/apicurio-registry/utils/kafka/target/apicurio-registry-utils-kafka-3.1.0.jar:/home/runner/.m2/repository/org/apache/pulsar/pulsar-client/3.3.9/pulsar-client-3.3.9.jar:/home/runner/.m2/repository/org/apache/pulsar/pulsar-client-api/3.3.9/pulsar-client-api-3.3.9.jar:/home/runner/.m2/repository/org/apache/pulsar/pulsar-client-admin-api/3.3.9/pulsar-client-admin-api-3.3.9.jar:/home/runner/.m2/repository/org/apache/pulsar/bouncy-castle-bc/3.3.9/bouncy-castle-bc-3.3.9-pkg.jar:/home/runner/.m2/repository/org/bouncycastle/bcpkix-jdk18on/1.81/bcpkix-jdk18on-1.81.jar:/home/runner/.m2/repository/org/bouncycastle/bcutil-jdk18on/1.81/bcutil-jdk18on-1.81.jar:/home/runner/.m2/repository/org/bouncycastle/bcprov-jdk18on/1.81/bcprov-jdk18on-1.81.jar:/home/runner/.m2/repository/io/opentelemetry/opentelemetry-api/1.44.1/opentelemetry-api-1.44.1.jar:/home/runner/.m2/repository/io/opentelemetry/opentelemetry-context/1.44.1/opentelemetry-context-1.44.1.jar:/home/runner/.m2/repository/io/opentelemetry/opentelemetry-api-incubator/1.44.1-alpha/opentelemetry-api-incubator-1.44.1-alpha.jar:/home/runner/.m2/repository/com/fasterxml/jackson/core/jackson-annotations/2.18.2/jackson-annotations-2.18.2.jar:/home/runner/.m2/repository/javax/validation/validation-api/1.1.0.Final/validation-api-1.1.0.Final.jar:/home/runner/.m2/repository/org/jspecify/jspecify/1.0.0/jspecify-1.0.0.jar:/home/runner/.m2/repository/org/apache/commons/commons-configuration2/2.12.0/commons-configuration2-2.12.0.jar:/home/runner/.m2/repository/commons-logging/commons-logging/1.3.5/commons-logging-1.3.5.jar:/home/runner/.m2/repository/org/apache/commons/commons-text/1.13.0/commons-text-1.13.0.jar:/home/runner/.m2/repository/io/confluent/kafka-avro-serializer/8.0.0/kafka-avro-serializer-8.0.0.jar:/home/runner/.m2/repository/org/apache/commons/commons-compress/1.27.1/commons-compress-1.27.1.jar:/home/runner/.m2/repository/io/confluent/kafka-schema-serializer/8.0.0/kafka-schema-serializer-8.0.0.jar:/home/runner/.m2/repository/com/fasterxml/jackson/dataformat/jackson-dataformat-csv/2.18.2/jackson-dataformat-csv-2.18.2.jar:/home/runner/.m2/repository/io/confluent/kafka-schema-registry-client/8.0.0/kafka-schema-registry-client-8.0.0.jar:/home/runner/.m2/repository/org/yaml/snakeyaml/2.3/snakeyaml-2.3.jar:/home/runner/.m2/repository/com/fasterxml/jackson/datatype/jackson-datatype-jdk8/2.18.2/jackson-datatype-jdk8-2.18.2.jar:/home/runner/.m2/repository/io/swagger/core/v3/swagger-annotations/2.2.29/swagger-annotations-2.2.29.jar:/home/runner/.m2/repository/com/google/guava/guava/33.4.0-jre/guava-33.4.0-jre.jar:/home/runner/.m2/repository/com/google/guava/failureaccess/1.0.1/failureaccess-1.0.1.jar:/home/runner/.m2/repository/org/checkerframework/checker-qual/3.49.0/checker-qual-3.49.0.jar:/home/runner/.m2/repository/io/confluent/logredactor/1.0.13/logredactor-1.0.13.jar:/home/runner/.m2/repository/com/google/re2j/re2j/1.6/re2j-1.6.jar:/home/runner/.m2/repository/io/confluent/logredactor-metrics/1.0.13/logredactor-metrics-1.0.13.jar:/home/runner/.m2/repository/com/eclipsesource/minimal-json/minimal-json/0.9.5/minimal-json-0.9.5.jar:/home/runner/.m2/repository/io/confluent/common-utils/8.0.0/common-utils-8.0.0.jar:/home/runner/.m2/repository/io/confluent/kafka-connect-avro-converter/8.0.0/kafka-connect-avro-converter-8.0.0.jar:/home/runner/.m2/repository/io/confluent/kafka-connect-avro-data/8.0.0/kafka-connect-avro-data-8.0.0.jar:/home/runner/.m2/repository/io/confluent/kafka-schema-converter/8.0.0/kafka-schema-converter-8.0.0.jar:/home/runner/.m2/repository/io/rest-assured/rest-assured/5.5.1/rest-assured-5.5.1.jar:/home/runner/.m2/repository/org/apache/groovy/groovy/4.0.22/groovy-4.0.22.jar:/home/runner/.m2/repository/org/apache/groovy/groovy-xml/4.0.22/groovy-xml-4.0.22.jar:/home/runner/.m2/repository/org/apache/httpcomponents/httpclient/4.5.14/httpclient-4.5.14.jar:/home/runner/.m2/repository/org/apache/httpcomponents/httpcore/4.4.16/httpcore-4.4.16.jar:/home/runner/.m2/repository/org/apache/httpcomponents/httpmime/4.5.14/httpmime-4.5.14.jar:/home/runner/.m2/repository/org/hamcrest/hamcrest/2.2/hamcrest-2.2.jar:/home/runner/.m2/repository/org/ccil/cowan/tagsoup/tagsoup/1.2.1/tagsoup-1.2.1.jar:/home/runner/.m2/repository/io/rest-assured/json-path/5.5.1/json-path-5.5.1.jar:/home/runner/.m2/repository/org/apache/groovy/groovy-json/4.0.22/groovy-json-4.0.22.jar:/home/runner/.m2/repository/io/rest-assured/rest-assured-common/5.5.1/rest-assured-common-5.5.1.jar:/home/runner/.m2/repository/io/rest-assured/xml-path/5.5.1/xml-path-5.5.1.jar:/home/runner/.m2/repository/io/zonky/test/embedded-postgres/2.1.1/embedded-postgres-2.1.1.jar:/home/runner/.m2/repository/io/zonky/test/postgres/embedded-postgres-binaries-windows-amd64/14.19.0/embedded-postgres-binaries-windows-amd64-14.19.0.jar:/home/runner/.m2/repository/io/zonky/test/postgres/embedded-postgres-binaries-darwin-amd64/14.19.0/embedded-postgres-binaries-darwin-amd64-14.19.0.jar:/home/runner/.m2/repository/io/zonky/test/postgres/embedded-postgres-binaries-linux-amd64/14.19.0/embedded-postgres-binaries-linux-amd64-14.19.0.jar:/home/runner/.m2/repository/io/zonky/test/postgres/embedded-postgres-binaries-linux-amd64-alpine/14.19.0/embedded-postgres-binaries-linux-amd64-alpine-14.19.0.jar:/home/runner/.m2/repository/org/apache/commons/commons-lang3/3.17.0/commons-lang3-3.17.0.jar:/home/runner/.m2/repository/org/tukaani/xz/1.10/xz-1.10.jar:/home/runner/.m2/repository/commons-codec/commons-codec/1.19.0/commons-codec-1.19.0.jar:/home/runner/.m2/repository/org/postgresql/postgresql/42.7.7/postgresql-42.7.7.jar:/home/runner/.m2/repository/commons-io/commons-io/2.18.0/commons-io-2.18.0.jar:/home/runner/work/apicurio-testing/apicurio-testing/cache/clusters/ci414/namespaces/inmemory/tests/integration/apicurio-registry/utils/importexport/target/apicurio-registry-utils-import-export-3.1.0.jar:/home/runner/.m2/repository/io/vertx/vertx-core/4.5.20/vertx-core-4.5.20.jar:/home/runner/.m2/repository/io/netty/netty-common/4.1.124.Final/netty-common-4.1.124.Final.jar:/home/runner/.m2/repository/io/netty/netty-buffer/4.1.124.Final/netty-buffer-4.1.124.Final.jar:/home/runner/.m2/repository/io/netty/netty-transport/4.1.124.Final/netty-transport-4.1.124.Final.jar:/home/runner/.m2/repository/io/netty/netty-handler/4.1.124.Final/netty-handler-4.1.124.Final.jar:/home/runner/.m2/repository/io/netty/netty-transport-native-unix-common/4.1.124.Final/netty-transport-native-unix-common-4.1.124.Final.jar:/home/runner/.m2/repository/io/netty/netty-codec/4.1.124.Final/netty-codec-4.1.124.Final.jar:/home/runner/.m2/repository/io/netty/netty-handler-proxy/4.1.124.Final/netty-handler-proxy-4.1.124.Final.jar:/home/runner/.m2/repository/io/netty/netty-codec-socks/4.1.124.Final/netty-codec-socks-4.1.124.Final.jar:/home/runner/.m2/repository/io/netty/netty-codec-http/4.1.124.Final/netty-codec-http-4.1.124.Final.jar:/home/runner/.m2/repository/io/netty/netty-codec-http2/4.1.124.Final/netty-codec-http2-4.1.124.Final.jar:/home/runner/.m2/repository/io/netty/netty-resolver/4.1.124.Final/netty-resolver-4.1.124.Final.jar:/home/runner/.m2/repository/io/netty/netty-resolver-dns/4.1.124.Final/netty-resolver-dns-4.1.124.Final.jar:/home/runner/.m2/repository/io/netty/netty-codec-dns/4.1.124.Final/netty-codec-dns-4.1.124.Final.jar:/home/runner/.m2/repository/com/fasterxml/jackson/core/jackson-core/2.18.2/jackson-core-2.18.2.jar:"/>
    <property name="sun.cpu.endian" value="little"/>
    <property name="user.home" value="/home/runner"/>
    <property name="user.language" value="en"/>
    <property name="jboss.log-version" value="false"/>
    <property name="java.specification.vendor" value="Oracle Corporation"/>
    <property name="java.version.date" value="2025-07-15"/>
    <property name="java.home" value="/usr/lib/jvm/temurin-17-jdk-amd64"/>
    <property name="file.separator" value="/"/>
    <property name="basedir" value="/home/runner/work/apicurio-testing/apicurio-testing/cache/clusters/ci414/namespaces/inmemory/tests/integration/apicurio-registry/integration-tests"/>
    <property name="java.vm.compressedOopsMode" value="Zero based"/>
    <property name="line.separator" value="&#10;"/>
    <property name="java.specification.name" value="Java Platform API Specification"/>
    <property name="java.vm.specification.vendor" value="Oracle Corporation"/>
    <property name="quarkus.http.test-host" value="registry-app-inmemory.apps.ci414.apicurio-testing.org"/>
    <property name="surefire.real.class.path" value="/home/runner/work/apicurio-testing/apicurio-testing/cache/clusters/ci414/namespaces/inmemory/tests/integration/apicurio-registry/integration-tests/target/surefire/surefirebooter-20251008172722333_3.jar"/>
    <property name="sun.management.compiler" value="HotSpot 64-Bit Tiered Compilers"/>
    <property name="org.eclipse.jetty.http.HttpGenerator.STRICT" value="true"/>
    <property name="java.runtime.version" value="17.0.16+8"/>
    <property name="user.name" value="runner"/>
    <property name="path.separator" value=":"/>
    <property name="os.version" value="6.11.0-1018-azure"/>
    <property name="java.runtime.name" value="OpenJDK Runtime Environment"/>
    <property name="file.encoding" value="UTF-8"/>
    <property name="jnidispatch.path" value="/home/runner/.cache/JNA/temp/jna13639351045688497557.tmp"/>
    <property name="java.vm.name" value="OpenJDK 64-Bit Server VM"/>
    <property name="jna.platform.library.path" value="/usr/lib/x86_64-linux-gnu:/lib/x86_64-linux-gnu:/usr/lib64:/lib64:/usr/lib:/lib:/lib32:/usr/local/lib:/usr/lib/x86_64-linux-gnu/libfakeroot"/>
    <property name="java.vendor.version" value="Temurin-17.0.16+8"/>
    <property name="quarkus.oidc.token-path" value="https://keycloak-inmemory.apps.ci414.apicurio-testing.org/realms/registry/protocol/openid-connect/token"/>
    <property name="quarkus.http.host" value="registry-app-inmemory.apps.ci414.apicurio-testing.org"/>
    <property name="localRepository" value="/home/runner/.m2/repository"/>
    <property name="javax.xml.xpath.XPathFactory:http://java.sun.com/jaxp/xpath/dom" value="com.sun.org.apache.xpath.internal.jaxp.XPathFactoryImpl"/>
    <property name="jna.loaded" value="true"/>
    <property name="java.vendor.url.bug" value="https://github.com/adoptium/adoptium-support/issues"/>
    <property name="jetty.git.hash" value="5bc5e562c8d05c5862505aebe5cf83a61bdbcb96"/>
    <property name="java.io.tmpdir" value="/tmp"/>
    <property name="quarkus.http.test-protocol" value="http"/>
    <property name="java.version" value="17.0.16"/>
    <property name="user.dir" value="/home/runner/work/apicurio-testing/apicurio-testing/cache/clusters/ci414/namespaces/inmemory/tests/integration/apicurio-registry/integration-tests"/>
    <property name="os.arch" value="amd64"/>
    <property name="groups" value="( smoke | serdes | acceptance | ui)"/>
    <property name="java.vm.specification.name" value="Java Virtual Machine Specification"/>
    <property name="native.encoding" value="UTF-8"/>
    <property name="java.util.logging.manager" value="org.jboss.logmanager.LogManager"/>
    <property name="java.library.path" value="/usr/java/packages/lib:/usr/lib64:/lib64:/lib:/usr/lib"/>
    <property name="jdk.console" value="java.base"/>
    <property name="java.vm.info" value="mixed mode, sharing"/>
    <property name="java.vendor" value="Eclipse Adoptium"/>
    <property name="java.vm.version" value="17.0.16+8"/>
    <property name="java.specification.maintenance.version" value="1"/>
    <property name="sun.io.unicode.encoding" value="UnicodeLittle"/>
    <property name="javax.xml.transform.TransformerFactory" value="com.sun.org.apache.xalan.internal.xsltc.trax.TransformerFactoryImpl"/>
    <property name="java.class.version" value="61.0"/>
  </properties>
  <testcase name="testEvolveAvroConfluent" classname="io.apicurio.tests.serdes.confluent.BasicConfluentSerDesIT" time="12.995">
    <system-out><![CDATA[**** Registry Base URL: http://registry-app-inmemory.apps.ci414.apicurio-testing.org:80
**** Registry Base URL: http://registry-app-inmemory.apps.ci414.apicurio-testing.org:80
2025-10-08 17:30:44,666 INFO  [io.api.tes.ser.con.BasicConfluentSerDesIT] (main) RestAssured configured with http://registry-app-inmemory.apps.ci414.apicurio-testing.org:80/apis/registry/v3
**** Registry Base URL: http://registry-app-inmemory.apps.ci414.apicurio-testing.org:80
2025-10-08 17:30:44,905 INFO  [io.api.tes.ser.con.BasicConfluentSerDesIT] (main) Deleting confluent schema subj_007f753d_a783_401b_aff3_d62079d7676d-value
2025-10-08 17:30:44,916 INFO  [io.api.tes.ser.con.BasicConfluentSerDesIT] (main) Deleting confluent schema subj_4d48d643_cc36_49cb_9fd2_5f12b7785519-value
2025-10-08 17:30:44,926 INFO  [io.api.tes.ser.con.BasicConfluentSerDesIT] (main) Deleting confluent schema CUSTOMERS-key
2025-10-08 17:30:44,934 INFO  [io.api.tes.ser.con.BasicConfluentSerDesIT] (main) Deleting confluent schema CUSTOMERS.Value
2025-10-08 17:30:44,942 INFO  [io.api.tes.ser.con.BasicConfluentSerDesIT] (main) Deleting confluent schema CUSTOMERS-value
2025-10-08 17:30:44,950 INFO  [io.api.tes.ser.con.BasicConfluentSerDesIT] (main) Deleting confluent schema subj_f7e1d347_1f48_41d7_8361_a5269e7daf26-value
2025-10-08 17:30:44,957 INFO  [io.api.tes.ser.con.BasicConfluentSerDesIT] (main) Deleting confluent schema topic-9419477f_e378_459b_b936_4a86730c293b-value
2025-10-08 17:30:44,964 INFO  [io.api.tes.ser.con.BasicConfluentSerDesIT] (main) Deleting confluent schema topic-bb0ea4ab_8279_4848_9449_30d89f34e522-value
2025-10-08 17:30:45,001 INFO  [io.api.tes.ser.con.BasicConfluentSerDesIT] (main) Deleting confluent schema topic-0a9764a8_94da_4e8a_8dac_95adf8d2f08a-value
2025-10-08 17:30:45,017 INFO  [io.api.tes.ser.con.BasicConfluentSerDesIT] (main) Deleting confluent schema topic-c90fe0e8_039d_475c_8e82_a355752de3ee-value
2025-10-08 17:30:45,024 INFO  [io.api.tes.ser.con.BasicConfluentSerDesIT] (main) Deleting confluent schema topic-ecc65fc2_26e0_4c07_b317_8c3554bd6e87-value
2025-10-08 17:30:45,036 INFO  [io.api.tes.ser.con.BasicConfluentSerDesIT] (main) Deleting confluent schema topic-15413d92_34a8_4b6d_8ebe_b6fc27055f20-value
2025-10-08 17:30:45,055 INFO  [io.api.tes.ser.con.BasicConfluentSerDesIT] (main) Deleting confluent schema myrecordconfluent
2025-10-08 17:30:45,063 INFO  [io.api.tes.ser.con.BasicConfluentSerDesIT] (main) Deleting confluent schema topic-139bbb6b_7b52_4af9_8d01_d0c06935ec7b
2025-10-08 17:30:45,076 INFO  [io.api.tes.ser.con.BasicConfluentSerDesIT] (main) Deleting confluent schema topic-c0c00d75_f68c_48c1_a71e_4496983216d2-value
2025-10-08 17:30:45,087 INFO  [io.api.tes.ser.con.BasicConfluentSerDesIT] (main) Deleting confluent schema topic-7f1772e1_bc81_494c_909a_92b26c295ce1
2025-10-08 17:30:45,094 INFO  [io.api.tes.ser.con.BasicConfluentSerDesIT] (main) Deleting confluent schema topic-3f373b9a_8a45_4cfb_b22f_a0fd9be615b2-value
2025-10-08 17:30:45,102 INFO  [io.api.tes.ser.con.BasicConfluentSerDesIT] (main) Deleting confluent schema topic-78cd3dab_9814_4053_8e0d_c65b5ad7e669
2025-10-08 17:30:45,108 INFO  [io.api.tes.ser.con.BasicConfluentSerDesIT] (main) Deleting confluent schema topic-29c75a63_13b5_4797_b2ac_1de941efc45b
2025-10-08 17:30:45,116 INFO  [io.api.tes.ser.con.BasicConfluentSerDesIT] (main) Deleting confluent schema topic-2944efc2_2db2_40bb_ab92_a910f7d721f2-value
2025-10-08 17:30:45,123 INFO  [io.api.tes.ser.con.BasicConfluentSerDesIT] (main) Deleting confluent schema s0fbd8666xceacx4465xbd42x5cc79bd4461f-value
2025-10-08 17:30:45,132 INFO  [io.api.tes.ser.con.BasicConfluentSerDesIT] (main) Deleting confluent schema google/protobuf/timestamp.proto
2025-10-08 17:30:45,139 INFO  [io.api.tes.ser.con.BasicConfluentSerDesIT] (main) Deleting confluent schema topic-ac23fa76_999a_49c8_9181_c90dbf2c7fef-value
2025-10-08 17:30:45,145 INFO  [io.api.tes.ser.con.BasicConfluentSerDesIT] (main) Deleting confluent schema topic-e66d27f8_470c_4541_bf35_d4b4f45b32d1-value
2025-10-08 17:30:45,151 INFO  [io.api.tes.ser.con.BasicConfluentSerDesIT] (main) Deleting confluent schema sfe0520a5xa598x4e78x8623x20cf3343b921-value
2025-10-08 17:30:45,157 INFO  [io.api.tes.ser.con.BasicConfluentSerDesIT] (main) Deleting confluent schema topic-566f47d6_290c_4ecf_9288_cfecdfa2b04c-value
2025-10-08 17:30:45,164 INFO  [io.api.tes.ser.con.BasicConfluentSerDesIT] (main) Deleting confluent schema sdddbb9acx87abx43e9xb94exb9f5e9e1aa7a-value
2025-10-08 17:30:45,170 INFO  [io.api.tes.ser.con.BasicConfluentSerDesIT] (main) Deleting confluent schema topic-3d8f2e7b_979e_4820_9069_7f35f39f7793-value
2025-10-08 17:30:45,211 INFO  [io.api.tes.ser.con.BasicConfluentSerDesIT] (main) Deleting confluent schema topic-5cc0efb9_7074_4cc1_950b_ba9cac0e1965-value
2025-10-08 17:30:45,219 INFO  [io.api.tes.ser.con.BasicConfluentSerDesIT] (main) Deleting confluent schema topic-9d7eed2e_8a5e_4634_bb53_f372e68be38e
2025-10-08 17:30:45,229 INFO  [io.api.tes.ser.con.BasicConfluentSerDesIT] (main) Deleting confluent schema topic-2dcde721_8fbc_4bf5_a380_8008d78ac2c6
2025-10-08 17:30:45,236 INFO  [io.api.tes.ser.con.BasicConfluentSerDesIT] (main) Deleting confluent schema topic-202e9bf6_0fdd_4bcd_a663_f56c1030f981-value
2025-10-08 17:30:45,243 INFO  [io.api.tes.ser.con.BasicConfluentSerDesIT] (main) Deleting confluent schema topic-e6530a11_31c6_4bb0_9885_0156554532ae-value
2025-10-08 17:30:45,249 INFO  [io.api.tes.ser.con.BasicConfluentSerDesIT] (main) Deleting confluent schema topic-9a21db3a_dcc5_4c26_83da_57d5399d5f78-value
2025-10-08 17:30:45,260 INFO  [io.api.tes.uti.KafkaFacade] (main) Skipping deployment of kafka, because it's already deployed
2025-10-08 17:30:45,261 INFO  [io.api.tes.uti.TestSeparator] (main) ############################################################################
2025-10-08 17:30:45,261 INFO  [io.api.tes.uti.TestSeparator] (main) io.apicurio.tests.serdes.confluent.BasicConfluentSerDesIT.testEvolveAvroConfluent-STARTED
2025-10-08 17:30:45,262 INFO  [org.apa.kaf.cli.adm.AdminClientConfig] (main) AdminClientConfig values: 
	auto.include.jmx.reporter = true
	bootstrap.controllers = []
	bootstrap.servers = [PLAINTEXT://localhost:32769]
	client.dns.lookup = use_all_dns_ips
	client.id = 
	connections.max.idle.ms = 10000
	default.api.timeout.ms = 60000
	enable.metrics.push = true
	metadata.max.age.ms = 300000
	metadata.recovery.strategy = none
	metric.reporters = []
	metrics.num.samples = 2
	metrics.recording.level = INFO
	metrics.sample.window.ms = 30000
	receive.buffer.bytes = 65536
	reconnect.backoff.max.ms = 1000
	reconnect.backoff.ms = 50
	request.timeout.ms = 5000
	retries = 2147483647
	retry.backoff.max.ms = 1000
	retry.backoff.ms = 100
	sasl.client.callback.handler.class = null
	sasl.jaas.config = null
	sasl.kerberos.kinit.cmd = /usr/bin/kinit
	sasl.kerberos.min.time.before.relogin = 60000
	sasl.kerberos.service.name = null
	sasl.kerberos.ticket.renew.jitter = 0.05
	sasl.kerberos.ticket.renew.window.factor = 0.8
	sasl.login.callback.handler.class = null
	sasl.login.class = null
	sasl.login.connect.timeout.ms = null
	sasl.login.read.timeout.ms = null
	sasl.login.refresh.buffer.seconds = 300
	sasl.login.refresh.min.period.seconds = 60
	sasl.login.refresh.window.factor = 0.8
	sasl.login.refresh.window.jitter = 0.05
	sasl.login.retry.backoff.max.ms = 10000
	sasl.login.retry.backoff.ms = 100
	sasl.mechanism = GSSAPI
	sasl.oauthbearer.clock.skew.seconds = 30
	sasl.oauthbearer.expected.audience = null
	sasl.oauthbearer.expected.issuer = null
	sasl.oauthbearer.header.urlencode = false
	sasl.oauthbearer.jwks.endpoint.refresh.ms = 3600000
	sasl.oauthbearer.jwks.endpoint.retry.backoff.max.ms = 10000
	sasl.oauthbearer.jwks.endpoint.retry.backoff.ms = 100
	sasl.oauthbearer.jwks.endpoint.url = null
	sasl.oauthbearer.scope.claim.name = scope
	sasl.oauthbearer.sub.claim.name = sub
	sasl.oauthbearer.token.endpoint.url = null
	security.protocol = PLAINTEXT
	security.providers = null
	send.buffer.bytes = 131072
	socket.connection.setup.timeout.max.ms = 30000
	socket.connection.setup.timeout.ms = 10000
	ssl.cipher.suites = null
	ssl.enabled.protocols = [TLSv1.2, TLSv1.3]
	ssl.endpoint.identification.algorithm = https
	ssl.engine.factory.class = null
	ssl.key.password = null
	ssl.keymanager.algorithm = SunX509
	ssl.keystore.certificate.chain = null
	ssl.keystore.key = null
	ssl.keystore.location = null
	ssl.keystore.password = null
	ssl.keystore.type = JKS
	ssl.protocol = TLSv1.3
	ssl.provider = null
	ssl.secure.random.implementation = null
	ssl.trustmanager.algorithm = PKIX
	ssl.truststore.certificates = null
	ssl.truststore.location = null
	ssl.truststore.password = null
	ssl.truststore.type = JKS

2025-10-08 17:30:45,263 INFO  [org.apa.kaf.com.uti.AppInfoParser] (main) Kafka version: 3.9.1
2025-10-08 17:30:45,263 INFO  [org.apa.kaf.com.uti.AppInfoParser] (main) Kafka commitId: f745dfdcee2b9851
2025-10-08 17:30:45,263 INFO  [org.apa.kaf.com.uti.AppInfoParser] (main) Kafka startTimeMs: 1759944645263
2025-10-08 17:30:45,375 INFO  [io.api.tes.ser.con.BasicConfluentSerDesIT] (main) Checking that created schema is equal to the get schema
2025-10-08 17:30:45,391 INFO  [io.api.tes.ser.con.BasicConfluentSerDesIT] (main) Created schema with id:108 and name:s24107df3xa9b4x4a1ax900exc67411a6c5de
**** Registry Base URL: http://registry-app-inmemory.apps.ci414.apicurio-testing.org:80
2025-10-08 17:30:45,396 INFO  [org.apa.kaf.cli.pro.ProducerConfig] (main) ProducerConfig values: 
	acks = -1
	auto.include.jmx.reporter = true
	batch.size = 16384
	bootstrap.servers = [PLAINTEXT://localhost:32769]
	buffer.memory = 33554432
	client.dns.lookup = use_all_dns_ips
	client.id = Producer-topic-8d0849e3_278b_4eaf_a31f_3f7ad0e130f4
	compression.gzip.level = -1
	compression.lz4.level = 9
	compression.type = none
	compression.zstd.level = 3
	connections.max.idle.ms = 10000
	delivery.timeout.ms = 120000
	enable.idempotence = true
	enable.metrics.push = true
	interceptor.classes = []
	key.serializer = class org.apache.kafka.common.serialization.StringSerializer
	linger.ms = 0
	max.block.ms = 60000
	max.in.flight.requests.per.connection = 5
	max.request.size = 1048576
	metadata.max.age.ms = 300000
	metadata.max.idle.ms = 300000
	metadata.recovery.strategy = none
	metric.reporters = []
	metrics.num.samples = 2
	metrics.recording.level = INFO
	metrics.sample.window.ms = 30000
	partitioner.adaptive.partitioning.enable = true
	partitioner.availability.timeout.ms = 0
	partitioner.class = null
	partitioner.ignore.keys = false
	receive.buffer.bytes = 32768
	reconnect.backoff.max.ms = 1000
	reconnect.backoff.ms = 50
	request.timeout.ms = 5000
	retries = 2147483647
	retry.backoff.max.ms = 1000
	retry.backoff.ms = 100
	sasl.client.callback.handler.class = null
	sasl.jaas.config = null
	sasl.kerberos.kinit.cmd = /usr/bin/kinit
	sasl.kerberos.min.time.before.relogin = 60000
	sasl.kerberos.service.name = null
	sasl.kerberos.ticket.renew.jitter = 0.05
	sasl.kerberos.ticket.renew.window.factor = 0.8
	sasl.login.callback.handler.class = null
	sasl.login.class = null
	sasl.login.connect.timeout.ms = null
	sasl.login.read.timeout.ms = null
	sasl.login.refresh.buffer.seconds = 300
	sasl.login.refresh.min.period.seconds = 60
	sasl.login.refresh.window.factor = 0.8
	sasl.login.refresh.window.jitter = 0.05
	sasl.login.retry.backoff.max.ms = 10000
	sasl.login.retry.backoff.ms = 100
	sasl.mechanism = GSSAPI
	sasl.oauthbearer.clock.skew.seconds = 30
	sasl.oauthbearer.expected.audience = null
	sasl.oauthbearer.expected.issuer = null
	sasl.oauthbearer.header.urlencode = false
	sasl.oauthbearer.jwks.endpoint.refresh.ms = 3600000
	sasl.oauthbearer.jwks.endpoint.retry.backoff.max.ms = 10000
	sasl.oauthbearer.jwks.endpoint.retry.backoff.ms = 100
	sasl.oauthbearer.jwks.endpoint.url = null
	sasl.oauthbearer.scope.claim.name = scope
	sasl.oauthbearer.sub.claim.name = sub
	sasl.oauthbearer.token.endpoint.url = null
	security.protocol = PLAINTEXT
	security.providers = null
	send.buffer.bytes = 131072
	socket.connection.setup.timeout.max.ms = 30000
	socket.connection.setup.timeout.ms = 10000
	ssl.cipher.suites = null
	ssl.enabled.protocols = [TLSv1.2, TLSv1.3]
	ssl.endpoint.identification.algorithm = https
	ssl.engine.factory.class = null
	ssl.key.password = null
	ssl.keymanager.algorithm = SunX509
	ssl.keystore.certificate.chain = null
	ssl.keystore.key = null
	ssl.keystore.location = null
	ssl.keystore.password = null
	ssl.keystore.type = JKS
	ssl.protocol = TLSv1.3
	ssl.provider = null
	ssl.secure.random.implementation = null
	ssl.trustmanager.algorithm = PKIX
	ssl.truststore.certificates = null
	ssl.truststore.location = null
	ssl.truststore.password = null
	ssl.truststore.type = JKS
	transaction.timeout.ms = 60000
	transactional.id = null
	value.serializer = class io.confluent.kafka.serializers.KafkaAvroSerializer

2025-10-08 17:30:45,397 INFO  [org.apa.kaf.com.tel.int.KafkaMetricsCollector] (main) initializing Kafka metrics collector
2025-10-08 17:30:45,398 INFO  [io.con.kaf.ser.KafkaAvroSerializerConfig] (main) KafkaAvroSerializerConfig values: 
	auto.register.schemas = false
	avro.reflection.allow.null = false
	avro.remove.java.properties = false
	avro.use.logical.type.converters = false
	basic.auth.credentials.source = URL
	basic.auth.user.info = [hidden]
	bearer.auth.cache.expiry.buffer.seconds = 300
	bearer.auth.client.id = null
	bearer.auth.client.secret = null
	bearer.auth.credentials.source = STATIC_TOKEN
	bearer.auth.custom.provider.class = null
	bearer.auth.identity.pool.id = null
	bearer.auth.issuer.endpoint.url = null
	bearer.auth.logical.cluster = null
	bearer.auth.scope = null
	bearer.auth.scope.claim.name = scope
	bearer.auth.sub.claim.name = sub
	bearer.auth.token = [hidden]
	context.name.strategy = class io.confluent.kafka.serializers.context.NullContextNameStrategy
	http.connect.timeout.ms = 60000
	http.read.timeout.ms = 60000
	id.compatibility.strict = true
	key.schema.id.deserializer = class io.confluent.kafka.serializers.schema.id.DualSchemaIdDeserializer
	key.schema.id.serializer = class io.confluent.kafka.serializers.schema.id.PrefixSchemaIdSerializer
	key.subject.name.strategy = class io.confluent.kafka.serializers.subject.TopicNameStrategy
	latest.cache.size = 1000
	latest.cache.ttl.sec = -1
	latest.compatibility.strict = true
	max.retries = 3
	max.schemas.per.subject = 1000
	normalize.schemas = false
	propagate.schema.tags = false
	proxy.host = 
	proxy.port = -1
	retries.max.wait.ms = 20000
	retries.wait.ms = 1000
	rule.actions = []
	rule.executors = []
	rule.service.loader.enable = true
	schema.format = null
	schema.reflection = false
	schema.registry.basic.auth.user.info = [hidden]
	schema.registry.ssl.cipher.suites = null
	schema.registry.ssl.enabled.protocols = [TLSv1.2, TLSv1.3]
	schema.registry.ssl.endpoint.identification.algorithm = https
	schema.registry.ssl.engine.factory.class = null
	schema.registry.ssl.key.password = null
	schema.registry.ssl.keymanager.algorithm = SunX509
	schema.registry.ssl.keystore.certificate.chain = null
	schema.registry.ssl.keystore.key = null
	schema.registry.ssl.keystore.location = null
	schema.registry.ssl.keystore.password = null
	schema.registry.ssl.keystore.type = JKS
	schema.registry.ssl.protocol = TLSv1.3
	schema.registry.ssl.provider = null
	schema.registry.ssl.secure.random.implementation = null
	schema.registry.ssl.trustmanager.algorithm = PKIX
	schema.registry.ssl.truststore.certificates = null
	schema.registry.ssl.truststore.location = null
	schema.registry.ssl.truststore.password = null
	schema.registry.ssl.truststore.type = JKS
	schema.registry.url = [http://registry-app-inmemory.apps.ci414.apicurio-testing.org:80/apis/ccompat/v7]
	schema.registry.url.randomize = false
	use.latest.version = false
	use.latest.with.metadata = null
	use.schema.id = -1
	value.schema.id.deserializer = class io.confluent.kafka.serializers.schema.id.DualSchemaIdDeserializer
	value.schema.id.serializer = class io.confluent.kafka.serializers.schema.id.PrefixSchemaIdSerializer
	value.subject.name.strategy = class io.confluent.kafka.serializers.subject.TopicRecordNameStrategy

2025-10-08 17:30:45,407 INFO  [org.apa.kaf.cli.pro.KafkaProducer] (main) [Producer clientId=Producer-topic-8d0849e3_278b_4eaf_a31f_3f7ad0e130f4] Instantiated an idempotent producer.
2025-10-08 17:30:45,409 INFO  [org.apa.kaf.cli.pro.ProducerConfig] (main) These configurations '[schema.registry.url, auto.register.schemas, value.subject.name.strategy]' were supplied but are not used yet.
2025-10-08 17:30:45,409 INFO  [org.apa.kaf.com.uti.AppInfoParser] (main) Kafka version: 3.9.1
2025-10-08 17:30:45,409 INFO  [org.apa.kaf.com.uti.AppInfoParser] (main) Kafka commitId: f745dfdcee2b9851
2025-10-08 17:30:45,409 INFO  [org.apa.kaf.com.uti.AppInfoParser] (main) Kafka startTimeMs: 1759944645409
**** Registry Base URL: http://registry-app-inmemory.apps.ci414.apicurio-testing.org:80
2025-10-08 17:30:45,411 INFO  [org.apa.kaf.cli.con.ConsumerConfig] (main) ConsumerConfig values: 
	allow.auto.create.topics = true
	auto.commit.interval.ms = 500
	auto.include.jmx.reporter = true
	auto.offset.reset = earliest
	bootstrap.servers = [PLAINTEXT://localhost:32769]
	check.crcs = true
	client.dns.lookup = use_all_dns_ips
	client.id = consumer-Consumer-topic-8d0849e3_278b_4eaf_a31f_3f7ad0e130f4-34
	client.rack = 
	connections.max.idle.ms = 10000
	default.api.timeout.ms = 60000
	enable.auto.commit = true
	enable.metrics.push = true
	exclude.internal.topics = true
	fetch.max.bytes = 52428800
	fetch.max.wait.ms = 500
	fetch.min.bytes = 1
	group.id = Consumer-topic-8d0849e3_278b_4eaf_a31f_3f7ad0e130f4
	group.instance.id = null
	group.protocol = classic
	group.remote.assignor = null
	heartbeat.interval.ms = 3000
	interceptor.classes = []
	internal.leave.group.on.close = true
	internal.throw.on.fetch.stable.offset.unsupported = false
	isolation.level = read_uncommitted
	key.deserializer = class org.apache.kafka.common.serialization.StringDeserializer
	max.partition.fetch.bytes = 1048576
	max.poll.interval.ms = 300000
	max.poll.records = 500
	metadata.max.age.ms = 300000
	metadata.recovery.strategy = none
	metric.reporters = []
	metrics.num.samples = 2
	metrics.recording.level = INFO
	metrics.sample.window.ms = 30000
	partition.assignment.strategy = [class org.apache.kafka.clients.consumer.RangeAssignor, class org.apache.kafka.clients.consumer.CooperativeStickyAssignor]
	receive.buffer.bytes = 65536
	reconnect.backoff.max.ms = 1000
	reconnect.backoff.ms = 50
	request.timeout.ms = 5000
	retry.backoff.max.ms = 1000
	retry.backoff.ms = 100
	sasl.client.callback.handler.class = null
	sasl.jaas.config = null
	sasl.kerberos.kinit.cmd = /usr/bin/kinit
	sasl.kerberos.min.time.before.relogin = 60000
	sasl.kerberos.service.name = null
	sasl.kerberos.ticket.renew.jitter = 0.05
	sasl.kerberos.ticket.renew.window.factor = 0.8
	sasl.login.callback.handler.class = null
	sasl.login.class = null
	sasl.login.connect.timeout.ms = null
	sasl.login.read.timeout.ms = null
	sasl.login.refresh.buffer.seconds = 300
	sasl.login.refresh.min.period.seconds = 60
	sasl.login.refresh.window.factor = 0.8
	sasl.login.refresh.window.jitter = 0.05
	sasl.login.retry.backoff.max.ms = 10000
	sasl.login.retry.backoff.ms = 100
	sasl.mechanism = GSSAPI
	sasl.oauthbearer.clock.skew.seconds = 30
	sasl.oauthbearer.expected.audience = null
	sasl.oauthbearer.expected.issuer = null
	sasl.oauthbearer.header.urlencode = false
	sasl.oauthbearer.jwks.endpoint.refresh.ms = 3600000
	sasl.oauthbearer.jwks.endpoint.retry.backoff.max.ms = 10000
	sasl.oauthbearer.jwks.endpoint.retry.backoff.ms = 100
	sasl.oauthbearer.jwks.endpoint.url = null
	sasl.oauthbearer.scope.claim.name = scope
	sasl.oauthbearer.sub.claim.name = sub
	sasl.oauthbearer.token.endpoint.url = null
	security.protocol = PLAINTEXT
	security.providers = null
	send.buffer.bytes = 131072
	session.timeout.ms = 45000
	socket.connection.setup.timeout.max.ms = 30000
	socket.connection.setup.timeout.ms = 10000
	ssl.cipher.suites = null
	ssl.enabled.protocols = [TLSv1.2, TLSv1.3]
	ssl.endpoint.identification.algorithm = https
	ssl.engine.factory.class = null
	ssl.key.password = null
	ssl.keymanager.algorithm = SunX509
	ssl.keystore.certificate.chain = null
	ssl.keystore.key = null
	ssl.keystore.location = null
	ssl.keystore.password = null
	ssl.keystore.type = JKS
	ssl.protocol = TLSv1.3
	ssl.provider = null
	ssl.secure.random.implementation = null
	ssl.trustmanager.algorithm = PKIX
	ssl.truststore.certificates = null
	ssl.truststore.location = null
	ssl.truststore.password = null
	ssl.truststore.type = JKS
	value.deserializer = class io.confluent.kafka.serializers.KafkaAvroDeserializer

2025-10-08 17:30:45,412 INFO  [org.apa.kaf.com.tel.int.KafkaMetricsCollector] (main) initializing Kafka metrics collector
2025-10-08 17:30:45,413 INFO  [io.con.kaf.ser.KafkaAvroDeserializerConfig] (main) KafkaAvroDeserializerConfig values: 
	auto.register.schemas = true
	avro.reflection.allow.null = false
	avro.use.logical.type.converters = false
	basic.auth.credentials.source = URL
	basic.auth.user.info = [hidden]
	bearer.auth.cache.expiry.buffer.seconds = 300
	bearer.auth.client.id = null
	bearer.auth.client.secret = null
	bearer.auth.credentials.source = STATIC_TOKEN
	bearer.auth.custom.provider.class = null
	bearer.auth.identity.pool.id = null
	bearer.auth.issuer.endpoint.url = null
	bearer.auth.logical.cluster = null
	bearer.auth.scope = null
	bearer.auth.scope.claim.name = scope
	bearer.auth.sub.claim.name = sub
	bearer.auth.token = [hidden]
	context.name.strategy = class io.confluent.kafka.serializers.context.NullContextNameStrategy
	http.connect.timeout.ms = 60000
	http.read.timeout.ms = 60000
	id.compatibility.strict = true
	key.schema.id.deserializer = class io.confluent.kafka.serializers.schema.id.DualSchemaIdDeserializer
	key.schema.id.serializer = class io.confluent.kafka.serializers.schema.id.PrefixSchemaIdSerializer
	key.subject.name.strategy = class io.confluent.kafka.serializers.subject.TopicNameStrategy
	latest.cache.size = 1000
	latest.cache.ttl.sec = -1
	latest.compatibility.strict = true
	max.retries = 3
	max.schemas.per.subject = 1000
	normalize.schemas = false
	propagate.schema.tags = false
	proxy.host = 
	proxy.port = -1
	retries.max.wait.ms = 20000
	retries.wait.ms = 1000
	rule.actions = []
	rule.executors = []
	rule.service.loader.enable = true
	schema.format = null
	schema.reflection = false
	schema.registry.basic.auth.user.info = [hidden]
	schema.registry.ssl.cipher.suites = null
	schema.registry.ssl.enabled.protocols = [TLSv1.2, TLSv1.3]
	schema.registry.ssl.endpoint.identification.algorithm = https
	schema.registry.ssl.engine.factory.class = null
	schema.registry.ssl.key.password = null
	schema.registry.ssl.keymanager.algorithm = SunX509
	schema.registry.ssl.keystore.certificate.chain = null
	schema.registry.ssl.keystore.key = null
	schema.registry.ssl.keystore.location = null
	schema.registry.ssl.keystore.password = null
	schema.registry.ssl.keystore.type = JKS
	schema.registry.ssl.protocol = TLSv1.3
	schema.registry.ssl.provider = null
	schema.registry.ssl.secure.random.implementation = null
	schema.registry.ssl.trustmanager.algorithm = PKIX
	schema.registry.ssl.truststore.certificates = null
	schema.registry.ssl.truststore.location = null
	schema.registry.ssl.truststore.password = null
	schema.registry.ssl.truststore.type = JKS
	schema.registry.url = [http://registry-app-inmemory.apps.ci414.apicurio-testing.org:80/apis/ccompat/v7]
	schema.registry.url.randomize = false
	specific.avro.key.type = null
	specific.avro.reader = false
	specific.avro.value.type = null
	use.latest.version = false
	use.latest.with.metadata = null
	use.schema.id = -1
	value.schema.id.deserializer = class io.confluent.kafka.serializers.schema.id.DualSchemaIdDeserializer
	value.schema.id.serializer = class io.confluent.kafka.serializers.schema.id.PrefixSchemaIdSerializer
	value.subject.name.strategy = class io.confluent.kafka.serializers.subject.TopicNameStrategy

2025-10-08 17:30:45,413 INFO  [org.apa.kaf.cli.Metadata] (kafka-producer-network-thread | Producer-topic-8d0849e3_278b_4eaf_a31f_3f7ad0e130f4) [Producer clientId=Producer-topic-8d0849e3_278b_4eaf_a31f_3f7ad0e130f4] Cluster ID: R7TsD1pyQX2HMwyS3tZayg
2025-10-08 17:30:45,414 INFO  [org.apa.kaf.cli.pro.int.TransactionManager] (kafka-producer-network-thread | Producer-topic-8d0849e3_278b_4eaf_a31f_3f7ad0e130f4) [Producer clientId=Producer-topic-8d0849e3_278b_4eaf_a31f_3f7ad0e130f4] ProducerId set to 44 with epoch 0
2025-10-08 17:30:45,415 INFO  [org.apa.kaf.cli.con.ConsumerConfig] (main) These configurations '[schema.registry.url]' were supplied but are not used yet.
2025-10-08 17:30:45,416 INFO  [org.apa.kaf.com.uti.AppInfoParser] (main) Kafka version: 3.9.1
2025-10-08 17:30:45,416 INFO  [org.apa.kaf.com.uti.AppInfoParser] (main) Kafka commitId: f745dfdcee2b9851
2025-10-08 17:30:45,416 INFO  [org.apa.kaf.com.uti.AppInfoParser] (main) Kafka startTimeMs: 1759944645416
2025-10-08 17:30:45,416 INFO  [io.api.tes.ser.api.KafkaSerdesTester] (ForkJoinPool.commonPool-worker-3) Sending message {"key1": "value-0"} to topic topic-8d0849e3_278b_4eaf_a31f_3f7ad0e130f4
2025-10-08 17:30:45,439 INFO  [io.api.tes.ser.api.KafkaSerdesTester] (ForkJoinPool.commonPool-worker-3) Sending message {"key1": "value-1"} to topic topic-8d0849e3_278b_4eaf_a31f_3f7ad0e130f4
2025-10-08 17:30:45,440 INFO  [io.api.tes.ser.api.KafkaSerdesTester] (ForkJoinPool.commonPool-worker-3) Sending message {"key1": "value-2"} to topic topic-8d0849e3_278b_4eaf_a31f_3f7ad0e130f4
2025-10-08 17:30:45,441 INFO  [io.api.tes.ser.api.KafkaSerdesTester] (ForkJoinPool.commonPool-worker-3) Sending message {"key1": "value-3"} to topic topic-8d0849e3_278b_4eaf_a31f_3f7ad0e130f4
2025-10-08 17:30:45,442 INFO  [io.api.tes.ser.api.KafkaSerdesTester] (ForkJoinPool.commonPool-worker-3) Sending message {"key1": "value-4"} to topic topic-8d0849e3_278b_4eaf_a31f_3f7ad0e130f4
2025-10-08 17:30:45,443 INFO  [io.api.tes.ser.api.KafkaSerdesTester] (ForkJoinPool.commonPool-worker-3) Sending message {"key1": "value-5"} to topic topic-8d0849e3_278b_4eaf_a31f_3f7ad0e130f4
2025-10-08 17:30:45,444 INFO  [io.api.tes.ser.api.KafkaSerdesTester] (ForkJoinPool.commonPool-worker-3) Sending message {"key1": "value-6"} to topic topic-8d0849e3_278b_4eaf_a31f_3f7ad0e130f4
2025-10-08 17:30:45,445 INFO  [io.api.tes.ser.api.KafkaSerdesTester] (ForkJoinPool.commonPool-worker-3) Sending message {"key1": "value-7"} to topic topic-8d0849e3_278b_4eaf_a31f_3f7ad0e130f4
2025-10-08 17:30:45,446 INFO  [io.api.tes.ser.api.KafkaSerdesTester] (ForkJoinPool.commonPool-worker-3) Sending message {"key1": "value-8"} to topic topic-8d0849e3_278b_4eaf_a31f_3f7ad0e130f4
2025-10-08 17:30:45,447 INFO  [io.api.tes.ser.api.KafkaSerdesTester] (ForkJoinPool.commonPool-worker-3) Sending message {"key1": "value-9"} to topic topic-8d0849e3_278b_4eaf_a31f_3f7ad0e130f4
2025-10-08 17:30:45,448 INFO  [io.api.tes.ser.api.KafkaSerdesTester] (ForkJoinPool.commonPool-worker-3) Produced 10 messages
2025-10-08 17:30:45,448 INFO  [org.apa.kaf.cli.pro.KafkaProducer] (ForkJoinPool.commonPool-worker-3) [Producer clientId=Producer-topic-8d0849e3_278b_4eaf_a31f_3f7ad0e130f4] Closing the Kafka producer with timeoutMillis = 9223372036854775807 ms.
2025-10-08 17:30:45,449 INFO  [org.apa.kaf.com.met.Metrics] (ForkJoinPool.commonPool-worker-3) Metrics scheduler closed
2025-10-08 17:30:45,449 INFO  [org.apa.kaf.com.met.Metrics] (ForkJoinPool.commonPool-worker-3) Closing reporter org.apache.kafka.common.metrics.JmxReporter
2025-10-08 17:30:45,449 INFO  [org.apa.kaf.com.met.Metrics] (ForkJoinPool.commonPool-worker-3) Closing reporter org.apache.kafka.common.telemetry.internals.ClientTelemetryReporter
2025-10-08 17:30:45,449 INFO  [org.apa.kaf.com.met.Metrics] (ForkJoinPool.commonPool-worker-3) Metrics reporters closed
2025-10-08 17:30:45,450 INFO  [org.apa.kaf.com.uti.AppInfoParser] (ForkJoinPool.commonPool-worker-3) App info kafka.producer for Producer-topic-8d0849e3_278b_4eaf_a31f_3f7ad0e130f4 unregistered
2025-10-08 17:30:45,450 INFO  [org.apa.kaf.cli.con.int.ClassicKafkaConsumer] (ForkJoinPool.commonPool-worker-3) [Consumer clientId=consumer-Consumer-topic-8d0849e3_278b_4eaf_a31f_3f7ad0e130f4-34, groupId=Consumer-topic-8d0849e3_278b_4eaf_a31f_3f7ad0e130f4] Subscribed to topic(s): topic-8d0849e3_278b_4eaf_a31f_3f7ad0e130f4
2025-10-08 17:30:45,453 INFO  [org.apa.kaf.cli.Metadata] (ForkJoinPool.commonPool-worker-3) [Consumer clientId=consumer-Consumer-topic-8d0849e3_278b_4eaf_a31f_3f7ad0e130f4-34, groupId=Consumer-topic-8d0849e3_278b_4eaf_a31f_3f7ad0e130f4] Cluster ID: R7TsD1pyQX2HMwyS3tZayg
2025-10-08 17:30:45,454 INFO  [org.apa.kaf.cli.con.int.ConsumerCoordinator] (ForkJoinPool.commonPool-worker-3) [Consumer clientId=consumer-Consumer-topic-8d0849e3_278b_4eaf_a31f_3f7ad0e130f4-34, groupId=Consumer-topic-8d0849e3_278b_4eaf_a31f_3f7ad0e130f4] Discovered group coordinator localhost:32769 (id: 2147483647 rack: null)
2025-10-08 17:30:45,454 INFO  [org.apa.kaf.cli.con.int.ConsumerCoordinator] (ForkJoinPool.commonPool-worker-3) [Consumer clientId=consumer-Consumer-topic-8d0849e3_278b_4eaf_a31f_3f7ad0e130f4-34, groupId=Consumer-topic-8d0849e3_278b_4eaf_a31f_3f7ad0e130f4] (Re-)joining group
2025-10-08 17:30:45,456 INFO  [org.apa.kaf.cli.con.int.ConsumerCoordinator] (ForkJoinPool.commonPool-worker-3) [Consumer clientId=consumer-Consumer-topic-8d0849e3_278b_4eaf_a31f_3f7ad0e130f4-34, groupId=Consumer-topic-8d0849e3_278b_4eaf_a31f_3f7ad0e130f4] Request joining group due to: need to re-join with the given member-id: consumer-Consumer-topic-8d0849e3_278b_4eaf_a31f_3f7ad0e130f4-34-ccf4e39c-c11c-4b66-9a79-2aa92050f4d7
2025-10-08 17:30:45,456 INFO  [org.apa.kaf.cli.con.int.ConsumerCoordinator] (ForkJoinPool.commonPool-worker-3) [Consumer clientId=consumer-Consumer-topic-8d0849e3_278b_4eaf_a31f_3f7ad0e130f4-34, groupId=Consumer-topic-8d0849e3_278b_4eaf_a31f_3f7ad0e130f4] (Re-)joining group
2025-10-08 17:30:46,450 INFO  [io.api.tes.ser.api.KafkaSerdesTester] (ForkJoinPool.commonPool-worker-3) None found
2025-10-08 17:30:47,451 INFO  [io.api.tes.ser.api.KafkaSerdesTester] (ForkJoinPool.commonPool-worker-3) None found
2025-10-08 17:30:48,452 INFO  [io.api.tes.ser.api.KafkaSerdesTester] (ForkJoinPool.commonPool-worker-3) None found
2025-10-08 17:30:48,457 INFO  [org.apa.kaf.cli.con.int.ConsumerCoordinator] (ForkJoinPool.commonPool-worker-3) [Consumer clientId=consumer-Consumer-topic-8d0849e3_278b_4eaf_a31f_3f7ad0e130f4-34, groupId=Consumer-topic-8d0849e3_278b_4eaf_a31f_3f7ad0e130f4] Successfully joined group with generation Generation{generationId=1, memberId='consumer-Consumer-topic-8d0849e3_278b_4eaf_a31f_3f7ad0e130f4-34-ccf4e39c-c11c-4b66-9a79-2aa92050f4d7', protocol='range'}
2025-10-08 17:30:48,457 INFO  [org.apa.kaf.cli.con.int.ConsumerCoordinator] (ForkJoinPool.commonPool-worker-3) [Consumer clientId=consumer-Consumer-topic-8d0849e3_278b_4eaf_a31f_3f7ad0e130f4-34, groupId=Consumer-topic-8d0849e3_278b_4eaf_a31f_3f7ad0e130f4] Finished assignment for group at generation 1: {consumer-Consumer-topic-8d0849e3_278b_4eaf_a31f_3f7ad0e130f4-34-ccf4e39c-c11c-4b66-9a79-2aa92050f4d7=Assignment(partitions=[topic-8d0849e3_278b_4eaf_a31f_3f7ad0e130f4-0])}
2025-10-08 17:30:48,464 INFO  [org.apa.kaf.cli.con.int.ConsumerCoordinator] (ForkJoinPool.commonPool-worker-3) [Consumer clientId=consumer-Consumer-topic-8d0849e3_278b_4eaf_a31f_3f7ad0e130f4-34, groupId=Consumer-topic-8d0849e3_278b_4eaf_a31f_3f7ad0e130f4] Successfully synced group in generation Generation{generationId=1, memberId='consumer-Consumer-topic-8d0849e3_278b_4eaf_a31f_3f7ad0e130f4-34-ccf4e39c-c11c-4b66-9a79-2aa92050f4d7', protocol='range'}
2025-10-08 17:30:48,464 INFO  [org.apa.kaf.cli.con.int.ConsumerCoordinator] (ForkJoinPool.commonPool-worker-3) [Consumer clientId=consumer-Consumer-topic-8d0849e3_278b_4eaf_a31f_3f7ad0e130f4-34, groupId=Consumer-topic-8d0849e3_278b_4eaf_a31f_3f7ad0e130f4] Notifying assignor about the new Assignment(partitions=[topic-8d0849e3_278b_4eaf_a31f_3f7ad0e130f4-0])
2025-10-08 17:30:48,464 INFO  [org.apa.kaf.cli.con.int.ConsumerRebalanceListenerInvoker] (ForkJoinPool.commonPool-worker-3) [Consumer clientId=consumer-Consumer-topic-8d0849e3_278b_4eaf_a31f_3f7ad0e130f4-34, groupId=Consumer-topic-8d0849e3_278b_4eaf_a31f_3f7ad0e130f4] Adding newly assigned partitions: topic-8d0849e3_278b_4eaf_a31f_3f7ad0e130f4-0
2025-10-08 17:30:48,465 INFO  [org.apa.kaf.cli.con.int.ConsumerCoordinator] (ForkJoinPool.commonPool-worker-3) [Consumer clientId=consumer-Consumer-topic-8d0849e3_278b_4eaf_a31f_3f7ad0e130f4-34, groupId=Consumer-topic-8d0849e3_278b_4eaf_a31f_3f7ad0e130f4] Found no committed offset for partition topic-8d0849e3_278b_4eaf_a31f_3f7ad0e130f4-0
2025-10-08 17:30:48,467 INFO  [org.apa.kaf.cli.con.int.SubscriptionState] (ForkJoinPool.commonPool-worker-3) [Consumer clientId=consumer-Consumer-topic-8d0849e3_278b_4eaf_a31f_3f7ad0e130f4-34, groupId=Consumer-topic-8d0849e3_278b_4eaf_a31f_3f7ad0e130f4] Resetting offset for partition topic-8d0849e3_278b_4eaf_a31f_3f7ad0e130f4-0 to position FetchPosition{offset=0, offsetEpoch=Optional.empty, currentLeader=LeaderAndEpoch{leader=Optional[localhost:32769 (id: 0 rack: null)], epoch=0}}.
2025-10-08 17:30:48,478 INFO  [io.api.tes.ser.api.KafkaSerdesTester] (ForkJoinPool.commonPool-worker-3) topic-8d0849e3_278b_4eaf_a31f_3f7ad0e130f4 0 0 {"key1": "value-0"}
2025-10-08 17:30:48,478 INFO  [io.api.tes.ser.api.KafkaSerdesTester] (ForkJoinPool.commonPool-worker-3) topic-8d0849e3_278b_4eaf_a31f_3f7ad0e130f4 0 1 {"key1": "value-1"}
2025-10-08 17:30:48,478 INFO  [io.api.tes.ser.api.KafkaSerdesTester] (ForkJoinPool.commonPool-worker-3) topic-8d0849e3_278b_4eaf_a31f_3f7ad0e130f4 0 2 {"key1": "value-2"}
2025-10-08 17:30:48,478 INFO  [io.api.tes.ser.api.KafkaSerdesTester] (ForkJoinPool.commonPool-worker-3) topic-8d0849e3_278b_4eaf_a31f_3f7ad0e130f4 0 3 {"key1": "value-3"}
2025-10-08 17:30:48,479 INFO  [io.api.tes.ser.api.KafkaSerdesTester] (ForkJoinPool.commonPool-worker-3) topic-8d0849e3_278b_4eaf_a31f_3f7ad0e130f4 0 4 {"key1": "value-4"}
2025-10-08 17:30:48,479 INFO  [io.api.tes.ser.api.KafkaSerdesTester] (ForkJoinPool.commonPool-worker-3) topic-8d0849e3_278b_4eaf_a31f_3f7ad0e130f4 0 5 {"key1": "value-5"}
2025-10-08 17:30:48,479 INFO  [io.api.tes.ser.api.KafkaSerdesTester] (ForkJoinPool.commonPool-worker-3) topic-8d0849e3_278b_4eaf_a31f_3f7ad0e130f4 0 6 {"key1": "value-6"}
2025-10-08 17:30:48,479 INFO  [io.api.tes.ser.api.KafkaSerdesTester] (ForkJoinPool.commonPool-worker-3) topic-8d0849e3_278b_4eaf_a31f_3f7ad0e130f4 0 7 {"key1": "value-7"}
2025-10-08 17:30:48,479 INFO  [io.api.tes.ser.api.KafkaSerdesTester] (ForkJoinPool.commonPool-worker-3) topic-8d0849e3_278b_4eaf_a31f_3f7ad0e130f4 0 8 {"key1": "value-8"}
2025-10-08 17:30:48,479 INFO  [io.api.tes.ser.api.KafkaSerdesTester] (ForkJoinPool.commonPool-worker-3) topic-8d0849e3_278b_4eaf_a31f_3f7ad0e130f4 0 9 {"key1": "value-9"}
2025-10-08 17:30:48,479 INFO  [io.api.tes.ser.api.KafkaSerdesTester] (ForkJoinPool.commonPool-worker-3) Consumed 10 messages
2025-10-08 17:30:48,485 INFO  [org.apa.kaf.cli.con.int.ConsumerRebalanceListenerInvoker] (ForkJoinPool.commonPool-worker-3) [Consumer clientId=consumer-Consumer-topic-8d0849e3_278b_4eaf_a31f_3f7ad0e130f4-34, groupId=Consumer-topic-8d0849e3_278b_4eaf_a31f_3f7ad0e130f4] Revoke previously assigned partitions topic-8d0849e3_278b_4eaf_a31f_3f7ad0e130f4-0
2025-10-08 17:30:48,485 INFO  [org.apa.kaf.cli.con.int.ConsumerCoordinator] (ForkJoinPool.commonPool-worker-3) [Consumer clientId=consumer-Consumer-topic-8d0849e3_278b_4eaf_a31f_3f7ad0e130f4-34, groupId=Consumer-topic-8d0849e3_278b_4eaf_a31f_3f7ad0e130f4] Member consumer-Consumer-topic-8d0849e3_278b_4eaf_a31f_3f7ad0e130f4-34-ccf4e39c-c11c-4b66-9a79-2aa92050f4d7 sending LeaveGroup request to coordinator localhost:32769 (id: 2147483647 rack: null) due to the consumer is being closed
2025-10-08 17:30:48,485 INFO  [org.apa.kaf.cli.con.int.ConsumerCoordinator] (ForkJoinPool.commonPool-worker-3) [Consumer clientId=consumer-Consumer-topic-8d0849e3_278b_4eaf_a31f_3f7ad0e130f4-34, groupId=Consumer-topic-8d0849e3_278b_4eaf_a31f_3f7ad0e130f4] Resetting generation and member id due to: consumer pro-actively leaving the group
2025-10-08 17:30:48,485 INFO  [org.apa.kaf.cli.con.int.ConsumerCoordinator] (ForkJoinPool.commonPool-worker-3) [Consumer clientId=consumer-Consumer-topic-8d0849e3_278b_4eaf_a31f_3f7ad0e130f4-34, groupId=Consumer-topic-8d0849e3_278b_4eaf_a31f_3f7ad0e130f4] Request joining group due to: consumer pro-actively leaving the group
2025-10-08 17:30:48,980 INFO  [org.apa.kaf.com.met.Metrics] (ForkJoinPool.commonPool-worker-3) Metrics scheduler closed
2025-10-08 17:30:48,980 INFO  [org.apa.kaf.com.met.Metrics] (ForkJoinPool.commonPool-worker-3) Closing reporter org.apache.kafka.common.metrics.JmxReporter
2025-10-08 17:30:48,980 INFO  [org.apa.kaf.com.met.Metrics] (ForkJoinPool.commonPool-worker-3) Closing reporter org.apache.kafka.common.telemetry.internals.ClientTelemetryReporter
2025-10-08 17:30:48,981 INFO  [org.apa.kaf.com.met.Metrics] (ForkJoinPool.commonPool-worker-3) Metrics reporters closed
2025-10-08 17:30:48,982 INFO  [org.apa.kaf.com.uti.AppInfoParser] (ForkJoinPool.commonPool-worker-3) App info kafka.consumer for consumer-Consumer-topic-8d0849e3_278b_4eaf_a31f_3f7ad0e130f4-34 unregistered
**** Registry Base URL: http://registry-app-inmemory.apps.ci414.apicurio-testing.org:80
2025-10-08 17:30:50,003 INFO  [org.apa.kaf.cli.pro.ProducerConfig] (main) ProducerConfig values: 
	acks = -1
	auto.include.jmx.reporter = true
	batch.size = 16384
	bootstrap.servers = [PLAINTEXT://localhost:32769]
	buffer.memory = 33554432
	client.dns.lookup = use_all_dns_ips
	client.id = Producer-topic-8d0849e3_278b_4eaf_a31f_3f7ad0e130f4
	compression.gzip.level = -1
	compression.lz4.level = 9
	compression.type = none
	compression.zstd.level = 3
	connections.max.idle.ms = 10000
	delivery.timeout.ms = 120000
	enable.idempotence = true
	enable.metrics.push = true
	interceptor.classes = []
	key.serializer = class org.apache.kafka.common.serialization.StringSerializer
	linger.ms = 0
	max.block.ms = 60000
	max.in.flight.requests.per.connection = 5
	max.request.size = 1048576
	metadata.max.age.ms = 300000
	metadata.max.idle.ms = 300000
	metadata.recovery.strategy = none
	metric.reporters = []
	metrics.num.samples = 2
	metrics.recording.level = INFO
	metrics.sample.window.ms = 30000
	partitioner.adaptive.partitioning.enable = true
	partitioner.availability.timeout.ms = 0
	partitioner.class = null
	partitioner.ignore.keys = false
	receive.buffer.bytes = 32768
	reconnect.backoff.max.ms = 1000
	reconnect.backoff.ms = 50
	request.timeout.ms = 5000
	retries = 2147483647
	retry.backoff.max.ms = 1000
	retry.backoff.ms = 100
	sasl.client.callback.handler.class = null
	sasl.jaas.config = null
	sasl.kerberos.kinit.cmd = /usr/bin/kinit
	sasl.kerberos.min.time.before.relogin = 60000
	sasl.kerberos.service.name = null
	sasl.kerberos.ticket.renew.jitter = 0.05
	sasl.kerberos.ticket.renew.window.factor = 0.8
	sasl.login.callback.handler.class = null
	sasl.login.class = null
	sasl.login.connect.timeout.ms = null
	sasl.login.read.timeout.ms = null
	sasl.login.refresh.buffer.seconds = 300
	sasl.login.refresh.min.period.seconds = 60
	sasl.login.refresh.window.factor = 0.8
	sasl.login.refresh.window.jitter = 0.05
	sasl.login.retry.backoff.max.ms = 10000
	sasl.login.retry.backoff.ms = 100
	sasl.mechanism = GSSAPI
	sasl.oauthbearer.clock.skew.seconds = 30
	sasl.oauthbearer.expected.audience = null
	sasl.oauthbearer.expected.issuer = null
	sasl.oauthbearer.header.urlencode = false
	sasl.oauthbearer.jwks.endpoint.refresh.ms = 3600000
	sasl.oauthbearer.jwks.endpoint.retry.backoff.max.ms = 10000
	sasl.oauthbearer.jwks.endpoint.retry.backoff.ms = 100
	sasl.oauthbearer.jwks.endpoint.url = null
	sasl.oauthbearer.scope.claim.name = scope
	sasl.oauthbearer.sub.claim.name = sub
	sasl.oauthbearer.token.endpoint.url = null
	security.protocol = PLAINTEXT
	security.providers = null
	send.buffer.bytes = 131072
	socket.connection.setup.timeout.max.ms = 30000
	socket.connection.setup.timeout.ms = 10000
	ssl.cipher.suites = null
	ssl.enabled.protocols = [TLSv1.2, TLSv1.3]
	ssl.endpoint.identification.algorithm = https
	ssl.engine.factory.class = null
	ssl.key.password = null
	ssl.keymanager.algorithm = SunX509
	ssl.keystore.certificate.chain = null
	ssl.keystore.key = null
	ssl.keystore.location = null
	ssl.keystore.password = null
	ssl.keystore.type = JKS
	ssl.protocol = TLSv1.3
	ssl.provider = null
	ssl.secure.random.implementation = null
	ssl.trustmanager.algorithm = PKIX
	ssl.truststore.certificates = null
	ssl.truststore.location = null
	ssl.truststore.password = null
	ssl.truststore.type = JKS
	transaction.timeout.ms = 60000
	transactional.id = null
	value.serializer = class io.confluent.kafka.serializers.KafkaAvroSerializer

2025-10-08 17:30:50,004 INFO  [org.apa.kaf.com.tel.int.KafkaMetricsCollector] (main) initializing Kafka metrics collector
2025-10-08 17:30:50,004 INFO  [io.con.kaf.ser.KafkaAvroSerializerConfig] (main) KafkaAvroSerializerConfig values: 
	auto.register.schemas = false
	avro.reflection.allow.null = false
	avro.remove.java.properties = false
	avro.use.logical.type.converters = false
	basic.auth.credentials.source = URL
	basic.auth.user.info = [hidden]
	bearer.auth.cache.expiry.buffer.seconds = 300
	bearer.auth.client.id = null
	bearer.auth.client.secret = null
	bearer.auth.credentials.source = STATIC_TOKEN
	bearer.auth.custom.provider.class = null
	bearer.auth.identity.pool.id = null
	bearer.auth.issuer.endpoint.url = null
	bearer.auth.logical.cluster = null
	bearer.auth.scope = null
	bearer.auth.scope.claim.name = scope
	bearer.auth.sub.claim.name = sub
	bearer.auth.token = [hidden]
	context.name.strategy = class io.confluent.kafka.serializers.context.NullContextNameStrategy
	http.connect.timeout.ms = 60000
	http.read.timeout.ms = 60000
	id.compatibility.strict = true
	key.schema.id.deserializer = class io.confluent.kafka.serializers.schema.id.DualSchemaIdDeserializer
	key.schema.id.serializer = class io.confluent.kafka.serializers.schema.id.PrefixSchemaIdSerializer
	key.subject.name.strategy = class io.confluent.kafka.serializers.subject.TopicNameStrategy
	latest.cache.size = 1000
	latest.cache.ttl.sec = -1
	latest.compatibility.strict = true
	max.retries = 3
	max.schemas.per.subject = 1000
	normalize.schemas = false
	propagate.schema.tags = false
	proxy.host = 
	proxy.port = -1
	retries.max.wait.ms = 20000
	retries.wait.ms = 1000
	rule.actions = []
	rule.executors = []
	rule.service.loader.enable = true
	schema.format = null
	schema.reflection = false
	schema.registry.basic.auth.user.info = [hidden]
	schema.registry.ssl.cipher.suites = null
	schema.registry.ssl.enabled.protocols = [TLSv1.2, TLSv1.3]
	schema.registry.ssl.endpoint.identification.algorithm = https
	schema.registry.ssl.engine.factory.class = null
	schema.registry.ssl.key.password = null
	schema.registry.ssl.keymanager.algorithm = SunX509
	schema.registry.ssl.keystore.certificate.chain = null
	schema.registry.ssl.keystore.key = null
	schema.registry.ssl.keystore.location = null
	schema.registry.ssl.keystore.password = null
	schema.registry.ssl.keystore.type = JKS
	schema.registry.ssl.protocol = TLSv1.3
	schema.registry.ssl.provider = null
	schema.registry.ssl.secure.random.implementation = null
	schema.registry.ssl.trustmanager.algorithm = PKIX
	schema.registry.ssl.truststore.certificates = null
	schema.registry.ssl.truststore.location = null
	schema.registry.ssl.truststore.password = null
	schema.registry.ssl.truststore.type = JKS
	schema.registry.url = [http://registry-app-inmemory.apps.ci414.apicurio-testing.org:80/apis/ccompat/v7]
	schema.registry.url.randomize = false
	use.latest.version = false
	use.latest.with.metadata = null
	use.schema.id = -1
	value.schema.id.deserializer = class io.confluent.kafka.serializers.schema.id.DualSchemaIdDeserializer
	value.schema.id.serializer = class io.confluent.kafka.serializers.schema.id.PrefixSchemaIdSerializer
	value.subject.name.strategy = class io.confluent.kafka.serializers.subject.TopicRecordNameStrategy

2025-10-08 17:30:50,006 INFO  [org.apa.kaf.cli.pro.KafkaProducer] (main) [Producer clientId=Producer-topic-8d0849e3_278b_4eaf_a31f_3f7ad0e130f4] Instantiated an idempotent producer.
2025-10-08 17:30:50,007 INFO  [org.apa.kaf.cli.pro.ProducerConfig] (main) These configurations '[schema.registry.url, auto.register.schemas, value.subject.name.strategy]' were supplied but are not used yet.
2025-10-08 17:30:50,007 INFO  [org.apa.kaf.com.uti.AppInfoParser] (main) Kafka version: 3.9.1
2025-10-08 17:30:50,007 INFO  [org.apa.kaf.com.uti.AppInfoParser] (main) Kafka commitId: f745dfdcee2b9851
2025-10-08 17:30:50,007 INFO  [org.apa.kaf.com.uti.AppInfoParser] (main) Kafka startTimeMs: 1759944650007
2025-10-08 17:30:50,007 INFO  [io.api.tes.ser.api.KafkaSerdesTester] (ForkJoinPool.commonPool-worker-3) Sending message {"key1": "value-0", "key2": "value-0"} to topic topic-8d0849e3_278b_4eaf_a31f_3f7ad0e130f4
2025-10-08 17:30:50,010 INFO  [org.apa.kaf.cli.Metadata] (kafka-producer-network-thread | Producer-topic-8d0849e3_278b_4eaf_a31f_3f7ad0e130f4) [Producer clientId=Producer-topic-8d0849e3_278b_4eaf_a31f_3f7ad0e130f4] Cluster ID: R7TsD1pyQX2HMwyS3tZayg
2025-10-08 17:30:50,010 INFO  [org.apa.kaf.cli.pro.int.TransactionManager] (kafka-producer-network-thread | Producer-topic-8d0849e3_278b_4eaf_a31f_3f7ad0e130f4) [Producer clientId=Producer-topic-8d0849e3_278b_4eaf_a31f_3f7ad0e130f4] ProducerId set to 45 with epoch 0
2025-10-08 17:30:50,020 INFO  [io.api.tes.ser.api.KafkaSerdesTester] (ForkJoinPool.commonPool-worker-3) Sending message {"key1": "value-1", "key2": "value-1"} to topic topic-8d0849e3_278b_4eaf_a31f_3f7ad0e130f4
2025-10-08 17:30:50,021 INFO  [io.api.tes.ser.api.KafkaSerdesTester] (ForkJoinPool.commonPool-worker-3) Sending message {"key1": "value-2", "key2": "value-2"} to topic topic-8d0849e3_278b_4eaf_a31f_3f7ad0e130f4
2025-10-08 17:30:50,022 INFO  [io.api.tes.ser.api.KafkaSerdesTester] (ForkJoinPool.commonPool-worker-3) Sending message {"key1": "value-3", "key2": "value-3"} to topic topic-8d0849e3_278b_4eaf_a31f_3f7ad0e130f4
2025-10-08 17:30:50,022 INFO  [io.api.tes.ser.api.KafkaSerdesTester] (ForkJoinPool.commonPool-worker-3) Sending message {"key1": "value-4", "key2": "value-4"} to topic topic-8d0849e3_278b_4eaf_a31f_3f7ad0e130f4
2025-10-08 17:30:50,023 INFO  [io.api.tes.ser.api.KafkaSerdesTester] (ForkJoinPool.commonPool-worker-3) Sending message {"key1": "value-5", "key2": "value-5"} to topic topic-8d0849e3_278b_4eaf_a31f_3f7ad0e130f4
2025-10-08 17:30:50,024 INFO  [io.api.tes.ser.api.KafkaSerdesTester] (ForkJoinPool.commonPool-worker-3) Sending message {"key1": "value-6", "key2": "value-6"} to topic topic-8d0849e3_278b_4eaf_a31f_3f7ad0e130f4
2025-10-08 17:30:50,025 INFO  [io.api.tes.ser.api.KafkaSerdesTester] (ForkJoinPool.commonPool-worker-3) Sending message {"key1": "value-7", "key2": "value-7"} to topic topic-8d0849e3_278b_4eaf_a31f_3f7ad0e130f4
2025-10-08 17:30:50,026 INFO  [io.api.tes.ser.api.KafkaSerdesTester] (ForkJoinPool.commonPool-worker-3) Sending message {"key1": "value-8", "key2": "value-8"} to topic topic-8d0849e3_278b_4eaf_a31f_3f7ad0e130f4
2025-10-08 17:30:50,027 INFO  [io.api.tes.ser.api.KafkaSerdesTester] (ForkJoinPool.commonPool-worker-3) Sending message {"key1": "value-9", "key2": "value-9"} to topic topic-8d0849e3_278b_4eaf_a31f_3f7ad0e130f4
2025-10-08 17:30:50,028 INFO  [io.api.tes.ser.api.KafkaSerdesTester] (ForkJoinPool.commonPool-worker-3) Produced 10 messages
2025-10-08 17:30:50,028 INFO  [org.apa.kaf.cli.pro.KafkaProducer] (ForkJoinPool.commonPool-worker-3) [Producer clientId=Producer-topic-8d0849e3_278b_4eaf_a31f_3f7ad0e130f4] Closing the Kafka producer with timeoutMillis = 9223372036854775807 ms.
2025-10-08 17:30:50,029 INFO  [org.apa.kaf.com.met.Metrics] (ForkJoinPool.commonPool-worker-3) Metrics scheduler closed
2025-10-08 17:30:50,029 INFO  [org.apa.kaf.com.met.Metrics] (ForkJoinPool.commonPool-worker-3) Closing reporter org.apache.kafka.common.metrics.JmxReporter
2025-10-08 17:30:50,029 INFO  [org.apa.kaf.com.met.Metrics] (ForkJoinPool.commonPool-worker-3) Closing reporter org.apache.kafka.common.telemetry.internals.ClientTelemetryReporter
2025-10-08 17:30:50,029 INFO  [org.apa.kaf.com.met.Metrics] (ForkJoinPool.commonPool-worker-3) Metrics reporters closed
2025-10-08 17:30:50,030 INFO  [org.apa.kaf.com.uti.AppInfoParser] (ForkJoinPool.commonPool-worker-3) App info kafka.producer for Producer-topic-8d0849e3_278b_4eaf_a31f_3f7ad0e130f4 unregistered
**** Registry Base URL: http://registry-app-inmemory.apps.ci414.apicurio-testing.org:80
2025-10-08 17:30:50,030 INFO  [org.apa.kaf.cli.pro.ProducerConfig] (main) ProducerConfig values: 
	acks = -1
	auto.include.jmx.reporter = true
	batch.size = 16384
	bootstrap.servers = [PLAINTEXT://localhost:32769]
	buffer.memory = 33554432
	client.dns.lookup = use_all_dns_ips
	client.id = Producer-topic-8d0849e3_278b_4eaf_a31f_3f7ad0e130f4
	compression.gzip.level = -1
	compression.lz4.level = 9
	compression.type = none
	compression.zstd.level = 3
	connections.max.idle.ms = 10000
	delivery.timeout.ms = 120000
	enable.idempotence = true
	enable.metrics.push = true
	interceptor.classes = []
	key.serializer = class org.apache.kafka.common.serialization.StringSerializer
	linger.ms = 0
	max.block.ms = 60000
	max.in.flight.requests.per.connection = 5
	max.request.size = 1048576
	metadata.max.age.ms = 300000
	metadata.max.idle.ms = 300000
	metadata.recovery.strategy = none
	metric.reporters = []
	metrics.num.samples = 2
	metrics.recording.level = INFO
	metrics.sample.window.ms = 30000
	partitioner.adaptive.partitioning.enable = true
	partitioner.availability.timeout.ms = 0
	partitioner.class = null
	partitioner.ignore.keys = false
	receive.buffer.bytes = 32768
	reconnect.backoff.max.ms = 1000
	reconnect.backoff.ms = 50
	request.timeout.ms = 5000
	retries = 2147483647
	retry.backoff.max.ms = 1000
	retry.backoff.ms = 100
	sasl.client.callback.handler.class = null
	sasl.jaas.config = null
	sasl.kerberos.kinit.cmd = /usr/bin/kinit
	sasl.kerberos.min.time.before.relogin = 60000
	sasl.kerberos.service.name = null
	sasl.kerberos.ticket.renew.jitter = 0.05
	sasl.kerberos.ticket.renew.window.factor = 0.8
	sasl.login.callback.handler.class = null
	sasl.login.class = null
	sasl.login.connect.timeout.ms = null
	sasl.login.read.timeout.ms = null
	sasl.login.refresh.buffer.seconds = 300
	sasl.login.refresh.min.period.seconds = 60
	sasl.login.refresh.window.factor = 0.8
	sasl.login.refresh.window.jitter = 0.05
	sasl.login.retry.backoff.max.ms = 10000
	sasl.login.retry.backoff.ms = 100
	sasl.mechanism = GSSAPI
	sasl.oauthbearer.clock.skew.seconds = 30
	sasl.oauthbearer.expected.audience = null
	sasl.oauthbearer.expected.issuer = null
	sasl.oauthbearer.header.urlencode = false
	sasl.oauthbearer.jwks.endpoint.refresh.ms = 3600000
	sasl.oauthbearer.jwks.endpoint.retry.backoff.max.ms = 10000
	sasl.oauthbearer.jwks.endpoint.retry.backoff.ms = 100
	sasl.oauthbearer.jwks.endpoint.url = null
	sasl.oauthbearer.scope.claim.name = scope
	sasl.oauthbearer.sub.claim.name = sub
	sasl.oauthbearer.token.endpoint.url = null
	security.protocol = PLAINTEXT
	security.providers = null
	send.buffer.bytes = 131072
	socket.connection.setup.timeout.max.ms = 30000
	socket.connection.setup.timeout.ms = 10000
	ssl.cipher.suites = null
	ssl.enabled.protocols = [TLSv1.2, TLSv1.3]
	ssl.endpoint.identification.algorithm = https
	ssl.engine.factory.class = null
	ssl.key.password = null
	ssl.keymanager.algorithm = SunX509
	ssl.keystore.certificate.chain = null
	ssl.keystore.key = null
	ssl.keystore.location = null
	ssl.keystore.password = null
	ssl.keystore.type = JKS
	ssl.protocol = TLSv1.3
	ssl.provider = null
	ssl.secure.random.implementation = null
	ssl.trustmanager.algorithm = PKIX
	ssl.truststore.certificates = null
	ssl.truststore.location = null
	ssl.truststore.password = null
	ssl.truststore.type = JKS
	transaction.timeout.ms = 60000
	transactional.id = null
	value.serializer = class io.confluent.kafka.serializers.KafkaAvroSerializer

2025-10-08 17:30:50,030 INFO  [org.apa.kaf.com.tel.int.KafkaMetricsCollector] (main) initializing Kafka metrics collector
2025-10-08 17:30:50,031 INFO  [io.con.kaf.ser.KafkaAvroSerializerConfig] (main) KafkaAvroSerializerConfig values: 
	auto.register.schemas = false
	avro.reflection.allow.null = false
	avro.remove.java.properties = false
	avro.use.logical.type.converters = false
	basic.auth.credentials.source = URL
	basic.auth.user.info = [hidden]
	bearer.auth.cache.expiry.buffer.seconds = 300
	bearer.auth.client.id = null
	bearer.auth.client.secret = null
	bearer.auth.credentials.source = STATIC_TOKEN
	bearer.auth.custom.provider.class = null
	bearer.auth.identity.pool.id = null
	bearer.auth.issuer.endpoint.url = null
	bearer.auth.logical.cluster = null
	bearer.auth.scope = null
	bearer.auth.scope.claim.name = scope
	bearer.auth.sub.claim.name = sub
	bearer.auth.token = [hidden]
	context.name.strategy = class io.confluent.kafka.serializers.context.NullContextNameStrategy
	http.connect.timeout.ms = 60000
	http.read.timeout.ms = 60000
	id.compatibility.strict = true
	key.schema.id.deserializer = class io.confluent.kafka.serializers.schema.id.DualSchemaIdDeserializer
	key.schema.id.serializer = class io.confluent.kafka.serializers.schema.id.PrefixSchemaIdSerializer
	key.subject.name.strategy = class io.confluent.kafka.serializers.subject.TopicNameStrategy
	latest.cache.size = 1000
	latest.cache.ttl.sec = -1
	latest.compatibility.strict = true
	max.retries = 3
	max.schemas.per.subject = 1000
	normalize.schemas = false
	propagate.schema.tags = false
	proxy.host = 
	proxy.port = -1
	retries.max.wait.ms = 20000
	retries.wait.ms = 1000
	rule.actions = []
	rule.executors = []
	rule.service.loader.enable = true
	schema.format = null
	schema.reflection = false
	schema.registry.basic.auth.user.info = [hidden]
	schema.registry.ssl.cipher.suites = null
	schema.registry.ssl.enabled.protocols = [TLSv1.2, TLSv1.3]
	schema.registry.ssl.endpoint.identification.algorithm = https
	schema.registry.ssl.engine.factory.class = null
	schema.registry.ssl.key.password = null
	schema.registry.ssl.keymanager.algorithm = SunX509
	schema.registry.ssl.keystore.certificate.chain = null
	schema.registry.ssl.keystore.key = null
	schema.registry.ssl.keystore.location = null
	schema.registry.ssl.keystore.password = null
	schema.registry.ssl.keystore.type = JKS
	schema.registry.ssl.protocol = TLSv1.3
	schema.registry.ssl.provider = null
	schema.registry.ssl.secure.random.implementation = null
	schema.registry.ssl.trustmanager.algorithm = PKIX
	schema.registry.ssl.truststore.certificates = null
	schema.registry.ssl.truststore.location = null
	schema.registry.ssl.truststore.password = null
	schema.registry.ssl.truststore.type = JKS
	schema.registry.url = [http://registry-app-inmemory.apps.ci414.apicurio-testing.org:80/apis/ccompat/v7]
	schema.registry.url.randomize = false
	use.latest.version = false
	use.latest.with.metadata = null
	use.schema.id = -1
	value.schema.id.deserializer = class io.confluent.kafka.serializers.schema.id.DualSchemaIdDeserializer
	value.schema.id.serializer = class io.confluent.kafka.serializers.schema.id.PrefixSchemaIdSerializer
	value.subject.name.strategy = class io.confluent.kafka.serializers.subject.TopicRecordNameStrategy

2025-10-08 17:30:50,032 INFO  [org.apa.kaf.cli.pro.KafkaProducer] (main) [Producer clientId=Producer-topic-8d0849e3_278b_4eaf_a31f_3f7ad0e130f4] Instantiated an idempotent producer.
2025-10-08 17:30:50,034 INFO  [org.apa.kaf.cli.pro.ProducerConfig] (main) These configurations '[schema.registry.url, auto.register.schemas, value.subject.name.strategy]' were supplied but are not used yet.
2025-10-08 17:30:50,034 INFO  [org.apa.kaf.com.uti.AppInfoParser] (main) Kafka version: 3.9.1
2025-10-08 17:30:50,034 INFO  [org.apa.kaf.com.uti.AppInfoParser] (main) Kafka commitId: f745dfdcee2b9851
2025-10-08 17:30:50,034 INFO  [org.apa.kaf.com.uti.AppInfoParser] (main) Kafka startTimeMs: 1759944650034
2025-10-08 17:30:50,034 INFO  [io.api.tes.ser.api.KafkaSerdesTester] (ForkJoinPool.commonPool-worker-3) Sending message {"key1": "value-0"} to topic topic-8d0849e3_278b_4eaf_a31f_3f7ad0e130f4
2025-10-08 17:30:50,036 INFO  [org.apa.kaf.cli.Metadata] (kafka-producer-network-thread | Producer-topic-8d0849e3_278b_4eaf_a31f_3f7ad0e130f4) [Producer clientId=Producer-topic-8d0849e3_278b_4eaf_a31f_3f7ad0e130f4] Cluster ID: R7TsD1pyQX2HMwyS3tZayg
2025-10-08 17:30:50,037 INFO  [org.apa.kaf.cli.pro.int.TransactionManager] (kafka-producer-network-thread | Producer-topic-8d0849e3_278b_4eaf_a31f_3f7ad0e130f4) [Producer clientId=Producer-topic-8d0849e3_278b_4eaf_a31f_3f7ad0e130f4] ProducerId set to 46 with epoch 0
2025-10-08 17:30:50,046 INFO  [io.api.tes.ser.api.KafkaSerdesTester] (ForkJoinPool.commonPool-worker-3) Sending message {"key1": "value-1"} to topic topic-8d0849e3_278b_4eaf_a31f_3f7ad0e130f4
2025-10-08 17:30:50,046 INFO  [io.api.tes.ser.api.KafkaSerdesTester] (ForkJoinPool.commonPool-worker-3) Sending message {"key1": "value-2"} to topic topic-8d0849e3_278b_4eaf_a31f_3f7ad0e130f4
2025-10-08 17:30:50,047 INFO  [io.api.tes.ser.api.KafkaSerdesTester] (ForkJoinPool.commonPool-worker-3) Sending message {"key1": "value-3"} to topic topic-8d0849e3_278b_4eaf_a31f_3f7ad0e130f4
2025-10-08 17:30:50,048 INFO  [io.api.tes.ser.api.KafkaSerdesTester] (ForkJoinPool.commonPool-worker-3) Sending message {"key1": "value-4"} to topic topic-8d0849e3_278b_4eaf_a31f_3f7ad0e130f4
2025-10-08 17:30:50,050 INFO  [io.api.tes.ser.api.KafkaSerdesTester] (ForkJoinPool.commonPool-worker-3) Sending message {"key1": "value-5"} to topic topic-8d0849e3_278b_4eaf_a31f_3f7ad0e130f4
2025-10-08 17:30:50,051 INFO  [io.api.tes.ser.api.KafkaSerdesTester] (ForkJoinPool.commonPool-worker-3) Sending message {"key1": "value-6"} to topic topic-8d0849e3_278b_4eaf_a31f_3f7ad0e130f4
2025-10-08 17:30:50,052 INFO  [io.api.tes.ser.api.KafkaSerdesTester] (ForkJoinPool.commonPool-worker-3) Sending message {"key1": "value-7"} to topic topic-8d0849e3_278b_4eaf_a31f_3f7ad0e130f4
2025-10-08 17:30:50,053 INFO  [io.api.tes.ser.api.KafkaSerdesTester] (ForkJoinPool.commonPool-worker-3) Sending message {"key1": "value-8"} to topic topic-8d0849e3_278b_4eaf_a31f_3f7ad0e130f4
2025-10-08 17:30:50,054 INFO  [io.api.tes.ser.api.KafkaSerdesTester] (ForkJoinPool.commonPool-worker-3) Sending message {"key1": "value-9"} to topic topic-8d0849e3_278b_4eaf_a31f_3f7ad0e130f4
2025-10-08 17:30:50,055 INFO  [io.api.tes.ser.api.KafkaSerdesTester] (ForkJoinPool.commonPool-worker-3) Produced 10 messages
2025-10-08 17:30:50,055 INFO  [org.apa.kaf.cli.pro.KafkaProducer] (ForkJoinPool.commonPool-worker-3) [Producer clientId=Producer-topic-8d0849e3_278b_4eaf_a31f_3f7ad0e130f4] Closing the Kafka producer with timeoutMillis = 9223372036854775807 ms.
2025-10-08 17:30:50,056 INFO  [org.apa.kaf.com.met.Metrics] (ForkJoinPool.commonPool-worker-3) Metrics scheduler closed
2025-10-08 17:30:50,056 INFO  [org.apa.kaf.com.met.Metrics] (ForkJoinPool.commonPool-worker-3) Closing reporter org.apache.kafka.common.metrics.JmxReporter
2025-10-08 17:30:50,056 INFO  [org.apa.kaf.com.met.Metrics] (ForkJoinPool.commonPool-worker-3) Closing reporter org.apache.kafka.common.telemetry.internals.ClientTelemetryReporter
2025-10-08 17:30:50,056 INFO  [org.apa.kaf.com.met.Metrics] (ForkJoinPool.commonPool-worker-3) Metrics reporters closed
2025-10-08 17:30:50,056 INFO  [org.apa.kaf.com.uti.AppInfoParser] (ForkJoinPool.commonPool-worker-3) App info kafka.producer for Producer-topic-8d0849e3_278b_4eaf_a31f_3f7ad0e130f4 unregistered
**** Registry Base URL: http://registry-app-inmemory.apps.ci414.apicurio-testing.org:80
2025-10-08 17:30:50,056 INFO  [org.apa.kaf.cli.con.ConsumerConfig] (main) ConsumerConfig values: 
	allow.auto.create.topics = true
	auto.commit.interval.ms = 500
	auto.include.jmx.reporter = true
	auto.offset.reset = earliest
	bootstrap.servers = [PLAINTEXT://localhost:32769]
	check.crcs = true
	client.dns.lookup = use_all_dns_ips
	client.id = consumer-Consumer-topic-8d0849e3_278b_4eaf_a31f_3f7ad0e130f4-35
	client.rack = 
	connections.max.idle.ms = 10000
	default.api.timeout.ms = 60000
	enable.auto.commit = true
	enable.metrics.push = true
	exclude.internal.topics = true
	fetch.max.bytes = 52428800
	fetch.max.wait.ms = 500
	fetch.min.bytes = 1
	group.id = Consumer-topic-8d0849e3_278b_4eaf_a31f_3f7ad0e130f4
	group.instance.id = null
	group.protocol = classic
	group.remote.assignor = null
	heartbeat.interval.ms = 3000
	interceptor.classes = []
	internal.leave.group.on.close = true
	internal.throw.on.fetch.stable.offset.unsupported = false
	isolation.level = read_uncommitted
	key.deserializer = class org.apache.kafka.common.serialization.StringDeserializer
	max.partition.fetch.bytes = 1048576
	max.poll.interval.ms = 300000
	max.poll.records = 500
	metadata.max.age.ms = 300000
	metadata.recovery.strategy = none
	metric.reporters = []
	metrics.num.samples = 2
	metrics.recording.level = INFO
	metrics.sample.window.ms = 30000
	partition.assignment.strategy = [class org.apache.kafka.clients.consumer.RangeAssignor, class org.apache.kafka.clients.consumer.CooperativeStickyAssignor]
	receive.buffer.bytes = 65536
	reconnect.backoff.max.ms = 1000
	reconnect.backoff.ms = 50
	request.timeout.ms = 5000
	retry.backoff.max.ms = 1000
	retry.backoff.ms = 100
	sasl.client.callback.handler.class = null
	sasl.jaas.config = null
	sasl.kerberos.kinit.cmd = /usr/bin/kinit
	sasl.kerberos.min.time.before.relogin = 60000
	sasl.kerberos.service.name = null
	sasl.kerberos.ticket.renew.jitter = 0.05
	sasl.kerberos.ticket.renew.window.factor = 0.8
	sasl.login.callback.handler.class = null
	sasl.login.class = null
	sasl.login.connect.timeout.ms = null
	sasl.login.read.timeout.ms = null
	sasl.login.refresh.buffer.seconds = 300
	sasl.login.refresh.min.period.seconds = 60
	sasl.login.refresh.window.factor = 0.8
	sasl.login.refresh.window.jitter = 0.05
	sasl.login.retry.backoff.max.ms = 10000
	sasl.login.retry.backoff.ms = 100
	sasl.mechanism = GSSAPI
	sasl.oauthbearer.clock.skew.seconds = 30
	sasl.oauthbearer.expected.audience = null
	sasl.oauthbearer.expected.issuer = null
	sasl.oauthbearer.header.urlencode = false
	sasl.oauthbearer.jwks.endpoint.refresh.ms = 3600000
	sasl.oauthbearer.jwks.endpoint.retry.backoff.max.ms = 10000
	sasl.oauthbearer.jwks.endpoint.retry.backoff.ms = 100
	sasl.oauthbearer.jwks.endpoint.url = null
	sasl.oauthbearer.scope.claim.name = scope
	sasl.oauthbearer.sub.claim.name = sub
	sasl.oauthbearer.token.endpoint.url = null
	security.protocol = PLAINTEXT
	security.providers = null
	send.buffer.bytes = 131072
	session.timeout.ms = 45000
	socket.connection.setup.timeout.max.ms = 30000
	socket.connection.setup.timeout.ms = 10000
	ssl.cipher.suites = null
	ssl.enabled.protocols = [TLSv1.2, TLSv1.3]
	ssl.endpoint.identification.algorithm = https
	ssl.engine.factory.class = null
	ssl.key.password = null
	ssl.keymanager.algorithm = SunX509
	ssl.keystore.certificate.chain = null
	ssl.keystore.key = null
	ssl.keystore.location = null
	ssl.keystore.password = null
	ssl.keystore.type = JKS
	ssl.protocol = TLSv1.3
	ssl.provider = null
	ssl.secure.random.implementation = null
	ssl.trustmanager.algorithm = PKIX
	ssl.truststore.certificates = null
	ssl.truststore.location = null
	ssl.truststore.password = null
	ssl.truststore.type = JKS
	value.deserializer = class io.confluent.kafka.serializers.KafkaAvroDeserializer

2025-10-08 17:30:50,057 INFO  [org.apa.kaf.com.tel.int.KafkaMetricsCollector] (main) initializing Kafka metrics collector
2025-10-08 17:30:50,057 INFO  [io.con.kaf.ser.KafkaAvroDeserializerConfig] (main) KafkaAvroDeserializerConfig values: 
	auto.register.schemas = true
	avro.reflection.allow.null = false
	avro.use.logical.type.converters = false
	basic.auth.credentials.source = URL
	basic.auth.user.info = [hidden]
	bearer.auth.cache.expiry.buffer.seconds = 300
	bearer.auth.client.id = null
	bearer.auth.client.secret = null
	bearer.auth.credentials.source = STATIC_TOKEN
	bearer.auth.custom.provider.class = null
	bearer.auth.identity.pool.id = null
	bearer.auth.issuer.endpoint.url = null
	bearer.auth.logical.cluster = null
	bearer.auth.scope = null
	bearer.auth.scope.claim.name = scope
	bearer.auth.sub.claim.name = sub
	bearer.auth.token = [hidden]
	context.name.strategy = class io.confluent.kafka.serializers.context.NullContextNameStrategy
	http.connect.timeout.ms = 60000
	http.read.timeout.ms = 60000
	id.compatibility.strict = true
	key.schema.id.deserializer = class io.confluent.kafka.serializers.schema.id.DualSchemaIdDeserializer
	key.schema.id.serializer = class io.confluent.kafka.serializers.schema.id.PrefixSchemaIdSerializer
	key.subject.name.strategy = class io.confluent.kafka.serializers.subject.TopicNameStrategy
	latest.cache.size = 1000
	latest.cache.ttl.sec = -1
	latest.compatibility.strict = true
	max.retries = 3
	max.schemas.per.subject = 1000
	normalize.schemas = false
	propagate.schema.tags = false
	proxy.host = 
	proxy.port = -1
	retries.max.wait.ms = 20000
	retries.wait.ms = 1000
	rule.actions = []
	rule.executors = []
	rule.service.loader.enable = true
	schema.format = null
	schema.reflection = false
	schema.registry.basic.auth.user.info = [hidden]
	schema.registry.ssl.cipher.suites = null
	schema.registry.ssl.enabled.protocols = [TLSv1.2, TLSv1.3]
	schema.registry.ssl.endpoint.identification.algorithm = https
	schema.registry.ssl.engine.factory.class = null
	schema.registry.ssl.key.password = null
	schema.registry.ssl.keymanager.algorithm = SunX509
	schema.registry.ssl.keystore.certificate.chain = null
	schema.registry.ssl.keystore.key = null
	schema.registry.ssl.keystore.location = null
	schema.registry.ssl.keystore.password = null
	schema.registry.ssl.keystore.type = JKS
	schema.registry.ssl.protocol = TLSv1.3
	schema.registry.ssl.provider = null
	schema.registry.ssl.secure.random.implementation = null
	schema.registry.ssl.trustmanager.algorithm = PKIX
	schema.registry.ssl.truststore.certificates = null
	schema.registry.ssl.truststore.location = null
	schema.registry.ssl.truststore.password = null
	schema.registry.ssl.truststore.type = JKS
	schema.registry.url = [http://registry-app-inmemory.apps.ci414.apicurio-testing.org:80/apis/ccompat/v7]
	schema.registry.url.randomize = false
	specific.avro.key.type = null
	specific.avro.reader = false
	specific.avro.value.type = null
	use.latest.version = false
	use.latest.with.metadata = null
	use.schema.id = -1
	value.schema.id.deserializer = class io.confluent.kafka.serializers.schema.id.DualSchemaIdDeserializer
	value.schema.id.serializer = class io.confluent.kafka.serializers.schema.id.PrefixSchemaIdSerializer
	value.subject.name.strategy = class io.confluent.kafka.serializers.subject.TopicNameStrategy

2025-10-08 17:30:50,061 INFO  [org.apa.kaf.cli.con.ConsumerConfig] (main) These configurations '[schema.registry.url]' were supplied but are not used yet.
2025-10-08 17:30:50,061 INFO  [org.apa.kaf.com.uti.AppInfoParser] (main) Kafka version: 3.9.1
2025-10-08 17:30:50,061 INFO  [org.apa.kaf.com.uti.AppInfoParser] (main) Kafka commitId: f745dfdcee2b9851
2025-10-08 17:30:50,061 INFO  [org.apa.kaf.com.uti.AppInfoParser] (main) Kafka startTimeMs: 1759944650061
2025-10-08 17:30:50,061 INFO  [org.apa.kaf.cli.con.int.ClassicKafkaConsumer] (ForkJoinPool.commonPool-worker-3) [Consumer clientId=consumer-Consumer-topic-8d0849e3_278b_4eaf_a31f_3f7ad0e130f4-35, groupId=Consumer-topic-8d0849e3_278b_4eaf_a31f_3f7ad0e130f4] Subscribed to topic(s): topic-8d0849e3_278b_4eaf_a31f_3f7ad0e130f4
2025-10-08 17:30:50,064 INFO  [org.apa.kaf.cli.Metadata] (ForkJoinPool.commonPool-worker-3) [Consumer clientId=consumer-Consumer-topic-8d0849e3_278b_4eaf_a31f_3f7ad0e130f4-35, groupId=Consumer-topic-8d0849e3_278b_4eaf_a31f_3f7ad0e130f4] Cluster ID: R7TsD1pyQX2HMwyS3tZayg
2025-10-08 17:30:50,064 INFO  [org.apa.kaf.cli.con.int.ConsumerCoordinator] (ForkJoinPool.commonPool-worker-3) [Consumer clientId=consumer-Consumer-topic-8d0849e3_278b_4eaf_a31f_3f7ad0e130f4-35, groupId=Consumer-topic-8d0849e3_278b_4eaf_a31f_3f7ad0e130f4] Discovered group coordinator localhost:32769 (id: 2147483647 rack: null)
2025-10-08 17:30:50,065 INFO  [org.apa.kaf.cli.con.int.ConsumerCoordinator] (ForkJoinPool.commonPool-worker-3) [Consumer clientId=consumer-Consumer-topic-8d0849e3_278b_4eaf_a31f_3f7ad0e130f4-35, groupId=Consumer-topic-8d0849e3_278b_4eaf_a31f_3f7ad0e130f4] (Re-)joining group
2025-10-08 17:30:50,066 INFO  [org.apa.kaf.cli.con.int.ConsumerCoordinator] (ForkJoinPool.commonPool-worker-3) [Consumer clientId=consumer-Consumer-topic-8d0849e3_278b_4eaf_a31f_3f7ad0e130f4-35, groupId=Consumer-topic-8d0849e3_278b_4eaf_a31f_3f7ad0e130f4] Request joining group due to: need to re-join with the given member-id: consumer-Consumer-topic-8d0849e3_278b_4eaf_a31f_3f7ad0e130f4-35-ed867a37-3996-440a-bf63-fec2d2de8888
2025-10-08 17:30:50,066 INFO  [org.apa.kaf.cli.con.int.ConsumerCoordinator] (ForkJoinPool.commonPool-worker-3) [Consumer clientId=consumer-Consumer-topic-8d0849e3_278b_4eaf_a31f_3f7ad0e130f4-35, groupId=Consumer-topic-8d0849e3_278b_4eaf_a31f_3f7ad0e130f4] (Re-)joining group
2025-10-08 17:30:51,061 INFO  [io.api.tes.ser.api.KafkaSerdesTester] (ForkJoinPool.commonPool-worker-3) None found
2025-10-08 17:30:52,061 INFO  [io.api.tes.ser.api.KafkaSerdesTester] (ForkJoinPool.commonPool-worker-3) None found
2025-10-08 17:30:53,061 INFO  [io.api.tes.ser.api.KafkaSerdesTester] (ForkJoinPool.commonPool-worker-3) None found
2025-10-08 17:30:53,067 INFO  [org.apa.kaf.cli.con.int.ConsumerCoordinator] (ForkJoinPool.commonPool-worker-3) [Consumer clientId=consumer-Consumer-topic-8d0849e3_278b_4eaf_a31f_3f7ad0e130f4-35, groupId=Consumer-topic-8d0849e3_278b_4eaf_a31f_3f7ad0e130f4] Successfully joined group with generation Generation{generationId=3, memberId='consumer-Consumer-topic-8d0849e3_278b_4eaf_a31f_3f7ad0e130f4-35-ed867a37-3996-440a-bf63-fec2d2de8888', protocol='range'}
2025-10-08 17:30:53,067 INFO  [org.apa.kaf.cli.con.int.ConsumerCoordinator] (ForkJoinPool.commonPool-worker-3) [Consumer clientId=consumer-Consumer-topic-8d0849e3_278b_4eaf_a31f_3f7ad0e130f4-35, groupId=Consumer-topic-8d0849e3_278b_4eaf_a31f_3f7ad0e130f4] Finished assignment for group at generation 3: {consumer-Consumer-topic-8d0849e3_278b_4eaf_a31f_3f7ad0e130f4-35-ed867a37-3996-440a-bf63-fec2d2de8888=Assignment(partitions=[topic-8d0849e3_278b_4eaf_a31f_3f7ad0e130f4-0])}
2025-10-08 17:30:53,073 INFO  [org.apa.kaf.cli.con.int.ConsumerCoordinator] (ForkJoinPool.commonPool-worker-3) [Consumer clientId=consumer-Consumer-topic-8d0849e3_278b_4eaf_a31f_3f7ad0e130f4-35, groupId=Consumer-topic-8d0849e3_278b_4eaf_a31f_3f7ad0e130f4] Successfully synced group in generation Generation{generationId=3, memberId='consumer-Consumer-topic-8d0849e3_278b_4eaf_a31f_3f7ad0e130f4-35-ed867a37-3996-440a-bf63-fec2d2de8888', protocol='range'}
2025-10-08 17:30:53,073 INFO  [org.apa.kaf.cli.con.int.ConsumerCoordinator] (ForkJoinPool.commonPool-worker-3) [Consumer clientId=consumer-Consumer-topic-8d0849e3_278b_4eaf_a31f_3f7ad0e130f4-35, groupId=Consumer-topic-8d0849e3_278b_4eaf_a31f_3f7ad0e130f4] Notifying assignor about the new Assignment(partitions=[topic-8d0849e3_278b_4eaf_a31f_3f7ad0e130f4-0])
2025-10-08 17:30:53,073 INFO  [org.apa.kaf.cli.con.int.ConsumerRebalanceListenerInvoker] (ForkJoinPool.commonPool-worker-3) [Consumer clientId=consumer-Consumer-topic-8d0849e3_278b_4eaf_a31f_3f7ad0e130f4-35, groupId=Consumer-topic-8d0849e3_278b_4eaf_a31f_3f7ad0e130f4] Adding newly assigned partitions: topic-8d0849e3_278b_4eaf_a31f_3f7ad0e130f4-0
2025-10-08 17:30:53,074 INFO  [org.apa.kaf.cli.con.int.ConsumerUtils] (ForkJoinPool.commonPool-worker-3) Setting offset for partition topic-8d0849e3_278b_4eaf_a31f_3f7ad0e130f4-0 to the committed offset FetchPosition{offset=10, offsetEpoch=Optional[0], currentLeader=LeaderAndEpoch{leader=Optional[localhost:32769 (id: 0 rack: null)], epoch=0}}
2025-10-08 17:30:53,091 INFO  [io.api.tes.ser.api.KafkaSerdesTester] (ForkJoinPool.commonPool-worker-3) topic-8d0849e3_278b_4eaf_a31f_3f7ad0e130f4 0 10 {"key1": "value-0", "key2": "value-0"}
2025-10-08 17:30:53,091 INFO  [io.api.tes.ser.api.KafkaSerdesTester] (ForkJoinPool.commonPool-worker-3) topic-8d0849e3_278b_4eaf_a31f_3f7ad0e130f4 0 11 {"key1": "value-1", "key2": "value-1"}
2025-10-08 17:30:53,091 INFO  [io.api.tes.ser.api.KafkaSerdesTester] (ForkJoinPool.commonPool-worker-3) topic-8d0849e3_278b_4eaf_a31f_3f7ad0e130f4 0 12 {"key1": "value-2", "key2": "value-2"}
2025-10-08 17:30:53,091 INFO  [io.api.tes.ser.api.KafkaSerdesTester] (ForkJoinPool.commonPool-worker-3) topic-8d0849e3_278b_4eaf_a31f_3f7ad0e130f4 0 13 {"key1": "value-3", "key2": "value-3"}
2025-10-08 17:30:53,091 INFO  [io.api.tes.ser.api.KafkaSerdesTester] (ForkJoinPool.commonPool-worker-3) topic-8d0849e3_278b_4eaf_a31f_3f7ad0e130f4 0 14 {"key1": "value-4", "key2": "value-4"}
2025-10-08 17:30:53,091 INFO  [io.api.tes.ser.api.KafkaSerdesTester] (ForkJoinPool.commonPool-worker-3) topic-8d0849e3_278b_4eaf_a31f_3f7ad0e130f4 0 15 {"key1": "value-5", "key2": "value-5"}
2025-10-08 17:30:53,091 INFO  [io.api.tes.ser.api.KafkaSerdesTester] (ForkJoinPool.commonPool-worker-3) topic-8d0849e3_278b_4eaf_a31f_3f7ad0e130f4 0 16 {"key1": "value-6", "key2": "value-6"}
2025-10-08 17:30:53,091 INFO  [io.api.tes.ser.api.KafkaSerdesTester] (ForkJoinPool.commonPool-worker-3) topic-8d0849e3_278b_4eaf_a31f_3f7ad0e130f4 0 17 {"key1": "value-7", "key2": "value-7"}
2025-10-08 17:30:53,091 INFO  [io.api.tes.ser.api.KafkaSerdesTester] (ForkJoinPool.commonPool-worker-3) topic-8d0849e3_278b_4eaf_a31f_3f7ad0e130f4 0 18 {"key1": "value-8", "key2": "value-8"}
2025-10-08 17:30:53,091 INFO  [io.api.tes.ser.api.KafkaSerdesTester] (ForkJoinPool.commonPool-worker-3) topic-8d0849e3_278b_4eaf_a31f_3f7ad0e130f4 0 19 {"key1": "value-9", "key2": "value-9"}
2025-10-08 17:30:53,091 INFO  [io.api.tes.ser.api.KafkaSerdesTester] (ForkJoinPool.commonPool-worker-3) topic-8d0849e3_278b_4eaf_a31f_3f7ad0e130f4 0 20 {"key1": "value-0"}
2025-10-08 17:30:53,091 INFO  [io.api.tes.ser.api.KafkaSerdesTester] (ForkJoinPool.commonPool-worker-3) topic-8d0849e3_278b_4eaf_a31f_3f7ad0e130f4 0 21 {"key1": "value-1"}
2025-10-08 17:30:53,091 INFO  [io.api.tes.ser.api.KafkaSerdesTester] (ForkJoinPool.commonPool-worker-3) topic-8d0849e3_278b_4eaf_a31f_3f7ad0e130f4 0 22 {"key1": "value-2"}
2025-10-08 17:30:53,091 INFO  [io.api.tes.ser.api.KafkaSerdesTester] (ForkJoinPool.commonPool-worker-3) topic-8d0849e3_278b_4eaf_a31f_3f7ad0e130f4 0 23 {"key1": "value-3"}
2025-10-08 17:30:53,091 INFO  [io.api.tes.ser.api.KafkaSerdesTester] (ForkJoinPool.commonPool-worker-3) topic-8d0849e3_278b_4eaf_a31f_3f7ad0e130f4 0 24 {"key1": "value-4"}
2025-10-08 17:30:53,091 INFO  [io.api.tes.ser.api.KafkaSerdesTester] (ForkJoinPool.commonPool-worker-3) topic-8d0849e3_278b_4eaf_a31f_3f7ad0e130f4 0 25 {"key1": "value-5"}
2025-10-08 17:30:53,091 INFO  [io.api.tes.ser.api.KafkaSerdesTester] (ForkJoinPool.commonPool-worker-3) topic-8d0849e3_278b_4eaf_a31f_3f7ad0e130f4 0 26 {"key1": "value-6"}
2025-10-08 17:30:53,091 INFO  [io.api.tes.ser.api.KafkaSerdesTester] (ForkJoinPool.commonPool-worker-3) topic-8d0849e3_278b_4eaf_a31f_3f7ad0e130f4 0 27 {"key1": "value-7"}
2025-10-08 17:30:53,091 INFO  [io.api.tes.ser.api.KafkaSerdesTester] (ForkJoinPool.commonPool-worker-3) topic-8d0849e3_278b_4eaf_a31f_3f7ad0e130f4 0 28 {"key1": "value-8"}
2025-10-08 17:30:53,091 INFO  [io.api.tes.ser.api.KafkaSerdesTester] (ForkJoinPool.commonPool-worker-3) topic-8d0849e3_278b_4eaf_a31f_3f7ad0e130f4 0 29 {"key1": "value-9"}
2025-10-08 17:30:53,091 INFO  [io.api.tes.ser.api.KafkaSerdesTester] (ForkJoinPool.commonPool-worker-3) Consumed 20 messages
2025-10-08 17:30:53,098 INFO  [org.apa.kaf.cli.con.int.ConsumerRebalanceListenerInvoker] (ForkJoinPool.commonPool-worker-3) [Consumer clientId=consumer-Consumer-topic-8d0849e3_278b_4eaf_a31f_3f7ad0e130f4-35, groupId=Consumer-topic-8d0849e3_278b_4eaf_a31f_3f7ad0e130f4] Revoke previously assigned partitions topic-8d0849e3_278b_4eaf_a31f_3f7ad0e130f4-0
2025-10-08 17:30:53,098 INFO  [org.apa.kaf.cli.con.int.ConsumerCoordinator] (ForkJoinPool.commonPool-worker-3) [Consumer clientId=consumer-Consumer-topic-8d0849e3_278b_4eaf_a31f_3f7ad0e130f4-35, groupId=Consumer-topic-8d0849e3_278b_4eaf_a31f_3f7ad0e130f4] Member consumer-Consumer-topic-8d0849e3_278b_4eaf_a31f_3f7ad0e130f4-35-ed867a37-3996-440a-bf63-fec2d2de8888 sending LeaveGroup request to coordinator localhost:32769 (id: 2147483647 rack: null) due to the consumer is being closed
2025-10-08 17:30:53,098 INFO  [org.apa.kaf.cli.con.int.ConsumerCoordinator] (ForkJoinPool.commonPool-worker-3) [Consumer clientId=consumer-Consumer-topic-8d0849e3_278b_4eaf_a31f_3f7ad0e130f4-35, groupId=Consumer-topic-8d0849e3_278b_4eaf_a31f_3f7ad0e130f4] Resetting generation and member id due to: consumer pro-actively leaving the group
2025-10-08 17:30:53,098 INFO  [org.apa.kaf.cli.con.int.ConsumerCoordinator] (ForkJoinPool.commonPool-worker-3) [Consumer clientId=consumer-Consumer-topic-8d0849e3_278b_4eaf_a31f_3f7ad0e130f4-35, groupId=Consumer-topic-8d0849e3_278b_4eaf_a31f_3f7ad0e130f4] Request joining group due to: consumer pro-actively leaving the group
2025-10-08 17:30:53,593 INFO  [org.apa.kaf.com.met.Metrics] (ForkJoinPool.commonPool-worker-3) Metrics scheduler closed
2025-10-08 17:30:53,593 INFO  [org.apa.kaf.com.met.Metrics] (ForkJoinPool.commonPool-worker-3) Closing reporter org.apache.kafka.common.metrics.JmxReporter
2025-10-08 17:30:53,593 INFO  [org.apa.kaf.com.met.Metrics] (ForkJoinPool.commonPool-worker-3) Closing reporter org.apache.kafka.common.telemetry.internals.ClientTelemetryReporter
2025-10-08 17:30:53,593 INFO  [org.apa.kaf.com.met.Metrics] (ForkJoinPool.commonPool-worker-3) Metrics reporters closed
2025-10-08 17:30:53,595 INFO  [org.apa.kaf.com.uti.AppInfoParser] (ForkJoinPool.commonPool-worker-3) App info kafka.consumer for consumer-Consumer-topic-8d0849e3_278b_4eaf_a31f_3f7ad0e130f4-35 unregistered
**** Registry Base URL: http://registry-app-inmemory.apps.ci414.apicurio-testing.org:80
2025-10-08 17:30:54,612 INFO  [org.apa.kaf.cli.pro.ProducerConfig] (main) ProducerConfig values: 
	acks = -1
	auto.include.jmx.reporter = true
	batch.size = 16384
	bootstrap.servers = [PLAINTEXT://localhost:32769]
	buffer.memory = 33554432
	client.dns.lookup = use_all_dns_ips
	client.id = Producer-topic-8d0849e3_278b_4eaf_a31f_3f7ad0e130f4
	compression.gzip.level = -1
	compression.lz4.level = 9
	compression.type = none
	compression.zstd.level = 3
	connections.max.idle.ms = 10000
	delivery.timeout.ms = 120000
	enable.idempotence = true
	enable.metrics.push = true
	interceptor.classes = []
	key.serializer = class org.apache.kafka.common.serialization.StringSerializer
	linger.ms = 0
	max.block.ms = 60000
	max.in.flight.requests.per.connection = 5
	max.request.size = 1048576
	metadata.max.age.ms = 300000
	metadata.max.idle.ms = 300000
	metadata.recovery.strategy = none
	metric.reporters = []
	metrics.num.samples = 2
	metrics.recording.level = INFO
	metrics.sample.window.ms = 30000
	partitioner.adaptive.partitioning.enable = true
	partitioner.availability.timeout.ms = 0
	partitioner.class = null
	partitioner.ignore.keys = false
	receive.buffer.bytes = 32768
	reconnect.backoff.max.ms = 1000
	reconnect.backoff.ms = 50
	request.timeout.ms = 5000
	retries = 2147483647
	retry.backoff.max.ms = 1000
	retry.backoff.ms = 100
	sasl.client.callback.handler.class = null
	sasl.jaas.config = null
	sasl.kerberos.kinit.cmd = /usr/bin/kinit
	sasl.kerberos.min.time.before.relogin = 60000
	sasl.kerberos.service.name = null
	sasl.kerberos.ticket.renew.jitter = 0.05
	sasl.kerberos.ticket.renew.window.factor = 0.8
	sasl.login.callback.handler.class = null
	sasl.login.class = null
	sasl.login.connect.timeout.ms = null
	sasl.login.read.timeout.ms = null
	sasl.login.refresh.buffer.seconds = 300
	sasl.login.refresh.min.period.seconds = 60
	sasl.login.refresh.window.factor = 0.8
	sasl.login.refresh.window.jitter = 0.05
	sasl.login.retry.backoff.max.ms = 10000
	sasl.login.retry.backoff.ms = 100
	sasl.mechanism = GSSAPI
	sasl.oauthbearer.clock.skew.seconds = 30
	sasl.oauthbearer.expected.audience = null
	sasl.oauthbearer.expected.issuer = null
	sasl.oauthbearer.header.urlencode = false
	sasl.oauthbearer.jwks.endpoint.refresh.ms = 3600000
	sasl.oauthbearer.jwks.endpoint.retry.backoff.max.ms = 10000
	sasl.oauthbearer.jwks.endpoint.retry.backoff.ms = 100
	sasl.oauthbearer.jwks.endpoint.url = null
	sasl.oauthbearer.scope.claim.name = scope
	sasl.oauthbearer.sub.claim.name = sub
	sasl.oauthbearer.token.endpoint.url = null
	security.protocol = PLAINTEXT
	security.providers = null
	send.buffer.bytes = 131072
	socket.connection.setup.timeout.max.ms = 30000
	socket.connection.setup.timeout.ms = 10000
	ssl.cipher.suites = null
	ssl.enabled.protocols = [TLSv1.2, TLSv1.3]
	ssl.endpoint.identification.algorithm = https
	ssl.engine.factory.class = null
	ssl.key.password = null
	ssl.keymanager.algorithm = SunX509
	ssl.keystore.certificate.chain = null
	ssl.keystore.key = null
	ssl.keystore.location = null
	ssl.keystore.password = null
	ssl.keystore.type = JKS
	ssl.protocol = TLSv1.3
	ssl.provider = null
	ssl.secure.random.implementation = null
	ssl.trustmanager.algorithm = PKIX
	ssl.truststore.certificates = null
	ssl.truststore.location = null
	ssl.truststore.password = null
	ssl.truststore.type = JKS
	transaction.timeout.ms = 60000
	transactional.id = null
	value.serializer = class io.confluent.kafka.serializers.KafkaAvroSerializer

2025-10-08 17:30:54,613 INFO  [org.apa.kaf.com.tel.int.KafkaMetricsCollector] (main) initializing Kafka metrics collector
2025-10-08 17:30:54,613 INFO  [io.con.kaf.ser.KafkaAvroSerializerConfig] (main) KafkaAvroSerializerConfig values: 
	auto.register.schemas = false
	avro.reflection.allow.null = false
	avro.remove.java.properties = false
	avro.use.logical.type.converters = false
	basic.auth.credentials.source = URL
	basic.auth.user.info = [hidden]
	bearer.auth.cache.expiry.buffer.seconds = 300
	bearer.auth.client.id = null
	bearer.auth.client.secret = null
	bearer.auth.credentials.source = STATIC_TOKEN
	bearer.auth.custom.provider.class = null
	bearer.auth.identity.pool.id = null
	bearer.auth.issuer.endpoint.url = null
	bearer.auth.logical.cluster = null
	bearer.auth.scope = null
	bearer.auth.scope.claim.name = scope
	bearer.auth.sub.claim.name = sub
	bearer.auth.token = [hidden]
	context.name.strategy = class io.confluent.kafka.serializers.context.NullContextNameStrategy
	http.connect.timeout.ms = 60000
	http.read.timeout.ms = 60000
	id.compatibility.strict = true
	key.schema.id.deserializer = class io.confluent.kafka.serializers.schema.id.DualSchemaIdDeserializer
	key.schema.id.serializer = class io.confluent.kafka.serializers.schema.id.PrefixSchemaIdSerializer
	key.subject.name.strategy = class io.confluent.kafka.serializers.subject.TopicNameStrategy
	latest.cache.size = 1000
	latest.cache.ttl.sec = -1
	latest.compatibility.strict = true
	max.retries = 3
	max.schemas.per.subject = 1000
	normalize.schemas = false
	propagate.schema.tags = false
	proxy.host = 
	proxy.port = -1
	retries.max.wait.ms = 20000
	retries.wait.ms = 1000
	rule.actions = []
	rule.executors = []
	rule.service.loader.enable = true
	schema.format = null
	schema.reflection = false
	schema.registry.basic.auth.user.info = [hidden]
	schema.registry.ssl.cipher.suites = null
	schema.registry.ssl.enabled.protocols = [TLSv1.2, TLSv1.3]
	schema.registry.ssl.endpoint.identification.algorithm = https
	schema.registry.ssl.engine.factory.class = null
	schema.registry.ssl.key.password = null
	schema.registry.ssl.keymanager.algorithm = SunX509
	schema.registry.ssl.keystore.certificate.chain = null
	schema.registry.ssl.keystore.key = null
	schema.registry.ssl.keystore.location = null
	schema.registry.ssl.keystore.password = null
	schema.registry.ssl.keystore.type = JKS
	schema.registry.ssl.protocol = TLSv1.3
	schema.registry.ssl.provider = null
	schema.registry.ssl.secure.random.implementation = null
	schema.registry.ssl.trustmanager.algorithm = PKIX
	schema.registry.ssl.truststore.certificates = null
	schema.registry.ssl.truststore.location = null
	schema.registry.ssl.truststore.password = null
	schema.registry.ssl.truststore.type = JKS
	schema.registry.url = [http://registry-app-inmemory.apps.ci414.apicurio-testing.org:80/apis/ccompat/v7]
	schema.registry.url.randomize = false
	use.latest.version = false
	use.latest.with.metadata = null
	use.schema.id = -1
	value.schema.id.deserializer = class io.confluent.kafka.serializers.schema.id.DualSchemaIdDeserializer
	value.schema.id.serializer = class io.confluent.kafka.serializers.schema.id.PrefixSchemaIdSerializer
	value.subject.name.strategy = class io.confluent.kafka.serializers.subject.TopicRecordNameStrategy

2025-10-08 17:30:54,615 INFO  [org.apa.kaf.cli.pro.KafkaProducer] (main) [Producer clientId=Producer-topic-8d0849e3_278b_4eaf_a31f_3f7ad0e130f4] Instantiated an idempotent producer.
2025-10-08 17:30:54,616 INFO  [org.apa.kaf.cli.pro.ProducerConfig] (main) These configurations '[schema.registry.url, auto.register.schemas, value.subject.name.strategy]' were supplied but are not used yet.
2025-10-08 17:30:54,616 INFO  [org.apa.kaf.com.uti.AppInfoParser] (main) Kafka version: 3.9.1
2025-10-08 17:30:54,616 INFO  [org.apa.kaf.com.uti.AppInfoParser] (main) Kafka commitId: f745dfdcee2b9851
2025-10-08 17:30:54,616 INFO  [org.apa.kaf.com.uti.AppInfoParser] (main) Kafka startTimeMs: 1759944654616
2025-10-08 17:30:54,616 INFO  [io.api.tes.ser.api.KafkaSerdesTester] (ForkJoinPool.commonPool-worker-3) Sending message {"key1": "value-0", "key2": "value-0", "key3": "value-0"} to topic topic-8d0849e3_278b_4eaf_a31f_3f7ad0e130f4
2025-10-08 17:30:54,618 INFO  [org.apa.kaf.cli.Metadata] (kafka-producer-network-thread | Producer-topic-8d0849e3_278b_4eaf_a31f_3f7ad0e130f4) [Producer clientId=Producer-topic-8d0849e3_278b_4eaf_a31f_3f7ad0e130f4] Cluster ID: R7TsD1pyQX2HMwyS3tZayg
2025-10-08 17:30:54,618 INFO  [org.apa.kaf.cli.pro.int.TransactionManager] (kafka-producer-network-thread | Producer-topic-8d0849e3_278b_4eaf_a31f_3f7ad0e130f4) [Producer clientId=Producer-topic-8d0849e3_278b_4eaf_a31f_3f7ad0e130f4] ProducerId set to 47 with epoch 0
2025-10-08 17:30:54,628 INFO  [io.api.tes.ser.api.KafkaSerdesTester] (ForkJoinPool.commonPool-worker-3) Sending message {"key1": "value-1", "key2": "value-1", "key3": "value-1"} to topic topic-8d0849e3_278b_4eaf_a31f_3f7ad0e130f4
2025-10-08 17:30:54,629 INFO  [io.api.tes.ser.api.KafkaSerdesTester] (ForkJoinPool.commonPool-worker-3) Sending message {"key1": "value-2", "key2": "value-2", "key3": "value-2"} to topic topic-8d0849e3_278b_4eaf_a31f_3f7ad0e130f4
2025-10-08 17:30:54,630 INFO  [io.api.tes.ser.api.KafkaSerdesTester] (ForkJoinPool.commonPool-worker-3) Sending message {"key1": "value-3", "key2": "value-3", "key3": "value-3"} to topic topic-8d0849e3_278b_4eaf_a31f_3f7ad0e130f4
2025-10-08 17:30:54,631 INFO  [io.api.tes.ser.api.KafkaSerdesTester] (ForkJoinPool.commonPool-worker-3) Sending message {"key1": "value-4", "key2": "value-4", "key3": "value-4"} to topic topic-8d0849e3_278b_4eaf_a31f_3f7ad0e130f4
2025-10-08 17:30:54,632 INFO  [io.api.tes.ser.api.KafkaSerdesTester] (ForkJoinPool.commonPool-worker-3) Sending message {"key1": "value-5", "key2": "value-5", "key3": "value-5"} to topic topic-8d0849e3_278b_4eaf_a31f_3f7ad0e130f4
2025-10-08 17:30:54,632 INFO  [io.api.tes.ser.api.KafkaSerdesTester] (ForkJoinPool.commonPool-worker-3) Sending message {"key1": "value-6", "key2": "value-6", "key3": "value-6"} to topic topic-8d0849e3_278b_4eaf_a31f_3f7ad0e130f4
2025-10-08 17:30:54,633 INFO  [io.api.tes.ser.api.KafkaSerdesTester] (ForkJoinPool.commonPool-worker-3) Sending message {"key1": "value-7", "key2": "value-7", "key3": "value-7"} to topic topic-8d0849e3_278b_4eaf_a31f_3f7ad0e130f4
2025-10-08 17:30:54,634 INFO  [io.api.tes.ser.api.KafkaSerdesTester] (ForkJoinPool.commonPool-worker-3) Sending message {"key1": "value-8", "key2": "value-8", "key3": "value-8"} to topic topic-8d0849e3_278b_4eaf_a31f_3f7ad0e130f4
2025-10-08 17:30:54,635 INFO  [io.api.tes.ser.api.KafkaSerdesTester] (ForkJoinPool.commonPool-worker-3) Sending message {"key1": "value-9", "key2": "value-9", "key3": "value-9"} to topic topic-8d0849e3_278b_4eaf_a31f_3f7ad0e130f4
2025-10-08 17:30:54,636 INFO  [io.api.tes.ser.api.KafkaSerdesTester] (ForkJoinPool.commonPool-worker-3) Produced 10 messages
2025-10-08 17:30:54,636 INFO  [org.apa.kaf.cli.pro.KafkaProducer] (ForkJoinPool.commonPool-worker-3) [Producer clientId=Producer-topic-8d0849e3_278b_4eaf_a31f_3f7ad0e130f4] Closing the Kafka producer with timeoutMillis = 9223372036854775807 ms.
2025-10-08 17:30:54,637 INFO  [org.apa.kaf.com.met.Metrics] (ForkJoinPool.commonPool-worker-3) Metrics scheduler closed
2025-10-08 17:30:54,637 INFO  [org.apa.kaf.com.met.Metrics] (ForkJoinPool.commonPool-worker-3) Closing reporter org.apache.kafka.common.metrics.JmxReporter
2025-10-08 17:30:54,637 INFO  [org.apa.kaf.com.met.Metrics] (ForkJoinPool.commonPool-worker-3) Closing reporter org.apache.kafka.common.telemetry.internals.ClientTelemetryReporter
2025-10-08 17:30:54,637 INFO  [org.apa.kaf.com.met.Metrics] (ForkJoinPool.commonPool-worker-3) Metrics reporters closed
2025-10-08 17:30:54,637 INFO  [org.apa.kaf.com.uti.AppInfoParser] (ForkJoinPool.commonPool-worker-3) App info kafka.producer for Producer-topic-8d0849e3_278b_4eaf_a31f_3f7ad0e130f4 unregistered
**** Registry Base URL: http://registry-app-inmemory.apps.ci414.apicurio-testing.org:80
2025-10-08 17:30:54,638 INFO  [org.apa.kaf.cli.pro.ProducerConfig] (main) ProducerConfig values: 
	acks = -1
	auto.include.jmx.reporter = true
	batch.size = 16384
	bootstrap.servers = [PLAINTEXT://localhost:32769]
	buffer.memory = 33554432
	client.dns.lookup = use_all_dns_ips
	client.id = Producer-topic-8d0849e3_278b_4eaf_a31f_3f7ad0e130f4
	compression.gzip.level = -1
	compression.lz4.level = 9
	compression.type = none
	compression.zstd.level = 3
	connections.max.idle.ms = 10000
	delivery.timeout.ms = 120000
	enable.idempotence = true
	enable.metrics.push = true
	interceptor.classes = []
	key.serializer = class org.apache.kafka.common.serialization.StringSerializer
	linger.ms = 0
	max.block.ms = 60000
	max.in.flight.requests.per.connection = 5
	max.request.size = 1048576
	metadata.max.age.ms = 300000
	metadata.max.idle.ms = 300000
	metadata.recovery.strategy = none
	metric.reporters = []
	metrics.num.samples = 2
	metrics.recording.level = INFO
	metrics.sample.window.ms = 30000
	partitioner.adaptive.partitioning.enable = true
	partitioner.availability.timeout.ms = 0
	partitioner.class = null
	partitioner.ignore.keys = false
	receive.buffer.bytes = 32768
	reconnect.backoff.max.ms = 1000
	reconnect.backoff.ms = 50
	request.timeout.ms = 5000
	retries = 2147483647
	retry.backoff.max.ms = 1000
	retry.backoff.ms = 100
	sasl.client.callback.handler.class = null
	sasl.jaas.config = null
	sasl.kerberos.kinit.cmd = /usr/bin/kinit
	sasl.kerberos.min.time.before.relogin = 60000
	sasl.kerberos.service.name = null
	sasl.kerberos.ticket.renew.jitter = 0.05
	sasl.kerberos.ticket.renew.window.factor = 0.8
	sasl.login.callback.handler.class = null
	sasl.login.class = null
	sasl.login.connect.timeout.ms = null
	sasl.login.read.timeout.ms = null
	sasl.login.refresh.buffer.seconds = 300
	sasl.login.refresh.min.period.seconds = 60
	sasl.login.refresh.window.factor = 0.8
	sasl.login.refresh.window.jitter = 0.05
	sasl.login.retry.backoff.max.ms = 10000
	sasl.login.retry.backoff.ms = 100
	sasl.mechanism = GSSAPI
	sasl.oauthbearer.clock.skew.seconds = 30
	sasl.oauthbearer.expected.audience = null
	sasl.oauthbearer.expected.issuer = null
	sasl.oauthbearer.header.urlencode = false
	sasl.oauthbearer.jwks.endpoint.refresh.ms = 3600000
	sasl.oauthbearer.jwks.endpoint.retry.backoff.max.ms = 10000
	sasl.oauthbearer.jwks.endpoint.retry.backoff.ms = 100
	sasl.oauthbearer.jwks.endpoint.url = null
	sasl.oauthbearer.scope.claim.name = scope
	sasl.oauthbearer.sub.claim.name = sub
	sasl.oauthbearer.token.endpoint.url = null
	security.protocol = PLAINTEXT
	security.providers = null
	send.buffer.bytes = 131072
	socket.connection.setup.timeout.max.ms = 30000
	socket.connection.setup.timeout.ms = 10000
	ssl.cipher.suites = null
	ssl.enabled.protocols = [TLSv1.2, TLSv1.3]
	ssl.endpoint.identification.algorithm = https
	ssl.engine.factory.class = null
	ssl.key.password = null
	ssl.keymanager.algorithm = SunX509
	ssl.keystore.certificate.chain = null
	ssl.keystore.key = null
	ssl.keystore.location = null
	ssl.keystore.password = null
	ssl.keystore.type = JKS
	ssl.protocol = TLSv1.3
	ssl.provider = null
	ssl.secure.random.implementation = null
	ssl.trustmanager.algorithm = PKIX
	ssl.truststore.certificates = null
	ssl.truststore.location = null
	ssl.truststore.password = null
	ssl.truststore.type = JKS
	transaction.timeout.ms = 60000
	transactional.id = null
	value.serializer = class io.confluent.kafka.serializers.KafkaAvroSerializer

2025-10-08 17:30:54,638 INFO  [org.apa.kaf.com.tel.int.KafkaMetricsCollector] (main) initializing Kafka metrics collector
2025-10-08 17:30:54,638 INFO  [io.con.kaf.ser.KafkaAvroSerializerConfig] (main) KafkaAvroSerializerConfig values: 
	auto.register.schemas = false
	avro.reflection.allow.null = false
	avro.remove.java.properties = false
	avro.use.logical.type.converters = false
	basic.auth.credentials.source = URL
	basic.auth.user.info = [hidden]
	bearer.auth.cache.expiry.buffer.seconds = 300
	bearer.auth.client.id = null
	bearer.auth.client.secret = null
	bearer.auth.credentials.source = STATIC_TOKEN
	bearer.auth.custom.provider.class = null
	bearer.auth.identity.pool.id = null
	bearer.auth.issuer.endpoint.url = null
	bearer.auth.logical.cluster = null
	bearer.auth.scope = null
	bearer.auth.scope.claim.name = scope
	bearer.auth.sub.claim.name = sub
	bearer.auth.token = [hidden]
	context.name.strategy = class io.confluent.kafka.serializers.context.NullContextNameStrategy
	http.connect.timeout.ms = 60000
	http.read.timeout.ms = 60000
	id.compatibility.strict = true
	key.schema.id.deserializer = class io.confluent.kafka.serializers.schema.id.DualSchemaIdDeserializer
	key.schema.id.serializer = class io.confluent.kafka.serializers.schema.id.PrefixSchemaIdSerializer
	key.subject.name.strategy = class io.confluent.kafka.serializers.subject.TopicNameStrategy
	latest.cache.size = 1000
	latest.cache.ttl.sec = -1
	latest.compatibility.strict = true
	max.retries = 3
	max.schemas.per.subject = 1000
	normalize.schemas = false
	propagate.schema.tags = false
	proxy.host = 
	proxy.port = -1
	retries.max.wait.ms = 20000
	retries.wait.ms = 1000
	rule.actions = []
	rule.executors = []
	rule.service.loader.enable = true
	schema.format = null
	schema.reflection = false
	schema.registry.basic.auth.user.info = [hidden]
	schema.registry.ssl.cipher.suites = null
	schema.registry.ssl.enabled.protocols = [TLSv1.2, TLSv1.3]
	schema.registry.ssl.endpoint.identification.algorithm = https
	schema.registry.ssl.engine.factory.class = null
	schema.registry.ssl.key.password = null
	schema.registry.ssl.keymanager.algorithm = SunX509
	schema.registry.ssl.keystore.certificate.chain = null
	schema.registry.ssl.keystore.key = null
	schema.registry.ssl.keystore.location = null
	schema.registry.ssl.keystore.password = null
	schema.registry.ssl.keystore.type = JKS
	schema.registry.ssl.protocol = TLSv1.3
	schema.registry.ssl.provider = null
	schema.registry.ssl.secure.random.implementation = null
	schema.registry.ssl.trustmanager.algorithm = PKIX
	schema.registry.ssl.truststore.certificates = null
	schema.registry.ssl.truststore.location = null
	schema.registry.ssl.truststore.password = null
	schema.registry.ssl.truststore.type = JKS
	schema.registry.url = [http://registry-app-inmemory.apps.ci414.apicurio-testing.org:80/apis/ccompat/v7]
	schema.registry.url.randomize = false
	use.latest.version = false
	use.latest.with.metadata = null
	use.schema.id = -1
	value.schema.id.deserializer = class io.confluent.kafka.serializers.schema.id.DualSchemaIdDeserializer
	value.schema.id.serializer = class io.confluent.kafka.serializers.schema.id.PrefixSchemaIdSerializer
	value.subject.name.strategy = class io.confluent.kafka.serializers.subject.TopicRecordNameStrategy

2025-10-08 17:30:54,639 INFO  [org.apa.kaf.cli.pro.KafkaProducer] (main) [Producer clientId=Producer-topic-8d0849e3_278b_4eaf_a31f_3f7ad0e130f4] Instantiated an idempotent producer.
2025-10-08 17:30:54,640 INFO  [org.apa.kaf.cli.pro.ProducerConfig] (main) These configurations '[schema.registry.url, auto.register.schemas, value.subject.name.strategy]' were supplied but are not used yet.
2025-10-08 17:30:54,641 INFO  [org.apa.kaf.com.uti.AppInfoParser] (main) Kafka version: 3.9.1
2025-10-08 17:30:54,641 INFO  [org.apa.kaf.com.uti.AppInfoParser] (main) Kafka commitId: f745dfdcee2b9851
2025-10-08 17:30:54,641 INFO  [org.apa.kaf.com.uti.AppInfoParser] (main) Kafka startTimeMs: 1759944654641
2025-10-08 17:30:54,641 INFO  [io.api.tes.ser.api.KafkaSerdesTester] (ForkJoinPool.commonPool-worker-3) Sending message {"key1": "value-0", "key2": "value-0"} to topic topic-8d0849e3_278b_4eaf_a31f_3f7ad0e130f4
2025-10-08 17:30:54,642 INFO  [org.apa.kaf.cli.Metadata] (kafka-producer-network-thread | Producer-topic-8d0849e3_278b_4eaf_a31f_3f7ad0e130f4) [Producer clientId=Producer-topic-8d0849e3_278b_4eaf_a31f_3f7ad0e130f4] Cluster ID: R7TsD1pyQX2HMwyS3tZayg
2025-10-08 17:30:54,643 INFO  [org.apa.kaf.cli.pro.int.TransactionManager] (kafka-producer-network-thread | Producer-topic-8d0849e3_278b_4eaf_a31f_3f7ad0e130f4) [Producer clientId=Producer-topic-8d0849e3_278b_4eaf_a31f_3f7ad0e130f4] ProducerId set to 48 with epoch 0
2025-10-08 17:30:54,654 INFO  [io.api.tes.ser.api.KafkaSerdesTester] (ForkJoinPool.commonPool-worker-3) Sending message {"key1": "value-1", "key2": "value-1"} to topic topic-8d0849e3_278b_4eaf_a31f_3f7ad0e130f4
2025-10-08 17:30:54,655 INFO  [io.api.tes.ser.api.KafkaSerdesTester] (ForkJoinPool.commonPool-worker-3) Sending message {"key1": "value-2", "key2": "value-2"} to topic topic-8d0849e3_278b_4eaf_a31f_3f7ad0e130f4
2025-10-08 17:30:54,655 INFO  [io.api.tes.ser.api.KafkaSerdesTester] (ForkJoinPool.commonPool-worker-3) Sending message {"key1": "value-3", "key2": "value-3"} to topic topic-8d0849e3_278b_4eaf_a31f_3f7ad0e130f4
2025-10-08 17:30:54,656 INFO  [io.api.tes.ser.api.KafkaSerdesTester] (ForkJoinPool.commonPool-worker-3) Sending message {"key1": "value-4", "key2": "value-4"} to topic topic-8d0849e3_278b_4eaf_a31f_3f7ad0e130f4
2025-10-08 17:30:54,657 INFO  [io.api.tes.ser.api.KafkaSerdesTester] (ForkJoinPool.commonPool-worker-3) Sending message {"key1": "value-5", "key2": "value-5"} to topic topic-8d0849e3_278b_4eaf_a31f_3f7ad0e130f4
2025-10-08 17:30:54,658 INFO  [io.api.tes.ser.api.KafkaSerdesTester] (ForkJoinPool.commonPool-worker-3) Sending message {"key1": "value-6", "key2": "value-6"} to topic topic-8d0849e3_278b_4eaf_a31f_3f7ad0e130f4
2025-10-08 17:30:54,659 INFO  [io.api.tes.ser.api.KafkaSerdesTester] (ForkJoinPool.commonPool-worker-3) Sending message {"key1": "value-7", "key2": "value-7"} to topic topic-8d0849e3_278b_4eaf_a31f_3f7ad0e130f4
2025-10-08 17:30:54,660 INFO  [io.api.tes.ser.api.KafkaSerdesTester] (ForkJoinPool.commonPool-worker-3) Sending message {"key1": "value-8", "key2": "value-8"} to topic topic-8d0849e3_278b_4eaf_a31f_3f7ad0e130f4
2025-10-08 17:30:54,661 INFO  [io.api.tes.ser.api.KafkaSerdesTester] (ForkJoinPool.commonPool-worker-3) Sending message {"key1": "value-9", "key2": "value-9"} to topic topic-8d0849e3_278b_4eaf_a31f_3f7ad0e130f4
2025-10-08 17:30:54,662 INFO  [io.api.tes.ser.api.KafkaSerdesTester] (ForkJoinPool.commonPool-worker-3) Produced 10 messages
2025-10-08 17:30:54,662 INFO  [org.apa.kaf.cli.pro.KafkaProducer] (ForkJoinPool.commonPool-worker-3) [Producer clientId=Producer-topic-8d0849e3_278b_4eaf_a31f_3f7ad0e130f4] Closing the Kafka producer with timeoutMillis = 9223372036854775807 ms.
2025-10-08 17:30:54,663 INFO  [org.apa.kaf.com.met.Metrics] (ForkJoinPool.commonPool-worker-3) Metrics scheduler closed
2025-10-08 17:30:54,663 INFO  [org.apa.kaf.com.met.Metrics] (ForkJoinPool.commonPool-worker-3) Closing reporter org.apache.kafka.common.metrics.JmxReporter
2025-10-08 17:30:54,663 INFO  [org.apa.kaf.com.met.Metrics] (ForkJoinPool.commonPool-worker-3) Closing reporter org.apache.kafka.common.telemetry.internals.ClientTelemetryReporter
2025-10-08 17:30:54,663 INFO  [org.apa.kaf.com.met.Metrics] (ForkJoinPool.commonPool-worker-3) Metrics reporters closed
2025-10-08 17:30:54,663 INFO  [org.apa.kaf.com.uti.AppInfoParser] (ForkJoinPool.commonPool-worker-3) App info kafka.producer for Producer-topic-8d0849e3_278b_4eaf_a31f_3f7ad0e130f4 unregistered
**** Registry Base URL: http://registry-app-inmemory.apps.ci414.apicurio-testing.org:80
2025-10-08 17:30:54,664 INFO  [org.apa.kaf.cli.pro.ProducerConfig] (main) ProducerConfig values: 
	acks = -1
	auto.include.jmx.reporter = true
	batch.size = 16384
	bootstrap.servers = [PLAINTEXT://localhost:32769]
	buffer.memory = 33554432
	client.dns.lookup = use_all_dns_ips
	client.id = Producer-topic-8d0849e3_278b_4eaf_a31f_3f7ad0e130f4
	compression.gzip.level = -1
	compression.lz4.level = 9
	compression.type = none
	compression.zstd.level = 3
	connections.max.idle.ms = 10000
	delivery.timeout.ms = 120000
	enable.idempotence = true
	enable.metrics.push = true
	interceptor.classes = []
	key.serializer = class org.apache.kafka.common.serialization.StringSerializer
	linger.ms = 0
	max.block.ms = 60000
	max.in.flight.requests.per.connection = 5
	max.request.size = 1048576
	metadata.max.age.ms = 300000
	metadata.max.idle.ms = 300000
	metadata.recovery.strategy = none
	metric.reporters = []
	metrics.num.samples = 2
	metrics.recording.level = INFO
	metrics.sample.window.ms = 30000
	partitioner.adaptive.partitioning.enable = true
	partitioner.availability.timeout.ms = 0
	partitioner.class = null
	partitioner.ignore.keys = false
	receive.buffer.bytes = 32768
	reconnect.backoff.max.ms = 1000
	reconnect.backoff.ms = 50
	request.timeout.ms = 5000
	retries = 2147483647
	retry.backoff.max.ms = 1000
	retry.backoff.ms = 100
	sasl.client.callback.handler.class = null
	sasl.jaas.config = null
	sasl.kerberos.kinit.cmd = /usr/bin/kinit
	sasl.kerberos.min.time.before.relogin = 60000
	sasl.kerberos.service.name = null
	sasl.kerberos.ticket.renew.jitter = 0.05
	sasl.kerberos.ticket.renew.window.factor = 0.8
	sasl.login.callback.handler.class = null
	sasl.login.class = null
	sasl.login.connect.timeout.ms = null
	sasl.login.read.timeout.ms = null
	sasl.login.refresh.buffer.seconds = 300
	sasl.login.refresh.min.period.seconds = 60
	sasl.login.refresh.window.factor = 0.8
	sasl.login.refresh.window.jitter = 0.05
	sasl.login.retry.backoff.max.ms = 10000
	sasl.login.retry.backoff.ms = 100
	sasl.mechanism = GSSAPI
	sasl.oauthbearer.clock.skew.seconds = 30
	sasl.oauthbearer.expected.audience = null
	sasl.oauthbearer.expected.issuer = null
	sasl.oauthbearer.header.urlencode = false
	sasl.oauthbearer.jwks.endpoint.refresh.ms = 3600000
	sasl.oauthbearer.jwks.endpoint.retry.backoff.max.ms = 10000
	sasl.oauthbearer.jwks.endpoint.retry.backoff.ms = 100
	sasl.oauthbearer.jwks.endpoint.url = null
	sasl.oauthbearer.scope.claim.name = scope
	sasl.oauthbearer.sub.claim.name = sub
	sasl.oauthbearer.token.endpoint.url = null
	security.protocol = PLAINTEXT
	security.providers = null
	send.buffer.bytes = 131072
	socket.connection.setup.timeout.max.ms = 30000
	socket.connection.setup.timeout.ms = 10000
	ssl.cipher.suites = null
	ssl.enabled.protocols = [TLSv1.2, TLSv1.3]
	ssl.endpoint.identification.algorithm = https
	ssl.engine.factory.class = null
	ssl.key.password = null
	ssl.keymanager.algorithm = SunX509
	ssl.keystore.certificate.chain = null
	ssl.keystore.key = null
	ssl.keystore.location = null
	ssl.keystore.password = null
	ssl.keystore.type = JKS
	ssl.protocol = TLSv1.3
	ssl.provider = null
	ssl.secure.random.implementation = null
	ssl.trustmanager.algorithm = PKIX
	ssl.truststore.certificates = null
	ssl.truststore.location = null
	ssl.truststore.password = null
	ssl.truststore.type = JKS
	transaction.timeout.ms = 60000
	transactional.id = null
	value.serializer = class io.confluent.kafka.serializers.KafkaAvroSerializer

2025-10-08 17:30:54,664 INFO  [org.apa.kaf.com.tel.int.KafkaMetricsCollector] (main) initializing Kafka metrics collector
2025-10-08 17:30:54,664 INFO  [io.con.kaf.ser.KafkaAvroSerializerConfig] (main) KafkaAvroSerializerConfig values: 
	auto.register.schemas = false
	avro.reflection.allow.null = false
	avro.remove.java.properties = false
	avro.use.logical.type.converters = false
	basic.auth.credentials.source = URL
	basic.auth.user.info = [hidden]
	bearer.auth.cache.expiry.buffer.seconds = 300
	bearer.auth.client.id = null
	bearer.auth.client.secret = null
	bearer.auth.credentials.source = STATIC_TOKEN
	bearer.auth.custom.provider.class = null
	bearer.auth.identity.pool.id = null
	bearer.auth.issuer.endpoint.url = null
	bearer.auth.logical.cluster = null
	bearer.auth.scope = null
	bearer.auth.scope.claim.name = scope
	bearer.auth.sub.claim.name = sub
	bearer.auth.token = [hidden]
	context.name.strategy = class io.confluent.kafka.serializers.context.NullContextNameStrategy
	http.connect.timeout.ms = 60000
	http.read.timeout.ms = 60000
	id.compatibility.strict = true
	key.schema.id.deserializer = class io.confluent.kafka.serializers.schema.id.DualSchemaIdDeserializer
	key.schema.id.serializer = class io.confluent.kafka.serializers.schema.id.PrefixSchemaIdSerializer
	key.subject.name.strategy = class io.confluent.kafka.serializers.subject.TopicNameStrategy
	latest.cache.size = 1000
	latest.cache.ttl.sec = -1
	latest.compatibility.strict = true
	max.retries = 3
	max.schemas.per.subject = 1000
	normalize.schemas = false
	propagate.schema.tags = false
	proxy.host = 
	proxy.port = -1
	retries.max.wait.ms = 20000
	retries.wait.ms = 1000
	rule.actions = []
	rule.executors = []
	rule.service.loader.enable = true
	schema.format = null
	schema.reflection = false
	schema.registry.basic.auth.user.info = [hidden]
	schema.registry.ssl.cipher.suites = null
	schema.registry.ssl.enabled.protocols = [TLSv1.2, TLSv1.3]
	schema.registry.ssl.endpoint.identification.algorithm = https
	schema.registry.ssl.engine.factory.class = null
	schema.registry.ssl.key.password = null
	schema.registry.ssl.keymanager.algorithm = SunX509
	schema.registry.ssl.keystore.certificate.chain = null
	schema.registry.ssl.keystore.key = null
	schema.registry.ssl.keystore.location = null
	schema.registry.ssl.keystore.password = null
	schema.registry.ssl.keystore.type = JKS
	schema.registry.ssl.protocol = TLSv1.3
	schema.registry.ssl.provider = null
	schema.registry.ssl.secure.random.implementation = null
	schema.registry.ssl.trustmanager.algorithm = PKIX
	schema.registry.ssl.truststore.certificates = null
	schema.registry.ssl.truststore.location = null
	schema.registry.ssl.truststore.password = null
	schema.registry.ssl.truststore.type = JKS
	schema.registry.url = [http://registry-app-inmemory.apps.ci414.apicurio-testing.org:80/apis/ccompat/v7]
	schema.registry.url.randomize = false
	use.latest.version = false
	use.latest.with.metadata = null
	use.schema.id = -1
	value.schema.id.deserializer = class io.confluent.kafka.serializers.schema.id.DualSchemaIdDeserializer
	value.schema.id.serializer = class io.confluent.kafka.serializers.schema.id.PrefixSchemaIdSerializer
	value.subject.name.strategy = class io.confluent.kafka.serializers.subject.TopicRecordNameStrategy

2025-10-08 17:30:54,666 INFO  [org.apa.kaf.cli.pro.KafkaProducer] (main) [Producer clientId=Producer-topic-8d0849e3_278b_4eaf_a31f_3f7ad0e130f4] Instantiated an idempotent producer.
2025-10-08 17:30:54,667 INFO  [org.apa.kaf.cli.pro.ProducerConfig] (main) These configurations '[schema.registry.url, auto.register.schemas, value.subject.name.strategy]' were supplied but are not used yet.
2025-10-08 17:30:54,668 INFO  [org.apa.kaf.com.uti.AppInfoParser] (main) Kafka version: 3.9.1
2025-10-08 17:30:54,668 INFO  [org.apa.kaf.com.uti.AppInfoParser] (main) Kafka commitId: f745dfdcee2b9851
2025-10-08 17:30:54,668 INFO  [org.apa.kaf.com.uti.AppInfoParser] (main) Kafka startTimeMs: 1759944654668
2025-10-08 17:30:54,668 INFO  [io.api.tes.ser.api.KafkaSerdesTester] (ForkJoinPool.commonPool-worker-3) Sending message {"key1": "value-0"} to topic topic-8d0849e3_278b_4eaf_a31f_3f7ad0e130f4
2025-10-08 17:30:54,670 INFO  [org.apa.kaf.cli.Metadata] (kafka-producer-network-thread | Producer-topic-8d0849e3_278b_4eaf_a31f_3f7ad0e130f4) [Producer clientId=Producer-topic-8d0849e3_278b_4eaf_a31f_3f7ad0e130f4] Cluster ID: R7TsD1pyQX2HMwyS3tZayg
2025-10-08 17:30:54,670 INFO  [org.apa.kaf.cli.pro.int.TransactionManager] (kafka-producer-network-thread | Producer-topic-8d0849e3_278b_4eaf_a31f_3f7ad0e130f4) [Producer clientId=Producer-topic-8d0849e3_278b_4eaf_a31f_3f7ad0e130f4] ProducerId set to 49 with epoch 0
2025-10-08 17:30:54,680 INFO  [io.api.tes.ser.api.KafkaSerdesTester] (ForkJoinPool.commonPool-worker-3) Sending message {"key1": "value-1"} to topic topic-8d0849e3_278b_4eaf_a31f_3f7ad0e130f4
2025-10-08 17:30:54,681 INFO  [io.api.tes.ser.api.KafkaSerdesTester] (ForkJoinPool.commonPool-worker-3) Sending message {"key1": "value-2"} to topic topic-8d0849e3_278b_4eaf_a31f_3f7ad0e130f4
2025-10-08 17:30:54,684 INFO  [io.api.tes.ser.api.KafkaSerdesTester] (ForkJoinPool.commonPool-worker-3) Sending message {"key1": "value-3"} to topic topic-8d0849e3_278b_4eaf_a31f_3f7ad0e130f4
2025-10-08 17:30:54,685 INFO  [io.api.tes.ser.api.KafkaSerdesTester] (ForkJoinPool.commonPool-worker-3) Sending message {"key1": "value-4"} to topic topic-8d0849e3_278b_4eaf_a31f_3f7ad0e130f4
2025-10-08 17:30:54,686 INFO  [io.api.tes.ser.api.KafkaSerdesTester] (ForkJoinPool.commonPool-worker-3) Sending message {"key1": "value-5"} to topic topic-8d0849e3_278b_4eaf_a31f_3f7ad0e130f4
2025-10-08 17:30:54,687 INFO  [io.api.tes.ser.api.KafkaSerdesTester] (ForkJoinPool.commonPool-worker-3) Sending message {"key1": "value-6"} to topic topic-8d0849e3_278b_4eaf_a31f_3f7ad0e130f4
2025-10-08 17:30:54,688 INFO  [io.api.tes.ser.api.KafkaSerdesTester] (ForkJoinPool.commonPool-worker-3) Sending message {"key1": "value-7"} to topic topic-8d0849e3_278b_4eaf_a31f_3f7ad0e130f4
2025-10-08 17:30:54,688 INFO  [io.api.tes.ser.api.KafkaSerdesTester] (ForkJoinPool.commonPool-worker-3) Sending message {"key1": "value-8"} to topic topic-8d0849e3_278b_4eaf_a31f_3f7ad0e130f4
2025-10-08 17:30:54,689 INFO  [io.api.tes.ser.api.KafkaSerdesTester] (ForkJoinPool.commonPool-worker-3) Sending message {"key1": "value-9"} to topic topic-8d0849e3_278b_4eaf_a31f_3f7ad0e130f4
2025-10-08 17:30:54,690 INFO  [io.api.tes.ser.api.KafkaSerdesTester] (ForkJoinPool.commonPool-worker-3) Produced 10 messages
2025-10-08 17:30:54,690 INFO  [org.apa.kaf.cli.pro.KafkaProducer] (ForkJoinPool.commonPool-worker-3) [Producer clientId=Producer-topic-8d0849e3_278b_4eaf_a31f_3f7ad0e130f4] Closing the Kafka producer with timeoutMillis = 9223372036854775807 ms.
2025-10-08 17:30:54,691 INFO  [org.apa.kaf.com.met.Metrics] (ForkJoinPool.commonPool-worker-3) Metrics scheduler closed
2025-10-08 17:30:54,691 INFO  [org.apa.kaf.com.met.Metrics] (ForkJoinPool.commonPool-worker-3) Closing reporter org.apache.kafka.common.metrics.JmxReporter
2025-10-08 17:30:54,691 INFO  [org.apa.kaf.com.met.Metrics] (ForkJoinPool.commonPool-worker-3) Closing reporter org.apache.kafka.common.telemetry.internals.ClientTelemetryReporter
2025-10-08 17:30:54,691 INFO  [org.apa.kaf.com.met.Metrics] (ForkJoinPool.commonPool-worker-3) Metrics reporters closed
2025-10-08 17:30:54,691 INFO  [org.apa.kaf.com.uti.AppInfoParser] (ForkJoinPool.commonPool-worker-3) App info kafka.producer for Producer-topic-8d0849e3_278b_4eaf_a31f_3f7ad0e130f4 unregistered
**** Registry Base URL: http://registry-app-inmemory.apps.ci414.apicurio-testing.org:80
2025-10-08 17:30:54,691 INFO  [org.apa.kaf.cli.con.ConsumerConfig] (main) ConsumerConfig values: 
	allow.auto.create.topics = true
	auto.commit.interval.ms = 500
	auto.include.jmx.reporter = true
	auto.offset.reset = earliest
	bootstrap.servers = [PLAINTEXT://localhost:32769]
	check.crcs = true
	client.dns.lookup = use_all_dns_ips
	client.id = consumer-Consumer-topic-8d0849e3_278b_4eaf_a31f_3f7ad0e130f4-36
	client.rack = 
	connections.max.idle.ms = 10000
	default.api.timeout.ms = 60000
	enable.auto.commit = true
	enable.metrics.push = true
	exclude.internal.topics = true
	fetch.max.bytes = 52428800
	fetch.max.wait.ms = 500
	fetch.min.bytes = 1
	group.id = Consumer-topic-8d0849e3_278b_4eaf_a31f_3f7ad0e130f4
	group.instance.id = null
	group.protocol = classic
	group.remote.assignor = null
	heartbeat.interval.ms = 3000
	interceptor.classes = []
	internal.leave.group.on.close = true
	internal.throw.on.fetch.stable.offset.unsupported = false
	isolation.level = read_uncommitted
	key.deserializer = class org.apache.kafka.common.serialization.StringDeserializer
	max.partition.fetch.bytes = 1048576
	max.poll.interval.ms = 300000
	max.poll.records = 500
	metadata.max.age.ms = 300000
	metadata.recovery.strategy = none
	metric.reporters = []
	metrics.num.samples = 2
	metrics.recording.level = INFO
	metrics.sample.window.ms = 30000
	partition.assignment.strategy = [class org.apache.kafka.clients.consumer.RangeAssignor, class org.apache.kafka.clients.consumer.CooperativeStickyAssignor]
	receive.buffer.bytes = 65536
	reconnect.backoff.max.ms = 1000
	reconnect.backoff.ms = 50
	request.timeout.ms = 5000
	retry.backoff.max.ms = 1000
	retry.backoff.ms = 100
	sasl.client.callback.handler.class = null
	sasl.jaas.config = null
	sasl.kerberos.kinit.cmd = /usr/bin/kinit
	sasl.kerberos.min.time.before.relogin = 60000
	sasl.kerberos.service.name = null
	sasl.kerberos.ticket.renew.jitter = 0.05
	sasl.kerberos.ticket.renew.window.factor = 0.8
	sasl.login.callback.handler.class = null
	sasl.login.class = null
	sasl.login.connect.timeout.ms = null
	sasl.login.read.timeout.ms = null
	sasl.login.refresh.buffer.seconds = 300
	sasl.login.refresh.min.period.seconds = 60
	sasl.login.refresh.window.factor = 0.8
	sasl.login.refresh.window.jitter = 0.05
	sasl.login.retry.backoff.max.ms = 10000
	sasl.login.retry.backoff.ms = 100
	sasl.mechanism = GSSAPI
	sasl.oauthbearer.clock.skew.seconds = 30
	sasl.oauthbearer.expected.audience = null
	sasl.oauthbearer.expected.issuer = null
	sasl.oauthbearer.header.urlencode = false
	sasl.oauthbearer.jwks.endpoint.refresh.ms = 3600000
	sasl.oauthbearer.jwks.endpoint.retry.backoff.max.ms = 10000
	sasl.oauthbearer.jwks.endpoint.retry.backoff.ms = 100
	sasl.oauthbearer.jwks.endpoint.url = null
	sasl.oauthbearer.scope.claim.name = scope
	sasl.oauthbearer.sub.claim.name = sub
	sasl.oauthbearer.token.endpoint.url = null
	security.protocol = PLAINTEXT
	security.providers = null
	send.buffer.bytes = 131072
	session.timeout.ms = 45000
	socket.connection.setup.timeout.max.ms = 30000
	socket.connection.setup.timeout.ms = 10000
	ssl.cipher.suites = null
	ssl.enabled.protocols = [TLSv1.2, TLSv1.3]
	ssl.endpoint.identification.algorithm = https
	ssl.engine.factory.class = null
	ssl.key.password = null
	ssl.keymanager.algorithm = SunX509
	ssl.keystore.certificate.chain = null
	ssl.keystore.key = null
	ssl.keystore.location = null
	ssl.keystore.password = null
	ssl.keystore.type = JKS
	ssl.protocol = TLSv1.3
	ssl.provider = null
	ssl.secure.random.implementation = null
	ssl.trustmanager.algorithm = PKIX
	ssl.truststore.certificates = null
	ssl.truststore.location = null
	ssl.truststore.password = null
	ssl.truststore.type = JKS
	value.deserializer = class io.confluent.kafka.serializers.KafkaAvroDeserializer

2025-10-08 17:30:54,692 INFO  [org.apa.kaf.com.tel.int.KafkaMetricsCollector] (main) initializing Kafka metrics collector
2025-10-08 17:30:54,692 INFO  [io.con.kaf.ser.KafkaAvroDeserializerConfig] (main) KafkaAvroDeserializerConfig values: 
	auto.register.schemas = true
	avro.reflection.allow.null = false
	avro.use.logical.type.converters = false
	basic.auth.credentials.source = URL
	basic.auth.user.info = [hidden]
	bearer.auth.cache.expiry.buffer.seconds = 300
	bearer.auth.client.id = null
	bearer.auth.client.secret = null
	bearer.auth.credentials.source = STATIC_TOKEN
	bearer.auth.custom.provider.class = null
	bearer.auth.identity.pool.id = null
	bearer.auth.issuer.endpoint.url = null
	bearer.auth.logical.cluster = null
	bearer.auth.scope = null
	bearer.auth.scope.claim.name = scope
	bearer.auth.sub.claim.name = sub
	bearer.auth.token = [hidden]
	context.name.strategy = class io.confluent.kafka.serializers.context.NullContextNameStrategy
	http.connect.timeout.ms = 60000
	http.read.timeout.ms = 60000
	id.compatibility.strict = true
	key.schema.id.deserializer = class io.confluent.kafka.serializers.schema.id.DualSchemaIdDeserializer
	key.schema.id.serializer = class io.confluent.kafka.serializers.schema.id.PrefixSchemaIdSerializer
	key.subject.name.strategy = class io.confluent.kafka.serializers.subject.TopicNameStrategy
	latest.cache.size = 1000
	latest.cache.ttl.sec = -1
	latest.compatibility.strict = true
	max.retries = 3
	max.schemas.per.subject = 1000
	normalize.schemas = false
	propagate.schema.tags = false
	proxy.host = 
	proxy.port = -1
	retries.max.wait.ms = 20000
	retries.wait.ms = 1000
	rule.actions = []
	rule.executors = []
	rule.service.loader.enable = true
	schema.format = null
	schema.reflection = false
	schema.registry.basic.auth.user.info = [hidden]
	schema.registry.ssl.cipher.suites = null
	schema.registry.ssl.enabled.protocols = [TLSv1.2, TLSv1.3]
	schema.registry.ssl.endpoint.identification.algorithm = https
	schema.registry.ssl.engine.factory.class = null
	schema.registry.ssl.key.password = null
	schema.registry.ssl.keymanager.algorithm = SunX509
	schema.registry.ssl.keystore.certificate.chain = null
	schema.registry.ssl.keystore.key = null
	schema.registry.ssl.keystore.location = null
	schema.registry.ssl.keystore.password = null
	schema.registry.ssl.keystore.type = JKS
	schema.registry.ssl.protocol = TLSv1.3
	schema.registry.ssl.provider = null
	schema.registry.ssl.secure.random.implementation = null
	schema.registry.ssl.trustmanager.algorithm = PKIX
	schema.registry.ssl.truststore.certificates = null
	schema.registry.ssl.truststore.location = null
	schema.registry.ssl.truststore.password = null
	schema.registry.ssl.truststore.type = JKS
	schema.registry.url = [http://registry-app-inmemory.apps.ci414.apicurio-testing.org:80/apis/ccompat/v7]
	schema.registry.url.randomize = false
	specific.avro.key.type = null
	specific.avro.reader = false
	specific.avro.value.type = null
	use.latest.version = false
	use.latest.with.metadata = null
	use.schema.id = -1
	value.schema.id.deserializer = class io.confluent.kafka.serializers.schema.id.DualSchemaIdDeserializer
	value.schema.id.serializer = class io.confluent.kafka.serializers.schema.id.PrefixSchemaIdSerializer
	value.subject.name.strategy = class io.confluent.kafka.serializers.subject.TopicNameStrategy

2025-10-08 17:30:54,694 INFO  [org.apa.kaf.cli.con.ConsumerConfig] (main) These configurations '[schema.registry.url]' were supplied but are not used yet.
2025-10-08 17:30:54,694 INFO  [org.apa.kaf.com.uti.AppInfoParser] (main) Kafka version: 3.9.1
2025-10-08 17:30:54,694 INFO  [org.apa.kaf.com.uti.AppInfoParser] (main) Kafka commitId: f745dfdcee2b9851
2025-10-08 17:30:54,694 INFO  [org.apa.kaf.com.uti.AppInfoParser] (main) Kafka startTimeMs: 1759944654694
2025-10-08 17:30:54,695 INFO  [org.apa.kaf.cli.con.int.ClassicKafkaConsumer] (ForkJoinPool.commonPool-worker-3) [Consumer clientId=consumer-Consumer-topic-8d0849e3_278b_4eaf_a31f_3f7ad0e130f4-36, groupId=Consumer-topic-8d0849e3_278b_4eaf_a31f_3f7ad0e130f4] Subscribed to topic(s): topic-8d0849e3_278b_4eaf_a31f_3f7ad0e130f4
2025-10-08 17:30:54,697 INFO  [org.apa.kaf.cli.Metadata] (ForkJoinPool.commonPool-worker-3) [Consumer clientId=consumer-Consumer-topic-8d0849e3_278b_4eaf_a31f_3f7ad0e130f4-36, groupId=Consumer-topic-8d0849e3_278b_4eaf_a31f_3f7ad0e130f4] Cluster ID: R7TsD1pyQX2HMwyS3tZayg
2025-10-08 17:30:54,698 INFO  [org.apa.kaf.cli.con.int.ConsumerCoordinator] (ForkJoinPool.commonPool-worker-3) [Consumer clientId=consumer-Consumer-topic-8d0849e3_278b_4eaf_a31f_3f7ad0e130f4-36, groupId=Consumer-topic-8d0849e3_278b_4eaf_a31f_3f7ad0e130f4] Discovered group coordinator localhost:32769 (id: 2147483647 rack: null)
2025-10-08 17:30:54,699 INFO  [org.apa.kaf.cli.con.int.ConsumerCoordinator] (ForkJoinPool.commonPool-worker-3) [Consumer clientId=consumer-Consumer-topic-8d0849e3_278b_4eaf_a31f_3f7ad0e130f4-36, groupId=Consumer-topic-8d0849e3_278b_4eaf_a31f_3f7ad0e130f4] (Re-)joining group
2025-10-08 17:30:54,700 INFO  [org.apa.kaf.cli.con.int.ConsumerCoordinator] (ForkJoinPool.commonPool-worker-3) [Consumer clientId=consumer-Consumer-topic-8d0849e3_278b_4eaf_a31f_3f7ad0e130f4-36, groupId=Consumer-topic-8d0849e3_278b_4eaf_a31f_3f7ad0e130f4] Request joining group due to: need to re-join with the given member-id: consumer-Consumer-topic-8d0849e3_278b_4eaf_a31f_3f7ad0e130f4-36-54c3c7b3-981f-48b3-bec3-4fe2050fc060
2025-10-08 17:30:54,700 INFO  [org.apa.kaf.cli.con.int.ConsumerCoordinator] (ForkJoinPool.commonPool-worker-3) [Consumer clientId=consumer-Consumer-topic-8d0849e3_278b_4eaf_a31f_3f7ad0e130f4-36, groupId=Consumer-topic-8d0849e3_278b_4eaf_a31f_3f7ad0e130f4] (Re-)joining group
2025-10-08 17:30:55,695 INFO  [io.api.tes.ser.api.KafkaSerdesTester] (ForkJoinPool.commonPool-worker-3) None found
2025-10-08 17:30:56,696 INFO  [io.api.tes.ser.api.KafkaSerdesTester] (ForkJoinPool.commonPool-worker-3) None found
2025-10-08 17:30:57,697 INFO  [io.api.tes.ser.api.KafkaSerdesTester] (ForkJoinPool.commonPool-worker-3) None found
2025-10-08 17:30:57,702 INFO  [org.apa.kaf.cli.con.int.ConsumerCoordinator] (ForkJoinPool.commonPool-worker-3) [Consumer clientId=consumer-Consumer-topic-8d0849e3_278b_4eaf_a31f_3f7ad0e130f4-36, groupId=Consumer-topic-8d0849e3_278b_4eaf_a31f_3f7ad0e130f4] Successfully joined group with generation Generation{generationId=5, memberId='consumer-Consumer-topic-8d0849e3_278b_4eaf_a31f_3f7ad0e130f4-36-54c3c7b3-981f-48b3-bec3-4fe2050fc060', protocol='range'}
2025-10-08 17:30:57,702 INFO  [org.apa.kaf.cli.con.int.ConsumerCoordinator] (ForkJoinPool.commonPool-worker-3) [Consumer clientId=consumer-Consumer-topic-8d0849e3_278b_4eaf_a31f_3f7ad0e130f4-36, groupId=Consumer-topic-8d0849e3_278b_4eaf_a31f_3f7ad0e130f4] Finished assignment for group at generation 5: {consumer-Consumer-topic-8d0849e3_278b_4eaf_a31f_3f7ad0e130f4-36-54c3c7b3-981f-48b3-bec3-4fe2050fc060=Assignment(partitions=[topic-8d0849e3_278b_4eaf_a31f_3f7ad0e130f4-0])}
2025-10-08 17:30:57,708 INFO  [org.apa.kaf.cli.con.int.ConsumerCoordinator] (ForkJoinPool.commonPool-worker-3) [Consumer clientId=consumer-Consumer-topic-8d0849e3_278b_4eaf_a31f_3f7ad0e130f4-36, groupId=Consumer-topic-8d0849e3_278b_4eaf_a31f_3f7ad0e130f4] Successfully synced group in generation Generation{generationId=5, memberId='consumer-Consumer-topic-8d0849e3_278b_4eaf_a31f_3f7ad0e130f4-36-54c3c7b3-981f-48b3-bec3-4fe2050fc060', protocol='range'}
2025-10-08 17:30:57,708 INFO  [org.apa.kaf.cli.con.int.ConsumerCoordinator] (ForkJoinPool.commonPool-worker-3) [Consumer clientId=consumer-Consumer-topic-8d0849e3_278b_4eaf_a31f_3f7ad0e130f4-36, groupId=Consumer-topic-8d0849e3_278b_4eaf_a31f_3f7ad0e130f4] Notifying assignor about the new Assignment(partitions=[topic-8d0849e3_278b_4eaf_a31f_3f7ad0e130f4-0])
2025-10-08 17:30:57,708 INFO  [org.apa.kaf.cli.con.int.ConsumerRebalanceListenerInvoker] (ForkJoinPool.commonPool-worker-3) [Consumer clientId=consumer-Consumer-topic-8d0849e3_278b_4eaf_a31f_3f7ad0e130f4-36, groupId=Consumer-topic-8d0849e3_278b_4eaf_a31f_3f7ad0e130f4] Adding newly assigned partitions: topic-8d0849e3_278b_4eaf_a31f_3f7ad0e130f4-0
2025-10-08 17:30:57,709 INFO  [org.apa.kaf.cli.con.int.ConsumerUtils] (ForkJoinPool.commonPool-worker-3) Setting offset for partition topic-8d0849e3_278b_4eaf_a31f_3f7ad0e130f4-0 to the committed offset FetchPosition{offset=30, offsetEpoch=Optional[0], currentLeader=LeaderAndEpoch{leader=Optional[localhost:32769 (id: 0 rack: null)], epoch=0}}
2025-10-08 17:30:57,731 INFO  [io.api.tes.ser.api.KafkaSerdesTester] (ForkJoinPool.commonPool-worker-3) topic-8d0849e3_278b_4eaf_a31f_3f7ad0e130f4 0 30 {"key1": "value-0", "key2": "value-0", "key3": "value-0"}
2025-10-08 17:30:57,731 INFO  [io.api.tes.ser.api.KafkaSerdesTester] (ForkJoinPool.commonPool-worker-3) topic-8d0849e3_278b_4eaf_a31f_3f7ad0e130f4 0 31 {"key1": "value-1", "key2": "value-1", "key3": "value-1"}
2025-10-08 17:30:57,731 INFO  [io.api.tes.ser.api.KafkaSerdesTester] (ForkJoinPool.commonPool-worker-3) topic-8d0849e3_278b_4eaf_a31f_3f7ad0e130f4 0 32 {"key1": "value-2", "key2": "value-2", "key3": "value-2"}
2025-10-08 17:30:57,731 INFO  [io.api.tes.ser.api.KafkaSerdesTester] (ForkJoinPool.commonPool-worker-3) topic-8d0849e3_278b_4eaf_a31f_3f7ad0e130f4 0 33 {"key1": "value-3", "key2": "value-3", "key3": "value-3"}
2025-10-08 17:30:57,731 INFO  [io.api.tes.ser.api.KafkaSerdesTester] (ForkJoinPool.commonPool-worker-3) topic-8d0849e3_278b_4eaf_a31f_3f7ad0e130f4 0 34 {"key1": "value-4", "key2": "value-4", "key3": "value-4"}
2025-10-08 17:30:57,731 INFO  [io.api.tes.ser.api.KafkaSerdesTester] (ForkJoinPool.commonPool-worker-3) topic-8d0849e3_278b_4eaf_a31f_3f7ad0e130f4 0 35 {"key1": "value-5", "key2": "value-5", "key3": "value-5"}
2025-10-08 17:30:57,731 INFO  [io.api.tes.ser.api.KafkaSerdesTester] (ForkJoinPool.commonPool-worker-3) topic-8d0849e3_278b_4eaf_a31f_3f7ad0e130f4 0 36 {"key1": "value-6", "key2": "value-6", "key3": "value-6"}
2025-10-08 17:30:57,731 INFO  [io.api.tes.ser.api.KafkaSerdesTester] (ForkJoinPool.commonPool-worker-3) topic-8d0849e3_278b_4eaf_a31f_3f7ad0e130f4 0 37 {"key1": "value-7", "key2": "value-7", "key3": "value-7"}
2025-10-08 17:30:57,731 INFO  [io.api.tes.ser.api.KafkaSerdesTester] (ForkJoinPool.commonPool-worker-3) topic-8d0849e3_278b_4eaf_a31f_3f7ad0e130f4 0 38 {"key1": "value-8", "key2": "value-8", "key3": "value-8"}
2025-10-08 17:30:57,731 INFO  [io.api.tes.ser.api.KafkaSerdesTester] (ForkJoinPool.commonPool-worker-3) topic-8d0849e3_278b_4eaf_a31f_3f7ad0e130f4 0 39 {"key1": "value-9", "key2": "value-9", "key3": "value-9"}
2025-10-08 17:30:57,731 INFO  [io.api.tes.ser.api.KafkaSerdesTester] (ForkJoinPool.commonPool-worker-3) topic-8d0849e3_278b_4eaf_a31f_3f7ad0e130f4 0 40 {"key1": "value-0", "key2": "value-0"}
2025-10-08 17:30:57,731 INFO  [io.api.tes.ser.api.KafkaSerdesTester] (ForkJoinPool.commonPool-worker-3) topic-8d0849e3_278b_4eaf_a31f_3f7ad0e130f4 0 41 {"key1": "value-1", "key2": "value-1"}
2025-10-08 17:30:57,731 INFO  [io.api.tes.ser.api.KafkaSerdesTester] (ForkJoinPool.commonPool-worker-3) topic-8d0849e3_278b_4eaf_a31f_3f7ad0e130f4 0 42 {"key1": "value-2", "key2": "value-2"}
2025-10-08 17:30:57,731 INFO  [io.api.tes.ser.api.KafkaSerdesTester] (ForkJoinPool.commonPool-worker-3) topic-8d0849e3_278b_4eaf_a31f_3f7ad0e130f4 0 43 {"key1": "value-3", "key2": "value-3"}
2025-10-08 17:30:57,731 INFO  [io.api.tes.ser.api.KafkaSerdesTester] (ForkJoinPool.commonPool-worker-3) topic-8d0849e3_278b_4eaf_a31f_3f7ad0e130f4 0 44 {"key1": "value-4", "key2": "value-4"}
2025-10-08 17:30:57,731 INFO  [io.api.tes.ser.api.KafkaSerdesTester] (ForkJoinPool.commonPool-worker-3) topic-8d0849e3_278b_4eaf_a31f_3f7ad0e130f4 0 45 {"key1": "value-5", "key2": "value-5"}
2025-10-08 17:30:57,731 INFO  [io.api.tes.ser.api.KafkaSerdesTester] (ForkJoinPool.commonPool-worker-3) topic-8d0849e3_278b_4eaf_a31f_3f7ad0e130f4 0 46 {"key1": "value-6", "key2": "value-6"}
2025-10-08 17:30:57,731 INFO  [io.api.tes.ser.api.KafkaSerdesTester] (ForkJoinPool.commonPool-worker-3) topic-8d0849e3_278b_4eaf_a31f_3f7ad0e130f4 0 47 {"key1": "value-7", "key2": "value-7"}
2025-10-08 17:30:57,731 INFO  [io.api.tes.ser.api.KafkaSerdesTester] (ForkJoinPool.commonPool-worker-3) topic-8d0849e3_278b_4eaf_a31f_3f7ad0e130f4 0 48 {"key1": "value-8", "key2": "value-8"}
2025-10-08 17:30:57,731 INFO  [io.api.tes.ser.api.KafkaSerdesTester] (ForkJoinPool.commonPool-worker-3) topic-8d0849e3_278b_4eaf_a31f_3f7ad0e130f4 0 49 {"key1": "value-9", "key2": "value-9"}
2025-10-08 17:30:57,731 INFO  [io.api.tes.ser.api.KafkaSerdesTester] (ForkJoinPool.commonPool-worker-3) topic-8d0849e3_278b_4eaf_a31f_3f7ad0e130f4 0 50 {"key1": "value-0"}
2025-10-08 17:30:57,731 INFO  [io.api.tes.ser.api.KafkaSerdesTester] (ForkJoinPool.commonPool-worker-3) topic-8d0849e3_278b_4eaf_a31f_3f7ad0e130f4 0 51 {"key1": "value-1"}
2025-10-08 17:30:57,731 INFO  [io.api.tes.ser.api.KafkaSerdesTester] (ForkJoinPool.commonPool-worker-3) topic-8d0849e3_278b_4eaf_a31f_3f7ad0e130f4 0 52 {"key1": "value-2"}
2025-10-08 17:30:57,731 INFO  [io.api.tes.ser.api.KafkaSerdesTester] (ForkJoinPool.commonPool-worker-3) topic-8d0849e3_278b_4eaf_a31f_3f7ad0e130f4 0 53 {"key1": "value-3"}
2025-10-08 17:30:57,731 INFO  [io.api.tes.ser.api.KafkaSerdesTester] (ForkJoinPool.commonPool-worker-3) topic-8d0849e3_278b_4eaf_a31f_3f7ad0e130f4 0 54 {"key1": "value-4"}
2025-10-08 17:30:57,731 INFO  [io.api.tes.ser.api.KafkaSerdesTester] (ForkJoinPool.commonPool-worker-3) topic-8d0849e3_278b_4eaf_a31f_3f7ad0e130f4 0 55 {"key1": "value-5"}
2025-10-08 17:30:57,731 INFO  [io.api.tes.ser.api.KafkaSerdesTester] (ForkJoinPool.commonPool-worker-3) topic-8d0849e3_278b_4eaf_a31f_3f7ad0e130f4 0 56 {"key1": "value-6"}
2025-10-08 17:30:57,731 INFO  [io.api.tes.ser.api.KafkaSerdesTester] (ForkJoinPool.commonPool-worker-3) topic-8d0849e3_278b_4eaf_a31f_3f7ad0e130f4 0 57 {"key1": "value-7"}
2025-10-08 17:30:57,731 INFO  [io.api.tes.ser.api.KafkaSerdesTester] (ForkJoinPool.commonPool-worker-3) topic-8d0849e3_278b_4eaf_a31f_3f7ad0e130f4 0 58 {"key1": "value-8"}
2025-10-08 17:30:57,731 INFO  [io.api.tes.ser.api.KafkaSerdesTester] (ForkJoinPool.commonPool-worker-3) topic-8d0849e3_278b_4eaf_a31f_3f7ad0e130f4 0 59 {"key1": "value-9"}
2025-10-08 17:30:57,731 INFO  [io.api.tes.ser.api.KafkaSerdesTester] (ForkJoinPool.commonPool-worker-3) Consumed 30 messages
2025-10-08 17:30:57,737 INFO  [org.apa.kaf.cli.con.int.ConsumerRebalanceListenerInvoker] (ForkJoinPool.commonPool-worker-3) [Consumer clientId=consumer-Consumer-topic-8d0849e3_278b_4eaf_a31f_3f7ad0e130f4-36, groupId=Consumer-topic-8d0849e3_278b_4eaf_a31f_3f7ad0e130f4] Revoke previously assigned partitions topic-8d0849e3_278b_4eaf_a31f_3f7ad0e130f4-0
2025-10-08 17:30:57,737 INFO  [org.apa.kaf.cli.con.int.ConsumerCoordinator] (ForkJoinPool.commonPool-worker-3) [Consumer clientId=consumer-Consumer-topic-8d0849e3_278b_4eaf_a31f_3f7ad0e130f4-36, groupId=Consumer-topic-8d0849e3_278b_4eaf_a31f_3f7ad0e130f4] Member consumer-Consumer-topic-8d0849e3_278b_4eaf_a31f_3f7ad0e130f4-36-54c3c7b3-981f-48b3-bec3-4fe2050fc060 sending LeaveGroup request to coordinator localhost:32769 (id: 2147483647 rack: null) due to the consumer is being closed
2025-10-08 17:30:57,738 INFO  [org.apa.kaf.cli.con.int.ConsumerCoordinator] (ForkJoinPool.commonPool-worker-3) [Consumer clientId=consumer-Consumer-topic-8d0849e3_278b_4eaf_a31f_3f7ad0e130f4-36, groupId=Consumer-topic-8d0849e3_278b_4eaf_a31f_3f7ad0e130f4] Resetting generation and member id due to: consumer pro-actively leaving the group
2025-10-08 17:30:57,738 INFO  [org.apa.kaf.cli.con.int.ConsumerCoordinator] (ForkJoinPool.commonPool-worker-3) [Consumer clientId=consumer-Consumer-topic-8d0849e3_278b_4eaf_a31f_3f7ad0e130f4-36, groupId=Consumer-topic-8d0849e3_278b_4eaf_a31f_3f7ad0e130f4] Request joining group due to: consumer pro-actively leaving the group
2025-10-08 17:30:58,232 INFO  [org.apa.kaf.com.met.Metrics] (ForkJoinPool.commonPool-worker-3) Metrics scheduler closed
2025-10-08 17:30:58,232 INFO  [org.apa.kaf.com.met.Metrics] (ForkJoinPool.commonPool-worker-3) Closing reporter org.apache.kafka.common.metrics.JmxReporter
2025-10-08 17:30:58,232 INFO  [org.apa.kaf.com.met.Metrics] (ForkJoinPool.commonPool-worker-3) Closing reporter org.apache.kafka.common.telemetry.internals.ClientTelemetryReporter
2025-10-08 17:30:58,232 INFO  [org.apa.kaf.com.met.Metrics] (ForkJoinPool.commonPool-worker-3) Metrics reporters closed
2025-10-08 17:30:58,233 INFO  [org.apa.kaf.com.uti.AppInfoParser] (ForkJoinPool.commonPool-worker-3) App info kafka.consumer for consumer-Consumer-topic-8d0849e3_278b_4eaf_a31f_3f7ad0e130f4-36 unregistered
2025-10-08 17:30:58,234 INFO  [org.apa.kaf.cli.pro.KafkaProducer] (main) [Producer clientId=Producer-topic-8d0849e3_278b_4eaf_a31f_3f7ad0e130f4] Closing the Kafka producer with timeoutMillis = 9223372036854775807 ms.
2025-10-08 17:30:58,234 INFO  [org.apa.kaf.com.met.Metrics] (main) Metrics scheduler closed
2025-10-08 17:30:58,234 INFO  [org.apa.kaf.com.met.Metrics] (main) Closing reporter org.apache.kafka.common.metrics.JmxReporter
2025-10-08 17:30:58,234 INFO  [org.apa.kaf.com.met.Metrics] (main) Closing reporter org.apache.kafka.common.telemetry.internals.ClientTelemetryReporter
2025-10-08 17:30:58,234 INFO  [org.apa.kaf.com.met.Metrics] (main) Metrics reporters closed
2025-10-08 17:30:58,234 INFO  [org.apa.kaf.com.uti.AppInfoParser] (main) App info kafka.producer for Producer-topic-8d0849e3_278b_4eaf_a31f_3f7ad0e130f4 unregistered
2025-10-08 17:30:58,246 INFO  [io.api.tes.ser.con.BasicConfluentSerDesIT] (main) Deleting confluent schema topic-8d0849e3_278b_4eaf_a31f_3f7ad0e130f4-s24107df3xa9b4x4a1ax900exc67411a6c5de
2025-10-08 17:30:58,254 INFO  [io.api.tes.uti.TestSeparator] (main) io.apicurio.tests.serdes.confluent.BasicConfluentSerDesIT.testEvolveAvroConfluent-FINISHED
2025-10-08 17:30:58,254 INFO  [io.api.tes.uti.TestSeparator] (main) ############################################################################
Test passed: testEvolveAvroConfluent
]]></system-out>
  </testcase>
  <testcase name="testAvroConfluentSerDes" classname="io.apicurio.tests.serdes.confluent.BasicConfluentSerDesIT" time="3.613">
    <system-out><![CDATA[2025-10-08 17:30:58,256 INFO  [io.api.tes.uti.TestSeparator] (main) ############################################################################
2025-10-08 17:30:58,256 INFO  [io.api.tes.uti.TestSeparator] (main) io.apicurio.tests.serdes.confluent.BasicConfluentSerDesIT.testAvroConfluentSerDes-STARTED
2025-10-08 17:30:58,271 INFO  [io.api.tes.ser.con.BasicConfluentSerDesIT] (main) Checking that created schema is equal to the get schema
2025-10-08 17:30:58,281 INFO  [io.api.tes.ser.con.BasicConfluentSerDesIT] (main) Created schema with id:111 and name:myrecordconfluent1
**** Registry Base URL: http://registry-app-inmemory.apps.ci414.apicurio-testing.org:80
2025-10-08 17:30:58,281 INFO  [org.apa.kaf.cli.pro.ProducerConfig] (main) ProducerConfig values: 
	acks = -1
	auto.include.jmx.reporter = true
	batch.size = 16384
	bootstrap.servers = [PLAINTEXT://localhost:32769]
	buffer.memory = 33554432
	client.dns.lookup = use_all_dns_ips
	client.id = Producer-topic-98ced2a8_e9b1_44d9_a9eb_e5d6b0a0beef
	compression.gzip.level = -1
	compression.lz4.level = 9
	compression.type = none
	compression.zstd.level = 3
	connections.max.idle.ms = 10000
	delivery.timeout.ms = 120000
	enable.idempotence = true
	enable.metrics.push = true
	interceptor.classes = []
	key.serializer = class org.apache.kafka.common.serialization.StringSerializer
	linger.ms = 0
	max.block.ms = 60000
	max.in.flight.requests.per.connection = 5
	max.request.size = 1048576
	metadata.max.age.ms = 300000
	metadata.max.idle.ms = 300000
	metadata.recovery.strategy = none
	metric.reporters = []
	metrics.num.samples = 2
	metrics.recording.level = INFO
	metrics.sample.window.ms = 30000
	partitioner.adaptive.partitioning.enable = true
	partitioner.availability.timeout.ms = 0
	partitioner.class = null
	partitioner.ignore.keys = false
	receive.buffer.bytes = 32768
	reconnect.backoff.max.ms = 1000
	reconnect.backoff.ms = 50
	request.timeout.ms = 5000
	retries = 2147483647
	retry.backoff.max.ms = 1000
	retry.backoff.ms = 100
	sasl.client.callback.handler.class = null
	sasl.jaas.config = null
	sasl.kerberos.kinit.cmd = /usr/bin/kinit
	sasl.kerberos.min.time.before.relogin = 60000
	sasl.kerberos.service.name = null
	sasl.kerberos.ticket.renew.jitter = 0.05
	sasl.kerberos.ticket.renew.window.factor = 0.8
	sasl.login.callback.handler.class = null
	sasl.login.class = null
	sasl.login.connect.timeout.ms = null
	sasl.login.read.timeout.ms = null
	sasl.login.refresh.buffer.seconds = 300
	sasl.login.refresh.min.period.seconds = 60
	sasl.login.refresh.window.factor = 0.8
	sasl.login.refresh.window.jitter = 0.05
	sasl.login.retry.backoff.max.ms = 10000
	sasl.login.retry.backoff.ms = 100
	sasl.mechanism = GSSAPI
	sasl.oauthbearer.clock.skew.seconds = 30
	sasl.oauthbearer.expected.audience = null
	sasl.oauthbearer.expected.issuer = null
	sasl.oauthbearer.header.urlencode = false
	sasl.oauthbearer.jwks.endpoint.refresh.ms = 3600000
	sasl.oauthbearer.jwks.endpoint.retry.backoff.max.ms = 10000
	sasl.oauthbearer.jwks.endpoint.retry.backoff.ms = 100
	sasl.oauthbearer.jwks.endpoint.url = null
	sasl.oauthbearer.scope.claim.name = scope
	sasl.oauthbearer.sub.claim.name = sub
	sasl.oauthbearer.token.endpoint.url = null
	security.protocol = PLAINTEXT
	security.providers = null
	send.buffer.bytes = 131072
	socket.connection.setup.timeout.max.ms = 30000
	socket.connection.setup.timeout.ms = 10000
	ssl.cipher.suites = null
	ssl.enabled.protocols = [TLSv1.2, TLSv1.3]
	ssl.endpoint.identification.algorithm = https
	ssl.engine.factory.class = null
	ssl.key.password = null
	ssl.keymanager.algorithm = SunX509
	ssl.keystore.certificate.chain = null
	ssl.keystore.key = null
	ssl.keystore.location = null
	ssl.keystore.password = null
	ssl.keystore.type = JKS
	ssl.protocol = TLSv1.3
	ssl.provider = null
	ssl.secure.random.implementation = null
	ssl.trustmanager.algorithm = PKIX
	ssl.truststore.certificates = null
	ssl.truststore.location = null
	ssl.truststore.password = null
	ssl.truststore.type = JKS
	transaction.timeout.ms = 60000
	transactional.id = null
	value.serializer = class io.confluent.kafka.serializers.KafkaAvroSerializer

2025-10-08 17:30:58,282 INFO  [org.apa.kaf.com.tel.int.KafkaMetricsCollector] (main) initializing Kafka metrics collector
2025-10-08 17:30:58,282 INFO  [io.con.kaf.ser.KafkaAvroSerializerConfig] (main) KafkaAvroSerializerConfig values: 
	auto.register.schemas = false
	avro.reflection.allow.null = false
	avro.remove.java.properties = false
	avro.use.logical.type.converters = false
	basic.auth.credentials.source = URL
	basic.auth.user.info = [hidden]
	bearer.auth.cache.expiry.buffer.seconds = 300
	bearer.auth.client.id = null
	bearer.auth.client.secret = null
	bearer.auth.credentials.source = STATIC_TOKEN
	bearer.auth.custom.provider.class = null
	bearer.auth.identity.pool.id = null
	bearer.auth.issuer.endpoint.url = null
	bearer.auth.logical.cluster = null
	bearer.auth.scope = null
	bearer.auth.scope.claim.name = scope
	bearer.auth.sub.claim.name = sub
	bearer.auth.token = [hidden]
	context.name.strategy = class io.confluent.kafka.serializers.context.NullContextNameStrategy
	http.connect.timeout.ms = 60000
	http.read.timeout.ms = 60000
	id.compatibility.strict = true
	key.schema.id.deserializer = class io.confluent.kafka.serializers.schema.id.DualSchemaIdDeserializer
	key.schema.id.serializer = class io.confluent.kafka.serializers.schema.id.PrefixSchemaIdSerializer
	key.subject.name.strategy = class io.confluent.kafka.serializers.subject.TopicNameStrategy
	latest.cache.size = 1000
	latest.cache.ttl.sec = -1
	latest.compatibility.strict = true
	max.retries = 3
	max.schemas.per.subject = 1000
	normalize.schemas = false
	propagate.schema.tags = false
	proxy.host = 
	proxy.port = -1
	retries.max.wait.ms = 20000
	retries.wait.ms = 1000
	rule.actions = []
	rule.executors = []
	rule.service.loader.enable = true
	schema.format = null
	schema.reflection = false
	schema.registry.basic.auth.user.info = [hidden]
	schema.registry.ssl.cipher.suites = null
	schema.registry.ssl.enabled.protocols = [TLSv1.2, TLSv1.3]
	schema.registry.ssl.endpoint.identification.algorithm = https
	schema.registry.ssl.engine.factory.class = null
	schema.registry.ssl.key.password = null
	schema.registry.ssl.keymanager.algorithm = SunX509
	schema.registry.ssl.keystore.certificate.chain = null
	schema.registry.ssl.keystore.key = null
	schema.registry.ssl.keystore.location = null
	schema.registry.ssl.keystore.password = null
	schema.registry.ssl.keystore.type = JKS
	schema.registry.ssl.protocol = TLSv1.3
	schema.registry.ssl.provider = null
	schema.registry.ssl.secure.random.implementation = null
	schema.registry.ssl.trustmanager.algorithm = PKIX
	schema.registry.ssl.truststore.certificates = null
	schema.registry.ssl.truststore.location = null
	schema.registry.ssl.truststore.password = null
	schema.registry.ssl.truststore.type = JKS
	schema.registry.url = [http://registry-app-inmemory.apps.ci414.apicurio-testing.org:80/apis/ccompat/v7]
	schema.registry.url.randomize = false
	use.latest.version = false
	use.latest.with.metadata = null
	use.schema.id = -1
	value.schema.id.deserializer = class io.confluent.kafka.serializers.schema.id.DualSchemaIdDeserializer
	value.schema.id.serializer = class io.confluent.kafka.serializers.schema.id.PrefixSchemaIdSerializer
	value.subject.name.strategy = class io.confluent.kafka.serializers.subject.TopicNameStrategy

2025-10-08 17:30:58,283 INFO  [org.apa.kaf.cli.pro.KafkaProducer] (main) [Producer clientId=Producer-topic-98ced2a8_e9b1_44d9_a9eb_e5d6b0a0beef] Instantiated an idempotent producer.
2025-10-08 17:30:58,285 INFO  [org.apa.kaf.cli.pro.ProducerConfig] (main) These configurations '[schema.registry.url, auto.register.schemas, value.subject.name.strategy]' were supplied but are not used yet.
2025-10-08 17:30:58,285 INFO  [org.apa.kaf.com.uti.AppInfoParser] (main) Kafka version: 3.9.1
2025-10-08 17:30:58,285 INFO  [org.apa.kaf.com.uti.AppInfoParser] (main) Kafka commitId: f745dfdcee2b9851
2025-10-08 17:30:58,285 INFO  [org.apa.kaf.com.uti.AppInfoParser] (main) Kafka startTimeMs: 1759944658285
2025-10-08 17:30:58,285 INFO  [io.api.tes.ser.api.SimpleSerdesTesterBuilder$SimpleSerdesTester] (main) Using producer configuration: {schema.registry.url=http://registry-app-inmemory.apps.ci414.apicurio-testing.org:80/apis/ccompat/v7, value.serializer=io.confluent.kafka.serializers.KafkaAvroSerializer, request.timeout.ms=5000, auto.register.schemas=false, acks=all, bootstrap.servers=PLAINTEXT://localhost:32769, connections.max.idle.ms=10000, key.serializer=org.apache.kafka.common.serialization.StringSerializer, value.subject.name.strategy=io.confluent.kafka.serializers.subject.TopicNameStrategy, client.id=Producer-topic-98ced2a8_e9b1_44d9_a9eb_e5d6b0a0beef}
2025-10-08 17:30:58,285 INFO  [io.api.tes.ser.api.SimpleSerdesTesterBuilder$SimpleSerdesTester] (main) Using consumer configuration: {}
2025-10-08 17:30:58,285 INFO  [io.api.tes.ser.api.KafkaSerdesTester] (ForkJoinPool.commonPool-worker-3) Sending message {"key1": "value-0"} to topic topic-98ced2a8_e9b1_44d9_a9eb_e5d6b0a0beef
2025-10-08 17:30:58,287 INFO  [org.apa.kaf.cli.Metadata] (kafka-producer-network-thread | Producer-topic-98ced2a8_e9b1_44d9_a9eb_e5d6b0a0beef) [Producer clientId=Producer-topic-98ced2a8_e9b1_44d9_a9eb_e5d6b0a0beef] Cluster ID: R7TsD1pyQX2HMwyS3tZayg
2025-10-08 17:30:58,287 INFO  [org.apa.kaf.cli.pro.int.TransactionManager] (kafka-producer-network-thread | Producer-topic-98ced2a8_e9b1_44d9_a9eb_e5d6b0a0beef) [Producer clientId=Producer-topic-98ced2a8_e9b1_44d9_a9eb_e5d6b0a0beef] ProducerId set to 50 with epoch 0
2025-10-08 17:30:58,297 INFO  [io.api.tes.ser.api.KafkaSerdesTester] (ForkJoinPool.commonPool-worker-3) Sending message {"key1": "value-1"} to topic topic-98ced2a8_e9b1_44d9_a9eb_e5d6b0a0beef
2025-10-08 17:30:58,298 INFO  [io.api.tes.ser.api.KafkaSerdesTester] (ForkJoinPool.commonPool-worker-3) Sending message {"key1": "value-2"} to topic topic-98ced2a8_e9b1_44d9_a9eb_e5d6b0a0beef
2025-10-08 17:30:58,298 INFO  [io.api.tes.ser.api.KafkaSerdesTester] (ForkJoinPool.commonPool-worker-3) Sending message {"key1": "value-3"} to topic topic-98ced2a8_e9b1_44d9_a9eb_e5d6b0a0beef
2025-10-08 17:30:58,299 INFO  [io.api.tes.ser.api.KafkaSerdesTester] (ForkJoinPool.commonPool-worker-3) Sending message {"key1": "value-4"} to topic topic-98ced2a8_e9b1_44d9_a9eb_e5d6b0a0beef
2025-10-08 17:30:58,300 INFO  [io.api.tes.ser.api.KafkaSerdesTester] (ForkJoinPool.commonPool-worker-3) Sending message {"key1": "value-5"} to topic topic-98ced2a8_e9b1_44d9_a9eb_e5d6b0a0beef
2025-10-08 17:30:58,301 INFO  [io.api.tes.ser.api.KafkaSerdesTester] (ForkJoinPool.commonPool-worker-3) Sending message {"key1": "value-6"} to topic topic-98ced2a8_e9b1_44d9_a9eb_e5d6b0a0beef
2025-10-08 17:30:58,302 INFO  [io.api.tes.ser.api.KafkaSerdesTester] (ForkJoinPool.commonPool-worker-3) Sending message {"key1": "value-7"} to topic topic-98ced2a8_e9b1_44d9_a9eb_e5d6b0a0beef
2025-10-08 17:30:58,302 INFO  [io.api.tes.ser.api.KafkaSerdesTester] (ForkJoinPool.commonPool-worker-3) Sending message {"key1": "value-8"} to topic topic-98ced2a8_e9b1_44d9_a9eb_e5d6b0a0beef
2025-10-08 17:30:58,303 INFO  [io.api.tes.ser.api.KafkaSerdesTester] (ForkJoinPool.commonPool-worker-3) Sending message {"key1": "value-9"} to topic topic-98ced2a8_e9b1_44d9_a9eb_e5d6b0a0beef
2025-10-08 17:30:58,304 INFO  [io.api.tes.ser.api.KafkaSerdesTester] (ForkJoinPool.commonPool-worker-3) Produced 10 messages
2025-10-08 17:30:58,304 INFO  [org.apa.kaf.cli.pro.KafkaProducer] (ForkJoinPool.commonPool-worker-3) [Producer clientId=Producer-topic-98ced2a8_e9b1_44d9_a9eb_e5d6b0a0beef] Closing the Kafka producer with timeoutMillis = 9223372036854775807 ms.
2025-10-08 17:30:58,305 INFO  [org.apa.kaf.com.met.Metrics] (ForkJoinPool.commonPool-worker-3) Metrics scheduler closed
2025-10-08 17:30:58,305 INFO  [org.apa.kaf.com.met.Metrics] (ForkJoinPool.commonPool-worker-3) Closing reporter org.apache.kafka.common.metrics.JmxReporter
2025-10-08 17:30:58,305 INFO  [org.apa.kaf.com.met.Metrics] (ForkJoinPool.commonPool-worker-3) Closing reporter org.apache.kafka.common.telemetry.internals.ClientTelemetryReporter
2025-10-08 17:30:58,305 INFO  [org.apa.kaf.com.met.Metrics] (ForkJoinPool.commonPool-worker-3) Metrics reporters closed
2025-10-08 17:30:58,305 INFO  [org.apa.kaf.com.uti.AppInfoParser] (ForkJoinPool.commonPool-worker-3) App info kafka.producer for Producer-topic-98ced2a8_e9b1_44d9_a9eb_e5d6b0a0beef unregistered
**** Registry Base URL: http://registry-app-inmemory.apps.ci414.apicurio-testing.org:80
2025-10-08 17:30:58,306 INFO  [org.apa.kaf.cli.con.ConsumerConfig] (main) ConsumerConfig values: 
	allow.auto.create.topics = true
	auto.commit.interval.ms = 500
	auto.include.jmx.reporter = true
	auto.offset.reset = earliest
	bootstrap.servers = [PLAINTEXT://localhost:32769]
	check.crcs = true
	client.dns.lookup = use_all_dns_ips
	client.id = consumer-Consumer-topic-98ced2a8_e9b1_44d9_a9eb_e5d6b0a0beef-37
	client.rack = 
	connections.max.idle.ms = 10000
	default.api.timeout.ms = 60000
	enable.auto.commit = true
	enable.metrics.push = true
	exclude.internal.topics = true
	fetch.max.bytes = 52428800
	fetch.max.wait.ms = 500
	fetch.min.bytes = 1
	group.id = Consumer-topic-98ced2a8_e9b1_44d9_a9eb_e5d6b0a0beef
	group.instance.id = null
	group.protocol = classic
	group.remote.assignor = null
	heartbeat.interval.ms = 3000
	interceptor.classes = []
	internal.leave.group.on.close = true
	internal.throw.on.fetch.stable.offset.unsupported = false
	isolation.level = read_uncommitted
	key.deserializer = class org.apache.kafka.common.serialization.StringDeserializer
	max.partition.fetch.bytes = 1048576
	max.poll.interval.ms = 300000
	max.poll.records = 500
	metadata.max.age.ms = 300000
	metadata.recovery.strategy = none
	metric.reporters = []
	metrics.num.samples = 2
	metrics.recording.level = INFO
	metrics.sample.window.ms = 30000
	partition.assignment.strategy = [class org.apache.kafka.clients.consumer.RangeAssignor, class org.apache.kafka.clients.consumer.CooperativeStickyAssignor]
	receive.buffer.bytes = 65536
	reconnect.backoff.max.ms = 1000
	reconnect.backoff.ms = 50
	request.timeout.ms = 5000
	retry.backoff.max.ms = 1000
	retry.backoff.ms = 100
	sasl.client.callback.handler.class = null
	sasl.jaas.config = null
	sasl.kerberos.kinit.cmd = /usr/bin/kinit
	sasl.kerberos.min.time.before.relogin = 60000
	sasl.kerberos.service.name = null
	sasl.kerberos.ticket.renew.jitter = 0.05
	sasl.kerberos.ticket.renew.window.factor = 0.8
	sasl.login.callback.handler.class = null
	sasl.login.class = null
	sasl.login.connect.timeout.ms = null
	sasl.login.read.timeout.ms = null
	sasl.login.refresh.buffer.seconds = 300
	sasl.login.refresh.min.period.seconds = 60
	sasl.login.refresh.window.factor = 0.8
	sasl.login.refresh.window.jitter = 0.05
	sasl.login.retry.backoff.max.ms = 10000
	sasl.login.retry.backoff.ms = 100
	sasl.mechanism = GSSAPI
	sasl.oauthbearer.clock.skew.seconds = 30
	sasl.oauthbearer.expected.audience = null
	sasl.oauthbearer.expected.issuer = null
	sasl.oauthbearer.header.urlencode = false
	sasl.oauthbearer.jwks.endpoint.refresh.ms = 3600000
	sasl.oauthbearer.jwks.endpoint.retry.backoff.max.ms = 10000
	sasl.oauthbearer.jwks.endpoint.retry.backoff.ms = 100
	sasl.oauthbearer.jwks.endpoint.url = null
	sasl.oauthbearer.scope.claim.name = scope
	sasl.oauthbearer.sub.claim.name = sub
	sasl.oauthbearer.token.endpoint.url = null
	security.protocol = PLAINTEXT
	security.providers = null
	send.buffer.bytes = 131072
	session.timeout.ms = 45000
	socket.connection.setup.timeout.max.ms = 30000
	socket.connection.setup.timeout.ms = 10000
	ssl.cipher.suites = null
	ssl.enabled.protocols = [TLSv1.2, TLSv1.3]
	ssl.endpoint.identification.algorithm = https
	ssl.engine.factory.class = null
	ssl.key.password = null
	ssl.keymanager.algorithm = SunX509
	ssl.keystore.certificate.chain = null
	ssl.keystore.key = null
	ssl.keystore.location = null
	ssl.keystore.password = null
	ssl.keystore.type = JKS
	ssl.protocol = TLSv1.3
	ssl.provider = null
	ssl.secure.random.implementation = null
	ssl.trustmanager.algorithm = PKIX
	ssl.truststore.certificates = null
	ssl.truststore.location = null
	ssl.truststore.password = null
	ssl.truststore.type = JKS
	value.deserializer = class io.confluent.kafka.serializers.KafkaAvroDeserializer

2025-10-08 17:30:58,306 INFO  [org.apa.kaf.com.tel.int.KafkaMetricsCollector] (main) initializing Kafka metrics collector
2025-10-08 17:30:58,306 INFO  [io.con.kaf.ser.KafkaAvroDeserializerConfig] (main) KafkaAvroDeserializerConfig values: 
	auto.register.schemas = true
	avro.reflection.allow.null = false
	avro.use.logical.type.converters = false
	basic.auth.credentials.source = URL
	basic.auth.user.info = [hidden]
	bearer.auth.cache.expiry.buffer.seconds = 300
	bearer.auth.client.id = null
	bearer.auth.client.secret = null
	bearer.auth.credentials.source = STATIC_TOKEN
	bearer.auth.custom.provider.class = null
	bearer.auth.identity.pool.id = null
	bearer.auth.issuer.endpoint.url = null
	bearer.auth.logical.cluster = null
	bearer.auth.scope = null
	bearer.auth.scope.claim.name = scope
	bearer.auth.sub.claim.name = sub
	bearer.auth.token = [hidden]
	context.name.strategy = class io.confluent.kafka.serializers.context.NullContextNameStrategy
	http.connect.timeout.ms = 60000
	http.read.timeout.ms = 60000
	id.compatibility.strict = true
	key.schema.id.deserializer = class io.confluent.kafka.serializers.schema.id.DualSchemaIdDeserializer
	key.schema.id.serializer = class io.confluent.kafka.serializers.schema.id.PrefixSchemaIdSerializer
	key.subject.name.strategy = class io.confluent.kafka.serializers.subject.TopicNameStrategy
	latest.cache.size = 1000
	latest.cache.ttl.sec = -1
	latest.compatibility.strict = true
	max.retries = 3
	max.schemas.per.subject = 1000
	normalize.schemas = false
	propagate.schema.tags = false
	proxy.host = 
	proxy.port = -1
	retries.max.wait.ms = 20000
	retries.wait.ms = 1000
	rule.actions = []
	rule.executors = []
	rule.service.loader.enable = true
	schema.format = null
	schema.reflection = false
	schema.registry.basic.auth.user.info = [hidden]
	schema.registry.ssl.cipher.suites = null
	schema.registry.ssl.enabled.protocols = [TLSv1.2, TLSv1.3]
	schema.registry.ssl.endpoint.identification.algorithm = https
	schema.registry.ssl.engine.factory.class = null
	schema.registry.ssl.key.password = null
	schema.registry.ssl.keymanager.algorithm = SunX509
	schema.registry.ssl.keystore.certificate.chain = null
	schema.registry.ssl.keystore.key = null
	schema.registry.ssl.keystore.location = null
	schema.registry.ssl.keystore.password = null
	schema.registry.ssl.keystore.type = JKS
	schema.registry.ssl.protocol = TLSv1.3
	schema.registry.ssl.provider = null
	schema.registry.ssl.secure.random.implementation = null
	schema.registry.ssl.trustmanager.algorithm = PKIX
	schema.registry.ssl.truststore.certificates = null
	schema.registry.ssl.truststore.location = null
	schema.registry.ssl.truststore.password = null
	schema.registry.ssl.truststore.type = JKS
	schema.registry.url = [http://registry-app-inmemory.apps.ci414.apicurio-testing.org:80/apis/ccompat/v7]
	schema.registry.url.randomize = false
	specific.avro.key.type = null
	specific.avro.reader = false
	specific.avro.value.type = null
	use.latest.version = false
	use.latest.with.metadata = null
	use.schema.id = -1
	value.schema.id.deserializer = class io.confluent.kafka.serializers.schema.id.DualSchemaIdDeserializer
	value.schema.id.serializer = class io.confluent.kafka.serializers.schema.id.PrefixSchemaIdSerializer
	value.subject.name.strategy = class io.confluent.kafka.serializers.subject.TopicNameStrategy

2025-10-08 17:30:58,308 INFO  [org.apa.kaf.cli.con.ConsumerConfig] (main) These configurations '[schema.registry.url]' were supplied but are not used yet.
2025-10-08 17:30:58,309 INFO  [org.apa.kaf.com.uti.AppInfoParser] (main) Kafka version: 3.9.1
2025-10-08 17:30:58,309 INFO  [org.apa.kaf.com.uti.AppInfoParser] (main) Kafka commitId: f745dfdcee2b9851
2025-10-08 17:30:58,309 INFO  [org.apa.kaf.com.uti.AppInfoParser] (main) Kafka startTimeMs: 1759944658309
2025-10-08 17:30:58,309 INFO  [org.apa.kaf.cli.con.int.ClassicKafkaConsumer] (ForkJoinPool.commonPool-worker-3) [Consumer clientId=consumer-Consumer-topic-98ced2a8_e9b1_44d9_a9eb_e5d6b0a0beef-37, groupId=Consumer-topic-98ced2a8_e9b1_44d9_a9eb_e5d6b0a0beef] Subscribed to topic(s): topic-98ced2a8_e9b1_44d9_a9eb_e5d6b0a0beef
2025-10-08 17:30:58,311 INFO  [org.apa.kaf.cli.Metadata] (ForkJoinPool.commonPool-worker-3) [Consumer clientId=consumer-Consumer-topic-98ced2a8_e9b1_44d9_a9eb_e5d6b0a0beef-37, groupId=Consumer-topic-98ced2a8_e9b1_44d9_a9eb_e5d6b0a0beef] Cluster ID: R7TsD1pyQX2HMwyS3tZayg
2025-10-08 17:30:58,311 INFO  [org.apa.kaf.cli.con.int.ConsumerCoordinator] (ForkJoinPool.commonPool-worker-3) [Consumer clientId=consumer-Consumer-topic-98ced2a8_e9b1_44d9_a9eb_e5d6b0a0beef-37, groupId=Consumer-topic-98ced2a8_e9b1_44d9_a9eb_e5d6b0a0beef] Discovered group coordinator localhost:32769 (id: 2147483647 rack: null)
2025-10-08 17:30:58,312 INFO  [org.apa.kaf.cli.con.int.ConsumerCoordinator] (ForkJoinPool.commonPool-worker-3) [Consumer clientId=consumer-Consumer-topic-98ced2a8_e9b1_44d9_a9eb_e5d6b0a0beef-37, groupId=Consumer-topic-98ced2a8_e9b1_44d9_a9eb_e5d6b0a0beef] (Re-)joining group
2025-10-08 17:30:58,313 INFO  [org.apa.kaf.cli.con.int.ConsumerCoordinator] (ForkJoinPool.commonPool-worker-3) [Consumer clientId=consumer-Consumer-topic-98ced2a8_e9b1_44d9_a9eb_e5d6b0a0beef-37, groupId=Consumer-topic-98ced2a8_e9b1_44d9_a9eb_e5d6b0a0beef] Request joining group due to: need to re-join with the given member-id: consumer-Consumer-topic-98ced2a8_e9b1_44d9_a9eb_e5d6b0a0beef-37-5651b9a1-1b97-4a87-84d4-3544542f636a
2025-10-08 17:30:58,313 INFO  [org.apa.kaf.cli.con.int.ConsumerCoordinator] (ForkJoinPool.commonPool-worker-3) [Consumer clientId=consumer-Consumer-topic-98ced2a8_e9b1_44d9_a9eb_e5d6b0a0beef-37, groupId=Consumer-topic-98ced2a8_e9b1_44d9_a9eb_e5d6b0a0beef] (Re-)joining group
2025-10-08 17:30:59,309 INFO  [io.api.tes.ser.api.KafkaSerdesTester] (ForkJoinPool.commonPool-worker-3) None found
2025-10-08 17:31:00,310 INFO  [io.api.tes.ser.api.KafkaSerdesTester] (ForkJoinPool.commonPool-worker-3) None found
2025-10-08 17:31:01,310 INFO  [io.api.tes.ser.api.KafkaSerdesTester] (ForkJoinPool.commonPool-worker-3) None found
2025-10-08 17:31:01,314 INFO  [org.apa.kaf.cli.con.int.ConsumerCoordinator] (ForkJoinPool.commonPool-worker-3) [Consumer clientId=consumer-Consumer-topic-98ced2a8_e9b1_44d9_a9eb_e5d6b0a0beef-37, groupId=Consumer-topic-98ced2a8_e9b1_44d9_a9eb_e5d6b0a0beef] Successfully joined group with generation Generation{generationId=1, memberId='consumer-Consumer-topic-98ced2a8_e9b1_44d9_a9eb_e5d6b0a0beef-37-5651b9a1-1b97-4a87-84d4-3544542f636a', protocol='range'}
2025-10-08 17:31:01,314 INFO  [org.apa.kaf.cli.con.int.ConsumerCoordinator] (ForkJoinPool.commonPool-worker-3) [Consumer clientId=consumer-Consumer-topic-98ced2a8_e9b1_44d9_a9eb_e5d6b0a0beef-37, groupId=Consumer-topic-98ced2a8_e9b1_44d9_a9eb_e5d6b0a0beef] Finished assignment for group at generation 1: {consumer-Consumer-topic-98ced2a8_e9b1_44d9_a9eb_e5d6b0a0beef-37-5651b9a1-1b97-4a87-84d4-3544542f636a=Assignment(partitions=[topic-98ced2a8_e9b1_44d9_a9eb_e5d6b0a0beef-0])}
2025-10-08 17:31:01,321 INFO  [org.apa.kaf.cli.con.int.ConsumerCoordinator] (ForkJoinPool.commonPool-worker-3) [Consumer clientId=consumer-Consumer-topic-98ced2a8_e9b1_44d9_a9eb_e5d6b0a0beef-37, groupId=Consumer-topic-98ced2a8_e9b1_44d9_a9eb_e5d6b0a0beef] Successfully synced group in generation Generation{generationId=1, memberId='consumer-Consumer-topic-98ced2a8_e9b1_44d9_a9eb_e5d6b0a0beef-37-5651b9a1-1b97-4a87-84d4-3544542f636a', protocol='range'}
2025-10-08 17:31:01,321 INFO  [org.apa.kaf.cli.con.int.ConsumerCoordinator] (ForkJoinPool.commonPool-worker-3) [Consumer clientId=consumer-Consumer-topic-98ced2a8_e9b1_44d9_a9eb_e5d6b0a0beef-37, groupId=Consumer-topic-98ced2a8_e9b1_44d9_a9eb_e5d6b0a0beef] Notifying assignor about the new Assignment(partitions=[topic-98ced2a8_e9b1_44d9_a9eb_e5d6b0a0beef-0])
2025-10-08 17:31:01,321 INFO  [org.apa.kaf.cli.con.int.ConsumerRebalanceListenerInvoker] (ForkJoinPool.commonPool-worker-3) [Consumer clientId=consumer-Consumer-topic-98ced2a8_e9b1_44d9_a9eb_e5d6b0a0beef-37, groupId=Consumer-topic-98ced2a8_e9b1_44d9_a9eb_e5d6b0a0beef] Adding newly assigned partitions: topic-98ced2a8_e9b1_44d9_a9eb_e5d6b0a0beef-0
2025-10-08 17:31:01,321 INFO  [org.apa.kaf.cli.con.int.ConsumerCoordinator] (ForkJoinPool.commonPool-worker-3) [Consumer clientId=consumer-Consumer-topic-98ced2a8_e9b1_44d9_a9eb_e5d6b0a0beef-37, groupId=Consumer-topic-98ced2a8_e9b1_44d9_a9eb_e5d6b0a0beef] Found no committed offset for partition topic-98ced2a8_e9b1_44d9_a9eb_e5d6b0a0beef-0
2025-10-08 17:31:01,323 INFO  [org.apa.kaf.cli.con.int.SubscriptionState] (ForkJoinPool.commonPool-worker-3) [Consumer clientId=consumer-Consumer-topic-98ced2a8_e9b1_44d9_a9eb_e5d6b0a0beef-37, groupId=Consumer-topic-98ced2a8_e9b1_44d9_a9eb_e5d6b0a0beef] Resetting offset for partition topic-98ced2a8_e9b1_44d9_a9eb_e5d6b0a0beef-0 to position FetchPosition{offset=0, offsetEpoch=Optional.empty, currentLeader=LeaderAndEpoch{leader=Optional[localhost:32769 (id: 0 rack: null)], epoch=0}}.
2025-10-08 17:31:01,333 INFO  [io.api.tes.ser.api.KafkaSerdesTester] (ForkJoinPool.commonPool-worker-3) topic-98ced2a8_e9b1_44d9_a9eb_e5d6b0a0beef 0 0 {"key1": "value-0"}
2025-10-08 17:31:01,334 INFO  [io.api.tes.ser.api.KafkaSerdesTester] (ForkJoinPool.commonPool-worker-3) topic-98ced2a8_e9b1_44d9_a9eb_e5d6b0a0beef 0 1 {"key1": "value-1"}
2025-10-08 17:31:01,334 INFO  [io.api.tes.ser.api.KafkaSerdesTester] (ForkJoinPool.commonPool-worker-3) topic-98ced2a8_e9b1_44d9_a9eb_e5d6b0a0beef 0 2 {"key1": "value-2"}
2025-10-08 17:31:01,334 INFO  [io.api.tes.ser.api.KafkaSerdesTester] (ForkJoinPool.commonPool-worker-3) topic-98ced2a8_e9b1_44d9_a9eb_e5d6b0a0beef 0 3 {"key1": "value-3"}
2025-10-08 17:31:01,334 INFO  [io.api.tes.ser.api.KafkaSerdesTester] (ForkJoinPool.commonPool-worker-3) topic-98ced2a8_e9b1_44d9_a9eb_e5d6b0a0beef 0 4 {"key1": "value-4"}
2025-10-08 17:31:01,334 INFO  [io.api.tes.ser.api.KafkaSerdesTester] (ForkJoinPool.commonPool-worker-3) topic-98ced2a8_e9b1_44d9_a9eb_e5d6b0a0beef 0 5 {"key1": "value-5"}
2025-10-08 17:31:01,334 INFO  [io.api.tes.ser.api.KafkaSerdesTester] (ForkJoinPool.commonPool-worker-3) topic-98ced2a8_e9b1_44d9_a9eb_e5d6b0a0beef 0 6 {"key1": "value-6"}
2025-10-08 17:31:01,334 INFO  [io.api.tes.ser.api.KafkaSerdesTester] (ForkJoinPool.commonPool-worker-3) topic-98ced2a8_e9b1_44d9_a9eb_e5d6b0a0beef 0 7 {"key1": "value-7"}
2025-10-08 17:31:01,334 INFO  [io.api.tes.ser.api.KafkaSerdesTester] (ForkJoinPool.commonPool-worker-3) topic-98ced2a8_e9b1_44d9_a9eb_e5d6b0a0beef 0 8 {"key1": "value-8"}
2025-10-08 17:31:01,334 INFO  [io.api.tes.ser.api.KafkaSerdesTester] (ForkJoinPool.commonPool-worker-3) topic-98ced2a8_e9b1_44d9_a9eb_e5d6b0a0beef 0 9 {"key1": "value-9"}
2025-10-08 17:31:01,334 INFO  [io.api.tes.ser.api.KafkaSerdesTester] (ForkJoinPool.commonPool-worker-3) Consumed 10 messages
2025-10-08 17:31:01,340 INFO  [org.apa.kaf.cli.con.int.ConsumerRebalanceListenerInvoker] (ForkJoinPool.commonPool-worker-3) [Consumer clientId=consumer-Consumer-topic-98ced2a8_e9b1_44d9_a9eb_e5d6b0a0beef-37, groupId=Consumer-topic-98ced2a8_e9b1_44d9_a9eb_e5d6b0a0beef] Revoke previously assigned partitions topic-98ced2a8_e9b1_44d9_a9eb_e5d6b0a0beef-0
2025-10-08 17:31:01,340 INFO  [org.apa.kaf.cli.con.int.ConsumerCoordinator] (ForkJoinPool.commonPool-worker-3) [Consumer clientId=consumer-Consumer-topic-98ced2a8_e9b1_44d9_a9eb_e5d6b0a0beef-37, groupId=Consumer-topic-98ced2a8_e9b1_44d9_a9eb_e5d6b0a0beef] Member consumer-Consumer-topic-98ced2a8_e9b1_44d9_a9eb_e5d6b0a0beef-37-5651b9a1-1b97-4a87-84d4-3544542f636a sending LeaveGroup request to coordinator localhost:32769 (id: 2147483647 rack: null) due to the consumer is being closed
2025-10-08 17:31:01,340 INFO  [org.apa.kaf.cli.con.int.ConsumerCoordinator] (ForkJoinPool.commonPool-worker-3) [Consumer clientId=consumer-Consumer-topic-98ced2a8_e9b1_44d9_a9eb_e5d6b0a0beef-37, groupId=Consumer-topic-98ced2a8_e9b1_44d9_a9eb_e5d6b0a0beef] Resetting generation and member id due to: consumer pro-actively leaving the group
2025-10-08 17:31:01,340 INFO  [org.apa.kaf.cli.con.int.ConsumerCoordinator] (ForkJoinPool.commonPool-worker-3) [Consumer clientId=consumer-Consumer-topic-98ced2a8_e9b1_44d9_a9eb_e5d6b0a0beef-37, groupId=Consumer-topic-98ced2a8_e9b1_44d9_a9eb_e5d6b0a0beef] Request joining group due to: consumer pro-actively leaving the group
2025-10-08 17:31:01,835 INFO  [org.apa.kaf.com.met.Metrics] (ForkJoinPool.commonPool-worker-3) Metrics scheduler closed
2025-10-08 17:31:01,835 INFO  [org.apa.kaf.com.met.Metrics] (ForkJoinPool.commonPool-worker-3) Closing reporter org.apache.kafka.common.metrics.JmxReporter
2025-10-08 17:31:01,835 INFO  [org.apa.kaf.com.met.Metrics] (ForkJoinPool.commonPool-worker-3) Closing reporter org.apache.kafka.common.telemetry.internals.ClientTelemetryReporter
2025-10-08 17:31:01,835 INFO  [org.apa.kaf.com.met.Metrics] (ForkJoinPool.commonPool-worker-3) Metrics reporters closed
2025-10-08 17:31:01,836 INFO  [org.apa.kaf.com.uti.AppInfoParser] (ForkJoinPool.commonPool-worker-3) App info kafka.consumer for consumer-Consumer-topic-98ced2a8_e9b1_44d9_a9eb_e5d6b0a0beef-37 unregistered
2025-10-08 17:31:01,854 INFO  [io.api.tes.ser.con.BasicConfluentSerDesIT] (main) Deleting confluent schema topic-98ced2a8_e9b1_44d9_a9eb_e5d6b0a0beef-value
2025-10-08 17:31:01,868 INFO  [io.api.tes.uti.TestSeparator] (main) io.apicurio.tests.serdes.confluent.BasicConfluentSerDesIT.testAvroConfluentSerDes-FINISHED
2025-10-08 17:31:01,868 INFO  [io.api.tes.uti.TestSeparator] (main) ############################################################################
Test passed: testAvroConfluentSerDes
]]></system-out>
  </testcase>
  <testcase name="testAvroConfluentForMultipleTopics" classname="io.apicurio.tests.serdes.confluent.BasicConfluentSerDesIT" time="10.892">
    <system-out><![CDATA[2025-10-08 17:31:01,869 INFO  [io.api.tes.uti.TestSeparator] (main) ############################################################################
2025-10-08 17:31:01,869 INFO  [io.api.tes.uti.TestSeparator] (main) io.apicurio.tests.serdes.confluent.BasicConfluentSerDesIT.testAvroConfluentForMultipleTopics-STARTED
2025-10-08 17:31:01,892 INFO  [io.api.tes.ser.con.BasicConfluentSerDesIT] (main) Checking that created schema is equal to the get schema
2025-10-08 17:31:01,900 INFO  [io.api.tes.ser.con.BasicConfluentSerDesIT] (main) Created schema with id:112 and name:myrecordconfluent6
**** Registry Base URL: http://registry-app-inmemory.apps.ci414.apicurio-testing.org:80
2025-10-08 17:31:01,900 INFO  [org.apa.kaf.cli.pro.ProducerConfig] (main) ProducerConfig values: 
	acks = -1
	auto.include.jmx.reporter = true
	batch.size = 16384
	bootstrap.servers = [PLAINTEXT://localhost:32769]
	buffer.memory = 33554432
	client.dns.lookup = use_all_dns_ips
	client.id = Producer-topic-2ef42bcc_cf17_418c_a909_dd5aa569d8b1
	compression.gzip.level = -1
	compression.lz4.level = 9
	compression.type = none
	compression.zstd.level = 3
	connections.max.idle.ms = 10000
	delivery.timeout.ms = 120000
	enable.idempotence = true
	enable.metrics.push = true
	interceptor.classes = []
	key.serializer = class org.apache.kafka.common.serialization.StringSerializer
	linger.ms = 0
	max.block.ms = 60000
	max.in.flight.requests.per.connection = 5
	max.request.size = 1048576
	metadata.max.age.ms = 300000
	metadata.max.idle.ms = 300000
	metadata.recovery.strategy = none
	metric.reporters = []
	metrics.num.samples = 2
	metrics.recording.level = INFO
	metrics.sample.window.ms = 30000
	partitioner.adaptive.partitioning.enable = true
	partitioner.availability.timeout.ms = 0
	partitioner.class = null
	partitioner.ignore.keys = false
	receive.buffer.bytes = 32768
	reconnect.backoff.max.ms = 1000
	reconnect.backoff.ms = 50
	request.timeout.ms = 5000
	retries = 2147483647
	retry.backoff.max.ms = 1000
	retry.backoff.ms = 100
	sasl.client.callback.handler.class = null
	sasl.jaas.config = null
	sasl.kerberos.kinit.cmd = /usr/bin/kinit
	sasl.kerberos.min.time.before.relogin = 60000
	sasl.kerberos.service.name = null
	sasl.kerberos.ticket.renew.jitter = 0.05
	sasl.kerberos.ticket.renew.window.factor = 0.8
	sasl.login.callback.handler.class = null
	sasl.login.class = null
	sasl.login.connect.timeout.ms = null
	sasl.login.read.timeout.ms = null
	sasl.login.refresh.buffer.seconds = 300
	sasl.login.refresh.min.period.seconds = 60
	sasl.login.refresh.window.factor = 0.8
	sasl.login.refresh.window.jitter = 0.05
	sasl.login.retry.backoff.max.ms = 10000
	sasl.login.retry.backoff.ms = 100
	sasl.mechanism = GSSAPI
	sasl.oauthbearer.clock.skew.seconds = 30
	sasl.oauthbearer.expected.audience = null
	sasl.oauthbearer.expected.issuer = null
	sasl.oauthbearer.header.urlencode = false
	sasl.oauthbearer.jwks.endpoint.refresh.ms = 3600000
	sasl.oauthbearer.jwks.endpoint.retry.backoff.max.ms = 10000
	sasl.oauthbearer.jwks.endpoint.retry.backoff.ms = 100
	sasl.oauthbearer.jwks.endpoint.url = null
	sasl.oauthbearer.scope.claim.name = scope
	sasl.oauthbearer.sub.claim.name = sub
	sasl.oauthbearer.token.endpoint.url = null
	security.protocol = PLAINTEXT
	security.providers = null
	send.buffer.bytes = 131072
	socket.connection.setup.timeout.max.ms = 30000
	socket.connection.setup.timeout.ms = 10000
	ssl.cipher.suites = null
	ssl.enabled.protocols = [TLSv1.2, TLSv1.3]
	ssl.endpoint.identification.algorithm = https
	ssl.engine.factory.class = null
	ssl.key.password = null
	ssl.keymanager.algorithm = SunX509
	ssl.keystore.certificate.chain = null
	ssl.keystore.key = null
	ssl.keystore.location = null
	ssl.keystore.password = null
	ssl.keystore.type = JKS
	ssl.protocol = TLSv1.3
	ssl.provider = null
	ssl.secure.random.implementation = null
	ssl.trustmanager.algorithm = PKIX
	ssl.truststore.certificates = null
	ssl.truststore.location = null
	ssl.truststore.password = null
	ssl.truststore.type = JKS
	transaction.timeout.ms = 60000
	transactional.id = null
	value.serializer = class io.apicurio.registry.serde.avro.AvroKafkaSerializer

2025-10-08 17:31:01,900 INFO  [org.apa.kaf.com.tel.int.KafkaMetricsCollector] (main) initializing Kafka metrics collector
2025-10-08 17:31:01,903 INFO  [org.apa.kaf.cli.pro.KafkaProducer] (main) [Producer clientId=Producer-topic-2ef42bcc_cf17_418c_a909_dd5aa569d8b1] Instantiated an idempotent producer.
2025-10-08 17:31:01,904 INFO  [org.apa.kaf.cli.pro.ProducerConfig] (main) These configurations '[apicurio.registry.url, apicurio.registry.artifact-resolver-strategy]' were supplied but are not used yet.
2025-10-08 17:31:01,904 INFO  [org.apa.kaf.com.uti.AppInfoParser] (main) Kafka version: 3.9.1
2025-10-08 17:31:01,904 INFO  [org.apa.kaf.com.uti.AppInfoParser] (main) Kafka commitId: f745dfdcee2b9851
2025-10-08 17:31:01,904 INFO  [org.apa.kaf.com.uti.AppInfoParser] (main) Kafka startTimeMs: 1759944661904
**** Registry Base URL: http://registry-app-inmemory.apps.ci414.apicurio-testing.org:80
2025-10-08 17:31:01,904 INFO  [org.apa.kaf.cli.pro.ProducerConfig] (main) ProducerConfig values: 
	acks = -1
	auto.include.jmx.reporter = true
	batch.size = 16384
	bootstrap.servers = [PLAINTEXT://localhost:32769]
	buffer.memory = 33554432
	client.dns.lookup = use_all_dns_ips
	client.id = Producer-topic-bcf60394_8fbf_40fb_9706_085c69a607e2
	compression.gzip.level = -1
	compression.lz4.level = 9
	compression.type = none
	compression.zstd.level = 3
	connections.max.idle.ms = 10000
	delivery.timeout.ms = 120000
	enable.idempotence = true
	enable.metrics.push = true
	interceptor.classes = []
	key.serializer = class org.apache.kafka.common.serialization.StringSerializer
	linger.ms = 0
	max.block.ms = 60000
	max.in.flight.requests.per.connection = 5
	max.request.size = 1048576
	metadata.max.age.ms = 300000
	metadata.max.idle.ms = 300000
	metadata.recovery.strategy = none
	metric.reporters = []
	metrics.num.samples = 2
	metrics.recording.level = INFO
	metrics.sample.window.ms = 30000
	partitioner.adaptive.partitioning.enable = true
	partitioner.availability.timeout.ms = 0
	partitioner.class = null
	partitioner.ignore.keys = false
	receive.buffer.bytes = 32768
	reconnect.backoff.max.ms = 1000
	reconnect.backoff.ms = 50
	request.timeout.ms = 5000
	retries = 2147483647
	retry.backoff.max.ms = 1000
	retry.backoff.ms = 100
	sasl.client.callback.handler.class = null
	sasl.jaas.config = null
	sasl.kerberos.kinit.cmd = /usr/bin/kinit
	sasl.kerberos.min.time.before.relogin = 60000
	sasl.kerberos.service.name = null
	sasl.kerberos.ticket.renew.jitter = 0.05
	sasl.kerberos.ticket.renew.window.factor = 0.8
	sasl.login.callback.handler.class = null
	sasl.login.class = null
	sasl.login.connect.timeout.ms = null
	sasl.login.read.timeout.ms = null
	sasl.login.refresh.buffer.seconds = 300
	sasl.login.refresh.min.period.seconds = 60
	sasl.login.refresh.window.factor = 0.8
	sasl.login.refresh.window.jitter = 0.05
	sasl.login.retry.backoff.max.ms = 10000
	sasl.login.retry.backoff.ms = 100
	sasl.mechanism = GSSAPI
	sasl.oauthbearer.clock.skew.seconds = 30
	sasl.oauthbearer.expected.audience = null
	sasl.oauthbearer.expected.issuer = null
	sasl.oauthbearer.header.urlencode = false
	sasl.oauthbearer.jwks.endpoint.refresh.ms = 3600000
	sasl.oauthbearer.jwks.endpoint.retry.backoff.max.ms = 10000
	sasl.oauthbearer.jwks.endpoint.retry.backoff.ms = 100
	sasl.oauthbearer.jwks.endpoint.url = null
	sasl.oauthbearer.scope.claim.name = scope
	sasl.oauthbearer.sub.claim.name = sub
	sasl.oauthbearer.token.endpoint.url = null
	security.protocol = PLAINTEXT
	security.providers = null
	send.buffer.bytes = 131072
	socket.connection.setup.timeout.max.ms = 30000
	socket.connection.setup.timeout.ms = 10000
	ssl.cipher.suites = null
	ssl.enabled.protocols = [TLSv1.2, TLSv1.3]
	ssl.endpoint.identification.algorithm = https
	ssl.engine.factory.class = null
	ssl.key.password = null
	ssl.keymanager.algorithm = SunX509
	ssl.keystore.certificate.chain = null
	ssl.keystore.key = null
	ssl.keystore.location = null
	ssl.keystore.password = null
	ssl.keystore.type = JKS
	ssl.protocol = TLSv1.3
	ssl.provider = null
	ssl.secure.random.implementation = null
	ssl.trustmanager.algorithm = PKIX
	ssl.truststore.certificates = null
	ssl.truststore.location = null
	ssl.truststore.password = null
	ssl.truststore.type = JKS
	transaction.timeout.ms = 60000
	transactional.id = null
	value.serializer = class io.apicurio.registry.serde.avro.AvroKafkaSerializer

2025-10-08 17:31:01,905 INFO  [org.apa.kaf.com.tel.int.KafkaMetricsCollector] (main) initializing Kafka metrics collector
2025-10-08 17:31:01,906 INFO  [org.apa.kaf.cli.Metadata] (kafka-producer-network-thread | Producer-topic-2ef42bcc_cf17_418c_a909_dd5aa569d8b1) [Producer clientId=Producer-topic-2ef42bcc_cf17_418c_a909_dd5aa569d8b1] Cluster ID: R7TsD1pyQX2HMwyS3tZayg
2025-10-08 17:31:01,906 INFO  [org.apa.kaf.cli.pro.int.TransactionManager] (kafka-producer-network-thread | Producer-topic-2ef42bcc_cf17_418c_a909_dd5aa569d8b1) [Producer clientId=Producer-topic-2ef42bcc_cf17_418c_a909_dd5aa569d8b1] ProducerId set to 51 with epoch 0
2025-10-08 17:31:01,906 INFO  [org.apa.kaf.cli.pro.KafkaProducer] (main) [Producer clientId=Producer-topic-bcf60394_8fbf_40fb_9706_085c69a607e2] Instantiated an idempotent producer.
2025-10-08 17:31:01,907 INFO  [org.apa.kaf.cli.pro.ProducerConfig] (main) These configurations '[apicurio.registry.url, apicurio.registry.artifact-resolver-strategy]' were supplied but are not used yet.
2025-10-08 17:31:01,907 INFO  [org.apa.kaf.com.uti.AppInfoParser] (main) Kafka version: 3.9.1
2025-10-08 17:31:01,907 INFO  [org.apa.kaf.com.uti.AppInfoParser] (main) Kafka commitId: f745dfdcee2b9851
2025-10-08 17:31:01,907 INFO  [org.apa.kaf.com.uti.AppInfoParser] (main) Kafka startTimeMs: 1759944661907
**** Registry Base URL: http://registry-app-inmemory.apps.ci414.apicurio-testing.org:80
2025-10-08 17:31:01,907 INFO  [org.apa.kaf.cli.pro.ProducerConfig] (main) ProducerConfig values: 
	acks = -1
	auto.include.jmx.reporter = true
	batch.size = 16384
	bootstrap.servers = [PLAINTEXT://localhost:32769]
	buffer.memory = 33554432
	client.dns.lookup = use_all_dns_ips
	client.id = Producer-topic-e3477354_dce2_4324_9cbb_c059a84e4196
	compression.gzip.level = -1
	compression.lz4.level = 9
	compression.type = none
	compression.zstd.level = 3
	connections.max.idle.ms = 10000
	delivery.timeout.ms = 120000
	enable.idempotence = true
	enable.metrics.push = true
	interceptor.classes = []
	key.serializer = class org.apache.kafka.common.serialization.StringSerializer
	linger.ms = 0
	max.block.ms = 60000
	max.in.flight.requests.per.connection = 5
	max.request.size = 1048576
	metadata.max.age.ms = 300000
	metadata.max.idle.ms = 300000
	metadata.recovery.strategy = none
	metric.reporters = []
	metrics.num.samples = 2
	metrics.recording.level = INFO
	metrics.sample.window.ms = 30000
	partitioner.adaptive.partitioning.enable = true
	partitioner.availability.timeout.ms = 0
	partitioner.class = null
	partitioner.ignore.keys = false
	receive.buffer.bytes = 32768
	reconnect.backoff.max.ms = 1000
	reconnect.backoff.ms = 50
	request.timeout.ms = 5000
	retries = 2147483647
	retry.backoff.max.ms = 1000
	retry.backoff.ms = 100
	sasl.client.callback.handler.class = null
	sasl.jaas.config = null
	sasl.kerberos.kinit.cmd = /usr/bin/kinit
	sasl.kerberos.min.time.before.relogin = 60000
	sasl.kerberos.service.name = null
	sasl.kerberos.ticket.renew.jitter = 0.05
	sasl.kerberos.ticket.renew.window.factor = 0.8
	sasl.login.callback.handler.class = null
	sasl.login.class = null
	sasl.login.connect.timeout.ms = null
	sasl.login.read.timeout.ms = null
	sasl.login.refresh.buffer.seconds = 300
	sasl.login.refresh.min.period.seconds = 60
	sasl.login.refresh.window.factor = 0.8
	sasl.login.refresh.window.jitter = 0.05
	sasl.login.retry.backoff.max.ms = 10000
	sasl.login.retry.backoff.ms = 100
	sasl.mechanism = GSSAPI
	sasl.oauthbearer.clock.skew.seconds = 30
	sasl.oauthbearer.expected.audience = null
	sasl.oauthbearer.expected.issuer = null
	sasl.oauthbearer.header.urlencode = false
	sasl.oauthbearer.jwks.endpoint.refresh.ms = 3600000
	sasl.oauthbearer.jwks.endpoint.retry.backoff.max.ms = 10000
	sasl.oauthbearer.jwks.endpoint.retry.backoff.ms = 100
	sasl.oauthbearer.jwks.endpoint.url = null
	sasl.oauthbearer.scope.claim.name = scope
	sasl.oauthbearer.sub.claim.name = sub
	sasl.oauthbearer.token.endpoint.url = null
	security.protocol = PLAINTEXT
	security.providers = null
	send.buffer.bytes = 131072
	socket.connection.setup.timeout.max.ms = 30000
	socket.connection.setup.timeout.ms = 10000
	ssl.cipher.suites = null
	ssl.enabled.protocols = [TLSv1.2, TLSv1.3]
	ssl.endpoint.identification.algorithm = https
	ssl.engine.factory.class = null
	ssl.key.password = null
	ssl.keymanager.algorithm = SunX509
	ssl.keystore.certificate.chain = null
	ssl.keystore.key = null
	ssl.keystore.location = null
	ssl.keystore.password = null
	ssl.keystore.type = JKS
	ssl.protocol = TLSv1.3
	ssl.provider = null
	ssl.secure.random.implementation = null
	ssl.trustmanager.algorithm = PKIX
	ssl.truststore.certificates = null
	ssl.truststore.location = null
	ssl.truststore.password = null
	ssl.truststore.type = JKS
	transaction.timeout.ms = 60000
	transactional.id = null
	value.serializer = class io.apicurio.registry.serde.avro.AvroKafkaSerializer

2025-10-08 17:31:01,908 INFO  [org.apa.kaf.com.tel.int.KafkaMetricsCollector] (main) initializing Kafka metrics collector
2025-10-08 17:31:01,909 INFO  [org.apa.kaf.cli.Metadata] (kafka-producer-network-thread | Producer-topic-bcf60394_8fbf_40fb_9706_085c69a607e2) [Producer clientId=Producer-topic-bcf60394_8fbf_40fb_9706_085c69a607e2] Cluster ID: R7TsD1pyQX2HMwyS3tZayg
2025-10-08 17:31:01,909 INFO  [org.apa.kaf.cli.pro.int.TransactionManager] (kafka-producer-network-thread | Producer-topic-bcf60394_8fbf_40fb_9706_085c69a607e2) [Producer clientId=Producer-topic-bcf60394_8fbf_40fb_9706_085c69a607e2] ProducerId set to 52 with epoch 0
2025-10-08 17:31:01,909 INFO  [org.apa.kaf.cli.pro.KafkaProducer] (main) [Producer clientId=Producer-topic-e3477354_dce2_4324_9cbb_c059a84e4196] Instantiated an idempotent producer.
2025-10-08 17:31:01,910 INFO  [org.apa.kaf.cli.pro.ProducerConfig] (main) These configurations '[apicurio.registry.url, apicurio.registry.artifact-resolver-strategy]' were supplied but are not used yet.
2025-10-08 17:31:01,910 INFO  [org.apa.kaf.com.uti.AppInfoParser] (main) Kafka version: 3.9.1
2025-10-08 17:31:01,910 INFO  [org.apa.kaf.com.uti.AppInfoParser] (main) Kafka commitId: f745dfdcee2b9851
2025-10-08 17:31:01,910 INFO  [org.apa.kaf.com.uti.AppInfoParser] (main) Kafka startTimeMs: 1759944661910
**** Registry Base URL: http://registry-app-inmemory.apps.ci414.apicurio-testing.org:80
2025-10-08 17:31:01,910 INFO  [org.apa.kaf.cli.con.ConsumerConfig] (main) ConsumerConfig values: 
	allow.auto.create.topics = true
	auto.commit.interval.ms = 500
	auto.include.jmx.reporter = true
	auto.offset.reset = earliest
	bootstrap.servers = [PLAINTEXT://localhost:32769]
	check.crcs = true
	client.dns.lookup = use_all_dns_ips
	client.id = consumer-Consumer-topic-2ef42bcc_cf17_418c_a909_dd5aa569d8b1-38
	client.rack = 
	connections.max.idle.ms = 10000
	default.api.timeout.ms = 60000
	enable.auto.commit = true
	enable.metrics.push = true
	exclude.internal.topics = true
	fetch.max.bytes = 52428800
	fetch.max.wait.ms = 500
	fetch.min.bytes = 1
	group.id = Consumer-topic-2ef42bcc_cf17_418c_a909_dd5aa569d8b1
	group.instance.id = null
	group.protocol = classic
	group.remote.assignor = null
	heartbeat.interval.ms = 3000
	interceptor.classes = []
	internal.leave.group.on.close = true
	internal.throw.on.fetch.stable.offset.unsupported = false
	isolation.level = read_uncommitted
	key.deserializer = class org.apache.kafka.common.serialization.StringDeserializer
	max.partition.fetch.bytes = 1048576
	max.poll.interval.ms = 300000
	max.poll.records = 500
	metadata.max.age.ms = 300000
	metadata.recovery.strategy = none
	metric.reporters = []
	metrics.num.samples = 2
	metrics.recording.level = INFO
	metrics.sample.window.ms = 30000
	partition.assignment.strategy = [class org.apache.kafka.clients.consumer.RangeAssignor, class org.apache.kafka.clients.consumer.CooperativeStickyAssignor]
	receive.buffer.bytes = 65536
	reconnect.backoff.max.ms = 1000
	reconnect.backoff.ms = 50
	request.timeout.ms = 5000
	retry.backoff.max.ms = 1000
	retry.backoff.ms = 100
	sasl.client.callback.handler.class = null
	sasl.jaas.config = null
	sasl.kerberos.kinit.cmd = /usr/bin/kinit
	sasl.kerberos.min.time.before.relogin = 60000
	sasl.kerberos.service.name = null
	sasl.kerberos.ticket.renew.jitter = 0.05
	sasl.kerberos.ticket.renew.window.factor = 0.8
	sasl.login.callback.handler.class = null
	sasl.login.class = null
	sasl.login.connect.timeout.ms = null
	sasl.login.read.timeout.ms = null
	sasl.login.refresh.buffer.seconds = 300
	sasl.login.refresh.min.period.seconds = 60
	sasl.login.refresh.window.factor = 0.8
	sasl.login.refresh.window.jitter = 0.05
	sasl.login.retry.backoff.max.ms = 10000
	sasl.login.retry.backoff.ms = 100
	sasl.mechanism = GSSAPI
	sasl.oauthbearer.clock.skew.seconds = 30
	sasl.oauthbearer.expected.audience = null
	sasl.oauthbearer.expected.issuer = null
	sasl.oauthbearer.header.urlencode = false
	sasl.oauthbearer.jwks.endpoint.refresh.ms = 3600000
	sasl.oauthbearer.jwks.endpoint.retry.backoff.max.ms = 10000
	sasl.oauthbearer.jwks.endpoint.retry.backoff.ms = 100
	sasl.oauthbearer.jwks.endpoint.url = null
	sasl.oauthbearer.scope.claim.name = scope
	sasl.oauthbearer.sub.claim.name = sub
	sasl.oauthbearer.token.endpoint.url = null
	security.protocol = PLAINTEXT
	security.providers = null
	send.buffer.bytes = 131072
	session.timeout.ms = 45000
	socket.connection.setup.timeout.max.ms = 30000
	socket.connection.setup.timeout.ms = 10000
	ssl.cipher.suites = null
	ssl.enabled.protocols = [TLSv1.2, TLSv1.3]
	ssl.endpoint.identification.algorithm = https
	ssl.engine.factory.class = null
	ssl.key.password = null
	ssl.keymanager.algorithm = SunX509
	ssl.keystore.certificate.chain = null
	ssl.keystore.key = null
	ssl.keystore.location = null
	ssl.keystore.password = null
	ssl.keystore.type = JKS
	ssl.protocol = TLSv1.3
	ssl.provider = null
	ssl.secure.random.implementation = null
	ssl.trustmanager.algorithm = PKIX
	ssl.truststore.certificates = null
	ssl.truststore.location = null
	ssl.truststore.password = null
	ssl.truststore.type = JKS
	value.deserializer = class io.apicurio.registry.serde.avro.AvroKafkaDeserializer

2025-10-08 17:31:01,911 INFO  [org.apa.kaf.com.tel.int.KafkaMetricsCollector] (main) initializing Kafka metrics collector
2025-10-08 17:31:01,912 INFO  [org.apa.kaf.cli.Metadata] (kafka-producer-network-thread | Producer-topic-e3477354_dce2_4324_9cbb_c059a84e4196) [Producer clientId=Producer-topic-e3477354_dce2_4324_9cbb_c059a84e4196] Cluster ID: R7TsD1pyQX2HMwyS3tZayg
2025-10-08 17:31:01,912 INFO  [org.apa.kaf.cli.pro.int.TransactionManager] (kafka-producer-network-thread | Producer-topic-e3477354_dce2_4324_9cbb_c059a84e4196) [Producer clientId=Producer-topic-e3477354_dce2_4324_9cbb_c059a84e4196] ProducerId set to 53 with epoch 0
2025-10-08 17:31:01,914 INFO  [org.apa.kaf.cli.con.ConsumerConfig] (main) These configurations '[apicurio.registry.url]' were supplied but are not used yet.
2025-10-08 17:31:01,914 INFO  [org.apa.kaf.com.uti.AppInfoParser] (main) Kafka version: 3.9.1
2025-10-08 17:31:01,914 INFO  [org.apa.kaf.com.uti.AppInfoParser] (main) Kafka commitId: f745dfdcee2b9851
2025-10-08 17:31:01,914 INFO  [org.apa.kaf.com.uti.AppInfoParser] (main) Kafka startTimeMs: 1759944661914
**** Registry Base URL: http://registry-app-inmemory.apps.ci414.apicurio-testing.org:80
2025-10-08 17:31:01,915 INFO  [org.apa.kaf.cli.con.ConsumerConfig] (main) ConsumerConfig values: 
	allow.auto.create.topics = true
	auto.commit.interval.ms = 500
	auto.include.jmx.reporter = true
	auto.offset.reset = earliest
	bootstrap.servers = [PLAINTEXT://localhost:32769]
	check.crcs = true
	client.dns.lookup = use_all_dns_ips
	client.id = consumer-Consumer-topic-bcf60394_8fbf_40fb_9706_085c69a607e2-39
	client.rack = 
	connections.max.idle.ms = 10000
	default.api.timeout.ms = 60000
	enable.auto.commit = true
	enable.metrics.push = true
	exclude.internal.topics = true
	fetch.max.bytes = 52428800
	fetch.max.wait.ms = 500
	fetch.min.bytes = 1
	group.id = Consumer-topic-bcf60394_8fbf_40fb_9706_085c69a607e2
	group.instance.id = null
	group.protocol = classic
	group.remote.assignor = null
	heartbeat.interval.ms = 3000
	interceptor.classes = []
	internal.leave.group.on.close = true
	internal.throw.on.fetch.stable.offset.unsupported = false
	isolation.level = read_uncommitted
	key.deserializer = class org.apache.kafka.common.serialization.StringDeserializer
	max.partition.fetch.bytes = 1048576
	max.poll.interval.ms = 300000
	max.poll.records = 500
	metadata.max.age.ms = 300000
	metadata.recovery.strategy = none
	metric.reporters = []
	metrics.num.samples = 2
	metrics.recording.level = INFO
	metrics.sample.window.ms = 30000
	partition.assignment.strategy = [class org.apache.kafka.clients.consumer.RangeAssignor, class org.apache.kafka.clients.consumer.CooperativeStickyAssignor]
	receive.buffer.bytes = 65536
	reconnect.backoff.max.ms = 1000
	reconnect.backoff.ms = 50
	request.timeout.ms = 5000
	retry.backoff.max.ms = 1000
	retry.backoff.ms = 100
	sasl.client.callback.handler.class = null
	sasl.jaas.config = null
	sasl.kerberos.kinit.cmd = /usr/bin/kinit
	sasl.kerberos.min.time.before.relogin = 60000
	sasl.kerberos.service.name = null
	sasl.kerberos.ticket.renew.jitter = 0.05
	sasl.kerberos.ticket.renew.window.factor = 0.8
	sasl.login.callback.handler.class = null
	sasl.login.class = null
	sasl.login.connect.timeout.ms = null
	sasl.login.read.timeout.ms = null
	sasl.login.refresh.buffer.seconds = 300
	sasl.login.refresh.min.period.seconds = 60
	sasl.login.refresh.window.factor = 0.8
	sasl.login.refresh.window.jitter = 0.05
	sasl.login.retry.backoff.max.ms = 10000
	sasl.login.retry.backoff.ms = 100
	sasl.mechanism = GSSAPI
	sasl.oauthbearer.clock.skew.seconds = 30
	sasl.oauthbearer.expected.audience = null
	sasl.oauthbearer.expected.issuer = null
	sasl.oauthbearer.header.urlencode = false
	sasl.oauthbearer.jwks.endpoint.refresh.ms = 3600000
	sasl.oauthbearer.jwks.endpoint.retry.backoff.max.ms = 10000
	sasl.oauthbearer.jwks.endpoint.retry.backoff.ms = 100
	sasl.oauthbearer.jwks.endpoint.url = null
	sasl.oauthbearer.scope.claim.name = scope
	sasl.oauthbearer.sub.claim.name = sub
	sasl.oauthbearer.token.endpoint.url = null
	security.protocol = PLAINTEXT
	security.providers = null
	send.buffer.bytes = 131072
	session.timeout.ms = 45000
	socket.connection.setup.timeout.max.ms = 30000
	socket.connection.setup.timeout.ms = 10000
	ssl.cipher.suites = null
	ssl.enabled.protocols = [TLSv1.2, TLSv1.3]
	ssl.endpoint.identification.algorithm = https
	ssl.engine.factory.class = null
	ssl.key.password = null
	ssl.keymanager.algorithm = SunX509
	ssl.keystore.certificate.chain = null
	ssl.keystore.key = null
	ssl.keystore.location = null
	ssl.keystore.password = null
	ssl.keystore.type = JKS
	ssl.protocol = TLSv1.3
	ssl.provider = null
	ssl.secure.random.implementation = null
	ssl.trustmanager.algorithm = PKIX
	ssl.truststore.certificates = null
	ssl.truststore.location = null
	ssl.truststore.password = null
	ssl.truststore.type = JKS
	value.deserializer = class io.apicurio.registry.serde.avro.AvroKafkaDeserializer

2025-10-08 17:31:01,915 INFO  [org.apa.kaf.com.tel.int.KafkaMetricsCollector] (main) initializing Kafka metrics collector
2025-10-08 17:31:01,918 INFO  [org.apa.kaf.cli.con.ConsumerConfig] (main) These configurations '[apicurio.registry.url]' were supplied but are not used yet.
2025-10-08 17:31:01,918 INFO  [org.apa.kaf.com.uti.AppInfoParser] (main) Kafka version: 3.9.1
2025-10-08 17:31:01,918 INFO  [org.apa.kaf.com.uti.AppInfoParser] (main) Kafka commitId: f745dfdcee2b9851
2025-10-08 17:31:01,918 INFO  [org.apa.kaf.com.uti.AppInfoParser] (main) Kafka startTimeMs: 1759944661918
**** Registry Base URL: http://registry-app-inmemory.apps.ci414.apicurio-testing.org:80
2025-10-08 17:31:01,918 INFO  [org.apa.kaf.cli.con.ConsumerConfig] (main) ConsumerConfig values: 
	allow.auto.create.topics = true
	auto.commit.interval.ms = 500
	auto.include.jmx.reporter = true
	auto.offset.reset = earliest
	bootstrap.servers = [PLAINTEXT://localhost:32769]
	check.crcs = true
	client.dns.lookup = use_all_dns_ips
	client.id = consumer-Consumer-topic-e3477354_dce2_4324_9cbb_c059a84e4196-40
	client.rack = 
	connections.max.idle.ms = 10000
	default.api.timeout.ms = 60000
	enable.auto.commit = true
	enable.metrics.push = true
	exclude.internal.topics = true
	fetch.max.bytes = 52428800
	fetch.max.wait.ms = 500
	fetch.min.bytes = 1
	group.id = Consumer-topic-e3477354_dce2_4324_9cbb_c059a84e4196
	group.instance.id = null
	group.protocol = classic
	group.remote.assignor = null
	heartbeat.interval.ms = 3000
	interceptor.classes = []
	internal.leave.group.on.close = true
	internal.throw.on.fetch.stable.offset.unsupported = false
	isolation.level = read_uncommitted
	key.deserializer = class org.apache.kafka.common.serialization.StringDeserializer
	max.partition.fetch.bytes = 1048576
	max.poll.interval.ms = 300000
	max.poll.records = 500
	metadata.max.age.ms = 300000
	metadata.recovery.strategy = none
	metric.reporters = []
	metrics.num.samples = 2
	metrics.recording.level = INFO
	metrics.sample.window.ms = 30000
	partition.assignment.strategy = [class org.apache.kafka.clients.consumer.RangeAssignor, class org.apache.kafka.clients.consumer.CooperativeStickyAssignor]
	receive.buffer.bytes = 65536
	reconnect.backoff.max.ms = 1000
	reconnect.backoff.ms = 50
	request.timeout.ms = 5000
	retry.backoff.max.ms = 1000
	retry.backoff.ms = 100
	sasl.client.callback.handler.class = null
	sasl.jaas.config = null
	sasl.kerberos.kinit.cmd = /usr/bin/kinit
	sasl.kerberos.min.time.before.relogin = 60000
	sasl.kerberos.service.name = null
	sasl.kerberos.ticket.renew.jitter = 0.05
	sasl.kerberos.ticket.renew.window.factor = 0.8
	sasl.login.callback.handler.class = null
	sasl.login.class = null
	sasl.login.connect.timeout.ms = null
	sasl.login.read.timeout.ms = null
	sasl.login.refresh.buffer.seconds = 300
	sasl.login.refresh.min.period.seconds = 60
	sasl.login.refresh.window.factor = 0.8
	sasl.login.refresh.window.jitter = 0.05
	sasl.login.retry.backoff.max.ms = 10000
	sasl.login.retry.backoff.ms = 100
	sasl.mechanism = GSSAPI
	sasl.oauthbearer.clock.skew.seconds = 30
	sasl.oauthbearer.expected.audience = null
	sasl.oauthbearer.expected.issuer = null
	sasl.oauthbearer.header.urlencode = false
	sasl.oauthbearer.jwks.endpoint.refresh.ms = 3600000
	sasl.oauthbearer.jwks.endpoint.retry.backoff.max.ms = 10000
	sasl.oauthbearer.jwks.endpoint.retry.backoff.ms = 100
	sasl.oauthbearer.jwks.endpoint.url = null
	sasl.oauthbearer.scope.claim.name = scope
	sasl.oauthbearer.sub.claim.name = sub
	sasl.oauthbearer.token.endpoint.url = null
	security.protocol = PLAINTEXT
	security.providers = null
	send.buffer.bytes = 131072
	session.timeout.ms = 45000
	socket.connection.setup.timeout.max.ms = 30000
	socket.connection.setup.timeout.ms = 10000
	ssl.cipher.suites = null
	ssl.enabled.protocols = [TLSv1.2, TLSv1.3]
	ssl.endpoint.identification.algorithm = https
	ssl.engine.factory.class = null
	ssl.key.password = null
	ssl.keymanager.algorithm = SunX509
	ssl.keystore.certificate.chain = null
	ssl.keystore.key = null
	ssl.keystore.location = null
	ssl.keystore.password = null
	ssl.keystore.type = JKS
	ssl.protocol = TLSv1.3
	ssl.provider = null
	ssl.secure.random.implementation = null
	ssl.trustmanager.algorithm = PKIX
	ssl.truststore.certificates = null
	ssl.truststore.location = null
	ssl.truststore.password = null
	ssl.truststore.type = JKS
	value.deserializer = class io.apicurio.registry.serde.avro.AvroKafkaDeserializer

2025-10-08 17:31:01,918 INFO  [org.apa.kaf.com.tel.int.KafkaMetricsCollector] (main) initializing Kafka metrics collector
2025-10-08 17:31:01,921 INFO  [org.apa.kaf.cli.con.ConsumerConfig] (main) These configurations '[apicurio.registry.url]' were supplied but are not used yet.
2025-10-08 17:31:01,921 INFO  [org.apa.kaf.com.uti.AppInfoParser] (main) Kafka version: 3.9.1
2025-10-08 17:31:01,921 INFO  [org.apa.kaf.com.uti.AppInfoParser] (main) Kafka commitId: f745dfdcee2b9851
2025-10-08 17:31:01,921 INFO  [org.apa.kaf.com.uti.AppInfoParser] (main) Kafka startTimeMs: 1759944661921
2025-10-08 17:31:01,921 INFO  [io.api.tes.ser.api.KafkaSerdesTester] (ForkJoinPool.commonPool-worker-3) Sending message {"key1": "value-0"} to topic topic-2ef42bcc_cf17_418c_a909_dd5aa569d8b1
2025-10-08 17:31:01,923 INFO  [DefaultSchemaResolver] (ForkJoinPool.commonPool-worker-3) Retrieving schema content using string: {"type":"record","name":"myrecordconfluent6","fields":[{"name":"key1","type":"string"}]}
2025-10-08 17:31:01,946 INFO  [io.api.tes.ser.api.KafkaSerdesTester] (ForkJoinPool.commonPool-worker-3) Sending message {"key1": "value-1"} to topic topic-2ef42bcc_cf17_418c_a909_dd5aa569d8b1
2025-10-08 17:31:01,947 INFO  [io.api.tes.ser.api.KafkaSerdesTester] (ForkJoinPool.commonPool-worker-3) Sending message {"key1": "value-2"} to topic topic-2ef42bcc_cf17_418c_a909_dd5aa569d8b1
2025-10-08 17:31:01,948 INFO  [io.api.tes.ser.api.KafkaSerdesTester] (ForkJoinPool.commonPool-worker-3) Sending message {"key1": "value-3"} to topic topic-2ef42bcc_cf17_418c_a909_dd5aa569d8b1
2025-10-08 17:31:01,948 INFO  [io.api.tes.ser.api.KafkaSerdesTester] (ForkJoinPool.commonPool-worker-3) Sending message {"key1": "value-4"} to topic topic-2ef42bcc_cf17_418c_a909_dd5aa569d8b1
2025-10-08 17:31:01,949 INFO  [io.api.tes.ser.api.KafkaSerdesTester] (ForkJoinPool.commonPool-worker-3) Sending message {"key1": "value-5"} to topic topic-2ef42bcc_cf17_418c_a909_dd5aa569d8b1
2025-10-08 17:31:01,950 INFO  [io.api.tes.ser.api.KafkaSerdesTester] (ForkJoinPool.commonPool-worker-3) Sending message {"key1": "value-6"} to topic topic-2ef42bcc_cf17_418c_a909_dd5aa569d8b1
2025-10-08 17:31:01,950 INFO  [io.api.tes.ser.api.KafkaSerdesTester] (ForkJoinPool.commonPool-worker-3) Sending message {"key1": "value-7"} to topic topic-2ef42bcc_cf17_418c_a909_dd5aa569d8b1
2025-10-08 17:31:01,951 INFO  [io.api.tes.ser.api.KafkaSerdesTester] (ForkJoinPool.commonPool-worker-3) Sending message {"key1": "value-8"} to topic topic-2ef42bcc_cf17_418c_a909_dd5aa569d8b1
2025-10-08 17:31:01,952 INFO  [io.api.tes.ser.api.KafkaSerdesTester] (ForkJoinPool.commonPool-worker-3) Sending message {"key1": "value-9"} to topic topic-2ef42bcc_cf17_418c_a909_dd5aa569d8b1
2025-10-08 17:31:01,953 INFO  [io.api.tes.ser.api.KafkaSerdesTester] (ForkJoinPool.commonPool-worker-3) Produced 10 messages
2025-10-08 17:31:01,953 INFO  [org.apa.kaf.cli.pro.KafkaProducer] (ForkJoinPool.commonPool-worker-3) [Producer clientId=Producer-topic-2ef42bcc_cf17_418c_a909_dd5aa569d8b1] Closing the Kafka producer with timeoutMillis = 9223372036854775807 ms.
2025-10-08 17:31:01,954 INFO  [org.apa.kaf.com.met.Metrics] (ForkJoinPool.commonPool-worker-3) Metrics scheduler closed
2025-10-08 17:31:01,954 INFO  [org.apa.kaf.com.met.Metrics] (ForkJoinPool.commonPool-worker-3) Closing reporter org.apache.kafka.common.metrics.JmxReporter
2025-10-08 17:31:01,954 INFO  [org.apa.kaf.com.met.Metrics] (ForkJoinPool.commonPool-worker-3) Closing reporter org.apache.kafka.common.telemetry.internals.ClientTelemetryReporter
2025-10-08 17:31:01,954 INFO  [org.apa.kaf.com.met.Metrics] (ForkJoinPool.commonPool-worker-3) Metrics reporters closed
2025-10-08 17:31:01,955 INFO  [org.apa.kaf.com.uti.AppInfoParser] (ForkJoinPool.commonPool-worker-3) App info kafka.producer for Producer-topic-2ef42bcc_cf17_418c_a909_dd5aa569d8b1 unregistered
2025-10-08 17:31:01,955 INFO  [io.api.tes.ser.api.KafkaSerdesTester] (ForkJoinPool.commonPool-worker-3) Sending message {"key1": "value-0"} to topic topic-bcf60394_8fbf_40fb_9706_085c69a607e2
2025-10-08 17:31:01,960 INFO  [DefaultSchemaResolver] (ForkJoinPool.commonPool-worker-3) Retrieving schema content using string: {"type":"record","name":"myrecordconfluent6","fields":[{"name":"key1","type":"string"}]}
2025-10-08 17:31:02,006 INFO  [io.api.tes.ser.api.KafkaSerdesTester] (ForkJoinPool.commonPool-worker-3) Sending message {"key1": "value-1"} to topic topic-bcf60394_8fbf_40fb_9706_085c69a607e2
2025-10-08 17:31:02,007 INFO  [io.api.tes.ser.api.KafkaSerdesTester] (ForkJoinPool.commonPool-worker-3) Sending message {"key1": "value-2"} to topic topic-bcf60394_8fbf_40fb_9706_085c69a607e2
2025-10-08 17:31:02,007 INFO  [io.api.tes.ser.api.KafkaSerdesTester] (ForkJoinPool.commonPool-worker-3) Sending message {"key1": "value-3"} to topic topic-bcf60394_8fbf_40fb_9706_085c69a607e2
2025-10-08 17:31:02,008 INFO  [io.api.tes.ser.api.KafkaSerdesTester] (ForkJoinPool.commonPool-worker-3) Sending message {"key1": "value-4"} to topic topic-bcf60394_8fbf_40fb_9706_085c69a607e2
2025-10-08 17:31:02,009 INFO  [io.api.tes.ser.api.KafkaSerdesTester] (ForkJoinPool.commonPool-worker-3) Sending message {"key1": "value-5"} to topic topic-bcf60394_8fbf_40fb_9706_085c69a607e2
2025-10-08 17:31:02,010 INFO  [io.api.tes.ser.api.KafkaSerdesTester] (ForkJoinPool.commonPool-worker-3) Sending message {"key1": "value-6"} to topic topic-bcf60394_8fbf_40fb_9706_085c69a607e2
2025-10-08 17:31:02,010 INFO  [io.api.tes.ser.api.KafkaSerdesTester] (ForkJoinPool.commonPool-worker-3) Sending message {"key1": "value-7"} to topic topic-bcf60394_8fbf_40fb_9706_085c69a607e2
2025-10-08 17:31:02,011 INFO  [io.api.tes.ser.api.KafkaSerdesTester] (ForkJoinPool.commonPool-worker-3) Sending message {"key1": "value-8"} to topic topic-bcf60394_8fbf_40fb_9706_085c69a607e2
2025-10-08 17:31:02,012 INFO  [io.api.tes.ser.api.KafkaSerdesTester] (ForkJoinPool.commonPool-worker-3) Sending message {"key1": "value-9"} to topic topic-bcf60394_8fbf_40fb_9706_085c69a607e2
2025-10-08 17:31:02,013 INFO  [io.api.tes.ser.api.KafkaSerdesTester] (ForkJoinPool.commonPool-worker-3) Produced 10 messages
2025-10-08 17:31:02,013 INFO  [org.apa.kaf.cli.pro.KafkaProducer] (ForkJoinPool.commonPool-worker-3) [Producer clientId=Producer-topic-bcf60394_8fbf_40fb_9706_085c69a607e2] Closing the Kafka producer with timeoutMillis = 9223372036854775807 ms.
2025-10-08 17:31:02,014 INFO  [org.apa.kaf.com.met.Metrics] (ForkJoinPool.commonPool-worker-3) Metrics scheduler closed
2025-10-08 17:31:02,014 INFO  [org.apa.kaf.com.met.Metrics] (ForkJoinPool.commonPool-worker-3) Closing reporter org.apache.kafka.common.metrics.JmxReporter
2025-10-08 17:31:02,014 INFO  [org.apa.kaf.com.met.Metrics] (ForkJoinPool.commonPool-worker-3) Closing reporter org.apache.kafka.common.telemetry.internals.ClientTelemetryReporter
2025-10-08 17:31:02,014 INFO  [org.apa.kaf.com.met.Metrics] (ForkJoinPool.commonPool-worker-3) Metrics reporters closed
2025-10-08 17:31:02,015 INFO  [org.apa.kaf.com.uti.AppInfoParser] (ForkJoinPool.commonPool-worker-3) App info kafka.producer for Producer-topic-bcf60394_8fbf_40fb_9706_085c69a607e2 unregistered
2025-10-08 17:31:02,015 INFO  [io.api.tes.ser.api.KafkaSerdesTester] (ForkJoinPool.commonPool-worker-3) Sending message {"key1": "value-0"} to topic topic-e3477354_dce2_4324_9cbb_c059a84e4196
2025-10-08 17:31:02,018 INFO  [DefaultSchemaResolver] (ForkJoinPool.commonPool-worker-3) Retrieving schema content using string: {"type":"record","name":"myrecordconfluent6","fields":[{"name":"key1","type":"string"}]}
2025-10-08 17:31:02,064 INFO  [io.api.tes.ser.api.KafkaSerdesTester] (ForkJoinPool.commonPool-worker-3) Sending message {"key1": "value-1"} to topic topic-e3477354_dce2_4324_9cbb_c059a84e4196
2025-10-08 17:31:02,065 INFO  [io.api.tes.ser.api.KafkaSerdesTester] (ForkJoinPool.commonPool-worker-3) Sending message {"key1": "value-2"} to topic topic-e3477354_dce2_4324_9cbb_c059a84e4196
2025-10-08 17:31:02,065 INFO  [io.api.tes.ser.api.KafkaSerdesTester] (ForkJoinPool.commonPool-worker-3) Sending message {"key1": "value-3"} to topic topic-e3477354_dce2_4324_9cbb_c059a84e4196
2025-10-08 17:31:02,066 INFO  [io.api.tes.ser.api.KafkaSerdesTester] (ForkJoinPool.commonPool-worker-3) Sending message {"key1": "value-4"} to topic topic-e3477354_dce2_4324_9cbb_c059a84e4196
2025-10-08 17:31:02,067 INFO  [io.api.tes.ser.api.KafkaSerdesTester] (ForkJoinPool.commonPool-worker-3) Sending message {"key1": "value-5"} to topic topic-e3477354_dce2_4324_9cbb_c059a84e4196
2025-10-08 17:31:02,068 INFO  [io.api.tes.ser.api.KafkaSerdesTester] (ForkJoinPool.commonPool-worker-3) Sending message {"key1": "value-6"} to topic topic-e3477354_dce2_4324_9cbb_c059a84e4196
2025-10-08 17:31:02,069 INFO  [io.api.tes.ser.api.KafkaSerdesTester] (ForkJoinPool.commonPool-worker-3) Sending message {"key1": "value-7"} to topic topic-e3477354_dce2_4324_9cbb_c059a84e4196
2025-10-08 17:31:02,070 INFO  [io.api.tes.ser.api.KafkaSerdesTester] (ForkJoinPool.commonPool-worker-3) Sending message {"key1": "value-8"} to topic topic-e3477354_dce2_4324_9cbb_c059a84e4196
2025-10-08 17:31:02,071 INFO  [io.api.tes.ser.api.KafkaSerdesTester] (ForkJoinPool.commonPool-worker-3) Sending message {"key1": "value-9"} to topic topic-e3477354_dce2_4324_9cbb_c059a84e4196
2025-10-08 17:31:02,072 INFO  [io.api.tes.ser.api.KafkaSerdesTester] (ForkJoinPool.commonPool-worker-3) Produced 10 messages
2025-10-08 17:31:02,072 INFO  [org.apa.kaf.cli.pro.KafkaProducer] (ForkJoinPool.commonPool-worker-3) [Producer clientId=Producer-topic-e3477354_dce2_4324_9cbb_c059a84e4196] Closing the Kafka producer with timeoutMillis = 9223372036854775807 ms.
2025-10-08 17:31:02,073 INFO  [org.apa.kaf.com.met.Metrics] (ForkJoinPool.commonPool-worker-3) Metrics scheduler closed
2025-10-08 17:31:02,073 INFO  [org.apa.kaf.com.met.Metrics] (ForkJoinPool.commonPool-worker-3) Closing reporter org.apache.kafka.common.metrics.JmxReporter
2025-10-08 17:31:02,073 INFO  [org.apa.kaf.com.met.Metrics] (ForkJoinPool.commonPool-worker-3) Closing reporter org.apache.kafka.common.telemetry.internals.ClientTelemetryReporter
2025-10-08 17:31:02,073 INFO  [org.apa.kaf.com.met.Metrics] (ForkJoinPool.commonPool-worker-3) Metrics reporters closed
2025-10-08 17:31:02,073 INFO  [org.apa.kaf.com.uti.AppInfoParser] (ForkJoinPool.commonPool-worker-3) App info kafka.producer for Producer-topic-e3477354_dce2_4324_9cbb_c059a84e4196 unregistered
2025-10-08 17:31:02,074 INFO  [org.apa.kaf.cli.con.int.ClassicKafkaConsumer] (ForkJoinPool.commonPool-worker-3) [Consumer clientId=consumer-Consumer-topic-2ef42bcc_cf17_418c_a909_dd5aa569d8b1-38, groupId=Consumer-topic-2ef42bcc_cf17_418c_a909_dd5aa569d8b1] Subscribed to topic(s): topic-2ef42bcc_cf17_418c_a909_dd5aa569d8b1
2025-10-08 17:31:02,076 INFO  [org.apa.kaf.cli.Metadata] (ForkJoinPool.commonPool-worker-3) [Consumer clientId=consumer-Consumer-topic-2ef42bcc_cf17_418c_a909_dd5aa569d8b1-38, groupId=Consumer-topic-2ef42bcc_cf17_418c_a909_dd5aa569d8b1] Cluster ID: R7TsD1pyQX2HMwyS3tZayg
2025-10-08 17:31:02,077 INFO  [org.apa.kaf.cli.con.int.ConsumerCoordinator] (ForkJoinPool.commonPool-worker-3) [Consumer clientId=consumer-Consumer-topic-2ef42bcc_cf17_418c_a909_dd5aa569d8b1-38, groupId=Consumer-topic-2ef42bcc_cf17_418c_a909_dd5aa569d8b1] Discovered group coordinator localhost:32769 (id: 2147483647 rack: null)
2025-10-08 17:31:02,077 INFO  [org.apa.kaf.cli.con.int.ConsumerCoordinator] (ForkJoinPool.commonPool-worker-3) [Consumer clientId=consumer-Consumer-topic-2ef42bcc_cf17_418c_a909_dd5aa569d8b1-38, groupId=Consumer-topic-2ef42bcc_cf17_418c_a909_dd5aa569d8b1] (Re-)joining group
2025-10-08 17:31:02,078 INFO  [org.apa.kaf.cli.con.int.ConsumerCoordinator] (ForkJoinPool.commonPool-worker-3) [Consumer clientId=consumer-Consumer-topic-2ef42bcc_cf17_418c_a909_dd5aa569d8b1-38, groupId=Consumer-topic-2ef42bcc_cf17_418c_a909_dd5aa569d8b1] Request joining group due to: need to re-join with the given member-id: consumer-Consumer-topic-2ef42bcc_cf17_418c_a909_dd5aa569d8b1-38-0919716f-64a1-4885-b951-89faee700f7a
2025-10-08 17:31:02,078 INFO  [org.apa.kaf.cli.con.int.ConsumerCoordinator] (ForkJoinPool.commonPool-worker-3) [Consumer clientId=consumer-Consumer-topic-2ef42bcc_cf17_418c_a909_dd5aa569d8b1-38, groupId=Consumer-topic-2ef42bcc_cf17_418c_a909_dd5aa569d8b1] (Re-)joining group
2025-10-08 17:31:03,075 INFO  [io.api.tes.ser.api.KafkaSerdesTester] (ForkJoinPool.commonPool-worker-3) None found
2025-10-08 17:31:04,075 INFO  [io.api.tes.ser.api.KafkaSerdesTester] (ForkJoinPool.commonPool-worker-3) None found
2025-10-08 17:31:05,075 INFO  [io.api.tes.ser.api.KafkaSerdesTester] (ForkJoinPool.commonPool-worker-3) None found
2025-10-08 17:31:05,080 INFO  [org.apa.kaf.cli.con.int.ConsumerCoordinator] (ForkJoinPool.commonPool-worker-3) [Consumer clientId=consumer-Consumer-topic-2ef42bcc_cf17_418c_a909_dd5aa569d8b1-38, groupId=Consumer-topic-2ef42bcc_cf17_418c_a909_dd5aa569d8b1] Successfully joined group with generation Generation{generationId=1, memberId='consumer-Consumer-topic-2ef42bcc_cf17_418c_a909_dd5aa569d8b1-38-0919716f-64a1-4885-b951-89faee700f7a', protocol='range'}
2025-10-08 17:31:05,080 INFO  [org.apa.kaf.cli.con.int.ConsumerCoordinator] (ForkJoinPool.commonPool-worker-3) [Consumer clientId=consumer-Consumer-topic-2ef42bcc_cf17_418c_a909_dd5aa569d8b1-38, groupId=Consumer-topic-2ef42bcc_cf17_418c_a909_dd5aa569d8b1] Finished assignment for group at generation 1: {consumer-Consumer-topic-2ef42bcc_cf17_418c_a909_dd5aa569d8b1-38-0919716f-64a1-4885-b951-89faee700f7a=Assignment(partitions=[topic-2ef42bcc_cf17_418c_a909_dd5aa569d8b1-0])}
2025-10-08 17:31:05,086 INFO  [org.apa.kaf.cli.con.int.ConsumerCoordinator] (ForkJoinPool.commonPool-worker-3) [Consumer clientId=consumer-Consumer-topic-2ef42bcc_cf17_418c_a909_dd5aa569d8b1-38, groupId=Consumer-topic-2ef42bcc_cf17_418c_a909_dd5aa569d8b1] Successfully synced group in generation Generation{generationId=1, memberId='consumer-Consumer-topic-2ef42bcc_cf17_418c_a909_dd5aa569d8b1-38-0919716f-64a1-4885-b951-89faee700f7a', protocol='range'}
2025-10-08 17:31:05,086 INFO  [org.apa.kaf.cli.con.int.ConsumerCoordinator] (ForkJoinPool.commonPool-worker-3) [Consumer clientId=consumer-Consumer-topic-2ef42bcc_cf17_418c_a909_dd5aa569d8b1-38, groupId=Consumer-topic-2ef42bcc_cf17_418c_a909_dd5aa569d8b1] Notifying assignor about the new Assignment(partitions=[topic-2ef42bcc_cf17_418c_a909_dd5aa569d8b1-0])
2025-10-08 17:31:05,086 INFO  [org.apa.kaf.cli.con.int.ConsumerRebalanceListenerInvoker] (ForkJoinPool.commonPool-worker-3) [Consumer clientId=consumer-Consumer-topic-2ef42bcc_cf17_418c_a909_dd5aa569d8b1-38, groupId=Consumer-topic-2ef42bcc_cf17_418c_a909_dd5aa569d8b1] Adding newly assigned partitions: topic-2ef42bcc_cf17_418c_a909_dd5aa569d8b1-0
2025-10-08 17:31:05,087 INFO  [org.apa.kaf.cli.con.int.ConsumerCoordinator] (ForkJoinPool.commonPool-worker-3) [Consumer clientId=consumer-Consumer-topic-2ef42bcc_cf17_418c_a909_dd5aa569d8b1-38, groupId=Consumer-topic-2ef42bcc_cf17_418c_a909_dd5aa569d8b1] Found no committed offset for partition topic-2ef42bcc_cf17_418c_a909_dd5aa569d8b1-0
2025-10-08 17:31:05,089 INFO  [org.apa.kaf.cli.con.int.SubscriptionState] (ForkJoinPool.commonPool-worker-3) [Consumer clientId=consumer-Consumer-topic-2ef42bcc_cf17_418c_a909_dd5aa569d8b1-38, groupId=Consumer-topic-2ef42bcc_cf17_418c_a909_dd5aa569d8b1] Resetting offset for partition topic-2ef42bcc_cf17_418c_a909_dd5aa569d8b1-0 to position FetchPosition{offset=0, offsetEpoch=Optional.empty, currentLeader=LeaderAndEpoch{leader=Optional[localhost:32769 (id: 0 rack: null)], epoch=0}}.
2025-10-08 17:31:05,136 INFO  [io.api.tes.ser.api.KafkaSerdesTester] (ForkJoinPool.commonPool-worker-3) topic-2ef42bcc_cf17_418c_a909_dd5aa569d8b1 0 0 {"key1": "value-0"}
2025-10-08 17:31:05,136 INFO  [io.api.tes.ser.api.KafkaSerdesTester] (ForkJoinPool.commonPool-worker-3) topic-2ef42bcc_cf17_418c_a909_dd5aa569d8b1 0 1 {"key1": "value-1"}
2025-10-08 17:31:05,136 INFO  [io.api.tes.ser.api.KafkaSerdesTester] (ForkJoinPool.commonPool-worker-3) topic-2ef42bcc_cf17_418c_a909_dd5aa569d8b1 0 2 {"key1": "value-2"}
2025-10-08 17:31:05,136 INFO  [io.api.tes.ser.api.KafkaSerdesTester] (ForkJoinPool.commonPool-worker-3) topic-2ef42bcc_cf17_418c_a909_dd5aa569d8b1 0 3 {"key1": "value-3"}
2025-10-08 17:31:05,136 INFO  [io.api.tes.ser.api.KafkaSerdesTester] (ForkJoinPool.commonPool-worker-3) topic-2ef42bcc_cf17_418c_a909_dd5aa569d8b1 0 4 {"key1": "value-4"}
2025-10-08 17:31:05,136 INFO  [io.api.tes.ser.api.KafkaSerdesTester] (ForkJoinPool.commonPool-worker-3) topic-2ef42bcc_cf17_418c_a909_dd5aa569d8b1 0 5 {"key1": "value-5"}
2025-10-08 17:31:05,136 INFO  [io.api.tes.ser.api.KafkaSerdesTester] (ForkJoinPool.commonPool-worker-3) topic-2ef42bcc_cf17_418c_a909_dd5aa569d8b1 0 6 {"key1": "value-6"}
2025-10-08 17:31:05,136 INFO  [io.api.tes.ser.api.KafkaSerdesTester] (ForkJoinPool.commonPool-worker-3) topic-2ef42bcc_cf17_418c_a909_dd5aa569d8b1 0 7 {"key1": "value-7"}
2025-10-08 17:31:05,136 INFO  [io.api.tes.ser.api.KafkaSerdesTester] (ForkJoinPool.commonPool-worker-3) topic-2ef42bcc_cf17_418c_a909_dd5aa569d8b1 0 8 {"key1": "value-8"}
2025-10-08 17:31:05,136 INFO  [io.api.tes.ser.api.KafkaSerdesTester] (ForkJoinPool.commonPool-worker-3) topic-2ef42bcc_cf17_418c_a909_dd5aa569d8b1 0 9 {"key1": "value-9"}
2025-10-08 17:31:05,136 INFO  [io.api.tes.ser.api.KafkaSerdesTester] (ForkJoinPool.commonPool-worker-3) Consumed 10 messages
2025-10-08 17:31:05,143 INFO  [org.apa.kaf.cli.con.int.ConsumerRebalanceListenerInvoker] (ForkJoinPool.commonPool-worker-3) [Consumer clientId=consumer-Consumer-topic-2ef42bcc_cf17_418c_a909_dd5aa569d8b1-38, groupId=Consumer-topic-2ef42bcc_cf17_418c_a909_dd5aa569d8b1] Revoke previously assigned partitions topic-2ef42bcc_cf17_418c_a909_dd5aa569d8b1-0
2025-10-08 17:31:05,143 INFO  [org.apa.kaf.cli.con.int.ConsumerCoordinator] (ForkJoinPool.commonPool-worker-3) [Consumer clientId=consumer-Consumer-topic-2ef42bcc_cf17_418c_a909_dd5aa569d8b1-38, groupId=Consumer-topic-2ef42bcc_cf17_418c_a909_dd5aa569d8b1] Member consumer-Consumer-topic-2ef42bcc_cf17_418c_a909_dd5aa569d8b1-38-0919716f-64a1-4885-b951-89faee700f7a sending LeaveGroup request to coordinator localhost:32769 (id: 2147483647 rack: null) due to the consumer is being closed
2025-10-08 17:31:05,143 INFO  [org.apa.kaf.cli.con.int.ConsumerCoordinator] (ForkJoinPool.commonPool-worker-3) [Consumer clientId=consumer-Consumer-topic-2ef42bcc_cf17_418c_a909_dd5aa569d8b1-38, groupId=Consumer-topic-2ef42bcc_cf17_418c_a909_dd5aa569d8b1] Resetting generation and member id due to: consumer pro-actively leaving the group
2025-10-08 17:31:05,143 INFO  [org.apa.kaf.cli.con.int.ConsumerCoordinator] (ForkJoinPool.commonPool-worker-3) [Consumer clientId=consumer-Consumer-topic-2ef42bcc_cf17_418c_a909_dd5aa569d8b1-38, groupId=Consumer-topic-2ef42bcc_cf17_418c_a909_dd5aa569d8b1] Request joining group due to: consumer pro-actively leaving the group
2025-10-08 17:31:05,639 INFO  [org.apa.kaf.com.met.Metrics] (ForkJoinPool.commonPool-worker-3) Metrics scheduler closed
2025-10-08 17:31:05,639 INFO  [org.apa.kaf.com.met.Metrics] (ForkJoinPool.commonPool-worker-3) Closing reporter org.apache.kafka.common.metrics.JmxReporter
2025-10-08 17:31:05,639 INFO  [org.apa.kaf.com.met.Metrics] (ForkJoinPool.commonPool-worker-3) Closing reporter org.apache.kafka.common.telemetry.internals.ClientTelemetryReporter
2025-10-08 17:31:05,639 INFO  [org.apa.kaf.com.met.Metrics] (ForkJoinPool.commonPool-worker-3) Metrics reporters closed
2025-10-08 17:31:05,640 INFO  [org.apa.kaf.com.uti.AppInfoParser] (ForkJoinPool.commonPool-worker-3) App info kafka.consumer for consumer-Consumer-topic-2ef42bcc_cf17_418c_a909_dd5aa569d8b1-38 unregistered
2025-10-08 17:31:05,641 INFO  [org.apa.kaf.cli.con.int.ClassicKafkaConsumer] (ForkJoinPool.commonPool-worker-3) [Consumer clientId=consumer-Consumer-topic-bcf60394_8fbf_40fb_9706_085c69a607e2-39, groupId=Consumer-topic-bcf60394_8fbf_40fb_9706_085c69a607e2] Subscribed to topic(s): topic-bcf60394_8fbf_40fb_9706_085c69a607e2
2025-10-08 17:31:05,644 INFO  [org.apa.kaf.cli.Metadata] (ForkJoinPool.commonPool-worker-3) [Consumer clientId=consumer-Consumer-topic-bcf60394_8fbf_40fb_9706_085c69a607e2-39, groupId=Consumer-topic-bcf60394_8fbf_40fb_9706_085c69a607e2] Cluster ID: R7TsD1pyQX2HMwyS3tZayg
2025-10-08 17:31:05,644 INFO  [org.apa.kaf.cli.con.int.ConsumerCoordinator] (ForkJoinPool.commonPool-worker-3) [Consumer clientId=consumer-Consumer-topic-bcf60394_8fbf_40fb_9706_085c69a607e2-39, groupId=Consumer-topic-bcf60394_8fbf_40fb_9706_085c69a607e2] Discovered group coordinator localhost:32769 (id: 2147483647 rack: null)
2025-10-08 17:31:05,645 INFO  [org.apa.kaf.cli.con.int.ConsumerCoordinator] (ForkJoinPool.commonPool-worker-3) [Consumer clientId=consumer-Consumer-topic-bcf60394_8fbf_40fb_9706_085c69a607e2-39, groupId=Consumer-topic-bcf60394_8fbf_40fb_9706_085c69a607e2] (Re-)joining group
2025-10-08 17:31:05,647 INFO  [org.apa.kaf.cli.con.int.ConsumerCoordinator] (ForkJoinPool.commonPool-worker-3) [Consumer clientId=consumer-Consumer-topic-bcf60394_8fbf_40fb_9706_085c69a607e2-39, groupId=Consumer-topic-bcf60394_8fbf_40fb_9706_085c69a607e2] Request joining group due to: need to re-join with the given member-id: consumer-Consumer-topic-bcf60394_8fbf_40fb_9706_085c69a607e2-39-3e407f31-7548-4c40-a8a3-35dee0009fc6
2025-10-08 17:31:05,647 INFO  [org.apa.kaf.cli.con.int.ConsumerCoordinator] (ForkJoinPool.commonPool-worker-3) [Consumer clientId=consumer-Consumer-topic-bcf60394_8fbf_40fb_9706_085c69a607e2-39, groupId=Consumer-topic-bcf60394_8fbf_40fb_9706_085c69a607e2] (Re-)joining group
2025-10-08 17:31:06,641 INFO  [io.api.tes.ser.api.KafkaSerdesTester] (ForkJoinPool.commonPool-worker-3) None found
2025-10-08 17:31:07,642 INFO  [io.api.tes.ser.api.KafkaSerdesTester] (ForkJoinPool.commonPool-worker-3) None found
2025-10-08 17:31:08,642 INFO  [io.api.tes.ser.api.KafkaSerdesTester] (ForkJoinPool.commonPool-worker-3) None found
2025-10-08 17:31:08,649 INFO  [org.apa.kaf.cli.con.int.ConsumerCoordinator] (ForkJoinPool.commonPool-worker-3) [Consumer clientId=consumer-Consumer-topic-bcf60394_8fbf_40fb_9706_085c69a607e2-39, groupId=Consumer-topic-bcf60394_8fbf_40fb_9706_085c69a607e2] Successfully joined group with generation Generation{generationId=1, memberId='consumer-Consumer-topic-bcf60394_8fbf_40fb_9706_085c69a607e2-39-3e407f31-7548-4c40-a8a3-35dee0009fc6', protocol='range'}
2025-10-08 17:31:08,649 INFO  [org.apa.kaf.cli.con.int.ConsumerCoordinator] (ForkJoinPool.commonPool-worker-3) [Consumer clientId=consumer-Consumer-topic-bcf60394_8fbf_40fb_9706_085c69a607e2-39, groupId=Consumer-topic-bcf60394_8fbf_40fb_9706_085c69a607e2] Finished assignment for group at generation 1: {consumer-Consumer-topic-bcf60394_8fbf_40fb_9706_085c69a607e2-39-3e407f31-7548-4c40-a8a3-35dee0009fc6=Assignment(partitions=[topic-bcf60394_8fbf_40fb_9706_085c69a607e2-0])}
2025-10-08 17:31:08,656 INFO  [org.apa.kaf.cli.con.int.ConsumerCoordinator] (ForkJoinPool.commonPool-worker-3) [Consumer clientId=consumer-Consumer-topic-bcf60394_8fbf_40fb_9706_085c69a607e2-39, groupId=Consumer-topic-bcf60394_8fbf_40fb_9706_085c69a607e2] Successfully synced group in generation Generation{generationId=1, memberId='consumer-Consumer-topic-bcf60394_8fbf_40fb_9706_085c69a607e2-39-3e407f31-7548-4c40-a8a3-35dee0009fc6', protocol='range'}
2025-10-08 17:31:08,656 INFO  [org.apa.kaf.cli.con.int.ConsumerCoordinator] (ForkJoinPool.commonPool-worker-3) [Consumer clientId=consumer-Consumer-topic-bcf60394_8fbf_40fb_9706_085c69a607e2-39, groupId=Consumer-topic-bcf60394_8fbf_40fb_9706_085c69a607e2] Notifying assignor about the new Assignment(partitions=[topic-bcf60394_8fbf_40fb_9706_085c69a607e2-0])
2025-10-08 17:31:08,656 INFO  [org.apa.kaf.cli.con.int.ConsumerRebalanceListenerInvoker] (ForkJoinPool.commonPool-worker-3) [Consumer clientId=consumer-Consumer-topic-bcf60394_8fbf_40fb_9706_085c69a607e2-39, groupId=Consumer-topic-bcf60394_8fbf_40fb_9706_085c69a607e2] Adding newly assigned partitions: topic-bcf60394_8fbf_40fb_9706_085c69a607e2-0
2025-10-08 17:31:08,657 INFO  [org.apa.kaf.cli.con.int.ConsumerCoordinator] (ForkJoinPool.commonPool-worker-3) [Consumer clientId=consumer-Consumer-topic-bcf60394_8fbf_40fb_9706_085c69a607e2-39, groupId=Consumer-topic-bcf60394_8fbf_40fb_9706_085c69a607e2] Found no committed offset for partition topic-bcf60394_8fbf_40fb_9706_085c69a607e2-0
2025-10-08 17:31:08,659 INFO  [org.apa.kaf.cli.con.int.SubscriptionState] (ForkJoinPool.commonPool-worker-3) [Consumer clientId=consumer-Consumer-topic-bcf60394_8fbf_40fb_9706_085c69a607e2-39, groupId=Consumer-topic-bcf60394_8fbf_40fb_9706_085c69a607e2] Resetting offset for partition topic-bcf60394_8fbf_40fb_9706_085c69a607e2-0 to position FetchPosition{offset=0, offsetEpoch=Optional.empty, currentLeader=LeaderAndEpoch{leader=Optional[localhost:32769 (id: 0 rack: null)], epoch=0}}.
2025-10-08 17:31:08,677 INFO  [io.api.tes.ser.api.KafkaSerdesTester] (ForkJoinPool.commonPool-worker-3) topic-bcf60394_8fbf_40fb_9706_085c69a607e2 0 0 {"key1": "value-0"}
2025-10-08 17:31:08,677 INFO  [io.api.tes.ser.api.KafkaSerdesTester] (ForkJoinPool.commonPool-worker-3) topic-bcf60394_8fbf_40fb_9706_085c69a607e2 0 1 {"key1": "value-1"}
2025-10-08 17:31:08,677 INFO  [io.api.tes.ser.api.KafkaSerdesTester] (ForkJoinPool.commonPool-worker-3) topic-bcf60394_8fbf_40fb_9706_085c69a607e2 0 2 {"key1": "value-2"}
2025-10-08 17:31:08,677 INFO  [io.api.tes.ser.api.KafkaSerdesTester] (ForkJoinPool.commonPool-worker-3) topic-bcf60394_8fbf_40fb_9706_085c69a607e2 0 3 {"key1": "value-3"}
2025-10-08 17:31:08,677 INFO  [io.api.tes.ser.api.KafkaSerdesTester] (ForkJoinPool.commonPool-worker-3) topic-bcf60394_8fbf_40fb_9706_085c69a607e2 0 4 {"key1": "value-4"}
2025-10-08 17:31:08,677 INFO  [io.api.tes.ser.api.KafkaSerdesTester] (ForkJoinPool.commonPool-worker-3) topic-bcf60394_8fbf_40fb_9706_085c69a607e2 0 5 {"key1": "value-5"}
2025-10-08 17:31:08,677 INFO  [io.api.tes.ser.api.KafkaSerdesTester] (ForkJoinPool.commonPool-worker-3) topic-bcf60394_8fbf_40fb_9706_085c69a607e2 0 6 {"key1": "value-6"}
2025-10-08 17:31:08,677 INFO  [io.api.tes.ser.api.KafkaSerdesTester] (ForkJoinPool.commonPool-worker-3) topic-bcf60394_8fbf_40fb_9706_085c69a607e2 0 7 {"key1": "value-7"}
2025-10-08 17:31:08,677 INFO  [io.api.tes.ser.api.KafkaSerdesTester] (ForkJoinPool.commonPool-worker-3) topic-bcf60394_8fbf_40fb_9706_085c69a607e2 0 8 {"key1": "value-8"}
2025-10-08 17:31:08,677 INFO  [io.api.tes.ser.api.KafkaSerdesTester] (ForkJoinPool.commonPool-worker-3) topic-bcf60394_8fbf_40fb_9706_085c69a607e2 0 9 {"key1": "value-9"}
2025-10-08 17:31:08,677 INFO  [io.api.tes.ser.api.KafkaSerdesTester] (ForkJoinPool.commonPool-worker-3) Consumed 10 messages
2025-10-08 17:31:08,683 INFO  [org.apa.kaf.cli.con.int.ConsumerRebalanceListenerInvoker] (ForkJoinPool.commonPool-worker-3) [Consumer clientId=consumer-Consumer-topic-bcf60394_8fbf_40fb_9706_085c69a607e2-39, groupId=Consumer-topic-bcf60394_8fbf_40fb_9706_085c69a607e2] Revoke previously assigned partitions topic-bcf60394_8fbf_40fb_9706_085c69a607e2-0
2025-10-08 17:31:08,684 INFO  [org.apa.kaf.cli.con.int.ConsumerCoordinator] (ForkJoinPool.commonPool-worker-3) [Consumer clientId=consumer-Consumer-topic-bcf60394_8fbf_40fb_9706_085c69a607e2-39, groupId=Consumer-topic-bcf60394_8fbf_40fb_9706_085c69a607e2] Member consumer-Consumer-topic-bcf60394_8fbf_40fb_9706_085c69a607e2-39-3e407f31-7548-4c40-a8a3-35dee0009fc6 sending LeaveGroup request to coordinator localhost:32769 (id: 2147483647 rack: null) due to the consumer is being closed
2025-10-08 17:31:08,684 INFO  [org.apa.kaf.cli.con.int.ConsumerCoordinator] (ForkJoinPool.commonPool-worker-3) [Consumer clientId=consumer-Consumer-topic-bcf60394_8fbf_40fb_9706_085c69a607e2-39, groupId=Consumer-topic-bcf60394_8fbf_40fb_9706_085c69a607e2] Resetting generation and member id due to: consumer pro-actively leaving the group
2025-10-08 17:31:08,684 INFO  [org.apa.kaf.cli.con.int.ConsumerCoordinator] (ForkJoinPool.commonPool-worker-3) [Consumer clientId=consumer-Consumer-topic-bcf60394_8fbf_40fb_9706_085c69a607e2-39, groupId=Consumer-topic-bcf60394_8fbf_40fb_9706_085c69a607e2] Request joining group due to: consumer pro-actively leaving the group
2025-10-08 17:31:09,179 INFO  [org.apa.kaf.com.met.Metrics] (ForkJoinPool.commonPool-worker-3) Metrics scheduler closed
2025-10-08 17:31:09,180 INFO  [org.apa.kaf.com.met.Metrics] (ForkJoinPool.commonPool-worker-3) Closing reporter org.apache.kafka.common.metrics.JmxReporter
2025-10-08 17:31:09,180 INFO  [org.apa.kaf.com.met.Metrics] (ForkJoinPool.commonPool-worker-3) Closing reporter org.apache.kafka.common.telemetry.internals.ClientTelemetryReporter
2025-10-08 17:31:09,180 INFO  [org.apa.kaf.com.met.Metrics] (ForkJoinPool.commonPool-worker-3) Metrics reporters closed
2025-10-08 17:31:09,181 INFO  [org.apa.kaf.com.uti.AppInfoParser] (ForkJoinPool.commonPool-worker-3) App info kafka.consumer for consumer-Consumer-topic-bcf60394_8fbf_40fb_9706_085c69a607e2-39 unregistered
2025-10-08 17:31:09,181 INFO  [org.apa.kaf.cli.con.int.ClassicKafkaConsumer] (ForkJoinPool.commonPool-worker-3) [Consumer clientId=consumer-Consumer-topic-e3477354_dce2_4324_9cbb_c059a84e4196-40, groupId=Consumer-topic-e3477354_dce2_4324_9cbb_c059a84e4196] Subscribed to topic(s): topic-e3477354_dce2_4324_9cbb_c059a84e4196
2025-10-08 17:31:09,184 INFO  [org.apa.kaf.cli.Metadata] (ForkJoinPool.commonPool-worker-3) [Consumer clientId=consumer-Consumer-topic-e3477354_dce2_4324_9cbb_c059a84e4196-40, groupId=Consumer-topic-e3477354_dce2_4324_9cbb_c059a84e4196] Cluster ID: R7TsD1pyQX2HMwyS3tZayg
2025-10-08 17:31:09,185 INFO  [org.apa.kaf.cli.con.int.ConsumerCoordinator] (ForkJoinPool.commonPool-worker-3) [Consumer clientId=consumer-Consumer-topic-e3477354_dce2_4324_9cbb_c059a84e4196-40, groupId=Consumer-topic-e3477354_dce2_4324_9cbb_c059a84e4196] Discovered group coordinator localhost:32769 (id: 2147483647 rack: null)
2025-10-08 17:31:09,185 INFO  [org.apa.kaf.cli.con.int.ConsumerCoordinator] (ForkJoinPool.commonPool-worker-3) [Consumer clientId=consumer-Consumer-topic-e3477354_dce2_4324_9cbb_c059a84e4196-40, groupId=Consumer-topic-e3477354_dce2_4324_9cbb_c059a84e4196] (Re-)joining group
2025-10-08 17:31:09,186 INFO  [org.apa.kaf.cli.con.int.ConsumerCoordinator] (ForkJoinPool.commonPool-worker-3) [Consumer clientId=consumer-Consumer-topic-e3477354_dce2_4324_9cbb_c059a84e4196-40, groupId=Consumer-topic-e3477354_dce2_4324_9cbb_c059a84e4196] Request joining group due to: need to re-join with the given member-id: consumer-Consumer-topic-e3477354_dce2_4324_9cbb_c059a84e4196-40-aad3caa4-6a53-4333-b813-063fa7cb950c
2025-10-08 17:31:09,187 INFO  [org.apa.kaf.cli.con.int.ConsumerCoordinator] (ForkJoinPool.commonPool-worker-3) [Consumer clientId=consumer-Consumer-topic-e3477354_dce2_4324_9cbb_c059a84e4196-40, groupId=Consumer-topic-e3477354_dce2_4324_9cbb_c059a84e4196] (Re-)joining group
2025-10-08 17:31:10,181 INFO  [io.api.tes.ser.api.KafkaSerdesTester] (ForkJoinPool.commonPool-worker-3) None found
2025-10-08 17:31:11,181 INFO  [io.api.tes.ser.api.KafkaSerdesTester] (ForkJoinPool.commonPool-worker-3) None found
2025-10-08 17:31:12,181 INFO  [io.api.tes.ser.api.KafkaSerdesTester] (ForkJoinPool.commonPool-worker-3) None found
2025-10-08 17:31:12,188 INFO  [org.apa.kaf.cli.con.int.ConsumerCoordinator] (ForkJoinPool.commonPool-worker-3) [Consumer clientId=consumer-Consumer-topic-e3477354_dce2_4324_9cbb_c059a84e4196-40, groupId=Consumer-topic-e3477354_dce2_4324_9cbb_c059a84e4196] Successfully joined group with generation Generation{generationId=1, memberId='consumer-Consumer-topic-e3477354_dce2_4324_9cbb_c059a84e4196-40-aad3caa4-6a53-4333-b813-063fa7cb950c', protocol='range'}
2025-10-08 17:31:12,188 INFO  [org.apa.kaf.cli.con.int.ConsumerCoordinator] (ForkJoinPool.commonPool-worker-3) [Consumer clientId=consumer-Consumer-topic-e3477354_dce2_4324_9cbb_c059a84e4196-40, groupId=Consumer-topic-e3477354_dce2_4324_9cbb_c059a84e4196] Finished assignment for group at generation 1: {consumer-Consumer-topic-e3477354_dce2_4324_9cbb_c059a84e4196-40-aad3caa4-6a53-4333-b813-063fa7cb950c=Assignment(partitions=[topic-e3477354_dce2_4324_9cbb_c059a84e4196-0])}
2025-10-08 17:31:12,193 INFO  [org.apa.kaf.cli.con.int.ConsumerCoordinator] (ForkJoinPool.commonPool-worker-3) [Consumer clientId=consumer-Consumer-topic-e3477354_dce2_4324_9cbb_c059a84e4196-40, groupId=Consumer-topic-e3477354_dce2_4324_9cbb_c059a84e4196] Successfully synced group in generation Generation{generationId=1, memberId='consumer-Consumer-topic-e3477354_dce2_4324_9cbb_c059a84e4196-40-aad3caa4-6a53-4333-b813-063fa7cb950c', protocol='range'}
2025-10-08 17:31:12,193 INFO  [org.apa.kaf.cli.con.int.ConsumerCoordinator] (ForkJoinPool.commonPool-worker-3) [Consumer clientId=consumer-Consumer-topic-e3477354_dce2_4324_9cbb_c059a84e4196-40, groupId=Consumer-topic-e3477354_dce2_4324_9cbb_c059a84e4196] Notifying assignor about the new Assignment(partitions=[topic-e3477354_dce2_4324_9cbb_c059a84e4196-0])
2025-10-08 17:31:12,193 INFO  [org.apa.kaf.cli.con.int.ConsumerRebalanceListenerInvoker] (ForkJoinPool.commonPool-worker-3) [Consumer clientId=consumer-Consumer-topic-e3477354_dce2_4324_9cbb_c059a84e4196-40, groupId=Consumer-topic-e3477354_dce2_4324_9cbb_c059a84e4196] Adding newly assigned partitions: topic-e3477354_dce2_4324_9cbb_c059a84e4196-0
2025-10-08 17:31:12,194 INFO  [org.apa.kaf.cli.con.int.ConsumerCoordinator] (ForkJoinPool.commonPool-worker-3) [Consumer clientId=consumer-Consumer-topic-e3477354_dce2_4324_9cbb_c059a84e4196-40, groupId=Consumer-topic-e3477354_dce2_4324_9cbb_c059a84e4196] Found no committed offset for partition topic-e3477354_dce2_4324_9cbb_c059a84e4196-0
2025-10-08 17:31:12,196 INFO  [org.apa.kaf.cli.con.int.SubscriptionState] (ForkJoinPool.commonPool-worker-3) [Consumer clientId=consumer-Consumer-topic-e3477354_dce2_4324_9cbb_c059a84e4196-40, groupId=Consumer-topic-e3477354_dce2_4324_9cbb_c059a84e4196] Resetting offset for partition topic-e3477354_dce2_4324_9cbb_c059a84e4196-0 to position FetchPosition{offset=0, offsetEpoch=Optional.empty, currentLeader=LeaderAndEpoch{leader=Optional[localhost:32769 (id: 0 rack: null)], epoch=0}}.
2025-10-08 17:31:12,217 INFO  [io.api.tes.ser.api.KafkaSerdesTester] (ForkJoinPool.commonPool-worker-3) topic-e3477354_dce2_4324_9cbb_c059a84e4196 0 0 {"key1": "value-0"}
2025-10-08 17:31:12,217 INFO  [io.api.tes.ser.api.KafkaSerdesTester] (ForkJoinPool.commonPool-worker-3) topic-e3477354_dce2_4324_9cbb_c059a84e4196 0 1 {"key1": "value-1"}
2025-10-08 17:31:12,217 INFO  [io.api.tes.ser.api.KafkaSerdesTester] (ForkJoinPool.commonPool-worker-3) topic-e3477354_dce2_4324_9cbb_c059a84e4196 0 2 {"key1": "value-2"}
2025-10-08 17:31:12,217 INFO  [io.api.tes.ser.api.KafkaSerdesTester] (ForkJoinPool.commonPool-worker-3) topic-e3477354_dce2_4324_9cbb_c059a84e4196 0 3 {"key1": "value-3"}
2025-10-08 17:31:12,217 INFO  [io.api.tes.ser.api.KafkaSerdesTester] (ForkJoinPool.commonPool-worker-3) topic-e3477354_dce2_4324_9cbb_c059a84e4196 0 4 {"key1": "value-4"}
2025-10-08 17:31:12,217 INFO  [io.api.tes.ser.api.KafkaSerdesTester] (ForkJoinPool.commonPool-worker-3) topic-e3477354_dce2_4324_9cbb_c059a84e4196 0 5 {"key1": "value-5"}
2025-10-08 17:31:12,217 INFO  [io.api.tes.ser.api.KafkaSerdesTester] (ForkJoinPool.commonPool-worker-3) topic-e3477354_dce2_4324_9cbb_c059a84e4196 0 6 {"key1": "value-6"}
2025-10-08 17:31:12,217 INFO  [io.api.tes.ser.api.KafkaSerdesTester] (ForkJoinPool.commonPool-worker-3) topic-e3477354_dce2_4324_9cbb_c059a84e4196 0 7 {"key1": "value-7"}
2025-10-08 17:31:12,217 INFO  [io.api.tes.ser.api.KafkaSerdesTester] (ForkJoinPool.commonPool-worker-3) topic-e3477354_dce2_4324_9cbb_c059a84e4196 0 8 {"key1": "value-8"}
2025-10-08 17:31:12,217 INFO  [io.api.tes.ser.api.KafkaSerdesTester] (ForkJoinPool.commonPool-worker-3) topic-e3477354_dce2_4324_9cbb_c059a84e4196 0 9 {"key1": "value-9"}
2025-10-08 17:31:12,217 INFO  [io.api.tes.ser.api.KafkaSerdesTester] (ForkJoinPool.commonPool-worker-3) Consumed 10 messages
2025-10-08 17:31:12,223 INFO  [org.apa.kaf.cli.con.int.ConsumerRebalanceListenerInvoker] (ForkJoinPool.commonPool-worker-3) [Consumer clientId=consumer-Consumer-topic-e3477354_dce2_4324_9cbb_c059a84e4196-40, groupId=Consumer-topic-e3477354_dce2_4324_9cbb_c059a84e4196] Revoke previously assigned partitions topic-e3477354_dce2_4324_9cbb_c059a84e4196-0
2025-10-08 17:31:12,223 INFO  [org.apa.kaf.cli.con.int.ConsumerCoordinator] (ForkJoinPool.commonPool-worker-3) [Consumer clientId=consumer-Consumer-topic-e3477354_dce2_4324_9cbb_c059a84e4196-40, groupId=Consumer-topic-e3477354_dce2_4324_9cbb_c059a84e4196] Member consumer-Consumer-topic-e3477354_dce2_4324_9cbb_c059a84e4196-40-aad3caa4-6a53-4333-b813-063fa7cb950c sending LeaveGroup request to coordinator localhost:32769 (id: 2147483647 rack: null) due to the consumer is being closed
2025-10-08 17:31:12,223 INFO  [org.apa.kaf.cli.con.int.ConsumerCoordinator] (ForkJoinPool.commonPool-worker-3) [Consumer clientId=consumer-Consumer-topic-e3477354_dce2_4324_9cbb_c059a84e4196-40, groupId=Consumer-topic-e3477354_dce2_4324_9cbb_c059a84e4196] Resetting generation and member id due to: consumer pro-actively leaving the group
2025-10-08 17:31:12,223 INFO  [org.apa.kaf.cli.con.int.ConsumerCoordinator] (ForkJoinPool.commonPool-worker-3) [Consumer clientId=consumer-Consumer-topic-e3477354_dce2_4324_9cbb_c059a84e4196-40, groupId=Consumer-topic-e3477354_dce2_4324_9cbb_c059a84e4196] Request joining group due to: consumer pro-actively leaving the group
2025-10-08 17:31:12,718 INFO  [org.apa.kaf.com.met.Metrics] (ForkJoinPool.commonPool-worker-3) Metrics scheduler closed
2025-10-08 17:31:12,718 INFO  [org.apa.kaf.com.met.Metrics] (ForkJoinPool.commonPool-worker-3) Closing reporter org.apache.kafka.common.metrics.JmxReporter
2025-10-08 17:31:12,718 INFO  [org.apa.kaf.com.met.Metrics] (ForkJoinPool.commonPool-worker-3) Closing reporter org.apache.kafka.common.telemetry.internals.ClientTelemetryReporter
2025-10-08 17:31:12,718 INFO  [org.apa.kaf.com.met.Metrics] (ForkJoinPool.commonPool-worker-3) Metrics reporters closed
2025-10-08 17:31:12,719 INFO  [org.apa.kaf.com.uti.AppInfoParser] (ForkJoinPool.commonPool-worker-3) App info kafka.consumer for consumer-Consumer-topic-e3477354_dce2_4324_9cbb_c059a84e4196-40 unregistered
2025-10-08 17:31:12,754 INFO  [io.api.tes.ser.con.BasicConfluentSerDesIT] (main) Deleting confluent schema myrecordconfluent6
2025-10-08 17:31:12,761 INFO  [io.api.tes.uti.TestSeparator] (main) io.apicurio.tests.serdes.confluent.BasicConfluentSerDesIT.testAvroConfluentForMultipleTopics-FINISHED
2025-10-08 17:31:12,761 INFO  [io.api.tes.uti.TestSeparator] (main) ############################################################################
Test passed: testAvroConfluentForMultipleTopics
]]></system-out>
  </testcase>
  <testcase name="testAvroConfluentApicurio" classname="io.apicurio.tests.serdes.confluent.BasicConfluentSerDesIT" time="3.762">
    <system-out><![CDATA[2025-10-08 17:31:12,762 INFO  [io.api.tes.uti.TestSeparator] (main) ############################################################################
2025-10-08 17:31:12,762 INFO  [io.api.tes.uti.TestSeparator] (main) io.apicurio.tests.serdes.confluent.BasicConfluentSerDesIT.testAvroConfluentApicurio-STARTED
2025-10-08 17:31:12,778 INFO  [io.api.tes.ser.con.BasicConfluentSerDesIT] (main) Checking that created schema is equal to the get schema
2025-10-08 17:31:12,784 INFO  [io.api.tes.ser.con.BasicConfluentSerDesIT] (main) Created schema with id:113 and name:myrecordconfluent1
**** Registry Base URL: http://registry-app-inmemory.apps.ci414.apicurio-testing.org:80
2025-10-08 17:31:12,785 INFO  [org.apa.kaf.cli.pro.ProducerConfig] (main) ProducerConfig values: 
	acks = -1
	auto.include.jmx.reporter = true
	batch.size = 16384
	bootstrap.servers = [PLAINTEXT://localhost:32769]
	buffer.memory = 33554432
	client.dns.lookup = use_all_dns_ips
	client.id = Producer-topic-723a3777_18f0_4e03_89e1_6084e3dbe6a3
	compression.gzip.level = -1
	compression.lz4.level = 9
	compression.type = none
	compression.zstd.level = 3
	connections.max.idle.ms = 10000
	delivery.timeout.ms = 120000
	enable.idempotence = true
	enable.metrics.push = true
	interceptor.classes = []
	key.serializer = class org.apache.kafka.common.serialization.StringSerializer
	linger.ms = 0
	max.block.ms = 60000
	max.in.flight.requests.per.connection = 5
	max.request.size = 1048576
	metadata.max.age.ms = 300000
	metadata.max.idle.ms = 300000
	metadata.recovery.strategy = none
	metric.reporters = []
	metrics.num.samples = 2
	metrics.recording.level = INFO
	metrics.sample.window.ms = 30000
	partitioner.adaptive.partitioning.enable = true
	partitioner.availability.timeout.ms = 0
	partitioner.class = null
	partitioner.ignore.keys = false
	receive.buffer.bytes = 32768
	reconnect.backoff.max.ms = 1000
	reconnect.backoff.ms = 50
	request.timeout.ms = 5000
	retries = 2147483647
	retry.backoff.max.ms = 1000
	retry.backoff.ms = 100
	sasl.client.callback.handler.class = null
	sasl.jaas.config = null
	sasl.kerberos.kinit.cmd = /usr/bin/kinit
	sasl.kerberos.min.time.before.relogin = 60000
	sasl.kerberos.service.name = null
	sasl.kerberos.ticket.renew.jitter = 0.05
	sasl.kerberos.ticket.renew.window.factor = 0.8
	sasl.login.callback.handler.class = null
	sasl.login.class = null
	sasl.login.connect.timeout.ms = null
	sasl.login.read.timeout.ms = null
	sasl.login.refresh.buffer.seconds = 300
	sasl.login.refresh.min.period.seconds = 60
	sasl.login.refresh.window.factor = 0.8
	sasl.login.refresh.window.jitter = 0.05
	sasl.login.retry.backoff.max.ms = 10000
	sasl.login.retry.backoff.ms = 100
	sasl.mechanism = GSSAPI
	sasl.oauthbearer.clock.skew.seconds = 30
	sasl.oauthbearer.expected.audience = null
	sasl.oauthbearer.expected.issuer = null
	sasl.oauthbearer.header.urlencode = false
	sasl.oauthbearer.jwks.endpoint.refresh.ms = 3600000
	sasl.oauthbearer.jwks.endpoint.retry.backoff.max.ms = 10000
	sasl.oauthbearer.jwks.endpoint.retry.backoff.ms = 100
	sasl.oauthbearer.jwks.endpoint.url = null
	sasl.oauthbearer.scope.claim.name = scope
	sasl.oauthbearer.sub.claim.name = sub
	sasl.oauthbearer.token.endpoint.url = null
	security.protocol = PLAINTEXT
	security.providers = null
	send.buffer.bytes = 131072
	socket.connection.setup.timeout.max.ms = 30000
	socket.connection.setup.timeout.ms = 10000
	ssl.cipher.suites = null
	ssl.enabled.protocols = [TLSv1.2, TLSv1.3]
	ssl.endpoint.identification.algorithm = https
	ssl.engine.factory.class = null
	ssl.key.password = null
	ssl.keymanager.algorithm = SunX509
	ssl.keystore.certificate.chain = null
	ssl.keystore.key = null
	ssl.keystore.location = null
	ssl.keystore.password = null
	ssl.keystore.type = JKS
	ssl.protocol = TLSv1.3
	ssl.provider = null
	ssl.secure.random.implementation = null
	ssl.trustmanager.algorithm = PKIX
	ssl.truststore.certificates = null
	ssl.truststore.location = null
	ssl.truststore.password = null
	ssl.truststore.type = JKS
	transaction.timeout.ms = 60000
	transactional.id = null
	value.serializer = class io.confluent.kafka.serializers.KafkaAvroSerializer

2025-10-08 17:31:12,785 INFO  [org.apa.kaf.com.tel.int.KafkaMetricsCollector] (main) initializing Kafka metrics collector
2025-10-08 17:31:12,785 INFO  [io.con.kaf.ser.KafkaAvroSerializerConfig] (main) KafkaAvroSerializerConfig values: 
	auto.register.schemas = false
	avro.reflection.allow.null = false
	avro.remove.java.properties = false
	avro.use.logical.type.converters = false
	basic.auth.credentials.source = URL
	basic.auth.user.info = [hidden]
	bearer.auth.cache.expiry.buffer.seconds = 300
	bearer.auth.client.id = null
	bearer.auth.client.secret = null
	bearer.auth.credentials.source = STATIC_TOKEN
	bearer.auth.custom.provider.class = null
	bearer.auth.identity.pool.id = null
	bearer.auth.issuer.endpoint.url = null
	bearer.auth.logical.cluster = null
	bearer.auth.scope = null
	bearer.auth.scope.claim.name = scope
	bearer.auth.sub.claim.name = sub
	bearer.auth.token = [hidden]
	context.name.strategy = class io.confluent.kafka.serializers.context.NullContextNameStrategy
	http.connect.timeout.ms = 60000
	http.read.timeout.ms = 60000
	id.compatibility.strict = true
	key.schema.id.deserializer = class io.confluent.kafka.serializers.schema.id.DualSchemaIdDeserializer
	key.schema.id.serializer = class io.confluent.kafka.serializers.schema.id.PrefixSchemaIdSerializer
	key.subject.name.strategy = class io.confluent.kafka.serializers.subject.TopicNameStrategy
	latest.cache.size = 1000
	latest.cache.ttl.sec = -1
	latest.compatibility.strict = true
	max.retries = 3
	max.schemas.per.subject = 1000
	normalize.schemas = false
	propagate.schema.tags = false
	proxy.host = 
	proxy.port = -1
	retries.max.wait.ms = 20000
	retries.wait.ms = 1000
	rule.actions = []
	rule.executors = []
	rule.service.loader.enable = true
	schema.format = null
	schema.reflection = false
	schema.registry.basic.auth.user.info = [hidden]
	schema.registry.ssl.cipher.suites = null
	schema.registry.ssl.enabled.protocols = [TLSv1.2, TLSv1.3]
	schema.registry.ssl.endpoint.identification.algorithm = https
	schema.registry.ssl.engine.factory.class = null
	schema.registry.ssl.key.password = null
	schema.registry.ssl.keymanager.algorithm = SunX509
	schema.registry.ssl.keystore.certificate.chain = null
	schema.registry.ssl.keystore.key = null
	schema.registry.ssl.keystore.location = null
	schema.registry.ssl.keystore.password = null
	schema.registry.ssl.keystore.type = JKS
	schema.registry.ssl.protocol = TLSv1.3
	schema.registry.ssl.provider = null
	schema.registry.ssl.secure.random.implementation = null
	schema.registry.ssl.trustmanager.algorithm = PKIX
	schema.registry.ssl.truststore.certificates = null
	schema.registry.ssl.truststore.location = null
	schema.registry.ssl.truststore.password = null
	schema.registry.ssl.truststore.type = JKS
	schema.registry.url = [http://registry-app-inmemory.apps.ci414.apicurio-testing.org:80/apis/ccompat/v7]
	schema.registry.url.randomize = false
	use.latest.version = false
	use.latest.with.metadata = null
	use.schema.id = -1
	value.schema.id.deserializer = class io.confluent.kafka.serializers.schema.id.DualSchemaIdDeserializer
	value.schema.id.serializer = class io.confluent.kafka.serializers.schema.id.PrefixSchemaIdSerializer
	value.subject.name.strategy = class io.confluent.kafka.serializers.subject.TopicNameStrategy

2025-10-08 17:31:12,786 INFO  [org.apa.kaf.cli.pro.KafkaProducer] (main) [Producer clientId=Producer-topic-723a3777_18f0_4e03_89e1_6084e3dbe6a3] Instantiated an idempotent producer.
2025-10-08 17:31:12,787 INFO  [org.apa.kaf.cli.pro.ProducerConfig] (main) These configurations '[schema.registry.url, auto.register.schemas, value.subject.name.strategy]' were supplied but are not used yet.
2025-10-08 17:31:12,787 INFO  [org.apa.kaf.com.uti.AppInfoParser] (main) Kafka version: 3.9.1
2025-10-08 17:31:12,787 INFO  [org.apa.kaf.com.uti.AppInfoParser] (main) Kafka commitId: f745dfdcee2b9851
2025-10-08 17:31:12,787 INFO  [org.apa.kaf.com.uti.AppInfoParser] (main) Kafka startTimeMs: 1759944672787
2025-10-08 17:31:12,788 INFO  [io.api.tes.ser.api.SimpleSerdesTesterBuilder$SimpleSerdesTester] (main) Using producer configuration: {schema.registry.url=http://registry-app-inmemory.apps.ci414.apicurio-testing.org:80/apis/ccompat/v7, value.serializer=io.confluent.kafka.serializers.KafkaAvroSerializer, request.timeout.ms=5000, auto.register.schemas=false, acks=all, bootstrap.servers=PLAINTEXT://localhost:32769, connections.max.idle.ms=10000, key.serializer=org.apache.kafka.common.serialization.StringSerializer, value.subject.name.strategy=io.confluent.kafka.serializers.subject.TopicNameStrategy, client.id=Producer-topic-723a3777_18f0_4e03_89e1_6084e3dbe6a3}
2025-10-08 17:31:12,788 INFO  [io.api.tes.ser.api.SimpleSerdesTesterBuilder$SimpleSerdesTester] (main) Using consumer configuration: {}
2025-10-08 17:31:12,788 INFO  [io.api.tes.ser.api.KafkaSerdesTester] (ForkJoinPool.commonPool-worker-3) Sending message {"key1": "value-0"} to topic topic-723a3777_18f0_4e03_89e1_6084e3dbe6a3
2025-10-08 17:31:12,790 WARN  [org.apa.kaf.cli.NetworkClient] (kafka-producer-network-thread | Producer-topic-723a3777_18f0_4e03_89e1_6084e3dbe6a3) [Producer clientId=Producer-topic-723a3777_18f0_4e03_89e1_6084e3dbe6a3] The metadata response from the cluster reported a recoverable issue with correlation id 1 : {topic-723a3777_18f0_4e03_89e1_6084e3dbe6a3=UNKNOWN_TOPIC_OR_PARTITION}
2025-10-08 17:31:12,790 INFO  [org.apa.kaf.cli.Metadata] (kafka-producer-network-thread | Producer-topic-723a3777_18f0_4e03_89e1_6084e3dbe6a3) [Producer clientId=Producer-topic-723a3777_18f0_4e03_89e1_6084e3dbe6a3] Cluster ID: R7TsD1pyQX2HMwyS3tZayg
2025-10-08 17:31:12,790 INFO  [org.apa.kaf.cli.pro.int.TransactionManager] (kafka-producer-network-thread | Producer-topic-723a3777_18f0_4e03_89e1_6084e3dbe6a3) [Producer clientId=Producer-topic-723a3777_18f0_4e03_89e1_6084e3dbe6a3] ProducerId set to 54 with epoch 0
2025-10-08 17:31:12,914 INFO  [io.api.tes.ser.api.KafkaSerdesTester] (ForkJoinPool.commonPool-worker-3) Sending message {"key1": "value-1"} to topic topic-723a3777_18f0_4e03_89e1_6084e3dbe6a3
2025-10-08 17:31:12,916 INFO  [io.api.tes.ser.api.KafkaSerdesTester] (ForkJoinPool.commonPool-worker-3) Sending message {"key1": "value-2"} to topic topic-723a3777_18f0_4e03_89e1_6084e3dbe6a3
2025-10-08 17:31:12,917 INFO  [io.api.tes.ser.api.KafkaSerdesTester] (ForkJoinPool.commonPool-worker-3) Sending message {"key1": "value-3"} to topic topic-723a3777_18f0_4e03_89e1_6084e3dbe6a3
2025-10-08 17:31:12,918 INFO  [io.api.tes.ser.api.KafkaSerdesTester] (ForkJoinPool.commonPool-worker-3) Sending message {"key1": "value-4"} to topic topic-723a3777_18f0_4e03_89e1_6084e3dbe6a3
2025-10-08 17:31:12,919 INFO  [io.api.tes.ser.api.KafkaSerdesTester] (ForkJoinPool.commonPool-worker-3) Sending message {"key1": "value-5"} to topic topic-723a3777_18f0_4e03_89e1_6084e3dbe6a3
2025-10-08 17:31:12,920 INFO  [io.api.tes.ser.api.KafkaSerdesTester] (ForkJoinPool.commonPool-worker-3) Sending message {"key1": "value-6"} to topic topic-723a3777_18f0_4e03_89e1_6084e3dbe6a3
2025-10-08 17:31:12,920 INFO  [io.api.tes.ser.api.KafkaSerdesTester] (ForkJoinPool.commonPool-worker-3) Sending message {"key1": "value-7"} to topic topic-723a3777_18f0_4e03_89e1_6084e3dbe6a3
2025-10-08 17:31:12,921 INFO  [io.api.tes.ser.api.KafkaSerdesTester] (ForkJoinPool.commonPool-worker-3) Sending message {"key1": "value-8"} to topic topic-723a3777_18f0_4e03_89e1_6084e3dbe6a3
2025-10-08 17:31:12,922 INFO  [io.api.tes.ser.api.KafkaSerdesTester] (ForkJoinPool.commonPool-worker-3) Sending message {"key1": "value-9"} to topic topic-723a3777_18f0_4e03_89e1_6084e3dbe6a3
2025-10-08 17:31:12,923 INFO  [io.api.tes.ser.api.KafkaSerdesTester] (ForkJoinPool.commonPool-worker-3) Produced 10 messages
2025-10-08 17:31:12,923 INFO  [org.apa.kaf.cli.pro.KafkaProducer] (ForkJoinPool.commonPool-worker-3) [Producer clientId=Producer-topic-723a3777_18f0_4e03_89e1_6084e3dbe6a3] Closing the Kafka producer with timeoutMillis = 9223372036854775807 ms.
2025-10-08 17:31:12,924 INFO  [org.apa.kaf.com.met.Metrics] (ForkJoinPool.commonPool-worker-3) Metrics scheduler closed
2025-10-08 17:31:12,924 INFO  [org.apa.kaf.com.met.Metrics] (ForkJoinPool.commonPool-worker-3) Closing reporter org.apache.kafka.common.metrics.JmxReporter
2025-10-08 17:31:12,924 INFO  [org.apa.kaf.com.met.Metrics] (ForkJoinPool.commonPool-worker-3) Closing reporter org.apache.kafka.common.telemetry.internals.ClientTelemetryReporter
2025-10-08 17:31:12,924 INFO  [org.apa.kaf.com.met.Metrics] (ForkJoinPool.commonPool-worker-3) Metrics reporters closed
2025-10-08 17:31:12,924 INFO  [org.apa.kaf.com.uti.AppInfoParser] (ForkJoinPool.commonPool-worker-3) App info kafka.producer for Producer-topic-723a3777_18f0_4e03_89e1_6084e3dbe6a3 unregistered
**** Registry Base URL: http://registry-app-inmemory.apps.ci414.apicurio-testing.org:80
2025-10-08 17:31:12,925 INFO  [org.apa.kaf.cli.con.ConsumerConfig] (main) ConsumerConfig values: 
	allow.auto.create.topics = true
	auto.commit.interval.ms = 500
	auto.include.jmx.reporter = true
	auto.offset.reset = earliest
	bootstrap.servers = [PLAINTEXT://localhost:32769]
	check.crcs = true
	client.dns.lookup = use_all_dns_ips
	client.id = consumer-Consumer-topic-723a3777_18f0_4e03_89e1_6084e3dbe6a3-41
	client.rack = 
	connections.max.idle.ms = 10000
	default.api.timeout.ms = 60000
	enable.auto.commit = true
	enable.metrics.push = true
	exclude.internal.topics = true
	fetch.max.bytes = 52428800
	fetch.max.wait.ms = 500
	fetch.min.bytes = 1
	group.id = Consumer-topic-723a3777_18f0_4e03_89e1_6084e3dbe6a3
	group.instance.id = null
	group.protocol = classic
	group.remote.assignor = null
	heartbeat.interval.ms = 3000
	interceptor.classes = []
	internal.leave.group.on.close = true
	internal.throw.on.fetch.stable.offset.unsupported = false
	isolation.level = read_uncommitted
	key.deserializer = class org.apache.kafka.common.serialization.StringDeserializer
	max.partition.fetch.bytes = 1048576
	max.poll.interval.ms = 300000
	max.poll.records = 500
	metadata.max.age.ms = 300000
	metadata.recovery.strategy = none
	metric.reporters = []
	metrics.num.samples = 2
	metrics.recording.level = INFO
	metrics.sample.window.ms = 30000
	partition.assignment.strategy = [class org.apache.kafka.clients.consumer.RangeAssignor, class org.apache.kafka.clients.consumer.CooperativeStickyAssignor]
	receive.buffer.bytes = 65536
	reconnect.backoff.max.ms = 1000
	reconnect.backoff.ms = 50
	request.timeout.ms = 5000
	retry.backoff.max.ms = 1000
	retry.backoff.ms = 100
	sasl.client.callback.handler.class = null
	sasl.jaas.config = null
	sasl.kerberos.kinit.cmd = /usr/bin/kinit
	sasl.kerberos.min.time.before.relogin = 60000
	sasl.kerberos.service.name = null
	sasl.kerberos.ticket.renew.jitter = 0.05
	sasl.kerberos.ticket.renew.window.factor = 0.8
	sasl.login.callback.handler.class = null
	sasl.login.class = null
	sasl.login.connect.timeout.ms = null
	sasl.login.read.timeout.ms = null
	sasl.login.refresh.buffer.seconds = 300
	sasl.login.refresh.min.period.seconds = 60
	sasl.login.refresh.window.factor = 0.8
	sasl.login.refresh.window.jitter = 0.05
	sasl.login.retry.backoff.max.ms = 10000
	sasl.login.retry.backoff.ms = 100
	sasl.mechanism = GSSAPI
	sasl.oauthbearer.clock.skew.seconds = 30
	sasl.oauthbearer.expected.audience = null
	sasl.oauthbearer.expected.issuer = null
	sasl.oauthbearer.header.urlencode = false
	sasl.oauthbearer.jwks.endpoint.refresh.ms = 3600000
	sasl.oauthbearer.jwks.endpoint.retry.backoff.max.ms = 10000
	sasl.oauthbearer.jwks.endpoint.retry.backoff.ms = 100
	sasl.oauthbearer.jwks.endpoint.url = null
	sasl.oauthbearer.scope.claim.name = scope
	sasl.oauthbearer.sub.claim.name = sub
	sasl.oauthbearer.token.endpoint.url = null
	security.protocol = PLAINTEXT
	security.providers = null
	send.buffer.bytes = 131072
	session.timeout.ms = 45000
	socket.connection.setup.timeout.max.ms = 30000
	socket.connection.setup.timeout.ms = 10000
	ssl.cipher.suites = null
	ssl.enabled.protocols = [TLSv1.2, TLSv1.3]
	ssl.endpoint.identification.algorithm = https
	ssl.engine.factory.class = null
	ssl.key.password = null
	ssl.keymanager.algorithm = SunX509
	ssl.keystore.certificate.chain = null
	ssl.keystore.key = null
	ssl.keystore.location = null
	ssl.keystore.password = null
	ssl.keystore.type = JKS
	ssl.protocol = TLSv1.3
	ssl.provider = null
	ssl.secure.random.implementation = null
	ssl.trustmanager.algorithm = PKIX
	ssl.truststore.certificates = null
	ssl.truststore.location = null
	ssl.truststore.password = null
	ssl.truststore.type = JKS
	value.deserializer = class io.apicurio.registry.serde.avro.AvroKafkaDeserializer

2025-10-08 17:31:12,925 INFO  [org.apa.kaf.com.tel.int.KafkaMetricsCollector] (main) initializing Kafka metrics collector
2025-10-08 17:31:12,929 INFO  [org.apa.kaf.cli.con.ConsumerConfig] (main) These configurations '[apicurio.registry.url]' were supplied but are not used yet.
2025-10-08 17:31:12,929 INFO  [org.apa.kaf.com.uti.AppInfoParser] (main) Kafka version: 3.9.1
2025-10-08 17:31:12,929 INFO  [org.apa.kaf.com.uti.AppInfoParser] (main) Kafka commitId: f745dfdcee2b9851
2025-10-08 17:31:12,929 INFO  [org.apa.kaf.com.uti.AppInfoParser] (main) Kafka startTimeMs: 1759944672929
2025-10-08 17:31:12,929 INFO  [org.apa.kaf.cli.con.int.ClassicKafkaConsumer] (ForkJoinPool.commonPool-worker-3) [Consumer clientId=consumer-Consumer-topic-723a3777_18f0_4e03_89e1_6084e3dbe6a3-41, groupId=Consumer-topic-723a3777_18f0_4e03_89e1_6084e3dbe6a3] Subscribed to topic(s): topic-723a3777_18f0_4e03_89e1_6084e3dbe6a3
2025-10-08 17:31:12,932 INFO  [org.apa.kaf.cli.Metadata] (ForkJoinPool.commonPool-worker-3) [Consumer clientId=consumer-Consumer-topic-723a3777_18f0_4e03_89e1_6084e3dbe6a3-41, groupId=Consumer-topic-723a3777_18f0_4e03_89e1_6084e3dbe6a3] Cluster ID: R7TsD1pyQX2HMwyS3tZayg
2025-10-08 17:31:12,932 INFO  [org.apa.kaf.cli.con.int.ConsumerCoordinator] (ForkJoinPool.commonPool-worker-3) [Consumer clientId=consumer-Consumer-topic-723a3777_18f0_4e03_89e1_6084e3dbe6a3-41, groupId=Consumer-topic-723a3777_18f0_4e03_89e1_6084e3dbe6a3] Discovered group coordinator localhost:32769 (id: 2147483647 rack: null)
2025-10-08 17:31:12,933 INFO  [org.apa.kaf.cli.con.int.ConsumerCoordinator] (ForkJoinPool.commonPool-worker-3) [Consumer clientId=consumer-Consumer-topic-723a3777_18f0_4e03_89e1_6084e3dbe6a3-41, groupId=Consumer-topic-723a3777_18f0_4e03_89e1_6084e3dbe6a3] (Re-)joining group
2025-10-08 17:31:12,935 INFO  [org.apa.kaf.cli.con.int.ConsumerCoordinator] (ForkJoinPool.commonPool-worker-3) [Consumer clientId=consumer-Consumer-topic-723a3777_18f0_4e03_89e1_6084e3dbe6a3-41, groupId=Consumer-topic-723a3777_18f0_4e03_89e1_6084e3dbe6a3] Request joining group due to: need to re-join with the given member-id: consumer-Consumer-topic-723a3777_18f0_4e03_89e1_6084e3dbe6a3-41-3142a574-72bc-404f-9e55-3ba368df1196
2025-10-08 17:31:12,935 INFO  [org.apa.kaf.cli.con.int.ConsumerCoordinator] (ForkJoinPool.commonPool-worker-3) [Consumer clientId=consumer-Consumer-topic-723a3777_18f0_4e03_89e1_6084e3dbe6a3-41, groupId=Consumer-topic-723a3777_18f0_4e03_89e1_6084e3dbe6a3] (Re-)joining group
2025-10-08 17:31:13,929 INFO  [io.api.tes.ser.api.KafkaSerdesTester] (ForkJoinPool.commonPool-worker-3) None found
2025-10-08 17:31:14,930 INFO  [io.api.tes.ser.api.KafkaSerdesTester] (ForkJoinPool.commonPool-worker-3) None found
2025-10-08 17:31:15,931 INFO  [io.api.tes.ser.api.KafkaSerdesTester] (ForkJoinPool.commonPool-worker-3) None found
2025-10-08 17:31:15,936 INFO  [org.apa.kaf.cli.con.int.ConsumerCoordinator] (ForkJoinPool.commonPool-worker-3) [Consumer clientId=consumer-Consumer-topic-723a3777_18f0_4e03_89e1_6084e3dbe6a3-41, groupId=Consumer-topic-723a3777_18f0_4e03_89e1_6084e3dbe6a3] Successfully joined group with generation Generation{generationId=1, memberId='consumer-Consumer-topic-723a3777_18f0_4e03_89e1_6084e3dbe6a3-41-3142a574-72bc-404f-9e55-3ba368df1196', protocol='range'}
2025-10-08 17:31:15,936 INFO  [org.apa.kaf.cli.con.int.ConsumerCoordinator] (ForkJoinPool.commonPool-worker-3) [Consumer clientId=consumer-Consumer-topic-723a3777_18f0_4e03_89e1_6084e3dbe6a3-41, groupId=Consumer-topic-723a3777_18f0_4e03_89e1_6084e3dbe6a3] Finished assignment for group at generation 1: {consumer-Consumer-topic-723a3777_18f0_4e03_89e1_6084e3dbe6a3-41-3142a574-72bc-404f-9e55-3ba368df1196=Assignment(partitions=[topic-723a3777_18f0_4e03_89e1_6084e3dbe6a3-0])}
2025-10-08 17:31:15,942 INFO  [org.apa.kaf.cli.con.int.ConsumerCoordinator] (ForkJoinPool.commonPool-worker-3) [Consumer clientId=consumer-Consumer-topic-723a3777_18f0_4e03_89e1_6084e3dbe6a3-41, groupId=Consumer-topic-723a3777_18f0_4e03_89e1_6084e3dbe6a3] Successfully synced group in generation Generation{generationId=1, memberId='consumer-Consumer-topic-723a3777_18f0_4e03_89e1_6084e3dbe6a3-41-3142a574-72bc-404f-9e55-3ba368df1196', protocol='range'}
2025-10-08 17:31:15,942 INFO  [org.apa.kaf.cli.con.int.ConsumerCoordinator] (ForkJoinPool.commonPool-worker-3) [Consumer clientId=consumer-Consumer-topic-723a3777_18f0_4e03_89e1_6084e3dbe6a3-41, groupId=Consumer-topic-723a3777_18f0_4e03_89e1_6084e3dbe6a3] Notifying assignor about the new Assignment(partitions=[topic-723a3777_18f0_4e03_89e1_6084e3dbe6a3-0])
2025-10-08 17:31:15,943 INFO  [org.apa.kaf.cli.con.int.ConsumerRebalanceListenerInvoker] (ForkJoinPool.commonPool-worker-3) [Consumer clientId=consumer-Consumer-topic-723a3777_18f0_4e03_89e1_6084e3dbe6a3-41, groupId=Consumer-topic-723a3777_18f0_4e03_89e1_6084e3dbe6a3] Adding newly assigned partitions: topic-723a3777_18f0_4e03_89e1_6084e3dbe6a3-0
2025-10-08 17:31:15,943 INFO  [org.apa.kaf.cli.con.int.ConsumerCoordinator] (ForkJoinPool.commonPool-worker-3) [Consumer clientId=consumer-Consumer-topic-723a3777_18f0_4e03_89e1_6084e3dbe6a3-41, groupId=Consumer-topic-723a3777_18f0_4e03_89e1_6084e3dbe6a3] Found no committed offset for partition topic-723a3777_18f0_4e03_89e1_6084e3dbe6a3-0
2025-10-08 17:31:15,945 INFO  [org.apa.kaf.cli.con.int.SubscriptionState] (ForkJoinPool.commonPool-worker-3) [Consumer clientId=consumer-Consumer-topic-723a3777_18f0_4e03_89e1_6084e3dbe6a3-41, groupId=Consumer-topic-723a3777_18f0_4e03_89e1_6084e3dbe6a3] Resetting offset for partition topic-723a3777_18f0_4e03_89e1_6084e3dbe6a3-0 to position FetchPosition{offset=0, offsetEpoch=Optional.empty, currentLeader=LeaderAndEpoch{leader=Optional[localhost:32769 (id: 0 rack: null)], epoch=0}}.
2025-10-08 17:31:15,995 INFO  [io.api.tes.ser.api.KafkaSerdesTester] (ForkJoinPool.commonPool-worker-3) topic-723a3777_18f0_4e03_89e1_6084e3dbe6a3 0 0 {"key1": "value-0"}
2025-10-08 17:31:15,995 INFO  [io.api.tes.ser.api.KafkaSerdesTester] (ForkJoinPool.commonPool-worker-3) topic-723a3777_18f0_4e03_89e1_6084e3dbe6a3 0 1 {"key1": "value-1"}
2025-10-08 17:31:15,995 INFO  [io.api.tes.ser.api.KafkaSerdesTester] (ForkJoinPool.commonPool-worker-3) topic-723a3777_18f0_4e03_89e1_6084e3dbe6a3 0 2 {"key1": "value-2"}
2025-10-08 17:31:15,995 INFO  [io.api.tes.ser.api.KafkaSerdesTester] (ForkJoinPool.commonPool-worker-3) topic-723a3777_18f0_4e03_89e1_6084e3dbe6a3 0 3 {"key1": "value-3"}
2025-10-08 17:31:15,995 INFO  [io.api.tes.ser.api.KafkaSerdesTester] (ForkJoinPool.commonPool-worker-3) topic-723a3777_18f0_4e03_89e1_6084e3dbe6a3 0 4 {"key1": "value-4"}
2025-10-08 17:31:15,995 INFO  [io.api.tes.ser.api.KafkaSerdesTester] (ForkJoinPool.commonPool-worker-3) topic-723a3777_18f0_4e03_89e1_6084e3dbe6a3 0 5 {"key1": "value-5"}
2025-10-08 17:31:15,995 INFO  [io.api.tes.ser.api.KafkaSerdesTester] (ForkJoinPool.commonPool-worker-3) topic-723a3777_18f0_4e03_89e1_6084e3dbe6a3 0 6 {"key1": "value-6"}
2025-10-08 17:31:15,995 INFO  [io.api.tes.ser.api.KafkaSerdesTester] (ForkJoinPool.commonPool-worker-3) topic-723a3777_18f0_4e03_89e1_6084e3dbe6a3 0 7 {"key1": "value-7"}
2025-10-08 17:31:15,995 INFO  [io.api.tes.ser.api.KafkaSerdesTester] (ForkJoinPool.commonPool-worker-3) topic-723a3777_18f0_4e03_89e1_6084e3dbe6a3 0 8 {"key1": "value-8"}
2025-10-08 17:31:15,995 INFO  [io.api.tes.ser.api.KafkaSerdesTester] (ForkJoinPool.commonPool-worker-3) topic-723a3777_18f0_4e03_89e1_6084e3dbe6a3 0 9 {"key1": "value-9"}
2025-10-08 17:31:15,995 INFO  [io.api.tes.ser.api.KafkaSerdesTester] (ForkJoinPool.commonPool-worker-3) Consumed 10 messages
2025-10-08 17:31:16,002 INFO  [org.apa.kaf.cli.con.int.ConsumerRebalanceListenerInvoker] (ForkJoinPool.commonPool-worker-3) [Consumer clientId=consumer-Consumer-topic-723a3777_18f0_4e03_89e1_6084e3dbe6a3-41, groupId=Consumer-topic-723a3777_18f0_4e03_89e1_6084e3dbe6a3] Revoke previously assigned partitions topic-723a3777_18f0_4e03_89e1_6084e3dbe6a3-0
2025-10-08 17:31:16,002 INFO  [org.apa.kaf.cli.con.int.ConsumerCoordinator] (ForkJoinPool.commonPool-worker-3) [Consumer clientId=consumer-Consumer-topic-723a3777_18f0_4e03_89e1_6084e3dbe6a3-41, groupId=Consumer-topic-723a3777_18f0_4e03_89e1_6084e3dbe6a3] Member consumer-Consumer-topic-723a3777_18f0_4e03_89e1_6084e3dbe6a3-41-3142a574-72bc-404f-9e55-3ba368df1196 sending LeaveGroup request to coordinator localhost:32769 (id: 2147483647 rack: null) due to the consumer is being closed
2025-10-08 17:31:16,002 INFO  [org.apa.kaf.cli.con.int.ConsumerCoordinator] (ForkJoinPool.commonPool-worker-3) [Consumer clientId=consumer-Consumer-topic-723a3777_18f0_4e03_89e1_6084e3dbe6a3-41, groupId=Consumer-topic-723a3777_18f0_4e03_89e1_6084e3dbe6a3] Resetting generation and member id due to: consumer pro-actively leaving the group
2025-10-08 17:31:16,002 INFO  [org.apa.kaf.cli.con.int.ConsumerCoordinator] (ForkJoinPool.commonPool-worker-3) [Consumer clientId=consumer-Consumer-topic-723a3777_18f0_4e03_89e1_6084e3dbe6a3-41, groupId=Consumer-topic-723a3777_18f0_4e03_89e1_6084e3dbe6a3] Request joining group due to: consumer pro-actively leaving the group
2025-10-08 17:31:16,497 INFO  [org.apa.kaf.com.met.Metrics] (ForkJoinPool.commonPool-worker-3) Metrics scheduler closed
2025-10-08 17:31:16,497 INFO  [org.apa.kaf.com.met.Metrics] (ForkJoinPool.commonPool-worker-3) Closing reporter org.apache.kafka.common.metrics.JmxReporter
2025-10-08 17:31:16,497 INFO  [org.apa.kaf.com.met.Metrics] (ForkJoinPool.commonPool-worker-3) Closing reporter org.apache.kafka.common.telemetry.internals.ClientTelemetryReporter
2025-10-08 17:31:16,497 INFO  [org.apa.kaf.com.met.Metrics] (ForkJoinPool.commonPool-worker-3) Metrics reporters closed
2025-10-08 17:31:16,498 INFO  [org.apa.kaf.com.uti.AppInfoParser] (ForkJoinPool.commonPool-worker-3) App info kafka.consumer for consumer-Consumer-topic-723a3777_18f0_4e03_89e1_6084e3dbe6a3-41 unregistered
2025-10-08 17:31:16,517 INFO  [io.api.tes.ser.con.BasicConfluentSerDesIT] (main) Deleting confluent schema topic-723a3777_18f0_4e03_89e1_6084e3dbe6a3-value
2025-10-08 17:31:16,524 INFO  [io.api.tes.uti.TestSeparator] (main) io.apicurio.tests.serdes.confluent.BasicConfluentSerDesIT.testAvroConfluentApicurio-FINISHED
2025-10-08 17:31:16,524 INFO  [io.api.tes.uti.TestSeparator] (main) ############################################################################
Test passed: testAvroConfluentApicurio
]]></system-out>
  </testcase>
  <testcase name="testAvroConfluentSerDesWrongStrategyTopic" classname="io.apicurio.tests.serdes.confluent.BasicConfluentSerDesIT" time="0.068">
    <system-out><![CDATA[2025-10-08 17:31:16,525 INFO  [io.api.tes.uti.TestSeparator] (main) ############################################################################
2025-10-08 17:31:16,525 INFO  [io.api.tes.uti.TestSeparator] (main) io.apicurio.tests.serdes.confluent.BasicConfluentSerDesIT.testAvroConfluentSerDesWrongStrategyTopic-STARTED
2025-10-08 17:31:16,542 INFO  [io.api.tes.ser.con.BasicConfluentSerDesIT] (main) Checking that created schema is equal to the get schema
2025-10-08 17:31:16,548 INFO  [io.api.tes.ser.con.BasicConfluentSerDesIT] (main) Created schema with id:114 and name:myrecordconfluent3
**** Registry Base URL: http://registry-app-inmemory.apps.ci414.apicurio-testing.org:80
2025-10-08 17:31:16,549 INFO  [org.apa.kaf.cli.pro.ProducerConfig] (main) ProducerConfig values: 
	acks = -1
	auto.include.jmx.reporter = true
	batch.size = 16384
	bootstrap.servers = [PLAINTEXT://localhost:32769]
	buffer.memory = 33554432
	client.dns.lookup = use_all_dns_ips
	client.id = Producer-topic-6e778cd6_6803_419e_b231_375dfc6271fb
	compression.gzip.level = -1
	compression.lz4.level = 9
	compression.type = none
	compression.zstd.level = 3
	connections.max.idle.ms = 10000
	delivery.timeout.ms = 120000
	enable.idempotence = true
	enable.metrics.push = true
	interceptor.classes = []
	key.serializer = class org.apache.kafka.common.serialization.StringSerializer
	linger.ms = 0
	max.block.ms = 60000
	max.in.flight.requests.per.connection = 5
	max.request.size = 1048576
	metadata.max.age.ms = 300000
	metadata.max.idle.ms = 300000
	metadata.recovery.strategy = none
	metric.reporters = []
	metrics.num.samples = 2
	metrics.recording.level = INFO
	metrics.sample.window.ms = 30000
	partitioner.adaptive.partitioning.enable = true
	partitioner.availability.timeout.ms = 0
	partitioner.class = null
	partitioner.ignore.keys = false
	receive.buffer.bytes = 32768
	reconnect.backoff.max.ms = 1000
	reconnect.backoff.ms = 50
	request.timeout.ms = 5000
	retries = 2147483647
	retry.backoff.max.ms = 1000
	retry.backoff.ms = 100
	sasl.client.callback.handler.class = null
	sasl.jaas.config = null
	sasl.kerberos.kinit.cmd = /usr/bin/kinit
	sasl.kerberos.min.time.before.relogin = 60000
	sasl.kerberos.service.name = null
	sasl.kerberos.ticket.renew.jitter = 0.05
	sasl.kerberos.ticket.renew.window.factor = 0.8
	sasl.login.callback.handler.class = null
	sasl.login.class = null
	sasl.login.connect.timeout.ms = null
	sasl.login.read.timeout.ms = null
	sasl.login.refresh.buffer.seconds = 300
	sasl.login.refresh.min.period.seconds = 60
	sasl.login.refresh.window.factor = 0.8
	sasl.login.refresh.window.jitter = 0.05
	sasl.login.retry.backoff.max.ms = 10000
	sasl.login.retry.backoff.ms = 100
	sasl.mechanism = GSSAPI
	sasl.oauthbearer.clock.skew.seconds = 30
	sasl.oauthbearer.expected.audience = null
	sasl.oauthbearer.expected.issuer = null
	sasl.oauthbearer.header.urlencode = false
	sasl.oauthbearer.jwks.endpoint.refresh.ms = 3600000
	sasl.oauthbearer.jwks.endpoint.retry.backoff.max.ms = 10000
	sasl.oauthbearer.jwks.endpoint.retry.backoff.ms = 100
	sasl.oauthbearer.jwks.endpoint.url = null
	sasl.oauthbearer.scope.claim.name = scope
	sasl.oauthbearer.sub.claim.name = sub
	sasl.oauthbearer.token.endpoint.url = null
	security.protocol = PLAINTEXT
	security.providers = null
	send.buffer.bytes = 131072
	socket.connection.setup.timeout.max.ms = 30000
	socket.connection.setup.timeout.ms = 10000
	ssl.cipher.suites = null
	ssl.enabled.protocols = [TLSv1.2, TLSv1.3]
	ssl.endpoint.identification.algorithm = https
	ssl.engine.factory.class = null
	ssl.key.password = null
	ssl.keymanager.algorithm = SunX509
	ssl.keystore.certificate.chain = null
	ssl.keystore.key = null
	ssl.keystore.location = null
	ssl.keystore.password = null
	ssl.keystore.type = JKS
	ssl.protocol = TLSv1.3
	ssl.provider = null
	ssl.secure.random.implementation = null
	ssl.trustmanager.algorithm = PKIX
	ssl.truststore.certificates = null
	ssl.truststore.location = null
	ssl.truststore.password = null
	ssl.truststore.type = JKS
	transaction.timeout.ms = 60000
	transactional.id = null
	value.serializer = class io.confluent.kafka.serializers.KafkaAvroSerializer

2025-10-08 17:31:16,549 INFO  [org.apa.kaf.com.tel.int.KafkaMetricsCollector] (main) initializing Kafka metrics collector
2025-10-08 17:31:16,549 INFO  [io.con.kaf.ser.KafkaAvroSerializerConfig] (main) KafkaAvroSerializerConfig values: 
	auto.register.schemas = false
	avro.reflection.allow.null = false
	avro.remove.java.properties = false
	avro.use.logical.type.converters = false
	basic.auth.credentials.source = URL
	basic.auth.user.info = [hidden]
	bearer.auth.cache.expiry.buffer.seconds = 300
	bearer.auth.client.id = null
	bearer.auth.client.secret = null
	bearer.auth.credentials.source = STATIC_TOKEN
	bearer.auth.custom.provider.class = null
	bearer.auth.identity.pool.id = null
	bearer.auth.issuer.endpoint.url = null
	bearer.auth.logical.cluster = null
	bearer.auth.scope = null
	bearer.auth.scope.claim.name = scope
	bearer.auth.sub.claim.name = sub
	bearer.auth.token = [hidden]
	context.name.strategy = class io.confluent.kafka.serializers.context.NullContextNameStrategy
	http.connect.timeout.ms = 60000
	http.read.timeout.ms = 60000
	id.compatibility.strict = true
	key.schema.id.deserializer = class io.confluent.kafka.serializers.schema.id.DualSchemaIdDeserializer
	key.schema.id.serializer = class io.confluent.kafka.serializers.schema.id.PrefixSchemaIdSerializer
	key.subject.name.strategy = class io.confluent.kafka.serializers.subject.TopicNameStrategy
	latest.cache.size = 1000
	latest.cache.ttl.sec = -1
	latest.compatibility.strict = true
	max.retries = 3
	max.schemas.per.subject = 1000
	normalize.schemas = false
	propagate.schema.tags = false
	proxy.host = 
	proxy.port = -1
	retries.max.wait.ms = 20000
	retries.wait.ms = 1000
	rule.actions = []
	rule.executors = []
	rule.service.loader.enable = true
	schema.format = null
	schema.reflection = false
	schema.registry.basic.auth.user.info = [hidden]
	schema.registry.ssl.cipher.suites = null
	schema.registry.ssl.enabled.protocols = [TLSv1.2, TLSv1.3]
	schema.registry.ssl.endpoint.identification.algorithm = https
	schema.registry.ssl.engine.factory.class = null
	schema.registry.ssl.key.password = null
	schema.registry.ssl.keymanager.algorithm = SunX509
	schema.registry.ssl.keystore.certificate.chain = null
	schema.registry.ssl.keystore.key = null
	schema.registry.ssl.keystore.location = null
	schema.registry.ssl.keystore.password = null
	schema.registry.ssl.keystore.type = JKS
	schema.registry.ssl.protocol = TLSv1.3
	schema.registry.ssl.provider = null
	schema.registry.ssl.secure.random.implementation = null
	schema.registry.ssl.trustmanager.algorithm = PKIX
	schema.registry.ssl.truststore.certificates = null
	schema.registry.ssl.truststore.location = null
	schema.registry.ssl.truststore.password = null
	schema.registry.ssl.truststore.type = JKS
	schema.registry.url = [http://registry-app-inmemory.apps.ci414.apicurio-testing.org:80/apis/ccompat/v7]
	schema.registry.url.randomize = false
	use.latest.version = false
	use.latest.with.metadata = null
	use.schema.id = -1
	value.schema.id.deserializer = class io.confluent.kafka.serializers.schema.id.DualSchemaIdDeserializer
	value.schema.id.serializer = class io.confluent.kafka.serializers.schema.id.PrefixSchemaIdSerializer
	value.subject.name.strategy = class io.confluent.kafka.serializers.subject.TopicNameStrategy

2025-10-08 17:31:16,550 INFO  [org.apa.kaf.cli.pro.KafkaProducer] (main) [Producer clientId=Producer-topic-6e778cd6_6803_419e_b231_375dfc6271fb] Instantiated an idempotent producer.
2025-10-08 17:31:16,551 INFO  [org.apa.kaf.cli.pro.ProducerConfig] (main) These configurations '[schema.registry.url, auto.register.schemas, value.subject.name.strategy]' were supplied but are not used yet.
2025-10-08 17:31:16,551 INFO  [org.apa.kaf.com.uti.AppInfoParser] (main) Kafka version: 3.9.1
2025-10-08 17:31:16,551 INFO  [org.apa.kaf.com.uti.AppInfoParser] (main) Kafka commitId: f745dfdcee2b9851
2025-10-08 17:31:16,552 INFO  [org.apa.kaf.com.uti.AppInfoParser] (main) Kafka startTimeMs: 1759944676551
2025-10-08 17:31:16,552 INFO  [io.api.tes.ser.api.KafkaSerdesTester] (ForkJoinPool.commonPool-worker-3) Sending message {"key1": "value-0"} to topic topic-6e778cd6_6803_419e_b231_375dfc6271fb
2025-10-08 17:31:16,554 INFO  [org.apa.kaf.cli.Metadata] (kafka-producer-network-thread | Producer-topic-6e778cd6_6803_419e_b231_375dfc6271fb) [Producer clientId=Producer-topic-6e778cd6_6803_419e_b231_375dfc6271fb] Cluster ID: R7TsD1pyQX2HMwyS3tZayg
2025-10-08 17:31:16,555 INFO  [org.apa.kaf.cli.pro.int.TransactionManager] (kafka-producer-network-thread | Producer-topic-6e778cd6_6803_419e_b231_375dfc6271fb) [Producer clientId=Producer-topic-6e778cd6_6803_419e_b231_375dfc6271fb] ProducerId set to 55 with epoch 0
2025-10-08 17:31:16,565 INFO  [org.apa.kaf.cli.pro.KafkaProducer] (ForkJoinPool.commonPool-worker-3) [Producer clientId=Producer-topic-6e778cd6_6803_419e_b231_375dfc6271fb] Closing the Kafka producer with timeoutMillis = 9223372036854775807 ms.
2025-10-08 17:31:16,572 INFO  [org.apa.kaf.com.met.Metrics] (ForkJoinPool.commonPool-worker-3) Metrics scheduler closed
2025-10-08 17:31:16,572 INFO  [org.apa.kaf.com.met.Metrics] (ForkJoinPool.commonPool-worker-3) Closing reporter org.apache.kafka.common.metrics.JmxReporter
2025-10-08 17:31:16,572 INFO  [org.apa.kaf.com.met.Metrics] (ForkJoinPool.commonPool-worker-3) Closing reporter org.apache.kafka.common.telemetry.internals.ClientTelemetryReporter
2025-10-08 17:31:16,572 INFO  [org.apa.kaf.com.met.Metrics] (ForkJoinPool.commonPool-worker-3) Metrics reporters closed
2025-10-08 17:31:16,572 INFO  [org.apa.kaf.com.uti.AppInfoParser] (ForkJoinPool.commonPool-worker-3) App info kafka.producer for Producer-topic-6e778cd6_6803_419e_b231_375dfc6271fb unregistered
2025-10-08 17:31:16,585 INFO  [io.api.tes.ser.con.BasicConfluentSerDesIT] (main) Deleting confluent schema myrecordconfluent3
2025-10-08 17:31:16,592 INFO  [io.api.tes.uti.TestSeparator] (main) io.apicurio.tests.serdes.confluent.BasicConfluentSerDesIT.testAvroConfluentSerDesWrongStrategyTopic-FINISHED
2025-10-08 17:31:16,592 INFO  [io.api.tes.uti.TestSeparator] (main) ############################################################################
Test passed: testAvroConfluentSerDesWrongStrategyTopic
]]></system-out>
  </testcase>
  <testcase name="testAvroApicurioConfluent" classname="io.apicurio.tests.serdes.confluent.BasicConfluentSerDesIT" time="4.599">
    <system-out><![CDATA[2025-10-08 17:31:16,593 INFO  [io.api.tes.uti.TestSeparator] (main) ############################################################################
2025-10-08 17:31:16,593 INFO  [io.api.tes.uti.TestSeparator] (main) io.apicurio.tests.serdes.confluent.BasicConfluentSerDesIT.testAvroApicurioConfluent-STARTED
**** Registry Base URL: http://registry-app-inmemory.apps.ci414.apicurio-testing.org:80
2025-10-08 17:31:17,609 INFO  [org.apa.kaf.cli.pro.ProducerConfig] (main) ProducerConfig values: 
	acks = -1
	auto.include.jmx.reporter = true
	batch.size = 16384
	bootstrap.servers = [PLAINTEXT://localhost:32769]
	buffer.memory = 33554432
	client.dns.lookup = use_all_dns_ips
	client.id = Producer-topic-70753e43_94df_4240_af9e_beda38ca0379
	compression.gzip.level = -1
	compression.lz4.level = 9
	compression.type = none
	compression.zstd.level = 3
	connections.max.idle.ms = 10000
	delivery.timeout.ms = 120000
	enable.idempotence = true
	enable.metrics.push = true
	interceptor.classes = []
	key.serializer = class org.apache.kafka.common.serialization.StringSerializer
	linger.ms = 0
	max.block.ms = 60000
	max.in.flight.requests.per.connection = 5
	max.request.size = 1048576
	metadata.max.age.ms = 300000
	metadata.max.idle.ms = 300000
	metadata.recovery.strategy = none
	metric.reporters = []
	metrics.num.samples = 2
	metrics.recording.level = INFO
	metrics.sample.window.ms = 30000
	partitioner.adaptive.partitioning.enable = true
	partitioner.availability.timeout.ms = 0
	partitioner.class = null
	partitioner.ignore.keys = false
	receive.buffer.bytes = 32768
	reconnect.backoff.max.ms = 1000
	reconnect.backoff.ms = 50
	request.timeout.ms = 5000
	retries = 2147483647
	retry.backoff.max.ms = 1000
	retry.backoff.ms = 100
	sasl.client.callback.handler.class = null
	sasl.jaas.config = null
	sasl.kerberos.kinit.cmd = /usr/bin/kinit
	sasl.kerberos.min.time.before.relogin = 60000
	sasl.kerberos.service.name = null
	sasl.kerberos.ticket.renew.jitter = 0.05
	sasl.kerberos.ticket.renew.window.factor = 0.8
	sasl.login.callback.handler.class = null
	sasl.login.class = null
	sasl.login.connect.timeout.ms = null
	sasl.login.read.timeout.ms = null
	sasl.login.refresh.buffer.seconds = 300
	sasl.login.refresh.min.period.seconds = 60
	sasl.login.refresh.window.factor = 0.8
	sasl.login.refresh.window.jitter = 0.05
	sasl.login.retry.backoff.max.ms = 10000
	sasl.login.retry.backoff.ms = 100
	sasl.mechanism = GSSAPI
	sasl.oauthbearer.clock.skew.seconds = 30
	sasl.oauthbearer.expected.audience = null
	sasl.oauthbearer.expected.issuer = null
	sasl.oauthbearer.header.urlencode = false
	sasl.oauthbearer.jwks.endpoint.refresh.ms = 3600000
	sasl.oauthbearer.jwks.endpoint.retry.backoff.max.ms = 10000
	sasl.oauthbearer.jwks.endpoint.retry.backoff.ms = 100
	sasl.oauthbearer.jwks.endpoint.url = null
	sasl.oauthbearer.scope.claim.name = scope
	sasl.oauthbearer.sub.claim.name = sub
	sasl.oauthbearer.token.endpoint.url = null
	security.protocol = PLAINTEXT
	security.providers = null
	send.buffer.bytes = 131072
	socket.connection.setup.timeout.max.ms = 30000
	socket.connection.setup.timeout.ms = 10000
	ssl.cipher.suites = null
	ssl.enabled.protocols = [TLSv1.2, TLSv1.3]
	ssl.endpoint.identification.algorithm = https
	ssl.engine.factory.class = null
	ssl.key.password = null
	ssl.keymanager.algorithm = SunX509
	ssl.keystore.certificate.chain = null
	ssl.keystore.key = null
	ssl.keystore.location = null
	ssl.keystore.password = null
	ssl.keystore.type = JKS
	ssl.protocol = TLSv1.3
	ssl.provider = null
	ssl.secure.random.implementation = null
	ssl.trustmanager.algorithm = PKIX
	ssl.truststore.certificates = null
	ssl.truststore.location = null
	ssl.truststore.password = null
	ssl.truststore.type = JKS
	transaction.timeout.ms = 60000
	transactional.id = null
	value.serializer = class io.apicurio.registry.serde.avro.AvroKafkaSerializer

2025-10-08 17:31:17,609 INFO  [org.apa.kaf.com.tel.int.KafkaMetricsCollector] (main) initializing Kafka metrics collector
2025-10-08 17:31:17,611 INFO  [org.apa.kaf.cli.pro.KafkaProducer] (main) [Producer clientId=Producer-topic-70753e43_94df_4240_af9e_beda38ca0379] Instantiated an idempotent producer.
2025-10-08 17:31:17,612 INFO  [org.apa.kaf.cli.pro.ProducerConfig] (main) These configurations '[apicurio.registry.url, apicurio.registry.artifact-resolver-strategy]' were supplied but are not used yet.
2025-10-08 17:31:17,612 INFO  [org.apa.kaf.com.uti.AppInfoParser] (main) Kafka version: 3.9.1
2025-10-08 17:31:17,612 INFO  [org.apa.kaf.com.uti.AppInfoParser] (main) Kafka commitId: f745dfdcee2b9851
2025-10-08 17:31:17,612 INFO  [org.apa.kaf.com.uti.AppInfoParser] (main) Kafka startTimeMs: 1759944677612
2025-10-08 17:31:17,613 INFO  [io.api.tes.ser.api.SimpleSerdesTesterBuilder$SimpleSerdesTester] (main) Using producer configuration: {apicurio.registry.url=http://registry-app-inmemory.apps.ci414.apicurio-testing.org:80/apis/registry/v3, apicurio.registry.artifact-resolver-strategy=io.apicurio.registry.serde.strategy.TopicIdStrategy, value.serializer=io.apicurio.registry.serde.avro.AvroKafkaSerializer, request.timeout.ms=5000, acks=all, bootstrap.servers=PLAINTEXT://localhost:32769, connections.max.idle.ms=10000, key.serializer=org.apache.kafka.common.serialization.StringSerializer, client.id=Producer-topic-70753e43_94df_4240_af9e_beda38ca0379}
2025-10-08 17:31:17,613 INFO  [io.api.tes.ser.api.SimpleSerdesTesterBuilder$SimpleSerdesTester] (main) Using consumer configuration: {}
2025-10-08 17:31:17,613 INFO  [io.api.tes.ser.api.KafkaSerdesTester] (ForkJoinPool.commonPool-worker-3) Sending message {"key1": "value-0"} to topic topic-70753e43_94df_4240_af9e_beda38ca0379
2025-10-08 17:31:17,615 INFO  [org.apa.kaf.cli.Metadata] (kafka-producer-network-thread | Producer-topic-70753e43_94df_4240_af9e_beda38ca0379) [Producer clientId=Producer-topic-70753e43_94df_4240_af9e_beda38ca0379] Cluster ID: R7TsD1pyQX2HMwyS3tZayg
2025-10-08 17:31:17,615 INFO  [org.apa.kaf.cli.pro.int.TransactionManager] (kafka-producer-network-thread | Producer-topic-70753e43_94df_4240_af9e_beda38ca0379) [Producer clientId=Producer-topic-70753e43_94df_4240_af9e_beda38ca0379] ProducerId set to 56 with epoch 0
2025-10-08 17:31:17,615 INFO  [DefaultSchemaResolver] (ForkJoinPool.commonPool-worker-3) Retrieving schema content using string: {"type":"record","name":"myrecordconfluent1","fields":[{"name":"key1","type":"string"}]}
2025-10-08 17:31:17,630 INFO  [io.api.tes.ser.api.KafkaSerdesTester] (ForkJoinPool.commonPool-worker-3) Sending message {"key1": "value-1"} to topic topic-70753e43_94df_4240_af9e_beda38ca0379
2025-10-08 17:31:17,631 INFO  [io.api.tes.ser.api.KafkaSerdesTester] (ForkJoinPool.commonPool-worker-3) Sending message {"key1": "value-2"} to topic topic-70753e43_94df_4240_af9e_beda38ca0379
2025-10-08 17:31:17,632 INFO  [io.api.tes.ser.api.KafkaSerdesTester] (ForkJoinPool.commonPool-worker-3) Sending message {"key1": "value-3"} to topic topic-70753e43_94df_4240_af9e_beda38ca0379
2025-10-08 17:31:17,632 INFO  [io.api.tes.ser.api.KafkaSerdesTester] (ForkJoinPool.commonPool-worker-3) Sending message {"key1": "value-4"} to topic topic-70753e43_94df_4240_af9e_beda38ca0379
2025-10-08 17:31:17,633 INFO  [io.api.tes.ser.api.KafkaSerdesTester] (ForkJoinPool.commonPool-worker-3) Sending message {"key1": "value-5"} to topic topic-70753e43_94df_4240_af9e_beda38ca0379
2025-10-08 17:31:17,634 INFO  [io.api.tes.ser.api.KafkaSerdesTester] (ForkJoinPool.commonPool-worker-3) Sending message {"key1": "value-6"} to topic topic-70753e43_94df_4240_af9e_beda38ca0379
2025-10-08 17:31:17,635 INFO  [io.api.tes.ser.api.KafkaSerdesTester] (ForkJoinPool.commonPool-worker-3) Sending message {"key1": "value-7"} to topic topic-70753e43_94df_4240_af9e_beda38ca0379
2025-10-08 17:31:17,635 INFO  [io.api.tes.ser.api.KafkaSerdesTester] (ForkJoinPool.commonPool-worker-3) Sending message {"key1": "value-8"} to topic topic-70753e43_94df_4240_af9e_beda38ca0379
2025-10-08 17:31:17,636 INFO  [io.api.tes.ser.api.KafkaSerdesTester] (ForkJoinPool.commonPool-worker-3) Sending message {"key1": "value-9"} to topic topic-70753e43_94df_4240_af9e_beda38ca0379
2025-10-08 17:31:17,637 INFO  [io.api.tes.ser.api.KafkaSerdesTester] (ForkJoinPool.commonPool-worker-3) Produced 10 messages
2025-10-08 17:31:17,637 INFO  [org.apa.kaf.cli.pro.KafkaProducer] (ForkJoinPool.commonPool-worker-3) [Producer clientId=Producer-topic-70753e43_94df_4240_af9e_beda38ca0379] Closing the Kafka producer with timeoutMillis = 9223372036854775807 ms.
2025-10-08 17:31:17,638 INFO  [org.apa.kaf.com.met.Metrics] (ForkJoinPool.commonPool-worker-3) Metrics scheduler closed
2025-10-08 17:31:17,638 INFO  [org.apa.kaf.com.met.Metrics] (ForkJoinPool.commonPool-worker-3) Closing reporter org.apache.kafka.common.metrics.JmxReporter
2025-10-08 17:31:17,638 INFO  [org.apa.kaf.com.met.Metrics] (ForkJoinPool.commonPool-worker-3) Closing reporter org.apache.kafka.common.telemetry.internals.ClientTelemetryReporter
2025-10-08 17:31:17,638 INFO  [org.apa.kaf.com.met.Metrics] (ForkJoinPool.commonPool-worker-3) Metrics reporters closed
2025-10-08 17:31:17,638 INFO  [org.apa.kaf.com.uti.AppInfoParser] (ForkJoinPool.commonPool-worker-3) App info kafka.producer for Producer-topic-70753e43_94df_4240_af9e_beda38ca0379 unregistered
**** Registry Base URL: http://registry-app-inmemory.apps.ci414.apicurio-testing.org:80
2025-10-08 17:31:17,638 INFO  [org.apa.kaf.cli.con.ConsumerConfig] (main) ConsumerConfig values: 
	allow.auto.create.topics = true
	auto.commit.interval.ms = 500
	auto.include.jmx.reporter = true
	auto.offset.reset = earliest
	bootstrap.servers = [PLAINTEXT://localhost:32769]
	check.crcs = true
	client.dns.lookup = use_all_dns_ips
	client.id = consumer-Consumer-topic-70753e43_94df_4240_af9e_beda38ca0379-42
	client.rack = 
	connections.max.idle.ms = 10000
	default.api.timeout.ms = 60000
	enable.auto.commit = true
	enable.metrics.push = true
	exclude.internal.topics = true
	fetch.max.bytes = 52428800
	fetch.max.wait.ms = 500
	fetch.min.bytes = 1
	group.id = Consumer-topic-70753e43_94df_4240_af9e_beda38ca0379
	group.instance.id = null
	group.protocol = classic
	group.remote.assignor = null
	heartbeat.interval.ms = 3000
	interceptor.classes = []
	internal.leave.group.on.close = true
	internal.throw.on.fetch.stable.offset.unsupported = false
	isolation.level = read_uncommitted
	key.deserializer = class org.apache.kafka.common.serialization.StringDeserializer
	max.partition.fetch.bytes = 1048576
	max.poll.interval.ms = 300000
	max.poll.records = 500
	metadata.max.age.ms = 300000
	metadata.recovery.strategy = none
	metric.reporters = []
	metrics.num.samples = 2
	metrics.recording.level = INFO
	metrics.sample.window.ms = 30000
	partition.assignment.strategy = [class org.apache.kafka.clients.consumer.RangeAssignor, class org.apache.kafka.clients.consumer.CooperativeStickyAssignor]
	receive.buffer.bytes = 65536
	reconnect.backoff.max.ms = 1000
	reconnect.backoff.ms = 50
	request.timeout.ms = 5000
	retry.backoff.max.ms = 1000
	retry.backoff.ms = 100
	sasl.client.callback.handler.class = null
	sasl.jaas.config = null
	sasl.kerberos.kinit.cmd = /usr/bin/kinit
	sasl.kerberos.min.time.before.relogin = 60000
	sasl.kerberos.service.name = null
	sasl.kerberos.ticket.renew.jitter = 0.05
	sasl.kerberos.ticket.renew.window.factor = 0.8
	sasl.login.callback.handler.class = null
	sasl.login.class = null
	sasl.login.connect.timeout.ms = null
	sasl.login.read.timeout.ms = null
	sasl.login.refresh.buffer.seconds = 300
	sasl.login.refresh.min.period.seconds = 60
	sasl.login.refresh.window.factor = 0.8
	sasl.login.refresh.window.jitter = 0.05
	sasl.login.retry.backoff.max.ms = 10000
	sasl.login.retry.backoff.ms = 100
	sasl.mechanism = GSSAPI
	sasl.oauthbearer.clock.skew.seconds = 30
	sasl.oauthbearer.expected.audience = null
	sasl.oauthbearer.expected.issuer = null
	sasl.oauthbearer.header.urlencode = false
	sasl.oauthbearer.jwks.endpoint.refresh.ms = 3600000
	sasl.oauthbearer.jwks.endpoint.retry.backoff.max.ms = 10000
	sasl.oauthbearer.jwks.endpoint.retry.backoff.ms = 100
	sasl.oauthbearer.jwks.endpoint.url = null
	sasl.oauthbearer.scope.claim.name = scope
	sasl.oauthbearer.sub.claim.name = sub
	sasl.oauthbearer.token.endpoint.url = null
	security.protocol = PLAINTEXT
	security.providers = null
	send.buffer.bytes = 131072
	session.timeout.ms = 45000
	socket.connection.setup.timeout.max.ms = 30000
	socket.connection.setup.timeout.ms = 10000
	ssl.cipher.suites = null
	ssl.enabled.protocols = [TLSv1.2, TLSv1.3]
	ssl.endpoint.identification.algorithm = https
	ssl.engine.factory.class = null
	ssl.key.password = null
	ssl.keymanager.algorithm = SunX509
	ssl.keystore.certificate.chain = null
	ssl.keystore.key = null
	ssl.keystore.location = null
	ssl.keystore.password = null
	ssl.keystore.type = JKS
	ssl.protocol = TLSv1.3
	ssl.provider = null
	ssl.secure.random.implementation = null
	ssl.trustmanager.algorithm = PKIX
	ssl.truststore.certificates = null
	ssl.truststore.location = null
	ssl.truststore.password = null
	ssl.truststore.type = JKS
	value.deserializer = class io.confluent.kafka.serializers.KafkaAvroDeserializer

2025-10-08 17:31:17,638 INFO  [org.apa.kaf.com.tel.int.KafkaMetricsCollector] (main) initializing Kafka metrics collector
2025-10-08 17:31:17,639 INFO  [io.con.kaf.ser.KafkaAvroDeserializerConfig] (main) KafkaAvroDeserializerConfig values: 
	auto.register.schemas = true
	avro.reflection.allow.null = false
	avro.use.logical.type.converters = false
	basic.auth.credentials.source = URL
	basic.auth.user.info = [hidden]
	bearer.auth.cache.expiry.buffer.seconds = 300
	bearer.auth.client.id = null
	bearer.auth.client.secret = null
	bearer.auth.credentials.source = STATIC_TOKEN
	bearer.auth.custom.provider.class = null
	bearer.auth.identity.pool.id = null
	bearer.auth.issuer.endpoint.url = null
	bearer.auth.logical.cluster = null
	bearer.auth.scope = null
	bearer.auth.scope.claim.name = scope
	bearer.auth.sub.claim.name = sub
	bearer.auth.token = [hidden]
	context.name.strategy = class io.confluent.kafka.serializers.context.NullContextNameStrategy
	http.connect.timeout.ms = 60000
	http.read.timeout.ms = 60000
	id.compatibility.strict = true
	key.schema.id.deserializer = class io.confluent.kafka.serializers.schema.id.DualSchemaIdDeserializer
	key.schema.id.serializer = class io.confluent.kafka.serializers.schema.id.PrefixSchemaIdSerializer
	key.subject.name.strategy = class io.confluent.kafka.serializers.subject.TopicNameStrategy
	latest.cache.size = 1000
	latest.cache.ttl.sec = -1
	latest.compatibility.strict = true
	max.retries = 3
	max.schemas.per.subject = 1000
	normalize.schemas = false
	propagate.schema.tags = false
	proxy.host = 
	proxy.port = -1
	retries.max.wait.ms = 20000
	retries.wait.ms = 1000
	rule.actions = []
	rule.executors = []
	rule.service.loader.enable = true
	schema.format = null
	schema.reflection = false
	schema.registry.basic.auth.user.info = [hidden]
	schema.registry.ssl.cipher.suites = null
	schema.registry.ssl.enabled.protocols = [TLSv1.2, TLSv1.3]
	schema.registry.ssl.endpoint.identification.algorithm = https
	schema.registry.ssl.engine.factory.class = null
	schema.registry.ssl.key.password = null
	schema.registry.ssl.keymanager.algorithm = SunX509
	schema.registry.ssl.keystore.certificate.chain = null
	schema.registry.ssl.keystore.key = null
	schema.registry.ssl.keystore.location = null
	schema.registry.ssl.keystore.password = null
	schema.registry.ssl.keystore.type = JKS
	schema.registry.ssl.protocol = TLSv1.3
	schema.registry.ssl.provider = null
	schema.registry.ssl.secure.random.implementation = null
	schema.registry.ssl.trustmanager.algorithm = PKIX
	schema.registry.ssl.truststore.certificates = null
	schema.registry.ssl.truststore.location = null
	schema.registry.ssl.truststore.password = null
	schema.registry.ssl.truststore.type = JKS
	schema.registry.url = [http://registry-app-inmemory.apps.ci414.apicurio-testing.org:80/apis/ccompat/v7]
	schema.registry.url.randomize = false
	specific.avro.key.type = null
	specific.avro.reader = false
	specific.avro.value.type = null
	use.latest.version = false
	use.latest.with.metadata = null
	use.schema.id = -1
	value.schema.id.deserializer = class io.confluent.kafka.serializers.schema.id.DualSchemaIdDeserializer
	value.schema.id.serializer = class io.confluent.kafka.serializers.schema.id.PrefixSchemaIdSerializer
	value.subject.name.strategy = class io.confluent.kafka.serializers.subject.TopicNameStrategy

2025-10-08 17:31:17,641 INFO  [org.apa.kaf.cli.con.ConsumerConfig] (main) These configurations '[schema.registry.url]' were supplied but are not used yet.
2025-10-08 17:31:17,641 INFO  [org.apa.kaf.com.uti.AppInfoParser] (main) Kafka version: 3.9.1
2025-10-08 17:31:17,641 INFO  [org.apa.kaf.com.uti.AppInfoParser] (main) Kafka commitId: f745dfdcee2b9851
2025-10-08 17:31:17,641 INFO  [org.apa.kaf.com.uti.AppInfoParser] (main) Kafka startTimeMs: 1759944677641
2025-10-08 17:31:17,641 INFO  [org.apa.kaf.cli.con.int.ClassicKafkaConsumer] (ForkJoinPool.commonPool-worker-3) [Consumer clientId=consumer-Consumer-topic-70753e43_94df_4240_af9e_beda38ca0379-42, groupId=Consumer-topic-70753e43_94df_4240_af9e_beda38ca0379] Subscribed to topic(s): topic-70753e43_94df_4240_af9e_beda38ca0379
2025-10-08 17:31:17,643 INFO  [org.apa.kaf.cli.Metadata] (ForkJoinPool.commonPool-worker-3) [Consumer clientId=consumer-Consumer-topic-70753e43_94df_4240_af9e_beda38ca0379-42, groupId=Consumer-topic-70753e43_94df_4240_af9e_beda38ca0379] Cluster ID: R7TsD1pyQX2HMwyS3tZayg
2025-10-08 17:31:17,644 INFO  [org.apa.kaf.cli.con.int.ConsumerCoordinator] (ForkJoinPool.commonPool-worker-3) [Consumer clientId=consumer-Consumer-topic-70753e43_94df_4240_af9e_beda38ca0379-42, groupId=Consumer-topic-70753e43_94df_4240_af9e_beda38ca0379] Discovered group coordinator localhost:32769 (id: 2147483647 rack: null)
2025-10-08 17:31:17,644 INFO  [org.apa.kaf.cli.con.int.ConsumerCoordinator] (ForkJoinPool.commonPool-worker-3) [Consumer clientId=consumer-Consumer-topic-70753e43_94df_4240_af9e_beda38ca0379-42, groupId=Consumer-topic-70753e43_94df_4240_af9e_beda38ca0379] (Re-)joining group
2025-10-08 17:31:17,646 INFO  [org.apa.kaf.cli.con.int.ConsumerCoordinator] (ForkJoinPool.commonPool-worker-3) [Consumer clientId=consumer-Consumer-topic-70753e43_94df_4240_af9e_beda38ca0379-42, groupId=Consumer-topic-70753e43_94df_4240_af9e_beda38ca0379] Request joining group due to: need to re-join with the given member-id: consumer-Consumer-topic-70753e43_94df_4240_af9e_beda38ca0379-42-0f95f389-c2c7-45e3-a0fd-0a91d8da5009
2025-10-08 17:31:17,646 INFO  [org.apa.kaf.cli.con.int.ConsumerCoordinator] (ForkJoinPool.commonPool-worker-3) [Consumer clientId=consumer-Consumer-topic-70753e43_94df_4240_af9e_beda38ca0379-42, groupId=Consumer-topic-70753e43_94df_4240_af9e_beda38ca0379] (Re-)joining group
2025-10-08 17:31:18,642 INFO  [io.api.tes.ser.api.KafkaSerdesTester] (ForkJoinPool.commonPool-worker-3) None found
2025-10-08 17:31:19,642 INFO  [io.api.tes.ser.api.KafkaSerdesTester] (ForkJoinPool.commonPool-worker-3) None found
2025-10-08 17:31:20,642 INFO  [io.api.tes.ser.api.KafkaSerdesTester] (ForkJoinPool.commonPool-worker-3) None found
2025-10-08 17:31:20,647 INFO  [org.apa.kaf.cli.con.int.ConsumerCoordinator] (ForkJoinPool.commonPool-worker-3) [Consumer clientId=consumer-Consumer-topic-70753e43_94df_4240_af9e_beda38ca0379-42, groupId=Consumer-topic-70753e43_94df_4240_af9e_beda38ca0379] Successfully joined group with generation Generation{generationId=1, memberId='consumer-Consumer-topic-70753e43_94df_4240_af9e_beda38ca0379-42-0f95f389-c2c7-45e3-a0fd-0a91d8da5009', protocol='range'}
2025-10-08 17:31:20,647 INFO  [org.apa.kaf.cli.con.int.ConsumerCoordinator] (ForkJoinPool.commonPool-worker-3) [Consumer clientId=consumer-Consumer-topic-70753e43_94df_4240_af9e_beda38ca0379-42, groupId=Consumer-topic-70753e43_94df_4240_af9e_beda38ca0379] Finished assignment for group at generation 1: {consumer-Consumer-topic-70753e43_94df_4240_af9e_beda38ca0379-42-0f95f389-c2c7-45e3-a0fd-0a91d8da5009=Assignment(partitions=[topic-70753e43_94df_4240_af9e_beda38ca0379-0])}
2025-10-08 17:31:20,653 INFO  [org.apa.kaf.cli.con.int.ConsumerCoordinator] (ForkJoinPool.commonPool-worker-3) [Consumer clientId=consumer-Consumer-topic-70753e43_94df_4240_af9e_beda38ca0379-42, groupId=Consumer-topic-70753e43_94df_4240_af9e_beda38ca0379] Successfully synced group in generation Generation{generationId=1, memberId='consumer-Consumer-topic-70753e43_94df_4240_af9e_beda38ca0379-42-0f95f389-c2c7-45e3-a0fd-0a91d8da5009', protocol='range'}
2025-10-08 17:31:20,653 INFO  [org.apa.kaf.cli.con.int.ConsumerCoordinator] (ForkJoinPool.commonPool-worker-3) [Consumer clientId=consumer-Consumer-topic-70753e43_94df_4240_af9e_beda38ca0379-42, groupId=Consumer-topic-70753e43_94df_4240_af9e_beda38ca0379] Notifying assignor about the new Assignment(partitions=[topic-70753e43_94df_4240_af9e_beda38ca0379-0])
2025-10-08 17:31:20,653 INFO  [org.apa.kaf.cli.con.int.ConsumerRebalanceListenerInvoker] (ForkJoinPool.commonPool-worker-3) [Consumer clientId=consumer-Consumer-topic-70753e43_94df_4240_af9e_beda38ca0379-42, groupId=Consumer-topic-70753e43_94df_4240_af9e_beda38ca0379] Adding newly assigned partitions: topic-70753e43_94df_4240_af9e_beda38ca0379-0
2025-10-08 17:31:20,654 INFO  [org.apa.kaf.cli.con.int.ConsumerCoordinator] (ForkJoinPool.commonPool-worker-3) [Consumer clientId=consumer-Consumer-topic-70753e43_94df_4240_af9e_beda38ca0379-42, groupId=Consumer-topic-70753e43_94df_4240_af9e_beda38ca0379] Found no committed offset for partition topic-70753e43_94df_4240_af9e_beda38ca0379-0
2025-10-08 17:31:20,656 INFO  [org.apa.kaf.cli.con.int.SubscriptionState] (ForkJoinPool.commonPool-worker-3) [Consumer clientId=consumer-Consumer-topic-70753e43_94df_4240_af9e_beda38ca0379-42, groupId=Consumer-topic-70753e43_94df_4240_af9e_beda38ca0379] Resetting offset for partition topic-70753e43_94df_4240_af9e_beda38ca0379-0 to position FetchPosition{offset=0, offsetEpoch=Optional.empty, currentLeader=LeaderAndEpoch{leader=Optional[localhost:32769 (id: 0 rack: null)], epoch=0}}.
2025-10-08 17:31:20,667 INFO  [io.api.tes.ser.api.KafkaSerdesTester] (ForkJoinPool.commonPool-worker-3) topic-70753e43_94df_4240_af9e_beda38ca0379 0 0 {"key1": "value-0"}
2025-10-08 17:31:20,667 INFO  [io.api.tes.ser.api.KafkaSerdesTester] (ForkJoinPool.commonPool-worker-3) topic-70753e43_94df_4240_af9e_beda38ca0379 0 1 {"key1": "value-1"}
2025-10-08 17:31:20,667 INFO  [io.api.tes.ser.api.KafkaSerdesTester] (ForkJoinPool.commonPool-worker-3) topic-70753e43_94df_4240_af9e_beda38ca0379 0 2 {"key1": "value-2"}
2025-10-08 17:31:20,667 INFO  [io.api.tes.ser.api.KafkaSerdesTester] (ForkJoinPool.commonPool-worker-3) topic-70753e43_94df_4240_af9e_beda38ca0379 0 3 {"key1": "value-3"}
2025-10-08 17:31:20,667 INFO  [io.api.tes.ser.api.KafkaSerdesTester] (ForkJoinPool.commonPool-worker-3) topic-70753e43_94df_4240_af9e_beda38ca0379 0 4 {"key1": "value-4"}
2025-10-08 17:31:20,667 INFO  [io.api.tes.ser.api.KafkaSerdesTester] (ForkJoinPool.commonPool-worker-3) topic-70753e43_94df_4240_af9e_beda38ca0379 0 5 {"key1": "value-5"}
2025-10-08 17:31:20,667 INFO  [io.api.tes.ser.api.KafkaSerdesTester] (ForkJoinPool.commonPool-worker-3) topic-70753e43_94df_4240_af9e_beda38ca0379 0 6 {"key1": "value-6"}
2025-10-08 17:31:20,667 INFO  [io.api.tes.ser.api.KafkaSerdesTester] (ForkJoinPool.commonPool-worker-3) topic-70753e43_94df_4240_af9e_beda38ca0379 0 7 {"key1": "value-7"}
2025-10-08 17:31:20,667 INFO  [io.api.tes.ser.api.KafkaSerdesTester] (ForkJoinPool.commonPool-worker-3) topic-70753e43_94df_4240_af9e_beda38ca0379 0 8 {"key1": "value-8"}
2025-10-08 17:31:20,667 INFO  [io.api.tes.ser.api.KafkaSerdesTester] (ForkJoinPool.commonPool-worker-3) topic-70753e43_94df_4240_af9e_beda38ca0379 0 9 {"key1": "value-9"}
2025-10-08 17:31:20,667 INFO  [io.api.tes.ser.api.KafkaSerdesTester] (ForkJoinPool.commonPool-worker-3) Consumed 10 messages
2025-10-08 17:31:20,674 INFO  [org.apa.kaf.cli.con.int.ConsumerRebalanceListenerInvoker] (ForkJoinPool.commonPool-worker-3) [Consumer clientId=consumer-Consumer-topic-70753e43_94df_4240_af9e_beda38ca0379-42, groupId=Consumer-topic-70753e43_94df_4240_af9e_beda38ca0379] Revoke previously assigned partitions topic-70753e43_94df_4240_af9e_beda38ca0379-0
2025-10-08 17:31:20,674 INFO  [org.apa.kaf.cli.con.int.ConsumerCoordinator] (ForkJoinPool.commonPool-worker-3) [Consumer clientId=consumer-Consumer-topic-70753e43_94df_4240_af9e_beda38ca0379-42, groupId=Consumer-topic-70753e43_94df_4240_af9e_beda38ca0379] Member consumer-Consumer-topic-70753e43_94df_4240_af9e_beda38ca0379-42-0f95f389-c2c7-45e3-a0fd-0a91d8da5009 sending LeaveGroup request to coordinator localhost:32769 (id: 2147483647 rack: null) due to the consumer is being closed
2025-10-08 17:31:20,674 INFO  [org.apa.kaf.cli.con.int.ConsumerCoordinator] (ForkJoinPool.commonPool-worker-3) [Consumer clientId=consumer-Consumer-topic-70753e43_94df_4240_af9e_beda38ca0379-42, groupId=Consumer-topic-70753e43_94df_4240_af9e_beda38ca0379] Resetting generation and member id due to: consumer pro-actively leaving the group
2025-10-08 17:31:20,674 INFO  [org.apa.kaf.cli.con.int.ConsumerCoordinator] (ForkJoinPool.commonPool-worker-3) [Consumer clientId=consumer-Consumer-topic-70753e43_94df_4240_af9e_beda38ca0379-42, groupId=Consumer-topic-70753e43_94df_4240_af9e_beda38ca0379] Request joining group due to: consumer pro-actively leaving the group
2025-10-08 17:31:21,169 INFO  [org.apa.kaf.com.met.Metrics] (ForkJoinPool.commonPool-worker-3) Metrics scheduler closed
2025-10-08 17:31:21,169 INFO  [org.apa.kaf.com.met.Metrics] (ForkJoinPool.commonPool-worker-3) Closing reporter org.apache.kafka.common.metrics.JmxReporter
2025-10-08 17:31:21,169 INFO  [org.apa.kaf.com.met.Metrics] (ForkJoinPool.commonPool-worker-3) Closing reporter org.apache.kafka.common.telemetry.internals.ClientTelemetryReporter
2025-10-08 17:31:21,169 INFO  [org.apa.kaf.com.met.Metrics] (ForkJoinPool.commonPool-worker-3) Metrics reporters closed
2025-10-08 17:31:21,171 INFO  [org.apa.kaf.com.uti.AppInfoParser] (ForkJoinPool.commonPool-worker-3) App info kafka.consumer for consumer-Consumer-topic-70753e43_94df_4240_af9e_beda38ca0379-42 unregistered
2025-10-08 17:31:21,184 INFO  [io.api.tes.ser.con.BasicConfluentSerDesIT] (main) Deleting confluent schema topic-70753e43_94df_4240_af9e_beda38ca0379-value
2025-10-08 17:31:21,190 INFO  [io.api.tes.uti.TestSeparator] (main) io.apicurio.tests.serdes.confluent.BasicConfluentSerDesIT.testAvroApicurioConfluent-FINISHED
2025-10-08 17:31:21,190 INFO  [io.api.tes.uti.TestSeparator] (main) ############################################################################
Test passed: testAvroApicurioConfluent
]]></system-out>
  </testcase>
  <testcase name="testAvroConfluentSerDesFail" classname="io.apicurio.tests.serdes.confluent.BasicConfluentSerDesIT" time="0.06">
    <system-out><![CDATA[2025-10-08 17:31:21,192 INFO  [io.api.tes.uti.TestSeparator] (main) ############################################################################
2025-10-08 17:31:21,192 INFO  [io.api.tes.uti.TestSeparator] (main) io.apicurio.tests.serdes.confluent.BasicConfluentSerDesIT.testAvroConfluentSerDesFail-STARTED
2025-10-08 17:31:21,210 INFO  [io.api.tes.ser.con.BasicConfluentSerDesIT] (main) Checking that created schema is equal to the get schema
2025-10-08 17:31:21,216 INFO  [io.api.tes.ser.con.BasicConfluentSerDesIT] (main) Created schema with id:116 and name:myrecordconfluent2
**** Registry Base URL: http://registry-app-inmemory.apps.ci414.apicurio-testing.org:80
2025-10-08 17:31:21,217 INFO  [org.apa.kaf.cli.pro.ProducerConfig] (main) ProducerConfig values: 
	acks = -1
	auto.include.jmx.reporter = true
	batch.size = 16384
	bootstrap.servers = [PLAINTEXT://localhost:32769]
	buffer.memory = 33554432
	client.dns.lookup = use_all_dns_ips
	client.id = Producer-topic-26e39ef0_4eb2_43fe_98ec_0e10674f64a2
	compression.gzip.level = -1
	compression.lz4.level = 9
	compression.type = none
	compression.zstd.level = 3
	connections.max.idle.ms = 10000
	delivery.timeout.ms = 120000
	enable.idempotence = true
	enable.metrics.push = true
	interceptor.classes = []
	key.serializer = class org.apache.kafka.common.serialization.StringSerializer
	linger.ms = 0
	max.block.ms = 60000
	max.in.flight.requests.per.connection = 5
	max.request.size = 1048576
	metadata.max.age.ms = 300000
	metadata.max.idle.ms = 300000
	metadata.recovery.strategy = none
	metric.reporters = []
	metrics.num.samples = 2
	metrics.recording.level = INFO
	metrics.sample.window.ms = 30000
	partitioner.adaptive.partitioning.enable = true
	partitioner.availability.timeout.ms = 0
	partitioner.class = null
	partitioner.ignore.keys = false
	receive.buffer.bytes = 32768
	reconnect.backoff.max.ms = 1000
	reconnect.backoff.ms = 50
	request.timeout.ms = 5000
	retries = 2147483647
	retry.backoff.max.ms = 1000
	retry.backoff.ms = 100
	sasl.client.callback.handler.class = null
	sasl.jaas.config = null
	sasl.kerberos.kinit.cmd = /usr/bin/kinit
	sasl.kerberos.min.time.before.relogin = 60000
	sasl.kerberos.service.name = null
	sasl.kerberos.ticket.renew.jitter = 0.05
	sasl.kerberos.ticket.renew.window.factor = 0.8
	sasl.login.callback.handler.class = null
	sasl.login.class = null
	sasl.login.connect.timeout.ms = null
	sasl.login.read.timeout.ms = null
	sasl.login.refresh.buffer.seconds = 300
	sasl.login.refresh.min.period.seconds = 60
	sasl.login.refresh.window.factor = 0.8
	sasl.login.refresh.window.jitter = 0.05
	sasl.login.retry.backoff.max.ms = 10000
	sasl.login.retry.backoff.ms = 100
	sasl.mechanism = GSSAPI
	sasl.oauthbearer.clock.skew.seconds = 30
	sasl.oauthbearer.expected.audience = null
	sasl.oauthbearer.expected.issuer = null
	sasl.oauthbearer.header.urlencode = false
	sasl.oauthbearer.jwks.endpoint.refresh.ms = 3600000
	sasl.oauthbearer.jwks.endpoint.retry.backoff.max.ms = 10000
	sasl.oauthbearer.jwks.endpoint.retry.backoff.ms = 100
	sasl.oauthbearer.jwks.endpoint.url = null
	sasl.oauthbearer.scope.claim.name = scope
	sasl.oauthbearer.sub.claim.name = sub
	sasl.oauthbearer.token.endpoint.url = null
	security.protocol = PLAINTEXT
	security.providers = null
	send.buffer.bytes = 131072
	socket.connection.setup.timeout.max.ms = 30000
	socket.connection.setup.timeout.ms = 10000
	ssl.cipher.suites = null
	ssl.enabled.protocols = [TLSv1.2, TLSv1.3]
	ssl.endpoint.identification.algorithm = https
	ssl.engine.factory.class = null
	ssl.key.password = null
	ssl.keymanager.algorithm = SunX509
	ssl.keystore.certificate.chain = null
	ssl.keystore.key = null
	ssl.keystore.location = null
	ssl.keystore.password = null
	ssl.keystore.type = JKS
	ssl.protocol = TLSv1.3
	ssl.provider = null
	ssl.secure.random.implementation = null
	ssl.trustmanager.algorithm = PKIX
	ssl.truststore.certificates = null
	ssl.truststore.location = null
	ssl.truststore.password = null
	ssl.truststore.type = JKS
	transaction.timeout.ms = 60000
	transactional.id = null
	value.serializer = class io.confluent.kafka.serializers.KafkaAvroSerializer

2025-10-08 17:31:21,217 INFO  [org.apa.kaf.com.tel.int.KafkaMetricsCollector] (main) initializing Kafka metrics collector
2025-10-08 17:31:21,217 INFO  [io.con.kaf.ser.KafkaAvroSerializerConfig] (main) KafkaAvroSerializerConfig values: 
	auto.register.schemas = false
	avro.reflection.allow.null = false
	avro.remove.java.properties = false
	avro.use.logical.type.converters = false
	basic.auth.credentials.source = URL
	basic.auth.user.info = [hidden]
	bearer.auth.cache.expiry.buffer.seconds = 300
	bearer.auth.client.id = null
	bearer.auth.client.secret = null
	bearer.auth.credentials.source = STATIC_TOKEN
	bearer.auth.custom.provider.class = null
	bearer.auth.identity.pool.id = null
	bearer.auth.issuer.endpoint.url = null
	bearer.auth.logical.cluster = null
	bearer.auth.scope = null
	bearer.auth.scope.claim.name = scope
	bearer.auth.sub.claim.name = sub
	bearer.auth.token = [hidden]
	context.name.strategy = class io.confluent.kafka.serializers.context.NullContextNameStrategy
	http.connect.timeout.ms = 60000
	http.read.timeout.ms = 60000
	id.compatibility.strict = true
	key.schema.id.deserializer = class io.confluent.kafka.serializers.schema.id.DualSchemaIdDeserializer
	key.schema.id.serializer = class io.confluent.kafka.serializers.schema.id.PrefixSchemaIdSerializer
	key.subject.name.strategy = class io.confluent.kafka.serializers.subject.TopicNameStrategy
	latest.cache.size = 1000
	latest.cache.ttl.sec = -1
	latest.compatibility.strict = true
	max.retries = 3
	max.schemas.per.subject = 1000
	normalize.schemas = false
	propagate.schema.tags = false
	proxy.host = 
	proxy.port = -1
	retries.max.wait.ms = 20000
	retries.wait.ms = 1000
	rule.actions = []
	rule.executors = []
	rule.service.loader.enable = true
	schema.format = null
	schema.reflection = false
	schema.registry.basic.auth.user.info = [hidden]
	schema.registry.ssl.cipher.suites = null
	schema.registry.ssl.enabled.protocols = [TLSv1.2, TLSv1.3]
	schema.registry.ssl.endpoint.identification.algorithm = https
	schema.registry.ssl.engine.factory.class = null
	schema.registry.ssl.key.password = null
	schema.registry.ssl.keymanager.algorithm = SunX509
	schema.registry.ssl.keystore.certificate.chain = null
	schema.registry.ssl.keystore.key = null
	schema.registry.ssl.keystore.location = null
	schema.registry.ssl.keystore.password = null
	schema.registry.ssl.keystore.type = JKS
	schema.registry.ssl.protocol = TLSv1.3
	schema.registry.ssl.provider = null
	schema.registry.ssl.secure.random.implementation = null
	schema.registry.ssl.trustmanager.algorithm = PKIX
	schema.registry.ssl.truststore.certificates = null
	schema.registry.ssl.truststore.location = null
	schema.registry.ssl.truststore.password = null
	schema.registry.ssl.truststore.type = JKS
	schema.registry.url = [http://registry-app-inmemory.apps.ci414.apicurio-testing.org:80/apis/ccompat/v7]
	schema.registry.url.randomize = false
	use.latest.version = false
	use.latest.with.metadata = null
	use.schema.id = -1
	value.schema.id.deserializer = class io.confluent.kafka.serializers.schema.id.DualSchemaIdDeserializer
	value.schema.id.serializer = class io.confluent.kafka.serializers.schema.id.PrefixSchemaIdSerializer
	value.subject.name.strategy = class io.confluent.kafka.serializers.subject.RecordNameStrategy

2025-10-08 17:31:21,219 INFO  [org.apa.kaf.cli.pro.KafkaProducer] (main) [Producer clientId=Producer-topic-26e39ef0_4eb2_43fe_98ec_0e10674f64a2] Instantiated an idempotent producer.
2025-10-08 17:31:21,220 INFO  [org.apa.kaf.cli.pro.ProducerConfig] (main) These configurations '[schema.registry.url, auto.register.schemas, value.subject.name.strategy]' were supplied but are not used yet.
2025-10-08 17:31:21,220 INFO  [org.apa.kaf.com.uti.AppInfoParser] (main) Kafka version: 3.9.1
2025-10-08 17:31:21,220 INFO  [org.apa.kaf.com.uti.AppInfoParser] (main) Kafka commitId: f745dfdcee2b9851
2025-10-08 17:31:21,220 INFO  [org.apa.kaf.com.uti.AppInfoParser] (main) Kafka startTimeMs: 1759944681220
2025-10-08 17:31:21,221 INFO  [io.api.tes.ser.api.KafkaSerdesTester] (ForkJoinPool.commonPool-worker-3) Sending message {"wrongkey": "value-0"} to topic topic-26e39ef0_4eb2_43fe_98ec_0e10674f64a2
2025-10-08 17:31:21,223 INFO  [org.apa.kaf.cli.Metadata] (kafka-producer-network-thread | Producer-topic-26e39ef0_4eb2_43fe_98ec_0e10674f64a2) [Producer clientId=Producer-topic-26e39ef0_4eb2_43fe_98ec_0e10674f64a2] Cluster ID: R7TsD1pyQX2HMwyS3tZayg
2025-10-08 17:31:21,223 INFO  [org.apa.kaf.cli.pro.int.TransactionManager] (kafka-producer-network-thread | Producer-topic-26e39ef0_4eb2_43fe_98ec_0e10674f64a2) [Producer clientId=Producer-topic-26e39ef0_4eb2_43fe_98ec_0e10674f64a2] ProducerId set to 57 with epoch 0
2025-10-08 17:31:21,230 INFO  [org.apa.kaf.cli.pro.KafkaProducer] (ForkJoinPool.commonPool-worker-3) [Producer clientId=Producer-topic-26e39ef0_4eb2_43fe_98ec_0e10674f64a2] Closing the Kafka producer with timeoutMillis = 9223372036854775807 ms.
2025-10-08 17:31:21,231 INFO  [org.apa.kaf.com.met.Metrics] (ForkJoinPool.commonPool-worker-3) Metrics scheduler closed
2025-10-08 17:31:21,231 INFO  [org.apa.kaf.com.met.Metrics] (ForkJoinPool.commonPool-worker-3) Closing reporter org.apache.kafka.common.metrics.JmxReporter
2025-10-08 17:31:21,231 INFO  [org.apa.kaf.com.met.Metrics] (ForkJoinPool.commonPool-worker-3) Closing reporter org.apache.kafka.common.telemetry.internals.ClientTelemetryReporter
2025-10-08 17:31:21,231 INFO  [org.apa.kaf.com.met.Metrics] (ForkJoinPool.commonPool-worker-3) Metrics reporters closed
2025-10-08 17:31:21,231 INFO  [org.apa.kaf.com.uti.AppInfoParser] (ForkJoinPool.commonPool-worker-3) App info kafka.producer for Producer-topic-26e39ef0_4eb2_43fe_98ec_0e10674f64a2 unregistered
2025-10-08 17:31:21,242 INFO  [io.api.tes.ser.con.BasicConfluentSerDesIT] (main) Deleting confluent schema myrecordconfluent2
2025-10-08 17:31:21,251 INFO  [io.api.tes.uti.TestSeparator] (main) io.apicurio.tests.serdes.confluent.BasicConfluentSerDesIT.testAvroConfluentSerDesFail-FINISHED
2025-10-08 17:31:21,251 INFO  [io.api.tes.uti.TestSeparator] (main) ############################################################################
Test passed: testAvroConfluentSerDesFail
]]></system-out>
  </testcase>
  <testcase name="testAvroConfluentSerDesWrongStrategyRecord" classname="io.apicurio.tests.serdes.confluent.BasicConfluentSerDesIT" time="0.059">
    <system-out><![CDATA[2025-10-08 17:31:21,252 INFO  [io.api.tes.uti.TestSeparator] (main) ############################################################################
2025-10-08 17:31:21,252 INFO  [io.api.tes.uti.TestSeparator] (main) io.apicurio.tests.serdes.confluent.BasicConfluentSerDesIT.testAvroConfluentSerDesWrongStrategyRecord-STARTED
2025-10-08 17:31:21,267 INFO  [io.api.tes.ser.con.BasicConfluentSerDesIT] (main) Checking that created schema is equal to the get schema
2025-10-08 17:31:21,279 INFO  [io.api.tes.ser.con.BasicConfluentSerDesIT] (main) Created schema with id:117 and name:myrecordconfluent4
**** Registry Base URL: http://registry-app-inmemory.apps.ci414.apicurio-testing.org:80
2025-10-08 17:31:21,280 INFO  [org.apa.kaf.cli.pro.ProducerConfig] (main) ProducerConfig values: 
	acks = -1
	auto.include.jmx.reporter = true
	batch.size = 16384
	bootstrap.servers = [PLAINTEXT://localhost:32769]
	buffer.memory = 33554432
	client.dns.lookup = use_all_dns_ips
	client.id = Producer-topic-a2546ab5_6018_4298_bc51_a42cb87f0250
	compression.gzip.level = -1
	compression.lz4.level = 9
	compression.type = none
	compression.zstd.level = 3
	connections.max.idle.ms = 10000
	delivery.timeout.ms = 120000
	enable.idempotence = true
	enable.metrics.push = true
	interceptor.classes = []
	key.serializer = class org.apache.kafka.common.serialization.StringSerializer
	linger.ms = 0
	max.block.ms = 60000
	max.in.flight.requests.per.connection = 5
	max.request.size = 1048576
	metadata.max.age.ms = 300000
	metadata.max.idle.ms = 300000
	metadata.recovery.strategy = none
	metric.reporters = []
	metrics.num.samples = 2
	metrics.recording.level = INFO
	metrics.sample.window.ms = 30000
	partitioner.adaptive.partitioning.enable = true
	partitioner.availability.timeout.ms = 0
	partitioner.class = null
	partitioner.ignore.keys = false
	receive.buffer.bytes = 32768
	reconnect.backoff.max.ms = 1000
	reconnect.backoff.ms = 50
	request.timeout.ms = 5000
	retries = 2147483647
	retry.backoff.max.ms = 1000
	retry.backoff.ms = 100
	sasl.client.callback.handler.class = null
	sasl.jaas.config = null
	sasl.kerberos.kinit.cmd = /usr/bin/kinit
	sasl.kerberos.min.time.before.relogin = 60000
	sasl.kerberos.service.name = null
	sasl.kerberos.ticket.renew.jitter = 0.05
	sasl.kerberos.ticket.renew.window.factor = 0.8
	sasl.login.callback.handler.class = null
	sasl.login.class = null
	sasl.login.connect.timeout.ms = null
	sasl.login.read.timeout.ms = null
	sasl.login.refresh.buffer.seconds = 300
	sasl.login.refresh.min.period.seconds = 60
	sasl.login.refresh.window.factor = 0.8
	sasl.login.refresh.window.jitter = 0.05
	sasl.login.retry.backoff.max.ms = 10000
	sasl.login.retry.backoff.ms = 100
	sasl.mechanism = GSSAPI
	sasl.oauthbearer.clock.skew.seconds = 30
	sasl.oauthbearer.expected.audience = null
	sasl.oauthbearer.expected.issuer = null
	sasl.oauthbearer.header.urlencode = false
	sasl.oauthbearer.jwks.endpoint.refresh.ms = 3600000
	sasl.oauthbearer.jwks.endpoint.retry.backoff.max.ms = 10000
	sasl.oauthbearer.jwks.endpoint.retry.backoff.ms = 100
	sasl.oauthbearer.jwks.endpoint.url = null
	sasl.oauthbearer.scope.claim.name = scope
	sasl.oauthbearer.sub.claim.name = sub
	sasl.oauthbearer.token.endpoint.url = null
	security.protocol = PLAINTEXT
	security.providers = null
	send.buffer.bytes = 131072
	socket.connection.setup.timeout.max.ms = 30000
	socket.connection.setup.timeout.ms = 10000
	ssl.cipher.suites = null
	ssl.enabled.protocols = [TLSv1.2, TLSv1.3]
	ssl.endpoint.identification.algorithm = https
	ssl.engine.factory.class = null
	ssl.key.password = null
	ssl.keymanager.algorithm = SunX509
	ssl.keystore.certificate.chain = null
	ssl.keystore.key = null
	ssl.keystore.location = null
	ssl.keystore.password = null
	ssl.keystore.type = JKS
	ssl.protocol = TLSv1.3
	ssl.provider = null
	ssl.secure.random.implementation = null
	ssl.trustmanager.algorithm = PKIX
	ssl.truststore.certificates = null
	ssl.truststore.location = null
	ssl.truststore.password = null
	ssl.truststore.type = JKS
	transaction.timeout.ms = 60000
	transactional.id = null
	value.serializer = class io.confluent.kafka.serializers.KafkaAvroSerializer

2025-10-08 17:31:21,281 INFO  [org.apa.kaf.com.tel.int.KafkaMetricsCollector] (main) initializing Kafka metrics collector
2025-10-08 17:31:21,281 INFO  [io.con.kaf.ser.KafkaAvroSerializerConfig] (main) KafkaAvroSerializerConfig values: 
	auto.register.schemas = false
	avro.reflection.allow.null = false
	avro.remove.java.properties = false
	avro.use.logical.type.converters = false
	basic.auth.credentials.source = URL
	basic.auth.user.info = [hidden]
	bearer.auth.cache.expiry.buffer.seconds = 300
	bearer.auth.client.id = null
	bearer.auth.client.secret = null
	bearer.auth.credentials.source = STATIC_TOKEN
	bearer.auth.custom.provider.class = null
	bearer.auth.identity.pool.id = null
	bearer.auth.issuer.endpoint.url = null
	bearer.auth.logical.cluster = null
	bearer.auth.scope = null
	bearer.auth.scope.claim.name = scope
	bearer.auth.sub.claim.name = sub
	bearer.auth.token = [hidden]
	context.name.strategy = class io.confluent.kafka.serializers.context.NullContextNameStrategy
	http.connect.timeout.ms = 60000
	http.read.timeout.ms = 60000
	id.compatibility.strict = true
	key.schema.id.deserializer = class io.confluent.kafka.serializers.schema.id.DualSchemaIdDeserializer
	key.schema.id.serializer = class io.confluent.kafka.serializers.schema.id.PrefixSchemaIdSerializer
	key.subject.name.strategy = class io.confluent.kafka.serializers.subject.TopicNameStrategy
	latest.cache.size = 1000
	latest.cache.ttl.sec = -1
	latest.compatibility.strict = true
	max.retries = 3
	max.schemas.per.subject = 1000
	normalize.schemas = false
	propagate.schema.tags = false
	proxy.host = 
	proxy.port = -1
	retries.max.wait.ms = 20000
	retries.wait.ms = 1000
	rule.actions = []
	rule.executors = []
	rule.service.loader.enable = true
	schema.format = null
	schema.reflection = false
	schema.registry.basic.auth.user.info = [hidden]
	schema.registry.ssl.cipher.suites = null
	schema.registry.ssl.enabled.protocols = [TLSv1.2, TLSv1.3]
	schema.registry.ssl.endpoint.identification.algorithm = https
	schema.registry.ssl.engine.factory.class = null
	schema.registry.ssl.key.password = null
	schema.registry.ssl.keymanager.algorithm = SunX509
	schema.registry.ssl.keystore.certificate.chain = null
	schema.registry.ssl.keystore.key = null
	schema.registry.ssl.keystore.location = null
	schema.registry.ssl.keystore.password = null
	schema.registry.ssl.keystore.type = JKS
	schema.registry.ssl.protocol = TLSv1.3
	schema.registry.ssl.provider = null
	schema.registry.ssl.secure.random.implementation = null
	schema.registry.ssl.trustmanager.algorithm = PKIX
	schema.registry.ssl.truststore.certificates = null
	schema.registry.ssl.truststore.location = null
	schema.registry.ssl.truststore.password = null
	schema.registry.ssl.truststore.type = JKS
	schema.registry.url = [http://registry-app-inmemory.apps.ci414.apicurio-testing.org:80/apis/ccompat/v7]
	schema.registry.url.randomize = false
	use.latest.version = false
	use.latest.with.metadata = null
	use.schema.id = -1
	value.schema.id.deserializer = class io.confluent.kafka.serializers.schema.id.DualSchemaIdDeserializer
	value.schema.id.serializer = class io.confluent.kafka.serializers.schema.id.PrefixSchemaIdSerializer
	value.subject.name.strategy = class io.confluent.kafka.serializers.subject.RecordNameStrategy

2025-10-08 17:31:21,283 INFO  [org.apa.kaf.cli.pro.KafkaProducer] (main) [Producer clientId=Producer-topic-a2546ab5_6018_4298_bc51_a42cb87f0250] Instantiated an idempotent producer.
2025-10-08 17:31:21,285 INFO  [org.apa.kaf.cli.pro.ProducerConfig] (main) These configurations '[schema.registry.url, auto.register.schemas, value.subject.name.strategy]' were supplied but are not used yet.
2025-10-08 17:31:21,285 INFO  [org.apa.kaf.com.uti.AppInfoParser] (main) Kafka version: 3.9.1
2025-10-08 17:31:21,285 INFO  [org.apa.kaf.com.uti.AppInfoParser] (main) Kafka commitId: f745dfdcee2b9851
2025-10-08 17:31:21,285 INFO  [org.apa.kaf.com.uti.AppInfoParser] (main) Kafka startTimeMs: 1759944681285
2025-10-08 17:31:21,285 INFO  [io.api.tes.ser.api.KafkaSerdesTester] (ForkJoinPool.commonPool-worker-3) Sending message {"wrongkey": "value-0"} to topic topic-a2546ab5_6018_4298_bc51_a42cb87f0250
2025-10-08 17:31:21,288 INFO  [org.apa.kaf.cli.Metadata] (kafka-producer-network-thread | Producer-topic-a2546ab5_6018_4298_bc51_a42cb87f0250) [Producer clientId=Producer-topic-a2546ab5_6018_4298_bc51_a42cb87f0250] Cluster ID: R7TsD1pyQX2HMwyS3tZayg
2025-10-08 17:31:21,288 INFO  [org.apa.kaf.cli.pro.int.TransactionManager] (kafka-producer-network-thread | Producer-topic-a2546ab5_6018_4298_bc51_a42cb87f0250) [Producer clientId=Producer-topic-a2546ab5_6018_4298_bc51_a42cb87f0250] ProducerId set to 58 with epoch 0
2025-10-08 17:31:21,294 INFO  [org.apa.kaf.cli.pro.KafkaProducer] (ForkJoinPool.commonPool-worker-3) [Producer clientId=Producer-topic-a2546ab5_6018_4298_bc51_a42cb87f0250] Closing the Kafka producer with timeoutMillis = 9223372036854775807 ms.
2025-10-08 17:31:21,295 INFO  [org.apa.kaf.com.met.Metrics] (ForkJoinPool.commonPool-worker-3) Metrics scheduler closed
2025-10-08 17:31:21,295 INFO  [org.apa.kaf.com.met.Metrics] (ForkJoinPool.commonPool-worker-3) Closing reporter org.apache.kafka.common.metrics.JmxReporter
2025-10-08 17:31:21,295 INFO  [org.apa.kaf.com.met.Metrics] (ForkJoinPool.commonPool-worker-3) Closing reporter org.apache.kafka.common.telemetry.internals.ClientTelemetryReporter
2025-10-08 17:31:21,295 INFO  [org.apa.kaf.com.met.Metrics] (ForkJoinPool.commonPool-worker-3) Metrics reporters closed
2025-10-08 17:31:21,295 INFO  [org.apa.kaf.com.uti.AppInfoParser] (ForkJoinPool.commonPool-worker-3) App info kafka.producer for Producer-topic-a2546ab5_6018_4298_bc51_a42cb87f0250 unregistered
2025-10-08 17:31:21,305 INFO  [io.api.tes.ser.con.BasicConfluentSerDesIT] (main) Deleting confluent schema topic-a2546ab5_6018_4298_bc51_a42cb87f0250-value
2025-10-08 17:31:21,311 INFO  [io.api.tes.uti.TestSeparator] (main) io.apicurio.tests.serdes.confluent.BasicConfluentSerDesIT.testAvroConfluentSerDesWrongStrategyRecord-FINISHED
2025-10-08 17:31:21,311 INFO  [io.api.tes.uti.TestSeparator] (main) ############################################################################
Test passed: testAvroConfluentSerDesWrongStrategyRecord
]]></system-out>
  </testcase>
</testsuite>