<?xml version="1.0" encoding="UTF-8"?>
<testsuite xmlns:xsi="http://www.w3.org/2001/XMLSchema-instance" xsi:noNamespaceSchemaLocation="https://maven.apache.org/surefire/maven-failsafe-plugin/xsd/failsafe-test-report.xsd" version="3.0.2" name="io.apicurio.tests.serdes.confluent.BasicConfluentSerDesIT" time="44.767" tests="8" errors="0" skipped="0" failures="0">
  <properties>
    <property name="java.specification.version" value="17"/>
    <property name="sun.jnu.encoding" value="UTF-8"/>
    <property name="java.class.path" value="/home/runner/work/apicurio-testing/apicurio-testing/cache/clusters/ci419/namespaces/inmemory/tests/integration/apicurio-registry/integration-tests/target/test-classes:/home/runner/work/apicurio-testing/apicurio-testing/cache/clusters/ci419/namespaces/inmemory/tests/integration/apicurio-registry/integration-tests/target/apicurio-registry-integration-tests-3.1.0.jar:/home/runner/.m2/repository/io/quarkus/quarkus-junit5/3.20.2.2/quarkus-junit5-3.20.2.2.jar:/home/runner/.m2/repository/io/quarkus/quarkus-bootstrap-core/3.20.2.2/quarkus-bootstrap-core-3.20.2.2.jar:/home/runner/.m2/repository/io/quarkus/quarkus-classloader-commons/3.20.2.2/quarkus-classloader-commons-3.20.2.2.jar:/home/runner/.m2/repository/io/quarkus/quarkus-bootstrap-app-model/3.20.2.2/quarkus-bootstrap-app-model-3.20.2.2.jar:/home/runner/.m2/repository/io/smallrye/common/smallrye-common-io/2.12.0/smallrye-common-io-2.12.0.jar:/home/runner/.m2/repository/org/eclipse/sisu/org.eclipse.sisu.inject/0.9.0.M3/org.eclipse.sisu.inject-0.9.0.M3.jar:/home/runner/.m2/repository/io/quarkus/quarkus-test-common/3.20.2.2/quarkus-test-common-3.20.2.2.jar:/home/runner/.m2/repository/io/quarkus/quarkus-core-deployment/3.20.2.2/quarkus-core-deployment-3.20.2.2.jar:/home/runner/.m2/repository/org/aesh/readline/2.6/readline-2.6.jar:/home/runner/.m2/repository/org/fusesource/jansi/jansi/2.4.0/jansi-2.4.0.jar:/home/runner/.m2/repository/org/aesh/aesh/2.8.2/aesh-2.8.2.jar:/home/runner/.m2/repository/io/quarkus/gizmo/gizmo/1.8.0/gizmo-1.8.0.jar:/home/runner/.m2/repository/org/ow2/asm/asm-util/9.7.1/asm-util-9.7.1.jar:/home/runner/.m2/repository/org/ow2/asm/asm-analysis/9.7.1/asm-analysis-9.7.1.jar:/home/runner/.m2/repository/org/ow2/asm/asm-commons/9.7.1/asm-commons-9.7.1.jar:/home/runner/.m2/repository/org/ow2/asm/asm-tree/9.7.1/asm-tree-9.7.1.jar:/home/runner/.m2/repository/io/quarkus/quarkus-hibernate-validator-spi/3.20.2.2/quarkus-hibernate-validator-spi-3.20.2.2.jar:/home/runner/.m2/repository/io/quarkus/quarkus-class-change-agent/3.20.2.2/quarkus-class-change-agent-3.20.2.2.jar:/home/runner/.m2/repository/io/quarkus/quarkus-devtools-utilities/3.20.2.2/quarkus-devtools-utilities-3.20.2.2.jar:/home/runner/.m2/repository/io/quarkus/quarkus-builder/3.20.2.2/quarkus-builder-3.20.2.2.jar:/home/runner/.m2/repository/org/graalvm/sdk/nativeimage/23.1.2/nativeimage-23.1.2.jar:/home/runner/.m2/repository/org/graalvm/sdk/word/23.1.2/word-23.1.2.jar:/home/runner/.m2/repository/io/quarkus/quarkus-bootstrap-maven-resolver/3.20.2.2/quarkus-bootstrap-maven-resolver-3.20.2.2.jar:/home/runner/.m2/repository/io/smallrye/beanbag/smallrye-beanbag-maven/1.5.2/smallrye-beanbag-maven-1.5.2.jar:/home/runner/.m2/repository/io/smallrye/beanbag/smallrye-beanbag-sisu/1.5.2/smallrye-beanbag-sisu-1.5.2.jar:/home/runner/.m2/repository/io/smallrye/beanbag/smallrye-beanbag/1.5.2/smallrye-beanbag-1.5.2.jar:/home/runner/.m2/repository/javax/inject/javax.inject/1/javax.inject-1.jar:/home/runner/.m2/repository/org/apache/maven/maven-artifact/3.9.9/maven-artifact-3.9.9.jar:/home/runner/.m2/repository/org/apache/maven/maven-builder-support/3.9.9/maven-builder-support-3.9.9.jar:/home/runner/.m2/repository/org/apache/maven/maven-model/3.9.9/maven-model-3.9.9.jar:/home/runner/.m2/repository/org/apache/maven/maven-model-builder/3.9.9/maven-model-builder-3.9.9.jar:/home/runner/.m2/repository/org/apache/maven/maven-repository-metadata/3.9.9/maven-repository-metadata-3.9.9.jar:/home/runner/.m2/repository/org/apache/maven/maven-settings/3.9.9/maven-settings-3.9.9.jar:/home/runner/.m2/repository/org/apache/maven/resolver/maven-resolver-api/1.9.22/maven-resolver-api-1.9.22.jar:/home/runner/.m2/repository/org/apache/maven/resolver/maven-resolver-impl/1.9.22/maven-resolver-impl-1.9.22.jar:/home/runner/.m2/repository/org/apache/maven/resolver/maven-resolver-named-locks/1.9.22/maven-resolver-named-locks-1.9.22.jar:/home/runner/.m2/repository/org/apache/maven/resolver/maven-resolver-spi/1.9.22/maven-resolver-spi-1.9.22.jar:/home/runner/.m2/repository/org/apache/maven/resolver/maven-resolver-util/1.9.22/maven-resolver-util-1.9.22.jar:/home/runner/.m2/repository/org/apache/maven/resolver/maven-resolver-transport-http/1.9.20/maven-resolver-transport-http-1.9.20.jar:/home/runner/.m2/repository/org/apache/maven/wagon/wagon-provider-api/3.5.3/wagon-provider-api-3.5.3.jar:/home/runner/.m2/repository/org/apache/maven/wagon/wagon-http-shared/3.5.3/wagon-http-shared-3.5.3.jar:/home/runner/.m2/repository/org/codehaus/plexus/plexus-interpolation/1.26/plexus-interpolation-1.26.jar:/home/runner/.m2/repository/org/codehaus/plexus/plexus-utils/3.5.1/plexus-utils-3.5.1.jar:/home/runner/.m2/repository/org/codehaus/plexus/plexus-xml/4.0.1/plexus-xml-4.0.1.jar:/home/runner/.m2/repository/org/apache/maven/maven-xml-impl/4.0.0-alpha-5/maven-xml-impl-4.0.0-alpha-5.jar:/home/runner/.m2/repository/org/apache/maven/maven-api-xml/4.0.0-alpha-5/maven-api-xml-4.0.0-alpha-5.jar:/home/runner/.m2/repository/org/apache/maven/maven-api-meta/4.0.0-alpha-5/maven-api-meta-4.0.0-alpha-5.jar:/home/runner/.m2/repository/org/codehaus/plexus/plexus-cipher/2.0/plexus-cipher-2.0.jar:/home/runner/.m2/repository/org/codehaus/plexus/plexus-sec-dispatcher/2.0/plexus-sec-dispatcher-2.0.jar:/home/runner/.m2/repository/org/apache/maven/maven-embedder/3.9.9/maven-embedder-3.9.9.jar:/home/runner/.m2/repository/org/apache/maven/maven-core/3.9.9/maven-core-3.9.9.jar:/home/runner/.m2/repository/org/codehaus/plexus/plexus-component-annotations/2.1.0/plexus-component-annotations-2.1.0.jar:/home/runner/.m2/repository/org/apache/maven/maven-plugin-api/3.9.9/maven-plugin-api-3.9.9.jar:/home/runner/.m2/repository/org/apache/maven/shared/maven-shared-utils/3.4.2/maven-shared-utils-3.4.2.jar:/home/runner/.m2/repository/com/google/inject/guice/5.1.0/guice-5.1.0.jar:/home/runner/.m2/repository/aopalliance/aopalliance/1.0/aopalliance-1.0.jar:/home/runner/.m2/repository/org/codehaus/plexus/plexus-classworlds/2.6.0/plexus-classworlds-2.6.0.jar:/home/runner/.m2/repository/commons-cli/commons-cli/1.8.0/commons-cli-1.8.0.jar:/home/runner/.m2/repository/org/eclipse/sisu/org.eclipse.sisu.plexus/0.9.0.M3/org.eclipse.sisu.plexus-0.9.0.M3.jar:/home/runner/.m2/repository/org/apache/maven/maven-settings-builder/3.9.9/maven-settings-builder-3.9.9.jar:/home/runner/.m2/repository/org/apache/maven/maven-resolver-provider/3.9.9/maven-resolver-provider-3.9.9.jar:/home/runner/.m2/repository/org/apache/maven/resolver/maven-resolver-connector-basic/1.9.22/maven-resolver-connector-basic-1.9.22.jar:/home/runner/.m2/repository/org/apache/maven/resolver/maven-resolver-transport-wagon/1.9.22/maven-resolver-transport-wagon-1.9.22.jar:/home/runner/.m2/repository/org/apache/maven/wagon/wagon-http/3.5.3/wagon-http-3.5.3.jar:/home/runner/.m2/repository/org/apache/maven/wagon/wagon-file/3.5.3/wagon-file-3.5.3.jar:/home/runner/.m2/repository/io/quarkus/quarkus-bootstrap-gradle-resolver/3.20.2.2/quarkus-bootstrap-gradle-resolver-3.20.2.2.jar:/home/runner/.m2/repository/io/smallrye/jandex/3.3.0/jandex-3.3.0.jar:/home/runner/.m2/repository/org/jboss/logging/commons-logging-jboss-logging/1.0.0.Final/commons-logging-jboss-logging-1.0.0.Final.jar:/home/runner/.m2/repository/io/quarkus/quarkus-junit5-config/3.20.2.2/quarkus-junit5-config-3.20.2.2.jar:/home/runner/.m2/repository/org/junit/jupiter/junit-jupiter-api/5.12.1/junit-jupiter-api-5.12.1.jar:/home/runner/.m2/repository/io/smallrye/config/smallrye-config/3.11.4/smallrye-config-3.11.4.jar:/home/runner/.m2/repository/io/smallrye/config/smallrye-config-core/3.11.4/smallrye-config-core-3.11.4.jar:/home/runner/.m2/repository/io/smallrye/common/smallrye-common-classloader/2.12.0/smallrye-common-classloader-2.12.0.jar:/home/runner/.m2/repository/io/smallrye/config/smallrye-config-common/3.11.4/smallrye-config-common-3.11.4.jar:/home/runner/.m2/repository/org/junit/jupiter/junit-jupiter/5.12.1/junit-jupiter-5.12.1.jar:/home/runner/.m2/repository/org/junit/jupiter/junit-jupiter-params/5.12.1/junit-jupiter-params-5.12.1.jar:/home/runner/.m2/repository/org/junit/jupiter/junit-jupiter-engine/5.12.1/junit-jupiter-engine-5.12.1.jar:/home/runner/.m2/repository/io/quarkus/quarkus-core/3.20.2.2/quarkus-core-3.20.2.2.jar:/home/runner/.m2/repository/jakarta/enterprise/jakarta.enterprise.cdi-api/4.1.0/jakarta.enterprise.cdi-api-4.1.0.jar:/home/runner/.m2/repository/jakarta/enterprise/jakarta.enterprise.lang-model/4.1.0/jakarta.enterprise.lang-model-4.1.0.jar:/home/runner/.m2/repository/jakarta/el/jakarta.el-api/5.0.1/jakarta.el-api-5.0.1.jar:/home/runner/.m2/repository/jakarta/interceptor/jakarta.interceptor-api/2.2.0/jakarta.interceptor-api-2.2.0.jar:/home/runner/.m2/repository/jakarta/inject/jakarta.inject-api/2.0.1/jakarta.inject-api-2.0.1.jar:/home/runner/.m2/repository/io/smallrye/common/smallrye-common-os/2.12.0/smallrye-common-os-2.12.0.jar:/home/runner/.m2/repository/io/quarkus/quarkus-ide-launcher/3.20.2.2/quarkus-ide-launcher-3.20.2.2.jar:/home/runner/.m2/repository/io/quarkus/quarkus-development-mode-spi/3.20.2.2/quarkus-development-mode-spi-3.20.2.2.jar:/home/runner/.m2/repository/org/jboss/logging/jboss-logging/3.6.1.Final/jboss-logging-3.6.1.Final.jar:/home/runner/.m2/repository/org/jboss/logmanager/jboss-logmanager/3.1.2.Final/jboss-logmanager-3.1.2.Final.jar:/home/runner/.m2/repository/io/smallrye/common/smallrye-common-constraint/2.12.0/smallrye-common-constraint-2.12.0.jar:/home/runner/.m2/repository/io/smallrye/common/smallrye-common-cpu/2.12.0/smallrye-common-cpu-2.12.0.jar:/home/runner/.m2/repository/io/smallrye/common/smallrye-common-expression/2.12.0/smallrye-common-expression-2.12.0.jar:/home/runner/.m2/repository/io/smallrye/common/smallrye-common-net/2.12.0/smallrye-common-net-2.12.0.jar:/home/runner/.m2/repository/io/smallrye/common/smallrye-common-ref/2.12.0/smallrye-common-ref-2.12.0.jar:/home/runner/.m2/repository/jakarta/json/jakarta.json-api/2.1.3/jakarta.json-api-2.1.3.jar:/home/runner/.m2/repository/org/eclipse/parsson/parsson/1.1.7/parsson-1.1.7.jar:/home/runner/.m2/repository/org/jboss/logging/jboss-logging-annotations/3.0.4.Final/jboss-logging-annotations-3.0.4.Final.jar:/home/runner/.m2/repository/org/jboss/threads/jboss-threads/3.8.0.Final/jboss-threads-3.8.0.Final.jar:/home/runner/.m2/repository/io/smallrye/common/smallrye-common-annotation/2.12.0/smallrye-common-annotation-2.12.0.jar:/home/runner/.m2/repository/io/smallrye/common/smallrye-common-function/2.12.0/smallrye-common-function-2.12.0.jar:/home/runner/.m2/repository/org/jboss/slf4j/slf4j-jboss-logmanager/2.0.0.Final/slf4j-jboss-logmanager-2.0.0.Final.jar:/home/runner/.m2/repository/org/wildfly/common/wildfly-common/2.0.1/wildfly-common-2.0.1.jar:/home/runner/.m2/repository/io/quarkus/quarkus-bootstrap-runner/3.20.2.2/quarkus-bootstrap-runner-3.20.2.2.jar:/home/runner/.m2/repository/io/github/crac/org-crac/0.1.3/org-crac-0.1.3.jar:/home/runner/.m2/repository/io/quarkus/quarkus-fs-util/0.0.10/quarkus-fs-util-0.0.10.jar:/home/runner/.m2/repository/org/jboss/marshalling/jboss-marshalling/2.2.2.Final/jboss-marshalling-2.2.2.Final.jar:/home/runner/.m2/repository/io/fabric8/kubernetes-client/7.1.0/kubernetes-client-7.1.0.jar:/home/runner/.m2/repository/io/fabric8/kubernetes-client-api/7.1.0/kubernetes-client-api-7.1.0.jar:/home/runner/.m2/repository/io/fabric8/kubernetes-model-core/7.1.0/kubernetes-model-core-7.1.0.jar:/home/runner/.m2/repository/io/fabric8/kubernetes-model-common/7.1.0/kubernetes-model-common-7.1.0.jar:/home/runner/.m2/repository/javax/annotation/javax.annotation-api/1.3.2/javax.annotation-api-1.3.2.jar:/home/runner/.m2/repository/io/fabric8/kubernetes-model-gatewayapi/7.1.0/kubernetes-model-gatewayapi-7.1.0.jar:/home/runner/.m2/repository/io/fabric8/kubernetes-model-resource/7.1.0/kubernetes-model-resource-7.1.0.jar:/home/runner/.m2/repository/io/fabric8/kubernetes-model-rbac/7.1.0/kubernetes-model-rbac-7.1.0.jar:/home/runner/.m2/repository/io/fabric8/kubernetes-model-admissionregistration/7.1.0/kubernetes-model-admissionregistration-7.1.0.jar:/home/runner/.m2/repository/io/fabric8/kubernetes-model-apps/7.1.0/kubernetes-model-apps-7.1.0.jar:/home/runner/.m2/repository/io/fabric8/kubernetes-model-autoscaling/7.1.0/kubernetes-model-autoscaling-7.1.0.jar:/home/runner/.m2/repository/io/fabric8/kubernetes-model-apiextensions/7.1.0/kubernetes-model-apiextensions-7.1.0.jar:/home/runner/.m2/repository/io/fabric8/kubernetes-model-batch/7.1.0/kubernetes-model-batch-7.1.0.jar:/home/runner/.m2/repository/io/fabric8/kubernetes-model-certificates/7.1.0/kubernetes-model-certificates-7.1.0.jar:/home/runner/.m2/repository/io/fabric8/kubernetes-model-coordination/7.1.0/kubernetes-model-coordination-7.1.0.jar:/home/runner/.m2/repository/io/fabric8/kubernetes-model-discovery/7.1.0/kubernetes-model-discovery-7.1.0.jar:/home/runner/.m2/repository/io/fabric8/kubernetes-model-events/7.1.0/kubernetes-model-events-7.1.0.jar:/home/runner/.m2/repository/io/fabric8/kubernetes-model-extensions/7.1.0/kubernetes-model-extensions-7.1.0.jar:/home/runner/.m2/repository/io/fabric8/kubernetes-model-flowcontrol/7.1.0/kubernetes-model-flowcontrol-7.1.0.jar:/home/runner/.m2/repository/io/fabric8/kubernetes-model-networking/7.1.0/kubernetes-model-networking-7.1.0.jar:/home/runner/.m2/repository/io/fabric8/kubernetes-model-metrics/7.1.0/kubernetes-model-metrics-7.1.0.jar:/home/runner/.m2/repository/io/fabric8/kubernetes-model-policy/7.1.0/kubernetes-model-policy-7.1.0.jar:/home/runner/.m2/repository/io/fabric8/kubernetes-model-scheduling/7.1.0/kubernetes-model-scheduling-7.1.0.jar:/home/runner/.m2/repository/io/fabric8/kubernetes-model-storageclass/7.1.0/kubernetes-model-storageclass-7.1.0.jar:/home/runner/.m2/repository/io/fabric8/kubernetes-model-node/7.1.0/kubernetes-model-node-7.1.0.jar:/home/runner/.m2/repository/org/snakeyaml/snakeyaml-engine/2.9/snakeyaml-engine-2.9.jar:/home/runner/.m2/repository/com/fasterxml/jackson/dataformat/jackson-dataformat-yaml/2.18.2/jackson-dataformat-yaml-2.18.2.jar:/home/runner/.m2/repository/com/fasterxml/jackson/datatype/jackson-datatype-jsr310/2.18.2/jackson-datatype-jsr310-2.18.2.jar:/home/runner/.m2/repository/io/fabric8/zjsonpatch/7.1.0/zjsonpatch-7.1.0.jar:/home/runner/.m2/repository/io/fabric8/kubernetes-httpclient-vertx/7.1.0/kubernetes-httpclient-vertx-7.1.0.jar:/home/runner/.m2/repository/io/vertx/vertx-web-client/4.5.20/vertx-web-client-4.5.20.jar:/home/runner/.m2/repository/io/vertx/vertx-web-common/4.5.20/vertx-web-common-4.5.20.jar:/home/runner/.m2/repository/io/vertx/vertx-auth-common/4.5.20/vertx-auth-common-4.5.20.jar:/home/runner/.m2/repository/io/vertx/vertx-uri-template/4.5.20/vertx-uri-template-4.5.20.jar:/home/runner/.m2/repository/io/fabric8/openshift-client/7.1.0/openshift-client-7.1.0.jar:/home/runner/.m2/repository/io/fabric8/openshift-client-api/7.1.0/openshift-client-api-7.1.0.jar:/home/runner/.m2/repository/io/fabric8/openshift-model/7.1.0/openshift-model-7.1.0.jar:/home/runner/.m2/repository/io/fabric8/openshift-model-autoscaling/7.1.0/openshift-model-autoscaling-7.1.0.jar:/home/runner/.m2/repository/io/fabric8/openshift-model-operator/7.1.0/openshift-model-operator-7.1.0.jar:/home/runner/.m2/repository/io/fabric8/openshift-model-operatorhub/7.1.0/openshift-model-operatorhub-7.1.0.jar:/home/runner/.m2/repository/io/fabric8/openshift-model-machine/7.1.0/openshift-model-machine-7.1.0.jar:/home/runner/.m2/repository/io/fabric8/openshift-model-whereabouts/7.1.0/openshift-model-whereabouts-7.1.0.jar:/home/runner/.m2/repository/io/fabric8/openshift-model-monitoring/7.1.0/openshift-model-monitoring-7.1.0.jar:/home/runner/.m2/repository/io/fabric8/openshift-model-storageversionmigrator/7.1.0/openshift-model-storageversionmigrator-7.1.0.jar:/home/runner/.m2/repository/io/fabric8/openshift-model-tuned/7.1.0/openshift-model-tuned-7.1.0.jar:/home/runner/.m2/repository/io/fabric8/openshift-model-console/7.1.0/openshift-model-console-7.1.0.jar:/home/runner/.m2/repository/io/fabric8/openshift-model-config/7.1.0/openshift-model-config-7.1.0.jar:/home/runner/.m2/repository/io/fabric8/openshift-model-machineconfiguration/7.1.0/openshift-model-machineconfiguration-7.1.0.jar:/home/runner/.m2/repository/io/fabric8/openshift-model-miscellaneous/7.1.0/openshift-model-miscellaneous-7.1.0.jar:/home/runner/.m2/repository/io/fabric8/openshift-model-hive/7.1.0/openshift-model-hive-7.1.0.jar:/home/runner/.m2/repository/io/fabric8/openshift-model-installer/7.1.0/openshift-model-installer-7.1.0.jar:/home/runner/.m2/repository/org/junit/platform/junit-platform-launcher/1.12.1/junit-platform-launcher-1.12.1.jar:/home/runner/.m2/repository/org/junit/platform/junit-platform-engine/1.12.1/junit-platform-engine-1.12.1.jar:/home/runner/.m2/repository/org/opentest4j/opentest4j/1.3.0/opentest4j-1.3.0.jar:/home/runner/.m2/repository/org/junit/platform/junit-platform-commons/1.12.1/junit-platform-commons-1.12.1.jar:/home/runner/.m2/repository/org/apiguardian/apiguardian-api/1.1.2/apiguardian-api-1.1.2.jar:/home/runner/.m2/repository/jakarta/ws/rs/jakarta.ws.rs-api/3.1.0/jakarta.ws.rs-api-3.1.0.jar:/home/runner/work/apicurio-testing/apicurio-testing/cache/clusters/ci419/namespaces/inmemory/tests/integration/apicurio-registry/java-sdk/target/apicurio-registry-java-sdk-3.1.0.jar:/home/runner/.m2/repository/com/microsoft/kiota/microsoft-kiota-abstractions/1.8.10/microsoft-kiota-abstractions-1.8.10.jar:/home/runner/.m2/repository/io/github/std-uritemplate/std-uritemplate/2.0.0/std-uritemplate-2.0.0.jar:/home/runner/.m2/repository/io/kiota/kiota-http-jdk/0.0.29/kiota-http-jdk-0.0.29.jar:/home/runner/.m2/repository/io/kiota/kiota-http-vertx/0.0.29/kiota-http-vertx-0.0.29.jar:/home/runner/.m2/repository/io/kiota/kiota-serialization-jackson/0.0.29/kiota-serialization-jackson-0.0.29.jar:/home/runner/.m2/repository/com/microsoft/kiota/microsoft-kiota-serialization-text/1.8.10/microsoft-kiota-serialization-text-1.8.10.jar:/home/runner/.m2/repository/com/microsoft/kiota/microsoft-kiota-serialization-form/1.8.10/microsoft-kiota-serialization-form-1.8.10.jar:/home/runner/.m2/repository/com/microsoft/kiota/microsoft-kiota-serialization-multipart/1.8.10/microsoft-kiota-serialization-multipart-1.8.10.jar:/home/runner/.m2/repository/jakarta/annotation/jakarta.annotation-api/3.0.0/jakarta.annotation-api-3.0.0.jar:/home/runner/.m2/repository/io/vertx/vertx-auth-oauth2/4.5.20/vertx-auth-oauth2-4.5.20.jar:/home/runner/work/apicurio-testing/apicurio-testing/cache/clusters/ci419/namespaces/inmemory/tests/integration/apicurio-registry/java-sdk-v2/target/apicurio-registry-v2-java-sdk-3.1.0.jar:/home/runner/work/apicurio-testing/apicurio-testing/cache/clusters/ci419/namespaces/inmemory/tests/integration/apicurio-registry/utils/kafka/target/apicurio-registry-utils-kafka-3.1.0-tests.jar:/home/runner/.m2/repository/org/eclipse/microprofile/config/microprofile-config-api/3.1/microprofile-config-api-3.1.jar:/home/runner/.m2/repository/org/apache/kafka/kafka-clients/3.9.1/kafka-clients-3.9.1.jar:/home/runner/.m2/repository/com/github/luben/zstd-jni/1.5.6-4/zstd-jni-1.5.6-4.jar:/home/runner/.m2/repository/org/lz4/lz4-java/1.8.0/lz4-java-1.8.0.jar:/home/runner/.m2/repository/org/xerial/snappy/snappy-java/1.1.10.5/snappy-java-1.1.10.5.jar:/home/runner/.m2/repository/org/slf4j/slf4j-api/2.0.6/slf4j-api-2.0.6.jar:/home/runner/work/apicurio-testing/apicurio-testing/cache/clusters/ci419/namespaces/inmemory/tests/integration/apicurio-registry/utils/tests/target/apicurio-registry-utils-tests-3.1.0.jar:/home/runner/work/apicurio-testing/apicurio-testing/cache/clusters/ci419/namespaces/inmemory/tests/integration/apicurio-registry/common/target/apicurio-registry-common-3.1.0.jar:/home/runner/.m2/repository/jakarta/validation/jakarta.validation-api/3.0.2/jakarta.validation-api-3.0.2.jar:/home/runner/.m2/repository/com/github/dasniko/testcontainers-keycloak/3.9.0/testcontainers-keycloak-3.9.0.jar:/home/runner/.m2/repository/org/testcontainers/testcontainers/1.20.6/testcontainers-1.20.6.jar:/home/runner/.m2/repository/org/rnorth/duct-tape/duct-tape/1.0.8/duct-tape-1.0.8.jar:/home/runner/.m2/repository/org/jetbrains/annotations/26.0.2/annotations-26.0.2.jar:/home/runner/.m2/repository/com/github/docker-java/docker-java-transport-zerodep/3.4.1/docker-java-transport-zerodep-3.4.1.jar:/home/runner/.m2/repository/com/github/docker-java/docker-java-transport/3.4.1/docker-java-transport-3.4.1.jar:/home/runner/.m2/repository/net/java/dev/jna/jna/5.8.0/jna-5.8.0.jar:/home/runner/.m2/repository/io/quarkus/quarkus-junit4-mock/3.20.2.2/quarkus-junit4-mock-3.20.2.2.jar:/home/runner/.m2/repository/org/jboss/shrinkwrap/shrinkwrap-api/2.0.0-beta-2/shrinkwrap-api-2.0.0-beta-2.jar:/home/runner/.m2/repository/org/jboss/shrinkwrap/shrinkwrap-impl-base/2.0.0-beta-2/shrinkwrap-impl-base-2.0.0-beta-2.jar:/home/runner/.m2/repository/org/jboss/shrinkwrap/shrinkwrap-spi/2.0.0-beta-2/shrinkwrap-spi-2.0.0-beta-2.jar:/home/runner/.m2/repository/org/keycloak/keycloak-admin-client/26.0.4/keycloak-admin-client-26.0.4.jar:/home/runner/.m2/repository/org/keycloak/keycloak-client-common-synced/26.0.4/keycloak-client-common-synced-26.0.4.jar:/home/runner/.m2/repository/jakarta/activation/jakarta.activation-api/2.1.3/jakarta.activation-api-2.1.3.jar:/home/runner/.m2/repository/org/eclipse/microprofile/openapi/microprofile-openapi-api/4.0.2/microprofile-openapi-api-4.0.2.jar:/home/runner/.m2/repository/org/jboss/resteasy/resteasy-client/6.2.12.Final/resteasy-client-6.2.12.Final.jar:/home/runner/.m2/repository/org/jboss/resteasy/resteasy-client-api/6.2.12.Final/resteasy-client-api-6.2.12.Final.jar:/home/runner/.m2/repository/org/jboss/resteasy/resteasy-core-spi/6.2.12.Final/resteasy-core-spi-6.2.12.Final.jar:/home/runner/.m2/repository/org/jboss/resteasy/resteasy-core/6.2.12.Final/resteasy-core-6.2.12.Final.jar:/home/runner/.m2/repository/org/eclipse/angus/angus-activation/2.0.2/angus-activation-2.0.2.jar:/home/runner/.m2/repository/com/ibm/async/asyncutil/0.1.0/asyncutil-0.1.0.jar:/home/runner/.m2/repository/org/reactivestreams/reactive-streams/1.0.4/reactive-streams-1.0.4.jar:/home/runner/.m2/repository/org/jboss/resteasy/resteasy-multipart-provider/6.2.12.Final/resteasy-multipart-provider-6.2.12.Final.jar:/home/runner/.m2/repository/jakarta/mail/jakarta.mail-api/2.1.3/jakarta.mail-api-2.1.3.jar:/home/runner/.m2/repository/org/eclipse/angus/angus-mail/2.0.3/angus-mail-2.0.3.jar:/home/runner/.m2/repository/org/apache/james/apache-mime4j-dom/0.8.12/apache-mime4j-dom-0.8.12.jar:/home/runner/.m2/repository/org/apache/james/apache-mime4j-core/0.8.12/apache-mime4j-core-0.8.12.jar:/home/runner/.m2/repository/org/apache/james/apache-mime4j-storage/0.8.12/apache-mime4j-storage-0.8.12.jar:/home/runner/.m2/repository/org/jboss/resteasy/resteasy-jackson2-provider/6.2.12.Final/resteasy-jackson2-provider-6.2.12.Final.jar:/home/runner/.m2/repository/com/fasterxml/jackson/jakarta/rs/jackson-jakarta-rs-base/2.18.2/jackson-jakarta-rs-base-2.18.2.jar:/home/runner/.m2/repository/com/fasterxml/jackson/jakarta/rs/jackson-jakarta-rs-json-provider/2.18.2/jackson-jakarta-rs-json-provider-2.18.2.jar:/home/runner/.m2/repository/com/fasterxml/jackson/module/jackson-module-jakarta-xmlbind-annotations/2.18.2/jackson-module-jakarta-xmlbind-annotations-2.18.2.jar:/home/runner/.m2/repository/com/github/java-json-tools/json-patch/1.13/json-patch-1.13.jar:/home/runner/.m2/repository/com/github/java-json-tools/msg-simple/1.2/msg-simple-1.2.jar:/home/runner/.m2/repository/com/github/java-json-tools/btf/1.3/btf-1.3.jar:/home/runner/.m2/repository/com/github/java-json-tools/jackson-coreutils/2.0/jackson-coreutils-2.0.jar:/home/runner/.m2/repository/org/jboss/resteasy/resteasy-jaxb-provider/6.2.12.Final/resteasy-jaxb-provider-6.2.12.Final.jar:/home/runner/.m2/repository/org/glassfish/jaxb/codemodel/4.0.5/codemodel-4.0.5.jar:/home/runner/.m2/repository/org/glassfish/jaxb/jaxb-core/4.0.5/jaxb-core-4.0.5.jar:/home/runner/.m2/repository/org/glassfish/jaxb/jaxb-jxc/4.0.5/jaxb-jxc-4.0.5.jar:/home/runner/.m2/repository/org/glassfish/jaxb/jaxb-runtime/4.0.5/jaxb-runtime-4.0.5.jar:/home/runner/.m2/repository/org/glassfish/jaxb/txw2/4.0.5/txw2-4.0.5.jar:/home/runner/.m2/repository/org/glassfish/jaxb/jaxb-xjc/4.0.5/jaxb-xjc-4.0.5.jar:/home/runner/.m2/repository/org/glassfish/jaxb/xsom/4.0.5/xsom-4.0.5.jar:/home/runner/.m2/repository/com/sun/istack/istack-commons-runtime/4.1.2/istack-commons-runtime-4.1.2.jar:/home/runner/.m2/repository/com/sun/istack/istack-commons-tools/4.1.2/istack-commons-tools-4.1.2.jar:/home/runner/.m2/repository/com/sun/xml/bind/external/relaxng-datatype/4.0.5/relaxng-datatype-4.0.5.jar:/home/runner/.m2/repository/com/sun/xml/bind/external/rngom/4.0.5/rngom-4.0.5.jar:/home/runner/.m2/repository/org/testcontainers/mssqlserver/1.20.6/mssqlserver-1.20.6.jar:/home/runner/.m2/repository/org/testcontainers/jdbc/1.20.6/jdbc-1.20.6.jar:/home/runner/.m2/repository/org/testcontainers/database-commons/1.20.6/database-commons-1.20.6.jar:/home/runner/.m2/repository/org/testcontainers/mysql/1.20.6/mysql-1.20.6.jar:/home/runner/.m2/repository/io/strimzi/strimzi-test-container/0.112.0/strimzi-test-container-0.112.0.jar:/home/runner/.m2/repository/org/testcontainers/toxiproxy/1.20.6/toxiproxy-1.20.6.jar:/home/runner/.m2/repository/com/github/docker-java/docker-java-api/3.4.1/docker-java-api-3.4.1.jar:/home/runner/.m2/repository/org/apache/logging/log4j/log4j-slf4j-impl/2.19.0/log4j-slf4j-impl-2.19.0.jar:/home/runner/.m2/repository/org/apache/logging/log4j/log4j-api/2.24.3/log4j-api-2.24.3.jar:/home/runner/.m2/repository/org/apache/logging/log4j/log4j-core/2.19.0/log4j-core-2.19.0.jar:/home/runner/.m2/repository/eu/rekawek/toxiproxy/toxiproxy-java/2.1.7/toxiproxy-java-2.1.7.jar:/home/runner/.m2/repository/org/testcontainers/pulsar/1.21.3/pulsar-1.21.3.jar:/home/runner/.m2/repository/io/debezium/debezium-testing-testcontainers/2.7.4.Final/debezium-testing-testcontainers-2.7.4.Final.jar:/home/runner/.m2/repository/org/testcontainers/kafka/1.20.6/kafka-1.20.6.jar:/home/runner/.m2/repository/com/squareup/okhttp3/okhttp/4.8.1/okhttp-4.8.1.jar:/home/runner/.m2/repository/com/squareup/okio/okio/3.10.2/okio-3.10.2.jar:/home/runner/.m2/repository/com/squareup/okio/okio-jvm/3.10.2/okio-jvm-3.10.2.jar:/home/runner/.m2/repository/org/jetbrains/kotlin/kotlin-stdlib/2.0.21/kotlin-stdlib-2.0.21.jar:/home/runner/.m2/repository/org/awaitility/awaitility/4.3.0/awaitility-4.3.0.jar:/home/runner/.m2/repository/org/testcontainers/mongodb/1.20.6/mongodb-1.20.6.jar:/home/runner/.m2/repository/org/testcontainers/mariadb/1.20.6/mariadb-1.20.6.jar:/home/runner/.m2/repository/org/testcontainers/oracle-xe/1.20.6/oracle-xe-1.20.6.jar:/home/runner/.m2/repository/org/testcontainers/postgresql/1.20.6/postgresql-1.20.6.jar:/home/runner/.m2/repository/org/wiremock/wiremock/3.0.1/wiremock-3.0.1.jar:/home/runner/.m2/repository/org/eclipse/jetty/jetty-server/11.0.15/jetty-server-11.0.15.jar:/home/runner/.m2/repository/org/eclipse/jetty/toolchain/jetty-jakarta-servlet-api/5.0.2/jetty-jakarta-servlet-api-5.0.2.jar:/home/runner/.m2/repository/org/eclipse/jetty/jetty-http/11.0.15/jetty-http-11.0.15.jar:/home/runner/.m2/repository/org/eclipse/jetty/jetty-io/11.0.15/jetty-io-11.0.15.jar:/home/runner/.m2/repository/org/eclipse/jetty/jetty-servlet/11.0.15/jetty-servlet-11.0.15.jar:/home/runner/.m2/repository/org/eclipse/jetty/jetty-security/11.0.15/jetty-security-11.0.15.jar:/home/runner/.m2/repository/org/eclipse/jetty/jetty-servlets/11.0.15/jetty-servlets-11.0.15.jar:/home/runner/.m2/repository/org/eclipse/jetty/jetty-util/11.0.15/jetty-util-11.0.15.jar:/home/runner/.m2/repository/org/eclipse/jetty/jetty-webapp/11.0.15/jetty-webapp-11.0.15.jar:/home/runner/.m2/repository/org/eclipse/jetty/jetty-xml/11.0.15/jetty-xml-11.0.15.jar:/home/runner/.m2/repository/org/eclipse/jetty/jetty-proxy/11.0.15/jetty-proxy-11.0.15.jar:/home/runner/.m2/repository/org/eclipse/jetty/jetty-client/11.0.15/jetty-client-11.0.15.jar:/home/runner/.m2/repository/org/eclipse/jetty/http2/http2-server/11.0.15/http2-server-11.0.15.jar:/home/runner/.m2/repository/org/eclipse/jetty/http2/http2-common/11.0.15/http2-common-11.0.15.jar:/home/runner/.m2/repository/org/eclipse/jetty/http2/http2-hpack/11.0.15/http2-hpack-11.0.15.jar:/home/runner/.m2/repository/org/eclipse/jetty/jetty-alpn-server/11.0.15/jetty-alpn-server-11.0.15.jar:/home/runner/.m2/repository/org/eclipse/jetty/jetty-alpn-java-server/11.0.15/jetty-alpn-java-server-11.0.15.jar:/home/runner/.m2/repository/org/eclipse/jetty/jetty-alpn-java-client/11.0.15/jetty-alpn-java-client-11.0.15.jar:/home/runner/.m2/repository/org/eclipse/jetty/jetty-alpn-client/11.0.15/jetty-alpn-client-11.0.15.jar:/home/runner/.m2/repository/org/apache/httpcomponents/client5/httpclient5/5.2.1/httpclient5-5.2.1.jar:/home/runner/.m2/repository/org/apache/httpcomponents/core5/httpcore5/5.2/httpcore5-5.2.jar:/home/runner/.m2/repository/org/apache/httpcomponents/core5/httpcore5-h2/5.2/httpcore5-h2-5.2.jar:/home/runner/.m2/repository/org/xmlunit/xmlunit-core/2.9.1/xmlunit-core-2.9.1.jar:/home/runner/.m2/repository/jakarta/xml/bind/jakarta.xml.bind-api/4.0.2/jakarta.xml.bind-api-4.0.2.jar:/home/runner/.m2/repository/org/xmlunit/xmlunit-legacy/2.9.1/xmlunit-legacy-2.9.1.jar:/home/runner/.m2/repository/org/xmlunit/xmlunit-placeholders/2.9.1/xmlunit-placeholders-2.9.1.jar:/home/runner/.m2/repository/net/javacrumbs/json-unit/json-unit-core/2.38.0/json-unit-core-2.38.0.jar:/home/runner/.m2/repository/org/hamcrest/hamcrest-core/2.2/hamcrest-core-2.2.jar:/home/runner/.m2/repository/com/jayway/jsonpath/json-path/2.8.0/json-path-2.8.0.jar:/home/runner/.m2/repository/net/minidev/json-smart/2.4.10/json-smart-2.4.10.jar:/home/runner/.m2/repository/net/minidev/accessors-smart/2.4.9/accessors-smart-2.4.9.jar:/home/runner/.m2/repository/org/ow2/asm/asm/9.7.1/asm-9.7.1.jar:/home/runner/.m2/repository/net/sf/jopt-simple/jopt-simple/5.0.4/jopt-simple-5.0.4.jar:/home/runner/.m2/repository/com/github/jknack/handlebars/4.3.1/handlebars-4.3.1.jar:/home/runner/.m2/repository/com/github/jknack/handlebars-helpers/4.3.1/handlebars-helpers-4.3.1.jar:/home/runner/.m2/repository/commons-fileupload/commons-fileupload/1.5/commons-fileupload-1.5.jar:/home/runner/.m2/repository/com/networknt/json-schema-validator/1.5.9/json-schema-validator-1.5.9.jar:/home/runner/.m2/repository/com/ethlo/time/itu/1.14.0/itu-1.14.0.jar:/home/runner/.m2/repository/io/quarkus/quarkus-smallrye-jwt-build/3.20.2.2/quarkus-smallrye-jwt-build-3.20.2.2.jar:/home/runner/.m2/repository/io/smallrye/smallrye-jwt-build/4.6.2/smallrye-jwt-build-4.6.2.jar:/home/runner/.m2/repository/org/eclipse/microprofile/jwt/microprofile-jwt-auth-api/2.1/microprofile-jwt-auth-api-2.1.jar:/home/runner/.m2/repository/org/bitbucket/b_c/jose4j/0.9.6/jose4j-0.9.6.jar:/home/runner/.m2/repository/io/smallrye/smallrye-jwt-common/4.6.2/smallrye-jwt-common-4.6.2.jar:/home/runner/.m2/repository/io/quarkus/quarkus-jsonp/3.20.2.2/quarkus-jsonp-3.20.2.2.jar:/home/runner/.m2/repository/io/quarkus/quarkus-arc/3.20.2.2/quarkus-arc-3.20.2.2.jar:/home/runner/.m2/repository/io/quarkus/arc/arc/3.20.2.2/arc-3.20.2.2.jar:/home/runner/.m2/repository/jakarta/transaction/jakarta.transaction-api/2.0.1/jakarta.transaction-api-2.0.1.jar:/home/runner/.m2/repository/io/smallrye/reactive/mutiny/2.9.2/mutiny-2.9.2.jar:/home/runner/.m2/repository/org/jctools/jctools-core/4.0.5/jctools-core-4.0.5.jar:/home/runner/.m2/repository/org/eclipse/microprofile/context-propagation/microprofile-context-propagation-api/1.3/microprofile-context-propagation-api-1.3.jar:/home/runner/.m2/repository/io/apicurio/apicurio-common-rest-client-common/0.1.18.Final/apicurio-common-rest-client-common-0.1.18.Final.jar:/home/runner/work/apicurio-testing/apicurio-testing/cache/clusters/ci419/namespaces/inmemory/tests/integration/apicurio-registry/utils/maven-plugin/target/apicurio-registry-maven-plugin-3.1.0.jar:/home/runner/.m2/repository/com/fasterxml/jackson/core/jackson-databind/2.18.2/jackson-databind-2.18.2.jar:/home/runner/.m2/repository/org/apache/avro/avro/1.12.0/avro-1.12.0.jar:/home/runner/.m2/repository/com/google/protobuf/protobuf-java/4.32.1/protobuf-java-4.32.1.jar:/home/runner/.m2/repository/com/google/protobuf/protobuf-java-util/4.32.1/protobuf-java-util-4.32.1.jar:/home/runner/.m2/repository/com/google/code/findbugs/jsr305/3.0.2/jsr305-3.0.2.jar:/home/runner/.m2/repository/com/google/code/gson/gson/2.12.1/gson-2.12.1.jar:/home/runner/.m2/repository/com/google/errorprone/error_prone_annotations/2.36.0/error_prone_annotations-2.36.0.jar:/home/runner/.m2/repository/com/google/j2objc/j2objc-annotations/2.8/j2objc-annotations-2.8.jar:/home/runner/work/apicurio-testing/apicurio-testing/cache/clusters/ci419/namespaces/inmemory/tests/integration/apicurio-registry/schema-util/util-provider/target/apicurio-registry-schema-util-provider-3.1.0.jar:/home/runner/work/apicurio-testing/apicurio-testing/cache/clusters/ci419/namespaces/inmemory/tests/integration/apicurio-registry/schema-util/common/target/apicurio-registry-schema-util-common-3.1.0.jar:/home/runner/.m2/repository/com/fasterxml/jackson/module/jackson-module-parameter-names/2.18.2/jackson-module-parameter-names-2.18.2.jar:/home/runner/.m2/repository/com/fasterxml/jackson/datatype/jackson-datatype-json-org/2.18.2/jackson-datatype-json-org-2.18.2.jar:/home/runner/work/apicurio-testing/apicurio-testing/cache/clusters/ci419/namespaces/inmemory/tests/integration/apicurio-registry/schema-util/json/target/apicurio-registry-schema-util-json-3.1.0.jar:/home/runner/.m2/repository/com/github/erosb/everit-json-schema/1.14.6/everit-json-schema-1.14.6.jar:/home/runner/.m2/repository/commons-validator/commons-validator/1.9.0/commons-validator-1.9.0.jar:/home/runner/.m2/repository/commons-digester/commons-digester/2.1/commons-digester-2.1.jar:/home/runner/.m2/repository/commons-collections/commons-collections/3.2.2/commons-collections-3.2.2.jar:/home/runner/.m2/repository/com/damnhandy/handy-uri-templates/2.1.8/handy-uri-templates-2.1.8.jar:/home/runner/.m2/repository/joda-time/joda-time/2.10.2/joda-time-2.10.2.jar:/home/runner/.m2/repository/com/github/erosb/json-sKema/0.27.0/json-sKema-0.27.0.jar:/home/runner/.m2/repository/com/sanctionco/jmail/jmail/2.0.2/jmail-2.0.2.jar:/home/runner/.m2/repository/io/vertx/vertx-json-schema/4.5.20/vertx-json-schema-4.5.20.jar:/home/runner/work/apicurio-testing/apicurio-testing/cache/clusters/ci419/namespaces/inmemory/tests/integration/apicurio-registry/schema-util/protobuf/target/apicurio-registry-schema-util-protobuf-3.1.0.jar:/home/runner/work/apicurio-testing/apicurio-testing/cache/clusters/ci419/namespaces/inmemory/tests/integration/apicurio-registry/utils/protobuf-schema-utilities/target/apicurio-registry-protobuf-schema-utilities-3.1.0.jar:/home/runner/.m2/repository/com/google/api/grpc/proto-google-common-protos/2.52.0/proto-google-common-protos-2.52.0.jar:/home/runner/.m2/repository/com/squareup/wire/wire-schema-jvm/5.3.3/wire-schema-jvm-5.3.3.jar:/home/runner/.m2/repository/com/palantir/javapoet/javapoet/0.6.0/javapoet-0.6.0.jar:/home/runner/.m2/repository/com/squareup/kotlinpoet-jvm/2.0.0/kotlinpoet-jvm-2.0.0.jar:/home/runner/.m2/repository/org/jetbrains/kotlin/kotlin-reflect/2.0.21/kotlin-reflect-2.0.21.jar:/home/runner/.m2/repository/com/squareup/wire/wire-runtime-jvm/5.3.3/wire-runtime-jvm-5.3.3.jar:/home/runner/.m2/repository/com/ibm/icu/icu4j/76.1/icu4j-76.1.jar:/home/runner/.m2/repository/com/squareup/okio/okio-fakefilesystem/3.10.2/okio-fakefilesystem-3.10.2.jar:/home/runner/.m2/repository/com/squareup/okio/okio-fakefilesystem-jvm/3.10.2/okio-fakefilesystem-jvm-3.10.2.jar:/home/runner/.m2/repository/org/jetbrains/kotlinx/kotlinx-datetime-jvm/0.6.1/kotlinx-datetime-jvm-0.6.1.jar:/home/runner/work/apicurio-testing/apicurio-testing/cache/clusters/ci419/namespaces/inmemory/tests/integration/apicurio-registry/schema-util/asyncapi/target/apicurio-registry-schema-util-asyncapi-3.1.0.jar:/home/runner/work/apicurio-testing/apicurio-testing/cache/clusters/ci419/namespaces/inmemory/tests/integration/apicurio-registry/schema-util/avro/target/apicurio-registry-schema-util-avro-3.1.0.jar:/home/runner/work/apicurio-testing/apicurio-testing/cache/clusters/ci419/namespaces/inmemory/tests/integration/apicurio-registry/schema-util/graphql/target/apicurio-registry-schema-util-graphql-3.1.0.jar:/home/runner/.m2/repository/com/graphql-java/graphql-java/22.4/graphql-java-22.4.jar:/home/runner/.m2/repository/com/graphql-java/java-dataloader/3.3.0/java-dataloader-3.3.0.jar:/home/runner/work/apicurio-testing/apicurio-testing/cache/clusters/ci419/namespaces/inmemory/tests/integration/apicurio-registry/schema-util/kconnect/target/apicurio-registry-schema-util-kconnect-3.1.0.jar:/home/runner/.m2/repository/org/apache/kafka/connect-json/3.9.1/connect-json-3.9.1.jar:/home/runner/.m2/repository/org/apache/kafka/connect-api/3.9.1/connect-api-3.9.1.jar:/home/runner/.m2/repository/javax/ws/rs/javax.ws.rs-api/2.1.1/javax.ws.rs-api-2.1.1.jar:/home/runner/.m2/repository/com/fasterxml/jackson/module/jackson-module-afterburner/2.18.2/jackson-module-afterburner-2.18.2.jar:/home/runner/work/apicurio-testing/apicurio-testing/cache/clusters/ci419/namespaces/inmemory/tests/integration/apicurio-registry/schema-util/openapi/target/apicurio-registry-schema-util-openapi-3.1.0.jar:/home/runner/.m2/repository/io/apicurio/apicurio-data-models/2.2.4/apicurio-data-models-2.2.4.jar:/home/runner/.m2/repository/org/slf4j/jcl-over-slf4j/2.0.6/jcl-over-slf4j-2.0.6.jar:/home/runner/.m2/repository/org/openapitools/openapidiff/openapi-diff-core/2.1.3/openapi-diff-core-2.1.3.jar:/home/runner/.m2/repository/io/swagger/parser/v3/swagger-parser/2.1.31/swagger-parser-2.1.31.jar:/home/runner/.m2/repository/io/swagger/parser/v3/swagger-parser-v2-converter/2.1.31/swagger-parser-v2-converter-2.1.31.jar:/home/runner/.m2/repository/io/swagger/swagger-core/1.6.16/swagger-core-1.6.16.jar:/home/runner/.m2/repository/io/swagger/swagger-models/1.6.16/swagger-models-1.6.16.jar:/home/runner/.m2/repository/io/swagger/swagger-annotations/1.6.16/swagger-annotations-1.6.16.jar:/home/runner/.m2/repository/io/swagger/swagger-parser/1.0.75/swagger-parser-1.0.75.jar:/home/runner/.m2/repository/io/swagger/swagger-parser-safe-url-resolver/1.0.75/swagger-parser-safe-url-resolver-1.0.75.jar:/home/runner/.m2/repository/io/swagger/swagger-compat-spec-parser/1.0.75/swagger-compat-spec-parser-1.0.75.jar:/home/runner/.m2/repository/com/github/java-json-tools/json-schema-validator/2.2.14/json-schema-validator-2.2.14.jar:/home/runner/.m2/repository/com/github/java-json-tools/jackson-coreutils-equivalence/1.0/jackson-coreutils-equivalence-1.0.jar:/home/runner/.m2/repository/com/github/java-json-tools/json-schema-core/1.2.14/json-schema-core-1.2.14.jar:/home/runner/.m2/repository/com/github/java-json-tools/uri-template/0.10/uri-template-0.10.jar:/home/runner/.m2/repository/com/googlecode/libphonenumber/libphonenumber/8.11.1/libphonenumber-8.11.1.jar:/home/runner/.m2/repository/com/j2html/j2html/1.6.0/j2html-1.6.0.jar:/home/runner/.m2/repository/org/apache/commons/commons-collections4/4.5.0/commons-collections4-4.5.0.jar:/home/runner/.m2/repository/io/swagger/parser/v3/swagger-parser-v3/2.1.34/swagger-parser-v3-2.1.34.jar:/home/runner/.m2/repository/io/swagger/core/v3/swagger-models/2.2.37/swagger-models-2.2.37.jar:/home/runner/.m2/repository/io/swagger/core/v3/swagger-core/2.2.37/swagger-core-2.2.37.jar:/home/runner/.m2/repository/io/swagger/parser/v3/swagger-parser-core/2.1.34/swagger-parser-core-2.1.34.jar:/home/runner/.m2/repository/io/swagger/parser/v3/swagger-parser-safe-url-resolver/2.1.34/swagger-parser-safe-url-resolver-2.1.34.jar:/home/runner/work/apicurio-testing/apicurio-testing/cache/clusters/ci419/namespaces/inmemory/tests/integration/apicurio-registry/schema-util/wsdl/target/apicurio-registry-schema-util-wsdl-3.1.0.jar:/home/runner/.m2/repository/wsdl4j/wsdl4j/1.6.3/wsdl4j-1.6.3.jar:/home/runner/work/apicurio-testing/apicurio-testing/cache/clusters/ci419/namespaces/inmemory/tests/integration/apicurio-registry/schema-util/xml/target/apicurio-registry-schema-util-xml-3.1.0.jar:/home/runner/.m2/repository/org/apache/santuario/xmlsec/4.0.4/xmlsec-4.0.4.jar:/home/runner/.m2/repository/com/fasterxml/woodstox/woodstox-core/7.1.1/woodstox-core-7.1.1.jar:/home/runner/.m2/repository/org/codehaus/woodstox/stax2-api/4.2.2/stax2-api-4.2.2.jar:/home/runner/work/apicurio-testing/apicurio-testing/cache/clusters/ci419/namespaces/inmemory/tests/integration/apicurio-registry/schema-util/xsd/target/apicurio-registry-schema-util-xsd-3.1.0.jar:/home/runner/work/apicurio-testing/apicurio-testing/cache/clusters/ci419/namespaces/inmemory/tests/integration/apicurio-registry/serdes/kafka/jsonschema-serde/target/apicurio-registry-jsonschema-serde-kafka-3.1.0.jar:/home/runner/work/apicurio-testing/apicurio-testing/cache/clusters/ci419/namespaces/inmemory/tests/integration/apicurio-registry/serdes/kafka/serde-kafka-common/target/apicurio-registry-serde-kafka-common-3.1.0.jar:/home/runner/work/apicurio-testing/apicurio-testing/cache/clusters/ci419/namespaces/inmemory/tests/integration/apicurio-registry/serdes/generic/serde-common/target/apicurio-registry-serde-common-3.1.0.jar:/home/runner/work/apicurio-testing/apicurio-testing/cache/clusters/ci419/namespaces/inmemory/tests/integration/apicurio-registry/serdes/generic/serde-common-jsonschema/target/apicurio-registry-serde-common-jsonschema-3.1.0.jar:/home/runner/.m2/repository/org/json/json/20250107/json-20250107.jar:/home/runner/work/apicurio-testing/apicurio-testing/cache/clusters/ci419/namespaces/inmemory/tests/integration/apicurio-registry/serdes/kafka/avro-serde/target/apicurio-registry-avro-serde-kafka-3.1.0.jar:/home/runner/work/apicurio-testing/apicurio-testing/cache/clusters/ci419/namespaces/inmemory/tests/integration/apicurio-registry/serdes/generic/serde-common-avro/target/apicurio-registry-serde-common-avro-3.1.0.jar:/home/runner/work/apicurio-testing/apicurio-testing/cache/clusters/ci419/namespaces/inmemory/tests/integration/apicurio-registry/serdes/kafka/protobuf-serde/target/apicurio-registry-protobuf-serde-kafka-3.1.0.jar:/home/runner/work/apicurio-testing/apicurio-testing/cache/clusters/ci419/namespaces/inmemory/tests/integration/apicurio-registry/serdes/generic/serde-common-protobuf/target/apicurio-registry-serde-common-protobuf-3.1.0.jar:/home/runner/.m2/repository/com/squareup/wire/wire-schema/5.3.3/wire-schema-5.3.3.jar:/home/runner/.m2/repository/com/squareup/wire/wire-runtime/5.3.3/wire-runtime-5.3.3.jar:/home/runner/work/apicurio-testing/apicurio-testing/cache/clusters/ci419/namespaces/inmemory/tests/integration/apicurio-registry/serdes/pulsar/avro-serde/target/apicurio-registry-avro-serde-pulsar-3.1.0.jar:/home/runner/.m2/repository/org/apache/pulsar/pulsar-functions-api/3.3.9/pulsar-functions-api-3.3.9.jar:/home/runner/work/apicurio-testing/apicurio-testing/cache/clusters/ci419/namespaces/inmemory/tests/integration/apicurio-registry/serdes/nats/avro-serde/target/apicurio-registry-avro-serde-nats-3.1.0.jar:/home/runner/.m2/repository/io/nats/jnats/2.23.0/jnats-2.23.0.jar:/home/runner/.m2/repository/org/bouncycastle/bcprov-lts8on/2.73.8/bcprov-lts8on-2.73.8.jar:/home/runner/work/apicurio-testing/apicurio-testing/cache/clusters/ci419/namespaces/inmemory/tests/integration/apicurio-registry/utils/converter/target/apicurio-registry-utils-converter-3.1.0.jar:/home/runner/work/apicurio-testing/apicurio-testing/cache/clusters/ci419/namespaces/inmemory/tests/integration/apicurio-registry/schema-resolver/target/apicurio-registry-schema-resolver-3.1.0.jar:/home/runner/work/apicurio-testing/apicurio-testing/cache/clusters/ci419/namespaces/inmemory/tests/integration/apicurio-registry/utils/kafka/target/apicurio-registry-utils-kafka-3.1.0.jar:/home/runner/.m2/repository/org/apache/pulsar/pulsar-client/3.3.9/pulsar-client-3.3.9.jar:/home/runner/.m2/repository/org/apache/pulsar/pulsar-client-api/3.3.9/pulsar-client-api-3.3.9.jar:/home/runner/.m2/repository/org/apache/pulsar/pulsar-client-admin-api/3.3.9/pulsar-client-admin-api-3.3.9.jar:/home/runner/.m2/repository/org/apache/pulsar/bouncy-castle-bc/3.3.9/bouncy-castle-bc-3.3.9-pkg.jar:/home/runner/.m2/repository/org/bouncycastle/bcpkix-jdk18on/1.81/bcpkix-jdk18on-1.81.jar:/home/runner/.m2/repository/org/bouncycastle/bcutil-jdk18on/1.81/bcutil-jdk18on-1.81.jar:/home/runner/.m2/repository/org/bouncycastle/bcprov-jdk18on/1.81/bcprov-jdk18on-1.81.jar:/home/runner/.m2/repository/io/opentelemetry/opentelemetry-api/1.44.1/opentelemetry-api-1.44.1.jar:/home/runner/.m2/repository/io/opentelemetry/opentelemetry-context/1.44.1/opentelemetry-context-1.44.1.jar:/home/runner/.m2/repository/io/opentelemetry/opentelemetry-api-incubator/1.44.1-alpha/opentelemetry-api-incubator-1.44.1-alpha.jar:/home/runner/.m2/repository/com/fasterxml/jackson/core/jackson-annotations/2.18.2/jackson-annotations-2.18.2.jar:/home/runner/.m2/repository/javax/validation/validation-api/1.1.0.Final/validation-api-1.1.0.Final.jar:/home/runner/.m2/repository/org/jspecify/jspecify/1.0.0/jspecify-1.0.0.jar:/home/runner/.m2/repository/org/apache/commons/commons-configuration2/2.12.0/commons-configuration2-2.12.0.jar:/home/runner/.m2/repository/commons-logging/commons-logging/1.3.5/commons-logging-1.3.5.jar:/home/runner/.m2/repository/org/apache/commons/commons-text/1.13.0/commons-text-1.13.0.jar:/home/runner/.m2/repository/io/confluent/kafka-avro-serializer/8.0.0/kafka-avro-serializer-8.0.0.jar:/home/runner/.m2/repository/org/apache/commons/commons-compress/1.27.1/commons-compress-1.27.1.jar:/home/runner/.m2/repository/io/confluent/kafka-schema-serializer/8.0.0/kafka-schema-serializer-8.0.0.jar:/home/runner/.m2/repository/com/fasterxml/jackson/dataformat/jackson-dataformat-csv/2.18.2/jackson-dataformat-csv-2.18.2.jar:/home/runner/.m2/repository/io/confluent/kafka-schema-registry-client/8.0.0/kafka-schema-registry-client-8.0.0.jar:/home/runner/.m2/repository/org/yaml/snakeyaml/2.3/snakeyaml-2.3.jar:/home/runner/.m2/repository/com/fasterxml/jackson/datatype/jackson-datatype-jdk8/2.18.2/jackson-datatype-jdk8-2.18.2.jar:/home/runner/.m2/repository/io/swagger/core/v3/swagger-annotations/2.2.29/swagger-annotations-2.2.29.jar:/home/runner/.m2/repository/com/google/guava/guava/33.4.0-jre/guava-33.4.0-jre.jar:/home/runner/.m2/repository/com/google/guava/failureaccess/1.0.1/failureaccess-1.0.1.jar:/home/runner/.m2/repository/org/checkerframework/checker-qual/3.49.0/checker-qual-3.49.0.jar:/home/runner/.m2/repository/io/confluent/logredactor/1.0.13/logredactor-1.0.13.jar:/home/runner/.m2/repository/com/google/re2j/re2j/1.6/re2j-1.6.jar:/home/runner/.m2/repository/io/confluent/logredactor-metrics/1.0.13/logredactor-metrics-1.0.13.jar:/home/runner/.m2/repository/com/eclipsesource/minimal-json/minimal-json/0.9.5/minimal-json-0.9.5.jar:/home/runner/.m2/repository/io/confluent/common-utils/8.0.0/common-utils-8.0.0.jar:/home/runner/.m2/repository/io/confluent/kafka-connect-avro-converter/8.0.0/kafka-connect-avro-converter-8.0.0.jar:/home/runner/.m2/repository/io/confluent/kafka-connect-avro-data/8.0.0/kafka-connect-avro-data-8.0.0.jar:/home/runner/.m2/repository/io/confluent/kafka-schema-converter/8.0.0/kafka-schema-converter-8.0.0.jar:/home/runner/.m2/repository/io/rest-assured/rest-assured/5.5.1/rest-assured-5.5.1.jar:/home/runner/.m2/repository/org/apache/groovy/groovy/4.0.22/groovy-4.0.22.jar:/home/runner/.m2/repository/org/apache/groovy/groovy-xml/4.0.22/groovy-xml-4.0.22.jar:/home/runner/.m2/repository/org/apache/httpcomponents/httpclient/4.5.14/httpclient-4.5.14.jar:/home/runner/.m2/repository/org/apache/httpcomponents/httpcore/4.4.16/httpcore-4.4.16.jar:/home/runner/.m2/repository/org/apache/httpcomponents/httpmime/4.5.14/httpmime-4.5.14.jar:/home/runner/.m2/repository/org/hamcrest/hamcrest/2.2/hamcrest-2.2.jar:/home/runner/.m2/repository/org/ccil/cowan/tagsoup/tagsoup/1.2.1/tagsoup-1.2.1.jar:/home/runner/.m2/repository/io/rest-assured/json-path/5.5.1/json-path-5.5.1.jar:/home/runner/.m2/repository/org/apache/groovy/groovy-json/4.0.22/groovy-json-4.0.22.jar:/home/runner/.m2/repository/io/rest-assured/rest-assured-common/5.5.1/rest-assured-common-5.5.1.jar:/home/runner/.m2/repository/io/rest-assured/xml-path/5.5.1/xml-path-5.5.1.jar:/home/runner/.m2/repository/io/zonky/test/embedded-postgres/2.1.1/embedded-postgres-2.1.1.jar:/home/runner/.m2/repository/io/zonky/test/postgres/embedded-postgres-binaries-windows-amd64/14.19.0/embedded-postgres-binaries-windows-amd64-14.19.0.jar:/home/runner/.m2/repository/io/zonky/test/postgres/embedded-postgres-binaries-darwin-amd64/14.19.0/embedded-postgres-binaries-darwin-amd64-14.19.0.jar:/home/runner/.m2/repository/io/zonky/test/postgres/embedded-postgres-binaries-linux-amd64/14.19.0/embedded-postgres-binaries-linux-amd64-14.19.0.jar:/home/runner/.m2/repository/io/zonky/test/postgres/embedded-postgres-binaries-linux-amd64-alpine/14.19.0/embedded-postgres-binaries-linux-amd64-alpine-14.19.0.jar:/home/runner/.m2/repository/org/apache/commons/commons-lang3/3.17.0/commons-lang3-3.17.0.jar:/home/runner/.m2/repository/org/tukaani/xz/1.10/xz-1.10.jar:/home/runner/.m2/repository/commons-codec/commons-codec/1.19.0/commons-codec-1.19.0.jar:/home/runner/.m2/repository/org/postgresql/postgresql/42.7.7/postgresql-42.7.7.jar:/home/runner/.m2/repository/commons-io/commons-io/2.18.0/commons-io-2.18.0.jar:/home/runner/work/apicurio-testing/apicurio-testing/cache/clusters/ci419/namespaces/inmemory/tests/integration/apicurio-registry/utils/importexport/target/apicurio-registry-utils-import-export-3.1.0.jar:/home/runner/.m2/repository/io/vertx/vertx-core/4.5.20/vertx-core-4.5.20.jar:/home/runner/.m2/repository/io/netty/netty-common/4.1.124.Final/netty-common-4.1.124.Final.jar:/home/runner/.m2/repository/io/netty/netty-buffer/4.1.124.Final/netty-buffer-4.1.124.Final.jar:/home/runner/.m2/repository/io/netty/netty-transport/4.1.124.Final/netty-transport-4.1.124.Final.jar:/home/runner/.m2/repository/io/netty/netty-handler/4.1.124.Final/netty-handler-4.1.124.Final.jar:/home/runner/.m2/repository/io/netty/netty-transport-native-unix-common/4.1.124.Final/netty-transport-native-unix-common-4.1.124.Final.jar:/home/runner/.m2/repository/io/netty/netty-codec/4.1.124.Final/netty-codec-4.1.124.Final.jar:/home/runner/.m2/repository/io/netty/netty-handler-proxy/4.1.124.Final/netty-handler-proxy-4.1.124.Final.jar:/home/runner/.m2/repository/io/netty/netty-codec-socks/4.1.124.Final/netty-codec-socks-4.1.124.Final.jar:/home/runner/.m2/repository/io/netty/netty-codec-http/4.1.124.Final/netty-codec-http-4.1.124.Final.jar:/home/runner/.m2/repository/io/netty/netty-codec-http2/4.1.124.Final/netty-codec-http2-4.1.124.Final.jar:/home/runner/.m2/repository/io/netty/netty-resolver/4.1.124.Final/netty-resolver-4.1.124.Final.jar:/home/runner/.m2/repository/io/netty/netty-resolver-dns/4.1.124.Final/netty-resolver-dns-4.1.124.Final.jar:/home/runner/.m2/repository/io/netty/netty-codec-dns/4.1.124.Final/netty-codec-dns-4.1.124.Final.jar:/home/runner/.m2/repository/com/fasterxml/jackson/core/jackson-core/2.18.2/jackson-core-2.18.2.jar:"/>
    <property name="java.vm.vendor" value="Eclipse Adoptium"/>
    <property name="maven.javadoc.skip" value="true"/>
    <property name="sun.arch.data.model" value="64"/>
    <property name="java.vendor.url" value="https://adoptium.net/"/>
    <property name="user.timezone" value="Etc/UTC"/>
    <property name="os.name" value="Linux"/>
    <property name="java.vm.specification.version" value="17"/>
    <property name="sun.java.launcher" value="SUN_STANDARD"/>
    <property name="quarkus.http.test-port" value="80"/>
    <property name="sun.boot.library.path" value="/usr/lib/jvm/temurin-17-jdk-amd64/lib"/>
    <property name="sun.java.command" value="/home/runner/work/apicurio-testing/apicurio-testing/cache/clusters/ci419/namespaces/inmemory/tests/integration/apicurio-registry/integration-tests/target/surefire/surefirebooter-20251008174316601_3.jar /home/runner/work/apicurio-testing/apicurio-testing/cache/clusters/ci419/namespaces/inmemory/tests/integration/apicurio-registry/integration-tests/target/surefire 2025-10-08T17-43-16_538-jvmRun1 surefire-20251008174316601_1tmp surefire_0-20251008174316601_2tmp"/>
    <property name="maven.home" value="/home/runner/.m2/wrapper/dists/apache-maven-3.9.8-bin/4fnp1ql35bgk2a0p7m31ovbgb0/apache-maven-3.9.8"/>
    <property name="jdk.debug" value="release"/>
    <property name="surefire.test.class.path" value="/home/runner/work/apicurio-testing/apicurio-testing/cache/clusters/ci419/namespaces/inmemory/tests/integration/apicurio-registry/integration-tests/target/test-classes:/home/runner/work/apicurio-testing/apicurio-testing/cache/clusters/ci419/namespaces/inmemory/tests/integration/apicurio-registry/integration-tests/target/apicurio-registry-integration-tests-3.1.0.jar:/home/runner/.m2/repository/io/quarkus/quarkus-junit5/3.20.2.2/quarkus-junit5-3.20.2.2.jar:/home/runner/.m2/repository/io/quarkus/quarkus-bootstrap-core/3.20.2.2/quarkus-bootstrap-core-3.20.2.2.jar:/home/runner/.m2/repository/io/quarkus/quarkus-classloader-commons/3.20.2.2/quarkus-classloader-commons-3.20.2.2.jar:/home/runner/.m2/repository/io/quarkus/quarkus-bootstrap-app-model/3.20.2.2/quarkus-bootstrap-app-model-3.20.2.2.jar:/home/runner/.m2/repository/io/smallrye/common/smallrye-common-io/2.12.0/smallrye-common-io-2.12.0.jar:/home/runner/.m2/repository/org/eclipse/sisu/org.eclipse.sisu.inject/0.9.0.M3/org.eclipse.sisu.inject-0.9.0.M3.jar:/home/runner/.m2/repository/io/quarkus/quarkus-test-common/3.20.2.2/quarkus-test-common-3.20.2.2.jar:/home/runner/.m2/repository/io/quarkus/quarkus-core-deployment/3.20.2.2/quarkus-core-deployment-3.20.2.2.jar:/home/runner/.m2/repository/org/aesh/readline/2.6/readline-2.6.jar:/home/runner/.m2/repository/org/fusesource/jansi/jansi/2.4.0/jansi-2.4.0.jar:/home/runner/.m2/repository/org/aesh/aesh/2.8.2/aesh-2.8.2.jar:/home/runner/.m2/repository/io/quarkus/gizmo/gizmo/1.8.0/gizmo-1.8.0.jar:/home/runner/.m2/repository/org/ow2/asm/asm-util/9.7.1/asm-util-9.7.1.jar:/home/runner/.m2/repository/org/ow2/asm/asm-analysis/9.7.1/asm-analysis-9.7.1.jar:/home/runner/.m2/repository/org/ow2/asm/asm-commons/9.7.1/asm-commons-9.7.1.jar:/home/runner/.m2/repository/org/ow2/asm/asm-tree/9.7.1/asm-tree-9.7.1.jar:/home/runner/.m2/repository/io/quarkus/quarkus-hibernate-validator-spi/3.20.2.2/quarkus-hibernate-validator-spi-3.20.2.2.jar:/home/runner/.m2/repository/io/quarkus/quarkus-class-change-agent/3.20.2.2/quarkus-class-change-agent-3.20.2.2.jar:/home/runner/.m2/repository/io/quarkus/quarkus-devtools-utilities/3.20.2.2/quarkus-devtools-utilities-3.20.2.2.jar:/home/runner/.m2/repository/io/quarkus/quarkus-builder/3.20.2.2/quarkus-builder-3.20.2.2.jar:/home/runner/.m2/repository/org/graalvm/sdk/nativeimage/23.1.2/nativeimage-23.1.2.jar:/home/runner/.m2/repository/org/graalvm/sdk/word/23.1.2/word-23.1.2.jar:/home/runner/.m2/repository/io/quarkus/quarkus-bootstrap-maven-resolver/3.20.2.2/quarkus-bootstrap-maven-resolver-3.20.2.2.jar:/home/runner/.m2/repository/io/smallrye/beanbag/smallrye-beanbag-maven/1.5.2/smallrye-beanbag-maven-1.5.2.jar:/home/runner/.m2/repository/io/smallrye/beanbag/smallrye-beanbag-sisu/1.5.2/smallrye-beanbag-sisu-1.5.2.jar:/home/runner/.m2/repository/io/smallrye/beanbag/smallrye-beanbag/1.5.2/smallrye-beanbag-1.5.2.jar:/home/runner/.m2/repository/javax/inject/javax.inject/1/javax.inject-1.jar:/home/runner/.m2/repository/org/apache/maven/maven-artifact/3.9.9/maven-artifact-3.9.9.jar:/home/runner/.m2/repository/org/apache/maven/maven-builder-support/3.9.9/maven-builder-support-3.9.9.jar:/home/runner/.m2/repository/org/apache/maven/maven-model/3.9.9/maven-model-3.9.9.jar:/home/runner/.m2/repository/org/apache/maven/maven-model-builder/3.9.9/maven-model-builder-3.9.9.jar:/home/runner/.m2/repository/org/apache/maven/maven-repository-metadata/3.9.9/maven-repository-metadata-3.9.9.jar:/home/runner/.m2/repository/org/apache/maven/maven-settings/3.9.9/maven-settings-3.9.9.jar:/home/runner/.m2/repository/org/apache/maven/resolver/maven-resolver-api/1.9.22/maven-resolver-api-1.9.22.jar:/home/runner/.m2/repository/org/apache/maven/resolver/maven-resolver-impl/1.9.22/maven-resolver-impl-1.9.22.jar:/home/runner/.m2/repository/org/apache/maven/resolver/maven-resolver-named-locks/1.9.22/maven-resolver-named-locks-1.9.22.jar:/home/runner/.m2/repository/org/apache/maven/resolver/maven-resolver-spi/1.9.22/maven-resolver-spi-1.9.22.jar:/home/runner/.m2/repository/org/apache/maven/resolver/maven-resolver-util/1.9.22/maven-resolver-util-1.9.22.jar:/home/runner/.m2/repository/org/apache/maven/resolver/maven-resolver-transport-http/1.9.20/maven-resolver-transport-http-1.9.20.jar:/home/runner/.m2/repository/org/apache/maven/wagon/wagon-provider-api/3.5.3/wagon-provider-api-3.5.3.jar:/home/runner/.m2/repository/org/apache/maven/wagon/wagon-http-shared/3.5.3/wagon-http-shared-3.5.3.jar:/home/runner/.m2/repository/org/codehaus/plexus/plexus-interpolation/1.26/plexus-interpolation-1.26.jar:/home/runner/.m2/repository/org/codehaus/plexus/plexus-utils/3.5.1/plexus-utils-3.5.1.jar:/home/runner/.m2/repository/org/codehaus/plexus/plexus-xml/4.0.1/plexus-xml-4.0.1.jar:/home/runner/.m2/repository/org/apache/maven/maven-xml-impl/4.0.0-alpha-5/maven-xml-impl-4.0.0-alpha-5.jar:/home/runner/.m2/repository/org/apache/maven/maven-api-xml/4.0.0-alpha-5/maven-api-xml-4.0.0-alpha-5.jar:/home/runner/.m2/repository/org/apache/maven/maven-api-meta/4.0.0-alpha-5/maven-api-meta-4.0.0-alpha-5.jar:/home/runner/.m2/repository/org/codehaus/plexus/plexus-cipher/2.0/plexus-cipher-2.0.jar:/home/runner/.m2/repository/org/codehaus/plexus/plexus-sec-dispatcher/2.0/plexus-sec-dispatcher-2.0.jar:/home/runner/.m2/repository/org/apache/maven/maven-embedder/3.9.9/maven-embedder-3.9.9.jar:/home/runner/.m2/repository/org/apache/maven/maven-core/3.9.9/maven-core-3.9.9.jar:/home/runner/.m2/repository/org/codehaus/plexus/plexus-component-annotations/2.1.0/plexus-component-annotations-2.1.0.jar:/home/runner/.m2/repository/org/apache/maven/maven-plugin-api/3.9.9/maven-plugin-api-3.9.9.jar:/home/runner/.m2/repository/org/apache/maven/shared/maven-shared-utils/3.4.2/maven-shared-utils-3.4.2.jar:/home/runner/.m2/repository/com/google/inject/guice/5.1.0/guice-5.1.0.jar:/home/runner/.m2/repository/aopalliance/aopalliance/1.0/aopalliance-1.0.jar:/home/runner/.m2/repository/org/codehaus/plexus/plexus-classworlds/2.6.0/plexus-classworlds-2.6.0.jar:/home/runner/.m2/repository/commons-cli/commons-cli/1.8.0/commons-cli-1.8.0.jar:/home/runner/.m2/repository/org/eclipse/sisu/org.eclipse.sisu.plexus/0.9.0.M3/org.eclipse.sisu.plexus-0.9.0.M3.jar:/home/runner/.m2/repository/org/apache/maven/maven-settings-builder/3.9.9/maven-settings-builder-3.9.9.jar:/home/runner/.m2/repository/org/apache/maven/maven-resolver-provider/3.9.9/maven-resolver-provider-3.9.9.jar:/home/runner/.m2/repository/org/apache/maven/resolver/maven-resolver-connector-basic/1.9.22/maven-resolver-connector-basic-1.9.22.jar:/home/runner/.m2/repository/org/apache/maven/resolver/maven-resolver-transport-wagon/1.9.22/maven-resolver-transport-wagon-1.9.22.jar:/home/runner/.m2/repository/org/apache/maven/wagon/wagon-http/3.5.3/wagon-http-3.5.3.jar:/home/runner/.m2/repository/org/apache/maven/wagon/wagon-file/3.5.3/wagon-file-3.5.3.jar:/home/runner/.m2/repository/io/quarkus/quarkus-bootstrap-gradle-resolver/3.20.2.2/quarkus-bootstrap-gradle-resolver-3.20.2.2.jar:/home/runner/.m2/repository/io/smallrye/jandex/3.3.0/jandex-3.3.0.jar:/home/runner/.m2/repository/org/jboss/logging/commons-logging-jboss-logging/1.0.0.Final/commons-logging-jboss-logging-1.0.0.Final.jar:/home/runner/.m2/repository/io/quarkus/quarkus-junit5-config/3.20.2.2/quarkus-junit5-config-3.20.2.2.jar:/home/runner/.m2/repository/org/junit/jupiter/junit-jupiter-api/5.12.1/junit-jupiter-api-5.12.1.jar:/home/runner/.m2/repository/io/smallrye/config/smallrye-config/3.11.4/smallrye-config-3.11.4.jar:/home/runner/.m2/repository/io/smallrye/config/smallrye-config-core/3.11.4/smallrye-config-core-3.11.4.jar:/home/runner/.m2/repository/io/smallrye/common/smallrye-common-classloader/2.12.0/smallrye-common-classloader-2.12.0.jar:/home/runner/.m2/repository/io/smallrye/config/smallrye-config-common/3.11.4/smallrye-config-common-3.11.4.jar:/home/runner/.m2/repository/org/junit/jupiter/junit-jupiter/5.12.1/junit-jupiter-5.12.1.jar:/home/runner/.m2/repository/org/junit/jupiter/junit-jupiter-params/5.12.1/junit-jupiter-params-5.12.1.jar:/home/runner/.m2/repository/org/junit/jupiter/junit-jupiter-engine/5.12.1/junit-jupiter-engine-5.12.1.jar:/home/runner/.m2/repository/io/quarkus/quarkus-core/3.20.2.2/quarkus-core-3.20.2.2.jar:/home/runner/.m2/repository/jakarta/enterprise/jakarta.enterprise.cdi-api/4.1.0/jakarta.enterprise.cdi-api-4.1.0.jar:/home/runner/.m2/repository/jakarta/enterprise/jakarta.enterprise.lang-model/4.1.0/jakarta.enterprise.lang-model-4.1.0.jar:/home/runner/.m2/repository/jakarta/el/jakarta.el-api/5.0.1/jakarta.el-api-5.0.1.jar:/home/runner/.m2/repository/jakarta/interceptor/jakarta.interceptor-api/2.2.0/jakarta.interceptor-api-2.2.0.jar:/home/runner/.m2/repository/jakarta/inject/jakarta.inject-api/2.0.1/jakarta.inject-api-2.0.1.jar:/home/runner/.m2/repository/io/smallrye/common/smallrye-common-os/2.12.0/smallrye-common-os-2.12.0.jar:/home/runner/.m2/repository/io/quarkus/quarkus-ide-launcher/3.20.2.2/quarkus-ide-launcher-3.20.2.2.jar:/home/runner/.m2/repository/io/quarkus/quarkus-development-mode-spi/3.20.2.2/quarkus-development-mode-spi-3.20.2.2.jar:/home/runner/.m2/repository/org/jboss/logging/jboss-logging/3.6.1.Final/jboss-logging-3.6.1.Final.jar:/home/runner/.m2/repository/org/jboss/logmanager/jboss-logmanager/3.1.2.Final/jboss-logmanager-3.1.2.Final.jar:/home/runner/.m2/repository/io/smallrye/common/smallrye-common-constraint/2.12.0/smallrye-common-constraint-2.12.0.jar:/home/runner/.m2/repository/io/smallrye/common/smallrye-common-cpu/2.12.0/smallrye-common-cpu-2.12.0.jar:/home/runner/.m2/repository/io/smallrye/common/smallrye-common-expression/2.12.0/smallrye-common-expression-2.12.0.jar:/home/runner/.m2/repository/io/smallrye/common/smallrye-common-net/2.12.0/smallrye-common-net-2.12.0.jar:/home/runner/.m2/repository/io/smallrye/common/smallrye-common-ref/2.12.0/smallrye-common-ref-2.12.0.jar:/home/runner/.m2/repository/jakarta/json/jakarta.json-api/2.1.3/jakarta.json-api-2.1.3.jar:/home/runner/.m2/repository/org/eclipse/parsson/parsson/1.1.7/parsson-1.1.7.jar:/home/runner/.m2/repository/org/jboss/logging/jboss-logging-annotations/3.0.4.Final/jboss-logging-annotations-3.0.4.Final.jar:/home/runner/.m2/repository/org/jboss/threads/jboss-threads/3.8.0.Final/jboss-threads-3.8.0.Final.jar:/home/runner/.m2/repository/io/smallrye/common/smallrye-common-annotation/2.12.0/smallrye-common-annotation-2.12.0.jar:/home/runner/.m2/repository/io/smallrye/common/smallrye-common-function/2.12.0/smallrye-common-function-2.12.0.jar:/home/runner/.m2/repository/org/jboss/slf4j/slf4j-jboss-logmanager/2.0.0.Final/slf4j-jboss-logmanager-2.0.0.Final.jar:/home/runner/.m2/repository/org/wildfly/common/wildfly-common/2.0.1/wildfly-common-2.0.1.jar:/home/runner/.m2/repository/io/quarkus/quarkus-bootstrap-runner/3.20.2.2/quarkus-bootstrap-runner-3.20.2.2.jar:/home/runner/.m2/repository/io/github/crac/org-crac/0.1.3/org-crac-0.1.3.jar:/home/runner/.m2/repository/io/quarkus/quarkus-fs-util/0.0.10/quarkus-fs-util-0.0.10.jar:/home/runner/.m2/repository/org/jboss/marshalling/jboss-marshalling/2.2.2.Final/jboss-marshalling-2.2.2.Final.jar:/home/runner/.m2/repository/io/fabric8/kubernetes-client/7.1.0/kubernetes-client-7.1.0.jar:/home/runner/.m2/repository/io/fabric8/kubernetes-client-api/7.1.0/kubernetes-client-api-7.1.0.jar:/home/runner/.m2/repository/io/fabric8/kubernetes-model-core/7.1.0/kubernetes-model-core-7.1.0.jar:/home/runner/.m2/repository/io/fabric8/kubernetes-model-common/7.1.0/kubernetes-model-common-7.1.0.jar:/home/runner/.m2/repository/javax/annotation/javax.annotation-api/1.3.2/javax.annotation-api-1.3.2.jar:/home/runner/.m2/repository/io/fabric8/kubernetes-model-gatewayapi/7.1.0/kubernetes-model-gatewayapi-7.1.0.jar:/home/runner/.m2/repository/io/fabric8/kubernetes-model-resource/7.1.0/kubernetes-model-resource-7.1.0.jar:/home/runner/.m2/repository/io/fabric8/kubernetes-model-rbac/7.1.0/kubernetes-model-rbac-7.1.0.jar:/home/runner/.m2/repository/io/fabric8/kubernetes-model-admissionregistration/7.1.0/kubernetes-model-admissionregistration-7.1.0.jar:/home/runner/.m2/repository/io/fabric8/kubernetes-model-apps/7.1.0/kubernetes-model-apps-7.1.0.jar:/home/runner/.m2/repository/io/fabric8/kubernetes-model-autoscaling/7.1.0/kubernetes-model-autoscaling-7.1.0.jar:/home/runner/.m2/repository/io/fabric8/kubernetes-model-apiextensions/7.1.0/kubernetes-model-apiextensions-7.1.0.jar:/home/runner/.m2/repository/io/fabric8/kubernetes-model-batch/7.1.0/kubernetes-model-batch-7.1.0.jar:/home/runner/.m2/repository/io/fabric8/kubernetes-model-certificates/7.1.0/kubernetes-model-certificates-7.1.0.jar:/home/runner/.m2/repository/io/fabric8/kubernetes-model-coordination/7.1.0/kubernetes-model-coordination-7.1.0.jar:/home/runner/.m2/repository/io/fabric8/kubernetes-model-discovery/7.1.0/kubernetes-model-discovery-7.1.0.jar:/home/runner/.m2/repository/io/fabric8/kubernetes-model-events/7.1.0/kubernetes-model-events-7.1.0.jar:/home/runner/.m2/repository/io/fabric8/kubernetes-model-extensions/7.1.0/kubernetes-model-extensions-7.1.0.jar:/home/runner/.m2/repository/io/fabric8/kubernetes-model-flowcontrol/7.1.0/kubernetes-model-flowcontrol-7.1.0.jar:/home/runner/.m2/repository/io/fabric8/kubernetes-model-networking/7.1.0/kubernetes-model-networking-7.1.0.jar:/home/runner/.m2/repository/io/fabric8/kubernetes-model-metrics/7.1.0/kubernetes-model-metrics-7.1.0.jar:/home/runner/.m2/repository/io/fabric8/kubernetes-model-policy/7.1.0/kubernetes-model-policy-7.1.0.jar:/home/runner/.m2/repository/io/fabric8/kubernetes-model-scheduling/7.1.0/kubernetes-model-scheduling-7.1.0.jar:/home/runner/.m2/repository/io/fabric8/kubernetes-model-storageclass/7.1.0/kubernetes-model-storageclass-7.1.0.jar:/home/runner/.m2/repository/io/fabric8/kubernetes-model-node/7.1.0/kubernetes-model-node-7.1.0.jar:/home/runner/.m2/repository/org/snakeyaml/snakeyaml-engine/2.9/snakeyaml-engine-2.9.jar:/home/runner/.m2/repository/com/fasterxml/jackson/dataformat/jackson-dataformat-yaml/2.18.2/jackson-dataformat-yaml-2.18.2.jar:/home/runner/.m2/repository/com/fasterxml/jackson/datatype/jackson-datatype-jsr310/2.18.2/jackson-datatype-jsr310-2.18.2.jar:/home/runner/.m2/repository/io/fabric8/zjsonpatch/7.1.0/zjsonpatch-7.1.0.jar:/home/runner/.m2/repository/io/fabric8/kubernetes-httpclient-vertx/7.1.0/kubernetes-httpclient-vertx-7.1.0.jar:/home/runner/.m2/repository/io/vertx/vertx-web-client/4.5.20/vertx-web-client-4.5.20.jar:/home/runner/.m2/repository/io/vertx/vertx-web-common/4.5.20/vertx-web-common-4.5.20.jar:/home/runner/.m2/repository/io/vertx/vertx-auth-common/4.5.20/vertx-auth-common-4.5.20.jar:/home/runner/.m2/repository/io/vertx/vertx-uri-template/4.5.20/vertx-uri-template-4.5.20.jar:/home/runner/.m2/repository/io/fabric8/openshift-client/7.1.0/openshift-client-7.1.0.jar:/home/runner/.m2/repository/io/fabric8/openshift-client-api/7.1.0/openshift-client-api-7.1.0.jar:/home/runner/.m2/repository/io/fabric8/openshift-model/7.1.0/openshift-model-7.1.0.jar:/home/runner/.m2/repository/io/fabric8/openshift-model-autoscaling/7.1.0/openshift-model-autoscaling-7.1.0.jar:/home/runner/.m2/repository/io/fabric8/openshift-model-operator/7.1.0/openshift-model-operator-7.1.0.jar:/home/runner/.m2/repository/io/fabric8/openshift-model-operatorhub/7.1.0/openshift-model-operatorhub-7.1.0.jar:/home/runner/.m2/repository/io/fabric8/openshift-model-machine/7.1.0/openshift-model-machine-7.1.0.jar:/home/runner/.m2/repository/io/fabric8/openshift-model-whereabouts/7.1.0/openshift-model-whereabouts-7.1.0.jar:/home/runner/.m2/repository/io/fabric8/openshift-model-monitoring/7.1.0/openshift-model-monitoring-7.1.0.jar:/home/runner/.m2/repository/io/fabric8/openshift-model-storageversionmigrator/7.1.0/openshift-model-storageversionmigrator-7.1.0.jar:/home/runner/.m2/repository/io/fabric8/openshift-model-tuned/7.1.0/openshift-model-tuned-7.1.0.jar:/home/runner/.m2/repository/io/fabric8/openshift-model-console/7.1.0/openshift-model-console-7.1.0.jar:/home/runner/.m2/repository/io/fabric8/openshift-model-config/7.1.0/openshift-model-config-7.1.0.jar:/home/runner/.m2/repository/io/fabric8/openshift-model-machineconfiguration/7.1.0/openshift-model-machineconfiguration-7.1.0.jar:/home/runner/.m2/repository/io/fabric8/openshift-model-miscellaneous/7.1.0/openshift-model-miscellaneous-7.1.0.jar:/home/runner/.m2/repository/io/fabric8/openshift-model-hive/7.1.0/openshift-model-hive-7.1.0.jar:/home/runner/.m2/repository/io/fabric8/openshift-model-installer/7.1.0/openshift-model-installer-7.1.0.jar:/home/runner/.m2/repository/org/junit/platform/junit-platform-launcher/1.12.1/junit-platform-launcher-1.12.1.jar:/home/runner/.m2/repository/org/junit/platform/junit-platform-engine/1.12.1/junit-platform-engine-1.12.1.jar:/home/runner/.m2/repository/org/opentest4j/opentest4j/1.3.0/opentest4j-1.3.0.jar:/home/runner/.m2/repository/org/junit/platform/junit-platform-commons/1.12.1/junit-platform-commons-1.12.1.jar:/home/runner/.m2/repository/org/apiguardian/apiguardian-api/1.1.2/apiguardian-api-1.1.2.jar:/home/runner/.m2/repository/jakarta/ws/rs/jakarta.ws.rs-api/3.1.0/jakarta.ws.rs-api-3.1.0.jar:/home/runner/work/apicurio-testing/apicurio-testing/cache/clusters/ci419/namespaces/inmemory/tests/integration/apicurio-registry/java-sdk/target/apicurio-registry-java-sdk-3.1.0.jar:/home/runner/.m2/repository/com/microsoft/kiota/microsoft-kiota-abstractions/1.8.10/microsoft-kiota-abstractions-1.8.10.jar:/home/runner/.m2/repository/io/github/std-uritemplate/std-uritemplate/2.0.0/std-uritemplate-2.0.0.jar:/home/runner/.m2/repository/io/kiota/kiota-http-jdk/0.0.29/kiota-http-jdk-0.0.29.jar:/home/runner/.m2/repository/io/kiota/kiota-http-vertx/0.0.29/kiota-http-vertx-0.0.29.jar:/home/runner/.m2/repository/io/kiota/kiota-serialization-jackson/0.0.29/kiota-serialization-jackson-0.0.29.jar:/home/runner/.m2/repository/com/microsoft/kiota/microsoft-kiota-serialization-text/1.8.10/microsoft-kiota-serialization-text-1.8.10.jar:/home/runner/.m2/repository/com/microsoft/kiota/microsoft-kiota-serialization-form/1.8.10/microsoft-kiota-serialization-form-1.8.10.jar:/home/runner/.m2/repository/com/microsoft/kiota/microsoft-kiota-serialization-multipart/1.8.10/microsoft-kiota-serialization-multipart-1.8.10.jar:/home/runner/.m2/repository/jakarta/annotation/jakarta.annotation-api/3.0.0/jakarta.annotation-api-3.0.0.jar:/home/runner/.m2/repository/io/vertx/vertx-auth-oauth2/4.5.20/vertx-auth-oauth2-4.5.20.jar:/home/runner/work/apicurio-testing/apicurio-testing/cache/clusters/ci419/namespaces/inmemory/tests/integration/apicurio-registry/java-sdk-v2/target/apicurio-registry-v2-java-sdk-3.1.0.jar:/home/runner/work/apicurio-testing/apicurio-testing/cache/clusters/ci419/namespaces/inmemory/tests/integration/apicurio-registry/utils/kafka/target/apicurio-registry-utils-kafka-3.1.0-tests.jar:/home/runner/.m2/repository/org/eclipse/microprofile/config/microprofile-config-api/3.1/microprofile-config-api-3.1.jar:/home/runner/.m2/repository/org/apache/kafka/kafka-clients/3.9.1/kafka-clients-3.9.1.jar:/home/runner/.m2/repository/com/github/luben/zstd-jni/1.5.6-4/zstd-jni-1.5.6-4.jar:/home/runner/.m2/repository/org/lz4/lz4-java/1.8.0/lz4-java-1.8.0.jar:/home/runner/.m2/repository/org/xerial/snappy/snappy-java/1.1.10.5/snappy-java-1.1.10.5.jar:/home/runner/.m2/repository/org/slf4j/slf4j-api/2.0.6/slf4j-api-2.0.6.jar:/home/runner/work/apicurio-testing/apicurio-testing/cache/clusters/ci419/namespaces/inmemory/tests/integration/apicurio-registry/utils/tests/target/apicurio-registry-utils-tests-3.1.0.jar:/home/runner/work/apicurio-testing/apicurio-testing/cache/clusters/ci419/namespaces/inmemory/tests/integration/apicurio-registry/common/target/apicurio-registry-common-3.1.0.jar:/home/runner/.m2/repository/jakarta/validation/jakarta.validation-api/3.0.2/jakarta.validation-api-3.0.2.jar:/home/runner/.m2/repository/com/github/dasniko/testcontainers-keycloak/3.9.0/testcontainers-keycloak-3.9.0.jar:/home/runner/.m2/repository/org/testcontainers/testcontainers/1.20.6/testcontainers-1.20.6.jar:/home/runner/.m2/repository/org/rnorth/duct-tape/duct-tape/1.0.8/duct-tape-1.0.8.jar:/home/runner/.m2/repository/org/jetbrains/annotations/26.0.2/annotations-26.0.2.jar:/home/runner/.m2/repository/com/github/docker-java/docker-java-transport-zerodep/3.4.1/docker-java-transport-zerodep-3.4.1.jar:/home/runner/.m2/repository/com/github/docker-java/docker-java-transport/3.4.1/docker-java-transport-3.4.1.jar:/home/runner/.m2/repository/net/java/dev/jna/jna/5.8.0/jna-5.8.0.jar:/home/runner/.m2/repository/io/quarkus/quarkus-junit4-mock/3.20.2.2/quarkus-junit4-mock-3.20.2.2.jar:/home/runner/.m2/repository/org/jboss/shrinkwrap/shrinkwrap-api/2.0.0-beta-2/shrinkwrap-api-2.0.0-beta-2.jar:/home/runner/.m2/repository/org/jboss/shrinkwrap/shrinkwrap-impl-base/2.0.0-beta-2/shrinkwrap-impl-base-2.0.0-beta-2.jar:/home/runner/.m2/repository/org/jboss/shrinkwrap/shrinkwrap-spi/2.0.0-beta-2/shrinkwrap-spi-2.0.0-beta-2.jar:/home/runner/.m2/repository/org/keycloak/keycloak-admin-client/26.0.4/keycloak-admin-client-26.0.4.jar:/home/runner/.m2/repository/org/keycloak/keycloak-client-common-synced/26.0.4/keycloak-client-common-synced-26.0.4.jar:/home/runner/.m2/repository/jakarta/activation/jakarta.activation-api/2.1.3/jakarta.activation-api-2.1.3.jar:/home/runner/.m2/repository/org/eclipse/microprofile/openapi/microprofile-openapi-api/4.0.2/microprofile-openapi-api-4.0.2.jar:/home/runner/.m2/repository/org/jboss/resteasy/resteasy-client/6.2.12.Final/resteasy-client-6.2.12.Final.jar:/home/runner/.m2/repository/org/jboss/resteasy/resteasy-client-api/6.2.12.Final/resteasy-client-api-6.2.12.Final.jar:/home/runner/.m2/repository/org/jboss/resteasy/resteasy-core-spi/6.2.12.Final/resteasy-core-spi-6.2.12.Final.jar:/home/runner/.m2/repository/org/jboss/resteasy/resteasy-core/6.2.12.Final/resteasy-core-6.2.12.Final.jar:/home/runner/.m2/repository/org/eclipse/angus/angus-activation/2.0.2/angus-activation-2.0.2.jar:/home/runner/.m2/repository/com/ibm/async/asyncutil/0.1.0/asyncutil-0.1.0.jar:/home/runner/.m2/repository/org/reactivestreams/reactive-streams/1.0.4/reactive-streams-1.0.4.jar:/home/runner/.m2/repository/org/jboss/resteasy/resteasy-multipart-provider/6.2.12.Final/resteasy-multipart-provider-6.2.12.Final.jar:/home/runner/.m2/repository/jakarta/mail/jakarta.mail-api/2.1.3/jakarta.mail-api-2.1.3.jar:/home/runner/.m2/repository/org/eclipse/angus/angus-mail/2.0.3/angus-mail-2.0.3.jar:/home/runner/.m2/repository/org/apache/james/apache-mime4j-dom/0.8.12/apache-mime4j-dom-0.8.12.jar:/home/runner/.m2/repository/org/apache/james/apache-mime4j-core/0.8.12/apache-mime4j-core-0.8.12.jar:/home/runner/.m2/repository/org/apache/james/apache-mime4j-storage/0.8.12/apache-mime4j-storage-0.8.12.jar:/home/runner/.m2/repository/org/jboss/resteasy/resteasy-jackson2-provider/6.2.12.Final/resteasy-jackson2-provider-6.2.12.Final.jar:/home/runner/.m2/repository/com/fasterxml/jackson/jakarta/rs/jackson-jakarta-rs-base/2.18.2/jackson-jakarta-rs-base-2.18.2.jar:/home/runner/.m2/repository/com/fasterxml/jackson/jakarta/rs/jackson-jakarta-rs-json-provider/2.18.2/jackson-jakarta-rs-json-provider-2.18.2.jar:/home/runner/.m2/repository/com/fasterxml/jackson/module/jackson-module-jakarta-xmlbind-annotations/2.18.2/jackson-module-jakarta-xmlbind-annotations-2.18.2.jar:/home/runner/.m2/repository/com/github/java-json-tools/json-patch/1.13/json-patch-1.13.jar:/home/runner/.m2/repository/com/github/java-json-tools/msg-simple/1.2/msg-simple-1.2.jar:/home/runner/.m2/repository/com/github/java-json-tools/btf/1.3/btf-1.3.jar:/home/runner/.m2/repository/com/github/java-json-tools/jackson-coreutils/2.0/jackson-coreutils-2.0.jar:/home/runner/.m2/repository/org/jboss/resteasy/resteasy-jaxb-provider/6.2.12.Final/resteasy-jaxb-provider-6.2.12.Final.jar:/home/runner/.m2/repository/org/glassfish/jaxb/codemodel/4.0.5/codemodel-4.0.5.jar:/home/runner/.m2/repository/org/glassfish/jaxb/jaxb-core/4.0.5/jaxb-core-4.0.5.jar:/home/runner/.m2/repository/org/glassfish/jaxb/jaxb-jxc/4.0.5/jaxb-jxc-4.0.5.jar:/home/runner/.m2/repository/org/glassfish/jaxb/jaxb-runtime/4.0.5/jaxb-runtime-4.0.5.jar:/home/runner/.m2/repository/org/glassfish/jaxb/txw2/4.0.5/txw2-4.0.5.jar:/home/runner/.m2/repository/org/glassfish/jaxb/jaxb-xjc/4.0.5/jaxb-xjc-4.0.5.jar:/home/runner/.m2/repository/org/glassfish/jaxb/xsom/4.0.5/xsom-4.0.5.jar:/home/runner/.m2/repository/com/sun/istack/istack-commons-runtime/4.1.2/istack-commons-runtime-4.1.2.jar:/home/runner/.m2/repository/com/sun/istack/istack-commons-tools/4.1.2/istack-commons-tools-4.1.2.jar:/home/runner/.m2/repository/com/sun/xml/bind/external/relaxng-datatype/4.0.5/relaxng-datatype-4.0.5.jar:/home/runner/.m2/repository/com/sun/xml/bind/external/rngom/4.0.5/rngom-4.0.5.jar:/home/runner/.m2/repository/org/testcontainers/mssqlserver/1.20.6/mssqlserver-1.20.6.jar:/home/runner/.m2/repository/org/testcontainers/jdbc/1.20.6/jdbc-1.20.6.jar:/home/runner/.m2/repository/org/testcontainers/database-commons/1.20.6/database-commons-1.20.6.jar:/home/runner/.m2/repository/org/testcontainers/mysql/1.20.6/mysql-1.20.6.jar:/home/runner/.m2/repository/io/strimzi/strimzi-test-container/0.112.0/strimzi-test-container-0.112.0.jar:/home/runner/.m2/repository/org/testcontainers/toxiproxy/1.20.6/toxiproxy-1.20.6.jar:/home/runner/.m2/repository/com/github/docker-java/docker-java-api/3.4.1/docker-java-api-3.4.1.jar:/home/runner/.m2/repository/org/apache/logging/log4j/log4j-slf4j-impl/2.19.0/log4j-slf4j-impl-2.19.0.jar:/home/runner/.m2/repository/org/apache/logging/log4j/log4j-api/2.24.3/log4j-api-2.24.3.jar:/home/runner/.m2/repository/org/apache/logging/log4j/log4j-core/2.19.0/log4j-core-2.19.0.jar:/home/runner/.m2/repository/eu/rekawek/toxiproxy/toxiproxy-java/2.1.7/toxiproxy-java-2.1.7.jar:/home/runner/.m2/repository/org/testcontainers/pulsar/1.21.3/pulsar-1.21.3.jar:/home/runner/.m2/repository/io/debezium/debezium-testing-testcontainers/2.7.4.Final/debezium-testing-testcontainers-2.7.4.Final.jar:/home/runner/.m2/repository/org/testcontainers/kafka/1.20.6/kafka-1.20.6.jar:/home/runner/.m2/repository/com/squareup/okhttp3/okhttp/4.8.1/okhttp-4.8.1.jar:/home/runner/.m2/repository/com/squareup/okio/okio/3.10.2/okio-3.10.2.jar:/home/runner/.m2/repository/com/squareup/okio/okio-jvm/3.10.2/okio-jvm-3.10.2.jar:/home/runner/.m2/repository/org/jetbrains/kotlin/kotlin-stdlib/2.0.21/kotlin-stdlib-2.0.21.jar:/home/runner/.m2/repository/org/awaitility/awaitility/4.3.0/awaitility-4.3.0.jar:/home/runner/.m2/repository/org/testcontainers/mongodb/1.20.6/mongodb-1.20.6.jar:/home/runner/.m2/repository/org/testcontainers/mariadb/1.20.6/mariadb-1.20.6.jar:/home/runner/.m2/repository/org/testcontainers/oracle-xe/1.20.6/oracle-xe-1.20.6.jar:/home/runner/.m2/repository/org/testcontainers/postgresql/1.20.6/postgresql-1.20.6.jar:/home/runner/.m2/repository/org/wiremock/wiremock/3.0.1/wiremock-3.0.1.jar:/home/runner/.m2/repository/org/eclipse/jetty/jetty-server/11.0.15/jetty-server-11.0.15.jar:/home/runner/.m2/repository/org/eclipse/jetty/toolchain/jetty-jakarta-servlet-api/5.0.2/jetty-jakarta-servlet-api-5.0.2.jar:/home/runner/.m2/repository/org/eclipse/jetty/jetty-http/11.0.15/jetty-http-11.0.15.jar:/home/runner/.m2/repository/org/eclipse/jetty/jetty-io/11.0.15/jetty-io-11.0.15.jar:/home/runner/.m2/repository/org/eclipse/jetty/jetty-servlet/11.0.15/jetty-servlet-11.0.15.jar:/home/runner/.m2/repository/org/eclipse/jetty/jetty-security/11.0.15/jetty-security-11.0.15.jar:/home/runner/.m2/repository/org/eclipse/jetty/jetty-servlets/11.0.15/jetty-servlets-11.0.15.jar:/home/runner/.m2/repository/org/eclipse/jetty/jetty-util/11.0.15/jetty-util-11.0.15.jar:/home/runner/.m2/repository/org/eclipse/jetty/jetty-webapp/11.0.15/jetty-webapp-11.0.15.jar:/home/runner/.m2/repository/org/eclipse/jetty/jetty-xml/11.0.15/jetty-xml-11.0.15.jar:/home/runner/.m2/repository/org/eclipse/jetty/jetty-proxy/11.0.15/jetty-proxy-11.0.15.jar:/home/runner/.m2/repository/org/eclipse/jetty/jetty-client/11.0.15/jetty-client-11.0.15.jar:/home/runner/.m2/repository/org/eclipse/jetty/http2/http2-server/11.0.15/http2-server-11.0.15.jar:/home/runner/.m2/repository/org/eclipse/jetty/http2/http2-common/11.0.15/http2-common-11.0.15.jar:/home/runner/.m2/repository/org/eclipse/jetty/http2/http2-hpack/11.0.15/http2-hpack-11.0.15.jar:/home/runner/.m2/repository/org/eclipse/jetty/jetty-alpn-server/11.0.15/jetty-alpn-server-11.0.15.jar:/home/runner/.m2/repository/org/eclipse/jetty/jetty-alpn-java-server/11.0.15/jetty-alpn-java-server-11.0.15.jar:/home/runner/.m2/repository/org/eclipse/jetty/jetty-alpn-java-client/11.0.15/jetty-alpn-java-client-11.0.15.jar:/home/runner/.m2/repository/org/eclipse/jetty/jetty-alpn-client/11.0.15/jetty-alpn-client-11.0.15.jar:/home/runner/.m2/repository/org/apache/httpcomponents/client5/httpclient5/5.2.1/httpclient5-5.2.1.jar:/home/runner/.m2/repository/org/apache/httpcomponents/core5/httpcore5/5.2/httpcore5-5.2.jar:/home/runner/.m2/repository/org/apache/httpcomponents/core5/httpcore5-h2/5.2/httpcore5-h2-5.2.jar:/home/runner/.m2/repository/org/xmlunit/xmlunit-core/2.9.1/xmlunit-core-2.9.1.jar:/home/runner/.m2/repository/jakarta/xml/bind/jakarta.xml.bind-api/4.0.2/jakarta.xml.bind-api-4.0.2.jar:/home/runner/.m2/repository/org/xmlunit/xmlunit-legacy/2.9.1/xmlunit-legacy-2.9.1.jar:/home/runner/.m2/repository/org/xmlunit/xmlunit-placeholders/2.9.1/xmlunit-placeholders-2.9.1.jar:/home/runner/.m2/repository/net/javacrumbs/json-unit/json-unit-core/2.38.0/json-unit-core-2.38.0.jar:/home/runner/.m2/repository/org/hamcrest/hamcrest-core/2.2/hamcrest-core-2.2.jar:/home/runner/.m2/repository/com/jayway/jsonpath/json-path/2.8.0/json-path-2.8.0.jar:/home/runner/.m2/repository/net/minidev/json-smart/2.4.10/json-smart-2.4.10.jar:/home/runner/.m2/repository/net/minidev/accessors-smart/2.4.9/accessors-smart-2.4.9.jar:/home/runner/.m2/repository/org/ow2/asm/asm/9.7.1/asm-9.7.1.jar:/home/runner/.m2/repository/net/sf/jopt-simple/jopt-simple/5.0.4/jopt-simple-5.0.4.jar:/home/runner/.m2/repository/com/github/jknack/handlebars/4.3.1/handlebars-4.3.1.jar:/home/runner/.m2/repository/com/github/jknack/handlebars-helpers/4.3.1/handlebars-helpers-4.3.1.jar:/home/runner/.m2/repository/commons-fileupload/commons-fileupload/1.5/commons-fileupload-1.5.jar:/home/runner/.m2/repository/com/networknt/json-schema-validator/1.5.9/json-schema-validator-1.5.9.jar:/home/runner/.m2/repository/com/ethlo/time/itu/1.14.0/itu-1.14.0.jar:/home/runner/.m2/repository/io/quarkus/quarkus-smallrye-jwt-build/3.20.2.2/quarkus-smallrye-jwt-build-3.20.2.2.jar:/home/runner/.m2/repository/io/smallrye/smallrye-jwt-build/4.6.2/smallrye-jwt-build-4.6.2.jar:/home/runner/.m2/repository/org/eclipse/microprofile/jwt/microprofile-jwt-auth-api/2.1/microprofile-jwt-auth-api-2.1.jar:/home/runner/.m2/repository/org/bitbucket/b_c/jose4j/0.9.6/jose4j-0.9.6.jar:/home/runner/.m2/repository/io/smallrye/smallrye-jwt-common/4.6.2/smallrye-jwt-common-4.6.2.jar:/home/runner/.m2/repository/io/quarkus/quarkus-jsonp/3.20.2.2/quarkus-jsonp-3.20.2.2.jar:/home/runner/.m2/repository/io/quarkus/quarkus-arc/3.20.2.2/quarkus-arc-3.20.2.2.jar:/home/runner/.m2/repository/io/quarkus/arc/arc/3.20.2.2/arc-3.20.2.2.jar:/home/runner/.m2/repository/jakarta/transaction/jakarta.transaction-api/2.0.1/jakarta.transaction-api-2.0.1.jar:/home/runner/.m2/repository/io/smallrye/reactive/mutiny/2.9.2/mutiny-2.9.2.jar:/home/runner/.m2/repository/org/jctools/jctools-core/4.0.5/jctools-core-4.0.5.jar:/home/runner/.m2/repository/org/eclipse/microprofile/context-propagation/microprofile-context-propagation-api/1.3/microprofile-context-propagation-api-1.3.jar:/home/runner/.m2/repository/io/apicurio/apicurio-common-rest-client-common/0.1.18.Final/apicurio-common-rest-client-common-0.1.18.Final.jar:/home/runner/work/apicurio-testing/apicurio-testing/cache/clusters/ci419/namespaces/inmemory/tests/integration/apicurio-registry/utils/maven-plugin/target/apicurio-registry-maven-plugin-3.1.0.jar:/home/runner/.m2/repository/com/fasterxml/jackson/core/jackson-databind/2.18.2/jackson-databind-2.18.2.jar:/home/runner/.m2/repository/org/apache/avro/avro/1.12.0/avro-1.12.0.jar:/home/runner/.m2/repository/com/google/protobuf/protobuf-java/4.32.1/protobuf-java-4.32.1.jar:/home/runner/.m2/repository/com/google/protobuf/protobuf-java-util/4.32.1/protobuf-java-util-4.32.1.jar:/home/runner/.m2/repository/com/google/code/findbugs/jsr305/3.0.2/jsr305-3.0.2.jar:/home/runner/.m2/repository/com/google/code/gson/gson/2.12.1/gson-2.12.1.jar:/home/runner/.m2/repository/com/google/errorprone/error_prone_annotations/2.36.0/error_prone_annotations-2.36.0.jar:/home/runner/.m2/repository/com/google/j2objc/j2objc-annotations/2.8/j2objc-annotations-2.8.jar:/home/runner/work/apicurio-testing/apicurio-testing/cache/clusters/ci419/namespaces/inmemory/tests/integration/apicurio-registry/schema-util/util-provider/target/apicurio-registry-schema-util-provider-3.1.0.jar:/home/runner/work/apicurio-testing/apicurio-testing/cache/clusters/ci419/namespaces/inmemory/tests/integration/apicurio-registry/schema-util/common/target/apicurio-registry-schema-util-common-3.1.0.jar:/home/runner/.m2/repository/com/fasterxml/jackson/module/jackson-module-parameter-names/2.18.2/jackson-module-parameter-names-2.18.2.jar:/home/runner/.m2/repository/com/fasterxml/jackson/datatype/jackson-datatype-json-org/2.18.2/jackson-datatype-json-org-2.18.2.jar:/home/runner/work/apicurio-testing/apicurio-testing/cache/clusters/ci419/namespaces/inmemory/tests/integration/apicurio-registry/schema-util/json/target/apicurio-registry-schema-util-json-3.1.0.jar:/home/runner/.m2/repository/com/github/erosb/everit-json-schema/1.14.6/everit-json-schema-1.14.6.jar:/home/runner/.m2/repository/commons-validator/commons-validator/1.9.0/commons-validator-1.9.0.jar:/home/runner/.m2/repository/commons-digester/commons-digester/2.1/commons-digester-2.1.jar:/home/runner/.m2/repository/commons-collections/commons-collections/3.2.2/commons-collections-3.2.2.jar:/home/runner/.m2/repository/com/damnhandy/handy-uri-templates/2.1.8/handy-uri-templates-2.1.8.jar:/home/runner/.m2/repository/joda-time/joda-time/2.10.2/joda-time-2.10.2.jar:/home/runner/.m2/repository/com/github/erosb/json-sKema/0.27.0/json-sKema-0.27.0.jar:/home/runner/.m2/repository/com/sanctionco/jmail/jmail/2.0.2/jmail-2.0.2.jar:/home/runner/.m2/repository/io/vertx/vertx-json-schema/4.5.20/vertx-json-schema-4.5.20.jar:/home/runner/work/apicurio-testing/apicurio-testing/cache/clusters/ci419/namespaces/inmemory/tests/integration/apicurio-registry/schema-util/protobuf/target/apicurio-registry-schema-util-protobuf-3.1.0.jar:/home/runner/work/apicurio-testing/apicurio-testing/cache/clusters/ci419/namespaces/inmemory/tests/integration/apicurio-registry/utils/protobuf-schema-utilities/target/apicurio-registry-protobuf-schema-utilities-3.1.0.jar:/home/runner/.m2/repository/com/google/api/grpc/proto-google-common-protos/2.52.0/proto-google-common-protos-2.52.0.jar:/home/runner/.m2/repository/com/squareup/wire/wire-schema-jvm/5.3.3/wire-schema-jvm-5.3.3.jar:/home/runner/.m2/repository/com/palantir/javapoet/javapoet/0.6.0/javapoet-0.6.0.jar:/home/runner/.m2/repository/com/squareup/kotlinpoet-jvm/2.0.0/kotlinpoet-jvm-2.0.0.jar:/home/runner/.m2/repository/org/jetbrains/kotlin/kotlin-reflect/2.0.21/kotlin-reflect-2.0.21.jar:/home/runner/.m2/repository/com/squareup/wire/wire-runtime-jvm/5.3.3/wire-runtime-jvm-5.3.3.jar:/home/runner/.m2/repository/com/ibm/icu/icu4j/76.1/icu4j-76.1.jar:/home/runner/.m2/repository/com/squareup/okio/okio-fakefilesystem/3.10.2/okio-fakefilesystem-3.10.2.jar:/home/runner/.m2/repository/com/squareup/okio/okio-fakefilesystem-jvm/3.10.2/okio-fakefilesystem-jvm-3.10.2.jar:/home/runner/.m2/repository/org/jetbrains/kotlinx/kotlinx-datetime-jvm/0.6.1/kotlinx-datetime-jvm-0.6.1.jar:/home/runner/work/apicurio-testing/apicurio-testing/cache/clusters/ci419/namespaces/inmemory/tests/integration/apicurio-registry/schema-util/asyncapi/target/apicurio-registry-schema-util-asyncapi-3.1.0.jar:/home/runner/work/apicurio-testing/apicurio-testing/cache/clusters/ci419/namespaces/inmemory/tests/integration/apicurio-registry/schema-util/avro/target/apicurio-registry-schema-util-avro-3.1.0.jar:/home/runner/work/apicurio-testing/apicurio-testing/cache/clusters/ci419/namespaces/inmemory/tests/integration/apicurio-registry/schema-util/graphql/target/apicurio-registry-schema-util-graphql-3.1.0.jar:/home/runner/.m2/repository/com/graphql-java/graphql-java/22.4/graphql-java-22.4.jar:/home/runner/.m2/repository/com/graphql-java/java-dataloader/3.3.0/java-dataloader-3.3.0.jar:/home/runner/work/apicurio-testing/apicurio-testing/cache/clusters/ci419/namespaces/inmemory/tests/integration/apicurio-registry/schema-util/kconnect/target/apicurio-registry-schema-util-kconnect-3.1.0.jar:/home/runner/.m2/repository/org/apache/kafka/connect-json/3.9.1/connect-json-3.9.1.jar:/home/runner/.m2/repository/org/apache/kafka/connect-api/3.9.1/connect-api-3.9.1.jar:/home/runner/.m2/repository/javax/ws/rs/javax.ws.rs-api/2.1.1/javax.ws.rs-api-2.1.1.jar:/home/runner/.m2/repository/com/fasterxml/jackson/module/jackson-module-afterburner/2.18.2/jackson-module-afterburner-2.18.2.jar:/home/runner/work/apicurio-testing/apicurio-testing/cache/clusters/ci419/namespaces/inmemory/tests/integration/apicurio-registry/schema-util/openapi/target/apicurio-registry-schema-util-openapi-3.1.0.jar:/home/runner/.m2/repository/io/apicurio/apicurio-data-models/2.2.4/apicurio-data-models-2.2.4.jar:/home/runner/.m2/repository/org/slf4j/jcl-over-slf4j/2.0.6/jcl-over-slf4j-2.0.6.jar:/home/runner/.m2/repository/org/openapitools/openapidiff/openapi-diff-core/2.1.3/openapi-diff-core-2.1.3.jar:/home/runner/.m2/repository/io/swagger/parser/v3/swagger-parser/2.1.31/swagger-parser-2.1.31.jar:/home/runner/.m2/repository/io/swagger/parser/v3/swagger-parser-v2-converter/2.1.31/swagger-parser-v2-converter-2.1.31.jar:/home/runner/.m2/repository/io/swagger/swagger-core/1.6.16/swagger-core-1.6.16.jar:/home/runner/.m2/repository/io/swagger/swagger-models/1.6.16/swagger-models-1.6.16.jar:/home/runner/.m2/repository/io/swagger/swagger-annotations/1.6.16/swagger-annotations-1.6.16.jar:/home/runner/.m2/repository/io/swagger/swagger-parser/1.0.75/swagger-parser-1.0.75.jar:/home/runner/.m2/repository/io/swagger/swagger-parser-safe-url-resolver/1.0.75/swagger-parser-safe-url-resolver-1.0.75.jar:/home/runner/.m2/repository/io/swagger/swagger-compat-spec-parser/1.0.75/swagger-compat-spec-parser-1.0.75.jar:/home/runner/.m2/repository/com/github/java-json-tools/json-schema-validator/2.2.14/json-schema-validator-2.2.14.jar:/home/runner/.m2/repository/com/github/java-json-tools/jackson-coreutils-equivalence/1.0/jackson-coreutils-equivalence-1.0.jar:/home/runner/.m2/repository/com/github/java-json-tools/json-schema-core/1.2.14/json-schema-core-1.2.14.jar:/home/runner/.m2/repository/com/github/java-json-tools/uri-template/0.10/uri-template-0.10.jar:/home/runner/.m2/repository/com/googlecode/libphonenumber/libphonenumber/8.11.1/libphonenumber-8.11.1.jar:/home/runner/.m2/repository/com/j2html/j2html/1.6.0/j2html-1.6.0.jar:/home/runner/.m2/repository/org/apache/commons/commons-collections4/4.5.0/commons-collections4-4.5.0.jar:/home/runner/.m2/repository/io/swagger/parser/v3/swagger-parser-v3/2.1.34/swagger-parser-v3-2.1.34.jar:/home/runner/.m2/repository/io/swagger/core/v3/swagger-models/2.2.37/swagger-models-2.2.37.jar:/home/runner/.m2/repository/io/swagger/core/v3/swagger-core/2.2.37/swagger-core-2.2.37.jar:/home/runner/.m2/repository/io/swagger/parser/v3/swagger-parser-core/2.1.34/swagger-parser-core-2.1.34.jar:/home/runner/.m2/repository/io/swagger/parser/v3/swagger-parser-safe-url-resolver/2.1.34/swagger-parser-safe-url-resolver-2.1.34.jar:/home/runner/work/apicurio-testing/apicurio-testing/cache/clusters/ci419/namespaces/inmemory/tests/integration/apicurio-registry/schema-util/wsdl/target/apicurio-registry-schema-util-wsdl-3.1.0.jar:/home/runner/.m2/repository/wsdl4j/wsdl4j/1.6.3/wsdl4j-1.6.3.jar:/home/runner/work/apicurio-testing/apicurio-testing/cache/clusters/ci419/namespaces/inmemory/tests/integration/apicurio-registry/schema-util/xml/target/apicurio-registry-schema-util-xml-3.1.0.jar:/home/runner/.m2/repository/org/apache/santuario/xmlsec/4.0.4/xmlsec-4.0.4.jar:/home/runner/.m2/repository/com/fasterxml/woodstox/woodstox-core/7.1.1/woodstox-core-7.1.1.jar:/home/runner/.m2/repository/org/codehaus/woodstox/stax2-api/4.2.2/stax2-api-4.2.2.jar:/home/runner/work/apicurio-testing/apicurio-testing/cache/clusters/ci419/namespaces/inmemory/tests/integration/apicurio-registry/schema-util/xsd/target/apicurio-registry-schema-util-xsd-3.1.0.jar:/home/runner/work/apicurio-testing/apicurio-testing/cache/clusters/ci419/namespaces/inmemory/tests/integration/apicurio-registry/serdes/kafka/jsonschema-serde/target/apicurio-registry-jsonschema-serde-kafka-3.1.0.jar:/home/runner/work/apicurio-testing/apicurio-testing/cache/clusters/ci419/namespaces/inmemory/tests/integration/apicurio-registry/serdes/kafka/serde-kafka-common/target/apicurio-registry-serde-kafka-common-3.1.0.jar:/home/runner/work/apicurio-testing/apicurio-testing/cache/clusters/ci419/namespaces/inmemory/tests/integration/apicurio-registry/serdes/generic/serde-common/target/apicurio-registry-serde-common-3.1.0.jar:/home/runner/work/apicurio-testing/apicurio-testing/cache/clusters/ci419/namespaces/inmemory/tests/integration/apicurio-registry/serdes/generic/serde-common-jsonschema/target/apicurio-registry-serde-common-jsonschema-3.1.0.jar:/home/runner/.m2/repository/org/json/json/20250107/json-20250107.jar:/home/runner/work/apicurio-testing/apicurio-testing/cache/clusters/ci419/namespaces/inmemory/tests/integration/apicurio-registry/serdes/kafka/avro-serde/target/apicurio-registry-avro-serde-kafka-3.1.0.jar:/home/runner/work/apicurio-testing/apicurio-testing/cache/clusters/ci419/namespaces/inmemory/tests/integration/apicurio-registry/serdes/generic/serde-common-avro/target/apicurio-registry-serde-common-avro-3.1.0.jar:/home/runner/work/apicurio-testing/apicurio-testing/cache/clusters/ci419/namespaces/inmemory/tests/integration/apicurio-registry/serdes/kafka/protobuf-serde/target/apicurio-registry-protobuf-serde-kafka-3.1.0.jar:/home/runner/work/apicurio-testing/apicurio-testing/cache/clusters/ci419/namespaces/inmemory/tests/integration/apicurio-registry/serdes/generic/serde-common-protobuf/target/apicurio-registry-serde-common-protobuf-3.1.0.jar:/home/runner/.m2/repository/com/squareup/wire/wire-schema/5.3.3/wire-schema-5.3.3.jar:/home/runner/.m2/repository/com/squareup/wire/wire-runtime/5.3.3/wire-runtime-5.3.3.jar:/home/runner/work/apicurio-testing/apicurio-testing/cache/clusters/ci419/namespaces/inmemory/tests/integration/apicurio-registry/serdes/pulsar/avro-serde/target/apicurio-registry-avro-serde-pulsar-3.1.0.jar:/home/runner/.m2/repository/org/apache/pulsar/pulsar-functions-api/3.3.9/pulsar-functions-api-3.3.9.jar:/home/runner/work/apicurio-testing/apicurio-testing/cache/clusters/ci419/namespaces/inmemory/tests/integration/apicurio-registry/serdes/nats/avro-serde/target/apicurio-registry-avro-serde-nats-3.1.0.jar:/home/runner/.m2/repository/io/nats/jnats/2.23.0/jnats-2.23.0.jar:/home/runner/.m2/repository/org/bouncycastle/bcprov-lts8on/2.73.8/bcprov-lts8on-2.73.8.jar:/home/runner/work/apicurio-testing/apicurio-testing/cache/clusters/ci419/namespaces/inmemory/tests/integration/apicurio-registry/utils/converter/target/apicurio-registry-utils-converter-3.1.0.jar:/home/runner/work/apicurio-testing/apicurio-testing/cache/clusters/ci419/namespaces/inmemory/tests/integration/apicurio-registry/schema-resolver/target/apicurio-registry-schema-resolver-3.1.0.jar:/home/runner/work/apicurio-testing/apicurio-testing/cache/clusters/ci419/namespaces/inmemory/tests/integration/apicurio-registry/utils/kafka/target/apicurio-registry-utils-kafka-3.1.0.jar:/home/runner/.m2/repository/org/apache/pulsar/pulsar-client/3.3.9/pulsar-client-3.3.9.jar:/home/runner/.m2/repository/org/apache/pulsar/pulsar-client-api/3.3.9/pulsar-client-api-3.3.9.jar:/home/runner/.m2/repository/org/apache/pulsar/pulsar-client-admin-api/3.3.9/pulsar-client-admin-api-3.3.9.jar:/home/runner/.m2/repository/org/apache/pulsar/bouncy-castle-bc/3.3.9/bouncy-castle-bc-3.3.9-pkg.jar:/home/runner/.m2/repository/org/bouncycastle/bcpkix-jdk18on/1.81/bcpkix-jdk18on-1.81.jar:/home/runner/.m2/repository/org/bouncycastle/bcutil-jdk18on/1.81/bcutil-jdk18on-1.81.jar:/home/runner/.m2/repository/org/bouncycastle/bcprov-jdk18on/1.81/bcprov-jdk18on-1.81.jar:/home/runner/.m2/repository/io/opentelemetry/opentelemetry-api/1.44.1/opentelemetry-api-1.44.1.jar:/home/runner/.m2/repository/io/opentelemetry/opentelemetry-context/1.44.1/opentelemetry-context-1.44.1.jar:/home/runner/.m2/repository/io/opentelemetry/opentelemetry-api-incubator/1.44.1-alpha/opentelemetry-api-incubator-1.44.1-alpha.jar:/home/runner/.m2/repository/com/fasterxml/jackson/core/jackson-annotations/2.18.2/jackson-annotations-2.18.2.jar:/home/runner/.m2/repository/javax/validation/validation-api/1.1.0.Final/validation-api-1.1.0.Final.jar:/home/runner/.m2/repository/org/jspecify/jspecify/1.0.0/jspecify-1.0.0.jar:/home/runner/.m2/repository/org/apache/commons/commons-configuration2/2.12.0/commons-configuration2-2.12.0.jar:/home/runner/.m2/repository/commons-logging/commons-logging/1.3.5/commons-logging-1.3.5.jar:/home/runner/.m2/repository/org/apache/commons/commons-text/1.13.0/commons-text-1.13.0.jar:/home/runner/.m2/repository/io/confluent/kafka-avro-serializer/8.0.0/kafka-avro-serializer-8.0.0.jar:/home/runner/.m2/repository/org/apache/commons/commons-compress/1.27.1/commons-compress-1.27.1.jar:/home/runner/.m2/repository/io/confluent/kafka-schema-serializer/8.0.0/kafka-schema-serializer-8.0.0.jar:/home/runner/.m2/repository/com/fasterxml/jackson/dataformat/jackson-dataformat-csv/2.18.2/jackson-dataformat-csv-2.18.2.jar:/home/runner/.m2/repository/io/confluent/kafka-schema-registry-client/8.0.0/kafka-schema-registry-client-8.0.0.jar:/home/runner/.m2/repository/org/yaml/snakeyaml/2.3/snakeyaml-2.3.jar:/home/runner/.m2/repository/com/fasterxml/jackson/datatype/jackson-datatype-jdk8/2.18.2/jackson-datatype-jdk8-2.18.2.jar:/home/runner/.m2/repository/io/swagger/core/v3/swagger-annotations/2.2.29/swagger-annotations-2.2.29.jar:/home/runner/.m2/repository/com/google/guava/guava/33.4.0-jre/guava-33.4.0-jre.jar:/home/runner/.m2/repository/com/google/guava/failureaccess/1.0.1/failureaccess-1.0.1.jar:/home/runner/.m2/repository/org/checkerframework/checker-qual/3.49.0/checker-qual-3.49.0.jar:/home/runner/.m2/repository/io/confluent/logredactor/1.0.13/logredactor-1.0.13.jar:/home/runner/.m2/repository/com/google/re2j/re2j/1.6/re2j-1.6.jar:/home/runner/.m2/repository/io/confluent/logredactor-metrics/1.0.13/logredactor-metrics-1.0.13.jar:/home/runner/.m2/repository/com/eclipsesource/minimal-json/minimal-json/0.9.5/minimal-json-0.9.5.jar:/home/runner/.m2/repository/io/confluent/common-utils/8.0.0/common-utils-8.0.0.jar:/home/runner/.m2/repository/io/confluent/kafka-connect-avro-converter/8.0.0/kafka-connect-avro-converter-8.0.0.jar:/home/runner/.m2/repository/io/confluent/kafka-connect-avro-data/8.0.0/kafka-connect-avro-data-8.0.0.jar:/home/runner/.m2/repository/io/confluent/kafka-schema-converter/8.0.0/kafka-schema-converter-8.0.0.jar:/home/runner/.m2/repository/io/rest-assured/rest-assured/5.5.1/rest-assured-5.5.1.jar:/home/runner/.m2/repository/org/apache/groovy/groovy/4.0.22/groovy-4.0.22.jar:/home/runner/.m2/repository/org/apache/groovy/groovy-xml/4.0.22/groovy-xml-4.0.22.jar:/home/runner/.m2/repository/org/apache/httpcomponents/httpclient/4.5.14/httpclient-4.5.14.jar:/home/runner/.m2/repository/org/apache/httpcomponents/httpcore/4.4.16/httpcore-4.4.16.jar:/home/runner/.m2/repository/org/apache/httpcomponents/httpmime/4.5.14/httpmime-4.5.14.jar:/home/runner/.m2/repository/org/hamcrest/hamcrest/2.2/hamcrest-2.2.jar:/home/runner/.m2/repository/org/ccil/cowan/tagsoup/tagsoup/1.2.1/tagsoup-1.2.1.jar:/home/runner/.m2/repository/io/rest-assured/json-path/5.5.1/json-path-5.5.1.jar:/home/runner/.m2/repository/org/apache/groovy/groovy-json/4.0.22/groovy-json-4.0.22.jar:/home/runner/.m2/repository/io/rest-assured/rest-assured-common/5.5.1/rest-assured-common-5.5.1.jar:/home/runner/.m2/repository/io/rest-assured/xml-path/5.5.1/xml-path-5.5.1.jar:/home/runner/.m2/repository/io/zonky/test/embedded-postgres/2.1.1/embedded-postgres-2.1.1.jar:/home/runner/.m2/repository/io/zonky/test/postgres/embedded-postgres-binaries-windows-amd64/14.19.0/embedded-postgres-binaries-windows-amd64-14.19.0.jar:/home/runner/.m2/repository/io/zonky/test/postgres/embedded-postgres-binaries-darwin-amd64/14.19.0/embedded-postgres-binaries-darwin-amd64-14.19.0.jar:/home/runner/.m2/repository/io/zonky/test/postgres/embedded-postgres-binaries-linux-amd64/14.19.0/embedded-postgres-binaries-linux-amd64-14.19.0.jar:/home/runner/.m2/repository/io/zonky/test/postgres/embedded-postgres-binaries-linux-amd64-alpine/14.19.0/embedded-postgres-binaries-linux-amd64-alpine-14.19.0.jar:/home/runner/.m2/repository/org/apache/commons/commons-lang3/3.17.0/commons-lang3-3.17.0.jar:/home/runner/.m2/repository/org/tukaani/xz/1.10/xz-1.10.jar:/home/runner/.m2/repository/commons-codec/commons-codec/1.19.0/commons-codec-1.19.0.jar:/home/runner/.m2/repository/org/postgresql/postgresql/42.7.7/postgresql-42.7.7.jar:/home/runner/.m2/repository/commons-io/commons-io/2.18.0/commons-io-2.18.0.jar:/home/runner/work/apicurio-testing/apicurio-testing/cache/clusters/ci419/namespaces/inmemory/tests/integration/apicurio-registry/utils/importexport/target/apicurio-registry-utils-import-export-3.1.0.jar:/home/runner/.m2/repository/io/vertx/vertx-core/4.5.20/vertx-core-4.5.20.jar:/home/runner/.m2/repository/io/netty/netty-common/4.1.124.Final/netty-common-4.1.124.Final.jar:/home/runner/.m2/repository/io/netty/netty-buffer/4.1.124.Final/netty-buffer-4.1.124.Final.jar:/home/runner/.m2/repository/io/netty/netty-transport/4.1.124.Final/netty-transport-4.1.124.Final.jar:/home/runner/.m2/repository/io/netty/netty-handler/4.1.124.Final/netty-handler-4.1.124.Final.jar:/home/runner/.m2/repository/io/netty/netty-transport-native-unix-common/4.1.124.Final/netty-transport-native-unix-common-4.1.124.Final.jar:/home/runner/.m2/repository/io/netty/netty-codec/4.1.124.Final/netty-codec-4.1.124.Final.jar:/home/runner/.m2/repository/io/netty/netty-handler-proxy/4.1.124.Final/netty-handler-proxy-4.1.124.Final.jar:/home/runner/.m2/repository/io/netty/netty-codec-socks/4.1.124.Final/netty-codec-socks-4.1.124.Final.jar:/home/runner/.m2/repository/io/netty/netty-codec-http/4.1.124.Final/netty-codec-http-4.1.124.Final.jar:/home/runner/.m2/repository/io/netty/netty-codec-http2/4.1.124.Final/netty-codec-http2-4.1.124.Final.jar:/home/runner/.m2/repository/io/netty/netty-resolver/4.1.124.Final/netty-resolver-4.1.124.Final.jar:/home/runner/.m2/repository/io/netty/netty-resolver-dns/4.1.124.Final/netty-resolver-dns-4.1.124.Final.jar:/home/runner/.m2/repository/io/netty/netty-codec-dns/4.1.124.Final/netty-codec-dns-4.1.124.Final.jar:/home/runner/.m2/repository/com/fasterxml/jackson/core/jackson-core/2.18.2/jackson-core-2.18.2.jar:"/>
    <property name="sun.cpu.endian" value="little"/>
    <property name="user.home" value="/home/runner"/>
    <property name="user.language" value="en"/>
    <property name="jboss.log-version" value="false"/>
    <property name="java.specification.vendor" value="Oracle Corporation"/>
    <property name="java.version.date" value="2025-07-15"/>
    <property name="java.home" value="/usr/lib/jvm/temurin-17-jdk-amd64"/>
    <property name="file.separator" value="/"/>
    <property name="basedir" value="/home/runner/work/apicurio-testing/apicurio-testing/cache/clusters/ci419/namespaces/inmemory/tests/integration/apicurio-registry/integration-tests"/>
    <property name="java.vm.compressedOopsMode" value="Zero based"/>
    <property name="line.separator" value="&#10;"/>
    <property name="java.specification.name" value="Java Platform API Specification"/>
    <property name="java.vm.specification.vendor" value="Oracle Corporation"/>
    <property name="quarkus.http.test-host" value="registry-app-inmemory.apps.ci419.apicurio-testing.org"/>
    <property name="surefire.real.class.path" value="/home/runner/work/apicurio-testing/apicurio-testing/cache/clusters/ci419/namespaces/inmemory/tests/integration/apicurio-registry/integration-tests/target/surefire/surefirebooter-20251008174316601_3.jar"/>
    <property name="sun.management.compiler" value="HotSpot 64-Bit Tiered Compilers"/>
    <property name="org.eclipse.jetty.http.HttpGenerator.STRICT" value="true"/>
    <property name="java.runtime.version" value="17.0.16+8"/>
    <property name="user.name" value="runner"/>
    <property name="path.separator" value=":"/>
    <property name="os.version" value="6.11.0-1018-azure"/>
    <property name="java.runtime.name" value="OpenJDK Runtime Environment"/>
    <property name="file.encoding" value="UTF-8"/>
    <property name="jnidispatch.path" value="/home/runner/.cache/JNA/temp/jna15895970721886239324.tmp"/>
    <property name="java.vm.name" value="OpenJDK 64-Bit Server VM"/>
    <property name="jna.platform.library.path" value="/usr/lib/x86_64-linux-gnu:/lib/x86_64-linux-gnu:/usr/lib64:/lib64:/usr/lib:/lib:/lib32:/usr/local/lib:/usr/lib/x86_64-linux-gnu/libfakeroot"/>
    <property name="java.vendor.version" value="Temurin-17.0.16+8"/>
    <property name="quarkus.oidc.token-path" value="https://keycloak-inmemory.apps.ci419.apicurio-testing.org/realms/registry/protocol/openid-connect/token"/>
    <property name="quarkus.http.host" value="registry-app-inmemory.apps.ci419.apicurio-testing.org"/>
    <property name="localRepository" value="/home/runner/.m2/repository"/>
    <property name="javax.xml.xpath.XPathFactory:http://java.sun.com/jaxp/xpath/dom" value="com.sun.org.apache.xpath.internal.jaxp.XPathFactoryImpl"/>
    <property name="jna.loaded" value="true"/>
    <property name="java.vendor.url.bug" value="https://github.com/adoptium/adoptium-support/issues"/>
    <property name="jetty.git.hash" value="5bc5e562c8d05c5862505aebe5cf83a61bdbcb96"/>
    <property name="java.io.tmpdir" value="/tmp"/>
    <property name="quarkus.http.test-protocol" value="http"/>
    <property name="java.version" value="17.0.16"/>
    <property name="user.dir" value="/home/runner/work/apicurio-testing/apicurio-testing/cache/clusters/ci419/namespaces/inmemory/tests/integration/apicurio-registry/integration-tests"/>
    <property name="os.arch" value="amd64"/>
    <property name="groups" value="( smoke | serdes | acceptance | ui)"/>
    <property name="java.vm.specification.name" value="Java Virtual Machine Specification"/>
    <property name="native.encoding" value="UTF-8"/>
    <property name="java.util.logging.manager" value="org.jboss.logmanager.LogManager"/>
    <property name="java.library.path" value="/usr/java/packages/lib:/usr/lib64:/lib64:/lib:/usr/lib"/>
    <property name="jdk.console" value="java.base"/>
    <property name="java.vm.info" value="mixed mode, sharing"/>
    <property name="java.vendor" value="Eclipse Adoptium"/>
    <property name="java.vm.version" value="17.0.16+8"/>
    <property name="java.specification.maintenance.version" value="1"/>
    <property name="sun.io.unicode.encoding" value="UnicodeLittle"/>
    <property name="javax.xml.transform.TransformerFactory" value="com.sun.org.apache.xalan.internal.xsltc.trax.TransformerFactoryImpl"/>
    <property name="java.class.version" value="61.0"/>
  </properties>
  <testcase name="testEvolveAvroConfluent" classname="io.apicurio.tests.serdes.confluent.BasicConfluentSerDesIT" time="14.38">
    <system-out><![CDATA[**** Registry Base URL: http://registry-app-inmemory.apps.ci419.apicurio-testing.org:80
**** Registry Base URL: http://registry-app-inmemory.apps.ci419.apicurio-testing.org:80
2025-10-08 17:47:09,188 INFO  [io.api.tes.ser.con.BasicConfluentSerDesIT] (main) RestAssured configured with http://registry-app-inmemory.apps.ci419.apicurio-testing.org:80/apis/registry/v3
**** Registry Base URL: http://registry-app-inmemory.apps.ci419.apicurio-testing.org:80
2025-10-08 17:47:09,690 INFO  [io.api.tes.ser.con.BasicConfluentSerDesIT] (main) Deleting confluent schema subj_7cac7bcc_1397_43e7_a5ec_1b5179110e10-value
2025-10-08 17:47:09,764 INFO  [io.api.tes.ser.con.BasicConfluentSerDesIT] (main) Deleting confluent schema subj_e695ab88_e413_4840_adf6_50d414f9c0d0-value
2025-10-08 17:47:09,835 INFO  [io.api.tes.ser.con.BasicConfluentSerDesIT] (main) Deleting confluent schema CUSTOMERS-key
2025-10-08 17:47:09,907 INFO  [io.api.tes.ser.con.BasicConfluentSerDesIT] (main) Deleting confluent schema CUSTOMERS.Value
2025-10-08 17:47:09,978 INFO  [io.api.tes.ser.con.BasicConfluentSerDesIT] (main) Deleting confluent schema CUSTOMERS-value
2025-10-08 17:47:10,053 INFO  [io.api.tes.ser.con.BasicConfluentSerDesIT] (main) Deleting confluent schema subj_68551a6d_2025_4469_b867_3ffd339911a3-value
2025-10-08 17:47:10,125 INFO  [io.api.tes.ser.con.BasicConfluentSerDesIT] (main) Deleting confluent schema topic-8bc8e12a_5bbd_4238_9d4f_2121eafa4cbd-value
2025-10-08 17:47:10,196 INFO  [io.api.tes.ser.con.BasicConfluentSerDesIT] (main) Deleting confluent schema topic-919b032b_ee57_4051_aee8_b7b421e9fd2a-value
2025-10-08 17:47:10,274 INFO  [io.api.tes.ser.con.BasicConfluentSerDesIT] (main) Deleting confluent schema topic-e1f13277_2d81_42c6_b742_8523cf5dcbf7-value
2025-10-08 17:47:10,345 INFO  [io.api.tes.ser.con.BasicConfluentSerDesIT] (main) Deleting confluent schema topic-00bec7aa_0b1d_4b36_a316_e31b9faab555-value
2025-10-08 17:47:10,417 INFO  [io.api.tes.ser.con.BasicConfluentSerDesIT] (main) Deleting confluent schema topic-81f4ffd0_e83c_4a6b_ab14_fcb240b6e3b4-value
2025-10-08 17:47:10,488 INFO  [io.api.tes.ser.con.BasicConfluentSerDesIT] (main) Deleting confluent schema topic-ccef81ed_d4c0_48e2_b2b9_d751cf485d53-value
2025-10-08 17:47:10,559 INFO  [io.api.tes.ser.con.BasicConfluentSerDesIT] (main) Deleting confluent schema myrecordconfluent
2025-10-08 17:47:10,630 INFO  [io.api.tes.ser.con.BasicConfluentSerDesIT] (main) Deleting confluent schema topic-f51585d2_0f6d_4b45_aa0d_74c4ded4d13b
2025-10-08 17:47:10,703 INFO  [io.api.tes.ser.con.BasicConfluentSerDesIT] (main) Deleting confluent schema topic-112f36c0_6e86_4cc9_a013_8522b4c3b436-value
2025-10-08 17:47:10,774 INFO  [io.api.tes.ser.con.BasicConfluentSerDesIT] (main) Deleting confluent schema topic-b9d99b71_b38e_4eac_97f2_0c24424f9bd7
2025-10-08 17:47:10,845 INFO  [io.api.tes.ser.con.BasicConfluentSerDesIT] (main) Deleting confluent schema topic-2495355b_445b_476d_88bc_d8b13ef853be-value
2025-10-08 17:47:10,916 INFO  [io.api.tes.ser.con.BasicConfluentSerDesIT] (main) Deleting confluent schema topic-55745e76_5628_4fad_a1c9_df70cecceb0d
2025-10-08 17:47:10,987 INFO  [io.api.tes.ser.con.BasicConfluentSerDesIT] (main) Deleting confluent schema topic-5a48f64a_acb8_45b5_9387_7e902db2561e
2025-10-08 17:47:11,058 INFO  [io.api.tes.ser.con.BasicConfluentSerDesIT] (main) Deleting confluent schema topic-df08b5b6_9275_4be8_bbbd_f13010bb0f3f-value
2025-10-08 17:47:11,128 INFO  [io.api.tes.ser.con.BasicConfluentSerDesIT] (main) Deleting confluent schema s96c19794x79ebx4d81xafdfx10c621a5ef34-value
2025-10-08 17:47:11,199 INFO  [io.api.tes.ser.con.BasicConfluentSerDesIT] (main) Deleting confluent schema google/protobuf/timestamp.proto
2025-10-08 17:47:11,270 INFO  [io.api.tes.ser.con.BasicConfluentSerDesIT] (main) Deleting confluent schema topic-eb5cc855_4284_4bb9_9c7c_2f5765e57839-value
2025-10-08 17:47:11,341 INFO  [io.api.tes.ser.con.BasicConfluentSerDesIT] (main) Deleting confluent schema topic-34a80a2a_6c79_473e_9424_4d6dbb30693c-value
2025-10-08 17:47:11,414 INFO  [io.api.tes.ser.con.BasicConfluentSerDesIT] (main) Deleting confluent schema s2e45c6e2x96dfx48aexada4x1d7eb0441290-value
2025-10-08 17:47:11,485 INFO  [io.api.tes.ser.con.BasicConfluentSerDesIT] (main) Deleting confluent schema topic-0ada7846_a063_4c41_9893_dfaa647df935-value
2025-10-08 17:47:11,556 INFO  [io.api.tes.ser.con.BasicConfluentSerDesIT] (main) Deleting confluent schema s4b642e05xe6d3x4647xa22ax28b534274d5c-value
2025-10-08 17:47:11,626 INFO  [io.api.tes.ser.con.BasicConfluentSerDesIT] (main) Deleting confluent schema topic-37d9120f_f7d0_4fb0_9d2b_a9f10e40aaa2-value
2025-10-08 17:47:11,697 INFO  [io.api.tes.ser.con.BasicConfluentSerDesIT] (main) Deleting confluent schema topic-65fd56c6_346b_4f38_8982_64188dd0f4bf-value
2025-10-08 17:47:11,768 INFO  [io.api.tes.ser.con.BasicConfluentSerDesIT] (main) Deleting confluent schema topic-74164522_1391_43b2_87f7_1c0337db353f
2025-10-08 17:47:11,838 INFO  [io.api.tes.ser.con.BasicConfluentSerDesIT] (main) Deleting confluent schema topic-cb0386d6_df08_4006_ab7a_3c9e1fc94019
2025-10-08 17:47:11,909 INFO  [io.api.tes.ser.con.BasicConfluentSerDesIT] (main) Deleting confluent schema topic-e20aad7a_34ab_4dea_a73d_b72e59597dde-value
2025-10-08 17:47:11,981 INFO  [io.api.tes.ser.con.BasicConfluentSerDesIT] (main) Deleting confluent schema topic-35fb8b86_54f9_4ad1_baba_31e9633b740b-value
2025-10-08 17:47:12,053 INFO  [io.api.tes.ser.con.BasicConfluentSerDesIT] (main) Deleting confluent schema topic-1282fad1_c8fa_4a88_94a9_bece44f63344-value
2025-10-08 17:47:12,130 INFO  [io.api.tes.uti.KafkaFacade] (main) Skipping deployment of kafka, because it's already deployed
2025-10-08 17:47:12,131 INFO  [io.api.tes.uti.TestSeparator] (main) ############################################################################
2025-10-08 17:47:12,131 INFO  [io.api.tes.uti.TestSeparator] (main) io.apicurio.tests.serdes.confluent.BasicConfluentSerDesIT.testEvolveAvroConfluent-STARTED
2025-10-08 17:47:12,132 INFO  [org.apa.kaf.cli.adm.AdminClientConfig] (main) AdminClientConfig values: 
	auto.include.jmx.reporter = true
	bootstrap.controllers = []
	bootstrap.servers = [PLAINTEXT://localhost:32769]
	client.dns.lookup = use_all_dns_ips
	client.id = 
	connections.max.idle.ms = 10000
	default.api.timeout.ms = 60000
	enable.metrics.push = true
	metadata.max.age.ms = 300000
	metadata.recovery.strategy = none
	metric.reporters = []
	metrics.num.samples = 2
	metrics.recording.level = INFO
	metrics.sample.window.ms = 30000
	receive.buffer.bytes = 65536
	reconnect.backoff.max.ms = 1000
	reconnect.backoff.ms = 50
	request.timeout.ms = 5000
	retries = 2147483647
	retry.backoff.max.ms = 1000
	retry.backoff.ms = 100
	sasl.client.callback.handler.class = null
	sasl.jaas.config = null
	sasl.kerberos.kinit.cmd = /usr/bin/kinit
	sasl.kerberos.min.time.before.relogin = 60000
	sasl.kerberos.service.name = null
	sasl.kerberos.ticket.renew.jitter = 0.05
	sasl.kerberos.ticket.renew.window.factor = 0.8
	sasl.login.callback.handler.class = null
	sasl.login.class = null
	sasl.login.connect.timeout.ms = null
	sasl.login.read.timeout.ms = null
	sasl.login.refresh.buffer.seconds = 300
	sasl.login.refresh.min.period.seconds = 60
	sasl.login.refresh.window.factor = 0.8
	sasl.login.refresh.window.jitter = 0.05
	sasl.login.retry.backoff.max.ms = 10000
	sasl.login.retry.backoff.ms = 100
	sasl.mechanism = GSSAPI
	sasl.oauthbearer.clock.skew.seconds = 30
	sasl.oauthbearer.expected.audience = null
	sasl.oauthbearer.expected.issuer = null
	sasl.oauthbearer.header.urlencode = false
	sasl.oauthbearer.jwks.endpoint.refresh.ms = 3600000
	sasl.oauthbearer.jwks.endpoint.retry.backoff.max.ms = 10000
	sasl.oauthbearer.jwks.endpoint.retry.backoff.ms = 100
	sasl.oauthbearer.jwks.endpoint.url = null
	sasl.oauthbearer.scope.claim.name = scope
	sasl.oauthbearer.sub.claim.name = sub
	sasl.oauthbearer.token.endpoint.url = null
	security.protocol = PLAINTEXT
	security.providers = null
	send.buffer.bytes = 131072
	socket.connection.setup.timeout.max.ms = 30000
	socket.connection.setup.timeout.ms = 10000
	ssl.cipher.suites = null
	ssl.enabled.protocols = [TLSv1.2, TLSv1.3]
	ssl.endpoint.identification.algorithm = https
	ssl.engine.factory.class = null
	ssl.key.password = null
	ssl.keymanager.algorithm = SunX509
	ssl.keystore.certificate.chain = null
	ssl.keystore.key = null
	ssl.keystore.location = null
	ssl.keystore.password = null
	ssl.keystore.type = JKS
	ssl.protocol = TLSv1.3
	ssl.provider = null
	ssl.secure.random.implementation = null
	ssl.trustmanager.algorithm = PKIX
	ssl.truststore.certificates = null
	ssl.truststore.location = null
	ssl.truststore.password = null
	ssl.truststore.type = JKS

2025-10-08 17:47:12,134 INFO  [org.apa.kaf.com.uti.AppInfoParser] (main) Kafka version: 3.9.1
2025-10-08 17:47:12,134 INFO  [org.apa.kaf.com.uti.AppInfoParser] (main) Kafka commitId: f745dfdcee2b9851
2025-10-08 17:47:12,134 INFO  [org.apa.kaf.com.uti.AppInfoParser] (main) Kafka startTimeMs: 1759945632134
2025-10-08 17:47:12,356 INFO  [io.api.tes.ser.con.BasicConfluentSerDesIT] (main) Checking that created schema is equal to the get schema
2025-10-08 17:47:12,435 INFO  [io.api.tes.ser.con.BasicConfluentSerDesIT] (main) Created schema with id:108 and name:s6d089ff7x7722x498fxbe3axbcba5b832660
**** Registry Base URL: http://registry-app-inmemory.apps.ci419.apicurio-testing.org:80
2025-10-08 17:47:12,440 INFO  [org.apa.kaf.cli.pro.ProducerConfig] (main) ProducerConfig values: 
	acks = -1
	auto.include.jmx.reporter = true
	batch.size = 16384
	bootstrap.servers = [PLAINTEXT://localhost:32769]
	buffer.memory = 33554432
	client.dns.lookup = use_all_dns_ips
	client.id = Producer-topic-de585925_a59a_4d73_ae7d_17b6f063df62
	compression.gzip.level = -1
	compression.lz4.level = 9
	compression.type = none
	compression.zstd.level = 3
	connections.max.idle.ms = 10000
	delivery.timeout.ms = 120000
	enable.idempotence = true
	enable.metrics.push = true
	interceptor.classes = []
	key.serializer = class org.apache.kafka.common.serialization.StringSerializer
	linger.ms = 0
	max.block.ms = 60000
	max.in.flight.requests.per.connection = 5
	max.request.size = 1048576
	metadata.max.age.ms = 300000
	metadata.max.idle.ms = 300000
	metadata.recovery.strategy = none
	metric.reporters = []
	metrics.num.samples = 2
	metrics.recording.level = INFO
	metrics.sample.window.ms = 30000
	partitioner.adaptive.partitioning.enable = true
	partitioner.availability.timeout.ms = 0
	partitioner.class = null
	partitioner.ignore.keys = false
	receive.buffer.bytes = 32768
	reconnect.backoff.max.ms = 1000
	reconnect.backoff.ms = 50
	request.timeout.ms = 5000
	retries = 2147483647
	retry.backoff.max.ms = 1000
	retry.backoff.ms = 100
	sasl.client.callback.handler.class = null
	sasl.jaas.config = null
	sasl.kerberos.kinit.cmd = /usr/bin/kinit
	sasl.kerberos.min.time.before.relogin = 60000
	sasl.kerberos.service.name = null
	sasl.kerberos.ticket.renew.jitter = 0.05
	sasl.kerberos.ticket.renew.window.factor = 0.8
	sasl.login.callback.handler.class = null
	sasl.login.class = null
	sasl.login.connect.timeout.ms = null
	sasl.login.read.timeout.ms = null
	sasl.login.refresh.buffer.seconds = 300
	sasl.login.refresh.min.period.seconds = 60
	sasl.login.refresh.window.factor = 0.8
	sasl.login.refresh.window.jitter = 0.05
	sasl.login.retry.backoff.max.ms = 10000
	sasl.login.retry.backoff.ms = 100
	sasl.mechanism = GSSAPI
	sasl.oauthbearer.clock.skew.seconds = 30
	sasl.oauthbearer.expected.audience = null
	sasl.oauthbearer.expected.issuer = null
	sasl.oauthbearer.header.urlencode = false
	sasl.oauthbearer.jwks.endpoint.refresh.ms = 3600000
	sasl.oauthbearer.jwks.endpoint.retry.backoff.max.ms = 10000
	sasl.oauthbearer.jwks.endpoint.retry.backoff.ms = 100
	sasl.oauthbearer.jwks.endpoint.url = null
	sasl.oauthbearer.scope.claim.name = scope
	sasl.oauthbearer.sub.claim.name = sub
	sasl.oauthbearer.token.endpoint.url = null
	security.protocol = PLAINTEXT
	security.providers = null
	send.buffer.bytes = 131072
	socket.connection.setup.timeout.max.ms = 30000
	socket.connection.setup.timeout.ms = 10000
	ssl.cipher.suites = null
	ssl.enabled.protocols = [TLSv1.2, TLSv1.3]
	ssl.endpoint.identification.algorithm = https
	ssl.engine.factory.class = null
	ssl.key.password = null
	ssl.keymanager.algorithm = SunX509
	ssl.keystore.certificate.chain = null
	ssl.keystore.key = null
	ssl.keystore.location = null
	ssl.keystore.password = null
	ssl.keystore.type = JKS
	ssl.protocol = TLSv1.3
	ssl.provider = null
	ssl.secure.random.implementation = null
	ssl.trustmanager.algorithm = PKIX
	ssl.truststore.certificates = null
	ssl.truststore.location = null
	ssl.truststore.password = null
	ssl.truststore.type = JKS
	transaction.timeout.ms = 60000
	transactional.id = null
	value.serializer = class io.confluent.kafka.serializers.KafkaAvroSerializer

2025-10-08 17:47:12,441 INFO  [org.apa.kaf.com.tel.int.KafkaMetricsCollector] (main) initializing Kafka metrics collector
2025-10-08 17:47:12,443 INFO  [io.con.kaf.ser.KafkaAvroSerializerConfig] (main) KafkaAvroSerializerConfig values: 
	auto.register.schemas = false
	avro.reflection.allow.null = false
	avro.remove.java.properties = false
	avro.use.logical.type.converters = false
	basic.auth.credentials.source = URL
	basic.auth.user.info = [hidden]
	bearer.auth.cache.expiry.buffer.seconds = 300
	bearer.auth.client.id = null
	bearer.auth.client.secret = null
	bearer.auth.credentials.source = STATIC_TOKEN
	bearer.auth.custom.provider.class = null
	bearer.auth.identity.pool.id = null
	bearer.auth.issuer.endpoint.url = null
	bearer.auth.logical.cluster = null
	bearer.auth.scope = null
	bearer.auth.scope.claim.name = scope
	bearer.auth.sub.claim.name = sub
	bearer.auth.token = [hidden]
	context.name.strategy = class io.confluent.kafka.serializers.context.NullContextNameStrategy
	http.connect.timeout.ms = 60000
	http.read.timeout.ms = 60000
	id.compatibility.strict = true
	key.schema.id.deserializer = class io.confluent.kafka.serializers.schema.id.DualSchemaIdDeserializer
	key.schema.id.serializer = class io.confluent.kafka.serializers.schema.id.PrefixSchemaIdSerializer
	key.subject.name.strategy = class io.confluent.kafka.serializers.subject.TopicNameStrategy
	latest.cache.size = 1000
	latest.cache.ttl.sec = -1
	latest.compatibility.strict = true
	max.retries = 3
	max.schemas.per.subject = 1000
	normalize.schemas = false
	propagate.schema.tags = false
	proxy.host = 
	proxy.port = -1
	retries.max.wait.ms = 20000
	retries.wait.ms = 1000
	rule.actions = []
	rule.executors = []
	rule.service.loader.enable = true
	schema.format = null
	schema.reflection = false
	schema.registry.basic.auth.user.info = [hidden]
	schema.registry.ssl.cipher.suites = null
	schema.registry.ssl.enabled.protocols = [TLSv1.2, TLSv1.3]
	schema.registry.ssl.endpoint.identification.algorithm = https
	schema.registry.ssl.engine.factory.class = null
	schema.registry.ssl.key.password = null
	schema.registry.ssl.keymanager.algorithm = SunX509
	schema.registry.ssl.keystore.certificate.chain = null
	schema.registry.ssl.keystore.key = null
	schema.registry.ssl.keystore.location = null
	schema.registry.ssl.keystore.password = null
	schema.registry.ssl.keystore.type = JKS
	schema.registry.ssl.protocol = TLSv1.3
	schema.registry.ssl.provider = null
	schema.registry.ssl.secure.random.implementation = null
	schema.registry.ssl.trustmanager.algorithm = PKIX
	schema.registry.ssl.truststore.certificates = null
	schema.registry.ssl.truststore.location = null
	schema.registry.ssl.truststore.password = null
	schema.registry.ssl.truststore.type = JKS
	schema.registry.url = [http://registry-app-inmemory.apps.ci419.apicurio-testing.org:80/apis/ccompat/v7]
	schema.registry.url.randomize = false
	use.latest.version = false
	use.latest.with.metadata = null
	use.schema.id = -1
	value.schema.id.deserializer = class io.confluent.kafka.serializers.schema.id.DualSchemaIdDeserializer
	value.schema.id.serializer = class io.confluent.kafka.serializers.schema.id.PrefixSchemaIdSerializer
	value.subject.name.strategy = class io.confluent.kafka.serializers.subject.TopicRecordNameStrategy

2025-10-08 17:47:12,451 INFO  [org.apa.kaf.cli.pro.KafkaProducer] (main) [Producer clientId=Producer-topic-de585925_a59a_4d73_ae7d_17b6f063df62] Instantiated an idempotent producer.
2025-10-08 17:47:12,453 INFO  [org.apa.kaf.cli.pro.ProducerConfig] (main) These configurations '[schema.registry.url, auto.register.schemas, value.subject.name.strategy]' were supplied but are not used yet.
2025-10-08 17:47:12,453 INFO  [org.apa.kaf.com.uti.AppInfoParser] (main) Kafka version: 3.9.1
2025-10-08 17:47:12,453 INFO  [org.apa.kaf.com.uti.AppInfoParser] (main) Kafka commitId: f745dfdcee2b9851
2025-10-08 17:47:12,453 INFO  [org.apa.kaf.com.uti.AppInfoParser] (main) Kafka startTimeMs: 1759945632453
**** Registry Base URL: http://registry-app-inmemory.apps.ci419.apicurio-testing.org:80
2025-10-08 17:47:12,455 INFO  [org.apa.kaf.cli.con.ConsumerConfig] (main) ConsumerConfig values: 
	allow.auto.create.topics = true
	auto.commit.interval.ms = 500
	auto.include.jmx.reporter = true
	auto.offset.reset = earliest
	bootstrap.servers = [PLAINTEXT://localhost:32769]
	check.crcs = true
	client.dns.lookup = use_all_dns_ips
	client.id = consumer-Consumer-topic-de585925_a59a_4d73_ae7d_17b6f063df62-34
	client.rack = 
	connections.max.idle.ms = 10000
	default.api.timeout.ms = 60000
	enable.auto.commit = true
	enable.metrics.push = true
	exclude.internal.topics = true
	fetch.max.bytes = 52428800
	fetch.max.wait.ms = 500
	fetch.min.bytes = 1
	group.id = Consumer-topic-de585925_a59a_4d73_ae7d_17b6f063df62
	group.instance.id = null
	group.protocol = classic
	group.remote.assignor = null
	heartbeat.interval.ms = 3000
	interceptor.classes = []
	internal.leave.group.on.close = true
	internal.throw.on.fetch.stable.offset.unsupported = false
	isolation.level = read_uncommitted
	key.deserializer = class org.apache.kafka.common.serialization.StringDeserializer
	max.partition.fetch.bytes = 1048576
	max.poll.interval.ms = 300000
	max.poll.records = 500
	metadata.max.age.ms = 300000
	metadata.recovery.strategy = none
	metric.reporters = []
	metrics.num.samples = 2
	metrics.recording.level = INFO
	metrics.sample.window.ms = 30000
	partition.assignment.strategy = [class org.apache.kafka.clients.consumer.RangeAssignor, class org.apache.kafka.clients.consumer.CooperativeStickyAssignor]
	receive.buffer.bytes = 65536
	reconnect.backoff.max.ms = 1000
	reconnect.backoff.ms = 50
	request.timeout.ms = 5000
	retry.backoff.max.ms = 1000
	retry.backoff.ms = 100
	sasl.client.callback.handler.class = null
	sasl.jaas.config = null
	sasl.kerberos.kinit.cmd = /usr/bin/kinit
	sasl.kerberos.min.time.before.relogin = 60000
	sasl.kerberos.service.name = null
	sasl.kerberos.ticket.renew.jitter = 0.05
	sasl.kerberos.ticket.renew.window.factor = 0.8
	sasl.login.callback.handler.class = null
	sasl.login.class = null
	sasl.login.connect.timeout.ms = null
	sasl.login.read.timeout.ms = null
	sasl.login.refresh.buffer.seconds = 300
	sasl.login.refresh.min.period.seconds = 60
	sasl.login.refresh.window.factor = 0.8
	sasl.login.refresh.window.jitter = 0.05
	sasl.login.retry.backoff.max.ms = 10000
	sasl.login.retry.backoff.ms = 100
	sasl.mechanism = GSSAPI
	sasl.oauthbearer.clock.skew.seconds = 30
	sasl.oauthbearer.expected.audience = null
	sasl.oauthbearer.expected.issuer = null
	sasl.oauthbearer.header.urlencode = false
	sasl.oauthbearer.jwks.endpoint.refresh.ms = 3600000
	sasl.oauthbearer.jwks.endpoint.retry.backoff.max.ms = 10000
	sasl.oauthbearer.jwks.endpoint.retry.backoff.ms = 100
	sasl.oauthbearer.jwks.endpoint.url = null
	sasl.oauthbearer.scope.claim.name = scope
	sasl.oauthbearer.sub.claim.name = sub
	sasl.oauthbearer.token.endpoint.url = null
	security.protocol = PLAINTEXT
	security.providers = null
	send.buffer.bytes = 131072
	session.timeout.ms = 45000
	socket.connection.setup.timeout.max.ms = 30000
	socket.connection.setup.timeout.ms = 10000
	ssl.cipher.suites = null
	ssl.enabled.protocols = [TLSv1.2, TLSv1.3]
	ssl.endpoint.identification.algorithm = https
	ssl.engine.factory.class = null
	ssl.key.password = null
	ssl.keymanager.algorithm = SunX509
	ssl.keystore.certificate.chain = null
	ssl.keystore.key = null
	ssl.keystore.location = null
	ssl.keystore.password = null
	ssl.keystore.type = JKS
	ssl.protocol = TLSv1.3
	ssl.provider = null
	ssl.secure.random.implementation = null
	ssl.trustmanager.algorithm = PKIX
	ssl.truststore.certificates = null
	ssl.truststore.location = null
	ssl.truststore.password = null
	ssl.truststore.type = JKS
	value.deserializer = class io.confluent.kafka.serializers.KafkaAvroDeserializer

2025-10-08 17:47:12,455 INFO  [org.apa.kaf.com.tel.int.KafkaMetricsCollector] (main) initializing Kafka metrics collector
2025-10-08 17:47:12,456 INFO  [io.con.kaf.ser.KafkaAvroDeserializerConfig] (main) KafkaAvroDeserializerConfig values: 
	auto.register.schemas = true
	avro.reflection.allow.null = false
	avro.use.logical.type.converters = false
	basic.auth.credentials.source = URL
	basic.auth.user.info = [hidden]
	bearer.auth.cache.expiry.buffer.seconds = 300
	bearer.auth.client.id = null
	bearer.auth.client.secret = null
	bearer.auth.credentials.source = STATIC_TOKEN
	bearer.auth.custom.provider.class = null
	bearer.auth.identity.pool.id = null
	bearer.auth.issuer.endpoint.url = null
	bearer.auth.logical.cluster = null
	bearer.auth.scope = null
	bearer.auth.scope.claim.name = scope
	bearer.auth.sub.claim.name = sub
	bearer.auth.token = [hidden]
	context.name.strategy = class io.confluent.kafka.serializers.context.NullContextNameStrategy
	http.connect.timeout.ms = 60000
	http.read.timeout.ms = 60000
	id.compatibility.strict = true
	key.schema.id.deserializer = class io.confluent.kafka.serializers.schema.id.DualSchemaIdDeserializer
	key.schema.id.serializer = class io.confluent.kafka.serializers.schema.id.PrefixSchemaIdSerializer
	key.subject.name.strategy = class io.confluent.kafka.serializers.subject.TopicNameStrategy
	latest.cache.size = 1000
	latest.cache.ttl.sec = -1
	latest.compatibility.strict = true
	max.retries = 3
	max.schemas.per.subject = 1000
	normalize.schemas = false
	propagate.schema.tags = false
	proxy.host = 
	proxy.port = -1
	retries.max.wait.ms = 20000
	retries.wait.ms = 1000
	rule.actions = []
	rule.executors = []
	rule.service.loader.enable = true
	schema.format = null
	schema.reflection = false
	schema.registry.basic.auth.user.info = [hidden]
	schema.registry.ssl.cipher.suites = null
	schema.registry.ssl.enabled.protocols = [TLSv1.2, TLSv1.3]
	schema.registry.ssl.endpoint.identification.algorithm = https
	schema.registry.ssl.engine.factory.class = null
	schema.registry.ssl.key.password = null
	schema.registry.ssl.keymanager.algorithm = SunX509
	schema.registry.ssl.keystore.certificate.chain = null
	schema.registry.ssl.keystore.key = null
	schema.registry.ssl.keystore.location = null
	schema.registry.ssl.keystore.password = null
	schema.registry.ssl.keystore.type = JKS
	schema.registry.ssl.protocol = TLSv1.3
	schema.registry.ssl.provider = null
	schema.registry.ssl.secure.random.implementation = null
	schema.registry.ssl.trustmanager.algorithm = PKIX
	schema.registry.ssl.truststore.certificates = null
	schema.registry.ssl.truststore.location = null
	schema.registry.ssl.truststore.password = null
	schema.registry.ssl.truststore.type = JKS
	schema.registry.url = [http://registry-app-inmemory.apps.ci419.apicurio-testing.org:80/apis/ccompat/v7]
	schema.registry.url.randomize = false
	specific.avro.key.type = null
	specific.avro.reader = false
	specific.avro.value.type = null
	use.latest.version = false
	use.latest.with.metadata = null
	use.schema.id = -1
	value.schema.id.deserializer = class io.confluent.kafka.serializers.schema.id.DualSchemaIdDeserializer
	value.schema.id.serializer = class io.confluent.kafka.serializers.schema.id.PrefixSchemaIdSerializer
	value.subject.name.strategy = class io.confluent.kafka.serializers.subject.TopicNameStrategy

2025-10-08 17:47:12,457 INFO  [org.apa.kaf.cli.Metadata] (kafka-producer-network-thread | Producer-topic-de585925_a59a_4d73_ae7d_17b6f063df62) [Producer clientId=Producer-topic-de585925_a59a_4d73_ae7d_17b6f063df62] Cluster ID: Sx1FHBeCRF2NRCdgDzlw-Q
2025-10-08 17:47:12,457 INFO  [org.apa.kaf.cli.pro.int.TransactionManager] (kafka-producer-network-thread | Producer-topic-de585925_a59a_4d73_ae7d_17b6f063df62) [Producer clientId=Producer-topic-de585925_a59a_4d73_ae7d_17b6f063df62] ProducerId set to 44 with epoch 0
2025-10-08 17:47:12,458 INFO  [org.apa.kaf.cli.con.ConsumerConfig] (main) These configurations '[schema.registry.url]' were supplied but are not used yet.
2025-10-08 17:47:12,458 INFO  [org.apa.kaf.com.uti.AppInfoParser] (main) Kafka version: 3.9.1
2025-10-08 17:47:12,458 INFO  [org.apa.kaf.com.uti.AppInfoParser] (main) Kafka commitId: f745dfdcee2b9851
2025-10-08 17:47:12,458 INFO  [org.apa.kaf.com.uti.AppInfoParser] (main) Kafka startTimeMs: 1759945632458
2025-10-08 17:47:12,459 INFO  [io.api.tes.ser.api.KafkaSerdesTester] (ForkJoinPool.commonPool-worker-1) Sending message {"key1": "value-0"} to topic topic-de585925_a59a_4d73_ae7d_17b6f063df62
2025-10-08 17:47:12,546 INFO  [io.api.tes.ser.api.KafkaSerdesTester] (ForkJoinPool.commonPool-worker-1) Sending message {"key1": "value-1"} to topic topic-de585925_a59a_4d73_ae7d_17b6f063df62
2025-10-08 17:47:12,547 INFO  [io.api.tes.ser.api.KafkaSerdesTester] (ForkJoinPool.commonPool-worker-1) Sending message {"key1": "value-2"} to topic topic-de585925_a59a_4d73_ae7d_17b6f063df62
2025-10-08 17:47:12,548 INFO  [io.api.tes.ser.api.KafkaSerdesTester] (ForkJoinPool.commonPool-worker-1) Sending message {"key1": "value-3"} to topic topic-de585925_a59a_4d73_ae7d_17b6f063df62
2025-10-08 17:47:12,549 INFO  [io.api.tes.ser.api.KafkaSerdesTester] (ForkJoinPool.commonPool-worker-1) Sending message {"key1": "value-4"} to topic topic-de585925_a59a_4d73_ae7d_17b6f063df62
2025-10-08 17:47:12,550 INFO  [io.api.tes.ser.api.KafkaSerdesTester] (ForkJoinPool.commonPool-worker-1) Sending message {"key1": "value-5"} to topic topic-de585925_a59a_4d73_ae7d_17b6f063df62
2025-10-08 17:47:12,551 INFO  [io.api.tes.ser.api.KafkaSerdesTester] (ForkJoinPool.commonPool-worker-1) Sending message {"key1": "value-6"} to topic topic-de585925_a59a_4d73_ae7d_17b6f063df62
2025-10-08 17:47:12,552 INFO  [io.api.tes.ser.api.KafkaSerdesTester] (ForkJoinPool.commonPool-worker-1) Sending message {"key1": "value-7"} to topic topic-de585925_a59a_4d73_ae7d_17b6f063df62
2025-10-08 17:47:12,552 INFO  [io.api.tes.ser.api.KafkaSerdesTester] (ForkJoinPool.commonPool-worker-1) Sending message {"key1": "value-8"} to topic topic-de585925_a59a_4d73_ae7d_17b6f063df62
2025-10-08 17:47:12,553 INFO  [io.api.tes.ser.api.KafkaSerdesTester] (ForkJoinPool.commonPool-worker-1) Sending message {"key1": "value-9"} to topic topic-de585925_a59a_4d73_ae7d_17b6f063df62
2025-10-08 17:47:12,554 INFO  [io.api.tes.ser.api.KafkaSerdesTester] (ForkJoinPool.commonPool-worker-1) Produced 10 messages
2025-10-08 17:47:12,554 INFO  [org.apa.kaf.cli.pro.KafkaProducer] (ForkJoinPool.commonPool-worker-1) [Producer clientId=Producer-topic-de585925_a59a_4d73_ae7d_17b6f063df62] Closing the Kafka producer with timeoutMillis = 9223372036854775807 ms.
2025-10-08 17:47:12,555 INFO  [org.apa.kaf.com.met.Metrics] (ForkJoinPool.commonPool-worker-1) Metrics scheduler closed
2025-10-08 17:47:12,555 INFO  [org.apa.kaf.com.met.Metrics] (ForkJoinPool.commonPool-worker-1) Closing reporter org.apache.kafka.common.metrics.JmxReporter
2025-10-08 17:47:12,556 INFO  [org.apa.kaf.com.met.Metrics] (ForkJoinPool.commonPool-worker-1) Closing reporter org.apache.kafka.common.telemetry.internals.ClientTelemetryReporter
2025-10-08 17:47:12,556 INFO  [org.apa.kaf.com.met.Metrics] (ForkJoinPool.commonPool-worker-1) Metrics reporters closed
2025-10-08 17:47:12,556 INFO  [org.apa.kaf.com.uti.AppInfoParser] (ForkJoinPool.commonPool-worker-1) App info kafka.producer for Producer-topic-de585925_a59a_4d73_ae7d_17b6f063df62 unregistered
2025-10-08 17:47:12,556 INFO  [org.apa.kaf.cli.con.int.ClassicKafkaConsumer] (ForkJoinPool.commonPool-worker-1) [Consumer clientId=consumer-Consumer-topic-de585925_a59a_4d73_ae7d_17b6f063df62-34, groupId=Consumer-topic-de585925_a59a_4d73_ae7d_17b6f063df62] Subscribed to topic(s): topic-de585925_a59a_4d73_ae7d_17b6f063df62
2025-10-08 17:47:12,559 INFO  [org.apa.kaf.cli.Metadata] (ForkJoinPool.commonPool-worker-1) [Consumer clientId=consumer-Consumer-topic-de585925_a59a_4d73_ae7d_17b6f063df62-34, groupId=Consumer-topic-de585925_a59a_4d73_ae7d_17b6f063df62] Cluster ID: Sx1FHBeCRF2NRCdgDzlw-Q
2025-10-08 17:47:12,559 INFO  [org.apa.kaf.cli.con.int.ConsumerCoordinator] (ForkJoinPool.commonPool-worker-1) [Consumer clientId=consumer-Consumer-topic-de585925_a59a_4d73_ae7d_17b6f063df62-34, groupId=Consumer-topic-de585925_a59a_4d73_ae7d_17b6f063df62] Discovered group coordinator localhost:32769 (id: 2147483647 rack: null)
2025-10-08 17:47:12,560 INFO  [org.apa.kaf.cli.con.int.ConsumerCoordinator] (ForkJoinPool.commonPool-worker-1) [Consumer clientId=consumer-Consumer-topic-de585925_a59a_4d73_ae7d_17b6f063df62-34, groupId=Consumer-topic-de585925_a59a_4d73_ae7d_17b6f063df62] (Re-)joining group
2025-10-08 17:47:12,562 INFO  [org.apa.kaf.cli.con.int.ConsumerCoordinator] (ForkJoinPool.commonPool-worker-1) [Consumer clientId=consumer-Consumer-topic-de585925_a59a_4d73_ae7d_17b6f063df62-34, groupId=Consumer-topic-de585925_a59a_4d73_ae7d_17b6f063df62] Request joining group due to: need to re-join with the given member-id: consumer-Consumer-topic-de585925_a59a_4d73_ae7d_17b6f063df62-34-333dcf1e-29d7-4b42-bcbb-05d63363abfd
2025-10-08 17:47:12,562 INFO  [org.apa.kaf.cli.con.int.ConsumerCoordinator] (ForkJoinPool.commonPool-worker-1) [Consumer clientId=consumer-Consumer-topic-de585925_a59a_4d73_ae7d_17b6f063df62-34, groupId=Consumer-topic-de585925_a59a_4d73_ae7d_17b6f063df62] (Re-)joining group
2025-10-08 17:47:13,556 INFO  [io.api.tes.ser.api.KafkaSerdesTester] (ForkJoinPool.commonPool-worker-1) None found
2025-10-08 17:47:14,556 INFO  [io.api.tes.ser.api.KafkaSerdesTester] (ForkJoinPool.commonPool-worker-1) None found
2025-10-08 17:47:15,556 INFO  [io.api.tes.ser.api.KafkaSerdesTester] (ForkJoinPool.commonPool-worker-1) None found
2025-10-08 17:47:15,564 INFO  [org.apa.kaf.cli.con.int.ConsumerCoordinator] (ForkJoinPool.commonPool-worker-1) [Consumer clientId=consumer-Consumer-topic-de585925_a59a_4d73_ae7d_17b6f063df62-34, groupId=Consumer-topic-de585925_a59a_4d73_ae7d_17b6f063df62] Successfully joined group with generation Generation{generationId=1, memberId='consumer-Consumer-topic-de585925_a59a_4d73_ae7d_17b6f063df62-34-333dcf1e-29d7-4b42-bcbb-05d63363abfd', protocol='range'}
2025-10-08 17:47:15,564 INFO  [org.apa.kaf.cli.con.int.ConsumerCoordinator] (ForkJoinPool.commonPool-worker-1) [Consumer clientId=consumer-Consumer-topic-de585925_a59a_4d73_ae7d_17b6f063df62-34, groupId=Consumer-topic-de585925_a59a_4d73_ae7d_17b6f063df62] Finished assignment for group at generation 1: {consumer-Consumer-topic-de585925_a59a_4d73_ae7d_17b6f063df62-34-333dcf1e-29d7-4b42-bcbb-05d63363abfd=Assignment(partitions=[topic-de585925_a59a_4d73_ae7d_17b6f063df62-0])}
2025-10-08 17:47:15,570 INFO  [org.apa.kaf.cli.con.int.ConsumerCoordinator] (ForkJoinPool.commonPool-worker-1) [Consumer clientId=consumer-Consumer-topic-de585925_a59a_4d73_ae7d_17b6f063df62-34, groupId=Consumer-topic-de585925_a59a_4d73_ae7d_17b6f063df62] Successfully synced group in generation Generation{generationId=1, memberId='consumer-Consumer-topic-de585925_a59a_4d73_ae7d_17b6f063df62-34-333dcf1e-29d7-4b42-bcbb-05d63363abfd', protocol='range'}
2025-10-08 17:47:15,571 INFO  [org.apa.kaf.cli.con.int.ConsumerCoordinator] (ForkJoinPool.commonPool-worker-1) [Consumer clientId=consumer-Consumer-topic-de585925_a59a_4d73_ae7d_17b6f063df62-34, groupId=Consumer-topic-de585925_a59a_4d73_ae7d_17b6f063df62] Notifying assignor about the new Assignment(partitions=[topic-de585925_a59a_4d73_ae7d_17b6f063df62-0])
2025-10-08 17:47:15,571 INFO  [org.apa.kaf.cli.con.int.ConsumerRebalanceListenerInvoker] (ForkJoinPool.commonPool-worker-1) [Consumer clientId=consumer-Consumer-topic-de585925_a59a_4d73_ae7d_17b6f063df62-34, groupId=Consumer-topic-de585925_a59a_4d73_ae7d_17b6f063df62] Adding newly assigned partitions: topic-de585925_a59a_4d73_ae7d_17b6f063df62-0
2025-10-08 17:47:15,571 INFO  [org.apa.kaf.cli.con.int.ConsumerCoordinator] (ForkJoinPool.commonPool-worker-1) [Consumer clientId=consumer-Consumer-topic-de585925_a59a_4d73_ae7d_17b6f063df62-34, groupId=Consumer-topic-de585925_a59a_4d73_ae7d_17b6f063df62] Found no committed offset for partition topic-de585925_a59a_4d73_ae7d_17b6f063df62-0
2025-10-08 17:47:15,574 INFO  [org.apa.kaf.cli.con.int.SubscriptionState] (ForkJoinPool.commonPool-worker-1) [Consumer clientId=consumer-Consumer-topic-de585925_a59a_4d73_ae7d_17b6f063df62-34, groupId=Consumer-topic-de585925_a59a_4d73_ae7d_17b6f063df62] Resetting offset for partition topic-de585925_a59a_4d73_ae7d_17b6f063df62-0 to position FetchPosition{offset=0, offsetEpoch=Optional.empty, currentLeader=LeaderAndEpoch{leader=Optional[localhost:32769 (id: 0 rack: null)], epoch=0}}.
2025-10-08 17:47:15,649 INFO  [io.api.tes.ser.api.KafkaSerdesTester] (ForkJoinPool.commonPool-worker-1) topic-de585925_a59a_4d73_ae7d_17b6f063df62 0 0 {"key1": "value-0"}
2025-10-08 17:47:15,649 INFO  [io.api.tes.ser.api.KafkaSerdesTester] (ForkJoinPool.commonPool-worker-1) topic-de585925_a59a_4d73_ae7d_17b6f063df62 0 1 {"key1": "value-1"}
2025-10-08 17:47:15,649 INFO  [io.api.tes.ser.api.KafkaSerdesTester] (ForkJoinPool.commonPool-worker-1) topic-de585925_a59a_4d73_ae7d_17b6f063df62 0 2 {"key1": "value-2"}
2025-10-08 17:47:15,649 INFO  [io.api.tes.ser.api.KafkaSerdesTester] (ForkJoinPool.commonPool-worker-1) topic-de585925_a59a_4d73_ae7d_17b6f063df62 0 3 {"key1": "value-3"}
2025-10-08 17:47:15,649 INFO  [io.api.tes.ser.api.KafkaSerdesTester] (ForkJoinPool.commonPool-worker-1) topic-de585925_a59a_4d73_ae7d_17b6f063df62 0 4 {"key1": "value-4"}
2025-10-08 17:47:15,649 INFO  [io.api.tes.ser.api.KafkaSerdesTester] (ForkJoinPool.commonPool-worker-1) topic-de585925_a59a_4d73_ae7d_17b6f063df62 0 5 {"key1": "value-5"}
2025-10-08 17:47:15,649 INFO  [io.api.tes.ser.api.KafkaSerdesTester] (ForkJoinPool.commonPool-worker-1) topic-de585925_a59a_4d73_ae7d_17b6f063df62 0 6 {"key1": "value-6"}
2025-10-08 17:47:15,649 INFO  [io.api.tes.ser.api.KafkaSerdesTester] (ForkJoinPool.commonPool-worker-1) topic-de585925_a59a_4d73_ae7d_17b6f063df62 0 7 {"key1": "value-7"}
2025-10-08 17:47:15,649 INFO  [io.api.tes.ser.api.KafkaSerdesTester] (ForkJoinPool.commonPool-worker-1) topic-de585925_a59a_4d73_ae7d_17b6f063df62 0 8 {"key1": "value-8"}
2025-10-08 17:47:15,649 INFO  [io.api.tes.ser.api.KafkaSerdesTester] (ForkJoinPool.commonPool-worker-1) topic-de585925_a59a_4d73_ae7d_17b6f063df62 0 9 {"key1": "value-9"}
2025-10-08 17:47:15,649 INFO  [io.api.tes.ser.api.KafkaSerdesTester] (ForkJoinPool.commonPool-worker-1) Consumed 10 messages
2025-10-08 17:47:15,656 INFO  [org.apa.kaf.cli.con.int.ConsumerRebalanceListenerInvoker] (ForkJoinPool.commonPool-worker-1) [Consumer clientId=consumer-Consumer-topic-de585925_a59a_4d73_ae7d_17b6f063df62-34, groupId=Consumer-topic-de585925_a59a_4d73_ae7d_17b6f063df62] Revoke previously assigned partitions topic-de585925_a59a_4d73_ae7d_17b6f063df62-0
2025-10-08 17:47:15,656 INFO  [org.apa.kaf.cli.con.int.ConsumerCoordinator] (ForkJoinPool.commonPool-worker-1) [Consumer clientId=consumer-Consumer-topic-de585925_a59a_4d73_ae7d_17b6f063df62-34, groupId=Consumer-topic-de585925_a59a_4d73_ae7d_17b6f063df62] Member consumer-Consumer-topic-de585925_a59a_4d73_ae7d_17b6f063df62-34-333dcf1e-29d7-4b42-bcbb-05d63363abfd sending LeaveGroup request to coordinator localhost:32769 (id: 2147483647 rack: null) due to the consumer is being closed
2025-10-08 17:47:15,656 INFO  [org.apa.kaf.cli.con.int.ConsumerCoordinator] (ForkJoinPool.commonPool-worker-1) [Consumer clientId=consumer-Consumer-topic-de585925_a59a_4d73_ae7d_17b6f063df62-34, groupId=Consumer-topic-de585925_a59a_4d73_ae7d_17b6f063df62] Resetting generation and member id due to: consumer pro-actively leaving the group
2025-10-08 17:47:15,656 INFO  [org.apa.kaf.cli.con.int.ConsumerCoordinator] (ForkJoinPool.commonPool-worker-1) [Consumer clientId=consumer-Consumer-topic-de585925_a59a_4d73_ae7d_17b6f063df62-34, groupId=Consumer-topic-de585925_a59a_4d73_ae7d_17b6f063df62] Request joining group due to: consumer pro-actively leaving the group
2025-10-08 17:47:16,151 INFO  [org.apa.kaf.com.met.Metrics] (ForkJoinPool.commonPool-worker-1) Metrics scheduler closed
2025-10-08 17:47:16,151 INFO  [org.apa.kaf.com.met.Metrics] (ForkJoinPool.commonPool-worker-1) Closing reporter org.apache.kafka.common.metrics.JmxReporter
2025-10-08 17:47:16,151 INFO  [org.apa.kaf.com.met.Metrics] (ForkJoinPool.commonPool-worker-1) Closing reporter org.apache.kafka.common.telemetry.internals.ClientTelemetryReporter
2025-10-08 17:47:16,151 INFO  [org.apa.kaf.com.met.Metrics] (ForkJoinPool.commonPool-worker-1) Metrics reporters closed
2025-10-08 17:47:16,153 INFO  [org.apa.kaf.com.uti.AppInfoParser] (ForkJoinPool.commonPool-worker-1) App info kafka.consumer for consumer-Consumer-topic-de585925_a59a_4d73_ae7d_17b6f063df62-34 unregistered
**** Registry Base URL: http://registry-app-inmemory.apps.ci419.apicurio-testing.org:80
2025-10-08 17:47:17,305 INFO  [org.apa.kaf.cli.pro.ProducerConfig] (main) ProducerConfig values: 
	acks = -1
	auto.include.jmx.reporter = true
	batch.size = 16384
	bootstrap.servers = [PLAINTEXT://localhost:32769]
	buffer.memory = 33554432
	client.dns.lookup = use_all_dns_ips
	client.id = Producer-topic-de585925_a59a_4d73_ae7d_17b6f063df62
	compression.gzip.level = -1
	compression.lz4.level = 9
	compression.type = none
	compression.zstd.level = 3
	connections.max.idle.ms = 10000
	delivery.timeout.ms = 120000
	enable.idempotence = true
	enable.metrics.push = true
	interceptor.classes = []
	key.serializer = class org.apache.kafka.common.serialization.StringSerializer
	linger.ms = 0
	max.block.ms = 60000
	max.in.flight.requests.per.connection = 5
	max.request.size = 1048576
	metadata.max.age.ms = 300000
	metadata.max.idle.ms = 300000
	metadata.recovery.strategy = none
	metric.reporters = []
	metrics.num.samples = 2
	metrics.recording.level = INFO
	metrics.sample.window.ms = 30000
	partitioner.adaptive.partitioning.enable = true
	partitioner.availability.timeout.ms = 0
	partitioner.class = null
	partitioner.ignore.keys = false
	receive.buffer.bytes = 32768
	reconnect.backoff.max.ms = 1000
	reconnect.backoff.ms = 50
	request.timeout.ms = 5000
	retries = 2147483647
	retry.backoff.max.ms = 1000
	retry.backoff.ms = 100
	sasl.client.callback.handler.class = null
	sasl.jaas.config = null
	sasl.kerberos.kinit.cmd = /usr/bin/kinit
	sasl.kerberos.min.time.before.relogin = 60000
	sasl.kerberos.service.name = null
	sasl.kerberos.ticket.renew.jitter = 0.05
	sasl.kerberos.ticket.renew.window.factor = 0.8
	sasl.login.callback.handler.class = null
	sasl.login.class = null
	sasl.login.connect.timeout.ms = null
	sasl.login.read.timeout.ms = null
	sasl.login.refresh.buffer.seconds = 300
	sasl.login.refresh.min.period.seconds = 60
	sasl.login.refresh.window.factor = 0.8
	sasl.login.refresh.window.jitter = 0.05
	sasl.login.retry.backoff.max.ms = 10000
	sasl.login.retry.backoff.ms = 100
	sasl.mechanism = GSSAPI
	sasl.oauthbearer.clock.skew.seconds = 30
	sasl.oauthbearer.expected.audience = null
	sasl.oauthbearer.expected.issuer = null
	sasl.oauthbearer.header.urlencode = false
	sasl.oauthbearer.jwks.endpoint.refresh.ms = 3600000
	sasl.oauthbearer.jwks.endpoint.retry.backoff.max.ms = 10000
	sasl.oauthbearer.jwks.endpoint.retry.backoff.ms = 100
	sasl.oauthbearer.jwks.endpoint.url = null
	sasl.oauthbearer.scope.claim.name = scope
	sasl.oauthbearer.sub.claim.name = sub
	sasl.oauthbearer.token.endpoint.url = null
	security.protocol = PLAINTEXT
	security.providers = null
	send.buffer.bytes = 131072
	socket.connection.setup.timeout.max.ms = 30000
	socket.connection.setup.timeout.ms = 10000
	ssl.cipher.suites = null
	ssl.enabled.protocols = [TLSv1.2, TLSv1.3]
	ssl.endpoint.identification.algorithm = https
	ssl.engine.factory.class = null
	ssl.key.password = null
	ssl.keymanager.algorithm = SunX509
	ssl.keystore.certificate.chain = null
	ssl.keystore.key = null
	ssl.keystore.location = null
	ssl.keystore.password = null
	ssl.keystore.type = JKS
	ssl.protocol = TLSv1.3
	ssl.provider = null
	ssl.secure.random.implementation = null
	ssl.trustmanager.algorithm = PKIX
	ssl.truststore.certificates = null
	ssl.truststore.location = null
	ssl.truststore.password = null
	ssl.truststore.type = JKS
	transaction.timeout.ms = 60000
	transactional.id = null
	value.serializer = class io.confluent.kafka.serializers.KafkaAvroSerializer

2025-10-08 17:47:17,306 INFO  [org.apa.kaf.com.tel.int.KafkaMetricsCollector] (main) initializing Kafka metrics collector
2025-10-08 17:47:17,306 INFO  [io.con.kaf.ser.KafkaAvroSerializerConfig] (main) KafkaAvroSerializerConfig values: 
	auto.register.schemas = false
	avro.reflection.allow.null = false
	avro.remove.java.properties = false
	avro.use.logical.type.converters = false
	basic.auth.credentials.source = URL
	basic.auth.user.info = [hidden]
	bearer.auth.cache.expiry.buffer.seconds = 300
	bearer.auth.client.id = null
	bearer.auth.client.secret = null
	bearer.auth.credentials.source = STATIC_TOKEN
	bearer.auth.custom.provider.class = null
	bearer.auth.identity.pool.id = null
	bearer.auth.issuer.endpoint.url = null
	bearer.auth.logical.cluster = null
	bearer.auth.scope = null
	bearer.auth.scope.claim.name = scope
	bearer.auth.sub.claim.name = sub
	bearer.auth.token = [hidden]
	context.name.strategy = class io.confluent.kafka.serializers.context.NullContextNameStrategy
	http.connect.timeout.ms = 60000
	http.read.timeout.ms = 60000
	id.compatibility.strict = true
	key.schema.id.deserializer = class io.confluent.kafka.serializers.schema.id.DualSchemaIdDeserializer
	key.schema.id.serializer = class io.confluent.kafka.serializers.schema.id.PrefixSchemaIdSerializer
	key.subject.name.strategy = class io.confluent.kafka.serializers.subject.TopicNameStrategy
	latest.cache.size = 1000
	latest.cache.ttl.sec = -1
	latest.compatibility.strict = true
	max.retries = 3
	max.schemas.per.subject = 1000
	normalize.schemas = false
	propagate.schema.tags = false
	proxy.host = 
	proxy.port = -1
	retries.max.wait.ms = 20000
	retries.wait.ms = 1000
	rule.actions = []
	rule.executors = []
	rule.service.loader.enable = true
	schema.format = null
	schema.reflection = false
	schema.registry.basic.auth.user.info = [hidden]
	schema.registry.ssl.cipher.suites = null
	schema.registry.ssl.enabled.protocols = [TLSv1.2, TLSv1.3]
	schema.registry.ssl.endpoint.identification.algorithm = https
	schema.registry.ssl.engine.factory.class = null
	schema.registry.ssl.key.password = null
	schema.registry.ssl.keymanager.algorithm = SunX509
	schema.registry.ssl.keystore.certificate.chain = null
	schema.registry.ssl.keystore.key = null
	schema.registry.ssl.keystore.location = null
	schema.registry.ssl.keystore.password = null
	schema.registry.ssl.keystore.type = JKS
	schema.registry.ssl.protocol = TLSv1.3
	schema.registry.ssl.provider = null
	schema.registry.ssl.secure.random.implementation = null
	schema.registry.ssl.trustmanager.algorithm = PKIX
	schema.registry.ssl.truststore.certificates = null
	schema.registry.ssl.truststore.location = null
	schema.registry.ssl.truststore.password = null
	schema.registry.ssl.truststore.type = JKS
	schema.registry.url = [http://registry-app-inmemory.apps.ci419.apicurio-testing.org:80/apis/ccompat/v7]
	schema.registry.url.randomize = false
	use.latest.version = false
	use.latest.with.metadata = null
	use.schema.id = -1
	value.schema.id.deserializer = class io.confluent.kafka.serializers.schema.id.DualSchemaIdDeserializer
	value.schema.id.serializer = class io.confluent.kafka.serializers.schema.id.PrefixSchemaIdSerializer
	value.subject.name.strategy = class io.confluent.kafka.serializers.subject.TopicRecordNameStrategy

2025-10-08 17:47:17,308 INFO  [org.apa.kaf.cli.pro.KafkaProducer] (main) [Producer clientId=Producer-topic-de585925_a59a_4d73_ae7d_17b6f063df62] Instantiated an idempotent producer.
2025-10-08 17:47:17,309 INFO  [org.apa.kaf.cli.pro.ProducerConfig] (main) These configurations '[schema.registry.url, auto.register.schemas, value.subject.name.strategy]' were supplied but are not used yet.
2025-10-08 17:47:17,309 INFO  [org.apa.kaf.com.uti.AppInfoParser] (main) Kafka version: 3.9.1
2025-10-08 17:47:17,309 INFO  [org.apa.kaf.com.uti.AppInfoParser] (main) Kafka commitId: f745dfdcee2b9851
2025-10-08 17:47:17,309 INFO  [org.apa.kaf.com.uti.AppInfoParser] (main) Kafka startTimeMs: 1759945637309
2025-10-08 17:47:17,309 INFO  [io.api.tes.ser.api.KafkaSerdesTester] (ForkJoinPool.commonPool-worker-1) Sending message {"key1": "value-0", "key2": "value-0"} to topic topic-de585925_a59a_4d73_ae7d_17b6f063df62
2025-10-08 17:47:17,311 INFO  [org.apa.kaf.cli.Metadata] (kafka-producer-network-thread | Producer-topic-de585925_a59a_4d73_ae7d_17b6f063df62) [Producer clientId=Producer-topic-de585925_a59a_4d73_ae7d_17b6f063df62] Cluster ID: Sx1FHBeCRF2NRCdgDzlw-Q
2025-10-08 17:47:17,312 INFO  [org.apa.kaf.cli.pro.int.TransactionManager] (kafka-producer-network-thread | Producer-topic-de585925_a59a_4d73_ae7d_17b6f063df62) [Producer clientId=Producer-topic-de585925_a59a_4d73_ae7d_17b6f063df62] ProducerId set to 45 with epoch 0
2025-10-08 17:47:17,385 INFO  [io.api.tes.ser.api.KafkaSerdesTester] (ForkJoinPool.commonPool-worker-1) Sending message {"key1": "value-1", "key2": "value-1"} to topic topic-de585925_a59a_4d73_ae7d_17b6f063df62
2025-10-08 17:47:17,386 INFO  [io.api.tes.ser.api.KafkaSerdesTester] (ForkJoinPool.commonPool-worker-1) Sending message {"key1": "value-2", "key2": "value-2"} to topic topic-de585925_a59a_4d73_ae7d_17b6f063df62
2025-10-08 17:47:17,387 INFO  [io.api.tes.ser.api.KafkaSerdesTester] (ForkJoinPool.commonPool-worker-1) Sending message {"key1": "value-3", "key2": "value-3"} to topic topic-de585925_a59a_4d73_ae7d_17b6f063df62
2025-10-08 17:47:17,388 INFO  [io.api.tes.ser.api.KafkaSerdesTester] (ForkJoinPool.commonPool-worker-1) Sending message {"key1": "value-4", "key2": "value-4"} to topic topic-de585925_a59a_4d73_ae7d_17b6f063df62
2025-10-08 17:47:17,389 INFO  [io.api.tes.ser.api.KafkaSerdesTester] (ForkJoinPool.commonPool-worker-1) Sending message {"key1": "value-5", "key2": "value-5"} to topic topic-de585925_a59a_4d73_ae7d_17b6f063df62
2025-10-08 17:47:17,390 INFO  [io.api.tes.ser.api.KafkaSerdesTester] (ForkJoinPool.commonPool-worker-1) Sending message {"key1": "value-6", "key2": "value-6"} to topic topic-de585925_a59a_4d73_ae7d_17b6f063df62
2025-10-08 17:47:17,390 INFO  [io.api.tes.ser.api.KafkaSerdesTester] (ForkJoinPool.commonPool-worker-1) Sending message {"key1": "value-7", "key2": "value-7"} to topic topic-de585925_a59a_4d73_ae7d_17b6f063df62
2025-10-08 17:47:17,391 INFO  [io.api.tes.ser.api.KafkaSerdesTester] (ForkJoinPool.commonPool-worker-1) Sending message {"key1": "value-8", "key2": "value-8"} to topic topic-de585925_a59a_4d73_ae7d_17b6f063df62
2025-10-08 17:47:17,392 INFO  [io.api.tes.ser.api.KafkaSerdesTester] (ForkJoinPool.commonPool-worker-1) Sending message {"key1": "value-9", "key2": "value-9"} to topic topic-de585925_a59a_4d73_ae7d_17b6f063df62
2025-10-08 17:47:17,393 INFO  [io.api.tes.ser.api.KafkaSerdesTester] (ForkJoinPool.commonPool-worker-1) Produced 10 messages
2025-10-08 17:47:17,394 INFO  [org.apa.kaf.cli.pro.KafkaProducer] (ForkJoinPool.commonPool-worker-1) [Producer clientId=Producer-topic-de585925_a59a_4d73_ae7d_17b6f063df62] Closing the Kafka producer with timeoutMillis = 9223372036854775807 ms.
2025-10-08 17:47:17,395 INFO  [org.apa.kaf.com.met.Metrics] (ForkJoinPool.commonPool-worker-1) Metrics scheduler closed
2025-10-08 17:47:17,395 INFO  [org.apa.kaf.com.met.Metrics] (ForkJoinPool.commonPool-worker-1) Closing reporter org.apache.kafka.common.metrics.JmxReporter
2025-10-08 17:47:17,395 INFO  [org.apa.kaf.com.met.Metrics] (ForkJoinPool.commonPool-worker-1) Closing reporter org.apache.kafka.common.telemetry.internals.ClientTelemetryReporter
2025-10-08 17:47:17,395 INFO  [org.apa.kaf.com.met.Metrics] (ForkJoinPool.commonPool-worker-1) Metrics reporters closed
2025-10-08 17:47:17,395 INFO  [org.apa.kaf.com.uti.AppInfoParser] (ForkJoinPool.commonPool-worker-1) App info kafka.producer for Producer-topic-de585925_a59a_4d73_ae7d_17b6f063df62 unregistered
**** Registry Base URL: http://registry-app-inmemory.apps.ci419.apicurio-testing.org:80
2025-10-08 17:47:17,396 INFO  [org.apa.kaf.cli.pro.ProducerConfig] (main) ProducerConfig values: 
	acks = -1
	auto.include.jmx.reporter = true
	batch.size = 16384
	bootstrap.servers = [PLAINTEXT://localhost:32769]
	buffer.memory = 33554432
	client.dns.lookup = use_all_dns_ips
	client.id = Producer-topic-de585925_a59a_4d73_ae7d_17b6f063df62
	compression.gzip.level = -1
	compression.lz4.level = 9
	compression.type = none
	compression.zstd.level = 3
	connections.max.idle.ms = 10000
	delivery.timeout.ms = 120000
	enable.idempotence = true
	enable.metrics.push = true
	interceptor.classes = []
	key.serializer = class org.apache.kafka.common.serialization.StringSerializer
	linger.ms = 0
	max.block.ms = 60000
	max.in.flight.requests.per.connection = 5
	max.request.size = 1048576
	metadata.max.age.ms = 300000
	metadata.max.idle.ms = 300000
	metadata.recovery.strategy = none
	metric.reporters = []
	metrics.num.samples = 2
	metrics.recording.level = INFO
	metrics.sample.window.ms = 30000
	partitioner.adaptive.partitioning.enable = true
	partitioner.availability.timeout.ms = 0
	partitioner.class = null
	partitioner.ignore.keys = false
	receive.buffer.bytes = 32768
	reconnect.backoff.max.ms = 1000
	reconnect.backoff.ms = 50
	request.timeout.ms = 5000
	retries = 2147483647
	retry.backoff.max.ms = 1000
	retry.backoff.ms = 100
	sasl.client.callback.handler.class = null
	sasl.jaas.config = null
	sasl.kerberos.kinit.cmd = /usr/bin/kinit
	sasl.kerberos.min.time.before.relogin = 60000
	sasl.kerberos.service.name = null
	sasl.kerberos.ticket.renew.jitter = 0.05
	sasl.kerberos.ticket.renew.window.factor = 0.8
	sasl.login.callback.handler.class = null
	sasl.login.class = null
	sasl.login.connect.timeout.ms = null
	sasl.login.read.timeout.ms = null
	sasl.login.refresh.buffer.seconds = 300
	sasl.login.refresh.min.period.seconds = 60
	sasl.login.refresh.window.factor = 0.8
	sasl.login.refresh.window.jitter = 0.05
	sasl.login.retry.backoff.max.ms = 10000
	sasl.login.retry.backoff.ms = 100
	sasl.mechanism = GSSAPI
	sasl.oauthbearer.clock.skew.seconds = 30
	sasl.oauthbearer.expected.audience = null
	sasl.oauthbearer.expected.issuer = null
	sasl.oauthbearer.header.urlencode = false
	sasl.oauthbearer.jwks.endpoint.refresh.ms = 3600000
	sasl.oauthbearer.jwks.endpoint.retry.backoff.max.ms = 10000
	sasl.oauthbearer.jwks.endpoint.retry.backoff.ms = 100
	sasl.oauthbearer.jwks.endpoint.url = null
	sasl.oauthbearer.scope.claim.name = scope
	sasl.oauthbearer.sub.claim.name = sub
	sasl.oauthbearer.token.endpoint.url = null
	security.protocol = PLAINTEXT
	security.providers = null
	send.buffer.bytes = 131072
	socket.connection.setup.timeout.max.ms = 30000
	socket.connection.setup.timeout.ms = 10000
	ssl.cipher.suites = null
	ssl.enabled.protocols = [TLSv1.2, TLSv1.3]
	ssl.endpoint.identification.algorithm = https
	ssl.engine.factory.class = null
	ssl.key.password = null
	ssl.keymanager.algorithm = SunX509
	ssl.keystore.certificate.chain = null
	ssl.keystore.key = null
	ssl.keystore.location = null
	ssl.keystore.password = null
	ssl.keystore.type = JKS
	ssl.protocol = TLSv1.3
	ssl.provider = null
	ssl.secure.random.implementation = null
	ssl.trustmanager.algorithm = PKIX
	ssl.truststore.certificates = null
	ssl.truststore.location = null
	ssl.truststore.password = null
	ssl.truststore.type = JKS
	transaction.timeout.ms = 60000
	transactional.id = null
	value.serializer = class io.confluent.kafka.serializers.KafkaAvroSerializer

2025-10-08 17:47:17,396 INFO  [org.apa.kaf.com.tel.int.KafkaMetricsCollector] (main) initializing Kafka metrics collector
2025-10-08 17:47:17,396 INFO  [io.con.kaf.ser.KafkaAvroSerializerConfig] (main) KafkaAvroSerializerConfig values: 
	auto.register.schemas = false
	avro.reflection.allow.null = false
	avro.remove.java.properties = false
	avro.use.logical.type.converters = false
	basic.auth.credentials.source = URL
	basic.auth.user.info = [hidden]
	bearer.auth.cache.expiry.buffer.seconds = 300
	bearer.auth.client.id = null
	bearer.auth.client.secret = null
	bearer.auth.credentials.source = STATIC_TOKEN
	bearer.auth.custom.provider.class = null
	bearer.auth.identity.pool.id = null
	bearer.auth.issuer.endpoint.url = null
	bearer.auth.logical.cluster = null
	bearer.auth.scope = null
	bearer.auth.scope.claim.name = scope
	bearer.auth.sub.claim.name = sub
	bearer.auth.token = [hidden]
	context.name.strategy = class io.confluent.kafka.serializers.context.NullContextNameStrategy
	http.connect.timeout.ms = 60000
	http.read.timeout.ms = 60000
	id.compatibility.strict = true
	key.schema.id.deserializer = class io.confluent.kafka.serializers.schema.id.DualSchemaIdDeserializer
	key.schema.id.serializer = class io.confluent.kafka.serializers.schema.id.PrefixSchemaIdSerializer
	key.subject.name.strategy = class io.confluent.kafka.serializers.subject.TopicNameStrategy
	latest.cache.size = 1000
	latest.cache.ttl.sec = -1
	latest.compatibility.strict = true
	max.retries = 3
	max.schemas.per.subject = 1000
	normalize.schemas = false
	propagate.schema.tags = false
	proxy.host = 
	proxy.port = -1
	retries.max.wait.ms = 20000
	retries.wait.ms = 1000
	rule.actions = []
	rule.executors = []
	rule.service.loader.enable = true
	schema.format = null
	schema.reflection = false
	schema.registry.basic.auth.user.info = [hidden]
	schema.registry.ssl.cipher.suites = null
	schema.registry.ssl.enabled.protocols = [TLSv1.2, TLSv1.3]
	schema.registry.ssl.endpoint.identification.algorithm = https
	schema.registry.ssl.engine.factory.class = null
	schema.registry.ssl.key.password = null
	schema.registry.ssl.keymanager.algorithm = SunX509
	schema.registry.ssl.keystore.certificate.chain = null
	schema.registry.ssl.keystore.key = null
	schema.registry.ssl.keystore.location = null
	schema.registry.ssl.keystore.password = null
	schema.registry.ssl.keystore.type = JKS
	schema.registry.ssl.protocol = TLSv1.3
	schema.registry.ssl.provider = null
	schema.registry.ssl.secure.random.implementation = null
	schema.registry.ssl.trustmanager.algorithm = PKIX
	schema.registry.ssl.truststore.certificates = null
	schema.registry.ssl.truststore.location = null
	schema.registry.ssl.truststore.password = null
	schema.registry.ssl.truststore.type = JKS
	schema.registry.url = [http://registry-app-inmemory.apps.ci419.apicurio-testing.org:80/apis/ccompat/v7]
	schema.registry.url.randomize = false
	use.latest.version = false
	use.latest.with.metadata = null
	use.schema.id = -1
	value.schema.id.deserializer = class io.confluent.kafka.serializers.schema.id.DualSchemaIdDeserializer
	value.schema.id.serializer = class io.confluent.kafka.serializers.schema.id.PrefixSchemaIdSerializer
	value.subject.name.strategy = class io.confluent.kafka.serializers.subject.TopicRecordNameStrategy

2025-10-08 17:47:17,397 INFO  [org.apa.kaf.cli.pro.KafkaProducer] (main) [Producer clientId=Producer-topic-de585925_a59a_4d73_ae7d_17b6f063df62] Instantiated an idempotent producer.
2025-10-08 17:47:17,398 INFO  [org.apa.kaf.cli.pro.ProducerConfig] (main) These configurations '[schema.registry.url, auto.register.schemas, value.subject.name.strategy]' were supplied but are not used yet.
2025-10-08 17:47:17,398 INFO  [org.apa.kaf.com.uti.AppInfoParser] (main) Kafka version: 3.9.1
2025-10-08 17:47:17,398 INFO  [org.apa.kaf.com.uti.AppInfoParser] (main) Kafka commitId: f745dfdcee2b9851
2025-10-08 17:47:17,398 INFO  [org.apa.kaf.com.uti.AppInfoParser] (main) Kafka startTimeMs: 1759945637398
2025-10-08 17:47:17,399 INFO  [io.api.tes.ser.api.KafkaSerdesTester] (ForkJoinPool.commonPool-worker-1) Sending message {"key1": "value-0"} to topic topic-de585925_a59a_4d73_ae7d_17b6f063df62
2025-10-08 17:47:17,401 INFO  [org.apa.kaf.cli.Metadata] (kafka-producer-network-thread | Producer-topic-de585925_a59a_4d73_ae7d_17b6f063df62) [Producer clientId=Producer-topic-de585925_a59a_4d73_ae7d_17b6f063df62] Cluster ID: Sx1FHBeCRF2NRCdgDzlw-Q
2025-10-08 17:47:17,401 INFO  [org.apa.kaf.cli.pro.int.TransactionManager] (kafka-producer-network-thread | Producer-topic-de585925_a59a_4d73_ae7d_17b6f063df62) [Producer clientId=Producer-topic-de585925_a59a_4d73_ae7d_17b6f063df62] ProducerId set to 46 with epoch 0
2025-10-08 17:47:17,473 INFO  [io.api.tes.ser.api.KafkaSerdesTester] (ForkJoinPool.commonPool-worker-1) Sending message {"key1": "value-1"} to topic topic-de585925_a59a_4d73_ae7d_17b6f063df62
2025-10-08 17:47:17,474 INFO  [io.api.tes.ser.api.KafkaSerdesTester] (ForkJoinPool.commonPool-worker-1) Sending message {"key1": "value-2"} to topic topic-de585925_a59a_4d73_ae7d_17b6f063df62
2025-10-08 17:47:17,475 INFO  [io.api.tes.ser.api.KafkaSerdesTester] (ForkJoinPool.commonPool-worker-1) Sending message {"key1": "value-3"} to topic topic-de585925_a59a_4d73_ae7d_17b6f063df62
2025-10-08 17:47:17,476 INFO  [io.api.tes.ser.api.KafkaSerdesTester] (ForkJoinPool.commonPool-worker-1) Sending message {"key1": "value-4"} to topic topic-de585925_a59a_4d73_ae7d_17b6f063df62
2025-10-08 17:47:17,477 INFO  [io.api.tes.ser.api.KafkaSerdesTester] (ForkJoinPool.commonPool-worker-1) Sending message {"key1": "value-5"} to topic topic-de585925_a59a_4d73_ae7d_17b6f063df62
2025-10-08 17:47:17,478 INFO  [io.api.tes.ser.api.KafkaSerdesTester] (ForkJoinPool.commonPool-worker-1) Sending message {"key1": "value-6"} to topic topic-de585925_a59a_4d73_ae7d_17b6f063df62
2025-10-08 17:47:17,479 INFO  [io.api.tes.ser.api.KafkaSerdesTester] (ForkJoinPool.commonPool-worker-1) Sending message {"key1": "value-7"} to topic topic-de585925_a59a_4d73_ae7d_17b6f063df62
2025-10-08 17:47:17,480 INFO  [io.api.tes.ser.api.KafkaSerdesTester] (ForkJoinPool.commonPool-worker-1) Sending message {"key1": "value-8"} to topic topic-de585925_a59a_4d73_ae7d_17b6f063df62
2025-10-08 17:47:17,481 INFO  [io.api.tes.ser.api.KafkaSerdesTester] (ForkJoinPool.commonPool-worker-1) Sending message {"key1": "value-9"} to topic topic-de585925_a59a_4d73_ae7d_17b6f063df62
2025-10-08 17:47:17,482 INFO  [io.api.tes.ser.api.KafkaSerdesTester] (ForkJoinPool.commonPool-worker-1) Produced 10 messages
2025-10-08 17:47:17,482 INFO  [org.apa.kaf.cli.pro.KafkaProducer] (ForkJoinPool.commonPool-worker-1) [Producer clientId=Producer-topic-de585925_a59a_4d73_ae7d_17b6f063df62] Closing the Kafka producer with timeoutMillis = 9223372036854775807 ms.
2025-10-08 17:47:17,484 INFO  [org.apa.kaf.com.met.Metrics] (ForkJoinPool.commonPool-worker-1) Metrics scheduler closed
2025-10-08 17:47:17,484 INFO  [org.apa.kaf.com.met.Metrics] (ForkJoinPool.commonPool-worker-1) Closing reporter org.apache.kafka.common.metrics.JmxReporter
2025-10-08 17:47:17,484 INFO  [org.apa.kaf.com.met.Metrics] (ForkJoinPool.commonPool-worker-1) Closing reporter org.apache.kafka.common.telemetry.internals.ClientTelemetryReporter
2025-10-08 17:47:17,484 INFO  [org.apa.kaf.com.met.Metrics] (ForkJoinPool.commonPool-worker-1) Metrics reporters closed
2025-10-08 17:47:17,484 INFO  [org.apa.kaf.com.uti.AppInfoParser] (ForkJoinPool.commonPool-worker-1) App info kafka.producer for Producer-topic-de585925_a59a_4d73_ae7d_17b6f063df62 unregistered
**** Registry Base URL: http://registry-app-inmemory.apps.ci419.apicurio-testing.org:80
2025-10-08 17:47:17,485 INFO  [org.apa.kaf.cli.con.ConsumerConfig] (main) ConsumerConfig values: 
	allow.auto.create.topics = true
	auto.commit.interval.ms = 500
	auto.include.jmx.reporter = true
	auto.offset.reset = earliest
	bootstrap.servers = [PLAINTEXT://localhost:32769]
	check.crcs = true
	client.dns.lookup = use_all_dns_ips
	client.id = consumer-Consumer-topic-de585925_a59a_4d73_ae7d_17b6f063df62-35
	client.rack = 
	connections.max.idle.ms = 10000
	default.api.timeout.ms = 60000
	enable.auto.commit = true
	enable.metrics.push = true
	exclude.internal.topics = true
	fetch.max.bytes = 52428800
	fetch.max.wait.ms = 500
	fetch.min.bytes = 1
	group.id = Consumer-topic-de585925_a59a_4d73_ae7d_17b6f063df62
	group.instance.id = null
	group.protocol = classic
	group.remote.assignor = null
	heartbeat.interval.ms = 3000
	interceptor.classes = []
	internal.leave.group.on.close = true
	internal.throw.on.fetch.stable.offset.unsupported = false
	isolation.level = read_uncommitted
	key.deserializer = class org.apache.kafka.common.serialization.StringDeserializer
	max.partition.fetch.bytes = 1048576
	max.poll.interval.ms = 300000
	max.poll.records = 500
	metadata.max.age.ms = 300000
	metadata.recovery.strategy = none
	metric.reporters = []
	metrics.num.samples = 2
	metrics.recording.level = INFO
	metrics.sample.window.ms = 30000
	partition.assignment.strategy = [class org.apache.kafka.clients.consumer.RangeAssignor, class org.apache.kafka.clients.consumer.CooperativeStickyAssignor]
	receive.buffer.bytes = 65536
	reconnect.backoff.max.ms = 1000
	reconnect.backoff.ms = 50
	request.timeout.ms = 5000
	retry.backoff.max.ms = 1000
	retry.backoff.ms = 100
	sasl.client.callback.handler.class = null
	sasl.jaas.config = null
	sasl.kerberos.kinit.cmd = /usr/bin/kinit
	sasl.kerberos.min.time.before.relogin = 60000
	sasl.kerberos.service.name = null
	sasl.kerberos.ticket.renew.jitter = 0.05
	sasl.kerberos.ticket.renew.window.factor = 0.8
	sasl.login.callback.handler.class = null
	sasl.login.class = null
	sasl.login.connect.timeout.ms = null
	sasl.login.read.timeout.ms = null
	sasl.login.refresh.buffer.seconds = 300
	sasl.login.refresh.min.period.seconds = 60
	sasl.login.refresh.window.factor = 0.8
	sasl.login.refresh.window.jitter = 0.05
	sasl.login.retry.backoff.max.ms = 10000
	sasl.login.retry.backoff.ms = 100
	sasl.mechanism = GSSAPI
	sasl.oauthbearer.clock.skew.seconds = 30
	sasl.oauthbearer.expected.audience = null
	sasl.oauthbearer.expected.issuer = null
	sasl.oauthbearer.header.urlencode = false
	sasl.oauthbearer.jwks.endpoint.refresh.ms = 3600000
	sasl.oauthbearer.jwks.endpoint.retry.backoff.max.ms = 10000
	sasl.oauthbearer.jwks.endpoint.retry.backoff.ms = 100
	sasl.oauthbearer.jwks.endpoint.url = null
	sasl.oauthbearer.scope.claim.name = scope
	sasl.oauthbearer.sub.claim.name = sub
	sasl.oauthbearer.token.endpoint.url = null
	security.protocol = PLAINTEXT
	security.providers = null
	send.buffer.bytes = 131072
	session.timeout.ms = 45000
	socket.connection.setup.timeout.max.ms = 30000
	socket.connection.setup.timeout.ms = 10000
	ssl.cipher.suites = null
	ssl.enabled.protocols = [TLSv1.2, TLSv1.3]
	ssl.endpoint.identification.algorithm = https
	ssl.engine.factory.class = null
	ssl.key.password = null
	ssl.keymanager.algorithm = SunX509
	ssl.keystore.certificate.chain = null
	ssl.keystore.key = null
	ssl.keystore.location = null
	ssl.keystore.password = null
	ssl.keystore.type = JKS
	ssl.protocol = TLSv1.3
	ssl.provider = null
	ssl.secure.random.implementation = null
	ssl.trustmanager.algorithm = PKIX
	ssl.truststore.certificates = null
	ssl.truststore.location = null
	ssl.truststore.password = null
	ssl.truststore.type = JKS
	value.deserializer = class io.confluent.kafka.serializers.KafkaAvroDeserializer

2025-10-08 17:47:17,485 INFO  [org.apa.kaf.com.tel.int.KafkaMetricsCollector] (main) initializing Kafka metrics collector
2025-10-08 17:47:17,485 INFO  [io.con.kaf.ser.KafkaAvroDeserializerConfig] (main) KafkaAvroDeserializerConfig values: 
	auto.register.schemas = true
	avro.reflection.allow.null = false
	avro.use.logical.type.converters = false
	basic.auth.credentials.source = URL
	basic.auth.user.info = [hidden]
	bearer.auth.cache.expiry.buffer.seconds = 300
	bearer.auth.client.id = null
	bearer.auth.client.secret = null
	bearer.auth.credentials.source = STATIC_TOKEN
	bearer.auth.custom.provider.class = null
	bearer.auth.identity.pool.id = null
	bearer.auth.issuer.endpoint.url = null
	bearer.auth.logical.cluster = null
	bearer.auth.scope = null
	bearer.auth.scope.claim.name = scope
	bearer.auth.sub.claim.name = sub
	bearer.auth.token = [hidden]
	context.name.strategy = class io.confluent.kafka.serializers.context.NullContextNameStrategy
	http.connect.timeout.ms = 60000
	http.read.timeout.ms = 60000
	id.compatibility.strict = true
	key.schema.id.deserializer = class io.confluent.kafka.serializers.schema.id.DualSchemaIdDeserializer
	key.schema.id.serializer = class io.confluent.kafka.serializers.schema.id.PrefixSchemaIdSerializer
	key.subject.name.strategy = class io.confluent.kafka.serializers.subject.TopicNameStrategy
	latest.cache.size = 1000
	latest.cache.ttl.sec = -1
	latest.compatibility.strict = true
	max.retries = 3
	max.schemas.per.subject = 1000
	normalize.schemas = false
	propagate.schema.tags = false
	proxy.host = 
	proxy.port = -1
	retries.max.wait.ms = 20000
	retries.wait.ms = 1000
	rule.actions = []
	rule.executors = []
	rule.service.loader.enable = true
	schema.format = null
	schema.reflection = false
	schema.registry.basic.auth.user.info = [hidden]
	schema.registry.ssl.cipher.suites = null
	schema.registry.ssl.enabled.protocols = [TLSv1.2, TLSv1.3]
	schema.registry.ssl.endpoint.identification.algorithm = https
	schema.registry.ssl.engine.factory.class = null
	schema.registry.ssl.key.password = null
	schema.registry.ssl.keymanager.algorithm = SunX509
	schema.registry.ssl.keystore.certificate.chain = null
	schema.registry.ssl.keystore.key = null
	schema.registry.ssl.keystore.location = null
	schema.registry.ssl.keystore.password = null
	schema.registry.ssl.keystore.type = JKS
	schema.registry.ssl.protocol = TLSv1.3
	schema.registry.ssl.provider = null
	schema.registry.ssl.secure.random.implementation = null
	schema.registry.ssl.trustmanager.algorithm = PKIX
	schema.registry.ssl.truststore.certificates = null
	schema.registry.ssl.truststore.location = null
	schema.registry.ssl.truststore.password = null
	schema.registry.ssl.truststore.type = JKS
	schema.registry.url = [http://registry-app-inmemory.apps.ci419.apicurio-testing.org:80/apis/ccompat/v7]
	schema.registry.url.randomize = false
	specific.avro.key.type = null
	specific.avro.reader = false
	specific.avro.value.type = null
	use.latest.version = false
	use.latest.with.metadata = null
	use.schema.id = -1
	value.schema.id.deserializer = class io.confluent.kafka.serializers.schema.id.DualSchemaIdDeserializer
	value.schema.id.serializer = class io.confluent.kafka.serializers.schema.id.PrefixSchemaIdSerializer
	value.subject.name.strategy = class io.confluent.kafka.serializers.subject.TopicNameStrategy

2025-10-08 17:47:17,489 INFO  [org.apa.kaf.cli.con.ConsumerConfig] (main) These configurations '[schema.registry.url]' were supplied but are not used yet.
2025-10-08 17:47:17,489 INFO  [org.apa.kaf.com.uti.AppInfoParser] (main) Kafka version: 3.9.1
2025-10-08 17:47:17,489 INFO  [org.apa.kaf.com.uti.AppInfoParser] (main) Kafka commitId: f745dfdcee2b9851
2025-10-08 17:47:17,489 INFO  [org.apa.kaf.com.uti.AppInfoParser] (main) Kafka startTimeMs: 1759945637489
2025-10-08 17:47:17,490 INFO  [org.apa.kaf.cli.con.int.ClassicKafkaConsumer] (ForkJoinPool.commonPool-worker-1) [Consumer clientId=consumer-Consumer-topic-de585925_a59a_4d73_ae7d_17b6f063df62-35, groupId=Consumer-topic-de585925_a59a_4d73_ae7d_17b6f063df62] Subscribed to topic(s): topic-de585925_a59a_4d73_ae7d_17b6f063df62
2025-10-08 17:47:17,492 INFO  [org.apa.kaf.cli.Metadata] (ForkJoinPool.commonPool-worker-1) [Consumer clientId=consumer-Consumer-topic-de585925_a59a_4d73_ae7d_17b6f063df62-35, groupId=Consumer-topic-de585925_a59a_4d73_ae7d_17b6f063df62] Cluster ID: Sx1FHBeCRF2NRCdgDzlw-Q
2025-10-08 17:47:17,492 INFO  [org.apa.kaf.cli.con.int.ConsumerCoordinator] (ForkJoinPool.commonPool-worker-1) [Consumer clientId=consumer-Consumer-topic-de585925_a59a_4d73_ae7d_17b6f063df62-35, groupId=Consumer-topic-de585925_a59a_4d73_ae7d_17b6f063df62] Discovered group coordinator localhost:32769 (id: 2147483647 rack: null)
2025-10-08 17:47:17,493 INFO  [org.apa.kaf.cli.con.int.ConsumerCoordinator] (ForkJoinPool.commonPool-worker-1) [Consumer clientId=consumer-Consumer-topic-de585925_a59a_4d73_ae7d_17b6f063df62-35, groupId=Consumer-topic-de585925_a59a_4d73_ae7d_17b6f063df62] (Re-)joining group
2025-10-08 17:47:17,494 INFO  [org.apa.kaf.cli.con.int.ConsumerCoordinator] (ForkJoinPool.commonPool-worker-1) [Consumer clientId=consumer-Consumer-topic-de585925_a59a_4d73_ae7d_17b6f063df62-35, groupId=Consumer-topic-de585925_a59a_4d73_ae7d_17b6f063df62] Request joining group due to: need to re-join with the given member-id: consumer-Consumer-topic-de585925_a59a_4d73_ae7d_17b6f063df62-35-29e864be-62cb-43ac-a3f1-4971fe27f869
2025-10-08 17:47:17,494 INFO  [org.apa.kaf.cli.con.int.ConsumerCoordinator] (ForkJoinPool.commonPool-worker-1) [Consumer clientId=consumer-Consumer-topic-de585925_a59a_4d73_ae7d_17b6f063df62-35, groupId=Consumer-topic-de585925_a59a_4d73_ae7d_17b6f063df62] (Re-)joining group
2025-10-08 17:47:18,490 INFO  [io.api.tes.ser.api.KafkaSerdesTester] (ForkJoinPool.commonPool-worker-1) None found
2025-10-08 17:47:19,490 INFO  [io.api.tes.ser.api.KafkaSerdesTester] (ForkJoinPool.commonPool-worker-1) None found
2025-10-08 17:47:20,490 INFO  [io.api.tes.ser.api.KafkaSerdesTester] (ForkJoinPool.commonPool-worker-1) None found
2025-10-08 17:47:20,495 INFO  [org.apa.kaf.cli.con.int.ConsumerCoordinator] (ForkJoinPool.commonPool-worker-1) [Consumer clientId=consumer-Consumer-topic-de585925_a59a_4d73_ae7d_17b6f063df62-35, groupId=Consumer-topic-de585925_a59a_4d73_ae7d_17b6f063df62] Successfully joined group with generation Generation{generationId=3, memberId='consumer-Consumer-topic-de585925_a59a_4d73_ae7d_17b6f063df62-35-29e864be-62cb-43ac-a3f1-4971fe27f869', protocol='range'}
2025-10-08 17:47:20,496 INFO  [org.apa.kaf.cli.con.int.ConsumerCoordinator] (ForkJoinPool.commonPool-worker-1) [Consumer clientId=consumer-Consumer-topic-de585925_a59a_4d73_ae7d_17b6f063df62-35, groupId=Consumer-topic-de585925_a59a_4d73_ae7d_17b6f063df62] Finished assignment for group at generation 3: {consumer-Consumer-topic-de585925_a59a_4d73_ae7d_17b6f063df62-35-29e864be-62cb-43ac-a3f1-4971fe27f869=Assignment(partitions=[topic-de585925_a59a_4d73_ae7d_17b6f063df62-0])}
2025-10-08 17:47:20,502 INFO  [org.apa.kaf.cli.con.int.ConsumerCoordinator] (ForkJoinPool.commonPool-worker-1) [Consumer clientId=consumer-Consumer-topic-de585925_a59a_4d73_ae7d_17b6f063df62-35, groupId=Consumer-topic-de585925_a59a_4d73_ae7d_17b6f063df62] Successfully synced group in generation Generation{generationId=3, memberId='consumer-Consumer-topic-de585925_a59a_4d73_ae7d_17b6f063df62-35-29e864be-62cb-43ac-a3f1-4971fe27f869', protocol='range'}
2025-10-08 17:47:20,502 INFO  [org.apa.kaf.cli.con.int.ConsumerCoordinator] (ForkJoinPool.commonPool-worker-1) [Consumer clientId=consumer-Consumer-topic-de585925_a59a_4d73_ae7d_17b6f063df62-35, groupId=Consumer-topic-de585925_a59a_4d73_ae7d_17b6f063df62] Notifying assignor about the new Assignment(partitions=[topic-de585925_a59a_4d73_ae7d_17b6f063df62-0])
2025-10-08 17:47:20,502 INFO  [org.apa.kaf.cli.con.int.ConsumerRebalanceListenerInvoker] (ForkJoinPool.commonPool-worker-1) [Consumer clientId=consumer-Consumer-topic-de585925_a59a_4d73_ae7d_17b6f063df62-35, groupId=Consumer-topic-de585925_a59a_4d73_ae7d_17b6f063df62] Adding newly assigned partitions: topic-de585925_a59a_4d73_ae7d_17b6f063df62-0
2025-10-08 17:47:20,503 INFO  [org.apa.kaf.cli.con.int.ConsumerUtils] (ForkJoinPool.commonPool-worker-1) Setting offset for partition topic-de585925_a59a_4d73_ae7d_17b6f063df62-0 to the committed offset FetchPosition{offset=10, offsetEpoch=Optional[0], currentLeader=LeaderAndEpoch{leader=Optional[localhost:32769 (id: 0 rack: null)], epoch=0}}
2025-10-08 17:47:20,646 INFO  [io.api.tes.ser.api.KafkaSerdesTester] (ForkJoinPool.commonPool-worker-1) topic-de585925_a59a_4d73_ae7d_17b6f063df62 0 10 {"key1": "value-0", "key2": "value-0"}
2025-10-08 17:47:20,646 INFO  [io.api.tes.ser.api.KafkaSerdesTester] (ForkJoinPool.commonPool-worker-1) topic-de585925_a59a_4d73_ae7d_17b6f063df62 0 11 {"key1": "value-1", "key2": "value-1"}
2025-10-08 17:47:20,646 INFO  [io.api.tes.ser.api.KafkaSerdesTester] (ForkJoinPool.commonPool-worker-1) topic-de585925_a59a_4d73_ae7d_17b6f063df62 0 12 {"key1": "value-2", "key2": "value-2"}
2025-10-08 17:47:20,646 INFO  [io.api.tes.ser.api.KafkaSerdesTester] (ForkJoinPool.commonPool-worker-1) topic-de585925_a59a_4d73_ae7d_17b6f063df62 0 13 {"key1": "value-3", "key2": "value-3"}
2025-10-08 17:47:20,646 INFO  [io.api.tes.ser.api.KafkaSerdesTester] (ForkJoinPool.commonPool-worker-1) topic-de585925_a59a_4d73_ae7d_17b6f063df62 0 14 {"key1": "value-4", "key2": "value-4"}
2025-10-08 17:47:20,646 INFO  [io.api.tes.ser.api.KafkaSerdesTester] (ForkJoinPool.commonPool-worker-1) topic-de585925_a59a_4d73_ae7d_17b6f063df62 0 15 {"key1": "value-5", "key2": "value-5"}
2025-10-08 17:47:20,646 INFO  [io.api.tes.ser.api.KafkaSerdesTester] (ForkJoinPool.commonPool-worker-1) topic-de585925_a59a_4d73_ae7d_17b6f063df62 0 16 {"key1": "value-6", "key2": "value-6"}
2025-10-08 17:47:20,646 INFO  [io.api.tes.ser.api.KafkaSerdesTester] (ForkJoinPool.commonPool-worker-1) topic-de585925_a59a_4d73_ae7d_17b6f063df62 0 17 {"key1": "value-7", "key2": "value-7"}
2025-10-08 17:47:20,646 INFO  [io.api.tes.ser.api.KafkaSerdesTester] (ForkJoinPool.commonPool-worker-1) topic-de585925_a59a_4d73_ae7d_17b6f063df62 0 18 {"key1": "value-8", "key2": "value-8"}
2025-10-08 17:47:20,646 INFO  [io.api.tes.ser.api.KafkaSerdesTester] (ForkJoinPool.commonPool-worker-1) topic-de585925_a59a_4d73_ae7d_17b6f063df62 0 19 {"key1": "value-9", "key2": "value-9"}
2025-10-08 17:47:20,646 INFO  [io.api.tes.ser.api.KafkaSerdesTester] (ForkJoinPool.commonPool-worker-1) topic-de585925_a59a_4d73_ae7d_17b6f063df62 0 20 {"key1": "value-0"}
2025-10-08 17:47:20,646 INFO  [io.api.tes.ser.api.KafkaSerdesTester] (ForkJoinPool.commonPool-worker-1) topic-de585925_a59a_4d73_ae7d_17b6f063df62 0 21 {"key1": "value-1"}
2025-10-08 17:47:20,646 INFO  [io.api.tes.ser.api.KafkaSerdesTester] (ForkJoinPool.commonPool-worker-1) topic-de585925_a59a_4d73_ae7d_17b6f063df62 0 22 {"key1": "value-2"}
2025-10-08 17:47:20,646 INFO  [io.api.tes.ser.api.KafkaSerdesTester] (ForkJoinPool.commonPool-worker-1) topic-de585925_a59a_4d73_ae7d_17b6f063df62 0 23 {"key1": "value-3"}
2025-10-08 17:47:20,646 INFO  [io.api.tes.ser.api.KafkaSerdesTester] (ForkJoinPool.commonPool-worker-1) topic-de585925_a59a_4d73_ae7d_17b6f063df62 0 24 {"key1": "value-4"}
2025-10-08 17:47:20,646 INFO  [io.api.tes.ser.api.KafkaSerdesTester] (ForkJoinPool.commonPool-worker-1) topic-de585925_a59a_4d73_ae7d_17b6f063df62 0 25 {"key1": "value-5"}
2025-10-08 17:47:20,646 INFO  [io.api.tes.ser.api.KafkaSerdesTester] (ForkJoinPool.commonPool-worker-1) topic-de585925_a59a_4d73_ae7d_17b6f063df62 0 26 {"key1": "value-6"}
2025-10-08 17:47:20,647 INFO  [io.api.tes.ser.api.KafkaSerdesTester] (ForkJoinPool.commonPool-worker-1) topic-de585925_a59a_4d73_ae7d_17b6f063df62 0 27 {"key1": "value-7"}
2025-10-08 17:47:20,647 INFO  [io.api.tes.ser.api.KafkaSerdesTester] (ForkJoinPool.commonPool-worker-1) topic-de585925_a59a_4d73_ae7d_17b6f063df62 0 28 {"key1": "value-8"}
2025-10-08 17:47:20,647 INFO  [io.api.tes.ser.api.KafkaSerdesTester] (ForkJoinPool.commonPool-worker-1) topic-de585925_a59a_4d73_ae7d_17b6f063df62 0 29 {"key1": "value-9"}
2025-10-08 17:47:20,647 INFO  [io.api.tes.ser.api.KafkaSerdesTester] (ForkJoinPool.commonPool-worker-1) Consumed 20 messages
2025-10-08 17:47:20,653 INFO  [org.apa.kaf.cli.con.int.ConsumerRebalanceListenerInvoker] (ForkJoinPool.commonPool-worker-1) [Consumer clientId=consumer-Consumer-topic-de585925_a59a_4d73_ae7d_17b6f063df62-35, groupId=Consumer-topic-de585925_a59a_4d73_ae7d_17b6f063df62] Revoke previously assigned partitions topic-de585925_a59a_4d73_ae7d_17b6f063df62-0
2025-10-08 17:47:20,653 INFO  [org.apa.kaf.cli.con.int.ConsumerCoordinator] (ForkJoinPool.commonPool-worker-1) [Consumer clientId=consumer-Consumer-topic-de585925_a59a_4d73_ae7d_17b6f063df62-35, groupId=Consumer-topic-de585925_a59a_4d73_ae7d_17b6f063df62] Member consumer-Consumer-topic-de585925_a59a_4d73_ae7d_17b6f063df62-35-29e864be-62cb-43ac-a3f1-4971fe27f869 sending LeaveGroup request to coordinator localhost:32769 (id: 2147483647 rack: null) due to the consumer is being closed
2025-10-08 17:47:20,653 INFO  [org.apa.kaf.cli.con.int.ConsumerCoordinator] (ForkJoinPool.commonPool-worker-1) [Consumer clientId=consumer-Consumer-topic-de585925_a59a_4d73_ae7d_17b6f063df62-35, groupId=Consumer-topic-de585925_a59a_4d73_ae7d_17b6f063df62] Resetting generation and member id due to: consumer pro-actively leaving the group
2025-10-08 17:47:20,653 INFO  [org.apa.kaf.cli.con.int.ConsumerCoordinator] (ForkJoinPool.commonPool-worker-1) [Consumer clientId=consumer-Consumer-topic-de585925_a59a_4d73_ae7d_17b6f063df62-35, groupId=Consumer-topic-de585925_a59a_4d73_ae7d_17b6f063df62] Request joining group due to: consumer pro-actively leaving the group
2025-10-08 17:47:21,148 INFO  [org.apa.kaf.com.met.Metrics] (ForkJoinPool.commonPool-worker-1) Metrics scheduler closed
2025-10-08 17:47:21,148 INFO  [org.apa.kaf.com.met.Metrics] (ForkJoinPool.commonPool-worker-1) Closing reporter org.apache.kafka.common.metrics.JmxReporter
2025-10-08 17:47:21,148 INFO  [org.apa.kaf.com.met.Metrics] (ForkJoinPool.commonPool-worker-1) Closing reporter org.apache.kafka.common.telemetry.internals.ClientTelemetryReporter
2025-10-08 17:47:21,148 INFO  [org.apa.kaf.com.met.Metrics] (ForkJoinPool.commonPool-worker-1) Metrics reporters closed
2025-10-08 17:47:21,149 INFO  [org.apa.kaf.com.uti.AppInfoParser] (ForkJoinPool.commonPool-worker-1) App info kafka.consumer for consumer-Consumer-topic-de585925_a59a_4d73_ae7d_17b6f063df62-35 unregistered
**** Registry Base URL: http://registry-app-inmemory.apps.ci419.apicurio-testing.org:80
2025-10-08 17:47:22,299 INFO  [org.apa.kaf.cli.pro.ProducerConfig] (main) ProducerConfig values: 
	acks = -1
	auto.include.jmx.reporter = true
	batch.size = 16384
	bootstrap.servers = [PLAINTEXT://localhost:32769]
	buffer.memory = 33554432
	client.dns.lookup = use_all_dns_ips
	client.id = Producer-topic-de585925_a59a_4d73_ae7d_17b6f063df62
	compression.gzip.level = -1
	compression.lz4.level = 9
	compression.type = none
	compression.zstd.level = 3
	connections.max.idle.ms = 10000
	delivery.timeout.ms = 120000
	enable.idempotence = true
	enable.metrics.push = true
	interceptor.classes = []
	key.serializer = class org.apache.kafka.common.serialization.StringSerializer
	linger.ms = 0
	max.block.ms = 60000
	max.in.flight.requests.per.connection = 5
	max.request.size = 1048576
	metadata.max.age.ms = 300000
	metadata.max.idle.ms = 300000
	metadata.recovery.strategy = none
	metric.reporters = []
	metrics.num.samples = 2
	metrics.recording.level = INFO
	metrics.sample.window.ms = 30000
	partitioner.adaptive.partitioning.enable = true
	partitioner.availability.timeout.ms = 0
	partitioner.class = null
	partitioner.ignore.keys = false
	receive.buffer.bytes = 32768
	reconnect.backoff.max.ms = 1000
	reconnect.backoff.ms = 50
	request.timeout.ms = 5000
	retries = 2147483647
	retry.backoff.max.ms = 1000
	retry.backoff.ms = 100
	sasl.client.callback.handler.class = null
	sasl.jaas.config = null
	sasl.kerberos.kinit.cmd = /usr/bin/kinit
	sasl.kerberos.min.time.before.relogin = 60000
	sasl.kerberos.service.name = null
	sasl.kerberos.ticket.renew.jitter = 0.05
	sasl.kerberos.ticket.renew.window.factor = 0.8
	sasl.login.callback.handler.class = null
	sasl.login.class = null
	sasl.login.connect.timeout.ms = null
	sasl.login.read.timeout.ms = null
	sasl.login.refresh.buffer.seconds = 300
	sasl.login.refresh.min.period.seconds = 60
	sasl.login.refresh.window.factor = 0.8
	sasl.login.refresh.window.jitter = 0.05
	sasl.login.retry.backoff.max.ms = 10000
	sasl.login.retry.backoff.ms = 100
	sasl.mechanism = GSSAPI
	sasl.oauthbearer.clock.skew.seconds = 30
	sasl.oauthbearer.expected.audience = null
	sasl.oauthbearer.expected.issuer = null
	sasl.oauthbearer.header.urlencode = false
	sasl.oauthbearer.jwks.endpoint.refresh.ms = 3600000
	sasl.oauthbearer.jwks.endpoint.retry.backoff.max.ms = 10000
	sasl.oauthbearer.jwks.endpoint.retry.backoff.ms = 100
	sasl.oauthbearer.jwks.endpoint.url = null
	sasl.oauthbearer.scope.claim.name = scope
	sasl.oauthbearer.sub.claim.name = sub
	sasl.oauthbearer.token.endpoint.url = null
	security.protocol = PLAINTEXT
	security.providers = null
	send.buffer.bytes = 131072
	socket.connection.setup.timeout.max.ms = 30000
	socket.connection.setup.timeout.ms = 10000
	ssl.cipher.suites = null
	ssl.enabled.protocols = [TLSv1.2, TLSv1.3]
	ssl.endpoint.identification.algorithm = https
	ssl.engine.factory.class = null
	ssl.key.password = null
	ssl.keymanager.algorithm = SunX509
	ssl.keystore.certificate.chain = null
	ssl.keystore.key = null
	ssl.keystore.location = null
	ssl.keystore.password = null
	ssl.keystore.type = JKS
	ssl.protocol = TLSv1.3
	ssl.provider = null
	ssl.secure.random.implementation = null
	ssl.trustmanager.algorithm = PKIX
	ssl.truststore.certificates = null
	ssl.truststore.location = null
	ssl.truststore.password = null
	ssl.truststore.type = JKS
	transaction.timeout.ms = 60000
	transactional.id = null
	value.serializer = class io.confluent.kafka.serializers.KafkaAvroSerializer

2025-10-08 17:47:22,299 INFO  [org.apa.kaf.com.tel.int.KafkaMetricsCollector] (main) initializing Kafka metrics collector
2025-10-08 17:47:22,299 INFO  [io.con.kaf.ser.KafkaAvroSerializerConfig] (main) KafkaAvroSerializerConfig values: 
	auto.register.schemas = false
	avro.reflection.allow.null = false
	avro.remove.java.properties = false
	avro.use.logical.type.converters = false
	basic.auth.credentials.source = URL
	basic.auth.user.info = [hidden]
	bearer.auth.cache.expiry.buffer.seconds = 300
	bearer.auth.client.id = null
	bearer.auth.client.secret = null
	bearer.auth.credentials.source = STATIC_TOKEN
	bearer.auth.custom.provider.class = null
	bearer.auth.identity.pool.id = null
	bearer.auth.issuer.endpoint.url = null
	bearer.auth.logical.cluster = null
	bearer.auth.scope = null
	bearer.auth.scope.claim.name = scope
	bearer.auth.sub.claim.name = sub
	bearer.auth.token = [hidden]
	context.name.strategy = class io.confluent.kafka.serializers.context.NullContextNameStrategy
	http.connect.timeout.ms = 60000
	http.read.timeout.ms = 60000
	id.compatibility.strict = true
	key.schema.id.deserializer = class io.confluent.kafka.serializers.schema.id.DualSchemaIdDeserializer
	key.schema.id.serializer = class io.confluent.kafka.serializers.schema.id.PrefixSchemaIdSerializer
	key.subject.name.strategy = class io.confluent.kafka.serializers.subject.TopicNameStrategy
	latest.cache.size = 1000
	latest.cache.ttl.sec = -1
	latest.compatibility.strict = true
	max.retries = 3
	max.schemas.per.subject = 1000
	normalize.schemas = false
	propagate.schema.tags = false
	proxy.host = 
	proxy.port = -1
	retries.max.wait.ms = 20000
	retries.wait.ms = 1000
	rule.actions = []
	rule.executors = []
	rule.service.loader.enable = true
	schema.format = null
	schema.reflection = false
	schema.registry.basic.auth.user.info = [hidden]
	schema.registry.ssl.cipher.suites = null
	schema.registry.ssl.enabled.protocols = [TLSv1.2, TLSv1.3]
	schema.registry.ssl.endpoint.identification.algorithm = https
	schema.registry.ssl.engine.factory.class = null
	schema.registry.ssl.key.password = null
	schema.registry.ssl.keymanager.algorithm = SunX509
	schema.registry.ssl.keystore.certificate.chain = null
	schema.registry.ssl.keystore.key = null
	schema.registry.ssl.keystore.location = null
	schema.registry.ssl.keystore.password = null
	schema.registry.ssl.keystore.type = JKS
	schema.registry.ssl.protocol = TLSv1.3
	schema.registry.ssl.provider = null
	schema.registry.ssl.secure.random.implementation = null
	schema.registry.ssl.trustmanager.algorithm = PKIX
	schema.registry.ssl.truststore.certificates = null
	schema.registry.ssl.truststore.location = null
	schema.registry.ssl.truststore.password = null
	schema.registry.ssl.truststore.type = JKS
	schema.registry.url = [http://registry-app-inmemory.apps.ci419.apicurio-testing.org:80/apis/ccompat/v7]
	schema.registry.url.randomize = false
	use.latest.version = false
	use.latest.with.metadata = null
	use.schema.id = -1
	value.schema.id.deserializer = class io.confluent.kafka.serializers.schema.id.DualSchemaIdDeserializer
	value.schema.id.serializer = class io.confluent.kafka.serializers.schema.id.PrefixSchemaIdSerializer
	value.subject.name.strategy = class io.confluent.kafka.serializers.subject.TopicRecordNameStrategy

2025-10-08 17:47:22,301 INFO  [org.apa.kaf.cli.pro.KafkaProducer] (main) [Producer clientId=Producer-topic-de585925_a59a_4d73_ae7d_17b6f063df62] Instantiated an idempotent producer.
2025-10-08 17:47:22,302 INFO  [org.apa.kaf.cli.pro.ProducerConfig] (main) These configurations '[schema.registry.url, auto.register.schemas, value.subject.name.strategy]' were supplied but are not used yet.
2025-10-08 17:47:22,302 INFO  [org.apa.kaf.com.uti.AppInfoParser] (main) Kafka version: 3.9.1
2025-10-08 17:47:22,302 INFO  [org.apa.kaf.com.uti.AppInfoParser] (main) Kafka commitId: f745dfdcee2b9851
2025-10-08 17:47:22,302 INFO  [org.apa.kaf.com.uti.AppInfoParser] (main) Kafka startTimeMs: 1759945642302
2025-10-08 17:47:22,302 INFO  [io.api.tes.ser.api.KafkaSerdesTester] (ForkJoinPool.commonPool-worker-1) Sending message {"key1": "value-0", "key2": "value-0", "key3": "value-0"} to topic topic-de585925_a59a_4d73_ae7d_17b6f063df62
2025-10-08 17:47:22,304 INFO  [org.apa.kaf.cli.Metadata] (kafka-producer-network-thread | Producer-topic-de585925_a59a_4d73_ae7d_17b6f063df62) [Producer clientId=Producer-topic-de585925_a59a_4d73_ae7d_17b6f063df62] Cluster ID: Sx1FHBeCRF2NRCdgDzlw-Q
2025-10-08 17:47:22,304 INFO  [org.apa.kaf.cli.pro.int.TransactionManager] (kafka-producer-network-thread | Producer-topic-de585925_a59a_4d73_ae7d_17b6f063df62) [Producer clientId=Producer-topic-de585925_a59a_4d73_ae7d_17b6f063df62] ProducerId set to 47 with epoch 0
2025-10-08 17:47:22,378 INFO  [io.api.tes.ser.api.KafkaSerdesTester] (ForkJoinPool.commonPool-worker-1) Sending message {"key1": "value-1", "key2": "value-1", "key3": "value-1"} to topic topic-de585925_a59a_4d73_ae7d_17b6f063df62
2025-10-08 17:47:22,379 INFO  [io.api.tes.ser.api.KafkaSerdesTester] (ForkJoinPool.commonPool-worker-1) Sending message {"key1": "value-2", "key2": "value-2", "key3": "value-2"} to topic topic-de585925_a59a_4d73_ae7d_17b6f063df62
2025-10-08 17:47:22,380 INFO  [io.api.tes.ser.api.KafkaSerdesTester] (ForkJoinPool.commonPool-worker-1) Sending message {"key1": "value-3", "key2": "value-3", "key3": "value-3"} to topic topic-de585925_a59a_4d73_ae7d_17b6f063df62
2025-10-08 17:47:22,380 INFO  [io.api.tes.ser.api.KafkaSerdesTester] (ForkJoinPool.commonPool-worker-1) Sending message {"key1": "value-4", "key2": "value-4", "key3": "value-4"} to topic topic-de585925_a59a_4d73_ae7d_17b6f063df62
2025-10-08 17:47:22,381 INFO  [io.api.tes.ser.api.KafkaSerdesTester] (ForkJoinPool.commonPool-worker-1) Sending message {"key1": "value-5", "key2": "value-5", "key3": "value-5"} to topic topic-de585925_a59a_4d73_ae7d_17b6f063df62
2025-10-08 17:47:22,382 INFO  [io.api.tes.ser.api.KafkaSerdesTester] (ForkJoinPool.commonPool-worker-1) Sending message {"key1": "value-6", "key2": "value-6", "key3": "value-6"} to topic topic-de585925_a59a_4d73_ae7d_17b6f063df62
2025-10-08 17:47:22,383 INFO  [io.api.tes.ser.api.KafkaSerdesTester] (ForkJoinPool.commonPool-worker-1) Sending message {"key1": "value-7", "key2": "value-7", "key3": "value-7"} to topic topic-de585925_a59a_4d73_ae7d_17b6f063df62
2025-10-08 17:47:22,384 INFO  [io.api.tes.ser.api.KafkaSerdesTester] (ForkJoinPool.commonPool-worker-1) Sending message {"key1": "value-8", "key2": "value-8", "key3": "value-8"} to topic topic-de585925_a59a_4d73_ae7d_17b6f063df62
2025-10-08 17:47:22,384 INFO  [io.api.tes.ser.api.KafkaSerdesTester] (ForkJoinPool.commonPool-worker-1) Sending message {"key1": "value-9", "key2": "value-9", "key3": "value-9"} to topic topic-de585925_a59a_4d73_ae7d_17b6f063df62
2025-10-08 17:47:22,385 INFO  [io.api.tes.ser.api.KafkaSerdesTester] (ForkJoinPool.commonPool-worker-1) Produced 10 messages
2025-10-08 17:47:22,385 INFO  [org.apa.kaf.cli.pro.KafkaProducer] (ForkJoinPool.commonPool-worker-1) [Producer clientId=Producer-topic-de585925_a59a_4d73_ae7d_17b6f063df62] Closing the Kafka producer with timeoutMillis = 9223372036854775807 ms.
2025-10-08 17:47:22,386 INFO  [org.apa.kaf.com.met.Metrics] (ForkJoinPool.commonPool-worker-1) Metrics scheduler closed
2025-10-08 17:47:22,386 INFO  [org.apa.kaf.com.met.Metrics] (ForkJoinPool.commonPool-worker-1) Closing reporter org.apache.kafka.common.metrics.JmxReporter
2025-10-08 17:47:22,386 INFO  [org.apa.kaf.com.met.Metrics] (ForkJoinPool.commonPool-worker-1) Closing reporter org.apache.kafka.common.telemetry.internals.ClientTelemetryReporter
2025-10-08 17:47:22,386 INFO  [org.apa.kaf.com.met.Metrics] (ForkJoinPool.commonPool-worker-1) Metrics reporters closed
2025-10-08 17:47:22,386 INFO  [org.apa.kaf.com.uti.AppInfoParser] (ForkJoinPool.commonPool-worker-1) App info kafka.producer for Producer-topic-de585925_a59a_4d73_ae7d_17b6f063df62 unregistered
**** Registry Base URL: http://registry-app-inmemory.apps.ci419.apicurio-testing.org:80
2025-10-08 17:47:22,387 INFO  [org.apa.kaf.cli.pro.ProducerConfig] (main) ProducerConfig values: 
	acks = -1
	auto.include.jmx.reporter = true
	batch.size = 16384
	bootstrap.servers = [PLAINTEXT://localhost:32769]
	buffer.memory = 33554432
	client.dns.lookup = use_all_dns_ips
	client.id = Producer-topic-de585925_a59a_4d73_ae7d_17b6f063df62
	compression.gzip.level = -1
	compression.lz4.level = 9
	compression.type = none
	compression.zstd.level = 3
	connections.max.idle.ms = 10000
	delivery.timeout.ms = 120000
	enable.idempotence = true
	enable.metrics.push = true
	interceptor.classes = []
	key.serializer = class org.apache.kafka.common.serialization.StringSerializer
	linger.ms = 0
	max.block.ms = 60000
	max.in.flight.requests.per.connection = 5
	max.request.size = 1048576
	metadata.max.age.ms = 300000
	metadata.max.idle.ms = 300000
	metadata.recovery.strategy = none
	metric.reporters = []
	metrics.num.samples = 2
	metrics.recording.level = INFO
	metrics.sample.window.ms = 30000
	partitioner.adaptive.partitioning.enable = true
	partitioner.availability.timeout.ms = 0
	partitioner.class = null
	partitioner.ignore.keys = false
	receive.buffer.bytes = 32768
	reconnect.backoff.max.ms = 1000
	reconnect.backoff.ms = 50
	request.timeout.ms = 5000
	retries = 2147483647
	retry.backoff.max.ms = 1000
	retry.backoff.ms = 100
	sasl.client.callback.handler.class = null
	sasl.jaas.config = null
	sasl.kerberos.kinit.cmd = /usr/bin/kinit
	sasl.kerberos.min.time.before.relogin = 60000
	sasl.kerberos.service.name = null
	sasl.kerberos.ticket.renew.jitter = 0.05
	sasl.kerberos.ticket.renew.window.factor = 0.8
	sasl.login.callback.handler.class = null
	sasl.login.class = null
	sasl.login.connect.timeout.ms = null
	sasl.login.read.timeout.ms = null
	sasl.login.refresh.buffer.seconds = 300
	sasl.login.refresh.min.period.seconds = 60
	sasl.login.refresh.window.factor = 0.8
	sasl.login.refresh.window.jitter = 0.05
	sasl.login.retry.backoff.max.ms = 10000
	sasl.login.retry.backoff.ms = 100
	sasl.mechanism = GSSAPI
	sasl.oauthbearer.clock.skew.seconds = 30
	sasl.oauthbearer.expected.audience = null
	sasl.oauthbearer.expected.issuer = null
	sasl.oauthbearer.header.urlencode = false
	sasl.oauthbearer.jwks.endpoint.refresh.ms = 3600000
	sasl.oauthbearer.jwks.endpoint.retry.backoff.max.ms = 10000
	sasl.oauthbearer.jwks.endpoint.retry.backoff.ms = 100
	sasl.oauthbearer.jwks.endpoint.url = null
	sasl.oauthbearer.scope.claim.name = scope
	sasl.oauthbearer.sub.claim.name = sub
	sasl.oauthbearer.token.endpoint.url = null
	security.protocol = PLAINTEXT
	security.providers = null
	send.buffer.bytes = 131072
	socket.connection.setup.timeout.max.ms = 30000
	socket.connection.setup.timeout.ms = 10000
	ssl.cipher.suites = null
	ssl.enabled.protocols = [TLSv1.2, TLSv1.3]
	ssl.endpoint.identification.algorithm = https
	ssl.engine.factory.class = null
	ssl.key.password = null
	ssl.keymanager.algorithm = SunX509
	ssl.keystore.certificate.chain = null
	ssl.keystore.key = null
	ssl.keystore.location = null
	ssl.keystore.password = null
	ssl.keystore.type = JKS
	ssl.protocol = TLSv1.3
	ssl.provider = null
	ssl.secure.random.implementation = null
	ssl.trustmanager.algorithm = PKIX
	ssl.truststore.certificates = null
	ssl.truststore.location = null
	ssl.truststore.password = null
	ssl.truststore.type = JKS
	transaction.timeout.ms = 60000
	transactional.id = null
	value.serializer = class io.confluent.kafka.serializers.KafkaAvroSerializer

2025-10-08 17:47:22,387 INFO  [org.apa.kaf.com.tel.int.KafkaMetricsCollector] (main) initializing Kafka metrics collector
2025-10-08 17:47:22,387 INFO  [io.con.kaf.ser.KafkaAvroSerializerConfig] (main) KafkaAvroSerializerConfig values: 
	auto.register.schemas = false
	avro.reflection.allow.null = false
	avro.remove.java.properties = false
	avro.use.logical.type.converters = false
	basic.auth.credentials.source = URL
	basic.auth.user.info = [hidden]
	bearer.auth.cache.expiry.buffer.seconds = 300
	bearer.auth.client.id = null
	bearer.auth.client.secret = null
	bearer.auth.credentials.source = STATIC_TOKEN
	bearer.auth.custom.provider.class = null
	bearer.auth.identity.pool.id = null
	bearer.auth.issuer.endpoint.url = null
	bearer.auth.logical.cluster = null
	bearer.auth.scope = null
	bearer.auth.scope.claim.name = scope
	bearer.auth.sub.claim.name = sub
	bearer.auth.token = [hidden]
	context.name.strategy = class io.confluent.kafka.serializers.context.NullContextNameStrategy
	http.connect.timeout.ms = 60000
	http.read.timeout.ms = 60000
	id.compatibility.strict = true
	key.schema.id.deserializer = class io.confluent.kafka.serializers.schema.id.DualSchemaIdDeserializer
	key.schema.id.serializer = class io.confluent.kafka.serializers.schema.id.PrefixSchemaIdSerializer
	key.subject.name.strategy = class io.confluent.kafka.serializers.subject.TopicNameStrategy
	latest.cache.size = 1000
	latest.cache.ttl.sec = -1
	latest.compatibility.strict = true
	max.retries = 3
	max.schemas.per.subject = 1000
	normalize.schemas = false
	propagate.schema.tags = false
	proxy.host = 
	proxy.port = -1
	retries.max.wait.ms = 20000
	retries.wait.ms = 1000
	rule.actions = []
	rule.executors = []
	rule.service.loader.enable = true
	schema.format = null
	schema.reflection = false
	schema.registry.basic.auth.user.info = [hidden]
	schema.registry.ssl.cipher.suites = null
	schema.registry.ssl.enabled.protocols = [TLSv1.2, TLSv1.3]
	schema.registry.ssl.endpoint.identification.algorithm = https
	schema.registry.ssl.engine.factory.class = null
	schema.registry.ssl.key.password = null
	schema.registry.ssl.keymanager.algorithm = SunX509
	schema.registry.ssl.keystore.certificate.chain = null
	schema.registry.ssl.keystore.key = null
	schema.registry.ssl.keystore.location = null
	schema.registry.ssl.keystore.password = null
	schema.registry.ssl.keystore.type = JKS
	schema.registry.ssl.protocol = TLSv1.3
	schema.registry.ssl.provider = null
	schema.registry.ssl.secure.random.implementation = null
	schema.registry.ssl.trustmanager.algorithm = PKIX
	schema.registry.ssl.truststore.certificates = null
	schema.registry.ssl.truststore.location = null
	schema.registry.ssl.truststore.password = null
	schema.registry.ssl.truststore.type = JKS
	schema.registry.url = [http://registry-app-inmemory.apps.ci419.apicurio-testing.org:80/apis/ccompat/v7]
	schema.registry.url.randomize = false
	use.latest.version = false
	use.latest.with.metadata = null
	use.schema.id = -1
	value.schema.id.deserializer = class io.confluent.kafka.serializers.schema.id.DualSchemaIdDeserializer
	value.schema.id.serializer = class io.confluent.kafka.serializers.schema.id.PrefixSchemaIdSerializer
	value.subject.name.strategy = class io.confluent.kafka.serializers.subject.TopicRecordNameStrategy

2025-10-08 17:47:22,389 INFO  [org.apa.kaf.cli.pro.KafkaProducer] (main) [Producer clientId=Producer-topic-de585925_a59a_4d73_ae7d_17b6f063df62] Instantiated an idempotent producer.
2025-10-08 17:47:22,390 INFO  [org.apa.kaf.cli.pro.ProducerConfig] (main) These configurations '[schema.registry.url, auto.register.schemas, value.subject.name.strategy]' were supplied but are not used yet.
2025-10-08 17:47:22,390 INFO  [org.apa.kaf.com.uti.AppInfoParser] (main) Kafka version: 3.9.1
2025-10-08 17:47:22,390 INFO  [org.apa.kaf.com.uti.AppInfoParser] (main) Kafka commitId: f745dfdcee2b9851
2025-10-08 17:47:22,390 INFO  [org.apa.kaf.com.uti.AppInfoParser] (main) Kafka startTimeMs: 1759945642390
2025-10-08 17:47:22,390 INFO  [io.api.tes.ser.api.KafkaSerdesTester] (ForkJoinPool.commonPool-worker-1) Sending message {"key1": "value-0", "key2": "value-0"} to topic topic-de585925_a59a_4d73_ae7d_17b6f063df62
2025-10-08 17:47:22,392 INFO  [org.apa.kaf.cli.Metadata] (kafka-producer-network-thread | Producer-topic-de585925_a59a_4d73_ae7d_17b6f063df62) [Producer clientId=Producer-topic-de585925_a59a_4d73_ae7d_17b6f063df62] Cluster ID: Sx1FHBeCRF2NRCdgDzlw-Q
2025-10-08 17:47:22,392 INFO  [org.apa.kaf.cli.pro.int.TransactionManager] (kafka-producer-network-thread | Producer-topic-de585925_a59a_4d73_ae7d_17b6f063df62) [Producer clientId=Producer-topic-de585925_a59a_4d73_ae7d_17b6f063df62] ProducerId set to 48 with epoch 0
2025-10-08 17:47:22,465 INFO  [io.api.tes.ser.api.KafkaSerdesTester] (ForkJoinPool.commonPool-worker-1) Sending message {"key1": "value-1", "key2": "value-1"} to topic topic-de585925_a59a_4d73_ae7d_17b6f063df62
2025-10-08 17:47:22,466 INFO  [io.api.tes.ser.api.KafkaSerdesTester] (ForkJoinPool.commonPool-worker-1) Sending message {"key1": "value-2", "key2": "value-2"} to topic topic-de585925_a59a_4d73_ae7d_17b6f063df62
2025-10-08 17:47:22,467 INFO  [io.api.tes.ser.api.KafkaSerdesTester] (ForkJoinPool.commonPool-worker-1) Sending message {"key1": "value-3", "key2": "value-3"} to topic topic-de585925_a59a_4d73_ae7d_17b6f063df62
2025-10-08 17:47:22,468 INFO  [io.api.tes.ser.api.KafkaSerdesTester] (ForkJoinPool.commonPool-worker-1) Sending message {"key1": "value-4", "key2": "value-4"} to topic topic-de585925_a59a_4d73_ae7d_17b6f063df62
2025-10-08 17:47:22,469 INFO  [io.api.tes.ser.api.KafkaSerdesTester] (ForkJoinPool.commonPool-worker-1) Sending message {"key1": "value-5", "key2": "value-5"} to topic topic-de585925_a59a_4d73_ae7d_17b6f063df62
2025-10-08 17:47:22,470 INFO  [io.api.tes.ser.api.KafkaSerdesTester] (ForkJoinPool.commonPool-worker-1) Sending message {"key1": "value-6", "key2": "value-6"} to topic topic-de585925_a59a_4d73_ae7d_17b6f063df62
2025-10-08 17:47:22,471 INFO  [io.api.tes.ser.api.KafkaSerdesTester] (ForkJoinPool.commonPool-worker-1) Sending message {"key1": "value-7", "key2": "value-7"} to topic topic-de585925_a59a_4d73_ae7d_17b6f063df62
2025-10-08 17:47:22,472 INFO  [io.api.tes.ser.api.KafkaSerdesTester] (ForkJoinPool.commonPool-worker-1) Sending message {"key1": "value-8", "key2": "value-8"} to topic topic-de585925_a59a_4d73_ae7d_17b6f063df62
2025-10-08 17:47:22,473 INFO  [io.api.tes.ser.api.KafkaSerdesTester] (ForkJoinPool.commonPool-worker-1) Sending message {"key1": "value-9", "key2": "value-9"} to topic topic-de585925_a59a_4d73_ae7d_17b6f063df62
2025-10-08 17:47:22,473 INFO  [io.api.tes.ser.api.KafkaSerdesTester] (ForkJoinPool.commonPool-worker-1) Produced 10 messages
2025-10-08 17:47:22,473 INFO  [org.apa.kaf.cli.pro.KafkaProducer] (ForkJoinPool.commonPool-worker-1) [Producer clientId=Producer-topic-de585925_a59a_4d73_ae7d_17b6f063df62] Closing the Kafka producer with timeoutMillis = 9223372036854775807 ms.
2025-10-08 17:47:22,475 INFO  [org.apa.kaf.com.met.Metrics] (ForkJoinPool.commonPool-worker-1) Metrics scheduler closed
2025-10-08 17:47:22,475 INFO  [org.apa.kaf.com.met.Metrics] (ForkJoinPool.commonPool-worker-1) Closing reporter org.apache.kafka.common.metrics.JmxReporter
2025-10-08 17:47:22,475 INFO  [org.apa.kaf.com.met.Metrics] (ForkJoinPool.commonPool-worker-1) Closing reporter org.apache.kafka.common.telemetry.internals.ClientTelemetryReporter
2025-10-08 17:47:22,475 INFO  [org.apa.kaf.com.met.Metrics] (ForkJoinPool.commonPool-worker-1) Metrics reporters closed
2025-10-08 17:47:22,475 INFO  [org.apa.kaf.com.uti.AppInfoParser] (ForkJoinPool.commonPool-worker-1) App info kafka.producer for Producer-topic-de585925_a59a_4d73_ae7d_17b6f063df62 unregistered
**** Registry Base URL: http://registry-app-inmemory.apps.ci419.apicurio-testing.org:80
2025-10-08 17:47:22,475 INFO  [org.apa.kaf.cli.pro.ProducerConfig] (main) ProducerConfig values: 
	acks = -1
	auto.include.jmx.reporter = true
	batch.size = 16384
	bootstrap.servers = [PLAINTEXT://localhost:32769]
	buffer.memory = 33554432
	client.dns.lookup = use_all_dns_ips
	client.id = Producer-topic-de585925_a59a_4d73_ae7d_17b6f063df62
	compression.gzip.level = -1
	compression.lz4.level = 9
	compression.type = none
	compression.zstd.level = 3
	connections.max.idle.ms = 10000
	delivery.timeout.ms = 120000
	enable.idempotence = true
	enable.metrics.push = true
	interceptor.classes = []
	key.serializer = class org.apache.kafka.common.serialization.StringSerializer
	linger.ms = 0
	max.block.ms = 60000
	max.in.flight.requests.per.connection = 5
	max.request.size = 1048576
	metadata.max.age.ms = 300000
	metadata.max.idle.ms = 300000
	metadata.recovery.strategy = none
	metric.reporters = []
	metrics.num.samples = 2
	metrics.recording.level = INFO
	metrics.sample.window.ms = 30000
	partitioner.adaptive.partitioning.enable = true
	partitioner.availability.timeout.ms = 0
	partitioner.class = null
	partitioner.ignore.keys = false
	receive.buffer.bytes = 32768
	reconnect.backoff.max.ms = 1000
	reconnect.backoff.ms = 50
	request.timeout.ms = 5000
	retries = 2147483647
	retry.backoff.max.ms = 1000
	retry.backoff.ms = 100
	sasl.client.callback.handler.class = null
	sasl.jaas.config = null
	sasl.kerberos.kinit.cmd = /usr/bin/kinit
	sasl.kerberos.min.time.before.relogin = 60000
	sasl.kerberos.service.name = null
	sasl.kerberos.ticket.renew.jitter = 0.05
	sasl.kerberos.ticket.renew.window.factor = 0.8
	sasl.login.callback.handler.class = null
	sasl.login.class = null
	sasl.login.connect.timeout.ms = null
	sasl.login.read.timeout.ms = null
	sasl.login.refresh.buffer.seconds = 300
	sasl.login.refresh.min.period.seconds = 60
	sasl.login.refresh.window.factor = 0.8
	sasl.login.refresh.window.jitter = 0.05
	sasl.login.retry.backoff.max.ms = 10000
	sasl.login.retry.backoff.ms = 100
	sasl.mechanism = GSSAPI
	sasl.oauthbearer.clock.skew.seconds = 30
	sasl.oauthbearer.expected.audience = null
	sasl.oauthbearer.expected.issuer = null
	sasl.oauthbearer.header.urlencode = false
	sasl.oauthbearer.jwks.endpoint.refresh.ms = 3600000
	sasl.oauthbearer.jwks.endpoint.retry.backoff.max.ms = 10000
	sasl.oauthbearer.jwks.endpoint.retry.backoff.ms = 100
	sasl.oauthbearer.jwks.endpoint.url = null
	sasl.oauthbearer.scope.claim.name = scope
	sasl.oauthbearer.sub.claim.name = sub
	sasl.oauthbearer.token.endpoint.url = null
	security.protocol = PLAINTEXT
	security.providers = null
	send.buffer.bytes = 131072
	socket.connection.setup.timeout.max.ms = 30000
	socket.connection.setup.timeout.ms = 10000
	ssl.cipher.suites = null
	ssl.enabled.protocols = [TLSv1.2, TLSv1.3]
	ssl.endpoint.identification.algorithm = https
	ssl.engine.factory.class = null
	ssl.key.password = null
	ssl.keymanager.algorithm = SunX509
	ssl.keystore.certificate.chain = null
	ssl.keystore.key = null
	ssl.keystore.location = null
	ssl.keystore.password = null
	ssl.keystore.type = JKS
	ssl.protocol = TLSv1.3
	ssl.provider = null
	ssl.secure.random.implementation = null
	ssl.trustmanager.algorithm = PKIX
	ssl.truststore.certificates = null
	ssl.truststore.location = null
	ssl.truststore.password = null
	ssl.truststore.type = JKS
	transaction.timeout.ms = 60000
	transactional.id = null
	value.serializer = class io.confluent.kafka.serializers.KafkaAvroSerializer

2025-10-08 17:47:22,476 INFO  [org.apa.kaf.com.tel.int.KafkaMetricsCollector] (main) initializing Kafka metrics collector
2025-10-08 17:47:22,476 INFO  [io.con.kaf.ser.KafkaAvroSerializerConfig] (main) KafkaAvroSerializerConfig values: 
	auto.register.schemas = false
	avro.reflection.allow.null = false
	avro.remove.java.properties = false
	avro.use.logical.type.converters = false
	basic.auth.credentials.source = URL
	basic.auth.user.info = [hidden]
	bearer.auth.cache.expiry.buffer.seconds = 300
	bearer.auth.client.id = null
	bearer.auth.client.secret = null
	bearer.auth.credentials.source = STATIC_TOKEN
	bearer.auth.custom.provider.class = null
	bearer.auth.identity.pool.id = null
	bearer.auth.issuer.endpoint.url = null
	bearer.auth.logical.cluster = null
	bearer.auth.scope = null
	bearer.auth.scope.claim.name = scope
	bearer.auth.sub.claim.name = sub
	bearer.auth.token = [hidden]
	context.name.strategy = class io.confluent.kafka.serializers.context.NullContextNameStrategy
	http.connect.timeout.ms = 60000
	http.read.timeout.ms = 60000
	id.compatibility.strict = true
	key.schema.id.deserializer = class io.confluent.kafka.serializers.schema.id.DualSchemaIdDeserializer
	key.schema.id.serializer = class io.confluent.kafka.serializers.schema.id.PrefixSchemaIdSerializer
	key.subject.name.strategy = class io.confluent.kafka.serializers.subject.TopicNameStrategy
	latest.cache.size = 1000
	latest.cache.ttl.sec = -1
	latest.compatibility.strict = true
	max.retries = 3
	max.schemas.per.subject = 1000
	normalize.schemas = false
	propagate.schema.tags = false
	proxy.host = 
	proxy.port = -1
	retries.max.wait.ms = 20000
	retries.wait.ms = 1000
	rule.actions = []
	rule.executors = []
	rule.service.loader.enable = true
	schema.format = null
	schema.reflection = false
	schema.registry.basic.auth.user.info = [hidden]
	schema.registry.ssl.cipher.suites = null
	schema.registry.ssl.enabled.protocols = [TLSv1.2, TLSv1.3]
	schema.registry.ssl.endpoint.identification.algorithm = https
	schema.registry.ssl.engine.factory.class = null
	schema.registry.ssl.key.password = null
	schema.registry.ssl.keymanager.algorithm = SunX509
	schema.registry.ssl.keystore.certificate.chain = null
	schema.registry.ssl.keystore.key = null
	schema.registry.ssl.keystore.location = null
	schema.registry.ssl.keystore.password = null
	schema.registry.ssl.keystore.type = JKS
	schema.registry.ssl.protocol = TLSv1.3
	schema.registry.ssl.provider = null
	schema.registry.ssl.secure.random.implementation = null
	schema.registry.ssl.trustmanager.algorithm = PKIX
	schema.registry.ssl.truststore.certificates = null
	schema.registry.ssl.truststore.location = null
	schema.registry.ssl.truststore.password = null
	schema.registry.ssl.truststore.type = JKS
	schema.registry.url = [http://registry-app-inmemory.apps.ci419.apicurio-testing.org:80/apis/ccompat/v7]
	schema.registry.url.randomize = false
	use.latest.version = false
	use.latest.with.metadata = null
	use.schema.id = -1
	value.schema.id.deserializer = class io.confluent.kafka.serializers.schema.id.DualSchemaIdDeserializer
	value.schema.id.serializer = class io.confluent.kafka.serializers.schema.id.PrefixSchemaIdSerializer
	value.subject.name.strategy = class io.confluent.kafka.serializers.subject.TopicRecordNameStrategy

2025-10-08 17:47:22,478 INFO  [org.apa.kaf.cli.pro.KafkaProducer] (main) [Producer clientId=Producer-topic-de585925_a59a_4d73_ae7d_17b6f063df62] Instantiated an idempotent producer.
2025-10-08 17:47:22,479 INFO  [org.apa.kaf.cli.pro.ProducerConfig] (main) These configurations '[schema.registry.url, auto.register.schemas, value.subject.name.strategy]' were supplied but are not used yet.
2025-10-08 17:47:22,479 INFO  [org.apa.kaf.com.uti.AppInfoParser] (main) Kafka version: 3.9.1
2025-10-08 17:47:22,479 INFO  [org.apa.kaf.com.uti.AppInfoParser] (main) Kafka commitId: f745dfdcee2b9851
2025-10-08 17:47:22,479 INFO  [org.apa.kaf.com.uti.AppInfoParser] (main) Kafka startTimeMs: 1759945642479
2025-10-08 17:47:22,480 INFO  [io.api.tes.ser.api.KafkaSerdesTester] (ForkJoinPool.commonPool-worker-1) Sending message {"key1": "value-0"} to topic topic-de585925_a59a_4d73_ae7d_17b6f063df62
2025-10-08 17:47:22,482 INFO  [org.apa.kaf.cli.Metadata] (kafka-producer-network-thread | Producer-topic-de585925_a59a_4d73_ae7d_17b6f063df62) [Producer clientId=Producer-topic-de585925_a59a_4d73_ae7d_17b6f063df62] Cluster ID: Sx1FHBeCRF2NRCdgDzlw-Q
2025-10-08 17:47:22,482 INFO  [org.apa.kaf.cli.pro.int.TransactionManager] (kafka-producer-network-thread | Producer-topic-de585925_a59a_4d73_ae7d_17b6f063df62) [Producer clientId=Producer-topic-de585925_a59a_4d73_ae7d_17b6f063df62] ProducerId set to 49 with epoch 0
2025-10-08 17:47:22,555 INFO  [io.api.tes.ser.api.KafkaSerdesTester] (ForkJoinPool.commonPool-worker-1) Sending message {"key1": "value-1"} to topic topic-de585925_a59a_4d73_ae7d_17b6f063df62
2025-10-08 17:47:22,556 INFO  [io.api.tes.ser.api.KafkaSerdesTester] (ForkJoinPool.commonPool-worker-1) Sending message {"key1": "value-2"} to topic topic-de585925_a59a_4d73_ae7d_17b6f063df62
2025-10-08 17:47:22,557 INFO  [io.api.tes.ser.api.KafkaSerdesTester] (ForkJoinPool.commonPool-worker-1) Sending message {"key1": "value-3"} to topic topic-de585925_a59a_4d73_ae7d_17b6f063df62
2025-10-08 17:47:22,557 INFO  [io.api.tes.ser.api.KafkaSerdesTester] (ForkJoinPool.commonPool-worker-1) Sending message {"key1": "value-4"} to topic topic-de585925_a59a_4d73_ae7d_17b6f063df62
2025-10-08 17:47:22,558 INFO  [io.api.tes.ser.api.KafkaSerdesTester] (ForkJoinPool.commonPool-worker-1) Sending message {"key1": "value-5"} to topic topic-de585925_a59a_4d73_ae7d_17b6f063df62
2025-10-08 17:47:22,559 INFO  [io.api.tes.ser.api.KafkaSerdesTester] (ForkJoinPool.commonPool-worker-1) Sending message {"key1": "value-6"} to topic topic-de585925_a59a_4d73_ae7d_17b6f063df62
2025-10-08 17:47:22,560 INFO  [io.api.tes.ser.api.KafkaSerdesTester] (ForkJoinPool.commonPool-worker-1) Sending message {"key1": "value-7"} to topic topic-de585925_a59a_4d73_ae7d_17b6f063df62
2025-10-08 17:47:22,560 INFO  [io.api.tes.ser.api.KafkaSerdesTester] (ForkJoinPool.commonPool-worker-1) Sending message {"key1": "value-8"} to topic topic-de585925_a59a_4d73_ae7d_17b6f063df62
2025-10-08 17:47:22,561 INFO  [io.api.tes.ser.api.KafkaSerdesTester] (ForkJoinPool.commonPool-worker-1) Sending message {"key1": "value-9"} to topic topic-de585925_a59a_4d73_ae7d_17b6f063df62
2025-10-08 17:47:22,562 INFO  [io.api.tes.ser.api.KafkaSerdesTester] (ForkJoinPool.commonPool-worker-1) Produced 10 messages
2025-10-08 17:47:22,562 INFO  [org.apa.kaf.cli.pro.KafkaProducer] (ForkJoinPool.commonPool-worker-1) [Producer clientId=Producer-topic-de585925_a59a_4d73_ae7d_17b6f063df62] Closing the Kafka producer with timeoutMillis = 9223372036854775807 ms.
2025-10-08 17:47:22,563 INFO  [org.apa.kaf.com.met.Metrics] (ForkJoinPool.commonPool-worker-1) Metrics scheduler closed
2025-10-08 17:47:22,563 INFO  [org.apa.kaf.com.met.Metrics] (ForkJoinPool.commonPool-worker-1) Closing reporter org.apache.kafka.common.metrics.JmxReporter
2025-10-08 17:47:22,563 INFO  [org.apa.kaf.com.met.Metrics] (ForkJoinPool.commonPool-worker-1) Closing reporter org.apache.kafka.common.telemetry.internals.ClientTelemetryReporter
2025-10-08 17:47:22,563 INFO  [org.apa.kaf.com.met.Metrics] (ForkJoinPool.commonPool-worker-1) Metrics reporters closed
2025-10-08 17:47:22,563 INFO  [org.apa.kaf.com.uti.AppInfoParser] (ForkJoinPool.commonPool-worker-1) App info kafka.producer for Producer-topic-de585925_a59a_4d73_ae7d_17b6f063df62 unregistered
**** Registry Base URL: http://registry-app-inmemory.apps.ci419.apicurio-testing.org:80
2025-10-08 17:47:22,563 INFO  [org.apa.kaf.cli.con.ConsumerConfig] (main) ConsumerConfig values: 
	allow.auto.create.topics = true
	auto.commit.interval.ms = 500
	auto.include.jmx.reporter = true
	auto.offset.reset = earliest
	bootstrap.servers = [PLAINTEXT://localhost:32769]
	check.crcs = true
	client.dns.lookup = use_all_dns_ips
	client.id = consumer-Consumer-topic-de585925_a59a_4d73_ae7d_17b6f063df62-36
	client.rack = 
	connections.max.idle.ms = 10000
	default.api.timeout.ms = 60000
	enable.auto.commit = true
	enable.metrics.push = true
	exclude.internal.topics = true
	fetch.max.bytes = 52428800
	fetch.max.wait.ms = 500
	fetch.min.bytes = 1
	group.id = Consumer-topic-de585925_a59a_4d73_ae7d_17b6f063df62
	group.instance.id = null
	group.protocol = classic
	group.remote.assignor = null
	heartbeat.interval.ms = 3000
	interceptor.classes = []
	internal.leave.group.on.close = true
	internal.throw.on.fetch.stable.offset.unsupported = false
	isolation.level = read_uncommitted
	key.deserializer = class org.apache.kafka.common.serialization.StringDeserializer
	max.partition.fetch.bytes = 1048576
	max.poll.interval.ms = 300000
	max.poll.records = 500
	metadata.max.age.ms = 300000
	metadata.recovery.strategy = none
	metric.reporters = []
	metrics.num.samples = 2
	metrics.recording.level = INFO
	metrics.sample.window.ms = 30000
	partition.assignment.strategy = [class org.apache.kafka.clients.consumer.RangeAssignor, class org.apache.kafka.clients.consumer.CooperativeStickyAssignor]
	receive.buffer.bytes = 65536
	reconnect.backoff.max.ms = 1000
	reconnect.backoff.ms = 50
	request.timeout.ms = 5000
	retry.backoff.max.ms = 1000
	retry.backoff.ms = 100
	sasl.client.callback.handler.class = null
	sasl.jaas.config = null
	sasl.kerberos.kinit.cmd = /usr/bin/kinit
	sasl.kerberos.min.time.before.relogin = 60000
	sasl.kerberos.service.name = null
	sasl.kerberos.ticket.renew.jitter = 0.05
	sasl.kerberos.ticket.renew.window.factor = 0.8
	sasl.login.callback.handler.class = null
	sasl.login.class = null
	sasl.login.connect.timeout.ms = null
	sasl.login.read.timeout.ms = null
	sasl.login.refresh.buffer.seconds = 300
	sasl.login.refresh.min.period.seconds = 60
	sasl.login.refresh.window.factor = 0.8
	sasl.login.refresh.window.jitter = 0.05
	sasl.login.retry.backoff.max.ms = 10000
	sasl.login.retry.backoff.ms = 100
	sasl.mechanism = GSSAPI
	sasl.oauthbearer.clock.skew.seconds = 30
	sasl.oauthbearer.expected.audience = null
	sasl.oauthbearer.expected.issuer = null
	sasl.oauthbearer.header.urlencode = false
	sasl.oauthbearer.jwks.endpoint.refresh.ms = 3600000
	sasl.oauthbearer.jwks.endpoint.retry.backoff.max.ms = 10000
	sasl.oauthbearer.jwks.endpoint.retry.backoff.ms = 100
	sasl.oauthbearer.jwks.endpoint.url = null
	sasl.oauthbearer.scope.claim.name = scope
	sasl.oauthbearer.sub.claim.name = sub
	sasl.oauthbearer.token.endpoint.url = null
	security.protocol = PLAINTEXT
	security.providers = null
	send.buffer.bytes = 131072
	session.timeout.ms = 45000
	socket.connection.setup.timeout.max.ms = 30000
	socket.connection.setup.timeout.ms = 10000
	ssl.cipher.suites = null
	ssl.enabled.protocols = [TLSv1.2, TLSv1.3]
	ssl.endpoint.identification.algorithm = https
	ssl.engine.factory.class = null
	ssl.key.password = null
	ssl.keymanager.algorithm = SunX509
	ssl.keystore.certificate.chain = null
	ssl.keystore.key = null
	ssl.keystore.location = null
	ssl.keystore.password = null
	ssl.keystore.type = JKS
	ssl.protocol = TLSv1.3
	ssl.provider = null
	ssl.secure.random.implementation = null
	ssl.trustmanager.algorithm = PKIX
	ssl.truststore.certificates = null
	ssl.truststore.location = null
	ssl.truststore.password = null
	ssl.truststore.type = JKS
	value.deserializer = class io.confluent.kafka.serializers.KafkaAvroDeserializer

2025-10-08 17:47:22,564 INFO  [org.apa.kaf.com.tel.int.KafkaMetricsCollector] (main) initializing Kafka metrics collector
2025-10-08 17:47:22,564 INFO  [io.con.kaf.ser.KafkaAvroDeserializerConfig] (main) KafkaAvroDeserializerConfig values: 
	auto.register.schemas = true
	avro.reflection.allow.null = false
	avro.use.logical.type.converters = false
	basic.auth.credentials.source = URL
	basic.auth.user.info = [hidden]
	bearer.auth.cache.expiry.buffer.seconds = 300
	bearer.auth.client.id = null
	bearer.auth.client.secret = null
	bearer.auth.credentials.source = STATIC_TOKEN
	bearer.auth.custom.provider.class = null
	bearer.auth.identity.pool.id = null
	bearer.auth.issuer.endpoint.url = null
	bearer.auth.logical.cluster = null
	bearer.auth.scope = null
	bearer.auth.scope.claim.name = scope
	bearer.auth.sub.claim.name = sub
	bearer.auth.token = [hidden]
	context.name.strategy = class io.confluent.kafka.serializers.context.NullContextNameStrategy
	http.connect.timeout.ms = 60000
	http.read.timeout.ms = 60000
	id.compatibility.strict = true
	key.schema.id.deserializer = class io.confluent.kafka.serializers.schema.id.DualSchemaIdDeserializer
	key.schema.id.serializer = class io.confluent.kafka.serializers.schema.id.PrefixSchemaIdSerializer
	key.subject.name.strategy = class io.confluent.kafka.serializers.subject.TopicNameStrategy
	latest.cache.size = 1000
	latest.cache.ttl.sec = -1
	latest.compatibility.strict = true
	max.retries = 3
	max.schemas.per.subject = 1000
	normalize.schemas = false
	propagate.schema.tags = false
	proxy.host = 
	proxy.port = -1
	retries.max.wait.ms = 20000
	retries.wait.ms = 1000
	rule.actions = []
	rule.executors = []
	rule.service.loader.enable = true
	schema.format = null
	schema.reflection = false
	schema.registry.basic.auth.user.info = [hidden]
	schema.registry.ssl.cipher.suites = null
	schema.registry.ssl.enabled.protocols = [TLSv1.2, TLSv1.3]
	schema.registry.ssl.endpoint.identification.algorithm = https
	schema.registry.ssl.engine.factory.class = null
	schema.registry.ssl.key.password = null
	schema.registry.ssl.keymanager.algorithm = SunX509
	schema.registry.ssl.keystore.certificate.chain = null
	schema.registry.ssl.keystore.key = null
	schema.registry.ssl.keystore.location = null
	schema.registry.ssl.keystore.password = null
	schema.registry.ssl.keystore.type = JKS
	schema.registry.ssl.protocol = TLSv1.3
	schema.registry.ssl.provider = null
	schema.registry.ssl.secure.random.implementation = null
	schema.registry.ssl.trustmanager.algorithm = PKIX
	schema.registry.ssl.truststore.certificates = null
	schema.registry.ssl.truststore.location = null
	schema.registry.ssl.truststore.password = null
	schema.registry.ssl.truststore.type = JKS
	schema.registry.url = [http://registry-app-inmemory.apps.ci419.apicurio-testing.org:80/apis/ccompat/v7]
	schema.registry.url.randomize = false
	specific.avro.key.type = null
	specific.avro.reader = false
	specific.avro.value.type = null
	use.latest.version = false
	use.latest.with.metadata = null
	use.schema.id = -1
	value.schema.id.deserializer = class io.confluent.kafka.serializers.schema.id.DualSchemaIdDeserializer
	value.schema.id.serializer = class io.confluent.kafka.serializers.schema.id.PrefixSchemaIdSerializer
	value.subject.name.strategy = class io.confluent.kafka.serializers.subject.TopicNameStrategy

2025-10-08 17:47:22,567 INFO  [org.apa.kaf.cli.con.ConsumerConfig] (main) These configurations '[schema.registry.url]' were supplied but are not used yet.
2025-10-08 17:47:22,567 INFO  [org.apa.kaf.com.uti.AppInfoParser] (main) Kafka version: 3.9.1
2025-10-08 17:47:22,567 INFO  [org.apa.kaf.com.uti.AppInfoParser] (main) Kafka commitId: f745dfdcee2b9851
2025-10-08 17:47:22,567 INFO  [org.apa.kaf.com.uti.AppInfoParser] (main) Kafka startTimeMs: 1759945642567
2025-10-08 17:47:22,567 INFO  [org.apa.kaf.cli.con.int.ClassicKafkaConsumer] (ForkJoinPool.commonPool-worker-1) [Consumer clientId=consumer-Consumer-topic-de585925_a59a_4d73_ae7d_17b6f063df62-36, groupId=Consumer-topic-de585925_a59a_4d73_ae7d_17b6f063df62] Subscribed to topic(s): topic-de585925_a59a_4d73_ae7d_17b6f063df62
2025-10-08 17:47:22,571 INFO  [org.apa.kaf.cli.Metadata] (ForkJoinPool.commonPool-worker-1) [Consumer clientId=consumer-Consumer-topic-de585925_a59a_4d73_ae7d_17b6f063df62-36, groupId=Consumer-topic-de585925_a59a_4d73_ae7d_17b6f063df62] Cluster ID: Sx1FHBeCRF2NRCdgDzlw-Q
2025-10-08 17:47:22,571 INFO  [org.apa.kaf.cli.con.int.ConsumerCoordinator] (ForkJoinPool.commonPool-worker-1) [Consumer clientId=consumer-Consumer-topic-de585925_a59a_4d73_ae7d_17b6f063df62-36, groupId=Consumer-topic-de585925_a59a_4d73_ae7d_17b6f063df62] Discovered group coordinator localhost:32769 (id: 2147483647 rack: null)
2025-10-08 17:47:22,572 INFO  [org.apa.kaf.cli.con.int.ConsumerCoordinator] (ForkJoinPool.commonPool-worker-1) [Consumer clientId=consumer-Consumer-topic-de585925_a59a_4d73_ae7d_17b6f063df62-36, groupId=Consumer-topic-de585925_a59a_4d73_ae7d_17b6f063df62] (Re-)joining group
2025-10-08 17:47:22,574 INFO  [org.apa.kaf.cli.con.int.ConsumerCoordinator] (ForkJoinPool.commonPool-worker-1) [Consumer clientId=consumer-Consumer-topic-de585925_a59a_4d73_ae7d_17b6f063df62-36, groupId=Consumer-topic-de585925_a59a_4d73_ae7d_17b6f063df62] Request joining group due to: need to re-join with the given member-id: consumer-Consumer-topic-de585925_a59a_4d73_ae7d_17b6f063df62-36-cbf22c36-6254-4eaf-af15-6d1cb68b1d7d
2025-10-08 17:47:22,574 INFO  [org.apa.kaf.cli.con.int.ConsumerCoordinator] (ForkJoinPool.commonPool-worker-1) [Consumer clientId=consumer-Consumer-topic-de585925_a59a_4d73_ae7d_17b6f063df62-36, groupId=Consumer-topic-de585925_a59a_4d73_ae7d_17b6f063df62] (Re-)joining group
2025-10-08 17:47:23,568 INFO  [io.api.tes.ser.api.KafkaSerdesTester] (ForkJoinPool.commonPool-worker-1) None found
2025-10-08 17:47:24,568 INFO  [io.api.tes.ser.api.KafkaSerdesTester] (ForkJoinPool.commonPool-worker-1) None found
2025-10-08 17:47:25,569 INFO  [io.api.tes.ser.api.KafkaSerdesTester] (ForkJoinPool.commonPool-worker-1) None found
2025-10-08 17:47:25,574 INFO  [org.apa.kaf.cli.con.int.ConsumerCoordinator] (ForkJoinPool.commonPool-worker-1) [Consumer clientId=consumer-Consumer-topic-de585925_a59a_4d73_ae7d_17b6f063df62-36, groupId=Consumer-topic-de585925_a59a_4d73_ae7d_17b6f063df62] Successfully joined group with generation Generation{generationId=5, memberId='consumer-Consumer-topic-de585925_a59a_4d73_ae7d_17b6f063df62-36-cbf22c36-6254-4eaf-af15-6d1cb68b1d7d', protocol='range'}
2025-10-08 17:47:25,574 INFO  [org.apa.kaf.cli.con.int.ConsumerCoordinator] (ForkJoinPool.commonPool-worker-1) [Consumer clientId=consumer-Consumer-topic-de585925_a59a_4d73_ae7d_17b6f063df62-36, groupId=Consumer-topic-de585925_a59a_4d73_ae7d_17b6f063df62] Finished assignment for group at generation 5: {consumer-Consumer-topic-de585925_a59a_4d73_ae7d_17b6f063df62-36-cbf22c36-6254-4eaf-af15-6d1cb68b1d7d=Assignment(partitions=[topic-de585925_a59a_4d73_ae7d_17b6f063df62-0])}
2025-10-08 17:47:25,581 INFO  [org.apa.kaf.cli.con.int.ConsumerCoordinator] (ForkJoinPool.commonPool-worker-1) [Consumer clientId=consumer-Consumer-topic-de585925_a59a_4d73_ae7d_17b6f063df62-36, groupId=Consumer-topic-de585925_a59a_4d73_ae7d_17b6f063df62] Successfully synced group in generation Generation{generationId=5, memberId='consumer-Consumer-topic-de585925_a59a_4d73_ae7d_17b6f063df62-36-cbf22c36-6254-4eaf-af15-6d1cb68b1d7d', protocol='range'}
2025-10-08 17:47:25,581 INFO  [org.apa.kaf.cli.con.int.ConsumerCoordinator] (ForkJoinPool.commonPool-worker-1) [Consumer clientId=consumer-Consumer-topic-de585925_a59a_4d73_ae7d_17b6f063df62-36, groupId=Consumer-topic-de585925_a59a_4d73_ae7d_17b6f063df62] Notifying assignor about the new Assignment(partitions=[topic-de585925_a59a_4d73_ae7d_17b6f063df62-0])
2025-10-08 17:47:25,581 INFO  [org.apa.kaf.cli.con.int.ConsumerRebalanceListenerInvoker] (ForkJoinPool.commonPool-worker-1) [Consumer clientId=consumer-Consumer-topic-de585925_a59a_4d73_ae7d_17b6f063df62-36, groupId=Consumer-topic-de585925_a59a_4d73_ae7d_17b6f063df62] Adding newly assigned partitions: topic-de585925_a59a_4d73_ae7d_17b6f063df62-0
2025-10-08 17:47:25,581 INFO  [org.apa.kaf.cli.con.int.ConsumerUtils] (ForkJoinPool.commonPool-worker-1) Setting offset for partition topic-de585925_a59a_4d73_ae7d_17b6f063df62-0 to the committed offset FetchPosition{offset=30, offsetEpoch=Optional[0], currentLeader=LeaderAndEpoch{leader=Optional[localhost:32769 (id: 0 rack: null)], epoch=0}}
2025-10-08 17:47:25,795 INFO  [io.api.tes.ser.api.KafkaSerdesTester] (ForkJoinPool.commonPool-worker-1) topic-de585925_a59a_4d73_ae7d_17b6f063df62 0 30 {"key1": "value-0", "key2": "value-0", "key3": "value-0"}
2025-10-08 17:47:25,795 INFO  [io.api.tes.ser.api.KafkaSerdesTester] (ForkJoinPool.commonPool-worker-1) topic-de585925_a59a_4d73_ae7d_17b6f063df62 0 31 {"key1": "value-1", "key2": "value-1", "key3": "value-1"}
2025-10-08 17:47:25,795 INFO  [io.api.tes.ser.api.KafkaSerdesTester] (ForkJoinPool.commonPool-worker-1) topic-de585925_a59a_4d73_ae7d_17b6f063df62 0 32 {"key1": "value-2", "key2": "value-2", "key3": "value-2"}
2025-10-08 17:47:25,795 INFO  [io.api.tes.ser.api.KafkaSerdesTester] (ForkJoinPool.commonPool-worker-1) topic-de585925_a59a_4d73_ae7d_17b6f063df62 0 33 {"key1": "value-3", "key2": "value-3", "key3": "value-3"}
2025-10-08 17:47:25,795 INFO  [io.api.tes.ser.api.KafkaSerdesTester] (ForkJoinPool.commonPool-worker-1) topic-de585925_a59a_4d73_ae7d_17b6f063df62 0 34 {"key1": "value-4", "key2": "value-4", "key3": "value-4"}
2025-10-08 17:47:25,795 INFO  [io.api.tes.ser.api.KafkaSerdesTester] (ForkJoinPool.commonPool-worker-1) topic-de585925_a59a_4d73_ae7d_17b6f063df62 0 35 {"key1": "value-5", "key2": "value-5", "key3": "value-5"}
2025-10-08 17:47:25,795 INFO  [io.api.tes.ser.api.KafkaSerdesTester] (ForkJoinPool.commonPool-worker-1) topic-de585925_a59a_4d73_ae7d_17b6f063df62 0 36 {"key1": "value-6", "key2": "value-6", "key3": "value-6"}
2025-10-08 17:47:25,795 INFO  [io.api.tes.ser.api.KafkaSerdesTester] (ForkJoinPool.commonPool-worker-1) topic-de585925_a59a_4d73_ae7d_17b6f063df62 0 37 {"key1": "value-7", "key2": "value-7", "key3": "value-7"}
2025-10-08 17:47:25,795 INFO  [io.api.tes.ser.api.KafkaSerdesTester] (ForkJoinPool.commonPool-worker-1) topic-de585925_a59a_4d73_ae7d_17b6f063df62 0 38 {"key1": "value-8", "key2": "value-8", "key3": "value-8"}
2025-10-08 17:47:25,795 INFO  [io.api.tes.ser.api.KafkaSerdesTester] (ForkJoinPool.commonPool-worker-1) topic-de585925_a59a_4d73_ae7d_17b6f063df62 0 39 {"key1": "value-9", "key2": "value-9", "key3": "value-9"}
2025-10-08 17:47:25,795 INFO  [io.api.tes.ser.api.KafkaSerdesTester] (ForkJoinPool.commonPool-worker-1) topic-de585925_a59a_4d73_ae7d_17b6f063df62 0 40 {"key1": "value-0", "key2": "value-0"}
2025-10-08 17:47:25,795 INFO  [io.api.tes.ser.api.KafkaSerdesTester] (ForkJoinPool.commonPool-worker-1) topic-de585925_a59a_4d73_ae7d_17b6f063df62 0 41 {"key1": "value-1", "key2": "value-1"}
2025-10-08 17:47:25,795 INFO  [io.api.tes.ser.api.KafkaSerdesTester] (ForkJoinPool.commonPool-worker-1) topic-de585925_a59a_4d73_ae7d_17b6f063df62 0 42 {"key1": "value-2", "key2": "value-2"}
2025-10-08 17:47:25,795 INFO  [io.api.tes.ser.api.KafkaSerdesTester] (ForkJoinPool.commonPool-worker-1) topic-de585925_a59a_4d73_ae7d_17b6f063df62 0 43 {"key1": "value-3", "key2": "value-3"}
2025-10-08 17:47:25,795 INFO  [io.api.tes.ser.api.KafkaSerdesTester] (ForkJoinPool.commonPool-worker-1) topic-de585925_a59a_4d73_ae7d_17b6f063df62 0 44 {"key1": "value-4", "key2": "value-4"}
2025-10-08 17:47:25,795 INFO  [io.api.tes.ser.api.KafkaSerdesTester] (ForkJoinPool.commonPool-worker-1) topic-de585925_a59a_4d73_ae7d_17b6f063df62 0 45 {"key1": "value-5", "key2": "value-5"}
2025-10-08 17:47:25,795 INFO  [io.api.tes.ser.api.KafkaSerdesTester] (ForkJoinPool.commonPool-worker-1) topic-de585925_a59a_4d73_ae7d_17b6f063df62 0 46 {"key1": "value-6", "key2": "value-6"}
2025-10-08 17:47:25,795 INFO  [io.api.tes.ser.api.KafkaSerdesTester] (ForkJoinPool.commonPool-worker-1) topic-de585925_a59a_4d73_ae7d_17b6f063df62 0 47 {"key1": "value-7", "key2": "value-7"}
2025-10-08 17:47:25,795 INFO  [io.api.tes.ser.api.KafkaSerdesTester] (ForkJoinPool.commonPool-worker-1) topic-de585925_a59a_4d73_ae7d_17b6f063df62 0 48 {"key1": "value-8", "key2": "value-8"}
2025-10-08 17:47:25,795 INFO  [io.api.tes.ser.api.KafkaSerdesTester] (ForkJoinPool.commonPool-worker-1) topic-de585925_a59a_4d73_ae7d_17b6f063df62 0 49 {"key1": "value-9", "key2": "value-9"}
2025-10-08 17:47:25,795 INFO  [io.api.tes.ser.api.KafkaSerdesTester] (ForkJoinPool.commonPool-worker-1) topic-de585925_a59a_4d73_ae7d_17b6f063df62 0 50 {"key1": "value-0"}
2025-10-08 17:47:25,795 INFO  [io.api.tes.ser.api.KafkaSerdesTester] (ForkJoinPool.commonPool-worker-1) topic-de585925_a59a_4d73_ae7d_17b6f063df62 0 51 {"key1": "value-1"}
2025-10-08 17:47:25,795 INFO  [io.api.tes.ser.api.KafkaSerdesTester] (ForkJoinPool.commonPool-worker-1) topic-de585925_a59a_4d73_ae7d_17b6f063df62 0 52 {"key1": "value-2"}
2025-10-08 17:47:25,795 INFO  [io.api.tes.ser.api.KafkaSerdesTester] (ForkJoinPool.commonPool-worker-1) topic-de585925_a59a_4d73_ae7d_17b6f063df62 0 53 {"key1": "value-3"}
2025-10-08 17:47:25,795 INFO  [io.api.tes.ser.api.KafkaSerdesTester] (ForkJoinPool.commonPool-worker-1) topic-de585925_a59a_4d73_ae7d_17b6f063df62 0 54 {"key1": "value-4"}
2025-10-08 17:47:25,795 INFO  [io.api.tes.ser.api.KafkaSerdesTester] (ForkJoinPool.commonPool-worker-1) topic-de585925_a59a_4d73_ae7d_17b6f063df62 0 55 {"key1": "value-5"}
2025-10-08 17:47:25,795 INFO  [io.api.tes.ser.api.KafkaSerdesTester] (ForkJoinPool.commonPool-worker-1) topic-de585925_a59a_4d73_ae7d_17b6f063df62 0 56 {"key1": "value-6"}
2025-10-08 17:47:25,795 INFO  [io.api.tes.ser.api.KafkaSerdesTester] (ForkJoinPool.commonPool-worker-1) topic-de585925_a59a_4d73_ae7d_17b6f063df62 0 57 {"key1": "value-7"}
2025-10-08 17:47:25,795 INFO  [io.api.tes.ser.api.KafkaSerdesTester] (ForkJoinPool.commonPool-worker-1) topic-de585925_a59a_4d73_ae7d_17b6f063df62 0 58 {"key1": "value-8"}
2025-10-08 17:47:25,795 INFO  [io.api.tes.ser.api.KafkaSerdesTester] (ForkJoinPool.commonPool-worker-1) topic-de585925_a59a_4d73_ae7d_17b6f063df62 0 59 {"key1": "value-9"}
2025-10-08 17:47:25,795 INFO  [io.api.tes.ser.api.KafkaSerdesTester] (ForkJoinPool.commonPool-worker-1) Consumed 30 messages
2025-10-08 17:47:25,802 INFO  [org.apa.kaf.cli.con.int.ConsumerRebalanceListenerInvoker] (ForkJoinPool.commonPool-worker-1) [Consumer clientId=consumer-Consumer-topic-de585925_a59a_4d73_ae7d_17b6f063df62-36, groupId=Consumer-topic-de585925_a59a_4d73_ae7d_17b6f063df62] Revoke previously assigned partitions topic-de585925_a59a_4d73_ae7d_17b6f063df62-0
2025-10-08 17:47:25,802 INFO  [org.apa.kaf.cli.con.int.ConsumerCoordinator] (ForkJoinPool.commonPool-worker-1) [Consumer clientId=consumer-Consumer-topic-de585925_a59a_4d73_ae7d_17b6f063df62-36, groupId=Consumer-topic-de585925_a59a_4d73_ae7d_17b6f063df62] Member consumer-Consumer-topic-de585925_a59a_4d73_ae7d_17b6f063df62-36-cbf22c36-6254-4eaf-af15-6d1cb68b1d7d sending LeaveGroup request to coordinator localhost:32769 (id: 2147483647 rack: null) due to the consumer is being closed
2025-10-08 17:47:25,802 INFO  [org.apa.kaf.cli.con.int.ConsumerCoordinator] (ForkJoinPool.commonPool-worker-1) [Consumer clientId=consumer-Consumer-topic-de585925_a59a_4d73_ae7d_17b6f063df62-36, groupId=Consumer-topic-de585925_a59a_4d73_ae7d_17b6f063df62] Resetting generation and member id due to: consumer pro-actively leaving the group
2025-10-08 17:47:25,802 INFO  [org.apa.kaf.cli.con.int.ConsumerCoordinator] (ForkJoinPool.commonPool-worker-1) [Consumer clientId=consumer-Consumer-topic-de585925_a59a_4d73_ae7d_17b6f063df62-36, groupId=Consumer-topic-de585925_a59a_4d73_ae7d_17b6f063df62] Request joining group due to: consumer pro-actively leaving the group
2025-10-08 17:47:26,297 INFO  [org.apa.kaf.com.met.Metrics] (ForkJoinPool.commonPool-worker-1) Metrics scheduler closed
2025-10-08 17:47:26,297 INFO  [org.apa.kaf.com.met.Metrics] (ForkJoinPool.commonPool-worker-1) Closing reporter org.apache.kafka.common.metrics.JmxReporter
2025-10-08 17:47:26,297 INFO  [org.apa.kaf.com.met.Metrics] (ForkJoinPool.commonPool-worker-1) Closing reporter org.apache.kafka.common.telemetry.internals.ClientTelemetryReporter
2025-10-08 17:47:26,297 INFO  [org.apa.kaf.com.met.Metrics] (ForkJoinPool.commonPool-worker-1) Metrics reporters closed
2025-10-08 17:47:26,298 INFO  [org.apa.kaf.com.uti.AppInfoParser] (ForkJoinPool.commonPool-worker-1) App info kafka.consumer for consumer-Consumer-topic-de585925_a59a_4d73_ae7d_17b6f063df62-36 unregistered
2025-10-08 17:47:26,298 INFO  [org.apa.kaf.cli.pro.KafkaProducer] (main) [Producer clientId=Producer-topic-de585925_a59a_4d73_ae7d_17b6f063df62] Closing the Kafka producer with timeoutMillis = 9223372036854775807 ms.
2025-10-08 17:47:26,298 INFO  [org.apa.kaf.com.met.Metrics] (main) Metrics scheduler closed
2025-10-08 17:47:26,298 INFO  [org.apa.kaf.com.met.Metrics] (main) Closing reporter org.apache.kafka.common.metrics.JmxReporter
2025-10-08 17:47:26,298 INFO  [org.apa.kaf.com.met.Metrics] (main) Closing reporter org.apache.kafka.common.telemetry.internals.ClientTelemetryReporter
2025-10-08 17:47:26,299 INFO  [org.apa.kaf.com.met.Metrics] (main) Metrics reporters closed
2025-10-08 17:47:26,299 INFO  [org.apa.kaf.com.uti.AppInfoParser] (main) App info kafka.producer for Producer-topic-de585925_a59a_4d73_ae7d_17b6f063df62 unregistered
2025-10-08 17:47:26,436 INFO  [io.api.tes.ser.con.BasicConfluentSerDesIT] (main) Deleting confluent schema topic-de585925_a59a_4d73_ae7d_17b6f063df62-s6d089ff7x7722x498fxbe3axbcba5b832660
2025-10-08 17:47:26,510 INFO  [io.api.tes.uti.TestSeparator] (main) io.apicurio.tests.serdes.confluent.BasicConfluentSerDesIT.testEvolveAvroConfluent-FINISHED
2025-10-08 17:47:26,510 INFO  [io.api.tes.uti.TestSeparator] (main) ############################################################################
Test passed: testEvolveAvroConfluent
]]></system-out>
  </testcase>
  <testcase name="testAvroConfluentSerDes" classname="io.apicurio.tests.serdes.confluent.BasicConfluentSerDesIT" time="4.108">
    <system-out><![CDATA[2025-10-08 17:47:26,511 INFO  [io.api.tes.uti.TestSeparator] (main) ############################################################################
2025-10-08 17:47:26,511 INFO  [io.api.tes.uti.TestSeparator] (main) io.apicurio.tests.serdes.confluent.BasicConfluentSerDesIT.testAvroConfluentSerDes-STARTED
2025-10-08 17:47:26,654 INFO  [io.api.tes.ser.con.BasicConfluentSerDesIT] (main) Checking that created schema is equal to the get schema
2025-10-08 17:47:26,725 INFO  [io.api.tes.ser.con.BasicConfluentSerDesIT] (main) Created schema with id:111 and name:myrecordconfluent1
**** Registry Base URL: http://registry-app-inmemory.apps.ci419.apicurio-testing.org:80
2025-10-08 17:47:26,726 INFO  [org.apa.kaf.cli.pro.ProducerConfig] (main) ProducerConfig values: 
	acks = -1
	auto.include.jmx.reporter = true
	batch.size = 16384
	bootstrap.servers = [PLAINTEXT://localhost:32769]
	buffer.memory = 33554432
	client.dns.lookup = use_all_dns_ips
	client.id = Producer-topic-613cd194_adef_46b6_a12c_7bb9fed93e76
	compression.gzip.level = -1
	compression.lz4.level = 9
	compression.type = none
	compression.zstd.level = 3
	connections.max.idle.ms = 10000
	delivery.timeout.ms = 120000
	enable.idempotence = true
	enable.metrics.push = true
	interceptor.classes = []
	key.serializer = class org.apache.kafka.common.serialization.StringSerializer
	linger.ms = 0
	max.block.ms = 60000
	max.in.flight.requests.per.connection = 5
	max.request.size = 1048576
	metadata.max.age.ms = 300000
	metadata.max.idle.ms = 300000
	metadata.recovery.strategy = none
	metric.reporters = []
	metrics.num.samples = 2
	metrics.recording.level = INFO
	metrics.sample.window.ms = 30000
	partitioner.adaptive.partitioning.enable = true
	partitioner.availability.timeout.ms = 0
	partitioner.class = null
	partitioner.ignore.keys = false
	receive.buffer.bytes = 32768
	reconnect.backoff.max.ms = 1000
	reconnect.backoff.ms = 50
	request.timeout.ms = 5000
	retries = 2147483647
	retry.backoff.max.ms = 1000
	retry.backoff.ms = 100
	sasl.client.callback.handler.class = null
	sasl.jaas.config = null
	sasl.kerberos.kinit.cmd = /usr/bin/kinit
	sasl.kerberos.min.time.before.relogin = 60000
	sasl.kerberos.service.name = null
	sasl.kerberos.ticket.renew.jitter = 0.05
	sasl.kerberos.ticket.renew.window.factor = 0.8
	sasl.login.callback.handler.class = null
	sasl.login.class = null
	sasl.login.connect.timeout.ms = null
	sasl.login.read.timeout.ms = null
	sasl.login.refresh.buffer.seconds = 300
	sasl.login.refresh.min.period.seconds = 60
	sasl.login.refresh.window.factor = 0.8
	sasl.login.refresh.window.jitter = 0.05
	sasl.login.retry.backoff.max.ms = 10000
	sasl.login.retry.backoff.ms = 100
	sasl.mechanism = GSSAPI
	sasl.oauthbearer.clock.skew.seconds = 30
	sasl.oauthbearer.expected.audience = null
	sasl.oauthbearer.expected.issuer = null
	sasl.oauthbearer.header.urlencode = false
	sasl.oauthbearer.jwks.endpoint.refresh.ms = 3600000
	sasl.oauthbearer.jwks.endpoint.retry.backoff.max.ms = 10000
	sasl.oauthbearer.jwks.endpoint.retry.backoff.ms = 100
	sasl.oauthbearer.jwks.endpoint.url = null
	sasl.oauthbearer.scope.claim.name = scope
	sasl.oauthbearer.sub.claim.name = sub
	sasl.oauthbearer.token.endpoint.url = null
	security.protocol = PLAINTEXT
	security.providers = null
	send.buffer.bytes = 131072
	socket.connection.setup.timeout.max.ms = 30000
	socket.connection.setup.timeout.ms = 10000
	ssl.cipher.suites = null
	ssl.enabled.protocols = [TLSv1.2, TLSv1.3]
	ssl.endpoint.identification.algorithm = https
	ssl.engine.factory.class = null
	ssl.key.password = null
	ssl.keymanager.algorithm = SunX509
	ssl.keystore.certificate.chain = null
	ssl.keystore.key = null
	ssl.keystore.location = null
	ssl.keystore.password = null
	ssl.keystore.type = JKS
	ssl.protocol = TLSv1.3
	ssl.provider = null
	ssl.secure.random.implementation = null
	ssl.trustmanager.algorithm = PKIX
	ssl.truststore.certificates = null
	ssl.truststore.location = null
	ssl.truststore.password = null
	ssl.truststore.type = JKS
	transaction.timeout.ms = 60000
	transactional.id = null
	value.serializer = class io.confluent.kafka.serializers.KafkaAvroSerializer

2025-10-08 17:47:26,726 INFO  [org.apa.kaf.com.tel.int.KafkaMetricsCollector] (main) initializing Kafka metrics collector
2025-10-08 17:47:26,727 INFO  [io.con.kaf.ser.KafkaAvroSerializerConfig] (main) KafkaAvroSerializerConfig values: 
	auto.register.schemas = false
	avro.reflection.allow.null = false
	avro.remove.java.properties = false
	avro.use.logical.type.converters = false
	basic.auth.credentials.source = URL
	basic.auth.user.info = [hidden]
	bearer.auth.cache.expiry.buffer.seconds = 300
	bearer.auth.client.id = null
	bearer.auth.client.secret = null
	bearer.auth.credentials.source = STATIC_TOKEN
	bearer.auth.custom.provider.class = null
	bearer.auth.identity.pool.id = null
	bearer.auth.issuer.endpoint.url = null
	bearer.auth.logical.cluster = null
	bearer.auth.scope = null
	bearer.auth.scope.claim.name = scope
	bearer.auth.sub.claim.name = sub
	bearer.auth.token = [hidden]
	context.name.strategy = class io.confluent.kafka.serializers.context.NullContextNameStrategy
	http.connect.timeout.ms = 60000
	http.read.timeout.ms = 60000
	id.compatibility.strict = true
	key.schema.id.deserializer = class io.confluent.kafka.serializers.schema.id.DualSchemaIdDeserializer
	key.schema.id.serializer = class io.confluent.kafka.serializers.schema.id.PrefixSchemaIdSerializer
	key.subject.name.strategy = class io.confluent.kafka.serializers.subject.TopicNameStrategy
	latest.cache.size = 1000
	latest.cache.ttl.sec = -1
	latest.compatibility.strict = true
	max.retries = 3
	max.schemas.per.subject = 1000
	normalize.schemas = false
	propagate.schema.tags = false
	proxy.host = 
	proxy.port = -1
	retries.max.wait.ms = 20000
	retries.wait.ms = 1000
	rule.actions = []
	rule.executors = []
	rule.service.loader.enable = true
	schema.format = null
	schema.reflection = false
	schema.registry.basic.auth.user.info = [hidden]
	schema.registry.ssl.cipher.suites = null
	schema.registry.ssl.enabled.protocols = [TLSv1.2, TLSv1.3]
	schema.registry.ssl.endpoint.identification.algorithm = https
	schema.registry.ssl.engine.factory.class = null
	schema.registry.ssl.key.password = null
	schema.registry.ssl.keymanager.algorithm = SunX509
	schema.registry.ssl.keystore.certificate.chain = null
	schema.registry.ssl.keystore.key = null
	schema.registry.ssl.keystore.location = null
	schema.registry.ssl.keystore.password = null
	schema.registry.ssl.keystore.type = JKS
	schema.registry.ssl.protocol = TLSv1.3
	schema.registry.ssl.provider = null
	schema.registry.ssl.secure.random.implementation = null
	schema.registry.ssl.trustmanager.algorithm = PKIX
	schema.registry.ssl.truststore.certificates = null
	schema.registry.ssl.truststore.location = null
	schema.registry.ssl.truststore.password = null
	schema.registry.ssl.truststore.type = JKS
	schema.registry.url = [http://registry-app-inmemory.apps.ci419.apicurio-testing.org:80/apis/ccompat/v7]
	schema.registry.url.randomize = false
	use.latest.version = false
	use.latest.with.metadata = null
	use.schema.id = -1
	value.schema.id.deserializer = class io.confluent.kafka.serializers.schema.id.DualSchemaIdDeserializer
	value.schema.id.serializer = class io.confluent.kafka.serializers.schema.id.PrefixSchemaIdSerializer
	value.subject.name.strategy = class io.confluent.kafka.serializers.subject.TopicNameStrategy

2025-10-08 17:47:26,728 INFO  [org.apa.kaf.cli.pro.KafkaProducer] (main) [Producer clientId=Producer-topic-613cd194_adef_46b6_a12c_7bb9fed93e76] Instantiated an idempotent producer.
2025-10-08 17:47:26,729 INFO  [org.apa.kaf.cli.pro.ProducerConfig] (main) These configurations '[schema.registry.url, auto.register.schemas, value.subject.name.strategy]' were supplied but are not used yet.
2025-10-08 17:47:26,729 INFO  [org.apa.kaf.com.uti.AppInfoParser] (main) Kafka version: 3.9.1
2025-10-08 17:47:26,729 INFO  [org.apa.kaf.com.uti.AppInfoParser] (main) Kafka commitId: f745dfdcee2b9851
2025-10-08 17:47:26,729 INFO  [org.apa.kaf.com.uti.AppInfoParser] (main) Kafka startTimeMs: 1759945646729
2025-10-08 17:47:26,729 INFO  [io.api.tes.ser.api.SimpleSerdesTesterBuilder$SimpleSerdesTester] (main) Using producer configuration: {schema.registry.url=http://registry-app-inmemory.apps.ci419.apicurio-testing.org:80/apis/ccompat/v7, value.serializer=io.confluent.kafka.serializers.KafkaAvroSerializer, request.timeout.ms=5000, auto.register.schemas=false, acks=all, bootstrap.servers=PLAINTEXT://localhost:32769, connections.max.idle.ms=10000, key.serializer=org.apache.kafka.common.serialization.StringSerializer, value.subject.name.strategy=io.confluent.kafka.serializers.subject.TopicNameStrategy, client.id=Producer-topic-613cd194_adef_46b6_a12c_7bb9fed93e76}
2025-10-08 17:47:26,729 INFO  [io.api.tes.ser.api.SimpleSerdesTesterBuilder$SimpleSerdesTester] (main) Using consumer configuration: {}
2025-10-08 17:47:26,729 INFO  [io.api.tes.ser.api.KafkaSerdesTester] (ForkJoinPool.commonPool-worker-1) Sending message {"key1": "value-0"} to topic topic-613cd194_adef_46b6_a12c_7bb9fed93e76
2025-10-08 17:47:26,731 INFO  [org.apa.kaf.cli.Metadata] (kafka-producer-network-thread | Producer-topic-613cd194_adef_46b6_a12c_7bb9fed93e76) [Producer clientId=Producer-topic-613cd194_adef_46b6_a12c_7bb9fed93e76] Cluster ID: Sx1FHBeCRF2NRCdgDzlw-Q
2025-10-08 17:47:26,731 INFO  [org.apa.kaf.cli.pro.int.TransactionManager] (kafka-producer-network-thread | Producer-topic-613cd194_adef_46b6_a12c_7bb9fed93e76) [Producer clientId=Producer-topic-613cd194_adef_46b6_a12c_7bb9fed93e76] ProducerId set to 50 with epoch 0
2025-10-08 17:47:26,804 INFO  [io.api.tes.ser.api.KafkaSerdesTester] (ForkJoinPool.commonPool-worker-1) Sending message {"key1": "value-1"} to topic topic-613cd194_adef_46b6_a12c_7bb9fed93e76
2025-10-08 17:47:26,805 INFO  [io.api.tes.ser.api.KafkaSerdesTester] (ForkJoinPool.commonPool-worker-1) Sending message {"key1": "value-2"} to topic topic-613cd194_adef_46b6_a12c_7bb9fed93e76
2025-10-08 17:47:26,806 INFO  [io.api.tes.ser.api.KafkaSerdesTester] (ForkJoinPool.commonPool-worker-1) Sending message {"key1": "value-3"} to topic topic-613cd194_adef_46b6_a12c_7bb9fed93e76
2025-10-08 17:47:26,807 INFO  [io.api.tes.ser.api.KafkaSerdesTester] (ForkJoinPool.commonPool-worker-1) Sending message {"key1": "value-4"} to topic topic-613cd194_adef_46b6_a12c_7bb9fed93e76
2025-10-08 17:47:26,808 INFO  [io.api.tes.ser.api.KafkaSerdesTester] (ForkJoinPool.commonPool-worker-1) Sending message {"key1": "value-5"} to topic topic-613cd194_adef_46b6_a12c_7bb9fed93e76
2025-10-08 17:47:26,808 INFO  [io.api.tes.ser.api.KafkaSerdesTester] (ForkJoinPool.commonPool-worker-1) Sending message {"key1": "value-6"} to topic topic-613cd194_adef_46b6_a12c_7bb9fed93e76
2025-10-08 17:47:26,809 INFO  [io.api.tes.ser.api.KafkaSerdesTester] (ForkJoinPool.commonPool-worker-1) Sending message {"key1": "value-7"} to topic topic-613cd194_adef_46b6_a12c_7bb9fed93e76
2025-10-08 17:47:26,810 INFO  [io.api.tes.ser.api.KafkaSerdesTester] (ForkJoinPool.commonPool-worker-1) Sending message {"key1": "value-8"} to topic topic-613cd194_adef_46b6_a12c_7bb9fed93e76
2025-10-08 17:47:26,811 INFO  [io.api.tes.ser.api.KafkaSerdesTester] (ForkJoinPool.commonPool-worker-1) Sending message {"key1": "value-9"} to topic topic-613cd194_adef_46b6_a12c_7bb9fed93e76
2025-10-08 17:47:26,811 INFO  [io.api.tes.ser.api.KafkaSerdesTester] (ForkJoinPool.commonPool-worker-1) Produced 10 messages
2025-10-08 17:47:26,811 INFO  [org.apa.kaf.cli.pro.KafkaProducer] (ForkJoinPool.commonPool-worker-1) [Producer clientId=Producer-topic-613cd194_adef_46b6_a12c_7bb9fed93e76] Closing the Kafka producer with timeoutMillis = 9223372036854775807 ms.
2025-10-08 17:47:26,812 INFO  [org.apa.kaf.com.met.Metrics] (ForkJoinPool.commonPool-worker-1) Metrics scheduler closed
2025-10-08 17:47:26,813 INFO  [org.apa.kaf.com.met.Metrics] (ForkJoinPool.commonPool-worker-1) Closing reporter org.apache.kafka.common.metrics.JmxReporter
2025-10-08 17:47:26,813 INFO  [org.apa.kaf.com.met.Metrics] (ForkJoinPool.commonPool-worker-1) Closing reporter org.apache.kafka.common.telemetry.internals.ClientTelemetryReporter
2025-10-08 17:47:26,813 INFO  [org.apa.kaf.com.met.Metrics] (ForkJoinPool.commonPool-worker-1) Metrics reporters closed
2025-10-08 17:47:26,813 INFO  [org.apa.kaf.com.uti.AppInfoParser] (ForkJoinPool.commonPool-worker-1) App info kafka.producer for Producer-topic-613cd194_adef_46b6_a12c_7bb9fed93e76 unregistered
**** Registry Base URL: http://registry-app-inmemory.apps.ci419.apicurio-testing.org:80
2025-10-08 17:47:26,813 INFO  [org.apa.kaf.cli.con.ConsumerConfig] (main) ConsumerConfig values: 
	allow.auto.create.topics = true
	auto.commit.interval.ms = 500
	auto.include.jmx.reporter = true
	auto.offset.reset = earliest
	bootstrap.servers = [PLAINTEXT://localhost:32769]
	check.crcs = true
	client.dns.lookup = use_all_dns_ips
	client.id = consumer-Consumer-topic-613cd194_adef_46b6_a12c_7bb9fed93e76-37
	client.rack = 
	connections.max.idle.ms = 10000
	default.api.timeout.ms = 60000
	enable.auto.commit = true
	enable.metrics.push = true
	exclude.internal.topics = true
	fetch.max.bytes = 52428800
	fetch.max.wait.ms = 500
	fetch.min.bytes = 1
	group.id = Consumer-topic-613cd194_adef_46b6_a12c_7bb9fed93e76
	group.instance.id = null
	group.protocol = classic
	group.remote.assignor = null
	heartbeat.interval.ms = 3000
	interceptor.classes = []
	internal.leave.group.on.close = true
	internal.throw.on.fetch.stable.offset.unsupported = false
	isolation.level = read_uncommitted
	key.deserializer = class org.apache.kafka.common.serialization.StringDeserializer
	max.partition.fetch.bytes = 1048576
	max.poll.interval.ms = 300000
	max.poll.records = 500
	metadata.max.age.ms = 300000
	metadata.recovery.strategy = none
	metric.reporters = []
	metrics.num.samples = 2
	metrics.recording.level = INFO
	metrics.sample.window.ms = 30000
	partition.assignment.strategy = [class org.apache.kafka.clients.consumer.RangeAssignor, class org.apache.kafka.clients.consumer.CooperativeStickyAssignor]
	receive.buffer.bytes = 65536
	reconnect.backoff.max.ms = 1000
	reconnect.backoff.ms = 50
	request.timeout.ms = 5000
	retry.backoff.max.ms = 1000
	retry.backoff.ms = 100
	sasl.client.callback.handler.class = null
	sasl.jaas.config = null
	sasl.kerberos.kinit.cmd = /usr/bin/kinit
	sasl.kerberos.min.time.before.relogin = 60000
	sasl.kerberos.service.name = null
	sasl.kerberos.ticket.renew.jitter = 0.05
	sasl.kerberos.ticket.renew.window.factor = 0.8
	sasl.login.callback.handler.class = null
	sasl.login.class = null
	sasl.login.connect.timeout.ms = null
	sasl.login.read.timeout.ms = null
	sasl.login.refresh.buffer.seconds = 300
	sasl.login.refresh.min.period.seconds = 60
	sasl.login.refresh.window.factor = 0.8
	sasl.login.refresh.window.jitter = 0.05
	sasl.login.retry.backoff.max.ms = 10000
	sasl.login.retry.backoff.ms = 100
	sasl.mechanism = GSSAPI
	sasl.oauthbearer.clock.skew.seconds = 30
	sasl.oauthbearer.expected.audience = null
	sasl.oauthbearer.expected.issuer = null
	sasl.oauthbearer.header.urlencode = false
	sasl.oauthbearer.jwks.endpoint.refresh.ms = 3600000
	sasl.oauthbearer.jwks.endpoint.retry.backoff.max.ms = 10000
	sasl.oauthbearer.jwks.endpoint.retry.backoff.ms = 100
	sasl.oauthbearer.jwks.endpoint.url = null
	sasl.oauthbearer.scope.claim.name = scope
	sasl.oauthbearer.sub.claim.name = sub
	sasl.oauthbearer.token.endpoint.url = null
	security.protocol = PLAINTEXT
	security.providers = null
	send.buffer.bytes = 131072
	session.timeout.ms = 45000
	socket.connection.setup.timeout.max.ms = 30000
	socket.connection.setup.timeout.ms = 10000
	ssl.cipher.suites = null
	ssl.enabled.protocols = [TLSv1.2, TLSv1.3]
	ssl.endpoint.identification.algorithm = https
	ssl.engine.factory.class = null
	ssl.key.password = null
	ssl.keymanager.algorithm = SunX509
	ssl.keystore.certificate.chain = null
	ssl.keystore.key = null
	ssl.keystore.location = null
	ssl.keystore.password = null
	ssl.keystore.type = JKS
	ssl.protocol = TLSv1.3
	ssl.provider = null
	ssl.secure.random.implementation = null
	ssl.trustmanager.algorithm = PKIX
	ssl.truststore.certificates = null
	ssl.truststore.location = null
	ssl.truststore.password = null
	ssl.truststore.type = JKS
	value.deserializer = class io.confluent.kafka.serializers.KafkaAvroDeserializer

2025-10-08 17:47:26,813 INFO  [org.apa.kaf.com.tel.int.KafkaMetricsCollector] (main) initializing Kafka metrics collector
2025-10-08 17:47:26,813 INFO  [io.con.kaf.ser.KafkaAvroDeserializerConfig] (main) KafkaAvroDeserializerConfig values: 
	auto.register.schemas = true
	avro.reflection.allow.null = false
	avro.use.logical.type.converters = false
	basic.auth.credentials.source = URL
	basic.auth.user.info = [hidden]
	bearer.auth.cache.expiry.buffer.seconds = 300
	bearer.auth.client.id = null
	bearer.auth.client.secret = null
	bearer.auth.credentials.source = STATIC_TOKEN
	bearer.auth.custom.provider.class = null
	bearer.auth.identity.pool.id = null
	bearer.auth.issuer.endpoint.url = null
	bearer.auth.logical.cluster = null
	bearer.auth.scope = null
	bearer.auth.scope.claim.name = scope
	bearer.auth.sub.claim.name = sub
	bearer.auth.token = [hidden]
	context.name.strategy = class io.confluent.kafka.serializers.context.NullContextNameStrategy
	http.connect.timeout.ms = 60000
	http.read.timeout.ms = 60000
	id.compatibility.strict = true
	key.schema.id.deserializer = class io.confluent.kafka.serializers.schema.id.DualSchemaIdDeserializer
	key.schema.id.serializer = class io.confluent.kafka.serializers.schema.id.PrefixSchemaIdSerializer
	key.subject.name.strategy = class io.confluent.kafka.serializers.subject.TopicNameStrategy
	latest.cache.size = 1000
	latest.cache.ttl.sec = -1
	latest.compatibility.strict = true
	max.retries = 3
	max.schemas.per.subject = 1000
	normalize.schemas = false
	propagate.schema.tags = false
	proxy.host = 
	proxy.port = -1
	retries.max.wait.ms = 20000
	retries.wait.ms = 1000
	rule.actions = []
	rule.executors = []
	rule.service.loader.enable = true
	schema.format = null
	schema.reflection = false
	schema.registry.basic.auth.user.info = [hidden]
	schema.registry.ssl.cipher.suites = null
	schema.registry.ssl.enabled.protocols = [TLSv1.2, TLSv1.3]
	schema.registry.ssl.endpoint.identification.algorithm = https
	schema.registry.ssl.engine.factory.class = null
	schema.registry.ssl.key.password = null
	schema.registry.ssl.keymanager.algorithm = SunX509
	schema.registry.ssl.keystore.certificate.chain = null
	schema.registry.ssl.keystore.key = null
	schema.registry.ssl.keystore.location = null
	schema.registry.ssl.keystore.password = null
	schema.registry.ssl.keystore.type = JKS
	schema.registry.ssl.protocol = TLSv1.3
	schema.registry.ssl.provider = null
	schema.registry.ssl.secure.random.implementation = null
	schema.registry.ssl.trustmanager.algorithm = PKIX
	schema.registry.ssl.truststore.certificates = null
	schema.registry.ssl.truststore.location = null
	schema.registry.ssl.truststore.password = null
	schema.registry.ssl.truststore.type = JKS
	schema.registry.url = [http://registry-app-inmemory.apps.ci419.apicurio-testing.org:80/apis/ccompat/v7]
	schema.registry.url.randomize = false
	specific.avro.key.type = null
	specific.avro.reader = false
	specific.avro.value.type = null
	use.latest.version = false
	use.latest.with.metadata = null
	use.schema.id = -1
	value.schema.id.deserializer = class io.confluent.kafka.serializers.schema.id.DualSchemaIdDeserializer
	value.schema.id.serializer = class io.confluent.kafka.serializers.schema.id.PrefixSchemaIdSerializer
	value.subject.name.strategy = class io.confluent.kafka.serializers.subject.TopicNameStrategy

2025-10-08 17:47:26,816 INFO  [org.apa.kaf.cli.con.ConsumerConfig] (main) These configurations '[schema.registry.url]' were supplied but are not used yet.
2025-10-08 17:47:26,816 INFO  [org.apa.kaf.com.uti.AppInfoParser] (main) Kafka version: 3.9.1
2025-10-08 17:47:26,816 INFO  [org.apa.kaf.com.uti.AppInfoParser] (main) Kafka commitId: f745dfdcee2b9851
2025-10-08 17:47:26,816 INFO  [org.apa.kaf.com.uti.AppInfoParser] (main) Kafka startTimeMs: 1759945646816
2025-10-08 17:47:26,816 INFO  [org.apa.kaf.cli.con.int.ClassicKafkaConsumer] (ForkJoinPool.commonPool-worker-1) [Consumer clientId=consumer-Consumer-topic-613cd194_adef_46b6_a12c_7bb9fed93e76-37, groupId=Consumer-topic-613cd194_adef_46b6_a12c_7bb9fed93e76] Subscribed to topic(s): topic-613cd194_adef_46b6_a12c_7bb9fed93e76
2025-10-08 17:47:26,818 INFO  [org.apa.kaf.cli.Metadata] (ForkJoinPool.commonPool-worker-1) [Consumer clientId=consumer-Consumer-topic-613cd194_adef_46b6_a12c_7bb9fed93e76-37, groupId=Consumer-topic-613cd194_adef_46b6_a12c_7bb9fed93e76] Cluster ID: Sx1FHBeCRF2NRCdgDzlw-Q
2025-10-08 17:47:26,818 INFO  [org.apa.kaf.cli.con.int.ConsumerCoordinator] (ForkJoinPool.commonPool-worker-1) [Consumer clientId=consumer-Consumer-topic-613cd194_adef_46b6_a12c_7bb9fed93e76-37, groupId=Consumer-topic-613cd194_adef_46b6_a12c_7bb9fed93e76] Discovered group coordinator localhost:32769 (id: 2147483647 rack: null)
2025-10-08 17:47:26,819 INFO  [org.apa.kaf.cli.con.int.ConsumerCoordinator] (ForkJoinPool.commonPool-worker-1) [Consumer clientId=consumer-Consumer-topic-613cd194_adef_46b6_a12c_7bb9fed93e76-37, groupId=Consumer-topic-613cd194_adef_46b6_a12c_7bb9fed93e76] (Re-)joining group
2025-10-08 17:47:26,820 INFO  [org.apa.kaf.cli.con.int.ConsumerCoordinator] (ForkJoinPool.commonPool-worker-1) [Consumer clientId=consumer-Consumer-topic-613cd194_adef_46b6_a12c_7bb9fed93e76-37, groupId=Consumer-topic-613cd194_adef_46b6_a12c_7bb9fed93e76] Request joining group due to: need to re-join with the given member-id: consumer-Consumer-topic-613cd194_adef_46b6_a12c_7bb9fed93e76-37-6c993f2a-5c02-451e-9d55-b000387bf646
2025-10-08 17:47:26,820 INFO  [org.apa.kaf.cli.con.int.ConsumerCoordinator] (ForkJoinPool.commonPool-worker-1) [Consumer clientId=consumer-Consumer-topic-613cd194_adef_46b6_a12c_7bb9fed93e76-37, groupId=Consumer-topic-613cd194_adef_46b6_a12c_7bb9fed93e76] (Re-)joining group
2025-10-08 17:47:27,816 INFO  [io.api.tes.ser.api.KafkaSerdesTester] (ForkJoinPool.commonPool-worker-1) None found
2025-10-08 17:47:28,817 INFO  [io.api.tes.ser.api.KafkaSerdesTester] (ForkJoinPool.commonPool-worker-1) None found
2025-10-08 17:47:29,817 INFO  [io.api.tes.ser.api.KafkaSerdesTester] (ForkJoinPool.commonPool-worker-1) None found
2025-10-08 17:47:29,821 INFO  [org.apa.kaf.cli.con.int.ConsumerCoordinator] (ForkJoinPool.commonPool-worker-1) [Consumer clientId=consumer-Consumer-topic-613cd194_adef_46b6_a12c_7bb9fed93e76-37, groupId=Consumer-topic-613cd194_adef_46b6_a12c_7bb9fed93e76] Successfully joined group with generation Generation{generationId=1, memberId='consumer-Consumer-topic-613cd194_adef_46b6_a12c_7bb9fed93e76-37-6c993f2a-5c02-451e-9d55-b000387bf646', protocol='range'}
2025-10-08 17:47:29,821 INFO  [org.apa.kaf.cli.con.int.ConsumerCoordinator] (ForkJoinPool.commonPool-worker-1) [Consumer clientId=consumer-Consumer-topic-613cd194_adef_46b6_a12c_7bb9fed93e76-37, groupId=Consumer-topic-613cd194_adef_46b6_a12c_7bb9fed93e76] Finished assignment for group at generation 1: {consumer-Consumer-topic-613cd194_adef_46b6_a12c_7bb9fed93e76-37-6c993f2a-5c02-451e-9d55-b000387bf646=Assignment(partitions=[topic-613cd194_adef_46b6_a12c_7bb9fed93e76-0])}
2025-10-08 17:47:29,828 INFO  [org.apa.kaf.cli.con.int.ConsumerCoordinator] (ForkJoinPool.commonPool-worker-1) [Consumer clientId=consumer-Consumer-topic-613cd194_adef_46b6_a12c_7bb9fed93e76-37, groupId=Consumer-topic-613cd194_adef_46b6_a12c_7bb9fed93e76] Successfully synced group in generation Generation{generationId=1, memberId='consumer-Consumer-topic-613cd194_adef_46b6_a12c_7bb9fed93e76-37-6c993f2a-5c02-451e-9d55-b000387bf646', protocol='range'}
2025-10-08 17:47:29,828 INFO  [org.apa.kaf.cli.con.int.ConsumerCoordinator] (ForkJoinPool.commonPool-worker-1) [Consumer clientId=consumer-Consumer-topic-613cd194_adef_46b6_a12c_7bb9fed93e76-37, groupId=Consumer-topic-613cd194_adef_46b6_a12c_7bb9fed93e76] Notifying assignor about the new Assignment(partitions=[topic-613cd194_adef_46b6_a12c_7bb9fed93e76-0])
2025-10-08 17:47:29,828 INFO  [org.apa.kaf.cli.con.int.ConsumerRebalanceListenerInvoker] (ForkJoinPool.commonPool-worker-1) [Consumer clientId=consumer-Consumer-topic-613cd194_adef_46b6_a12c_7bb9fed93e76-37, groupId=Consumer-topic-613cd194_adef_46b6_a12c_7bb9fed93e76] Adding newly assigned partitions: topic-613cd194_adef_46b6_a12c_7bb9fed93e76-0
2025-10-08 17:47:29,828 INFO  [org.apa.kaf.cli.con.int.ConsumerCoordinator] (ForkJoinPool.commonPool-worker-1) [Consumer clientId=consumer-Consumer-topic-613cd194_adef_46b6_a12c_7bb9fed93e76-37, groupId=Consumer-topic-613cd194_adef_46b6_a12c_7bb9fed93e76] Found no committed offset for partition topic-613cd194_adef_46b6_a12c_7bb9fed93e76-0
2025-10-08 17:47:29,830 INFO  [org.apa.kaf.cli.con.int.SubscriptionState] (ForkJoinPool.commonPool-worker-1) [Consumer clientId=consumer-Consumer-topic-613cd194_adef_46b6_a12c_7bb9fed93e76-37, groupId=Consumer-topic-613cd194_adef_46b6_a12c_7bb9fed93e76] Resetting offset for partition topic-613cd194_adef_46b6_a12c_7bb9fed93e76-0 to position FetchPosition{offset=0, offsetEpoch=Optional.empty, currentLeader=LeaderAndEpoch{leader=Optional[localhost:32769 (id: 0 rack: null)], epoch=0}}.
2025-10-08 17:47:29,902 INFO  [io.api.tes.ser.api.KafkaSerdesTester] (ForkJoinPool.commonPool-worker-1) topic-613cd194_adef_46b6_a12c_7bb9fed93e76 0 0 {"key1": "value-0"}
2025-10-08 17:47:29,902 INFO  [io.api.tes.ser.api.KafkaSerdesTester] (ForkJoinPool.commonPool-worker-1) topic-613cd194_adef_46b6_a12c_7bb9fed93e76 0 1 {"key1": "value-1"}
2025-10-08 17:47:29,902 INFO  [io.api.tes.ser.api.KafkaSerdesTester] (ForkJoinPool.commonPool-worker-1) topic-613cd194_adef_46b6_a12c_7bb9fed93e76 0 2 {"key1": "value-2"}
2025-10-08 17:47:29,902 INFO  [io.api.tes.ser.api.KafkaSerdesTester] (ForkJoinPool.commonPool-worker-1) topic-613cd194_adef_46b6_a12c_7bb9fed93e76 0 3 {"key1": "value-3"}
2025-10-08 17:47:29,902 INFO  [io.api.tes.ser.api.KafkaSerdesTester] (ForkJoinPool.commonPool-worker-1) topic-613cd194_adef_46b6_a12c_7bb9fed93e76 0 4 {"key1": "value-4"}
2025-10-08 17:47:29,902 INFO  [io.api.tes.ser.api.KafkaSerdesTester] (ForkJoinPool.commonPool-worker-1) topic-613cd194_adef_46b6_a12c_7bb9fed93e76 0 5 {"key1": "value-5"}
2025-10-08 17:47:29,902 INFO  [io.api.tes.ser.api.KafkaSerdesTester] (ForkJoinPool.commonPool-worker-1) topic-613cd194_adef_46b6_a12c_7bb9fed93e76 0 6 {"key1": "value-6"}
2025-10-08 17:47:29,902 INFO  [io.api.tes.ser.api.KafkaSerdesTester] (ForkJoinPool.commonPool-worker-1) topic-613cd194_adef_46b6_a12c_7bb9fed93e76 0 7 {"key1": "value-7"}
2025-10-08 17:47:29,902 INFO  [io.api.tes.ser.api.KafkaSerdesTester] (ForkJoinPool.commonPool-worker-1) topic-613cd194_adef_46b6_a12c_7bb9fed93e76 0 8 {"key1": "value-8"}
2025-10-08 17:47:29,902 INFO  [io.api.tes.ser.api.KafkaSerdesTester] (ForkJoinPool.commonPool-worker-1) topic-613cd194_adef_46b6_a12c_7bb9fed93e76 0 9 {"key1": "value-9"}
2025-10-08 17:47:29,902 INFO  [io.api.tes.ser.api.KafkaSerdesTester] (ForkJoinPool.commonPool-worker-1) Consumed 10 messages
2025-10-08 17:47:29,909 INFO  [org.apa.kaf.cli.con.int.ConsumerRebalanceListenerInvoker] (ForkJoinPool.commonPool-worker-1) [Consumer clientId=consumer-Consumer-topic-613cd194_adef_46b6_a12c_7bb9fed93e76-37, groupId=Consumer-topic-613cd194_adef_46b6_a12c_7bb9fed93e76] Revoke previously assigned partitions topic-613cd194_adef_46b6_a12c_7bb9fed93e76-0
2025-10-08 17:47:29,909 INFO  [org.apa.kaf.cli.con.int.ConsumerCoordinator] (ForkJoinPool.commonPool-worker-1) [Consumer clientId=consumer-Consumer-topic-613cd194_adef_46b6_a12c_7bb9fed93e76-37, groupId=Consumer-topic-613cd194_adef_46b6_a12c_7bb9fed93e76] Member consumer-Consumer-topic-613cd194_adef_46b6_a12c_7bb9fed93e76-37-6c993f2a-5c02-451e-9d55-b000387bf646 sending LeaveGroup request to coordinator localhost:32769 (id: 2147483647 rack: null) due to the consumer is being closed
2025-10-08 17:47:29,909 INFO  [org.apa.kaf.cli.con.int.ConsumerCoordinator] (ForkJoinPool.commonPool-worker-1) [Consumer clientId=consumer-Consumer-topic-613cd194_adef_46b6_a12c_7bb9fed93e76-37, groupId=Consumer-topic-613cd194_adef_46b6_a12c_7bb9fed93e76] Resetting generation and member id due to: consumer pro-actively leaving the group
2025-10-08 17:47:29,909 INFO  [org.apa.kaf.cli.con.int.ConsumerCoordinator] (ForkJoinPool.commonPool-worker-1) [Consumer clientId=consumer-Consumer-topic-613cd194_adef_46b6_a12c_7bb9fed93e76-37, groupId=Consumer-topic-613cd194_adef_46b6_a12c_7bb9fed93e76] Request joining group due to: consumer pro-actively leaving the group
2025-10-08 17:47:30,404 INFO  [org.apa.kaf.com.met.Metrics] (ForkJoinPool.commonPool-worker-1) Metrics scheduler closed
2025-10-08 17:47:30,404 INFO  [org.apa.kaf.com.met.Metrics] (ForkJoinPool.commonPool-worker-1) Closing reporter org.apache.kafka.common.metrics.JmxReporter
2025-10-08 17:47:30,404 INFO  [org.apa.kaf.com.met.Metrics] (ForkJoinPool.commonPool-worker-1) Closing reporter org.apache.kafka.common.telemetry.internals.ClientTelemetryReporter
2025-10-08 17:47:30,404 INFO  [org.apa.kaf.com.met.Metrics] (ForkJoinPool.commonPool-worker-1) Metrics reporters closed
2025-10-08 17:47:30,405 INFO  [org.apa.kaf.com.uti.AppInfoParser] (ForkJoinPool.commonPool-worker-1) App info kafka.consumer for consumer-Consumer-topic-613cd194_adef_46b6_a12c_7bb9fed93e76-37 unregistered
2025-10-08 17:47:30,546 INFO  [io.api.tes.ser.con.BasicConfluentSerDesIT] (main) Deleting confluent schema topic-613cd194_adef_46b6_a12c_7bb9fed93e76-value
2025-10-08 17:47:30,617 INFO  [io.api.tes.uti.TestSeparator] (main) io.apicurio.tests.serdes.confluent.BasicConfluentSerDesIT.testAvroConfluentSerDes-FINISHED
2025-10-08 17:47:30,617 INFO  [io.api.tes.uti.TestSeparator] (main) ############################################################################
Test passed: testAvroConfluentSerDes
]]></system-out>
  </testcase>
  <testcase name="testAvroConfluentForMultipleTopics" classname="io.apicurio.tests.serdes.confluent.BasicConfluentSerDesIT" time="12.386">
    <system-out><![CDATA[2025-10-08 17:47:30,618 INFO  [io.api.tes.uti.TestSeparator] (main) ############################################################################
2025-10-08 17:47:30,618 INFO  [io.api.tes.uti.TestSeparator] (main) io.apicurio.tests.serdes.confluent.BasicConfluentSerDesIT.testAvroConfluentForMultipleTopics-STARTED
2025-10-08 17:47:30,761 INFO  [io.api.tes.ser.con.BasicConfluentSerDesIT] (main) Checking that created schema is equal to the get schema
2025-10-08 17:47:30,831 INFO  [io.api.tes.ser.con.BasicConfluentSerDesIT] (main) Created schema with id:112 and name:myrecordconfluent6
**** Registry Base URL: http://registry-app-inmemory.apps.ci419.apicurio-testing.org:80
2025-10-08 17:47:30,832 INFO  [org.apa.kaf.cli.pro.ProducerConfig] (main) ProducerConfig values: 
	acks = -1
	auto.include.jmx.reporter = true
	batch.size = 16384
	bootstrap.servers = [PLAINTEXT://localhost:32769]
	buffer.memory = 33554432
	client.dns.lookup = use_all_dns_ips
	client.id = Producer-topic-a49208ac_9a01_4e84_b258_d7333a55d513
	compression.gzip.level = -1
	compression.lz4.level = 9
	compression.type = none
	compression.zstd.level = 3
	connections.max.idle.ms = 10000
	delivery.timeout.ms = 120000
	enable.idempotence = true
	enable.metrics.push = true
	interceptor.classes = []
	key.serializer = class org.apache.kafka.common.serialization.StringSerializer
	linger.ms = 0
	max.block.ms = 60000
	max.in.flight.requests.per.connection = 5
	max.request.size = 1048576
	metadata.max.age.ms = 300000
	metadata.max.idle.ms = 300000
	metadata.recovery.strategy = none
	metric.reporters = []
	metrics.num.samples = 2
	metrics.recording.level = INFO
	metrics.sample.window.ms = 30000
	partitioner.adaptive.partitioning.enable = true
	partitioner.availability.timeout.ms = 0
	partitioner.class = null
	partitioner.ignore.keys = false
	receive.buffer.bytes = 32768
	reconnect.backoff.max.ms = 1000
	reconnect.backoff.ms = 50
	request.timeout.ms = 5000
	retries = 2147483647
	retry.backoff.max.ms = 1000
	retry.backoff.ms = 100
	sasl.client.callback.handler.class = null
	sasl.jaas.config = null
	sasl.kerberos.kinit.cmd = /usr/bin/kinit
	sasl.kerberos.min.time.before.relogin = 60000
	sasl.kerberos.service.name = null
	sasl.kerberos.ticket.renew.jitter = 0.05
	sasl.kerberos.ticket.renew.window.factor = 0.8
	sasl.login.callback.handler.class = null
	sasl.login.class = null
	sasl.login.connect.timeout.ms = null
	sasl.login.read.timeout.ms = null
	sasl.login.refresh.buffer.seconds = 300
	sasl.login.refresh.min.period.seconds = 60
	sasl.login.refresh.window.factor = 0.8
	sasl.login.refresh.window.jitter = 0.05
	sasl.login.retry.backoff.max.ms = 10000
	sasl.login.retry.backoff.ms = 100
	sasl.mechanism = GSSAPI
	sasl.oauthbearer.clock.skew.seconds = 30
	sasl.oauthbearer.expected.audience = null
	sasl.oauthbearer.expected.issuer = null
	sasl.oauthbearer.header.urlencode = false
	sasl.oauthbearer.jwks.endpoint.refresh.ms = 3600000
	sasl.oauthbearer.jwks.endpoint.retry.backoff.max.ms = 10000
	sasl.oauthbearer.jwks.endpoint.retry.backoff.ms = 100
	sasl.oauthbearer.jwks.endpoint.url = null
	sasl.oauthbearer.scope.claim.name = scope
	sasl.oauthbearer.sub.claim.name = sub
	sasl.oauthbearer.token.endpoint.url = null
	security.protocol = PLAINTEXT
	security.providers = null
	send.buffer.bytes = 131072
	socket.connection.setup.timeout.max.ms = 30000
	socket.connection.setup.timeout.ms = 10000
	ssl.cipher.suites = null
	ssl.enabled.protocols = [TLSv1.2, TLSv1.3]
	ssl.endpoint.identification.algorithm = https
	ssl.engine.factory.class = null
	ssl.key.password = null
	ssl.keymanager.algorithm = SunX509
	ssl.keystore.certificate.chain = null
	ssl.keystore.key = null
	ssl.keystore.location = null
	ssl.keystore.password = null
	ssl.keystore.type = JKS
	ssl.protocol = TLSv1.3
	ssl.provider = null
	ssl.secure.random.implementation = null
	ssl.trustmanager.algorithm = PKIX
	ssl.truststore.certificates = null
	ssl.truststore.location = null
	ssl.truststore.password = null
	ssl.truststore.type = JKS
	transaction.timeout.ms = 60000
	transactional.id = null
	value.serializer = class io.apicurio.registry.serde.avro.AvroKafkaSerializer

2025-10-08 17:47:30,832 INFO  [org.apa.kaf.com.tel.int.KafkaMetricsCollector] (main) initializing Kafka metrics collector
2025-10-08 17:47:30,834 INFO  [org.apa.kaf.cli.pro.KafkaProducer] (main) [Producer clientId=Producer-topic-a49208ac_9a01_4e84_b258_d7333a55d513] Instantiated an idempotent producer.
2025-10-08 17:47:30,835 INFO  [org.apa.kaf.cli.pro.ProducerConfig] (main) These configurations '[apicurio.registry.url, apicurio.registry.artifact-resolver-strategy]' were supplied but are not used yet.
2025-10-08 17:47:30,835 INFO  [org.apa.kaf.com.uti.AppInfoParser] (main) Kafka version: 3.9.1
2025-10-08 17:47:30,835 INFO  [org.apa.kaf.com.uti.AppInfoParser] (main) Kafka commitId: f745dfdcee2b9851
2025-10-08 17:47:30,835 INFO  [org.apa.kaf.com.uti.AppInfoParser] (main) Kafka startTimeMs: 1759945650835
**** Registry Base URL: http://registry-app-inmemory.apps.ci419.apicurio-testing.org:80
2025-10-08 17:47:30,835 INFO  [org.apa.kaf.cli.pro.ProducerConfig] (main) ProducerConfig values: 
	acks = -1
	auto.include.jmx.reporter = true
	batch.size = 16384
	bootstrap.servers = [PLAINTEXT://localhost:32769]
	buffer.memory = 33554432
	client.dns.lookup = use_all_dns_ips
	client.id = Producer-topic-b38f003a_a297_44c0_b5b2_1a1ca18f797b
	compression.gzip.level = -1
	compression.lz4.level = 9
	compression.type = none
	compression.zstd.level = 3
	connections.max.idle.ms = 10000
	delivery.timeout.ms = 120000
	enable.idempotence = true
	enable.metrics.push = true
	interceptor.classes = []
	key.serializer = class org.apache.kafka.common.serialization.StringSerializer
	linger.ms = 0
	max.block.ms = 60000
	max.in.flight.requests.per.connection = 5
	max.request.size = 1048576
	metadata.max.age.ms = 300000
	metadata.max.idle.ms = 300000
	metadata.recovery.strategy = none
	metric.reporters = []
	metrics.num.samples = 2
	metrics.recording.level = INFO
	metrics.sample.window.ms = 30000
	partitioner.adaptive.partitioning.enable = true
	partitioner.availability.timeout.ms = 0
	partitioner.class = null
	partitioner.ignore.keys = false
	receive.buffer.bytes = 32768
	reconnect.backoff.max.ms = 1000
	reconnect.backoff.ms = 50
	request.timeout.ms = 5000
	retries = 2147483647
	retry.backoff.max.ms = 1000
	retry.backoff.ms = 100
	sasl.client.callback.handler.class = null
	sasl.jaas.config = null
	sasl.kerberos.kinit.cmd = /usr/bin/kinit
	sasl.kerberos.min.time.before.relogin = 60000
	sasl.kerberos.service.name = null
	sasl.kerberos.ticket.renew.jitter = 0.05
	sasl.kerberos.ticket.renew.window.factor = 0.8
	sasl.login.callback.handler.class = null
	sasl.login.class = null
	sasl.login.connect.timeout.ms = null
	sasl.login.read.timeout.ms = null
	sasl.login.refresh.buffer.seconds = 300
	sasl.login.refresh.min.period.seconds = 60
	sasl.login.refresh.window.factor = 0.8
	sasl.login.refresh.window.jitter = 0.05
	sasl.login.retry.backoff.max.ms = 10000
	sasl.login.retry.backoff.ms = 100
	sasl.mechanism = GSSAPI
	sasl.oauthbearer.clock.skew.seconds = 30
	sasl.oauthbearer.expected.audience = null
	sasl.oauthbearer.expected.issuer = null
	sasl.oauthbearer.header.urlencode = false
	sasl.oauthbearer.jwks.endpoint.refresh.ms = 3600000
	sasl.oauthbearer.jwks.endpoint.retry.backoff.max.ms = 10000
	sasl.oauthbearer.jwks.endpoint.retry.backoff.ms = 100
	sasl.oauthbearer.jwks.endpoint.url = null
	sasl.oauthbearer.scope.claim.name = scope
	sasl.oauthbearer.sub.claim.name = sub
	sasl.oauthbearer.token.endpoint.url = null
	security.protocol = PLAINTEXT
	security.providers = null
	send.buffer.bytes = 131072
	socket.connection.setup.timeout.max.ms = 30000
	socket.connection.setup.timeout.ms = 10000
	ssl.cipher.suites = null
	ssl.enabled.protocols = [TLSv1.2, TLSv1.3]
	ssl.endpoint.identification.algorithm = https
	ssl.engine.factory.class = null
	ssl.key.password = null
	ssl.keymanager.algorithm = SunX509
	ssl.keystore.certificate.chain = null
	ssl.keystore.key = null
	ssl.keystore.location = null
	ssl.keystore.password = null
	ssl.keystore.type = JKS
	ssl.protocol = TLSv1.3
	ssl.provider = null
	ssl.secure.random.implementation = null
	ssl.trustmanager.algorithm = PKIX
	ssl.truststore.certificates = null
	ssl.truststore.location = null
	ssl.truststore.password = null
	ssl.truststore.type = JKS
	transaction.timeout.ms = 60000
	transactional.id = null
	value.serializer = class io.apicurio.registry.serde.avro.AvroKafkaSerializer

2025-10-08 17:47:30,836 INFO  [org.apa.kaf.com.tel.int.KafkaMetricsCollector] (main) initializing Kafka metrics collector
2025-10-08 17:47:30,837 INFO  [org.apa.kaf.cli.Metadata] (kafka-producer-network-thread | Producer-topic-a49208ac_9a01_4e84_b258_d7333a55d513) [Producer clientId=Producer-topic-a49208ac_9a01_4e84_b258_d7333a55d513] Cluster ID: Sx1FHBeCRF2NRCdgDzlw-Q
2025-10-08 17:47:30,837 INFO  [org.apa.kaf.cli.pro.int.TransactionManager] (kafka-producer-network-thread | Producer-topic-a49208ac_9a01_4e84_b258_d7333a55d513) [Producer clientId=Producer-topic-a49208ac_9a01_4e84_b258_d7333a55d513] ProducerId set to 51 with epoch 0
2025-10-08 17:47:30,837 INFO  [org.apa.kaf.cli.pro.KafkaProducer] (main) [Producer clientId=Producer-topic-b38f003a_a297_44c0_b5b2_1a1ca18f797b] Instantiated an idempotent producer.
2025-10-08 17:47:30,838 INFO  [org.apa.kaf.cli.pro.ProducerConfig] (main) These configurations '[apicurio.registry.url, apicurio.registry.artifact-resolver-strategy]' were supplied but are not used yet.
2025-10-08 17:47:30,838 INFO  [org.apa.kaf.com.uti.AppInfoParser] (main) Kafka version: 3.9.1
2025-10-08 17:47:30,838 INFO  [org.apa.kaf.com.uti.AppInfoParser] (main) Kafka commitId: f745dfdcee2b9851
2025-10-08 17:47:30,838 INFO  [org.apa.kaf.com.uti.AppInfoParser] (main) Kafka startTimeMs: 1759945650838
**** Registry Base URL: http://registry-app-inmemory.apps.ci419.apicurio-testing.org:80
2025-10-08 17:47:30,839 INFO  [org.apa.kaf.cli.pro.ProducerConfig] (main) ProducerConfig values: 
	acks = -1
	auto.include.jmx.reporter = true
	batch.size = 16384
	bootstrap.servers = [PLAINTEXT://localhost:32769]
	buffer.memory = 33554432
	client.dns.lookup = use_all_dns_ips
	client.id = Producer-topic-5477356a_2e81_4762_84eb_43e05437c15a
	compression.gzip.level = -1
	compression.lz4.level = 9
	compression.type = none
	compression.zstd.level = 3
	connections.max.idle.ms = 10000
	delivery.timeout.ms = 120000
	enable.idempotence = true
	enable.metrics.push = true
	interceptor.classes = []
	key.serializer = class org.apache.kafka.common.serialization.StringSerializer
	linger.ms = 0
	max.block.ms = 60000
	max.in.flight.requests.per.connection = 5
	max.request.size = 1048576
	metadata.max.age.ms = 300000
	metadata.max.idle.ms = 300000
	metadata.recovery.strategy = none
	metric.reporters = []
	metrics.num.samples = 2
	metrics.recording.level = INFO
	metrics.sample.window.ms = 30000
	partitioner.adaptive.partitioning.enable = true
	partitioner.availability.timeout.ms = 0
	partitioner.class = null
	partitioner.ignore.keys = false
	receive.buffer.bytes = 32768
	reconnect.backoff.max.ms = 1000
	reconnect.backoff.ms = 50
	request.timeout.ms = 5000
	retries = 2147483647
	retry.backoff.max.ms = 1000
	retry.backoff.ms = 100
	sasl.client.callback.handler.class = null
	sasl.jaas.config = null
	sasl.kerberos.kinit.cmd = /usr/bin/kinit
	sasl.kerberos.min.time.before.relogin = 60000
	sasl.kerberos.service.name = null
	sasl.kerberos.ticket.renew.jitter = 0.05
	sasl.kerberos.ticket.renew.window.factor = 0.8
	sasl.login.callback.handler.class = null
	sasl.login.class = null
	sasl.login.connect.timeout.ms = null
	sasl.login.read.timeout.ms = null
	sasl.login.refresh.buffer.seconds = 300
	sasl.login.refresh.min.period.seconds = 60
	sasl.login.refresh.window.factor = 0.8
	sasl.login.refresh.window.jitter = 0.05
	sasl.login.retry.backoff.max.ms = 10000
	sasl.login.retry.backoff.ms = 100
	sasl.mechanism = GSSAPI
	sasl.oauthbearer.clock.skew.seconds = 30
	sasl.oauthbearer.expected.audience = null
	sasl.oauthbearer.expected.issuer = null
	sasl.oauthbearer.header.urlencode = false
	sasl.oauthbearer.jwks.endpoint.refresh.ms = 3600000
	sasl.oauthbearer.jwks.endpoint.retry.backoff.max.ms = 10000
	sasl.oauthbearer.jwks.endpoint.retry.backoff.ms = 100
	sasl.oauthbearer.jwks.endpoint.url = null
	sasl.oauthbearer.scope.claim.name = scope
	sasl.oauthbearer.sub.claim.name = sub
	sasl.oauthbearer.token.endpoint.url = null
	security.protocol = PLAINTEXT
	security.providers = null
	send.buffer.bytes = 131072
	socket.connection.setup.timeout.max.ms = 30000
	socket.connection.setup.timeout.ms = 10000
	ssl.cipher.suites = null
	ssl.enabled.protocols = [TLSv1.2, TLSv1.3]
	ssl.endpoint.identification.algorithm = https
	ssl.engine.factory.class = null
	ssl.key.password = null
	ssl.keymanager.algorithm = SunX509
	ssl.keystore.certificate.chain = null
	ssl.keystore.key = null
	ssl.keystore.location = null
	ssl.keystore.password = null
	ssl.keystore.type = JKS
	ssl.protocol = TLSv1.3
	ssl.provider = null
	ssl.secure.random.implementation = null
	ssl.trustmanager.algorithm = PKIX
	ssl.truststore.certificates = null
	ssl.truststore.location = null
	ssl.truststore.password = null
	ssl.truststore.type = JKS
	transaction.timeout.ms = 60000
	transactional.id = null
	value.serializer = class io.apicurio.registry.serde.avro.AvroKafkaSerializer

2025-10-08 17:47:30,839 INFO  [org.apa.kaf.com.tel.int.KafkaMetricsCollector] (main) initializing Kafka metrics collector
2025-10-08 17:47:30,840 INFO  [org.apa.kaf.cli.Metadata] (kafka-producer-network-thread | Producer-topic-b38f003a_a297_44c0_b5b2_1a1ca18f797b) [Producer clientId=Producer-topic-b38f003a_a297_44c0_b5b2_1a1ca18f797b] Cluster ID: Sx1FHBeCRF2NRCdgDzlw-Q
2025-10-08 17:47:30,840 INFO  [org.apa.kaf.cli.pro.int.TransactionManager] (kafka-producer-network-thread | Producer-topic-b38f003a_a297_44c0_b5b2_1a1ca18f797b) [Producer clientId=Producer-topic-b38f003a_a297_44c0_b5b2_1a1ca18f797b] ProducerId set to 52 with epoch 0
2025-10-08 17:47:30,841 INFO  [org.apa.kaf.cli.pro.KafkaProducer] (main) [Producer clientId=Producer-topic-5477356a_2e81_4762_84eb_43e05437c15a] Instantiated an idempotent producer.
2025-10-08 17:47:30,842 INFO  [org.apa.kaf.cli.pro.ProducerConfig] (main) These configurations '[apicurio.registry.url, apicurio.registry.artifact-resolver-strategy]' were supplied but are not used yet.
2025-10-08 17:47:30,842 INFO  [org.apa.kaf.com.uti.AppInfoParser] (main) Kafka version: 3.9.1
2025-10-08 17:47:30,842 INFO  [org.apa.kaf.com.uti.AppInfoParser] (main) Kafka commitId: f745dfdcee2b9851
2025-10-08 17:47:30,842 INFO  [org.apa.kaf.com.uti.AppInfoParser] (main) Kafka startTimeMs: 1759945650842
**** Registry Base URL: http://registry-app-inmemory.apps.ci419.apicurio-testing.org:80
2025-10-08 17:47:30,842 INFO  [org.apa.kaf.cli.con.ConsumerConfig] (main) ConsumerConfig values: 
	allow.auto.create.topics = true
	auto.commit.interval.ms = 500
	auto.include.jmx.reporter = true
	auto.offset.reset = earliest
	bootstrap.servers = [PLAINTEXT://localhost:32769]
	check.crcs = true
	client.dns.lookup = use_all_dns_ips
	client.id = consumer-Consumer-topic-a49208ac_9a01_4e84_b258_d7333a55d513-38
	client.rack = 
	connections.max.idle.ms = 10000
	default.api.timeout.ms = 60000
	enable.auto.commit = true
	enable.metrics.push = true
	exclude.internal.topics = true
	fetch.max.bytes = 52428800
	fetch.max.wait.ms = 500
	fetch.min.bytes = 1
	group.id = Consumer-topic-a49208ac_9a01_4e84_b258_d7333a55d513
	group.instance.id = null
	group.protocol = classic
	group.remote.assignor = null
	heartbeat.interval.ms = 3000
	interceptor.classes = []
	internal.leave.group.on.close = true
	internal.throw.on.fetch.stable.offset.unsupported = false
	isolation.level = read_uncommitted
	key.deserializer = class org.apache.kafka.common.serialization.StringDeserializer
	max.partition.fetch.bytes = 1048576
	max.poll.interval.ms = 300000
	max.poll.records = 500
	metadata.max.age.ms = 300000
	metadata.recovery.strategy = none
	metric.reporters = []
	metrics.num.samples = 2
	metrics.recording.level = INFO
	metrics.sample.window.ms = 30000
	partition.assignment.strategy = [class org.apache.kafka.clients.consumer.RangeAssignor, class org.apache.kafka.clients.consumer.CooperativeStickyAssignor]
	receive.buffer.bytes = 65536
	reconnect.backoff.max.ms = 1000
	reconnect.backoff.ms = 50
	request.timeout.ms = 5000
	retry.backoff.max.ms = 1000
	retry.backoff.ms = 100
	sasl.client.callback.handler.class = null
	sasl.jaas.config = null
	sasl.kerberos.kinit.cmd = /usr/bin/kinit
	sasl.kerberos.min.time.before.relogin = 60000
	sasl.kerberos.service.name = null
	sasl.kerberos.ticket.renew.jitter = 0.05
	sasl.kerberos.ticket.renew.window.factor = 0.8
	sasl.login.callback.handler.class = null
	sasl.login.class = null
	sasl.login.connect.timeout.ms = null
	sasl.login.read.timeout.ms = null
	sasl.login.refresh.buffer.seconds = 300
	sasl.login.refresh.min.period.seconds = 60
	sasl.login.refresh.window.factor = 0.8
	sasl.login.refresh.window.jitter = 0.05
	sasl.login.retry.backoff.max.ms = 10000
	sasl.login.retry.backoff.ms = 100
	sasl.mechanism = GSSAPI
	sasl.oauthbearer.clock.skew.seconds = 30
	sasl.oauthbearer.expected.audience = null
	sasl.oauthbearer.expected.issuer = null
	sasl.oauthbearer.header.urlencode = false
	sasl.oauthbearer.jwks.endpoint.refresh.ms = 3600000
	sasl.oauthbearer.jwks.endpoint.retry.backoff.max.ms = 10000
	sasl.oauthbearer.jwks.endpoint.retry.backoff.ms = 100
	sasl.oauthbearer.jwks.endpoint.url = null
	sasl.oauthbearer.scope.claim.name = scope
	sasl.oauthbearer.sub.claim.name = sub
	sasl.oauthbearer.token.endpoint.url = null
	security.protocol = PLAINTEXT
	security.providers = null
	send.buffer.bytes = 131072
	session.timeout.ms = 45000
	socket.connection.setup.timeout.max.ms = 30000
	socket.connection.setup.timeout.ms = 10000
	ssl.cipher.suites = null
	ssl.enabled.protocols = [TLSv1.2, TLSv1.3]
	ssl.endpoint.identification.algorithm = https
	ssl.engine.factory.class = null
	ssl.key.password = null
	ssl.keymanager.algorithm = SunX509
	ssl.keystore.certificate.chain = null
	ssl.keystore.key = null
	ssl.keystore.location = null
	ssl.keystore.password = null
	ssl.keystore.type = JKS
	ssl.protocol = TLSv1.3
	ssl.provider = null
	ssl.secure.random.implementation = null
	ssl.trustmanager.algorithm = PKIX
	ssl.truststore.certificates = null
	ssl.truststore.location = null
	ssl.truststore.password = null
	ssl.truststore.type = JKS
	value.deserializer = class io.apicurio.registry.serde.avro.AvroKafkaDeserializer

2025-10-08 17:47:30,843 INFO  [org.apa.kaf.com.tel.int.KafkaMetricsCollector] (main) initializing Kafka metrics collector
2025-10-08 17:47:30,844 INFO  [org.apa.kaf.cli.Metadata] (kafka-producer-network-thread | Producer-topic-5477356a_2e81_4762_84eb_43e05437c15a) [Producer clientId=Producer-topic-5477356a_2e81_4762_84eb_43e05437c15a] Cluster ID: Sx1FHBeCRF2NRCdgDzlw-Q
2025-10-08 17:47:30,844 INFO  [org.apa.kaf.cli.pro.int.TransactionManager] (kafka-producer-network-thread | Producer-topic-5477356a_2e81_4762_84eb_43e05437c15a) [Producer clientId=Producer-topic-5477356a_2e81_4762_84eb_43e05437c15a] ProducerId set to 53 with epoch 0
2025-10-08 17:47:30,846 INFO  [org.apa.kaf.cli.con.ConsumerConfig] (main) These configurations '[apicurio.registry.url]' were supplied but are not used yet.
2025-10-08 17:47:30,846 INFO  [org.apa.kaf.com.uti.AppInfoParser] (main) Kafka version: 3.9.1
2025-10-08 17:47:30,846 INFO  [org.apa.kaf.com.uti.AppInfoParser] (main) Kafka commitId: f745dfdcee2b9851
2025-10-08 17:47:30,846 INFO  [org.apa.kaf.com.uti.AppInfoParser] (main) Kafka startTimeMs: 1759945650846
**** Registry Base URL: http://registry-app-inmemory.apps.ci419.apicurio-testing.org:80
2025-10-08 17:47:30,847 INFO  [org.apa.kaf.cli.con.ConsumerConfig] (main) ConsumerConfig values: 
	allow.auto.create.topics = true
	auto.commit.interval.ms = 500
	auto.include.jmx.reporter = true
	auto.offset.reset = earliest
	bootstrap.servers = [PLAINTEXT://localhost:32769]
	check.crcs = true
	client.dns.lookup = use_all_dns_ips
	client.id = consumer-Consumer-topic-b38f003a_a297_44c0_b5b2_1a1ca18f797b-39
	client.rack = 
	connections.max.idle.ms = 10000
	default.api.timeout.ms = 60000
	enable.auto.commit = true
	enable.metrics.push = true
	exclude.internal.topics = true
	fetch.max.bytes = 52428800
	fetch.max.wait.ms = 500
	fetch.min.bytes = 1
	group.id = Consumer-topic-b38f003a_a297_44c0_b5b2_1a1ca18f797b
	group.instance.id = null
	group.protocol = classic
	group.remote.assignor = null
	heartbeat.interval.ms = 3000
	interceptor.classes = []
	internal.leave.group.on.close = true
	internal.throw.on.fetch.stable.offset.unsupported = false
	isolation.level = read_uncommitted
	key.deserializer = class org.apache.kafka.common.serialization.StringDeserializer
	max.partition.fetch.bytes = 1048576
	max.poll.interval.ms = 300000
	max.poll.records = 500
	metadata.max.age.ms = 300000
	metadata.recovery.strategy = none
	metric.reporters = []
	metrics.num.samples = 2
	metrics.recording.level = INFO
	metrics.sample.window.ms = 30000
	partition.assignment.strategy = [class org.apache.kafka.clients.consumer.RangeAssignor, class org.apache.kafka.clients.consumer.CooperativeStickyAssignor]
	receive.buffer.bytes = 65536
	reconnect.backoff.max.ms = 1000
	reconnect.backoff.ms = 50
	request.timeout.ms = 5000
	retry.backoff.max.ms = 1000
	retry.backoff.ms = 100
	sasl.client.callback.handler.class = null
	sasl.jaas.config = null
	sasl.kerberos.kinit.cmd = /usr/bin/kinit
	sasl.kerberos.min.time.before.relogin = 60000
	sasl.kerberos.service.name = null
	sasl.kerberos.ticket.renew.jitter = 0.05
	sasl.kerberos.ticket.renew.window.factor = 0.8
	sasl.login.callback.handler.class = null
	sasl.login.class = null
	sasl.login.connect.timeout.ms = null
	sasl.login.read.timeout.ms = null
	sasl.login.refresh.buffer.seconds = 300
	sasl.login.refresh.min.period.seconds = 60
	sasl.login.refresh.window.factor = 0.8
	sasl.login.refresh.window.jitter = 0.05
	sasl.login.retry.backoff.max.ms = 10000
	sasl.login.retry.backoff.ms = 100
	sasl.mechanism = GSSAPI
	sasl.oauthbearer.clock.skew.seconds = 30
	sasl.oauthbearer.expected.audience = null
	sasl.oauthbearer.expected.issuer = null
	sasl.oauthbearer.header.urlencode = false
	sasl.oauthbearer.jwks.endpoint.refresh.ms = 3600000
	sasl.oauthbearer.jwks.endpoint.retry.backoff.max.ms = 10000
	sasl.oauthbearer.jwks.endpoint.retry.backoff.ms = 100
	sasl.oauthbearer.jwks.endpoint.url = null
	sasl.oauthbearer.scope.claim.name = scope
	sasl.oauthbearer.sub.claim.name = sub
	sasl.oauthbearer.token.endpoint.url = null
	security.protocol = PLAINTEXT
	security.providers = null
	send.buffer.bytes = 131072
	session.timeout.ms = 45000
	socket.connection.setup.timeout.max.ms = 30000
	socket.connection.setup.timeout.ms = 10000
	ssl.cipher.suites = null
	ssl.enabled.protocols = [TLSv1.2, TLSv1.3]
	ssl.endpoint.identification.algorithm = https
	ssl.engine.factory.class = null
	ssl.key.password = null
	ssl.keymanager.algorithm = SunX509
	ssl.keystore.certificate.chain = null
	ssl.keystore.key = null
	ssl.keystore.location = null
	ssl.keystore.password = null
	ssl.keystore.type = JKS
	ssl.protocol = TLSv1.3
	ssl.provider = null
	ssl.secure.random.implementation = null
	ssl.trustmanager.algorithm = PKIX
	ssl.truststore.certificates = null
	ssl.truststore.location = null
	ssl.truststore.password = null
	ssl.truststore.type = JKS
	value.deserializer = class io.apicurio.registry.serde.avro.AvroKafkaDeserializer

2025-10-08 17:47:30,847 INFO  [org.apa.kaf.com.tel.int.KafkaMetricsCollector] (main) initializing Kafka metrics collector
2025-10-08 17:47:30,850 INFO  [org.apa.kaf.cli.con.ConsumerConfig] (main) These configurations '[apicurio.registry.url]' were supplied but are not used yet.
2025-10-08 17:47:30,850 INFO  [org.apa.kaf.com.uti.AppInfoParser] (main) Kafka version: 3.9.1
2025-10-08 17:47:30,850 INFO  [org.apa.kaf.com.uti.AppInfoParser] (main) Kafka commitId: f745dfdcee2b9851
2025-10-08 17:47:30,850 INFO  [org.apa.kaf.com.uti.AppInfoParser] (main) Kafka startTimeMs: 1759945650850
**** Registry Base URL: http://registry-app-inmemory.apps.ci419.apicurio-testing.org:80
2025-10-08 17:47:30,851 INFO  [org.apa.kaf.cli.con.ConsumerConfig] (main) ConsumerConfig values: 
	allow.auto.create.topics = true
	auto.commit.interval.ms = 500
	auto.include.jmx.reporter = true
	auto.offset.reset = earliest
	bootstrap.servers = [PLAINTEXT://localhost:32769]
	check.crcs = true
	client.dns.lookup = use_all_dns_ips
	client.id = consumer-Consumer-topic-5477356a_2e81_4762_84eb_43e05437c15a-40
	client.rack = 
	connections.max.idle.ms = 10000
	default.api.timeout.ms = 60000
	enable.auto.commit = true
	enable.metrics.push = true
	exclude.internal.topics = true
	fetch.max.bytes = 52428800
	fetch.max.wait.ms = 500
	fetch.min.bytes = 1
	group.id = Consumer-topic-5477356a_2e81_4762_84eb_43e05437c15a
	group.instance.id = null
	group.protocol = classic
	group.remote.assignor = null
	heartbeat.interval.ms = 3000
	interceptor.classes = []
	internal.leave.group.on.close = true
	internal.throw.on.fetch.stable.offset.unsupported = false
	isolation.level = read_uncommitted
	key.deserializer = class org.apache.kafka.common.serialization.StringDeserializer
	max.partition.fetch.bytes = 1048576
	max.poll.interval.ms = 300000
	max.poll.records = 500
	metadata.max.age.ms = 300000
	metadata.recovery.strategy = none
	metric.reporters = []
	metrics.num.samples = 2
	metrics.recording.level = INFO
	metrics.sample.window.ms = 30000
	partition.assignment.strategy = [class org.apache.kafka.clients.consumer.RangeAssignor, class org.apache.kafka.clients.consumer.CooperativeStickyAssignor]
	receive.buffer.bytes = 65536
	reconnect.backoff.max.ms = 1000
	reconnect.backoff.ms = 50
	request.timeout.ms = 5000
	retry.backoff.max.ms = 1000
	retry.backoff.ms = 100
	sasl.client.callback.handler.class = null
	sasl.jaas.config = null
	sasl.kerberos.kinit.cmd = /usr/bin/kinit
	sasl.kerberos.min.time.before.relogin = 60000
	sasl.kerberos.service.name = null
	sasl.kerberos.ticket.renew.jitter = 0.05
	sasl.kerberos.ticket.renew.window.factor = 0.8
	sasl.login.callback.handler.class = null
	sasl.login.class = null
	sasl.login.connect.timeout.ms = null
	sasl.login.read.timeout.ms = null
	sasl.login.refresh.buffer.seconds = 300
	sasl.login.refresh.min.period.seconds = 60
	sasl.login.refresh.window.factor = 0.8
	sasl.login.refresh.window.jitter = 0.05
	sasl.login.retry.backoff.max.ms = 10000
	sasl.login.retry.backoff.ms = 100
	sasl.mechanism = GSSAPI
	sasl.oauthbearer.clock.skew.seconds = 30
	sasl.oauthbearer.expected.audience = null
	sasl.oauthbearer.expected.issuer = null
	sasl.oauthbearer.header.urlencode = false
	sasl.oauthbearer.jwks.endpoint.refresh.ms = 3600000
	sasl.oauthbearer.jwks.endpoint.retry.backoff.max.ms = 10000
	sasl.oauthbearer.jwks.endpoint.retry.backoff.ms = 100
	sasl.oauthbearer.jwks.endpoint.url = null
	sasl.oauthbearer.scope.claim.name = scope
	sasl.oauthbearer.sub.claim.name = sub
	sasl.oauthbearer.token.endpoint.url = null
	security.protocol = PLAINTEXT
	security.providers = null
	send.buffer.bytes = 131072
	session.timeout.ms = 45000
	socket.connection.setup.timeout.max.ms = 30000
	socket.connection.setup.timeout.ms = 10000
	ssl.cipher.suites = null
	ssl.enabled.protocols = [TLSv1.2, TLSv1.3]
	ssl.endpoint.identification.algorithm = https
	ssl.engine.factory.class = null
	ssl.key.password = null
	ssl.keymanager.algorithm = SunX509
	ssl.keystore.certificate.chain = null
	ssl.keystore.key = null
	ssl.keystore.location = null
	ssl.keystore.password = null
	ssl.keystore.type = JKS
	ssl.protocol = TLSv1.3
	ssl.provider = null
	ssl.secure.random.implementation = null
	ssl.trustmanager.algorithm = PKIX
	ssl.truststore.certificates = null
	ssl.truststore.location = null
	ssl.truststore.password = null
	ssl.truststore.type = JKS
	value.deserializer = class io.apicurio.registry.serde.avro.AvroKafkaDeserializer

2025-10-08 17:47:30,851 INFO  [org.apa.kaf.com.tel.int.KafkaMetricsCollector] (main) initializing Kafka metrics collector
2025-10-08 17:47:30,853 INFO  [org.apa.kaf.cli.con.ConsumerConfig] (main) These configurations '[apicurio.registry.url]' were supplied but are not used yet.
2025-10-08 17:47:30,853 INFO  [org.apa.kaf.com.uti.AppInfoParser] (main) Kafka version: 3.9.1
2025-10-08 17:47:30,853 INFO  [org.apa.kaf.com.uti.AppInfoParser] (main) Kafka commitId: f745dfdcee2b9851
2025-10-08 17:47:30,853 INFO  [org.apa.kaf.com.uti.AppInfoParser] (main) Kafka startTimeMs: 1759945650853
2025-10-08 17:47:30,854 INFO  [io.api.tes.ser.api.KafkaSerdesTester] (ForkJoinPool.commonPool-worker-1) Sending message {"key1": "value-0"} to topic topic-a49208ac_9a01_4e84_b258_d7333a55d513
2025-10-08 17:47:30,856 INFO  [DefaultSchemaResolver] (ForkJoinPool.commonPool-worker-1) Retrieving schema content using string: {"type":"record","name":"myrecordconfluent6","fields":[{"name":"key1","type":"string"}]}
2025-10-08 17:47:31,009 INFO  [io.api.tes.ser.api.KafkaSerdesTester] (ForkJoinPool.commonPool-worker-1) Sending message {"key1": "value-1"} to topic topic-a49208ac_9a01_4e84_b258_d7333a55d513
2025-10-08 17:47:31,010 INFO  [io.api.tes.ser.api.KafkaSerdesTester] (ForkJoinPool.commonPool-worker-1) Sending message {"key1": "value-2"} to topic topic-a49208ac_9a01_4e84_b258_d7333a55d513
2025-10-08 17:47:31,011 INFO  [io.api.tes.ser.api.KafkaSerdesTester] (ForkJoinPool.commonPool-worker-1) Sending message {"key1": "value-3"} to topic topic-a49208ac_9a01_4e84_b258_d7333a55d513
2025-10-08 17:47:31,011 INFO  [io.api.tes.ser.api.KafkaSerdesTester] (ForkJoinPool.commonPool-worker-1) Sending message {"key1": "value-4"} to topic topic-a49208ac_9a01_4e84_b258_d7333a55d513
2025-10-08 17:47:31,012 INFO  [io.api.tes.ser.api.KafkaSerdesTester] (ForkJoinPool.commonPool-worker-1) Sending message {"key1": "value-5"} to topic topic-a49208ac_9a01_4e84_b258_d7333a55d513
2025-10-08 17:47:31,013 INFO  [io.api.tes.ser.api.KafkaSerdesTester] (ForkJoinPool.commonPool-worker-1) Sending message {"key1": "value-6"} to topic topic-a49208ac_9a01_4e84_b258_d7333a55d513
2025-10-08 17:47:31,013 INFO  [io.api.tes.ser.api.KafkaSerdesTester] (ForkJoinPool.commonPool-worker-1) Sending message {"key1": "value-7"} to topic topic-a49208ac_9a01_4e84_b258_d7333a55d513
2025-10-08 17:47:31,014 INFO  [io.api.tes.ser.api.KafkaSerdesTester] (ForkJoinPool.commonPool-worker-1) Sending message {"key1": "value-8"} to topic topic-a49208ac_9a01_4e84_b258_d7333a55d513
2025-10-08 17:47:31,015 INFO  [io.api.tes.ser.api.KafkaSerdesTester] (ForkJoinPool.commonPool-worker-1) Sending message {"key1": "value-9"} to topic topic-a49208ac_9a01_4e84_b258_d7333a55d513
2025-10-08 17:47:31,016 INFO  [io.api.tes.ser.api.KafkaSerdesTester] (ForkJoinPool.commonPool-worker-1) Produced 10 messages
2025-10-08 17:47:31,016 INFO  [org.apa.kaf.cli.pro.KafkaProducer] (ForkJoinPool.commonPool-worker-1) [Producer clientId=Producer-topic-a49208ac_9a01_4e84_b258_d7333a55d513] Closing the Kafka producer with timeoutMillis = 9223372036854775807 ms.
2025-10-08 17:47:31,017 INFO  [org.apa.kaf.com.met.Metrics] (ForkJoinPool.commonPool-worker-1) Metrics scheduler closed
2025-10-08 17:47:31,017 INFO  [org.apa.kaf.com.met.Metrics] (ForkJoinPool.commonPool-worker-1) Closing reporter org.apache.kafka.common.metrics.JmxReporter
2025-10-08 17:47:31,017 INFO  [org.apa.kaf.com.met.Metrics] (ForkJoinPool.commonPool-worker-1) Closing reporter org.apache.kafka.common.telemetry.internals.ClientTelemetryReporter
2025-10-08 17:47:31,017 INFO  [org.apa.kaf.com.met.Metrics] (ForkJoinPool.commonPool-worker-1) Metrics reporters closed
2025-10-08 17:47:31,017 INFO  [org.apa.kaf.com.uti.AppInfoParser] (ForkJoinPool.commonPool-worker-1) App info kafka.producer for Producer-topic-a49208ac_9a01_4e84_b258_d7333a55d513 unregistered
2025-10-08 17:47:31,018 INFO  [io.api.tes.ser.api.KafkaSerdesTester] (ForkJoinPool.commonPool-worker-1) Sending message {"key1": "value-0"} to topic topic-b38f003a_a297_44c0_b5b2_1a1ca18f797b
2025-10-08 17:47:31,020 INFO  [DefaultSchemaResolver] (ForkJoinPool.commonPool-worker-1) Retrieving schema content using string: {"type":"record","name":"myrecordconfluent6","fields":[{"name":"key1","type":"string"}]}
2025-10-08 17:47:31,161 INFO  [io.api.tes.ser.api.KafkaSerdesTester] (ForkJoinPool.commonPool-worker-1) Sending message {"key1": "value-1"} to topic topic-b38f003a_a297_44c0_b5b2_1a1ca18f797b
2025-10-08 17:47:31,161 INFO  [io.api.tes.ser.api.KafkaSerdesTester] (ForkJoinPool.commonPool-worker-1) Sending message {"key1": "value-2"} to topic topic-b38f003a_a297_44c0_b5b2_1a1ca18f797b
2025-10-08 17:47:31,162 INFO  [io.api.tes.ser.api.KafkaSerdesTester] (ForkJoinPool.commonPool-worker-1) Sending message {"key1": "value-3"} to topic topic-b38f003a_a297_44c0_b5b2_1a1ca18f797b
2025-10-08 17:47:31,163 INFO  [io.api.tes.ser.api.KafkaSerdesTester] (ForkJoinPool.commonPool-worker-1) Sending message {"key1": "value-4"} to topic topic-b38f003a_a297_44c0_b5b2_1a1ca18f797b
2025-10-08 17:47:31,164 INFO  [io.api.tes.ser.api.KafkaSerdesTester] (ForkJoinPool.commonPool-worker-1) Sending message {"key1": "value-5"} to topic topic-b38f003a_a297_44c0_b5b2_1a1ca18f797b
2025-10-08 17:47:31,164 INFO  [io.api.tes.ser.api.KafkaSerdesTester] (ForkJoinPool.commonPool-worker-1) Sending message {"key1": "value-6"} to topic topic-b38f003a_a297_44c0_b5b2_1a1ca18f797b
2025-10-08 17:47:31,165 INFO  [io.api.tes.ser.api.KafkaSerdesTester] (ForkJoinPool.commonPool-worker-1) Sending message {"key1": "value-7"} to topic topic-b38f003a_a297_44c0_b5b2_1a1ca18f797b
2025-10-08 17:47:31,166 INFO  [io.api.tes.ser.api.KafkaSerdesTester] (ForkJoinPool.commonPool-worker-1) Sending message {"key1": "value-8"} to topic topic-b38f003a_a297_44c0_b5b2_1a1ca18f797b
2025-10-08 17:47:31,167 INFO  [io.api.tes.ser.api.KafkaSerdesTester] (ForkJoinPool.commonPool-worker-1) Sending message {"key1": "value-9"} to topic topic-b38f003a_a297_44c0_b5b2_1a1ca18f797b
2025-10-08 17:47:31,168 INFO  [io.api.tes.ser.api.KafkaSerdesTester] (ForkJoinPool.commonPool-worker-1) Produced 10 messages
2025-10-08 17:47:31,168 INFO  [org.apa.kaf.cli.pro.KafkaProducer] (ForkJoinPool.commonPool-worker-1) [Producer clientId=Producer-topic-b38f003a_a297_44c0_b5b2_1a1ca18f797b] Closing the Kafka producer with timeoutMillis = 9223372036854775807 ms.
2025-10-08 17:47:31,169 INFO  [org.apa.kaf.com.met.Metrics] (ForkJoinPool.commonPool-worker-1) Metrics scheduler closed
2025-10-08 17:47:31,169 INFO  [org.apa.kaf.com.met.Metrics] (ForkJoinPool.commonPool-worker-1) Closing reporter org.apache.kafka.common.metrics.JmxReporter
2025-10-08 17:47:31,169 INFO  [org.apa.kaf.com.met.Metrics] (ForkJoinPool.commonPool-worker-1) Closing reporter org.apache.kafka.common.telemetry.internals.ClientTelemetryReporter
2025-10-08 17:47:31,169 INFO  [org.apa.kaf.com.met.Metrics] (ForkJoinPool.commonPool-worker-1) Metrics reporters closed
2025-10-08 17:47:31,170 INFO  [org.apa.kaf.com.uti.AppInfoParser] (ForkJoinPool.commonPool-worker-1) App info kafka.producer for Producer-topic-b38f003a_a297_44c0_b5b2_1a1ca18f797b unregistered
2025-10-08 17:47:31,170 INFO  [io.api.tes.ser.api.KafkaSerdesTester] (ForkJoinPool.commonPool-worker-1) Sending message {"key1": "value-0"} to topic topic-5477356a_2e81_4762_84eb_43e05437c15a
2025-10-08 17:47:31,174 INFO  [DefaultSchemaResolver] (ForkJoinPool.commonPool-worker-1) Retrieving schema content using string: {"type":"record","name":"myrecordconfluent6","fields":[{"name":"key1","type":"string"}]}
2025-10-08 17:47:31,313 INFO  [io.api.tes.ser.api.KafkaSerdesTester] (ForkJoinPool.commonPool-worker-1) Sending message {"key1": "value-1"} to topic topic-5477356a_2e81_4762_84eb_43e05437c15a
2025-10-08 17:47:31,314 INFO  [io.api.tes.ser.api.KafkaSerdesTester] (ForkJoinPool.commonPool-worker-1) Sending message {"key1": "value-2"} to topic topic-5477356a_2e81_4762_84eb_43e05437c15a
2025-10-08 17:47:31,315 INFO  [io.api.tes.ser.api.KafkaSerdesTester] (ForkJoinPool.commonPool-worker-1) Sending message {"key1": "value-3"} to topic topic-5477356a_2e81_4762_84eb_43e05437c15a
2025-10-08 17:47:31,316 INFO  [io.api.tes.ser.api.KafkaSerdesTester] (ForkJoinPool.commonPool-worker-1) Sending message {"key1": "value-4"} to topic topic-5477356a_2e81_4762_84eb_43e05437c15a
2025-10-08 17:47:31,317 INFO  [io.api.tes.ser.api.KafkaSerdesTester] (ForkJoinPool.commonPool-worker-1) Sending message {"key1": "value-5"} to topic topic-5477356a_2e81_4762_84eb_43e05437c15a
2025-10-08 17:47:31,317 INFO  [io.api.tes.ser.api.KafkaSerdesTester] (ForkJoinPool.commonPool-worker-1) Sending message {"key1": "value-6"} to topic topic-5477356a_2e81_4762_84eb_43e05437c15a
2025-10-08 17:47:31,318 INFO  [io.api.tes.ser.api.KafkaSerdesTester] (ForkJoinPool.commonPool-worker-1) Sending message {"key1": "value-7"} to topic topic-5477356a_2e81_4762_84eb_43e05437c15a
2025-10-08 17:47:31,319 INFO  [io.api.tes.ser.api.KafkaSerdesTester] (ForkJoinPool.commonPool-worker-1) Sending message {"key1": "value-8"} to topic topic-5477356a_2e81_4762_84eb_43e05437c15a
2025-10-08 17:47:31,320 INFO  [io.api.tes.ser.api.KafkaSerdesTester] (ForkJoinPool.commonPool-worker-1) Sending message {"key1": "value-9"} to topic topic-5477356a_2e81_4762_84eb_43e05437c15a
2025-10-08 17:47:31,320 INFO  [io.api.tes.ser.api.KafkaSerdesTester] (ForkJoinPool.commonPool-worker-1) Produced 10 messages
2025-10-08 17:47:31,320 INFO  [org.apa.kaf.cli.pro.KafkaProducer] (ForkJoinPool.commonPool-worker-1) [Producer clientId=Producer-topic-5477356a_2e81_4762_84eb_43e05437c15a] Closing the Kafka producer with timeoutMillis = 9223372036854775807 ms.
2025-10-08 17:47:31,322 INFO  [org.apa.kaf.com.met.Metrics] (ForkJoinPool.commonPool-worker-1) Metrics scheduler closed
2025-10-08 17:47:31,322 INFO  [org.apa.kaf.com.met.Metrics] (ForkJoinPool.commonPool-worker-1) Closing reporter org.apache.kafka.common.metrics.JmxReporter
2025-10-08 17:47:31,322 INFO  [org.apa.kaf.com.met.Metrics] (ForkJoinPool.commonPool-worker-1) Closing reporter org.apache.kafka.common.telemetry.internals.ClientTelemetryReporter
2025-10-08 17:47:31,322 INFO  [org.apa.kaf.com.met.Metrics] (ForkJoinPool.commonPool-worker-1) Metrics reporters closed
2025-10-08 17:47:31,322 INFO  [org.apa.kaf.com.uti.AppInfoParser] (ForkJoinPool.commonPool-worker-1) App info kafka.producer for Producer-topic-5477356a_2e81_4762_84eb_43e05437c15a unregistered
2025-10-08 17:47:31,322 INFO  [org.apa.kaf.cli.con.int.ClassicKafkaConsumer] (ForkJoinPool.commonPool-worker-1) [Consumer clientId=consumer-Consumer-topic-a49208ac_9a01_4e84_b258_d7333a55d513-38, groupId=Consumer-topic-a49208ac_9a01_4e84_b258_d7333a55d513] Subscribed to topic(s): topic-a49208ac_9a01_4e84_b258_d7333a55d513
2025-10-08 17:47:31,325 INFO  [org.apa.kaf.cli.Metadata] (ForkJoinPool.commonPool-worker-1) [Consumer clientId=consumer-Consumer-topic-a49208ac_9a01_4e84_b258_d7333a55d513-38, groupId=Consumer-topic-a49208ac_9a01_4e84_b258_d7333a55d513] Cluster ID: Sx1FHBeCRF2NRCdgDzlw-Q
2025-10-08 17:47:31,326 INFO  [org.apa.kaf.cli.con.int.ConsumerCoordinator] (ForkJoinPool.commonPool-worker-1) [Consumer clientId=consumer-Consumer-topic-a49208ac_9a01_4e84_b258_d7333a55d513-38, groupId=Consumer-topic-a49208ac_9a01_4e84_b258_d7333a55d513] Discovered group coordinator localhost:32769 (id: 2147483647 rack: null)
2025-10-08 17:47:31,327 INFO  [org.apa.kaf.cli.con.int.ConsumerCoordinator] (ForkJoinPool.commonPool-worker-1) [Consumer clientId=consumer-Consumer-topic-a49208ac_9a01_4e84_b258_d7333a55d513-38, groupId=Consumer-topic-a49208ac_9a01_4e84_b258_d7333a55d513] (Re-)joining group
2025-10-08 17:47:31,328 INFO  [org.apa.kaf.cli.con.int.ConsumerCoordinator] (ForkJoinPool.commonPool-worker-1) [Consumer clientId=consumer-Consumer-topic-a49208ac_9a01_4e84_b258_d7333a55d513-38, groupId=Consumer-topic-a49208ac_9a01_4e84_b258_d7333a55d513] Request joining group due to: need to re-join with the given member-id: consumer-Consumer-topic-a49208ac_9a01_4e84_b258_d7333a55d513-38-ceca35e6-624c-4395-a2b5-7e5137183967
2025-10-08 17:47:31,328 INFO  [org.apa.kaf.cli.con.int.ConsumerCoordinator] (ForkJoinPool.commonPool-worker-1) [Consumer clientId=consumer-Consumer-topic-a49208ac_9a01_4e84_b258_d7333a55d513-38, groupId=Consumer-topic-a49208ac_9a01_4e84_b258_d7333a55d513] (Re-)joining group
2025-10-08 17:47:32,322 INFO  [io.api.tes.ser.api.KafkaSerdesTester] (ForkJoinPool.commonPool-worker-1) None found
2025-10-08 17:47:33,322 INFO  [io.api.tes.ser.api.KafkaSerdesTester] (ForkJoinPool.commonPool-worker-1) None found
2025-10-08 17:47:34,322 INFO  [io.api.tes.ser.api.KafkaSerdesTester] (ForkJoinPool.commonPool-worker-1) None found
2025-10-08 17:47:34,329 INFO  [org.apa.kaf.cli.con.int.ConsumerCoordinator] (ForkJoinPool.commonPool-worker-1) [Consumer clientId=consumer-Consumer-topic-a49208ac_9a01_4e84_b258_d7333a55d513-38, groupId=Consumer-topic-a49208ac_9a01_4e84_b258_d7333a55d513] Successfully joined group with generation Generation{generationId=1, memberId='consumer-Consumer-topic-a49208ac_9a01_4e84_b258_d7333a55d513-38-ceca35e6-624c-4395-a2b5-7e5137183967', protocol='range'}
2025-10-08 17:47:34,330 INFO  [org.apa.kaf.cli.con.int.ConsumerCoordinator] (ForkJoinPool.commonPool-worker-1) [Consumer clientId=consumer-Consumer-topic-a49208ac_9a01_4e84_b258_d7333a55d513-38, groupId=Consumer-topic-a49208ac_9a01_4e84_b258_d7333a55d513] Finished assignment for group at generation 1: {consumer-Consumer-topic-a49208ac_9a01_4e84_b258_d7333a55d513-38-ceca35e6-624c-4395-a2b5-7e5137183967=Assignment(partitions=[topic-a49208ac_9a01_4e84_b258_d7333a55d513-0])}
2025-10-08 17:47:34,336 INFO  [org.apa.kaf.cli.con.int.ConsumerCoordinator] (ForkJoinPool.commonPool-worker-1) [Consumer clientId=consumer-Consumer-topic-a49208ac_9a01_4e84_b258_d7333a55d513-38, groupId=Consumer-topic-a49208ac_9a01_4e84_b258_d7333a55d513] Successfully synced group in generation Generation{generationId=1, memberId='consumer-Consumer-topic-a49208ac_9a01_4e84_b258_d7333a55d513-38-ceca35e6-624c-4395-a2b5-7e5137183967', protocol='range'}
2025-10-08 17:47:34,336 INFO  [org.apa.kaf.cli.con.int.ConsumerCoordinator] (ForkJoinPool.commonPool-worker-1) [Consumer clientId=consumer-Consumer-topic-a49208ac_9a01_4e84_b258_d7333a55d513-38, groupId=Consumer-topic-a49208ac_9a01_4e84_b258_d7333a55d513] Notifying assignor about the new Assignment(partitions=[topic-a49208ac_9a01_4e84_b258_d7333a55d513-0])
2025-10-08 17:47:34,336 INFO  [org.apa.kaf.cli.con.int.ConsumerRebalanceListenerInvoker] (ForkJoinPool.commonPool-worker-1) [Consumer clientId=consumer-Consumer-topic-a49208ac_9a01_4e84_b258_d7333a55d513-38, groupId=Consumer-topic-a49208ac_9a01_4e84_b258_d7333a55d513] Adding newly assigned partitions: topic-a49208ac_9a01_4e84_b258_d7333a55d513-0
2025-10-08 17:47:34,336 INFO  [org.apa.kaf.cli.con.int.ConsumerCoordinator] (ForkJoinPool.commonPool-worker-1) [Consumer clientId=consumer-Consumer-topic-a49208ac_9a01_4e84_b258_d7333a55d513-38, groupId=Consumer-topic-a49208ac_9a01_4e84_b258_d7333a55d513] Found no committed offset for partition topic-a49208ac_9a01_4e84_b258_d7333a55d513-0
2025-10-08 17:47:34,338 INFO  [org.apa.kaf.cli.con.int.SubscriptionState] (ForkJoinPool.commonPool-worker-1) [Consumer clientId=consumer-Consumer-topic-a49208ac_9a01_4e84_b258_d7333a55d513-38, groupId=Consumer-topic-a49208ac_9a01_4e84_b258_d7333a55d513] Resetting offset for partition topic-a49208ac_9a01_4e84_b258_d7333a55d513-0 to position FetchPosition{offset=0, offsetEpoch=Optional.empty, currentLeader=LeaderAndEpoch{leader=Optional[localhost:32769 (id: 0 rack: null)], epoch=0}}.
2025-10-08 17:47:34,559 INFO  [io.api.tes.ser.api.KafkaSerdesTester] (ForkJoinPool.commonPool-worker-1) topic-a49208ac_9a01_4e84_b258_d7333a55d513 0 0 {"key1": "value-0"}
2025-10-08 17:47:34,559 INFO  [io.api.tes.ser.api.KafkaSerdesTester] (ForkJoinPool.commonPool-worker-1) topic-a49208ac_9a01_4e84_b258_d7333a55d513 0 1 {"key1": "value-1"}
2025-10-08 17:47:34,559 INFO  [io.api.tes.ser.api.KafkaSerdesTester] (ForkJoinPool.commonPool-worker-1) topic-a49208ac_9a01_4e84_b258_d7333a55d513 0 2 {"key1": "value-2"}
2025-10-08 17:47:34,559 INFO  [io.api.tes.ser.api.KafkaSerdesTester] (ForkJoinPool.commonPool-worker-1) topic-a49208ac_9a01_4e84_b258_d7333a55d513 0 3 {"key1": "value-3"}
2025-10-08 17:47:34,559 INFO  [io.api.tes.ser.api.KafkaSerdesTester] (ForkJoinPool.commonPool-worker-1) topic-a49208ac_9a01_4e84_b258_d7333a55d513 0 4 {"key1": "value-4"}
2025-10-08 17:47:34,559 INFO  [io.api.tes.ser.api.KafkaSerdesTester] (ForkJoinPool.commonPool-worker-1) topic-a49208ac_9a01_4e84_b258_d7333a55d513 0 5 {"key1": "value-5"}
2025-10-08 17:47:34,559 INFO  [io.api.tes.ser.api.KafkaSerdesTester] (ForkJoinPool.commonPool-worker-1) topic-a49208ac_9a01_4e84_b258_d7333a55d513 0 6 {"key1": "value-6"}
2025-10-08 17:47:34,559 INFO  [io.api.tes.ser.api.KafkaSerdesTester] (ForkJoinPool.commonPool-worker-1) topic-a49208ac_9a01_4e84_b258_d7333a55d513 0 7 {"key1": "value-7"}
2025-10-08 17:47:34,559 INFO  [io.api.tes.ser.api.KafkaSerdesTester] (ForkJoinPool.commonPool-worker-1) topic-a49208ac_9a01_4e84_b258_d7333a55d513 0 8 {"key1": "value-8"}
2025-10-08 17:47:34,559 INFO  [io.api.tes.ser.api.KafkaSerdesTester] (ForkJoinPool.commonPool-worker-1) topic-a49208ac_9a01_4e84_b258_d7333a55d513 0 9 {"key1": "value-9"}
2025-10-08 17:47:34,559 INFO  [io.api.tes.ser.api.KafkaSerdesTester] (ForkJoinPool.commonPool-worker-1) Consumed 10 messages
2025-10-08 17:47:34,566 INFO  [org.apa.kaf.cli.con.int.ConsumerRebalanceListenerInvoker] (ForkJoinPool.commonPool-worker-1) [Consumer clientId=consumer-Consumer-topic-a49208ac_9a01_4e84_b258_d7333a55d513-38, groupId=Consumer-topic-a49208ac_9a01_4e84_b258_d7333a55d513] Revoke previously assigned partitions topic-a49208ac_9a01_4e84_b258_d7333a55d513-0
2025-10-08 17:47:34,566 INFO  [org.apa.kaf.cli.con.int.ConsumerCoordinator] (ForkJoinPool.commonPool-worker-1) [Consumer clientId=consumer-Consumer-topic-a49208ac_9a01_4e84_b258_d7333a55d513-38, groupId=Consumer-topic-a49208ac_9a01_4e84_b258_d7333a55d513] Member consumer-Consumer-topic-a49208ac_9a01_4e84_b258_d7333a55d513-38-ceca35e6-624c-4395-a2b5-7e5137183967 sending LeaveGroup request to coordinator localhost:32769 (id: 2147483647 rack: null) due to the consumer is being closed
2025-10-08 17:47:34,566 INFO  [org.apa.kaf.cli.con.int.ConsumerCoordinator] (ForkJoinPool.commonPool-worker-1) [Consumer clientId=consumer-Consumer-topic-a49208ac_9a01_4e84_b258_d7333a55d513-38, groupId=Consumer-topic-a49208ac_9a01_4e84_b258_d7333a55d513] Resetting generation and member id due to: consumer pro-actively leaving the group
2025-10-08 17:47:34,566 INFO  [org.apa.kaf.cli.con.int.ConsumerCoordinator] (ForkJoinPool.commonPool-worker-1) [Consumer clientId=consumer-Consumer-topic-a49208ac_9a01_4e84_b258_d7333a55d513-38, groupId=Consumer-topic-a49208ac_9a01_4e84_b258_d7333a55d513] Request joining group due to: consumer pro-actively leaving the group
2025-10-08 17:47:35,061 INFO  [org.apa.kaf.com.met.Metrics] (ForkJoinPool.commonPool-worker-1) Metrics scheduler closed
2025-10-08 17:47:35,061 INFO  [org.apa.kaf.com.met.Metrics] (ForkJoinPool.commonPool-worker-1) Closing reporter org.apache.kafka.common.metrics.JmxReporter
2025-10-08 17:47:35,061 INFO  [org.apa.kaf.com.met.Metrics] (ForkJoinPool.commonPool-worker-1) Closing reporter org.apache.kafka.common.telemetry.internals.ClientTelemetryReporter
2025-10-08 17:47:35,061 INFO  [org.apa.kaf.com.met.Metrics] (ForkJoinPool.commonPool-worker-1) Metrics reporters closed
2025-10-08 17:47:35,063 INFO  [org.apa.kaf.com.uti.AppInfoParser] (ForkJoinPool.commonPool-worker-1) App info kafka.consumer for consumer-Consumer-topic-a49208ac_9a01_4e84_b258_d7333a55d513-38 unregistered
2025-10-08 17:47:35,063 INFO  [org.apa.kaf.cli.con.int.ClassicKafkaConsumer] (ForkJoinPool.commonPool-worker-1) [Consumer clientId=consumer-Consumer-topic-b38f003a_a297_44c0_b5b2_1a1ca18f797b-39, groupId=Consumer-topic-b38f003a_a297_44c0_b5b2_1a1ca18f797b] Subscribed to topic(s): topic-b38f003a_a297_44c0_b5b2_1a1ca18f797b
2025-10-08 17:47:35,065 INFO  [org.apa.kaf.cli.Metadata] (ForkJoinPool.commonPool-worker-1) [Consumer clientId=consumer-Consumer-topic-b38f003a_a297_44c0_b5b2_1a1ca18f797b-39, groupId=Consumer-topic-b38f003a_a297_44c0_b5b2_1a1ca18f797b] Cluster ID: Sx1FHBeCRF2NRCdgDzlw-Q
2025-10-08 17:47:35,066 INFO  [org.apa.kaf.cli.con.int.ConsumerCoordinator] (ForkJoinPool.commonPool-worker-1) [Consumer clientId=consumer-Consumer-topic-b38f003a_a297_44c0_b5b2_1a1ca18f797b-39, groupId=Consumer-topic-b38f003a_a297_44c0_b5b2_1a1ca18f797b] Discovered group coordinator localhost:32769 (id: 2147483647 rack: null)
2025-10-08 17:47:35,067 INFO  [org.apa.kaf.cli.con.int.ConsumerCoordinator] (ForkJoinPool.commonPool-worker-1) [Consumer clientId=consumer-Consumer-topic-b38f003a_a297_44c0_b5b2_1a1ca18f797b-39, groupId=Consumer-topic-b38f003a_a297_44c0_b5b2_1a1ca18f797b] (Re-)joining group
2025-10-08 17:47:35,068 INFO  [org.apa.kaf.cli.con.int.ConsumerCoordinator] (ForkJoinPool.commonPool-worker-1) [Consumer clientId=consumer-Consumer-topic-b38f003a_a297_44c0_b5b2_1a1ca18f797b-39, groupId=Consumer-topic-b38f003a_a297_44c0_b5b2_1a1ca18f797b] Request joining group due to: need to re-join with the given member-id: consumer-Consumer-topic-b38f003a_a297_44c0_b5b2_1a1ca18f797b-39-283957f7-898e-40f1-8803-a014be889ef9
2025-10-08 17:47:35,068 INFO  [org.apa.kaf.cli.con.int.ConsumerCoordinator] (ForkJoinPool.commonPool-worker-1) [Consumer clientId=consumer-Consumer-topic-b38f003a_a297_44c0_b5b2_1a1ca18f797b-39, groupId=Consumer-topic-b38f003a_a297_44c0_b5b2_1a1ca18f797b] (Re-)joining group
2025-10-08 17:47:36,063 INFO  [io.api.tes.ser.api.KafkaSerdesTester] (ForkJoinPool.commonPool-worker-1) None found
2025-10-08 17:47:37,065 INFO  [io.api.tes.ser.api.KafkaSerdesTester] (ForkJoinPool.commonPool-worker-1) None found
2025-10-08 17:47:38,065 INFO  [io.api.tes.ser.api.KafkaSerdesTester] (ForkJoinPool.commonPool-worker-1) None found
2025-10-08 17:47:38,070 INFO  [org.apa.kaf.cli.con.int.ConsumerCoordinator] (ForkJoinPool.commonPool-worker-1) [Consumer clientId=consumer-Consumer-topic-b38f003a_a297_44c0_b5b2_1a1ca18f797b-39, groupId=Consumer-topic-b38f003a_a297_44c0_b5b2_1a1ca18f797b] Successfully joined group with generation Generation{generationId=1, memberId='consumer-Consumer-topic-b38f003a_a297_44c0_b5b2_1a1ca18f797b-39-283957f7-898e-40f1-8803-a014be889ef9', protocol='range'}
2025-10-08 17:47:38,070 INFO  [org.apa.kaf.cli.con.int.ConsumerCoordinator] (ForkJoinPool.commonPool-worker-1) [Consumer clientId=consumer-Consumer-topic-b38f003a_a297_44c0_b5b2_1a1ca18f797b-39, groupId=Consumer-topic-b38f003a_a297_44c0_b5b2_1a1ca18f797b] Finished assignment for group at generation 1: {consumer-Consumer-topic-b38f003a_a297_44c0_b5b2_1a1ca18f797b-39-283957f7-898e-40f1-8803-a014be889ef9=Assignment(partitions=[topic-b38f003a_a297_44c0_b5b2_1a1ca18f797b-0])}
2025-10-08 17:47:38,076 INFO  [org.apa.kaf.cli.con.int.ConsumerCoordinator] (ForkJoinPool.commonPool-worker-1) [Consumer clientId=consumer-Consumer-topic-b38f003a_a297_44c0_b5b2_1a1ca18f797b-39, groupId=Consumer-topic-b38f003a_a297_44c0_b5b2_1a1ca18f797b] Successfully synced group in generation Generation{generationId=1, memberId='consumer-Consumer-topic-b38f003a_a297_44c0_b5b2_1a1ca18f797b-39-283957f7-898e-40f1-8803-a014be889ef9', protocol='range'}
2025-10-08 17:47:38,076 INFO  [org.apa.kaf.cli.con.int.ConsumerCoordinator] (ForkJoinPool.commonPool-worker-1) [Consumer clientId=consumer-Consumer-topic-b38f003a_a297_44c0_b5b2_1a1ca18f797b-39, groupId=Consumer-topic-b38f003a_a297_44c0_b5b2_1a1ca18f797b] Notifying assignor about the new Assignment(partitions=[topic-b38f003a_a297_44c0_b5b2_1a1ca18f797b-0])
2025-10-08 17:47:38,076 INFO  [org.apa.kaf.cli.con.int.ConsumerRebalanceListenerInvoker] (ForkJoinPool.commonPool-worker-1) [Consumer clientId=consumer-Consumer-topic-b38f003a_a297_44c0_b5b2_1a1ca18f797b-39, groupId=Consumer-topic-b38f003a_a297_44c0_b5b2_1a1ca18f797b] Adding newly assigned partitions: topic-b38f003a_a297_44c0_b5b2_1a1ca18f797b-0
2025-10-08 17:47:38,077 INFO  [org.apa.kaf.cli.con.int.ConsumerCoordinator] (ForkJoinPool.commonPool-worker-1) [Consumer clientId=consumer-Consumer-topic-b38f003a_a297_44c0_b5b2_1a1ca18f797b-39, groupId=Consumer-topic-b38f003a_a297_44c0_b5b2_1a1ca18f797b] Found no committed offset for partition topic-b38f003a_a297_44c0_b5b2_1a1ca18f797b-0
2025-10-08 17:47:38,079 INFO  [org.apa.kaf.cli.con.int.SubscriptionState] (ForkJoinPool.commonPool-worker-1) [Consumer clientId=consumer-Consumer-topic-b38f003a_a297_44c0_b5b2_1a1ca18f797b-39, groupId=Consumer-topic-b38f003a_a297_44c0_b5b2_1a1ca18f797b] Resetting offset for partition topic-b38f003a_a297_44c0_b5b2_1a1ca18f797b-0 to position FetchPosition{offset=0, offsetEpoch=Optional.empty, currentLeader=LeaderAndEpoch{leader=Optional[localhost:32769 (id: 0 rack: null)], epoch=0}}.
2025-10-08 17:47:38,289 INFO  [io.api.tes.ser.api.KafkaSerdesTester] (ForkJoinPool.commonPool-worker-1) topic-b38f003a_a297_44c0_b5b2_1a1ca18f797b 0 0 {"key1": "value-0"}
2025-10-08 17:47:38,289 INFO  [io.api.tes.ser.api.KafkaSerdesTester] (ForkJoinPool.commonPool-worker-1) topic-b38f003a_a297_44c0_b5b2_1a1ca18f797b 0 1 {"key1": "value-1"}
2025-10-08 17:47:38,289 INFO  [io.api.tes.ser.api.KafkaSerdesTester] (ForkJoinPool.commonPool-worker-1) topic-b38f003a_a297_44c0_b5b2_1a1ca18f797b 0 2 {"key1": "value-2"}
2025-10-08 17:47:38,289 INFO  [io.api.tes.ser.api.KafkaSerdesTester] (ForkJoinPool.commonPool-worker-1) topic-b38f003a_a297_44c0_b5b2_1a1ca18f797b 0 3 {"key1": "value-3"}
2025-10-08 17:47:38,289 INFO  [io.api.tes.ser.api.KafkaSerdesTester] (ForkJoinPool.commonPool-worker-1) topic-b38f003a_a297_44c0_b5b2_1a1ca18f797b 0 4 {"key1": "value-4"}
2025-10-08 17:47:38,289 INFO  [io.api.tes.ser.api.KafkaSerdesTester] (ForkJoinPool.commonPool-worker-1) topic-b38f003a_a297_44c0_b5b2_1a1ca18f797b 0 5 {"key1": "value-5"}
2025-10-08 17:47:38,289 INFO  [io.api.tes.ser.api.KafkaSerdesTester] (ForkJoinPool.commonPool-worker-1) topic-b38f003a_a297_44c0_b5b2_1a1ca18f797b 0 6 {"key1": "value-6"}
2025-10-08 17:47:38,289 INFO  [io.api.tes.ser.api.KafkaSerdesTester] (ForkJoinPool.commonPool-worker-1) topic-b38f003a_a297_44c0_b5b2_1a1ca18f797b 0 7 {"key1": "value-7"}
2025-10-08 17:47:38,289 INFO  [io.api.tes.ser.api.KafkaSerdesTester] (ForkJoinPool.commonPool-worker-1) topic-b38f003a_a297_44c0_b5b2_1a1ca18f797b 0 8 {"key1": "value-8"}
2025-10-08 17:47:38,289 INFO  [io.api.tes.ser.api.KafkaSerdesTester] (ForkJoinPool.commonPool-worker-1) topic-b38f003a_a297_44c0_b5b2_1a1ca18f797b 0 9 {"key1": "value-9"}
2025-10-08 17:47:38,289 INFO  [io.api.tes.ser.api.KafkaSerdesTester] (ForkJoinPool.commonPool-worker-1) Consumed 10 messages
2025-10-08 17:47:38,296 INFO  [org.apa.kaf.cli.con.int.ConsumerRebalanceListenerInvoker] (ForkJoinPool.commonPool-worker-1) [Consumer clientId=consumer-Consumer-topic-b38f003a_a297_44c0_b5b2_1a1ca18f797b-39, groupId=Consumer-topic-b38f003a_a297_44c0_b5b2_1a1ca18f797b] Revoke previously assigned partitions topic-b38f003a_a297_44c0_b5b2_1a1ca18f797b-0
2025-10-08 17:47:38,296 INFO  [org.apa.kaf.cli.con.int.ConsumerCoordinator] (ForkJoinPool.commonPool-worker-1) [Consumer clientId=consumer-Consumer-topic-b38f003a_a297_44c0_b5b2_1a1ca18f797b-39, groupId=Consumer-topic-b38f003a_a297_44c0_b5b2_1a1ca18f797b] Member consumer-Consumer-topic-b38f003a_a297_44c0_b5b2_1a1ca18f797b-39-283957f7-898e-40f1-8803-a014be889ef9 sending LeaveGroup request to coordinator localhost:32769 (id: 2147483647 rack: null) due to the consumer is being closed
2025-10-08 17:47:38,296 INFO  [org.apa.kaf.cli.con.int.ConsumerCoordinator] (ForkJoinPool.commonPool-worker-1) [Consumer clientId=consumer-Consumer-topic-b38f003a_a297_44c0_b5b2_1a1ca18f797b-39, groupId=Consumer-topic-b38f003a_a297_44c0_b5b2_1a1ca18f797b] Resetting generation and member id due to: consumer pro-actively leaving the group
2025-10-08 17:47:38,296 INFO  [org.apa.kaf.cli.con.int.ConsumerCoordinator] (ForkJoinPool.commonPool-worker-1) [Consumer clientId=consumer-Consumer-topic-b38f003a_a297_44c0_b5b2_1a1ca18f797b-39, groupId=Consumer-topic-b38f003a_a297_44c0_b5b2_1a1ca18f797b] Request joining group due to: consumer pro-actively leaving the group
2025-10-08 17:47:38,791 INFO  [org.apa.kaf.com.met.Metrics] (ForkJoinPool.commonPool-worker-1) Metrics scheduler closed
2025-10-08 17:47:38,791 INFO  [org.apa.kaf.com.met.Metrics] (ForkJoinPool.commonPool-worker-1) Closing reporter org.apache.kafka.common.metrics.JmxReporter
2025-10-08 17:47:38,791 INFO  [org.apa.kaf.com.met.Metrics] (ForkJoinPool.commonPool-worker-1) Closing reporter org.apache.kafka.common.telemetry.internals.ClientTelemetryReporter
2025-10-08 17:47:38,791 INFO  [org.apa.kaf.com.met.Metrics] (ForkJoinPool.commonPool-worker-1) Metrics reporters closed
2025-10-08 17:47:38,792 INFO  [org.apa.kaf.com.uti.AppInfoParser] (ForkJoinPool.commonPool-worker-1) App info kafka.consumer for consumer-Consumer-topic-b38f003a_a297_44c0_b5b2_1a1ca18f797b-39 unregistered
2025-10-08 17:47:38,793 INFO  [org.apa.kaf.cli.con.int.ClassicKafkaConsumer] (ForkJoinPool.commonPool-worker-1) [Consumer clientId=consumer-Consumer-topic-5477356a_2e81_4762_84eb_43e05437c15a-40, groupId=Consumer-topic-5477356a_2e81_4762_84eb_43e05437c15a] Subscribed to topic(s): topic-5477356a_2e81_4762_84eb_43e05437c15a
2025-10-08 17:47:38,795 INFO  [org.apa.kaf.cli.Metadata] (ForkJoinPool.commonPool-worker-1) [Consumer clientId=consumer-Consumer-topic-5477356a_2e81_4762_84eb_43e05437c15a-40, groupId=Consumer-topic-5477356a_2e81_4762_84eb_43e05437c15a] Cluster ID: Sx1FHBeCRF2NRCdgDzlw-Q
2025-10-08 17:47:38,796 INFO  [org.apa.kaf.cli.con.int.ConsumerCoordinator] (ForkJoinPool.commonPool-worker-1) [Consumer clientId=consumer-Consumer-topic-5477356a_2e81_4762_84eb_43e05437c15a-40, groupId=Consumer-topic-5477356a_2e81_4762_84eb_43e05437c15a] Discovered group coordinator localhost:32769 (id: 2147483647 rack: null)
2025-10-08 17:47:38,796 INFO  [org.apa.kaf.cli.con.int.ConsumerCoordinator] (ForkJoinPool.commonPool-worker-1) [Consumer clientId=consumer-Consumer-topic-5477356a_2e81_4762_84eb_43e05437c15a-40, groupId=Consumer-topic-5477356a_2e81_4762_84eb_43e05437c15a] (Re-)joining group
2025-10-08 17:47:38,797 INFO  [org.apa.kaf.cli.con.int.ConsumerCoordinator] (ForkJoinPool.commonPool-worker-1) [Consumer clientId=consumer-Consumer-topic-5477356a_2e81_4762_84eb_43e05437c15a-40, groupId=Consumer-topic-5477356a_2e81_4762_84eb_43e05437c15a] Request joining group due to: need to re-join with the given member-id: consumer-Consumer-topic-5477356a_2e81_4762_84eb_43e05437c15a-40-28ae119e-ea9e-48f0-8eca-6c120305422c
2025-10-08 17:47:38,798 INFO  [org.apa.kaf.cli.con.int.ConsumerCoordinator] (ForkJoinPool.commonPool-worker-1) [Consumer clientId=consumer-Consumer-topic-5477356a_2e81_4762_84eb_43e05437c15a-40, groupId=Consumer-topic-5477356a_2e81_4762_84eb_43e05437c15a] (Re-)joining group
2025-10-08 17:47:39,793 INFO  [io.api.tes.ser.api.KafkaSerdesTester] (ForkJoinPool.commonPool-worker-1) None found
2025-10-08 17:47:40,794 INFO  [io.api.tes.ser.api.KafkaSerdesTester] (ForkJoinPool.commonPool-worker-1) None found
2025-10-08 17:47:41,794 INFO  [io.api.tes.ser.api.KafkaSerdesTester] (ForkJoinPool.commonPool-worker-1) None found
2025-10-08 17:47:41,798 INFO  [org.apa.kaf.cli.con.int.ConsumerCoordinator] (ForkJoinPool.commonPool-worker-1) [Consumer clientId=consumer-Consumer-topic-5477356a_2e81_4762_84eb_43e05437c15a-40, groupId=Consumer-topic-5477356a_2e81_4762_84eb_43e05437c15a] Successfully joined group with generation Generation{generationId=1, memberId='consumer-Consumer-topic-5477356a_2e81_4762_84eb_43e05437c15a-40-28ae119e-ea9e-48f0-8eca-6c120305422c', protocol='range'}
2025-10-08 17:47:41,798 INFO  [org.apa.kaf.cli.con.int.ConsumerCoordinator] (ForkJoinPool.commonPool-worker-1) [Consumer clientId=consumer-Consumer-topic-5477356a_2e81_4762_84eb_43e05437c15a-40, groupId=Consumer-topic-5477356a_2e81_4762_84eb_43e05437c15a] Finished assignment for group at generation 1: {consumer-Consumer-topic-5477356a_2e81_4762_84eb_43e05437c15a-40-28ae119e-ea9e-48f0-8eca-6c120305422c=Assignment(partitions=[topic-5477356a_2e81_4762_84eb_43e05437c15a-0])}
2025-10-08 17:47:41,804 INFO  [org.apa.kaf.cli.con.int.ConsumerCoordinator] (ForkJoinPool.commonPool-worker-1) [Consumer clientId=consumer-Consumer-topic-5477356a_2e81_4762_84eb_43e05437c15a-40, groupId=Consumer-topic-5477356a_2e81_4762_84eb_43e05437c15a] Successfully synced group in generation Generation{generationId=1, memberId='consumer-Consumer-topic-5477356a_2e81_4762_84eb_43e05437c15a-40-28ae119e-ea9e-48f0-8eca-6c120305422c', protocol='range'}
2025-10-08 17:47:41,804 INFO  [org.apa.kaf.cli.con.int.ConsumerCoordinator] (ForkJoinPool.commonPool-worker-1) [Consumer clientId=consumer-Consumer-topic-5477356a_2e81_4762_84eb_43e05437c15a-40, groupId=Consumer-topic-5477356a_2e81_4762_84eb_43e05437c15a] Notifying assignor about the new Assignment(partitions=[topic-5477356a_2e81_4762_84eb_43e05437c15a-0])
2025-10-08 17:47:41,805 INFO  [org.apa.kaf.cli.con.int.ConsumerRebalanceListenerInvoker] (ForkJoinPool.commonPool-worker-1) [Consumer clientId=consumer-Consumer-topic-5477356a_2e81_4762_84eb_43e05437c15a-40, groupId=Consumer-topic-5477356a_2e81_4762_84eb_43e05437c15a] Adding newly assigned partitions: topic-5477356a_2e81_4762_84eb_43e05437c15a-0
2025-10-08 17:47:41,805 INFO  [org.apa.kaf.cli.con.int.ConsumerCoordinator] (ForkJoinPool.commonPool-worker-1) [Consumer clientId=consumer-Consumer-topic-5477356a_2e81_4762_84eb_43e05437c15a-40, groupId=Consumer-topic-5477356a_2e81_4762_84eb_43e05437c15a] Found no committed offset for partition topic-5477356a_2e81_4762_84eb_43e05437c15a-0
2025-10-08 17:47:41,807 INFO  [org.apa.kaf.cli.con.int.SubscriptionState] (ForkJoinPool.commonPool-worker-1) [Consumer clientId=consumer-Consumer-topic-5477356a_2e81_4762_84eb_43e05437c15a-40, groupId=Consumer-topic-5477356a_2e81_4762_84eb_43e05437c15a] Resetting offset for partition topic-5477356a_2e81_4762_84eb_43e05437c15a-0 to position FetchPosition{offset=0, offsetEpoch=Optional.empty, currentLeader=LeaderAndEpoch{leader=Optional[localhost:32769 (id: 0 rack: null)], epoch=0}}.
2025-10-08 17:47:42,030 INFO  [io.api.tes.ser.api.KafkaSerdesTester] (ForkJoinPool.commonPool-worker-1) topic-5477356a_2e81_4762_84eb_43e05437c15a 0 0 {"key1": "value-0"}
2025-10-08 17:47:42,030 INFO  [io.api.tes.ser.api.KafkaSerdesTester] (ForkJoinPool.commonPool-worker-1) topic-5477356a_2e81_4762_84eb_43e05437c15a 0 1 {"key1": "value-1"}
2025-10-08 17:47:42,030 INFO  [io.api.tes.ser.api.KafkaSerdesTester] (ForkJoinPool.commonPool-worker-1) topic-5477356a_2e81_4762_84eb_43e05437c15a 0 2 {"key1": "value-2"}
2025-10-08 17:47:42,030 INFO  [io.api.tes.ser.api.KafkaSerdesTester] (ForkJoinPool.commonPool-worker-1) topic-5477356a_2e81_4762_84eb_43e05437c15a 0 3 {"key1": "value-3"}
2025-10-08 17:47:42,030 INFO  [io.api.tes.ser.api.KafkaSerdesTester] (ForkJoinPool.commonPool-worker-1) topic-5477356a_2e81_4762_84eb_43e05437c15a 0 4 {"key1": "value-4"}
2025-10-08 17:47:42,030 INFO  [io.api.tes.ser.api.KafkaSerdesTester] (ForkJoinPool.commonPool-worker-1) topic-5477356a_2e81_4762_84eb_43e05437c15a 0 5 {"key1": "value-5"}
2025-10-08 17:47:42,030 INFO  [io.api.tes.ser.api.KafkaSerdesTester] (ForkJoinPool.commonPool-worker-1) topic-5477356a_2e81_4762_84eb_43e05437c15a 0 6 {"key1": "value-6"}
2025-10-08 17:47:42,030 INFO  [io.api.tes.ser.api.KafkaSerdesTester] (ForkJoinPool.commonPool-worker-1) topic-5477356a_2e81_4762_84eb_43e05437c15a 0 7 {"key1": "value-7"}
2025-10-08 17:47:42,030 INFO  [io.api.tes.ser.api.KafkaSerdesTester] (ForkJoinPool.commonPool-worker-1) topic-5477356a_2e81_4762_84eb_43e05437c15a 0 8 {"key1": "value-8"}
2025-10-08 17:47:42,030 INFO  [io.api.tes.ser.api.KafkaSerdesTester] (ForkJoinPool.commonPool-worker-1) topic-5477356a_2e81_4762_84eb_43e05437c15a 0 9 {"key1": "value-9"}
2025-10-08 17:47:42,030 INFO  [io.api.tes.ser.api.KafkaSerdesTester] (ForkJoinPool.commonPool-worker-1) Consumed 10 messages
2025-10-08 17:47:42,036 INFO  [org.apa.kaf.cli.con.int.ConsumerRebalanceListenerInvoker] (ForkJoinPool.commonPool-worker-1) [Consumer clientId=consumer-Consumer-topic-5477356a_2e81_4762_84eb_43e05437c15a-40, groupId=Consumer-topic-5477356a_2e81_4762_84eb_43e05437c15a] Revoke previously assigned partitions topic-5477356a_2e81_4762_84eb_43e05437c15a-0
2025-10-08 17:47:42,036 INFO  [org.apa.kaf.cli.con.int.ConsumerCoordinator] (ForkJoinPool.commonPool-worker-1) [Consumer clientId=consumer-Consumer-topic-5477356a_2e81_4762_84eb_43e05437c15a-40, groupId=Consumer-topic-5477356a_2e81_4762_84eb_43e05437c15a] Member consumer-Consumer-topic-5477356a_2e81_4762_84eb_43e05437c15a-40-28ae119e-ea9e-48f0-8eca-6c120305422c sending LeaveGroup request to coordinator localhost:32769 (id: 2147483647 rack: null) due to the consumer is being closed
2025-10-08 17:47:42,036 INFO  [org.apa.kaf.cli.con.int.ConsumerCoordinator] (ForkJoinPool.commonPool-worker-1) [Consumer clientId=consumer-Consumer-topic-5477356a_2e81_4762_84eb_43e05437c15a-40, groupId=Consumer-topic-5477356a_2e81_4762_84eb_43e05437c15a] Resetting generation and member id due to: consumer pro-actively leaving the group
2025-10-08 17:47:42,036 INFO  [org.apa.kaf.cli.con.int.ConsumerCoordinator] (ForkJoinPool.commonPool-worker-1) [Consumer clientId=consumer-Consumer-topic-5477356a_2e81_4762_84eb_43e05437c15a-40, groupId=Consumer-topic-5477356a_2e81_4762_84eb_43e05437c15a] Request joining group due to: consumer pro-actively leaving the group
2025-10-08 17:47:42,532 INFO  [org.apa.kaf.com.met.Metrics] (ForkJoinPool.commonPool-worker-1) Metrics scheduler closed
2025-10-08 17:47:42,532 INFO  [org.apa.kaf.com.met.Metrics] (ForkJoinPool.commonPool-worker-1) Closing reporter org.apache.kafka.common.metrics.JmxReporter
2025-10-08 17:47:42,532 INFO  [org.apa.kaf.com.met.Metrics] (ForkJoinPool.commonPool-worker-1) Closing reporter org.apache.kafka.common.telemetry.internals.ClientTelemetryReporter
2025-10-08 17:47:42,532 INFO  [org.apa.kaf.com.met.Metrics] (ForkJoinPool.commonPool-worker-1) Metrics reporters closed
2025-10-08 17:47:42,533 INFO  [org.apa.kaf.com.uti.AppInfoParser] (ForkJoinPool.commonPool-worker-1) App info kafka.consumer for consumer-Consumer-topic-5477356a_2e81_4762_84eb_43e05437c15a-40 unregistered
2025-10-08 17:47:42,858 INFO  [io.api.tes.ser.con.BasicConfluentSerDesIT] (main) Deleting confluent schema myrecordconfluent6
2025-10-08 17:47:43,004 INFO  [io.api.tes.uti.TestSeparator] (main) io.apicurio.tests.serdes.confluent.BasicConfluentSerDesIT.testAvroConfluentForMultipleTopics-FINISHED
2025-10-08 17:47:43,004 INFO  [io.api.tes.uti.TestSeparator] (main) ############################################################################
Test passed: testAvroConfluentForMultipleTopics
]]></system-out>
  </testcase>
  <testcase name="testAvroConfluentApicurio" classname="io.apicurio.tests.serdes.confluent.BasicConfluentSerDesIT" time="4.255">
    <system-out><![CDATA[2025-10-08 17:47:43,005 INFO  [io.api.tes.uti.TestSeparator] (main) ############################################################################
2025-10-08 17:47:43,005 INFO  [io.api.tes.uti.TestSeparator] (main) io.apicurio.tests.serdes.confluent.BasicConfluentSerDesIT.testAvroConfluentApicurio-STARTED
2025-10-08 17:47:43,149 INFO  [io.api.tes.ser.con.BasicConfluentSerDesIT] (main) Checking that created schema is equal to the get schema
2025-10-08 17:47:43,220 INFO  [io.api.tes.ser.con.BasicConfluentSerDesIT] (main) Created schema with id:113 and name:myrecordconfluent1
**** Registry Base URL: http://registry-app-inmemory.apps.ci419.apicurio-testing.org:80
2025-10-08 17:47:43,221 INFO  [org.apa.kaf.cli.pro.ProducerConfig] (main) ProducerConfig values: 
	acks = -1
	auto.include.jmx.reporter = true
	batch.size = 16384
	bootstrap.servers = [PLAINTEXT://localhost:32769]
	buffer.memory = 33554432
	client.dns.lookup = use_all_dns_ips
	client.id = Producer-topic-59724325_3d9d_42cd_83b8_c549d8acaab6
	compression.gzip.level = -1
	compression.lz4.level = 9
	compression.type = none
	compression.zstd.level = 3
	connections.max.idle.ms = 10000
	delivery.timeout.ms = 120000
	enable.idempotence = true
	enable.metrics.push = true
	interceptor.classes = []
	key.serializer = class org.apache.kafka.common.serialization.StringSerializer
	linger.ms = 0
	max.block.ms = 60000
	max.in.flight.requests.per.connection = 5
	max.request.size = 1048576
	metadata.max.age.ms = 300000
	metadata.max.idle.ms = 300000
	metadata.recovery.strategy = none
	metric.reporters = []
	metrics.num.samples = 2
	metrics.recording.level = INFO
	metrics.sample.window.ms = 30000
	partitioner.adaptive.partitioning.enable = true
	partitioner.availability.timeout.ms = 0
	partitioner.class = null
	partitioner.ignore.keys = false
	receive.buffer.bytes = 32768
	reconnect.backoff.max.ms = 1000
	reconnect.backoff.ms = 50
	request.timeout.ms = 5000
	retries = 2147483647
	retry.backoff.max.ms = 1000
	retry.backoff.ms = 100
	sasl.client.callback.handler.class = null
	sasl.jaas.config = null
	sasl.kerberos.kinit.cmd = /usr/bin/kinit
	sasl.kerberos.min.time.before.relogin = 60000
	sasl.kerberos.service.name = null
	sasl.kerberos.ticket.renew.jitter = 0.05
	sasl.kerberos.ticket.renew.window.factor = 0.8
	sasl.login.callback.handler.class = null
	sasl.login.class = null
	sasl.login.connect.timeout.ms = null
	sasl.login.read.timeout.ms = null
	sasl.login.refresh.buffer.seconds = 300
	sasl.login.refresh.min.period.seconds = 60
	sasl.login.refresh.window.factor = 0.8
	sasl.login.refresh.window.jitter = 0.05
	sasl.login.retry.backoff.max.ms = 10000
	sasl.login.retry.backoff.ms = 100
	sasl.mechanism = GSSAPI
	sasl.oauthbearer.clock.skew.seconds = 30
	sasl.oauthbearer.expected.audience = null
	sasl.oauthbearer.expected.issuer = null
	sasl.oauthbearer.header.urlencode = false
	sasl.oauthbearer.jwks.endpoint.refresh.ms = 3600000
	sasl.oauthbearer.jwks.endpoint.retry.backoff.max.ms = 10000
	sasl.oauthbearer.jwks.endpoint.retry.backoff.ms = 100
	sasl.oauthbearer.jwks.endpoint.url = null
	sasl.oauthbearer.scope.claim.name = scope
	sasl.oauthbearer.sub.claim.name = sub
	sasl.oauthbearer.token.endpoint.url = null
	security.protocol = PLAINTEXT
	security.providers = null
	send.buffer.bytes = 131072
	socket.connection.setup.timeout.max.ms = 30000
	socket.connection.setup.timeout.ms = 10000
	ssl.cipher.suites = null
	ssl.enabled.protocols = [TLSv1.2, TLSv1.3]
	ssl.endpoint.identification.algorithm = https
	ssl.engine.factory.class = null
	ssl.key.password = null
	ssl.keymanager.algorithm = SunX509
	ssl.keystore.certificate.chain = null
	ssl.keystore.key = null
	ssl.keystore.location = null
	ssl.keystore.password = null
	ssl.keystore.type = JKS
	ssl.protocol = TLSv1.3
	ssl.provider = null
	ssl.secure.random.implementation = null
	ssl.trustmanager.algorithm = PKIX
	ssl.truststore.certificates = null
	ssl.truststore.location = null
	ssl.truststore.password = null
	ssl.truststore.type = JKS
	transaction.timeout.ms = 60000
	transactional.id = null
	value.serializer = class io.confluent.kafka.serializers.KafkaAvroSerializer

2025-10-08 17:47:43,221 INFO  [org.apa.kaf.com.tel.int.KafkaMetricsCollector] (main) initializing Kafka metrics collector
2025-10-08 17:47:43,221 INFO  [io.con.kaf.ser.KafkaAvroSerializerConfig] (main) KafkaAvroSerializerConfig values: 
	auto.register.schemas = false
	avro.reflection.allow.null = false
	avro.remove.java.properties = false
	avro.use.logical.type.converters = false
	basic.auth.credentials.source = URL
	basic.auth.user.info = [hidden]
	bearer.auth.cache.expiry.buffer.seconds = 300
	bearer.auth.client.id = null
	bearer.auth.client.secret = null
	bearer.auth.credentials.source = STATIC_TOKEN
	bearer.auth.custom.provider.class = null
	bearer.auth.identity.pool.id = null
	bearer.auth.issuer.endpoint.url = null
	bearer.auth.logical.cluster = null
	bearer.auth.scope = null
	bearer.auth.scope.claim.name = scope
	bearer.auth.sub.claim.name = sub
	bearer.auth.token = [hidden]
	context.name.strategy = class io.confluent.kafka.serializers.context.NullContextNameStrategy
	http.connect.timeout.ms = 60000
	http.read.timeout.ms = 60000
	id.compatibility.strict = true
	key.schema.id.deserializer = class io.confluent.kafka.serializers.schema.id.DualSchemaIdDeserializer
	key.schema.id.serializer = class io.confluent.kafka.serializers.schema.id.PrefixSchemaIdSerializer
	key.subject.name.strategy = class io.confluent.kafka.serializers.subject.TopicNameStrategy
	latest.cache.size = 1000
	latest.cache.ttl.sec = -1
	latest.compatibility.strict = true
	max.retries = 3
	max.schemas.per.subject = 1000
	normalize.schemas = false
	propagate.schema.tags = false
	proxy.host = 
	proxy.port = -1
	retries.max.wait.ms = 20000
	retries.wait.ms = 1000
	rule.actions = []
	rule.executors = []
	rule.service.loader.enable = true
	schema.format = null
	schema.reflection = false
	schema.registry.basic.auth.user.info = [hidden]
	schema.registry.ssl.cipher.suites = null
	schema.registry.ssl.enabled.protocols = [TLSv1.2, TLSv1.3]
	schema.registry.ssl.endpoint.identification.algorithm = https
	schema.registry.ssl.engine.factory.class = null
	schema.registry.ssl.key.password = null
	schema.registry.ssl.keymanager.algorithm = SunX509
	schema.registry.ssl.keystore.certificate.chain = null
	schema.registry.ssl.keystore.key = null
	schema.registry.ssl.keystore.location = null
	schema.registry.ssl.keystore.password = null
	schema.registry.ssl.keystore.type = JKS
	schema.registry.ssl.protocol = TLSv1.3
	schema.registry.ssl.provider = null
	schema.registry.ssl.secure.random.implementation = null
	schema.registry.ssl.trustmanager.algorithm = PKIX
	schema.registry.ssl.truststore.certificates = null
	schema.registry.ssl.truststore.location = null
	schema.registry.ssl.truststore.password = null
	schema.registry.ssl.truststore.type = JKS
	schema.registry.url = [http://registry-app-inmemory.apps.ci419.apicurio-testing.org:80/apis/ccompat/v7]
	schema.registry.url.randomize = false
	use.latest.version = false
	use.latest.with.metadata = null
	use.schema.id = -1
	value.schema.id.deserializer = class io.confluent.kafka.serializers.schema.id.DualSchemaIdDeserializer
	value.schema.id.serializer = class io.confluent.kafka.serializers.schema.id.PrefixSchemaIdSerializer
	value.subject.name.strategy = class io.confluent.kafka.serializers.subject.TopicNameStrategy

2025-10-08 17:47:43,222 INFO  [org.apa.kaf.cli.pro.KafkaProducer] (main) [Producer clientId=Producer-topic-59724325_3d9d_42cd_83b8_c549d8acaab6] Instantiated an idempotent producer.
2025-10-08 17:47:43,224 INFO  [org.apa.kaf.cli.pro.ProducerConfig] (main) These configurations '[schema.registry.url, auto.register.schemas, value.subject.name.strategy]' were supplied but are not used yet.
2025-10-08 17:47:43,224 INFO  [org.apa.kaf.com.uti.AppInfoParser] (main) Kafka version: 3.9.1
2025-10-08 17:47:43,224 INFO  [org.apa.kaf.com.uti.AppInfoParser] (main) Kafka commitId: f745dfdcee2b9851
2025-10-08 17:47:43,224 INFO  [org.apa.kaf.com.uti.AppInfoParser] (main) Kafka startTimeMs: 1759945663224
2025-10-08 17:47:43,224 INFO  [io.api.tes.ser.api.SimpleSerdesTesterBuilder$SimpleSerdesTester] (main) Using producer configuration: {schema.registry.url=http://registry-app-inmemory.apps.ci419.apicurio-testing.org:80/apis/ccompat/v7, value.serializer=io.confluent.kafka.serializers.KafkaAvroSerializer, request.timeout.ms=5000, auto.register.schemas=false, acks=all, bootstrap.servers=PLAINTEXT://localhost:32769, connections.max.idle.ms=10000, key.serializer=org.apache.kafka.common.serialization.StringSerializer, value.subject.name.strategy=io.confluent.kafka.serializers.subject.TopicNameStrategy, client.id=Producer-topic-59724325_3d9d_42cd_83b8_c549d8acaab6}
2025-10-08 17:47:43,224 INFO  [io.api.tes.ser.api.SimpleSerdesTesterBuilder$SimpleSerdesTester] (main) Using consumer configuration: {}
2025-10-08 17:47:43,224 INFO  [io.api.tes.ser.api.KafkaSerdesTester] (ForkJoinPool.commonPool-worker-1) Sending message {"key1": "value-0"} to topic topic-59724325_3d9d_42cd_83b8_c549d8acaab6
2025-10-08 17:47:43,226 INFO  [org.apa.kaf.cli.Metadata] (kafka-producer-network-thread | Producer-topic-59724325_3d9d_42cd_83b8_c549d8acaab6) [Producer clientId=Producer-topic-59724325_3d9d_42cd_83b8_c549d8acaab6] Cluster ID: Sx1FHBeCRF2NRCdgDzlw-Q
2025-10-08 17:47:43,226 INFO  [org.apa.kaf.cli.pro.int.TransactionManager] (kafka-producer-network-thread | Producer-topic-59724325_3d9d_42cd_83b8_c549d8acaab6) [Producer clientId=Producer-topic-59724325_3d9d_42cd_83b8_c549d8acaab6] ProducerId set to 54 with epoch 0
2025-10-08 17:47:43,301 INFO  [io.api.tes.ser.api.KafkaSerdesTester] (ForkJoinPool.commonPool-worker-1) Sending message {"key1": "value-1"} to topic topic-59724325_3d9d_42cd_83b8_c549d8acaab6
2025-10-08 17:47:43,303 INFO  [io.api.tes.ser.api.KafkaSerdesTester] (ForkJoinPool.commonPool-worker-1) Sending message {"key1": "value-2"} to topic topic-59724325_3d9d_42cd_83b8_c549d8acaab6
2025-10-08 17:47:43,304 INFO  [io.api.tes.ser.api.KafkaSerdesTester] (ForkJoinPool.commonPool-worker-1) Sending message {"key1": "value-3"} to topic topic-59724325_3d9d_42cd_83b8_c549d8acaab6
2025-10-08 17:47:43,305 INFO  [io.api.tes.ser.api.KafkaSerdesTester] (ForkJoinPool.commonPool-worker-1) Sending message {"key1": "value-4"} to topic topic-59724325_3d9d_42cd_83b8_c549d8acaab6
2025-10-08 17:47:43,306 INFO  [io.api.tes.ser.api.KafkaSerdesTester] (ForkJoinPool.commonPool-worker-1) Sending message {"key1": "value-5"} to topic topic-59724325_3d9d_42cd_83b8_c549d8acaab6
2025-10-08 17:47:43,308 INFO  [io.api.tes.ser.api.KafkaSerdesTester] (ForkJoinPool.commonPool-worker-1) Sending message {"key1": "value-6"} to topic topic-59724325_3d9d_42cd_83b8_c549d8acaab6
2025-10-08 17:47:43,308 INFO  [io.api.tes.ser.api.KafkaSerdesTester] (ForkJoinPool.commonPool-worker-1) Sending message {"key1": "value-7"} to topic topic-59724325_3d9d_42cd_83b8_c549d8acaab6
2025-10-08 17:47:43,309 INFO  [io.api.tes.ser.api.KafkaSerdesTester] (ForkJoinPool.commonPool-worker-1) Sending message {"key1": "value-8"} to topic topic-59724325_3d9d_42cd_83b8_c549d8acaab6
2025-10-08 17:47:43,310 INFO  [io.api.tes.ser.api.KafkaSerdesTester] (ForkJoinPool.commonPool-worker-1) Sending message {"key1": "value-9"} to topic topic-59724325_3d9d_42cd_83b8_c549d8acaab6
2025-10-08 17:47:43,311 INFO  [io.api.tes.ser.api.KafkaSerdesTester] (ForkJoinPool.commonPool-worker-1) Produced 10 messages
2025-10-08 17:47:43,311 INFO  [org.apa.kaf.cli.pro.KafkaProducer] (ForkJoinPool.commonPool-worker-1) [Producer clientId=Producer-topic-59724325_3d9d_42cd_83b8_c549d8acaab6] Closing the Kafka producer with timeoutMillis = 9223372036854775807 ms.
2025-10-08 17:47:43,313 INFO  [org.apa.kaf.com.met.Metrics] (ForkJoinPool.commonPool-worker-1) Metrics scheduler closed
2025-10-08 17:47:43,313 INFO  [org.apa.kaf.com.met.Metrics] (ForkJoinPool.commonPool-worker-1) Closing reporter org.apache.kafka.common.metrics.JmxReporter
2025-10-08 17:47:43,313 INFO  [org.apa.kaf.com.met.Metrics] (ForkJoinPool.commonPool-worker-1) Closing reporter org.apache.kafka.common.telemetry.internals.ClientTelemetryReporter
2025-10-08 17:47:43,313 INFO  [org.apa.kaf.com.met.Metrics] (ForkJoinPool.commonPool-worker-1) Metrics reporters closed
2025-10-08 17:47:43,313 INFO  [org.apa.kaf.com.uti.AppInfoParser] (ForkJoinPool.commonPool-worker-1) App info kafka.producer for Producer-topic-59724325_3d9d_42cd_83b8_c549d8acaab6 unregistered
**** Registry Base URL: http://registry-app-inmemory.apps.ci419.apicurio-testing.org:80
2025-10-08 17:47:43,313 INFO  [org.apa.kaf.cli.con.ConsumerConfig] (main) ConsumerConfig values: 
	allow.auto.create.topics = true
	auto.commit.interval.ms = 500
	auto.include.jmx.reporter = true
	auto.offset.reset = earliest
	bootstrap.servers = [PLAINTEXT://localhost:32769]
	check.crcs = true
	client.dns.lookup = use_all_dns_ips
	client.id = consumer-Consumer-topic-59724325_3d9d_42cd_83b8_c549d8acaab6-41
	client.rack = 
	connections.max.idle.ms = 10000
	default.api.timeout.ms = 60000
	enable.auto.commit = true
	enable.metrics.push = true
	exclude.internal.topics = true
	fetch.max.bytes = 52428800
	fetch.max.wait.ms = 500
	fetch.min.bytes = 1
	group.id = Consumer-topic-59724325_3d9d_42cd_83b8_c549d8acaab6
	group.instance.id = null
	group.protocol = classic
	group.remote.assignor = null
	heartbeat.interval.ms = 3000
	interceptor.classes = []
	internal.leave.group.on.close = true
	internal.throw.on.fetch.stable.offset.unsupported = false
	isolation.level = read_uncommitted
	key.deserializer = class org.apache.kafka.common.serialization.StringDeserializer
	max.partition.fetch.bytes = 1048576
	max.poll.interval.ms = 300000
	max.poll.records = 500
	metadata.max.age.ms = 300000
	metadata.recovery.strategy = none
	metric.reporters = []
	metrics.num.samples = 2
	metrics.recording.level = INFO
	metrics.sample.window.ms = 30000
	partition.assignment.strategy = [class org.apache.kafka.clients.consumer.RangeAssignor, class org.apache.kafka.clients.consumer.CooperativeStickyAssignor]
	receive.buffer.bytes = 65536
	reconnect.backoff.max.ms = 1000
	reconnect.backoff.ms = 50
	request.timeout.ms = 5000
	retry.backoff.max.ms = 1000
	retry.backoff.ms = 100
	sasl.client.callback.handler.class = null
	sasl.jaas.config = null
	sasl.kerberos.kinit.cmd = /usr/bin/kinit
	sasl.kerberos.min.time.before.relogin = 60000
	sasl.kerberos.service.name = null
	sasl.kerberos.ticket.renew.jitter = 0.05
	sasl.kerberos.ticket.renew.window.factor = 0.8
	sasl.login.callback.handler.class = null
	sasl.login.class = null
	sasl.login.connect.timeout.ms = null
	sasl.login.read.timeout.ms = null
	sasl.login.refresh.buffer.seconds = 300
	sasl.login.refresh.min.period.seconds = 60
	sasl.login.refresh.window.factor = 0.8
	sasl.login.refresh.window.jitter = 0.05
	sasl.login.retry.backoff.max.ms = 10000
	sasl.login.retry.backoff.ms = 100
	sasl.mechanism = GSSAPI
	sasl.oauthbearer.clock.skew.seconds = 30
	sasl.oauthbearer.expected.audience = null
	sasl.oauthbearer.expected.issuer = null
	sasl.oauthbearer.header.urlencode = false
	sasl.oauthbearer.jwks.endpoint.refresh.ms = 3600000
	sasl.oauthbearer.jwks.endpoint.retry.backoff.max.ms = 10000
	sasl.oauthbearer.jwks.endpoint.retry.backoff.ms = 100
	sasl.oauthbearer.jwks.endpoint.url = null
	sasl.oauthbearer.scope.claim.name = scope
	sasl.oauthbearer.sub.claim.name = sub
	sasl.oauthbearer.token.endpoint.url = null
	security.protocol = PLAINTEXT
	security.providers = null
	send.buffer.bytes = 131072
	session.timeout.ms = 45000
	socket.connection.setup.timeout.max.ms = 30000
	socket.connection.setup.timeout.ms = 10000
	ssl.cipher.suites = null
	ssl.enabled.protocols = [TLSv1.2, TLSv1.3]
	ssl.endpoint.identification.algorithm = https
	ssl.engine.factory.class = null
	ssl.key.password = null
	ssl.keymanager.algorithm = SunX509
	ssl.keystore.certificate.chain = null
	ssl.keystore.key = null
	ssl.keystore.location = null
	ssl.keystore.password = null
	ssl.keystore.type = JKS
	ssl.protocol = TLSv1.3
	ssl.provider = null
	ssl.secure.random.implementation = null
	ssl.trustmanager.algorithm = PKIX
	ssl.truststore.certificates = null
	ssl.truststore.location = null
	ssl.truststore.password = null
	ssl.truststore.type = JKS
	value.deserializer = class io.apicurio.registry.serde.avro.AvroKafkaDeserializer

2025-10-08 17:47:43,314 INFO  [org.apa.kaf.com.tel.int.KafkaMetricsCollector] (main) initializing Kafka metrics collector
2025-10-08 17:47:43,317 INFO  [org.apa.kaf.cli.con.ConsumerConfig] (main) These configurations '[apicurio.registry.url]' were supplied but are not used yet.
2025-10-08 17:47:43,317 INFO  [org.apa.kaf.com.uti.AppInfoParser] (main) Kafka version: 3.9.1
2025-10-08 17:47:43,317 INFO  [org.apa.kaf.com.uti.AppInfoParser] (main) Kafka commitId: f745dfdcee2b9851
2025-10-08 17:47:43,317 INFO  [org.apa.kaf.com.uti.AppInfoParser] (main) Kafka startTimeMs: 1759945663317
2025-10-08 17:47:43,318 INFO  [org.apa.kaf.cli.con.int.ClassicKafkaConsumer] (ForkJoinPool.commonPool-worker-1) [Consumer clientId=consumer-Consumer-topic-59724325_3d9d_42cd_83b8_c549d8acaab6-41, groupId=Consumer-topic-59724325_3d9d_42cd_83b8_c549d8acaab6] Subscribed to topic(s): topic-59724325_3d9d_42cd_83b8_c549d8acaab6
2025-10-08 17:47:43,320 INFO  [org.apa.kaf.cli.Metadata] (ForkJoinPool.commonPool-worker-1) [Consumer clientId=consumer-Consumer-topic-59724325_3d9d_42cd_83b8_c549d8acaab6-41, groupId=Consumer-topic-59724325_3d9d_42cd_83b8_c549d8acaab6] Cluster ID: Sx1FHBeCRF2NRCdgDzlw-Q
2025-10-08 17:47:43,320 INFO  [org.apa.kaf.cli.con.int.ConsumerCoordinator] (ForkJoinPool.commonPool-worker-1) [Consumer clientId=consumer-Consumer-topic-59724325_3d9d_42cd_83b8_c549d8acaab6-41, groupId=Consumer-topic-59724325_3d9d_42cd_83b8_c549d8acaab6] Discovered group coordinator localhost:32769 (id: 2147483647 rack: null)
2025-10-08 17:47:43,321 INFO  [org.apa.kaf.cli.con.int.ConsumerCoordinator] (ForkJoinPool.commonPool-worker-1) [Consumer clientId=consumer-Consumer-topic-59724325_3d9d_42cd_83b8_c549d8acaab6-41, groupId=Consumer-topic-59724325_3d9d_42cd_83b8_c549d8acaab6] (Re-)joining group
2025-10-08 17:47:43,322 INFO  [org.apa.kaf.cli.con.int.ConsumerCoordinator] (ForkJoinPool.commonPool-worker-1) [Consumer clientId=consumer-Consumer-topic-59724325_3d9d_42cd_83b8_c549d8acaab6-41, groupId=Consumer-topic-59724325_3d9d_42cd_83b8_c549d8acaab6] Request joining group due to: need to re-join with the given member-id: consumer-Consumer-topic-59724325_3d9d_42cd_83b8_c549d8acaab6-41-b32da41b-cfe4-43bf-b173-ca1bb2ba973e
2025-10-08 17:47:43,322 INFO  [org.apa.kaf.cli.con.int.ConsumerCoordinator] (ForkJoinPool.commonPool-worker-1) [Consumer clientId=consumer-Consumer-topic-59724325_3d9d_42cd_83b8_c549d8acaab6-41, groupId=Consumer-topic-59724325_3d9d_42cd_83b8_c549d8acaab6] (Re-)joining group
2025-10-08 17:47:44,318 INFO  [io.api.tes.ser.api.KafkaSerdesTester] (ForkJoinPool.commonPool-worker-1) None found
2025-10-08 17:47:45,319 INFO  [io.api.tes.ser.api.KafkaSerdesTester] (ForkJoinPool.commonPool-worker-1) None found
2025-10-08 17:47:46,319 INFO  [io.api.tes.ser.api.KafkaSerdesTester] (ForkJoinPool.commonPool-worker-1) None found
2025-10-08 17:47:46,323 INFO  [org.apa.kaf.cli.con.int.ConsumerCoordinator] (ForkJoinPool.commonPool-worker-1) [Consumer clientId=consumer-Consumer-topic-59724325_3d9d_42cd_83b8_c549d8acaab6-41, groupId=Consumer-topic-59724325_3d9d_42cd_83b8_c549d8acaab6] Successfully joined group with generation Generation{generationId=1, memberId='consumer-Consumer-topic-59724325_3d9d_42cd_83b8_c549d8acaab6-41-b32da41b-cfe4-43bf-b173-ca1bb2ba973e', protocol='range'}
2025-10-08 17:47:46,323 INFO  [org.apa.kaf.cli.con.int.ConsumerCoordinator] (ForkJoinPool.commonPool-worker-1) [Consumer clientId=consumer-Consumer-topic-59724325_3d9d_42cd_83b8_c549d8acaab6-41, groupId=Consumer-topic-59724325_3d9d_42cd_83b8_c549d8acaab6] Finished assignment for group at generation 1: {consumer-Consumer-topic-59724325_3d9d_42cd_83b8_c549d8acaab6-41-b32da41b-cfe4-43bf-b173-ca1bb2ba973e=Assignment(partitions=[topic-59724325_3d9d_42cd_83b8_c549d8acaab6-0])}
2025-10-08 17:47:46,329 INFO  [org.apa.kaf.cli.con.int.ConsumerCoordinator] (ForkJoinPool.commonPool-worker-1) [Consumer clientId=consumer-Consumer-topic-59724325_3d9d_42cd_83b8_c549d8acaab6-41, groupId=Consumer-topic-59724325_3d9d_42cd_83b8_c549d8acaab6] Successfully synced group in generation Generation{generationId=1, memberId='consumer-Consumer-topic-59724325_3d9d_42cd_83b8_c549d8acaab6-41-b32da41b-cfe4-43bf-b173-ca1bb2ba973e', protocol='range'}
2025-10-08 17:47:46,330 INFO  [org.apa.kaf.cli.con.int.ConsumerCoordinator] (ForkJoinPool.commonPool-worker-1) [Consumer clientId=consumer-Consumer-topic-59724325_3d9d_42cd_83b8_c549d8acaab6-41, groupId=Consumer-topic-59724325_3d9d_42cd_83b8_c549d8acaab6] Notifying assignor about the new Assignment(partitions=[topic-59724325_3d9d_42cd_83b8_c549d8acaab6-0])
2025-10-08 17:47:46,330 INFO  [org.apa.kaf.cli.con.int.ConsumerRebalanceListenerInvoker] (ForkJoinPool.commonPool-worker-1) [Consumer clientId=consumer-Consumer-topic-59724325_3d9d_42cd_83b8_c549d8acaab6-41, groupId=Consumer-topic-59724325_3d9d_42cd_83b8_c549d8acaab6] Adding newly assigned partitions: topic-59724325_3d9d_42cd_83b8_c549d8acaab6-0
2025-10-08 17:47:46,330 INFO  [org.apa.kaf.cli.con.int.ConsumerCoordinator] (ForkJoinPool.commonPool-worker-1) [Consumer clientId=consumer-Consumer-topic-59724325_3d9d_42cd_83b8_c549d8acaab6-41, groupId=Consumer-topic-59724325_3d9d_42cd_83b8_c549d8acaab6] Found no committed offset for partition topic-59724325_3d9d_42cd_83b8_c549d8acaab6-0
2025-10-08 17:47:46,332 INFO  [org.apa.kaf.cli.con.int.SubscriptionState] (ForkJoinPool.commonPool-worker-1) [Consumer clientId=consumer-Consumer-topic-59724325_3d9d_42cd_83b8_c549d8acaab6-41, groupId=Consumer-topic-59724325_3d9d_42cd_83b8_c549d8acaab6] Resetting offset for partition topic-59724325_3d9d_42cd_83b8_c549d8acaab6-0 to position FetchPosition{offset=0, offsetEpoch=Optional.empty, currentLeader=LeaderAndEpoch{leader=Optional[localhost:32769 (id: 0 rack: null)], epoch=0}}.
2025-10-08 17:47:46,540 INFO  [io.api.tes.ser.api.KafkaSerdesTester] (ForkJoinPool.commonPool-worker-1) topic-59724325_3d9d_42cd_83b8_c549d8acaab6 0 0 {"key1": "value-0"}
2025-10-08 17:47:46,540 INFO  [io.api.tes.ser.api.KafkaSerdesTester] (ForkJoinPool.commonPool-worker-1) topic-59724325_3d9d_42cd_83b8_c549d8acaab6 0 1 {"key1": "value-1"}
2025-10-08 17:47:46,540 INFO  [io.api.tes.ser.api.KafkaSerdesTester] (ForkJoinPool.commonPool-worker-1) topic-59724325_3d9d_42cd_83b8_c549d8acaab6 0 2 {"key1": "value-2"}
2025-10-08 17:47:46,540 INFO  [io.api.tes.ser.api.KafkaSerdesTester] (ForkJoinPool.commonPool-worker-1) topic-59724325_3d9d_42cd_83b8_c549d8acaab6 0 3 {"key1": "value-3"}
2025-10-08 17:47:46,540 INFO  [io.api.tes.ser.api.KafkaSerdesTester] (ForkJoinPool.commonPool-worker-1) topic-59724325_3d9d_42cd_83b8_c549d8acaab6 0 4 {"key1": "value-4"}
2025-10-08 17:47:46,540 INFO  [io.api.tes.ser.api.KafkaSerdesTester] (ForkJoinPool.commonPool-worker-1) topic-59724325_3d9d_42cd_83b8_c549d8acaab6 0 5 {"key1": "value-5"}
2025-10-08 17:47:46,540 INFO  [io.api.tes.ser.api.KafkaSerdesTester] (ForkJoinPool.commonPool-worker-1) topic-59724325_3d9d_42cd_83b8_c549d8acaab6 0 6 {"key1": "value-6"}
2025-10-08 17:47:46,540 INFO  [io.api.tes.ser.api.KafkaSerdesTester] (ForkJoinPool.commonPool-worker-1) topic-59724325_3d9d_42cd_83b8_c549d8acaab6 0 7 {"key1": "value-7"}
2025-10-08 17:47:46,540 INFO  [io.api.tes.ser.api.KafkaSerdesTester] (ForkJoinPool.commonPool-worker-1) topic-59724325_3d9d_42cd_83b8_c549d8acaab6 0 8 {"key1": "value-8"}
2025-10-08 17:47:46,540 INFO  [io.api.tes.ser.api.KafkaSerdesTester] (ForkJoinPool.commonPool-worker-1) topic-59724325_3d9d_42cd_83b8_c549d8acaab6 0 9 {"key1": "value-9"}
2025-10-08 17:47:46,540 INFO  [io.api.tes.ser.api.KafkaSerdesTester] (ForkJoinPool.commonPool-worker-1) Consumed 10 messages
2025-10-08 17:47:46,547 INFO  [org.apa.kaf.cli.con.int.ConsumerRebalanceListenerInvoker] (ForkJoinPool.commonPool-worker-1) [Consumer clientId=consumer-Consumer-topic-59724325_3d9d_42cd_83b8_c549d8acaab6-41, groupId=Consumer-topic-59724325_3d9d_42cd_83b8_c549d8acaab6] Revoke previously assigned partitions topic-59724325_3d9d_42cd_83b8_c549d8acaab6-0
2025-10-08 17:47:46,547 INFO  [org.apa.kaf.cli.con.int.ConsumerCoordinator] (ForkJoinPool.commonPool-worker-1) [Consumer clientId=consumer-Consumer-topic-59724325_3d9d_42cd_83b8_c549d8acaab6-41, groupId=Consumer-topic-59724325_3d9d_42cd_83b8_c549d8acaab6] Member consumer-Consumer-topic-59724325_3d9d_42cd_83b8_c549d8acaab6-41-b32da41b-cfe4-43bf-b173-ca1bb2ba973e sending LeaveGroup request to coordinator localhost:32769 (id: 2147483647 rack: null) due to the consumer is being closed
2025-10-08 17:47:46,547 INFO  [org.apa.kaf.cli.con.int.ConsumerCoordinator] (ForkJoinPool.commonPool-worker-1) [Consumer clientId=consumer-Consumer-topic-59724325_3d9d_42cd_83b8_c549d8acaab6-41, groupId=Consumer-topic-59724325_3d9d_42cd_83b8_c549d8acaab6] Resetting generation and member id due to: consumer pro-actively leaving the group
2025-10-08 17:47:46,547 INFO  [org.apa.kaf.cli.con.int.ConsumerCoordinator] (ForkJoinPool.commonPool-worker-1) [Consumer clientId=consumer-Consumer-topic-59724325_3d9d_42cd_83b8_c549d8acaab6-41, groupId=Consumer-topic-59724325_3d9d_42cd_83b8_c549d8acaab6] Request joining group due to: consumer pro-actively leaving the group
2025-10-08 17:47:47,042 INFO  [org.apa.kaf.com.met.Metrics] (ForkJoinPool.commonPool-worker-1) Metrics scheduler closed
2025-10-08 17:47:47,042 INFO  [org.apa.kaf.com.met.Metrics] (ForkJoinPool.commonPool-worker-1) Closing reporter org.apache.kafka.common.metrics.JmxReporter
2025-10-08 17:47:47,042 INFO  [org.apa.kaf.com.met.Metrics] (ForkJoinPool.commonPool-worker-1) Closing reporter org.apache.kafka.common.telemetry.internals.ClientTelemetryReporter
2025-10-08 17:47:47,042 INFO  [org.apa.kaf.com.met.Metrics] (ForkJoinPool.commonPool-worker-1) Metrics reporters closed
2025-10-08 17:47:47,043 INFO  [org.apa.kaf.com.uti.AppInfoParser] (ForkJoinPool.commonPool-worker-1) App info kafka.consumer for consumer-Consumer-topic-59724325_3d9d_42cd_83b8_c549d8acaab6-41 unregistered
2025-10-08 17:47:47,184 INFO  [io.api.tes.ser.con.BasicConfluentSerDesIT] (main) Deleting confluent schema topic-59724325_3d9d_42cd_83b8_c549d8acaab6-value
2025-10-08 17:47:47,259 INFO  [io.api.tes.uti.TestSeparator] (main) io.apicurio.tests.serdes.confluent.BasicConfluentSerDesIT.testAvroConfluentApicurio-FINISHED
2025-10-08 17:47:47,259 INFO  [io.api.tes.uti.TestSeparator] (main) ############################################################################
Test passed: testAvroConfluentApicurio
]]></system-out>
  </testcase>
  <testcase name="testAvroConfluentSerDesWrongStrategyTopic" classname="io.apicurio.tests.serdes.confluent.BasicConfluentSerDesIT" time="0.518">
    <system-out><![CDATA[2025-10-08 17:47:47,260 INFO  [io.api.tes.uti.TestSeparator] (main) ############################################################################
2025-10-08 17:47:47,260 INFO  [io.api.tes.uti.TestSeparator] (main) io.apicurio.tests.serdes.confluent.BasicConfluentSerDesIT.testAvroConfluentSerDesWrongStrategyTopic-STARTED
2025-10-08 17:47:47,409 INFO  [io.api.tes.ser.con.BasicConfluentSerDesIT] (main) Checking that created schema is equal to the get schema
2025-10-08 17:47:47,481 INFO  [io.api.tes.ser.con.BasicConfluentSerDesIT] (main) Created schema with id:114 and name:myrecordconfluent3
**** Registry Base URL: http://registry-app-inmemory.apps.ci419.apicurio-testing.org:80
2025-10-08 17:47:47,481 INFO  [org.apa.kaf.cli.pro.ProducerConfig] (main) ProducerConfig values: 
	acks = -1
	auto.include.jmx.reporter = true
	batch.size = 16384
	bootstrap.servers = [PLAINTEXT://localhost:32769]
	buffer.memory = 33554432
	client.dns.lookup = use_all_dns_ips
	client.id = Producer-topic-4c4634ec_451d_4dc8_8d91_9344b5598767
	compression.gzip.level = -1
	compression.lz4.level = 9
	compression.type = none
	compression.zstd.level = 3
	connections.max.idle.ms = 10000
	delivery.timeout.ms = 120000
	enable.idempotence = true
	enable.metrics.push = true
	interceptor.classes = []
	key.serializer = class org.apache.kafka.common.serialization.StringSerializer
	linger.ms = 0
	max.block.ms = 60000
	max.in.flight.requests.per.connection = 5
	max.request.size = 1048576
	metadata.max.age.ms = 300000
	metadata.max.idle.ms = 300000
	metadata.recovery.strategy = none
	metric.reporters = []
	metrics.num.samples = 2
	metrics.recording.level = INFO
	metrics.sample.window.ms = 30000
	partitioner.adaptive.partitioning.enable = true
	partitioner.availability.timeout.ms = 0
	partitioner.class = null
	partitioner.ignore.keys = false
	receive.buffer.bytes = 32768
	reconnect.backoff.max.ms = 1000
	reconnect.backoff.ms = 50
	request.timeout.ms = 5000
	retries = 2147483647
	retry.backoff.max.ms = 1000
	retry.backoff.ms = 100
	sasl.client.callback.handler.class = null
	sasl.jaas.config = null
	sasl.kerberos.kinit.cmd = /usr/bin/kinit
	sasl.kerberos.min.time.before.relogin = 60000
	sasl.kerberos.service.name = null
	sasl.kerberos.ticket.renew.jitter = 0.05
	sasl.kerberos.ticket.renew.window.factor = 0.8
	sasl.login.callback.handler.class = null
	sasl.login.class = null
	sasl.login.connect.timeout.ms = null
	sasl.login.read.timeout.ms = null
	sasl.login.refresh.buffer.seconds = 300
	sasl.login.refresh.min.period.seconds = 60
	sasl.login.refresh.window.factor = 0.8
	sasl.login.refresh.window.jitter = 0.05
	sasl.login.retry.backoff.max.ms = 10000
	sasl.login.retry.backoff.ms = 100
	sasl.mechanism = GSSAPI
	sasl.oauthbearer.clock.skew.seconds = 30
	sasl.oauthbearer.expected.audience = null
	sasl.oauthbearer.expected.issuer = null
	sasl.oauthbearer.header.urlencode = false
	sasl.oauthbearer.jwks.endpoint.refresh.ms = 3600000
	sasl.oauthbearer.jwks.endpoint.retry.backoff.max.ms = 10000
	sasl.oauthbearer.jwks.endpoint.retry.backoff.ms = 100
	sasl.oauthbearer.jwks.endpoint.url = null
	sasl.oauthbearer.scope.claim.name = scope
	sasl.oauthbearer.sub.claim.name = sub
	sasl.oauthbearer.token.endpoint.url = null
	security.protocol = PLAINTEXT
	security.providers = null
	send.buffer.bytes = 131072
	socket.connection.setup.timeout.max.ms = 30000
	socket.connection.setup.timeout.ms = 10000
	ssl.cipher.suites = null
	ssl.enabled.protocols = [TLSv1.2, TLSv1.3]
	ssl.endpoint.identification.algorithm = https
	ssl.engine.factory.class = null
	ssl.key.password = null
	ssl.keymanager.algorithm = SunX509
	ssl.keystore.certificate.chain = null
	ssl.keystore.key = null
	ssl.keystore.location = null
	ssl.keystore.password = null
	ssl.keystore.type = JKS
	ssl.protocol = TLSv1.3
	ssl.provider = null
	ssl.secure.random.implementation = null
	ssl.trustmanager.algorithm = PKIX
	ssl.truststore.certificates = null
	ssl.truststore.location = null
	ssl.truststore.password = null
	ssl.truststore.type = JKS
	transaction.timeout.ms = 60000
	transactional.id = null
	value.serializer = class io.confluent.kafka.serializers.KafkaAvroSerializer

2025-10-08 17:47:47,482 INFO  [org.apa.kaf.com.tel.int.KafkaMetricsCollector] (main) initializing Kafka metrics collector
2025-10-08 17:47:47,482 INFO  [io.con.kaf.ser.KafkaAvroSerializerConfig] (main) KafkaAvroSerializerConfig values: 
	auto.register.schemas = false
	avro.reflection.allow.null = false
	avro.remove.java.properties = false
	avro.use.logical.type.converters = false
	basic.auth.credentials.source = URL
	basic.auth.user.info = [hidden]
	bearer.auth.cache.expiry.buffer.seconds = 300
	bearer.auth.client.id = null
	bearer.auth.client.secret = null
	bearer.auth.credentials.source = STATIC_TOKEN
	bearer.auth.custom.provider.class = null
	bearer.auth.identity.pool.id = null
	bearer.auth.issuer.endpoint.url = null
	bearer.auth.logical.cluster = null
	bearer.auth.scope = null
	bearer.auth.scope.claim.name = scope
	bearer.auth.sub.claim.name = sub
	bearer.auth.token = [hidden]
	context.name.strategy = class io.confluent.kafka.serializers.context.NullContextNameStrategy
	http.connect.timeout.ms = 60000
	http.read.timeout.ms = 60000
	id.compatibility.strict = true
	key.schema.id.deserializer = class io.confluent.kafka.serializers.schema.id.DualSchemaIdDeserializer
	key.schema.id.serializer = class io.confluent.kafka.serializers.schema.id.PrefixSchemaIdSerializer
	key.subject.name.strategy = class io.confluent.kafka.serializers.subject.TopicNameStrategy
	latest.cache.size = 1000
	latest.cache.ttl.sec = -1
	latest.compatibility.strict = true
	max.retries = 3
	max.schemas.per.subject = 1000
	normalize.schemas = false
	propagate.schema.tags = false
	proxy.host = 
	proxy.port = -1
	retries.max.wait.ms = 20000
	retries.wait.ms = 1000
	rule.actions = []
	rule.executors = []
	rule.service.loader.enable = true
	schema.format = null
	schema.reflection = false
	schema.registry.basic.auth.user.info = [hidden]
	schema.registry.ssl.cipher.suites = null
	schema.registry.ssl.enabled.protocols = [TLSv1.2, TLSv1.3]
	schema.registry.ssl.endpoint.identification.algorithm = https
	schema.registry.ssl.engine.factory.class = null
	schema.registry.ssl.key.password = null
	schema.registry.ssl.keymanager.algorithm = SunX509
	schema.registry.ssl.keystore.certificate.chain = null
	schema.registry.ssl.keystore.key = null
	schema.registry.ssl.keystore.location = null
	schema.registry.ssl.keystore.password = null
	schema.registry.ssl.keystore.type = JKS
	schema.registry.ssl.protocol = TLSv1.3
	schema.registry.ssl.provider = null
	schema.registry.ssl.secure.random.implementation = null
	schema.registry.ssl.trustmanager.algorithm = PKIX
	schema.registry.ssl.truststore.certificates = null
	schema.registry.ssl.truststore.location = null
	schema.registry.ssl.truststore.password = null
	schema.registry.ssl.truststore.type = JKS
	schema.registry.url = [http://registry-app-inmemory.apps.ci419.apicurio-testing.org:80/apis/ccompat/v7]
	schema.registry.url.randomize = false
	use.latest.version = false
	use.latest.with.metadata = null
	use.schema.id = -1
	value.schema.id.deserializer = class io.confluent.kafka.serializers.schema.id.DualSchemaIdDeserializer
	value.schema.id.serializer = class io.confluent.kafka.serializers.schema.id.PrefixSchemaIdSerializer
	value.subject.name.strategy = class io.confluent.kafka.serializers.subject.TopicNameStrategy

2025-10-08 17:47:47,483 INFO  [org.apa.kaf.cli.pro.KafkaProducer] (main) [Producer clientId=Producer-topic-4c4634ec_451d_4dc8_8d91_9344b5598767] Instantiated an idempotent producer.
2025-10-08 17:47:47,484 INFO  [org.apa.kaf.cli.pro.ProducerConfig] (main) These configurations '[schema.registry.url, auto.register.schemas, value.subject.name.strategy]' were supplied but are not used yet.
2025-10-08 17:47:47,484 INFO  [org.apa.kaf.com.uti.AppInfoParser] (main) Kafka version: 3.9.1
2025-10-08 17:47:47,484 INFO  [org.apa.kaf.com.uti.AppInfoParser] (main) Kafka commitId: f745dfdcee2b9851
2025-10-08 17:47:47,484 INFO  [org.apa.kaf.com.uti.AppInfoParser] (main) Kafka startTimeMs: 1759945667484
2025-10-08 17:47:47,484 INFO  [io.api.tes.ser.api.KafkaSerdesTester] (ForkJoinPool.commonPool-worker-1) Sending message {"key1": "value-0"} to topic topic-4c4634ec_451d_4dc8_8d91_9344b5598767
2025-10-08 17:47:47,487 INFO  [org.apa.kaf.cli.Metadata] (kafka-producer-network-thread | Producer-topic-4c4634ec_451d_4dc8_8d91_9344b5598767) [Producer clientId=Producer-topic-4c4634ec_451d_4dc8_8d91_9344b5598767] Cluster ID: Sx1FHBeCRF2NRCdgDzlw-Q
2025-10-08 17:47:47,487 INFO  [org.apa.kaf.cli.pro.int.TransactionManager] (kafka-producer-network-thread | Producer-topic-4c4634ec_451d_4dc8_8d91_9344b5598767) [Producer clientId=Producer-topic-4c4634ec_451d_4dc8_8d91_9344b5598767] ProducerId set to 55 with epoch 0
2025-10-08 17:47:47,564 INFO  [org.apa.kaf.cli.pro.KafkaProducer] (ForkJoinPool.commonPool-worker-1) [Producer clientId=Producer-topic-4c4634ec_451d_4dc8_8d91_9344b5598767] Closing the Kafka producer with timeoutMillis = 9223372036854775807 ms.
2025-10-08 17:47:47,565 INFO  [org.apa.kaf.com.met.Metrics] (ForkJoinPool.commonPool-worker-1) Metrics scheduler closed
2025-10-08 17:47:47,565 INFO  [org.apa.kaf.com.met.Metrics] (ForkJoinPool.commonPool-worker-1) Closing reporter org.apache.kafka.common.metrics.JmxReporter
2025-10-08 17:47:47,565 INFO  [org.apa.kaf.com.met.Metrics] (ForkJoinPool.commonPool-worker-1) Closing reporter org.apache.kafka.common.telemetry.internals.ClientTelemetryReporter
2025-10-08 17:47:47,565 INFO  [org.apa.kaf.com.met.Metrics] (ForkJoinPool.commonPool-worker-1) Metrics reporters closed
2025-10-08 17:47:47,565 INFO  [org.apa.kaf.com.uti.AppInfoParser] (ForkJoinPool.commonPool-worker-1) App info kafka.producer for Producer-topic-4c4634ec_451d_4dc8_8d91_9344b5598767 unregistered
2025-10-08 17:47:47,703 INFO  [io.api.tes.ser.con.BasicConfluentSerDesIT] (main) Deleting confluent schema myrecordconfluent3
2025-10-08 17:47:47,777 INFO  [io.api.tes.uti.TestSeparator] (main) io.apicurio.tests.serdes.confluent.BasicConfluentSerDesIT.testAvroConfluentSerDesWrongStrategyTopic-FINISHED
2025-10-08 17:47:47,777 INFO  [io.api.tes.uti.TestSeparator] (main) ############################################################################
Test passed: testAvroConfluentSerDesWrongStrategyTopic
]]></system-out>
  </testcase>
  <testcase name="testAvroApicurioConfluent" classname="io.apicurio.tests.serdes.confluent.BasicConfluentSerDesIT" time="5.124">
    <system-out><![CDATA[2025-10-08 17:47:47,778 INFO  [io.api.tes.uti.TestSeparator] (main) ############################################################################
2025-10-08 17:47:47,778 INFO  [io.api.tes.uti.TestSeparator] (main) io.apicurio.tests.serdes.confluent.BasicConfluentSerDesIT.testAvroApicurioConfluent-STARTED
**** Registry Base URL: http://registry-app-inmemory.apps.ci419.apicurio-testing.org:80
2025-10-08 17:47:48,931 INFO  [org.apa.kaf.cli.pro.ProducerConfig] (main) ProducerConfig values: 
	acks = -1
	auto.include.jmx.reporter = true
	batch.size = 16384
	bootstrap.servers = [PLAINTEXT://localhost:32769]
	buffer.memory = 33554432
	client.dns.lookup = use_all_dns_ips
	client.id = Producer-topic-a72487be_c22a_4e26_9fd2_94d99f0e2182
	compression.gzip.level = -1
	compression.lz4.level = 9
	compression.type = none
	compression.zstd.level = 3
	connections.max.idle.ms = 10000
	delivery.timeout.ms = 120000
	enable.idempotence = true
	enable.metrics.push = true
	interceptor.classes = []
	key.serializer = class org.apache.kafka.common.serialization.StringSerializer
	linger.ms = 0
	max.block.ms = 60000
	max.in.flight.requests.per.connection = 5
	max.request.size = 1048576
	metadata.max.age.ms = 300000
	metadata.max.idle.ms = 300000
	metadata.recovery.strategy = none
	metric.reporters = []
	metrics.num.samples = 2
	metrics.recording.level = INFO
	metrics.sample.window.ms = 30000
	partitioner.adaptive.partitioning.enable = true
	partitioner.availability.timeout.ms = 0
	partitioner.class = null
	partitioner.ignore.keys = false
	receive.buffer.bytes = 32768
	reconnect.backoff.max.ms = 1000
	reconnect.backoff.ms = 50
	request.timeout.ms = 5000
	retries = 2147483647
	retry.backoff.max.ms = 1000
	retry.backoff.ms = 100
	sasl.client.callback.handler.class = null
	sasl.jaas.config = null
	sasl.kerberos.kinit.cmd = /usr/bin/kinit
	sasl.kerberos.min.time.before.relogin = 60000
	sasl.kerberos.service.name = null
	sasl.kerberos.ticket.renew.jitter = 0.05
	sasl.kerberos.ticket.renew.window.factor = 0.8
	sasl.login.callback.handler.class = null
	sasl.login.class = null
	sasl.login.connect.timeout.ms = null
	sasl.login.read.timeout.ms = null
	sasl.login.refresh.buffer.seconds = 300
	sasl.login.refresh.min.period.seconds = 60
	sasl.login.refresh.window.factor = 0.8
	sasl.login.refresh.window.jitter = 0.05
	sasl.login.retry.backoff.max.ms = 10000
	sasl.login.retry.backoff.ms = 100
	sasl.mechanism = GSSAPI
	sasl.oauthbearer.clock.skew.seconds = 30
	sasl.oauthbearer.expected.audience = null
	sasl.oauthbearer.expected.issuer = null
	sasl.oauthbearer.header.urlencode = false
	sasl.oauthbearer.jwks.endpoint.refresh.ms = 3600000
	sasl.oauthbearer.jwks.endpoint.retry.backoff.max.ms = 10000
	sasl.oauthbearer.jwks.endpoint.retry.backoff.ms = 100
	sasl.oauthbearer.jwks.endpoint.url = null
	sasl.oauthbearer.scope.claim.name = scope
	sasl.oauthbearer.sub.claim.name = sub
	sasl.oauthbearer.token.endpoint.url = null
	security.protocol = PLAINTEXT
	security.providers = null
	send.buffer.bytes = 131072
	socket.connection.setup.timeout.max.ms = 30000
	socket.connection.setup.timeout.ms = 10000
	ssl.cipher.suites = null
	ssl.enabled.protocols = [TLSv1.2, TLSv1.3]
	ssl.endpoint.identification.algorithm = https
	ssl.engine.factory.class = null
	ssl.key.password = null
	ssl.keymanager.algorithm = SunX509
	ssl.keystore.certificate.chain = null
	ssl.keystore.key = null
	ssl.keystore.location = null
	ssl.keystore.password = null
	ssl.keystore.type = JKS
	ssl.protocol = TLSv1.3
	ssl.provider = null
	ssl.secure.random.implementation = null
	ssl.trustmanager.algorithm = PKIX
	ssl.truststore.certificates = null
	ssl.truststore.location = null
	ssl.truststore.password = null
	ssl.truststore.type = JKS
	transaction.timeout.ms = 60000
	transactional.id = null
	value.serializer = class io.apicurio.registry.serde.avro.AvroKafkaSerializer

2025-10-08 17:47:48,931 INFO  [org.apa.kaf.com.tel.int.KafkaMetricsCollector] (main) initializing Kafka metrics collector
2025-10-08 17:47:48,934 INFO  [org.apa.kaf.cli.pro.KafkaProducer] (main) [Producer clientId=Producer-topic-a72487be_c22a_4e26_9fd2_94d99f0e2182] Instantiated an idempotent producer.
2025-10-08 17:47:48,935 INFO  [org.apa.kaf.cli.pro.ProducerConfig] (main) These configurations '[apicurio.registry.url, apicurio.registry.artifact-resolver-strategy]' were supplied but are not used yet.
2025-10-08 17:47:48,935 INFO  [org.apa.kaf.com.uti.AppInfoParser] (main) Kafka version: 3.9.1
2025-10-08 17:47:48,935 INFO  [org.apa.kaf.com.uti.AppInfoParser] (main) Kafka commitId: f745dfdcee2b9851
2025-10-08 17:47:48,935 INFO  [org.apa.kaf.com.uti.AppInfoParser] (main) Kafka startTimeMs: 1759945668935
2025-10-08 17:47:48,935 INFO  [io.api.tes.ser.api.SimpleSerdesTesterBuilder$SimpleSerdesTester] (main) Using producer configuration: {apicurio.registry.url=http://registry-app-inmemory.apps.ci419.apicurio-testing.org:80/apis/registry/v3, apicurio.registry.artifact-resolver-strategy=io.apicurio.registry.serde.strategy.TopicIdStrategy, value.serializer=io.apicurio.registry.serde.avro.AvroKafkaSerializer, request.timeout.ms=5000, acks=all, bootstrap.servers=PLAINTEXT://localhost:32769, connections.max.idle.ms=10000, key.serializer=org.apache.kafka.common.serialization.StringSerializer, client.id=Producer-topic-a72487be_c22a_4e26_9fd2_94d99f0e2182}
2025-10-08 17:47:48,935 INFO  [io.api.tes.ser.api.SimpleSerdesTesterBuilder$SimpleSerdesTester] (main) Using consumer configuration: {}
2025-10-08 17:47:48,935 INFO  [io.api.tes.ser.api.KafkaSerdesTester] (ForkJoinPool.commonPool-worker-1) Sending message {"key1": "value-0"} to topic topic-a72487be_c22a_4e26_9fd2_94d99f0e2182
2025-10-08 17:47:48,937 INFO  [org.apa.kaf.cli.Metadata] (kafka-producer-network-thread | Producer-topic-a72487be_c22a_4e26_9fd2_94d99f0e2182) [Producer clientId=Producer-topic-a72487be_c22a_4e26_9fd2_94d99f0e2182] Cluster ID: Sx1FHBeCRF2NRCdgDzlw-Q
2025-10-08 17:47:48,937 INFO  [org.apa.kaf.cli.pro.int.TransactionManager] (kafka-producer-network-thread | Producer-topic-a72487be_c22a_4e26_9fd2_94d99f0e2182) [Producer clientId=Producer-topic-a72487be_c22a_4e26_9fd2_94d99f0e2182] ProducerId set to 56 with epoch 0
2025-10-08 17:47:48,937 INFO  [DefaultSchemaResolver] (ForkJoinPool.commonPool-worker-1) Retrieving schema content using string: {"type":"record","name":"myrecordconfluent1","fields":[{"name":"key1","type":"string"}]}
2025-10-08 17:47:49,081 INFO  [io.api.tes.ser.api.KafkaSerdesTester] (ForkJoinPool.commonPool-worker-1) Sending message {"key1": "value-1"} to topic topic-a72487be_c22a_4e26_9fd2_94d99f0e2182
2025-10-08 17:47:49,082 INFO  [io.api.tes.ser.api.KafkaSerdesTester] (ForkJoinPool.commonPool-worker-1) Sending message {"key1": "value-2"} to topic topic-a72487be_c22a_4e26_9fd2_94d99f0e2182
2025-10-08 17:47:49,082 INFO  [io.api.tes.ser.api.KafkaSerdesTester] (ForkJoinPool.commonPool-worker-1) Sending message {"key1": "value-3"} to topic topic-a72487be_c22a_4e26_9fd2_94d99f0e2182
2025-10-08 17:47:49,083 INFO  [io.api.tes.ser.api.KafkaSerdesTester] (ForkJoinPool.commonPool-worker-1) Sending message {"key1": "value-4"} to topic topic-a72487be_c22a_4e26_9fd2_94d99f0e2182
2025-10-08 17:47:49,084 INFO  [io.api.tes.ser.api.KafkaSerdesTester] (ForkJoinPool.commonPool-worker-1) Sending message {"key1": "value-5"} to topic topic-a72487be_c22a_4e26_9fd2_94d99f0e2182
2025-10-08 17:47:49,085 INFO  [io.api.tes.ser.api.KafkaSerdesTester] (ForkJoinPool.commonPool-worker-1) Sending message {"key1": "value-6"} to topic topic-a72487be_c22a_4e26_9fd2_94d99f0e2182
2025-10-08 17:47:49,085 INFO  [io.api.tes.ser.api.KafkaSerdesTester] (ForkJoinPool.commonPool-worker-1) Sending message {"key1": "value-7"} to topic topic-a72487be_c22a_4e26_9fd2_94d99f0e2182
2025-10-08 17:47:49,086 INFO  [io.api.tes.ser.api.KafkaSerdesTester] (ForkJoinPool.commonPool-worker-1) Sending message {"key1": "value-8"} to topic topic-a72487be_c22a_4e26_9fd2_94d99f0e2182
2025-10-08 17:47:49,087 INFO  [io.api.tes.ser.api.KafkaSerdesTester] (ForkJoinPool.commonPool-worker-1) Sending message {"key1": "value-9"} to topic topic-a72487be_c22a_4e26_9fd2_94d99f0e2182
2025-10-08 17:47:49,087 INFO  [io.api.tes.ser.api.KafkaSerdesTester] (ForkJoinPool.commonPool-worker-1) Produced 10 messages
2025-10-08 17:47:49,087 INFO  [org.apa.kaf.cli.pro.KafkaProducer] (ForkJoinPool.commonPool-worker-1) [Producer clientId=Producer-topic-a72487be_c22a_4e26_9fd2_94d99f0e2182] Closing the Kafka producer with timeoutMillis = 9223372036854775807 ms.
2025-10-08 17:47:49,089 INFO  [org.apa.kaf.com.met.Metrics] (ForkJoinPool.commonPool-worker-1) Metrics scheduler closed
2025-10-08 17:47:49,089 INFO  [org.apa.kaf.com.met.Metrics] (ForkJoinPool.commonPool-worker-1) Closing reporter org.apache.kafka.common.metrics.JmxReporter
2025-10-08 17:47:49,089 INFO  [org.apa.kaf.com.met.Metrics] (ForkJoinPool.commonPool-worker-1) Closing reporter org.apache.kafka.common.telemetry.internals.ClientTelemetryReporter
2025-10-08 17:47:49,089 INFO  [org.apa.kaf.com.met.Metrics] (ForkJoinPool.commonPool-worker-1) Metrics reporters closed
2025-10-08 17:47:49,089 INFO  [org.apa.kaf.com.uti.AppInfoParser] (ForkJoinPool.commonPool-worker-1) App info kafka.producer for Producer-topic-a72487be_c22a_4e26_9fd2_94d99f0e2182 unregistered
**** Registry Base URL: http://registry-app-inmemory.apps.ci419.apicurio-testing.org:80
2025-10-08 17:47:49,089 INFO  [org.apa.kaf.cli.con.ConsumerConfig] (main) ConsumerConfig values: 
	allow.auto.create.topics = true
	auto.commit.interval.ms = 500
	auto.include.jmx.reporter = true
	auto.offset.reset = earliest
	bootstrap.servers = [PLAINTEXT://localhost:32769]
	check.crcs = true
	client.dns.lookup = use_all_dns_ips
	client.id = consumer-Consumer-topic-a72487be_c22a_4e26_9fd2_94d99f0e2182-42
	client.rack = 
	connections.max.idle.ms = 10000
	default.api.timeout.ms = 60000
	enable.auto.commit = true
	enable.metrics.push = true
	exclude.internal.topics = true
	fetch.max.bytes = 52428800
	fetch.max.wait.ms = 500
	fetch.min.bytes = 1
	group.id = Consumer-topic-a72487be_c22a_4e26_9fd2_94d99f0e2182
	group.instance.id = null
	group.protocol = classic
	group.remote.assignor = null
	heartbeat.interval.ms = 3000
	interceptor.classes = []
	internal.leave.group.on.close = true
	internal.throw.on.fetch.stable.offset.unsupported = false
	isolation.level = read_uncommitted
	key.deserializer = class org.apache.kafka.common.serialization.StringDeserializer
	max.partition.fetch.bytes = 1048576
	max.poll.interval.ms = 300000
	max.poll.records = 500
	metadata.max.age.ms = 300000
	metadata.recovery.strategy = none
	metric.reporters = []
	metrics.num.samples = 2
	metrics.recording.level = INFO
	metrics.sample.window.ms = 30000
	partition.assignment.strategy = [class org.apache.kafka.clients.consumer.RangeAssignor, class org.apache.kafka.clients.consumer.CooperativeStickyAssignor]
	receive.buffer.bytes = 65536
	reconnect.backoff.max.ms = 1000
	reconnect.backoff.ms = 50
	request.timeout.ms = 5000
	retry.backoff.max.ms = 1000
	retry.backoff.ms = 100
	sasl.client.callback.handler.class = null
	sasl.jaas.config = null
	sasl.kerberos.kinit.cmd = /usr/bin/kinit
	sasl.kerberos.min.time.before.relogin = 60000
	sasl.kerberos.service.name = null
	sasl.kerberos.ticket.renew.jitter = 0.05
	sasl.kerberos.ticket.renew.window.factor = 0.8
	sasl.login.callback.handler.class = null
	sasl.login.class = null
	sasl.login.connect.timeout.ms = null
	sasl.login.read.timeout.ms = null
	sasl.login.refresh.buffer.seconds = 300
	sasl.login.refresh.min.period.seconds = 60
	sasl.login.refresh.window.factor = 0.8
	sasl.login.refresh.window.jitter = 0.05
	sasl.login.retry.backoff.max.ms = 10000
	sasl.login.retry.backoff.ms = 100
	sasl.mechanism = GSSAPI
	sasl.oauthbearer.clock.skew.seconds = 30
	sasl.oauthbearer.expected.audience = null
	sasl.oauthbearer.expected.issuer = null
	sasl.oauthbearer.header.urlencode = false
	sasl.oauthbearer.jwks.endpoint.refresh.ms = 3600000
	sasl.oauthbearer.jwks.endpoint.retry.backoff.max.ms = 10000
	sasl.oauthbearer.jwks.endpoint.retry.backoff.ms = 100
	sasl.oauthbearer.jwks.endpoint.url = null
	sasl.oauthbearer.scope.claim.name = scope
	sasl.oauthbearer.sub.claim.name = sub
	sasl.oauthbearer.token.endpoint.url = null
	security.protocol = PLAINTEXT
	security.providers = null
	send.buffer.bytes = 131072
	session.timeout.ms = 45000
	socket.connection.setup.timeout.max.ms = 30000
	socket.connection.setup.timeout.ms = 10000
	ssl.cipher.suites = null
	ssl.enabled.protocols = [TLSv1.2, TLSv1.3]
	ssl.endpoint.identification.algorithm = https
	ssl.engine.factory.class = null
	ssl.key.password = null
	ssl.keymanager.algorithm = SunX509
	ssl.keystore.certificate.chain = null
	ssl.keystore.key = null
	ssl.keystore.location = null
	ssl.keystore.password = null
	ssl.keystore.type = JKS
	ssl.protocol = TLSv1.3
	ssl.provider = null
	ssl.secure.random.implementation = null
	ssl.trustmanager.algorithm = PKIX
	ssl.truststore.certificates = null
	ssl.truststore.location = null
	ssl.truststore.password = null
	ssl.truststore.type = JKS
	value.deserializer = class io.confluent.kafka.serializers.KafkaAvroDeserializer

2025-10-08 17:47:49,089 INFO  [org.apa.kaf.com.tel.int.KafkaMetricsCollector] (main) initializing Kafka metrics collector
2025-10-08 17:47:49,090 INFO  [io.con.kaf.ser.KafkaAvroDeserializerConfig] (main) KafkaAvroDeserializerConfig values: 
	auto.register.schemas = true
	avro.reflection.allow.null = false
	avro.use.logical.type.converters = false
	basic.auth.credentials.source = URL
	basic.auth.user.info = [hidden]
	bearer.auth.cache.expiry.buffer.seconds = 300
	bearer.auth.client.id = null
	bearer.auth.client.secret = null
	bearer.auth.credentials.source = STATIC_TOKEN
	bearer.auth.custom.provider.class = null
	bearer.auth.identity.pool.id = null
	bearer.auth.issuer.endpoint.url = null
	bearer.auth.logical.cluster = null
	bearer.auth.scope = null
	bearer.auth.scope.claim.name = scope
	bearer.auth.sub.claim.name = sub
	bearer.auth.token = [hidden]
	context.name.strategy = class io.confluent.kafka.serializers.context.NullContextNameStrategy
	http.connect.timeout.ms = 60000
	http.read.timeout.ms = 60000
	id.compatibility.strict = true
	key.schema.id.deserializer = class io.confluent.kafka.serializers.schema.id.DualSchemaIdDeserializer
	key.schema.id.serializer = class io.confluent.kafka.serializers.schema.id.PrefixSchemaIdSerializer
	key.subject.name.strategy = class io.confluent.kafka.serializers.subject.TopicNameStrategy
	latest.cache.size = 1000
	latest.cache.ttl.sec = -1
	latest.compatibility.strict = true
	max.retries = 3
	max.schemas.per.subject = 1000
	normalize.schemas = false
	propagate.schema.tags = false
	proxy.host = 
	proxy.port = -1
	retries.max.wait.ms = 20000
	retries.wait.ms = 1000
	rule.actions = []
	rule.executors = []
	rule.service.loader.enable = true
	schema.format = null
	schema.reflection = false
	schema.registry.basic.auth.user.info = [hidden]
	schema.registry.ssl.cipher.suites = null
	schema.registry.ssl.enabled.protocols = [TLSv1.2, TLSv1.3]
	schema.registry.ssl.endpoint.identification.algorithm = https
	schema.registry.ssl.engine.factory.class = null
	schema.registry.ssl.key.password = null
	schema.registry.ssl.keymanager.algorithm = SunX509
	schema.registry.ssl.keystore.certificate.chain = null
	schema.registry.ssl.keystore.key = null
	schema.registry.ssl.keystore.location = null
	schema.registry.ssl.keystore.password = null
	schema.registry.ssl.keystore.type = JKS
	schema.registry.ssl.protocol = TLSv1.3
	schema.registry.ssl.provider = null
	schema.registry.ssl.secure.random.implementation = null
	schema.registry.ssl.trustmanager.algorithm = PKIX
	schema.registry.ssl.truststore.certificates = null
	schema.registry.ssl.truststore.location = null
	schema.registry.ssl.truststore.password = null
	schema.registry.ssl.truststore.type = JKS
	schema.registry.url = [http://registry-app-inmemory.apps.ci419.apicurio-testing.org:80/apis/ccompat/v7]
	schema.registry.url.randomize = false
	specific.avro.key.type = null
	specific.avro.reader = false
	specific.avro.value.type = null
	use.latest.version = false
	use.latest.with.metadata = null
	use.schema.id = -1
	value.schema.id.deserializer = class io.confluent.kafka.serializers.schema.id.DualSchemaIdDeserializer
	value.schema.id.serializer = class io.confluent.kafka.serializers.schema.id.PrefixSchemaIdSerializer
	value.subject.name.strategy = class io.confluent.kafka.serializers.subject.TopicNameStrategy

2025-10-08 17:47:49,093 INFO  [org.apa.kaf.cli.con.ConsumerConfig] (main) These configurations '[schema.registry.url]' were supplied but are not used yet.
2025-10-08 17:47:49,093 INFO  [org.apa.kaf.com.uti.AppInfoParser] (main) Kafka version: 3.9.1
2025-10-08 17:47:49,093 INFO  [org.apa.kaf.com.uti.AppInfoParser] (main) Kafka commitId: f745dfdcee2b9851
2025-10-08 17:47:49,093 INFO  [org.apa.kaf.com.uti.AppInfoParser] (main) Kafka startTimeMs: 1759945669093
2025-10-08 17:47:49,093 INFO  [org.apa.kaf.cli.con.int.ClassicKafkaConsumer] (ForkJoinPool.commonPool-worker-1) [Consumer clientId=consumer-Consumer-topic-a72487be_c22a_4e26_9fd2_94d99f0e2182-42, groupId=Consumer-topic-a72487be_c22a_4e26_9fd2_94d99f0e2182] Subscribed to topic(s): topic-a72487be_c22a_4e26_9fd2_94d99f0e2182
2025-10-08 17:47:49,095 INFO  [org.apa.kaf.cli.Metadata] (ForkJoinPool.commonPool-worker-1) [Consumer clientId=consumer-Consumer-topic-a72487be_c22a_4e26_9fd2_94d99f0e2182-42, groupId=Consumer-topic-a72487be_c22a_4e26_9fd2_94d99f0e2182] Cluster ID: Sx1FHBeCRF2NRCdgDzlw-Q
2025-10-08 17:47:49,096 INFO  [org.apa.kaf.cli.con.int.ConsumerCoordinator] (ForkJoinPool.commonPool-worker-1) [Consumer clientId=consumer-Consumer-topic-a72487be_c22a_4e26_9fd2_94d99f0e2182-42, groupId=Consumer-topic-a72487be_c22a_4e26_9fd2_94d99f0e2182] Discovered group coordinator localhost:32769 (id: 2147483647 rack: null)
2025-10-08 17:47:49,096 INFO  [org.apa.kaf.cli.con.int.ConsumerCoordinator] (ForkJoinPool.commonPool-worker-1) [Consumer clientId=consumer-Consumer-topic-a72487be_c22a_4e26_9fd2_94d99f0e2182-42, groupId=Consumer-topic-a72487be_c22a_4e26_9fd2_94d99f0e2182] (Re-)joining group
2025-10-08 17:47:49,098 INFO  [org.apa.kaf.cli.con.int.ConsumerCoordinator] (ForkJoinPool.commonPool-worker-1) [Consumer clientId=consumer-Consumer-topic-a72487be_c22a_4e26_9fd2_94d99f0e2182-42, groupId=Consumer-topic-a72487be_c22a_4e26_9fd2_94d99f0e2182] Request joining group due to: need to re-join with the given member-id: consumer-Consumer-topic-a72487be_c22a_4e26_9fd2_94d99f0e2182-42-e1889986-ba64-49a0-af42-58035920b5c3
2025-10-08 17:47:49,098 INFO  [org.apa.kaf.cli.con.int.ConsumerCoordinator] (ForkJoinPool.commonPool-worker-1) [Consumer clientId=consumer-Consumer-topic-a72487be_c22a_4e26_9fd2_94d99f0e2182-42, groupId=Consumer-topic-a72487be_c22a_4e26_9fd2_94d99f0e2182] (Re-)joining group
2025-10-08 17:47:50,093 INFO  [io.api.tes.ser.api.KafkaSerdesTester] (ForkJoinPool.commonPool-worker-1) None found
2025-10-08 17:47:51,093 INFO  [io.api.tes.ser.api.KafkaSerdesTester] (ForkJoinPool.commonPool-worker-1) None found
2025-10-08 17:47:52,093 INFO  [io.api.tes.ser.api.KafkaSerdesTester] (ForkJoinPool.commonPool-worker-1) None found
2025-10-08 17:47:52,100 INFO  [org.apa.kaf.cli.con.int.ConsumerCoordinator] (ForkJoinPool.commonPool-worker-1) [Consumer clientId=consumer-Consumer-topic-a72487be_c22a_4e26_9fd2_94d99f0e2182-42, groupId=Consumer-topic-a72487be_c22a_4e26_9fd2_94d99f0e2182] Successfully joined group with generation Generation{generationId=1, memberId='consumer-Consumer-topic-a72487be_c22a_4e26_9fd2_94d99f0e2182-42-e1889986-ba64-49a0-af42-58035920b5c3', protocol='range'}
2025-10-08 17:47:52,100 INFO  [org.apa.kaf.cli.con.int.ConsumerCoordinator] (ForkJoinPool.commonPool-worker-1) [Consumer clientId=consumer-Consumer-topic-a72487be_c22a_4e26_9fd2_94d99f0e2182-42, groupId=Consumer-topic-a72487be_c22a_4e26_9fd2_94d99f0e2182] Finished assignment for group at generation 1: {consumer-Consumer-topic-a72487be_c22a_4e26_9fd2_94d99f0e2182-42-e1889986-ba64-49a0-af42-58035920b5c3=Assignment(partitions=[topic-a72487be_c22a_4e26_9fd2_94d99f0e2182-0])}
2025-10-08 17:47:52,106 INFO  [org.apa.kaf.cli.con.int.ConsumerCoordinator] (ForkJoinPool.commonPool-worker-1) [Consumer clientId=consumer-Consumer-topic-a72487be_c22a_4e26_9fd2_94d99f0e2182-42, groupId=Consumer-topic-a72487be_c22a_4e26_9fd2_94d99f0e2182] Successfully synced group in generation Generation{generationId=1, memberId='consumer-Consumer-topic-a72487be_c22a_4e26_9fd2_94d99f0e2182-42-e1889986-ba64-49a0-af42-58035920b5c3', protocol='range'}
2025-10-08 17:47:52,106 INFO  [org.apa.kaf.cli.con.int.ConsumerCoordinator] (ForkJoinPool.commonPool-worker-1) [Consumer clientId=consumer-Consumer-topic-a72487be_c22a_4e26_9fd2_94d99f0e2182-42, groupId=Consumer-topic-a72487be_c22a_4e26_9fd2_94d99f0e2182] Notifying assignor about the new Assignment(partitions=[topic-a72487be_c22a_4e26_9fd2_94d99f0e2182-0])
2025-10-08 17:47:52,106 INFO  [org.apa.kaf.cli.con.int.ConsumerRebalanceListenerInvoker] (ForkJoinPool.commonPool-worker-1) [Consumer clientId=consumer-Consumer-topic-a72487be_c22a_4e26_9fd2_94d99f0e2182-42, groupId=Consumer-topic-a72487be_c22a_4e26_9fd2_94d99f0e2182] Adding newly assigned partitions: topic-a72487be_c22a_4e26_9fd2_94d99f0e2182-0
2025-10-08 17:47:52,107 INFO  [org.apa.kaf.cli.con.int.ConsumerCoordinator] (ForkJoinPool.commonPool-worker-1) [Consumer clientId=consumer-Consumer-topic-a72487be_c22a_4e26_9fd2_94d99f0e2182-42, groupId=Consumer-topic-a72487be_c22a_4e26_9fd2_94d99f0e2182] Found no committed offset for partition topic-a72487be_c22a_4e26_9fd2_94d99f0e2182-0
2025-10-08 17:47:52,109 INFO  [org.apa.kaf.cli.con.int.SubscriptionState] (ForkJoinPool.commonPool-worker-1) [Consumer clientId=consumer-Consumer-topic-a72487be_c22a_4e26_9fd2_94d99f0e2182-42, groupId=Consumer-topic-a72487be_c22a_4e26_9fd2_94d99f0e2182] Resetting offset for partition topic-a72487be_c22a_4e26_9fd2_94d99f0e2182-0 to position FetchPosition{offset=0, offsetEpoch=Optional.empty, currentLeader=LeaderAndEpoch{leader=Optional[localhost:32769 (id: 0 rack: null)], epoch=0}}.
2025-10-08 17:47:52,182 INFO  [io.api.tes.ser.api.KafkaSerdesTester] (ForkJoinPool.commonPool-worker-1) topic-a72487be_c22a_4e26_9fd2_94d99f0e2182 0 0 {"key1": "value-0"}
2025-10-08 17:47:52,182 INFO  [io.api.tes.ser.api.KafkaSerdesTester] (ForkJoinPool.commonPool-worker-1) topic-a72487be_c22a_4e26_9fd2_94d99f0e2182 0 1 {"key1": "value-1"}
2025-10-08 17:47:52,182 INFO  [io.api.tes.ser.api.KafkaSerdesTester] (ForkJoinPool.commonPool-worker-1) topic-a72487be_c22a_4e26_9fd2_94d99f0e2182 0 2 {"key1": "value-2"}
2025-10-08 17:47:52,182 INFO  [io.api.tes.ser.api.KafkaSerdesTester] (ForkJoinPool.commonPool-worker-1) topic-a72487be_c22a_4e26_9fd2_94d99f0e2182 0 3 {"key1": "value-3"}
2025-10-08 17:47:52,182 INFO  [io.api.tes.ser.api.KafkaSerdesTester] (ForkJoinPool.commonPool-worker-1) topic-a72487be_c22a_4e26_9fd2_94d99f0e2182 0 4 {"key1": "value-4"}
2025-10-08 17:47:52,182 INFO  [io.api.tes.ser.api.KafkaSerdesTester] (ForkJoinPool.commonPool-worker-1) topic-a72487be_c22a_4e26_9fd2_94d99f0e2182 0 5 {"key1": "value-5"}
2025-10-08 17:47:52,182 INFO  [io.api.tes.ser.api.KafkaSerdesTester] (ForkJoinPool.commonPool-worker-1) topic-a72487be_c22a_4e26_9fd2_94d99f0e2182 0 6 {"key1": "value-6"}
2025-10-08 17:47:52,183 INFO  [io.api.tes.ser.api.KafkaSerdesTester] (ForkJoinPool.commonPool-worker-1) topic-a72487be_c22a_4e26_9fd2_94d99f0e2182 0 7 {"key1": "value-7"}
2025-10-08 17:47:52,183 INFO  [io.api.tes.ser.api.KafkaSerdesTester] (ForkJoinPool.commonPool-worker-1) topic-a72487be_c22a_4e26_9fd2_94d99f0e2182 0 8 {"key1": "value-8"}
2025-10-08 17:47:52,183 INFO  [io.api.tes.ser.api.KafkaSerdesTester] (ForkJoinPool.commonPool-worker-1) topic-a72487be_c22a_4e26_9fd2_94d99f0e2182 0 9 {"key1": "value-9"}
2025-10-08 17:47:52,183 INFO  [io.api.tes.ser.api.KafkaSerdesTester] (ForkJoinPool.commonPool-worker-1) Consumed 10 messages
2025-10-08 17:47:52,189 INFO  [org.apa.kaf.cli.con.int.ConsumerRebalanceListenerInvoker] (ForkJoinPool.commonPool-worker-1) [Consumer clientId=consumer-Consumer-topic-a72487be_c22a_4e26_9fd2_94d99f0e2182-42, groupId=Consumer-topic-a72487be_c22a_4e26_9fd2_94d99f0e2182] Revoke previously assigned partitions topic-a72487be_c22a_4e26_9fd2_94d99f0e2182-0
2025-10-08 17:47:52,189 INFO  [org.apa.kaf.cli.con.int.ConsumerCoordinator] (ForkJoinPool.commonPool-worker-1) [Consumer clientId=consumer-Consumer-topic-a72487be_c22a_4e26_9fd2_94d99f0e2182-42, groupId=Consumer-topic-a72487be_c22a_4e26_9fd2_94d99f0e2182] Member consumer-Consumer-topic-a72487be_c22a_4e26_9fd2_94d99f0e2182-42-e1889986-ba64-49a0-af42-58035920b5c3 sending LeaveGroup request to coordinator localhost:32769 (id: 2147483647 rack: null) due to the consumer is being closed
2025-10-08 17:47:52,189 INFO  [org.apa.kaf.cli.con.int.ConsumerCoordinator] (ForkJoinPool.commonPool-worker-1) [Consumer clientId=consumer-Consumer-topic-a72487be_c22a_4e26_9fd2_94d99f0e2182-42, groupId=Consumer-topic-a72487be_c22a_4e26_9fd2_94d99f0e2182] Resetting generation and member id due to: consumer pro-actively leaving the group
2025-10-08 17:47:52,189 INFO  [org.apa.kaf.cli.con.int.ConsumerCoordinator] (ForkJoinPool.commonPool-worker-1) [Consumer clientId=consumer-Consumer-topic-a72487be_c22a_4e26_9fd2_94d99f0e2182-42, groupId=Consumer-topic-a72487be_c22a_4e26_9fd2_94d99f0e2182] Request joining group due to: consumer pro-actively leaving the group
2025-10-08 17:47:52,684 INFO  [org.apa.kaf.com.met.Metrics] (ForkJoinPool.commonPool-worker-1) Metrics scheduler closed
2025-10-08 17:47:52,684 INFO  [org.apa.kaf.com.met.Metrics] (ForkJoinPool.commonPool-worker-1) Closing reporter org.apache.kafka.common.metrics.JmxReporter
2025-10-08 17:47:52,684 INFO  [org.apa.kaf.com.met.Metrics] (ForkJoinPool.commonPool-worker-1) Closing reporter org.apache.kafka.common.telemetry.internals.ClientTelemetryReporter
2025-10-08 17:47:52,684 INFO  [org.apa.kaf.com.met.Metrics] (ForkJoinPool.commonPool-worker-1) Metrics reporters closed
2025-10-08 17:47:52,686 INFO  [org.apa.kaf.com.uti.AppInfoParser] (ForkJoinPool.commonPool-worker-1) App info kafka.consumer for consumer-Consumer-topic-a72487be_c22a_4e26_9fd2_94d99f0e2182-42 unregistered
2025-10-08 17:47:52,826 INFO  [io.api.tes.ser.con.BasicConfluentSerDesIT] (main) Deleting confluent schema topic-a72487be_c22a_4e26_9fd2_94d99f0e2182-value
2025-10-08 17:47:52,902 INFO  [io.api.tes.uti.TestSeparator] (main) io.apicurio.tests.serdes.confluent.BasicConfluentSerDesIT.testAvroApicurioConfluent-FINISHED
2025-10-08 17:47:52,902 INFO  [io.api.tes.uti.TestSeparator] (main) ############################################################################
Test passed: testAvroApicurioConfluent
]]></system-out>
  </testcase>
  <testcase name="testAvroConfluentSerDesFail" classname="io.apicurio.tests.serdes.confluent.BasicConfluentSerDesIT" time="0.509">
    <system-out><![CDATA[2025-10-08 17:47:52,903 INFO  [io.api.tes.uti.TestSeparator] (main) ############################################################################
2025-10-08 17:47:52,903 INFO  [io.api.tes.uti.TestSeparator] (main) io.apicurio.tests.serdes.confluent.BasicConfluentSerDesIT.testAvroConfluentSerDesFail-STARTED
2025-10-08 17:47:53,048 INFO  [io.api.tes.ser.con.BasicConfluentSerDesIT] (main) Checking that created schema is equal to the get schema
2025-10-08 17:47:53,119 INFO  [io.api.tes.ser.con.BasicConfluentSerDesIT] (main) Created schema with id:116 and name:myrecordconfluent2
**** Registry Base URL: http://registry-app-inmemory.apps.ci419.apicurio-testing.org:80
2025-10-08 17:47:53,119 INFO  [org.apa.kaf.cli.pro.ProducerConfig] (main) ProducerConfig values: 
	acks = -1
	auto.include.jmx.reporter = true
	batch.size = 16384
	bootstrap.servers = [PLAINTEXT://localhost:32769]
	buffer.memory = 33554432
	client.dns.lookup = use_all_dns_ips
	client.id = Producer-topic-eab78584_9d42_4e48_9bfc_43e3f5bc946b
	compression.gzip.level = -1
	compression.lz4.level = 9
	compression.type = none
	compression.zstd.level = 3
	connections.max.idle.ms = 10000
	delivery.timeout.ms = 120000
	enable.idempotence = true
	enable.metrics.push = true
	interceptor.classes = []
	key.serializer = class org.apache.kafka.common.serialization.StringSerializer
	linger.ms = 0
	max.block.ms = 60000
	max.in.flight.requests.per.connection = 5
	max.request.size = 1048576
	metadata.max.age.ms = 300000
	metadata.max.idle.ms = 300000
	metadata.recovery.strategy = none
	metric.reporters = []
	metrics.num.samples = 2
	metrics.recording.level = INFO
	metrics.sample.window.ms = 30000
	partitioner.adaptive.partitioning.enable = true
	partitioner.availability.timeout.ms = 0
	partitioner.class = null
	partitioner.ignore.keys = false
	receive.buffer.bytes = 32768
	reconnect.backoff.max.ms = 1000
	reconnect.backoff.ms = 50
	request.timeout.ms = 5000
	retries = 2147483647
	retry.backoff.max.ms = 1000
	retry.backoff.ms = 100
	sasl.client.callback.handler.class = null
	sasl.jaas.config = null
	sasl.kerberos.kinit.cmd = /usr/bin/kinit
	sasl.kerberos.min.time.before.relogin = 60000
	sasl.kerberos.service.name = null
	sasl.kerberos.ticket.renew.jitter = 0.05
	sasl.kerberos.ticket.renew.window.factor = 0.8
	sasl.login.callback.handler.class = null
	sasl.login.class = null
	sasl.login.connect.timeout.ms = null
	sasl.login.read.timeout.ms = null
	sasl.login.refresh.buffer.seconds = 300
	sasl.login.refresh.min.period.seconds = 60
	sasl.login.refresh.window.factor = 0.8
	sasl.login.refresh.window.jitter = 0.05
	sasl.login.retry.backoff.max.ms = 10000
	sasl.login.retry.backoff.ms = 100
	sasl.mechanism = GSSAPI
	sasl.oauthbearer.clock.skew.seconds = 30
	sasl.oauthbearer.expected.audience = null
	sasl.oauthbearer.expected.issuer = null
	sasl.oauthbearer.header.urlencode = false
	sasl.oauthbearer.jwks.endpoint.refresh.ms = 3600000
	sasl.oauthbearer.jwks.endpoint.retry.backoff.max.ms = 10000
	sasl.oauthbearer.jwks.endpoint.retry.backoff.ms = 100
	sasl.oauthbearer.jwks.endpoint.url = null
	sasl.oauthbearer.scope.claim.name = scope
	sasl.oauthbearer.sub.claim.name = sub
	sasl.oauthbearer.token.endpoint.url = null
	security.protocol = PLAINTEXT
	security.providers = null
	send.buffer.bytes = 131072
	socket.connection.setup.timeout.max.ms = 30000
	socket.connection.setup.timeout.ms = 10000
	ssl.cipher.suites = null
	ssl.enabled.protocols = [TLSv1.2, TLSv1.3]
	ssl.endpoint.identification.algorithm = https
	ssl.engine.factory.class = null
	ssl.key.password = null
	ssl.keymanager.algorithm = SunX509
	ssl.keystore.certificate.chain = null
	ssl.keystore.key = null
	ssl.keystore.location = null
	ssl.keystore.password = null
	ssl.keystore.type = JKS
	ssl.protocol = TLSv1.3
	ssl.provider = null
	ssl.secure.random.implementation = null
	ssl.trustmanager.algorithm = PKIX
	ssl.truststore.certificates = null
	ssl.truststore.location = null
	ssl.truststore.password = null
	ssl.truststore.type = JKS
	transaction.timeout.ms = 60000
	transactional.id = null
	value.serializer = class io.confluent.kafka.serializers.KafkaAvroSerializer

2025-10-08 17:47:53,119 INFO  [org.apa.kaf.com.tel.int.KafkaMetricsCollector] (main) initializing Kafka metrics collector
2025-10-08 17:47:53,120 INFO  [io.con.kaf.ser.KafkaAvroSerializerConfig] (main) KafkaAvroSerializerConfig values: 
	auto.register.schemas = false
	avro.reflection.allow.null = false
	avro.remove.java.properties = false
	avro.use.logical.type.converters = false
	basic.auth.credentials.source = URL
	basic.auth.user.info = [hidden]
	bearer.auth.cache.expiry.buffer.seconds = 300
	bearer.auth.client.id = null
	bearer.auth.client.secret = null
	bearer.auth.credentials.source = STATIC_TOKEN
	bearer.auth.custom.provider.class = null
	bearer.auth.identity.pool.id = null
	bearer.auth.issuer.endpoint.url = null
	bearer.auth.logical.cluster = null
	bearer.auth.scope = null
	bearer.auth.scope.claim.name = scope
	bearer.auth.sub.claim.name = sub
	bearer.auth.token = [hidden]
	context.name.strategy = class io.confluent.kafka.serializers.context.NullContextNameStrategy
	http.connect.timeout.ms = 60000
	http.read.timeout.ms = 60000
	id.compatibility.strict = true
	key.schema.id.deserializer = class io.confluent.kafka.serializers.schema.id.DualSchemaIdDeserializer
	key.schema.id.serializer = class io.confluent.kafka.serializers.schema.id.PrefixSchemaIdSerializer
	key.subject.name.strategy = class io.confluent.kafka.serializers.subject.TopicNameStrategy
	latest.cache.size = 1000
	latest.cache.ttl.sec = -1
	latest.compatibility.strict = true
	max.retries = 3
	max.schemas.per.subject = 1000
	normalize.schemas = false
	propagate.schema.tags = false
	proxy.host = 
	proxy.port = -1
	retries.max.wait.ms = 20000
	retries.wait.ms = 1000
	rule.actions = []
	rule.executors = []
	rule.service.loader.enable = true
	schema.format = null
	schema.reflection = false
	schema.registry.basic.auth.user.info = [hidden]
	schema.registry.ssl.cipher.suites = null
	schema.registry.ssl.enabled.protocols = [TLSv1.2, TLSv1.3]
	schema.registry.ssl.endpoint.identification.algorithm = https
	schema.registry.ssl.engine.factory.class = null
	schema.registry.ssl.key.password = null
	schema.registry.ssl.keymanager.algorithm = SunX509
	schema.registry.ssl.keystore.certificate.chain = null
	schema.registry.ssl.keystore.key = null
	schema.registry.ssl.keystore.location = null
	schema.registry.ssl.keystore.password = null
	schema.registry.ssl.keystore.type = JKS
	schema.registry.ssl.protocol = TLSv1.3
	schema.registry.ssl.provider = null
	schema.registry.ssl.secure.random.implementation = null
	schema.registry.ssl.trustmanager.algorithm = PKIX
	schema.registry.ssl.truststore.certificates = null
	schema.registry.ssl.truststore.location = null
	schema.registry.ssl.truststore.password = null
	schema.registry.ssl.truststore.type = JKS
	schema.registry.url = [http://registry-app-inmemory.apps.ci419.apicurio-testing.org:80/apis/ccompat/v7]
	schema.registry.url.randomize = false
	use.latest.version = false
	use.latest.with.metadata = null
	use.schema.id = -1
	value.schema.id.deserializer = class io.confluent.kafka.serializers.schema.id.DualSchemaIdDeserializer
	value.schema.id.serializer = class io.confluent.kafka.serializers.schema.id.PrefixSchemaIdSerializer
	value.subject.name.strategy = class io.confluent.kafka.serializers.subject.RecordNameStrategy

2025-10-08 17:47:53,121 INFO  [org.apa.kaf.cli.pro.KafkaProducer] (main) [Producer clientId=Producer-topic-eab78584_9d42_4e48_9bfc_43e3f5bc946b] Instantiated an idempotent producer.
2025-10-08 17:47:53,122 INFO  [org.apa.kaf.cli.pro.ProducerConfig] (main) These configurations '[schema.registry.url, auto.register.schemas, value.subject.name.strategy]' were supplied but are not used yet.
2025-10-08 17:47:53,122 INFO  [org.apa.kaf.com.uti.AppInfoParser] (main) Kafka version: 3.9.1
2025-10-08 17:47:53,122 INFO  [org.apa.kaf.com.uti.AppInfoParser] (main) Kafka commitId: f745dfdcee2b9851
2025-10-08 17:47:53,122 INFO  [org.apa.kaf.com.uti.AppInfoParser] (main) Kafka startTimeMs: 1759945673122
2025-10-08 17:47:53,122 INFO  [io.api.tes.ser.api.KafkaSerdesTester] (ForkJoinPool.commonPool-worker-1) Sending message {"wrongkey": "value-0"} to topic topic-eab78584_9d42_4e48_9bfc_43e3f5bc946b
2025-10-08 17:47:53,124 INFO  [org.apa.kaf.cli.Metadata] (kafka-producer-network-thread | Producer-topic-eab78584_9d42_4e48_9bfc_43e3f5bc946b) [Producer clientId=Producer-topic-eab78584_9d42_4e48_9bfc_43e3f5bc946b] Cluster ID: Sx1FHBeCRF2NRCdgDzlw-Q
2025-10-08 17:47:53,125 INFO  [org.apa.kaf.cli.pro.int.TransactionManager] (kafka-producer-network-thread | Producer-topic-eab78584_9d42_4e48_9bfc_43e3f5bc946b) [Producer clientId=Producer-topic-eab78584_9d42_4e48_9bfc_43e3f5bc946b] ProducerId set to 57 with epoch 0
2025-10-08 17:47:53,196 INFO  [org.apa.kaf.cli.pro.KafkaProducer] (ForkJoinPool.commonPool-worker-1) [Producer clientId=Producer-topic-eab78584_9d42_4e48_9bfc_43e3f5bc946b] Closing the Kafka producer with timeoutMillis = 9223372036854775807 ms.
2025-10-08 17:47:53,198 INFO  [org.apa.kaf.com.met.Metrics] (ForkJoinPool.commonPool-worker-1) Metrics scheduler closed
2025-10-08 17:47:53,198 INFO  [org.apa.kaf.com.met.Metrics] (ForkJoinPool.commonPool-worker-1) Closing reporter org.apache.kafka.common.metrics.JmxReporter
2025-10-08 17:47:53,198 INFO  [org.apa.kaf.com.met.Metrics] (ForkJoinPool.commonPool-worker-1) Closing reporter org.apache.kafka.common.telemetry.internals.ClientTelemetryReporter
2025-10-08 17:47:53,198 INFO  [org.apa.kaf.com.met.Metrics] (ForkJoinPool.commonPool-worker-1) Metrics reporters closed
2025-10-08 17:47:53,198 INFO  [org.apa.kaf.com.uti.AppInfoParser] (ForkJoinPool.commonPool-worker-1) App info kafka.producer for Producer-topic-eab78584_9d42_4e48_9bfc_43e3f5bc946b unregistered
2025-10-08 17:47:53,337 INFO  [io.api.tes.ser.con.BasicConfluentSerDesIT] (main) Deleting confluent schema myrecordconfluent2
2025-10-08 17:47:53,411 INFO  [io.api.tes.uti.TestSeparator] (main) io.apicurio.tests.serdes.confluent.BasicConfluentSerDesIT.testAvroConfluentSerDesFail-FINISHED
2025-10-08 17:47:53,411 INFO  [io.api.tes.uti.TestSeparator] (main) ############################################################################
Test passed: testAvroConfluentSerDesFail
]]></system-out>
  </testcase>
  <testcase name="testAvroConfluentSerDesWrongStrategyRecord" classname="io.apicurio.tests.serdes.confluent.BasicConfluentSerDesIT" time="0.508">
    <system-out><![CDATA[2025-10-08 17:47:53,412 INFO  [io.api.tes.uti.TestSeparator] (main) ############################################################################
2025-10-08 17:47:53,412 INFO  [io.api.tes.uti.TestSeparator] (main) io.apicurio.tests.serdes.confluent.BasicConfluentSerDesIT.testAvroConfluentSerDesWrongStrategyRecord-STARTED
2025-10-08 17:47:53,558 INFO  [io.api.tes.ser.con.BasicConfluentSerDesIT] (main) Checking that created schema is equal to the get schema
2025-10-08 17:47:53,629 INFO  [io.api.tes.ser.con.BasicConfluentSerDesIT] (main) Created schema with id:117 and name:myrecordconfluent4
**** Registry Base URL: http://registry-app-inmemory.apps.ci419.apicurio-testing.org:80
2025-10-08 17:47:53,630 INFO  [org.apa.kaf.cli.pro.ProducerConfig] (main) ProducerConfig values: 
	acks = -1
	auto.include.jmx.reporter = true
	batch.size = 16384
	bootstrap.servers = [PLAINTEXT://localhost:32769]
	buffer.memory = 33554432
	client.dns.lookup = use_all_dns_ips
	client.id = Producer-topic-636448cb_4175_42df_a118_c4819ddc059c
	compression.gzip.level = -1
	compression.lz4.level = 9
	compression.type = none
	compression.zstd.level = 3
	connections.max.idle.ms = 10000
	delivery.timeout.ms = 120000
	enable.idempotence = true
	enable.metrics.push = true
	interceptor.classes = []
	key.serializer = class org.apache.kafka.common.serialization.StringSerializer
	linger.ms = 0
	max.block.ms = 60000
	max.in.flight.requests.per.connection = 5
	max.request.size = 1048576
	metadata.max.age.ms = 300000
	metadata.max.idle.ms = 300000
	metadata.recovery.strategy = none
	metric.reporters = []
	metrics.num.samples = 2
	metrics.recording.level = INFO
	metrics.sample.window.ms = 30000
	partitioner.adaptive.partitioning.enable = true
	partitioner.availability.timeout.ms = 0
	partitioner.class = null
	partitioner.ignore.keys = false
	receive.buffer.bytes = 32768
	reconnect.backoff.max.ms = 1000
	reconnect.backoff.ms = 50
	request.timeout.ms = 5000
	retries = 2147483647
	retry.backoff.max.ms = 1000
	retry.backoff.ms = 100
	sasl.client.callback.handler.class = null
	sasl.jaas.config = null
	sasl.kerberos.kinit.cmd = /usr/bin/kinit
	sasl.kerberos.min.time.before.relogin = 60000
	sasl.kerberos.service.name = null
	sasl.kerberos.ticket.renew.jitter = 0.05
	sasl.kerberos.ticket.renew.window.factor = 0.8
	sasl.login.callback.handler.class = null
	sasl.login.class = null
	sasl.login.connect.timeout.ms = null
	sasl.login.read.timeout.ms = null
	sasl.login.refresh.buffer.seconds = 300
	sasl.login.refresh.min.period.seconds = 60
	sasl.login.refresh.window.factor = 0.8
	sasl.login.refresh.window.jitter = 0.05
	sasl.login.retry.backoff.max.ms = 10000
	sasl.login.retry.backoff.ms = 100
	sasl.mechanism = GSSAPI
	sasl.oauthbearer.clock.skew.seconds = 30
	sasl.oauthbearer.expected.audience = null
	sasl.oauthbearer.expected.issuer = null
	sasl.oauthbearer.header.urlencode = false
	sasl.oauthbearer.jwks.endpoint.refresh.ms = 3600000
	sasl.oauthbearer.jwks.endpoint.retry.backoff.max.ms = 10000
	sasl.oauthbearer.jwks.endpoint.retry.backoff.ms = 100
	sasl.oauthbearer.jwks.endpoint.url = null
	sasl.oauthbearer.scope.claim.name = scope
	sasl.oauthbearer.sub.claim.name = sub
	sasl.oauthbearer.token.endpoint.url = null
	security.protocol = PLAINTEXT
	security.providers = null
	send.buffer.bytes = 131072
	socket.connection.setup.timeout.max.ms = 30000
	socket.connection.setup.timeout.ms = 10000
	ssl.cipher.suites = null
	ssl.enabled.protocols = [TLSv1.2, TLSv1.3]
	ssl.endpoint.identification.algorithm = https
	ssl.engine.factory.class = null
	ssl.key.password = null
	ssl.keymanager.algorithm = SunX509
	ssl.keystore.certificate.chain = null
	ssl.keystore.key = null
	ssl.keystore.location = null
	ssl.keystore.password = null
	ssl.keystore.type = JKS
	ssl.protocol = TLSv1.3
	ssl.provider = null
	ssl.secure.random.implementation = null
	ssl.trustmanager.algorithm = PKIX
	ssl.truststore.certificates = null
	ssl.truststore.location = null
	ssl.truststore.password = null
	ssl.truststore.type = JKS
	transaction.timeout.ms = 60000
	transactional.id = null
	value.serializer = class io.confluent.kafka.serializers.KafkaAvroSerializer

2025-10-08 17:47:53,630 INFO  [org.apa.kaf.com.tel.int.KafkaMetricsCollector] (main) initializing Kafka metrics collector
2025-10-08 17:47:53,630 INFO  [io.con.kaf.ser.KafkaAvroSerializerConfig] (main) KafkaAvroSerializerConfig values: 
	auto.register.schemas = false
	avro.reflection.allow.null = false
	avro.remove.java.properties = false
	avro.use.logical.type.converters = false
	basic.auth.credentials.source = URL
	basic.auth.user.info = [hidden]
	bearer.auth.cache.expiry.buffer.seconds = 300
	bearer.auth.client.id = null
	bearer.auth.client.secret = null
	bearer.auth.credentials.source = STATIC_TOKEN
	bearer.auth.custom.provider.class = null
	bearer.auth.identity.pool.id = null
	bearer.auth.issuer.endpoint.url = null
	bearer.auth.logical.cluster = null
	bearer.auth.scope = null
	bearer.auth.scope.claim.name = scope
	bearer.auth.sub.claim.name = sub
	bearer.auth.token = [hidden]
	context.name.strategy = class io.confluent.kafka.serializers.context.NullContextNameStrategy
	http.connect.timeout.ms = 60000
	http.read.timeout.ms = 60000
	id.compatibility.strict = true
	key.schema.id.deserializer = class io.confluent.kafka.serializers.schema.id.DualSchemaIdDeserializer
	key.schema.id.serializer = class io.confluent.kafka.serializers.schema.id.PrefixSchemaIdSerializer
	key.subject.name.strategy = class io.confluent.kafka.serializers.subject.TopicNameStrategy
	latest.cache.size = 1000
	latest.cache.ttl.sec = -1
	latest.compatibility.strict = true
	max.retries = 3
	max.schemas.per.subject = 1000
	normalize.schemas = false
	propagate.schema.tags = false
	proxy.host = 
	proxy.port = -1
	retries.max.wait.ms = 20000
	retries.wait.ms = 1000
	rule.actions = []
	rule.executors = []
	rule.service.loader.enable = true
	schema.format = null
	schema.reflection = false
	schema.registry.basic.auth.user.info = [hidden]
	schema.registry.ssl.cipher.suites = null
	schema.registry.ssl.enabled.protocols = [TLSv1.2, TLSv1.3]
	schema.registry.ssl.endpoint.identification.algorithm = https
	schema.registry.ssl.engine.factory.class = null
	schema.registry.ssl.key.password = null
	schema.registry.ssl.keymanager.algorithm = SunX509
	schema.registry.ssl.keystore.certificate.chain = null
	schema.registry.ssl.keystore.key = null
	schema.registry.ssl.keystore.location = null
	schema.registry.ssl.keystore.password = null
	schema.registry.ssl.keystore.type = JKS
	schema.registry.ssl.protocol = TLSv1.3
	schema.registry.ssl.provider = null
	schema.registry.ssl.secure.random.implementation = null
	schema.registry.ssl.trustmanager.algorithm = PKIX
	schema.registry.ssl.truststore.certificates = null
	schema.registry.ssl.truststore.location = null
	schema.registry.ssl.truststore.password = null
	schema.registry.ssl.truststore.type = JKS
	schema.registry.url = [http://registry-app-inmemory.apps.ci419.apicurio-testing.org:80/apis/ccompat/v7]
	schema.registry.url.randomize = false
	use.latest.version = false
	use.latest.with.metadata = null
	use.schema.id = -1
	value.schema.id.deserializer = class io.confluent.kafka.serializers.schema.id.DualSchemaIdDeserializer
	value.schema.id.serializer = class io.confluent.kafka.serializers.schema.id.PrefixSchemaIdSerializer
	value.subject.name.strategy = class io.confluent.kafka.serializers.subject.RecordNameStrategy

2025-10-08 17:47:53,632 INFO  [org.apa.kaf.cli.pro.KafkaProducer] (main) [Producer clientId=Producer-topic-636448cb_4175_42df_a118_c4819ddc059c] Instantiated an idempotent producer.
2025-10-08 17:47:53,633 INFO  [org.apa.kaf.cli.pro.ProducerConfig] (main) These configurations '[schema.registry.url, auto.register.schemas, value.subject.name.strategy]' were supplied but are not used yet.
2025-10-08 17:47:53,633 INFO  [org.apa.kaf.com.uti.AppInfoParser] (main) Kafka version: 3.9.1
2025-10-08 17:47:53,633 INFO  [org.apa.kaf.com.uti.AppInfoParser] (main) Kafka commitId: f745dfdcee2b9851
2025-10-08 17:47:53,633 INFO  [org.apa.kaf.com.uti.AppInfoParser] (main) Kafka startTimeMs: 1759945673633
2025-10-08 17:47:53,633 INFO  [io.api.tes.ser.api.KafkaSerdesTester] (ForkJoinPool.commonPool-worker-1) Sending message {"wrongkey": "value-0"} to topic topic-636448cb_4175_42df_a118_c4819ddc059c
2025-10-08 17:47:53,635 INFO  [org.apa.kaf.cli.Metadata] (kafka-producer-network-thread | Producer-topic-636448cb_4175_42df_a118_c4819ddc059c) [Producer clientId=Producer-topic-636448cb_4175_42df_a118_c4819ddc059c] Cluster ID: Sx1FHBeCRF2NRCdgDzlw-Q
2025-10-08 17:47:53,635 INFO  [org.apa.kaf.cli.pro.int.TransactionManager] (kafka-producer-network-thread | Producer-topic-636448cb_4175_42df_a118_c4819ddc059c) [Producer clientId=Producer-topic-636448cb_4175_42df_a118_c4819ddc059c] ProducerId set to 58 with epoch 0
2025-10-08 17:47:53,705 INFO  [org.apa.kaf.cli.pro.KafkaProducer] (ForkJoinPool.commonPool-worker-1) [Producer clientId=Producer-topic-636448cb_4175_42df_a118_c4819ddc059c] Closing the Kafka producer with timeoutMillis = 9223372036854775807 ms.
2025-10-08 17:47:53,706 INFO  [org.apa.kaf.com.met.Metrics] (ForkJoinPool.commonPool-worker-1) Metrics scheduler closed
2025-10-08 17:47:53,706 INFO  [org.apa.kaf.com.met.Metrics] (ForkJoinPool.commonPool-worker-1) Closing reporter org.apache.kafka.common.metrics.JmxReporter
2025-10-08 17:47:53,706 INFO  [org.apa.kaf.com.met.Metrics] (ForkJoinPool.commonPool-worker-1) Closing reporter org.apache.kafka.common.telemetry.internals.ClientTelemetryReporter
2025-10-08 17:47:53,706 INFO  [org.apa.kaf.com.met.Metrics] (ForkJoinPool.commonPool-worker-1) Metrics reporters closed
2025-10-08 17:47:53,706 INFO  [org.apa.kaf.com.uti.AppInfoParser] (ForkJoinPool.commonPool-worker-1) App info kafka.producer for Producer-topic-636448cb_4175_42df_a118_c4819ddc059c unregistered
2025-10-08 17:47:53,845 INFO  [io.api.tes.ser.con.BasicConfluentSerDesIT] (main) Deleting confluent schema topic-636448cb_4175_42df_a118_c4819ddc059c-value
2025-10-08 17:47:53,919 INFO  [io.api.tes.uti.TestSeparator] (main) io.apicurio.tests.serdes.confluent.BasicConfluentSerDesIT.testAvroConfluentSerDesWrongStrategyRecord-FINISHED
2025-10-08 17:47:53,919 INFO  [io.api.tes.uti.TestSeparator] (main) ############################################################################
Test passed: testAvroConfluentSerDesWrongStrategyRecord
]]></system-out>
  </testcase>
</testsuite>