<?xml version="1.0" encoding="UTF-8"?>
<testsuite xmlns:xsi="http://www.w3.org/2001/XMLSchema-instance" xsi:noNamespaceSchemaLocation="https://maven.apache.org/surefire/maven-failsafe-plugin/xsd/failsafe-test-report.xsd" version="3.0.2" name="io.apicurio.tests.serdes.apicurio.AvroSerdeIT" time="103.438" tests="21" errors="0" skipped="2" failures="0">
  <properties>
    <property name="java.specification.version" value="17"/>
    <property name="sun.jnu.encoding" value="UTF-8"/>
    <property name="java.class.path" value="/home/runner/work/apicurio-testing/apicurio-testing/clusters/ci419/namespaces/ksql043/tests/integration/apicurio-registry/integration-tests/target/test-classes:/home/runner/work/apicurio-testing/apicurio-testing/clusters/ci419/namespaces/ksql043/tests/integration/apicurio-registry/integration-tests/target/apicurio-registry-integration-tests-3.0.12-SNAPSHOT.jar:/home/runner/.m2/repository/io/quarkus/quarkus-junit5/3.20.2/quarkus-junit5-3.20.2.jar:/home/runner/.m2/repository/io/quarkus/quarkus-bootstrap-core/3.20.2/quarkus-bootstrap-core-3.20.2.jar:/home/runner/.m2/repository/io/quarkus/quarkus-classloader-commons/3.20.2/quarkus-classloader-commons-3.20.2.jar:/home/runner/.m2/repository/io/quarkus/quarkus-bootstrap-app-model/3.20.2/quarkus-bootstrap-app-model-3.20.2.jar:/home/runner/.m2/repository/io/smallrye/common/smallrye-common-io/2.12.0/smallrye-common-io-2.12.0.jar:/home/runner/.m2/repository/org/eclipse/sisu/org.eclipse.sisu.inject/0.9.0.M3/org.eclipse.sisu.inject-0.9.0.M3.jar:/home/runner/.m2/repository/io/quarkus/quarkus-test-common/3.20.2/quarkus-test-common-3.20.2.jar:/home/runner/.m2/repository/io/quarkus/quarkus-core-deployment/3.20.2/quarkus-core-deployment-3.20.2.jar:/home/runner/.m2/repository/org/aesh/readline/2.6/readline-2.6.jar:/home/runner/.m2/repository/org/fusesource/jansi/jansi/2.4.0/jansi-2.4.0.jar:/home/runner/.m2/repository/org/aesh/aesh/2.8.2/aesh-2.8.2.jar:/home/runner/.m2/repository/io/quarkus/gizmo/gizmo/1.8.0/gizmo-1.8.0.jar:/home/runner/.m2/repository/org/ow2/asm/asm-util/9.7.1/asm-util-9.7.1.jar:/home/runner/.m2/repository/org/ow2/asm/asm-analysis/9.7.1/asm-analysis-9.7.1.jar:/home/runner/.m2/repository/org/ow2/asm/asm-commons/9.7.1/asm-commons-9.7.1.jar:/home/runner/.m2/repository/org/ow2/asm/asm-tree/9.7.1/asm-tree-9.7.1.jar:/home/runner/.m2/repository/io/quarkus/quarkus-hibernate-validator-spi/3.20.2/quarkus-hibernate-validator-spi-3.20.2.jar:/home/runner/.m2/repository/io/quarkus/quarkus-class-change-agent/3.20.2/quarkus-class-change-agent-3.20.2.jar:/home/runner/.m2/repository/io/quarkus/quarkus-devtools-utilities/3.20.2/quarkus-devtools-utilities-3.20.2.jar:/home/runner/.m2/repository/io/quarkus/quarkus-builder/3.20.2/quarkus-builder-3.20.2.jar:/home/runner/.m2/repository/org/graalvm/sdk/nativeimage/23.1.2/nativeimage-23.1.2.jar:/home/runner/.m2/repository/org/graalvm/sdk/word/23.1.2/word-23.1.2.jar:/home/runner/.m2/repository/io/quarkus/quarkus-bootstrap-maven-resolver/3.20.2/quarkus-bootstrap-maven-resolver-3.20.2.jar:/home/runner/.m2/repository/io/smallrye/beanbag/smallrye-beanbag-maven/1.5.2/smallrye-beanbag-maven-1.5.2.jar:/home/runner/.m2/repository/io/smallrye/beanbag/smallrye-beanbag-sisu/1.5.2/smallrye-beanbag-sisu-1.5.2.jar:/home/runner/.m2/repository/io/smallrye/beanbag/smallrye-beanbag/1.5.2/smallrye-beanbag-1.5.2.jar:/home/runner/.m2/repository/javax/inject/javax.inject/1/javax.inject-1.jar:/home/runner/.m2/repository/org/apache/maven/maven-artifact/3.9.9/maven-artifact-3.9.9.jar:/home/runner/.m2/repository/org/apache/maven/maven-builder-support/3.9.9/maven-builder-support-3.9.9.jar:/home/runner/.m2/repository/org/apache/maven/maven-model/3.9.9/maven-model-3.9.9.jar:/home/runner/.m2/repository/org/apache/maven/maven-model-builder/3.9.9/maven-model-builder-3.9.9.jar:/home/runner/.m2/repository/org/apache/maven/maven-repository-metadata/3.9.9/maven-repository-metadata-3.9.9.jar:/home/runner/.m2/repository/org/apache/maven/maven-settings/3.9.9/maven-settings-3.9.9.jar:/home/runner/.m2/repository/org/apache/maven/resolver/maven-resolver-api/1.9.22/maven-resolver-api-1.9.22.jar:/home/runner/.m2/repository/org/apache/maven/resolver/maven-resolver-impl/1.9.22/maven-resolver-impl-1.9.22.jar:/home/runner/.m2/repository/org/apache/maven/resolver/maven-resolver-named-locks/1.9.22/maven-resolver-named-locks-1.9.22.jar:/home/runner/.m2/repository/org/apache/maven/resolver/maven-resolver-spi/1.9.22/maven-resolver-spi-1.9.22.jar:/home/runner/.m2/repository/org/apache/maven/resolver/maven-resolver-util/1.9.22/maven-resolver-util-1.9.22.jar:/home/runner/.m2/repository/org/apache/maven/resolver/maven-resolver-transport-http/1.9.20/maven-resolver-transport-http-1.9.20.jar:/home/runner/.m2/repository/org/apache/maven/wagon/wagon-provider-api/3.5.3/wagon-provider-api-3.5.3.jar:/home/runner/.m2/repository/org/apache/maven/wagon/wagon-http-shared/3.5.3/wagon-http-shared-3.5.3.jar:/home/runner/.m2/repository/org/codehaus/plexus/plexus-interpolation/1.26/plexus-interpolation-1.26.jar:/home/runner/.m2/repository/org/codehaus/plexus/plexus-utils/3.5.1/plexus-utils-3.5.1.jar:/home/runner/.m2/repository/org/codehaus/plexus/plexus-xml/4.0.1/plexus-xml-4.0.1.jar:/home/runner/.m2/repository/org/apache/maven/maven-xml-impl/4.0.0-alpha-5/maven-xml-impl-4.0.0-alpha-5.jar:/home/runner/.m2/repository/org/apache/maven/maven-api-xml/4.0.0-alpha-5/maven-api-xml-4.0.0-alpha-5.jar:/home/runner/.m2/repository/org/apache/maven/maven-api-meta/4.0.0-alpha-5/maven-api-meta-4.0.0-alpha-5.jar:/home/runner/.m2/repository/org/codehaus/plexus/plexus-cipher/2.0/plexus-cipher-2.0.jar:/home/runner/.m2/repository/org/codehaus/plexus/plexus-sec-dispatcher/2.0/plexus-sec-dispatcher-2.0.jar:/home/runner/.m2/repository/org/apache/maven/maven-embedder/3.9.9/maven-embedder-3.9.9.jar:/home/runner/.m2/repository/org/apache/maven/maven-core/3.9.9/maven-core-3.9.9.jar:/home/runner/.m2/repository/org/codehaus/plexus/plexus-component-annotations/2.1.0/plexus-component-annotations-2.1.0.jar:/home/runner/.m2/repository/org/apache/maven/maven-plugin-api/3.9.9/maven-plugin-api-3.9.9.jar:/home/runner/.m2/repository/org/apache/maven/shared/maven-shared-utils/3.4.2/maven-shared-utils-3.4.2.jar:/home/runner/.m2/repository/com/google/inject/guice/5.1.0/guice-5.1.0.jar:/home/runner/.m2/repository/aopalliance/aopalliance/1.0/aopalliance-1.0.jar:/home/runner/.m2/repository/org/codehaus/plexus/plexus-classworlds/2.6.0/plexus-classworlds-2.6.0.jar:/home/runner/.m2/repository/commons-cli/commons-cli/1.8.0/commons-cli-1.8.0.jar:/home/runner/.m2/repository/org/eclipse/sisu/org.eclipse.sisu.plexus/0.9.0.M3/org.eclipse.sisu.plexus-0.9.0.M3.jar:/home/runner/.m2/repository/org/apache/maven/maven-settings-builder/3.9.9/maven-settings-builder-3.9.9.jar:/home/runner/.m2/repository/org/apache/maven/maven-resolver-provider/3.9.9/maven-resolver-provider-3.9.9.jar:/home/runner/.m2/repository/org/apache/maven/resolver/maven-resolver-connector-basic/1.9.22/maven-resolver-connector-basic-1.9.22.jar:/home/runner/.m2/repository/org/apache/maven/resolver/maven-resolver-transport-wagon/1.9.22/maven-resolver-transport-wagon-1.9.22.jar:/home/runner/.m2/repository/org/apache/maven/wagon/wagon-http/3.5.3/wagon-http-3.5.3.jar:/home/runner/.m2/repository/org/apache/maven/wagon/wagon-file/3.5.3/wagon-file-3.5.3.jar:/home/runner/.m2/repository/io/quarkus/quarkus-bootstrap-gradle-resolver/3.20.2/quarkus-bootstrap-gradle-resolver-3.20.2.jar:/home/runner/.m2/repository/io/smallrye/jandex/3.3.0/jandex-3.3.0.jar:/home/runner/.m2/repository/org/jboss/logging/commons-logging-jboss-logging/1.0.0.Final/commons-logging-jboss-logging-1.0.0.Final.jar:/home/runner/.m2/repository/io/quarkus/quarkus-junit5-config/3.20.2/quarkus-junit5-config-3.20.2.jar:/home/runner/.m2/repository/org/junit/jupiter/junit-jupiter-api/5.12.1/junit-jupiter-api-5.12.1.jar:/home/runner/.m2/repository/io/smallrye/config/smallrye-config/3.11.4/smallrye-config-3.11.4.jar:/home/runner/.m2/repository/io/smallrye/config/smallrye-config-core/3.11.4/smallrye-config-core-3.11.4.jar:/home/runner/.m2/repository/io/smallrye/common/smallrye-common-classloader/2.12.0/smallrye-common-classloader-2.12.0.jar:/home/runner/.m2/repository/io/smallrye/config/smallrye-config-common/3.11.4/smallrye-config-common-3.11.4.jar:/home/runner/.m2/repository/org/junit/jupiter/junit-jupiter/5.12.1/junit-jupiter-5.12.1.jar:/home/runner/.m2/repository/org/junit/jupiter/junit-jupiter-params/5.12.1/junit-jupiter-params-5.12.1.jar:/home/runner/.m2/repository/org/junit/jupiter/junit-jupiter-engine/5.12.1/junit-jupiter-engine-5.12.1.jar:/home/runner/.m2/repository/io/quarkus/quarkus-core/3.20.2/quarkus-core-3.20.2.jar:/home/runner/.m2/repository/jakarta/enterprise/jakarta.enterprise.cdi-api/4.1.0/jakarta.enterprise.cdi-api-4.1.0.jar:/home/runner/.m2/repository/jakarta/enterprise/jakarta.enterprise.lang-model/4.1.0/jakarta.enterprise.lang-model-4.1.0.jar:/home/runner/.m2/repository/jakarta/el/jakarta.el-api/5.0.1/jakarta.el-api-5.0.1.jar:/home/runner/.m2/repository/jakarta/interceptor/jakarta.interceptor-api/2.2.0/jakarta.interceptor-api-2.2.0.jar:/home/runner/.m2/repository/jakarta/inject/jakarta.inject-api/2.0.1/jakarta.inject-api-2.0.1.jar:/home/runner/.m2/repository/io/smallrye/common/smallrye-common-os/2.12.0/smallrye-common-os-2.12.0.jar:/home/runner/.m2/repository/io/quarkus/quarkus-ide-launcher/3.20.2/quarkus-ide-launcher-3.20.2.jar:/home/runner/.m2/repository/io/quarkus/quarkus-development-mode-spi/3.20.2/quarkus-development-mode-spi-3.20.2.jar:/home/runner/.m2/repository/org/jboss/logging/jboss-logging/3.6.1.Final/jboss-logging-3.6.1.Final.jar:/home/runner/.m2/repository/org/jboss/logmanager/jboss-logmanager/3.1.2.Final/jboss-logmanager-3.1.2.Final.jar:/home/runner/.m2/repository/io/smallrye/common/smallrye-common-constraint/2.12.0/smallrye-common-constraint-2.12.0.jar:/home/runner/.m2/repository/io/smallrye/common/smallrye-common-cpu/2.12.0/smallrye-common-cpu-2.12.0.jar:/home/runner/.m2/repository/io/smallrye/common/smallrye-common-expression/2.12.0/smallrye-common-expression-2.12.0.jar:/home/runner/.m2/repository/io/smallrye/common/smallrye-common-net/2.12.0/smallrye-common-net-2.12.0.jar:/home/runner/.m2/repository/io/smallrye/common/smallrye-common-ref/2.12.0/smallrye-common-ref-2.12.0.jar:/home/runner/.m2/repository/jakarta/json/jakarta.json-api/2.1.3/jakarta.json-api-2.1.3.jar:/home/runner/.m2/repository/org/eclipse/parsson/parsson/1.1.7/parsson-1.1.7.jar:/home/runner/.m2/repository/org/jboss/logging/jboss-logging-annotations/3.0.4.Final/jboss-logging-annotations-3.0.4.Final.jar:/home/runner/.m2/repository/org/jboss/threads/jboss-threads/3.8.0.Final/jboss-threads-3.8.0.Final.jar:/home/runner/.m2/repository/io/smallrye/common/smallrye-common-annotation/2.12.0/smallrye-common-annotation-2.12.0.jar:/home/runner/.m2/repository/io/smallrye/common/smallrye-common-function/2.12.0/smallrye-common-function-2.12.0.jar:/home/runner/.m2/repository/org/jboss/slf4j/slf4j-jboss-logmanager/2.0.0.Final/slf4j-jboss-logmanager-2.0.0.Final.jar:/home/runner/.m2/repository/org/wildfly/common/wildfly-common/2.0.1/wildfly-common-2.0.1.jar:/home/runner/.m2/repository/io/quarkus/quarkus-bootstrap-runner/3.20.2/quarkus-bootstrap-runner-3.20.2.jar:/home/runner/.m2/repository/io/github/crac/org-crac/0.1.3/org-crac-0.1.3.jar:/home/runner/.m2/repository/io/quarkus/quarkus-fs-util/0.0.10/quarkus-fs-util-0.0.10.jar:/home/runner/.m2/repository/org/jboss/marshalling/jboss-marshalling/2.2.2.Final/jboss-marshalling-2.2.2.Final.jar:/home/runner/.m2/repository/io/fabric8/kubernetes-client/7.1.0/kubernetes-client-7.1.0.jar:/home/runner/.m2/repository/io/fabric8/kubernetes-client-api/7.1.0/kubernetes-client-api-7.1.0.jar:/home/runner/.m2/repository/io/fabric8/kubernetes-model-core/7.1.0/kubernetes-model-core-7.1.0.jar:/home/runner/.m2/repository/io/fabric8/kubernetes-model-common/7.1.0/kubernetes-model-common-7.1.0.jar:/home/runner/.m2/repository/javax/annotation/javax.annotation-api/1.3.2/javax.annotation-api-1.3.2.jar:/home/runner/.m2/repository/io/fabric8/kubernetes-model-gatewayapi/7.1.0/kubernetes-model-gatewayapi-7.1.0.jar:/home/runner/.m2/repository/io/fabric8/kubernetes-model-resource/7.1.0/kubernetes-model-resource-7.1.0.jar:/home/runner/.m2/repository/io/fabric8/kubernetes-model-rbac/7.1.0/kubernetes-model-rbac-7.1.0.jar:/home/runner/.m2/repository/io/fabric8/kubernetes-model-admissionregistration/7.1.0/kubernetes-model-admissionregistration-7.1.0.jar:/home/runner/.m2/repository/io/fabric8/kubernetes-model-apps/7.1.0/kubernetes-model-apps-7.1.0.jar:/home/runner/.m2/repository/io/fabric8/kubernetes-model-autoscaling/7.1.0/kubernetes-model-autoscaling-7.1.0.jar:/home/runner/.m2/repository/io/fabric8/kubernetes-model-apiextensions/7.1.0/kubernetes-model-apiextensions-7.1.0.jar:/home/runner/.m2/repository/io/fabric8/kubernetes-model-batch/7.1.0/kubernetes-model-batch-7.1.0.jar:/home/runner/.m2/repository/io/fabric8/kubernetes-model-certificates/7.1.0/kubernetes-model-certificates-7.1.0.jar:/home/runner/.m2/repository/io/fabric8/kubernetes-model-coordination/7.1.0/kubernetes-model-coordination-7.1.0.jar:/home/runner/.m2/repository/io/fabric8/kubernetes-model-discovery/7.1.0/kubernetes-model-discovery-7.1.0.jar:/home/runner/.m2/repository/io/fabric8/kubernetes-model-events/7.1.0/kubernetes-model-events-7.1.0.jar:/home/runner/.m2/repository/io/fabric8/kubernetes-model-extensions/7.1.0/kubernetes-model-extensions-7.1.0.jar:/home/runner/.m2/repository/io/fabric8/kubernetes-model-flowcontrol/7.1.0/kubernetes-model-flowcontrol-7.1.0.jar:/home/runner/.m2/repository/io/fabric8/kubernetes-model-networking/7.1.0/kubernetes-model-networking-7.1.0.jar:/home/runner/.m2/repository/io/fabric8/kubernetes-model-metrics/7.1.0/kubernetes-model-metrics-7.1.0.jar:/home/runner/.m2/repository/io/fabric8/kubernetes-model-policy/7.1.0/kubernetes-model-policy-7.1.0.jar:/home/runner/.m2/repository/io/fabric8/kubernetes-model-scheduling/7.1.0/kubernetes-model-scheduling-7.1.0.jar:/home/runner/.m2/repository/io/fabric8/kubernetes-model-storageclass/7.1.0/kubernetes-model-storageclass-7.1.0.jar:/home/runner/.m2/repository/io/fabric8/kubernetes-model-node/7.1.0/kubernetes-model-node-7.1.0.jar:/home/runner/.m2/repository/org/snakeyaml/snakeyaml-engine/2.9/snakeyaml-engine-2.9.jar:/home/runner/.m2/repository/com/fasterxml/jackson/dataformat/jackson-dataformat-yaml/2.18.2/jackson-dataformat-yaml-2.18.2.jar:/home/runner/.m2/repository/com/fasterxml/jackson/datatype/jackson-datatype-jsr310/2.18.2/jackson-datatype-jsr310-2.18.2.jar:/home/runner/.m2/repository/io/fabric8/zjsonpatch/7.1.0/zjsonpatch-7.1.0.jar:/home/runner/.m2/repository/io/fabric8/kubernetes-httpclient-vertx/7.1.0/kubernetes-httpclient-vertx-7.1.0.jar:/home/runner/.m2/repository/io/vertx/vertx-web-client/4.5.16/vertx-web-client-4.5.16.jar:/home/runner/.m2/repository/io/vertx/vertx-web-common/4.5.16/vertx-web-common-4.5.16.jar:/home/runner/.m2/repository/io/vertx/vertx-auth-common/4.5.16/vertx-auth-common-4.5.16.jar:/home/runner/.m2/repository/io/vertx/vertx-uri-template/4.5.16/vertx-uri-template-4.5.16.jar:/home/runner/.m2/repository/io/fabric8/openshift-client/7.1.0/openshift-client-7.1.0.jar:/home/runner/.m2/repository/io/fabric8/openshift-client-api/7.1.0/openshift-client-api-7.1.0.jar:/home/runner/.m2/repository/io/fabric8/openshift-model/7.1.0/openshift-model-7.1.0.jar:/home/runner/.m2/repository/io/fabric8/openshift-model-autoscaling/7.1.0/openshift-model-autoscaling-7.1.0.jar:/home/runner/.m2/repository/io/fabric8/openshift-model-operator/7.1.0/openshift-model-operator-7.1.0.jar:/home/runner/.m2/repository/io/fabric8/openshift-model-operatorhub/7.1.0/openshift-model-operatorhub-7.1.0.jar:/home/runner/.m2/repository/io/fabric8/openshift-model-machine/7.1.0/openshift-model-machine-7.1.0.jar:/home/runner/.m2/repository/io/fabric8/openshift-model-whereabouts/7.1.0/openshift-model-whereabouts-7.1.0.jar:/home/runner/.m2/repository/io/fabric8/openshift-model-monitoring/7.1.0/openshift-model-monitoring-7.1.0.jar:/home/runner/.m2/repository/io/fabric8/openshift-model-storageversionmigrator/7.1.0/openshift-model-storageversionmigrator-7.1.0.jar:/home/runner/.m2/repository/io/fabric8/openshift-model-tuned/7.1.0/openshift-model-tuned-7.1.0.jar:/home/runner/.m2/repository/io/fabric8/openshift-model-console/7.1.0/openshift-model-console-7.1.0.jar:/home/runner/.m2/repository/io/fabric8/openshift-model-config/7.1.0/openshift-model-config-7.1.0.jar:/home/runner/.m2/repository/io/fabric8/openshift-model-machineconfiguration/7.1.0/openshift-model-machineconfiguration-7.1.0.jar:/home/runner/.m2/repository/io/fabric8/openshift-model-miscellaneous/7.1.0/openshift-model-miscellaneous-7.1.0.jar:/home/runner/.m2/repository/io/fabric8/openshift-model-hive/7.1.0/openshift-model-hive-7.1.0.jar:/home/runner/.m2/repository/io/fabric8/openshift-model-installer/7.1.0/openshift-model-installer-7.1.0.jar:/home/runner/.m2/repository/org/junit/platform/junit-platform-launcher/1.12.1/junit-platform-launcher-1.12.1.jar:/home/runner/.m2/repository/org/junit/platform/junit-platform-engine/1.12.1/junit-platform-engine-1.12.1.jar:/home/runner/.m2/repository/org/opentest4j/opentest4j/1.3.0/opentest4j-1.3.0.jar:/home/runner/.m2/repository/org/junit/platform/junit-platform-commons/1.12.1/junit-platform-commons-1.12.1.jar:/home/runner/.m2/repository/org/apiguardian/apiguardian-api/1.1.2/apiguardian-api-1.1.2.jar:/home/runner/.m2/repository/jakarta/ws/rs/jakarta.ws.rs-api/3.1.0/jakarta.ws.rs-api-3.1.0.jar:/home/runner/work/apicurio-testing/apicurio-testing/clusters/ci419/namespaces/ksql043/tests/integration/apicurio-registry/java-sdk/target/apicurio-registry-java-sdk-3.0.12-SNAPSHOT.jar:/home/runner/.m2/repository/com/microsoft/kiota/microsoft-kiota-abstractions/1.8.8/microsoft-kiota-abstractions-1.8.8.jar:/home/runner/.m2/repository/io/github/std-uritemplate/std-uritemplate/2.0.0/std-uritemplate-2.0.0.jar:/home/runner/.m2/repository/io/kiota/kiota-http-jdk/0.0.29/kiota-http-jdk-0.0.29.jar:/home/runner/.m2/repository/io/kiota/kiota-http-vertx/0.0.29/kiota-http-vertx-0.0.29.jar:/home/runner/.m2/repository/io/kiota/kiota-serialization-jackson/0.0.29/kiota-serialization-jackson-0.0.29.jar:/home/runner/.m2/repository/com/microsoft/kiota/microsoft-kiota-serialization-text/1.8.8/microsoft-kiota-serialization-text-1.8.8.jar:/home/runner/.m2/repository/com/microsoft/kiota/microsoft-kiota-serialization-form/1.8.8/microsoft-kiota-serialization-form-1.8.8.jar:/home/runner/.m2/repository/com/microsoft/kiota/microsoft-kiota-serialization-multipart/1.8.8/microsoft-kiota-serialization-multipart-1.8.8.jar:/home/runner/.m2/repository/jakarta/annotation/jakarta.annotation-api/3.0.0/jakarta.annotation-api-3.0.0.jar:/home/runner/.m2/repository/io/vertx/vertx-auth-oauth2/4.5.16/vertx-auth-oauth2-4.5.16.jar:/home/runner/work/apicurio-testing/apicurio-testing/clusters/ci419/namespaces/ksql043/tests/integration/apicurio-registry/java-sdk-v2/target/apicurio-registry-v2-java-sdk-3.0.12-SNAPSHOT.jar:/home/runner/work/apicurio-testing/apicurio-testing/clusters/ci419/namespaces/ksql043/tests/integration/apicurio-registry/utils/kafka/target/apicurio-registry-utils-kafka-3.0.12-SNAPSHOT-tests.jar:/home/runner/.m2/repository/org/eclipse/microprofile/config/microprofile-config-api/3.1/microprofile-config-api-3.1.jar:/home/runner/.m2/repository/org/apache/kafka/kafka-clients/3.9.1/kafka-clients-3.9.1.jar:/home/runner/.m2/repository/com/github/luben/zstd-jni/1.5.6-4/zstd-jni-1.5.6-4.jar:/home/runner/.m2/repository/org/lz4/lz4-java/1.8.0/lz4-java-1.8.0.jar:/home/runner/.m2/repository/org/xerial/snappy/snappy-java/1.1.10.5/snappy-java-1.1.10.5.jar:/home/runner/.m2/repository/org/slf4j/slf4j-api/2.0.6/slf4j-api-2.0.6.jar:/home/runner/work/apicurio-testing/apicurio-testing/clusters/ci419/namespaces/ksql043/tests/integration/apicurio-registry/utils/tests/target/apicurio-registry-utils-tests-3.0.12-SNAPSHOT.jar:/home/runner/work/apicurio-testing/apicurio-testing/clusters/ci419/namespaces/ksql043/tests/integration/apicurio-registry/common/target/apicurio-registry-common-3.0.12-SNAPSHOT.jar:/home/runner/.m2/repository/jakarta/validation/jakarta.validation-api/3.0.2/jakarta.validation-api-3.0.2.jar:/home/runner/.m2/repository/com/github/dasniko/testcontainers-keycloak/3.8.0/testcontainers-keycloak-3.8.0.jar:/home/runner/.m2/repository/org/testcontainers/testcontainers/1.20.6/testcontainers-1.20.6.jar:/home/runner/.m2/repository/org/rnorth/duct-tape/duct-tape/1.0.8/duct-tape-1.0.8.jar:/home/runner/.m2/repository/com/github/docker-java/docker-java-transport-zerodep/3.4.1/docker-java-transport-zerodep-3.4.1.jar:/home/runner/.m2/repository/com/github/docker-java/docker-java-transport/3.4.1/docker-java-transport-3.4.1.jar:/home/runner/.m2/repository/net/java/dev/jna/jna/5.8.0/jna-5.8.0.jar:/home/runner/.m2/repository/io/quarkus/quarkus-junit4-mock/3.20.2/quarkus-junit4-mock-3.20.2.jar:/home/runner/.m2/repository/org/jboss/shrinkwrap/shrinkwrap-api/2.0.0-beta-2/shrinkwrap-api-2.0.0-beta-2.jar:/home/runner/.m2/repository/org/jboss/shrinkwrap/shrinkwrap-impl-base/2.0.0-beta-2/shrinkwrap-impl-base-2.0.0-beta-2.jar:/home/runner/.m2/repository/org/jboss/shrinkwrap/shrinkwrap-spi/2.0.0-beta-2/shrinkwrap-spi-2.0.0-beta-2.jar:/home/runner/.m2/repository/org/keycloak/keycloak-admin-client/26.0.4/keycloak-admin-client-26.0.4.jar:/home/runner/.m2/repository/org/keycloak/keycloak-client-common-synced/26.0.4/keycloak-client-common-synced-26.0.4.jar:/home/runner/.m2/repository/jakarta/activation/jakarta.activation-api/2.1.3/jakarta.activation-api-2.1.3.jar:/home/runner/.m2/repository/org/eclipse/microprofile/openapi/microprofile-openapi-api/4.0.2/microprofile-openapi-api-4.0.2.jar:/home/runner/.m2/repository/org/jboss/resteasy/resteasy-client/6.2.12.Final/resteasy-client-6.2.12.Final.jar:/home/runner/.m2/repository/org/jboss/resteasy/resteasy-client-api/6.2.12.Final/resteasy-client-api-6.2.12.Final.jar:/home/runner/.m2/repository/org/jboss/resteasy/resteasy-core-spi/6.2.12.Final/resteasy-core-spi-6.2.12.Final.jar:/home/runner/.m2/repository/org/jboss/resteasy/resteasy-core/6.2.12.Final/resteasy-core-6.2.12.Final.jar:/home/runner/.m2/repository/org/eclipse/angus/angus-activation/2.0.2/angus-activation-2.0.2.jar:/home/runner/.m2/repository/com/ibm/async/asyncutil/0.1.0/asyncutil-0.1.0.jar:/home/runner/.m2/repository/org/reactivestreams/reactive-streams/1.0.4/reactive-streams-1.0.4.jar:/home/runner/.m2/repository/org/jboss/resteasy/resteasy-multipart-provider/6.2.12.Final/resteasy-multipart-provider-6.2.12.Final.jar:/home/runner/.m2/repository/jakarta/mail/jakarta.mail-api/2.1.3/jakarta.mail-api-2.1.3.jar:/home/runner/.m2/repository/org/eclipse/angus/angus-mail/2.0.3/angus-mail-2.0.3.jar:/home/runner/.m2/repository/org/apache/james/apache-mime4j-dom/0.8.12/apache-mime4j-dom-0.8.12.jar:/home/runner/.m2/repository/org/apache/james/apache-mime4j-core/0.8.12/apache-mime4j-core-0.8.12.jar:/home/runner/.m2/repository/org/apache/james/apache-mime4j-storage/0.8.12/apache-mime4j-storage-0.8.12.jar:/home/runner/.m2/repository/org/jboss/resteasy/resteasy-jackson2-provider/6.2.12.Final/resteasy-jackson2-provider-6.2.12.Final.jar:/home/runner/.m2/repository/com/fasterxml/jackson/jakarta/rs/jackson-jakarta-rs-base/2.18.2/jackson-jakarta-rs-base-2.18.2.jar:/home/runner/.m2/repository/com/fasterxml/jackson/jakarta/rs/jackson-jakarta-rs-json-provider/2.18.2/jackson-jakarta-rs-json-provider-2.18.2.jar:/home/runner/.m2/repository/com/fasterxml/jackson/module/jackson-module-jakarta-xmlbind-annotations/2.18.2/jackson-module-jakarta-xmlbind-annotations-2.18.2.jar:/home/runner/.m2/repository/com/github/java-json-tools/json-patch/1.13/json-patch-1.13.jar:/home/runner/.m2/repository/com/github/java-json-tools/msg-simple/1.2/msg-simple-1.2.jar:/home/runner/.m2/repository/com/github/java-json-tools/btf/1.3/btf-1.3.jar:/home/runner/.m2/repository/com/github/java-json-tools/jackson-coreutils/2.0/jackson-coreutils-2.0.jar:/home/runner/.m2/repository/org/jboss/resteasy/resteasy-jaxb-provider/6.2.12.Final/resteasy-jaxb-provider-6.2.12.Final.jar:/home/runner/.m2/repository/org/glassfish/jaxb/codemodel/4.0.5/codemodel-4.0.5.jar:/home/runner/.m2/repository/org/glassfish/jaxb/jaxb-core/4.0.5/jaxb-core-4.0.5.jar:/home/runner/.m2/repository/org/glassfish/jaxb/jaxb-jxc/4.0.5/jaxb-jxc-4.0.5.jar:/home/runner/.m2/repository/org/glassfish/jaxb/jaxb-runtime/4.0.5/jaxb-runtime-4.0.5.jar:/home/runner/.m2/repository/org/glassfish/jaxb/txw2/4.0.5/txw2-4.0.5.jar:/home/runner/.m2/repository/org/glassfish/jaxb/jaxb-xjc/4.0.5/jaxb-xjc-4.0.5.jar:/home/runner/.m2/repository/org/glassfish/jaxb/xsom/4.0.5/xsom-4.0.5.jar:/home/runner/.m2/repository/com/sun/istack/istack-commons-runtime/4.1.2/istack-commons-runtime-4.1.2.jar:/home/runner/.m2/repository/com/sun/istack/istack-commons-tools/4.1.2/istack-commons-tools-4.1.2.jar:/home/runner/.m2/repository/com/sun/xml/bind/external/relaxng-datatype/4.0.5/relaxng-datatype-4.0.5.jar:/home/runner/.m2/repository/com/sun/xml/bind/external/rngom/4.0.5/rngom-4.0.5.jar:/home/runner/.m2/repository/org/testcontainers/mssqlserver/1.20.6/mssqlserver-1.20.6.jar:/home/runner/.m2/repository/org/testcontainers/jdbc/1.20.6/jdbc-1.20.6.jar:/home/runner/.m2/repository/org/testcontainers/database-commons/1.20.6/database-commons-1.20.6.jar:/home/runner/.m2/repository/org/testcontainers/mysql/1.20.6/mysql-1.20.6.jar:/home/runner/.m2/repository/io/strimzi/strimzi-test-container/0.111.0/strimzi-test-container-0.111.0.jar:/home/runner/.m2/repository/org/testcontainers/toxiproxy/1.20.6/toxiproxy-1.20.6.jar:/home/runner/.m2/repository/com/github/docker-java/docker-java-api/3.4.1/docker-java-api-3.4.1.jar:/home/runner/.m2/repository/org/apache/logging/log4j/log4j-slf4j-impl/2.19.0/log4j-slf4j-impl-2.19.0.jar:/home/runner/.m2/repository/org/apache/logging/log4j/log4j-api/2.24.3/log4j-api-2.24.3.jar:/home/runner/.m2/repository/org/apache/logging/log4j/log4j-core/2.19.0/log4j-core-2.19.0.jar:/home/runner/.m2/repository/eu/rekawek/toxiproxy/toxiproxy-java/2.1.7/toxiproxy-java-2.1.7.jar:/home/runner/.m2/repository/org/testcontainers/pulsar/1.21.3/pulsar-1.21.3.jar:/home/runner/.m2/repository/io/debezium/debezium-testing-testcontainers/2.7.4.Final/debezium-testing-testcontainers-2.7.4.Final.jar:/home/runner/.m2/repository/org/testcontainers/kafka/1.20.6/kafka-1.20.6.jar:/home/runner/.m2/repository/com/squareup/okhttp3/okhttp/4.8.1/okhttp-4.8.1.jar:/home/runner/.m2/repository/com/squareup/okio/okio/3.10.2/okio-3.10.2.jar:/home/runner/.m2/repository/com/squareup/okio/okio-jvm/3.10.2/okio-jvm-3.10.2.jar:/home/runner/.m2/repository/org/jetbrains/kotlin/kotlin-stdlib/2.0.21/kotlin-stdlib-2.0.21.jar:/home/runner/.m2/repository/org/awaitility/awaitility/4.3.0/awaitility-4.3.0.jar:/home/runner/.m2/repository/org/testcontainers/mongodb/1.20.6/mongodb-1.20.6.jar:/home/runner/.m2/repository/org/testcontainers/mariadb/1.20.6/mariadb-1.20.6.jar:/home/runner/.m2/repository/org/testcontainers/oracle-xe/1.20.6/oracle-xe-1.20.6.jar:/home/runner/.m2/repository/org/testcontainers/postgresql/1.20.6/postgresql-1.20.6.jar:/home/runner/.m2/repository/org/wiremock/wiremock/3.0.1/wiremock-3.0.1.jar:/home/runner/.m2/repository/org/eclipse/jetty/jetty-server/11.0.15/jetty-server-11.0.15.jar:/home/runner/.m2/repository/org/eclipse/jetty/toolchain/jetty-jakarta-servlet-api/5.0.2/jetty-jakarta-servlet-api-5.0.2.jar:/home/runner/.m2/repository/org/eclipse/jetty/jetty-http/11.0.15/jetty-http-11.0.15.jar:/home/runner/.m2/repository/org/eclipse/jetty/jetty-io/11.0.15/jetty-io-11.0.15.jar:/home/runner/.m2/repository/org/eclipse/jetty/jetty-servlet/11.0.15/jetty-servlet-11.0.15.jar:/home/runner/.m2/repository/org/eclipse/jetty/jetty-security/11.0.15/jetty-security-11.0.15.jar:/home/runner/.m2/repository/org/eclipse/jetty/jetty-servlets/11.0.15/jetty-servlets-11.0.15.jar:/home/runner/.m2/repository/org/eclipse/jetty/jetty-util/11.0.15/jetty-util-11.0.15.jar:/home/runner/.m2/repository/org/eclipse/jetty/jetty-webapp/11.0.15/jetty-webapp-11.0.15.jar:/home/runner/.m2/repository/org/eclipse/jetty/jetty-xml/11.0.15/jetty-xml-11.0.15.jar:/home/runner/.m2/repository/org/eclipse/jetty/jetty-proxy/11.0.15/jetty-proxy-11.0.15.jar:/home/runner/.m2/repository/org/eclipse/jetty/jetty-client/11.0.15/jetty-client-11.0.15.jar:/home/runner/.m2/repository/org/eclipse/jetty/http2/http2-server/11.0.15/http2-server-11.0.15.jar:/home/runner/.m2/repository/org/eclipse/jetty/http2/http2-common/11.0.15/http2-common-11.0.15.jar:/home/runner/.m2/repository/org/eclipse/jetty/http2/http2-hpack/11.0.15/http2-hpack-11.0.15.jar:/home/runner/.m2/repository/org/eclipse/jetty/jetty-alpn-server/11.0.15/jetty-alpn-server-11.0.15.jar:/home/runner/.m2/repository/org/eclipse/jetty/jetty-alpn-java-server/11.0.15/jetty-alpn-java-server-11.0.15.jar:/home/runner/.m2/repository/org/eclipse/jetty/jetty-alpn-java-client/11.0.15/jetty-alpn-java-client-11.0.15.jar:/home/runner/.m2/repository/org/eclipse/jetty/jetty-alpn-client/11.0.15/jetty-alpn-client-11.0.15.jar:/home/runner/.m2/repository/org/apache/httpcomponents/client5/httpclient5/5.2.1/httpclient5-5.2.1.jar:/home/runner/.m2/repository/org/apache/httpcomponents/core5/httpcore5/5.2/httpcore5-5.2.jar:/home/runner/.m2/repository/org/apache/httpcomponents/core5/httpcore5-h2/5.2/httpcore5-h2-5.2.jar:/home/runner/.m2/repository/org/xmlunit/xmlunit-core/2.9.1/xmlunit-core-2.9.1.jar:/home/runner/.m2/repository/jakarta/xml/bind/jakarta.xml.bind-api/4.0.2/jakarta.xml.bind-api-4.0.2.jar:/home/runner/.m2/repository/org/xmlunit/xmlunit-legacy/2.9.1/xmlunit-legacy-2.9.1.jar:/home/runner/.m2/repository/org/xmlunit/xmlunit-placeholders/2.9.1/xmlunit-placeholders-2.9.1.jar:/home/runner/.m2/repository/net/javacrumbs/json-unit/json-unit-core/2.38.0/json-unit-core-2.38.0.jar:/home/runner/.m2/repository/org/hamcrest/hamcrest-core/2.2/hamcrest-core-2.2.jar:/home/runner/.m2/repository/com/jayway/jsonpath/json-path/2.8.0/json-path-2.8.0.jar:/home/runner/.m2/repository/net/minidev/json-smart/2.4.10/json-smart-2.4.10.jar:/home/runner/.m2/repository/net/minidev/accessors-smart/2.4.9/accessors-smart-2.4.9.jar:/home/runner/.m2/repository/org/ow2/asm/asm/9.7.1/asm-9.7.1.jar:/home/runner/.m2/repository/net/sf/jopt-simple/jopt-simple/5.0.4/jopt-simple-5.0.4.jar:/home/runner/.m2/repository/com/github/jknack/handlebars/4.3.1/handlebars-4.3.1.jar:/home/runner/.m2/repository/com/github/jknack/handlebars-helpers/4.3.1/handlebars-helpers-4.3.1.jar:/home/runner/.m2/repository/commons-fileupload/commons-fileupload/1.5/commons-fileupload-1.5.jar:/home/runner/.m2/repository/com/networknt/json-schema-validator/1.5.8/json-schema-validator-1.5.8.jar:/home/runner/.m2/repository/com/ethlo/time/itu/1.10.3/itu-1.10.3.jar:/home/runner/.m2/repository/io/quarkus/quarkus-smallrye-jwt-build/3.20.2/quarkus-smallrye-jwt-build-3.20.2.jar:/home/runner/.m2/repository/io/smallrye/smallrye-jwt-build/4.6.2/smallrye-jwt-build-4.6.2.jar:/home/runner/.m2/repository/org/eclipse/microprofile/jwt/microprofile-jwt-auth-api/2.1/microprofile-jwt-auth-api-2.1.jar:/home/runner/.m2/repository/org/bitbucket/b_c/jose4j/0.9.6/jose4j-0.9.6.jar:/home/runner/.m2/repository/io/smallrye/smallrye-jwt-common/4.6.2/smallrye-jwt-common-4.6.2.jar:/home/runner/.m2/repository/io/quarkus/quarkus-jsonp/3.20.2/quarkus-jsonp-3.20.2.jar:/home/runner/.m2/repository/io/quarkus/quarkus-arc/3.20.2/quarkus-arc-3.20.2.jar:/home/runner/.m2/repository/io/quarkus/arc/arc/3.20.2/arc-3.20.2.jar:/home/runner/.m2/repository/jakarta/transaction/jakarta.transaction-api/2.0.1/jakarta.transaction-api-2.0.1.jar:/home/runner/.m2/repository/io/smallrye/reactive/mutiny/2.9.2/mutiny-2.9.2.jar:/home/runner/.m2/repository/org/jctools/jctools-core/4.0.5/jctools-core-4.0.5.jar:/home/runner/.m2/repository/org/eclipse/microprofile/context-propagation/microprofile-context-propagation-api/1.3/microprofile-context-propagation-api-1.3.jar:/home/runner/.m2/repository/io/apicurio/apicurio-common-rest-client-common/0.1.18.Final/apicurio-common-rest-client-common-0.1.18.Final.jar:/home/runner/work/apicurio-testing/apicurio-testing/clusters/ci419/namespaces/ksql043/tests/integration/apicurio-registry/utils/maven-plugin/target/apicurio-registry-maven-plugin-3.0.12-SNAPSHOT.jar:/home/runner/.m2/repository/com/fasterxml/jackson/core/jackson-databind/2.18.2/jackson-databind-2.18.2.jar:/home/runner/.m2/repository/org/apache/avro/avro/1.12.0/avro-1.12.0.jar:/home/runner/.m2/repository/com/google/protobuf/protobuf-java/4.31.1/protobuf-java-4.31.1.jar:/home/runner/.m2/repository/com/google/protobuf/protobuf-java-util/4.31.1/protobuf-java-util-4.31.1.jar:/home/runner/.m2/repository/com/google/code/findbugs/jsr305/3.0.2/jsr305-3.0.2.jar:/home/runner/.m2/repository/com/google/code/gson/gson/2.12.1/gson-2.12.1.jar:/home/runner/.m2/repository/com/google/errorprone/error_prone_annotations/2.36.0/error_prone_annotations-2.36.0.jar:/home/runner/.m2/repository/com/google/j2objc/j2objc-annotations/2.8/j2objc-annotations-2.8.jar:/home/runner/work/apicurio-testing/apicurio-testing/clusters/ci419/namespaces/ksql043/tests/integration/apicurio-registry/schema-util/util-provider/target/apicurio-registry-schema-util-provider-3.0.12-SNAPSHOT.jar:/home/runner/work/apicurio-testing/apicurio-testing/clusters/ci419/namespaces/ksql043/tests/integration/apicurio-registry/schema-util/common/target/apicurio-registry-schema-util-common-3.0.12-SNAPSHOT.jar:/home/runner/.m2/repository/com/fasterxml/jackson/module/jackson-module-parameter-names/2.18.2/jackson-module-parameter-names-2.18.2.jar:/home/runner/.m2/repository/com/fasterxml/jackson/datatype/jackson-datatype-json-org/2.18.2/jackson-datatype-json-org-2.18.2.jar:/home/runner/work/apicurio-testing/apicurio-testing/clusters/ci419/namespaces/ksql043/tests/integration/apicurio-registry/schema-util/json/target/apicurio-registry-schema-util-json-3.0.12-SNAPSHOT.jar:/home/runner/.m2/repository/com/github/erosb/everit-json-schema/1.14.5/everit-json-schema-1.14.5.jar:/home/runner/.m2/repository/commons-validator/commons-validator/1.9.0/commons-validator-1.9.0.jar:/home/runner/.m2/repository/commons-digester/commons-digester/2.1/commons-digester-2.1.jar:/home/runner/.m2/repository/commons-collections/commons-collections/3.2.2/commons-collections-3.2.2.jar:/home/runner/.m2/repository/com/damnhandy/handy-uri-templates/2.1.8/handy-uri-templates-2.1.8.jar:/home/runner/.m2/repository/joda-time/joda-time/2.10.2/joda-time-2.10.2.jar:/home/runner/.m2/repository/com/github/erosb/json-sKema/0.20.0/json-sKema-0.20.0.jar:/home/runner/.m2/repository/io/vertx/vertx-json-schema/4.5.16/vertx-json-schema-4.5.16.jar:/home/runner/work/apicurio-testing/apicurio-testing/clusters/ci419/namespaces/ksql043/tests/integration/apicurio-registry/schema-util/protobuf/target/apicurio-registry-schema-util-protobuf-3.0.12-SNAPSHOT.jar:/home/runner/work/apicurio-testing/apicurio-testing/clusters/ci419/namespaces/ksql043/tests/integration/apicurio-registry/utils/protobuf-schema-utilities/target/apicurio-registry-protobuf-schema-utilities-3.0.12-SNAPSHOT.jar:/home/runner/.m2/repository/com/google/api/grpc/proto-google-common-protos/2.52.0/proto-google-common-protos-2.52.0.jar:/home/runner/.m2/repository/com/squareup/wire/wire-schema-jvm/5.3.3/wire-schema-jvm-5.3.3.jar:/home/runner/.m2/repository/com/palantir/javapoet/javapoet/0.6.0/javapoet-0.6.0.jar:/home/runner/.m2/repository/com/squareup/kotlinpoet-jvm/2.0.0/kotlinpoet-jvm-2.0.0.jar:/home/runner/.m2/repository/org/jetbrains/kotlin/kotlin-reflect/2.0.21/kotlin-reflect-2.0.21.jar:/home/runner/.m2/repository/com/squareup/wire/wire-runtime-jvm/5.3.3/wire-runtime-jvm-5.3.3.jar:/home/runner/.m2/repository/com/ibm/icu/icu4j/76.1/icu4j-76.1.jar:/home/runner/.m2/repository/com/squareup/okio/okio-fakefilesystem/3.10.2/okio-fakefilesystem-3.10.2.jar:/home/runner/.m2/repository/com/squareup/okio/okio-fakefilesystem-jvm/3.10.2/okio-fakefilesystem-jvm-3.10.2.jar:/home/runner/.m2/repository/org/jetbrains/kotlinx/kotlinx-datetime-jvm/0.6.1/kotlinx-datetime-jvm-0.6.1.jar:/home/runner/work/apicurio-testing/apicurio-testing/clusters/ci419/namespaces/ksql043/tests/integration/apicurio-registry/schema-util/asyncapi/target/apicurio-registry-schema-util-asyncapi-3.0.12-SNAPSHOT.jar:/home/runner/work/apicurio-testing/apicurio-testing/clusters/ci419/namespaces/ksql043/tests/integration/apicurio-registry/schema-util/avro/target/apicurio-registry-schema-util-avro-3.0.12-SNAPSHOT.jar:/home/runner/work/apicurio-testing/apicurio-testing/clusters/ci419/namespaces/ksql043/tests/integration/apicurio-registry/schema-util/graphql/target/apicurio-registry-schema-util-graphql-3.0.12-SNAPSHOT.jar:/home/runner/.m2/repository/com/graphql-java/graphql-java/22.4/graphql-java-22.4.jar:/home/runner/.m2/repository/com/graphql-java/java-dataloader/3.3.0/java-dataloader-3.3.0.jar:/home/runner/work/apicurio-testing/apicurio-testing/clusters/ci419/namespaces/ksql043/tests/integration/apicurio-registry/schema-util/kconnect/target/apicurio-registry-schema-util-kconnect-3.0.12-SNAPSHOT.jar:/home/runner/work/apicurio-testing/apicurio-testing/clusters/ci419/namespaces/ksql043/tests/integration/apicurio-registry/schema-util/openapi/target/apicurio-registry-schema-util-openapi-3.0.12-SNAPSHOT.jar:/home/runner/.m2/repository/io/apicurio/apicurio-data-models/2.2.2/apicurio-data-models-2.2.2.jar:/home/runner/.m2/repository/org/openapitools/openapidiff/openapi-diff-core/2.1.2/openapi-diff-core-2.1.2.jar:/home/runner/.m2/repository/io/swagger/parser/v3/swagger-parser/2.1.28/swagger-parser-2.1.28.jar:/home/runner/.m2/repository/io/swagger/parser/v3/swagger-parser-v2-converter/2.1.28/swagger-parser-v2-converter-2.1.28.jar:/home/runner/.m2/repository/io/swagger/swagger-core/1.6.16/swagger-core-1.6.16.jar:/home/runner/.m2/repository/io/swagger/swagger-models/1.6.16/swagger-models-1.6.16.jar:/home/runner/.m2/repository/io/swagger/swagger-annotations/1.6.16/swagger-annotations-1.6.16.jar:/home/runner/.m2/repository/io/swagger/swagger-parser/1.0.75/swagger-parser-1.0.75.jar:/home/runner/.m2/repository/io/swagger/swagger-parser-safe-url-resolver/1.0.75/swagger-parser-safe-url-resolver-1.0.75.jar:/home/runner/.m2/repository/io/swagger/swagger-compat-spec-parser/1.0.75/swagger-compat-spec-parser-1.0.75.jar:/home/runner/.m2/repository/com/github/java-json-tools/json-schema-validator/2.2.14/json-schema-validator-2.2.14.jar:/home/runner/.m2/repository/com/github/java-json-tools/jackson-coreutils-equivalence/1.0/jackson-coreutils-equivalence-1.0.jar:/home/runner/.m2/repository/com/github/java-json-tools/json-schema-core/1.2.14/json-schema-core-1.2.14.jar:/home/runner/.m2/repository/com/github/java-json-tools/uri-template/0.10/uri-template-0.10.jar:/home/runner/.m2/repository/com/googlecode/libphonenumber/libphonenumber/8.11.1/libphonenumber-8.11.1.jar:/home/runner/.m2/repository/com/j2html/j2html/1.6.0/j2html-1.6.0.jar:/home/runner/.m2/repository/org/apache/commons/commons-collections4/4.5.0/commons-collections4-4.5.0.jar:/home/runner/.m2/repository/org/slf4j/jcl-over-slf4j/2.0.17/jcl-over-slf4j-2.0.17.jar:/home/runner/.m2/repository/io/swagger/parser/v3/swagger-parser-v3/2.1.31/swagger-parser-v3-2.1.31.jar:/home/runner/.m2/repository/io/swagger/core/v3/swagger-models/2.2.34/swagger-models-2.2.34.jar:/home/runner/.m2/repository/io/swagger/core/v3/swagger-core/2.2.34/swagger-core-2.2.34.jar:/home/runner/.m2/repository/io/swagger/parser/v3/swagger-parser-core/2.1.31/swagger-parser-core-2.1.31.jar:/home/runner/.m2/repository/io/swagger/parser/v3/swagger-parser-safe-url-resolver/2.1.31/swagger-parser-safe-url-resolver-2.1.31.jar:/home/runner/work/apicurio-testing/apicurio-testing/clusters/ci419/namespaces/ksql043/tests/integration/apicurio-registry/schema-util/wsdl/target/apicurio-registry-schema-util-wsdl-3.0.12-SNAPSHOT.jar:/home/runner/.m2/repository/wsdl4j/wsdl4j/1.6.3/wsdl4j-1.6.3.jar:/home/runner/work/apicurio-testing/apicurio-testing/clusters/ci419/namespaces/ksql043/tests/integration/apicurio-registry/schema-util/xml/target/apicurio-registry-schema-util-xml-3.0.12-SNAPSHOT.jar:/home/runner/.m2/repository/org/apache/santuario/xmlsec/4.0.4/xmlsec-4.0.4.jar:/home/runner/.m2/repository/com/fasterxml/woodstox/woodstox-core/7.1.1/woodstox-core-7.1.1.jar:/home/runner/.m2/repository/org/codehaus/woodstox/stax2-api/4.2.2/stax2-api-4.2.2.jar:/home/runner/work/apicurio-testing/apicurio-testing/clusters/ci419/namespaces/ksql043/tests/integration/apicurio-registry/schema-util/xsd/target/apicurio-registry-schema-util-xsd-3.0.12-SNAPSHOT.jar:/home/runner/work/apicurio-testing/apicurio-testing/clusters/ci419/namespaces/ksql043/tests/integration/apicurio-registry/serdes/kafka/jsonschema-serde/target/apicurio-registry-jsonschema-serde-kafka-3.0.12-SNAPSHOT.jar:/home/runner/work/apicurio-testing/apicurio-testing/clusters/ci419/namespaces/ksql043/tests/integration/apicurio-registry/serdes/kafka/serde-kafka-common/target/apicurio-registry-serde-kafka-common-3.0.12-SNAPSHOT.jar:/home/runner/work/apicurio-testing/apicurio-testing/clusters/ci419/namespaces/ksql043/tests/integration/apicurio-registry/serdes/generic/serde-common/target/apicurio-registry-serde-common-3.0.12-SNAPSHOT.jar:/home/runner/work/apicurio-testing/apicurio-testing/clusters/ci419/namespaces/ksql043/tests/integration/apicurio-registry/serdes/generic/serde-common-jsonschema/target/apicurio-registry-serde-common-jsonschema-3.0.12-SNAPSHOT.jar:/home/runner/.m2/repository/org/json/json/20250107/json-20250107.jar:/home/runner/work/apicurio-testing/apicurio-testing/clusters/ci419/namespaces/ksql043/tests/integration/apicurio-registry/serdes/kafka/avro-serde/target/apicurio-registry-avro-serde-kafka-3.0.12-SNAPSHOT.jar:/home/runner/work/apicurio-testing/apicurio-testing/clusters/ci419/namespaces/ksql043/tests/integration/apicurio-registry/serdes/generic/serde-common-avro/target/apicurio-registry-serde-common-avro-3.0.12-SNAPSHOT.jar:/home/runner/work/apicurio-testing/apicurio-testing/clusters/ci419/namespaces/ksql043/tests/integration/apicurio-registry/serdes/kafka/protobuf-serde/target/apicurio-registry-protobuf-serde-kafka-3.0.12-SNAPSHOT.jar:/home/runner/work/apicurio-testing/apicurio-testing/clusters/ci419/namespaces/ksql043/tests/integration/apicurio-registry/serdes/generic/serde-common-protobuf/target/apicurio-registry-serde-common-protobuf-3.0.12-SNAPSHOT.jar:/home/runner/.m2/repository/com/squareup/wire/wire-schema/5.3.3/wire-schema-5.3.3.jar:/home/runner/.m2/repository/com/squareup/wire/wire-runtime/5.3.3/wire-runtime-5.3.3.jar:/home/runner/work/apicurio-testing/apicurio-testing/clusters/ci419/namespaces/ksql043/tests/integration/apicurio-registry/serdes/pulsar/avro-serde/target/apicurio-registry-avro-serde-pulsar-3.0.12-SNAPSHOT.jar:/home/runner/.m2/repository/org/apache/pulsar/pulsar-functions-api/3.3.8/pulsar-functions-api-3.3.8.jar:/home/runner/work/apicurio-testing/apicurio-testing/clusters/ci419/namespaces/ksql043/tests/integration/apicurio-registry/serdes/nats/avro-serde/target/apicurio-registry-avro-serde-nats-3.0.12-SNAPSHOT.jar:/home/runner/.m2/repository/io/nats/jnats/2.21.4/jnats-2.21.4.jar:/home/runner/.m2/repository/org/bouncycastle/bcprov-lts8on/2.73.7/bcprov-lts8on-2.73.7.jar:/home/runner/.m2/repository/org/jetbrains/annotations/26.0.2/annotations-26.0.2.jar:/home/runner/work/apicurio-testing/apicurio-testing/clusters/ci419/namespaces/ksql043/tests/integration/apicurio-registry/utils/converter/target/apicurio-registry-utils-converter-3.0.12-SNAPSHOT.jar:/home/runner/work/apicurio-testing/apicurio-testing/clusters/ci419/namespaces/ksql043/tests/integration/apicurio-registry/schema-resolver/target/apicurio-registry-schema-resolver-3.0.12-SNAPSHOT.jar:/home/runner/.m2/repository/org/apache/kafka/connect-api/3.9.1/connect-api-3.9.1.jar:/home/runner/.m2/repository/javax/ws/rs/javax.ws.rs-api/2.1.1/javax.ws.rs-api-2.1.1.jar:/home/runner/.m2/repository/org/apache/kafka/connect-json/3.9.1/connect-json-3.9.1.jar:/home/runner/.m2/repository/com/fasterxml/jackson/datatype/jackson-datatype-jdk8/2.18.2/jackson-datatype-jdk8-2.18.2.jar:/home/runner/.m2/repository/com/fasterxml/jackson/module/jackson-module-afterburner/2.18.2/jackson-module-afterburner-2.18.2.jar:/home/runner/work/apicurio-testing/apicurio-testing/clusters/ci419/namespaces/ksql043/tests/integration/apicurio-registry/utils/kafka/target/apicurio-registry-utils-kafka-3.0.12-SNAPSHOT.jar:/home/runner/.m2/repository/org/apache/pulsar/pulsar-client/3.3.8/pulsar-client-3.3.8.jar:/home/runner/.m2/repository/org/apache/pulsar/pulsar-client-api/3.3.8/pulsar-client-api-3.3.8.jar:/home/runner/.m2/repository/org/apache/pulsar/pulsar-client-admin-api/3.3.8/pulsar-client-admin-api-3.3.8.jar:/home/runner/.m2/repository/org/apache/pulsar/bouncy-castle-bc/3.3.8/bouncy-castle-bc-3.3.8-pkg.jar:/home/runner/.m2/repository/org/bouncycastle/bcpkix-jdk18on/1.81/bcpkix-jdk18on-1.81.jar:/home/runner/.m2/repository/org/bouncycastle/bcutil-jdk18on/1.81/bcutil-jdk18on-1.81.jar:/home/runner/.m2/repository/org/bouncycastle/bcprov-jdk18on/1.81/bcprov-jdk18on-1.81.jar:/home/runner/.m2/repository/io/opentelemetry/opentelemetry-api/1.44.1/opentelemetry-api-1.44.1.jar:/home/runner/.m2/repository/io/opentelemetry/opentelemetry-context/1.44.1/opentelemetry-context-1.44.1.jar:/home/runner/.m2/repository/io/opentelemetry/opentelemetry-api-incubator/1.44.1-alpha/opentelemetry-api-incubator-1.44.1-alpha.jar:/home/runner/.m2/repository/com/fasterxml/jackson/core/jackson-annotations/2.18.2/jackson-annotations-2.18.2.jar:/home/runner/.m2/repository/javax/validation/validation-api/1.1.0.Final/validation-api-1.1.0.Final.jar:/home/runner/.m2/repository/org/jspecify/jspecify/1.0.0/jspecify-1.0.0.jar:/home/runner/.m2/repository/org/apache/commons/commons-configuration2/2.12.0/commons-configuration2-2.12.0.jar:/home/runner/.m2/repository/commons-logging/commons-logging/1.3.5/commons-logging-1.3.5.jar:/home/runner/.m2/repository/org/apache/commons/commons-text/1.13.0/commons-text-1.13.0.jar:/home/runner/.m2/repository/io/confluent/kafka-avro-serializer/8.0.0/kafka-avro-serializer-8.0.0.jar:/home/runner/.m2/repository/org/apache/commons/commons-compress/1.27.1/commons-compress-1.27.1.jar:/home/runner/.m2/repository/io/confluent/kafka-schema-serializer/8.0.0/kafka-schema-serializer-8.0.0.jar:/home/runner/.m2/repository/com/fasterxml/jackson/dataformat/jackson-dataformat-csv/2.18.2/jackson-dataformat-csv-2.18.2.jar:/home/runner/.m2/repository/io/confluent/kafka-schema-registry-client/8.0.0/kafka-schema-registry-client-8.0.0.jar:/home/runner/.m2/repository/org/yaml/snakeyaml/2.3/snakeyaml-2.3.jar:/home/runner/.m2/repository/io/swagger/core/v3/swagger-annotations/2.2.29/swagger-annotations-2.2.29.jar:/home/runner/.m2/repository/com/google/guava/guava/33.4.0-jre/guava-33.4.0-jre.jar:/home/runner/.m2/repository/com/google/guava/failureaccess/1.0.1/failureaccess-1.0.1.jar:/home/runner/.m2/repository/org/checkerframework/checker-qual/3.49.0/checker-qual-3.49.0.jar:/home/runner/.m2/repository/io/confluent/logredactor/1.0.13/logredactor-1.0.13.jar:/home/runner/.m2/repository/com/google/re2j/re2j/1.6/re2j-1.6.jar:/home/runner/.m2/repository/io/confluent/logredactor-metrics/1.0.13/logredactor-metrics-1.0.13.jar:/home/runner/.m2/repository/com/eclipsesource/minimal-json/minimal-json/0.9.5/minimal-json-0.9.5.jar:/home/runner/.m2/repository/io/confluent/common-utils/8.0.0/common-utils-8.0.0.jar:/home/runner/.m2/repository/io/confluent/kafka-connect-avro-converter/8.0.0/kafka-connect-avro-converter-8.0.0.jar:/home/runner/.m2/repository/io/confluent/kafka-connect-avro-data/8.0.0/kafka-connect-avro-data-8.0.0.jar:/home/runner/.m2/repository/io/confluent/kafka-schema-converter/8.0.0/kafka-schema-converter-8.0.0.jar:/home/runner/.m2/repository/io/rest-assured/rest-assured/5.5.1/rest-assured-5.5.1.jar:/home/runner/.m2/repository/org/apache/groovy/groovy/4.0.22/groovy-4.0.22.jar:/home/runner/.m2/repository/org/apache/groovy/groovy-xml/4.0.22/groovy-xml-4.0.22.jar:/home/runner/.m2/repository/org/apache/httpcomponents/httpclient/4.5.14/httpclient-4.5.14.jar:/home/runner/.m2/repository/org/apache/httpcomponents/httpcore/4.4.16/httpcore-4.4.16.jar:/home/runner/.m2/repository/org/apache/httpcomponents/httpmime/4.5.14/httpmime-4.5.14.jar:/home/runner/.m2/repository/org/hamcrest/hamcrest/2.2/hamcrest-2.2.jar:/home/runner/.m2/repository/org/ccil/cowan/tagsoup/tagsoup/1.2.1/tagsoup-1.2.1.jar:/home/runner/.m2/repository/io/rest-assured/json-path/5.5.1/json-path-5.5.1.jar:/home/runner/.m2/repository/org/apache/groovy/groovy-json/4.0.22/groovy-json-4.0.22.jar:/home/runner/.m2/repository/io/rest-assured/rest-assured-common/5.5.1/rest-assured-common-5.5.1.jar:/home/runner/.m2/repository/io/rest-assured/xml-path/5.5.1/xml-path-5.5.1.jar:/home/runner/.m2/repository/io/zonky/test/embedded-postgres/2.1.0/embedded-postgres-2.1.0.jar:/home/runner/.m2/repository/io/zonky/test/postgres/embedded-postgres-binaries-windows-amd64/14.15.0/embedded-postgres-binaries-windows-amd64-14.15.0.jar:/home/runner/.m2/repository/io/zonky/test/postgres/embedded-postgres-binaries-darwin-amd64/14.15.0/embedded-postgres-binaries-darwin-amd64-14.15.0.jar:/home/runner/.m2/repository/io/zonky/test/postgres/embedded-postgres-binaries-linux-amd64/14.15.0/embedded-postgres-binaries-linux-amd64-14.15.0.jar:/home/runner/.m2/repository/io/zonky/test/postgres/embedded-postgres-binaries-linux-amd64-alpine/14.15.0/embedded-postgres-binaries-linux-amd64-alpine-14.15.0.jar:/home/runner/.m2/repository/org/apache/commons/commons-lang3/3.17.0/commons-lang3-3.17.0.jar:/home/runner/.m2/repository/org/tukaani/xz/1.10/xz-1.10.jar:/home/runner/.m2/repository/commons-codec/commons-codec/1.19.0/commons-codec-1.19.0.jar:/home/runner/.m2/repository/org/postgresql/postgresql/42.7.7/postgresql-42.7.7.jar:/home/runner/.m2/repository/commons-io/commons-io/2.18.0/commons-io-2.18.0.jar:/home/runner/work/apicurio-testing/apicurio-testing/clusters/ci419/namespaces/ksql043/tests/integration/apicurio-registry/utils/importexport/target/apicurio-registry-utils-import-export-3.0.12-SNAPSHOT.jar:/home/runner/.m2/repository/io/vertx/vertx-core/4.5.16/vertx-core-4.5.16.jar:/home/runner/.m2/repository/io/netty/netty-common/4.1.121.Final/netty-common-4.1.121.Final.jar:/home/runner/.m2/repository/io/netty/netty-buffer/4.1.121.Final/netty-buffer-4.1.121.Final.jar:/home/runner/.m2/repository/io/netty/netty-transport/4.1.121.Final/netty-transport-4.1.121.Final.jar:/home/runner/.m2/repository/io/netty/netty-handler/4.1.121.Final/netty-handler-4.1.121.Final.jar:/home/runner/.m2/repository/io/netty/netty-transport-native-unix-common/4.1.121.Final/netty-transport-native-unix-common-4.1.121.Final.jar:/home/runner/.m2/repository/io/netty/netty-codec/4.1.121.Final/netty-codec-4.1.121.Final.jar:/home/runner/.m2/repository/io/netty/netty-handler-proxy/4.1.121.Final/netty-handler-proxy-4.1.121.Final.jar:/home/runner/.m2/repository/io/netty/netty-codec-socks/4.1.121.Final/netty-codec-socks-4.1.121.Final.jar:/home/runner/.m2/repository/io/netty/netty-codec-http/4.1.121.Final/netty-codec-http-4.1.121.Final.jar:/home/runner/.m2/repository/io/netty/netty-codec-http2/4.1.121.Final/netty-codec-http2-4.1.121.Final.jar:/home/runner/.m2/repository/io/netty/netty-resolver/4.1.121.Final/netty-resolver-4.1.121.Final.jar:/home/runner/.m2/repository/io/netty/netty-resolver-dns/4.1.121.Final/netty-resolver-dns-4.1.121.Final.jar:/home/runner/.m2/repository/io/netty/netty-codec-dns/4.1.121.Final/netty-codec-dns-4.1.121.Final.jar:/home/runner/.m2/repository/com/fasterxml/jackson/core/jackson-core/2.18.2/jackson-core-2.18.2.jar:"/>
    <property name="java.vm.vendor" value="Eclipse Adoptium"/>
    <property name="maven.javadoc.skip" value="true"/>
    <property name="sun.arch.data.model" value="64"/>
    <property name="java.vendor.url" value="https://adoptium.net/"/>
    <property name="user.timezone" value="Etc/UTC"/>
    <property name="os.name" value="Linux"/>
    <property name="java.vm.specification.version" value="17"/>
    <property name="sun.java.launcher" value="SUN_STANDARD"/>
    <property name="quarkus.http.test-port" value="80"/>
    <property name="sun.boot.library.path" value="/usr/lib/jvm/temurin-17-jdk-amd64/lib"/>
    <property name="sun.java.command" value="/home/runner/work/apicurio-testing/apicurio-testing/clusters/ci419/namespaces/ksql043/tests/integration/apicurio-registry/integration-tests/target/surefire/surefirebooter-20250807203451813_3.jar /home/runner/work/apicurio-testing/apicurio-testing/clusters/ci419/namespaces/ksql043/tests/integration/apicurio-registry/integration-tests/target/surefire 2025-08-07T20-34-51_708-jvmRun1 surefire-20250807203451813_1tmp surefire_0-20250807203451813_2tmp"/>
    <property name="maven.home" value="/home/runner/.m2/wrapper/dists/apache-maven-3.9.8-bin/4fnp1ql35bgk2a0p7m31ovbgb0/apache-maven-3.9.8"/>
    <property name="jdk.debug" value="release"/>
    <property name="surefire.test.class.path" value="/home/runner/work/apicurio-testing/apicurio-testing/clusters/ci419/namespaces/ksql043/tests/integration/apicurio-registry/integration-tests/target/test-classes:/home/runner/work/apicurio-testing/apicurio-testing/clusters/ci419/namespaces/ksql043/tests/integration/apicurio-registry/integration-tests/target/apicurio-registry-integration-tests-3.0.12-SNAPSHOT.jar:/home/runner/.m2/repository/io/quarkus/quarkus-junit5/3.20.2/quarkus-junit5-3.20.2.jar:/home/runner/.m2/repository/io/quarkus/quarkus-bootstrap-core/3.20.2/quarkus-bootstrap-core-3.20.2.jar:/home/runner/.m2/repository/io/quarkus/quarkus-classloader-commons/3.20.2/quarkus-classloader-commons-3.20.2.jar:/home/runner/.m2/repository/io/quarkus/quarkus-bootstrap-app-model/3.20.2/quarkus-bootstrap-app-model-3.20.2.jar:/home/runner/.m2/repository/io/smallrye/common/smallrye-common-io/2.12.0/smallrye-common-io-2.12.0.jar:/home/runner/.m2/repository/org/eclipse/sisu/org.eclipse.sisu.inject/0.9.0.M3/org.eclipse.sisu.inject-0.9.0.M3.jar:/home/runner/.m2/repository/io/quarkus/quarkus-test-common/3.20.2/quarkus-test-common-3.20.2.jar:/home/runner/.m2/repository/io/quarkus/quarkus-core-deployment/3.20.2/quarkus-core-deployment-3.20.2.jar:/home/runner/.m2/repository/org/aesh/readline/2.6/readline-2.6.jar:/home/runner/.m2/repository/org/fusesource/jansi/jansi/2.4.0/jansi-2.4.0.jar:/home/runner/.m2/repository/org/aesh/aesh/2.8.2/aesh-2.8.2.jar:/home/runner/.m2/repository/io/quarkus/gizmo/gizmo/1.8.0/gizmo-1.8.0.jar:/home/runner/.m2/repository/org/ow2/asm/asm-util/9.7.1/asm-util-9.7.1.jar:/home/runner/.m2/repository/org/ow2/asm/asm-analysis/9.7.1/asm-analysis-9.7.1.jar:/home/runner/.m2/repository/org/ow2/asm/asm-commons/9.7.1/asm-commons-9.7.1.jar:/home/runner/.m2/repository/org/ow2/asm/asm-tree/9.7.1/asm-tree-9.7.1.jar:/home/runner/.m2/repository/io/quarkus/quarkus-hibernate-validator-spi/3.20.2/quarkus-hibernate-validator-spi-3.20.2.jar:/home/runner/.m2/repository/io/quarkus/quarkus-class-change-agent/3.20.2/quarkus-class-change-agent-3.20.2.jar:/home/runner/.m2/repository/io/quarkus/quarkus-devtools-utilities/3.20.2/quarkus-devtools-utilities-3.20.2.jar:/home/runner/.m2/repository/io/quarkus/quarkus-builder/3.20.2/quarkus-builder-3.20.2.jar:/home/runner/.m2/repository/org/graalvm/sdk/nativeimage/23.1.2/nativeimage-23.1.2.jar:/home/runner/.m2/repository/org/graalvm/sdk/word/23.1.2/word-23.1.2.jar:/home/runner/.m2/repository/io/quarkus/quarkus-bootstrap-maven-resolver/3.20.2/quarkus-bootstrap-maven-resolver-3.20.2.jar:/home/runner/.m2/repository/io/smallrye/beanbag/smallrye-beanbag-maven/1.5.2/smallrye-beanbag-maven-1.5.2.jar:/home/runner/.m2/repository/io/smallrye/beanbag/smallrye-beanbag-sisu/1.5.2/smallrye-beanbag-sisu-1.5.2.jar:/home/runner/.m2/repository/io/smallrye/beanbag/smallrye-beanbag/1.5.2/smallrye-beanbag-1.5.2.jar:/home/runner/.m2/repository/javax/inject/javax.inject/1/javax.inject-1.jar:/home/runner/.m2/repository/org/apache/maven/maven-artifact/3.9.9/maven-artifact-3.9.9.jar:/home/runner/.m2/repository/org/apache/maven/maven-builder-support/3.9.9/maven-builder-support-3.9.9.jar:/home/runner/.m2/repository/org/apache/maven/maven-model/3.9.9/maven-model-3.9.9.jar:/home/runner/.m2/repository/org/apache/maven/maven-model-builder/3.9.9/maven-model-builder-3.9.9.jar:/home/runner/.m2/repository/org/apache/maven/maven-repository-metadata/3.9.9/maven-repository-metadata-3.9.9.jar:/home/runner/.m2/repository/org/apache/maven/maven-settings/3.9.9/maven-settings-3.9.9.jar:/home/runner/.m2/repository/org/apache/maven/resolver/maven-resolver-api/1.9.22/maven-resolver-api-1.9.22.jar:/home/runner/.m2/repository/org/apache/maven/resolver/maven-resolver-impl/1.9.22/maven-resolver-impl-1.9.22.jar:/home/runner/.m2/repository/org/apache/maven/resolver/maven-resolver-named-locks/1.9.22/maven-resolver-named-locks-1.9.22.jar:/home/runner/.m2/repository/org/apache/maven/resolver/maven-resolver-spi/1.9.22/maven-resolver-spi-1.9.22.jar:/home/runner/.m2/repository/org/apache/maven/resolver/maven-resolver-util/1.9.22/maven-resolver-util-1.9.22.jar:/home/runner/.m2/repository/org/apache/maven/resolver/maven-resolver-transport-http/1.9.20/maven-resolver-transport-http-1.9.20.jar:/home/runner/.m2/repository/org/apache/maven/wagon/wagon-provider-api/3.5.3/wagon-provider-api-3.5.3.jar:/home/runner/.m2/repository/org/apache/maven/wagon/wagon-http-shared/3.5.3/wagon-http-shared-3.5.3.jar:/home/runner/.m2/repository/org/codehaus/plexus/plexus-interpolation/1.26/plexus-interpolation-1.26.jar:/home/runner/.m2/repository/org/codehaus/plexus/plexus-utils/3.5.1/plexus-utils-3.5.1.jar:/home/runner/.m2/repository/org/codehaus/plexus/plexus-xml/4.0.1/plexus-xml-4.0.1.jar:/home/runner/.m2/repository/org/apache/maven/maven-xml-impl/4.0.0-alpha-5/maven-xml-impl-4.0.0-alpha-5.jar:/home/runner/.m2/repository/org/apache/maven/maven-api-xml/4.0.0-alpha-5/maven-api-xml-4.0.0-alpha-5.jar:/home/runner/.m2/repository/org/apache/maven/maven-api-meta/4.0.0-alpha-5/maven-api-meta-4.0.0-alpha-5.jar:/home/runner/.m2/repository/org/codehaus/plexus/plexus-cipher/2.0/plexus-cipher-2.0.jar:/home/runner/.m2/repository/org/codehaus/plexus/plexus-sec-dispatcher/2.0/plexus-sec-dispatcher-2.0.jar:/home/runner/.m2/repository/org/apache/maven/maven-embedder/3.9.9/maven-embedder-3.9.9.jar:/home/runner/.m2/repository/org/apache/maven/maven-core/3.9.9/maven-core-3.9.9.jar:/home/runner/.m2/repository/org/codehaus/plexus/plexus-component-annotations/2.1.0/plexus-component-annotations-2.1.0.jar:/home/runner/.m2/repository/org/apache/maven/maven-plugin-api/3.9.9/maven-plugin-api-3.9.9.jar:/home/runner/.m2/repository/org/apache/maven/shared/maven-shared-utils/3.4.2/maven-shared-utils-3.4.2.jar:/home/runner/.m2/repository/com/google/inject/guice/5.1.0/guice-5.1.0.jar:/home/runner/.m2/repository/aopalliance/aopalliance/1.0/aopalliance-1.0.jar:/home/runner/.m2/repository/org/codehaus/plexus/plexus-classworlds/2.6.0/plexus-classworlds-2.6.0.jar:/home/runner/.m2/repository/commons-cli/commons-cli/1.8.0/commons-cli-1.8.0.jar:/home/runner/.m2/repository/org/eclipse/sisu/org.eclipse.sisu.plexus/0.9.0.M3/org.eclipse.sisu.plexus-0.9.0.M3.jar:/home/runner/.m2/repository/org/apache/maven/maven-settings-builder/3.9.9/maven-settings-builder-3.9.9.jar:/home/runner/.m2/repository/org/apache/maven/maven-resolver-provider/3.9.9/maven-resolver-provider-3.9.9.jar:/home/runner/.m2/repository/org/apache/maven/resolver/maven-resolver-connector-basic/1.9.22/maven-resolver-connector-basic-1.9.22.jar:/home/runner/.m2/repository/org/apache/maven/resolver/maven-resolver-transport-wagon/1.9.22/maven-resolver-transport-wagon-1.9.22.jar:/home/runner/.m2/repository/org/apache/maven/wagon/wagon-http/3.5.3/wagon-http-3.5.3.jar:/home/runner/.m2/repository/org/apache/maven/wagon/wagon-file/3.5.3/wagon-file-3.5.3.jar:/home/runner/.m2/repository/io/quarkus/quarkus-bootstrap-gradle-resolver/3.20.2/quarkus-bootstrap-gradle-resolver-3.20.2.jar:/home/runner/.m2/repository/io/smallrye/jandex/3.3.0/jandex-3.3.0.jar:/home/runner/.m2/repository/org/jboss/logging/commons-logging-jboss-logging/1.0.0.Final/commons-logging-jboss-logging-1.0.0.Final.jar:/home/runner/.m2/repository/io/quarkus/quarkus-junit5-config/3.20.2/quarkus-junit5-config-3.20.2.jar:/home/runner/.m2/repository/org/junit/jupiter/junit-jupiter-api/5.12.1/junit-jupiter-api-5.12.1.jar:/home/runner/.m2/repository/io/smallrye/config/smallrye-config/3.11.4/smallrye-config-3.11.4.jar:/home/runner/.m2/repository/io/smallrye/config/smallrye-config-core/3.11.4/smallrye-config-core-3.11.4.jar:/home/runner/.m2/repository/io/smallrye/common/smallrye-common-classloader/2.12.0/smallrye-common-classloader-2.12.0.jar:/home/runner/.m2/repository/io/smallrye/config/smallrye-config-common/3.11.4/smallrye-config-common-3.11.4.jar:/home/runner/.m2/repository/org/junit/jupiter/junit-jupiter/5.12.1/junit-jupiter-5.12.1.jar:/home/runner/.m2/repository/org/junit/jupiter/junit-jupiter-params/5.12.1/junit-jupiter-params-5.12.1.jar:/home/runner/.m2/repository/org/junit/jupiter/junit-jupiter-engine/5.12.1/junit-jupiter-engine-5.12.1.jar:/home/runner/.m2/repository/io/quarkus/quarkus-core/3.20.2/quarkus-core-3.20.2.jar:/home/runner/.m2/repository/jakarta/enterprise/jakarta.enterprise.cdi-api/4.1.0/jakarta.enterprise.cdi-api-4.1.0.jar:/home/runner/.m2/repository/jakarta/enterprise/jakarta.enterprise.lang-model/4.1.0/jakarta.enterprise.lang-model-4.1.0.jar:/home/runner/.m2/repository/jakarta/el/jakarta.el-api/5.0.1/jakarta.el-api-5.0.1.jar:/home/runner/.m2/repository/jakarta/interceptor/jakarta.interceptor-api/2.2.0/jakarta.interceptor-api-2.2.0.jar:/home/runner/.m2/repository/jakarta/inject/jakarta.inject-api/2.0.1/jakarta.inject-api-2.0.1.jar:/home/runner/.m2/repository/io/smallrye/common/smallrye-common-os/2.12.0/smallrye-common-os-2.12.0.jar:/home/runner/.m2/repository/io/quarkus/quarkus-ide-launcher/3.20.2/quarkus-ide-launcher-3.20.2.jar:/home/runner/.m2/repository/io/quarkus/quarkus-development-mode-spi/3.20.2/quarkus-development-mode-spi-3.20.2.jar:/home/runner/.m2/repository/org/jboss/logging/jboss-logging/3.6.1.Final/jboss-logging-3.6.1.Final.jar:/home/runner/.m2/repository/org/jboss/logmanager/jboss-logmanager/3.1.2.Final/jboss-logmanager-3.1.2.Final.jar:/home/runner/.m2/repository/io/smallrye/common/smallrye-common-constraint/2.12.0/smallrye-common-constraint-2.12.0.jar:/home/runner/.m2/repository/io/smallrye/common/smallrye-common-cpu/2.12.0/smallrye-common-cpu-2.12.0.jar:/home/runner/.m2/repository/io/smallrye/common/smallrye-common-expression/2.12.0/smallrye-common-expression-2.12.0.jar:/home/runner/.m2/repository/io/smallrye/common/smallrye-common-net/2.12.0/smallrye-common-net-2.12.0.jar:/home/runner/.m2/repository/io/smallrye/common/smallrye-common-ref/2.12.0/smallrye-common-ref-2.12.0.jar:/home/runner/.m2/repository/jakarta/json/jakarta.json-api/2.1.3/jakarta.json-api-2.1.3.jar:/home/runner/.m2/repository/org/eclipse/parsson/parsson/1.1.7/parsson-1.1.7.jar:/home/runner/.m2/repository/org/jboss/logging/jboss-logging-annotations/3.0.4.Final/jboss-logging-annotations-3.0.4.Final.jar:/home/runner/.m2/repository/org/jboss/threads/jboss-threads/3.8.0.Final/jboss-threads-3.8.0.Final.jar:/home/runner/.m2/repository/io/smallrye/common/smallrye-common-annotation/2.12.0/smallrye-common-annotation-2.12.0.jar:/home/runner/.m2/repository/io/smallrye/common/smallrye-common-function/2.12.0/smallrye-common-function-2.12.0.jar:/home/runner/.m2/repository/org/jboss/slf4j/slf4j-jboss-logmanager/2.0.0.Final/slf4j-jboss-logmanager-2.0.0.Final.jar:/home/runner/.m2/repository/org/wildfly/common/wildfly-common/2.0.1/wildfly-common-2.0.1.jar:/home/runner/.m2/repository/io/quarkus/quarkus-bootstrap-runner/3.20.2/quarkus-bootstrap-runner-3.20.2.jar:/home/runner/.m2/repository/io/github/crac/org-crac/0.1.3/org-crac-0.1.3.jar:/home/runner/.m2/repository/io/quarkus/quarkus-fs-util/0.0.10/quarkus-fs-util-0.0.10.jar:/home/runner/.m2/repository/org/jboss/marshalling/jboss-marshalling/2.2.2.Final/jboss-marshalling-2.2.2.Final.jar:/home/runner/.m2/repository/io/fabric8/kubernetes-client/7.1.0/kubernetes-client-7.1.0.jar:/home/runner/.m2/repository/io/fabric8/kubernetes-client-api/7.1.0/kubernetes-client-api-7.1.0.jar:/home/runner/.m2/repository/io/fabric8/kubernetes-model-core/7.1.0/kubernetes-model-core-7.1.0.jar:/home/runner/.m2/repository/io/fabric8/kubernetes-model-common/7.1.0/kubernetes-model-common-7.1.0.jar:/home/runner/.m2/repository/javax/annotation/javax.annotation-api/1.3.2/javax.annotation-api-1.3.2.jar:/home/runner/.m2/repository/io/fabric8/kubernetes-model-gatewayapi/7.1.0/kubernetes-model-gatewayapi-7.1.0.jar:/home/runner/.m2/repository/io/fabric8/kubernetes-model-resource/7.1.0/kubernetes-model-resource-7.1.0.jar:/home/runner/.m2/repository/io/fabric8/kubernetes-model-rbac/7.1.0/kubernetes-model-rbac-7.1.0.jar:/home/runner/.m2/repository/io/fabric8/kubernetes-model-admissionregistration/7.1.0/kubernetes-model-admissionregistration-7.1.0.jar:/home/runner/.m2/repository/io/fabric8/kubernetes-model-apps/7.1.0/kubernetes-model-apps-7.1.0.jar:/home/runner/.m2/repository/io/fabric8/kubernetes-model-autoscaling/7.1.0/kubernetes-model-autoscaling-7.1.0.jar:/home/runner/.m2/repository/io/fabric8/kubernetes-model-apiextensions/7.1.0/kubernetes-model-apiextensions-7.1.0.jar:/home/runner/.m2/repository/io/fabric8/kubernetes-model-batch/7.1.0/kubernetes-model-batch-7.1.0.jar:/home/runner/.m2/repository/io/fabric8/kubernetes-model-certificates/7.1.0/kubernetes-model-certificates-7.1.0.jar:/home/runner/.m2/repository/io/fabric8/kubernetes-model-coordination/7.1.0/kubernetes-model-coordination-7.1.0.jar:/home/runner/.m2/repository/io/fabric8/kubernetes-model-discovery/7.1.0/kubernetes-model-discovery-7.1.0.jar:/home/runner/.m2/repository/io/fabric8/kubernetes-model-events/7.1.0/kubernetes-model-events-7.1.0.jar:/home/runner/.m2/repository/io/fabric8/kubernetes-model-extensions/7.1.0/kubernetes-model-extensions-7.1.0.jar:/home/runner/.m2/repository/io/fabric8/kubernetes-model-flowcontrol/7.1.0/kubernetes-model-flowcontrol-7.1.0.jar:/home/runner/.m2/repository/io/fabric8/kubernetes-model-networking/7.1.0/kubernetes-model-networking-7.1.0.jar:/home/runner/.m2/repository/io/fabric8/kubernetes-model-metrics/7.1.0/kubernetes-model-metrics-7.1.0.jar:/home/runner/.m2/repository/io/fabric8/kubernetes-model-policy/7.1.0/kubernetes-model-policy-7.1.0.jar:/home/runner/.m2/repository/io/fabric8/kubernetes-model-scheduling/7.1.0/kubernetes-model-scheduling-7.1.0.jar:/home/runner/.m2/repository/io/fabric8/kubernetes-model-storageclass/7.1.0/kubernetes-model-storageclass-7.1.0.jar:/home/runner/.m2/repository/io/fabric8/kubernetes-model-node/7.1.0/kubernetes-model-node-7.1.0.jar:/home/runner/.m2/repository/org/snakeyaml/snakeyaml-engine/2.9/snakeyaml-engine-2.9.jar:/home/runner/.m2/repository/com/fasterxml/jackson/dataformat/jackson-dataformat-yaml/2.18.2/jackson-dataformat-yaml-2.18.2.jar:/home/runner/.m2/repository/com/fasterxml/jackson/datatype/jackson-datatype-jsr310/2.18.2/jackson-datatype-jsr310-2.18.2.jar:/home/runner/.m2/repository/io/fabric8/zjsonpatch/7.1.0/zjsonpatch-7.1.0.jar:/home/runner/.m2/repository/io/fabric8/kubernetes-httpclient-vertx/7.1.0/kubernetes-httpclient-vertx-7.1.0.jar:/home/runner/.m2/repository/io/vertx/vertx-web-client/4.5.16/vertx-web-client-4.5.16.jar:/home/runner/.m2/repository/io/vertx/vertx-web-common/4.5.16/vertx-web-common-4.5.16.jar:/home/runner/.m2/repository/io/vertx/vertx-auth-common/4.5.16/vertx-auth-common-4.5.16.jar:/home/runner/.m2/repository/io/vertx/vertx-uri-template/4.5.16/vertx-uri-template-4.5.16.jar:/home/runner/.m2/repository/io/fabric8/openshift-client/7.1.0/openshift-client-7.1.0.jar:/home/runner/.m2/repository/io/fabric8/openshift-client-api/7.1.0/openshift-client-api-7.1.0.jar:/home/runner/.m2/repository/io/fabric8/openshift-model/7.1.0/openshift-model-7.1.0.jar:/home/runner/.m2/repository/io/fabric8/openshift-model-autoscaling/7.1.0/openshift-model-autoscaling-7.1.0.jar:/home/runner/.m2/repository/io/fabric8/openshift-model-operator/7.1.0/openshift-model-operator-7.1.0.jar:/home/runner/.m2/repository/io/fabric8/openshift-model-operatorhub/7.1.0/openshift-model-operatorhub-7.1.0.jar:/home/runner/.m2/repository/io/fabric8/openshift-model-machine/7.1.0/openshift-model-machine-7.1.0.jar:/home/runner/.m2/repository/io/fabric8/openshift-model-whereabouts/7.1.0/openshift-model-whereabouts-7.1.0.jar:/home/runner/.m2/repository/io/fabric8/openshift-model-monitoring/7.1.0/openshift-model-monitoring-7.1.0.jar:/home/runner/.m2/repository/io/fabric8/openshift-model-storageversionmigrator/7.1.0/openshift-model-storageversionmigrator-7.1.0.jar:/home/runner/.m2/repository/io/fabric8/openshift-model-tuned/7.1.0/openshift-model-tuned-7.1.0.jar:/home/runner/.m2/repository/io/fabric8/openshift-model-console/7.1.0/openshift-model-console-7.1.0.jar:/home/runner/.m2/repository/io/fabric8/openshift-model-config/7.1.0/openshift-model-config-7.1.0.jar:/home/runner/.m2/repository/io/fabric8/openshift-model-machineconfiguration/7.1.0/openshift-model-machineconfiguration-7.1.0.jar:/home/runner/.m2/repository/io/fabric8/openshift-model-miscellaneous/7.1.0/openshift-model-miscellaneous-7.1.0.jar:/home/runner/.m2/repository/io/fabric8/openshift-model-hive/7.1.0/openshift-model-hive-7.1.0.jar:/home/runner/.m2/repository/io/fabric8/openshift-model-installer/7.1.0/openshift-model-installer-7.1.0.jar:/home/runner/.m2/repository/org/junit/platform/junit-platform-launcher/1.12.1/junit-platform-launcher-1.12.1.jar:/home/runner/.m2/repository/org/junit/platform/junit-platform-engine/1.12.1/junit-platform-engine-1.12.1.jar:/home/runner/.m2/repository/org/opentest4j/opentest4j/1.3.0/opentest4j-1.3.0.jar:/home/runner/.m2/repository/org/junit/platform/junit-platform-commons/1.12.1/junit-platform-commons-1.12.1.jar:/home/runner/.m2/repository/org/apiguardian/apiguardian-api/1.1.2/apiguardian-api-1.1.2.jar:/home/runner/.m2/repository/jakarta/ws/rs/jakarta.ws.rs-api/3.1.0/jakarta.ws.rs-api-3.1.0.jar:/home/runner/work/apicurio-testing/apicurio-testing/clusters/ci419/namespaces/ksql043/tests/integration/apicurio-registry/java-sdk/target/apicurio-registry-java-sdk-3.0.12-SNAPSHOT.jar:/home/runner/.m2/repository/com/microsoft/kiota/microsoft-kiota-abstractions/1.8.8/microsoft-kiota-abstractions-1.8.8.jar:/home/runner/.m2/repository/io/github/std-uritemplate/std-uritemplate/2.0.0/std-uritemplate-2.0.0.jar:/home/runner/.m2/repository/io/kiota/kiota-http-jdk/0.0.29/kiota-http-jdk-0.0.29.jar:/home/runner/.m2/repository/io/kiota/kiota-http-vertx/0.0.29/kiota-http-vertx-0.0.29.jar:/home/runner/.m2/repository/io/kiota/kiota-serialization-jackson/0.0.29/kiota-serialization-jackson-0.0.29.jar:/home/runner/.m2/repository/com/microsoft/kiota/microsoft-kiota-serialization-text/1.8.8/microsoft-kiota-serialization-text-1.8.8.jar:/home/runner/.m2/repository/com/microsoft/kiota/microsoft-kiota-serialization-form/1.8.8/microsoft-kiota-serialization-form-1.8.8.jar:/home/runner/.m2/repository/com/microsoft/kiota/microsoft-kiota-serialization-multipart/1.8.8/microsoft-kiota-serialization-multipart-1.8.8.jar:/home/runner/.m2/repository/jakarta/annotation/jakarta.annotation-api/3.0.0/jakarta.annotation-api-3.0.0.jar:/home/runner/.m2/repository/io/vertx/vertx-auth-oauth2/4.5.16/vertx-auth-oauth2-4.5.16.jar:/home/runner/work/apicurio-testing/apicurio-testing/clusters/ci419/namespaces/ksql043/tests/integration/apicurio-registry/java-sdk-v2/target/apicurio-registry-v2-java-sdk-3.0.12-SNAPSHOT.jar:/home/runner/work/apicurio-testing/apicurio-testing/clusters/ci419/namespaces/ksql043/tests/integration/apicurio-registry/utils/kafka/target/apicurio-registry-utils-kafka-3.0.12-SNAPSHOT-tests.jar:/home/runner/.m2/repository/org/eclipse/microprofile/config/microprofile-config-api/3.1/microprofile-config-api-3.1.jar:/home/runner/.m2/repository/org/apache/kafka/kafka-clients/3.9.1/kafka-clients-3.9.1.jar:/home/runner/.m2/repository/com/github/luben/zstd-jni/1.5.6-4/zstd-jni-1.5.6-4.jar:/home/runner/.m2/repository/org/lz4/lz4-java/1.8.0/lz4-java-1.8.0.jar:/home/runner/.m2/repository/org/xerial/snappy/snappy-java/1.1.10.5/snappy-java-1.1.10.5.jar:/home/runner/.m2/repository/org/slf4j/slf4j-api/2.0.6/slf4j-api-2.0.6.jar:/home/runner/work/apicurio-testing/apicurio-testing/clusters/ci419/namespaces/ksql043/tests/integration/apicurio-registry/utils/tests/target/apicurio-registry-utils-tests-3.0.12-SNAPSHOT.jar:/home/runner/work/apicurio-testing/apicurio-testing/clusters/ci419/namespaces/ksql043/tests/integration/apicurio-registry/common/target/apicurio-registry-common-3.0.12-SNAPSHOT.jar:/home/runner/.m2/repository/jakarta/validation/jakarta.validation-api/3.0.2/jakarta.validation-api-3.0.2.jar:/home/runner/.m2/repository/com/github/dasniko/testcontainers-keycloak/3.8.0/testcontainers-keycloak-3.8.0.jar:/home/runner/.m2/repository/org/testcontainers/testcontainers/1.20.6/testcontainers-1.20.6.jar:/home/runner/.m2/repository/org/rnorth/duct-tape/duct-tape/1.0.8/duct-tape-1.0.8.jar:/home/runner/.m2/repository/com/github/docker-java/docker-java-transport-zerodep/3.4.1/docker-java-transport-zerodep-3.4.1.jar:/home/runner/.m2/repository/com/github/docker-java/docker-java-transport/3.4.1/docker-java-transport-3.4.1.jar:/home/runner/.m2/repository/net/java/dev/jna/jna/5.8.0/jna-5.8.0.jar:/home/runner/.m2/repository/io/quarkus/quarkus-junit4-mock/3.20.2/quarkus-junit4-mock-3.20.2.jar:/home/runner/.m2/repository/org/jboss/shrinkwrap/shrinkwrap-api/2.0.0-beta-2/shrinkwrap-api-2.0.0-beta-2.jar:/home/runner/.m2/repository/org/jboss/shrinkwrap/shrinkwrap-impl-base/2.0.0-beta-2/shrinkwrap-impl-base-2.0.0-beta-2.jar:/home/runner/.m2/repository/org/jboss/shrinkwrap/shrinkwrap-spi/2.0.0-beta-2/shrinkwrap-spi-2.0.0-beta-2.jar:/home/runner/.m2/repository/org/keycloak/keycloak-admin-client/26.0.4/keycloak-admin-client-26.0.4.jar:/home/runner/.m2/repository/org/keycloak/keycloak-client-common-synced/26.0.4/keycloak-client-common-synced-26.0.4.jar:/home/runner/.m2/repository/jakarta/activation/jakarta.activation-api/2.1.3/jakarta.activation-api-2.1.3.jar:/home/runner/.m2/repository/org/eclipse/microprofile/openapi/microprofile-openapi-api/4.0.2/microprofile-openapi-api-4.0.2.jar:/home/runner/.m2/repository/org/jboss/resteasy/resteasy-client/6.2.12.Final/resteasy-client-6.2.12.Final.jar:/home/runner/.m2/repository/org/jboss/resteasy/resteasy-client-api/6.2.12.Final/resteasy-client-api-6.2.12.Final.jar:/home/runner/.m2/repository/org/jboss/resteasy/resteasy-core-spi/6.2.12.Final/resteasy-core-spi-6.2.12.Final.jar:/home/runner/.m2/repository/org/jboss/resteasy/resteasy-core/6.2.12.Final/resteasy-core-6.2.12.Final.jar:/home/runner/.m2/repository/org/eclipse/angus/angus-activation/2.0.2/angus-activation-2.0.2.jar:/home/runner/.m2/repository/com/ibm/async/asyncutil/0.1.0/asyncutil-0.1.0.jar:/home/runner/.m2/repository/org/reactivestreams/reactive-streams/1.0.4/reactive-streams-1.0.4.jar:/home/runner/.m2/repository/org/jboss/resteasy/resteasy-multipart-provider/6.2.12.Final/resteasy-multipart-provider-6.2.12.Final.jar:/home/runner/.m2/repository/jakarta/mail/jakarta.mail-api/2.1.3/jakarta.mail-api-2.1.3.jar:/home/runner/.m2/repository/org/eclipse/angus/angus-mail/2.0.3/angus-mail-2.0.3.jar:/home/runner/.m2/repository/org/apache/james/apache-mime4j-dom/0.8.12/apache-mime4j-dom-0.8.12.jar:/home/runner/.m2/repository/org/apache/james/apache-mime4j-core/0.8.12/apache-mime4j-core-0.8.12.jar:/home/runner/.m2/repository/org/apache/james/apache-mime4j-storage/0.8.12/apache-mime4j-storage-0.8.12.jar:/home/runner/.m2/repository/org/jboss/resteasy/resteasy-jackson2-provider/6.2.12.Final/resteasy-jackson2-provider-6.2.12.Final.jar:/home/runner/.m2/repository/com/fasterxml/jackson/jakarta/rs/jackson-jakarta-rs-base/2.18.2/jackson-jakarta-rs-base-2.18.2.jar:/home/runner/.m2/repository/com/fasterxml/jackson/jakarta/rs/jackson-jakarta-rs-json-provider/2.18.2/jackson-jakarta-rs-json-provider-2.18.2.jar:/home/runner/.m2/repository/com/fasterxml/jackson/module/jackson-module-jakarta-xmlbind-annotations/2.18.2/jackson-module-jakarta-xmlbind-annotations-2.18.2.jar:/home/runner/.m2/repository/com/github/java-json-tools/json-patch/1.13/json-patch-1.13.jar:/home/runner/.m2/repository/com/github/java-json-tools/msg-simple/1.2/msg-simple-1.2.jar:/home/runner/.m2/repository/com/github/java-json-tools/btf/1.3/btf-1.3.jar:/home/runner/.m2/repository/com/github/java-json-tools/jackson-coreutils/2.0/jackson-coreutils-2.0.jar:/home/runner/.m2/repository/org/jboss/resteasy/resteasy-jaxb-provider/6.2.12.Final/resteasy-jaxb-provider-6.2.12.Final.jar:/home/runner/.m2/repository/org/glassfish/jaxb/codemodel/4.0.5/codemodel-4.0.5.jar:/home/runner/.m2/repository/org/glassfish/jaxb/jaxb-core/4.0.5/jaxb-core-4.0.5.jar:/home/runner/.m2/repository/org/glassfish/jaxb/jaxb-jxc/4.0.5/jaxb-jxc-4.0.5.jar:/home/runner/.m2/repository/org/glassfish/jaxb/jaxb-runtime/4.0.5/jaxb-runtime-4.0.5.jar:/home/runner/.m2/repository/org/glassfish/jaxb/txw2/4.0.5/txw2-4.0.5.jar:/home/runner/.m2/repository/org/glassfish/jaxb/jaxb-xjc/4.0.5/jaxb-xjc-4.0.5.jar:/home/runner/.m2/repository/org/glassfish/jaxb/xsom/4.0.5/xsom-4.0.5.jar:/home/runner/.m2/repository/com/sun/istack/istack-commons-runtime/4.1.2/istack-commons-runtime-4.1.2.jar:/home/runner/.m2/repository/com/sun/istack/istack-commons-tools/4.1.2/istack-commons-tools-4.1.2.jar:/home/runner/.m2/repository/com/sun/xml/bind/external/relaxng-datatype/4.0.5/relaxng-datatype-4.0.5.jar:/home/runner/.m2/repository/com/sun/xml/bind/external/rngom/4.0.5/rngom-4.0.5.jar:/home/runner/.m2/repository/org/testcontainers/mssqlserver/1.20.6/mssqlserver-1.20.6.jar:/home/runner/.m2/repository/org/testcontainers/jdbc/1.20.6/jdbc-1.20.6.jar:/home/runner/.m2/repository/org/testcontainers/database-commons/1.20.6/database-commons-1.20.6.jar:/home/runner/.m2/repository/org/testcontainers/mysql/1.20.6/mysql-1.20.6.jar:/home/runner/.m2/repository/io/strimzi/strimzi-test-container/0.111.0/strimzi-test-container-0.111.0.jar:/home/runner/.m2/repository/org/testcontainers/toxiproxy/1.20.6/toxiproxy-1.20.6.jar:/home/runner/.m2/repository/com/github/docker-java/docker-java-api/3.4.1/docker-java-api-3.4.1.jar:/home/runner/.m2/repository/org/apache/logging/log4j/log4j-slf4j-impl/2.19.0/log4j-slf4j-impl-2.19.0.jar:/home/runner/.m2/repository/org/apache/logging/log4j/log4j-api/2.24.3/log4j-api-2.24.3.jar:/home/runner/.m2/repository/org/apache/logging/log4j/log4j-core/2.19.0/log4j-core-2.19.0.jar:/home/runner/.m2/repository/eu/rekawek/toxiproxy/toxiproxy-java/2.1.7/toxiproxy-java-2.1.7.jar:/home/runner/.m2/repository/org/testcontainers/pulsar/1.21.3/pulsar-1.21.3.jar:/home/runner/.m2/repository/io/debezium/debezium-testing-testcontainers/2.7.4.Final/debezium-testing-testcontainers-2.7.4.Final.jar:/home/runner/.m2/repository/org/testcontainers/kafka/1.20.6/kafka-1.20.6.jar:/home/runner/.m2/repository/com/squareup/okhttp3/okhttp/4.8.1/okhttp-4.8.1.jar:/home/runner/.m2/repository/com/squareup/okio/okio/3.10.2/okio-3.10.2.jar:/home/runner/.m2/repository/com/squareup/okio/okio-jvm/3.10.2/okio-jvm-3.10.2.jar:/home/runner/.m2/repository/org/jetbrains/kotlin/kotlin-stdlib/2.0.21/kotlin-stdlib-2.0.21.jar:/home/runner/.m2/repository/org/awaitility/awaitility/4.3.0/awaitility-4.3.0.jar:/home/runner/.m2/repository/org/testcontainers/mongodb/1.20.6/mongodb-1.20.6.jar:/home/runner/.m2/repository/org/testcontainers/mariadb/1.20.6/mariadb-1.20.6.jar:/home/runner/.m2/repository/org/testcontainers/oracle-xe/1.20.6/oracle-xe-1.20.6.jar:/home/runner/.m2/repository/org/testcontainers/postgresql/1.20.6/postgresql-1.20.6.jar:/home/runner/.m2/repository/org/wiremock/wiremock/3.0.1/wiremock-3.0.1.jar:/home/runner/.m2/repository/org/eclipse/jetty/jetty-server/11.0.15/jetty-server-11.0.15.jar:/home/runner/.m2/repository/org/eclipse/jetty/toolchain/jetty-jakarta-servlet-api/5.0.2/jetty-jakarta-servlet-api-5.0.2.jar:/home/runner/.m2/repository/org/eclipse/jetty/jetty-http/11.0.15/jetty-http-11.0.15.jar:/home/runner/.m2/repository/org/eclipse/jetty/jetty-io/11.0.15/jetty-io-11.0.15.jar:/home/runner/.m2/repository/org/eclipse/jetty/jetty-servlet/11.0.15/jetty-servlet-11.0.15.jar:/home/runner/.m2/repository/org/eclipse/jetty/jetty-security/11.0.15/jetty-security-11.0.15.jar:/home/runner/.m2/repository/org/eclipse/jetty/jetty-servlets/11.0.15/jetty-servlets-11.0.15.jar:/home/runner/.m2/repository/org/eclipse/jetty/jetty-util/11.0.15/jetty-util-11.0.15.jar:/home/runner/.m2/repository/org/eclipse/jetty/jetty-webapp/11.0.15/jetty-webapp-11.0.15.jar:/home/runner/.m2/repository/org/eclipse/jetty/jetty-xml/11.0.15/jetty-xml-11.0.15.jar:/home/runner/.m2/repository/org/eclipse/jetty/jetty-proxy/11.0.15/jetty-proxy-11.0.15.jar:/home/runner/.m2/repository/org/eclipse/jetty/jetty-client/11.0.15/jetty-client-11.0.15.jar:/home/runner/.m2/repository/org/eclipse/jetty/http2/http2-server/11.0.15/http2-server-11.0.15.jar:/home/runner/.m2/repository/org/eclipse/jetty/http2/http2-common/11.0.15/http2-common-11.0.15.jar:/home/runner/.m2/repository/org/eclipse/jetty/http2/http2-hpack/11.0.15/http2-hpack-11.0.15.jar:/home/runner/.m2/repository/org/eclipse/jetty/jetty-alpn-server/11.0.15/jetty-alpn-server-11.0.15.jar:/home/runner/.m2/repository/org/eclipse/jetty/jetty-alpn-java-server/11.0.15/jetty-alpn-java-server-11.0.15.jar:/home/runner/.m2/repository/org/eclipse/jetty/jetty-alpn-java-client/11.0.15/jetty-alpn-java-client-11.0.15.jar:/home/runner/.m2/repository/org/eclipse/jetty/jetty-alpn-client/11.0.15/jetty-alpn-client-11.0.15.jar:/home/runner/.m2/repository/org/apache/httpcomponents/client5/httpclient5/5.2.1/httpclient5-5.2.1.jar:/home/runner/.m2/repository/org/apache/httpcomponents/core5/httpcore5/5.2/httpcore5-5.2.jar:/home/runner/.m2/repository/org/apache/httpcomponents/core5/httpcore5-h2/5.2/httpcore5-h2-5.2.jar:/home/runner/.m2/repository/org/xmlunit/xmlunit-core/2.9.1/xmlunit-core-2.9.1.jar:/home/runner/.m2/repository/jakarta/xml/bind/jakarta.xml.bind-api/4.0.2/jakarta.xml.bind-api-4.0.2.jar:/home/runner/.m2/repository/org/xmlunit/xmlunit-legacy/2.9.1/xmlunit-legacy-2.9.1.jar:/home/runner/.m2/repository/org/xmlunit/xmlunit-placeholders/2.9.1/xmlunit-placeholders-2.9.1.jar:/home/runner/.m2/repository/net/javacrumbs/json-unit/json-unit-core/2.38.0/json-unit-core-2.38.0.jar:/home/runner/.m2/repository/org/hamcrest/hamcrest-core/2.2/hamcrest-core-2.2.jar:/home/runner/.m2/repository/com/jayway/jsonpath/json-path/2.8.0/json-path-2.8.0.jar:/home/runner/.m2/repository/net/minidev/json-smart/2.4.10/json-smart-2.4.10.jar:/home/runner/.m2/repository/net/minidev/accessors-smart/2.4.9/accessors-smart-2.4.9.jar:/home/runner/.m2/repository/org/ow2/asm/asm/9.7.1/asm-9.7.1.jar:/home/runner/.m2/repository/net/sf/jopt-simple/jopt-simple/5.0.4/jopt-simple-5.0.4.jar:/home/runner/.m2/repository/com/github/jknack/handlebars/4.3.1/handlebars-4.3.1.jar:/home/runner/.m2/repository/com/github/jknack/handlebars-helpers/4.3.1/handlebars-helpers-4.3.1.jar:/home/runner/.m2/repository/commons-fileupload/commons-fileupload/1.5/commons-fileupload-1.5.jar:/home/runner/.m2/repository/com/networknt/json-schema-validator/1.5.8/json-schema-validator-1.5.8.jar:/home/runner/.m2/repository/com/ethlo/time/itu/1.10.3/itu-1.10.3.jar:/home/runner/.m2/repository/io/quarkus/quarkus-smallrye-jwt-build/3.20.2/quarkus-smallrye-jwt-build-3.20.2.jar:/home/runner/.m2/repository/io/smallrye/smallrye-jwt-build/4.6.2/smallrye-jwt-build-4.6.2.jar:/home/runner/.m2/repository/org/eclipse/microprofile/jwt/microprofile-jwt-auth-api/2.1/microprofile-jwt-auth-api-2.1.jar:/home/runner/.m2/repository/org/bitbucket/b_c/jose4j/0.9.6/jose4j-0.9.6.jar:/home/runner/.m2/repository/io/smallrye/smallrye-jwt-common/4.6.2/smallrye-jwt-common-4.6.2.jar:/home/runner/.m2/repository/io/quarkus/quarkus-jsonp/3.20.2/quarkus-jsonp-3.20.2.jar:/home/runner/.m2/repository/io/quarkus/quarkus-arc/3.20.2/quarkus-arc-3.20.2.jar:/home/runner/.m2/repository/io/quarkus/arc/arc/3.20.2/arc-3.20.2.jar:/home/runner/.m2/repository/jakarta/transaction/jakarta.transaction-api/2.0.1/jakarta.transaction-api-2.0.1.jar:/home/runner/.m2/repository/io/smallrye/reactive/mutiny/2.9.2/mutiny-2.9.2.jar:/home/runner/.m2/repository/org/jctools/jctools-core/4.0.5/jctools-core-4.0.5.jar:/home/runner/.m2/repository/org/eclipse/microprofile/context-propagation/microprofile-context-propagation-api/1.3/microprofile-context-propagation-api-1.3.jar:/home/runner/.m2/repository/io/apicurio/apicurio-common-rest-client-common/0.1.18.Final/apicurio-common-rest-client-common-0.1.18.Final.jar:/home/runner/work/apicurio-testing/apicurio-testing/clusters/ci419/namespaces/ksql043/tests/integration/apicurio-registry/utils/maven-plugin/target/apicurio-registry-maven-plugin-3.0.12-SNAPSHOT.jar:/home/runner/.m2/repository/com/fasterxml/jackson/core/jackson-databind/2.18.2/jackson-databind-2.18.2.jar:/home/runner/.m2/repository/org/apache/avro/avro/1.12.0/avro-1.12.0.jar:/home/runner/.m2/repository/com/google/protobuf/protobuf-java/4.31.1/protobuf-java-4.31.1.jar:/home/runner/.m2/repository/com/google/protobuf/protobuf-java-util/4.31.1/protobuf-java-util-4.31.1.jar:/home/runner/.m2/repository/com/google/code/findbugs/jsr305/3.0.2/jsr305-3.0.2.jar:/home/runner/.m2/repository/com/google/code/gson/gson/2.12.1/gson-2.12.1.jar:/home/runner/.m2/repository/com/google/errorprone/error_prone_annotations/2.36.0/error_prone_annotations-2.36.0.jar:/home/runner/.m2/repository/com/google/j2objc/j2objc-annotations/2.8/j2objc-annotations-2.8.jar:/home/runner/work/apicurio-testing/apicurio-testing/clusters/ci419/namespaces/ksql043/tests/integration/apicurio-registry/schema-util/util-provider/target/apicurio-registry-schema-util-provider-3.0.12-SNAPSHOT.jar:/home/runner/work/apicurio-testing/apicurio-testing/clusters/ci419/namespaces/ksql043/tests/integration/apicurio-registry/schema-util/common/target/apicurio-registry-schema-util-common-3.0.12-SNAPSHOT.jar:/home/runner/.m2/repository/com/fasterxml/jackson/module/jackson-module-parameter-names/2.18.2/jackson-module-parameter-names-2.18.2.jar:/home/runner/.m2/repository/com/fasterxml/jackson/datatype/jackson-datatype-json-org/2.18.2/jackson-datatype-json-org-2.18.2.jar:/home/runner/work/apicurio-testing/apicurio-testing/clusters/ci419/namespaces/ksql043/tests/integration/apicurio-registry/schema-util/json/target/apicurio-registry-schema-util-json-3.0.12-SNAPSHOT.jar:/home/runner/.m2/repository/com/github/erosb/everit-json-schema/1.14.5/everit-json-schema-1.14.5.jar:/home/runner/.m2/repository/commons-validator/commons-validator/1.9.0/commons-validator-1.9.0.jar:/home/runner/.m2/repository/commons-digester/commons-digester/2.1/commons-digester-2.1.jar:/home/runner/.m2/repository/commons-collections/commons-collections/3.2.2/commons-collections-3.2.2.jar:/home/runner/.m2/repository/com/damnhandy/handy-uri-templates/2.1.8/handy-uri-templates-2.1.8.jar:/home/runner/.m2/repository/joda-time/joda-time/2.10.2/joda-time-2.10.2.jar:/home/runner/.m2/repository/com/github/erosb/json-sKema/0.20.0/json-sKema-0.20.0.jar:/home/runner/.m2/repository/io/vertx/vertx-json-schema/4.5.16/vertx-json-schema-4.5.16.jar:/home/runner/work/apicurio-testing/apicurio-testing/clusters/ci419/namespaces/ksql043/tests/integration/apicurio-registry/schema-util/protobuf/target/apicurio-registry-schema-util-protobuf-3.0.12-SNAPSHOT.jar:/home/runner/work/apicurio-testing/apicurio-testing/clusters/ci419/namespaces/ksql043/tests/integration/apicurio-registry/utils/protobuf-schema-utilities/target/apicurio-registry-protobuf-schema-utilities-3.0.12-SNAPSHOT.jar:/home/runner/.m2/repository/com/google/api/grpc/proto-google-common-protos/2.52.0/proto-google-common-protos-2.52.0.jar:/home/runner/.m2/repository/com/squareup/wire/wire-schema-jvm/5.3.3/wire-schema-jvm-5.3.3.jar:/home/runner/.m2/repository/com/palantir/javapoet/javapoet/0.6.0/javapoet-0.6.0.jar:/home/runner/.m2/repository/com/squareup/kotlinpoet-jvm/2.0.0/kotlinpoet-jvm-2.0.0.jar:/home/runner/.m2/repository/org/jetbrains/kotlin/kotlin-reflect/2.0.21/kotlin-reflect-2.0.21.jar:/home/runner/.m2/repository/com/squareup/wire/wire-runtime-jvm/5.3.3/wire-runtime-jvm-5.3.3.jar:/home/runner/.m2/repository/com/ibm/icu/icu4j/76.1/icu4j-76.1.jar:/home/runner/.m2/repository/com/squareup/okio/okio-fakefilesystem/3.10.2/okio-fakefilesystem-3.10.2.jar:/home/runner/.m2/repository/com/squareup/okio/okio-fakefilesystem-jvm/3.10.2/okio-fakefilesystem-jvm-3.10.2.jar:/home/runner/.m2/repository/org/jetbrains/kotlinx/kotlinx-datetime-jvm/0.6.1/kotlinx-datetime-jvm-0.6.1.jar:/home/runner/work/apicurio-testing/apicurio-testing/clusters/ci419/namespaces/ksql043/tests/integration/apicurio-registry/schema-util/asyncapi/target/apicurio-registry-schema-util-asyncapi-3.0.12-SNAPSHOT.jar:/home/runner/work/apicurio-testing/apicurio-testing/clusters/ci419/namespaces/ksql043/tests/integration/apicurio-registry/schema-util/avro/target/apicurio-registry-schema-util-avro-3.0.12-SNAPSHOT.jar:/home/runner/work/apicurio-testing/apicurio-testing/clusters/ci419/namespaces/ksql043/tests/integration/apicurio-registry/schema-util/graphql/target/apicurio-registry-schema-util-graphql-3.0.12-SNAPSHOT.jar:/home/runner/.m2/repository/com/graphql-java/graphql-java/22.4/graphql-java-22.4.jar:/home/runner/.m2/repository/com/graphql-java/java-dataloader/3.3.0/java-dataloader-3.3.0.jar:/home/runner/work/apicurio-testing/apicurio-testing/clusters/ci419/namespaces/ksql043/tests/integration/apicurio-registry/schema-util/kconnect/target/apicurio-registry-schema-util-kconnect-3.0.12-SNAPSHOT.jar:/home/runner/work/apicurio-testing/apicurio-testing/clusters/ci419/namespaces/ksql043/tests/integration/apicurio-registry/schema-util/openapi/target/apicurio-registry-schema-util-openapi-3.0.12-SNAPSHOT.jar:/home/runner/.m2/repository/io/apicurio/apicurio-data-models/2.2.2/apicurio-data-models-2.2.2.jar:/home/runner/.m2/repository/org/openapitools/openapidiff/openapi-diff-core/2.1.2/openapi-diff-core-2.1.2.jar:/home/runner/.m2/repository/io/swagger/parser/v3/swagger-parser/2.1.28/swagger-parser-2.1.28.jar:/home/runner/.m2/repository/io/swagger/parser/v3/swagger-parser-v2-converter/2.1.28/swagger-parser-v2-converter-2.1.28.jar:/home/runner/.m2/repository/io/swagger/swagger-core/1.6.16/swagger-core-1.6.16.jar:/home/runner/.m2/repository/io/swagger/swagger-models/1.6.16/swagger-models-1.6.16.jar:/home/runner/.m2/repository/io/swagger/swagger-annotations/1.6.16/swagger-annotations-1.6.16.jar:/home/runner/.m2/repository/io/swagger/swagger-parser/1.0.75/swagger-parser-1.0.75.jar:/home/runner/.m2/repository/io/swagger/swagger-parser-safe-url-resolver/1.0.75/swagger-parser-safe-url-resolver-1.0.75.jar:/home/runner/.m2/repository/io/swagger/swagger-compat-spec-parser/1.0.75/swagger-compat-spec-parser-1.0.75.jar:/home/runner/.m2/repository/com/github/java-json-tools/json-schema-validator/2.2.14/json-schema-validator-2.2.14.jar:/home/runner/.m2/repository/com/github/java-json-tools/jackson-coreutils-equivalence/1.0/jackson-coreutils-equivalence-1.0.jar:/home/runner/.m2/repository/com/github/java-json-tools/json-schema-core/1.2.14/json-schema-core-1.2.14.jar:/home/runner/.m2/repository/com/github/java-json-tools/uri-template/0.10/uri-template-0.10.jar:/home/runner/.m2/repository/com/googlecode/libphonenumber/libphonenumber/8.11.1/libphonenumber-8.11.1.jar:/home/runner/.m2/repository/com/j2html/j2html/1.6.0/j2html-1.6.0.jar:/home/runner/.m2/repository/org/apache/commons/commons-collections4/4.5.0/commons-collections4-4.5.0.jar:/home/runner/.m2/repository/org/slf4j/jcl-over-slf4j/2.0.17/jcl-over-slf4j-2.0.17.jar:/home/runner/.m2/repository/io/swagger/parser/v3/swagger-parser-v3/2.1.31/swagger-parser-v3-2.1.31.jar:/home/runner/.m2/repository/io/swagger/core/v3/swagger-models/2.2.34/swagger-models-2.2.34.jar:/home/runner/.m2/repository/io/swagger/core/v3/swagger-core/2.2.34/swagger-core-2.2.34.jar:/home/runner/.m2/repository/io/swagger/parser/v3/swagger-parser-core/2.1.31/swagger-parser-core-2.1.31.jar:/home/runner/.m2/repository/io/swagger/parser/v3/swagger-parser-safe-url-resolver/2.1.31/swagger-parser-safe-url-resolver-2.1.31.jar:/home/runner/work/apicurio-testing/apicurio-testing/clusters/ci419/namespaces/ksql043/tests/integration/apicurio-registry/schema-util/wsdl/target/apicurio-registry-schema-util-wsdl-3.0.12-SNAPSHOT.jar:/home/runner/.m2/repository/wsdl4j/wsdl4j/1.6.3/wsdl4j-1.6.3.jar:/home/runner/work/apicurio-testing/apicurio-testing/clusters/ci419/namespaces/ksql043/tests/integration/apicurio-registry/schema-util/xml/target/apicurio-registry-schema-util-xml-3.0.12-SNAPSHOT.jar:/home/runner/.m2/repository/org/apache/santuario/xmlsec/4.0.4/xmlsec-4.0.4.jar:/home/runner/.m2/repository/com/fasterxml/woodstox/woodstox-core/7.1.1/woodstox-core-7.1.1.jar:/home/runner/.m2/repository/org/codehaus/woodstox/stax2-api/4.2.2/stax2-api-4.2.2.jar:/home/runner/work/apicurio-testing/apicurio-testing/clusters/ci419/namespaces/ksql043/tests/integration/apicurio-registry/schema-util/xsd/target/apicurio-registry-schema-util-xsd-3.0.12-SNAPSHOT.jar:/home/runner/work/apicurio-testing/apicurio-testing/clusters/ci419/namespaces/ksql043/tests/integration/apicurio-registry/serdes/kafka/jsonschema-serde/target/apicurio-registry-jsonschema-serde-kafka-3.0.12-SNAPSHOT.jar:/home/runner/work/apicurio-testing/apicurio-testing/clusters/ci419/namespaces/ksql043/tests/integration/apicurio-registry/serdes/kafka/serde-kafka-common/target/apicurio-registry-serde-kafka-common-3.0.12-SNAPSHOT.jar:/home/runner/work/apicurio-testing/apicurio-testing/clusters/ci419/namespaces/ksql043/tests/integration/apicurio-registry/serdes/generic/serde-common/target/apicurio-registry-serde-common-3.0.12-SNAPSHOT.jar:/home/runner/work/apicurio-testing/apicurio-testing/clusters/ci419/namespaces/ksql043/tests/integration/apicurio-registry/serdes/generic/serde-common-jsonschema/target/apicurio-registry-serde-common-jsonschema-3.0.12-SNAPSHOT.jar:/home/runner/.m2/repository/org/json/json/20250107/json-20250107.jar:/home/runner/work/apicurio-testing/apicurio-testing/clusters/ci419/namespaces/ksql043/tests/integration/apicurio-registry/serdes/kafka/avro-serde/target/apicurio-registry-avro-serde-kafka-3.0.12-SNAPSHOT.jar:/home/runner/work/apicurio-testing/apicurio-testing/clusters/ci419/namespaces/ksql043/tests/integration/apicurio-registry/serdes/generic/serde-common-avro/target/apicurio-registry-serde-common-avro-3.0.12-SNAPSHOT.jar:/home/runner/work/apicurio-testing/apicurio-testing/clusters/ci419/namespaces/ksql043/tests/integration/apicurio-registry/serdes/kafka/protobuf-serde/target/apicurio-registry-protobuf-serde-kafka-3.0.12-SNAPSHOT.jar:/home/runner/work/apicurio-testing/apicurio-testing/clusters/ci419/namespaces/ksql043/tests/integration/apicurio-registry/serdes/generic/serde-common-protobuf/target/apicurio-registry-serde-common-protobuf-3.0.12-SNAPSHOT.jar:/home/runner/.m2/repository/com/squareup/wire/wire-schema/5.3.3/wire-schema-5.3.3.jar:/home/runner/.m2/repository/com/squareup/wire/wire-runtime/5.3.3/wire-runtime-5.3.3.jar:/home/runner/work/apicurio-testing/apicurio-testing/clusters/ci419/namespaces/ksql043/tests/integration/apicurio-registry/serdes/pulsar/avro-serde/target/apicurio-registry-avro-serde-pulsar-3.0.12-SNAPSHOT.jar:/home/runner/.m2/repository/org/apache/pulsar/pulsar-functions-api/3.3.8/pulsar-functions-api-3.3.8.jar:/home/runner/work/apicurio-testing/apicurio-testing/clusters/ci419/namespaces/ksql043/tests/integration/apicurio-registry/serdes/nats/avro-serde/target/apicurio-registry-avro-serde-nats-3.0.12-SNAPSHOT.jar:/home/runner/.m2/repository/io/nats/jnats/2.21.4/jnats-2.21.4.jar:/home/runner/.m2/repository/org/bouncycastle/bcprov-lts8on/2.73.7/bcprov-lts8on-2.73.7.jar:/home/runner/.m2/repository/org/jetbrains/annotations/26.0.2/annotations-26.0.2.jar:/home/runner/work/apicurio-testing/apicurio-testing/clusters/ci419/namespaces/ksql043/tests/integration/apicurio-registry/utils/converter/target/apicurio-registry-utils-converter-3.0.12-SNAPSHOT.jar:/home/runner/work/apicurio-testing/apicurio-testing/clusters/ci419/namespaces/ksql043/tests/integration/apicurio-registry/schema-resolver/target/apicurio-registry-schema-resolver-3.0.12-SNAPSHOT.jar:/home/runner/.m2/repository/org/apache/kafka/connect-api/3.9.1/connect-api-3.9.1.jar:/home/runner/.m2/repository/javax/ws/rs/javax.ws.rs-api/2.1.1/javax.ws.rs-api-2.1.1.jar:/home/runner/.m2/repository/org/apache/kafka/connect-json/3.9.1/connect-json-3.9.1.jar:/home/runner/.m2/repository/com/fasterxml/jackson/datatype/jackson-datatype-jdk8/2.18.2/jackson-datatype-jdk8-2.18.2.jar:/home/runner/.m2/repository/com/fasterxml/jackson/module/jackson-module-afterburner/2.18.2/jackson-module-afterburner-2.18.2.jar:/home/runner/work/apicurio-testing/apicurio-testing/clusters/ci419/namespaces/ksql043/tests/integration/apicurio-registry/utils/kafka/target/apicurio-registry-utils-kafka-3.0.12-SNAPSHOT.jar:/home/runner/.m2/repository/org/apache/pulsar/pulsar-client/3.3.8/pulsar-client-3.3.8.jar:/home/runner/.m2/repository/org/apache/pulsar/pulsar-client-api/3.3.8/pulsar-client-api-3.3.8.jar:/home/runner/.m2/repository/org/apache/pulsar/pulsar-client-admin-api/3.3.8/pulsar-client-admin-api-3.3.8.jar:/home/runner/.m2/repository/org/apache/pulsar/bouncy-castle-bc/3.3.8/bouncy-castle-bc-3.3.8-pkg.jar:/home/runner/.m2/repository/org/bouncycastle/bcpkix-jdk18on/1.81/bcpkix-jdk18on-1.81.jar:/home/runner/.m2/repository/org/bouncycastle/bcutil-jdk18on/1.81/bcutil-jdk18on-1.81.jar:/home/runner/.m2/repository/org/bouncycastle/bcprov-jdk18on/1.81/bcprov-jdk18on-1.81.jar:/home/runner/.m2/repository/io/opentelemetry/opentelemetry-api/1.44.1/opentelemetry-api-1.44.1.jar:/home/runner/.m2/repository/io/opentelemetry/opentelemetry-context/1.44.1/opentelemetry-context-1.44.1.jar:/home/runner/.m2/repository/io/opentelemetry/opentelemetry-api-incubator/1.44.1-alpha/opentelemetry-api-incubator-1.44.1-alpha.jar:/home/runner/.m2/repository/com/fasterxml/jackson/core/jackson-annotations/2.18.2/jackson-annotations-2.18.2.jar:/home/runner/.m2/repository/javax/validation/validation-api/1.1.0.Final/validation-api-1.1.0.Final.jar:/home/runner/.m2/repository/org/jspecify/jspecify/1.0.0/jspecify-1.0.0.jar:/home/runner/.m2/repository/org/apache/commons/commons-configuration2/2.12.0/commons-configuration2-2.12.0.jar:/home/runner/.m2/repository/commons-logging/commons-logging/1.3.5/commons-logging-1.3.5.jar:/home/runner/.m2/repository/org/apache/commons/commons-text/1.13.0/commons-text-1.13.0.jar:/home/runner/.m2/repository/io/confluent/kafka-avro-serializer/8.0.0/kafka-avro-serializer-8.0.0.jar:/home/runner/.m2/repository/org/apache/commons/commons-compress/1.27.1/commons-compress-1.27.1.jar:/home/runner/.m2/repository/io/confluent/kafka-schema-serializer/8.0.0/kafka-schema-serializer-8.0.0.jar:/home/runner/.m2/repository/com/fasterxml/jackson/dataformat/jackson-dataformat-csv/2.18.2/jackson-dataformat-csv-2.18.2.jar:/home/runner/.m2/repository/io/confluent/kafka-schema-registry-client/8.0.0/kafka-schema-registry-client-8.0.0.jar:/home/runner/.m2/repository/org/yaml/snakeyaml/2.3/snakeyaml-2.3.jar:/home/runner/.m2/repository/io/swagger/core/v3/swagger-annotations/2.2.29/swagger-annotations-2.2.29.jar:/home/runner/.m2/repository/com/google/guava/guava/33.4.0-jre/guava-33.4.0-jre.jar:/home/runner/.m2/repository/com/google/guava/failureaccess/1.0.1/failureaccess-1.0.1.jar:/home/runner/.m2/repository/org/checkerframework/checker-qual/3.49.0/checker-qual-3.49.0.jar:/home/runner/.m2/repository/io/confluent/logredactor/1.0.13/logredactor-1.0.13.jar:/home/runner/.m2/repository/com/google/re2j/re2j/1.6/re2j-1.6.jar:/home/runner/.m2/repository/io/confluent/logredactor-metrics/1.0.13/logredactor-metrics-1.0.13.jar:/home/runner/.m2/repository/com/eclipsesource/minimal-json/minimal-json/0.9.5/minimal-json-0.9.5.jar:/home/runner/.m2/repository/io/confluent/common-utils/8.0.0/common-utils-8.0.0.jar:/home/runner/.m2/repository/io/confluent/kafka-connect-avro-converter/8.0.0/kafka-connect-avro-converter-8.0.0.jar:/home/runner/.m2/repository/io/confluent/kafka-connect-avro-data/8.0.0/kafka-connect-avro-data-8.0.0.jar:/home/runner/.m2/repository/io/confluent/kafka-schema-converter/8.0.0/kafka-schema-converter-8.0.0.jar:/home/runner/.m2/repository/io/rest-assured/rest-assured/5.5.1/rest-assured-5.5.1.jar:/home/runner/.m2/repository/org/apache/groovy/groovy/4.0.22/groovy-4.0.22.jar:/home/runner/.m2/repository/org/apache/groovy/groovy-xml/4.0.22/groovy-xml-4.0.22.jar:/home/runner/.m2/repository/org/apache/httpcomponents/httpclient/4.5.14/httpclient-4.5.14.jar:/home/runner/.m2/repository/org/apache/httpcomponents/httpcore/4.4.16/httpcore-4.4.16.jar:/home/runner/.m2/repository/org/apache/httpcomponents/httpmime/4.5.14/httpmime-4.5.14.jar:/home/runner/.m2/repository/org/hamcrest/hamcrest/2.2/hamcrest-2.2.jar:/home/runner/.m2/repository/org/ccil/cowan/tagsoup/tagsoup/1.2.1/tagsoup-1.2.1.jar:/home/runner/.m2/repository/io/rest-assured/json-path/5.5.1/json-path-5.5.1.jar:/home/runner/.m2/repository/org/apache/groovy/groovy-json/4.0.22/groovy-json-4.0.22.jar:/home/runner/.m2/repository/io/rest-assured/rest-assured-common/5.5.1/rest-assured-common-5.5.1.jar:/home/runner/.m2/repository/io/rest-assured/xml-path/5.5.1/xml-path-5.5.1.jar:/home/runner/.m2/repository/io/zonky/test/embedded-postgres/2.1.0/embedded-postgres-2.1.0.jar:/home/runner/.m2/repository/io/zonky/test/postgres/embedded-postgres-binaries-windows-amd64/14.15.0/embedded-postgres-binaries-windows-amd64-14.15.0.jar:/home/runner/.m2/repository/io/zonky/test/postgres/embedded-postgres-binaries-darwin-amd64/14.15.0/embedded-postgres-binaries-darwin-amd64-14.15.0.jar:/home/runner/.m2/repository/io/zonky/test/postgres/embedded-postgres-binaries-linux-amd64/14.15.0/embedded-postgres-binaries-linux-amd64-14.15.0.jar:/home/runner/.m2/repository/io/zonky/test/postgres/embedded-postgres-binaries-linux-amd64-alpine/14.15.0/embedded-postgres-binaries-linux-amd64-alpine-14.15.0.jar:/home/runner/.m2/repository/org/apache/commons/commons-lang3/3.17.0/commons-lang3-3.17.0.jar:/home/runner/.m2/repository/org/tukaani/xz/1.10/xz-1.10.jar:/home/runner/.m2/repository/commons-codec/commons-codec/1.19.0/commons-codec-1.19.0.jar:/home/runner/.m2/repository/org/postgresql/postgresql/42.7.7/postgresql-42.7.7.jar:/home/runner/.m2/repository/commons-io/commons-io/2.18.0/commons-io-2.18.0.jar:/home/runner/work/apicurio-testing/apicurio-testing/clusters/ci419/namespaces/ksql043/tests/integration/apicurio-registry/utils/importexport/target/apicurio-registry-utils-import-export-3.0.12-SNAPSHOT.jar:/home/runner/.m2/repository/io/vertx/vertx-core/4.5.16/vertx-core-4.5.16.jar:/home/runner/.m2/repository/io/netty/netty-common/4.1.121.Final/netty-common-4.1.121.Final.jar:/home/runner/.m2/repository/io/netty/netty-buffer/4.1.121.Final/netty-buffer-4.1.121.Final.jar:/home/runner/.m2/repository/io/netty/netty-transport/4.1.121.Final/netty-transport-4.1.121.Final.jar:/home/runner/.m2/repository/io/netty/netty-handler/4.1.121.Final/netty-handler-4.1.121.Final.jar:/home/runner/.m2/repository/io/netty/netty-transport-native-unix-common/4.1.121.Final/netty-transport-native-unix-common-4.1.121.Final.jar:/home/runner/.m2/repository/io/netty/netty-codec/4.1.121.Final/netty-codec-4.1.121.Final.jar:/home/runner/.m2/repository/io/netty/netty-handler-proxy/4.1.121.Final/netty-handler-proxy-4.1.121.Final.jar:/home/runner/.m2/repository/io/netty/netty-codec-socks/4.1.121.Final/netty-codec-socks-4.1.121.Final.jar:/home/runner/.m2/repository/io/netty/netty-codec-http/4.1.121.Final/netty-codec-http-4.1.121.Final.jar:/home/runner/.m2/repository/io/netty/netty-codec-http2/4.1.121.Final/netty-codec-http2-4.1.121.Final.jar:/home/runner/.m2/repository/io/netty/netty-resolver/4.1.121.Final/netty-resolver-4.1.121.Final.jar:/home/runner/.m2/repository/io/netty/netty-resolver-dns/4.1.121.Final/netty-resolver-dns-4.1.121.Final.jar:/home/runner/.m2/repository/io/netty/netty-codec-dns/4.1.121.Final/netty-codec-dns-4.1.121.Final.jar:/home/runner/.m2/repository/com/fasterxml/jackson/core/jackson-core/2.18.2/jackson-core-2.18.2.jar:"/>
    <property name="sun.cpu.endian" value="little"/>
    <property name="user.home" value="/home/runner"/>
    <property name="user.language" value="en"/>
    <property name="jboss.log-version" value="false"/>
    <property name="java.specification.vendor" value="Oracle Corporation"/>
    <property name="java.version.date" value="2025-07-15"/>
    <property name="java.home" value="/usr/lib/jvm/temurin-17-jdk-amd64"/>
    <property name="file.separator" value="/"/>
    <property name="basedir" value="/home/runner/work/apicurio-testing/apicurio-testing/clusters/ci419/namespaces/ksql043/tests/integration/apicurio-registry/integration-tests"/>
    <property name="java.vm.compressedOopsMode" value="32-bit"/>
    <property name="line.separator" value="&#10;"/>
    <property name="java.specification.name" value="Java Platform API Specification"/>
    <property name="java.vm.specification.vendor" value="Oracle Corporation"/>
    <property name="quarkus.http.test-host" value="registry-app-ksql043.apps.ci419.apicurio-testing.org"/>
    <property name="surefire.real.class.path" value="/home/runner/work/apicurio-testing/apicurio-testing/clusters/ci419/namespaces/ksql043/tests/integration/apicurio-registry/integration-tests/target/surefire/surefirebooter-20250807203451813_3.jar"/>
    <property name="sun.management.compiler" value="HotSpot 64-Bit Tiered Compilers"/>
    <property name="org.eclipse.jetty.http.HttpGenerator.STRICT" value="true"/>
    <property name="java.runtime.version" value="17.0.16+8"/>
    <property name="user.name" value="runner"/>
    <property name="path.separator" value=":"/>
    <property name="os.version" value="6.8.0-1031-azure"/>
    <property name="java.runtime.name" value="OpenJDK Runtime Environment"/>
    <property name="file.encoding" value="UTF-8"/>
    <property name="jnidispatch.path" value="/home/runner/.cache/JNA/temp/jna13361593430769610496.tmp"/>
    <property name="java.vm.name" value="OpenJDK 64-Bit Server VM"/>
    <property name="jna.platform.library.path" value="/usr/lib/x86_64-linux-gnu:/lib/x86_64-linux-gnu:/usr/lib64:/lib64:/usr/lib:/lib:/lib32:/usr/local/lib:/usr/lib/x86_64-linux-gnu/libfakeroot"/>
    <property name="java.vendor.version" value="Temurin-17.0.16+8"/>
    <property name="quarkus.oidc.token-path" value="https://keycloak-ksql043.apps.ci419.apicurio-testing.org/realms/registry/protocol/openid-connect/token"/>
    <property name="quarkus.http.host" value="registry-app-ksql043.apps.ci419.apicurio-testing.org"/>
    <property name="localRepository" value="/home/runner/.m2/repository"/>
    <property name="javax.xml.xpath.XPathFactory:http://java.sun.com/jaxp/xpath/dom" value="com.sun.org.apache.xpath.internal.jaxp.XPathFactoryImpl"/>
    <property name="jna.loaded" value="true"/>
    <property name="java.vendor.url.bug" value="https://github.com/adoptium/adoptium-support/issues"/>
    <property name="jetty.git.hash" value="5bc5e562c8d05c5862505aebe5cf83a61bdbcb96"/>
    <property name="java.io.tmpdir" value="/tmp"/>
    <property name="quarkus.http.test-protocol" value="http"/>
    <property name="java.version" value="17.0.16"/>
    <property name="user.dir" value="/home/runner/work/apicurio-testing/apicurio-testing/clusters/ci419/namespaces/ksql043/tests/integration/apicurio-registry/integration-tests"/>
    <property name="os.arch" value="amd64"/>
    <property name="groups" value="( smoke | serdes | acceptance | ui)"/>
    <property name="java.vm.specification.name" value="Java Virtual Machine Specification"/>
    <property name="native.encoding" value="UTF-8"/>
    <property name="java.util.logging.manager" value="org.jboss.logmanager.LogManager"/>
    <property name="java.library.path" value="/usr/java/packages/lib:/usr/lib64:/lib64:/lib:/usr/lib"/>
    <property name="jdk.console" value="java.base"/>
    <property name="java.vm.info" value="mixed mode, sharing"/>
    <property name="java.vendor" value="Eclipse Adoptium"/>
    <property name="java.vm.version" value="17.0.16+8"/>
    <property name="java.specification.maintenance.version" value="1"/>
    <property name="sun.io.unicode.encoding" value="UnicodeLittle"/>
    <property name="javax.xml.transform.TransformerFactory" value="com.sun.org.apache.xalan.internal.xsltc.trax.TransformerFactoryImpl"/>
    <property name="java.class.version" value="61.0"/>
  </properties>
  <testcase name="testGlobalIdInHeaders" classname="io.apicurio.tests.serdes.apicurio.AvroSerdeIT" time="5.852">
    <system-out><![CDATA[**** Registry Base URL: http://registry-app-ksql043.apps.ci419.apicurio-testing.org:80
**** Registry Base URL: http://registry-app-ksql043.apps.ci419.apicurio-testing.org:80
2025-08-07 20:35:04,201 INFO  [io.api.tes.ser.api.AvroSerdeIT] (main) RestAssured configured with http://registry-app-ksql043.apps.ci419.apicurio-testing.org:80/apis/registry/v3
2025-08-07 20:35:04,238 INFO  [io.api.tes.uti.KafkaFacade] (main) Starting kafka container
2025-08-07 20:35:04,279 INFO  [org.tes.ima.PullPolicy] (main) Image pull policy will be performed by: DefaultPullPolicy()
2025-08-07 20:35:04,282 INFO  [org.tes.uti.ImageNameSubstitutor] (main) Image name substitution will be performed by: DefaultImageNameSubstitutor (composite of 'ConfigurationFileImageNameSubstitutor' and 'PrefixingImageNameSubstitutor')
2025-08-07 20:35:04,292 INFO  [org.tes.DockerClientFactory] (main) Testcontainers version: 1.20.6
2025-08-07 20:35:04,803 INFO  [org.tes.doc.DockerClientProviderStrategy] (main) Found Docker environment with local Unix socket (unix:///var/run/docker.sock)
2025-08-07 20:35:04,812 INFO  [org.tes.DockerClientFactory] (main) Docker host IP address is localhost
2025-08-07 20:35:04,832 INFO  [org.tes.DockerClientFactory] (main) Connected to docker: 
  Server Version: 28.0.4
  API Version: 1.48
  Operating System: Ubuntu 22.04.5 LTS
  Total Memory: 7944 MB
2025-08-07 20:35:04,868 INFO  [tc.tes.11.0] (main) Pulling docker image: testcontainers/ryuk:0.11.0. Please be patient; this may take some time but only needs to be done once.
2025-08-07 20:35:05,138 INFO  [tc.tes.11.0] (docker-java-stream--1295187651) Starting to pull image
2025-08-07 20:35:05,162 INFO  [tc.tes.11.0] (docker-java-stream--1295187651) Pulling image layers:  0 pending,  0 downloaded,  0 extracted, (0 bytes/0 bytes)
2025-08-07 20:35:05,330 INFO  [tc.tes.11.0] (docker-java-stream--1295187651) Pulling image layers:  2 pending,  1 downloaded,  0 extracted, (878 KB/? MB)
2025-08-07 20:35:05,343 INFO  [tc.tes.11.0] (docker-java-stream--1295187651) Pulling image layers:  1 pending,  2 downloaded,  0 extracted, (7 MB/? MB)
2025-08-07 20:35:05,362 INFO  [tc.tes.11.0] (docker-java-stream--1295187651) Pulling image layers:  0 pending,  3 downloaded,  0 extracted, (7 MB/10 MB)
2025-08-07 20:35:05,477 INFO  [tc.tes.11.0] (docker-java-stream--1295187651) Pulling image layers:  0 pending,  3 downloaded,  1 extracted, (10 MB/10 MB)
2025-08-07 20:35:06,452 INFO  [tc.tes.11.0] (docker-java-stream--1295187651) Pulling image layers:  0 pending,  3 downloaded,  2 extracted, (10 MB/10 MB)
2025-08-07 20:35:06,498 INFO  [tc.tes.11.0] (docker-java-stream--1295187651) Pulling image layers:  0 pending,  3 downloaded,  3 extracted, (10 MB/10 MB)
2025-08-07 20:35:06,506 INFO  [tc.tes.11.0] (docker-java-stream--1295187651) Pull complete. 3 layers, pulled in 1s (downloaded 10 MB at 10 MB/s)
2025-08-07 20:35:06,506 INFO  [tc.tes.11.0] (main) Image testcontainers/ryuk:0.11.0 pull took PT1.638388993S
2025-08-07 20:35:06,525 INFO  [tc.tes.11.0] (main) Creating container for image: testcontainers/ryuk:0.11.0
2025-08-07 20:35:06,616 INFO  [tc.tes.11.0] (main) Container testcontainers/ryuk:0.11.0 is starting: 1e5181d2103ca90728acb4f47ec65b9d180ea89fc9fd3baf43563727664e59d8
2025-08-07 20:35:06,944 INFO  [tc.tes.11.0] (main) Container testcontainers/ryuk:0.11.0 started in PT0.419106596S
2025-08-07 20:35:06,949 INFO  [org.tes.uti.RyukResourceReaper] (main) Ryuk started - will monitor and terminate Testcontainers containers on JVM exit
2025-08-07 20:35:06,949 INFO  [org.tes.DockerClientFactory] (main) Checking the system...
2025-08-07 20:35:06,949 INFO  [org.tes.DockerClientFactory] (main) ✔︎ Docker server version should be at least 1.6.0
2025-08-07 20:35:06,952 INFO  [io.str.tes.con.KafkaVersionService] (main) Latest release of Kafka is:LogicalKafkaVersionEntity{version='4.0.0', image='quay.io/strimzi-test-container/test-container:0.111.0-kafka-4.0.0'}
2025-08-07 20:35:06,952 INFO  [io.str.tes.con.KafkaVersionService] (main) Latest release of Kafka is:LogicalKafkaVersionEntity{version='4.0.0', image='quay.io/strimzi-test-container/test-container:0.111.0-kafka-4.0.0'}
2025-08-07 20:35:06,953 INFO  [io.str.tes.con.KafkaVersionService] (main) No Kafka version specified. Using latest release: 4.0.0
2025-08-07 20:35:06,957 INFO  [tc.qua.io/.111.0-k.0.0] (main) Pulling docker image: quay.io/strimzi-test-container/test-container:0.111.0-kafka-4.0.0. Please be patient; this may take some time but only needs to be done once.
2025-08-07 20:35:07,370 INFO  [tc.qua.io/.111.0-k.0.0] (docker-java-stream--29267298) Starting to pull image
2025-08-07 20:35:07,372 INFO  [tc.qua.io/.111.0-k.0.0] (docker-java-stream--29267298) Pulling image layers:  0 pending,  0 downloaded,  0 extracted, (0 bytes/0 bytes)
2025-08-07 20:35:07,899 INFO  [tc.qua.io/.111.0-k.0.0] (docker-java-stream--29267298) Pulling image layers:  6 pending,  1 downloaded,  0 extracted, (2 MB/? MB)
2025-08-07 20:35:08,059 INFO  [tc.qua.io/.111.0-k.0.0] (docker-java-stream--29267298) Pulling image layers:  5 pending,  2 downloaded,  0 extracted, (24 MB/? MB)
2025-08-07 20:35:08,732 INFO  [tc.qua.io/.111.0-k.0.0] (docker-java-stream--29267298) Pulling image layers:  4 pending,  3 downloaded,  0 extracted, (115 MB/? MB)
2025-08-07 20:35:08,942 INFO  [tc.qua.io/.111.0-k.0.0] (docker-java-stream--29267298) Pulling image layers:  3 pending,  4 downloaded,  0 extracted, (142 MB/? MB)
2025-08-07 20:35:09,011 INFO  [tc.qua.io/.111.0-k.0.0] (docker-java-stream--29267298) Pulling image layers:  2 pending,  5 downloaded,  0 extracted, (142 MB/? MB)
2025-08-07 20:35:09,132 INFO  [tc.qua.io/.111.0-k.0.0] (docker-java-stream--29267298) Pulling image layers:  1 pending,  6 downloaded,  0 extracted, (158 MB/? MB)
2025-08-07 20:35:09,877 INFO  [tc.qua.io/.111.0-k.0.0] (docker-java-stream--29267298) Pulling image layers:  1 pending,  6 downloaded,  1 extracted, (209 MB/? MB)
2025-08-07 20:35:10,367 INFO  [tc.qua.io/.111.0-k.0.0] (docker-java-stream--29267298) Pulling image layers:  0 pending,  7 downloaded,  1 extracted, (238 MB/249 MB)
2025-08-07 20:35:12,478 INFO  [tc.qua.io/.111.0-k.0.0] (docker-java-stream--29267298) Pulling image layers:  0 pending,  7 downloaded,  2 extracted, (245 MB/249 MB)
2025-08-07 20:35:13,796 INFO  [tc.qua.io/.111.0-k.0.0] (docker-java-stream--29267298) Pulling image layers:  0 pending,  7 downloaded,  3 extracted, (248 MB/249 MB)
2025-08-07 20:35:14,007 INFO  [tc.qua.io/.111.0-k.0.0] (docker-java-stream--29267298) Pulling image layers:  0 pending,  7 downloaded,  4 extracted, (248 MB/249 MB)
2025-08-07 20:35:15,162 INFO  [tc.qua.io/.111.0-k.0.0] (docker-java-stream--29267298) Pulling image layers:  0 pending,  7 downloaded,  5 extracted, (249 MB/249 MB)
2025-08-07 20:35:15,205 INFO  [tc.qua.io/.111.0-k.0.0] (docker-java-stream--29267298) Pulling image layers:  0 pending,  7 downloaded,  6 extracted, (249 MB/249 MB)
2025-08-07 20:35:15,220 INFO  [tc.qua.io/.111.0-k.0.0] (docker-java-stream--29267298) Pulling image layers:  0 pending,  7 downloaded,  7 extracted, (249 MB/249 MB)
2025-08-07 20:35:15,230 INFO  [tc.qua.io/.111.0-k.0.0] (docker-java-stream--29267298) Pull complete. 7 layers, pulled in 7s (downloaded 249 MB at 35 MB/s)
2025-08-07 20:35:15,230 INFO  [tc.qua.io/.111.0-k.0.0] (main) Image quay.io/strimzi-test-container/test-container:0.111.0-kafka-4.0.0 pull took PT8.27348399S
2025-08-07 20:35:15,233 INFO  [tc.qua.io/.111.0-k.0.0] (main) Creating container for image: quay.io/strimzi-test-container/test-container:0.111.0-kafka-4.0.0
2025-08-07 20:35:15,329 INFO  [tc.qua.io/.111.0-k.0.0] (main) Container quay.io/strimzi-test-container/test-container:0.111.0-kafka-4.0.0 is starting: b81ac75501d3e18b5c54d16dff9d22eba9ba42cf31de6298b49e5d4c2ef368b0
2025-08-07 20:35:15,541 INFO  [io.str.tes.con.StrimziKafkaContainer] (main) Mapped port: 32769
2025-08-07 20:35:15,541 WARN  [io.str.tes.con.StrimziKafkaContainer] (main) Node ID is not set. Using broker ID 0 as the default node ID.
2025-08-07 20:35:15,542 INFO  [io.str.tes.con.StrimziKafkaContainer] (main) This is all advertised listeners for Kafka PLAINTEXT://localhost:32769,BROKER1://172.18.0.2:9091,CONTROLLER://broker-0:9094
2025-08-07 20:35:15,569 INFO  [io.str.tes.con.StrimziKafkaContainer] (main) New `cluster.id` has been generated: 7hmfGG3YTMCno0-sg6ieQg
2025-08-07 20:35:15,570 INFO  [io.str.tes.con.StrimziKafkaContainer] (main) Copying command to 'STARTER_SCRIPT' script.
2025-08-07 20:35:20,829 INFO  [tc.qua.io/.111.0-k.0.0] (main) Container quay.io/strimzi-test-container/test-container:0.111.0-kafka-4.0.0 started in PT5.596030904S
2025-08-07 20:35:20,831 INFO  [io.api.tes.uti.TestSeparator] (main) ############################################################################
2025-08-07 20:35:20,831 INFO  [io.api.tes.uti.TestSeparator] (main) io.apicurio.tests.serdes.apicurio.AvroSerdeIT.testGlobalIdInHeaders-STARTED
2025-08-07 20:35:20,842 INFO  [org.apa.kaf.cli.adm.AdminClientConfig] (main) AdminClientConfig values: 
	auto.include.jmx.reporter = true
	bootstrap.controllers = []
	bootstrap.servers = [PLAINTEXT://localhost:32769]
	client.dns.lookup = use_all_dns_ips
	client.id = 
	connections.max.idle.ms = 10000
	default.api.timeout.ms = 60000
	enable.metrics.push = true
	metadata.max.age.ms = 300000
	metadata.recovery.strategy = none
	metric.reporters = []
	metrics.num.samples = 2
	metrics.recording.level = INFO
	metrics.sample.window.ms = 30000
	receive.buffer.bytes = 65536
	reconnect.backoff.max.ms = 1000
	reconnect.backoff.ms = 50
	request.timeout.ms = 5000
	retries = 2147483647
	retry.backoff.max.ms = 1000
	retry.backoff.ms = 100
	sasl.client.callback.handler.class = null
	sasl.jaas.config = null
	sasl.kerberos.kinit.cmd = /usr/bin/kinit
	sasl.kerberos.min.time.before.relogin = 60000
	sasl.kerberos.service.name = null
	sasl.kerberos.ticket.renew.jitter = 0.05
	sasl.kerberos.ticket.renew.window.factor = 0.8
	sasl.login.callback.handler.class = null
	sasl.login.class = null
	sasl.login.connect.timeout.ms = null
	sasl.login.read.timeout.ms = null
	sasl.login.refresh.buffer.seconds = 300
	sasl.login.refresh.min.period.seconds = 60
	sasl.login.refresh.window.factor = 0.8
	sasl.login.refresh.window.jitter = 0.05
	sasl.login.retry.backoff.max.ms = 10000
	sasl.login.retry.backoff.ms = 100
	sasl.mechanism = GSSAPI
	sasl.oauthbearer.clock.skew.seconds = 30
	sasl.oauthbearer.expected.audience = null
	sasl.oauthbearer.expected.issuer = null
	sasl.oauthbearer.header.urlencode = false
	sasl.oauthbearer.jwks.endpoint.refresh.ms = 3600000
	sasl.oauthbearer.jwks.endpoint.retry.backoff.max.ms = 10000
	sasl.oauthbearer.jwks.endpoint.retry.backoff.ms = 100
	sasl.oauthbearer.jwks.endpoint.url = null
	sasl.oauthbearer.scope.claim.name = scope
	sasl.oauthbearer.sub.claim.name = sub
	sasl.oauthbearer.token.endpoint.url = null
	security.protocol = PLAINTEXT
	security.providers = null
	send.buffer.bytes = 131072
	socket.connection.setup.timeout.max.ms = 30000
	socket.connection.setup.timeout.ms = 10000
	ssl.cipher.suites = null
	ssl.enabled.protocols = [TLSv1.2, TLSv1.3]
	ssl.endpoint.identification.algorithm = https
	ssl.engine.factory.class = null
	ssl.key.password = null
	ssl.keymanager.algorithm = SunX509
	ssl.keystore.certificate.chain = null
	ssl.keystore.key = null
	ssl.keystore.location = null
	ssl.keystore.password = null
	ssl.keystore.type = JKS
	ssl.protocol = TLSv1.3
	ssl.provider = null
	ssl.secure.random.implementation = null
	ssl.trustmanager.algorithm = PKIX
	ssl.truststore.certificates = null
	ssl.truststore.location = null
	ssl.truststore.password = null
	ssl.truststore.type = JKS

2025-08-07 20:35:21,223 INFO  [org.apa.kaf.com.uti.AppInfoParser] (main) Kafka version: 3.9.1
2025-08-07 20:35:21,223 INFO  [org.apa.kaf.com.uti.AppInfoParser] (main) Kafka commitId: f745dfdcee2b9851
2025-08-07 20:35:21,223 INFO  [org.apa.kaf.com.uti.AppInfoParser] (main) Kafka startTimeMs: 1754598921221
**** Registry Base URL: http://registry-app-ksql043.apps.ci419.apicurio-testing.org:80
2025-08-07 20:35:21,278 INFO  [org.apa.kaf.cli.pro.ProducerConfig] (main) ProducerConfig values: 
	acks = -1
	auto.include.jmx.reporter = true
	batch.size = 16384
	bootstrap.servers = [PLAINTEXT://localhost:32769]
	buffer.memory = 33554432
	client.dns.lookup = use_all_dns_ips
	client.id = Producer-topic-33f88f1f_a139_45ca_809d_6e176cefe646
	compression.gzip.level = -1
	compression.lz4.level = 9
	compression.type = none
	compression.zstd.level = 3
	connections.max.idle.ms = 10000
	delivery.timeout.ms = 120000
	enable.idempotence = true
	enable.metrics.push = true
	interceptor.classes = []
	key.serializer = class org.apache.kafka.common.serialization.StringSerializer
	linger.ms = 0
	max.block.ms = 60000
	max.in.flight.requests.per.connection = 5
	max.request.size = 1048576
	metadata.max.age.ms = 300000
	metadata.max.idle.ms = 300000
	metadata.recovery.strategy = none
	metric.reporters = []
	metrics.num.samples = 2
	metrics.recording.level = INFO
	metrics.sample.window.ms = 30000
	partitioner.adaptive.partitioning.enable = true
	partitioner.availability.timeout.ms = 0
	partitioner.class = null
	partitioner.ignore.keys = false
	receive.buffer.bytes = 32768
	reconnect.backoff.max.ms = 1000
	reconnect.backoff.ms = 50
	request.timeout.ms = 5000
	retries = 2147483647
	retry.backoff.max.ms = 1000
	retry.backoff.ms = 100
	sasl.client.callback.handler.class = null
	sasl.jaas.config = null
	sasl.kerberos.kinit.cmd = /usr/bin/kinit
	sasl.kerberos.min.time.before.relogin = 60000
	sasl.kerberos.service.name = null
	sasl.kerberos.ticket.renew.jitter = 0.05
	sasl.kerberos.ticket.renew.window.factor = 0.8
	sasl.login.callback.handler.class = null
	sasl.login.class = null
	sasl.login.connect.timeout.ms = null
	sasl.login.read.timeout.ms = null
	sasl.login.refresh.buffer.seconds = 300
	sasl.login.refresh.min.period.seconds = 60
	sasl.login.refresh.window.factor = 0.8
	sasl.login.refresh.window.jitter = 0.05
	sasl.login.retry.backoff.max.ms = 10000
	sasl.login.retry.backoff.ms = 100
	sasl.mechanism = GSSAPI
	sasl.oauthbearer.clock.skew.seconds = 30
	sasl.oauthbearer.expected.audience = null
	sasl.oauthbearer.expected.issuer = null
	sasl.oauthbearer.header.urlencode = false
	sasl.oauthbearer.jwks.endpoint.refresh.ms = 3600000
	sasl.oauthbearer.jwks.endpoint.retry.backoff.max.ms = 10000
	sasl.oauthbearer.jwks.endpoint.retry.backoff.ms = 100
	sasl.oauthbearer.jwks.endpoint.url = null
	sasl.oauthbearer.scope.claim.name = scope
	sasl.oauthbearer.sub.claim.name = sub
	sasl.oauthbearer.token.endpoint.url = null
	security.protocol = PLAINTEXT
	security.providers = null
	send.buffer.bytes = 131072
	socket.connection.setup.timeout.max.ms = 30000
	socket.connection.setup.timeout.ms = 10000
	ssl.cipher.suites = null
	ssl.enabled.protocols = [TLSv1.2, TLSv1.3]
	ssl.endpoint.identification.algorithm = https
	ssl.engine.factory.class = null
	ssl.key.password = null
	ssl.keymanager.algorithm = SunX509
	ssl.keystore.certificate.chain = null
	ssl.keystore.key = null
	ssl.keystore.location = null
	ssl.keystore.password = null
	ssl.keystore.type = JKS
	ssl.protocol = TLSv1.3
	ssl.provider = null
	ssl.secure.random.implementation = null
	ssl.trustmanager.algorithm = PKIX
	ssl.truststore.certificates = null
	ssl.truststore.location = null
	ssl.truststore.password = null
	ssl.truststore.type = JKS
	transaction.timeout.ms = 60000
	transactional.id = null
	value.serializer = class io.apicurio.registry.serde.avro.AvroKafkaSerializer

2025-08-07 20:35:21,313 INFO  [org.apa.kaf.com.tel.int.KafkaMetricsCollector] (main) initializing Kafka metrics collector
2025-08-07 20:35:21,335 INFO  [org.apa.kaf.cli.pro.KafkaProducer] (main) [Producer clientId=Producer-topic-33f88f1f_a139_45ca_809d_6e176cefe646] Instantiated an idempotent producer.
2025-08-07 20:35:21,373 INFO  [org.apa.kaf.cli.pro.ProducerConfig] (main) These configurations '[apicurio.registry.url, apicurio.registry.auto-register, apicurio.registry.use-id, apicurio.registry.artifact-resolver-strategy]' were supplied but are not used yet.
2025-08-07 20:35:21,374 INFO  [org.apa.kaf.com.uti.AppInfoParser] (main) Kafka version: 3.9.1
2025-08-07 20:35:21,374 INFO  [org.apa.kaf.com.uti.AppInfoParser] (main) Kafka commitId: f745dfdcee2b9851
2025-08-07 20:35:21,374 INFO  [org.apa.kaf.com.uti.AppInfoParser] (main) Kafka startTimeMs: 1754598921374
2025-08-07 20:35:21,377 INFO  [io.api.tes.ser.api.SimpleSerdesTesterBuilder$SimpleSerdesTester] (main) Using producer configuration: {apicurio.registry.url=http://registry-app-ksql043.apps.ci419.apicurio-testing.org:80/apis/registry/v3, apicurio.registry.auto-register=true, apicurio.registry.use-id=globalId, apicurio.registry.artifact-resolver-strategy=io.apicurio.registry.serde.strategy.TopicIdStrategy, value.serializer=io.apicurio.registry.serde.avro.AvroKafkaSerializer, request.timeout.ms=5000, acks=all, bootstrap.servers=PLAINTEXT://localhost:32769, connections.max.idle.ms=10000, key.serializer=org.apache.kafka.common.serialization.StringSerializer, client.id=Producer-topic-33f88f1f_a139_45ca_809d_6e176cefe646}
2025-08-07 20:35:21,377 INFO  [io.api.tes.ser.api.SimpleSerdesTesterBuilder$SimpleSerdesTester] (main) Using consumer configuration: {apicurio.registry.use-id=globalId}
2025-08-07 20:35:21,380 INFO  [io.api.tes.ser.api.KafkaSerdesTester] (Thread-600) Sending message {"key11754598921253": "value-0"} to topic topic-33f88f1f_a139_45ca_809d_6e176cefe646
2025-08-07 20:35:21,786 WARN  [org.apa.kaf.cli.NetworkClient] (kafka-producer-network-thread | Producer-topic-33f88f1f_a139_45ca_809d_6e176cefe646) [Producer clientId=Producer-topic-33f88f1f_a139_45ca_809d_6e176cefe646] The metadata response from the cluster reported a recoverable issue with correlation id 1 : {topic-33f88f1f_a139_45ca_809d_6e176cefe646=UNKNOWN_TOPIC_OR_PARTITION}
2025-08-07 20:35:21,787 INFO  [org.apa.kaf.cli.Metadata] (kafka-producer-network-thread | Producer-topic-33f88f1f_a139_45ca_809d_6e176cefe646) [Producer clientId=Producer-topic-33f88f1f_a139_45ca_809d_6e176cefe646] Cluster ID: 7hmfGG3YTMCno0-sg6ieQg
2025-08-07 20:35:21,913 INFO  [org.apa.kaf.cli.pro.int.TransactionManager] (kafka-producer-network-thread | Producer-topic-33f88f1f_a139_45ca_809d_6e176cefe646) [Producer clientId=Producer-topic-33f88f1f_a139_45ca_809d_6e176cefe646] ProducerId set to 0 with epoch 0
2025-08-07 20:35:22,053 INFO  [io.api.tes.ser.api.KafkaSerdesTester] (Thread-600) Sending message {"key11754598921253": "value-1"} to topic topic-33f88f1f_a139_45ca_809d_6e176cefe646
2025-08-07 20:35:22,059 INFO  [io.api.tes.ser.api.KafkaSerdesTester] (Thread-600) Sending message {"key11754598921253": "value-2"} to topic topic-33f88f1f_a139_45ca_809d_6e176cefe646
2025-08-07 20:35:22,063 INFO  [io.api.tes.ser.api.KafkaSerdesTester] (Thread-600) Sending message {"key11754598921253": "value-3"} to topic topic-33f88f1f_a139_45ca_809d_6e176cefe646
2025-08-07 20:35:22,067 INFO  [io.api.tes.ser.api.KafkaSerdesTester] (Thread-600) Sending message {"key11754598921253": "value-4"} to topic topic-33f88f1f_a139_45ca_809d_6e176cefe646
2025-08-07 20:35:22,071 INFO  [io.api.tes.ser.api.KafkaSerdesTester] (Thread-600) Sending message {"key11754598921253": "value-5"} to topic topic-33f88f1f_a139_45ca_809d_6e176cefe646
2025-08-07 20:35:22,075 INFO  [io.api.tes.ser.api.KafkaSerdesTester] (Thread-600) Sending message {"key11754598921253": "value-6"} to topic topic-33f88f1f_a139_45ca_809d_6e176cefe646
2025-08-07 20:35:22,078 INFO  [io.api.tes.ser.api.KafkaSerdesTester] (Thread-600) Sending message {"key11754598921253": "value-7"} to topic topic-33f88f1f_a139_45ca_809d_6e176cefe646
2025-08-07 20:35:22,082 INFO  [io.api.tes.ser.api.KafkaSerdesTester] (Thread-600) Sending message {"key11754598921253": "value-8"} to topic topic-33f88f1f_a139_45ca_809d_6e176cefe646
2025-08-07 20:35:22,086 INFO  [io.api.tes.ser.api.KafkaSerdesTester] (Thread-600) Sending message {"key11754598921253": "value-9"} to topic topic-33f88f1f_a139_45ca_809d_6e176cefe646
2025-08-07 20:35:22,091 INFO  [io.api.tes.ser.api.KafkaSerdesTester] (Thread-600) Produced 10 messages
2025-08-07 20:35:22,091 INFO  [org.apa.kaf.cli.pro.KafkaProducer] (Thread-600) [Producer clientId=Producer-topic-33f88f1f_a139_45ca_809d_6e176cefe646] Closing the Kafka producer with timeoutMillis = 9223372036854775807 ms.
2025-08-07 20:35:22,113 INFO  [org.apa.kaf.com.met.Metrics] (Thread-600) Metrics scheduler closed
2025-08-07 20:35:22,113 INFO  [org.apa.kaf.com.met.Metrics] (Thread-600) Closing reporter org.apache.kafka.common.metrics.JmxReporter
2025-08-07 20:35:22,113 INFO  [org.apa.kaf.com.met.Metrics] (Thread-600) Closing reporter org.apache.kafka.common.telemetry.internals.ClientTelemetryReporter
2025-08-07 20:35:22,113 INFO  [org.apa.kaf.com.met.Metrics] (Thread-600) Metrics reporters closed
2025-08-07 20:35:22,116 INFO  [org.apa.kaf.com.uti.AppInfoParser] (Thread-600) App info kafka.producer for Producer-topic-33f88f1f_a139_45ca_809d_6e176cefe646 unregistered
**** Registry Base URL: http://registry-app-ksql043.apps.ci419.apicurio-testing.org:80
2025-08-07 20:35:22,164 INFO  [org.apa.kaf.cli.con.ConsumerConfig] (main) ConsumerConfig values: 
	allow.auto.create.topics = true
	auto.commit.interval.ms = 500
	auto.include.jmx.reporter = true
	auto.offset.reset = earliest
	bootstrap.servers = [PLAINTEXT://localhost:32769]
	check.crcs = true
	client.dns.lookup = use_all_dns_ips
	client.id = consumer-Consumer-topic-33f88f1f_a139_45ca_809d_6e176cefe646-1
	client.rack = 
	connections.max.idle.ms = 10000
	default.api.timeout.ms = 60000
	enable.auto.commit = true
	enable.metrics.push = true
	exclude.internal.topics = true
	fetch.max.bytes = 52428800
	fetch.max.wait.ms = 500
	fetch.min.bytes = 1
	group.id = Consumer-topic-33f88f1f_a139_45ca_809d_6e176cefe646
	group.instance.id = null
	group.protocol = classic
	group.remote.assignor = null
	heartbeat.interval.ms = 3000
	interceptor.classes = []
	internal.leave.group.on.close = true
	internal.throw.on.fetch.stable.offset.unsupported = false
	isolation.level = read_uncommitted
	key.deserializer = class org.apache.kafka.common.serialization.StringDeserializer
	max.partition.fetch.bytes = 1048576
	max.poll.interval.ms = 300000
	max.poll.records = 500
	metadata.max.age.ms = 300000
	metadata.recovery.strategy = none
	metric.reporters = []
	metrics.num.samples = 2
	metrics.recording.level = INFO
	metrics.sample.window.ms = 30000
	partition.assignment.strategy = [class org.apache.kafka.clients.consumer.RangeAssignor, class org.apache.kafka.clients.consumer.CooperativeStickyAssignor]
	receive.buffer.bytes = 65536
	reconnect.backoff.max.ms = 1000
	reconnect.backoff.ms = 50
	request.timeout.ms = 5000
	retry.backoff.max.ms = 1000
	retry.backoff.ms = 100
	sasl.client.callback.handler.class = null
	sasl.jaas.config = null
	sasl.kerberos.kinit.cmd = /usr/bin/kinit
	sasl.kerberos.min.time.before.relogin = 60000
	sasl.kerberos.service.name = null
	sasl.kerberos.ticket.renew.jitter = 0.05
	sasl.kerberos.ticket.renew.window.factor = 0.8
	sasl.login.callback.handler.class = null
	sasl.login.class = null
	sasl.login.connect.timeout.ms = null
	sasl.login.read.timeout.ms = null
	sasl.login.refresh.buffer.seconds = 300
	sasl.login.refresh.min.period.seconds = 60
	sasl.login.refresh.window.factor = 0.8
	sasl.login.refresh.window.jitter = 0.05
	sasl.login.retry.backoff.max.ms = 10000
	sasl.login.retry.backoff.ms = 100
	sasl.mechanism = GSSAPI
	sasl.oauthbearer.clock.skew.seconds = 30
	sasl.oauthbearer.expected.audience = null
	sasl.oauthbearer.expected.issuer = null
	sasl.oauthbearer.header.urlencode = false
	sasl.oauthbearer.jwks.endpoint.refresh.ms = 3600000
	sasl.oauthbearer.jwks.endpoint.retry.backoff.max.ms = 10000
	sasl.oauthbearer.jwks.endpoint.retry.backoff.ms = 100
	sasl.oauthbearer.jwks.endpoint.url = null
	sasl.oauthbearer.scope.claim.name = scope
	sasl.oauthbearer.sub.claim.name = sub
	sasl.oauthbearer.token.endpoint.url = null
	security.protocol = PLAINTEXT
	security.providers = null
	send.buffer.bytes = 131072
	session.timeout.ms = 45000
	socket.connection.setup.timeout.max.ms = 30000
	socket.connection.setup.timeout.ms = 10000
	ssl.cipher.suites = null
	ssl.enabled.protocols = [TLSv1.2, TLSv1.3]
	ssl.endpoint.identification.algorithm = https
	ssl.engine.factory.class = null
	ssl.key.password = null
	ssl.keymanager.algorithm = SunX509
	ssl.keystore.certificate.chain = null
	ssl.keystore.key = null
	ssl.keystore.location = null
	ssl.keystore.password = null
	ssl.keystore.type = JKS
	ssl.protocol = TLSv1.3
	ssl.provider = null
	ssl.secure.random.implementation = null
	ssl.trustmanager.algorithm = PKIX
	ssl.truststore.certificates = null
	ssl.truststore.location = null
	ssl.truststore.password = null
	ssl.truststore.type = JKS
	value.deserializer = class io.apicurio.registry.serde.avro.AvroKafkaDeserializer

2025-08-07 20:35:22,175 INFO  [org.apa.kaf.com.tel.int.KafkaMetricsCollector] (main) initializing Kafka metrics collector
2025-08-07 20:35:22,221 INFO  [org.apa.kaf.cli.con.ConsumerConfig] (main) These configurations '[apicurio.registry.url, apicurio.registry.use-id]' were supplied but are not used yet.
2025-08-07 20:35:22,221 INFO  [org.apa.kaf.com.uti.AppInfoParser] (main) Kafka version: 3.9.1
2025-08-07 20:35:22,221 INFO  [org.apa.kaf.com.uti.AppInfoParser] (main) Kafka commitId: f745dfdcee2b9851
2025-08-07 20:35:22,221 INFO  [org.apa.kaf.com.uti.AppInfoParser] (main) Kafka startTimeMs: 1754598922221
2025-08-07 20:35:22,223 INFO  [org.apa.kaf.cli.con.int.ClassicKafkaConsumer] (Thread-603) [Consumer clientId=consumer-Consumer-topic-33f88f1f_a139_45ca_809d_6e176cefe646-1, groupId=Consumer-topic-33f88f1f_a139_45ca_809d_6e176cefe646] Subscribed to topic(s): topic-33f88f1f_a139_45ca_809d_6e176cefe646
2025-08-07 20:35:22,241 INFO  [org.apa.kaf.cli.Metadata] (Thread-603) [Consumer clientId=consumer-Consumer-topic-33f88f1f_a139_45ca_809d_6e176cefe646-1, groupId=Consumer-topic-33f88f1f_a139_45ca_809d_6e176cefe646] Cluster ID: 7hmfGG3YTMCno0-sg6ieQg
2025-08-07 20:35:22,376 INFO  [org.apa.kaf.cli.con.int.ConsumerCoordinator] (Thread-603) [Consumer clientId=consumer-Consumer-topic-33f88f1f_a139_45ca_809d_6e176cefe646-1, groupId=Consumer-topic-33f88f1f_a139_45ca_809d_6e176cefe646] Discovered group coordinator localhost:32769 (id: 2147483647 rack: null)
2025-08-07 20:35:22,388 INFO  [org.apa.kaf.cli.con.int.ConsumerCoordinator] (Thread-603) [Consumer clientId=consumer-Consumer-topic-33f88f1f_a139_45ca_809d_6e176cefe646-1, groupId=Consumer-topic-33f88f1f_a139_45ca_809d_6e176cefe646] (Re-)joining group
2025-08-07 20:35:22,412 INFO  [org.apa.kaf.cli.con.int.ConsumerCoordinator] (Thread-603) [Consumer clientId=consumer-Consumer-topic-33f88f1f_a139_45ca_809d_6e176cefe646-1, groupId=Consumer-topic-33f88f1f_a139_45ca_809d_6e176cefe646] Group coordinator localhost:32769 (id: 2147483647 rack: null) is unavailable or invalid due to cause: error response NOT_COORDINATOR. isDisconnected: false. Rediscovery will be attempted.
2025-08-07 20:35:22,412 INFO  [org.apa.kaf.cli.con.int.ConsumerCoordinator] (Thread-603) [Consumer clientId=consumer-Consumer-topic-33f88f1f_a139_45ca_809d_6e176cefe646-1, groupId=Consumer-topic-33f88f1f_a139_45ca_809d_6e176cefe646] Requesting disconnect from last known coordinator localhost:32769 (id: 2147483647 rack: null)
2025-08-07 20:35:22,413 INFO  [org.apa.kaf.cli.con.int.ConsumerCoordinator] (Thread-603) [Consumer clientId=consumer-Consumer-topic-33f88f1f_a139_45ca_809d_6e176cefe646-1, groupId=Consumer-topic-33f88f1f_a139_45ca_809d_6e176cefe646] JoinGroup failed: This is not the correct coordinator. Marking coordinator unknown. Sent generation was Generation{generationId=-1, memberId='', protocol='null'}
2025-08-07 20:35:22,413 INFO  [org.apa.kaf.cli.NetworkClient] (Thread-603) [Consumer clientId=consumer-Consumer-topic-33f88f1f_a139_45ca_809d_6e176cefe646-1, groupId=Consumer-topic-33f88f1f_a139_45ca_809d_6e176cefe646] Client requested disconnect from node 2147483647
2025-08-07 20:35:22,419 INFO  [org.apa.kaf.cli.con.int.ConsumerCoordinator] (Thread-603) [Consumer clientId=consumer-Consumer-topic-33f88f1f_a139_45ca_809d_6e176cefe646-1, groupId=Consumer-topic-33f88f1f_a139_45ca_809d_6e176cefe646] Discovered group coordinator localhost:32769 (id: 2147483647 rack: null)
2025-08-07 20:35:22,419 INFO  [org.apa.kaf.cli.con.int.ConsumerCoordinator] (Thread-603) [Consumer clientId=consumer-Consumer-topic-33f88f1f_a139_45ca_809d_6e176cefe646-1, groupId=Consumer-topic-33f88f1f_a139_45ca_809d_6e176cefe646] Group coordinator localhost:32769 (id: 2147483647 rack: null) is unavailable or invalid due to cause: coordinator unavailable. isDisconnected: false. Rediscovery will be attempted.
2025-08-07 20:35:22,420 INFO  [org.apa.kaf.cli.con.int.ConsumerCoordinator] (Thread-603) [Consumer clientId=consumer-Consumer-topic-33f88f1f_a139_45ca_809d_6e176cefe646-1, groupId=Consumer-topic-33f88f1f_a139_45ca_809d_6e176cefe646] Requesting disconnect from last known coordinator localhost:32769 (id: 2147483647 rack: null)
2025-08-07 20:35:22,523 INFO  [org.apa.kaf.cli.con.int.ConsumerCoordinator] (Thread-603) [Consumer clientId=consumer-Consumer-topic-33f88f1f_a139_45ca_809d_6e176cefe646-1, groupId=Consumer-topic-33f88f1f_a139_45ca_809d_6e176cefe646] Discovered group coordinator localhost:32769 (id: 2147483647 rack: null)
2025-08-07 20:35:22,527 INFO  [org.apa.kaf.cli.con.int.ConsumerCoordinator] (Thread-603) [Consumer clientId=consumer-Consumer-topic-33f88f1f_a139_45ca_809d_6e176cefe646-1, groupId=Consumer-topic-33f88f1f_a139_45ca_809d_6e176cefe646] Request joining group due to: rebalance failed due to 'This is not the correct coordinator.' (NotCoordinatorException)
2025-08-07 20:35:22,530 INFO  [org.apa.kaf.cli.con.int.ConsumerCoordinator] (Thread-603) [Consumer clientId=consumer-Consumer-topic-33f88f1f_a139_45ca_809d_6e176cefe646-1, groupId=Consumer-topic-33f88f1f_a139_45ca_809d_6e176cefe646] (Re-)joining group
2025-08-07 20:35:22,533 INFO  [org.apa.kaf.cli.con.int.ConsumerCoordinator] (Thread-603) [Consumer clientId=consumer-Consumer-topic-33f88f1f_a139_45ca_809d_6e176cefe646-1, groupId=Consumer-topic-33f88f1f_a139_45ca_809d_6e176cefe646] Group coordinator localhost:32769 (id: 2147483647 rack: null) is unavailable or invalid due to cause: error response NOT_COORDINATOR. isDisconnected: false. Rediscovery will be attempted.
2025-08-07 20:35:22,534 INFO  [org.apa.kaf.cli.con.int.ConsumerCoordinator] (Thread-603) [Consumer clientId=consumer-Consumer-topic-33f88f1f_a139_45ca_809d_6e176cefe646-1, groupId=Consumer-topic-33f88f1f_a139_45ca_809d_6e176cefe646] Requesting disconnect from last known coordinator localhost:32769 (id: 2147483647 rack: null)
2025-08-07 20:35:22,534 INFO  [org.apa.kaf.cli.con.int.ConsumerCoordinator] (Thread-603) [Consumer clientId=consumer-Consumer-topic-33f88f1f_a139_45ca_809d_6e176cefe646-1, groupId=Consumer-topic-33f88f1f_a139_45ca_809d_6e176cefe646] JoinGroup failed: This is not the correct coordinator. Marking coordinator unknown. Sent generation was Generation{generationId=-1, memberId='', protocol='null'}
2025-08-07 20:35:22,537 INFO  [org.apa.kaf.cli.NetworkClient] (Thread-603) [Consumer clientId=consumer-Consumer-topic-33f88f1f_a139_45ca_809d_6e176cefe646-1, groupId=Consumer-topic-33f88f1f_a139_45ca_809d_6e176cefe646] Client requested disconnect from node 2147483647
2025-08-07 20:35:22,541 INFO  [org.apa.kaf.cli.con.int.ConsumerCoordinator] (Thread-603) [Consumer clientId=consumer-Consumer-topic-33f88f1f_a139_45ca_809d_6e176cefe646-1, groupId=Consumer-topic-33f88f1f_a139_45ca_809d_6e176cefe646] Discovered group coordinator localhost:32769 (id: 2147483647 rack: null)
2025-08-07 20:35:22,541 INFO  [org.apa.kaf.cli.con.int.ConsumerCoordinator] (Thread-603) [Consumer clientId=consumer-Consumer-topic-33f88f1f_a139_45ca_809d_6e176cefe646-1, groupId=Consumer-topic-33f88f1f_a139_45ca_809d_6e176cefe646] Group coordinator localhost:32769 (id: 2147483647 rack: null) is unavailable or invalid due to cause: coordinator unavailable. isDisconnected: false. Rediscovery will be attempted.
2025-08-07 20:35:22,541 INFO  [org.apa.kaf.cli.con.int.ConsumerCoordinator] (Thread-603) [Consumer clientId=consumer-Consumer-topic-33f88f1f_a139_45ca_809d_6e176cefe646-1, groupId=Consumer-topic-33f88f1f_a139_45ca_809d_6e176cefe646] Requesting disconnect from last known coordinator localhost:32769 (id: 2147483647 rack: null)
2025-08-07 20:35:22,641 INFO  [org.apa.kaf.cli.con.int.ConsumerCoordinator] (Thread-603) [Consumer clientId=consumer-Consumer-topic-33f88f1f_a139_45ca_809d_6e176cefe646-1, groupId=Consumer-topic-33f88f1f_a139_45ca_809d_6e176cefe646] Discovered group coordinator localhost:32769 (id: 2147483647 rack: null)
2025-08-07 20:35:22,644 INFO  [org.apa.kaf.cli.con.int.ConsumerCoordinator] (Thread-603) [Consumer clientId=consumer-Consumer-topic-33f88f1f_a139_45ca_809d_6e176cefe646-1, groupId=Consumer-topic-33f88f1f_a139_45ca_809d_6e176cefe646] Request joining group due to: rebalance failed due to 'This is not the correct coordinator.' (NotCoordinatorException)
2025-08-07 20:35:22,645 INFO  [org.apa.kaf.cli.con.int.ConsumerCoordinator] (Thread-603) [Consumer clientId=consumer-Consumer-topic-33f88f1f_a139_45ca_809d_6e176cefe646-1, groupId=Consumer-topic-33f88f1f_a139_45ca_809d_6e176cefe646] (Re-)joining group
2025-08-07 20:35:22,652 INFO  [org.apa.kaf.cli.con.int.ConsumerCoordinator] (Thread-603) [Consumer clientId=consumer-Consumer-topic-33f88f1f_a139_45ca_809d_6e176cefe646-1, groupId=Consumer-topic-33f88f1f_a139_45ca_809d_6e176cefe646] Group coordinator localhost:32769 (id: 2147483647 rack: null) is unavailable or invalid due to cause: error response NOT_COORDINATOR. isDisconnected: false. Rediscovery will be attempted.
2025-08-07 20:35:22,652 INFO  [org.apa.kaf.cli.con.int.ConsumerCoordinator] (Thread-603) [Consumer clientId=consumer-Consumer-topic-33f88f1f_a139_45ca_809d_6e176cefe646-1, groupId=Consumer-topic-33f88f1f_a139_45ca_809d_6e176cefe646] Requesting disconnect from last known coordinator localhost:32769 (id: 2147483647 rack: null)
2025-08-07 20:35:22,652 INFO  [org.apa.kaf.cli.con.int.ConsumerCoordinator] (Thread-603) [Consumer clientId=consumer-Consumer-topic-33f88f1f_a139_45ca_809d_6e176cefe646-1, groupId=Consumer-topic-33f88f1f_a139_45ca_809d_6e176cefe646] JoinGroup failed: This is not the correct coordinator. Marking coordinator unknown. Sent generation was Generation{generationId=-1, memberId='', protocol='null'}
2025-08-07 20:35:22,652 INFO  [org.apa.kaf.cli.NetworkClient] (Thread-603) [Consumer clientId=consumer-Consumer-topic-33f88f1f_a139_45ca_809d_6e176cefe646-1, groupId=Consumer-topic-33f88f1f_a139_45ca_809d_6e176cefe646] Client requested disconnect from node 2147483647
2025-08-07 20:35:22,666 INFO  [org.apa.kaf.cli.con.int.ConsumerCoordinator] (Thread-603) [Consumer clientId=consumer-Consumer-topic-33f88f1f_a139_45ca_809d_6e176cefe646-1, groupId=Consumer-topic-33f88f1f_a139_45ca_809d_6e176cefe646] Discovered group coordinator localhost:32769 (id: 2147483647 rack: null)
2025-08-07 20:35:22,666 INFO  [org.apa.kaf.cli.con.int.ConsumerCoordinator] (Thread-603) [Consumer clientId=consumer-Consumer-topic-33f88f1f_a139_45ca_809d_6e176cefe646-1, groupId=Consumer-topic-33f88f1f_a139_45ca_809d_6e176cefe646] Group coordinator localhost:32769 (id: 2147483647 rack: null) is unavailable or invalid due to cause: coordinator unavailable. isDisconnected: false. Rediscovery will be attempted.
2025-08-07 20:35:22,666 INFO  [org.apa.kaf.cli.con.int.ConsumerCoordinator] (Thread-603) [Consumer clientId=consumer-Consumer-topic-33f88f1f_a139_45ca_809d_6e176cefe646-1, groupId=Consumer-topic-33f88f1f_a139_45ca_809d_6e176cefe646] Requesting disconnect from last known coordinator localhost:32769 (id: 2147483647 rack: null)
2025-08-07 20:35:22,769 INFO  [org.apa.kaf.cli.con.int.ConsumerCoordinator] (Thread-603) [Consumer clientId=consumer-Consumer-topic-33f88f1f_a139_45ca_809d_6e176cefe646-1, groupId=Consumer-topic-33f88f1f_a139_45ca_809d_6e176cefe646] Discovered group coordinator localhost:32769 (id: 2147483647 rack: null)
2025-08-07 20:35:22,771 INFO  [org.apa.kaf.cli.con.int.ConsumerCoordinator] (Thread-603) [Consumer clientId=consumer-Consumer-topic-33f88f1f_a139_45ca_809d_6e176cefe646-1, groupId=Consumer-topic-33f88f1f_a139_45ca_809d_6e176cefe646] Request joining group due to: rebalance failed due to 'This is not the correct coordinator.' (NotCoordinatorException)
2025-08-07 20:35:22,774 INFO  [org.apa.kaf.cli.con.int.ConsumerCoordinator] (Thread-603) [Consumer clientId=consumer-Consumer-topic-33f88f1f_a139_45ca_809d_6e176cefe646-1, groupId=Consumer-topic-33f88f1f_a139_45ca_809d_6e176cefe646] (Re-)joining group
2025-08-07 20:35:22,783 INFO  [org.apa.kaf.cli.con.int.ConsumerCoordinator] (Thread-603) [Consumer clientId=consumer-Consumer-topic-33f88f1f_a139_45ca_809d_6e176cefe646-1, groupId=Consumer-topic-33f88f1f_a139_45ca_809d_6e176cefe646] Group coordinator localhost:32769 (id: 2147483647 rack: null) is unavailable or invalid due to cause: error response NOT_COORDINATOR. isDisconnected: false. Rediscovery will be attempted.
2025-08-07 20:35:22,783 INFO  [org.apa.kaf.cli.con.int.ConsumerCoordinator] (Thread-603) [Consumer clientId=consumer-Consumer-topic-33f88f1f_a139_45ca_809d_6e176cefe646-1, groupId=Consumer-topic-33f88f1f_a139_45ca_809d_6e176cefe646] Requesting disconnect from last known coordinator localhost:32769 (id: 2147483647 rack: null)
2025-08-07 20:35:22,784 INFO  [org.apa.kaf.cli.con.int.ConsumerCoordinator] (Thread-603) [Consumer clientId=consumer-Consumer-topic-33f88f1f_a139_45ca_809d_6e176cefe646-1, groupId=Consumer-topic-33f88f1f_a139_45ca_809d_6e176cefe646] JoinGroup failed: This is not the correct coordinator. Marking coordinator unknown. Sent generation was Generation{generationId=-1, memberId='', protocol='null'}
2025-08-07 20:35:22,784 INFO  [org.apa.kaf.cli.NetworkClient] (Thread-603) [Consumer clientId=consumer-Consumer-topic-33f88f1f_a139_45ca_809d_6e176cefe646-1, groupId=Consumer-topic-33f88f1f_a139_45ca_809d_6e176cefe646] Client requested disconnect from node 2147483647
2025-08-07 20:35:22,791 INFO  [org.apa.kaf.cli.con.int.ConsumerCoordinator] (Thread-603) [Consumer clientId=consumer-Consumer-topic-33f88f1f_a139_45ca_809d_6e176cefe646-1, groupId=Consumer-topic-33f88f1f_a139_45ca_809d_6e176cefe646] Discovered group coordinator localhost:32769 (id: 2147483647 rack: null)
2025-08-07 20:35:22,791 INFO  [org.apa.kaf.cli.con.int.ConsumerCoordinator] (Thread-603) [Consumer clientId=consumer-Consumer-topic-33f88f1f_a139_45ca_809d_6e176cefe646-1, groupId=Consumer-topic-33f88f1f_a139_45ca_809d_6e176cefe646] Group coordinator localhost:32769 (id: 2147483647 rack: null) is unavailable or invalid due to cause: coordinator unavailable. isDisconnected: false. Rediscovery will be attempted.
2025-08-07 20:35:22,791 INFO  [org.apa.kaf.cli.con.int.ConsumerCoordinator] (Thread-603) [Consumer clientId=consumer-Consumer-topic-33f88f1f_a139_45ca_809d_6e176cefe646-1, groupId=Consumer-topic-33f88f1f_a139_45ca_809d_6e176cefe646] Requesting disconnect from last known coordinator localhost:32769 (id: 2147483647 rack: null)
2025-08-07 20:35:22,903 INFO  [org.apa.kaf.cli.con.int.ConsumerCoordinator] (Thread-603) [Consumer clientId=consumer-Consumer-topic-33f88f1f_a139_45ca_809d_6e176cefe646-1, groupId=Consumer-topic-33f88f1f_a139_45ca_809d_6e176cefe646] Discovered group coordinator localhost:32769 (id: 2147483647 rack: null)
2025-08-07 20:35:22,904 INFO  [org.apa.kaf.cli.con.int.ConsumerCoordinator] (Thread-603) [Consumer clientId=consumer-Consumer-topic-33f88f1f_a139_45ca_809d_6e176cefe646-1, groupId=Consumer-topic-33f88f1f_a139_45ca_809d_6e176cefe646] Request joining group due to: rebalance failed due to 'This is not the correct coordinator.' (NotCoordinatorException)
2025-08-07 20:35:22,904 INFO  [org.apa.kaf.cli.con.int.ConsumerCoordinator] (Thread-603) [Consumer clientId=consumer-Consumer-topic-33f88f1f_a139_45ca_809d_6e176cefe646-1, groupId=Consumer-topic-33f88f1f_a139_45ca_809d_6e176cefe646] (Re-)joining group
2025-08-07 20:35:22,913 INFO  [org.apa.kaf.cli.con.int.ConsumerCoordinator] (Thread-603) [Consumer clientId=consumer-Consumer-topic-33f88f1f_a139_45ca_809d_6e176cefe646-1, groupId=Consumer-topic-33f88f1f_a139_45ca_809d_6e176cefe646] Request joining group due to: need to re-join with the given member-id: consumer-Consumer-topic-33f88f1f_a139_45ca_809d_6e176cefe646-1-2a03ef20-1b33-4246-b006-f7588b7b66fd
2025-08-07 20:35:22,913 INFO  [org.apa.kaf.cli.con.int.ConsumerCoordinator] (Thread-603) [Consumer clientId=consumer-Consumer-topic-33f88f1f_a139_45ca_809d_6e176cefe646-1, groupId=Consumer-topic-33f88f1f_a139_45ca_809d_6e176cefe646] (Re-)joining group
2025-08-07 20:35:23,224 INFO  [io.api.tes.ser.api.KafkaSerdesTester] (Thread-603) None found
2025-08-07 20:35:24,224 INFO  [io.api.tes.ser.api.KafkaSerdesTester] (Thread-603) None found
2025-08-07 20:35:25,224 INFO  [io.api.tes.ser.api.KafkaSerdesTester] (Thread-603) None found
2025-08-07 20:35:25,929 INFO  [org.apa.kaf.cli.con.int.ConsumerCoordinator] (Thread-603) [Consumer clientId=consumer-Consumer-topic-33f88f1f_a139_45ca_809d_6e176cefe646-1, groupId=Consumer-topic-33f88f1f_a139_45ca_809d_6e176cefe646] Successfully joined group with generation Generation{generationId=1, memberId='consumer-Consumer-topic-33f88f1f_a139_45ca_809d_6e176cefe646-1-2a03ef20-1b33-4246-b006-f7588b7b66fd', protocol='range'}
2025-08-07 20:35:25,942 INFO  [org.apa.kaf.cli.con.int.ConsumerCoordinator] (Thread-603) [Consumer clientId=consumer-Consumer-topic-33f88f1f_a139_45ca_809d_6e176cefe646-1, groupId=Consumer-topic-33f88f1f_a139_45ca_809d_6e176cefe646] Finished assignment for group at generation 1: {consumer-Consumer-topic-33f88f1f_a139_45ca_809d_6e176cefe646-1-2a03ef20-1b33-4246-b006-f7588b7b66fd=Assignment(partitions=[topic-33f88f1f_a139_45ca_809d_6e176cefe646-0])}
2025-08-07 20:35:25,965 INFO  [org.apa.kaf.cli.con.int.ConsumerCoordinator] (Thread-603) [Consumer clientId=consumer-Consumer-topic-33f88f1f_a139_45ca_809d_6e176cefe646-1, groupId=Consumer-topic-33f88f1f_a139_45ca_809d_6e176cefe646] Successfully synced group in generation Generation{generationId=1, memberId='consumer-Consumer-topic-33f88f1f_a139_45ca_809d_6e176cefe646-1-2a03ef20-1b33-4246-b006-f7588b7b66fd', protocol='range'}
2025-08-07 20:35:25,967 INFO  [org.apa.kaf.cli.con.int.ConsumerCoordinator] (Thread-603) [Consumer clientId=consumer-Consumer-topic-33f88f1f_a139_45ca_809d_6e176cefe646-1, groupId=Consumer-topic-33f88f1f_a139_45ca_809d_6e176cefe646] Notifying assignor about the new Assignment(partitions=[topic-33f88f1f_a139_45ca_809d_6e176cefe646-0])
2025-08-07 20:35:25,971 INFO  [org.apa.kaf.cli.con.int.ConsumerRebalanceListenerInvoker] (Thread-603) [Consumer clientId=consumer-Consumer-topic-33f88f1f_a139_45ca_809d_6e176cefe646-1, groupId=Consumer-topic-33f88f1f_a139_45ca_809d_6e176cefe646] Adding newly assigned partitions: topic-33f88f1f_a139_45ca_809d_6e176cefe646-0
2025-08-07 20:35:25,998 INFO  [org.apa.kaf.cli.con.int.ConsumerCoordinator] (Thread-603) [Consumer clientId=consumer-Consumer-topic-33f88f1f_a139_45ca_809d_6e176cefe646-1, groupId=Consumer-topic-33f88f1f_a139_45ca_809d_6e176cefe646] Found no committed offset for partition topic-33f88f1f_a139_45ca_809d_6e176cefe646-0
2025-08-07 20:35:26,023 INFO  [org.apa.kaf.cli.con.int.SubscriptionState] (Thread-603) [Consumer clientId=consumer-Consumer-topic-33f88f1f_a139_45ca_809d_6e176cefe646-1, groupId=Consumer-topic-33f88f1f_a139_45ca_809d_6e176cefe646] Resetting offset for partition topic-33f88f1f_a139_45ca_809d_6e176cefe646-0 to position FetchPosition{offset=0, offsetEpoch=Optional.empty, currentLeader=LeaderAndEpoch{leader=Optional[localhost:32769 (id: 0 rack: null)], epoch=0}}.
2025-08-07 20:35:26,149 INFO  [io.api.tes.ser.api.KafkaSerdesTester] (Thread-603) topic-33f88f1f_a139_45ca_809d_6e176cefe646 0 0 {"key11754598921253": "value-0"}
2025-08-07 20:35:26,149 INFO  [io.api.tes.ser.api.KafkaSerdesTester] (Thread-603) topic-33f88f1f_a139_45ca_809d_6e176cefe646 0 1 {"key11754598921253": "value-1"}
2025-08-07 20:35:26,149 INFO  [io.api.tes.ser.api.KafkaSerdesTester] (Thread-603) topic-33f88f1f_a139_45ca_809d_6e176cefe646 0 2 {"key11754598921253": "value-2"}
2025-08-07 20:35:26,149 INFO  [io.api.tes.ser.api.KafkaSerdesTester] (Thread-603) topic-33f88f1f_a139_45ca_809d_6e176cefe646 0 3 {"key11754598921253": "value-3"}
2025-08-07 20:35:26,149 INFO  [io.api.tes.ser.api.KafkaSerdesTester] (Thread-603) topic-33f88f1f_a139_45ca_809d_6e176cefe646 0 4 {"key11754598921253": "value-4"}
2025-08-07 20:35:26,149 INFO  [io.api.tes.ser.api.KafkaSerdesTester] (Thread-603) topic-33f88f1f_a139_45ca_809d_6e176cefe646 0 5 {"key11754598921253": "value-5"}
2025-08-07 20:35:26,151 INFO  [io.api.tes.ser.api.KafkaSerdesTester] (Thread-603) topic-33f88f1f_a139_45ca_809d_6e176cefe646 0 6 {"key11754598921253": "value-6"}
2025-08-07 20:35:26,151 INFO  [io.api.tes.ser.api.KafkaSerdesTester] (Thread-603) topic-33f88f1f_a139_45ca_809d_6e176cefe646 0 7 {"key11754598921253": "value-7"}
2025-08-07 20:35:26,151 INFO  [io.api.tes.ser.api.KafkaSerdesTester] (Thread-603) topic-33f88f1f_a139_45ca_809d_6e176cefe646 0 8 {"key11754598921253": "value-8"}
2025-08-07 20:35:26,151 INFO  [io.api.tes.ser.api.KafkaSerdesTester] (Thread-603) topic-33f88f1f_a139_45ca_809d_6e176cefe646 0 9 {"key11754598921253": "value-9"}
2025-08-07 20:35:26,152 INFO  [io.api.tes.ser.api.KafkaSerdesTester] (Thread-603) Consumed 10 messages
2025-08-07 20:35:26,193 INFO  [org.apa.kaf.cli.con.int.ConsumerRebalanceListenerInvoker] (Thread-603) [Consumer clientId=consumer-Consumer-topic-33f88f1f_a139_45ca_809d_6e176cefe646-1, groupId=Consumer-topic-33f88f1f_a139_45ca_809d_6e176cefe646] Revoke previously assigned partitions topic-33f88f1f_a139_45ca_809d_6e176cefe646-0
2025-08-07 20:35:26,194 INFO  [org.apa.kaf.cli.con.int.ConsumerCoordinator] (Thread-603) [Consumer clientId=consumer-Consumer-topic-33f88f1f_a139_45ca_809d_6e176cefe646-1, groupId=Consumer-topic-33f88f1f_a139_45ca_809d_6e176cefe646] Member consumer-Consumer-topic-33f88f1f_a139_45ca_809d_6e176cefe646-1-2a03ef20-1b33-4246-b006-f7588b7b66fd sending LeaveGroup request to coordinator localhost:32769 (id: 2147483647 rack: null) due to the consumer is being closed
2025-08-07 20:35:26,200 INFO  [org.apa.kaf.cli.con.int.ConsumerCoordinator] (Thread-603) [Consumer clientId=consumer-Consumer-topic-33f88f1f_a139_45ca_809d_6e176cefe646-1, groupId=Consumer-topic-33f88f1f_a139_45ca_809d_6e176cefe646] Resetting generation and member id due to: consumer pro-actively leaving the group
2025-08-07 20:35:26,200 INFO  [org.apa.kaf.cli.con.int.ConsumerCoordinator] (Thread-603) [Consumer clientId=consumer-Consumer-topic-33f88f1f_a139_45ca_809d_6e176cefe646-1, groupId=Consumer-topic-33f88f1f_a139_45ca_809d_6e176cefe646] Request joining group due to: consumer pro-actively leaving the group
2025-08-07 20:35:26,671 INFO  [org.apa.kaf.com.met.Metrics] (Thread-603) Metrics scheduler closed
2025-08-07 20:35:26,671 INFO  [org.apa.kaf.com.met.Metrics] (Thread-603) Closing reporter org.apache.kafka.common.metrics.JmxReporter
2025-08-07 20:35:26,671 INFO  [org.apa.kaf.com.met.Metrics] (Thread-603) Closing reporter org.apache.kafka.common.telemetry.internals.ClientTelemetryReporter
2025-08-07 20:35:26,671 INFO  [org.apa.kaf.com.met.Metrics] (Thread-603) Metrics reporters closed
2025-08-07 20:35:26,680 INFO  [org.apa.kaf.com.uti.AppInfoParser] (Thread-603) App info kafka.consumer for consumer-Consumer-topic-33f88f1f_a139_45ca_809d_6e176cefe646-1 unregistered
2025-08-07 20:35:26,681 INFO  [io.api.tes.uti.TestSeparator] (main) io.apicurio.tests.serdes.apicurio.AvroSerdeIT.testGlobalIdInHeaders-FINISHED
2025-08-07 20:35:26,681 INFO  [io.api.tes.uti.TestSeparator] (main) ############################################################################
Test passed: testGlobalIdInHeaders
]]></system-out>
  </testcase>
  <testcase name="testSimpleTopicIdStrategyFindLatest" classname="io.apicurio.tests.serdes.apicurio.AvroSerdeIT" time="4.862">
    <system-out><![CDATA[2025-08-07 20:35:26,683 INFO  [io.api.tes.uti.TestSeparator] (main) ############################################################################
2025-08-07 20:35:26,683 INFO  [io.api.tes.uti.TestSeparator] (main) io.apicurio.tests.serdes.apicurio.AvroSerdeIT.testSimpleTopicIdStrategyFindLatest-STARTED
2025-08-07 20:35:26,684 INFO  [io.api.tes.ser.api.AvroSerdeIT] (main) Registering Avro Schema: {"type":"record","name":"myrecordapicurio1","fields":[{"name":"key11754598926684","type":"string"}]}
**** Registry Base URL: http://registry-app-ksql043.apps.ci419.apicurio-testing.org:80
2025-08-07 20:35:27,793 INFO  [org.apa.kaf.cli.pro.ProducerConfig] (main) ProducerConfig values: 
	acks = -1
	auto.include.jmx.reporter = true
	batch.size = 16384
	bootstrap.servers = [PLAINTEXT://localhost:32769]
	buffer.memory = 33554432
	client.dns.lookup = use_all_dns_ips
	client.id = Producer-topic-439ccd3d_218a_48a3_b916_8a689b1896bb
	compression.gzip.level = -1
	compression.lz4.level = 9
	compression.type = none
	compression.zstd.level = 3
	connections.max.idle.ms = 10000
	delivery.timeout.ms = 120000
	enable.idempotence = true
	enable.metrics.push = true
	interceptor.classes = []
	key.serializer = class org.apache.kafka.common.serialization.StringSerializer
	linger.ms = 0
	max.block.ms = 60000
	max.in.flight.requests.per.connection = 5
	max.request.size = 1048576
	metadata.max.age.ms = 300000
	metadata.max.idle.ms = 300000
	metadata.recovery.strategy = none
	metric.reporters = []
	metrics.num.samples = 2
	metrics.recording.level = INFO
	metrics.sample.window.ms = 30000
	partitioner.adaptive.partitioning.enable = true
	partitioner.availability.timeout.ms = 0
	partitioner.class = null
	partitioner.ignore.keys = false
	receive.buffer.bytes = 32768
	reconnect.backoff.max.ms = 1000
	reconnect.backoff.ms = 50
	request.timeout.ms = 5000
	retries = 2147483647
	retry.backoff.max.ms = 1000
	retry.backoff.ms = 100
	sasl.client.callback.handler.class = null
	sasl.jaas.config = null
	sasl.kerberos.kinit.cmd = /usr/bin/kinit
	sasl.kerberos.min.time.before.relogin = 60000
	sasl.kerberos.service.name = null
	sasl.kerberos.ticket.renew.jitter = 0.05
	sasl.kerberos.ticket.renew.window.factor = 0.8
	sasl.login.callback.handler.class = null
	sasl.login.class = null
	sasl.login.connect.timeout.ms = null
	sasl.login.read.timeout.ms = null
	sasl.login.refresh.buffer.seconds = 300
	sasl.login.refresh.min.period.seconds = 60
	sasl.login.refresh.window.factor = 0.8
	sasl.login.refresh.window.jitter = 0.05
	sasl.login.retry.backoff.max.ms = 10000
	sasl.login.retry.backoff.ms = 100
	sasl.mechanism = GSSAPI
	sasl.oauthbearer.clock.skew.seconds = 30
	sasl.oauthbearer.expected.audience = null
	sasl.oauthbearer.expected.issuer = null
	sasl.oauthbearer.header.urlencode = false
	sasl.oauthbearer.jwks.endpoint.refresh.ms = 3600000
	sasl.oauthbearer.jwks.endpoint.retry.backoff.max.ms = 10000
	sasl.oauthbearer.jwks.endpoint.retry.backoff.ms = 100
	sasl.oauthbearer.jwks.endpoint.url = null
	sasl.oauthbearer.scope.claim.name = scope
	sasl.oauthbearer.sub.claim.name = sub
	sasl.oauthbearer.token.endpoint.url = null
	security.protocol = PLAINTEXT
	security.providers = null
	send.buffer.bytes = 131072
	socket.connection.setup.timeout.max.ms = 30000
	socket.connection.setup.timeout.ms = 10000
	ssl.cipher.suites = null
	ssl.enabled.protocols = [TLSv1.2, TLSv1.3]
	ssl.endpoint.identification.algorithm = https
	ssl.engine.factory.class = null
	ssl.key.password = null
	ssl.keymanager.algorithm = SunX509
	ssl.keystore.certificate.chain = null
	ssl.keystore.key = null
	ssl.keystore.location = null
	ssl.keystore.password = null
	ssl.keystore.type = JKS
	ssl.protocol = TLSv1.3
	ssl.provider = null
	ssl.secure.random.implementation = null
	ssl.trustmanager.algorithm = PKIX
	ssl.truststore.certificates = null
	ssl.truststore.location = null
	ssl.truststore.password = null
	ssl.truststore.type = JKS
	transaction.timeout.ms = 60000
	transactional.id = null
	value.serializer = class io.apicurio.registry.serde.avro.AvroKafkaSerializer

2025-08-07 20:35:27,794 INFO  [org.apa.kaf.com.tel.int.KafkaMetricsCollector] (main) initializing Kafka metrics collector
2025-08-07 20:35:27,799 INFO  [org.apa.kaf.cli.pro.KafkaProducer] (main) [Producer clientId=Producer-topic-439ccd3d_218a_48a3_b916_8a689b1896bb] Instantiated an idempotent producer.
2025-08-07 20:35:27,808 INFO  [org.apa.kaf.cli.pro.ProducerConfig] (main) These configurations '[apicurio.registry.find-latest, apicurio.registry.artifact.group-id, apicurio.registry.url, apicurio.registry.artifact-resolver-strategy]' were supplied but are not used yet.
2025-08-07 20:35:27,808 INFO  [org.apa.kaf.com.uti.AppInfoParser] (main) Kafka version: 3.9.1
2025-08-07 20:35:27,808 INFO  [org.apa.kaf.com.uti.AppInfoParser] (main) Kafka commitId: f745dfdcee2b9851
2025-08-07 20:35:27,808 INFO  [org.apa.kaf.com.uti.AppInfoParser] (main) Kafka startTimeMs: 1754598927808
2025-08-07 20:35:27,808 INFO  [io.api.tes.ser.api.SimpleSerdesTesterBuilder$SimpleSerdesTester] (main) Using producer configuration: {apicurio.registry.find-latest=true, apicurio.registry.artifact.group-id=topic-439ccd3d_218a_48a3_b916_8a689b1896bb, apicurio.registry.url=http://registry-app-ksql043.apps.ci419.apicurio-testing.org:80/apis/registry/v3, apicurio.registry.artifact-resolver-strategy=io.apicurio.registry.serde.strategy.SimpleTopicIdStrategy, value.serializer=io.apicurio.registry.serde.avro.AvroKafkaSerializer, request.timeout.ms=5000, acks=all, bootstrap.servers=PLAINTEXT://localhost:32769, connections.max.idle.ms=10000, key.serializer=org.apache.kafka.common.serialization.StringSerializer, client.id=Producer-topic-439ccd3d_218a_48a3_b916_8a689b1896bb}
2025-08-07 20:35:27,808 INFO  [io.api.tes.ser.api.SimpleSerdesTesterBuilder$SimpleSerdesTester] (main) Using consumer configuration: {}
2025-08-07 20:35:27,811 INFO  [io.api.tes.ser.api.KafkaSerdesTester] (Thread-606) Sending message {"key11754598926684": "value-0"} to topic topic-439ccd3d_218a_48a3_b916_8a689b1896bb
2025-08-07 20:35:27,824 INFO  [org.apa.kaf.cli.Metadata] (kafka-producer-network-thread | Producer-topic-439ccd3d_218a_48a3_b916_8a689b1896bb) [Producer clientId=Producer-topic-439ccd3d_218a_48a3_b916_8a689b1896bb] Cluster ID: 7hmfGG3YTMCno0-sg6ieQg
2025-08-07 20:35:27,824 INFO  [org.apa.kaf.cli.pro.int.TransactionManager] (kafka-producer-network-thread | Producer-topic-439ccd3d_218a_48a3_b916_8a689b1896bb) [Producer clientId=Producer-topic-439ccd3d_218a_48a3_b916_8a689b1896bb] ProducerId set to 1 with epoch 0
2025-08-07 20:35:27,889 INFO  [io.api.tes.ser.api.KafkaSerdesTester] (Thread-606) Sending message {"key11754598926684": "value-1"} to topic topic-439ccd3d_218a_48a3_b916_8a689b1896bb
2025-08-07 20:35:27,892 INFO  [io.api.tes.ser.api.KafkaSerdesTester] (Thread-606) Sending message {"key11754598926684": "value-2"} to topic topic-439ccd3d_218a_48a3_b916_8a689b1896bb
2025-08-07 20:35:27,895 INFO  [io.api.tes.ser.api.KafkaSerdesTester] (Thread-606) Sending message {"key11754598926684": "value-3"} to topic topic-439ccd3d_218a_48a3_b916_8a689b1896bb
2025-08-07 20:35:27,897 INFO  [io.api.tes.ser.api.KafkaSerdesTester] (Thread-606) Sending message {"key11754598926684": "value-4"} to topic topic-439ccd3d_218a_48a3_b916_8a689b1896bb
2025-08-07 20:35:27,900 INFO  [io.api.tes.ser.api.KafkaSerdesTester] (Thread-606) Sending message {"key11754598926684": "value-5"} to topic topic-439ccd3d_218a_48a3_b916_8a689b1896bb
2025-08-07 20:35:27,902 INFO  [io.api.tes.ser.api.KafkaSerdesTester] (Thread-606) Sending message {"key11754598926684": "value-6"} to topic topic-439ccd3d_218a_48a3_b916_8a689b1896bb
2025-08-07 20:35:27,904 INFO  [io.api.tes.ser.api.KafkaSerdesTester] (Thread-606) Sending message {"key11754598926684": "value-7"} to topic topic-439ccd3d_218a_48a3_b916_8a689b1896bb
2025-08-07 20:35:27,908 INFO  [io.api.tes.ser.api.KafkaSerdesTester] (Thread-606) Sending message {"key11754598926684": "value-8"} to topic topic-439ccd3d_218a_48a3_b916_8a689b1896bb
2025-08-07 20:35:27,910 INFO  [io.api.tes.ser.api.KafkaSerdesTester] (Thread-606) Sending message {"key11754598926684": "value-9"} to topic topic-439ccd3d_218a_48a3_b916_8a689b1896bb
2025-08-07 20:35:27,912 INFO  [io.api.tes.ser.api.KafkaSerdesTester] (Thread-606) Produced 10 messages
2025-08-07 20:35:27,912 INFO  [org.apa.kaf.cli.pro.KafkaProducer] (Thread-606) [Producer clientId=Producer-topic-439ccd3d_218a_48a3_b916_8a689b1896bb] Closing the Kafka producer with timeoutMillis = 9223372036854775807 ms.
2025-08-07 20:35:27,918 INFO  [org.apa.kaf.com.met.Metrics] (Thread-606) Metrics scheduler closed
2025-08-07 20:35:27,918 INFO  [org.apa.kaf.com.met.Metrics] (Thread-606) Closing reporter org.apache.kafka.common.metrics.JmxReporter
2025-08-07 20:35:27,918 INFO  [org.apa.kaf.com.met.Metrics] (Thread-606) Closing reporter org.apache.kafka.common.telemetry.internals.ClientTelemetryReporter
2025-08-07 20:35:27,918 INFO  [org.apa.kaf.com.met.Metrics] (Thread-606) Metrics reporters closed
2025-08-07 20:35:27,919 INFO  [org.apa.kaf.com.uti.AppInfoParser] (Thread-606) App info kafka.producer for Producer-topic-439ccd3d_218a_48a3_b916_8a689b1896bb unregistered
**** Registry Base URL: http://registry-app-ksql043.apps.ci419.apicurio-testing.org:80
2025-08-07 20:35:27,919 INFO  [org.apa.kaf.cli.con.ConsumerConfig] (main) ConsumerConfig values: 
	allow.auto.create.topics = true
	auto.commit.interval.ms = 500
	auto.include.jmx.reporter = true
	auto.offset.reset = earliest
	bootstrap.servers = [PLAINTEXT://localhost:32769]
	check.crcs = true
	client.dns.lookup = use_all_dns_ips
	client.id = consumer-Consumer-topic-439ccd3d_218a_48a3_b916_8a689b1896bb-2
	client.rack = 
	connections.max.idle.ms = 10000
	default.api.timeout.ms = 60000
	enable.auto.commit = true
	enable.metrics.push = true
	exclude.internal.topics = true
	fetch.max.bytes = 52428800
	fetch.max.wait.ms = 500
	fetch.min.bytes = 1
	group.id = Consumer-topic-439ccd3d_218a_48a3_b916_8a689b1896bb
	group.instance.id = null
	group.protocol = classic
	group.remote.assignor = null
	heartbeat.interval.ms = 3000
	interceptor.classes = []
	internal.leave.group.on.close = true
	internal.throw.on.fetch.stable.offset.unsupported = false
	isolation.level = read_uncommitted
	key.deserializer = class org.apache.kafka.common.serialization.StringDeserializer
	max.partition.fetch.bytes = 1048576
	max.poll.interval.ms = 300000
	max.poll.records = 500
	metadata.max.age.ms = 300000
	metadata.recovery.strategy = none
	metric.reporters = []
	metrics.num.samples = 2
	metrics.recording.level = INFO
	metrics.sample.window.ms = 30000
	partition.assignment.strategy = [class org.apache.kafka.clients.consumer.RangeAssignor, class org.apache.kafka.clients.consumer.CooperativeStickyAssignor]
	receive.buffer.bytes = 65536
	reconnect.backoff.max.ms = 1000
	reconnect.backoff.ms = 50
	request.timeout.ms = 5000
	retry.backoff.max.ms = 1000
	retry.backoff.ms = 100
	sasl.client.callback.handler.class = null
	sasl.jaas.config = null
	sasl.kerberos.kinit.cmd = /usr/bin/kinit
	sasl.kerberos.min.time.before.relogin = 60000
	sasl.kerberos.service.name = null
	sasl.kerberos.ticket.renew.jitter = 0.05
	sasl.kerberos.ticket.renew.window.factor = 0.8
	sasl.login.callback.handler.class = null
	sasl.login.class = null
	sasl.login.connect.timeout.ms = null
	sasl.login.read.timeout.ms = null
	sasl.login.refresh.buffer.seconds = 300
	sasl.login.refresh.min.period.seconds = 60
	sasl.login.refresh.window.factor = 0.8
	sasl.login.refresh.window.jitter = 0.05
	sasl.login.retry.backoff.max.ms = 10000
	sasl.login.retry.backoff.ms = 100
	sasl.mechanism = GSSAPI
	sasl.oauthbearer.clock.skew.seconds = 30
	sasl.oauthbearer.expected.audience = null
	sasl.oauthbearer.expected.issuer = null
	sasl.oauthbearer.header.urlencode = false
	sasl.oauthbearer.jwks.endpoint.refresh.ms = 3600000
	sasl.oauthbearer.jwks.endpoint.retry.backoff.max.ms = 10000
	sasl.oauthbearer.jwks.endpoint.retry.backoff.ms = 100
	sasl.oauthbearer.jwks.endpoint.url = null
	sasl.oauthbearer.scope.claim.name = scope
	sasl.oauthbearer.sub.claim.name = sub
	sasl.oauthbearer.token.endpoint.url = null
	security.protocol = PLAINTEXT
	security.providers = null
	send.buffer.bytes = 131072
	session.timeout.ms = 45000
	socket.connection.setup.timeout.max.ms = 30000
	socket.connection.setup.timeout.ms = 10000
	ssl.cipher.suites = null
	ssl.enabled.protocols = [TLSv1.2, TLSv1.3]
	ssl.endpoint.identification.algorithm = https
	ssl.engine.factory.class = null
	ssl.key.password = null
	ssl.keymanager.algorithm = SunX509
	ssl.keystore.certificate.chain = null
	ssl.keystore.key = null
	ssl.keystore.location = null
	ssl.keystore.password = null
	ssl.keystore.type = JKS
	ssl.protocol = TLSv1.3
	ssl.provider = null
	ssl.secure.random.implementation = null
	ssl.trustmanager.algorithm = PKIX
	ssl.truststore.certificates = null
	ssl.truststore.location = null
	ssl.truststore.password = null
	ssl.truststore.type = JKS
	value.deserializer = class io.apicurio.registry.serde.avro.AvroKafkaDeserializer

2025-08-07 20:35:27,920 INFO  [org.apa.kaf.com.tel.int.KafkaMetricsCollector] (main) initializing Kafka metrics collector
2025-08-07 20:35:27,936 INFO  [org.apa.kaf.cli.con.ConsumerConfig] (main) These configurations '[apicurio.registry.url]' were supplied but are not used yet.
2025-08-07 20:35:27,936 INFO  [org.apa.kaf.com.uti.AppInfoParser] (main) Kafka version: 3.9.1
2025-08-07 20:35:27,936 INFO  [org.apa.kaf.com.uti.AppInfoParser] (main) Kafka commitId: f745dfdcee2b9851
2025-08-07 20:35:27,936 INFO  [org.apa.kaf.com.uti.AppInfoParser] (main) Kafka startTimeMs: 1754598927936
2025-08-07 20:35:27,938 INFO  [org.apa.kaf.cli.con.int.ClassicKafkaConsumer] (Thread-609) [Consumer clientId=consumer-Consumer-topic-439ccd3d_218a_48a3_b916_8a689b1896bb-2, groupId=Consumer-topic-439ccd3d_218a_48a3_b916_8a689b1896bb] Subscribed to topic(s): topic-439ccd3d_218a_48a3_b916_8a689b1896bb
2025-08-07 20:35:27,948 INFO  [org.apa.kaf.cli.Metadata] (Thread-609) [Consumer clientId=consumer-Consumer-topic-439ccd3d_218a_48a3_b916_8a689b1896bb-2, groupId=Consumer-topic-439ccd3d_218a_48a3_b916_8a689b1896bb] Cluster ID: 7hmfGG3YTMCno0-sg6ieQg
2025-08-07 20:35:27,948 INFO  [org.apa.kaf.cli.con.int.ConsumerCoordinator] (Thread-609) [Consumer clientId=consumer-Consumer-topic-439ccd3d_218a_48a3_b916_8a689b1896bb-2, groupId=Consumer-topic-439ccd3d_218a_48a3_b916_8a689b1896bb] Discovered group coordinator localhost:32769 (id: 2147483647 rack: null)
2025-08-07 20:35:27,950 INFO  [org.apa.kaf.cli.con.int.ConsumerCoordinator] (Thread-609) [Consumer clientId=consumer-Consumer-topic-439ccd3d_218a_48a3_b916_8a689b1896bb-2, groupId=Consumer-topic-439ccd3d_218a_48a3_b916_8a689b1896bb] (Re-)joining group
2025-08-07 20:35:27,954 INFO  [org.apa.kaf.cli.con.int.ConsumerCoordinator] (Thread-609) [Consumer clientId=consumer-Consumer-topic-439ccd3d_218a_48a3_b916_8a689b1896bb-2, groupId=Consumer-topic-439ccd3d_218a_48a3_b916_8a689b1896bb] Request joining group due to: need to re-join with the given member-id: consumer-Consumer-topic-439ccd3d_218a_48a3_b916_8a689b1896bb-2-f7192702-9b7e-4851-9ded-2412bfe383c5
2025-08-07 20:35:27,954 INFO  [org.apa.kaf.cli.con.int.ConsumerCoordinator] (Thread-609) [Consumer clientId=consumer-Consumer-topic-439ccd3d_218a_48a3_b916_8a689b1896bb-2, groupId=Consumer-topic-439ccd3d_218a_48a3_b916_8a689b1896bb] (Re-)joining group
2025-08-07 20:35:28,938 INFO  [io.api.tes.ser.api.KafkaSerdesTester] (Thread-609) None found
2025-08-07 20:35:29,938 INFO  [io.api.tes.ser.api.KafkaSerdesTester] (Thread-609) None found
2025-08-07 20:35:30,938 INFO  [io.api.tes.ser.api.KafkaSerdesTester] (Thread-609) None found
2025-08-07 20:35:30,959 INFO  [org.apa.kaf.cli.con.int.ConsumerCoordinator] (Thread-609) [Consumer clientId=consumer-Consumer-topic-439ccd3d_218a_48a3_b916_8a689b1896bb-2, groupId=Consumer-topic-439ccd3d_218a_48a3_b916_8a689b1896bb] Successfully joined group with generation Generation{generationId=1, memberId='consumer-Consumer-topic-439ccd3d_218a_48a3_b916_8a689b1896bb-2-f7192702-9b7e-4851-9ded-2412bfe383c5', protocol='range'}
2025-08-07 20:35:30,959 INFO  [org.apa.kaf.cli.con.int.ConsumerCoordinator] (Thread-609) [Consumer clientId=consumer-Consumer-topic-439ccd3d_218a_48a3_b916_8a689b1896bb-2, groupId=Consumer-topic-439ccd3d_218a_48a3_b916_8a689b1896bb] Finished assignment for group at generation 1: {consumer-Consumer-topic-439ccd3d_218a_48a3_b916_8a689b1896bb-2-f7192702-9b7e-4851-9ded-2412bfe383c5=Assignment(partitions=[topic-439ccd3d_218a_48a3_b916_8a689b1896bb-0])}
2025-08-07 20:35:30,967 INFO  [org.apa.kaf.cli.con.int.ConsumerCoordinator] (Thread-609) [Consumer clientId=consumer-Consumer-topic-439ccd3d_218a_48a3_b916_8a689b1896bb-2, groupId=Consumer-topic-439ccd3d_218a_48a3_b916_8a689b1896bb] Successfully synced group in generation Generation{generationId=1, memberId='consumer-Consumer-topic-439ccd3d_218a_48a3_b916_8a689b1896bb-2-f7192702-9b7e-4851-9ded-2412bfe383c5', protocol='range'}
2025-08-07 20:35:30,968 INFO  [org.apa.kaf.cli.con.int.ConsumerCoordinator] (Thread-609) [Consumer clientId=consumer-Consumer-topic-439ccd3d_218a_48a3_b916_8a689b1896bb-2, groupId=Consumer-topic-439ccd3d_218a_48a3_b916_8a689b1896bb] Notifying assignor about the new Assignment(partitions=[topic-439ccd3d_218a_48a3_b916_8a689b1896bb-0])
2025-08-07 20:35:30,968 INFO  [org.apa.kaf.cli.con.int.ConsumerRebalanceListenerInvoker] (Thread-609) [Consumer clientId=consumer-Consumer-topic-439ccd3d_218a_48a3_b916_8a689b1896bb-2, groupId=Consumer-topic-439ccd3d_218a_48a3_b916_8a689b1896bb] Adding newly assigned partitions: topic-439ccd3d_218a_48a3_b916_8a689b1896bb-0
2025-08-07 20:35:30,969 INFO  [org.apa.kaf.cli.con.int.ConsumerCoordinator] (Thread-609) [Consumer clientId=consumer-Consumer-topic-439ccd3d_218a_48a3_b916_8a689b1896bb-2, groupId=Consumer-topic-439ccd3d_218a_48a3_b916_8a689b1896bb] Found no committed offset for partition topic-439ccd3d_218a_48a3_b916_8a689b1896bb-0
2025-08-07 20:35:30,984 INFO  [org.apa.kaf.cli.con.int.SubscriptionState] (Thread-609) [Consumer clientId=consumer-Consumer-topic-439ccd3d_218a_48a3_b916_8a689b1896bb-2, groupId=Consumer-topic-439ccd3d_218a_48a3_b916_8a689b1896bb] Resetting offset for partition topic-439ccd3d_218a_48a3_b916_8a689b1896bb-0 to position FetchPosition{offset=0, offsetEpoch=Optional.empty, currentLeader=LeaderAndEpoch{leader=Optional[localhost:32769 (id: 0 rack: null)], epoch=0}}.
2025-08-07 20:35:31,032 INFO  [io.api.tes.ser.api.KafkaSerdesTester] (Thread-609) topic-439ccd3d_218a_48a3_b916_8a689b1896bb 0 0 {"key11754598926684": "value-0"}
2025-08-07 20:35:31,035 INFO  [io.api.tes.ser.api.KafkaSerdesTester] (Thread-609) topic-439ccd3d_218a_48a3_b916_8a689b1896bb 0 1 {"key11754598926684": "value-1"}
2025-08-07 20:35:31,035 INFO  [io.api.tes.ser.api.KafkaSerdesTester] (Thread-609) topic-439ccd3d_218a_48a3_b916_8a689b1896bb 0 2 {"key11754598926684": "value-2"}
2025-08-07 20:35:31,035 INFO  [io.api.tes.ser.api.KafkaSerdesTester] (Thread-609) topic-439ccd3d_218a_48a3_b916_8a689b1896bb 0 3 {"key11754598926684": "value-3"}
2025-08-07 20:35:31,035 INFO  [io.api.tes.ser.api.KafkaSerdesTester] (Thread-609) topic-439ccd3d_218a_48a3_b916_8a689b1896bb 0 4 {"key11754598926684": "value-4"}
2025-08-07 20:35:31,036 INFO  [io.api.tes.ser.api.KafkaSerdesTester] (Thread-609) topic-439ccd3d_218a_48a3_b916_8a689b1896bb 0 5 {"key11754598926684": "value-5"}
2025-08-07 20:35:31,036 INFO  [io.api.tes.ser.api.KafkaSerdesTester] (Thread-609) topic-439ccd3d_218a_48a3_b916_8a689b1896bb 0 6 {"key11754598926684": "value-6"}
2025-08-07 20:35:31,036 INFO  [io.api.tes.ser.api.KafkaSerdesTester] (Thread-609) topic-439ccd3d_218a_48a3_b916_8a689b1896bb 0 7 {"key11754598926684": "value-7"}
2025-08-07 20:35:31,036 INFO  [io.api.tes.ser.api.KafkaSerdesTester] (Thread-609) topic-439ccd3d_218a_48a3_b916_8a689b1896bb 0 8 {"key11754598926684": "value-8"}
2025-08-07 20:35:31,036 INFO  [io.api.tes.ser.api.KafkaSerdesTester] (Thread-609) topic-439ccd3d_218a_48a3_b916_8a689b1896bb 0 9 {"key11754598926684": "value-9"}
2025-08-07 20:35:31,036 INFO  [io.api.tes.ser.api.KafkaSerdesTester] (Thread-609) Consumed 10 messages
2025-08-07 20:35:31,045 INFO  [org.apa.kaf.cli.con.int.ConsumerRebalanceListenerInvoker] (Thread-609) [Consumer clientId=consumer-Consumer-topic-439ccd3d_218a_48a3_b916_8a689b1896bb-2, groupId=Consumer-topic-439ccd3d_218a_48a3_b916_8a689b1896bb] Revoke previously assigned partitions topic-439ccd3d_218a_48a3_b916_8a689b1896bb-0
2025-08-07 20:35:31,045 INFO  [org.apa.kaf.cli.con.int.ConsumerCoordinator] (Thread-609) [Consumer clientId=consumer-Consumer-topic-439ccd3d_218a_48a3_b916_8a689b1896bb-2, groupId=Consumer-topic-439ccd3d_218a_48a3_b916_8a689b1896bb] Member consumer-Consumer-topic-439ccd3d_218a_48a3_b916_8a689b1896bb-2-f7192702-9b7e-4851-9ded-2412bfe383c5 sending LeaveGroup request to coordinator localhost:32769 (id: 2147483647 rack: null) due to the consumer is being closed
2025-08-07 20:35:31,045 INFO  [org.apa.kaf.cli.con.int.ConsumerCoordinator] (Thread-609) [Consumer clientId=consumer-Consumer-topic-439ccd3d_218a_48a3_b916_8a689b1896bb-2, groupId=Consumer-topic-439ccd3d_218a_48a3_b916_8a689b1896bb] Resetting generation and member id due to: consumer pro-actively leaving the group
2025-08-07 20:35:31,045 INFO  [org.apa.kaf.cli.con.int.ConsumerCoordinator] (Thread-609) [Consumer clientId=consumer-Consumer-topic-439ccd3d_218a_48a3_b916_8a689b1896bb-2, groupId=Consumer-topic-439ccd3d_218a_48a3_b916_8a689b1896bb] Request joining group due to: consumer pro-actively leaving the group
2025-08-07 20:35:31,538 INFO  [org.apa.kaf.com.met.Metrics] (Thread-609) Metrics scheduler closed
2025-08-07 20:35:31,539 INFO  [org.apa.kaf.com.met.Metrics] (Thread-609) Closing reporter org.apache.kafka.common.metrics.JmxReporter
2025-08-07 20:35:31,539 INFO  [org.apa.kaf.com.met.Metrics] (Thread-609) Closing reporter org.apache.kafka.common.telemetry.internals.ClientTelemetryReporter
2025-08-07 20:35:31,539 INFO  [org.apa.kaf.com.met.Metrics] (Thread-609) Metrics reporters closed
2025-08-07 20:35:31,543 INFO  [org.apa.kaf.com.uti.AppInfoParser] (Thread-609) App info kafka.consumer for consumer-Consumer-topic-439ccd3d_218a_48a3_b916_8a689b1896bb-2 unregistered
2025-08-07 20:35:31,544 INFO  [io.api.tes.uti.TestSeparator] (main) io.apicurio.tests.serdes.apicurio.AvroSerdeIT.testSimpleTopicIdStrategyFindLatest-FINISHED
2025-08-07 20:35:31,544 INFO  [io.api.tes.uti.TestSeparator] (main) ############################################################################
Test passed: testSimpleTopicIdStrategyFindLatest
]]></system-out>
  </testcase>
  <testcase name="testWrongSchema" classname="io.apicurio.tests.serdes.apicurio.AvroSerdeIT" time="1.171">
    <system-out><![CDATA[2025-08-07 20:35:31,547 INFO  [io.api.tes.uti.TestSeparator] (main) ############################################################################
2025-08-07 20:35:31,547 INFO  [io.api.tes.uti.TestSeparator] (main) io.apicurio.tests.serdes.apicurio.AvroSerdeIT.testWrongSchema-STARTED
**** Registry Base URL: http://registry-app-ksql043.apps.ci419.apicurio-testing.org:80
2025-08-07 20:35:32,632 INFO  [org.apa.kaf.cli.pro.ProducerConfig] (main) ProducerConfig values: 
	acks = -1
	auto.include.jmx.reporter = true
	batch.size = 16384
	bootstrap.servers = [PLAINTEXT://localhost:32769]
	buffer.memory = 33554432
	client.dns.lookup = use_all_dns_ips
	client.id = Producer-s77ec63d3x20b8x40fcx8c13xf588d96f0354
	compression.gzip.level = -1
	compression.lz4.level = 9
	compression.type = none
	compression.zstd.level = 3
	connections.max.idle.ms = 10000
	delivery.timeout.ms = 120000
	enable.idempotence = true
	enable.metrics.push = true
	interceptor.classes = []
	key.serializer = class org.apache.kafka.common.serialization.StringSerializer
	linger.ms = 0
	max.block.ms = 60000
	max.in.flight.requests.per.connection = 5
	max.request.size = 1048576
	metadata.max.age.ms = 300000
	metadata.max.idle.ms = 300000
	metadata.recovery.strategy = none
	metric.reporters = []
	metrics.num.samples = 2
	metrics.recording.level = INFO
	metrics.sample.window.ms = 30000
	partitioner.adaptive.partitioning.enable = true
	partitioner.availability.timeout.ms = 0
	partitioner.class = null
	partitioner.ignore.keys = false
	receive.buffer.bytes = 32768
	reconnect.backoff.max.ms = 1000
	reconnect.backoff.ms = 50
	request.timeout.ms = 5000
	retries = 2147483647
	retry.backoff.max.ms = 1000
	retry.backoff.ms = 100
	sasl.client.callback.handler.class = null
	sasl.jaas.config = null
	sasl.kerberos.kinit.cmd = /usr/bin/kinit
	sasl.kerberos.min.time.before.relogin = 60000
	sasl.kerberos.service.name = null
	sasl.kerberos.ticket.renew.jitter = 0.05
	sasl.kerberos.ticket.renew.window.factor = 0.8
	sasl.login.callback.handler.class = null
	sasl.login.class = null
	sasl.login.connect.timeout.ms = null
	sasl.login.read.timeout.ms = null
	sasl.login.refresh.buffer.seconds = 300
	sasl.login.refresh.min.period.seconds = 60
	sasl.login.refresh.window.factor = 0.8
	sasl.login.refresh.window.jitter = 0.05
	sasl.login.retry.backoff.max.ms = 10000
	sasl.login.retry.backoff.ms = 100
	sasl.mechanism = GSSAPI
	sasl.oauthbearer.clock.skew.seconds = 30
	sasl.oauthbearer.expected.audience = null
	sasl.oauthbearer.expected.issuer = null
	sasl.oauthbearer.header.urlencode = false
	sasl.oauthbearer.jwks.endpoint.refresh.ms = 3600000
	sasl.oauthbearer.jwks.endpoint.retry.backoff.max.ms = 10000
	sasl.oauthbearer.jwks.endpoint.retry.backoff.ms = 100
	sasl.oauthbearer.jwks.endpoint.url = null
	sasl.oauthbearer.scope.claim.name = scope
	sasl.oauthbearer.sub.claim.name = sub
	sasl.oauthbearer.token.endpoint.url = null
	security.protocol = PLAINTEXT
	security.providers = null
	send.buffer.bytes = 131072
	socket.connection.setup.timeout.max.ms = 30000
	socket.connection.setup.timeout.ms = 10000
	ssl.cipher.suites = null
	ssl.enabled.protocols = [TLSv1.2, TLSv1.3]
	ssl.endpoint.identification.algorithm = https
	ssl.engine.factory.class = null
	ssl.key.password = null
	ssl.keymanager.algorithm = SunX509
	ssl.keystore.certificate.chain = null
	ssl.keystore.key = null
	ssl.keystore.location = null
	ssl.keystore.password = null
	ssl.keystore.type = JKS
	ssl.protocol = TLSv1.3
	ssl.provider = null
	ssl.secure.random.implementation = null
	ssl.trustmanager.algorithm = PKIX
	ssl.truststore.certificates = null
	ssl.truststore.location = null
	ssl.truststore.password = null
	ssl.truststore.type = JKS
	transaction.timeout.ms = 60000
	transactional.id = null
	value.serializer = class io.apicurio.registry.serde.avro.AvroKafkaSerializer

2025-08-07 20:35:32,633 INFO  [org.apa.kaf.com.tel.int.KafkaMetricsCollector] (main) initializing Kafka metrics collector
2025-08-07 20:35:32,637 INFO  [org.apa.kaf.cli.pro.KafkaProducer] (main) [Producer clientId=Producer-s77ec63d3x20b8x40fcx8c13xf588d96f0354] Instantiated an idempotent producer.
2025-08-07 20:35:32,640 INFO  [org.apa.kaf.cli.pro.ProducerConfig] (main) These configurations '[apicurio.registry.find-latest, apicurio.registry.url, apicurio.registry.artifact-resolver-strategy]' were supplied but are not used yet.
2025-08-07 20:35:32,641 INFO  [org.apa.kaf.com.uti.AppInfoParser] (main) Kafka version: 3.9.1
2025-08-07 20:35:32,641 INFO  [org.apa.kaf.com.uti.AppInfoParser] (main) Kafka commitId: f745dfdcee2b9851
2025-08-07 20:35:32,641 INFO  [org.apa.kaf.com.uti.AppInfoParser] (main) Kafka startTimeMs: 1754598932640
2025-08-07 20:35:32,645 INFO  [io.api.tes.ser.api.KafkaSerdesTester] (Thread-612) Sending message {"keyB": "value-0"} to topic s77ec63d3x20b8x40fcx8c13xf588d96f0354
2025-08-07 20:35:32,649 INFO  [org.apa.kaf.cli.Metadata] (kafka-producer-network-thread | Producer-s77ec63d3x20b8x40fcx8c13xf588d96f0354) [Producer clientId=Producer-s77ec63d3x20b8x40fcx8c13xf588d96f0354] Cluster ID: 7hmfGG3YTMCno0-sg6ieQg
2025-08-07 20:35:32,654 INFO  [org.apa.kaf.cli.pro.int.TransactionManager] (kafka-producer-network-thread | Producer-s77ec63d3x20b8x40fcx8c13xf588d96f0354) [Producer clientId=Producer-s77ec63d3x20b8x40fcx8c13xf588d96f0354] ProducerId set to 2 with epoch 0
2025-08-07 20:35:32,709 INFO  [org.apa.kaf.cli.pro.KafkaProducer] (Thread-612) [Producer clientId=Producer-s77ec63d3x20b8x40fcx8c13xf588d96f0354] Closing the Kafka producer with timeoutMillis = 9223372036854775807 ms.
2025-08-07 20:35:32,713 INFO  [org.apa.kaf.com.met.Metrics] (Thread-612) Metrics scheduler closed
2025-08-07 20:35:32,713 INFO  [org.apa.kaf.com.met.Metrics] (Thread-612) Closing reporter org.apache.kafka.common.metrics.JmxReporter
2025-08-07 20:35:32,713 INFO  [org.apa.kaf.com.met.Metrics] (Thread-612) Closing reporter org.apache.kafka.common.telemetry.internals.ClientTelemetryReporter
2025-08-07 20:35:32,713 INFO  [org.apa.kaf.com.met.Metrics] (Thread-612) Metrics reporters closed
2025-08-07 20:35:32,715 INFO  [org.apa.kaf.com.uti.AppInfoParser] (Thread-612) App info kafka.producer for Producer-s77ec63d3x20b8x40fcx8c13xf588d96f0354 unregistered
2025-08-07 20:35:32,715 INFO  [io.api.tes.uti.TestSeparator] (main) io.apicurio.tests.serdes.apicurio.AvroSerdeIT.testWrongSchema-FINISHED
2025-08-07 20:35:32,716 INFO  [io.api.tes.uti.TestSeparator] (main) ############################################################################
Test passed: testWrongSchema
]]></system-out>
    <system-err><![CDATA[io.apicurio.registry.rest.client.models.ProblemDetails
	at io.apicurio.registry.rest.client.models.ProblemDetails.createFromDiscriminatorValue(ProblemDetails.java:58)
	at io.kiota.serialization.json.JsonParseNode.getObjectValue(JsonParseNode.java:247)
	at io.kiota.http.vertx.VertXRequestAdapter.lambda$throwIfFailedResponse$0(VertXRequestAdapter.java:400)
	at com.microsoft.kiota.ApiExceptionBuilder.<init>(ApiExceptionBuilder.java:26)
	at io.kiota.http.vertx.VertXRequestAdapter.throwIfFailedResponse(VertXRequestAdapter.java:399)
	at io.kiota.http.vertx.VertXRequestAdapter.send(VertXRequestAdapter.java:170)
	at io.apicurio.registry.rest.client.groups.item.artifacts.item.versions.item.WithVersionExpressionItemRequestBuilder.get(WithVersionExpressionItemRequestBuilder.java:128)
	at io.apicurio.registry.rest.client.groups.item.artifacts.item.versions.item.WithVersionExpressionItemRequestBuilder.get(WithVersionExpressionItemRequestBuilder.java:111)
	at io.apicurio.registry.resolver.client.RegistryClientFacadeImpl.getVersionCoordinatesByGAV(RegistryClientFacadeImpl.java:159)
	at io.apicurio.registry.resolver.DefaultSchemaResolver.resolveByCoordinates(DefaultSchemaResolver.java:352)
	at io.apicurio.registry.resolver.DefaultSchemaResolver.lambda$resolveSchemaByArtifactReferenceCached$6(DefaultSchemaResolver.java:340)
	at io.apicurio.registry.resolver.cache.ERCache.lambda$getValue$0(ERCache.java:174)
	at io.apicurio.registry.resolver.cache.ERCache.retry(ERCache.java:227)
	at io.apicurio.registry.resolver.cache.ERCache.getValue(ERCache.java:173)
	at io.apicurio.registry.resolver.cache.ERCache.getByArtifactCoordinates(ERCache.java:158)
	at io.apicurio.registry.resolver.DefaultSchemaResolver.resolveSchemaByArtifactReferenceCached(DefaultSchemaResolver.java:338)
	at io.apicurio.registry.resolver.DefaultSchemaResolver.resolveSchemaByCoordinates(DefaultSchemaResolver.java:193)
	at io.apicurio.registry.resolver.DefaultSchemaResolver.getSchemaFromRegistry(DefaultSchemaResolver.java:130)
	at io.apicurio.registry.resolver.DefaultSchemaResolver.lambda$resolveSchema$0(DefaultSchemaResolver.java:84)
	at java.base/java.util.Optional.orElseGet(Optional.java:364)
	at io.apicurio.registry.resolver.DefaultSchemaResolver.resolveSchema(DefaultSchemaResolver.java:84)
	at io.apicurio.registry.serde.AbstractSerializer.serializeData(AbstractSerializer.java:62)
	at io.apicurio.registry.serde.KafkaSerializer.serialize(KafkaSerializer.java:77)
	at org.apache.kafka.clients.producer.KafkaProducer.doSend(KafkaProducer.java:1046)
	at org.apache.kafka.clients.producer.KafkaProducer.send(KafkaProducer.java:993)
	at org.apache.kafka.clients.producer.KafkaProducer.send(KafkaProducer.java:875)
	at io.apicurio.tests.serdes.apicurio.KafkaSerdesTester.lambda$produceMessages$3(KafkaSerdesTester.java:138)
	at java.base/java.util.concurrent.CompletableFuture$AsyncSupply.run(CompletableFuture.java:1768)
	at java.base/java.lang.Thread.run(Thread.java:840)
]]></system-err>
  </testcase>
  <testcase name="testAvroJSON" classname="io.apicurio.tests.serdes.apicurio.AvroSerdeIT" time="3.82">
    <system-out><![CDATA[2025-08-07 20:35:32,720 INFO  [io.api.tes.uti.TestSeparator] (main) ############################################################################
2025-08-07 20:35:32,720 INFO  [io.api.tes.uti.TestSeparator] (main) io.apicurio.tests.serdes.apicurio.AvroSerdeIT.testAvroJSON-STARTED
**** Registry Base URL: http://registry-app-ksql043.apps.ci419.apicurio-testing.org:80
2025-08-07 20:35:32,726 INFO  [org.apa.kaf.cli.pro.ProducerConfig] (main) ProducerConfig values: 
	acks = -1
	auto.include.jmx.reporter = true
	batch.size = 16384
	bootstrap.servers = [PLAINTEXT://localhost:32769]
	buffer.memory = 33554432
	client.dns.lookup = use_all_dns_ips
	client.id = Producer-topic-10e4058d_c94a_4e22_9008_4690c5523480
	compression.gzip.level = -1
	compression.lz4.level = 9
	compression.type = none
	compression.zstd.level = 3
	connections.max.idle.ms = 10000
	delivery.timeout.ms = 120000
	enable.idempotence = true
	enable.metrics.push = true
	interceptor.classes = []
	key.serializer = class org.apache.kafka.common.serialization.StringSerializer
	linger.ms = 0
	max.block.ms = 60000
	max.in.flight.requests.per.connection = 5
	max.request.size = 1048576
	metadata.max.age.ms = 300000
	metadata.max.idle.ms = 300000
	metadata.recovery.strategy = none
	metric.reporters = []
	metrics.num.samples = 2
	metrics.recording.level = INFO
	metrics.sample.window.ms = 30000
	partitioner.adaptive.partitioning.enable = true
	partitioner.availability.timeout.ms = 0
	partitioner.class = null
	partitioner.ignore.keys = false
	receive.buffer.bytes = 32768
	reconnect.backoff.max.ms = 1000
	reconnect.backoff.ms = 50
	request.timeout.ms = 5000
	retries = 2147483647
	retry.backoff.max.ms = 1000
	retry.backoff.ms = 100
	sasl.client.callback.handler.class = null
	sasl.jaas.config = null
	sasl.kerberos.kinit.cmd = /usr/bin/kinit
	sasl.kerberos.min.time.before.relogin = 60000
	sasl.kerberos.service.name = null
	sasl.kerberos.ticket.renew.jitter = 0.05
	sasl.kerberos.ticket.renew.window.factor = 0.8
	sasl.login.callback.handler.class = null
	sasl.login.class = null
	sasl.login.connect.timeout.ms = null
	sasl.login.read.timeout.ms = null
	sasl.login.refresh.buffer.seconds = 300
	sasl.login.refresh.min.period.seconds = 60
	sasl.login.refresh.window.factor = 0.8
	sasl.login.refresh.window.jitter = 0.05
	sasl.login.retry.backoff.max.ms = 10000
	sasl.login.retry.backoff.ms = 100
	sasl.mechanism = GSSAPI
	sasl.oauthbearer.clock.skew.seconds = 30
	sasl.oauthbearer.expected.audience = null
	sasl.oauthbearer.expected.issuer = null
	sasl.oauthbearer.header.urlencode = false
	sasl.oauthbearer.jwks.endpoint.refresh.ms = 3600000
	sasl.oauthbearer.jwks.endpoint.retry.backoff.max.ms = 10000
	sasl.oauthbearer.jwks.endpoint.retry.backoff.ms = 100
	sasl.oauthbearer.jwks.endpoint.url = null
	sasl.oauthbearer.scope.claim.name = scope
	sasl.oauthbearer.sub.claim.name = sub
	sasl.oauthbearer.token.endpoint.url = null
	security.protocol = PLAINTEXT
	security.providers = null
	send.buffer.bytes = 131072
	socket.connection.setup.timeout.max.ms = 30000
	socket.connection.setup.timeout.ms = 10000
	ssl.cipher.suites = null
	ssl.enabled.protocols = [TLSv1.2, TLSv1.3]
	ssl.endpoint.identification.algorithm = https
	ssl.engine.factory.class = null
	ssl.key.password = null
	ssl.keymanager.algorithm = SunX509
	ssl.keystore.certificate.chain = null
	ssl.keystore.key = null
	ssl.keystore.location = null
	ssl.keystore.password = null
	ssl.keystore.type = JKS
	ssl.protocol = TLSv1.3
	ssl.provider = null
	ssl.secure.random.implementation = null
	ssl.trustmanager.algorithm = PKIX
	ssl.truststore.certificates = null
	ssl.truststore.location = null
	ssl.truststore.password = null
	ssl.truststore.type = JKS
	transaction.timeout.ms = 60000
	transactional.id = null
	value.serializer = class io.apicurio.registry.serde.avro.AvroKafkaSerializer

2025-08-07 20:35:32,737 INFO  [org.apa.kaf.com.tel.int.KafkaMetricsCollector] (main) initializing Kafka metrics collector
2025-08-07 20:35:32,740 INFO  [org.apa.kaf.cli.pro.KafkaProducer] (main) [Producer clientId=Producer-topic-10e4058d_c94a_4e22_9008_4690c5523480] Instantiated an idempotent producer.
2025-08-07 20:35:32,748 INFO  [org.apa.kaf.cli.pro.ProducerConfig] (main) These configurations '[apicurio.registry.avro.encoding, apicurio.registry.url, apicurio.registry.auto-register, apicurio.registry.artifact-resolver-strategy]' were supplied but are not used yet.
2025-08-07 20:35:32,748 INFO  [org.apa.kaf.com.uti.AppInfoParser] (main) Kafka version: 3.9.1
2025-08-07 20:35:32,748 INFO  [org.apa.kaf.com.uti.AppInfoParser] (main) Kafka commitId: f745dfdcee2b9851
2025-08-07 20:35:32,748 INFO  [org.apa.kaf.com.uti.AppInfoParser] (main) Kafka startTimeMs: 1754598932748
2025-08-07 20:35:32,748 INFO  [io.api.tes.ser.api.SimpleSerdesTesterBuilder$SimpleSerdesTester] (main) Using producer configuration: {apicurio.registry.avro.encoding=JSON, apicurio.registry.url=http://registry-app-ksql043.apps.ci419.apicurio-testing.org:80/apis/registry/v3, apicurio.registry.auto-register=true, apicurio.registry.artifact-resolver-strategy=io.apicurio.registry.serde.strategy.TopicIdStrategy, value.serializer=io.apicurio.registry.serde.avro.AvroKafkaSerializer, request.timeout.ms=5000, acks=all, bootstrap.servers=PLAINTEXT://localhost:32769, connections.max.idle.ms=10000, key.serializer=org.apache.kafka.common.serialization.StringSerializer, client.id=Producer-topic-10e4058d_c94a_4e22_9008_4690c5523480}
2025-08-07 20:35:32,748 INFO  [io.api.tes.ser.api.SimpleSerdesTesterBuilder$SimpleSerdesTester] (main) Using consumer configuration: {apicurio.registry.avro.encoding=JSON}
2025-08-07 20:35:32,753 INFO  [io.api.tes.ser.api.KafkaSerdesTester] (Thread-615) Sending message {"bar": "value-0"} to topic topic-10e4058d_c94a_4e22_9008_4690c5523480
2025-08-07 20:35:32,755 INFO  [org.apa.kaf.cli.Metadata] (kafka-producer-network-thread | Producer-topic-10e4058d_c94a_4e22_9008_4690c5523480) [Producer clientId=Producer-topic-10e4058d_c94a_4e22_9008_4690c5523480] Cluster ID: 7hmfGG3YTMCno0-sg6ieQg
2025-08-07 20:35:32,755 INFO  [org.apa.kaf.cli.pro.int.TransactionManager] (kafka-producer-network-thread | Producer-topic-10e4058d_c94a_4e22_9008_4690c5523480) [Producer clientId=Producer-topic-10e4058d_c94a_4e22_9008_4690c5523480] ProducerId set to 3 with epoch 0
2025-08-07 20:35:32,863 INFO  [io.api.tes.ser.api.KafkaSerdesTester] (Thread-615) Sending message {"bar": "value-1"} to topic topic-10e4058d_c94a_4e22_9008_4690c5523480
2025-08-07 20:35:32,867 INFO  [io.api.tes.ser.api.KafkaSerdesTester] (Thread-615) Sending message {"bar": "value-2"} to topic topic-10e4058d_c94a_4e22_9008_4690c5523480
2025-08-07 20:35:32,870 INFO  [io.api.tes.ser.api.KafkaSerdesTester] (Thread-615) Sending message {"bar": "value-3"} to topic topic-10e4058d_c94a_4e22_9008_4690c5523480
2025-08-07 20:35:32,872 INFO  [io.api.tes.ser.api.KafkaSerdesTester] (Thread-615) Sending message {"bar": "value-4"} to topic topic-10e4058d_c94a_4e22_9008_4690c5523480
2025-08-07 20:35:32,876 INFO  [io.api.tes.ser.api.KafkaSerdesTester] (Thread-615) Sending message {"bar": "value-5"} to topic topic-10e4058d_c94a_4e22_9008_4690c5523480
2025-08-07 20:35:32,880 INFO  [io.api.tes.ser.api.KafkaSerdesTester] (Thread-615) Sending message {"bar": "value-6"} to topic topic-10e4058d_c94a_4e22_9008_4690c5523480
2025-08-07 20:35:32,883 INFO  [io.api.tes.ser.api.KafkaSerdesTester] (Thread-615) Sending message {"bar": "value-7"} to topic topic-10e4058d_c94a_4e22_9008_4690c5523480
2025-08-07 20:35:32,886 INFO  [io.api.tes.ser.api.KafkaSerdesTester] (Thread-615) Sending message {"bar": "value-8"} to topic topic-10e4058d_c94a_4e22_9008_4690c5523480
2025-08-07 20:35:32,892 INFO  [io.api.tes.ser.api.KafkaSerdesTester] (Thread-615) Sending message {"bar": "value-9"} to topic topic-10e4058d_c94a_4e22_9008_4690c5523480
2025-08-07 20:35:32,896 INFO  [io.api.tes.ser.api.KafkaSerdesTester] (Thread-615) Produced 10 messages
2025-08-07 20:35:32,896 INFO  [org.apa.kaf.cli.pro.KafkaProducer] (Thread-615) [Producer clientId=Producer-topic-10e4058d_c94a_4e22_9008_4690c5523480] Closing the Kafka producer with timeoutMillis = 9223372036854775807 ms.
2025-08-07 20:35:32,903 INFO  [org.apa.kaf.com.met.Metrics] (Thread-615) Metrics scheduler closed
2025-08-07 20:35:32,903 INFO  [org.apa.kaf.com.met.Metrics] (Thread-615) Closing reporter org.apache.kafka.common.metrics.JmxReporter
2025-08-07 20:35:32,903 INFO  [org.apa.kaf.com.met.Metrics] (Thread-615) Closing reporter org.apache.kafka.common.telemetry.internals.ClientTelemetryReporter
2025-08-07 20:35:32,903 INFO  [org.apa.kaf.com.met.Metrics] (Thread-615) Metrics reporters closed
2025-08-07 20:35:32,904 INFO  [org.apa.kaf.com.uti.AppInfoParser] (Thread-615) App info kafka.producer for Producer-topic-10e4058d_c94a_4e22_9008_4690c5523480 unregistered
**** Registry Base URL: http://registry-app-ksql043.apps.ci419.apicurio-testing.org:80
2025-08-07 20:35:32,935 INFO  [org.apa.kaf.cli.con.ConsumerConfig] (main) ConsumerConfig values: 
	allow.auto.create.topics = true
	auto.commit.interval.ms = 500
	auto.include.jmx.reporter = true
	auto.offset.reset = earliest
	bootstrap.servers = [PLAINTEXT://localhost:32769]
	check.crcs = true
	client.dns.lookup = use_all_dns_ips
	client.id = consumer-Consumer-topic-10e4058d_c94a_4e22_9008_4690c5523480-3
	client.rack = 
	connections.max.idle.ms = 10000
	default.api.timeout.ms = 60000
	enable.auto.commit = true
	enable.metrics.push = true
	exclude.internal.topics = true
	fetch.max.bytes = 52428800
	fetch.max.wait.ms = 500
	fetch.min.bytes = 1
	group.id = Consumer-topic-10e4058d_c94a_4e22_9008_4690c5523480
	group.instance.id = null
	group.protocol = classic
	group.remote.assignor = null
	heartbeat.interval.ms = 3000
	interceptor.classes = []
	internal.leave.group.on.close = true
	internal.throw.on.fetch.stable.offset.unsupported = false
	isolation.level = read_uncommitted
	key.deserializer = class org.apache.kafka.common.serialization.StringDeserializer
	max.partition.fetch.bytes = 1048576
	max.poll.interval.ms = 300000
	max.poll.records = 500
	metadata.max.age.ms = 300000
	metadata.recovery.strategy = none
	metric.reporters = []
	metrics.num.samples = 2
	metrics.recording.level = INFO
	metrics.sample.window.ms = 30000
	partition.assignment.strategy = [class org.apache.kafka.clients.consumer.RangeAssignor, class org.apache.kafka.clients.consumer.CooperativeStickyAssignor]
	receive.buffer.bytes = 65536
	reconnect.backoff.max.ms = 1000
	reconnect.backoff.ms = 50
	request.timeout.ms = 5000
	retry.backoff.max.ms = 1000
	retry.backoff.ms = 100
	sasl.client.callback.handler.class = null
	sasl.jaas.config = null
	sasl.kerberos.kinit.cmd = /usr/bin/kinit
	sasl.kerberos.min.time.before.relogin = 60000
	sasl.kerberos.service.name = null
	sasl.kerberos.ticket.renew.jitter = 0.05
	sasl.kerberos.ticket.renew.window.factor = 0.8
	sasl.login.callback.handler.class = null
	sasl.login.class = null
	sasl.login.connect.timeout.ms = null
	sasl.login.read.timeout.ms = null
	sasl.login.refresh.buffer.seconds = 300
	sasl.login.refresh.min.period.seconds = 60
	sasl.login.refresh.window.factor = 0.8
	sasl.login.refresh.window.jitter = 0.05
	sasl.login.retry.backoff.max.ms = 10000
	sasl.login.retry.backoff.ms = 100
	sasl.mechanism = GSSAPI
	sasl.oauthbearer.clock.skew.seconds = 30
	sasl.oauthbearer.expected.audience = null
	sasl.oauthbearer.expected.issuer = null
	sasl.oauthbearer.header.urlencode = false
	sasl.oauthbearer.jwks.endpoint.refresh.ms = 3600000
	sasl.oauthbearer.jwks.endpoint.retry.backoff.max.ms = 10000
	sasl.oauthbearer.jwks.endpoint.retry.backoff.ms = 100
	sasl.oauthbearer.jwks.endpoint.url = null
	sasl.oauthbearer.scope.claim.name = scope
	sasl.oauthbearer.sub.claim.name = sub
	sasl.oauthbearer.token.endpoint.url = null
	security.protocol = PLAINTEXT
	security.providers = null
	send.buffer.bytes = 131072
	session.timeout.ms = 45000
	socket.connection.setup.timeout.max.ms = 30000
	socket.connection.setup.timeout.ms = 10000
	ssl.cipher.suites = null
	ssl.enabled.protocols = [TLSv1.2, TLSv1.3]
	ssl.endpoint.identification.algorithm = https
	ssl.engine.factory.class = null
	ssl.key.password = null
	ssl.keymanager.algorithm = SunX509
	ssl.keystore.certificate.chain = null
	ssl.keystore.key = null
	ssl.keystore.location = null
	ssl.keystore.password = null
	ssl.keystore.type = JKS
	ssl.protocol = TLSv1.3
	ssl.provider = null
	ssl.secure.random.implementation = null
	ssl.trustmanager.algorithm = PKIX
	ssl.truststore.certificates = null
	ssl.truststore.location = null
	ssl.truststore.password = null
	ssl.truststore.type = JKS
	value.deserializer = class io.apicurio.registry.serde.avro.AvroKafkaDeserializer

2025-08-07 20:35:32,936 INFO  [org.apa.kaf.com.tel.int.KafkaMetricsCollector] (main) initializing Kafka metrics collector
2025-08-07 20:35:32,943 INFO  [org.apa.kaf.cli.con.ConsumerConfig] (main) These configurations '[apicurio.registry.avro.encoding, apicurio.registry.url]' were supplied but are not used yet.
2025-08-07 20:35:32,943 INFO  [org.apa.kaf.com.uti.AppInfoParser] (main) Kafka version: 3.9.1
2025-08-07 20:35:32,943 INFO  [org.apa.kaf.com.uti.AppInfoParser] (main) Kafka commitId: f745dfdcee2b9851
2025-08-07 20:35:32,943 INFO  [org.apa.kaf.com.uti.AppInfoParser] (main) Kafka startTimeMs: 1754598932943
2025-08-07 20:35:32,944 INFO  [org.apa.kaf.cli.con.int.ClassicKafkaConsumer] (Thread-618) [Consumer clientId=consumer-Consumer-topic-10e4058d_c94a_4e22_9008_4690c5523480-3, groupId=Consumer-topic-10e4058d_c94a_4e22_9008_4690c5523480] Subscribed to topic(s): topic-10e4058d_c94a_4e22_9008_4690c5523480
2025-08-07 20:35:32,953 INFO  [org.apa.kaf.cli.Metadata] (Thread-618) [Consumer clientId=consumer-Consumer-topic-10e4058d_c94a_4e22_9008_4690c5523480-3, groupId=Consumer-topic-10e4058d_c94a_4e22_9008_4690c5523480] Cluster ID: 7hmfGG3YTMCno0-sg6ieQg
2025-08-07 20:35:32,954 INFO  [org.apa.kaf.cli.con.int.ConsumerCoordinator] (Thread-618) [Consumer clientId=consumer-Consumer-topic-10e4058d_c94a_4e22_9008_4690c5523480-3, groupId=Consumer-topic-10e4058d_c94a_4e22_9008_4690c5523480] Discovered group coordinator localhost:32769 (id: 2147483647 rack: null)
2025-08-07 20:35:32,957 INFO  [org.apa.kaf.cli.con.int.ConsumerCoordinator] (Thread-618) [Consumer clientId=consumer-Consumer-topic-10e4058d_c94a_4e22_9008_4690c5523480-3, groupId=Consumer-topic-10e4058d_c94a_4e22_9008_4690c5523480] (Re-)joining group
2025-08-07 20:35:32,963 INFO  [org.apa.kaf.cli.con.int.ConsumerCoordinator] (Thread-618) [Consumer clientId=consumer-Consumer-topic-10e4058d_c94a_4e22_9008_4690c5523480-3, groupId=Consumer-topic-10e4058d_c94a_4e22_9008_4690c5523480] Request joining group due to: need to re-join with the given member-id: consumer-Consumer-topic-10e4058d_c94a_4e22_9008_4690c5523480-3-80f1ecc0-34f6-4395-87c5-d894de6027e3
2025-08-07 20:35:32,963 INFO  [org.apa.kaf.cli.con.int.ConsumerCoordinator] (Thread-618) [Consumer clientId=consumer-Consumer-topic-10e4058d_c94a_4e22_9008_4690c5523480-3, groupId=Consumer-topic-10e4058d_c94a_4e22_9008_4690c5523480] (Re-)joining group
2025-08-07 20:35:33,944 INFO  [io.api.tes.ser.api.KafkaSerdesTester] (Thread-618) None found
2025-08-07 20:35:34,944 INFO  [io.api.tes.ser.api.KafkaSerdesTester] (Thread-618) None found
2025-08-07 20:35:35,944 INFO  [io.api.tes.ser.api.KafkaSerdesTester] (Thread-618) None found
2025-08-07 20:35:35,965 INFO  [org.apa.kaf.cli.con.int.ConsumerCoordinator] (Thread-618) [Consumer clientId=consumer-Consumer-topic-10e4058d_c94a_4e22_9008_4690c5523480-3, groupId=Consumer-topic-10e4058d_c94a_4e22_9008_4690c5523480] Successfully joined group with generation Generation{generationId=1, memberId='consumer-Consumer-topic-10e4058d_c94a_4e22_9008_4690c5523480-3-80f1ecc0-34f6-4395-87c5-d894de6027e3', protocol='range'}
2025-08-07 20:35:35,965 INFO  [org.apa.kaf.cli.con.int.ConsumerCoordinator] (Thread-618) [Consumer clientId=consumer-Consumer-topic-10e4058d_c94a_4e22_9008_4690c5523480-3, groupId=Consumer-topic-10e4058d_c94a_4e22_9008_4690c5523480] Finished assignment for group at generation 1: {consumer-Consumer-topic-10e4058d_c94a_4e22_9008_4690c5523480-3-80f1ecc0-34f6-4395-87c5-d894de6027e3=Assignment(partitions=[topic-10e4058d_c94a_4e22_9008_4690c5523480-0])}
2025-08-07 20:35:35,973 INFO  [org.apa.kaf.cli.con.int.ConsumerCoordinator] (Thread-618) [Consumer clientId=consumer-Consumer-topic-10e4058d_c94a_4e22_9008_4690c5523480-3, groupId=Consumer-topic-10e4058d_c94a_4e22_9008_4690c5523480] Successfully synced group in generation Generation{generationId=1, memberId='consumer-Consumer-topic-10e4058d_c94a_4e22_9008_4690c5523480-3-80f1ecc0-34f6-4395-87c5-d894de6027e3', protocol='range'}
2025-08-07 20:35:35,973 INFO  [org.apa.kaf.cli.con.int.ConsumerCoordinator] (Thread-618) [Consumer clientId=consumer-Consumer-topic-10e4058d_c94a_4e22_9008_4690c5523480-3, groupId=Consumer-topic-10e4058d_c94a_4e22_9008_4690c5523480] Notifying assignor about the new Assignment(partitions=[topic-10e4058d_c94a_4e22_9008_4690c5523480-0])
2025-08-07 20:35:35,973 INFO  [org.apa.kaf.cli.con.int.ConsumerRebalanceListenerInvoker] (Thread-618) [Consumer clientId=consumer-Consumer-topic-10e4058d_c94a_4e22_9008_4690c5523480-3, groupId=Consumer-topic-10e4058d_c94a_4e22_9008_4690c5523480] Adding newly assigned partitions: topic-10e4058d_c94a_4e22_9008_4690c5523480-0
2025-08-07 20:35:35,975 INFO  [org.apa.kaf.cli.con.int.ConsumerCoordinator] (Thread-618) [Consumer clientId=consumer-Consumer-topic-10e4058d_c94a_4e22_9008_4690c5523480-3, groupId=Consumer-topic-10e4058d_c94a_4e22_9008_4690c5523480] Found no committed offset for partition topic-10e4058d_c94a_4e22_9008_4690c5523480-0
2025-08-07 20:35:35,981 INFO  [org.apa.kaf.cli.con.int.SubscriptionState] (Thread-618) [Consumer clientId=consumer-Consumer-topic-10e4058d_c94a_4e22_9008_4690c5523480-3, groupId=Consumer-topic-10e4058d_c94a_4e22_9008_4690c5523480] Resetting offset for partition topic-10e4058d_c94a_4e22_9008_4690c5523480-0 to position FetchPosition{offset=0, offsetEpoch=Optional.empty, currentLeader=LeaderAndEpoch{leader=Optional[localhost:32769 (id: 0 rack: null)], epoch=0}}.
2025-08-07 20:35:36,024 INFO  [io.api.tes.ser.api.KafkaSerdesTester] (Thread-618) topic-10e4058d_c94a_4e22_9008_4690c5523480 0 0 {"bar": "value-0"}
2025-08-07 20:35:36,024 INFO  [io.api.tes.ser.api.KafkaSerdesTester] (Thread-618) topic-10e4058d_c94a_4e22_9008_4690c5523480 0 1 {"bar": "value-1"}
2025-08-07 20:35:36,024 INFO  [io.api.tes.ser.api.KafkaSerdesTester] (Thread-618) topic-10e4058d_c94a_4e22_9008_4690c5523480 0 2 {"bar": "value-2"}
2025-08-07 20:35:36,024 INFO  [io.api.tes.ser.api.KafkaSerdesTester] (Thread-618) topic-10e4058d_c94a_4e22_9008_4690c5523480 0 3 {"bar": "value-3"}
2025-08-07 20:35:36,024 INFO  [io.api.tes.ser.api.KafkaSerdesTester] (Thread-618) topic-10e4058d_c94a_4e22_9008_4690c5523480 0 4 {"bar": "value-4"}
2025-08-07 20:35:36,024 INFO  [io.api.tes.ser.api.KafkaSerdesTester] (Thread-618) topic-10e4058d_c94a_4e22_9008_4690c5523480 0 5 {"bar": "value-5"}
2025-08-07 20:35:36,024 INFO  [io.api.tes.ser.api.KafkaSerdesTester] (Thread-618) topic-10e4058d_c94a_4e22_9008_4690c5523480 0 6 {"bar": "value-6"}
2025-08-07 20:35:36,025 INFO  [io.api.tes.ser.api.KafkaSerdesTester] (Thread-618) topic-10e4058d_c94a_4e22_9008_4690c5523480 0 7 {"bar": "value-7"}
2025-08-07 20:35:36,025 INFO  [io.api.tes.ser.api.KafkaSerdesTester] (Thread-618) topic-10e4058d_c94a_4e22_9008_4690c5523480 0 8 {"bar": "value-8"}
2025-08-07 20:35:36,025 INFO  [io.api.tes.ser.api.KafkaSerdesTester] (Thread-618) topic-10e4058d_c94a_4e22_9008_4690c5523480 0 9 {"bar": "value-9"}
2025-08-07 20:35:36,025 INFO  [io.api.tes.ser.api.KafkaSerdesTester] (Thread-618) Consumed 10 messages
2025-08-07 20:35:36,033 INFO  [org.apa.kaf.cli.con.int.ConsumerRebalanceListenerInvoker] (Thread-618) [Consumer clientId=consumer-Consumer-topic-10e4058d_c94a_4e22_9008_4690c5523480-3, groupId=Consumer-topic-10e4058d_c94a_4e22_9008_4690c5523480] Revoke previously assigned partitions topic-10e4058d_c94a_4e22_9008_4690c5523480-0
2025-08-07 20:35:36,033 INFO  [org.apa.kaf.cli.con.int.ConsumerCoordinator] (Thread-618) [Consumer clientId=consumer-Consumer-topic-10e4058d_c94a_4e22_9008_4690c5523480-3, groupId=Consumer-topic-10e4058d_c94a_4e22_9008_4690c5523480] Member consumer-Consumer-topic-10e4058d_c94a_4e22_9008_4690c5523480-3-80f1ecc0-34f6-4395-87c5-d894de6027e3 sending LeaveGroup request to coordinator localhost:32769 (id: 2147483647 rack: null) due to the consumer is being closed
2025-08-07 20:35:36,033 INFO  [org.apa.kaf.cli.con.int.ConsumerCoordinator] (Thread-618) [Consumer clientId=consumer-Consumer-topic-10e4058d_c94a_4e22_9008_4690c5523480-3, groupId=Consumer-topic-10e4058d_c94a_4e22_9008_4690c5523480] Resetting generation and member id due to: consumer pro-actively leaving the group
2025-08-07 20:35:36,033 INFO  [org.apa.kaf.cli.con.int.ConsumerCoordinator] (Thread-618) [Consumer clientId=consumer-Consumer-topic-10e4058d_c94a_4e22_9008_4690c5523480-3, groupId=Consumer-topic-10e4058d_c94a_4e22_9008_4690c5523480] Request joining group due to: consumer pro-actively leaving the group
2025-08-07 20:35:36,526 INFO  [org.apa.kaf.com.met.Metrics] (Thread-618) Metrics scheduler closed
2025-08-07 20:35:36,526 INFO  [org.apa.kaf.com.met.Metrics] (Thread-618) Closing reporter org.apache.kafka.common.metrics.JmxReporter
2025-08-07 20:35:36,526 INFO  [org.apa.kaf.com.met.Metrics] (Thread-618) Closing reporter org.apache.kafka.common.telemetry.internals.ClientTelemetryReporter
2025-08-07 20:35:36,527 INFO  [org.apa.kaf.com.met.Metrics] (Thread-618) Metrics reporters closed
2025-08-07 20:35:36,531 INFO  [org.apa.kaf.com.uti.AppInfoParser] (Thread-618) App info kafka.consumer for consumer-Consumer-topic-10e4058d_c94a_4e22_9008_4690c5523480-3 unregistered
2025-08-07 20:35:36,536 INFO  [io.api.tes.uti.TestSeparator] (main) io.apicurio.tests.serdes.apicurio.AvroSerdeIT.testAvroJSON-FINISHED
2025-08-07 20:35:36,536 INFO  [io.api.tes.uti.TestSeparator] (main) ############################################################################
Test passed: testAvroJSON
]]></system-out>
  </testcase>
  <testcase name="testTopicIdStrategyAutoRegister" classname="io.apicurio.tests.serdes.apicurio.AvroSerdeIT" time="3.925">
    <system-out><![CDATA[2025-08-07 20:35:36,537 INFO  [io.api.tes.uti.TestSeparator] (main) ############################################################################
2025-08-07 20:35:36,537 INFO  [io.api.tes.uti.TestSeparator] (main) io.apicurio.tests.serdes.apicurio.AvroSerdeIT.testTopicIdStrategyAutoRegister-STARTED
**** Registry Base URL: http://registry-app-ksql043.apps.ci419.apicurio-testing.org:80
2025-08-07 20:35:36,548 INFO  [org.apa.kaf.cli.pro.ProducerConfig] (main) ProducerConfig values: 
	acks = -1
	auto.include.jmx.reporter = true
	batch.size = 16384
	bootstrap.servers = [PLAINTEXT://localhost:32769]
	buffer.memory = 33554432
	client.dns.lookup = use_all_dns_ips
	client.id = Producer-topic-dae53f72_aa9c_4cff_be42_58e896e73613
	compression.gzip.level = -1
	compression.lz4.level = 9
	compression.type = none
	compression.zstd.level = 3
	connections.max.idle.ms = 10000
	delivery.timeout.ms = 120000
	enable.idempotence = true
	enable.metrics.push = true
	interceptor.classes = []
	key.serializer = class org.apache.kafka.common.serialization.StringSerializer
	linger.ms = 0
	max.block.ms = 60000
	max.in.flight.requests.per.connection = 5
	max.request.size = 1048576
	metadata.max.age.ms = 300000
	metadata.max.idle.ms = 300000
	metadata.recovery.strategy = none
	metric.reporters = []
	metrics.num.samples = 2
	metrics.recording.level = INFO
	metrics.sample.window.ms = 30000
	partitioner.adaptive.partitioning.enable = true
	partitioner.availability.timeout.ms = 0
	partitioner.class = null
	partitioner.ignore.keys = false
	receive.buffer.bytes = 32768
	reconnect.backoff.max.ms = 1000
	reconnect.backoff.ms = 50
	request.timeout.ms = 5000
	retries = 2147483647
	retry.backoff.max.ms = 1000
	retry.backoff.ms = 100
	sasl.client.callback.handler.class = null
	sasl.jaas.config = null
	sasl.kerberos.kinit.cmd = /usr/bin/kinit
	sasl.kerberos.min.time.before.relogin = 60000
	sasl.kerberos.service.name = null
	sasl.kerberos.ticket.renew.jitter = 0.05
	sasl.kerberos.ticket.renew.window.factor = 0.8
	sasl.login.callback.handler.class = null
	sasl.login.class = null
	sasl.login.connect.timeout.ms = null
	sasl.login.read.timeout.ms = null
	sasl.login.refresh.buffer.seconds = 300
	sasl.login.refresh.min.period.seconds = 60
	sasl.login.refresh.window.factor = 0.8
	sasl.login.refresh.window.jitter = 0.05
	sasl.login.retry.backoff.max.ms = 10000
	sasl.login.retry.backoff.ms = 100
	sasl.mechanism = GSSAPI
	sasl.oauthbearer.clock.skew.seconds = 30
	sasl.oauthbearer.expected.audience = null
	sasl.oauthbearer.expected.issuer = null
	sasl.oauthbearer.header.urlencode = false
	sasl.oauthbearer.jwks.endpoint.refresh.ms = 3600000
	sasl.oauthbearer.jwks.endpoint.retry.backoff.max.ms = 10000
	sasl.oauthbearer.jwks.endpoint.retry.backoff.ms = 100
	sasl.oauthbearer.jwks.endpoint.url = null
	sasl.oauthbearer.scope.claim.name = scope
	sasl.oauthbearer.sub.claim.name = sub
	sasl.oauthbearer.token.endpoint.url = null
	security.protocol = PLAINTEXT
	security.providers = null
	send.buffer.bytes = 131072
	socket.connection.setup.timeout.max.ms = 30000
	socket.connection.setup.timeout.ms = 10000
	ssl.cipher.suites = null
	ssl.enabled.protocols = [TLSv1.2, TLSv1.3]
	ssl.endpoint.identification.algorithm = https
	ssl.engine.factory.class = null
	ssl.key.password = null
	ssl.keymanager.algorithm = SunX509
	ssl.keystore.certificate.chain = null
	ssl.keystore.key = null
	ssl.keystore.location = null
	ssl.keystore.password = null
	ssl.keystore.type = JKS
	ssl.protocol = TLSv1.3
	ssl.provider = null
	ssl.secure.random.implementation = null
	ssl.trustmanager.algorithm = PKIX
	ssl.truststore.certificates = null
	ssl.truststore.location = null
	ssl.truststore.password = null
	ssl.truststore.type = JKS
	transaction.timeout.ms = 60000
	transactional.id = null
	value.serializer = class io.apicurio.registry.serde.avro.AvroKafkaSerializer

2025-08-07 20:35:36,548 INFO  [org.apa.kaf.com.tel.int.KafkaMetricsCollector] (main) initializing Kafka metrics collector
2025-08-07 20:35:36,560 INFO  [org.apa.kaf.cli.pro.KafkaProducer] (main) [Producer clientId=Producer-topic-dae53f72_aa9c_4cff_be42_58e896e73613] Instantiated an idempotent producer.
2025-08-07 20:35:36,563 INFO  [org.apa.kaf.cli.pro.ProducerConfig] (main) These configurations '[apicurio.registry.url, apicurio.registry.auto-register, apicurio.registry.artifact-resolver-strategy]' were supplied but are not used yet.
2025-08-07 20:35:36,563 INFO  [org.apa.kaf.com.uti.AppInfoParser] (main) Kafka version: 3.9.1
2025-08-07 20:35:36,563 INFO  [org.apa.kaf.com.uti.AppInfoParser] (main) Kafka commitId: f745dfdcee2b9851
2025-08-07 20:35:36,563 INFO  [org.apa.kaf.com.uti.AppInfoParser] (main) Kafka startTimeMs: 1754598936563
2025-08-07 20:35:36,563 INFO  [io.api.tes.ser.api.SimpleSerdesTesterBuilder$SimpleSerdesTester] (main) Using producer configuration: {apicurio.registry.url=http://registry-app-ksql043.apps.ci419.apicurio-testing.org:80/apis/registry/v3, apicurio.registry.auto-register=true, apicurio.registry.artifact-resolver-strategy=io.apicurio.registry.serde.strategy.TopicIdStrategy, value.serializer=io.apicurio.registry.serde.avro.AvroKafkaSerializer, request.timeout.ms=5000, acks=all, bootstrap.servers=PLAINTEXT://localhost:32769, connections.max.idle.ms=10000, key.serializer=org.apache.kafka.common.serialization.StringSerializer, client.id=Producer-topic-dae53f72_aa9c_4cff_be42_58e896e73613}
2025-08-07 20:35:36,563 INFO  [io.api.tes.ser.api.SimpleSerdesTesterBuilder$SimpleSerdesTester] (main) Using consumer configuration: {}
2025-08-07 20:35:36,564 INFO  [io.api.tes.ser.api.KafkaSerdesTester] (Thread-621) Sending message {"key11754598936541": "value-0"} to topic topic-dae53f72_aa9c_4cff_be42_58e896e73613
2025-08-07 20:35:36,569 WARN  [org.apa.kaf.cli.NetworkClient] (kafka-producer-network-thread | Producer-topic-dae53f72_aa9c_4cff_be42_58e896e73613) [Producer clientId=Producer-topic-dae53f72_aa9c_4cff_be42_58e896e73613] The metadata response from the cluster reported a recoverable issue with correlation id 1 : {topic-dae53f72_aa9c_4cff_be42_58e896e73613=UNKNOWN_TOPIC_OR_PARTITION}
2025-08-07 20:35:36,569 INFO  [org.apa.kaf.cli.Metadata] (kafka-producer-network-thread | Producer-topic-dae53f72_aa9c_4cff_be42_58e896e73613) [Producer clientId=Producer-topic-dae53f72_aa9c_4cff_be42_58e896e73613] Cluster ID: 7hmfGG3YTMCno0-sg6ieQg
2025-08-07 20:35:36,569 INFO  [org.apa.kaf.cli.pro.int.TransactionManager] (kafka-producer-network-thread | Producer-topic-dae53f72_aa9c_4cff_be42_58e896e73613) [Producer clientId=Producer-topic-dae53f72_aa9c_4cff_be42_58e896e73613] ProducerId set to 4 with epoch 0
2025-08-07 20:35:36,775 INFO  [io.api.tes.ser.api.KafkaSerdesTester] (Thread-621) Sending message {"key11754598936541": "value-1"} to topic topic-dae53f72_aa9c_4cff_be42_58e896e73613
2025-08-07 20:35:36,779 INFO  [io.api.tes.ser.api.KafkaSerdesTester] (Thread-621) Sending message {"key11754598936541": "value-2"} to topic topic-dae53f72_aa9c_4cff_be42_58e896e73613
2025-08-07 20:35:36,782 INFO  [io.api.tes.ser.api.KafkaSerdesTester] (Thread-621) Sending message {"key11754598936541": "value-3"} to topic topic-dae53f72_aa9c_4cff_be42_58e896e73613
2025-08-07 20:35:36,784 INFO  [io.api.tes.ser.api.KafkaSerdesTester] (Thread-621) Sending message {"key11754598936541": "value-4"} to topic topic-dae53f72_aa9c_4cff_be42_58e896e73613
2025-08-07 20:35:36,786 INFO  [io.api.tes.ser.api.KafkaSerdesTester] (Thread-621) Sending message {"key11754598936541": "value-5"} to topic topic-dae53f72_aa9c_4cff_be42_58e896e73613
2025-08-07 20:35:36,789 INFO  [io.api.tes.ser.api.KafkaSerdesTester] (Thread-621) Sending message {"key11754598936541": "value-6"} to topic topic-dae53f72_aa9c_4cff_be42_58e896e73613
2025-08-07 20:35:36,791 INFO  [io.api.tes.ser.api.KafkaSerdesTester] (Thread-621) Sending message {"key11754598936541": "value-7"} to topic topic-dae53f72_aa9c_4cff_be42_58e896e73613
2025-08-07 20:35:36,793 INFO  [io.api.tes.ser.api.KafkaSerdesTester] (Thread-621) Sending message {"key11754598936541": "value-8"} to topic topic-dae53f72_aa9c_4cff_be42_58e896e73613
2025-08-07 20:35:36,795 INFO  [io.api.tes.ser.api.KafkaSerdesTester] (Thread-621) Sending message {"key11754598936541": "value-9"} to topic topic-dae53f72_aa9c_4cff_be42_58e896e73613
2025-08-07 20:35:36,797 INFO  [io.api.tes.ser.api.KafkaSerdesTester] (Thread-621) Produced 10 messages
2025-08-07 20:35:36,797 INFO  [org.apa.kaf.cli.pro.KafkaProducer] (Thread-621) [Producer clientId=Producer-topic-dae53f72_aa9c_4cff_be42_58e896e73613] Closing the Kafka producer with timeoutMillis = 9223372036854775807 ms.
2025-08-07 20:35:36,799 INFO  [org.apa.kaf.com.met.Metrics] (Thread-621) Metrics scheduler closed
2025-08-07 20:35:36,800 INFO  [org.apa.kaf.com.met.Metrics] (Thread-621) Closing reporter org.apache.kafka.common.metrics.JmxReporter
2025-08-07 20:35:36,800 INFO  [org.apa.kaf.com.met.Metrics] (Thread-621) Closing reporter org.apache.kafka.common.telemetry.internals.ClientTelemetryReporter
2025-08-07 20:35:36,800 INFO  [org.apa.kaf.com.met.Metrics] (Thread-621) Metrics reporters closed
2025-08-07 20:35:36,800 INFO  [org.apa.kaf.com.uti.AppInfoParser] (Thread-621) App info kafka.producer for Producer-topic-dae53f72_aa9c_4cff_be42_58e896e73613 unregistered
**** Registry Base URL: http://registry-app-ksql043.apps.ci419.apicurio-testing.org:80
2025-08-07 20:35:36,833 INFO  [org.apa.kaf.cli.con.ConsumerConfig] (main) ConsumerConfig values: 
	allow.auto.create.topics = true
	auto.commit.interval.ms = 500
	auto.include.jmx.reporter = true
	auto.offset.reset = earliest
	bootstrap.servers = [PLAINTEXT://localhost:32769]
	check.crcs = true
	client.dns.lookup = use_all_dns_ips
	client.id = consumer-Consumer-topic-dae53f72_aa9c_4cff_be42_58e896e73613-4
	client.rack = 
	connections.max.idle.ms = 10000
	default.api.timeout.ms = 60000
	enable.auto.commit = true
	enable.metrics.push = true
	exclude.internal.topics = true
	fetch.max.bytes = 52428800
	fetch.max.wait.ms = 500
	fetch.min.bytes = 1
	group.id = Consumer-topic-dae53f72_aa9c_4cff_be42_58e896e73613
	group.instance.id = null
	group.protocol = classic
	group.remote.assignor = null
	heartbeat.interval.ms = 3000
	interceptor.classes = []
	internal.leave.group.on.close = true
	internal.throw.on.fetch.stable.offset.unsupported = false
	isolation.level = read_uncommitted
	key.deserializer = class org.apache.kafka.common.serialization.StringDeserializer
	max.partition.fetch.bytes = 1048576
	max.poll.interval.ms = 300000
	max.poll.records = 500
	metadata.max.age.ms = 300000
	metadata.recovery.strategy = none
	metric.reporters = []
	metrics.num.samples = 2
	metrics.recording.level = INFO
	metrics.sample.window.ms = 30000
	partition.assignment.strategy = [class org.apache.kafka.clients.consumer.RangeAssignor, class org.apache.kafka.clients.consumer.CooperativeStickyAssignor]
	receive.buffer.bytes = 65536
	reconnect.backoff.max.ms = 1000
	reconnect.backoff.ms = 50
	request.timeout.ms = 5000
	retry.backoff.max.ms = 1000
	retry.backoff.ms = 100
	sasl.client.callback.handler.class = null
	sasl.jaas.config = null
	sasl.kerberos.kinit.cmd = /usr/bin/kinit
	sasl.kerberos.min.time.before.relogin = 60000
	sasl.kerberos.service.name = null
	sasl.kerberos.ticket.renew.jitter = 0.05
	sasl.kerberos.ticket.renew.window.factor = 0.8
	sasl.login.callback.handler.class = null
	sasl.login.class = null
	sasl.login.connect.timeout.ms = null
	sasl.login.read.timeout.ms = null
	sasl.login.refresh.buffer.seconds = 300
	sasl.login.refresh.min.period.seconds = 60
	sasl.login.refresh.window.factor = 0.8
	sasl.login.refresh.window.jitter = 0.05
	sasl.login.retry.backoff.max.ms = 10000
	sasl.login.retry.backoff.ms = 100
	sasl.mechanism = GSSAPI
	sasl.oauthbearer.clock.skew.seconds = 30
	sasl.oauthbearer.expected.audience = null
	sasl.oauthbearer.expected.issuer = null
	sasl.oauthbearer.header.urlencode = false
	sasl.oauthbearer.jwks.endpoint.refresh.ms = 3600000
	sasl.oauthbearer.jwks.endpoint.retry.backoff.max.ms = 10000
	sasl.oauthbearer.jwks.endpoint.retry.backoff.ms = 100
	sasl.oauthbearer.jwks.endpoint.url = null
	sasl.oauthbearer.scope.claim.name = scope
	sasl.oauthbearer.sub.claim.name = sub
	sasl.oauthbearer.token.endpoint.url = null
	security.protocol = PLAINTEXT
	security.providers = null
	send.buffer.bytes = 131072
	session.timeout.ms = 45000
	socket.connection.setup.timeout.max.ms = 30000
	socket.connection.setup.timeout.ms = 10000
	ssl.cipher.suites = null
	ssl.enabled.protocols = [TLSv1.2, TLSv1.3]
	ssl.endpoint.identification.algorithm = https
	ssl.engine.factory.class = null
	ssl.key.password = null
	ssl.keymanager.algorithm = SunX509
	ssl.keystore.certificate.chain = null
	ssl.keystore.key = null
	ssl.keystore.location = null
	ssl.keystore.password = null
	ssl.keystore.type = JKS
	ssl.protocol = TLSv1.3
	ssl.provider = null
	ssl.secure.random.implementation = null
	ssl.trustmanager.algorithm = PKIX
	ssl.truststore.certificates = null
	ssl.truststore.location = null
	ssl.truststore.password = null
	ssl.truststore.type = JKS
	value.deserializer = class io.apicurio.registry.serde.avro.AvroKafkaDeserializer

2025-08-07 20:35:36,834 INFO  [org.apa.kaf.com.tel.int.KafkaMetricsCollector] (main) initializing Kafka metrics collector
2025-08-07 20:35:36,843 INFO  [org.apa.kaf.cli.con.ConsumerConfig] (main) These configurations '[apicurio.registry.url]' were supplied but are not used yet.
2025-08-07 20:35:36,843 INFO  [org.apa.kaf.com.uti.AppInfoParser] (main) Kafka version: 3.9.1
2025-08-07 20:35:36,843 INFO  [org.apa.kaf.com.uti.AppInfoParser] (main) Kafka commitId: f745dfdcee2b9851
2025-08-07 20:35:36,843 INFO  [org.apa.kaf.com.uti.AppInfoParser] (main) Kafka startTimeMs: 1754598936843
2025-08-07 20:35:36,845 INFO  [org.apa.kaf.cli.con.int.ClassicKafkaConsumer] (Thread-624) [Consumer clientId=consumer-Consumer-topic-dae53f72_aa9c_4cff_be42_58e896e73613-4, groupId=Consumer-topic-dae53f72_aa9c_4cff_be42_58e896e73613] Subscribed to topic(s): topic-dae53f72_aa9c_4cff_be42_58e896e73613
2025-08-07 20:35:36,853 INFO  [org.apa.kaf.cli.Metadata] (Thread-624) [Consumer clientId=consumer-Consumer-topic-dae53f72_aa9c_4cff_be42_58e896e73613-4, groupId=Consumer-topic-dae53f72_aa9c_4cff_be42_58e896e73613] Cluster ID: 7hmfGG3YTMCno0-sg6ieQg
2025-08-07 20:35:36,856 INFO  [org.apa.kaf.cli.con.int.ConsumerCoordinator] (Thread-624) [Consumer clientId=consumer-Consumer-topic-dae53f72_aa9c_4cff_be42_58e896e73613-4, groupId=Consumer-topic-dae53f72_aa9c_4cff_be42_58e896e73613] Discovered group coordinator localhost:32769 (id: 2147483647 rack: null)
2025-08-07 20:35:36,858 INFO  [org.apa.kaf.cli.con.int.ConsumerCoordinator] (Thread-624) [Consumer clientId=consumer-Consumer-topic-dae53f72_aa9c_4cff_be42_58e896e73613-4, groupId=Consumer-topic-dae53f72_aa9c_4cff_be42_58e896e73613] (Re-)joining group
2025-08-07 20:35:36,867 INFO  [org.apa.kaf.cli.con.int.ConsumerCoordinator] (Thread-624) [Consumer clientId=consumer-Consumer-topic-dae53f72_aa9c_4cff_be42_58e896e73613-4, groupId=Consumer-topic-dae53f72_aa9c_4cff_be42_58e896e73613] Request joining group due to: need to re-join with the given member-id: consumer-Consumer-topic-dae53f72_aa9c_4cff_be42_58e896e73613-4-ef59f2e6-17b8-4e14-8f8a-dfa3a6d30eac
2025-08-07 20:35:36,867 INFO  [org.apa.kaf.cli.con.int.ConsumerCoordinator] (Thread-624) [Consumer clientId=consumer-Consumer-topic-dae53f72_aa9c_4cff_be42_58e896e73613-4, groupId=Consumer-topic-dae53f72_aa9c_4cff_be42_58e896e73613] (Re-)joining group
2025-08-07 20:35:37,845 INFO  [io.api.tes.ser.api.KafkaSerdesTester] (Thread-624) None found
2025-08-07 20:35:38,846 INFO  [io.api.tes.ser.api.KafkaSerdesTester] (Thread-624) None found
2025-08-07 20:35:39,847 INFO  [io.api.tes.ser.api.KafkaSerdesTester] (Thread-624) None found
2025-08-07 20:35:39,870 INFO  [org.apa.kaf.cli.con.int.ConsumerCoordinator] (Thread-624) [Consumer clientId=consumer-Consumer-topic-dae53f72_aa9c_4cff_be42_58e896e73613-4, groupId=Consumer-topic-dae53f72_aa9c_4cff_be42_58e896e73613] Successfully joined group with generation Generation{generationId=1, memberId='consumer-Consumer-topic-dae53f72_aa9c_4cff_be42_58e896e73613-4-ef59f2e6-17b8-4e14-8f8a-dfa3a6d30eac', protocol='range'}
2025-08-07 20:35:39,870 INFO  [org.apa.kaf.cli.con.int.ConsumerCoordinator] (Thread-624) [Consumer clientId=consumer-Consumer-topic-dae53f72_aa9c_4cff_be42_58e896e73613-4, groupId=Consumer-topic-dae53f72_aa9c_4cff_be42_58e896e73613] Finished assignment for group at generation 1: {consumer-Consumer-topic-dae53f72_aa9c_4cff_be42_58e896e73613-4-ef59f2e6-17b8-4e14-8f8a-dfa3a6d30eac=Assignment(partitions=[topic-dae53f72_aa9c_4cff_be42_58e896e73613-0])}
2025-08-07 20:35:39,878 INFO  [org.apa.kaf.cli.con.int.ConsumerCoordinator] (Thread-624) [Consumer clientId=consumer-Consumer-topic-dae53f72_aa9c_4cff_be42_58e896e73613-4, groupId=Consumer-topic-dae53f72_aa9c_4cff_be42_58e896e73613] Successfully synced group in generation Generation{generationId=1, memberId='consumer-Consumer-topic-dae53f72_aa9c_4cff_be42_58e896e73613-4-ef59f2e6-17b8-4e14-8f8a-dfa3a6d30eac', protocol='range'}
2025-08-07 20:35:39,878 INFO  [org.apa.kaf.cli.con.int.ConsumerCoordinator] (Thread-624) [Consumer clientId=consumer-Consumer-topic-dae53f72_aa9c_4cff_be42_58e896e73613-4, groupId=Consumer-topic-dae53f72_aa9c_4cff_be42_58e896e73613] Notifying assignor about the new Assignment(partitions=[topic-dae53f72_aa9c_4cff_be42_58e896e73613-0])
2025-08-07 20:35:39,878 INFO  [org.apa.kaf.cli.con.int.ConsumerRebalanceListenerInvoker] (Thread-624) [Consumer clientId=consumer-Consumer-topic-dae53f72_aa9c_4cff_be42_58e896e73613-4, groupId=Consumer-topic-dae53f72_aa9c_4cff_be42_58e896e73613] Adding newly assigned partitions: topic-dae53f72_aa9c_4cff_be42_58e896e73613-0
2025-08-07 20:35:39,879 INFO  [org.apa.kaf.cli.con.int.ConsumerCoordinator] (Thread-624) [Consumer clientId=consumer-Consumer-topic-dae53f72_aa9c_4cff_be42_58e896e73613-4, groupId=Consumer-topic-dae53f72_aa9c_4cff_be42_58e896e73613] Found no committed offset for partition topic-dae53f72_aa9c_4cff_be42_58e896e73613-0
2025-08-07 20:35:39,884 INFO  [org.apa.kaf.cli.con.int.SubscriptionState] (Thread-624) [Consumer clientId=consumer-Consumer-topic-dae53f72_aa9c_4cff_be42_58e896e73613-4, groupId=Consumer-topic-dae53f72_aa9c_4cff_be42_58e896e73613] Resetting offset for partition topic-dae53f72_aa9c_4cff_be42_58e896e73613-0 to position FetchPosition{offset=0, offsetEpoch=Optional.empty, currentLeader=LeaderAndEpoch{leader=Optional[localhost:32769 (id: 0 rack: null)], epoch=0}}.
2025-08-07 20:35:39,924 INFO  [io.api.tes.ser.api.KafkaSerdesTester] (Thread-624) topic-dae53f72_aa9c_4cff_be42_58e896e73613 0 0 {"key11754598936541": "value-0"}
2025-08-07 20:35:39,925 INFO  [io.api.tes.ser.api.KafkaSerdesTester] (Thread-624) topic-dae53f72_aa9c_4cff_be42_58e896e73613 0 1 {"key11754598936541": "value-1"}
2025-08-07 20:35:39,925 INFO  [io.api.tes.ser.api.KafkaSerdesTester] (Thread-624) topic-dae53f72_aa9c_4cff_be42_58e896e73613 0 2 {"key11754598936541": "value-2"}
2025-08-07 20:35:39,925 INFO  [io.api.tes.ser.api.KafkaSerdesTester] (Thread-624) topic-dae53f72_aa9c_4cff_be42_58e896e73613 0 3 {"key11754598936541": "value-3"}
2025-08-07 20:35:39,925 INFO  [io.api.tes.ser.api.KafkaSerdesTester] (Thread-624) topic-dae53f72_aa9c_4cff_be42_58e896e73613 0 4 {"key11754598936541": "value-4"}
2025-08-07 20:35:39,925 INFO  [io.api.tes.ser.api.KafkaSerdesTester] (Thread-624) topic-dae53f72_aa9c_4cff_be42_58e896e73613 0 5 {"key11754598936541": "value-5"}
2025-08-07 20:35:39,925 INFO  [io.api.tes.ser.api.KafkaSerdesTester] (Thread-624) topic-dae53f72_aa9c_4cff_be42_58e896e73613 0 6 {"key11754598936541": "value-6"}
2025-08-07 20:35:39,925 INFO  [io.api.tes.ser.api.KafkaSerdesTester] (Thread-624) topic-dae53f72_aa9c_4cff_be42_58e896e73613 0 7 {"key11754598936541": "value-7"}
2025-08-07 20:35:39,925 INFO  [io.api.tes.ser.api.KafkaSerdesTester] (Thread-624) topic-dae53f72_aa9c_4cff_be42_58e896e73613 0 8 {"key11754598936541": "value-8"}
2025-08-07 20:35:39,925 INFO  [io.api.tes.ser.api.KafkaSerdesTester] (Thread-624) topic-dae53f72_aa9c_4cff_be42_58e896e73613 0 9 {"key11754598936541": "value-9"}
2025-08-07 20:35:39,925 INFO  [io.api.tes.ser.api.KafkaSerdesTester] (Thread-624) Consumed 10 messages
2025-08-07 20:35:39,933 INFO  [org.apa.kaf.cli.con.int.ConsumerRebalanceListenerInvoker] (Thread-624) [Consumer clientId=consumer-Consumer-topic-dae53f72_aa9c_4cff_be42_58e896e73613-4, groupId=Consumer-topic-dae53f72_aa9c_4cff_be42_58e896e73613] Revoke previously assigned partitions topic-dae53f72_aa9c_4cff_be42_58e896e73613-0
2025-08-07 20:35:39,933 INFO  [org.apa.kaf.cli.con.int.ConsumerCoordinator] (Thread-624) [Consumer clientId=consumer-Consumer-topic-dae53f72_aa9c_4cff_be42_58e896e73613-4, groupId=Consumer-topic-dae53f72_aa9c_4cff_be42_58e896e73613] Member consumer-Consumer-topic-dae53f72_aa9c_4cff_be42_58e896e73613-4-ef59f2e6-17b8-4e14-8f8a-dfa3a6d30eac sending LeaveGroup request to coordinator localhost:32769 (id: 2147483647 rack: null) due to the consumer is being closed
2025-08-07 20:35:39,933 INFO  [org.apa.kaf.cli.con.int.ConsumerCoordinator] (Thread-624) [Consumer clientId=consumer-Consumer-topic-dae53f72_aa9c_4cff_be42_58e896e73613-4, groupId=Consumer-topic-dae53f72_aa9c_4cff_be42_58e896e73613] Resetting generation and member id due to: consumer pro-actively leaving the group
2025-08-07 20:35:39,933 INFO  [org.apa.kaf.cli.con.int.ConsumerCoordinator] (Thread-624) [Consumer clientId=consumer-Consumer-topic-dae53f72_aa9c_4cff_be42_58e896e73613-4, groupId=Consumer-topic-dae53f72_aa9c_4cff_be42_58e896e73613] Request joining group due to: consumer pro-actively leaving the group
2025-08-07 20:35:40,429 INFO  [org.apa.kaf.com.met.Metrics] (Thread-624) Metrics scheduler closed
2025-08-07 20:35:40,429 INFO  [org.apa.kaf.com.met.Metrics] (Thread-624) Closing reporter org.apache.kafka.common.metrics.JmxReporter
2025-08-07 20:35:40,429 INFO  [org.apa.kaf.com.met.Metrics] (Thread-624) Closing reporter org.apache.kafka.common.telemetry.internals.ClientTelemetryReporter
2025-08-07 20:35:40,430 INFO  [org.apa.kaf.com.met.Metrics] (Thread-624) Metrics reporters closed
2025-08-07 20:35:40,433 INFO  [org.apa.kaf.com.uti.AppInfoParser] (Thread-624) App info kafka.consumer for consumer-Consumer-topic-dae53f72_aa9c_4cff_be42_58e896e73613-4 unregistered
2025-08-07 20:35:40,461 INFO  [io.api.tes.uti.TestSeparator] (main) io.apicurio.tests.serdes.apicurio.AvroSerdeIT.testTopicIdStrategyAutoRegister-FINISHED
2025-08-07 20:35:40,462 INFO  [io.api.tes.uti.TestSeparator] (main) ############################################################################
Test passed: testTopicIdStrategyAutoRegister
]]></system-out>
  </testcase>
  <testcase name="testRecordIdStrategydFindLatest" classname="io.apicurio.tests.serdes.apicurio.AvroSerdeIT" time="4.779">
    <system-out><![CDATA[2025-08-07 20:35:40,463 INFO  [io.api.tes.uti.TestSeparator] (main) ############################################################################
2025-08-07 20:35:40,463 INFO  [io.api.tes.uti.TestSeparator] (main) io.apicurio.tests.serdes.apicurio.AvroSerdeIT.testRecordIdStrategydFindLatest-STARTED
2025-08-07 20:35:40,464 INFO  [io.api.tes.ser.api.AvroSerdeIT] (main) Registering Avro Schema: {"type":"record","name":"s8bc4d7adx7bd7x44c0xa929xfceba6e7d208","namespace":"sdb03e541x3336x4d96xbfcbx5fd144c22a95","fields":[{"name":"key11754598940464","type":"string"}]}
**** Registry Base URL: http://registry-app-ksql043.apps.ci419.apicurio-testing.org:80
2025-08-07 20:35:41,543 INFO  [org.apa.kaf.cli.pro.ProducerConfig] (main) ProducerConfig values: 
	acks = -1
	auto.include.jmx.reporter = true
	batch.size = 16384
	bootstrap.servers = [PLAINTEXT://localhost:32769]
	buffer.memory = 33554432
	client.dns.lookup = use_all_dns_ips
	client.id = Producer-topic-eaed551f_f6b6_4e55_8447_cdb7732b1136
	compression.gzip.level = -1
	compression.lz4.level = 9
	compression.type = none
	compression.zstd.level = 3
	connections.max.idle.ms = 10000
	delivery.timeout.ms = 120000
	enable.idempotence = true
	enable.metrics.push = true
	interceptor.classes = []
	key.serializer = class org.apache.kafka.common.serialization.StringSerializer
	linger.ms = 0
	max.block.ms = 60000
	max.in.flight.requests.per.connection = 5
	max.request.size = 1048576
	metadata.max.age.ms = 300000
	metadata.max.idle.ms = 300000
	metadata.recovery.strategy = none
	metric.reporters = []
	metrics.num.samples = 2
	metrics.recording.level = INFO
	metrics.sample.window.ms = 30000
	partitioner.adaptive.partitioning.enable = true
	partitioner.availability.timeout.ms = 0
	partitioner.class = null
	partitioner.ignore.keys = false
	receive.buffer.bytes = 32768
	reconnect.backoff.max.ms = 1000
	reconnect.backoff.ms = 50
	request.timeout.ms = 5000
	retries = 2147483647
	retry.backoff.max.ms = 1000
	retry.backoff.ms = 100
	sasl.client.callback.handler.class = null
	sasl.jaas.config = null
	sasl.kerberos.kinit.cmd = /usr/bin/kinit
	sasl.kerberos.min.time.before.relogin = 60000
	sasl.kerberos.service.name = null
	sasl.kerberos.ticket.renew.jitter = 0.05
	sasl.kerberos.ticket.renew.window.factor = 0.8
	sasl.login.callback.handler.class = null
	sasl.login.class = null
	sasl.login.connect.timeout.ms = null
	sasl.login.read.timeout.ms = null
	sasl.login.refresh.buffer.seconds = 300
	sasl.login.refresh.min.period.seconds = 60
	sasl.login.refresh.window.factor = 0.8
	sasl.login.refresh.window.jitter = 0.05
	sasl.login.retry.backoff.max.ms = 10000
	sasl.login.retry.backoff.ms = 100
	sasl.mechanism = GSSAPI
	sasl.oauthbearer.clock.skew.seconds = 30
	sasl.oauthbearer.expected.audience = null
	sasl.oauthbearer.expected.issuer = null
	sasl.oauthbearer.header.urlencode = false
	sasl.oauthbearer.jwks.endpoint.refresh.ms = 3600000
	sasl.oauthbearer.jwks.endpoint.retry.backoff.max.ms = 10000
	sasl.oauthbearer.jwks.endpoint.retry.backoff.ms = 100
	sasl.oauthbearer.jwks.endpoint.url = null
	sasl.oauthbearer.scope.claim.name = scope
	sasl.oauthbearer.sub.claim.name = sub
	sasl.oauthbearer.token.endpoint.url = null
	security.protocol = PLAINTEXT
	security.providers = null
	send.buffer.bytes = 131072
	socket.connection.setup.timeout.max.ms = 30000
	socket.connection.setup.timeout.ms = 10000
	ssl.cipher.suites = null
	ssl.enabled.protocols = [TLSv1.2, TLSv1.3]
	ssl.endpoint.identification.algorithm = https
	ssl.engine.factory.class = null
	ssl.key.password = null
	ssl.keymanager.algorithm = SunX509
	ssl.keystore.certificate.chain = null
	ssl.keystore.key = null
	ssl.keystore.location = null
	ssl.keystore.password = null
	ssl.keystore.type = JKS
	ssl.protocol = TLSv1.3
	ssl.provider = null
	ssl.secure.random.implementation = null
	ssl.trustmanager.algorithm = PKIX
	ssl.truststore.certificates = null
	ssl.truststore.location = null
	ssl.truststore.password = null
	ssl.truststore.type = JKS
	transaction.timeout.ms = 60000
	transactional.id = null
	value.serializer = class io.apicurio.registry.serde.avro.AvroKafkaSerializer

2025-08-07 20:35:41,543 INFO  [org.apa.kaf.com.tel.int.KafkaMetricsCollector] (main) initializing Kafka metrics collector
2025-08-07 20:35:41,546 INFO  [org.apa.kaf.cli.pro.KafkaProducer] (main) [Producer clientId=Producer-topic-eaed551f_f6b6_4e55_8447_cdb7732b1136] Instantiated an idempotent producer.
2025-08-07 20:35:41,549 INFO  [org.apa.kaf.cli.pro.ProducerConfig] (main) These configurations '[apicurio.registry.find-latest, apicurio.registry.url, apicurio.registry.artifact-resolver-strategy]' were supplied but are not used yet.
2025-08-07 20:35:41,549 INFO  [org.apa.kaf.com.uti.AppInfoParser] (main) Kafka version: 3.9.1
2025-08-07 20:35:41,549 INFO  [org.apa.kaf.com.uti.AppInfoParser] (main) Kafka commitId: f745dfdcee2b9851
2025-08-07 20:35:41,549 INFO  [org.apa.kaf.com.uti.AppInfoParser] (main) Kafka startTimeMs: 1754598941549
2025-08-07 20:35:41,549 INFO  [io.api.tes.ser.api.SimpleSerdesTesterBuilder$SimpleSerdesTester] (main) Using producer configuration: {apicurio.registry.find-latest=true, apicurio.registry.url=http://registry-app-ksql043.apps.ci419.apicurio-testing.org:80/apis/registry/v3, apicurio.registry.artifact-resolver-strategy=io.apicurio.registry.serde.avro.strategy.RecordIdStrategy, value.serializer=io.apicurio.registry.serde.avro.AvroKafkaSerializer, request.timeout.ms=5000, acks=all, bootstrap.servers=PLAINTEXT://localhost:32769, connections.max.idle.ms=10000, key.serializer=org.apache.kafka.common.serialization.StringSerializer, client.id=Producer-topic-eaed551f_f6b6_4e55_8447_cdb7732b1136}
2025-08-07 20:35:41,550 INFO  [io.api.tes.ser.api.SimpleSerdesTesterBuilder$SimpleSerdesTester] (main) Using consumer configuration: {}
2025-08-07 20:35:41,552 INFO  [io.api.tes.ser.api.KafkaSerdesTester] (Thread-627) Sending message {"key11754598940464": "value-0"} to topic topic-eaed551f_f6b6_4e55_8447_cdb7732b1136
2025-08-07 20:35:41,557 INFO  [org.apa.kaf.cli.Metadata] (kafka-producer-network-thread | Producer-topic-eaed551f_f6b6_4e55_8447_cdb7732b1136) [Producer clientId=Producer-topic-eaed551f_f6b6_4e55_8447_cdb7732b1136] Cluster ID: 7hmfGG3YTMCno0-sg6ieQg
2025-08-07 20:35:41,558 INFO  [org.apa.kaf.cli.pro.int.TransactionManager] (kafka-producer-network-thread | Producer-topic-eaed551f_f6b6_4e55_8447_cdb7732b1136) [Producer clientId=Producer-topic-eaed551f_f6b6_4e55_8447_cdb7732b1136] ProducerId set to 5 with epoch 0
2025-08-07 20:35:41,613 INFO  [io.api.tes.ser.api.KafkaSerdesTester] (Thread-627) Sending message {"key11754598940464": "value-1"} to topic topic-eaed551f_f6b6_4e55_8447_cdb7732b1136
2025-08-07 20:35:41,616 INFO  [io.api.tes.ser.api.KafkaSerdesTester] (Thread-627) Sending message {"key11754598940464": "value-2"} to topic topic-eaed551f_f6b6_4e55_8447_cdb7732b1136
2025-08-07 20:35:41,619 INFO  [io.api.tes.ser.api.KafkaSerdesTester] (Thread-627) Sending message {"key11754598940464": "value-3"} to topic topic-eaed551f_f6b6_4e55_8447_cdb7732b1136
2025-08-07 20:35:41,622 INFO  [io.api.tes.ser.api.KafkaSerdesTester] (Thread-627) Sending message {"key11754598940464": "value-4"} to topic topic-eaed551f_f6b6_4e55_8447_cdb7732b1136
2025-08-07 20:35:41,623 INFO  [io.api.tes.ser.api.KafkaSerdesTester] (Thread-627) Sending message {"key11754598940464": "value-5"} to topic topic-eaed551f_f6b6_4e55_8447_cdb7732b1136
2025-08-07 20:35:41,626 INFO  [io.api.tes.ser.api.KafkaSerdesTester] (Thread-627) Sending message {"key11754598940464": "value-6"} to topic topic-eaed551f_f6b6_4e55_8447_cdb7732b1136
2025-08-07 20:35:41,627 INFO  [io.api.tes.ser.api.KafkaSerdesTester] (Thread-627) Sending message {"key11754598940464": "value-7"} to topic topic-eaed551f_f6b6_4e55_8447_cdb7732b1136
2025-08-07 20:35:41,631 INFO  [io.api.tes.ser.api.KafkaSerdesTester] (Thread-627) Sending message {"key11754598940464": "value-8"} to topic topic-eaed551f_f6b6_4e55_8447_cdb7732b1136
2025-08-07 20:35:41,636 INFO  [io.api.tes.ser.api.KafkaSerdesTester] (Thread-627) Sending message {"key11754598940464": "value-9"} to topic topic-eaed551f_f6b6_4e55_8447_cdb7732b1136
2025-08-07 20:35:41,638 INFO  [io.api.tes.ser.api.KafkaSerdesTester] (Thread-627) Produced 10 messages
2025-08-07 20:35:41,638 INFO  [org.apa.kaf.cli.pro.KafkaProducer] (Thread-627) [Producer clientId=Producer-topic-eaed551f_f6b6_4e55_8447_cdb7732b1136] Closing the Kafka producer with timeoutMillis = 9223372036854775807 ms.
2025-08-07 20:35:41,642 INFO  [org.apa.kaf.com.met.Metrics] (Thread-627) Metrics scheduler closed
2025-08-07 20:35:41,642 INFO  [org.apa.kaf.com.met.Metrics] (Thread-627) Closing reporter org.apache.kafka.common.metrics.JmxReporter
2025-08-07 20:35:41,642 INFO  [org.apa.kaf.com.met.Metrics] (Thread-627) Closing reporter org.apache.kafka.common.telemetry.internals.ClientTelemetryReporter
2025-08-07 20:35:41,642 INFO  [org.apa.kaf.com.met.Metrics] (Thread-627) Metrics reporters closed
2025-08-07 20:35:41,642 INFO  [org.apa.kaf.com.uti.AppInfoParser] (Thread-627) App info kafka.producer for Producer-topic-eaed551f_f6b6_4e55_8447_cdb7732b1136 unregistered
**** Registry Base URL: http://registry-app-ksql043.apps.ci419.apicurio-testing.org:80
2025-08-07 20:35:41,643 INFO  [org.apa.kaf.cli.con.ConsumerConfig] (main) ConsumerConfig values: 
	allow.auto.create.topics = true
	auto.commit.interval.ms = 500
	auto.include.jmx.reporter = true
	auto.offset.reset = earliest
	bootstrap.servers = [PLAINTEXT://localhost:32769]
	check.crcs = true
	client.dns.lookup = use_all_dns_ips
	client.id = consumer-Consumer-topic-eaed551f_f6b6_4e55_8447_cdb7732b1136-5
	client.rack = 
	connections.max.idle.ms = 10000
	default.api.timeout.ms = 60000
	enable.auto.commit = true
	enable.metrics.push = true
	exclude.internal.topics = true
	fetch.max.bytes = 52428800
	fetch.max.wait.ms = 500
	fetch.min.bytes = 1
	group.id = Consumer-topic-eaed551f_f6b6_4e55_8447_cdb7732b1136
	group.instance.id = null
	group.protocol = classic
	group.remote.assignor = null
	heartbeat.interval.ms = 3000
	interceptor.classes = []
	internal.leave.group.on.close = true
	internal.throw.on.fetch.stable.offset.unsupported = false
	isolation.level = read_uncommitted
	key.deserializer = class org.apache.kafka.common.serialization.StringDeserializer
	max.partition.fetch.bytes = 1048576
	max.poll.interval.ms = 300000
	max.poll.records = 500
	metadata.max.age.ms = 300000
	metadata.recovery.strategy = none
	metric.reporters = []
	metrics.num.samples = 2
	metrics.recording.level = INFO
	metrics.sample.window.ms = 30000
	partition.assignment.strategy = [class org.apache.kafka.clients.consumer.RangeAssignor, class org.apache.kafka.clients.consumer.CooperativeStickyAssignor]
	receive.buffer.bytes = 65536
	reconnect.backoff.max.ms = 1000
	reconnect.backoff.ms = 50
	request.timeout.ms = 5000
	retry.backoff.max.ms = 1000
	retry.backoff.ms = 100
	sasl.client.callback.handler.class = null
	sasl.jaas.config = null
	sasl.kerberos.kinit.cmd = /usr/bin/kinit
	sasl.kerberos.min.time.before.relogin = 60000
	sasl.kerberos.service.name = null
	sasl.kerberos.ticket.renew.jitter = 0.05
	sasl.kerberos.ticket.renew.window.factor = 0.8
	sasl.login.callback.handler.class = null
	sasl.login.class = null
	sasl.login.connect.timeout.ms = null
	sasl.login.read.timeout.ms = null
	sasl.login.refresh.buffer.seconds = 300
	sasl.login.refresh.min.period.seconds = 60
	sasl.login.refresh.window.factor = 0.8
	sasl.login.refresh.window.jitter = 0.05
	sasl.login.retry.backoff.max.ms = 10000
	sasl.login.retry.backoff.ms = 100
	sasl.mechanism = GSSAPI
	sasl.oauthbearer.clock.skew.seconds = 30
	sasl.oauthbearer.expected.audience = null
	sasl.oauthbearer.expected.issuer = null
	sasl.oauthbearer.header.urlencode = false
	sasl.oauthbearer.jwks.endpoint.refresh.ms = 3600000
	sasl.oauthbearer.jwks.endpoint.retry.backoff.max.ms = 10000
	sasl.oauthbearer.jwks.endpoint.retry.backoff.ms = 100
	sasl.oauthbearer.jwks.endpoint.url = null
	sasl.oauthbearer.scope.claim.name = scope
	sasl.oauthbearer.sub.claim.name = sub
	sasl.oauthbearer.token.endpoint.url = null
	security.protocol = PLAINTEXT
	security.providers = null
	send.buffer.bytes = 131072
	session.timeout.ms = 45000
	socket.connection.setup.timeout.max.ms = 30000
	socket.connection.setup.timeout.ms = 10000
	ssl.cipher.suites = null
	ssl.enabled.protocols = [TLSv1.2, TLSv1.3]
	ssl.endpoint.identification.algorithm = https
	ssl.engine.factory.class = null
	ssl.key.password = null
	ssl.keymanager.algorithm = SunX509
	ssl.keystore.certificate.chain = null
	ssl.keystore.key = null
	ssl.keystore.location = null
	ssl.keystore.password = null
	ssl.keystore.type = JKS
	ssl.protocol = TLSv1.3
	ssl.provider = null
	ssl.secure.random.implementation = null
	ssl.trustmanager.algorithm = PKIX
	ssl.truststore.certificates = null
	ssl.truststore.location = null
	ssl.truststore.password = null
	ssl.truststore.type = JKS
	value.deserializer = class io.apicurio.registry.serde.avro.AvroKafkaDeserializer

2025-08-07 20:35:41,643 INFO  [org.apa.kaf.com.tel.int.KafkaMetricsCollector] (main) initializing Kafka metrics collector
2025-08-07 20:35:41,651 INFO  [org.apa.kaf.cli.con.ConsumerConfig] (main) These configurations '[apicurio.registry.url]' were supplied but are not used yet.
2025-08-07 20:35:41,651 INFO  [org.apa.kaf.com.uti.AppInfoParser] (main) Kafka version: 3.9.1
2025-08-07 20:35:41,651 INFO  [org.apa.kaf.com.uti.AppInfoParser] (main) Kafka commitId: f745dfdcee2b9851
2025-08-07 20:35:41,651 INFO  [org.apa.kaf.com.uti.AppInfoParser] (main) Kafka startTimeMs: 1754598941651
2025-08-07 20:35:41,651 INFO  [org.apa.kaf.cli.con.int.ClassicKafkaConsumer] (Thread-630) [Consumer clientId=consumer-Consumer-topic-eaed551f_f6b6_4e55_8447_cdb7732b1136-5, groupId=Consumer-topic-eaed551f_f6b6_4e55_8447_cdb7732b1136] Subscribed to topic(s): topic-eaed551f_f6b6_4e55_8447_cdb7732b1136
2025-08-07 20:35:41,659 INFO  [org.apa.kaf.cli.Metadata] (Thread-630) [Consumer clientId=consumer-Consumer-topic-eaed551f_f6b6_4e55_8447_cdb7732b1136-5, groupId=Consumer-topic-eaed551f_f6b6_4e55_8447_cdb7732b1136] Cluster ID: 7hmfGG3YTMCno0-sg6ieQg
2025-08-07 20:35:41,664 INFO  [org.apa.kaf.cli.con.int.ConsumerCoordinator] (Thread-630) [Consumer clientId=consumer-Consumer-topic-eaed551f_f6b6_4e55_8447_cdb7732b1136-5, groupId=Consumer-topic-eaed551f_f6b6_4e55_8447_cdb7732b1136] Discovered group coordinator localhost:32769 (id: 2147483647 rack: null)
2025-08-07 20:35:41,667 INFO  [org.apa.kaf.cli.con.int.ConsumerCoordinator] (Thread-630) [Consumer clientId=consumer-Consumer-topic-eaed551f_f6b6_4e55_8447_cdb7732b1136-5, groupId=Consumer-topic-eaed551f_f6b6_4e55_8447_cdb7732b1136] (Re-)joining group
2025-08-07 20:35:41,671 INFO  [org.apa.kaf.cli.con.int.ConsumerCoordinator] (Thread-630) [Consumer clientId=consumer-Consumer-topic-eaed551f_f6b6_4e55_8447_cdb7732b1136-5, groupId=Consumer-topic-eaed551f_f6b6_4e55_8447_cdb7732b1136] Request joining group due to: need to re-join with the given member-id: consumer-Consumer-topic-eaed551f_f6b6_4e55_8447_cdb7732b1136-5-76e31ebf-ab76-45c9-8996-656ea59668d9
2025-08-07 20:35:41,672 INFO  [org.apa.kaf.cli.con.int.ConsumerCoordinator] (Thread-630) [Consumer clientId=consumer-Consumer-topic-eaed551f_f6b6_4e55_8447_cdb7732b1136-5, groupId=Consumer-topic-eaed551f_f6b6_4e55_8447_cdb7732b1136] (Re-)joining group
2025-08-07 20:35:42,651 INFO  [io.api.tes.ser.api.KafkaSerdesTester] (Thread-630) None found
2025-08-07 20:35:43,652 INFO  [io.api.tes.ser.api.KafkaSerdesTester] (Thread-630) None found
2025-08-07 20:35:44,652 INFO  [io.api.tes.ser.api.KafkaSerdesTester] (Thread-630) None found
2025-08-07 20:35:44,674 INFO  [org.apa.kaf.cli.con.int.ConsumerCoordinator] (Thread-630) [Consumer clientId=consumer-Consumer-topic-eaed551f_f6b6_4e55_8447_cdb7732b1136-5, groupId=Consumer-topic-eaed551f_f6b6_4e55_8447_cdb7732b1136] Successfully joined group with generation Generation{generationId=1, memberId='consumer-Consumer-topic-eaed551f_f6b6_4e55_8447_cdb7732b1136-5-76e31ebf-ab76-45c9-8996-656ea59668d9', protocol='range'}
2025-08-07 20:35:44,674 INFO  [org.apa.kaf.cli.con.int.ConsumerCoordinator] (Thread-630) [Consumer clientId=consumer-Consumer-topic-eaed551f_f6b6_4e55_8447_cdb7732b1136-5, groupId=Consumer-topic-eaed551f_f6b6_4e55_8447_cdb7732b1136] Finished assignment for group at generation 1: {consumer-Consumer-topic-eaed551f_f6b6_4e55_8447_cdb7732b1136-5-76e31ebf-ab76-45c9-8996-656ea59668d9=Assignment(partitions=[topic-eaed551f_f6b6_4e55_8447_cdb7732b1136-0])}
2025-08-07 20:35:44,682 INFO  [org.apa.kaf.cli.con.int.ConsumerCoordinator] (Thread-630) [Consumer clientId=consumer-Consumer-topic-eaed551f_f6b6_4e55_8447_cdb7732b1136-5, groupId=Consumer-topic-eaed551f_f6b6_4e55_8447_cdb7732b1136] Successfully synced group in generation Generation{generationId=1, memberId='consumer-Consumer-topic-eaed551f_f6b6_4e55_8447_cdb7732b1136-5-76e31ebf-ab76-45c9-8996-656ea59668d9', protocol='range'}
2025-08-07 20:35:44,682 INFO  [org.apa.kaf.cli.con.int.ConsumerCoordinator] (Thread-630) [Consumer clientId=consumer-Consumer-topic-eaed551f_f6b6_4e55_8447_cdb7732b1136-5, groupId=Consumer-topic-eaed551f_f6b6_4e55_8447_cdb7732b1136] Notifying assignor about the new Assignment(partitions=[topic-eaed551f_f6b6_4e55_8447_cdb7732b1136-0])
2025-08-07 20:35:44,682 INFO  [org.apa.kaf.cli.con.int.ConsumerRebalanceListenerInvoker] (Thread-630) [Consumer clientId=consumer-Consumer-topic-eaed551f_f6b6_4e55_8447_cdb7732b1136-5, groupId=Consumer-topic-eaed551f_f6b6_4e55_8447_cdb7732b1136] Adding newly assigned partitions: topic-eaed551f_f6b6_4e55_8447_cdb7732b1136-0
2025-08-07 20:35:44,683 INFO  [org.apa.kaf.cli.con.int.ConsumerCoordinator] (Thread-630) [Consumer clientId=consumer-Consumer-topic-eaed551f_f6b6_4e55_8447_cdb7732b1136-5, groupId=Consumer-topic-eaed551f_f6b6_4e55_8447_cdb7732b1136] Found no committed offset for partition topic-eaed551f_f6b6_4e55_8447_cdb7732b1136-0
2025-08-07 20:35:44,696 INFO  [org.apa.kaf.cli.con.int.SubscriptionState] (Thread-630) [Consumer clientId=consumer-Consumer-topic-eaed551f_f6b6_4e55_8447_cdb7732b1136-5, groupId=Consumer-topic-eaed551f_f6b6_4e55_8447_cdb7732b1136] Resetting offset for partition topic-eaed551f_f6b6_4e55_8447_cdb7732b1136-0 to position FetchPosition{offset=0, offsetEpoch=Optional.empty, currentLeader=LeaderAndEpoch{leader=Optional[localhost:32769 (id: 0 rack: null)], epoch=0}}.
2025-08-07 20:35:44,734 INFO  [io.api.tes.ser.api.KafkaSerdesTester] (Thread-630) topic-eaed551f_f6b6_4e55_8447_cdb7732b1136 0 0 {"key11754598940464": "value-0"}
2025-08-07 20:35:44,734 INFO  [io.api.tes.ser.api.KafkaSerdesTester] (Thread-630) topic-eaed551f_f6b6_4e55_8447_cdb7732b1136 0 1 {"key11754598940464": "value-1"}
2025-08-07 20:35:44,734 INFO  [io.api.tes.ser.api.KafkaSerdesTester] (Thread-630) topic-eaed551f_f6b6_4e55_8447_cdb7732b1136 0 2 {"key11754598940464": "value-2"}
2025-08-07 20:35:44,734 INFO  [io.api.tes.ser.api.KafkaSerdesTester] (Thread-630) topic-eaed551f_f6b6_4e55_8447_cdb7732b1136 0 3 {"key11754598940464": "value-3"}
2025-08-07 20:35:44,734 INFO  [io.api.tes.ser.api.KafkaSerdesTester] (Thread-630) topic-eaed551f_f6b6_4e55_8447_cdb7732b1136 0 4 {"key11754598940464": "value-4"}
2025-08-07 20:35:44,734 INFO  [io.api.tes.ser.api.KafkaSerdesTester] (Thread-630) topic-eaed551f_f6b6_4e55_8447_cdb7732b1136 0 5 {"key11754598940464": "value-5"}
2025-08-07 20:35:44,735 INFO  [io.api.tes.ser.api.KafkaSerdesTester] (Thread-630) topic-eaed551f_f6b6_4e55_8447_cdb7732b1136 0 6 {"key11754598940464": "value-6"}
2025-08-07 20:35:44,735 INFO  [io.api.tes.ser.api.KafkaSerdesTester] (Thread-630) topic-eaed551f_f6b6_4e55_8447_cdb7732b1136 0 7 {"key11754598940464": "value-7"}
2025-08-07 20:35:44,735 INFO  [io.api.tes.ser.api.KafkaSerdesTester] (Thread-630) topic-eaed551f_f6b6_4e55_8447_cdb7732b1136 0 8 {"key11754598940464": "value-8"}
2025-08-07 20:35:44,735 INFO  [io.api.tes.ser.api.KafkaSerdesTester] (Thread-630) topic-eaed551f_f6b6_4e55_8447_cdb7732b1136 0 9 {"key11754598940464": "value-9"}
2025-08-07 20:35:44,735 INFO  [io.api.tes.ser.api.KafkaSerdesTester] (Thread-630) Consumed 10 messages
2025-08-07 20:35:44,742 INFO  [org.apa.kaf.cli.con.int.ConsumerRebalanceListenerInvoker] (Thread-630) [Consumer clientId=consumer-Consumer-topic-eaed551f_f6b6_4e55_8447_cdb7732b1136-5, groupId=Consumer-topic-eaed551f_f6b6_4e55_8447_cdb7732b1136] Revoke previously assigned partitions topic-eaed551f_f6b6_4e55_8447_cdb7732b1136-0
2025-08-07 20:35:44,742 INFO  [org.apa.kaf.cli.con.int.ConsumerCoordinator] (Thread-630) [Consumer clientId=consumer-Consumer-topic-eaed551f_f6b6_4e55_8447_cdb7732b1136-5, groupId=Consumer-topic-eaed551f_f6b6_4e55_8447_cdb7732b1136] Member consumer-Consumer-topic-eaed551f_f6b6_4e55_8447_cdb7732b1136-5-76e31ebf-ab76-45c9-8996-656ea59668d9 sending LeaveGroup request to coordinator localhost:32769 (id: 2147483647 rack: null) due to the consumer is being closed
2025-08-07 20:35:44,743 INFO  [org.apa.kaf.cli.con.int.ConsumerCoordinator] (Thread-630) [Consumer clientId=consumer-Consumer-topic-eaed551f_f6b6_4e55_8447_cdb7732b1136-5, groupId=Consumer-topic-eaed551f_f6b6_4e55_8447_cdb7732b1136] Resetting generation and member id due to: consumer pro-actively leaving the group
2025-08-07 20:35:44,743 INFO  [org.apa.kaf.cli.con.int.ConsumerCoordinator] (Thread-630) [Consumer clientId=consumer-Consumer-topic-eaed551f_f6b6_4e55_8447_cdb7732b1136-5, groupId=Consumer-topic-eaed551f_f6b6_4e55_8447_cdb7732b1136] Request joining group due to: consumer pro-actively leaving the group
2025-08-07 20:35:45,237 INFO  [org.apa.kaf.com.met.Metrics] (Thread-630) Metrics scheduler closed
2025-08-07 20:35:45,237 INFO  [org.apa.kaf.com.met.Metrics] (Thread-630) Closing reporter org.apache.kafka.common.metrics.JmxReporter
2025-08-07 20:35:45,237 INFO  [org.apa.kaf.com.met.Metrics] (Thread-630) Closing reporter org.apache.kafka.common.telemetry.internals.ClientTelemetryReporter
2025-08-07 20:35:45,237 INFO  [org.apa.kaf.com.met.Metrics] (Thread-630) Metrics reporters closed
2025-08-07 20:35:45,240 INFO  [org.apa.kaf.com.uti.AppInfoParser] (Thread-630) App info kafka.consumer for consumer-Consumer-topic-eaed551f_f6b6_4e55_8447_cdb7732b1136-5 unregistered
2025-08-07 20:35:45,241 INFO  [io.api.tes.uti.TestSeparator] (main) io.apicurio.tests.serdes.apicurio.AvroSerdeIT.testRecordIdStrategydFindLatest-FINISHED
2025-08-07 20:35:45,241 INFO  [io.api.tes.uti.TestSeparator] (main) ############################################################################
Test passed: testRecordIdStrategydFindLatest
]]></system-out>
  </testcase>
  <testcase name="testReflectAutoRegister" classname="io.apicurio.tests.serdes.apicurio.AvroSerdeIT" time="3.876">
    <system-out><![CDATA[2025-08-07 20:35:45,244 INFO  [io.api.tes.uti.TestSeparator] (main) ############################################################################
2025-08-07 20:35:45,244 INFO  [io.api.tes.uti.TestSeparator] (main) io.apicurio.tests.serdes.apicurio.AvroSerdeIT.testReflectAutoRegister-STARTED
**** Registry Base URL: http://registry-app-ksql043.apps.ci419.apicurio-testing.org:80
2025-08-07 20:35:45,249 INFO  [org.apa.kaf.cli.pro.ProducerConfig] (main) ProducerConfig values: 
	acks = -1
	auto.include.jmx.reporter = true
	batch.size = 16384
	bootstrap.servers = [PLAINTEXT://localhost:32769]
	buffer.memory = 33554432
	client.dns.lookup = use_all_dns_ips
	client.id = Producer-topic-6dfc6c72_f58f_498f_8146_ad55300e64d1
	compression.gzip.level = -1
	compression.lz4.level = 9
	compression.type = none
	compression.zstd.level = 3
	connections.max.idle.ms = 10000
	delivery.timeout.ms = 120000
	enable.idempotence = true
	enable.metrics.push = true
	interceptor.classes = []
	key.serializer = class org.apache.kafka.common.serialization.StringSerializer
	linger.ms = 0
	max.block.ms = 60000
	max.in.flight.requests.per.connection = 5
	max.request.size = 1048576
	metadata.max.age.ms = 300000
	metadata.max.idle.ms = 300000
	metadata.recovery.strategy = none
	metric.reporters = []
	metrics.num.samples = 2
	metrics.recording.level = INFO
	metrics.sample.window.ms = 30000
	partitioner.adaptive.partitioning.enable = true
	partitioner.availability.timeout.ms = 0
	partitioner.class = null
	partitioner.ignore.keys = false
	receive.buffer.bytes = 32768
	reconnect.backoff.max.ms = 1000
	reconnect.backoff.ms = 50
	request.timeout.ms = 5000
	retries = 2147483647
	retry.backoff.max.ms = 1000
	retry.backoff.ms = 100
	sasl.client.callback.handler.class = null
	sasl.jaas.config = null
	sasl.kerberos.kinit.cmd = /usr/bin/kinit
	sasl.kerberos.min.time.before.relogin = 60000
	sasl.kerberos.service.name = null
	sasl.kerberos.ticket.renew.jitter = 0.05
	sasl.kerberos.ticket.renew.window.factor = 0.8
	sasl.login.callback.handler.class = null
	sasl.login.class = null
	sasl.login.connect.timeout.ms = null
	sasl.login.read.timeout.ms = null
	sasl.login.refresh.buffer.seconds = 300
	sasl.login.refresh.min.period.seconds = 60
	sasl.login.refresh.window.factor = 0.8
	sasl.login.refresh.window.jitter = 0.05
	sasl.login.retry.backoff.max.ms = 10000
	sasl.login.retry.backoff.ms = 100
	sasl.mechanism = GSSAPI
	sasl.oauthbearer.clock.skew.seconds = 30
	sasl.oauthbearer.expected.audience = null
	sasl.oauthbearer.expected.issuer = null
	sasl.oauthbearer.header.urlencode = false
	sasl.oauthbearer.jwks.endpoint.refresh.ms = 3600000
	sasl.oauthbearer.jwks.endpoint.retry.backoff.max.ms = 10000
	sasl.oauthbearer.jwks.endpoint.retry.backoff.ms = 100
	sasl.oauthbearer.jwks.endpoint.url = null
	sasl.oauthbearer.scope.claim.name = scope
	sasl.oauthbearer.sub.claim.name = sub
	sasl.oauthbearer.token.endpoint.url = null
	security.protocol = PLAINTEXT
	security.providers = null
	send.buffer.bytes = 131072
	socket.connection.setup.timeout.max.ms = 30000
	socket.connection.setup.timeout.ms = 10000
	ssl.cipher.suites = null
	ssl.enabled.protocols = [TLSv1.2, TLSv1.3]
	ssl.endpoint.identification.algorithm = https
	ssl.engine.factory.class = null
	ssl.key.password = null
	ssl.keymanager.algorithm = SunX509
	ssl.keystore.certificate.chain = null
	ssl.keystore.key = null
	ssl.keystore.location = null
	ssl.keystore.password = null
	ssl.keystore.type = JKS
	ssl.protocol = TLSv1.3
	ssl.provider = null
	ssl.secure.random.implementation = null
	ssl.trustmanager.algorithm = PKIX
	ssl.truststore.certificates = null
	ssl.truststore.location = null
	ssl.truststore.password = null
	ssl.truststore.type = JKS
	transaction.timeout.ms = 60000
	transactional.id = null
	value.serializer = class io.apicurio.registry.serde.avro.AvroKafkaSerializer

2025-08-07 20:35:45,249 INFO  [org.apa.kaf.com.tel.int.KafkaMetricsCollector] (main) initializing Kafka metrics collector
2025-08-07 20:35:45,261 INFO  [org.apa.kaf.cli.pro.KafkaProducer] (main) [Producer clientId=Producer-topic-6dfc6c72_f58f_498f_8146_ad55300e64d1] Instantiated an idempotent producer.
2025-08-07 20:35:45,264 INFO  [org.apa.kaf.cli.pro.ProducerConfig] (main) These configurations '[apicurio.registry.url, apicurio.registry.auto-register, apicurio.registry.artifact-resolver-strategy, apicurio.registry.avro-datum-provider]' were supplied but are not used yet.
2025-08-07 20:35:45,264 INFO  [org.apa.kaf.com.uti.AppInfoParser] (main) Kafka version: 3.9.1
2025-08-07 20:35:45,264 INFO  [org.apa.kaf.com.uti.AppInfoParser] (main) Kafka commitId: f745dfdcee2b9851
2025-08-07 20:35:45,264 INFO  [org.apa.kaf.com.uti.AppInfoParser] (main) Kafka startTimeMs: 1754598945264
2025-08-07 20:35:45,264 INFO  [io.api.tes.ser.api.SimpleSerdesTesterBuilder$SimpleSerdesTester] (main) Using producer configuration: {apicurio.registry.url=http://registry-app-ksql043.apps.ci419.apicurio-testing.org:80/apis/registry/v3, apicurio.registry.auto-register=true, apicurio.registry.artifact-resolver-strategy=io.apicurio.registry.serde.strategy.TopicIdStrategy, value.serializer=io.apicurio.registry.serde.avro.AvroKafkaSerializer, request.timeout.ms=5000, acks=all, bootstrap.servers=PLAINTEXT://localhost:32769, connections.max.idle.ms=10000, key.serializer=org.apache.kafka.common.serialization.StringSerializer, apicurio.registry.avro-datum-provider=io.apicurio.registry.serde.avro.ReflectAvroDatumProvider, client.id=Producer-topic-6dfc6c72_f58f_498f_8146_ad55300e64d1}
2025-08-07 20:35:45,264 INFO  [io.api.tes.ser.api.SimpleSerdesTesterBuilder$SimpleSerdesTester] (main) Using consumer configuration: {apicurio.registry.avro-datum-provider=io.apicurio.registry.serde.avro.ReflectAvroDatumProvider}
2025-08-07 20:35:45,266 INFO  [io.api.tes.ser.api.KafkaSerdesTester] (Thread-633) Sending message io.apicurio.tests.common.serdes.TestObject@3dbd29cb to topic topic-6dfc6c72_f58f_498f_8146_ad55300e64d1
2025-08-07 20:35:45,273 WARN  [org.apa.kaf.cli.NetworkClient] (kafka-producer-network-thread | Producer-topic-6dfc6c72_f58f_498f_8146_ad55300e64d1) [Producer clientId=Producer-topic-6dfc6c72_f58f_498f_8146_ad55300e64d1] The metadata response from the cluster reported a recoverable issue with correlation id 1 : {topic-6dfc6c72_f58f_498f_8146_ad55300e64d1=UNKNOWN_TOPIC_OR_PARTITION}
2025-08-07 20:35:45,273 INFO  [org.apa.kaf.cli.Metadata] (kafka-producer-network-thread | Producer-topic-6dfc6c72_f58f_498f_8146_ad55300e64d1) [Producer clientId=Producer-topic-6dfc6c72_f58f_498f_8146_ad55300e64d1] Cluster ID: 7hmfGG3YTMCno0-sg6ieQg
2025-08-07 20:35:45,273 INFO  [org.apa.kaf.cli.pro.int.TransactionManager] (kafka-producer-network-thread | Producer-topic-6dfc6c72_f58f_498f_8146_ad55300e64d1) [Producer clientId=Producer-topic-6dfc6c72_f58f_498f_8146_ad55300e64d1] ProducerId set to 6 with epoch 0
2025-08-07 20:35:45,473 INFO  [io.api.tes.ser.api.KafkaSerdesTester] (Thread-633) Sending message io.apicurio.tests.common.serdes.TestObject@3dbd29cb to topic topic-6dfc6c72_f58f_498f_8146_ad55300e64d1
2025-08-07 20:35:45,477 INFO  [io.api.tes.ser.api.KafkaSerdesTester] (Thread-633) Sending message io.apicurio.tests.common.serdes.TestObject@3dbd29cb to topic topic-6dfc6c72_f58f_498f_8146_ad55300e64d1
2025-08-07 20:35:45,479 INFO  [io.api.tes.ser.api.KafkaSerdesTester] (Thread-633) Sending message io.apicurio.tests.common.serdes.TestObject@3dbd29cb to topic topic-6dfc6c72_f58f_498f_8146_ad55300e64d1
2025-08-07 20:35:45,481 INFO  [io.api.tes.ser.api.KafkaSerdesTester] (Thread-633) Sending message io.apicurio.tests.common.serdes.TestObject@3dbd29cb to topic topic-6dfc6c72_f58f_498f_8146_ad55300e64d1
2025-08-07 20:35:45,483 INFO  [io.api.tes.ser.api.KafkaSerdesTester] (Thread-633) Sending message io.apicurio.tests.common.serdes.TestObject@3dbd29cb to topic topic-6dfc6c72_f58f_498f_8146_ad55300e64d1
2025-08-07 20:35:45,485 INFO  [io.api.tes.ser.api.KafkaSerdesTester] (Thread-633) Sending message io.apicurio.tests.common.serdes.TestObject@3dbd29cb to topic topic-6dfc6c72_f58f_498f_8146_ad55300e64d1
2025-08-07 20:35:45,490 INFO  [io.api.tes.ser.api.KafkaSerdesTester] (Thread-633) Sending message io.apicurio.tests.common.serdes.TestObject@3dbd29cb to topic topic-6dfc6c72_f58f_498f_8146_ad55300e64d1
2025-08-07 20:35:45,492 INFO  [io.api.tes.ser.api.KafkaSerdesTester] (Thread-633) Sending message io.apicurio.tests.common.serdes.TestObject@3dbd29cb to topic topic-6dfc6c72_f58f_498f_8146_ad55300e64d1
2025-08-07 20:35:45,495 INFO  [io.api.tes.ser.api.KafkaSerdesTester] (Thread-633) Sending message io.apicurio.tests.common.serdes.TestObject@3dbd29cb to topic topic-6dfc6c72_f58f_498f_8146_ad55300e64d1
2025-08-07 20:35:45,497 INFO  [io.api.tes.ser.api.KafkaSerdesTester] (Thread-633) Produced 10 messages
2025-08-07 20:35:45,497 INFO  [org.apa.kaf.cli.pro.KafkaProducer] (Thread-633) [Producer clientId=Producer-topic-6dfc6c72_f58f_498f_8146_ad55300e64d1] Closing the Kafka producer with timeoutMillis = 9223372036854775807 ms.
2025-08-07 20:35:45,500 INFO  [org.apa.kaf.com.met.Metrics] (Thread-633) Metrics scheduler closed
2025-08-07 20:35:45,500 INFO  [org.apa.kaf.com.met.Metrics] (Thread-633) Closing reporter org.apache.kafka.common.metrics.JmxReporter
2025-08-07 20:35:45,500 INFO  [org.apa.kaf.com.met.Metrics] (Thread-633) Closing reporter org.apache.kafka.common.telemetry.internals.ClientTelemetryReporter
2025-08-07 20:35:45,500 INFO  [org.apa.kaf.com.met.Metrics] (Thread-633) Metrics reporters closed
2025-08-07 20:35:45,500 INFO  [org.apa.kaf.com.uti.AppInfoParser] (Thread-633) App info kafka.producer for Producer-topic-6dfc6c72_f58f_498f_8146_ad55300e64d1 unregistered
**** Registry Base URL: http://registry-app-ksql043.apps.ci419.apicurio-testing.org:80
2025-08-07 20:35:45,526 INFO  [org.apa.kaf.cli.con.ConsumerConfig] (main) ConsumerConfig values: 
	allow.auto.create.topics = true
	auto.commit.interval.ms = 500
	auto.include.jmx.reporter = true
	auto.offset.reset = earliest
	bootstrap.servers = [PLAINTEXT://localhost:32769]
	check.crcs = true
	client.dns.lookup = use_all_dns_ips
	client.id = consumer-Consumer-topic-6dfc6c72_f58f_498f_8146_ad55300e64d1-6
	client.rack = 
	connections.max.idle.ms = 10000
	default.api.timeout.ms = 60000
	enable.auto.commit = true
	enable.metrics.push = true
	exclude.internal.topics = true
	fetch.max.bytes = 52428800
	fetch.max.wait.ms = 500
	fetch.min.bytes = 1
	group.id = Consumer-topic-6dfc6c72_f58f_498f_8146_ad55300e64d1
	group.instance.id = null
	group.protocol = classic
	group.remote.assignor = null
	heartbeat.interval.ms = 3000
	interceptor.classes = []
	internal.leave.group.on.close = true
	internal.throw.on.fetch.stable.offset.unsupported = false
	isolation.level = read_uncommitted
	key.deserializer = class org.apache.kafka.common.serialization.StringDeserializer
	max.partition.fetch.bytes = 1048576
	max.poll.interval.ms = 300000
	max.poll.records = 500
	metadata.max.age.ms = 300000
	metadata.recovery.strategy = none
	metric.reporters = []
	metrics.num.samples = 2
	metrics.recording.level = INFO
	metrics.sample.window.ms = 30000
	partition.assignment.strategy = [class org.apache.kafka.clients.consumer.RangeAssignor, class org.apache.kafka.clients.consumer.CooperativeStickyAssignor]
	receive.buffer.bytes = 65536
	reconnect.backoff.max.ms = 1000
	reconnect.backoff.ms = 50
	request.timeout.ms = 5000
	retry.backoff.max.ms = 1000
	retry.backoff.ms = 100
	sasl.client.callback.handler.class = null
	sasl.jaas.config = null
	sasl.kerberos.kinit.cmd = /usr/bin/kinit
	sasl.kerberos.min.time.before.relogin = 60000
	sasl.kerberos.service.name = null
	sasl.kerberos.ticket.renew.jitter = 0.05
	sasl.kerberos.ticket.renew.window.factor = 0.8
	sasl.login.callback.handler.class = null
	sasl.login.class = null
	sasl.login.connect.timeout.ms = null
	sasl.login.read.timeout.ms = null
	sasl.login.refresh.buffer.seconds = 300
	sasl.login.refresh.min.period.seconds = 60
	sasl.login.refresh.window.factor = 0.8
	sasl.login.refresh.window.jitter = 0.05
	sasl.login.retry.backoff.max.ms = 10000
	sasl.login.retry.backoff.ms = 100
	sasl.mechanism = GSSAPI
	sasl.oauthbearer.clock.skew.seconds = 30
	sasl.oauthbearer.expected.audience = null
	sasl.oauthbearer.expected.issuer = null
	sasl.oauthbearer.header.urlencode = false
	sasl.oauthbearer.jwks.endpoint.refresh.ms = 3600000
	sasl.oauthbearer.jwks.endpoint.retry.backoff.max.ms = 10000
	sasl.oauthbearer.jwks.endpoint.retry.backoff.ms = 100
	sasl.oauthbearer.jwks.endpoint.url = null
	sasl.oauthbearer.scope.claim.name = scope
	sasl.oauthbearer.sub.claim.name = sub
	sasl.oauthbearer.token.endpoint.url = null
	security.protocol = PLAINTEXT
	security.providers = null
	send.buffer.bytes = 131072
	session.timeout.ms = 45000
	socket.connection.setup.timeout.max.ms = 30000
	socket.connection.setup.timeout.ms = 10000
	ssl.cipher.suites = null
	ssl.enabled.protocols = [TLSv1.2, TLSv1.3]
	ssl.endpoint.identification.algorithm = https
	ssl.engine.factory.class = null
	ssl.key.password = null
	ssl.keymanager.algorithm = SunX509
	ssl.keystore.certificate.chain = null
	ssl.keystore.key = null
	ssl.keystore.location = null
	ssl.keystore.password = null
	ssl.keystore.type = JKS
	ssl.protocol = TLSv1.3
	ssl.provider = null
	ssl.secure.random.implementation = null
	ssl.trustmanager.algorithm = PKIX
	ssl.truststore.certificates = null
	ssl.truststore.location = null
	ssl.truststore.password = null
	ssl.truststore.type = JKS
	value.deserializer = class io.apicurio.registry.serde.avro.AvroKafkaDeserializer

2025-08-07 20:35:45,526 INFO  [org.apa.kaf.com.tel.int.KafkaMetricsCollector] (main) initializing Kafka metrics collector
2025-08-07 20:35:45,534 INFO  [org.apa.kaf.cli.con.ConsumerConfig] (main) These configurations '[apicurio.registry.url, apicurio.registry.avro-datum-provider]' were supplied but are not used yet.
2025-08-07 20:35:45,534 INFO  [org.apa.kaf.com.uti.AppInfoParser] (main) Kafka version: 3.9.1
2025-08-07 20:35:45,534 INFO  [org.apa.kaf.com.uti.AppInfoParser] (main) Kafka commitId: f745dfdcee2b9851
2025-08-07 20:35:45,534 INFO  [org.apa.kaf.com.uti.AppInfoParser] (main) Kafka startTimeMs: 1754598945534
2025-08-07 20:35:45,534 INFO  [org.apa.kaf.cli.con.int.ClassicKafkaConsumer] (Thread-636) [Consumer clientId=consumer-Consumer-topic-6dfc6c72_f58f_498f_8146_ad55300e64d1-6, groupId=Consumer-topic-6dfc6c72_f58f_498f_8146_ad55300e64d1] Subscribed to topic(s): topic-6dfc6c72_f58f_498f_8146_ad55300e64d1
2025-08-07 20:35:45,539 INFO  [org.apa.kaf.cli.Metadata] (Thread-636) [Consumer clientId=consumer-Consumer-topic-6dfc6c72_f58f_498f_8146_ad55300e64d1-6, groupId=Consumer-topic-6dfc6c72_f58f_498f_8146_ad55300e64d1] Cluster ID: 7hmfGG3YTMCno0-sg6ieQg
2025-08-07 20:35:45,541 INFO  [org.apa.kaf.cli.con.int.ConsumerCoordinator] (Thread-636) [Consumer clientId=consumer-Consumer-topic-6dfc6c72_f58f_498f_8146_ad55300e64d1-6, groupId=Consumer-topic-6dfc6c72_f58f_498f_8146_ad55300e64d1] Discovered group coordinator localhost:32769 (id: 2147483647 rack: null)
2025-08-07 20:35:45,542 INFO  [org.apa.kaf.cli.con.int.ConsumerCoordinator] (Thread-636) [Consumer clientId=consumer-Consumer-topic-6dfc6c72_f58f_498f_8146_ad55300e64d1-6, groupId=Consumer-topic-6dfc6c72_f58f_498f_8146_ad55300e64d1] (Re-)joining group
2025-08-07 20:35:45,548 INFO  [org.apa.kaf.cli.con.int.ConsumerCoordinator] (Thread-636) [Consumer clientId=consumer-Consumer-topic-6dfc6c72_f58f_498f_8146_ad55300e64d1-6, groupId=Consumer-topic-6dfc6c72_f58f_498f_8146_ad55300e64d1] Request joining group due to: need to re-join with the given member-id: consumer-Consumer-topic-6dfc6c72_f58f_498f_8146_ad55300e64d1-6-b7503e2d-1857-4b75-94ec-b3924cb456a2
2025-08-07 20:35:45,548 INFO  [org.apa.kaf.cli.con.int.ConsumerCoordinator] (Thread-636) [Consumer clientId=consumer-Consumer-topic-6dfc6c72_f58f_498f_8146_ad55300e64d1-6, groupId=Consumer-topic-6dfc6c72_f58f_498f_8146_ad55300e64d1] (Re-)joining group
2025-08-07 20:35:46,534 INFO  [io.api.tes.ser.api.KafkaSerdesTester] (Thread-636) None found
2025-08-07 20:35:47,535 INFO  [io.api.tes.ser.api.KafkaSerdesTester] (Thread-636) None found
2025-08-07 20:35:48,535 INFO  [io.api.tes.ser.api.KafkaSerdesTester] (Thread-636) None found
2025-08-07 20:35:48,549 INFO  [org.apa.kaf.cli.con.int.ConsumerCoordinator] (Thread-636) [Consumer clientId=consumer-Consumer-topic-6dfc6c72_f58f_498f_8146_ad55300e64d1-6, groupId=Consumer-topic-6dfc6c72_f58f_498f_8146_ad55300e64d1] Successfully joined group with generation Generation{generationId=1, memberId='consumer-Consumer-topic-6dfc6c72_f58f_498f_8146_ad55300e64d1-6-b7503e2d-1857-4b75-94ec-b3924cb456a2', protocol='range'}
2025-08-07 20:35:48,549 INFO  [org.apa.kaf.cli.con.int.ConsumerCoordinator] (Thread-636) [Consumer clientId=consumer-Consumer-topic-6dfc6c72_f58f_498f_8146_ad55300e64d1-6, groupId=Consumer-topic-6dfc6c72_f58f_498f_8146_ad55300e64d1] Finished assignment for group at generation 1: {consumer-Consumer-topic-6dfc6c72_f58f_498f_8146_ad55300e64d1-6-b7503e2d-1857-4b75-94ec-b3924cb456a2=Assignment(partitions=[topic-6dfc6c72_f58f_498f_8146_ad55300e64d1-0])}
2025-08-07 20:35:48,556 INFO  [org.apa.kaf.cli.con.int.ConsumerCoordinator] (Thread-636) [Consumer clientId=consumer-Consumer-topic-6dfc6c72_f58f_498f_8146_ad55300e64d1-6, groupId=Consumer-topic-6dfc6c72_f58f_498f_8146_ad55300e64d1] Successfully synced group in generation Generation{generationId=1, memberId='consumer-Consumer-topic-6dfc6c72_f58f_498f_8146_ad55300e64d1-6-b7503e2d-1857-4b75-94ec-b3924cb456a2', protocol='range'}
2025-08-07 20:35:48,557 INFO  [org.apa.kaf.cli.con.int.ConsumerCoordinator] (Thread-636) [Consumer clientId=consumer-Consumer-topic-6dfc6c72_f58f_498f_8146_ad55300e64d1-6, groupId=Consumer-topic-6dfc6c72_f58f_498f_8146_ad55300e64d1] Notifying assignor about the new Assignment(partitions=[topic-6dfc6c72_f58f_498f_8146_ad55300e64d1-0])
2025-08-07 20:35:48,557 INFO  [org.apa.kaf.cli.con.int.ConsumerRebalanceListenerInvoker] (Thread-636) [Consumer clientId=consumer-Consumer-topic-6dfc6c72_f58f_498f_8146_ad55300e64d1-6, groupId=Consumer-topic-6dfc6c72_f58f_498f_8146_ad55300e64d1] Adding newly assigned partitions: topic-6dfc6c72_f58f_498f_8146_ad55300e64d1-0
2025-08-07 20:35:48,560 INFO  [org.apa.kaf.cli.con.int.ConsumerCoordinator] (Thread-636) [Consumer clientId=consumer-Consumer-topic-6dfc6c72_f58f_498f_8146_ad55300e64d1-6, groupId=Consumer-topic-6dfc6c72_f58f_498f_8146_ad55300e64d1] Found no committed offset for partition topic-6dfc6c72_f58f_498f_8146_ad55300e64d1-0
2025-08-07 20:35:48,567 INFO  [org.apa.kaf.cli.con.int.SubscriptionState] (Thread-636) [Consumer clientId=consumer-Consumer-topic-6dfc6c72_f58f_498f_8146_ad55300e64d1-6, groupId=Consumer-topic-6dfc6c72_f58f_498f_8146_ad55300e64d1] Resetting offset for partition topic-6dfc6c72_f58f_498f_8146_ad55300e64d1-0 to position FetchPosition{offset=0, offsetEpoch=Optional.empty, currentLeader=LeaderAndEpoch{leader=Optional[localhost:32769 (id: 0 rack: null)], epoch=0}}.
2025-08-07 20:35:48,612 INFO  [io.api.tes.ser.api.KafkaSerdesTester] (Thread-636) topic-6dfc6c72_f58f_498f_8146_ad55300e64d1 0 0 io.apicurio.tests.common.serdes.TestObject@3dbd29cb
2025-08-07 20:35:48,612 INFO  [io.api.tes.ser.api.KafkaSerdesTester] (Thread-636) topic-6dfc6c72_f58f_498f_8146_ad55300e64d1 0 1 io.apicurio.tests.common.serdes.TestObject@3dbd29cb
2025-08-07 20:35:48,612 INFO  [io.api.tes.ser.api.KafkaSerdesTester] (Thread-636) topic-6dfc6c72_f58f_498f_8146_ad55300e64d1 0 2 io.apicurio.tests.common.serdes.TestObject@3dbd29cb
2025-08-07 20:35:48,612 INFO  [io.api.tes.ser.api.KafkaSerdesTester] (Thread-636) topic-6dfc6c72_f58f_498f_8146_ad55300e64d1 0 3 io.apicurio.tests.common.serdes.TestObject@3dbd29cb
2025-08-07 20:35:48,612 INFO  [io.api.tes.ser.api.KafkaSerdesTester] (Thread-636) topic-6dfc6c72_f58f_498f_8146_ad55300e64d1 0 4 io.apicurio.tests.common.serdes.TestObject@3dbd29cb
2025-08-07 20:35:48,612 INFO  [io.api.tes.ser.api.KafkaSerdesTester] (Thread-636) topic-6dfc6c72_f58f_498f_8146_ad55300e64d1 0 5 io.apicurio.tests.common.serdes.TestObject@3dbd29cb
2025-08-07 20:35:48,612 INFO  [io.api.tes.ser.api.KafkaSerdesTester] (Thread-636) topic-6dfc6c72_f58f_498f_8146_ad55300e64d1 0 6 io.apicurio.tests.common.serdes.TestObject@3dbd29cb
2025-08-07 20:35:48,612 INFO  [io.api.tes.ser.api.KafkaSerdesTester] (Thread-636) topic-6dfc6c72_f58f_498f_8146_ad55300e64d1 0 7 io.apicurio.tests.common.serdes.TestObject@3dbd29cb
2025-08-07 20:35:48,612 INFO  [io.api.tes.ser.api.KafkaSerdesTester] (Thread-636) topic-6dfc6c72_f58f_498f_8146_ad55300e64d1 0 8 io.apicurio.tests.common.serdes.TestObject@3dbd29cb
2025-08-07 20:35:48,613 INFO  [io.api.tes.ser.api.KafkaSerdesTester] (Thread-636) topic-6dfc6c72_f58f_498f_8146_ad55300e64d1 0 9 io.apicurio.tests.common.serdes.TestObject@3dbd29cb
2025-08-07 20:35:48,613 INFO  [io.api.tes.ser.api.KafkaSerdesTester] (Thread-636) Consumed 10 messages
2025-08-07 20:35:48,620 INFO  [org.apa.kaf.cli.con.int.ConsumerRebalanceListenerInvoker] (Thread-636) [Consumer clientId=consumer-Consumer-topic-6dfc6c72_f58f_498f_8146_ad55300e64d1-6, groupId=Consumer-topic-6dfc6c72_f58f_498f_8146_ad55300e64d1] Revoke previously assigned partitions topic-6dfc6c72_f58f_498f_8146_ad55300e64d1-0
2025-08-07 20:35:48,620 INFO  [org.apa.kaf.cli.con.int.ConsumerCoordinator] (Thread-636) [Consumer clientId=consumer-Consumer-topic-6dfc6c72_f58f_498f_8146_ad55300e64d1-6, groupId=Consumer-topic-6dfc6c72_f58f_498f_8146_ad55300e64d1] Member consumer-Consumer-topic-6dfc6c72_f58f_498f_8146_ad55300e64d1-6-b7503e2d-1857-4b75-94ec-b3924cb456a2 sending LeaveGroup request to coordinator localhost:32769 (id: 2147483647 rack: null) due to the consumer is being closed
2025-08-07 20:35:48,620 INFO  [org.apa.kaf.cli.con.int.ConsumerCoordinator] (Thread-636) [Consumer clientId=consumer-Consumer-topic-6dfc6c72_f58f_498f_8146_ad55300e64d1-6, groupId=Consumer-topic-6dfc6c72_f58f_498f_8146_ad55300e64d1] Resetting generation and member id due to: consumer pro-actively leaving the group
2025-08-07 20:35:48,620 INFO  [org.apa.kaf.cli.con.int.ConsumerCoordinator] (Thread-636) [Consumer clientId=consumer-Consumer-topic-6dfc6c72_f58f_498f_8146_ad55300e64d1-6, groupId=Consumer-topic-6dfc6c72_f58f_498f_8146_ad55300e64d1] Request joining group due to: consumer pro-actively leaving the group
2025-08-07 20:35:49,115 INFO  [org.apa.kaf.com.met.Metrics] (Thread-636) Metrics scheduler closed
2025-08-07 20:35:49,115 INFO  [org.apa.kaf.com.met.Metrics] (Thread-636) Closing reporter org.apache.kafka.common.metrics.JmxReporter
2025-08-07 20:35:49,115 INFO  [org.apa.kaf.com.met.Metrics] (Thread-636) Closing reporter org.apache.kafka.common.telemetry.internals.ClientTelemetryReporter
2025-08-07 20:35:49,115 INFO  [org.apa.kaf.com.met.Metrics] (Thread-636) Metrics reporters closed
2025-08-07 20:35:49,118 INFO  [org.apa.kaf.com.uti.AppInfoParser] (Thread-636) App info kafka.consumer for consumer-Consumer-topic-6dfc6c72_f58f_498f_8146_ad55300e64d1-6 unregistered
2025-08-07 20:35:49,119 INFO  [io.api.tes.uti.TestSeparator] (main) io.apicurio.tests.serdes.apicurio.AvroSerdeIT.testReflectAutoRegister-FINISHED
2025-08-07 20:35:49,119 INFO  [io.api.tes.uti.TestSeparator] (main) ############################################################################
Test passed: testReflectAutoRegister
]]></system-out>
  </testcase>
  <testcase name="testArtifactNotFound" classname="io.apicurio.tests.serdes.apicurio.AvroSerdeIT" time="0.189">
    <system-out><![CDATA[2025-08-07 20:35:49,121 INFO  [io.api.tes.uti.TestSeparator] (main) ############################################################################
2025-08-07 20:35:49,121 INFO  [io.api.tes.uti.TestSeparator] (main) io.apicurio.tests.serdes.apicurio.AvroSerdeIT.testArtifactNotFound-STARTED
**** Registry Base URL: http://registry-app-ksql043.apps.ci419.apicurio-testing.org:80
2025-08-07 20:35:49,126 INFO  [org.apa.kaf.cli.pro.ProducerConfig] (main) ProducerConfig values: 
	acks = -1
	auto.include.jmx.reporter = true
	batch.size = 16384
	bootstrap.servers = [PLAINTEXT://localhost:32769]
	buffer.memory = 33554432
	client.dns.lookup = use_all_dns_ips
	client.id = Producer-s09e0bd1bxc8b7x48cex9e27x20ec7ba5a539
	compression.gzip.level = -1
	compression.lz4.level = 9
	compression.type = none
	compression.zstd.level = 3
	connections.max.idle.ms = 10000
	delivery.timeout.ms = 120000
	enable.idempotence = true
	enable.metrics.push = true
	interceptor.classes = []
	key.serializer = class org.apache.kafka.common.serialization.StringSerializer
	linger.ms = 0
	max.block.ms = 60000
	max.in.flight.requests.per.connection = 5
	max.request.size = 1048576
	metadata.max.age.ms = 300000
	metadata.max.idle.ms = 300000
	metadata.recovery.strategy = none
	metric.reporters = []
	metrics.num.samples = 2
	metrics.recording.level = INFO
	metrics.sample.window.ms = 30000
	partitioner.adaptive.partitioning.enable = true
	partitioner.availability.timeout.ms = 0
	partitioner.class = null
	partitioner.ignore.keys = false
	receive.buffer.bytes = 32768
	reconnect.backoff.max.ms = 1000
	reconnect.backoff.ms = 50
	request.timeout.ms = 5000
	retries = 2147483647
	retry.backoff.max.ms = 1000
	retry.backoff.ms = 100
	sasl.client.callback.handler.class = null
	sasl.jaas.config = null
	sasl.kerberos.kinit.cmd = /usr/bin/kinit
	sasl.kerberos.min.time.before.relogin = 60000
	sasl.kerberos.service.name = null
	sasl.kerberos.ticket.renew.jitter = 0.05
	sasl.kerberos.ticket.renew.window.factor = 0.8
	sasl.login.callback.handler.class = null
	sasl.login.class = null
	sasl.login.connect.timeout.ms = null
	sasl.login.read.timeout.ms = null
	sasl.login.refresh.buffer.seconds = 300
	sasl.login.refresh.min.period.seconds = 60
	sasl.login.refresh.window.factor = 0.8
	sasl.login.refresh.window.jitter = 0.05
	sasl.login.retry.backoff.max.ms = 10000
	sasl.login.retry.backoff.ms = 100
	sasl.mechanism = GSSAPI
	sasl.oauthbearer.clock.skew.seconds = 30
	sasl.oauthbearer.expected.audience = null
	sasl.oauthbearer.expected.issuer = null
	sasl.oauthbearer.header.urlencode = false
	sasl.oauthbearer.jwks.endpoint.refresh.ms = 3600000
	sasl.oauthbearer.jwks.endpoint.retry.backoff.max.ms = 10000
	sasl.oauthbearer.jwks.endpoint.retry.backoff.ms = 100
	sasl.oauthbearer.jwks.endpoint.url = null
	sasl.oauthbearer.scope.claim.name = scope
	sasl.oauthbearer.sub.claim.name = sub
	sasl.oauthbearer.token.endpoint.url = null
	security.protocol = PLAINTEXT
	security.providers = null
	send.buffer.bytes = 131072
	socket.connection.setup.timeout.max.ms = 30000
	socket.connection.setup.timeout.ms = 10000
	ssl.cipher.suites = null
	ssl.enabled.protocols = [TLSv1.2, TLSv1.3]
	ssl.endpoint.identification.algorithm = https
	ssl.engine.factory.class = null
	ssl.key.password = null
	ssl.keymanager.algorithm = SunX509
	ssl.keystore.certificate.chain = null
	ssl.keystore.key = null
	ssl.keystore.location = null
	ssl.keystore.password = null
	ssl.keystore.type = JKS
	ssl.protocol = TLSv1.3
	ssl.provider = null
	ssl.secure.random.implementation = null
	ssl.trustmanager.algorithm = PKIX
	ssl.truststore.certificates = null
	ssl.truststore.location = null
	ssl.truststore.password = null
	ssl.truststore.type = JKS
	transaction.timeout.ms = 60000
	transactional.id = null
	value.serializer = class io.apicurio.registry.serde.avro.AvroKafkaSerializer

2025-08-07 20:35:49,126 INFO  [org.apa.kaf.com.tel.int.KafkaMetricsCollector] (main) initializing Kafka metrics collector
2025-08-07 20:35:49,130 INFO  [org.apa.kaf.cli.pro.KafkaProducer] (main) [Producer clientId=Producer-s09e0bd1bxc8b7x48cex9e27x20ec7ba5a539] Instantiated an idempotent producer.
2025-08-07 20:35:49,133 INFO  [org.apa.kaf.cli.pro.ProducerConfig] (main) These configurations '[apicurio.registry.url, apicurio.registry.artifact-resolver-strategy]' were supplied but are not used yet.
2025-08-07 20:35:49,133 INFO  [org.apa.kaf.com.uti.AppInfoParser] (main) Kafka version: 3.9.1
2025-08-07 20:35:49,133 INFO  [org.apa.kaf.com.uti.AppInfoParser] (main) Kafka commitId: f745dfdcee2b9851
2025-08-07 20:35:49,133 INFO  [org.apa.kaf.com.uti.AppInfoParser] (main) Kafka startTimeMs: 1754598949133
2025-08-07 20:35:49,135 INFO  [io.api.tes.ser.api.KafkaSerdesTester] (Thread-639) Sending message {"keyB": "value-0"} to topic s09e0bd1bxc8b7x48cex9e27x20ec7ba5a539
2025-08-07 20:35:49,139 WARN  [org.apa.kaf.cli.NetworkClient] (kafka-producer-network-thread | Producer-s09e0bd1bxc8b7x48cex9e27x20ec7ba5a539) [Producer clientId=Producer-s09e0bd1bxc8b7x48cex9e27x20ec7ba5a539] The metadata response from the cluster reported a recoverable issue with correlation id 1 : {s09e0bd1bxc8b7x48cex9e27x20ec7ba5a539=UNKNOWN_TOPIC_OR_PARTITION}
2025-08-07 20:35:49,140 INFO  [org.apa.kaf.cli.Metadata] (kafka-producer-network-thread | Producer-s09e0bd1bxc8b7x48cex9e27x20ec7ba5a539) [Producer clientId=Producer-s09e0bd1bxc8b7x48cex9e27x20ec7ba5a539] Cluster ID: 7hmfGG3YTMCno0-sg6ieQg
2025-08-07 20:35:49,140 INFO  [org.apa.kaf.cli.pro.int.TransactionManager] (kafka-producer-network-thread | Producer-s09e0bd1bxc8b7x48cex9e27x20ec7ba5a539) [Producer clientId=Producer-s09e0bd1bxc8b7x48cex9e27x20ec7ba5a539] ProducerId set to 7 with epoch 0
2025-08-07 20:35:49,259 INFO  [DefaultSchemaResolver] (Thread-639) Retrieving schema content using string: {"type":"record","name":"myrecord","namespace":"mygroup","fields":[{"name":"keyB","type":"string"}]}
2025-08-07 20:35:49,304 INFO  [org.apa.kaf.cli.pro.KafkaProducer] (Thread-639) [Producer clientId=Producer-s09e0bd1bxc8b7x48cex9e27x20ec7ba5a539] Closing the Kafka producer with timeoutMillis = 9223372036854775807 ms.
2025-08-07 20:35:49,307 INFO  [org.apa.kaf.com.met.Metrics] (Thread-639) Metrics scheduler closed
2025-08-07 20:35:49,307 INFO  [org.apa.kaf.com.met.Metrics] (Thread-639) Closing reporter org.apache.kafka.common.metrics.JmxReporter
2025-08-07 20:35:49,307 INFO  [org.apa.kaf.com.met.Metrics] (Thread-639) Closing reporter org.apache.kafka.common.telemetry.internals.ClientTelemetryReporter
2025-08-07 20:35:49,307 INFO  [org.apa.kaf.com.met.Metrics] (Thread-639) Metrics reporters closed
2025-08-07 20:35:49,307 INFO  [org.apa.kaf.com.uti.AppInfoParser] (Thread-639) App info kafka.producer for Producer-s09e0bd1bxc8b7x48cex9e27x20ec7ba5a539 unregistered
2025-08-07 20:35:49,308 INFO  [io.api.tes.uti.TestSeparator] (main) io.apicurio.tests.serdes.apicurio.AvroSerdeIT.testArtifactNotFound-FINISHED
2025-08-07 20:35:49,308 INFO  [io.api.tes.uti.TestSeparator] (main) ############################################################################
Test passed: testArtifactNotFound
]]></system-out>
    <system-err><![CDATA[java.lang.RuntimeException: Could not resolve artifact reference by content: {"type":"record","name":"myrecord","namespace":"mygroup","fields":[{"name":"keyB","type":"string"}]}&ArtifactReference [groupId=default, artifactId=s09e0bd1bxc8b7x48cex9e27x20ec7ba5a539-value, version=null, globalId=null, contentId=null, contentHash=null]
	at io.apicurio.registry.resolver.DefaultSchemaResolver.lambda$handleResolveSchemaByContent$3(DefaultSchemaResolver.java:265)
	at io.apicurio.registry.resolver.cache.ERCache.lambda$getValue$0(ERCache.java:174)
	at io.apicurio.registry.resolver.cache.ERCache.retry(ERCache.java:227)
	at io.apicurio.registry.resolver.cache.ERCache.getValue(ERCache.java:173)
	at io.apicurio.registry.resolver.cache.ERCache.getByContent(ERCache.java:147)
	at io.apicurio.registry.resolver.DefaultSchemaResolver.handleResolveSchemaByContent(DefaultSchemaResolver.java:253)
	at io.apicurio.registry.resolver.DefaultSchemaResolver.getSchemaFromRegistry(DefaultSchemaResolver.java:138)
	at io.apicurio.registry.resolver.DefaultSchemaResolver.lambda$resolveSchema$0(DefaultSchemaResolver.java:84)
	at java.base/java.util.Optional.orElseGet(Optional.java:364)
	at io.apicurio.registry.resolver.DefaultSchemaResolver.resolveSchema(DefaultSchemaResolver.java:84)
	at io.apicurio.registry.serde.AbstractSerializer.serializeData(AbstractSerializer.java:62)
	at io.apicurio.registry.serde.KafkaSerializer.serialize(KafkaSerializer.java:77)
	at org.apache.kafka.clients.producer.KafkaProducer.doSend(KafkaProducer.java:1046)
	at org.apache.kafka.clients.producer.KafkaProducer.send(KafkaProducer.java:993)
	at org.apache.kafka.clients.producer.KafkaProducer.send(KafkaProducer.java:875)
	at io.apicurio.tests.serdes.apicurio.KafkaSerdesTester.lambda$produceMessages$3(KafkaSerdesTester.java:138)
	at java.base/java.util.concurrent.CompletableFuture$AsyncSupply.run(CompletableFuture.java:1768)
	at java.base/java.lang.Thread.run(Thread.java:840)
]]></system-err>
  </testcase>
  <testcase name="testAvroSerDesFailDifferentSchemaByRecordName" classname="io.apicurio.tests.serdes.apicurio.AvroSerdeIT" time="1.13">
    <system-out><![CDATA[2025-08-07 20:35:49,313 INFO  [io.api.tes.uti.TestSeparator] (main) ############################################################################
2025-08-07 20:35:49,313 INFO  [io.api.tes.uti.TestSeparator] (main) io.apicurio.tests.serdes.apicurio.AvroSerdeIT.testAvroSerDesFailDifferentSchemaByRecordName-STARTED
**** Registry Base URL: http://registry-app-ksql043.apps.ci419.apicurio-testing.org:80
2025-08-07 20:35:50,390 INFO  [org.apa.kaf.cli.pro.ProducerConfig] (main) ProducerConfig values: 
	acks = -1
	auto.include.jmx.reporter = true
	batch.size = 16384
	bootstrap.servers = [PLAINTEXT://localhost:32769]
	buffer.memory = 33554432
	client.dns.lookup = use_all_dns_ips
	client.id = Producer-topic-b1ba5de8_d8f6_4876_8010_12f552ac6821
	compression.gzip.level = -1
	compression.lz4.level = 9
	compression.type = none
	compression.zstd.level = 3
	connections.max.idle.ms = 10000
	delivery.timeout.ms = 120000
	enable.idempotence = true
	enable.metrics.push = true
	interceptor.classes = []
	key.serializer = class org.apache.kafka.common.serialization.StringSerializer
	linger.ms = 0
	max.block.ms = 60000
	max.in.flight.requests.per.connection = 5
	max.request.size = 1048576
	metadata.max.age.ms = 300000
	metadata.max.idle.ms = 300000
	metadata.recovery.strategy = none
	metric.reporters = []
	metrics.num.samples = 2
	metrics.recording.level = INFO
	metrics.sample.window.ms = 30000
	partitioner.adaptive.partitioning.enable = true
	partitioner.availability.timeout.ms = 0
	partitioner.class = null
	partitioner.ignore.keys = false
	receive.buffer.bytes = 32768
	reconnect.backoff.max.ms = 1000
	reconnect.backoff.ms = 50
	request.timeout.ms = 5000
	retries = 2147483647
	retry.backoff.max.ms = 1000
	retry.backoff.ms = 100
	sasl.client.callback.handler.class = null
	sasl.jaas.config = null
	sasl.kerberos.kinit.cmd = /usr/bin/kinit
	sasl.kerberos.min.time.before.relogin = 60000
	sasl.kerberos.service.name = null
	sasl.kerberos.ticket.renew.jitter = 0.05
	sasl.kerberos.ticket.renew.window.factor = 0.8
	sasl.login.callback.handler.class = null
	sasl.login.class = null
	sasl.login.connect.timeout.ms = null
	sasl.login.read.timeout.ms = null
	sasl.login.refresh.buffer.seconds = 300
	sasl.login.refresh.min.period.seconds = 60
	sasl.login.refresh.window.factor = 0.8
	sasl.login.refresh.window.jitter = 0.05
	sasl.login.retry.backoff.max.ms = 10000
	sasl.login.retry.backoff.ms = 100
	sasl.mechanism = GSSAPI
	sasl.oauthbearer.clock.skew.seconds = 30
	sasl.oauthbearer.expected.audience = null
	sasl.oauthbearer.expected.issuer = null
	sasl.oauthbearer.header.urlencode = false
	sasl.oauthbearer.jwks.endpoint.refresh.ms = 3600000
	sasl.oauthbearer.jwks.endpoint.retry.backoff.max.ms = 10000
	sasl.oauthbearer.jwks.endpoint.retry.backoff.ms = 100
	sasl.oauthbearer.jwks.endpoint.url = null
	sasl.oauthbearer.scope.claim.name = scope
	sasl.oauthbearer.sub.claim.name = sub
	sasl.oauthbearer.token.endpoint.url = null
	security.protocol = PLAINTEXT
	security.providers = null
	send.buffer.bytes = 131072
	socket.connection.setup.timeout.max.ms = 30000
	socket.connection.setup.timeout.ms = 10000
	ssl.cipher.suites = null
	ssl.enabled.protocols = [TLSv1.2, TLSv1.3]
	ssl.endpoint.identification.algorithm = https
	ssl.engine.factory.class = null
	ssl.key.password = null
	ssl.keymanager.algorithm = SunX509
	ssl.keystore.certificate.chain = null
	ssl.keystore.key = null
	ssl.keystore.location = null
	ssl.keystore.password = null
	ssl.keystore.type = JKS
	ssl.protocol = TLSv1.3
	ssl.provider = null
	ssl.secure.random.implementation = null
	ssl.trustmanager.algorithm = PKIX
	ssl.truststore.certificates = null
	ssl.truststore.location = null
	ssl.truststore.password = null
	ssl.truststore.type = JKS
	transaction.timeout.ms = 60000
	transactional.id = null
	value.serializer = class io.apicurio.registry.serde.avro.AvroKafkaSerializer

2025-08-07 20:35:50,390 INFO  [org.apa.kaf.com.tel.int.KafkaMetricsCollector] (main) initializing Kafka metrics collector
2025-08-07 20:35:50,394 INFO  [org.apa.kaf.cli.pro.KafkaProducer] (main) [Producer clientId=Producer-topic-b1ba5de8_d8f6_4876_8010_12f552ac6821] Instantiated an idempotent producer.
2025-08-07 20:35:50,397 INFO  [org.apa.kaf.cli.pro.ProducerConfig] (main) These configurations '[apicurio.registry.find-latest, apicurio.registry.url, apicurio.registry.artifact-resolver-strategy]' were supplied but are not used yet.
2025-08-07 20:35:50,397 INFO  [org.apa.kaf.com.uti.AppInfoParser] (main) Kafka version: 3.9.1
2025-08-07 20:35:50,397 INFO  [org.apa.kaf.com.uti.AppInfoParser] (main) Kafka commitId: f745dfdcee2b9851
2025-08-07 20:35:50,397 INFO  [org.apa.kaf.com.uti.AppInfoParser] (main) Kafka startTimeMs: 1754598950397
2025-08-07 20:35:50,399 INFO  [io.api.tes.ser.api.KafkaSerdesTester] (Thread-642) Sending message {"keyB": "value-0"} to topic topic-b1ba5de8_d8f6_4876_8010_12f552ac6821
2025-08-07 20:35:50,408 INFO  [org.apa.kaf.cli.Metadata] (kafka-producer-network-thread | Producer-topic-b1ba5de8_d8f6_4876_8010_12f552ac6821) [Producer clientId=Producer-topic-b1ba5de8_d8f6_4876_8010_12f552ac6821] Cluster ID: 7hmfGG3YTMCno0-sg6ieQg
2025-08-07 20:35:50,410 INFO  [org.apa.kaf.cli.pro.int.TransactionManager] (kafka-producer-network-thread | Producer-topic-b1ba5de8_d8f6_4876_8010_12f552ac6821) [Producer clientId=Producer-topic-b1ba5de8_d8f6_4876_8010_12f552ac6821] ProducerId set to 8 with epoch 0
2025-08-07 20:35:50,435 INFO  [org.apa.kaf.cli.pro.KafkaProducer] (Thread-642) [Producer clientId=Producer-topic-b1ba5de8_d8f6_4876_8010_12f552ac6821] Closing the Kafka producer with timeoutMillis = 9223372036854775807 ms.
2025-08-07 20:35:50,437 INFO  [org.apa.kaf.com.met.Metrics] (Thread-642) Metrics scheduler closed
2025-08-07 20:35:50,437 INFO  [org.apa.kaf.com.met.Metrics] (Thread-642) Closing reporter org.apache.kafka.common.metrics.JmxReporter
2025-08-07 20:35:50,437 INFO  [org.apa.kaf.com.met.Metrics] (Thread-642) Closing reporter org.apache.kafka.common.telemetry.internals.ClientTelemetryReporter
2025-08-07 20:35:50,437 INFO  [org.apa.kaf.com.met.Metrics] (Thread-642) Metrics reporters closed
2025-08-07 20:35:50,437 INFO  [org.apa.kaf.com.uti.AppInfoParser] (Thread-642) App info kafka.producer for Producer-topic-b1ba5de8_d8f6_4876_8010_12f552ac6821 unregistered
2025-08-07 20:35:50,438 INFO  [io.api.tes.uti.TestSeparator] (main) io.apicurio.tests.serdes.apicurio.AvroSerdeIT.testAvroSerDesFailDifferentSchemaByRecordName-FINISHED
2025-08-07 20:35:50,438 INFO  [io.api.tes.uti.TestSeparator] (main) ############################################################################
Test passed: testAvroSerDesFailDifferentSchemaByRecordName
]]></system-out>
    <system-err><![CDATA[io.apicurio.registry.rest.client.models.ProblemDetails
	at io.apicurio.registry.rest.client.models.ProblemDetails.createFromDiscriminatorValue(ProblemDetails.java:58)
	at io.kiota.serialization.json.JsonParseNode.getObjectValue(JsonParseNode.java:247)
	at io.kiota.http.vertx.VertXRequestAdapter.lambda$throwIfFailedResponse$0(VertXRequestAdapter.java:400)
	at com.microsoft.kiota.ApiExceptionBuilder.<init>(ApiExceptionBuilder.java:26)
	at io.kiota.http.vertx.VertXRequestAdapter.throwIfFailedResponse(VertXRequestAdapter.java:399)
	at io.kiota.http.vertx.VertXRequestAdapter.send(VertXRequestAdapter.java:170)
	at io.apicurio.registry.rest.client.groups.item.artifacts.item.versions.item.WithVersionExpressionItemRequestBuilder.get(WithVersionExpressionItemRequestBuilder.java:128)
	at io.apicurio.registry.rest.client.groups.item.artifacts.item.versions.item.WithVersionExpressionItemRequestBuilder.get(WithVersionExpressionItemRequestBuilder.java:111)
	at io.apicurio.registry.resolver.client.RegistryClientFacadeImpl.getVersionCoordinatesByGAV(RegistryClientFacadeImpl.java:159)
	at io.apicurio.registry.resolver.DefaultSchemaResolver.resolveByCoordinates(DefaultSchemaResolver.java:352)
	at io.apicurio.registry.resolver.DefaultSchemaResolver.lambda$resolveSchemaByArtifactReferenceCached$6(DefaultSchemaResolver.java:340)
	at io.apicurio.registry.resolver.cache.ERCache.lambda$getValue$0(ERCache.java:174)
	at io.apicurio.registry.resolver.cache.ERCache.retry(ERCache.java:227)
	at io.apicurio.registry.resolver.cache.ERCache.getValue(ERCache.java:173)
	at io.apicurio.registry.resolver.cache.ERCache.getByArtifactCoordinates(ERCache.java:158)
	at io.apicurio.registry.resolver.DefaultSchemaResolver.resolveSchemaByArtifactReferenceCached(DefaultSchemaResolver.java:338)
	at io.apicurio.registry.resolver.DefaultSchemaResolver.resolveSchemaByCoordinates(DefaultSchemaResolver.java:193)
	at io.apicurio.registry.resolver.DefaultSchemaResolver.getSchemaFromRegistry(DefaultSchemaResolver.java:130)
	at io.apicurio.registry.resolver.DefaultSchemaResolver.lambda$resolveSchema$0(DefaultSchemaResolver.java:84)
	at java.base/java.util.Optional.orElseGet(Optional.java:364)
	at io.apicurio.registry.resolver.DefaultSchemaResolver.resolveSchema(DefaultSchemaResolver.java:84)
	at io.apicurio.registry.serde.AbstractSerializer.serializeData(AbstractSerializer.java:62)
	at io.apicurio.registry.serde.KafkaSerializer.serialize(KafkaSerializer.java:77)
	at org.apache.kafka.clients.producer.KafkaProducer.doSend(KafkaProducer.java:1046)
	at org.apache.kafka.clients.producer.KafkaProducer.send(KafkaProducer.java:993)
	at org.apache.kafka.clients.producer.KafkaProducer.send(KafkaProducer.java:875)
	at io.apicurio.tests.serdes.apicurio.KafkaSerdesTester.lambda$produceMessages$3(KafkaSerdesTester.java:138)
	at java.base/java.util.concurrent.CompletableFuture$AsyncSupply.run(CompletableFuture.java:1768)
	at java.base/java.lang.Thread.run(Thread.java:840)
]]></system-err>
  </testcase>
  <testcase name="testTopicIdStrategyFindLatest" classname="io.apicurio.tests.serdes.apicurio.AvroSerdeIT" time="4.809">
    <system-out><![CDATA[2025-08-07 20:35:50,439 INFO  [io.api.tes.uti.TestSeparator] (main) ############################################################################
2025-08-07 20:35:50,439 INFO  [io.api.tes.uti.TestSeparator] (main) io.apicurio.tests.serdes.apicurio.AvroSerdeIT.testTopicIdStrategyFindLatest-STARTED
2025-08-07 20:35:50,447 INFO  [io.api.tes.ser.api.AvroSerdeIT] (main) Registering Avro Schema: {"type":"record","name":"myrecordapicurio1","fields":[{"name":"key11754598950439","type":"string"}]}
**** Registry Base URL: http://registry-app-ksql043.apps.ci419.apicurio-testing.org:80
2025-08-07 20:35:51,532 INFO  [org.apa.kaf.cli.pro.ProducerConfig] (main) ProducerConfig values: 
	acks = -1
	auto.include.jmx.reporter = true
	batch.size = 16384
	bootstrap.servers = [PLAINTEXT://localhost:32769]
	buffer.memory = 33554432
	client.dns.lookup = use_all_dns_ips
	client.id = Producer-topic-0e6a584d_f756_4c39_98f0_054d5fa6d40a
	compression.gzip.level = -1
	compression.lz4.level = 9
	compression.type = none
	compression.zstd.level = 3
	connections.max.idle.ms = 10000
	delivery.timeout.ms = 120000
	enable.idempotence = true
	enable.metrics.push = true
	interceptor.classes = []
	key.serializer = class org.apache.kafka.common.serialization.StringSerializer
	linger.ms = 0
	max.block.ms = 60000
	max.in.flight.requests.per.connection = 5
	max.request.size = 1048576
	metadata.max.age.ms = 300000
	metadata.max.idle.ms = 300000
	metadata.recovery.strategy = none
	metric.reporters = []
	metrics.num.samples = 2
	metrics.recording.level = INFO
	metrics.sample.window.ms = 30000
	partitioner.adaptive.partitioning.enable = true
	partitioner.availability.timeout.ms = 0
	partitioner.class = null
	partitioner.ignore.keys = false
	receive.buffer.bytes = 32768
	reconnect.backoff.max.ms = 1000
	reconnect.backoff.ms = 50
	request.timeout.ms = 5000
	retries = 2147483647
	retry.backoff.max.ms = 1000
	retry.backoff.ms = 100
	sasl.client.callback.handler.class = null
	sasl.jaas.config = null
	sasl.kerberos.kinit.cmd = /usr/bin/kinit
	sasl.kerberos.min.time.before.relogin = 60000
	sasl.kerberos.service.name = null
	sasl.kerberos.ticket.renew.jitter = 0.05
	sasl.kerberos.ticket.renew.window.factor = 0.8
	sasl.login.callback.handler.class = null
	sasl.login.class = null
	sasl.login.connect.timeout.ms = null
	sasl.login.read.timeout.ms = null
	sasl.login.refresh.buffer.seconds = 300
	sasl.login.refresh.min.period.seconds = 60
	sasl.login.refresh.window.factor = 0.8
	sasl.login.refresh.window.jitter = 0.05
	sasl.login.retry.backoff.max.ms = 10000
	sasl.login.retry.backoff.ms = 100
	sasl.mechanism = GSSAPI
	sasl.oauthbearer.clock.skew.seconds = 30
	sasl.oauthbearer.expected.audience = null
	sasl.oauthbearer.expected.issuer = null
	sasl.oauthbearer.header.urlencode = false
	sasl.oauthbearer.jwks.endpoint.refresh.ms = 3600000
	sasl.oauthbearer.jwks.endpoint.retry.backoff.max.ms = 10000
	sasl.oauthbearer.jwks.endpoint.retry.backoff.ms = 100
	sasl.oauthbearer.jwks.endpoint.url = null
	sasl.oauthbearer.scope.claim.name = scope
	sasl.oauthbearer.sub.claim.name = sub
	sasl.oauthbearer.token.endpoint.url = null
	security.protocol = PLAINTEXT
	security.providers = null
	send.buffer.bytes = 131072
	socket.connection.setup.timeout.max.ms = 30000
	socket.connection.setup.timeout.ms = 10000
	ssl.cipher.suites = null
	ssl.enabled.protocols = [TLSv1.2, TLSv1.3]
	ssl.endpoint.identification.algorithm = https
	ssl.engine.factory.class = null
	ssl.key.password = null
	ssl.keymanager.algorithm = SunX509
	ssl.keystore.certificate.chain = null
	ssl.keystore.key = null
	ssl.keystore.location = null
	ssl.keystore.password = null
	ssl.keystore.type = JKS
	ssl.protocol = TLSv1.3
	ssl.provider = null
	ssl.secure.random.implementation = null
	ssl.trustmanager.algorithm = PKIX
	ssl.truststore.certificates = null
	ssl.truststore.location = null
	ssl.truststore.password = null
	ssl.truststore.type = JKS
	transaction.timeout.ms = 60000
	transactional.id = null
	value.serializer = class io.apicurio.registry.serde.avro.AvroKafkaSerializer

2025-08-07 20:35:51,532 INFO  [org.apa.kaf.com.tel.int.KafkaMetricsCollector] (main) initializing Kafka metrics collector
2025-08-07 20:35:51,535 INFO  [org.apa.kaf.cli.pro.KafkaProducer] (main) [Producer clientId=Producer-topic-0e6a584d_f756_4c39_98f0_054d5fa6d40a] Instantiated an idempotent producer.
2025-08-07 20:35:51,537 INFO  [org.apa.kaf.cli.pro.ProducerConfig] (main) These configurations '[apicurio.registry.find-latest, apicurio.registry.url, apicurio.registry.artifact-resolver-strategy]' were supplied but are not used yet.
2025-08-07 20:35:51,538 INFO  [org.apa.kaf.com.uti.AppInfoParser] (main) Kafka version: 3.9.1
2025-08-07 20:35:51,538 INFO  [org.apa.kaf.com.uti.AppInfoParser] (main) Kafka commitId: f745dfdcee2b9851
2025-08-07 20:35:51,538 INFO  [org.apa.kaf.com.uti.AppInfoParser] (main) Kafka startTimeMs: 1754598951538
2025-08-07 20:35:51,538 INFO  [io.api.tes.ser.api.SimpleSerdesTesterBuilder$SimpleSerdesTester] (main) Using producer configuration: {apicurio.registry.find-latest=true, apicurio.registry.url=http://registry-app-ksql043.apps.ci419.apicurio-testing.org:80/apis/registry/v3, apicurio.registry.artifact-resolver-strategy=io.apicurio.registry.serde.strategy.TopicIdStrategy, value.serializer=io.apicurio.registry.serde.avro.AvroKafkaSerializer, request.timeout.ms=5000, acks=all, bootstrap.servers=PLAINTEXT://localhost:32769, connections.max.idle.ms=10000, key.serializer=org.apache.kafka.common.serialization.StringSerializer, client.id=Producer-topic-0e6a584d_f756_4c39_98f0_054d5fa6d40a}
2025-08-07 20:35:51,538 INFO  [io.api.tes.ser.api.SimpleSerdesTesterBuilder$SimpleSerdesTester] (main) Using consumer configuration: {}
2025-08-07 20:35:51,540 INFO  [io.api.tes.ser.api.KafkaSerdesTester] (Thread-645) Sending message {"key11754598950439": "value-0"} to topic topic-0e6a584d_f756_4c39_98f0_054d5fa6d40a
2025-08-07 20:35:51,545 INFO  [org.apa.kaf.cli.Metadata] (kafka-producer-network-thread | Producer-topic-0e6a584d_f756_4c39_98f0_054d5fa6d40a) [Producer clientId=Producer-topic-0e6a584d_f756_4c39_98f0_054d5fa6d40a] Cluster ID: 7hmfGG3YTMCno0-sg6ieQg
2025-08-07 20:35:51,550 INFO  [org.apa.kaf.cli.pro.int.TransactionManager] (kafka-producer-network-thread | Producer-topic-0e6a584d_f756_4c39_98f0_054d5fa6d40a) [Producer clientId=Producer-topic-0e6a584d_f756_4c39_98f0_054d5fa6d40a] ProducerId set to 9 with epoch 0
2025-08-07 20:35:51,608 INFO  [io.api.tes.ser.api.KafkaSerdesTester] (Thread-645) Sending message {"key11754598950439": "value-1"} to topic topic-0e6a584d_f756_4c39_98f0_054d5fa6d40a
2025-08-07 20:35:51,611 INFO  [io.api.tes.ser.api.KafkaSerdesTester] (Thread-645) Sending message {"key11754598950439": "value-2"} to topic topic-0e6a584d_f756_4c39_98f0_054d5fa6d40a
2025-08-07 20:35:51,612 INFO  [io.api.tes.ser.api.KafkaSerdesTester] (Thread-645) Sending message {"key11754598950439": "value-3"} to topic topic-0e6a584d_f756_4c39_98f0_054d5fa6d40a
2025-08-07 20:35:51,614 INFO  [io.api.tes.ser.api.KafkaSerdesTester] (Thread-645) Sending message {"key11754598950439": "value-4"} to topic topic-0e6a584d_f756_4c39_98f0_054d5fa6d40a
2025-08-07 20:35:51,616 INFO  [io.api.tes.ser.api.KafkaSerdesTester] (Thread-645) Sending message {"key11754598950439": "value-5"} to topic topic-0e6a584d_f756_4c39_98f0_054d5fa6d40a
2025-08-07 20:35:51,618 INFO  [io.api.tes.ser.api.KafkaSerdesTester] (Thread-645) Sending message {"key11754598950439": "value-6"} to topic topic-0e6a584d_f756_4c39_98f0_054d5fa6d40a
2025-08-07 20:35:51,620 INFO  [io.api.tes.ser.api.KafkaSerdesTester] (Thread-645) Sending message {"key11754598950439": "value-7"} to topic topic-0e6a584d_f756_4c39_98f0_054d5fa6d40a
2025-08-07 20:35:51,622 INFO  [io.api.tes.ser.api.KafkaSerdesTester] (Thread-645) Sending message {"key11754598950439": "value-8"} to topic topic-0e6a584d_f756_4c39_98f0_054d5fa6d40a
2025-08-07 20:35:51,624 INFO  [io.api.tes.ser.api.KafkaSerdesTester] (Thread-645) Sending message {"key11754598950439": "value-9"} to topic topic-0e6a584d_f756_4c39_98f0_054d5fa6d40a
2025-08-07 20:35:51,626 INFO  [io.api.tes.ser.api.KafkaSerdesTester] (Thread-645) Produced 10 messages
2025-08-07 20:35:51,626 INFO  [org.apa.kaf.cli.pro.KafkaProducer] (Thread-645) [Producer clientId=Producer-topic-0e6a584d_f756_4c39_98f0_054d5fa6d40a] Closing the Kafka producer with timeoutMillis = 9223372036854775807 ms.
2025-08-07 20:35:51,630 INFO  [org.apa.kaf.com.met.Metrics] (Thread-645) Metrics scheduler closed
2025-08-07 20:35:51,630 INFO  [org.apa.kaf.com.met.Metrics] (Thread-645) Closing reporter org.apache.kafka.common.metrics.JmxReporter
2025-08-07 20:35:51,630 INFO  [org.apa.kaf.com.met.Metrics] (Thread-645) Closing reporter org.apache.kafka.common.telemetry.internals.ClientTelemetryReporter
2025-08-07 20:35:51,630 INFO  [org.apa.kaf.com.met.Metrics] (Thread-645) Metrics reporters closed
2025-08-07 20:35:51,630 INFO  [org.apa.kaf.com.uti.AppInfoParser] (Thread-645) App info kafka.producer for Producer-topic-0e6a584d_f756_4c39_98f0_054d5fa6d40a unregistered
**** Registry Base URL: http://registry-app-ksql043.apps.ci419.apicurio-testing.org:80
2025-08-07 20:35:51,631 INFO  [org.apa.kaf.cli.con.ConsumerConfig] (main) ConsumerConfig values: 
	allow.auto.create.topics = true
	auto.commit.interval.ms = 500
	auto.include.jmx.reporter = true
	auto.offset.reset = earliest
	bootstrap.servers = [PLAINTEXT://localhost:32769]
	check.crcs = true
	client.dns.lookup = use_all_dns_ips
	client.id = consumer-Consumer-topic-0e6a584d_f756_4c39_98f0_054d5fa6d40a-7
	client.rack = 
	connections.max.idle.ms = 10000
	default.api.timeout.ms = 60000
	enable.auto.commit = true
	enable.metrics.push = true
	exclude.internal.topics = true
	fetch.max.bytes = 52428800
	fetch.max.wait.ms = 500
	fetch.min.bytes = 1
	group.id = Consumer-topic-0e6a584d_f756_4c39_98f0_054d5fa6d40a
	group.instance.id = null
	group.protocol = classic
	group.remote.assignor = null
	heartbeat.interval.ms = 3000
	interceptor.classes = []
	internal.leave.group.on.close = true
	internal.throw.on.fetch.stable.offset.unsupported = false
	isolation.level = read_uncommitted
	key.deserializer = class org.apache.kafka.common.serialization.StringDeserializer
	max.partition.fetch.bytes = 1048576
	max.poll.interval.ms = 300000
	max.poll.records = 500
	metadata.max.age.ms = 300000
	metadata.recovery.strategy = none
	metric.reporters = []
	metrics.num.samples = 2
	metrics.recording.level = INFO
	metrics.sample.window.ms = 30000
	partition.assignment.strategy = [class org.apache.kafka.clients.consumer.RangeAssignor, class org.apache.kafka.clients.consumer.CooperativeStickyAssignor]
	receive.buffer.bytes = 65536
	reconnect.backoff.max.ms = 1000
	reconnect.backoff.ms = 50
	request.timeout.ms = 5000
	retry.backoff.max.ms = 1000
	retry.backoff.ms = 100
	sasl.client.callback.handler.class = null
	sasl.jaas.config = null
	sasl.kerberos.kinit.cmd = /usr/bin/kinit
	sasl.kerberos.min.time.before.relogin = 60000
	sasl.kerberos.service.name = null
	sasl.kerberos.ticket.renew.jitter = 0.05
	sasl.kerberos.ticket.renew.window.factor = 0.8
	sasl.login.callback.handler.class = null
	sasl.login.class = null
	sasl.login.connect.timeout.ms = null
	sasl.login.read.timeout.ms = null
	sasl.login.refresh.buffer.seconds = 300
	sasl.login.refresh.min.period.seconds = 60
	sasl.login.refresh.window.factor = 0.8
	sasl.login.refresh.window.jitter = 0.05
	sasl.login.retry.backoff.max.ms = 10000
	sasl.login.retry.backoff.ms = 100
	sasl.mechanism = GSSAPI
	sasl.oauthbearer.clock.skew.seconds = 30
	sasl.oauthbearer.expected.audience = null
	sasl.oauthbearer.expected.issuer = null
	sasl.oauthbearer.header.urlencode = false
	sasl.oauthbearer.jwks.endpoint.refresh.ms = 3600000
	sasl.oauthbearer.jwks.endpoint.retry.backoff.max.ms = 10000
	sasl.oauthbearer.jwks.endpoint.retry.backoff.ms = 100
	sasl.oauthbearer.jwks.endpoint.url = null
	sasl.oauthbearer.scope.claim.name = scope
	sasl.oauthbearer.sub.claim.name = sub
	sasl.oauthbearer.token.endpoint.url = null
	security.protocol = PLAINTEXT
	security.providers = null
	send.buffer.bytes = 131072
	session.timeout.ms = 45000
	socket.connection.setup.timeout.max.ms = 30000
	socket.connection.setup.timeout.ms = 10000
	ssl.cipher.suites = null
	ssl.enabled.protocols = [TLSv1.2, TLSv1.3]
	ssl.endpoint.identification.algorithm = https
	ssl.engine.factory.class = null
	ssl.key.password = null
	ssl.keymanager.algorithm = SunX509
	ssl.keystore.certificate.chain = null
	ssl.keystore.key = null
	ssl.keystore.location = null
	ssl.keystore.password = null
	ssl.keystore.type = JKS
	ssl.protocol = TLSv1.3
	ssl.provider = null
	ssl.secure.random.implementation = null
	ssl.trustmanager.algorithm = PKIX
	ssl.truststore.certificates = null
	ssl.truststore.location = null
	ssl.truststore.password = null
	ssl.truststore.type = JKS
	value.deserializer = class io.apicurio.registry.serde.avro.AvroKafkaDeserializer

2025-08-07 20:35:51,631 INFO  [org.apa.kaf.com.tel.int.KafkaMetricsCollector] (main) initializing Kafka metrics collector
2025-08-07 20:35:51,645 INFO  [org.apa.kaf.cli.con.ConsumerConfig] (main) These configurations '[apicurio.registry.url]' were supplied but are not used yet.
2025-08-07 20:35:51,645 INFO  [org.apa.kaf.com.uti.AppInfoParser] (main) Kafka version: 3.9.1
2025-08-07 20:35:51,645 INFO  [org.apa.kaf.com.uti.AppInfoParser] (main) Kafka commitId: f745dfdcee2b9851
2025-08-07 20:35:51,645 INFO  [org.apa.kaf.com.uti.AppInfoParser] (main) Kafka startTimeMs: 1754598951645
2025-08-07 20:35:51,665 INFO  [org.apa.kaf.cli.con.int.ClassicKafkaConsumer] (Thread-648) [Consumer clientId=consumer-Consumer-topic-0e6a584d_f756_4c39_98f0_054d5fa6d40a-7, groupId=Consumer-topic-0e6a584d_f756_4c39_98f0_054d5fa6d40a] Subscribed to topic(s): topic-0e6a584d_f756_4c39_98f0_054d5fa6d40a
2025-08-07 20:35:51,675 INFO  [org.apa.kaf.cli.Metadata] (Thread-648) [Consumer clientId=consumer-Consumer-topic-0e6a584d_f756_4c39_98f0_054d5fa6d40a-7, groupId=Consumer-topic-0e6a584d_f756_4c39_98f0_054d5fa6d40a] Cluster ID: 7hmfGG3YTMCno0-sg6ieQg
2025-08-07 20:35:51,677 INFO  [org.apa.kaf.cli.con.int.ConsumerCoordinator] (Thread-648) [Consumer clientId=consumer-Consumer-topic-0e6a584d_f756_4c39_98f0_054d5fa6d40a-7, groupId=Consumer-topic-0e6a584d_f756_4c39_98f0_054d5fa6d40a] Discovered group coordinator localhost:32769 (id: 2147483647 rack: null)
2025-08-07 20:35:51,679 INFO  [org.apa.kaf.cli.con.int.ConsumerCoordinator] (Thread-648) [Consumer clientId=consumer-Consumer-topic-0e6a584d_f756_4c39_98f0_054d5fa6d40a-7, groupId=Consumer-topic-0e6a584d_f756_4c39_98f0_054d5fa6d40a] (Re-)joining group
2025-08-07 20:35:51,683 INFO  [org.apa.kaf.cli.con.int.ConsumerCoordinator] (Thread-648) [Consumer clientId=consumer-Consumer-topic-0e6a584d_f756_4c39_98f0_054d5fa6d40a-7, groupId=Consumer-topic-0e6a584d_f756_4c39_98f0_054d5fa6d40a] Request joining group due to: need to re-join with the given member-id: consumer-Consumer-topic-0e6a584d_f756_4c39_98f0_054d5fa6d40a-7-e7ab2bd7-dafb-4ab3-ae2c-7de878c2ff22
2025-08-07 20:35:51,683 INFO  [org.apa.kaf.cli.con.int.ConsumerCoordinator] (Thread-648) [Consumer clientId=consumer-Consumer-topic-0e6a584d_f756_4c39_98f0_054d5fa6d40a-7, groupId=Consumer-topic-0e6a584d_f756_4c39_98f0_054d5fa6d40a] (Re-)joining group
2025-08-07 20:35:52,665 INFO  [io.api.tes.ser.api.KafkaSerdesTester] (Thread-648) None found
2025-08-07 20:35:53,666 INFO  [io.api.tes.ser.api.KafkaSerdesTester] (Thread-648) None found
2025-08-07 20:35:54,667 INFO  [io.api.tes.ser.api.KafkaSerdesTester] (Thread-648) None found
2025-08-07 20:35:54,685 INFO  [org.apa.kaf.cli.con.int.ConsumerCoordinator] (Thread-648) [Consumer clientId=consumer-Consumer-topic-0e6a584d_f756_4c39_98f0_054d5fa6d40a-7, groupId=Consumer-topic-0e6a584d_f756_4c39_98f0_054d5fa6d40a] Successfully joined group with generation Generation{generationId=1, memberId='consumer-Consumer-topic-0e6a584d_f756_4c39_98f0_054d5fa6d40a-7-e7ab2bd7-dafb-4ab3-ae2c-7de878c2ff22', protocol='range'}
2025-08-07 20:35:54,686 INFO  [org.apa.kaf.cli.con.int.ConsumerCoordinator] (Thread-648) [Consumer clientId=consumer-Consumer-topic-0e6a584d_f756_4c39_98f0_054d5fa6d40a-7, groupId=Consumer-topic-0e6a584d_f756_4c39_98f0_054d5fa6d40a] Finished assignment for group at generation 1: {consumer-Consumer-topic-0e6a584d_f756_4c39_98f0_054d5fa6d40a-7-e7ab2bd7-dafb-4ab3-ae2c-7de878c2ff22=Assignment(partitions=[topic-0e6a584d_f756_4c39_98f0_054d5fa6d40a-0])}
2025-08-07 20:35:54,693 INFO  [org.apa.kaf.cli.con.int.ConsumerCoordinator] (Thread-648) [Consumer clientId=consumer-Consumer-topic-0e6a584d_f756_4c39_98f0_054d5fa6d40a-7, groupId=Consumer-topic-0e6a584d_f756_4c39_98f0_054d5fa6d40a] Successfully synced group in generation Generation{generationId=1, memberId='consumer-Consumer-topic-0e6a584d_f756_4c39_98f0_054d5fa6d40a-7-e7ab2bd7-dafb-4ab3-ae2c-7de878c2ff22', protocol='range'}
2025-08-07 20:35:54,693 INFO  [org.apa.kaf.cli.con.int.ConsumerCoordinator] (Thread-648) [Consumer clientId=consumer-Consumer-topic-0e6a584d_f756_4c39_98f0_054d5fa6d40a-7, groupId=Consumer-topic-0e6a584d_f756_4c39_98f0_054d5fa6d40a] Notifying assignor about the new Assignment(partitions=[topic-0e6a584d_f756_4c39_98f0_054d5fa6d40a-0])
2025-08-07 20:35:54,693 INFO  [org.apa.kaf.cli.con.int.ConsumerRebalanceListenerInvoker] (Thread-648) [Consumer clientId=consumer-Consumer-topic-0e6a584d_f756_4c39_98f0_054d5fa6d40a-7, groupId=Consumer-topic-0e6a584d_f756_4c39_98f0_054d5fa6d40a] Adding newly assigned partitions: topic-0e6a584d_f756_4c39_98f0_054d5fa6d40a-0
2025-08-07 20:35:54,695 INFO  [org.apa.kaf.cli.con.int.ConsumerCoordinator] (Thread-648) [Consumer clientId=consumer-Consumer-topic-0e6a584d_f756_4c39_98f0_054d5fa6d40a-7, groupId=Consumer-topic-0e6a584d_f756_4c39_98f0_054d5fa6d40a] Found no committed offset for partition topic-0e6a584d_f756_4c39_98f0_054d5fa6d40a-0
2025-08-07 20:35:54,698 INFO  [org.apa.kaf.cli.con.int.SubscriptionState] (Thread-648) [Consumer clientId=consumer-Consumer-topic-0e6a584d_f756_4c39_98f0_054d5fa6d40a-7, groupId=Consumer-topic-0e6a584d_f756_4c39_98f0_054d5fa6d40a] Resetting offset for partition topic-0e6a584d_f756_4c39_98f0_054d5fa6d40a-0 to position FetchPosition{offset=0, offsetEpoch=Optional.empty, currentLeader=LeaderAndEpoch{leader=Optional[localhost:32769 (id: 0 rack: null)], epoch=0}}.
2025-08-07 20:35:54,740 INFO  [io.api.tes.ser.api.KafkaSerdesTester] (Thread-648) topic-0e6a584d_f756_4c39_98f0_054d5fa6d40a 0 0 {"key11754598950439": "value-0"}
2025-08-07 20:35:54,740 INFO  [io.api.tes.ser.api.KafkaSerdesTester] (Thread-648) topic-0e6a584d_f756_4c39_98f0_054d5fa6d40a 0 1 {"key11754598950439": "value-1"}
2025-08-07 20:35:54,740 INFO  [io.api.tes.ser.api.KafkaSerdesTester] (Thread-648) topic-0e6a584d_f756_4c39_98f0_054d5fa6d40a 0 2 {"key11754598950439": "value-2"}
2025-08-07 20:35:54,740 INFO  [io.api.tes.ser.api.KafkaSerdesTester] (Thread-648) topic-0e6a584d_f756_4c39_98f0_054d5fa6d40a 0 3 {"key11754598950439": "value-3"}
2025-08-07 20:35:54,740 INFO  [io.api.tes.ser.api.KafkaSerdesTester] (Thread-648) topic-0e6a584d_f756_4c39_98f0_054d5fa6d40a 0 4 {"key11754598950439": "value-4"}
2025-08-07 20:35:54,740 INFO  [io.api.tes.ser.api.KafkaSerdesTester] (Thread-648) topic-0e6a584d_f756_4c39_98f0_054d5fa6d40a 0 5 {"key11754598950439": "value-5"}
2025-08-07 20:35:54,740 INFO  [io.api.tes.ser.api.KafkaSerdesTester] (Thread-648) topic-0e6a584d_f756_4c39_98f0_054d5fa6d40a 0 6 {"key11754598950439": "value-6"}
2025-08-07 20:35:54,740 INFO  [io.api.tes.ser.api.KafkaSerdesTester] (Thread-648) topic-0e6a584d_f756_4c39_98f0_054d5fa6d40a 0 7 {"key11754598950439": "value-7"}
2025-08-07 20:35:54,740 INFO  [io.api.tes.ser.api.KafkaSerdesTester] (Thread-648) topic-0e6a584d_f756_4c39_98f0_054d5fa6d40a 0 8 {"key11754598950439": "value-8"}
2025-08-07 20:35:54,741 INFO  [io.api.tes.ser.api.KafkaSerdesTester] (Thread-648) topic-0e6a584d_f756_4c39_98f0_054d5fa6d40a 0 9 {"key11754598950439": "value-9"}
2025-08-07 20:35:54,741 INFO  [io.api.tes.ser.api.KafkaSerdesTester] (Thread-648) Consumed 10 messages
2025-08-07 20:35:54,748 INFO  [org.apa.kaf.cli.con.int.ConsumerRebalanceListenerInvoker] (Thread-648) [Consumer clientId=consumer-Consumer-topic-0e6a584d_f756_4c39_98f0_054d5fa6d40a-7, groupId=Consumer-topic-0e6a584d_f756_4c39_98f0_054d5fa6d40a] Revoke previously assigned partitions topic-0e6a584d_f756_4c39_98f0_054d5fa6d40a-0
2025-08-07 20:35:54,748 INFO  [org.apa.kaf.cli.con.int.ConsumerCoordinator] (Thread-648) [Consumer clientId=consumer-Consumer-topic-0e6a584d_f756_4c39_98f0_054d5fa6d40a-7, groupId=Consumer-topic-0e6a584d_f756_4c39_98f0_054d5fa6d40a] Member consumer-Consumer-topic-0e6a584d_f756_4c39_98f0_054d5fa6d40a-7-e7ab2bd7-dafb-4ab3-ae2c-7de878c2ff22 sending LeaveGroup request to coordinator localhost:32769 (id: 2147483647 rack: null) due to the consumer is being closed
2025-08-07 20:35:54,748 INFO  [org.apa.kaf.cli.con.int.ConsumerCoordinator] (Thread-648) [Consumer clientId=consumer-Consumer-topic-0e6a584d_f756_4c39_98f0_054d5fa6d40a-7, groupId=Consumer-topic-0e6a584d_f756_4c39_98f0_054d5fa6d40a] Resetting generation and member id due to: consumer pro-actively leaving the group
2025-08-07 20:35:54,748 INFO  [org.apa.kaf.cli.con.int.ConsumerCoordinator] (Thread-648) [Consumer clientId=consumer-Consumer-topic-0e6a584d_f756_4c39_98f0_054d5fa6d40a-7, groupId=Consumer-topic-0e6a584d_f756_4c39_98f0_054d5fa6d40a] Request joining group due to: consumer pro-actively leaving the group
2025-08-07 20:35:55,243 INFO  [org.apa.kaf.com.met.Metrics] (Thread-648) Metrics scheduler closed
2025-08-07 20:35:55,243 INFO  [org.apa.kaf.com.met.Metrics] (Thread-648) Closing reporter org.apache.kafka.common.metrics.JmxReporter
2025-08-07 20:35:55,243 INFO  [org.apa.kaf.com.met.Metrics] (Thread-648) Closing reporter org.apache.kafka.common.telemetry.internals.ClientTelemetryReporter
2025-08-07 20:35:55,243 INFO  [org.apa.kaf.com.met.Metrics] (Thread-648) Metrics reporters closed
2025-08-07 20:35:55,246 INFO  [org.apa.kaf.com.uti.AppInfoParser] (Thread-648) App info kafka.consumer for consumer-Consumer-topic-0e6a584d_f756_4c39_98f0_054d5fa6d40a-7 unregistered
2025-08-07 20:35:55,246 INFO  [io.api.tes.uti.TestSeparator] (main) io.apicurio.tests.serdes.apicurio.AvroSerdeIT.testTopicIdStrategyFindLatest-FINISHED
2025-08-07 20:35:55,246 INFO  [io.api.tes.uti.TestSeparator] (main) ############################################################################
Test passed: testTopicIdStrategyFindLatest
]]></system-out>
  </testcase>
  <testcase name="testAvroUnionWithSpecificReader" classname="io.apicurio.tests.serdes.apicurio.AvroSerdeIT" time="4.03">
    <system-out><![CDATA[2025-08-07 20:35:55,250 INFO  [io.api.tes.uti.TestSeparator] (main) ############################################################################
2025-08-07 20:35:55,250 INFO  [io.api.tes.uti.TestSeparator] (main) io.apicurio.tests.serdes.apicurio.AvroSerdeIT.testAvroUnionWithSpecificReader-STARTED
**** Registry Base URL: http://registry-app-ksql043.apps.ci419.apicurio-testing.org:80
2025-08-07 20:35:55,257 INFO  [org.apa.kaf.cli.pro.ProducerConfig] (main) ProducerConfig values: 
	acks = -1
	auto.include.jmx.reporter = true
	batch.size = 16384
	bootstrap.servers = [PLAINTEXT://localhost:32769]
	buffer.memory = 33554432
	client.dns.lookup = use_all_dns_ips
	client.id = Producer-topic-95e98222_b2dd_4ec0_880a_1ba56ee63aee
	compression.gzip.level = -1
	compression.lz4.level = 9
	compression.type = none
	compression.zstd.level = 3
	connections.max.idle.ms = 10000
	delivery.timeout.ms = 120000
	enable.idempotence = true
	enable.metrics.push = true
	interceptor.classes = []
	key.serializer = class org.apache.kafka.common.serialization.StringSerializer
	linger.ms = 0
	max.block.ms = 60000
	max.in.flight.requests.per.connection = 5
	max.request.size = 1048576
	metadata.max.age.ms = 300000
	metadata.max.idle.ms = 300000
	metadata.recovery.strategy = none
	metric.reporters = []
	metrics.num.samples = 2
	metrics.recording.level = INFO
	metrics.sample.window.ms = 30000
	partitioner.adaptive.partitioning.enable = true
	partitioner.availability.timeout.ms = 0
	partitioner.class = null
	partitioner.ignore.keys = false
	receive.buffer.bytes = 32768
	reconnect.backoff.max.ms = 1000
	reconnect.backoff.ms = 50
	request.timeout.ms = 5000
	retries = 2147483647
	retry.backoff.max.ms = 1000
	retry.backoff.ms = 100
	sasl.client.callback.handler.class = null
	sasl.jaas.config = null
	sasl.kerberos.kinit.cmd = /usr/bin/kinit
	sasl.kerberos.min.time.before.relogin = 60000
	sasl.kerberos.service.name = null
	sasl.kerberos.ticket.renew.jitter = 0.05
	sasl.kerberos.ticket.renew.window.factor = 0.8
	sasl.login.callback.handler.class = null
	sasl.login.class = null
	sasl.login.connect.timeout.ms = null
	sasl.login.read.timeout.ms = null
	sasl.login.refresh.buffer.seconds = 300
	sasl.login.refresh.min.period.seconds = 60
	sasl.login.refresh.window.factor = 0.8
	sasl.login.refresh.window.jitter = 0.05
	sasl.login.retry.backoff.max.ms = 10000
	sasl.login.retry.backoff.ms = 100
	sasl.mechanism = GSSAPI
	sasl.oauthbearer.clock.skew.seconds = 30
	sasl.oauthbearer.expected.audience = null
	sasl.oauthbearer.expected.issuer = null
	sasl.oauthbearer.header.urlencode = false
	sasl.oauthbearer.jwks.endpoint.refresh.ms = 3600000
	sasl.oauthbearer.jwks.endpoint.retry.backoff.max.ms = 10000
	sasl.oauthbearer.jwks.endpoint.retry.backoff.ms = 100
	sasl.oauthbearer.jwks.endpoint.url = null
	sasl.oauthbearer.scope.claim.name = scope
	sasl.oauthbearer.sub.claim.name = sub
	sasl.oauthbearer.token.endpoint.url = null
	security.protocol = PLAINTEXT
	security.providers = null
	send.buffer.bytes = 131072
	socket.connection.setup.timeout.max.ms = 30000
	socket.connection.setup.timeout.ms = 10000
	ssl.cipher.suites = null
	ssl.enabled.protocols = [TLSv1.2, TLSv1.3]
	ssl.endpoint.identification.algorithm = https
	ssl.engine.factory.class = null
	ssl.key.password = null
	ssl.keymanager.algorithm = SunX509
	ssl.keystore.certificate.chain = null
	ssl.keystore.key = null
	ssl.keystore.location = null
	ssl.keystore.password = null
	ssl.keystore.type = JKS
	ssl.protocol = TLSv1.3
	ssl.provider = null
	ssl.secure.random.implementation = null
	ssl.trustmanager.algorithm = PKIX
	ssl.truststore.certificates = null
	ssl.truststore.location = null
	ssl.truststore.password = null
	ssl.truststore.type = JKS
	transaction.timeout.ms = 60000
	transactional.id = null
	value.serializer = class io.apicurio.registry.serde.avro.AvroKafkaSerializer

2025-08-07 20:35:55,257 INFO  [org.apa.kaf.com.tel.int.KafkaMetricsCollector] (main) initializing Kafka metrics collector
2025-08-07 20:35:55,264 INFO  [org.apa.kaf.cli.pro.KafkaProducer] (main) [Producer clientId=Producer-topic-95e98222_b2dd_4ec0_880a_1ba56ee63aee] Instantiated an idempotent producer.
2025-08-07 20:35:55,265 INFO  [org.apa.kaf.cli.pro.ProducerConfig] (main) These configurations '[apicurio.registry.url, apicurio.registry.auto-register, apicurio.registry.artifact-resolver-strategy]' were supplied but are not used yet.
2025-08-07 20:35:55,265 INFO  [org.apa.kaf.com.uti.AppInfoParser] (main) Kafka version: 3.9.1
2025-08-07 20:35:55,265 INFO  [org.apa.kaf.com.uti.AppInfoParser] (main) Kafka commitId: f745dfdcee2b9851
2025-08-07 20:35:55,265 INFO  [org.apa.kaf.com.uti.AppInfoParser] (main) Kafka startTimeMs: 1754598955265
2025-08-07 20:35:55,266 INFO  [io.api.tes.ser.api.SimpleSerdesTesterBuilder$SimpleSerdesTester] (main) Using producer configuration: {apicurio.registry.url=http://registry-app-ksql043.apps.ci419.apicurio-testing.org:80/apis/registry/v3, apicurio.registry.auto-register=true, apicurio.registry.artifact-resolver-strategy=io.apicurio.registry.serde.strategy.TopicIdStrategy, value.serializer=io.apicurio.registry.serde.avro.AvroKafkaSerializer, request.timeout.ms=5000, acks=all, bootstrap.servers=PLAINTEXT://localhost:32769, connections.max.idle.ms=10000, key.serializer=org.apache.kafka.common.serialization.StringSerializer, client.id=Producer-topic-95e98222_b2dd_4ec0_880a_1ba56ee63aee}
2025-08-07 20:35:55,266 INFO  [io.api.tes.ser.api.SimpleSerdesTesterBuilder$SimpleSerdesTester] (main) Using consumer configuration: {}
2025-08-07 20:35:55,267 INFO  [io.api.tes.ser.api.KafkaSerdesTester] (Thread-651) Sending message {"id": "record-0"} to topic topic-95e98222_b2dd_4ec0_880a_1ba56ee63aee
2025-08-07 20:35:55,272 WARN  [org.apa.kaf.cli.NetworkClient] (kafka-producer-network-thread | Producer-topic-95e98222_b2dd_4ec0_880a_1ba56ee63aee) [Producer clientId=Producer-topic-95e98222_b2dd_4ec0_880a_1ba56ee63aee] The metadata response from the cluster reported a recoverable issue with correlation id 1 : {topic-95e98222_b2dd_4ec0_880a_1ba56ee63aee=UNKNOWN_TOPIC_OR_PARTITION}
2025-08-07 20:35:55,272 INFO  [org.apa.kaf.cli.Metadata] (kafka-producer-network-thread | Producer-topic-95e98222_b2dd_4ec0_880a_1ba56ee63aee) [Producer clientId=Producer-topic-95e98222_b2dd_4ec0_880a_1ba56ee63aee] Cluster ID: 7hmfGG3YTMCno0-sg6ieQg
2025-08-07 20:35:55,272 INFO  [org.apa.kaf.cli.pro.int.TransactionManager] (kafka-producer-network-thread | Producer-topic-95e98222_b2dd_4ec0_880a_1ba56ee63aee) [Producer clientId=Producer-topic-95e98222_b2dd_4ec0_880a_1ba56ee63aee] ProducerId set to 10 with epoch 0
2025-08-07 20:35:55,469 INFO  [io.api.tes.ser.api.KafkaSerdesTester] (Thread-651) Sending message {"value": 1} to topic topic-95e98222_b2dd_4ec0_880a_1ba56ee63aee
2025-08-07 20:35:55,536 INFO  [io.api.tes.ser.api.KafkaSerdesTester] (Thread-651) Sending message {"active": true} to topic topic-95e98222_b2dd_4ec0_880a_1ba56ee63aee
2025-08-07 20:35:55,616 INFO  [io.api.tes.ser.api.KafkaSerdesTester] (Thread-651) Sending message {"id": "record-3"} to topic topic-95e98222_b2dd_4ec0_880a_1ba56ee63aee
2025-08-07 20:35:55,618 INFO  [io.api.tes.ser.api.KafkaSerdesTester] (Thread-651) Sending message {"value": 4} to topic topic-95e98222_b2dd_4ec0_880a_1ba56ee63aee
2025-08-07 20:35:55,619 INFO  [io.api.tes.ser.api.KafkaSerdesTester] (Thread-651) Sending message {"active": false} to topic topic-95e98222_b2dd_4ec0_880a_1ba56ee63aee
2025-08-07 20:35:55,621 INFO  [io.api.tes.ser.api.KafkaSerdesTester] (Thread-651) Sending message {"id": "record-6"} to topic topic-95e98222_b2dd_4ec0_880a_1ba56ee63aee
2025-08-07 20:35:55,624 INFO  [io.api.tes.ser.api.KafkaSerdesTester] (Thread-651) Sending message {"value": 7} to topic topic-95e98222_b2dd_4ec0_880a_1ba56ee63aee
2025-08-07 20:35:55,626 INFO  [io.api.tes.ser.api.KafkaSerdesTester] (Thread-651) Sending message {"active": true} to topic topic-95e98222_b2dd_4ec0_880a_1ba56ee63aee
2025-08-07 20:35:55,628 INFO  [io.api.tes.ser.api.KafkaSerdesTester] (Thread-651) Sending message {"id": "record-9"} to topic topic-95e98222_b2dd_4ec0_880a_1ba56ee63aee
2025-08-07 20:35:55,631 INFO  [io.api.tes.ser.api.KafkaSerdesTester] (Thread-651) Produced 10 messages
2025-08-07 20:35:55,631 INFO  [org.apa.kaf.cli.pro.KafkaProducer] (Thread-651) [Producer clientId=Producer-topic-95e98222_b2dd_4ec0_880a_1ba56ee63aee] Closing the Kafka producer with timeoutMillis = 9223372036854775807 ms.
2025-08-07 20:35:55,633 INFO  [org.apa.kaf.com.met.Metrics] (Thread-651) Metrics scheduler closed
2025-08-07 20:35:55,633 INFO  [org.apa.kaf.com.met.Metrics] (Thread-651) Closing reporter org.apache.kafka.common.metrics.JmxReporter
2025-08-07 20:35:55,633 INFO  [org.apa.kaf.com.met.Metrics] (Thread-651) Closing reporter org.apache.kafka.common.telemetry.internals.ClientTelemetryReporter
2025-08-07 20:35:55,633 INFO  [org.apa.kaf.com.met.Metrics] (Thread-651) Metrics reporters closed
2025-08-07 20:35:55,634 INFO  [org.apa.kaf.com.uti.AppInfoParser] (Thread-651) App info kafka.producer for Producer-topic-95e98222_b2dd_4ec0_880a_1ba56ee63aee unregistered
2025-08-07 20:35:55,650 INFO  [io.api.tes.ser.api.AvroSerdeIT] (main) Artifact topic-95e98222_b2dd_4ec0_880a_1ba56ee63aee-value found in registry with globalId 25
**** Registry Base URL: http://registry-app-ksql043.apps.ci419.apicurio-testing.org:80
2025-08-07 20:35:55,651 INFO  [org.apa.kaf.cli.con.ConsumerConfig] (main) ConsumerConfig values: 
	allow.auto.create.topics = true
	auto.commit.interval.ms = 500
	auto.include.jmx.reporter = true
	auto.offset.reset = earliest
	bootstrap.servers = [PLAINTEXT://localhost:32769]
	check.crcs = true
	client.dns.lookup = use_all_dns_ips
	client.id = consumer-Consumer-topic-95e98222_b2dd_4ec0_880a_1ba56ee63aee-8
	client.rack = 
	connections.max.idle.ms = 10000
	default.api.timeout.ms = 60000
	enable.auto.commit = true
	enable.metrics.push = true
	exclude.internal.topics = true
	fetch.max.bytes = 52428800
	fetch.max.wait.ms = 500
	fetch.min.bytes = 1
	group.id = Consumer-topic-95e98222_b2dd_4ec0_880a_1ba56ee63aee
	group.instance.id = null
	group.protocol = classic
	group.remote.assignor = null
	heartbeat.interval.ms = 3000
	interceptor.classes = []
	internal.leave.group.on.close = true
	internal.throw.on.fetch.stable.offset.unsupported = false
	isolation.level = read_uncommitted
	key.deserializer = class org.apache.kafka.common.serialization.StringDeserializer
	max.partition.fetch.bytes = 1048576
	max.poll.interval.ms = 300000
	max.poll.records = 500
	metadata.max.age.ms = 300000
	metadata.recovery.strategy = none
	metric.reporters = []
	metrics.num.samples = 2
	metrics.recording.level = INFO
	metrics.sample.window.ms = 30000
	partition.assignment.strategy = [class org.apache.kafka.clients.consumer.RangeAssignor, class org.apache.kafka.clients.consumer.CooperativeStickyAssignor]
	receive.buffer.bytes = 65536
	reconnect.backoff.max.ms = 1000
	reconnect.backoff.ms = 50
	request.timeout.ms = 5000
	retry.backoff.max.ms = 1000
	retry.backoff.ms = 100
	sasl.client.callback.handler.class = null
	sasl.jaas.config = null
	sasl.kerberos.kinit.cmd = /usr/bin/kinit
	sasl.kerberos.min.time.before.relogin = 60000
	sasl.kerberos.service.name = null
	sasl.kerberos.ticket.renew.jitter = 0.05
	sasl.kerberos.ticket.renew.window.factor = 0.8
	sasl.login.callback.handler.class = null
	sasl.login.class = null
	sasl.login.connect.timeout.ms = null
	sasl.login.read.timeout.ms = null
	sasl.login.refresh.buffer.seconds = 300
	sasl.login.refresh.min.period.seconds = 60
	sasl.login.refresh.window.factor = 0.8
	sasl.login.refresh.window.jitter = 0.05
	sasl.login.retry.backoff.max.ms = 10000
	sasl.login.retry.backoff.ms = 100
	sasl.mechanism = GSSAPI
	sasl.oauthbearer.clock.skew.seconds = 30
	sasl.oauthbearer.expected.audience = null
	sasl.oauthbearer.expected.issuer = null
	sasl.oauthbearer.header.urlencode = false
	sasl.oauthbearer.jwks.endpoint.refresh.ms = 3600000
	sasl.oauthbearer.jwks.endpoint.retry.backoff.max.ms = 10000
	sasl.oauthbearer.jwks.endpoint.retry.backoff.ms = 100
	sasl.oauthbearer.jwks.endpoint.url = null
	sasl.oauthbearer.scope.claim.name = scope
	sasl.oauthbearer.sub.claim.name = sub
	sasl.oauthbearer.token.endpoint.url = null
	security.protocol = PLAINTEXT
	security.providers = null
	send.buffer.bytes = 131072
	session.timeout.ms = 45000
	socket.connection.setup.timeout.max.ms = 30000
	socket.connection.setup.timeout.ms = 10000
	ssl.cipher.suites = null
	ssl.enabled.protocols = [TLSv1.2, TLSv1.3]
	ssl.endpoint.identification.algorithm = https
	ssl.engine.factory.class = null
	ssl.key.password = null
	ssl.keymanager.algorithm = SunX509
	ssl.keystore.certificate.chain = null
	ssl.keystore.key = null
	ssl.keystore.location = null
	ssl.keystore.password = null
	ssl.keystore.type = JKS
	ssl.protocol = TLSv1.3
	ssl.provider = null
	ssl.secure.random.implementation = null
	ssl.trustmanager.algorithm = PKIX
	ssl.truststore.certificates = null
	ssl.truststore.location = null
	ssl.truststore.password = null
	ssl.truststore.type = JKS
	value.deserializer = class io.apicurio.registry.serde.avro.AvroKafkaDeserializer

2025-08-07 20:35:55,651 INFO  [org.apa.kaf.com.tel.int.KafkaMetricsCollector] (main) initializing Kafka metrics collector
2025-08-07 20:35:55,657 INFO  [org.apa.kaf.cli.con.ConsumerConfig] (main) These configurations '[apicurio.registry.url]' were supplied but are not used yet.
2025-08-07 20:35:55,657 INFO  [org.apa.kaf.com.uti.AppInfoParser] (main) Kafka version: 3.9.1
2025-08-07 20:35:55,657 INFO  [org.apa.kaf.com.uti.AppInfoParser] (main) Kafka commitId: f745dfdcee2b9851
2025-08-07 20:35:55,657 INFO  [org.apa.kaf.com.uti.AppInfoParser] (main) Kafka startTimeMs: 1754598955657
2025-08-07 20:35:55,657 INFO  [org.apa.kaf.cli.con.int.ClassicKafkaConsumer] (Thread-654) [Consumer clientId=consumer-Consumer-topic-95e98222_b2dd_4ec0_880a_1ba56ee63aee-8, groupId=Consumer-topic-95e98222_b2dd_4ec0_880a_1ba56ee63aee] Subscribed to topic(s): topic-95e98222_b2dd_4ec0_880a_1ba56ee63aee
2025-08-07 20:35:55,664 INFO  [org.apa.kaf.cli.Metadata] (Thread-654) [Consumer clientId=consumer-Consumer-topic-95e98222_b2dd_4ec0_880a_1ba56ee63aee-8, groupId=Consumer-topic-95e98222_b2dd_4ec0_880a_1ba56ee63aee] Cluster ID: 7hmfGG3YTMCno0-sg6ieQg
2025-08-07 20:35:55,665 INFO  [org.apa.kaf.cli.con.int.ConsumerCoordinator] (Thread-654) [Consumer clientId=consumer-Consumer-topic-95e98222_b2dd_4ec0_880a_1ba56ee63aee-8, groupId=Consumer-topic-95e98222_b2dd_4ec0_880a_1ba56ee63aee] Discovered group coordinator localhost:32769 (id: 2147483647 rack: null)
2025-08-07 20:35:55,668 INFO  [org.apa.kaf.cli.con.int.ConsumerCoordinator] (Thread-654) [Consumer clientId=consumer-Consumer-topic-95e98222_b2dd_4ec0_880a_1ba56ee63aee-8, groupId=Consumer-topic-95e98222_b2dd_4ec0_880a_1ba56ee63aee] (Re-)joining group
2025-08-07 20:35:55,671 INFO  [org.apa.kaf.cli.con.int.ConsumerCoordinator] (Thread-654) [Consumer clientId=consumer-Consumer-topic-95e98222_b2dd_4ec0_880a_1ba56ee63aee-8, groupId=Consumer-topic-95e98222_b2dd_4ec0_880a_1ba56ee63aee] Request joining group due to: need to re-join with the given member-id: consumer-Consumer-topic-95e98222_b2dd_4ec0_880a_1ba56ee63aee-8-2d6c78e9-67bc-457d-82aa-dce6d6e81f25
2025-08-07 20:35:55,671 INFO  [org.apa.kaf.cli.con.int.ConsumerCoordinator] (Thread-654) [Consumer clientId=consumer-Consumer-topic-95e98222_b2dd_4ec0_880a_1ba56ee63aee-8, groupId=Consumer-topic-95e98222_b2dd_4ec0_880a_1ba56ee63aee] (Re-)joining group
2025-08-07 20:35:56,658 INFO  [io.api.tes.ser.api.KafkaSerdesTester] (Thread-654) None found
2025-08-07 20:35:57,658 INFO  [io.api.tes.ser.api.KafkaSerdesTester] (Thread-654) None found
2025-08-07 20:35:58,659 INFO  [io.api.tes.ser.api.KafkaSerdesTester] (Thread-654) None found
2025-08-07 20:35:58,673 INFO  [org.apa.kaf.cli.con.int.ConsumerCoordinator] (Thread-654) [Consumer clientId=consumer-Consumer-topic-95e98222_b2dd_4ec0_880a_1ba56ee63aee-8, groupId=Consumer-topic-95e98222_b2dd_4ec0_880a_1ba56ee63aee] Successfully joined group with generation Generation{generationId=1, memberId='consumer-Consumer-topic-95e98222_b2dd_4ec0_880a_1ba56ee63aee-8-2d6c78e9-67bc-457d-82aa-dce6d6e81f25', protocol='range'}
2025-08-07 20:35:58,673 INFO  [org.apa.kaf.cli.con.int.ConsumerCoordinator] (Thread-654) [Consumer clientId=consumer-Consumer-topic-95e98222_b2dd_4ec0_880a_1ba56ee63aee-8, groupId=Consumer-topic-95e98222_b2dd_4ec0_880a_1ba56ee63aee] Finished assignment for group at generation 1: {consumer-Consumer-topic-95e98222_b2dd_4ec0_880a_1ba56ee63aee-8-2d6c78e9-67bc-457d-82aa-dce6d6e81f25=Assignment(partitions=[topic-95e98222_b2dd_4ec0_880a_1ba56ee63aee-0])}
2025-08-07 20:35:58,680 INFO  [org.apa.kaf.cli.con.int.ConsumerCoordinator] (Thread-654) [Consumer clientId=consumer-Consumer-topic-95e98222_b2dd_4ec0_880a_1ba56ee63aee-8, groupId=Consumer-topic-95e98222_b2dd_4ec0_880a_1ba56ee63aee] Successfully synced group in generation Generation{generationId=1, memberId='consumer-Consumer-topic-95e98222_b2dd_4ec0_880a_1ba56ee63aee-8-2d6c78e9-67bc-457d-82aa-dce6d6e81f25', protocol='range'}
2025-08-07 20:35:58,680 INFO  [org.apa.kaf.cli.con.int.ConsumerCoordinator] (Thread-654) [Consumer clientId=consumer-Consumer-topic-95e98222_b2dd_4ec0_880a_1ba56ee63aee-8, groupId=Consumer-topic-95e98222_b2dd_4ec0_880a_1ba56ee63aee] Notifying assignor about the new Assignment(partitions=[topic-95e98222_b2dd_4ec0_880a_1ba56ee63aee-0])
2025-08-07 20:35:58,681 INFO  [org.apa.kaf.cli.con.int.ConsumerRebalanceListenerInvoker] (Thread-654) [Consumer clientId=consumer-Consumer-topic-95e98222_b2dd_4ec0_880a_1ba56ee63aee-8, groupId=Consumer-topic-95e98222_b2dd_4ec0_880a_1ba56ee63aee] Adding newly assigned partitions: topic-95e98222_b2dd_4ec0_880a_1ba56ee63aee-0
2025-08-07 20:35:58,682 INFO  [org.apa.kaf.cli.con.int.ConsumerCoordinator] (Thread-654) [Consumer clientId=consumer-Consumer-topic-95e98222_b2dd_4ec0_880a_1ba56ee63aee-8, groupId=Consumer-topic-95e98222_b2dd_4ec0_880a_1ba56ee63aee] Found no committed offset for partition topic-95e98222_b2dd_4ec0_880a_1ba56ee63aee-0
2025-08-07 20:35:58,688 INFO  [org.apa.kaf.cli.con.int.SubscriptionState] (Thread-654) [Consumer clientId=consumer-Consumer-topic-95e98222_b2dd_4ec0_880a_1ba56ee63aee-8, groupId=Consumer-topic-95e98222_b2dd_4ec0_880a_1ba56ee63aee] Resetting offset for partition topic-95e98222_b2dd_4ec0_880a_1ba56ee63aee-0 to position FetchPosition{offset=0, offsetEpoch=Optional.empty, currentLeader=LeaderAndEpoch{leader=Optional[localhost:32769 (id: 0 rack: null)], epoch=0}}.
2025-08-07 20:35:58,772 INFO  [io.api.tes.ser.api.KafkaSerdesTester] (Thread-654) topic-95e98222_b2dd_4ec0_880a_1ba56ee63aee 0 0 {"id": "record-0"}
2025-08-07 20:35:58,772 INFO  [io.api.tes.ser.api.KafkaSerdesTester] (Thread-654) topic-95e98222_b2dd_4ec0_880a_1ba56ee63aee 0 1 {"value": 1}
2025-08-07 20:35:58,772 INFO  [io.api.tes.ser.api.KafkaSerdesTester] (Thread-654) topic-95e98222_b2dd_4ec0_880a_1ba56ee63aee 0 2 {"active": true}
2025-08-07 20:35:58,772 INFO  [io.api.tes.ser.api.KafkaSerdesTester] (Thread-654) topic-95e98222_b2dd_4ec0_880a_1ba56ee63aee 0 3 {"id": "record-3"}
2025-08-07 20:35:58,772 INFO  [io.api.tes.ser.api.KafkaSerdesTester] (Thread-654) topic-95e98222_b2dd_4ec0_880a_1ba56ee63aee 0 4 {"value": 4}
2025-08-07 20:35:58,772 INFO  [io.api.tes.ser.api.KafkaSerdesTester] (Thread-654) topic-95e98222_b2dd_4ec0_880a_1ba56ee63aee 0 5 {"active": false}
2025-08-07 20:35:58,772 INFO  [io.api.tes.ser.api.KafkaSerdesTester] (Thread-654) topic-95e98222_b2dd_4ec0_880a_1ba56ee63aee 0 6 {"id": "record-6"}
2025-08-07 20:35:58,772 INFO  [io.api.tes.ser.api.KafkaSerdesTester] (Thread-654) topic-95e98222_b2dd_4ec0_880a_1ba56ee63aee 0 7 {"value": 7}
2025-08-07 20:35:58,772 INFO  [io.api.tes.ser.api.KafkaSerdesTester] (Thread-654) topic-95e98222_b2dd_4ec0_880a_1ba56ee63aee 0 8 {"active": true}
2025-08-07 20:35:58,772 INFO  [io.api.tes.ser.api.KafkaSerdesTester] (Thread-654) topic-95e98222_b2dd_4ec0_880a_1ba56ee63aee 0 9 {"id": "record-9"}
2025-08-07 20:35:58,772 INFO  [io.api.tes.ser.api.KafkaSerdesTester] (Thread-654) Consumed 10 messages
2025-08-07 20:35:58,781 INFO  [org.apa.kaf.cli.con.int.ConsumerRebalanceListenerInvoker] (Thread-654) [Consumer clientId=consumer-Consumer-topic-95e98222_b2dd_4ec0_880a_1ba56ee63aee-8, groupId=Consumer-topic-95e98222_b2dd_4ec0_880a_1ba56ee63aee] Revoke previously assigned partitions topic-95e98222_b2dd_4ec0_880a_1ba56ee63aee-0
2025-08-07 20:35:58,781 INFO  [org.apa.kaf.cli.con.int.ConsumerCoordinator] (Thread-654) [Consumer clientId=consumer-Consumer-topic-95e98222_b2dd_4ec0_880a_1ba56ee63aee-8, groupId=Consumer-topic-95e98222_b2dd_4ec0_880a_1ba56ee63aee] Member consumer-Consumer-topic-95e98222_b2dd_4ec0_880a_1ba56ee63aee-8-2d6c78e9-67bc-457d-82aa-dce6d6e81f25 sending LeaveGroup request to coordinator localhost:32769 (id: 2147483647 rack: null) due to the consumer is being closed
2025-08-07 20:35:58,781 INFO  [org.apa.kaf.cli.con.int.ConsumerCoordinator] (Thread-654) [Consumer clientId=consumer-Consumer-topic-95e98222_b2dd_4ec0_880a_1ba56ee63aee-8, groupId=Consumer-topic-95e98222_b2dd_4ec0_880a_1ba56ee63aee] Resetting generation and member id due to: consumer pro-actively leaving the group
2025-08-07 20:35:58,781 INFO  [org.apa.kaf.cli.con.int.ConsumerCoordinator] (Thread-654) [Consumer clientId=consumer-Consumer-topic-95e98222_b2dd_4ec0_880a_1ba56ee63aee-8, groupId=Consumer-topic-95e98222_b2dd_4ec0_880a_1ba56ee63aee] Request joining group due to: consumer pro-actively leaving the group
2025-08-07 20:35:59,275 INFO  [org.apa.kaf.com.met.Metrics] (Thread-654) Metrics scheduler closed
2025-08-07 20:35:59,275 INFO  [org.apa.kaf.com.met.Metrics] (Thread-654) Closing reporter org.apache.kafka.common.metrics.JmxReporter
2025-08-07 20:35:59,275 INFO  [org.apa.kaf.com.met.Metrics] (Thread-654) Closing reporter org.apache.kafka.common.telemetry.internals.ClientTelemetryReporter
2025-08-07 20:35:59,275 INFO  [org.apa.kaf.com.met.Metrics] (Thread-654) Metrics reporters closed
2025-08-07 20:35:59,277 INFO  [org.apa.kaf.com.uti.AppInfoParser] (Thread-654) App info kafka.consumer for consumer-Consumer-topic-95e98222_b2dd_4ec0_880a_1ba56ee63aee-8 unregistered
2025-08-07 20:35:59,278 INFO  [io.api.tes.uti.TestSeparator] (main) io.apicurio.tests.serdes.apicurio.AvroSerdeIT.testAvroUnionWithSpecificReader-FINISHED
2025-08-07 20:35:59,278 INFO  [io.api.tes.uti.TestSeparator] (main) ############################################################################
Test passed: testAvroUnionWithSpecificReader
]]></system-out>
  </testcase>
  <testcase name="testEvolveAvroApicurioReusingClient" classname="io.apicurio.tests.serdes.apicurio.AvroSerdeIT" time="7.121">
    <system-out><![CDATA[2025-08-07 20:35:59,280 INFO  [io.api.tes.uti.TestSeparator] (main) ############################################################################
2025-08-07 20:35:59,280 INFO  [io.api.tes.uti.TestSeparator] (main) io.apicurio.tests.serdes.apicurio.AvroSerdeIT.testEvolveAvroApicurioReusingClient-STARTED
2025-08-07 20:35:59,282 INFO  [io.api.tes.ser.api.AvroSerdeIT] (main) Registering Avro Schema: {"type":"record","name":"s4921d5a1x55adx44a2xb40ex78ce365ea294","namespace":"ns_b044e14a_06c0_48a7_ba7d_59d956bba7fc","fields":[{"name":"key11754598959282","type":"string"}]}
**** Registry Base URL: http://registry-app-ksql043.apps.ci419.apicurio-testing.org:80
2025-08-07 20:36:00,355 INFO  [org.apa.kaf.cli.pro.ProducerConfig] (main) ProducerConfig values: 
	acks = -1
	auto.include.jmx.reporter = true
	batch.size = 16384
	bootstrap.servers = [PLAINTEXT://localhost:32769]
	buffer.memory = 33554432
	client.dns.lookup = use_all_dns_ips
	client.id = Producer-topic-16a4ae3d_a087_4d29_b5e0_24b288817cf8
	compression.gzip.level = -1
	compression.lz4.level = 9
	compression.type = none
	compression.zstd.level = 3
	connections.max.idle.ms = 10000
	delivery.timeout.ms = 120000
	enable.idempotence = true
	enable.metrics.push = true
	interceptor.classes = []
	key.serializer = class org.apache.kafka.common.serialization.StringSerializer
	linger.ms = 0
	max.block.ms = 60000
	max.in.flight.requests.per.connection = 5
	max.request.size = 1048576
	metadata.max.age.ms = 300000
	metadata.max.idle.ms = 300000
	metadata.recovery.strategy = none
	metric.reporters = []
	metrics.num.samples = 2
	metrics.recording.level = INFO
	metrics.sample.window.ms = 30000
	partitioner.adaptive.partitioning.enable = true
	partitioner.availability.timeout.ms = 0
	partitioner.class = null
	partitioner.ignore.keys = false
	receive.buffer.bytes = 32768
	reconnect.backoff.max.ms = 1000
	reconnect.backoff.ms = 50
	request.timeout.ms = 5000
	retries = 2147483647
	retry.backoff.max.ms = 1000
	retry.backoff.ms = 100
	sasl.client.callback.handler.class = null
	sasl.jaas.config = null
	sasl.kerberos.kinit.cmd = /usr/bin/kinit
	sasl.kerberos.min.time.before.relogin = 60000
	sasl.kerberos.service.name = null
	sasl.kerberos.ticket.renew.jitter = 0.05
	sasl.kerberos.ticket.renew.window.factor = 0.8
	sasl.login.callback.handler.class = null
	sasl.login.class = null
	sasl.login.connect.timeout.ms = null
	sasl.login.read.timeout.ms = null
	sasl.login.refresh.buffer.seconds = 300
	sasl.login.refresh.min.period.seconds = 60
	sasl.login.refresh.window.factor = 0.8
	sasl.login.refresh.window.jitter = 0.05
	sasl.login.retry.backoff.max.ms = 10000
	sasl.login.retry.backoff.ms = 100
	sasl.mechanism = GSSAPI
	sasl.oauthbearer.clock.skew.seconds = 30
	sasl.oauthbearer.expected.audience = null
	sasl.oauthbearer.expected.issuer = null
	sasl.oauthbearer.header.urlencode = false
	sasl.oauthbearer.jwks.endpoint.refresh.ms = 3600000
	sasl.oauthbearer.jwks.endpoint.retry.backoff.max.ms = 10000
	sasl.oauthbearer.jwks.endpoint.retry.backoff.ms = 100
	sasl.oauthbearer.jwks.endpoint.url = null
	sasl.oauthbearer.scope.claim.name = scope
	sasl.oauthbearer.sub.claim.name = sub
	sasl.oauthbearer.token.endpoint.url = null
	security.protocol = PLAINTEXT
	security.providers = null
	send.buffer.bytes = 131072
	socket.connection.setup.timeout.max.ms = 30000
	socket.connection.setup.timeout.ms = 10000
	ssl.cipher.suites = null
	ssl.enabled.protocols = [TLSv1.2, TLSv1.3]
	ssl.endpoint.identification.algorithm = https
	ssl.engine.factory.class = null
	ssl.key.password = null
	ssl.keymanager.algorithm = SunX509
	ssl.keystore.certificate.chain = null
	ssl.keystore.key = null
	ssl.keystore.location = null
	ssl.keystore.password = null
	ssl.keystore.type = JKS
	ssl.protocol = TLSv1.3
	ssl.provider = null
	ssl.secure.random.implementation = null
	ssl.trustmanager.algorithm = PKIX
	ssl.truststore.certificates = null
	ssl.truststore.location = null
	ssl.truststore.password = null
	ssl.truststore.type = JKS
	transaction.timeout.ms = 60000
	transactional.id = null
	value.serializer = class io.apicurio.registry.serde.avro.AvroKafkaSerializer

2025-08-07 20:36:00,356 INFO  [org.apa.kaf.com.tel.int.KafkaMetricsCollector] (main) initializing Kafka metrics collector
2025-08-07 20:36:00,359 INFO  [org.apa.kaf.cli.pro.KafkaProducer] (main) [Producer clientId=Producer-topic-16a4ae3d_a087_4d29_b5e0_24b288817cf8] Instantiated an idempotent producer.
2025-08-07 20:36:00,360 INFO  [org.apa.kaf.cli.pro.ProducerConfig] (main) These configurations '[apicurio.registry.url, apicurio.registry.artifact-resolver-strategy]' were supplied but are not used yet.
2025-08-07 20:36:00,361 INFO  [org.apa.kaf.com.uti.AppInfoParser] (main) Kafka version: 3.9.1
2025-08-07 20:36:00,361 INFO  [org.apa.kaf.com.uti.AppInfoParser] (main) Kafka commitId: f745dfdcee2b9851
2025-08-07 20:36:00,361 INFO  [org.apa.kaf.com.uti.AppInfoParser] (main) Kafka startTimeMs: 1754598960361
**** Registry Base URL: http://registry-app-ksql043.apps.ci419.apicurio-testing.org:80
2025-08-07 20:36:00,361 INFO  [org.apa.kaf.cli.con.ConsumerConfig] (main) ConsumerConfig values: 
	allow.auto.create.topics = true
	auto.commit.interval.ms = 500
	auto.include.jmx.reporter = true
	auto.offset.reset = earliest
	bootstrap.servers = [PLAINTEXT://localhost:32769]
	check.crcs = true
	client.dns.lookup = use_all_dns_ips
	client.id = consumer-Consumer-topic-16a4ae3d_a087_4d29_b5e0_24b288817cf8-9
	client.rack = 
	connections.max.idle.ms = 10000
	default.api.timeout.ms = 60000
	enable.auto.commit = true
	enable.metrics.push = true
	exclude.internal.topics = true
	fetch.max.bytes = 52428800
	fetch.max.wait.ms = 500
	fetch.min.bytes = 1
	group.id = Consumer-topic-16a4ae3d_a087_4d29_b5e0_24b288817cf8
	group.instance.id = null
	group.protocol = classic
	group.remote.assignor = null
	heartbeat.interval.ms = 3000
	interceptor.classes = []
	internal.leave.group.on.close = true
	internal.throw.on.fetch.stable.offset.unsupported = false
	isolation.level = read_uncommitted
	key.deserializer = class org.apache.kafka.common.serialization.StringDeserializer
	max.partition.fetch.bytes = 1048576
	max.poll.interval.ms = 300000
	max.poll.records = 500
	metadata.max.age.ms = 300000
	metadata.recovery.strategy = none
	metric.reporters = []
	metrics.num.samples = 2
	metrics.recording.level = INFO
	metrics.sample.window.ms = 30000
	partition.assignment.strategy = [class org.apache.kafka.clients.consumer.RangeAssignor, class org.apache.kafka.clients.consumer.CooperativeStickyAssignor]
	receive.buffer.bytes = 65536
	reconnect.backoff.max.ms = 1000
	reconnect.backoff.ms = 50
	request.timeout.ms = 5000
	retry.backoff.max.ms = 1000
	retry.backoff.ms = 100
	sasl.client.callback.handler.class = null
	sasl.jaas.config = null
	sasl.kerberos.kinit.cmd = /usr/bin/kinit
	sasl.kerberos.min.time.before.relogin = 60000
	sasl.kerberos.service.name = null
	sasl.kerberos.ticket.renew.jitter = 0.05
	sasl.kerberos.ticket.renew.window.factor = 0.8
	sasl.login.callback.handler.class = null
	sasl.login.class = null
	sasl.login.connect.timeout.ms = null
	sasl.login.read.timeout.ms = null
	sasl.login.refresh.buffer.seconds = 300
	sasl.login.refresh.min.period.seconds = 60
	sasl.login.refresh.window.factor = 0.8
	sasl.login.refresh.window.jitter = 0.05
	sasl.login.retry.backoff.max.ms = 10000
	sasl.login.retry.backoff.ms = 100
	sasl.mechanism = GSSAPI
	sasl.oauthbearer.clock.skew.seconds = 30
	sasl.oauthbearer.expected.audience = null
	sasl.oauthbearer.expected.issuer = null
	sasl.oauthbearer.header.urlencode = false
	sasl.oauthbearer.jwks.endpoint.refresh.ms = 3600000
	sasl.oauthbearer.jwks.endpoint.retry.backoff.max.ms = 10000
	sasl.oauthbearer.jwks.endpoint.retry.backoff.ms = 100
	sasl.oauthbearer.jwks.endpoint.url = null
	sasl.oauthbearer.scope.claim.name = scope
	sasl.oauthbearer.sub.claim.name = sub
	sasl.oauthbearer.token.endpoint.url = null
	security.protocol = PLAINTEXT
	security.providers = null
	send.buffer.bytes = 131072
	session.timeout.ms = 45000
	socket.connection.setup.timeout.max.ms = 30000
	socket.connection.setup.timeout.ms = 10000
	ssl.cipher.suites = null
	ssl.enabled.protocols = [TLSv1.2, TLSv1.3]
	ssl.endpoint.identification.algorithm = https
	ssl.engine.factory.class = null
	ssl.key.password = null
	ssl.keymanager.algorithm = SunX509
	ssl.keystore.certificate.chain = null
	ssl.keystore.key = null
	ssl.keystore.location = null
	ssl.keystore.password = null
	ssl.keystore.type = JKS
	ssl.protocol = TLSv1.3
	ssl.provider = null
	ssl.secure.random.implementation = null
	ssl.trustmanager.algorithm = PKIX
	ssl.truststore.certificates = null
	ssl.truststore.location = null
	ssl.truststore.password = null
	ssl.truststore.type = JKS
	value.deserializer = class io.apicurio.registry.serde.avro.AvroKafkaDeserializer

2025-08-07 20:36:00,361 INFO  [org.apa.kaf.com.tel.int.KafkaMetricsCollector] (main) initializing Kafka metrics collector
2025-08-07 20:36:00,366 INFO  [org.apa.kaf.cli.Metadata] (kafka-producer-network-thread | Producer-topic-16a4ae3d_a087_4d29_b5e0_24b288817cf8) [Producer clientId=Producer-topic-16a4ae3d_a087_4d29_b5e0_24b288817cf8] Cluster ID: 7hmfGG3YTMCno0-sg6ieQg
2025-08-07 20:36:00,367 INFO  [org.apa.kaf.cli.pro.int.TransactionManager] (kafka-producer-network-thread | Producer-topic-16a4ae3d_a087_4d29_b5e0_24b288817cf8) [Producer clientId=Producer-topic-16a4ae3d_a087_4d29_b5e0_24b288817cf8] ProducerId set to 11 with epoch 0
2025-08-07 20:36:00,371 INFO  [org.apa.kaf.cli.con.ConsumerConfig] (main) These configurations '[apicurio.registry.url]' were supplied but are not used yet.
2025-08-07 20:36:00,371 INFO  [org.apa.kaf.com.uti.AppInfoParser] (main) Kafka version: 3.9.1
2025-08-07 20:36:00,371 INFO  [org.apa.kaf.com.uti.AppInfoParser] (main) Kafka commitId: f745dfdcee2b9851
2025-08-07 20:36:00,371 INFO  [org.apa.kaf.com.uti.AppInfoParser] (main) Kafka startTimeMs: 1754598960371
2025-08-07 20:36:00,373 INFO  [io.api.tes.ser.api.KafkaSerdesTester] (Thread-659) Sending message {"key11754598959282": "value-0"} to topic topic-16a4ae3d_a087_4d29_b5e0_24b288817cf8
2025-08-07 20:36:00,378 INFO  [DefaultSchemaResolver] (Thread-659) Retrieving schema content using string: {"type":"record","name":"s4921d5a1x55adx44a2xb40ex78ce365ea294","namespace":"ns_b044e14a_06c0_48a7_ba7d_59d956bba7fc","fields":[{"name":"key11754598959282","type":"string"}]}
2025-08-07 20:36:00,406 INFO  [io.api.tes.ser.api.KafkaSerdesTester] (Thread-659) Sending message {"key11754598959282": "value-1"} to topic topic-16a4ae3d_a087_4d29_b5e0_24b288817cf8
2025-08-07 20:36:00,408 INFO  [io.api.tes.ser.api.KafkaSerdesTester] (Thread-659) Sending message {"key11754598959282": "value-2"} to topic topic-16a4ae3d_a087_4d29_b5e0_24b288817cf8
2025-08-07 20:36:00,412 INFO  [io.api.tes.ser.api.KafkaSerdesTester] (Thread-659) Sending message {"key11754598959282": "value-3"} to topic topic-16a4ae3d_a087_4d29_b5e0_24b288817cf8
2025-08-07 20:36:00,417 INFO  [io.api.tes.ser.api.KafkaSerdesTester] (Thread-659) Sending message {"key11754598959282": "value-4"} to topic topic-16a4ae3d_a087_4d29_b5e0_24b288817cf8
2025-08-07 20:36:00,420 INFO  [io.api.tes.ser.api.KafkaSerdesTester] (Thread-659) Sending message {"key11754598959282": "value-5"} to topic topic-16a4ae3d_a087_4d29_b5e0_24b288817cf8
2025-08-07 20:36:00,424 INFO  [io.api.tes.ser.api.KafkaSerdesTester] (Thread-659) Sending message {"key11754598959282": "value-6"} to topic topic-16a4ae3d_a087_4d29_b5e0_24b288817cf8
2025-08-07 20:36:00,428 INFO  [io.api.tes.ser.api.KafkaSerdesTester] (Thread-659) Sending message {"key11754598959282": "value-7"} to topic topic-16a4ae3d_a087_4d29_b5e0_24b288817cf8
2025-08-07 20:36:00,429 INFO  [io.api.tes.ser.api.KafkaSerdesTester] (Thread-659) Sending message {"key11754598959282": "value-8"} to topic topic-16a4ae3d_a087_4d29_b5e0_24b288817cf8
2025-08-07 20:36:00,431 INFO  [io.api.tes.ser.api.KafkaSerdesTester] (Thread-659) Sending message {"key11754598959282": "value-9"} to topic topic-16a4ae3d_a087_4d29_b5e0_24b288817cf8
2025-08-07 20:36:00,432 INFO  [io.api.tes.ser.api.KafkaSerdesTester] (Thread-659) Produced 10 messages
2025-08-07 20:36:00,434 INFO  [org.apa.kaf.cli.con.int.ClassicKafkaConsumer] (Thread-660) [Consumer clientId=consumer-Consumer-topic-16a4ae3d_a087_4d29_b5e0_24b288817cf8-9, groupId=Consumer-topic-16a4ae3d_a087_4d29_b5e0_24b288817cf8] Subscribed to topic(s): topic-16a4ae3d_a087_4d29_b5e0_24b288817cf8
2025-08-07 20:36:00,440 INFO  [org.apa.kaf.cli.Metadata] (Thread-660) [Consumer clientId=consumer-Consumer-topic-16a4ae3d_a087_4d29_b5e0_24b288817cf8-9, groupId=Consumer-topic-16a4ae3d_a087_4d29_b5e0_24b288817cf8] Cluster ID: 7hmfGG3YTMCno0-sg6ieQg
2025-08-07 20:36:00,441 INFO  [org.apa.kaf.cli.con.int.ConsumerCoordinator] (Thread-660) [Consumer clientId=consumer-Consumer-topic-16a4ae3d_a087_4d29_b5e0_24b288817cf8-9, groupId=Consumer-topic-16a4ae3d_a087_4d29_b5e0_24b288817cf8] Discovered group coordinator localhost:32769 (id: 2147483647 rack: null)
2025-08-07 20:36:00,443 INFO  [org.apa.kaf.cli.con.int.ConsumerCoordinator] (Thread-660) [Consumer clientId=consumer-Consumer-topic-16a4ae3d_a087_4d29_b5e0_24b288817cf8-9, groupId=Consumer-topic-16a4ae3d_a087_4d29_b5e0_24b288817cf8] (Re-)joining group
2025-08-07 20:36:00,445 INFO  [org.apa.kaf.cli.con.int.ConsumerCoordinator] (Thread-660) [Consumer clientId=consumer-Consumer-topic-16a4ae3d_a087_4d29_b5e0_24b288817cf8-9, groupId=Consumer-topic-16a4ae3d_a087_4d29_b5e0_24b288817cf8] Request joining group due to: need to re-join with the given member-id: consumer-Consumer-topic-16a4ae3d_a087_4d29_b5e0_24b288817cf8-9-e73edf34-403d-4449-af3b-381319179341
2025-08-07 20:36:00,445 INFO  [org.apa.kaf.cli.con.int.ConsumerCoordinator] (Thread-660) [Consumer clientId=consumer-Consumer-topic-16a4ae3d_a087_4d29_b5e0_24b288817cf8-9, groupId=Consumer-topic-16a4ae3d_a087_4d29_b5e0_24b288817cf8] (Re-)joining group
2025-08-07 20:36:01,434 INFO  [io.api.tes.ser.api.KafkaSerdesTester] (Thread-660) None found
2025-08-07 20:36:02,435 INFO  [io.api.tes.ser.api.KafkaSerdesTester] (Thread-660) None found
2025-08-07 20:36:03,435 INFO  [io.api.tes.ser.api.KafkaSerdesTester] (Thread-660) None found
2025-08-07 20:36:03,447 INFO  [org.apa.kaf.cli.con.int.ConsumerCoordinator] (Thread-660) [Consumer clientId=consumer-Consumer-topic-16a4ae3d_a087_4d29_b5e0_24b288817cf8-9, groupId=Consumer-topic-16a4ae3d_a087_4d29_b5e0_24b288817cf8] Successfully joined group with generation Generation{generationId=1, memberId='consumer-Consumer-topic-16a4ae3d_a087_4d29_b5e0_24b288817cf8-9-e73edf34-403d-4449-af3b-381319179341', protocol='range'}
2025-08-07 20:36:03,448 INFO  [org.apa.kaf.cli.con.int.ConsumerCoordinator] (Thread-660) [Consumer clientId=consumer-Consumer-topic-16a4ae3d_a087_4d29_b5e0_24b288817cf8-9, groupId=Consumer-topic-16a4ae3d_a087_4d29_b5e0_24b288817cf8] Finished assignment for group at generation 1: {consumer-Consumer-topic-16a4ae3d_a087_4d29_b5e0_24b288817cf8-9-e73edf34-403d-4449-af3b-381319179341=Assignment(partitions=[topic-16a4ae3d_a087_4d29_b5e0_24b288817cf8-0])}
2025-08-07 20:36:03,453 INFO  [org.apa.kaf.cli.con.int.ConsumerCoordinator] (Thread-660) [Consumer clientId=consumer-Consumer-topic-16a4ae3d_a087_4d29_b5e0_24b288817cf8-9, groupId=Consumer-topic-16a4ae3d_a087_4d29_b5e0_24b288817cf8] Successfully synced group in generation Generation{generationId=1, memberId='consumer-Consumer-topic-16a4ae3d_a087_4d29_b5e0_24b288817cf8-9-e73edf34-403d-4449-af3b-381319179341', protocol='range'}
2025-08-07 20:36:03,454 INFO  [org.apa.kaf.cli.con.int.ConsumerCoordinator] (Thread-660) [Consumer clientId=consumer-Consumer-topic-16a4ae3d_a087_4d29_b5e0_24b288817cf8-9, groupId=Consumer-topic-16a4ae3d_a087_4d29_b5e0_24b288817cf8] Notifying assignor about the new Assignment(partitions=[topic-16a4ae3d_a087_4d29_b5e0_24b288817cf8-0])
2025-08-07 20:36:03,454 INFO  [org.apa.kaf.cli.con.int.ConsumerRebalanceListenerInvoker] (Thread-660) [Consumer clientId=consumer-Consumer-topic-16a4ae3d_a087_4d29_b5e0_24b288817cf8-9, groupId=Consumer-topic-16a4ae3d_a087_4d29_b5e0_24b288817cf8] Adding newly assigned partitions: topic-16a4ae3d_a087_4d29_b5e0_24b288817cf8-0
2025-08-07 20:36:03,454 INFO  [org.apa.kaf.cli.con.int.ConsumerCoordinator] (Thread-660) [Consumer clientId=consumer-Consumer-topic-16a4ae3d_a087_4d29_b5e0_24b288817cf8-9, groupId=Consumer-topic-16a4ae3d_a087_4d29_b5e0_24b288817cf8] Found no committed offset for partition topic-16a4ae3d_a087_4d29_b5e0_24b288817cf8-0
2025-08-07 20:36:03,459 INFO  [org.apa.kaf.cli.con.int.SubscriptionState] (Thread-660) [Consumer clientId=consumer-Consumer-topic-16a4ae3d_a087_4d29_b5e0_24b288817cf8-9, groupId=Consumer-topic-16a4ae3d_a087_4d29_b5e0_24b288817cf8] Resetting offset for partition topic-16a4ae3d_a087_4d29_b5e0_24b288817cf8-0 to position FetchPosition{offset=0, offsetEpoch=Optional.empty, currentLeader=LeaderAndEpoch{leader=Optional[localhost:32769 (id: 0 rack: null)], epoch=0}}.
2025-08-07 20:36:03,572 INFO  [io.api.tes.ser.api.KafkaSerdesTester] (Thread-660) topic-16a4ae3d_a087_4d29_b5e0_24b288817cf8 0 0 {"key11754598959282": "value-0"}
2025-08-07 20:36:03,572 INFO  [io.api.tes.ser.api.KafkaSerdesTester] (Thread-660) topic-16a4ae3d_a087_4d29_b5e0_24b288817cf8 0 1 {"key11754598959282": "value-1"}
2025-08-07 20:36:03,572 INFO  [io.api.tes.ser.api.KafkaSerdesTester] (Thread-660) topic-16a4ae3d_a087_4d29_b5e0_24b288817cf8 0 2 {"key11754598959282": "value-2"}
2025-08-07 20:36:03,572 INFO  [io.api.tes.ser.api.KafkaSerdesTester] (Thread-660) topic-16a4ae3d_a087_4d29_b5e0_24b288817cf8 0 3 {"key11754598959282": "value-3"}
2025-08-07 20:36:03,572 INFO  [io.api.tes.ser.api.KafkaSerdesTester] (Thread-660) topic-16a4ae3d_a087_4d29_b5e0_24b288817cf8 0 4 {"key11754598959282": "value-4"}
2025-08-07 20:36:03,572 INFO  [io.api.tes.ser.api.KafkaSerdesTester] (Thread-660) topic-16a4ae3d_a087_4d29_b5e0_24b288817cf8 0 5 {"key11754598959282": "value-5"}
2025-08-07 20:36:03,572 INFO  [io.api.tes.ser.api.KafkaSerdesTester] (Thread-660) topic-16a4ae3d_a087_4d29_b5e0_24b288817cf8 0 6 {"key11754598959282": "value-6"}
2025-08-07 20:36:03,572 INFO  [io.api.tes.ser.api.KafkaSerdesTester] (Thread-660) topic-16a4ae3d_a087_4d29_b5e0_24b288817cf8 0 7 {"key11754598959282": "value-7"}
2025-08-07 20:36:03,572 INFO  [io.api.tes.ser.api.KafkaSerdesTester] (Thread-660) topic-16a4ae3d_a087_4d29_b5e0_24b288817cf8 0 8 {"key11754598959282": "value-8"}
2025-08-07 20:36:03,572 INFO  [io.api.tes.ser.api.KafkaSerdesTester] (Thread-660) topic-16a4ae3d_a087_4d29_b5e0_24b288817cf8 0 9 {"key11754598959282": "value-9"}
2025-08-07 20:36:03,572 INFO  [io.api.tes.ser.api.KafkaSerdesTester] (Thread-660) Consumed 10 messages
2025-08-07 20:36:03,573 INFO  [io.api.tes.ser.api.AvroSerdeIT] (main) Registering Avro Schema 2: {"type":"record","name":"s4921d5a1x55adx44a2xb40ex78ce365ea294","namespace":"ns_b044e14a_06c0_48a7_ba7d_59d956bba7fc","fields":[{"name":"key11754598959282","type":"string"},{"name":"key21754598963572","type":"string"}]}
2025-08-07 20:36:04,639 INFO  [io.api.tes.ser.api.KafkaSerdesTester] (Thread-661) Sending message {"key11754598959282": "value-0", "key21754598963572": "value-0"} to topic topic-16a4ae3d_a087_4d29_b5e0_24b288817cf8
2025-08-07 20:36:04,639 INFO  [DefaultSchemaResolver] (Thread-661) Retrieving schema content using string: {"type":"record","name":"s4921d5a1x55adx44a2xb40ex78ce365ea294","namespace":"ns_b044e14a_06c0_48a7_ba7d_59d956bba7fc","fields":[{"name":"key11754598959282","type":"string"},{"name":"key21754598963572","type":"string"}]}
2025-08-07 20:36:04,659 INFO  [io.api.tes.ser.api.KafkaSerdesTester] (Thread-661) Sending message {"key11754598959282": "value-1", "key21754598963572": "value-1"} to topic topic-16a4ae3d_a087_4d29_b5e0_24b288817cf8
2025-08-07 20:36:04,661 INFO  [io.api.tes.ser.api.KafkaSerdesTester] (Thread-661) Sending message {"key11754598959282": "value-2", "key21754598963572": "value-2"} to topic topic-16a4ae3d_a087_4d29_b5e0_24b288817cf8
2025-08-07 20:36:04,664 INFO  [io.api.tes.ser.api.KafkaSerdesTester] (Thread-661) Sending message {"key11754598959282": "value-3", "key21754598963572": "value-3"} to topic topic-16a4ae3d_a087_4d29_b5e0_24b288817cf8
2025-08-07 20:36:04,665 INFO  [io.api.tes.ser.api.KafkaSerdesTester] (Thread-661) Sending message {"key11754598959282": "value-4", "key21754598963572": "value-4"} to topic topic-16a4ae3d_a087_4d29_b5e0_24b288817cf8
2025-08-07 20:36:04,667 INFO  [io.api.tes.ser.api.KafkaSerdesTester] (Thread-661) Sending message {"key11754598959282": "value-5", "key21754598963572": "value-5"} to topic topic-16a4ae3d_a087_4d29_b5e0_24b288817cf8
2025-08-07 20:36:04,670 INFO  [io.api.tes.ser.api.KafkaSerdesTester] (Thread-661) Sending message {"key11754598959282": "value-6", "key21754598963572": "value-6"} to topic topic-16a4ae3d_a087_4d29_b5e0_24b288817cf8
2025-08-07 20:36:04,671 INFO  [io.api.tes.ser.api.KafkaSerdesTester] (Thread-661) Sending message {"key11754598959282": "value-7", "key21754598963572": "value-7"} to topic topic-16a4ae3d_a087_4d29_b5e0_24b288817cf8
2025-08-07 20:36:04,674 INFO  [io.api.tes.ser.api.KafkaSerdesTester] (Thread-661) Sending message {"key11754598959282": "value-8", "key21754598963572": "value-8"} to topic topic-16a4ae3d_a087_4d29_b5e0_24b288817cf8
2025-08-07 20:36:04,678 INFO  [io.api.tes.ser.api.KafkaSerdesTester] (Thread-661) Sending message {"key11754598959282": "value-9", "key21754598963572": "value-9"} to topic topic-16a4ae3d_a087_4d29_b5e0_24b288817cf8
2025-08-07 20:36:04,679 INFO  [io.api.tes.ser.api.KafkaSerdesTester] (Thread-661) Produced 10 messages
2025-08-07 20:36:04,680 INFO  [io.api.tes.ser.api.KafkaSerdesTester] (Thread-662) Sending message {"key11754598959282": "value-0"} to topic topic-16a4ae3d_a087_4d29_b5e0_24b288817cf8
2025-08-07 20:36:04,682 INFO  [io.api.tes.ser.api.KafkaSerdesTester] (Thread-662) Sending message {"key11754598959282": "value-1"} to topic topic-16a4ae3d_a087_4d29_b5e0_24b288817cf8
2025-08-07 20:36:04,684 INFO  [io.api.tes.ser.api.KafkaSerdesTester] (Thread-662) Sending message {"key11754598959282": "value-2"} to topic topic-16a4ae3d_a087_4d29_b5e0_24b288817cf8
2025-08-07 20:36:04,685 INFO  [io.api.tes.ser.api.KafkaSerdesTester] (Thread-662) Sending message {"key11754598959282": "value-3"} to topic topic-16a4ae3d_a087_4d29_b5e0_24b288817cf8
2025-08-07 20:36:04,687 INFO  [io.api.tes.ser.api.KafkaSerdesTester] (Thread-662) Sending message {"key11754598959282": "value-4"} to topic topic-16a4ae3d_a087_4d29_b5e0_24b288817cf8
2025-08-07 20:36:04,688 INFO  [io.api.tes.ser.api.KafkaSerdesTester] (Thread-662) Sending message {"key11754598959282": "value-5"} to topic topic-16a4ae3d_a087_4d29_b5e0_24b288817cf8
2025-08-07 20:36:04,689 INFO  [io.api.tes.ser.api.KafkaSerdesTester] (Thread-662) Sending message {"key11754598959282": "value-6"} to topic topic-16a4ae3d_a087_4d29_b5e0_24b288817cf8
2025-08-07 20:36:04,691 INFO  [io.api.tes.ser.api.KafkaSerdesTester] (Thread-662) Sending message {"key11754598959282": "value-7"} to topic topic-16a4ae3d_a087_4d29_b5e0_24b288817cf8
2025-08-07 20:36:04,692 INFO  [io.api.tes.ser.api.KafkaSerdesTester] (Thread-662) Sending message {"key11754598959282": "value-8"} to topic topic-16a4ae3d_a087_4d29_b5e0_24b288817cf8
2025-08-07 20:36:04,694 INFO  [io.api.tes.ser.api.KafkaSerdesTester] (Thread-662) Sending message {"key11754598959282": "value-9"} to topic topic-16a4ae3d_a087_4d29_b5e0_24b288817cf8
2025-08-07 20:36:04,695 INFO  [io.api.tes.ser.api.KafkaSerdesTester] (Thread-662) Produced 10 messages
2025-08-07 20:36:04,696 INFO  [org.apa.kaf.cli.con.int.ClassicKafkaConsumer] (Thread-663) [Consumer clientId=consumer-Consumer-topic-16a4ae3d_a087_4d29_b5e0_24b288817cf8-9, groupId=Consumer-topic-16a4ae3d_a087_4d29_b5e0_24b288817cf8] Subscribed to topic(s): topic-16a4ae3d_a087_4d29_b5e0_24b288817cf8
2025-08-07 20:36:04,726 INFO  [io.api.tes.ser.api.KafkaSerdesTester] (Thread-663) topic-16a4ae3d_a087_4d29_b5e0_24b288817cf8 0 10 {"key11754598959282": "value-0", "key21754598963572": "value-0"}
2025-08-07 20:36:04,727 INFO  [io.api.tes.ser.api.KafkaSerdesTester] (Thread-663) topic-16a4ae3d_a087_4d29_b5e0_24b288817cf8 0 11 {"key11754598959282": "value-1", "key21754598963572": "value-1"}
2025-08-07 20:36:04,727 INFO  [io.api.tes.ser.api.KafkaSerdesTester] (Thread-663) topic-16a4ae3d_a087_4d29_b5e0_24b288817cf8 0 12 {"key11754598959282": "value-2", "key21754598963572": "value-2"}
2025-08-07 20:36:04,727 INFO  [io.api.tes.ser.api.KafkaSerdesTester] (Thread-663) topic-16a4ae3d_a087_4d29_b5e0_24b288817cf8 0 13 {"key11754598959282": "value-3", "key21754598963572": "value-3"}
2025-08-07 20:36:04,727 INFO  [io.api.tes.ser.api.KafkaSerdesTester] (Thread-663) topic-16a4ae3d_a087_4d29_b5e0_24b288817cf8 0 14 {"key11754598959282": "value-4", "key21754598963572": "value-4"}
2025-08-07 20:36:04,727 INFO  [io.api.tes.ser.api.KafkaSerdesTester] (Thread-663) topic-16a4ae3d_a087_4d29_b5e0_24b288817cf8 0 15 {"key11754598959282": "value-5", "key21754598963572": "value-5"}
2025-08-07 20:36:04,727 INFO  [io.api.tes.ser.api.KafkaSerdesTester] (Thread-663) topic-16a4ae3d_a087_4d29_b5e0_24b288817cf8 0 16 {"key11754598959282": "value-6", "key21754598963572": "value-6"}
2025-08-07 20:36:04,727 INFO  [io.api.tes.ser.api.KafkaSerdesTester] (Thread-663) topic-16a4ae3d_a087_4d29_b5e0_24b288817cf8 0 17 {"key11754598959282": "value-7", "key21754598963572": "value-7"}
2025-08-07 20:36:04,727 INFO  [io.api.tes.ser.api.KafkaSerdesTester] (Thread-663) topic-16a4ae3d_a087_4d29_b5e0_24b288817cf8 0 18 {"key11754598959282": "value-8", "key21754598963572": "value-8"}
2025-08-07 20:36:04,727 INFO  [io.api.tes.ser.api.KafkaSerdesTester] (Thread-663) topic-16a4ae3d_a087_4d29_b5e0_24b288817cf8 0 19 {"key11754598959282": "value-9", "key21754598963572": "value-9"}
2025-08-07 20:36:04,727 INFO  [io.api.tes.ser.api.KafkaSerdesTester] (Thread-663) topic-16a4ae3d_a087_4d29_b5e0_24b288817cf8 0 20 {"key11754598959282": "value-0"}
2025-08-07 20:36:04,727 INFO  [io.api.tes.ser.api.KafkaSerdesTester] (Thread-663) topic-16a4ae3d_a087_4d29_b5e0_24b288817cf8 0 21 {"key11754598959282": "value-1"}
2025-08-07 20:36:04,727 INFO  [io.api.tes.ser.api.KafkaSerdesTester] (Thread-663) topic-16a4ae3d_a087_4d29_b5e0_24b288817cf8 0 22 {"key11754598959282": "value-2"}
2025-08-07 20:36:04,727 INFO  [io.api.tes.ser.api.KafkaSerdesTester] (Thread-663) topic-16a4ae3d_a087_4d29_b5e0_24b288817cf8 0 23 {"key11754598959282": "value-3"}
2025-08-07 20:36:04,727 INFO  [io.api.tes.ser.api.KafkaSerdesTester] (Thread-663) topic-16a4ae3d_a087_4d29_b5e0_24b288817cf8 0 24 {"key11754598959282": "value-4"}
2025-08-07 20:36:04,727 INFO  [io.api.tes.ser.api.KafkaSerdesTester] (Thread-663) topic-16a4ae3d_a087_4d29_b5e0_24b288817cf8 0 25 {"key11754598959282": "value-5"}
2025-08-07 20:36:04,727 INFO  [io.api.tes.ser.api.KafkaSerdesTester] (Thread-663) topic-16a4ae3d_a087_4d29_b5e0_24b288817cf8 0 26 {"key11754598959282": "value-6"}
2025-08-07 20:36:04,727 INFO  [io.api.tes.ser.api.KafkaSerdesTester] (Thread-663) topic-16a4ae3d_a087_4d29_b5e0_24b288817cf8 0 27 {"key11754598959282": "value-7"}
2025-08-07 20:36:04,727 INFO  [io.api.tes.ser.api.KafkaSerdesTester] (Thread-663) topic-16a4ae3d_a087_4d29_b5e0_24b288817cf8 0 28 {"key11754598959282": "value-8"}
2025-08-07 20:36:04,727 INFO  [io.api.tes.ser.api.KafkaSerdesTester] (Thread-663) topic-16a4ae3d_a087_4d29_b5e0_24b288817cf8 0 29 {"key11754598959282": "value-9"}
2025-08-07 20:36:04,728 INFO  [io.api.tes.ser.api.KafkaSerdesTester] (Thread-663) Consumed 20 messages
2025-08-07 20:36:04,729 INFO  [io.api.tes.ser.api.AvroSerdeIT] (main) Registering Avro Schema 3: {"type":"record","name":"s4921d5a1x55adx44a2xb40ex78ce365ea294","namespace":"ns_b044e14a_06c0_48a7_ba7d_59d956bba7fc","fields":[{"name":"key11754598959282","type":"string"},{"name":"key21754598963572","type":"string"},{"name":"key31754598964728","type":"string"}]}
2025-08-07 20:36:05,792 INFO  [io.api.tes.ser.api.KafkaSerdesTester] (Thread-664) Sending message {"key11754598959282": "value-0", "key21754598963572": "value-0", "key31754598964728": "value-0"} to topic topic-16a4ae3d_a087_4d29_b5e0_24b288817cf8
2025-08-07 20:36:05,793 INFO  [DefaultSchemaResolver] (Thread-664) Retrieving schema content using string: {"type":"record","name":"s4921d5a1x55adx44a2xb40ex78ce365ea294","namespace":"ns_b044e14a_06c0_48a7_ba7d_59d956bba7fc","fields":[{"name":"key11754598959282","type":"string"},{"name":"key21754598963572","type":"string"},{"name":"key31754598964728","type":"string"}]}
2025-08-07 20:36:05,812 INFO  [io.api.tes.ser.api.KafkaSerdesTester] (Thread-664) Sending message {"key11754598959282": "value-1", "key21754598963572": "value-1", "key31754598964728": "value-1"} to topic topic-16a4ae3d_a087_4d29_b5e0_24b288817cf8
2025-08-07 20:36:05,814 INFO  [io.api.tes.ser.api.KafkaSerdesTester] (Thread-664) Sending message {"key11754598959282": "value-2", "key21754598963572": "value-2", "key31754598964728": "value-2"} to topic topic-16a4ae3d_a087_4d29_b5e0_24b288817cf8
2025-08-07 20:36:05,817 INFO  [io.api.tes.ser.api.KafkaSerdesTester] (Thread-664) Sending message {"key11754598959282": "value-3", "key21754598963572": "value-3", "key31754598964728": "value-3"} to topic topic-16a4ae3d_a087_4d29_b5e0_24b288817cf8
2025-08-07 20:36:05,820 INFO  [io.api.tes.ser.api.KafkaSerdesTester] (Thread-664) Sending message {"key11754598959282": "value-4", "key21754598963572": "value-4", "key31754598964728": "value-4"} to topic topic-16a4ae3d_a087_4d29_b5e0_24b288817cf8
2025-08-07 20:36:05,821 INFO  [io.api.tes.ser.api.KafkaSerdesTester] (Thread-664) Sending message {"key11754598959282": "value-5", "key21754598963572": "value-5", "key31754598964728": "value-5"} to topic topic-16a4ae3d_a087_4d29_b5e0_24b288817cf8
2025-08-07 20:36:05,822 INFO  [io.api.tes.ser.api.KafkaSerdesTester] (Thread-664) Sending message {"key11754598959282": "value-6", "key21754598963572": "value-6", "key31754598964728": "value-6"} to topic topic-16a4ae3d_a087_4d29_b5e0_24b288817cf8
2025-08-07 20:36:05,824 INFO  [io.api.tes.ser.api.KafkaSerdesTester] (Thread-664) Sending message {"key11754598959282": "value-7", "key21754598963572": "value-7", "key31754598964728": "value-7"} to topic topic-16a4ae3d_a087_4d29_b5e0_24b288817cf8
2025-08-07 20:36:05,825 INFO  [io.api.tes.ser.api.KafkaSerdesTester] (Thread-664) Sending message {"key11754598959282": "value-8", "key21754598963572": "value-8", "key31754598964728": "value-8"} to topic topic-16a4ae3d_a087_4d29_b5e0_24b288817cf8
2025-08-07 20:36:05,827 INFO  [io.api.tes.ser.api.KafkaSerdesTester] (Thread-664) Sending message {"key11754598959282": "value-9", "key21754598963572": "value-9", "key31754598964728": "value-9"} to topic topic-16a4ae3d_a087_4d29_b5e0_24b288817cf8
2025-08-07 20:36:05,828 INFO  [io.api.tes.ser.api.KafkaSerdesTester] (Thread-664) Produced 10 messages
2025-08-07 20:36:05,828 INFO  [io.api.tes.ser.api.KafkaSerdesTester] (Thread-665) Sending message {"key11754598959282": "value-0", "key21754598963572": "value-0"} to topic topic-16a4ae3d_a087_4d29_b5e0_24b288817cf8
2025-08-07 20:36:05,830 INFO  [io.api.tes.ser.api.KafkaSerdesTester] (Thread-665) Sending message {"key11754598959282": "value-1", "key21754598963572": "value-1"} to topic topic-16a4ae3d_a087_4d29_b5e0_24b288817cf8
2025-08-07 20:36:05,831 INFO  [io.api.tes.ser.api.KafkaSerdesTester] (Thread-665) Sending message {"key11754598959282": "value-2", "key21754598963572": "value-2"} to topic topic-16a4ae3d_a087_4d29_b5e0_24b288817cf8
2025-08-07 20:36:05,832 INFO  [io.api.tes.ser.api.KafkaSerdesTester] (Thread-665) Sending message {"key11754598959282": "value-3", "key21754598963572": "value-3"} to topic topic-16a4ae3d_a087_4d29_b5e0_24b288817cf8
2025-08-07 20:36:05,834 INFO  [io.api.tes.ser.api.KafkaSerdesTester] (Thread-665) Sending message {"key11754598959282": "value-4", "key21754598963572": "value-4"} to topic topic-16a4ae3d_a087_4d29_b5e0_24b288817cf8
2025-08-07 20:36:05,835 INFO  [io.api.tes.ser.api.KafkaSerdesTester] (Thread-665) Sending message {"key11754598959282": "value-5", "key21754598963572": "value-5"} to topic topic-16a4ae3d_a087_4d29_b5e0_24b288817cf8
2025-08-07 20:36:05,836 INFO  [io.api.tes.ser.api.KafkaSerdesTester] (Thread-665) Sending message {"key11754598959282": "value-6", "key21754598963572": "value-6"} to topic topic-16a4ae3d_a087_4d29_b5e0_24b288817cf8
2025-08-07 20:36:05,839 INFO  [io.api.tes.ser.api.KafkaSerdesTester] (Thread-665) Sending message {"key11754598959282": "value-7", "key21754598963572": "value-7"} to topic topic-16a4ae3d_a087_4d29_b5e0_24b288817cf8
2025-08-07 20:36:05,842 INFO  [io.api.tes.ser.api.KafkaSerdesTester] (Thread-665) Sending message {"key11754598959282": "value-8", "key21754598963572": "value-8"} to topic topic-16a4ae3d_a087_4d29_b5e0_24b288817cf8
2025-08-07 20:36:05,843 INFO  [io.api.tes.ser.api.KafkaSerdesTester] (Thread-665) Sending message {"key11754598959282": "value-9", "key21754598963572": "value-9"} to topic topic-16a4ae3d_a087_4d29_b5e0_24b288817cf8
2025-08-07 20:36:05,844 INFO  [io.api.tes.ser.api.KafkaSerdesTester] (Thread-665) Produced 10 messages
2025-08-07 20:36:05,845 INFO  [io.api.tes.ser.api.KafkaSerdesTester] (Thread-666) Sending message {"key11754598959282": "value-0"} to topic topic-16a4ae3d_a087_4d29_b5e0_24b288817cf8
2025-08-07 20:36:05,846 INFO  [io.api.tes.ser.api.KafkaSerdesTester] (Thread-666) Sending message {"key11754598959282": "value-1"} to topic topic-16a4ae3d_a087_4d29_b5e0_24b288817cf8
2025-08-07 20:36:05,847 INFO  [io.api.tes.ser.api.KafkaSerdesTester] (Thread-666) Sending message {"key11754598959282": "value-2"} to topic topic-16a4ae3d_a087_4d29_b5e0_24b288817cf8
2025-08-07 20:36:05,849 INFO  [io.api.tes.ser.api.KafkaSerdesTester] (Thread-666) Sending message {"key11754598959282": "value-3"} to topic topic-16a4ae3d_a087_4d29_b5e0_24b288817cf8
2025-08-07 20:36:05,850 INFO  [io.api.tes.ser.api.KafkaSerdesTester] (Thread-666) Sending message {"key11754598959282": "value-4"} to topic topic-16a4ae3d_a087_4d29_b5e0_24b288817cf8
2025-08-07 20:36:05,851 INFO  [io.api.tes.ser.api.KafkaSerdesTester] (Thread-666) Sending message {"key11754598959282": "value-5"} to topic topic-16a4ae3d_a087_4d29_b5e0_24b288817cf8
2025-08-07 20:36:05,853 INFO  [io.api.tes.ser.api.KafkaSerdesTester] (Thread-666) Sending message {"key11754598959282": "value-6"} to topic topic-16a4ae3d_a087_4d29_b5e0_24b288817cf8
2025-08-07 20:36:05,854 INFO  [io.api.tes.ser.api.KafkaSerdesTester] (Thread-666) Sending message {"key11754598959282": "value-7"} to topic topic-16a4ae3d_a087_4d29_b5e0_24b288817cf8
2025-08-07 20:36:05,855 INFO  [io.api.tes.ser.api.KafkaSerdesTester] (Thread-666) Sending message {"key11754598959282": "value-8"} to topic topic-16a4ae3d_a087_4d29_b5e0_24b288817cf8
2025-08-07 20:36:05,857 INFO  [io.api.tes.ser.api.KafkaSerdesTester] (Thread-666) Sending message {"key11754598959282": "value-9"} to topic topic-16a4ae3d_a087_4d29_b5e0_24b288817cf8
2025-08-07 20:36:05,859 INFO  [io.api.tes.ser.api.KafkaSerdesTester] (Thread-666) Produced 10 messages
2025-08-07 20:36:05,860 INFO  [org.apa.kaf.cli.con.int.ClassicKafkaConsumer] (Thread-667) [Consumer clientId=consumer-Consumer-topic-16a4ae3d_a087_4d29_b5e0_24b288817cf8-9, groupId=Consumer-topic-16a4ae3d_a087_4d29_b5e0_24b288817cf8] Subscribed to topic(s): topic-16a4ae3d_a087_4d29_b5e0_24b288817cf8
2025-08-07 20:36:05,891 INFO  [io.api.tes.ser.api.KafkaSerdesTester] (Thread-667) topic-16a4ae3d_a087_4d29_b5e0_24b288817cf8 0 30 {"key11754598959282": "value-0", "key21754598963572": "value-0", "key31754598964728": "value-0"}
2025-08-07 20:36:05,891 INFO  [io.api.tes.ser.api.KafkaSerdesTester] (Thread-667) topic-16a4ae3d_a087_4d29_b5e0_24b288817cf8 0 31 {"key11754598959282": "value-1", "key21754598963572": "value-1", "key31754598964728": "value-1"}
2025-08-07 20:36:05,892 INFO  [io.api.tes.ser.api.KafkaSerdesTester] (Thread-667) topic-16a4ae3d_a087_4d29_b5e0_24b288817cf8 0 32 {"key11754598959282": "value-2", "key21754598963572": "value-2", "key31754598964728": "value-2"}
2025-08-07 20:36:05,892 INFO  [io.api.tes.ser.api.KafkaSerdesTester] (Thread-667) topic-16a4ae3d_a087_4d29_b5e0_24b288817cf8 0 33 {"key11754598959282": "value-3", "key21754598963572": "value-3", "key31754598964728": "value-3"}
2025-08-07 20:36:05,892 INFO  [io.api.tes.ser.api.KafkaSerdesTester] (Thread-667) topic-16a4ae3d_a087_4d29_b5e0_24b288817cf8 0 34 {"key11754598959282": "value-4", "key21754598963572": "value-4", "key31754598964728": "value-4"}
2025-08-07 20:36:05,892 INFO  [io.api.tes.ser.api.KafkaSerdesTester] (Thread-667) topic-16a4ae3d_a087_4d29_b5e0_24b288817cf8 0 35 {"key11754598959282": "value-5", "key21754598963572": "value-5", "key31754598964728": "value-5"}
2025-08-07 20:36:05,892 INFO  [io.api.tes.ser.api.KafkaSerdesTester] (Thread-667) topic-16a4ae3d_a087_4d29_b5e0_24b288817cf8 0 36 {"key11754598959282": "value-6", "key21754598963572": "value-6", "key31754598964728": "value-6"}
2025-08-07 20:36:05,892 INFO  [io.api.tes.ser.api.KafkaSerdesTester] (Thread-667) topic-16a4ae3d_a087_4d29_b5e0_24b288817cf8 0 37 {"key11754598959282": "value-7", "key21754598963572": "value-7", "key31754598964728": "value-7"}
2025-08-07 20:36:05,892 INFO  [io.api.tes.ser.api.KafkaSerdesTester] (Thread-667) topic-16a4ae3d_a087_4d29_b5e0_24b288817cf8 0 38 {"key11754598959282": "value-8", "key21754598963572": "value-8", "key31754598964728": "value-8"}
2025-08-07 20:36:05,892 INFO  [io.api.tes.ser.api.KafkaSerdesTester] (Thread-667) topic-16a4ae3d_a087_4d29_b5e0_24b288817cf8 0 39 {"key11754598959282": "value-9", "key21754598963572": "value-9", "key31754598964728": "value-9"}
2025-08-07 20:36:05,892 INFO  [io.api.tes.ser.api.KafkaSerdesTester] (Thread-667) topic-16a4ae3d_a087_4d29_b5e0_24b288817cf8 0 40 {"key11754598959282": "value-0", "key21754598963572": "value-0"}
2025-08-07 20:36:05,892 INFO  [io.api.tes.ser.api.KafkaSerdesTester] (Thread-667) topic-16a4ae3d_a087_4d29_b5e0_24b288817cf8 0 41 {"key11754598959282": "value-1", "key21754598963572": "value-1"}
2025-08-07 20:36:05,892 INFO  [io.api.tes.ser.api.KafkaSerdesTester] (Thread-667) topic-16a4ae3d_a087_4d29_b5e0_24b288817cf8 0 42 {"key11754598959282": "value-2", "key21754598963572": "value-2"}
2025-08-07 20:36:05,893 INFO  [io.api.tes.ser.api.KafkaSerdesTester] (Thread-667) topic-16a4ae3d_a087_4d29_b5e0_24b288817cf8 0 43 {"key11754598959282": "value-3", "key21754598963572": "value-3"}
2025-08-07 20:36:05,893 INFO  [io.api.tes.ser.api.KafkaSerdesTester] (Thread-667) topic-16a4ae3d_a087_4d29_b5e0_24b288817cf8 0 44 {"key11754598959282": "value-4", "key21754598963572": "value-4"}
2025-08-07 20:36:05,893 INFO  [io.api.tes.ser.api.KafkaSerdesTester] (Thread-667) topic-16a4ae3d_a087_4d29_b5e0_24b288817cf8 0 45 {"key11754598959282": "value-5", "key21754598963572": "value-5"}
2025-08-07 20:36:05,893 INFO  [io.api.tes.ser.api.KafkaSerdesTester] (Thread-667) topic-16a4ae3d_a087_4d29_b5e0_24b288817cf8 0 46 {"key11754598959282": "value-6", "key21754598963572": "value-6"}
2025-08-07 20:36:05,893 INFO  [io.api.tes.ser.api.KafkaSerdesTester] (Thread-667) topic-16a4ae3d_a087_4d29_b5e0_24b288817cf8 0 47 {"key11754598959282": "value-7", "key21754598963572": "value-7"}
2025-08-07 20:36:05,893 INFO  [io.api.tes.ser.api.KafkaSerdesTester] (Thread-667) topic-16a4ae3d_a087_4d29_b5e0_24b288817cf8 0 48 {"key11754598959282": "value-8", "key21754598963572": "value-8"}
2025-08-07 20:36:05,893 INFO  [io.api.tes.ser.api.KafkaSerdesTester] (Thread-667) topic-16a4ae3d_a087_4d29_b5e0_24b288817cf8 0 49 {"key11754598959282": "value-9", "key21754598963572": "value-9"}
2025-08-07 20:36:05,893 INFO  [io.api.tes.ser.api.KafkaSerdesTester] (Thread-667) topic-16a4ae3d_a087_4d29_b5e0_24b288817cf8 0 50 {"key11754598959282": "value-0"}
2025-08-07 20:36:05,893 INFO  [io.api.tes.ser.api.KafkaSerdesTester] (Thread-667) topic-16a4ae3d_a087_4d29_b5e0_24b288817cf8 0 51 {"key11754598959282": "value-1"}
2025-08-07 20:36:05,893 INFO  [io.api.tes.ser.api.KafkaSerdesTester] (Thread-667) topic-16a4ae3d_a087_4d29_b5e0_24b288817cf8 0 52 {"key11754598959282": "value-2"}
2025-08-07 20:36:05,893 INFO  [io.api.tes.ser.api.KafkaSerdesTester] (Thread-667) topic-16a4ae3d_a087_4d29_b5e0_24b288817cf8 0 53 {"key11754598959282": "value-3"}
2025-08-07 20:36:05,894 INFO  [io.api.tes.ser.api.KafkaSerdesTester] (Thread-667) topic-16a4ae3d_a087_4d29_b5e0_24b288817cf8 0 54 {"key11754598959282": "value-4"}
2025-08-07 20:36:05,894 INFO  [io.api.tes.ser.api.KafkaSerdesTester] (Thread-667) topic-16a4ae3d_a087_4d29_b5e0_24b288817cf8 0 55 {"key11754598959282": "value-5"}
2025-08-07 20:36:05,894 INFO  [io.api.tes.ser.api.KafkaSerdesTester] (Thread-667) topic-16a4ae3d_a087_4d29_b5e0_24b288817cf8 0 56 {"key11754598959282": "value-6"}
2025-08-07 20:36:05,894 INFO  [io.api.tes.ser.api.KafkaSerdesTester] (Thread-667) topic-16a4ae3d_a087_4d29_b5e0_24b288817cf8 0 57 {"key11754598959282": "value-7"}
2025-08-07 20:36:05,894 INFO  [io.api.tes.ser.api.KafkaSerdesTester] (Thread-667) topic-16a4ae3d_a087_4d29_b5e0_24b288817cf8 0 58 {"key11754598959282": "value-8"}
2025-08-07 20:36:05,894 INFO  [io.api.tes.ser.api.KafkaSerdesTester] (Thread-667) topic-16a4ae3d_a087_4d29_b5e0_24b288817cf8 0 59 {"key11754598959282": "value-9"}
2025-08-07 20:36:05,894 INFO  [io.api.tes.ser.api.KafkaSerdesTester] (Thread-667) Consumed 30 messages
2025-08-07 20:36:05,894 INFO  [org.apa.kaf.cli.pro.KafkaProducer] (main) [Producer clientId=Producer-topic-16a4ae3d_a087_4d29_b5e0_24b288817cf8] Closing the Kafka producer with timeoutMillis = 9223372036854775807 ms.
2025-08-07 20:36:05,898 INFO  [org.apa.kaf.com.met.Metrics] (main) Metrics scheduler closed
2025-08-07 20:36:05,898 INFO  [org.apa.kaf.com.met.Metrics] (main) Closing reporter org.apache.kafka.common.metrics.JmxReporter
2025-08-07 20:36:05,898 INFO  [org.apa.kaf.com.met.Metrics] (main) Closing reporter org.apache.kafka.common.telemetry.internals.ClientTelemetryReporter
2025-08-07 20:36:05,898 INFO  [org.apa.kaf.com.met.Metrics] (main) Metrics reporters closed
2025-08-07 20:36:05,898 INFO  [org.apa.kaf.com.uti.AppInfoParser] (main) App info kafka.producer for Producer-topic-16a4ae3d_a087_4d29_b5e0_24b288817cf8 unregistered
2025-08-07 20:36:05,905 INFO  [org.apa.kaf.cli.con.int.ConsumerRebalanceListenerInvoker] (main) [Consumer clientId=consumer-Consumer-topic-16a4ae3d_a087_4d29_b5e0_24b288817cf8-9, groupId=Consumer-topic-16a4ae3d_a087_4d29_b5e0_24b288817cf8] Revoke previously assigned partitions topic-16a4ae3d_a087_4d29_b5e0_24b288817cf8-0
2025-08-07 20:36:05,905 INFO  [org.apa.kaf.cli.con.int.ConsumerCoordinator] (main) [Consumer clientId=consumer-Consumer-topic-16a4ae3d_a087_4d29_b5e0_24b288817cf8-9, groupId=Consumer-topic-16a4ae3d_a087_4d29_b5e0_24b288817cf8] Member consumer-Consumer-topic-16a4ae3d_a087_4d29_b5e0_24b288817cf8-9-e73edf34-403d-4449-af3b-381319179341 sending LeaveGroup request to coordinator localhost:32769 (id: 2147483647 rack: null) due to the consumer is being closed
2025-08-07 20:36:05,906 INFO  [org.apa.kaf.cli.con.int.ConsumerCoordinator] (main) [Consumer clientId=consumer-Consumer-topic-16a4ae3d_a087_4d29_b5e0_24b288817cf8-9, groupId=Consumer-topic-16a4ae3d_a087_4d29_b5e0_24b288817cf8] Resetting generation and member id due to: consumer pro-actively leaving the group
2025-08-07 20:36:05,906 INFO  [org.apa.kaf.cli.con.int.ConsumerCoordinator] (main) [Consumer clientId=consumer-Consumer-topic-16a4ae3d_a087_4d29_b5e0_24b288817cf8-9, groupId=Consumer-topic-16a4ae3d_a087_4d29_b5e0_24b288817cf8] Request joining group due to: consumer pro-actively leaving the group
2025-08-07 20:36:06,398 INFO  [org.apa.kaf.com.met.Metrics] (main) Metrics scheduler closed
2025-08-07 20:36:06,398 INFO  [org.apa.kaf.com.met.Metrics] (main) Closing reporter org.apache.kafka.common.metrics.JmxReporter
2025-08-07 20:36:06,398 INFO  [org.apa.kaf.com.met.Metrics] (main) Closing reporter org.apache.kafka.common.telemetry.internals.ClientTelemetryReporter
2025-08-07 20:36:06,398 INFO  [org.apa.kaf.com.met.Metrics] (main) Metrics reporters closed
2025-08-07 20:36:06,401 INFO  [org.apa.kaf.com.uti.AppInfoParser] (main) App info kafka.consumer for consumer-Consumer-topic-16a4ae3d_a087_4d29_b5e0_24b288817cf8-9 unregistered
2025-08-07 20:36:06,401 INFO  [io.api.tes.uti.TestSeparator] (main) io.apicurio.tests.serdes.apicurio.AvroSerdeIT.testEvolveAvroApicurioReusingClient-FINISHED
2025-08-07 20:36:06,401 INFO  [io.api.tes.uti.TestSeparator] (main) ############################################################################
Test passed: testEvolveAvroApicurioReusingClient
]]></system-out>
  </testcase>
  <testcase name="testProducerUsesDefaultConsumerUsesGlobalId" classname="io.apicurio.tests.serdes.apicurio.AvroSerdeIT" time="0.0">
    <skipped message="void io.apicurio.tests.serdes.apicurio.AvroSerdeIT.testProducerUsesDefaultConsumerUsesGlobalId() throws java.lang.Exception is @Disabled"/>
  </testcase>
  <testcase name="testEvolveAvroApicurio" classname="io.apicurio.tests.serdes.apicurio.AvroSerdeIT" time="14.448">
    <system-out><![CDATA[2025-08-07 20:36:06,404 INFO  [io.api.tes.uti.TestSeparator] (main) ############################################################################
2025-08-07 20:36:06,404 INFO  [io.api.tes.uti.TestSeparator] (main) io.apicurio.tests.serdes.apicurio.AvroSerdeIT.testEvolveAvroApicurio-STARTED
2025-08-07 20:36:06,405 INFO  [io.api.tes.ser.api.AvroSerdeIT] (main) Registering Avro Schema: {"type":"record","name":"sdc8ccc86x48e3x4b9dx870dx22e9d5d835f8","namespace":"ns_b701b1fd_958b_4971_9cd0_09cc368a5bb9","fields":[{"name":"key11754598966404","type":"string"}]}
**** Registry Base URL: http://registry-app-ksql043.apps.ci419.apicurio-testing.org:80
2025-08-07 20:36:07,478 INFO  [org.apa.kaf.cli.pro.ProducerConfig] (main) ProducerConfig values: 
	acks = -1
	auto.include.jmx.reporter = true
	batch.size = 16384
	bootstrap.servers = [PLAINTEXT://localhost:32769]
	buffer.memory = 33554432
	client.dns.lookup = use_all_dns_ips
	client.id = Producer-topic-a8a99784_cfba_4e72_846d_c8abd69973f8
	compression.gzip.level = -1
	compression.lz4.level = 9
	compression.type = none
	compression.zstd.level = 3
	connections.max.idle.ms = 10000
	delivery.timeout.ms = 120000
	enable.idempotence = true
	enable.metrics.push = true
	interceptor.classes = []
	key.serializer = class org.apache.kafka.common.serialization.StringSerializer
	linger.ms = 0
	max.block.ms = 60000
	max.in.flight.requests.per.connection = 5
	max.request.size = 1048576
	metadata.max.age.ms = 300000
	metadata.max.idle.ms = 300000
	metadata.recovery.strategy = none
	metric.reporters = []
	metrics.num.samples = 2
	metrics.recording.level = INFO
	metrics.sample.window.ms = 30000
	partitioner.adaptive.partitioning.enable = true
	partitioner.availability.timeout.ms = 0
	partitioner.class = null
	partitioner.ignore.keys = false
	receive.buffer.bytes = 32768
	reconnect.backoff.max.ms = 1000
	reconnect.backoff.ms = 50
	request.timeout.ms = 5000
	retries = 2147483647
	retry.backoff.max.ms = 1000
	retry.backoff.ms = 100
	sasl.client.callback.handler.class = null
	sasl.jaas.config = null
	sasl.kerberos.kinit.cmd = /usr/bin/kinit
	sasl.kerberos.min.time.before.relogin = 60000
	sasl.kerberos.service.name = null
	sasl.kerberos.ticket.renew.jitter = 0.05
	sasl.kerberos.ticket.renew.window.factor = 0.8
	sasl.login.callback.handler.class = null
	sasl.login.class = null
	sasl.login.connect.timeout.ms = null
	sasl.login.read.timeout.ms = null
	sasl.login.refresh.buffer.seconds = 300
	sasl.login.refresh.min.period.seconds = 60
	sasl.login.refresh.window.factor = 0.8
	sasl.login.refresh.window.jitter = 0.05
	sasl.login.retry.backoff.max.ms = 10000
	sasl.login.retry.backoff.ms = 100
	sasl.mechanism = GSSAPI
	sasl.oauthbearer.clock.skew.seconds = 30
	sasl.oauthbearer.expected.audience = null
	sasl.oauthbearer.expected.issuer = null
	sasl.oauthbearer.header.urlencode = false
	sasl.oauthbearer.jwks.endpoint.refresh.ms = 3600000
	sasl.oauthbearer.jwks.endpoint.retry.backoff.max.ms = 10000
	sasl.oauthbearer.jwks.endpoint.retry.backoff.ms = 100
	sasl.oauthbearer.jwks.endpoint.url = null
	sasl.oauthbearer.scope.claim.name = scope
	sasl.oauthbearer.sub.claim.name = sub
	sasl.oauthbearer.token.endpoint.url = null
	security.protocol = PLAINTEXT
	security.providers = null
	send.buffer.bytes = 131072
	socket.connection.setup.timeout.max.ms = 30000
	socket.connection.setup.timeout.ms = 10000
	ssl.cipher.suites = null
	ssl.enabled.protocols = [TLSv1.2, TLSv1.3]
	ssl.endpoint.identification.algorithm = https
	ssl.engine.factory.class = null
	ssl.key.password = null
	ssl.keymanager.algorithm = SunX509
	ssl.keystore.certificate.chain = null
	ssl.keystore.key = null
	ssl.keystore.location = null
	ssl.keystore.password = null
	ssl.keystore.type = JKS
	ssl.protocol = TLSv1.3
	ssl.provider = null
	ssl.secure.random.implementation = null
	ssl.trustmanager.algorithm = PKIX
	ssl.truststore.certificates = null
	ssl.truststore.location = null
	ssl.truststore.password = null
	ssl.truststore.type = JKS
	transaction.timeout.ms = 60000
	transactional.id = null
	value.serializer = class io.apicurio.registry.serde.avro.AvroKafkaSerializer

2025-08-07 20:36:07,478 INFO  [org.apa.kaf.com.tel.int.KafkaMetricsCollector] (main) initializing Kafka metrics collector
2025-08-07 20:36:07,482 INFO  [org.apa.kaf.cli.pro.KafkaProducer] (main) [Producer clientId=Producer-topic-a8a99784_cfba_4e72_846d_c8abd69973f8] Instantiated an idempotent producer.
2025-08-07 20:36:07,484 INFO  [org.apa.kaf.cli.pro.ProducerConfig] (main) These configurations '[apicurio.registry.url, apicurio.registry.artifact-resolver-strategy]' were supplied but are not used yet.
2025-08-07 20:36:07,484 INFO  [org.apa.kaf.com.uti.AppInfoParser] (main) Kafka version: 3.9.1
2025-08-07 20:36:07,484 INFO  [org.apa.kaf.com.uti.AppInfoParser] (main) Kafka commitId: f745dfdcee2b9851
2025-08-07 20:36:07,484 INFO  [org.apa.kaf.com.uti.AppInfoParser] (main) Kafka startTimeMs: 1754598967484
**** Registry Base URL: http://registry-app-ksql043.apps.ci419.apicurio-testing.org:80
2025-08-07 20:36:07,484 INFO  [org.apa.kaf.cli.con.ConsumerConfig] (main) ConsumerConfig values: 
	allow.auto.create.topics = true
	auto.commit.interval.ms = 500
	auto.include.jmx.reporter = true
	auto.offset.reset = earliest
	bootstrap.servers = [PLAINTEXT://localhost:32769]
	check.crcs = true
	client.dns.lookup = use_all_dns_ips
	client.id = consumer-Consumer-topic-a8a99784_cfba_4e72_846d_c8abd69973f8-10
	client.rack = 
	connections.max.idle.ms = 10000
	default.api.timeout.ms = 60000
	enable.auto.commit = true
	enable.metrics.push = true
	exclude.internal.topics = true
	fetch.max.bytes = 52428800
	fetch.max.wait.ms = 500
	fetch.min.bytes = 1
	group.id = Consumer-topic-a8a99784_cfba_4e72_846d_c8abd69973f8
	group.instance.id = null
	group.protocol = classic
	group.remote.assignor = null
	heartbeat.interval.ms = 3000
	interceptor.classes = []
	internal.leave.group.on.close = true
	internal.throw.on.fetch.stable.offset.unsupported = false
	isolation.level = read_uncommitted
	key.deserializer = class org.apache.kafka.common.serialization.StringDeserializer
	max.partition.fetch.bytes = 1048576
	max.poll.interval.ms = 300000
	max.poll.records = 500
	metadata.max.age.ms = 300000
	metadata.recovery.strategy = none
	metric.reporters = []
	metrics.num.samples = 2
	metrics.recording.level = INFO
	metrics.sample.window.ms = 30000
	partition.assignment.strategy = [class org.apache.kafka.clients.consumer.RangeAssignor, class org.apache.kafka.clients.consumer.CooperativeStickyAssignor]
	receive.buffer.bytes = 65536
	reconnect.backoff.max.ms = 1000
	reconnect.backoff.ms = 50
	request.timeout.ms = 5000
	retry.backoff.max.ms = 1000
	retry.backoff.ms = 100
	sasl.client.callback.handler.class = null
	sasl.jaas.config = null
	sasl.kerberos.kinit.cmd = /usr/bin/kinit
	sasl.kerberos.min.time.before.relogin = 60000
	sasl.kerberos.service.name = null
	sasl.kerberos.ticket.renew.jitter = 0.05
	sasl.kerberos.ticket.renew.window.factor = 0.8
	sasl.login.callback.handler.class = null
	sasl.login.class = null
	sasl.login.connect.timeout.ms = null
	sasl.login.read.timeout.ms = null
	sasl.login.refresh.buffer.seconds = 300
	sasl.login.refresh.min.period.seconds = 60
	sasl.login.refresh.window.factor = 0.8
	sasl.login.refresh.window.jitter = 0.05
	sasl.login.retry.backoff.max.ms = 10000
	sasl.login.retry.backoff.ms = 100
	sasl.mechanism = GSSAPI
	sasl.oauthbearer.clock.skew.seconds = 30
	sasl.oauthbearer.expected.audience = null
	sasl.oauthbearer.expected.issuer = null
	sasl.oauthbearer.header.urlencode = false
	sasl.oauthbearer.jwks.endpoint.refresh.ms = 3600000
	sasl.oauthbearer.jwks.endpoint.retry.backoff.max.ms = 10000
	sasl.oauthbearer.jwks.endpoint.retry.backoff.ms = 100
	sasl.oauthbearer.jwks.endpoint.url = null
	sasl.oauthbearer.scope.claim.name = scope
	sasl.oauthbearer.sub.claim.name = sub
	sasl.oauthbearer.token.endpoint.url = null
	security.protocol = PLAINTEXT
	security.providers = null
	send.buffer.bytes = 131072
	session.timeout.ms = 45000
	socket.connection.setup.timeout.max.ms = 30000
	socket.connection.setup.timeout.ms = 10000
	ssl.cipher.suites = null
	ssl.enabled.protocols = [TLSv1.2, TLSv1.3]
	ssl.endpoint.identification.algorithm = https
	ssl.engine.factory.class = null
	ssl.key.password = null
	ssl.keymanager.algorithm = SunX509
	ssl.keystore.certificate.chain = null
	ssl.keystore.key = null
	ssl.keystore.location = null
	ssl.keystore.password = null
	ssl.keystore.type = JKS
	ssl.protocol = TLSv1.3
	ssl.provider = null
	ssl.secure.random.implementation = null
	ssl.trustmanager.algorithm = PKIX
	ssl.truststore.certificates = null
	ssl.truststore.location = null
	ssl.truststore.password = null
	ssl.truststore.type = JKS
	value.deserializer = class io.apicurio.registry.serde.avro.AvroKafkaDeserializer

2025-08-07 20:36:07,485 INFO  [org.apa.kaf.com.tel.int.KafkaMetricsCollector] (main) initializing Kafka metrics collector
2025-08-07 20:36:07,489 INFO  [org.apa.kaf.cli.Metadata] (kafka-producer-network-thread | Producer-topic-a8a99784_cfba_4e72_846d_c8abd69973f8) [Producer clientId=Producer-topic-a8a99784_cfba_4e72_846d_c8abd69973f8] Cluster ID: 7hmfGG3YTMCno0-sg6ieQg
2025-08-07 20:36:07,489 INFO  [org.apa.kaf.cli.pro.int.TransactionManager] (kafka-producer-network-thread | Producer-topic-a8a99784_cfba_4e72_846d_c8abd69973f8) [Producer clientId=Producer-topic-a8a99784_cfba_4e72_846d_c8abd69973f8] ProducerId set to 12 with epoch 0
2025-08-07 20:36:07,493 INFO  [org.apa.kaf.cli.con.ConsumerConfig] (main) These configurations '[apicurio.registry.url]' were supplied but are not used yet.
2025-08-07 20:36:07,493 INFO  [org.apa.kaf.com.uti.AppInfoParser] (main) Kafka version: 3.9.1
2025-08-07 20:36:07,493 INFO  [org.apa.kaf.com.uti.AppInfoParser] (main) Kafka commitId: f745dfdcee2b9851
2025-08-07 20:36:07,493 INFO  [org.apa.kaf.com.uti.AppInfoParser] (main) Kafka startTimeMs: 1754598967493
2025-08-07 20:36:07,495 INFO  [io.api.tes.ser.api.KafkaSerdesTester] (Thread-672) Sending message {"key11754598966404": "value-0"} to topic topic-a8a99784_cfba_4e72_846d_c8abd69973f8
2025-08-07 20:36:07,498 INFO  [DefaultSchemaResolver] (Thread-672) Retrieving schema content using string: {"type":"record","name":"sdc8ccc86x48e3x4b9dx870dx22e9d5d835f8","namespace":"ns_b701b1fd_958b_4971_9cd0_09cc368a5bb9","fields":[{"name":"key11754598966404","type":"string"}]}
2025-08-07 20:36:07,531 INFO  [io.api.tes.ser.api.KafkaSerdesTester] (Thread-672) Sending message {"key11754598966404": "value-1"} to topic topic-a8a99784_cfba_4e72_846d_c8abd69973f8
2025-08-07 20:36:07,533 INFO  [io.api.tes.ser.api.KafkaSerdesTester] (Thread-672) Sending message {"key11754598966404": "value-2"} to topic topic-a8a99784_cfba_4e72_846d_c8abd69973f8
2025-08-07 20:36:07,535 INFO  [io.api.tes.ser.api.KafkaSerdesTester] (Thread-672) Sending message {"key11754598966404": "value-3"} to topic topic-a8a99784_cfba_4e72_846d_c8abd69973f8
2025-08-07 20:36:07,537 INFO  [io.api.tes.ser.api.KafkaSerdesTester] (Thread-672) Sending message {"key11754598966404": "value-4"} to topic topic-a8a99784_cfba_4e72_846d_c8abd69973f8
2025-08-07 20:36:07,540 INFO  [io.api.tes.ser.api.KafkaSerdesTester] (Thread-672) Sending message {"key11754598966404": "value-5"} to topic topic-a8a99784_cfba_4e72_846d_c8abd69973f8
2025-08-07 20:36:07,542 INFO  [io.api.tes.ser.api.KafkaSerdesTester] (Thread-672) Sending message {"key11754598966404": "value-6"} to topic topic-a8a99784_cfba_4e72_846d_c8abd69973f8
2025-08-07 20:36:07,543 INFO  [io.api.tes.ser.api.KafkaSerdesTester] (Thread-672) Sending message {"key11754598966404": "value-7"} to topic topic-a8a99784_cfba_4e72_846d_c8abd69973f8
2025-08-07 20:36:07,545 INFO  [io.api.tes.ser.api.KafkaSerdesTester] (Thread-672) Sending message {"key11754598966404": "value-8"} to topic topic-a8a99784_cfba_4e72_846d_c8abd69973f8
2025-08-07 20:36:07,549 INFO  [io.api.tes.ser.api.KafkaSerdesTester] (Thread-672) Sending message {"key11754598966404": "value-9"} to topic topic-a8a99784_cfba_4e72_846d_c8abd69973f8
2025-08-07 20:36:07,550 INFO  [io.api.tes.ser.api.KafkaSerdesTester] (Thread-672) Produced 10 messages
2025-08-07 20:36:07,550 INFO  [org.apa.kaf.cli.pro.KafkaProducer] (Thread-672) [Producer clientId=Producer-topic-a8a99784_cfba_4e72_846d_c8abd69973f8] Closing the Kafka producer with timeoutMillis = 9223372036854775807 ms.
2025-08-07 20:36:07,553 INFO  [org.apa.kaf.com.met.Metrics] (Thread-672) Metrics scheduler closed
2025-08-07 20:36:07,553 INFO  [org.apa.kaf.com.met.Metrics] (Thread-672) Closing reporter org.apache.kafka.common.metrics.JmxReporter
2025-08-07 20:36:07,553 INFO  [org.apa.kaf.com.met.Metrics] (Thread-672) Closing reporter org.apache.kafka.common.telemetry.internals.ClientTelemetryReporter
2025-08-07 20:36:07,553 INFO  [org.apa.kaf.com.met.Metrics] (Thread-672) Metrics reporters closed
2025-08-07 20:36:07,553 INFO  [org.apa.kaf.com.uti.AppInfoParser] (Thread-672) App info kafka.producer for Producer-topic-a8a99784_cfba_4e72_846d_c8abd69973f8 unregistered
2025-08-07 20:36:07,554 INFO  [org.apa.kaf.cli.con.int.ClassicKafkaConsumer] (Thread-673) [Consumer clientId=consumer-Consumer-topic-a8a99784_cfba_4e72_846d_c8abd69973f8-10, groupId=Consumer-topic-a8a99784_cfba_4e72_846d_c8abd69973f8] Subscribed to topic(s): topic-a8a99784_cfba_4e72_846d_c8abd69973f8
2025-08-07 20:36:07,561 INFO  [org.apa.kaf.cli.Metadata] (Thread-673) [Consumer clientId=consumer-Consumer-topic-a8a99784_cfba_4e72_846d_c8abd69973f8-10, groupId=Consumer-topic-a8a99784_cfba_4e72_846d_c8abd69973f8] Cluster ID: 7hmfGG3YTMCno0-sg6ieQg
2025-08-07 20:36:07,561 INFO  [org.apa.kaf.cli.con.int.ConsumerCoordinator] (Thread-673) [Consumer clientId=consumer-Consumer-topic-a8a99784_cfba_4e72_846d_c8abd69973f8-10, groupId=Consumer-topic-a8a99784_cfba_4e72_846d_c8abd69973f8] Discovered group coordinator localhost:32769 (id: 2147483647 rack: null)
2025-08-07 20:36:07,568 INFO  [org.apa.kaf.cli.con.int.ConsumerCoordinator] (Thread-673) [Consumer clientId=consumer-Consumer-topic-a8a99784_cfba_4e72_846d_c8abd69973f8-10, groupId=Consumer-topic-a8a99784_cfba_4e72_846d_c8abd69973f8] (Re-)joining group
2025-08-07 20:36:07,572 INFO  [org.apa.kaf.cli.con.int.ConsumerCoordinator] (Thread-673) [Consumer clientId=consumer-Consumer-topic-a8a99784_cfba_4e72_846d_c8abd69973f8-10, groupId=Consumer-topic-a8a99784_cfba_4e72_846d_c8abd69973f8] Request joining group due to: need to re-join with the given member-id: consumer-Consumer-topic-a8a99784_cfba_4e72_846d_c8abd69973f8-10-a0ea79a2-0f33-4d02-9716-7a9a0a95cc8a
2025-08-07 20:36:07,572 INFO  [org.apa.kaf.cli.con.int.ConsumerCoordinator] (Thread-673) [Consumer clientId=consumer-Consumer-topic-a8a99784_cfba_4e72_846d_c8abd69973f8-10, groupId=Consumer-topic-a8a99784_cfba_4e72_846d_c8abd69973f8] (Re-)joining group
2025-08-07 20:36:08,554 INFO  [io.api.tes.ser.api.KafkaSerdesTester] (Thread-673) None found
2025-08-07 20:36:09,555 INFO  [io.api.tes.ser.api.KafkaSerdesTester] (Thread-673) None found
2025-08-07 20:36:10,556 INFO  [io.api.tes.ser.api.KafkaSerdesTester] (Thread-673) None found
2025-08-07 20:36:10,578 INFO  [org.apa.kaf.cli.con.int.ConsumerCoordinator] (Thread-673) [Consumer clientId=consumer-Consumer-topic-a8a99784_cfba_4e72_846d_c8abd69973f8-10, groupId=Consumer-topic-a8a99784_cfba_4e72_846d_c8abd69973f8] Successfully joined group with generation Generation{generationId=1, memberId='consumer-Consumer-topic-a8a99784_cfba_4e72_846d_c8abd69973f8-10-a0ea79a2-0f33-4d02-9716-7a9a0a95cc8a', protocol='range'}
2025-08-07 20:36:10,578 INFO  [org.apa.kaf.cli.con.int.ConsumerCoordinator] (Thread-673) [Consumer clientId=consumer-Consumer-topic-a8a99784_cfba_4e72_846d_c8abd69973f8-10, groupId=Consumer-topic-a8a99784_cfba_4e72_846d_c8abd69973f8] Finished assignment for group at generation 1: {consumer-Consumer-topic-a8a99784_cfba_4e72_846d_c8abd69973f8-10-a0ea79a2-0f33-4d02-9716-7a9a0a95cc8a=Assignment(partitions=[topic-a8a99784_cfba_4e72_846d_c8abd69973f8-0])}
2025-08-07 20:36:10,585 INFO  [org.apa.kaf.cli.con.int.ConsumerCoordinator] (Thread-673) [Consumer clientId=consumer-Consumer-topic-a8a99784_cfba_4e72_846d_c8abd69973f8-10, groupId=Consumer-topic-a8a99784_cfba_4e72_846d_c8abd69973f8] Successfully synced group in generation Generation{generationId=1, memberId='consumer-Consumer-topic-a8a99784_cfba_4e72_846d_c8abd69973f8-10-a0ea79a2-0f33-4d02-9716-7a9a0a95cc8a', protocol='range'}
2025-08-07 20:36:10,585 INFO  [org.apa.kaf.cli.con.int.ConsumerCoordinator] (Thread-673) [Consumer clientId=consumer-Consumer-topic-a8a99784_cfba_4e72_846d_c8abd69973f8-10, groupId=Consumer-topic-a8a99784_cfba_4e72_846d_c8abd69973f8] Notifying assignor about the new Assignment(partitions=[topic-a8a99784_cfba_4e72_846d_c8abd69973f8-0])
2025-08-07 20:36:10,585 INFO  [org.apa.kaf.cli.con.int.ConsumerRebalanceListenerInvoker] (Thread-673) [Consumer clientId=consumer-Consumer-topic-a8a99784_cfba_4e72_846d_c8abd69973f8-10, groupId=Consumer-topic-a8a99784_cfba_4e72_846d_c8abd69973f8] Adding newly assigned partitions: topic-a8a99784_cfba_4e72_846d_c8abd69973f8-0
2025-08-07 20:36:10,586 INFO  [org.apa.kaf.cli.con.int.ConsumerCoordinator] (Thread-673) [Consumer clientId=consumer-Consumer-topic-a8a99784_cfba_4e72_846d_c8abd69973f8-10, groupId=Consumer-topic-a8a99784_cfba_4e72_846d_c8abd69973f8] Found no committed offset for partition topic-a8a99784_cfba_4e72_846d_c8abd69973f8-0
2025-08-07 20:36:10,589 INFO  [org.apa.kaf.cli.con.int.SubscriptionState] (Thread-673) [Consumer clientId=consumer-Consumer-topic-a8a99784_cfba_4e72_846d_c8abd69973f8-10, groupId=Consumer-topic-a8a99784_cfba_4e72_846d_c8abd69973f8] Resetting offset for partition topic-a8a99784_cfba_4e72_846d_c8abd69973f8-0 to position FetchPosition{offset=0, offsetEpoch=Optional.empty, currentLeader=LeaderAndEpoch{leader=Optional[localhost:32769 (id: 0 rack: null)], epoch=0}}.
2025-08-07 20:36:10,627 INFO  [io.api.tes.ser.api.KafkaSerdesTester] (Thread-673) topic-a8a99784_cfba_4e72_846d_c8abd69973f8 0 0 {"key11754598966404": "value-0"}
2025-08-07 20:36:10,628 INFO  [io.api.tes.ser.api.KafkaSerdesTester] (Thread-673) topic-a8a99784_cfba_4e72_846d_c8abd69973f8 0 1 {"key11754598966404": "value-1"}
2025-08-07 20:36:10,628 INFO  [io.api.tes.ser.api.KafkaSerdesTester] (Thread-673) topic-a8a99784_cfba_4e72_846d_c8abd69973f8 0 2 {"key11754598966404": "value-2"}
2025-08-07 20:36:10,628 INFO  [io.api.tes.ser.api.KafkaSerdesTester] (Thread-673) topic-a8a99784_cfba_4e72_846d_c8abd69973f8 0 3 {"key11754598966404": "value-3"}
2025-08-07 20:36:10,628 INFO  [io.api.tes.ser.api.KafkaSerdesTester] (Thread-673) topic-a8a99784_cfba_4e72_846d_c8abd69973f8 0 4 {"key11754598966404": "value-4"}
2025-08-07 20:36:10,628 INFO  [io.api.tes.ser.api.KafkaSerdesTester] (Thread-673) topic-a8a99784_cfba_4e72_846d_c8abd69973f8 0 5 {"key11754598966404": "value-5"}
2025-08-07 20:36:10,628 INFO  [io.api.tes.ser.api.KafkaSerdesTester] (Thread-673) topic-a8a99784_cfba_4e72_846d_c8abd69973f8 0 6 {"key11754598966404": "value-6"}
2025-08-07 20:36:10,628 INFO  [io.api.tes.ser.api.KafkaSerdesTester] (Thread-673) topic-a8a99784_cfba_4e72_846d_c8abd69973f8 0 7 {"key11754598966404": "value-7"}
2025-08-07 20:36:10,628 INFO  [io.api.tes.ser.api.KafkaSerdesTester] (Thread-673) topic-a8a99784_cfba_4e72_846d_c8abd69973f8 0 8 {"key11754598966404": "value-8"}
2025-08-07 20:36:10,628 INFO  [io.api.tes.ser.api.KafkaSerdesTester] (Thread-673) topic-a8a99784_cfba_4e72_846d_c8abd69973f8 0 9 {"key11754598966404": "value-9"}
2025-08-07 20:36:10,628 INFO  [io.api.tes.ser.api.KafkaSerdesTester] (Thread-673) Consumed 10 messages
2025-08-07 20:36:10,635 INFO  [org.apa.kaf.cli.con.int.ConsumerRebalanceListenerInvoker] (Thread-673) [Consumer clientId=consumer-Consumer-topic-a8a99784_cfba_4e72_846d_c8abd69973f8-10, groupId=Consumer-topic-a8a99784_cfba_4e72_846d_c8abd69973f8] Revoke previously assigned partitions topic-a8a99784_cfba_4e72_846d_c8abd69973f8-0
2025-08-07 20:36:10,635 INFO  [org.apa.kaf.cli.con.int.ConsumerCoordinator] (Thread-673) [Consumer clientId=consumer-Consumer-topic-a8a99784_cfba_4e72_846d_c8abd69973f8-10, groupId=Consumer-topic-a8a99784_cfba_4e72_846d_c8abd69973f8] Member consumer-Consumer-topic-a8a99784_cfba_4e72_846d_c8abd69973f8-10-a0ea79a2-0f33-4d02-9716-7a9a0a95cc8a sending LeaveGroup request to coordinator localhost:32769 (id: 2147483647 rack: null) due to the consumer is being closed
2025-08-07 20:36:10,635 INFO  [org.apa.kaf.cli.con.int.ConsumerCoordinator] (Thread-673) [Consumer clientId=consumer-Consumer-topic-a8a99784_cfba_4e72_846d_c8abd69973f8-10, groupId=Consumer-topic-a8a99784_cfba_4e72_846d_c8abd69973f8] Resetting generation and member id due to: consumer pro-actively leaving the group
2025-08-07 20:36:10,635 INFO  [org.apa.kaf.cli.con.int.ConsumerCoordinator] (Thread-673) [Consumer clientId=consumer-Consumer-topic-a8a99784_cfba_4e72_846d_c8abd69973f8-10, groupId=Consumer-topic-a8a99784_cfba_4e72_846d_c8abd69973f8] Request joining group due to: consumer pro-actively leaving the group
2025-08-07 20:36:11,130 INFO  [org.apa.kaf.com.met.Metrics] (Thread-673) Metrics scheduler closed
2025-08-07 20:36:11,130 INFO  [org.apa.kaf.com.met.Metrics] (Thread-673) Closing reporter org.apache.kafka.common.metrics.JmxReporter
2025-08-07 20:36:11,130 INFO  [org.apa.kaf.com.met.Metrics] (Thread-673) Closing reporter org.apache.kafka.common.telemetry.internals.ClientTelemetryReporter
2025-08-07 20:36:11,130 INFO  [org.apa.kaf.com.met.Metrics] (Thread-673) Metrics reporters closed
2025-08-07 20:36:11,132 INFO  [org.apa.kaf.com.uti.AppInfoParser] (Thread-673) App info kafka.consumer for consumer-Consumer-topic-a8a99784_cfba_4e72_846d_c8abd69973f8-10 unregistered
2025-08-07 20:36:11,133 INFO  [io.api.tes.ser.api.AvroSerdeIT] (main) Registering Avro Schema 2: {"type":"record","name":"sdc8ccc86x48e3x4b9dx870dx22e9d5d835f8","namespace":"ns_b701b1fd_958b_4971_9cd0_09cc368a5bb9","fields":[{"name":"key11754598966404","type":"string"},{"name":"key21754598971132","type":"string"}]}
**** Registry Base URL: http://registry-app-ksql043.apps.ci419.apicurio-testing.org:80
2025-08-07 20:36:12,195 INFO  [org.apa.kaf.cli.pro.ProducerConfig] (main) ProducerConfig values: 
	acks = -1
	auto.include.jmx.reporter = true
	batch.size = 16384
	bootstrap.servers = [PLAINTEXT://localhost:32769]
	buffer.memory = 33554432
	client.dns.lookup = use_all_dns_ips
	client.id = Producer-topic-a8a99784_cfba_4e72_846d_c8abd69973f8
	compression.gzip.level = -1
	compression.lz4.level = 9
	compression.type = none
	compression.zstd.level = 3
	connections.max.idle.ms = 10000
	delivery.timeout.ms = 120000
	enable.idempotence = true
	enable.metrics.push = true
	interceptor.classes = []
	key.serializer = class org.apache.kafka.common.serialization.StringSerializer
	linger.ms = 0
	max.block.ms = 60000
	max.in.flight.requests.per.connection = 5
	max.request.size = 1048576
	metadata.max.age.ms = 300000
	metadata.max.idle.ms = 300000
	metadata.recovery.strategy = none
	metric.reporters = []
	metrics.num.samples = 2
	metrics.recording.level = INFO
	metrics.sample.window.ms = 30000
	partitioner.adaptive.partitioning.enable = true
	partitioner.availability.timeout.ms = 0
	partitioner.class = null
	partitioner.ignore.keys = false
	receive.buffer.bytes = 32768
	reconnect.backoff.max.ms = 1000
	reconnect.backoff.ms = 50
	request.timeout.ms = 5000
	retries = 2147483647
	retry.backoff.max.ms = 1000
	retry.backoff.ms = 100
	sasl.client.callback.handler.class = null
	sasl.jaas.config = null
	sasl.kerberos.kinit.cmd = /usr/bin/kinit
	sasl.kerberos.min.time.before.relogin = 60000
	sasl.kerberos.service.name = null
	sasl.kerberos.ticket.renew.jitter = 0.05
	sasl.kerberos.ticket.renew.window.factor = 0.8
	sasl.login.callback.handler.class = null
	sasl.login.class = null
	sasl.login.connect.timeout.ms = null
	sasl.login.read.timeout.ms = null
	sasl.login.refresh.buffer.seconds = 300
	sasl.login.refresh.min.period.seconds = 60
	sasl.login.refresh.window.factor = 0.8
	sasl.login.refresh.window.jitter = 0.05
	sasl.login.retry.backoff.max.ms = 10000
	sasl.login.retry.backoff.ms = 100
	sasl.mechanism = GSSAPI
	sasl.oauthbearer.clock.skew.seconds = 30
	sasl.oauthbearer.expected.audience = null
	sasl.oauthbearer.expected.issuer = null
	sasl.oauthbearer.header.urlencode = false
	sasl.oauthbearer.jwks.endpoint.refresh.ms = 3600000
	sasl.oauthbearer.jwks.endpoint.retry.backoff.max.ms = 10000
	sasl.oauthbearer.jwks.endpoint.retry.backoff.ms = 100
	sasl.oauthbearer.jwks.endpoint.url = null
	sasl.oauthbearer.scope.claim.name = scope
	sasl.oauthbearer.sub.claim.name = sub
	sasl.oauthbearer.token.endpoint.url = null
	security.protocol = PLAINTEXT
	security.providers = null
	send.buffer.bytes = 131072
	socket.connection.setup.timeout.max.ms = 30000
	socket.connection.setup.timeout.ms = 10000
	ssl.cipher.suites = null
	ssl.enabled.protocols = [TLSv1.2, TLSv1.3]
	ssl.endpoint.identification.algorithm = https
	ssl.engine.factory.class = null
	ssl.key.password = null
	ssl.keymanager.algorithm = SunX509
	ssl.keystore.certificate.chain = null
	ssl.keystore.key = null
	ssl.keystore.location = null
	ssl.keystore.password = null
	ssl.keystore.type = JKS
	ssl.protocol = TLSv1.3
	ssl.provider = null
	ssl.secure.random.implementation = null
	ssl.trustmanager.algorithm = PKIX
	ssl.truststore.certificates = null
	ssl.truststore.location = null
	ssl.truststore.password = null
	ssl.truststore.type = JKS
	transaction.timeout.ms = 60000
	transactional.id = null
	value.serializer = class io.apicurio.registry.serde.avro.AvroKafkaSerializer

2025-08-07 20:36:12,195 INFO  [org.apa.kaf.com.tel.int.KafkaMetricsCollector] (main) initializing Kafka metrics collector
2025-08-07 20:36:12,198 INFO  [org.apa.kaf.cli.pro.KafkaProducer] (main) [Producer clientId=Producer-topic-a8a99784_cfba_4e72_846d_c8abd69973f8] Instantiated an idempotent producer.
2025-08-07 20:36:12,199 INFO  [org.apa.kaf.cli.pro.ProducerConfig] (main) These configurations '[apicurio.registry.url, apicurio.registry.artifact-resolver-strategy]' were supplied but are not used yet.
2025-08-07 20:36:12,199 INFO  [org.apa.kaf.com.uti.AppInfoParser] (main) Kafka version: 3.9.1
2025-08-07 20:36:12,199 INFO  [org.apa.kaf.com.uti.AppInfoParser] (main) Kafka commitId: f745dfdcee2b9851
2025-08-07 20:36:12,199 INFO  [org.apa.kaf.com.uti.AppInfoParser] (main) Kafka startTimeMs: 1754598972199
2025-08-07 20:36:12,200 INFO  [io.api.tes.ser.api.KafkaSerdesTester] (Thread-676) Sending message {"key11754598966404": "value-0", "key21754598971132": "value-0"} to topic topic-a8a99784_cfba_4e72_846d_c8abd69973f8
2025-08-07 20:36:12,217 INFO  [org.apa.kaf.cli.Metadata] (kafka-producer-network-thread | Producer-topic-a8a99784_cfba_4e72_846d_c8abd69973f8) [Producer clientId=Producer-topic-a8a99784_cfba_4e72_846d_c8abd69973f8] Cluster ID: 7hmfGG3YTMCno0-sg6ieQg
2025-08-07 20:36:12,217 INFO  [org.apa.kaf.cli.pro.int.TransactionManager] (kafka-producer-network-thread | Producer-topic-a8a99784_cfba_4e72_846d_c8abd69973f8) [Producer clientId=Producer-topic-a8a99784_cfba_4e72_846d_c8abd69973f8] ProducerId set to 13 with epoch 0
2025-08-07 20:36:12,218 INFO  [DefaultSchemaResolver] (Thread-676) Retrieving schema content using string: {"type":"record","name":"sdc8ccc86x48e3x4b9dx870dx22e9d5d835f8","namespace":"ns_b701b1fd_958b_4971_9cd0_09cc368a5bb9","fields":[{"name":"key11754598966404","type":"string"},{"name":"key21754598971132","type":"string"}]}
2025-08-07 20:36:12,252 INFO  [io.api.tes.ser.api.KafkaSerdesTester] (Thread-676) Sending message {"key11754598966404": "value-1", "key21754598971132": "value-1"} to topic topic-a8a99784_cfba_4e72_846d_c8abd69973f8
2025-08-07 20:36:12,254 INFO  [io.api.tes.ser.api.KafkaSerdesTester] (Thread-676) Sending message {"key11754598966404": "value-2", "key21754598971132": "value-2"} to topic topic-a8a99784_cfba_4e72_846d_c8abd69973f8
2025-08-07 20:36:12,257 INFO  [io.api.tes.ser.api.KafkaSerdesTester] (Thread-676) Sending message {"key11754598966404": "value-3", "key21754598971132": "value-3"} to topic topic-a8a99784_cfba_4e72_846d_c8abd69973f8
2025-08-07 20:36:12,258 INFO  [io.api.tes.ser.api.KafkaSerdesTester] (Thread-676) Sending message {"key11754598966404": "value-4", "key21754598971132": "value-4"} to topic topic-a8a99784_cfba_4e72_846d_c8abd69973f8
2025-08-07 20:36:12,259 INFO  [io.api.tes.ser.api.KafkaSerdesTester] (Thread-676) Sending message {"key11754598966404": "value-5", "key21754598971132": "value-5"} to topic topic-a8a99784_cfba_4e72_846d_c8abd69973f8
2025-08-07 20:36:12,262 INFO  [io.api.tes.ser.api.KafkaSerdesTester] (Thread-676) Sending message {"key11754598966404": "value-6", "key21754598971132": "value-6"} to topic topic-a8a99784_cfba_4e72_846d_c8abd69973f8
2025-08-07 20:36:12,264 INFO  [io.api.tes.ser.api.KafkaSerdesTester] (Thread-676) Sending message {"key11754598966404": "value-7", "key21754598971132": "value-7"} to topic topic-a8a99784_cfba_4e72_846d_c8abd69973f8
2025-08-07 20:36:12,265 INFO  [io.api.tes.ser.api.KafkaSerdesTester] (Thread-676) Sending message {"key11754598966404": "value-8", "key21754598971132": "value-8"} to topic topic-a8a99784_cfba_4e72_846d_c8abd69973f8
2025-08-07 20:36:12,267 INFO  [io.api.tes.ser.api.KafkaSerdesTester] (Thread-676) Sending message {"key11754598966404": "value-9", "key21754598971132": "value-9"} to topic topic-a8a99784_cfba_4e72_846d_c8abd69973f8
2025-08-07 20:36:12,268 INFO  [io.api.tes.ser.api.KafkaSerdesTester] (Thread-676) Produced 10 messages
2025-08-07 20:36:12,268 INFO  [org.apa.kaf.cli.pro.KafkaProducer] (Thread-676) [Producer clientId=Producer-topic-a8a99784_cfba_4e72_846d_c8abd69973f8] Closing the Kafka producer with timeoutMillis = 9223372036854775807 ms.
2025-08-07 20:36:12,269 INFO  [org.apa.kaf.com.met.Metrics] (Thread-676) Metrics scheduler closed
2025-08-07 20:36:12,269 INFO  [org.apa.kaf.com.met.Metrics] (Thread-676) Closing reporter org.apache.kafka.common.metrics.JmxReporter
2025-08-07 20:36:12,269 INFO  [org.apa.kaf.com.met.Metrics] (Thread-676) Closing reporter org.apache.kafka.common.telemetry.internals.ClientTelemetryReporter
2025-08-07 20:36:12,269 INFO  [org.apa.kaf.com.met.Metrics] (Thread-676) Metrics reporters closed
2025-08-07 20:36:12,270 INFO  [org.apa.kaf.com.uti.AppInfoParser] (Thread-676) App info kafka.producer for Producer-topic-a8a99784_cfba_4e72_846d_c8abd69973f8 unregistered
**** Registry Base URL: http://registry-app-ksql043.apps.ci419.apicurio-testing.org:80
2025-08-07 20:36:12,270 INFO  [org.apa.kaf.cli.pro.ProducerConfig] (main) ProducerConfig values: 
	acks = -1
	auto.include.jmx.reporter = true
	batch.size = 16384
	bootstrap.servers = [PLAINTEXT://localhost:32769]
	buffer.memory = 33554432
	client.dns.lookup = use_all_dns_ips
	client.id = Producer-topic-a8a99784_cfba_4e72_846d_c8abd69973f8
	compression.gzip.level = -1
	compression.lz4.level = 9
	compression.type = none
	compression.zstd.level = 3
	connections.max.idle.ms = 10000
	delivery.timeout.ms = 120000
	enable.idempotence = true
	enable.metrics.push = true
	interceptor.classes = []
	key.serializer = class org.apache.kafka.common.serialization.StringSerializer
	linger.ms = 0
	max.block.ms = 60000
	max.in.flight.requests.per.connection = 5
	max.request.size = 1048576
	metadata.max.age.ms = 300000
	metadata.max.idle.ms = 300000
	metadata.recovery.strategy = none
	metric.reporters = []
	metrics.num.samples = 2
	metrics.recording.level = INFO
	metrics.sample.window.ms = 30000
	partitioner.adaptive.partitioning.enable = true
	partitioner.availability.timeout.ms = 0
	partitioner.class = null
	partitioner.ignore.keys = false
	receive.buffer.bytes = 32768
	reconnect.backoff.max.ms = 1000
	reconnect.backoff.ms = 50
	request.timeout.ms = 5000
	retries = 2147483647
	retry.backoff.max.ms = 1000
	retry.backoff.ms = 100
	sasl.client.callback.handler.class = null
	sasl.jaas.config = null
	sasl.kerberos.kinit.cmd = /usr/bin/kinit
	sasl.kerberos.min.time.before.relogin = 60000
	sasl.kerberos.service.name = null
	sasl.kerberos.ticket.renew.jitter = 0.05
	sasl.kerberos.ticket.renew.window.factor = 0.8
	sasl.login.callback.handler.class = null
	sasl.login.class = null
	sasl.login.connect.timeout.ms = null
	sasl.login.read.timeout.ms = null
	sasl.login.refresh.buffer.seconds = 300
	sasl.login.refresh.min.period.seconds = 60
	sasl.login.refresh.window.factor = 0.8
	sasl.login.refresh.window.jitter = 0.05
	sasl.login.retry.backoff.max.ms = 10000
	sasl.login.retry.backoff.ms = 100
	sasl.mechanism = GSSAPI
	sasl.oauthbearer.clock.skew.seconds = 30
	sasl.oauthbearer.expected.audience = null
	sasl.oauthbearer.expected.issuer = null
	sasl.oauthbearer.header.urlencode = false
	sasl.oauthbearer.jwks.endpoint.refresh.ms = 3600000
	sasl.oauthbearer.jwks.endpoint.retry.backoff.max.ms = 10000
	sasl.oauthbearer.jwks.endpoint.retry.backoff.ms = 100
	sasl.oauthbearer.jwks.endpoint.url = null
	sasl.oauthbearer.scope.claim.name = scope
	sasl.oauthbearer.sub.claim.name = sub
	sasl.oauthbearer.token.endpoint.url = null
	security.protocol = PLAINTEXT
	security.providers = null
	send.buffer.bytes = 131072
	socket.connection.setup.timeout.max.ms = 30000
	socket.connection.setup.timeout.ms = 10000
	ssl.cipher.suites = null
	ssl.enabled.protocols = [TLSv1.2, TLSv1.3]
	ssl.endpoint.identification.algorithm = https
	ssl.engine.factory.class = null
	ssl.key.password = null
	ssl.keymanager.algorithm = SunX509
	ssl.keystore.certificate.chain = null
	ssl.keystore.key = null
	ssl.keystore.location = null
	ssl.keystore.password = null
	ssl.keystore.type = JKS
	ssl.protocol = TLSv1.3
	ssl.provider = null
	ssl.secure.random.implementation = null
	ssl.trustmanager.algorithm = PKIX
	ssl.truststore.certificates = null
	ssl.truststore.location = null
	ssl.truststore.password = null
	ssl.truststore.type = JKS
	transaction.timeout.ms = 60000
	transactional.id = null
	value.serializer = class io.apicurio.registry.serde.avro.AvroKafkaSerializer

2025-08-07 20:36:12,271 INFO  [org.apa.kaf.com.tel.int.KafkaMetricsCollector] (main) initializing Kafka metrics collector
2025-08-07 20:36:12,274 INFO  [org.apa.kaf.cli.pro.KafkaProducer] (main) [Producer clientId=Producer-topic-a8a99784_cfba_4e72_846d_c8abd69973f8] Instantiated an idempotent producer.
2025-08-07 20:36:12,276 INFO  [org.apa.kaf.cli.pro.ProducerConfig] (main) These configurations '[apicurio.registry.url, apicurio.registry.artifact-resolver-strategy]' were supplied but are not used yet.
2025-08-07 20:36:12,276 INFO  [org.apa.kaf.com.uti.AppInfoParser] (main) Kafka version: 3.9.1
2025-08-07 20:36:12,276 INFO  [org.apa.kaf.com.uti.AppInfoParser] (main) Kafka commitId: f745dfdcee2b9851
2025-08-07 20:36:12,277 INFO  [org.apa.kaf.com.uti.AppInfoParser] (main) Kafka startTimeMs: 1754598972276
2025-08-07 20:36:12,278 INFO  [io.api.tes.ser.api.KafkaSerdesTester] (Thread-679) Sending message {"key11754598966404": "value-0"} to topic topic-a8a99784_cfba_4e72_846d_c8abd69973f8
2025-08-07 20:36:12,281 INFO  [org.apa.kaf.cli.Metadata] (kafka-producer-network-thread | Producer-topic-a8a99784_cfba_4e72_846d_c8abd69973f8) [Producer clientId=Producer-topic-a8a99784_cfba_4e72_846d_c8abd69973f8] Cluster ID: 7hmfGG3YTMCno0-sg6ieQg
2025-08-07 20:36:12,281 INFO  [DefaultSchemaResolver] (Thread-679) Retrieving schema content using string: {"type":"record","name":"sdc8ccc86x48e3x4b9dx870dx22e9d5d835f8","namespace":"ns_b701b1fd_958b_4971_9cd0_09cc368a5bb9","fields":[{"name":"key11754598966404","type":"string"}]}
2025-08-07 20:36:12,282 INFO  [org.apa.kaf.cli.pro.int.TransactionManager] (kafka-producer-network-thread | Producer-topic-a8a99784_cfba_4e72_846d_c8abd69973f8) [Producer clientId=Producer-topic-a8a99784_cfba_4e72_846d_c8abd69973f8] ProducerId set to 14 with epoch 0
2025-08-07 20:36:12,310 INFO  [io.api.tes.ser.api.KafkaSerdesTester] (Thread-679) Sending message {"key11754598966404": "value-1"} to topic topic-a8a99784_cfba_4e72_846d_c8abd69973f8
2025-08-07 20:36:12,311 INFO  [io.api.tes.ser.api.KafkaSerdesTester] (Thread-679) Sending message {"key11754598966404": "value-2"} to topic topic-a8a99784_cfba_4e72_846d_c8abd69973f8
2025-08-07 20:36:12,312 INFO  [io.api.tes.ser.api.KafkaSerdesTester] (Thread-679) Sending message {"key11754598966404": "value-3"} to topic topic-a8a99784_cfba_4e72_846d_c8abd69973f8
2025-08-07 20:36:12,314 INFO  [io.api.tes.ser.api.KafkaSerdesTester] (Thread-679) Sending message {"key11754598966404": "value-4"} to topic topic-a8a99784_cfba_4e72_846d_c8abd69973f8
2025-08-07 20:36:12,315 INFO  [io.api.tes.ser.api.KafkaSerdesTester] (Thread-679) Sending message {"key11754598966404": "value-5"} to topic topic-a8a99784_cfba_4e72_846d_c8abd69973f8
2025-08-07 20:36:12,316 INFO  [io.api.tes.ser.api.KafkaSerdesTester] (Thread-679) Sending message {"key11754598966404": "value-6"} to topic topic-a8a99784_cfba_4e72_846d_c8abd69973f8
2025-08-07 20:36:12,317 INFO  [io.api.tes.ser.api.KafkaSerdesTester] (Thread-679) Sending message {"key11754598966404": "value-7"} to topic topic-a8a99784_cfba_4e72_846d_c8abd69973f8
2025-08-07 20:36:12,319 INFO  [io.api.tes.ser.api.KafkaSerdesTester] (Thread-679) Sending message {"key11754598966404": "value-8"} to topic topic-a8a99784_cfba_4e72_846d_c8abd69973f8
2025-08-07 20:36:12,320 INFO  [io.api.tes.ser.api.KafkaSerdesTester] (Thread-679) Sending message {"key11754598966404": "value-9"} to topic topic-a8a99784_cfba_4e72_846d_c8abd69973f8
2025-08-07 20:36:12,322 INFO  [io.api.tes.ser.api.KafkaSerdesTester] (Thread-679) Produced 10 messages
2025-08-07 20:36:12,322 INFO  [org.apa.kaf.cli.pro.KafkaProducer] (Thread-679) [Producer clientId=Producer-topic-a8a99784_cfba_4e72_846d_c8abd69973f8] Closing the Kafka producer with timeoutMillis = 9223372036854775807 ms.
2025-08-07 20:36:12,325 INFO  [org.apa.kaf.com.met.Metrics] (Thread-679) Metrics scheduler closed
2025-08-07 20:36:12,325 INFO  [org.apa.kaf.com.met.Metrics] (Thread-679) Closing reporter org.apache.kafka.common.metrics.JmxReporter
2025-08-07 20:36:12,325 INFO  [org.apa.kaf.com.met.Metrics] (Thread-679) Closing reporter org.apache.kafka.common.telemetry.internals.ClientTelemetryReporter
2025-08-07 20:36:12,325 INFO  [org.apa.kaf.com.met.Metrics] (Thread-679) Metrics reporters closed
2025-08-07 20:36:12,325 INFO  [org.apa.kaf.com.uti.AppInfoParser] (Thread-679) App info kafka.producer for Producer-topic-a8a99784_cfba_4e72_846d_c8abd69973f8 unregistered
**** Registry Base URL: http://registry-app-ksql043.apps.ci419.apicurio-testing.org:80
2025-08-07 20:36:12,326 INFO  [org.apa.kaf.cli.con.ConsumerConfig] (main) ConsumerConfig values: 
	allow.auto.create.topics = true
	auto.commit.interval.ms = 500
	auto.include.jmx.reporter = true
	auto.offset.reset = earliest
	bootstrap.servers = [PLAINTEXT://localhost:32769]
	check.crcs = true
	client.dns.lookup = use_all_dns_ips
	client.id = consumer-Consumer-topic-a8a99784_cfba_4e72_846d_c8abd69973f8-11
	client.rack = 
	connections.max.idle.ms = 10000
	default.api.timeout.ms = 60000
	enable.auto.commit = true
	enable.metrics.push = true
	exclude.internal.topics = true
	fetch.max.bytes = 52428800
	fetch.max.wait.ms = 500
	fetch.min.bytes = 1
	group.id = Consumer-topic-a8a99784_cfba_4e72_846d_c8abd69973f8
	group.instance.id = null
	group.protocol = classic
	group.remote.assignor = null
	heartbeat.interval.ms = 3000
	interceptor.classes = []
	internal.leave.group.on.close = true
	internal.throw.on.fetch.stable.offset.unsupported = false
	isolation.level = read_uncommitted
	key.deserializer = class org.apache.kafka.common.serialization.StringDeserializer
	max.partition.fetch.bytes = 1048576
	max.poll.interval.ms = 300000
	max.poll.records = 500
	metadata.max.age.ms = 300000
	metadata.recovery.strategy = none
	metric.reporters = []
	metrics.num.samples = 2
	metrics.recording.level = INFO
	metrics.sample.window.ms = 30000
	partition.assignment.strategy = [class org.apache.kafka.clients.consumer.RangeAssignor, class org.apache.kafka.clients.consumer.CooperativeStickyAssignor]
	receive.buffer.bytes = 65536
	reconnect.backoff.max.ms = 1000
	reconnect.backoff.ms = 50
	request.timeout.ms = 5000
	retry.backoff.max.ms = 1000
	retry.backoff.ms = 100
	sasl.client.callback.handler.class = null
	sasl.jaas.config = null
	sasl.kerberos.kinit.cmd = /usr/bin/kinit
	sasl.kerberos.min.time.before.relogin = 60000
	sasl.kerberos.service.name = null
	sasl.kerberos.ticket.renew.jitter = 0.05
	sasl.kerberos.ticket.renew.window.factor = 0.8
	sasl.login.callback.handler.class = null
	sasl.login.class = null
	sasl.login.connect.timeout.ms = null
	sasl.login.read.timeout.ms = null
	sasl.login.refresh.buffer.seconds = 300
	sasl.login.refresh.min.period.seconds = 60
	sasl.login.refresh.window.factor = 0.8
	sasl.login.refresh.window.jitter = 0.05
	sasl.login.retry.backoff.max.ms = 10000
	sasl.login.retry.backoff.ms = 100
	sasl.mechanism = GSSAPI
	sasl.oauthbearer.clock.skew.seconds = 30
	sasl.oauthbearer.expected.audience = null
	sasl.oauthbearer.expected.issuer = null
	sasl.oauthbearer.header.urlencode = false
	sasl.oauthbearer.jwks.endpoint.refresh.ms = 3600000
	sasl.oauthbearer.jwks.endpoint.retry.backoff.max.ms = 10000
	sasl.oauthbearer.jwks.endpoint.retry.backoff.ms = 100
	sasl.oauthbearer.jwks.endpoint.url = null
	sasl.oauthbearer.scope.claim.name = scope
	sasl.oauthbearer.sub.claim.name = sub
	sasl.oauthbearer.token.endpoint.url = null
	security.protocol = PLAINTEXT
	security.providers = null
	send.buffer.bytes = 131072
	session.timeout.ms = 45000
	socket.connection.setup.timeout.max.ms = 30000
	socket.connection.setup.timeout.ms = 10000
	ssl.cipher.suites = null
	ssl.enabled.protocols = [TLSv1.2, TLSv1.3]
	ssl.endpoint.identification.algorithm = https
	ssl.engine.factory.class = null
	ssl.key.password = null
	ssl.keymanager.algorithm = SunX509
	ssl.keystore.certificate.chain = null
	ssl.keystore.key = null
	ssl.keystore.location = null
	ssl.keystore.password = null
	ssl.keystore.type = JKS
	ssl.protocol = TLSv1.3
	ssl.provider = null
	ssl.secure.random.implementation = null
	ssl.trustmanager.algorithm = PKIX
	ssl.truststore.certificates = null
	ssl.truststore.location = null
	ssl.truststore.password = null
	ssl.truststore.type = JKS
	value.deserializer = class io.apicurio.registry.serde.avro.AvroKafkaDeserializer

2025-08-07 20:36:12,326 INFO  [org.apa.kaf.com.tel.int.KafkaMetricsCollector] (main) initializing Kafka metrics collector
2025-08-07 20:36:12,335 INFO  [org.apa.kaf.cli.con.ConsumerConfig] (main) These configurations '[apicurio.registry.url]' were supplied but are not used yet.
2025-08-07 20:36:12,335 INFO  [org.apa.kaf.com.uti.AppInfoParser] (main) Kafka version: 3.9.1
2025-08-07 20:36:12,335 INFO  [org.apa.kaf.com.uti.AppInfoParser] (main) Kafka commitId: f745dfdcee2b9851
2025-08-07 20:36:12,335 INFO  [org.apa.kaf.com.uti.AppInfoParser] (main) Kafka startTimeMs: 1754598972335
2025-08-07 20:36:12,335 INFO  [org.apa.kaf.cli.con.int.ClassicKafkaConsumer] (Thread-682) [Consumer clientId=consumer-Consumer-topic-a8a99784_cfba_4e72_846d_c8abd69973f8-11, groupId=Consumer-topic-a8a99784_cfba_4e72_846d_c8abd69973f8] Subscribed to topic(s): topic-a8a99784_cfba_4e72_846d_c8abd69973f8
2025-08-07 20:36:12,341 INFO  [org.apa.kaf.cli.Metadata] (Thread-682) [Consumer clientId=consumer-Consumer-topic-a8a99784_cfba_4e72_846d_c8abd69973f8-11, groupId=Consumer-topic-a8a99784_cfba_4e72_846d_c8abd69973f8] Cluster ID: 7hmfGG3YTMCno0-sg6ieQg
2025-08-07 20:36:12,347 INFO  [org.apa.kaf.cli.con.int.ConsumerCoordinator] (Thread-682) [Consumer clientId=consumer-Consumer-topic-a8a99784_cfba_4e72_846d_c8abd69973f8-11, groupId=Consumer-topic-a8a99784_cfba_4e72_846d_c8abd69973f8] Discovered group coordinator localhost:32769 (id: 2147483647 rack: null)
2025-08-07 20:36:12,349 INFO  [org.apa.kaf.cli.con.int.ConsumerCoordinator] (Thread-682) [Consumer clientId=consumer-Consumer-topic-a8a99784_cfba_4e72_846d_c8abd69973f8-11, groupId=Consumer-topic-a8a99784_cfba_4e72_846d_c8abd69973f8] (Re-)joining group
2025-08-07 20:36:12,352 INFO  [org.apa.kaf.cli.con.int.ConsumerCoordinator] (Thread-682) [Consumer clientId=consumer-Consumer-topic-a8a99784_cfba_4e72_846d_c8abd69973f8-11, groupId=Consumer-topic-a8a99784_cfba_4e72_846d_c8abd69973f8] Request joining group due to: need to re-join with the given member-id: consumer-Consumer-topic-a8a99784_cfba_4e72_846d_c8abd69973f8-11-6dfa5a3b-bc14-4ca3-94e4-0eec3f583273
2025-08-07 20:36:12,352 INFO  [org.apa.kaf.cli.con.int.ConsumerCoordinator] (Thread-682) [Consumer clientId=consumer-Consumer-topic-a8a99784_cfba_4e72_846d_c8abd69973f8-11, groupId=Consumer-topic-a8a99784_cfba_4e72_846d_c8abd69973f8] (Re-)joining group
2025-08-07 20:36:13,336 INFO  [io.api.tes.ser.api.KafkaSerdesTester] (Thread-682) None found
2025-08-07 20:36:14,337 INFO  [io.api.tes.ser.api.KafkaSerdesTester] (Thread-682) None found
2025-08-07 20:36:15,337 INFO  [io.api.tes.ser.api.KafkaSerdesTester] (Thread-682) None found
2025-08-07 20:36:15,355 INFO  [org.apa.kaf.cli.con.int.ConsumerCoordinator] (Thread-682) [Consumer clientId=consumer-Consumer-topic-a8a99784_cfba_4e72_846d_c8abd69973f8-11, groupId=Consumer-topic-a8a99784_cfba_4e72_846d_c8abd69973f8] Successfully joined group with generation Generation{generationId=3, memberId='consumer-Consumer-topic-a8a99784_cfba_4e72_846d_c8abd69973f8-11-6dfa5a3b-bc14-4ca3-94e4-0eec3f583273', protocol='range'}
2025-08-07 20:36:15,355 INFO  [org.apa.kaf.cli.con.int.ConsumerCoordinator] (Thread-682) [Consumer clientId=consumer-Consumer-topic-a8a99784_cfba_4e72_846d_c8abd69973f8-11, groupId=Consumer-topic-a8a99784_cfba_4e72_846d_c8abd69973f8] Finished assignment for group at generation 3: {consumer-Consumer-topic-a8a99784_cfba_4e72_846d_c8abd69973f8-11-6dfa5a3b-bc14-4ca3-94e4-0eec3f583273=Assignment(partitions=[topic-a8a99784_cfba_4e72_846d_c8abd69973f8-0])}
2025-08-07 20:36:15,363 INFO  [org.apa.kaf.cli.con.int.ConsumerCoordinator] (Thread-682) [Consumer clientId=consumer-Consumer-topic-a8a99784_cfba_4e72_846d_c8abd69973f8-11, groupId=Consumer-topic-a8a99784_cfba_4e72_846d_c8abd69973f8] Successfully synced group in generation Generation{generationId=3, memberId='consumer-Consumer-topic-a8a99784_cfba_4e72_846d_c8abd69973f8-11-6dfa5a3b-bc14-4ca3-94e4-0eec3f583273', protocol='range'}
2025-08-07 20:36:15,363 INFO  [org.apa.kaf.cli.con.int.ConsumerCoordinator] (Thread-682) [Consumer clientId=consumer-Consumer-topic-a8a99784_cfba_4e72_846d_c8abd69973f8-11, groupId=Consumer-topic-a8a99784_cfba_4e72_846d_c8abd69973f8] Notifying assignor about the new Assignment(partitions=[topic-a8a99784_cfba_4e72_846d_c8abd69973f8-0])
2025-08-07 20:36:15,363 INFO  [org.apa.kaf.cli.con.int.ConsumerRebalanceListenerInvoker] (Thread-682) [Consumer clientId=consumer-Consumer-topic-a8a99784_cfba_4e72_846d_c8abd69973f8-11, groupId=Consumer-topic-a8a99784_cfba_4e72_846d_c8abd69973f8] Adding newly assigned partitions: topic-a8a99784_cfba_4e72_846d_c8abd69973f8-0
2025-08-07 20:36:15,365 INFO  [org.apa.kaf.cli.con.int.ConsumerUtils] (Thread-682) Setting offset for partition topic-a8a99784_cfba_4e72_846d_c8abd69973f8-0 to the committed offset FetchPosition{offset=10, offsetEpoch=Optional[0], currentLeader=LeaderAndEpoch{leader=Optional[localhost:32769 (id: 0 rack: null)], epoch=0}}
2025-08-07 20:36:15,436 INFO  [io.api.tes.ser.api.KafkaSerdesTester] (Thread-682) topic-a8a99784_cfba_4e72_846d_c8abd69973f8 0 10 {"key11754598966404": "value-0", "key21754598971132": "value-0"}
2025-08-07 20:36:15,436 INFO  [io.api.tes.ser.api.KafkaSerdesTester] (Thread-682) topic-a8a99784_cfba_4e72_846d_c8abd69973f8 0 11 {"key11754598966404": "value-1", "key21754598971132": "value-1"}
2025-08-07 20:36:15,436 INFO  [io.api.tes.ser.api.KafkaSerdesTester] (Thread-682) topic-a8a99784_cfba_4e72_846d_c8abd69973f8 0 12 {"key11754598966404": "value-2", "key21754598971132": "value-2"}
2025-08-07 20:36:15,436 INFO  [io.api.tes.ser.api.KafkaSerdesTester] (Thread-682) topic-a8a99784_cfba_4e72_846d_c8abd69973f8 0 13 {"key11754598966404": "value-3", "key21754598971132": "value-3"}
2025-08-07 20:36:15,436 INFO  [io.api.tes.ser.api.KafkaSerdesTester] (Thread-682) topic-a8a99784_cfba_4e72_846d_c8abd69973f8 0 14 {"key11754598966404": "value-4", "key21754598971132": "value-4"}
2025-08-07 20:36:15,436 INFO  [io.api.tes.ser.api.KafkaSerdesTester] (Thread-682) topic-a8a99784_cfba_4e72_846d_c8abd69973f8 0 15 {"key11754598966404": "value-5", "key21754598971132": "value-5"}
2025-08-07 20:36:15,436 INFO  [io.api.tes.ser.api.KafkaSerdesTester] (Thread-682) topic-a8a99784_cfba_4e72_846d_c8abd69973f8 0 16 {"key11754598966404": "value-6", "key21754598971132": "value-6"}
2025-08-07 20:36:15,436 INFO  [io.api.tes.ser.api.KafkaSerdesTester] (Thread-682) topic-a8a99784_cfba_4e72_846d_c8abd69973f8 0 17 {"key11754598966404": "value-7", "key21754598971132": "value-7"}
2025-08-07 20:36:15,436 INFO  [io.api.tes.ser.api.KafkaSerdesTester] (Thread-682) topic-a8a99784_cfba_4e72_846d_c8abd69973f8 0 18 {"key11754598966404": "value-8", "key21754598971132": "value-8"}
2025-08-07 20:36:15,436 INFO  [io.api.tes.ser.api.KafkaSerdesTester] (Thread-682) topic-a8a99784_cfba_4e72_846d_c8abd69973f8 0 19 {"key11754598966404": "value-9", "key21754598971132": "value-9"}
2025-08-07 20:36:15,436 INFO  [io.api.tes.ser.api.KafkaSerdesTester] (Thread-682) topic-a8a99784_cfba_4e72_846d_c8abd69973f8 0 20 {"key11754598966404": "value-0"}
2025-08-07 20:36:15,436 INFO  [io.api.tes.ser.api.KafkaSerdesTester] (Thread-682) topic-a8a99784_cfba_4e72_846d_c8abd69973f8 0 21 {"key11754598966404": "value-1"}
2025-08-07 20:36:15,436 INFO  [io.api.tes.ser.api.KafkaSerdesTester] (Thread-682) topic-a8a99784_cfba_4e72_846d_c8abd69973f8 0 22 {"key11754598966404": "value-2"}
2025-08-07 20:36:15,436 INFO  [io.api.tes.ser.api.KafkaSerdesTester] (Thread-682) topic-a8a99784_cfba_4e72_846d_c8abd69973f8 0 23 {"key11754598966404": "value-3"}
2025-08-07 20:36:15,436 INFO  [io.api.tes.ser.api.KafkaSerdesTester] (Thread-682) topic-a8a99784_cfba_4e72_846d_c8abd69973f8 0 24 {"key11754598966404": "value-4"}
2025-08-07 20:36:15,436 INFO  [io.api.tes.ser.api.KafkaSerdesTester] (Thread-682) topic-a8a99784_cfba_4e72_846d_c8abd69973f8 0 25 {"key11754598966404": "value-5"}
2025-08-07 20:36:15,436 INFO  [io.api.tes.ser.api.KafkaSerdesTester] (Thread-682) topic-a8a99784_cfba_4e72_846d_c8abd69973f8 0 26 {"key11754598966404": "value-6"}
2025-08-07 20:36:15,437 INFO  [io.api.tes.ser.api.KafkaSerdesTester] (Thread-682) topic-a8a99784_cfba_4e72_846d_c8abd69973f8 0 27 {"key11754598966404": "value-7"}
2025-08-07 20:36:15,437 INFO  [io.api.tes.ser.api.KafkaSerdesTester] (Thread-682) topic-a8a99784_cfba_4e72_846d_c8abd69973f8 0 28 {"key11754598966404": "value-8"}
2025-08-07 20:36:15,437 INFO  [io.api.tes.ser.api.KafkaSerdesTester] (Thread-682) topic-a8a99784_cfba_4e72_846d_c8abd69973f8 0 29 {"key11754598966404": "value-9"}
2025-08-07 20:36:15,437 INFO  [io.api.tes.ser.api.KafkaSerdesTester] (Thread-682) Consumed 20 messages
2025-08-07 20:36:15,444 INFO  [org.apa.kaf.cli.con.int.ConsumerRebalanceListenerInvoker] (Thread-682) [Consumer clientId=consumer-Consumer-topic-a8a99784_cfba_4e72_846d_c8abd69973f8-11, groupId=Consumer-topic-a8a99784_cfba_4e72_846d_c8abd69973f8] Revoke previously assigned partitions topic-a8a99784_cfba_4e72_846d_c8abd69973f8-0
2025-08-07 20:36:15,444 INFO  [org.apa.kaf.cli.con.int.ConsumerCoordinator] (Thread-682) [Consumer clientId=consumer-Consumer-topic-a8a99784_cfba_4e72_846d_c8abd69973f8-11, groupId=Consumer-topic-a8a99784_cfba_4e72_846d_c8abd69973f8] Member consumer-Consumer-topic-a8a99784_cfba_4e72_846d_c8abd69973f8-11-6dfa5a3b-bc14-4ca3-94e4-0eec3f583273 sending LeaveGroup request to coordinator localhost:32769 (id: 2147483647 rack: null) due to the consumer is being closed
2025-08-07 20:36:15,444 INFO  [org.apa.kaf.cli.con.int.ConsumerCoordinator] (Thread-682) [Consumer clientId=consumer-Consumer-topic-a8a99784_cfba_4e72_846d_c8abd69973f8-11, groupId=Consumer-topic-a8a99784_cfba_4e72_846d_c8abd69973f8] Resetting generation and member id due to: consumer pro-actively leaving the group
2025-08-07 20:36:15,444 INFO  [org.apa.kaf.cli.con.int.ConsumerCoordinator] (Thread-682) [Consumer clientId=consumer-Consumer-topic-a8a99784_cfba_4e72_846d_c8abd69973f8-11, groupId=Consumer-topic-a8a99784_cfba_4e72_846d_c8abd69973f8] Request joining group due to: consumer pro-actively leaving the group
2025-08-07 20:36:15,939 INFO  [org.apa.kaf.com.met.Metrics] (Thread-682) Metrics scheduler closed
2025-08-07 20:36:15,939 INFO  [org.apa.kaf.com.met.Metrics] (Thread-682) Closing reporter org.apache.kafka.common.metrics.JmxReporter
2025-08-07 20:36:15,940 INFO  [org.apa.kaf.com.met.Metrics] (Thread-682) Closing reporter org.apache.kafka.common.telemetry.internals.ClientTelemetryReporter
2025-08-07 20:36:15,940 INFO  [org.apa.kaf.com.met.Metrics] (Thread-682) Metrics reporters closed
2025-08-07 20:36:15,943 INFO  [org.apa.kaf.com.uti.AppInfoParser] (Thread-682) App info kafka.consumer for consumer-Consumer-topic-a8a99784_cfba_4e72_846d_c8abd69973f8-11 unregistered
2025-08-07 20:36:15,944 INFO  [io.api.tes.ser.api.AvroSerdeIT] (main) Registering Avro Schema 3: {"type":"record","name":"sdc8ccc86x48e3x4b9dx870dx22e9d5d835f8","namespace":"ns_b701b1fd_958b_4971_9cd0_09cc368a5bb9","fields":[{"name":"key11754598966404","type":"string"},{"name":"key21754598971132","type":"string"},{"name":"key31754598975943","type":"string"}]}
**** Registry Base URL: http://registry-app-ksql043.apps.ci419.apicurio-testing.org:80
2025-08-07 20:36:17,016 INFO  [org.apa.kaf.cli.pro.ProducerConfig] (main) ProducerConfig values: 
	acks = -1
	auto.include.jmx.reporter = true
	batch.size = 16384
	bootstrap.servers = [PLAINTEXT://localhost:32769]
	buffer.memory = 33554432
	client.dns.lookup = use_all_dns_ips
	client.id = Producer-topic-a8a99784_cfba_4e72_846d_c8abd69973f8
	compression.gzip.level = -1
	compression.lz4.level = 9
	compression.type = none
	compression.zstd.level = 3
	connections.max.idle.ms = 10000
	delivery.timeout.ms = 120000
	enable.idempotence = true
	enable.metrics.push = true
	interceptor.classes = []
	key.serializer = class org.apache.kafka.common.serialization.StringSerializer
	linger.ms = 0
	max.block.ms = 60000
	max.in.flight.requests.per.connection = 5
	max.request.size = 1048576
	metadata.max.age.ms = 300000
	metadata.max.idle.ms = 300000
	metadata.recovery.strategy = none
	metric.reporters = []
	metrics.num.samples = 2
	metrics.recording.level = INFO
	metrics.sample.window.ms = 30000
	partitioner.adaptive.partitioning.enable = true
	partitioner.availability.timeout.ms = 0
	partitioner.class = null
	partitioner.ignore.keys = false
	receive.buffer.bytes = 32768
	reconnect.backoff.max.ms = 1000
	reconnect.backoff.ms = 50
	request.timeout.ms = 5000
	retries = 2147483647
	retry.backoff.max.ms = 1000
	retry.backoff.ms = 100
	sasl.client.callback.handler.class = null
	sasl.jaas.config = null
	sasl.kerberos.kinit.cmd = /usr/bin/kinit
	sasl.kerberos.min.time.before.relogin = 60000
	sasl.kerberos.service.name = null
	sasl.kerberos.ticket.renew.jitter = 0.05
	sasl.kerberos.ticket.renew.window.factor = 0.8
	sasl.login.callback.handler.class = null
	sasl.login.class = null
	sasl.login.connect.timeout.ms = null
	sasl.login.read.timeout.ms = null
	sasl.login.refresh.buffer.seconds = 300
	sasl.login.refresh.min.period.seconds = 60
	sasl.login.refresh.window.factor = 0.8
	sasl.login.refresh.window.jitter = 0.05
	sasl.login.retry.backoff.max.ms = 10000
	sasl.login.retry.backoff.ms = 100
	sasl.mechanism = GSSAPI
	sasl.oauthbearer.clock.skew.seconds = 30
	sasl.oauthbearer.expected.audience = null
	sasl.oauthbearer.expected.issuer = null
	sasl.oauthbearer.header.urlencode = false
	sasl.oauthbearer.jwks.endpoint.refresh.ms = 3600000
	sasl.oauthbearer.jwks.endpoint.retry.backoff.max.ms = 10000
	sasl.oauthbearer.jwks.endpoint.retry.backoff.ms = 100
	sasl.oauthbearer.jwks.endpoint.url = null
	sasl.oauthbearer.scope.claim.name = scope
	sasl.oauthbearer.sub.claim.name = sub
	sasl.oauthbearer.token.endpoint.url = null
	security.protocol = PLAINTEXT
	security.providers = null
	send.buffer.bytes = 131072
	socket.connection.setup.timeout.max.ms = 30000
	socket.connection.setup.timeout.ms = 10000
	ssl.cipher.suites = null
	ssl.enabled.protocols = [TLSv1.2, TLSv1.3]
	ssl.endpoint.identification.algorithm = https
	ssl.engine.factory.class = null
	ssl.key.password = null
	ssl.keymanager.algorithm = SunX509
	ssl.keystore.certificate.chain = null
	ssl.keystore.key = null
	ssl.keystore.location = null
	ssl.keystore.password = null
	ssl.keystore.type = JKS
	ssl.protocol = TLSv1.3
	ssl.provider = null
	ssl.secure.random.implementation = null
	ssl.trustmanager.algorithm = PKIX
	ssl.truststore.certificates = null
	ssl.truststore.location = null
	ssl.truststore.password = null
	ssl.truststore.type = JKS
	transaction.timeout.ms = 60000
	transactional.id = null
	value.serializer = class io.apicurio.registry.serde.avro.AvroKafkaSerializer

2025-08-07 20:36:17,016 INFO  [org.apa.kaf.com.tel.int.KafkaMetricsCollector] (main) initializing Kafka metrics collector
2025-08-07 20:36:17,020 INFO  [org.apa.kaf.cli.pro.KafkaProducer] (main) [Producer clientId=Producer-topic-a8a99784_cfba_4e72_846d_c8abd69973f8] Instantiated an idempotent producer.
2025-08-07 20:36:17,022 INFO  [org.apa.kaf.cli.pro.ProducerConfig] (main) These configurations '[apicurio.registry.url, apicurio.registry.artifact-resolver-strategy]' were supplied but are not used yet.
2025-08-07 20:36:17,022 INFO  [org.apa.kaf.com.uti.AppInfoParser] (main) Kafka version: 3.9.1
2025-08-07 20:36:17,022 INFO  [org.apa.kaf.com.uti.AppInfoParser] (main) Kafka commitId: f745dfdcee2b9851
2025-08-07 20:36:17,022 INFO  [org.apa.kaf.com.uti.AppInfoParser] (main) Kafka startTimeMs: 1754598977022
2025-08-07 20:36:17,026 INFO  [org.apa.kaf.cli.Metadata] (kafka-producer-network-thread | Producer-topic-a8a99784_cfba_4e72_846d_c8abd69973f8) [Producer clientId=Producer-topic-a8a99784_cfba_4e72_846d_c8abd69973f8] Cluster ID: 7hmfGG3YTMCno0-sg6ieQg
2025-08-07 20:36:17,026 INFO  [io.api.tes.ser.api.KafkaSerdesTester] (Thread-685) Sending message {"key11754598966404": "value-0", "key21754598971132": "value-0", "key31754598975943": "value-0"} to topic topic-a8a99784_cfba_4e72_846d_c8abd69973f8
2025-08-07 20:36:17,027 INFO  [org.apa.kaf.cli.pro.int.TransactionManager] (kafka-producer-network-thread | Producer-topic-a8a99784_cfba_4e72_846d_c8abd69973f8) [Producer clientId=Producer-topic-a8a99784_cfba_4e72_846d_c8abd69973f8] ProducerId set to 15 with epoch 0
2025-08-07 20:36:17,032 INFO  [DefaultSchemaResolver] (Thread-685) Retrieving schema content using string: {"type":"record","name":"sdc8ccc86x48e3x4b9dx870dx22e9d5d835f8","namespace":"ns_b701b1fd_958b_4971_9cd0_09cc368a5bb9","fields":[{"name":"key11754598966404","type":"string"},{"name":"key21754598971132","type":"string"},{"name":"key31754598975943","type":"string"}]}
2025-08-07 20:36:17,060 INFO  [io.api.tes.ser.api.KafkaSerdesTester] (Thread-685) Sending message {"key11754598966404": "value-1", "key21754598971132": "value-1", "key31754598975943": "value-1"} to topic topic-a8a99784_cfba_4e72_846d_c8abd69973f8
2025-08-07 20:36:17,062 INFO  [io.api.tes.ser.api.KafkaSerdesTester] (Thread-685) Sending message {"key11754598966404": "value-2", "key21754598971132": "value-2", "key31754598975943": "value-2"} to topic topic-a8a99784_cfba_4e72_846d_c8abd69973f8
2025-08-07 20:36:17,063 INFO  [io.api.tes.ser.api.KafkaSerdesTester] (Thread-685) Sending message {"key11754598966404": "value-3", "key21754598971132": "value-3", "key31754598975943": "value-3"} to topic topic-a8a99784_cfba_4e72_846d_c8abd69973f8
2025-08-07 20:36:17,064 INFO  [io.api.tes.ser.api.KafkaSerdesTester] (Thread-685) Sending message {"key11754598966404": "value-4", "key21754598971132": "value-4", "key31754598975943": "value-4"} to topic topic-a8a99784_cfba_4e72_846d_c8abd69973f8
2025-08-07 20:36:17,065 INFO  [io.api.tes.ser.api.KafkaSerdesTester] (Thread-685) Sending message {"key11754598966404": "value-5", "key21754598971132": "value-5", "key31754598975943": "value-5"} to topic topic-a8a99784_cfba_4e72_846d_c8abd69973f8
2025-08-07 20:36:17,068 INFO  [io.api.tes.ser.api.KafkaSerdesTester] (Thread-685) Sending message {"key11754598966404": "value-6", "key21754598971132": "value-6", "key31754598975943": "value-6"} to topic topic-a8a99784_cfba_4e72_846d_c8abd69973f8
2025-08-07 20:36:17,069 INFO  [io.api.tes.ser.api.KafkaSerdesTester] (Thread-685) Sending message {"key11754598966404": "value-7", "key21754598971132": "value-7", "key31754598975943": "value-7"} to topic topic-a8a99784_cfba_4e72_846d_c8abd69973f8
2025-08-07 20:36:17,071 INFO  [io.api.tes.ser.api.KafkaSerdesTester] (Thread-685) Sending message {"key11754598966404": "value-8", "key21754598971132": "value-8", "key31754598975943": "value-8"} to topic topic-a8a99784_cfba_4e72_846d_c8abd69973f8
2025-08-07 20:36:17,073 INFO  [io.api.tes.ser.api.KafkaSerdesTester] (Thread-685) Sending message {"key11754598966404": "value-9", "key21754598971132": "value-9", "key31754598975943": "value-9"} to topic topic-a8a99784_cfba_4e72_846d_c8abd69973f8
2025-08-07 20:36:17,074 INFO  [io.api.tes.ser.api.KafkaSerdesTester] (Thread-685) Produced 10 messages
2025-08-07 20:36:17,074 INFO  [org.apa.kaf.cli.pro.KafkaProducer] (Thread-685) [Producer clientId=Producer-topic-a8a99784_cfba_4e72_846d_c8abd69973f8] Closing the Kafka producer with timeoutMillis = 9223372036854775807 ms.
2025-08-07 20:36:17,077 INFO  [org.apa.kaf.com.met.Metrics] (Thread-685) Metrics scheduler closed
2025-08-07 20:36:17,077 INFO  [org.apa.kaf.com.met.Metrics] (Thread-685) Closing reporter org.apache.kafka.common.metrics.JmxReporter
2025-08-07 20:36:17,077 INFO  [org.apa.kaf.com.met.Metrics] (Thread-685) Closing reporter org.apache.kafka.common.telemetry.internals.ClientTelemetryReporter
2025-08-07 20:36:17,077 INFO  [org.apa.kaf.com.met.Metrics] (Thread-685) Metrics reporters closed
2025-08-07 20:36:17,078 INFO  [org.apa.kaf.com.uti.AppInfoParser] (Thread-685) App info kafka.producer for Producer-topic-a8a99784_cfba_4e72_846d_c8abd69973f8 unregistered
**** Registry Base URL: http://registry-app-ksql043.apps.ci419.apicurio-testing.org:80
2025-08-07 20:36:17,078 INFO  [org.apa.kaf.cli.pro.ProducerConfig] (main) ProducerConfig values: 
	acks = -1
	auto.include.jmx.reporter = true
	batch.size = 16384
	bootstrap.servers = [PLAINTEXT://localhost:32769]
	buffer.memory = 33554432
	client.dns.lookup = use_all_dns_ips
	client.id = Producer-topic-a8a99784_cfba_4e72_846d_c8abd69973f8
	compression.gzip.level = -1
	compression.lz4.level = 9
	compression.type = none
	compression.zstd.level = 3
	connections.max.idle.ms = 10000
	delivery.timeout.ms = 120000
	enable.idempotence = true
	enable.metrics.push = true
	interceptor.classes = []
	key.serializer = class org.apache.kafka.common.serialization.StringSerializer
	linger.ms = 0
	max.block.ms = 60000
	max.in.flight.requests.per.connection = 5
	max.request.size = 1048576
	metadata.max.age.ms = 300000
	metadata.max.idle.ms = 300000
	metadata.recovery.strategy = none
	metric.reporters = []
	metrics.num.samples = 2
	metrics.recording.level = INFO
	metrics.sample.window.ms = 30000
	partitioner.adaptive.partitioning.enable = true
	partitioner.availability.timeout.ms = 0
	partitioner.class = null
	partitioner.ignore.keys = false
	receive.buffer.bytes = 32768
	reconnect.backoff.max.ms = 1000
	reconnect.backoff.ms = 50
	request.timeout.ms = 5000
	retries = 2147483647
	retry.backoff.max.ms = 1000
	retry.backoff.ms = 100
	sasl.client.callback.handler.class = null
	sasl.jaas.config = null
	sasl.kerberos.kinit.cmd = /usr/bin/kinit
	sasl.kerberos.min.time.before.relogin = 60000
	sasl.kerberos.service.name = null
	sasl.kerberos.ticket.renew.jitter = 0.05
	sasl.kerberos.ticket.renew.window.factor = 0.8
	sasl.login.callback.handler.class = null
	sasl.login.class = null
	sasl.login.connect.timeout.ms = null
	sasl.login.read.timeout.ms = null
	sasl.login.refresh.buffer.seconds = 300
	sasl.login.refresh.min.period.seconds = 60
	sasl.login.refresh.window.factor = 0.8
	sasl.login.refresh.window.jitter = 0.05
	sasl.login.retry.backoff.max.ms = 10000
	sasl.login.retry.backoff.ms = 100
	sasl.mechanism = GSSAPI
	sasl.oauthbearer.clock.skew.seconds = 30
	sasl.oauthbearer.expected.audience = null
	sasl.oauthbearer.expected.issuer = null
	sasl.oauthbearer.header.urlencode = false
	sasl.oauthbearer.jwks.endpoint.refresh.ms = 3600000
	sasl.oauthbearer.jwks.endpoint.retry.backoff.max.ms = 10000
	sasl.oauthbearer.jwks.endpoint.retry.backoff.ms = 100
	sasl.oauthbearer.jwks.endpoint.url = null
	sasl.oauthbearer.scope.claim.name = scope
	sasl.oauthbearer.sub.claim.name = sub
	sasl.oauthbearer.token.endpoint.url = null
	security.protocol = PLAINTEXT
	security.providers = null
	send.buffer.bytes = 131072
	socket.connection.setup.timeout.max.ms = 30000
	socket.connection.setup.timeout.ms = 10000
	ssl.cipher.suites = null
	ssl.enabled.protocols = [TLSv1.2, TLSv1.3]
	ssl.endpoint.identification.algorithm = https
	ssl.engine.factory.class = null
	ssl.key.password = null
	ssl.keymanager.algorithm = SunX509
	ssl.keystore.certificate.chain = null
	ssl.keystore.key = null
	ssl.keystore.location = null
	ssl.keystore.password = null
	ssl.keystore.type = JKS
	ssl.protocol = TLSv1.3
	ssl.provider = null
	ssl.secure.random.implementation = null
	ssl.trustmanager.algorithm = PKIX
	ssl.truststore.certificates = null
	ssl.truststore.location = null
	ssl.truststore.password = null
	ssl.truststore.type = JKS
	transaction.timeout.ms = 60000
	transactional.id = null
	value.serializer = class io.apicurio.registry.serde.avro.AvroKafkaSerializer

2025-08-07 20:36:17,078 INFO  [org.apa.kaf.com.tel.int.KafkaMetricsCollector] (main) initializing Kafka metrics collector
2025-08-07 20:36:17,085 INFO  [org.apa.kaf.cli.pro.KafkaProducer] (main) [Producer clientId=Producer-topic-a8a99784_cfba_4e72_846d_c8abd69973f8] Instantiated an idempotent producer.
2025-08-07 20:36:17,088 INFO  [org.apa.kaf.cli.pro.ProducerConfig] (main) These configurations '[apicurio.registry.url, apicurio.registry.artifact-resolver-strategy]' were supplied but are not used yet.
2025-08-07 20:36:17,088 INFO  [org.apa.kaf.com.uti.AppInfoParser] (main) Kafka version: 3.9.1
2025-08-07 20:36:17,088 INFO  [org.apa.kaf.com.uti.AppInfoParser] (main) Kafka commitId: f745dfdcee2b9851
2025-08-07 20:36:17,088 INFO  [org.apa.kaf.com.uti.AppInfoParser] (main) Kafka startTimeMs: 1754598977088
2025-08-07 20:36:17,091 INFO  [io.api.tes.ser.api.KafkaSerdesTester] (Thread-688) Sending message {"key11754598966404": "value-0", "key21754598971132": "value-0"} to topic topic-a8a99784_cfba_4e72_846d_c8abd69973f8
2025-08-07 20:36:17,093 INFO  [org.apa.kaf.cli.Metadata] (kafka-producer-network-thread | Producer-topic-a8a99784_cfba_4e72_846d_c8abd69973f8) [Producer clientId=Producer-topic-a8a99784_cfba_4e72_846d_c8abd69973f8] Cluster ID: 7hmfGG3YTMCno0-sg6ieQg
2025-08-07 20:36:17,093 INFO  [DefaultSchemaResolver] (Thread-688) Retrieving schema content using string: {"type":"record","name":"sdc8ccc86x48e3x4b9dx870dx22e9d5d835f8","namespace":"ns_b701b1fd_958b_4971_9cd0_09cc368a5bb9","fields":[{"name":"key11754598966404","type":"string"},{"name":"key21754598971132","type":"string"}]}
2025-08-07 20:36:17,094 INFO  [org.apa.kaf.cli.pro.int.TransactionManager] (kafka-producer-network-thread | Producer-topic-a8a99784_cfba_4e72_846d_c8abd69973f8) [Producer clientId=Producer-topic-a8a99784_cfba_4e72_846d_c8abd69973f8] ProducerId set to 16 with epoch 0
2025-08-07 20:36:17,123 INFO  [io.api.tes.ser.api.KafkaSerdesTester] (Thread-688) Sending message {"key11754598966404": "value-1", "key21754598971132": "value-1"} to topic topic-a8a99784_cfba_4e72_846d_c8abd69973f8
2025-08-07 20:36:17,125 INFO  [io.api.tes.ser.api.KafkaSerdesTester] (Thread-688) Sending message {"key11754598966404": "value-2", "key21754598971132": "value-2"} to topic topic-a8a99784_cfba_4e72_846d_c8abd69973f8
2025-08-07 20:36:17,126 INFO  [io.api.tes.ser.api.KafkaSerdesTester] (Thread-688) Sending message {"key11754598966404": "value-3", "key21754598971132": "value-3"} to topic topic-a8a99784_cfba_4e72_846d_c8abd69973f8
2025-08-07 20:36:17,127 INFO  [io.api.tes.ser.api.KafkaSerdesTester] (Thread-688) Sending message {"key11754598966404": "value-4", "key21754598971132": "value-4"} to topic topic-a8a99784_cfba_4e72_846d_c8abd69973f8
2025-08-07 20:36:17,129 INFO  [io.api.tes.ser.api.KafkaSerdesTester] (Thread-688) Sending message {"key11754598966404": "value-5", "key21754598971132": "value-5"} to topic topic-a8a99784_cfba_4e72_846d_c8abd69973f8
2025-08-07 20:36:17,132 INFO  [io.api.tes.ser.api.KafkaSerdesTester] (Thread-688) Sending message {"key11754598966404": "value-6", "key21754598971132": "value-6"} to topic topic-a8a99784_cfba_4e72_846d_c8abd69973f8
2025-08-07 20:36:17,133 INFO  [io.api.tes.ser.api.KafkaSerdesTester] (Thread-688) Sending message {"key11754598966404": "value-7", "key21754598971132": "value-7"} to topic topic-a8a99784_cfba_4e72_846d_c8abd69973f8
2025-08-07 20:36:17,136 INFO  [io.api.tes.ser.api.KafkaSerdesTester] (Thread-688) Sending message {"key11754598966404": "value-8", "key21754598971132": "value-8"} to topic topic-a8a99784_cfba_4e72_846d_c8abd69973f8
2025-08-07 20:36:17,139 INFO  [io.api.tes.ser.api.KafkaSerdesTester] (Thread-688) Sending message {"key11754598966404": "value-9", "key21754598971132": "value-9"} to topic topic-a8a99784_cfba_4e72_846d_c8abd69973f8
2025-08-07 20:36:17,143 INFO  [io.api.tes.ser.api.KafkaSerdesTester] (Thread-688) Produced 10 messages
2025-08-07 20:36:17,143 INFO  [org.apa.kaf.cli.pro.KafkaProducer] (Thread-688) [Producer clientId=Producer-topic-a8a99784_cfba_4e72_846d_c8abd69973f8] Closing the Kafka producer with timeoutMillis = 9223372036854775807 ms.
2025-08-07 20:36:17,146 INFO  [org.apa.kaf.com.met.Metrics] (Thread-688) Metrics scheduler closed
2025-08-07 20:36:17,146 INFO  [org.apa.kaf.com.met.Metrics] (Thread-688) Closing reporter org.apache.kafka.common.metrics.JmxReporter
2025-08-07 20:36:17,146 INFO  [org.apa.kaf.com.met.Metrics] (Thread-688) Closing reporter org.apache.kafka.common.telemetry.internals.ClientTelemetryReporter
2025-08-07 20:36:17,146 INFO  [org.apa.kaf.com.met.Metrics] (Thread-688) Metrics reporters closed
2025-08-07 20:36:17,147 INFO  [org.apa.kaf.com.uti.AppInfoParser] (Thread-688) App info kafka.producer for Producer-topic-a8a99784_cfba_4e72_846d_c8abd69973f8 unregistered
**** Registry Base URL: http://registry-app-ksql043.apps.ci419.apicurio-testing.org:80
2025-08-07 20:36:17,148 INFO  [org.apa.kaf.cli.pro.ProducerConfig] (main) ProducerConfig values: 
	acks = -1
	auto.include.jmx.reporter = true
	batch.size = 16384
	bootstrap.servers = [PLAINTEXT://localhost:32769]
	buffer.memory = 33554432
	client.dns.lookup = use_all_dns_ips
	client.id = Producer-topic-a8a99784_cfba_4e72_846d_c8abd69973f8
	compression.gzip.level = -1
	compression.lz4.level = 9
	compression.type = none
	compression.zstd.level = 3
	connections.max.idle.ms = 10000
	delivery.timeout.ms = 120000
	enable.idempotence = true
	enable.metrics.push = true
	interceptor.classes = []
	key.serializer = class org.apache.kafka.common.serialization.StringSerializer
	linger.ms = 0
	max.block.ms = 60000
	max.in.flight.requests.per.connection = 5
	max.request.size = 1048576
	metadata.max.age.ms = 300000
	metadata.max.idle.ms = 300000
	metadata.recovery.strategy = none
	metric.reporters = []
	metrics.num.samples = 2
	metrics.recording.level = INFO
	metrics.sample.window.ms = 30000
	partitioner.adaptive.partitioning.enable = true
	partitioner.availability.timeout.ms = 0
	partitioner.class = null
	partitioner.ignore.keys = false
	receive.buffer.bytes = 32768
	reconnect.backoff.max.ms = 1000
	reconnect.backoff.ms = 50
	request.timeout.ms = 5000
	retries = 2147483647
	retry.backoff.max.ms = 1000
	retry.backoff.ms = 100
	sasl.client.callback.handler.class = null
	sasl.jaas.config = null
	sasl.kerberos.kinit.cmd = /usr/bin/kinit
	sasl.kerberos.min.time.before.relogin = 60000
	sasl.kerberos.service.name = null
	sasl.kerberos.ticket.renew.jitter = 0.05
	sasl.kerberos.ticket.renew.window.factor = 0.8
	sasl.login.callback.handler.class = null
	sasl.login.class = null
	sasl.login.connect.timeout.ms = null
	sasl.login.read.timeout.ms = null
	sasl.login.refresh.buffer.seconds = 300
	sasl.login.refresh.min.period.seconds = 60
	sasl.login.refresh.window.factor = 0.8
	sasl.login.refresh.window.jitter = 0.05
	sasl.login.retry.backoff.max.ms = 10000
	sasl.login.retry.backoff.ms = 100
	sasl.mechanism = GSSAPI
	sasl.oauthbearer.clock.skew.seconds = 30
	sasl.oauthbearer.expected.audience = null
	sasl.oauthbearer.expected.issuer = null
	sasl.oauthbearer.header.urlencode = false
	sasl.oauthbearer.jwks.endpoint.refresh.ms = 3600000
	sasl.oauthbearer.jwks.endpoint.retry.backoff.max.ms = 10000
	sasl.oauthbearer.jwks.endpoint.retry.backoff.ms = 100
	sasl.oauthbearer.jwks.endpoint.url = null
	sasl.oauthbearer.scope.claim.name = scope
	sasl.oauthbearer.sub.claim.name = sub
	sasl.oauthbearer.token.endpoint.url = null
	security.protocol = PLAINTEXT
	security.providers = null
	send.buffer.bytes = 131072
	socket.connection.setup.timeout.max.ms = 30000
	socket.connection.setup.timeout.ms = 10000
	ssl.cipher.suites = null
	ssl.enabled.protocols = [TLSv1.2, TLSv1.3]
	ssl.endpoint.identification.algorithm = https
	ssl.engine.factory.class = null
	ssl.key.password = null
	ssl.keymanager.algorithm = SunX509
	ssl.keystore.certificate.chain = null
	ssl.keystore.key = null
	ssl.keystore.location = null
	ssl.keystore.password = null
	ssl.keystore.type = JKS
	ssl.protocol = TLSv1.3
	ssl.provider = null
	ssl.secure.random.implementation = null
	ssl.trustmanager.algorithm = PKIX
	ssl.truststore.certificates = null
	ssl.truststore.location = null
	ssl.truststore.password = null
	ssl.truststore.type = JKS
	transaction.timeout.ms = 60000
	transactional.id = null
	value.serializer = class io.apicurio.registry.serde.avro.AvroKafkaSerializer

2025-08-07 20:36:17,148 INFO  [org.apa.kaf.com.tel.int.KafkaMetricsCollector] (main) initializing Kafka metrics collector
2025-08-07 20:36:17,158 INFO  [org.apa.kaf.cli.pro.KafkaProducer] (main) [Producer clientId=Producer-topic-a8a99784_cfba_4e72_846d_c8abd69973f8] Instantiated an idempotent producer.
2025-08-07 20:36:17,160 INFO  [org.apa.kaf.cli.pro.ProducerConfig] (main) These configurations '[apicurio.registry.url, apicurio.registry.artifact-resolver-strategy]' were supplied but are not used yet.
2025-08-07 20:36:17,160 INFO  [org.apa.kaf.com.uti.AppInfoParser] (main) Kafka version: 3.9.1
2025-08-07 20:36:17,160 INFO  [org.apa.kaf.com.uti.AppInfoParser] (main) Kafka commitId: f745dfdcee2b9851
2025-08-07 20:36:17,160 INFO  [org.apa.kaf.com.uti.AppInfoParser] (main) Kafka startTimeMs: 1754598977160
2025-08-07 20:36:17,165 INFO  [org.apa.kaf.cli.Metadata] (kafka-producer-network-thread | Producer-topic-a8a99784_cfba_4e72_846d_c8abd69973f8) [Producer clientId=Producer-topic-a8a99784_cfba_4e72_846d_c8abd69973f8] Cluster ID: 7hmfGG3YTMCno0-sg6ieQg
2025-08-07 20:36:17,167 INFO  [io.api.tes.ser.api.KafkaSerdesTester] (Thread-691) Sending message {"key11754598966404": "value-0"} to topic topic-a8a99784_cfba_4e72_846d_c8abd69973f8
2025-08-07 20:36:17,170 INFO  [org.apa.kaf.cli.pro.int.TransactionManager] (kafka-producer-network-thread | Producer-topic-a8a99784_cfba_4e72_846d_c8abd69973f8) [Producer clientId=Producer-topic-a8a99784_cfba_4e72_846d_c8abd69973f8] ProducerId set to 17 with epoch 0
2025-08-07 20:36:17,174 INFO  [DefaultSchemaResolver] (Thread-691) Retrieving schema content using string: {"type":"record","name":"sdc8ccc86x48e3x4b9dx870dx22e9d5d835f8","namespace":"ns_b701b1fd_958b_4971_9cd0_09cc368a5bb9","fields":[{"name":"key11754598966404","type":"string"}]}
2025-08-07 20:36:17,201 INFO  [io.api.tes.ser.api.KafkaSerdesTester] (Thread-691) Sending message {"key11754598966404": "value-1"} to topic topic-a8a99784_cfba_4e72_846d_c8abd69973f8
2025-08-07 20:36:17,206 INFO  [io.api.tes.ser.api.KafkaSerdesTester] (Thread-691) Sending message {"key11754598966404": "value-2"} to topic topic-a8a99784_cfba_4e72_846d_c8abd69973f8
2025-08-07 20:36:17,209 INFO  [io.api.tes.ser.api.KafkaSerdesTester] (Thread-691) Sending message {"key11754598966404": "value-3"} to topic topic-a8a99784_cfba_4e72_846d_c8abd69973f8
2025-08-07 20:36:17,211 INFO  [io.api.tes.ser.api.KafkaSerdesTester] (Thread-691) Sending message {"key11754598966404": "value-4"} to topic topic-a8a99784_cfba_4e72_846d_c8abd69973f8
2025-08-07 20:36:17,213 INFO  [io.api.tes.ser.api.KafkaSerdesTester] (Thread-691) Sending message {"key11754598966404": "value-5"} to topic topic-a8a99784_cfba_4e72_846d_c8abd69973f8
2025-08-07 20:36:17,216 INFO  [io.api.tes.ser.api.KafkaSerdesTester] (Thread-691) Sending message {"key11754598966404": "value-6"} to topic topic-a8a99784_cfba_4e72_846d_c8abd69973f8
2025-08-07 20:36:17,217 INFO  [io.api.tes.ser.api.KafkaSerdesTester] (Thread-691) Sending message {"key11754598966404": "value-7"} to topic topic-a8a99784_cfba_4e72_846d_c8abd69973f8
2025-08-07 20:36:17,218 INFO  [io.api.tes.ser.api.KafkaSerdesTester] (Thread-691) Sending message {"key11754598966404": "value-8"} to topic topic-a8a99784_cfba_4e72_846d_c8abd69973f8
2025-08-07 20:36:17,220 INFO  [io.api.tes.ser.api.KafkaSerdesTester] (Thread-691) Sending message {"key11754598966404": "value-9"} to topic topic-a8a99784_cfba_4e72_846d_c8abd69973f8
2025-08-07 20:36:17,222 INFO  [io.api.tes.ser.api.KafkaSerdesTester] (Thread-691) Produced 10 messages
2025-08-07 20:36:17,222 INFO  [org.apa.kaf.cli.pro.KafkaProducer] (Thread-691) [Producer clientId=Producer-topic-a8a99784_cfba_4e72_846d_c8abd69973f8] Closing the Kafka producer with timeoutMillis = 9223372036854775807 ms.
2025-08-07 20:36:17,224 INFO  [org.apa.kaf.com.met.Metrics] (Thread-691) Metrics scheduler closed
2025-08-07 20:36:17,224 INFO  [org.apa.kaf.com.met.Metrics] (Thread-691) Closing reporter org.apache.kafka.common.metrics.JmxReporter
2025-08-07 20:36:17,224 INFO  [org.apa.kaf.com.met.Metrics] (Thread-691) Closing reporter org.apache.kafka.common.telemetry.internals.ClientTelemetryReporter
2025-08-07 20:36:17,224 INFO  [org.apa.kaf.com.met.Metrics] (Thread-691) Metrics reporters closed
2025-08-07 20:36:17,225 INFO  [org.apa.kaf.com.uti.AppInfoParser] (Thread-691) App info kafka.producer for Producer-topic-a8a99784_cfba_4e72_846d_c8abd69973f8 unregistered
**** Registry Base URL: http://registry-app-ksql043.apps.ci419.apicurio-testing.org:80
2025-08-07 20:36:17,225 INFO  [org.apa.kaf.cli.con.ConsumerConfig] (main) ConsumerConfig values: 
	allow.auto.create.topics = true
	auto.commit.interval.ms = 500
	auto.include.jmx.reporter = true
	auto.offset.reset = earliest
	bootstrap.servers = [PLAINTEXT://localhost:32769]
	check.crcs = true
	client.dns.lookup = use_all_dns_ips
	client.id = consumer-Consumer-topic-a8a99784_cfba_4e72_846d_c8abd69973f8-12
	client.rack = 
	connections.max.idle.ms = 10000
	default.api.timeout.ms = 60000
	enable.auto.commit = true
	enable.metrics.push = true
	exclude.internal.topics = true
	fetch.max.bytes = 52428800
	fetch.max.wait.ms = 500
	fetch.min.bytes = 1
	group.id = Consumer-topic-a8a99784_cfba_4e72_846d_c8abd69973f8
	group.instance.id = null
	group.protocol = classic
	group.remote.assignor = null
	heartbeat.interval.ms = 3000
	interceptor.classes = []
	internal.leave.group.on.close = true
	internal.throw.on.fetch.stable.offset.unsupported = false
	isolation.level = read_uncommitted
	key.deserializer = class org.apache.kafka.common.serialization.StringDeserializer
	max.partition.fetch.bytes = 1048576
	max.poll.interval.ms = 300000
	max.poll.records = 500
	metadata.max.age.ms = 300000
	metadata.recovery.strategy = none
	metric.reporters = []
	metrics.num.samples = 2
	metrics.recording.level = INFO
	metrics.sample.window.ms = 30000
	partition.assignment.strategy = [class org.apache.kafka.clients.consumer.RangeAssignor, class org.apache.kafka.clients.consumer.CooperativeStickyAssignor]
	receive.buffer.bytes = 65536
	reconnect.backoff.max.ms = 1000
	reconnect.backoff.ms = 50
	request.timeout.ms = 5000
	retry.backoff.max.ms = 1000
	retry.backoff.ms = 100
	sasl.client.callback.handler.class = null
	sasl.jaas.config = null
	sasl.kerberos.kinit.cmd = /usr/bin/kinit
	sasl.kerberos.min.time.before.relogin = 60000
	sasl.kerberos.service.name = null
	sasl.kerberos.ticket.renew.jitter = 0.05
	sasl.kerberos.ticket.renew.window.factor = 0.8
	sasl.login.callback.handler.class = null
	sasl.login.class = null
	sasl.login.connect.timeout.ms = null
	sasl.login.read.timeout.ms = null
	sasl.login.refresh.buffer.seconds = 300
	sasl.login.refresh.min.period.seconds = 60
	sasl.login.refresh.window.factor = 0.8
	sasl.login.refresh.window.jitter = 0.05
	sasl.login.retry.backoff.max.ms = 10000
	sasl.login.retry.backoff.ms = 100
	sasl.mechanism = GSSAPI
	sasl.oauthbearer.clock.skew.seconds = 30
	sasl.oauthbearer.expected.audience = null
	sasl.oauthbearer.expected.issuer = null
	sasl.oauthbearer.header.urlencode = false
	sasl.oauthbearer.jwks.endpoint.refresh.ms = 3600000
	sasl.oauthbearer.jwks.endpoint.retry.backoff.max.ms = 10000
	sasl.oauthbearer.jwks.endpoint.retry.backoff.ms = 100
	sasl.oauthbearer.jwks.endpoint.url = null
	sasl.oauthbearer.scope.claim.name = scope
	sasl.oauthbearer.sub.claim.name = sub
	sasl.oauthbearer.token.endpoint.url = null
	security.protocol = PLAINTEXT
	security.providers = null
	send.buffer.bytes = 131072
	session.timeout.ms = 45000
	socket.connection.setup.timeout.max.ms = 30000
	socket.connection.setup.timeout.ms = 10000
	ssl.cipher.suites = null
	ssl.enabled.protocols = [TLSv1.2, TLSv1.3]
	ssl.endpoint.identification.algorithm = https
	ssl.engine.factory.class = null
	ssl.key.password = null
	ssl.keymanager.algorithm = SunX509
	ssl.keystore.certificate.chain = null
	ssl.keystore.key = null
	ssl.keystore.location = null
	ssl.keystore.password = null
	ssl.keystore.type = JKS
	ssl.protocol = TLSv1.3
	ssl.provider = null
	ssl.secure.random.implementation = null
	ssl.trustmanager.algorithm = PKIX
	ssl.truststore.certificates = null
	ssl.truststore.location = null
	ssl.truststore.password = null
	ssl.truststore.type = JKS
	value.deserializer = class io.apicurio.registry.serde.avro.AvroKafkaDeserializer

2025-08-07 20:36:17,227 INFO  [org.apa.kaf.com.tel.int.KafkaMetricsCollector] (main) initializing Kafka metrics collector
2025-08-07 20:36:17,235 INFO  [org.apa.kaf.cli.con.ConsumerConfig] (main) These configurations '[apicurio.registry.url]' were supplied but are not used yet.
2025-08-07 20:36:17,235 INFO  [org.apa.kaf.com.uti.AppInfoParser] (main) Kafka version: 3.9.1
2025-08-07 20:36:17,235 INFO  [org.apa.kaf.com.uti.AppInfoParser] (main) Kafka commitId: f745dfdcee2b9851
2025-08-07 20:36:17,235 INFO  [org.apa.kaf.com.uti.AppInfoParser] (main) Kafka startTimeMs: 1754598977235
2025-08-07 20:36:17,238 INFO  [org.apa.kaf.cli.con.int.ClassicKafkaConsumer] (Thread-694) [Consumer clientId=consumer-Consumer-topic-a8a99784_cfba_4e72_846d_c8abd69973f8-12, groupId=Consumer-topic-a8a99784_cfba_4e72_846d_c8abd69973f8] Subscribed to topic(s): topic-a8a99784_cfba_4e72_846d_c8abd69973f8
2025-08-07 20:36:17,243 INFO  [org.apa.kaf.cli.Metadata] (Thread-694) [Consumer clientId=consumer-Consumer-topic-a8a99784_cfba_4e72_846d_c8abd69973f8-12, groupId=Consumer-topic-a8a99784_cfba_4e72_846d_c8abd69973f8] Cluster ID: 7hmfGG3YTMCno0-sg6ieQg
2025-08-07 20:36:17,246 INFO  [org.apa.kaf.cli.con.int.ConsumerCoordinator] (Thread-694) [Consumer clientId=consumer-Consumer-topic-a8a99784_cfba_4e72_846d_c8abd69973f8-12, groupId=Consumer-topic-a8a99784_cfba_4e72_846d_c8abd69973f8] Discovered group coordinator localhost:32769 (id: 2147483647 rack: null)
2025-08-07 20:36:17,247 INFO  [org.apa.kaf.cli.con.int.ConsumerCoordinator] (Thread-694) [Consumer clientId=consumer-Consumer-topic-a8a99784_cfba_4e72_846d_c8abd69973f8-12, groupId=Consumer-topic-a8a99784_cfba_4e72_846d_c8abd69973f8] (Re-)joining group
2025-08-07 20:36:17,254 INFO  [org.apa.kaf.cli.con.int.ConsumerCoordinator] (Thread-694) [Consumer clientId=consumer-Consumer-topic-a8a99784_cfba_4e72_846d_c8abd69973f8-12, groupId=Consumer-topic-a8a99784_cfba_4e72_846d_c8abd69973f8] Request joining group due to: need to re-join with the given member-id: consumer-Consumer-topic-a8a99784_cfba_4e72_846d_c8abd69973f8-12-6f4623ce-3bc5-4375-b3e3-8f621f3a65a4
2025-08-07 20:36:17,254 INFO  [org.apa.kaf.cli.con.int.ConsumerCoordinator] (Thread-694) [Consumer clientId=consumer-Consumer-topic-a8a99784_cfba_4e72_846d_c8abd69973f8-12, groupId=Consumer-topic-a8a99784_cfba_4e72_846d_c8abd69973f8] (Re-)joining group
2025-08-07 20:36:18,239 INFO  [io.api.tes.ser.api.KafkaSerdesTester] (Thread-694) None found
2025-08-07 20:36:19,240 INFO  [io.api.tes.ser.api.KafkaSerdesTester] (Thread-694) None found
2025-08-07 20:36:20,240 INFO  [io.api.tes.ser.api.KafkaSerdesTester] (Thread-694) None found
2025-08-07 20:36:20,257 INFO  [org.apa.kaf.cli.con.int.ConsumerCoordinator] (Thread-694) [Consumer clientId=consumer-Consumer-topic-a8a99784_cfba_4e72_846d_c8abd69973f8-12, groupId=Consumer-topic-a8a99784_cfba_4e72_846d_c8abd69973f8] Successfully joined group with generation Generation{generationId=5, memberId='consumer-Consumer-topic-a8a99784_cfba_4e72_846d_c8abd69973f8-12-6f4623ce-3bc5-4375-b3e3-8f621f3a65a4', protocol='range'}
2025-08-07 20:36:20,257 INFO  [org.apa.kaf.cli.con.int.ConsumerCoordinator] (Thread-694) [Consumer clientId=consumer-Consumer-topic-a8a99784_cfba_4e72_846d_c8abd69973f8-12, groupId=Consumer-topic-a8a99784_cfba_4e72_846d_c8abd69973f8] Finished assignment for group at generation 5: {consumer-Consumer-topic-a8a99784_cfba_4e72_846d_c8abd69973f8-12-6f4623ce-3bc5-4375-b3e3-8f621f3a65a4=Assignment(partitions=[topic-a8a99784_cfba_4e72_846d_c8abd69973f8-0])}
2025-08-07 20:36:20,264 INFO  [org.apa.kaf.cli.con.int.ConsumerCoordinator] (Thread-694) [Consumer clientId=consumer-Consumer-topic-a8a99784_cfba_4e72_846d_c8abd69973f8-12, groupId=Consumer-topic-a8a99784_cfba_4e72_846d_c8abd69973f8] Successfully synced group in generation Generation{generationId=5, memberId='consumer-Consumer-topic-a8a99784_cfba_4e72_846d_c8abd69973f8-12-6f4623ce-3bc5-4375-b3e3-8f621f3a65a4', protocol='range'}
2025-08-07 20:36:20,264 INFO  [org.apa.kaf.cli.con.int.ConsumerCoordinator] (Thread-694) [Consumer clientId=consumer-Consumer-topic-a8a99784_cfba_4e72_846d_c8abd69973f8-12, groupId=Consumer-topic-a8a99784_cfba_4e72_846d_c8abd69973f8] Notifying assignor about the new Assignment(partitions=[topic-a8a99784_cfba_4e72_846d_c8abd69973f8-0])
2025-08-07 20:36:20,264 INFO  [org.apa.kaf.cli.con.int.ConsumerRebalanceListenerInvoker] (Thread-694) [Consumer clientId=consumer-Consumer-topic-a8a99784_cfba_4e72_846d_c8abd69973f8-12, groupId=Consumer-topic-a8a99784_cfba_4e72_846d_c8abd69973f8] Adding newly assigned partitions: topic-a8a99784_cfba_4e72_846d_c8abd69973f8-0
2025-08-07 20:36:20,265 INFO  [org.apa.kaf.cli.con.int.ConsumerUtils] (Thread-694) Setting offset for partition topic-a8a99784_cfba_4e72_846d_c8abd69973f8-0 to the committed offset FetchPosition{offset=30, offsetEpoch=Optional[0], currentLeader=LeaderAndEpoch{leader=Optional[localhost:32769 (id: 0 rack: null)], epoch=0}}
2025-08-07 20:36:20,344 INFO  [io.api.tes.ser.api.KafkaSerdesTester] (Thread-694) topic-a8a99784_cfba_4e72_846d_c8abd69973f8 0 30 {"key11754598966404": "value-0", "key21754598971132": "value-0", "key31754598975943": "value-0"}
2025-08-07 20:36:20,344 INFO  [io.api.tes.ser.api.KafkaSerdesTester] (Thread-694) topic-a8a99784_cfba_4e72_846d_c8abd69973f8 0 31 {"key11754598966404": "value-1", "key21754598971132": "value-1", "key31754598975943": "value-1"}
2025-08-07 20:36:20,344 INFO  [io.api.tes.ser.api.KafkaSerdesTester] (Thread-694) topic-a8a99784_cfba_4e72_846d_c8abd69973f8 0 32 {"key11754598966404": "value-2", "key21754598971132": "value-2", "key31754598975943": "value-2"}
2025-08-07 20:36:20,345 INFO  [io.api.tes.ser.api.KafkaSerdesTester] (Thread-694) topic-a8a99784_cfba_4e72_846d_c8abd69973f8 0 33 {"key11754598966404": "value-3", "key21754598971132": "value-3", "key31754598975943": "value-3"}
2025-08-07 20:36:20,345 INFO  [io.api.tes.ser.api.KafkaSerdesTester] (Thread-694) topic-a8a99784_cfba_4e72_846d_c8abd69973f8 0 34 {"key11754598966404": "value-4", "key21754598971132": "value-4", "key31754598975943": "value-4"}
2025-08-07 20:36:20,345 INFO  [io.api.tes.ser.api.KafkaSerdesTester] (Thread-694) topic-a8a99784_cfba_4e72_846d_c8abd69973f8 0 35 {"key11754598966404": "value-5", "key21754598971132": "value-5", "key31754598975943": "value-5"}
2025-08-07 20:36:20,345 INFO  [io.api.tes.ser.api.KafkaSerdesTester] (Thread-694) topic-a8a99784_cfba_4e72_846d_c8abd69973f8 0 36 {"key11754598966404": "value-6", "key21754598971132": "value-6", "key31754598975943": "value-6"}
2025-08-07 20:36:20,345 INFO  [io.api.tes.ser.api.KafkaSerdesTester] (Thread-694) topic-a8a99784_cfba_4e72_846d_c8abd69973f8 0 37 {"key11754598966404": "value-7", "key21754598971132": "value-7", "key31754598975943": "value-7"}
2025-08-07 20:36:20,345 INFO  [io.api.tes.ser.api.KafkaSerdesTester] (Thread-694) topic-a8a99784_cfba_4e72_846d_c8abd69973f8 0 38 {"key11754598966404": "value-8", "key21754598971132": "value-8", "key31754598975943": "value-8"}
2025-08-07 20:36:20,345 INFO  [io.api.tes.ser.api.KafkaSerdesTester] (Thread-694) topic-a8a99784_cfba_4e72_846d_c8abd69973f8 0 39 {"key11754598966404": "value-9", "key21754598971132": "value-9", "key31754598975943": "value-9"}
2025-08-07 20:36:20,345 INFO  [io.api.tes.ser.api.KafkaSerdesTester] (Thread-694) topic-a8a99784_cfba_4e72_846d_c8abd69973f8 0 40 {"key11754598966404": "value-0", "key21754598971132": "value-0"}
2025-08-07 20:36:20,345 INFO  [io.api.tes.ser.api.KafkaSerdesTester] (Thread-694) topic-a8a99784_cfba_4e72_846d_c8abd69973f8 0 41 {"key11754598966404": "value-1", "key21754598971132": "value-1"}
2025-08-07 20:36:20,345 INFO  [io.api.tes.ser.api.KafkaSerdesTester] (Thread-694) topic-a8a99784_cfba_4e72_846d_c8abd69973f8 0 42 {"key11754598966404": "value-2", "key21754598971132": "value-2"}
2025-08-07 20:36:20,345 INFO  [io.api.tes.ser.api.KafkaSerdesTester] (Thread-694) topic-a8a99784_cfba_4e72_846d_c8abd69973f8 0 43 {"key11754598966404": "value-3", "key21754598971132": "value-3"}
2025-08-07 20:36:20,345 INFO  [io.api.tes.ser.api.KafkaSerdesTester] (Thread-694) topic-a8a99784_cfba_4e72_846d_c8abd69973f8 0 44 {"key11754598966404": "value-4", "key21754598971132": "value-4"}
2025-08-07 20:36:20,345 INFO  [io.api.tes.ser.api.KafkaSerdesTester] (Thread-694) topic-a8a99784_cfba_4e72_846d_c8abd69973f8 0 45 {"key11754598966404": "value-5", "key21754598971132": "value-5"}
2025-08-07 20:36:20,345 INFO  [io.api.tes.ser.api.KafkaSerdesTester] (Thread-694) topic-a8a99784_cfba_4e72_846d_c8abd69973f8 0 46 {"key11754598966404": "value-6", "key21754598971132": "value-6"}
2025-08-07 20:36:20,345 INFO  [io.api.tes.ser.api.KafkaSerdesTester] (Thread-694) topic-a8a99784_cfba_4e72_846d_c8abd69973f8 0 47 {"key11754598966404": "value-7", "key21754598971132": "value-7"}
2025-08-07 20:36:20,345 INFO  [io.api.tes.ser.api.KafkaSerdesTester] (Thread-694) topic-a8a99784_cfba_4e72_846d_c8abd69973f8 0 48 {"key11754598966404": "value-8", "key21754598971132": "value-8"}
2025-08-07 20:36:20,345 INFO  [io.api.tes.ser.api.KafkaSerdesTester] (Thread-694) topic-a8a99784_cfba_4e72_846d_c8abd69973f8 0 49 {"key11754598966404": "value-9", "key21754598971132": "value-9"}
2025-08-07 20:36:20,345 INFO  [io.api.tes.ser.api.KafkaSerdesTester] (Thread-694) topic-a8a99784_cfba_4e72_846d_c8abd69973f8 0 50 {"key11754598966404": "value-0"}
2025-08-07 20:36:20,345 INFO  [io.api.tes.ser.api.KafkaSerdesTester] (Thread-694) topic-a8a99784_cfba_4e72_846d_c8abd69973f8 0 51 {"key11754598966404": "value-1"}
2025-08-07 20:36:20,345 INFO  [io.api.tes.ser.api.KafkaSerdesTester] (Thread-694) topic-a8a99784_cfba_4e72_846d_c8abd69973f8 0 52 {"key11754598966404": "value-2"}
2025-08-07 20:36:20,345 INFO  [io.api.tes.ser.api.KafkaSerdesTester] (Thread-694) topic-a8a99784_cfba_4e72_846d_c8abd69973f8 0 53 {"key11754598966404": "value-3"}
2025-08-07 20:36:20,346 INFO  [io.api.tes.ser.api.KafkaSerdesTester] (Thread-694) topic-a8a99784_cfba_4e72_846d_c8abd69973f8 0 54 {"key11754598966404": "value-4"}
2025-08-07 20:36:20,346 INFO  [io.api.tes.ser.api.KafkaSerdesTester] (Thread-694) topic-a8a99784_cfba_4e72_846d_c8abd69973f8 0 55 {"key11754598966404": "value-5"}
2025-08-07 20:36:20,346 INFO  [io.api.tes.ser.api.KafkaSerdesTester] (Thread-694) topic-a8a99784_cfba_4e72_846d_c8abd69973f8 0 56 {"key11754598966404": "value-6"}
2025-08-07 20:36:20,346 INFO  [io.api.tes.ser.api.KafkaSerdesTester] (Thread-694) topic-a8a99784_cfba_4e72_846d_c8abd69973f8 0 57 {"key11754598966404": "value-7"}
2025-08-07 20:36:20,346 INFO  [io.api.tes.ser.api.KafkaSerdesTester] (Thread-694) topic-a8a99784_cfba_4e72_846d_c8abd69973f8 0 58 {"key11754598966404": "value-8"}
2025-08-07 20:36:20,346 INFO  [io.api.tes.ser.api.KafkaSerdesTester] (Thread-694) topic-a8a99784_cfba_4e72_846d_c8abd69973f8 0 59 {"key11754598966404": "value-9"}
2025-08-07 20:36:20,346 INFO  [io.api.tes.ser.api.KafkaSerdesTester] (Thread-694) Consumed 30 messages
2025-08-07 20:36:20,354 INFO  [org.apa.kaf.cli.con.int.ConsumerRebalanceListenerInvoker] (Thread-694) [Consumer clientId=consumer-Consumer-topic-a8a99784_cfba_4e72_846d_c8abd69973f8-12, groupId=Consumer-topic-a8a99784_cfba_4e72_846d_c8abd69973f8] Revoke previously assigned partitions topic-a8a99784_cfba_4e72_846d_c8abd69973f8-0
2025-08-07 20:36:20,354 INFO  [org.apa.kaf.cli.con.int.ConsumerCoordinator] (Thread-694) [Consumer clientId=consumer-Consumer-topic-a8a99784_cfba_4e72_846d_c8abd69973f8-12, groupId=Consumer-topic-a8a99784_cfba_4e72_846d_c8abd69973f8] Member consumer-Consumer-topic-a8a99784_cfba_4e72_846d_c8abd69973f8-12-6f4623ce-3bc5-4375-b3e3-8f621f3a65a4 sending LeaveGroup request to coordinator localhost:32769 (id: 2147483647 rack: null) due to the consumer is being closed
2025-08-07 20:36:20,355 INFO  [org.apa.kaf.cli.con.int.ConsumerCoordinator] (Thread-694) [Consumer clientId=consumer-Consumer-topic-a8a99784_cfba_4e72_846d_c8abd69973f8-12, groupId=Consumer-topic-a8a99784_cfba_4e72_846d_c8abd69973f8] Resetting generation and member id due to: consumer pro-actively leaving the group
2025-08-07 20:36:20,355 INFO  [org.apa.kaf.cli.con.int.ConsumerCoordinator] (Thread-694) [Consumer clientId=consumer-Consumer-topic-a8a99784_cfba_4e72_846d_c8abd69973f8-12, groupId=Consumer-topic-a8a99784_cfba_4e72_846d_c8abd69973f8] Request joining group due to: consumer pro-actively leaving the group
2025-08-07 20:36:20,847 INFO  [org.apa.kaf.com.met.Metrics] (Thread-694) Metrics scheduler closed
2025-08-07 20:36:20,847 INFO  [org.apa.kaf.com.met.Metrics] (Thread-694) Closing reporter org.apache.kafka.common.metrics.JmxReporter
2025-08-07 20:36:20,847 INFO  [org.apa.kaf.com.met.Metrics] (Thread-694) Closing reporter org.apache.kafka.common.telemetry.internals.ClientTelemetryReporter
2025-08-07 20:36:20,847 INFO  [org.apa.kaf.com.met.Metrics] (Thread-694) Metrics reporters closed
2025-08-07 20:36:20,850 INFO  [org.apa.kaf.com.uti.AppInfoParser] (Thread-694) App info kafka.consumer for consumer-Consumer-topic-a8a99784_cfba_4e72_846d_c8abd69973f8-12 unregistered
2025-08-07 20:36:20,850 INFO  [org.apa.kaf.cli.pro.KafkaProducer] (main) [Producer clientId=Producer-topic-a8a99784_cfba_4e72_846d_c8abd69973f8] Closing the Kafka producer with timeoutMillis = 9223372036854775807 ms.
2025-08-07 20:36:20,850 INFO  [org.apa.kaf.com.met.Metrics] (main) Metrics scheduler closed
2025-08-07 20:36:20,850 INFO  [org.apa.kaf.com.met.Metrics] (main) Closing reporter org.apache.kafka.common.metrics.JmxReporter
2025-08-07 20:36:20,850 INFO  [org.apa.kaf.com.met.Metrics] (main) Closing reporter org.apache.kafka.common.telemetry.internals.ClientTelemetryReporter
2025-08-07 20:36:20,850 INFO  [org.apa.kaf.com.met.Metrics] (main) Metrics reporters closed
2025-08-07 20:36:20,850 INFO  [org.apa.kaf.com.uti.AppInfoParser] (main) App info kafka.producer for Producer-topic-a8a99784_cfba_4e72_846d_c8abd69973f8 unregistered
2025-08-07 20:36:20,850 INFO  [io.api.tes.uti.TestSeparator] (main) io.apicurio.tests.serdes.apicurio.AvroSerdeIT.testEvolveAvroApicurio-FINISHED
2025-08-07 20:36:20,850 INFO  [io.api.tes.uti.TestSeparator] (main) ############################################################################
Test passed: testEvolveAvroApicurio
]]></system-out>
  </testcase>
  <testcase name="testTopicRecordIdStrategydFindLatest" classname="io.apicurio.tests.serdes.apicurio.AvroSerdeIT" time="4.745">
    <system-out><![CDATA[2025-08-07 20:36:20,852 INFO  [io.api.tes.uti.TestSeparator] (main) ############################################################################
2025-08-07 20:36:20,852 INFO  [io.api.tes.uti.TestSeparator] (main) io.apicurio.tests.serdes.apicurio.AvroSerdeIT.testTopicRecordIdStrategydFindLatest-STARTED
2025-08-07 20:36:20,854 INFO  [io.api.tes.ser.api.AvroSerdeIT] (main) Registering Avro Schema: {"type":"record","name":"s370ac215x0e81x402ax87cdxe79d545c6a6c","namespace":"s29e6cf3bxd57cx42b3xa795xeee8693d01a7","fields":[{"name":"key11754598980854","type":"string"}]}
**** Registry Base URL: http://registry-app-ksql043.apps.ci419.apicurio-testing.org:80
2025-08-07 20:36:21,929 INFO  [org.apa.kaf.cli.pro.ProducerConfig] (main) ProducerConfig values: 
	acks = -1
	auto.include.jmx.reporter = true
	batch.size = 16384
	bootstrap.servers = [PLAINTEXT://localhost:32769]
	buffer.memory = 33554432
	client.dns.lookup = use_all_dns_ips
	client.id = Producer-topic-939e1abe_1c90_4e8c_bb19_9df0a4b13504
	compression.gzip.level = -1
	compression.lz4.level = 9
	compression.type = none
	compression.zstd.level = 3
	connections.max.idle.ms = 10000
	delivery.timeout.ms = 120000
	enable.idempotence = true
	enable.metrics.push = true
	interceptor.classes = []
	key.serializer = class org.apache.kafka.common.serialization.StringSerializer
	linger.ms = 0
	max.block.ms = 60000
	max.in.flight.requests.per.connection = 5
	max.request.size = 1048576
	metadata.max.age.ms = 300000
	metadata.max.idle.ms = 300000
	metadata.recovery.strategy = none
	metric.reporters = []
	metrics.num.samples = 2
	metrics.recording.level = INFO
	metrics.sample.window.ms = 30000
	partitioner.adaptive.partitioning.enable = true
	partitioner.availability.timeout.ms = 0
	partitioner.class = null
	partitioner.ignore.keys = false
	receive.buffer.bytes = 32768
	reconnect.backoff.max.ms = 1000
	reconnect.backoff.ms = 50
	request.timeout.ms = 5000
	retries = 2147483647
	retry.backoff.max.ms = 1000
	retry.backoff.ms = 100
	sasl.client.callback.handler.class = null
	sasl.jaas.config = null
	sasl.kerberos.kinit.cmd = /usr/bin/kinit
	sasl.kerberos.min.time.before.relogin = 60000
	sasl.kerberos.service.name = null
	sasl.kerberos.ticket.renew.jitter = 0.05
	sasl.kerberos.ticket.renew.window.factor = 0.8
	sasl.login.callback.handler.class = null
	sasl.login.class = null
	sasl.login.connect.timeout.ms = null
	sasl.login.read.timeout.ms = null
	sasl.login.refresh.buffer.seconds = 300
	sasl.login.refresh.min.period.seconds = 60
	sasl.login.refresh.window.factor = 0.8
	sasl.login.refresh.window.jitter = 0.05
	sasl.login.retry.backoff.max.ms = 10000
	sasl.login.retry.backoff.ms = 100
	sasl.mechanism = GSSAPI
	sasl.oauthbearer.clock.skew.seconds = 30
	sasl.oauthbearer.expected.audience = null
	sasl.oauthbearer.expected.issuer = null
	sasl.oauthbearer.header.urlencode = false
	sasl.oauthbearer.jwks.endpoint.refresh.ms = 3600000
	sasl.oauthbearer.jwks.endpoint.retry.backoff.max.ms = 10000
	sasl.oauthbearer.jwks.endpoint.retry.backoff.ms = 100
	sasl.oauthbearer.jwks.endpoint.url = null
	sasl.oauthbearer.scope.claim.name = scope
	sasl.oauthbearer.sub.claim.name = sub
	sasl.oauthbearer.token.endpoint.url = null
	security.protocol = PLAINTEXT
	security.providers = null
	send.buffer.bytes = 131072
	socket.connection.setup.timeout.max.ms = 30000
	socket.connection.setup.timeout.ms = 10000
	ssl.cipher.suites = null
	ssl.enabled.protocols = [TLSv1.2, TLSv1.3]
	ssl.endpoint.identification.algorithm = https
	ssl.engine.factory.class = null
	ssl.key.password = null
	ssl.keymanager.algorithm = SunX509
	ssl.keystore.certificate.chain = null
	ssl.keystore.key = null
	ssl.keystore.location = null
	ssl.keystore.password = null
	ssl.keystore.type = JKS
	ssl.protocol = TLSv1.3
	ssl.provider = null
	ssl.secure.random.implementation = null
	ssl.trustmanager.algorithm = PKIX
	ssl.truststore.certificates = null
	ssl.truststore.location = null
	ssl.truststore.password = null
	ssl.truststore.type = JKS
	transaction.timeout.ms = 60000
	transactional.id = null
	value.serializer = class io.apicurio.registry.serde.avro.AvroKafkaSerializer

2025-08-07 20:36:21,930 INFO  [org.apa.kaf.com.tel.int.KafkaMetricsCollector] (main) initializing Kafka metrics collector
2025-08-07 20:36:21,933 INFO  [org.apa.kaf.cli.pro.KafkaProducer] (main) [Producer clientId=Producer-topic-939e1abe_1c90_4e8c_bb19_9df0a4b13504] Instantiated an idempotent producer.
2025-08-07 20:36:21,934 INFO  [org.apa.kaf.cli.pro.ProducerConfig] (main) These configurations '[apicurio.registry.find-latest, apicurio.registry.url, apicurio.registry.artifact-resolver-strategy]' were supplied but are not used yet.
2025-08-07 20:36:21,934 INFO  [org.apa.kaf.com.uti.AppInfoParser] (main) Kafka version: 3.9.1
2025-08-07 20:36:21,934 INFO  [org.apa.kaf.com.uti.AppInfoParser] (main) Kafka commitId: f745dfdcee2b9851
2025-08-07 20:36:21,934 INFO  [org.apa.kaf.com.uti.AppInfoParser] (main) Kafka startTimeMs: 1754598981934
2025-08-07 20:36:21,934 INFO  [io.api.tes.ser.api.SimpleSerdesTesterBuilder$SimpleSerdesTester] (main) Using producer configuration: {apicurio.registry.find-latest=true, apicurio.registry.url=http://registry-app-ksql043.apps.ci419.apicurio-testing.org:80/apis/registry/v3, apicurio.registry.artifact-resolver-strategy=io.apicurio.registry.serde.avro.strategy.TopicRecordIdStrategy, value.serializer=io.apicurio.registry.serde.avro.AvroKafkaSerializer, request.timeout.ms=5000, acks=all, bootstrap.servers=PLAINTEXT://localhost:32769, connections.max.idle.ms=10000, key.serializer=org.apache.kafka.common.serialization.StringSerializer, client.id=Producer-topic-939e1abe_1c90_4e8c_bb19_9df0a4b13504}
2025-08-07 20:36:21,934 INFO  [io.api.tes.ser.api.SimpleSerdesTesterBuilder$SimpleSerdesTester] (main) Using consumer configuration: {}
2025-08-07 20:36:21,937 INFO  [io.api.tes.ser.api.KafkaSerdesTester] (Thread-697) Sending message {"key11754598980854": "value-0"} to topic topic-939e1abe_1c90_4e8c_bb19_9df0a4b13504
2025-08-07 20:36:21,940 INFO  [org.apa.kaf.cli.Metadata] (kafka-producer-network-thread | Producer-topic-939e1abe_1c90_4e8c_bb19_9df0a4b13504) [Producer clientId=Producer-topic-939e1abe_1c90_4e8c_bb19_9df0a4b13504] Cluster ID: 7hmfGG3YTMCno0-sg6ieQg
2025-08-07 20:36:21,940 INFO  [org.apa.kaf.cli.pro.int.TransactionManager] (kafka-producer-network-thread | Producer-topic-939e1abe_1c90_4e8c_bb19_9df0a4b13504) [Producer clientId=Producer-topic-939e1abe_1c90_4e8c_bb19_9df0a4b13504] ProducerId set to 18 with epoch 0
2025-08-07 20:36:21,989 INFO  [io.api.tes.ser.api.KafkaSerdesTester] (Thread-697) Sending message {"key11754598980854": "value-1"} to topic topic-939e1abe_1c90_4e8c_bb19_9df0a4b13504
2025-08-07 20:36:21,991 INFO  [io.api.tes.ser.api.KafkaSerdesTester] (Thread-697) Sending message {"key11754598980854": "value-2"} to topic topic-939e1abe_1c90_4e8c_bb19_9df0a4b13504
2025-08-07 20:36:21,994 INFO  [io.api.tes.ser.api.KafkaSerdesTester] (Thread-697) Sending message {"key11754598980854": "value-3"} to topic topic-939e1abe_1c90_4e8c_bb19_9df0a4b13504
2025-08-07 20:36:21,996 INFO  [io.api.tes.ser.api.KafkaSerdesTester] (Thread-697) Sending message {"key11754598980854": "value-4"} to topic topic-939e1abe_1c90_4e8c_bb19_9df0a4b13504
2025-08-07 20:36:21,999 INFO  [io.api.tes.ser.api.KafkaSerdesTester] (Thread-697) Sending message {"key11754598980854": "value-5"} to topic topic-939e1abe_1c90_4e8c_bb19_9df0a4b13504
2025-08-07 20:36:22,000 INFO  [io.api.tes.ser.api.KafkaSerdesTester] (Thread-697) Sending message {"key11754598980854": "value-6"} to topic topic-939e1abe_1c90_4e8c_bb19_9df0a4b13504
2025-08-07 20:36:22,004 INFO  [io.api.tes.ser.api.KafkaSerdesTester] (Thread-697) Sending message {"key11754598980854": "value-7"} to topic topic-939e1abe_1c90_4e8c_bb19_9df0a4b13504
2025-08-07 20:36:22,007 INFO  [io.api.tes.ser.api.KafkaSerdesTester] (Thread-697) Sending message {"key11754598980854": "value-8"} to topic topic-939e1abe_1c90_4e8c_bb19_9df0a4b13504
2025-08-07 20:36:22,010 INFO  [io.api.tes.ser.api.KafkaSerdesTester] (Thread-697) Sending message {"key11754598980854": "value-9"} to topic topic-939e1abe_1c90_4e8c_bb19_9df0a4b13504
2025-08-07 20:36:22,012 INFO  [io.api.tes.ser.api.KafkaSerdesTester] (Thread-697) Produced 10 messages
2025-08-07 20:36:22,012 INFO  [org.apa.kaf.cli.pro.KafkaProducer] (Thread-697) [Producer clientId=Producer-topic-939e1abe_1c90_4e8c_bb19_9df0a4b13504] Closing the Kafka producer with timeoutMillis = 9223372036854775807 ms.
2025-08-07 20:36:22,015 INFO  [org.apa.kaf.com.met.Metrics] (Thread-697) Metrics scheduler closed
2025-08-07 20:36:22,015 INFO  [org.apa.kaf.com.met.Metrics] (Thread-697) Closing reporter org.apache.kafka.common.metrics.JmxReporter
2025-08-07 20:36:22,015 INFO  [org.apa.kaf.com.met.Metrics] (Thread-697) Closing reporter org.apache.kafka.common.telemetry.internals.ClientTelemetryReporter
2025-08-07 20:36:22,015 INFO  [org.apa.kaf.com.met.Metrics] (Thread-697) Metrics reporters closed
2025-08-07 20:36:22,015 INFO  [org.apa.kaf.com.uti.AppInfoParser] (Thread-697) App info kafka.producer for Producer-topic-939e1abe_1c90_4e8c_bb19_9df0a4b13504 unregistered
**** Registry Base URL: http://registry-app-ksql043.apps.ci419.apicurio-testing.org:80
2025-08-07 20:36:22,016 INFO  [org.apa.kaf.cli.con.ConsumerConfig] (main) ConsumerConfig values: 
	allow.auto.create.topics = true
	auto.commit.interval.ms = 500
	auto.include.jmx.reporter = true
	auto.offset.reset = earliest
	bootstrap.servers = [PLAINTEXT://localhost:32769]
	check.crcs = true
	client.dns.lookup = use_all_dns_ips
	client.id = consumer-Consumer-topic-939e1abe_1c90_4e8c_bb19_9df0a4b13504-13
	client.rack = 
	connections.max.idle.ms = 10000
	default.api.timeout.ms = 60000
	enable.auto.commit = true
	enable.metrics.push = true
	exclude.internal.topics = true
	fetch.max.bytes = 52428800
	fetch.max.wait.ms = 500
	fetch.min.bytes = 1
	group.id = Consumer-topic-939e1abe_1c90_4e8c_bb19_9df0a4b13504
	group.instance.id = null
	group.protocol = classic
	group.remote.assignor = null
	heartbeat.interval.ms = 3000
	interceptor.classes = []
	internal.leave.group.on.close = true
	internal.throw.on.fetch.stable.offset.unsupported = false
	isolation.level = read_uncommitted
	key.deserializer = class org.apache.kafka.common.serialization.StringDeserializer
	max.partition.fetch.bytes = 1048576
	max.poll.interval.ms = 300000
	max.poll.records = 500
	metadata.max.age.ms = 300000
	metadata.recovery.strategy = none
	metric.reporters = []
	metrics.num.samples = 2
	metrics.recording.level = INFO
	metrics.sample.window.ms = 30000
	partition.assignment.strategy = [class org.apache.kafka.clients.consumer.RangeAssignor, class org.apache.kafka.clients.consumer.CooperativeStickyAssignor]
	receive.buffer.bytes = 65536
	reconnect.backoff.max.ms = 1000
	reconnect.backoff.ms = 50
	request.timeout.ms = 5000
	retry.backoff.max.ms = 1000
	retry.backoff.ms = 100
	sasl.client.callback.handler.class = null
	sasl.jaas.config = null
	sasl.kerberos.kinit.cmd = /usr/bin/kinit
	sasl.kerberos.min.time.before.relogin = 60000
	sasl.kerberos.service.name = null
	sasl.kerberos.ticket.renew.jitter = 0.05
	sasl.kerberos.ticket.renew.window.factor = 0.8
	sasl.login.callback.handler.class = null
	sasl.login.class = null
	sasl.login.connect.timeout.ms = null
	sasl.login.read.timeout.ms = null
	sasl.login.refresh.buffer.seconds = 300
	sasl.login.refresh.min.period.seconds = 60
	sasl.login.refresh.window.factor = 0.8
	sasl.login.refresh.window.jitter = 0.05
	sasl.login.retry.backoff.max.ms = 10000
	sasl.login.retry.backoff.ms = 100
	sasl.mechanism = GSSAPI
	sasl.oauthbearer.clock.skew.seconds = 30
	sasl.oauthbearer.expected.audience = null
	sasl.oauthbearer.expected.issuer = null
	sasl.oauthbearer.header.urlencode = false
	sasl.oauthbearer.jwks.endpoint.refresh.ms = 3600000
	sasl.oauthbearer.jwks.endpoint.retry.backoff.max.ms = 10000
	sasl.oauthbearer.jwks.endpoint.retry.backoff.ms = 100
	sasl.oauthbearer.jwks.endpoint.url = null
	sasl.oauthbearer.scope.claim.name = scope
	sasl.oauthbearer.sub.claim.name = sub
	sasl.oauthbearer.token.endpoint.url = null
	security.protocol = PLAINTEXT
	security.providers = null
	send.buffer.bytes = 131072
	session.timeout.ms = 45000
	socket.connection.setup.timeout.max.ms = 30000
	socket.connection.setup.timeout.ms = 10000
	ssl.cipher.suites = null
	ssl.enabled.protocols = [TLSv1.2, TLSv1.3]
	ssl.endpoint.identification.algorithm = https
	ssl.engine.factory.class = null
	ssl.key.password = null
	ssl.keymanager.algorithm = SunX509
	ssl.keystore.certificate.chain = null
	ssl.keystore.key = null
	ssl.keystore.location = null
	ssl.keystore.password = null
	ssl.keystore.type = JKS
	ssl.protocol = TLSv1.3
	ssl.provider = null
	ssl.secure.random.implementation = null
	ssl.trustmanager.algorithm = PKIX
	ssl.truststore.certificates = null
	ssl.truststore.location = null
	ssl.truststore.password = null
	ssl.truststore.type = JKS
	value.deserializer = class io.apicurio.registry.serde.avro.AvroKafkaDeserializer

2025-08-07 20:36:22,016 INFO  [org.apa.kaf.com.tel.int.KafkaMetricsCollector] (main) initializing Kafka metrics collector
2025-08-07 20:36:22,025 INFO  [org.apa.kaf.cli.con.ConsumerConfig] (main) These configurations '[apicurio.registry.url]' were supplied but are not used yet.
2025-08-07 20:36:22,025 INFO  [org.apa.kaf.com.uti.AppInfoParser] (main) Kafka version: 3.9.1
2025-08-07 20:36:22,025 INFO  [org.apa.kaf.com.uti.AppInfoParser] (main) Kafka commitId: f745dfdcee2b9851
2025-08-07 20:36:22,025 INFO  [org.apa.kaf.com.uti.AppInfoParser] (main) Kafka startTimeMs: 1754598982025
2025-08-07 20:36:22,026 INFO  [org.apa.kaf.cli.con.int.ClassicKafkaConsumer] (Thread-700) [Consumer clientId=consumer-Consumer-topic-939e1abe_1c90_4e8c_bb19_9df0a4b13504-13, groupId=Consumer-topic-939e1abe_1c90_4e8c_bb19_9df0a4b13504] Subscribed to topic(s): topic-939e1abe_1c90_4e8c_bb19_9df0a4b13504
2025-08-07 20:36:22,034 INFO  [org.apa.kaf.cli.Metadata] (Thread-700) [Consumer clientId=consumer-Consumer-topic-939e1abe_1c90_4e8c_bb19_9df0a4b13504-13, groupId=Consumer-topic-939e1abe_1c90_4e8c_bb19_9df0a4b13504] Cluster ID: 7hmfGG3YTMCno0-sg6ieQg
2025-08-07 20:36:22,034 INFO  [org.apa.kaf.cli.con.int.ConsumerCoordinator] (Thread-700) [Consumer clientId=consumer-Consumer-topic-939e1abe_1c90_4e8c_bb19_9df0a4b13504-13, groupId=Consumer-topic-939e1abe_1c90_4e8c_bb19_9df0a4b13504] Discovered group coordinator localhost:32769 (id: 2147483647 rack: null)
2025-08-07 20:36:22,036 INFO  [org.apa.kaf.cli.con.int.ConsumerCoordinator] (Thread-700) [Consumer clientId=consumer-Consumer-topic-939e1abe_1c90_4e8c_bb19_9df0a4b13504-13, groupId=Consumer-topic-939e1abe_1c90_4e8c_bb19_9df0a4b13504] (Re-)joining group
2025-08-07 20:36:22,039 INFO  [org.apa.kaf.cli.con.int.ConsumerCoordinator] (Thread-700) [Consumer clientId=consumer-Consumer-topic-939e1abe_1c90_4e8c_bb19_9df0a4b13504-13, groupId=Consumer-topic-939e1abe_1c90_4e8c_bb19_9df0a4b13504] Request joining group due to: need to re-join with the given member-id: consumer-Consumer-topic-939e1abe_1c90_4e8c_bb19_9df0a4b13504-13-c2fe218f-35f8-405b-ba10-49f12220b20c
2025-08-07 20:36:22,040 INFO  [org.apa.kaf.cli.con.int.ConsumerCoordinator] (Thread-700) [Consumer clientId=consumer-Consumer-topic-939e1abe_1c90_4e8c_bb19_9df0a4b13504-13, groupId=Consumer-topic-939e1abe_1c90_4e8c_bb19_9df0a4b13504] (Re-)joining group
2025-08-07 20:36:23,026 INFO  [io.api.tes.ser.api.KafkaSerdesTester] (Thread-700) None found
2025-08-07 20:36:24,026 INFO  [io.api.tes.ser.api.KafkaSerdesTester] (Thread-700) None found
2025-08-07 20:36:25,027 INFO  [io.api.tes.ser.api.KafkaSerdesTester] (Thread-700) None found
2025-08-07 20:36:25,041 INFO  [org.apa.kaf.cli.con.int.ConsumerCoordinator] (Thread-700) [Consumer clientId=consumer-Consumer-topic-939e1abe_1c90_4e8c_bb19_9df0a4b13504-13, groupId=Consumer-topic-939e1abe_1c90_4e8c_bb19_9df0a4b13504] Successfully joined group with generation Generation{generationId=1, memberId='consumer-Consumer-topic-939e1abe_1c90_4e8c_bb19_9df0a4b13504-13-c2fe218f-35f8-405b-ba10-49f12220b20c', protocol='range'}
2025-08-07 20:36:25,044 INFO  [org.apa.kaf.cli.con.int.ConsumerCoordinator] (Thread-700) [Consumer clientId=consumer-Consumer-topic-939e1abe_1c90_4e8c_bb19_9df0a4b13504-13, groupId=Consumer-topic-939e1abe_1c90_4e8c_bb19_9df0a4b13504] Finished assignment for group at generation 1: {consumer-Consumer-topic-939e1abe_1c90_4e8c_bb19_9df0a4b13504-13-c2fe218f-35f8-405b-ba10-49f12220b20c=Assignment(partitions=[topic-939e1abe_1c90_4e8c_bb19_9df0a4b13504-0])}
2025-08-07 20:36:25,052 INFO  [org.apa.kaf.cli.con.int.ConsumerCoordinator] (Thread-700) [Consumer clientId=consumer-Consumer-topic-939e1abe_1c90_4e8c_bb19_9df0a4b13504-13, groupId=Consumer-topic-939e1abe_1c90_4e8c_bb19_9df0a4b13504] Successfully synced group in generation Generation{generationId=1, memberId='consumer-Consumer-topic-939e1abe_1c90_4e8c_bb19_9df0a4b13504-13-c2fe218f-35f8-405b-ba10-49f12220b20c', protocol='range'}
2025-08-07 20:36:25,052 INFO  [org.apa.kaf.cli.con.int.ConsumerCoordinator] (Thread-700) [Consumer clientId=consumer-Consumer-topic-939e1abe_1c90_4e8c_bb19_9df0a4b13504-13, groupId=Consumer-topic-939e1abe_1c90_4e8c_bb19_9df0a4b13504] Notifying assignor about the new Assignment(partitions=[topic-939e1abe_1c90_4e8c_bb19_9df0a4b13504-0])
2025-08-07 20:36:25,052 INFO  [org.apa.kaf.cli.con.int.ConsumerRebalanceListenerInvoker] (Thread-700) [Consumer clientId=consumer-Consumer-topic-939e1abe_1c90_4e8c_bb19_9df0a4b13504-13, groupId=Consumer-topic-939e1abe_1c90_4e8c_bb19_9df0a4b13504] Adding newly assigned partitions: topic-939e1abe_1c90_4e8c_bb19_9df0a4b13504-0
2025-08-07 20:36:25,053 INFO  [org.apa.kaf.cli.con.int.ConsumerCoordinator] (Thread-700) [Consumer clientId=consumer-Consumer-topic-939e1abe_1c90_4e8c_bb19_9df0a4b13504-13, groupId=Consumer-topic-939e1abe_1c90_4e8c_bb19_9df0a4b13504] Found no committed offset for partition topic-939e1abe_1c90_4e8c_bb19_9df0a4b13504-0
2025-08-07 20:36:25,056 INFO  [org.apa.kaf.cli.con.int.SubscriptionState] (Thread-700) [Consumer clientId=consumer-Consumer-topic-939e1abe_1c90_4e8c_bb19_9df0a4b13504-13, groupId=Consumer-topic-939e1abe_1c90_4e8c_bb19_9df0a4b13504] Resetting offset for partition topic-939e1abe_1c90_4e8c_bb19_9df0a4b13504-0 to position FetchPosition{offset=0, offsetEpoch=Optional.empty, currentLeader=LeaderAndEpoch{leader=Optional[localhost:32769 (id: 0 rack: null)], epoch=0}}.
2025-08-07 20:36:25,092 INFO  [io.api.tes.ser.api.KafkaSerdesTester] (Thread-700) topic-939e1abe_1c90_4e8c_bb19_9df0a4b13504 0 0 {"key11754598980854": "value-0"}
2025-08-07 20:36:25,092 INFO  [io.api.tes.ser.api.KafkaSerdesTester] (Thread-700) topic-939e1abe_1c90_4e8c_bb19_9df0a4b13504 0 1 {"key11754598980854": "value-1"}
2025-08-07 20:36:25,092 INFO  [io.api.tes.ser.api.KafkaSerdesTester] (Thread-700) topic-939e1abe_1c90_4e8c_bb19_9df0a4b13504 0 2 {"key11754598980854": "value-2"}
2025-08-07 20:36:25,092 INFO  [io.api.tes.ser.api.KafkaSerdesTester] (Thread-700) topic-939e1abe_1c90_4e8c_bb19_9df0a4b13504 0 3 {"key11754598980854": "value-3"}
2025-08-07 20:36:25,092 INFO  [io.api.tes.ser.api.KafkaSerdesTester] (Thread-700) topic-939e1abe_1c90_4e8c_bb19_9df0a4b13504 0 4 {"key11754598980854": "value-4"}
2025-08-07 20:36:25,092 INFO  [io.api.tes.ser.api.KafkaSerdesTester] (Thread-700) topic-939e1abe_1c90_4e8c_bb19_9df0a4b13504 0 5 {"key11754598980854": "value-5"}
2025-08-07 20:36:25,092 INFO  [io.api.tes.ser.api.KafkaSerdesTester] (Thread-700) topic-939e1abe_1c90_4e8c_bb19_9df0a4b13504 0 6 {"key11754598980854": "value-6"}
2025-08-07 20:36:25,092 INFO  [io.api.tes.ser.api.KafkaSerdesTester] (Thread-700) topic-939e1abe_1c90_4e8c_bb19_9df0a4b13504 0 7 {"key11754598980854": "value-7"}
2025-08-07 20:36:25,092 INFO  [io.api.tes.ser.api.KafkaSerdesTester] (Thread-700) topic-939e1abe_1c90_4e8c_bb19_9df0a4b13504 0 8 {"key11754598980854": "value-8"}
2025-08-07 20:36:25,092 INFO  [io.api.tes.ser.api.KafkaSerdesTester] (Thread-700) topic-939e1abe_1c90_4e8c_bb19_9df0a4b13504 0 9 {"key11754598980854": "value-9"}
2025-08-07 20:36:25,092 INFO  [io.api.tes.ser.api.KafkaSerdesTester] (Thread-700) Consumed 10 messages
2025-08-07 20:36:25,099 INFO  [org.apa.kaf.cli.con.int.ConsumerRebalanceListenerInvoker] (Thread-700) [Consumer clientId=consumer-Consumer-topic-939e1abe_1c90_4e8c_bb19_9df0a4b13504-13, groupId=Consumer-topic-939e1abe_1c90_4e8c_bb19_9df0a4b13504] Revoke previously assigned partitions topic-939e1abe_1c90_4e8c_bb19_9df0a4b13504-0
2025-08-07 20:36:25,099 INFO  [org.apa.kaf.cli.con.int.ConsumerCoordinator] (Thread-700) [Consumer clientId=consumer-Consumer-topic-939e1abe_1c90_4e8c_bb19_9df0a4b13504-13, groupId=Consumer-topic-939e1abe_1c90_4e8c_bb19_9df0a4b13504] Member consumer-Consumer-topic-939e1abe_1c90_4e8c_bb19_9df0a4b13504-13-c2fe218f-35f8-405b-ba10-49f12220b20c sending LeaveGroup request to coordinator localhost:32769 (id: 2147483647 rack: null) due to the consumer is being closed
2025-08-07 20:36:25,100 INFO  [org.apa.kaf.cli.con.int.ConsumerCoordinator] (Thread-700) [Consumer clientId=consumer-Consumer-topic-939e1abe_1c90_4e8c_bb19_9df0a4b13504-13, groupId=Consumer-topic-939e1abe_1c90_4e8c_bb19_9df0a4b13504] Resetting generation and member id due to: consumer pro-actively leaving the group
2025-08-07 20:36:25,100 INFO  [org.apa.kaf.cli.con.int.ConsumerCoordinator] (Thread-700) [Consumer clientId=consumer-Consumer-topic-939e1abe_1c90_4e8c_bb19_9df0a4b13504-13, groupId=Consumer-topic-939e1abe_1c90_4e8c_bb19_9df0a4b13504] Request joining group due to: consumer pro-actively leaving the group
2025-08-07 20:36:25,594 INFO  [org.apa.kaf.com.met.Metrics] (Thread-700) Metrics scheduler closed
2025-08-07 20:36:25,594 INFO  [org.apa.kaf.com.met.Metrics] (Thread-700) Closing reporter org.apache.kafka.common.metrics.JmxReporter
2025-08-07 20:36:25,594 INFO  [org.apa.kaf.com.met.Metrics] (Thread-700) Closing reporter org.apache.kafka.common.telemetry.internals.ClientTelemetryReporter
2025-08-07 20:36:25,594 INFO  [org.apa.kaf.com.met.Metrics] (Thread-700) Metrics reporters closed
2025-08-07 20:36:25,596 INFO  [org.apa.kaf.com.uti.AppInfoParser] (Thread-700) App info kafka.consumer for consumer-Consumer-topic-939e1abe_1c90_4e8c_bb19_9df0a4b13504-13 unregistered
2025-08-07 20:36:25,597 INFO  [io.api.tes.uti.TestSeparator] (main) io.apicurio.tests.serdes.apicurio.AvroSerdeIT.testTopicRecordIdStrategydFindLatest-FINISHED
2025-08-07 20:36:25,597 INFO  [io.api.tes.uti.TestSeparator] (main) ############################################################################
Test passed: testTopicRecordIdStrategydFindLatest
]]></system-out>
  </testcase>
  <testcase name="testAvroConfluentForMultipleTopics" classname="io.apicurio.tests.serdes.apicurio.AvroSerdeIT" time="12.012">
    <system-out><![CDATA[2025-08-07 20:36:25,599 INFO  [io.api.tes.uti.TestSeparator] (main) ############################################################################
2025-08-07 20:36:25,599 INFO  [io.api.tes.uti.TestSeparator] (main) io.apicurio.tests.serdes.apicurio.AvroSerdeIT.testAvroConfluentForMultipleTopics-STARTED
2025-08-07 20:36:25,600 INFO  [io.api.tes.ser.api.AvroSerdeIT] (main) Registering Avro Schema: {"type":"record","name":"myrecordconfluent","fields":[{"name":"key11754598985600","type":"string"}]}
**** Registry Base URL: http://registry-app-ksql043.apps.ci419.apicurio-testing.org:80
2025-08-07 20:36:26,671 INFO  [org.apa.kaf.cli.pro.ProducerConfig] (main) ProducerConfig values: 
	acks = -1
	auto.include.jmx.reporter = true
	batch.size = 16384
	bootstrap.servers = [PLAINTEXT://localhost:32769]
	buffer.memory = 33554432
	client.dns.lookup = use_all_dns_ips
	client.id = Producer-topic-6a8f9f58_f30c_4d0a_864b_bdf5805b4012
	compression.gzip.level = -1
	compression.lz4.level = 9
	compression.type = none
	compression.zstd.level = 3
	connections.max.idle.ms = 10000
	delivery.timeout.ms = 120000
	enable.idempotence = true
	enable.metrics.push = true
	interceptor.classes = []
	key.serializer = class org.apache.kafka.common.serialization.StringSerializer
	linger.ms = 0
	max.block.ms = 60000
	max.in.flight.requests.per.connection = 5
	max.request.size = 1048576
	metadata.max.age.ms = 300000
	metadata.max.idle.ms = 300000
	metadata.recovery.strategy = none
	metric.reporters = []
	metrics.num.samples = 2
	metrics.recording.level = INFO
	metrics.sample.window.ms = 30000
	partitioner.adaptive.partitioning.enable = true
	partitioner.availability.timeout.ms = 0
	partitioner.class = null
	partitioner.ignore.keys = false
	receive.buffer.bytes = 32768
	reconnect.backoff.max.ms = 1000
	reconnect.backoff.ms = 50
	request.timeout.ms = 5000
	retries = 2147483647
	retry.backoff.max.ms = 1000
	retry.backoff.ms = 100
	sasl.client.callback.handler.class = null
	sasl.jaas.config = null
	sasl.kerberos.kinit.cmd = /usr/bin/kinit
	sasl.kerberos.min.time.before.relogin = 60000
	sasl.kerberos.service.name = null
	sasl.kerberos.ticket.renew.jitter = 0.05
	sasl.kerberos.ticket.renew.window.factor = 0.8
	sasl.login.callback.handler.class = null
	sasl.login.class = null
	sasl.login.connect.timeout.ms = null
	sasl.login.read.timeout.ms = null
	sasl.login.refresh.buffer.seconds = 300
	sasl.login.refresh.min.period.seconds = 60
	sasl.login.refresh.window.factor = 0.8
	sasl.login.refresh.window.jitter = 0.05
	sasl.login.retry.backoff.max.ms = 10000
	sasl.login.retry.backoff.ms = 100
	sasl.mechanism = GSSAPI
	sasl.oauthbearer.clock.skew.seconds = 30
	sasl.oauthbearer.expected.audience = null
	sasl.oauthbearer.expected.issuer = null
	sasl.oauthbearer.header.urlencode = false
	sasl.oauthbearer.jwks.endpoint.refresh.ms = 3600000
	sasl.oauthbearer.jwks.endpoint.retry.backoff.max.ms = 10000
	sasl.oauthbearer.jwks.endpoint.retry.backoff.ms = 100
	sasl.oauthbearer.jwks.endpoint.url = null
	sasl.oauthbearer.scope.claim.name = scope
	sasl.oauthbearer.sub.claim.name = sub
	sasl.oauthbearer.token.endpoint.url = null
	security.protocol = PLAINTEXT
	security.providers = null
	send.buffer.bytes = 131072
	socket.connection.setup.timeout.max.ms = 30000
	socket.connection.setup.timeout.ms = 10000
	ssl.cipher.suites = null
	ssl.enabled.protocols = [TLSv1.2, TLSv1.3]
	ssl.endpoint.identification.algorithm = https
	ssl.engine.factory.class = null
	ssl.key.password = null
	ssl.keymanager.algorithm = SunX509
	ssl.keystore.certificate.chain = null
	ssl.keystore.key = null
	ssl.keystore.location = null
	ssl.keystore.password = null
	ssl.keystore.type = JKS
	ssl.protocol = TLSv1.3
	ssl.provider = null
	ssl.secure.random.implementation = null
	ssl.trustmanager.algorithm = PKIX
	ssl.truststore.certificates = null
	ssl.truststore.location = null
	ssl.truststore.password = null
	ssl.truststore.type = JKS
	transaction.timeout.ms = 60000
	transactional.id = null
	value.serializer = class io.apicurio.registry.serde.avro.AvroKafkaSerializer

2025-08-07 20:36:26,672 INFO  [org.apa.kaf.com.tel.int.KafkaMetricsCollector] (main) initializing Kafka metrics collector
2025-08-07 20:36:26,675 INFO  [org.apa.kaf.cli.pro.KafkaProducer] (main) [Producer clientId=Producer-topic-6a8f9f58_f30c_4d0a_864b_bdf5805b4012] Instantiated an idempotent producer.
2025-08-07 20:36:26,676 INFO  [org.apa.kaf.cli.pro.ProducerConfig] (main) These configurations '[apicurio.registry.url, apicurio.registry.artifact-resolver-strategy]' were supplied but are not used yet.
2025-08-07 20:36:26,676 INFO  [org.apa.kaf.com.uti.AppInfoParser] (main) Kafka version: 3.9.1
2025-08-07 20:36:26,676 INFO  [org.apa.kaf.com.uti.AppInfoParser] (main) Kafka commitId: f745dfdcee2b9851
2025-08-07 20:36:26,676 INFO  [org.apa.kaf.com.uti.AppInfoParser] (main) Kafka startTimeMs: 1754598986676
**** Registry Base URL: http://registry-app-ksql043.apps.ci419.apicurio-testing.org:80
2025-08-07 20:36:26,677 INFO  [org.apa.kaf.cli.pro.ProducerConfig] (main) ProducerConfig values: 
	acks = -1
	auto.include.jmx.reporter = true
	batch.size = 16384
	bootstrap.servers = [PLAINTEXT://localhost:32769]
	buffer.memory = 33554432
	client.dns.lookup = use_all_dns_ips
	client.id = Producer-topic-79b96e56_364c_419c_9a84_ae9736e64afe
	compression.gzip.level = -1
	compression.lz4.level = 9
	compression.type = none
	compression.zstd.level = 3
	connections.max.idle.ms = 10000
	delivery.timeout.ms = 120000
	enable.idempotence = true
	enable.metrics.push = true
	interceptor.classes = []
	key.serializer = class org.apache.kafka.common.serialization.StringSerializer
	linger.ms = 0
	max.block.ms = 60000
	max.in.flight.requests.per.connection = 5
	max.request.size = 1048576
	metadata.max.age.ms = 300000
	metadata.max.idle.ms = 300000
	metadata.recovery.strategy = none
	metric.reporters = []
	metrics.num.samples = 2
	metrics.recording.level = INFO
	metrics.sample.window.ms = 30000
	partitioner.adaptive.partitioning.enable = true
	partitioner.availability.timeout.ms = 0
	partitioner.class = null
	partitioner.ignore.keys = false
	receive.buffer.bytes = 32768
	reconnect.backoff.max.ms = 1000
	reconnect.backoff.ms = 50
	request.timeout.ms = 5000
	retries = 2147483647
	retry.backoff.max.ms = 1000
	retry.backoff.ms = 100
	sasl.client.callback.handler.class = null
	sasl.jaas.config = null
	sasl.kerberos.kinit.cmd = /usr/bin/kinit
	sasl.kerberos.min.time.before.relogin = 60000
	sasl.kerberos.service.name = null
	sasl.kerberos.ticket.renew.jitter = 0.05
	sasl.kerberos.ticket.renew.window.factor = 0.8
	sasl.login.callback.handler.class = null
	sasl.login.class = null
	sasl.login.connect.timeout.ms = null
	sasl.login.read.timeout.ms = null
	sasl.login.refresh.buffer.seconds = 300
	sasl.login.refresh.min.period.seconds = 60
	sasl.login.refresh.window.factor = 0.8
	sasl.login.refresh.window.jitter = 0.05
	sasl.login.retry.backoff.max.ms = 10000
	sasl.login.retry.backoff.ms = 100
	sasl.mechanism = GSSAPI
	sasl.oauthbearer.clock.skew.seconds = 30
	sasl.oauthbearer.expected.audience = null
	sasl.oauthbearer.expected.issuer = null
	sasl.oauthbearer.header.urlencode = false
	sasl.oauthbearer.jwks.endpoint.refresh.ms = 3600000
	sasl.oauthbearer.jwks.endpoint.retry.backoff.max.ms = 10000
	sasl.oauthbearer.jwks.endpoint.retry.backoff.ms = 100
	sasl.oauthbearer.jwks.endpoint.url = null
	sasl.oauthbearer.scope.claim.name = scope
	sasl.oauthbearer.sub.claim.name = sub
	sasl.oauthbearer.token.endpoint.url = null
	security.protocol = PLAINTEXT
	security.providers = null
	send.buffer.bytes = 131072
	socket.connection.setup.timeout.max.ms = 30000
	socket.connection.setup.timeout.ms = 10000
	ssl.cipher.suites = null
	ssl.enabled.protocols = [TLSv1.2, TLSv1.3]
	ssl.endpoint.identification.algorithm = https
	ssl.engine.factory.class = null
	ssl.key.password = null
	ssl.keymanager.algorithm = SunX509
	ssl.keystore.certificate.chain = null
	ssl.keystore.key = null
	ssl.keystore.location = null
	ssl.keystore.password = null
	ssl.keystore.type = JKS
	ssl.protocol = TLSv1.3
	ssl.provider = null
	ssl.secure.random.implementation = null
	ssl.trustmanager.algorithm = PKIX
	ssl.truststore.certificates = null
	ssl.truststore.location = null
	ssl.truststore.password = null
	ssl.truststore.type = JKS
	transaction.timeout.ms = 60000
	transactional.id = null
	value.serializer = class io.apicurio.registry.serde.avro.AvroKafkaSerializer

2025-08-07 20:36:26,677 INFO  [org.apa.kaf.com.tel.int.KafkaMetricsCollector] (main) initializing Kafka metrics collector
2025-08-07 20:36:26,685 INFO  [org.apa.kaf.cli.Metadata] (kafka-producer-network-thread | Producer-topic-6a8f9f58_f30c_4d0a_864b_bdf5805b4012) [Producer clientId=Producer-topic-6a8f9f58_f30c_4d0a_864b_bdf5805b4012] Cluster ID: 7hmfGG3YTMCno0-sg6ieQg
2025-08-07 20:36:26,685 INFO  [org.apa.kaf.cli.pro.int.TransactionManager] (kafka-producer-network-thread | Producer-topic-6a8f9f58_f30c_4d0a_864b_bdf5805b4012) [Producer clientId=Producer-topic-6a8f9f58_f30c_4d0a_864b_bdf5805b4012] ProducerId set to 19 with epoch 0
2025-08-07 20:36:26,687 INFO  [org.apa.kaf.cli.pro.KafkaProducer] (main) [Producer clientId=Producer-topic-79b96e56_364c_419c_9a84_ae9736e64afe] Instantiated an idempotent producer.
2025-08-07 20:36:26,692 INFO  [org.apa.kaf.cli.pro.ProducerConfig] (main) These configurations '[apicurio.registry.url, apicurio.registry.artifact-resolver-strategy]' were supplied but are not used yet.
2025-08-07 20:36:26,692 INFO  [org.apa.kaf.com.uti.AppInfoParser] (main) Kafka version: 3.9.1
2025-08-07 20:36:26,692 INFO  [org.apa.kaf.com.uti.AppInfoParser] (main) Kafka commitId: f745dfdcee2b9851
2025-08-07 20:36:26,692 INFO  [org.apa.kaf.com.uti.AppInfoParser] (main) Kafka startTimeMs: 1754598986692
**** Registry Base URL: http://registry-app-ksql043.apps.ci419.apicurio-testing.org:80
2025-08-07 20:36:26,692 INFO  [org.apa.kaf.cli.pro.ProducerConfig] (main) ProducerConfig values: 
	acks = -1
	auto.include.jmx.reporter = true
	batch.size = 16384
	bootstrap.servers = [PLAINTEXT://localhost:32769]
	buffer.memory = 33554432
	client.dns.lookup = use_all_dns_ips
	client.id = Producer-topic-870492c0_dff9_48da_b762_cf2a8fc6c7d9
	compression.gzip.level = -1
	compression.lz4.level = 9
	compression.type = none
	compression.zstd.level = 3
	connections.max.idle.ms = 10000
	delivery.timeout.ms = 120000
	enable.idempotence = true
	enable.metrics.push = true
	interceptor.classes = []
	key.serializer = class org.apache.kafka.common.serialization.StringSerializer
	linger.ms = 0
	max.block.ms = 60000
	max.in.flight.requests.per.connection = 5
	max.request.size = 1048576
	metadata.max.age.ms = 300000
	metadata.max.idle.ms = 300000
	metadata.recovery.strategy = none
	metric.reporters = []
	metrics.num.samples = 2
	metrics.recording.level = INFO
	metrics.sample.window.ms = 30000
	partitioner.adaptive.partitioning.enable = true
	partitioner.availability.timeout.ms = 0
	partitioner.class = null
	partitioner.ignore.keys = false
	receive.buffer.bytes = 32768
	reconnect.backoff.max.ms = 1000
	reconnect.backoff.ms = 50
	request.timeout.ms = 5000
	retries = 2147483647
	retry.backoff.max.ms = 1000
	retry.backoff.ms = 100
	sasl.client.callback.handler.class = null
	sasl.jaas.config = null
	sasl.kerberos.kinit.cmd = /usr/bin/kinit
	sasl.kerberos.min.time.before.relogin = 60000
	sasl.kerberos.service.name = null
	sasl.kerberos.ticket.renew.jitter = 0.05
	sasl.kerberos.ticket.renew.window.factor = 0.8
	sasl.login.callback.handler.class = null
	sasl.login.class = null
	sasl.login.connect.timeout.ms = null
	sasl.login.read.timeout.ms = null
	sasl.login.refresh.buffer.seconds = 300
	sasl.login.refresh.min.period.seconds = 60
	sasl.login.refresh.window.factor = 0.8
	sasl.login.refresh.window.jitter = 0.05
	sasl.login.retry.backoff.max.ms = 10000
	sasl.login.retry.backoff.ms = 100
	sasl.mechanism = GSSAPI
	sasl.oauthbearer.clock.skew.seconds = 30
	sasl.oauthbearer.expected.audience = null
	sasl.oauthbearer.expected.issuer = null
	sasl.oauthbearer.header.urlencode = false
	sasl.oauthbearer.jwks.endpoint.refresh.ms = 3600000
	sasl.oauthbearer.jwks.endpoint.retry.backoff.max.ms = 10000
	sasl.oauthbearer.jwks.endpoint.retry.backoff.ms = 100
	sasl.oauthbearer.jwks.endpoint.url = null
	sasl.oauthbearer.scope.claim.name = scope
	sasl.oauthbearer.sub.claim.name = sub
	sasl.oauthbearer.token.endpoint.url = null
	security.protocol = PLAINTEXT
	security.providers = null
	send.buffer.bytes = 131072
	socket.connection.setup.timeout.max.ms = 30000
	socket.connection.setup.timeout.ms = 10000
	ssl.cipher.suites = null
	ssl.enabled.protocols = [TLSv1.2, TLSv1.3]
	ssl.endpoint.identification.algorithm = https
	ssl.engine.factory.class = null
	ssl.key.password = null
	ssl.keymanager.algorithm = SunX509
	ssl.keystore.certificate.chain = null
	ssl.keystore.key = null
	ssl.keystore.location = null
	ssl.keystore.password = null
	ssl.keystore.type = JKS
	ssl.protocol = TLSv1.3
	ssl.provider = null
	ssl.secure.random.implementation = null
	ssl.trustmanager.algorithm = PKIX
	ssl.truststore.certificates = null
	ssl.truststore.location = null
	ssl.truststore.password = null
	ssl.truststore.type = JKS
	transaction.timeout.ms = 60000
	transactional.id = null
	value.serializer = class io.apicurio.registry.serde.avro.AvroKafkaSerializer

2025-08-07 20:36:26,692 INFO  [org.apa.kaf.com.tel.int.KafkaMetricsCollector] (main) initializing Kafka metrics collector
2025-08-07 20:36:26,698 INFO  [org.apa.kaf.cli.Metadata] (kafka-producer-network-thread | Producer-topic-79b96e56_364c_419c_9a84_ae9736e64afe) [Producer clientId=Producer-topic-79b96e56_364c_419c_9a84_ae9736e64afe] Cluster ID: 7hmfGG3YTMCno0-sg6ieQg
2025-08-07 20:36:26,699 INFO  [org.apa.kaf.cli.pro.int.TransactionManager] (kafka-producer-network-thread | Producer-topic-79b96e56_364c_419c_9a84_ae9736e64afe) [Producer clientId=Producer-topic-79b96e56_364c_419c_9a84_ae9736e64afe] ProducerId set to 20 with epoch 0
2025-08-07 20:36:26,701 INFO  [org.apa.kaf.cli.pro.KafkaProducer] (main) [Producer clientId=Producer-topic-870492c0_dff9_48da_b762_cf2a8fc6c7d9] Instantiated an idempotent producer.
2025-08-07 20:36:26,709 INFO  [org.apa.kaf.cli.pro.ProducerConfig] (main) These configurations '[apicurio.registry.url, apicurio.registry.artifact-resolver-strategy]' were supplied but are not used yet.
2025-08-07 20:36:26,709 INFO  [org.apa.kaf.com.uti.AppInfoParser] (main) Kafka version: 3.9.1
2025-08-07 20:36:26,709 INFO  [org.apa.kaf.com.uti.AppInfoParser] (main) Kafka commitId: f745dfdcee2b9851
2025-08-07 20:36:26,709 INFO  [org.apa.kaf.com.uti.AppInfoParser] (main) Kafka startTimeMs: 1754598986709
**** Registry Base URL: http://registry-app-ksql043.apps.ci419.apicurio-testing.org:80
2025-08-07 20:36:26,709 INFO  [org.apa.kaf.cli.con.ConsumerConfig] (main) ConsumerConfig values: 
	allow.auto.create.topics = true
	auto.commit.interval.ms = 500
	auto.include.jmx.reporter = true
	auto.offset.reset = earliest
	bootstrap.servers = [PLAINTEXT://localhost:32769]
	check.crcs = true
	client.dns.lookup = use_all_dns_ips
	client.id = consumer-Consumer-topic-6a8f9f58_f30c_4d0a_864b_bdf5805b4012-14
	client.rack = 
	connections.max.idle.ms = 10000
	default.api.timeout.ms = 60000
	enable.auto.commit = true
	enable.metrics.push = true
	exclude.internal.topics = true
	fetch.max.bytes = 52428800
	fetch.max.wait.ms = 500
	fetch.min.bytes = 1
	group.id = Consumer-topic-6a8f9f58_f30c_4d0a_864b_bdf5805b4012
	group.instance.id = null
	group.protocol = classic
	group.remote.assignor = null
	heartbeat.interval.ms = 3000
	interceptor.classes = []
	internal.leave.group.on.close = true
	internal.throw.on.fetch.stable.offset.unsupported = false
	isolation.level = read_uncommitted
	key.deserializer = class org.apache.kafka.common.serialization.StringDeserializer
	max.partition.fetch.bytes = 1048576
	max.poll.interval.ms = 300000
	max.poll.records = 500
	metadata.max.age.ms = 300000
	metadata.recovery.strategy = none
	metric.reporters = []
	metrics.num.samples = 2
	metrics.recording.level = INFO
	metrics.sample.window.ms = 30000
	partition.assignment.strategy = [class org.apache.kafka.clients.consumer.RangeAssignor, class org.apache.kafka.clients.consumer.CooperativeStickyAssignor]
	receive.buffer.bytes = 65536
	reconnect.backoff.max.ms = 1000
	reconnect.backoff.ms = 50
	request.timeout.ms = 5000
	retry.backoff.max.ms = 1000
	retry.backoff.ms = 100
	sasl.client.callback.handler.class = null
	sasl.jaas.config = null
	sasl.kerberos.kinit.cmd = /usr/bin/kinit
	sasl.kerberos.min.time.before.relogin = 60000
	sasl.kerberos.service.name = null
	sasl.kerberos.ticket.renew.jitter = 0.05
	sasl.kerberos.ticket.renew.window.factor = 0.8
	sasl.login.callback.handler.class = null
	sasl.login.class = null
	sasl.login.connect.timeout.ms = null
	sasl.login.read.timeout.ms = null
	sasl.login.refresh.buffer.seconds = 300
	sasl.login.refresh.min.period.seconds = 60
	sasl.login.refresh.window.factor = 0.8
	sasl.login.refresh.window.jitter = 0.05
	sasl.login.retry.backoff.max.ms = 10000
	sasl.login.retry.backoff.ms = 100
	sasl.mechanism = GSSAPI
	sasl.oauthbearer.clock.skew.seconds = 30
	sasl.oauthbearer.expected.audience = null
	sasl.oauthbearer.expected.issuer = null
	sasl.oauthbearer.header.urlencode = false
	sasl.oauthbearer.jwks.endpoint.refresh.ms = 3600000
	sasl.oauthbearer.jwks.endpoint.retry.backoff.max.ms = 10000
	sasl.oauthbearer.jwks.endpoint.retry.backoff.ms = 100
	sasl.oauthbearer.jwks.endpoint.url = null
	sasl.oauthbearer.scope.claim.name = scope
	sasl.oauthbearer.sub.claim.name = sub
	sasl.oauthbearer.token.endpoint.url = null
	security.protocol = PLAINTEXT
	security.providers = null
	send.buffer.bytes = 131072
	session.timeout.ms = 45000
	socket.connection.setup.timeout.max.ms = 30000
	socket.connection.setup.timeout.ms = 10000
	ssl.cipher.suites = null
	ssl.enabled.protocols = [TLSv1.2, TLSv1.3]
	ssl.endpoint.identification.algorithm = https
	ssl.engine.factory.class = null
	ssl.key.password = null
	ssl.keymanager.algorithm = SunX509
	ssl.keystore.certificate.chain = null
	ssl.keystore.key = null
	ssl.keystore.location = null
	ssl.keystore.password = null
	ssl.keystore.type = JKS
	ssl.protocol = TLSv1.3
	ssl.provider = null
	ssl.secure.random.implementation = null
	ssl.trustmanager.algorithm = PKIX
	ssl.truststore.certificates = null
	ssl.truststore.location = null
	ssl.truststore.password = null
	ssl.truststore.type = JKS
	value.deserializer = class io.apicurio.registry.serde.avro.AvroKafkaDeserializer

2025-08-07 20:36:26,709 INFO  [org.apa.kaf.com.tel.int.KafkaMetricsCollector] (main) initializing Kafka metrics collector
2025-08-07 20:36:26,717 INFO  [org.apa.kaf.cli.Metadata] (kafka-producer-network-thread | Producer-topic-870492c0_dff9_48da_b762_cf2a8fc6c7d9) [Producer clientId=Producer-topic-870492c0_dff9_48da_b762_cf2a8fc6c7d9] Cluster ID: 7hmfGG3YTMCno0-sg6ieQg
2025-08-07 20:36:26,721 INFO  [org.apa.kaf.cli.pro.int.TransactionManager] (kafka-producer-network-thread | Producer-topic-870492c0_dff9_48da_b762_cf2a8fc6c7d9) [Producer clientId=Producer-topic-870492c0_dff9_48da_b762_cf2a8fc6c7d9] ProducerId set to 21 with epoch 0
2025-08-07 20:36:26,723 INFO  [org.apa.kaf.cli.con.ConsumerConfig] (main) These configurations '[apicurio.registry.url]' were supplied but are not used yet.
2025-08-07 20:36:26,723 INFO  [org.apa.kaf.com.uti.AppInfoParser] (main) Kafka version: 3.9.1
2025-08-07 20:36:26,723 INFO  [org.apa.kaf.com.uti.AppInfoParser] (main) Kafka commitId: f745dfdcee2b9851
2025-08-07 20:36:26,723 INFO  [org.apa.kaf.com.uti.AppInfoParser] (main) Kafka startTimeMs: 1754598986723
**** Registry Base URL: http://registry-app-ksql043.apps.ci419.apicurio-testing.org:80
2025-08-07 20:36:26,724 INFO  [org.apa.kaf.cli.con.ConsumerConfig] (main) ConsumerConfig values: 
	allow.auto.create.topics = true
	auto.commit.interval.ms = 500
	auto.include.jmx.reporter = true
	auto.offset.reset = earliest
	bootstrap.servers = [PLAINTEXT://localhost:32769]
	check.crcs = true
	client.dns.lookup = use_all_dns_ips
	client.id = consumer-Consumer-topic-79b96e56_364c_419c_9a84_ae9736e64afe-15
	client.rack = 
	connections.max.idle.ms = 10000
	default.api.timeout.ms = 60000
	enable.auto.commit = true
	enable.metrics.push = true
	exclude.internal.topics = true
	fetch.max.bytes = 52428800
	fetch.max.wait.ms = 500
	fetch.min.bytes = 1
	group.id = Consumer-topic-79b96e56_364c_419c_9a84_ae9736e64afe
	group.instance.id = null
	group.protocol = classic
	group.remote.assignor = null
	heartbeat.interval.ms = 3000
	interceptor.classes = []
	internal.leave.group.on.close = true
	internal.throw.on.fetch.stable.offset.unsupported = false
	isolation.level = read_uncommitted
	key.deserializer = class org.apache.kafka.common.serialization.StringDeserializer
	max.partition.fetch.bytes = 1048576
	max.poll.interval.ms = 300000
	max.poll.records = 500
	metadata.max.age.ms = 300000
	metadata.recovery.strategy = none
	metric.reporters = []
	metrics.num.samples = 2
	metrics.recording.level = INFO
	metrics.sample.window.ms = 30000
	partition.assignment.strategy = [class org.apache.kafka.clients.consumer.RangeAssignor, class org.apache.kafka.clients.consumer.CooperativeStickyAssignor]
	receive.buffer.bytes = 65536
	reconnect.backoff.max.ms = 1000
	reconnect.backoff.ms = 50
	request.timeout.ms = 5000
	retry.backoff.max.ms = 1000
	retry.backoff.ms = 100
	sasl.client.callback.handler.class = null
	sasl.jaas.config = null
	sasl.kerberos.kinit.cmd = /usr/bin/kinit
	sasl.kerberos.min.time.before.relogin = 60000
	sasl.kerberos.service.name = null
	sasl.kerberos.ticket.renew.jitter = 0.05
	sasl.kerberos.ticket.renew.window.factor = 0.8
	sasl.login.callback.handler.class = null
	sasl.login.class = null
	sasl.login.connect.timeout.ms = null
	sasl.login.read.timeout.ms = null
	sasl.login.refresh.buffer.seconds = 300
	sasl.login.refresh.min.period.seconds = 60
	sasl.login.refresh.window.factor = 0.8
	sasl.login.refresh.window.jitter = 0.05
	sasl.login.retry.backoff.max.ms = 10000
	sasl.login.retry.backoff.ms = 100
	sasl.mechanism = GSSAPI
	sasl.oauthbearer.clock.skew.seconds = 30
	sasl.oauthbearer.expected.audience = null
	sasl.oauthbearer.expected.issuer = null
	sasl.oauthbearer.header.urlencode = false
	sasl.oauthbearer.jwks.endpoint.refresh.ms = 3600000
	sasl.oauthbearer.jwks.endpoint.retry.backoff.max.ms = 10000
	sasl.oauthbearer.jwks.endpoint.retry.backoff.ms = 100
	sasl.oauthbearer.jwks.endpoint.url = null
	sasl.oauthbearer.scope.claim.name = scope
	sasl.oauthbearer.sub.claim.name = sub
	sasl.oauthbearer.token.endpoint.url = null
	security.protocol = PLAINTEXT
	security.providers = null
	send.buffer.bytes = 131072
	session.timeout.ms = 45000
	socket.connection.setup.timeout.max.ms = 30000
	socket.connection.setup.timeout.ms = 10000
	ssl.cipher.suites = null
	ssl.enabled.protocols = [TLSv1.2, TLSv1.3]
	ssl.endpoint.identification.algorithm = https
	ssl.engine.factory.class = null
	ssl.key.password = null
	ssl.keymanager.algorithm = SunX509
	ssl.keystore.certificate.chain = null
	ssl.keystore.key = null
	ssl.keystore.location = null
	ssl.keystore.password = null
	ssl.keystore.type = JKS
	ssl.protocol = TLSv1.3
	ssl.provider = null
	ssl.secure.random.implementation = null
	ssl.trustmanager.algorithm = PKIX
	ssl.truststore.certificates = null
	ssl.truststore.location = null
	ssl.truststore.password = null
	ssl.truststore.type = JKS
	value.deserializer = class io.apicurio.registry.serde.avro.AvroKafkaDeserializer

2025-08-07 20:36:26,724 INFO  [org.apa.kaf.com.tel.int.KafkaMetricsCollector] (main) initializing Kafka metrics collector
2025-08-07 20:36:26,734 INFO  [org.apa.kaf.cli.con.ConsumerConfig] (main) These configurations '[apicurio.registry.url]' were supplied but are not used yet.
2025-08-07 20:36:26,734 INFO  [org.apa.kaf.com.uti.AppInfoParser] (main) Kafka version: 3.9.1
2025-08-07 20:36:26,735 INFO  [org.apa.kaf.com.uti.AppInfoParser] (main) Kafka commitId: f745dfdcee2b9851
2025-08-07 20:36:26,735 INFO  [org.apa.kaf.com.uti.AppInfoParser] (main) Kafka startTimeMs: 1754598986734
**** Registry Base URL: http://registry-app-ksql043.apps.ci419.apicurio-testing.org:80
2025-08-07 20:36:26,735 INFO  [org.apa.kaf.cli.con.ConsumerConfig] (main) ConsumerConfig values: 
	allow.auto.create.topics = true
	auto.commit.interval.ms = 500
	auto.include.jmx.reporter = true
	auto.offset.reset = earliest
	bootstrap.servers = [PLAINTEXT://localhost:32769]
	check.crcs = true
	client.dns.lookup = use_all_dns_ips
	client.id = consumer-Consumer-topic-870492c0_dff9_48da_b762_cf2a8fc6c7d9-16
	client.rack = 
	connections.max.idle.ms = 10000
	default.api.timeout.ms = 60000
	enable.auto.commit = true
	enable.metrics.push = true
	exclude.internal.topics = true
	fetch.max.bytes = 52428800
	fetch.max.wait.ms = 500
	fetch.min.bytes = 1
	group.id = Consumer-topic-870492c0_dff9_48da_b762_cf2a8fc6c7d9
	group.instance.id = null
	group.protocol = classic
	group.remote.assignor = null
	heartbeat.interval.ms = 3000
	interceptor.classes = []
	internal.leave.group.on.close = true
	internal.throw.on.fetch.stable.offset.unsupported = false
	isolation.level = read_uncommitted
	key.deserializer = class org.apache.kafka.common.serialization.StringDeserializer
	max.partition.fetch.bytes = 1048576
	max.poll.interval.ms = 300000
	max.poll.records = 500
	metadata.max.age.ms = 300000
	metadata.recovery.strategy = none
	metric.reporters = []
	metrics.num.samples = 2
	metrics.recording.level = INFO
	metrics.sample.window.ms = 30000
	partition.assignment.strategy = [class org.apache.kafka.clients.consumer.RangeAssignor, class org.apache.kafka.clients.consumer.CooperativeStickyAssignor]
	receive.buffer.bytes = 65536
	reconnect.backoff.max.ms = 1000
	reconnect.backoff.ms = 50
	request.timeout.ms = 5000
	retry.backoff.max.ms = 1000
	retry.backoff.ms = 100
	sasl.client.callback.handler.class = null
	sasl.jaas.config = null
	sasl.kerberos.kinit.cmd = /usr/bin/kinit
	sasl.kerberos.min.time.before.relogin = 60000
	sasl.kerberos.service.name = null
	sasl.kerberos.ticket.renew.jitter = 0.05
	sasl.kerberos.ticket.renew.window.factor = 0.8
	sasl.login.callback.handler.class = null
	sasl.login.class = null
	sasl.login.connect.timeout.ms = null
	sasl.login.read.timeout.ms = null
	sasl.login.refresh.buffer.seconds = 300
	sasl.login.refresh.min.period.seconds = 60
	sasl.login.refresh.window.factor = 0.8
	sasl.login.refresh.window.jitter = 0.05
	sasl.login.retry.backoff.max.ms = 10000
	sasl.login.retry.backoff.ms = 100
	sasl.mechanism = GSSAPI
	sasl.oauthbearer.clock.skew.seconds = 30
	sasl.oauthbearer.expected.audience = null
	sasl.oauthbearer.expected.issuer = null
	sasl.oauthbearer.header.urlencode = false
	sasl.oauthbearer.jwks.endpoint.refresh.ms = 3600000
	sasl.oauthbearer.jwks.endpoint.retry.backoff.max.ms = 10000
	sasl.oauthbearer.jwks.endpoint.retry.backoff.ms = 100
	sasl.oauthbearer.jwks.endpoint.url = null
	sasl.oauthbearer.scope.claim.name = scope
	sasl.oauthbearer.sub.claim.name = sub
	sasl.oauthbearer.token.endpoint.url = null
	security.protocol = PLAINTEXT
	security.providers = null
	send.buffer.bytes = 131072
	session.timeout.ms = 45000
	socket.connection.setup.timeout.max.ms = 30000
	socket.connection.setup.timeout.ms = 10000
	ssl.cipher.suites = null
	ssl.enabled.protocols = [TLSv1.2, TLSv1.3]
	ssl.endpoint.identification.algorithm = https
	ssl.engine.factory.class = null
	ssl.key.password = null
	ssl.keymanager.algorithm = SunX509
	ssl.keystore.certificate.chain = null
	ssl.keystore.key = null
	ssl.keystore.location = null
	ssl.keystore.password = null
	ssl.keystore.type = JKS
	ssl.protocol = TLSv1.3
	ssl.provider = null
	ssl.secure.random.implementation = null
	ssl.trustmanager.algorithm = PKIX
	ssl.truststore.certificates = null
	ssl.truststore.location = null
	ssl.truststore.password = null
	ssl.truststore.type = JKS
	value.deserializer = class io.apicurio.registry.serde.avro.AvroKafkaDeserializer

2025-08-07 20:36:26,735 INFO  [org.apa.kaf.com.tel.int.KafkaMetricsCollector] (main) initializing Kafka metrics collector
2025-08-07 20:36:26,743 INFO  [org.apa.kaf.cli.con.ConsumerConfig] (main) These configurations '[apicurio.registry.url]' were supplied but are not used yet.
2025-08-07 20:36:26,743 INFO  [org.apa.kaf.com.uti.AppInfoParser] (main) Kafka version: 3.9.1
2025-08-07 20:36:26,743 INFO  [org.apa.kaf.com.uti.AppInfoParser] (main) Kafka commitId: f745dfdcee2b9851
2025-08-07 20:36:26,743 INFO  [org.apa.kaf.com.uti.AppInfoParser] (main) Kafka startTimeMs: 1754598986743
2025-08-07 20:36:26,744 INFO  [io.api.tes.ser.api.KafkaSerdesTester] (Thread-713) Sending message {"key11754598985600": "value-0"} to topic topic-6a8f9f58_f30c_4d0a_864b_bdf5805b4012
2025-08-07 20:36:26,748 INFO  [DefaultSchemaResolver] (Thread-713) Retrieving schema content using string: {"type":"record","name":"myrecordconfluent","fields":[{"name":"key11754598985600","type":"string"}]}
2025-08-07 20:36:26,773 INFO  [io.api.tes.ser.api.KafkaSerdesTester] (Thread-713) Sending message {"key11754598985600": "value-1"} to topic topic-6a8f9f58_f30c_4d0a_864b_bdf5805b4012
2025-08-07 20:36:26,775 INFO  [io.api.tes.ser.api.KafkaSerdesTester] (Thread-713) Sending message {"key11754598985600": "value-2"} to topic topic-6a8f9f58_f30c_4d0a_864b_bdf5805b4012
2025-08-07 20:36:26,777 INFO  [io.api.tes.ser.api.KafkaSerdesTester] (Thread-713) Sending message {"key11754598985600": "value-3"} to topic topic-6a8f9f58_f30c_4d0a_864b_bdf5805b4012
2025-08-07 20:36:26,778 INFO  [io.api.tes.ser.api.KafkaSerdesTester] (Thread-713) Sending message {"key11754598985600": "value-4"} to topic topic-6a8f9f58_f30c_4d0a_864b_bdf5805b4012
2025-08-07 20:36:26,779 INFO  [io.api.tes.ser.api.KafkaSerdesTester] (Thread-713) Sending message {"key11754598985600": "value-5"} to topic topic-6a8f9f58_f30c_4d0a_864b_bdf5805b4012
2025-08-07 20:36:26,780 INFO  [io.api.tes.ser.api.KafkaSerdesTester] (Thread-713) Sending message {"key11754598985600": "value-6"} to topic topic-6a8f9f58_f30c_4d0a_864b_bdf5805b4012
2025-08-07 20:36:26,781 INFO  [io.api.tes.ser.api.KafkaSerdesTester] (Thread-713) Sending message {"key11754598985600": "value-7"} to topic topic-6a8f9f58_f30c_4d0a_864b_bdf5805b4012
2025-08-07 20:36:26,782 INFO  [io.api.tes.ser.api.KafkaSerdesTester] (Thread-713) Sending message {"key11754598985600": "value-8"} to topic topic-6a8f9f58_f30c_4d0a_864b_bdf5805b4012
2025-08-07 20:36:26,783 INFO  [io.api.tes.ser.api.KafkaSerdesTester] (Thread-713) Sending message {"key11754598985600": "value-9"} to topic topic-6a8f9f58_f30c_4d0a_864b_bdf5805b4012
2025-08-07 20:36:26,784 INFO  [io.api.tes.ser.api.KafkaSerdesTester] (Thread-713) Produced 10 messages
2025-08-07 20:36:26,785 INFO  [org.apa.kaf.cli.pro.KafkaProducer] (Thread-713) [Producer clientId=Producer-topic-6a8f9f58_f30c_4d0a_864b_bdf5805b4012] Closing the Kafka producer with timeoutMillis = 9223372036854775807 ms.
2025-08-07 20:36:26,786 INFO  [org.apa.kaf.com.met.Metrics] (Thread-713) Metrics scheduler closed
2025-08-07 20:36:26,786 INFO  [org.apa.kaf.com.met.Metrics] (Thread-713) Closing reporter org.apache.kafka.common.metrics.JmxReporter
2025-08-07 20:36:26,786 INFO  [org.apa.kaf.com.met.Metrics] (Thread-713) Closing reporter org.apache.kafka.common.telemetry.internals.ClientTelemetryReporter
2025-08-07 20:36:26,786 INFO  [org.apa.kaf.com.met.Metrics] (Thread-713) Metrics reporters closed
2025-08-07 20:36:26,787 INFO  [org.apa.kaf.com.uti.AppInfoParser] (Thread-713) App info kafka.producer for Producer-topic-6a8f9f58_f30c_4d0a_864b_bdf5805b4012 unregistered
2025-08-07 20:36:26,787 INFO  [io.api.tes.ser.api.KafkaSerdesTester] (Thread-714) Sending message {"key11754598985600": "value-0"} to topic topic-79b96e56_364c_419c_9a84_ae9736e64afe
2025-08-07 20:36:26,791 INFO  [DefaultSchemaResolver] (Thread-714) Retrieving schema content using string: {"type":"record","name":"myrecordconfluent","fields":[{"name":"key11754598985600","type":"string"}]}
2025-08-07 20:36:26,820 INFO  [io.api.tes.ser.api.KafkaSerdesTester] (Thread-714) Sending message {"key11754598985600": "value-1"} to topic topic-79b96e56_364c_419c_9a84_ae9736e64afe
2025-08-07 20:36:26,821 INFO  [io.api.tes.ser.api.KafkaSerdesTester] (Thread-714) Sending message {"key11754598985600": "value-2"} to topic topic-79b96e56_364c_419c_9a84_ae9736e64afe
2025-08-07 20:36:26,822 INFO  [io.api.tes.ser.api.KafkaSerdesTester] (Thread-714) Sending message {"key11754598985600": "value-3"} to topic topic-79b96e56_364c_419c_9a84_ae9736e64afe
2025-08-07 20:36:26,823 INFO  [io.api.tes.ser.api.KafkaSerdesTester] (Thread-714) Sending message {"key11754598985600": "value-4"} to topic topic-79b96e56_364c_419c_9a84_ae9736e64afe
2025-08-07 20:36:26,825 INFO  [io.api.tes.ser.api.KafkaSerdesTester] (Thread-714) Sending message {"key11754598985600": "value-5"} to topic topic-79b96e56_364c_419c_9a84_ae9736e64afe
2025-08-07 20:36:26,829 INFO  [io.api.tes.ser.api.KafkaSerdesTester] (Thread-714) Sending message {"key11754598985600": "value-6"} to topic topic-79b96e56_364c_419c_9a84_ae9736e64afe
2025-08-07 20:36:26,830 INFO  [io.api.tes.ser.api.KafkaSerdesTester] (Thread-714) Sending message {"key11754598985600": "value-7"} to topic topic-79b96e56_364c_419c_9a84_ae9736e64afe
2025-08-07 20:36:26,831 INFO  [io.api.tes.ser.api.KafkaSerdesTester] (Thread-714) Sending message {"key11754598985600": "value-8"} to topic topic-79b96e56_364c_419c_9a84_ae9736e64afe
2025-08-07 20:36:26,833 INFO  [io.api.tes.ser.api.KafkaSerdesTester] (Thread-714) Sending message {"key11754598985600": "value-9"} to topic topic-79b96e56_364c_419c_9a84_ae9736e64afe
2025-08-07 20:36:26,837 INFO  [io.api.tes.ser.api.KafkaSerdesTester] (Thread-714) Produced 10 messages
2025-08-07 20:36:26,837 INFO  [org.apa.kaf.cli.pro.KafkaProducer] (Thread-714) [Producer clientId=Producer-topic-79b96e56_364c_419c_9a84_ae9736e64afe] Closing the Kafka producer with timeoutMillis = 9223372036854775807 ms.
2025-08-07 20:36:26,839 INFO  [org.apa.kaf.com.met.Metrics] (Thread-714) Metrics scheduler closed
2025-08-07 20:36:26,839 INFO  [org.apa.kaf.com.met.Metrics] (Thread-714) Closing reporter org.apache.kafka.common.metrics.JmxReporter
2025-08-07 20:36:26,839 INFO  [org.apa.kaf.com.met.Metrics] (Thread-714) Closing reporter org.apache.kafka.common.telemetry.internals.ClientTelemetryReporter
2025-08-07 20:36:26,839 INFO  [org.apa.kaf.com.met.Metrics] (Thread-714) Metrics reporters closed
2025-08-07 20:36:26,840 INFO  [org.apa.kaf.com.uti.AppInfoParser] (Thread-714) App info kafka.producer for Producer-topic-79b96e56_364c_419c_9a84_ae9736e64afe unregistered
2025-08-07 20:36:26,842 INFO  [io.api.tes.ser.api.KafkaSerdesTester] (Thread-715) Sending message {"key11754598985600": "value-0"} to topic topic-870492c0_dff9_48da_b762_cf2a8fc6c7d9
2025-08-07 20:36:26,844 INFO  [DefaultSchemaResolver] (Thread-715) Retrieving schema content using string: {"type":"record","name":"myrecordconfluent","fields":[{"name":"key11754598985600","type":"string"}]}
2025-08-07 20:36:26,893 INFO  [io.api.tes.ser.api.KafkaSerdesTester] (Thread-715) Sending message {"key11754598985600": "value-1"} to topic topic-870492c0_dff9_48da_b762_cf2a8fc6c7d9
2025-08-07 20:36:26,894 INFO  [io.api.tes.ser.api.KafkaSerdesTester] (Thread-715) Sending message {"key11754598985600": "value-2"} to topic topic-870492c0_dff9_48da_b762_cf2a8fc6c7d9
2025-08-07 20:36:26,898 INFO  [io.api.tes.ser.api.KafkaSerdesTester] (Thread-715) Sending message {"key11754598985600": "value-3"} to topic topic-870492c0_dff9_48da_b762_cf2a8fc6c7d9
2025-08-07 20:36:26,903 INFO  [io.api.tes.ser.api.KafkaSerdesTester] (Thread-715) Sending message {"key11754598985600": "value-4"} to topic topic-870492c0_dff9_48da_b762_cf2a8fc6c7d9
2025-08-07 20:36:26,906 INFO  [io.api.tes.ser.api.KafkaSerdesTester] (Thread-715) Sending message {"key11754598985600": "value-5"} to topic topic-870492c0_dff9_48da_b762_cf2a8fc6c7d9
2025-08-07 20:36:26,907 INFO  [io.api.tes.ser.api.KafkaSerdesTester] (Thread-715) Sending message {"key11754598985600": "value-6"} to topic topic-870492c0_dff9_48da_b762_cf2a8fc6c7d9
2025-08-07 20:36:26,909 INFO  [io.api.tes.ser.api.KafkaSerdesTester] (Thread-715) Sending message {"key11754598985600": "value-7"} to topic topic-870492c0_dff9_48da_b762_cf2a8fc6c7d9
2025-08-07 20:36:26,911 INFO  [io.api.tes.ser.api.KafkaSerdesTester] (Thread-715) Sending message {"key11754598985600": "value-8"} to topic topic-870492c0_dff9_48da_b762_cf2a8fc6c7d9
2025-08-07 20:36:26,913 INFO  [io.api.tes.ser.api.KafkaSerdesTester] (Thread-715) Sending message {"key11754598985600": "value-9"} to topic topic-870492c0_dff9_48da_b762_cf2a8fc6c7d9
2025-08-07 20:36:26,914 INFO  [io.api.tes.ser.api.KafkaSerdesTester] (Thread-715) Produced 10 messages
2025-08-07 20:36:26,914 INFO  [org.apa.kaf.cli.pro.KafkaProducer] (Thread-715) [Producer clientId=Producer-topic-870492c0_dff9_48da_b762_cf2a8fc6c7d9] Closing the Kafka producer with timeoutMillis = 9223372036854775807 ms.
2025-08-07 20:36:26,916 INFO  [org.apa.kaf.com.met.Metrics] (Thread-715) Metrics scheduler closed
2025-08-07 20:36:26,916 INFO  [org.apa.kaf.com.met.Metrics] (Thread-715) Closing reporter org.apache.kafka.common.metrics.JmxReporter
2025-08-07 20:36:26,916 INFO  [org.apa.kaf.com.met.Metrics] (Thread-715) Closing reporter org.apache.kafka.common.telemetry.internals.ClientTelemetryReporter
2025-08-07 20:36:26,916 INFO  [org.apa.kaf.com.met.Metrics] (Thread-715) Metrics reporters closed
2025-08-07 20:36:26,917 INFO  [org.apa.kaf.com.uti.AppInfoParser] (Thread-715) App info kafka.producer for Producer-topic-870492c0_dff9_48da_b762_cf2a8fc6c7d9 unregistered
2025-08-07 20:36:26,918 INFO  [org.apa.kaf.cli.con.int.ClassicKafkaConsumer] (Thread-716) [Consumer clientId=consumer-Consumer-topic-6a8f9f58_f30c_4d0a_864b_bdf5805b4012-14, groupId=Consumer-topic-6a8f9f58_f30c_4d0a_864b_bdf5805b4012] Subscribed to topic(s): topic-6a8f9f58_f30c_4d0a_864b_bdf5805b4012
2025-08-07 20:36:26,924 INFO  [org.apa.kaf.cli.Metadata] (Thread-716) [Consumer clientId=consumer-Consumer-topic-6a8f9f58_f30c_4d0a_864b_bdf5805b4012-14, groupId=Consumer-topic-6a8f9f58_f30c_4d0a_864b_bdf5805b4012] Cluster ID: 7hmfGG3YTMCno0-sg6ieQg
2025-08-07 20:36:26,925 INFO  [org.apa.kaf.cli.con.int.ConsumerCoordinator] (Thread-716) [Consumer clientId=consumer-Consumer-topic-6a8f9f58_f30c_4d0a_864b_bdf5805b4012-14, groupId=Consumer-topic-6a8f9f58_f30c_4d0a_864b_bdf5805b4012] Discovered group coordinator localhost:32769 (id: 2147483647 rack: null)
2025-08-07 20:36:26,927 INFO  [org.apa.kaf.cli.con.int.ConsumerCoordinator] (Thread-716) [Consumer clientId=consumer-Consumer-topic-6a8f9f58_f30c_4d0a_864b_bdf5805b4012-14, groupId=Consumer-topic-6a8f9f58_f30c_4d0a_864b_bdf5805b4012] (Re-)joining group
2025-08-07 20:36:26,933 INFO  [org.apa.kaf.cli.con.int.ConsumerCoordinator] (Thread-716) [Consumer clientId=consumer-Consumer-topic-6a8f9f58_f30c_4d0a_864b_bdf5805b4012-14, groupId=Consumer-topic-6a8f9f58_f30c_4d0a_864b_bdf5805b4012] Request joining group due to: need to re-join with the given member-id: consumer-Consumer-topic-6a8f9f58_f30c_4d0a_864b_bdf5805b4012-14-9ed53bea-a97b-466f-8ae1-487edcfef951
2025-08-07 20:36:26,933 INFO  [org.apa.kaf.cli.con.int.ConsumerCoordinator] (Thread-716) [Consumer clientId=consumer-Consumer-topic-6a8f9f58_f30c_4d0a_864b_bdf5805b4012-14, groupId=Consumer-topic-6a8f9f58_f30c_4d0a_864b_bdf5805b4012] (Re-)joining group
2025-08-07 20:36:27,918 INFO  [io.api.tes.ser.api.KafkaSerdesTester] (Thread-716) None found
2025-08-07 20:36:28,918 INFO  [io.api.tes.ser.api.KafkaSerdesTester] (Thread-716) None found
2025-08-07 20:36:29,918 INFO  [io.api.tes.ser.api.KafkaSerdesTester] (Thread-716) None found
2025-08-07 20:36:29,935 INFO  [org.apa.kaf.cli.con.int.ConsumerCoordinator] (Thread-716) [Consumer clientId=consumer-Consumer-topic-6a8f9f58_f30c_4d0a_864b_bdf5805b4012-14, groupId=Consumer-topic-6a8f9f58_f30c_4d0a_864b_bdf5805b4012] Successfully joined group with generation Generation{generationId=1, memberId='consumer-Consumer-topic-6a8f9f58_f30c_4d0a_864b_bdf5805b4012-14-9ed53bea-a97b-466f-8ae1-487edcfef951', protocol='range'}
2025-08-07 20:36:29,935 INFO  [org.apa.kaf.cli.con.int.ConsumerCoordinator] (Thread-716) [Consumer clientId=consumer-Consumer-topic-6a8f9f58_f30c_4d0a_864b_bdf5805b4012-14, groupId=Consumer-topic-6a8f9f58_f30c_4d0a_864b_bdf5805b4012] Finished assignment for group at generation 1: {consumer-Consumer-topic-6a8f9f58_f30c_4d0a_864b_bdf5805b4012-14-9ed53bea-a97b-466f-8ae1-487edcfef951=Assignment(partitions=[topic-6a8f9f58_f30c_4d0a_864b_bdf5805b4012-0])}
2025-08-07 20:36:29,942 INFO  [org.apa.kaf.cli.con.int.ConsumerCoordinator] (Thread-716) [Consumer clientId=consumer-Consumer-topic-6a8f9f58_f30c_4d0a_864b_bdf5805b4012-14, groupId=Consumer-topic-6a8f9f58_f30c_4d0a_864b_bdf5805b4012] Successfully synced group in generation Generation{generationId=1, memberId='consumer-Consumer-topic-6a8f9f58_f30c_4d0a_864b_bdf5805b4012-14-9ed53bea-a97b-466f-8ae1-487edcfef951', protocol='range'}
2025-08-07 20:36:29,942 INFO  [org.apa.kaf.cli.con.int.ConsumerCoordinator] (Thread-716) [Consumer clientId=consumer-Consumer-topic-6a8f9f58_f30c_4d0a_864b_bdf5805b4012-14, groupId=Consumer-topic-6a8f9f58_f30c_4d0a_864b_bdf5805b4012] Notifying assignor about the new Assignment(partitions=[topic-6a8f9f58_f30c_4d0a_864b_bdf5805b4012-0])
2025-08-07 20:36:29,942 INFO  [org.apa.kaf.cli.con.int.ConsumerRebalanceListenerInvoker] (Thread-716) [Consumer clientId=consumer-Consumer-topic-6a8f9f58_f30c_4d0a_864b_bdf5805b4012-14, groupId=Consumer-topic-6a8f9f58_f30c_4d0a_864b_bdf5805b4012] Adding newly assigned partitions: topic-6a8f9f58_f30c_4d0a_864b_bdf5805b4012-0
2025-08-07 20:36:29,943 INFO  [org.apa.kaf.cli.con.int.ConsumerCoordinator] (Thread-716) [Consumer clientId=consumer-Consumer-topic-6a8f9f58_f30c_4d0a_864b_bdf5805b4012-14, groupId=Consumer-topic-6a8f9f58_f30c_4d0a_864b_bdf5805b4012] Found no committed offset for partition topic-6a8f9f58_f30c_4d0a_864b_bdf5805b4012-0
2025-08-07 20:36:29,945 INFO  [org.apa.kaf.cli.con.int.SubscriptionState] (Thread-716) [Consumer clientId=consumer-Consumer-topic-6a8f9f58_f30c_4d0a_864b_bdf5805b4012-14, groupId=Consumer-topic-6a8f9f58_f30c_4d0a_864b_bdf5805b4012] Resetting offset for partition topic-6a8f9f58_f30c_4d0a_864b_bdf5805b4012-0 to position FetchPosition{offset=0, offsetEpoch=Optional.empty, currentLeader=LeaderAndEpoch{leader=Optional[localhost:32769 (id: 0 rack: null)], epoch=0}}.
2025-08-07 20:36:29,982 INFO  [io.api.tes.ser.api.KafkaSerdesTester] (Thread-716) topic-6a8f9f58_f30c_4d0a_864b_bdf5805b4012 0 0 {"key11754598985600": "value-0"}
2025-08-07 20:36:29,982 INFO  [io.api.tes.ser.api.KafkaSerdesTester] (Thread-716) topic-6a8f9f58_f30c_4d0a_864b_bdf5805b4012 0 1 {"key11754598985600": "value-1"}
2025-08-07 20:36:29,982 INFO  [io.api.tes.ser.api.KafkaSerdesTester] (Thread-716) topic-6a8f9f58_f30c_4d0a_864b_bdf5805b4012 0 2 {"key11754598985600": "value-2"}
2025-08-07 20:36:29,982 INFO  [io.api.tes.ser.api.KafkaSerdesTester] (Thread-716) topic-6a8f9f58_f30c_4d0a_864b_bdf5805b4012 0 3 {"key11754598985600": "value-3"}
2025-08-07 20:36:29,982 INFO  [io.api.tes.ser.api.KafkaSerdesTester] (Thread-716) topic-6a8f9f58_f30c_4d0a_864b_bdf5805b4012 0 4 {"key11754598985600": "value-4"}
2025-08-07 20:36:29,982 INFO  [io.api.tes.ser.api.KafkaSerdesTester] (Thread-716) topic-6a8f9f58_f30c_4d0a_864b_bdf5805b4012 0 5 {"key11754598985600": "value-5"}
2025-08-07 20:36:29,982 INFO  [io.api.tes.ser.api.KafkaSerdesTester] (Thread-716) topic-6a8f9f58_f30c_4d0a_864b_bdf5805b4012 0 6 {"key11754598985600": "value-6"}
2025-08-07 20:36:29,982 INFO  [io.api.tes.ser.api.KafkaSerdesTester] (Thread-716) topic-6a8f9f58_f30c_4d0a_864b_bdf5805b4012 0 7 {"key11754598985600": "value-7"}
2025-08-07 20:36:29,982 INFO  [io.api.tes.ser.api.KafkaSerdesTester] (Thread-716) topic-6a8f9f58_f30c_4d0a_864b_bdf5805b4012 0 8 {"key11754598985600": "value-8"}
2025-08-07 20:36:29,982 INFO  [io.api.tes.ser.api.KafkaSerdesTester] (Thread-716) topic-6a8f9f58_f30c_4d0a_864b_bdf5805b4012 0 9 {"key11754598985600": "value-9"}
2025-08-07 20:36:29,982 INFO  [io.api.tes.ser.api.KafkaSerdesTester] (Thread-716) Consumed 10 messages
2025-08-07 20:36:29,990 INFO  [org.apa.kaf.cli.con.int.ConsumerRebalanceListenerInvoker] (Thread-716) [Consumer clientId=consumer-Consumer-topic-6a8f9f58_f30c_4d0a_864b_bdf5805b4012-14, groupId=Consumer-topic-6a8f9f58_f30c_4d0a_864b_bdf5805b4012] Revoke previously assigned partitions topic-6a8f9f58_f30c_4d0a_864b_bdf5805b4012-0
2025-08-07 20:36:29,990 INFO  [org.apa.kaf.cli.con.int.ConsumerCoordinator] (Thread-716) [Consumer clientId=consumer-Consumer-topic-6a8f9f58_f30c_4d0a_864b_bdf5805b4012-14, groupId=Consumer-topic-6a8f9f58_f30c_4d0a_864b_bdf5805b4012] Member consumer-Consumer-topic-6a8f9f58_f30c_4d0a_864b_bdf5805b4012-14-9ed53bea-a97b-466f-8ae1-487edcfef951 sending LeaveGroup request to coordinator localhost:32769 (id: 2147483647 rack: null) due to the consumer is being closed
2025-08-07 20:36:29,990 INFO  [org.apa.kaf.cli.con.int.ConsumerCoordinator] (Thread-716) [Consumer clientId=consumer-Consumer-topic-6a8f9f58_f30c_4d0a_864b_bdf5805b4012-14, groupId=Consumer-topic-6a8f9f58_f30c_4d0a_864b_bdf5805b4012] Resetting generation and member id due to: consumer pro-actively leaving the group
2025-08-07 20:36:29,990 INFO  [org.apa.kaf.cli.con.int.ConsumerCoordinator] (Thread-716) [Consumer clientId=consumer-Consumer-topic-6a8f9f58_f30c_4d0a_864b_bdf5805b4012-14, groupId=Consumer-topic-6a8f9f58_f30c_4d0a_864b_bdf5805b4012] Request joining group due to: consumer pro-actively leaving the group
2025-08-07 20:36:30,485 INFO  [org.apa.kaf.com.met.Metrics] (Thread-716) Metrics scheduler closed
2025-08-07 20:36:30,485 INFO  [org.apa.kaf.com.met.Metrics] (Thread-716) Closing reporter org.apache.kafka.common.metrics.JmxReporter
2025-08-07 20:36:30,485 INFO  [org.apa.kaf.com.met.Metrics] (Thread-716) Closing reporter org.apache.kafka.common.telemetry.internals.ClientTelemetryReporter
2025-08-07 20:36:30,485 INFO  [org.apa.kaf.com.met.Metrics] (Thread-716) Metrics reporters closed
2025-08-07 20:36:30,488 INFO  [org.apa.kaf.com.uti.AppInfoParser] (Thread-716) App info kafka.consumer for consumer-Consumer-topic-6a8f9f58_f30c_4d0a_864b_bdf5805b4012-14 unregistered
2025-08-07 20:36:30,489 INFO  [org.apa.kaf.cli.con.int.ClassicKafkaConsumer] (Thread-717) [Consumer clientId=consumer-Consumer-topic-79b96e56_364c_419c_9a84_ae9736e64afe-15, groupId=Consumer-topic-79b96e56_364c_419c_9a84_ae9736e64afe] Subscribed to topic(s): topic-79b96e56_364c_419c_9a84_ae9736e64afe
2025-08-07 20:36:30,493 INFO  [org.apa.kaf.cli.Metadata] (Thread-717) [Consumer clientId=consumer-Consumer-topic-79b96e56_364c_419c_9a84_ae9736e64afe-15, groupId=Consumer-topic-79b96e56_364c_419c_9a84_ae9736e64afe] Cluster ID: 7hmfGG3YTMCno0-sg6ieQg
2025-08-07 20:36:30,494 INFO  [org.apa.kaf.cli.con.int.ConsumerCoordinator] (Thread-717) [Consumer clientId=consumer-Consumer-topic-79b96e56_364c_419c_9a84_ae9736e64afe-15, groupId=Consumer-topic-79b96e56_364c_419c_9a84_ae9736e64afe] Discovered group coordinator localhost:32769 (id: 2147483647 rack: null)
2025-08-07 20:36:30,495 INFO  [org.apa.kaf.cli.con.int.ConsumerCoordinator] (Thread-717) [Consumer clientId=consumer-Consumer-topic-79b96e56_364c_419c_9a84_ae9736e64afe-15, groupId=Consumer-topic-79b96e56_364c_419c_9a84_ae9736e64afe] (Re-)joining group
2025-08-07 20:36:30,497 INFO  [org.apa.kaf.cli.con.int.ConsumerCoordinator] (Thread-717) [Consumer clientId=consumer-Consumer-topic-79b96e56_364c_419c_9a84_ae9736e64afe-15, groupId=Consumer-topic-79b96e56_364c_419c_9a84_ae9736e64afe] Request joining group due to: need to re-join with the given member-id: consumer-Consumer-topic-79b96e56_364c_419c_9a84_ae9736e64afe-15-9a227301-2b71-40d0-a43c-beb967cd1a7d
2025-08-07 20:36:30,497 INFO  [org.apa.kaf.cli.con.int.ConsumerCoordinator] (Thread-717) [Consumer clientId=consumer-Consumer-topic-79b96e56_364c_419c_9a84_ae9736e64afe-15, groupId=Consumer-topic-79b96e56_364c_419c_9a84_ae9736e64afe] (Re-)joining group
2025-08-07 20:36:31,489 INFO  [io.api.tes.ser.api.KafkaSerdesTester] (Thread-717) None found
2025-08-07 20:36:32,489 INFO  [io.api.tes.ser.api.KafkaSerdesTester] (Thread-717) None found
2025-08-07 20:36:33,490 INFO  [io.api.tes.ser.api.KafkaSerdesTester] (Thread-717) None found
2025-08-07 20:36:33,498 INFO  [org.apa.kaf.cli.con.int.ConsumerCoordinator] (Thread-717) [Consumer clientId=consumer-Consumer-topic-79b96e56_364c_419c_9a84_ae9736e64afe-15, groupId=Consumer-topic-79b96e56_364c_419c_9a84_ae9736e64afe] Successfully joined group with generation Generation{generationId=1, memberId='consumer-Consumer-topic-79b96e56_364c_419c_9a84_ae9736e64afe-15-9a227301-2b71-40d0-a43c-beb967cd1a7d', protocol='range'}
2025-08-07 20:36:33,498 INFO  [org.apa.kaf.cli.con.int.ConsumerCoordinator] (Thread-717) [Consumer clientId=consumer-Consumer-topic-79b96e56_364c_419c_9a84_ae9736e64afe-15, groupId=Consumer-topic-79b96e56_364c_419c_9a84_ae9736e64afe] Finished assignment for group at generation 1: {consumer-Consumer-topic-79b96e56_364c_419c_9a84_ae9736e64afe-15-9a227301-2b71-40d0-a43c-beb967cd1a7d=Assignment(partitions=[topic-79b96e56_364c_419c_9a84_ae9736e64afe-0])}
2025-08-07 20:36:33,505 INFO  [org.apa.kaf.cli.con.int.ConsumerCoordinator] (Thread-717) [Consumer clientId=consumer-Consumer-topic-79b96e56_364c_419c_9a84_ae9736e64afe-15, groupId=Consumer-topic-79b96e56_364c_419c_9a84_ae9736e64afe] Successfully synced group in generation Generation{generationId=1, memberId='consumer-Consumer-topic-79b96e56_364c_419c_9a84_ae9736e64afe-15-9a227301-2b71-40d0-a43c-beb967cd1a7d', protocol='range'}
2025-08-07 20:36:33,505 INFO  [org.apa.kaf.cli.con.int.ConsumerCoordinator] (Thread-717) [Consumer clientId=consumer-Consumer-topic-79b96e56_364c_419c_9a84_ae9736e64afe-15, groupId=Consumer-topic-79b96e56_364c_419c_9a84_ae9736e64afe] Notifying assignor about the new Assignment(partitions=[topic-79b96e56_364c_419c_9a84_ae9736e64afe-0])
2025-08-07 20:36:33,505 INFO  [org.apa.kaf.cli.con.int.ConsumerRebalanceListenerInvoker] (Thread-717) [Consumer clientId=consumer-Consumer-topic-79b96e56_364c_419c_9a84_ae9736e64afe-15, groupId=Consumer-topic-79b96e56_364c_419c_9a84_ae9736e64afe] Adding newly assigned partitions: topic-79b96e56_364c_419c_9a84_ae9736e64afe-0
2025-08-07 20:36:33,506 INFO  [org.apa.kaf.cli.con.int.ConsumerCoordinator] (Thread-717) [Consumer clientId=consumer-Consumer-topic-79b96e56_364c_419c_9a84_ae9736e64afe-15, groupId=Consumer-topic-79b96e56_364c_419c_9a84_ae9736e64afe] Found no committed offset for partition topic-79b96e56_364c_419c_9a84_ae9736e64afe-0
2025-08-07 20:36:33,509 INFO  [org.apa.kaf.cli.con.int.SubscriptionState] (Thread-717) [Consumer clientId=consumer-Consumer-topic-79b96e56_364c_419c_9a84_ae9736e64afe-15, groupId=Consumer-topic-79b96e56_364c_419c_9a84_ae9736e64afe] Resetting offset for partition topic-79b96e56_364c_419c_9a84_ae9736e64afe-0 to position FetchPosition{offset=0, offsetEpoch=Optional.empty, currentLeader=LeaderAndEpoch{leader=Optional[localhost:32769 (id: 0 rack: null)], epoch=0}}.
2025-08-07 20:36:33,544 INFO  [io.api.tes.ser.api.KafkaSerdesTester] (Thread-717) topic-79b96e56_364c_419c_9a84_ae9736e64afe 0 0 {"key11754598985600": "value-0"}
2025-08-07 20:36:33,544 INFO  [io.api.tes.ser.api.KafkaSerdesTester] (Thread-717) topic-79b96e56_364c_419c_9a84_ae9736e64afe 0 1 {"key11754598985600": "value-1"}
2025-08-07 20:36:33,544 INFO  [io.api.tes.ser.api.KafkaSerdesTester] (Thread-717) topic-79b96e56_364c_419c_9a84_ae9736e64afe 0 2 {"key11754598985600": "value-2"}
2025-08-07 20:36:33,544 INFO  [io.api.tes.ser.api.KafkaSerdesTester] (Thread-717) topic-79b96e56_364c_419c_9a84_ae9736e64afe 0 3 {"key11754598985600": "value-3"}
2025-08-07 20:36:33,544 INFO  [io.api.tes.ser.api.KafkaSerdesTester] (Thread-717) topic-79b96e56_364c_419c_9a84_ae9736e64afe 0 4 {"key11754598985600": "value-4"}
2025-08-07 20:36:33,544 INFO  [io.api.tes.ser.api.KafkaSerdesTester] (Thread-717) topic-79b96e56_364c_419c_9a84_ae9736e64afe 0 5 {"key11754598985600": "value-5"}
2025-08-07 20:36:33,544 INFO  [io.api.tes.ser.api.KafkaSerdesTester] (Thread-717) topic-79b96e56_364c_419c_9a84_ae9736e64afe 0 6 {"key11754598985600": "value-6"}
2025-08-07 20:36:33,544 INFO  [io.api.tes.ser.api.KafkaSerdesTester] (Thread-717) topic-79b96e56_364c_419c_9a84_ae9736e64afe 0 7 {"key11754598985600": "value-7"}
2025-08-07 20:36:33,544 INFO  [io.api.tes.ser.api.KafkaSerdesTester] (Thread-717) topic-79b96e56_364c_419c_9a84_ae9736e64afe 0 8 {"key11754598985600": "value-8"}
2025-08-07 20:36:33,544 INFO  [io.api.tes.ser.api.KafkaSerdesTester] (Thread-717) topic-79b96e56_364c_419c_9a84_ae9736e64afe 0 9 {"key11754598985600": "value-9"}
2025-08-07 20:36:33,544 INFO  [io.api.tes.ser.api.KafkaSerdesTester] (Thread-717) Consumed 10 messages
2025-08-07 20:36:33,554 INFO  [org.apa.kaf.cli.con.int.ConsumerRebalanceListenerInvoker] (Thread-717) [Consumer clientId=consumer-Consumer-topic-79b96e56_364c_419c_9a84_ae9736e64afe-15, groupId=Consumer-topic-79b96e56_364c_419c_9a84_ae9736e64afe] Revoke previously assigned partitions topic-79b96e56_364c_419c_9a84_ae9736e64afe-0
2025-08-07 20:36:33,554 INFO  [org.apa.kaf.cli.con.int.ConsumerCoordinator] (Thread-717) [Consumer clientId=consumer-Consumer-topic-79b96e56_364c_419c_9a84_ae9736e64afe-15, groupId=Consumer-topic-79b96e56_364c_419c_9a84_ae9736e64afe] Member consumer-Consumer-topic-79b96e56_364c_419c_9a84_ae9736e64afe-15-9a227301-2b71-40d0-a43c-beb967cd1a7d sending LeaveGroup request to coordinator localhost:32769 (id: 2147483647 rack: null) due to the consumer is being closed
2025-08-07 20:36:33,554 INFO  [org.apa.kaf.cli.con.int.ConsumerCoordinator] (Thread-717) [Consumer clientId=consumer-Consumer-topic-79b96e56_364c_419c_9a84_ae9736e64afe-15, groupId=Consumer-topic-79b96e56_364c_419c_9a84_ae9736e64afe] Resetting generation and member id due to: consumer pro-actively leaving the group
2025-08-07 20:36:33,554 INFO  [org.apa.kaf.cli.con.int.ConsumerCoordinator] (Thread-717) [Consumer clientId=consumer-Consumer-topic-79b96e56_364c_419c_9a84_ae9736e64afe-15, groupId=Consumer-topic-79b96e56_364c_419c_9a84_ae9736e64afe] Request joining group due to: consumer pro-actively leaving the group
2025-08-07 20:36:34,047 INFO  [org.apa.kaf.com.met.Metrics] (Thread-717) Metrics scheduler closed
2025-08-07 20:36:34,047 INFO  [org.apa.kaf.com.met.Metrics] (Thread-717) Closing reporter org.apache.kafka.common.metrics.JmxReporter
2025-08-07 20:36:34,047 INFO  [org.apa.kaf.com.met.Metrics] (Thread-717) Closing reporter org.apache.kafka.common.telemetry.internals.ClientTelemetryReporter
2025-08-07 20:36:34,047 INFO  [org.apa.kaf.com.met.Metrics] (Thread-717) Metrics reporters closed
2025-08-07 20:36:34,049 INFO  [org.apa.kaf.com.uti.AppInfoParser] (Thread-717) App info kafka.consumer for consumer-Consumer-topic-79b96e56_364c_419c_9a84_ae9736e64afe-15 unregistered
2025-08-07 20:36:34,050 INFO  [org.apa.kaf.cli.con.int.ClassicKafkaConsumer] (Thread-718) [Consumer clientId=consumer-Consumer-topic-870492c0_dff9_48da_b762_cf2a8fc6c7d9-16, groupId=Consumer-topic-870492c0_dff9_48da_b762_cf2a8fc6c7d9] Subscribed to topic(s): topic-870492c0_dff9_48da_b762_cf2a8fc6c7d9
2025-08-07 20:36:34,054 INFO  [org.apa.kaf.cli.Metadata] (Thread-718) [Consumer clientId=consumer-Consumer-topic-870492c0_dff9_48da_b762_cf2a8fc6c7d9-16, groupId=Consumer-topic-870492c0_dff9_48da_b762_cf2a8fc6c7d9] Cluster ID: 7hmfGG3YTMCno0-sg6ieQg
2025-08-07 20:36:34,055 INFO  [org.apa.kaf.cli.con.int.ConsumerCoordinator] (Thread-718) [Consumer clientId=consumer-Consumer-topic-870492c0_dff9_48da_b762_cf2a8fc6c7d9-16, groupId=Consumer-topic-870492c0_dff9_48da_b762_cf2a8fc6c7d9] Discovered group coordinator localhost:32769 (id: 2147483647 rack: null)
2025-08-07 20:36:34,056 INFO  [org.apa.kaf.cli.con.int.ConsumerCoordinator] (Thread-718) [Consumer clientId=consumer-Consumer-topic-870492c0_dff9_48da_b762_cf2a8fc6c7d9-16, groupId=Consumer-topic-870492c0_dff9_48da_b762_cf2a8fc6c7d9] (Re-)joining group
2025-08-07 20:36:34,059 INFO  [org.apa.kaf.cli.con.int.ConsumerCoordinator] (Thread-718) [Consumer clientId=consumer-Consumer-topic-870492c0_dff9_48da_b762_cf2a8fc6c7d9-16, groupId=Consumer-topic-870492c0_dff9_48da_b762_cf2a8fc6c7d9] Request joining group due to: need to re-join with the given member-id: consumer-Consumer-topic-870492c0_dff9_48da_b762_cf2a8fc6c7d9-16-e0837a64-1d2b-4665-8562-0f52aea1aa31
2025-08-07 20:36:34,059 INFO  [org.apa.kaf.cli.con.int.ConsumerCoordinator] (Thread-718) [Consumer clientId=consumer-Consumer-topic-870492c0_dff9_48da_b762_cf2a8fc6c7d9-16, groupId=Consumer-topic-870492c0_dff9_48da_b762_cf2a8fc6c7d9] (Re-)joining group
2025-08-07 20:36:35,050 INFO  [io.api.tes.ser.api.KafkaSerdesTester] (Thread-718) None found
2025-08-07 20:36:36,051 INFO  [io.api.tes.ser.api.KafkaSerdesTester] (Thread-718) None found
2025-08-07 20:36:37,051 INFO  [io.api.tes.ser.api.KafkaSerdesTester] (Thread-718) None found
2025-08-07 20:36:37,060 INFO  [org.apa.kaf.cli.con.int.ConsumerCoordinator] (Thread-718) [Consumer clientId=consumer-Consumer-topic-870492c0_dff9_48da_b762_cf2a8fc6c7d9-16, groupId=Consumer-topic-870492c0_dff9_48da_b762_cf2a8fc6c7d9] Successfully joined group with generation Generation{generationId=1, memberId='consumer-Consumer-topic-870492c0_dff9_48da_b762_cf2a8fc6c7d9-16-e0837a64-1d2b-4665-8562-0f52aea1aa31', protocol='range'}
2025-08-07 20:36:37,061 INFO  [org.apa.kaf.cli.con.int.ConsumerCoordinator] (Thread-718) [Consumer clientId=consumer-Consumer-topic-870492c0_dff9_48da_b762_cf2a8fc6c7d9-16, groupId=Consumer-topic-870492c0_dff9_48da_b762_cf2a8fc6c7d9] Finished assignment for group at generation 1: {consumer-Consumer-topic-870492c0_dff9_48da_b762_cf2a8fc6c7d9-16-e0837a64-1d2b-4665-8562-0f52aea1aa31=Assignment(partitions=[topic-870492c0_dff9_48da_b762_cf2a8fc6c7d9-0])}
2025-08-07 20:36:37,066 INFO  [org.apa.kaf.cli.con.int.ConsumerCoordinator] (Thread-718) [Consumer clientId=consumer-Consumer-topic-870492c0_dff9_48da_b762_cf2a8fc6c7d9-16, groupId=Consumer-topic-870492c0_dff9_48da_b762_cf2a8fc6c7d9] Successfully synced group in generation Generation{generationId=1, memberId='consumer-Consumer-topic-870492c0_dff9_48da_b762_cf2a8fc6c7d9-16-e0837a64-1d2b-4665-8562-0f52aea1aa31', protocol='range'}
2025-08-07 20:36:37,066 INFO  [org.apa.kaf.cli.con.int.ConsumerCoordinator] (Thread-718) [Consumer clientId=consumer-Consumer-topic-870492c0_dff9_48da_b762_cf2a8fc6c7d9-16, groupId=Consumer-topic-870492c0_dff9_48da_b762_cf2a8fc6c7d9] Notifying assignor about the new Assignment(partitions=[topic-870492c0_dff9_48da_b762_cf2a8fc6c7d9-0])
2025-08-07 20:36:37,066 INFO  [org.apa.kaf.cli.con.int.ConsumerRebalanceListenerInvoker] (Thread-718) [Consumer clientId=consumer-Consumer-topic-870492c0_dff9_48da_b762_cf2a8fc6c7d9-16, groupId=Consumer-topic-870492c0_dff9_48da_b762_cf2a8fc6c7d9] Adding newly assigned partitions: topic-870492c0_dff9_48da_b762_cf2a8fc6c7d9-0
2025-08-07 20:36:37,067 INFO  [org.apa.kaf.cli.con.int.ConsumerCoordinator] (Thread-718) [Consumer clientId=consumer-Consumer-topic-870492c0_dff9_48da_b762_cf2a8fc6c7d9-16, groupId=Consumer-topic-870492c0_dff9_48da_b762_cf2a8fc6c7d9] Found no committed offset for partition topic-870492c0_dff9_48da_b762_cf2a8fc6c7d9-0
2025-08-07 20:36:37,070 INFO  [org.apa.kaf.cli.con.int.SubscriptionState] (Thread-718) [Consumer clientId=consumer-Consumer-topic-870492c0_dff9_48da_b762_cf2a8fc6c7d9-16, groupId=Consumer-topic-870492c0_dff9_48da_b762_cf2a8fc6c7d9] Resetting offset for partition topic-870492c0_dff9_48da_b762_cf2a8fc6c7d9-0 to position FetchPosition{offset=0, offsetEpoch=Optional.empty, currentLeader=LeaderAndEpoch{leader=Optional[localhost:32769 (id: 0 rack: null)], epoch=0}}.
2025-08-07 20:36:37,108 INFO  [io.api.tes.ser.api.KafkaSerdesTester] (Thread-718) topic-870492c0_dff9_48da_b762_cf2a8fc6c7d9 0 0 {"key11754598985600": "value-0"}
2025-08-07 20:36:37,108 INFO  [io.api.tes.ser.api.KafkaSerdesTester] (Thread-718) topic-870492c0_dff9_48da_b762_cf2a8fc6c7d9 0 1 {"key11754598985600": "value-1"}
2025-08-07 20:36:37,108 INFO  [io.api.tes.ser.api.KafkaSerdesTester] (Thread-718) topic-870492c0_dff9_48da_b762_cf2a8fc6c7d9 0 2 {"key11754598985600": "value-2"}
2025-08-07 20:36:37,108 INFO  [io.api.tes.ser.api.KafkaSerdesTester] (Thread-718) topic-870492c0_dff9_48da_b762_cf2a8fc6c7d9 0 3 {"key11754598985600": "value-3"}
2025-08-07 20:36:37,108 INFO  [io.api.tes.ser.api.KafkaSerdesTester] (Thread-718) topic-870492c0_dff9_48da_b762_cf2a8fc6c7d9 0 4 {"key11754598985600": "value-4"}
2025-08-07 20:36:37,108 INFO  [io.api.tes.ser.api.KafkaSerdesTester] (Thread-718) topic-870492c0_dff9_48da_b762_cf2a8fc6c7d9 0 5 {"key11754598985600": "value-5"}
2025-08-07 20:36:37,108 INFO  [io.api.tes.ser.api.KafkaSerdesTester] (Thread-718) topic-870492c0_dff9_48da_b762_cf2a8fc6c7d9 0 6 {"key11754598985600": "value-6"}
2025-08-07 20:36:37,108 INFO  [io.api.tes.ser.api.KafkaSerdesTester] (Thread-718) topic-870492c0_dff9_48da_b762_cf2a8fc6c7d9 0 7 {"key11754598985600": "value-7"}
2025-08-07 20:36:37,108 INFO  [io.api.tes.ser.api.KafkaSerdesTester] (Thread-718) topic-870492c0_dff9_48da_b762_cf2a8fc6c7d9 0 8 {"key11754598985600": "value-8"}
2025-08-07 20:36:37,108 INFO  [io.api.tes.ser.api.KafkaSerdesTester] (Thread-718) topic-870492c0_dff9_48da_b762_cf2a8fc6c7d9 0 9 {"key11754598985600": "value-9"}
2025-08-07 20:36:37,108 INFO  [io.api.tes.ser.api.KafkaSerdesTester] (Thread-718) Consumed 10 messages
2025-08-07 20:36:37,115 INFO  [org.apa.kaf.cli.con.int.ConsumerRebalanceListenerInvoker] (Thread-718) [Consumer clientId=consumer-Consumer-topic-870492c0_dff9_48da_b762_cf2a8fc6c7d9-16, groupId=Consumer-topic-870492c0_dff9_48da_b762_cf2a8fc6c7d9] Revoke previously assigned partitions topic-870492c0_dff9_48da_b762_cf2a8fc6c7d9-0
2025-08-07 20:36:37,115 INFO  [org.apa.kaf.cli.con.int.ConsumerCoordinator] (Thread-718) [Consumer clientId=consumer-Consumer-topic-870492c0_dff9_48da_b762_cf2a8fc6c7d9-16, groupId=Consumer-topic-870492c0_dff9_48da_b762_cf2a8fc6c7d9] Member consumer-Consumer-topic-870492c0_dff9_48da_b762_cf2a8fc6c7d9-16-e0837a64-1d2b-4665-8562-0f52aea1aa31 sending LeaveGroup request to coordinator localhost:32769 (id: 2147483647 rack: null) due to the consumer is being closed
2025-08-07 20:36:37,116 INFO  [org.apa.kaf.cli.con.int.ConsumerCoordinator] (Thread-718) [Consumer clientId=consumer-Consumer-topic-870492c0_dff9_48da_b762_cf2a8fc6c7d9-16, groupId=Consumer-topic-870492c0_dff9_48da_b762_cf2a8fc6c7d9] Resetting generation and member id due to: consumer pro-actively leaving the group
2025-08-07 20:36:37,116 INFO  [org.apa.kaf.cli.con.int.ConsumerCoordinator] (Thread-718) [Consumer clientId=consumer-Consumer-topic-870492c0_dff9_48da_b762_cf2a8fc6c7d9-16, groupId=Consumer-topic-870492c0_dff9_48da_b762_cf2a8fc6c7d9] Request joining group due to: consumer pro-actively leaving the group
2025-08-07 20:36:37,606 INFO  [org.apa.kaf.com.met.Metrics] (Thread-718) Metrics scheduler closed
2025-08-07 20:36:37,606 INFO  [org.apa.kaf.com.met.Metrics] (Thread-718) Closing reporter org.apache.kafka.common.metrics.JmxReporter
2025-08-07 20:36:37,606 INFO  [org.apa.kaf.com.met.Metrics] (Thread-718) Closing reporter org.apache.kafka.common.telemetry.internals.ClientTelemetryReporter
2025-08-07 20:36:37,606 INFO  [org.apa.kaf.com.met.Metrics] (Thread-718) Metrics reporters closed
2025-08-07 20:36:37,608 INFO  [org.apa.kaf.com.uti.AppInfoParser] (Thread-718) App info kafka.consumer for consumer-Consumer-topic-870492c0_dff9_48da_b762_cf2a8fc6c7d9-16 unregistered
2025-08-07 20:36:37,609 INFO  [io.api.tes.uti.TestSeparator] (main) io.apicurio.tests.serdes.apicurio.AvroSerdeIT.testAvroConfluentForMultipleTopics-FINISHED
2025-08-07 20:36:37,609 INFO  [io.api.tes.uti.TestSeparator] (main) ############################################################################
Test passed: testAvroConfluentForMultipleTopics
]]></system-out>
  </testcase>
  <testcase name="testFirstRequestFailsRateLimited" classname="io.apicurio.tests.serdes.apicurio.AvroSerdeIT" time="1.097">
    <system-out><![CDATA[2025-08-07 20:36:37,610 INFO  [io.api.tes.uti.TestSeparator] (main) ############################################################################
2025-08-07 20:36:37,610 INFO  [io.api.tes.uti.TestSeparator] (main) io.apicurio.tests.serdes.apicurio.AvroSerdeIT.testFirstRequestFailsRateLimited-STARTED
2025-08-07 20:36:38,193 WARN  [org.ecl.jet.ser.AbstractConnector] (main) Acceptors should be <= availableProcessors: NetworkTrafficServerConnector@1e68d8f{HTTP/1.1, (http/1.1, h2c)}{0.0.0.0:0} 
2025-08-07 20:36:38,327 INFO  [org.ecl.jet.ser.Server] (main) jetty-11.0.15; built: 2023-04-11T18:37:53.775Z; git: 5bc5e562c8d05c5862505aebe5cf83a61bdbcb96; jvm 17.0.16+8
2025-08-07 20:36:38,368 INFO  [org.ecl.jet.ser.han.ContextHandler] (main) Started o.e.j.s.ServletContextHandler@cf39749{/__admin,null,AVAILABLE}
2025-08-07 20:36:38,379 INFO  [org.ecl.jet.ser.han.Con.ROOT] (main) RequestHandlerClass from context returned com.github.tomakehurst.wiremock.http.StubRequestHandler. Normalized mapped under returned 'null'
2025-08-07 20:36:38,379 INFO  [org.ecl.jet.ser.han.ContextHandler] (main) Started o.e.j.s.ServletContextHandler@40692fc3{/,null,AVAILABLE}
2025-08-07 20:36:38,388 INFO  [org.ecl.jet.ser.AbstractConnector] (main) Started NetworkTrafficServerConnector@1e68d8f{HTTP/1.1, (http/1.1, h2c)}{0.0.0.0:40761}
2025-08-07 20:36:38,390 INFO  [org.ecl.jet.ser.Server] (main) Started Server@5d7b3a93{STARTING}[11.0.15,sto=1000] @106473ms
**** Registry Base URL: http://registry-app-ksql043.apps.ci419.apicurio-testing.org:80
2025-08-07 20:36:38,401 INFO  [org.apa.kaf.cli.pro.ProducerConfig] (main) ProducerConfig values: 
	acks = -1
	auto.include.jmx.reporter = true
	batch.size = 16384
	bootstrap.servers = [PLAINTEXT://localhost:32769]
	buffer.memory = 33554432
	client.dns.lookup = use_all_dns_ips
	client.id = Producer-topic-31ff3c79_0947_43ea_a4b5_08dfa12207f6
	compression.gzip.level = -1
	compression.lz4.level = 9
	compression.type = none
	compression.zstd.level = 3
	connections.max.idle.ms = 10000
	delivery.timeout.ms = 120000
	enable.idempotence = true
	enable.metrics.push = true
	interceptor.classes = []
	key.serializer = class org.apache.kafka.common.serialization.StringSerializer
	linger.ms = 0
	max.block.ms = 60000
	max.in.flight.requests.per.connection = 5
	max.request.size = 1048576
	metadata.max.age.ms = 300000
	metadata.max.idle.ms = 300000
	metadata.recovery.strategy = none
	metric.reporters = []
	metrics.num.samples = 2
	metrics.recording.level = INFO
	metrics.sample.window.ms = 30000
	partitioner.adaptive.partitioning.enable = true
	partitioner.availability.timeout.ms = 0
	partitioner.class = null
	partitioner.ignore.keys = false
	receive.buffer.bytes = 32768
	reconnect.backoff.max.ms = 1000
	reconnect.backoff.ms = 50
	request.timeout.ms = 5000
	retries = 2147483647
	retry.backoff.max.ms = 1000
	retry.backoff.ms = 100
	sasl.client.callback.handler.class = null
	sasl.jaas.config = null
	sasl.kerberos.kinit.cmd = /usr/bin/kinit
	sasl.kerberos.min.time.before.relogin = 60000
	sasl.kerberos.service.name = null
	sasl.kerberos.ticket.renew.jitter = 0.05
	sasl.kerberos.ticket.renew.window.factor = 0.8
	sasl.login.callback.handler.class = null
	sasl.login.class = null
	sasl.login.connect.timeout.ms = null
	sasl.login.read.timeout.ms = null
	sasl.login.refresh.buffer.seconds = 300
	sasl.login.refresh.min.period.seconds = 60
	sasl.login.refresh.window.factor = 0.8
	sasl.login.refresh.window.jitter = 0.05
	sasl.login.retry.backoff.max.ms = 10000
	sasl.login.retry.backoff.ms = 100
	sasl.mechanism = GSSAPI
	sasl.oauthbearer.clock.skew.seconds = 30
	sasl.oauthbearer.expected.audience = null
	sasl.oauthbearer.expected.issuer = null
	sasl.oauthbearer.header.urlencode = false
	sasl.oauthbearer.jwks.endpoint.refresh.ms = 3600000
	sasl.oauthbearer.jwks.endpoint.retry.backoff.max.ms = 10000
	sasl.oauthbearer.jwks.endpoint.retry.backoff.ms = 100
	sasl.oauthbearer.jwks.endpoint.url = null
	sasl.oauthbearer.scope.claim.name = scope
	sasl.oauthbearer.sub.claim.name = sub
	sasl.oauthbearer.token.endpoint.url = null
	security.protocol = PLAINTEXT
	security.providers = null
	send.buffer.bytes = 131072
	socket.connection.setup.timeout.max.ms = 30000
	socket.connection.setup.timeout.ms = 10000
	ssl.cipher.suites = null
	ssl.enabled.protocols = [TLSv1.2, TLSv1.3]
	ssl.endpoint.identification.algorithm = https
	ssl.engine.factory.class = null
	ssl.key.password = null
	ssl.keymanager.algorithm = SunX509
	ssl.keystore.certificate.chain = null
	ssl.keystore.key = null
	ssl.keystore.location = null
	ssl.keystore.password = null
	ssl.keystore.type = JKS
	ssl.protocol = TLSv1.3
	ssl.provider = null
	ssl.secure.random.implementation = null
	ssl.trustmanager.algorithm = PKIX
	ssl.truststore.certificates = null
	ssl.truststore.location = null
	ssl.truststore.password = null
	ssl.truststore.type = JKS
	transaction.timeout.ms = 60000
	transactional.id = null
	value.serializer = class io.apicurio.registry.serde.avro.AvroKafkaSerializer

2025-08-07 20:36:38,402 INFO  [org.apa.kaf.com.tel.int.KafkaMetricsCollector] (main) initializing Kafka metrics collector
2025-08-07 20:36:38,406 INFO  [org.apa.kaf.cli.pro.KafkaProducer] (main) [Producer clientId=Producer-topic-31ff3c79_0947_43ea_a4b5_08dfa12207f6] Instantiated an idempotent producer.
2025-08-07 20:36:38,410 INFO  [org.apa.kaf.cli.pro.ProducerConfig] (main) These configurations '[apicurio.registry.url, apicurio.registry.artifact-resolver-strategy]' were supplied but are not used yet.
2025-08-07 20:36:38,411 INFO  [org.apa.kaf.com.uti.AppInfoParser] (main) Kafka version: 3.9.1
2025-08-07 20:36:38,411 INFO  [org.apa.kaf.com.uti.AppInfoParser] (main) Kafka commitId: f745dfdcee2b9851
2025-08-07 20:36:38,411 INFO  [org.apa.kaf.com.uti.AppInfoParser] (main) Kafka startTimeMs: 1754598998411
2025-08-07 20:36:38,412 INFO  [io.api.tes.ser.api.KafkaSerdesTester] (Thread-729) Sending message {"keyB": "value-0"} to topic topic-31ff3c79_0947_43ea_a4b5_08dfa12207f6
2025-08-07 20:36:38,416 WARN  [org.apa.kaf.cli.NetworkClient] (kafka-producer-network-thread | Producer-topic-31ff3c79_0947_43ea_a4b5_08dfa12207f6) [Producer clientId=Producer-topic-31ff3c79_0947_43ea_a4b5_08dfa12207f6] The metadata response from the cluster reported a recoverable issue with correlation id 1 : {topic-31ff3c79_0947_43ea_a4b5_08dfa12207f6=UNKNOWN_TOPIC_OR_PARTITION}
2025-08-07 20:36:38,416 INFO  [org.apa.kaf.cli.Metadata] (kafka-producer-network-thread | Producer-topic-31ff3c79_0947_43ea_a4b5_08dfa12207f6) [Producer clientId=Producer-topic-31ff3c79_0947_43ea_a4b5_08dfa12207f6] Cluster ID: 7hmfGG3YTMCno0-sg6ieQg
2025-08-07 20:36:38,417 INFO  [org.apa.kaf.cli.pro.int.TransactionManager] (kafka-producer-network-thread | Producer-topic-31ff3c79_0947_43ea_a4b5_08dfa12207f6) [Producer clientId=Producer-topic-31ff3c79_0947_43ea_a4b5_08dfa12207f6] ProducerId set to 22 with epoch 0
2025-08-07 20:36:38,532 INFO  [DefaultSchemaResolver] (Thread-729) Retrieving schema content using string: {"type":"record","name":"myrecord","namespace":"mygroup","fields":[{"name":"keyB","type":"string"}]}
2025-08-07 20:36:38,690 INFO  [org.apa.kaf.cli.pro.KafkaProducer] (Thread-729) [Producer clientId=Producer-topic-31ff3c79_0947_43ea_a4b5_08dfa12207f6] Closing the Kafka producer with timeoutMillis = 9223372036854775807 ms.
2025-08-07 20:36:38,694 INFO  [org.apa.kaf.com.met.Metrics] (Thread-729) Metrics scheduler closed
2025-08-07 20:36:38,694 INFO  [org.apa.kaf.com.met.Metrics] (Thread-729) Closing reporter org.apache.kafka.common.metrics.JmxReporter
2025-08-07 20:36:38,694 INFO  [org.apa.kaf.com.met.Metrics] (Thread-729) Closing reporter org.apache.kafka.common.telemetry.internals.ClientTelemetryReporter
2025-08-07 20:36:38,694 INFO  [org.apa.kaf.com.met.Metrics] (Thread-729) Metrics reporters closed
2025-08-07 20:36:38,694 INFO  [org.apa.kaf.com.uti.AppInfoParser] (Thread-729) App info kafka.producer for Producer-topic-31ff3c79_0947_43ea_a4b5_08dfa12207f6 unregistered
2025-08-07 20:36:38,698 INFO  [org.ecl.jet.ser.Server] (main) Stopped Server@5d7b3a93{STOPPING}[11.0.15,sto=1000]
2025-08-07 20:36:38,698 INFO  [org.ecl.jet.ser.Server] (main) Shutdown Server@5d7b3a93{STOPPING}[11.0.15,sto=1000]
2025-08-07 20:36:38,702 INFO  [org.ecl.jet.ser.AbstractConnector] (main) Stopped NetworkTrafficServerConnector@1e68d8f{HTTP/1.1, (http/1.1, h2c)}{0.0.0.0:0}
2025-08-07 20:36:38,704 INFO  [org.ecl.jet.ser.han.ContextHandler] (main) Stopped o.e.j.s.ServletContextHandler@40692fc3{/,null,STOPPED}
2025-08-07 20:36:38,704 INFO  [org.ecl.jet.ser.han.ContextHandler] (main) Stopped o.e.j.s.ServletContextHandler@cf39749{/__admin,null,STOPPED}
2025-08-07 20:36:38,707 INFO  [io.api.tes.uti.TestSeparator] (main) io.apicurio.tests.serdes.apicurio.AvroSerdeIT.testFirstRequestFailsRateLimited-FINISHED
2025-08-07 20:36:38,707 INFO  [io.api.tes.uti.TestSeparator] (main) ############################################################################
Test passed: testFirstRequestFailsRateLimited
]]></system-out>
    <system-err><![CDATA[com.microsoft.kiota.ApiException: the server returned an unexpected status code and no error class is registered for this code 429
	at com.microsoft.kiota.ApiExceptionBuilder.withMessage(ApiExceptionBuilder.java:45)
	at io.kiota.http.vertx.VertXRequestAdapter.throwIfFailedResponse(VertXRequestAdapter.java:370)
	at io.kiota.http.vertx.VertXRequestAdapter.send(VertXRequestAdapter.java:170)
	at io.apicurio.registry.rest.client.search.versions.VersionsRequestBuilder.post(VersionsRequestBuilder.java:94)
	at io.apicurio.registry.resolver.client.RegistryClientFacadeImpl.searchVersionsByContent(RegistryClientFacadeImpl.java:106)
	at io.apicurio.registry.resolver.DefaultSchemaResolver.lambda$handleResolveSchemaByContent$3(DefaultSchemaResolver.java:258)
	at io.apicurio.registry.resolver.cache.ERCache.lambda$getValue$0(ERCache.java:174)
	at io.apicurio.registry.resolver.cache.ERCache.retry(ERCache.java:227)
	at io.apicurio.registry.resolver.cache.ERCache.getValue(ERCache.java:173)
	at io.apicurio.registry.resolver.cache.ERCache.getByContent(ERCache.java:147)
	at io.apicurio.registry.resolver.DefaultSchemaResolver.handleResolveSchemaByContent(DefaultSchemaResolver.java:253)
	at io.apicurio.registry.resolver.DefaultSchemaResolver.getSchemaFromRegistry(DefaultSchemaResolver.java:138)
	at io.apicurio.registry.resolver.DefaultSchemaResolver.lambda$resolveSchema$0(DefaultSchemaResolver.java:84)
	at java.base/java.util.Optional.orElseGet(Optional.java:364)
	at io.apicurio.registry.resolver.DefaultSchemaResolver.resolveSchema(DefaultSchemaResolver.java:84)
	at io.apicurio.registry.serde.AbstractSerializer.serializeData(AbstractSerializer.java:62)
	at io.apicurio.registry.serde.KafkaSerializer.serialize(KafkaSerializer.java:77)
	at org.apache.kafka.clients.producer.KafkaProducer.doSend(KafkaProducer.java:1046)
	at org.apache.kafka.clients.producer.KafkaProducer.send(KafkaProducer.java:993)
	at org.apache.kafka.clients.producer.KafkaProducer.send(KafkaProducer.java:875)
	at io.apicurio.tests.serdes.apicurio.KafkaSerdesTester.lambda$produceMessages$3(KafkaSerdesTester.java:138)
	at java.base/java.util.concurrent.CompletableFuture$AsyncSupply.run(CompletableFuture.java:1768)
	at java.base/java.lang.Thread.run(Thread.java:840)
]]></system-err>
  </testcase>
  <testcase name="testFirstEmptyFieldConfusedAsMagicByte" classname="io.apicurio.tests.serdes.apicurio.AvroSerdeIT" time="3.838">
    <system-out><![CDATA[2025-08-07 20:36:38,709 INFO  [io.api.tes.uti.TestSeparator] (main) ############################################################################
2025-08-07 20:36:38,709 INFO  [io.api.tes.uti.TestSeparator] (main) io.apicurio.tests.serdes.apicurio.AvroSerdeIT.testFirstEmptyFieldConfusedAsMagicByte-STARTED
**** Registry Base URL: http://registry-app-ksql043.apps.ci419.apicurio-testing.org:80
2025-08-07 20:36:38,717 INFO  [org.apa.kaf.cli.pro.ProducerConfig] (main) ProducerConfig values: 
	acks = -1
	auto.include.jmx.reporter = true
	batch.size = 16384
	bootstrap.servers = [PLAINTEXT://localhost:32769]
	buffer.memory = 33554432
	client.dns.lookup = use_all_dns_ips
	client.id = Producer-topic-bd0e0c4a_41a4_4761_a10c_41364213a6c7
	compression.gzip.level = -1
	compression.lz4.level = 9
	compression.type = none
	compression.zstd.level = 3
	connections.max.idle.ms = 10000
	delivery.timeout.ms = 120000
	enable.idempotence = true
	enable.metrics.push = true
	interceptor.classes = []
	key.serializer = class org.apache.kafka.common.serialization.StringSerializer
	linger.ms = 0
	max.block.ms = 60000
	max.in.flight.requests.per.connection = 5
	max.request.size = 1048576
	metadata.max.age.ms = 300000
	metadata.max.idle.ms = 300000
	metadata.recovery.strategy = none
	metric.reporters = []
	metrics.num.samples = 2
	metrics.recording.level = INFO
	metrics.sample.window.ms = 30000
	partitioner.adaptive.partitioning.enable = true
	partitioner.availability.timeout.ms = 0
	partitioner.class = null
	partitioner.ignore.keys = false
	receive.buffer.bytes = 32768
	reconnect.backoff.max.ms = 1000
	reconnect.backoff.ms = 50
	request.timeout.ms = 5000
	retries = 2147483647
	retry.backoff.max.ms = 1000
	retry.backoff.ms = 100
	sasl.client.callback.handler.class = null
	sasl.jaas.config = null
	sasl.kerberos.kinit.cmd = /usr/bin/kinit
	sasl.kerberos.min.time.before.relogin = 60000
	sasl.kerberos.service.name = null
	sasl.kerberos.ticket.renew.jitter = 0.05
	sasl.kerberos.ticket.renew.window.factor = 0.8
	sasl.login.callback.handler.class = null
	sasl.login.class = null
	sasl.login.connect.timeout.ms = null
	sasl.login.read.timeout.ms = null
	sasl.login.refresh.buffer.seconds = 300
	sasl.login.refresh.min.period.seconds = 60
	sasl.login.refresh.window.factor = 0.8
	sasl.login.refresh.window.jitter = 0.05
	sasl.login.retry.backoff.max.ms = 10000
	sasl.login.retry.backoff.ms = 100
	sasl.mechanism = GSSAPI
	sasl.oauthbearer.clock.skew.seconds = 30
	sasl.oauthbearer.expected.audience = null
	sasl.oauthbearer.expected.issuer = null
	sasl.oauthbearer.header.urlencode = false
	sasl.oauthbearer.jwks.endpoint.refresh.ms = 3600000
	sasl.oauthbearer.jwks.endpoint.retry.backoff.max.ms = 10000
	sasl.oauthbearer.jwks.endpoint.retry.backoff.ms = 100
	sasl.oauthbearer.jwks.endpoint.url = null
	sasl.oauthbearer.scope.claim.name = scope
	sasl.oauthbearer.sub.claim.name = sub
	sasl.oauthbearer.token.endpoint.url = null
	security.protocol = PLAINTEXT
	security.providers = null
	send.buffer.bytes = 131072
	socket.connection.setup.timeout.max.ms = 30000
	socket.connection.setup.timeout.ms = 10000
	ssl.cipher.suites = null
	ssl.enabled.protocols = [TLSv1.2, TLSv1.3]
	ssl.endpoint.identification.algorithm = https
	ssl.engine.factory.class = null
	ssl.key.password = null
	ssl.keymanager.algorithm = SunX509
	ssl.keystore.certificate.chain = null
	ssl.keystore.key = null
	ssl.keystore.location = null
	ssl.keystore.password = null
	ssl.keystore.type = JKS
	ssl.protocol = TLSv1.3
	ssl.provider = null
	ssl.secure.random.implementation = null
	ssl.trustmanager.algorithm = PKIX
	ssl.truststore.certificates = null
	ssl.truststore.location = null
	ssl.truststore.password = null
	ssl.truststore.type = JKS
	transaction.timeout.ms = 60000
	transactional.id = null
	value.serializer = class io.apicurio.registry.serde.avro.AvroKafkaSerializer

2025-08-07 20:36:38,717 INFO  [org.apa.kaf.com.tel.int.KafkaMetricsCollector] (main) initializing Kafka metrics collector
2025-08-07 20:36:38,723 INFO  [org.apa.kaf.cli.pro.KafkaProducer] (main) [Producer clientId=Producer-topic-bd0e0c4a_41a4_4761_a10c_41364213a6c7] Instantiated an idempotent producer.
2025-08-07 20:36:38,725 INFO  [org.apa.kaf.cli.pro.ProducerConfig] (main) These configurations '[apicurio.registry.url, apicurio.registry.auto-register, apicurio.registry.artifact-resolver-strategy]' were supplied but are not used yet.
2025-08-07 20:36:38,725 INFO  [org.apa.kaf.com.uti.AppInfoParser] (main) Kafka version: 3.9.1
2025-08-07 20:36:38,725 INFO  [org.apa.kaf.com.uti.AppInfoParser] (main) Kafka commitId: f745dfdcee2b9851
2025-08-07 20:36:38,725 INFO  [org.apa.kaf.com.uti.AppInfoParser] (main) Kafka startTimeMs: 1754598998725
2025-08-07 20:36:38,725 INFO  [io.api.tes.ser.api.SimpleSerdesTesterBuilder$SimpleSerdesTester] (main) Using producer configuration: {apicurio.registry.url=http://registry-app-ksql043.apps.ci419.apicurio-testing.org:80/apis/registry/v3, apicurio.registry.auto-register=true, apicurio.registry.artifact-resolver-strategy=io.apicurio.registry.serde.strategy.SimpleTopicIdStrategy, value.serializer=io.apicurio.registry.serde.avro.AvroKafkaSerializer, request.timeout.ms=5000, acks=all, bootstrap.servers=PLAINTEXT://localhost:32769, connections.max.idle.ms=10000, key.serializer=org.apache.kafka.common.serialization.StringSerializer, client.id=Producer-topic-bd0e0c4a_41a4_4761_a10c_41364213a6c7}
2025-08-07 20:36:38,725 INFO  [io.api.tes.ser.api.SimpleSerdesTesterBuilder$SimpleSerdesTester] (main) Using consumer configuration: {}
2025-08-07 20:36:38,727 INFO  [io.api.tes.ser.api.KafkaSerdesTester] (Thread-732) Sending message {"username": null} to topic topic-bd0e0c4a_41a4_4761_a10c_41364213a6c7
2025-08-07 20:36:38,733 WARN  [org.apa.kaf.cli.NetworkClient] (kafka-producer-network-thread | Producer-topic-bd0e0c4a_41a4_4761_a10c_41364213a6c7) [Producer clientId=Producer-topic-bd0e0c4a_41a4_4761_a10c_41364213a6c7] The metadata response from the cluster reported a recoverable issue with correlation id 1 : {topic-bd0e0c4a_41a4_4761_a10c_41364213a6c7=UNKNOWN_TOPIC_OR_PARTITION}
2025-08-07 20:36:38,733 INFO  [org.apa.kaf.cli.Metadata] (kafka-producer-network-thread | Producer-topic-bd0e0c4a_41a4_4761_a10c_41364213a6c7) [Producer clientId=Producer-topic-bd0e0c4a_41a4_4761_a10c_41364213a6c7] Cluster ID: 7hmfGG3YTMCno0-sg6ieQg
2025-08-07 20:36:38,734 INFO  [org.apa.kaf.cli.pro.int.TransactionManager] (kafka-producer-network-thread | Producer-topic-bd0e0c4a_41a4_4761_a10c_41364213a6c7) [Producer clientId=Producer-topic-bd0e0c4a_41a4_4761_a10c_41364213a6c7] ProducerId set to 23 with epoch 0
2025-08-07 20:36:38,927 INFO  [io.api.tes.ser.api.KafkaSerdesTester] (Thread-732) Sending message {"username": null} to topic topic-bd0e0c4a_41a4_4761_a10c_41364213a6c7
2025-08-07 20:36:38,931 INFO  [io.api.tes.ser.api.KafkaSerdesTester] (Thread-732) Sending message {"username": "value-2"} to topic topic-bd0e0c4a_41a4_4761_a10c_41364213a6c7
2025-08-07 20:36:38,933 INFO  [io.api.tes.ser.api.KafkaSerdesTester] (Thread-732) Sending message {"username": null} to topic topic-bd0e0c4a_41a4_4761_a10c_41364213a6c7
2025-08-07 20:36:38,934 INFO  [io.api.tes.ser.api.KafkaSerdesTester] (Thread-732) Sending message {"username": "value-4"} to topic topic-bd0e0c4a_41a4_4761_a10c_41364213a6c7
2025-08-07 20:36:38,936 INFO  [io.api.tes.ser.api.KafkaSerdesTester] (Thread-732) Sending message {"username": null} to topic topic-bd0e0c4a_41a4_4761_a10c_41364213a6c7
2025-08-07 20:36:38,938 INFO  [io.api.tes.ser.api.KafkaSerdesTester] (Thread-732) Sending message {"username": "value-6"} to topic topic-bd0e0c4a_41a4_4761_a10c_41364213a6c7
2025-08-07 20:36:38,939 INFO  [io.api.tes.ser.api.KafkaSerdesTester] (Thread-732) Sending message {"username": null} to topic topic-bd0e0c4a_41a4_4761_a10c_41364213a6c7
2025-08-07 20:36:38,941 INFO  [io.api.tes.ser.api.KafkaSerdesTester] (Thread-732) Sending message {"username": "value-8"} to topic topic-bd0e0c4a_41a4_4761_a10c_41364213a6c7
2025-08-07 20:36:38,943 INFO  [io.api.tes.ser.api.KafkaSerdesTester] (Thread-732) Sending message {"username": null} to topic topic-bd0e0c4a_41a4_4761_a10c_41364213a6c7
2025-08-07 20:36:38,944 INFO  [io.api.tes.ser.api.KafkaSerdesTester] (Thread-732) Produced 10 messages
2025-08-07 20:36:38,944 INFO  [org.apa.kaf.cli.pro.KafkaProducer] (Thread-732) [Producer clientId=Producer-topic-bd0e0c4a_41a4_4761_a10c_41364213a6c7] Closing the Kafka producer with timeoutMillis = 9223372036854775807 ms.
2025-08-07 20:36:38,947 INFO  [org.apa.kaf.com.met.Metrics] (Thread-732) Metrics scheduler closed
2025-08-07 20:36:38,947 INFO  [org.apa.kaf.com.met.Metrics] (Thread-732) Closing reporter org.apache.kafka.common.metrics.JmxReporter
2025-08-07 20:36:38,947 INFO  [org.apa.kaf.com.met.Metrics] (Thread-732) Closing reporter org.apache.kafka.common.telemetry.internals.ClientTelemetryReporter
2025-08-07 20:36:38,947 INFO  [org.apa.kaf.com.met.Metrics] (Thread-732) Metrics reporters closed
2025-08-07 20:36:38,947 INFO  [org.apa.kaf.com.uti.AppInfoParser] (Thread-732) App info kafka.producer for Producer-topic-bd0e0c4a_41a4_4761_a10c_41364213a6c7 unregistered
**** Registry Base URL: http://registry-app-ksql043.apps.ci419.apicurio-testing.org:80
2025-08-07 20:36:38,974 INFO  [org.apa.kaf.cli.con.ConsumerConfig] (main) ConsumerConfig values: 
	allow.auto.create.topics = true
	auto.commit.interval.ms = 500
	auto.include.jmx.reporter = true
	auto.offset.reset = earliest
	bootstrap.servers = [PLAINTEXT://localhost:32769]
	check.crcs = true
	client.dns.lookup = use_all_dns_ips
	client.id = consumer-Consumer-topic-bd0e0c4a_41a4_4761_a10c_41364213a6c7-17
	client.rack = 
	connections.max.idle.ms = 10000
	default.api.timeout.ms = 60000
	enable.auto.commit = true
	enable.metrics.push = true
	exclude.internal.topics = true
	fetch.max.bytes = 52428800
	fetch.max.wait.ms = 500
	fetch.min.bytes = 1
	group.id = Consumer-topic-bd0e0c4a_41a4_4761_a10c_41364213a6c7
	group.instance.id = null
	group.protocol = classic
	group.remote.assignor = null
	heartbeat.interval.ms = 3000
	interceptor.classes = []
	internal.leave.group.on.close = true
	internal.throw.on.fetch.stable.offset.unsupported = false
	isolation.level = read_uncommitted
	key.deserializer = class org.apache.kafka.common.serialization.StringDeserializer
	max.partition.fetch.bytes = 1048576
	max.poll.interval.ms = 300000
	max.poll.records = 500
	metadata.max.age.ms = 300000
	metadata.recovery.strategy = none
	metric.reporters = []
	metrics.num.samples = 2
	metrics.recording.level = INFO
	metrics.sample.window.ms = 30000
	partition.assignment.strategy = [class org.apache.kafka.clients.consumer.RangeAssignor, class org.apache.kafka.clients.consumer.CooperativeStickyAssignor]
	receive.buffer.bytes = 65536
	reconnect.backoff.max.ms = 1000
	reconnect.backoff.ms = 50
	request.timeout.ms = 5000
	retry.backoff.max.ms = 1000
	retry.backoff.ms = 100
	sasl.client.callback.handler.class = null
	sasl.jaas.config = null
	sasl.kerberos.kinit.cmd = /usr/bin/kinit
	sasl.kerberos.min.time.before.relogin = 60000
	sasl.kerberos.service.name = null
	sasl.kerberos.ticket.renew.jitter = 0.05
	sasl.kerberos.ticket.renew.window.factor = 0.8
	sasl.login.callback.handler.class = null
	sasl.login.class = null
	sasl.login.connect.timeout.ms = null
	sasl.login.read.timeout.ms = null
	sasl.login.refresh.buffer.seconds = 300
	sasl.login.refresh.min.period.seconds = 60
	sasl.login.refresh.window.factor = 0.8
	sasl.login.refresh.window.jitter = 0.05
	sasl.login.retry.backoff.max.ms = 10000
	sasl.login.retry.backoff.ms = 100
	sasl.mechanism = GSSAPI
	sasl.oauthbearer.clock.skew.seconds = 30
	sasl.oauthbearer.expected.audience = null
	sasl.oauthbearer.expected.issuer = null
	sasl.oauthbearer.header.urlencode = false
	sasl.oauthbearer.jwks.endpoint.refresh.ms = 3600000
	sasl.oauthbearer.jwks.endpoint.retry.backoff.max.ms = 10000
	sasl.oauthbearer.jwks.endpoint.retry.backoff.ms = 100
	sasl.oauthbearer.jwks.endpoint.url = null
	sasl.oauthbearer.scope.claim.name = scope
	sasl.oauthbearer.sub.claim.name = sub
	sasl.oauthbearer.token.endpoint.url = null
	security.protocol = PLAINTEXT
	security.providers = null
	send.buffer.bytes = 131072
	session.timeout.ms = 45000
	socket.connection.setup.timeout.max.ms = 30000
	socket.connection.setup.timeout.ms = 10000
	ssl.cipher.suites = null
	ssl.enabled.protocols = [TLSv1.2, TLSv1.3]
	ssl.endpoint.identification.algorithm = https
	ssl.engine.factory.class = null
	ssl.key.password = null
	ssl.keymanager.algorithm = SunX509
	ssl.keystore.certificate.chain = null
	ssl.keystore.key = null
	ssl.keystore.location = null
	ssl.keystore.password = null
	ssl.keystore.type = JKS
	ssl.protocol = TLSv1.3
	ssl.provider = null
	ssl.secure.random.implementation = null
	ssl.trustmanager.algorithm = PKIX
	ssl.truststore.certificates = null
	ssl.truststore.location = null
	ssl.truststore.password = null
	ssl.truststore.type = JKS
	value.deserializer = class io.apicurio.registry.serde.avro.AvroKafkaDeserializer

2025-08-07 20:36:38,975 INFO  [org.apa.kaf.com.tel.int.KafkaMetricsCollector] (main) initializing Kafka metrics collector
2025-08-07 20:36:38,980 INFO  [org.apa.kaf.cli.con.ConsumerConfig] (main) These configurations '[apicurio.registry.url]' were supplied but are not used yet.
2025-08-07 20:36:38,980 INFO  [org.apa.kaf.com.uti.AppInfoParser] (main) Kafka version: 3.9.1
2025-08-07 20:36:38,980 INFO  [org.apa.kaf.com.uti.AppInfoParser] (main) Kafka commitId: f745dfdcee2b9851
2025-08-07 20:36:38,980 INFO  [org.apa.kaf.com.uti.AppInfoParser] (main) Kafka startTimeMs: 1754598998980
2025-08-07 20:36:38,980 INFO  [org.apa.kaf.cli.con.int.ClassicKafkaConsumer] (Thread-735) [Consumer clientId=consumer-Consumer-topic-bd0e0c4a_41a4_4761_a10c_41364213a6c7-17, groupId=Consumer-topic-bd0e0c4a_41a4_4761_a10c_41364213a6c7] Subscribed to topic(s): topic-bd0e0c4a_41a4_4761_a10c_41364213a6c7
2025-08-07 20:36:38,984 INFO  [org.apa.kaf.cli.Metadata] (Thread-735) [Consumer clientId=consumer-Consumer-topic-bd0e0c4a_41a4_4761_a10c_41364213a6c7-17, groupId=Consumer-topic-bd0e0c4a_41a4_4761_a10c_41364213a6c7] Cluster ID: 7hmfGG3YTMCno0-sg6ieQg
2025-08-07 20:36:38,985 INFO  [org.apa.kaf.cli.con.int.ConsumerCoordinator] (Thread-735) [Consumer clientId=consumer-Consumer-topic-bd0e0c4a_41a4_4761_a10c_41364213a6c7-17, groupId=Consumer-topic-bd0e0c4a_41a4_4761_a10c_41364213a6c7] Discovered group coordinator localhost:32769 (id: 2147483647 rack: null)
2025-08-07 20:36:38,986 INFO  [org.apa.kaf.cli.con.int.ConsumerCoordinator] (Thread-735) [Consumer clientId=consumer-Consumer-topic-bd0e0c4a_41a4_4761_a10c_41364213a6c7-17, groupId=Consumer-topic-bd0e0c4a_41a4_4761_a10c_41364213a6c7] (Re-)joining group
2025-08-07 20:36:38,989 INFO  [org.apa.kaf.cli.con.int.ConsumerCoordinator] (Thread-735) [Consumer clientId=consumer-Consumer-topic-bd0e0c4a_41a4_4761_a10c_41364213a6c7-17, groupId=Consumer-topic-bd0e0c4a_41a4_4761_a10c_41364213a6c7] Request joining group due to: need to re-join with the given member-id: consumer-Consumer-topic-bd0e0c4a_41a4_4761_a10c_41364213a6c7-17-130ca1eb-fc98-4fec-8e39-2d7cdbf282a3
2025-08-07 20:36:38,989 INFO  [org.apa.kaf.cli.con.int.ConsumerCoordinator] (Thread-735) [Consumer clientId=consumer-Consumer-topic-bd0e0c4a_41a4_4761_a10c_41364213a6c7-17, groupId=Consumer-topic-bd0e0c4a_41a4_4761_a10c_41364213a6c7] (Re-)joining group
2025-08-07 20:36:39,981 INFO  [io.api.tes.ser.api.KafkaSerdesTester] (Thread-735) None found
2025-08-07 20:36:40,982 INFO  [io.api.tes.ser.api.KafkaSerdesTester] (Thread-735) None found
2025-08-07 20:36:41,982 INFO  [io.api.tes.ser.api.KafkaSerdesTester] (Thread-735) None found
2025-08-07 20:36:41,990 INFO  [org.apa.kaf.cli.con.int.ConsumerCoordinator] (Thread-735) [Consumer clientId=consumer-Consumer-topic-bd0e0c4a_41a4_4761_a10c_41364213a6c7-17, groupId=Consumer-topic-bd0e0c4a_41a4_4761_a10c_41364213a6c7] Successfully joined group with generation Generation{generationId=1, memberId='consumer-Consumer-topic-bd0e0c4a_41a4_4761_a10c_41364213a6c7-17-130ca1eb-fc98-4fec-8e39-2d7cdbf282a3', protocol='range'}
2025-08-07 20:36:41,990 INFO  [org.apa.kaf.cli.con.int.ConsumerCoordinator] (Thread-735) [Consumer clientId=consumer-Consumer-topic-bd0e0c4a_41a4_4761_a10c_41364213a6c7-17, groupId=Consumer-topic-bd0e0c4a_41a4_4761_a10c_41364213a6c7] Finished assignment for group at generation 1: {consumer-Consumer-topic-bd0e0c4a_41a4_4761_a10c_41364213a6c7-17-130ca1eb-fc98-4fec-8e39-2d7cdbf282a3=Assignment(partitions=[topic-bd0e0c4a_41a4_4761_a10c_41364213a6c7-0])}
2025-08-07 20:36:41,997 INFO  [org.apa.kaf.cli.con.int.ConsumerCoordinator] (Thread-735) [Consumer clientId=consumer-Consumer-topic-bd0e0c4a_41a4_4761_a10c_41364213a6c7-17, groupId=Consumer-topic-bd0e0c4a_41a4_4761_a10c_41364213a6c7] Successfully synced group in generation Generation{generationId=1, memberId='consumer-Consumer-topic-bd0e0c4a_41a4_4761_a10c_41364213a6c7-17-130ca1eb-fc98-4fec-8e39-2d7cdbf282a3', protocol='range'}
2025-08-07 20:36:41,998 INFO  [org.apa.kaf.cli.con.int.ConsumerCoordinator] (Thread-735) [Consumer clientId=consumer-Consumer-topic-bd0e0c4a_41a4_4761_a10c_41364213a6c7-17, groupId=Consumer-topic-bd0e0c4a_41a4_4761_a10c_41364213a6c7] Notifying assignor about the new Assignment(partitions=[topic-bd0e0c4a_41a4_4761_a10c_41364213a6c7-0])
2025-08-07 20:36:41,998 INFO  [org.apa.kaf.cli.con.int.ConsumerRebalanceListenerInvoker] (Thread-735) [Consumer clientId=consumer-Consumer-topic-bd0e0c4a_41a4_4761_a10c_41364213a6c7-17, groupId=Consumer-topic-bd0e0c4a_41a4_4761_a10c_41364213a6c7] Adding newly assigned partitions: topic-bd0e0c4a_41a4_4761_a10c_41364213a6c7-0
2025-08-07 20:36:41,999 INFO  [org.apa.kaf.cli.con.int.ConsumerCoordinator] (Thread-735) [Consumer clientId=consumer-Consumer-topic-bd0e0c4a_41a4_4761_a10c_41364213a6c7-17, groupId=Consumer-topic-bd0e0c4a_41a4_4761_a10c_41364213a6c7] Found no committed offset for partition topic-bd0e0c4a_41a4_4761_a10c_41364213a6c7-0
2025-08-07 20:36:42,002 INFO  [org.apa.kaf.cli.con.int.SubscriptionState] (Thread-735) [Consumer clientId=consumer-Consumer-topic-bd0e0c4a_41a4_4761_a10c_41364213a6c7-17, groupId=Consumer-topic-bd0e0c4a_41a4_4761_a10c_41364213a6c7] Resetting offset for partition topic-bd0e0c4a_41a4_4761_a10c_41364213a6c7-0 to position FetchPosition{offset=0, offsetEpoch=Optional.empty, currentLeader=LeaderAndEpoch{leader=Optional[localhost:32769 (id: 0 rack: null)], epoch=0}}.
2025-08-07 20:36:42,039 INFO  [io.api.tes.ser.api.KafkaSerdesTester] (Thread-735) topic-bd0e0c4a_41a4_4761_a10c_41364213a6c7 0 0 {"username": null}
2025-08-07 20:36:42,039 INFO  [io.api.tes.ser.api.KafkaSerdesTester] (Thread-735) topic-bd0e0c4a_41a4_4761_a10c_41364213a6c7 0 1 {"username": null}
2025-08-07 20:36:42,039 INFO  [io.api.tes.ser.api.KafkaSerdesTester] (Thread-735) topic-bd0e0c4a_41a4_4761_a10c_41364213a6c7 0 2 {"username": "value-2"}
2025-08-07 20:36:42,039 INFO  [io.api.tes.ser.api.KafkaSerdesTester] (Thread-735) topic-bd0e0c4a_41a4_4761_a10c_41364213a6c7 0 3 {"username": null}
2025-08-07 20:36:42,039 INFO  [io.api.tes.ser.api.KafkaSerdesTester] (Thread-735) topic-bd0e0c4a_41a4_4761_a10c_41364213a6c7 0 4 {"username": "value-4"}
2025-08-07 20:36:42,039 INFO  [io.api.tes.ser.api.KafkaSerdesTester] (Thread-735) topic-bd0e0c4a_41a4_4761_a10c_41364213a6c7 0 5 {"username": null}
2025-08-07 20:36:42,040 INFO  [io.api.tes.ser.api.KafkaSerdesTester] (Thread-735) topic-bd0e0c4a_41a4_4761_a10c_41364213a6c7 0 6 {"username": "value-6"}
2025-08-07 20:36:42,040 INFO  [io.api.tes.ser.api.KafkaSerdesTester] (Thread-735) topic-bd0e0c4a_41a4_4761_a10c_41364213a6c7 0 7 {"username": null}
2025-08-07 20:36:42,040 INFO  [io.api.tes.ser.api.KafkaSerdesTester] (Thread-735) topic-bd0e0c4a_41a4_4761_a10c_41364213a6c7 0 8 {"username": "value-8"}
2025-08-07 20:36:42,040 INFO  [io.api.tes.ser.api.KafkaSerdesTester] (Thread-735) topic-bd0e0c4a_41a4_4761_a10c_41364213a6c7 0 9 {"username": null}
2025-08-07 20:36:42,040 INFO  [io.api.tes.ser.api.KafkaSerdesTester] (Thread-735) Consumed 10 messages
2025-08-07 20:36:42,047 INFO  [org.apa.kaf.cli.con.int.ConsumerRebalanceListenerInvoker] (Thread-735) [Consumer clientId=consumer-Consumer-topic-bd0e0c4a_41a4_4761_a10c_41364213a6c7-17, groupId=Consumer-topic-bd0e0c4a_41a4_4761_a10c_41364213a6c7] Revoke previously assigned partitions topic-bd0e0c4a_41a4_4761_a10c_41364213a6c7-0
2025-08-07 20:36:42,047 INFO  [org.apa.kaf.cli.con.int.ConsumerCoordinator] (Thread-735) [Consumer clientId=consumer-Consumer-topic-bd0e0c4a_41a4_4761_a10c_41364213a6c7-17, groupId=Consumer-topic-bd0e0c4a_41a4_4761_a10c_41364213a6c7] Member consumer-Consumer-topic-bd0e0c4a_41a4_4761_a10c_41364213a6c7-17-130ca1eb-fc98-4fec-8e39-2d7cdbf282a3 sending LeaveGroup request to coordinator localhost:32769 (id: 2147483647 rack: null) due to the consumer is being closed
2025-08-07 20:36:42,047 INFO  [org.apa.kaf.cli.con.int.ConsumerCoordinator] (Thread-735) [Consumer clientId=consumer-Consumer-topic-bd0e0c4a_41a4_4761_a10c_41364213a6c7-17, groupId=Consumer-topic-bd0e0c4a_41a4_4761_a10c_41364213a6c7] Resetting generation and member id due to: consumer pro-actively leaving the group
2025-08-07 20:36:42,047 INFO  [org.apa.kaf.cli.con.int.ConsumerCoordinator] (Thread-735) [Consumer clientId=consumer-Consumer-topic-bd0e0c4a_41a4_4761_a10c_41364213a6c7-17, groupId=Consumer-topic-bd0e0c4a_41a4_4761_a10c_41364213a6c7] Request joining group due to: consumer pro-actively leaving the group
2025-08-07 20:36:42,542 INFO  [org.apa.kaf.com.met.Metrics] (Thread-735) Metrics scheduler closed
2025-08-07 20:36:42,542 INFO  [org.apa.kaf.com.met.Metrics] (Thread-735) Closing reporter org.apache.kafka.common.metrics.JmxReporter
2025-08-07 20:36:42,542 INFO  [org.apa.kaf.com.met.Metrics] (Thread-735) Closing reporter org.apache.kafka.common.telemetry.internals.ClientTelemetryReporter
2025-08-07 20:36:42,542 INFO  [org.apa.kaf.com.met.Metrics] (Thread-735) Metrics reporters closed
2025-08-07 20:36:42,545 INFO  [org.apa.kaf.com.uti.AppInfoParser] (Thread-735) App info kafka.consumer for consumer-Consumer-topic-bd0e0c4a_41a4_4761_a10c_41364213a6c7-17 unregistered
2025-08-07 20:36:42,545 INFO  [io.api.tes.uti.TestSeparator] (main) io.apicurio.tests.serdes.apicurio.AvroSerdeIT.testFirstEmptyFieldConfusedAsMagicByte-FINISHED
2025-08-07 20:36:42,545 INFO  [io.api.tes.uti.TestSeparator] (main) ############################################################################
Test passed: testFirstEmptyFieldConfusedAsMagicByte
]]></system-out>
  </testcase>
  <testcase name="testAvroSerDesFailDifferentSchemaByContent" classname="io.apicurio.tests.serdes.apicurio.AvroSerdeIT" time="1.128">
    <system-out><![CDATA[2025-08-07 20:36:42,547 INFO  [io.api.tes.uti.TestSeparator] (main) ############################################################################
2025-08-07 20:36:42,547 INFO  [io.api.tes.uti.TestSeparator] (main) io.apicurio.tests.serdes.apicurio.AvroSerdeIT.testAvroSerDesFailDifferentSchemaByContent-STARTED
**** Registry Base URL: http://registry-app-ksql043.apps.ci419.apicurio-testing.org:80
2025-08-07 20:36:43,621 INFO  [org.apa.kaf.cli.pro.ProducerConfig] (main) ProducerConfig values: 
	acks = -1
	auto.include.jmx.reporter = true
	batch.size = 16384
	bootstrap.servers = [PLAINTEXT://localhost:32769]
	buffer.memory = 33554432
	client.dns.lookup = use_all_dns_ips
	client.id = Producer-topic-d9ec185e_2bf0_420a_af2a_829e4330efbe
	compression.gzip.level = -1
	compression.lz4.level = 9
	compression.type = none
	compression.zstd.level = 3
	connections.max.idle.ms = 10000
	delivery.timeout.ms = 120000
	enable.idempotence = true
	enable.metrics.push = true
	interceptor.classes = []
	key.serializer = class org.apache.kafka.common.serialization.StringSerializer
	linger.ms = 0
	max.block.ms = 60000
	max.in.flight.requests.per.connection = 5
	max.request.size = 1048576
	metadata.max.age.ms = 300000
	metadata.max.idle.ms = 300000
	metadata.recovery.strategy = none
	metric.reporters = []
	metrics.num.samples = 2
	metrics.recording.level = INFO
	metrics.sample.window.ms = 30000
	partitioner.adaptive.partitioning.enable = true
	partitioner.availability.timeout.ms = 0
	partitioner.class = null
	partitioner.ignore.keys = false
	receive.buffer.bytes = 32768
	reconnect.backoff.max.ms = 1000
	reconnect.backoff.ms = 50
	request.timeout.ms = 5000
	retries = 2147483647
	retry.backoff.max.ms = 1000
	retry.backoff.ms = 100
	sasl.client.callback.handler.class = null
	sasl.jaas.config = null
	sasl.kerberos.kinit.cmd = /usr/bin/kinit
	sasl.kerberos.min.time.before.relogin = 60000
	sasl.kerberos.service.name = null
	sasl.kerberos.ticket.renew.jitter = 0.05
	sasl.kerberos.ticket.renew.window.factor = 0.8
	sasl.login.callback.handler.class = null
	sasl.login.class = null
	sasl.login.connect.timeout.ms = null
	sasl.login.read.timeout.ms = null
	sasl.login.refresh.buffer.seconds = 300
	sasl.login.refresh.min.period.seconds = 60
	sasl.login.refresh.window.factor = 0.8
	sasl.login.refresh.window.jitter = 0.05
	sasl.login.retry.backoff.max.ms = 10000
	sasl.login.retry.backoff.ms = 100
	sasl.mechanism = GSSAPI
	sasl.oauthbearer.clock.skew.seconds = 30
	sasl.oauthbearer.expected.audience = null
	sasl.oauthbearer.expected.issuer = null
	sasl.oauthbearer.header.urlencode = false
	sasl.oauthbearer.jwks.endpoint.refresh.ms = 3600000
	sasl.oauthbearer.jwks.endpoint.retry.backoff.max.ms = 10000
	sasl.oauthbearer.jwks.endpoint.retry.backoff.ms = 100
	sasl.oauthbearer.jwks.endpoint.url = null
	sasl.oauthbearer.scope.claim.name = scope
	sasl.oauthbearer.sub.claim.name = sub
	sasl.oauthbearer.token.endpoint.url = null
	security.protocol = PLAINTEXT
	security.providers = null
	send.buffer.bytes = 131072
	socket.connection.setup.timeout.max.ms = 30000
	socket.connection.setup.timeout.ms = 10000
	ssl.cipher.suites = null
	ssl.enabled.protocols = [TLSv1.2, TLSv1.3]
	ssl.endpoint.identification.algorithm = https
	ssl.engine.factory.class = null
	ssl.key.password = null
	ssl.keymanager.algorithm = SunX509
	ssl.keystore.certificate.chain = null
	ssl.keystore.key = null
	ssl.keystore.location = null
	ssl.keystore.password = null
	ssl.keystore.type = JKS
	ssl.protocol = TLSv1.3
	ssl.provider = null
	ssl.secure.random.implementation = null
	ssl.trustmanager.algorithm = PKIX
	ssl.truststore.certificates = null
	ssl.truststore.location = null
	ssl.truststore.password = null
	ssl.truststore.type = JKS
	transaction.timeout.ms = 60000
	transactional.id = null
	value.serializer = class io.apicurio.registry.serde.avro.AvroKafkaSerializer

2025-08-07 20:36:43,621 INFO  [org.apa.kaf.com.tel.int.KafkaMetricsCollector] (main) initializing Kafka metrics collector
2025-08-07 20:36:43,624 INFO  [org.apa.kaf.cli.pro.KafkaProducer] (main) [Producer clientId=Producer-topic-d9ec185e_2bf0_420a_af2a_829e4330efbe] Instantiated an idempotent producer.
2025-08-07 20:36:43,626 INFO  [org.apa.kaf.cli.pro.ProducerConfig] (main) These configurations '[apicurio.registry.url, apicurio.registry.artifact-resolver-strategy]' were supplied but are not used yet.
2025-08-07 20:36:43,626 INFO  [org.apa.kaf.com.uti.AppInfoParser] (main) Kafka version: 3.9.1
2025-08-07 20:36:43,626 INFO  [org.apa.kaf.com.uti.AppInfoParser] (main) Kafka commitId: f745dfdcee2b9851
2025-08-07 20:36:43,626 INFO  [org.apa.kaf.com.uti.AppInfoParser] (main) Kafka startTimeMs: 1754599003626
2025-08-07 20:36:43,628 INFO  [io.api.tes.ser.api.KafkaSerdesTester] (Thread-738) Sending message {"keyB": "value-0"} to topic topic-d9ec185e_2bf0_420a_af2a_829e4330efbe
2025-08-07 20:36:43,631 INFO  [org.apa.kaf.cli.Metadata] (kafka-producer-network-thread | Producer-topic-d9ec185e_2bf0_420a_af2a_829e4330efbe) [Producer clientId=Producer-topic-d9ec185e_2bf0_420a_af2a_829e4330efbe] Cluster ID: 7hmfGG3YTMCno0-sg6ieQg
2025-08-07 20:36:43,631 INFO  [org.apa.kaf.cli.pro.int.TransactionManager] (kafka-producer-network-thread | Producer-topic-d9ec185e_2bf0_420a_af2a_829e4330efbe) [Producer clientId=Producer-topic-d9ec185e_2bf0_420a_af2a_829e4330efbe] ProducerId set to 24 with epoch 0
2025-08-07 20:36:43,631 INFO  [DefaultSchemaResolver] (Thread-738) Retrieving schema content using string: {"type":"record","name":"s553c02b5xb626x405cx91a5x56776e59edf0","namespace":"sf845affax35d9x4efcxb181x21139271380f","fields":[{"name":"keyB","type":"string"}]}
2025-08-07 20:36:43,669 INFO  [org.apa.kaf.cli.pro.KafkaProducer] (Thread-738) [Producer clientId=Producer-topic-d9ec185e_2bf0_420a_af2a_829e4330efbe] Closing the Kafka producer with timeoutMillis = 9223372036854775807 ms.
2025-08-07 20:36:43,673 INFO  [org.apa.kaf.com.met.Metrics] (Thread-738) Metrics scheduler closed
2025-08-07 20:36:43,673 INFO  [org.apa.kaf.com.met.Metrics] (Thread-738) Closing reporter org.apache.kafka.common.metrics.JmxReporter
2025-08-07 20:36:43,673 INFO  [org.apa.kaf.com.met.Metrics] (Thread-738) Closing reporter org.apache.kafka.common.telemetry.internals.ClientTelemetryReporter
2025-08-07 20:36:43,673 INFO  [org.apa.kaf.com.met.Metrics] (Thread-738) Metrics reporters closed
2025-08-07 20:36:43,673 INFO  [org.apa.kaf.com.uti.AppInfoParser] (Thread-738) App info kafka.producer for Producer-topic-d9ec185e_2bf0_420a_af2a_829e4330efbe unregistered
2025-08-07 20:36:43,674 INFO  [io.api.tes.uti.TestSeparator] (main) io.apicurio.tests.serdes.apicurio.AvroSerdeIT.testAvroSerDesFailDifferentSchemaByContent-FINISHED
2025-08-07 20:36:43,674 INFO  [io.api.tes.uti.TestSeparator] (main) ############################################################################
Test passed: testAvroSerDesFailDifferentSchemaByContent
]]></system-out>
    <system-err><![CDATA[java.lang.RuntimeException: Could not resolve artifact reference by content: {"type":"record","name":"s553c02b5xb626x405cx91a5x56776e59edf0","namespace":"sf845affax35d9x4efcxb181x21139271380f","fields":[{"name":"keyB","type":"string"}]}&ArtifactReference [groupId=sf845affax35d9x4efcxb181x21139271380f, artifactId=s553c02b5xb626x405cx91a5x56776e59edf0, version=null, globalId=null, contentId=null, contentHash=null]
	at io.apicurio.registry.resolver.DefaultSchemaResolver.lambda$handleResolveSchemaByContent$3(DefaultSchemaResolver.java:265)
	at io.apicurio.registry.resolver.cache.ERCache.lambda$getValue$0(ERCache.java:174)
	at io.apicurio.registry.resolver.cache.ERCache.retry(ERCache.java:227)
	at io.apicurio.registry.resolver.cache.ERCache.getValue(ERCache.java:173)
	at io.apicurio.registry.resolver.cache.ERCache.getByContent(ERCache.java:147)
	at io.apicurio.registry.resolver.DefaultSchemaResolver.handleResolveSchemaByContent(DefaultSchemaResolver.java:253)
	at io.apicurio.registry.resolver.DefaultSchemaResolver.getSchemaFromRegistry(DefaultSchemaResolver.java:138)
	at io.apicurio.registry.resolver.DefaultSchemaResolver.lambda$resolveSchema$0(DefaultSchemaResolver.java:84)
	at java.base/java.util.Optional.orElseGet(Optional.java:364)
	at io.apicurio.registry.resolver.DefaultSchemaResolver.resolveSchema(DefaultSchemaResolver.java:84)
	at io.apicurio.registry.serde.AbstractSerializer.serializeData(AbstractSerializer.java:62)
	at io.apicurio.registry.serde.KafkaSerializer.serialize(KafkaSerializer.java:77)
	at org.apache.kafka.clients.producer.KafkaProducer.doSend(KafkaProducer.java:1046)
	at org.apache.kafka.clients.producer.KafkaProducer.send(KafkaProducer.java:993)
	at org.apache.kafka.clients.producer.KafkaProducer.send(KafkaProducer.java:875)
	at io.apicurio.tests.serdes.apicurio.KafkaSerdesTester.lambda$produceMessages$3(KafkaSerdesTester.java:138)
	at java.base/java.util.concurrent.CompletableFuture$AsyncSupply.run(CompletableFuture.java:1768)
	at java.base/java.lang.Thread.run(Thread.java:840)
]]></system-err>
  </testcase>
  <testcase name="testGlobalIdInBody" classname="io.apicurio.tests.serdes.apicurio.AvroSerdeIT" time="3.832">
    <system-out><![CDATA[2025-08-07 20:36:43,675 INFO  [io.api.tes.uti.TestSeparator] (main) ############################################################################
2025-08-07 20:36:43,675 INFO  [io.api.tes.uti.TestSeparator] (main) io.apicurio.tests.serdes.apicurio.AvroSerdeIT.testGlobalIdInBody-STARTED
**** Registry Base URL: http://registry-app-ksql043.apps.ci419.apicurio-testing.org:80
2025-08-07 20:36:43,684 INFO  [org.apa.kaf.cli.pro.ProducerConfig] (main) ProducerConfig values: 
	acks = -1
	auto.include.jmx.reporter = true
	batch.size = 16384
	bootstrap.servers = [PLAINTEXT://localhost:32769]
	buffer.memory = 33554432
	client.dns.lookup = use_all_dns_ips
	client.id = Producer-topic-3763120b_2d81_43a7_baaf_b0cb888eee13
	compression.gzip.level = -1
	compression.lz4.level = 9
	compression.type = none
	compression.zstd.level = 3
	connections.max.idle.ms = 10000
	delivery.timeout.ms = 120000
	enable.idempotence = true
	enable.metrics.push = true
	interceptor.classes = []
	key.serializer = class org.apache.kafka.common.serialization.StringSerializer
	linger.ms = 0
	max.block.ms = 60000
	max.in.flight.requests.per.connection = 5
	max.request.size = 1048576
	metadata.max.age.ms = 300000
	metadata.max.idle.ms = 300000
	metadata.recovery.strategy = none
	metric.reporters = []
	metrics.num.samples = 2
	metrics.recording.level = INFO
	metrics.sample.window.ms = 30000
	partitioner.adaptive.partitioning.enable = true
	partitioner.availability.timeout.ms = 0
	partitioner.class = null
	partitioner.ignore.keys = false
	receive.buffer.bytes = 32768
	reconnect.backoff.max.ms = 1000
	reconnect.backoff.ms = 50
	request.timeout.ms = 5000
	retries = 2147483647
	retry.backoff.max.ms = 1000
	retry.backoff.ms = 100
	sasl.client.callback.handler.class = null
	sasl.jaas.config = null
	sasl.kerberos.kinit.cmd = /usr/bin/kinit
	sasl.kerberos.min.time.before.relogin = 60000
	sasl.kerberos.service.name = null
	sasl.kerberos.ticket.renew.jitter = 0.05
	sasl.kerberos.ticket.renew.window.factor = 0.8
	sasl.login.callback.handler.class = null
	sasl.login.class = null
	sasl.login.connect.timeout.ms = null
	sasl.login.read.timeout.ms = null
	sasl.login.refresh.buffer.seconds = 300
	sasl.login.refresh.min.period.seconds = 60
	sasl.login.refresh.window.factor = 0.8
	sasl.login.refresh.window.jitter = 0.05
	sasl.login.retry.backoff.max.ms = 10000
	sasl.login.retry.backoff.ms = 100
	sasl.mechanism = GSSAPI
	sasl.oauthbearer.clock.skew.seconds = 30
	sasl.oauthbearer.expected.audience = null
	sasl.oauthbearer.expected.issuer = null
	sasl.oauthbearer.header.urlencode = false
	sasl.oauthbearer.jwks.endpoint.refresh.ms = 3600000
	sasl.oauthbearer.jwks.endpoint.retry.backoff.max.ms = 10000
	sasl.oauthbearer.jwks.endpoint.retry.backoff.ms = 100
	sasl.oauthbearer.jwks.endpoint.url = null
	sasl.oauthbearer.scope.claim.name = scope
	sasl.oauthbearer.sub.claim.name = sub
	sasl.oauthbearer.token.endpoint.url = null
	security.protocol = PLAINTEXT
	security.providers = null
	send.buffer.bytes = 131072
	socket.connection.setup.timeout.max.ms = 30000
	socket.connection.setup.timeout.ms = 10000
	ssl.cipher.suites = null
	ssl.enabled.protocols = [TLSv1.2, TLSv1.3]
	ssl.endpoint.identification.algorithm = https
	ssl.engine.factory.class = null
	ssl.key.password = null
	ssl.keymanager.algorithm = SunX509
	ssl.keystore.certificate.chain = null
	ssl.keystore.key = null
	ssl.keystore.location = null
	ssl.keystore.password = null
	ssl.keystore.type = JKS
	ssl.protocol = TLSv1.3
	ssl.provider = null
	ssl.secure.random.implementation = null
	ssl.trustmanager.algorithm = PKIX
	ssl.truststore.certificates = null
	ssl.truststore.location = null
	ssl.truststore.password = null
	ssl.truststore.type = JKS
	transaction.timeout.ms = 60000
	transactional.id = null
	value.serializer = class io.apicurio.registry.serde.avro.AvroKafkaSerializer

2025-08-07 20:36:43,684 INFO  [org.apa.kaf.com.tel.int.KafkaMetricsCollector] (main) initializing Kafka metrics collector
2025-08-07 20:36:43,688 INFO  [org.apa.kaf.cli.pro.KafkaProducer] (main) [Producer clientId=Producer-topic-3763120b_2d81_43a7_baaf_b0cb888eee13] Instantiated an idempotent producer.
2025-08-07 20:36:43,691 INFO  [org.apa.kaf.cli.pro.ProducerConfig] (main) These configurations '[apicurio.registry.url, apicurio.registry.auto-register, apicurio.registry.use-id, apicurio.registry.artifact-resolver-strategy]' were supplied but are not used yet.
2025-08-07 20:36:43,691 INFO  [org.apa.kaf.com.uti.AppInfoParser] (main) Kafka version: 3.9.1
2025-08-07 20:36:43,691 INFO  [org.apa.kaf.com.uti.AppInfoParser] (main) Kafka commitId: f745dfdcee2b9851
2025-08-07 20:36:43,691 INFO  [org.apa.kaf.com.uti.AppInfoParser] (main) Kafka startTimeMs: 1754599003691
2025-08-07 20:36:43,692 INFO  [io.api.tes.ser.api.SimpleSerdesTesterBuilder$SimpleSerdesTester] (main) Using producer configuration: {apicurio.registry.url=http://registry-app-ksql043.apps.ci419.apicurio-testing.org:80/apis/registry/v3, apicurio.registry.auto-register=true, apicurio.registry.use-id=globalId, apicurio.registry.artifact-resolver-strategy=io.apicurio.registry.serde.strategy.TopicIdStrategy, value.serializer=io.apicurio.registry.serde.avro.AvroKafkaSerializer, request.timeout.ms=5000, acks=all, bootstrap.servers=PLAINTEXT://localhost:32769, connections.max.idle.ms=10000, key.serializer=org.apache.kafka.common.serialization.StringSerializer, client.id=Producer-topic-3763120b_2d81_43a7_baaf_b0cb888eee13}
2025-08-07 20:36:43,692 INFO  [io.api.tes.ser.api.SimpleSerdesTesterBuilder$SimpleSerdesTester] (main) Using consumer configuration: {apicurio.registry.use-id=globalId}
2025-08-07 20:36:43,692 INFO  [io.api.tes.ser.api.KafkaSerdesTester] (Thread-741) Sending message {"key11754599003678": "value-0"} to topic topic-3763120b_2d81_43a7_baaf_b0cb888eee13
2025-08-07 20:36:43,697 WARN  [org.apa.kaf.cli.NetworkClient] (kafka-producer-network-thread | Producer-topic-3763120b_2d81_43a7_baaf_b0cb888eee13) [Producer clientId=Producer-topic-3763120b_2d81_43a7_baaf_b0cb888eee13] The metadata response from the cluster reported a recoverable issue with correlation id 1 : {topic-3763120b_2d81_43a7_baaf_b0cb888eee13=UNKNOWN_TOPIC_OR_PARTITION}
2025-08-07 20:36:43,697 INFO  [org.apa.kaf.cli.Metadata] (kafka-producer-network-thread | Producer-topic-3763120b_2d81_43a7_baaf_b0cb888eee13) [Producer clientId=Producer-topic-3763120b_2d81_43a7_baaf_b0cb888eee13] Cluster ID: 7hmfGG3YTMCno0-sg6ieQg
2025-08-07 20:36:43,697 INFO  [org.apa.kaf.cli.pro.int.TransactionManager] (kafka-producer-network-thread | Producer-topic-3763120b_2d81_43a7_baaf_b0cb888eee13) [Producer clientId=Producer-topic-3763120b_2d81_43a7_baaf_b0cb888eee13] ProducerId set to 25 with epoch 0
2025-08-07 20:36:43,882 INFO  [io.api.tes.ser.api.KafkaSerdesTester] (Thread-741) Sending message {"key11754599003678": "value-1"} to topic topic-3763120b_2d81_43a7_baaf_b0cb888eee13
2025-08-07 20:36:43,885 INFO  [io.api.tes.ser.api.KafkaSerdesTester] (Thread-741) Sending message {"key11754599003678": "value-2"} to topic topic-3763120b_2d81_43a7_baaf_b0cb888eee13
2025-08-07 20:36:43,887 INFO  [io.api.tes.ser.api.KafkaSerdesTester] (Thread-741) Sending message {"key11754599003678": "value-3"} to topic topic-3763120b_2d81_43a7_baaf_b0cb888eee13
2025-08-07 20:36:43,890 INFO  [io.api.tes.ser.api.KafkaSerdesTester] (Thread-741) Sending message {"key11754599003678": "value-4"} to topic topic-3763120b_2d81_43a7_baaf_b0cb888eee13
2025-08-07 20:36:43,893 INFO  [io.api.tes.ser.api.KafkaSerdesTester] (Thread-741) Sending message {"key11754599003678": "value-5"} to topic topic-3763120b_2d81_43a7_baaf_b0cb888eee13
2025-08-07 20:36:43,899 INFO  [io.api.tes.ser.api.KafkaSerdesTester] (Thread-741) Sending message {"key11754599003678": "value-6"} to topic topic-3763120b_2d81_43a7_baaf_b0cb888eee13
2025-08-07 20:36:43,900 INFO  [io.api.tes.ser.api.KafkaSerdesTester] (Thread-741) Sending message {"key11754599003678": "value-7"} to topic topic-3763120b_2d81_43a7_baaf_b0cb888eee13
2025-08-07 20:36:43,903 INFO  [io.api.tes.ser.api.KafkaSerdesTester] (Thread-741) Sending message {"key11754599003678": "value-8"} to topic topic-3763120b_2d81_43a7_baaf_b0cb888eee13
2025-08-07 20:36:43,904 INFO  [io.api.tes.ser.api.KafkaSerdesTester] (Thread-741) Sending message {"key11754599003678": "value-9"} to topic topic-3763120b_2d81_43a7_baaf_b0cb888eee13
2025-08-07 20:36:43,908 INFO  [io.api.tes.ser.api.KafkaSerdesTester] (Thread-741) Produced 10 messages
2025-08-07 20:36:43,908 INFO  [org.apa.kaf.cli.pro.KafkaProducer] (Thread-741) [Producer clientId=Producer-topic-3763120b_2d81_43a7_baaf_b0cb888eee13] Closing the Kafka producer with timeoutMillis = 9223372036854775807 ms.
2025-08-07 20:36:43,910 INFO  [org.apa.kaf.com.met.Metrics] (Thread-741) Metrics scheduler closed
2025-08-07 20:36:43,910 INFO  [org.apa.kaf.com.met.Metrics] (Thread-741) Closing reporter org.apache.kafka.common.metrics.JmxReporter
2025-08-07 20:36:43,910 INFO  [org.apa.kaf.com.met.Metrics] (Thread-741) Closing reporter org.apache.kafka.common.telemetry.internals.ClientTelemetryReporter
2025-08-07 20:36:43,910 INFO  [org.apa.kaf.com.met.Metrics] (Thread-741) Metrics reporters closed
2025-08-07 20:36:43,911 INFO  [org.apa.kaf.com.uti.AppInfoParser] (Thread-741) App info kafka.producer for Producer-topic-3763120b_2d81_43a7_baaf_b0cb888eee13 unregistered
**** Registry Base URL: http://registry-app-ksql043.apps.ci419.apicurio-testing.org:80
2025-08-07 20:36:43,936 INFO  [org.apa.kaf.cli.con.ConsumerConfig] (main) ConsumerConfig values: 
	allow.auto.create.topics = true
	auto.commit.interval.ms = 500
	auto.include.jmx.reporter = true
	auto.offset.reset = earliest
	bootstrap.servers = [PLAINTEXT://localhost:32769]
	check.crcs = true
	client.dns.lookup = use_all_dns_ips
	client.id = consumer-Consumer-topic-3763120b_2d81_43a7_baaf_b0cb888eee13-18
	client.rack = 
	connections.max.idle.ms = 10000
	default.api.timeout.ms = 60000
	enable.auto.commit = true
	enable.metrics.push = true
	exclude.internal.topics = true
	fetch.max.bytes = 52428800
	fetch.max.wait.ms = 500
	fetch.min.bytes = 1
	group.id = Consumer-topic-3763120b_2d81_43a7_baaf_b0cb888eee13
	group.instance.id = null
	group.protocol = classic
	group.remote.assignor = null
	heartbeat.interval.ms = 3000
	interceptor.classes = []
	internal.leave.group.on.close = true
	internal.throw.on.fetch.stable.offset.unsupported = false
	isolation.level = read_uncommitted
	key.deserializer = class org.apache.kafka.common.serialization.StringDeserializer
	max.partition.fetch.bytes = 1048576
	max.poll.interval.ms = 300000
	max.poll.records = 500
	metadata.max.age.ms = 300000
	metadata.recovery.strategy = none
	metric.reporters = []
	metrics.num.samples = 2
	metrics.recording.level = INFO
	metrics.sample.window.ms = 30000
	partition.assignment.strategy = [class org.apache.kafka.clients.consumer.RangeAssignor, class org.apache.kafka.clients.consumer.CooperativeStickyAssignor]
	receive.buffer.bytes = 65536
	reconnect.backoff.max.ms = 1000
	reconnect.backoff.ms = 50
	request.timeout.ms = 5000
	retry.backoff.max.ms = 1000
	retry.backoff.ms = 100
	sasl.client.callback.handler.class = null
	sasl.jaas.config = null
	sasl.kerberos.kinit.cmd = /usr/bin/kinit
	sasl.kerberos.min.time.before.relogin = 60000
	sasl.kerberos.service.name = null
	sasl.kerberos.ticket.renew.jitter = 0.05
	sasl.kerberos.ticket.renew.window.factor = 0.8
	sasl.login.callback.handler.class = null
	sasl.login.class = null
	sasl.login.connect.timeout.ms = null
	sasl.login.read.timeout.ms = null
	sasl.login.refresh.buffer.seconds = 300
	sasl.login.refresh.min.period.seconds = 60
	sasl.login.refresh.window.factor = 0.8
	sasl.login.refresh.window.jitter = 0.05
	sasl.login.retry.backoff.max.ms = 10000
	sasl.login.retry.backoff.ms = 100
	sasl.mechanism = GSSAPI
	sasl.oauthbearer.clock.skew.seconds = 30
	sasl.oauthbearer.expected.audience = null
	sasl.oauthbearer.expected.issuer = null
	sasl.oauthbearer.header.urlencode = false
	sasl.oauthbearer.jwks.endpoint.refresh.ms = 3600000
	sasl.oauthbearer.jwks.endpoint.retry.backoff.max.ms = 10000
	sasl.oauthbearer.jwks.endpoint.retry.backoff.ms = 100
	sasl.oauthbearer.jwks.endpoint.url = null
	sasl.oauthbearer.scope.claim.name = scope
	sasl.oauthbearer.sub.claim.name = sub
	sasl.oauthbearer.token.endpoint.url = null
	security.protocol = PLAINTEXT
	security.providers = null
	send.buffer.bytes = 131072
	session.timeout.ms = 45000
	socket.connection.setup.timeout.max.ms = 30000
	socket.connection.setup.timeout.ms = 10000
	ssl.cipher.suites = null
	ssl.enabled.protocols = [TLSv1.2, TLSv1.3]
	ssl.endpoint.identification.algorithm = https
	ssl.engine.factory.class = null
	ssl.key.password = null
	ssl.keymanager.algorithm = SunX509
	ssl.keystore.certificate.chain = null
	ssl.keystore.key = null
	ssl.keystore.location = null
	ssl.keystore.password = null
	ssl.keystore.type = JKS
	ssl.protocol = TLSv1.3
	ssl.provider = null
	ssl.secure.random.implementation = null
	ssl.trustmanager.algorithm = PKIX
	ssl.truststore.certificates = null
	ssl.truststore.location = null
	ssl.truststore.password = null
	ssl.truststore.type = JKS
	value.deserializer = class io.apicurio.registry.serde.avro.AvroKafkaDeserializer

2025-08-07 20:36:43,936 INFO  [org.apa.kaf.com.tel.int.KafkaMetricsCollector] (main) initializing Kafka metrics collector
2025-08-07 20:36:43,941 INFO  [org.apa.kaf.cli.con.ConsumerConfig] (main) These configurations '[apicurio.registry.url, apicurio.registry.use-id]' were supplied but are not used yet.
2025-08-07 20:36:43,942 INFO  [org.apa.kaf.com.uti.AppInfoParser] (main) Kafka version: 3.9.1
2025-08-07 20:36:43,942 INFO  [org.apa.kaf.com.uti.AppInfoParser] (main) Kafka commitId: f745dfdcee2b9851
2025-08-07 20:36:43,942 INFO  [org.apa.kaf.com.uti.AppInfoParser] (main) Kafka startTimeMs: 1754599003941
2025-08-07 20:36:43,942 INFO  [org.apa.kaf.cli.con.int.ClassicKafkaConsumer] (Thread-744) [Consumer clientId=consumer-Consumer-topic-3763120b_2d81_43a7_baaf_b0cb888eee13-18, groupId=Consumer-topic-3763120b_2d81_43a7_baaf_b0cb888eee13] Subscribed to topic(s): topic-3763120b_2d81_43a7_baaf_b0cb888eee13
2025-08-07 20:36:43,947 INFO  [org.apa.kaf.cli.Metadata] (Thread-744) [Consumer clientId=consumer-Consumer-topic-3763120b_2d81_43a7_baaf_b0cb888eee13-18, groupId=Consumer-topic-3763120b_2d81_43a7_baaf_b0cb888eee13] Cluster ID: 7hmfGG3YTMCno0-sg6ieQg
2025-08-07 20:36:43,949 INFO  [org.apa.kaf.cli.con.int.ConsumerCoordinator] (Thread-744) [Consumer clientId=consumer-Consumer-topic-3763120b_2d81_43a7_baaf_b0cb888eee13-18, groupId=Consumer-topic-3763120b_2d81_43a7_baaf_b0cb888eee13] Discovered group coordinator localhost:32769 (id: 2147483647 rack: null)
2025-08-07 20:36:43,950 INFO  [org.apa.kaf.cli.con.int.ConsumerCoordinator] (Thread-744) [Consumer clientId=consumer-Consumer-topic-3763120b_2d81_43a7_baaf_b0cb888eee13-18, groupId=Consumer-topic-3763120b_2d81_43a7_baaf_b0cb888eee13] (Re-)joining group
2025-08-07 20:36:43,953 INFO  [org.apa.kaf.cli.con.int.ConsumerCoordinator] (Thread-744) [Consumer clientId=consumer-Consumer-topic-3763120b_2d81_43a7_baaf_b0cb888eee13-18, groupId=Consumer-topic-3763120b_2d81_43a7_baaf_b0cb888eee13] Request joining group due to: need to re-join with the given member-id: consumer-Consumer-topic-3763120b_2d81_43a7_baaf_b0cb888eee13-18-5a03c72c-7e8a-427e-a192-625f4f372736
2025-08-07 20:36:43,953 INFO  [org.apa.kaf.cli.con.int.ConsumerCoordinator] (Thread-744) [Consumer clientId=consumer-Consumer-topic-3763120b_2d81_43a7_baaf_b0cb888eee13-18, groupId=Consumer-topic-3763120b_2d81_43a7_baaf_b0cb888eee13] (Re-)joining group
2025-08-07 20:36:44,942 INFO  [io.api.tes.ser.api.KafkaSerdesTester] (Thread-744) None found
2025-08-07 20:36:45,942 INFO  [io.api.tes.ser.api.KafkaSerdesTester] (Thread-744) None found
2025-08-07 20:36:46,942 INFO  [io.api.tes.ser.api.KafkaSerdesTester] (Thread-744) None found
2025-08-07 20:36:46,955 INFO  [org.apa.kaf.cli.con.int.ConsumerCoordinator] (Thread-744) [Consumer clientId=consumer-Consumer-topic-3763120b_2d81_43a7_baaf_b0cb888eee13-18, groupId=Consumer-topic-3763120b_2d81_43a7_baaf_b0cb888eee13] Successfully joined group with generation Generation{generationId=1, memberId='consumer-Consumer-topic-3763120b_2d81_43a7_baaf_b0cb888eee13-18-5a03c72c-7e8a-427e-a192-625f4f372736', protocol='range'}
2025-08-07 20:36:46,955 INFO  [org.apa.kaf.cli.con.int.ConsumerCoordinator] (Thread-744) [Consumer clientId=consumer-Consumer-topic-3763120b_2d81_43a7_baaf_b0cb888eee13-18, groupId=Consumer-topic-3763120b_2d81_43a7_baaf_b0cb888eee13] Finished assignment for group at generation 1: {consumer-Consumer-topic-3763120b_2d81_43a7_baaf_b0cb888eee13-18-5a03c72c-7e8a-427e-a192-625f4f372736=Assignment(partitions=[topic-3763120b_2d81_43a7_baaf_b0cb888eee13-0])}
2025-08-07 20:36:46,962 INFO  [org.apa.kaf.cli.con.int.ConsumerCoordinator] (Thread-744) [Consumer clientId=consumer-Consumer-topic-3763120b_2d81_43a7_baaf_b0cb888eee13-18, groupId=Consumer-topic-3763120b_2d81_43a7_baaf_b0cb888eee13] Successfully synced group in generation Generation{generationId=1, memberId='consumer-Consumer-topic-3763120b_2d81_43a7_baaf_b0cb888eee13-18-5a03c72c-7e8a-427e-a192-625f4f372736', protocol='range'}
2025-08-07 20:36:46,962 INFO  [org.apa.kaf.cli.con.int.ConsumerCoordinator] (Thread-744) [Consumer clientId=consumer-Consumer-topic-3763120b_2d81_43a7_baaf_b0cb888eee13-18, groupId=Consumer-topic-3763120b_2d81_43a7_baaf_b0cb888eee13] Notifying assignor about the new Assignment(partitions=[topic-3763120b_2d81_43a7_baaf_b0cb888eee13-0])
2025-08-07 20:36:46,962 INFO  [org.apa.kaf.cli.con.int.ConsumerRebalanceListenerInvoker] (Thread-744) [Consumer clientId=consumer-Consumer-topic-3763120b_2d81_43a7_baaf_b0cb888eee13-18, groupId=Consumer-topic-3763120b_2d81_43a7_baaf_b0cb888eee13] Adding newly assigned partitions: topic-3763120b_2d81_43a7_baaf_b0cb888eee13-0
2025-08-07 20:36:46,963 INFO  [org.apa.kaf.cli.con.int.ConsumerCoordinator] (Thread-744) [Consumer clientId=consumer-Consumer-topic-3763120b_2d81_43a7_baaf_b0cb888eee13-18, groupId=Consumer-topic-3763120b_2d81_43a7_baaf_b0cb888eee13] Found no committed offset for partition topic-3763120b_2d81_43a7_baaf_b0cb888eee13-0
2025-08-07 20:36:46,965 INFO  [org.apa.kaf.cli.con.int.SubscriptionState] (Thread-744) [Consumer clientId=consumer-Consumer-topic-3763120b_2d81_43a7_baaf_b0cb888eee13-18, groupId=Consumer-topic-3763120b_2d81_43a7_baaf_b0cb888eee13] Resetting offset for partition topic-3763120b_2d81_43a7_baaf_b0cb888eee13-0 to position FetchPosition{offset=0, offsetEpoch=Optional.empty, currentLeader=LeaderAndEpoch{leader=Optional[localhost:32769 (id: 0 rack: null)], epoch=0}}.
2025-08-07 20:36:46,999 INFO  [io.api.tes.ser.api.KafkaSerdesTester] (Thread-744) topic-3763120b_2d81_43a7_baaf_b0cb888eee13 0 0 {"key11754599003678": "value-0"}
2025-08-07 20:36:46,999 INFO  [io.api.tes.ser.api.KafkaSerdesTester] (Thread-744) topic-3763120b_2d81_43a7_baaf_b0cb888eee13 0 1 {"key11754599003678": "value-1"}
2025-08-07 20:36:46,999 INFO  [io.api.tes.ser.api.KafkaSerdesTester] (Thread-744) topic-3763120b_2d81_43a7_baaf_b0cb888eee13 0 2 {"key11754599003678": "value-2"}
2025-08-07 20:36:46,999 INFO  [io.api.tes.ser.api.KafkaSerdesTester] (Thread-744) topic-3763120b_2d81_43a7_baaf_b0cb888eee13 0 3 {"key11754599003678": "value-3"}
2025-08-07 20:36:46,999 INFO  [io.api.tes.ser.api.KafkaSerdesTester] (Thread-744) topic-3763120b_2d81_43a7_baaf_b0cb888eee13 0 4 {"key11754599003678": "value-4"}
2025-08-07 20:36:46,999 INFO  [io.api.tes.ser.api.KafkaSerdesTester] (Thread-744) topic-3763120b_2d81_43a7_baaf_b0cb888eee13 0 5 {"key11754599003678": "value-5"}
2025-08-07 20:36:46,999 INFO  [io.api.tes.ser.api.KafkaSerdesTester] (Thread-744) topic-3763120b_2d81_43a7_baaf_b0cb888eee13 0 6 {"key11754599003678": "value-6"}
2025-08-07 20:36:46,999 INFO  [io.api.tes.ser.api.KafkaSerdesTester] (Thread-744) topic-3763120b_2d81_43a7_baaf_b0cb888eee13 0 7 {"key11754599003678": "value-7"}
2025-08-07 20:36:46,999 INFO  [io.api.tes.ser.api.KafkaSerdesTester] (Thread-744) topic-3763120b_2d81_43a7_baaf_b0cb888eee13 0 8 {"key11754599003678": "value-8"}
2025-08-07 20:36:46,999 INFO  [io.api.tes.ser.api.KafkaSerdesTester] (Thread-744) topic-3763120b_2d81_43a7_baaf_b0cb888eee13 0 9 {"key11754599003678": "value-9"}
2025-08-07 20:36:46,999 INFO  [io.api.tes.ser.api.KafkaSerdesTester] (Thread-744) Consumed 10 messages
2025-08-07 20:36:47,007 INFO  [org.apa.kaf.cli.con.int.ConsumerRebalanceListenerInvoker] (Thread-744) [Consumer clientId=consumer-Consumer-topic-3763120b_2d81_43a7_baaf_b0cb888eee13-18, groupId=Consumer-topic-3763120b_2d81_43a7_baaf_b0cb888eee13] Revoke previously assigned partitions topic-3763120b_2d81_43a7_baaf_b0cb888eee13-0
2025-08-07 20:36:47,007 INFO  [org.apa.kaf.cli.con.int.ConsumerCoordinator] (Thread-744) [Consumer clientId=consumer-Consumer-topic-3763120b_2d81_43a7_baaf_b0cb888eee13-18, groupId=Consumer-topic-3763120b_2d81_43a7_baaf_b0cb888eee13] Member consumer-Consumer-topic-3763120b_2d81_43a7_baaf_b0cb888eee13-18-5a03c72c-7e8a-427e-a192-625f4f372736 sending LeaveGroup request to coordinator localhost:32769 (id: 2147483647 rack: null) due to the consumer is being closed
2025-08-07 20:36:47,007 INFO  [org.apa.kaf.cli.con.int.ConsumerCoordinator] (Thread-744) [Consumer clientId=consumer-Consumer-topic-3763120b_2d81_43a7_baaf_b0cb888eee13-18, groupId=Consumer-topic-3763120b_2d81_43a7_baaf_b0cb888eee13] Resetting generation and member id due to: consumer pro-actively leaving the group
2025-08-07 20:36:47,007 INFO  [org.apa.kaf.cli.con.int.ConsumerCoordinator] (Thread-744) [Consumer clientId=consumer-Consumer-topic-3763120b_2d81_43a7_baaf_b0cb888eee13-18, groupId=Consumer-topic-3763120b_2d81_43a7_baaf_b0cb888eee13] Request joining group due to: consumer pro-actively leaving the group
2025-08-07 20:36:47,502 INFO  [org.apa.kaf.com.met.Metrics] (Thread-744) Metrics scheduler closed
2025-08-07 20:36:47,503 INFO  [org.apa.kaf.com.met.Metrics] (Thread-744) Closing reporter org.apache.kafka.common.metrics.JmxReporter
2025-08-07 20:36:47,503 INFO  [org.apa.kaf.com.met.Metrics] (Thread-744) Closing reporter org.apache.kafka.common.telemetry.internals.ClientTelemetryReporter
2025-08-07 20:36:47,503 INFO  [org.apa.kaf.com.met.Metrics] (Thread-744) Metrics reporters closed
2025-08-07 20:36:47,505 INFO  [org.apa.kaf.com.uti.AppInfoParser] (Thread-744) App info kafka.consumer for consumer-Consumer-topic-3763120b_2d81_43a7_baaf_b0cb888eee13-18 unregistered
2025-08-07 20:36:47,506 INFO  [io.api.tes.uti.TestSeparator] (main) io.apicurio.tests.serdes.apicurio.AvroSerdeIT.testGlobalIdInBody-FINISHED
2025-08-07 20:36:47,506 INFO  [io.api.tes.uti.TestSeparator] (main) ############################################################################
Test passed: testGlobalIdInBody
]]></system-out>
  </testcase>
  <testcase name="testProducerUsesGlobalIdConsumerUsesDefault" classname="io.apicurio.tests.serdes.apicurio.AvroSerdeIT" time="0.0">
    <skipped message="void io.apicurio.tests.serdes.apicurio.AvroSerdeIT.testProducerUsesGlobalIdConsumerUsesDefault() throws java.lang.Exception is @Disabled"/>
  </testcase>
</testsuite>