<?xml version="1.0" encoding="UTF-8"?>
<testsuite xmlns:xsi="http://www.w3.org/2001/XMLSchema-instance" xsi:noNamespaceSchemaLocation="https://maven.apache.org/surefire/maven-failsafe-plugin/xsd/failsafe-test-report.xsd" version="3.0.2" name="io.apicurio.tests.serdes.apicurio.JsonSchemaSerdeIT" time="20.63" tests="6" errors="0" skipped="0" failures="0">
  <properties>
    <property name="java.specification.version" value="17"/>
    <property name="sun.jnu.encoding" value="UTF-8"/>
    <property name="java.class.path" value="/home/runner/work/apicurio-testing/apicurio-testing/clusters/ci419/namespaces/ksql043/tests/integration/apicurio-registry/integration-tests/target/test-classes:/home/runner/work/apicurio-testing/apicurio-testing/clusters/ci419/namespaces/ksql043/tests/integration/apicurio-registry/integration-tests/target/apicurio-registry-integration-tests-3.0.12-SNAPSHOT.jar:/home/runner/.m2/repository/io/quarkus/quarkus-junit5/3.20.2/quarkus-junit5-3.20.2.jar:/home/runner/.m2/repository/io/quarkus/quarkus-bootstrap-core/3.20.2/quarkus-bootstrap-core-3.20.2.jar:/home/runner/.m2/repository/io/quarkus/quarkus-classloader-commons/3.20.2/quarkus-classloader-commons-3.20.2.jar:/home/runner/.m2/repository/io/quarkus/quarkus-bootstrap-app-model/3.20.2/quarkus-bootstrap-app-model-3.20.2.jar:/home/runner/.m2/repository/io/smallrye/common/smallrye-common-io/2.12.0/smallrye-common-io-2.12.0.jar:/home/runner/.m2/repository/org/eclipse/sisu/org.eclipse.sisu.inject/0.9.0.M3/org.eclipse.sisu.inject-0.9.0.M3.jar:/home/runner/.m2/repository/io/quarkus/quarkus-test-common/3.20.2/quarkus-test-common-3.20.2.jar:/home/runner/.m2/repository/io/quarkus/quarkus-core-deployment/3.20.2/quarkus-core-deployment-3.20.2.jar:/home/runner/.m2/repository/org/aesh/readline/2.6/readline-2.6.jar:/home/runner/.m2/repository/org/fusesource/jansi/jansi/2.4.0/jansi-2.4.0.jar:/home/runner/.m2/repository/org/aesh/aesh/2.8.2/aesh-2.8.2.jar:/home/runner/.m2/repository/io/quarkus/gizmo/gizmo/1.8.0/gizmo-1.8.0.jar:/home/runner/.m2/repository/org/ow2/asm/asm-util/9.7.1/asm-util-9.7.1.jar:/home/runner/.m2/repository/org/ow2/asm/asm-analysis/9.7.1/asm-analysis-9.7.1.jar:/home/runner/.m2/repository/org/ow2/asm/asm-commons/9.7.1/asm-commons-9.7.1.jar:/home/runner/.m2/repository/org/ow2/asm/asm-tree/9.7.1/asm-tree-9.7.1.jar:/home/runner/.m2/repository/io/quarkus/quarkus-hibernate-validator-spi/3.20.2/quarkus-hibernate-validator-spi-3.20.2.jar:/home/runner/.m2/repository/io/quarkus/quarkus-class-change-agent/3.20.2/quarkus-class-change-agent-3.20.2.jar:/home/runner/.m2/repository/io/quarkus/quarkus-devtools-utilities/3.20.2/quarkus-devtools-utilities-3.20.2.jar:/home/runner/.m2/repository/io/quarkus/quarkus-builder/3.20.2/quarkus-builder-3.20.2.jar:/home/runner/.m2/repository/org/graalvm/sdk/nativeimage/23.1.2/nativeimage-23.1.2.jar:/home/runner/.m2/repository/org/graalvm/sdk/word/23.1.2/word-23.1.2.jar:/home/runner/.m2/repository/io/quarkus/quarkus-bootstrap-maven-resolver/3.20.2/quarkus-bootstrap-maven-resolver-3.20.2.jar:/home/runner/.m2/repository/io/smallrye/beanbag/smallrye-beanbag-maven/1.5.2/smallrye-beanbag-maven-1.5.2.jar:/home/runner/.m2/repository/io/smallrye/beanbag/smallrye-beanbag-sisu/1.5.2/smallrye-beanbag-sisu-1.5.2.jar:/home/runner/.m2/repository/io/smallrye/beanbag/smallrye-beanbag/1.5.2/smallrye-beanbag-1.5.2.jar:/home/runner/.m2/repository/javax/inject/javax.inject/1/javax.inject-1.jar:/home/runner/.m2/repository/org/apache/maven/maven-artifact/3.9.9/maven-artifact-3.9.9.jar:/home/runner/.m2/repository/org/apache/maven/maven-builder-support/3.9.9/maven-builder-support-3.9.9.jar:/home/runner/.m2/repository/org/apache/maven/maven-model/3.9.9/maven-model-3.9.9.jar:/home/runner/.m2/repository/org/apache/maven/maven-model-builder/3.9.9/maven-model-builder-3.9.9.jar:/home/runner/.m2/repository/org/apache/maven/maven-repository-metadata/3.9.9/maven-repository-metadata-3.9.9.jar:/home/runner/.m2/repository/org/apache/maven/maven-settings/3.9.9/maven-settings-3.9.9.jar:/home/runner/.m2/repository/org/apache/maven/resolver/maven-resolver-api/1.9.22/maven-resolver-api-1.9.22.jar:/home/runner/.m2/repository/org/apache/maven/resolver/maven-resolver-impl/1.9.22/maven-resolver-impl-1.9.22.jar:/home/runner/.m2/repository/org/apache/maven/resolver/maven-resolver-named-locks/1.9.22/maven-resolver-named-locks-1.9.22.jar:/home/runner/.m2/repository/org/apache/maven/resolver/maven-resolver-spi/1.9.22/maven-resolver-spi-1.9.22.jar:/home/runner/.m2/repository/org/apache/maven/resolver/maven-resolver-util/1.9.22/maven-resolver-util-1.9.22.jar:/home/runner/.m2/repository/org/apache/maven/resolver/maven-resolver-transport-http/1.9.20/maven-resolver-transport-http-1.9.20.jar:/home/runner/.m2/repository/org/apache/maven/wagon/wagon-provider-api/3.5.3/wagon-provider-api-3.5.3.jar:/home/runner/.m2/repository/org/apache/maven/wagon/wagon-http-shared/3.5.3/wagon-http-shared-3.5.3.jar:/home/runner/.m2/repository/org/codehaus/plexus/plexus-interpolation/1.26/plexus-interpolation-1.26.jar:/home/runner/.m2/repository/org/codehaus/plexus/plexus-utils/3.5.1/plexus-utils-3.5.1.jar:/home/runner/.m2/repository/org/codehaus/plexus/plexus-xml/4.0.1/plexus-xml-4.0.1.jar:/home/runner/.m2/repository/org/apache/maven/maven-xml-impl/4.0.0-alpha-5/maven-xml-impl-4.0.0-alpha-5.jar:/home/runner/.m2/repository/org/apache/maven/maven-api-xml/4.0.0-alpha-5/maven-api-xml-4.0.0-alpha-5.jar:/home/runner/.m2/repository/org/apache/maven/maven-api-meta/4.0.0-alpha-5/maven-api-meta-4.0.0-alpha-5.jar:/home/runner/.m2/repository/org/codehaus/plexus/plexus-cipher/2.0/plexus-cipher-2.0.jar:/home/runner/.m2/repository/org/codehaus/plexus/plexus-sec-dispatcher/2.0/plexus-sec-dispatcher-2.0.jar:/home/runner/.m2/repository/org/apache/maven/maven-embedder/3.9.9/maven-embedder-3.9.9.jar:/home/runner/.m2/repository/org/apache/maven/maven-core/3.9.9/maven-core-3.9.9.jar:/home/runner/.m2/repository/org/codehaus/plexus/plexus-component-annotations/2.1.0/plexus-component-annotations-2.1.0.jar:/home/runner/.m2/repository/org/apache/maven/maven-plugin-api/3.9.9/maven-plugin-api-3.9.9.jar:/home/runner/.m2/repository/org/apache/maven/shared/maven-shared-utils/3.4.2/maven-shared-utils-3.4.2.jar:/home/runner/.m2/repository/com/google/inject/guice/5.1.0/guice-5.1.0.jar:/home/runner/.m2/repository/aopalliance/aopalliance/1.0/aopalliance-1.0.jar:/home/runner/.m2/repository/org/codehaus/plexus/plexus-classworlds/2.6.0/plexus-classworlds-2.6.0.jar:/home/runner/.m2/repository/commons-cli/commons-cli/1.8.0/commons-cli-1.8.0.jar:/home/runner/.m2/repository/org/eclipse/sisu/org.eclipse.sisu.plexus/0.9.0.M3/org.eclipse.sisu.plexus-0.9.0.M3.jar:/home/runner/.m2/repository/org/apache/maven/maven-settings-builder/3.9.9/maven-settings-builder-3.9.9.jar:/home/runner/.m2/repository/org/apache/maven/maven-resolver-provider/3.9.9/maven-resolver-provider-3.9.9.jar:/home/runner/.m2/repository/org/apache/maven/resolver/maven-resolver-connector-basic/1.9.22/maven-resolver-connector-basic-1.9.22.jar:/home/runner/.m2/repository/org/apache/maven/resolver/maven-resolver-transport-wagon/1.9.22/maven-resolver-transport-wagon-1.9.22.jar:/home/runner/.m2/repository/org/apache/maven/wagon/wagon-http/3.5.3/wagon-http-3.5.3.jar:/home/runner/.m2/repository/org/apache/maven/wagon/wagon-file/3.5.3/wagon-file-3.5.3.jar:/home/runner/.m2/repository/io/quarkus/quarkus-bootstrap-gradle-resolver/3.20.2/quarkus-bootstrap-gradle-resolver-3.20.2.jar:/home/runner/.m2/repository/io/smallrye/jandex/3.3.0/jandex-3.3.0.jar:/home/runner/.m2/repository/org/jboss/logging/commons-logging-jboss-logging/1.0.0.Final/commons-logging-jboss-logging-1.0.0.Final.jar:/home/runner/.m2/repository/io/quarkus/quarkus-junit5-config/3.20.2/quarkus-junit5-config-3.20.2.jar:/home/runner/.m2/repository/org/junit/jupiter/junit-jupiter-api/5.12.1/junit-jupiter-api-5.12.1.jar:/home/runner/.m2/repository/io/smallrye/config/smallrye-config/3.11.4/smallrye-config-3.11.4.jar:/home/runner/.m2/repository/io/smallrye/config/smallrye-config-core/3.11.4/smallrye-config-core-3.11.4.jar:/home/runner/.m2/repository/io/smallrye/common/smallrye-common-classloader/2.12.0/smallrye-common-classloader-2.12.0.jar:/home/runner/.m2/repository/io/smallrye/config/smallrye-config-common/3.11.4/smallrye-config-common-3.11.4.jar:/home/runner/.m2/repository/org/junit/jupiter/junit-jupiter/5.12.1/junit-jupiter-5.12.1.jar:/home/runner/.m2/repository/org/junit/jupiter/junit-jupiter-params/5.12.1/junit-jupiter-params-5.12.1.jar:/home/runner/.m2/repository/org/junit/jupiter/junit-jupiter-engine/5.12.1/junit-jupiter-engine-5.12.1.jar:/home/runner/.m2/repository/io/quarkus/quarkus-core/3.20.2/quarkus-core-3.20.2.jar:/home/runner/.m2/repository/jakarta/enterprise/jakarta.enterprise.cdi-api/4.1.0/jakarta.enterprise.cdi-api-4.1.0.jar:/home/runner/.m2/repository/jakarta/enterprise/jakarta.enterprise.lang-model/4.1.0/jakarta.enterprise.lang-model-4.1.0.jar:/home/runner/.m2/repository/jakarta/el/jakarta.el-api/5.0.1/jakarta.el-api-5.0.1.jar:/home/runner/.m2/repository/jakarta/interceptor/jakarta.interceptor-api/2.2.0/jakarta.interceptor-api-2.2.0.jar:/home/runner/.m2/repository/jakarta/inject/jakarta.inject-api/2.0.1/jakarta.inject-api-2.0.1.jar:/home/runner/.m2/repository/io/smallrye/common/smallrye-common-os/2.12.0/smallrye-common-os-2.12.0.jar:/home/runner/.m2/repository/io/quarkus/quarkus-ide-launcher/3.20.2/quarkus-ide-launcher-3.20.2.jar:/home/runner/.m2/repository/io/quarkus/quarkus-development-mode-spi/3.20.2/quarkus-development-mode-spi-3.20.2.jar:/home/runner/.m2/repository/org/jboss/logging/jboss-logging/3.6.1.Final/jboss-logging-3.6.1.Final.jar:/home/runner/.m2/repository/org/jboss/logmanager/jboss-logmanager/3.1.2.Final/jboss-logmanager-3.1.2.Final.jar:/home/runner/.m2/repository/io/smallrye/common/smallrye-common-constraint/2.12.0/smallrye-common-constraint-2.12.0.jar:/home/runner/.m2/repository/io/smallrye/common/smallrye-common-cpu/2.12.0/smallrye-common-cpu-2.12.0.jar:/home/runner/.m2/repository/io/smallrye/common/smallrye-common-expression/2.12.0/smallrye-common-expression-2.12.0.jar:/home/runner/.m2/repository/io/smallrye/common/smallrye-common-net/2.12.0/smallrye-common-net-2.12.0.jar:/home/runner/.m2/repository/io/smallrye/common/smallrye-common-ref/2.12.0/smallrye-common-ref-2.12.0.jar:/home/runner/.m2/repository/jakarta/json/jakarta.json-api/2.1.3/jakarta.json-api-2.1.3.jar:/home/runner/.m2/repository/org/eclipse/parsson/parsson/1.1.7/parsson-1.1.7.jar:/home/runner/.m2/repository/org/jboss/logging/jboss-logging-annotations/3.0.4.Final/jboss-logging-annotations-3.0.4.Final.jar:/home/runner/.m2/repository/org/jboss/threads/jboss-threads/3.8.0.Final/jboss-threads-3.8.0.Final.jar:/home/runner/.m2/repository/io/smallrye/common/smallrye-common-annotation/2.12.0/smallrye-common-annotation-2.12.0.jar:/home/runner/.m2/repository/io/smallrye/common/smallrye-common-function/2.12.0/smallrye-common-function-2.12.0.jar:/home/runner/.m2/repository/org/jboss/slf4j/slf4j-jboss-logmanager/2.0.0.Final/slf4j-jboss-logmanager-2.0.0.Final.jar:/home/runner/.m2/repository/org/wildfly/common/wildfly-common/2.0.1/wildfly-common-2.0.1.jar:/home/runner/.m2/repository/io/quarkus/quarkus-bootstrap-runner/3.20.2/quarkus-bootstrap-runner-3.20.2.jar:/home/runner/.m2/repository/io/github/crac/org-crac/0.1.3/org-crac-0.1.3.jar:/home/runner/.m2/repository/io/quarkus/quarkus-fs-util/0.0.10/quarkus-fs-util-0.0.10.jar:/home/runner/.m2/repository/org/jboss/marshalling/jboss-marshalling/2.2.2.Final/jboss-marshalling-2.2.2.Final.jar:/home/runner/.m2/repository/io/fabric8/kubernetes-client/7.1.0/kubernetes-client-7.1.0.jar:/home/runner/.m2/repository/io/fabric8/kubernetes-client-api/7.1.0/kubernetes-client-api-7.1.0.jar:/home/runner/.m2/repository/io/fabric8/kubernetes-model-core/7.1.0/kubernetes-model-core-7.1.0.jar:/home/runner/.m2/repository/io/fabric8/kubernetes-model-common/7.1.0/kubernetes-model-common-7.1.0.jar:/home/runner/.m2/repository/javax/annotation/javax.annotation-api/1.3.2/javax.annotation-api-1.3.2.jar:/home/runner/.m2/repository/io/fabric8/kubernetes-model-gatewayapi/7.1.0/kubernetes-model-gatewayapi-7.1.0.jar:/home/runner/.m2/repository/io/fabric8/kubernetes-model-resource/7.1.0/kubernetes-model-resource-7.1.0.jar:/home/runner/.m2/repository/io/fabric8/kubernetes-model-rbac/7.1.0/kubernetes-model-rbac-7.1.0.jar:/home/runner/.m2/repository/io/fabric8/kubernetes-model-admissionregistration/7.1.0/kubernetes-model-admissionregistration-7.1.0.jar:/home/runner/.m2/repository/io/fabric8/kubernetes-model-apps/7.1.0/kubernetes-model-apps-7.1.0.jar:/home/runner/.m2/repository/io/fabric8/kubernetes-model-autoscaling/7.1.0/kubernetes-model-autoscaling-7.1.0.jar:/home/runner/.m2/repository/io/fabric8/kubernetes-model-apiextensions/7.1.0/kubernetes-model-apiextensions-7.1.0.jar:/home/runner/.m2/repository/io/fabric8/kubernetes-model-batch/7.1.0/kubernetes-model-batch-7.1.0.jar:/home/runner/.m2/repository/io/fabric8/kubernetes-model-certificates/7.1.0/kubernetes-model-certificates-7.1.0.jar:/home/runner/.m2/repository/io/fabric8/kubernetes-model-coordination/7.1.0/kubernetes-model-coordination-7.1.0.jar:/home/runner/.m2/repository/io/fabric8/kubernetes-model-discovery/7.1.0/kubernetes-model-discovery-7.1.0.jar:/home/runner/.m2/repository/io/fabric8/kubernetes-model-events/7.1.0/kubernetes-model-events-7.1.0.jar:/home/runner/.m2/repository/io/fabric8/kubernetes-model-extensions/7.1.0/kubernetes-model-extensions-7.1.0.jar:/home/runner/.m2/repository/io/fabric8/kubernetes-model-flowcontrol/7.1.0/kubernetes-model-flowcontrol-7.1.0.jar:/home/runner/.m2/repository/io/fabric8/kubernetes-model-networking/7.1.0/kubernetes-model-networking-7.1.0.jar:/home/runner/.m2/repository/io/fabric8/kubernetes-model-metrics/7.1.0/kubernetes-model-metrics-7.1.0.jar:/home/runner/.m2/repository/io/fabric8/kubernetes-model-policy/7.1.0/kubernetes-model-policy-7.1.0.jar:/home/runner/.m2/repository/io/fabric8/kubernetes-model-scheduling/7.1.0/kubernetes-model-scheduling-7.1.0.jar:/home/runner/.m2/repository/io/fabric8/kubernetes-model-storageclass/7.1.0/kubernetes-model-storageclass-7.1.0.jar:/home/runner/.m2/repository/io/fabric8/kubernetes-model-node/7.1.0/kubernetes-model-node-7.1.0.jar:/home/runner/.m2/repository/org/snakeyaml/snakeyaml-engine/2.9/snakeyaml-engine-2.9.jar:/home/runner/.m2/repository/com/fasterxml/jackson/dataformat/jackson-dataformat-yaml/2.18.2/jackson-dataformat-yaml-2.18.2.jar:/home/runner/.m2/repository/com/fasterxml/jackson/datatype/jackson-datatype-jsr310/2.18.2/jackson-datatype-jsr310-2.18.2.jar:/home/runner/.m2/repository/io/fabric8/zjsonpatch/7.1.0/zjsonpatch-7.1.0.jar:/home/runner/.m2/repository/io/fabric8/kubernetes-httpclient-vertx/7.1.0/kubernetes-httpclient-vertx-7.1.0.jar:/home/runner/.m2/repository/io/vertx/vertx-web-client/4.5.16/vertx-web-client-4.5.16.jar:/home/runner/.m2/repository/io/vertx/vertx-web-common/4.5.16/vertx-web-common-4.5.16.jar:/home/runner/.m2/repository/io/vertx/vertx-auth-common/4.5.16/vertx-auth-common-4.5.16.jar:/home/runner/.m2/repository/io/vertx/vertx-uri-template/4.5.16/vertx-uri-template-4.5.16.jar:/home/runner/.m2/repository/io/fabric8/openshift-client/7.1.0/openshift-client-7.1.0.jar:/home/runner/.m2/repository/io/fabric8/openshift-client-api/7.1.0/openshift-client-api-7.1.0.jar:/home/runner/.m2/repository/io/fabric8/openshift-model/7.1.0/openshift-model-7.1.0.jar:/home/runner/.m2/repository/io/fabric8/openshift-model-autoscaling/7.1.0/openshift-model-autoscaling-7.1.0.jar:/home/runner/.m2/repository/io/fabric8/openshift-model-operator/7.1.0/openshift-model-operator-7.1.0.jar:/home/runner/.m2/repository/io/fabric8/openshift-model-operatorhub/7.1.0/openshift-model-operatorhub-7.1.0.jar:/home/runner/.m2/repository/io/fabric8/openshift-model-machine/7.1.0/openshift-model-machine-7.1.0.jar:/home/runner/.m2/repository/io/fabric8/openshift-model-whereabouts/7.1.0/openshift-model-whereabouts-7.1.0.jar:/home/runner/.m2/repository/io/fabric8/openshift-model-monitoring/7.1.0/openshift-model-monitoring-7.1.0.jar:/home/runner/.m2/repository/io/fabric8/openshift-model-storageversionmigrator/7.1.0/openshift-model-storageversionmigrator-7.1.0.jar:/home/runner/.m2/repository/io/fabric8/openshift-model-tuned/7.1.0/openshift-model-tuned-7.1.0.jar:/home/runner/.m2/repository/io/fabric8/openshift-model-console/7.1.0/openshift-model-console-7.1.0.jar:/home/runner/.m2/repository/io/fabric8/openshift-model-config/7.1.0/openshift-model-config-7.1.0.jar:/home/runner/.m2/repository/io/fabric8/openshift-model-machineconfiguration/7.1.0/openshift-model-machineconfiguration-7.1.0.jar:/home/runner/.m2/repository/io/fabric8/openshift-model-miscellaneous/7.1.0/openshift-model-miscellaneous-7.1.0.jar:/home/runner/.m2/repository/io/fabric8/openshift-model-hive/7.1.0/openshift-model-hive-7.1.0.jar:/home/runner/.m2/repository/io/fabric8/openshift-model-installer/7.1.0/openshift-model-installer-7.1.0.jar:/home/runner/.m2/repository/org/junit/platform/junit-platform-launcher/1.12.1/junit-platform-launcher-1.12.1.jar:/home/runner/.m2/repository/org/junit/platform/junit-platform-engine/1.12.1/junit-platform-engine-1.12.1.jar:/home/runner/.m2/repository/org/opentest4j/opentest4j/1.3.0/opentest4j-1.3.0.jar:/home/runner/.m2/repository/org/junit/platform/junit-platform-commons/1.12.1/junit-platform-commons-1.12.1.jar:/home/runner/.m2/repository/org/apiguardian/apiguardian-api/1.1.2/apiguardian-api-1.1.2.jar:/home/runner/.m2/repository/jakarta/ws/rs/jakarta.ws.rs-api/3.1.0/jakarta.ws.rs-api-3.1.0.jar:/home/runner/work/apicurio-testing/apicurio-testing/clusters/ci419/namespaces/ksql043/tests/integration/apicurio-registry/java-sdk/target/apicurio-registry-java-sdk-3.0.12-SNAPSHOT.jar:/home/runner/.m2/repository/com/microsoft/kiota/microsoft-kiota-abstractions/1.8.8/microsoft-kiota-abstractions-1.8.8.jar:/home/runner/.m2/repository/io/github/std-uritemplate/std-uritemplate/2.0.0/std-uritemplate-2.0.0.jar:/home/runner/.m2/repository/io/kiota/kiota-http-jdk/0.0.29/kiota-http-jdk-0.0.29.jar:/home/runner/.m2/repository/io/kiota/kiota-http-vertx/0.0.29/kiota-http-vertx-0.0.29.jar:/home/runner/.m2/repository/io/kiota/kiota-serialization-jackson/0.0.29/kiota-serialization-jackson-0.0.29.jar:/home/runner/.m2/repository/com/microsoft/kiota/microsoft-kiota-serialization-text/1.8.8/microsoft-kiota-serialization-text-1.8.8.jar:/home/runner/.m2/repository/com/microsoft/kiota/microsoft-kiota-serialization-form/1.8.8/microsoft-kiota-serialization-form-1.8.8.jar:/home/runner/.m2/repository/com/microsoft/kiota/microsoft-kiota-serialization-multipart/1.8.8/microsoft-kiota-serialization-multipart-1.8.8.jar:/home/runner/.m2/repository/jakarta/annotation/jakarta.annotation-api/3.0.0/jakarta.annotation-api-3.0.0.jar:/home/runner/.m2/repository/io/vertx/vertx-auth-oauth2/4.5.16/vertx-auth-oauth2-4.5.16.jar:/home/runner/work/apicurio-testing/apicurio-testing/clusters/ci419/namespaces/ksql043/tests/integration/apicurio-registry/java-sdk-v2/target/apicurio-registry-v2-java-sdk-3.0.12-SNAPSHOT.jar:/home/runner/work/apicurio-testing/apicurio-testing/clusters/ci419/namespaces/ksql043/tests/integration/apicurio-registry/utils/kafka/target/apicurio-registry-utils-kafka-3.0.12-SNAPSHOT-tests.jar:/home/runner/.m2/repository/org/eclipse/microprofile/config/microprofile-config-api/3.1/microprofile-config-api-3.1.jar:/home/runner/.m2/repository/org/apache/kafka/kafka-clients/3.9.1/kafka-clients-3.9.1.jar:/home/runner/.m2/repository/com/github/luben/zstd-jni/1.5.6-4/zstd-jni-1.5.6-4.jar:/home/runner/.m2/repository/org/lz4/lz4-java/1.8.0/lz4-java-1.8.0.jar:/home/runner/.m2/repository/org/xerial/snappy/snappy-java/1.1.10.5/snappy-java-1.1.10.5.jar:/home/runner/.m2/repository/org/slf4j/slf4j-api/2.0.6/slf4j-api-2.0.6.jar:/home/runner/work/apicurio-testing/apicurio-testing/clusters/ci419/namespaces/ksql043/tests/integration/apicurio-registry/utils/tests/target/apicurio-registry-utils-tests-3.0.12-SNAPSHOT.jar:/home/runner/work/apicurio-testing/apicurio-testing/clusters/ci419/namespaces/ksql043/tests/integration/apicurio-registry/common/target/apicurio-registry-common-3.0.12-SNAPSHOT.jar:/home/runner/.m2/repository/jakarta/validation/jakarta.validation-api/3.0.2/jakarta.validation-api-3.0.2.jar:/home/runner/.m2/repository/com/github/dasniko/testcontainers-keycloak/3.8.0/testcontainers-keycloak-3.8.0.jar:/home/runner/.m2/repository/org/testcontainers/testcontainers/1.20.6/testcontainers-1.20.6.jar:/home/runner/.m2/repository/org/rnorth/duct-tape/duct-tape/1.0.8/duct-tape-1.0.8.jar:/home/runner/.m2/repository/com/github/docker-java/docker-java-transport-zerodep/3.4.1/docker-java-transport-zerodep-3.4.1.jar:/home/runner/.m2/repository/com/github/docker-java/docker-java-transport/3.4.1/docker-java-transport-3.4.1.jar:/home/runner/.m2/repository/net/java/dev/jna/jna/5.8.0/jna-5.8.0.jar:/home/runner/.m2/repository/io/quarkus/quarkus-junit4-mock/3.20.2/quarkus-junit4-mock-3.20.2.jar:/home/runner/.m2/repository/org/jboss/shrinkwrap/shrinkwrap-api/2.0.0-beta-2/shrinkwrap-api-2.0.0-beta-2.jar:/home/runner/.m2/repository/org/jboss/shrinkwrap/shrinkwrap-impl-base/2.0.0-beta-2/shrinkwrap-impl-base-2.0.0-beta-2.jar:/home/runner/.m2/repository/org/jboss/shrinkwrap/shrinkwrap-spi/2.0.0-beta-2/shrinkwrap-spi-2.0.0-beta-2.jar:/home/runner/.m2/repository/org/keycloak/keycloak-admin-client/26.0.4/keycloak-admin-client-26.0.4.jar:/home/runner/.m2/repository/org/keycloak/keycloak-client-common-synced/26.0.4/keycloak-client-common-synced-26.0.4.jar:/home/runner/.m2/repository/jakarta/activation/jakarta.activation-api/2.1.3/jakarta.activation-api-2.1.3.jar:/home/runner/.m2/repository/org/eclipse/microprofile/openapi/microprofile-openapi-api/4.0.2/microprofile-openapi-api-4.0.2.jar:/home/runner/.m2/repository/org/jboss/resteasy/resteasy-client/6.2.12.Final/resteasy-client-6.2.12.Final.jar:/home/runner/.m2/repository/org/jboss/resteasy/resteasy-client-api/6.2.12.Final/resteasy-client-api-6.2.12.Final.jar:/home/runner/.m2/repository/org/jboss/resteasy/resteasy-core-spi/6.2.12.Final/resteasy-core-spi-6.2.12.Final.jar:/home/runner/.m2/repository/org/jboss/resteasy/resteasy-core/6.2.12.Final/resteasy-core-6.2.12.Final.jar:/home/runner/.m2/repository/org/eclipse/angus/angus-activation/2.0.2/angus-activation-2.0.2.jar:/home/runner/.m2/repository/com/ibm/async/asyncutil/0.1.0/asyncutil-0.1.0.jar:/home/runner/.m2/repository/org/reactivestreams/reactive-streams/1.0.4/reactive-streams-1.0.4.jar:/home/runner/.m2/repository/org/jboss/resteasy/resteasy-multipart-provider/6.2.12.Final/resteasy-multipart-provider-6.2.12.Final.jar:/home/runner/.m2/repository/jakarta/mail/jakarta.mail-api/2.1.3/jakarta.mail-api-2.1.3.jar:/home/runner/.m2/repository/org/eclipse/angus/angus-mail/2.0.3/angus-mail-2.0.3.jar:/home/runner/.m2/repository/org/apache/james/apache-mime4j-dom/0.8.12/apache-mime4j-dom-0.8.12.jar:/home/runner/.m2/repository/org/apache/james/apache-mime4j-core/0.8.12/apache-mime4j-core-0.8.12.jar:/home/runner/.m2/repository/org/apache/james/apache-mime4j-storage/0.8.12/apache-mime4j-storage-0.8.12.jar:/home/runner/.m2/repository/org/jboss/resteasy/resteasy-jackson2-provider/6.2.12.Final/resteasy-jackson2-provider-6.2.12.Final.jar:/home/runner/.m2/repository/com/fasterxml/jackson/jakarta/rs/jackson-jakarta-rs-base/2.18.2/jackson-jakarta-rs-base-2.18.2.jar:/home/runner/.m2/repository/com/fasterxml/jackson/jakarta/rs/jackson-jakarta-rs-json-provider/2.18.2/jackson-jakarta-rs-json-provider-2.18.2.jar:/home/runner/.m2/repository/com/fasterxml/jackson/module/jackson-module-jakarta-xmlbind-annotations/2.18.2/jackson-module-jakarta-xmlbind-annotations-2.18.2.jar:/home/runner/.m2/repository/com/github/java-json-tools/json-patch/1.13/json-patch-1.13.jar:/home/runner/.m2/repository/com/github/java-json-tools/msg-simple/1.2/msg-simple-1.2.jar:/home/runner/.m2/repository/com/github/java-json-tools/btf/1.3/btf-1.3.jar:/home/runner/.m2/repository/com/github/java-json-tools/jackson-coreutils/2.0/jackson-coreutils-2.0.jar:/home/runner/.m2/repository/org/jboss/resteasy/resteasy-jaxb-provider/6.2.12.Final/resteasy-jaxb-provider-6.2.12.Final.jar:/home/runner/.m2/repository/org/glassfish/jaxb/codemodel/4.0.5/codemodel-4.0.5.jar:/home/runner/.m2/repository/org/glassfish/jaxb/jaxb-core/4.0.5/jaxb-core-4.0.5.jar:/home/runner/.m2/repository/org/glassfish/jaxb/jaxb-jxc/4.0.5/jaxb-jxc-4.0.5.jar:/home/runner/.m2/repository/org/glassfish/jaxb/jaxb-runtime/4.0.5/jaxb-runtime-4.0.5.jar:/home/runner/.m2/repository/org/glassfish/jaxb/txw2/4.0.5/txw2-4.0.5.jar:/home/runner/.m2/repository/org/glassfish/jaxb/jaxb-xjc/4.0.5/jaxb-xjc-4.0.5.jar:/home/runner/.m2/repository/org/glassfish/jaxb/xsom/4.0.5/xsom-4.0.5.jar:/home/runner/.m2/repository/com/sun/istack/istack-commons-runtime/4.1.2/istack-commons-runtime-4.1.2.jar:/home/runner/.m2/repository/com/sun/istack/istack-commons-tools/4.1.2/istack-commons-tools-4.1.2.jar:/home/runner/.m2/repository/com/sun/xml/bind/external/relaxng-datatype/4.0.5/relaxng-datatype-4.0.5.jar:/home/runner/.m2/repository/com/sun/xml/bind/external/rngom/4.0.5/rngom-4.0.5.jar:/home/runner/.m2/repository/org/testcontainers/mssqlserver/1.20.6/mssqlserver-1.20.6.jar:/home/runner/.m2/repository/org/testcontainers/jdbc/1.20.6/jdbc-1.20.6.jar:/home/runner/.m2/repository/org/testcontainers/database-commons/1.20.6/database-commons-1.20.6.jar:/home/runner/.m2/repository/org/testcontainers/mysql/1.20.6/mysql-1.20.6.jar:/home/runner/.m2/repository/io/strimzi/strimzi-test-container/0.111.0/strimzi-test-container-0.111.0.jar:/home/runner/.m2/repository/org/testcontainers/toxiproxy/1.20.6/toxiproxy-1.20.6.jar:/home/runner/.m2/repository/com/github/docker-java/docker-java-api/3.4.1/docker-java-api-3.4.1.jar:/home/runner/.m2/repository/org/apache/logging/log4j/log4j-slf4j-impl/2.19.0/log4j-slf4j-impl-2.19.0.jar:/home/runner/.m2/repository/org/apache/logging/log4j/log4j-api/2.24.3/log4j-api-2.24.3.jar:/home/runner/.m2/repository/org/apache/logging/log4j/log4j-core/2.19.0/log4j-core-2.19.0.jar:/home/runner/.m2/repository/eu/rekawek/toxiproxy/toxiproxy-java/2.1.7/toxiproxy-java-2.1.7.jar:/home/runner/.m2/repository/org/testcontainers/pulsar/1.21.3/pulsar-1.21.3.jar:/home/runner/.m2/repository/io/debezium/debezium-testing-testcontainers/2.7.4.Final/debezium-testing-testcontainers-2.7.4.Final.jar:/home/runner/.m2/repository/org/testcontainers/kafka/1.20.6/kafka-1.20.6.jar:/home/runner/.m2/repository/com/squareup/okhttp3/okhttp/4.8.1/okhttp-4.8.1.jar:/home/runner/.m2/repository/com/squareup/okio/okio/3.10.2/okio-3.10.2.jar:/home/runner/.m2/repository/com/squareup/okio/okio-jvm/3.10.2/okio-jvm-3.10.2.jar:/home/runner/.m2/repository/org/jetbrains/kotlin/kotlin-stdlib/2.0.21/kotlin-stdlib-2.0.21.jar:/home/runner/.m2/repository/org/awaitility/awaitility/4.3.0/awaitility-4.3.0.jar:/home/runner/.m2/repository/org/testcontainers/mongodb/1.20.6/mongodb-1.20.6.jar:/home/runner/.m2/repository/org/testcontainers/mariadb/1.20.6/mariadb-1.20.6.jar:/home/runner/.m2/repository/org/testcontainers/oracle-xe/1.20.6/oracle-xe-1.20.6.jar:/home/runner/.m2/repository/org/testcontainers/postgresql/1.20.6/postgresql-1.20.6.jar:/home/runner/.m2/repository/org/wiremock/wiremock/3.0.1/wiremock-3.0.1.jar:/home/runner/.m2/repository/org/eclipse/jetty/jetty-server/11.0.15/jetty-server-11.0.15.jar:/home/runner/.m2/repository/org/eclipse/jetty/toolchain/jetty-jakarta-servlet-api/5.0.2/jetty-jakarta-servlet-api-5.0.2.jar:/home/runner/.m2/repository/org/eclipse/jetty/jetty-http/11.0.15/jetty-http-11.0.15.jar:/home/runner/.m2/repository/org/eclipse/jetty/jetty-io/11.0.15/jetty-io-11.0.15.jar:/home/runner/.m2/repository/org/eclipse/jetty/jetty-servlet/11.0.15/jetty-servlet-11.0.15.jar:/home/runner/.m2/repository/org/eclipse/jetty/jetty-security/11.0.15/jetty-security-11.0.15.jar:/home/runner/.m2/repository/org/eclipse/jetty/jetty-servlets/11.0.15/jetty-servlets-11.0.15.jar:/home/runner/.m2/repository/org/eclipse/jetty/jetty-util/11.0.15/jetty-util-11.0.15.jar:/home/runner/.m2/repository/org/eclipse/jetty/jetty-webapp/11.0.15/jetty-webapp-11.0.15.jar:/home/runner/.m2/repository/org/eclipse/jetty/jetty-xml/11.0.15/jetty-xml-11.0.15.jar:/home/runner/.m2/repository/org/eclipse/jetty/jetty-proxy/11.0.15/jetty-proxy-11.0.15.jar:/home/runner/.m2/repository/org/eclipse/jetty/jetty-client/11.0.15/jetty-client-11.0.15.jar:/home/runner/.m2/repository/org/eclipse/jetty/http2/http2-server/11.0.15/http2-server-11.0.15.jar:/home/runner/.m2/repository/org/eclipse/jetty/http2/http2-common/11.0.15/http2-common-11.0.15.jar:/home/runner/.m2/repository/org/eclipse/jetty/http2/http2-hpack/11.0.15/http2-hpack-11.0.15.jar:/home/runner/.m2/repository/org/eclipse/jetty/jetty-alpn-server/11.0.15/jetty-alpn-server-11.0.15.jar:/home/runner/.m2/repository/org/eclipse/jetty/jetty-alpn-java-server/11.0.15/jetty-alpn-java-server-11.0.15.jar:/home/runner/.m2/repository/org/eclipse/jetty/jetty-alpn-java-client/11.0.15/jetty-alpn-java-client-11.0.15.jar:/home/runner/.m2/repository/org/eclipse/jetty/jetty-alpn-client/11.0.15/jetty-alpn-client-11.0.15.jar:/home/runner/.m2/repository/org/apache/httpcomponents/client5/httpclient5/5.2.1/httpclient5-5.2.1.jar:/home/runner/.m2/repository/org/apache/httpcomponents/core5/httpcore5/5.2/httpcore5-5.2.jar:/home/runner/.m2/repository/org/apache/httpcomponents/core5/httpcore5-h2/5.2/httpcore5-h2-5.2.jar:/home/runner/.m2/repository/org/xmlunit/xmlunit-core/2.9.1/xmlunit-core-2.9.1.jar:/home/runner/.m2/repository/jakarta/xml/bind/jakarta.xml.bind-api/4.0.2/jakarta.xml.bind-api-4.0.2.jar:/home/runner/.m2/repository/org/xmlunit/xmlunit-legacy/2.9.1/xmlunit-legacy-2.9.1.jar:/home/runner/.m2/repository/org/xmlunit/xmlunit-placeholders/2.9.1/xmlunit-placeholders-2.9.1.jar:/home/runner/.m2/repository/net/javacrumbs/json-unit/json-unit-core/2.38.0/json-unit-core-2.38.0.jar:/home/runner/.m2/repository/org/hamcrest/hamcrest-core/2.2/hamcrest-core-2.2.jar:/home/runner/.m2/repository/com/jayway/jsonpath/json-path/2.8.0/json-path-2.8.0.jar:/home/runner/.m2/repository/net/minidev/json-smart/2.4.10/json-smart-2.4.10.jar:/home/runner/.m2/repository/net/minidev/accessors-smart/2.4.9/accessors-smart-2.4.9.jar:/home/runner/.m2/repository/org/ow2/asm/asm/9.7.1/asm-9.7.1.jar:/home/runner/.m2/repository/net/sf/jopt-simple/jopt-simple/5.0.4/jopt-simple-5.0.4.jar:/home/runner/.m2/repository/com/github/jknack/handlebars/4.3.1/handlebars-4.3.1.jar:/home/runner/.m2/repository/com/github/jknack/handlebars-helpers/4.3.1/handlebars-helpers-4.3.1.jar:/home/runner/.m2/repository/commons-fileupload/commons-fileupload/1.5/commons-fileupload-1.5.jar:/home/runner/.m2/repository/com/networknt/json-schema-validator/1.5.8/json-schema-validator-1.5.8.jar:/home/runner/.m2/repository/com/ethlo/time/itu/1.10.3/itu-1.10.3.jar:/home/runner/.m2/repository/io/quarkus/quarkus-smallrye-jwt-build/3.20.2/quarkus-smallrye-jwt-build-3.20.2.jar:/home/runner/.m2/repository/io/smallrye/smallrye-jwt-build/4.6.2/smallrye-jwt-build-4.6.2.jar:/home/runner/.m2/repository/org/eclipse/microprofile/jwt/microprofile-jwt-auth-api/2.1/microprofile-jwt-auth-api-2.1.jar:/home/runner/.m2/repository/org/bitbucket/b_c/jose4j/0.9.6/jose4j-0.9.6.jar:/home/runner/.m2/repository/io/smallrye/smallrye-jwt-common/4.6.2/smallrye-jwt-common-4.6.2.jar:/home/runner/.m2/repository/io/quarkus/quarkus-jsonp/3.20.2/quarkus-jsonp-3.20.2.jar:/home/runner/.m2/repository/io/quarkus/quarkus-arc/3.20.2/quarkus-arc-3.20.2.jar:/home/runner/.m2/repository/io/quarkus/arc/arc/3.20.2/arc-3.20.2.jar:/home/runner/.m2/repository/jakarta/transaction/jakarta.transaction-api/2.0.1/jakarta.transaction-api-2.0.1.jar:/home/runner/.m2/repository/io/smallrye/reactive/mutiny/2.9.2/mutiny-2.9.2.jar:/home/runner/.m2/repository/org/jctools/jctools-core/4.0.5/jctools-core-4.0.5.jar:/home/runner/.m2/repository/org/eclipse/microprofile/context-propagation/microprofile-context-propagation-api/1.3/microprofile-context-propagation-api-1.3.jar:/home/runner/.m2/repository/io/apicurio/apicurio-common-rest-client-common/0.1.18.Final/apicurio-common-rest-client-common-0.1.18.Final.jar:/home/runner/work/apicurio-testing/apicurio-testing/clusters/ci419/namespaces/ksql043/tests/integration/apicurio-registry/utils/maven-plugin/target/apicurio-registry-maven-plugin-3.0.12-SNAPSHOT.jar:/home/runner/.m2/repository/com/fasterxml/jackson/core/jackson-databind/2.18.2/jackson-databind-2.18.2.jar:/home/runner/.m2/repository/org/apache/avro/avro/1.12.0/avro-1.12.0.jar:/home/runner/.m2/repository/com/google/protobuf/protobuf-java/4.31.1/protobuf-java-4.31.1.jar:/home/runner/.m2/repository/com/google/protobuf/protobuf-java-util/4.31.1/protobuf-java-util-4.31.1.jar:/home/runner/.m2/repository/com/google/code/findbugs/jsr305/3.0.2/jsr305-3.0.2.jar:/home/runner/.m2/repository/com/google/code/gson/gson/2.12.1/gson-2.12.1.jar:/home/runner/.m2/repository/com/google/errorprone/error_prone_annotations/2.36.0/error_prone_annotations-2.36.0.jar:/home/runner/.m2/repository/com/google/j2objc/j2objc-annotations/2.8/j2objc-annotations-2.8.jar:/home/runner/work/apicurio-testing/apicurio-testing/clusters/ci419/namespaces/ksql043/tests/integration/apicurio-registry/schema-util/util-provider/target/apicurio-registry-schema-util-provider-3.0.12-SNAPSHOT.jar:/home/runner/work/apicurio-testing/apicurio-testing/clusters/ci419/namespaces/ksql043/tests/integration/apicurio-registry/schema-util/common/target/apicurio-registry-schema-util-common-3.0.12-SNAPSHOT.jar:/home/runner/.m2/repository/com/fasterxml/jackson/module/jackson-module-parameter-names/2.18.2/jackson-module-parameter-names-2.18.2.jar:/home/runner/.m2/repository/com/fasterxml/jackson/datatype/jackson-datatype-json-org/2.18.2/jackson-datatype-json-org-2.18.2.jar:/home/runner/work/apicurio-testing/apicurio-testing/clusters/ci419/namespaces/ksql043/tests/integration/apicurio-registry/schema-util/json/target/apicurio-registry-schema-util-json-3.0.12-SNAPSHOT.jar:/home/runner/.m2/repository/com/github/erosb/everit-json-schema/1.14.5/everit-json-schema-1.14.5.jar:/home/runner/.m2/repository/commons-validator/commons-validator/1.9.0/commons-validator-1.9.0.jar:/home/runner/.m2/repository/commons-digester/commons-digester/2.1/commons-digester-2.1.jar:/home/runner/.m2/repository/commons-collections/commons-collections/3.2.2/commons-collections-3.2.2.jar:/home/runner/.m2/repository/com/damnhandy/handy-uri-templates/2.1.8/handy-uri-templates-2.1.8.jar:/home/runner/.m2/repository/joda-time/joda-time/2.10.2/joda-time-2.10.2.jar:/home/runner/.m2/repository/com/github/erosb/json-sKema/0.20.0/json-sKema-0.20.0.jar:/home/runner/.m2/repository/io/vertx/vertx-json-schema/4.5.16/vertx-json-schema-4.5.16.jar:/home/runner/work/apicurio-testing/apicurio-testing/clusters/ci419/namespaces/ksql043/tests/integration/apicurio-registry/schema-util/protobuf/target/apicurio-registry-schema-util-protobuf-3.0.12-SNAPSHOT.jar:/home/runner/work/apicurio-testing/apicurio-testing/clusters/ci419/namespaces/ksql043/tests/integration/apicurio-registry/utils/protobuf-schema-utilities/target/apicurio-registry-protobuf-schema-utilities-3.0.12-SNAPSHOT.jar:/home/runner/.m2/repository/com/google/api/grpc/proto-google-common-protos/2.52.0/proto-google-common-protos-2.52.0.jar:/home/runner/.m2/repository/com/squareup/wire/wire-schema-jvm/5.3.3/wire-schema-jvm-5.3.3.jar:/home/runner/.m2/repository/com/palantir/javapoet/javapoet/0.6.0/javapoet-0.6.0.jar:/home/runner/.m2/repository/com/squareup/kotlinpoet-jvm/2.0.0/kotlinpoet-jvm-2.0.0.jar:/home/runner/.m2/repository/org/jetbrains/kotlin/kotlin-reflect/2.0.21/kotlin-reflect-2.0.21.jar:/home/runner/.m2/repository/com/squareup/wire/wire-runtime-jvm/5.3.3/wire-runtime-jvm-5.3.3.jar:/home/runner/.m2/repository/com/ibm/icu/icu4j/76.1/icu4j-76.1.jar:/home/runner/.m2/repository/com/squareup/okio/okio-fakefilesystem/3.10.2/okio-fakefilesystem-3.10.2.jar:/home/runner/.m2/repository/com/squareup/okio/okio-fakefilesystem-jvm/3.10.2/okio-fakefilesystem-jvm-3.10.2.jar:/home/runner/.m2/repository/org/jetbrains/kotlinx/kotlinx-datetime-jvm/0.6.1/kotlinx-datetime-jvm-0.6.1.jar:/home/runner/work/apicurio-testing/apicurio-testing/clusters/ci419/namespaces/ksql043/tests/integration/apicurio-registry/schema-util/asyncapi/target/apicurio-registry-schema-util-asyncapi-3.0.12-SNAPSHOT.jar:/home/runner/work/apicurio-testing/apicurio-testing/clusters/ci419/namespaces/ksql043/tests/integration/apicurio-registry/schema-util/avro/target/apicurio-registry-schema-util-avro-3.0.12-SNAPSHOT.jar:/home/runner/work/apicurio-testing/apicurio-testing/clusters/ci419/namespaces/ksql043/tests/integration/apicurio-registry/schema-util/graphql/target/apicurio-registry-schema-util-graphql-3.0.12-SNAPSHOT.jar:/home/runner/.m2/repository/com/graphql-java/graphql-java/22.4/graphql-java-22.4.jar:/home/runner/.m2/repository/com/graphql-java/java-dataloader/3.3.0/java-dataloader-3.3.0.jar:/home/runner/work/apicurio-testing/apicurio-testing/clusters/ci419/namespaces/ksql043/tests/integration/apicurio-registry/schema-util/kconnect/target/apicurio-registry-schema-util-kconnect-3.0.12-SNAPSHOT.jar:/home/runner/work/apicurio-testing/apicurio-testing/clusters/ci419/namespaces/ksql043/tests/integration/apicurio-registry/schema-util/openapi/target/apicurio-registry-schema-util-openapi-3.0.12-SNAPSHOT.jar:/home/runner/.m2/repository/io/apicurio/apicurio-data-models/2.2.2/apicurio-data-models-2.2.2.jar:/home/runner/.m2/repository/org/openapitools/openapidiff/openapi-diff-core/2.1.2/openapi-diff-core-2.1.2.jar:/home/runner/.m2/repository/io/swagger/parser/v3/swagger-parser/2.1.28/swagger-parser-2.1.28.jar:/home/runner/.m2/repository/io/swagger/parser/v3/swagger-parser-v2-converter/2.1.28/swagger-parser-v2-converter-2.1.28.jar:/home/runner/.m2/repository/io/swagger/swagger-core/1.6.16/swagger-core-1.6.16.jar:/home/runner/.m2/repository/io/swagger/swagger-models/1.6.16/swagger-models-1.6.16.jar:/home/runner/.m2/repository/io/swagger/swagger-annotations/1.6.16/swagger-annotations-1.6.16.jar:/home/runner/.m2/repository/io/swagger/swagger-parser/1.0.75/swagger-parser-1.0.75.jar:/home/runner/.m2/repository/io/swagger/swagger-parser-safe-url-resolver/1.0.75/swagger-parser-safe-url-resolver-1.0.75.jar:/home/runner/.m2/repository/io/swagger/swagger-compat-spec-parser/1.0.75/swagger-compat-spec-parser-1.0.75.jar:/home/runner/.m2/repository/com/github/java-json-tools/json-schema-validator/2.2.14/json-schema-validator-2.2.14.jar:/home/runner/.m2/repository/com/github/java-json-tools/jackson-coreutils-equivalence/1.0/jackson-coreutils-equivalence-1.0.jar:/home/runner/.m2/repository/com/github/java-json-tools/json-schema-core/1.2.14/json-schema-core-1.2.14.jar:/home/runner/.m2/repository/com/github/java-json-tools/uri-template/0.10/uri-template-0.10.jar:/home/runner/.m2/repository/com/googlecode/libphonenumber/libphonenumber/8.11.1/libphonenumber-8.11.1.jar:/home/runner/.m2/repository/com/j2html/j2html/1.6.0/j2html-1.6.0.jar:/home/runner/.m2/repository/org/apache/commons/commons-collections4/4.5.0/commons-collections4-4.5.0.jar:/home/runner/.m2/repository/org/slf4j/jcl-over-slf4j/2.0.17/jcl-over-slf4j-2.0.17.jar:/home/runner/.m2/repository/io/swagger/parser/v3/swagger-parser-v3/2.1.31/swagger-parser-v3-2.1.31.jar:/home/runner/.m2/repository/io/swagger/core/v3/swagger-models/2.2.34/swagger-models-2.2.34.jar:/home/runner/.m2/repository/io/swagger/core/v3/swagger-core/2.2.34/swagger-core-2.2.34.jar:/home/runner/.m2/repository/io/swagger/parser/v3/swagger-parser-core/2.1.31/swagger-parser-core-2.1.31.jar:/home/runner/.m2/repository/io/swagger/parser/v3/swagger-parser-safe-url-resolver/2.1.31/swagger-parser-safe-url-resolver-2.1.31.jar:/home/runner/work/apicurio-testing/apicurio-testing/clusters/ci419/namespaces/ksql043/tests/integration/apicurio-registry/schema-util/wsdl/target/apicurio-registry-schema-util-wsdl-3.0.12-SNAPSHOT.jar:/home/runner/.m2/repository/wsdl4j/wsdl4j/1.6.3/wsdl4j-1.6.3.jar:/home/runner/work/apicurio-testing/apicurio-testing/clusters/ci419/namespaces/ksql043/tests/integration/apicurio-registry/schema-util/xml/target/apicurio-registry-schema-util-xml-3.0.12-SNAPSHOT.jar:/home/runner/.m2/repository/org/apache/santuario/xmlsec/4.0.4/xmlsec-4.0.4.jar:/home/runner/.m2/repository/com/fasterxml/woodstox/woodstox-core/7.1.1/woodstox-core-7.1.1.jar:/home/runner/.m2/repository/org/codehaus/woodstox/stax2-api/4.2.2/stax2-api-4.2.2.jar:/home/runner/work/apicurio-testing/apicurio-testing/clusters/ci419/namespaces/ksql043/tests/integration/apicurio-registry/schema-util/xsd/target/apicurio-registry-schema-util-xsd-3.0.12-SNAPSHOT.jar:/home/runner/work/apicurio-testing/apicurio-testing/clusters/ci419/namespaces/ksql043/tests/integration/apicurio-registry/serdes/kafka/jsonschema-serde/target/apicurio-registry-jsonschema-serde-kafka-3.0.12-SNAPSHOT.jar:/home/runner/work/apicurio-testing/apicurio-testing/clusters/ci419/namespaces/ksql043/tests/integration/apicurio-registry/serdes/kafka/serde-kafka-common/target/apicurio-registry-serde-kafka-common-3.0.12-SNAPSHOT.jar:/home/runner/work/apicurio-testing/apicurio-testing/clusters/ci419/namespaces/ksql043/tests/integration/apicurio-registry/serdes/generic/serde-common/target/apicurio-registry-serde-common-3.0.12-SNAPSHOT.jar:/home/runner/work/apicurio-testing/apicurio-testing/clusters/ci419/namespaces/ksql043/tests/integration/apicurio-registry/serdes/generic/serde-common-jsonschema/target/apicurio-registry-serde-common-jsonschema-3.0.12-SNAPSHOT.jar:/home/runner/.m2/repository/org/json/json/20250107/json-20250107.jar:/home/runner/work/apicurio-testing/apicurio-testing/clusters/ci419/namespaces/ksql043/tests/integration/apicurio-registry/serdes/kafka/avro-serde/target/apicurio-registry-avro-serde-kafka-3.0.12-SNAPSHOT.jar:/home/runner/work/apicurio-testing/apicurio-testing/clusters/ci419/namespaces/ksql043/tests/integration/apicurio-registry/serdes/generic/serde-common-avro/target/apicurio-registry-serde-common-avro-3.0.12-SNAPSHOT.jar:/home/runner/work/apicurio-testing/apicurio-testing/clusters/ci419/namespaces/ksql043/tests/integration/apicurio-registry/serdes/kafka/protobuf-serde/target/apicurio-registry-protobuf-serde-kafka-3.0.12-SNAPSHOT.jar:/home/runner/work/apicurio-testing/apicurio-testing/clusters/ci419/namespaces/ksql043/tests/integration/apicurio-registry/serdes/generic/serde-common-protobuf/target/apicurio-registry-serde-common-protobuf-3.0.12-SNAPSHOT.jar:/home/runner/.m2/repository/com/squareup/wire/wire-schema/5.3.3/wire-schema-5.3.3.jar:/home/runner/.m2/repository/com/squareup/wire/wire-runtime/5.3.3/wire-runtime-5.3.3.jar:/home/runner/work/apicurio-testing/apicurio-testing/clusters/ci419/namespaces/ksql043/tests/integration/apicurio-registry/serdes/pulsar/avro-serde/target/apicurio-registry-avro-serde-pulsar-3.0.12-SNAPSHOT.jar:/home/runner/.m2/repository/org/apache/pulsar/pulsar-functions-api/3.3.8/pulsar-functions-api-3.3.8.jar:/home/runner/work/apicurio-testing/apicurio-testing/clusters/ci419/namespaces/ksql043/tests/integration/apicurio-registry/serdes/nats/avro-serde/target/apicurio-registry-avro-serde-nats-3.0.12-SNAPSHOT.jar:/home/runner/.m2/repository/io/nats/jnats/2.21.4/jnats-2.21.4.jar:/home/runner/.m2/repository/org/bouncycastle/bcprov-lts8on/2.73.7/bcprov-lts8on-2.73.7.jar:/home/runner/.m2/repository/org/jetbrains/annotations/26.0.2/annotations-26.0.2.jar:/home/runner/work/apicurio-testing/apicurio-testing/clusters/ci419/namespaces/ksql043/tests/integration/apicurio-registry/utils/converter/target/apicurio-registry-utils-converter-3.0.12-SNAPSHOT.jar:/home/runner/work/apicurio-testing/apicurio-testing/clusters/ci419/namespaces/ksql043/tests/integration/apicurio-registry/schema-resolver/target/apicurio-registry-schema-resolver-3.0.12-SNAPSHOT.jar:/home/runner/.m2/repository/org/apache/kafka/connect-api/3.9.1/connect-api-3.9.1.jar:/home/runner/.m2/repository/javax/ws/rs/javax.ws.rs-api/2.1.1/javax.ws.rs-api-2.1.1.jar:/home/runner/.m2/repository/org/apache/kafka/connect-json/3.9.1/connect-json-3.9.1.jar:/home/runner/.m2/repository/com/fasterxml/jackson/datatype/jackson-datatype-jdk8/2.18.2/jackson-datatype-jdk8-2.18.2.jar:/home/runner/.m2/repository/com/fasterxml/jackson/module/jackson-module-afterburner/2.18.2/jackson-module-afterburner-2.18.2.jar:/home/runner/work/apicurio-testing/apicurio-testing/clusters/ci419/namespaces/ksql043/tests/integration/apicurio-registry/utils/kafka/target/apicurio-registry-utils-kafka-3.0.12-SNAPSHOT.jar:/home/runner/.m2/repository/org/apache/pulsar/pulsar-client/3.3.8/pulsar-client-3.3.8.jar:/home/runner/.m2/repository/org/apache/pulsar/pulsar-client-api/3.3.8/pulsar-client-api-3.3.8.jar:/home/runner/.m2/repository/org/apache/pulsar/pulsar-client-admin-api/3.3.8/pulsar-client-admin-api-3.3.8.jar:/home/runner/.m2/repository/org/apache/pulsar/bouncy-castle-bc/3.3.8/bouncy-castle-bc-3.3.8-pkg.jar:/home/runner/.m2/repository/org/bouncycastle/bcpkix-jdk18on/1.81/bcpkix-jdk18on-1.81.jar:/home/runner/.m2/repository/org/bouncycastle/bcutil-jdk18on/1.81/bcutil-jdk18on-1.81.jar:/home/runner/.m2/repository/org/bouncycastle/bcprov-jdk18on/1.81/bcprov-jdk18on-1.81.jar:/home/runner/.m2/repository/io/opentelemetry/opentelemetry-api/1.44.1/opentelemetry-api-1.44.1.jar:/home/runner/.m2/repository/io/opentelemetry/opentelemetry-context/1.44.1/opentelemetry-context-1.44.1.jar:/home/runner/.m2/repository/io/opentelemetry/opentelemetry-api-incubator/1.44.1-alpha/opentelemetry-api-incubator-1.44.1-alpha.jar:/home/runner/.m2/repository/com/fasterxml/jackson/core/jackson-annotations/2.18.2/jackson-annotations-2.18.2.jar:/home/runner/.m2/repository/javax/validation/validation-api/1.1.0.Final/validation-api-1.1.0.Final.jar:/home/runner/.m2/repository/org/jspecify/jspecify/1.0.0/jspecify-1.0.0.jar:/home/runner/.m2/repository/org/apache/commons/commons-configuration2/2.12.0/commons-configuration2-2.12.0.jar:/home/runner/.m2/repository/commons-logging/commons-logging/1.3.5/commons-logging-1.3.5.jar:/home/runner/.m2/repository/org/apache/commons/commons-text/1.13.0/commons-text-1.13.0.jar:/home/runner/.m2/repository/io/confluent/kafka-avro-serializer/8.0.0/kafka-avro-serializer-8.0.0.jar:/home/runner/.m2/repository/org/apache/commons/commons-compress/1.27.1/commons-compress-1.27.1.jar:/home/runner/.m2/repository/io/confluent/kafka-schema-serializer/8.0.0/kafka-schema-serializer-8.0.0.jar:/home/runner/.m2/repository/com/fasterxml/jackson/dataformat/jackson-dataformat-csv/2.18.2/jackson-dataformat-csv-2.18.2.jar:/home/runner/.m2/repository/io/confluent/kafka-schema-registry-client/8.0.0/kafka-schema-registry-client-8.0.0.jar:/home/runner/.m2/repository/org/yaml/snakeyaml/2.3/snakeyaml-2.3.jar:/home/runner/.m2/repository/io/swagger/core/v3/swagger-annotations/2.2.29/swagger-annotations-2.2.29.jar:/home/runner/.m2/repository/com/google/guava/guava/33.4.0-jre/guava-33.4.0-jre.jar:/home/runner/.m2/repository/com/google/guava/failureaccess/1.0.1/failureaccess-1.0.1.jar:/home/runner/.m2/repository/org/checkerframework/checker-qual/3.49.0/checker-qual-3.49.0.jar:/home/runner/.m2/repository/io/confluent/logredactor/1.0.13/logredactor-1.0.13.jar:/home/runner/.m2/repository/com/google/re2j/re2j/1.6/re2j-1.6.jar:/home/runner/.m2/repository/io/confluent/logredactor-metrics/1.0.13/logredactor-metrics-1.0.13.jar:/home/runner/.m2/repository/com/eclipsesource/minimal-json/minimal-json/0.9.5/minimal-json-0.9.5.jar:/home/runner/.m2/repository/io/confluent/common-utils/8.0.0/common-utils-8.0.0.jar:/home/runner/.m2/repository/io/confluent/kafka-connect-avro-converter/8.0.0/kafka-connect-avro-converter-8.0.0.jar:/home/runner/.m2/repository/io/confluent/kafka-connect-avro-data/8.0.0/kafka-connect-avro-data-8.0.0.jar:/home/runner/.m2/repository/io/confluent/kafka-schema-converter/8.0.0/kafka-schema-converter-8.0.0.jar:/home/runner/.m2/repository/io/rest-assured/rest-assured/5.5.1/rest-assured-5.5.1.jar:/home/runner/.m2/repository/org/apache/groovy/groovy/4.0.22/groovy-4.0.22.jar:/home/runner/.m2/repository/org/apache/groovy/groovy-xml/4.0.22/groovy-xml-4.0.22.jar:/home/runner/.m2/repository/org/apache/httpcomponents/httpclient/4.5.14/httpclient-4.5.14.jar:/home/runner/.m2/repository/org/apache/httpcomponents/httpcore/4.4.16/httpcore-4.4.16.jar:/home/runner/.m2/repository/org/apache/httpcomponents/httpmime/4.5.14/httpmime-4.5.14.jar:/home/runner/.m2/repository/org/hamcrest/hamcrest/2.2/hamcrest-2.2.jar:/home/runner/.m2/repository/org/ccil/cowan/tagsoup/tagsoup/1.2.1/tagsoup-1.2.1.jar:/home/runner/.m2/repository/io/rest-assured/json-path/5.5.1/json-path-5.5.1.jar:/home/runner/.m2/repository/org/apache/groovy/groovy-json/4.0.22/groovy-json-4.0.22.jar:/home/runner/.m2/repository/io/rest-assured/rest-assured-common/5.5.1/rest-assured-common-5.5.1.jar:/home/runner/.m2/repository/io/rest-assured/xml-path/5.5.1/xml-path-5.5.1.jar:/home/runner/.m2/repository/io/zonky/test/embedded-postgres/2.1.0/embedded-postgres-2.1.0.jar:/home/runner/.m2/repository/io/zonky/test/postgres/embedded-postgres-binaries-windows-amd64/14.15.0/embedded-postgres-binaries-windows-amd64-14.15.0.jar:/home/runner/.m2/repository/io/zonky/test/postgres/embedded-postgres-binaries-darwin-amd64/14.15.0/embedded-postgres-binaries-darwin-amd64-14.15.0.jar:/home/runner/.m2/repository/io/zonky/test/postgres/embedded-postgres-binaries-linux-amd64/14.15.0/embedded-postgres-binaries-linux-amd64-14.15.0.jar:/home/runner/.m2/repository/io/zonky/test/postgres/embedded-postgres-binaries-linux-amd64-alpine/14.15.0/embedded-postgres-binaries-linux-amd64-alpine-14.15.0.jar:/home/runner/.m2/repository/org/apache/commons/commons-lang3/3.17.0/commons-lang3-3.17.0.jar:/home/runner/.m2/repository/org/tukaani/xz/1.10/xz-1.10.jar:/home/runner/.m2/repository/commons-codec/commons-codec/1.19.0/commons-codec-1.19.0.jar:/home/runner/.m2/repository/org/postgresql/postgresql/42.7.7/postgresql-42.7.7.jar:/home/runner/.m2/repository/commons-io/commons-io/2.18.0/commons-io-2.18.0.jar:/home/runner/work/apicurio-testing/apicurio-testing/clusters/ci419/namespaces/ksql043/tests/integration/apicurio-registry/utils/importexport/target/apicurio-registry-utils-import-export-3.0.12-SNAPSHOT.jar:/home/runner/.m2/repository/io/vertx/vertx-core/4.5.16/vertx-core-4.5.16.jar:/home/runner/.m2/repository/io/netty/netty-common/4.1.121.Final/netty-common-4.1.121.Final.jar:/home/runner/.m2/repository/io/netty/netty-buffer/4.1.121.Final/netty-buffer-4.1.121.Final.jar:/home/runner/.m2/repository/io/netty/netty-transport/4.1.121.Final/netty-transport-4.1.121.Final.jar:/home/runner/.m2/repository/io/netty/netty-handler/4.1.121.Final/netty-handler-4.1.121.Final.jar:/home/runner/.m2/repository/io/netty/netty-transport-native-unix-common/4.1.121.Final/netty-transport-native-unix-common-4.1.121.Final.jar:/home/runner/.m2/repository/io/netty/netty-codec/4.1.121.Final/netty-codec-4.1.121.Final.jar:/home/runner/.m2/repository/io/netty/netty-handler-proxy/4.1.121.Final/netty-handler-proxy-4.1.121.Final.jar:/home/runner/.m2/repository/io/netty/netty-codec-socks/4.1.121.Final/netty-codec-socks-4.1.121.Final.jar:/home/runner/.m2/repository/io/netty/netty-codec-http/4.1.121.Final/netty-codec-http-4.1.121.Final.jar:/home/runner/.m2/repository/io/netty/netty-codec-http2/4.1.121.Final/netty-codec-http2-4.1.121.Final.jar:/home/runner/.m2/repository/io/netty/netty-resolver/4.1.121.Final/netty-resolver-4.1.121.Final.jar:/home/runner/.m2/repository/io/netty/netty-resolver-dns/4.1.121.Final/netty-resolver-dns-4.1.121.Final.jar:/home/runner/.m2/repository/io/netty/netty-codec-dns/4.1.121.Final/netty-codec-dns-4.1.121.Final.jar:/home/runner/.m2/repository/com/fasterxml/jackson/core/jackson-core/2.18.2/jackson-core-2.18.2.jar:"/>
    <property name="java.vm.vendor" value="Eclipse Adoptium"/>
    <property name="maven.javadoc.skip" value="true"/>
    <property name="sun.arch.data.model" value="64"/>
    <property name="java.vendor.url" value="https://adoptium.net/"/>
    <property name="user.timezone" value="Etc/UTC"/>
    <property name="os.name" value="Linux"/>
    <property name="java.vm.specification.version" value="17"/>
    <property name="sun.java.launcher" value="SUN_STANDARD"/>
    <property name="quarkus.http.test-port" value="80"/>
    <property name="sun.boot.library.path" value="/usr/lib/jvm/temurin-17-jdk-amd64/lib"/>
    <property name="sun.java.command" value="/home/runner/work/apicurio-testing/apicurio-testing/clusters/ci419/namespaces/ksql043/tests/integration/apicurio-registry/integration-tests/target/surefire/surefirebooter-20250807203451813_3.jar /home/runner/work/apicurio-testing/apicurio-testing/clusters/ci419/namespaces/ksql043/tests/integration/apicurio-registry/integration-tests/target/surefire 2025-08-07T20-34-51_708-jvmRun1 surefire-20250807203451813_1tmp surefire_0-20250807203451813_2tmp"/>
    <property name="maven.home" value="/home/runner/.m2/wrapper/dists/apache-maven-3.9.8-bin/4fnp1ql35bgk2a0p7m31ovbgb0/apache-maven-3.9.8"/>
    <property name="jdk.debug" value="release"/>
    <property name="surefire.test.class.path" value="/home/runner/work/apicurio-testing/apicurio-testing/clusters/ci419/namespaces/ksql043/tests/integration/apicurio-registry/integration-tests/target/test-classes:/home/runner/work/apicurio-testing/apicurio-testing/clusters/ci419/namespaces/ksql043/tests/integration/apicurio-registry/integration-tests/target/apicurio-registry-integration-tests-3.0.12-SNAPSHOT.jar:/home/runner/.m2/repository/io/quarkus/quarkus-junit5/3.20.2/quarkus-junit5-3.20.2.jar:/home/runner/.m2/repository/io/quarkus/quarkus-bootstrap-core/3.20.2/quarkus-bootstrap-core-3.20.2.jar:/home/runner/.m2/repository/io/quarkus/quarkus-classloader-commons/3.20.2/quarkus-classloader-commons-3.20.2.jar:/home/runner/.m2/repository/io/quarkus/quarkus-bootstrap-app-model/3.20.2/quarkus-bootstrap-app-model-3.20.2.jar:/home/runner/.m2/repository/io/smallrye/common/smallrye-common-io/2.12.0/smallrye-common-io-2.12.0.jar:/home/runner/.m2/repository/org/eclipse/sisu/org.eclipse.sisu.inject/0.9.0.M3/org.eclipse.sisu.inject-0.9.0.M3.jar:/home/runner/.m2/repository/io/quarkus/quarkus-test-common/3.20.2/quarkus-test-common-3.20.2.jar:/home/runner/.m2/repository/io/quarkus/quarkus-core-deployment/3.20.2/quarkus-core-deployment-3.20.2.jar:/home/runner/.m2/repository/org/aesh/readline/2.6/readline-2.6.jar:/home/runner/.m2/repository/org/fusesource/jansi/jansi/2.4.0/jansi-2.4.0.jar:/home/runner/.m2/repository/org/aesh/aesh/2.8.2/aesh-2.8.2.jar:/home/runner/.m2/repository/io/quarkus/gizmo/gizmo/1.8.0/gizmo-1.8.0.jar:/home/runner/.m2/repository/org/ow2/asm/asm-util/9.7.1/asm-util-9.7.1.jar:/home/runner/.m2/repository/org/ow2/asm/asm-analysis/9.7.1/asm-analysis-9.7.1.jar:/home/runner/.m2/repository/org/ow2/asm/asm-commons/9.7.1/asm-commons-9.7.1.jar:/home/runner/.m2/repository/org/ow2/asm/asm-tree/9.7.1/asm-tree-9.7.1.jar:/home/runner/.m2/repository/io/quarkus/quarkus-hibernate-validator-spi/3.20.2/quarkus-hibernate-validator-spi-3.20.2.jar:/home/runner/.m2/repository/io/quarkus/quarkus-class-change-agent/3.20.2/quarkus-class-change-agent-3.20.2.jar:/home/runner/.m2/repository/io/quarkus/quarkus-devtools-utilities/3.20.2/quarkus-devtools-utilities-3.20.2.jar:/home/runner/.m2/repository/io/quarkus/quarkus-builder/3.20.2/quarkus-builder-3.20.2.jar:/home/runner/.m2/repository/org/graalvm/sdk/nativeimage/23.1.2/nativeimage-23.1.2.jar:/home/runner/.m2/repository/org/graalvm/sdk/word/23.1.2/word-23.1.2.jar:/home/runner/.m2/repository/io/quarkus/quarkus-bootstrap-maven-resolver/3.20.2/quarkus-bootstrap-maven-resolver-3.20.2.jar:/home/runner/.m2/repository/io/smallrye/beanbag/smallrye-beanbag-maven/1.5.2/smallrye-beanbag-maven-1.5.2.jar:/home/runner/.m2/repository/io/smallrye/beanbag/smallrye-beanbag-sisu/1.5.2/smallrye-beanbag-sisu-1.5.2.jar:/home/runner/.m2/repository/io/smallrye/beanbag/smallrye-beanbag/1.5.2/smallrye-beanbag-1.5.2.jar:/home/runner/.m2/repository/javax/inject/javax.inject/1/javax.inject-1.jar:/home/runner/.m2/repository/org/apache/maven/maven-artifact/3.9.9/maven-artifact-3.9.9.jar:/home/runner/.m2/repository/org/apache/maven/maven-builder-support/3.9.9/maven-builder-support-3.9.9.jar:/home/runner/.m2/repository/org/apache/maven/maven-model/3.9.9/maven-model-3.9.9.jar:/home/runner/.m2/repository/org/apache/maven/maven-model-builder/3.9.9/maven-model-builder-3.9.9.jar:/home/runner/.m2/repository/org/apache/maven/maven-repository-metadata/3.9.9/maven-repository-metadata-3.9.9.jar:/home/runner/.m2/repository/org/apache/maven/maven-settings/3.9.9/maven-settings-3.9.9.jar:/home/runner/.m2/repository/org/apache/maven/resolver/maven-resolver-api/1.9.22/maven-resolver-api-1.9.22.jar:/home/runner/.m2/repository/org/apache/maven/resolver/maven-resolver-impl/1.9.22/maven-resolver-impl-1.9.22.jar:/home/runner/.m2/repository/org/apache/maven/resolver/maven-resolver-named-locks/1.9.22/maven-resolver-named-locks-1.9.22.jar:/home/runner/.m2/repository/org/apache/maven/resolver/maven-resolver-spi/1.9.22/maven-resolver-spi-1.9.22.jar:/home/runner/.m2/repository/org/apache/maven/resolver/maven-resolver-util/1.9.22/maven-resolver-util-1.9.22.jar:/home/runner/.m2/repository/org/apache/maven/resolver/maven-resolver-transport-http/1.9.20/maven-resolver-transport-http-1.9.20.jar:/home/runner/.m2/repository/org/apache/maven/wagon/wagon-provider-api/3.5.3/wagon-provider-api-3.5.3.jar:/home/runner/.m2/repository/org/apache/maven/wagon/wagon-http-shared/3.5.3/wagon-http-shared-3.5.3.jar:/home/runner/.m2/repository/org/codehaus/plexus/plexus-interpolation/1.26/plexus-interpolation-1.26.jar:/home/runner/.m2/repository/org/codehaus/plexus/plexus-utils/3.5.1/plexus-utils-3.5.1.jar:/home/runner/.m2/repository/org/codehaus/plexus/plexus-xml/4.0.1/plexus-xml-4.0.1.jar:/home/runner/.m2/repository/org/apache/maven/maven-xml-impl/4.0.0-alpha-5/maven-xml-impl-4.0.0-alpha-5.jar:/home/runner/.m2/repository/org/apache/maven/maven-api-xml/4.0.0-alpha-5/maven-api-xml-4.0.0-alpha-5.jar:/home/runner/.m2/repository/org/apache/maven/maven-api-meta/4.0.0-alpha-5/maven-api-meta-4.0.0-alpha-5.jar:/home/runner/.m2/repository/org/codehaus/plexus/plexus-cipher/2.0/plexus-cipher-2.0.jar:/home/runner/.m2/repository/org/codehaus/plexus/plexus-sec-dispatcher/2.0/plexus-sec-dispatcher-2.0.jar:/home/runner/.m2/repository/org/apache/maven/maven-embedder/3.9.9/maven-embedder-3.9.9.jar:/home/runner/.m2/repository/org/apache/maven/maven-core/3.9.9/maven-core-3.9.9.jar:/home/runner/.m2/repository/org/codehaus/plexus/plexus-component-annotations/2.1.0/plexus-component-annotations-2.1.0.jar:/home/runner/.m2/repository/org/apache/maven/maven-plugin-api/3.9.9/maven-plugin-api-3.9.9.jar:/home/runner/.m2/repository/org/apache/maven/shared/maven-shared-utils/3.4.2/maven-shared-utils-3.4.2.jar:/home/runner/.m2/repository/com/google/inject/guice/5.1.0/guice-5.1.0.jar:/home/runner/.m2/repository/aopalliance/aopalliance/1.0/aopalliance-1.0.jar:/home/runner/.m2/repository/org/codehaus/plexus/plexus-classworlds/2.6.0/plexus-classworlds-2.6.0.jar:/home/runner/.m2/repository/commons-cli/commons-cli/1.8.0/commons-cli-1.8.0.jar:/home/runner/.m2/repository/org/eclipse/sisu/org.eclipse.sisu.plexus/0.9.0.M3/org.eclipse.sisu.plexus-0.9.0.M3.jar:/home/runner/.m2/repository/org/apache/maven/maven-settings-builder/3.9.9/maven-settings-builder-3.9.9.jar:/home/runner/.m2/repository/org/apache/maven/maven-resolver-provider/3.9.9/maven-resolver-provider-3.9.9.jar:/home/runner/.m2/repository/org/apache/maven/resolver/maven-resolver-connector-basic/1.9.22/maven-resolver-connector-basic-1.9.22.jar:/home/runner/.m2/repository/org/apache/maven/resolver/maven-resolver-transport-wagon/1.9.22/maven-resolver-transport-wagon-1.9.22.jar:/home/runner/.m2/repository/org/apache/maven/wagon/wagon-http/3.5.3/wagon-http-3.5.3.jar:/home/runner/.m2/repository/org/apache/maven/wagon/wagon-file/3.5.3/wagon-file-3.5.3.jar:/home/runner/.m2/repository/io/quarkus/quarkus-bootstrap-gradle-resolver/3.20.2/quarkus-bootstrap-gradle-resolver-3.20.2.jar:/home/runner/.m2/repository/io/smallrye/jandex/3.3.0/jandex-3.3.0.jar:/home/runner/.m2/repository/org/jboss/logging/commons-logging-jboss-logging/1.0.0.Final/commons-logging-jboss-logging-1.0.0.Final.jar:/home/runner/.m2/repository/io/quarkus/quarkus-junit5-config/3.20.2/quarkus-junit5-config-3.20.2.jar:/home/runner/.m2/repository/org/junit/jupiter/junit-jupiter-api/5.12.1/junit-jupiter-api-5.12.1.jar:/home/runner/.m2/repository/io/smallrye/config/smallrye-config/3.11.4/smallrye-config-3.11.4.jar:/home/runner/.m2/repository/io/smallrye/config/smallrye-config-core/3.11.4/smallrye-config-core-3.11.4.jar:/home/runner/.m2/repository/io/smallrye/common/smallrye-common-classloader/2.12.0/smallrye-common-classloader-2.12.0.jar:/home/runner/.m2/repository/io/smallrye/config/smallrye-config-common/3.11.4/smallrye-config-common-3.11.4.jar:/home/runner/.m2/repository/org/junit/jupiter/junit-jupiter/5.12.1/junit-jupiter-5.12.1.jar:/home/runner/.m2/repository/org/junit/jupiter/junit-jupiter-params/5.12.1/junit-jupiter-params-5.12.1.jar:/home/runner/.m2/repository/org/junit/jupiter/junit-jupiter-engine/5.12.1/junit-jupiter-engine-5.12.1.jar:/home/runner/.m2/repository/io/quarkus/quarkus-core/3.20.2/quarkus-core-3.20.2.jar:/home/runner/.m2/repository/jakarta/enterprise/jakarta.enterprise.cdi-api/4.1.0/jakarta.enterprise.cdi-api-4.1.0.jar:/home/runner/.m2/repository/jakarta/enterprise/jakarta.enterprise.lang-model/4.1.0/jakarta.enterprise.lang-model-4.1.0.jar:/home/runner/.m2/repository/jakarta/el/jakarta.el-api/5.0.1/jakarta.el-api-5.0.1.jar:/home/runner/.m2/repository/jakarta/interceptor/jakarta.interceptor-api/2.2.0/jakarta.interceptor-api-2.2.0.jar:/home/runner/.m2/repository/jakarta/inject/jakarta.inject-api/2.0.1/jakarta.inject-api-2.0.1.jar:/home/runner/.m2/repository/io/smallrye/common/smallrye-common-os/2.12.0/smallrye-common-os-2.12.0.jar:/home/runner/.m2/repository/io/quarkus/quarkus-ide-launcher/3.20.2/quarkus-ide-launcher-3.20.2.jar:/home/runner/.m2/repository/io/quarkus/quarkus-development-mode-spi/3.20.2/quarkus-development-mode-spi-3.20.2.jar:/home/runner/.m2/repository/org/jboss/logging/jboss-logging/3.6.1.Final/jboss-logging-3.6.1.Final.jar:/home/runner/.m2/repository/org/jboss/logmanager/jboss-logmanager/3.1.2.Final/jboss-logmanager-3.1.2.Final.jar:/home/runner/.m2/repository/io/smallrye/common/smallrye-common-constraint/2.12.0/smallrye-common-constraint-2.12.0.jar:/home/runner/.m2/repository/io/smallrye/common/smallrye-common-cpu/2.12.0/smallrye-common-cpu-2.12.0.jar:/home/runner/.m2/repository/io/smallrye/common/smallrye-common-expression/2.12.0/smallrye-common-expression-2.12.0.jar:/home/runner/.m2/repository/io/smallrye/common/smallrye-common-net/2.12.0/smallrye-common-net-2.12.0.jar:/home/runner/.m2/repository/io/smallrye/common/smallrye-common-ref/2.12.0/smallrye-common-ref-2.12.0.jar:/home/runner/.m2/repository/jakarta/json/jakarta.json-api/2.1.3/jakarta.json-api-2.1.3.jar:/home/runner/.m2/repository/org/eclipse/parsson/parsson/1.1.7/parsson-1.1.7.jar:/home/runner/.m2/repository/org/jboss/logging/jboss-logging-annotations/3.0.4.Final/jboss-logging-annotations-3.0.4.Final.jar:/home/runner/.m2/repository/org/jboss/threads/jboss-threads/3.8.0.Final/jboss-threads-3.8.0.Final.jar:/home/runner/.m2/repository/io/smallrye/common/smallrye-common-annotation/2.12.0/smallrye-common-annotation-2.12.0.jar:/home/runner/.m2/repository/io/smallrye/common/smallrye-common-function/2.12.0/smallrye-common-function-2.12.0.jar:/home/runner/.m2/repository/org/jboss/slf4j/slf4j-jboss-logmanager/2.0.0.Final/slf4j-jboss-logmanager-2.0.0.Final.jar:/home/runner/.m2/repository/org/wildfly/common/wildfly-common/2.0.1/wildfly-common-2.0.1.jar:/home/runner/.m2/repository/io/quarkus/quarkus-bootstrap-runner/3.20.2/quarkus-bootstrap-runner-3.20.2.jar:/home/runner/.m2/repository/io/github/crac/org-crac/0.1.3/org-crac-0.1.3.jar:/home/runner/.m2/repository/io/quarkus/quarkus-fs-util/0.0.10/quarkus-fs-util-0.0.10.jar:/home/runner/.m2/repository/org/jboss/marshalling/jboss-marshalling/2.2.2.Final/jboss-marshalling-2.2.2.Final.jar:/home/runner/.m2/repository/io/fabric8/kubernetes-client/7.1.0/kubernetes-client-7.1.0.jar:/home/runner/.m2/repository/io/fabric8/kubernetes-client-api/7.1.0/kubernetes-client-api-7.1.0.jar:/home/runner/.m2/repository/io/fabric8/kubernetes-model-core/7.1.0/kubernetes-model-core-7.1.0.jar:/home/runner/.m2/repository/io/fabric8/kubernetes-model-common/7.1.0/kubernetes-model-common-7.1.0.jar:/home/runner/.m2/repository/javax/annotation/javax.annotation-api/1.3.2/javax.annotation-api-1.3.2.jar:/home/runner/.m2/repository/io/fabric8/kubernetes-model-gatewayapi/7.1.0/kubernetes-model-gatewayapi-7.1.0.jar:/home/runner/.m2/repository/io/fabric8/kubernetes-model-resource/7.1.0/kubernetes-model-resource-7.1.0.jar:/home/runner/.m2/repository/io/fabric8/kubernetes-model-rbac/7.1.0/kubernetes-model-rbac-7.1.0.jar:/home/runner/.m2/repository/io/fabric8/kubernetes-model-admissionregistration/7.1.0/kubernetes-model-admissionregistration-7.1.0.jar:/home/runner/.m2/repository/io/fabric8/kubernetes-model-apps/7.1.0/kubernetes-model-apps-7.1.0.jar:/home/runner/.m2/repository/io/fabric8/kubernetes-model-autoscaling/7.1.0/kubernetes-model-autoscaling-7.1.0.jar:/home/runner/.m2/repository/io/fabric8/kubernetes-model-apiextensions/7.1.0/kubernetes-model-apiextensions-7.1.0.jar:/home/runner/.m2/repository/io/fabric8/kubernetes-model-batch/7.1.0/kubernetes-model-batch-7.1.0.jar:/home/runner/.m2/repository/io/fabric8/kubernetes-model-certificates/7.1.0/kubernetes-model-certificates-7.1.0.jar:/home/runner/.m2/repository/io/fabric8/kubernetes-model-coordination/7.1.0/kubernetes-model-coordination-7.1.0.jar:/home/runner/.m2/repository/io/fabric8/kubernetes-model-discovery/7.1.0/kubernetes-model-discovery-7.1.0.jar:/home/runner/.m2/repository/io/fabric8/kubernetes-model-events/7.1.0/kubernetes-model-events-7.1.0.jar:/home/runner/.m2/repository/io/fabric8/kubernetes-model-extensions/7.1.0/kubernetes-model-extensions-7.1.0.jar:/home/runner/.m2/repository/io/fabric8/kubernetes-model-flowcontrol/7.1.0/kubernetes-model-flowcontrol-7.1.0.jar:/home/runner/.m2/repository/io/fabric8/kubernetes-model-networking/7.1.0/kubernetes-model-networking-7.1.0.jar:/home/runner/.m2/repository/io/fabric8/kubernetes-model-metrics/7.1.0/kubernetes-model-metrics-7.1.0.jar:/home/runner/.m2/repository/io/fabric8/kubernetes-model-policy/7.1.0/kubernetes-model-policy-7.1.0.jar:/home/runner/.m2/repository/io/fabric8/kubernetes-model-scheduling/7.1.0/kubernetes-model-scheduling-7.1.0.jar:/home/runner/.m2/repository/io/fabric8/kubernetes-model-storageclass/7.1.0/kubernetes-model-storageclass-7.1.0.jar:/home/runner/.m2/repository/io/fabric8/kubernetes-model-node/7.1.0/kubernetes-model-node-7.1.0.jar:/home/runner/.m2/repository/org/snakeyaml/snakeyaml-engine/2.9/snakeyaml-engine-2.9.jar:/home/runner/.m2/repository/com/fasterxml/jackson/dataformat/jackson-dataformat-yaml/2.18.2/jackson-dataformat-yaml-2.18.2.jar:/home/runner/.m2/repository/com/fasterxml/jackson/datatype/jackson-datatype-jsr310/2.18.2/jackson-datatype-jsr310-2.18.2.jar:/home/runner/.m2/repository/io/fabric8/zjsonpatch/7.1.0/zjsonpatch-7.1.0.jar:/home/runner/.m2/repository/io/fabric8/kubernetes-httpclient-vertx/7.1.0/kubernetes-httpclient-vertx-7.1.0.jar:/home/runner/.m2/repository/io/vertx/vertx-web-client/4.5.16/vertx-web-client-4.5.16.jar:/home/runner/.m2/repository/io/vertx/vertx-web-common/4.5.16/vertx-web-common-4.5.16.jar:/home/runner/.m2/repository/io/vertx/vertx-auth-common/4.5.16/vertx-auth-common-4.5.16.jar:/home/runner/.m2/repository/io/vertx/vertx-uri-template/4.5.16/vertx-uri-template-4.5.16.jar:/home/runner/.m2/repository/io/fabric8/openshift-client/7.1.0/openshift-client-7.1.0.jar:/home/runner/.m2/repository/io/fabric8/openshift-client-api/7.1.0/openshift-client-api-7.1.0.jar:/home/runner/.m2/repository/io/fabric8/openshift-model/7.1.0/openshift-model-7.1.0.jar:/home/runner/.m2/repository/io/fabric8/openshift-model-autoscaling/7.1.0/openshift-model-autoscaling-7.1.0.jar:/home/runner/.m2/repository/io/fabric8/openshift-model-operator/7.1.0/openshift-model-operator-7.1.0.jar:/home/runner/.m2/repository/io/fabric8/openshift-model-operatorhub/7.1.0/openshift-model-operatorhub-7.1.0.jar:/home/runner/.m2/repository/io/fabric8/openshift-model-machine/7.1.0/openshift-model-machine-7.1.0.jar:/home/runner/.m2/repository/io/fabric8/openshift-model-whereabouts/7.1.0/openshift-model-whereabouts-7.1.0.jar:/home/runner/.m2/repository/io/fabric8/openshift-model-monitoring/7.1.0/openshift-model-monitoring-7.1.0.jar:/home/runner/.m2/repository/io/fabric8/openshift-model-storageversionmigrator/7.1.0/openshift-model-storageversionmigrator-7.1.0.jar:/home/runner/.m2/repository/io/fabric8/openshift-model-tuned/7.1.0/openshift-model-tuned-7.1.0.jar:/home/runner/.m2/repository/io/fabric8/openshift-model-console/7.1.0/openshift-model-console-7.1.0.jar:/home/runner/.m2/repository/io/fabric8/openshift-model-config/7.1.0/openshift-model-config-7.1.0.jar:/home/runner/.m2/repository/io/fabric8/openshift-model-machineconfiguration/7.1.0/openshift-model-machineconfiguration-7.1.0.jar:/home/runner/.m2/repository/io/fabric8/openshift-model-miscellaneous/7.1.0/openshift-model-miscellaneous-7.1.0.jar:/home/runner/.m2/repository/io/fabric8/openshift-model-hive/7.1.0/openshift-model-hive-7.1.0.jar:/home/runner/.m2/repository/io/fabric8/openshift-model-installer/7.1.0/openshift-model-installer-7.1.0.jar:/home/runner/.m2/repository/org/junit/platform/junit-platform-launcher/1.12.1/junit-platform-launcher-1.12.1.jar:/home/runner/.m2/repository/org/junit/platform/junit-platform-engine/1.12.1/junit-platform-engine-1.12.1.jar:/home/runner/.m2/repository/org/opentest4j/opentest4j/1.3.0/opentest4j-1.3.0.jar:/home/runner/.m2/repository/org/junit/platform/junit-platform-commons/1.12.1/junit-platform-commons-1.12.1.jar:/home/runner/.m2/repository/org/apiguardian/apiguardian-api/1.1.2/apiguardian-api-1.1.2.jar:/home/runner/.m2/repository/jakarta/ws/rs/jakarta.ws.rs-api/3.1.0/jakarta.ws.rs-api-3.1.0.jar:/home/runner/work/apicurio-testing/apicurio-testing/clusters/ci419/namespaces/ksql043/tests/integration/apicurio-registry/java-sdk/target/apicurio-registry-java-sdk-3.0.12-SNAPSHOT.jar:/home/runner/.m2/repository/com/microsoft/kiota/microsoft-kiota-abstractions/1.8.8/microsoft-kiota-abstractions-1.8.8.jar:/home/runner/.m2/repository/io/github/std-uritemplate/std-uritemplate/2.0.0/std-uritemplate-2.0.0.jar:/home/runner/.m2/repository/io/kiota/kiota-http-jdk/0.0.29/kiota-http-jdk-0.0.29.jar:/home/runner/.m2/repository/io/kiota/kiota-http-vertx/0.0.29/kiota-http-vertx-0.0.29.jar:/home/runner/.m2/repository/io/kiota/kiota-serialization-jackson/0.0.29/kiota-serialization-jackson-0.0.29.jar:/home/runner/.m2/repository/com/microsoft/kiota/microsoft-kiota-serialization-text/1.8.8/microsoft-kiota-serialization-text-1.8.8.jar:/home/runner/.m2/repository/com/microsoft/kiota/microsoft-kiota-serialization-form/1.8.8/microsoft-kiota-serialization-form-1.8.8.jar:/home/runner/.m2/repository/com/microsoft/kiota/microsoft-kiota-serialization-multipart/1.8.8/microsoft-kiota-serialization-multipart-1.8.8.jar:/home/runner/.m2/repository/jakarta/annotation/jakarta.annotation-api/3.0.0/jakarta.annotation-api-3.0.0.jar:/home/runner/.m2/repository/io/vertx/vertx-auth-oauth2/4.5.16/vertx-auth-oauth2-4.5.16.jar:/home/runner/work/apicurio-testing/apicurio-testing/clusters/ci419/namespaces/ksql043/tests/integration/apicurio-registry/java-sdk-v2/target/apicurio-registry-v2-java-sdk-3.0.12-SNAPSHOT.jar:/home/runner/work/apicurio-testing/apicurio-testing/clusters/ci419/namespaces/ksql043/tests/integration/apicurio-registry/utils/kafka/target/apicurio-registry-utils-kafka-3.0.12-SNAPSHOT-tests.jar:/home/runner/.m2/repository/org/eclipse/microprofile/config/microprofile-config-api/3.1/microprofile-config-api-3.1.jar:/home/runner/.m2/repository/org/apache/kafka/kafka-clients/3.9.1/kafka-clients-3.9.1.jar:/home/runner/.m2/repository/com/github/luben/zstd-jni/1.5.6-4/zstd-jni-1.5.6-4.jar:/home/runner/.m2/repository/org/lz4/lz4-java/1.8.0/lz4-java-1.8.0.jar:/home/runner/.m2/repository/org/xerial/snappy/snappy-java/1.1.10.5/snappy-java-1.1.10.5.jar:/home/runner/.m2/repository/org/slf4j/slf4j-api/2.0.6/slf4j-api-2.0.6.jar:/home/runner/work/apicurio-testing/apicurio-testing/clusters/ci419/namespaces/ksql043/tests/integration/apicurio-registry/utils/tests/target/apicurio-registry-utils-tests-3.0.12-SNAPSHOT.jar:/home/runner/work/apicurio-testing/apicurio-testing/clusters/ci419/namespaces/ksql043/tests/integration/apicurio-registry/common/target/apicurio-registry-common-3.0.12-SNAPSHOT.jar:/home/runner/.m2/repository/jakarta/validation/jakarta.validation-api/3.0.2/jakarta.validation-api-3.0.2.jar:/home/runner/.m2/repository/com/github/dasniko/testcontainers-keycloak/3.8.0/testcontainers-keycloak-3.8.0.jar:/home/runner/.m2/repository/org/testcontainers/testcontainers/1.20.6/testcontainers-1.20.6.jar:/home/runner/.m2/repository/org/rnorth/duct-tape/duct-tape/1.0.8/duct-tape-1.0.8.jar:/home/runner/.m2/repository/com/github/docker-java/docker-java-transport-zerodep/3.4.1/docker-java-transport-zerodep-3.4.1.jar:/home/runner/.m2/repository/com/github/docker-java/docker-java-transport/3.4.1/docker-java-transport-3.4.1.jar:/home/runner/.m2/repository/net/java/dev/jna/jna/5.8.0/jna-5.8.0.jar:/home/runner/.m2/repository/io/quarkus/quarkus-junit4-mock/3.20.2/quarkus-junit4-mock-3.20.2.jar:/home/runner/.m2/repository/org/jboss/shrinkwrap/shrinkwrap-api/2.0.0-beta-2/shrinkwrap-api-2.0.0-beta-2.jar:/home/runner/.m2/repository/org/jboss/shrinkwrap/shrinkwrap-impl-base/2.0.0-beta-2/shrinkwrap-impl-base-2.0.0-beta-2.jar:/home/runner/.m2/repository/org/jboss/shrinkwrap/shrinkwrap-spi/2.0.0-beta-2/shrinkwrap-spi-2.0.0-beta-2.jar:/home/runner/.m2/repository/org/keycloak/keycloak-admin-client/26.0.4/keycloak-admin-client-26.0.4.jar:/home/runner/.m2/repository/org/keycloak/keycloak-client-common-synced/26.0.4/keycloak-client-common-synced-26.0.4.jar:/home/runner/.m2/repository/jakarta/activation/jakarta.activation-api/2.1.3/jakarta.activation-api-2.1.3.jar:/home/runner/.m2/repository/org/eclipse/microprofile/openapi/microprofile-openapi-api/4.0.2/microprofile-openapi-api-4.0.2.jar:/home/runner/.m2/repository/org/jboss/resteasy/resteasy-client/6.2.12.Final/resteasy-client-6.2.12.Final.jar:/home/runner/.m2/repository/org/jboss/resteasy/resteasy-client-api/6.2.12.Final/resteasy-client-api-6.2.12.Final.jar:/home/runner/.m2/repository/org/jboss/resteasy/resteasy-core-spi/6.2.12.Final/resteasy-core-spi-6.2.12.Final.jar:/home/runner/.m2/repository/org/jboss/resteasy/resteasy-core/6.2.12.Final/resteasy-core-6.2.12.Final.jar:/home/runner/.m2/repository/org/eclipse/angus/angus-activation/2.0.2/angus-activation-2.0.2.jar:/home/runner/.m2/repository/com/ibm/async/asyncutil/0.1.0/asyncutil-0.1.0.jar:/home/runner/.m2/repository/org/reactivestreams/reactive-streams/1.0.4/reactive-streams-1.0.4.jar:/home/runner/.m2/repository/org/jboss/resteasy/resteasy-multipart-provider/6.2.12.Final/resteasy-multipart-provider-6.2.12.Final.jar:/home/runner/.m2/repository/jakarta/mail/jakarta.mail-api/2.1.3/jakarta.mail-api-2.1.3.jar:/home/runner/.m2/repository/org/eclipse/angus/angus-mail/2.0.3/angus-mail-2.0.3.jar:/home/runner/.m2/repository/org/apache/james/apache-mime4j-dom/0.8.12/apache-mime4j-dom-0.8.12.jar:/home/runner/.m2/repository/org/apache/james/apache-mime4j-core/0.8.12/apache-mime4j-core-0.8.12.jar:/home/runner/.m2/repository/org/apache/james/apache-mime4j-storage/0.8.12/apache-mime4j-storage-0.8.12.jar:/home/runner/.m2/repository/org/jboss/resteasy/resteasy-jackson2-provider/6.2.12.Final/resteasy-jackson2-provider-6.2.12.Final.jar:/home/runner/.m2/repository/com/fasterxml/jackson/jakarta/rs/jackson-jakarta-rs-base/2.18.2/jackson-jakarta-rs-base-2.18.2.jar:/home/runner/.m2/repository/com/fasterxml/jackson/jakarta/rs/jackson-jakarta-rs-json-provider/2.18.2/jackson-jakarta-rs-json-provider-2.18.2.jar:/home/runner/.m2/repository/com/fasterxml/jackson/module/jackson-module-jakarta-xmlbind-annotations/2.18.2/jackson-module-jakarta-xmlbind-annotations-2.18.2.jar:/home/runner/.m2/repository/com/github/java-json-tools/json-patch/1.13/json-patch-1.13.jar:/home/runner/.m2/repository/com/github/java-json-tools/msg-simple/1.2/msg-simple-1.2.jar:/home/runner/.m2/repository/com/github/java-json-tools/btf/1.3/btf-1.3.jar:/home/runner/.m2/repository/com/github/java-json-tools/jackson-coreutils/2.0/jackson-coreutils-2.0.jar:/home/runner/.m2/repository/org/jboss/resteasy/resteasy-jaxb-provider/6.2.12.Final/resteasy-jaxb-provider-6.2.12.Final.jar:/home/runner/.m2/repository/org/glassfish/jaxb/codemodel/4.0.5/codemodel-4.0.5.jar:/home/runner/.m2/repository/org/glassfish/jaxb/jaxb-core/4.0.5/jaxb-core-4.0.5.jar:/home/runner/.m2/repository/org/glassfish/jaxb/jaxb-jxc/4.0.5/jaxb-jxc-4.0.5.jar:/home/runner/.m2/repository/org/glassfish/jaxb/jaxb-runtime/4.0.5/jaxb-runtime-4.0.5.jar:/home/runner/.m2/repository/org/glassfish/jaxb/txw2/4.0.5/txw2-4.0.5.jar:/home/runner/.m2/repository/org/glassfish/jaxb/jaxb-xjc/4.0.5/jaxb-xjc-4.0.5.jar:/home/runner/.m2/repository/org/glassfish/jaxb/xsom/4.0.5/xsom-4.0.5.jar:/home/runner/.m2/repository/com/sun/istack/istack-commons-runtime/4.1.2/istack-commons-runtime-4.1.2.jar:/home/runner/.m2/repository/com/sun/istack/istack-commons-tools/4.1.2/istack-commons-tools-4.1.2.jar:/home/runner/.m2/repository/com/sun/xml/bind/external/relaxng-datatype/4.0.5/relaxng-datatype-4.0.5.jar:/home/runner/.m2/repository/com/sun/xml/bind/external/rngom/4.0.5/rngom-4.0.5.jar:/home/runner/.m2/repository/org/testcontainers/mssqlserver/1.20.6/mssqlserver-1.20.6.jar:/home/runner/.m2/repository/org/testcontainers/jdbc/1.20.6/jdbc-1.20.6.jar:/home/runner/.m2/repository/org/testcontainers/database-commons/1.20.6/database-commons-1.20.6.jar:/home/runner/.m2/repository/org/testcontainers/mysql/1.20.6/mysql-1.20.6.jar:/home/runner/.m2/repository/io/strimzi/strimzi-test-container/0.111.0/strimzi-test-container-0.111.0.jar:/home/runner/.m2/repository/org/testcontainers/toxiproxy/1.20.6/toxiproxy-1.20.6.jar:/home/runner/.m2/repository/com/github/docker-java/docker-java-api/3.4.1/docker-java-api-3.4.1.jar:/home/runner/.m2/repository/org/apache/logging/log4j/log4j-slf4j-impl/2.19.0/log4j-slf4j-impl-2.19.0.jar:/home/runner/.m2/repository/org/apache/logging/log4j/log4j-api/2.24.3/log4j-api-2.24.3.jar:/home/runner/.m2/repository/org/apache/logging/log4j/log4j-core/2.19.0/log4j-core-2.19.0.jar:/home/runner/.m2/repository/eu/rekawek/toxiproxy/toxiproxy-java/2.1.7/toxiproxy-java-2.1.7.jar:/home/runner/.m2/repository/org/testcontainers/pulsar/1.21.3/pulsar-1.21.3.jar:/home/runner/.m2/repository/io/debezium/debezium-testing-testcontainers/2.7.4.Final/debezium-testing-testcontainers-2.7.4.Final.jar:/home/runner/.m2/repository/org/testcontainers/kafka/1.20.6/kafka-1.20.6.jar:/home/runner/.m2/repository/com/squareup/okhttp3/okhttp/4.8.1/okhttp-4.8.1.jar:/home/runner/.m2/repository/com/squareup/okio/okio/3.10.2/okio-3.10.2.jar:/home/runner/.m2/repository/com/squareup/okio/okio-jvm/3.10.2/okio-jvm-3.10.2.jar:/home/runner/.m2/repository/org/jetbrains/kotlin/kotlin-stdlib/2.0.21/kotlin-stdlib-2.0.21.jar:/home/runner/.m2/repository/org/awaitility/awaitility/4.3.0/awaitility-4.3.0.jar:/home/runner/.m2/repository/org/testcontainers/mongodb/1.20.6/mongodb-1.20.6.jar:/home/runner/.m2/repository/org/testcontainers/mariadb/1.20.6/mariadb-1.20.6.jar:/home/runner/.m2/repository/org/testcontainers/oracle-xe/1.20.6/oracle-xe-1.20.6.jar:/home/runner/.m2/repository/org/testcontainers/postgresql/1.20.6/postgresql-1.20.6.jar:/home/runner/.m2/repository/org/wiremock/wiremock/3.0.1/wiremock-3.0.1.jar:/home/runner/.m2/repository/org/eclipse/jetty/jetty-server/11.0.15/jetty-server-11.0.15.jar:/home/runner/.m2/repository/org/eclipse/jetty/toolchain/jetty-jakarta-servlet-api/5.0.2/jetty-jakarta-servlet-api-5.0.2.jar:/home/runner/.m2/repository/org/eclipse/jetty/jetty-http/11.0.15/jetty-http-11.0.15.jar:/home/runner/.m2/repository/org/eclipse/jetty/jetty-io/11.0.15/jetty-io-11.0.15.jar:/home/runner/.m2/repository/org/eclipse/jetty/jetty-servlet/11.0.15/jetty-servlet-11.0.15.jar:/home/runner/.m2/repository/org/eclipse/jetty/jetty-security/11.0.15/jetty-security-11.0.15.jar:/home/runner/.m2/repository/org/eclipse/jetty/jetty-servlets/11.0.15/jetty-servlets-11.0.15.jar:/home/runner/.m2/repository/org/eclipse/jetty/jetty-util/11.0.15/jetty-util-11.0.15.jar:/home/runner/.m2/repository/org/eclipse/jetty/jetty-webapp/11.0.15/jetty-webapp-11.0.15.jar:/home/runner/.m2/repository/org/eclipse/jetty/jetty-xml/11.0.15/jetty-xml-11.0.15.jar:/home/runner/.m2/repository/org/eclipse/jetty/jetty-proxy/11.0.15/jetty-proxy-11.0.15.jar:/home/runner/.m2/repository/org/eclipse/jetty/jetty-client/11.0.15/jetty-client-11.0.15.jar:/home/runner/.m2/repository/org/eclipse/jetty/http2/http2-server/11.0.15/http2-server-11.0.15.jar:/home/runner/.m2/repository/org/eclipse/jetty/http2/http2-common/11.0.15/http2-common-11.0.15.jar:/home/runner/.m2/repository/org/eclipse/jetty/http2/http2-hpack/11.0.15/http2-hpack-11.0.15.jar:/home/runner/.m2/repository/org/eclipse/jetty/jetty-alpn-server/11.0.15/jetty-alpn-server-11.0.15.jar:/home/runner/.m2/repository/org/eclipse/jetty/jetty-alpn-java-server/11.0.15/jetty-alpn-java-server-11.0.15.jar:/home/runner/.m2/repository/org/eclipse/jetty/jetty-alpn-java-client/11.0.15/jetty-alpn-java-client-11.0.15.jar:/home/runner/.m2/repository/org/eclipse/jetty/jetty-alpn-client/11.0.15/jetty-alpn-client-11.0.15.jar:/home/runner/.m2/repository/org/apache/httpcomponents/client5/httpclient5/5.2.1/httpclient5-5.2.1.jar:/home/runner/.m2/repository/org/apache/httpcomponents/core5/httpcore5/5.2/httpcore5-5.2.jar:/home/runner/.m2/repository/org/apache/httpcomponents/core5/httpcore5-h2/5.2/httpcore5-h2-5.2.jar:/home/runner/.m2/repository/org/xmlunit/xmlunit-core/2.9.1/xmlunit-core-2.9.1.jar:/home/runner/.m2/repository/jakarta/xml/bind/jakarta.xml.bind-api/4.0.2/jakarta.xml.bind-api-4.0.2.jar:/home/runner/.m2/repository/org/xmlunit/xmlunit-legacy/2.9.1/xmlunit-legacy-2.9.1.jar:/home/runner/.m2/repository/org/xmlunit/xmlunit-placeholders/2.9.1/xmlunit-placeholders-2.9.1.jar:/home/runner/.m2/repository/net/javacrumbs/json-unit/json-unit-core/2.38.0/json-unit-core-2.38.0.jar:/home/runner/.m2/repository/org/hamcrest/hamcrest-core/2.2/hamcrest-core-2.2.jar:/home/runner/.m2/repository/com/jayway/jsonpath/json-path/2.8.0/json-path-2.8.0.jar:/home/runner/.m2/repository/net/minidev/json-smart/2.4.10/json-smart-2.4.10.jar:/home/runner/.m2/repository/net/minidev/accessors-smart/2.4.9/accessors-smart-2.4.9.jar:/home/runner/.m2/repository/org/ow2/asm/asm/9.7.1/asm-9.7.1.jar:/home/runner/.m2/repository/net/sf/jopt-simple/jopt-simple/5.0.4/jopt-simple-5.0.4.jar:/home/runner/.m2/repository/com/github/jknack/handlebars/4.3.1/handlebars-4.3.1.jar:/home/runner/.m2/repository/com/github/jknack/handlebars-helpers/4.3.1/handlebars-helpers-4.3.1.jar:/home/runner/.m2/repository/commons-fileupload/commons-fileupload/1.5/commons-fileupload-1.5.jar:/home/runner/.m2/repository/com/networknt/json-schema-validator/1.5.8/json-schema-validator-1.5.8.jar:/home/runner/.m2/repository/com/ethlo/time/itu/1.10.3/itu-1.10.3.jar:/home/runner/.m2/repository/io/quarkus/quarkus-smallrye-jwt-build/3.20.2/quarkus-smallrye-jwt-build-3.20.2.jar:/home/runner/.m2/repository/io/smallrye/smallrye-jwt-build/4.6.2/smallrye-jwt-build-4.6.2.jar:/home/runner/.m2/repository/org/eclipse/microprofile/jwt/microprofile-jwt-auth-api/2.1/microprofile-jwt-auth-api-2.1.jar:/home/runner/.m2/repository/org/bitbucket/b_c/jose4j/0.9.6/jose4j-0.9.6.jar:/home/runner/.m2/repository/io/smallrye/smallrye-jwt-common/4.6.2/smallrye-jwt-common-4.6.2.jar:/home/runner/.m2/repository/io/quarkus/quarkus-jsonp/3.20.2/quarkus-jsonp-3.20.2.jar:/home/runner/.m2/repository/io/quarkus/quarkus-arc/3.20.2/quarkus-arc-3.20.2.jar:/home/runner/.m2/repository/io/quarkus/arc/arc/3.20.2/arc-3.20.2.jar:/home/runner/.m2/repository/jakarta/transaction/jakarta.transaction-api/2.0.1/jakarta.transaction-api-2.0.1.jar:/home/runner/.m2/repository/io/smallrye/reactive/mutiny/2.9.2/mutiny-2.9.2.jar:/home/runner/.m2/repository/org/jctools/jctools-core/4.0.5/jctools-core-4.0.5.jar:/home/runner/.m2/repository/org/eclipse/microprofile/context-propagation/microprofile-context-propagation-api/1.3/microprofile-context-propagation-api-1.3.jar:/home/runner/.m2/repository/io/apicurio/apicurio-common-rest-client-common/0.1.18.Final/apicurio-common-rest-client-common-0.1.18.Final.jar:/home/runner/work/apicurio-testing/apicurio-testing/clusters/ci419/namespaces/ksql043/tests/integration/apicurio-registry/utils/maven-plugin/target/apicurio-registry-maven-plugin-3.0.12-SNAPSHOT.jar:/home/runner/.m2/repository/com/fasterxml/jackson/core/jackson-databind/2.18.2/jackson-databind-2.18.2.jar:/home/runner/.m2/repository/org/apache/avro/avro/1.12.0/avro-1.12.0.jar:/home/runner/.m2/repository/com/google/protobuf/protobuf-java/4.31.1/protobuf-java-4.31.1.jar:/home/runner/.m2/repository/com/google/protobuf/protobuf-java-util/4.31.1/protobuf-java-util-4.31.1.jar:/home/runner/.m2/repository/com/google/code/findbugs/jsr305/3.0.2/jsr305-3.0.2.jar:/home/runner/.m2/repository/com/google/code/gson/gson/2.12.1/gson-2.12.1.jar:/home/runner/.m2/repository/com/google/errorprone/error_prone_annotations/2.36.0/error_prone_annotations-2.36.0.jar:/home/runner/.m2/repository/com/google/j2objc/j2objc-annotations/2.8/j2objc-annotations-2.8.jar:/home/runner/work/apicurio-testing/apicurio-testing/clusters/ci419/namespaces/ksql043/tests/integration/apicurio-registry/schema-util/util-provider/target/apicurio-registry-schema-util-provider-3.0.12-SNAPSHOT.jar:/home/runner/work/apicurio-testing/apicurio-testing/clusters/ci419/namespaces/ksql043/tests/integration/apicurio-registry/schema-util/common/target/apicurio-registry-schema-util-common-3.0.12-SNAPSHOT.jar:/home/runner/.m2/repository/com/fasterxml/jackson/module/jackson-module-parameter-names/2.18.2/jackson-module-parameter-names-2.18.2.jar:/home/runner/.m2/repository/com/fasterxml/jackson/datatype/jackson-datatype-json-org/2.18.2/jackson-datatype-json-org-2.18.2.jar:/home/runner/work/apicurio-testing/apicurio-testing/clusters/ci419/namespaces/ksql043/tests/integration/apicurio-registry/schema-util/json/target/apicurio-registry-schema-util-json-3.0.12-SNAPSHOT.jar:/home/runner/.m2/repository/com/github/erosb/everit-json-schema/1.14.5/everit-json-schema-1.14.5.jar:/home/runner/.m2/repository/commons-validator/commons-validator/1.9.0/commons-validator-1.9.0.jar:/home/runner/.m2/repository/commons-digester/commons-digester/2.1/commons-digester-2.1.jar:/home/runner/.m2/repository/commons-collections/commons-collections/3.2.2/commons-collections-3.2.2.jar:/home/runner/.m2/repository/com/damnhandy/handy-uri-templates/2.1.8/handy-uri-templates-2.1.8.jar:/home/runner/.m2/repository/joda-time/joda-time/2.10.2/joda-time-2.10.2.jar:/home/runner/.m2/repository/com/github/erosb/json-sKema/0.20.0/json-sKema-0.20.0.jar:/home/runner/.m2/repository/io/vertx/vertx-json-schema/4.5.16/vertx-json-schema-4.5.16.jar:/home/runner/work/apicurio-testing/apicurio-testing/clusters/ci419/namespaces/ksql043/tests/integration/apicurio-registry/schema-util/protobuf/target/apicurio-registry-schema-util-protobuf-3.0.12-SNAPSHOT.jar:/home/runner/work/apicurio-testing/apicurio-testing/clusters/ci419/namespaces/ksql043/tests/integration/apicurio-registry/utils/protobuf-schema-utilities/target/apicurio-registry-protobuf-schema-utilities-3.0.12-SNAPSHOT.jar:/home/runner/.m2/repository/com/google/api/grpc/proto-google-common-protos/2.52.0/proto-google-common-protos-2.52.0.jar:/home/runner/.m2/repository/com/squareup/wire/wire-schema-jvm/5.3.3/wire-schema-jvm-5.3.3.jar:/home/runner/.m2/repository/com/palantir/javapoet/javapoet/0.6.0/javapoet-0.6.0.jar:/home/runner/.m2/repository/com/squareup/kotlinpoet-jvm/2.0.0/kotlinpoet-jvm-2.0.0.jar:/home/runner/.m2/repository/org/jetbrains/kotlin/kotlin-reflect/2.0.21/kotlin-reflect-2.0.21.jar:/home/runner/.m2/repository/com/squareup/wire/wire-runtime-jvm/5.3.3/wire-runtime-jvm-5.3.3.jar:/home/runner/.m2/repository/com/ibm/icu/icu4j/76.1/icu4j-76.1.jar:/home/runner/.m2/repository/com/squareup/okio/okio-fakefilesystem/3.10.2/okio-fakefilesystem-3.10.2.jar:/home/runner/.m2/repository/com/squareup/okio/okio-fakefilesystem-jvm/3.10.2/okio-fakefilesystem-jvm-3.10.2.jar:/home/runner/.m2/repository/org/jetbrains/kotlinx/kotlinx-datetime-jvm/0.6.1/kotlinx-datetime-jvm-0.6.1.jar:/home/runner/work/apicurio-testing/apicurio-testing/clusters/ci419/namespaces/ksql043/tests/integration/apicurio-registry/schema-util/asyncapi/target/apicurio-registry-schema-util-asyncapi-3.0.12-SNAPSHOT.jar:/home/runner/work/apicurio-testing/apicurio-testing/clusters/ci419/namespaces/ksql043/tests/integration/apicurio-registry/schema-util/avro/target/apicurio-registry-schema-util-avro-3.0.12-SNAPSHOT.jar:/home/runner/work/apicurio-testing/apicurio-testing/clusters/ci419/namespaces/ksql043/tests/integration/apicurio-registry/schema-util/graphql/target/apicurio-registry-schema-util-graphql-3.0.12-SNAPSHOT.jar:/home/runner/.m2/repository/com/graphql-java/graphql-java/22.4/graphql-java-22.4.jar:/home/runner/.m2/repository/com/graphql-java/java-dataloader/3.3.0/java-dataloader-3.3.0.jar:/home/runner/work/apicurio-testing/apicurio-testing/clusters/ci419/namespaces/ksql043/tests/integration/apicurio-registry/schema-util/kconnect/target/apicurio-registry-schema-util-kconnect-3.0.12-SNAPSHOT.jar:/home/runner/work/apicurio-testing/apicurio-testing/clusters/ci419/namespaces/ksql043/tests/integration/apicurio-registry/schema-util/openapi/target/apicurio-registry-schema-util-openapi-3.0.12-SNAPSHOT.jar:/home/runner/.m2/repository/io/apicurio/apicurio-data-models/2.2.2/apicurio-data-models-2.2.2.jar:/home/runner/.m2/repository/org/openapitools/openapidiff/openapi-diff-core/2.1.2/openapi-diff-core-2.1.2.jar:/home/runner/.m2/repository/io/swagger/parser/v3/swagger-parser/2.1.28/swagger-parser-2.1.28.jar:/home/runner/.m2/repository/io/swagger/parser/v3/swagger-parser-v2-converter/2.1.28/swagger-parser-v2-converter-2.1.28.jar:/home/runner/.m2/repository/io/swagger/swagger-core/1.6.16/swagger-core-1.6.16.jar:/home/runner/.m2/repository/io/swagger/swagger-models/1.6.16/swagger-models-1.6.16.jar:/home/runner/.m2/repository/io/swagger/swagger-annotations/1.6.16/swagger-annotations-1.6.16.jar:/home/runner/.m2/repository/io/swagger/swagger-parser/1.0.75/swagger-parser-1.0.75.jar:/home/runner/.m2/repository/io/swagger/swagger-parser-safe-url-resolver/1.0.75/swagger-parser-safe-url-resolver-1.0.75.jar:/home/runner/.m2/repository/io/swagger/swagger-compat-spec-parser/1.0.75/swagger-compat-spec-parser-1.0.75.jar:/home/runner/.m2/repository/com/github/java-json-tools/json-schema-validator/2.2.14/json-schema-validator-2.2.14.jar:/home/runner/.m2/repository/com/github/java-json-tools/jackson-coreutils-equivalence/1.0/jackson-coreutils-equivalence-1.0.jar:/home/runner/.m2/repository/com/github/java-json-tools/json-schema-core/1.2.14/json-schema-core-1.2.14.jar:/home/runner/.m2/repository/com/github/java-json-tools/uri-template/0.10/uri-template-0.10.jar:/home/runner/.m2/repository/com/googlecode/libphonenumber/libphonenumber/8.11.1/libphonenumber-8.11.1.jar:/home/runner/.m2/repository/com/j2html/j2html/1.6.0/j2html-1.6.0.jar:/home/runner/.m2/repository/org/apache/commons/commons-collections4/4.5.0/commons-collections4-4.5.0.jar:/home/runner/.m2/repository/org/slf4j/jcl-over-slf4j/2.0.17/jcl-over-slf4j-2.0.17.jar:/home/runner/.m2/repository/io/swagger/parser/v3/swagger-parser-v3/2.1.31/swagger-parser-v3-2.1.31.jar:/home/runner/.m2/repository/io/swagger/core/v3/swagger-models/2.2.34/swagger-models-2.2.34.jar:/home/runner/.m2/repository/io/swagger/core/v3/swagger-core/2.2.34/swagger-core-2.2.34.jar:/home/runner/.m2/repository/io/swagger/parser/v3/swagger-parser-core/2.1.31/swagger-parser-core-2.1.31.jar:/home/runner/.m2/repository/io/swagger/parser/v3/swagger-parser-safe-url-resolver/2.1.31/swagger-parser-safe-url-resolver-2.1.31.jar:/home/runner/work/apicurio-testing/apicurio-testing/clusters/ci419/namespaces/ksql043/tests/integration/apicurio-registry/schema-util/wsdl/target/apicurio-registry-schema-util-wsdl-3.0.12-SNAPSHOT.jar:/home/runner/.m2/repository/wsdl4j/wsdl4j/1.6.3/wsdl4j-1.6.3.jar:/home/runner/work/apicurio-testing/apicurio-testing/clusters/ci419/namespaces/ksql043/tests/integration/apicurio-registry/schema-util/xml/target/apicurio-registry-schema-util-xml-3.0.12-SNAPSHOT.jar:/home/runner/.m2/repository/org/apache/santuario/xmlsec/4.0.4/xmlsec-4.0.4.jar:/home/runner/.m2/repository/com/fasterxml/woodstox/woodstox-core/7.1.1/woodstox-core-7.1.1.jar:/home/runner/.m2/repository/org/codehaus/woodstox/stax2-api/4.2.2/stax2-api-4.2.2.jar:/home/runner/work/apicurio-testing/apicurio-testing/clusters/ci419/namespaces/ksql043/tests/integration/apicurio-registry/schema-util/xsd/target/apicurio-registry-schema-util-xsd-3.0.12-SNAPSHOT.jar:/home/runner/work/apicurio-testing/apicurio-testing/clusters/ci419/namespaces/ksql043/tests/integration/apicurio-registry/serdes/kafka/jsonschema-serde/target/apicurio-registry-jsonschema-serde-kafka-3.0.12-SNAPSHOT.jar:/home/runner/work/apicurio-testing/apicurio-testing/clusters/ci419/namespaces/ksql043/tests/integration/apicurio-registry/serdes/kafka/serde-kafka-common/target/apicurio-registry-serde-kafka-common-3.0.12-SNAPSHOT.jar:/home/runner/work/apicurio-testing/apicurio-testing/clusters/ci419/namespaces/ksql043/tests/integration/apicurio-registry/serdes/generic/serde-common/target/apicurio-registry-serde-common-3.0.12-SNAPSHOT.jar:/home/runner/work/apicurio-testing/apicurio-testing/clusters/ci419/namespaces/ksql043/tests/integration/apicurio-registry/serdes/generic/serde-common-jsonschema/target/apicurio-registry-serde-common-jsonschema-3.0.12-SNAPSHOT.jar:/home/runner/.m2/repository/org/json/json/20250107/json-20250107.jar:/home/runner/work/apicurio-testing/apicurio-testing/clusters/ci419/namespaces/ksql043/tests/integration/apicurio-registry/serdes/kafka/avro-serde/target/apicurio-registry-avro-serde-kafka-3.0.12-SNAPSHOT.jar:/home/runner/work/apicurio-testing/apicurio-testing/clusters/ci419/namespaces/ksql043/tests/integration/apicurio-registry/serdes/generic/serde-common-avro/target/apicurio-registry-serde-common-avro-3.0.12-SNAPSHOT.jar:/home/runner/work/apicurio-testing/apicurio-testing/clusters/ci419/namespaces/ksql043/tests/integration/apicurio-registry/serdes/kafka/protobuf-serde/target/apicurio-registry-protobuf-serde-kafka-3.0.12-SNAPSHOT.jar:/home/runner/work/apicurio-testing/apicurio-testing/clusters/ci419/namespaces/ksql043/tests/integration/apicurio-registry/serdes/generic/serde-common-protobuf/target/apicurio-registry-serde-common-protobuf-3.0.12-SNAPSHOT.jar:/home/runner/.m2/repository/com/squareup/wire/wire-schema/5.3.3/wire-schema-5.3.3.jar:/home/runner/.m2/repository/com/squareup/wire/wire-runtime/5.3.3/wire-runtime-5.3.3.jar:/home/runner/work/apicurio-testing/apicurio-testing/clusters/ci419/namespaces/ksql043/tests/integration/apicurio-registry/serdes/pulsar/avro-serde/target/apicurio-registry-avro-serde-pulsar-3.0.12-SNAPSHOT.jar:/home/runner/.m2/repository/org/apache/pulsar/pulsar-functions-api/3.3.8/pulsar-functions-api-3.3.8.jar:/home/runner/work/apicurio-testing/apicurio-testing/clusters/ci419/namespaces/ksql043/tests/integration/apicurio-registry/serdes/nats/avro-serde/target/apicurio-registry-avro-serde-nats-3.0.12-SNAPSHOT.jar:/home/runner/.m2/repository/io/nats/jnats/2.21.4/jnats-2.21.4.jar:/home/runner/.m2/repository/org/bouncycastle/bcprov-lts8on/2.73.7/bcprov-lts8on-2.73.7.jar:/home/runner/.m2/repository/org/jetbrains/annotations/26.0.2/annotations-26.0.2.jar:/home/runner/work/apicurio-testing/apicurio-testing/clusters/ci419/namespaces/ksql043/tests/integration/apicurio-registry/utils/converter/target/apicurio-registry-utils-converter-3.0.12-SNAPSHOT.jar:/home/runner/work/apicurio-testing/apicurio-testing/clusters/ci419/namespaces/ksql043/tests/integration/apicurio-registry/schema-resolver/target/apicurio-registry-schema-resolver-3.0.12-SNAPSHOT.jar:/home/runner/.m2/repository/org/apache/kafka/connect-api/3.9.1/connect-api-3.9.1.jar:/home/runner/.m2/repository/javax/ws/rs/javax.ws.rs-api/2.1.1/javax.ws.rs-api-2.1.1.jar:/home/runner/.m2/repository/org/apache/kafka/connect-json/3.9.1/connect-json-3.9.1.jar:/home/runner/.m2/repository/com/fasterxml/jackson/datatype/jackson-datatype-jdk8/2.18.2/jackson-datatype-jdk8-2.18.2.jar:/home/runner/.m2/repository/com/fasterxml/jackson/module/jackson-module-afterburner/2.18.2/jackson-module-afterburner-2.18.2.jar:/home/runner/work/apicurio-testing/apicurio-testing/clusters/ci419/namespaces/ksql043/tests/integration/apicurio-registry/utils/kafka/target/apicurio-registry-utils-kafka-3.0.12-SNAPSHOT.jar:/home/runner/.m2/repository/org/apache/pulsar/pulsar-client/3.3.8/pulsar-client-3.3.8.jar:/home/runner/.m2/repository/org/apache/pulsar/pulsar-client-api/3.3.8/pulsar-client-api-3.3.8.jar:/home/runner/.m2/repository/org/apache/pulsar/pulsar-client-admin-api/3.3.8/pulsar-client-admin-api-3.3.8.jar:/home/runner/.m2/repository/org/apache/pulsar/bouncy-castle-bc/3.3.8/bouncy-castle-bc-3.3.8-pkg.jar:/home/runner/.m2/repository/org/bouncycastle/bcpkix-jdk18on/1.81/bcpkix-jdk18on-1.81.jar:/home/runner/.m2/repository/org/bouncycastle/bcutil-jdk18on/1.81/bcutil-jdk18on-1.81.jar:/home/runner/.m2/repository/org/bouncycastle/bcprov-jdk18on/1.81/bcprov-jdk18on-1.81.jar:/home/runner/.m2/repository/io/opentelemetry/opentelemetry-api/1.44.1/opentelemetry-api-1.44.1.jar:/home/runner/.m2/repository/io/opentelemetry/opentelemetry-context/1.44.1/opentelemetry-context-1.44.1.jar:/home/runner/.m2/repository/io/opentelemetry/opentelemetry-api-incubator/1.44.1-alpha/opentelemetry-api-incubator-1.44.1-alpha.jar:/home/runner/.m2/repository/com/fasterxml/jackson/core/jackson-annotations/2.18.2/jackson-annotations-2.18.2.jar:/home/runner/.m2/repository/javax/validation/validation-api/1.1.0.Final/validation-api-1.1.0.Final.jar:/home/runner/.m2/repository/org/jspecify/jspecify/1.0.0/jspecify-1.0.0.jar:/home/runner/.m2/repository/org/apache/commons/commons-configuration2/2.12.0/commons-configuration2-2.12.0.jar:/home/runner/.m2/repository/commons-logging/commons-logging/1.3.5/commons-logging-1.3.5.jar:/home/runner/.m2/repository/org/apache/commons/commons-text/1.13.0/commons-text-1.13.0.jar:/home/runner/.m2/repository/io/confluent/kafka-avro-serializer/8.0.0/kafka-avro-serializer-8.0.0.jar:/home/runner/.m2/repository/org/apache/commons/commons-compress/1.27.1/commons-compress-1.27.1.jar:/home/runner/.m2/repository/io/confluent/kafka-schema-serializer/8.0.0/kafka-schema-serializer-8.0.0.jar:/home/runner/.m2/repository/com/fasterxml/jackson/dataformat/jackson-dataformat-csv/2.18.2/jackson-dataformat-csv-2.18.2.jar:/home/runner/.m2/repository/io/confluent/kafka-schema-registry-client/8.0.0/kafka-schema-registry-client-8.0.0.jar:/home/runner/.m2/repository/org/yaml/snakeyaml/2.3/snakeyaml-2.3.jar:/home/runner/.m2/repository/io/swagger/core/v3/swagger-annotations/2.2.29/swagger-annotations-2.2.29.jar:/home/runner/.m2/repository/com/google/guava/guava/33.4.0-jre/guava-33.4.0-jre.jar:/home/runner/.m2/repository/com/google/guava/failureaccess/1.0.1/failureaccess-1.0.1.jar:/home/runner/.m2/repository/org/checkerframework/checker-qual/3.49.0/checker-qual-3.49.0.jar:/home/runner/.m2/repository/io/confluent/logredactor/1.0.13/logredactor-1.0.13.jar:/home/runner/.m2/repository/com/google/re2j/re2j/1.6/re2j-1.6.jar:/home/runner/.m2/repository/io/confluent/logredactor-metrics/1.0.13/logredactor-metrics-1.0.13.jar:/home/runner/.m2/repository/com/eclipsesource/minimal-json/minimal-json/0.9.5/minimal-json-0.9.5.jar:/home/runner/.m2/repository/io/confluent/common-utils/8.0.0/common-utils-8.0.0.jar:/home/runner/.m2/repository/io/confluent/kafka-connect-avro-converter/8.0.0/kafka-connect-avro-converter-8.0.0.jar:/home/runner/.m2/repository/io/confluent/kafka-connect-avro-data/8.0.0/kafka-connect-avro-data-8.0.0.jar:/home/runner/.m2/repository/io/confluent/kafka-schema-converter/8.0.0/kafka-schema-converter-8.0.0.jar:/home/runner/.m2/repository/io/rest-assured/rest-assured/5.5.1/rest-assured-5.5.1.jar:/home/runner/.m2/repository/org/apache/groovy/groovy/4.0.22/groovy-4.0.22.jar:/home/runner/.m2/repository/org/apache/groovy/groovy-xml/4.0.22/groovy-xml-4.0.22.jar:/home/runner/.m2/repository/org/apache/httpcomponents/httpclient/4.5.14/httpclient-4.5.14.jar:/home/runner/.m2/repository/org/apache/httpcomponents/httpcore/4.4.16/httpcore-4.4.16.jar:/home/runner/.m2/repository/org/apache/httpcomponents/httpmime/4.5.14/httpmime-4.5.14.jar:/home/runner/.m2/repository/org/hamcrest/hamcrest/2.2/hamcrest-2.2.jar:/home/runner/.m2/repository/org/ccil/cowan/tagsoup/tagsoup/1.2.1/tagsoup-1.2.1.jar:/home/runner/.m2/repository/io/rest-assured/json-path/5.5.1/json-path-5.5.1.jar:/home/runner/.m2/repository/org/apache/groovy/groovy-json/4.0.22/groovy-json-4.0.22.jar:/home/runner/.m2/repository/io/rest-assured/rest-assured-common/5.5.1/rest-assured-common-5.5.1.jar:/home/runner/.m2/repository/io/rest-assured/xml-path/5.5.1/xml-path-5.5.1.jar:/home/runner/.m2/repository/io/zonky/test/embedded-postgres/2.1.0/embedded-postgres-2.1.0.jar:/home/runner/.m2/repository/io/zonky/test/postgres/embedded-postgres-binaries-windows-amd64/14.15.0/embedded-postgres-binaries-windows-amd64-14.15.0.jar:/home/runner/.m2/repository/io/zonky/test/postgres/embedded-postgres-binaries-darwin-amd64/14.15.0/embedded-postgres-binaries-darwin-amd64-14.15.0.jar:/home/runner/.m2/repository/io/zonky/test/postgres/embedded-postgres-binaries-linux-amd64/14.15.0/embedded-postgres-binaries-linux-amd64-14.15.0.jar:/home/runner/.m2/repository/io/zonky/test/postgres/embedded-postgres-binaries-linux-amd64-alpine/14.15.0/embedded-postgres-binaries-linux-amd64-alpine-14.15.0.jar:/home/runner/.m2/repository/org/apache/commons/commons-lang3/3.17.0/commons-lang3-3.17.0.jar:/home/runner/.m2/repository/org/tukaani/xz/1.10/xz-1.10.jar:/home/runner/.m2/repository/commons-codec/commons-codec/1.19.0/commons-codec-1.19.0.jar:/home/runner/.m2/repository/org/postgresql/postgresql/42.7.7/postgresql-42.7.7.jar:/home/runner/.m2/repository/commons-io/commons-io/2.18.0/commons-io-2.18.0.jar:/home/runner/work/apicurio-testing/apicurio-testing/clusters/ci419/namespaces/ksql043/tests/integration/apicurio-registry/utils/importexport/target/apicurio-registry-utils-import-export-3.0.12-SNAPSHOT.jar:/home/runner/.m2/repository/io/vertx/vertx-core/4.5.16/vertx-core-4.5.16.jar:/home/runner/.m2/repository/io/netty/netty-common/4.1.121.Final/netty-common-4.1.121.Final.jar:/home/runner/.m2/repository/io/netty/netty-buffer/4.1.121.Final/netty-buffer-4.1.121.Final.jar:/home/runner/.m2/repository/io/netty/netty-transport/4.1.121.Final/netty-transport-4.1.121.Final.jar:/home/runner/.m2/repository/io/netty/netty-handler/4.1.121.Final/netty-handler-4.1.121.Final.jar:/home/runner/.m2/repository/io/netty/netty-transport-native-unix-common/4.1.121.Final/netty-transport-native-unix-common-4.1.121.Final.jar:/home/runner/.m2/repository/io/netty/netty-codec/4.1.121.Final/netty-codec-4.1.121.Final.jar:/home/runner/.m2/repository/io/netty/netty-handler-proxy/4.1.121.Final/netty-handler-proxy-4.1.121.Final.jar:/home/runner/.m2/repository/io/netty/netty-codec-socks/4.1.121.Final/netty-codec-socks-4.1.121.Final.jar:/home/runner/.m2/repository/io/netty/netty-codec-http/4.1.121.Final/netty-codec-http-4.1.121.Final.jar:/home/runner/.m2/repository/io/netty/netty-codec-http2/4.1.121.Final/netty-codec-http2-4.1.121.Final.jar:/home/runner/.m2/repository/io/netty/netty-resolver/4.1.121.Final/netty-resolver-4.1.121.Final.jar:/home/runner/.m2/repository/io/netty/netty-resolver-dns/4.1.121.Final/netty-resolver-dns-4.1.121.Final.jar:/home/runner/.m2/repository/io/netty/netty-codec-dns/4.1.121.Final/netty-codec-dns-4.1.121.Final.jar:/home/runner/.m2/repository/com/fasterxml/jackson/core/jackson-core/2.18.2/jackson-core-2.18.2.jar:"/>
    <property name="sun.cpu.endian" value="little"/>
    <property name="user.home" value="/home/runner"/>
    <property name="user.language" value="en"/>
    <property name="jboss.log-version" value="false"/>
    <property name="java.specification.vendor" value="Oracle Corporation"/>
    <property name="java.version.date" value="2025-07-15"/>
    <property name="java.home" value="/usr/lib/jvm/temurin-17-jdk-amd64"/>
    <property name="file.separator" value="/"/>
    <property name="basedir" value="/home/runner/work/apicurio-testing/apicurio-testing/clusters/ci419/namespaces/ksql043/tests/integration/apicurio-registry/integration-tests"/>
    <property name="java.vm.compressedOopsMode" value="32-bit"/>
    <property name="line.separator" value="&#10;"/>
    <property name="java.specification.name" value="Java Platform API Specification"/>
    <property name="java.vm.specification.vendor" value="Oracle Corporation"/>
    <property name="quarkus.http.test-host" value="registry-app-ksql043.apps.ci419.apicurio-testing.org"/>
    <property name="surefire.real.class.path" value="/home/runner/work/apicurio-testing/apicurio-testing/clusters/ci419/namespaces/ksql043/tests/integration/apicurio-registry/integration-tests/target/surefire/surefirebooter-20250807203451813_3.jar"/>
    <property name="sun.management.compiler" value="HotSpot 64-Bit Tiered Compilers"/>
    <property name="org.eclipse.jetty.http.HttpGenerator.STRICT" value="true"/>
    <property name="java.runtime.version" value="17.0.16+8"/>
    <property name="user.name" value="runner"/>
    <property name="path.separator" value=":"/>
    <property name="os.version" value="6.8.0-1031-azure"/>
    <property name="java.runtime.name" value="OpenJDK Runtime Environment"/>
    <property name="file.encoding" value="UTF-8"/>
    <property name="jnidispatch.path" value="/home/runner/.cache/JNA/temp/jna13361593430769610496.tmp"/>
    <property name="java.vm.name" value="OpenJDK 64-Bit Server VM"/>
    <property name="jna.platform.library.path" value="/usr/lib/x86_64-linux-gnu:/lib/x86_64-linux-gnu:/usr/lib64:/lib64:/usr/lib:/lib:/lib32:/usr/local/lib:/usr/lib/x86_64-linux-gnu/libfakeroot"/>
    <property name="java.vendor.version" value="Temurin-17.0.16+8"/>
    <property name="quarkus.oidc.token-path" value="https://keycloak-ksql043.apps.ci419.apicurio-testing.org/realms/registry/protocol/openid-connect/token"/>
    <property name="quarkus.http.host" value="registry-app-ksql043.apps.ci419.apicurio-testing.org"/>
    <property name="localRepository" value="/home/runner/.m2/repository"/>
    <property name="javax.xml.xpath.XPathFactory:http://java.sun.com/jaxp/xpath/dom" value="com.sun.org.apache.xpath.internal.jaxp.XPathFactoryImpl"/>
    <property name="jna.loaded" value="true"/>
    <property name="java.vendor.url.bug" value="https://github.com/adoptium/adoptium-support/issues"/>
    <property name="jetty.git.hash" value="5bc5e562c8d05c5862505aebe5cf83a61bdbcb96"/>
    <property name="java.io.tmpdir" value="/tmp"/>
    <property name="quarkus.http.test-protocol" value="http"/>
    <property name="java.version" value="17.0.16"/>
    <property name="user.dir" value="/home/runner/work/apicurio-testing/apicurio-testing/clusters/ci419/namespaces/ksql043/tests/integration/apicurio-registry/integration-tests"/>
    <property name="os.arch" value="amd64"/>
    <property name="groups" value="( smoke | serdes | acceptance | ui)"/>
    <property name="java.vm.specification.name" value="Java Virtual Machine Specification"/>
    <property name="native.encoding" value="UTF-8"/>
    <property name="java.util.logging.manager" value="org.jboss.logmanager.LogManager"/>
    <property name="java.library.path" value="/usr/java/packages/lib:/usr/lib64:/lib64:/lib:/usr/lib"/>
    <property name="jdk.console" value="java.base"/>
    <property name="java.vm.info" value="mixed mode, sharing"/>
    <property name="java.vendor" value="Eclipse Adoptium"/>
    <property name="java.vm.version" value="17.0.16+8"/>
    <property name="java.specification.maintenance.version" value="1"/>
    <property name="sun.io.unicode.encoding" value="UnicodeLittle"/>
    <property name="javax.xml.transform.TransformerFactory" value="com.sun.org.apache.xalan.internal.xsltc.trax.TransformerFactoryImpl"/>
    <property name="java.class.version" value="61.0"/>
  </properties>
  <testcase name="testSimpleTopicIdStrategyFindLatest" classname="io.apicurio.tests.serdes.apicurio.JsonSchemaSerdeIT" time="4.848">
    <system-out><![CDATA[**** Registry Base URL: http://registry-app-ksql043.apps.ci419.apicurio-testing.org:80
**** Registry Base URL: http://registry-app-ksql043.apps.ci419.apicurio-testing.org:80
2025-08-07 20:36:47,581 INFO  [io.api.tes.ser.api.JsonSchemaSerdeIT] (main) RestAssured configured with http://registry-app-ksql043.apps.ci419.apicurio-testing.org:80/apis/registry/v3
2025-08-07 20:36:47,624 INFO  [io.api.tes.uti.KafkaFacade] (main) Skipping deployment of kafka, because it's already deployed
2025-08-07 20:36:47,628 INFO  [io.api.tes.uti.TestSeparator] (main) ############################################################################
2025-08-07 20:36:47,628 INFO  [io.api.tes.uti.TestSeparator] (main) io.apicurio.tests.serdes.apicurio.JsonSchemaSerdeIT.testSimpleTopicIdStrategyFindLatest-STARTED
2025-08-07 20:36:47,628 INFO  [org.apa.kaf.cli.adm.AdminClientConfig] (main) AdminClientConfig values: 
	auto.include.jmx.reporter = true
	bootstrap.controllers = []
	bootstrap.servers = [PLAINTEXT://localhost:32769]
	client.dns.lookup = use_all_dns_ips
	client.id = 
	connections.max.idle.ms = 10000
	default.api.timeout.ms = 60000
	enable.metrics.push = true
	metadata.max.age.ms = 300000
	metadata.recovery.strategy = none
	metric.reporters = []
	metrics.num.samples = 2
	metrics.recording.level = INFO
	metrics.sample.window.ms = 30000
	receive.buffer.bytes = 65536
	reconnect.backoff.max.ms = 1000
	reconnect.backoff.ms = 50
	request.timeout.ms = 5000
	retries = 2147483647
	retry.backoff.max.ms = 1000
	retry.backoff.ms = 100
	sasl.client.callback.handler.class = null
	sasl.jaas.config = null
	sasl.kerberos.kinit.cmd = /usr/bin/kinit
	sasl.kerberos.min.time.before.relogin = 60000
	sasl.kerberos.service.name = null
	sasl.kerberos.ticket.renew.jitter = 0.05
	sasl.kerberos.ticket.renew.window.factor = 0.8
	sasl.login.callback.handler.class = null
	sasl.login.class = null
	sasl.login.connect.timeout.ms = null
	sasl.login.read.timeout.ms = null
	sasl.login.refresh.buffer.seconds = 300
	sasl.login.refresh.min.period.seconds = 60
	sasl.login.refresh.window.factor = 0.8
	sasl.login.refresh.window.jitter = 0.05
	sasl.login.retry.backoff.max.ms = 10000
	sasl.login.retry.backoff.ms = 100
	sasl.mechanism = GSSAPI
	sasl.oauthbearer.clock.skew.seconds = 30
	sasl.oauthbearer.expected.audience = null
	sasl.oauthbearer.expected.issuer = null
	sasl.oauthbearer.header.urlencode = false
	sasl.oauthbearer.jwks.endpoint.refresh.ms = 3600000
	sasl.oauthbearer.jwks.endpoint.retry.backoff.max.ms = 10000
	sasl.oauthbearer.jwks.endpoint.retry.backoff.ms = 100
	sasl.oauthbearer.jwks.endpoint.url = null
	sasl.oauthbearer.scope.claim.name = scope
	sasl.oauthbearer.sub.claim.name = sub
	sasl.oauthbearer.token.endpoint.url = null
	security.protocol = PLAINTEXT
	security.providers = null
	send.buffer.bytes = 131072
	socket.connection.setup.timeout.max.ms = 30000
	socket.connection.setup.timeout.ms = 10000
	ssl.cipher.suites = null
	ssl.enabled.protocols = [TLSv1.2, TLSv1.3]
	ssl.endpoint.identification.algorithm = https
	ssl.engine.factory.class = null
	ssl.key.password = null
	ssl.keymanager.algorithm = SunX509
	ssl.keystore.certificate.chain = null
	ssl.keystore.key = null
	ssl.keystore.location = null
	ssl.keystore.password = null
	ssl.keystore.type = JKS
	ssl.protocol = TLSv1.3
	ssl.provider = null
	ssl.secure.random.implementation = null
	ssl.trustmanager.algorithm = PKIX
	ssl.truststore.certificates = null
	ssl.truststore.location = null
	ssl.truststore.password = null
	ssl.truststore.type = JKS

2025-08-07 20:36:47,629 INFO  [org.apa.kaf.com.uti.AppInfoParser] (main) Kafka version: 3.9.1
2025-08-07 20:36:47,629 INFO  [org.apa.kaf.com.uti.AppInfoParser] (main) Kafka commitId: f745dfdcee2b9851
2025-08-07 20:36:47,629 INFO  [org.apa.kaf.com.uti.AppInfoParser] (main) Kafka startTimeMs: 1754599007629
**** Registry Base URL: http://registry-app-ksql043.apps.ci419.apicurio-testing.org:80
2025-08-07 20:36:48,702 INFO  [org.apa.kaf.cli.pro.ProducerConfig] (main) ProducerConfig values: 
	acks = -1
	auto.include.jmx.reporter = true
	batch.size = 16384
	bootstrap.servers = [PLAINTEXT://localhost:32769]
	buffer.memory = 33554432
	client.dns.lookup = use_all_dns_ips
	client.id = Producer-topic-ce0de8b9_4567_4201_9cb0_d366bf51aa0b
	compression.gzip.level = -1
	compression.lz4.level = 9
	compression.type = none
	compression.zstd.level = 3
	connections.max.idle.ms = 10000
	delivery.timeout.ms = 120000
	enable.idempotence = true
	enable.metrics.push = true
	interceptor.classes = []
	key.serializer = class org.apache.kafka.common.serialization.StringSerializer
	linger.ms = 0
	max.block.ms = 60000
	max.in.flight.requests.per.connection = 5
	max.request.size = 1048576
	metadata.max.age.ms = 300000
	metadata.max.idle.ms = 300000
	metadata.recovery.strategy = none
	metric.reporters = []
	metrics.num.samples = 2
	metrics.recording.level = INFO
	metrics.sample.window.ms = 30000
	partitioner.adaptive.partitioning.enable = true
	partitioner.availability.timeout.ms = 0
	partitioner.class = null
	partitioner.ignore.keys = false
	receive.buffer.bytes = 32768
	reconnect.backoff.max.ms = 1000
	reconnect.backoff.ms = 50
	request.timeout.ms = 5000
	retries = 2147483647
	retry.backoff.max.ms = 1000
	retry.backoff.ms = 100
	sasl.client.callback.handler.class = null
	sasl.jaas.config = null
	sasl.kerberos.kinit.cmd = /usr/bin/kinit
	sasl.kerberos.min.time.before.relogin = 60000
	sasl.kerberos.service.name = null
	sasl.kerberos.ticket.renew.jitter = 0.05
	sasl.kerberos.ticket.renew.window.factor = 0.8
	sasl.login.callback.handler.class = null
	sasl.login.class = null
	sasl.login.connect.timeout.ms = null
	sasl.login.read.timeout.ms = null
	sasl.login.refresh.buffer.seconds = 300
	sasl.login.refresh.min.period.seconds = 60
	sasl.login.refresh.window.factor = 0.8
	sasl.login.refresh.window.jitter = 0.05
	sasl.login.retry.backoff.max.ms = 10000
	sasl.login.retry.backoff.ms = 100
	sasl.mechanism = GSSAPI
	sasl.oauthbearer.clock.skew.seconds = 30
	sasl.oauthbearer.expected.audience = null
	sasl.oauthbearer.expected.issuer = null
	sasl.oauthbearer.header.urlencode = false
	sasl.oauthbearer.jwks.endpoint.refresh.ms = 3600000
	sasl.oauthbearer.jwks.endpoint.retry.backoff.max.ms = 10000
	sasl.oauthbearer.jwks.endpoint.retry.backoff.ms = 100
	sasl.oauthbearer.jwks.endpoint.url = null
	sasl.oauthbearer.scope.claim.name = scope
	sasl.oauthbearer.sub.claim.name = sub
	sasl.oauthbearer.token.endpoint.url = null
	security.protocol = PLAINTEXT
	security.providers = null
	send.buffer.bytes = 131072
	socket.connection.setup.timeout.max.ms = 30000
	socket.connection.setup.timeout.ms = 10000
	ssl.cipher.suites = null
	ssl.enabled.protocols = [TLSv1.2, TLSv1.3]
	ssl.endpoint.identification.algorithm = https
	ssl.engine.factory.class = null
	ssl.key.password = null
	ssl.keymanager.algorithm = SunX509
	ssl.keystore.certificate.chain = null
	ssl.keystore.key = null
	ssl.keystore.location = null
	ssl.keystore.password = null
	ssl.keystore.type = JKS
	ssl.protocol = TLSv1.3
	ssl.provider = null
	ssl.secure.random.implementation = null
	ssl.trustmanager.algorithm = PKIX
	ssl.truststore.certificates = null
	ssl.truststore.location = null
	ssl.truststore.password = null
	ssl.truststore.type = JKS
	transaction.timeout.ms = 60000
	transactional.id = null
	value.serializer = class io.apicurio.registry.serde.jsonschema.JsonSchemaKafkaSerializer

2025-08-07 20:36:48,702 INFO  [org.apa.kaf.com.tel.int.KafkaMetricsCollector] (main) initializing Kafka metrics collector
2025-08-07 20:36:48,708 INFO  [org.apa.kaf.cli.pro.KafkaProducer] (main) [Producer clientId=Producer-topic-ce0de8b9_4567_4201_9cb0_d366bf51aa0b] Instantiated an idempotent producer.
2025-08-07 20:36:48,709 INFO  [org.apa.kaf.cli.pro.ProducerConfig] (main) These configurations '[apicurio.registry.url, apicurio.registry.headers.enabled, apicurio.registry.artifact-resolver-strategy]' were supplied but are not used yet.
2025-08-07 20:36:48,709 INFO  [org.apa.kaf.com.uti.AppInfoParser] (main) Kafka version: 3.9.1
2025-08-07 20:36:48,709 INFO  [org.apa.kaf.com.uti.AppInfoParser] (main) Kafka commitId: f745dfdcee2b9851
2025-08-07 20:36:48,709 INFO  [org.apa.kaf.com.uti.AppInfoParser] (main) Kafka startTimeMs: 1754599008709
2025-08-07 20:36:48,709 INFO  [io.api.tes.ser.api.SimpleSerdesTesterBuilder$SimpleSerdesTester] (main) Using producer configuration: {apicurio.registry.url=http://registry-app-ksql043.apps.ci419.apicurio-testing.org:80/apis/registry/v3, apicurio.registry.headers.enabled=true, apicurio.registry.artifact-resolver-strategy=io.apicurio.registry.serde.strategy.SimpleTopicIdStrategy, value.serializer=io.apicurio.registry.serde.jsonschema.JsonSchemaKafkaSerializer, request.timeout.ms=5000, acks=all, bootstrap.servers=PLAINTEXT://localhost:32769, connections.max.idle.ms=10000, key.serializer=org.apache.kafka.common.serialization.StringSerializer, client.id=Producer-topic-ce0de8b9_4567_4201_9cb0_d366bf51aa0b}
2025-08-07 20:36:48,709 INFO  [io.api.tes.ser.api.SimpleSerdesTesterBuilder$SimpleSerdesTester] (main) Using consumer configuration: {apicurio.registry.headers.enabled=true}
2025-08-07 20:36:48,710 INFO  [io.api.tes.ser.api.KafkaSerdesTester] (Thread-749) Sending message io.apicurio.tests.common.serdes.json.ValidMessage@7e1d82cf to topic topic-ce0de8b9_4567_4201_9cb0_d366bf51aa0b
2025-08-07 20:36:48,712 INFO  [org.apa.kaf.cli.Metadata] (kafka-producer-network-thread | Producer-topic-ce0de8b9_4567_4201_9cb0_d366bf51aa0b) [Producer clientId=Producer-topic-ce0de8b9_4567_4201_9cb0_d366bf51aa0b] Cluster ID: 7hmfGG3YTMCno0-sg6ieQg
2025-08-07 20:36:48,713 INFO  [org.apa.kaf.cli.pro.int.TransactionManager] (kafka-producer-network-thread | Producer-topic-ce0de8b9_4567_4201_9cb0_d366bf51aa0b) [Producer clientId=Producer-topic-ce0de8b9_4567_4201_9cb0_d366bf51aa0b] ProducerId set to 26 with epoch 0
2025-08-07 20:36:48,852 INFO  [io.api.tes.ser.api.KafkaSerdesTester] (Thread-749) Sending message io.apicurio.tests.common.serdes.json.ValidMessage@72c9530b to topic topic-ce0de8b9_4567_4201_9cb0_d366bf51aa0b
2025-08-07 20:36:48,854 INFO  [io.api.tes.ser.api.KafkaSerdesTester] (Thread-749) Sending message io.apicurio.tests.common.serdes.json.ValidMessage@61dae137 to topic topic-ce0de8b9_4567_4201_9cb0_d366bf51aa0b
2025-08-07 20:36:48,856 INFO  [io.api.tes.ser.api.KafkaSerdesTester] (Thread-749) Sending message io.apicurio.tests.common.serdes.json.ValidMessage@a9d767b to topic topic-ce0de8b9_4567_4201_9cb0_d366bf51aa0b
2025-08-07 20:36:48,857 INFO  [io.api.tes.ser.api.KafkaSerdesTester] (Thread-749) Sending message io.apicurio.tests.common.serdes.json.ValidMessage@6f3ed00b to topic topic-ce0de8b9_4567_4201_9cb0_d366bf51aa0b
2025-08-07 20:36:48,859 INFO  [io.api.tes.ser.api.KafkaSerdesTester] (Thread-749) Sending message io.apicurio.tests.common.serdes.json.ValidMessage@1d47650f to topic topic-ce0de8b9_4567_4201_9cb0_d366bf51aa0b
2025-08-07 20:36:48,860 INFO  [io.api.tes.ser.api.KafkaSerdesTester] (Thread-749) Sending message io.apicurio.tests.common.serdes.json.ValidMessage@7b2b389 to topic topic-ce0de8b9_4567_4201_9cb0_d366bf51aa0b
2025-08-07 20:36:48,861 INFO  [io.api.tes.ser.api.KafkaSerdesTester] (Thread-749) Sending message io.apicurio.tests.common.serdes.json.ValidMessage@1a1a2e0e to topic topic-ce0de8b9_4567_4201_9cb0_d366bf51aa0b
2025-08-07 20:36:48,863 INFO  [io.api.tes.ser.api.KafkaSerdesTester] (Thread-749) Sending message io.apicurio.tests.common.serdes.json.ValidMessage@3ab78830 to topic topic-ce0de8b9_4567_4201_9cb0_d366bf51aa0b
2025-08-07 20:36:48,865 INFO  [io.api.tes.ser.api.KafkaSerdesTester] (Thread-749) Sending message io.apicurio.tests.common.serdes.json.ValidMessage@573fccd8 to topic topic-ce0de8b9_4567_4201_9cb0_d366bf51aa0b
2025-08-07 20:36:48,869 INFO  [io.api.tes.ser.api.KafkaSerdesTester] (Thread-749) Produced 10 messages
2025-08-07 20:36:48,869 INFO  [org.apa.kaf.cli.pro.KafkaProducer] (Thread-749) [Producer clientId=Producer-topic-ce0de8b9_4567_4201_9cb0_d366bf51aa0b] Closing the Kafka producer with timeoutMillis = 9223372036854775807 ms.
2025-08-07 20:36:48,871 INFO  [org.apa.kaf.com.met.Metrics] (Thread-749) Metrics scheduler closed
2025-08-07 20:36:48,871 INFO  [org.apa.kaf.com.met.Metrics] (Thread-749) Closing reporter org.apache.kafka.common.metrics.JmxReporter
2025-08-07 20:36:48,871 INFO  [org.apa.kaf.com.met.Metrics] (Thread-749) Closing reporter org.apache.kafka.common.telemetry.internals.ClientTelemetryReporter
2025-08-07 20:36:48,871 INFO  [org.apa.kaf.com.met.Metrics] (Thread-749) Metrics reporters closed
2025-08-07 20:36:48,871 INFO  [org.apa.kaf.com.uti.AppInfoParser] (Thread-749) App info kafka.producer for Producer-topic-ce0de8b9_4567_4201_9cb0_d366bf51aa0b unregistered
**** Registry Base URL: http://registry-app-ksql043.apps.ci419.apicurio-testing.org:80
2025-08-07 20:36:48,873 INFO  [org.apa.kaf.cli.con.ConsumerConfig] (main) ConsumerConfig values: 
	allow.auto.create.topics = true
	auto.commit.interval.ms = 500
	auto.include.jmx.reporter = true
	auto.offset.reset = earliest
	bootstrap.servers = [PLAINTEXT://localhost:32769]
	check.crcs = true
	client.dns.lookup = use_all_dns_ips
	client.id = consumer-Consumer-topic-ce0de8b9_4567_4201_9cb0_d366bf51aa0b-19
	client.rack = 
	connections.max.idle.ms = 10000
	default.api.timeout.ms = 60000
	enable.auto.commit = true
	enable.metrics.push = true
	exclude.internal.topics = true
	fetch.max.bytes = 52428800
	fetch.max.wait.ms = 500
	fetch.min.bytes = 1
	group.id = Consumer-topic-ce0de8b9_4567_4201_9cb0_d366bf51aa0b
	group.instance.id = null
	group.protocol = classic
	group.remote.assignor = null
	heartbeat.interval.ms = 3000
	interceptor.classes = []
	internal.leave.group.on.close = true
	internal.throw.on.fetch.stable.offset.unsupported = false
	isolation.level = read_uncommitted
	key.deserializer = class org.apache.kafka.common.serialization.StringDeserializer
	max.partition.fetch.bytes = 1048576
	max.poll.interval.ms = 300000
	max.poll.records = 500
	metadata.max.age.ms = 300000
	metadata.recovery.strategy = none
	metric.reporters = []
	metrics.num.samples = 2
	metrics.recording.level = INFO
	metrics.sample.window.ms = 30000
	partition.assignment.strategy = [class org.apache.kafka.clients.consumer.RangeAssignor, class org.apache.kafka.clients.consumer.CooperativeStickyAssignor]
	receive.buffer.bytes = 65536
	reconnect.backoff.max.ms = 1000
	reconnect.backoff.ms = 50
	request.timeout.ms = 5000
	retry.backoff.max.ms = 1000
	retry.backoff.ms = 100
	sasl.client.callback.handler.class = null
	sasl.jaas.config = null
	sasl.kerberos.kinit.cmd = /usr/bin/kinit
	sasl.kerberos.min.time.before.relogin = 60000
	sasl.kerberos.service.name = null
	sasl.kerberos.ticket.renew.jitter = 0.05
	sasl.kerberos.ticket.renew.window.factor = 0.8
	sasl.login.callback.handler.class = null
	sasl.login.class = null
	sasl.login.connect.timeout.ms = null
	sasl.login.read.timeout.ms = null
	sasl.login.refresh.buffer.seconds = 300
	sasl.login.refresh.min.period.seconds = 60
	sasl.login.refresh.window.factor = 0.8
	sasl.login.refresh.window.jitter = 0.05
	sasl.login.retry.backoff.max.ms = 10000
	sasl.login.retry.backoff.ms = 100
	sasl.mechanism = GSSAPI
	sasl.oauthbearer.clock.skew.seconds = 30
	sasl.oauthbearer.expected.audience = null
	sasl.oauthbearer.expected.issuer = null
	sasl.oauthbearer.header.urlencode = false
	sasl.oauthbearer.jwks.endpoint.refresh.ms = 3600000
	sasl.oauthbearer.jwks.endpoint.retry.backoff.max.ms = 10000
	sasl.oauthbearer.jwks.endpoint.retry.backoff.ms = 100
	sasl.oauthbearer.jwks.endpoint.url = null
	sasl.oauthbearer.scope.claim.name = scope
	sasl.oauthbearer.sub.claim.name = sub
	sasl.oauthbearer.token.endpoint.url = null
	security.protocol = PLAINTEXT
	security.providers = null
	send.buffer.bytes = 131072
	session.timeout.ms = 45000
	socket.connection.setup.timeout.max.ms = 30000
	socket.connection.setup.timeout.ms = 10000
	ssl.cipher.suites = null
	ssl.enabled.protocols = [TLSv1.2, TLSv1.3]
	ssl.endpoint.identification.algorithm = https
	ssl.engine.factory.class = null
	ssl.key.password = null
	ssl.keymanager.algorithm = SunX509
	ssl.keystore.certificate.chain = null
	ssl.keystore.key = null
	ssl.keystore.location = null
	ssl.keystore.password = null
	ssl.keystore.type = JKS
	ssl.protocol = TLSv1.3
	ssl.provider = null
	ssl.secure.random.implementation = null
	ssl.trustmanager.algorithm = PKIX
	ssl.truststore.certificates = null
	ssl.truststore.location = null
	ssl.truststore.password = null
	ssl.truststore.type = JKS
	value.deserializer = class io.apicurio.registry.serde.jsonschema.JsonSchemaKafkaDeserializer

2025-08-07 20:36:48,873 INFO  [org.apa.kaf.com.tel.int.KafkaMetricsCollector] (main) initializing Kafka metrics collector
2025-08-07 20:36:48,889 INFO  [org.apa.kaf.cli.con.ConsumerConfig] (main) These configurations '[apicurio.registry.url, apicurio.registry.headers.enabled]' were supplied but are not used yet.
2025-08-07 20:36:48,889 INFO  [org.apa.kaf.com.uti.AppInfoParser] (main) Kafka version: 3.9.1
2025-08-07 20:36:48,889 INFO  [org.apa.kaf.com.uti.AppInfoParser] (main) Kafka commitId: f745dfdcee2b9851
2025-08-07 20:36:48,889 INFO  [org.apa.kaf.com.uti.AppInfoParser] (main) Kafka startTimeMs: 1754599008889
2025-08-07 20:36:48,890 INFO  [org.apa.kaf.cli.con.int.ClassicKafkaConsumer] (Thread-752) [Consumer clientId=consumer-Consumer-topic-ce0de8b9_4567_4201_9cb0_d366bf51aa0b-19, groupId=Consumer-topic-ce0de8b9_4567_4201_9cb0_d366bf51aa0b] Subscribed to topic(s): topic-ce0de8b9_4567_4201_9cb0_d366bf51aa0b
2025-08-07 20:36:48,893 INFO  [org.apa.kaf.cli.Metadata] (Thread-752) [Consumer clientId=consumer-Consumer-topic-ce0de8b9_4567_4201_9cb0_d366bf51aa0b-19, groupId=Consumer-topic-ce0de8b9_4567_4201_9cb0_d366bf51aa0b] Cluster ID: 7hmfGG3YTMCno0-sg6ieQg
2025-08-07 20:36:48,897 INFO  [org.apa.kaf.cli.con.int.ConsumerCoordinator] (Thread-752) [Consumer clientId=consumer-Consumer-topic-ce0de8b9_4567_4201_9cb0_d366bf51aa0b-19, groupId=Consumer-topic-ce0de8b9_4567_4201_9cb0_d366bf51aa0b] Discovered group coordinator localhost:32769 (id: 2147483647 rack: null)
2025-08-07 20:36:48,898 INFO  [org.apa.kaf.cli.con.int.ConsumerCoordinator] (Thread-752) [Consumer clientId=consumer-Consumer-topic-ce0de8b9_4567_4201_9cb0_d366bf51aa0b-19, groupId=Consumer-topic-ce0de8b9_4567_4201_9cb0_d366bf51aa0b] (Re-)joining group
2025-08-07 20:36:48,903 INFO  [org.apa.kaf.cli.con.int.ConsumerCoordinator] (Thread-752) [Consumer clientId=consumer-Consumer-topic-ce0de8b9_4567_4201_9cb0_d366bf51aa0b-19, groupId=Consumer-topic-ce0de8b9_4567_4201_9cb0_d366bf51aa0b] Request joining group due to: need to re-join with the given member-id: consumer-Consumer-topic-ce0de8b9_4567_4201_9cb0_d366bf51aa0b-19-a1b9732e-ea11-49e8-857e-a980c7173d16
2025-08-07 20:36:48,903 INFO  [org.apa.kaf.cli.con.int.ConsumerCoordinator] (Thread-752) [Consumer clientId=consumer-Consumer-topic-ce0de8b9_4567_4201_9cb0_d366bf51aa0b-19, groupId=Consumer-topic-ce0de8b9_4567_4201_9cb0_d366bf51aa0b] (Re-)joining group
2025-08-07 20:36:49,890 INFO  [io.api.tes.ser.api.KafkaSerdesTester] (Thread-752) None found
2025-08-07 20:36:50,890 INFO  [io.api.tes.ser.api.KafkaSerdesTester] (Thread-752) None found
2025-08-07 20:36:51,890 INFO  [io.api.tes.ser.api.KafkaSerdesTester] (Thread-752) None found
2025-08-07 20:36:51,905 INFO  [org.apa.kaf.cli.con.int.ConsumerCoordinator] (Thread-752) [Consumer clientId=consumer-Consumer-topic-ce0de8b9_4567_4201_9cb0_d366bf51aa0b-19, groupId=Consumer-topic-ce0de8b9_4567_4201_9cb0_d366bf51aa0b] Successfully joined group with generation Generation{generationId=1, memberId='consumer-Consumer-topic-ce0de8b9_4567_4201_9cb0_d366bf51aa0b-19-a1b9732e-ea11-49e8-857e-a980c7173d16', protocol='range'}
2025-08-07 20:36:51,905 INFO  [org.apa.kaf.cli.con.int.ConsumerCoordinator] (Thread-752) [Consumer clientId=consumer-Consumer-topic-ce0de8b9_4567_4201_9cb0_d366bf51aa0b-19, groupId=Consumer-topic-ce0de8b9_4567_4201_9cb0_d366bf51aa0b] Finished assignment for group at generation 1: {consumer-Consumer-topic-ce0de8b9_4567_4201_9cb0_d366bf51aa0b-19-a1b9732e-ea11-49e8-857e-a980c7173d16=Assignment(partitions=[topic-ce0de8b9_4567_4201_9cb0_d366bf51aa0b-0])}
2025-08-07 20:36:51,912 INFO  [org.apa.kaf.cli.con.int.ConsumerCoordinator] (Thread-752) [Consumer clientId=consumer-Consumer-topic-ce0de8b9_4567_4201_9cb0_d366bf51aa0b-19, groupId=Consumer-topic-ce0de8b9_4567_4201_9cb0_d366bf51aa0b] Successfully synced group in generation Generation{generationId=1, memberId='consumer-Consumer-topic-ce0de8b9_4567_4201_9cb0_d366bf51aa0b-19-a1b9732e-ea11-49e8-857e-a980c7173d16', protocol='range'}
2025-08-07 20:36:51,912 INFO  [org.apa.kaf.cli.con.int.ConsumerCoordinator] (Thread-752) [Consumer clientId=consumer-Consumer-topic-ce0de8b9_4567_4201_9cb0_d366bf51aa0b-19, groupId=Consumer-topic-ce0de8b9_4567_4201_9cb0_d366bf51aa0b] Notifying assignor about the new Assignment(partitions=[topic-ce0de8b9_4567_4201_9cb0_d366bf51aa0b-0])
2025-08-07 20:36:51,912 INFO  [org.apa.kaf.cli.con.int.ConsumerRebalanceListenerInvoker] (Thread-752) [Consumer clientId=consumer-Consumer-topic-ce0de8b9_4567_4201_9cb0_d366bf51aa0b-19, groupId=Consumer-topic-ce0de8b9_4567_4201_9cb0_d366bf51aa0b] Adding newly assigned partitions: topic-ce0de8b9_4567_4201_9cb0_d366bf51aa0b-0
2025-08-07 20:36:51,913 INFO  [org.apa.kaf.cli.con.int.ConsumerCoordinator] (Thread-752) [Consumer clientId=consumer-Consumer-topic-ce0de8b9_4567_4201_9cb0_d366bf51aa0b-19, groupId=Consumer-topic-ce0de8b9_4567_4201_9cb0_d366bf51aa0b] Found no committed offset for partition topic-ce0de8b9_4567_4201_9cb0_d366bf51aa0b-0
2025-08-07 20:36:51,915 INFO  [org.apa.kaf.cli.con.int.SubscriptionState] (Thread-752) [Consumer clientId=consumer-Consumer-topic-ce0de8b9_4567_4201_9cb0_d366bf51aa0b-19, groupId=Consumer-topic-ce0de8b9_4567_4201_9cb0_d366bf51aa0b] Resetting offset for partition topic-ce0de8b9_4567_4201_9cb0_d366bf51aa0b-0 to position FetchPosition{offset=0, offsetEpoch=Optional.empty, currentLeader=LeaderAndEpoch{leader=Optional[localhost:32769 (id: 0 rack: null)], epoch=0}}.
2025-08-07 20:36:51,967 INFO  [io.api.tes.ser.api.KafkaSerdesTester] (Thread-752) topic-ce0de8b9_4567_4201_9cb0_d366bf51aa0b 0 0 io.apicurio.tests.common.serdes.json.ValidMessage@3a4d5f7a
2025-08-07 20:36:51,967 INFO  [io.api.tes.ser.api.KafkaSerdesTester] (Thread-752) topic-ce0de8b9_4567_4201_9cb0_d366bf51aa0b 0 1 io.apicurio.tests.common.serdes.json.ValidMessage@5bad8ad8
2025-08-07 20:36:51,967 INFO  [io.api.tes.ser.api.KafkaSerdesTester] (Thread-752) topic-ce0de8b9_4567_4201_9cb0_d366bf51aa0b 0 2 io.apicurio.tests.common.serdes.json.ValidMessage@7043c8cb
2025-08-07 20:36:51,967 INFO  [io.api.tes.ser.api.KafkaSerdesTester] (Thread-752) topic-ce0de8b9_4567_4201_9cb0_d366bf51aa0b 0 3 io.apicurio.tests.common.serdes.json.ValidMessage@19dbbd11
2025-08-07 20:36:51,967 INFO  [io.api.tes.ser.api.KafkaSerdesTester] (Thread-752) topic-ce0de8b9_4567_4201_9cb0_d366bf51aa0b 0 4 io.apicurio.tests.common.serdes.json.ValidMessage@49bd87df
2025-08-07 20:36:51,967 INFO  [io.api.tes.ser.api.KafkaSerdesTester] (Thread-752) topic-ce0de8b9_4567_4201_9cb0_d366bf51aa0b 0 5 io.apicurio.tests.common.serdes.json.ValidMessage@7e712f7a
2025-08-07 20:36:51,967 INFO  [io.api.tes.ser.api.KafkaSerdesTester] (Thread-752) topic-ce0de8b9_4567_4201_9cb0_d366bf51aa0b 0 6 io.apicurio.tests.common.serdes.json.ValidMessage@109aa5ef
2025-08-07 20:36:51,967 INFO  [io.api.tes.ser.api.KafkaSerdesTester] (Thread-752) topic-ce0de8b9_4567_4201_9cb0_d366bf51aa0b 0 7 io.apicurio.tests.common.serdes.json.ValidMessage@546da1d8
2025-08-07 20:36:51,967 INFO  [io.api.tes.ser.api.KafkaSerdesTester] (Thread-752) topic-ce0de8b9_4567_4201_9cb0_d366bf51aa0b 0 8 io.apicurio.tests.common.serdes.json.ValidMessage@71cb47f5
2025-08-07 20:36:51,967 INFO  [io.api.tes.ser.api.KafkaSerdesTester] (Thread-752) topic-ce0de8b9_4567_4201_9cb0_d366bf51aa0b 0 9 io.apicurio.tests.common.serdes.json.ValidMessage@6b6ac49
2025-08-07 20:36:51,967 INFO  [io.api.tes.ser.api.KafkaSerdesTester] (Thread-752) Consumed 10 messages
2025-08-07 20:36:51,974 INFO  [org.apa.kaf.cli.con.int.ConsumerRebalanceListenerInvoker] (Thread-752) [Consumer clientId=consumer-Consumer-topic-ce0de8b9_4567_4201_9cb0_d366bf51aa0b-19, groupId=Consumer-topic-ce0de8b9_4567_4201_9cb0_d366bf51aa0b] Revoke previously assigned partitions topic-ce0de8b9_4567_4201_9cb0_d366bf51aa0b-0
2025-08-07 20:36:51,974 INFO  [org.apa.kaf.cli.con.int.ConsumerCoordinator] (Thread-752) [Consumer clientId=consumer-Consumer-topic-ce0de8b9_4567_4201_9cb0_d366bf51aa0b-19, groupId=Consumer-topic-ce0de8b9_4567_4201_9cb0_d366bf51aa0b] Member consumer-Consumer-topic-ce0de8b9_4567_4201_9cb0_d366bf51aa0b-19-a1b9732e-ea11-49e8-857e-a980c7173d16 sending LeaveGroup request to coordinator localhost:32769 (id: 2147483647 rack: null) due to the consumer is being closed
2025-08-07 20:36:51,974 INFO  [org.apa.kaf.cli.con.int.ConsumerCoordinator] (Thread-752) [Consumer clientId=consumer-Consumer-topic-ce0de8b9_4567_4201_9cb0_d366bf51aa0b-19, groupId=Consumer-topic-ce0de8b9_4567_4201_9cb0_d366bf51aa0b] Resetting generation and member id due to: consumer pro-actively leaving the group
2025-08-07 20:36:51,974 INFO  [org.apa.kaf.cli.con.int.ConsumerCoordinator] (Thread-752) [Consumer clientId=consumer-Consumer-topic-ce0de8b9_4567_4201_9cb0_d366bf51aa0b-19, groupId=Consumer-topic-ce0de8b9_4567_4201_9cb0_d366bf51aa0b] Request joining group due to: consumer pro-actively leaving the group
2025-08-07 20:36:52,470 INFO  [org.apa.kaf.com.met.Metrics] (Thread-752) Metrics scheduler closed
2025-08-07 20:36:52,470 INFO  [org.apa.kaf.com.met.Metrics] (Thread-752) Closing reporter org.apache.kafka.common.metrics.JmxReporter
2025-08-07 20:36:52,470 INFO  [org.apa.kaf.com.met.Metrics] (Thread-752) Closing reporter org.apache.kafka.common.telemetry.internals.ClientTelemetryReporter
2025-08-07 20:36:52,470 INFO  [org.apa.kaf.com.met.Metrics] (Thread-752) Metrics reporters closed
2025-08-07 20:36:52,471 INFO  [org.apa.kaf.com.uti.AppInfoParser] (Thread-752) App info kafka.consumer for consumer-Consumer-topic-ce0de8b9_4567_4201_9cb0_d366bf51aa0b-19 unregistered
2025-08-07 20:36:52,472 INFO  [io.api.tes.uti.TestSeparator] (main) io.apicurio.tests.serdes.apicurio.JsonSchemaSerdeIT.testSimpleTopicIdStrategyFindLatest-FINISHED
2025-08-07 20:36:52,472 INFO  [io.api.tes.uti.TestSeparator] (main) ############################################################################
Test passed: testSimpleTopicIdStrategyFindLatest
]]></system-out>
  </testcase>
  <testcase name="testDefaultFallback" classname="io.apicurio.tests.serdes.apicurio.JsonSchemaSerdeIT" time="4.717">
    <system-out><![CDATA[2025-08-07 20:36:52,473 INFO  [io.api.tes.uti.TestSeparator] (main) ############################################################################
2025-08-07 20:36:52,473 INFO  [io.api.tes.uti.TestSeparator] (main) io.apicurio.tests.serdes.apicurio.JsonSchemaSerdeIT.testDefaultFallback-STARTED
**** Registry Base URL: http://registry-app-ksql043.apps.ci419.apicurio-testing.org:80
2025-08-07 20:36:53,548 INFO  [org.apa.kaf.cli.pro.ProducerConfig] (main) ProducerConfig values: 
	acks = -1
	auto.include.jmx.reporter = true
	batch.size = 16384
	bootstrap.servers = [PLAINTEXT://localhost:32769]
	buffer.memory = 33554432
	client.dns.lookup = use_all_dns_ips
	client.id = Producer-topic-9191bdbf_c29f_49cf_9e30_50415316eaa1
	compression.gzip.level = -1
	compression.lz4.level = 9
	compression.type = none
	compression.zstd.level = 3
	connections.max.idle.ms = 10000
	delivery.timeout.ms = 120000
	enable.idempotence = true
	enable.metrics.push = true
	interceptor.classes = []
	key.serializer = class org.apache.kafka.common.serialization.StringSerializer
	linger.ms = 0
	max.block.ms = 60000
	max.in.flight.requests.per.connection = 5
	max.request.size = 1048576
	metadata.max.age.ms = 300000
	metadata.max.idle.ms = 300000
	metadata.recovery.strategy = none
	metric.reporters = []
	metrics.num.samples = 2
	metrics.recording.level = INFO
	metrics.sample.window.ms = 30000
	partitioner.adaptive.partitioning.enable = true
	partitioner.availability.timeout.ms = 0
	partitioner.class = null
	partitioner.ignore.keys = false
	receive.buffer.bytes = 32768
	reconnect.backoff.max.ms = 1000
	reconnect.backoff.ms = 50
	request.timeout.ms = 5000
	retries = 2147483647
	retry.backoff.max.ms = 1000
	retry.backoff.ms = 100
	sasl.client.callback.handler.class = null
	sasl.jaas.config = null
	sasl.kerberos.kinit.cmd = /usr/bin/kinit
	sasl.kerberos.min.time.before.relogin = 60000
	sasl.kerberos.service.name = null
	sasl.kerberos.ticket.renew.jitter = 0.05
	sasl.kerberos.ticket.renew.window.factor = 0.8
	sasl.login.callback.handler.class = null
	sasl.login.class = null
	sasl.login.connect.timeout.ms = null
	sasl.login.read.timeout.ms = null
	sasl.login.refresh.buffer.seconds = 300
	sasl.login.refresh.min.period.seconds = 60
	sasl.login.refresh.window.factor = 0.8
	sasl.login.refresh.window.jitter = 0.05
	sasl.login.retry.backoff.max.ms = 10000
	sasl.login.retry.backoff.ms = 100
	sasl.mechanism = GSSAPI
	sasl.oauthbearer.clock.skew.seconds = 30
	sasl.oauthbearer.expected.audience = null
	sasl.oauthbearer.expected.issuer = null
	sasl.oauthbearer.header.urlencode = false
	sasl.oauthbearer.jwks.endpoint.refresh.ms = 3600000
	sasl.oauthbearer.jwks.endpoint.retry.backoff.max.ms = 10000
	sasl.oauthbearer.jwks.endpoint.retry.backoff.ms = 100
	sasl.oauthbearer.jwks.endpoint.url = null
	sasl.oauthbearer.scope.claim.name = scope
	sasl.oauthbearer.sub.claim.name = sub
	sasl.oauthbearer.token.endpoint.url = null
	security.protocol = PLAINTEXT
	security.providers = null
	send.buffer.bytes = 131072
	socket.connection.setup.timeout.max.ms = 30000
	socket.connection.setup.timeout.ms = 10000
	ssl.cipher.suites = null
	ssl.enabled.protocols = [TLSv1.2, TLSv1.3]
	ssl.endpoint.identification.algorithm = https
	ssl.engine.factory.class = null
	ssl.key.password = null
	ssl.keymanager.algorithm = SunX509
	ssl.keystore.certificate.chain = null
	ssl.keystore.key = null
	ssl.keystore.location = null
	ssl.keystore.password = null
	ssl.keystore.type = JKS
	ssl.protocol = TLSv1.3
	ssl.provider = null
	ssl.secure.random.implementation = null
	ssl.trustmanager.algorithm = PKIX
	ssl.truststore.certificates = null
	ssl.truststore.location = null
	ssl.truststore.password = null
	ssl.truststore.type = JKS
	transaction.timeout.ms = 60000
	transactional.id = null
	value.serializer = class org.apache.kafka.connect.json.JsonSerializer

2025-08-07 20:36:53,548 INFO  [org.apa.kaf.com.tel.int.KafkaMetricsCollector] (main) initializing Kafka metrics collector
2025-08-07 20:36:53,549 INFO  [org.apa.kaf.cli.pro.KafkaProducer] (main) [Producer clientId=Producer-topic-9191bdbf_c29f_49cf_9e30_50415316eaa1] Instantiated an idempotent producer.
2025-08-07 20:36:53,551 INFO  [org.apa.kaf.cli.pro.ProducerConfig] (main) These configurations '[apicurio.registry.url, apicurio.registry.artifact-resolver-strategy]' were supplied but are not used yet.
2025-08-07 20:36:53,551 INFO  [org.apa.kaf.com.uti.AppInfoParser] (main) Kafka version: 3.9.1
2025-08-07 20:36:53,551 INFO  [org.apa.kaf.com.uti.AppInfoParser] (main) Kafka commitId: f745dfdcee2b9851
2025-08-07 20:36:53,551 INFO  [org.apa.kaf.com.uti.AppInfoParser] (main) Kafka startTimeMs: 1754599013551
2025-08-07 20:36:53,551 INFO  [io.api.tes.ser.api.SimpleSerdesTesterBuilder$SimpleSerdesTester] (main) Using producer configuration: {apicurio.registry.url=http://registry-app-ksql043.apps.ci419.apicurio-testing.org:80/apis/registry/v3, apicurio.registry.artifact-resolver-strategy=io.apicurio.registry.serde.strategy.SimpleTopicIdStrategy, value.serializer=org.apache.kafka.connect.json.JsonSerializer, request.timeout.ms=5000, acks=all, bootstrap.servers=PLAINTEXT://localhost:32769, connections.max.idle.ms=10000, key.serializer=org.apache.kafka.common.serialization.StringSerializer, client.id=Producer-topic-9191bdbf_c29f_49cf_9e30_50415316eaa1}
2025-08-07 20:36:53,551 INFO  [io.api.tes.ser.api.SimpleSerdesTesterBuilder$SimpleSerdesTester] (main) Using consumer configuration: {apicurio.registry.deserializer.value.return-class=io.apicurio.tests.common.serdes.json.ValidMessage, apicurio.registry.fallback.group-id=s6a35f70cxe798x4d21xacf3xb1d45a1cc95e, apicurio.registry.fallback.artifact-id=sbe3a66a7xfd9dx4e10xaadax0894ca70aab6}
2025-08-07 20:36:53,554 INFO  [io.api.tes.ser.api.KafkaSerdesTester] (Thread-753) Sending message {"message":"Hello 0","time":1754599013553} to topic topic-9191bdbf_c29f_49cf_9e30_50415316eaa1
2025-08-07 20:36:53,556 INFO  [org.apa.kaf.cli.Metadata] (kafka-producer-network-thread | Producer-topic-9191bdbf_c29f_49cf_9e30_50415316eaa1) [Producer clientId=Producer-topic-9191bdbf_c29f_49cf_9e30_50415316eaa1] Cluster ID: 7hmfGG3YTMCno0-sg6ieQg
2025-08-07 20:36:53,556 INFO  [org.apa.kaf.cli.pro.int.TransactionManager] (kafka-producer-network-thread | Producer-topic-9191bdbf_c29f_49cf_9e30_50415316eaa1) [Producer clientId=Producer-topic-9191bdbf_c29f_49cf_9e30_50415316eaa1] ProducerId set to 27 with epoch 0
2025-08-07 20:36:53,562 INFO  [io.api.tes.ser.api.KafkaSerdesTester] (Thread-753) Sending message {"message":"Hello 1","time":1754599013561} to topic topic-9191bdbf_c29f_49cf_9e30_50415316eaa1
2025-08-07 20:36:53,565 INFO  [io.api.tes.ser.api.KafkaSerdesTester] (Thread-753) Sending message {"message":"Hello 2","time":1754599013564} to topic topic-9191bdbf_c29f_49cf_9e30_50415316eaa1
2025-08-07 20:36:53,567 INFO  [io.api.tes.ser.api.KafkaSerdesTester] (Thread-753) Sending message {"message":"Hello 3","time":1754599013566} to topic topic-9191bdbf_c29f_49cf_9e30_50415316eaa1
2025-08-07 20:36:53,569 INFO  [io.api.tes.ser.api.KafkaSerdesTester] (Thread-753) Sending message {"message":"Hello 4","time":1754599013568} to topic topic-9191bdbf_c29f_49cf_9e30_50415316eaa1
2025-08-07 20:36:53,571 INFO  [io.api.tes.ser.api.KafkaSerdesTester] (Thread-753) Sending message {"message":"Hello 5","time":1754599013570} to topic topic-9191bdbf_c29f_49cf_9e30_50415316eaa1
2025-08-07 20:36:53,573 INFO  [io.api.tes.ser.api.KafkaSerdesTester] (Thread-753) Sending message {"message":"Hello 6","time":1754599013572} to topic topic-9191bdbf_c29f_49cf_9e30_50415316eaa1
2025-08-07 20:36:53,575 INFO  [io.api.tes.ser.api.KafkaSerdesTester] (Thread-753) Sending message {"message":"Hello 7","time":1754599013574} to topic topic-9191bdbf_c29f_49cf_9e30_50415316eaa1
2025-08-07 20:36:53,576 INFO  [io.api.tes.ser.api.KafkaSerdesTester] (Thread-753) Sending message {"message":"Hello 8","time":1754599013576} to topic topic-9191bdbf_c29f_49cf_9e30_50415316eaa1
2025-08-07 20:36:53,579 INFO  [io.api.tes.ser.api.KafkaSerdesTester] (Thread-753) Sending message {"message":"Hello 9","time":1754599013579} to topic topic-9191bdbf_c29f_49cf_9e30_50415316eaa1
2025-08-07 20:36:53,580 INFO  [io.api.tes.ser.api.KafkaSerdesTester] (Thread-753) Produced 10 messages
2025-08-07 20:36:53,580 INFO  [org.apa.kaf.cli.pro.KafkaProducer] (Thread-753) [Producer clientId=Producer-topic-9191bdbf_c29f_49cf_9e30_50415316eaa1] Closing the Kafka producer with timeoutMillis = 9223372036854775807 ms.
2025-08-07 20:36:53,583 INFO  [org.apa.kaf.com.met.Metrics] (Thread-753) Metrics scheduler closed
2025-08-07 20:36:53,583 INFO  [org.apa.kaf.com.met.Metrics] (Thread-753) Closing reporter org.apache.kafka.common.metrics.JmxReporter
2025-08-07 20:36:53,583 INFO  [org.apa.kaf.com.met.Metrics] (Thread-753) Closing reporter org.apache.kafka.common.telemetry.internals.ClientTelemetryReporter
2025-08-07 20:36:53,583 INFO  [org.apa.kaf.com.met.Metrics] (Thread-753) Metrics reporters closed
2025-08-07 20:36:53,583 INFO  [org.apa.kaf.com.uti.AppInfoParser] (Thread-753) App info kafka.producer for Producer-topic-9191bdbf_c29f_49cf_9e30_50415316eaa1 unregistered
**** Registry Base URL: http://registry-app-ksql043.apps.ci419.apicurio-testing.org:80
2025-08-07 20:36:53,583 INFO  [org.apa.kaf.cli.con.ConsumerConfig] (main) ConsumerConfig values: 
	allow.auto.create.topics = true
	auto.commit.interval.ms = 500
	auto.include.jmx.reporter = true
	auto.offset.reset = earliest
	bootstrap.servers = [PLAINTEXT://localhost:32769]
	check.crcs = true
	client.dns.lookup = use_all_dns_ips
	client.id = consumer-Consumer-topic-9191bdbf_c29f_49cf_9e30_50415316eaa1-20
	client.rack = 
	connections.max.idle.ms = 10000
	default.api.timeout.ms = 60000
	enable.auto.commit = true
	enable.metrics.push = true
	exclude.internal.topics = true
	fetch.max.bytes = 52428800
	fetch.max.wait.ms = 500
	fetch.min.bytes = 1
	group.id = Consumer-topic-9191bdbf_c29f_49cf_9e30_50415316eaa1
	group.instance.id = null
	group.protocol = classic
	group.remote.assignor = null
	heartbeat.interval.ms = 3000
	interceptor.classes = []
	internal.leave.group.on.close = true
	internal.throw.on.fetch.stable.offset.unsupported = false
	isolation.level = read_uncommitted
	key.deserializer = class org.apache.kafka.common.serialization.StringDeserializer
	max.partition.fetch.bytes = 1048576
	max.poll.interval.ms = 300000
	max.poll.records = 500
	metadata.max.age.ms = 300000
	metadata.recovery.strategy = none
	metric.reporters = []
	metrics.num.samples = 2
	metrics.recording.level = INFO
	metrics.sample.window.ms = 30000
	partition.assignment.strategy = [class org.apache.kafka.clients.consumer.RangeAssignor, class org.apache.kafka.clients.consumer.CooperativeStickyAssignor]
	receive.buffer.bytes = 65536
	reconnect.backoff.max.ms = 1000
	reconnect.backoff.ms = 50
	request.timeout.ms = 5000
	retry.backoff.max.ms = 1000
	retry.backoff.ms = 100
	sasl.client.callback.handler.class = null
	sasl.jaas.config = null
	sasl.kerberos.kinit.cmd = /usr/bin/kinit
	sasl.kerberos.min.time.before.relogin = 60000
	sasl.kerberos.service.name = null
	sasl.kerberos.ticket.renew.jitter = 0.05
	sasl.kerberos.ticket.renew.window.factor = 0.8
	sasl.login.callback.handler.class = null
	sasl.login.class = null
	sasl.login.connect.timeout.ms = null
	sasl.login.read.timeout.ms = null
	sasl.login.refresh.buffer.seconds = 300
	sasl.login.refresh.min.period.seconds = 60
	sasl.login.refresh.window.factor = 0.8
	sasl.login.refresh.window.jitter = 0.05
	sasl.login.retry.backoff.max.ms = 10000
	sasl.login.retry.backoff.ms = 100
	sasl.mechanism = GSSAPI
	sasl.oauthbearer.clock.skew.seconds = 30
	sasl.oauthbearer.expected.audience = null
	sasl.oauthbearer.expected.issuer = null
	sasl.oauthbearer.header.urlencode = false
	sasl.oauthbearer.jwks.endpoint.refresh.ms = 3600000
	sasl.oauthbearer.jwks.endpoint.retry.backoff.max.ms = 10000
	sasl.oauthbearer.jwks.endpoint.retry.backoff.ms = 100
	sasl.oauthbearer.jwks.endpoint.url = null
	sasl.oauthbearer.scope.claim.name = scope
	sasl.oauthbearer.sub.claim.name = sub
	sasl.oauthbearer.token.endpoint.url = null
	security.protocol = PLAINTEXT
	security.providers = null
	send.buffer.bytes = 131072
	session.timeout.ms = 45000
	socket.connection.setup.timeout.max.ms = 30000
	socket.connection.setup.timeout.ms = 10000
	ssl.cipher.suites = null
	ssl.enabled.protocols = [TLSv1.2, TLSv1.3]
	ssl.endpoint.identification.algorithm = https
	ssl.engine.factory.class = null
	ssl.key.password = null
	ssl.keymanager.algorithm = SunX509
	ssl.keystore.certificate.chain = null
	ssl.keystore.key = null
	ssl.keystore.location = null
	ssl.keystore.password = null
	ssl.keystore.type = JKS
	ssl.protocol = TLSv1.3
	ssl.provider = null
	ssl.secure.random.implementation = null
	ssl.trustmanager.algorithm = PKIX
	ssl.truststore.certificates = null
	ssl.truststore.location = null
	ssl.truststore.password = null
	ssl.truststore.type = JKS
	value.deserializer = class io.apicurio.registry.serde.jsonschema.JsonSchemaKafkaDeserializer

2025-08-07 20:36:53,584 INFO  [org.apa.kaf.com.tel.int.KafkaMetricsCollector] (main) initializing Kafka metrics collector
2025-08-07 20:36:53,591 INFO  [org.apa.kaf.cli.con.ConsumerConfig] (main) These configurations '[apicurio.registry.deserializer.value.return-class, apicurio.registry.fallback.artifact-id, apicurio.registry.url, apicurio.registry.fallback.group-id]' were supplied but are not used yet.
2025-08-07 20:36:53,591 INFO  [org.apa.kaf.com.uti.AppInfoParser] (main) Kafka version: 3.9.1
2025-08-07 20:36:53,591 INFO  [org.apa.kaf.com.uti.AppInfoParser] (main) Kafka commitId: f745dfdcee2b9851
2025-08-07 20:36:53,591 INFO  [org.apa.kaf.com.uti.AppInfoParser] (main) Kafka startTimeMs: 1754599013591
2025-08-07 20:36:53,592 INFO  [org.apa.kaf.cli.con.int.ClassicKafkaConsumer] (Thread-756) [Consumer clientId=consumer-Consumer-topic-9191bdbf_c29f_49cf_9e30_50415316eaa1-20, groupId=Consumer-topic-9191bdbf_c29f_49cf_9e30_50415316eaa1] Subscribed to topic(s): topic-9191bdbf_c29f_49cf_9e30_50415316eaa1
2025-08-07 20:36:53,600 INFO  [org.apa.kaf.cli.Metadata] (Thread-756) [Consumer clientId=consumer-Consumer-topic-9191bdbf_c29f_49cf_9e30_50415316eaa1-20, groupId=Consumer-topic-9191bdbf_c29f_49cf_9e30_50415316eaa1] Cluster ID: 7hmfGG3YTMCno0-sg6ieQg
2025-08-07 20:36:53,600 INFO  [org.apa.kaf.cli.con.int.ConsumerCoordinator] (Thread-756) [Consumer clientId=consumer-Consumer-topic-9191bdbf_c29f_49cf_9e30_50415316eaa1-20, groupId=Consumer-topic-9191bdbf_c29f_49cf_9e30_50415316eaa1] Discovered group coordinator localhost:32769 (id: 2147483647 rack: null)
2025-08-07 20:36:53,603 INFO  [org.apa.kaf.cli.con.int.ConsumerCoordinator] (Thread-756) [Consumer clientId=consumer-Consumer-topic-9191bdbf_c29f_49cf_9e30_50415316eaa1-20, groupId=Consumer-topic-9191bdbf_c29f_49cf_9e30_50415316eaa1] (Re-)joining group
2025-08-07 20:36:53,609 INFO  [org.apa.kaf.cli.con.int.ConsumerCoordinator] (Thread-756) [Consumer clientId=consumer-Consumer-topic-9191bdbf_c29f_49cf_9e30_50415316eaa1-20, groupId=Consumer-topic-9191bdbf_c29f_49cf_9e30_50415316eaa1] Request joining group due to: need to re-join with the given member-id: consumer-Consumer-topic-9191bdbf_c29f_49cf_9e30_50415316eaa1-20-8a62f2b4-667f-4ef4-a37b-65389436f082
2025-08-07 20:36:53,609 INFO  [org.apa.kaf.cli.con.int.ConsumerCoordinator] (Thread-756) [Consumer clientId=consumer-Consumer-topic-9191bdbf_c29f_49cf_9e30_50415316eaa1-20, groupId=Consumer-topic-9191bdbf_c29f_49cf_9e30_50415316eaa1] (Re-)joining group
2025-08-07 20:36:54,592 INFO  [io.api.tes.ser.api.KafkaSerdesTester] (Thread-756) None found
2025-08-07 20:36:55,592 INFO  [io.api.tes.ser.api.KafkaSerdesTester] (Thread-756) None found
2025-08-07 20:36:56,592 INFO  [io.api.tes.ser.api.KafkaSerdesTester] (Thread-756) None found
2025-08-07 20:36:56,612 INFO  [org.apa.kaf.cli.con.int.ConsumerCoordinator] (Thread-756) [Consumer clientId=consumer-Consumer-topic-9191bdbf_c29f_49cf_9e30_50415316eaa1-20, groupId=Consumer-topic-9191bdbf_c29f_49cf_9e30_50415316eaa1] Successfully joined group with generation Generation{generationId=1, memberId='consumer-Consumer-topic-9191bdbf_c29f_49cf_9e30_50415316eaa1-20-8a62f2b4-667f-4ef4-a37b-65389436f082', protocol='range'}
2025-08-07 20:36:56,613 INFO  [org.apa.kaf.cli.con.int.ConsumerCoordinator] (Thread-756) [Consumer clientId=consumer-Consumer-topic-9191bdbf_c29f_49cf_9e30_50415316eaa1-20, groupId=Consumer-topic-9191bdbf_c29f_49cf_9e30_50415316eaa1] Finished assignment for group at generation 1: {consumer-Consumer-topic-9191bdbf_c29f_49cf_9e30_50415316eaa1-20-8a62f2b4-667f-4ef4-a37b-65389436f082=Assignment(partitions=[topic-9191bdbf_c29f_49cf_9e30_50415316eaa1-0])}
2025-08-07 20:36:56,619 INFO  [org.apa.kaf.cli.con.int.ConsumerCoordinator] (Thread-756) [Consumer clientId=consumer-Consumer-topic-9191bdbf_c29f_49cf_9e30_50415316eaa1-20, groupId=Consumer-topic-9191bdbf_c29f_49cf_9e30_50415316eaa1] Successfully synced group in generation Generation{generationId=1, memberId='consumer-Consumer-topic-9191bdbf_c29f_49cf_9e30_50415316eaa1-20-8a62f2b4-667f-4ef4-a37b-65389436f082', protocol='range'}
2025-08-07 20:36:56,619 INFO  [org.apa.kaf.cli.con.int.ConsumerCoordinator] (Thread-756) [Consumer clientId=consumer-Consumer-topic-9191bdbf_c29f_49cf_9e30_50415316eaa1-20, groupId=Consumer-topic-9191bdbf_c29f_49cf_9e30_50415316eaa1] Notifying assignor about the new Assignment(partitions=[topic-9191bdbf_c29f_49cf_9e30_50415316eaa1-0])
2025-08-07 20:36:56,620 INFO  [org.apa.kaf.cli.con.int.ConsumerRebalanceListenerInvoker] (Thread-756) [Consumer clientId=consumer-Consumer-topic-9191bdbf_c29f_49cf_9e30_50415316eaa1-20, groupId=Consumer-topic-9191bdbf_c29f_49cf_9e30_50415316eaa1] Adding newly assigned partitions: topic-9191bdbf_c29f_49cf_9e30_50415316eaa1-0
2025-08-07 20:36:56,620 INFO  [org.apa.kaf.cli.con.int.ConsumerCoordinator] (Thread-756) [Consumer clientId=consumer-Consumer-topic-9191bdbf_c29f_49cf_9e30_50415316eaa1-20, groupId=Consumer-topic-9191bdbf_c29f_49cf_9e30_50415316eaa1] Found no committed offset for partition topic-9191bdbf_c29f_49cf_9e30_50415316eaa1-0
2025-08-07 20:36:56,623 INFO  [org.apa.kaf.cli.con.int.SubscriptionState] (Thread-756) [Consumer clientId=consumer-Consumer-topic-9191bdbf_c29f_49cf_9e30_50415316eaa1-20, groupId=Consumer-topic-9191bdbf_c29f_49cf_9e30_50415316eaa1] Resetting offset for partition topic-9191bdbf_c29f_49cf_9e30_50415316eaa1-0 to position FetchPosition{offset=0, offsetEpoch=Optional.empty, currentLeader=LeaderAndEpoch{leader=Optional[localhost:32769 (id: 0 rack: null)], epoch=0}}.
2025-08-07 20:36:56,678 INFO  [io.api.tes.ser.api.KafkaSerdesTester] (Thread-756) topic-9191bdbf_c29f_49cf_9e30_50415316eaa1 0 0 io.apicurio.tests.common.serdes.json.ValidMessage@6c0fb5c5
2025-08-07 20:36:56,678 INFO  [io.api.tes.ser.api.KafkaSerdesTester] (Thread-756) topic-9191bdbf_c29f_49cf_9e30_50415316eaa1 0 1 io.apicurio.tests.common.serdes.json.ValidMessage@55541180
2025-08-07 20:36:56,678 INFO  [io.api.tes.ser.api.KafkaSerdesTester] (Thread-756) topic-9191bdbf_c29f_49cf_9e30_50415316eaa1 0 2 io.apicurio.tests.common.serdes.json.ValidMessage@14a87bc9
2025-08-07 20:36:56,678 INFO  [io.api.tes.ser.api.KafkaSerdesTester] (Thread-756) topic-9191bdbf_c29f_49cf_9e30_50415316eaa1 0 3 io.apicurio.tests.common.serdes.json.ValidMessage@7d04547b
2025-08-07 20:36:56,678 INFO  [io.api.tes.ser.api.KafkaSerdesTester] (Thread-756) topic-9191bdbf_c29f_49cf_9e30_50415316eaa1 0 4 io.apicurio.tests.common.serdes.json.ValidMessage@6cb46783
2025-08-07 20:36:56,678 INFO  [io.api.tes.ser.api.KafkaSerdesTester] (Thread-756) topic-9191bdbf_c29f_49cf_9e30_50415316eaa1 0 5 io.apicurio.tests.common.serdes.json.ValidMessage@1919a384
2025-08-07 20:36:56,678 INFO  [io.api.tes.ser.api.KafkaSerdesTester] (Thread-756) topic-9191bdbf_c29f_49cf_9e30_50415316eaa1 0 6 io.apicurio.tests.common.serdes.json.ValidMessage@4e38e55d
2025-08-07 20:36:56,678 INFO  [io.api.tes.ser.api.KafkaSerdesTester] (Thread-756) topic-9191bdbf_c29f_49cf_9e30_50415316eaa1 0 7 io.apicurio.tests.common.serdes.json.ValidMessage@11c0c76d
2025-08-07 20:36:56,678 INFO  [io.api.tes.ser.api.KafkaSerdesTester] (Thread-756) topic-9191bdbf_c29f_49cf_9e30_50415316eaa1 0 8 io.apicurio.tests.common.serdes.json.ValidMessage@5e8732a9
2025-08-07 20:36:56,678 INFO  [io.api.tes.ser.api.KafkaSerdesTester] (Thread-756) topic-9191bdbf_c29f_49cf_9e30_50415316eaa1 0 9 io.apicurio.tests.common.serdes.json.ValidMessage@a56af7e
2025-08-07 20:36:56,678 INFO  [io.api.tes.ser.api.KafkaSerdesTester] (Thread-756) Consumed 10 messages
2025-08-07 20:36:56,685 INFO  [org.apa.kaf.cli.con.int.ConsumerRebalanceListenerInvoker] (Thread-756) [Consumer clientId=consumer-Consumer-topic-9191bdbf_c29f_49cf_9e30_50415316eaa1-20, groupId=Consumer-topic-9191bdbf_c29f_49cf_9e30_50415316eaa1] Revoke previously assigned partitions topic-9191bdbf_c29f_49cf_9e30_50415316eaa1-0
2025-08-07 20:36:56,685 INFO  [org.apa.kaf.cli.con.int.ConsumerCoordinator] (Thread-756) [Consumer clientId=consumer-Consumer-topic-9191bdbf_c29f_49cf_9e30_50415316eaa1-20, groupId=Consumer-topic-9191bdbf_c29f_49cf_9e30_50415316eaa1] Member consumer-Consumer-topic-9191bdbf_c29f_49cf_9e30_50415316eaa1-20-8a62f2b4-667f-4ef4-a37b-65389436f082 sending LeaveGroup request to coordinator localhost:32769 (id: 2147483647 rack: null) due to the consumer is being closed
2025-08-07 20:36:56,685 INFO  [org.apa.kaf.cli.con.int.ConsumerCoordinator] (Thread-756) [Consumer clientId=consumer-Consumer-topic-9191bdbf_c29f_49cf_9e30_50415316eaa1-20, groupId=Consumer-topic-9191bdbf_c29f_49cf_9e30_50415316eaa1] Resetting generation and member id due to: consumer pro-actively leaving the group
2025-08-07 20:36:56,685 INFO  [org.apa.kaf.cli.con.int.ConsumerCoordinator] (Thread-756) [Consumer clientId=consumer-Consumer-topic-9191bdbf_c29f_49cf_9e30_50415316eaa1-20, groupId=Consumer-topic-9191bdbf_c29f_49cf_9e30_50415316eaa1] Request joining group due to: consumer pro-actively leaving the group
2025-08-07 20:36:57,181 INFO  [org.apa.kaf.com.met.Metrics] (Thread-756) Metrics scheduler closed
2025-08-07 20:36:57,181 INFO  [org.apa.kaf.com.met.Metrics] (Thread-756) Closing reporter org.apache.kafka.common.metrics.JmxReporter
2025-08-07 20:36:57,181 INFO  [org.apa.kaf.com.met.Metrics] (Thread-756) Closing reporter org.apache.kafka.common.telemetry.internals.ClientTelemetryReporter
2025-08-07 20:36:57,181 INFO  [org.apa.kaf.com.met.Metrics] (Thread-756) Metrics reporters closed
2025-08-07 20:36:57,187 INFO  [org.apa.kaf.com.uti.AppInfoParser] (Thread-756) App info kafka.consumer for consumer-Consumer-topic-9191bdbf_c29f_49cf_9e30_50415316eaa1-20 unregistered
2025-08-07 20:36:57,189 INFO  [io.api.tes.uti.TestSeparator] (main) io.apicurio.tests.serdes.apicurio.JsonSchemaSerdeIT.testDefaultFallback-FINISHED
2025-08-07 20:36:57,189 INFO  [io.api.tes.uti.TestSeparator] (main) ############################################################################
Test passed: testDefaultFallback
]]></system-out>
  </testcase>
  <testcase name="testWrongSchema" classname="io.apicurio.tests.serdes.apicurio.JsonSchemaSerdeIT" time="1.11">
    <system-out><![CDATA[2025-08-07 20:36:57,190 INFO  [io.api.tes.uti.TestSeparator] (main) ############################################################################
2025-08-07 20:36:57,190 INFO  [io.api.tes.uti.TestSeparator] (main) io.apicurio.tests.serdes.apicurio.JsonSchemaSerdeIT.testWrongSchema-STARTED
**** Registry Base URL: http://registry-app-ksql043.apps.ci419.apicurio-testing.org:80
2025-08-07 20:36:58,264 INFO  [org.apa.kaf.cli.pro.ProducerConfig] (main) ProducerConfig values: 
	acks = -1
	auto.include.jmx.reporter = true
	batch.size = 16384
	bootstrap.servers = [PLAINTEXT://localhost:32769]
	buffer.memory = 33554432
	client.dns.lookup = use_all_dns_ips
	client.id = Producer-s0a93e409x0950x486exae41x11e9b7c11779
	compression.gzip.level = -1
	compression.lz4.level = 9
	compression.type = none
	compression.zstd.level = 3
	connections.max.idle.ms = 10000
	delivery.timeout.ms = 120000
	enable.idempotence = true
	enable.metrics.push = true
	interceptor.classes = []
	key.serializer = class org.apache.kafka.common.serialization.StringSerializer
	linger.ms = 0
	max.block.ms = 60000
	max.in.flight.requests.per.connection = 5
	max.request.size = 1048576
	metadata.max.age.ms = 300000
	metadata.max.idle.ms = 300000
	metadata.recovery.strategy = none
	metric.reporters = []
	metrics.num.samples = 2
	metrics.recording.level = INFO
	metrics.sample.window.ms = 30000
	partitioner.adaptive.partitioning.enable = true
	partitioner.availability.timeout.ms = 0
	partitioner.class = null
	partitioner.ignore.keys = false
	receive.buffer.bytes = 32768
	reconnect.backoff.max.ms = 1000
	reconnect.backoff.ms = 50
	request.timeout.ms = 5000
	retries = 2147483647
	retry.backoff.max.ms = 1000
	retry.backoff.ms = 100
	sasl.client.callback.handler.class = null
	sasl.jaas.config = null
	sasl.kerberos.kinit.cmd = /usr/bin/kinit
	sasl.kerberos.min.time.before.relogin = 60000
	sasl.kerberos.service.name = null
	sasl.kerberos.ticket.renew.jitter = 0.05
	sasl.kerberos.ticket.renew.window.factor = 0.8
	sasl.login.callback.handler.class = null
	sasl.login.class = null
	sasl.login.connect.timeout.ms = null
	sasl.login.read.timeout.ms = null
	sasl.login.refresh.buffer.seconds = 300
	sasl.login.refresh.min.period.seconds = 60
	sasl.login.refresh.window.factor = 0.8
	sasl.login.refresh.window.jitter = 0.05
	sasl.login.retry.backoff.max.ms = 10000
	sasl.login.retry.backoff.ms = 100
	sasl.mechanism = GSSAPI
	sasl.oauthbearer.clock.skew.seconds = 30
	sasl.oauthbearer.expected.audience = null
	sasl.oauthbearer.expected.issuer = null
	sasl.oauthbearer.header.urlencode = false
	sasl.oauthbearer.jwks.endpoint.refresh.ms = 3600000
	sasl.oauthbearer.jwks.endpoint.retry.backoff.max.ms = 10000
	sasl.oauthbearer.jwks.endpoint.retry.backoff.ms = 100
	sasl.oauthbearer.jwks.endpoint.url = null
	sasl.oauthbearer.scope.claim.name = scope
	sasl.oauthbearer.sub.claim.name = sub
	sasl.oauthbearer.token.endpoint.url = null
	security.protocol = PLAINTEXT
	security.providers = null
	send.buffer.bytes = 131072
	socket.connection.setup.timeout.max.ms = 30000
	socket.connection.setup.timeout.ms = 10000
	ssl.cipher.suites = null
	ssl.enabled.protocols = [TLSv1.2, TLSv1.3]
	ssl.endpoint.identification.algorithm = https
	ssl.engine.factory.class = null
	ssl.key.password = null
	ssl.keymanager.algorithm = SunX509
	ssl.keystore.certificate.chain = null
	ssl.keystore.key = null
	ssl.keystore.location = null
	ssl.keystore.password = null
	ssl.keystore.type = JKS
	ssl.protocol = TLSv1.3
	ssl.provider = null
	ssl.secure.random.implementation = null
	ssl.trustmanager.algorithm = PKIX
	ssl.truststore.certificates = null
	ssl.truststore.location = null
	ssl.truststore.password = null
	ssl.truststore.type = JKS
	transaction.timeout.ms = 60000
	transactional.id = null
	value.serializer = class io.apicurio.registry.serde.jsonschema.JsonSchemaKafkaSerializer

2025-08-07 20:36:58,265 INFO  [org.apa.kaf.com.tel.int.KafkaMetricsCollector] (main) initializing Kafka metrics collector
2025-08-07 20:36:58,267 INFO  [org.apa.kaf.cli.pro.KafkaProducer] (main) [Producer clientId=Producer-s0a93e409x0950x486exae41x11e9b7c11779] Instantiated an idempotent producer.
2025-08-07 20:36:58,268 INFO  [org.apa.kaf.cli.pro.ProducerConfig] (main) These configurations '[apicurio.registry.url, apicurio.registry.artifact-resolver-strategy]' were supplied but are not used yet.
2025-08-07 20:36:58,268 INFO  [org.apa.kaf.com.uti.AppInfoParser] (main) Kafka version: 3.9.1
2025-08-07 20:36:58,268 INFO  [org.apa.kaf.com.uti.AppInfoParser] (main) Kafka commitId: f745dfdcee2b9851
2025-08-07 20:36:58,268 INFO  [org.apa.kaf.com.uti.AppInfoParser] (main) Kafka startTimeMs: 1754599018268
2025-08-07 20:36:58,269 INFO  [io.api.tes.ser.api.KafkaSerdesTester] (Thread-759) Sending message io.apicurio.tests.common.serdes.json.InvalidMessage@6bd55ed1 to topic s0a93e409x0950x486exae41x11e9b7c11779
2025-08-07 20:36:58,272 INFO  [org.apa.kaf.cli.Metadata] (kafka-producer-network-thread | Producer-s0a93e409x0950x486exae41x11e9b7c11779) [Producer clientId=Producer-s0a93e409x0950x486exae41x11e9b7c11779] Cluster ID: 7hmfGG3YTMCno0-sg6ieQg
2025-08-07 20:36:58,272 INFO  [org.apa.kaf.cli.pro.int.TransactionManager] (kafka-producer-network-thread | Producer-s0a93e409x0950x486exae41x11e9b7c11779) [Producer clientId=Producer-s0a93e409x0950x486exae41x11e9b7c11779] ProducerId set to 28 with epoch 0
2025-08-07 20:36:58,296 INFO  [org.apa.kaf.cli.pro.KafkaProducer] (Thread-759) [Producer clientId=Producer-s0a93e409x0950x486exae41x11e9b7c11779] Closing the Kafka producer with timeoutMillis = 9223372036854775807 ms.
2025-08-07 20:36:58,298 INFO  [org.apa.kaf.com.met.Metrics] (Thread-759) Metrics scheduler closed
2025-08-07 20:36:58,298 INFO  [org.apa.kaf.com.met.Metrics] (Thread-759) Closing reporter org.apache.kafka.common.metrics.JmxReporter
2025-08-07 20:36:58,298 INFO  [org.apa.kaf.com.met.Metrics] (Thread-759) Closing reporter org.apache.kafka.common.telemetry.internals.ClientTelemetryReporter
2025-08-07 20:36:58,298 INFO  [org.apa.kaf.com.met.Metrics] (Thread-759) Metrics reporters closed
2025-08-07 20:36:58,298 INFO  [org.apa.kaf.com.uti.AppInfoParser] (Thread-759) App info kafka.producer for Producer-s0a93e409x0950x486exae41x11e9b7c11779 unregistered
2025-08-07 20:36:58,299 INFO  [io.api.tes.uti.TestSeparator] (main) io.apicurio.tests.serdes.apicurio.JsonSchemaSerdeIT.testWrongSchema-FINISHED
2025-08-07 20:36:58,299 INFO  [io.api.tes.uti.TestSeparator] (main) ############################################################################
Test passed: testWrongSchema
]]></system-out>
    <system-err><![CDATA[io.apicurio.registry.rest.client.models.ProblemDetails
	at io.apicurio.registry.rest.client.models.ProblemDetails.createFromDiscriminatorValue(ProblemDetails.java:58)
	at io.kiota.serialization.json.JsonParseNode.getObjectValue(JsonParseNode.java:247)
	at io.kiota.http.vertx.VertXRequestAdapter.lambda$throwIfFailedResponse$0(VertXRequestAdapter.java:400)
	at com.microsoft.kiota.ApiExceptionBuilder.<init>(ApiExceptionBuilder.java:26)
	at io.kiota.http.vertx.VertXRequestAdapter.throwIfFailedResponse(VertXRequestAdapter.java:399)
	at io.kiota.http.vertx.VertXRequestAdapter.send(VertXRequestAdapter.java:170)
	at io.apicurio.registry.rest.client.groups.item.artifacts.item.versions.item.WithVersionExpressionItemRequestBuilder.get(WithVersionExpressionItemRequestBuilder.java:128)
	at io.apicurio.registry.rest.client.groups.item.artifacts.item.versions.item.WithVersionExpressionItemRequestBuilder.get(WithVersionExpressionItemRequestBuilder.java:111)
	at io.apicurio.registry.resolver.client.RegistryClientFacadeImpl.getVersionCoordinatesByGAV(RegistryClientFacadeImpl.java:159)
	at io.apicurio.registry.resolver.DefaultSchemaResolver.resolveByCoordinates(DefaultSchemaResolver.java:352)
	at io.apicurio.registry.resolver.DefaultSchemaResolver.lambda$resolveSchemaByArtifactReferenceCached$6(DefaultSchemaResolver.java:340)
	at io.apicurio.registry.resolver.cache.ERCache.lambda$getValue$0(ERCache.java:174)
	at io.apicurio.registry.resolver.cache.ERCache.retry(ERCache.java:227)
	at io.apicurio.registry.resolver.cache.ERCache.getValue(ERCache.java:173)
	at io.apicurio.registry.resolver.cache.ERCache.getByArtifactCoordinates(ERCache.java:158)
	at io.apicurio.registry.resolver.DefaultSchemaResolver.resolveSchemaByArtifactReferenceCached(DefaultSchemaResolver.java:338)
	at io.apicurio.registry.resolver.DefaultSchemaResolver.resolveSchemaByCoordinates(DefaultSchemaResolver.java:193)
	at io.apicurio.registry.resolver.DefaultSchemaResolver.getSchemaFromRegistry(DefaultSchemaResolver.java:141)
	at io.apicurio.registry.resolver.DefaultSchemaResolver.lambda$resolveSchema$0(DefaultSchemaResolver.java:84)
	at java.base/java.util.Optional.orElseGet(Optional.java:364)
	at io.apicurio.registry.resolver.DefaultSchemaResolver.resolveSchema(DefaultSchemaResolver.java:84)
	at io.apicurio.registry.serde.AbstractSerializer.serializeData(AbstractSerializer.java:62)
	at io.apicurio.registry.serde.KafkaSerializer.serialize(KafkaSerializer.java:77)
	at org.apache.kafka.clients.producer.KafkaProducer.doSend(KafkaProducer.java:1046)
	at org.apache.kafka.clients.producer.KafkaProducer.send(KafkaProducer.java:993)
	at org.apache.kafka.clients.producer.KafkaProducer.send(KafkaProducer.java:875)
	at io.apicurio.tests.serdes.apicurio.KafkaSerdesTester.lambda$produceMessages$3(KafkaSerdesTester.java:138)
	at java.base/java.util.concurrent.CompletableFuture$AsyncSupply.run(CompletableFuture.java:1768)
	at java.base/java.lang.Thread.run(Thread.java:840)
]]></system-err>
  </testcase>
  <testcase name="testArtifactNotFound" classname="io.apicurio.tests.serdes.apicurio.JsonSchemaSerdeIT" time="0.169">
    <system-out><![CDATA[2025-08-07 20:36:58,300 INFO  [io.api.tes.uti.TestSeparator] (main) ############################################################################
2025-08-07 20:36:58,301 INFO  [io.api.tes.uti.TestSeparator] (main) io.apicurio.tests.serdes.apicurio.JsonSchemaSerdeIT.testArtifactNotFound-STARTED
**** Registry Base URL: http://registry-app-ksql043.apps.ci419.apicurio-testing.org:80
2025-08-07 20:36:58,301 INFO  [org.apa.kaf.cli.pro.ProducerConfig] (main) ProducerConfig values: 
	acks = -1
	auto.include.jmx.reporter = true
	batch.size = 16384
	bootstrap.servers = [PLAINTEXT://localhost:32769]
	buffer.memory = 33554432
	client.dns.lookup = use_all_dns_ips
	client.id = Producer-s77403cd5x0defx4556x9d2dx489ef66e994c
	compression.gzip.level = -1
	compression.lz4.level = 9
	compression.type = none
	compression.zstd.level = 3
	connections.max.idle.ms = 10000
	delivery.timeout.ms = 120000
	enable.idempotence = true
	enable.metrics.push = true
	interceptor.classes = []
	key.serializer = class org.apache.kafka.common.serialization.StringSerializer
	linger.ms = 0
	max.block.ms = 60000
	max.in.flight.requests.per.connection = 5
	max.request.size = 1048576
	metadata.max.age.ms = 300000
	metadata.max.idle.ms = 300000
	metadata.recovery.strategy = none
	metric.reporters = []
	metrics.num.samples = 2
	metrics.recording.level = INFO
	metrics.sample.window.ms = 30000
	partitioner.adaptive.partitioning.enable = true
	partitioner.availability.timeout.ms = 0
	partitioner.class = null
	partitioner.ignore.keys = false
	receive.buffer.bytes = 32768
	reconnect.backoff.max.ms = 1000
	reconnect.backoff.ms = 50
	request.timeout.ms = 5000
	retries = 2147483647
	retry.backoff.max.ms = 1000
	retry.backoff.ms = 100
	sasl.client.callback.handler.class = null
	sasl.jaas.config = null
	sasl.kerberos.kinit.cmd = /usr/bin/kinit
	sasl.kerberos.min.time.before.relogin = 60000
	sasl.kerberos.service.name = null
	sasl.kerberos.ticket.renew.jitter = 0.05
	sasl.kerberos.ticket.renew.window.factor = 0.8
	sasl.login.callback.handler.class = null
	sasl.login.class = null
	sasl.login.connect.timeout.ms = null
	sasl.login.read.timeout.ms = null
	sasl.login.refresh.buffer.seconds = 300
	sasl.login.refresh.min.period.seconds = 60
	sasl.login.refresh.window.factor = 0.8
	sasl.login.refresh.window.jitter = 0.05
	sasl.login.retry.backoff.max.ms = 10000
	sasl.login.retry.backoff.ms = 100
	sasl.mechanism = GSSAPI
	sasl.oauthbearer.clock.skew.seconds = 30
	sasl.oauthbearer.expected.audience = null
	sasl.oauthbearer.expected.issuer = null
	sasl.oauthbearer.header.urlencode = false
	sasl.oauthbearer.jwks.endpoint.refresh.ms = 3600000
	sasl.oauthbearer.jwks.endpoint.retry.backoff.max.ms = 10000
	sasl.oauthbearer.jwks.endpoint.retry.backoff.ms = 100
	sasl.oauthbearer.jwks.endpoint.url = null
	sasl.oauthbearer.scope.claim.name = scope
	sasl.oauthbearer.sub.claim.name = sub
	sasl.oauthbearer.token.endpoint.url = null
	security.protocol = PLAINTEXT
	security.providers = null
	send.buffer.bytes = 131072
	socket.connection.setup.timeout.max.ms = 30000
	socket.connection.setup.timeout.ms = 10000
	ssl.cipher.suites = null
	ssl.enabled.protocols = [TLSv1.2, TLSv1.3]
	ssl.endpoint.identification.algorithm = https
	ssl.engine.factory.class = null
	ssl.key.password = null
	ssl.keymanager.algorithm = SunX509
	ssl.keystore.certificate.chain = null
	ssl.keystore.key = null
	ssl.keystore.location = null
	ssl.keystore.password = null
	ssl.keystore.type = JKS
	ssl.protocol = TLSv1.3
	ssl.provider = null
	ssl.secure.random.implementation = null
	ssl.trustmanager.algorithm = PKIX
	ssl.truststore.certificates = null
	ssl.truststore.location = null
	ssl.truststore.password = null
	ssl.truststore.type = JKS
	transaction.timeout.ms = 60000
	transactional.id = null
	value.serializer = class io.apicurio.registry.serde.jsonschema.JsonSchemaKafkaSerializer

2025-08-07 20:36:58,303 INFO  [org.apa.kaf.com.tel.int.KafkaMetricsCollector] (main) initializing Kafka metrics collector
2025-08-07 20:36:58,313 INFO  [org.apa.kaf.cli.pro.KafkaProducer] (main) [Producer clientId=Producer-s77403cd5x0defx4556x9d2dx489ef66e994c] Instantiated an idempotent producer.
2025-08-07 20:36:58,317 INFO  [org.apa.kaf.cli.pro.ProducerConfig] (main) These configurations '[apicurio.registry.url, apicurio.registry.artifact-resolver-strategy]' were supplied but are not used yet.
2025-08-07 20:36:58,317 INFO  [org.apa.kaf.com.uti.AppInfoParser] (main) Kafka version: 3.9.1
2025-08-07 20:36:58,317 INFO  [org.apa.kaf.com.uti.AppInfoParser] (main) Kafka commitId: f745dfdcee2b9851
2025-08-07 20:36:58,317 INFO  [org.apa.kaf.com.uti.AppInfoParser] (main) Kafka startTimeMs: 1754599018317
2025-08-07 20:36:58,318 INFO  [io.api.tes.ser.api.KafkaSerdesTester] (Thread-762) Sending message io.apicurio.tests.common.serdes.json.ValidMessage@4f67b3e4 to topic s77403cd5x0defx4556x9d2dx489ef66e994c
2025-08-07 20:36:58,323 WARN  [org.apa.kaf.cli.NetworkClient] (kafka-producer-network-thread | Producer-s77403cd5x0defx4556x9d2dx489ef66e994c) [Producer clientId=Producer-s77403cd5x0defx4556x9d2dx489ef66e994c] The metadata response from the cluster reported a recoverable issue with correlation id 1 : {s77403cd5x0defx4556x9d2dx489ef66e994c=UNKNOWN_TOPIC_OR_PARTITION}
2025-08-07 20:36:58,323 INFO  [org.apa.kaf.cli.Metadata] (kafka-producer-network-thread | Producer-s77403cd5x0defx4556x9d2dx489ef66e994c) [Producer clientId=Producer-s77403cd5x0defx4556x9d2dx489ef66e994c] Cluster ID: 7hmfGG3YTMCno0-sg6ieQg
2025-08-07 20:36:58,329 INFO  [org.apa.kaf.cli.pro.int.TransactionManager] (kafka-producer-network-thread | Producer-s77403cd5x0defx4556x9d2dx489ef66e994c) [Producer clientId=Producer-s77403cd5x0defx4556x9d2dx489ef66e994c] ProducerId set to 29 with epoch 0
2025-08-07 20:36:58,466 INFO  [org.apa.kaf.cli.pro.KafkaProducer] (Thread-762) [Producer clientId=Producer-s77403cd5x0defx4556x9d2dx489ef66e994c] Closing the Kafka producer with timeoutMillis = 9223372036854775807 ms.
2025-08-07 20:36:58,467 INFO  [org.apa.kaf.com.met.Metrics] (Thread-762) Metrics scheduler closed
2025-08-07 20:36:58,467 INFO  [org.apa.kaf.com.met.Metrics] (Thread-762) Closing reporter org.apache.kafka.common.metrics.JmxReporter
2025-08-07 20:36:58,467 INFO  [org.apa.kaf.com.met.Metrics] (Thread-762) Closing reporter org.apache.kafka.common.telemetry.internals.ClientTelemetryReporter
2025-08-07 20:36:58,468 INFO  [org.apa.kaf.com.met.Metrics] (Thread-762) Metrics reporters closed
2025-08-07 20:36:58,468 INFO  [org.apa.kaf.com.uti.AppInfoParser] (Thread-762) App info kafka.producer for Producer-s77403cd5x0defx4556x9d2dx489ef66e994c unregistered
2025-08-07 20:36:58,469 INFO  [io.api.tes.uti.TestSeparator] (main) io.apicurio.tests.serdes.apicurio.JsonSchemaSerdeIT.testArtifactNotFound-FINISHED
2025-08-07 20:36:58,469 INFO  [io.api.tes.uti.TestSeparator] (main) ############################################################################
Test passed: testArtifactNotFound
]]></system-out>
    <system-err><![CDATA[io.apicurio.registry.rest.client.models.ProblemDetails
	at io.apicurio.registry.rest.client.models.ProblemDetails.createFromDiscriminatorValue(ProblemDetails.java:58)
	at io.kiota.serialization.json.JsonParseNode.getObjectValue(JsonParseNode.java:247)
	at io.kiota.http.vertx.VertXRequestAdapter.lambda$throwIfFailedResponse$0(VertXRequestAdapter.java:400)
	at com.microsoft.kiota.ApiExceptionBuilder.<init>(ApiExceptionBuilder.java:26)
	at io.kiota.http.vertx.VertXRequestAdapter.throwIfFailedResponse(VertXRequestAdapter.java:399)
	at io.kiota.http.vertx.VertXRequestAdapter.send(VertXRequestAdapter.java:170)
	at io.apicurio.registry.rest.client.groups.item.artifacts.item.versions.item.WithVersionExpressionItemRequestBuilder.get(WithVersionExpressionItemRequestBuilder.java:128)
	at io.apicurio.registry.rest.client.groups.item.artifacts.item.versions.item.WithVersionExpressionItemRequestBuilder.get(WithVersionExpressionItemRequestBuilder.java:111)
	at io.apicurio.registry.resolver.client.RegistryClientFacadeImpl.getVersionCoordinatesByGAV(RegistryClientFacadeImpl.java:159)
	at io.apicurio.registry.resolver.DefaultSchemaResolver.resolveByCoordinates(DefaultSchemaResolver.java:352)
	at io.apicurio.registry.resolver.DefaultSchemaResolver.lambda$resolveSchemaByArtifactReferenceCached$6(DefaultSchemaResolver.java:340)
	at io.apicurio.registry.resolver.cache.ERCache.lambda$getValue$0(ERCache.java:174)
	at io.apicurio.registry.resolver.cache.ERCache.retry(ERCache.java:227)
	at io.apicurio.registry.resolver.cache.ERCache.getValue(ERCache.java:173)
	at io.apicurio.registry.resolver.cache.ERCache.getByArtifactCoordinates(ERCache.java:158)
	at io.apicurio.registry.resolver.DefaultSchemaResolver.resolveSchemaByArtifactReferenceCached(DefaultSchemaResolver.java:338)
	at io.apicurio.registry.resolver.DefaultSchemaResolver.resolveSchemaByCoordinates(DefaultSchemaResolver.java:193)
	at io.apicurio.registry.resolver.DefaultSchemaResolver.getSchemaFromRegistry(DefaultSchemaResolver.java:141)
	at io.apicurio.registry.resolver.DefaultSchemaResolver.lambda$resolveSchema$0(DefaultSchemaResolver.java:84)
	at java.base/java.util.Optional.orElseGet(Optional.java:364)
	at io.apicurio.registry.resolver.DefaultSchemaResolver.resolveSchema(DefaultSchemaResolver.java:84)
	at io.apicurio.registry.serde.AbstractSerializer.serializeData(AbstractSerializer.java:62)
	at io.apicurio.registry.serde.KafkaSerializer.serialize(KafkaSerializer.java:77)
	at org.apache.kafka.clients.producer.KafkaProducer.doSend(KafkaProducer.java:1046)
	at org.apache.kafka.clients.producer.KafkaProducer.send(KafkaProducer.java:993)
	at org.apache.kafka.clients.producer.KafkaProducer.send(KafkaProducer.java:875)
	at io.apicurio.tests.serdes.apicurio.KafkaSerdesTester.lambda$produceMessages$3(KafkaSerdesTester.java:138)
	at java.base/java.util.concurrent.CompletableFuture$AsyncSupply.run(CompletableFuture.java:1768)
	at java.base/java.lang.Thread.run(Thread.java:840)
]]></system-err>
  </testcase>
  <testcase name="testTopicIdStrategyFindLatest" classname="io.apicurio.tests.serdes.apicurio.JsonSchemaSerdeIT" time="4.72">
    <system-out><![CDATA[2025-08-07 20:36:58,471 INFO  [io.api.tes.uti.TestSeparator] (main) ############################################################################
2025-08-07 20:36:58,471 INFO  [io.api.tes.uti.TestSeparator] (main) io.apicurio.tests.serdes.apicurio.JsonSchemaSerdeIT.testTopicIdStrategyFindLatest-STARTED
**** Registry Base URL: http://registry-app-ksql043.apps.ci419.apicurio-testing.org:80
2025-08-07 20:36:59,538 INFO  [org.apa.kaf.cli.pro.ProducerConfig] (main) ProducerConfig values: 
	acks = -1
	auto.include.jmx.reporter = true
	batch.size = 16384
	bootstrap.servers = [PLAINTEXT://localhost:32769]
	buffer.memory = 33554432
	client.dns.lookup = use_all_dns_ips
	client.id = Producer-topic-dbb46d5b_ecd1_4812_9681_8da316be371a
	compression.gzip.level = -1
	compression.lz4.level = 9
	compression.type = none
	compression.zstd.level = 3
	connections.max.idle.ms = 10000
	delivery.timeout.ms = 120000
	enable.idempotence = true
	enable.metrics.push = true
	interceptor.classes = []
	key.serializer = class org.apache.kafka.common.serialization.StringSerializer
	linger.ms = 0
	max.block.ms = 60000
	max.in.flight.requests.per.connection = 5
	max.request.size = 1048576
	metadata.max.age.ms = 300000
	metadata.max.idle.ms = 300000
	metadata.recovery.strategy = none
	metric.reporters = []
	metrics.num.samples = 2
	metrics.recording.level = INFO
	metrics.sample.window.ms = 30000
	partitioner.adaptive.partitioning.enable = true
	partitioner.availability.timeout.ms = 0
	partitioner.class = null
	partitioner.ignore.keys = false
	receive.buffer.bytes = 32768
	reconnect.backoff.max.ms = 1000
	reconnect.backoff.ms = 50
	request.timeout.ms = 5000
	retries = 2147483647
	retry.backoff.max.ms = 1000
	retry.backoff.ms = 100
	sasl.client.callback.handler.class = null
	sasl.jaas.config = null
	sasl.kerberos.kinit.cmd = /usr/bin/kinit
	sasl.kerberos.min.time.before.relogin = 60000
	sasl.kerberos.service.name = null
	sasl.kerberos.ticket.renew.jitter = 0.05
	sasl.kerberos.ticket.renew.window.factor = 0.8
	sasl.login.callback.handler.class = null
	sasl.login.class = null
	sasl.login.connect.timeout.ms = null
	sasl.login.read.timeout.ms = null
	sasl.login.refresh.buffer.seconds = 300
	sasl.login.refresh.min.period.seconds = 60
	sasl.login.refresh.window.factor = 0.8
	sasl.login.refresh.window.jitter = 0.05
	sasl.login.retry.backoff.max.ms = 10000
	sasl.login.retry.backoff.ms = 100
	sasl.mechanism = GSSAPI
	sasl.oauthbearer.clock.skew.seconds = 30
	sasl.oauthbearer.expected.audience = null
	sasl.oauthbearer.expected.issuer = null
	sasl.oauthbearer.header.urlencode = false
	sasl.oauthbearer.jwks.endpoint.refresh.ms = 3600000
	sasl.oauthbearer.jwks.endpoint.retry.backoff.max.ms = 10000
	sasl.oauthbearer.jwks.endpoint.retry.backoff.ms = 100
	sasl.oauthbearer.jwks.endpoint.url = null
	sasl.oauthbearer.scope.claim.name = scope
	sasl.oauthbearer.sub.claim.name = sub
	sasl.oauthbearer.token.endpoint.url = null
	security.protocol = PLAINTEXT
	security.providers = null
	send.buffer.bytes = 131072
	socket.connection.setup.timeout.max.ms = 30000
	socket.connection.setup.timeout.ms = 10000
	ssl.cipher.suites = null
	ssl.enabled.protocols = [TLSv1.2, TLSv1.3]
	ssl.endpoint.identification.algorithm = https
	ssl.engine.factory.class = null
	ssl.key.password = null
	ssl.keymanager.algorithm = SunX509
	ssl.keystore.certificate.chain = null
	ssl.keystore.key = null
	ssl.keystore.location = null
	ssl.keystore.password = null
	ssl.keystore.type = JKS
	ssl.protocol = TLSv1.3
	ssl.provider = null
	ssl.secure.random.implementation = null
	ssl.trustmanager.algorithm = PKIX
	ssl.truststore.certificates = null
	ssl.truststore.location = null
	ssl.truststore.password = null
	ssl.truststore.type = JKS
	transaction.timeout.ms = 60000
	transactional.id = null
	value.serializer = class io.apicurio.registry.serde.jsonschema.JsonSchemaKafkaSerializer

2025-08-07 20:36:59,538 INFO  [org.apa.kaf.com.tel.int.KafkaMetricsCollector] (main) initializing Kafka metrics collector
2025-08-07 20:36:59,541 INFO  [org.apa.kaf.cli.pro.KafkaProducer] (main) [Producer clientId=Producer-topic-dbb46d5b_ecd1_4812_9681_8da316be371a] Instantiated an idempotent producer.
2025-08-07 20:36:59,542 INFO  [org.apa.kaf.cli.pro.ProducerConfig] (main) These configurations '[apicurio.registry.url, apicurio.registry.headers.enabled, apicurio.registry.artifact-resolver-strategy]' were supplied but are not used yet.
2025-08-07 20:36:59,542 INFO  [org.apa.kaf.com.uti.AppInfoParser] (main) Kafka version: 3.9.1
2025-08-07 20:36:59,542 INFO  [org.apa.kaf.com.uti.AppInfoParser] (main) Kafka commitId: f745dfdcee2b9851
2025-08-07 20:36:59,542 INFO  [org.apa.kaf.com.uti.AppInfoParser] (main) Kafka startTimeMs: 1754599019542
2025-08-07 20:36:59,542 INFO  [io.api.tes.ser.api.SimpleSerdesTesterBuilder$SimpleSerdesTester] (main) Using producer configuration: {apicurio.registry.url=http://registry-app-ksql043.apps.ci419.apicurio-testing.org:80/apis/registry/v3, apicurio.registry.headers.enabled=true, apicurio.registry.artifact-resolver-strategy=io.apicurio.registry.serde.strategy.TopicIdStrategy, value.serializer=io.apicurio.registry.serde.jsonschema.JsonSchemaKafkaSerializer, request.timeout.ms=5000, acks=all, bootstrap.servers=PLAINTEXT://localhost:32769, connections.max.idle.ms=10000, key.serializer=org.apache.kafka.common.serialization.StringSerializer, client.id=Producer-topic-dbb46d5b_ecd1_4812_9681_8da316be371a}
2025-08-07 20:36:59,542 INFO  [io.api.tes.ser.api.SimpleSerdesTesterBuilder$SimpleSerdesTester] (main) Using consumer configuration: {apicurio.registry.headers.enabled=true}
2025-08-07 20:36:59,546 INFO  [io.api.tes.ser.api.KafkaSerdesTester] (Thread-765) Sending message io.apicurio.tests.common.serdes.json.ValidMessage@380be359 to topic topic-dbb46d5b_ecd1_4812_9681_8da316be371a
2025-08-07 20:36:59,549 INFO  [org.apa.kaf.cli.Metadata] (kafka-producer-network-thread | Producer-topic-dbb46d5b_ecd1_4812_9681_8da316be371a) [Producer clientId=Producer-topic-dbb46d5b_ecd1_4812_9681_8da316be371a] Cluster ID: 7hmfGG3YTMCno0-sg6ieQg
2025-08-07 20:36:59,550 INFO  [org.apa.kaf.cli.pro.int.TransactionManager] (kafka-producer-network-thread | Producer-topic-dbb46d5b_ecd1_4812_9681_8da316be371a) [Producer clientId=Producer-topic-dbb46d5b_ecd1_4812_9681_8da316be371a] ProducerId set to 30 with epoch 0
2025-08-07 20:36:59,605 INFO  [io.api.tes.ser.api.KafkaSerdesTester] (Thread-765) Sending message io.apicurio.tests.common.serdes.json.ValidMessage@1b32df4a to topic topic-dbb46d5b_ecd1_4812_9681_8da316be371a
2025-08-07 20:36:59,607 INFO  [io.api.tes.ser.api.KafkaSerdesTester] (Thread-765) Sending message io.apicurio.tests.common.serdes.json.ValidMessage@1390942b to topic topic-dbb46d5b_ecd1_4812_9681_8da316be371a
2025-08-07 20:36:59,608 INFO  [io.api.tes.ser.api.KafkaSerdesTester] (Thread-765) Sending message io.apicurio.tests.common.serdes.json.ValidMessage@83173 to topic topic-dbb46d5b_ecd1_4812_9681_8da316be371a
2025-08-07 20:36:59,609 INFO  [io.api.tes.ser.api.KafkaSerdesTester] (Thread-765) Sending message io.apicurio.tests.common.serdes.json.ValidMessage@45a0abe6 to topic topic-dbb46d5b_ecd1_4812_9681_8da316be371a
2025-08-07 20:36:59,610 INFO  [io.api.tes.ser.api.KafkaSerdesTester] (Thread-765) Sending message io.apicurio.tests.common.serdes.json.ValidMessage@62f177ee to topic topic-dbb46d5b_ecd1_4812_9681_8da316be371a
2025-08-07 20:36:59,612 INFO  [io.api.tes.ser.api.KafkaSerdesTester] (Thread-765) Sending message io.apicurio.tests.common.serdes.json.ValidMessage@424aaf16 to topic topic-dbb46d5b_ecd1_4812_9681_8da316be371a
2025-08-07 20:36:59,613 INFO  [io.api.tes.ser.api.KafkaSerdesTester] (Thread-765) Sending message io.apicurio.tests.common.serdes.json.ValidMessage@122d41dc to topic topic-dbb46d5b_ecd1_4812_9681_8da316be371a
2025-08-07 20:36:59,614 INFO  [io.api.tes.ser.api.KafkaSerdesTester] (Thread-765) Sending message io.apicurio.tests.common.serdes.json.ValidMessage@2908b603 to topic topic-dbb46d5b_ecd1_4812_9681_8da316be371a
2025-08-07 20:36:59,615 INFO  [io.api.tes.ser.api.KafkaSerdesTester] (Thread-765) Sending message io.apicurio.tests.common.serdes.json.ValidMessage@7a48a66e to topic topic-dbb46d5b_ecd1_4812_9681_8da316be371a
2025-08-07 20:36:59,617 INFO  [io.api.tes.ser.api.KafkaSerdesTester] (Thread-765) Produced 10 messages
2025-08-07 20:36:59,617 INFO  [org.apa.kaf.cli.pro.KafkaProducer] (Thread-765) [Producer clientId=Producer-topic-dbb46d5b_ecd1_4812_9681_8da316be371a] Closing the Kafka producer with timeoutMillis = 9223372036854775807 ms.
2025-08-07 20:36:59,618 INFO  [org.apa.kaf.com.met.Metrics] (Thread-765) Metrics scheduler closed
2025-08-07 20:36:59,618 INFO  [org.apa.kaf.com.met.Metrics] (Thread-765) Closing reporter org.apache.kafka.common.metrics.JmxReporter
2025-08-07 20:36:59,618 INFO  [org.apa.kaf.com.met.Metrics] (Thread-765) Closing reporter org.apache.kafka.common.telemetry.internals.ClientTelemetryReporter
2025-08-07 20:36:59,619 INFO  [org.apa.kaf.com.met.Metrics] (Thread-765) Metrics reporters closed
2025-08-07 20:36:59,619 INFO  [org.apa.kaf.com.uti.AppInfoParser] (Thread-765) App info kafka.producer for Producer-topic-dbb46d5b_ecd1_4812_9681_8da316be371a unregistered
**** Registry Base URL: http://registry-app-ksql043.apps.ci419.apicurio-testing.org:80
2025-08-07 20:36:59,619 INFO  [org.apa.kaf.cli.con.ConsumerConfig] (main) ConsumerConfig values: 
	allow.auto.create.topics = true
	auto.commit.interval.ms = 500
	auto.include.jmx.reporter = true
	auto.offset.reset = earliest
	bootstrap.servers = [PLAINTEXT://localhost:32769]
	check.crcs = true
	client.dns.lookup = use_all_dns_ips
	client.id = consumer-Consumer-topic-dbb46d5b_ecd1_4812_9681_8da316be371a-21
	client.rack = 
	connections.max.idle.ms = 10000
	default.api.timeout.ms = 60000
	enable.auto.commit = true
	enable.metrics.push = true
	exclude.internal.topics = true
	fetch.max.bytes = 52428800
	fetch.max.wait.ms = 500
	fetch.min.bytes = 1
	group.id = Consumer-topic-dbb46d5b_ecd1_4812_9681_8da316be371a
	group.instance.id = null
	group.protocol = classic
	group.remote.assignor = null
	heartbeat.interval.ms = 3000
	interceptor.classes = []
	internal.leave.group.on.close = true
	internal.throw.on.fetch.stable.offset.unsupported = false
	isolation.level = read_uncommitted
	key.deserializer = class org.apache.kafka.common.serialization.StringDeserializer
	max.partition.fetch.bytes = 1048576
	max.poll.interval.ms = 300000
	max.poll.records = 500
	metadata.max.age.ms = 300000
	metadata.recovery.strategy = none
	metric.reporters = []
	metrics.num.samples = 2
	metrics.recording.level = INFO
	metrics.sample.window.ms = 30000
	partition.assignment.strategy = [class org.apache.kafka.clients.consumer.RangeAssignor, class org.apache.kafka.clients.consumer.CooperativeStickyAssignor]
	receive.buffer.bytes = 65536
	reconnect.backoff.max.ms = 1000
	reconnect.backoff.ms = 50
	request.timeout.ms = 5000
	retry.backoff.max.ms = 1000
	retry.backoff.ms = 100
	sasl.client.callback.handler.class = null
	sasl.jaas.config = null
	sasl.kerberos.kinit.cmd = /usr/bin/kinit
	sasl.kerberos.min.time.before.relogin = 60000
	sasl.kerberos.service.name = null
	sasl.kerberos.ticket.renew.jitter = 0.05
	sasl.kerberos.ticket.renew.window.factor = 0.8
	sasl.login.callback.handler.class = null
	sasl.login.class = null
	sasl.login.connect.timeout.ms = null
	sasl.login.read.timeout.ms = null
	sasl.login.refresh.buffer.seconds = 300
	sasl.login.refresh.min.period.seconds = 60
	sasl.login.refresh.window.factor = 0.8
	sasl.login.refresh.window.jitter = 0.05
	sasl.login.retry.backoff.max.ms = 10000
	sasl.login.retry.backoff.ms = 100
	sasl.mechanism = GSSAPI
	sasl.oauthbearer.clock.skew.seconds = 30
	sasl.oauthbearer.expected.audience = null
	sasl.oauthbearer.expected.issuer = null
	sasl.oauthbearer.header.urlencode = false
	sasl.oauthbearer.jwks.endpoint.refresh.ms = 3600000
	sasl.oauthbearer.jwks.endpoint.retry.backoff.max.ms = 10000
	sasl.oauthbearer.jwks.endpoint.retry.backoff.ms = 100
	sasl.oauthbearer.jwks.endpoint.url = null
	sasl.oauthbearer.scope.claim.name = scope
	sasl.oauthbearer.sub.claim.name = sub
	sasl.oauthbearer.token.endpoint.url = null
	security.protocol = PLAINTEXT
	security.providers = null
	send.buffer.bytes = 131072
	session.timeout.ms = 45000
	socket.connection.setup.timeout.max.ms = 30000
	socket.connection.setup.timeout.ms = 10000
	ssl.cipher.suites = null
	ssl.enabled.protocols = [TLSv1.2, TLSv1.3]
	ssl.endpoint.identification.algorithm = https
	ssl.engine.factory.class = null
	ssl.key.password = null
	ssl.keymanager.algorithm = SunX509
	ssl.keystore.certificate.chain = null
	ssl.keystore.key = null
	ssl.keystore.location = null
	ssl.keystore.password = null
	ssl.keystore.type = JKS
	ssl.protocol = TLSv1.3
	ssl.provider = null
	ssl.secure.random.implementation = null
	ssl.trustmanager.algorithm = PKIX
	ssl.truststore.certificates = null
	ssl.truststore.location = null
	ssl.truststore.password = null
	ssl.truststore.type = JKS
	value.deserializer = class io.apicurio.registry.serde.jsonschema.JsonSchemaKafkaDeserializer

2025-08-07 20:36:59,620 INFO  [org.apa.kaf.com.tel.int.KafkaMetricsCollector] (main) initializing Kafka metrics collector
2025-08-07 20:36:59,626 INFO  [org.apa.kaf.cli.con.ConsumerConfig] (main) These configurations '[apicurio.registry.url, apicurio.registry.headers.enabled]' were supplied but are not used yet.
2025-08-07 20:36:59,626 INFO  [org.apa.kaf.com.uti.AppInfoParser] (main) Kafka version: 3.9.1
2025-08-07 20:36:59,626 INFO  [org.apa.kaf.com.uti.AppInfoParser] (main) Kafka commitId: f745dfdcee2b9851
2025-08-07 20:36:59,626 INFO  [org.apa.kaf.com.uti.AppInfoParser] (main) Kafka startTimeMs: 1754599019626
2025-08-07 20:36:59,626 INFO  [org.apa.kaf.cli.con.int.ClassicKafkaConsumer] (Thread-768) [Consumer clientId=consumer-Consumer-topic-dbb46d5b_ecd1_4812_9681_8da316be371a-21, groupId=Consumer-topic-dbb46d5b_ecd1_4812_9681_8da316be371a] Subscribed to topic(s): topic-dbb46d5b_ecd1_4812_9681_8da316be371a
2025-08-07 20:36:59,630 INFO  [org.apa.kaf.cli.Metadata] (Thread-768) [Consumer clientId=consumer-Consumer-topic-dbb46d5b_ecd1_4812_9681_8da316be371a-21, groupId=Consumer-topic-dbb46d5b_ecd1_4812_9681_8da316be371a] Cluster ID: 7hmfGG3YTMCno0-sg6ieQg
2025-08-07 20:36:59,630 INFO  [org.apa.kaf.cli.con.int.ConsumerCoordinator] (Thread-768) [Consumer clientId=consumer-Consumer-topic-dbb46d5b_ecd1_4812_9681_8da316be371a-21, groupId=Consumer-topic-dbb46d5b_ecd1_4812_9681_8da316be371a] Discovered group coordinator localhost:32769 (id: 2147483647 rack: null)
2025-08-07 20:36:59,632 INFO  [org.apa.kaf.cli.con.int.ConsumerCoordinator] (Thread-768) [Consumer clientId=consumer-Consumer-topic-dbb46d5b_ecd1_4812_9681_8da316be371a-21, groupId=Consumer-topic-dbb46d5b_ecd1_4812_9681_8da316be371a] (Re-)joining group
2025-08-07 20:36:59,634 INFO  [org.apa.kaf.cli.con.int.ConsumerCoordinator] (Thread-768) [Consumer clientId=consumer-Consumer-topic-dbb46d5b_ecd1_4812_9681_8da316be371a-21, groupId=Consumer-topic-dbb46d5b_ecd1_4812_9681_8da316be371a] Request joining group due to: need to re-join with the given member-id: consumer-Consumer-topic-dbb46d5b_ecd1_4812_9681_8da316be371a-21-39557bb4-359b-426a-a630-ee80c3c65179
2025-08-07 20:36:59,634 INFO  [org.apa.kaf.cli.con.int.ConsumerCoordinator] (Thread-768) [Consumer clientId=consumer-Consumer-topic-dbb46d5b_ecd1_4812_9681_8da316be371a-21, groupId=Consumer-topic-dbb46d5b_ecd1_4812_9681_8da316be371a] (Re-)joining group
2025-08-07 20:37:00,627 INFO  [io.api.tes.ser.api.KafkaSerdesTester] (Thread-768) None found
2025-08-07 20:37:01,627 INFO  [io.api.tes.ser.api.KafkaSerdesTester] (Thread-768) None found
2025-08-07 20:37:02,627 INFO  [io.api.tes.ser.api.KafkaSerdesTester] (Thread-768) None found
2025-08-07 20:37:02,635 INFO  [org.apa.kaf.cli.con.int.ConsumerCoordinator] (Thread-768) [Consumer clientId=consumer-Consumer-topic-dbb46d5b_ecd1_4812_9681_8da316be371a-21, groupId=Consumer-topic-dbb46d5b_ecd1_4812_9681_8da316be371a] Successfully joined group with generation Generation{generationId=1, memberId='consumer-Consumer-topic-dbb46d5b_ecd1_4812_9681_8da316be371a-21-39557bb4-359b-426a-a630-ee80c3c65179', protocol='range'}
2025-08-07 20:37:02,636 INFO  [org.apa.kaf.cli.con.int.ConsumerCoordinator] (Thread-768) [Consumer clientId=consumer-Consumer-topic-dbb46d5b_ecd1_4812_9681_8da316be371a-21, groupId=Consumer-topic-dbb46d5b_ecd1_4812_9681_8da316be371a] Finished assignment for group at generation 1: {consumer-Consumer-topic-dbb46d5b_ecd1_4812_9681_8da316be371a-21-39557bb4-359b-426a-a630-ee80c3c65179=Assignment(partitions=[topic-dbb46d5b_ecd1_4812_9681_8da316be371a-0])}
2025-08-07 20:37:02,644 INFO  [org.apa.kaf.cli.con.int.ConsumerCoordinator] (Thread-768) [Consumer clientId=consumer-Consumer-topic-dbb46d5b_ecd1_4812_9681_8da316be371a-21, groupId=Consumer-topic-dbb46d5b_ecd1_4812_9681_8da316be371a] Successfully synced group in generation Generation{generationId=1, memberId='consumer-Consumer-topic-dbb46d5b_ecd1_4812_9681_8da316be371a-21-39557bb4-359b-426a-a630-ee80c3c65179', protocol='range'}
2025-08-07 20:37:02,644 INFO  [org.apa.kaf.cli.con.int.ConsumerCoordinator] (Thread-768) [Consumer clientId=consumer-Consumer-topic-dbb46d5b_ecd1_4812_9681_8da316be371a-21, groupId=Consumer-topic-dbb46d5b_ecd1_4812_9681_8da316be371a] Notifying assignor about the new Assignment(partitions=[topic-dbb46d5b_ecd1_4812_9681_8da316be371a-0])
2025-08-07 20:37:02,644 INFO  [org.apa.kaf.cli.con.int.ConsumerRebalanceListenerInvoker] (Thread-768) [Consumer clientId=consumer-Consumer-topic-dbb46d5b_ecd1_4812_9681_8da316be371a-21, groupId=Consumer-topic-dbb46d5b_ecd1_4812_9681_8da316be371a] Adding newly assigned partitions: topic-dbb46d5b_ecd1_4812_9681_8da316be371a-0
2025-08-07 20:37:02,645 INFO  [org.apa.kaf.cli.con.int.ConsumerCoordinator] (Thread-768) [Consumer clientId=consumer-Consumer-topic-dbb46d5b_ecd1_4812_9681_8da316be371a-21, groupId=Consumer-topic-dbb46d5b_ecd1_4812_9681_8da316be371a] Found no committed offset for partition topic-dbb46d5b_ecd1_4812_9681_8da316be371a-0
2025-08-07 20:37:02,647 INFO  [org.apa.kaf.cli.con.int.SubscriptionState] (Thread-768) [Consumer clientId=consumer-Consumer-topic-dbb46d5b_ecd1_4812_9681_8da316be371a-21, groupId=Consumer-topic-dbb46d5b_ecd1_4812_9681_8da316be371a] Resetting offset for partition topic-dbb46d5b_ecd1_4812_9681_8da316be371a-0 to position FetchPosition{offset=0, offsetEpoch=Optional.empty, currentLeader=LeaderAndEpoch{leader=Optional[localhost:32769 (id: 0 rack: null)], epoch=0}}.
2025-08-07 20:37:02,683 INFO  [io.api.tes.ser.api.KafkaSerdesTester] (Thread-768) topic-dbb46d5b_ecd1_4812_9681_8da316be371a 0 0 io.apicurio.tests.common.serdes.json.ValidMessage@5d601ff0
2025-08-07 20:37:02,683 INFO  [io.api.tes.ser.api.KafkaSerdesTester] (Thread-768) topic-dbb46d5b_ecd1_4812_9681_8da316be371a 0 1 io.apicurio.tests.common.serdes.json.ValidMessage@35036fff
2025-08-07 20:37:02,683 INFO  [io.api.tes.ser.api.KafkaSerdesTester] (Thread-768) topic-dbb46d5b_ecd1_4812_9681_8da316be371a 0 2 io.apicurio.tests.common.serdes.json.ValidMessage@62e03aec
2025-08-07 20:37:02,683 INFO  [io.api.tes.ser.api.KafkaSerdesTester] (Thread-768) topic-dbb46d5b_ecd1_4812_9681_8da316be371a 0 3 io.apicurio.tests.common.serdes.json.ValidMessage@58feb4e
2025-08-07 20:37:02,684 INFO  [io.api.tes.ser.api.KafkaSerdesTester] (Thread-768) topic-dbb46d5b_ecd1_4812_9681_8da316be371a 0 4 io.apicurio.tests.common.serdes.json.ValidMessage@58cdfb90
2025-08-07 20:37:02,684 INFO  [io.api.tes.ser.api.KafkaSerdesTester] (Thread-768) topic-dbb46d5b_ecd1_4812_9681_8da316be371a 0 5 io.apicurio.tests.common.serdes.json.ValidMessage@761f1be1
2025-08-07 20:37:02,684 INFO  [io.api.tes.ser.api.KafkaSerdesTester] (Thread-768) topic-dbb46d5b_ecd1_4812_9681_8da316be371a 0 6 io.apicurio.tests.common.serdes.json.ValidMessage@15cb6894
2025-08-07 20:37:02,684 INFO  [io.api.tes.ser.api.KafkaSerdesTester] (Thread-768) topic-dbb46d5b_ecd1_4812_9681_8da316be371a 0 7 io.apicurio.tests.common.serdes.json.ValidMessage@6fe424f8
2025-08-07 20:37:02,684 INFO  [io.api.tes.ser.api.KafkaSerdesTester] (Thread-768) topic-dbb46d5b_ecd1_4812_9681_8da316be371a 0 8 io.apicurio.tests.common.serdes.json.ValidMessage@58c253ef
2025-08-07 20:37:02,684 INFO  [io.api.tes.ser.api.KafkaSerdesTester] (Thread-768) topic-dbb46d5b_ecd1_4812_9681_8da316be371a 0 9 io.apicurio.tests.common.serdes.json.ValidMessage@560c9b05
2025-08-07 20:37:02,684 INFO  [io.api.tes.ser.api.KafkaSerdesTester] (Thread-768) Consumed 10 messages
2025-08-07 20:37:02,691 INFO  [org.apa.kaf.cli.con.int.ConsumerRebalanceListenerInvoker] (Thread-768) [Consumer clientId=consumer-Consumer-topic-dbb46d5b_ecd1_4812_9681_8da316be371a-21, groupId=Consumer-topic-dbb46d5b_ecd1_4812_9681_8da316be371a] Revoke previously assigned partitions topic-dbb46d5b_ecd1_4812_9681_8da316be371a-0
2025-08-07 20:37:02,691 INFO  [org.apa.kaf.cli.con.int.ConsumerCoordinator] (Thread-768) [Consumer clientId=consumer-Consumer-topic-dbb46d5b_ecd1_4812_9681_8da316be371a-21, groupId=Consumer-topic-dbb46d5b_ecd1_4812_9681_8da316be371a] Member consumer-Consumer-topic-dbb46d5b_ecd1_4812_9681_8da316be371a-21-39557bb4-359b-426a-a630-ee80c3c65179 sending LeaveGroup request to coordinator localhost:32769 (id: 2147483647 rack: null) due to the consumer is being closed
2025-08-07 20:37:02,691 INFO  [org.apa.kaf.cli.con.int.ConsumerCoordinator] (Thread-768) [Consumer clientId=consumer-Consumer-topic-dbb46d5b_ecd1_4812_9681_8da316be371a-21, groupId=Consumer-topic-dbb46d5b_ecd1_4812_9681_8da316be371a] Resetting generation and member id due to: consumer pro-actively leaving the group
2025-08-07 20:37:02,691 INFO  [org.apa.kaf.cli.con.int.ConsumerCoordinator] (Thread-768) [Consumer clientId=consumer-Consumer-topic-dbb46d5b_ecd1_4812_9681_8da316be371a-21, groupId=Consumer-topic-dbb46d5b_ecd1_4812_9681_8da316be371a] Request joining group due to: consumer pro-actively leaving the group
2025-08-07 20:37:03,187 INFO  [org.apa.kaf.com.met.Metrics] (Thread-768) Metrics scheduler closed
2025-08-07 20:37:03,187 INFO  [org.apa.kaf.com.met.Metrics] (Thread-768) Closing reporter org.apache.kafka.common.metrics.JmxReporter
2025-08-07 20:37:03,187 INFO  [org.apa.kaf.com.met.Metrics] (Thread-768) Closing reporter org.apache.kafka.common.telemetry.internals.ClientTelemetryReporter
2025-08-07 20:37:03,187 INFO  [org.apa.kaf.com.met.Metrics] (Thread-768) Metrics reporters closed
2025-08-07 20:37:03,189 INFO  [org.apa.kaf.com.uti.AppInfoParser] (Thread-768) App info kafka.consumer for consumer-Consumer-topic-dbb46d5b_ecd1_4812_9681_8da316be371a-21 unregistered
2025-08-07 20:37:03,189 INFO  [io.api.tes.uti.TestSeparator] (main) io.apicurio.tests.serdes.apicurio.JsonSchemaSerdeIT.testTopicIdStrategyFindLatest-FINISHED
2025-08-07 20:37:03,189 INFO  [io.api.tes.uti.TestSeparator] (main) ############################################################################
Test passed: testTopicIdStrategyFindLatest
]]></system-out>
  </testcase>
  <testcase name="testConsumeReturnSpecificClass" classname="io.apicurio.tests.serdes.apicurio.JsonSchemaSerdeIT" time="4.962">
    <system-out><![CDATA[2025-08-07 20:37:03,190 INFO  [io.api.tes.uti.TestSeparator] (main) ############################################################################
2025-08-07 20:37:03,190 INFO  [io.api.tes.uti.TestSeparator] (main) io.apicurio.tests.serdes.apicurio.JsonSchemaSerdeIT.testConsumeReturnSpecificClass-STARTED
**** Registry Base URL: http://registry-app-ksql043.apps.ci419.apicurio-testing.org:80
2025-08-07 20:37:04,258 INFO  [org.apa.kaf.cli.pro.ProducerConfig] (main) ProducerConfig values: 
	acks = -1
	auto.include.jmx.reporter = true
	batch.size = 16384
	bootstrap.servers = [PLAINTEXT://localhost:32769]
	buffer.memory = 33554432
	client.dns.lookup = use_all_dns_ips
	client.id = Producer-topic-2db81191_6226_4178_9d85_0db79b1f606b
	compression.gzip.level = -1
	compression.lz4.level = 9
	compression.type = none
	compression.zstd.level = 3
	connections.max.idle.ms = 10000
	delivery.timeout.ms = 120000
	enable.idempotence = true
	enable.metrics.push = true
	interceptor.classes = []
	key.serializer = class org.apache.kafka.common.serialization.StringSerializer
	linger.ms = 0
	max.block.ms = 60000
	max.in.flight.requests.per.connection = 5
	max.request.size = 1048576
	metadata.max.age.ms = 300000
	metadata.max.idle.ms = 300000
	metadata.recovery.strategy = none
	metric.reporters = []
	metrics.num.samples = 2
	metrics.recording.level = INFO
	metrics.sample.window.ms = 30000
	partitioner.adaptive.partitioning.enable = true
	partitioner.availability.timeout.ms = 0
	partitioner.class = null
	partitioner.ignore.keys = false
	receive.buffer.bytes = 32768
	reconnect.backoff.max.ms = 1000
	reconnect.backoff.ms = 50
	request.timeout.ms = 5000
	retries = 2147483647
	retry.backoff.max.ms = 1000
	retry.backoff.ms = 100
	sasl.client.callback.handler.class = null
	sasl.jaas.config = null
	sasl.kerberos.kinit.cmd = /usr/bin/kinit
	sasl.kerberos.min.time.before.relogin = 60000
	sasl.kerberos.service.name = null
	sasl.kerberos.ticket.renew.jitter = 0.05
	sasl.kerberos.ticket.renew.window.factor = 0.8
	sasl.login.callback.handler.class = null
	sasl.login.class = null
	sasl.login.connect.timeout.ms = null
	sasl.login.read.timeout.ms = null
	sasl.login.refresh.buffer.seconds = 300
	sasl.login.refresh.min.period.seconds = 60
	sasl.login.refresh.window.factor = 0.8
	sasl.login.refresh.window.jitter = 0.05
	sasl.login.retry.backoff.max.ms = 10000
	sasl.login.retry.backoff.ms = 100
	sasl.mechanism = GSSAPI
	sasl.oauthbearer.clock.skew.seconds = 30
	sasl.oauthbearer.expected.audience = null
	sasl.oauthbearer.expected.issuer = null
	sasl.oauthbearer.header.urlencode = false
	sasl.oauthbearer.jwks.endpoint.refresh.ms = 3600000
	sasl.oauthbearer.jwks.endpoint.retry.backoff.max.ms = 10000
	sasl.oauthbearer.jwks.endpoint.retry.backoff.ms = 100
	sasl.oauthbearer.jwks.endpoint.url = null
	sasl.oauthbearer.scope.claim.name = scope
	sasl.oauthbearer.sub.claim.name = sub
	sasl.oauthbearer.token.endpoint.url = null
	security.protocol = PLAINTEXT
	security.providers = null
	send.buffer.bytes = 131072
	socket.connection.setup.timeout.max.ms = 30000
	socket.connection.setup.timeout.ms = 10000
	ssl.cipher.suites = null
	ssl.enabled.protocols = [TLSv1.2, TLSv1.3]
	ssl.endpoint.identification.algorithm = https
	ssl.engine.factory.class = null
	ssl.key.password = null
	ssl.keymanager.algorithm = SunX509
	ssl.keystore.certificate.chain = null
	ssl.keystore.key = null
	ssl.keystore.location = null
	ssl.keystore.password = null
	ssl.keystore.type = JKS
	ssl.protocol = TLSv1.3
	ssl.provider = null
	ssl.secure.random.implementation = null
	ssl.trustmanager.algorithm = PKIX
	ssl.truststore.certificates = null
	ssl.truststore.location = null
	ssl.truststore.password = null
	ssl.truststore.type = JKS
	transaction.timeout.ms = 60000
	transactional.id = null
	value.serializer = class io.apicurio.registry.serde.jsonschema.JsonSchemaKafkaSerializer

2025-08-07 20:37:04,259 INFO  [org.apa.kaf.com.tel.int.KafkaMetricsCollector] (main) initializing Kafka metrics collector
2025-08-07 20:37:04,261 INFO  [org.apa.kaf.cli.pro.KafkaProducer] (main) [Producer clientId=Producer-topic-2db81191_6226_4178_9d85_0db79b1f606b] Instantiated an idempotent producer.
2025-08-07 20:37:04,263 INFO  [org.apa.kaf.cli.pro.ProducerConfig] (main) These configurations '[apicurio.registry.url, apicurio.registry.artifact-resolver-strategy]' were supplied but are not used yet.
2025-08-07 20:37:04,263 INFO  [org.apa.kaf.com.uti.AppInfoParser] (main) Kafka version: 3.9.1
2025-08-07 20:37:04,263 INFO  [org.apa.kaf.com.uti.AppInfoParser] (main) Kafka commitId: f745dfdcee2b9851
2025-08-07 20:37:04,263 INFO  [org.apa.kaf.com.uti.AppInfoParser] (main) Kafka startTimeMs: 1754599024263
2025-08-07 20:37:04,263 INFO  [io.api.tes.ser.api.SimpleSerdesTesterBuilder$SimpleSerdesTester] (main) Using producer configuration: {apicurio.registry.url=http://registry-app-ksql043.apps.ci419.apicurio-testing.org:80/apis/registry/v3, apicurio.registry.artifact-resolver-strategy=io.apicurio.registry.serde.strategy.SimpleTopicIdStrategy, value.serializer=io.apicurio.registry.serde.jsonschema.JsonSchemaKafkaSerializer, request.timeout.ms=5000, acks=all, bootstrap.servers=PLAINTEXT://localhost:32769, connections.max.idle.ms=10000, key.serializer=org.apache.kafka.common.serialization.StringSerializer, client.id=Producer-topic-2db81191_6226_4178_9d85_0db79b1f606b}
2025-08-07 20:37:04,263 INFO  [io.api.tes.ser.api.SimpleSerdesTesterBuilder$SimpleSerdesTester] (main) Using consumer configuration: {apicurio.registry.deserializer.value.return-class=java.util.Map}
2025-08-07 20:37:04,263 INFO  [io.api.tes.ser.api.KafkaSerdesTester] (Thread-771) Sending message io.apicurio.tests.common.serdes.json.ValidMessage@21187d6c to topic topic-2db81191_6226_4178_9d85_0db79b1f606b
2025-08-07 20:37:04,272 INFO  [org.apa.kaf.cli.Metadata] (kafka-producer-network-thread | Producer-topic-2db81191_6226_4178_9d85_0db79b1f606b) [Producer clientId=Producer-topic-2db81191_6226_4178_9d85_0db79b1f606b] Cluster ID: 7hmfGG3YTMCno0-sg6ieQg
2025-08-07 20:37:04,273 INFO  [org.apa.kaf.cli.pro.int.TransactionManager] (kafka-producer-network-thread | Producer-topic-2db81191_6226_4178_9d85_0db79b1f606b) [Producer clientId=Producer-topic-2db81191_6226_4178_9d85_0db79b1f606b] ProducerId set to 31 with epoch 0
2025-08-07 20:37:04,551 INFO  [io.api.tes.ser.api.KafkaSerdesTester] (Thread-771) Sending message io.apicurio.tests.common.serdes.json.ValidMessage@71417b0f to topic topic-2db81191_6226_4178_9d85_0db79b1f606b
2025-08-07 20:37:04,554 INFO  [io.api.tes.ser.api.KafkaSerdesTester] (Thread-771) Sending message io.apicurio.tests.common.serdes.json.ValidMessage@a830827 to topic topic-2db81191_6226_4178_9d85_0db79b1f606b
2025-08-07 20:37:04,557 INFO  [io.api.tes.ser.api.KafkaSerdesTester] (Thread-771) Sending message io.apicurio.tests.common.serdes.json.ValidMessage@bdff26a to topic topic-2db81191_6226_4178_9d85_0db79b1f606b
2025-08-07 20:37:04,558 INFO  [io.api.tes.ser.api.KafkaSerdesTester] (Thread-771) Sending message io.apicurio.tests.common.serdes.json.ValidMessage@3d1750b7 to topic topic-2db81191_6226_4178_9d85_0db79b1f606b
2025-08-07 20:37:04,561 INFO  [io.api.tes.ser.api.KafkaSerdesTester] (Thread-771) Sending message io.apicurio.tests.common.serdes.json.ValidMessage@5bb34c93 to topic topic-2db81191_6226_4178_9d85_0db79b1f606b
2025-08-07 20:37:04,562 INFO  [io.api.tes.ser.api.KafkaSerdesTester] (Thread-771) Sending message io.apicurio.tests.common.serdes.json.ValidMessage@4e49ae2e to topic topic-2db81191_6226_4178_9d85_0db79b1f606b
2025-08-07 20:37:04,566 INFO  [io.api.tes.ser.api.KafkaSerdesTester] (Thread-771) Sending message io.apicurio.tests.common.serdes.json.ValidMessage@7d1b62fc to topic topic-2db81191_6226_4178_9d85_0db79b1f606b
2025-08-07 20:37:04,568 INFO  [io.api.tes.ser.api.KafkaSerdesTester] (Thread-771) Sending message io.apicurio.tests.common.serdes.json.ValidMessage@51b92a38 to topic topic-2db81191_6226_4178_9d85_0db79b1f606b
2025-08-07 20:37:04,570 INFO  [io.api.tes.ser.api.KafkaSerdesTester] (Thread-771) Sending message io.apicurio.tests.common.serdes.json.ValidMessage@2078a437 to topic topic-2db81191_6226_4178_9d85_0db79b1f606b
2025-08-07 20:37:04,571 INFO  [io.api.tes.ser.api.KafkaSerdesTester] (Thread-771) Produced 10 messages
2025-08-07 20:37:04,571 INFO  [org.apa.kaf.cli.pro.KafkaProducer] (Thread-771) [Producer clientId=Producer-topic-2db81191_6226_4178_9d85_0db79b1f606b] Closing the Kafka producer with timeoutMillis = 9223372036854775807 ms.
2025-08-07 20:37:04,573 INFO  [org.apa.kaf.com.met.Metrics] (Thread-771) Metrics scheduler closed
2025-08-07 20:37:04,573 INFO  [org.apa.kaf.com.met.Metrics] (Thread-771) Closing reporter org.apache.kafka.common.metrics.JmxReporter
2025-08-07 20:37:04,573 INFO  [org.apa.kaf.com.met.Metrics] (Thread-771) Closing reporter org.apache.kafka.common.telemetry.internals.ClientTelemetryReporter
2025-08-07 20:37:04,573 INFO  [org.apa.kaf.com.met.Metrics] (Thread-771) Metrics reporters closed
2025-08-07 20:37:04,573 INFO  [org.apa.kaf.com.uti.AppInfoParser] (Thread-771) App info kafka.producer for Producer-topic-2db81191_6226_4178_9d85_0db79b1f606b unregistered
**** Registry Base URL: http://registry-app-ksql043.apps.ci419.apicurio-testing.org:80
2025-08-07 20:37:04,575 INFO  [org.apa.kaf.cli.con.ConsumerConfig] (main) ConsumerConfig values: 
	allow.auto.create.topics = true
	auto.commit.interval.ms = 500
	auto.include.jmx.reporter = true
	auto.offset.reset = earliest
	bootstrap.servers = [PLAINTEXT://localhost:32769]
	check.crcs = true
	client.dns.lookup = use_all_dns_ips
	client.id = consumer-Consumer-topic-2db81191_6226_4178_9d85_0db79b1f606b-22
	client.rack = 
	connections.max.idle.ms = 10000
	default.api.timeout.ms = 60000
	enable.auto.commit = true
	enable.metrics.push = true
	exclude.internal.topics = true
	fetch.max.bytes = 52428800
	fetch.max.wait.ms = 500
	fetch.min.bytes = 1
	group.id = Consumer-topic-2db81191_6226_4178_9d85_0db79b1f606b
	group.instance.id = null
	group.protocol = classic
	group.remote.assignor = null
	heartbeat.interval.ms = 3000
	interceptor.classes = []
	internal.leave.group.on.close = true
	internal.throw.on.fetch.stable.offset.unsupported = false
	isolation.level = read_uncommitted
	key.deserializer = class org.apache.kafka.common.serialization.StringDeserializer
	max.partition.fetch.bytes = 1048576
	max.poll.interval.ms = 300000
	max.poll.records = 500
	metadata.max.age.ms = 300000
	metadata.recovery.strategy = none
	metric.reporters = []
	metrics.num.samples = 2
	metrics.recording.level = INFO
	metrics.sample.window.ms = 30000
	partition.assignment.strategy = [class org.apache.kafka.clients.consumer.RangeAssignor, class org.apache.kafka.clients.consumer.CooperativeStickyAssignor]
	receive.buffer.bytes = 65536
	reconnect.backoff.max.ms = 1000
	reconnect.backoff.ms = 50
	request.timeout.ms = 5000
	retry.backoff.max.ms = 1000
	retry.backoff.ms = 100
	sasl.client.callback.handler.class = null
	sasl.jaas.config = null
	sasl.kerberos.kinit.cmd = /usr/bin/kinit
	sasl.kerberos.min.time.before.relogin = 60000
	sasl.kerberos.service.name = null
	sasl.kerberos.ticket.renew.jitter = 0.05
	sasl.kerberos.ticket.renew.window.factor = 0.8
	sasl.login.callback.handler.class = null
	sasl.login.class = null
	sasl.login.connect.timeout.ms = null
	sasl.login.read.timeout.ms = null
	sasl.login.refresh.buffer.seconds = 300
	sasl.login.refresh.min.period.seconds = 60
	sasl.login.refresh.window.factor = 0.8
	sasl.login.refresh.window.jitter = 0.05
	sasl.login.retry.backoff.max.ms = 10000
	sasl.login.retry.backoff.ms = 100
	sasl.mechanism = GSSAPI
	sasl.oauthbearer.clock.skew.seconds = 30
	sasl.oauthbearer.expected.audience = null
	sasl.oauthbearer.expected.issuer = null
	sasl.oauthbearer.header.urlencode = false
	sasl.oauthbearer.jwks.endpoint.refresh.ms = 3600000
	sasl.oauthbearer.jwks.endpoint.retry.backoff.max.ms = 10000
	sasl.oauthbearer.jwks.endpoint.retry.backoff.ms = 100
	sasl.oauthbearer.jwks.endpoint.url = null
	sasl.oauthbearer.scope.claim.name = scope
	sasl.oauthbearer.sub.claim.name = sub
	sasl.oauthbearer.token.endpoint.url = null
	security.protocol = PLAINTEXT
	security.providers = null
	send.buffer.bytes = 131072
	session.timeout.ms = 45000
	socket.connection.setup.timeout.max.ms = 30000
	socket.connection.setup.timeout.ms = 10000
	ssl.cipher.suites = null
	ssl.enabled.protocols = [TLSv1.2, TLSv1.3]
	ssl.endpoint.identification.algorithm = https
	ssl.engine.factory.class = null
	ssl.key.password = null
	ssl.keymanager.algorithm = SunX509
	ssl.keystore.certificate.chain = null
	ssl.keystore.key = null
	ssl.keystore.location = null
	ssl.keystore.password = null
	ssl.keystore.type = JKS
	ssl.protocol = TLSv1.3
	ssl.provider = null
	ssl.secure.random.implementation = null
	ssl.trustmanager.algorithm = PKIX
	ssl.truststore.certificates = null
	ssl.truststore.location = null
	ssl.truststore.password = null
	ssl.truststore.type = JKS
	value.deserializer = class io.apicurio.registry.serde.jsonschema.JsonSchemaKafkaDeserializer

2025-08-07 20:37:04,575 INFO  [org.apa.kaf.com.tel.int.KafkaMetricsCollector] (main) initializing Kafka metrics collector
2025-08-07 20:37:04,583 INFO  [org.apa.kaf.cli.con.ConsumerConfig] (main) These configurations '[apicurio.registry.deserializer.value.return-class, apicurio.registry.url]' were supplied but are not used yet.
2025-08-07 20:37:04,583 INFO  [org.apa.kaf.com.uti.AppInfoParser] (main) Kafka version: 3.9.1
2025-08-07 20:37:04,583 INFO  [org.apa.kaf.com.uti.AppInfoParser] (main) Kafka commitId: f745dfdcee2b9851
2025-08-07 20:37:04,583 INFO  [org.apa.kaf.com.uti.AppInfoParser] (main) Kafka startTimeMs: 1754599024583
2025-08-07 20:37:04,583 INFO  [org.apa.kaf.cli.con.int.ClassicKafkaConsumer] (Thread-774) [Consumer clientId=consumer-Consumer-topic-2db81191_6226_4178_9d85_0db79b1f606b-22, groupId=Consumer-topic-2db81191_6226_4178_9d85_0db79b1f606b] Subscribed to topic(s): topic-2db81191_6226_4178_9d85_0db79b1f606b
2025-08-07 20:37:04,586 INFO  [org.apa.kaf.cli.Metadata] (Thread-774) [Consumer clientId=consumer-Consumer-topic-2db81191_6226_4178_9d85_0db79b1f606b-22, groupId=Consumer-topic-2db81191_6226_4178_9d85_0db79b1f606b] Cluster ID: 7hmfGG3YTMCno0-sg6ieQg
2025-08-07 20:37:04,587 INFO  [org.apa.kaf.cli.con.int.ConsumerCoordinator] (Thread-774) [Consumer clientId=consumer-Consumer-topic-2db81191_6226_4178_9d85_0db79b1f606b-22, groupId=Consumer-topic-2db81191_6226_4178_9d85_0db79b1f606b] Discovered group coordinator localhost:32769 (id: 2147483647 rack: null)
2025-08-07 20:37:04,588 INFO  [org.apa.kaf.cli.con.int.ConsumerCoordinator] (Thread-774) [Consumer clientId=consumer-Consumer-topic-2db81191_6226_4178_9d85_0db79b1f606b-22, groupId=Consumer-topic-2db81191_6226_4178_9d85_0db79b1f606b] (Re-)joining group
2025-08-07 20:37:04,590 INFO  [org.apa.kaf.cli.con.int.ConsumerCoordinator] (Thread-774) [Consumer clientId=consumer-Consumer-topic-2db81191_6226_4178_9d85_0db79b1f606b-22, groupId=Consumer-topic-2db81191_6226_4178_9d85_0db79b1f606b] Request joining group due to: need to re-join with the given member-id: consumer-Consumer-topic-2db81191_6226_4178_9d85_0db79b1f606b-22-8f5d89d6-7068-4aa7-8ad1-ea371ab2c0b0
2025-08-07 20:37:04,590 INFO  [org.apa.kaf.cli.con.int.ConsumerCoordinator] (Thread-774) [Consumer clientId=consumer-Consumer-topic-2db81191_6226_4178_9d85_0db79b1f606b-22, groupId=Consumer-topic-2db81191_6226_4178_9d85_0db79b1f606b] (Re-)joining group
2025-08-07 20:37:05,583 INFO  [io.api.tes.ser.api.KafkaSerdesTester] (Thread-774) None found
2025-08-07 20:37:06,584 INFO  [io.api.tes.ser.api.KafkaSerdesTester] (Thread-774) None found
2025-08-07 20:37:07,584 INFO  [io.api.tes.ser.api.KafkaSerdesTester] (Thread-774) None found
2025-08-07 20:37:07,590 INFO  [org.apa.kaf.cli.con.int.ConsumerCoordinator] (Thread-774) [Consumer clientId=consumer-Consumer-topic-2db81191_6226_4178_9d85_0db79b1f606b-22, groupId=Consumer-topic-2db81191_6226_4178_9d85_0db79b1f606b] Successfully joined group with generation Generation{generationId=1, memberId='consumer-Consumer-topic-2db81191_6226_4178_9d85_0db79b1f606b-22-8f5d89d6-7068-4aa7-8ad1-ea371ab2c0b0', protocol='range'}
2025-08-07 20:37:07,591 INFO  [org.apa.kaf.cli.con.int.ConsumerCoordinator] (Thread-774) [Consumer clientId=consumer-Consumer-topic-2db81191_6226_4178_9d85_0db79b1f606b-22, groupId=Consumer-topic-2db81191_6226_4178_9d85_0db79b1f606b] Finished assignment for group at generation 1: {consumer-Consumer-topic-2db81191_6226_4178_9d85_0db79b1f606b-22-8f5d89d6-7068-4aa7-8ad1-ea371ab2c0b0=Assignment(partitions=[topic-2db81191_6226_4178_9d85_0db79b1f606b-0])}
2025-08-07 20:37:07,596 INFO  [org.apa.kaf.cli.con.int.ConsumerCoordinator] (Thread-774) [Consumer clientId=consumer-Consumer-topic-2db81191_6226_4178_9d85_0db79b1f606b-22, groupId=Consumer-topic-2db81191_6226_4178_9d85_0db79b1f606b] Successfully synced group in generation Generation{generationId=1, memberId='consumer-Consumer-topic-2db81191_6226_4178_9d85_0db79b1f606b-22-8f5d89d6-7068-4aa7-8ad1-ea371ab2c0b0', protocol='range'}
2025-08-07 20:37:07,596 INFO  [org.apa.kaf.cli.con.int.ConsumerCoordinator] (Thread-774) [Consumer clientId=consumer-Consumer-topic-2db81191_6226_4178_9d85_0db79b1f606b-22, groupId=Consumer-topic-2db81191_6226_4178_9d85_0db79b1f606b] Notifying assignor about the new Assignment(partitions=[topic-2db81191_6226_4178_9d85_0db79b1f606b-0])
2025-08-07 20:37:07,597 INFO  [org.apa.kaf.cli.con.int.ConsumerRebalanceListenerInvoker] (Thread-774) [Consumer clientId=consumer-Consumer-topic-2db81191_6226_4178_9d85_0db79b1f606b-22, groupId=Consumer-topic-2db81191_6226_4178_9d85_0db79b1f606b] Adding newly assigned partitions: topic-2db81191_6226_4178_9d85_0db79b1f606b-0
2025-08-07 20:37:07,597 INFO  [org.apa.kaf.cli.con.int.ConsumerCoordinator] (Thread-774) [Consumer clientId=consumer-Consumer-topic-2db81191_6226_4178_9d85_0db79b1f606b-22, groupId=Consumer-topic-2db81191_6226_4178_9d85_0db79b1f606b] Found no committed offset for partition topic-2db81191_6226_4178_9d85_0db79b1f606b-0
2025-08-07 20:37:07,601 INFO  [org.apa.kaf.cli.con.int.SubscriptionState] (Thread-774) [Consumer clientId=consumer-Consumer-topic-2db81191_6226_4178_9d85_0db79b1f606b-22, groupId=Consumer-topic-2db81191_6226_4178_9d85_0db79b1f606b] Resetting offset for partition topic-2db81191_6226_4178_9d85_0db79b1f606b-0 to position FetchPosition{offset=0, offsetEpoch=Optional.empty, currentLeader=LeaderAndEpoch{leader=Optional[localhost:32769 (id: 0 rack: null)], epoch=0}}.
2025-08-07 20:37:07,648 INFO  [io.api.tes.ser.api.KafkaSerdesTester] (Thread-774) topic-2db81191_6226_4178_9d85_0db79b1f606b 0 0 {message=Hello 0, time=1754599024263}
2025-08-07 20:37:07,648 INFO  [io.api.tes.ser.api.KafkaSerdesTester] (Thread-774) topic-2db81191_6226_4178_9d85_0db79b1f606b 0 1 {message=Hello 1, time=1754599024551}
2025-08-07 20:37:07,648 INFO  [io.api.tes.ser.api.KafkaSerdesTester] (Thread-774) topic-2db81191_6226_4178_9d85_0db79b1f606b 0 2 {message=Hello 2, time=1754599024554}
2025-08-07 20:37:07,648 INFO  [io.api.tes.ser.api.KafkaSerdesTester] (Thread-774) topic-2db81191_6226_4178_9d85_0db79b1f606b 0 3 {message=Hello 3, time=1754599024557}
2025-08-07 20:37:07,648 INFO  [io.api.tes.ser.api.KafkaSerdesTester] (Thread-774) topic-2db81191_6226_4178_9d85_0db79b1f606b 0 4 {message=Hello 4, time=1754599024558}
2025-08-07 20:37:07,648 INFO  [io.api.tes.ser.api.KafkaSerdesTester] (Thread-774) topic-2db81191_6226_4178_9d85_0db79b1f606b 0 5 {message=Hello 5, time=1754599024561}
2025-08-07 20:37:07,648 INFO  [io.api.tes.ser.api.KafkaSerdesTester] (Thread-774) topic-2db81191_6226_4178_9d85_0db79b1f606b 0 6 {message=Hello 6, time=1754599024562}
2025-08-07 20:37:07,648 INFO  [io.api.tes.ser.api.KafkaSerdesTester] (Thread-774) topic-2db81191_6226_4178_9d85_0db79b1f606b 0 7 {message=Hello 7, time=1754599024566}
2025-08-07 20:37:07,648 INFO  [io.api.tes.ser.api.KafkaSerdesTester] (Thread-774) topic-2db81191_6226_4178_9d85_0db79b1f606b 0 8 {message=Hello 8, time=1754599024568}
2025-08-07 20:37:07,648 INFO  [io.api.tes.ser.api.KafkaSerdesTester] (Thread-774) topic-2db81191_6226_4178_9d85_0db79b1f606b 0 9 {message=Hello 9, time=1754599024570}
2025-08-07 20:37:07,648 INFO  [io.api.tes.ser.api.KafkaSerdesTester] (Thread-774) Consumed 10 messages
2025-08-07 20:37:07,657 INFO  [org.apa.kaf.cli.con.int.ConsumerRebalanceListenerInvoker] (Thread-774) [Consumer clientId=consumer-Consumer-topic-2db81191_6226_4178_9d85_0db79b1f606b-22, groupId=Consumer-topic-2db81191_6226_4178_9d85_0db79b1f606b] Revoke previously assigned partitions topic-2db81191_6226_4178_9d85_0db79b1f606b-0
2025-08-07 20:37:07,657 INFO  [org.apa.kaf.cli.con.int.ConsumerCoordinator] (Thread-774) [Consumer clientId=consumer-Consumer-topic-2db81191_6226_4178_9d85_0db79b1f606b-22, groupId=Consumer-topic-2db81191_6226_4178_9d85_0db79b1f606b] Member consumer-Consumer-topic-2db81191_6226_4178_9d85_0db79b1f606b-22-8f5d89d6-7068-4aa7-8ad1-ea371ab2c0b0 sending LeaveGroup request to coordinator localhost:32769 (id: 2147483647 rack: null) due to the consumer is being closed
2025-08-07 20:37:07,658 INFO  [org.apa.kaf.cli.con.int.ConsumerCoordinator] (Thread-774) [Consumer clientId=consumer-Consumer-topic-2db81191_6226_4178_9d85_0db79b1f606b-22, groupId=Consumer-topic-2db81191_6226_4178_9d85_0db79b1f606b] Resetting generation and member id due to: consumer pro-actively leaving the group
2025-08-07 20:37:07,658 INFO  [org.apa.kaf.cli.con.int.ConsumerCoordinator] (Thread-774) [Consumer clientId=consumer-Consumer-topic-2db81191_6226_4178_9d85_0db79b1f606b-22, groupId=Consumer-topic-2db81191_6226_4178_9d85_0db79b1f606b] Request joining group due to: consumer pro-actively leaving the group
2025-08-07 20:37:08,149 INFO  [org.apa.kaf.com.met.Metrics] (Thread-774) Metrics scheduler closed
2025-08-07 20:37:08,149 INFO  [org.apa.kaf.com.met.Metrics] (Thread-774) Closing reporter org.apache.kafka.common.metrics.JmxReporter
2025-08-07 20:37:08,149 INFO  [org.apa.kaf.com.met.Metrics] (Thread-774) Closing reporter org.apache.kafka.common.telemetry.internals.ClientTelemetryReporter
2025-08-07 20:37:08,149 INFO  [org.apa.kaf.com.met.Metrics] (Thread-774) Metrics reporters closed
2025-08-07 20:37:08,151 INFO  [org.apa.kaf.com.uti.AppInfoParser] (Thread-774) App info kafka.consumer for consumer-Consumer-topic-2db81191_6226_4178_9d85_0db79b1f606b-22 unregistered
2025-08-07 20:37:08,151 INFO  [io.api.tes.uti.TestSeparator] (main) io.apicurio.tests.serdes.apicurio.JsonSchemaSerdeIT.testConsumeReturnSpecificClass-FINISHED
2025-08-07 20:37:08,151 INFO  [io.api.tes.uti.TestSeparator] (main) ############################################################################
Test passed: testConsumeReturnSpecificClass
]]></system-out>
  </testcase>
</testsuite>