<?xml version="1.0" encoding="UTF-8"?>
<testsuite xmlns:xsi="http://www.w3.org/2001/XMLSchema-instance" xsi:noNamespaceSchemaLocation="https://maven.apache.org/surefire/maven-failsafe-plugin/xsd/failsafe-test-report.xsd" version="3.0.2" name="io.apicurio.tests.serdes.apicurio.ProtobufSerdeIT" time="66.886" tests="17" errors="0" skipped="0" failures="0">
  <properties>
    <property name="java.specification.version" value="17"/>
    <property name="sun.jnu.encoding" value="UTF-8"/>
    <property name="java.class.path" value="/home/runner/work/apicurio-testing/apicurio-testing/clusters/ci419/namespaces/inmemory/tests/integration/apicurio-registry/integration-tests/target/test-classes:/home/runner/work/apicurio-testing/apicurio-testing/clusters/ci419/namespaces/inmemory/tests/integration/apicurio-registry/integration-tests/target/apicurio-registry-integration-tests-3.0.12-SNAPSHOT.jar:/home/runner/.m2/repository/io/quarkus/quarkus-junit5/3.20.2/quarkus-junit5-3.20.2.jar:/home/runner/.m2/repository/io/quarkus/quarkus-bootstrap-core/3.20.2/quarkus-bootstrap-core-3.20.2.jar:/home/runner/.m2/repository/io/quarkus/quarkus-classloader-commons/3.20.2/quarkus-classloader-commons-3.20.2.jar:/home/runner/.m2/repository/io/quarkus/quarkus-bootstrap-app-model/3.20.2/quarkus-bootstrap-app-model-3.20.2.jar:/home/runner/.m2/repository/io/smallrye/common/smallrye-common-io/2.12.0/smallrye-common-io-2.12.0.jar:/home/runner/.m2/repository/org/eclipse/sisu/org.eclipse.sisu.inject/0.9.0.M3/org.eclipse.sisu.inject-0.9.0.M3.jar:/home/runner/.m2/repository/io/quarkus/quarkus-test-common/3.20.2/quarkus-test-common-3.20.2.jar:/home/runner/.m2/repository/io/quarkus/quarkus-core-deployment/3.20.2/quarkus-core-deployment-3.20.2.jar:/home/runner/.m2/repository/org/aesh/readline/2.6/readline-2.6.jar:/home/runner/.m2/repository/org/fusesource/jansi/jansi/2.4.0/jansi-2.4.0.jar:/home/runner/.m2/repository/org/aesh/aesh/2.8.2/aesh-2.8.2.jar:/home/runner/.m2/repository/io/quarkus/gizmo/gizmo/1.8.0/gizmo-1.8.0.jar:/home/runner/.m2/repository/org/ow2/asm/asm-util/9.7.1/asm-util-9.7.1.jar:/home/runner/.m2/repository/org/ow2/asm/asm-analysis/9.7.1/asm-analysis-9.7.1.jar:/home/runner/.m2/repository/org/ow2/asm/asm-commons/9.7.1/asm-commons-9.7.1.jar:/home/runner/.m2/repository/org/ow2/asm/asm-tree/9.7.1/asm-tree-9.7.1.jar:/home/runner/.m2/repository/io/quarkus/quarkus-hibernate-validator-spi/3.20.2/quarkus-hibernate-validator-spi-3.20.2.jar:/home/runner/.m2/repository/io/quarkus/quarkus-class-change-agent/3.20.2/quarkus-class-change-agent-3.20.2.jar:/home/runner/.m2/repository/io/quarkus/quarkus-devtools-utilities/3.20.2/quarkus-devtools-utilities-3.20.2.jar:/home/runner/.m2/repository/io/quarkus/quarkus-builder/3.20.2/quarkus-builder-3.20.2.jar:/home/runner/.m2/repository/org/graalvm/sdk/nativeimage/23.1.2/nativeimage-23.1.2.jar:/home/runner/.m2/repository/org/graalvm/sdk/word/23.1.2/word-23.1.2.jar:/home/runner/.m2/repository/io/quarkus/quarkus-bootstrap-maven-resolver/3.20.2/quarkus-bootstrap-maven-resolver-3.20.2.jar:/home/runner/.m2/repository/io/smallrye/beanbag/smallrye-beanbag-maven/1.5.2/smallrye-beanbag-maven-1.5.2.jar:/home/runner/.m2/repository/io/smallrye/beanbag/smallrye-beanbag-sisu/1.5.2/smallrye-beanbag-sisu-1.5.2.jar:/home/runner/.m2/repository/io/smallrye/beanbag/smallrye-beanbag/1.5.2/smallrye-beanbag-1.5.2.jar:/home/runner/.m2/repository/javax/inject/javax.inject/1/javax.inject-1.jar:/home/runner/.m2/repository/org/apache/maven/maven-artifact/3.9.9/maven-artifact-3.9.9.jar:/home/runner/.m2/repository/org/apache/maven/maven-builder-support/3.9.9/maven-builder-support-3.9.9.jar:/home/runner/.m2/repository/org/apache/maven/maven-model/3.9.9/maven-model-3.9.9.jar:/home/runner/.m2/repository/org/apache/maven/maven-model-builder/3.9.9/maven-model-builder-3.9.9.jar:/home/runner/.m2/repository/org/apache/maven/maven-repository-metadata/3.9.9/maven-repository-metadata-3.9.9.jar:/home/runner/.m2/repository/org/apache/maven/maven-settings/3.9.9/maven-settings-3.9.9.jar:/home/runner/.m2/repository/org/apache/maven/resolver/maven-resolver-api/1.9.22/maven-resolver-api-1.9.22.jar:/home/runner/.m2/repository/org/apache/maven/resolver/maven-resolver-impl/1.9.22/maven-resolver-impl-1.9.22.jar:/home/runner/.m2/repository/org/apache/maven/resolver/maven-resolver-named-locks/1.9.22/maven-resolver-named-locks-1.9.22.jar:/home/runner/.m2/repository/org/apache/maven/resolver/maven-resolver-spi/1.9.22/maven-resolver-spi-1.9.22.jar:/home/runner/.m2/repository/org/apache/maven/resolver/maven-resolver-util/1.9.22/maven-resolver-util-1.9.22.jar:/home/runner/.m2/repository/org/apache/maven/resolver/maven-resolver-transport-http/1.9.20/maven-resolver-transport-http-1.9.20.jar:/home/runner/.m2/repository/org/apache/maven/wagon/wagon-provider-api/3.5.3/wagon-provider-api-3.5.3.jar:/home/runner/.m2/repository/org/apache/maven/wagon/wagon-http-shared/3.5.3/wagon-http-shared-3.5.3.jar:/home/runner/.m2/repository/org/codehaus/plexus/plexus-interpolation/1.26/plexus-interpolation-1.26.jar:/home/runner/.m2/repository/org/codehaus/plexus/plexus-utils/3.5.1/plexus-utils-3.5.1.jar:/home/runner/.m2/repository/org/codehaus/plexus/plexus-xml/4.0.1/plexus-xml-4.0.1.jar:/home/runner/.m2/repository/org/apache/maven/maven-xml-impl/4.0.0-alpha-5/maven-xml-impl-4.0.0-alpha-5.jar:/home/runner/.m2/repository/org/apache/maven/maven-api-xml/4.0.0-alpha-5/maven-api-xml-4.0.0-alpha-5.jar:/home/runner/.m2/repository/org/apache/maven/maven-api-meta/4.0.0-alpha-5/maven-api-meta-4.0.0-alpha-5.jar:/home/runner/.m2/repository/org/codehaus/plexus/plexus-cipher/2.0/plexus-cipher-2.0.jar:/home/runner/.m2/repository/org/codehaus/plexus/plexus-sec-dispatcher/2.0/plexus-sec-dispatcher-2.0.jar:/home/runner/.m2/repository/org/apache/maven/maven-embedder/3.9.9/maven-embedder-3.9.9.jar:/home/runner/.m2/repository/org/apache/maven/maven-core/3.9.9/maven-core-3.9.9.jar:/home/runner/.m2/repository/org/codehaus/plexus/plexus-component-annotations/2.1.0/plexus-component-annotations-2.1.0.jar:/home/runner/.m2/repository/org/apache/maven/maven-plugin-api/3.9.9/maven-plugin-api-3.9.9.jar:/home/runner/.m2/repository/org/apache/maven/shared/maven-shared-utils/3.4.2/maven-shared-utils-3.4.2.jar:/home/runner/.m2/repository/com/google/inject/guice/5.1.0/guice-5.1.0.jar:/home/runner/.m2/repository/aopalliance/aopalliance/1.0/aopalliance-1.0.jar:/home/runner/.m2/repository/org/codehaus/plexus/plexus-classworlds/2.6.0/plexus-classworlds-2.6.0.jar:/home/runner/.m2/repository/commons-cli/commons-cli/1.8.0/commons-cli-1.8.0.jar:/home/runner/.m2/repository/org/eclipse/sisu/org.eclipse.sisu.plexus/0.9.0.M3/org.eclipse.sisu.plexus-0.9.0.M3.jar:/home/runner/.m2/repository/org/apache/maven/maven-settings-builder/3.9.9/maven-settings-builder-3.9.9.jar:/home/runner/.m2/repository/org/apache/maven/maven-resolver-provider/3.9.9/maven-resolver-provider-3.9.9.jar:/home/runner/.m2/repository/org/apache/maven/resolver/maven-resolver-connector-basic/1.9.22/maven-resolver-connector-basic-1.9.22.jar:/home/runner/.m2/repository/org/apache/maven/resolver/maven-resolver-transport-wagon/1.9.22/maven-resolver-transport-wagon-1.9.22.jar:/home/runner/.m2/repository/org/apache/maven/wagon/wagon-http/3.5.3/wagon-http-3.5.3.jar:/home/runner/.m2/repository/org/apache/maven/wagon/wagon-file/3.5.3/wagon-file-3.5.3.jar:/home/runner/.m2/repository/io/quarkus/quarkus-bootstrap-gradle-resolver/3.20.2/quarkus-bootstrap-gradle-resolver-3.20.2.jar:/home/runner/.m2/repository/io/smallrye/jandex/3.3.0/jandex-3.3.0.jar:/home/runner/.m2/repository/org/jboss/logging/commons-logging-jboss-logging/1.0.0.Final/commons-logging-jboss-logging-1.0.0.Final.jar:/home/runner/.m2/repository/io/quarkus/quarkus-junit5-config/3.20.2/quarkus-junit5-config-3.20.2.jar:/home/runner/.m2/repository/org/junit/jupiter/junit-jupiter-api/5.12.1/junit-jupiter-api-5.12.1.jar:/home/runner/.m2/repository/io/smallrye/config/smallrye-config/3.11.4/smallrye-config-3.11.4.jar:/home/runner/.m2/repository/io/smallrye/config/smallrye-config-core/3.11.4/smallrye-config-core-3.11.4.jar:/home/runner/.m2/repository/io/smallrye/common/smallrye-common-classloader/2.12.0/smallrye-common-classloader-2.12.0.jar:/home/runner/.m2/repository/io/smallrye/config/smallrye-config-common/3.11.4/smallrye-config-common-3.11.4.jar:/home/runner/.m2/repository/org/junit/jupiter/junit-jupiter/5.12.1/junit-jupiter-5.12.1.jar:/home/runner/.m2/repository/org/junit/jupiter/junit-jupiter-params/5.12.1/junit-jupiter-params-5.12.1.jar:/home/runner/.m2/repository/org/junit/jupiter/junit-jupiter-engine/5.12.1/junit-jupiter-engine-5.12.1.jar:/home/runner/.m2/repository/io/quarkus/quarkus-core/3.20.2/quarkus-core-3.20.2.jar:/home/runner/.m2/repository/jakarta/enterprise/jakarta.enterprise.cdi-api/4.1.0/jakarta.enterprise.cdi-api-4.1.0.jar:/home/runner/.m2/repository/jakarta/enterprise/jakarta.enterprise.lang-model/4.1.0/jakarta.enterprise.lang-model-4.1.0.jar:/home/runner/.m2/repository/jakarta/el/jakarta.el-api/5.0.1/jakarta.el-api-5.0.1.jar:/home/runner/.m2/repository/jakarta/interceptor/jakarta.interceptor-api/2.2.0/jakarta.interceptor-api-2.2.0.jar:/home/runner/.m2/repository/jakarta/inject/jakarta.inject-api/2.0.1/jakarta.inject-api-2.0.1.jar:/home/runner/.m2/repository/io/smallrye/common/smallrye-common-os/2.12.0/smallrye-common-os-2.12.0.jar:/home/runner/.m2/repository/io/quarkus/quarkus-ide-launcher/3.20.2/quarkus-ide-launcher-3.20.2.jar:/home/runner/.m2/repository/io/quarkus/quarkus-development-mode-spi/3.20.2/quarkus-development-mode-spi-3.20.2.jar:/home/runner/.m2/repository/org/jboss/logging/jboss-logging/3.6.1.Final/jboss-logging-3.6.1.Final.jar:/home/runner/.m2/repository/org/jboss/logmanager/jboss-logmanager/3.1.2.Final/jboss-logmanager-3.1.2.Final.jar:/home/runner/.m2/repository/io/smallrye/common/smallrye-common-constraint/2.12.0/smallrye-common-constraint-2.12.0.jar:/home/runner/.m2/repository/io/smallrye/common/smallrye-common-cpu/2.12.0/smallrye-common-cpu-2.12.0.jar:/home/runner/.m2/repository/io/smallrye/common/smallrye-common-expression/2.12.0/smallrye-common-expression-2.12.0.jar:/home/runner/.m2/repository/io/smallrye/common/smallrye-common-net/2.12.0/smallrye-common-net-2.12.0.jar:/home/runner/.m2/repository/io/smallrye/common/smallrye-common-ref/2.12.0/smallrye-common-ref-2.12.0.jar:/home/runner/.m2/repository/jakarta/json/jakarta.json-api/2.1.3/jakarta.json-api-2.1.3.jar:/home/runner/.m2/repository/org/eclipse/parsson/parsson/1.1.7/parsson-1.1.7.jar:/home/runner/.m2/repository/org/jboss/logging/jboss-logging-annotations/3.0.4.Final/jboss-logging-annotations-3.0.4.Final.jar:/home/runner/.m2/repository/org/jboss/threads/jboss-threads/3.8.0.Final/jboss-threads-3.8.0.Final.jar:/home/runner/.m2/repository/io/smallrye/common/smallrye-common-annotation/2.12.0/smallrye-common-annotation-2.12.0.jar:/home/runner/.m2/repository/io/smallrye/common/smallrye-common-function/2.12.0/smallrye-common-function-2.12.0.jar:/home/runner/.m2/repository/org/jboss/slf4j/slf4j-jboss-logmanager/2.0.0.Final/slf4j-jboss-logmanager-2.0.0.Final.jar:/home/runner/.m2/repository/org/wildfly/common/wildfly-common/2.0.1/wildfly-common-2.0.1.jar:/home/runner/.m2/repository/io/quarkus/quarkus-bootstrap-runner/3.20.2/quarkus-bootstrap-runner-3.20.2.jar:/home/runner/.m2/repository/io/github/crac/org-crac/0.1.3/org-crac-0.1.3.jar:/home/runner/.m2/repository/io/quarkus/quarkus-fs-util/0.0.10/quarkus-fs-util-0.0.10.jar:/home/runner/.m2/repository/org/jboss/marshalling/jboss-marshalling/2.2.2.Final/jboss-marshalling-2.2.2.Final.jar:/home/runner/.m2/repository/io/fabric8/kubernetes-client/7.1.0/kubernetes-client-7.1.0.jar:/home/runner/.m2/repository/io/fabric8/kubernetes-client-api/7.1.0/kubernetes-client-api-7.1.0.jar:/home/runner/.m2/repository/io/fabric8/kubernetes-model-core/7.1.0/kubernetes-model-core-7.1.0.jar:/home/runner/.m2/repository/io/fabric8/kubernetes-model-common/7.1.0/kubernetes-model-common-7.1.0.jar:/home/runner/.m2/repository/javax/annotation/javax.annotation-api/1.3.2/javax.annotation-api-1.3.2.jar:/home/runner/.m2/repository/io/fabric8/kubernetes-model-gatewayapi/7.1.0/kubernetes-model-gatewayapi-7.1.0.jar:/home/runner/.m2/repository/io/fabric8/kubernetes-model-resource/7.1.0/kubernetes-model-resource-7.1.0.jar:/home/runner/.m2/repository/io/fabric8/kubernetes-model-rbac/7.1.0/kubernetes-model-rbac-7.1.0.jar:/home/runner/.m2/repository/io/fabric8/kubernetes-model-admissionregistration/7.1.0/kubernetes-model-admissionregistration-7.1.0.jar:/home/runner/.m2/repository/io/fabric8/kubernetes-model-apps/7.1.0/kubernetes-model-apps-7.1.0.jar:/home/runner/.m2/repository/io/fabric8/kubernetes-model-autoscaling/7.1.0/kubernetes-model-autoscaling-7.1.0.jar:/home/runner/.m2/repository/io/fabric8/kubernetes-model-apiextensions/7.1.0/kubernetes-model-apiextensions-7.1.0.jar:/home/runner/.m2/repository/io/fabric8/kubernetes-model-batch/7.1.0/kubernetes-model-batch-7.1.0.jar:/home/runner/.m2/repository/io/fabric8/kubernetes-model-certificates/7.1.0/kubernetes-model-certificates-7.1.0.jar:/home/runner/.m2/repository/io/fabric8/kubernetes-model-coordination/7.1.0/kubernetes-model-coordination-7.1.0.jar:/home/runner/.m2/repository/io/fabric8/kubernetes-model-discovery/7.1.0/kubernetes-model-discovery-7.1.0.jar:/home/runner/.m2/repository/io/fabric8/kubernetes-model-events/7.1.0/kubernetes-model-events-7.1.0.jar:/home/runner/.m2/repository/io/fabric8/kubernetes-model-extensions/7.1.0/kubernetes-model-extensions-7.1.0.jar:/home/runner/.m2/repository/io/fabric8/kubernetes-model-flowcontrol/7.1.0/kubernetes-model-flowcontrol-7.1.0.jar:/home/runner/.m2/repository/io/fabric8/kubernetes-model-networking/7.1.0/kubernetes-model-networking-7.1.0.jar:/home/runner/.m2/repository/io/fabric8/kubernetes-model-metrics/7.1.0/kubernetes-model-metrics-7.1.0.jar:/home/runner/.m2/repository/io/fabric8/kubernetes-model-policy/7.1.0/kubernetes-model-policy-7.1.0.jar:/home/runner/.m2/repository/io/fabric8/kubernetes-model-scheduling/7.1.0/kubernetes-model-scheduling-7.1.0.jar:/home/runner/.m2/repository/io/fabric8/kubernetes-model-storageclass/7.1.0/kubernetes-model-storageclass-7.1.0.jar:/home/runner/.m2/repository/io/fabric8/kubernetes-model-node/7.1.0/kubernetes-model-node-7.1.0.jar:/home/runner/.m2/repository/org/snakeyaml/snakeyaml-engine/2.9/snakeyaml-engine-2.9.jar:/home/runner/.m2/repository/com/fasterxml/jackson/dataformat/jackson-dataformat-yaml/2.18.2/jackson-dataformat-yaml-2.18.2.jar:/home/runner/.m2/repository/com/fasterxml/jackson/datatype/jackson-datatype-jsr310/2.18.2/jackson-datatype-jsr310-2.18.2.jar:/home/runner/.m2/repository/io/fabric8/zjsonpatch/7.1.0/zjsonpatch-7.1.0.jar:/home/runner/.m2/repository/io/fabric8/kubernetes-httpclient-vertx/7.1.0/kubernetes-httpclient-vertx-7.1.0.jar:/home/runner/.m2/repository/io/vertx/vertx-web-client/4.5.16/vertx-web-client-4.5.16.jar:/home/runner/.m2/repository/io/vertx/vertx-web-common/4.5.16/vertx-web-common-4.5.16.jar:/home/runner/.m2/repository/io/vertx/vertx-auth-common/4.5.16/vertx-auth-common-4.5.16.jar:/home/runner/.m2/repository/io/vertx/vertx-uri-template/4.5.16/vertx-uri-template-4.5.16.jar:/home/runner/.m2/repository/io/fabric8/openshift-client/7.1.0/openshift-client-7.1.0.jar:/home/runner/.m2/repository/io/fabric8/openshift-client-api/7.1.0/openshift-client-api-7.1.0.jar:/home/runner/.m2/repository/io/fabric8/openshift-model/7.1.0/openshift-model-7.1.0.jar:/home/runner/.m2/repository/io/fabric8/openshift-model-autoscaling/7.1.0/openshift-model-autoscaling-7.1.0.jar:/home/runner/.m2/repository/io/fabric8/openshift-model-operator/7.1.0/openshift-model-operator-7.1.0.jar:/home/runner/.m2/repository/io/fabric8/openshift-model-operatorhub/7.1.0/openshift-model-operatorhub-7.1.0.jar:/home/runner/.m2/repository/io/fabric8/openshift-model-machine/7.1.0/openshift-model-machine-7.1.0.jar:/home/runner/.m2/repository/io/fabric8/openshift-model-whereabouts/7.1.0/openshift-model-whereabouts-7.1.0.jar:/home/runner/.m2/repository/io/fabric8/openshift-model-monitoring/7.1.0/openshift-model-monitoring-7.1.0.jar:/home/runner/.m2/repository/io/fabric8/openshift-model-storageversionmigrator/7.1.0/openshift-model-storageversionmigrator-7.1.0.jar:/home/runner/.m2/repository/io/fabric8/openshift-model-tuned/7.1.0/openshift-model-tuned-7.1.0.jar:/home/runner/.m2/repository/io/fabric8/openshift-model-console/7.1.0/openshift-model-console-7.1.0.jar:/home/runner/.m2/repository/io/fabric8/openshift-model-config/7.1.0/openshift-model-config-7.1.0.jar:/home/runner/.m2/repository/io/fabric8/openshift-model-machineconfiguration/7.1.0/openshift-model-machineconfiguration-7.1.0.jar:/home/runner/.m2/repository/io/fabric8/openshift-model-miscellaneous/7.1.0/openshift-model-miscellaneous-7.1.0.jar:/home/runner/.m2/repository/io/fabric8/openshift-model-hive/7.1.0/openshift-model-hive-7.1.0.jar:/home/runner/.m2/repository/io/fabric8/openshift-model-installer/7.1.0/openshift-model-installer-7.1.0.jar:/home/runner/.m2/repository/org/junit/platform/junit-platform-launcher/1.12.1/junit-platform-launcher-1.12.1.jar:/home/runner/.m2/repository/org/junit/platform/junit-platform-engine/1.12.1/junit-platform-engine-1.12.1.jar:/home/runner/.m2/repository/org/opentest4j/opentest4j/1.3.0/opentest4j-1.3.0.jar:/home/runner/.m2/repository/org/junit/platform/junit-platform-commons/1.12.1/junit-platform-commons-1.12.1.jar:/home/runner/.m2/repository/org/apiguardian/apiguardian-api/1.1.2/apiguardian-api-1.1.2.jar:/home/runner/.m2/repository/jakarta/ws/rs/jakarta.ws.rs-api/3.1.0/jakarta.ws.rs-api-3.1.0.jar:/home/runner/work/apicurio-testing/apicurio-testing/clusters/ci419/namespaces/inmemory/tests/integration/apicurio-registry/java-sdk/target/apicurio-registry-java-sdk-3.0.12-SNAPSHOT.jar:/home/runner/.m2/repository/com/microsoft/kiota/microsoft-kiota-abstractions/1.8.8/microsoft-kiota-abstractions-1.8.8.jar:/home/runner/.m2/repository/io/github/std-uritemplate/std-uritemplate/2.0.0/std-uritemplate-2.0.0.jar:/home/runner/.m2/repository/io/kiota/kiota-http-jdk/0.0.29/kiota-http-jdk-0.0.29.jar:/home/runner/.m2/repository/io/kiota/kiota-http-vertx/0.0.29/kiota-http-vertx-0.0.29.jar:/home/runner/.m2/repository/io/kiota/kiota-serialization-jackson/0.0.29/kiota-serialization-jackson-0.0.29.jar:/home/runner/.m2/repository/com/microsoft/kiota/microsoft-kiota-serialization-text/1.8.8/microsoft-kiota-serialization-text-1.8.8.jar:/home/runner/.m2/repository/com/microsoft/kiota/microsoft-kiota-serialization-form/1.8.8/microsoft-kiota-serialization-form-1.8.8.jar:/home/runner/.m2/repository/com/microsoft/kiota/microsoft-kiota-serialization-multipart/1.8.8/microsoft-kiota-serialization-multipart-1.8.8.jar:/home/runner/.m2/repository/jakarta/annotation/jakarta.annotation-api/3.0.0/jakarta.annotation-api-3.0.0.jar:/home/runner/.m2/repository/io/vertx/vertx-auth-oauth2/4.5.16/vertx-auth-oauth2-4.5.16.jar:/home/runner/work/apicurio-testing/apicurio-testing/clusters/ci419/namespaces/inmemory/tests/integration/apicurio-registry/java-sdk-v2/target/apicurio-registry-v2-java-sdk-3.0.12-SNAPSHOT.jar:/home/runner/work/apicurio-testing/apicurio-testing/clusters/ci419/namespaces/inmemory/tests/integration/apicurio-registry/utils/kafka/target/apicurio-registry-utils-kafka-3.0.12-SNAPSHOT-tests.jar:/home/runner/.m2/repository/org/eclipse/microprofile/config/microprofile-config-api/3.1/microprofile-config-api-3.1.jar:/home/runner/.m2/repository/org/apache/kafka/kafka-clients/3.9.1/kafka-clients-3.9.1.jar:/home/runner/.m2/repository/com/github/luben/zstd-jni/1.5.6-4/zstd-jni-1.5.6-4.jar:/home/runner/.m2/repository/org/lz4/lz4-java/1.8.0/lz4-java-1.8.0.jar:/home/runner/.m2/repository/org/xerial/snappy/snappy-java/1.1.10.5/snappy-java-1.1.10.5.jar:/home/runner/.m2/repository/org/slf4j/slf4j-api/2.0.6/slf4j-api-2.0.6.jar:/home/runner/work/apicurio-testing/apicurio-testing/clusters/ci419/namespaces/inmemory/tests/integration/apicurio-registry/utils/tests/target/apicurio-registry-utils-tests-3.0.12-SNAPSHOT.jar:/home/runner/work/apicurio-testing/apicurio-testing/clusters/ci419/namespaces/inmemory/tests/integration/apicurio-registry/common/target/apicurio-registry-common-3.0.12-SNAPSHOT.jar:/home/runner/.m2/repository/jakarta/validation/jakarta.validation-api/3.0.2/jakarta.validation-api-3.0.2.jar:/home/runner/.m2/repository/com/github/dasniko/testcontainers-keycloak/3.8.0/testcontainers-keycloak-3.8.0.jar:/home/runner/.m2/repository/org/testcontainers/testcontainers/1.20.6/testcontainers-1.20.6.jar:/home/runner/.m2/repository/org/rnorth/duct-tape/duct-tape/1.0.8/duct-tape-1.0.8.jar:/home/runner/.m2/repository/com/github/docker-java/docker-java-transport-zerodep/3.4.1/docker-java-transport-zerodep-3.4.1.jar:/home/runner/.m2/repository/com/github/docker-java/docker-java-transport/3.4.1/docker-java-transport-3.4.1.jar:/home/runner/.m2/repository/net/java/dev/jna/jna/5.8.0/jna-5.8.0.jar:/home/runner/.m2/repository/io/quarkus/quarkus-junit4-mock/3.20.2/quarkus-junit4-mock-3.20.2.jar:/home/runner/.m2/repository/org/jboss/shrinkwrap/shrinkwrap-api/2.0.0-beta-2/shrinkwrap-api-2.0.0-beta-2.jar:/home/runner/.m2/repository/org/jboss/shrinkwrap/shrinkwrap-impl-base/2.0.0-beta-2/shrinkwrap-impl-base-2.0.0-beta-2.jar:/home/runner/.m2/repository/org/jboss/shrinkwrap/shrinkwrap-spi/2.0.0-beta-2/shrinkwrap-spi-2.0.0-beta-2.jar:/home/runner/.m2/repository/org/keycloak/keycloak-admin-client/26.0.4/keycloak-admin-client-26.0.4.jar:/home/runner/.m2/repository/org/keycloak/keycloak-client-common-synced/26.0.4/keycloak-client-common-synced-26.0.4.jar:/home/runner/.m2/repository/jakarta/activation/jakarta.activation-api/2.1.3/jakarta.activation-api-2.1.3.jar:/home/runner/.m2/repository/org/eclipse/microprofile/openapi/microprofile-openapi-api/4.0.2/microprofile-openapi-api-4.0.2.jar:/home/runner/.m2/repository/org/jboss/resteasy/resteasy-client/6.2.12.Final/resteasy-client-6.2.12.Final.jar:/home/runner/.m2/repository/org/jboss/resteasy/resteasy-client-api/6.2.12.Final/resteasy-client-api-6.2.12.Final.jar:/home/runner/.m2/repository/org/jboss/resteasy/resteasy-core-spi/6.2.12.Final/resteasy-core-spi-6.2.12.Final.jar:/home/runner/.m2/repository/org/jboss/resteasy/resteasy-core/6.2.12.Final/resteasy-core-6.2.12.Final.jar:/home/runner/.m2/repository/org/eclipse/angus/angus-activation/2.0.2/angus-activation-2.0.2.jar:/home/runner/.m2/repository/com/ibm/async/asyncutil/0.1.0/asyncutil-0.1.0.jar:/home/runner/.m2/repository/org/reactivestreams/reactive-streams/1.0.4/reactive-streams-1.0.4.jar:/home/runner/.m2/repository/org/jboss/resteasy/resteasy-multipart-provider/6.2.12.Final/resteasy-multipart-provider-6.2.12.Final.jar:/home/runner/.m2/repository/jakarta/mail/jakarta.mail-api/2.1.3/jakarta.mail-api-2.1.3.jar:/home/runner/.m2/repository/org/eclipse/angus/angus-mail/2.0.3/angus-mail-2.0.3.jar:/home/runner/.m2/repository/org/apache/james/apache-mime4j-dom/0.8.12/apache-mime4j-dom-0.8.12.jar:/home/runner/.m2/repository/org/apache/james/apache-mime4j-core/0.8.12/apache-mime4j-core-0.8.12.jar:/home/runner/.m2/repository/org/apache/james/apache-mime4j-storage/0.8.12/apache-mime4j-storage-0.8.12.jar:/home/runner/.m2/repository/org/jboss/resteasy/resteasy-jackson2-provider/6.2.12.Final/resteasy-jackson2-provider-6.2.12.Final.jar:/home/runner/.m2/repository/com/fasterxml/jackson/jakarta/rs/jackson-jakarta-rs-base/2.18.2/jackson-jakarta-rs-base-2.18.2.jar:/home/runner/.m2/repository/com/fasterxml/jackson/jakarta/rs/jackson-jakarta-rs-json-provider/2.18.2/jackson-jakarta-rs-json-provider-2.18.2.jar:/home/runner/.m2/repository/com/fasterxml/jackson/module/jackson-module-jakarta-xmlbind-annotations/2.18.2/jackson-module-jakarta-xmlbind-annotations-2.18.2.jar:/home/runner/.m2/repository/com/github/java-json-tools/json-patch/1.13/json-patch-1.13.jar:/home/runner/.m2/repository/com/github/java-json-tools/msg-simple/1.2/msg-simple-1.2.jar:/home/runner/.m2/repository/com/github/java-json-tools/btf/1.3/btf-1.3.jar:/home/runner/.m2/repository/com/github/java-json-tools/jackson-coreutils/2.0/jackson-coreutils-2.0.jar:/home/runner/.m2/repository/org/jboss/resteasy/resteasy-jaxb-provider/6.2.12.Final/resteasy-jaxb-provider-6.2.12.Final.jar:/home/runner/.m2/repository/org/glassfish/jaxb/codemodel/4.0.5/codemodel-4.0.5.jar:/home/runner/.m2/repository/org/glassfish/jaxb/jaxb-core/4.0.5/jaxb-core-4.0.5.jar:/home/runner/.m2/repository/org/glassfish/jaxb/jaxb-jxc/4.0.5/jaxb-jxc-4.0.5.jar:/home/runner/.m2/repository/org/glassfish/jaxb/jaxb-runtime/4.0.5/jaxb-runtime-4.0.5.jar:/home/runner/.m2/repository/org/glassfish/jaxb/txw2/4.0.5/txw2-4.0.5.jar:/home/runner/.m2/repository/org/glassfish/jaxb/jaxb-xjc/4.0.5/jaxb-xjc-4.0.5.jar:/home/runner/.m2/repository/org/glassfish/jaxb/xsom/4.0.5/xsom-4.0.5.jar:/home/runner/.m2/repository/com/sun/istack/istack-commons-runtime/4.1.2/istack-commons-runtime-4.1.2.jar:/home/runner/.m2/repository/com/sun/istack/istack-commons-tools/4.1.2/istack-commons-tools-4.1.2.jar:/home/runner/.m2/repository/com/sun/xml/bind/external/relaxng-datatype/4.0.5/relaxng-datatype-4.0.5.jar:/home/runner/.m2/repository/com/sun/xml/bind/external/rngom/4.0.5/rngom-4.0.5.jar:/home/runner/.m2/repository/org/testcontainers/mssqlserver/1.20.6/mssqlserver-1.20.6.jar:/home/runner/.m2/repository/org/testcontainers/jdbc/1.20.6/jdbc-1.20.6.jar:/home/runner/.m2/repository/org/testcontainers/database-commons/1.20.6/database-commons-1.20.6.jar:/home/runner/.m2/repository/org/testcontainers/mysql/1.20.6/mysql-1.20.6.jar:/home/runner/.m2/repository/io/strimzi/strimzi-test-container/0.111.0/strimzi-test-container-0.111.0.jar:/home/runner/.m2/repository/org/testcontainers/toxiproxy/1.20.6/toxiproxy-1.20.6.jar:/home/runner/.m2/repository/com/github/docker-java/docker-java-api/3.4.1/docker-java-api-3.4.1.jar:/home/runner/.m2/repository/org/apache/logging/log4j/log4j-slf4j-impl/2.19.0/log4j-slf4j-impl-2.19.0.jar:/home/runner/.m2/repository/org/apache/logging/log4j/log4j-api/2.24.3/log4j-api-2.24.3.jar:/home/runner/.m2/repository/org/apache/logging/log4j/log4j-core/2.19.0/log4j-core-2.19.0.jar:/home/runner/.m2/repository/eu/rekawek/toxiproxy/toxiproxy-java/2.1.7/toxiproxy-java-2.1.7.jar:/home/runner/.m2/repository/org/testcontainers/pulsar/1.21.3/pulsar-1.21.3.jar:/home/runner/.m2/repository/io/debezium/debezium-testing-testcontainers/2.7.4.Final/debezium-testing-testcontainers-2.7.4.Final.jar:/home/runner/.m2/repository/org/testcontainers/kafka/1.20.6/kafka-1.20.6.jar:/home/runner/.m2/repository/com/squareup/okhttp3/okhttp/4.8.1/okhttp-4.8.1.jar:/home/runner/.m2/repository/com/squareup/okio/okio/3.10.2/okio-3.10.2.jar:/home/runner/.m2/repository/com/squareup/okio/okio-jvm/3.10.2/okio-jvm-3.10.2.jar:/home/runner/.m2/repository/org/jetbrains/kotlin/kotlin-stdlib/2.0.21/kotlin-stdlib-2.0.21.jar:/home/runner/.m2/repository/org/awaitility/awaitility/4.3.0/awaitility-4.3.0.jar:/home/runner/.m2/repository/org/testcontainers/mongodb/1.20.6/mongodb-1.20.6.jar:/home/runner/.m2/repository/org/testcontainers/mariadb/1.20.6/mariadb-1.20.6.jar:/home/runner/.m2/repository/org/testcontainers/oracle-xe/1.20.6/oracle-xe-1.20.6.jar:/home/runner/.m2/repository/org/testcontainers/postgresql/1.20.6/postgresql-1.20.6.jar:/home/runner/.m2/repository/org/wiremock/wiremock/3.0.1/wiremock-3.0.1.jar:/home/runner/.m2/repository/org/eclipse/jetty/jetty-server/11.0.15/jetty-server-11.0.15.jar:/home/runner/.m2/repository/org/eclipse/jetty/toolchain/jetty-jakarta-servlet-api/5.0.2/jetty-jakarta-servlet-api-5.0.2.jar:/home/runner/.m2/repository/org/eclipse/jetty/jetty-http/11.0.15/jetty-http-11.0.15.jar:/home/runner/.m2/repository/org/eclipse/jetty/jetty-io/11.0.15/jetty-io-11.0.15.jar:/home/runner/.m2/repository/org/eclipse/jetty/jetty-servlet/11.0.15/jetty-servlet-11.0.15.jar:/home/runner/.m2/repository/org/eclipse/jetty/jetty-security/11.0.15/jetty-security-11.0.15.jar:/home/runner/.m2/repository/org/eclipse/jetty/jetty-servlets/11.0.15/jetty-servlets-11.0.15.jar:/home/runner/.m2/repository/org/eclipse/jetty/jetty-util/11.0.15/jetty-util-11.0.15.jar:/home/runner/.m2/repository/org/eclipse/jetty/jetty-webapp/11.0.15/jetty-webapp-11.0.15.jar:/home/runner/.m2/repository/org/eclipse/jetty/jetty-xml/11.0.15/jetty-xml-11.0.15.jar:/home/runner/.m2/repository/org/eclipse/jetty/jetty-proxy/11.0.15/jetty-proxy-11.0.15.jar:/home/runner/.m2/repository/org/eclipse/jetty/jetty-client/11.0.15/jetty-client-11.0.15.jar:/home/runner/.m2/repository/org/eclipse/jetty/http2/http2-server/11.0.15/http2-server-11.0.15.jar:/home/runner/.m2/repository/org/eclipse/jetty/http2/http2-common/11.0.15/http2-common-11.0.15.jar:/home/runner/.m2/repository/org/eclipse/jetty/http2/http2-hpack/11.0.15/http2-hpack-11.0.15.jar:/home/runner/.m2/repository/org/eclipse/jetty/jetty-alpn-server/11.0.15/jetty-alpn-server-11.0.15.jar:/home/runner/.m2/repository/org/eclipse/jetty/jetty-alpn-java-server/11.0.15/jetty-alpn-java-server-11.0.15.jar:/home/runner/.m2/repository/org/eclipse/jetty/jetty-alpn-java-client/11.0.15/jetty-alpn-java-client-11.0.15.jar:/home/runner/.m2/repository/org/eclipse/jetty/jetty-alpn-client/11.0.15/jetty-alpn-client-11.0.15.jar:/home/runner/.m2/repository/org/apache/httpcomponents/client5/httpclient5/5.2.1/httpclient5-5.2.1.jar:/home/runner/.m2/repository/org/apache/httpcomponents/core5/httpcore5/5.2/httpcore5-5.2.jar:/home/runner/.m2/repository/org/apache/httpcomponents/core5/httpcore5-h2/5.2/httpcore5-h2-5.2.jar:/home/runner/.m2/repository/org/xmlunit/xmlunit-core/2.9.1/xmlunit-core-2.9.1.jar:/home/runner/.m2/repository/jakarta/xml/bind/jakarta.xml.bind-api/4.0.2/jakarta.xml.bind-api-4.0.2.jar:/home/runner/.m2/repository/org/xmlunit/xmlunit-legacy/2.9.1/xmlunit-legacy-2.9.1.jar:/home/runner/.m2/repository/org/xmlunit/xmlunit-placeholders/2.9.1/xmlunit-placeholders-2.9.1.jar:/home/runner/.m2/repository/net/javacrumbs/json-unit/json-unit-core/2.38.0/json-unit-core-2.38.0.jar:/home/runner/.m2/repository/org/hamcrest/hamcrest-core/2.2/hamcrest-core-2.2.jar:/home/runner/.m2/repository/com/jayway/jsonpath/json-path/2.8.0/json-path-2.8.0.jar:/home/runner/.m2/repository/net/minidev/json-smart/2.4.10/json-smart-2.4.10.jar:/home/runner/.m2/repository/net/minidev/accessors-smart/2.4.9/accessors-smart-2.4.9.jar:/home/runner/.m2/repository/org/ow2/asm/asm/9.7.1/asm-9.7.1.jar:/home/runner/.m2/repository/net/sf/jopt-simple/jopt-simple/5.0.4/jopt-simple-5.0.4.jar:/home/runner/.m2/repository/com/github/jknack/handlebars/4.3.1/handlebars-4.3.1.jar:/home/runner/.m2/repository/com/github/jknack/handlebars-helpers/4.3.1/handlebars-helpers-4.3.1.jar:/home/runner/.m2/repository/commons-fileupload/commons-fileupload/1.5/commons-fileupload-1.5.jar:/home/runner/.m2/repository/com/networknt/json-schema-validator/1.5.8/json-schema-validator-1.5.8.jar:/home/runner/.m2/repository/com/ethlo/time/itu/1.10.3/itu-1.10.3.jar:/home/runner/.m2/repository/io/quarkus/quarkus-smallrye-jwt-build/3.20.2/quarkus-smallrye-jwt-build-3.20.2.jar:/home/runner/.m2/repository/io/smallrye/smallrye-jwt-build/4.6.2/smallrye-jwt-build-4.6.2.jar:/home/runner/.m2/repository/org/eclipse/microprofile/jwt/microprofile-jwt-auth-api/2.1/microprofile-jwt-auth-api-2.1.jar:/home/runner/.m2/repository/org/bitbucket/b_c/jose4j/0.9.6/jose4j-0.9.6.jar:/home/runner/.m2/repository/io/smallrye/smallrye-jwt-common/4.6.2/smallrye-jwt-common-4.6.2.jar:/home/runner/.m2/repository/io/quarkus/quarkus-jsonp/3.20.2/quarkus-jsonp-3.20.2.jar:/home/runner/.m2/repository/io/quarkus/quarkus-arc/3.20.2/quarkus-arc-3.20.2.jar:/home/runner/.m2/repository/io/quarkus/arc/arc/3.20.2/arc-3.20.2.jar:/home/runner/.m2/repository/jakarta/transaction/jakarta.transaction-api/2.0.1/jakarta.transaction-api-2.0.1.jar:/home/runner/.m2/repository/io/smallrye/reactive/mutiny/2.9.2/mutiny-2.9.2.jar:/home/runner/.m2/repository/org/jctools/jctools-core/4.0.5/jctools-core-4.0.5.jar:/home/runner/.m2/repository/org/eclipse/microprofile/context-propagation/microprofile-context-propagation-api/1.3/microprofile-context-propagation-api-1.3.jar:/home/runner/.m2/repository/io/apicurio/apicurio-common-rest-client-common/0.1.18.Final/apicurio-common-rest-client-common-0.1.18.Final.jar:/home/runner/work/apicurio-testing/apicurio-testing/clusters/ci419/namespaces/inmemory/tests/integration/apicurio-registry/utils/maven-plugin/target/apicurio-registry-maven-plugin-3.0.12-SNAPSHOT.jar:/home/runner/.m2/repository/com/fasterxml/jackson/core/jackson-databind/2.18.2/jackson-databind-2.18.2.jar:/home/runner/.m2/repository/org/apache/avro/avro/1.12.0/avro-1.12.0.jar:/home/runner/.m2/repository/com/google/protobuf/protobuf-java/4.31.1/protobuf-java-4.31.1.jar:/home/runner/.m2/repository/com/google/protobuf/protobuf-java-util/4.31.1/protobuf-java-util-4.31.1.jar:/home/runner/.m2/repository/com/google/code/findbugs/jsr305/3.0.2/jsr305-3.0.2.jar:/home/runner/.m2/repository/com/google/code/gson/gson/2.12.1/gson-2.12.1.jar:/home/runner/.m2/repository/com/google/errorprone/error_prone_annotations/2.36.0/error_prone_annotations-2.36.0.jar:/home/runner/.m2/repository/com/google/j2objc/j2objc-annotations/2.8/j2objc-annotations-2.8.jar:/home/runner/work/apicurio-testing/apicurio-testing/clusters/ci419/namespaces/inmemory/tests/integration/apicurio-registry/schema-util/util-provider/target/apicurio-registry-schema-util-provider-3.0.12-SNAPSHOT.jar:/home/runner/work/apicurio-testing/apicurio-testing/clusters/ci419/namespaces/inmemory/tests/integration/apicurio-registry/schema-util/common/target/apicurio-registry-schema-util-common-3.0.12-SNAPSHOT.jar:/home/runner/.m2/repository/com/fasterxml/jackson/module/jackson-module-parameter-names/2.18.2/jackson-module-parameter-names-2.18.2.jar:/home/runner/.m2/repository/com/fasterxml/jackson/datatype/jackson-datatype-json-org/2.18.2/jackson-datatype-json-org-2.18.2.jar:/home/runner/work/apicurio-testing/apicurio-testing/clusters/ci419/namespaces/inmemory/tests/integration/apicurio-registry/schema-util/json/target/apicurio-registry-schema-util-json-3.0.12-SNAPSHOT.jar:/home/runner/.m2/repository/com/github/erosb/everit-json-schema/1.14.5/everit-json-schema-1.14.5.jar:/home/runner/.m2/repository/commons-validator/commons-validator/1.9.0/commons-validator-1.9.0.jar:/home/runner/.m2/repository/commons-digester/commons-digester/2.1/commons-digester-2.1.jar:/home/runner/.m2/repository/commons-collections/commons-collections/3.2.2/commons-collections-3.2.2.jar:/home/runner/.m2/repository/com/damnhandy/handy-uri-templates/2.1.8/handy-uri-templates-2.1.8.jar:/home/runner/.m2/repository/joda-time/joda-time/2.10.2/joda-time-2.10.2.jar:/home/runner/.m2/repository/com/github/erosb/json-sKema/0.20.0/json-sKema-0.20.0.jar:/home/runner/.m2/repository/io/vertx/vertx-json-schema/4.5.16/vertx-json-schema-4.5.16.jar:/home/runner/work/apicurio-testing/apicurio-testing/clusters/ci419/namespaces/inmemory/tests/integration/apicurio-registry/schema-util/protobuf/target/apicurio-registry-schema-util-protobuf-3.0.12-SNAPSHOT.jar:/home/runner/work/apicurio-testing/apicurio-testing/clusters/ci419/namespaces/inmemory/tests/integration/apicurio-registry/utils/protobuf-schema-utilities/target/apicurio-registry-protobuf-schema-utilities-3.0.12-SNAPSHOT.jar:/home/runner/.m2/repository/com/google/api/grpc/proto-google-common-protos/2.52.0/proto-google-common-protos-2.52.0.jar:/home/runner/.m2/repository/com/squareup/wire/wire-schema-jvm/5.3.3/wire-schema-jvm-5.3.3.jar:/home/runner/.m2/repository/com/palantir/javapoet/javapoet/0.6.0/javapoet-0.6.0.jar:/home/runner/.m2/repository/com/squareup/kotlinpoet-jvm/2.0.0/kotlinpoet-jvm-2.0.0.jar:/home/runner/.m2/repository/org/jetbrains/kotlin/kotlin-reflect/2.0.21/kotlin-reflect-2.0.21.jar:/home/runner/.m2/repository/com/squareup/wire/wire-runtime-jvm/5.3.3/wire-runtime-jvm-5.3.3.jar:/home/runner/.m2/repository/com/ibm/icu/icu4j/76.1/icu4j-76.1.jar:/home/runner/.m2/repository/com/squareup/okio/okio-fakefilesystem/3.10.2/okio-fakefilesystem-3.10.2.jar:/home/runner/.m2/repository/com/squareup/okio/okio-fakefilesystem-jvm/3.10.2/okio-fakefilesystem-jvm-3.10.2.jar:/home/runner/.m2/repository/org/jetbrains/kotlinx/kotlinx-datetime-jvm/0.6.1/kotlinx-datetime-jvm-0.6.1.jar:/home/runner/work/apicurio-testing/apicurio-testing/clusters/ci419/namespaces/inmemory/tests/integration/apicurio-registry/schema-util/asyncapi/target/apicurio-registry-schema-util-asyncapi-3.0.12-SNAPSHOT.jar:/home/runner/work/apicurio-testing/apicurio-testing/clusters/ci419/namespaces/inmemory/tests/integration/apicurio-registry/schema-util/avro/target/apicurio-registry-schema-util-avro-3.0.12-SNAPSHOT.jar:/home/runner/work/apicurio-testing/apicurio-testing/clusters/ci419/namespaces/inmemory/tests/integration/apicurio-registry/schema-util/graphql/target/apicurio-registry-schema-util-graphql-3.0.12-SNAPSHOT.jar:/home/runner/.m2/repository/com/graphql-java/graphql-java/22.4/graphql-java-22.4.jar:/home/runner/.m2/repository/com/graphql-java/java-dataloader/3.3.0/java-dataloader-3.3.0.jar:/home/runner/work/apicurio-testing/apicurio-testing/clusters/ci419/namespaces/inmemory/tests/integration/apicurio-registry/schema-util/kconnect/target/apicurio-registry-schema-util-kconnect-3.0.12-SNAPSHOT.jar:/home/runner/work/apicurio-testing/apicurio-testing/clusters/ci419/namespaces/inmemory/tests/integration/apicurio-registry/schema-util/openapi/target/apicurio-registry-schema-util-openapi-3.0.12-SNAPSHOT.jar:/home/runner/.m2/repository/io/apicurio/apicurio-data-models/2.2.2/apicurio-data-models-2.2.2.jar:/home/runner/.m2/repository/org/openapitools/openapidiff/openapi-diff-core/2.1.2/openapi-diff-core-2.1.2.jar:/home/runner/.m2/repository/io/swagger/parser/v3/swagger-parser/2.1.28/swagger-parser-2.1.28.jar:/home/runner/.m2/repository/io/swagger/parser/v3/swagger-parser-v2-converter/2.1.28/swagger-parser-v2-converter-2.1.28.jar:/home/runner/.m2/repository/io/swagger/swagger-core/1.6.16/swagger-core-1.6.16.jar:/home/runner/.m2/repository/io/swagger/swagger-models/1.6.16/swagger-models-1.6.16.jar:/home/runner/.m2/repository/io/swagger/swagger-annotations/1.6.16/swagger-annotations-1.6.16.jar:/home/runner/.m2/repository/io/swagger/swagger-parser/1.0.75/swagger-parser-1.0.75.jar:/home/runner/.m2/repository/io/swagger/swagger-parser-safe-url-resolver/1.0.75/swagger-parser-safe-url-resolver-1.0.75.jar:/home/runner/.m2/repository/io/swagger/swagger-compat-spec-parser/1.0.75/swagger-compat-spec-parser-1.0.75.jar:/home/runner/.m2/repository/com/github/java-json-tools/json-schema-validator/2.2.14/json-schema-validator-2.2.14.jar:/home/runner/.m2/repository/com/github/java-json-tools/jackson-coreutils-equivalence/1.0/jackson-coreutils-equivalence-1.0.jar:/home/runner/.m2/repository/com/github/java-json-tools/json-schema-core/1.2.14/json-schema-core-1.2.14.jar:/home/runner/.m2/repository/com/github/java-json-tools/uri-template/0.10/uri-template-0.10.jar:/home/runner/.m2/repository/com/googlecode/libphonenumber/libphonenumber/8.11.1/libphonenumber-8.11.1.jar:/home/runner/.m2/repository/com/j2html/j2html/1.6.0/j2html-1.6.0.jar:/home/runner/.m2/repository/org/apache/commons/commons-collections4/4.5.0/commons-collections4-4.5.0.jar:/home/runner/.m2/repository/org/slf4j/jcl-over-slf4j/2.0.17/jcl-over-slf4j-2.0.17.jar:/home/runner/.m2/repository/io/swagger/parser/v3/swagger-parser-v3/2.1.31/swagger-parser-v3-2.1.31.jar:/home/runner/.m2/repository/io/swagger/core/v3/swagger-models/2.2.34/swagger-models-2.2.34.jar:/home/runner/.m2/repository/io/swagger/core/v3/swagger-core/2.2.34/swagger-core-2.2.34.jar:/home/runner/.m2/repository/io/swagger/parser/v3/swagger-parser-core/2.1.31/swagger-parser-core-2.1.31.jar:/home/runner/.m2/repository/io/swagger/parser/v3/swagger-parser-safe-url-resolver/2.1.31/swagger-parser-safe-url-resolver-2.1.31.jar:/home/runner/work/apicurio-testing/apicurio-testing/clusters/ci419/namespaces/inmemory/tests/integration/apicurio-registry/schema-util/wsdl/target/apicurio-registry-schema-util-wsdl-3.0.12-SNAPSHOT.jar:/home/runner/.m2/repository/wsdl4j/wsdl4j/1.6.3/wsdl4j-1.6.3.jar:/home/runner/work/apicurio-testing/apicurio-testing/clusters/ci419/namespaces/inmemory/tests/integration/apicurio-registry/schema-util/xml/target/apicurio-registry-schema-util-xml-3.0.12-SNAPSHOT.jar:/home/runner/.m2/repository/org/apache/santuario/xmlsec/4.0.4/xmlsec-4.0.4.jar:/home/runner/.m2/repository/com/fasterxml/woodstox/woodstox-core/7.1.1/woodstox-core-7.1.1.jar:/home/runner/.m2/repository/org/codehaus/woodstox/stax2-api/4.2.2/stax2-api-4.2.2.jar:/home/runner/work/apicurio-testing/apicurio-testing/clusters/ci419/namespaces/inmemory/tests/integration/apicurio-registry/schema-util/xsd/target/apicurio-registry-schema-util-xsd-3.0.12-SNAPSHOT.jar:/home/runner/work/apicurio-testing/apicurio-testing/clusters/ci419/namespaces/inmemory/tests/integration/apicurio-registry/serdes/kafka/jsonschema-serde/target/apicurio-registry-jsonschema-serde-kafka-3.0.12-SNAPSHOT.jar:/home/runner/work/apicurio-testing/apicurio-testing/clusters/ci419/namespaces/inmemory/tests/integration/apicurio-registry/serdes/kafka/serde-kafka-common/target/apicurio-registry-serde-kafka-common-3.0.12-SNAPSHOT.jar:/home/runner/work/apicurio-testing/apicurio-testing/clusters/ci419/namespaces/inmemory/tests/integration/apicurio-registry/serdes/generic/serde-common/target/apicurio-registry-serde-common-3.0.12-SNAPSHOT.jar:/home/runner/work/apicurio-testing/apicurio-testing/clusters/ci419/namespaces/inmemory/tests/integration/apicurio-registry/serdes/generic/serde-common-jsonschema/target/apicurio-registry-serde-common-jsonschema-3.0.12-SNAPSHOT.jar:/home/runner/.m2/repository/org/json/json/20250107/json-20250107.jar:/home/runner/work/apicurio-testing/apicurio-testing/clusters/ci419/namespaces/inmemory/tests/integration/apicurio-registry/serdes/kafka/avro-serde/target/apicurio-registry-avro-serde-kafka-3.0.12-SNAPSHOT.jar:/home/runner/work/apicurio-testing/apicurio-testing/clusters/ci419/namespaces/inmemory/tests/integration/apicurio-registry/serdes/generic/serde-common-avro/target/apicurio-registry-serde-common-avro-3.0.12-SNAPSHOT.jar:/home/runner/work/apicurio-testing/apicurio-testing/clusters/ci419/namespaces/inmemory/tests/integration/apicurio-registry/serdes/kafka/protobuf-serde/target/apicurio-registry-protobuf-serde-kafka-3.0.12-SNAPSHOT.jar:/home/runner/work/apicurio-testing/apicurio-testing/clusters/ci419/namespaces/inmemory/tests/integration/apicurio-registry/serdes/generic/serde-common-protobuf/target/apicurio-registry-serde-common-protobuf-3.0.12-SNAPSHOT.jar:/home/runner/.m2/repository/com/squareup/wire/wire-schema/5.3.3/wire-schema-5.3.3.jar:/home/runner/.m2/repository/com/squareup/wire/wire-runtime/5.3.3/wire-runtime-5.3.3.jar:/home/runner/work/apicurio-testing/apicurio-testing/clusters/ci419/namespaces/inmemory/tests/integration/apicurio-registry/serdes/pulsar/avro-serde/target/apicurio-registry-avro-serde-pulsar-3.0.12-SNAPSHOT.jar:/home/runner/.m2/repository/org/apache/pulsar/pulsar-functions-api/3.3.8/pulsar-functions-api-3.3.8.jar:/home/runner/work/apicurio-testing/apicurio-testing/clusters/ci419/namespaces/inmemory/tests/integration/apicurio-registry/serdes/nats/avro-serde/target/apicurio-registry-avro-serde-nats-3.0.12-SNAPSHOT.jar:/home/runner/.m2/repository/io/nats/jnats/2.21.4/jnats-2.21.4.jar:/home/runner/.m2/repository/org/bouncycastle/bcprov-lts8on/2.73.7/bcprov-lts8on-2.73.7.jar:/home/runner/.m2/repository/org/jetbrains/annotations/26.0.2/annotations-26.0.2.jar:/home/runner/work/apicurio-testing/apicurio-testing/clusters/ci419/namespaces/inmemory/tests/integration/apicurio-registry/utils/converter/target/apicurio-registry-utils-converter-3.0.12-SNAPSHOT.jar:/home/runner/work/apicurio-testing/apicurio-testing/clusters/ci419/namespaces/inmemory/tests/integration/apicurio-registry/schema-resolver/target/apicurio-registry-schema-resolver-3.0.12-SNAPSHOT.jar:/home/runner/.m2/repository/org/apache/kafka/connect-api/3.9.1/connect-api-3.9.1.jar:/home/runner/.m2/repository/javax/ws/rs/javax.ws.rs-api/2.1.1/javax.ws.rs-api-2.1.1.jar:/home/runner/.m2/repository/org/apache/kafka/connect-json/3.9.1/connect-json-3.9.1.jar:/home/runner/.m2/repository/com/fasterxml/jackson/datatype/jackson-datatype-jdk8/2.18.2/jackson-datatype-jdk8-2.18.2.jar:/home/runner/.m2/repository/com/fasterxml/jackson/module/jackson-module-afterburner/2.18.2/jackson-module-afterburner-2.18.2.jar:/home/runner/work/apicurio-testing/apicurio-testing/clusters/ci419/namespaces/inmemory/tests/integration/apicurio-registry/utils/kafka/target/apicurio-registry-utils-kafka-3.0.12-SNAPSHOT.jar:/home/runner/.m2/repository/org/apache/pulsar/pulsar-client/3.3.8/pulsar-client-3.3.8.jar:/home/runner/.m2/repository/org/apache/pulsar/pulsar-client-api/3.3.8/pulsar-client-api-3.3.8.jar:/home/runner/.m2/repository/org/apache/pulsar/pulsar-client-admin-api/3.3.8/pulsar-client-admin-api-3.3.8.jar:/home/runner/.m2/repository/org/apache/pulsar/bouncy-castle-bc/3.3.8/bouncy-castle-bc-3.3.8-pkg.jar:/home/runner/.m2/repository/org/bouncycastle/bcpkix-jdk18on/1.81/bcpkix-jdk18on-1.81.jar:/home/runner/.m2/repository/org/bouncycastle/bcutil-jdk18on/1.81/bcutil-jdk18on-1.81.jar:/home/runner/.m2/repository/org/bouncycastle/bcprov-jdk18on/1.81/bcprov-jdk18on-1.81.jar:/home/runner/.m2/repository/io/opentelemetry/opentelemetry-api/1.44.1/opentelemetry-api-1.44.1.jar:/home/runner/.m2/repository/io/opentelemetry/opentelemetry-context/1.44.1/opentelemetry-context-1.44.1.jar:/home/runner/.m2/repository/io/opentelemetry/opentelemetry-api-incubator/1.44.1-alpha/opentelemetry-api-incubator-1.44.1-alpha.jar:/home/runner/.m2/repository/com/fasterxml/jackson/core/jackson-annotations/2.18.2/jackson-annotations-2.18.2.jar:/home/runner/.m2/repository/javax/validation/validation-api/1.1.0.Final/validation-api-1.1.0.Final.jar:/home/runner/.m2/repository/org/jspecify/jspecify/1.0.0/jspecify-1.0.0.jar:/home/runner/.m2/repository/org/apache/commons/commons-configuration2/2.12.0/commons-configuration2-2.12.0.jar:/home/runner/.m2/repository/commons-logging/commons-logging/1.3.5/commons-logging-1.3.5.jar:/home/runner/.m2/repository/org/apache/commons/commons-text/1.13.0/commons-text-1.13.0.jar:/home/runner/.m2/repository/io/confluent/kafka-avro-serializer/8.0.0/kafka-avro-serializer-8.0.0.jar:/home/runner/.m2/repository/org/apache/commons/commons-compress/1.27.1/commons-compress-1.27.1.jar:/home/runner/.m2/repository/io/confluent/kafka-schema-serializer/8.0.0/kafka-schema-serializer-8.0.0.jar:/home/runner/.m2/repository/com/fasterxml/jackson/dataformat/jackson-dataformat-csv/2.18.2/jackson-dataformat-csv-2.18.2.jar:/home/runner/.m2/repository/io/confluent/kafka-schema-registry-client/8.0.0/kafka-schema-registry-client-8.0.0.jar:/home/runner/.m2/repository/org/yaml/snakeyaml/2.3/snakeyaml-2.3.jar:/home/runner/.m2/repository/io/swagger/core/v3/swagger-annotations/2.2.29/swagger-annotations-2.2.29.jar:/home/runner/.m2/repository/com/google/guava/guava/33.4.0-jre/guava-33.4.0-jre.jar:/home/runner/.m2/repository/com/google/guava/failureaccess/1.0.1/failureaccess-1.0.1.jar:/home/runner/.m2/repository/org/checkerframework/checker-qual/3.49.0/checker-qual-3.49.0.jar:/home/runner/.m2/repository/io/confluent/logredactor/1.0.13/logredactor-1.0.13.jar:/home/runner/.m2/repository/com/google/re2j/re2j/1.6/re2j-1.6.jar:/home/runner/.m2/repository/io/confluent/logredactor-metrics/1.0.13/logredactor-metrics-1.0.13.jar:/home/runner/.m2/repository/com/eclipsesource/minimal-json/minimal-json/0.9.5/minimal-json-0.9.5.jar:/home/runner/.m2/repository/io/confluent/common-utils/8.0.0/common-utils-8.0.0.jar:/home/runner/.m2/repository/io/confluent/kafka-connect-avro-converter/8.0.0/kafka-connect-avro-converter-8.0.0.jar:/home/runner/.m2/repository/io/confluent/kafka-connect-avro-data/8.0.0/kafka-connect-avro-data-8.0.0.jar:/home/runner/.m2/repository/io/confluent/kafka-schema-converter/8.0.0/kafka-schema-converter-8.0.0.jar:/home/runner/.m2/repository/io/rest-assured/rest-assured/5.5.1/rest-assured-5.5.1.jar:/home/runner/.m2/repository/org/apache/groovy/groovy/4.0.22/groovy-4.0.22.jar:/home/runner/.m2/repository/org/apache/groovy/groovy-xml/4.0.22/groovy-xml-4.0.22.jar:/home/runner/.m2/repository/org/apache/httpcomponents/httpclient/4.5.14/httpclient-4.5.14.jar:/home/runner/.m2/repository/org/apache/httpcomponents/httpcore/4.4.16/httpcore-4.4.16.jar:/home/runner/.m2/repository/org/apache/httpcomponents/httpmime/4.5.14/httpmime-4.5.14.jar:/home/runner/.m2/repository/org/hamcrest/hamcrest/2.2/hamcrest-2.2.jar:/home/runner/.m2/repository/org/ccil/cowan/tagsoup/tagsoup/1.2.1/tagsoup-1.2.1.jar:/home/runner/.m2/repository/io/rest-assured/json-path/5.5.1/json-path-5.5.1.jar:/home/runner/.m2/repository/org/apache/groovy/groovy-json/4.0.22/groovy-json-4.0.22.jar:/home/runner/.m2/repository/io/rest-assured/rest-assured-common/5.5.1/rest-assured-common-5.5.1.jar:/home/runner/.m2/repository/io/rest-assured/xml-path/5.5.1/xml-path-5.5.1.jar:/home/runner/.m2/repository/io/zonky/test/embedded-postgres/2.1.0/embedded-postgres-2.1.0.jar:/home/runner/.m2/repository/io/zonky/test/postgres/embedded-postgres-binaries-windows-amd64/14.15.0/embedded-postgres-binaries-windows-amd64-14.15.0.jar:/home/runner/.m2/repository/io/zonky/test/postgres/embedded-postgres-binaries-darwin-amd64/14.15.0/embedded-postgres-binaries-darwin-amd64-14.15.0.jar:/home/runner/.m2/repository/io/zonky/test/postgres/embedded-postgres-binaries-linux-amd64/14.15.0/embedded-postgres-binaries-linux-amd64-14.15.0.jar:/home/runner/.m2/repository/io/zonky/test/postgres/embedded-postgres-binaries-linux-amd64-alpine/14.15.0/embedded-postgres-binaries-linux-amd64-alpine-14.15.0.jar:/home/runner/.m2/repository/org/apache/commons/commons-lang3/3.17.0/commons-lang3-3.17.0.jar:/home/runner/.m2/repository/org/tukaani/xz/1.10/xz-1.10.jar:/home/runner/.m2/repository/commons-codec/commons-codec/1.19.0/commons-codec-1.19.0.jar:/home/runner/.m2/repository/org/postgresql/postgresql/42.7.7/postgresql-42.7.7.jar:/home/runner/.m2/repository/commons-io/commons-io/2.18.0/commons-io-2.18.0.jar:/home/runner/work/apicurio-testing/apicurio-testing/clusters/ci419/namespaces/inmemory/tests/integration/apicurio-registry/utils/importexport/target/apicurio-registry-utils-import-export-3.0.12-SNAPSHOT.jar:/home/runner/.m2/repository/io/vertx/vertx-core/4.5.16/vertx-core-4.5.16.jar:/home/runner/.m2/repository/io/netty/netty-common/4.1.121.Final/netty-common-4.1.121.Final.jar:/home/runner/.m2/repository/io/netty/netty-buffer/4.1.121.Final/netty-buffer-4.1.121.Final.jar:/home/runner/.m2/repository/io/netty/netty-transport/4.1.121.Final/netty-transport-4.1.121.Final.jar:/home/runner/.m2/repository/io/netty/netty-handler/4.1.121.Final/netty-handler-4.1.121.Final.jar:/home/runner/.m2/repository/io/netty/netty-transport-native-unix-common/4.1.121.Final/netty-transport-native-unix-common-4.1.121.Final.jar:/home/runner/.m2/repository/io/netty/netty-codec/4.1.121.Final/netty-codec-4.1.121.Final.jar:/home/runner/.m2/repository/io/netty/netty-handler-proxy/4.1.121.Final/netty-handler-proxy-4.1.121.Final.jar:/home/runner/.m2/repository/io/netty/netty-codec-socks/4.1.121.Final/netty-codec-socks-4.1.121.Final.jar:/home/runner/.m2/repository/io/netty/netty-codec-http/4.1.121.Final/netty-codec-http-4.1.121.Final.jar:/home/runner/.m2/repository/io/netty/netty-codec-http2/4.1.121.Final/netty-codec-http2-4.1.121.Final.jar:/home/runner/.m2/repository/io/netty/netty-resolver/4.1.121.Final/netty-resolver-4.1.121.Final.jar:/home/runner/.m2/repository/io/netty/netty-resolver-dns/4.1.121.Final/netty-resolver-dns-4.1.121.Final.jar:/home/runner/.m2/repository/io/netty/netty-codec-dns/4.1.121.Final/netty-codec-dns-4.1.121.Final.jar:/home/runner/.m2/repository/com/fasterxml/jackson/core/jackson-core/2.18.2/jackson-core-2.18.2.jar:"/>
    <property name="java.vm.vendor" value="Eclipse Adoptium"/>
    <property name="maven.javadoc.skip" value="true"/>
    <property name="sun.arch.data.model" value="64"/>
    <property name="java.vendor.url" value="https://adoptium.net/"/>
    <property name="user.timezone" value="Etc/UTC"/>
    <property name="os.name" value="Linux"/>
    <property name="java.vm.specification.version" value="17"/>
    <property name="sun.java.launcher" value="SUN_STANDARD"/>
    <property name="quarkus.http.test-port" value="80"/>
    <property name="sun.boot.library.path" value="/usr/lib/jvm/temurin-17-jdk-amd64/lib"/>
    <property name="sun.java.command" value="/home/runner/work/apicurio-testing/apicurio-testing/clusters/ci419/namespaces/inmemory/tests/integration/apicurio-registry/integration-tests/target/surefire/surefirebooter-20250805182134807_3.jar /home/runner/work/apicurio-testing/apicurio-testing/clusters/ci419/namespaces/inmemory/tests/integration/apicurio-registry/integration-tests/target/surefire 2025-08-05T18-21-34_713-jvmRun1 surefire-20250805182134807_1tmp surefire_0-20250805182134807_2tmp"/>
    <property name="maven.home" value="/home/runner/.m2/wrapper/dists/apache-maven-3.9.8-bin/4fnp1ql35bgk2a0p7m31ovbgb0/apache-maven-3.9.8"/>
    <property name="jdk.debug" value="release"/>
    <property name="surefire.test.class.path" value="/home/runner/work/apicurio-testing/apicurio-testing/clusters/ci419/namespaces/inmemory/tests/integration/apicurio-registry/integration-tests/target/test-classes:/home/runner/work/apicurio-testing/apicurio-testing/clusters/ci419/namespaces/inmemory/tests/integration/apicurio-registry/integration-tests/target/apicurio-registry-integration-tests-3.0.12-SNAPSHOT.jar:/home/runner/.m2/repository/io/quarkus/quarkus-junit5/3.20.2/quarkus-junit5-3.20.2.jar:/home/runner/.m2/repository/io/quarkus/quarkus-bootstrap-core/3.20.2/quarkus-bootstrap-core-3.20.2.jar:/home/runner/.m2/repository/io/quarkus/quarkus-classloader-commons/3.20.2/quarkus-classloader-commons-3.20.2.jar:/home/runner/.m2/repository/io/quarkus/quarkus-bootstrap-app-model/3.20.2/quarkus-bootstrap-app-model-3.20.2.jar:/home/runner/.m2/repository/io/smallrye/common/smallrye-common-io/2.12.0/smallrye-common-io-2.12.0.jar:/home/runner/.m2/repository/org/eclipse/sisu/org.eclipse.sisu.inject/0.9.0.M3/org.eclipse.sisu.inject-0.9.0.M3.jar:/home/runner/.m2/repository/io/quarkus/quarkus-test-common/3.20.2/quarkus-test-common-3.20.2.jar:/home/runner/.m2/repository/io/quarkus/quarkus-core-deployment/3.20.2/quarkus-core-deployment-3.20.2.jar:/home/runner/.m2/repository/org/aesh/readline/2.6/readline-2.6.jar:/home/runner/.m2/repository/org/fusesource/jansi/jansi/2.4.0/jansi-2.4.0.jar:/home/runner/.m2/repository/org/aesh/aesh/2.8.2/aesh-2.8.2.jar:/home/runner/.m2/repository/io/quarkus/gizmo/gizmo/1.8.0/gizmo-1.8.0.jar:/home/runner/.m2/repository/org/ow2/asm/asm-util/9.7.1/asm-util-9.7.1.jar:/home/runner/.m2/repository/org/ow2/asm/asm-analysis/9.7.1/asm-analysis-9.7.1.jar:/home/runner/.m2/repository/org/ow2/asm/asm-commons/9.7.1/asm-commons-9.7.1.jar:/home/runner/.m2/repository/org/ow2/asm/asm-tree/9.7.1/asm-tree-9.7.1.jar:/home/runner/.m2/repository/io/quarkus/quarkus-hibernate-validator-spi/3.20.2/quarkus-hibernate-validator-spi-3.20.2.jar:/home/runner/.m2/repository/io/quarkus/quarkus-class-change-agent/3.20.2/quarkus-class-change-agent-3.20.2.jar:/home/runner/.m2/repository/io/quarkus/quarkus-devtools-utilities/3.20.2/quarkus-devtools-utilities-3.20.2.jar:/home/runner/.m2/repository/io/quarkus/quarkus-builder/3.20.2/quarkus-builder-3.20.2.jar:/home/runner/.m2/repository/org/graalvm/sdk/nativeimage/23.1.2/nativeimage-23.1.2.jar:/home/runner/.m2/repository/org/graalvm/sdk/word/23.1.2/word-23.1.2.jar:/home/runner/.m2/repository/io/quarkus/quarkus-bootstrap-maven-resolver/3.20.2/quarkus-bootstrap-maven-resolver-3.20.2.jar:/home/runner/.m2/repository/io/smallrye/beanbag/smallrye-beanbag-maven/1.5.2/smallrye-beanbag-maven-1.5.2.jar:/home/runner/.m2/repository/io/smallrye/beanbag/smallrye-beanbag-sisu/1.5.2/smallrye-beanbag-sisu-1.5.2.jar:/home/runner/.m2/repository/io/smallrye/beanbag/smallrye-beanbag/1.5.2/smallrye-beanbag-1.5.2.jar:/home/runner/.m2/repository/javax/inject/javax.inject/1/javax.inject-1.jar:/home/runner/.m2/repository/org/apache/maven/maven-artifact/3.9.9/maven-artifact-3.9.9.jar:/home/runner/.m2/repository/org/apache/maven/maven-builder-support/3.9.9/maven-builder-support-3.9.9.jar:/home/runner/.m2/repository/org/apache/maven/maven-model/3.9.9/maven-model-3.9.9.jar:/home/runner/.m2/repository/org/apache/maven/maven-model-builder/3.9.9/maven-model-builder-3.9.9.jar:/home/runner/.m2/repository/org/apache/maven/maven-repository-metadata/3.9.9/maven-repository-metadata-3.9.9.jar:/home/runner/.m2/repository/org/apache/maven/maven-settings/3.9.9/maven-settings-3.9.9.jar:/home/runner/.m2/repository/org/apache/maven/resolver/maven-resolver-api/1.9.22/maven-resolver-api-1.9.22.jar:/home/runner/.m2/repository/org/apache/maven/resolver/maven-resolver-impl/1.9.22/maven-resolver-impl-1.9.22.jar:/home/runner/.m2/repository/org/apache/maven/resolver/maven-resolver-named-locks/1.9.22/maven-resolver-named-locks-1.9.22.jar:/home/runner/.m2/repository/org/apache/maven/resolver/maven-resolver-spi/1.9.22/maven-resolver-spi-1.9.22.jar:/home/runner/.m2/repository/org/apache/maven/resolver/maven-resolver-util/1.9.22/maven-resolver-util-1.9.22.jar:/home/runner/.m2/repository/org/apache/maven/resolver/maven-resolver-transport-http/1.9.20/maven-resolver-transport-http-1.9.20.jar:/home/runner/.m2/repository/org/apache/maven/wagon/wagon-provider-api/3.5.3/wagon-provider-api-3.5.3.jar:/home/runner/.m2/repository/org/apache/maven/wagon/wagon-http-shared/3.5.3/wagon-http-shared-3.5.3.jar:/home/runner/.m2/repository/org/codehaus/plexus/plexus-interpolation/1.26/plexus-interpolation-1.26.jar:/home/runner/.m2/repository/org/codehaus/plexus/plexus-utils/3.5.1/plexus-utils-3.5.1.jar:/home/runner/.m2/repository/org/codehaus/plexus/plexus-xml/4.0.1/plexus-xml-4.0.1.jar:/home/runner/.m2/repository/org/apache/maven/maven-xml-impl/4.0.0-alpha-5/maven-xml-impl-4.0.0-alpha-5.jar:/home/runner/.m2/repository/org/apache/maven/maven-api-xml/4.0.0-alpha-5/maven-api-xml-4.0.0-alpha-5.jar:/home/runner/.m2/repository/org/apache/maven/maven-api-meta/4.0.0-alpha-5/maven-api-meta-4.0.0-alpha-5.jar:/home/runner/.m2/repository/org/codehaus/plexus/plexus-cipher/2.0/plexus-cipher-2.0.jar:/home/runner/.m2/repository/org/codehaus/plexus/plexus-sec-dispatcher/2.0/plexus-sec-dispatcher-2.0.jar:/home/runner/.m2/repository/org/apache/maven/maven-embedder/3.9.9/maven-embedder-3.9.9.jar:/home/runner/.m2/repository/org/apache/maven/maven-core/3.9.9/maven-core-3.9.9.jar:/home/runner/.m2/repository/org/codehaus/plexus/plexus-component-annotations/2.1.0/plexus-component-annotations-2.1.0.jar:/home/runner/.m2/repository/org/apache/maven/maven-plugin-api/3.9.9/maven-plugin-api-3.9.9.jar:/home/runner/.m2/repository/org/apache/maven/shared/maven-shared-utils/3.4.2/maven-shared-utils-3.4.2.jar:/home/runner/.m2/repository/com/google/inject/guice/5.1.0/guice-5.1.0.jar:/home/runner/.m2/repository/aopalliance/aopalliance/1.0/aopalliance-1.0.jar:/home/runner/.m2/repository/org/codehaus/plexus/plexus-classworlds/2.6.0/plexus-classworlds-2.6.0.jar:/home/runner/.m2/repository/commons-cli/commons-cli/1.8.0/commons-cli-1.8.0.jar:/home/runner/.m2/repository/org/eclipse/sisu/org.eclipse.sisu.plexus/0.9.0.M3/org.eclipse.sisu.plexus-0.9.0.M3.jar:/home/runner/.m2/repository/org/apache/maven/maven-settings-builder/3.9.9/maven-settings-builder-3.9.9.jar:/home/runner/.m2/repository/org/apache/maven/maven-resolver-provider/3.9.9/maven-resolver-provider-3.9.9.jar:/home/runner/.m2/repository/org/apache/maven/resolver/maven-resolver-connector-basic/1.9.22/maven-resolver-connector-basic-1.9.22.jar:/home/runner/.m2/repository/org/apache/maven/resolver/maven-resolver-transport-wagon/1.9.22/maven-resolver-transport-wagon-1.9.22.jar:/home/runner/.m2/repository/org/apache/maven/wagon/wagon-http/3.5.3/wagon-http-3.5.3.jar:/home/runner/.m2/repository/org/apache/maven/wagon/wagon-file/3.5.3/wagon-file-3.5.3.jar:/home/runner/.m2/repository/io/quarkus/quarkus-bootstrap-gradle-resolver/3.20.2/quarkus-bootstrap-gradle-resolver-3.20.2.jar:/home/runner/.m2/repository/io/smallrye/jandex/3.3.0/jandex-3.3.0.jar:/home/runner/.m2/repository/org/jboss/logging/commons-logging-jboss-logging/1.0.0.Final/commons-logging-jboss-logging-1.0.0.Final.jar:/home/runner/.m2/repository/io/quarkus/quarkus-junit5-config/3.20.2/quarkus-junit5-config-3.20.2.jar:/home/runner/.m2/repository/org/junit/jupiter/junit-jupiter-api/5.12.1/junit-jupiter-api-5.12.1.jar:/home/runner/.m2/repository/io/smallrye/config/smallrye-config/3.11.4/smallrye-config-3.11.4.jar:/home/runner/.m2/repository/io/smallrye/config/smallrye-config-core/3.11.4/smallrye-config-core-3.11.4.jar:/home/runner/.m2/repository/io/smallrye/common/smallrye-common-classloader/2.12.0/smallrye-common-classloader-2.12.0.jar:/home/runner/.m2/repository/io/smallrye/config/smallrye-config-common/3.11.4/smallrye-config-common-3.11.4.jar:/home/runner/.m2/repository/org/junit/jupiter/junit-jupiter/5.12.1/junit-jupiter-5.12.1.jar:/home/runner/.m2/repository/org/junit/jupiter/junit-jupiter-params/5.12.1/junit-jupiter-params-5.12.1.jar:/home/runner/.m2/repository/org/junit/jupiter/junit-jupiter-engine/5.12.1/junit-jupiter-engine-5.12.1.jar:/home/runner/.m2/repository/io/quarkus/quarkus-core/3.20.2/quarkus-core-3.20.2.jar:/home/runner/.m2/repository/jakarta/enterprise/jakarta.enterprise.cdi-api/4.1.0/jakarta.enterprise.cdi-api-4.1.0.jar:/home/runner/.m2/repository/jakarta/enterprise/jakarta.enterprise.lang-model/4.1.0/jakarta.enterprise.lang-model-4.1.0.jar:/home/runner/.m2/repository/jakarta/el/jakarta.el-api/5.0.1/jakarta.el-api-5.0.1.jar:/home/runner/.m2/repository/jakarta/interceptor/jakarta.interceptor-api/2.2.0/jakarta.interceptor-api-2.2.0.jar:/home/runner/.m2/repository/jakarta/inject/jakarta.inject-api/2.0.1/jakarta.inject-api-2.0.1.jar:/home/runner/.m2/repository/io/smallrye/common/smallrye-common-os/2.12.0/smallrye-common-os-2.12.0.jar:/home/runner/.m2/repository/io/quarkus/quarkus-ide-launcher/3.20.2/quarkus-ide-launcher-3.20.2.jar:/home/runner/.m2/repository/io/quarkus/quarkus-development-mode-spi/3.20.2/quarkus-development-mode-spi-3.20.2.jar:/home/runner/.m2/repository/org/jboss/logging/jboss-logging/3.6.1.Final/jboss-logging-3.6.1.Final.jar:/home/runner/.m2/repository/org/jboss/logmanager/jboss-logmanager/3.1.2.Final/jboss-logmanager-3.1.2.Final.jar:/home/runner/.m2/repository/io/smallrye/common/smallrye-common-constraint/2.12.0/smallrye-common-constraint-2.12.0.jar:/home/runner/.m2/repository/io/smallrye/common/smallrye-common-cpu/2.12.0/smallrye-common-cpu-2.12.0.jar:/home/runner/.m2/repository/io/smallrye/common/smallrye-common-expression/2.12.0/smallrye-common-expression-2.12.0.jar:/home/runner/.m2/repository/io/smallrye/common/smallrye-common-net/2.12.0/smallrye-common-net-2.12.0.jar:/home/runner/.m2/repository/io/smallrye/common/smallrye-common-ref/2.12.0/smallrye-common-ref-2.12.0.jar:/home/runner/.m2/repository/jakarta/json/jakarta.json-api/2.1.3/jakarta.json-api-2.1.3.jar:/home/runner/.m2/repository/org/eclipse/parsson/parsson/1.1.7/parsson-1.1.7.jar:/home/runner/.m2/repository/org/jboss/logging/jboss-logging-annotations/3.0.4.Final/jboss-logging-annotations-3.0.4.Final.jar:/home/runner/.m2/repository/org/jboss/threads/jboss-threads/3.8.0.Final/jboss-threads-3.8.0.Final.jar:/home/runner/.m2/repository/io/smallrye/common/smallrye-common-annotation/2.12.0/smallrye-common-annotation-2.12.0.jar:/home/runner/.m2/repository/io/smallrye/common/smallrye-common-function/2.12.0/smallrye-common-function-2.12.0.jar:/home/runner/.m2/repository/org/jboss/slf4j/slf4j-jboss-logmanager/2.0.0.Final/slf4j-jboss-logmanager-2.0.0.Final.jar:/home/runner/.m2/repository/org/wildfly/common/wildfly-common/2.0.1/wildfly-common-2.0.1.jar:/home/runner/.m2/repository/io/quarkus/quarkus-bootstrap-runner/3.20.2/quarkus-bootstrap-runner-3.20.2.jar:/home/runner/.m2/repository/io/github/crac/org-crac/0.1.3/org-crac-0.1.3.jar:/home/runner/.m2/repository/io/quarkus/quarkus-fs-util/0.0.10/quarkus-fs-util-0.0.10.jar:/home/runner/.m2/repository/org/jboss/marshalling/jboss-marshalling/2.2.2.Final/jboss-marshalling-2.2.2.Final.jar:/home/runner/.m2/repository/io/fabric8/kubernetes-client/7.1.0/kubernetes-client-7.1.0.jar:/home/runner/.m2/repository/io/fabric8/kubernetes-client-api/7.1.0/kubernetes-client-api-7.1.0.jar:/home/runner/.m2/repository/io/fabric8/kubernetes-model-core/7.1.0/kubernetes-model-core-7.1.0.jar:/home/runner/.m2/repository/io/fabric8/kubernetes-model-common/7.1.0/kubernetes-model-common-7.1.0.jar:/home/runner/.m2/repository/javax/annotation/javax.annotation-api/1.3.2/javax.annotation-api-1.3.2.jar:/home/runner/.m2/repository/io/fabric8/kubernetes-model-gatewayapi/7.1.0/kubernetes-model-gatewayapi-7.1.0.jar:/home/runner/.m2/repository/io/fabric8/kubernetes-model-resource/7.1.0/kubernetes-model-resource-7.1.0.jar:/home/runner/.m2/repository/io/fabric8/kubernetes-model-rbac/7.1.0/kubernetes-model-rbac-7.1.0.jar:/home/runner/.m2/repository/io/fabric8/kubernetes-model-admissionregistration/7.1.0/kubernetes-model-admissionregistration-7.1.0.jar:/home/runner/.m2/repository/io/fabric8/kubernetes-model-apps/7.1.0/kubernetes-model-apps-7.1.0.jar:/home/runner/.m2/repository/io/fabric8/kubernetes-model-autoscaling/7.1.0/kubernetes-model-autoscaling-7.1.0.jar:/home/runner/.m2/repository/io/fabric8/kubernetes-model-apiextensions/7.1.0/kubernetes-model-apiextensions-7.1.0.jar:/home/runner/.m2/repository/io/fabric8/kubernetes-model-batch/7.1.0/kubernetes-model-batch-7.1.0.jar:/home/runner/.m2/repository/io/fabric8/kubernetes-model-certificates/7.1.0/kubernetes-model-certificates-7.1.0.jar:/home/runner/.m2/repository/io/fabric8/kubernetes-model-coordination/7.1.0/kubernetes-model-coordination-7.1.0.jar:/home/runner/.m2/repository/io/fabric8/kubernetes-model-discovery/7.1.0/kubernetes-model-discovery-7.1.0.jar:/home/runner/.m2/repository/io/fabric8/kubernetes-model-events/7.1.0/kubernetes-model-events-7.1.0.jar:/home/runner/.m2/repository/io/fabric8/kubernetes-model-extensions/7.1.0/kubernetes-model-extensions-7.1.0.jar:/home/runner/.m2/repository/io/fabric8/kubernetes-model-flowcontrol/7.1.0/kubernetes-model-flowcontrol-7.1.0.jar:/home/runner/.m2/repository/io/fabric8/kubernetes-model-networking/7.1.0/kubernetes-model-networking-7.1.0.jar:/home/runner/.m2/repository/io/fabric8/kubernetes-model-metrics/7.1.0/kubernetes-model-metrics-7.1.0.jar:/home/runner/.m2/repository/io/fabric8/kubernetes-model-policy/7.1.0/kubernetes-model-policy-7.1.0.jar:/home/runner/.m2/repository/io/fabric8/kubernetes-model-scheduling/7.1.0/kubernetes-model-scheduling-7.1.0.jar:/home/runner/.m2/repository/io/fabric8/kubernetes-model-storageclass/7.1.0/kubernetes-model-storageclass-7.1.0.jar:/home/runner/.m2/repository/io/fabric8/kubernetes-model-node/7.1.0/kubernetes-model-node-7.1.0.jar:/home/runner/.m2/repository/org/snakeyaml/snakeyaml-engine/2.9/snakeyaml-engine-2.9.jar:/home/runner/.m2/repository/com/fasterxml/jackson/dataformat/jackson-dataformat-yaml/2.18.2/jackson-dataformat-yaml-2.18.2.jar:/home/runner/.m2/repository/com/fasterxml/jackson/datatype/jackson-datatype-jsr310/2.18.2/jackson-datatype-jsr310-2.18.2.jar:/home/runner/.m2/repository/io/fabric8/zjsonpatch/7.1.0/zjsonpatch-7.1.0.jar:/home/runner/.m2/repository/io/fabric8/kubernetes-httpclient-vertx/7.1.0/kubernetes-httpclient-vertx-7.1.0.jar:/home/runner/.m2/repository/io/vertx/vertx-web-client/4.5.16/vertx-web-client-4.5.16.jar:/home/runner/.m2/repository/io/vertx/vertx-web-common/4.5.16/vertx-web-common-4.5.16.jar:/home/runner/.m2/repository/io/vertx/vertx-auth-common/4.5.16/vertx-auth-common-4.5.16.jar:/home/runner/.m2/repository/io/vertx/vertx-uri-template/4.5.16/vertx-uri-template-4.5.16.jar:/home/runner/.m2/repository/io/fabric8/openshift-client/7.1.0/openshift-client-7.1.0.jar:/home/runner/.m2/repository/io/fabric8/openshift-client-api/7.1.0/openshift-client-api-7.1.0.jar:/home/runner/.m2/repository/io/fabric8/openshift-model/7.1.0/openshift-model-7.1.0.jar:/home/runner/.m2/repository/io/fabric8/openshift-model-autoscaling/7.1.0/openshift-model-autoscaling-7.1.0.jar:/home/runner/.m2/repository/io/fabric8/openshift-model-operator/7.1.0/openshift-model-operator-7.1.0.jar:/home/runner/.m2/repository/io/fabric8/openshift-model-operatorhub/7.1.0/openshift-model-operatorhub-7.1.0.jar:/home/runner/.m2/repository/io/fabric8/openshift-model-machine/7.1.0/openshift-model-machine-7.1.0.jar:/home/runner/.m2/repository/io/fabric8/openshift-model-whereabouts/7.1.0/openshift-model-whereabouts-7.1.0.jar:/home/runner/.m2/repository/io/fabric8/openshift-model-monitoring/7.1.0/openshift-model-monitoring-7.1.0.jar:/home/runner/.m2/repository/io/fabric8/openshift-model-storageversionmigrator/7.1.0/openshift-model-storageversionmigrator-7.1.0.jar:/home/runner/.m2/repository/io/fabric8/openshift-model-tuned/7.1.0/openshift-model-tuned-7.1.0.jar:/home/runner/.m2/repository/io/fabric8/openshift-model-console/7.1.0/openshift-model-console-7.1.0.jar:/home/runner/.m2/repository/io/fabric8/openshift-model-config/7.1.0/openshift-model-config-7.1.0.jar:/home/runner/.m2/repository/io/fabric8/openshift-model-machineconfiguration/7.1.0/openshift-model-machineconfiguration-7.1.0.jar:/home/runner/.m2/repository/io/fabric8/openshift-model-miscellaneous/7.1.0/openshift-model-miscellaneous-7.1.0.jar:/home/runner/.m2/repository/io/fabric8/openshift-model-hive/7.1.0/openshift-model-hive-7.1.0.jar:/home/runner/.m2/repository/io/fabric8/openshift-model-installer/7.1.0/openshift-model-installer-7.1.0.jar:/home/runner/.m2/repository/org/junit/platform/junit-platform-launcher/1.12.1/junit-platform-launcher-1.12.1.jar:/home/runner/.m2/repository/org/junit/platform/junit-platform-engine/1.12.1/junit-platform-engine-1.12.1.jar:/home/runner/.m2/repository/org/opentest4j/opentest4j/1.3.0/opentest4j-1.3.0.jar:/home/runner/.m2/repository/org/junit/platform/junit-platform-commons/1.12.1/junit-platform-commons-1.12.1.jar:/home/runner/.m2/repository/org/apiguardian/apiguardian-api/1.1.2/apiguardian-api-1.1.2.jar:/home/runner/.m2/repository/jakarta/ws/rs/jakarta.ws.rs-api/3.1.0/jakarta.ws.rs-api-3.1.0.jar:/home/runner/work/apicurio-testing/apicurio-testing/clusters/ci419/namespaces/inmemory/tests/integration/apicurio-registry/java-sdk/target/apicurio-registry-java-sdk-3.0.12-SNAPSHOT.jar:/home/runner/.m2/repository/com/microsoft/kiota/microsoft-kiota-abstractions/1.8.8/microsoft-kiota-abstractions-1.8.8.jar:/home/runner/.m2/repository/io/github/std-uritemplate/std-uritemplate/2.0.0/std-uritemplate-2.0.0.jar:/home/runner/.m2/repository/io/kiota/kiota-http-jdk/0.0.29/kiota-http-jdk-0.0.29.jar:/home/runner/.m2/repository/io/kiota/kiota-http-vertx/0.0.29/kiota-http-vertx-0.0.29.jar:/home/runner/.m2/repository/io/kiota/kiota-serialization-jackson/0.0.29/kiota-serialization-jackson-0.0.29.jar:/home/runner/.m2/repository/com/microsoft/kiota/microsoft-kiota-serialization-text/1.8.8/microsoft-kiota-serialization-text-1.8.8.jar:/home/runner/.m2/repository/com/microsoft/kiota/microsoft-kiota-serialization-form/1.8.8/microsoft-kiota-serialization-form-1.8.8.jar:/home/runner/.m2/repository/com/microsoft/kiota/microsoft-kiota-serialization-multipart/1.8.8/microsoft-kiota-serialization-multipart-1.8.8.jar:/home/runner/.m2/repository/jakarta/annotation/jakarta.annotation-api/3.0.0/jakarta.annotation-api-3.0.0.jar:/home/runner/.m2/repository/io/vertx/vertx-auth-oauth2/4.5.16/vertx-auth-oauth2-4.5.16.jar:/home/runner/work/apicurio-testing/apicurio-testing/clusters/ci419/namespaces/inmemory/tests/integration/apicurio-registry/java-sdk-v2/target/apicurio-registry-v2-java-sdk-3.0.12-SNAPSHOT.jar:/home/runner/work/apicurio-testing/apicurio-testing/clusters/ci419/namespaces/inmemory/tests/integration/apicurio-registry/utils/kafka/target/apicurio-registry-utils-kafka-3.0.12-SNAPSHOT-tests.jar:/home/runner/.m2/repository/org/eclipse/microprofile/config/microprofile-config-api/3.1/microprofile-config-api-3.1.jar:/home/runner/.m2/repository/org/apache/kafka/kafka-clients/3.9.1/kafka-clients-3.9.1.jar:/home/runner/.m2/repository/com/github/luben/zstd-jni/1.5.6-4/zstd-jni-1.5.6-4.jar:/home/runner/.m2/repository/org/lz4/lz4-java/1.8.0/lz4-java-1.8.0.jar:/home/runner/.m2/repository/org/xerial/snappy/snappy-java/1.1.10.5/snappy-java-1.1.10.5.jar:/home/runner/.m2/repository/org/slf4j/slf4j-api/2.0.6/slf4j-api-2.0.6.jar:/home/runner/work/apicurio-testing/apicurio-testing/clusters/ci419/namespaces/inmemory/tests/integration/apicurio-registry/utils/tests/target/apicurio-registry-utils-tests-3.0.12-SNAPSHOT.jar:/home/runner/work/apicurio-testing/apicurio-testing/clusters/ci419/namespaces/inmemory/tests/integration/apicurio-registry/common/target/apicurio-registry-common-3.0.12-SNAPSHOT.jar:/home/runner/.m2/repository/jakarta/validation/jakarta.validation-api/3.0.2/jakarta.validation-api-3.0.2.jar:/home/runner/.m2/repository/com/github/dasniko/testcontainers-keycloak/3.8.0/testcontainers-keycloak-3.8.0.jar:/home/runner/.m2/repository/org/testcontainers/testcontainers/1.20.6/testcontainers-1.20.6.jar:/home/runner/.m2/repository/org/rnorth/duct-tape/duct-tape/1.0.8/duct-tape-1.0.8.jar:/home/runner/.m2/repository/com/github/docker-java/docker-java-transport-zerodep/3.4.1/docker-java-transport-zerodep-3.4.1.jar:/home/runner/.m2/repository/com/github/docker-java/docker-java-transport/3.4.1/docker-java-transport-3.4.1.jar:/home/runner/.m2/repository/net/java/dev/jna/jna/5.8.0/jna-5.8.0.jar:/home/runner/.m2/repository/io/quarkus/quarkus-junit4-mock/3.20.2/quarkus-junit4-mock-3.20.2.jar:/home/runner/.m2/repository/org/jboss/shrinkwrap/shrinkwrap-api/2.0.0-beta-2/shrinkwrap-api-2.0.0-beta-2.jar:/home/runner/.m2/repository/org/jboss/shrinkwrap/shrinkwrap-impl-base/2.0.0-beta-2/shrinkwrap-impl-base-2.0.0-beta-2.jar:/home/runner/.m2/repository/org/jboss/shrinkwrap/shrinkwrap-spi/2.0.0-beta-2/shrinkwrap-spi-2.0.0-beta-2.jar:/home/runner/.m2/repository/org/keycloak/keycloak-admin-client/26.0.4/keycloak-admin-client-26.0.4.jar:/home/runner/.m2/repository/org/keycloak/keycloak-client-common-synced/26.0.4/keycloak-client-common-synced-26.0.4.jar:/home/runner/.m2/repository/jakarta/activation/jakarta.activation-api/2.1.3/jakarta.activation-api-2.1.3.jar:/home/runner/.m2/repository/org/eclipse/microprofile/openapi/microprofile-openapi-api/4.0.2/microprofile-openapi-api-4.0.2.jar:/home/runner/.m2/repository/org/jboss/resteasy/resteasy-client/6.2.12.Final/resteasy-client-6.2.12.Final.jar:/home/runner/.m2/repository/org/jboss/resteasy/resteasy-client-api/6.2.12.Final/resteasy-client-api-6.2.12.Final.jar:/home/runner/.m2/repository/org/jboss/resteasy/resteasy-core-spi/6.2.12.Final/resteasy-core-spi-6.2.12.Final.jar:/home/runner/.m2/repository/org/jboss/resteasy/resteasy-core/6.2.12.Final/resteasy-core-6.2.12.Final.jar:/home/runner/.m2/repository/org/eclipse/angus/angus-activation/2.0.2/angus-activation-2.0.2.jar:/home/runner/.m2/repository/com/ibm/async/asyncutil/0.1.0/asyncutil-0.1.0.jar:/home/runner/.m2/repository/org/reactivestreams/reactive-streams/1.0.4/reactive-streams-1.0.4.jar:/home/runner/.m2/repository/org/jboss/resteasy/resteasy-multipart-provider/6.2.12.Final/resteasy-multipart-provider-6.2.12.Final.jar:/home/runner/.m2/repository/jakarta/mail/jakarta.mail-api/2.1.3/jakarta.mail-api-2.1.3.jar:/home/runner/.m2/repository/org/eclipse/angus/angus-mail/2.0.3/angus-mail-2.0.3.jar:/home/runner/.m2/repository/org/apache/james/apache-mime4j-dom/0.8.12/apache-mime4j-dom-0.8.12.jar:/home/runner/.m2/repository/org/apache/james/apache-mime4j-core/0.8.12/apache-mime4j-core-0.8.12.jar:/home/runner/.m2/repository/org/apache/james/apache-mime4j-storage/0.8.12/apache-mime4j-storage-0.8.12.jar:/home/runner/.m2/repository/org/jboss/resteasy/resteasy-jackson2-provider/6.2.12.Final/resteasy-jackson2-provider-6.2.12.Final.jar:/home/runner/.m2/repository/com/fasterxml/jackson/jakarta/rs/jackson-jakarta-rs-base/2.18.2/jackson-jakarta-rs-base-2.18.2.jar:/home/runner/.m2/repository/com/fasterxml/jackson/jakarta/rs/jackson-jakarta-rs-json-provider/2.18.2/jackson-jakarta-rs-json-provider-2.18.2.jar:/home/runner/.m2/repository/com/fasterxml/jackson/module/jackson-module-jakarta-xmlbind-annotations/2.18.2/jackson-module-jakarta-xmlbind-annotations-2.18.2.jar:/home/runner/.m2/repository/com/github/java-json-tools/json-patch/1.13/json-patch-1.13.jar:/home/runner/.m2/repository/com/github/java-json-tools/msg-simple/1.2/msg-simple-1.2.jar:/home/runner/.m2/repository/com/github/java-json-tools/btf/1.3/btf-1.3.jar:/home/runner/.m2/repository/com/github/java-json-tools/jackson-coreutils/2.0/jackson-coreutils-2.0.jar:/home/runner/.m2/repository/org/jboss/resteasy/resteasy-jaxb-provider/6.2.12.Final/resteasy-jaxb-provider-6.2.12.Final.jar:/home/runner/.m2/repository/org/glassfish/jaxb/codemodel/4.0.5/codemodel-4.0.5.jar:/home/runner/.m2/repository/org/glassfish/jaxb/jaxb-core/4.0.5/jaxb-core-4.0.5.jar:/home/runner/.m2/repository/org/glassfish/jaxb/jaxb-jxc/4.0.5/jaxb-jxc-4.0.5.jar:/home/runner/.m2/repository/org/glassfish/jaxb/jaxb-runtime/4.0.5/jaxb-runtime-4.0.5.jar:/home/runner/.m2/repository/org/glassfish/jaxb/txw2/4.0.5/txw2-4.0.5.jar:/home/runner/.m2/repository/org/glassfish/jaxb/jaxb-xjc/4.0.5/jaxb-xjc-4.0.5.jar:/home/runner/.m2/repository/org/glassfish/jaxb/xsom/4.0.5/xsom-4.0.5.jar:/home/runner/.m2/repository/com/sun/istack/istack-commons-runtime/4.1.2/istack-commons-runtime-4.1.2.jar:/home/runner/.m2/repository/com/sun/istack/istack-commons-tools/4.1.2/istack-commons-tools-4.1.2.jar:/home/runner/.m2/repository/com/sun/xml/bind/external/relaxng-datatype/4.0.5/relaxng-datatype-4.0.5.jar:/home/runner/.m2/repository/com/sun/xml/bind/external/rngom/4.0.5/rngom-4.0.5.jar:/home/runner/.m2/repository/org/testcontainers/mssqlserver/1.20.6/mssqlserver-1.20.6.jar:/home/runner/.m2/repository/org/testcontainers/jdbc/1.20.6/jdbc-1.20.6.jar:/home/runner/.m2/repository/org/testcontainers/database-commons/1.20.6/database-commons-1.20.6.jar:/home/runner/.m2/repository/org/testcontainers/mysql/1.20.6/mysql-1.20.6.jar:/home/runner/.m2/repository/io/strimzi/strimzi-test-container/0.111.0/strimzi-test-container-0.111.0.jar:/home/runner/.m2/repository/org/testcontainers/toxiproxy/1.20.6/toxiproxy-1.20.6.jar:/home/runner/.m2/repository/com/github/docker-java/docker-java-api/3.4.1/docker-java-api-3.4.1.jar:/home/runner/.m2/repository/org/apache/logging/log4j/log4j-slf4j-impl/2.19.0/log4j-slf4j-impl-2.19.0.jar:/home/runner/.m2/repository/org/apache/logging/log4j/log4j-api/2.24.3/log4j-api-2.24.3.jar:/home/runner/.m2/repository/org/apache/logging/log4j/log4j-core/2.19.0/log4j-core-2.19.0.jar:/home/runner/.m2/repository/eu/rekawek/toxiproxy/toxiproxy-java/2.1.7/toxiproxy-java-2.1.7.jar:/home/runner/.m2/repository/org/testcontainers/pulsar/1.21.3/pulsar-1.21.3.jar:/home/runner/.m2/repository/io/debezium/debezium-testing-testcontainers/2.7.4.Final/debezium-testing-testcontainers-2.7.4.Final.jar:/home/runner/.m2/repository/org/testcontainers/kafka/1.20.6/kafka-1.20.6.jar:/home/runner/.m2/repository/com/squareup/okhttp3/okhttp/4.8.1/okhttp-4.8.1.jar:/home/runner/.m2/repository/com/squareup/okio/okio/3.10.2/okio-3.10.2.jar:/home/runner/.m2/repository/com/squareup/okio/okio-jvm/3.10.2/okio-jvm-3.10.2.jar:/home/runner/.m2/repository/org/jetbrains/kotlin/kotlin-stdlib/2.0.21/kotlin-stdlib-2.0.21.jar:/home/runner/.m2/repository/org/awaitility/awaitility/4.3.0/awaitility-4.3.0.jar:/home/runner/.m2/repository/org/testcontainers/mongodb/1.20.6/mongodb-1.20.6.jar:/home/runner/.m2/repository/org/testcontainers/mariadb/1.20.6/mariadb-1.20.6.jar:/home/runner/.m2/repository/org/testcontainers/oracle-xe/1.20.6/oracle-xe-1.20.6.jar:/home/runner/.m2/repository/org/testcontainers/postgresql/1.20.6/postgresql-1.20.6.jar:/home/runner/.m2/repository/org/wiremock/wiremock/3.0.1/wiremock-3.0.1.jar:/home/runner/.m2/repository/org/eclipse/jetty/jetty-server/11.0.15/jetty-server-11.0.15.jar:/home/runner/.m2/repository/org/eclipse/jetty/toolchain/jetty-jakarta-servlet-api/5.0.2/jetty-jakarta-servlet-api-5.0.2.jar:/home/runner/.m2/repository/org/eclipse/jetty/jetty-http/11.0.15/jetty-http-11.0.15.jar:/home/runner/.m2/repository/org/eclipse/jetty/jetty-io/11.0.15/jetty-io-11.0.15.jar:/home/runner/.m2/repository/org/eclipse/jetty/jetty-servlet/11.0.15/jetty-servlet-11.0.15.jar:/home/runner/.m2/repository/org/eclipse/jetty/jetty-security/11.0.15/jetty-security-11.0.15.jar:/home/runner/.m2/repository/org/eclipse/jetty/jetty-servlets/11.0.15/jetty-servlets-11.0.15.jar:/home/runner/.m2/repository/org/eclipse/jetty/jetty-util/11.0.15/jetty-util-11.0.15.jar:/home/runner/.m2/repository/org/eclipse/jetty/jetty-webapp/11.0.15/jetty-webapp-11.0.15.jar:/home/runner/.m2/repository/org/eclipse/jetty/jetty-xml/11.0.15/jetty-xml-11.0.15.jar:/home/runner/.m2/repository/org/eclipse/jetty/jetty-proxy/11.0.15/jetty-proxy-11.0.15.jar:/home/runner/.m2/repository/org/eclipse/jetty/jetty-client/11.0.15/jetty-client-11.0.15.jar:/home/runner/.m2/repository/org/eclipse/jetty/http2/http2-server/11.0.15/http2-server-11.0.15.jar:/home/runner/.m2/repository/org/eclipse/jetty/http2/http2-common/11.0.15/http2-common-11.0.15.jar:/home/runner/.m2/repository/org/eclipse/jetty/http2/http2-hpack/11.0.15/http2-hpack-11.0.15.jar:/home/runner/.m2/repository/org/eclipse/jetty/jetty-alpn-server/11.0.15/jetty-alpn-server-11.0.15.jar:/home/runner/.m2/repository/org/eclipse/jetty/jetty-alpn-java-server/11.0.15/jetty-alpn-java-server-11.0.15.jar:/home/runner/.m2/repository/org/eclipse/jetty/jetty-alpn-java-client/11.0.15/jetty-alpn-java-client-11.0.15.jar:/home/runner/.m2/repository/org/eclipse/jetty/jetty-alpn-client/11.0.15/jetty-alpn-client-11.0.15.jar:/home/runner/.m2/repository/org/apache/httpcomponents/client5/httpclient5/5.2.1/httpclient5-5.2.1.jar:/home/runner/.m2/repository/org/apache/httpcomponents/core5/httpcore5/5.2/httpcore5-5.2.jar:/home/runner/.m2/repository/org/apache/httpcomponents/core5/httpcore5-h2/5.2/httpcore5-h2-5.2.jar:/home/runner/.m2/repository/org/xmlunit/xmlunit-core/2.9.1/xmlunit-core-2.9.1.jar:/home/runner/.m2/repository/jakarta/xml/bind/jakarta.xml.bind-api/4.0.2/jakarta.xml.bind-api-4.0.2.jar:/home/runner/.m2/repository/org/xmlunit/xmlunit-legacy/2.9.1/xmlunit-legacy-2.9.1.jar:/home/runner/.m2/repository/org/xmlunit/xmlunit-placeholders/2.9.1/xmlunit-placeholders-2.9.1.jar:/home/runner/.m2/repository/net/javacrumbs/json-unit/json-unit-core/2.38.0/json-unit-core-2.38.0.jar:/home/runner/.m2/repository/org/hamcrest/hamcrest-core/2.2/hamcrest-core-2.2.jar:/home/runner/.m2/repository/com/jayway/jsonpath/json-path/2.8.0/json-path-2.8.0.jar:/home/runner/.m2/repository/net/minidev/json-smart/2.4.10/json-smart-2.4.10.jar:/home/runner/.m2/repository/net/minidev/accessors-smart/2.4.9/accessors-smart-2.4.9.jar:/home/runner/.m2/repository/org/ow2/asm/asm/9.7.1/asm-9.7.1.jar:/home/runner/.m2/repository/net/sf/jopt-simple/jopt-simple/5.0.4/jopt-simple-5.0.4.jar:/home/runner/.m2/repository/com/github/jknack/handlebars/4.3.1/handlebars-4.3.1.jar:/home/runner/.m2/repository/com/github/jknack/handlebars-helpers/4.3.1/handlebars-helpers-4.3.1.jar:/home/runner/.m2/repository/commons-fileupload/commons-fileupload/1.5/commons-fileupload-1.5.jar:/home/runner/.m2/repository/com/networknt/json-schema-validator/1.5.8/json-schema-validator-1.5.8.jar:/home/runner/.m2/repository/com/ethlo/time/itu/1.10.3/itu-1.10.3.jar:/home/runner/.m2/repository/io/quarkus/quarkus-smallrye-jwt-build/3.20.2/quarkus-smallrye-jwt-build-3.20.2.jar:/home/runner/.m2/repository/io/smallrye/smallrye-jwt-build/4.6.2/smallrye-jwt-build-4.6.2.jar:/home/runner/.m2/repository/org/eclipse/microprofile/jwt/microprofile-jwt-auth-api/2.1/microprofile-jwt-auth-api-2.1.jar:/home/runner/.m2/repository/org/bitbucket/b_c/jose4j/0.9.6/jose4j-0.9.6.jar:/home/runner/.m2/repository/io/smallrye/smallrye-jwt-common/4.6.2/smallrye-jwt-common-4.6.2.jar:/home/runner/.m2/repository/io/quarkus/quarkus-jsonp/3.20.2/quarkus-jsonp-3.20.2.jar:/home/runner/.m2/repository/io/quarkus/quarkus-arc/3.20.2/quarkus-arc-3.20.2.jar:/home/runner/.m2/repository/io/quarkus/arc/arc/3.20.2/arc-3.20.2.jar:/home/runner/.m2/repository/jakarta/transaction/jakarta.transaction-api/2.0.1/jakarta.transaction-api-2.0.1.jar:/home/runner/.m2/repository/io/smallrye/reactive/mutiny/2.9.2/mutiny-2.9.2.jar:/home/runner/.m2/repository/org/jctools/jctools-core/4.0.5/jctools-core-4.0.5.jar:/home/runner/.m2/repository/org/eclipse/microprofile/context-propagation/microprofile-context-propagation-api/1.3/microprofile-context-propagation-api-1.3.jar:/home/runner/.m2/repository/io/apicurio/apicurio-common-rest-client-common/0.1.18.Final/apicurio-common-rest-client-common-0.1.18.Final.jar:/home/runner/work/apicurio-testing/apicurio-testing/clusters/ci419/namespaces/inmemory/tests/integration/apicurio-registry/utils/maven-plugin/target/apicurio-registry-maven-plugin-3.0.12-SNAPSHOT.jar:/home/runner/.m2/repository/com/fasterxml/jackson/core/jackson-databind/2.18.2/jackson-databind-2.18.2.jar:/home/runner/.m2/repository/org/apache/avro/avro/1.12.0/avro-1.12.0.jar:/home/runner/.m2/repository/com/google/protobuf/protobuf-java/4.31.1/protobuf-java-4.31.1.jar:/home/runner/.m2/repository/com/google/protobuf/protobuf-java-util/4.31.1/protobuf-java-util-4.31.1.jar:/home/runner/.m2/repository/com/google/code/findbugs/jsr305/3.0.2/jsr305-3.0.2.jar:/home/runner/.m2/repository/com/google/code/gson/gson/2.12.1/gson-2.12.1.jar:/home/runner/.m2/repository/com/google/errorprone/error_prone_annotations/2.36.0/error_prone_annotations-2.36.0.jar:/home/runner/.m2/repository/com/google/j2objc/j2objc-annotations/2.8/j2objc-annotations-2.8.jar:/home/runner/work/apicurio-testing/apicurio-testing/clusters/ci419/namespaces/inmemory/tests/integration/apicurio-registry/schema-util/util-provider/target/apicurio-registry-schema-util-provider-3.0.12-SNAPSHOT.jar:/home/runner/work/apicurio-testing/apicurio-testing/clusters/ci419/namespaces/inmemory/tests/integration/apicurio-registry/schema-util/common/target/apicurio-registry-schema-util-common-3.0.12-SNAPSHOT.jar:/home/runner/.m2/repository/com/fasterxml/jackson/module/jackson-module-parameter-names/2.18.2/jackson-module-parameter-names-2.18.2.jar:/home/runner/.m2/repository/com/fasterxml/jackson/datatype/jackson-datatype-json-org/2.18.2/jackson-datatype-json-org-2.18.2.jar:/home/runner/work/apicurio-testing/apicurio-testing/clusters/ci419/namespaces/inmemory/tests/integration/apicurio-registry/schema-util/json/target/apicurio-registry-schema-util-json-3.0.12-SNAPSHOT.jar:/home/runner/.m2/repository/com/github/erosb/everit-json-schema/1.14.5/everit-json-schema-1.14.5.jar:/home/runner/.m2/repository/commons-validator/commons-validator/1.9.0/commons-validator-1.9.0.jar:/home/runner/.m2/repository/commons-digester/commons-digester/2.1/commons-digester-2.1.jar:/home/runner/.m2/repository/commons-collections/commons-collections/3.2.2/commons-collections-3.2.2.jar:/home/runner/.m2/repository/com/damnhandy/handy-uri-templates/2.1.8/handy-uri-templates-2.1.8.jar:/home/runner/.m2/repository/joda-time/joda-time/2.10.2/joda-time-2.10.2.jar:/home/runner/.m2/repository/com/github/erosb/json-sKema/0.20.0/json-sKema-0.20.0.jar:/home/runner/.m2/repository/io/vertx/vertx-json-schema/4.5.16/vertx-json-schema-4.5.16.jar:/home/runner/work/apicurio-testing/apicurio-testing/clusters/ci419/namespaces/inmemory/tests/integration/apicurio-registry/schema-util/protobuf/target/apicurio-registry-schema-util-protobuf-3.0.12-SNAPSHOT.jar:/home/runner/work/apicurio-testing/apicurio-testing/clusters/ci419/namespaces/inmemory/tests/integration/apicurio-registry/utils/protobuf-schema-utilities/target/apicurio-registry-protobuf-schema-utilities-3.0.12-SNAPSHOT.jar:/home/runner/.m2/repository/com/google/api/grpc/proto-google-common-protos/2.52.0/proto-google-common-protos-2.52.0.jar:/home/runner/.m2/repository/com/squareup/wire/wire-schema-jvm/5.3.3/wire-schema-jvm-5.3.3.jar:/home/runner/.m2/repository/com/palantir/javapoet/javapoet/0.6.0/javapoet-0.6.0.jar:/home/runner/.m2/repository/com/squareup/kotlinpoet-jvm/2.0.0/kotlinpoet-jvm-2.0.0.jar:/home/runner/.m2/repository/org/jetbrains/kotlin/kotlin-reflect/2.0.21/kotlin-reflect-2.0.21.jar:/home/runner/.m2/repository/com/squareup/wire/wire-runtime-jvm/5.3.3/wire-runtime-jvm-5.3.3.jar:/home/runner/.m2/repository/com/ibm/icu/icu4j/76.1/icu4j-76.1.jar:/home/runner/.m2/repository/com/squareup/okio/okio-fakefilesystem/3.10.2/okio-fakefilesystem-3.10.2.jar:/home/runner/.m2/repository/com/squareup/okio/okio-fakefilesystem-jvm/3.10.2/okio-fakefilesystem-jvm-3.10.2.jar:/home/runner/.m2/repository/org/jetbrains/kotlinx/kotlinx-datetime-jvm/0.6.1/kotlinx-datetime-jvm-0.6.1.jar:/home/runner/work/apicurio-testing/apicurio-testing/clusters/ci419/namespaces/inmemory/tests/integration/apicurio-registry/schema-util/asyncapi/target/apicurio-registry-schema-util-asyncapi-3.0.12-SNAPSHOT.jar:/home/runner/work/apicurio-testing/apicurio-testing/clusters/ci419/namespaces/inmemory/tests/integration/apicurio-registry/schema-util/avro/target/apicurio-registry-schema-util-avro-3.0.12-SNAPSHOT.jar:/home/runner/work/apicurio-testing/apicurio-testing/clusters/ci419/namespaces/inmemory/tests/integration/apicurio-registry/schema-util/graphql/target/apicurio-registry-schema-util-graphql-3.0.12-SNAPSHOT.jar:/home/runner/.m2/repository/com/graphql-java/graphql-java/22.4/graphql-java-22.4.jar:/home/runner/.m2/repository/com/graphql-java/java-dataloader/3.3.0/java-dataloader-3.3.0.jar:/home/runner/work/apicurio-testing/apicurio-testing/clusters/ci419/namespaces/inmemory/tests/integration/apicurio-registry/schema-util/kconnect/target/apicurio-registry-schema-util-kconnect-3.0.12-SNAPSHOT.jar:/home/runner/work/apicurio-testing/apicurio-testing/clusters/ci419/namespaces/inmemory/tests/integration/apicurio-registry/schema-util/openapi/target/apicurio-registry-schema-util-openapi-3.0.12-SNAPSHOT.jar:/home/runner/.m2/repository/io/apicurio/apicurio-data-models/2.2.2/apicurio-data-models-2.2.2.jar:/home/runner/.m2/repository/org/openapitools/openapidiff/openapi-diff-core/2.1.2/openapi-diff-core-2.1.2.jar:/home/runner/.m2/repository/io/swagger/parser/v3/swagger-parser/2.1.28/swagger-parser-2.1.28.jar:/home/runner/.m2/repository/io/swagger/parser/v3/swagger-parser-v2-converter/2.1.28/swagger-parser-v2-converter-2.1.28.jar:/home/runner/.m2/repository/io/swagger/swagger-core/1.6.16/swagger-core-1.6.16.jar:/home/runner/.m2/repository/io/swagger/swagger-models/1.6.16/swagger-models-1.6.16.jar:/home/runner/.m2/repository/io/swagger/swagger-annotations/1.6.16/swagger-annotations-1.6.16.jar:/home/runner/.m2/repository/io/swagger/swagger-parser/1.0.75/swagger-parser-1.0.75.jar:/home/runner/.m2/repository/io/swagger/swagger-parser-safe-url-resolver/1.0.75/swagger-parser-safe-url-resolver-1.0.75.jar:/home/runner/.m2/repository/io/swagger/swagger-compat-spec-parser/1.0.75/swagger-compat-spec-parser-1.0.75.jar:/home/runner/.m2/repository/com/github/java-json-tools/json-schema-validator/2.2.14/json-schema-validator-2.2.14.jar:/home/runner/.m2/repository/com/github/java-json-tools/jackson-coreutils-equivalence/1.0/jackson-coreutils-equivalence-1.0.jar:/home/runner/.m2/repository/com/github/java-json-tools/json-schema-core/1.2.14/json-schema-core-1.2.14.jar:/home/runner/.m2/repository/com/github/java-json-tools/uri-template/0.10/uri-template-0.10.jar:/home/runner/.m2/repository/com/googlecode/libphonenumber/libphonenumber/8.11.1/libphonenumber-8.11.1.jar:/home/runner/.m2/repository/com/j2html/j2html/1.6.0/j2html-1.6.0.jar:/home/runner/.m2/repository/org/apache/commons/commons-collections4/4.5.0/commons-collections4-4.5.0.jar:/home/runner/.m2/repository/org/slf4j/jcl-over-slf4j/2.0.17/jcl-over-slf4j-2.0.17.jar:/home/runner/.m2/repository/io/swagger/parser/v3/swagger-parser-v3/2.1.31/swagger-parser-v3-2.1.31.jar:/home/runner/.m2/repository/io/swagger/core/v3/swagger-models/2.2.34/swagger-models-2.2.34.jar:/home/runner/.m2/repository/io/swagger/core/v3/swagger-core/2.2.34/swagger-core-2.2.34.jar:/home/runner/.m2/repository/io/swagger/parser/v3/swagger-parser-core/2.1.31/swagger-parser-core-2.1.31.jar:/home/runner/.m2/repository/io/swagger/parser/v3/swagger-parser-safe-url-resolver/2.1.31/swagger-parser-safe-url-resolver-2.1.31.jar:/home/runner/work/apicurio-testing/apicurio-testing/clusters/ci419/namespaces/inmemory/tests/integration/apicurio-registry/schema-util/wsdl/target/apicurio-registry-schema-util-wsdl-3.0.12-SNAPSHOT.jar:/home/runner/.m2/repository/wsdl4j/wsdl4j/1.6.3/wsdl4j-1.6.3.jar:/home/runner/work/apicurio-testing/apicurio-testing/clusters/ci419/namespaces/inmemory/tests/integration/apicurio-registry/schema-util/xml/target/apicurio-registry-schema-util-xml-3.0.12-SNAPSHOT.jar:/home/runner/.m2/repository/org/apache/santuario/xmlsec/4.0.4/xmlsec-4.0.4.jar:/home/runner/.m2/repository/com/fasterxml/woodstox/woodstox-core/7.1.1/woodstox-core-7.1.1.jar:/home/runner/.m2/repository/org/codehaus/woodstox/stax2-api/4.2.2/stax2-api-4.2.2.jar:/home/runner/work/apicurio-testing/apicurio-testing/clusters/ci419/namespaces/inmemory/tests/integration/apicurio-registry/schema-util/xsd/target/apicurio-registry-schema-util-xsd-3.0.12-SNAPSHOT.jar:/home/runner/work/apicurio-testing/apicurio-testing/clusters/ci419/namespaces/inmemory/tests/integration/apicurio-registry/serdes/kafka/jsonschema-serde/target/apicurio-registry-jsonschema-serde-kafka-3.0.12-SNAPSHOT.jar:/home/runner/work/apicurio-testing/apicurio-testing/clusters/ci419/namespaces/inmemory/tests/integration/apicurio-registry/serdes/kafka/serde-kafka-common/target/apicurio-registry-serde-kafka-common-3.0.12-SNAPSHOT.jar:/home/runner/work/apicurio-testing/apicurio-testing/clusters/ci419/namespaces/inmemory/tests/integration/apicurio-registry/serdes/generic/serde-common/target/apicurio-registry-serde-common-3.0.12-SNAPSHOT.jar:/home/runner/work/apicurio-testing/apicurio-testing/clusters/ci419/namespaces/inmemory/tests/integration/apicurio-registry/serdes/generic/serde-common-jsonschema/target/apicurio-registry-serde-common-jsonschema-3.0.12-SNAPSHOT.jar:/home/runner/.m2/repository/org/json/json/20250107/json-20250107.jar:/home/runner/work/apicurio-testing/apicurio-testing/clusters/ci419/namespaces/inmemory/tests/integration/apicurio-registry/serdes/kafka/avro-serde/target/apicurio-registry-avro-serde-kafka-3.0.12-SNAPSHOT.jar:/home/runner/work/apicurio-testing/apicurio-testing/clusters/ci419/namespaces/inmemory/tests/integration/apicurio-registry/serdes/generic/serde-common-avro/target/apicurio-registry-serde-common-avro-3.0.12-SNAPSHOT.jar:/home/runner/work/apicurio-testing/apicurio-testing/clusters/ci419/namespaces/inmemory/tests/integration/apicurio-registry/serdes/kafka/protobuf-serde/target/apicurio-registry-protobuf-serde-kafka-3.0.12-SNAPSHOT.jar:/home/runner/work/apicurio-testing/apicurio-testing/clusters/ci419/namespaces/inmemory/tests/integration/apicurio-registry/serdes/generic/serde-common-protobuf/target/apicurio-registry-serde-common-protobuf-3.0.12-SNAPSHOT.jar:/home/runner/.m2/repository/com/squareup/wire/wire-schema/5.3.3/wire-schema-5.3.3.jar:/home/runner/.m2/repository/com/squareup/wire/wire-runtime/5.3.3/wire-runtime-5.3.3.jar:/home/runner/work/apicurio-testing/apicurio-testing/clusters/ci419/namespaces/inmemory/tests/integration/apicurio-registry/serdes/pulsar/avro-serde/target/apicurio-registry-avro-serde-pulsar-3.0.12-SNAPSHOT.jar:/home/runner/.m2/repository/org/apache/pulsar/pulsar-functions-api/3.3.8/pulsar-functions-api-3.3.8.jar:/home/runner/work/apicurio-testing/apicurio-testing/clusters/ci419/namespaces/inmemory/tests/integration/apicurio-registry/serdes/nats/avro-serde/target/apicurio-registry-avro-serde-nats-3.0.12-SNAPSHOT.jar:/home/runner/.m2/repository/io/nats/jnats/2.21.4/jnats-2.21.4.jar:/home/runner/.m2/repository/org/bouncycastle/bcprov-lts8on/2.73.7/bcprov-lts8on-2.73.7.jar:/home/runner/.m2/repository/org/jetbrains/annotations/26.0.2/annotations-26.0.2.jar:/home/runner/work/apicurio-testing/apicurio-testing/clusters/ci419/namespaces/inmemory/tests/integration/apicurio-registry/utils/converter/target/apicurio-registry-utils-converter-3.0.12-SNAPSHOT.jar:/home/runner/work/apicurio-testing/apicurio-testing/clusters/ci419/namespaces/inmemory/tests/integration/apicurio-registry/schema-resolver/target/apicurio-registry-schema-resolver-3.0.12-SNAPSHOT.jar:/home/runner/.m2/repository/org/apache/kafka/connect-api/3.9.1/connect-api-3.9.1.jar:/home/runner/.m2/repository/javax/ws/rs/javax.ws.rs-api/2.1.1/javax.ws.rs-api-2.1.1.jar:/home/runner/.m2/repository/org/apache/kafka/connect-json/3.9.1/connect-json-3.9.1.jar:/home/runner/.m2/repository/com/fasterxml/jackson/datatype/jackson-datatype-jdk8/2.18.2/jackson-datatype-jdk8-2.18.2.jar:/home/runner/.m2/repository/com/fasterxml/jackson/module/jackson-module-afterburner/2.18.2/jackson-module-afterburner-2.18.2.jar:/home/runner/work/apicurio-testing/apicurio-testing/clusters/ci419/namespaces/inmemory/tests/integration/apicurio-registry/utils/kafka/target/apicurio-registry-utils-kafka-3.0.12-SNAPSHOT.jar:/home/runner/.m2/repository/org/apache/pulsar/pulsar-client/3.3.8/pulsar-client-3.3.8.jar:/home/runner/.m2/repository/org/apache/pulsar/pulsar-client-api/3.3.8/pulsar-client-api-3.3.8.jar:/home/runner/.m2/repository/org/apache/pulsar/pulsar-client-admin-api/3.3.8/pulsar-client-admin-api-3.3.8.jar:/home/runner/.m2/repository/org/apache/pulsar/bouncy-castle-bc/3.3.8/bouncy-castle-bc-3.3.8-pkg.jar:/home/runner/.m2/repository/org/bouncycastle/bcpkix-jdk18on/1.81/bcpkix-jdk18on-1.81.jar:/home/runner/.m2/repository/org/bouncycastle/bcutil-jdk18on/1.81/bcutil-jdk18on-1.81.jar:/home/runner/.m2/repository/org/bouncycastle/bcprov-jdk18on/1.81/bcprov-jdk18on-1.81.jar:/home/runner/.m2/repository/io/opentelemetry/opentelemetry-api/1.44.1/opentelemetry-api-1.44.1.jar:/home/runner/.m2/repository/io/opentelemetry/opentelemetry-context/1.44.1/opentelemetry-context-1.44.1.jar:/home/runner/.m2/repository/io/opentelemetry/opentelemetry-api-incubator/1.44.1-alpha/opentelemetry-api-incubator-1.44.1-alpha.jar:/home/runner/.m2/repository/com/fasterxml/jackson/core/jackson-annotations/2.18.2/jackson-annotations-2.18.2.jar:/home/runner/.m2/repository/javax/validation/validation-api/1.1.0.Final/validation-api-1.1.0.Final.jar:/home/runner/.m2/repository/org/jspecify/jspecify/1.0.0/jspecify-1.0.0.jar:/home/runner/.m2/repository/org/apache/commons/commons-configuration2/2.12.0/commons-configuration2-2.12.0.jar:/home/runner/.m2/repository/commons-logging/commons-logging/1.3.5/commons-logging-1.3.5.jar:/home/runner/.m2/repository/org/apache/commons/commons-text/1.13.0/commons-text-1.13.0.jar:/home/runner/.m2/repository/io/confluent/kafka-avro-serializer/8.0.0/kafka-avro-serializer-8.0.0.jar:/home/runner/.m2/repository/org/apache/commons/commons-compress/1.27.1/commons-compress-1.27.1.jar:/home/runner/.m2/repository/io/confluent/kafka-schema-serializer/8.0.0/kafka-schema-serializer-8.0.0.jar:/home/runner/.m2/repository/com/fasterxml/jackson/dataformat/jackson-dataformat-csv/2.18.2/jackson-dataformat-csv-2.18.2.jar:/home/runner/.m2/repository/io/confluent/kafka-schema-registry-client/8.0.0/kafka-schema-registry-client-8.0.0.jar:/home/runner/.m2/repository/org/yaml/snakeyaml/2.3/snakeyaml-2.3.jar:/home/runner/.m2/repository/io/swagger/core/v3/swagger-annotations/2.2.29/swagger-annotations-2.2.29.jar:/home/runner/.m2/repository/com/google/guava/guava/33.4.0-jre/guava-33.4.0-jre.jar:/home/runner/.m2/repository/com/google/guava/failureaccess/1.0.1/failureaccess-1.0.1.jar:/home/runner/.m2/repository/org/checkerframework/checker-qual/3.49.0/checker-qual-3.49.0.jar:/home/runner/.m2/repository/io/confluent/logredactor/1.0.13/logredactor-1.0.13.jar:/home/runner/.m2/repository/com/google/re2j/re2j/1.6/re2j-1.6.jar:/home/runner/.m2/repository/io/confluent/logredactor-metrics/1.0.13/logredactor-metrics-1.0.13.jar:/home/runner/.m2/repository/com/eclipsesource/minimal-json/minimal-json/0.9.5/minimal-json-0.9.5.jar:/home/runner/.m2/repository/io/confluent/common-utils/8.0.0/common-utils-8.0.0.jar:/home/runner/.m2/repository/io/confluent/kafka-connect-avro-converter/8.0.0/kafka-connect-avro-converter-8.0.0.jar:/home/runner/.m2/repository/io/confluent/kafka-connect-avro-data/8.0.0/kafka-connect-avro-data-8.0.0.jar:/home/runner/.m2/repository/io/confluent/kafka-schema-converter/8.0.0/kafka-schema-converter-8.0.0.jar:/home/runner/.m2/repository/io/rest-assured/rest-assured/5.5.1/rest-assured-5.5.1.jar:/home/runner/.m2/repository/org/apache/groovy/groovy/4.0.22/groovy-4.0.22.jar:/home/runner/.m2/repository/org/apache/groovy/groovy-xml/4.0.22/groovy-xml-4.0.22.jar:/home/runner/.m2/repository/org/apache/httpcomponents/httpclient/4.5.14/httpclient-4.5.14.jar:/home/runner/.m2/repository/org/apache/httpcomponents/httpcore/4.4.16/httpcore-4.4.16.jar:/home/runner/.m2/repository/org/apache/httpcomponents/httpmime/4.5.14/httpmime-4.5.14.jar:/home/runner/.m2/repository/org/hamcrest/hamcrest/2.2/hamcrest-2.2.jar:/home/runner/.m2/repository/org/ccil/cowan/tagsoup/tagsoup/1.2.1/tagsoup-1.2.1.jar:/home/runner/.m2/repository/io/rest-assured/json-path/5.5.1/json-path-5.5.1.jar:/home/runner/.m2/repository/org/apache/groovy/groovy-json/4.0.22/groovy-json-4.0.22.jar:/home/runner/.m2/repository/io/rest-assured/rest-assured-common/5.5.1/rest-assured-common-5.5.1.jar:/home/runner/.m2/repository/io/rest-assured/xml-path/5.5.1/xml-path-5.5.1.jar:/home/runner/.m2/repository/io/zonky/test/embedded-postgres/2.1.0/embedded-postgres-2.1.0.jar:/home/runner/.m2/repository/io/zonky/test/postgres/embedded-postgres-binaries-windows-amd64/14.15.0/embedded-postgres-binaries-windows-amd64-14.15.0.jar:/home/runner/.m2/repository/io/zonky/test/postgres/embedded-postgres-binaries-darwin-amd64/14.15.0/embedded-postgres-binaries-darwin-amd64-14.15.0.jar:/home/runner/.m2/repository/io/zonky/test/postgres/embedded-postgres-binaries-linux-amd64/14.15.0/embedded-postgres-binaries-linux-amd64-14.15.0.jar:/home/runner/.m2/repository/io/zonky/test/postgres/embedded-postgres-binaries-linux-amd64-alpine/14.15.0/embedded-postgres-binaries-linux-amd64-alpine-14.15.0.jar:/home/runner/.m2/repository/org/apache/commons/commons-lang3/3.17.0/commons-lang3-3.17.0.jar:/home/runner/.m2/repository/org/tukaani/xz/1.10/xz-1.10.jar:/home/runner/.m2/repository/commons-codec/commons-codec/1.19.0/commons-codec-1.19.0.jar:/home/runner/.m2/repository/org/postgresql/postgresql/42.7.7/postgresql-42.7.7.jar:/home/runner/.m2/repository/commons-io/commons-io/2.18.0/commons-io-2.18.0.jar:/home/runner/work/apicurio-testing/apicurio-testing/clusters/ci419/namespaces/inmemory/tests/integration/apicurio-registry/utils/importexport/target/apicurio-registry-utils-import-export-3.0.12-SNAPSHOT.jar:/home/runner/.m2/repository/io/vertx/vertx-core/4.5.16/vertx-core-4.5.16.jar:/home/runner/.m2/repository/io/netty/netty-common/4.1.121.Final/netty-common-4.1.121.Final.jar:/home/runner/.m2/repository/io/netty/netty-buffer/4.1.121.Final/netty-buffer-4.1.121.Final.jar:/home/runner/.m2/repository/io/netty/netty-transport/4.1.121.Final/netty-transport-4.1.121.Final.jar:/home/runner/.m2/repository/io/netty/netty-handler/4.1.121.Final/netty-handler-4.1.121.Final.jar:/home/runner/.m2/repository/io/netty/netty-transport-native-unix-common/4.1.121.Final/netty-transport-native-unix-common-4.1.121.Final.jar:/home/runner/.m2/repository/io/netty/netty-codec/4.1.121.Final/netty-codec-4.1.121.Final.jar:/home/runner/.m2/repository/io/netty/netty-handler-proxy/4.1.121.Final/netty-handler-proxy-4.1.121.Final.jar:/home/runner/.m2/repository/io/netty/netty-codec-socks/4.1.121.Final/netty-codec-socks-4.1.121.Final.jar:/home/runner/.m2/repository/io/netty/netty-codec-http/4.1.121.Final/netty-codec-http-4.1.121.Final.jar:/home/runner/.m2/repository/io/netty/netty-codec-http2/4.1.121.Final/netty-codec-http2-4.1.121.Final.jar:/home/runner/.m2/repository/io/netty/netty-resolver/4.1.121.Final/netty-resolver-4.1.121.Final.jar:/home/runner/.m2/repository/io/netty/netty-resolver-dns/4.1.121.Final/netty-resolver-dns-4.1.121.Final.jar:/home/runner/.m2/repository/io/netty/netty-codec-dns/4.1.121.Final/netty-codec-dns-4.1.121.Final.jar:/home/runner/.m2/repository/com/fasterxml/jackson/core/jackson-core/2.18.2/jackson-core-2.18.2.jar:"/>
    <property name="sun.cpu.endian" value="little"/>
    <property name="user.home" value="/home/runner"/>
    <property name="user.language" value="en"/>
    <property name="jboss.log-version" value="false"/>
    <property name="java.specification.vendor" value="Oracle Corporation"/>
    <property name="java.version.date" value="2025-07-15"/>
    <property name="java.home" value="/usr/lib/jvm/temurin-17-jdk-amd64"/>
    <property name="file.separator" value="/"/>
    <property name="basedir" value="/home/runner/work/apicurio-testing/apicurio-testing/clusters/ci419/namespaces/inmemory/tests/integration/apicurio-registry/integration-tests"/>
    <property name="java.vm.compressedOopsMode" value="32-bit"/>
    <property name="line.separator" value="&#10;"/>
    <property name="java.specification.name" value="Java Platform API Specification"/>
    <property name="java.vm.specification.vendor" value="Oracle Corporation"/>
    <property name="quarkus.http.test-host" value="registry-app-inmemory.apps.ci419.apicurio-testing.org"/>
    <property name="surefire.real.class.path" value="/home/runner/work/apicurio-testing/apicurio-testing/clusters/ci419/namespaces/inmemory/tests/integration/apicurio-registry/integration-tests/target/surefire/surefirebooter-20250805182134807_3.jar"/>
    <property name="sun.management.compiler" value="HotSpot 64-Bit Tiered Compilers"/>
    <property name="org.eclipse.jetty.http.HttpGenerator.STRICT" value="true"/>
    <property name="java.runtime.version" value="17.0.16+8"/>
    <property name="user.name" value="runner"/>
    <property name="path.separator" value=":"/>
    <property name="os.version" value="6.8.0-1031-azure"/>
    <property name="java.runtime.name" value="OpenJDK Runtime Environment"/>
    <property name="file.encoding" value="UTF-8"/>
    <property name="jnidispatch.path" value="/home/runner/.cache/JNA/temp/jna9376891612469226905.tmp"/>
    <property name="java.vm.name" value="OpenJDK 64-Bit Server VM"/>
    <property name="jna.platform.library.path" value="/usr/lib/x86_64-linux-gnu:/lib/x86_64-linux-gnu:/usr/lib64:/lib64:/usr/lib:/lib:/lib32:/usr/local/lib:/usr/lib/x86_64-linux-gnu/libfakeroot"/>
    <property name="java.vendor.version" value="Temurin-17.0.16+8"/>
    <property name="quarkus.oidc.token-path" value="https://keycloak-inmemory.apps.ci419.apicurio-testing.org/realms/registry/protocol/openid-connect/token"/>
    <property name="quarkus.http.host" value="registry-app-inmemory.apps.ci419.apicurio-testing.org"/>
    <property name="localRepository" value="/home/runner/.m2/repository"/>
    <property name="javax.xml.xpath.XPathFactory:http://java.sun.com/jaxp/xpath/dom" value="com.sun.org.apache.xpath.internal.jaxp.XPathFactoryImpl"/>
    <property name="jna.loaded" value="true"/>
    <property name="java.vendor.url.bug" value="https://github.com/adoptium/adoptium-support/issues"/>
    <property name="jetty.git.hash" value="5bc5e562c8d05c5862505aebe5cf83a61bdbcb96"/>
    <property name="java.io.tmpdir" value="/tmp"/>
    <property name="quarkus.http.test-protocol" value="http"/>
    <property name="java.version" value="17.0.16"/>
    <property name="user.dir" value="/home/runner/work/apicurio-testing/apicurio-testing/clusters/ci419/namespaces/inmemory/tests/integration/apicurio-registry/integration-tests"/>
    <property name="os.arch" value="amd64"/>
    <property name="groups" value="( smoke | serdes | acceptance | ui)"/>
    <property name="java.vm.specification.name" value="Java Virtual Machine Specification"/>
    <property name="native.encoding" value="UTF-8"/>
    <property name="java.util.logging.manager" value="org.jboss.logmanager.LogManager"/>
    <property name="java.library.path" value="/usr/java/packages/lib:/usr/lib64:/lib64:/lib:/usr/lib"/>
    <property name="jdk.console" value="java.base"/>
    <property name="java.vm.info" value="mixed mode, sharing"/>
    <property name="java.vendor" value="Eclipse Adoptium"/>
    <property name="java.vm.version" value="17.0.16+8"/>
    <property name="java.specification.maintenance.version" value="1"/>
    <property name="sun.io.unicode.encoding" value="UnicodeLittle"/>
    <property name="javax.xml.transform.TransformerFactory" value="com.sun.org.apache.xalan.internal.xsltc.trax.TransformerFactoryImpl"/>
    <property name="java.class.version" value="61.0"/>
  </properties>
  <testcase name="testSimpleTopicIdStrategyFindLatest" classname="io.apicurio.tests.serdes.apicurio.ProtobufSerdeIT" time="1.443">
    <system-out><![CDATA[**** Registry Base URL: http://registry-app-inmemory.apps.ci419.apicurio-testing.org:80
**** Registry Base URL: http://registry-app-inmemory.apps.ci419.apicurio-testing.org:80
2025-08-05 18:23:47,482 INFO  [io.api.tes.ser.api.ProtobufSerdeIT] (main) RestAssured configured with http://registry-app-inmemory.apps.ci419.apicurio-testing.org:80/apis/registry/v3
2025-08-05 18:23:47,487 INFO  [io.api.tes.uti.KafkaFacade] (main) Skipping deployment of kafka, because it's already deployed
2025-08-05 18:23:47,639 INFO  [io.api.tes.uti.TestSeparator] (main) ############################################################################
2025-08-05 18:23:47,639 INFO  [io.api.tes.uti.TestSeparator] (main) io.apicurio.tests.serdes.apicurio.ProtobufSerdeIT.testSimpleTopicIdStrategyFindLatest-STARTED
2025-08-05 18:23:47,640 INFO  [org.apa.kaf.cli.adm.AdminClientConfig] (main) AdminClientConfig values: 
	auto.include.jmx.reporter = true
	bootstrap.controllers = []
	bootstrap.servers = [PLAINTEXT://localhost:32769]
	client.dns.lookup = use_all_dns_ips
	client.id = 
	connections.max.idle.ms = 10000
	default.api.timeout.ms = 60000
	enable.metrics.push = true
	metadata.max.age.ms = 300000
	metadata.recovery.strategy = none
	metric.reporters = []
	metrics.num.samples = 2
	metrics.recording.level = INFO
	metrics.sample.window.ms = 30000
	receive.buffer.bytes = 65536
	reconnect.backoff.max.ms = 1000
	reconnect.backoff.ms = 50
	request.timeout.ms = 5000
	retries = 2147483647
	retry.backoff.max.ms = 1000
	retry.backoff.ms = 100
	sasl.client.callback.handler.class = null
	sasl.jaas.config = null
	sasl.kerberos.kinit.cmd = /usr/bin/kinit
	sasl.kerberos.min.time.before.relogin = 60000
	sasl.kerberos.service.name = null
	sasl.kerberos.ticket.renew.jitter = 0.05
	sasl.kerberos.ticket.renew.window.factor = 0.8
	sasl.login.callback.handler.class = null
	sasl.login.class = null
	sasl.login.connect.timeout.ms = null
	sasl.login.read.timeout.ms = null
	sasl.login.refresh.buffer.seconds = 300
	sasl.login.refresh.min.period.seconds = 60
	sasl.login.refresh.window.factor = 0.8
	sasl.login.refresh.window.jitter = 0.05
	sasl.login.retry.backoff.max.ms = 10000
	sasl.login.retry.backoff.ms = 100
	sasl.mechanism = GSSAPI
	sasl.oauthbearer.clock.skew.seconds = 30
	sasl.oauthbearer.expected.audience = null
	sasl.oauthbearer.expected.issuer = null
	sasl.oauthbearer.header.urlencode = false
	sasl.oauthbearer.jwks.endpoint.refresh.ms = 3600000
	sasl.oauthbearer.jwks.endpoint.retry.backoff.max.ms = 10000
	sasl.oauthbearer.jwks.endpoint.retry.backoff.ms = 100
	sasl.oauthbearer.jwks.endpoint.url = null
	sasl.oauthbearer.scope.claim.name = scope
	sasl.oauthbearer.sub.claim.name = sub
	sasl.oauthbearer.token.endpoint.url = null
	security.protocol = PLAINTEXT
	security.providers = null
	send.buffer.bytes = 131072
	socket.connection.setup.timeout.max.ms = 30000
	socket.connection.setup.timeout.ms = 10000
	ssl.cipher.suites = null
	ssl.enabled.protocols = [TLSv1.2, TLSv1.3]
	ssl.endpoint.identification.algorithm = https
	ssl.engine.factory.class = null
	ssl.key.password = null
	ssl.keymanager.algorithm = SunX509
	ssl.keystore.certificate.chain = null
	ssl.keystore.key = null
	ssl.keystore.location = null
	ssl.keystore.password = null
	ssl.keystore.type = JKS
	ssl.protocol = TLSv1.3
	ssl.provider = null
	ssl.secure.random.implementation = null
	ssl.trustmanager.algorithm = PKIX
	ssl.truststore.certificates = null
	ssl.truststore.location = null
	ssl.truststore.password = null
	ssl.truststore.type = JKS

2025-08-05 18:23:47,641 INFO  [org.apa.kaf.com.uti.AppInfoParser] (main) Kafka version: 3.9.1
2025-08-05 18:23:47,641 INFO  [org.apa.kaf.com.uti.AppInfoParser] (main) Kafka commitId: f745dfdcee2b9851
2025-08-05 18:23:47,641 INFO  [org.apa.kaf.com.uti.AppInfoParser] (main) Kafka startTimeMs: 1754418227641
2025-08-05 18:23:49,080 INFO  [io.api.tes.uti.TestSeparator] (main) io.apicurio.tests.serdes.apicurio.ProtobufSerdeIT.testSimpleTopicIdStrategyFindLatest-FINISHED
2025-08-05 18:23:49,080 INFO  [io.api.tes.uti.TestSeparator] (main) ############################################################################
Test passed: testSimpleTopicIdStrategyFindLatest
]]></system-out>
  </testcase>
  <testcase name="testFindLatestDeriveClassProtobufTypeTopicIdStrategy" classname="io.apicurio.tests.serdes.apicurio.ProtobufSerdeIT" time="1.171">
    <system-out><![CDATA[2025-08-05 18:23:49,085 INFO  [io.api.tes.uti.TestSeparator] (main) ############################################################################
2025-08-05 18:23:49,085 INFO  [io.api.tes.uti.TestSeparator] (main) io.apicurio.tests.serdes.apicurio.ProtobufSerdeIT.testFindLatestDeriveClassProtobufTypeTopicIdStrategy-STARTED
2025-08-05 18:23:50,253 INFO  [io.api.tes.uti.TestSeparator] (main) io.apicurio.tests.serdes.apicurio.ProtobufSerdeIT.testFindLatestDeriveClassProtobufTypeTopicIdStrategy-FINISHED
2025-08-05 18:23:50,253 INFO  [io.api.tes.uti.TestSeparator] (main) ############################################################################
Test passed: testFindLatestDeriveClassProtobufTypeTopicIdStrategy
]]></system-out>
  </testcase>
  <testcase name="testWrongSchema" classname="io.apicurio.tests.serdes.apicurio.ProtobufSerdeIT" time="1.156">
    <system-out><![CDATA[2025-08-05 18:23:50,255 INFO  [io.api.tes.uti.TestSeparator] (main) ############################################################################
2025-08-05 18:23:50,255 INFO  [io.api.tes.uti.TestSeparator] (main) io.apicurio.tests.serdes.apicurio.ProtobufSerdeIT.testWrongSchema-STARTED
2025-08-05 18:23:51,410 INFO  [io.api.tes.uti.TestSeparator] (main) io.apicurio.tests.serdes.apicurio.ProtobufSerdeIT.testWrongSchema-FINISHED
2025-08-05 18:23:51,410 INFO  [io.api.tes.uti.TestSeparator] (main) ############################################################################
Test passed: testWrongSchema
]]></system-out>
  </testcase>
  <testcase name="testTopicIdStrategyAutoRegister" classname="io.apicurio.tests.serdes.apicurio.ProtobufSerdeIT" time="5.378">
    <system-out><![CDATA[2025-08-05 18:23:51,411 INFO  [io.api.tes.uti.TestSeparator] (main) ############################################################################
2025-08-05 18:23:51,411 INFO  [io.api.tes.uti.TestSeparator] (main) io.apicurio.tests.serdes.apicurio.ProtobufSerdeIT.testTopicIdStrategyAutoRegister-STARTED
**** Registry Base URL: http://registry-app-inmemory.apps.ci419.apicurio-testing.org:80
2025-08-05 18:23:51,413 INFO  [org.apa.kaf.cli.pro.ProducerConfig] (main) ProducerConfig values: 
	acks = -1
	auto.include.jmx.reporter = true
	batch.size = 16384
	bootstrap.servers = [PLAINTEXT://localhost:32769]
	buffer.memory = 33554432
	client.dns.lookup = use_all_dns_ips
	client.id = Producer-topic-d590b33c_4838_4388_8659_c3628c119acf
	compression.gzip.level = -1
	compression.lz4.level = 9
	compression.type = none
	compression.zstd.level = 3
	connections.max.idle.ms = 10000
	delivery.timeout.ms = 120000
	enable.idempotence = true
	enable.metrics.push = true
	interceptor.classes = []
	key.serializer = class org.apache.kafka.common.serialization.StringSerializer
	linger.ms = 0
	max.block.ms = 60000
	max.in.flight.requests.per.connection = 5
	max.request.size = 1048576
	metadata.max.age.ms = 300000
	metadata.max.idle.ms = 300000
	metadata.recovery.strategy = none
	metric.reporters = []
	metrics.num.samples = 2
	metrics.recording.level = INFO
	metrics.sample.window.ms = 30000
	partitioner.adaptive.partitioning.enable = true
	partitioner.availability.timeout.ms = 0
	partitioner.class = null
	partitioner.ignore.keys = false
	receive.buffer.bytes = 32768
	reconnect.backoff.max.ms = 1000
	reconnect.backoff.ms = 50
	request.timeout.ms = 5000
	retries = 2147483647
	retry.backoff.max.ms = 1000
	retry.backoff.ms = 100
	sasl.client.callback.handler.class = null
	sasl.jaas.config = null
	sasl.kerberos.kinit.cmd = /usr/bin/kinit
	sasl.kerberos.min.time.before.relogin = 60000
	sasl.kerberos.service.name = null
	sasl.kerberos.ticket.renew.jitter = 0.05
	sasl.kerberos.ticket.renew.window.factor = 0.8
	sasl.login.callback.handler.class = null
	sasl.login.class = null
	sasl.login.connect.timeout.ms = null
	sasl.login.read.timeout.ms = null
	sasl.login.refresh.buffer.seconds = 300
	sasl.login.refresh.min.period.seconds = 60
	sasl.login.refresh.window.factor = 0.8
	sasl.login.refresh.window.jitter = 0.05
	sasl.login.retry.backoff.max.ms = 10000
	sasl.login.retry.backoff.ms = 100
	sasl.mechanism = GSSAPI
	sasl.oauthbearer.clock.skew.seconds = 30
	sasl.oauthbearer.expected.audience = null
	sasl.oauthbearer.expected.issuer = null
	sasl.oauthbearer.header.urlencode = false
	sasl.oauthbearer.jwks.endpoint.refresh.ms = 3600000
	sasl.oauthbearer.jwks.endpoint.retry.backoff.max.ms = 10000
	sasl.oauthbearer.jwks.endpoint.retry.backoff.ms = 100
	sasl.oauthbearer.jwks.endpoint.url = null
	sasl.oauthbearer.scope.claim.name = scope
	sasl.oauthbearer.sub.claim.name = sub
	sasl.oauthbearer.token.endpoint.url = null
	security.protocol = PLAINTEXT
	security.providers = null
	send.buffer.bytes = 131072
	socket.connection.setup.timeout.max.ms = 30000
	socket.connection.setup.timeout.ms = 10000
	ssl.cipher.suites = null
	ssl.enabled.protocols = [TLSv1.2, TLSv1.3]
	ssl.endpoint.identification.algorithm = https
	ssl.engine.factory.class = null
	ssl.key.password = null
	ssl.keymanager.algorithm = SunX509
	ssl.keystore.certificate.chain = null
	ssl.keystore.key = null
	ssl.keystore.location = null
	ssl.keystore.password = null
	ssl.keystore.type = JKS
	ssl.protocol = TLSv1.3
	ssl.provider = null
	ssl.secure.random.implementation = null
	ssl.trustmanager.algorithm = PKIX
	ssl.truststore.certificates = null
	ssl.truststore.location = null
	ssl.truststore.password = null
	ssl.truststore.type = JKS
	transaction.timeout.ms = 60000
	transactional.id = null
	value.serializer = class io.apicurio.registry.serde.protobuf.ProtobufKafkaSerializer

2025-08-05 18:23:51,414 INFO  [org.apa.kaf.com.tel.int.KafkaMetricsCollector] (main) initializing Kafka metrics collector
2025-08-05 18:23:51,418 INFO  [org.apa.kaf.cli.pro.KafkaProducer] (main) [Producer clientId=Producer-topic-d590b33c_4838_4388_8659_c3628c119acf] Instantiated an idempotent producer.
2025-08-05 18:23:51,419 INFO  [org.apa.kaf.cli.pro.ProducerConfig] (main) These configurations '[apicurio.registry.url, apicurio.registry.headers.enabled, apicurio.registry.auto-register, apicurio.registry.artifact-resolver-strategy]' were supplied but are not used yet.
2025-08-05 18:23:51,419 INFO  [org.apa.kaf.com.uti.AppInfoParser] (main) Kafka version: 3.9.1
2025-08-05 18:23:51,419 INFO  [org.apa.kaf.com.uti.AppInfoParser] (main) Kafka commitId: f745dfdcee2b9851
2025-08-05 18:23:51,419 INFO  [org.apa.kaf.com.uti.AppInfoParser] (main) Kafka startTimeMs: 1754418231419
2025-08-05 18:23:51,420 INFO  [io.api.tes.ser.api.SimpleSerdesTesterBuilder$SimpleSerdesTester] (main) Using producer configuration: {apicurio.registry.url=http://registry-app-inmemory.apps.ci419.apicurio-testing.org:80/apis/registry/v3, apicurio.registry.headers.enabled=true, apicurio.registry.auto-register=true, apicurio.registry.artifact-resolver-strategy=io.apicurio.registry.serde.strategy.TopicIdStrategy, value.serializer=io.apicurio.registry.serde.protobuf.ProtobufKafkaSerializer, request.timeout.ms=5000, acks=all, bootstrap.servers=PLAINTEXT://localhost:32769, connections.max.idle.ms=10000, key.serializer=org.apache.kafka.common.serialization.StringSerializer, client.id=Producer-topic-d590b33c_4838_4388_8659_c3628c119acf}
2025-08-05 18:23:51,420 INFO  [io.api.tes.ser.api.SimpleSerdesTesterBuilder$SimpleSerdesTester] (main) Using consumer configuration: {apicurio.registry.headers.enabled=true}
2025-08-05 18:23:51,422 INFO  [org.apa.kaf.cli.Metadata] (kafka-producer-network-thread | Producer-topic-d590b33c_4838_4388_8659_c3628c119acf) [Producer clientId=Producer-topic-d590b33c_4838_4388_8659_c3628c119acf] Cluster ID: PopyJKdlRzKjlQHMpYFwRA
2025-08-05 18:23:51,423 INFO  [org.apa.kaf.cli.pro.int.TransactionManager] (kafka-producer-network-thread | Producer-topic-d590b33c_4838_4388_8659_c3628c119acf) [Producer clientId=Producer-topic-d590b33c_4838_4388_8659_c3628c119acf] ProducerId set to 27 with epoch 0
2025-08-05 18:23:51,546 INFO  [io.api.tes.ser.api.KafkaSerdesTester] (Thread-748) Sending message header {
  time {
  }
}
d1: 1.75441823142E12
s1: "a"
i1: 123
bi1: 1
point {
  longitude: 22.0
  latitude: 22.0
  altitude: 1.0
}
 to topic topic-d590b33c_4838_4388_8659_c3628c119acf
2025-08-05 18:23:51,861 INFO  [io.api.tes.ser.api.KafkaSerdesTester] (Thread-748) Sending message header {
  time {
  }
}
d1: 1.75441823186E12
s1: "a"
i1: 123
bi1: 1
point {
  longitude: 22.0
  latitude: 22.0
  altitude: 1.0
}
 to topic topic-d590b33c_4838_4388_8659_c3628c119acf
2025-08-05 18:23:51,949 INFO  [io.api.tes.ser.api.KafkaSerdesTester] (Thread-748) Sending message header {
  time {
  }
}
d1: 1.754418231948E12
s1: "a"
i1: 123
bi1: 1
point {
  longitude: 22.0
  latitude: 22.0
  altitude: 1.0
}
 to topic topic-d590b33c_4838_4388_8659_c3628c119acf
2025-08-05 18:23:52,032 INFO  [io.api.tes.ser.api.KafkaSerdesTester] (Thread-748) Sending message header {
  time {
  }
}
d1: 1.754418232032E12
s1: "a"
i1: 123
bi1: 1
point {
  longitude: 22.0
  latitude: 22.0
  altitude: 1.0
}
 to topic topic-d590b33c_4838_4388_8659_c3628c119acf
2025-08-05 18:23:52,116 INFO  [io.api.tes.ser.api.KafkaSerdesTester] (Thread-748) Sending message header {
  time {
  }
}
d1: 1.754418232115E12
s1: "a"
i1: 123
bi1: 1
point {
  longitude: 22.0
  latitude: 22.0
  altitude: 1.0
}
 to topic topic-d590b33c_4838_4388_8659_c3628c119acf
2025-08-05 18:23:52,199 INFO  [io.api.tes.ser.api.KafkaSerdesTester] (Thread-748) Sending message header {
  time {
  }
}
d1: 1.754418232199E12
s1: "a"
i1: 123
bi1: 1
point {
  longitude: 22.0
  latitude: 22.0
  altitude: 1.0
}
 to topic topic-d590b33c_4838_4388_8659_c3628c119acf
2025-08-05 18:23:52,284 INFO  [io.api.tes.ser.api.KafkaSerdesTester] (Thread-748) Sending message header {
  time {
  }
}
d1: 1.754418232284E12
s1: "a"
i1: 123
bi1: 1
point {
  longitude: 22.0
  latitude: 22.0
  altitude: 1.0
}
 to topic topic-d590b33c_4838_4388_8659_c3628c119acf
2025-08-05 18:23:52,370 INFO  [io.api.tes.ser.api.KafkaSerdesTester] (Thread-748) Sending message header {
  time {
  }
}
d1: 1.754418232368E12
s1: "a"
i1: 123
bi1: 1
point {
  longitude: 22.0
  latitude: 22.0
  altitude: 1.0
}
 to topic topic-d590b33c_4838_4388_8659_c3628c119acf
2025-08-05 18:23:52,453 INFO  [io.api.tes.ser.api.KafkaSerdesTester] (Thread-748) Sending message header {
  time {
  }
}
d1: 1.754418232453E12
s1: "a"
i1: 123
bi1: 1
point {
  longitude: 22.0
  latitude: 22.0
  altitude: 1.0
}
 to topic topic-d590b33c_4838_4388_8659_c3628c119acf
2025-08-05 18:23:52,538 INFO  [io.api.tes.ser.api.KafkaSerdesTester] (Thread-748) Sending message header {
  time {
  }
}
d1: 1.754418232538E12
s1: "a"
i1: 123
bi1: 1
point {
  longitude: 22.0
  latitude: 22.0
  altitude: 1.0
}
 to topic topic-d590b33c_4838_4388_8659_c3628c119acf
2025-08-05 18:23:52,622 INFO  [io.api.tes.ser.api.KafkaSerdesTester] (Thread-748) Produced 10 messages
2025-08-05 18:23:52,622 INFO  [org.apa.kaf.cli.pro.KafkaProducer] (Thread-748) [Producer clientId=Producer-topic-d590b33c_4838_4388_8659_c3628c119acf] Closing the Kafka producer with timeoutMillis = 9223372036854775807 ms.
2025-08-05 18:23:52,624 INFO  [org.apa.kaf.com.met.Metrics] (Thread-748) Metrics scheduler closed
2025-08-05 18:23:52,624 INFO  [org.apa.kaf.com.met.Metrics] (Thread-748) Closing reporter org.apache.kafka.common.metrics.JmxReporter
2025-08-05 18:23:52,624 INFO  [org.apa.kaf.com.met.Metrics] (Thread-748) Closing reporter org.apache.kafka.common.telemetry.internals.ClientTelemetryReporter
2025-08-05 18:23:52,624 INFO  [org.apa.kaf.com.met.Metrics] (Thread-748) Metrics reporters closed
2025-08-05 18:23:52,624 INFO  [org.apa.kaf.com.uti.AppInfoParser] (Thread-748) App info kafka.producer for Producer-topic-d590b33c_4838_4388_8659_c3628c119acf unregistered
**** Registry Base URL: http://registry-app-inmemory.apps.ci419.apicurio-testing.org:80
2025-08-05 18:23:52,775 INFO  [org.apa.kaf.cli.con.ConsumerConfig] (main) ConsumerConfig values: 
	allow.auto.create.topics = true
	auto.commit.interval.ms = 500
	auto.include.jmx.reporter = true
	auto.offset.reset = earliest
	bootstrap.servers = [PLAINTEXT://localhost:32769]
	check.crcs = true
	client.dns.lookup = use_all_dns_ips
	client.id = consumer-Consumer-topic-d590b33c_4838_4388_8659_c3628c119acf-20
	client.rack = 
	connections.max.idle.ms = 10000
	default.api.timeout.ms = 60000
	enable.auto.commit = true
	enable.metrics.push = true
	exclude.internal.topics = true
	fetch.max.bytes = 52428800
	fetch.max.wait.ms = 500
	fetch.min.bytes = 1
	group.id = Consumer-topic-d590b33c_4838_4388_8659_c3628c119acf
	group.instance.id = null
	group.protocol = classic
	group.remote.assignor = null
	heartbeat.interval.ms = 3000
	interceptor.classes = []
	internal.leave.group.on.close = true
	internal.throw.on.fetch.stable.offset.unsupported = false
	isolation.level = read_uncommitted
	key.deserializer = class org.apache.kafka.common.serialization.StringDeserializer
	max.partition.fetch.bytes = 1048576
	max.poll.interval.ms = 300000
	max.poll.records = 500
	metadata.max.age.ms = 300000
	metadata.recovery.strategy = none
	metric.reporters = []
	metrics.num.samples = 2
	metrics.recording.level = INFO
	metrics.sample.window.ms = 30000
	partition.assignment.strategy = [class org.apache.kafka.clients.consumer.RangeAssignor, class org.apache.kafka.clients.consumer.CooperativeStickyAssignor]
	receive.buffer.bytes = 65536
	reconnect.backoff.max.ms = 1000
	reconnect.backoff.ms = 50
	request.timeout.ms = 5000
	retry.backoff.max.ms = 1000
	retry.backoff.ms = 100
	sasl.client.callback.handler.class = null
	sasl.jaas.config = null
	sasl.kerberos.kinit.cmd = /usr/bin/kinit
	sasl.kerberos.min.time.before.relogin = 60000
	sasl.kerberos.service.name = null
	sasl.kerberos.ticket.renew.jitter = 0.05
	sasl.kerberos.ticket.renew.window.factor = 0.8
	sasl.login.callback.handler.class = null
	sasl.login.class = null
	sasl.login.connect.timeout.ms = null
	sasl.login.read.timeout.ms = null
	sasl.login.refresh.buffer.seconds = 300
	sasl.login.refresh.min.period.seconds = 60
	sasl.login.refresh.window.factor = 0.8
	sasl.login.refresh.window.jitter = 0.05
	sasl.login.retry.backoff.max.ms = 10000
	sasl.login.retry.backoff.ms = 100
	sasl.mechanism = GSSAPI
	sasl.oauthbearer.clock.skew.seconds = 30
	sasl.oauthbearer.expected.audience = null
	sasl.oauthbearer.expected.issuer = null
	sasl.oauthbearer.header.urlencode = false
	sasl.oauthbearer.jwks.endpoint.refresh.ms = 3600000
	sasl.oauthbearer.jwks.endpoint.retry.backoff.max.ms = 10000
	sasl.oauthbearer.jwks.endpoint.retry.backoff.ms = 100
	sasl.oauthbearer.jwks.endpoint.url = null
	sasl.oauthbearer.scope.claim.name = scope
	sasl.oauthbearer.sub.claim.name = sub
	sasl.oauthbearer.token.endpoint.url = null
	security.protocol = PLAINTEXT
	security.providers = null
	send.buffer.bytes = 131072
	session.timeout.ms = 45000
	socket.connection.setup.timeout.max.ms = 30000
	socket.connection.setup.timeout.ms = 10000
	ssl.cipher.suites = null
	ssl.enabled.protocols = [TLSv1.2, TLSv1.3]
	ssl.endpoint.identification.algorithm = https
	ssl.engine.factory.class = null
	ssl.key.password = null
	ssl.keymanager.algorithm = SunX509
	ssl.keystore.certificate.chain = null
	ssl.keystore.key = null
	ssl.keystore.location = null
	ssl.keystore.password = null
	ssl.keystore.type = JKS
	ssl.protocol = TLSv1.3
	ssl.provider = null
	ssl.secure.random.implementation = null
	ssl.trustmanager.algorithm = PKIX
	ssl.truststore.certificates = null
	ssl.truststore.location = null
	ssl.truststore.password = null
	ssl.truststore.type = JKS
	value.deserializer = class io.apicurio.registry.serde.protobuf.ProtobufKafkaDeserializer

2025-08-05 18:23:52,775 INFO  [org.apa.kaf.com.tel.int.KafkaMetricsCollector] (main) initializing Kafka metrics collector
2025-08-05 18:23:52,781 INFO  [org.apa.kaf.cli.con.ConsumerConfig] (main) These configurations '[apicurio.registry.url, apicurio.registry.headers.enabled]' were supplied but are not used yet.
2025-08-05 18:23:52,781 INFO  [org.apa.kaf.com.uti.AppInfoParser] (main) Kafka version: 3.9.1
2025-08-05 18:23:52,781 INFO  [org.apa.kaf.com.uti.AppInfoParser] (main) Kafka commitId: f745dfdcee2b9851
2025-08-05 18:23:52,781 INFO  [org.apa.kaf.com.uti.AppInfoParser] (main) Kafka startTimeMs: 1754418232781
2025-08-05 18:23:52,781 INFO  [org.apa.kaf.cli.con.int.ClassicKafkaConsumer] (Thread-751) [Consumer clientId=consumer-Consumer-topic-d590b33c_4838_4388_8659_c3628c119acf-20, groupId=Consumer-topic-d590b33c_4838_4388_8659_c3628c119acf] Subscribed to topic(s): topic-d590b33c_4838_4388_8659_c3628c119acf
2025-08-05 18:23:52,786 INFO  [org.apa.kaf.cli.Metadata] (Thread-751) [Consumer clientId=consumer-Consumer-topic-d590b33c_4838_4388_8659_c3628c119acf-20, groupId=Consumer-topic-d590b33c_4838_4388_8659_c3628c119acf] Cluster ID: PopyJKdlRzKjlQHMpYFwRA
2025-08-05 18:23:52,789 INFO  [org.apa.kaf.cli.con.int.ConsumerCoordinator] (Thread-751) [Consumer clientId=consumer-Consumer-topic-d590b33c_4838_4388_8659_c3628c119acf-20, groupId=Consumer-topic-d590b33c_4838_4388_8659_c3628c119acf] Discovered group coordinator localhost:32769 (id: 2147483647 rack: null)
2025-08-05 18:23:52,791 INFO  [org.apa.kaf.cli.con.int.ConsumerCoordinator] (Thread-751) [Consumer clientId=consumer-Consumer-topic-d590b33c_4838_4388_8659_c3628c119acf-20, groupId=Consumer-topic-d590b33c_4838_4388_8659_c3628c119acf] (Re-)joining group
2025-08-05 18:23:52,795 INFO  [org.apa.kaf.cli.con.int.ConsumerCoordinator] (Thread-751) [Consumer clientId=consumer-Consumer-topic-d590b33c_4838_4388_8659_c3628c119acf-20, groupId=Consumer-topic-d590b33c_4838_4388_8659_c3628c119acf] Request joining group due to: need to re-join with the given member-id: consumer-Consumer-topic-d590b33c_4838_4388_8659_c3628c119acf-20-c8b410aa-9c67-41b8-93af-512cc66c180c
2025-08-05 18:23:52,795 INFO  [org.apa.kaf.cli.con.int.ConsumerCoordinator] (Thread-751) [Consumer clientId=consumer-Consumer-topic-d590b33c_4838_4388_8659_c3628c119acf-20, groupId=Consumer-topic-d590b33c_4838_4388_8659_c3628c119acf] (Re-)joining group
2025-08-05 18:23:53,781 INFO  [io.api.tes.ser.api.KafkaSerdesTester] (Thread-751) None found
2025-08-05 18:23:54,781 INFO  [io.api.tes.ser.api.KafkaSerdesTester] (Thread-751) None found
2025-08-05 18:23:55,782 INFO  [io.api.tes.ser.api.KafkaSerdesTester] (Thread-751) None found
2025-08-05 18:23:55,797 INFO  [org.apa.kaf.cli.con.int.ConsumerCoordinator] (Thread-751) [Consumer clientId=consumer-Consumer-topic-d590b33c_4838_4388_8659_c3628c119acf-20, groupId=Consumer-topic-d590b33c_4838_4388_8659_c3628c119acf] Successfully joined group with generation Generation{generationId=1, memberId='consumer-Consumer-topic-d590b33c_4838_4388_8659_c3628c119acf-20-c8b410aa-9c67-41b8-93af-512cc66c180c', protocol='range'}
2025-08-05 18:23:55,798 INFO  [org.apa.kaf.cli.con.int.ConsumerCoordinator] (Thread-751) [Consumer clientId=consumer-Consumer-topic-d590b33c_4838_4388_8659_c3628c119acf-20, groupId=Consumer-topic-d590b33c_4838_4388_8659_c3628c119acf] Finished assignment for group at generation 1: {consumer-Consumer-topic-d590b33c_4838_4388_8659_c3628c119acf-20-c8b410aa-9c67-41b8-93af-512cc66c180c=Assignment(partitions=[topic-d590b33c_4838_4388_8659_c3628c119acf-0])}
2025-08-05 18:23:55,804 INFO  [org.apa.kaf.cli.con.int.ConsumerCoordinator] (Thread-751) [Consumer clientId=consumer-Consumer-topic-d590b33c_4838_4388_8659_c3628c119acf-20, groupId=Consumer-topic-d590b33c_4838_4388_8659_c3628c119acf] Successfully synced group in generation Generation{generationId=1, memberId='consumer-Consumer-topic-d590b33c_4838_4388_8659_c3628c119acf-20-c8b410aa-9c67-41b8-93af-512cc66c180c', protocol='range'}
2025-08-05 18:23:55,804 INFO  [org.apa.kaf.cli.con.int.ConsumerCoordinator] (Thread-751) [Consumer clientId=consumer-Consumer-topic-d590b33c_4838_4388_8659_c3628c119acf-20, groupId=Consumer-topic-d590b33c_4838_4388_8659_c3628c119acf] Notifying assignor about the new Assignment(partitions=[topic-d590b33c_4838_4388_8659_c3628c119acf-0])
2025-08-05 18:23:55,804 INFO  [org.apa.kaf.cli.con.int.ConsumerRebalanceListenerInvoker] (Thread-751) [Consumer clientId=consumer-Consumer-topic-d590b33c_4838_4388_8659_c3628c119acf-20, groupId=Consumer-topic-d590b33c_4838_4388_8659_c3628c119acf] Adding newly assigned partitions: topic-d590b33c_4838_4388_8659_c3628c119acf-0
2025-08-05 18:23:55,805 INFO  [org.apa.kaf.cli.con.int.ConsumerCoordinator] (Thread-751) [Consumer clientId=consumer-Consumer-topic-d590b33c_4838_4388_8659_c3628c119acf-20, groupId=Consumer-topic-d590b33c_4838_4388_8659_c3628c119acf] Found no committed offset for partition topic-d590b33c_4838_4388_8659_c3628c119acf-0
2025-08-05 18:23:55,808 INFO  [org.apa.kaf.cli.con.int.SubscriptionState] (Thread-751) [Consumer clientId=consumer-Consumer-topic-d590b33c_4838_4388_8659_c3628c119acf-20, groupId=Consumer-topic-d590b33c_4838_4388_8659_c3628c119acf] Resetting offset for partition topic-d590b33c_4838_4388_8659_c3628c119acf-0 to position FetchPosition{offset=0, offsetEpoch=Optional.empty, currentLeader=LeaderAndEpoch{leader=Optional[localhost:32769 (id: 0 rack: null)], epoch=0}}.
2025-08-05 18:23:56,206 INFO  [io.api.tes.ser.api.KafkaSerdesTester] (Thread-751) topic-d590b33c_4838_4388_8659_c3628c119acf 0 0 header {
  time {
  }
}
d1: 1.75441823142E12
s1: "a"
i1: 123
bi1: 1
point {
  longitude: 22.0
  latitude: 22.0
  altitude: 1.0
}

2025-08-05 18:23:56,207 INFO  [io.api.tes.ser.api.KafkaSerdesTester] (Thread-751) topic-d590b33c_4838_4388_8659_c3628c119acf 0 1 header {
  time {
  }
}
d1: 1.75441823186E12
s1: "a"
i1: 123
bi1: 1
point {
  longitude: 22.0
  latitude: 22.0
  altitude: 1.0
}

2025-08-05 18:23:56,207 INFO  [io.api.tes.ser.api.KafkaSerdesTester] (Thread-751) topic-d590b33c_4838_4388_8659_c3628c119acf 0 2 header {
  time {
  }
}
d1: 1.754418231948E12
s1: "a"
i1: 123
bi1: 1
point {
  longitude: 22.0
  latitude: 22.0
  altitude: 1.0
}

2025-08-05 18:23:56,207 INFO  [io.api.tes.ser.api.KafkaSerdesTester] (Thread-751) topic-d590b33c_4838_4388_8659_c3628c119acf 0 3 header {
  time {
  }
}
d1: 1.754418232032E12
s1: "a"
i1: 123
bi1: 1
point {
  longitude: 22.0
  latitude: 22.0
  altitude: 1.0
}

2025-08-05 18:23:56,207 INFO  [io.api.tes.ser.api.KafkaSerdesTester] (Thread-751) topic-d590b33c_4838_4388_8659_c3628c119acf 0 4 header {
  time {
  }
}
d1: 1.754418232115E12
s1: "a"
i1: 123
bi1: 1
point {
  longitude: 22.0
  latitude: 22.0
  altitude: 1.0
}

2025-08-05 18:23:56,210 INFO  [io.api.tes.ser.api.KafkaSerdesTester] (Thread-751) topic-d590b33c_4838_4388_8659_c3628c119acf 0 5 header {
  time {
  }
}
d1: 1.754418232199E12
s1: "a"
i1: 123
bi1: 1
point {
  longitude: 22.0
  latitude: 22.0
  altitude: 1.0
}

2025-08-05 18:23:56,211 INFO  [io.api.tes.ser.api.KafkaSerdesTester] (Thread-751) topic-d590b33c_4838_4388_8659_c3628c119acf 0 6 header {
  time {
  }
}
d1: 1.754418232284E12
s1: "a"
i1: 123
bi1: 1
point {
  longitude: 22.0
  latitude: 22.0
  altitude: 1.0
}

2025-08-05 18:23:56,211 INFO  [io.api.tes.ser.api.KafkaSerdesTester] (Thread-751) topic-d590b33c_4838_4388_8659_c3628c119acf 0 7 header {
  time {
  }
}
d1: 1.754418232368E12
s1: "a"
i1: 123
bi1: 1
point {
  longitude: 22.0
  latitude: 22.0
  altitude: 1.0
}

2025-08-05 18:23:56,211 INFO  [io.api.tes.ser.api.KafkaSerdesTester] (Thread-751) topic-d590b33c_4838_4388_8659_c3628c119acf 0 8 header {
  time {
  }
}
d1: 1.754418232453E12
s1: "a"
i1: 123
bi1: 1
point {
  longitude: 22.0
  latitude: 22.0
  altitude: 1.0
}

2025-08-05 18:23:56,211 INFO  [io.api.tes.ser.api.KafkaSerdesTester] (Thread-751) topic-d590b33c_4838_4388_8659_c3628c119acf 0 9 header {
  time {
  }
}
d1: 1.754418232538E12
s1: "a"
i1: 123
bi1: 1
point {
  longitude: 22.0
  latitude: 22.0
  altitude: 1.0
}

2025-08-05 18:23:56,211 INFO  [io.api.tes.ser.api.KafkaSerdesTester] (Thread-751) Consumed 10 messages
2025-08-05 18:23:56,218 INFO  [org.apa.kaf.cli.con.int.ConsumerRebalanceListenerInvoker] (Thread-751) [Consumer clientId=consumer-Consumer-topic-d590b33c_4838_4388_8659_c3628c119acf-20, groupId=Consumer-topic-d590b33c_4838_4388_8659_c3628c119acf] Revoke previously assigned partitions topic-d590b33c_4838_4388_8659_c3628c119acf-0
2025-08-05 18:23:56,218 INFO  [org.apa.kaf.cli.con.int.ConsumerCoordinator] (Thread-751) [Consumer clientId=consumer-Consumer-topic-d590b33c_4838_4388_8659_c3628c119acf-20, groupId=Consumer-topic-d590b33c_4838_4388_8659_c3628c119acf] Member consumer-Consumer-topic-d590b33c_4838_4388_8659_c3628c119acf-20-c8b410aa-9c67-41b8-93af-512cc66c180c sending LeaveGroup request to coordinator localhost:32769 (id: 2147483647 rack: null) due to the consumer is being closed
2025-08-05 18:23:56,218 INFO  [org.apa.kaf.cli.con.int.ConsumerCoordinator] (Thread-751) [Consumer clientId=consumer-Consumer-topic-d590b33c_4838_4388_8659_c3628c119acf-20, groupId=Consumer-topic-d590b33c_4838_4388_8659_c3628c119acf] Resetting generation and member id due to: consumer pro-actively leaving the group
2025-08-05 18:23:56,218 INFO  [org.apa.kaf.cli.con.int.ConsumerCoordinator] (Thread-751) [Consumer clientId=consumer-Consumer-topic-d590b33c_4838_4388_8659_c3628c119acf-20, groupId=Consumer-topic-d590b33c_4838_4388_8659_c3628c119acf] Request joining group due to: consumer pro-actively leaving the group
2025-08-05 18:23:56,707 INFO  [org.apa.kaf.com.met.Metrics] (Thread-751) Metrics scheduler closed
2025-08-05 18:23:56,707 INFO  [org.apa.kaf.com.met.Metrics] (Thread-751) Closing reporter org.apache.kafka.common.metrics.JmxReporter
2025-08-05 18:23:56,707 INFO  [org.apa.kaf.com.met.Metrics] (Thread-751) Closing reporter org.apache.kafka.common.telemetry.internals.ClientTelemetryReporter
2025-08-05 18:23:56,707 INFO  [org.apa.kaf.com.met.Metrics] (Thread-751) Metrics reporters closed
2025-08-05 18:23:56,709 INFO  [org.apa.kaf.com.uti.AppInfoParser] (Thread-751) App info kafka.consumer for consumer-Consumer-topic-d590b33c_4838_4388_8659_c3628c119acf-20 unregistered
2025-08-05 18:23:56,789 INFO  [io.api.tes.uti.TestSeparator] (main) io.apicurio.tests.serdes.apicurio.ProtobufSerdeIT.testTopicIdStrategyAutoRegister-FINISHED
2025-08-05 18:23:56,789 INFO  [io.api.tes.uti.TestSeparator] (main) ############################################################################
Test passed: testTopicIdStrategyAutoRegister
]]></system-out>
  </testcase>
  <testcase name="testAutoRegisterAndUseBody" classname="io.apicurio.tests.serdes.apicurio.ProtobufSerdeIT" time="5.235">
    <system-out><![CDATA[2025-08-05 18:23:56,791 INFO  [io.api.tes.uti.TestSeparator] (main) ############################################################################
2025-08-05 18:23:56,791 INFO  [io.api.tes.uti.TestSeparator] (main) io.apicurio.tests.serdes.apicurio.ProtobufSerdeIT.testAutoRegisterAndUseBody-STARTED
**** Registry Base URL: http://registry-app-inmemory.apps.ci419.apicurio-testing.org:80
2025-08-05 18:23:56,792 INFO  [org.apa.kaf.cli.pro.ProducerConfig] (main) ProducerConfig values: 
	acks = -1
	auto.include.jmx.reporter = true
	batch.size = 16384
	bootstrap.servers = [PLAINTEXT://localhost:32769]
	buffer.memory = 33554432
	client.dns.lookup = use_all_dns_ips
	client.id = Producer-topic-2dca6ab1_1b9f_4f8d_aabb_e5aa3997001d
	compression.gzip.level = -1
	compression.lz4.level = 9
	compression.type = none
	compression.zstd.level = 3
	connections.max.idle.ms = 10000
	delivery.timeout.ms = 120000
	enable.idempotence = true
	enable.metrics.push = true
	interceptor.classes = []
	key.serializer = class org.apache.kafka.common.serialization.StringSerializer
	linger.ms = 0
	max.block.ms = 60000
	max.in.flight.requests.per.connection = 5
	max.request.size = 1048576
	metadata.max.age.ms = 300000
	metadata.max.idle.ms = 300000
	metadata.recovery.strategy = none
	metric.reporters = []
	metrics.num.samples = 2
	metrics.recording.level = INFO
	metrics.sample.window.ms = 30000
	partitioner.adaptive.partitioning.enable = true
	partitioner.availability.timeout.ms = 0
	partitioner.class = null
	partitioner.ignore.keys = false
	receive.buffer.bytes = 32768
	reconnect.backoff.max.ms = 1000
	reconnect.backoff.ms = 50
	request.timeout.ms = 5000
	retries = 2147483647
	retry.backoff.max.ms = 1000
	retry.backoff.ms = 100
	sasl.client.callback.handler.class = null
	sasl.jaas.config = null
	sasl.kerberos.kinit.cmd = /usr/bin/kinit
	sasl.kerberos.min.time.before.relogin = 60000
	sasl.kerberos.service.name = null
	sasl.kerberos.ticket.renew.jitter = 0.05
	sasl.kerberos.ticket.renew.window.factor = 0.8
	sasl.login.callback.handler.class = null
	sasl.login.class = null
	sasl.login.connect.timeout.ms = null
	sasl.login.read.timeout.ms = null
	sasl.login.refresh.buffer.seconds = 300
	sasl.login.refresh.min.period.seconds = 60
	sasl.login.refresh.window.factor = 0.8
	sasl.login.refresh.window.jitter = 0.05
	sasl.login.retry.backoff.max.ms = 10000
	sasl.login.retry.backoff.ms = 100
	sasl.mechanism = GSSAPI
	sasl.oauthbearer.clock.skew.seconds = 30
	sasl.oauthbearer.expected.audience = null
	sasl.oauthbearer.expected.issuer = null
	sasl.oauthbearer.header.urlencode = false
	sasl.oauthbearer.jwks.endpoint.refresh.ms = 3600000
	sasl.oauthbearer.jwks.endpoint.retry.backoff.max.ms = 10000
	sasl.oauthbearer.jwks.endpoint.retry.backoff.ms = 100
	sasl.oauthbearer.jwks.endpoint.url = null
	sasl.oauthbearer.scope.claim.name = scope
	sasl.oauthbearer.sub.claim.name = sub
	sasl.oauthbearer.token.endpoint.url = null
	security.protocol = PLAINTEXT
	security.providers = null
	send.buffer.bytes = 131072
	socket.connection.setup.timeout.max.ms = 30000
	socket.connection.setup.timeout.ms = 10000
	ssl.cipher.suites = null
	ssl.enabled.protocols = [TLSv1.2, TLSv1.3]
	ssl.endpoint.identification.algorithm = https
	ssl.engine.factory.class = null
	ssl.key.password = null
	ssl.keymanager.algorithm = SunX509
	ssl.keystore.certificate.chain = null
	ssl.keystore.key = null
	ssl.keystore.location = null
	ssl.keystore.password = null
	ssl.keystore.type = JKS
	ssl.protocol = TLSv1.3
	ssl.provider = null
	ssl.secure.random.implementation = null
	ssl.trustmanager.algorithm = PKIX
	ssl.truststore.certificates = null
	ssl.truststore.location = null
	ssl.truststore.password = null
	ssl.truststore.type = JKS
	transaction.timeout.ms = 60000
	transactional.id = null
	value.serializer = class io.apicurio.registry.serde.protobuf.ProtobufKafkaSerializer

2025-08-05 18:23:56,793 INFO  [org.apa.kaf.com.tel.int.KafkaMetricsCollector] (main) initializing Kafka metrics collector
2025-08-05 18:23:56,797 INFO  [org.apa.kaf.cli.pro.KafkaProducer] (main) [Producer clientId=Producer-topic-2dca6ab1_1b9f_4f8d_aabb_e5aa3997001d] Instantiated an idempotent producer.
2025-08-05 18:23:56,798 INFO  [org.apa.kaf.cli.pro.ProducerConfig] (main) These configurations '[apicurio.registry.url, apicurio.registry.auto-register, apicurio.registry.artifact-resolver-strategy]' were supplied but are not used yet.
2025-08-05 18:23:56,798 INFO  [org.apa.kaf.com.uti.AppInfoParser] (main) Kafka version: 3.9.1
2025-08-05 18:23:56,798 INFO  [org.apa.kaf.com.uti.AppInfoParser] (main) Kafka commitId: f745dfdcee2b9851
2025-08-05 18:23:56,798 INFO  [org.apa.kaf.com.uti.AppInfoParser] (main) Kafka startTimeMs: 1754418236798
2025-08-05 18:23:56,798 INFO  [io.api.tes.ser.api.SimpleSerdesTesterBuilder$SimpleSerdesTester] (main) Using producer configuration: {apicurio.registry.url=http://registry-app-inmemory.apps.ci419.apicurio-testing.org:80/apis/registry/v3, apicurio.registry.auto-register=true, apicurio.registry.artifact-resolver-strategy=io.apicurio.registry.serde.strategy.TopicIdStrategy, value.serializer=io.apicurio.registry.serde.protobuf.ProtobufKafkaSerializer, request.timeout.ms=5000, acks=all, bootstrap.servers=PLAINTEXT://localhost:32769, connections.max.idle.ms=10000, key.serializer=org.apache.kafka.common.serialization.StringSerializer, client.id=Producer-topic-2dca6ab1_1b9f_4f8d_aabb_e5aa3997001d}
2025-08-05 18:23:56,798 INFO  [io.api.tes.ser.api.SimpleSerdesTesterBuilder$SimpleSerdesTester] (main) Using consumer configuration: {apicurio.protobuf.derive.class=true}
2025-08-05 18:23:56,800 INFO  [io.api.tes.ser.api.KafkaSerdesTester] (Thread-754) Sending message header {
  time {
  }
}
d1: 1.754418236799E12
s1: "a"
i1: 123
bi1: 1
point {
  longitude: 22.0
  latitude: 22.0
  altitude: 1.0
}
 to topic topic-2dca6ab1_1b9f_4f8d_aabb_e5aa3997001d
2025-08-05 18:23:56,804 WARN  [org.apa.kaf.cli.NetworkClient] (kafka-producer-network-thread | Producer-topic-2dca6ab1_1b9f_4f8d_aabb_e5aa3997001d) [Producer clientId=Producer-topic-2dca6ab1_1b9f_4f8d_aabb_e5aa3997001d] The metadata response from the cluster reported a recoverable issue with correlation id 1 : {topic-2dca6ab1_1b9f_4f8d_aabb_e5aa3997001d=UNKNOWN_TOPIC_OR_PARTITION}
2025-08-05 18:23:56,804 INFO  [org.apa.kaf.cli.Metadata] (kafka-producer-network-thread | Producer-topic-2dca6ab1_1b9f_4f8d_aabb_e5aa3997001d) [Producer clientId=Producer-topic-2dca6ab1_1b9f_4f8d_aabb_e5aa3997001d] Cluster ID: PopyJKdlRzKjlQHMpYFwRA
2025-08-05 18:23:56,804 INFO  [org.apa.kaf.cli.pro.int.TransactionManager] (kafka-producer-network-thread | Producer-topic-2dca6ab1_1b9f_4f8d_aabb_e5aa3997001d) [Producer clientId=Producer-topic-2dca6ab1_1b9f_4f8d_aabb_e5aa3997001d] ProducerId set to 28 with epoch 0
2025-08-05 18:23:57,163 INFO  [io.api.tes.ser.api.KafkaSerdesTester] (Thread-754) Sending message header {
  time {
  }
}
d1: 1.754418237163E12
s1: "a"
i1: 123
bi1: 1
point {
  longitude: 22.0
  latitude: 22.0
  altitude: 1.0
}
 to topic topic-2dca6ab1_1b9f_4f8d_aabb_e5aa3997001d
2025-08-05 18:23:57,249 INFO  [io.api.tes.ser.api.KafkaSerdesTester] (Thread-754) Sending message header {
  time {
  }
}
d1: 1.754418237248E12
s1: "a"
i1: 123
bi1: 1
point {
  longitude: 22.0
  latitude: 22.0
  altitude: 1.0
}
 to topic topic-2dca6ab1_1b9f_4f8d_aabb_e5aa3997001d
2025-08-05 18:23:57,338 INFO  [io.api.tes.ser.api.KafkaSerdesTester] (Thread-754) Sending message header {
  time {
  }
}
d1: 1.754418237338E12
s1: "a"
i1: 123
bi1: 1
point {
  longitude: 22.0
  latitude: 22.0
  altitude: 1.0
}
 to topic topic-2dca6ab1_1b9f_4f8d_aabb_e5aa3997001d
2025-08-05 18:23:57,427 INFO  [io.api.tes.ser.api.KafkaSerdesTester] (Thread-754) Sending message header {
  time {
  }
}
d1: 1.754418237426E12
s1: "a"
i1: 123
bi1: 1
point {
  longitude: 22.0
  latitude: 22.0
  altitude: 1.0
}
 to topic topic-2dca6ab1_1b9f_4f8d_aabb_e5aa3997001d
2025-08-05 18:23:57,509 INFO  [io.api.tes.ser.api.KafkaSerdesTester] (Thread-754) Sending message header {
  time {
  }
}
d1: 1.754418237509E12
s1: "a"
i1: 123
bi1: 1
point {
  longitude: 22.0
  latitude: 22.0
  altitude: 1.0
}
 to topic topic-2dca6ab1_1b9f_4f8d_aabb_e5aa3997001d
2025-08-05 18:23:57,597 INFO  [io.api.tes.ser.api.KafkaSerdesTester] (Thread-754) Sending message header {
  time {
  }
}
d1: 1.754418237597E12
s1: "a"
i1: 123
bi1: 1
point {
  longitude: 22.0
  latitude: 22.0
  altitude: 1.0
}
 to topic topic-2dca6ab1_1b9f_4f8d_aabb_e5aa3997001d
2025-08-05 18:23:57,683 INFO  [io.api.tes.ser.api.KafkaSerdesTester] (Thread-754) Sending message header {
  time {
  }
}
d1: 1.754418237682E12
s1: "a"
i1: 123
bi1: 1
point {
  longitude: 22.0
  latitude: 22.0
  altitude: 1.0
}
 to topic topic-2dca6ab1_1b9f_4f8d_aabb_e5aa3997001d
2025-08-05 18:23:57,767 INFO  [io.api.tes.ser.api.KafkaSerdesTester] (Thread-754) Sending message header {
  time {
  }
}
d1: 1.754418237767E12
s1: "a"
i1: 123
bi1: 1
point {
  longitude: 22.0
  latitude: 22.0
  altitude: 1.0
}
 to topic topic-2dca6ab1_1b9f_4f8d_aabb_e5aa3997001d
2025-08-05 18:23:57,848 INFO  [io.api.tes.ser.api.KafkaSerdesTester] (Thread-754) Sending message header {
  time {
  }
}
d1: 1.754418237848E12
s1: "a"
i1: 123
bi1: 1
point {
  longitude: 22.0
  latitude: 22.0
  altitude: 1.0
}
 to topic topic-2dca6ab1_1b9f_4f8d_aabb_e5aa3997001d
2025-08-05 18:23:57,930 INFO  [io.api.tes.ser.api.KafkaSerdesTester] (Thread-754) Produced 10 messages
2025-08-05 18:23:57,930 INFO  [org.apa.kaf.cli.pro.KafkaProducer] (Thread-754) [Producer clientId=Producer-topic-2dca6ab1_1b9f_4f8d_aabb_e5aa3997001d] Closing the Kafka producer with timeoutMillis = 9223372036854775807 ms.
2025-08-05 18:23:57,931 INFO  [org.apa.kaf.com.met.Metrics] (Thread-754) Metrics scheduler closed
2025-08-05 18:23:57,931 INFO  [org.apa.kaf.com.met.Metrics] (Thread-754) Closing reporter org.apache.kafka.common.metrics.JmxReporter
2025-08-05 18:23:57,932 INFO  [org.apa.kaf.com.met.Metrics] (Thread-754) Closing reporter org.apache.kafka.common.telemetry.internals.ClientTelemetryReporter
2025-08-05 18:23:57,932 INFO  [org.apa.kaf.com.met.Metrics] (Thread-754) Metrics reporters closed
2025-08-05 18:23:57,932 INFO  [org.apa.kaf.com.uti.AppInfoParser] (Thread-754) App info kafka.producer for Producer-topic-2dca6ab1_1b9f_4f8d_aabb_e5aa3997001d unregistered
**** Registry Base URL: http://registry-app-inmemory.apps.ci419.apicurio-testing.org:80
2025-08-05 18:23:58,080 INFO  [org.apa.kaf.cli.con.ConsumerConfig] (main) ConsumerConfig values: 
	allow.auto.create.topics = true
	auto.commit.interval.ms = 500
	auto.include.jmx.reporter = true
	auto.offset.reset = earliest
	bootstrap.servers = [PLAINTEXT://localhost:32769]
	check.crcs = true
	client.dns.lookup = use_all_dns_ips
	client.id = consumer-Consumer-topic-2dca6ab1_1b9f_4f8d_aabb_e5aa3997001d-21
	client.rack = 
	connections.max.idle.ms = 10000
	default.api.timeout.ms = 60000
	enable.auto.commit = true
	enable.metrics.push = true
	exclude.internal.topics = true
	fetch.max.bytes = 52428800
	fetch.max.wait.ms = 500
	fetch.min.bytes = 1
	group.id = Consumer-topic-2dca6ab1_1b9f_4f8d_aabb_e5aa3997001d
	group.instance.id = null
	group.protocol = classic
	group.remote.assignor = null
	heartbeat.interval.ms = 3000
	interceptor.classes = []
	internal.leave.group.on.close = true
	internal.throw.on.fetch.stable.offset.unsupported = false
	isolation.level = read_uncommitted
	key.deserializer = class org.apache.kafka.common.serialization.StringDeserializer
	max.partition.fetch.bytes = 1048576
	max.poll.interval.ms = 300000
	max.poll.records = 500
	metadata.max.age.ms = 300000
	metadata.recovery.strategy = none
	metric.reporters = []
	metrics.num.samples = 2
	metrics.recording.level = INFO
	metrics.sample.window.ms = 30000
	partition.assignment.strategy = [class org.apache.kafka.clients.consumer.RangeAssignor, class org.apache.kafka.clients.consumer.CooperativeStickyAssignor]
	receive.buffer.bytes = 65536
	reconnect.backoff.max.ms = 1000
	reconnect.backoff.ms = 50
	request.timeout.ms = 5000
	retry.backoff.max.ms = 1000
	retry.backoff.ms = 100
	sasl.client.callback.handler.class = null
	sasl.jaas.config = null
	sasl.kerberos.kinit.cmd = /usr/bin/kinit
	sasl.kerberos.min.time.before.relogin = 60000
	sasl.kerberos.service.name = null
	sasl.kerberos.ticket.renew.jitter = 0.05
	sasl.kerberos.ticket.renew.window.factor = 0.8
	sasl.login.callback.handler.class = null
	sasl.login.class = null
	sasl.login.connect.timeout.ms = null
	sasl.login.read.timeout.ms = null
	sasl.login.refresh.buffer.seconds = 300
	sasl.login.refresh.min.period.seconds = 60
	sasl.login.refresh.window.factor = 0.8
	sasl.login.refresh.window.jitter = 0.05
	sasl.login.retry.backoff.max.ms = 10000
	sasl.login.retry.backoff.ms = 100
	sasl.mechanism = GSSAPI
	sasl.oauthbearer.clock.skew.seconds = 30
	sasl.oauthbearer.expected.audience = null
	sasl.oauthbearer.expected.issuer = null
	sasl.oauthbearer.header.urlencode = false
	sasl.oauthbearer.jwks.endpoint.refresh.ms = 3600000
	sasl.oauthbearer.jwks.endpoint.retry.backoff.max.ms = 10000
	sasl.oauthbearer.jwks.endpoint.retry.backoff.ms = 100
	sasl.oauthbearer.jwks.endpoint.url = null
	sasl.oauthbearer.scope.claim.name = scope
	sasl.oauthbearer.sub.claim.name = sub
	sasl.oauthbearer.token.endpoint.url = null
	security.protocol = PLAINTEXT
	security.providers = null
	send.buffer.bytes = 131072
	session.timeout.ms = 45000
	socket.connection.setup.timeout.max.ms = 30000
	socket.connection.setup.timeout.ms = 10000
	ssl.cipher.suites = null
	ssl.enabled.protocols = [TLSv1.2, TLSv1.3]
	ssl.endpoint.identification.algorithm = https
	ssl.engine.factory.class = null
	ssl.key.password = null
	ssl.keymanager.algorithm = SunX509
	ssl.keystore.certificate.chain = null
	ssl.keystore.key = null
	ssl.keystore.location = null
	ssl.keystore.password = null
	ssl.keystore.type = JKS
	ssl.protocol = TLSv1.3
	ssl.provider = null
	ssl.secure.random.implementation = null
	ssl.trustmanager.algorithm = PKIX
	ssl.truststore.certificates = null
	ssl.truststore.location = null
	ssl.truststore.password = null
	ssl.truststore.type = JKS
	value.deserializer = class io.apicurio.registry.serde.protobuf.ProtobufKafkaDeserializer

2025-08-05 18:23:58,080 INFO  [org.apa.kaf.com.tel.int.KafkaMetricsCollector] (main) initializing Kafka metrics collector
2025-08-05 18:23:58,085 INFO  [org.apa.kaf.cli.con.ConsumerConfig] (main) These configurations '[apicurio.registry.url, apicurio.protobuf.derive.class]' were supplied but are not used yet.
2025-08-05 18:23:58,085 INFO  [org.apa.kaf.com.uti.AppInfoParser] (main) Kafka version: 3.9.1
2025-08-05 18:23:58,085 INFO  [org.apa.kaf.com.uti.AppInfoParser] (main) Kafka commitId: f745dfdcee2b9851
2025-08-05 18:23:58,085 INFO  [org.apa.kaf.com.uti.AppInfoParser] (main) Kafka startTimeMs: 1754418238085
2025-08-05 18:23:58,085 INFO  [org.apa.kaf.cli.con.int.ClassicKafkaConsumer] (Thread-757) [Consumer clientId=consumer-Consumer-topic-2dca6ab1_1b9f_4f8d_aabb_e5aa3997001d-21, groupId=Consumer-topic-2dca6ab1_1b9f_4f8d_aabb_e5aa3997001d] Subscribed to topic(s): topic-2dca6ab1_1b9f_4f8d_aabb_e5aa3997001d
2025-08-05 18:23:58,093 INFO  [org.apa.kaf.cli.Metadata] (Thread-757) [Consumer clientId=consumer-Consumer-topic-2dca6ab1_1b9f_4f8d_aabb_e5aa3997001d-21, groupId=Consumer-topic-2dca6ab1_1b9f_4f8d_aabb_e5aa3997001d] Cluster ID: PopyJKdlRzKjlQHMpYFwRA
2025-08-05 18:23:58,094 INFO  [org.apa.kaf.cli.con.int.ConsumerCoordinator] (Thread-757) [Consumer clientId=consumer-Consumer-topic-2dca6ab1_1b9f_4f8d_aabb_e5aa3997001d-21, groupId=Consumer-topic-2dca6ab1_1b9f_4f8d_aabb_e5aa3997001d] Discovered group coordinator localhost:32769 (id: 2147483647 rack: null)
2025-08-05 18:23:58,095 INFO  [org.apa.kaf.cli.con.int.ConsumerCoordinator] (Thread-757) [Consumer clientId=consumer-Consumer-topic-2dca6ab1_1b9f_4f8d_aabb_e5aa3997001d-21, groupId=Consumer-topic-2dca6ab1_1b9f_4f8d_aabb_e5aa3997001d] (Re-)joining group
2025-08-05 18:23:58,099 INFO  [org.apa.kaf.cli.con.int.ConsumerCoordinator] (Thread-757) [Consumer clientId=consumer-Consumer-topic-2dca6ab1_1b9f_4f8d_aabb_e5aa3997001d-21, groupId=Consumer-topic-2dca6ab1_1b9f_4f8d_aabb_e5aa3997001d] Request joining group due to: need to re-join with the given member-id: consumer-Consumer-topic-2dca6ab1_1b9f_4f8d_aabb_e5aa3997001d-21-63a0aa2c-2996-4765-a926-aa3ac0bf2e0b
2025-08-05 18:23:58,099 INFO  [org.apa.kaf.cli.con.int.ConsumerCoordinator] (Thread-757) [Consumer clientId=consumer-Consumer-topic-2dca6ab1_1b9f_4f8d_aabb_e5aa3997001d-21, groupId=Consumer-topic-2dca6ab1_1b9f_4f8d_aabb_e5aa3997001d] (Re-)joining group
2025-08-05 18:23:59,085 INFO  [io.api.tes.ser.api.KafkaSerdesTester] (Thread-757) None found
2025-08-05 18:24:00,085 INFO  [io.api.tes.ser.api.KafkaSerdesTester] (Thread-757) None found
2025-08-05 18:24:01,085 INFO  [io.api.tes.ser.api.KafkaSerdesTester] (Thread-757) None found
2025-08-05 18:24:01,100 INFO  [org.apa.kaf.cli.con.int.ConsumerCoordinator] (Thread-757) [Consumer clientId=consumer-Consumer-topic-2dca6ab1_1b9f_4f8d_aabb_e5aa3997001d-21, groupId=Consumer-topic-2dca6ab1_1b9f_4f8d_aabb_e5aa3997001d] Successfully joined group with generation Generation{generationId=1, memberId='consumer-Consumer-topic-2dca6ab1_1b9f_4f8d_aabb_e5aa3997001d-21-63a0aa2c-2996-4765-a926-aa3ac0bf2e0b', protocol='range'}
2025-08-05 18:24:01,100 INFO  [org.apa.kaf.cli.con.int.ConsumerCoordinator] (Thread-757) [Consumer clientId=consumer-Consumer-topic-2dca6ab1_1b9f_4f8d_aabb_e5aa3997001d-21, groupId=Consumer-topic-2dca6ab1_1b9f_4f8d_aabb_e5aa3997001d] Finished assignment for group at generation 1: {consumer-Consumer-topic-2dca6ab1_1b9f_4f8d_aabb_e5aa3997001d-21-63a0aa2c-2996-4765-a926-aa3ac0bf2e0b=Assignment(partitions=[topic-2dca6ab1_1b9f_4f8d_aabb_e5aa3997001d-0])}
2025-08-05 18:24:01,107 INFO  [org.apa.kaf.cli.con.int.ConsumerCoordinator] (Thread-757) [Consumer clientId=consumer-Consumer-topic-2dca6ab1_1b9f_4f8d_aabb_e5aa3997001d-21, groupId=Consumer-topic-2dca6ab1_1b9f_4f8d_aabb_e5aa3997001d] Successfully synced group in generation Generation{generationId=1, memberId='consumer-Consumer-topic-2dca6ab1_1b9f_4f8d_aabb_e5aa3997001d-21-63a0aa2c-2996-4765-a926-aa3ac0bf2e0b', protocol='range'}
2025-08-05 18:24:01,107 INFO  [org.apa.kaf.cli.con.int.ConsumerCoordinator] (Thread-757) [Consumer clientId=consumer-Consumer-topic-2dca6ab1_1b9f_4f8d_aabb_e5aa3997001d-21, groupId=Consumer-topic-2dca6ab1_1b9f_4f8d_aabb_e5aa3997001d] Notifying assignor about the new Assignment(partitions=[topic-2dca6ab1_1b9f_4f8d_aabb_e5aa3997001d-0])
2025-08-05 18:24:01,107 INFO  [org.apa.kaf.cli.con.int.ConsumerRebalanceListenerInvoker] (Thread-757) [Consumer clientId=consumer-Consumer-topic-2dca6ab1_1b9f_4f8d_aabb_e5aa3997001d-21, groupId=Consumer-topic-2dca6ab1_1b9f_4f8d_aabb_e5aa3997001d] Adding newly assigned partitions: topic-2dca6ab1_1b9f_4f8d_aabb_e5aa3997001d-0
2025-08-05 18:24:01,108 INFO  [org.apa.kaf.cli.con.int.ConsumerCoordinator] (Thread-757) [Consumer clientId=consumer-Consumer-topic-2dca6ab1_1b9f_4f8d_aabb_e5aa3997001d-21, groupId=Consumer-topic-2dca6ab1_1b9f_4f8d_aabb_e5aa3997001d] Found no committed offset for partition topic-2dca6ab1_1b9f_4f8d_aabb_e5aa3997001d-0
2025-08-05 18:24:01,110 INFO  [org.apa.kaf.cli.con.int.SubscriptionState] (Thread-757) [Consumer clientId=consumer-Consumer-topic-2dca6ab1_1b9f_4f8d_aabb_e5aa3997001d-21, groupId=Consumer-topic-2dca6ab1_1b9f_4f8d_aabb_e5aa3997001d] Resetting offset for partition topic-2dca6ab1_1b9f_4f8d_aabb_e5aa3997001d-0 to position FetchPosition{offset=0, offsetEpoch=Optional.empty, currentLeader=LeaderAndEpoch{leader=Optional[localhost:32769 (id: 0 rack: null)], epoch=0}}.
2025-08-05 18:24:01,518 INFO  [io.api.tes.ser.api.KafkaSerdesTester] (Thread-757) topic-2dca6ab1_1b9f_4f8d_aabb_e5aa3997001d 0 0 header {
  time {
  }
}
d1: 1.754418236799E12
s1: "a"
i1: 123
bi1: 1
point {
  longitude: 22.0
  latitude: 22.0
  altitude: 1.0
}

2025-08-05 18:24:01,518 INFO  [io.api.tes.ser.api.KafkaSerdesTester] (Thread-757) topic-2dca6ab1_1b9f_4f8d_aabb_e5aa3997001d 0 1 header {
  time {
  }
}
d1: 1.754418237163E12
s1: "a"
i1: 123
bi1: 1
point {
  longitude: 22.0
  latitude: 22.0
  altitude: 1.0
}

2025-08-05 18:24:01,518 INFO  [io.api.tes.ser.api.KafkaSerdesTester] (Thread-757) topic-2dca6ab1_1b9f_4f8d_aabb_e5aa3997001d 0 2 header {
  time {
  }
}
d1: 1.754418237248E12
s1: "a"
i1: 123
bi1: 1
point {
  longitude: 22.0
  latitude: 22.0
  altitude: 1.0
}

2025-08-05 18:24:01,519 INFO  [io.api.tes.ser.api.KafkaSerdesTester] (Thread-757) topic-2dca6ab1_1b9f_4f8d_aabb_e5aa3997001d 0 3 header {
  time {
  }
}
d1: 1.754418237338E12
s1: "a"
i1: 123
bi1: 1
point {
  longitude: 22.0
  latitude: 22.0
  altitude: 1.0
}

2025-08-05 18:24:01,519 INFO  [io.api.tes.ser.api.KafkaSerdesTester] (Thread-757) topic-2dca6ab1_1b9f_4f8d_aabb_e5aa3997001d 0 4 header {
  time {
  }
}
d1: 1.754418237426E12
s1: "a"
i1: 123
bi1: 1
point {
  longitude: 22.0
  latitude: 22.0
  altitude: 1.0
}

2025-08-05 18:24:01,519 INFO  [io.api.tes.ser.api.KafkaSerdesTester] (Thread-757) topic-2dca6ab1_1b9f_4f8d_aabb_e5aa3997001d 0 5 header {
  time {
  }
}
d1: 1.754418237509E12
s1: "a"
i1: 123
bi1: 1
point {
  longitude: 22.0
  latitude: 22.0
  altitude: 1.0
}

2025-08-05 18:24:01,519 INFO  [io.api.tes.ser.api.KafkaSerdesTester] (Thread-757) topic-2dca6ab1_1b9f_4f8d_aabb_e5aa3997001d 0 6 header {
  time {
  }
}
d1: 1.754418237597E12
s1: "a"
i1: 123
bi1: 1
point {
  longitude: 22.0
  latitude: 22.0
  altitude: 1.0
}

2025-08-05 18:24:01,519 INFO  [io.api.tes.ser.api.KafkaSerdesTester] (Thread-757) topic-2dca6ab1_1b9f_4f8d_aabb_e5aa3997001d 0 7 header {
  time {
  }
}
d1: 1.754418237682E12
s1: "a"
i1: 123
bi1: 1
point {
  longitude: 22.0
  latitude: 22.0
  altitude: 1.0
}

2025-08-05 18:24:01,520 INFO  [io.api.tes.ser.api.KafkaSerdesTester] (Thread-757) topic-2dca6ab1_1b9f_4f8d_aabb_e5aa3997001d 0 8 header {
  time {
  }
}
d1: 1.754418237767E12
s1: "a"
i1: 123
bi1: 1
point {
  longitude: 22.0
  latitude: 22.0
  altitude: 1.0
}

2025-08-05 18:24:01,520 INFO  [io.api.tes.ser.api.KafkaSerdesTester] (Thread-757) topic-2dca6ab1_1b9f_4f8d_aabb_e5aa3997001d 0 9 header {
  time {
  }
}
d1: 1.754418237848E12
s1: "a"
i1: 123
bi1: 1
point {
  longitude: 22.0
  latitude: 22.0
  altitude: 1.0
}

2025-08-05 18:24:01,520 INFO  [io.api.tes.ser.api.KafkaSerdesTester] (Thread-757) Consumed 10 messages
2025-08-05 18:24:01,531 INFO  [org.apa.kaf.cli.con.int.ConsumerRebalanceListenerInvoker] (Thread-757) [Consumer clientId=consumer-Consumer-topic-2dca6ab1_1b9f_4f8d_aabb_e5aa3997001d-21, groupId=Consumer-topic-2dca6ab1_1b9f_4f8d_aabb_e5aa3997001d] Revoke previously assigned partitions topic-2dca6ab1_1b9f_4f8d_aabb_e5aa3997001d-0
2025-08-05 18:24:01,531 INFO  [org.apa.kaf.cli.con.int.ConsumerCoordinator] (Thread-757) [Consumer clientId=consumer-Consumer-topic-2dca6ab1_1b9f_4f8d_aabb_e5aa3997001d-21, groupId=Consumer-topic-2dca6ab1_1b9f_4f8d_aabb_e5aa3997001d] Member consumer-Consumer-topic-2dca6ab1_1b9f_4f8d_aabb_e5aa3997001d-21-63a0aa2c-2996-4765-a926-aa3ac0bf2e0b sending LeaveGroup request to coordinator localhost:32769 (id: 2147483647 rack: null) due to the consumer is being closed
2025-08-05 18:24:01,531 INFO  [org.apa.kaf.cli.con.int.ConsumerCoordinator] (Thread-757) [Consumer clientId=consumer-Consumer-topic-2dca6ab1_1b9f_4f8d_aabb_e5aa3997001d-21, groupId=Consumer-topic-2dca6ab1_1b9f_4f8d_aabb_e5aa3997001d] Resetting generation and member id due to: consumer pro-actively leaving the group
2025-08-05 18:24:01,531 INFO  [org.apa.kaf.cli.con.int.ConsumerCoordinator] (Thread-757) [Consumer clientId=consumer-Consumer-topic-2dca6ab1_1b9f_4f8d_aabb_e5aa3997001d-21, groupId=Consumer-topic-2dca6ab1_1b9f_4f8d_aabb_e5aa3997001d] Request joining group due to: consumer pro-actively leaving the group
2025-08-05 18:24:02,020 INFO  [org.apa.kaf.com.met.Metrics] (Thread-757) Metrics scheduler closed
2025-08-05 18:24:02,020 INFO  [org.apa.kaf.com.met.Metrics] (Thread-757) Closing reporter org.apache.kafka.common.metrics.JmxReporter
2025-08-05 18:24:02,020 INFO  [org.apa.kaf.com.met.Metrics] (Thread-757) Closing reporter org.apache.kafka.common.telemetry.internals.ClientTelemetryReporter
2025-08-05 18:24:02,021 INFO  [org.apa.kaf.com.met.Metrics] (Thread-757) Metrics reporters closed
2025-08-05 18:24:02,022 INFO  [org.apa.kaf.com.uti.AppInfoParser] (Thread-757) App info kafka.consumer for consumer-Consumer-topic-2dca6ab1_1b9f_4f8d_aabb_e5aa3997001d-21 unregistered
2025-08-05 18:24:02,023 INFO  [io.api.tes.uti.TestSeparator] (main) io.apicurio.tests.serdes.apicurio.ProtobufSerdeIT.testAutoRegisterAndUseBody-FINISHED
2025-08-05 18:24:02,023 INFO  [io.api.tes.uti.TestSeparator] (main) ############################################################################
Test passed: testAutoRegisterAndUseBody
]]></system-out>
  </testcase>
  <testcase name="testValidation" classname="io.apicurio.tests.serdes.apicurio.ProtobufSerdeIT" time="24.155">
    <system-out><![CDATA[2025-08-05 18:24:02,025 INFO  [io.api.tes.uti.TestSeparator] (main) ############################################################################
2025-08-05 18:24:02,025 INFO  [io.api.tes.uti.TestSeparator] (main) io.apicurio.tests.serdes.apicurio.ProtobufSerdeIT.testValidation-STARTED
**** Registry Base URL: http://registry-app-inmemory.apps.ci419.apicurio-testing.org:80
2025-08-05 18:24:04,346 INFO  [org.apa.kaf.cli.pro.ProducerConfig] (main) ProducerConfig values: 
	acks = -1
	auto.include.jmx.reporter = true
	batch.size = 16384
	bootstrap.servers = [PLAINTEXT://localhost:32769]
	buffer.memory = 33554432
	client.dns.lookup = use_all_dns_ips
	client.id = Producer-s981cf01bx90f8x4ef7xa2d1xb761d573a3f8
	compression.gzip.level = -1
	compression.lz4.level = 9
	compression.type = none
	compression.zstd.level = 3
	connections.max.idle.ms = 10000
	delivery.timeout.ms = 120000
	enable.idempotence = true
	enable.metrics.push = true
	interceptor.classes = []
	key.serializer = class org.apache.kafka.common.serialization.StringSerializer
	linger.ms = 0
	max.block.ms = 60000
	max.in.flight.requests.per.connection = 5
	max.request.size = 1048576
	metadata.max.age.ms = 300000
	metadata.max.idle.ms = 300000
	metadata.recovery.strategy = none
	metric.reporters = []
	metrics.num.samples = 2
	metrics.recording.level = INFO
	metrics.sample.window.ms = 30000
	partitioner.adaptive.partitioning.enable = true
	partitioner.availability.timeout.ms = 0
	partitioner.class = null
	partitioner.ignore.keys = false
	receive.buffer.bytes = 32768
	reconnect.backoff.max.ms = 1000
	reconnect.backoff.ms = 50
	request.timeout.ms = 5000
	retries = 2147483647
	retry.backoff.max.ms = 1000
	retry.backoff.ms = 100
	sasl.client.callback.handler.class = null
	sasl.jaas.config = null
	sasl.kerberos.kinit.cmd = /usr/bin/kinit
	sasl.kerberos.min.time.before.relogin = 60000
	sasl.kerberos.service.name = null
	sasl.kerberos.ticket.renew.jitter = 0.05
	sasl.kerberos.ticket.renew.window.factor = 0.8
	sasl.login.callback.handler.class = null
	sasl.login.class = null
	sasl.login.connect.timeout.ms = null
	sasl.login.read.timeout.ms = null
	sasl.login.refresh.buffer.seconds = 300
	sasl.login.refresh.min.period.seconds = 60
	sasl.login.refresh.window.factor = 0.8
	sasl.login.refresh.window.jitter = 0.05
	sasl.login.retry.backoff.max.ms = 10000
	sasl.login.retry.backoff.ms = 100
	sasl.mechanism = GSSAPI
	sasl.oauthbearer.clock.skew.seconds = 30
	sasl.oauthbearer.expected.audience = null
	sasl.oauthbearer.expected.issuer = null
	sasl.oauthbearer.header.urlencode = false
	sasl.oauthbearer.jwks.endpoint.refresh.ms = 3600000
	sasl.oauthbearer.jwks.endpoint.retry.backoff.max.ms = 10000
	sasl.oauthbearer.jwks.endpoint.retry.backoff.ms = 100
	sasl.oauthbearer.jwks.endpoint.url = null
	sasl.oauthbearer.scope.claim.name = scope
	sasl.oauthbearer.sub.claim.name = sub
	sasl.oauthbearer.token.endpoint.url = null
	security.protocol = PLAINTEXT
	security.providers = null
	send.buffer.bytes = 131072
	socket.connection.setup.timeout.max.ms = 30000
	socket.connection.setup.timeout.ms = 10000
	ssl.cipher.suites = null
	ssl.enabled.protocols = [TLSv1.2, TLSv1.3]
	ssl.endpoint.identification.algorithm = https
	ssl.engine.factory.class = null
	ssl.key.password = null
	ssl.keymanager.algorithm = SunX509
	ssl.keystore.certificate.chain = null
	ssl.keystore.key = null
	ssl.keystore.location = null
	ssl.keystore.password = null
	ssl.keystore.type = JKS
	ssl.protocol = TLSv1.3
	ssl.provider = null
	ssl.secure.random.implementation = null
	ssl.trustmanager.algorithm = PKIX
	ssl.truststore.certificates = null
	ssl.truststore.location = null
	ssl.truststore.password = null
	ssl.truststore.type = JKS
	transaction.timeout.ms = 60000
	transactional.id = null
	value.serializer = class io.apicurio.registry.serde.protobuf.ProtobufKafkaSerializer

2025-08-05 18:24:04,346 INFO  [org.apa.kaf.com.tel.int.KafkaMetricsCollector] (main) initializing Kafka metrics collector
2025-08-05 18:24:04,350 INFO  [org.apa.kaf.cli.pro.KafkaProducer] (main) [Producer clientId=Producer-s981cf01bx90f8x4ef7xa2d1xb761d573a3f8] Instantiated an idempotent producer.
2025-08-05 18:24:04,351 INFO  [org.apa.kaf.cli.pro.ProducerConfig] (main) These configurations '[apicurio.registry.headers.enabled, apicurio.registry.find-latest, apicurio.registry.url, apicurio.registry.artifact-resolver-strategy, apicurio.registry.artifact.version]' were supplied but are not used yet.
2025-08-05 18:24:04,351 INFO  [org.apa.kaf.com.uti.AppInfoParser] (main) Kafka version: 3.9.1
2025-08-05 18:24:04,351 INFO  [org.apa.kaf.com.uti.AppInfoParser] (main) Kafka commitId: f745dfdcee2b9851
2025-08-05 18:24:04,351 INFO  [org.apa.kaf.com.uti.AppInfoParser] (main) Kafka startTimeMs: 1754418244351
2025-08-05 18:24:04,351 INFO  [io.api.tes.ser.api.SimpleSerdesTesterBuilder$SimpleSerdesTester] (main) Using producer configuration: {apicurio.registry.headers.enabled=true, request.timeout.ms=5000, acks=all, bootstrap.servers=PLAINTEXT://localhost:32769, key.serializer=org.apache.kafka.common.serialization.StringSerializer, apicurio.registry.find-latest=false, apicurio.registry.url=http://registry-app-inmemory.apps.ci419.apicurio-testing.org:80/apis/registry/v3, apicurio.registry.artifact-resolver-strategy=io.apicurio.registry.serde.strategy.TopicIdStrategy, value.serializer=io.apicurio.registry.serde.protobuf.ProtobufKafkaSerializer, connections.max.idle.ms=10000, apicurio.registry.artifact.version=1, client.id=Producer-s981cf01bx90f8x4ef7xa2d1xb761d573a3f8}
2025-08-05 18:24:04,351 INFO  [io.api.tes.ser.api.SimpleSerdesTesterBuilder$SimpleSerdesTester] (main) Using consumer configuration: {apicurio.registry.headers.enabled=true}
2025-08-05 18:24:04,353 INFO  [io.api.tes.ser.api.KafkaSerdesTester] (Thread-760) Sending message header {
  time {
  }
}
d1: 1.754418244353E12
s1: "a"
i1: 123
bi1: 1
point {
  longitude: 22.0
  latitude: 22.0
  altitude: 1.0
}
 to topic s981cf01bx90f8x4ef7xa2d1xb761d573a3f8
2025-08-05 18:24:04,355 INFO  [org.apa.kaf.cli.Metadata] (kafka-producer-network-thread | Producer-s981cf01bx90f8x4ef7xa2d1xb761d573a3f8) [Producer clientId=Producer-s981cf01bx90f8x4ef7xa2d1xb761d573a3f8] Cluster ID: PopyJKdlRzKjlQHMpYFwRA
2025-08-05 18:24:04,356 INFO  [org.apa.kaf.cli.pro.int.TransactionManager] (kafka-producer-network-thread | Producer-s981cf01bx90f8x4ef7xa2d1xb761d573a3f8) [Producer clientId=Producer-s981cf01bx90f8x4ef7xa2d1xb761d573a3f8] ProducerId set to 29 with epoch 0
2025-08-05 18:24:05,924 INFO  [io.api.tes.ser.api.KafkaSerdesTester] (Thread-760) Sending message header {
  time {
  }
}
d1: 1.754418245924E12
s1: "a"
i1: 123
bi1: 1
point {
  longitude: 22.0
  latitude: 22.0
  altitude: 1.0
}
 to topic s981cf01bx90f8x4ef7xa2d1xb761d573a3f8
2025-08-05 18:24:05,929 INFO  [io.api.tes.ser.api.KafkaSerdesTester] (Thread-760) Sending message header {
  time {
  }
}
d1: 1.754418245929E12
s1: "a"
i1: 123
bi1: 1
point {
  longitude: 22.0
  latitude: 22.0
  altitude: 1.0
}
 to topic s981cf01bx90f8x4ef7xa2d1xb761d573a3f8
2025-08-05 18:24:05,932 INFO  [io.api.tes.ser.api.KafkaSerdesTester] (Thread-760) Sending message header {
  time {
  }
}
d1: 1.754418245932E12
s1: "a"
i1: 123
bi1: 1
point {
  longitude: 22.0
  latitude: 22.0
  altitude: 1.0
}
 to topic s981cf01bx90f8x4ef7xa2d1xb761d573a3f8
2025-08-05 18:24:05,934 INFO  [io.api.tes.ser.api.KafkaSerdesTester] (Thread-760) Sending message header {
  time {
  }
}
d1: 1.754418245934E12
s1: "a"
i1: 123
bi1: 1
point {
  longitude: 22.0
  latitude: 22.0
  altitude: 1.0
}
 to topic s981cf01bx90f8x4ef7xa2d1xb761d573a3f8
2025-08-05 18:24:05,935 INFO  [io.api.tes.ser.api.KafkaSerdesTester] (Thread-760) Sending message header {
  time {
  }
}
d1: 1.754418245935E12
s1: "a"
i1: 123
bi1: 1
point {
  longitude: 22.0
  latitude: 22.0
  altitude: 1.0
}
 to topic s981cf01bx90f8x4ef7xa2d1xb761d573a3f8
2025-08-05 18:24:05,937 INFO  [io.api.tes.ser.api.KafkaSerdesTester] (Thread-760) Sending message header {
  time {
  }
}
d1: 1.754418245937E12
s1: "a"
i1: 123
bi1: 1
point {
  longitude: 22.0
  latitude: 22.0
  altitude: 1.0
}
 to topic s981cf01bx90f8x4ef7xa2d1xb761d573a3f8
2025-08-05 18:24:05,940 INFO  [io.api.tes.ser.api.KafkaSerdesTester] (Thread-760) Sending message header {
  time {
  }
}
d1: 1.75441824594E12
s1: "a"
i1: 123
bi1: 1
point {
  longitude: 22.0
  latitude: 22.0
  altitude: 1.0
}
 to topic s981cf01bx90f8x4ef7xa2d1xb761d573a3f8
2025-08-05 18:24:05,941 INFO  [io.api.tes.ser.api.KafkaSerdesTester] (Thread-760) Sending message header {
  time {
  }
}
d1: 1.754418245941E12
s1: "a"
i1: 123
bi1: 1
point {
  longitude: 22.0
  latitude: 22.0
  altitude: 1.0
}
 to topic s981cf01bx90f8x4ef7xa2d1xb761d573a3f8
2025-08-05 18:24:05,945 INFO  [io.api.tes.ser.api.KafkaSerdesTester] (Thread-760) Sending message header {
  time {
  }
}
d1: 1.754418245945E12
s1: "a"
i1: 123
bi1: 1
point {
  longitude: 22.0
  latitude: 22.0
  altitude: 1.0
}
 to topic s981cf01bx90f8x4ef7xa2d1xb761d573a3f8
2025-08-05 18:24:05,946 INFO  [io.api.tes.ser.api.KafkaSerdesTester] (Thread-760) Produced 10 messages
2025-08-05 18:24:05,946 INFO  [org.apa.kaf.cli.pro.KafkaProducer] (Thread-760) [Producer clientId=Producer-s981cf01bx90f8x4ef7xa2d1xb761d573a3f8] Closing the Kafka producer with timeoutMillis = 9223372036854775807 ms.
2025-08-05 18:24:05,949 INFO  [org.apa.kaf.com.met.Metrics] (Thread-760) Metrics scheduler closed
2025-08-05 18:24:05,949 INFO  [org.apa.kaf.com.met.Metrics] (Thread-760) Closing reporter org.apache.kafka.common.metrics.JmxReporter
2025-08-05 18:24:05,949 INFO  [org.apa.kaf.com.met.Metrics] (Thread-760) Closing reporter org.apache.kafka.common.telemetry.internals.ClientTelemetryReporter
2025-08-05 18:24:05,949 INFO  [org.apa.kaf.com.met.Metrics] (Thread-760) Metrics reporters closed
2025-08-05 18:24:05,949 INFO  [org.apa.kaf.com.uti.AppInfoParser] (Thread-760) App info kafka.producer for Producer-s981cf01bx90f8x4ef7xa2d1xb761d573a3f8 unregistered
**** Registry Base URL: http://registry-app-inmemory.apps.ci419.apicurio-testing.org:80
2025-08-05 18:24:05,949 INFO  [org.apa.kaf.cli.con.ConsumerConfig] (main) ConsumerConfig values: 
	allow.auto.create.topics = true
	auto.commit.interval.ms = 500
	auto.include.jmx.reporter = true
	auto.offset.reset = earliest
	bootstrap.servers = [PLAINTEXT://localhost:32769]
	check.crcs = true
	client.dns.lookup = use_all_dns_ips
	client.id = consumer-Consumer-s981cf01bx90f8x4ef7xa2d1xb761d573a3f8-22
	client.rack = 
	connections.max.idle.ms = 10000
	default.api.timeout.ms = 60000
	enable.auto.commit = true
	enable.metrics.push = true
	exclude.internal.topics = true
	fetch.max.bytes = 52428800
	fetch.max.wait.ms = 500
	fetch.min.bytes = 1
	group.id = Consumer-s981cf01bx90f8x4ef7xa2d1xb761d573a3f8
	group.instance.id = null
	group.protocol = classic
	group.remote.assignor = null
	heartbeat.interval.ms = 3000
	interceptor.classes = []
	internal.leave.group.on.close = true
	internal.throw.on.fetch.stable.offset.unsupported = false
	isolation.level = read_uncommitted
	key.deserializer = class org.apache.kafka.common.serialization.StringDeserializer
	max.partition.fetch.bytes = 1048576
	max.poll.interval.ms = 300000
	max.poll.records = 500
	metadata.max.age.ms = 300000
	metadata.recovery.strategy = none
	metric.reporters = []
	metrics.num.samples = 2
	metrics.recording.level = INFO
	metrics.sample.window.ms = 30000
	partition.assignment.strategy = [class org.apache.kafka.clients.consumer.RangeAssignor, class org.apache.kafka.clients.consumer.CooperativeStickyAssignor]
	receive.buffer.bytes = 65536
	reconnect.backoff.max.ms = 1000
	reconnect.backoff.ms = 50
	request.timeout.ms = 5000
	retry.backoff.max.ms = 1000
	retry.backoff.ms = 100
	sasl.client.callback.handler.class = null
	sasl.jaas.config = null
	sasl.kerberos.kinit.cmd = /usr/bin/kinit
	sasl.kerberos.min.time.before.relogin = 60000
	sasl.kerberos.service.name = null
	sasl.kerberos.ticket.renew.jitter = 0.05
	sasl.kerberos.ticket.renew.window.factor = 0.8
	sasl.login.callback.handler.class = null
	sasl.login.class = null
	sasl.login.connect.timeout.ms = null
	sasl.login.read.timeout.ms = null
	sasl.login.refresh.buffer.seconds = 300
	sasl.login.refresh.min.period.seconds = 60
	sasl.login.refresh.window.factor = 0.8
	sasl.login.refresh.window.jitter = 0.05
	sasl.login.retry.backoff.max.ms = 10000
	sasl.login.retry.backoff.ms = 100
	sasl.mechanism = GSSAPI
	sasl.oauthbearer.clock.skew.seconds = 30
	sasl.oauthbearer.expected.audience = null
	sasl.oauthbearer.expected.issuer = null
	sasl.oauthbearer.header.urlencode = false
	sasl.oauthbearer.jwks.endpoint.refresh.ms = 3600000
	sasl.oauthbearer.jwks.endpoint.retry.backoff.max.ms = 10000
	sasl.oauthbearer.jwks.endpoint.retry.backoff.ms = 100
	sasl.oauthbearer.jwks.endpoint.url = null
	sasl.oauthbearer.scope.claim.name = scope
	sasl.oauthbearer.sub.claim.name = sub
	sasl.oauthbearer.token.endpoint.url = null
	security.protocol = PLAINTEXT
	security.providers = null
	send.buffer.bytes = 131072
	session.timeout.ms = 45000
	socket.connection.setup.timeout.max.ms = 30000
	socket.connection.setup.timeout.ms = 10000
	ssl.cipher.suites = null
	ssl.enabled.protocols = [TLSv1.2, TLSv1.3]
	ssl.endpoint.identification.algorithm = https
	ssl.engine.factory.class = null
	ssl.key.password = null
	ssl.keymanager.algorithm = SunX509
	ssl.keystore.certificate.chain = null
	ssl.keystore.key = null
	ssl.keystore.location = null
	ssl.keystore.password = null
	ssl.keystore.type = JKS
	ssl.protocol = TLSv1.3
	ssl.provider = null
	ssl.secure.random.implementation = null
	ssl.trustmanager.algorithm = PKIX
	ssl.truststore.certificates = null
	ssl.truststore.location = null
	ssl.truststore.password = null
	ssl.truststore.type = JKS
	value.deserializer = class io.apicurio.registry.serde.protobuf.ProtobufKafkaDeserializer

2025-08-05 18:24:05,950 INFO  [org.apa.kaf.com.tel.int.KafkaMetricsCollector] (main) initializing Kafka metrics collector
2025-08-05 18:24:05,963 INFO  [org.apa.kaf.cli.con.ConsumerConfig] (main) These configurations '[apicurio.registry.url, apicurio.registry.headers.enabled]' were supplied but are not used yet.
2025-08-05 18:24:05,963 INFO  [org.apa.kaf.com.uti.AppInfoParser] (main) Kafka version: 3.9.1
2025-08-05 18:24:05,963 INFO  [org.apa.kaf.com.uti.AppInfoParser] (main) Kafka commitId: f745dfdcee2b9851
2025-08-05 18:24:05,963 INFO  [org.apa.kaf.com.uti.AppInfoParser] (main) Kafka startTimeMs: 1754418245963
2025-08-05 18:24:05,964 INFO  [org.apa.kaf.cli.con.int.ClassicKafkaConsumer] (Thread-763) [Consumer clientId=consumer-Consumer-s981cf01bx90f8x4ef7xa2d1xb761d573a3f8-22, groupId=Consumer-s981cf01bx90f8x4ef7xa2d1xb761d573a3f8] Subscribed to topic(s): s981cf01bx90f8x4ef7xa2d1xb761d573a3f8
2025-08-05 18:24:05,967 INFO  [org.apa.kaf.cli.Metadata] (Thread-763) [Consumer clientId=consumer-Consumer-s981cf01bx90f8x4ef7xa2d1xb761d573a3f8-22, groupId=Consumer-s981cf01bx90f8x4ef7xa2d1xb761d573a3f8] Cluster ID: PopyJKdlRzKjlQHMpYFwRA
2025-08-05 18:24:05,968 INFO  [org.apa.kaf.cli.con.int.ConsumerCoordinator] (Thread-763) [Consumer clientId=consumer-Consumer-s981cf01bx90f8x4ef7xa2d1xb761d573a3f8-22, groupId=Consumer-s981cf01bx90f8x4ef7xa2d1xb761d573a3f8] Discovered group coordinator localhost:32769 (id: 2147483647 rack: null)
2025-08-05 18:24:05,968 INFO  [org.apa.kaf.cli.con.int.ConsumerCoordinator] (Thread-763) [Consumer clientId=consumer-Consumer-s981cf01bx90f8x4ef7xa2d1xb761d573a3f8-22, groupId=Consumer-s981cf01bx90f8x4ef7xa2d1xb761d573a3f8] (Re-)joining group
2025-08-05 18:24:05,970 INFO  [org.apa.kaf.cli.con.int.ConsumerCoordinator] (Thread-763) [Consumer clientId=consumer-Consumer-s981cf01bx90f8x4ef7xa2d1xb761d573a3f8-22, groupId=Consumer-s981cf01bx90f8x4ef7xa2d1xb761d573a3f8] Request joining group due to: need to re-join with the given member-id: consumer-Consumer-s981cf01bx90f8x4ef7xa2d1xb761d573a3f8-22-0d91bba1-71b8-4e54-bce3-9526d7aae655
2025-08-05 18:24:05,970 INFO  [org.apa.kaf.cli.con.int.ConsumerCoordinator] (Thread-763) [Consumer clientId=consumer-Consumer-s981cf01bx90f8x4ef7xa2d1xb761d573a3f8-22, groupId=Consumer-s981cf01bx90f8x4ef7xa2d1xb761d573a3f8] (Re-)joining group
2025-08-05 18:24:06,964 INFO  [io.api.tes.ser.api.KafkaSerdesTester] (Thread-763) None found
2025-08-05 18:24:07,964 INFO  [io.api.tes.ser.api.KafkaSerdesTester] (Thread-763) None found
2025-08-05 18:24:08,964 INFO  [io.api.tes.ser.api.KafkaSerdesTester] (Thread-763) None found
2025-08-05 18:24:08,972 INFO  [org.apa.kaf.cli.con.int.ConsumerCoordinator] (Thread-763) [Consumer clientId=consumer-Consumer-s981cf01bx90f8x4ef7xa2d1xb761d573a3f8-22, groupId=Consumer-s981cf01bx90f8x4ef7xa2d1xb761d573a3f8] Successfully joined group with generation Generation{generationId=1, memberId='consumer-Consumer-s981cf01bx90f8x4ef7xa2d1xb761d573a3f8-22-0d91bba1-71b8-4e54-bce3-9526d7aae655', protocol='range'}
2025-08-05 18:24:08,973 INFO  [org.apa.kaf.cli.con.int.ConsumerCoordinator] (Thread-763) [Consumer clientId=consumer-Consumer-s981cf01bx90f8x4ef7xa2d1xb761d573a3f8-22, groupId=Consumer-s981cf01bx90f8x4ef7xa2d1xb761d573a3f8] Finished assignment for group at generation 1: {consumer-Consumer-s981cf01bx90f8x4ef7xa2d1xb761d573a3f8-22-0d91bba1-71b8-4e54-bce3-9526d7aae655=Assignment(partitions=[s981cf01bx90f8x4ef7xa2d1xb761d573a3f8-0])}
2025-08-05 18:24:08,979 INFO  [org.apa.kaf.cli.con.int.ConsumerCoordinator] (Thread-763) [Consumer clientId=consumer-Consumer-s981cf01bx90f8x4ef7xa2d1xb761d573a3f8-22, groupId=Consumer-s981cf01bx90f8x4ef7xa2d1xb761d573a3f8] Successfully synced group in generation Generation{generationId=1, memberId='consumer-Consumer-s981cf01bx90f8x4ef7xa2d1xb761d573a3f8-22-0d91bba1-71b8-4e54-bce3-9526d7aae655', protocol='range'}
2025-08-05 18:24:08,980 INFO  [org.apa.kaf.cli.con.int.ConsumerCoordinator] (Thread-763) [Consumer clientId=consumer-Consumer-s981cf01bx90f8x4ef7xa2d1xb761d573a3f8-22, groupId=Consumer-s981cf01bx90f8x4ef7xa2d1xb761d573a3f8] Notifying assignor about the new Assignment(partitions=[s981cf01bx90f8x4ef7xa2d1xb761d573a3f8-0])
2025-08-05 18:24:08,980 INFO  [org.apa.kaf.cli.con.int.ConsumerRebalanceListenerInvoker] (Thread-763) [Consumer clientId=consumer-Consumer-s981cf01bx90f8x4ef7xa2d1xb761d573a3f8-22, groupId=Consumer-s981cf01bx90f8x4ef7xa2d1xb761d573a3f8] Adding newly assigned partitions: s981cf01bx90f8x4ef7xa2d1xb761d573a3f8-0
2025-08-05 18:24:08,980 INFO  [org.apa.kaf.cli.con.int.ConsumerCoordinator] (Thread-763) [Consumer clientId=consumer-Consumer-s981cf01bx90f8x4ef7xa2d1xb761d573a3f8-22, groupId=Consumer-s981cf01bx90f8x4ef7xa2d1xb761d573a3f8] Found no committed offset for partition s981cf01bx90f8x4ef7xa2d1xb761d573a3f8-0
2025-08-05 18:24:08,983 INFO  [org.apa.kaf.cli.con.int.SubscriptionState] (Thread-763) [Consumer clientId=consumer-Consumer-s981cf01bx90f8x4ef7xa2d1xb761d573a3f8-22, groupId=Consumer-s981cf01bx90f8x4ef7xa2d1xb761d573a3f8] Resetting offset for partition s981cf01bx90f8x4ef7xa2d1xb761d573a3f8-0 to position FetchPosition{offset=0, offsetEpoch=Optional.empty, currentLeader=LeaderAndEpoch{leader=Optional[localhost:32769 (id: 0 rack: null)], epoch=0}}.
2025-08-05 18:24:09,243 INFO  [io.api.tes.ser.api.KafkaSerdesTester] (Thread-763) s981cf01bx90f8x4ef7xa2d1xb761d573a3f8 0 0 header {
  time {
  }
}
d1: 1.754418244353E12
s1: "a"
i1: 123
bi1: 1
point {
  longitude: 22.0
  latitude: 22.0
  altitude: 1.0
}

2025-08-05 18:24:09,244 INFO  [io.api.tes.ser.api.KafkaSerdesTester] (Thread-763) s981cf01bx90f8x4ef7xa2d1xb761d573a3f8 0 1 header {
  time {
  }
}
d1: 1.754418245924E12
s1: "a"
i1: 123
bi1: 1
point {
  longitude: 22.0
  latitude: 22.0
  altitude: 1.0
}

2025-08-05 18:24:09,244 INFO  [io.api.tes.ser.api.KafkaSerdesTester] (Thread-763) s981cf01bx90f8x4ef7xa2d1xb761d573a3f8 0 2 header {
  time {
  }
}
d1: 1.754418245929E12
s1: "a"
i1: 123
bi1: 1
point {
  longitude: 22.0
  latitude: 22.0
  altitude: 1.0
}

2025-08-05 18:24:09,245 INFO  [io.api.tes.ser.api.KafkaSerdesTester] (Thread-763) s981cf01bx90f8x4ef7xa2d1xb761d573a3f8 0 3 header {
  time {
  }
}
d1: 1.754418245932E12
s1: "a"
i1: 123
bi1: 1
point {
  longitude: 22.0
  latitude: 22.0
  altitude: 1.0
}

2025-08-05 18:24:09,245 INFO  [io.api.tes.ser.api.KafkaSerdesTester] (Thread-763) s981cf01bx90f8x4ef7xa2d1xb761d573a3f8 0 4 header {
  time {
  }
}
d1: 1.754418245934E12
s1: "a"
i1: 123
bi1: 1
point {
  longitude: 22.0
  latitude: 22.0
  altitude: 1.0
}

2025-08-05 18:24:09,245 INFO  [io.api.tes.ser.api.KafkaSerdesTester] (Thread-763) s981cf01bx90f8x4ef7xa2d1xb761d573a3f8 0 5 header {
  time {
  }
}
d1: 1.754418245935E12
s1: "a"
i1: 123
bi1: 1
point {
  longitude: 22.0
  latitude: 22.0
  altitude: 1.0
}

2025-08-05 18:24:09,246 INFO  [io.api.tes.ser.api.KafkaSerdesTester] (Thread-763) s981cf01bx90f8x4ef7xa2d1xb761d573a3f8 0 6 header {
  time {
  }
}
d1: 1.754418245937E12
s1: "a"
i1: 123
bi1: 1
point {
  longitude: 22.0
  latitude: 22.0
  altitude: 1.0
}

2025-08-05 18:24:09,246 INFO  [io.api.tes.ser.api.KafkaSerdesTester] (Thread-763) s981cf01bx90f8x4ef7xa2d1xb761d573a3f8 0 7 header {
  time {
  }
}
d1: 1.75441824594E12
s1: "a"
i1: 123
bi1: 1
point {
  longitude: 22.0
  latitude: 22.0
  altitude: 1.0
}

2025-08-05 18:24:09,246 INFO  [io.api.tes.ser.api.KafkaSerdesTester] (Thread-763) s981cf01bx90f8x4ef7xa2d1xb761d573a3f8 0 8 header {
  time {
  }
}
d1: 1.754418245941E12
s1: "a"
i1: 123
bi1: 1
point {
  longitude: 22.0
  latitude: 22.0
  altitude: 1.0
}

2025-08-05 18:24:09,246 INFO  [io.api.tes.ser.api.KafkaSerdesTester] (Thread-763) s981cf01bx90f8x4ef7xa2d1xb761d573a3f8 0 9 header {
  time {
  }
}
d1: 1.754418245945E12
s1: "a"
i1: 123
bi1: 1
point {
  longitude: 22.0
  latitude: 22.0
  altitude: 1.0
}

2025-08-05 18:24:09,246 INFO  [io.api.tes.ser.api.KafkaSerdesTester] (Thread-763) Consumed 10 messages
2025-08-05 18:24:09,253 INFO  [org.apa.kaf.cli.con.int.ConsumerRebalanceListenerInvoker] (Thread-763) [Consumer clientId=consumer-Consumer-s981cf01bx90f8x4ef7xa2d1xb761d573a3f8-22, groupId=Consumer-s981cf01bx90f8x4ef7xa2d1xb761d573a3f8] Revoke previously assigned partitions s981cf01bx90f8x4ef7xa2d1xb761d573a3f8-0
2025-08-05 18:24:09,253 INFO  [org.apa.kaf.cli.con.int.ConsumerCoordinator] (Thread-763) [Consumer clientId=consumer-Consumer-s981cf01bx90f8x4ef7xa2d1xb761d573a3f8-22, groupId=Consumer-s981cf01bx90f8x4ef7xa2d1xb761d573a3f8] Member consumer-Consumer-s981cf01bx90f8x4ef7xa2d1xb761d573a3f8-22-0d91bba1-71b8-4e54-bce3-9526d7aae655 sending LeaveGroup request to coordinator localhost:32769 (id: 2147483647 rack: null) due to the consumer is being closed
2025-08-05 18:24:09,254 INFO  [org.apa.kaf.cli.con.int.ConsumerCoordinator] (Thread-763) [Consumer clientId=consumer-Consumer-s981cf01bx90f8x4ef7xa2d1xb761d573a3f8-22, groupId=Consumer-s981cf01bx90f8x4ef7xa2d1xb761d573a3f8] Resetting generation and member id due to: consumer pro-actively leaving the group
2025-08-05 18:24:09,254 INFO  [org.apa.kaf.cli.con.int.ConsumerCoordinator] (Thread-763) [Consumer clientId=consumer-Consumer-s981cf01bx90f8x4ef7xa2d1xb761d573a3f8-22, groupId=Consumer-s981cf01bx90f8x4ef7xa2d1xb761d573a3f8] Request joining group due to: consumer pro-actively leaving the group
2025-08-05 18:24:09,745 INFO  [org.apa.kaf.com.met.Metrics] (Thread-763) Metrics scheduler closed
2025-08-05 18:24:09,745 INFO  [org.apa.kaf.com.met.Metrics] (Thread-763) Closing reporter org.apache.kafka.common.metrics.JmxReporter
2025-08-05 18:24:09,745 INFO  [org.apa.kaf.com.met.Metrics] (Thread-763) Closing reporter org.apache.kafka.common.telemetry.internals.ClientTelemetryReporter
2025-08-05 18:24:09,745 INFO  [org.apa.kaf.com.met.Metrics] (Thread-763) Metrics reporters closed
2025-08-05 18:24:09,747 INFO  [org.apa.kaf.com.uti.AppInfoParser] (Thread-763) App info kafka.consumer for consumer-Consumer-s981cf01bx90f8x4ef7xa2d1xb761d573a3f8-22 unregistered
**** Registry Base URL: http://registry-app-inmemory.apps.ci419.apicurio-testing.org:80
2025-08-05 18:24:09,748 INFO  [org.apa.kaf.cli.pro.ProducerConfig] (main) ProducerConfig values: 
	acks = -1
	auto.include.jmx.reporter = true
	batch.size = 16384
	bootstrap.servers = [PLAINTEXT://localhost:32769]
	buffer.memory = 33554432
	client.dns.lookup = use_all_dns_ips
	client.id = Producer-s981cf01bx90f8x4ef7xa2d1xb761d573a3f8
	compression.gzip.level = -1
	compression.lz4.level = 9
	compression.type = none
	compression.zstd.level = 3
	connections.max.idle.ms = 10000
	delivery.timeout.ms = 120000
	enable.idempotence = true
	enable.metrics.push = true
	interceptor.classes = []
	key.serializer = class org.apache.kafka.common.serialization.StringSerializer
	linger.ms = 0
	max.block.ms = 60000
	max.in.flight.requests.per.connection = 5
	max.request.size = 1048576
	metadata.max.age.ms = 300000
	metadata.max.idle.ms = 300000
	metadata.recovery.strategy = none
	metric.reporters = []
	metrics.num.samples = 2
	metrics.recording.level = INFO
	metrics.sample.window.ms = 30000
	partitioner.adaptive.partitioning.enable = true
	partitioner.availability.timeout.ms = 0
	partitioner.class = null
	partitioner.ignore.keys = false
	receive.buffer.bytes = 32768
	reconnect.backoff.max.ms = 1000
	reconnect.backoff.ms = 50
	request.timeout.ms = 5000
	retries = 2147483647
	retry.backoff.max.ms = 1000
	retry.backoff.ms = 100
	sasl.client.callback.handler.class = null
	sasl.jaas.config = null
	sasl.kerberos.kinit.cmd = /usr/bin/kinit
	sasl.kerberos.min.time.before.relogin = 60000
	sasl.kerberos.service.name = null
	sasl.kerberos.ticket.renew.jitter = 0.05
	sasl.kerberos.ticket.renew.window.factor = 0.8
	sasl.login.callback.handler.class = null
	sasl.login.class = null
	sasl.login.connect.timeout.ms = null
	sasl.login.read.timeout.ms = null
	sasl.login.refresh.buffer.seconds = 300
	sasl.login.refresh.min.period.seconds = 60
	sasl.login.refresh.window.factor = 0.8
	sasl.login.refresh.window.jitter = 0.05
	sasl.login.retry.backoff.max.ms = 10000
	sasl.login.retry.backoff.ms = 100
	sasl.mechanism = GSSAPI
	sasl.oauthbearer.clock.skew.seconds = 30
	sasl.oauthbearer.expected.audience = null
	sasl.oauthbearer.expected.issuer = null
	sasl.oauthbearer.header.urlencode = false
	sasl.oauthbearer.jwks.endpoint.refresh.ms = 3600000
	sasl.oauthbearer.jwks.endpoint.retry.backoff.max.ms = 10000
	sasl.oauthbearer.jwks.endpoint.retry.backoff.ms = 100
	sasl.oauthbearer.jwks.endpoint.url = null
	sasl.oauthbearer.scope.claim.name = scope
	sasl.oauthbearer.sub.claim.name = sub
	sasl.oauthbearer.token.endpoint.url = null
	security.protocol = PLAINTEXT
	security.providers = null
	send.buffer.bytes = 131072
	socket.connection.setup.timeout.max.ms = 30000
	socket.connection.setup.timeout.ms = 10000
	ssl.cipher.suites = null
	ssl.enabled.protocols = [TLSv1.2, TLSv1.3]
	ssl.endpoint.identification.algorithm = https
	ssl.engine.factory.class = null
	ssl.key.password = null
	ssl.keymanager.algorithm = SunX509
	ssl.keystore.certificate.chain = null
	ssl.keystore.key = null
	ssl.keystore.location = null
	ssl.keystore.password = null
	ssl.keystore.type = JKS
	ssl.protocol = TLSv1.3
	ssl.provider = null
	ssl.secure.random.implementation = null
	ssl.trustmanager.algorithm = PKIX
	ssl.truststore.certificates = null
	ssl.truststore.location = null
	ssl.truststore.password = null
	ssl.truststore.type = JKS
	transaction.timeout.ms = 60000
	transactional.id = null
	value.serializer = class io.apicurio.registry.serde.protobuf.ProtobufKafkaSerializer

2025-08-05 18:24:09,748 INFO  [org.apa.kaf.com.tel.int.KafkaMetricsCollector] (main) initializing Kafka metrics collector
2025-08-05 18:24:09,751 INFO  [org.apa.kaf.cli.pro.KafkaProducer] (main) [Producer clientId=Producer-s981cf01bx90f8x4ef7xa2d1xb761d573a3f8] Instantiated an idempotent producer.
2025-08-05 18:24:09,752 INFO  [org.apa.kaf.cli.pro.ProducerConfig] (main) These configurations '[apicurio.registry.find-latest, apicurio.registry.url, apicurio.registry.headers.enabled, apicurio.registry.artifact-resolver-strategy]' were supplied but are not used yet.
2025-08-05 18:24:09,752 INFO  [org.apa.kaf.com.uti.AppInfoParser] (main) Kafka version: 3.9.1
2025-08-05 18:24:09,752 INFO  [org.apa.kaf.com.uti.AppInfoParser] (main) Kafka commitId: f745dfdcee2b9851
2025-08-05 18:24:09,752 INFO  [org.apa.kaf.com.uti.AppInfoParser] (main) Kafka startTimeMs: 1754418249752
2025-08-05 18:24:09,752 INFO  [io.api.tes.ser.api.SimpleSerdesTesterBuilder$SimpleSerdesTester] (main) Using producer configuration: {apicurio.registry.find-latest=false, apicurio.registry.url=http://registry-app-inmemory.apps.ci419.apicurio-testing.org:80/apis/registry/v3, apicurio.registry.headers.enabled=true, apicurio.registry.artifact-resolver-strategy=io.apicurio.registry.serde.strategy.TopicIdStrategy, value.serializer=io.apicurio.registry.serde.protobuf.ProtobufKafkaSerializer, request.timeout.ms=5000, acks=all, bootstrap.servers=PLAINTEXT://localhost:32769, connections.max.idle.ms=10000, key.serializer=org.apache.kafka.common.serialization.StringSerializer, client.id=Producer-s981cf01bx90f8x4ef7xa2d1xb761d573a3f8}
2025-08-05 18:24:09,752 INFO  [io.api.tes.ser.api.SimpleSerdesTesterBuilder$SimpleSerdesTester] (main) Using consumer configuration: {apicurio.registry.headers.enabled=true}
2025-08-05 18:24:09,753 INFO  [io.api.tes.ser.api.KafkaSerdesTester] (Thread-766) Sending message header {
  time {
  }
}
d1: 1.754418249753E12
s1: "a"
i1: 123
bi1: 1
point {
  longitude: 22.0
  latitude: 22.0
  altitude: 1.0
}
 to topic s981cf01bx90f8x4ef7xa2d1xb761d573a3f8
2025-08-05 18:24:09,755 INFO  [org.apa.kaf.cli.Metadata] (kafka-producer-network-thread | Producer-s981cf01bx90f8x4ef7xa2d1xb761d573a3f8) [Producer clientId=Producer-s981cf01bx90f8x4ef7xa2d1xb761d573a3f8] Cluster ID: PopyJKdlRzKjlQHMpYFwRA
2025-08-05 18:24:09,755 INFO  [org.apa.kaf.cli.pro.int.TransactionManager] (kafka-producer-network-thread | Producer-s981cf01bx90f8x4ef7xa2d1xb761d573a3f8) [Producer clientId=Producer-s981cf01bx90f8x4ef7xa2d1xb761d573a3f8] ProducerId set to 30 with epoch 0
2025-08-05 18:24:09,756 INFO  [DefaultSchemaResolver] (Thread-766) Retrieving schema content using string: // Proto schema formatted by Wire, do not edit.
// Source: 

syntax = "proto3";

package io.apicurio.tests.protobuf;

import "google/protobuf/timestamp.proto";

option java_multiple_files = true;

message ProtobufTestMessage {
  .io.apicurio.tests.protobuf.Header header = 1;

  double d1 = 2;

  string s1 = 4;

  int32 i1 = 7;

  int64 bi1 = 12;

  .google.protobuf.Timestamp state_time = 22;

  .io.apicurio.tests.protobuf.Point point = 30;
}

message Header {
  .google.protobuf.Timestamp time = 1;

  string source = 2;

  string destination = 3;

  string uuid = 4;

  repeated string source_uuids = 5;

  string message_type_id = 6;

  string raw_message = 7;
}

message Point {
  oneof longitude_oneof {
    double longitude = 1;
  }

  oneof latitude_oneof {
    double latitude = 2;
  }

  oneof altitude_oneof {
    double altitude = 3;
  }
}

2025-08-05 18:24:09,908 INFO  [io.api.tes.ser.api.KafkaSerdesTester] (Thread-766) Sending message header {
  time {
  }
}
d1: 1.754418249908E12
s1: "a"
i1: 123
bi1: 1
point {
  longitude: 22.0
  latitude: 22.0
  altitude: 1.0
}
 to topic s981cf01bx90f8x4ef7xa2d1xb761d573a3f8
2025-08-05 18:24:09,911 INFO  [io.api.tes.ser.api.KafkaSerdesTester] (Thread-766) Sending message header {
  time {
  }
}
d1: 1.754418249911E12
s1: "a"
i1: 123
bi1: 1
point {
  longitude: 22.0
  latitude: 22.0
  altitude: 1.0
}
 to topic s981cf01bx90f8x4ef7xa2d1xb761d573a3f8
2025-08-05 18:24:09,915 INFO  [io.api.tes.ser.api.KafkaSerdesTester] (Thread-766) Sending message header {
  time {
  }
}
d1: 1.754418249914E12
s1: "a"
i1: 123
bi1: 1
point {
  longitude: 22.0
  latitude: 22.0
  altitude: 1.0
}
 to topic s981cf01bx90f8x4ef7xa2d1xb761d573a3f8
2025-08-05 18:24:09,917 INFO  [io.api.tes.ser.api.KafkaSerdesTester] (Thread-766) Sending message header {
  time {
  }
}
d1: 1.754418249917E12
s1: "a"
i1: 123
bi1: 1
point {
  longitude: 22.0
  latitude: 22.0
  altitude: 1.0
}
 to topic s981cf01bx90f8x4ef7xa2d1xb761d573a3f8
2025-08-05 18:24:09,919 INFO  [io.api.tes.ser.api.KafkaSerdesTester] (Thread-766) Sending message header {
  time {
  }
}
d1: 1.754418249918E12
s1: "a"
i1: 123
bi1: 1
point {
  longitude: 22.0
  latitude: 22.0
  altitude: 1.0
}
 to topic s981cf01bx90f8x4ef7xa2d1xb761d573a3f8
2025-08-05 18:24:09,920 INFO  [io.api.tes.ser.api.KafkaSerdesTester] (Thread-766) Sending message header {
  time {
  }
}
d1: 1.75441824992E12
s1: "a"
i1: 123
bi1: 1
point {
  longitude: 22.0
  latitude: 22.0
  altitude: 1.0
}
 to topic s981cf01bx90f8x4ef7xa2d1xb761d573a3f8
2025-08-05 18:24:09,922 INFO  [io.api.tes.ser.api.KafkaSerdesTester] (Thread-766) Sending message header {
  time {
  }
}
d1: 1.754418249922E12
s1: "a"
i1: 123
bi1: 1
point {
  longitude: 22.0
  latitude: 22.0
  altitude: 1.0
}
 to topic s981cf01bx90f8x4ef7xa2d1xb761d573a3f8
2025-08-05 18:24:09,925 INFO  [io.api.tes.ser.api.KafkaSerdesTester] (Thread-766) Sending message header {
  time {
  }
}
d1: 1.754418249924E12
s1: "a"
i1: 123
bi1: 1
point {
  longitude: 22.0
  latitude: 22.0
  altitude: 1.0
}
 to topic s981cf01bx90f8x4ef7xa2d1xb761d573a3f8
2025-08-05 18:24:09,928 INFO  [io.api.tes.ser.api.KafkaSerdesTester] (Thread-766) Sending message header {
  time {
  }
}
d1: 1.754418249927E12
s1: "a"
i1: 123
bi1: 1
point {
  longitude: 22.0
  latitude: 22.0
  altitude: 1.0
}
 to topic s981cf01bx90f8x4ef7xa2d1xb761d573a3f8
2025-08-05 18:24:09,929 INFO  [io.api.tes.ser.api.KafkaSerdesTester] (Thread-766) Produced 10 messages
2025-08-05 18:24:09,929 INFO  [org.apa.kaf.cli.pro.KafkaProducer] (Thread-766) [Producer clientId=Producer-s981cf01bx90f8x4ef7xa2d1xb761d573a3f8] Closing the Kafka producer with timeoutMillis = 9223372036854775807 ms.
2025-08-05 18:24:09,932 INFO  [org.apa.kaf.com.met.Metrics] (Thread-766) Metrics scheduler closed
2025-08-05 18:24:09,932 INFO  [org.apa.kaf.com.met.Metrics] (Thread-766) Closing reporter org.apache.kafka.common.metrics.JmxReporter
2025-08-05 18:24:09,932 INFO  [org.apa.kaf.com.met.Metrics] (Thread-766) Closing reporter org.apache.kafka.common.telemetry.internals.ClientTelemetryReporter
2025-08-05 18:24:09,932 INFO  [org.apa.kaf.com.met.Metrics] (Thread-766) Metrics reporters closed
2025-08-05 18:24:09,932 INFO  [org.apa.kaf.com.uti.AppInfoParser] (Thread-766) App info kafka.producer for Producer-s981cf01bx90f8x4ef7xa2d1xb761d573a3f8 unregistered
**** Registry Base URL: http://registry-app-inmemory.apps.ci419.apicurio-testing.org:80
2025-08-05 18:24:09,934 INFO  [org.apa.kaf.cli.con.ConsumerConfig] (main) ConsumerConfig values: 
	allow.auto.create.topics = true
	auto.commit.interval.ms = 500
	auto.include.jmx.reporter = true
	auto.offset.reset = earliest
	bootstrap.servers = [PLAINTEXT://localhost:32769]
	check.crcs = true
	client.dns.lookup = use_all_dns_ips
	client.id = consumer-Consumer-s981cf01bx90f8x4ef7xa2d1xb761d573a3f8-23
	client.rack = 
	connections.max.idle.ms = 10000
	default.api.timeout.ms = 60000
	enable.auto.commit = true
	enable.metrics.push = true
	exclude.internal.topics = true
	fetch.max.bytes = 52428800
	fetch.max.wait.ms = 500
	fetch.min.bytes = 1
	group.id = Consumer-s981cf01bx90f8x4ef7xa2d1xb761d573a3f8
	group.instance.id = null
	group.protocol = classic
	group.remote.assignor = null
	heartbeat.interval.ms = 3000
	interceptor.classes = []
	internal.leave.group.on.close = true
	internal.throw.on.fetch.stable.offset.unsupported = false
	isolation.level = read_uncommitted
	key.deserializer = class org.apache.kafka.common.serialization.StringDeserializer
	max.partition.fetch.bytes = 1048576
	max.poll.interval.ms = 300000
	max.poll.records = 500
	metadata.max.age.ms = 300000
	metadata.recovery.strategy = none
	metric.reporters = []
	metrics.num.samples = 2
	metrics.recording.level = INFO
	metrics.sample.window.ms = 30000
	partition.assignment.strategy = [class org.apache.kafka.clients.consumer.RangeAssignor, class org.apache.kafka.clients.consumer.CooperativeStickyAssignor]
	receive.buffer.bytes = 65536
	reconnect.backoff.max.ms = 1000
	reconnect.backoff.ms = 50
	request.timeout.ms = 5000
	retry.backoff.max.ms = 1000
	retry.backoff.ms = 100
	sasl.client.callback.handler.class = null
	sasl.jaas.config = null
	sasl.kerberos.kinit.cmd = /usr/bin/kinit
	sasl.kerberos.min.time.before.relogin = 60000
	sasl.kerberos.service.name = null
	sasl.kerberos.ticket.renew.jitter = 0.05
	sasl.kerberos.ticket.renew.window.factor = 0.8
	sasl.login.callback.handler.class = null
	sasl.login.class = null
	sasl.login.connect.timeout.ms = null
	sasl.login.read.timeout.ms = null
	sasl.login.refresh.buffer.seconds = 300
	sasl.login.refresh.min.period.seconds = 60
	sasl.login.refresh.window.factor = 0.8
	sasl.login.refresh.window.jitter = 0.05
	sasl.login.retry.backoff.max.ms = 10000
	sasl.login.retry.backoff.ms = 100
	sasl.mechanism = GSSAPI
	sasl.oauthbearer.clock.skew.seconds = 30
	sasl.oauthbearer.expected.audience = null
	sasl.oauthbearer.expected.issuer = null
	sasl.oauthbearer.header.urlencode = false
	sasl.oauthbearer.jwks.endpoint.refresh.ms = 3600000
	sasl.oauthbearer.jwks.endpoint.retry.backoff.max.ms = 10000
	sasl.oauthbearer.jwks.endpoint.retry.backoff.ms = 100
	sasl.oauthbearer.jwks.endpoint.url = null
	sasl.oauthbearer.scope.claim.name = scope
	sasl.oauthbearer.sub.claim.name = sub
	sasl.oauthbearer.token.endpoint.url = null
	security.protocol = PLAINTEXT
	security.providers = null
	send.buffer.bytes = 131072
	session.timeout.ms = 45000
	socket.connection.setup.timeout.max.ms = 30000
	socket.connection.setup.timeout.ms = 10000
	ssl.cipher.suites = null
	ssl.enabled.protocols = [TLSv1.2, TLSv1.3]
	ssl.endpoint.identification.algorithm = https
	ssl.engine.factory.class = null
	ssl.key.password = null
	ssl.keymanager.algorithm = SunX509
	ssl.keystore.certificate.chain = null
	ssl.keystore.key = null
	ssl.keystore.location = null
	ssl.keystore.password = null
	ssl.keystore.type = JKS
	ssl.protocol = TLSv1.3
	ssl.provider = null
	ssl.secure.random.implementation = null
	ssl.trustmanager.algorithm = PKIX
	ssl.truststore.certificates = null
	ssl.truststore.location = null
	ssl.truststore.password = null
	ssl.truststore.type = JKS
	value.deserializer = class io.apicurio.registry.serde.protobuf.ProtobufKafkaDeserializer

2025-08-05 18:24:09,934 INFO  [org.apa.kaf.com.tel.int.KafkaMetricsCollector] (main) initializing Kafka metrics collector
2025-08-05 18:24:09,940 INFO  [org.apa.kaf.cli.con.ConsumerConfig] (main) These configurations '[apicurio.registry.url, apicurio.registry.headers.enabled]' were supplied but are not used yet.
2025-08-05 18:24:09,940 INFO  [org.apa.kaf.com.uti.AppInfoParser] (main) Kafka version: 3.9.1
2025-08-05 18:24:09,940 INFO  [org.apa.kaf.com.uti.AppInfoParser] (main) Kafka commitId: f745dfdcee2b9851
2025-08-05 18:24:09,940 INFO  [org.apa.kaf.com.uti.AppInfoParser] (main) Kafka startTimeMs: 1754418249940
2025-08-05 18:24:09,940 INFO  [org.apa.kaf.cli.con.int.ClassicKafkaConsumer] (Thread-769) [Consumer clientId=consumer-Consumer-s981cf01bx90f8x4ef7xa2d1xb761d573a3f8-23, groupId=Consumer-s981cf01bx90f8x4ef7xa2d1xb761d573a3f8] Subscribed to topic(s): s981cf01bx90f8x4ef7xa2d1xb761d573a3f8
2025-08-05 18:24:09,944 INFO  [org.apa.kaf.cli.Metadata] (Thread-769) [Consumer clientId=consumer-Consumer-s981cf01bx90f8x4ef7xa2d1xb761d573a3f8-23, groupId=Consumer-s981cf01bx90f8x4ef7xa2d1xb761d573a3f8] Cluster ID: PopyJKdlRzKjlQHMpYFwRA
2025-08-05 18:24:09,946 INFO  [org.apa.kaf.cli.con.int.ConsumerCoordinator] (Thread-769) [Consumer clientId=consumer-Consumer-s981cf01bx90f8x4ef7xa2d1xb761d573a3f8-23, groupId=Consumer-s981cf01bx90f8x4ef7xa2d1xb761d573a3f8] Discovered group coordinator localhost:32769 (id: 2147483647 rack: null)
2025-08-05 18:24:09,947 INFO  [org.apa.kaf.cli.con.int.ConsumerCoordinator] (Thread-769) [Consumer clientId=consumer-Consumer-s981cf01bx90f8x4ef7xa2d1xb761d573a3f8-23, groupId=Consumer-s981cf01bx90f8x4ef7xa2d1xb761d573a3f8] (Re-)joining group
2025-08-05 18:24:09,948 INFO  [org.apa.kaf.cli.con.int.ConsumerCoordinator] (Thread-769) [Consumer clientId=consumer-Consumer-s981cf01bx90f8x4ef7xa2d1xb761d573a3f8-23, groupId=Consumer-s981cf01bx90f8x4ef7xa2d1xb761d573a3f8] Request joining group due to: need to re-join with the given member-id: consumer-Consumer-s981cf01bx90f8x4ef7xa2d1xb761d573a3f8-23-9cae7872-1263-415f-b570-f22e372b7f64
2025-08-05 18:24:09,948 INFO  [org.apa.kaf.cli.con.int.ConsumerCoordinator] (Thread-769) [Consumer clientId=consumer-Consumer-s981cf01bx90f8x4ef7xa2d1xb761d573a3f8-23, groupId=Consumer-s981cf01bx90f8x4ef7xa2d1xb761d573a3f8] (Re-)joining group
2025-08-05 18:24:10,940 INFO  [io.api.tes.ser.api.KafkaSerdesTester] (Thread-769) None found
2025-08-05 18:24:11,941 INFO  [io.api.tes.ser.api.KafkaSerdesTester] (Thread-769) None found
2025-08-05 18:24:12,941 INFO  [io.api.tes.ser.api.KafkaSerdesTester] (Thread-769) None found
2025-08-05 18:24:12,950 INFO  [org.apa.kaf.cli.con.int.ConsumerCoordinator] (Thread-769) [Consumer clientId=consumer-Consumer-s981cf01bx90f8x4ef7xa2d1xb761d573a3f8-23, groupId=Consumer-s981cf01bx90f8x4ef7xa2d1xb761d573a3f8] Successfully joined group with generation Generation{generationId=3, memberId='consumer-Consumer-s981cf01bx90f8x4ef7xa2d1xb761d573a3f8-23-9cae7872-1263-415f-b570-f22e372b7f64', protocol='range'}
2025-08-05 18:24:12,950 INFO  [org.apa.kaf.cli.con.int.ConsumerCoordinator] (Thread-769) [Consumer clientId=consumer-Consumer-s981cf01bx90f8x4ef7xa2d1xb761d573a3f8-23, groupId=Consumer-s981cf01bx90f8x4ef7xa2d1xb761d573a3f8] Finished assignment for group at generation 3: {consumer-Consumer-s981cf01bx90f8x4ef7xa2d1xb761d573a3f8-23-9cae7872-1263-415f-b570-f22e372b7f64=Assignment(partitions=[s981cf01bx90f8x4ef7xa2d1xb761d573a3f8-0])}
2025-08-05 18:24:12,956 INFO  [org.apa.kaf.cli.con.int.ConsumerCoordinator] (Thread-769) [Consumer clientId=consumer-Consumer-s981cf01bx90f8x4ef7xa2d1xb761d573a3f8-23, groupId=Consumer-s981cf01bx90f8x4ef7xa2d1xb761d573a3f8] Successfully synced group in generation Generation{generationId=3, memberId='consumer-Consumer-s981cf01bx90f8x4ef7xa2d1xb761d573a3f8-23-9cae7872-1263-415f-b570-f22e372b7f64', protocol='range'}
2025-08-05 18:24:12,957 INFO  [org.apa.kaf.cli.con.int.ConsumerCoordinator] (Thread-769) [Consumer clientId=consumer-Consumer-s981cf01bx90f8x4ef7xa2d1xb761d573a3f8-23, groupId=Consumer-s981cf01bx90f8x4ef7xa2d1xb761d573a3f8] Notifying assignor about the new Assignment(partitions=[s981cf01bx90f8x4ef7xa2d1xb761d573a3f8-0])
2025-08-05 18:24:12,957 INFO  [org.apa.kaf.cli.con.int.ConsumerRebalanceListenerInvoker] (Thread-769) [Consumer clientId=consumer-Consumer-s981cf01bx90f8x4ef7xa2d1xb761d573a3f8-23, groupId=Consumer-s981cf01bx90f8x4ef7xa2d1xb761d573a3f8] Adding newly assigned partitions: s981cf01bx90f8x4ef7xa2d1xb761d573a3f8-0
2025-08-05 18:24:12,958 INFO  [org.apa.kaf.cli.con.int.ConsumerUtils] (Thread-769) Setting offset for partition s981cf01bx90f8x4ef7xa2d1xb761d573a3f8-0 to the committed offset FetchPosition{offset=10, offsetEpoch=Optional[0], currentLeader=LeaderAndEpoch{leader=Optional[localhost:32769 (id: 0 rack: null)], epoch=0}}
2025-08-05 18:24:13,239 INFO  [io.api.tes.ser.api.KafkaSerdesTester] (Thread-769) s981cf01bx90f8x4ef7xa2d1xb761d573a3f8 0 10 header {
  time {
  }
}
d1: 1.754418249753E12
s1: "a"
i1: 123
bi1: 1
point {
  longitude: 22.0
  latitude: 22.0
  altitude: 1.0
}

2025-08-05 18:24:13,239 INFO  [io.api.tes.ser.api.KafkaSerdesTester] (Thread-769) s981cf01bx90f8x4ef7xa2d1xb761d573a3f8 0 11 header {
  time {
  }
}
d1: 1.754418249908E12
s1: "a"
i1: 123
bi1: 1
point {
  longitude: 22.0
  latitude: 22.0
  altitude: 1.0
}

2025-08-05 18:24:13,239 INFO  [io.api.tes.ser.api.KafkaSerdesTester] (Thread-769) s981cf01bx90f8x4ef7xa2d1xb761d573a3f8 0 12 header {
  time {
  }
}
d1: 1.754418249911E12
s1: "a"
i1: 123
bi1: 1
point {
  longitude: 22.0
  latitude: 22.0
  altitude: 1.0
}

2025-08-05 18:24:13,239 INFO  [io.api.tes.ser.api.KafkaSerdesTester] (Thread-769) s981cf01bx90f8x4ef7xa2d1xb761d573a3f8 0 13 header {
  time {
  }
}
d1: 1.754418249914E12
s1: "a"
i1: 123
bi1: 1
point {
  longitude: 22.0
  latitude: 22.0
  altitude: 1.0
}

2025-08-05 18:24:13,239 INFO  [io.api.tes.ser.api.KafkaSerdesTester] (Thread-769) s981cf01bx90f8x4ef7xa2d1xb761d573a3f8 0 14 header {
  time {
  }
}
d1: 1.754418249917E12
s1: "a"
i1: 123
bi1: 1
point {
  longitude: 22.0
  latitude: 22.0
  altitude: 1.0
}

2025-08-05 18:24:13,239 INFO  [io.api.tes.ser.api.KafkaSerdesTester] (Thread-769) s981cf01bx90f8x4ef7xa2d1xb761d573a3f8 0 15 header {
  time {
  }
}
d1: 1.754418249918E12
s1: "a"
i1: 123
bi1: 1
point {
  longitude: 22.0
  latitude: 22.0
  altitude: 1.0
}

2025-08-05 18:24:13,240 INFO  [io.api.tes.ser.api.KafkaSerdesTester] (Thread-769) s981cf01bx90f8x4ef7xa2d1xb761d573a3f8 0 16 header {
  time {
  }
}
d1: 1.75441824992E12
s1: "a"
i1: 123
bi1: 1
point {
  longitude: 22.0
  latitude: 22.0
  altitude: 1.0
}

2025-08-05 18:24:13,240 INFO  [io.api.tes.ser.api.KafkaSerdesTester] (Thread-769) s981cf01bx90f8x4ef7xa2d1xb761d573a3f8 0 17 header {
  time {
  }
}
d1: 1.754418249922E12
s1: "a"
i1: 123
bi1: 1
point {
  longitude: 22.0
  latitude: 22.0
  altitude: 1.0
}

2025-08-05 18:24:13,240 INFO  [io.api.tes.ser.api.KafkaSerdesTester] (Thread-769) s981cf01bx90f8x4ef7xa2d1xb761d573a3f8 0 18 header {
  time {
  }
}
d1: 1.754418249924E12
s1: "a"
i1: 123
bi1: 1
point {
  longitude: 22.0
  latitude: 22.0
  altitude: 1.0
}

2025-08-05 18:24:13,240 INFO  [io.api.tes.ser.api.KafkaSerdesTester] (Thread-769) s981cf01bx90f8x4ef7xa2d1xb761d573a3f8 0 19 header {
  time {
  }
}
d1: 1.754418249927E12
s1: "a"
i1: 123
bi1: 1
point {
  longitude: 22.0
  latitude: 22.0
  altitude: 1.0
}

2025-08-05 18:24:13,240 INFO  [io.api.tes.ser.api.KafkaSerdesTester] (Thread-769) Consumed 10 messages
2025-08-05 18:24:13,247 INFO  [org.apa.kaf.cli.con.int.ConsumerRebalanceListenerInvoker] (Thread-769) [Consumer clientId=consumer-Consumer-s981cf01bx90f8x4ef7xa2d1xb761d573a3f8-23, groupId=Consumer-s981cf01bx90f8x4ef7xa2d1xb761d573a3f8] Revoke previously assigned partitions s981cf01bx90f8x4ef7xa2d1xb761d573a3f8-0
2025-08-05 18:24:13,247 INFO  [org.apa.kaf.cli.con.int.ConsumerCoordinator] (Thread-769) [Consumer clientId=consumer-Consumer-s981cf01bx90f8x4ef7xa2d1xb761d573a3f8-23, groupId=Consumer-s981cf01bx90f8x4ef7xa2d1xb761d573a3f8] Member consumer-Consumer-s981cf01bx90f8x4ef7xa2d1xb761d573a3f8-23-9cae7872-1263-415f-b570-f22e372b7f64 sending LeaveGroup request to coordinator localhost:32769 (id: 2147483647 rack: null) due to the consumer is being closed
2025-08-05 18:24:13,247 INFO  [org.apa.kaf.cli.con.int.ConsumerCoordinator] (Thread-769) [Consumer clientId=consumer-Consumer-s981cf01bx90f8x4ef7xa2d1xb761d573a3f8-23, groupId=Consumer-s981cf01bx90f8x4ef7xa2d1xb761d573a3f8] Resetting generation and member id due to: consumer pro-actively leaving the group
2025-08-05 18:24:13,247 INFO  [org.apa.kaf.cli.con.int.ConsumerCoordinator] (Thread-769) [Consumer clientId=consumer-Consumer-s981cf01bx90f8x4ef7xa2d1xb761d573a3f8-23, groupId=Consumer-s981cf01bx90f8x4ef7xa2d1xb761d573a3f8] Request joining group due to: consumer pro-actively leaving the group
2025-08-05 18:24:13,740 INFO  [org.apa.kaf.com.met.Metrics] (Thread-769) Metrics scheduler closed
2025-08-05 18:24:13,741 INFO  [org.apa.kaf.com.met.Metrics] (Thread-769) Closing reporter org.apache.kafka.common.metrics.JmxReporter
2025-08-05 18:24:13,741 INFO  [org.apa.kaf.com.met.Metrics] (Thread-769) Closing reporter org.apache.kafka.common.telemetry.internals.ClientTelemetryReporter
2025-08-05 18:24:13,741 INFO  [org.apa.kaf.com.met.Metrics] (Thread-769) Metrics reporters closed
2025-08-05 18:24:13,742 INFO  [org.apa.kaf.com.uti.AppInfoParser] (Thread-769) App info kafka.consumer for consumer-Consumer-s981cf01bx90f8x4ef7xa2d1xb761d573a3f8-23 unregistered
**** Registry Base URL: http://registry-app-inmemory.apps.ci419.apicurio-testing.org:80
2025-08-05 18:24:13,743 INFO  [org.apa.kaf.cli.pro.ProducerConfig] (main) ProducerConfig values: 
	acks = -1
	auto.include.jmx.reporter = true
	batch.size = 16384
	bootstrap.servers = [PLAINTEXT://localhost:32769]
	buffer.memory = 33554432
	client.dns.lookup = use_all_dns_ips
	client.id = Producer-s981cf01bx90f8x4ef7xa2d1xb761d573a3f8
	compression.gzip.level = -1
	compression.lz4.level = 9
	compression.type = none
	compression.zstd.level = 3
	connections.max.idle.ms = 10000
	delivery.timeout.ms = 120000
	enable.idempotence = true
	enable.metrics.push = true
	interceptor.classes = []
	key.serializer = class org.apache.kafka.common.serialization.StringSerializer
	linger.ms = 0
	max.block.ms = 60000
	max.in.flight.requests.per.connection = 5
	max.request.size = 1048576
	metadata.max.age.ms = 300000
	metadata.max.idle.ms = 300000
	metadata.recovery.strategy = none
	metric.reporters = []
	metrics.num.samples = 2
	metrics.recording.level = INFO
	metrics.sample.window.ms = 30000
	partitioner.adaptive.partitioning.enable = true
	partitioner.availability.timeout.ms = 0
	partitioner.class = null
	partitioner.ignore.keys = false
	receive.buffer.bytes = 32768
	reconnect.backoff.max.ms = 1000
	reconnect.backoff.ms = 50
	request.timeout.ms = 5000
	retries = 2147483647
	retry.backoff.max.ms = 1000
	retry.backoff.ms = 100
	sasl.client.callback.handler.class = null
	sasl.jaas.config = null
	sasl.kerberos.kinit.cmd = /usr/bin/kinit
	sasl.kerberos.min.time.before.relogin = 60000
	sasl.kerberos.service.name = null
	sasl.kerberos.ticket.renew.jitter = 0.05
	sasl.kerberos.ticket.renew.window.factor = 0.8
	sasl.login.callback.handler.class = null
	sasl.login.class = null
	sasl.login.connect.timeout.ms = null
	sasl.login.read.timeout.ms = null
	sasl.login.refresh.buffer.seconds = 300
	sasl.login.refresh.min.period.seconds = 60
	sasl.login.refresh.window.factor = 0.8
	sasl.login.refresh.window.jitter = 0.05
	sasl.login.retry.backoff.max.ms = 10000
	sasl.login.retry.backoff.ms = 100
	sasl.mechanism = GSSAPI
	sasl.oauthbearer.clock.skew.seconds = 30
	sasl.oauthbearer.expected.audience = null
	sasl.oauthbearer.expected.issuer = null
	sasl.oauthbearer.header.urlencode = false
	sasl.oauthbearer.jwks.endpoint.refresh.ms = 3600000
	sasl.oauthbearer.jwks.endpoint.retry.backoff.max.ms = 10000
	sasl.oauthbearer.jwks.endpoint.retry.backoff.ms = 100
	sasl.oauthbearer.jwks.endpoint.url = null
	sasl.oauthbearer.scope.claim.name = scope
	sasl.oauthbearer.sub.claim.name = sub
	sasl.oauthbearer.token.endpoint.url = null
	security.protocol = PLAINTEXT
	security.providers = null
	send.buffer.bytes = 131072
	socket.connection.setup.timeout.max.ms = 30000
	socket.connection.setup.timeout.ms = 10000
	ssl.cipher.suites = null
	ssl.enabled.protocols = [TLSv1.2, TLSv1.3]
	ssl.endpoint.identification.algorithm = https
	ssl.engine.factory.class = null
	ssl.key.password = null
	ssl.keymanager.algorithm = SunX509
	ssl.keystore.certificate.chain = null
	ssl.keystore.key = null
	ssl.keystore.location = null
	ssl.keystore.password = null
	ssl.keystore.type = JKS
	ssl.protocol = TLSv1.3
	ssl.provider = null
	ssl.secure.random.implementation = null
	ssl.trustmanager.algorithm = PKIX
	ssl.truststore.certificates = null
	ssl.truststore.location = null
	ssl.truststore.password = null
	ssl.truststore.type = JKS
	transaction.timeout.ms = 60000
	transactional.id = null
	value.serializer = class io.apicurio.registry.serde.protobuf.ProtobufKafkaSerializer

2025-08-05 18:24:13,744 INFO  [org.apa.kaf.com.tel.int.KafkaMetricsCollector] (main) initializing Kafka metrics collector
2025-08-05 18:24:13,748 INFO  [org.apa.kaf.cli.pro.KafkaProducer] (main) [Producer clientId=Producer-s981cf01bx90f8x4ef7xa2d1xb761d573a3f8] Instantiated an idempotent producer.
2025-08-05 18:24:13,751 INFO  [org.apa.kaf.cli.pro.ProducerConfig] (main) These configurations '[apicurio.registry.url, apicurio.registry.headers.enabled, apicurio.registry.artifact-resolver-strategy]' were supplied but are not used yet.
2025-08-05 18:24:13,751 INFO  [org.apa.kaf.com.uti.AppInfoParser] (main) Kafka version: 3.9.1
2025-08-05 18:24:13,751 INFO  [org.apa.kaf.com.uti.AppInfoParser] (main) Kafka commitId: f745dfdcee2b9851
2025-08-05 18:24:13,751 INFO  [org.apa.kaf.com.uti.AppInfoParser] (main) Kafka startTimeMs: 1754418253751
2025-08-05 18:24:13,751 INFO  [io.api.tes.ser.api.SimpleSerdesTesterBuilder$SimpleSerdesTester] (main) Using producer configuration: {apicurio.registry.url=http://registry-app-inmemory.apps.ci419.apicurio-testing.org:80/apis/registry/v3, apicurio.registry.headers.enabled=true, apicurio.registry.artifact-resolver-strategy=io.apicurio.registry.serde.strategy.TopicIdStrategy, value.serializer=io.apicurio.registry.serde.protobuf.ProtobufKafkaSerializer, request.timeout.ms=5000, acks=all, bootstrap.servers=PLAINTEXT://localhost:32769, connections.max.idle.ms=10000, key.serializer=org.apache.kafka.common.serialization.StringSerializer, client.id=Producer-s981cf01bx90f8x4ef7xa2d1xb761d573a3f8}
2025-08-05 18:24:13,751 INFO  [io.api.tes.ser.api.SimpleSerdesTesterBuilder$SimpleSerdesTester] (main) Using consumer configuration: {apicurio.registry.headers.enabled=true}
2025-08-05 18:24:13,752 INFO  [io.api.tes.ser.api.KafkaSerdesTester] (Thread-772) Sending message msb: 1754418253752
lsb: 321
 to topic s981cf01bx90f8x4ef7xa2d1xb761d573a3f8
2025-08-05 18:24:13,753 INFO  [org.apa.kaf.cli.Metadata] (kafka-producer-network-thread | Producer-s981cf01bx90f8x4ef7xa2d1xb761d573a3f8) [Producer clientId=Producer-s981cf01bx90f8x4ef7xa2d1xb761d573a3f8] Cluster ID: PopyJKdlRzKjlQHMpYFwRA
2025-08-05 18:24:13,754 INFO  [org.apa.kaf.cli.pro.int.TransactionManager] (kafka-producer-network-thread | Producer-s981cf01bx90f8x4ef7xa2d1xb761d573a3f8) [Producer clientId=Producer-s981cf01bx90f8x4ef7xa2d1xb761d573a3f8] ProducerId set to 31 with epoch 0
2025-08-05 18:24:13,755 INFO  [DefaultSchemaResolver] (Thread-772) Retrieving schema content using string: // Proto schema formatted by Wire, do not edit.
// Source: 

syntax = "proto3";

package io.apicurio.registry.common.proto;

option java_package = "io.apicurio.registry.common.proto";
option java_outer_classname = "Cmmn";

message UUID {
  fixed64 msb = 1;

  fixed64 lsb = 2;
}

2025-08-05 18:24:13,911 INFO  [io.api.tes.ser.api.KafkaSerdesTester] (Thread-772) Sending message msb: 1754418253911
lsb: 321
 to topic s981cf01bx90f8x4ef7xa2d1xb761d573a3f8
2025-08-05 18:24:13,913 INFO  [io.api.tes.ser.api.KafkaSerdesTester] (Thread-772) Sending message msb: 1754418253912
lsb: 321
 to topic s981cf01bx90f8x4ef7xa2d1xb761d573a3f8
2025-08-05 18:24:13,914 INFO  [io.api.tes.ser.api.KafkaSerdesTester] (Thread-772) Sending message msb: 1754418253914
lsb: 321
 to topic s981cf01bx90f8x4ef7xa2d1xb761d573a3f8
2025-08-05 18:24:13,915 INFO  [io.api.tes.ser.api.KafkaSerdesTester] (Thread-772) Sending message msb: 1754418253915
lsb: 321
 to topic s981cf01bx90f8x4ef7xa2d1xb761d573a3f8
2025-08-05 18:24:13,916 INFO  [io.api.tes.ser.api.KafkaSerdesTester] (Thread-772) Sending message msb: 1754418253916
lsb: 321
 to topic s981cf01bx90f8x4ef7xa2d1xb761d573a3f8
2025-08-05 18:24:13,918 INFO  [io.api.tes.ser.api.KafkaSerdesTester] (Thread-772) Sending message msb: 1754418253918
lsb: 321
 to topic s981cf01bx90f8x4ef7xa2d1xb761d573a3f8
2025-08-05 18:24:13,920 INFO  [io.api.tes.ser.api.KafkaSerdesTester] (Thread-772) Sending message msb: 1754418253920
lsb: 321
 to topic s981cf01bx90f8x4ef7xa2d1xb761d573a3f8
2025-08-05 18:24:13,922 INFO  [io.api.tes.ser.api.KafkaSerdesTester] (Thread-772) Sending message msb: 1754418253922
lsb: 321
 to topic s981cf01bx90f8x4ef7xa2d1xb761d573a3f8
2025-08-05 18:24:13,923 INFO  [io.api.tes.ser.api.KafkaSerdesTester] (Thread-772) Sending message msb: 1754418253923
lsb: 321
 to topic s981cf01bx90f8x4ef7xa2d1xb761d573a3f8
2025-08-05 18:24:13,924 INFO  [io.api.tes.ser.api.KafkaSerdesTester] (Thread-772) Produced 10 messages
2025-08-05 18:24:13,924 INFO  [org.apa.kaf.cli.pro.KafkaProducer] (Thread-772) [Producer clientId=Producer-s981cf01bx90f8x4ef7xa2d1xb761d573a3f8] Closing the Kafka producer with timeoutMillis = 9223372036854775807 ms.
2025-08-05 18:24:13,925 INFO  [org.apa.kaf.com.met.Metrics] (Thread-772) Metrics scheduler closed
2025-08-05 18:24:13,925 INFO  [org.apa.kaf.com.met.Metrics] (Thread-772) Closing reporter org.apache.kafka.common.metrics.JmxReporter
2025-08-05 18:24:13,925 INFO  [org.apa.kaf.com.met.Metrics] (Thread-772) Closing reporter org.apache.kafka.common.telemetry.internals.ClientTelemetryReporter
2025-08-05 18:24:13,925 INFO  [org.apa.kaf.com.met.Metrics] (Thread-772) Metrics reporters closed
2025-08-05 18:24:13,926 INFO  [org.apa.kaf.com.uti.AppInfoParser] (Thread-772) App info kafka.producer for Producer-s981cf01bx90f8x4ef7xa2d1xb761d573a3f8 unregistered
**** Registry Base URL: http://registry-app-inmemory.apps.ci419.apicurio-testing.org:80
2025-08-05 18:24:13,926 INFO  [org.apa.kaf.cli.con.ConsumerConfig] (main) ConsumerConfig values: 
	allow.auto.create.topics = true
	auto.commit.interval.ms = 500
	auto.include.jmx.reporter = true
	auto.offset.reset = earliest
	bootstrap.servers = [PLAINTEXT://localhost:32769]
	check.crcs = true
	client.dns.lookup = use_all_dns_ips
	client.id = consumer-Consumer-s981cf01bx90f8x4ef7xa2d1xb761d573a3f8-24
	client.rack = 
	connections.max.idle.ms = 10000
	default.api.timeout.ms = 60000
	enable.auto.commit = true
	enable.metrics.push = true
	exclude.internal.topics = true
	fetch.max.bytes = 52428800
	fetch.max.wait.ms = 500
	fetch.min.bytes = 1
	group.id = Consumer-s981cf01bx90f8x4ef7xa2d1xb761d573a3f8
	group.instance.id = null
	group.protocol = classic
	group.remote.assignor = null
	heartbeat.interval.ms = 3000
	interceptor.classes = []
	internal.leave.group.on.close = true
	internal.throw.on.fetch.stable.offset.unsupported = false
	isolation.level = read_uncommitted
	key.deserializer = class org.apache.kafka.common.serialization.StringDeserializer
	max.partition.fetch.bytes = 1048576
	max.poll.interval.ms = 300000
	max.poll.records = 500
	metadata.max.age.ms = 300000
	metadata.recovery.strategy = none
	metric.reporters = []
	metrics.num.samples = 2
	metrics.recording.level = INFO
	metrics.sample.window.ms = 30000
	partition.assignment.strategy = [class org.apache.kafka.clients.consumer.RangeAssignor, class org.apache.kafka.clients.consumer.CooperativeStickyAssignor]
	receive.buffer.bytes = 65536
	reconnect.backoff.max.ms = 1000
	reconnect.backoff.ms = 50
	request.timeout.ms = 5000
	retry.backoff.max.ms = 1000
	retry.backoff.ms = 100
	sasl.client.callback.handler.class = null
	sasl.jaas.config = null
	sasl.kerberos.kinit.cmd = /usr/bin/kinit
	sasl.kerberos.min.time.before.relogin = 60000
	sasl.kerberos.service.name = null
	sasl.kerberos.ticket.renew.jitter = 0.05
	sasl.kerberos.ticket.renew.window.factor = 0.8
	sasl.login.callback.handler.class = null
	sasl.login.class = null
	sasl.login.connect.timeout.ms = null
	sasl.login.read.timeout.ms = null
	sasl.login.refresh.buffer.seconds = 300
	sasl.login.refresh.min.period.seconds = 60
	sasl.login.refresh.window.factor = 0.8
	sasl.login.refresh.window.jitter = 0.05
	sasl.login.retry.backoff.max.ms = 10000
	sasl.login.retry.backoff.ms = 100
	sasl.mechanism = GSSAPI
	sasl.oauthbearer.clock.skew.seconds = 30
	sasl.oauthbearer.expected.audience = null
	sasl.oauthbearer.expected.issuer = null
	sasl.oauthbearer.header.urlencode = false
	sasl.oauthbearer.jwks.endpoint.refresh.ms = 3600000
	sasl.oauthbearer.jwks.endpoint.retry.backoff.max.ms = 10000
	sasl.oauthbearer.jwks.endpoint.retry.backoff.ms = 100
	sasl.oauthbearer.jwks.endpoint.url = null
	sasl.oauthbearer.scope.claim.name = scope
	sasl.oauthbearer.sub.claim.name = sub
	sasl.oauthbearer.token.endpoint.url = null
	security.protocol = PLAINTEXT
	security.providers = null
	send.buffer.bytes = 131072
	session.timeout.ms = 45000
	socket.connection.setup.timeout.max.ms = 30000
	socket.connection.setup.timeout.ms = 10000
	ssl.cipher.suites = null
	ssl.enabled.protocols = [TLSv1.2, TLSv1.3]
	ssl.endpoint.identification.algorithm = https
	ssl.engine.factory.class = null
	ssl.key.password = null
	ssl.keymanager.algorithm = SunX509
	ssl.keystore.certificate.chain = null
	ssl.keystore.key = null
	ssl.keystore.location = null
	ssl.keystore.password = null
	ssl.keystore.type = JKS
	ssl.protocol = TLSv1.3
	ssl.provider = null
	ssl.secure.random.implementation = null
	ssl.trustmanager.algorithm = PKIX
	ssl.truststore.certificates = null
	ssl.truststore.location = null
	ssl.truststore.password = null
	ssl.truststore.type = JKS
	value.deserializer = class io.apicurio.registry.serde.protobuf.ProtobufKafkaDeserializer

2025-08-05 18:24:13,926 INFO  [org.apa.kaf.com.tel.int.KafkaMetricsCollector] (main) initializing Kafka metrics collector
2025-08-05 18:24:13,932 INFO  [org.apa.kaf.cli.con.ConsumerConfig] (main) These configurations '[apicurio.registry.url, apicurio.registry.headers.enabled]' were supplied but are not used yet.
2025-08-05 18:24:13,932 INFO  [org.apa.kaf.com.uti.AppInfoParser] (main) Kafka version: 3.9.1
2025-08-05 18:24:13,932 INFO  [org.apa.kaf.com.uti.AppInfoParser] (main) Kafka commitId: f745dfdcee2b9851
2025-08-05 18:24:13,932 INFO  [org.apa.kaf.com.uti.AppInfoParser] (main) Kafka startTimeMs: 1754418253932
2025-08-05 18:24:13,933 INFO  [org.apa.kaf.cli.con.int.ClassicKafkaConsumer] (Thread-775) [Consumer clientId=consumer-Consumer-s981cf01bx90f8x4ef7xa2d1xb761d573a3f8-24, groupId=Consumer-s981cf01bx90f8x4ef7xa2d1xb761d573a3f8] Subscribed to topic(s): s981cf01bx90f8x4ef7xa2d1xb761d573a3f8
2025-08-05 18:24:13,937 INFO  [org.apa.kaf.cli.Metadata] (Thread-775) [Consumer clientId=consumer-Consumer-s981cf01bx90f8x4ef7xa2d1xb761d573a3f8-24, groupId=Consumer-s981cf01bx90f8x4ef7xa2d1xb761d573a3f8] Cluster ID: PopyJKdlRzKjlQHMpYFwRA
2025-08-05 18:24:13,937 INFO  [org.apa.kaf.cli.con.int.ConsumerCoordinator] (Thread-775) [Consumer clientId=consumer-Consumer-s981cf01bx90f8x4ef7xa2d1xb761d573a3f8-24, groupId=Consumer-s981cf01bx90f8x4ef7xa2d1xb761d573a3f8] Discovered group coordinator localhost:32769 (id: 2147483647 rack: null)
2025-08-05 18:24:13,937 INFO  [org.apa.kaf.cli.con.int.ConsumerCoordinator] (Thread-775) [Consumer clientId=consumer-Consumer-s981cf01bx90f8x4ef7xa2d1xb761d573a3f8-24, groupId=Consumer-s981cf01bx90f8x4ef7xa2d1xb761d573a3f8] (Re-)joining group
2025-08-05 18:24:13,939 INFO  [org.apa.kaf.cli.con.int.ConsumerCoordinator] (Thread-775) [Consumer clientId=consumer-Consumer-s981cf01bx90f8x4ef7xa2d1xb761d573a3f8-24, groupId=Consumer-s981cf01bx90f8x4ef7xa2d1xb761d573a3f8] Request joining group due to: need to re-join with the given member-id: consumer-Consumer-s981cf01bx90f8x4ef7xa2d1xb761d573a3f8-24-31e69e51-c91f-4f05-9f5b-33eb5cd41f66
2025-08-05 18:24:13,939 INFO  [org.apa.kaf.cli.con.int.ConsumerCoordinator] (Thread-775) [Consumer clientId=consumer-Consumer-s981cf01bx90f8x4ef7xa2d1xb761d573a3f8-24, groupId=Consumer-s981cf01bx90f8x4ef7xa2d1xb761d573a3f8] (Re-)joining group
2025-08-05 18:24:14,933 INFO  [io.api.tes.ser.api.KafkaSerdesTester] (Thread-775) None found
2025-08-05 18:24:15,934 INFO  [io.api.tes.ser.api.KafkaSerdesTester] (Thread-775) None found
2025-08-05 18:24:16,934 INFO  [io.api.tes.ser.api.KafkaSerdesTester] (Thread-775) None found
2025-08-05 18:24:16,940 INFO  [org.apa.kaf.cli.con.int.ConsumerCoordinator] (Thread-775) [Consumer clientId=consumer-Consumer-s981cf01bx90f8x4ef7xa2d1xb761d573a3f8-24, groupId=Consumer-s981cf01bx90f8x4ef7xa2d1xb761d573a3f8] Successfully joined group with generation Generation{generationId=5, memberId='consumer-Consumer-s981cf01bx90f8x4ef7xa2d1xb761d573a3f8-24-31e69e51-c91f-4f05-9f5b-33eb5cd41f66', protocol='range'}
2025-08-05 18:24:16,940 INFO  [org.apa.kaf.cli.con.int.ConsumerCoordinator] (Thread-775) [Consumer clientId=consumer-Consumer-s981cf01bx90f8x4ef7xa2d1xb761d573a3f8-24, groupId=Consumer-s981cf01bx90f8x4ef7xa2d1xb761d573a3f8] Finished assignment for group at generation 5: {consumer-Consumer-s981cf01bx90f8x4ef7xa2d1xb761d573a3f8-24-31e69e51-c91f-4f05-9f5b-33eb5cd41f66=Assignment(partitions=[s981cf01bx90f8x4ef7xa2d1xb761d573a3f8-0])}
2025-08-05 18:24:16,947 INFO  [org.apa.kaf.cli.con.int.ConsumerCoordinator] (Thread-775) [Consumer clientId=consumer-Consumer-s981cf01bx90f8x4ef7xa2d1xb761d573a3f8-24, groupId=Consumer-s981cf01bx90f8x4ef7xa2d1xb761d573a3f8] Successfully synced group in generation Generation{generationId=5, memberId='consumer-Consumer-s981cf01bx90f8x4ef7xa2d1xb761d573a3f8-24-31e69e51-c91f-4f05-9f5b-33eb5cd41f66', protocol='range'}
2025-08-05 18:24:16,947 INFO  [org.apa.kaf.cli.con.int.ConsumerCoordinator] (Thread-775) [Consumer clientId=consumer-Consumer-s981cf01bx90f8x4ef7xa2d1xb761d573a3f8-24, groupId=Consumer-s981cf01bx90f8x4ef7xa2d1xb761d573a3f8] Notifying assignor about the new Assignment(partitions=[s981cf01bx90f8x4ef7xa2d1xb761d573a3f8-0])
2025-08-05 18:24:16,947 INFO  [org.apa.kaf.cli.con.int.ConsumerRebalanceListenerInvoker] (Thread-775) [Consumer clientId=consumer-Consumer-s981cf01bx90f8x4ef7xa2d1xb761d573a3f8-24, groupId=Consumer-s981cf01bx90f8x4ef7xa2d1xb761d573a3f8] Adding newly assigned partitions: s981cf01bx90f8x4ef7xa2d1xb761d573a3f8-0
2025-08-05 18:24:16,948 INFO  [org.apa.kaf.cli.con.int.ConsumerUtils] (Thread-775) Setting offset for partition s981cf01bx90f8x4ef7xa2d1xb761d573a3f8-0 to the committed offset FetchPosition{offset=20, offsetEpoch=Optional[0], currentLeader=LeaderAndEpoch{leader=Optional[localhost:32769 (id: 0 rack: null)], epoch=0}}
2025-08-05 18:24:17,173 INFO  [io.api.tes.ser.api.KafkaSerdesTester] (Thread-775) s981cf01bx90f8x4ef7xa2d1xb761d573a3f8 0 20 msb: 1754418253752
lsb: 321

2025-08-05 18:24:17,173 INFO  [io.api.tes.ser.api.KafkaSerdesTester] (Thread-775) s981cf01bx90f8x4ef7xa2d1xb761d573a3f8 0 21 msb: 1754418253911
lsb: 321

2025-08-05 18:24:17,173 INFO  [io.api.tes.ser.api.KafkaSerdesTester] (Thread-775) s981cf01bx90f8x4ef7xa2d1xb761d573a3f8 0 22 msb: 1754418253912
lsb: 321

2025-08-05 18:24:17,173 INFO  [io.api.tes.ser.api.KafkaSerdesTester] (Thread-775) s981cf01bx90f8x4ef7xa2d1xb761d573a3f8 0 23 msb: 1754418253914
lsb: 321

2025-08-05 18:24:17,173 INFO  [io.api.tes.ser.api.KafkaSerdesTester] (Thread-775) s981cf01bx90f8x4ef7xa2d1xb761d573a3f8 0 24 msb: 1754418253915
lsb: 321

2025-08-05 18:24:17,173 INFO  [io.api.tes.ser.api.KafkaSerdesTester] (Thread-775) s981cf01bx90f8x4ef7xa2d1xb761d573a3f8 0 25 msb: 1754418253916
lsb: 321

2025-08-05 18:24:17,173 INFO  [io.api.tes.ser.api.KafkaSerdesTester] (Thread-775) s981cf01bx90f8x4ef7xa2d1xb761d573a3f8 0 26 msb: 1754418253918
lsb: 321

2025-08-05 18:24:17,173 INFO  [io.api.tes.ser.api.KafkaSerdesTester] (Thread-775) s981cf01bx90f8x4ef7xa2d1xb761d573a3f8 0 27 msb: 1754418253920
lsb: 321

2025-08-05 18:24:17,173 INFO  [io.api.tes.ser.api.KafkaSerdesTester] (Thread-775) s981cf01bx90f8x4ef7xa2d1xb761d573a3f8 0 28 msb: 1754418253922
lsb: 321

2025-08-05 18:24:17,173 INFO  [io.api.tes.ser.api.KafkaSerdesTester] (Thread-775) s981cf01bx90f8x4ef7xa2d1xb761d573a3f8 0 29 msb: 1754418253923
lsb: 321

2025-08-05 18:24:17,173 INFO  [io.api.tes.ser.api.KafkaSerdesTester] (Thread-775) Consumed 10 messages
2025-08-05 18:24:17,188 INFO  [org.apa.kaf.cli.con.int.ConsumerRebalanceListenerInvoker] (Thread-775) [Consumer clientId=consumer-Consumer-s981cf01bx90f8x4ef7xa2d1xb761d573a3f8-24, groupId=Consumer-s981cf01bx90f8x4ef7xa2d1xb761d573a3f8] Revoke previously assigned partitions s981cf01bx90f8x4ef7xa2d1xb761d573a3f8-0
2025-08-05 18:24:17,188 INFO  [org.apa.kaf.cli.con.int.ConsumerCoordinator] (Thread-775) [Consumer clientId=consumer-Consumer-s981cf01bx90f8x4ef7xa2d1xb761d573a3f8-24, groupId=Consumer-s981cf01bx90f8x4ef7xa2d1xb761d573a3f8] Member consumer-Consumer-s981cf01bx90f8x4ef7xa2d1xb761d573a3f8-24-31e69e51-c91f-4f05-9f5b-33eb5cd41f66 sending LeaveGroup request to coordinator localhost:32769 (id: 2147483647 rack: null) due to the consumer is being closed
2025-08-05 18:24:17,188 INFO  [org.apa.kaf.cli.con.int.ConsumerCoordinator] (Thread-775) [Consumer clientId=consumer-Consumer-s981cf01bx90f8x4ef7xa2d1xb761d573a3f8-24, groupId=Consumer-s981cf01bx90f8x4ef7xa2d1xb761d573a3f8] Resetting generation and member id due to: consumer pro-actively leaving the group
2025-08-05 18:24:17,188 INFO  [org.apa.kaf.cli.con.int.ConsumerCoordinator] (Thread-775) [Consumer clientId=consumer-Consumer-s981cf01bx90f8x4ef7xa2d1xb761d573a3f8-24, groupId=Consumer-s981cf01bx90f8x4ef7xa2d1xb761d573a3f8] Request joining group due to: consumer pro-actively leaving the group
2025-08-05 18:24:17,677 INFO  [org.apa.kaf.com.met.Metrics] (Thread-775) Metrics scheduler closed
2025-08-05 18:24:17,678 INFO  [org.apa.kaf.com.met.Metrics] (Thread-775) Closing reporter org.apache.kafka.common.metrics.JmxReporter
2025-08-05 18:24:17,678 INFO  [org.apa.kaf.com.met.Metrics] (Thread-775) Closing reporter org.apache.kafka.common.telemetry.internals.ClientTelemetryReporter
2025-08-05 18:24:17,678 INFO  [org.apa.kaf.com.met.Metrics] (Thread-775) Metrics reporters closed
2025-08-05 18:24:17,679 INFO  [org.apa.kaf.com.uti.AppInfoParser] (Thread-775) App info kafka.consumer for consumer-Consumer-s981cf01bx90f8x4ef7xa2d1xb761d573a3f8-24 unregistered
**** Registry Base URL: http://registry-app-inmemory.apps.ci419.apicurio-testing.org:80
2025-08-05 18:24:17,680 INFO  [org.apa.kaf.cli.pro.ProducerConfig] (main) ProducerConfig values: 
	acks = -1
	auto.include.jmx.reporter = true
	batch.size = 16384
	bootstrap.servers = [PLAINTEXT://localhost:32769]
	buffer.memory = 33554432
	client.dns.lookup = use_all_dns_ips
	client.id = Producer-s981cf01bx90f8x4ef7xa2d1xb761d573a3f8
	compression.gzip.level = -1
	compression.lz4.level = 9
	compression.type = none
	compression.zstd.level = 3
	connections.max.idle.ms = 10000
	delivery.timeout.ms = 120000
	enable.idempotence = true
	enable.metrics.push = true
	interceptor.classes = []
	key.serializer = class org.apache.kafka.common.serialization.StringSerializer
	linger.ms = 0
	max.block.ms = 60000
	max.in.flight.requests.per.connection = 5
	max.request.size = 1048576
	metadata.max.age.ms = 300000
	metadata.max.idle.ms = 300000
	metadata.recovery.strategy = none
	metric.reporters = []
	metrics.num.samples = 2
	metrics.recording.level = INFO
	metrics.sample.window.ms = 30000
	partitioner.adaptive.partitioning.enable = true
	partitioner.availability.timeout.ms = 0
	partitioner.class = null
	partitioner.ignore.keys = false
	receive.buffer.bytes = 32768
	reconnect.backoff.max.ms = 1000
	reconnect.backoff.ms = 50
	request.timeout.ms = 5000
	retries = 2147483647
	retry.backoff.max.ms = 1000
	retry.backoff.ms = 100
	sasl.client.callback.handler.class = null
	sasl.jaas.config = null
	sasl.kerberos.kinit.cmd = /usr/bin/kinit
	sasl.kerberos.min.time.before.relogin = 60000
	sasl.kerberos.service.name = null
	sasl.kerberos.ticket.renew.jitter = 0.05
	sasl.kerberos.ticket.renew.window.factor = 0.8
	sasl.login.callback.handler.class = null
	sasl.login.class = null
	sasl.login.connect.timeout.ms = null
	sasl.login.read.timeout.ms = null
	sasl.login.refresh.buffer.seconds = 300
	sasl.login.refresh.min.period.seconds = 60
	sasl.login.refresh.window.factor = 0.8
	sasl.login.refresh.window.jitter = 0.05
	sasl.login.retry.backoff.max.ms = 10000
	sasl.login.retry.backoff.ms = 100
	sasl.mechanism = GSSAPI
	sasl.oauthbearer.clock.skew.seconds = 30
	sasl.oauthbearer.expected.audience = null
	sasl.oauthbearer.expected.issuer = null
	sasl.oauthbearer.header.urlencode = false
	sasl.oauthbearer.jwks.endpoint.refresh.ms = 3600000
	sasl.oauthbearer.jwks.endpoint.retry.backoff.max.ms = 10000
	sasl.oauthbearer.jwks.endpoint.retry.backoff.ms = 100
	sasl.oauthbearer.jwks.endpoint.url = null
	sasl.oauthbearer.scope.claim.name = scope
	sasl.oauthbearer.sub.claim.name = sub
	sasl.oauthbearer.token.endpoint.url = null
	security.protocol = PLAINTEXT
	security.providers = null
	send.buffer.bytes = 131072
	socket.connection.setup.timeout.max.ms = 30000
	socket.connection.setup.timeout.ms = 10000
	ssl.cipher.suites = null
	ssl.enabled.protocols = [TLSv1.2, TLSv1.3]
	ssl.endpoint.identification.algorithm = https
	ssl.engine.factory.class = null
	ssl.key.password = null
	ssl.keymanager.algorithm = SunX509
	ssl.keystore.certificate.chain = null
	ssl.keystore.key = null
	ssl.keystore.location = null
	ssl.keystore.password = null
	ssl.keystore.type = JKS
	ssl.protocol = TLSv1.3
	ssl.provider = null
	ssl.secure.random.implementation = null
	ssl.trustmanager.algorithm = PKIX
	ssl.truststore.certificates = null
	ssl.truststore.location = null
	ssl.truststore.password = null
	ssl.truststore.type = JKS
	transaction.timeout.ms = 60000
	transactional.id = null
	value.serializer = class io.apicurio.registry.serde.protobuf.ProtobufKafkaSerializer

2025-08-05 18:24:17,680 INFO  [org.apa.kaf.com.tel.int.KafkaMetricsCollector] (main) initializing Kafka metrics collector
2025-08-05 18:24:17,684 INFO  [org.apa.kaf.cli.pro.KafkaProducer] (main) [Producer clientId=Producer-s981cf01bx90f8x4ef7xa2d1xb761d573a3f8] Instantiated an idempotent producer.
2025-08-05 18:24:17,687 INFO  [org.apa.kaf.cli.pro.ProducerConfig] (main) These configurations '[apicurio.registry.find-latest, apicurio.registry.url, apicurio.registry.artifact-resolver-strategy]' were supplied but are not used yet.
2025-08-05 18:24:17,687 INFO  [org.apa.kaf.com.uti.AppInfoParser] (main) Kafka version: 3.9.1
2025-08-05 18:24:17,687 INFO  [org.apa.kaf.com.uti.AppInfoParser] (main) Kafka commitId: f745dfdcee2b9851
2025-08-05 18:24:17,687 INFO  [org.apa.kaf.com.uti.AppInfoParser] (main) Kafka startTimeMs: 1754418257687
2025-08-05 18:24:17,689 INFO  [io.api.tes.ser.api.KafkaSerdesTester] (Thread-778) Sending message header {
  time {
  }
}
d1: 1.754418257688E12
s1: "a"
i1: 123
bi1: 1
point {
  longitude: 22.0
  latitude: 22.0
  altitude: 1.0
}
 to topic s981cf01bx90f8x4ef7xa2d1xb761d573a3f8
2025-08-05 18:24:17,691 INFO  [org.apa.kaf.cli.Metadata] (kafka-producer-network-thread | Producer-s981cf01bx90f8x4ef7xa2d1xb761d573a3f8) [Producer clientId=Producer-s981cf01bx90f8x4ef7xa2d1xb761d573a3f8] Cluster ID: PopyJKdlRzKjlQHMpYFwRA
2025-08-05 18:24:17,691 INFO  [org.apa.kaf.cli.pro.int.TransactionManager] (kafka-producer-network-thread | Producer-s981cf01bx90f8x4ef7xa2d1xb761d573a3f8) [Producer clientId=Producer-s981cf01bx90f8x4ef7xa2d1xb761d573a3f8] ProducerId set to 32 with epoch 0
2025-08-05 18:24:17,984 INFO  [org.apa.kaf.cli.pro.KafkaProducer] (Thread-778) [Producer clientId=Producer-s981cf01bx90f8x4ef7xa2d1xb761d573a3f8] Closing the Kafka producer with timeoutMillis = 9223372036854775807 ms.
2025-08-05 18:24:17,987 INFO  [org.apa.kaf.com.met.Metrics] (Thread-778) Metrics scheduler closed
2025-08-05 18:24:17,987 INFO  [org.apa.kaf.com.met.Metrics] (Thread-778) Closing reporter org.apache.kafka.common.metrics.JmxReporter
2025-08-05 18:24:17,987 INFO  [org.apa.kaf.com.met.Metrics] (Thread-778) Closing reporter org.apache.kafka.common.telemetry.internals.ClientTelemetryReporter
2025-08-05 18:24:17,987 INFO  [org.apa.kaf.com.met.Metrics] (Thread-778) Metrics reporters closed
2025-08-05 18:24:17,987 INFO  [org.apa.kaf.com.uti.AppInfoParser] (Thread-778) App info kafka.producer for Producer-s981cf01bx90f8x4ef7xa2d1xb761d573a3f8 unregistered
**** Registry Base URL: http://registry-app-inmemory.apps.ci419.apicurio-testing.org:80
2025-08-05 18:24:17,989 INFO  [org.apa.kaf.cli.pro.ProducerConfig] (main) ProducerConfig values: 
	acks = -1
	auto.include.jmx.reporter = true
	batch.size = 16384
	bootstrap.servers = [PLAINTEXT://localhost:32769]
	buffer.memory = 33554432
	client.dns.lookup = use_all_dns_ips
	client.id = Producer-s981cf01bx90f8x4ef7xa2d1xb761d573a3f8
	compression.gzip.level = -1
	compression.lz4.level = 9
	compression.type = none
	compression.zstd.level = 3
	connections.max.idle.ms = 10000
	delivery.timeout.ms = 120000
	enable.idempotence = true
	enable.metrics.push = true
	interceptor.classes = []
	key.serializer = class org.apache.kafka.common.serialization.StringSerializer
	linger.ms = 0
	max.block.ms = 60000
	max.in.flight.requests.per.connection = 5
	max.request.size = 1048576
	metadata.max.age.ms = 300000
	metadata.max.idle.ms = 300000
	metadata.recovery.strategy = none
	metric.reporters = []
	metrics.num.samples = 2
	metrics.recording.level = INFO
	metrics.sample.window.ms = 30000
	partitioner.adaptive.partitioning.enable = true
	partitioner.availability.timeout.ms = 0
	partitioner.class = null
	partitioner.ignore.keys = false
	receive.buffer.bytes = 32768
	reconnect.backoff.max.ms = 1000
	reconnect.backoff.ms = 50
	request.timeout.ms = 5000
	retries = 2147483647
	retry.backoff.max.ms = 1000
	retry.backoff.ms = 100
	sasl.client.callback.handler.class = null
	sasl.jaas.config = null
	sasl.kerberos.kinit.cmd = /usr/bin/kinit
	sasl.kerberos.min.time.before.relogin = 60000
	sasl.kerberos.service.name = null
	sasl.kerberos.ticket.renew.jitter = 0.05
	sasl.kerberos.ticket.renew.window.factor = 0.8
	sasl.login.callback.handler.class = null
	sasl.login.class = null
	sasl.login.connect.timeout.ms = null
	sasl.login.read.timeout.ms = null
	sasl.login.refresh.buffer.seconds = 300
	sasl.login.refresh.min.period.seconds = 60
	sasl.login.refresh.window.factor = 0.8
	sasl.login.refresh.window.jitter = 0.05
	sasl.login.retry.backoff.max.ms = 10000
	sasl.login.retry.backoff.ms = 100
	sasl.mechanism = GSSAPI
	sasl.oauthbearer.clock.skew.seconds = 30
	sasl.oauthbearer.expected.audience = null
	sasl.oauthbearer.expected.issuer = null
	sasl.oauthbearer.header.urlencode = false
	sasl.oauthbearer.jwks.endpoint.refresh.ms = 3600000
	sasl.oauthbearer.jwks.endpoint.retry.backoff.max.ms = 10000
	sasl.oauthbearer.jwks.endpoint.retry.backoff.ms = 100
	sasl.oauthbearer.jwks.endpoint.url = null
	sasl.oauthbearer.scope.claim.name = scope
	sasl.oauthbearer.sub.claim.name = sub
	sasl.oauthbearer.token.endpoint.url = null
	security.protocol = PLAINTEXT
	security.providers = null
	send.buffer.bytes = 131072
	socket.connection.setup.timeout.max.ms = 30000
	socket.connection.setup.timeout.ms = 10000
	ssl.cipher.suites = null
	ssl.enabled.protocols = [TLSv1.2, TLSv1.3]
	ssl.endpoint.identification.algorithm = https
	ssl.engine.factory.class = null
	ssl.key.password = null
	ssl.keymanager.algorithm = SunX509
	ssl.keystore.certificate.chain = null
	ssl.keystore.key = null
	ssl.keystore.location = null
	ssl.keystore.password = null
	ssl.keystore.type = JKS
	ssl.protocol = TLSv1.3
	ssl.provider = null
	ssl.secure.random.implementation = null
	ssl.trustmanager.algorithm = PKIX
	ssl.truststore.certificates = null
	ssl.truststore.location = null
	ssl.truststore.password = null
	ssl.truststore.type = JKS
	transaction.timeout.ms = 60000
	transactional.id = null
	value.serializer = class io.apicurio.registry.serde.protobuf.ProtobufKafkaSerializer

2025-08-05 18:24:17,990 INFO  [org.apa.kaf.com.tel.int.KafkaMetricsCollector] (main) initializing Kafka metrics collector
2025-08-05 18:24:17,993 INFO  [org.apa.kaf.cli.pro.KafkaProducer] (main) [Producer clientId=Producer-s981cf01bx90f8x4ef7xa2d1xb761d573a3f8] Instantiated an idempotent producer.
2025-08-05 18:24:17,994 INFO  [org.apa.kaf.cli.pro.ProducerConfig] (main) These configurations '[apicurio.registry.find-latest, apicurio.registry.url, apicurio.registry.headers.enabled, apicurio.registry.artifact-resolver-strategy]' were supplied but are not used yet.
2025-08-05 18:24:17,994 INFO  [org.apa.kaf.com.uti.AppInfoParser] (main) Kafka version: 3.9.1
2025-08-05 18:24:17,994 INFO  [org.apa.kaf.com.uti.AppInfoParser] (main) Kafka commitId: f745dfdcee2b9851
2025-08-05 18:24:17,994 INFO  [org.apa.kaf.com.uti.AppInfoParser] (main) Kafka startTimeMs: 1754418257994
2025-08-05 18:24:17,995 INFO  [io.api.tes.ser.api.SimpleSerdesTesterBuilder$SimpleSerdesTester] (main) Using producer configuration: {apicurio.registry.find-latest=true, apicurio.registry.url=http://registry-app-inmemory.apps.ci419.apicurio-testing.org:80/apis/registry/v3, apicurio.registry.headers.enabled=true, apicurio.registry.artifact-resolver-strategy=io.apicurio.registry.serde.strategy.TopicIdStrategy, value.serializer=io.apicurio.registry.serde.protobuf.ProtobufKafkaSerializer, request.timeout.ms=5000, acks=all, bootstrap.servers=PLAINTEXT://localhost:32769, connections.max.idle.ms=10000, key.serializer=org.apache.kafka.common.serialization.StringSerializer, client.id=Producer-s981cf01bx90f8x4ef7xa2d1xb761d573a3f8}
2025-08-05 18:24:17,995 INFO  [io.api.tes.ser.api.SimpleSerdesTesterBuilder$SimpleSerdesTester] (main) Using consumer configuration: {apicurio.registry.headers.enabled=true}
2025-08-05 18:24:17,996 INFO  [io.api.tes.ser.api.KafkaSerdesTester] (Thread-781) Sending message msb: 1754418257996
lsb: 321
 to topic s981cf01bx90f8x4ef7xa2d1xb761d573a3f8
2025-08-05 18:24:17,998 INFO  [org.apa.kaf.cli.Metadata] (kafka-producer-network-thread | Producer-s981cf01bx90f8x4ef7xa2d1xb761d573a3f8) [Producer clientId=Producer-s981cf01bx90f8x4ef7xa2d1xb761d573a3f8] Cluster ID: PopyJKdlRzKjlQHMpYFwRA
2025-08-05 18:24:17,999 INFO  [org.apa.kaf.cli.pro.int.TransactionManager] (kafka-producer-network-thread | Producer-s981cf01bx90f8x4ef7xa2d1xb761d573a3f8) [Producer clientId=Producer-s981cf01bx90f8x4ef7xa2d1xb761d573a3f8] ProducerId set to 33 with epoch 0
2025-08-05 18:24:18,295 INFO  [io.api.tes.ser.api.KafkaSerdesTester] (Thread-781) Sending message msb: 1754418258295
lsb: 321
 to topic s981cf01bx90f8x4ef7xa2d1xb761d573a3f8
2025-08-05 18:24:18,297 INFO  [io.api.tes.ser.api.KafkaSerdesTester] (Thread-781) Sending message msb: 1754418258297
lsb: 321
 to topic s981cf01bx90f8x4ef7xa2d1xb761d573a3f8
2025-08-05 18:24:18,298 INFO  [io.api.tes.ser.api.KafkaSerdesTester] (Thread-781) Sending message msb: 1754418258298
lsb: 321
 to topic s981cf01bx90f8x4ef7xa2d1xb761d573a3f8
2025-08-05 18:24:18,299 INFO  [io.api.tes.ser.api.KafkaSerdesTester] (Thread-781) Sending message msb: 1754418258299
lsb: 321
 to topic s981cf01bx90f8x4ef7xa2d1xb761d573a3f8
2025-08-05 18:24:18,300 INFO  [io.api.tes.ser.api.KafkaSerdesTester] (Thread-781) Sending message msb: 1754418258300
lsb: 321
 to topic s981cf01bx90f8x4ef7xa2d1xb761d573a3f8
2025-08-05 18:24:18,303 INFO  [io.api.tes.ser.api.KafkaSerdesTester] (Thread-781) Sending message msb: 1754418258303
lsb: 321
 to topic s981cf01bx90f8x4ef7xa2d1xb761d573a3f8
2025-08-05 18:24:18,306 INFO  [io.api.tes.ser.api.KafkaSerdesTester] (Thread-781) Sending message msb: 1754418258306
lsb: 321
 to topic s981cf01bx90f8x4ef7xa2d1xb761d573a3f8
2025-08-05 18:24:18,309 INFO  [io.api.tes.ser.api.KafkaSerdesTester] (Thread-781) Sending message msb: 1754418258308
lsb: 321
 to topic s981cf01bx90f8x4ef7xa2d1xb761d573a3f8
2025-08-05 18:24:18,312 INFO  [io.api.tes.ser.api.KafkaSerdesTester] (Thread-781) Sending message msb: 1754418258312
lsb: 321
 to topic s981cf01bx90f8x4ef7xa2d1xb761d573a3f8
2025-08-05 18:24:18,314 INFO  [io.api.tes.ser.api.KafkaSerdesTester] (Thread-781) Produced 10 messages
2025-08-05 18:24:18,314 INFO  [org.apa.kaf.cli.pro.KafkaProducer] (Thread-781) [Producer clientId=Producer-s981cf01bx90f8x4ef7xa2d1xb761d573a3f8] Closing the Kafka producer with timeoutMillis = 9223372036854775807 ms.
2025-08-05 18:24:18,316 INFO  [org.apa.kaf.com.met.Metrics] (Thread-781) Metrics scheduler closed
2025-08-05 18:24:18,316 INFO  [org.apa.kaf.com.met.Metrics] (Thread-781) Closing reporter org.apache.kafka.common.metrics.JmxReporter
2025-08-05 18:24:18,316 INFO  [org.apa.kaf.com.met.Metrics] (Thread-781) Closing reporter org.apache.kafka.common.telemetry.internals.ClientTelemetryReporter
2025-08-05 18:24:18,317 INFO  [org.apa.kaf.com.met.Metrics] (Thread-781) Metrics reporters closed
2025-08-05 18:24:18,317 INFO  [org.apa.kaf.com.uti.AppInfoParser] (Thread-781) App info kafka.producer for Producer-s981cf01bx90f8x4ef7xa2d1xb761d573a3f8 unregistered
**** Registry Base URL: http://registry-app-inmemory.apps.ci419.apicurio-testing.org:80
2025-08-05 18:24:18,318 INFO  [org.apa.kaf.cli.con.ConsumerConfig] (main) ConsumerConfig values: 
	allow.auto.create.topics = true
	auto.commit.interval.ms = 500
	auto.include.jmx.reporter = true
	auto.offset.reset = earliest
	bootstrap.servers = [PLAINTEXT://localhost:32769]
	check.crcs = true
	client.dns.lookup = use_all_dns_ips
	client.id = consumer-Consumer-s981cf01bx90f8x4ef7xa2d1xb761d573a3f8-25
	client.rack = 
	connections.max.idle.ms = 10000
	default.api.timeout.ms = 60000
	enable.auto.commit = true
	enable.metrics.push = true
	exclude.internal.topics = true
	fetch.max.bytes = 52428800
	fetch.max.wait.ms = 500
	fetch.min.bytes = 1
	group.id = Consumer-s981cf01bx90f8x4ef7xa2d1xb761d573a3f8
	group.instance.id = null
	group.protocol = classic
	group.remote.assignor = null
	heartbeat.interval.ms = 3000
	interceptor.classes = []
	internal.leave.group.on.close = true
	internal.throw.on.fetch.stable.offset.unsupported = false
	isolation.level = read_uncommitted
	key.deserializer = class org.apache.kafka.common.serialization.StringDeserializer
	max.partition.fetch.bytes = 1048576
	max.poll.interval.ms = 300000
	max.poll.records = 500
	metadata.max.age.ms = 300000
	metadata.recovery.strategy = none
	metric.reporters = []
	metrics.num.samples = 2
	metrics.recording.level = INFO
	metrics.sample.window.ms = 30000
	partition.assignment.strategy = [class org.apache.kafka.clients.consumer.RangeAssignor, class org.apache.kafka.clients.consumer.CooperativeStickyAssignor]
	receive.buffer.bytes = 65536
	reconnect.backoff.max.ms = 1000
	reconnect.backoff.ms = 50
	request.timeout.ms = 5000
	retry.backoff.max.ms = 1000
	retry.backoff.ms = 100
	sasl.client.callback.handler.class = null
	sasl.jaas.config = null
	sasl.kerberos.kinit.cmd = /usr/bin/kinit
	sasl.kerberos.min.time.before.relogin = 60000
	sasl.kerberos.service.name = null
	sasl.kerberos.ticket.renew.jitter = 0.05
	sasl.kerberos.ticket.renew.window.factor = 0.8
	sasl.login.callback.handler.class = null
	sasl.login.class = null
	sasl.login.connect.timeout.ms = null
	sasl.login.read.timeout.ms = null
	sasl.login.refresh.buffer.seconds = 300
	sasl.login.refresh.min.period.seconds = 60
	sasl.login.refresh.window.factor = 0.8
	sasl.login.refresh.window.jitter = 0.05
	sasl.login.retry.backoff.max.ms = 10000
	sasl.login.retry.backoff.ms = 100
	sasl.mechanism = GSSAPI
	sasl.oauthbearer.clock.skew.seconds = 30
	sasl.oauthbearer.expected.audience = null
	sasl.oauthbearer.expected.issuer = null
	sasl.oauthbearer.header.urlencode = false
	sasl.oauthbearer.jwks.endpoint.refresh.ms = 3600000
	sasl.oauthbearer.jwks.endpoint.retry.backoff.max.ms = 10000
	sasl.oauthbearer.jwks.endpoint.retry.backoff.ms = 100
	sasl.oauthbearer.jwks.endpoint.url = null
	sasl.oauthbearer.scope.claim.name = scope
	sasl.oauthbearer.sub.claim.name = sub
	sasl.oauthbearer.token.endpoint.url = null
	security.protocol = PLAINTEXT
	security.providers = null
	send.buffer.bytes = 131072
	session.timeout.ms = 45000
	socket.connection.setup.timeout.max.ms = 30000
	socket.connection.setup.timeout.ms = 10000
	ssl.cipher.suites = null
	ssl.enabled.protocols = [TLSv1.2, TLSv1.3]
	ssl.endpoint.identification.algorithm = https
	ssl.engine.factory.class = null
	ssl.key.password = null
	ssl.keymanager.algorithm = SunX509
	ssl.keystore.certificate.chain = null
	ssl.keystore.key = null
	ssl.keystore.location = null
	ssl.keystore.password = null
	ssl.keystore.type = JKS
	ssl.protocol = TLSv1.3
	ssl.provider = null
	ssl.secure.random.implementation = null
	ssl.trustmanager.algorithm = PKIX
	ssl.truststore.certificates = null
	ssl.truststore.location = null
	ssl.truststore.password = null
	ssl.truststore.type = JKS
	value.deserializer = class io.apicurio.registry.serde.protobuf.ProtobufKafkaDeserializer

2025-08-05 18:24:18,318 INFO  [org.apa.kaf.com.tel.int.KafkaMetricsCollector] (main) initializing Kafka metrics collector
2025-08-05 18:24:18,326 INFO  [org.apa.kaf.cli.con.ConsumerConfig] (main) These configurations '[apicurio.registry.url, apicurio.registry.headers.enabled]' were supplied but are not used yet.
2025-08-05 18:24:18,326 INFO  [org.apa.kaf.com.uti.AppInfoParser] (main) Kafka version: 3.9.1
2025-08-05 18:24:18,326 INFO  [org.apa.kaf.com.uti.AppInfoParser] (main) Kafka commitId: f745dfdcee2b9851
2025-08-05 18:24:18,326 INFO  [org.apa.kaf.com.uti.AppInfoParser] (main) Kafka startTimeMs: 1754418258326
2025-08-05 18:24:18,327 INFO  [org.apa.kaf.cli.con.int.ClassicKafkaConsumer] (Thread-784) [Consumer clientId=consumer-Consumer-s981cf01bx90f8x4ef7xa2d1xb761d573a3f8-25, groupId=Consumer-s981cf01bx90f8x4ef7xa2d1xb761d573a3f8] Subscribed to topic(s): s981cf01bx90f8x4ef7xa2d1xb761d573a3f8
2025-08-05 18:24:18,330 INFO  [org.apa.kaf.cli.Metadata] (Thread-784) [Consumer clientId=consumer-Consumer-s981cf01bx90f8x4ef7xa2d1xb761d573a3f8-25, groupId=Consumer-s981cf01bx90f8x4ef7xa2d1xb761d573a3f8] Cluster ID: PopyJKdlRzKjlQHMpYFwRA
2025-08-05 18:24:18,332 INFO  [org.apa.kaf.cli.con.int.ConsumerCoordinator] (Thread-784) [Consumer clientId=consumer-Consumer-s981cf01bx90f8x4ef7xa2d1xb761d573a3f8-25, groupId=Consumer-s981cf01bx90f8x4ef7xa2d1xb761d573a3f8] Discovered group coordinator localhost:32769 (id: 2147483647 rack: null)
2025-08-05 18:24:18,333 INFO  [org.apa.kaf.cli.con.int.ConsumerCoordinator] (Thread-784) [Consumer clientId=consumer-Consumer-s981cf01bx90f8x4ef7xa2d1xb761d573a3f8-25, groupId=Consumer-s981cf01bx90f8x4ef7xa2d1xb761d573a3f8] (Re-)joining group
2025-08-05 18:24:18,335 INFO  [org.apa.kaf.cli.con.int.ConsumerCoordinator] (Thread-784) [Consumer clientId=consumer-Consumer-s981cf01bx90f8x4ef7xa2d1xb761d573a3f8-25, groupId=Consumer-s981cf01bx90f8x4ef7xa2d1xb761d573a3f8] Request joining group due to: need to re-join with the given member-id: consumer-Consumer-s981cf01bx90f8x4ef7xa2d1xb761d573a3f8-25-ef1ee214-7a64-4023-b616-2fc37efe2749
2025-08-05 18:24:18,335 INFO  [org.apa.kaf.cli.con.int.ConsumerCoordinator] (Thread-784) [Consumer clientId=consumer-Consumer-s981cf01bx90f8x4ef7xa2d1xb761d573a3f8-25, groupId=Consumer-s981cf01bx90f8x4ef7xa2d1xb761d573a3f8] (Re-)joining group
2025-08-05 18:24:19,327 INFO  [io.api.tes.ser.api.KafkaSerdesTester] (Thread-784) None found
2025-08-05 18:24:20,327 INFO  [io.api.tes.ser.api.KafkaSerdesTester] (Thread-784) None found
2025-08-05 18:24:21,327 INFO  [io.api.tes.ser.api.KafkaSerdesTester] (Thread-784) None found
2025-08-05 18:24:21,337 INFO  [org.apa.kaf.cli.con.int.ConsumerCoordinator] (Thread-784) [Consumer clientId=consumer-Consumer-s981cf01bx90f8x4ef7xa2d1xb761d573a3f8-25, groupId=Consumer-s981cf01bx90f8x4ef7xa2d1xb761d573a3f8] Successfully joined group with generation Generation{generationId=7, memberId='consumer-Consumer-s981cf01bx90f8x4ef7xa2d1xb761d573a3f8-25-ef1ee214-7a64-4023-b616-2fc37efe2749', protocol='range'}
2025-08-05 18:24:21,337 INFO  [org.apa.kaf.cli.con.int.ConsumerCoordinator] (Thread-784) [Consumer clientId=consumer-Consumer-s981cf01bx90f8x4ef7xa2d1xb761d573a3f8-25, groupId=Consumer-s981cf01bx90f8x4ef7xa2d1xb761d573a3f8] Finished assignment for group at generation 7: {consumer-Consumer-s981cf01bx90f8x4ef7xa2d1xb761d573a3f8-25-ef1ee214-7a64-4023-b616-2fc37efe2749=Assignment(partitions=[s981cf01bx90f8x4ef7xa2d1xb761d573a3f8-0])}
2025-08-05 18:24:21,342 INFO  [org.apa.kaf.cli.con.int.ConsumerCoordinator] (Thread-784) [Consumer clientId=consumer-Consumer-s981cf01bx90f8x4ef7xa2d1xb761d573a3f8-25, groupId=Consumer-s981cf01bx90f8x4ef7xa2d1xb761d573a3f8] Successfully synced group in generation Generation{generationId=7, memberId='consumer-Consumer-s981cf01bx90f8x4ef7xa2d1xb761d573a3f8-25-ef1ee214-7a64-4023-b616-2fc37efe2749', protocol='range'}
2025-08-05 18:24:21,343 INFO  [org.apa.kaf.cli.con.int.ConsumerCoordinator] (Thread-784) [Consumer clientId=consumer-Consumer-s981cf01bx90f8x4ef7xa2d1xb761d573a3f8-25, groupId=Consumer-s981cf01bx90f8x4ef7xa2d1xb761d573a3f8] Notifying assignor about the new Assignment(partitions=[s981cf01bx90f8x4ef7xa2d1xb761d573a3f8-0])
2025-08-05 18:24:21,343 INFO  [org.apa.kaf.cli.con.int.ConsumerRebalanceListenerInvoker] (Thread-784) [Consumer clientId=consumer-Consumer-s981cf01bx90f8x4ef7xa2d1xb761d573a3f8-25, groupId=Consumer-s981cf01bx90f8x4ef7xa2d1xb761d573a3f8] Adding newly assigned partitions: s981cf01bx90f8x4ef7xa2d1xb761d573a3f8-0
2025-08-05 18:24:21,343 INFO  [org.apa.kaf.cli.con.int.ConsumerUtils] (Thread-784) Setting offset for partition s981cf01bx90f8x4ef7xa2d1xb761d573a3f8-0 to the committed offset FetchPosition{offset=30, offsetEpoch=Optional[0], currentLeader=LeaderAndEpoch{leader=Optional[localhost:32769 (id: 0 rack: null)], epoch=0}}
2025-08-05 18:24:21,573 INFO  [io.api.tes.ser.api.KafkaSerdesTester] (Thread-784) s981cf01bx90f8x4ef7xa2d1xb761d573a3f8 0 30 msb: 1754418257996
lsb: 321

2025-08-05 18:24:21,573 INFO  [io.api.tes.ser.api.KafkaSerdesTester] (Thread-784) s981cf01bx90f8x4ef7xa2d1xb761d573a3f8 0 31 msb: 1754418258295
lsb: 321

2025-08-05 18:24:21,573 INFO  [io.api.tes.ser.api.KafkaSerdesTester] (Thread-784) s981cf01bx90f8x4ef7xa2d1xb761d573a3f8 0 32 msb: 1754418258297
lsb: 321

2025-08-05 18:24:21,573 INFO  [io.api.tes.ser.api.KafkaSerdesTester] (Thread-784) s981cf01bx90f8x4ef7xa2d1xb761d573a3f8 0 33 msb: 1754418258298
lsb: 321

2025-08-05 18:24:21,573 INFO  [io.api.tes.ser.api.KafkaSerdesTester] (Thread-784) s981cf01bx90f8x4ef7xa2d1xb761d573a3f8 0 34 msb: 1754418258299
lsb: 321

2025-08-05 18:24:21,573 INFO  [io.api.tes.ser.api.KafkaSerdesTester] (Thread-784) s981cf01bx90f8x4ef7xa2d1xb761d573a3f8 0 35 msb: 1754418258300
lsb: 321

2025-08-05 18:24:21,573 INFO  [io.api.tes.ser.api.KafkaSerdesTester] (Thread-784) s981cf01bx90f8x4ef7xa2d1xb761d573a3f8 0 36 msb: 1754418258303
lsb: 321

2025-08-05 18:24:21,573 INFO  [io.api.tes.ser.api.KafkaSerdesTester] (Thread-784) s981cf01bx90f8x4ef7xa2d1xb761d573a3f8 0 37 msb: 1754418258306
lsb: 321

2025-08-05 18:24:21,573 INFO  [io.api.tes.ser.api.KafkaSerdesTester] (Thread-784) s981cf01bx90f8x4ef7xa2d1xb761d573a3f8 0 38 msb: 1754418258308
lsb: 321

2025-08-05 18:24:21,573 INFO  [io.api.tes.ser.api.KafkaSerdesTester] (Thread-784) s981cf01bx90f8x4ef7xa2d1xb761d573a3f8 0 39 msb: 1754418258312
lsb: 321

2025-08-05 18:24:21,573 INFO  [io.api.tes.ser.api.KafkaSerdesTester] (Thread-784) Consumed 10 messages
2025-08-05 18:24:21,581 INFO  [org.apa.kaf.cli.con.int.ConsumerRebalanceListenerInvoker] (Thread-784) [Consumer clientId=consumer-Consumer-s981cf01bx90f8x4ef7xa2d1xb761d573a3f8-25, groupId=Consumer-s981cf01bx90f8x4ef7xa2d1xb761d573a3f8] Revoke previously assigned partitions s981cf01bx90f8x4ef7xa2d1xb761d573a3f8-0
2025-08-05 18:24:21,581 INFO  [org.apa.kaf.cli.con.int.ConsumerCoordinator] (Thread-784) [Consumer clientId=consumer-Consumer-s981cf01bx90f8x4ef7xa2d1xb761d573a3f8-25, groupId=Consumer-s981cf01bx90f8x4ef7xa2d1xb761d573a3f8] Member consumer-Consumer-s981cf01bx90f8x4ef7xa2d1xb761d573a3f8-25-ef1ee214-7a64-4023-b616-2fc37efe2749 sending LeaveGroup request to coordinator localhost:32769 (id: 2147483647 rack: null) due to the consumer is being closed
2025-08-05 18:24:21,581 INFO  [org.apa.kaf.cli.con.int.ConsumerCoordinator] (Thread-784) [Consumer clientId=consumer-Consumer-s981cf01bx90f8x4ef7xa2d1xb761d573a3f8-25, groupId=Consumer-s981cf01bx90f8x4ef7xa2d1xb761d573a3f8] Resetting generation and member id due to: consumer pro-actively leaving the group
2025-08-05 18:24:21,581 INFO  [org.apa.kaf.cli.con.int.ConsumerCoordinator] (Thread-784) [Consumer clientId=consumer-Consumer-s981cf01bx90f8x4ef7xa2d1xb761d573a3f8-25, groupId=Consumer-s981cf01bx90f8x4ef7xa2d1xb761d573a3f8] Request joining group due to: consumer pro-actively leaving the group
2025-08-05 18:24:22,076 INFO  [org.apa.kaf.com.met.Metrics] (Thread-784) Metrics scheduler closed
2025-08-05 18:24:22,076 INFO  [org.apa.kaf.com.met.Metrics] (Thread-784) Closing reporter org.apache.kafka.common.metrics.JmxReporter
2025-08-05 18:24:22,076 INFO  [org.apa.kaf.com.met.Metrics] (Thread-784) Closing reporter org.apache.kafka.common.telemetry.internals.ClientTelemetryReporter
2025-08-05 18:24:22,076 INFO  [org.apa.kaf.com.met.Metrics] (Thread-784) Metrics reporters closed
2025-08-05 18:24:22,077 INFO  [org.apa.kaf.com.uti.AppInfoParser] (Thread-784) App info kafka.consumer for consumer-Consumer-s981cf01bx90f8x4ef7xa2d1xb761d573a3f8-25 unregistered
**** Registry Base URL: http://registry-app-inmemory.apps.ci419.apicurio-testing.org:80
2025-08-05 18:24:22,079 INFO  [org.apa.kaf.cli.pro.ProducerConfig] (main) ProducerConfig values: 
	acks = -1
	auto.include.jmx.reporter = true
	batch.size = 16384
	bootstrap.servers = [PLAINTEXT://localhost:32769]
	buffer.memory = 33554432
	client.dns.lookup = use_all_dns_ips
	client.id = Producer-s981cf01bx90f8x4ef7xa2d1xb761d573a3f8
	compression.gzip.level = -1
	compression.lz4.level = 9
	compression.type = none
	compression.zstd.level = 3
	connections.max.idle.ms = 10000
	delivery.timeout.ms = 120000
	enable.idempotence = true
	enable.metrics.push = true
	interceptor.classes = []
	key.serializer = class org.apache.kafka.common.serialization.StringSerializer
	linger.ms = 0
	max.block.ms = 60000
	max.in.flight.requests.per.connection = 5
	max.request.size = 1048576
	metadata.max.age.ms = 300000
	metadata.max.idle.ms = 300000
	metadata.recovery.strategy = none
	metric.reporters = []
	metrics.num.samples = 2
	metrics.recording.level = INFO
	metrics.sample.window.ms = 30000
	partitioner.adaptive.partitioning.enable = true
	partitioner.availability.timeout.ms = 0
	partitioner.class = null
	partitioner.ignore.keys = false
	receive.buffer.bytes = 32768
	reconnect.backoff.max.ms = 1000
	reconnect.backoff.ms = 50
	request.timeout.ms = 5000
	retries = 2147483647
	retry.backoff.max.ms = 1000
	retry.backoff.ms = 100
	sasl.client.callback.handler.class = null
	sasl.jaas.config = null
	sasl.kerberos.kinit.cmd = /usr/bin/kinit
	sasl.kerberos.min.time.before.relogin = 60000
	sasl.kerberos.service.name = null
	sasl.kerberos.ticket.renew.jitter = 0.05
	sasl.kerberos.ticket.renew.window.factor = 0.8
	sasl.login.callback.handler.class = null
	sasl.login.class = null
	sasl.login.connect.timeout.ms = null
	sasl.login.read.timeout.ms = null
	sasl.login.refresh.buffer.seconds = 300
	sasl.login.refresh.min.period.seconds = 60
	sasl.login.refresh.window.factor = 0.8
	sasl.login.refresh.window.jitter = 0.05
	sasl.login.retry.backoff.max.ms = 10000
	sasl.login.retry.backoff.ms = 100
	sasl.mechanism = GSSAPI
	sasl.oauthbearer.clock.skew.seconds = 30
	sasl.oauthbearer.expected.audience = null
	sasl.oauthbearer.expected.issuer = null
	sasl.oauthbearer.header.urlencode = false
	sasl.oauthbearer.jwks.endpoint.refresh.ms = 3600000
	sasl.oauthbearer.jwks.endpoint.retry.backoff.max.ms = 10000
	sasl.oauthbearer.jwks.endpoint.retry.backoff.ms = 100
	sasl.oauthbearer.jwks.endpoint.url = null
	sasl.oauthbearer.scope.claim.name = scope
	sasl.oauthbearer.sub.claim.name = sub
	sasl.oauthbearer.token.endpoint.url = null
	security.protocol = PLAINTEXT
	security.providers = null
	send.buffer.bytes = 131072
	socket.connection.setup.timeout.max.ms = 30000
	socket.connection.setup.timeout.ms = 10000
	ssl.cipher.suites = null
	ssl.enabled.protocols = [TLSv1.2, TLSv1.3]
	ssl.endpoint.identification.algorithm = https
	ssl.engine.factory.class = null
	ssl.key.password = null
	ssl.keymanager.algorithm = SunX509
	ssl.keystore.certificate.chain = null
	ssl.keystore.key = null
	ssl.keystore.location = null
	ssl.keystore.password = null
	ssl.keystore.type = JKS
	ssl.protocol = TLSv1.3
	ssl.provider = null
	ssl.secure.random.implementation = null
	ssl.trustmanager.algorithm = PKIX
	ssl.truststore.certificates = null
	ssl.truststore.location = null
	ssl.truststore.password = null
	ssl.truststore.type = JKS
	transaction.timeout.ms = 60000
	transactional.id = null
	value.serializer = class io.apicurio.registry.serde.protobuf.ProtobufKafkaSerializer

2025-08-05 18:24:22,080 INFO  [org.apa.kaf.com.tel.int.KafkaMetricsCollector] (main) initializing Kafka metrics collector
2025-08-05 18:24:22,084 INFO  [org.apa.kaf.cli.pro.KafkaProducer] (main) [Producer clientId=Producer-s981cf01bx90f8x4ef7xa2d1xb761d573a3f8] Instantiated an idempotent producer.
2025-08-05 18:24:22,086 INFO  [org.apa.kaf.cli.pro.ProducerConfig] (main) These configurations '[apicurio.registry.url, apicurio.registry.headers.enabled, apicurio.registry.artifact-resolver-strategy, apicurio.registry.artifact.version]' were supplied but are not used yet.
2025-08-05 18:24:22,086 INFO  [org.apa.kaf.com.uti.AppInfoParser] (main) Kafka version: 3.9.1
2025-08-05 18:24:22,086 INFO  [org.apa.kaf.com.uti.AppInfoParser] (main) Kafka commitId: f745dfdcee2b9851
2025-08-05 18:24:22,086 INFO  [org.apa.kaf.com.uti.AppInfoParser] (main) Kafka startTimeMs: 1754418262086
2025-08-05 18:24:22,086 INFO  [io.api.tes.ser.api.SimpleSerdesTesterBuilder$SimpleSerdesTester] (main) Using producer configuration: {apicurio.registry.url=http://registry-app-inmemory.apps.ci419.apicurio-testing.org:80/apis/registry/v3, apicurio.registry.headers.enabled=true, apicurio.registry.artifact-resolver-strategy=io.apicurio.registry.serde.strategy.TopicIdStrategy, value.serializer=io.apicurio.registry.serde.protobuf.ProtobufKafkaSerializer, request.timeout.ms=5000, acks=all, bootstrap.servers=PLAINTEXT://localhost:32769, connections.max.idle.ms=10000, apicurio.registry.artifact.version=2, key.serializer=org.apache.kafka.common.serialization.StringSerializer, client.id=Producer-s981cf01bx90f8x4ef7xa2d1xb761d573a3f8}
2025-08-05 18:24:22,086 INFO  [io.api.tes.ser.api.SimpleSerdesTesterBuilder$SimpleSerdesTester] (main) Using consumer configuration: {apicurio.registry.headers.enabled=true}
2025-08-05 18:24:22,087 INFO  [io.api.tes.ser.api.KafkaSerdesTester] (Thread-787) Sending message msb: 1754418262087
lsb: 321
 to topic s981cf01bx90f8x4ef7xa2d1xb761d573a3f8
2025-08-05 18:24:22,091 INFO  [org.apa.kaf.cli.Metadata] (kafka-producer-network-thread | Producer-s981cf01bx90f8x4ef7xa2d1xb761d573a3f8) [Producer clientId=Producer-s981cf01bx90f8x4ef7xa2d1xb761d573a3f8] Cluster ID: PopyJKdlRzKjlQHMpYFwRA
2025-08-05 18:24:22,091 INFO  [org.apa.kaf.cli.pro.int.TransactionManager] (kafka-producer-network-thread | Producer-s981cf01bx90f8x4ef7xa2d1xb761d573a3f8) [Producer clientId=Producer-s981cf01bx90f8x4ef7xa2d1xb761d573a3f8] ProducerId set to 34 with epoch 0
2025-08-05 18:24:22,394 INFO  [io.api.tes.ser.api.KafkaSerdesTester] (Thread-787) Sending message msb: 1754418262393
lsb: 321
 to topic s981cf01bx90f8x4ef7xa2d1xb761d573a3f8
2025-08-05 18:24:22,395 INFO  [io.api.tes.ser.api.KafkaSerdesTester] (Thread-787) Sending message msb: 1754418262395
lsb: 321
 to topic s981cf01bx90f8x4ef7xa2d1xb761d573a3f8
2025-08-05 18:24:22,396 INFO  [io.api.tes.ser.api.KafkaSerdesTester] (Thread-787) Sending message msb: 1754418262396
lsb: 321
 to topic s981cf01bx90f8x4ef7xa2d1xb761d573a3f8
2025-08-05 18:24:22,398 INFO  [io.api.tes.ser.api.KafkaSerdesTester] (Thread-787) Sending message msb: 1754418262398
lsb: 321
 to topic s981cf01bx90f8x4ef7xa2d1xb761d573a3f8
2025-08-05 18:24:22,403 INFO  [io.api.tes.ser.api.KafkaSerdesTester] (Thread-787) Sending message msb: 1754418262403
lsb: 321
 to topic s981cf01bx90f8x4ef7xa2d1xb761d573a3f8
2025-08-05 18:24:22,404 INFO  [io.api.tes.ser.api.KafkaSerdesTester] (Thread-787) Sending message msb: 1754418262404
lsb: 321
 to topic s981cf01bx90f8x4ef7xa2d1xb761d573a3f8
2025-08-05 18:24:22,405 INFO  [io.api.tes.ser.api.KafkaSerdesTester] (Thread-787) Sending message msb: 1754418262405
lsb: 321
 to topic s981cf01bx90f8x4ef7xa2d1xb761d573a3f8
2025-08-05 18:24:22,406 INFO  [io.api.tes.ser.api.KafkaSerdesTester] (Thread-787) Sending message msb: 1754418262406
lsb: 321
 to topic s981cf01bx90f8x4ef7xa2d1xb761d573a3f8
2025-08-05 18:24:22,408 INFO  [io.api.tes.ser.api.KafkaSerdesTester] (Thread-787) Sending message msb: 1754418262408
lsb: 321
 to topic s981cf01bx90f8x4ef7xa2d1xb761d573a3f8
2025-08-05 18:24:22,410 INFO  [io.api.tes.ser.api.KafkaSerdesTester] (Thread-787) Produced 10 messages
2025-08-05 18:24:22,410 INFO  [org.apa.kaf.cli.pro.KafkaProducer] (Thread-787) [Producer clientId=Producer-s981cf01bx90f8x4ef7xa2d1xb761d573a3f8] Closing the Kafka producer with timeoutMillis = 9223372036854775807 ms.
2025-08-05 18:24:22,413 INFO  [org.apa.kaf.com.met.Metrics] (Thread-787) Metrics scheduler closed
2025-08-05 18:24:22,413 INFO  [org.apa.kaf.com.met.Metrics] (Thread-787) Closing reporter org.apache.kafka.common.metrics.JmxReporter
2025-08-05 18:24:22,413 INFO  [org.apa.kaf.com.met.Metrics] (Thread-787) Closing reporter org.apache.kafka.common.telemetry.internals.ClientTelemetryReporter
2025-08-05 18:24:22,413 INFO  [org.apa.kaf.com.met.Metrics] (Thread-787) Metrics reporters closed
2025-08-05 18:24:22,413 INFO  [org.apa.kaf.com.uti.AppInfoParser] (Thread-787) App info kafka.producer for Producer-s981cf01bx90f8x4ef7xa2d1xb761d573a3f8 unregistered
**** Registry Base URL: http://registry-app-inmemory.apps.ci419.apicurio-testing.org:80
2025-08-05 18:24:22,413 INFO  [org.apa.kaf.cli.con.ConsumerConfig] (main) ConsumerConfig values: 
	allow.auto.create.topics = true
	auto.commit.interval.ms = 500
	auto.include.jmx.reporter = true
	auto.offset.reset = earliest
	bootstrap.servers = [PLAINTEXT://localhost:32769]
	check.crcs = true
	client.dns.lookup = use_all_dns_ips
	client.id = consumer-Consumer-s981cf01bx90f8x4ef7xa2d1xb761d573a3f8-26
	client.rack = 
	connections.max.idle.ms = 10000
	default.api.timeout.ms = 60000
	enable.auto.commit = true
	enable.metrics.push = true
	exclude.internal.topics = true
	fetch.max.bytes = 52428800
	fetch.max.wait.ms = 500
	fetch.min.bytes = 1
	group.id = Consumer-s981cf01bx90f8x4ef7xa2d1xb761d573a3f8
	group.instance.id = null
	group.protocol = classic
	group.remote.assignor = null
	heartbeat.interval.ms = 3000
	interceptor.classes = []
	internal.leave.group.on.close = true
	internal.throw.on.fetch.stable.offset.unsupported = false
	isolation.level = read_uncommitted
	key.deserializer = class org.apache.kafka.common.serialization.StringDeserializer
	max.partition.fetch.bytes = 1048576
	max.poll.interval.ms = 300000
	max.poll.records = 500
	metadata.max.age.ms = 300000
	metadata.recovery.strategy = none
	metric.reporters = []
	metrics.num.samples = 2
	metrics.recording.level = INFO
	metrics.sample.window.ms = 30000
	partition.assignment.strategy = [class org.apache.kafka.clients.consumer.RangeAssignor, class org.apache.kafka.clients.consumer.CooperativeStickyAssignor]
	receive.buffer.bytes = 65536
	reconnect.backoff.max.ms = 1000
	reconnect.backoff.ms = 50
	request.timeout.ms = 5000
	retry.backoff.max.ms = 1000
	retry.backoff.ms = 100
	sasl.client.callback.handler.class = null
	sasl.jaas.config = null
	sasl.kerberos.kinit.cmd = /usr/bin/kinit
	sasl.kerberos.min.time.before.relogin = 60000
	sasl.kerberos.service.name = null
	sasl.kerberos.ticket.renew.jitter = 0.05
	sasl.kerberos.ticket.renew.window.factor = 0.8
	sasl.login.callback.handler.class = null
	sasl.login.class = null
	sasl.login.connect.timeout.ms = null
	sasl.login.read.timeout.ms = null
	sasl.login.refresh.buffer.seconds = 300
	sasl.login.refresh.min.period.seconds = 60
	sasl.login.refresh.window.factor = 0.8
	sasl.login.refresh.window.jitter = 0.05
	sasl.login.retry.backoff.max.ms = 10000
	sasl.login.retry.backoff.ms = 100
	sasl.mechanism = GSSAPI
	sasl.oauthbearer.clock.skew.seconds = 30
	sasl.oauthbearer.expected.audience = null
	sasl.oauthbearer.expected.issuer = null
	sasl.oauthbearer.header.urlencode = false
	sasl.oauthbearer.jwks.endpoint.refresh.ms = 3600000
	sasl.oauthbearer.jwks.endpoint.retry.backoff.max.ms = 10000
	sasl.oauthbearer.jwks.endpoint.retry.backoff.ms = 100
	sasl.oauthbearer.jwks.endpoint.url = null
	sasl.oauthbearer.scope.claim.name = scope
	sasl.oauthbearer.sub.claim.name = sub
	sasl.oauthbearer.token.endpoint.url = null
	security.protocol = PLAINTEXT
	security.providers = null
	send.buffer.bytes = 131072
	session.timeout.ms = 45000
	socket.connection.setup.timeout.max.ms = 30000
	socket.connection.setup.timeout.ms = 10000
	ssl.cipher.suites = null
	ssl.enabled.protocols = [TLSv1.2, TLSv1.3]
	ssl.endpoint.identification.algorithm = https
	ssl.engine.factory.class = null
	ssl.key.password = null
	ssl.keymanager.algorithm = SunX509
	ssl.keystore.certificate.chain = null
	ssl.keystore.key = null
	ssl.keystore.location = null
	ssl.keystore.password = null
	ssl.keystore.type = JKS
	ssl.protocol = TLSv1.3
	ssl.provider = null
	ssl.secure.random.implementation = null
	ssl.trustmanager.algorithm = PKIX
	ssl.truststore.certificates = null
	ssl.truststore.location = null
	ssl.truststore.password = null
	ssl.truststore.type = JKS
	value.deserializer = class io.apicurio.registry.serde.protobuf.ProtobufKafkaDeserializer

2025-08-05 18:24:22,414 INFO  [org.apa.kaf.com.tel.int.KafkaMetricsCollector] (main) initializing Kafka metrics collector
2025-08-05 18:24:22,422 INFO  [org.apa.kaf.cli.con.ConsumerConfig] (main) These configurations '[apicurio.registry.url, apicurio.registry.headers.enabled]' were supplied but are not used yet.
2025-08-05 18:24:22,422 INFO  [org.apa.kaf.com.uti.AppInfoParser] (main) Kafka version: 3.9.1
2025-08-05 18:24:22,422 INFO  [org.apa.kaf.com.uti.AppInfoParser] (main) Kafka commitId: f745dfdcee2b9851
2025-08-05 18:24:22,422 INFO  [org.apa.kaf.com.uti.AppInfoParser] (main) Kafka startTimeMs: 1754418262422
2025-08-05 18:24:22,422 INFO  [org.apa.kaf.cli.con.int.ClassicKafkaConsumer] (Thread-790) [Consumer clientId=consumer-Consumer-s981cf01bx90f8x4ef7xa2d1xb761d573a3f8-26, groupId=Consumer-s981cf01bx90f8x4ef7xa2d1xb761d573a3f8] Subscribed to topic(s): s981cf01bx90f8x4ef7xa2d1xb761d573a3f8
2025-08-05 18:24:22,428 INFO  [org.apa.kaf.cli.Metadata] (Thread-790) [Consumer clientId=consumer-Consumer-s981cf01bx90f8x4ef7xa2d1xb761d573a3f8-26, groupId=Consumer-s981cf01bx90f8x4ef7xa2d1xb761d573a3f8] Cluster ID: PopyJKdlRzKjlQHMpYFwRA
2025-08-05 18:24:22,429 INFO  [org.apa.kaf.cli.con.int.ConsumerCoordinator] (Thread-790) [Consumer clientId=consumer-Consumer-s981cf01bx90f8x4ef7xa2d1xb761d573a3f8-26, groupId=Consumer-s981cf01bx90f8x4ef7xa2d1xb761d573a3f8] Discovered group coordinator localhost:32769 (id: 2147483647 rack: null)
2025-08-05 18:24:22,432 INFO  [org.apa.kaf.cli.con.int.ConsumerCoordinator] (Thread-790) [Consumer clientId=consumer-Consumer-s981cf01bx90f8x4ef7xa2d1xb761d573a3f8-26, groupId=Consumer-s981cf01bx90f8x4ef7xa2d1xb761d573a3f8] (Re-)joining group
2025-08-05 18:24:22,433 INFO  [org.apa.kaf.cli.con.int.ConsumerCoordinator] (Thread-790) [Consumer clientId=consumer-Consumer-s981cf01bx90f8x4ef7xa2d1xb761d573a3f8-26, groupId=Consumer-s981cf01bx90f8x4ef7xa2d1xb761d573a3f8] Request joining group due to: need to re-join with the given member-id: consumer-Consumer-s981cf01bx90f8x4ef7xa2d1xb761d573a3f8-26-da6fec54-705b-4c4c-851e-34049c230d56
2025-08-05 18:24:22,434 INFO  [org.apa.kaf.cli.con.int.ConsumerCoordinator] (Thread-790) [Consumer clientId=consumer-Consumer-s981cf01bx90f8x4ef7xa2d1xb761d573a3f8-26, groupId=Consumer-s981cf01bx90f8x4ef7xa2d1xb761d573a3f8] (Re-)joining group
2025-08-05 18:24:23,422 INFO  [io.api.tes.ser.api.KafkaSerdesTester] (Thread-790) None found
2025-08-05 18:24:24,422 INFO  [io.api.tes.ser.api.KafkaSerdesTester] (Thread-790) None found
2025-08-05 18:24:25,423 INFO  [io.api.tes.ser.api.KafkaSerdesTester] (Thread-790) None found
2025-08-05 18:24:25,436 INFO  [org.apa.kaf.cli.con.int.ConsumerCoordinator] (Thread-790) [Consumer clientId=consumer-Consumer-s981cf01bx90f8x4ef7xa2d1xb761d573a3f8-26, groupId=Consumer-s981cf01bx90f8x4ef7xa2d1xb761d573a3f8] Successfully joined group with generation Generation{generationId=9, memberId='consumer-Consumer-s981cf01bx90f8x4ef7xa2d1xb761d573a3f8-26-da6fec54-705b-4c4c-851e-34049c230d56', protocol='range'}
2025-08-05 18:24:25,436 INFO  [org.apa.kaf.cli.con.int.ConsumerCoordinator] (Thread-790) [Consumer clientId=consumer-Consumer-s981cf01bx90f8x4ef7xa2d1xb761d573a3f8-26, groupId=Consumer-s981cf01bx90f8x4ef7xa2d1xb761d573a3f8] Finished assignment for group at generation 9: {consumer-Consumer-s981cf01bx90f8x4ef7xa2d1xb761d573a3f8-26-da6fec54-705b-4c4c-851e-34049c230d56=Assignment(partitions=[s981cf01bx90f8x4ef7xa2d1xb761d573a3f8-0])}
2025-08-05 18:24:25,443 INFO  [org.apa.kaf.cli.con.int.ConsumerCoordinator] (Thread-790) [Consumer clientId=consumer-Consumer-s981cf01bx90f8x4ef7xa2d1xb761d573a3f8-26, groupId=Consumer-s981cf01bx90f8x4ef7xa2d1xb761d573a3f8] Successfully synced group in generation Generation{generationId=9, memberId='consumer-Consumer-s981cf01bx90f8x4ef7xa2d1xb761d573a3f8-26-da6fec54-705b-4c4c-851e-34049c230d56', protocol='range'}
2025-08-05 18:24:25,444 INFO  [org.apa.kaf.cli.con.int.ConsumerCoordinator] (Thread-790) [Consumer clientId=consumer-Consumer-s981cf01bx90f8x4ef7xa2d1xb761d573a3f8-26, groupId=Consumer-s981cf01bx90f8x4ef7xa2d1xb761d573a3f8] Notifying assignor about the new Assignment(partitions=[s981cf01bx90f8x4ef7xa2d1xb761d573a3f8-0])
2025-08-05 18:24:25,444 INFO  [org.apa.kaf.cli.con.int.ConsumerRebalanceListenerInvoker] (Thread-790) [Consumer clientId=consumer-Consumer-s981cf01bx90f8x4ef7xa2d1xb761d573a3f8-26, groupId=Consumer-s981cf01bx90f8x4ef7xa2d1xb761d573a3f8] Adding newly assigned partitions: s981cf01bx90f8x4ef7xa2d1xb761d573a3f8-0
2025-08-05 18:24:25,445 INFO  [org.apa.kaf.cli.con.int.ConsumerUtils] (Thread-790) Setting offset for partition s981cf01bx90f8x4ef7xa2d1xb761d573a3f8-0 to the committed offset FetchPosition{offset=40, offsetEpoch=Optional[0], currentLeader=LeaderAndEpoch{leader=Optional[localhost:32769 (id: 0 rack: null)], epoch=0}}
2025-08-05 18:24:25,673 INFO  [io.api.tes.ser.api.KafkaSerdesTester] (Thread-790) s981cf01bx90f8x4ef7xa2d1xb761d573a3f8 0 40 msb: 1754418262087
lsb: 321

2025-08-05 18:24:25,673 INFO  [io.api.tes.ser.api.KafkaSerdesTester] (Thread-790) s981cf01bx90f8x4ef7xa2d1xb761d573a3f8 0 41 msb: 1754418262393
lsb: 321

2025-08-05 18:24:25,673 INFO  [io.api.tes.ser.api.KafkaSerdesTester] (Thread-790) s981cf01bx90f8x4ef7xa2d1xb761d573a3f8 0 42 msb: 1754418262395
lsb: 321

2025-08-05 18:24:25,673 INFO  [io.api.tes.ser.api.KafkaSerdesTester] (Thread-790) s981cf01bx90f8x4ef7xa2d1xb761d573a3f8 0 43 msb: 1754418262396
lsb: 321

2025-08-05 18:24:25,673 INFO  [io.api.tes.ser.api.KafkaSerdesTester] (Thread-790) s981cf01bx90f8x4ef7xa2d1xb761d573a3f8 0 44 msb: 1754418262398
lsb: 321

2025-08-05 18:24:25,673 INFO  [io.api.tes.ser.api.KafkaSerdesTester] (Thread-790) s981cf01bx90f8x4ef7xa2d1xb761d573a3f8 0 45 msb: 1754418262403
lsb: 321

2025-08-05 18:24:25,673 INFO  [io.api.tes.ser.api.KafkaSerdesTester] (Thread-790) s981cf01bx90f8x4ef7xa2d1xb761d573a3f8 0 46 msb: 1754418262404
lsb: 321

2025-08-05 18:24:25,673 INFO  [io.api.tes.ser.api.KafkaSerdesTester] (Thread-790) s981cf01bx90f8x4ef7xa2d1xb761d573a3f8 0 47 msb: 1754418262405
lsb: 321

2025-08-05 18:24:25,673 INFO  [io.api.tes.ser.api.KafkaSerdesTester] (Thread-790) s981cf01bx90f8x4ef7xa2d1xb761d573a3f8 0 48 msb: 1754418262406
lsb: 321

2025-08-05 18:24:25,673 INFO  [io.api.tes.ser.api.KafkaSerdesTester] (Thread-790) s981cf01bx90f8x4ef7xa2d1xb761d573a3f8 0 49 msb: 1754418262408
lsb: 321

2025-08-05 18:24:25,673 INFO  [io.api.tes.ser.api.KafkaSerdesTester] (Thread-790) Consumed 10 messages
2025-08-05 18:24:25,683 INFO  [org.apa.kaf.cli.con.int.ConsumerRebalanceListenerInvoker] (Thread-790) [Consumer clientId=consumer-Consumer-s981cf01bx90f8x4ef7xa2d1xb761d573a3f8-26, groupId=Consumer-s981cf01bx90f8x4ef7xa2d1xb761d573a3f8] Revoke previously assigned partitions s981cf01bx90f8x4ef7xa2d1xb761d573a3f8-0
2025-08-05 18:24:25,683 INFO  [org.apa.kaf.cli.con.int.ConsumerCoordinator] (Thread-790) [Consumer clientId=consumer-Consumer-s981cf01bx90f8x4ef7xa2d1xb761d573a3f8-26, groupId=Consumer-s981cf01bx90f8x4ef7xa2d1xb761d573a3f8] Member consumer-Consumer-s981cf01bx90f8x4ef7xa2d1xb761d573a3f8-26-da6fec54-705b-4c4c-851e-34049c230d56 sending LeaveGroup request to coordinator localhost:32769 (id: 2147483647 rack: null) due to the consumer is being closed
2025-08-05 18:24:25,683 INFO  [org.apa.kaf.cli.con.int.ConsumerCoordinator] (Thread-790) [Consumer clientId=consumer-Consumer-s981cf01bx90f8x4ef7xa2d1xb761d573a3f8-26, groupId=Consumer-s981cf01bx90f8x4ef7xa2d1xb761d573a3f8] Resetting generation and member id due to: consumer pro-actively leaving the group
2025-08-05 18:24:25,683 INFO  [org.apa.kaf.cli.con.int.ConsumerCoordinator] (Thread-790) [Consumer clientId=consumer-Consumer-s981cf01bx90f8x4ef7xa2d1xb761d573a3f8-26, groupId=Consumer-s981cf01bx90f8x4ef7xa2d1xb761d573a3f8] Request joining group due to: consumer pro-actively leaving the group
2025-08-05 18:24:26,176 INFO  [org.apa.kaf.com.met.Metrics] (Thread-790) Metrics scheduler closed
2025-08-05 18:24:26,176 INFO  [org.apa.kaf.com.met.Metrics] (Thread-790) Closing reporter org.apache.kafka.common.metrics.JmxReporter
2025-08-05 18:24:26,176 INFO  [org.apa.kaf.com.met.Metrics] (Thread-790) Closing reporter org.apache.kafka.common.telemetry.internals.ClientTelemetryReporter
2025-08-05 18:24:26,176 INFO  [org.apa.kaf.com.met.Metrics] (Thread-790) Metrics reporters closed
2025-08-05 18:24:26,180 INFO  [org.apa.kaf.com.uti.AppInfoParser] (Thread-790) App info kafka.consumer for consumer-Consumer-s981cf01bx90f8x4ef7xa2d1xb761d573a3f8-26 unregistered
2025-08-05 18:24:26,180 INFO  [io.api.tes.uti.TestSeparator] (main) io.apicurio.tests.serdes.apicurio.ProtobufSerdeIT.testValidation-FINISHED
2025-08-05 18:24:26,180 INFO  [io.api.tes.uti.TestSeparator] (main) ############################################################################
Test passed: testValidation
]]></system-out>
  </testcase>
  <testcase name="testArtifactNotFound" classname="io.apicurio.tests.serdes.apicurio.ProtobufSerdeIT" time="0.007">
    <system-out><![CDATA[2025-08-05 18:24:26,181 INFO  [io.api.tes.uti.TestSeparator] (main) ############################################################################
2025-08-05 18:24:26,181 INFO  [io.api.tes.uti.TestSeparator] (main) io.apicurio.tests.serdes.apicurio.ProtobufSerdeIT.testArtifactNotFound-STARTED
2025-08-05 18:24:26,185 INFO  [io.api.tes.uti.TestSeparator] (main) io.apicurio.tests.serdes.apicurio.ProtobufSerdeIT.testArtifactNotFound-FINISHED
2025-08-05 18:24:26,187 INFO  [io.api.tes.uti.TestSeparator] (main) ############################################################################
Test passed: testArtifactNotFound
]]></system-out>
  </testcase>
  <testcase name="testTopicIdStrategyFindLatest" classname="io.apicurio.tests.serdes.apicurio.ProtobufSerdeIT" time="1.161">
    <system-out><![CDATA[2025-08-05 18:24:26,190 INFO  [io.api.tes.uti.TestSeparator] (main) ############################################################################
2025-08-05 18:24:26,190 INFO  [io.api.tes.uti.TestSeparator] (main) io.apicurio.tests.serdes.apicurio.ProtobufSerdeIT.testTopicIdStrategyFindLatest-STARTED
2025-08-05 18:24:27,349 INFO  [io.api.tes.uti.TestSeparator] (main) io.apicurio.tests.serdes.apicurio.ProtobufSerdeIT.testTopicIdStrategyFindLatest-FINISHED
2025-08-05 18:24:27,349 INFO  [io.api.tes.uti.TestSeparator] (main) ############################################################################
Test passed: testTopicIdStrategyFindLatest
]]></system-out>
  </testcase>
  <testcase name="testWrongSchemaFindLatest" classname="io.apicurio.tests.serdes.apicurio.ProtobufSerdeIT" time="1.156">
    <system-out><![CDATA[2025-08-05 18:24:27,350 INFO  [io.api.tes.uti.TestSeparator] (main) ############################################################################
2025-08-05 18:24:27,350 INFO  [io.api.tes.uti.TestSeparator] (main) io.apicurio.tests.serdes.apicurio.ProtobufSerdeIT.testWrongSchemaFindLatest-STARTED
2025-08-05 18:24:28,504 INFO  [io.api.tes.uti.TestSeparator] (main) io.apicurio.tests.serdes.apicurio.ProtobufSerdeIT.testWrongSchemaFindLatest-FINISHED
2025-08-05 18:24:28,505 INFO  [io.api.tes.uti.TestSeparator] (main) ############################################################################
Test passed: testWrongSchemaFindLatest
]]></system-out>
  </testcase>
  <testcase name="testAutoRegisterDeriveClassProtobufType" classname="io.apicurio.tests.serdes.apicurio.ProtobufSerdeIT" time="5.243">
    <system-out><![CDATA[2025-08-05 18:24:28,506 INFO  [io.api.tes.uti.TestSeparator] (main) ############################################################################
2025-08-05 18:24:28,506 INFO  [io.api.tes.uti.TestSeparator] (main) io.apicurio.tests.serdes.apicurio.ProtobufSerdeIT.testAutoRegisterDeriveClassProtobufType-STARTED
**** Registry Base URL: http://registry-app-inmemory.apps.ci419.apicurio-testing.org:80
2025-08-05 18:24:28,507 INFO  [org.apa.kaf.cli.pro.ProducerConfig] (main) ProducerConfig values: 
	acks = -1
	auto.include.jmx.reporter = true
	batch.size = 16384
	bootstrap.servers = [PLAINTEXT://localhost:32769]
	buffer.memory = 33554432
	client.dns.lookup = use_all_dns_ips
	client.id = Producer-topic-d40d8d46_1ac2_4c0d_a48c_d7757ee47109
	compression.gzip.level = -1
	compression.lz4.level = 9
	compression.type = none
	compression.zstd.level = 3
	connections.max.idle.ms = 10000
	delivery.timeout.ms = 120000
	enable.idempotence = true
	enable.metrics.push = true
	interceptor.classes = []
	key.serializer = class org.apache.kafka.common.serialization.StringSerializer
	linger.ms = 0
	max.block.ms = 60000
	max.in.flight.requests.per.connection = 5
	max.request.size = 1048576
	metadata.max.age.ms = 300000
	metadata.max.idle.ms = 300000
	metadata.recovery.strategy = none
	metric.reporters = []
	metrics.num.samples = 2
	metrics.recording.level = INFO
	metrics.sample.window.ms = 30000
	partitioner.adaptive.partitioning.enable = true
	partitioner.availability.timeout.ms = 0
	partitioner.class = null
	partitioner.ignore.keys = false
	receive.buffer.bytes = 32768
	reconnect.backoff.max.ms = 1000
	reconnect.backoff.ms = 50
	request.timeout.ms = 5000
	retries = 2147483647
	retry.backoff.max.ms = 1000
	retry.backoff.ms = 100
	sasl.client.callback.handler.class = null
	sasl.jaas.config = null
	sasl.kerberos.kinit.cmd = /usr/bin/kinit
	sasl.kerberos.min.time.before.relogin = 60000
	sasl.kerberos.service.name = null
	sasl.kerberos.ticket.renew.jitter = 0.05
	sasl.kerberos.ticket.renew.window.factor = 0.8
	sasl.login.callback.handler.class = null
	sasl.login.class = null
	sasl.login.connect.timeout.ms = null
	sasl.login.read.timeout.ms = null
	sasl.login.refresh.buffer.seconds = 300
	sasl.login.refresh.min.period.seconds = 60
	sasl.login.refresh.window.factor = 0.8
	sasl.login.refresh.window.jitter = 0.05
	sasl.login.retry.backoff.max.ms = 10000
	sasl.login.retry.backoff.ms = 100
	sasl.mechanism = GSSAPI
	sasl.oauthbearer.clock.skew.seconds = 30
	sasl.oauthbearer.expected.audience = null
	sasl.oauthbearer.expected.issuer = null
	sasl.oauthbearer.header.urlencode = false
	sasl.oauthbearer.jwks.endpoint.refresh.ms = 3600000
	sasl.oauthbearer.jwks.endpoint.retry.backoff.max.ms = 10000
	sasl.oauthbearer.jwks.endpoint.retry.backoff.ms = 100
	sasl.oauthbearer.jwks.endpoint.url = null
	sasl.oauthbearer.scope.claim.name = scope
	sasl.oauthbearer.sub.claim.name = sub
	sasl.oauthbearer.token.endpoint.url = null
	security.protocol = PLAINTEXT
	security.providers = null
	send.buffer.bytes = 131072
	socket.connection.setup.timeout.max.ms = 30000
	socket.connection.setup.timeout.ms = 10000
	ssl.cipher.suites = null
	ssl.enabled.protocols = [TLSv1.2, TLSv1.3]
	ssl.endpoint.identification.algorithm = https
	ssl.engine.factory.class = null
	ssl.key.password = null
	ssl.keymanager.algorithm = SunX509
	ssl.keystore.certificate.chain = null
	ssl.keystore.key = null
	ssl.keystore.location = null
	ssl.keystore.password = null
	ssl.keystore.type = JKS
	ssl.protocol = TLSv1.3
	ssl.provider = null
	ssl.secure.random.implementation = null
	ssl.trustmanager.algorithm = PKIX
	ssl.truststore.certificates = null
	ssl.truststore.location = null
	ssl.truststore.password = null
	ssl.truststore.type = JKS
	transaction.timeout.ms = 60000
	transactional.id = null
	value.serializer = class io.apicurio.registry.serde.protobuf.ProtobufKafkaSerializer

2025-08-05 18:24:28,507 INFO  [org.apa.kaf.com.tel.int.KafkaMetricsCollector] (main) initializing Kafka metrics collector
2025-08-05 18:24:28,510 INFO  [org.apa.kaf.cli.pro.KafkaProducer] (main) [Producer clientId=Producer-topic-d40d8d46_1ac2_4c0d_a48c_d7757ee47109] Instantiated an idempotent producer.
2025-08-05 18:24:28,511 INFO  [org.apa.kaf.cli.pro.ProducerConfig] (main) These configurations '[apicurio.registry.url, apicurio.registry.auto-register, apicurio.registry.artifact-resolver-strategy]' were supplied but are not used yet.
2025-08-05 18:24:28,511 INFO  [org.apa.kaf.com.uti.AppInfoParser] (main) Kafka version: 3.9.1
2025-08-05 18:24:28,511 INFO  [org.apa.kaf.com.uti.AppInfoParser] (main) Kafka commitId: f745dfdcee2b9851
2025-08-05 18:24:28,511 INFO  [org.apa.kaf.com.uti.AppInfoParser] (main) Kafka startTimeMs: 1754418268511
2025-08-05 18:24:28,511 INFO  [io.api.tes.ser.api.SimpleSerdesTesterBuilder$SimpleSerdesTester] (main) Using producer configuration: {apicurio.registry.url=http://registry-app-inmemory.apps.ci419.apicurio-testing.org:80/apis/registry/v3, apicurio.registry.auto-register=true, apicurio.registry.artifact-resolver-strategy=io.apicurio.registry.serde.strategy.TopicIdStrategy, value.serializer=io.apicurio.registry.serde.protobuf.ProtobufKafkaSerializer, request.timeout.ms=5000, acks=all, bootstrap.servers=PLAINTEXT://localhost:32769, connections.max.idle.ms=10000, key.serializer=org.apache.kafka.common.serialization.StringSerializer, client.id=Producer-topic-d40d8d46_1ac2_4c0d_a48c_d7757ee47109}
2025-08-05 18:24:28,511 INFO  [io.api.tes.ser.api.SimpleSerdesTesterBuilder$SimpleSerdesTester] (main) Using consumer configuration: {apicurio.protobuf.derive.class=true}
2025-08-05 18:24:28,513 INFO  [io.api.tes.ser.api.KafkaSerdesTester] (Thread-793) Sending message header {
  time {
  }
}
d1: 1.754418268513E12
s1: "a"
i1: 123
bi1: 1
point {
  longitude: 22.0
  latitude: 22.0
  altitude: 1.0
}
 to topic topic-d40d8d46_1ac2_4c0d_a48c_d7757ee47109
2025-08-05 18:24:28,515 WARN  [org.apa.kaf.cli.NetworkClient] (kafka-producer-network-thread | Producer-topic-d40d8d46_1ac2_4c0d_a48c_d7757ee47109) [Producer clientId=Producer-topic-d40d8d46_1ac2_4c0d_a48c_d7757ee47109] The metadata response from the cluster reported a recoverable issue with correlation id 1 : {topic-d40d8d46_1ac2_4c0d_a48c_d7757ee47109=UNKNOWN_TOPIC_OR_PARTITION}
2025-08-05 18:24:28,515 INFO  [org.apa.kaf.cli.Metadata] (kafka-producer-network-thread | Producer-topic-d40d8d46_1ac2_4c0d_a48c_d7757ee47109) [Producer clientId=Producer-topic-d40d8d46_1ac2_4c0d_a48c_d7757ee47109] Cluster ID: PopyJKdlRzKjlQHMpYFwRA
2025-08-05 18:24:28,516 INFO  [org.apa.kaf.cli.pro.int.TransactionManager] (kafka-producer-network-thread | Producer-topic-d40d8d46_1ac2_4c0d_a48c_d7757ee47109) [Producer clientId=Producer-topic-d40d8d46_1ac2_4c0d_a48c_d7757ee47109] ProducerId set to 35 with epoch 0
2025-08-05 18:24:28,869 INFO  [io.api.tes.ser.api.KafkaSerdesTester] (Thread-793) Sending message header {
  time {
  }
}
d1: 1.754418268869E12
s1: "a"
i1: 123
bi1: 1
point {
  longitude: 22.0
  latitude: 22.0
  altitude: 1.0
}
 to topic topic-d40d8d46_1ac2_4c0d_a48c_d7757ee47109
2025-08-05 18:24:28,954 INFO  [io.api.tes.ser.api.KafkaSerdesTester] (Thread-793) Sending message header {
  time {
  }
}
d1: 1.754418268954E12
s1: "a"
i1: 123
bi1: 1
point {
  longitude: 22.0
  latitude: 22.0
  altitude: 1.0
}
 to topic topic-d40d8d46_1ac2_4c0d_a48c_d7757ee47109
2025-08-05 18:24:29,041 INFO  [io.api.tes.ser.api.KafkaSerdesTester] (Thread-793) Sending message header {
  time {
  }
}
d1: 1.75441826904E12
s1: "a"
i1: 123
bi1: 1
point {
  longitude: 22.0
  latitude: 22.0
  altitude: 1.0
}
 to topic topic-d40d8d46_1ac2_4c0d_a48c_d7757ee47109
2025-08-05 18:24:29,124 INFO  [io.api.tes.ser.api.KafkaSerdesTester] (Thread-793) Sending message header {
  time {
  }
}
d1: 1.754418269124E12
s1: "a"
i1: 123
bi1: 1
point {
  longitude: 22.0
  latitude: 22.0
  altitude: 1.0
}
 to topic topic-d40d8d46_1ac2_4c0d_a48c_d7757ee47109
2025-08-05 18:24:29,208 INFO  [io.api.tes.ser.api.KafkaSerdesTester] (Thread-793) Sending message header {
  time {
  }
}
d1: 1.754418269208E12
s1: "a"
i1: 123
bi1: 1
point {
  longitude: 22.0
  latitude: 22.0
  altitude: 1.0
}
 to topic topic-d40d8d46_1ac2_4c0d_a48c_d7757ee47109
2025-08-05 18:24:29,292 INFO  [io.api.tes.ser.api.KafkaSerdesTester] (Thread-793) Sending message header {
  time {
  }
}
d1: 1.754418269292E12
s1: "a"
i1: 123
bi1: 1
point {
  longitude: 22.0
  latitude: 22.0
  altitude: 1.0
}
 to topic topic-d40d8d46_1ac2_4c0d_a48c_d7757ee47109
2025-08-05 18:24:29,376 INFO  [io.api.tes.ser.api.KafkaSerdesTester] (Thread-793) Sending message header {
  time {
  }
}
d1: 1.754418269376E12
s1: "a"
i1: 123
bi1: 1
point {
  longitude: 22.0
  latitude: 22.0
  altitude: 1.0
}
 to topic topic-d40d8d46_1ac2_4c0d_a48c_d7757ee47109
2025-08-05 18:24:29,460 INFO  [io.api.tes.ser.api.KafkaSerdesTester] (Thread-793) Sending message header {
  time {
  }
}
d1: 1.75441826946E12
s1: "a"
i1: 123
bi1: 1
point {
  longitude: 22.0
  latitude: 22.0
  altitude: 1.0
}
 to topic topic-d40d8d46_1ac2_4c0d_a48c_d7757ee47109
2025-08-05 18:24:29,542 INFO  [io.api.tes.ser.api.KafkaSerdesTester] (Thread-793) Sending message header {
  time {
  }
}
d1: 1.754418269542E12
s1: "a"
i1: 123
bi1: 1
point {
  longitude: 22.0
  latitude: 22.0
  altitude: 1.0
}
 to topic topic-d40d8d46_1ac2_4c0d_a48c_d7757ee47109
2025-08-05 18:24:29,627 INFO  [io.api.tes.ser.api.KafkaSerdesTester] (Thread-793) Produced 10 messages
2025-08-05 18:24:29,627 INFO  [org.apa.kaf.cli.pro.KafkaProducer] (Thread-793) [Producer clientId=Producer-topic-d40d8d46_1ac2_4c0d_a48c_d7757ee47109] Closing the Kafka producer with timeoutMillis = 9223372036854775807 ms.
2025-08-05 18:24:29,629 INFO  [org.apa.kaf.com.met.Metrics] (Thread-793) Metrics scheduler closed
2025-08-05 18:24:29,629 INFO  [org.apa.kaf.com.met.Metrics] (Thread-793) Closing reporter org.apache.kafka.common.metrics.JmxReporter
2025-08-05 18:24:29,629 INFO  [org.apa.kaf.com.met.Metrics] (Thread-793) Closing reporter org.apache.kafka.common.telemetry.internals.ClientTelemetryReporter
2025-08-05 18:24:29,629 INFO  [org.apa.kaf.com.met.Metrics] (Thread-793) Metrics reporters closed
2025-08-05 18:24:29,630 INFO  [org.apa.kaf.com.uti.AppInfoParser] (Thread-793) App info kafka.producer for Producer-topic-d40d8d46_1ac2_4c0d_a48c_d7757ee47109 unregistered
**** Registry Base URL: http://registry-app-inmemory.apps.ci419.apicurio-testing.org:80
2025-08-05 18:24:29,776 INFO  [org.apa.kaf.cli.con.ConsumerConfig] (main) ConsumerConfig values: 
	allow.auto.create.topics = true
	auto.commit.interval.ms = 500
	auto.include.jmx.reporter = true
	auto.offset.reset = earliest
	bootstrap.servers = [PLAINTEXT://localhost:32769]
	check.crcs = true
	client.dns.lookup = use_all_dns_ips
	client.id = consumer-Consumer-topic-d40d8d46_1ac2_4c0d_a48c_d7757ee47109-27
	client.rack = 
	connections.max.idle.ms = 10000
	default.api.timeout.ms = 60000
	enable.auto.commit = true
	enable.metrics.push = true
	exclude.internal.topics = true
	fetch.max.bytes = 52428800
	fetch.max.wait.ms = 500
	fetch.min.bytes = 1
	group.id = Consumer-topic-d40d8d46_1ac2_4c0d_a48c_d7757ee47109
	group.instance.id = null
	group.protocol = classic
	group.remote.assignor = null
	heartbeat.interval.ms = 3000
	interceptor.classes = []
	internal.leave.group.on.close = true
	internal.throw.on.fetch.stable.offset.unsupported = false
	isolation.level = read_uncommitted
	key.deserializer = class org.apache.kafka.common.serialization.StringDeserializer
	max.partition.fetch.bytes = 1048576
	max.poll.interval.ms = 300000
	max.poll.records = 500
	metadata.max.age.ms = 300000
	metadata.recovery.strategy = none
	metric.reporters = []
	metrics.num.samples = 2
	metrics.recording.level = INFO
	metrics.sample.window.ms = 30000
	partition.assignment.strategy = [class org.apache.kafka.clients.consumer.RangeAssignor, class org.apache.kafka.clients.consumer.CooperativeStickyAssignor]
	receive.buffer.bytes = 65536
	reconnect.backoff.max.ms = 1000
	reconnect.backoff.ms = 50
	request.timeout.ms = 5000
	retry.backoff.max.ms = 1000
	retry.backoff.ms = 100
	sasl.client.callback.handler.class = null
	sasl.jaas.config = null
	sasl.kerberos.kinit.cmd = /usr/bin/kinit
	sasl.kerberos.min.time.before.relogin = 60000
	sasl.kerberos.service.name = null
	sasl.kerberos.ticket.renew.jitter = 0.05
	sasl.kerberos.ticket.renew.window.factor = 0.8
	sasl.login.callback.handler.class = null
	sasl.login.class = null
	sasl.login.connect.timeout.ms = null
	sasl.login.read.timeout.ms = null
	sasl.login.refresh.buffer.seconds = 300
	sasl.login.refresh.min.period.seconds = 60
	sasl.login.refresh.window.factor = 0.8
	sasl.login.refresh.window.jitter = 0.05
	sasl.login.retry.backoff.max.ms = 10000
	sasl.login.retry.backoff.ms = 100
	sasl.mechanism = GSSAPI
	sasl.oauthbearer.clock.skew.seconds = 30
	sasl.oauthbearer.expected.audience = null
	sasl.oauthbearer.expected.issuer = null
	sasl.oauthbearer.header.urlencode = false
	sasl.oauthbearer.jwks.endpoint.refresh.ms = 3600000
	sasl.oauthbearer.jwks.endpoint.retry.backoff.max.ms = 10000
	sasl.oauthbearer.jwks.endpoint.retry.backoff.ms = 100
	sasl.oauthbearer.jwks.endpoint.url = null
	sasl.oauthbearer.scope.claim.name = scope
	sasl.oauthbearer.sub.claim.name = sub
	sasl.oauthbearer.token.endpoint.url = null
	security.protocol = PLAINTEXT
	security.providers = null
	send.buffer.bytes = 131072
	session.timeout.ms = 45000
	socket.connection.setup.timeout.max.ms = 30000
	socket.connection.setup.timeout.ms = 10000
	ssl.cipher.suites = null
	ssl.enabled.protocols = [TLSv1.2, TLSv1.3]
	ssl.endpoint.identification.algorithm = https
	ssl.engine.factory.class = null
	ssl.key.password = null
	ssl.keymanager.algorithm = SunX509
	ssl.keystore.certificate.chain = null
	ssl.keystore.key = null
	ssl.keystore.location = null
	ssl.keystore.password = null
	ssl.keystore.type = JKS
	ssl.protocol = TLSv1.3
	ssl.provider = null
	ssl.secure.random.implementation = null
	ssl.trustmanager.algorithm = PKIX
	ssl.truststore.certificates = null
	ssl.truststore.location = null
	ssl.truststore.password = null
	ssl.truststore.type = JKS
	value.deserializer = class io.apicurio.registry.serde.protobuf.ProtobufKafkaDeserializer

2025-08-05 18:24:29,777 INFO  [org.apa.kaf.com.tel.int.KafkaMetricsCollector] (main) initializing Kafka metrics collector
2025-08-05 18:24:29,780 INFO  [org.apa.kaf.cli.con.ConsumerConfig] (main) These configurations '[apicurio.registry.url, apicurio.protobuf.derive.class]' were supplied but are not used yet.
2025-08-05 18:24:29,780 INFO  [org.apa.kaf.com.uti.AppInfoParser] (main) Kafka version: 3.9.1
2025-08-05 18:24:29,780 INFO  [org.apa.kaf.com.uti.AppInfoParser] (main) Kafka commitId: f745dfdcee2b9851
2025-08-05 18:24:29,780 INFO  [org.apa.kaf.com.uti.AppInfoParser] (main) Kafka startTimeMs: 1754418269780
2025-08-05 18:24:29,781 INFO  [org.apa.kaf.cli.con.int.ClassicKafkaConsumer] (Thread-796) [Consumer clientId=consumer-Consumer-topic-d40d8d46_1ac2_4c0d_a48c_d7757ee47109-27, groupId=Consumer-topic-d40d8d46_1ac2_4c0d_a48c_d7757ee47109] Subscribed to topic(s): topic-d40d8d46_1ac2_4c0d_a48c_d7757ee47109
2025-08-05 18:24:29,784 INFO  [org.apa.kaf.cli.Metadata] (Thread-796) [Consumer clientId=consumer-Consumer-topic-d40d8d46_1ac2_4c0d_a48c_d7757ee47109-27, groupId=Consumer-topic-d40d8d46_1ac2_4c0d_a48c_d7757ee47109] Cluster ID: PopyJKdlRzKjlQHMpYFwRA
2025-08-05 18:24:29,784 INFO  [org.apa.kaf.cli.con.int.ConsumerCoordinator] (Thread-796) [Consumer clientId=consumer-Consumer-topic-d40d8d46_1ac2_4c0d_a48c_d7757ee47109-27, groupId=Consumer-topic-d40d8d46_1ac2_4c0d_a48c_d7757ee47109] Discovered group coordinator localhost:32769 (id: 2147483647 rack: null)
2025-08-05 18:24:29,786 INFO  [org.apa.kaf.cli.con.int.ConsumerCoordinator] (Thread-796) [Consumer clientId=consumer-Consumer-topic-d40d8d46_1ac2_4c0d_a48c_d7757ee47109-27, groupId=Consumer-topic-d40d8d46_1ac2_4c0d_a48c_d7757ee47109] (Re-)joining group
2025-08-05 18:24:29,787 INFO  [org.apa.kaf.cli.con.int.ConsumerCoordinator] (Thread-796) [Consumer clientId=consumer-Consumer-topic-d40d8d46_1ac2_4c0d_a48c_d7757ee47109-27, groupId=Consumer-topic-d40d8d46_1ac2_4c0d_a48c_d7757ee47109] Request joining group due to: need to re-join with the given member-id: consumer-Consumer-topic-d40d8d46_1ac2_4c0d_a48c_d7757ee47109-27-7a07c02f-1951-43ef-8753-429b6ac69e67
2025-08-05 18:24:29,788 INFO  [org.apa.kaf.cli.con.int.ConsumerCoordinator] (Thread-796) [Consumer clientId=consumer-Consumer-topic-d40d8d46_1ac2_4c0d_a48c_d7757ee47109-27, groupId=Consumer-topic-d40d8d46_1ac2_4c0d_a48c_d7757ee47109] (Re-)joining group
2025-08-05 18:24:30,781 INFO  [io.api.tes.ser.api.KafkaSerdesTester] (Thread-796) None found
2025-08-05 18:24:31,781 INFO  [io.api.tes.ser.api.KafkaSerdesTester] (Thread-796) None found
2025-08-05 18:24:32,781 INFO  [io.api.tes.ser.api.KafkaSerdesTester] (Thread-796) None found
2025-08-05 18:24:32,790 INFO  [org.apa.kaf.cli.con.int.ConsumerCoordinator] (Thread-796) [Consumer clientId=consumer-Consumer-topic-d40d8d46_1ac2_4c0d_a48c_d7757ee47109-27, groupId=Consumer-topic-d40d8d46_1ac2_4c0d_a48c_d7757ee47109] Successfully joined group with generation Generation{generationId=1, memberId='consumer-Consumer-topic-d40d8d46_1ac2_4c0d_a48c_d7757ee47109-27-7a07c02f-1951-43ef-8753-429b6ac69e67', protocol='range'}
2025-08-05 18:24:32,790 INFO  [org.apa.kaf.cli.con.int.ConsumerCoordinator] (Thread-796) [Consumer clientId=consumer-Consumer-topic-d40d8d46_1ac2_4c0d_a48c_d7757ee47109-27, groupId=Consumer-topic-d40d8d46_1ac2_4c0d_a48c_d7757ee47109] Finished assignment for group at generation 1: {consumer-Consumer-topic-d40d8d46_1ac2_4c0d_a48c_d7757ee47109-27-7a07c02f-1951-43ef-8753-429b6ac69e67=Assignment(partitions=[topic-d40d8d46_1ac2_4c0d_a48c_d7757ee47109-0])}
2025-08-05 18:24:32,796 INFO  [org.apa.kaf.cli.con.int.ConsumerCoordinator] (Thread-796) [Consumer clientId=consumer-Consumer-topic-d40d8d46_1ac2_4c0d_a48c_d7757ee47109-27, groupId=Consumer-topic-d40d8d46_1ac2_4c0d_a48c_d7757ee47109] Successfully synced group in generation Generation{generationId=1, memberId='consumer-Consumer-topic-d40d8d46_1ac2_4c0d_a48c_d7757ee47109-27-7a07c02f-1951-43ef-8753-429b6ac69e67', protocol='range'}
2025-08-05 18:24:32,796 INFO  [org.apa.kaf.cli.con.int.ConsumerCoordinator] (Thread-796) [Consumer clientId=consumer-Consumer-topic-d40d8d46_1ac2_4c0d_a48c_d7757ee47109-27, groupId=Consumer-topic-d40d8d46_1ac2_4c0d_a48c_d7757ee47109] Notifying assignor about the new Assignment(partitions=[topic-d40d8d46_1ac2_4c0d_a48c_d7757ee47109-0])
2025-08-05 18:24:32,797 INFO  [org.apa.kaf.cli.con.int.ConsumerRebalanceListenerInvoker] (Thread-796) [Consumer clientId=consumer-Consumer-topic-d40d8d46_1ac2_4c0d_a48c_d7757ee47109-27, groupId=Consumer-topic-d40d8d46_1ac2_4c0d_a48c_d7757ee47109] Adding newly assigned partitions: topic-d40d8d46_1ac2_4c0d_a48c_d7757ee47109-0
2025-08-05 18:24:32,797 INFO  [org.apa.kaf.cli.con.int.ConsumerCoordinator] (Thread-796) [Consumer clientId=consumer-Consumer-topic-d40d8d46_1ac2_4c0d_a48c_d7757ee47109-27, groupId=Consumer-topic-d40d8d46_1ac2_4c0d_a48c_d7757ee47109] Found no committed offset for partition topic-d40d8d46_1ac2_4c0d_a48c_d7757ee47109-0
2025-08-05 18:24:32,800 INFO  [org.apa.kaf.cli.con.int.SubscriptionState] (Thread-796) [Consumer clientId=consumer-Consumer-topic-d40d8d46_1ac2_4c0d_a48c_d7757ee47109-27, groupId=Consumer-topic-d40d8d46_1ac2_4c0d_a48c_d7757ee47109] Resetting offset for partition topic-d40d8d46_1ac2_4c0d_a48c_d7757ee47109-0 to position FetchPosition{offset=0, offsetEpoch=Optional.empty, currentLeader=LeaderAndEpoch{leader=Optional[localhost:32769 (id: 0 rack: null)], epoch=0}}.
2025-08-05 18:24:33,168 INFO  [io.api.tes.ser.api.KafkaSerdesTester] (Thread-796) topic-d40d8d46_1ac2_4c0d_a48c_d7757ee47109 0 0 header {
  time {
  }
}
d1: 1.754418268513E12
s1: "a"
i1: 123
bi1: 1
point {
  longitude: 22.0
  latitude: 22.0
  altitude: 1.0
}

2025-08-05 18:24:33,169 INFO  [io.api.tes.ser.api.KafkaSerdesTester] (Thread-796) topic-d40d8d46_1ac2_4c0d_a48c_d7757ee47109 0 1 header {
  time {
  }
}
d1: 1.754418268869E12
s1: "a"
i1: 123
bi1: 1
point {
  longitude: 22.0
  latitude: 22.0
  altitude: 1.0
}

2025-08-05 18:24:33,169 INFO  [io.api.tes.ser.api.KafkaSerdesTester] (Thread-796) topic-d40d8d46_1ac2_4c0d_a48c_d7757ee47109 0 2 header {
  time {
  }
}
d1: 1.754418268954E12
s1: "a"
i1: 123
bi1: 1
point {
  longitude: 22.0
  latitude: 22.0
  altitude: 1.0
}

2025-08-05 18:24:33,169 INFO  [io.api.tes.ser.api.KafkaSerdesTester] (Thread-796) topic-d40d8d46_1ac2_4c0d_a48c_d7757ee47109 0 3 header {
  time {
  }
}
d1: 1.75441826904E12
s1: "a"
i1: 123
bi1: 1
point {
  longitude: 22.0
  latitude: 22.0
  altitude: 1.0
}

2025-08-05 18:24:33,169 INFO  [io.api.tes.ser.api.KafkaSerdesTester] (Thread-796) topic-d40d8d46_1ac2_4c0d_a48c_d7757ee47109 0 4 header {
  time {
  }
}
d1: 1.754418269124E12
s1: "a"
i1: 123
bi1: 1
point {
  longitude: 22.0
  latitude: 22.0
  altitude: 1.0
}

2025-08-05 18:24:33,169 INFO  [io.api.tes.ser.api.KafkaSerdesTester] (Thread-796) topic-d40d8d46_1ac2_4c0d_a48c_d7757ee47109 0 5 header {
  time {
  }
}
d1: 1.754418269208E12
s1: "a"
i1: 123
bi1: 1
point {
  longitude: 22.0
  latitude: 22.0
  altitude: 1.0
}

2025-08-05 18:24:33,169 INFO  [io.api.tes.ser.api.KafkaSerdesTester] (Thread-796) topic-d40d8d46_1ac2_4c0d_a48c_d7757ee47109 0 6 header {
  time {
  }
}
d1: 1.754418269292E12
s1: "a"
i1: 123
bi1: 1
point {
  longitude: 22.0
  latitude: 22.0
  altitude: 1.0
}

2025-08-05 18:24:33,170 INFO  [io.api.tes.ser.api.KafkaSerdesTester] (Thread-796) topic-d40d8d46_1ac2_4c0d_a48c_d7757ee47109 0 7 header {
  time {
  }
}
d1: 1.754418269376E12
s1: "a"
i1: 123
bi1: 1
point {
  longitude: 22.0
  latitude: 22.0
  altitude: 1.0
}

2025-08-05 18:24:33,170 INFO  [io.api.tes.ser.api.KafkaSerdesTester] (Thread-796) topic-d40d8d46_1ac2_4c0d_a48c_d7757ee47109 0 8 header {
  time {
  }
}
d1: 1.75441826946E12
s1: "a"
i1: 123
bi1: 1
point {
  longitude: 22.0
  latitude: 22.0
  altitude: 1.0
}

2025-08-05 18:24:33,170 INFO  [io.api.tes.ser.api.KafkaSerdesTester] (Thread-796) topic-d40d8d46_1ac2_4c0d_a48c_d7757ee47109 0 9 header {
  time {
  }
}
d1: 1.754418269542E12
s1: "a"
i1: 123
bi1: 1
point {
  longitude: 22.0
  latitude: 22.0
  altitude: 1.0
}

2025-08-05 18:24:33,170 INFO  [io.api.tes.ser.api.KafkaSerdesTester] (Thread-796) Consumed 10 messages
2025-08-05 18:24:33,176 INFO  [org.apa.kaf.cli.con.int.ConsumerRebalanceListenerInvoker] (Thread-796) [Consumer clientId=consumer-Consumer-topic-d40d8d46_1ac2_4c0d_a48c_d7757ee47109-27, groupId=Consumer-topic-d40d8d46_1ac2_4c0d_a48c_d7757ee47109] Revoke previously assigned partitions topic-d40d8d46_1ac2_4c0d_a48c_d7757ee47109-0
2025-08-05 18:24:33,176 INFO  [org.apa.kaf.cli.con.int.ConsumerCoordinator] (Thread-796) [Consumer clientId=consumer-Consumer-topic-d40d8d46_1ac2_4c0d_a48c_d7757ee47109-27, groupId=Consumer-topic-d40d8d46_1ac2_4c0d_a48c_d7757ee47109] Member consumer-Consumer-topic-d40d8d46_1ac2_4c0d_a48c_d7757ee47109-27-7a07c02f-1951-43ef-8753-429b6ac69e67 sending LeaveGroup request to coordinator localhost:32769 (id: 2147483647 rack: null) due to the consumer is being closed
2025-08-05 18:24:33,176 INFO  [org.apa.kaf.cli.con.int.ConsumerCoordinator] (Thread-796) [Consumer clientId=consumer-Consumer-topic-d40d8d46_1ac2_4c0d_a48c_d7757ee47109-27, groupId=Consumer-topic-d40d8d46_1ac2_4c0d_a48c_d7757ee47109] Resetting generation and member id due to: consumer pro-actively leaving the group
2025-08-05 18:24:33,176 INFO  [org.apa.kaf.cli.con.int.ConsumerCoordinator] (Thread-796) [Consumer clientId=consumer-Consumer-topic-d40d8d46_1ac2_4c0d_a48c_d7757ee47109-27, groupId=Consumer-topic-d40d8d46_1ac2_4c0d_a48c_d7757ee47109] Request joining group due to: consumer pro-actively leaving the group
2025-08-05 18:24:33,672 INFO  [org.apa.kaf.com.met.Metrics] (Thread-796) Metrics scheduler closed
2025-08-05 18:24:33,672 INFO  [org.apa.kaf.com.met.Metrics] (Thread-796) Closing reporter org.apache.kafka.common.metrics.JmxReporter
2025-08-05 18:24:33,672 INFO  [org.apa.kaf.com.met.Metrics] (Thread-796) Closing reporter org.apache.kafka.common.telemetry.internals.ClientTelemetryReporter
2025-08-05 18:24:33,672 INFO  [org.apa.kaf.com.met.Metrics] (Thread-796) Metrics reporters closed
2025-08-05 18:24:33,673 INFO  [org.apa.kaf.com.uti.AppInfoParser] (Thread-796) App info kafka.consumer for consumer-Consumer-topic-d40d8d46_1ac2_4c0d_a48c_d7757ee47109-27 unregistered
2025-08-05 18:24:33,747 INFO  [io.api.tes.uti.TestSeparator] (main) io.apicurio.tests.serdes.apicurio.ProtobufSerdeIT.testAutoRegisterDeriveClassProtobufType-FINISHED
2025-08-05 18:24:33,747 INFO  [io.api.tes.uti.TestSeparator] (main) ############################################################################
Test passed: testAutoRegisterDeriveClassProtobufType
]]></system-out>
  </testcase>
  <testcase name="testConsumeReturnSpecificClass" classname="io.apicurio.tests.serdes.apicurio.ProtobufSerdeIT" time="1.151">
    <system-out><![CDATA[2025-08-05 18:24:33,748 INFO  [io.api.tes.uti.TestSeparator] (main) ############################################################################
2025-08-05 18:24:33,749 INFO  [io.api.tes.uti.TestSeparator] (main) io.apicurio.tests.serdes.apicurio.ProtobufSerdeIT.testConsumeReturnSpecificClass-STARTED
2025-08-05 18:24:34,898 INFO  [io.api.tes.uti.TestSeparator] (main) io.apicurio.tests.serdes.apicurio.ProtobufSerdeIT.testConsumeReturnSpecificClass-FINISHED
2025-08-05 18:24:34,898 INFO  [io.api.tes.uti.TestSeparator] (main) ############################################################################
Test passed: testConsumeReturnSpecificClass
]]></system-out>
  </testcase>
  <testcase name="testFindLatestSpecificProtobufType" classname="io.apicurio.tests.serdes.apicurio.ProtobufSerdeIT" time="1.158">
    <system-out><![CDATA[2025-08-05 18:24:34,900 INFO  [io.api.tes.uti.TestSeparator] (main) ############################################################################
2025-08-05 18:24:34,900 INFO  [io.api.tes.uti.TestSeparator] (main) io.apicurio.tests.serdes.apicurio.ProtobufSerdeIT.testFindLatestSpecificProtobufType-STARTED
2025-08-05 18:24:36,057 INFO  [io.api.tes.uti.TestSeparator] (main) io.apicurio.tests.serdes.apicurio.ProtobufSerdeIT.testFindLatestSpecificProtobufType-FINISHED
2025-08-05 18:24:36,057 INFO  [io.api.tes.uti.TestSeparator] (main) ############################################################################
Test passed: testFindLatestSpecificProtobufType
]]></system-out>
  </testcase>
  <testcase name="testFindLatestDynamicMessageProtobufType" classname="io.apicurio.tests.serdes.apicurio.ProtobufSerdeIT" time="5.33">
    <system-out><![CDATA[2025-08-05 18:24:36,058 INFO  [io.api.tes.uti.TestSeparator] (main) ############################################################################
2025-08-05 18:24:36,058 INFO  [io.api.tes.uti.TestSeparator] (main) io.apicurio.tests.serdes.apicurio.ProtobufSerdeIT.testFindLatestDynamicMessageProtobufType-STARTED
**** Registry Base URL: http://registry-app-inmemory.apps.ci419.apicurio-testing.org:80
2025-08-05 18:24:37,212 INFO  [org.apa.kaf.cli.pro.ProducerConfig] (main) ProducerConfig values: 
	acks = -1
	auto.include.jmx.reporter = true
	batch.size = 16384
	bootstrap.servers = [PLAINTEXT://localhost:32769]
	buffer.memory = 33554432
	client.dns.lookup = use_all_dns_ips
	client.id = Producer-topic-f5cb2c17_24de_4573_ab0e_eaf9a3ef89b0
	compression.gzip.level = -1
	compression.lz4.level = 9
	compression.type = none
	compression.zstd.level = 3
	connections.max.idle.ms = 10000
	delivery.timeout.ms = 120000
	enable.idempotence = true
	enable.metrics.push = true
	interceptor.classes = []
	key.serializer = class org.apache.kafka.common.serialization.StringSerializer
	linger.ms = 0
	max.block.ms = 60000
	max.in.flight.requests.per.connection = 5
	max.request.size = 1048576
	metadata.max.age.ms = 300000
	metadata.max.idle.ms = 300000
	metadata.recovery.strategy = none
	metric.reporters = []
	metrics.num.samples = 2
	metrics.recording.level = INFO
	metrics.sample.window.ms = 30000
	partitioner.adaptive.partitioning.enable = true
	partitioner.availability.timeout.ms = 0
	partitioner.class = null
	partitioner.ignore.keys = false
	receive.buffer.bytes = 32768
	reconnect.backoff.max.ms = 1000
	reconnect.backoff.ms = 50
	request.timeout.ms = 5000
	retries = 2147483647
	retry.backoff.max.ms = 1000
	retry.backoff.ms = 100
	sasl.client.callback.handler.class = null
	sasl.jaas.config = null
	sasl.kerberos.kinit.cmd = /usr/bin/kinit
	sasl.kerberos.min.time.before.relogin = 60000
	sasl.kerberos.service.name = null
	sasl.kerberos.ticket.renew.jitter = 0.05
	sasl.kerberos.ticket.renew.window.factor = 0.8
	sasl.login.callback.handler.class = null
	sasl.login.class = null
	sasl.login.connect.timeout.ms = null
	sasl.login.read.timeout.ms = null
	sasl.login.refresh.buffer.seconds = 300
	sasl.login.refresh.min.period.seconds = 60
	sasl.login.refresh.window.factor = 0.8
	sasl.login.refresh.window.jitter = 0.05
	sasl.login.retry.backoff.max.ms = 10000
	sasl.login.retry.backoff.ms = 100
	sasl.mechanism = GSSAPI
	sasl.oauthbearer.clock.skew.seconds = 30
	sasl.oauthbearer.expected.audience = null
	sasl.oauthbearer.expected.issuer = null
	sasl.oauthbearer.header.urlencode = false
	sasl.oauthbearer.jwks.endpoint.refresh.ms = 3600000
	sasl.oauthbearer.jwks.endpoint.retry.backoff.max.ms = 10000
	sasl.oauthbearer.jwks.endpoint.retry.backoff.ms = 100
	sasl.oauthbearer.jwks.endpoint.url = null
	sasl.oauthbearer.scope.claim.name = scope
	sasl.oauthbearer.sub.claim.name = sub
	sasl.oauthbearer.token.endpoint.url = null
	security.protocol = PLAINTEXT
	security.providers = null
	send.buffer.bytes = 131072
	socket.connection.setup.timeout.max.ms = 30000
	socket.connection.setup.timeout.ms = 10000
	ssl.cipher.suites = null
	ssl.enabled.protocols = [TLSv1.2, TLSv1.3]
	ssl.endpoint.identification.algorithm = https
	ssl.engine.factory.class = null
	ssl.key.password = null
	ssl.keymanager.algorithm = SunX509
	ssl.keystore.certificate.chain = null
	ssl.keystore.key = null
	ssl.keystore.location = null
	ssl.keystore.password = null
	ssl.keystore.type = JKS
	ssl.protocol = TLSv1.3
	ssl.provider = null
	ssl.secure.random.implementation = null
	ssl.trustmanager.algorithm = PKIX
	ssl.truststore.certificates = null
	ssl.truststore.location = null
	ssl.truststore.password = null
	ssl.truststore.type = JKS
	transaction.timeout.ms = 60000
	transactional.id = null
	value.serializer = class io.apicurio.registry.serde.protobuf.ProtobufKafkaSerializer

2025-08-05 18:24:37,212 INFO  [org.apa.kaf.com.tel.int.KafkaMetricsCollector] (main) initializing Kafka metrics collector
2025-08-05 18:24:37,215 INFO  [org.apa.kaf.cli.pro.KafkaProducer] (main) [Producer clientId=Producer-topic-f5cb2c17_24de_4573_ab0e_eaf9a3ef89b0] Instantiated an idempotent producer.
2025-08-05 18:24:37,216 INFO  [org.apa.kaf.cli.pro.ProducerConfig] (main) These configurations '[apicurio.registry.find-latest, apicurio.registry.url, apicurio.registry.artifact-resolver-strategy]' were supplied but are not used yet.
2025-08-05 18:24:37,216 INFO  [org.apa.kaf.com.uti.AppInfoParser] (main) Kafka version: 3.9.1
2025-08-05 18:24:37,216 INFO  [org.apa.kaf.com.uti.AppInfoParser] (main) Kafka commitId: f745dfdcee2b9851
2025-08-05 18:24:37,216 INFO  [org.apa.kaf.com.uti.AppInfoParser] (main) Kafka startTimeMs: 1754418277216
2025-08-05 18:24:37,216 INFO  [io.api.tes.ser.api.SimpleSerdesTesterBuilder$SimpleSerdesTester] (main) Using producer configuration: {apicurio.registry.find-latest=true, apicurio.registry.url=http://registry-app-inmemory.apps.ci419.apicurio-testing.org:80/apis/registry/v3, apicurio.registry.artifact-resolver-strategy=io.apicurio.registry.serde.strategy.SimpleTopicIdStrategy, value.serializer=io.apicurio.registry.serde.protobuf.ProtobufKafkaSerializer, request.timeout.ms=5000, acks=all, bootstrap.servers=PLAINTEXT://localhost:32769, connections.max.idle.ms=10000, key.serializer=org.apache.kafka.common.serialization.StringSerializer, client.id=Producer-topic-f5cb2c17_24de_4573_ab0e_eaf9a3ef89b0}
2025-08-05 18:24:37,216 INFO  [io.api.tes.ser.api.SimpleSerdesTesterBuilder$SimpleSerdesTester] (main) Using consumer configuration: {apicurio.registry.deserializer.value.return-class=com.google.protobuf.DynamicMessage}
2025-08-05 18:24:37,217 INFO  [io.api.tes.ser.api.KafkaSerdesTester] (Thread-799) Sending message header {
  time {
  }
}
d1: 1.754418277216E12
s1: "a"
i1: 123
bi1: 1
point {
  longitude: 22.0
  latitude: 22.0
  altitude: 1.0
}
 to topic topic-f5cb2c17_24de_4573_ab0e_eaf9a3ef89b0
2025-08-05 18:24:37,219 INFO  [org.apa.kaf.cli.Metadata] (kafka-producer-network-thread | Producer-topic-f5cb2c17_24de_4573_ab0e_eaf9a3ef89b0) [Producer clientId=Producer-topic-f5cb2c17_24de_4573_ab0e_eaf9a3ef89b0] Cluster ID: PopyJKdlRzKjlQHMpYFwRA
2025-08-05 18:24:37,220 INFO  [org.apa.kaf.cli.pro.int.TransactionManager] (kafka-producer-network-thread | Producer-topic-f5cb2c17_24de_4573_ab0e_eaf9a3ef89b0) [Producer clientId=Producer-topic-f5cb2c17_24de_4573_ab0e_eaf9a3ef89b0] ProducerId set to 36 with epoch 0
2025-08-05 18:24:37,548 INFO  [io.api.tes.ser.api.KafkaSerdesTester] (Thread-799) Sending message header {
  time {
  }
}
d1: 1.754418277548E12
s1: "a"
i1: 123
bi1: 1
point {
  longitude: 22.0
  latitude: 22.0
  altitude: 1.0
}
 to topic topic-f5cb2c17_24de_4573_ab0e_eaf9a3ef89b0
2025-08-05 18:24:37,551 INFO  [io.api.tes.ser.api.KafkaSerdesTester] (Thread-799) Sending message header {
  time {
  }
}
d1: 1.75441827755E12
s1: "a"
i1: 123
bi1: 1
point {
  longitude: 22.0
  latitude: 22.0
  altitude: 1.0
}
 to topic topic-f5cb2c17_24de_4573_ab0e_eaf9a3ef89b0
2025-08-05 18:24:37,552 INFO  [io.api.tes.ser.api.KafkaSerdesTester] (Thread-799) Sending message header {
  time {
  }
}
d1: 1.754418277552E12
s1: "a"
i1: 123
bi1: 1
point {
  longitude: 22.0
  latitude: 22.0
  altitude: 1.0
}
 to topic topic-f5cb2c17_24de_4573_ab0e_eaf9a3ef89b0
2025-08-05 18:24:37,555 INFO  [io.api.tes.ser.api.KafkaSerdesTester] (Thread-799) Sending message header {
  time {
  }
}
d1: 1.754418277555E12
s1: "a"
i1: 123
bi1: 1
point {
  longitude: 22.0
  latitude: 22.0
  altitude: 1.0
}
 to topic topic-f5cb2c17_24de_4573_ab0e_eaf9a3ef89b0
2025-08-05 18:24:37,556 INFO  [io.api.tes.ser.api.KafkaSerdesTester] (Thread-799) Sending message header {
  time {
  }
}
d1: 1.754418277556E12
s1: "a"
i1: 123
bi1: 1
point {
  longitude: 22.0
  latitude: 22.0
  altitude: 1.0
}
 to topic topic-f5cb2c17_24de_4573_ab0e_eaf9a3ef89b0
2025-08-05 18:24:37,561 INFO  [io.api.tes.ser.api.KafkaSerdesTester] (Thread-799) Sending message header {
  time {
  }
}
d1: 1.754418277561E12
s1: "a"
i1: 123
bi1: 1
point {
  longitude: 22.0
  latitude: 22.0
  altitude: 1.0
}
 to topic topic-f5cb2c17_24de_4573_ab0e_eaf9a3ef89b0
2025-08-05 18:24:37,563 INFO  [io.api.tes.ser.api.KafkaSerdesTester] (Thread-799) Sending message header {
  time {
  }
}
d1: 1.754418277563E12
s1: "a"
i1: 123
bi1: 1
point {
  longitude: 22.0
  latitude: 22.0
  altitude: 1.0
}
 to topic topic-f5cb2c17_24de_4573_ab0e_eaf9a3ef89b0
2025-08-05 18:24:37,565 INFO  [io.api.tes.ser.api.KafkaSerdesTester] (Thread-799) Sending message header {
  time {
  }
}
d1: 1.754418277565E12
s1: "a"
i1: 123
bi1: 1
point {
  longitude: 22.0
  latitude: 22.0
  altitude: 1.0
}
 to topic topic-f5cb2c17_24de_4573_ab0e_eaf9a3ef89b0
2025-08-05 18:24:37,566 INFO  [io.api.tes.ser.api.KafkaSerdesTester] (Thread-799) Sending message header {
  time {
  }
}
d1: 1.754418277566E12
s1: "a"
i1: 123
bi1: 1
point {
  longitude: 22.0
  latitude: 22.0
  altitude: 1.0
}
 to topic topic-f5cb2c17_24de_4573_ab0e_eaf9a3ef89b0
2025-08-05 18:24:37,568 INFO  [io.api.tes.ser.api.KafkaSerdesTester] (Thread-799) Produced 10 messages
2025-08-05 18:24:37,568 INFO  [org.apa.kaf.cli.pro.KafkaProducer] (Thread-799) [Producer clientId=Producer-topic-f5cb2c17_24de_4573_ab0e_eaf9a3ef89b0] Closing the Kafka producer with timeoutMillis = 9223372036854775807 ms.
2025-08-05 18:24:37,571 INFO  [org.apa.kaf.com.met.Metrics] (Thread-799) Metrics scheduler closed
2025-08-05 18:24:37,571 INFO  [org.apa.kaf.com.met.Metrics] (Thread-799) Closing reporter org.apache.kafka.common.metrics.JmxReporter
2025-08-05 18:24:37,571 INFO  [org.apa.kaf.com.met.Metrics] (Thread-799) Closing reporter org.apache.kafka.common.telemetry.internals.ClientTelemetryReporter
2025-08-05 18:24:37,571 INFO  [org.apa.kaf.com.met.Metrics] (Thread-799) Metrics reporters closed
2025-08-05 18:24:37,571 INFO  [org.apa.kaf.com.uti.AppInfoParser] (Thread-799) App info kafka.producer for Producer-topic-f5cb2c17_24de_4573_ab0e_eaf9a3ef89b0 unregistered
**** Registry Base URL: http://registry-app-inmemory.apps.ci419.apicurio-testing.org:80
2025-08-05 18:24:37,573 INFO  [org.apa.kaf.cli.con.ConsumerConfig] (main) ConsumerConfig values: 
	allow.auto.create.topics = true
	auto.commit.interval.ms = 500
	auto.include.jmx.reporter = true
	auto.offset.reset = earliest
	bootstrap.servers = [PLAINTEXT://localhost:32769]
	check.crcs = true
	client.dns.lookup = use_all_dns_ips
	client.id = consumer-Consumer-topic-f5cb2c17_24de_4573_ab0e_eaf9a3ef89b0-28
	client.rack = 
	connections.max.idle.ms = 10000
	default.api.timeout.ms = 60000
	enable.auto.commit = true
	enable.metrics.push = true
	exclude.internal.topics = true
	fetch.max.bytes = 52428800
	fetch.max.wait.ms = 500
	fetch.min.bytes = 1
	group.id = Consumer-topic-f5cb2c17_24de_4573_ab0e_eaf9a3ef89b0
	group.instance.id = null
	group.protocol = classic
	group.remote.assignor = null
	heartbeat.interval.ms = 3000
	interceptor.classes = []
	internal.leave.group.on.close = true
	internal.throw.on.fetch.stable.offset.unsupported = false
	isolation.level = read_uncommitted
	key.deserializer = class org.apache.kafka.common.serialization.StringDeserializer
	max.partition.fetch.bytes = 1048576
	max.poll.interval.ms = 300000
	max.poll.records = 500
	metadata.max.age.ms = 300000
	metadata.recovery.strategy = none
	metric.reporters = []
	metrics.num.samples = 2
	metrics.recording.level = INFO
	metrics.sample.window.ms = 30000
	partition.assignment.strategy = [class org.apache.kafka.clients.consumer.RangeAssignor, class org.apache.kafka.clients.consumer.CooperativeStickyAssignor]
	receive.buffer.bytes = 65536
	reconnect.backoff.max.ms = 1000
	reconnect.backoff.ms = 50
	request.timeout.ms = 5000
	retry.backoff.max.ms = 1000
	retry.backoff.ms = 100
	sasl.client.callback.handler.class = null
	sasl.jaas.config = null
	sasl.kerberos.kinit.cmd = /usr/bin/kinit
	sasl.kerberos.min.time.before.relogin = 60000
	sasl.kerberos.service.name = null
	sasl.kerberos.ticket.renew.jitter = 0.05
	sasl.kerberos.ticket.renew.window.factor = 0.8
	sasl.login.callback.handler.class = null
	sasl.login.class = null
	sasl.login.connect.timeout.ms = null
	sasl.login.read.timeout.ms = null
	sasl.login.refresh.buffer.seconds = 300
	sasl.login.refresh.min.period.seconds = 60
	sasl.login.refresh.window.factor = 0.8
	sasl.login.refresh.window.jitter = 0.05
	sasl.login.retry.backoff.max.ms = 10000
	sasl.login.retry.backoff.ms = 100
	sasl.mechanism = GSSAPI
	sasl.oauthbearer.clock.skew.seconds = 30
	sasl.oauthbearer.expected.audience = null
	sasl.oauthbearer.expected.issuer = null
	sasl.oauthbearer.header.urlencode = false
	sasl.oauthbearer.jwks.endpoint.refresh.ms = 3600000
	sasl.oauthbearer.jwks.endpoint.retry.backoff.max.ms = 10000
	sasl.oauthbearer.jwks.endpoint.retry.backoff.ms = 100
	sasl.oauthbearer.jwks.endpoint.url = null
	sasl.oauthbearer.scope.claim.name = scope
	sasl.oauthbearer.sub.claim.name = sub
	sasl.oauthbearer.token.endpoint.url = null
	security.protocol = PLAINTEXT
	security.providers = null
	send.buffer.bytes = 131072
	session.timeout.ms = 45000
	socket.connection.setup.timeout.max.ms = 30000
	socket.connection.setup.timeout.ms = 10000
	ssl.cipher.suites = null
	ssl.enabled.protocols = [TLSv1.2, TLSv1.3]
	ssl.endpoint.identification.algorithm = https
	ssl.engine.factory.class = null
	ssl.key.password = null
	ssl.keymanager.algorithm = SunX509
	ssl.keystore.certificate.chain = null
	ssl.keystore.key = null
	ssl.keystore.location = null
	ssl.keystore.password = null
	ssl.keystore.type = JKS
	ssl.protocol = TLSv1.3
	ssl.provider = null
	ssl.secure.random.implementation = null
	ssl.trustmanager.algorithm = PKIX
	ssl.truststore.certificates = null
	ssl.truststore.location = null
	ssl.truststore.password = null
	ssl.truststore.type = JKS
	value.deserializer = class io.apicurio.registry.serde.protobuf.ProtobufKafkaDeserializer

2025-08-05 18:24:37,574 INFO  [org.apa.kaf.com.tel.int.KafkaMetricsCollector] (main) initializing Kafka metrics collector
2025-08-05 18:24:37,592 INFO  [org.apa.kaf.cli.con.ConsumerConfig] (main) These configurations '[apicurio.registry.deserializer.value.return-class, apicurio.registry.url]' were supplied but are not used yet.
2025-08-05 18:24:37,592 INFO  [org.apa.kaf.com.uti.AppInfoParser] (main) Kafka version: 3.9.1
2025-08-05 18:24:37,592 INFO  [org.apa.kaf.com.uti.AppInfoParser] (main) Kafka commitId: f745dfdcee2b9851
2025-08-05 18:24:37,592 INFO  [org.apa.kaf.com.uti.AppInfoParser] (main) Kafka startTimeMs: 1754418277592
2025-08-05 18:24:37,596 INFO  [org.apa.kaf.cli.con.int.ClassicKafkaConsumer] (Thread-802) [Consumer clientId=consumer-Consumer-topic-f5cb2c17_24de_4573_ab0e_eaf9a3ef89b0-28, groupId=Consumer-topic-f5cb2c17_24de_4573_ab0e_eaf9a3ef89b0] Subscribed to topic(s): topic-f5cb2c17_24de_4573_ab0e_eaf9a3ef89b0
2025-08-05 18:24:37,600 INFO  [org.apa.kaf.cli.Metadata] (Thread-802) [Consumer clientId=consumer-Consumer-topic-f5cb2c17_24de_4573_ab0e_eaf9a3ef89b0-28, groupId=Consumer-topic-f5cb2c17_24de_4573_ab0e_eaf9a3ef89b0] Cluster ID: PopyJKdlRzKjlQHMpYFwRA
2025-08-05 18:24:37,601 INFO  [org.apa.kaf.cli.con.int.ConsumerCoordinator] (Thread-802) [Consumer clientId=consumer-Consumer-topic-f5cb2c17_24de_4573_ab0e_eaf9a3ef89b0-28, groupId=Consumer-topic-f5cb2c17_24de_4573_ab0e_eaf9a3ef89b0] Discovered group coordinator localhost:32769 (id: 2147483647 rack: null)
2025-08-05 18:24:37,603 INFO  [org.apa.kaf.cli.con.int.ConsumerCoordinator] (Thread-802) [Consumer clientId=consumer-Consumer-topic-f5cb2c17_24de_4573_ab0e_eaf9a3ef89b0-28, groupId=Consumer-topic-f5cb2c17_24de_4573_ab0e_eaf9a3ef89b0] (Re-)joining group
2025-08-05 18:24:37,607 INFO  [org.apa.kaf.cli.con.int.ConsumerCoordinator] (Thread-802) [Consumer clientId=consumer-Consumer-topic-f5cb2c17_24de_4573_ab0e_eaf9a3ef89b0-28, groupId=Consumer-topic-f5cb2c17_24de_4573_ab0e_eaf9a3ef89b0] Request joining group due to: need to re-join with the given member-id: consumer-Consumer-topic-f5cb2c17_24de_4573_ab0e_eaf9a3ef89b0-28-ab765ec8-a203-4c83-8e07-c7bc2f31f86d
2025-08-05 18:24:37,607 INFO  [org.apa.kaf.cli.con.int.ConsumerCoordinator] (Thread-802) [Consumer clientId=consumer-Consumer-topic-f5cb2c17_24de_4573_ab0e_eaf9a3ef89b0-28, groupId=Consumer-topic-f5cb2c17_24de_4573_ab0e_eaf9a3ef89b0] (Re-)joining group
2025-08-05 18:24:38,596 INFO  [io.api.tes.ser.api.KafkaSerdesTester] (Thread-802) None found
2025-08-05 18:24:39,596 INFO  [io.api.tes.ser.api.KafkaSerdesTester] (Thread-802) None found
2025-08-05 18:24:40,596 INFO  [io.api.tes.ser.api.KafkaSerdesTester] (Thread-802) None found
2025-08-05 18:24:40,608 INFO  [org.apa.kaf.cli.con.int.ConsumerCoordinator] (Thread-802) [Consumer clientId=consumer-Consumer-topic-f5cb2c17_24de_4573_ab0e_eaf9a3ef89b0-28, groupId=Consumer-topic-f5cb2c17_24de_4573_ab0e_eaf9a3ef89b0] Successfully joined group with generation Generation{generationId=1, memberId='consumer-Consumer-topic-f5cb2c17_24de_4573_ab0e_eaf9a3ef89b0-28-ab765ec8-a203-4c83-8e07-c7bc2f31f86d', protocol='range'}
2025-08-05 18:24:40,609 INFO  [org.apa.kaf.cli.con.int.ConsumerCoordinator] (Thread-802) [Consumer clientId=consumer-Consumer-topic-f5cb2c17_24de_4573_ab0e_eaf9a3ef89b0-28, groupId=Consumer-topic-f5cb2c17_24de_4573_ab0e_eaf9a3ef89b0] Finished assignment for group at generation 1: {consumer-Consumer-topic-f5cb2c17_24de_4573_ab0e_eaf9a3ef89b0-28-ab765ec8-a203-4c83-8e07-c7bc2f31f86d=Assignment(partitions=[topic-f5cb2c17_24de_4573_ab0e_eaf9a3ef89b0-0])}
2025-08-05 18:24:40,616 INFO  [org.apa.kaf.cli.con.int.ConsumerCoordinator] (Thread-802) [Consumer clientId=consumer-Consumer-topic-f5cb2c17_24de_4573_ab0e_eaf9a3ef89b0-28, groupId=Consumer-topic-f5cb2c17_24de_4573_ab0e_eaf9a3ef89b0] Successfully synced group in generation Generation{generationId=1, memberId='consumer-Consumer-topic-f5cb2c17_24de_4573_ab0e_eaf9a3ef89b0-28-ab765ec8-a203-4c83-8e07-c7bc2f31f86d', protocol='range'}
2025-08-05 18:24:40,616 INFO  [org.apa.kaf.cli.con.int.ConsumerCoordinator] (Thread-802) [Consumer clientId=consumer-Consumer-topic-f5cb2c17_24de_4573_ab0e_eaf9a3ef89b0-28, groupId=Consumer-topic-f5cb2c17_24de_4573_ab0e_eaf9a3ef89b0] Notifying assignor about the new Assignment(partitions=[topic-f5cb2c17_24de_4573_ab0e_eaf9a3ef89b0-0])
2025-08-05 18:24:40,616 INFO  [org.apa.kaf.cli.con.int.ConsumerRebalanceListenerInvoker] (Thread-802) [Consumer clientId=consumer-Consumer-topic-f5cb2c17_24de_4573_ab0e_eaf9a3ef89b0-28, groupId=Consumer-topic-f5cb2c17_24de_4573_ab0e_eaf9a3ef89b0] Adding newly assigned partitions: topic-f5cb2c17_24de_4573_ab0e_eaf9a3ef89b0-0
2025-08-05 18:24:40,618 INFO  [org.apa.kaf.cli.con.int.ConsumerCoordinator] (Thread-802) [Consumer clientId=consumer-Consumer-topic-f5cb2c17_24de_4573_ab0e_eaf9a3ef89b0-28, groupId=Consumer-topic-f5cb2c17_24de_4573_ab0e_eaf9a3ef89b0] Found no committed offset for partition topic-f5cb2c17_24de_4573_ab0e_eaf9a3ef89b0-0
2025-08-05 18:24:40,621 INFO  [org.apa.kaf.cli.con.int.SubscriptionState] (Thread-802) [Consumer clientId=consumer-Consumer-topic-f5cb2c17_24de_4573_ab0e_eaf9a3ef89b0-28, groupId=Consumer-topic-f5cb2c17_24de_4573_ab0e_eaf9a3ef89b0] Resetting offset for partition topic-f5cb2c17_24de_4573_ab0e_eaf9a3ef89b0-0 to position FetchPosition{offset=0, offsetEpoch=Optional.empty, currentLeader=LeaderAndEpoch{leader=Optional[localhost:32769 (id: 0 rack: null)], epoch=0}}.
2025-08-05 18:24:40,885 INFO  [io.api.tes.ser.api.KafkaSerdesTester] (Thread-802) topic-f5cb2c17_24de_4573_ab0e_eaf9a3ef89b0 0 0 header {
  time {
  }
}
d1: 1.754418277216E12
s1: "a"
i1: 123
bi1: 1
point {
  longitude: 22.0
  latitude: 22.0
  altitude: 1.0
}

2025-08-05 18:24:40,885 INFO  [io.api.tes.ser.api.KafkaSerdesTester] (Thread-802) topic-f5cb2c17_24de_4573_ab0e_eaf9a3ef89b0 0 1 header {
  time {
  }
}
d1: 1.754418277548E12
s1: "a"
i1: 123
bi1: 1
point {
  longitude: 22.0
  latitude: 22.0
  altitude: 1.0
}

2025-08-05 18:24:40,885 INFO  [io.api.tes.ser.api.KafkaSerdesTester] (Thread-802) topic-f5cb2c17_24de_4573_ab0e_eaf9a3ef89b0 0 2 header {
  time {
  }
}
d1: 1.75441827755E12
s1: "a"
i1: 123
bi1: 1
point {
  longitude: 22.0
  latitude: 22.0
  altitude: 1.0
}

2025-08-05 18:24:40,885 INFO  [io.api.tes.ser.api.KafkaSerdesTester] (Thread-802) topic-f5cb2c17_24de_4573_ab0e_eaf9a3ef89b0 0 3 header {
  time {
  }
}
d1: 1.754418277552E12
s1: "a"
i1: 123
bi1: 1
point {
  longitude: 22.0
  latitude: 22.0
  altitude: 1.0
}

2025-08-05 18:24:40,885 INFO  [io.api.tes.ser.api.KafkaSerdesTester] (Thread-802) topic-f5cb2c17_24de_4573_ab0e_eaf9a3ef89b0 0 4 header {
  time {
  }
}
d1: 1.754418277555E12
s1: "a"
i1: 123
bi1: 1
point {
  longitude: 22.0
  latitude: 22.0
  altitude: 1.0
}

2025-08-05 18:24:40,885 INFO  [io.api.tes.ser.api.KafkaSerdesTester] (Thread-802) topic-f5cb2c17_24de_4573_ab0e_eaf9a3ef89b0 0 5 header {
  time {
  }
}
d1: 1.754418277556E12
s1: "a"
i1: 123
bi1: 1
point {
  longitude: 22.0
  latitude: 22.0
  altitude: 1.0
}

2025-08-05 18:24:40,885 INFO  [io.api.tes.ser.api.KafkaSerdesTester] (Thread-802) topic-f5cb2c17_24de_4573_ab0e_eaf9a3ef89b0 0 6 header {
  time {
  }
}
d1: 1.754418277561E12
s1: "a"
i1: 123
bi1: 1
point {
  longitude: 22.0
  latitude: 22.0
  altitude: 1.0
}

2025-08-05 18:24:40,885 INFO  [io.api.tes.ser.api.KafkaSerdesTester] (Thread-802) topic-f5cb2c17_24de_4573_ab0e_eaf9a3ef89b0 0 7 header {
  time {
  }
}
d1: 1.754418277563E12
s1: "a"
i1: 123
bi1: 1
point {
  longitude: 22.0
  latitude: 22.0
  altitude: 1.0
}

2025-08-05 18:24:40,885 INFO  [io.api.tes.ser.api.KafkaSerdesTester] (Thread-802) topic-f5cb2c17_24de_4573_ab0e_eaf9a3ef89b0 0 8 header {
  time {
  }
}
d1: 1.754418277565E12
s1: "a"
i1: 123
bi1: 1
point {
  longitude: 22.0
  latitude: 22.0
  altitude: 1.0
}

2025-08-05 18:24:40,885 INFO  [io.api.tes.ser.api.KafkaSerdesTester] (Thread-802) topic-f5cb2c17_24de_4573_ab0e_eaf9a3ef89b0 0 9 header {
  time {
  }
}
d1: 1.754418277566E12
s1: "a"
i1: 123
bi1: 1
point {
  longitude: 22.0
  latitude: 22.0
  altitude: 1.0
}

2025-08-05 18:24:40,885 INFO  [io.api.tes.ser.api.KafkaSerdesTester] (Thread-802) Consumed 10 messages
2025-08-05 18:24:40,893 INFO  [org.apa.kaf.cli.con.int.ConsumerRebalanceListenerInvoker] (Thread-802) [Consumer clientId=consumer-Consumer-topic-f5cb2c17_24de_4573_ab0e_eaf9a3ef89b0-28, groupId=Consumer-topic-f5cb2c17_24de_4573_ab0e_eaf9a3ef89b0] Revoke previously assigned partitions topic-f5cb2c17_24de_4573_ab0e_eaf9a3ef89b0-0
2025-08-05 18:24:40,893 INFO  [org.apa.kaf.cli.con.int.ConsumerCoordinator] (Thread-802) [Consumer clientId=consumer-Consumer-topic-f5cb2c17_24de_4573_ab0e_eaf9a3ef89b0-28, groupId=Consumer-topic-f5cb2c17_24de_4573_ab0e_eaf9a3ef89b0] Member consumer-Consumer-topic-f5cb2c17_24de_4573_ab0e_eaf9a3ef89b0-28-ab765ec8-a203-4c83-8e07-c7bc2f31f86d sending LeaveGroup request to coordinator localhost:32769 (id: 2147483647 rack: null) due to the consumer is being closed
2025-08-05 18:24:40,893 INFO  [org.apa.kaf.cli.con.int.ConsumerCoordinator] (Thread-802) [Consumer clientId=consumer-Consumer-topic-f5cb2c17_24de_4573_ab0e_eaf9a3ef89b0-28, groupId=Consumer-topic-f5cb2c17_24de_4573_ab0e_eaf9a3ef89b0] Resetting generation and member id due to: consumer pro-actively leaving the group
2025-08-05 18:24:40,893 INFO  [org.apa.kaf.cli.con.int.ConsumerCoordinator] (Thread-802) [Consumer clientId=consumer-Consumer-topic-f5cb2c17_24de_4573_ab0e_eaf9a3ef89b0-28, groupId=Consumer-topic-f5cb2c17_24de_4573_ab0e_eaf9a3ef89b0] Request joining group due to: consumer pro-actively leaving the group
2025-08-05 18:24:41,386 INFO  [org.apa.kaf.com.met.Metrics] (Thread-802) Metrics scheduler closed
2025-08-05 18:24:41,386 INFO  [org.apa.kaf.com.met.Metrics] (Thread-802) Closing reporter org.apache.kafka.common.metrics.JmxReporter
2025-08-05 18:24:41,386 INFO  [org.apa.kaf.com.met.Metrics] (Thread-802) Closing reporter org.apache.kafka.common.telemetry.internals.ClientTelemetryReporter
2025-08-05 18:24:41,386 INFO  [org.apa.kaf.com.met.Metrics] (Thread-802) Metrics reporters closed
2025-08-05 18:24:41,388 INFO  [org.apa.kaf.com.uti.AppInfoParser] (Thread-802) App info kafka.consumer for consumer-Consumer-topic-f5cb2c17_24de_4573_ab0e_eaf9a3ef89b0-28 unregistered
2025-08-05 18:24:41,388 INFO  [io.api.tes.uti.TestSeparator] (main) io.apicurio.tests.serdes.apicurio.ProtobufSerdeIT.testFindLatestDynamicMessageProtobufType-FINISHED
2025-08-05 18:24:41,388 INFO  [io.api.tes.uti.TestSeparator] (main) ############################################################################
Test passed: testFindLatestDynamicMessageProtobufType
]]></system-out>
  </testcase>
  <testcase name="testFindLatestDeriveClassProtobufTypeSimpleTopicIdStrategy" classname="io.apicurio.tests.serdes.apicurio.ProtobufSerdeIT" time="1.158">
    <system-out><![CDATA[2025-08-05 18:24:41,389 INFO  [io.api.tes.uti.TestSeparator] (main) ############################################################################
2025-08-05 18:24:41,389 INFO  [io.api.tes.uti.TestSeparator] (main) io.apicurio.tests.serdes.apicurio.ProtobufSerdeIT.testFindLatestDeriveClassProtobufTypeSimpleTopicIdStrategy-STARTED
2025-08-05 18:24:42,547 INFO  [io.api.tes.uti.TestSeparator] (main) io.apicurio.tests.serdes.apicurio.ProtobufSerdeIT.testFindLatestDeriveClassProtobufTypeSimpleTopicIdStrategy-FINISHED
2025-08-05 18:24:42,547 INFO  [io.api.tes.uti.TestSeparator] (main) ############################################################################
Test passed: testFindLatestDeriveClassProtobufTypeSimpleTopicIdStrategy
]]></system-out>
  </testcase>
  <testcase name="testFindLatestAndUseBody" classname="io.apicurio.tests.serdes.apicurio.ProtobufSerdeIT" time="5.357">
    <system-out><![CDATA[2025-08-05 18:24:42,549 INFO  [io.api.tes.uti.TestSeparator] (main) ############################################################################
2025-08-05 18:24:42,549 INFO  [io.api.tes.uti.TestSeparator] (main) io.apicurio.tests.serdes.apicurio.ProtobufSerdeIT.testFindLatestAndUseBody-STARTED
**** Registry Base URL: http://registry-app-inmemory.apps.ci419.apicurio-testing.org:80
2025-08-05 18:24:43,702 INFO  [org.apa.kaf.cli.pro.ProducerConfig] (main) ProducerConfig values: 
	acks = -1
	auto.include.jmx.reporter = true
	batch.size = 16384
	bootstrap.servers = [PLAINTEXT://localhost:32769]
	buffer.memory = 33554432
	client.dns.lookup = use_all_dns_ips
	client.id = Producer-topic-4024281b_413b_43c4_aea6_8046dd65faef
	compression.gzip.level = -1
	compression.lz4.level = 9
	compression.type = none
	compression.zstd.level = 3
	connections.max.idle.ms = 10000
	delivery.timeout.ms = 120000
	enable.idempotence = true
	enable.metrics.push = true
	interceptor.classes = []
	key.serializer = class org.apache.kafka.common.serialization.StringSerializer
	linger.ms = 0
	max.block.ms = 60000
	max.in.flight.requests.per.connection = 5
	max.request.size = 1048576
	metadata.max.age.ms = 300000
	metadata.max.idle.ms = 300000
	metadata.recovery.strategy = none
	metric.reporters = []
	metrics.num.samples = 2
	metrics.recording.level = INFO
	metrics.sample.window.ms = 30000
	partitioner.adaptive.partitioning.enable = true
	partitioner.availability.timeout.ms = 0
	partitioner.class = null
	partitioner.ignore.keys = false
	receive.buffer.bytes = 32768
	reconnect.backoff.max.ms = 1000
	reconnect.backoff.ms = 50
	request.timeout.ms = 5000
	retries = 2147483647
	retry.backoff.max.ms = 1000
	retry.backoff.ms = 100
	sasl.client.callback.handler.class = null
	sasl.jaas.config = null
	sasl.kerberos.kinit.cmd = /usr/bin/kinit
	sasl.kerberos.min.time.before.relogin = 60000
	sasl.kerberos.service.name = null
	sasl.kerberos.ticket.renew.jitter = 0.05
	sasl.kerberos.ticket.renew.window.factor = 0.8
	sasl.login.callback.handler.class = null
	sasl.login.class = null
	sasl.login.connect.timeout.ms = null
	sasl.login.read.timeout.ms = null
	sasl.login.refresh.buffer.seconds = 300
	sasl.login.refresh.min.period.seconds = 60
	sasl.login.refresh.window.factor = 0.8
	sasl.login.refresh.window.jitter = 0.05
	sasl.login.retry.backoff.max.ms = 10000
	sasl.login.retry.backoff.ms = 100
	sasl.mechanism = GSSAPI
	sasl.oauthbearer.clock.skew.seconds = 30
	sasl.oauthbearer.expected.audience = null
	sasl.oauthbearer.expected.issuer = null
	sasl.oauthbearer.header.urlencode = false
	sasl.oauthbearer.jwks.endpoint.refresh.ms = 3600000
	sasl.oauthbearer.jwks.endpoint.retry.backoff.max.ms = 10000
	sasl.oauthbearer.jwks.endpoint.retry.backoff.ms = 100
	sasl.oauthbearer.jwks.endpoint.url = null
	sasl.oauthbearer.scope.claim.name = scope
	sasl.oauthbearer.sub.claim.name = sub
	sasl.oauthbearer.token.endpoint.url = null
	security.protocol = PLAINTEXT
	security.providers = null
	send.buffer.bytes = 131072
	socket.connection.setup.timeout.max.ms = 30000
	socket.connection.setup.timeout.ms = 10000
	ssl.cipher.suites = null
	ssl.enabled.protocols = [TLSv1.2, TLSv1.3]
	ssl.endpoint.identification.algorithm = https
	ssl.engine.factory.class = null
	ssl.key.password = null
	ssl.keymanager.algorithm = SunX509
	ssl.keystore.certificate.chain = null
	ssl.keystore.key = null
	ssl.keystore.location = null
	ssl.keystore.password = null
	ssl.keystore.type = JKS
	ssl.protocol = TLSv1.3
	ssl.provider = null
	ssl.secure.random.implementation = null
	ssl.trustmanager.algorithm = PKIX
	ssl.truststore.certificates = null
	ssl.truststore.location = null
	ssl.truststore.password = null
	ssl.truststore.type = JKS
	transaction.timeout.ms = 60000
	transactional.id = null
	value.serializer = class io.apicurio.registry.serde.protobuf.ProtobufKafkaSerializer

2025-08-05 18:24:43,702 INFO  [org.apa.kaf.com.tel.int.KafkaMetricsCollector] (main) initializing Kafka metrics collector
2025-08-05 18:24:43,705 INFO  [org.apa.kaf.cli.pro.KafkaProducer] (main) [Producer clientId=Producer-topic-4024281b_413b_43c4_aea6_8046dd65faef] Instantiated an idempotent producer.
2025-08-05 18:24:43,706 INFO  [org.apa.kaf.cli.pro.ProducerConfig] (main) These configurations '[apicurio.registry.find-latest, apicurio.registry.url, apicurio.registry.artifact-resolver-strategy]' were supplied but are not used yet.
2025-08-05 18:24:43,706 INFO  [org.apa.kaf.com.uti.AppInfoParser] (main) Kafka version: 3.9.1
2025-08-05 18:24:43,706 INFO  [org.apa.kaf.com.uti.AppInfoParser] (main) Kafka commitId: f745dfdcee2b9851
2025-08-05 18:24:43,706 INFO  [org.apa.kaf.com.uti.AppInfoParser] (main) Kafka startTimeMs: 1754418283706
2025-08-05 18:24:43,706 INFO  [io.api.tes.ser.api.SimpleSerdesTesterBuilder$SimpleSerdesTester] (main) Using producer configuration: {apicurio.registry.find-latest=true, apicurio.registry.url=http://registry-app-inmemory.apps.ci419.apicurio-testing.org:80/apis/registry/v3, apicurio.registry.artifact-resolver-strategy=io.apicurio.registry.serde.strategy.TopicIdStrategy, value.serializer=io.apicurio.registry.serde.protobuf.ProtobufKafkaSerializer, request.timeout.ms=5000, acks=all, bootstrap.servers=PLAINTEXT://localhost:32769, connections.max.idle.ms=10000, key.serializer=org.apache.kafka.common.serialization.StringSerializer, client.id=Producer-topic-4024281b_413b_43c4_aea6_8046dd65faef}
2025-08-05 18:24:43,706 INFO  [io.api.tes.ser.api.SimpleSerdesTesterBuilder$SimpleSerdesTester] (main) Using consumer configuration: {}
2025-08-05 18:24:43,707 INFO  [io.api.tes.ser.api.KafkaSerdesTester] (Thread-805) Sending message header {
  time {
  }
}
d1: 1.754418283706E12
s1: "a"
i1: 123
bi1: 1
point {
  longitude: 22.0
  latitude: 22.0
  altitude: 1.0
}
 to topic topic-4024281b_413b_43c4_aea6_8046dd65faef
2025-08-05 18:24:43,709 INFO  [org.apa.kaf.cli.Metadata] (kafka-producer-network-thread | Producer-topic-4024281b_413b_43c4_aea6_8046dd65faef) [Producer clientId=Producer-topic-4024281b_413b_43c4_aea6_8046dd65faef] Cluster ID: PopyJKdlRzKjlQHMpYFwRA
2025-08-05 18:24:43,710 INFO  [org.apa.kaf.cli.pro.int.TransactionManager] (kafka-producer-network-thread | Producer-topic-4024281b_413b_43c4_aea6_8046dd65faef) [Producer clientId=Producer-topic-4024281b_413b_43c4_aea6_8046dd65faef] ProducerId set to 37 with epoch 0
2025-08-05 18:24:44,050 INFO  [io.api.tes.ser.api.KafkaSerdesTester] (Thread-805) Sending message header {
  time {
  }
}
d1: 1.75441828405E12
s1: "a"
i1: 123
bi1: 1
point {
  longitude: 22.0
  latitude: 22.0
  altitude: 1.0
}
 to topic topic-4024281b_413b_43c4_aea6_8046dd65faef
2025-08-05 18:24:44,051 INFO  [io.api.tes.ser.api.KafkaSerdesTester] (Thread-805) Sending message header {
  time {
  }
}
d1: 1.754418284051E12
s1: "a"
i1: 123
bi1: 1
point {
  longitude: 22.0
  latitude: 22.0
  altitude: 1.0
}
 to topic topic-4024281b_413b_43c4_aea6_8046dd65faef
2025-08-05 18:24:44,053 INFO  [io.api.tes.ser.api.KafkaSerdesTester] (Thread-805) Sending message header {
  time {
  }
}
d1: 1.754418284053E12
s1: "a"
i1: 123
bi1: 1
point {
  longitude: 22.0
  latitude: 22.0
  altitude: 1.0
}
 to topic topic-4024281b_413b_43c4_aea6_8046dd65faef
2025-08-05 18:24:44,054 INFO  [io.api.tes.ser.api.KafkaSerdesTester] (Thread-805) Sending message header {
  time {
  }
}
d1: 1.754418284054E12
s1: "a"
i1: 123
bi1: 1
point {
  longitude: 22.0
  latitude: 22.0
  altitude: 1.0
}
 to topic topic-4024281b_413b_43c4_aea6_8046dd65faef
2025-08-05 18:24:44,056 INFO  [io.api.tes.ser.api.KafkaSerdesTester] (Thread-805) Sending message header {
  time {
  }
}
d1: 1.754418284056E12
s1: "a"
i1: 123
bi1: 1
point {
  longitude: 22.0
  latitude: 22.0
  altitude: 1.0
}
 to topic topic-4024281b_413b_43c4_aea6_8046dd65faef
2025-08-05 18:24:44,063 INFO  [io.api.tes.ser.api.KafkaSerdesTester] (Thread-805) Sending message header {
  time {
  }
}
d1: 1.754418284063E12
s1: "a"
i1: 123
bi1: 1
point {
  longitude: 22.0
  latitude: 22.0
  altitude: 1.0
}
 to topic topic-4024281b_413b_43c4_aea6_8046dd65faef
2025-08-05 18:24:44,064 INFO  [io.api.tes.ser.api.KafkaSerdesTester] (Thread-805) Sending message header {
  time {
  }
}
d1: 1.754418284064E12
s1: "a"
i1: 123
bi1: 1
point {
  longitude: 22.0
  latitude: 22.0
  altitude: 1.0
}
 to topic topic-4024281b_413b_43c4_aea6_8046dd65faef
2025-08-05 18:24:44,066 INFO  [io.api.tes.ser.api.KafkaSerdesTester] (Thread-805) Sending message header {
  time {
  }
}
d1: 1.754418284066E12
s1: "a"
i1: 123
bi1: 1
point {
  longitude: 22.0
  latitude: 22.0
  altitude: 1.0
}
 to topic topic-4024281b_413b_43c4_aea6_8046dd65faef
2025-08-05 18:24:44,070 INFO  [io.api.tes.ser.api.KafkaSerdesTester] (Thread-805) Sending message header {
  time {
  }
}
d1: 1.75441828407E12
s1: "a"
i1: 123
bi1: 1
point {
  longitude: 22.0
  latitude: 22.0
  altitude: 1.0
}
 to topic topic-4024281b_413b_43c4_aea6_8046dd65faef
2025-08-05 18:24:44,071 INFO  [io.api.tes.ser.api.KafkaSerdesTester] (Thread-805) Produced 10 messages
2025-08-05 18:24:44,072 INFO  [org.apa.kaf.cli.pro.KafkaProducer] (Thread-805) [Producer clientId=Producer-topic-4024281b_413b_43c4_aea6_8046dd65faef] Closing the Kafka producer with timeoutMillis = 9223372036854775807 ms.
2025-08-05 18:24:44,074 INFO  [org.apa.kaf.com.met.Metrics] (Thread-805) Metrics scheduler closed
2025-08-05 18:24:44,074 INFO  [org.apa.kaf.com.met.Metrics] (Thread-805) Closing reporter org.apache.kafka.common.metrics.JmxReporter
2025-08-05 18:24:44,074 INFO  [org.apa.kaf.com.met.Metrics] (Thread-805) Closing reporter org.apache.kafka.common.telemetry.internals.ClientTelemetryReporter
2025-08-05 18:24:44,074 INFO  [org.apa.kaf.com.met.Metrics] (Thread-805) Metrics reporters closed
2025-08-05 18:24:44,074 INFO  [org.apa.kaf.com.uti.AppInfoParser] (Thread-805) App info kafka.producer for Producer-topic-4024281b_413b_43c4_aea6_8046dd65faef unregistered
**** Registry Base URL: http://registry-app-inmemory.apps.ci419.apicurio-testing.org:80
2025-08-05 18:24:44,075 INFO  [org.apa.kaf.cli.con.ConsumerConfig] (main) ConsumerConfig values: 
	allow.auto.create.topics = true
	auto.commit.interval.ms = 500
	auto.include.jmx.reporter = true
	auto.offset.reset = earliest
	bootstrap.servers = [PLAINTEXT://localhost:32769]
	check.crcs = true
	client.dns.lookup = use_all_dns_ips
	client.id = consumer-Consumer-topic-4024281b_413b_43c4_aea6_8046dd65faef-29
	client.rack = 
	connections.max.idle.ms = 10000
	default.api.timeout.ms = 60000
	enable.auto.commit = true
	enable.metrics.push = true
	exclude.internal.topics = true
	fetch.max.bytes = 52428800
	fetch.max.wait.ms = 500
	fetch.min.bytes = 1
	group.id = Consumer-topic-4024281b_413b_43c4_aea6_8046dd65faef
	group.instance.id = null
	group.protocol = classic
	group.remote.assignor = null
	heartbeat.interval.ms = 3000
	interceptor.classes = []
	internal.leave.group.on.close = true
	internal.throw.on.fetch.stable.offset.unsupported = false
	isolation.level = read_uncommitted
	key.deserializer = class org.apache.kafka.common.serialization.StringDeserializer
	max.partition.fetch.bytes = 1048576
	max.poll.interval.ms = 300000
	max.poll.records = 500
	metadata.max.age.ms = 300000
	metadata.recovery.strategy = none
	metric.reporters = []
	metrics.num.samples = 2
	metrics.recording.level = INFO
	metrics.sample.window.ms = 30000
	partition.assignment.strategy = [class org.apache.kafka.clients.consumer.RangeAssignor, class org.apache.kafka.clients.consumer.CooperativeStickyAssignor]
	receive.buffer.bytes = 65536
	reconnect.backoff.max.ms = 1000
	reconnect.backoff.ms = 50
	request.timeout.ms = 5000
	retry.backoff.max.ms = 1000
	retry.backoff.ms = 100
	sasl.client.callback.handler.class = null
	sasl.jaas.config = null
	sasl.kerberos.kinit.cmd = /usr/bin/kinit
	sasl.kerberos.min.time.before.relogin = 60000
	sasl.kerberos.service.name = null
	sasl.kerberos.ticket.renew.jitter = 0.05
	sasl.kerberos.ticket.renew.window.factor = 0.8
	sasl.login.callback.handler.class = null
	sasl.login.class = null
	sasl.login.connect.timeout.ms = null
	sasl.login.read.timeout.ms = null
	sasl.login.refresh.buffer.seconds = 300
	sasl.login.refresh.min.period.seconds = 60
	sasl.login.refresh.window.factor = 0.8
	sasl.login.refresh.window.jitter = 0.05
	sasl.login.retry.backoff.max.ms = 10000
	sasl.login.retry.backoff.ms = 100
	sasl.mechanism = GSSAPI
	sasl.oauthbearer.clock.skew.seconds = 30
	sasl.oauthbearer.expected.audience = null
	sasl.oauthbearer.expected.issuer = null
	sasl.oauthbearer.header.urlencode = false
	sasl.oauthbearer.jwks.endpoint.refresh.ms = 3600000
	sasl.oauthbearer.jwks.endpoint.retry.backoff.max.ms = 10000
	sasl.oauthbearer.jwks.endpoint.retry.backoff.ms = 100
	sasl.oauthbearer.jwks.endpoint.url = null
	sasl.oauthbearer.scope.claim.name = scope
	sasl.oauthbearer.sub.claim.name = sub
	sasl.oauthbearer.token.endpoint.url = null
	security.protocol = PLAINTEXT
	security.providers = null
	send.buffer.bytes = 131072
	session.timeout.ms = 45000
	socket.connection.setup.timeout.max.ms = 30000
	socket.connection.setup.timeout.ms = 10000
	ssl.cipher.suites = null
	ssl.enabled.protocols = [TLSv1.2, TLSv1.3]
	ssl.endpoint.identification.algorithm = https
	ssl.engine.factory.class = null
	ssl.key.password = null
	ssl.keymanager.algorithm = SunX509
	ssl.keystore.certificate.chain = null
	ssl.keystore.key = null
	ssl.keystore.location = null
	ssl.keystore.password = null
	ssl.keystore.type = JKS
	ssl.protocol = TLSv1.3
	ssl.provider = null
	ssl.secure.random.implementation = null
	ssl.trustmanager.algorithm = PKIX
	ssl.truststore.certificates = null
	ssl.truststore.location = null
	ssl.truststore.password = null
	ssl.truststore.type = JKS
	value.deserializer = class io.apicurio.registry.serde.protobuf.ProtobufKafkaDeserializer

2025-08-05 18:24:44,075 INFO  [org.apa.kaf.com.tel.int.KafkaMetricsCollector] (main) initializing Kafka metrics collector
2025-08-05 18:24:44,084 INFO  [org.apa.kaf.cli.con.ConsumerConfig] (main) These configurations '[apicurio.registry.url]' were supplied but are not used yet.
2025-08-05 18:24:44,084 INFO  [org.apa.kaf.com.uti.AppInfoParser] (main) Kafka version: 3.9.1
2025-08-05 18:24:44,085 INFO  [org.apa.kaf.com.uti.AppInfoParser] (main) Kafka commitId: f745dfdcee2b9851
2025-08-05 18:24:44,085 INFO  [org.apa.kaf.com.uti.AppInfoParser] (main) Kafka startTimeMs: 1754418284084
2025-08-05 18:24:44,085 INFO  [org.apa.kaf.cli.con.int.ClassicKafkaConsumer] (Thread-808) [Consumer clientId=consumer-Consumer-topic-4024281b_413b_43c4_aea6_8046dd65faef-29, groupId=Consumer-topic-4024281b_413b_43c4_aea6_8046dd65faef] Subscribed to topic(s): topic-4024281b_413b_43c4_aea6_8046dd65faef
2025-08-05 18:24:44,089 INFO  [org.apa.kaf.cli.Metadata] (Thread-808) [Consumer clientId=consumer-Consumer-topic-4024281b_413b_43c4_aea6_8046dd65faef-29, groupId=Consumer-topic-4024281b_413b_43c4_aea6_8046dd65faef] Cluster ID: PopyJKdlRzKjlQHMpYFwRA
2025-08-05 18:24:44,090 INFO  [org.apa.kaf.cli.con.int.ConsumerCoordinator] (Thread-808) [Consumer clientId=consumer-Consumer-topic-4024281b_413b_43c4_aea6_8046dd65faef-29, groupId=Consumer-topic-4024281b_413b_43c4_aea6_8046dd65faef] Discovered group coordinator localhost:32769 (id: 2147483647 rack: null)
2025-08-05 18:24:44,091 INFO  [org.apa.kaf.cli.con.int.ConsumerCoordinator] (Thread-808) [Consumer clientId=consumer-Consumer-topic-4024281b_413b_43c4_aea6_8046dd65faef-29, groupId=Consumer-topic-4024281b_413b_43c4_aea6_8046dd65faef] (Re-)joining group
2025-08-05 18:24:44,093 INFO  [org.apa.kaf.cli.con.int.ConsumerCoordinator] (Thread-808) [Consumer clientId=consumer-Consumer-topic-4024281b_413b_43c4_aea6_8046dd65faef-29, groupId=Consumer-topic-4024281b_413b_43c4_aea6_8046dd65faef] Request joining group due to: need to re-join with the given member-id: consumer-Consumer-topic-4024281b_413b_43c4_aea6_8046dd65faef-29-42ace9af-0614-499b-95ee-4006e2bb3a82
2025-08-05 18:24:44,093 INFO  [org.apa.kaf.cli.con.int.ConsumerCoordinator] (Thread-808) [Consumer clientId=consumer-Consumer-topic-4024281b_413b_43c4_aea6_8046dd65faef-29, groupId=Consumer-topic-4024281b_413b_43c4_aea6_8046dd65faef] (Re-)joining group
2025-08-05 18:24:45,085 INFO  [io.api.tes.ser.api.KafkaSerdesTester] (Thread-808) None found
2025-08-05 18:24:46,085 INFO  [io.api.tes.ser.api.KafkaSerdesTester] (Thread-808) None found
2025-08-05 18:24:47,085 INFO  [io.api.tes.ser.api.KafkaSerdesTester] (Thread-808) None found
2025-08-05 18:24:47,095 INFO  [org.apa.kaf.cli.con.int.ConsumerCoordinator] (Thread-808) [Consumer clientId=consumer-Consumer-topic-4024281b_413b_43c4_aea6_8046dd65faef-29, groupId=Consumer-topic-4024281b_413b_43c4_aea6_8046dd65faef] Successfully joined group with generation Generation{generationId=1, memberId='consumer-Consumer-topic-4024281b_413b_43c4_aea6_8046dd65faef-29-42ace9af-0614-499b-95ee-4006e2bb3a82', protocol='range'}
2025-08-05 18:24:47,096 INFO  [org.apa.kaf.cli.con.int.ConsumerCoordinator] (Thread-808) [Consumer clientId=consumer-Consumer-topic-4024281b_413b_43c4_aea6_8046dd65faef-29, groupId=Consumer-topic-4024281b_413b_43c4_aea6_8046dd65faef] Finished assignment for group at generation 1: {consumer-Consumer-topic-4024281b_413b_43c4_aea6_8046dd65faef-29-42ace9af-0614-499b-95ee-4006e2bb3a82=Assignment(partitions=[topic-4024281b_413b_43c4_aea6_8046dd65faef-0])}
2025-08-05 18:24:47,102 INFO  [org.apa.kaf.cli.con.int.ConsumerCoordinator] (Thread-808) [Consumer clientId=consumer-Consumer-topic-4024281b_413b_43c4_aea6_8046dd65faef-29, groupId=Consumer-topic-4024281b_413b_43c4_aea6_8046dd65faef] Successfully synced group in generation Generation{generationId=1, memberId='consumer-Consumer-topic-4024281b_413b_43c4_aea6_8046dd65faef-29-42ace9af-0614-499b-95ee-4006e2bb3a82', protocol='range'}
2025-08-05 18:24:47,102 INFO  [org.apa.kaf.cli.con.int.ConsumerCoordinator] (Thread-808) [Consumer clientId=consumer-Consumer-topic-4024281b_413b_43c4_aea6_8046dd65faef-29, groupId=Consumer-topic-4024281b_413b_43c4_aea6_8046dd65faef] Notifying assignor about the new Assignment(partitions=[topic-4024281b_413b_43c4_aea6_8046dd65faef-0])
2025-08-05 18:24:47,102 INFO  [org.apa.kaf.cli.con.int.ConsumerRebalanceListenerInvoker] (Thread-808) [Consumer clientId=consumer-Consumer-topic-4024281b_413b_43c4_aea6_8046dd65faef-29, groupId=Consumer-topic-4024281b_413b_43c4_aea6_8046dd65faef] Adding newly assigned partitions: topic-4024281b_413b_43c4_aea6_8046dd65faef-0
2025-08-05 18:24:47,103 INFO  [org.apa.kaf.cli.con.int.ConsumerCoordinator] (Thread-808) [Consumer clientId=consumer-Consumer-topic-4024281b_413b_43c4_aea6_8046dd65faef-29, groupId=Consumer-topic-4024281b_413b_43c4_aea6_8046dd65faef] Found no committed offset for partition topic-4024281b_413b_43c4_aea6_8046dd65faef-0
2025-08-05 18:24:47,105 INFO  [org.apa.kaf.cli.con.int.SubscriptionState] (Thread-808) [Consumer clientId=consumer-Consumer-topic-4024281b_413b_43c4_aea6_8046dd65faef-29, groupId=Consumer-topic-4024281b_413b_43c4_aea6_8046dd65faef] Resetting offset for partition topic-4024281b_413b_43c4_aea6_8046dd65faef-0 to position FetchPosition{offset=0, offsetEpoch=Optional.empty, currentLeader=LeaderAndEpoch{leader=Optional[localhost:32769 (id: 0 rack: null)], epoch=0}}.
2025-08-05 18:24:47,400 INFO  [io.api.tes.ser.api.KafkaSerdesTester] (Thread-808) topic-4024281b_413b_43c4_aea6_8046dd65faef 0 0 header {
  time {
  }
}
d1: 1.754418283706E12
s1: "a"
i1: 123
bi1: 1
point {
  longitude: 22.0
  latitude: 22.0
  altitude: 1.0
}

2025-08-05 18:24:47,400 INFO  [io.api.tes.ser.api.KafkaSerdesTester] (Thread-808) topic-4024281b_413b_43c4_aea6_8046dd65faef 0 1 header {
  time {
  }
}
d1: 1.75441828405E12
s1: "a"
i1: 123
bi1: 1
point {
  longitude: 22.0
  latitude: 22.0
  altitude: 1.0
}

2025-08-05 18:24:47,400 INFO  [io.api.tes.ser.api.KafkaSerdesTester] (Thread-808) topic-4024281b_413b_43c4_aea6_8046dd65faef 0 2 header {
  time {
  }
}
d1: 1.754418284051E12
s1: "a"
i1: 123
bi1: 1
point {
  longitude: 22.0
  latitude: 22.0
  altitude: 1.0
}

2025-08-05 18:24:47,400 INFO  [io.api.tes.ser.api.KafkaSerdesTester] (Thread-808) topic-4024281b_413b_43c4_aea6_8046dd65faef 0 3 header {
  time {
  }
}
d1: 1.754418284053E12
s1: "a"
i1: 123
bi1: 1
point {
  longitude: 22.0
  latitude: 22.0
  altitude: 1.0
}

2025-08-05 18:24:47,400 INFO  [io.api.tes.ser.api.KafkaSerdesTester] (Thread-808) topic-4024281b_413b_43c4_aea6_8046dd65faef 0 4 header {
  time {
  }
}
d1: 1.754418284054E12
s1: "a"
i1: 123
bi1: 1
point {
  longitude: 22.0
  latitude: 22.0
  altitude: 1.0
}

2025-08-05 18:24:47,400 INFO  [io.api.tes.ser.api.KafkaSerdesTester] (Thread-808) topic-4024281b_413b_43c4_aea6_8046dd65faef 0 5 header {
  time {
  }
}
d1: 1.754418284056E12
s1: "a"
i1: 123
bi1: 1
point {
  longitude: 22.0
  latitude: 22.0
  altitude: 1.0
}

2025-08-05 18:24:47,400 INFO  [io.api.tes.ser.api.KafkaSerdesTester] (Thread-808) topic-4024281b_413b_43c4_aea6_8046dd65faef 0 6 header {
  time {
  }
}
d1: 1.754418284063E12
s1: "a"
i1: 123
bi1: 1
point {
  longitude: 22.0
  latitude: 22.0
  altitude: 1.0
}

2025-08-05 18:24:47,401 INFO  [io.api.tes.ser.api.KafkaSerdesTester] (Thread-808) topic-4024281b_413b_43c4_aea6_8046dd65faef 0 7 header {
  time {
  }
}
d1: 1.754418284064E12
s1: "a"
i1: 123
bi1: 1
point {
  longitude: 22.0
  latitude: 22.0
  altitude: 1.0
}

2025-08-05 18:24:47,401 INFO  [io.api.tes.ser.api.KafkaSerdesTester] (Thread-808) topic-4024281b_413b_43c4_aea6_8046dd65faef 0 8 header {
  time {
  }
}
d1: 1.754418284066E12
s1: "a"
i1: 123
bi1: 1
point {
  longitude: 22.0
  latitude: 22.0
  altitude: 1.0
}

2025-08-05 18:24:47,401 INFO  [io.api.tes.ser.api.KafkaSerdesTester] (Thread-808) topic-4024281b_413b_43c4_aea6_8046dd65faef 0 9 header {
  time {
  }
}
d1: 1.75441828407E12
s1: "a"
i1: 123
bi1: 1
point {
  longitude: 22.0
  latitude: 22.0
  altitude: 1.0
}

2025-08-05 18:24:47,401 INFO  [io.api.tes.ser.api.KafkaSerdesTester] (Thread-808) Consumed 10 messages
2025-08-05 18:24:47,411 INFO  [org.apa.kaf.cli.con.int.ConsumerRebalanceListenerInvoker] (Thread-808) [Consumer clientId=consumer-Consumer-topic-4024281b_413b_43c4_aea6_8046dd65faef-29, groupId=Consumer-topic-4024281b_413b_43c4_aea6_8046dd65faef] Revoke previously assigned partitions topic-4024281b_413b_43c4_aea6_8046dd65faef-0
2025-08-05 18:24:47,411 INFO  [org.apa.kaf.cli.con.int.ConsumerCoordinator] (Thread-808) [Consumer clientId=consumer-Consumer-topic-4024281b_413b_43c4_aea6_8046dd65faef-29, groupId=Consumer-topic-4024281b_413b_43c4_aea6_8046dd65faef] Member consumer-Consumer-topic-4024281b_413b_43c4_aea6_8046dd65faef-29-42ace9af-0614-499b-95ee-4006e2bb3a82 sending LeaveGroup request to coordinator localhost:32769 (id: 2147483647 rack: null) due to the consumer is being closed
2025-08-05 18:24:47,411 INFO  [org.apa.kaf.cli.con.int.ConsumerCoordinator] (Thread-808) [Consumer clientId=consumer-Consumer-topic-4024281b_413b_43c4_aea6_8046dd65faef-29, groupId=Consumer-topic-4024281b_413b_43c4_aea6_8046dd65faef] Resetting generation and member id due to: consumer pro-actively leaving the group
2025-08-05 18:24:47,411 INFO  [org.apa.kaf.cli.con.int.ConsumerCoordinator] (Thread-808) [Consumer clientId=consumer-Consumer-topic-4024281b_413b_43c4_aea6_8046dd65faef-29, groupId=Consumer-topic-4024281b_413b_43c4_aea6_8046dd65faef] Request joining group due to: consumer pro-actively leaving the group
2025-08-05 18:24:47,902 INFO  [org.apa.kaf.com.met.Metrics] (Thread-808) Metrics scheduler closed
2025-08-05 18:24:47,902 INFO  [org.apa.kaf.com.met.Metrics] (Thread-808) Closing reporter org.apache.kafka.common.metrics.JmxReporter
2025-08-05 18:24:47,902 INFO  [org.apa.kaf.com.met.Metrics] (Thread-808) Closing reporter org.apache.kafka.common.telemetry.internals.ClientTelemetryReporter
2025-08-05 18:24:47,902 INFO  [org.apa.kaf.com.met.Metrics] (Thread-808) Metrics reporters closed
2025-08-05 18:24:47,903 INFO  [org.apa.kaf.com.uti.AppInfoParser] (Thread-808) App info kafka.consumer for consumer-Consumer-topic-4024281b_413b_43c4_aea6_8046dd65faef-29 unregistered
2025-08-05 18:24:47,904 INFO  [io.api.tes.uti.TestSeparator] (main) io.apicurio.tests.serdes.apicurio.ProtobufSerdeIT.testFindLatestAndUseBody-FINISHED
2025-08-05 18:24:47,904 INFO  [io.api.tes.uti.TestSeparator] (main) ############################################################################
Test passed: testFindLatestAndUseBody
]]></system-out>
  </testcase>
  <testcase name="testConsumeDynamicMessage" classname="io.apicurio.tests.serdes.apicurio.ProtobufSerdeIT" time="1.156">
    <system-out><![CDATA[2025-08-05 18:24:47,905 INFO  [io.api.tes.uti.TestSeparator] (main) ############################################################################
2025-08-05 18:24:47,905 INFO  [io.api.tes.uti.TestSeparator] (main) io.apicurio.tests.serdes.apicurio.ProtobufSerdeIT.testConsumeDynamicMessage-STARTED
2025-08-05 18:24:49,060 INFO  [io.api.tes.uti.TestSeparator] (main) io.apicurio.tests.serdes.apicurio.ProtobufSerdeIT.testConsumeDynamicMessage-FINISHED
2025-08-05 18:24:49,060 INFO  [io.api.tes.uti.TestSeparator] (main) ############################################################################
Test passed: testConsumeDynamicMessage
]]></system-out>
  </testcase>
  <testcase name="testAutoRegisterDynamicMessageProtobufType" classname="io.apicurio.tests.serdes.apicurio.ProtobufSerdeIT" time="5.244">
    <system-out><![CDATA[2025-08-05 18:24:49,062 INFO  [io.api.tes.uti.TestSeparator] (main) ############################################################################
2025-08-05 18:24:49,062 INFO  [io.api.tes.uti.TestSeparator] (main) io.apicurio.tests.serdes.apicurio.ProtobufSerdeIT.testAutoRegisterDynamicMessageProtobufType-STARTED
**** Registry Base URL: http://registry-app-inmemory.apps.ci419.apicurio-testing.org:80
2025-08-05 18:24:49,063 INFO  [org.apa.kaf.cli.pro.ProducerConfig] (main) ProducerConfig values: 
	acks = -1
	auto.include.jmx.reporter = true
	batch.size = 16384
	bootstrap.servers = [PLAINTEXT://localhost:32769]
	buffer.memory = 33554432
	client.dns.lookup = use_all_dns_ips
	client.id = Producer-topic-6a4cfc6e_28b4_4411_93ef_27cf63b80c48
	compression.gzip.level = -1
	compression.lz4.level = 9
	compression.type = none
	compression.zstd.level = 3
	connections.max.idle.ms = 10000
	delivery.timeout.ms = 120000
	enable.idempotence = true
	enable.metrics.push = true
	interceptor.classes = []
	key.serializer = class org.apache.kafka.common.serialization.StringSerializer
	linger.ms = 0
	max.block.ms = 60000
	max.in.flight.requests.per.connection = 5
	max.request.size = 1048576
	metadata.max.age.ms = 300000
	metadata.max.idle.ms = 300000
	metadata.recovery.strategy = none
	metric.reporters = []
	metrics.num.samples = 2
	metrics.recording.level = INFO
	metrics.sample.window.ms = 30000
	partitioner.adaptive.partitioning.enable = true
	partitioner.availability.timeout.ms = 0
	partitioner.class = null
	partitioner.ignore.keys = false
	receive.buffer.bytes = 32768
	reconnect.backoff.max.ms = 1000
	reconnect.backoff.ms = 50
	request.timeout.ms = 5000
	retries = 2147483647
	retry.backoff.max.ms = 1000
	retry.backoff.ms = 100
	sasl.client.callback.handler.class = null
	sasl.jaas.config = null
	sasl.kerberos.kinit.cmd = /usr/bin/kinit
	sasl.kerberos.min.time.before.relogin = 60000
	sasl.kerberos.service.name = null
	sasl.kerberos.ticket.renew.jitter = 0.05
	sasl.kerberos.ticket.renew.window.factor = 0.8
	sasl.login.callback.handler.class = null
	sasl.login.class = null
	sasl.login.connect.timeout.ms = null
	sasl.login.read.timeout.ms = null
	sasl.login.refresh.buffer.seconds = 300
	sasl.login.refresh.min.period.seconds = 60
	sasl.login.refresh.window.factor = 0.8
	sasl.login.refresh.window.jitter = 0.05
	sasl.login.retry.backoff.max.ms = 10000
	sasl.login.retry.backoff.ms = 100
	sasl.mechanism = GSSAPI
	sasl.oauthbearer.clock.skew.seconds = 30
	sasl.oauthbearer.expected.audience = null
	sasl.oauthbearer.expected.issuer = null
	sasl.oauthbearer.header.urlencode = false
	sasl.oauthbearer.jwks.endpoint.refresh.ms = 3600000
	sasl.oauthbearer.jwks.endpoint.retry.backoff.max.ms = 10000
	sasl.oauthbearer.jwks.endpoint.retry.backoff.ms = 100
	sasl.oauthbearer.jwks.endpoint.url = null
	sasl.oauthbearer.scope.claim.name = scope
	sasl.oauthbearer.sub.claim.name = sub
	sasl.oauthbearer.token.endpoint.url = null
	security.protocol = PLAINTEXT
	security.providers = null
	send.buffer.bytes = 131072
	socket.connection.setup.timeout.max.ms = 30000
	socket.connection.setup.timeout.ms = 10000
	ssl.cipher.suites = null
	ssl.enabled.protocols = [TLSv1.2, TLSv1.3]
	ssl.endpoint.identification.algorithm = https
	ssl.engine.factory.class = null
	ssl.key.password = null
	ssl.keymanager.algorithm = SunX509
	ssl.keystore.certificate.chain = null
	ssl.keystore.key = null
	ssl.keystore.location = null
	ssl.keystore.password = null
	ssl.keystore.type = JKS
	ssl.protocol = TLSv1.3
	ssl.provider = null
	ssl.secure.random.implementation = null
	ssl.trustmanager.algorithm = PKIX
	ssl.truststore.certificates = null
	ssl.truststore.location = null
	ssl.truststore.password = null
	ssl.truststore.type = JKS
	transaction.timeout.ms = 60000
	transactional.id = null
	value.serializer = class io.apicurio.registry.serde.protobuf.ProtobufKafkaSerializer

2025-08-05 18:24:49,063 INFO  [org.apa.kaf.com.tel.int.KafkaMetricsCollector] (main) initializing Kafka metrics collector
2025-08-05 18:24:49,069 INFO  [org.apa.kaf.cli.pro.KafkaProducer] (main) [Producer clientId=Producer-topic-6a4cfc6e_28b4_4411_93ef_27cf63b80c48] Instantiated an idempotent producer.
2025-08-05 18:24:49,071 INFO  [org.apa.kaf.cli.pro.ProducerConfig] (main) These configurations '[apicurio.registry.url, apicurio.registry.auto-register, apicurio.registry.artifact-resolver-strategy]' were supplied but are not used yet.
2025-08-05 18:24:49,071 INFO  [org.apa.kaf.com.uti.AppInfoParser] (main) Kafka version: 3.9.1
2025-08-05 18:24:49,071 INFO  [org.apa.kaf.com.uti.AppInfoParser] (main) Kafka commitId: f745dfdcee2b9851
2025-08-05 18:24:49,071 INFO  [org.apa.kaf.com.uti.AppInfoParser] (main) Kafka startTimeMs: 1754418289071
2025-08-05 18:24:49,072 INFO  [io.api.tes.ser.api.SimpleSerdesTesterBuilder$SimpleSerdesTester] (main) Using producer configuration: {apicurio.registry.url=http://registry-app-inmemory.apps.ci419.apicurio-testing.org:80/apis/registry/v3, apicurio.registry.auto-register=true, apicurio.registry.artifact-resolver-strategy=io.apicurio.registry.serde.strategy.TopicIdStrategy, value.serializer=io.apicurio.registry.serde.protobuf.ProtobufKafkaSerializer, request.timeout.ms=5000, acks=all, bootstrap.servers=PLAINTEXT://localhost:32769, connections.max.idle.ms=10000, key.serializer=org.apache.kafka.common.serialization.StringSerializer, client.id=Producer-topic-6a4cfc6e_28b4_4411_93ef_27cf63b80c48}
2025-08-05 18:24:49,072 INFO  [io.api.tes.ser.api.SimpleSerdesTesterBuilder$SimpleSerdesTester] (main) Using consumer configuration: {apicurio.registry.deserializer.value.return-class=com.google.protobuf.DynamicMessage}
2025-08-05 18:24:49,072 INFO  [io.api.tes.ser.api.KafkaSerdesTester] (Thread-811) Sending message header {
  time {
  }
}
d1: 1.754418289072E12
s1: "a"
i1: 123
bi1: 1
point {
  longitude: 22.0
  latitude: 22.0
  altitude: 1.0
}
 to topic topic-6a4cfc6e_28b4_4411_93ef_27cf63b80c48
2025-08-05 18:24:49,074 WARN  [org.apa.kaf.cli.NetworkClient] (kafka-producer-network-thread | Producer-topic-6a4cfc6e_28b4_4411_93ef_27cf63b80c48) [Producer clientId=Producer-topic-6a4cfc6e_28b4_4411_93ef_27cf63b80c48] The metadata response from the cluster reported a recoverable issue with correlation id 1 : {topic-6a4cfc6e_28b4_4411_93ef_27cf63b80c48=UNKNOWN_TOPIC_OR_PARTITION}
2025-08-05 18:24:49,074 INFO  [org.apa.kaf.cli.Metadata] (kafka-producer-network-thread | Producer-topic-6a4cfc6e_28b4_4411_93ef_27cf63b80c48) [Producer clientId=Producer-topic-6a4cfc6e_28b4_4411_93ef_27cf63b80c48] Cluster ID: PopyJKdlRzKjlQHMpYFwRA
2025-08-05 18:24:49,074 INFO  [org.apa.kaf.cli.pro.int.TransactionManager] (kafka-producer-network-thread | Producer-topic-6a4cfc6e_28b4_4411_93ef_27cf63b80c48) [Producer clientId=Producer-topic-6a4cfc6e_28b4_4411_93ef_27cf63b80c48] ProducerId set to 38 with epoch 0
2025-08-05 18:24:49,435 INFO  [io.api.tes.ser.api.KafkaSerdesTester] (Thread-811) Sending message header {
  time {
  }
}
d1: 1.754418289435E12
s1: "a"
i1: 123
bi1: 1
point {
  longitude: 22.0
  latitude: 22.0
  altitude: 1.0
}
 to topic topic-6a4cfc6e_28b4_4411_93ef_27cf63b80c48
2025-08-05 18:24:49,521 INFO  [io.api.tes.ser.api.KafkaSerdesTester] (Thread-811) Sending message header {
  time {
  }
}
d1: 1.754418289521E12
s1: "a"
i1: 123
bi1: 1
point {
  longitude: 22.0
  latitude: 22.0
  altitude: 1.0
}
 to topic topic-6a4cfc6e_28b4_4411_93ef_27cf63b80c48
2025-08-05 18:24:49,603 INFO  [io.api.tes.ser.api.KafkaSerdesTester] (Thread-811) Sending message header {
  time {
  }
}
d1: 1.754418289603E12
s1: "a"
i1: 123
bi1: 1
point {
  longitude: 22.0
  latitude: 22.0
  altitude: 1.0
}
 to topic topic-6a4cfc6e_28b4_4411_93ef_27cf63b80c48
2025-08-05 18:24:49,684 INFO  [io.api.tes.ser.api.KafkaSerdesTester] (Thread-811) Sending message header {
  time {
  }
}
d1: 1.754418289684E12
s1: "a"
i1: 123
bi1: 1
point {
  longitude: 22.0
  latitude: 22.0
  altitude: 1.0
}
 to topic topic-6a4cfc6e_28b4_4411_93ef_27cf63b80c48
2025-08-05 18:24:49,770 INFO  [io.api.tes.ser.api.KafkaSerdesTester] (Thread-811) Sending message header {
  time {
  }
}
d1: 1.754418289769E12
s1: "a"
i1: 123
bi1: 1
point {
  longitude: 22.0
  latitude: 22.0
  altitude: 1.0
}
 to topic topic-6a4cfc6e_28b4_4411_93ef_27cf63b80c48
2025-08-05 18:24:49,852 INFO  [io.api.tes.ser.api.KafkaSerdesTester] (Thread-811) Sending message header {
  time {
  }
}
d1: 1.754418289852E12
s1: "a"
i1: 123
bi1: 1
point {
  longitude: 22.0
  latitude: 22.0
  altitude: 1.0
}
 to topic topic-6a4cfc6e_28b4_4411_93ef_27cf63b80c48
2025-08-05 18:24:49,933 INFO  [io.api.tes.ser.api.KafkaSerdesTester] (Thread-811) Sending message header {
  time {
  }
}
d1: 1.754418289933E12
s1: "a"
i1: 123
bi1: 1
point {
  longitude: 22.0
  latitude: 22.0
  altitude: 1.0
}
 to topic topic-6a4cfc6e_28b4_4411_93ef_27cf63b80c48
2025-08-05 18:24:50,013 INFO  [io.api.tes.ser.api.KafkaSerdesTester] (Thread-811) Sending message header {
  time {
  }
}
d1: 1.754418290013E12
s1: "a"
i1: 123
bi1: 1
point {
  longitude: 22.0
  latitude: 22.0
  altitude: 1.0
}
 to topic topic-6a4cfc6e_28b4_4411_93ef_27cf63b80c48
2025-08-05 18:24:50,096 INFO  [io.api.tes.ser.api.KafkaSerdesTester] (Thread-811) Sending message header {
  time {
  }
}
d1: 1.754418290096E12
s1: "a"
i1: 123
bi1: 1
point {
  longitude: 22.0
  latitude: 22.0
  altitude: 1.0
}
 to topic topic-6a4cfc6e_28b4_4411_93ef_27cf63b80c48
2025-08-05 18:24:50,177 INFO  [io.api.tes.ser.api.KafkaSerdesTester] (Thread-811) Produced 10 messages
2025-08-05 18:24:50,177 INFO  [org.apa.kaf.cli.pro.KafkaProducer] (Thread-811) [Producer clientId=Producer-topic-6a4cfc6e_28b4_4411_93ef_27cf63b80c48] Closing the Kafka producer with timeoutMillis = 9223372036854775807 ms.
2025-08-05 18:24:50,178 INFO  [org.apa.kaf.com.met.Metrics] (Thread-811) Metrics scheduler closed
2025-08-05 18:24:50,178 INFO  [org.apa.kaf.com.met.Metrics] (Thread-811) Closing reporter org.apache.kafka.common.metrics.JmxReporter
2025-08-05 18:24:50,178 INFO  [org.apa.kaf.com.met.Metrics] (Thread-811) Closing reporter org.apache.kafka.common.telemetry.internals.ClientTelemetryReporter
2025-08-05 18:24:50,178 INFO  [org.apa.kaf.com.met.Metrics] (Thread-811) Metrics reporters closed
2025-08-05 18:24:50,179 INFO  [org.apa.kaf.com.uti.AppInfoParser] (Thread-811) App info kafka.producer for Producer-topic-6a4cfc6e_28b4_4411_93ef_27cf63b80c48 unregistered
**** Registry Base URL: http://registry-app-inmemory.apps.ci419.apicurio-testing.org:80
2025-08-05 18:24:50,323 INFO  [org.apa.kaf.cli.con.ConsumerConfig] (main) ConsumerConfig values: 
	allow.auto.create.topics = true
	auto.commit.interval.ms = 500
	auto.include.jmx.reporter = true
	auto.offset.reset = earliest
	bootstrap.servers = [PLAINTEXT://localhost:32769]
	check.crcs = true
	client.dns.lookup = use_all_dns_ips
	client.id = consumer-Consumer-topic-6a4cfc6e_28b4_4411_93ef_27cf63b80c48-30
	client.rack = 
	connections.max.idle.ms = 10000
	default.api.timeout.ms = 60000
	enable.auto.commit = true
	enable.metrics.push = true
	exclude.internal.topics = true
	fetch.max.bytes = 52428800
	fetch.max.wait.ms = 500
	fetch.min.bytes = 1
	group.id = Consumer-topic-6a4cfc6e_28b4_4411_93ef_27cf63b80c48
	group.instance.id = null
	group.protocol = classic
	group.remote.assignor = null
	heartbeat.interval.ms = 3000
	interceptor.classes = []
	internal.leave.group.on.close = true
	internal.throw.on.fetch.stable.offset.unsupported = false
	isolation.level = read_uncommitted
	key.deserializer = class org.apache.kafka.common.serialization.StringDeserializer
	max.partition.fetch.bytes = 1048576
	max.poll.interval.ms = 300000
	max.poll.records = 500
	metadata.max.age.ms = 300000
	metadata.recovery.strategy = none
	metric.reporters = []
	metrics.num.samples = 2
	metrics.recording.level = INFO
	metrics.sample.window.ms = 30000
	partition.assignment.strategy = [class org.apache.kafka.clients.consumer.RangeAssignor, class org.apache.kafka.clients.consumer.CooperativeStickyAssignor]
	receive.buffer.bytes = 65536
	reconnect.backoff.max.ms = 1000
	reconnect.backoff.ms = 50
	request.timeout.ms = 5000
	retry.backoff.max.ms = 1000
	retry.backoff.ms = 100
	sasl.client.callback.handler.class = null
	sasl.jaas.config = null
	sasl.kerberos.kinit.cmd = /usr/bin/kinit
	sasl.kerberos.min.time.before.relogin = 60000
	sasl.kerberos.service.name = null
	sasl.kerberos.ticket.renew.jitter = 0.05
	sasl.kerberos.ticket.renew.window.factor = 0.8
	sasl.login.callback.handler.class = null
	sasl.login.class = null
	sasl.login.connect.timeout.ms = null
	sasl.login.read.timeout.ms = null
	sasl.login.refresh.buffer.seconds = 300
	sasl.login.refresh.min.period.seconds = 60
	sasl.login.refresh.window.factor = 0.8
	sasl.login.refresh.window.jitter = 0.05
	sasl.login.retry.backoff.max.ms = 10000
	sasl.login.retry.backoff.ms = 100
	sasl.mechanism = GSSAPI
	sasl.oauthbearer.clock.skew.seconds = 30
	sasl.oauthbearer.expected.audience = null
	sasl.oauthbearer.expected.issuer = null
	sasl.oauthbearer.header.urlencode = false
	sasl.oauthbearer.jwks.endpoint.refresh.ms = 3600000
	sasl.oauthbearer.jwks.endpoint.retry.backoff.max.ms = 10000
	sasl.oauthbearer.jwks.endpoint.retry.backoff.ms = 100
	sasl.oauthbearer.jwks.endpoint.url = null
	sasl.oauthbearer.scope.claim.name = scope
	sasl.oauthbearer.sub.claim.name = sub
	sasl.oauthbearer.token.endpoint.url = null
	security.protocol = PLAINTEXT
	security.providers = null
	send.buffer.bytes = 131072
	session.timeout.ms = 45000
	socket.connection.setup.timeout.max.ms = 30000
	socket.connection.setup.timeout.ms = 10000
	ssl.cipher.suites = null
	ssl.enabled.protocols = [TLSv1.2, TLSv1.3]
	ssl.endpoint.identification.algorithm = https
	ssl.engine.factory.class = null
	ssl.key.password = null
	ssl.keymanager.algorithm = SunX509
	ssl.keystore.certificate.chain = null
	ssl.keystore.key = null
	ssl.keystore.location = null
	ssl.keystore.password = null
	ssl.keystore.type = JKS
	ssl.protocol = TLSv1.3
	ssl.provider = null
	ssl.secure.random.implementation = null
	ssl.trustmanager.algorithm = PKIX
	ssl.truststore.certificates = null
	ssl.truststore.location = null
	ssl.truststore.password = null
	ssl.truststore.type = JKS
	value.deserializer = class io.apicurio.registry.serde.protobuf.ProtobufKafkaDeserializer

2025-08-05 18:24:50,323 INFO  [org.apa.kaf.com.tel.int.KafkaMetricsCollector] (main) initializing Kafka metrics collector
2025-08-05 18:24:50,327 INFO  [org.apa.kaf.cli.con.ConsumerConfig] (main) These configurations '[apicurio.registry.deserializer.value.return-class, apicurio.registry.url]' were supplied but are not used yet.
2025-08-05 18:24:50,327 INFO  [org.apa.kaf.com.uti.AppInfoParser] (main) Kafka version: 3.9.1
2025-08-05 18:24:50,327 INFO  [org.apa.kaf.com.uti.AppInfoParser] (main) Kafka commitId: f745dfdcee2b9851
2025-08-05 18:24:50,327 INFO  [org.apa.kaf.com.uti.AppInfoParser] (main) Kafka startTimeMs: 1754418290327
2025-08-05 18:24:50,327 INFO  [org.apa.kaf.cli.con.int.ClassicKafkaConsumer] (Thread-814) [Consumer clientId=consumer-Consumer-topic-6a4cfc6e_28b4_4411_93ef_27cf63b80c48-30, groupId=Consumer-topic-6a4cfc6e_28b4_4411_93ef_27cf63b80c48] Subscribed to topic(s): topic-6a4cfc6e_28b4_4411_93ef_27cf63b80c48
2025-08-05 18:24:50,330 INFO  [org.apa.kaf.cli.Metadata] (Thread-814) [Consumer clientId=consumer-Consumer-topic-6a4cfc6e_28b4_4411_93ef_27cf63b80c48-30, groupId=Consumer-topic-6a4cfc6e_28b4_4411_93ef_27cf63b80c48] Cluster ID: PopyJKdlRzKjlQHMpYFwRA
2025-08-05 18:24:50,330 INFO  [org.apa.kaf.cli.con.int.ConsumerCoordinator] (Thread-814) [Consumer clientId=consumer-Consumer-topic-6a4cfc6e_28b4_4411_93ef_27cf63b80c48-30, groupId=Consumer-topic-6a4cfc6e_28b4_4411_93ef_27cf63b80c48] Discovered group coordinator localhost:32769 (id: 2147483647 rack: null)
2025-08-05 18:24:50,331 INFO  [org.apa.kaf.cli.con.int.ConsumerCoordinator] (Thread-814) [Consumer clientId=consumer-Consumer-topic-6a4cfc6e_28b4_4411_93ef_27cf63b80c48-30, groupId=Consumer-topic-6a4cfc6e_28b4_4411_93ef_27cf63b80c48] (Re-)joining group
2025-08-05 18:24:50,333 INFO  [org.apa.kaf.cli.con.int.ConsumerCoordinator] (Thread-814) [Consumer clientId=consumer-Consumer-topic-6a4cfc6e_28b4_4411_93ef_27cf63b80c48-30, groupId=Consumer-topic-6a4cfc6e_28b4_4411_93ef_27cf63b80c48] Request joining group due to: need to re-join with the given member-id: consumer-Consumer-topic-6a4cfc6e_28b4_4411_93ef_27cf63b80c48-30-71a26625-9483-4b5f-8503-3465727b76a8
2025-08-05 18:24:50,333 INFO  [org.apa.kaf.cli.con.int.ConsumerCoordinator] (Thread-814) [Consumer clientId=consumer-Consumer-topic-6a4cfc6e_28b4_4411_93ef_27cf63b80c48-30, groupId=Consumer-topic-6a4cfc6e_28b4_4411_93ef_27cf63b80c48] (Re-)joining group
2025-08-05 18:24:51,327 INFO  [io.api.tes.ser.api.KafkaSerdesTester] (Thread-814) None found
2025-08-05 18:24:52,327 INFO  [io.api.tes.ser.api.KafkaSerdesTester] (Thread-814) None found
2025-08-05 18:24:53,327 INFO  [io.api.tes.ser.api.KafkaSerdesTester] (Thread-814) None found
2025-08-05 18:24:53,335 INFO  [org.apa.kaf.cli.con.int.ConsumerCoordinator] (Thread-814) [Consumer clientId=consumer-Consumer-topic-6a4cfc6e_28b4_4411_93ef_27cf63b80c48-30, groupId=Consumer-topic-6a4cfc6e_28b4_4411_93ef_27cf63b80c48] Successfully joined group with generation Generation{generationId=1, memberId='consumer-Consumer-topic-6a4cfc6e_28b4_4411_93ef_27cf63b80c48-30-71a26625-9483-4b5f-8503-3465727b76a8', protocol='range'}
2025-08-05 18:24:53,335 INFO  [org.apa.kaf.cli.con.int.ConsumerCoordinator] (Thread-814) [Consumer clientId=consumer-Consumer-topic-6a4cfc6e_28b4_4411_93ef_27cf63b80c48-30, groupId=Consumer-topic-6a4cfc6e_28b4_4411_93ef_27cf63b80c48] Finished assignment for group at generation 1: {consumer-Consumer-topic-6a4cfc6e_28b4_4411_93ef_27cf63b80c48-30-71a26625-9483-4b5f-8503-3465727b76a8=Assignment(partitions=[topic-6a4cfc6e_28b4_4411_93ef_27cf63b80c48-0])}
2025-08-05 18:24:53,342 INFO  [org.apa.kaf.cli.con.int.ConsumerCoordinator] (Thread-814) [Consumer clientId=consumer-Consumer-topic-6a4cfc6e_28b4_4411_93ef_27cf63b80c48-30, groupId=Consumer-topic-6a4cfc6e_28b4_4411_93ef_27cf63b80c48] Successfully synced group in generation Generation{generationId=1, memberId='consumer-Consumer-topic-6a4cfc6e_28b4_4411_93ef_27cf63b80c48-30-71a26625-9483-4b5f-8503-3465727b76a8', protocol='range'}
2025-08-05 18:24:53,342 INFO  [org.apa.kaf.cli.con.int.ConsumerCoordinator] (Thread-814) [Consumer clientId=consumer-Consumer-topic-6a4cfc6e_28b4_4411_93ef_27cf63b80c48-30, groupId=Consumer-topic-6a4cfc6e_28b4_4411_93ef_27cf63b80c48] Notifying assignor about the new Assignment(partitions=[topic-6a4cfc6e_28b4_4411_93ef_27cf63b80c48-0])
2025-08-05 18:24:53,342 INFO  [org.apa.kaf.cli.con.int.ConsumerRebalanceListenerInvoker] (Thread-814) [Consumer clientId=consumer-Consumer-topic-6a4cfc6e_28b4_4411_93ef_27cf63b80c48-30, groupId=Consumer-topic-6a4cfc6e_28b4_4411_93ef_27cf63b80c48] Adding newly assigned partitions: topic-6a4cfc6e_28b4_4411_93ef_27cf63b80c48-0
2025-08-05 18:24:53,343 INFO  [org.apa.kaf.cli.con.int.ConsumerCoordinator] (Thread-814) [Consumer clientId=consumer-Consumer-topic-6a4cfc6e_28b4_4411_93ef_27cf63b80c48-30, groupId=Consumer-topic-6a4cfc6e_28b4_4411_93ef_27cf63b80c48] Found no committed offset for partition topic-6a4cfc6e_28b4_4411_93ef_27cf63b80c48-0
2025-08-05 18:24:53,345 INFO  [org.apa.kaf.cli.con.int.SubscriptionState] (Thread-814) [Consumer clientId=consumer-Consumer-topic-6a4cfc6e_28b4_4411_93ef_27cf63b80c48-30, groupId=Consumer-topic-6a4cfc6e_28b4_4411_93ef_27cf63b80c48] Resetting offset for partition topic-6a4cfc6e_28b4_4411_93ef_27cf63b80c48-0 to position FetchPosition{offset=0, offsetEpoch=Optional.empty, currentLeader=LeaderAndEpoch{leader=Optional[localhost:32769 (id: 0 rack: null)], epoch=0}}.
2025-08-05 18:24:53,726 INFO  [io.api.tes.ser.api.KafkaSerdesTester] (Thread-814) topic-6a4cfc6e_28b4_4411_93ef_27cf63b80c48 0 0 header {
  time {
  }
}
d1: 1.754418289072E12
s1: "a"
i1: 123
bi1: 1
point {
  longitude: 22.0
  latitude: 22.0
  altitude: 1.0
}

2025-08-05 18:24:53,726 INFO  [io.api.tes.ser.api.KafkaSerdesTester] (Thread-814) topic-6a4cfc6e_28b4_4411_93ef_27cf63b80c48 0 1 header {
  time {
  }
}
d1: 1.754418289435E12
s1: "a"
i1: 123
bi1: 1
point {
  longitude: 22.0
  latitude: 22.0
  altitude: 1.0
}

2025-08-05 18:24:53,726 INFO  [io.api.tes.ser.api.KafkaSerdesTester] (Thread-814) topic-6a4cfc6e_28b4_4411_93ef_27cf63b80c48 0 2 header {
  time {
  }
}
d1: 1.754418289521E12
s1: "a"
i1: 123
bi1: 1
point {
  longitude: 22.0
  latitude: 22.0
  altitude: 1.0
}

2025-08-05 18:24:53,726 INFO  [io.api.tes.ser.api.KafkaSerdesTester] (Thread-814) topic-6a4cfc6e_28b4_4411_93ef_27cf63b80c48 0 3 header {
  time {
  }
}
d1: 1.754418289603E12
s1: "a"
i1: 123
bi1: 1
point {
  longitude: 22.0
  latitude: 22.0
  altitude: 1.0
}

2025-08-05 18:24:53,726 INFO  [io.api.tes.ser.api.KafkaSerdesTester] (Thread-814) topic-6a4cfc6e_28b4_4411_93ef_27cf63b80c48 0 4 header {
  time {
  }
}
d1: 1.754418289684E12
s1: "a"
i1: 123
bi1: 1
point {
  longitude: 22.0
  latitude: 22.0
  altitude: 1.0
}

2025-08-05 18:24:53,726 INFO  [io.api.tes.ser.api.KafkaSerdesTester] (Thread-814) topic-6a4cfc6e_28b4_4411_93ef_27cf63b80c48 0 5 header {
  time {
  }
}
d1: 1.754418289769E12
s1: "a"
i1: 123
bi1: 1
point {
  longitude: 22.0
  latitude: 22.0
  altitude: 1.0
}

2025-08-05 18:24:53,726 INFO  [io.api.tes.ser.api.KafkaSerdesTester] (Thread-814) topic-6a4cfc6e_28b4_4411_93ef_27cf63b80c48 0 6 header {
  time {
  }
}
d1: 1.754418289852E12
s1: "a"
i1: 123
bi1: 1
point {
  longitude: 22.0
  latitude: 22.0
  altitude: 1.0
}

2025-08-05 18:24:53,726 INFO  [io.api.tes.ser.api.KafkaSerdesTester] (Thread-814) topic-6a4cfc6e_28b4_4411_93ef_27cf63b80c48 0 7 header {
  time {
  }
}
d1: 1.754418289933E12
s1: "a"
i1: 123
bi1: 1
point {
  longitude: 22.0
  latitude: 22.0
  altitude: 1.0
}

2025-08-05 18:24:53,726 INFO  [io.api.tes.ser.api.KafkaSerdesTester] (Thread-814) topic-6a4cfc6e_28b4_4411_93ef_27cf63b80c48 0 8 header {
  time {
  }
}
d1: 1.754418290013E12
s1: "a"
i1: 123
bi1: 1
point {
  longitude: 22.0
  latitude: 22.0
  altitude: 1.0
}

2025-08-05 18:24:53,726 INFO  [io.api.tes.ser.api.KafkaSerdesTester] (Thread-814) topic-6a4cfc6e_28b4_4411_93ef_27cf63b80c48 0 9 header {
  time {
  }
}
d1: 1.754418290096E12
s1: "a"
i1: 123
bi1: 1
point {
  longitude: 22.0
  latitude: 22.0
  altitude: 1.0
}

2025-08-05 18:24:53,726 INFO  [io.api.tes.ser.api.KafkaSerdesTester] (Thread-814) Consumed 10 messages
2025-08-05 18:24:53,733 INFO  [org.apa.kaf.cli.con.int.ConsumerRebalanceListenerInvoker] (Thread-814) [Consumer clientId=consumer-Consumer-topic-6a4cfc6e_28b4_4411_93ef_27cf63b80c48-30, groupId=Consumer-topic-6a4cfc6e_28b4_4411_93ef_27cf63b80c48] Revoke previously assigned partitions topic-6a4cfc6e_28b4_4411_93ef_27cf63b80c48-0
2025-08-05 18:24:53,733 INFO  [org.apa.kaf.cli.con.int.ConsumerCoordinator] (Thread-814) [Consumer clientId=consumer-Consumer-topic-6a4cfc6e_28b4_4411_93ef_27cf63b80c48-30, groupId=Consumer-topic-6a4cfc6e_28b4_4411_93ef_27cf63b80c48] Member consumer-Consumer-topic-6a4cfc6e_28b4_4411_93ef_27cf63b80c48-30-71a26625-9483-4b5f-8503-3465727b76a8 sending LeaveGroup request to coordinator localhost:32769 (id: 2147483647 rack: null) due to the consumer is being closed
2025-08-05 18:24:53,733 INFO  [org.apa.kaf.cli.con.int.ConsumerCoordinator] (Thread-814) [Consumer clientId=consumer-Consumer-topic-6a4cfc6e_28b4_4411_93ef_27cf63b80c48-30, groupId=Consumer-topic-6a4cfc6e_28b4_4411_93ef_27cf63b80c48] Resetting generation and member id due to: consumer pro-actively leaving the group
2025-08-05 18:24:53,733 INFO  [org.apa.kaf.cli.con.int.ConsumerCoordinator] (Thread-814) [Consumer clientId=consumer-Consumer-topic-6a4cfc6e_28b4_4411_93ef_27cf63b80c48-30, groupId=Consumer-topic-6a4cfc6e_28b4_4411_93ef_27cf63b80c48] Request joining group due to: consumer pro-actively leaving the group
2025-08-05 18:24:54,228 INFO  [org.apa.kaf.com.met.Metrics] (Thread-814) Metrics scheduler closed
2025-08-05 18:24:54,228 INFO  [org.apa.kaf.com.met.Metrics] (Thread-814) Closing reporter org.apache.kafka.common.metrics.JmxReporter
2025-08-05 18:24:54,228 INFO  [org.apa.kaf.com.met.Metrics] (Thread-814) Closing reporter org.apache.kafka.common.telemetry.internals.ClientTelemetryReporter
2025-08-05 18:24:54,229 INFO  [org.apa.kaf.com.met.Metrics] (Thread-814) Metrics reporters closed
2025-08-05 18:24:54,230 INFO  [org.apa.kaf.com.uti.AppInfoParser] (Thread-814) App info kafka.consumer for consumer-Consumer-topic-6a4cfc6e_28b4_4411_93ef_27cf63b80c48-30 unregistered
2025-08-05 18:24:54,305 INFO  [io.api.tes.uti.TestSeparator] (main) io.apicurio.tests.serdes.apicurio.ProtobufSerdeIT.testAutoRegisterDynamicMessageProtobufType-FINISHED
2025-08-05 18:24:54,305 INFO  [io.api.tes.uti.TestSeparator] (main) ############################################################################
Test passed: testAutoRegisterDynamicMessageProtobufType
]]></system-out>
  </testcase>
</testsuite>