<?xml version="1.0" encoding="UTF-8"?>
<testsuite xmlns:xsi="http://www.w3.org/2001/XMLSchema-instance" xsi:noNamespaceSchemaLocation="https://maven.apache.org/surefire/maven-failsafe-plugin/xsd/failsafe-test-report.xsd" version="3.0.2" name="io.apicurio.tests.serdes.apicurio.AvroSerdeIT" time="96.945" tests="21" errors="3" skipped="2" failures="0">
  <properties>
    <property name="java.specification.version" value="17"/>
    <property name="sun.jnu.encoding" value="UTF-8"/>
    <property name="java.class.path" value="/home/runner/work/apicurio-testing/apicurio-testing/clusters/ci419/namespaces/inmemory/tests/integration/apicurio-registry/integration-tests/target/test-classes:/home/runner/work/apicurio-testing/apicurio-testing/clusters/ci419/namespaces/inmemory/tests/integration/apicurio-registry/integration-tests/target/apicurio-registry-integration-tests-3.0.12-SNAPSHOT.jar:/home/runner/.m2/repository/io/quarkus/quarkus-junit5/3.20.2/quarkus-junit5-3.20.2.jar:/home/runner/.m2/repository/io/quarkus/quarkus-bootstrap-core/3.20.2/quarkus-bootstrap-core-3.20.2.jar:/home/runner/.m2/repository/io/quarkus/quarkus-classloader-commons/3.20.2/quarkus-classloader-commons-3.20.2.jar:/home/runner/.m2/repository/io/quarkus/quarkus-bootstrap-app-model/3.20.2/quarkus-bootstrap-app-model-3.20.2.jar:/home/runner/.m2/repository/io/smallrye/common/smallrye-common-io/2.12.0/smallrye-common-io-2.12.0.jar:/home/runner/.m2/repository/org/eclipse/sisu/org.eclipse.sisu.inject/0.9.0.M3/org.eclipse.sisu.inject-0.9.0.M3.jar:/home/runner/.m2/repository/io/quarkus/quarkus-test-common/3.20.2/quarkus-test-common-3.20.2.jar:/home/runner/.m2/repository/io/quarkus/quarkus-core-deployment/3.20.2/quarkus-core-deployment-3.20.2.jar:/home/runner/.m2/repository/org/aesh/readline/2.6/readline-2.6.jar:/home/runner/.m2/repository/org/fusesource/jansi/jansi/2.4.0/jansi-2.4.0.jar:/home/runner/.m2/repository/org/aesh/aesh/2.8.2/aesh-2.8.2.jar:/home/runner/.m2/repository/io/quarkus/gizmo/gizmo/1.8.0/gizmo-1.8.0.jar:/home/runner/.m2/repository/org/ow2/asm/asm-util/9.7.1/asm-util-9.7.1.jar:/home/runner/.m2/repository/org/ow2/asm/asm-analysis/9.7.1/asm-analysis-9.7.1.jar:/home/runner/.m2/repository/org/ow2/asm/asm-commons/9.7.1/asm-commons-9.7.1.jar:/home/runner/.m2/repository/org/ow2/asm/asm-tree/9.7.1/asm-tree-9.7.1.jar:/home/runner/.m2/repository/io/quarkus/quarkus-hibernate-validator-spi/3.20.2/quarkus-hibernate-validator-spi-3.20.2.jar:/home/runner/.m2/repository/io/quarkus/quarkus-class-change-agent/3.20.2/quarkus-class-change-agent-3.20.2.jar:/home/runner/.m2/repository/io/quarkus/quarkus-devtools-utilities/3.20.2/quarkus-devtools-utilities-3.20.2.jar:/home/runner/.m2/repository/io/quarkus/quarkus-builder/3.20.2/quarkus-builder-3.20.2.jar:/home/runner/.m2/repository/org/graalvm/sdk/nativeimage/23.1.2/nativeimage-23.1.2.jar:/home/runner/.m2/repository/org/graalvm/sdk/word/23.1.2/word-23.1.2.jar:/home/runner/.m2/repository/io/quarkus/quarkus-bootstrap-maven-resolver/3.20.2/quarkus-bootstrap-maven-resolver-3.20.2.jar:/home/runner/.m2/repository/io/smallrye/beanbag/smallrye-beanbag-maven/1.5.2/smallrye-beanbag-maven-1.5.2.jar:/home/runner/.m2/repository/io/smallrye/beanbag/smallrye-beanbag-sisu/1.5.2/smallrye-beanbag-sisu-1.5.2.jar:/home/runner/.m2/repository/io/smallrye/beanbag/smallrye-beanbag/1.5.2/smallrye-beanbag-1.5.2.jar:/home/runner/.m2/repository/javax/inject/javax.inject/1/javax.inject-1.jar:/home/runner/.m2/repository/org/apache/maven/maven-artifact/3.9.9/maven-artifact-3.9.9.jar:/home/runner/.m2/repository/org/apache/maven/maven-builder-support/3.9.9/maven-builder-support-3.9.9.jar:/home/runner/.m2/repository/org/apache/maven/maven-model/3.9.9/maven-model-3.9.9.jar:/home/runner/.m2/repository/org/apache/maven/maven-model-builder/3.9.9/maven-model-builder-3.9.9.jar:/home/runner/.m2/repository/org/apache/maven/maven-repository-metadata/3.9.9/maven-repository-metadata-3.9.9.jar:/home/runner/.m2/repository/org/apache/maven/maven-settings/3.9.9/maven-settings-3.9.9.jar:/home/runner/.m2/repository/org/apache/maven/resolver/maven-resolver-api/1.9.22/maven-resolver-api-1.9.22.jar:/home/runner/.m2/repository/org/apache/maven/resolver/maven-resolver-impl/1.9.22/maven-resolver-impl-1.9.22.jar:/home/runner/.m2/repository/org/apache/maven/resolver/maven-resolver-named-locks/1.9.22/maven-resolver-named-locks-1.9.22.jar:/home/runner/.m2/repository/org/apache/maven/resolver/maven-resolver-spi/1.9.22/maven-resolver-spi-1.9.22.jar:/home/runner/.m2/repository/org/apache/maven/resolver/maven-resolver-util/1.9.22/maven-resolver-util-1.9.22.jar:/home/runner/.m2/repository/org/apache/maven/resolver/maven-resolver-transport-http/1.9.20/maven-resolver-transport-http-1.9.20.jar:/home/runner/.m2/repository/org/apache/maven/wagon/wagon-provider-api/3.5.3/wagon-provider-api-3.5.3.jar:/home/runner/.m2/repository/org/apache/maven/wagon/wagon-http-shared/3.5.3/wagon-http-shared-3.5.3.jar:/home/runner/.m2/repository/org/codehaus/plexus/plexus-interpolation/1.26/plexus-interpolation-1.26.jar:/home/runner/.m2/repository/org/codehaus/plexus/plexus-utils/3.5.1/plexus-utils-3.5.1.jar:/home/runner/.m2/repository/org/codehaus/plexus/plexus-xml/4.0.1/plexus-xml-4.0.1.jar:/home/runner/.m2/repository/org/apache/maven/maven-xml-impl/4.0.0-alpha-5/maven-xml-impl-4.0.0-alpha-5.jar:/home/runner/.m2/repository/org/apache/maven/maven-api-xml/4.0.0-alpha-5/maven-api-xml-4.0.0-alpha-5.jar:/home/runner/.m2/repository/org/apache/maven/maven-api-meta/4.0.0-alpha-5/maven-api-meta-4.0.0-alpha-5.jar:/home/runner/.m2/repository/org/codehaus/plexus/plexus-cipher/2.0/plexus-cipher-2.0.jar:/home/runner/.m2/repository/org/codehaus/plexus/plexus-sec-dispatcher/2.0/plexus-sec-dispatcher-2.0.jar:/home/runner/.m2/repository/org/apache/maven/maven-embedder/3.9.9/maven-embedder-3.9.9.jar:/home/runner/.m2/repository/org/apache/maven/maven-core/3.9.9/maven-core-3.9.9.jar:/home/runner/.m2/repository/org/codehaus/plexus/plexus-component-annotations/2.1.0/plexus-component-annotations-2.1.0.jar:/home/runner/.m2/repository/org/apache/maven/maven-plugin-api/3.9.9/maven-plugin-api-3.9.9.jar:/home/runner/.m2/repository/org/apache/maven/shared/maven-shared-utils/3.4.2/maven-shared-utils-3.4.2.jar:/home/runner/.m2/repository/com/google/inject/guice/5.1.0/guice-5.1.0.jar:/home/runner/.m2/repository/aopalliance/aopalliance/1.0/aopalliance-1.0.jar:/home/runner/.m2/repository/org/codehaus/plexus/plexus-classworlds/2.6.0/plexus-classworlds-2.6.0.jar:/home/runner/.m2/repository/commons-cli/commons-cli/1.8.0/commons-cli-1.8.0.jar:/home/runner/.m2/repository/org/eclipse/sisu/org.eclipse.sisu.plexus/0.9.0.M3/org.eclipse.sisu.plexus-0.9.0.M3.jar:/home/runner/.m2/repository/org/apache/maven/maven-settings-builder/3.9.9/maven-settings-builder-3.9.9.jar:/home/runner/.m2/repository/org/apache/maven/maven-resolver-provider/3.9.9/maven-resolver-provider-3.9.9.jar:/home/runner/.m2/repository/org/apache/maven/resolver/maven-resolver-connector-basic/1.9.22/maven-resolver-connector-basic-1.9.22.jar:/home/runner/.m2/repository/org/apache/maven/resolver/maven-resolver-transport-wagon/1.9.22/maven-resolver-transport-wagon-1.9.22.jar:/home/runner/.m2/repository/org/apache/maven/wagon/wagon-http/3.5.3/wagon-http-3.5.3.jar:/home/runner/.m2/repository/org/apache/maven/wagon/wagon-file/3.5.3/wagon-file-3.5.3.jar:/home/runner/.m2/repository/io/quarkus/quarkus-bootstrap-gradle-resolver/3.20.2/quarkus-bootstrap-gradle-resolver-3.20.2.jar:/home/runner/.m2/repository/io/smallrye/jandex/3.3.0/jandex-3.3.0.jar:/home/runner/.m2/repository/org/jboss/logging/commons-logging-jboss-logging/1.0.0.Final/commons-logging-jboss-logging-1.0.0.Final.jar:/home/runner/.m2/repository/io/quarkus/quarkus-junit5-config/3.20.2/quarkus-junit5-config-3.20.2.jar:/home/runner/.m2/repository/org/junit/jupiter/junit-jupiter-api/5.12.1/junit-jupiter-api-5.12.1.jar:/home/runner/.m2/repository/io/smallrye/config/smallrye-config/3.11.4/smallrye-config-3.11.4.jar:/home/runner/.m2/repository/io/smallrye/config/smallrye-config-core/3.11.4/smallrye-config-core-3.11.4.jar:/home/runner/.m2/repository/io/smallrye/common/smallrye-common-classloader/2.12.0/smallrye-common-classloader-2.12.0.jar:/home/runner/.m2/repository/io/smallrye/config/smallrye-config-common/3.11.4/smallrye-config-common-3.11.4.jar:/home/runner/.m2/repository/org/junit/jupiter/junit-jupiter/5.12.1/junit-jupiter-5.12.1.jar:/home/runner/.m2/repository/org/junit/jupiter/junit-jupiter-params/5.12.1/junit-jupiter-params-5.12.1.jar:/home/runner/.m2/repository/org/junit/jupiter/junit-jupiter-engine/5.12.1/junit-jupiter-engine-5.12.1.jar:/home/runner/.m2/repository/io/quarkus/quarkus-core/3.20.2/quarkus-core-3.20.2.jar:/home/runner/.m2/repository/jakarta/enterprise/jakarta.enterprise.cdi-api/4.1.0/jakarta.enterprise.cdi-api-4.1.0.jar:/home/runner/.m2/repository/jakarta/enterprise/jakarta.enterprise.lang-model/4.1.0/jakarta.enterprise.lang-model-4.1.0.jar:/home/runner/.m2/repository/jakarta/el/jakarta.el-api/5.0.1/jakarta.el-api-5.0.1.jar:/home/runner/.m2/repository/jakarta/interceptor/jakarta.interceptor-api/2.2.0/jakarta.interceptor-api-2.2.0.jar:/home/runner/.m2/repository/jakarta/inject/jakarta.inject-api/2.0.1/jakarta.inject-api-2.0.1.jar:/home/runner/.m2/repository/io/smallrye/common/smallrye-common-os/2.12.0/smallrye-common-os-2.12.0.jar:/home/runner/.m2/repository/io/quarkus/quarkus-ide-launcher/3.20.2/quarkus-ide-launcher-3.20.2.jar:/home/runner/.m2/repository/io/quarkus/quarkus-development-mode-spi/3.20.2/quarkus-development-mode-spi-3.20.2.jar:/home/runner/.m2/repository/org/jboss/logging/jboss-logging/3.6.1.Final/jboss-logging-3.6.1.Final.jar:/home/runner/.m2/repository/org/jboss/logmanager/jboss-logmanager/3.1.2.Final/jboss-logmanager-3.1.2.Final.jar:/home/runner/.m2/repository/io/smallrye/common/smallrye-common-constraint/2.12.0/smallrye-common-constraint-2.12.0.jar:/home/runner/.m2/repository/io/smallrye/common/smallrye-common-cpu/2.12.0/smallrye-common-cpu-2.12.0.jar:/home/runner/.m2/repository/io/smallrye/common/smallrye-common-expression/2.12.0/smallrye-common-expression-2.12.0.jar:/home/runner/.m2/repository/io/smallrye/common/smallrye-common-net/2.12.0/smallrye-common-net-2.12.0.jar:/home/runner/.m2/repository/io/smallrye/common/smallrye-common-ref/2.12.0/smallrye-common-ref-2.12.0.jar:/home/runner/.m2/repository/jakarta/json/jakarta.json-api/2.1.3/jakarta.json-api-2.1.3.jar:/home/runner/.m2/repository/org/eclipse/parsson/parsson/1.1.7/parsson-1.1.7.jar:/home/runner/.m2/repository/org/jboss/logging/jboss-logging-annotations/3.0.4.Final/jboss-logging-annotations-3.0.4.Final.jar:/home/runner/.m2/repository/org/jboss/threads/jboss-threads/3.8.0.Final/jboss-threads-3.8.0.Final.jar:/home/runner/.m2/repository/io/smallrye/common/smallrye-common-annotation/2.12.0/smallrye-common-annotation-2.12.0.jar:/home/runner/.m2/repository/io/smallrye/common/smallrye-common-function/2.12.0/smallrye-common-function-2.12.0.jar:/home/runner/.m2/repository/org/jboss/slf4j/slf4j-jboss-logmanager/2.0.0.Final/slf4j-jboss-logmanager-2.0.0.Final.jar:/home/runner/.m2/repository/org/wildfly/common/wildfly-common/2.0.1/wildfly-common-2.0.1.jar:/home/runner/.m2/repository/io/quarkus/quarkus-bootstrap-runner/3.20.2/quarkus-bootstrap-runner-3.20.2.jar:/home/runner/.m2/repository/io/github/crac/org-crac/0.1.3/org-crac-0.1.3.jar:/home/runner/.m2/repository/io/quarkus/quarkus-fs-util/0.0.10/quarkus-fs-util-0.0.10.jar:/home/runner/.m2/repository/org/jboss/marshalling/jboss-marshalling/2.2.2.Final/jboss-marshalling-2.2.2.Final.jar:/home/runner/.m2/repository/io/fabric8/kubernetes-client/7.1.0/kubernetes-client-7.1.0.jar:/home/runner/.m2/repository/io/fabric8/kubernetes-client-api/7.1.0/kubernetes-client-api-7.1.0.jar:/home/runner/.m2/repository/io/fabric8/kubernetes-model-core/7.1.0/kubernetes-model-core-7.1.0.jar:/home/runner/.m2/repository/io/fabric8/kubernetes-model-common/7.1.0/kubernetes-model-common-7.1.0.jar:/home/runner/.m2/repository/javax/annotation/javax.annotation-api/1.3.2/javax.annotation-api-1.3.2.jar:/home/runner/.m2/repository/io/fabric8/kubernetes-model-gatewayapi/7.1.0/kubernetes-model-gatewayapi-7.1.0.jar:/home/runner/.m2/repository/io/fabric8/kubernetes-model-resource/7.1.0/kubernetes-model-resource-7.1.0.jar:/home/runner/.m2/repository/io/fabric8/kubernetes-model-rbac/7.1.0/kubernetes-model-rbac-7.1.0.jar:/home/runner/.m2/repository/io/fabric8/kubernetes-model-admissionregistration/7.1.0/kubernetes-model-admissionregistration-7.1.0.jar:/home/runner/.m2/repository/io/fabric8/kubernetes-model-apps/7.1.0/kubernetes-model-apps-7.1.0.jar:/home/runner/.m2/repository/io/fabric8/kubernetes-model-autoscaling/7.1.0/kubernetes-model-autoscaling-7.1.0.jar:/home/runner/.m2/repository/io/fabric8/kubernetes-model-apiextensions/7.1.0/kubernetes-model-apiextensions-7.1.0.jar:/home/runner/.m2/repository/io/fabric8/kubernetes-model-batch/7.1.0/kubernetes-model-batch-7.1.0.jar:/home/runner/.m2/repository/io/fabric8/kubernetes-model-certificates/7.1.0/kubernetes-model-certificates-7.1.0.jar:/home/runner/.m2/repository/io/fabric8/kubernetes-model-coordination/7.1.0/kubernetes-model-coordination-7.1.0.jar:/home/runner/.m2/repository/io/fabric8/kubernetes-model-discovery/7.1.0/kubernetes-model-discovery-7.1.0.jar:/home/runner/.m2/repository/io/fabric8/kubernetes-model-events/7.1.0/kubernetes-model-events-7.1.0.jar:/home/runner/.m2/repository/io/fabric8/kubernetes-model-extensions/7.1.0/kubernetes-model-extensions-7.1.0.jar:/home/runner/.m2/repository/io/fabric8/kubernetes-model-flowcontrol/7.1.0/kubernetes-model-flowcontrol-7.1.0.jar:/home/runner/.m2/repository/io/fabric8/kubernetes-model-networking/7.1.0/kubernetes-model-networking-7.1.0.jar:/home/runner/.m2/repository/io/fabric8/kubernetes-model-metrics/7.1.0/kubernetes-model-metrics-7.1.0.jar:/home/runner/.m2/repository/io/fabric8/kubernetes-model-policy/7.1.0/kubernetes-model-policy-7.1.0.jar:/home/runner/.m2/repository/io/fabric8/kubernetes-model-scheduling/7.1.0/kubernetes-model-scheduling-7.1.0.jar:/home/runner/.m2/repository/io/fabric8/kubernetes-model-storageclass/7.1.0/kubernetes-model-storageclass-7.1.0.jar:/home/runner/.m2/repository/io/fabric8/kubernetes-model-node/7.1.0/kubernetes-model-node-7.1.0.jar:/home/runner/.m2/repository/org/snakeyaml/snakeyaml-engine/2.9/snakeyaml-engine-2.9.jar:/home/runner/.m2/repository/com/fasterxml/jackson/dataformat/jackson-dataformat-yaml/2.18.2/jackson-dataformat-yaml-2.18.2.jar:/home/runner/.m2/repository/com/fasterxml/jackson/datatype/jackson-datatype-jsr310/2.18.2/jackson-datatype-jsr310-2.18.2.jar:/home/runner/.m2/repository/io/fabric8/zjsonpatch/7.1.0/zjsonpatch-7.1.0.jar:/home/runner/.m2/repository/io/fabric8/kubernetes-httpclient-vertx/7.1.0/kubernetes-httpclient-vertx-7.1.0.jar:/home/runner/.m2/repository/io/vertx/vertx-web-client/4.5.16/vertx-web-client-4.5.16.jar:/home/runner/.m2/repository/io/vertx/vertx-web-common/4.5.16/vertx-web-common-4.5.16.jar:/home/runner/.m2/repository/io/vertx/vertx-auth-common/4.5.16/vertx-auth-common-4.5.16.jar:/home/runner/.m2/repository/io/vertx/vertx-uri-template/4.5.16/vertx-uri-template-4.5.16.jar:/home/runner/.m2/repository/io/fabric8/openshift-client/7.1.0/openshift-client-7.1.0.jar:/home/runner/.m2/repository/io/fabric8/openshift-client-api/7.1.0/openshift-client-api-7.1.0.jar:/home/runner/.m2/repository/io/fabric8/openshift-model/7.1.0/openshift-model-7.1.0.jar:/home/runner/.m2/repository/io/fabric8/openshift-model-autoscaling/7.1.0/openshift-model-autoscaling-7.1.0.jar:/home/runner/.m2/repository/io/fabric8/openshift-model-operator/7.1.0/openshift-model-operator-7.1.0.jar:/home/runner/.m2/repository/io/fabric8/openshift-model-operatorhub/7.1.0/openshift-model-operatorhub-7.1.0.jar:/home/runner/.m2/repository/io/fabric8/openshift-model-machine/7.1.0/openshift-model-machine-7.1.0.jar:/home/runner/.m2/repository/io/fabric8/openshift-model-whereabouts/7.1.0/openshift-model-whereabouts-7.1.0.jar:/home/runner/.m2/repository/io/fabric8/openshift-model-monitoring/7.1.0/openshift-model-monitoring-7.1.0.jar:/home/runner/.m2/repository/io/fabric8/openshift-model-storageversionmigrator/7.1.0/openshift-model-storageversionmigrator-7.1.0.jar:/home/runner/.m2/repository/io/fabric8/openshift-model-tuned/7.1.0/openshift-model-tuned-7.1.0.jar:/home/runner/.m2/repository/io/fabric8/openshift-model-console/7.1.0/openshift-model-console-7.1.0.jar:/home/runner/.m2/repository/io/fabric8/openshift-model-config/7.1.0/openshift-model-config-7.1.0.jar:/home/runner/.m2/repository/io/fabric8/openshift-model-machineconfiguration/7.1.0/openshift-model-machineconfiguration-7.1.0.jar:/home/runner/.m2/repository/io/fabric8/openshift-model-miscellaneous/7.1.0/openshift-model-miscellaneous-7.1.0.jar:/home/runner/.m2/repository/io/fabric8/openshift-model-hive/7.1.0/openshift-model-hive-7.1.0.jar:/home/runner/.m2/repository/io/fabric8/openshift-model-installer/7.1.0/openshift-model-installer-7.1.0.jar:/home/runner/.m2/repository/org/junit/platform/junit-platform-launcher/1.12.1/junit-platform-launcher-1.12.1.jar:/home/runner/.m2/repository/org/junit/platform/junit-platform-engine/1.12.1/junit-platform-engine-1.12.1.jar:/home/runner/.m2/repository/org/opentest4j/opentest4j/1.3.0/opentest4j-1.3.0.jar:/home/runner/.m2/repository/org/junit/platform/junit-platform-commons/1.12.1/junit-platform-commons-1.12.1.jar:/home/runner/.m2/repository/org/apiguardian/apiguardian-api/1.1.2/apiguardian-api-1.1.2.jar:/home/runner/.m2/repository/jakarta/ws/rs/jakarta.ws.rs-api/3.1.0/jakarta.ws.rs-api-3.1.0.jar:/home/runner/work/apicurio-testing/apicurio-testing/clusters/ci419/namespaces/inmemory/tests/integration/apicurio-registry/java-sdk/target/apicurio-registry-java-sdk-3.0.12-SNAPSHOT.jar:/home/runner/.m2/repository/com/microsoft/kiota/microsoft-kiota-abstractions/1.8.8/microsoft-kiota-abstractions-1.8.8.jar:/home/runner/.m2/repository/io/github/std-uritemplate/std-uritemplate/2.0.0/std-uritemplate-2.0.0.jar:/home/runner/.m2/repository/io/kiota/kiota-http-jdk/0.0.29/kiota-http-jdk-0.0.29.jar:/home/runner/.m2/repository/io/kiota/kiota-http-vertx/0.0.29/kiota-http-vertx-0.0.29.jar:/home/runner/.m2/repository/io/kiota/kiota-serialization-jackson/0.0.29/kiota-serialization-jackson-0.0.29.jar:/home/runner/.m2/repository/com/microsoft/kiota/microsoft-kiota-serialization-text/1.8.8/microsoft-kiota-serialization-text-1.8.8.jar:/home/runner/.m2/repository/com/microsoft/kiota/microsoft-kiota-serialization-form/1.8.8/microsoft-kiota-serialization-form-1.8.8.jar:/home/runner/.m2/repository/com/microsoft/kiota/microsoft-kiota-serialization-multipart/1.8.8/microsoft-kiota-serialization-multipart-1.8.8.jar:/home/runner/.m2/repository/jakarta/annotation/jakarta.annotation-api/3.0.0/jakarta.annotation-api-3.0.0.jar:/home/runner/.m2/repository/io/vertx/vertx-auth-oauth2/4.5.16/vertx-auth-oauth2-4.5.16.jar:/home/runner/work/apicurio-testing/apicurio-testing/clusters/ci419/namespaces/inmemory/tests/integration/apicurio-registry/java-sdk-v2/target/apicurio-registry-v2-java-sdk-3.0.12-SNAPSHOT.jar:/home/runner/work/apicurio-testing/apicurio-testing/clusters/ci419/namespaces/inmemory/tests/integration/apicurio-registry/utils/kafka/target/apicurio-registry-utils-kafka-3.0.12-SNAPSHOT-tests.jar:/home/runner/.m2/repository/org/eclipse/microprofile/config/microprofile-config-api/3.1/microprofile-config-api-3.1.jar:/home/runner/.m2/repository/org/apache/kafka/kafka-clients/3.9.1/kafka-clients-3.9.1.jar:/home/runner/.m2/repository/com/github/luben/zstd-jni/1.5.6-4/zstd-jni-1.5.6-4.jar:/home/runner/.m2/repository/org/lz4/lz4-java/1.8.0/lz4-java-1.8.0.jar:/home/runner/.m2/repository/org/xerial/snappy/snappy-java/1.1.10.5/snappy-java-1.1.10.5.jar:/home/runner/.m2/repository/org/slf4j/slf4j-api/2.0.6/slf4j-api-2.0.6.jar:/home/runner/work/apicurio-testing/apicurio-testing/clusters/ci419/namespaces/inmemory/tests/integration/apicurio-registry/utils/tests/target/apicurio-registry-utils-tests-3.0.12-SNAPSHOT.jar:/home/runner/work/apicurio-testing/apicurio-testing/clusters/ci419/namespaces/inmemory/tests/integration/apicurio-registry/common/target/apicurio-registry-common-3.0.12-SNAPSHOT.jar:/home/runner/.m2/repository/jakarta/validation/jakarta.validation-api/3.0.2/jakarta.validation-api-3.0.2.jar:/home/runner/.m2/repository/com/github/dasniko/testcontainers-keycloak/3.8.0/testcontainers-keycloak-3.8.0.jar:/home/runner/.m2/repository/org/testcontainers/testcontainers/1.20.6/testcontainers-1.20.6.jar:/home/runner/.m2/repository/org/rnorth/duct-tape/duct-tape/1.0.8/duct-tape-1.0.8.jar:/home/runner/.m2/repository/com/github/docker-java/docker-java-transport-zerodep/3.4.1/docker-java-transport-zerodep-3.4.1.jar:/home/runner/.m2/repository/com/github/docker-java/docker-java-transport/3.4.1/docker-java-transport-3.4.1.jar:/home/runner/.m2/repository/net/java/dev/jna/jna/5.8.0/jna-5.8.0.jar:/home/runner/.m2/repository/io/quarkus/quarkus-junit4-mock/3.20.2/quarkus-junit4-mock-3.20.2.jar:/home/runner/.m2/repository/org/jboss/shrinkwrap/shrinkwrap-api/2.0.0-beta-2/shrinkwrap-api-2.0.0-beta-2.jar:/home/runner/.m2/repository/org/jboss/shrinkwrap/shrinkwrap-impl-base/2.0.0-beta-2/shrinkwrap-impl-base-2.0.0-beta-2.jar:/home/runner/.m2/repository/org/jboss/shrinkwrap/shrinkwrap-spi/2.0.0-beta-2/shrinkwrap-spi-2.0.0-beta-2.jar:/home/runner/.m2/repository/org/keycloak/keycloak-admin-client/26.0.4/keycloak-admin-client-26.0.4.jar:/home/runner/.m2/repository/org/keycloak/keycloak-client-common-synced/26.0.4/keycloak-client-common-synced-26.0.4.jar:/home/runner/.m2/repository/jakarta/activation/jakarta.activation-api/2.1.3/jakarta.activation-api-2.1.3.jar:/home/runner/.m2/repository/org/eclipse/microprofile/openapi/microprofile-openapi-api/4.0.2/microprofile-openapi-api-4.0.2.jar:/home/runner/.m2/repository/org/jboss/resteasy/resteasy-client/6.2.12.Final/resteasy-client-6.2.12.Final.jar:/home/runner/.m2/repository/org/jboss/resteasy/resteasy-client-api/6.2.12.Final/resteasy-client-api-6.2.12.Final.jar:/home/runner/.m2/repository/org/jboss/resteasy/resteasy-core-spi/6.2.12.Final/resteasy-core-spi-6.2.12.Final.jar:/home/runner/.m2/repository/org/jboss/resteasy/resteasy-core/6.2.12.Final/resteasy-core-6.2.12.Final.jar:/home/runner/.m2/repository/org/eclipse/angus/angus-activation/2.0.2/angus-activation-2.0.2.jar:/home/runner/.m2/repository/com/ibm/async/asyncutil/0.1.0/asyncutil-0.1.0.jar:/home/runner/.m2/repository/org/reactivestreams/reactive-streams/1.0.4/reactive-streams-1.0.4.jar:/home/runner/.m2/repository/org/jboss/resteasy/resteasy-multipart-provider/6.2.12.Final/resteasy-multipart-provider-6.2.12.Final.jar:/home/runner/.m2/repository/jakarta/mail/jakarta.mail-api/2.1.3/jakarta.mail-api-2.1.3.jar:/home/runner/.m2/repository/org/eclipse/angus/angus-mail/2.0.3/angus-mail-2.0.3.jar:/home/runner/.m2/repository/org/apache/james/apache-mime4j-dom/0.8.12/apache-mime4j-dom-0.8.12.jar:/home/runner/.m2/repository/org/apache/james/apache-mime4j-core/0.8.12/apache-mime4j-core-0.8.12.jar:/home/runner/.m2/repository/org/apache/james/apache-mime4j-storage/0.8.12/apache-mime4j-storage-0.8.12.jar:/home/runner/.m2/repository/org/jboss/resteasy/resteasy-jackson2-provider/6.2.12.Final/resteasy-jackson2-provider-6.2.12.Final.jar:/home/runner/.m2/repository/com/fasterxml/jackson/jakarta/rs/jackson-jakarta-rs-base/2.18.2/jackson-jakarta-rs-base-2.18.2.jar:/home/runner/.m2/repository/com/fasterxml/jackson/jakarta/rs/jackson-jakarta-rs-json-provider/2.18.2/jackson-jakarta-rs-json-provider-2.18.2.jar:/home/runner/.m2/repository/com/fasterxml/jackson/module/jackson-module-jakarta-xmlbind-annotations/2.18.2/jackson-module-jakarta-xmlbind-annotations-2.18.2.jar:/home/runner/.m2/repository/com/github/java-json-tools/json-patch/1.13/json-patch-1.13.jar:/home/runner/.m2/repository/com/github/java-json-tools/msg-simple/1.2/msg-simple-1.2.jar:/home/runner/.m2/repository/com/github/java-json-tools/btf/1.3/btf-1.3.jar:/home/runner/.m2/repository/com/github/java-json-tools/jackson-coreutils/2.0/jackson-coreutils-2.0.jar:/home/runner/.m2/repository/org/jboss/resteasy/resteasy-jaxb-provider/6.2.12.Final/resteasy-jaxb-provider-6.2.12.Final.jar:/home/runner/.m2/repository/org/glassfish/jaxb/codemodel/4.0.5/codemodel-4.0.5.jar:/home/runner/.m2/repository/org/glassfish/jaxb/jaxb-core/4.0.5/jaxb-core-4.0.5.jar:/home/runner/.m2/repository/org/glassfish/jaxb/jaxb-jxc/4.0.5/jaxb-jxc-4.0.5.jar:/home/runner/.m2/repository/org/glassfish/jaxb/jaxb-runtime/4.0.5/jaxb-runtime-4.0.5.jar:/home/runner/.m2/repository/org/glassfish/jaxb/txw2/4.0.5/txw2-4.0.5.jar:/home/runner/.m2/repository/org/glassfish/jaxb/jaxb-xjc/4.0.5/jaxb-xjc-4.0.5.jar:/home/runner/.m2/repository/org/glassfish/jaxb/xsom/4.0.5/xsom-4.0.5.jar:/home/runner/.m2/repository/com/sun/istack/istack-commons-runtime/4.1.2/istack-commons-runtime-4.1.2.jar:/home/runner/.m2/repository/com/sun/istack/istack-commons-tools/4.1.2/istack-commons-tools-4.1.2.jar:/home/runner/.m2/repository/com/sun/xml/bind/external/relaxng-datatype/4.0.5/relaxng-datatype-4.0.5.jar:/home/runner/.m2/repository/com/sun/xml/bind/external/rngom/4.0.5/rngom-4.0.5.jar:/home/runner/.m2/repository/org/testcontainers/mssqlserver/1.20.6/mssqlserver-1.20.6.jar:/home/runner/.m2/repository/org/testcontainers/jdbc/1.20.6/jdbc-1.20.6.jar:/home/runner/.m2/repository/org/testcontainers/database-commons/1.20.6/database-commons-1.20.6.jar:/home/runner/.m2/repository/org/testcontainers/mysql/1.20.6/mysql-1.20.6.jar:/home/runner/.m2/repository/io/strimzi/strimzi-test-container/0.111.0/strimzi-test-container-0.111.0.jar:/home/runner/.m2/repository/org/testcontainers/toxiproxy/1.20.6/toxiproxy-1.20.6.jar:/home/runner/.m2/repository/com/github/docker-java/docker-java-api/3.4.1/docker-java-api-3.4.1.jar:/home/runner/.m2/repository/org/apache/logging/log4j/log4j-slf4j-impl/2.19.0/log4j-slf4j-impl-2.19.0.jar:/home/runner/.m2/repository/org/apache/logging/log4j/log4j-api/2.24.3/log4j-api-2.24.3.jar:/home/runner/.m2/repository/org/apache/logging/log4j/log4j-core/2.19.0/log4j-core-2.19.0.jar:/home/runner/.m2/repository/eu/rekawek/toxiproxy/toxiproxy-java/2.1.7/toxiproxy-java-2.1.7.jar:/home/runner/.m2/repository/org/testcontainers/pulsar/1.21.3/pulsar-1.21.3.jar:/home/runner/.m2/repository/io/debezium/debezium-testing-testcontainers/2.7.4.Final/debezium-testing-testcontainers-2.7.4.Final.jar:/home/runner/.m2/repository/org/testcontainers/kafka/1.20.6/kafka-1.20.6.jar:/home/runner/.m2/repository/com/squareup/okhttp3/okhttp/4.8.1/okhttp-4.8.1.jar:/home/runner/.m2/repository/com/squareup/okio/okio/3.10.2/okio-3.10.2.jar:/home/runner/.m2/repository/com/squareup/okio/okio-jvm/3.10.2/okio-jvm-3.10.2.jar:/home/runner/.m2/repository/org/jetbrains/kotlin/kotlin-stdlib/2.0.21/kotlin-stdlib-2.0.21.jar:/home/runner/.m2/repository/org/awaitility/awaitility/4.3.0/awaitility-4.3.0.jar:/home/runner/.m2/repository/org/testcontainers/mongodb/1.20.6/mongodb-1.20.6.jar:/home/runner/.m2/repository/org/testcontainers/mariadb/1.20.6/mariadb-1.20.6.jar:/home/runner/.m2/repository/org/testcontainers/oracle-xe/1.20.6/oracle-xe-1.20.6.jar:/home/runner/.m2/repository/org/testcontainers/postgresql/1.20.6/postgresql-1.20.6.jar:/home/runner/.m2/repository/org/wiremock/wiremock/3.0.1/wiremock-3.0.1.jar:/home/runner/.m2/repository/org/eclipse/jetty/jetty-server/11.0.15/jetty-server-11.0.15.jar:/home/runner/.m2/repository/org/eclipse/jetty/toolchain/jetty-jakarta-servlet-api/5.0.2/jetty-jakarta-servlet-api-5.0.2.jar:/home/runner/.m2/repository/org/eclipse/jetty/jetty-http/11.0.15/jetty-http-11.0.15.jar:/home/runner/.m2/repository/org/eclipse/jetty/jetty-io/11.0.15/jetty-io-11.0.15.jar:/home/runner/.m2/repository/org/eclipse/jetty/jetty-servlet/11.0.15/jetty-servlet-11.0.15.jar:/home/runner/.m2/repository/org/eclipse/jetty/jetty-security/11.0.15/jetty-security-11.0.15.jar:/home/runner/.m2/repository/org/eclipse/jetty/jetty-servlets/11.0.15/jetty-servlets-11.0.15.jar:/home/runner/.m2/repository/org/eclipse/jetty/jetty-util/11.0.15/jetty-util-11.0.15.jar:/home/runner/.m2/repository/org/eclipse/jetty/jetty-webapp/11.0.15/jetty-webapp-11.0.15.jar:/home/runner/.m2/repository/org/eclipse/jetty/jetty-xml/11.0.15/jetty-xml-11.0.15.jar:/home/runner/.m2/repository/org/eclipse/jetty/jetty-proxy/11.0.15/jetty-proxy-11.0.15.jar:/home/runner/.m2/repository/org/eclipse/jetty/jetty-client/11.0.15/jetty-client-11.0.15.jar:/home/runner/.m2/repository/org/eclipse/jetty/http2/http2-server/11.0.15/http2-server-11.0.15.jar:/home/runner/.m2/repository/org/eclipse/jetty/http2/http2-common/11.0.15/http2-common-11.0.15.jar:/home/runner/.m2/repository/org/eclipse/jetty/http2/http2-hpack/11.0.15/http2-hpack-11.0.15.jar:/home/runner/.m2/repository/org/eclipse/jetty/jetty-alpn-server/11.0.15/jetty-alpn-server-11.0.15.jar:/home/runner/.m2/repository/org/eclipse/jetty/jetty-alpn-java-server/11.0.15/jetty-alpn-java-server-11.0.15.jar:/home/runner/.m2/repository/org/eclipse/jetty/jetty-alpn-java-client/11.0.15/jetty-alpn-java-client-11.0.15.jar:/home/runner/.m2/repository/org/eclipse/jetty/jetty-alpn-client/11.0.15/jetty-alpn-client-11.0.15.jar:/home/runner/.m2/repository/org/apache/httpcomponents/client5/httpclient5/5.2.1/httpclient5-5.2.1.jar:/home/runner/.m2/repository/org/apache/httpcomponents/core5/httpcore5/5.2/httpcore5-5.2.jar:/home/runner/.m2/repository/org/apache/httpcomponents/core5/httpcore5-h2/5.2/httpcore5-h2-5.2.jar:/home/runner/.m2/repository/org/xmlunit/xmlunit-core/2.9.1/xmlunit-core-2.9.1.jar:/home/runner/.m2/repository/jakarta/xml/bind/jakarta.xml.bind-api/4.0.2/jakarta.xml.bind-api-4.0.2.jar:/home/runner/.m2/repository/org/xmlunit/xmlunit-legacy/2.9.1/xmlunit-legacy-2.9.1.jar:/home/runner/.m2/repository/org/xmlunit/xmlunit-placeholders/2.9.1/xmlunit-placeholders-2.9.1.jar:/home/runner/.m2/repository/net/javacrumbs/json-unit/json-unit-core/2.38.0/json-unit-core-2.38.0.jar:/home/runner/.m2/repository/org/hamcrest/hamcrest-core/2.2/hamcrest-core-2.2.jar:/home/runner/.m2/repository/com/jayway/jsonpath/json-path/2.8.0/json-path-2.8.0.jar:/home/runner/.m2/repository/net/minidev/json-smart/2.4.10/json-smart-2.4.10.jar:/home/runner/.m2/repository/net/minidev/accessors-smart/2.4.9/accessors-smart-2.4.9.jar:/home/runner/.m2/repository/org/ow2/asm/asm/9.7.1/asm-9.7.1.jar:/home/runner/.m2/repository/net/sf/jopt-simple/jopt-simple/5.0.4/jopt-simple-5.0.4.jar:/home/runner/.m2/repository/com/github/jknack/handlebars/4.3.1/handlebars-4.3.1.jar:/home/runner/.m2/repository/com/github/jknack/handlebars-helpers/4.3.1/handlebars-helpers-4.3.1.jar:/home/runner/.m2/repository/commons-fileupload/commons-fileupload/1.5/commons-fileupload-1.5.jar:/home/runner/.m2/repository/com/networknt/json-schema-validator/1.5.8/json-schema-validator-1.5.8.jar:/home/runner/.m2/repository/com/ethlo/time/itu/1.10.3/itu-1.10.3.jar:/home/runner/.m2/repository/io/quarkus/quarkus-smallrye-jwt-build/3.20.2/quarkus-smallrye-jwt-build-3.20.2.jar:/home/runner/.m2/repository/io/smallrye/smallrye-jwt-build/4.6.2/smallrye-jwt-build-4.6.2.jar:/home/runner/.m2/repository/org/eclipse/microprofile/jwt/microprofile-jwt-auth-api/2.1/microprofile-jwt-auth-api-2.1.jar:/home/runner/.m2/repository/org/bitbucket/b_c/jose4j/0.9.6/jose4j-0.9.6.jar:/home/runner/.m2/repository/io/smallrye/smallrye-jwt-common/4.6.2/smallrye-jwt-common-4.6.2.jar:/home/runner/.m2/repository/io/quarkus/quarkus-jsonp/3.20.2/quarkus-jsonp-3.20.2.jar:/home/runner/.m2/repository/io/quarkus/quarkus-arc/3.20.2/quarkus-arc-3.20.2.jar:/home/runner/.m2/repository/io/quarkus/arc/arc/3.20.2/arc-3.20.2.jar:/home/runner/.m2/repository/jakarta/transaction/jakarta.transaction-api/2.0.1/jakarta.transaction-api-2.0.1.jar:/home/runner/.m2/repository/io/smallrye/reactive/mutiny/2.9.2/mutiny-2.9.2.jar:/home/runner/.m2/repository/org/jctools/jctools-core/4.0.5/jctools-core-4.0.5.jar:/home/runner/.m2/repository/org/eclipse/microprofile/context-propagation/microprofile-context-propagation-api/1.3/microprofile-context-propagation-api-1.3.jar:/home/runner/.m2/repository/io/apicurio/apicurio-common-rest-client-common/0.1.18.Final/apicurio-common-rest-client-common-0.1.18.Final.jar:/home/runner/work/apicurio-testing/apicurio-testing/clusters/ci419/namespaces/inmemory/tests/integration/apicurio-registry/utils/maven-plugin/target/apicurio-registry-maven-plugin-3.0.12-SNAPSHOT.jar:/home/runner/.m2/repository/com/fasterxml/jackson/core/jackson-databind/2.18.2/jackson-databind-2.18.2.jar:/home/runner/.m2/repository/org/apache/avro/avro/1.12.0/avro-1.12.0.jar:/home/runner/.m2/repository/com/google/protobuf/protobuf-java/4.31.1/protobuf-java-4.31.1.jar:/home/runner/.m2/repository/com/google/protobuf/protobuf-java-util/4.31.1/protobuf-java-util-4.31.1.jar:/home/runner/.m2/repository/com/google/code/findbugs/jsr305/3.0.2/jsr305-3.0.2.jar:/home/runner/.m2/repository/com/google/code/gson/gson/2.12.1/gson-2.12.1.jar:/home/runner/.m2/repository/com/google/errorprone/error_prone_annotations/2.36.0/error_prone_annotations-2.36.0.jar:/home/runner/.m2/repository/com/google/j2objc/j2objc-annotations/2.8/j2objc-annotations-2.8.jar:/home/runner/work/apicurio-testing/apicurio-testing/clusters/ci419/namespaces/inmemory/tests/integration/apicurio-registry/schema-util/util-provider/target/apicurio-registry-schema-util-provider-3.0.12-SNAPSHOT.jar:/home/runner/work/apicurio-testing/apicurio-testing/clusters/ci419/namespaces/inmemory/tests/integration/apicurio-registry/schema-util/common/target/apicurio-registry-schema-util-common-3.0.12-SNAPSHOT.jar:/home/runner/.m2/repository/com/fasterxml/jackson/module/jackson-module-parameter-names/2.18.2/jackson-module-parameter-names-2.18.2.jar:/home/runner/.m2/repository/com/fasterxml/jackson/datatype/jackson-datatype-json-org/2.18.2/jackson-datatype-json-org-2.18.2.jar:/home/runner/work/apicurio-testing/apicurio-testing/clusters/ci419/namespaces/inmemory/tests/integration/apicurio-registry/schema-util/json/target/apicurio-registry-schema-util-json-3.0.12-SNAPSHOT.jar:/home/runner/.m2/repository/com/github/erosb/everit-json-schema/1.14.5/everit-json-schema-1.14.5.jar:/home/runner/.m2/repository/commons-validator/commons-validator/1.9.0/commons-validator-1.9.0.jar:/home/runner/.m2/repository/commons-digester/commons-digester/2.1/commons-digester-2.1.jar:/home/runner/.m2/repository/commons-collections/commons-collections/3.2.2/commons-collections-3.2.2.jar:/home/runner/.m2/repository/com/damnhandy/handy-uri-templates/2.1.8/handy-uri-templates-2.1.8.jar:/home/runner/.m2/repository/joda-time/joda-time/2.10.2/joda-time-2.10.2.jar:/home/runner/.m2/repository/com/github/erosb/json-sKema/0.20.0/json-sKema-0.20.0.jar:/home/runner/.m2/repository/io/vertx/vertx-json-schema/4.5.16/vertx-json-schema-4.5.16.jar:/home/runner/work/apicurio-testing/apicurio-testing/clusters/ci419/namespaces/inmemory/tests/integration/apicurio-registry/schema-util/protobuf/target/apicurio-registry-schema-util-protobuf-3.0.12-SNAPSHOT.jar:/home/runner/work/apicurio-testing/apicurio-testing/clusters/ci419/namespaces/inmemory/tests/integration/apicurio-registry/utils/protobuf-schema-utilities/target/apicurio-registry-protobuf-schema-utilities-3.0.12-SNAPSHOT.jar:/home/runner/.m2/repository/com/google/api/grpc/proto-google-common-protos/2.52.0/proto-google-common-protos-2.52.0.jar:/home/runner/.m2/repository/com/squareup/wire/wire-schema-jvm/5.3.3/wire-schema-jvm-5.3.3.jar:/home/runner/.m2/repository/com/palantir/javapoet/javapoet/0.6.0/javapoet-0.6.0.jar:/home/runner/.m2/repository/com/squareup/kotlinpoet-jvm/2.0.0/kotlinpoet-jvm-2.0.0.jar:/home/runner/.m2/repository/org/jetbrains/kotlin/kotlin-reflect/2.0.21/kotlin-reflect-2.0.21.jar:/home/runner/.m2/repository/com/squareup/wire/wire-runtime-jvm/5.3.3/wire-runtime-jvm-5.3.3.jar:/home/runner/.m2/repository/com/ibm/icu/icu4j/76.1/icu4j-76.1.jar:/home/runner/.m2/repository/com/squareup/okio/okio-fakefilesystem/3.10.2/okio-fakefilesystem-3.10.2.jar:/home/runner/.m2/repository/com/squareup/okio/okio-fakefilesystem-jvm/3.10.2/okio-fakefilesystem-jvm-3.10.2.jar:/home/runner/.m2/repository/org/jetbrains/kotlinx/kotlinx-datetime-jvm/0.6.1/kotlinx-datetime-jvm-0.6.1.jar:/home/runner/work/apicurio-testing/apicurio-testing/clusters/ci419/namespaces/inmemory/tests/integration/apicurio-registry/schema-util/asyncapi/target/apicurio-registry-schema-util-asyncapi-3.0.12-SNAPSHOT.jar:/home/runner/work/apicurio-testing/apicurio-testing/clusters/ci419/namespaces/inmemory/tests/integration/apicurio-registry/schema-util/avro/target/apicurio-registry-schema-util-avro-3.0.12-SNAPSHOT.jar:/home/runner/work/apicurio-testing/apicurio-testing/clusters/ci419/namespaces/inmemory/tests/integration/apicurio-registry/schema-util/graphql/target/apicurio-registry-schema-util-graphql-3.0.12-SNAPSHOT.jar:/home/runner/.m2/repository/com/graphql-java/graphql-java/22.4/graphql-java-22.4.jar:/home/runner/.m2/repository/com/graphql-java/java-dataloader/3.3.0/java-dataloader-3.3.0.jar:/home/runner/work/apicurio-testing/apicurio-testing/clusters/ci419/namespaces/inmemory/tests/integration/apicurio-registry/schema-util/kconnect/target/apicurio-registry-schema-util-kconnect-3.0.12-SNAPSHOT.jar:/home/runner/work/apicurio-testing/apicurio-testing/clusters/ci419/namespaces/inmemory/tests/integration/apicurio-registry/schema-util/openapi/target/apicurio-registry-schema-util-openapi-3.0.12-SNAPSHOT.jar:/home/runner/.m2/repository/io/apicurio/apicurio-data-models/2.2.2/apicurio-data-models-2.2.2.jar:/home/runner/.m2/repository/org/openapitools/openapidiff/openapi-diff-core/2.1.2/openapi-diff-core-2.1.2.jar:/home/runner/.m2/repository/io/swagger/parser/v3/swagger-parser/2.1.28/swagger-parser-2.1.28.jar:/home/runner/.m2/repository/io/swagger/parser/v3/swagger-parser-v2-converter/2.1.28/swagger-parser-v2-converter-2.1.28.jar:/home/runner/.m2/repository/io/swagger/swagger-core/1.6.16/swagger-core-1.6.16.jar:/home/runner/.m2/repository/io/swagger/swagger-models/1.6.16/swagger-models-1.6.16.jar:/home/runner/.m2/repository/io/swagger/swagger-annotations/1.6.16/swagger-annotations-1.6.16.jar:/home/runner/.m2/repository/io/swagger/swagger-parser/1.0.75/swagger-parser-1.0.75.jar:/home/runner/.m2/repository/io/swagger/swagger-parser-safe-url-resolver/1.0.75/swagger-parser-safe-url-resolver-1.0.75.jar:/home/runner/.m2/repository/io/swagger/swagger-compat-spec-parser/1.0.75/swagger-compat-spec-parser-1.0.75.jar:/home/runner/.m2/repository/com/github/java-json-tools/json-schema-validator/2.2.14/json-schema-validator-2.2.14.jar:/home/runner/.m2/repository/com/github/java-json-tools/jackson-coreutils-equivalence/1.0/jackson-coreutils-equivalence-1.0.jar:/home/runner/.m2/repository/com/github/java-json-tools/json-schema-core/1.2.14/json-schema-core-1.2.14.jar:/home/runner/.m2/repository/com/github/java-json-tools/uri-template/0.10/uri-template-0.10.jar:/home/runner/.m2/repository/com/googlecode/libphonenumber/libphonenumber/8.11.1/libphonenumber-8.11.1.jar:/home/runner/.m2/repository/com/j2html/j2html/1.6.0/j2html-1.6.0.jar:/home/runner/.m2/repository/org/apache/commons/commons-collections4/4.5.0/commons-collections4-4.5.0.jar:/home/runner/.m2/repository/org/slf4j/jcl-over-slf4j/2.0.17/jcl-over-slf4j-2.0.17.jar:/home/runner/.m2/repository/io/swagger/parser/v3/swagger-parser-v3/2.1.31/swagger-parser-v3-2.1.31.jar:/home/runner/.m2/repository/io/swagger/core/v3/swagger-models/2.2.34/swagger-models-2.2.34.jar:/home/runner/.m2/repository/io/swagger/core/v3/swagger-core/2.2.34/swagger-core-2.2.34.jar:/home/runner/.m2/repository/io/swagger/parser/v3/swagger-parser-core/2.1.31/swagger-parser-core-2.1.31.jar:/home/runner/.m2/repository/io/swagger/parser/v3/swagger-parser-safe-url-resolver/2.1.31/swagger-parser-safe-url-resolver-2.1.31.jar:/home/runner/work/apicurio-testing/apicurio-testing/clusters/ci419/namespaces/inmemory/tests/integration/apicurio-registry/schema-util/wsdl/target/apicurio-registry-schema-util-wsdl-3.0.12-SNAPSHOT.jar:/home/runner/.m2/repository/wsdl4j/wsdl4j/1.6.3/wsdl4j-1.6.3.jar:/home/runner/work/apicurio-testing/apicurio-testing/clusters/ci419/namespaces/inmemory/tests/integration/apicurio-registry/schema-util/xml/target/apicurio-registry-schema-util-xml-3.0.12-SNAPSHOT.jar:/home/runner/.m2/repository/org/apache/santuario/xmlsec/4.0.4/xmlsec-4.0.4.jar:/home/runner/.m2/repository/com/fasterxml/woodstox/woodstox-core/7.1.1/woodstox-core-7.1.1.jar:/home/runner/.m2/repository/org/codehaus/woodstox/stax2-api/4.2.2/stax2-api-4.2.2.jar:/home/runner/work/apicurio-testing/apicurio-testing/clusters/ci419/namespaces/inmemory/tests/integration/apicurio-registry/schema-util/xsd/target/apicurio-registry-schema-util-xsd-3.0.12-SNAPSHOT.jar:/home/runner/work/apicurio-testing/apicurio-testing/clusters/ci419/namespaces/inmemory/tests/integration/apicurio-registry/serdes/kafka/jsonschema-serde/target/apicurio-registry-jsonschema-serde-kafka-3.0.12-SNAPSHOT.jar:/home/runner/work/apicurio-testing/apicurio-testing/clusters/ci419/namespaces/inmemory/tests/integration/apicurio-registry/serdes/kafka/serde-kafka-common/target/apicurio-registry-serde-kafka-common-3.0.12-SNAPSHOT.jar:/home/runner/work/apicurio-testing/apicurio-testing/clusters/ci419/namespaces/inmemory/tests/integration/apicurio-registry/serdes/generic/serde-common/target/apicurio-registry-serde-common-3.0.12-SNAPSHOT.jar:/home/runner/work/apicurio-testing/apicurio-testing/clusters/ci419/namespaces/inmemory/tests/integration/apicurio-registry/serdes/generic/serde-common-jsonschema/target/apicurio-registry-serde-common-jsonschema-3.0.12-SNAPSHOT.jar:/home/runner/.m2/repository/org/json/json/20250107/json-20250107.jar:/home/runner/work/apicurio-testing/apicurio-testing/clusters/ci419/namespaces/inmemory/tests/integration/apicurio-registry/serdes/kafka/avro-serde/target/apicurio-registry-avro-serde-kafka-3.0.12-SNAPSHOT.jar:/home/runner/work/apicurio-testing/apicurio-testing/clusters/ci419/namespaces/inmemory/tests/integration/apicurio-registry/serdes/generic/serde-common-avro/target/apicurio-registry-serde-common-avro-3.0.12-SNAPSHOT.jar:/home/runner/work/apicurio-testing/apicurio-testing/clusters/ci419/namespaces/inmemory/tests/integration/apicurio-registry/serdes/kafka/protobuf-serde/target/apicurio-registry-protobuf-serde-kafka-3.0.12-SNAPSHOT.jar:/home/runner/work/apicurio-testing/apicurio-testing/clusters/ci419/namespaces/inmemory/tests/integration/apicurio-registry/serdes/generic/serde-common-protobuf/target/apicurio-registry-serde-common-protobuf-3.0.12-SNAPSHOT.jar:/home/runner/.m2/repository/com/squareup/wire/wire-schema/5.3.3/wire-schema-5.3.3.jar:/home/runner/.m2/repository/com/squareup/wire/wire-runtime/5.3.3/wire-runtime-5.3.3.jar:/home/runner/work/apicurio-testing/apicurio-testing/clusters/ci419/namespaces/inmemory/tests/integration/apicurio-registry/serdes/pulsar/avro-serde/target/apicurio-registry-avro-serde-pulsar-3.0.12-SNAPSHOT.jar:/home/runner/.m2/repository/org/apache/pulsar/pulsar-functions-api/3.3.8/pulsar-functions-api-3.3.8.jar:/home/runner/work/apicurio-testing/apicurio-testing/clusters/ci419/namespaces/inmemory/tests/integration/apicurio-registry/serdes/nats/avro-serde/target/apicurio-registry-avro-serde-nats-3.0.12-SNAPSHOT.jar:/home/runner/.m2/repository/io/nats/jnats/2.21.4/jnats-2.21.4.jar:/home/runner/.m2/repository/org/bouncycastle/bcprov-lts8on/2.73.7/bcprov-lts8on-2.73.7.jar:/home/runner/.m2/repository/org/jetbrains/annotations/26.0.2/annotations-26.0.2.jar:/home/runner/work/apicurio-testing/apicurio-testing/clusters/ci419/namespaces/inmemory/tests/integration/apicurio-registry/utils/converter/target/apicurio-registry-utils-converter-3.0.12-SNAPSHOT.jar:/home/runner/work/apicurio-testing/apicurio-testing/clusters/ci419/namespaces/inmemory/tests/integration/apicurio-registry/schema-resolver/target/apicurio-registry-schema-resolver-3.0.12-SNAPSHOT.jar:/home/runner/.m2/repository/org/apache/kafka/connect-api/3.9.1/connect-api-3.9.1.jar:/home/runner/.m2/repository/javax/ws/rs/javax.ws.rs-api/2.1.1/javax.ws.rs-api-2.1.1.jar:/home/runner/.m2/repository/org/apache/kafka/connect-json/3.9.1/connect-json-3.9.1.jar:/home/runner/.m2/repository/com/fasterxml/jackson/datatype/jackson-datatype-jdk8/2.18.2/jackson-datatype-jdk8-2.18.2.jar:/home/runner/.m2/repository/com/fasterxml/jackson/module/jackson-module-afterburner/2.18.2/jackson-module-afterburner-2.18.2.jar:/home/runner/work/apicurio-testing/apicurio-testing/clusters/ci419/namespaces/inmemory/tests/integration/apicurio-registry/utils/kafka/target/apicurio-registry-utils-kafka-3.0.12-SNAPSHOT.jar:/home/runner/.m2/repository/org/apache/pulsar/pulsar-client/3.3.8/pulsar-client-3.3.8.jar:/home/runner/.m2/repository/org/apache/pulsar/pulsar-client-api/3.3.8/pulsar-client-api-3.3.8.jar:/home/runner/.m2/repository/org/apache/pulsar/pulsar-client-admin-api/3.3.8/pulsar-client-admin-api-3.3.8.jar:/home/runner/.m2/repository/org/apache/pulsar/bouncy-castle-bc/3.3.8/bouncy-castle-bc-3.3.8-pkg.jar:/home/runner/.m2/repository/org/bouncycastle/bcpkix-jdk18on/1.81/bcpkix-jdk18on-1.81.jar:/home/runner/.m2/repository/org/bouncycastle/bcutil-jdk18on/1.81/bcutil-jdk18on-1.81.jar:/home/runner/.m2/repository/org/bouncycastle/bcprov-jdk18on/1.81/bcprov-jdk18on-1.81.jar:/home/runner/.m2/repository/io/opentelemetry/opentelemetry-api/1.44.1/opentelemetry-api-1.44.1.jar:/home/runner/.m2/repository/io/opentelemetry/opentelemetry-context/1.44.1/opentelemetry-context-1.44.1.jar:/home/runner/.m2/repository/io/opentelemetry/opentelemetry-api-incubator/1.44.1-alpha/opentelemetry-api-incubator-1.44.1-alpha.jar:/home/runner/.m2/repository/com/fasterxml/jackson/core/jackson-annotations/2.18.2/jackson-annotations-2.18.2.jar:/home/runner/.m2/repository/javax/validation/validation-api/1.1.0.Final/validation-api-1.1.0.Final.jar:/home/runner/.m2/repository/org/jspecify/jspecify/1.0.0/jspecify-1.0.0.jar:/home/runner/.m2/repository/org/apache/commons/commons-configuration2/2.12.0/commons-configuration2-2.12.0.jar:/home/runner/.m2/repository/commons-logging/commons-logging/1.3.5/commons-logging-1.3.5.jar:/home/runner/.m2/repository/org/apache/commons/commons-text/1.13.0/commons-text-1.13.0.jar:/home/runner/.m2/repository/io/confluent/kafka-avro-serializer/8.0.0/kafka-avro-serializer-8.0.0.jar:/home/runner/.m2/repository/org/apache/commons/commons-compress/1.27.1/commons-compress-1.27.1.jar:/home/runner/.m2/repository/io/confluent/kafka-schema-serializer/8.0.0/kafka-schema-serializer-8.0.0.jar:/home/runner/.m2/repository/com/fasterxml/jackson/dataformat/jackson-dataformat-csv/2.18.2/jackson-dataformat-csv-2.18.2.jar:/home/runner/.m2/repository/io/confluent/kafka-schema-registry-client/8.0.0/kafka-schema-registry-client-8.0.0.jar:/home/runner/.m2/repository/org/yaml/snakeyaml/2.3/snakeyaml-2.3.jar:/home/runner/.m2/repository/io/swagger/core/v3/swagger-annotations/2.2.29/swagger-annotations-2.2.29.jar:/home/runner/.m2/repository/com/google/guava/guava/33.4.0-jre/guava-33.4.0-jre.jar:/home/runner/.m2/repository/com/google/guava/failureaccess/1.0.1/failureaccess-1.0.1.jar:/home/runner/.m2/repository/org/checkerframework/checker-qual/3.49.0/checker-qual-3.49.0.jar:/home/runner/.m2/repository/io/confluent/logredactor/1.0.13/logredactor-1.0.13.jar:/home/runner/.m2/repository/com/google/re2j/re2j/1.6/re2j-1.6.jar:/home/runner/.m2/repository/io/confluent/logredactor-metrics/1.0.13/logredactor-metrics-1.0.13.jar:/home/runner/.m2/repository/com/eclipsesource/minimal-json/minimal-json/0.9.5/minimal-json-0.9.5.jar:/home/runner/.m2/repository/io/confluent/common-utils/8.0.0/common-utils-8.0.0.jar:/home/runner/.m2/repository/io/confluent/kafka-connect-avro-converter/8.0.0/kafka-connect-avro-converter-8.0.0.jar:/home/runner/.m2/repository/io/confluent/kafka-connect-avro-data/8.0.0/kafka-connect-avro-data-8.0.0.jar:/home/runner/.m2/repository/io/confluent/kafka-schema-converter/8.0.0/kafka-schema-converter-8.0.0.jar:/home/runner/.m2/repository/io/rest-assured/rest-assured/5.5.1/rest-assured-5.5.1.jar:/home/runner/.m2/repository/org/apache/groovy/groovy/4.0.22/groovy-4.0.22.jar:/home/runner/.m2/repository/org/apache/groovy/groovy-xml/4.0.22/groovy-xml-4.0.22.jar:/home/runner/.m2/repository/org/apache/httpcomponents/httpclient/4.5.14/httpclient-4.5.14.jar:/home/runner/.m2/repository/org/apache/httpcomponents/httpcore/4.4.16/httpcore-4.4.16.jar:/home/runner/.m2/repository/org/apache/httpcomponents/httpmime/4.5.14/httpmime-4.5.14.jar:/home/runner/.m2/repository/org/hamcrest/hamcrest/2.2/hamcrest-2.2.jar:/home/runner/.m2/repository/org/ccil/cowan/tagsoup/tagsoup/1.2.1/tagsoup-1.2.1.jar:/home/runner/.m2/repository/io/rest-assured/json-path/5.5.1/json-path-5.5.1.jar:/home/runner/.m2/repository/org/apache/groovy/groovy-json/4.0.22/groovy-json-4.0.22.jar:/home/runner/.m2/repository/io/rest-assured/rest-assured-common/5.5.1/rest-assured-common-5.5.1.jar:/home/runner/.m2/repository/io/rest-assured/xml-path/5.5.1/xml-path-5.5.1.jar:/home/runner/.m2/repository/io/zonky/test/embedded-postgres/2.1.0/embedded-postgres-2.1.0.jar:/home/runner/.m2/repository/io/zonky/test/postgres/embedded-postgres-binaries-windows-amd64/14.15.0/embedded-postgres-binaries-windows-amd64-14.15.0.jar:/home/runner/.m2/repository/io/zonky/test/postgres/embedded-postgres-binaries-darwin-amd64/14.15.0/embedded-postgres-binaries-darwin-amd64-14.15.0.jar:/home/runner/.m2/repository/io/zonky/test/postgres/embedded-postgres-binaries-linux-amd64/14.15.0/embedded-postgres-binaries-linux-amd64-14.15.0.jar:/home/runner/.m2/repository/io/zonky/test/postgres/embedded-postgres-binaries-linux-amd64-alpine/14.15.0/embedded-postgres-binaries-linux-amd64-alpine-14.15.0.jar:/home/runner/.m2/repository/org/apache/commons/commons-lang3/3.17.0/commons-lang3-3.17.0.jar:/home/runner/.m2/repository/org/tukaani/xz/1.10/xz-1.10.jar:/home/runner/.m2/repository/commons-codec/commons-codec/1.19.0/commons-codec-1.19.0.jar:/home/runner/.m2/repository/org/postgresql/postgresql/42.7.7/postgresql-42.7.7.jar:/home/runner/.m2/repository/commons-io/commons-io/2.18.0/commons-io-2.18.0.jar:/home/runner/work/apicurio-testing/apicurio-testing/clusters/ci419/namespaces/inmemory/tests/integration/apicurio-registry/utils/importexport/target/apicurio-registry-utils-import-export-3.0.12-SNAPSHOT.jar:/home/runner/.m2/repository/io/vertx/vertx-core/4.5.16/vertx-core-4.5.16.jar:/home/runner/.m2/repository/io/netty/netty-common/4.1.121.Final/netty-common-4.1.121.Final.jar:/home/runner/.m2/repository/io/netty/netty-buffer/4.1.121.Final/netty-buffer-4.1.121.Final.jar:/home/runner/.m2/repository/io/netty/netty-transport/4.1.121.Final/netty-transport-4.1.121.Final.jar:/home/runner/.m2/repository/io/netty/netty-handler/4.1.121.Final/netty-handler-4.1.121.Final.jar:/home/runner/.m2/repository/io/netty/netty-transport-native-unix-common/4.1.121.Final/netty-transport-native-unix-common-4.1.121.Final.jar:/home/runner/.m2/repository/io/netty/netty-codec/4.1.121.Final/netty-codec-4.1.121.Final.jar:/home/runner/.m2/repository/io/netty/netty-handler-proxy/4.1.121.Final/netty-handler-proxy-4.1.121.Final.jar:/home/runner/.m2/repository/io/netty/netty-codec-socks/4.1.121.Final/netty-codec-socks-4.1.121.Final.jar:/home/runner/.m2/repository/io/netty/netty-codec-http/4.1.121.Final/netty-codec-http-4.1.121.Final.jar:/home/runner/.m2/repository/io/netty/netty-codec-http2/4.1.121.Final/netty-codec-http2-4.1.121.Final.jar:/home/runner/.m2/repository/io/netty/netty-resolver/4.1.121.Final/netty-resolver-4.1.121.Final.jar:/home/runner/.m2/repository/io/netty/netty-resolver-dns/4.1.121.Final/netty-resolver-dns-4.1.121.Final.jar:/home/runner/.m2/repository/io/netty/netty-codec-dns/4.1.121.Final/netty-codec-dns-4.1.121.Final.jar:/home/runner/.m2/repository/com/fasterxml/jackson/core/jackson-core/2.18.2/jackson-core-2.18.2.jar:"/>
    <property name="java.vm.vendor" value="Eclipse Adoptium"/>
    <property name="maven.javadoc.skip" value="true"/>
    <property name="sun.arch.data.model" value="64"/>
    <property name="java.vendor.url" value="https://adoptium.net/"/>
    <property name="user.timezone" value="Etc/UTC"/>
    <property name="os.name" value="Linux"/>
    <property name="java.vm.specification.version" value="17"/>
    <property name="sun.java.launcher" value="SUN_STANDARD"/>
    <property name="quarkus.http.test-port" value="80"/>
    <property name="sun.boot.library.path" value="/usr/lib/jvm/temurin-17-jdk-amd64/lib"/>
    <property name="sun.java.command" value="/home/runner/work/apicurio-testing/apicurio-testing/clusters/ci419/namespaces/inmemory/tests/integration/apicurio-registry/integration-tests/target/surefire/surefirebooter-20250805182134807_3.jar /home/runner/work/apicurio-testing/apicurio-testing/clusters/ci419/namespaces/inmemory/tests/integration/apicurio-registry/integration-tests/target/surefire 2025-08-05T18-21-34_713-jvmRun1 surefire-20250805182134807_1tmp surefire_0-20250805182134807_2tmp"/>
    <property name="maven.home" value="/home/runner/.m2/wrapper/dists/apache-maven-3.9.8-bin/4fnp1ql35bgk2a0p7m31ovbgb0/apache-maven-3.9.8"/>
    <property name="jdk.debug" value="release"/>
    <property name="surefire.test.class.path" value="/home/runner/work/apicurio-testing/apicurio-testing/clusters/ci419/namespaces/inmemory/tests/integration/apicurio-registry/integration-tests/target/test-classes:/home/runner/work/apicurio-testing/apicurio-testing/clusters/ci419/namespaces/inmemory/tests/integration/apicurio-registry/integration-tests/target/apicurio-registry-integration-tests-3.0.12-SNAPSHOT.jar:/home/runner/.m2/repository/io/quarkus/quarkus-junit5/3.20.2/quarkus-junit5-3.20.2.jar:/home/runner/.m2/repository/io/quarkus/quarkus-bootstrap-core/3.20.2/quarkus-bootstrap-core-3.20.2.jar:/home/runner/.m2/repository/io/quarkus/quarkus-classloader-commons/3.20.2/quarkus-classloader-commons-3.20.2.jar:/home/runner/.m2/repository/io/quarkus/quarkus-bootstrap-app-model/3.20.2/quarkus-bootstrap-app-model-3.20.2.jar:/home/runner/.m2/repository/io/smallrye/common/smallrye-common-io/2.12.0/smallrye-common-io-2.12.0.jar:/home/runner/.m2/repository/org/eclipse/sisu/org.eclipse.sisu.inject/0.9.0.M3/org.eclipse.sisu.inject-0.9.0.M3.jar:/home/runner/.m2/repository/io/quarkus/quarkus-test-common/3.20.2/quarkus-test-common-3.20.2.jar:/home/runner/.m2/repository/io/quarkus/quarkus-core-deployment/3.20.2/quarkus-core-deployment-3.20.2.jar:/home/runner/.m2/repository/org/aesh/readline/2.6/readline-2.6.jar:/home/runner/.m2/repository/org/fusesource/jansi/jansi/2.4.0/jansi-2.4.0.jar:/home/runner/.m2/repository/org/aesh/aesh/2.8.2/aesh-2.8.2.jar:/home/runner/.m2/repository/io/quarkus/gizmo/gizmo/1.8.0/gizmo-1.8.0.jar:/home/runner/.m2/repository/org/ow2/asm/asm-util/9.7.1/asm-util-9.7.1.jar:/home/runner/.m2/repository/org/ow2/asm/asm-analysis/9.7.1/asm-analysis-9.7.1.jar:/home/runner/.m2/repository/org/ow2/asm/asm-commons/9.7.1/asm-commons-9.7.1.jar:/home/runner/.m2/repository/org/ow2/asm/asm-tree/9.7.1/asm-tree-9.7.1.jar:/home/runner/.m2/repository/io/quarkus/quarkus-hibernate-validator-spi/3.20.2/quarkus-hibernate-validator-spi-3.20.2.jar:/home/runner/.m2/repository/io/quarkus/quarkus-class-change-agent/3.20.2/quarkus-class-change-agent-3.20.2.jar:/home/runner/.m2/repository/io/quarkus/quarkus-devtools-utilities/3.20.2/quarkus-devtools-utilities-3.20.2.jar:/home/runner/.m2/repository/io/quarkus/quarkus-builder/3.20.2/quarkus-builder-3.20.2.jar:/home/runner/.m2/repository/org/graalvm/sdk/nativeimage/23.1.2/nativeimage-23.1.2.jar:/home/runner/.m2/repository/org/graalvm/sdk/word/23.1.2/word-23.1.2.jar:/home/runner/.m2/repository/io/quarkus/quarkus-bootstrap-maven-resolver/3.20.2/quarkus-bootstrap-maven-resolver-3.20.2.jar:/home/runner/.m2/repository/io/smallrye/beanbag/smallrye-beanbag-maven/1.5.2/smallrye-beanbag-maven-1.5.2.jar:/home/runner/.m2/repository/io/smallrye/beanbag/smallrye-beanbag-sisu/1.5.2/smallrye-beanbag-sisu-1.5.2.jar:/home/runner/.m2/repository/io/smallrye/beanbag/smallrye-beanbag/1.5.2/smallrye-beanbag-1.5.2.jar:/home/runner/.m2/repository/javax/inject/javax.inject/1/javax.inject-1.jar:/home/runner/.m2/repository/org/apache/maven/maven-artifact/3.9.9/maven-artifact-3.9.9.jar:/home/runner/.m2/repository/org/apache/maven/maven-builder-support/3.9.9/maven-builder-support-3.9.9.jar:/home/runner/.m2/repository/org/apache/maven/maven-model/3.9.9/maven-model-3.9.9.jar:/home/runner/.m2/repository/org/apache/maven/maven-model-builder/3.9.9/maven-model-builder-3.9.9.jar:/home/runner/.m2/repository/org/apache/maven/maven-repository-metadata/3.9.9/maven-repository-metadata-3.9.9.jar:/home/runner/.m2/repository/org/apache/maven/maven-settings/3.9.9/maven-settings-3.9.9.jar:/home/runner/.m2/repository/org/apache/maven/resolver/maven-resolver-api/1.9.22/maven-resolver-api-1.9.22.jar:/home/runner/.m2/repository/org/apache/maven/resolver/maven-resolver-impl/1.9.22/maven-resolver-impl-1.9.22.jar:/home/runner/.m2/repository/org/apache/maven/resolver/maven-resolver-named-locks/1.9.22/maven-resolver-named-locks-1.9.22.jar:/home/runner/.m2/repository/org/apache/maven/resolver/maven-resolver-spi/1.9.22/maven-resolver-spi-1.9.22.jar:/home/runner/.m2/repository/org/apache/maven/resolver/maven-resolver-util/1.9.22/maven-resolver-util-1.9.22.jar:/home/runner/.m2/repository/org/apache/maven/resolver/maven-resolver-transport-http/1.9.20/maven-resolver-transport-http-1.9.20.jar:/home/runner/.m2/repository/org/apache/maven/wagon/wagon-provider-api/3.5.3/wagon-provider-api-3.5.3.jar:/home/runner/.m2/repository/org/apache/maven/wagon/wagon-http-shared/3.5.3/wagon-http-shared-3.5.3.jar:/home/runner/.m2/repository/org/codehaus/plexus/plexus-interpolation/1.26/plexus-interpolation-1.26.jar:/home/runner/.m2/repository/org/codehaus/plexus/plexus-utils/3.5.1/plexus-utils-3.5.1.jar:/home/runner/.m2/repository/org/codehaus/plexus/plexus-xml/4.0.1/plexus-xml-4.0.1.jar:/home/runner/.m2/repository/org/apache/maven/maven-xml-impl/4.0.0-alpha-5/maven-xml-impl-4.0.0-alpha-5.jar:/home/runner/.m2/repository/org/apache/maven/maven-api-xml/4.0.0-alpha-5/maven-api-xml-4.0.0-alpha-5.jar:/home/runner/.m2/repository/org/apache/maven/maven-api-meta/4.0.0-alpha-5/maven-api-meta-4.0.0-alpha-5.jar:/home/runner/.m2/repository/org/codehaus/plexus/plexus-cipher/2.0/plexus-cipher-2.0.jar:/home/runner/.m2/repository/org/codehaus/plexus/plexus-sec-dispatcher/2.0/plexus-sec-dispatcher-2.0.jar:/home/runner/.m2/repository/org/apache/maven/maven-embedder/3.9.9/maven-embedder-3.9.9.jar:/home/runner/.m2/repository/org/apache/maven/maven-core/3.9.9/maven-core-3.9.9.jar:/home/runner/.m2/repository/org/codehaus/plexus/plexus-component-annotations/2.1.0/plexus-component-annotations-2.1.0.jar:/home/runner/.m2/repository/org/apache/maven/maven-plugin-api/3.9.9/maven-plugin-api-3.9.9.jar:/home/runner/.m2/repository/org/apache/maven/shared/maven-shared-utils/3.4.2/maven-shared-utils-3.4.2.jar:/home/runner/.m2/repository/com/google/inject/guice/5.1.0/guice-5.1.0.jar:/home/runner/.m2/repository/aopalliance/aopalliance/1.0/aopalliance-1.0.jar:/home/runner/.m2/repository/org/codehaus/plexus/plexus-classworlds/2.6.0/plexus-classworlds-2.6.0.jar:/home/runner/.m2/repository/commons-cli/commons-cli/1.8.0/commons-cli-1.8.0.jar:/home/runner/.m2/repository/org/eclipse/sisu/org.eclipse.sisu.plexus/0.9.0.M3/org.eclipse.sisu.plexus-0.9.0.M3.jar:/home/runner/.m2/repository/org/apache/maven/maven-settings-builder/3.9.9/maven-settings-builder-3.9.9.jar:/home/runner/.m2/repository/org/apache/maven/maven-resolver-provider/3.9.9/maven-resolver-provider-3.9.9.jar:/home/runner/.m2/repository/org/apache/maven/resolver/maven-resolver-connector-basic/1.9.22/maven-resolver-connector-basic-1.9.22.jar:/home/runner/.m2/repository/org/apache/maven/resolver/maven-resolver-transport-wagon/1.9.22/maven-resolver-transport-wagon-1.9.22.jar:/home/runner/.m2/repository/org/apache/maven/wagon/wagon-http/3.5.3/wagon-http-3.5.3.jar:/home/runner/.m2/repository/org/apache/maven/wagon/wagon-file/3.5.3/wagon-file-3.5.3.jar:/home/runner/.m2/repository/io/quarkus/quarkus-bootstrap-gradle-resolver/3.20.2/quarkus-bootstrap-gradle-resolver-3.20.2.jar:/home/runner/.m2/repository/io/smallrye/jandex/3.3.0/jandex-3.3.0.jar:/home/runner/.m2/repository/org/jboss/logging/commons-logging-jboss-logging/1.0.0.Final/commons-logging-jboss-logging-1.0.0.Final.jar:/home/runner/.m2/repository/io/quarkus/quarkus-junit5-config/3.20.2/quarkus-junit5-config-3.20.2.jar:/home/runner/.m2/repository/org/junit/jupiter/junit-jupiter-api/5.12.1/junit-jupiter-api-5.12.1.jar:/home/runner/.m2/repository/io/smallrye/config/smallrye-config/3.11.4/smallrye-config-3.11.4.jar:/home/runner/.m2/repository/io/smallrye/config/smallrye-config-core/3.11.4/smallrye-config-core-3.11.4.jar:/home/runner/.m2/repository/io/smallrye/common/smallrye-common-classloader/2.12.0/smallrye-common-classloader-2.12.0.jar:/home/runner/.m2/repository/io/smallrye/config/smallrye-config-common/3.11.4/smallrye-config-common-3.11.4.jar:/home/runner/.m2/repository/org/junit/jupiter/junit-jupiter/5.12.1/junit-jupiter-5.12.1.jar:/home/runner/.m2/repository/org/junit/jupiter/junit-jupiter-params/5.12.1/junit-jupiter-params-5.12.1.jar:/home/runner/.m2/repository/org/junit/jupiter/junit-jupiter-engine/5.12.1/junit-jupiter-engine-5.12.1.jar:/home/runner/.m2/repository/io/quarkus/quarkus-core/3.20.2/quarkus-core-3.20.2.jar:/home/runner/.m2/repository/jakarta/enterprise/jakarta.enterprise.cdi-api/4.1.0/jakarta.enterprise.cdi-api-4.1.0.jar:/home/runner/.m2/repository/jakarta/enterprise/jakarta.enterprise.lang-model/4.1.0/jakarta.enterprise.lang-model-4.1.0.jar:/home/runner/.m2/repository/jakarta/el/jakarta.el-api/5.0.1/jakarta.el-api-5.0.1.jar:/home/runner/.m2/repository/jakarta/interceptor/jakarta.interceptor-api/2.2.0/jakarta.interceptor-api-2.2.0.jar:/home/runner/.m2/repository/jakarta/inject/jakarta.inject-api/2.0.1/jakarta.inject-api-2.0.1.jar:/home/runner/.m2/repository/io/smallrye/common/smallrye-common-os/2.12.0/smallrye-common-os-2.12.0.jar:/home/runner/.m2/repository/io/quarkus/quarkus-ide-launcher/3.20.2/quarkus-ide-launcher-3.20.2.jar:/home/runner/.m2/repository/io/quarkus/quarkus-development-mode-spi/3.20.2/quarkus-development-mode-spi-3.20.2.jar:/home/runner/.m2/repository/org/jboss/logging/jboss-logging/3.6.1.Final/jboss-logging-3.6.1.Final.jar:/home/runner/.m2/repository/org/jboss/logmanager/jboss-logmanager/3.1.2.Final/jboss-logmanager-3.1.2.Final.jar:/home/runner/.m2/repository/io/smallrye/common/smallrye-common-constraint/2.12.0/smallrye-common-constraint-2.12.0.jar:/home/runner/.m2/repository/io/smallrye/common/smallrye-common-cpu/2.12.0/smallrye-common-cpu-2.12.0.jar:/home/runner/.m2/repository/io/smallrye/common/smallrye-common-expression/2.12.0/smallrye-common-expression-2.12.0.jar:/home/runner/.m2/repository/io/smallrye/common/smallrye-common-net/2.12.0/smallrye-common-net-2.12.0.jar:/home/runner/.m2/repository/io/smallrye/common/smallrye-common-ref/2.12.0/smallrye-common-ref-2.12.0.jar:/home/runner/.m2/repository/jakarta/json/jakarta.json-api/2.1.3/jakarta.json-api-2.1.3.jar:/home/runner/.m2/repository/org/eclipse/parsson/parsson/1.1.7/parsson-1.1.7.jar:/home/runner/.m2/repository/org/jboss/logging/jboss-logging-annotations/3.0.4.Final/jboss-logging-annotations-3.0.4.Final.jar:/home/runner/.m2/repository/org/jboss/threads/jboss-threads/3.8.0.Final/jboss-threads-3.8.0.Final.jar:/home/runner/.m2/repository/io/smallrye/common/smallrye-common-annotation/2.12.0/smallrye-common-annotation-2.12.0.jar:/home/runner/.m2/repository/io/smallrye/common/smallrye-common-function/2.12.0/smallrye-common-function-2.12.0.jar:/home/runner/.m2/repository/org/jboss/slf4j/slf4j-jboss-logmanager/2.0.0.Final/slf4j-jboss-logmanager-2.0.0.Final.jar:/home/runner/.m2/repository/org/wildfly/common/wildfly-common/2.0.1/wildfly-common-2.0.1.jar:/home/runner/.m2/repository/io/quarkus/quarkus-bootstrap-runner/3.20.2/quarkus-bootstrap-runner-3.20.2.jar:/home/runner/.m2/repository/io/github/crac/org-crac/0.1.3/org-crac-0.1.3.jar:/home/runner/.m2/repository/io/quarkus/quarkus-fs-util/0.0.10/quarkus-fs-util-0.0.10.jar:/home/runner/.m2/repository/org/jboss/marshalling/jboss-marshalling/2.2.2.Final/jboss-marshalling-2.2.2.Final.jar:/home/runner/.m2/repository/io/fabric8/kubernetes-client/7.1.0/kubernetes-client-7.1.0.jar:/home/runner/.m2/repository/io/fabric8/kubernetes-client-api/7.1.0/kubernetes-client-api-7.1.0.jar:/home/runner/.m2/repository/io/fabric8/kubernetes-model-core/7.1.0/kubernetes-model-core-7.1.0.jar:/home/runner/.m2/repository/io/fabric8/kubernetes-model-common/7.1.0/kubernetes-model-common-7.1.0.jar:/home/runner/.m2/repository/javax/annotation/javax.annotation-api/1.3.2/javax.annotation-api-1.3.2.jar:/home/runner/.m2/repository/io/fabric8/kubernetes-model-gatewayapi/7.1.0/kubernetes-model-gatewayapi-7.1.0.jar:/home/runner/.m2/repository/io/fabric8/kubernetes-model-resource/7.1.0/kubernetes-model-resource-7.1.0.jar:/home/runner/.m2/repository/io/fabric8/kubernetes-model-rbac/7.1.0/kubernetes-model-rbac-7.1.0.jar:/home/runner/.m2/repository/io/fabric8/kubernetes-model-admissionregistration/7.1.0/kubernetes-model-admissionregistration-7.1.0.jar:/home/runner/.m2/repository/io/fabric8/kubernetes-model-apps/7.1.0/kubernetes-model-apps-7.1.0.jar:/home/runner/.m2/repository/io/fabric8/kubernetes-model-autoscaling/7.1.0/kubernetes-model-autoscaling-7.1.0.jar:/home/runner/.m2/repository/io/fabric8/kubernetes-model-apiextensions/7.1.0/kubernetes-model-apiextensions-7.1.0.jar:/home/runner/.m2/repository/io/fabric8/kubernetes-model-batch/7.1.0/kubernetes-model-batch-7.1.0.jar:/home/runner/.m2/repository/io/fabric8/kubernetes-model-certificates/7.1.0/kubernetes-model-certificates-7.1.0.jar:/home/runner/.m2/repository/io/fabric8/kubernetes-model-coordination/7.1.0/kubernetes-model-coordination-7.1.0.jar:/home/runner/.m2/repository/io/fabric8/kubernetes-model-discovery/7.1.0/kubernetes-model-discovery-7.1.0.jar:/home/runner/.m2/repository/io/fabric8/kubernetes-model-events/7.1.0/kubernetes-model-events-7.1.0.jar:/home/runner/.m2/repository/io/fabric8/kubernetes-model-extensions/7.1.0/kubernetes-model-extensions-7.1.0.jar:/home/runner/.m2/repository/io/fabric8/kubernetes-model-flowcontrol/7.1.0/kubernetes-model-flowcontrol-7.1.0.jar:/home/runner/.m2/repository/io/fabric8/kubernetes-model-networking/7.1.0/kubernetes-model-networking-7.1.0.jar:/home/runner/.m2/repository/io/fabric8/kubernetes-model-metrics/7.1.0/kubernetes-model-metrics-7.1.0.jar:/home/runner/.m2/repository/io/fabric8/kubernetes-model-policy/7.1.0/kubernetes-model-policy-7.1.0.jar:/home/runner/.m2/repository/io/fabric8/kubernetes-model-scheduling/7.1.0/kubernetes-model-scheduling-7.1.0.jar:/home/runner/.m2/repository/io/fabric8/kubernetes-model-storageclass/7.1.0/kubernetes-model-storageclass-7.1.0.jar:/home/runner/.m2/repository/io/fabric8/kubernetes-model-node/7.1.0/kubernetes-model-node-7.1.0.jar:/home/runner/.m2/repository/org/snakeyaml/snakeyaml-engine/2.9/snakeyaml-engine-2.9.jar:/home/runner/.m2/repository/com/fasterxml/jackson/dataformat/jackson-dataformat-yaml/2.18.2/jackson-dataformat-yaml-2.18.2.jar:/home/runner/.m2/repository/com/fasterxml/jackson/datatype/jackson-datatype-jsr310/2.18.2/jackson-datatype-jsr310-2.18.2.jar:/home/runner/.m2/repository/io/fabric8/zjsonpatch/7.1.0/zjsonpatch-7.1.0.jar:/home/runner/.m2/repository/io/fabric8/kubernetes-httpclient-vertx/7.1.0/kubernetes-httpclient-vertx-7.1.0.jar:/home/runner/.m2/repository/io/vertx/vertx-web-client/4.5.16/vertx-web-client-4.5.16.jar:/home/runner/.m2/repository/io/vertx/vertx-web-common/4.5.16/vertx-web-common-4.5.16.jar:/home/runner/.m2/repository/io/vertx/vertx-auth-common/4.5.16/vertx-auth-common-4.5.16.jar:/home/runner/.m2/repository/io/vertx/vertx-uri-template/4.5.16/vertx-uri-template-4.5.16.jar:/home/runner/.m2/repository/io/fabric8/openshift-client/7.1.0/openshift-client-7.1.0.jar:/home/runner/.m2/repository/io/fabric8/openshift-client-api/7.1.0/openshift-client-api-7.1.0.jar:/home/runner/.m2/repository/io/fabric8/openshift-model/7.1.0/openshift-model-7.1.0.jar:/home/runner/.m2/repository/io/fabric8/openshift-model-autoscaling/7.1.0/openshift-model-autoscaling-7.1.0.jar:/home/runner/.m2/repository/io/fabric8/openshift-model-operator/7.1.0/openshift-model-operator-7.1.0.jar:/home/runner/.m2/repository/io/fabric8/openshift-model-operatorhub/7.1.0/openshift-model-operatorhub-7.1.0.jar:/home/runner/.m2/repository/io/fabric8/openshift-model-machine/7.1.0/openshift-model-machine-7.1.0.jar:/home/runner/.m2/repository/io/fabric8/openshift-model-whereabouts/7.1.0/openshift-model-whereabouts-7.1.0.jar:/home/runner/.m2/repository/io/fabric8/openshift-model-monitoring/7.1.0/openshift-model-monitoring-7.1.0.jar:/home/runner/.m2/repository/io/fabric8/openshift-model-storageversionmigrator/7.1.0/openshift-model-storageversionmigrator-7.1.0.jar:/home/runner/.m2/repository/io/fabric8/openshift-model-tuned/7.1.0/openshift-model-tuned-7.1.0.jar:/home/runner/.m2/repository/io/fabric8/openshift-model-console/7.1.0/openshift-model-console-7.1.0.jar:/home/runner/.m2/repository/io/fabric8/openshift-model-config/7.1.0/openshift-model-config-7.1.0.jar:/home/runner/.m2/repository/io/fabric8/openshift-model-machineconfiguration/7.1.0/openshift-model-machineconfiguration-7.1.0.jar:/home/runner/.m2/repository/io/fabric8/openshift-model-miscellaneous/7.1.0/openshift-model-miscellaneous-7.1.0.jar:/home/runner/.m2/repository/io/fabric8/openshift-model-hive/7.1.0/openshift-model-hive-7.1.0.jar:/home/runner/.m2/repository/io/fabric8/openshift-model-installer/7.1.0/openshift-model-installer-7.1.0.jar:/home/runner/.m2/repository/org/junit/platform/junit-platform-launcher/1.12.1/junit-platform-launcher-1.12.1.jar:/home/runner/.m2/repository/org/junit/platform/junit-platform-engine/1.12.1/junit-platform-engine-1.12.1.jar:/home/runner/.m2/repository/org/opentest4j/opentest4j/1.3.0/opentest4j-1.3.0.jar:/home/runner/.m2/repository/org/junit/platform/junit-platform-commons/1.12.1/junit-platform-commons-1.12.1.jar:/home/runner/.m2/repository/org/apiguardian/apiguardian-api/1.1.2/apiguardian-api-1.1.2.jar:/home/runner/.m2/repository/jakarta/ws/rs/jakarta.ws.rs-api/3.1.0/jakarta.ws.rs-api-3.1.0.jar:/home/runner/work/apicurio-testing/apicurio-testing/clusters/ci419/namespaces/inmemory/tests/integration/apicurio-registry/java-sdk/target/apicurio-registry-java-sdk-3.0.12-SNAPSHOT.jar:/home/runner/.m2/repository/com/microsoft/kiota/microsoft-kiota-abstractions/1.8.8/microsoft-kiota-abstractions-1.8.8.jar:/home/runner/.m2/repository/io/github/std-uritemplate/std-uritemplate/2.0.0/std-uritemplate-2.0.0.jar:/home/runner/.m2/repository/io/kiota/kiota-http-jdk/0.0.29/kiota-http-jdk-0.0.29.jar:/home/runner/.m2/repository/io/kiota/kiota-http-vertx/0.0.29/kiota-http-vertx-0.0.29.jar:/home/runner/.m2/repository/io/kiota/kiota-serialization-jackson/0.0.29/kiota-serialization-jackson-0.0.29.jar:/home/runner/.m2/repository/com/microsoft/kiota/microsoft-kiota-serialization-text/1.8.8/microsoft-kiota-serialization-text-1.8.8.jar:/home/runner/.m2/repository/com/microsoft/kiota/microsoft-kiota-serialization-form/1.8.8/microsoft-kiota-serialization-form-1.8.8.jar:/home/runner/.m2/repository/com/microsoft/kiota/microsoft-kiota-serialization-multipart/1.8.8/microsoft-kiota-serialization-multipart-1.8.8.jar:/home/runner/.m2/repository/jakarta/annotation/jakarta.annotation-api/3.0.0/jakarta.annotation-api-3.0.0.jar:/home/runner/.m2/repository/io/vertx/vertx-auth-oauth2/4.5.16/vertx-auth-oauth2-4.5.16.jar:/home/runner/work/apicurio-testing/apicurio-testing/clusters/ci419/namespaces/inmemory/tests/integration/apicurio-registry/java-sdk-v2/target/apicurio-registry-v2-java-sdk-3.0.12-SNAPSHOT.jar:/home/runner/work/apicurio-testing/apicurio-testing/clusters/ci419/namespaces/inmemory/tests/integration/apicurio-registry/utils/kafka/target/apicurio-registry-utils-kafka-3.0.12-SNAPSHOT-tests.jar:/home/runner/.m2/repository/org/eclipse/microprofile/config/microprofile-config-api/3.1/microprofile-config-api-3.1.jar:/home/runner/.m2/repository/org/apache/kafka/kafka-clients/3.9.1/kafka-clients-3.9.1.jar:/home/runner/.m2/repository/com/github/luben/zstd-jni/1.5.6-4/zstd-jni-1.5.6-4.jar:/home/runner/.m2/repository/org/lz4/lz4-java/1.8.0/lz4-java-1.8.0.jar:/home/runner/.m2/repository/org/xerial/snappy/snappy-java/1.1.10.5/snappy-java-1.1.10.5.jar:/home/runner/.m2/repository/org/slf4j/slf4j-api/2.0.6/slf4j-api-2.0.6.jar:/home/runner/work/apicurio-testing/apicurio-testing/clusters/ci419/namespaces/inmemory/tests/integration/apicurio-registry/utils/tests/target/apicurio-registry-utils-tests-3.0.12-SNAPSHOT.jar:/home/runner/work/apicurio-testing/apicurio-testing/clusters/ci419/namespaces/inmemory/tests/integration/apicurio-registry/common/target/apicurio-registry-common-3.0.12-SNAPSHOT.jar:/home/runner/.m2/repository/jakarta/validation/jakarta.validation-api/3.0.2/jakarta.validation-api-3.0.2.jar:/home/runner/.m2/repository/com/github/dasniko/testcontainers-keycloak/3.8.0/testcontainers-keycloak-3.8.0.jar:/home/runner/.m2/repository/org/testcontainers/testcontainers/1.20.6/testcontainers-1.20.6.jar:/home/runner/.m2/repository/org/rnorth/duct-tape/duct-tape/1.0.8/duct-tape-1.0.8.jar:/home/runner/.m2/repository/com/github/docker-java/docker-java-transport-zerodep/3.4.1/docker-java-transport-zerodep-3.4.1.jar:/home/runner/.m2/repository/com/github/docker-java/docker-java-transport/3.4.1/docker-java-transport-3.4.1.jar:/home/runner/.m2/repository/net/java/dev/jna/jna/5.8.0/jna-5.8.0.jar:/home/runner/.m2/repository/io/quarkus/quarkus-junit4-mock/3.20.2/quarkus-junit4-mock-3.20.2.jar:/home/runner/.m2/repository/org/jboss/shrinkwrap/shrinkwrap-api/2.0.0-beta-2/shrinkwrap-api-2.0.0-beta-2.jar:/home/runner/.m2/repository/org/jboss/shrinkwrap/shrinkwrap-impl-base/2.0.0-beta-2/shrinkwrap-impl-base-2.0.0-beta-2.jar:/home/runner/.m2/repository/org/jboss/shrinkwrap/shrinkwrap-spi/2.0.0-beta-2/shrinkwrap-spi-2.0.0-beta-2.jar:/home/runner/.m2/repository/org/keycloak/keycloak-admin-client/26.0.4/keycloak-admin-client-26.0.4.jar:/home/runner/.m2/repository/org/keycloak/keycloak-client-common-synced/26.0.4/keycloak-client-common-synced-26.0.4.jar:/home/runner/.m2/repository/jakarta/activation/jakarta.activation-api/2.1.3/jakarta.activation-api-2.1.3.jar:/home/runner/.m2/repository/org/eclipse/microprofile/openapi/microprofile-openapi-api/4.0.2/microprofile-openapi-api-4.0.2.jar:/home/runner/.m2/repository/org/jboss/resteasy/resteasy-client/6.2.12.Final/resteasy-client-6.2.12.Final.jar:/home/runner/.m2/repository/org/jboss/resteasy/resteasy-client-api/6.2.12.Final/resteasy-client-api-6.2.12.Final.jar:/home/runner/.m2/repository/org/jboss/resteasy/resteasy-core-spi/6.2.12.Final/resteasy-core-spi-6.2.12.Final.jar:/home/runner/.m2/repository/org/jboss/resteasy/resteasy-core/6.2.12.Final/resteasy-core-6.2.12.Final.jar:/home/runner/.m2/repository/org/eclipse/angus/angus-activation/2.0.2/angus-activation-2.0.2.jar:/home/runner/.m2/repository/com/ibm/async/asyncutil/0.1.0/asyncutil-0.1.0.jar:/home/runner/.m2/repository/org/reactivestreams/reactive-streams/1.0.4/reactive-streams-1.0.4.jar:/home/runner/.m2/repository/org/jboss/resteasy/resteasy-multipart-provider/6.2.12.Final/resteasy-multipart-provider-6.2.12.Final.jar:/home/runner/.m2/repository/jakarta/mail/jakarta.mail-api/2.1.3/jakarta.mail-api-2.1.3.jar:/home/runner/.m2/repository/org/eclipse/angus/angus-mail/2.0.3/angus-mail-2.0.3.jar:/home/runner/.m2/repository/org/apache/james/apache-mime4j-dom/0.8.12/apache-mime4j-dom-0.8.12.jar:/home/runner/.m2/repository/org/apache/james/apache-mime4j-core/0.8.12/apache-mime4j-core-0.8.12.jar:/home/runner/.m2/repository/org/apache/james/apache-mime4j-storage/0.8.12/apache-mime4j-storage-0.8.12.jar:/home/runner/.m2/repository/org/jboss/resteasy/resteasy-jackson2-provider/6.2.12.Final/resteasy-jackson2-provider-6.2.12.Final.jar:/home/runner/.m2/repository/com/fasterxml/jackson/jakarta/rs/jackson-jakarta-rs-base/2.18.2/jackson-jakarta-rs-base-2.18.2.jar:/home/runner/.m2/repository/com/fasterxml/jackson/jakarta/rs/jackson-jakarta-rs-json-provider/2.18.2/jackson-jakarta-rs-json-provider-2.18.2.jar:/home/runner/.m2/repository/com/fasterxml/jackson/module/jackson-module-jakarta-xmlbind-annotations/2.18.2/jackson-module-jakarta-xmlbind-annotations-2.18.2.jar:/home/runner/.m2/repository/com/github/java-json-tools/json-patch/1.13/json-patch-1.13.jar:/home/runner/.m2/repository/com/github/java-json-tools/msg-simple/1.2/msg-simple-1.2.jar:/home/runner/.m2/repository/com/github/java-json-tools/btf/1.3/btf-1.3.jar:/home/runner/.m2/repository/com/github/java-json-tools/jackson-coreutils/2.0/jackson-coreutils-2.0.jar:/home/runner/.m2/repository/org/jboss/resteasy/resteasy-jaxb-provider/6.2.12.Final/resteasy-jaxb-provider-6.2.12.Final.jar:/home/runner/.m2/repository/org/glassfish/jaxb/codemodel/4.0.5/codemodel-4.0.5.jar:/home/runner/.m2/repository/org/glassfish/jaxb/jaxb-core/4.0.5/jaxb-core-4.0.5.jar:/home/runner/.m2/repository/org/glassfish/jaxb/jaxb-jxc/4.0.5/jaxb-jxc-4.0.5.jar:/home/runner/.m2/repository/org/glassfish/jaxb/jaxb-runtime/4.0.5/jaxb-runtime-4.0.5.jar:/home/runner/.m2/repository/org/glassfish/jaxb/txw2/4.0.5/txw2-4.0.5.jar:/home/runner/.m2/repository/org/glassfish/jaxb/jaxb-xjc/4.0.5/jaxb-xjc-4.0.5.jar:/home/runner/.m2/repository/org/glassfish/jaxb/xsom/4.0.5/xsom-4.0.5.jar:/home/runner/.m2/repository/com/sun/istack/istack-commons-runtime/4.1.2/istack-commons-runtime-4.1.2.jar:/home/runner/.m2/repository/com/sun/istack/istack-commons-tools/4.1.2/istack-commons-tools-4.1.2.jar:/home/runner/.m2/repository/com/sun/xml/bind/external/relaxng-datatype/4.0.5/relaxng-datatype-4.0.5.jar:/home/runner/.m2/repository/com/sun/xml/bind/external/rngom/4.0.5/rngom-4.0.5.jar:/home/runner/.m2/repository/org/testcontainers/mssqlserver/1.20.6/mssqlserver-1.20.6.jar:/home/runner/.m2/repository/org/testcontainers/jdbc/1.20.6/jdbc-1.20.6.jar:/home/runner/.m2/repository/org/testcontainers/database-commons/1.20.6/database-commons-1.20.6.jar:/home/runner/.m2/repository/org/testcontainers/mysql/1.20.6/mysql-1.20.6.jar:/home/runner/.m2/repository/io/strimzi/strimzi-test-container/0.111.0/strimzi-test-container-0.111.0.jar:/home/runner/.m2/repository/org/testcontainers/toxiproxy/1.20.6/toxiproxy-1.20.6.jar:/home/runner/.m2/repository/com/github/docker-java/docker-java-api/3.4.1/docker-java-api-3.4.1.jar:/home/runner/.m2/repository/org/apache/logging/log4j/log4j-slf4j-impl/2.19.0/log4j-slf4j-impl-2.19.0.jar:/home/runner/.m2/repository/org/apache/logging/log4j/log4j-api/2.24.3/log4j-api-2.24.3.jar:/home/runner/.m2/repository/org/apache/logging/log4j/log4j-core/2.19.0/log4j-core-2.19.0.jar:/home/runner/.m2/repository/eu/rekawek/toxiproxy/toxiproxy-java/2.1.7/toxiproxy-java-2.1.7.jar:/home/runner/.m2/repository/org/testcontainers/pulsar/1.21.3/pulsar-1.21.3.jar:/home/runner/.m2/repository/io/debezium/debezium-testing-testcontainers/2.7.4.Final/debezium-testing-testcontainers-2.7.4.Final.jar:/home/runner/.m2/repository/org/testcontainers/kafka/1.20.6/kafka-1.20.6.jar:/home/runner/.m2/repository/com/squareup/okhttp3/okhttp/4.8.1/okhttp-4.8.1.jar:/home/runner/.m2/repository/com/squareup/okio/okio/3.10.2/okio-3.10.2.jar:/home/runner/.m2/repository/com/squareup/okio/okio-jvm/3.10.2/okio-jvm-3.10.2.jar:/home/runner/.m2/repository/org/jetbrains/kotlin/kotlin-stdlib/2.0.21/kotlin-stdlib-2.0.21.jar:/home/runner/.m2/repository/org/awaitility/awaitility/4.3.0/awaitility-4.3.0.jar:/home/runner/.m2/repository/org/testcontainers/mongodb/1.20.6/mongodb-1.20.6.jar:/home/runner/.m2/repository/org/testcontainers/mariadb/1.20.6/mariadb-1.20.6.jar:/home/runner/.m2/repository/org/testcontainers/oracle-xe/1.20.6/oracle-xe-1.20.6.jar:/home/runner/.m2/repository/org/testcontainers/postgresql/1.20.6/postgresql-1.20.6.jar:/home/runner/.m2/repository/org/wiremock/wiremock/3.0.1/wiremock-3.0.1.jar:/home/runner/.m2/repository/org/eclipse/jetty/jetty-server/11.0.15/jetty-server-11.0.15.jar:/home/runner/.m2/repository/org/eclipse/jetty/toolchain/jetty-jakarta-servlet-api/5.0.2/jetty-jakarta-servlet-api-5.0.2.jar:/home/runner/.m2/repository/org/eclipse/jetty/jetty-http/11.0.15/jetty-http-11.0.15.jar:/home/runner/.m2/repository/org/eclipse/jetty/jetty-io/11.0.15/jetty-io-11.0.15.jar:/home/runner/.m2/repository/org/eclipse/jetty/jetty-servlet/11.0.15/jetty-servlet-11.0.15.jar:/home/runner/.m2/repository/org/eclipse/jetty/jetty-security/11.0.15/jetty-security-11.0.15.jar:/home/runner/.m2/repository/org/eclipse/jetty/jetty-servlets/11.0.15/jetty-servlets-11.0.15.jar:/home/runner/.m2/repository/org/eclipse/jetty/jetty-util/11.0.15/jetty-util-11.0.15.jar:/home/runner/.m2/repository/org/eclipse/jetty/jetty-webapp/11.0.15/jetty-webapp-11.0.15.jar:/home/runner/.m2/repository/org/eclipse/jetty/jetty-xml/11.0.15/jetty-xml-11.0.15.jar:/home/runner/.m2/repository/org/eclipse/jetty/jetty-proxy/11.0.15/jetty-proxy-11.0.15.jar:/home/runner/.m2/repository/org/eclipse/jetty/jetty-client/11.0.15/jetty-client-11.0.15.jar:/home/runner/.m2/repository/org/eclipse/jetty/http2/http2-server/11.0.15/http2-server-11.0.15.jar:/home/runner/.m2/repository/org/eclipse/jetty/http2/http2-common/11.0.15/http2-common-11.0.15.jar:/home/runner/.m2/repository/org/eclipse/jetty/http2/http2-hpack/11.0.15/http2-hpack-11.0.15.jar:/home/runner/.m2/repository/org/eclipse/jetty/jetty-alpn-server/11.0.15/jetty-alpn-server-11.0.15.jar:/home/runner/.m2/repository/org/eclipse/jetty/jetty-alpn-java-server/11.0.15/jetty-alpn-java-server-11.0.15.jar:/home/runner/.m2/repository/org/eclipse/jetty/jetty-alpn-java-client/11.0.15/jetty-alpn-java-client-11.0.15.jar:/home/runner/.m2/repository/org/eclipse/jetty/jetty-alpn-client/11.0.15/jetty-alpn-client-11.0.15.jar:/home/runner/.m2/repository/org/apache/httpcomponents/client5/httpclient5/5.2.1/httpclient5-5.2.1.jar:/home/runner/.m2/repository/org/apache/httpcomponents/core5/httpcore5/5.2/httpcore5-5.2.jar:/home/runner/.m2/repository/org/apache/httpcomponents/core5/httpcore5-h2/5.2/httpcore5-h2-5.2.jar:/home/runner/.m2/repository/org/xmlunit/xmlunit-core/2.9.1/xmlunit-core-2.9.1.jar:/home/runner/.m2/repository/jakarta/xml/bind/jakarta.xml.bind-api/4.0.2/jakarta.xml.bind-api-4.0.2.jar:/home/runner/.m2/repository/org/xmlunit/xmlunit-legacy/2.9.1/xmlunit-legacy-2.9.1.jar:/home/runner/.m2/repository/org/xmlunit/xmlunit-placeholders/2.9.1/xmlunit-placeholders-2.9.1.jar:/home/runner/.m2/repository/net/javacrumbs/json-unit/json-unit-core/2.38.0/json-unit-core-2.38.0.jar:/home/runner/.m2/repository/org/hamcrest/hamcrest-core/2.2/hamcrest-core-2.2.jar:/home/runner/.m2/repository/com/jayway/jsonpath/json-path/2.8.0/json-path-2.8.0.jar:/home/runner/.m2/repository/net/minidev/json-smart/2.4.10/json-smart-2.4.10.jar:/home/runner/.m2/repository/net/minidev/accessors-smart/2.4.9/accessors-smart-2.4.9.jar:/home/runner/.m2/repository/org/ow2/asm/asm/9.7.1/asm-9.7.1.jar:/home/runner/.m2/repository/net/sf/jopt-simple/jopt-simple/5.0.4/jopt-simple-5.0.4.jar:/home/runner/.m2/repository/com/github/jknack/handlebars/4.3.1/handlebars-4.3.1.jar:/home/runner/.m2/repository/com/github/jknack/handlebars-helpers/4.3.1/handlebars-helpers-4.3.1.jar:/home/runner/.m2/repository/commons-fileupload/commons-fileupload/1.5/commons-fileupload-1.5.jar:/home/runner/.m2/repository/com/networknt/json-schema-validator/1.5.8/json-schema-validator-1.5.8.jar:/home/runner/.m2/repository/com/ethlo/time/itu/1.10.3/itu-1.10.3.jar:/home/runner/.m2/repository/io/quarkus/quarkus-smallrye-jwt-build/3.20.2/quarkus-smallrye-jwt-build-3.20.2.jar:/home/runner/.m2/repository/io/smallrye/smallrye-jwt-build/4.6.2/smallrye-jwt-build-4.6.2.jar:/home/runner/.m2/repository/org/eclipse/microprofile/jwt/microprofile-jwt-auth-api/2.1/microprofile-jwt-auth-api-2.1.jar:/home/runner/.m2/repository/org/bitbucket/b_c/jose4j/0.9.6/jose4j-0.9.6.jar:/home/runner/.m2/repository/io/smallrye/smallrye-jwt-common/4.6.2/smallrye-jwt-common-4.6.2.jar:/home/runner/.m2/repository/io/quarkus/quarkus-jsonp/3.20.2/quarkus-jsonp-3.20.2.jar:/home/runner/.m2/repository/io/quarkus/quarkus-arc/3.20.2/quarkus-arc-3.20.2.jar:/home/runner/.m2/repository/io/quarkus/arc/arc/3.20.2/arc-3.20.2.jar:/home/runner/.m2/repository/jakarta/transaction/jakarta.transaction-api/2.0.1/jakarta.transaction-api-2.0.1.jar:/home/runner/.m2/repository/io/smallrye/reactive/mutiny/2.9.2/mutiny-2.9.2.jar:/home/runner/.m2/repository/org/jctools/jctools-core/4.0.5/jctools-core-4.0.5.jar:/home/runner/.m2/repository/org/eclipse/microprofile/context-propagation/microprofile-context-propagation-api/1.3/microprofile-context-propagation-api-1.3.jar:/home/runner/.m2/repository/io/apicurio/apicurio-common-rest-client-common/0.1.18.Final/apicurio-common-rest-client-common-0.1.18.Final.jar:/home/runner/work/apicurio-testing/apicurio-testing/clusters/ci419/namespaces/inmemory/tests/integration/apicurio-registry/utils/maven-plugin/target/apicurio-registry-maven-plugin-3.0.12-SNAPSHOT.jar:/home/runner/.m2/repository/com/fasterxml/jackson/core/jackson-databind/2.18.2/jackson-databind-2.18.2.jar:/home/runner/.m2/repository/org/apache/avro/avro/1.12.0/avro-1.12.0.jar:/home/runner/.m2/repository/com/google/protobuf/protobuf-java/4.31.1/protobuf-java-4.31.1.jar:/home/runner/.m2/repository/com/google/protobuf/protobuf-java-util/4.31.1/protobuf-java-util-4.31.1.jar:/home/runner/.m2/repository/com/google/code/findbugs/jsr305/3.0.2/jsr305-3.0.2.jar:/home/runner/.m2/repository/com/google/code/gson/gson/2.12.1/gson-2.12.1.jar:/home/runner/.m2/repository/com/google/errorprone/error_prone_annotations/2.36.0/error_prone_annotations-2.36.0.jar:/home/runner/.m2/repository/com/google/j2objc/j2objc-annotations/2.8/j2objc-annotations-2.8.jar:/home/runner/work/apicurio-testing/apicurio-testing/clusters/ci419/namespaces/inmemory/tests/integration/apicurio-registry/schema-util/util-provider/target/apicurio-registry-schema-util-provider-3.0.12-SNAPSHOT.jar:/home/runner/work/apicurio-testing/apicurio-testing/clusters/ci419/namespaces/inmemory/tests/integration/apicurio-registry/schema-util/common/target/apicurio-registry-schema-util-common-3.0.12-SNAPSHOT.jar:/home/runner/.m2/repository/com/fasterxml/jackson/module/jackson-module-parameter-names/2.18.2/jackson-module-parameter-names-2.18.2.jar:/home/runner/.m2/repository/com/fasterxml/jackson/datatype/jackson-datatype-json-org/2.18.2/jackson-datatype-json-org-2.18.2.jar:/home/runner/work/apicurio-testing/apicurio-testing/clusters/ci419/namespaces/inmemory/tests/integration/apicurio-registry/schema-util/json/target/apicurio-registry-schema-util-json-3.0.12-SNAPSHOT.jar:/home/runner/.m2/repository/com/github/erosb/everit-json-schema/1.14.5/everit-json-schema-1.14.5.jar:/home/runner/.m2/repository/commons-validator/commons-validator/1.9.0/commons-validator-1.9.0.jar:/home/runner/.m2/repository/commons-digester/commons-digester/2.1/commons-digester-2.1.jar:/home/runner/.m2/repository/commons-collections/commons-collections/3.2.2/commons-collections-3.2.2.jar:/home/runner/.m2/repository/com/damnhandy/handy-uri-templates/2.1.8/handy-uri-templates-2.1.8.jar:/home/runner/.m2/repository/joda-time/joda-time/2.10.2/joda-time-2.10.2.jar:/home/runner/.m2/repository/com/github/erosb/json-sKema/0.20.0/json-sKema-0.20.0.jar:/home/runner/.m2/repository/io/vertx/vertx-json-schema/4.5.16/vertx-json-schema-4.5.16.jar:/home/runner/work/apicurio-testing/apicurio-testing/clusters/ci419/namespaces/inmemory/tests/integration/apicurio-registry/schema-util/protobuf/target/apicurio-registry-schema-util-protobuf-3.0.12-SNAPSHOT.jar:/home/runner/work/apicurio-testing/apicurio-testing/clusters/ci419/namespaces/inmemory/tests/integration/apicurio-registry/utils/protobuf-schema-utilities/target/apicurio-registry-protobuf-schema-utilities-3.0.12-SNAPSHOT.jar:/home/runner/.m2/repository/com/google/api/grpc/proto-google-common-protos/2.52.0/proto-google-common-protos-2.52.0.jar:/home/runner/.m2/repository/com/squareup/wire/wire-schema-jvm/5.3.3/wire-schema-jvm-5.3.3.jar:/home/runner/.m2/repository/com/palantir/javapoet/javapoet/0.6.0/javapoet-0.6.0.jar:/home/runner/.m2/repository/com/squareup/kotlinpoet-jvm/2.0.0/kotlinpoet-jvm-2.0.0.jar:/home/runner/.m2/repository/org/jetbrains/kotlin/kotlin-reflect/2.0.21/kotlin-reflect-2.0.21.jar:/home/runner/.m2/repository/com/squareup/wire/wire-runtime-jvm/5.3.3/wire-runtime-jvm-5.3.3.jar:/home/runner/.m2/repository/com/ibm/icu/icu4j/76.1/icu4j-76.1.jar:/home/runner/.m2/repository/com/squareup/okio/okio-fakefilesystem/3.10.2/okio-fakefilesystem-3.10.2.jar:/home/runner/.m2/repository/com/squareup/okio/okio-fakefilesystem-jvm/3.10.2/okio-fakefilesystem-jvm-3.10.2.jar:/home/runner/.m2/repository/org/jetbrains/kotlinx/kotlinx-datetime-jvm/0.6.1/kotlinx-datetime-jvm-0.6.1.jar:/home/runner/work/apicurio-testing/apicurio-testing/clusters/ci419/namespaces/inmemory/tests/integration/apicurio-registry/schema-util/asyncapi/target/apicurio-registry-schema-util-asyncapi-3.0.12-SNAPSHOT.jar:/home/runner/work/apicurio-testing/apicurio-testing/clusters/ci419/namespaces/inmemory/tests/integration/apicurio-registry/schema-util/avro/target/apicurio-registry-schema-util-avro-3.0.12-SNAPSHOT.jar:/home/runner/work/apicurio-testing/apicurio-testing/clusters/ci419/namespaces/inmemory/tests/integration/apicurio-registry/schema-util/graphql/target/apicurio-registry-schema-util-graphql-3.0.12-SNAPSHOT.jar:/home/runner/.m2/repository/com/graphql-java/graphql-java/22.4/graphql-java-22.4.jar:/home/runner/.m2/repository/com/graphql-java/java-dataloader/3.3.0/java-dataloader-3.3.0.jar:/home/runner/work/apicurio-testing/apicurio-testing/clusters/ci419/namespaces/inmemory/tests/integration/apicurio-registry/schema-util/kconnect/target/apicurio-registry-schema-util-kconnect-3.0.12-SNAPSHOT.jar:/home/runner/work/apicurio-testing/apicurio-testing/clusters/ci419/namespaces/inmemory/tests/integration/apicurio-registry/schema-util/openapi/target/apicurio-registry-schema-util-openapi-3.0.12-SNAPSHOT.jar:/home/runner/.m2/repository/io/apicurio/apicurio-data-models/2.2.2/apicurio-data-models-2.2.2.jar:/home/runner/.m2/repository/org/openapitools/openapidiff/openapi-diff-core/2.1.2/openapi-diff-core-2.1.2.jar:/home/runner/.m2/repository/io/swagger/parser/v3/swagger-parser/2.1.28/swagger-parser-2.1.28.jar:/home/runner/.m2/repository/io/swagger/parser/v3/swagger-parser-v2-converter/2.1.28/swagger-parser-v2-converter-2.1.28.jar:/home/runner/.m2/repository/io/swagger/swagger-core/1.6.16/swagger-core-1.6.16.jar:/home/runner/.m2/repository/io/swagger/swagger-models/1.6.16/swagger-models-1.6.16.jar:/home/runner/.m2/repository/io/swagger/swagger-annotations/1.6.16/swagger-annotations-1.6.16.jar:/home/runner/.m2/repository/io/swagger/swagger-parser/1.0.75/swagger-parser-1.0.75.jar:/home/runner/.m2/repository/io/swagger/swagger-parser-safe-url-resolver/1.0.75/swagger-parser-safe-url-resolver-1.0.75.jar:/home/runner/.m2/repository/io/swagger/swagger-compat-spec-parser/1.0.75/swagger-compat-spec-parser-1.0.75.jar:/home/runner/.m2/repository/com/github/java-json-tools/json-schema-validator/2.2.14/json-schema-validator-2.2.14.jar:/home/runner/.m2/repository/com/github/java-json-tools/jackson-coreutils-equivalence/1.0/jackson-coreutils-equivalence-1.0.jar:/home/runner/.m2/repository/com/github/java-json-tools/json-schema-core/1.2.14/json-schema-core-1.2.14.jar:/home/runner/.m2/repository/com/github/java-json-tools/uri-template/0.10/uri-template-0.10.jar:/home/runner/.m2/repository/com/googlecode/libphonenumber/libphonenumber/8.11.1/libphonenumber-8.11.1.jar:/home/runner/.m2/repository/com/j2html/j2html/1.6.0/j2html-1.6.0.jar:/home/runner/.m2/repository/org/apache/commons/commons-collections4/4.5.0/commons-collections4-4.5.0.jar:/home/runner/.m2/repository/org/slf4j/jcl-over-slf4j/2.0.17/jcl-over-slf4j-2.0.17.jar:/home/runner/.m2/repository/io/swagger/parser/v3/swagger-parser-v3/2.1.31/swagger-parser-v3-2.1.31.jar:/home/runner/.m2/repository/io/swagger/core/v3/swagger-models/2.2.34/swagger-models-2.2.34.jar:/home/runner/.m2/repository/io/swagger/core/v3/swagger-core/2.2.34/swagger-core-2.2.34.jar:/home/runner/.m2/repository/io/swagger/parser/v3/swagger-parser-core/2.1.31/swagger-parser-core-2.1.31.jar:/home/runner/.m2/repository/io/swagger/parser/v3/swagger-parser-safe-url-resolver/2.1.31/swagger-parser-safe-url-resolver-2.1.31.jar:/home/runner/work/apicurio-testing/apicurio-testing/clusters/ci419/namespaces/inmemory/tests/integration/apicurio-registry/schema-util/wsdl/target/apicurio-registry-schema-util-wsdl-3.0.12-SNAPSHOT.jar:/home/runner/.m2/repository/wsdl4j/wsdl4j/1.6.3/wsdl4j-1.6.3.jar:/home/runner/work/apicurio-testing/apicurio-testing/clusters/ci419/namespaces/inmemory/tests/integration/apicurio-registry/schema-util/xml/target/apicurio-registry-schema-util-xml-3.0.12-SNAPSHOT.jar:/home/runner/.m2/repository/org/apache/santuario/xmlsec/4.0.4/xmlsec-4.0.4.jar:/home/runner/.m2/repository/com/fasterxml/woodstox/woodstox-core/7.1.1/woodstox-core-7.1.1.jar:/home/runner/.m2/repository/org/codehaus/woodstox/stax2-api/4.2.2/stax2-api-4.2.2.jar:/home/runner/work/apicurio-testing/apicurio-testing/clusters/ci419/namespaces/inmemory/tests/integration/apicurio-registry/schema-util/xsd/target/apicurio-registry-schema-util-xsd-3.0.12-SNAPSHOT.jar:/home/runner/work/apicurio-testing/apicurio-testing/clusters/ci419/namespaces/inmemory/tests/integration/apicurio-registry/serdes/kafka/jsonschema-serde/target/apicurio-registry-jsonschema-serde-kafka-3.0.12-SNAPSHOT.jar:/home/runner/work/apicurio-testing/apicurio-testing/clusters/ci419/namespaces/inmemory/tests/integration/apicurio-registry/serdes/kafka/serde-kafka-common/target/apicurio-registry-serde-kafka-common-3.0.12-SNAPSHOT.jar:/home/runner/work/apicurio-testing/apicurio-testing/clusters/ci419/namespaces/inmemory/tests/integration/apicurio-registry/serdes/generic/serde-common/target/apicurio-registry-serde-common-3.0.12-SNAPSHOT.jar:/home/runner/work/apicurio-testing/apicurio-testing/clusters/ci419/namespaces/inmemory/tests/integration/apicurio-registry/serdes/generic/serde-common-jsonschema/target/apicurio-registry-serde-common-jsonschema-3.0.12-SNAPSHOT.jar:/home/runner/.m2/repository/org/json/json/20250107/json-20250107.jar:/home/runner/work/apicurio-testing/apicurio-testing/clusters/ci419/namespaces/inmemory/tests/integration/apicurio-registry/serdes/kafka/avro-serde/target/apicurio-registry-avro-serde-kafka-3.0.12-SNAPSHOT.jar:/home/runner/work/apicurio-testing/apicurio-testing/clusters/ci419/namespaces/inmemory/tests/integration/apicurio-registry/serdes/generic/serde-common-avro/target/apicurio-registry-serde-common-avro-3.0.12-SNAPSHOT.jar:/home/runner/work/apicurio-testing/apicurio-testing/clusters/ci419/namespaces/inmemory/tests/integration/apicurio-registry/serdes/kafka/protobuf-serde/target/apicurio-registry-protobuf-serde-kafka-3.0.12-SNAPSHOT.jar:/home/runner/work/apicurio-testing/apicurio-testing/clusters/ci419/namespaces/inmemory/tests/integration/apicurio-registry/serdes/generic/serde-common-protobuf/target/apicurio-registry-serde-common-protobuf-3.0.12-SNAPSHOT.jar:/home/runner/.m2/repository/com/squareup/wire/wire-schema/5.3.3/wire-schema-5.3.3.jar:/home/runner/.m2/repository/com/squareup/wire/wire-runtime/5.3.3/wire-runtime-5.3.3.jar:/home/runner/work/apicurio-testing/apicurio-testing/clusters/ci419/namespaces/inmemory/tests/integration/apicurio-registry/serdes/pulsar/avro-serde/target/apicurio-registry-avro-serde-pulsar-3.0.12-SNAPSHOT.jar:/home/runner/.m2/repository/org/apache/pulsar/pulsar-functions-api/3.3.8/pulsar-functions-api-3.3.8.jar:/home/runner/work/apicurio-testing/apicurio-testing/clusters/ci419/namespaces/inmemory/tests/integration/apicurio-registry/serdes/nats/avro-serde/target/apicurio-registry-avro-serde-nats-3.0.12-SNAPSHOT.jar:/home/runner/.m2/repository/io/nats/jnats/2.21.4/jnats-2.21.4.jar:/home/runner/.m2/repository/org/bouncycastle/bcprov-lts8on/2.73.7/bcprov-lts8on-2.73.7.jar:/home/runner/.m2/repository/org/jetbrains/annotations/26.0.2/annotations-26.0.2.jar:/home/runner/work/apicurio-testing/apicurio-testing/clusters/ci419/namespaces/inmemory/tests/integration/apicurio-registry/utils/converter/target/apicurio-registry-utils-converter-3.0.12-SNAPSHOT.jar:/home/runner/work/apicurio-testing/apicurio-testing/clusters/ci419/namespaces/inmemory/tests/integration/apicurio-registry/schema-resolver/target/apicurio-registry-schema-resolver-3.0.12-SNAPSHOT.jar:/home/runner/.m2/repository/org/apache/kafka/connect-api/3.9.1/connect-api-3.9.1.jar:/home/runner/.m2/repository/javax/ws/rs/javax.ws.rs-api/2.1.1/javax.ws.rs-api-2.1.1.jar:/home/runner/.m2/repository/org/apache/kafka/connect-json/3.9.1/connect-json-3.9.1.jar:/home/runner/.m2/repository/com/fasterxml/jackson/datatype/jackson-datatype-jdk8/2.18.2/jackson-datatype-jdk8-2.18.2.jar:/home/runner/.m2/repository/com/fasterxml/jackson/module/jackson-module-afterburner/2.18.2/jackson-module-afterburner-2.18.2.jar:/home/runner/work/apicurio-testing/apicurio-testing/clusters/ci419/namespaces/inmemory/tests/integration/apicurio-registry/utils/kafka/target/apicurio-registry-utils-kafka-3.0.12-SNAPSHOT.jar:/home/runner/.m2/repository/org/apache/pulsar/pulsar-client/3.3.8/pulsar-client-3.3.8.jar:/home/runner/.m2/repository/org/apache/pulsar/pulsar-client-api/3.3.8/pulsar-client-api-3.3.8.jar:/home/runner/.m2/repository/org/apache/pulsar/pulsar-client-admin-api/3.3.8/pulsar-client-admin-api-3.3.8.jar:/home/runner/.m2/repository/org/apache/pulsar/bouncy-castle-bc/3.3.8/bouncy-castle-bc-3.3.8-pkg.jar:/home/runner/.m2/repository/org/bouncycastle/bcpkix-jdk18on/1.81/bcpkix-jdk18on-1.81.jar:/home/runner/.m2/repository/org/bouncycastle/bcutil-jdk18on/1.81/bcutil-jdk18on-1.81.jar:/home/runner/.m2/repository/org/bouncycastle/bcprov-jdk18on/1.81/bcprov-jdk18on-1.81.jar:/home/runner/.m2/repository/io/opentelemetry/opentelemetry-api/1.44.1/opentelemetry-api-1.44.1.jar:/home/runner/.m2/repository/io/opentelemetry/opentelemetry-context/1.44.1/opentelemetry-context-1.44.1.jar:/home/runner/.m2/repository/io/opentelemetry/opentelemetry-api-incubator/1.44.1-alpha/opentelemetry-api-incubator-1.44.1-alpha.jar:/home/runner/.m2/repository/com/fasterxml/jackson/core/jackson-annotations/2.18.2/jackson-annotations-2.18.2.jar:/home/runner/.m2/repository/javax/validation/validation-api/1.1.0.Final/validation-api-1.1.0.Final.jar:/home/runner/.m2/repository/org/jspecify/jspecify/1.0.0/jspecify-1.0.0.jar:/home/runner/.m2/repository/org/apache/commons/commons-configuration2/2.12.0/commons-configuration2-2.12.0.jar:/home/runner/.m2/repository/commons-logging/commons-logging/1.3.5/commons-logging-1.3.5.jar:/home/runner/.m2/repository/org/apache/commons/commons-text/1.13.0/commons-text-1.13.0.jar:/home/runner/.m2/repository/io/confluent/kafka-avro-serializer/8.0.0/kafka-avro-serializer-8.0.0.jar:/home/runner/.m2/repository/org/apache/commons/commons-compress/1.27.1/commons-compress-1.27.1.jar:/home/runner/.m2/repository/io/confluent/kafka-schema-serializer/8.0.0/kafka-schema-serializer-8.0.0.jar:/home/runner/.m2/repository/com/fasterxml/jackson/dataformat/jackson-dataformat-csv/2.18.2/jackson-dataformat-csv-2.18.2.jar:/home/runner/.m2/repository/io/confluent/kafka-schema-registry-client/8.0.0/kafka-schema-registry-client-8.0.0.jar:/home/runner/.m2/repository/org/yaml/snakeyaml/2.3/snakeyaml-2.3.jar:/home/runner/.m2/repository/io/swagger/core/v3/swagger-annotations/2.2.29/swagger-annotations-2.2.29.jar:/home/runner/.m2/repository/com/google/guava/guava/33.4.0-jre/guava-33.4.0-jre.jar:/home/runner/.m2/repository/com/google/guava/failureaccess/1.0.1/failureaccess-1.0.1.jar:/home/runner/.m2/repository/org/checkerframework/checker-qual/3.49.0/checker-qual-3.49.0.jar:/home/runner/.m2/repository/io/confluent/logredactor/1.0.13/logredactor-1.0.13.jar:/home/runner/.m2/repository/com/google/re2j/re2j/1.6/re2j-1.6.jar:/home/runner/.m2/repository/io/confluent/logredactor-metrics/1.0.13/logredactor-metrics-1.0.13.jar:/home/runner/.m2/repository/com/eclipsesource/minimal-json/minimal-json/0.9.5/minimal-json-0.9.5.jar:/home/runner/.m2/repository/io/confluent/common-utils/8.0.0/common-utils-8.0.0.jar:/home/runner/.m2/repository/io/confluent/kafka-connect-avro-converter/8.0.0/kafka-connect-avro-converter-8.0.0.jar:/home/runner/.m2/repository/io/confluent/kafka-connect-avro-data/8.0.0/kafka-connect-avro-data-8.0.0.jar:/home/runner/.m2/repository/io/confluent/kafka-schema-converter/8.0.0/kafka-schema-converter-8.0.0.jar:/home/runner/.m2/repository/io/rest-assured/rest-assured/5.5.1/rest-assured-5.5.1.jar:/home/runner/.m2/repository/org/apache/groovy/groovy/4.0.22/groovy-4.0.22.jar:/home/runner/.m2/repository/org/apache/groovy/groovy-xml/4.0.22/groovy-xml-4.0.22.jar:/home/runner/.m2/repository/org/apache/httpcomponents/httpclient/4.5.14/httpclient-4.5.14.jar:/home/runner/.m2/repository/org/apache/httpcomponents/httpcore/4.4.16/httpcore-4.4.16.jar:/home/runner/.m2/repository/org/apache/httpcomponents/httpmime/4.5.14/httpmime-4.5.14.jar:/home/runner/.m2/repository/org/hamcrest/hamcrest/2.2/hamcrest-2.2.jar:/home/runner/.m2/repository/org/ccil/cowan/tagsoup/tagsoup/1.2.1/tagsoup-1.2.1.jar:/home/runner/.m2/repository/io/rest-assured/json-path/5.5.1/json-path-5.5.1.jar:/home/runner/.m2/repository/org/apache/groovy/groovy-json/4.0.22/groovy-json-4.0.22.jar:/home/runner/.m2/repository/io/rest-assured/rest-assured-common/5.5.1/rest-assured-common-5.5.1.jar:/home/runner/.m2/repository/io/rest-assured/xml-path/5.5.1/xml-path-5.5.1.jar:/home/runner/.m2/repository/io/zonky/test/embedded-postgres/2.1.0/embedded-postgres-2.1.0.jar:/home/runner/.m2/repository/io/zonky/test/postgres/embedded-postgres-binaries-windows-amd64/14.15.0/embedded-postgres-binaries-windows-amd64-14.15.0.jar:/home/runner/.m2/repository/io/zonky/test/postgres/embedded-postgres-binaries-darwin-amd64/14.15.0/embedded-postgres-binaries-darwin-amd64-14.15.0.jar:/home/runner/.m2/repository/io/zonky/test/postgres/embedded-postgres-binaries-linux-amd64/14.15.0/embedded-postgres-binaries-linux-amd64-14.15.0.jar:/home/runner/.m2/repository/io/zonky/test/postgres/embedded-postgres-binaries-linux-amd64-alpine/14.15.0/embedded-postgres-binaries-linux-amd64-alpine-14.15.0.jar:/home/runner/.m2/repository/org/apache/commons/commons-lang3/3.17.0/commons-lang3-3.17.0.jar:/home/runner/.m2/repository/org/tukaani/xz/1.10/xz-1.10.jar:/home/runner/.m2/repository/commons-codec/commons-codec/1.19.0/commons-codec-1.19.0.jar:/home/runner/.m2/repository/org/postgresql/postgresql/42.7.7/postgresql-42.7.7.jar:/home/runner/.m2/repository/commons-io/commons-io/2.18.0/commons-io-2.18.0.jar:/home/runner/work/apicurio-testing/apicurio-testing/clusters/ci419/namespaces/inmemory/tests/integration/apicurio-registry/utils/importexport/target/apicurio-registry-utils-import-export-3.0.12-SNAPSHOT.jar:/home/runner/.m2/repository/io/vertx/vertx-core/4.5.16/vertx-core-4.5.16.jar:/home/runner/.m2/repository/io/netty/netty-common/4.1.121.Final/netty-common-4.1.121.Final.jar:/home/runner/.m2/repository/io/netty/netty-buffer/4.1.121.Final/netty-buffer-4.1.121.Final.jar:/home/runner/.m2/repository/io/netty/netty-transport/4.1.121.Final/netty-transport-4.1.121.Final.jar:/home/runner/.m2/repository/io/netty/netty-handler/4.1.121.Final/netty-handler-4.1.121.Final.jar:/home/runner/.m2/repository/io/netty/netty-transport-native-unix-common/4.1.121.Final/netty-transport-native-unix-common-4.1.121.Final.jar:/home/runner/.m2/repository/io/netty/netty-codec/4.1.121.Final/netty-codec-4.1.121.Final.jar:/home/runner/.m2/repository/io/netty/netty-handler-proxy/4.1.121.Final/netty-handler-proxy-4.1.121.Final.jar:/home/runner/.m2/repository/io/netty/netty-codec-socks/4.1.121.Final/netty-codec-socks-4.1.121.Final.jar:/home/runner/.m2/repository/io/netty/netty-codec-http/4.1.121.Final/netty-codec-http-4.1.121.Final.jar:/home/runner/.m2/repository/io/netty/netty-codec-http2/4.1.121.Final/netty-codec-http2-4.1.121.Final.jar:/home/runner/.m2/repository/io/netty/netty-resolver/4.1.121.Final/netty-resolver-4.1.121.Final.jar:/home/runner/.m2/repository/io/netty/netty-resolver-dns/4.1.121.Final/netty-resolver-dns-4.1.121.Final.jar:/home/runner/.m2/repository/io/netty/netty-codec-dns/4.1.121.Final/netty-codec-dns-4.1.121.Final.jar:/home/runner/.m2/repository/com/fasterxml/jackson/core/jackson-core/2.18.2/jackson-core-2.18.2.jar:"/>
    <property name="sun.cpu.endian" value="little"/>
    <property name="user.home" value="/home/runner"/>
    <property name="user.language" value="en"/>
    <property name="jboss.log-version" value="false"/>
    <property name="java.specification.vendor" value="Oracle Corporation"/>
    <property name="java.version.date" value="2025-07-15"/>
    <property name="java.home" value="/usr/lib/jvm/temurin-17-jdk-amd64"/>
    <property name="file.separator" value="/"/>
    <property name="basedir" value="/home/runner/work/apicurio-testing/apicurio-testing/clusters/ci419/namespaces/inmemory/tests/integration/apicurio-registry/integration-tests"/>
    <property name="java.vm.compressedOopsMode" value="32-bit"/>
    <property name="line.separator" value="&#10;"/>
    <property name="java.specification.name" value="Java Platform API Specification"/>
    <property name="java.vm.specification.vendor" value="Oracle Corporation"/>
    <property name="quarkus.http.test-host" value="registry-app-inmemory.apps.ci419.apicurio-testing.org"/>
    <property name="surefire.real.class.path" value="/home/runner/work/apicurio-testing/apicurio-testing/clusters/ci419/namespaces/inmemory/tests/integration/apicurio-registry/integration-tests/target/surefire/surefirebooter-20250805182134807_3.jar"/>
    <property name="sun.management.compiler" value="HotSpot 64-Bit Tiered Compilers"/>
    <property name="org.eclipse.jetty.http.HttpGenerator.STRICT" value="true"/>
    <property name="java.runtime.version" value="17.0.16+8"/>
    <property name="user.name" value="runner"/>
    <property name="path.separator" value=":"/>
    <property name="os.version" value="6.8.0-1031-azure"/>
    <property name="java.runtime.name" value="OpenJDK Runtime Environment"/>
    <property name="file.encoding" value="UTF-8"/>
    <property name="jnidispatch.path" value="/home/runner/.cache/JNA/temp/jna9376891612469226905.tmp"/>
    <property name="java.vm.name" value="OpenJDK 64-Bit Server VM"/>
    <property name="jna.platform.library.path" value="/usr/lib/x86_64-linux-gnu:/lib/x86_64-linux-gnu:/usr/lib64:/lib64:/usr/lib:/lib:/lib32:/usr/local/lib:/usr/lib/x86_64-linux-gnu/libfakeroot"/>
    <property name="java.vendor.version" value="Temurin-17.0.16+8"/>
    <property name="quarkus.oidc.token-path" value="https://keycloak-inmemory.apps.ci419.apicurio-testing.org/realms/registry/protocol/openid-connect/token"/>
    <property name="quarkus.http.host" value="registry-app-inmemory.apps.ci419.apicurio-testing.org"/>
    <property name="localRepository" value="/home/runner/.m2/repository"/>
    <property name="javax.xml.xpath.XPathFactory:http://java.sun.com/jaxp/xpath/dom" value="com.sun.org.apache.xpath.internal.jaxp.XPathFactoryImpl"/>
    <property name="jna.loaded" value="true"/>
    <property name="java.vendor.url.bug" value="https://github.com/adoptium/adoptium-support/issues"/>
    <property name="jetty.git.hash" value="5bc5e562c8d05c5862505aebe5cf83a61bdbcb96"/>
    <property name="java.io.tmpdir" value="/tmp"/>
    <property name="quarkus.http.test-protocol" value="http"/>
    <property name="java.version" value="17.0.16"/>
    <property name="user.dir" value="/home/runner/work/apicurio-testing/apicurio-testing/clusters/ci419/namespaces/inmemory/tests/integration/apicurio-registry/integration-tests"/>
    <property name="os.arch" value="amd64"/>
    <property name="groups" value="( smoke | serdes | acceptance | ui)"/>
    <property name="java.vm.specification.name" value="Java Virtual Machine Specification"/>
    <property name="native.encoding" value="UTF-8"/>
    <property name="java.util.logging.manager" value="org.jboss.logmanager.LogManager"/>
    <property name="java.library.path" value="/usr/java/packages/lib:/usr/lib64:/lib64:/lib:/usr/lib"/>
    <property name="jdk.console" value="java.base"/>
    <property name="java.vm.info" value="mixed mode, sharing"/>
    <property name="java.vendor" value="Eclipse Adoptium"/>
    <property name="java.vm.version" value="17.0.16+8"/>
    <property name="java.specification.maintenance.version" value="1"/>
    <property name="sun.io.unicode.encoding" value="UnicodeLittle"/>
    <property name="javax.xml.transform.TransformerFactory" value="com.sun.org.apache.xalan.internal.xsltc.trax.TransformerFactoryImpl"/>
    <property name="java.class.version" value="61.0"/>
  </properties>
  <testcase name="testGlobalIdInHeaders" classname="io.apicurio.tests.serdes.apicurio.AvroSerdeIT" time="6.307">
    <system-out><![CDATA[**** Registry Base URL: http://registry-app-inmemory.apps.ci419.apicurio-testing.org:80
**** Registry Base URL: http://registry-app-inmemory.apps.ci419.apicurio-testing.org:80
2025-08-05 18:21:47,806 INFO  [io.api.tes.ser.api.AvroSerdeIT] (main) RestAssured configured with http://registry-app-inmemory.apps.ci419.apicurio-testing.org:80/apis/registry/v3
2025-08-05 18:21:47,806 INFO  [io.api.tes.uti.KafkaFacade] (main) Starting kafka container
2025-08-05 18:21:47,846 INFO  [org.tes.ima.PullPolicy] (main) Image pull policy will be performed by: DefaultPullPolicy()
2025-08-05 18:21:47,848 INFO  [org.tes.uti.ImageNameSubstitutor] (main) Image name substitution will be performed by: DefaultImageNameSubstitutor (composite of 'ConfigurationFileImageNameSubstitutor' and 'PrefixingImageNameSubstitutor')
2025-08-05 18:21:47,857 INFO  [org.tes.DockerClientFactory] (main) Testcontainers version: 1.20.6
2025-08-05 18:21:48,339 INFO  [org.tes.doc.DockerClientProviderStrategy] (main) Found Docker environment with local Unix socket (unix:///var/run/docker.sock)
2025-08-05 18:21:48,348 INFO  [org.tes.DockerClientFactory] (main) Docker host IP address is localhost
2025-08-05 18:21:48,370 INFO  [org.tes.DockerClientFactory] (main) Connected to docker: 
  Server Version: 28.0.4
  API Version: 1.48
  Operating System: Ubuntu 22.04.5 LTS
  Total Memory: 7944 MB
2025-08-05 18:21:48,410 INFO  [tc.tes.11.0] (main) Pulling docker image: testcontainers/ryuk:0.11.0. Please be patient; this may take some time but only needs to be done once.
2025-08-05 18:21:49,491 INFO  [tc.tes.11.0] (docker-java-stream--1295187651) Starting to pull image
2025-08-05 18:21:49,512 INFO  [tc.tes.11.0] (docker-java-stream--1295187651) Pulling image layers:  0 pending,  0 downloaded,  0 extracted, (0 bytes/0 bytes)
2025-08-05 18:21:49,991 INFO  [tc.tes.11.0] (docker-java-stream--1295187651) Pulling image layers:  2 pending,  1 downloaded,  0 extracted, (771 KB/? MB)
2025-08-05 18:21:50,042 INFO  [tc.tes.11.0] (docker-java-stream--1295187651) Pulling image layers:  1 pending,  2 downloaded,  0 extracted, (806 KB/? MB)
2025-08-05 18:21:50,166 INFO  [tc.tes.11.0] (docker-java-stream--1295187651) Pulling image layers:  1 pending,  2 downloaded,  1 extracted, (4 MB/? MB)
2025-08-05 18:21:50,253 INFO  [tc.tes.11.0] (docker-java-stream--1295187651) Pulling image layers:  0 pending,  3 downloaded,  1 extracted, (10 MB/10 MB)
2025-08-05 18:21:51,171 INFO  [tc.tes.11.0] (docker-java-stream--1295187651) Pulling image layers:  0 pending,  3 downloaded,  2 extracted, (10 MB/10 MB)
2025-08-05 18:21:51,217 INFO  [tc.tes.11.0] (docker-java-stream--1295187651) Pulling image layers:  0 pending,  3 downloaded,  3 extracted, (10 MB/10 MB)
2025-08-05 18:21:51,236 INFO  [tc.tes.11.0] (docker-java-stream--1295187651) Pull complete. 3 layers, pulled in 1s (downloaded 10 MB at 10 MB/s)
2025-08-05 18:21:51,236 INFO  [tc.tes.11.0] (main) Image testcontainers/ryuk:0.11.0 pull took PT2.826622642S
2025-08-05 18:21:51,255 INFO  [tc.tes.11.0] (main) Creating container for image: testcontainers/ryuk:0.11.0
2025-08-05 18:21:51,348 INFO  [tc.tes.11.0] (main) Container testcontainers/ryuk:0.11.0 is starting: 2395a1c64fc09fcce52667a19baeae74774992b6e260f5ca1ea7d9b6c2fea63f
2025-08-05 18:21:51,780 INFO  [tc.tes.11.0] (main) Container testcontainers/ryuk:0.11.0 started in PT0.524752742S
2025-08-05 18:21:51,785 INFO  [org.tes.uti.RyukResourceReaper] (main) Ryuk started - will monitor and terminate Testcontainers containers on JVM exit
2025-08-05 18:21:51,785 INFO  [org.tes.DockerClientFactory] (main) Checking the system...
2025-08-05 18:21:51,785 INFO  [org.tes.DockerClientFactory] (main) ✔︎ Docker server version should be at least 1.6.0
2025-08-05 18:21:51,788 INFO  [io.str.tes.con.KafkaVersionService] (main) Latest release of Kafka is:LogicalKafkaVersionEntity{version='4.0.0', image='quay.io/strimzi-test-container/test-container:0.111.0-kafka-4.0.0'}
2025-08-05 18:21:51,788 INFO  [io.str.tes.con.KafkaVersionService] (main) Latest release of Kafka is:LogicalKafkaVersionEntity{version='4.0.0', image='quay.io/strimzi-test-container/test-container:0.111.0-kafka-4.0.0'}
2025-08-05 18:21:51,788 INFO  [io.str.tes.con.KafkaVersionService] (main) No Kafka version specified. Using latest release: 4.0.0
2025-08-05 18:21:51,792 INFO  [tc.qua.io/.111.0-k.0.0] (main) Pulling docker image: quay.io/strimzi-test-container/test-container:0.111.0-kafka-4.0.0. Please be patient; this may take some time but only needs to be done once.
2025-08-05 18:21:53,018 INFO  [tc.qua.io/.111.0-k.0.0] (docker-java-stream--29267298) Starting to pull image
2025-08-05 18:21:53,019 INFO  [tc.qua.io/.111.0-k.0.0] (docker-java-stream--29267298) Pulling image layers:  0 pending,  0 downloaded,  0 extracted, (0 bytes/0 bytes)
2025-08-05 18:21:53,986 INFO  [tc.qua.io/.111.0-k.0.0] (docker-java-stream--29267298) Pulling image layers:  6 pending,  1 downloaded,  0 extracted, (13 MB/? MB)
2025-08-05 18:21:54,218 INFO  [tc.qua.io/.111.0-k.0.0] (docker-java-stream--29267298) Pulling image layers:  5 pending,  2 downloaded,  0 extracted, (49 MB/? MB)
2025-08-05 18:21:54,269 INFO  [tc.qua.io/.111.0-k.0.0] (docker-java-stream--29267298) Pulling image layers:  4 pending,  3 downloaded,  0 extracted, (49 MB/? MB)
2025-08-05 18:21:54,774 INFO  [tc.qua.io/.111.0-k.0.0] (docker-java-stream--29267298) Pulling image layers:  3 pending,  4 downloaded,  0 extracted, (102 MB/? MB)
2025-08-05 18:21:55,077 INFO  [tc.qua.io/.111.0-k.0.0] (docker-java-stream--29267298) Pulling image layers:  2 pending,  5 downloaded,  0 extracted, (154 MB/? MB)
2025-08-05 18:21:55,170 INFO  [tc.qua.io/.111.0-k.0.0] (docker-java-stream--29267298) Pulling image layers:  1 pending,  6 downloaded,  0 extracted, (180 MB/? MB)
2025-08-05 18:21:55,571 INFO  [tc.qua.io/.111.0-k.0.0] (docker-java-stream--29267298) Pulling image layers:  1 pending,  6 downloaded,  1 extracted, (212 MB/? MB)
2025-08-05 18:21:55,782 INFO  [tc.qua.io/.111.0-k.0.0] (docker-java-stream--29267298) Pulling image layers:  0 pending,  7 downloaded,  1 extracted, (233 MB/249 MB)
2025-08-05 18:21:58,001 INFO  [tc.qua.io/.111.0-k.0.0] (docker-java-stream--29267298) Pulling image layers:  0 pending,  7 downloaded,  2 extracted, (238 MB/249 MB)
2025-08-05 18:21:59,621 INFO  [tc.qua.io/.111.0-k.0.0] (docker-java-stream--29267298) Pulling image layers:  0 pending,  7 downloaded,  3 extracted, (238 MB/249 MB)
2025-08-05 18:21:59,639 INFO  [tc.qua.io/.111.0-k.0.0] (docker-java-stream--29267298) Pulling image layers:  0 pending,  7 downloaded,  4 extracted, (238 MB/249 MB)
2025-08-05 18:22:00,785 INFO  [tc.qua.io/.111.0-k.0.0] (docker-java-stream--29267298) Pulling image layers:  0 pending,  7 downloaded,  5 extracted, (249 MB/249 MB)
2025-08-05 18:22:00,821 INFO  [tc.qua.io/.111.0-k.0.0] (docker-java-stream--29267298) Pulling image layers:  0 pending,  7 downloaded,  6 extracted, (249 MB/249 MB)
2025-08-05 18:22:00,842 INFO  [tc.qua.io/.111.0-k.0.0] (docker-java-stream--29267298) Pulling image layers:  0 pending,  7 downloaded,  7 extracted, (249 MB/249 MB)
2025-08-05 18:22:00,849 INFO  [tc.qua.io/.111.0-k.0.0] (main) Image quay.io/strimzi-test-container/test-container:0.111.0-kafka-4.0.0 pull took PT9.056558561S
2025-08-05 18:22:00,849 INFO  [tc.qua.io/.111.0-k.0.0] (docker-java-stream--29267298) Pull complete. 7 layers, pulled in 7s (downloaded 249 MB at 35 MB/s)
2025-08-05 18:22:00,854 INFO  [tc.qua.io/.111.0-k.0.0] (main) Creating container for image: quay.io/strimzi-test-container/test-container:0.111.0-kafka-4.0.0
2025-08-05 18:22:00,926 INFO  [tc.qua.io/.111.0-k.0.0] (main) Container quay.io/strimzi-test-container/test-container:0.111.0-kafka-4.0.0 is starting: 0234afb1783f7425c6b95f13d27116ecd2d742253361afc844cadb786fee95c7
2025-08-05 18:22:01,123 INFO  [io.str.tes.con.StrimziKafkaContainer] (main) Mapped port: 32769
2025-08-05 18:22:01,123 WARN  [io.str.tes.con.StrimziKafkaContainer] (main) Node ID is not set. Using broker ID 0 as the default node ID.
2025-08-05 18:22:01,124 INFO  [io.str.tes.con.StrimziKafkaContainer] (main) This is all advertised listeners for Kafka PLAINTEXT://localhost:32769,BROKER1://172.18.0.2:9091,CONTROLLER://broker-0:9094
2025-08-05 18:22:01,156 INFO  [io.str.tes.con.StrimziKafkaContainer] (main) New `cluster.id` has been generated: PopyJKdlRzKjlQHMpYFwRA
2025-08-05 18:22:01,157 INFO  [io.str.tes.con.StrimziKafkaContainer] (main) Copying command to 'STARTER_SCRIPT' script.
2025-08-05 18:22:06,340 INFO  [tc.qua.io/.111.0-k.0.0] (main) Container quay.io/strimzi-test-container/test-container:0.111.0-kafka-4.0.0 started in PT5.48583779S
2025-08-05 18:22:06,342 INFO  [io.api.tes.uti.TestSeparator] (main) ############################################################################
2025-08-05 18:22:06,342 INFO  [io.api.tes.uti.TestSeparator] (main) io.apicurio.tests.serdes.apicurio.AvroSerdeIT.testGlobalIdInHeaders-STARTED
2025-08-05 18:22:06,352 INFO  [org.apa.kaf.cli.adm.AdminClientConfig] (main) AdminClientConfig values: 
	auto.include.jmx.reporter = true
	bootstrap.controllers = []
	bootstrap.servers = [PLAINTEXT://localhost:32769]
	client.dns.lookup = use_all_dns_ips
	client.id = 
	connections.max.idle.ms = 10000
	default.api.timeout.ms = 60000
	enable.metrics.push = true
	metadata.max.age.ms = 300000
	metadata.recovery.strategy = none
	metric.reporters = []
	metrics.num.samples = 2
	metrics.recording.level = INFO
	metrics.sample.window.ms = 30000
	receive.buffer.bytes = 65536
	reconnect.backoff.max.ms = 1000
	reconnect.backoff.ms = 50
	request.timeout.ms = 5000
	retries = 2147483647
	retry.backoff.max.ms = 1000
	retry.backoff.ms = 100
	sasl.client.callback.handler.class = null
	sasl.jaas.config = null
	sasl.kerberos.kinit.cmd = /usr/bin/kinit
	sasl.kerberos.min.time.before.relogin = 60000
	sasl.kerberos.service.name = null
	sasl.kerberos.ticket.renew.jitter = 0.05
	sasl.kerberos.ticket.renew.window.factor = 0.8
	sasl.login.callback.handler.class = null
	sasl.login.class = null
	sasl.login.connect.timeout.ms = null
	sasl.login.read.timeout.ms = null
	sasl.login.refresh.buffer.seconds = 300
	sasl.login.refresh.min.period.seconds = 60
	sasl.login.refresh.window.factor = 0.8
	sasl.login.refresh.window.jitter = 0.05
	sasl.login.retry.backoff.max.ms = 10000
	sasl.login.retry.backoff.ms = 100
	sasl.mechanism = GSSAPI
	sasl.oauthbearer.clock.skew.seconds = 30
	sasl.oauthbearer.expected.audience = null
	sasl.oauthbearer.expected.issuer = null
	sasl.oauthbearer.header.urlencode = false
	sasl.oauthbearer.jwks.endpoint.refresh.ms = 3600000
	sasl.oauthbearer.jwks.endpoint.retry.backoff.max.ms = 10000
	sasl.oauthbearer.jwks.endpoint.retry.backoff.ms = 100
	sasl.oauthbearer.jwks.endpoint.url = null
	sasl.oauthbearer.scope.claim.name = scope
	sasl.oauthbearer.sub.claim.name = sub
	sasl.oauthbearer.token.endpoint.url = null
	security.protocol = PLAINTEXT
	security.providers = null
	send.buffer.bytes = 131072
	socket.connection.setup.timeout.max.ms = 30000
	socket.connection.setup.timeout.ms = 10000
	ssl.cipher.suites = null
	ssl.enabled.protocols = [TLSv1.2, TLSv1.3]
	ssl.endpoint.identification.algorithm = https
	ssl.engine.factory.class = null
	ssl.key.password = null
	ssl.keymanager.algorithm = SunX509
	ssl.keystore.certificate.chain = null
	ssl.keystore.key = null
	ssl.keystore.location = null
	ssl.keystore.password = null
	ssl.keystore.type = JKS
	ssl.protocol = TLSv1.3
	ssl.provider = null
	ssl.secure.random.implementation = null
	ssl.trustmanager.algorithm = PKIX
	ssl.truststore.certificates = null
	ssl.truststore.location = null
	ssl.truststore.password = null
	ssl.truststore.type = JKS

2025-08-05 18:22:06,624 INFO  [org.apa.kaf.com.uti.AppInfoParser] (main) Kafka version: 3.9.1
2025-08-05 18:22:06,624 INFO  [org.apa.kaf.com.uti.AppInfoParser] (main) Kafka commitId: f745dfdcee2b9851
2025-08-05 18:22:06,625 INFO  [org.apa.kaf.com.uti.AppInfoParser] (main) Kafka startTimeMs: 1754418126623
**** Registry Base URL: http://registry-app-inmemory.apps.ci419.apicurio-testing.org:80
2025-08-05 18:22:06,667 INFO  [org.apa.kaf.cli.pro.ProducerConfig] (main) ProducerConfig values: 
	acks = -1
	auto.include.jmx.reporter = true
	batch.size = 16384
	bootstrap.servers = [PLAINTEXT://localhost:32769]
	buffer.memory = 33554432
	client.dns.lookup = use_all_dns_ips
	client.id = Producer-topic-46fa714f_778a_45dc_ab39_e313f2e243b7
	compression.gzip.level = -1
	compression.lz4.level = 9
	compression.type = none
	compression.zstd.level = 3
	connections.max.idle.ms = 10000
	delivery.timeout.ms = 120000
	enable.idempotence = true
	enable.metrics.push = true
	interceptor.classes = []
	key.serializer = class org.apache.kafka.common.serialization.StringSerializer
	linger.ms = 0
	max.block.ms = 60000
	max.in.flight.requests.per.connection = 5
	max.request.size = 1048576
	metadata.max.age.ms = 300000
	metadata.max.idle.ms = 300000
	metadata.recovery.strategy = none
	metric.reporters = []
	metrics.num.samples = 2
	metrics.recording.level = INFO
	metrics.sample.window.ms = 30000
	partitioner.adaptive.partitioning.enable = true
	partitioner.availability.timeout.ms = 0
	partitioner.class = null
	partitioner.ignore.keys = false
	receive.buffer.bytes = 32768
	reconnect.backoff.max.ms = 1000
	reconnect.backoff.ms = 50
	request.timeout.ms = 5000
	retries = 2147483647
	retry.backoff.max.ms = 1000
	retry.backoff.ms = 100
	sasl.client.callback.handler.class = null
	sasl.jaas.config = null
	sasl.kerberos.kinit.cmd = /usr/bin/kinit
	sasl.kerberos.min.time.before.relogin = 60000
	sasl.kerberos.service.name = null
	sasl.kerberos.ticket.renew.jitter = 0.05
	sasl.kerberos.ticket.renew.window.factor = 0.8
	sasl.login.callback.handler.class = null
	sasl.login.class = null
	sasl.login.connect.timeout.ms = null
	sasl.login.read.timeout.ms = null
	sasl.login.refresh.buffer.seconds = 300
	sasl.login.refresh.min.period.seconds = 60
	sasl.login.refresh.window.factor = 0.8
	sasl.login.refresh.window.jitter = 0.05
	sasl.login.retry.backoff.max.ms = 10000
	sasl.login.retry.backoff.ms = 100
	sasl.mechanism = GSSAPI
	sasl.oauthbearer.clock.skew.seconds = 30
	sasl.oauthbearer.expected.audience = null
	sasl.oauthbearer.expected.issuer = null
	sasl.oauthbearer.header.urlencode = false
	sasl.oauthbearer.jwks.endpoint.refresh.ms = 3600000
	sasl.oauthbearer.jwks.endpoint.retry.backoff.max.ms = 10000
	sasl.oauthbearer.jwks.endpoint.retry.backoff.ms = 100
	sasl.oauthbearer.jwks.endpoint.url = null
	sasl.oauthbearer.scope.claim.name = scope
	sasl.oauthbearer.sub.claim.name = sub
	sasl.oauthbearer.token.endpoint.url = null
	security.protocol = PLAINTEXT
	security.providers = null
	send.buffer.bytes = 131072
	socket.connection.setup.timeout.max.ms = 30000
	socket.connection.setup.timeout.ms = 10000
	ssl.cipher.suites = null
	ssl.enabled.protocols = [TLSv1.2, TLSv1.3]
	ssl.endpoint.identification.algorithm = https
	ssl.engine.factory.class = null
	ssl.key.password = null
	ssl.keymanager.algorithm = SunX509
	ssl.keystore.certificate.chain = null
	ssl.keystore.key = null
	ssl.keystore.location = null
	ssl.keystore.password = null
	ssl.keystore.type = JKS
	ssl.protocol = TLSv1.3
	ssl.provider = null
	ssl.secure.random.implementation = null
	ssl.trustmanager.algorithm = PKIX
	ssl.truststore.certificates = null
	ssl.truststore.location = null
	ssl.truststore.password = null
	ssl.truststore.type = JKS
	transaction.timeout.ms = 60000
	transactional.id = null
	value.serializer = class io.apicurio.registry.serde.avro.AvroKafkaSerializer

2025-08-05 18:22:06,707 INFO  [org.apa.kaf.com.tel.int.KafkaMetricsCollector] (main) initializing Kafka metrics collector
2025-08-05 18:22:06,742 INFO  [org.apa.kaf.cli.pro.KafkaProducer] (main) [Producer clientId=Producer-topic-46fa714f_778a_45dc_ab39_e313f2e243b7] Instantiated an idempotent producer.
2025-08-05 18:22:06,803 INFO  [org.apa.kaf.cli.pro.ProducerConfig] (main) These configurations '[apicurio.registry.url, apicurio.registry.auto-register, apicurio.registry.use-id, apicurio.registry.artifact-resolver-strategy]' were supplied but are not used yet.
2025-08-05 18:22:06,807 INFO  [org.apa.kaf.com.uti.AppInfoParser] (main) Kafka version: 3.9.1
2025-08-05 18:22:06,807 INFO  [org.apa.kaf.com.uti.AppInfoParser] (main) Kafka commitId: f745dfdcee2b9851
2025-08-05 18:22:06,807 INFO  [org.apa.kaf.com.uti.AppInfoParser] (main) Kafka startTimeMs: 1754418126807
2025-08-05 18:22:06,808 INFO  [io.api.tes.ser.api.SimpleSerdesTesterBuilder$SimpleSerdesTester] (main) Using producer configuration: {apicurio.registry.url=http://registry-app-inmemory.apps.ci419.apicurio-testing.org:80/apis/registry/v3, apicurio.registry.auto-register=true, apicurio.registry.use-id=globalId, apicurio.registry.artifact-resolver-strategy=io.apicurio.registry.serde.strategy.TopicIdStrategy, value.serializer=io.apicurio.registry.serde.avro.AvroKafkaSerializer, request.timeout.ms=5000, acks=all, bootstrap.servers=PLAINTEXT://localhost:32769, connections.max.idle.ms=10000, key.serializer=org.apache.kafka.common.serialization.StringSerializer, client.id=Producer-topic-46fa714f_778a_45dc_ab39_e313f2e243b7}
2025-08-05 18:22:06,808 INFO  [io.api.tes.ser.api.SimpleSerdesTesterBuilder$SimpleSerdesTester] (main) Using consumer configuration: {apicurio.registry.use-id=globalId}
2025-08-05 18:22:06,818 INFO  [io.api.tes.ser.api.KafkaSerdesTester] (Thread-600) Sending message {"key11754418126654": "value-0"} to topic topic-46fa714f_778a_45dc_ab39_e313f2e243b7
2025-08-05 18:22:07,202 WARN  [org.apa.kaf.cli.NetworkClient] (kafka-producer-network-thread | Producer-topic-46fa714f_778a_45dc_ab39_e313f2e243b7) [Producer clientId=Producer-topic-46fa714f_778a_45dc_ab39_e313f2e243b7] The metadata response from the cluster reported a recoverable issue with correlation id 1 : {topic-46fa714f_778a_45dc_ab39_e313f2e243b7=UNKNOWN_TOPIC_OR_PARTITION}
2025-08-05 18:22:07,204 INFO  [org.apa.kaf.cli.Metadata] (kafka-producer-network-thread | Producer-topic-46fa714f_778a_45dc_ab39_e313f2e243b7) [Producer clientId=Producer-topic-46fa714f_778a_45dc_ab39_e313f2e243b7] Cluster ID: PopyJKdlRzKjlQHMpYFwRA
2025-08-05 18:22:07,431 INFO  [org.apa.kaf.cli.pro.int.TransactionManager] (kafka-producer-network-thread | Producer-topic-46fa714f_778a_45dc_ab39_e313f2e243b7) [Producer clientId=Producer-topic-46fa714f_778a_45dc_ab39_e313f2e243b7] ProducerId set to 0 with epoch 0
2025-08-05 18:22:07,685 INFO  [io.api.tes.ser.api.KafkaSerdesTester] (Thread-600) Sending message {"key11754418126654": "value-1"} to topic topic-46fa714f_778a_45dc_ab39_e313f2e243b7
2025-08-05 18:22:07,697 INFO  [io.api.tes.ser.api.KafkaSerdesTester] (Thread-600) Sending message {"key11754418126654": "value-2"} to topic topic-46fa714f_778a_45dc_ab39_e313f2e243b7
2025-08-05 18:22:07,703 INFO  [io.api.tes.ser.api.KafkaSerdesTester] (Thread-600) Sending message {"key11754418126654": "value-3"} to topic topic-46fa714f_778a_45dc_ab39_e313f2e243b7
2025-08-05 18:22:07,710 INFO  [io.api.tes.ser.api.KafkaSerdesTester] (Thread-600) Sending message {"key11754418126654": "value-4"} to topic topic-46fa714f_778a_45dc_ab39_e313f2e243b7
2025-08-05 18:22:07,713 INFO  [io.api.tes.ser.api.KafkaSerdesTester] (Thread-600) Sending message {"key11754418126654": "value-5"} to topic topic-46fa714f_778a_45dc_ab39_e313f2e243b7
2025-08-05 18:22:07,719 INFO  [io.api.tes.ser.api.KafkaSerdesTester] (Thread-600) Sending message {"key11754418126654": "value-6"} to topic topic-46fa714f_778a_45dc_ab39_e313f2e243b7
2025-08-05 18:22:07,724 INFO  [io.api.tes.ser.api.KafkaSerdesTester] (Thread-600) Sending message {"key11754418126654": "value-7"} to topic topic-46fa714f_778a_45dc_ab39_e313f2e243b7
2025-08-05 18:22:07,728 INFO  [io.api.tes.ser.api.KafkaSerdesTester] (Thread-600) Sending message {"key11754418126654": "value-8"} to topic topic-46fa714f_778a_45dc_ab39_e313f2e243b7
2025-08-05 18:22:07,734 INFO  [io.api.tes.ser.api.KafkaSerdesTester] (Thread-600) Sending message {"key11754418126654": "value-9"} to topic topic-46fa714f_778a_45dc_ab39_e313f2e243b7
2025-08-05 18:22:07,739 INFO  [io.api.tes.ser.api.KafkaSerdesTester] (Thread-600) Produced 10 messages
2025-08-05 18:22:07,740 INFO  [org.apa.kaf.cli.pro.KafkaProducer] (Thread-600) [Producer clientId=Producer-topic-46fa714f_778a_45dc_ab39_e313f2e243b7] Closing the Kafka producer with timeoutMillis = 9223372036854775807 ms.
2025-08-05 18:22:07,752 INFO  [org.apa.kaf.com.met.Metrics] (Thread-600) Metrics scheduler closed
2025-08-05 18:22:07,752 INFO  [org.apa.kaf.com.met.Metrics] (Thread-600) Closing reporter org.apache.kafka.common.metrics.JmxReporter
2025-08-05 18:22:07,752 INFO  [org.apa.kaf.com.met.Metrics] (Thread-600) Closing reporter org.apache.kafka.common.telemetry.internals.ClientTelemetryReporter
2025-08-05 18:22:07,753 INFO  [org.apa.kaf.com.met.Metrics] (Thread-600) Metrics reporters closed
2025-08-05 18:22:07,753 INFO  [org.apa.kaf.com.uti.AppInfoParser] (Thread-600) App info kafka.producer for Producer-topic-46fa714f_778a_45dc_ab39_e313f2e243b7 unregistered
**** Registry Base URL: http://registry-app-inmemory.apps.ci419.apicurio-testing.org:80
2025-08-05 18:22:08,003 INFO  [org.apa.kaf.cli.con.ConsumerConfig] (main) ConsumerConfig values: 
	allow.auto.create.topics = true
	auto.commit.interval.ms = 500
	auto.include.jmx.reporter = true
	auto.offset.reset = earliest
	bootstrap.servers = [PLAINTEXT://localhost:32769]
	check.crcs = true
	client.dns.lookup = use_all_dns_ips
	client.id = consumer-Consumer-topic-46fa714f_778a_45dc_ab39_e313f2e243b7-1
	client.rack = 
	connections.max.idle.ms = 10000
	default.api.timeout.ms = 60000
	enable.auto.commit = true
	enable.metrics.push = true
	exclude.internal.topics = true
	fetch.max.bytes = 52428800
	fetch.max.wait.ms = 500
	fetch.min.bytes = 1
	group.id = Consumer-topic-46fa714f_778a_45dc_ab39_e313f2e243b7
	group.instance.id = null
	group.protocol = classic
	group.remote.assignor = null
	heartbeat.interval.ms = 3000
	interceptor.classes = []
	internal.leave.group.on.close = true
	internal.throw.on.fetch.stable.offset.unsupported = false
	isolation.level = read_uncommitted
	key.deserializer = class org.apache.kafka.common.serialization.StringDeserializer
	max.partition.fetch.bytes = 1048576
	max.poll.interval.ms = 300000
	max.poll.records = 500
	metadata.max.age.ms = 300000
	metadata.recovery.strategy = none
	metric.reporters = []
	metrics.num.samples = 2
	metrics.recording.level = INFO
	metrics.sample.window.ms = 30000
	partition.assignment.strategy = [class org.apache.kafka.clients.consumer.RangeAssignor, class org.apache.kafka.clients.consumer.CooperativeStickyAssignor]
	receive.buffer.bytes = 65536
	reconnect.backoff.max.ms = 1000
	reconnect.backoff.ms = 50
	request.timeout.ms = 5000
	retry.backoff.max.ms = 1000
	retry.backoff.ms = 100
	sasl.client.callback.handler.class = null
	sasl.jaas.config = null
	sasl.kerberos.kinit.cmd = /usr/bin/kinit
	sasl.kerberos.min.time.before.relogin = 60000
	sasl.kerberos.service.name = null
	sasl.kerberos.ticket.renew.jitter = 0.05
	sasl.kerberos.ticket.renew.window.factor = 0.8
	sasl.login.callback.handler.class = null
	sasl.login.class = null
	sasl.login.connect.timeout.ms = null
	sasl.login.read.timeout.ms = null
	sasl.login.refresh.buffer.seconds = 300
	sasl.login.refresh.min.period.seconds = 60
	sasl.login.refresh.window.factor = 0.8
	sasl.login.refresh.window.jitter = 0.05
	sasl.login.retry.backoff.max.ms = 10000
	sasl.login.retry.backoff.ms = 100
	sasl.mechanism = GSSAPI
	sasl.oauthbearer.clock.skew.seconds = 30
	sasl.oauthbearer.expected.audience = null
	sasl.oauthbearer.expected.issuer = null
	sasl.oauthbearer.header.urlencode = false
	sasl.oauthbearer.jwks.endpoint.refresh.ms = 3600000
	sasl.oauthbearer.jwks.endpoint.retry.backoff.max.ms = 10000
	sasl.oauthbearer.jwks.endpoint.retry.backoff.ms = 100
	sasl.oauthbearer.jwks.endpoint.url = null
	sasl.oauthbearer.scope.claim.name = scope
	sasl.oauthbearer.sub.claim.name = sub
	sasl.oauthbearer.token.endpoint.url = null
	security.protocol = PLAINTEXT
	security.providers = null
	send.buffer.bytes = 131072
	session.timeout.ms = 45000
	socket.connection.setup.timeout.max.ms = 30000
	socket.connection.setup.timeout.ms = 10000
	ssl.cipher.suites = null
	ssl.enabled.protocols = [TLSv1.2, TLSv1.3]
	ssl.endpoint.identification.algorithm = https
	ssl.engine.factory.class = null
	ssl.key.password = null
	ssl.keymanager.algorithm = SunX509
	ssl.keystore.certificate.chain = null
	ssl.keystore.key = null
	ssl.keystore.location = null
	ssl.keystore.password = null
	ssl.keystore.type = JKS
	ssl.protocol = TLSv1.3
	ssl.provider = null
	ssl.secure.random.implementation = null
	ssl.trustmanager.algorithm = PKIX
	ssl.truststore.certificates = null
	ssl.truststore.location = null
	ssl.truststore.password = null
	ssl.truststore.type = JKS
	value.deserializer = class io.apicurio.registry.serde.avro.AvroKafkaDeserializer

2025-08-05 18:22:08,011 INFO  [org.apa.kaf.com.tel.int.KafkaMetricsCollector] (main) initializing Kafka metrics collector
2025-08-05 18:22:08,065 INFO  [org.apa.kaf.cli.con.ConsumerConfig] (main) These configurations '[apicurio.registry.url, apicurio.registry.use-id]' were supplied but are not used yet.
2025-08-05 18:22:08,065 INFO  [org.apa.kaf.com.uti.AppInfoParser] (main) Kafka version: 3.9.1
2025-08-05 18:22:08,065 INFO  [org.apa.kaf.com.uti.AppInfoParser] (main) Kafka commitId: f745dfdcee2b9851
2025-08-05 18:22:08,065 INFO  [org.apa.kaf.com.uti.AppInfoParser] (main) Kafka startTimeMs: 1754418128065
2025-08-05 18:22:08,071 INFO  [org.apa.kaf.cli.con.int.ClassicKafkaConsumer] (Thread-603) [Consumer clientId=consumer-Consumer-topic-46fa714f_778a_45dc_ab39_e313f2e243b7-1, groupId=Consumer-topic-46fa714f_778a_45dc_ab39_e313f2e243b7] Subscribed to topic(s): topic-46fa714f_778a_45dc_ab39_e313f2e243b7
2025-08-05 18:22:08,089 INFO  [org.apa.kaf.cli.Metadata] (Thread-603) [Consumer clientId=consumer-Consumer-topic-46fa714f_778a_45dc_ab39_e313f2e243b7-1, groupId=Consumer-topic-46fa714f_778a_45dc_ab39_e313f2e243b7] Cluster ID: PopyJKdlRzKjlQHMpYFwRA
2025-08-05 18:22:08,224 INFO  [org.apa.kaf.cli.con.int.ConsumerCoordinator] (Thread-603) [Consumer clientId=consumer-Consumer-topic-46fa714f_778a_45dc_ab39_e313f2e243b7-1, groupId=Consumer-topic-46fa714f_778a_45dc_ab39_e313f2e243b7] Discovered group coordinator localhost:32769 (id: 2147483647 rack: null)
2025-08-05 18:22:08,234 INFO  [org.apa.kaf.cli.con.int.ConsumerCoordinator] (Thread-603) [Consumer clientId=consumer-Consumer-topic-46fa714f_778a_45dc_ab39_e313f2e243b7-1, groupId=Consumer-topic-46fa714f_778a_45dc_ab39_e313f2e243b7] (Re-)joining group
2025-08-05 18:22:08,265 INFO  [org.apa.kaf.cli.con.int.ConsumerCoordinator] (Thread-603) [Consumer clientId=consumer-Consumer-topic-46fa714f_778a_45dc_ab39_e313f2e243b7-1, groupId=Consumer-topic-46fa714f_778a_45dc_ab39_e313f2e243b7] Group coordinator localhost:32769 (id: 2147483647 rack: null) is unavailable or invalid due to cause: error response NOT_COORDINATOR. isDisconnected: false. Rediscovery will be attempted.
2025-08-05 18:22:08,265 INFO  [org.apa.kaf.cli.con.int.ConsumerCoordinator] (Thread-603) [Consumer clientId=consumer-Consumer-topic-46fa714f_778a_45dc_ab39_e313f2e243b7-1, groupId=Consumer-topic-46fa714f_778a_45dc_ab39_e313f2e243b7] Requesting disconnect from last known coordinator localhost:32769 (id: 2147483647 rack: null)
2025-08-05 18:22:08,266 INFO  [org.apa.kaf.cli.con.int.ConsumerCoordinator] (Thread-603) [Consumer clientId=consumer-Consumer-topic-46fa714f_778a_45dc_ab39_e313f2e243b7-1, groupId=Consumer-topic-46fa714f_778a_45dc_ab39_e313f2e243b7] JoinGroup failed: This is not the correct coordinator. Marking coordinator unknown. Sent generation was Generation{generationId=-1, memberId='', protocol='null'}
2025-08-05 18:22:08,266 INFO  [org.apa.kaf.cli.NetworkClient] (Thread-603) [Consumer clientId=consumer-Consumer-topic-46fa714f_778a_45dc_ab39_e313f2e243b7-1, groupId=Consumer-topic-46fa714f_778a_45dc_ab39_e313f2e243b7] Client requested disconnect from node 2147483647
2025-08-05 18:22:08,273 INFO  [org.apa.kaf.cli.con.int.ConsumerCoordinator] (Thread-603) [Consumer clientId=consumer-Consumer-topic-46fa714f_778a_45dc_ab39_e313f2e243b7-1, groupId=Consumer-topic-46fa714f_778a_45dc_ab39_e313f2e243b7] Discovered group coordinator localhost:32769 (id: 2147483647 rack: null)
2025-08-05 18:22:08,275 INFO  [org.apa.kaf.cli.con.int.ConsumerCoordinator] (Thread-603) [Consumer clientId=consumer-Consumer-topic-46fa714f_778a_45dc_ab39_e313f2e243b7-1, groupId=Consumer-topic-46fa714f_778a_45dc_ab39_e313f2e243b7] Group coordinator localhost:32769 (id: 2147483647 rack: null) is unavailable or invalid due to cause: coordinator unavailable. isDisconnected: false. Rediscovery will be attempted.
2025-08-05 18:22:08,275 INFO  [org.apa.kaf.cli.con.int.ConsumerCoordinator] (Thread-603) [Consumer clientId=consumer-Consumer-topic-46fa714f_778a_45dc_ab39_e313f2e243b7-1, groupId=Consumer-topic-46fa714f_778a_45dc_ab39_e313f2e243b7] Requesting disconnect from last known coordinator localhost:32769 (id: 2147483647 rack: null)
2025-08-05 18:22:08,369 INFO  [org.apa.kaf.cli.con.int.ConsumerCoordinator] (Thread-603) [Consumer clientId=consumer-Consumer-topic-46fa714f_778a_45dc_ab39_e313f2e243b7-1, groupId=Consumer-topic-46fa714f_778a_45dc_ab39_e313f2e243b7] Discovered group coordinator localhost:32769 (id: 2147483647 rack: null)
2025-08-05 18:22:08,373 INFO  [org.apa.kaf.cli.con.int.ConsumerCoordinator] (Thread-603) [Consumer clientId=consumer-Consumer-topic-46fa714f_778a_45dc_ab39_e313f2e243b7-1, groupId=Consumer-topic-46fa714f_778a_45dc_ab39_e313f2e243b7] Request joining group due to: rebalance failed due to 'This is not the correct coordinator.' (NotCoordinatorException)
2025-08-05 18:22:08,373 INFO  [org.apa.kaf.cli.con.int.ConsumerCoordinator] (Thread-603) [Consumer clientId=consumer-Consumer-topic-46fa714f_778a_45dc_ab39_e313f2e243b7-1, groupId=Consumer-topic-46fa714f_778a_45dc_ab39_e313f2e243b7] (Re-)joining group
2025-08-05 18:22:08,384 INFO  [org.apa.kaf.cli.con.int.ConsumerCoordinator] (Thread-603) [Consumer clientId=consumer-Consumer-topic-46fa714f_778a_45dc_ab39_e313f2e243b7-1, groupId=Consumer-topic-46fa714f_778a_45dc_ab39_e313f2e243b7] Group coordinator localhost:32769 (id: 2147483647 rack: null) is unavailable or invalid due to cause: error response NOT_COORDINATOR. isDisconnected: false. Rediscovery will be attempted.
2025-08-05 18:22:08,384 INFO  [org.apa.kaf.cli.con.int.ConsumerCoordinator] (Thread-603) [Consumer clientId=consumer-Consumer-topic-46fa714f_778a_45dc_ab39_e313f2e243b7-1, groupId=Consumer-topic-46fa714f_778a_45dc_ab39_e313f2e243b7] Requesting disconnect from last known coordinator localhost:32769 (id: 2147483647 rack: null)
2025-08-05 18:22:08,384 INFO  [org.apa.kaf.cli.con.int.ConsumerCoordinator] (Thread-603) [Consumer clientId=consumer-Consumer-topic-46fa714f_778a_45dc_ab39_e313f2e243b7-1, groupId=Consumer-topic-46fa714f_778a_45dc_ab39_e313f2e243b7] JoinGroup failed: This is not the correct coordinator. Marking coordinator unknown. Sent generation was Generation{generationId=-1, memberId='', protocol='null'}
2025-08-05 18:22:08,384 INFO  [org.apa.kaf.cli.NetworkClient] (Thread-603) [Consumer clientId=consumer-Consumer-topic-46fa714f_778a_45dc_ab39_e313f2e243b7-1, groupId=Consumer-topic-46fa714f_778a_45dc_ab39_e313f2e243b7] Client requested disconnect from node 2147483647
2025-08-05 18:22:08,389 INFO  [org.apa.kaf.cli.con.int.ConsumerCoordinator] (Thread-603) [Consumer clientId=consumer-Consumer-topic-46fa714f_778a_45dc_ab39_e313f2e243b7-1, groupId=Consumer-topic-46fa714f_778a_45dc_ab39_e313f2e243b7] Discovered group coordinator localhost:32769 (id: 2147483647 rack: null)
2025-08-05 18:22:08,389 INFO  [org.apa.kaf.cli.con.int.ConsumerCoordinator] (Thread-603) [Consumer clientId=consumer-Consumer-topic-46fa714f_778a_45dc_ab39_e313f2e243b7-1, groupId=Consumer-topic-46fa714f_778a_45dc_ab39_e313f2e243b7] Group coordinator localhost:32769 (id: 2147483647 rack: null) is unavailable or invalid due to cause: coordinator unavailable. isDisconnected: false. Rediscovery will be attempted.
2025-08-05 18:22:08,389 INFO  [org.apa.kaf.cli.con.int.ConsumerCoordinator] (Thread-603) [Consumer clientId=consumer-Consumer-topic-46fa714f_778a_45dc_ab39_e313f2e243b7-1, groupId=Consumer-topic-46fa714f_778a_45dc_ab39_e313f2e243b7] Requesting disconnect from last known coordinator localhost:32769 (id: 2147483647 rack: null)
2025-08-05 18:22:08,507 INFO  [org.apa.kaf.cli.con.int.ConsumerCoordinator] (Thread-603) [Consumer clientId=consumer-Consumer-topic-46fa714f_778a_45dc_ab39_e313f2e243b7-1, groupId=Consumer-topic-46fa714f_778a_45dc_ab39_e313f2e243b7] Discovered group coordinator localhost:32769 (id: 2147483647 rack: null)
2025-08-05 18:22:08,509 INFO  [org.apa.kaf.cli.con.int.ConsumerCoordinator] (Thread-603) [Consumer clientId=consumer-Consumer-topic-46fa714f_778a_45dc_ab39_e313f2e243b7-1, groupId=Consumer-topic-46fa714f_778a_45dc_ab39_e313f2e243b7] Request joining group due to: rebalance failed due to 'This is not the correct coordinator.' (NotCoordinatorException)
2025-08-05 18:22:08,512 INFO  [org.apa.kaf.cli.con.int.ConsumerCoordinator] (Thread-603) [Consumer clientId=consumer-Consumer-topic-46fa714f_778a_45dc_ab39_e313f2e243b7-1, groupId=Consumer-topic-46fa714f_778a_45dc_ab39_e313f2e243b7] (Re-)joining group
2025-08-05 18:22:08,517 INFO  [org.apa.kaf.cli.con.int.ConsumerCoordinator] (Thread-603) [Consumer clientId=consumer-Consumer-topic-46fa714f_778a_45dc_ab39_e313f2e243b7-1, groupId=Consumer-topic-46fa714f_778a_45dc_ab39_e313f2e243b7] Group coordinator localhost:32769 (id: 2147483647 rack: null) is unavailable or invalid due to cause: error response NOT_COORDINATOR. isDisconnected: false. Rediscovery will be attempted.
2025-08-05 18:22:08,517 INFO  [org.apa.kaf.cli.con.int.ConsumerCoordinator] (Thread-603) [Consumer clientId=consumer-Consumer-topic-46fa714f_778a_45dc_ab39_e313f2e243b7-1, groupId=Consumer-topic-46fa714f_778a_45dc_ab39_e313f2e243b7] Requesting disconnect from last known coordinator localhost:32769 (id: 2147483647 rack: null)
2025-08-05 18:22:08,517 INFO  [org.apa.kaf.cli.con.int.ConsumerCoordinator] (Thread-603) [Consumer clientId=consumer-Consumer-topic-46fa714f_778a_45dc_ab39_e313f2e243b7-1, groupId=Consumer-topic-46fa714f_778a_45dc_ab39_e313f2e243b7] JoinGroup failed: This is not the correct coordinator. Marking coordinator unknown. Sent generation was Generation{generationId=-1, memberId='', protocol='null'}
2025-08-05 18:22:08,518 INFO  [org.apa.kaf.cli.NetworkClient] (Thread-603) [Consumer clientId=consumer-Consumer-topic-46fa714f_778a_45dc_ab39_e313f2e243b7-1, groupId=Consumer-topic-46fa714f_778a_45dc_ab39_e313f2e243b7] Client requested disconnect from node 2147483647
2025-08-05 18:22:08,525 INFO  [org.apa.kaf.cli.con.int.ConsumerCoordinator] (Thread-603) [Consumer clientId=consumer-Consumer-topic-46fa714f_778a_45dc_ab39_e313f2e243b7-1, groupId=Consumer-topic-46fa714f_778a_45dc_ab39_e313f2e243b7] Discovered group coordinator localhost:32769 (id: 2147483647 rack: null)
2025-08-05 18:22:08,525 INFO  [org.apa.kaf.cli.con.int.ConsumerCoordinator] (Thread-603) [Consumer clientId=consumer-Consumer-topic-46fa714f_778a_45dc_ab39_e313f2e243b7-1, groupId=Consumer-topic-46fa714f_778a_45dc_ab39_e313f2e243b7] Group coordinator localhost:32769 (id: 2147483647 rack: null) is unavailable or invalid due to cause: coordinator unavailable. isDisconnected: false. Rediscovery will be attempted.
2025-08-05 18:22:08,525 INFO  [org.apa.kaf.cli.con.int.ConsumerCoordinator] (Thread-603) [Consumer clientId=consumer-Consumer-topic-46fa714f_778a_45dc_ab39_e313f2e243b7-1, groupId=Consumer-topic-46fa714f_778a_45dc_ab39_e313f2e243b7] Requesting disconnect from last known coordinator localhost:32769 (id: 2147483647 rack: null)
2025-08-05 18:22:08,622 INFO  [org.apa.kaf.cli.con.int.ConsumerCoordinator] (Thread-603) [Consumer clientId=consumer-Consumer-topic-46fa714f_778a_45dc_ab39_e313f2e243b7-1, groupId=Consumer-topic-46fa714f_778a_45dc_ab39_e313f2e243b7] Discovered group coordinator localhost:32769 (id: 2147483647 rack: null)
2025-08-05 18:22:08,625 INFO  [org.apa.kaf.cli.con.int.ConsumerCoordinator] (Thread-603) [Consumer clientId=consumer-Consumer-topic-46fa714f_778a_45dc_ab39_e313f2e243b7-1, groupId=Consumer-topic-46fa714f_778a_45dc_ab39_e313f2e243b7] Request joining group due to: rebalance failed due to 'This is not the correct coordinator.' (NotCoordinatorException)
2025-08-05 18:22:08,625 INFO  [org.apa.kaf.cli.con.int.ConsumerCoordinator] (Thread-603) [Consumer clientId=consumer-Consumer-topic-46fa714f_778a_45dc_ab39_e313f2e243b7-1, groupId=Consumer-topic-46fa714f_778a_45dc_ab39_e313f2e243b7] (Re-)joining group
2025-08-05 18:22:08,631 INFO  [org.apa.kaf.cli.con.int.ConsumerCoordinator] (Thread-603) [Consumer clientId=consumer-Consumer-topic-46fa714f_778a_45dc_ab39_e313f2e243b7-1, groupId=Consumer-topic-46fa714f_778a_45dc_ab39_e313f2e243b7] Group coordinator localhost:32769 (id: 2147483647 rack: null) is unavailable or invalid due to cause: error response NOT_COORDINATOR. isDisconnected: false. Rediscovery will be attempted.
2025-08-05 18:22:08,631 INFO  [org.apa.kaf.cli.con.int.ConsumerCoordinator] (Thread-603) [Consumer clientId=consumer-Consumer-topic-46fa714f_778a_45dc_ab39_e313f2e243b7-1, groupId=Consumer-topic-46fa714f_778a_45dc_ab39_e313f2e243b7] Requesting disconnect from last known coordinator localhost:32769 (id: 2147483647 rack: null)
2025-08-05 18:22:08,632 INFO  [org.apa.kaf.cli.con.int.ConsumerCoordinator] (Thread-603) [Consumer clientId=consumer-Consumer-topic-46fa714f_778a_45dc_ab39_e313f2e243b7-1, groupId=Consumer-topic-46fa714f_778a_45dc_ab39_e313f2e243b7] JoinGroup failed: This is not the correct coordinator. Marking coordinator unknown. Sent generation was Generation{generationId=-1, memberId='', protocol='null'}
2025-08-05 18:22:08,632 INFO  [org.apa.kaf.cli.NetworkClient] (Thread-603) [Consumer clientId=consumer-Consumer-topic-46fa714f_778a_45dc_ab39_e313f2e243b7-1, groupId=Consumer-topic-46fa714f_778a_45dc_ab39_e313f2e243b7] Client requested disconnect from node 2147483647
2025-08-05 18:22:08,638 INFO  [org.apa.kaf.cli.con.int.ConsumerCoordinator] (Thread-603) [Consumer clientId=consumer-Consumer-topic-46fa714f_778a_45dc_ab39_e313f2e243b7-1, groupId=Consumer-topic-46fa714f_778a_45dc_ab39_e313f2e243b7] Discovered group coordinator localhost:32769 (id: 2147483647 rack: null)
2025-08-05 18:22:08,638 INFO  [org.apa.kaf.cli.con.int.ConsumerCoordinator] (Thread-603) [Consumer clientId=consumer-Consumer-topic-46fa714f_778a_45dc_ab39_e313f2e243b7-1, groupId=Consumer-topic-46fa714f_778a_45dc_ab39_e313f2e243b7] Group coordinator localhost:32769 (id: 2147483647 rack: null) is unavailable or invalid due to cause: coordinator unavailable. isDisconnected: false. Rediscovery will be attempted.
2025-08-05 18:22:08,638 INFO  [org.apa.kaf.cli.con.int.ConsumerCoordinator] (Thread-603) [Consumer clientId=consumer-Consumer-topic-46fa714f_778a_45dc_ab39_e313f2e243b7-1, groupId=Consumer-topic-46fa714f_778a_45dc_ab39_e313f2e243b7] Requesting disconnect from last known coordinator localhost:32769 (id: 2147483647 rack: null)
2025-08-05 18:22:08,740 INFO  [org.apa.kaf.cli.con.int.ConsumerCoordinator] (Thread-603) [Consumer clientId=consumer-Consumer-topic-46fa714f_778a_45dc_ab39_e313f2e243b7-1, groupId=Consumer-topic-46fa714f_778a_45dc_ab39_e313f2e243b7] Discovered group coordinator localhost:32769 (id: 2147483647 rack: null)
2025-08-05 18:22:08,742 INFO  [org.apa.kaf.cli.con.int.ConsumerCoordinator] (Thread-603) [Consumer clientId=consumer-Consumer-topic-46fa714f_778a_45dc_ab39_e313f2e243b7-1, groupId=Consumer-topic-46fa714f_778a_45dc_ab39_e313f2e243b7] Request joining group due to: rebalance failed due to 'This is not the correct coordinator.' (NotCoordinatorException)
2025-08-05 18:22:08,743 INFO  [org.apa.kaf.cli.con.int.ConsumerCoordinator] (Thread-603) [Consumer clientId=consumer-Consumer-topic-46fa714f_778a_45dc_ab39_e313f2e243b7-1, groupId=Consumer-topic-46fa714f_778a_45dc_ab39_e313f2e243b7] (Re-)joining group
2025-08-05 18:22:08,755 INFO  [org.apa.kaf.cli.con.int.ConsumerCoordinator] (Thread-603) [Consumer clientId=consumer-Consumer-topic-46fa714f_778a_45dc_ab39_e313f2e243b7-1, groupId=Consumer-topic-46fa714f_778a_45dc_ab39_e313f2e243b7] Request joining group due to: need to re-join with the given member-id: consumer-Consumer-topic-46fa714f_778a_45dc_ab39_e313f2e243b7-1-53c85058-0437-44b9-a426-a45fbdbe11d5
2025-08-05 18:22:08,755 INFO  [org.apa.kaf.cli.con.int.ConsumerCoordinator] (Thread-603) [Consumer clientId=consumer-Consumer-topic-46fa714f_778a_45dc_ab39_e313f2e243b7-1, groupId=Consumer-topic-46fa714f_778a_45dc_ab39_e313f2e243b7] (Re-)joining group
2025-08-05 18:22:09,073 INFO  [io.api.tes.ser.api.KafkaSerdesTester] (Thread-603) None found
2025-08-05 18:22:10,073 INFO  [io.api.tes.ser.api.KafkaSerdesTester] (Thread-603) None found
2025-08-05 18:22:11,073 INFO  [io.api.tes.ser.api.KafkaSerdesTester] (Thread-603) None found
2025-08-05 18:22:11,774 INFO  [org.apa.kaf.cli.con.int.ConsumerCoordinator] (Thread-603) [Consumer clientId=consumer-Consumer-topic-46fa714f_778a_45dc_ab39_e313f2e243b7-1, groupId=Consumer-topic-46fa714f_778a_45dc_ab39_e313f2e243b7] Successfully joined group with generation Generation{generationId=1, memberId='consumer-Consumer-topic-46fa714f_778a_45dc_ab39_e313f2e243b7-1-53c85058-0437-44b9-a426-a45fbdbe11d5', protocol='range'}
2025-08-05 18:22:11,783 INFO  [org.apa.kaf.cli.con.int.ConsumerCoordinator] (Thread-603) [Consumer clientId=consumer-Consumer-topic-46fa714f_778a_45dc_ab39_e313f2e243b7-1, groupId=Consumer-topic-46fa714f_778a_45dc_ab39_e313f2e243b7] Finished assignment for group at generation 1: {consumer-Consumer-topic-46fa714f_778a_45dc_ab39_e313f2e243b7-1-53c85058-0437-44b9-a426-a45fbdbe11d5=Assignment(partitions=[topic-46fa714f_778a_45dc_ab39_e313f2e243b7-0])}
2025-08-05 18:22:11,798 INFO  [org.apa.kaf.cli.con.int.ConsumerCoordinator] (Thread-603) [Consumer clientId=consumer-Consumer-topic-46fa714f_778a_45dc_ab39_e313f2e243b7-1, groupId=Consumer-topic-46fa714f_778a_45dc_ab39_e313f2e243b7] Successfully synced group in generation Generation{generationId=1, memberId='consumer-Consumer-topic-46fa714f_778a_45dc_ab39_e313f2e243b7-1-53c85058-0437-44b9-a426-a45fbdbe11d5', protocol='range'}
2025-08-05 18:22:11,799 INFO  [org.apa.kaf.cli.con.int.ConsumerCoordinator] (Thread-603) [Consumer clientId=consumer-Consumer-topic-46fa714f_778a_45dc_ab39_e313f2e243b7-1, groupId=Consumer-topic-46fa714f_778a_45dc_ab39_e313f2e243b7] Notifying assignor about the new Assignment(partitions=[topic-46fa714f_778a_45dc_ab39_e313f2e243b7-0])
2025-08-05 18:22:11,802 INFO  [org.apa.kaf.cli.con.int.ConsumerRebalanceListenerInvoker] (Thread-603) [Consumer clientId=consumer-Consumer-topic-46fa714f_778a_45dc_ab39_e313f2e243b7-1, groupId=Consumer-topic-46fa714f_778a_45dc_ab39_e313f2e243b7] Adding newly assigned partitions: topic-46fa714f_778a_45dc_ab39_e313f2e243b7-0
2025-08-05 18:22:11,813 INFO  [org.apa.kaf.cli.con.int.ConsumerCoordinator] (Thread-603) [Consumer clientId=consumer-Consumer-topic-46fa714f_778a_45dc_ab39_e313f2e243b7-1, groupId=Consumer-topic-46fa714f_778a_45dc_ab39_e313f2e243b7] Found no committed offset for partition topic-46fa714f_778a_45dc_ab39_e313f2e243b7-0
2025-08-05 18:22:11,840 INFO  [org.apa.kaf.cli.con.int.SubscriptionState] (Thread-603) [Consumer clientId=consumer-Consumer-topic-46fa714f_778a_45dc_ab39_e313f2e243b7-1, groupId=Consumer-topic-46fa714f_778a_45dc_ab39_e313f2e243b7] Resetting offset for partition topic-46fa714f_778a_45dc_ab39_e313f2e243b7-0 to position FetchPosition{offset=0, offsetEpoch=Optional.empty, currentLeader=LeaderAndEpoch{leader=Optional[localhost:32769 (id: 0 rack: null)], epoch=0}}.
2025-08-05 18:22:12,120 INFO  [io.api.tes.ser.api.KafkaSerdesTester] (Thread-603) topic-46fa714f_778a_45dc_ab39_e313f2e243b7 0 0 {"key11754418126654": "value-0"}
2025-08-05 18:22:12,121 INFO  [io.api.tes.ser.api.KafkaSerdesTester] (Thread-603) topic-46fa714f_778a_45dc_ab39_e313f2e243b7 0 1 {"key11754418126654": "value-1"}
2025-08-05 18:22:12,121 INFO  [io.api.tes.ser.api.KafkaSerdesTester] (Thread-603) topic-46fa714f_778a_45dc_ab39_e313f2e243b7 0 2 {"key11754418126654": "value-2"}
2025-08-05 18:22:12,122 INFO  [io.api.tes.ser.api.KafkaSerdesTester] (Thread-603) topic-46fa714f_778a_45dc_ab39_e313f2e243b7 0 3 {"key11754418126654": "value-3"}
2025-08-05 18:22:12,122 INFO  [io.api.tes.ser.api.KafkaSerdesTester] (Thread-603) topic-46fa714f_778a_45dc_ab39_e313f2e243b7 0 4 {"key11754418126654": "value-4"}
2025-08-05 18:22:12,122 INFO  [io.api.tes.ser.api.KafkaSerdesTester] (Thread-603) topic-46fa714f_778a_45dc_ab39_e313f2e243b7 0 5 {"key11754418126654": "value-5"}
2025-08-05 18:22:12,122 INFO  [io.api.tes.ser.api.KafkaSerdesTester] (Thread-603) topic-46fa714f_778a_45dc_ab39_e313f2e243b7 0 6 {"key11754418126654": "value-6"}
2025-08-05 18:22:12,122 INFO  [io.api.tes.ser.api.KafkaSerdesTester] (Thread-603) topic-46fa714f_778a_45dc_ab39_e313f2e243b7 0 7 {"key11754418126654": "value-7"}
2025-08-05 18:22:12,122 INFO  [io.api.tes.ser.api.KafkaSerdesTester] (Thread-603) topic-46fa714f_778a_45dc_ab39_e313f2e243b7 0 8 {"key11754418126654": "value-8"}
2025-08-05 18:22:12,122 INFO  [io.api.tes.ser.api.KafkaSerdesTester] (Thread-603) topic-46fa714f_778a_45dc_ab39_e313f2e243b7 0 9 {"key11754418126654": "value-9"}
2025-08-05 18:22:12,122 INFO  [io.api.tes.ser.api.KafkaSerdesTester] (Thread-603) Consumed 10 messages
2025-08-05 18:22:12,148 INFO  [org.apa.kaf.cli.con.int.ConsumerRebalanceListenerInvoker] (Thread-603) [Consumer clientId=consumer-Consumer-topic-46fa714f_778a_45dc_ab39_e313f2e243b7-1, groupId=Consumer-topic-46fa714f_778a_45dc_ab39_e313f2e243b7] Revoke previously assigned partitions topic-46fa714f_778a_45dc_ab39_e313f2e243b7-0
2025-08-05 18:22:12,149 INFO  [org.apa.kaf.cli.con.int.ConsumerCoordinator] (Thread-603) [Consumer clientId=consumer-Consumer-topic-46fa714f_778a_45dc_ab39_e313f2e243b7-1, groupId=Consumer-topic-46fa714f_778a_45dc_ab39_e313f2e243b7] Member consumer-Consumer-topic-46fa714f_778a_45dc_ab39_e313f2e243b7-1-53c85058-0437-44b9-a426-a45fbdbe11d5 sending LeaveGroup request to coordinator localhost:32769 (id: 2147483647 rack: null) due to the consumer is being closed
2025-08-05 18:22:12,150 INFO  [org.apa.kaf.cli.con.int.ConsumerCoordinator] (Thread-603) [Consumer clientId=consumer-Consumer-topic-46fa714f_778a_45dc_ab39_e313f2e243b7-1, groupId=Consumer-topic-46fa714f_778a_45dc_ab39_e313f2e243b7] Resetting generation and member id due to: consumer pro-actively leaving the group
2025-08-05 18:22:12,150 INFO  [org.apa.kaf.cli.con.int.ConsumerCoordinator] (Thread-603) [Consumer clientId=consumer-Consumer-topic-46fa714f_778a_45dc_ab39_e313f2e243b7-1, groupId=Consumer-topic-46fa714f_778a_45dc_ab39_e313f2e243b7] Request joining group due to: consumer pro-actively leaving the group
2025-08-05 18:22:12,637 INFO  [org.apa.kaf.com.met.Metrics] (Thread-603) Metrics scheduler closed
2025-08-05 18:22:12,638 INFO  [org.apa.kaf.com.met.Metrics] (Thread-603) Closing reporter org.apache.kafka.common.metrics.JmxReporter
2025-08-05 18:22:12,638 INFO  [org.apa.kaf.com.met.Metrics] (Thread-603) Closing reporter org.apache.kafka.common.telemetry.internals.ClientTelemetryReporter
2025-08-05 18:22:12,638 INFO  [org.apa.kaf.com.met.Metrics] (Thread-603) Metrics reporters closed
2025-08-05 18:22:12,646 INFO  [org.apa.kaf.com.uti.AppInfoParser] (Thread-603) App info kafka.consumer for consumer-Consumer-topic-46fa714f_778a_45dc_ab39_e313f2e243b7-1 unregistered
2025-08-05 18:22:12,647 INFO  [io.api.tes.uti.TestSeparator] (main) io.apicurio.tests.serdes.apicurio.AvroSerdeIT.testGlobalIdInHeaders-FINISHED
2025-08-05 18:22:12,647 INFO  [io.api.tes.uti.TestSeparator] (main) ############################################################################
Test passed: testGlobalIdInHeaders
]]></system-out>
  </testcase>
  <testcase name="testSimpleTopicIdStrategyFindLatest" classname="io.apicurio.tests.serdes.apicurio.AvroSerdeIT" time="5.362">
    <system-out><![CDATA[2025-08-05 18:22:12,649 INFO  [io.api.tes.uti.TestSeparator] (main) ############################################################################
2025-08-05 18:22:12,649 INFO  [io.api.tes.uti.TestSeparator] (main) io.apicurio.tests.serdes.apicurio.AvroSerdeIT.testSimpleTopicIdStrategyFindLatest-STARTED
2025-08-05 18:22:12,652 INFO  [io.api.tes.ser.api.AvroSerdeIT] (main) Registering Avro Schema: {"type":"record","name":"myrecordapicurio1","fields":[{"name":"key11754418132650","type":"string"}]}
**** Registry Base URL: http://registry-app-inmemory.apps.ci419.apicurio-testing.org:80
2025-08-05 18:22:13,817 INFO  [org.apa.kaf.cli.pro.ProducerConfig] (main) ProducerConfig values: 
	acks = -1
	auto.include.jmx.reporter = true
	batch.size = 16384
	bootstrap.servers = [PLAINTEXT://localhost:32769]
	buffer.memory = 33554432
	client.dns.lookup = use_all_dns_ips
	client.id = Producer-topic-c1841a41_8845_4de6_9f4b_ef2cb1be9fe0
	compression.gzip.level = -1
	compression.lz4.level = 9
	compression.type = none
	compression.zstd.level = 3
	connections.max.idle.ms = 10000
	delivery.timeout.ms = 120000
	enable.idempotence = true
	enable.metrics.push = true
	interceptor.classes = []
	key.serializer = class org.apache.kafka.common.serialization.StringSerializer
	linger.ms = 0
	max.block.ms = 60000
	max.in.flight.requests.per.connection = 5
	max.request.size = 1048576
	metadata.max.age.ms = 300000
	metadata.max.idle.ms = 300000
	metadata.recovery.strategy = none
	metric.reporters = []
	metrics.num.samples = 2
	metrics.recording.level = INFO
	metrics.sample.window.ms = 30000
	partitioner.adaptive.partitioning.enable = true
	partitioner.availability.timeout.ms = 0
	partitioner.class = null
	partitioner.ignore.keys = false
	receive.buffer.bytes = 32768
	reconnect.backoff.max.ms = 1000
	reconnect.backoff.ms = 50
	request.timeout.ms = 5000
	retries = 2147483647
	retry.backoff.max.ms = 1000
	retry.backoff.ms = 100
	sasl.client.callback.handler.class = null
	sasl.jaas.config = null
	sasl.kerberos.kinit.cmd = /usr/bin/kinit
	sasl.kerberos.min.time.before.relogin = 60000
	sasl.kerberos.service.name = null
	sasl.kerberos.ticket.renew.jitter = 0.05
	sasl.kerberos.ticket.renew.window.factor = 0.8
	sasl.login.callback.handler.class = null
	sasl.login.class = null
	sasl.login.connect.timeout.ms = null
	sasl.login.read.timeout.ms = null
	sasl.login.refresh.buffer.seconds = 300
	sasl.login.refresh.min.period.seconds = 60
	sasl.login.refresh.window.factor = 0.8
	sasl.login.refresh.window.jitter = 0.05
	sasl.login.retry.backoff.max.ms = 10000
	sasl.login.retry.backoff.ms = 100
	sasl.mechanism = GSSAPI
	sasl.oauthbearer.clock.skew.seconds = 30
	sasl.oauthbearer.expected.audience = null
	sasl.oauthbearer.expected.issuer = null
	sasl.oauthbearer.header.urlencode = false
	sasl.oauthbearer.jwks.endpoint.refresh.ms = 3600000
	sasl.oauthbearer.jwks.endpoint.retry.backoff.max.ms = 10000
	sasl.oauthbearer.jwks.endpoint.retry.backoff.ms = 100
	sasl.oauthbearer.jwks.endpoint.url = null
	sasl.oauthbearer.scope.claim.name = scope
	sasl.oauthbearer.sub.claim.name = sub
	sasl.oauthbearer.token.endpoint.url = null
	security.protocol = PLAINTEXT
	security.providers = null
	send.buffer.bytes = 131072
	socket.connection.setup.timeout.max.ms = 30000
	socket.connection.setup.timeout.ms = 10000
	ssl.cipher.suites = null
	ssl.enabled.protocols = [TLSv1.2, TLSv1.3]
	ssl.endpoint.identification.algorithm = https
	ssl.engine.factory.class = null
	ssl.key.password = null
	ssl.keymanager.algorithm = SunX509
	ssl.keystore.certificate.chain = null
	ssl.keystore.key = null
	ssl.keystore.location = null
	ssl.keystore.password = null
	ssl.keystore.type = JKS
	ssl.protocol = TLSv1.3
	ssl.provider = null
	ssl.secure.random.implementation = null
	ssl.trustmanager.algorithm = PKIX
	ssl.truststore.certificates = null
	ssl.truststore.location = null
	ssl.truststore.password = null
	ssl.truststore.type = JKS
	transaction.timeout.ms = 60000
	transactional.id = null
	value.serializer = class io.apicurio.registry.serde.avro.AvroKafkaSerializer

2025-08-05 18:22:13,818 INFO  [org.apa.kaf.com.tel.int.KafkaMetricsCollector] (main) initializing Kafka metrics collector
2025-08-05 18:22:13,822 INFO  [org.apa.kaf.cli.pro.KafkaProducer] (main) [Producer clientId=Producer-topic-c1841a41_8845_4de6_9f4b_ef2cb1be9fe0] Instantiated an idempotent producer.
2025-08-05 18:22:13,830 INFO  [org.apa.kaf.cli.pro.ProducerConfig] (main) These configurations '[apicurio.registry.find-latest, apicurio.registry.artifact.group-id, apicurio.registry.url, apicurio.registry.artifact-resolver-strategy]' were supplied but are not used yet.
2025-08-05 18:22:13,831 INFO  [org.apa.kaf.com.uti.AppInfoParser] (main) Kafka version: 3.9.1
2025-08-05 18:22:13,831 INFO  [org.apa.kaf.com.uti.AppInfoParser] (main) Kafka commitId: f745dfdcee2b9851
2025-08-05 18:22:13,831 INFO  [org.apa.kaf.com.uti.AppInfoParser] (main) Kafka startTimeMs: 1754418133831
2025-08-05 18:22:13,831 INFO  [io.api.tes.ser.api.SimpleSerdesTesterBuilder$SimpleSerdesTester] (main) Using producer configuration: {apicurio.registry.find-latest=true, apicurio.registry.artifact.group-id=topic-c1841a41_8845_4de6_9f4b_ef2cb1be9fe0, apicurio.registry.url=http://registry-app-inmemory.apps.ci419.apicurio-testing.org:80/apis/registry/v3, apicurio.registry.artifact-resolver-strategy=io.apicurio.registry.serde.strategy.SimpleTopicIdStrategy, value.serializer=io.apicurio.registry.serde.avro.AvroKafkaSerializer, request.timeout.ms=5000, acks=all, bootstrap.servers=PLAINTEXT://localhost:32769, connections.max.idle.ms=10000, key.serializer=org.apache.kafka.common.serialization.StringSerializer, client.id=Producer-topic-c1841a41_8845_4de6_9f4b_ef2cb1be9fe0}
2025-08-05 18:22:13,831 INFO  [io.api.tes.ser.api.SimpleSerdesTesterBuilder$SimpleSerdesTester] (main) Using consumer configuration: {}
2025-08-05 18:22:13,838 INFO  [io.api.tes.ser.api.KafkaSerdesTester] (Thread-606) Sending message {"key11754418132650": "value-0"} to topic topic-c1841a41_8845_4de6_9f4b_ef2cb1be9fe0
2025-08-05 18:22:13,839 INFO  [org.apa.kaf.cli.Metadata] (kafka-producer-network-thread | Producer-topic-c1841a41_8845_4de6_9f4b_ef2cb1be9fe0) [Producer clientId=Producer-topic-c1841a41_8845_4de6_9f4b_ef2cb1be9fe0] Cluster ID: PopyJKdlRzKjlQHMpYFwRA
2025-08-05 18:22:13,842 INFO  [org.apa.kaf.cli.pro.int.TransactionManager] (kafka-producer-network-thread | Producer-topic-c1841a41_8845_4de6_9f4b_ef2cb1be9fe0) [Producer clientId=Producer-topic-c1841a41_8845_4de6_9f4b_ef2cb1be9fe0] ProducerId set to 1 with epoch 0
2025-08-05 18:22:14,160 INFO  [io.api.tes.ser.api.KafkaSerdesTester] (Thread-606) Sending message {"key11754418132650": "value-1"} to topic topic-c1841a41_8845_4de6_9f4b_ef2cb1be9fe0
2025-08-05 18:22:14,162 INFO  [io.api.tes.ser.api.KafkaSerdesTester] (Thread-606) Sending message {"key11754418132650": "value-2"} to topic topic-c1841a41_8845_4de6_9f4b_ef2cb1be9fe0
2025-08-05 18:22:14,164 INFO  [io.api.tes.ser.api.KafkaSerdesTester] (Thread-606) Sending message {"key11754418132650": "value-3"} to topic topic-c1841a41_8845_4de6_9f4b_ef2cb1be9fe0
2025-08-05 18:22:14,167 INFO  [io.api.tes.ser.api.KafkaSerdesTester] (Thread-606) Sending message {"key11754418132650": "value-4"} to topic topic-c1841a41_8845_4de6_9f4b_ef2cb1be9fe0
2025-08-05 18:22:14,170 INFO  [io.api.tes.ser.api.KafkaSerdesTester] (Thread-606) Sending message {"key11754418132650": "value-5"} to topic topic-c1841a41_8845_4de6_9f4b_ef2cb1be9fe0
2025-08-05 18:22:14,172 INFO  [io.api.tes.ser.api.KafkaSerdesTester] (Thread-606) Sending message {"key11754418132650": "value-6"} to topic topic-c1841a41_8845_4de6_9f4b_ef2cb1be9fe0
2025-08-05 18:22:14,176 INFO  [io.api.tes.ser.api.KafkaSerdesTester] (Thread-606) Sending message {"key11754418132650": "value-7"} to topic topic-c1841a41_8845_4de6_9f4b_ef2cb1be9fe0
2025-08-05 18:22:14,178 INFO  [io.api.tes.ser.api.KafkaSerdesTester] (Thread-606) Sending message {"key11754418132650": "value-8"} to topic topic-c1841a41_8845_4de6_9f4b_ef2cb1be9fe0
2025-08-05 18:22:14,181 INFO  [io.api.tes.ser.api.KafkaSerdesTester] (Thread-606) Sending message {"key11754418132650": "value-9"} to topic topic-c1841a41_8845_4de6_9f4b_ef2cb1be9fe0
2025-08-05 18:22:14,183 INFO  [io.api.tes.ser.api.KafkaSerdesTester] (Thread-606) Produced 10 messages
2025-08-05 18:22:14,183 INFO  [org.apa.kaf.cli.pro.KafkaProducer] (Thread-606) [Producer clientId=Producer-topic-c1841a41_8845_4de6_9f4b_ef2cb1be9fe0] Closing the Kafka producer with timeoutMillis = 9223372036854775807 ms.
2025-08-05 18:22:14,188 INFO  [org.apa.kaf.com.met.Metrics] (Thread-606) Metrics scheduler closed
2025-08-05 18:22:14,188 INFO  [org.apa.kaf.com.met.Metrics] (Thread-606) Closing reporter org.apache.kafka.common.metrics.JmxReporter
2025-08-05 18:22:14,189 INFO  [org.apa.kaf.com.met.Metrics] (Thread-606) Closing reporter org.apache.kafka.common.telemetry.internals.ClientTelemetryReporter
2025-08-05 18:22:14,189 INFO  [org.apa.kaf.com.met.Metrics] (Thread-606) Metrics reporters closed
2025-08-05 18:22:14,189 INFO  [org.apa.kaf.com.uti.AppInfoParser] (Thread-606) App info kafka.producer for Producer-topic-c1841a41_8845_4de6_9f4b_ef2cb1be9fe0 unregistered
**** Registry Base URL: http://registry-app-inmemory.apps.ci419.apicurio-testing.org:80
2025-08-05 18:22:14,190 INFO  [org.apa.kaf.cli.con.ConsumerConfig] (main) ConsumerConfig values: 
	allow.auto.create.topics = true
	auto.commit.interval.ms = 500
	auto.include.jmx.reporter = true
	auto.offset.reset = earliest
	bootstrap.servers = [PLAINTEXT://localhost:32769]
	check.crcs = true
	client.dns.lookup = use_all_dns_ips
	client.id = consumer-Consumer-topic-c1841a41_8845_4de6_9f4b_ef2cb1be9fe0-2
	client.rack = 
	connections.max.idle.ms = 10000
	default.api.timeout.ms = 60000
	enable.auto.commit = true
	enable.metrics.push = true
	exclude.internal.topics = true
	fetch.max.bytes = 52428800
	fetch.max.wait.ms = 500
	fetch.min.bytes = 1
	group.id = Consumer-topic-c1841a41_8845_4de6_9f4b_ef2cb1be9fe0
	group.instance.id = null
	group.protocol = classic
	group.remote.assignor = null
	heartbeat.interval.ms = 3000
	interceptor.classes = []
	internal.leave.group.on.close = true
	internal.throw.on.fetch.stable.offset.unsupported = false
	isolation.level = read_uncommitted
	key.deserializer = class org.apache.kafka.common.serialization.StringDeserializer
	max.partition.fetch.bytes = 1048576
	max.poll.interval.ms = 300000
	max.poll.records = 500
	metadata.max.age.ms = 300000
	metadata.recovery.strategy = none
	metric.reporters = []
	metrics.num.samples = 2
	metrics.recording.level = INFO
	metrics.sample.window.ms = 30000
	partition.assignment.strategy = [class org.apache.kafka.clients.consumer.RangeAssignor, class org.apache.kafka.clients.consumer.CooperativeStickyAssignor]
	receive.buffer.bytes = 65536
	reconnect.backoff.max.ms = 1000
	reconnect.backoff.ms = 50
	request.timeout.ms = 5000
	retry.backoff.max.ms = 1000
	retry.backoff.ms = 100
	sasl.client.callback.handler.class = null
	sasl.jaas.config = null
	sasl.kerberos.kinit.cmd = /usr/bin/kinit
	sasl.kerberos.min.time.before.relogin = 60000
	sasl.kerberos.service.name = null
	sasl.kerberos.ticket.renew.jitter = 0.05
	sasl.kerberos.ticket.renew.window.factor = 0.8
	sasl.login.callback.handler.class = null
	sasl.login.class = null
	sasl.login.connect.timeout.ms = null
	sasl.login.read.timeout.ms = null
	sasl.login.refresh.buffer.seconds = 300
	sasl.login.refresh.min.period.seconds = 60
	sasl.login.refresh.window.factor = 0.8
	sasl.login.refresh.window.jitter = 0.05
	sasl.login.retry.backoff.max.ms = 10000
	sasl.login.retry.backoff.ms = 100
	sasl.mechanism = GSSAPI
	sasl.oauthbearer.clock.skew.seconds = 30
	sasl.oauthbearer.expected.audience = null
	sasl.oauthbearer.expected.issuer = null
	sasl.oauthbearer.header.urlencode = false
	sasl.oauthbearer.jwks.endpoint.refresh.ms = 3600000
	sasl.oauthbearer.jwks.endpoint.retry.backoff.max.ms = 10000
	sasl.oauthbearer.jwks.endpoint.retry.backoff.ms = 100
	sasl.oauthbearer.jwks.endpoint.url = null
	sasl.oauthbearer.scope.claim.name = scope
	sasl.oauthbearer.sub.claim.name = sub
	sasl.oauthbearer.token.endpoint.url = null
	security.protocol = PLAINTEXT
	security.providers = null
	send.buffer.bytes = 131072
	session.timeout.ms = 45000
	socket.connection.setup.timeout.max.ms = 30000
	socket.connection.setup.timeout.ms = 10000
	ssl.cipher.suites = null
	ssl.enabled.protocols = [TLSv1.2, TLSv1.3]
	ssl.endpoint.identification.algorithm = https
	ssl.engine.factory.class = null
	ssl.key.password = null
	ssl.keymanager.algorithm = SunX509
	ssl.keystore.certificate.chain = null
	ssl.keystore.key = null
	ssl.keystore.location = null
	ssl.keystore.password = null
	ssl.keystore.type = JKS
	ssl.protocol = TLSv1.3
	ssl.provider = null
	ssl.secure.random.implementation = null
	ssl.trustmanager.algorithm = PKIX
	ssl.truststore.certificates = null
	ssl.truststore.location = null
	ssl.truststore.password = null
	ssl.truststore.type = JKS
	value.deserializer = class io.apicurio.registry.serde.avro.AvroKafkaDeserializer

2025-08-05 18:22:14,190 INFO  [org.apa.kaf.com.tel.int.KafkaMetricsCollector] (main) initializing Kafka metrics collector
2025-08-05 18:22:14,205 INFO  [org.apa.kaf.cli.con.ConsumerConfig] (main) These configurations '[apicurio.registry.url]' were supplied but are not used yet.
2025-08-05 18:22:14,206 INFO  [org.apa.kaf.com.uti.AppInfoParser] (main) Kafka version: 3.9.1
2025-08-05 18:22:14,206 INFO  [org.apa.kaf.com.uti.AppInfoParser] (main) Kafka commitId: f745dfdcee2b9851
2025-08-05 18:22:14,206 INFO  [org.apa.kaf.com.uti.AppInfoParser] (main) Kafka startTimeMs: 1754418134206
2025-08-05 18:22:14,206 INFO  [org.apa.kaf.cli.con.int.ClassicKafkaConsumer] (Thread-609) [Consumer clientId=consumer-Consumer-topic-c1841a41_8845_4de6_9f4b_ef2cb1be9fe0-2, groupId=Consumer-topic-c1841a41_8845_4de6_9f4b_ef2cb1be9fe0] Subscribed to topic(s): topic-c1841a41_8845_4de6_9f4b_ef2cb1be9fe0
2025-08-05 18:22:14,214 INFO  [org.apa.kaf.cli.Metadata] (Thread-609) [Consumer clientId=consumer-Consumer-topic-c1841a41_8845_4de6_9f4b_ef2cb1be9fe0-2, groupId=Consumer-topic-c1841a41_8845_4de6_9f4b_ef2cb1be9fe0] Cluster ID: PopyJKdlRzKjlQHMpYFwRA
2025-08-05 18:22:14,216 INFO  [org.apa.kaf.cli.con.int.ConsumerCoordinator] (Thread-609) [Consumer clientId=consumer-Consumer-topic-c1841a41_8845_4de6_9f4b_ef2cb1be9fe0-2, groupId=Consumer-topic-c1841a41_8845_4de6_9f4b_ef2cb1be9fe0] Discovered group coordinator localhost:32769 (id: 2147483647 rack: null)
2025-08-05 18:22:14,222 INFO  [org.apa.kaf.cli.con.int.ConsumerCoordinator] (Thread-609) [Consumer clientId=consumer-Consumer-topic-c1841a41_8845_4de6_9f4b_ef2cb1be9fe0-2, groupId=Consumer-topic-c1841a41_8845_4de6_9f4b_ef2cb1be9fe0] (Re-)joining group
2025-08-05 18:22:14,227 INFO  [org.apa.kaf.cli.con.int.ConsumerCoordinator] (Thread-609) [Consumer clientId=consumer-Consumer-topic-c1841a41_8845_4de6_9f4b_ef2cb1be9fe0-2, groupId=Consumer-topic-c1841a41_8845_4de6_9f4b_ef2cb1be9fe0] Request joining group due to: need to re-join with the given member-id: consumer-Consumer-topic-c1841a41_8845_4de6_9f4b_ef2cb1be9fe0-2-8a2198d1-3582-4dfb-aa9d-b1463e61c37b
2025-08-05 18:22:14,227 INFO  [org.apa.kaf.cli.con.int.ConsumerCoordinator] (Thread-609) [Consumer clientId=consumer-Consumer-topic-c1841a41_8845_4de6_9f4b_ef2cb1be9fe0-2, groupId=Consumer-topic-c1841a41_8845_4de6_9f4b_ef2cb1be9fe0] (Re-)joining group
2025-08-05 18:22:15,206 INFO  [io.api.tes.ser.api.KafkaSerdesTester] (Thread-609) None found
2025-08-05 18:22:16,207 INFO  [io.api.tes.ser.api.KafkaSerdesTester] (Thread-609) None found
2025-08-05 18:22:17,208 INFO  [io.api.tes.ser.api.KafkaSerdesTester] (Thread-609) None found
2025-08-05 18:22:17,231 INFO  [org.apa.kaf.cli.con.int.ConsumerCoordinator] (Thread-609) [Consumer clientId=consumer-Consumer-topic-c1841a41_8845_4de6_9f4b_ef2cb1be9fe0-2, groupId=Consumer-topic-c1841a41_8845_4de6_9f4b_ef2cb1be9fe0] Successfully joined group with generation Generation{generationId=1, memberId='consumer-Consumer-topic-c1841a41_8845_4de6_9f4b_ef2cb1be9fe0-2-8a2198d1-3582-4dfb-aa9d-b1463e61c37b', protocol='range'}
2025-08-05 18:22:17,231 INFO  [org.apa.kaf.cli.con.int.ConsumerCoordinator] (Thread-609) [Consumer clientId=consumer-Consumer-topic-c1841a41_8845_4de6_9f4b_ef2cb1be9fe0-2, groupId=Consumer-topic-c1841a41_8845_4de6_9f4b_ef2cb1be9fe0] Finished assignment for group at generation 1: {consumer-Consumer-topic-c1841a41_8845_4de6_9f4b_ef2cb1be9fe0-2-8a2198d1-3582-4dfb-aa9d-b1463e61c37b=Assignment(partitions=[topic-c1841a41_8845_4de6_9f4b_ef2cb1be9fe0-0])}
2025-08-05 18:22:17,239 INFO  [org.apa.kaf.cli.con.int.ConsumerCoordinator] (Thread-609) [Consumer clientId=consumer-Consumer-topic-c1841a41_8845_4de6_9f4b_ef2cb1be9fe0-2, groupId=Consumer-topic-c1841a41_8845_4de6_9f4b_ef2cb1be9fe0] Successfully synced group in generation Generation{generationId=1, memberId='consumer-Consumer-topic-c1841a41_8845_4de6_9f4b_ef2cb1be9fe0-2-8a2198d1-3582-4dfb-aa9d-b1463e61c37b', protocol='range'}
2025-08-05 18:22:17,239 INFO  [org.apa.kaf.cli.con.int.ConsumerCoordinator] (Thread-609) [Consumer clientId=consumer-Consumer-topic-c1841a41_8845_4de6_9f4b_ef2cb1be9fe0-2, groupId=Consumer-topic-c1841a41_8845_4de6_9f4b_ef2cb1be9fe0] Notifying assignor about the new Assignment(partitions=[topic-c1841a41_8845_4de6_9f4b_ef2cb1be9fe0-0])
2025-08-05 18:22:17,239 INFO  [org.apa.kaf.cli.con.int.ConsumerRebalanceListenerInvoker] (Thread-609) [Consumer clientId=consumer-Consumer-topic-c1841a41_8845_4de6_9f4b_ef2cb1be9fe0-2, groupId=Consumer-topic-c1841a41_8845_4de6_9f4b_ef2cb1be9fe0] Adding newly assigned partitions: topic-c1841a41_8845_4de6_9f4b_ef2cb1be9fe0-0
2025-08-05 18:22:17,241 INFO  [org.apa.kaf.cli.con.int.ConsumerCoordinator] (Thread-609) [Consumer clientId=consumer-Consumer-topic-c1841a41_8845_4de6_9f4b_ef2cb1be9fe0-2, groupId=Consumer-topic-c1841a41_8845_4de6_9f4b_ef2cb1be9fe0] Found no committed offset for partition topic-c1841a41_8845_4de6_9f4b_ef2cb1be9fe0-0
2025-08-05 18:22:17,246 INFO  [org.apa.kaf.cli.con.int.SubscriptionState] (Thread-609) [Consumer clientId=consumer-Consumer-topic-c1841a41_8845_4de6_9f4b_ef2cb1be9fe0-2, groupId=Consumer-topic-c1841a41_8845_4de6_9f4b_ef2cb1be9fe0] Resetting offset for partition topic-c1841a41_8845_4de6_9f4b_ef2cb1be9fe0-0 to position FetchPosition{offset=0, offsetEpoch=Optional.empty, currentLeader=LeaderAndEpoch{leader=Optional[localhost:32769 (id: 0 rack: null)], epoch=0}}.
2025-08-05 18:22:17,495 INFO  [io.api.tes.ser.api.KafkaSerdesTester] (Thread-609) topic-c1841a41_8845_4de6_9f4b_ef2cb1be9fe0 0 0 {"key11754418132650": "value-0"}
2025-08-05 18:22:17,496 INFO  [io.api.tes.ser.api.KafkaSerdesTester] (Thread-609) topic-c1841a41_8845_4de6_9f4b_ef2cb1be9fe0 0 1 {"key11754418132650": "value-1"}
2025-08-05 18:22:17,496 INFO  [io.api.tes.ser.api.KafkaSerdesTester] (Thread-609) topic-c1841a41_8845_4de6_9f4b_ef2cb1be9fe0 0 2 {"key11754418132650": "value-2"}
2025-08-05 18:22:17,496 INFO  [io.api.tes.ser.api.KafkaSerdesTester] (Thread-609) topic-c1841a41_8845_4de6_9f4b_ef2cb1be9fe0 0 3 {"key11754418132650": "value-3"}
2025-08-05 18:22:17,496 INFO  [io.api.tes.ser.api.KafkaSerdesTester] (Thread-609) topic-c1841a41_8845_4de6_9f4b_ef2cb1be9fe0 0 4 {"key11754418132650": "value-4"}
2025-08-05 18:22:17,496 INFO  [io.api.tes.ser.api.KafkaSerdesTester] (Thread-609) topic-c1841a41_8845_4de6_9f4b_ef2cb1be9fe0 0 5 {"key11754418132650": "value-5"}
2025-08-05 18:22:17,496 INFO  [io.api.tes.ser.api.KafkaSerdesTester] (Thread-609) topic-c1841a41_8845_4de6_9f4b_ef2cb1be9fe0 0 6 {"key11754418132650": "value-6"}
2025-08-05 18:22:17,496 INFO  [io.api.tes.ser.api.KafkaSerdesTester] (Thread-609) topic-c1841a41_8845_4de6_9f4b_ef2cb1be9fe0 0 7 {"key11754418132650": "value-7"}
2025-08-05 18:22:17,496 INFO  [io.api.tes.ser.api.KafkaSerdesTester] (Thread-609) topic-c1841a41_8845_4de6_9f4b_ef2cb1be9fe0 0 8 {"key11754418132650": "value-8"}
2025-08-05 18:22:17,496 INFO  [io.api.tes.ser.api.KafkaSerdesTester] (Thread-609) topic-c1841a41_8845_4de6_9f4b_ef2cb1be9fe0 0 9 {"key11754418132650": "value-9"}
2025-08-05 18:22:17,496 INFO  [io.api.tes.ser.api.KafkaSerdesTester] (Thread-609) Consumed 10 messages
2025-08-05 18:22:17,505 INFO  [org.apa.kaf.cli.con.int.ConsumerRebalanceListenerInvoker] (Thread-609) [Consumer clientId=consumer-Consumer-topic-c1841a41_8845_4de6_9f4b_ef2cb1be9fe0-2, groupId=Consumer-topic-c1841a41_8845_4de6_9f4b_ef2cb1be9fe0] Revoke previously assigned partitions topic-c1841a41_8845_4de6_9f4b_ef2cb1be9fe0-0
2025-08-05 18:22:17,506 INFO  [org.apa.kaf.cli.con.int.ConsumerCoordinator] (Thread-609) [Consumer clientId=consumer-Consumer-topic-c1841a41_8845_4de6_9f4b_ef2cb1be9fe0-2, groupId=Consumer-topic-c1841a41_8845_4de6_9f4b_ef2cb1be9fe0] Member consumer-Consumer-topic-c1841a41_8845_4de6_9f4b_ef2cb1be9fe0-2-8a2198d1-3582-4dfb-aa9d-b1463e61c37b sending LeaveGroup request to coordinator localhost:32769 (id: 2147483647 rack: null) due to the consumer is being closed
2025-08-05 18:22:17,506 INFO  [org.apa.kaf.cli.con.int.ConsumerCoordinator] (Thread-609) [Consumer clientId=consumer-Consumer-topic-c1841a41_8845_4de6_9f4b_ef2cb1be9fe0-2, groupId=Consumer-topic-c1841a41_8845_4de6_9f4b_ef2cb1be9fe0] Resetting generation and member id due to: consumer pro-actively leaving the group
2025-08-05 18:22:17,506 INFO  [org.apa.kaf.cli.con.int.ConsumerCoordinator] (Thread-609) [Consumer clientId=consumer-Consumer-topic-c1841a41_8845_4de6_9f4b_ef2cb1be9fe0-2, groupId=Consumer-topic-c1841a41_8845_4de6_9f4b_ef2cb1be9fe0] Request joining group due to: consumer pro-actively leaving the group
2025-08-05 18:22:18,003 INFO  [org.apa.kaf.com.met.Metrics] (Thread-609) Metrics scheduler closed
2025-08-05 18:22:18,003 INFO  [org.apa.kaf.com.met.Metrics] (Thread-609) Closing reporter org.apache.kafka.common.metrics.JmxReporter
2025-08-05 18:22:18,003 INFO  [org.apa.kaf.com.met.Metrics] (Thread-609) Closing reporter org.apache.kafka.common.telemetry.internals.ClientTelemetryReporter
2025-08-05 18:22:18,003 INFO  [org.apa.kaf.com.met.Metrics] (Thread-609) Metrics reporters closed
2025-08-05 18:22:18,008 INFO  [org.apa.kaf.com.uti.AppInfoParser] (Thread-609) App info kafka.consumer for consumer-Consumer-topic-c1841a41_8845_4de6_9f4b_ef2cb1be9fe0-2 unregistered
2025-08-05 18:22:18,010 INFO  [io.api.tes.uti.TestSeparator] (main) io.apicurio.tests.serdes.apicurio.AvroSerdeIT.testSimpleTopicIdStrategyFindLatest-FINISHED
2025-08-05 18:22:18,010 INFO  [io.api.tes.uti.TestSeparator] (main) ############################################################################
Test passed: testSimpleTopicIdStrategyFindLatest
]]></system-out>
  </testcase>
  <testcase name="testWrongSchema" classname="io.apicurio.tests.serdes.apicurio.AvroSerdeIT" time="1.374">
    <system-out><![CDATA[2025-08-05 18:22:18,012 INFO  [io.api.tes.uti.TestSeparator] (main) ############################################################################
2025-08-05 18:22:18,012 INFO  [io.api.tes.uti.TestSeparator] (main) io.apicurio.tests.serdes.apicurio.AvroSerdeIT.testWrongSchema-STARTED
**** Registry Base URL: http://registry-app-inmemory.apps.ci419.apicurio-testing.org:80
2025-08-05 18:22:19,186 INFO  [org.apa.kaf.cli.pro.ProducerConfig] (main) ProducerConfig values: 
	acks = -1
	auto.include.jmx.reporter = true
	batch.size = 16384
	bootstrap.servers = [PLAINTEXT://localhost:32769]
	buffer.memory = 33554432
	client.dns.lookup = use_all_dns_ips
	client.id = Producer-sc1d349a0x6eaex4d1dx8a81x9841f082603c
	compression.gzip.level = -1
	compression.lz4.level = 9
	compression.type = none
	compression.zstd.level = 3
	connections.max.idle.ms = 10000
	delivery.timeout.ms = 120000
	enable.idempotence = true
	enable.metrics.push = true
	interceptor.classes = []
	key.serializer = class org.apache.kafka.common.serialization.StringSerializer
	linger.ms = 0
	max.block.ms = 60000
	max.in.flight.requests.per.connection = 5
	max.request.size = 1048576
	metadata.max.age.ms = 300000
	metadata.max.idle.ms = 300000
	metadata.recovery.strategy = none
	metric.reporters = []
	metrics.num.samples = 2
	metrics.recording.level = INFO
	metrics.sample.window.ms = 30000
	partitioner.adaptive.partitioning.enable = true
	partitioner.availability.timeout.ms = 0
	partitioner.class = null
	partitioner.ignore.keys = false
	receive.buffer.bytes = 32768
	reconnect.backoff.max.ms = 1000
	reconnect.backoff.ms = 50
	request.timeout.ms = 5000
	retries = 2147483647
	retry.backoff.max.ms = 1000
	retry.backoff.ms = 100
	sasl.client.callback.handler.class = null
	sasl.jaas.config = null
	sasl.kerberos.kinit.cmd = /usr/bin/kinit
	sasl.kerberos.min.time.before.relogin = 60000
	sasl.kerberos.service.name = null
	sasl.kerberos.ticket.renew.jitter = 0.05
	sasl.kerberos.ticket.renew.window.factor = 0.8
	sasl.login.callback.handler.class = null
	sasl.login.class = null
	sasl.login.connect.timeout.ms = null
	sasl.login.read.timeout.ms = null
	sasl.login.refresh.buffer.seconds = 300
	sasl.login.refresh.min.period.seconds = 60
	sasl.login.refresh.window.factor = 0.8
	sasl.login.refresh.window.jitter = 0.05
	sasl.login.retry.backoff.max.ms = 10000
	sasl.login.retry.backoff.ms = 100
	sasl.mechanism = GSSAPI
	sasl.oauthbearer.clock.skew.seconds = 30
	sasl.oauthbearer.expected.audience = null
	sasl.oauthbearer.expected.issuer = null
	sasl.oauthbearer.header.urlencode = false
	sasl.oauthbearer.jwks.endpoint.refresh.ms = 3600000
	sasl.oauthbearer.jwks.endpoint.retry.backoff.max.ms = 10000
	sasl.oauthbearer.jwks.endpoint.retry.backoff.ms = 100
	sasl.oauthbearer.jwks.endpoint.url = null
	sasl.oauthbearer.scope.claim.name = scope
	sasl.oauthbearer.sub.claim.name = sub
	sasl.oauthbearer.token.endpoint.url = null
	security.protocol = PLAINTEXT
	security.providers = null
	send.buffer.bytes = 131072
	socket.connection.setup.timeout.max.ms = 30000
	socket.connection.setup.timeout.ms = 10000
	ssl.cipher.suites = null
	ssl.enabled.protocols = [TLSv1.2, TLSv1.3]
	ssl.endpoint.identification.algorithm = https
	ssl.engine.factory.class = null
	ssl.key.password = null
	ssl.keymanager.algorithm = SunX509
	ssl.keystore.certificate.chain = null
	ssl.keystore.key = null
	ssl.keystore.location = null
	ssl.keystore.password = null
	ssl.keystore.type = JKS
	ssl.protocol = TLSv1.3
	ssl.provider = null
	ssl.secure.random.implementation = null
	ssl.trustmanager.algorithm = PKIX
	ssl.truststore.certificates = null
	ssl.truststore.location = null
	ssl.truststore.password = null
	ssl.truststore.type = JKS
	transaction.timeout.ms = 60000
	transactional.id = null
	value.serializer = class io.apicurio.registry.serde.avro.AvroKafkaSerializer

2025-08-05 18:22:19,187 INFO  [org.apa.kaf.com.tel.int.KafkaMetricsCollector] (main) initializing Kafka metrics collector
2025-08-05 18:22:19,191 INFO  [org.apa.kaf.cli.pro.KafkaProducer] (main) [Producer clientId=Producer-sc1d349a0x6eaex4d1dx8a81x9841f082603c] Instantiated an idempotent producer.
2025-08-05 18:22:19,194 INFO  [org.apa.kaf.cli.pro.ProducerConfig] (main) These configurations '[apicurio.registry.find-latest, apicurio.registry.url, apicurio.registry.artifact-resolver-strategy]' were supplied but are not used yet.
2025-08-05 18:22:19,195 INFO  [org.apa.kaf.com.uti.AppInfoParser] (main) Kafka version: 3.9.1
2025-08-05 18:22:19,195 INFO  [org.apa.kaf.com.uti.AppInfoParser] (main) Kafka commitId: f745dfdcee2b9851
2025-08-05 18:22:19,195 INFO  [org.apa.kaf.com.uti.AppInfoParser] (main) Kafka startTimeMs: 1754418139194
2025-08-05 18:22:19,198 INFO  [io.api.tes.ser.api.KafkaSerdesTester] (Thread-612) Sending message {"keyB": "value-0"} to topic sc1d349a0x6eaex4d1dx8a81x9841f082603c
2025-08-05 18:22:19,204 INFO  [org.apa.kaf.cli.Metadata] (kafka-producer-network-thread | Producer-sc1d349a0x6eaex4d1dx8a81x9841f082603c) [Producer clientId=Producer-sc1d349a0x6eaex4d1dx8a81x9841f082603c] Cluster ID: PopyJKdlRzKjlQHMpYFwRA
2025-08-05 18:22:19,206 INFO  [org.apa.kaf.cli.pro.int.TransactionManager] (kafka-producer-network-thread | Producer-sc1d349a0x6eaex4d1dx8a81x9841f082603c) [Producer clientId=Producer-sc1d349a0x6eaex4d1dx8a81x9841f082603c] ProducerId set to 2 with epoch 0
2025-08-05 18:22:19,381 INFO  [org.apa.kaf.cli.pro.KafkaProducer] (Thread-612) [Producer clientId=Producer-sc1d349a0x6eaex4d1dx8a81x9841f082603c] Closing the Kafka producer with timeoutMillis = 9223372036854775807 ms.
2025-08-05 18:22:19,384 INFO  [org.apa.kaf.com.met.Metrics] (Thread-612) Metrics scheduler closed
2025-08-05 18:22:19,384 INFO  [org.apa.kaf.com.met.Metrics] (Thread-612) Closing reporter org.apache.kafka.common.metrics.JmxReporter
2025-08-05 18:22:19,384 INFO  [org.apa.kaf.com.met.Metrics] (Thread-612) Closing reporter org.apache.kafka.common.telemetry.internals.ClientTelemetryReporter
2025-08-05 18:22:19,384 INFO  [org.apa.kaf.com.met.Metrics] (Thread-612) Metrics reporters closed
2025-08-05 18:22:19,385 INFO  [org.apa.kaf.com.uti.AppInfoParser] (Thread-612) App info kafka.producer for Producer-sc1d349a0x6eaex4d1dx8a81x9841f082603c unregistered
2025-08-05 18:22:19,385 INFO  [io.api.tes.uti.TestSeparator] (main) io.apicurio.tests.serdes.apicurio.AvroSerdeIT.testWrongSchema-FINISHED
2025-08-05 18:22:19,385 INFO  [io.api.tes.uti.TestSeparator] (main) ############################################################################
Test passed: testWrongSchema
]]></system-out>
    <system-err><![CDATA[io.apicurio.registry.rest.client.models.ProblemDetails
	at io.apicurio.registry.rest.client.models.ProblemDetails.createFromDiscriminatorValue(ProblemDetails.java:58)
	at io.kiota.serialization.json.JsonParseNode.getObjectValue(JsonParseNode.java:247)
	at io.kiota.http.vertx.VertXRequestAdapter.lambda$throwIfFailedResponse$0(VertXRequestAdapter.java:400)
	at com.microsoft.kiota.ApiExceptionBuilder.<init>(ApiExceptionBuilder.java:26)
	at io.kiota.http.vertx.VertXRequestAdapter.throwIfFailedResponse(VertXRequestAdapter.java:399)
	at io.kiota.http.vertx.VertXRequestAdapter.send(VertXRequestAdapter.java:170)
	at io.apicurio.registry.rest.client.groups.item.artifacts.item.versions.item.WithVersionExpressionItemRequestBuilder.get(WithVersionExpressionItemRequestBuilder.java:128)
	at io.apicurio.registry.rest.client.groups.item.artifacts.item.versions.item.WithVersionExpressionItemRequestBuilder.get(WithVersionExpressionItemRequestBuilder.java:111)
	at io.apicurio.registry.resolver.client.RegistryClientFacadeImpl.getVersionCoordinatesByGAV(RegistryClientFacadeImpl.java:159)
	at io.apicurio.registry.resolver.DefaultSchemaResolver.resolveByCoordinates(DefaultSchemaResolver.java:352)
	at io.apicurio.registry.resolver.DefaultSchemaResolver.lambda$resolveSchemaByArtifactReferenceCached$6(DefaultSchemaResolver.java:340)
	at io.apicurio.registry.resolver.cache.ERCache.lambda$getValue$0(ERCache.java:174)
	at io.apicurio.registry.resolver.cache.ERCache.retry(ERCache.java:227)
	at io.apicurio.registry.resolver.cache.ERCache.getValue(ERCache.java:173)
	at io.apicurio.registry.resolver.cache.ERCache.getByArtifactCoordinates(ERCache.java:158)
	at io.apicurio.registry.resolver.DefaultSchemaResolver.resolveSchemaByArtifactReferenceCached(DefaultSchemaResolver.java:338)
	at io.apicurio.registry.resolver.DefaultSchemaResolver.resolveSchemaByCoordinates(DefaultSchemaResolver.java:193)
	at io.apicurio.registry.resolver.DefaultSchemaResolver.getSchemaFromRegistry(DefaultSchemaResolver.java:130)
	at io.apicurio.registry.resolver.DefaultSchemaResolver.lambda$resolveSchema$0(DefaultSchemaResolver.java:84)
	at java.base/java.util.Optional.orElseGet(Optional.java:364)
	at io.apicurio.registry.resolver.DefaultSchemaResolver.resolveSchema(DefaultSchemaResolver.java:84)
	at io.apicurio.registry.serde.AbstractSerializer.serializeData(AbstractSerializer.java:62)
	at io.apicurio.registry.serde.KafkaSerializer.serialize(KafkaSerializer.java:77)
	at org.apache.kafka.clients.producer.KafkaProducer.doSend(KafkaProducer.java:1046)
	at org.apache.kafka.clients.producer.KafkaProducer.send(KafkaProducer.java:993)
	at org.apache.kafka.clients.producer.KafkaProducer.send(KafkaProducer.java:875)
	at io.apicurio.tests.serdes.apicurio.KafkaSerdesTester.lambda$produceMessages$3(KafkaSerdesTester.java:138)
	at java.base/java.util.concurrent.CompletableFuture$AsyncSupply.run(CompletableFuture.java:1768)
	at java.base/java.lang.Thread.run(Thread.java:840)
]]></system-err>
  </testcase>
  <testcase name="testAvroJSON" classname="io.apicurio.tests.serdes.apicurio.AvroSerdeIT" time="4.304">
    <system-out><![CDATA[2025-08-05 18:22:19,389 INFO  [io.api.tes.uti.TestSeparator] (main) ############################################################################
2025-08-05 18:22:19,389 INFO  [io.api.tes.uti.TestSeparator] (main) io.apicurio.tests.serdes.apicurio.AvroSerdeIT.testAvroJSON-STARTED
**** Registry Base URL: http://registry-app-inmemory.apps.ci419.apicurio-testing.org:80
2025-08-05 18:22:19,395 INFO  [org.apa.kaf.cli.pro.ProducerConfig] (main) ProducerConfig values: 
	acks = -1
	auto.include.jmx.reporter = true
	batch.size = 16384
	bootstrap.servers = [PLAINTEXT://localhost:32769]
	buffer.memory = 33554432
	client.dns.lookup = use_all_dns_ips
	client.id = Producer-topic-406ec644_64fd_4f45_830a_27cb458d6f7e
	compression.gzip.level = -1
	compression.lz4.level = 9
	compression.type = none
	compression.zstd.level = 3
	connections.max.idle.ms = 10000
	delivery.timeout.ms = 120000
	enable.idempotence = true
	enable.metrics.push = true
	interceptor.classes = []
	key.serializer = class org.apache.kafka.common.serialization.StringSerializer
	linger.ms = 0
	max.block.ms = 60000
	max.in.flight.requests.per.connection = 5
	max.request.size = 1048576
	metadata.max.age.ms = 300000
	metadata.max.idle.ms = 300000
	metadata.recovery.strategy = none
	metric.reporters = []
	metrics.num.samples = 2
	metrics.recording.level = INFO
	metrics.sample.window.ms = 30000
	partitioner.adaptive.partitioning.enable = true
	partitioner.availability.timeout.ms = 0
	partitioner.class = null
	partitioner.ignore.keys = false
	receive.buffer.bytes = 32768
	reconnect.backoff.max.ms = 1000
	reconnect.backoff.ms = 50
	request.timeout.ms = 5000
	retries = 2147483647
	retry.backoff.max.ms = 1000
	retry.backoff.ms = 100
	sasl.client.callback.handler.class = null
	sasl.jaas.config = null
	sasl.kerberos.kinit.cmd = /usr/bin/kinit
	sasl.kerberos.min.time.before.relogin = 60000
	sasl.kerberos.service.name = null
	sasl.kerberos.ticket.renew.jitter = 0.05
	sasl.kerberos.ticket.renew.window.factor = 0.8
	sasl.login.callback.handler.class = null
	sasl.login.class = null
	sasl.login.connect.timeout.ms = null
	sasl.login.read.timeout.ms = null
	sasl.login.refresh.buffer.seconds = 300
	sasl.login.refresh.min.period.seconds = 60
	sasl.login.refresh.window.factor = 0.8
	sasl.login.refresh.window.jitter = 0.05
	sasl.login.retry.backoff.max.ms = 10000
	sasl.login.retry.backoff.ms = 100
	sasl.mechanism = GSSAPI
	sasl.oauthbearer.clock.skew.seconds = 30
	sasl.oauthbearer.expected.audience = null
	sasl.oauthbearer.expected.issuer = null
	sasl.oauthbearer.header.urlencode = false
	sasl.oauthbearer.jwks.endpoint.refresh.ms = 3600000
	sasl.oauthbearer.jwks.endpoint.retry.backoff.max.ms = 10000
	sasl.oauthbearer.jwks.endpoint.retry.backoff.ms = 100
	sasl.oauthbearer.jwks.endpoint.url = null
	sasl.oauthbearer.scope.claim.name = scope
	sasl.oauthbearer.sub.claim.name = sub
	sasl.oauthbearer.token.endpoint.url = null
	security.protocol = PLAINTEXT
	security.providers = null
	send.buffer.bytes = 131072
	socket.connection.setup.timeout.max.ms = 30000
	socket.connection.setup.timeout.ms = 10000
	ssl.cipher.suites = null
	ssl.enabled.protocols = [TLSv1.2, TLSv1.3]
	ssl.endpoint.identification.algorithm = https
	ssl.engine.factory.class = null
	ssl.key.password = null
	ssl.keymanager.algorithm = SunX509
	ssl.keystore.certificate.chain = null
	ssl.keystore.key = null
	ssl.keystore.location = null
	ssl.keystore.password = null
	ssl.keystore.type = JKS
	ssl.protocol = TLSv1.3
	ssl.provider = null
	ssl.secure.random.implementation = null
	ssl.trustmanager.algorithm = PKIX
	ssl.truststore.certificates = null
	ssl.truststore.location = null
	ssl.truststore.password = null
	ssl.truststore.type = JKS
	transaction.timeout.ms = 60000
	transactional.id = null
	value.serializer = class io.apicurio.registry.serde.avro.AvroKafkaSerializer

2025-08-05 18:22:19,396 INFO  [org.apa.kaf.com.tel.int.KafkaMetricsCollector] (main) initializing Kafka metrics collector
2025-08-05 18:22:19,413 INFO  [org.apa.kaf.cli.pro.KafkaProducer] (main) [Producer clientId=Producer-topic-406ec644_64fd_4f45_830a_27cb458d6f7e] Instantiated an idempotent producer.
2025-08-05 18:22:19,418 INFO  [org.apa.kaf.cli.pro.ProducerConfig] (main) These configurations '[apicurio.registry.avro.encoding, apicurio.registry.url, apicurio.registry.auto-register, apicurio.registry.artifact-resolver-strategy]' were supplied but are not used yet.
2025-08-05 18:22:19,418 INFO  [org.apa.kaf.com.uti.AppInfoParser] (main) Kafka version: 3.9.1
2025-08-05 18:22:19,418 INFO  [org.apa.kaf.com.uti.AppInfoParser] (main) Kafka commitId: f745dfdcee2b9851
2025-08-05 18:22:19,418 INFO  [org.apa.kaf.com.uti.AppInfoParser] (main) Kafka startTimeMs: 1754418139418
2025-08-05 18:22:19,419 INFO  [io.api.tes.ser.api.SimpleSerdesTesterBuilder$SimpleSerdesTester] (main) Using producer configuration: {apicurio.registry.avro.encoding=JSON, apicurio.registry.url=http://registry-app-inmemory.apps.ci419.apicurio-testing.org:80/apis/registry/v3, apicurio.registry.auto-register=true, apicurio.registry.artifact-resolver-strategy=io.apicurio.registry.serde.strategy.TopicIdStrategy, value.serializer=io.apicurio.registry.serde.avro.AvroKafkaSerializer, request.timeout.ms=5000, acks=all, bootstrap.servers=PLAINTEXT://localhost:32769, connections.max.idle.ms=10000, key.serializer=org.apache.kafka.common.serialization.StringSerializer, client.id=Producer-topic-406ec644_64fd_4f45_830a_27cb458d6f7e}
2025-08-05 18:22:19,419 INFO  [io.api.tes.ser.api.SimpleSerdesTesterBuilder$SimpleSerdesTester] (main) Using consumer configuration: {apicurio.registry.avro.encoding=JSON}
2025-08-05 18:22:19,422 INFO  [io.api.tes.ser.api.KafkaSerdesTester] (Thread-615) Sending message {"bar": "value-0"} to topic topic-406ec644_64fd_4f45_830a_27cb458d6f7e
2025-08-05 18:22:19,429 WARN  [org.apa.kaf.cli.NetworkClient] (kafka-producer-network-thread | Producer-topic-406ec644_64fd_4f45_830a_27cb458d6f7e) [Producer clientId=Producer-topic-406ec644_64fd_4f45_830a_27cb458d6f7e] The metadata response from the cluster reported a recoverable issue with correlation id 1 : {topic-406ec644_64fd_4f45_830a_27cb458d6f7e=UNKNOWN_TOPIC_OR_PARTITION}
2025-08-05 18:22:19,429 INFO  [org.apa.kaf.cli.Metadata] (kafka-producer-network-thread | Producer-topic-406ec644_64fd_4f45_830a_27cb458d6f7e) [Producer clientId=Producer-topic-406ec644_64fd_4f45_830a_27cb458d6f7e] Cluster ID: PopyJKdlRzKjlQHMpYFwRA
2025-08-05 18:22:19,431 INFO  [org.apa.kaf.cli.pro.int.TransactionManager] (kafka-producer-network-thread | Producer-topic-406ec644_64fd_4f45_830a_27cb458d6f7e) [Producer clientId=Producer-topic-406ec644_64fd_4f45_830a_27cb458d6f7e] ProducerId set to 3 with epoch 0
2025-08-05 18:22:19,718 INFO  [io.api.tes.ser.api.KafkaSerdesTester] (Thread-615) Sending message {"bar": "value-1"} to topic topic-406ec644_64fd_4f45_830a_27cb458d6f7e
2025-08-05 18:22:19,720 INFO  [io.api.tes.ser.api.KafkaSerdesTester] (Thread-615) Sending message {"bar": "value-2"} to topic topic-406ec644_64fd_4f45_830a_27cb458d6f7e
2025-08-05 18:22:19,722 INFO  [io.api.tes.ser.api.KafkaSerdesTester] (Thread-615) Sending message {"bar": "value-3"} to topic topic-406ec644_64fd_4f45_830a_27cb458d6f7e
2025-08-05 18:22:19,726 INFO  [io.api.tes.ser.api.KafkaSerdesTester] (Thread-615) Sending message {"bar": "value-4"} to topic topic-406ec644_64fd_4f45_830a_27cb458d6f7e
2025-08-05 18:22:19,729 INFO  [io.api.tes.ser.api.KafkaSerdesTester] (Thread-615) Sending message {"bar": "value-5"} to topic topic-406ec644_64fd_4f45_830a_27cb458d6f7e
2025-08-05 18:22:19,733 INFO  [io.api.tes.ser.api.KafkaSerdesTester] (Thread-615) Sending message {"bar": "value-6"} to topic topic-406ec644_64fd_4f45_830a_27cb458d6f7e
2025-08-05 18:22:19,736 INFO  [io.api.tes.ser.api.KafkaSerdesTester] (Thread-615) Sending message {"bar": "value-7"} to topic topic-406ec644_64fd_4f45_830a_27cb458d6f7e
2025-08-05 18:22:19,741 INFO  [io.api.tes.ser.api.KafkaSerdesTester] (Thread-615) Sending message {"bar": "value-8"} to topic topic-406ec644_64fd_4f45_830a_27cb458d6f7e
2025-08-05 18:22:19,744 INFO  [io.api.tes.ser.api.KafkaSerdesTester] (Thread-615) Sending message {"bar": "value-9"} to topic topic-406ec644_64fd_4f45_830a_27cb458d6f7e
2025-08-05 18:22:19,746 INFO  [io.api.tes.ser.api.KafkaSerdesTester] (Thread-615) Produced 10 messages
2025-08-05 18:22:19,746 INFO  [org.apa.kaf.cli.pro.KafkaProducer] (Thread-615) [Producer clientId=Producer-topic-406ec644_64fd_4f45_830a_27cb458d6f7e] Closing the Kafka producer with timeoutMillis = 9223372036854775807 ms.
2025-08-05 18:22:19,750 INFO  [org.apa.kaf.com.met.Metrics] (Thread-615) Metrics scheduler closed
2025-08-05 18:22:19,750 INFO  [org.apa.kaf.com.met.Metrics] (Thread-615) Closing reporter org.apache.kafka.common.metrics.JmxReporter
2025-08-05 18:22:19,750 INFO  [org.apa.kaf.com.met.Metrics] (Thread-615) Closing reporter org.apache.kafka.common.telemetry.internals.ClientTelemetryReporter
2025-08-05 18:22:19,750 INFO  [org.apa.kaf.com.met.Metrics] (Thread-615) Metrics reporters closed
2025-08-05 18:22:19,750 INFO  [org.apa.kaf.com.uti.AppInfoParser] (Thread-615) App info kafka.producer for Producer-topic-406ec644_64fd_4f45_830a_27cb458d6f7e unregistered
**** Registry Base URL: http://registry-app-inmemory.apps.ci419.apicurio-testing.org:80
2025-08-05 18:22:19,906 INFO  [org.apa.kaf.cli.con.ConsumerConfig] (main) ConsumerConfig values: 
	allow.auto.create.topics = true
	auto.commit.interval.ms = 500
	auto.include.jmx.reporter = true
	auto.offset.reset = earliest
	bootstrap.servers = [PLAINTEXT://localhost:32769]
	check.crcs = true
	client.dns.lookup = use_all_dns_ips
	client.id = consumer-Consumer-topic-406ec644_64fd_4f45_830a_27cb458d6f7e-3
	client.rack = 
	connections.max.idle.ms = 10000
	default.api.timeout.ms = 60000
	enable.auto.commit = true
	enable.metrics.push = true
	exclude.internal.topics = true
	fetch.max.bytes = 52428800
	fetch.max.wait.ms = 500
	fetch.min.bytes = 1
	group.id = Consumer-topic-406ec644_64fd_4f45_830a_27cb458d6f7e
	group.instance.id = null
	group.protocol = classic
	group.remote.assignor = null
	heartbeat.interval.ms = 3000
	interceptor.classes = []
	internal.leave.group.on.close = true
	internal.throw.on.fetch.stable.offset.unsupported = false
	isolation.level = read_uncommitted
	key.deserializer = class org.apache.kafka.common.serialization.StringDeserializer
	max.partition.fetch.bytes = 1048576
	max.poll.interval.ms = 300000
	max.poll.records = 500
	metadata.max.age.ms = 300000
	metadata.recovery.strategy = none
	metric.reporters = []
	metrics.num.samples = 2
	metrics.recording.level = INFO
	metrics.sample.window.ms = 30000
	partition.assignment.strategy = [class org.apache.kafka.clients.consumer.RangeAssignor, class org.apache.kafka.clients.consumer.CooperativeStickyAssignor]
	receive.buffer.bytes = 65536
	reconnect.backoff.max.ms = 1000
	reconnect.backoff.ms = 50
	request.timeout.ms = 5000
	retry.backoff.max.ms = 1000
	retry.backoff.ms = 100
	sasl.client.callback.handler.class = null
	sasl.jaas.config = null
	sasl.kerberos.kinit.cmd = /usr/bin/kinit
	sasl.kerberos.min.time.before.relogin = 60000
	sasl.kerberos.service.name = null
	sasl.kerberos.ticket.renew.jitter = 0.05
	sasl.kerberos.ticket.renew.window.factor = 0.8
	sasl.login.callback.handler.class = null
	sasl.login.class = null
	sasl.login.connect.timeout.ms = null
	sasl.login.read.timeout.ms = null
	sasl.login.refresh.buffer.seconds = 300
	sasl.login.refresh.min.period.seconds = 60
	sasl.login.refresh.window.factor = 0.8
	sasl.login.refresh.window.jitter = 0.05
	sasl.login.retry.backoff.max.ms = 10000
	sasl.login.retry.backoff.ms = 100
	sasl.mechanism = GSSAPI
	sasl.oauthbearer.clock.skew.seconds = 30
	sasl.oauthbearer.expected.audience = null
	sasl.oauthbearer.expected.issuer = null
	sasl.oauthbearer.header.urlencode = false
	sasl.oauthbearer.jwks.endpoint.refresh.ms = 3600000
	sasl.oauthbearer.jwks.endpoint.retry.backoff.max.ms = 10000
	sasl.oauthbearer.jwks.endpoint.retry.backoff.ms = 100
	sasl.oauthbearer.jwks.endpoint.url = null
	sasl.oauthbearer.scope.claim.name = scope
	sasl.oauthbearer.sub.claim.name = sub
	sasl.oauthbearer.token.endpoint.url = null
	security.protocol = PLAINTEXT
	security.providers = null
	send.buffer.bytes = 131072
	session.timeout.ms = 45000
	socket.connection.setup.timeout.max.ms = 30000
	socket.connection.setup.timeout.ms = 10000
	ssl.cipher.suites = null
	ssl.enabled.protocols = [TLSv1.2, TLSv1.3]
	ssl.endpoint.identification.algorithm = https
	ssl.engine.factory.class = null
	ssl.key.password = null
	ssl.keymanager.algorithm = SunX509
	ssl.keystore.certificate.chain = null
	ssl.keystore.key = null
	ssl.keystore.location = null
	ssl.keystore.password = null
	ssl.keystore.type = JKS
	ssl.protocol = TLSv1.3
	ssl.provider = null
	ssl.secure.random.implementation = null
	ssl.trustmanager.algorithm = PKIX
	ssl.truststore.certificates = null
	ssl.truststore.location = null
	ssl.truststore.password = null
	ssl.truststore.type = JKS
	value.deserializer = class io.apicurio.registry.serde.avro.AvroKafkaDeserializer

2025-08-05 18:22:19,907 INFO  [org.apa.kaf.com.tel.int.KafkaMetricsCollector] (main) initializing Kafka metrics collector
2025-08-05 18:22:19,916 INFO  [org.apa.kaf.cli.con.ConsumerConfig] (main) These configurations '[apicurio.registry.avro.encoding, apicurio.registry.url]' were supplied but are not used yet.
2025-08-05 18:22:19,916 INFO  [org.apa.kaf.com.uti.AppInfoParser] (main) Kafka version: 3.9.1
2025-08-05 18:22:19,916 INFO  [org.apa.kaf.com.uti.AppInfoParser] (main) Kafka commitId: f745dfdcee2b9851
2025-08-05 18:22:19,916 INFO  [org.apa.kaf.com.uti.AppInfoParser] (main) Kafka startTimeMs: 1754418139916
2025-08-05 18:22:19,918 INFO  [org.apa.kaf.cli.con.int.ClassicKafkaConsumer] (Thread-618) [Consumer clientId=consumer-Consumer-topic-406ec644_64fd_4f45_830a_27cb458d6f7e-3, groupId=Consumer-topic-406ec644_64fd_4f45_830a_27cb458d6f7e] Subscribed to topic(s): topic-406ec644_64fd_4f45_830a_27cb458d6f7e
2025-08-05 18:22:19,929 INFO  [org.apa.kaf.cli.Metadata] (Thread-618) [Consumer clientId=consumer-Consumer-topic-406ec644_64fd_4f45_830a_27cb458d6f7e-3, groupId=Consumer-topic-406ec644_64fd_4f45_830a_27cb458d6f7e] Cluster ID: PopyJKdlRzKjlQHMpYFwRA
2025-08-05 18:22:19,932 INFO  [org.apa.kaf.cli.con.int.ConsumerCoordinator] (Thread-618) [Consumer clientId=consumer-Consumer-topic-406ec644_64fd_4f45_830a_27cb458d6f7e-3, groupId=Consumer-topic-406ec644_64fd_4f45_830a_27cb458d6f7e] Discovered group coordinator localhost:32769 (id: 2147483647 rack: null)
2025-08-05 18:22:19,937 INFO  [org.apa.kaf.cli.con.int.ConsumerCoordinator] (Thread-618) [Consumer clientId=consumer-Consumer-topic-406ec644_64fd_4f45_830a_27cb458d6f7e-3, groupId=Consumer-topic-406ec644_64fd_4f45_830a_27cb458d6f7e] (Re-)joining group
2025-08-05 18:22:19,939 INFO  [org.apa.kaf.cli.con.int.ConsumerCoordinator] (Thread-618) [Consumer clientId=consumer-Consumer-topic-406ec644_64fd_4f45_830a_27cb458d6f7e-3, groupId=Consumer-topic-406ec644_64fd_4f45_830a_27cb458d6f7e] Request joining group due to: need to re-join with the given member-id: consumer-Consumer-topic-406ec644_64fd_4f45_830a_27cb458d6f7e-3-d9ea3bd2-bba0-4122-84ef-3b582b9c6d58
2025-08-05 18:22:19,939 INFO  [org.apa.kaf.cli.con.int.ConsumerCoordinator] (Thread-618) [Consumer clientId=consumer-Consumer-topic-406ec644_64fd_4f45_830a_27cb458d6f7e-3, groupId=Consumer-topic-406ec644_64fd_4f45_830a_27cb458d6f7e] (Re-)joining group
2025-08-05 18:22:20,919 INFO  [io.api.tes.ser.api.KafkaSerdesTester] (Thread-618) None found
2025-08-05 18:22:21,919 INFO  [io.api.tes.ser.api.KafkaSerdesTester] (Thread-618) None found
2025-08-05 18:22:22,919 INFO  [io.api.tes.ser.api.KafkaSerdesTester] (Thread-618) None found
2025-08-05 18:22:22,942 INFO  [org.apa.kaf.cli.con.int.ConsumerCoordinator] (Thread-618) [Consumer clientId=consumer-Consumer-topic-406ec644_64fd_4f45_830a_27cb458d6f7e-3, groupId=Consumer-topic-406ec644_64fd_4f45_830a_27cb458d6f7e] Successfully joined group with generation Generation{generationId=1, memberId='consumer-Consumer-topic-406ec644_64fd_4f45_830a_27cb458d6f7e-3-d9ea3bd2-bba0-4122-84ef-3b582b9c6d58', protocol='range'}
2025-08-05 18:22:22,942 INFO  [org.apa.kaf.cli.con.int.ConsumerCoordinator] (Thread-618) [Consumer clientId=consumer-Consumer-topic-406ec644_64fd_4f45_830a_27cb458d6f7e-3, groupId=Consumer-topic-406ec644_64fd_4f45_830a_27cb458d6f7e] Finished assignment for group at generation 1: {consumer-Consumer-topic-406ec644_64fd_4f45_830a_27cb458d6f7e-3-d9ea3bd2-bba0-4122-84ef-3b582b9c6d58=Assignment(partitions=[topic-406ec644_64fd_4f45_830a_27cb458d6f7e-0])}
2025-08-05 18:22:22,950 INFO  [org.apa.kaf.cli.con.int.ConsumerCoordinator] (Thread-618) [Consumer clientId=consumer-Consumer-topic-406ec644_64fd_4f45_830a_27cb458d6f7e-3, groupId=Consumer-topic-406ec644_64fd_4f45_830a_27cb458d6f7e] Successfully synced group in generation Generation{generationId=1, memberId='consumer-Consumer-topic-406ec644_64fd_4f45_830a_27cb458d6f7e-3-d9ea3bd2-bba0-4122-84ef-3b582b9c6d58', protocol='range'}
2025-08-05 18:22:22,950 INFO  [org.apa.kaf.cli.con.int.ConsumerCoordinator] (Thread-618) [Consumer clientId=consumer-Consumer-topic-406ec644_64fd_4f45_830a_27cb458d6f7e-3, groupId=Consumer-topic-406ec644_64fd_4f45_830a_27cb458d6f7e] Notifying assignor about the new Assignment(partitions=[topic-406ec644_64fd_4f45_830a_27cb458d6f7e-0])
2025-08-05 18:22:22,950 INFO  [org.apa.kaf.cli.con.int.ConsumerRebalanceListenerInvoker] (Thread-618) [Consumer clientId=consumer-Consumer-topic-406ec644_64fd_4f45_830a_27cb458d6f7e-3, groupId=Consumer-topic-406ec644_64fd_4f45_830a_27cb458d6f7e] Adding newly assigned partitions: topic-406ec644_64fd_4f45_830a_27cb458d6f7e-0
2025-08-05 18:22:22,951 INFO  [org.apa.kaf.cli.con.int.ConsumerCoordinator] (Thread-618) [Consumer clientId=consumer-Consumer-topic-406ec644_64fd_4f45_830a_27cb458d6f7e-3, groupId=Consumer-topic-406ec644_64fd_4f45_830a_27cb458d6f7e] Found no committed offset for partition topic-406ec644_64fd_4f45_830a_27cb458d6f7e-0
2025-08-05 18:22:22,955 INFO  [org.apa.kaf.cli.con.int.SubscriptionState] (Thread-618) [Consumer clientId=consumer-Consumer-topic-406ec644_64fd_4f45_830a_27cb458d6f7e-3, groupId=Consumer-topic-406ec644_64fd_4f45_830a_27cb458d6f7e] Resetting offset for partition topic-406ec644_64fd_4f45_830a_27cb458d6f7e-0 to position FetchPosition{offset=0, offsetEpoch=Optional.empty, currentLeader=LeaderAndEpoch{leader=Optional[localhost:32769 (id: 0 rack: null)], epoch=0}}.
2025-08-05 18:22:23,184 INFO  [io.api.tes.ser.api.KafkaSerdesTester] (Thread-618) topic-406ec644_64fd_4f45_830a_27cb458d6f7e 0 0 {"bar": "value-0"}
2025-08-05 18:22:23,184 INFO  [io.api.tes.ser.api.KafkaSerdesTester] (Thread-618) topic-406ec644_64fd_4f45_830a_27cb458d6f7e 0 1 {"bar": "value-1"}
2025-08-05 18:22:23,184 INFO  [io.api.tes.ser.api.KafkaSerdesTester] (Thread-618) topic-406ec644_64fd_4f45_830a_27cb458d6f7e 0 2 {"bar": "value-2"}
2025-08-05 18:22:23,184 INFO  [io.api.tes.ser.api.KafkaSerdesTester] (Thread-618) topic-406ec644_64fd_4f45_830a_27cb458d6f7e 0 3 {"bar": "value-3"}
2025-08-05 18:22:23,184 INFO  [io.api.tes.ser.api.KafkaSerdesTester] (Thread-618) topic-406ec644_64fd_4f45_830a_27cb458d6f7e 0 4 {"bar": "value-4"}
2025-08-05 18:22:23,184 INFO  [io.api.tes.ser.api.KafkaSerdesTester] (Thread-618) topic-406ec644_64fd_4f45_830a_27cb458d6f7e 0 5 {"bar": "value-5"}
2025-08-05 18:22:23,184 INFO  [io.api.tes.ser.api.KafkaSerdesTester] (Thread-618) topic-406ec644_64fd_4f45_830a_27cb458d6f7e 0 6 {"bar": "value-6"}
2025-08-05 18:22:23,184 INFO  [io.api.tes.ser.api.KafkaSerdesTester] (Thread-618) topic-406ec644_64fd_4f45_830a_27cb458d6f7e 0 7 {"bar": "value-7"}
2025-08-05 18:22:23,185 INFO  [io.api.tes.ser.api.KafkaSerdesTester] (Thread-618) topic-406ec644_64fd_4f45_830a_27cb458d6f7e 0 8 {"bar": "value-8"}
2025-08-05 18:22:23,185 INFO  [io.api.tes.ser.api.KafkaSerdesTester] (Thread-618) topic-406ec644_64fd_4f45_830a_27cb458d6f7e 0 9 {"bar": "value-9"}
2025-08-05 18:22:23,185 INFO  [io.api.tes.ser.api.KafkaSerdesTester] (Thread-618) Consumed 10 messages
2025-08-05 18:22:23,191 INFO  [org.apa.kaf.cli.con.int.ConsumerRebalanceListenerInvoker] (Thread-618) [Consumer clientId=consumer-Consumer-topic-406ec644_64fd_4f45_830a_27cb458d6f7e-3, groupId=Consumer-topic-406ec644_64fd_4f45_830a_27cb458d6f7e] Revoke previously assigned partitions topic-406ec644_64fd_4f45_830a_27cb458d6f7e-0
2025-08-05 18:22:23,191 INFO  [org.apa.kaf.cli.con.int.ConsumerCoordinator] (Thread-618) [Consumer clientId=consumer-Consumer-topic-406ec644_64fd_4f45_830a_27cb458d6f7e-3, groupId=Consumer-topic-406ec644_64fd_4f45_830a_27cb458d6f7e] Member consumer-Consumer-topic-406ec644_64fd_4f45_830a_27cb458d6f7e-3-d9ea3bd2-bba0-4122-84ef-3b582b9c6d58 sending LeaveGroup request to coordinator localhost:32769 (id: 2147483647 rack: null) due to the consumer is being closed
2025-08-05 18:22:23,193 INFO  [org.apa.kaf.cli.con.int.ConsumerCoordinator] (Thread-618) [Consumer clientId=consumer-Consumer-topic-406ec644_64fd_4f45_830a_27cb458d6f7e-3, groupId=Consumer-topic-406ec644_64fd_4f45_830a_27cb458d6f7e] Resetting generation and member id due to: consumer pro-actively leaving the group
2025-08-05 18:22:23,193 INFO  [org.apa.kaf.cli.con.int.ConsumerCoordinator] (Thread-618) [Consumer clientId=consumer-Consumer-topic-406ec644_64fd_4f45_830a_27cb458d6f7e-3, groupId=Consumer-topic-406ec644_64fd_4f45_830a_27cb458d6f7e] Request joining group due to: consumer pro-actively leaving the group
2025-08-05 18:22:23,687 INFO  [org.apa.kaf.com.met.Metrics] (Thread-618) Metrics scheduler closed
2025-08-05 18:22:23,687 INFO  [org.apa.kaf.com.met.Metrics] (Thread-618) Closing reporter org.apache.kafka.common.metrics.JmxReporter
2025-08-05 18:22:23,687 INFO  [org.apa.kaf.com.met.Metrics] (Thread-618) Closing reporter org.apache.kafka.common.telemetry.internals.ClientTelemetryReporter
2025-08-05 18:22:23,687 INFO  [org.apa.kaf.com.met.Metrics] (Thread-618) Metrics reporters closed
2025-08-05 18:22:23,691 INFO  [org.apa.kaf.com.uti.AppInfoParser] (Thread-618) App info kafka.consumer for consumer-Consumer-topic-406ec644_64fd_4f45_830a_27cb458d6f7e-3 unregistered
2025-08-05 18:22:23,691 INFO  [io.api.tes.uti.TestSeparator] (main) io.apicurio.tests.serdes.apicurio.AvroSerdeIT.testAvroJSON-FINISHED
2025-08-05 18:22:23,692 INFO  [io.api.tes.uti.TestSeparator] (main) ############################################################################
Test passed: testAvroJSON
]]></system-out>
  </testcase>
  <testcase name="testTopicIdStrategyAutoRegister" classname="io.apicurio.tests.serdes.apicurio.AvroSerdeIT" time="4.521">
    <system-out><![CDATA[2025-08-05 18:22:23,696 INFO  [io.api.tes.uti.TestSeparator] (main) ############################################################################
2025-08-05 18:22:23,696 INFO  [io.api.tes.uti.TestSeparator] (main) io.apicurio.tests.serdes.apicurio.AvroSerdeIT.testTopicIdStrategyAutoRegister-STARTED
**** Registry Base URL: http://registry-app-inmemory.apps.ci419.apicurio-testing.org:80
2025-08-05 18:22:23,706 INFO  [org.apa.kaf.cli.pro.ProducerConfig] (main) ProducerConfig values: 
	acks = -1
	auto.include.jmx.reporter = true
	batch.size = 16384
	bootstrap.servers = [PLAINTEXT://localhost:32769]
	buffer.memory = 33554432
	client.dns.lookup = use_all_dns_ips
	client.id = Producer-topic-dc3150df_3d98_4dbf_b797_d86849f7616c
	compression.gzip.level = -1
	compression.lz4.level = 9
	compression.type = none
	compression.zstd.level = 3
	connections.max.idle.ms = 10000
	delivery.timeout.ms = 120000
	enable.idempotence = true
	enable.metrics.push = true
	interceptor.classes = []
	key.serializer = class org.apache.kafka.common.serialization.StringSerializer
	linger.ms = 0
	max.block.ms = 60000
	max.in.flight.requests.per.connection = 5
	max.request.size = 1048576
	metadata.max.age.ms = 300000
	metadata.max.idle.ms = 300000
	metadata.recovery.strategy = none
	metric.reporters = []
	metrics.num.samples = 2
	metrics.recording.level = INFO
	metrics.sample.window.ms = 30000
	partitioner.adaptive.partitioning.enable = true
	partitioner.availability.timeout.ms = 0
	partitioner.class = null
	partitioner.ignore.keys = false
	receive.buffer.bytes = 32768
	reconnect.backoff.max.ms = 1000
	reconnect.backoff.ms = 50
	request.timeout.ms = 5000
	retries = 2147483647
	retry.backoff.max.ms = 1000
	retry.backoff.ms = 100
	sasl.client.callback.handler.class = null
	sasl.jaas.config = null
	sasl.kerberos.kinit.cmd = /usr/bin/kinit
	sasl.kerberos.min.time.before.relogin = 60000
	sasl.kerberos.service.name = null
	sasl.kerberos.ticket.renew.jitter = 0.05
	sasl.kerberos.ticket.renew.window.factor = 0.8
	sasl.login.callback.handler.class = null
	sasl.login.class = null
	sasl.login.connect.timeout.ms = null
	sasl.login.read.timeout.ms = null
	sasl.login.refresh.buffer.seconds = 300
	sasl.login.refresh.min.period.seconds = 60
	sasl.login.refresh.window.factor = 0.8
	sasl.login.refresh.window.jitter = 0.05
	sasl.login.retry.backoff.max.ms = 10000
	sasl.login.retry.backoff.ms = 100
	sasl.mechanism = GSSAPI
	sasl.oauthbearer.clock.skew.seconds = 30
	sasl.oauthbearer.expected.audience = null
	sasl.oauthbearer.expected.issuer = null
	sasl.oauthbearer.header.urlencode = false
	sasl.oauthbearer.jwks.endpoint.refresh.ms = 3600000
	sasl.oauthbearer.jwks.endpoint.retry.backoff.max.ms = 10000
	sasl.oauthbearer.jwks.endpoint.retry.backoff.ms = 100
	sasl.oauthbearer.jwks.endpoint.url = null
	sasl.oauthbearer.scope.claim.name = scope
	sasl.oauthbearer.sub.claim.name = sub
	sasl.oauthbearer.token.endpoint.url = null
	security.protocol = PLAINTEXT
	security.providers = null
	send.buffer.bytes = 131072
	socket.connection.setup.timeout.max.ms = 30000
	socket.connection.setup.timeout.ms = 10000
	ssl.cipher.suites = null
	ssl.enabled.protocols = [TLSv1.2, TLSv1.3]
	ssl.endpoint.identification.algorithm = https
	ssl.engine.factory.class = null
	ssl.key.password = null
	ssl.keymanager.algorithm = SunX509
	ssl.keystore.certificate.chain = null
	ssl.keystore.key = null
	ssl.keystore.location = null
	ssl.keystore.password = null
	ssl.keystore.type = JKS
	ssl.protocol = TLSv1.3
	ssl.provider = null
	ssl.secure.random.implementation = null
	ssl.trustmanager.algorithm = PKIX
	ssl.truststore.certificates = null
	ssl.truststore.location = null
	ssl.truststore.password = null
	ssl.truststore.type = JKS
	transaction.timeout.ms = 60000
	transactional.id = null
	value.serializer = class io.apicurio.registry.serde.avro.AvroKafkaSerializer

2025-08-05 18:22:23,706 INFO  [org.apa.kaf.com.tel.int.KafkaMetricsCollector] (main) initializing Kafka metrics collector
2025-08-05 18:22:23,710 INFO  [org.apa.kaf.cli.pro.KafkaProducer] (main) [Producer clientId=Producer-topic-dc3150df_3d98_4dbf_b797_d86849f7616c] Instantiated an idempotent producer.
2025-08-05 18:22:23,714 INFO  [org.apa.kaf.cli.pro.ProducerConfig] (main) These configurations '[apicurio.registry.url, apicurio.registry.auto-register, apicurio.registry.artifact-resolver-strategy]' were supplied but are not used yet.
2025-08-05 18:22:23,714 INFO  [org.apa.kaf.com.uti.AppInfoParser] (main) Kafka version: 3.9.1
2025-08-05 18:22:23,714 INFO  [org.apa.kaf.com.uti.AppInfoParser] (main) Kafka commitId: f745dfdcee2b9851
2025-08-05 18:22:23,714 INFO  [org.apa.kaf.com.uti.AppInfoParser] (main) Kafka startTimeMs: 1754418143714
2025-08-05 18:22:23,714 INFO  [io.api.tes.ser.api.SimpleSerdesTesterBuilder$SimpleSerdesTester] (main) Using producer configuration: {apicurio.registry.url=http://registry-app-inmemory.apps.ci419.apicurio-testing.org:80/apis/registry/v3, apicurio.registry.auto-register=true, apicurio.registry.artifact-resolver-strategy=io.apicurio.registry.serde.strategy.TopicIdStrategy, value.serializer=io.apicurio.registry.serde.avro.AvroKafkaSerializer, request.timeout.ms=5000, acks=all, bootstrap.servers=PLAINTEXT://localhost:32769, connections.max.idle.ms=10000, key.serializer=org.apache.kafka.common.serialization.StringSerializer, client.id=Producer-topic-dc3150df_3d98_4dbf_b797_d86849f7616c}
2025-08-05 18:22:23,714 INFO  [io.api.tes.ser.api.SimpleSerdesTesterBuilder$SimpleSerdesTester] (main) Using consumer configuration: {}
2025-08-05 18:22:23,717 INFO  [io.api.tes.ser.api.KafkaSerdesTester] (Thread-621) Sending message {"key11754418143696": "value-0"} to topic topic-dc3150df_3d98_4dbf_b797_d86849f7616c
2025-08-05 18:22:23,722 WARN  [org.apa.kaf.cli.NetworkClient] (kafka-producer-network-thread | Producer-topic-dc3150df_3d98_4dbf_b797_d86849f7616c) [Producer clientId=Producer-topic-dc3150df_3d98_4dbf_b797_d86849f7616c] The metadata response from the cluster reported a recoverable issue with correlation id 1 : {topic-dc3150df_3d98_4dbf_b797_d86849f7616c=UNKNOWN_TOPIC_OR_PARTITION}
2025-08-05 18:22:23,722 INFO  [org.apa.kaf.cli.Metadata] (kafka-producer-network-thread | Producer-topic-dc3150df_3d98_4dbf_b797_d86849f7616c) [Producer clientId=Producer-topic-dc3150df_3d98_4dbf_b797_d86849f7616c] Cluster ID: PopyJKdlRzKjlQHMpYFwRA
2025-08-05 18:22:23,722 INFO  [org.apa.kaf.cli.pro.int.TransactionManager] (kafka-producer-network-thread | Producer-topic-dc3150df_3d98_4dbf_b797_d86849f7616c) [Producer clientId=Producer-topic-dc3150df_3d98_4dbf_b797_d86849f7616c] ProducerId set to 4 with epoch 0
2025-08-05 18:22:23,997 INFO  [io.api.tes.ser.api.KafkaSerdesTester] (Thread-621) Sending message {"key11754418143696": "value-1"} to topic topic-dc3150df_3d98_4dbf_b797_d86849f7616c
2025-08-05 18:22:24,001 INFO  [io.api.tes.ser.api.KafkaSerdesTester] (Thread-621) Sending message {"key11754418143696": "value-2"} to topic topic-dc3150df_3d98_4dbf_b797_d86849f7616c
2025-08-05 18:22:24,003 INFO  [io.api.tes.ser.api.KafkaSerdesTester] (Thread-621) Sending message {"key11754418143696": "value-3"} to topic topic-dc3150df_3d98_4dbf_b797_d86849f7616c
2025-08-05 18:22:24,007 INFO  [io.api.tes.ser.api.KafkaSerdesTester] (Thread-621) Sending message {"key11754418143696": "value-4"} to topic topic-dc3150df_3d98_4dbf_b797_d86849f7616c
2025-08-05 18:22:24,009 INFO  [io.api.tes.ser.api.KafkaSerdesTester] (Thread-621) Sending message {"key11754418143696": "value-5"} to topic topic-dc3150df_3d98_4dbf_b797_d86849f7616c
2025-08-05 18:22:24,012 INFO  [io.api.tes.ser.api.KafkaSerdesTester] (Thread-621) Sending message {"key11754418143696": "value-6"} to topic topic-dc3150df_3d98_4dbf_b797_d86849f7616c
2025-08-05 18:22:24,015 INFO  [io.api.tes.ser.api.KafkaSerdesTester] (Thread-621) Sending message {"key11754418143696": "value-7"} to topic topic-dc3150df_3d98_4dbf_b797_d86849f7616c
2025-08-05 18:22:24,017 INFO  [io.api.tes.ser.api.KafkaSerdesTester] (Thread-621) Sending message {"key11754418143696": "value-8"} to topic topic-dc3150df_3d98_4dbf_b797_d86849f7616c
2025-08-05 18:22:24,018 INFO  [io.api.tes.ser.api.KafkaSerdesTester] (Thread-621) Sending message {"key11754418143696": "value-9"} to topic topic-dc3150df_3d98_4dbf_b797_d86849f7616c
2025-08-05 18:22:24,020 INFO  [io.api.tes.ser.api.KafkaSerdesTester] (Thread-621) Produced 10 messages
2025-08-05 18:22:24,020 INFO  [org.apa.kaf.cli.pro.KafkaProducer] (Thread-621) [Producer clientId=Producer-topic-dc3150df_3d98_4dbf_b797_d86849f7616c] Closing the Kafka producer with timeoutMillis = 9223372036854775807 ms.
2025-08-05 18:22:24,022 INFO  [org.apa.kaf.com.met.Metrics] (Thread-621) Metrics scheduler closed
2025-08-05 18:22:24,022 INFO  [org.apa.kaf.com.met.Metrics] (Thread-621) Closing reporter org.apache.kafka.common.metrics.JmxReporter
2025-08-05 18:22:24,023 INFO  [org.apa.kaf.com.met.Metrics] (Thread-621) Closing reporter org.apache.kafka.common.telemetry.internals.ClientTelemetryReporter
2025-08-05 18:22:24,023 INFO  [org.apa.kaf.com.met.Metrics] (Thread-621) Metrics reporters closed
2025-08-05 18:22:24,023 INFO  [org.apa.kaf.com.uti.AppInfoParser] (Thread-621) App info kafka.producer for Producer-topic-dc3150df_3d98_4dbf_b797_d86849f7616c unregistered
**** Registry Base URL: http://registry-app-inmemory.apps.ci419.apicurio-testing.org:80
2025-08-05 18:22:24,183 INFO  [org.apa.kaf.cli.con.ConsumerConfig] (main) ConsumerConfig values: 
	allow.auto.create.topics = true
	auto.commit.interval.ms = 500
	auto.include.jmx.reporter = true
	auto.offset.reset = earliest
	bootstrap.servers = [PLAINTEXT://localhost:32769]
	check.crcs = true
	client.dns.lookup = use_all_dns_ips
	client.id = consumer-Consumer-topic-dc3150df_3d98_4dbf_b797_d86849f7616c-4
	client.rack = 
	connections.max.idle.ms = 10000
	default.api.timeout.ms = 60000
	enable.auto.commit = true
	enable.metrics.push = true
	exclude.internal.topics = true
	fetch.max.bytes = 52428800
	fetch.max.wait.ms = 500
	fetch.min.bytes = 1
	group.id = Consumer-topic-dc3150df_3d98_4dbf_b797_d86849f7616c
	group.instance.id = null
	group.protocol = classic
	group.remote.assignor = null
	heartbeat.interval.ms = 3000
	interceptor.classes = []
	internal.leave.group.on.close = true
	internal.throw.on.fetch.stable.offset.unsupported = false
	isolation.level = read_uncommitted
	key.deserializer = class org.apache.kafka.common.serialization.StringDeserializer
	max.partition.fetch.bytes = 1048576
	max.poll.interval.ms = 300000
	max.poll.records = 500
	metadata.max.age.ms = 300000
	metadata.recovery.strategy = none
	metric.reporters = []
	metrics.num.samples = 2
	metrics.recording.level = INFO
	metrics.sample.window.ms = 30000
	partition.assignment.strategy = [class org.apache.kafka.clients.consumer.RangeAssignor, class org.apache.kafka.clients.consumer.CooperativeStickyAssignor]
	receive.buffer.bytes = 65536
	reconnect.backoff.max.ms = 1000
	reconnect.backoff.ms = 50
	request.timeout.ms = 5000
	retry.backoff.max.ms = 1000
	retry.backoff.ms = 100
	sasl.client.callback.handler.class = null
	sasl.jaas.config = null
	sasl.kerberos.kinit.cmd = /usr/bin/kinit
	sasl.kerberos.min.time.before.relogin = 60000
	sasl.kerberos.service.name = null
	sasl.kerberos.ticket.renew.jitter = 0.05
	sasl.kerberos.ticket.renew.window.factor = 0.8
	sasl.login.callback.handler.class = null
	sasl.login.class = null
	sasl.login.connect.timeout.ms = null
	sasl.login.read.timeout.ms = null
	sasl.login.refresh.buffer.seconds = 300
	sasl.login.refresh.min.period.seconds = 60
	sasl.login.refresh.window.factor = 0.8
	sasl.login.refresh.window.jitter = 0.05
	sasl.login.retry.backoff.max.ms = 10000
	sasl.login.retry.backoff.ms = 100
	sasl.mechanism = GSSAPI
	sasl.oauthbearer.clock.skew.seconds = 30
	sasl.oauthbearer.expected.audience = null
	sasl.oauthbearer.expected.issuer = null
	sasl.oauthbearer.header.urlencode = false
	sasl.oauthbearer.jwks.endpoint.refresh.ms = 3600000
	sasl.oauthbearer.jwks.endpoint.retry.backoff.max.ms = 10000
	sasl.oauthbearer.jwks.endpoint.retry.backoff.ms = 100
	sasl.oauthbearer.jwks.endpoint.url = null
	sasl.oauthbearer.scope.claim.name = scope
	sasl.oauthbearer.sub.claim.name = sub
	sasl.oauthbearer.token.endpoint.url = null
	security.protocol = PLAINTEXT
	security.providers = null
	send.buffer.bytes = 131072
	session.timeout.ms = 45000
	socket.connection.setup.timeout.max.ms = 30000
	socket.connection.setup.timeout.ms = 10000
	ssl.cipher.suites = null
	ssl.enabled.protocols = [TLSv1.2, TLSv1.3]
	ssl.endpoint.identification.algorithm = https
	ssl.engine.factory.class = null
	ssl.key.password = null
	ssl.keymanager.algorithm = SunX509
	ssl.keystore.certificate.chain = null
	ssl.keystore.key = null
	ssl.keystore.location = null
	ssl.keystore.password = null
	ssl.keystore.type = JKS
	ssl.protocol = TLSv1.3
	ssl.provider = null
	ssl.secure.random.implementation = null
	ssl.trustmanager.algorithm = PKIX
	ssl.truststore.certificates = null
	ssl.truststore.location = null
	ssl.truststore.password = null
	ssl.truststore.type = JKS
	value.deserializer = class io.apicurio.registry.serde.avro.AvroKafkaDeserializer

2025-08-05 18:22:24,184 INFO  [org.apa.kaf.com.tel.int.KafkaMetricsCollector] (main) initializing Kafka metrics collector
2025-08-05 18:22:24,191 INFO  [org.apa.kaf.cli.con.ConsumerConfig] (main) These configurations '[apicurio.registry.url]' were supplied but are not used yet.
2025-08-05 18:22:24,191 INFO  [org.apa.kaf.com.uti.AppInfoParser] (main) Kafka version: 3.9.1
2025-08-05 18:22:24,191 INFO  [org.apa.kaf.com.uti.AppInfoParser] (main) Kafka commitId: f745dfdcee2b9851
2025-08-05 18:22:24,191 INFO  [org.apa.kaf.com.uti.AppInfoParser] (main) Kafka startTimeMs: 1754418144191
2025-08-05 18:22:24,192 INFO  [org.apa.kaf.cli.con.int.ClassicKafkaConsumer] (Thread-624) [Consumer clientId=consumer-Consumer-topic-dc3150df_3d98_4dbf_b797_d86849f7616c-4, groupId=Consumer-topic-dc3150df_3d98_4dbf_b797_d86849f7616c] Subscribed to topic(s): topic-dc3150df_3d98_4dbf_b797_d86849f7616c
2025-08-05 18:22:24,197 INFO  [org.apa.kaf.cli.Metadata] (Thread-624) [Consumer clientId=consumer-Consumer-topic-dc3150df_3d98_4dbf_b797_d86849f7616c-4, groupId=Consumer-topic-dc3150df_3d98_4dbf_b797_d86849f7616c] Cluster ID: PopyJKdlRzKjlQHMpYFwRA
2025-08-05 18:22:24,199 INFO  [org.apa.kaf.cli.con.int.ConsumerCoordinator] (Thread-624) [Consumer clientId=consumer-Consumer-topic-dc3150df_3d98_4dbf_b797_d86849f7616c-4, groupId=Consumer-topic-dc3150df_3d98_4dbf_b797_d86849f7616c] Discovered group coordinator localhost:32769 (id: 2147483647 rack: null)
2025-08-05 18:22:24,201 INFO  [org.apa.kaf.cli.con.int.ConsumerCoordinator] (Thread-624) [Consumer clientId=consumer-Consumer-topic-dc3150df_3d98_4dbf_b797_d86849f7616c-4, groupId=Consumer-topic-dc3150df_3d98_4dbf_b797_d86849f7616c] (Re-)joining group
2025-08-05 18:22:24,204 INFO  [org.apa.kaf.cli.con.int.ConsumerCoordinator] (Thread-624) [Consumer clientId=consumer-Consumer-topic-dc3150df_3d98_4dbf_b797_d86849f7616c-4, groupId=Consumer-topic-dc3150df_3d98_4dbf_b797_d86849f7616c] Request joining group due to: need to re-join with the given member-id: consumer-Consumer-topic-dc3150df_3d98_4dbf_b797_d86849f7616c-4-d32284f1-d983-4fe2-83dc-9792dbbce817
2025-08-05 18:22:24,204 INFO  [org.apa.kaf.cli.con.int.ConsumerCoordinator] (Thread-624) [Consumer clientId=consumer-Consumer-topic-dc3150df_3d98_4dbf_b797_d86849f7616c-4, groupId=Consumer-topic-dc3150df_3d98_4dbf_b797_d86849f7616c] (Re-)joining group
2025-08-05 18:22:25,192 INFO  [io.api.tes.ser.api.KafkaSerdesTester] (Thread-624) None found
2025-08-05 18:22:26,194 INFO  [io.api.tes.ser.api.KafkaSerdesTester] (Thread-624) None found
2025-08-05 18:22:27,195 INFO  [io.api.tes.ser.api.KafkaSerdesTester] (Thread-624) None found
2025-08-05 18:22:27,208 INFO  [org.apa.kaf.cli.con.int.ConsumerCoordinator] (Thread-624) [Consumer clientId=consumer-Consumer-topic-dc3150df_3d98_4dbf_b797_d86849f7616c-4, groupId=Consumer-topic-dc3150df_3d98_4dbf_b797_d86849f7616c] Successfully joined group with generation Generation{generationId=1, memberId='consumer-Consumer-topic-dc3150df_3d98_4dbf_b797_d86849f7616c-4-d32284f1-d983-4fe2-83dc-9792dbbce817', protocol='range'}
2025-08-05 18:22:27,208 INFO  [org.apa.kaf.cli.con.int.ConsumerCoordinator] (Thread-624) [Consumer clientId=consumer-Consumer-topic-dc3150df_3d98_4dbf_b797_d86849f7616c-4, groupId=Consumer-topic-dc3150df_3d98_4dbf_b797_d86849f7616c] Finished assignment for group at generation 1: {consumer-Consumer-topic-dc3150df_3d98_4dbf_b797_d86849f7616c-4-d32284f1-d983-4fe2-83dc-9792dbbce817=Assignment(partitions=[topic-dc3150df_3d98_4dbf_b797_d86849f7616c-0])}
2025-08-05 18:22:27,215 INFO  [org.apa.kaf.cli.con.int.ConsumerCoordinator] (Thread-624) [Consumer clientId=consumer-Consumer-topic-dc3150df_3d98_4dbf_b797_d86849f7616c-4, groupId=Consumer-topic-dc3150df_3d98_4dbf_b797_d86849f7616c] Successfully synced group in generation Generation{generationId=1, memberId='consumer-Consumer-topic-dc3150df_3d98_4dbf_b797_d86849f7616c-4-d32284f1-d983-4fe2-83dc-9792dbbce817', protocol='range'}
2025-08-05 18:22:27,215 INFO  [org.apa.kaf.cli.con.int.ConsumerCoordinator] (Thread-624) [Consumer clientId=consumer-Consumer-topic-dc3150df_3d98_4dbf_b797_d86849f7616c-4, groupId=Consumer-topic-dc3150df_3d98_4dbf_b797_d86849f7616c] Notifying assignor about the new Assignment(partitions=[topic-dc3150df_3d98_4dbf_b797_d86849f7616c-0])
2025-08-05 18:22:27,215 INFO  [org.apa.kaf.cli.con.int.ConsumerRebalanceListenerInvoker] (Thread-624) [Consumer clientId=consumer-Consumer-topic-dc3150df_3d98_4dbf_b797_d86849f7616c-4, groupId=Consumer-topic-dc3150df_3d98_4dbf_b797_d86849f7616c] Adding newly assigned partitions: topic-dc3150df_3d98_4dbf_b797_d86849f7616c-0
2025-08-05 18:22:27,216 INFO  [org.apa.kaf.cli.con.int.ConsumerCoordinator] (Thread-624) [Consumer clientId=consumer-Consumer-topic-dc3150df_3d98_4dbf_b797_d86849f7616c-4, groupId=Consumer-topic-dc3150df_3d98_4dbf_b797_d86849f7616c] Found no committed offset for partition topic-dc3150df_3d98_4dbf_b797_d86849f7616c-0
2025-08-05 18:22:27,222 INFO  [org.apa.kaf.cli.con.int.SubscriptionState] (Thread-624) [Consumer clientId=consumer-Consumer-topic-dc3150df_3d98_4dbf_b797_d86849f7616c-4, groupId=Consumer-topic-dc3150df_3d98_4dbf_b797_d86849f7616c] Resetting offset for partition topic-dc3150df_3d98_4dbf_b797_d86849f7616c-0 to position FetchPosition{offset=0, offsetEpoch=Optional.empty, currentLeader=LeaderAndEpoch{leader=Optional[localhost:32769 (id: 0 rack: null)], epoch=0}}.
2025-08-05 18:22:27,467 INFO  [io.api.tes.ser.api.KafkaSerdesTester] (Thread-624) topic-dc3150df_3d98_4dbf_b797_d86849f7616c 0 0 {"key11754418143696": "value-0"}
2025-08-05 18:22:27,467 INFO  [io.api.tes.ser.api.KafkaSerdesTester] (Thread-624) topic-dc3150df_3d98_4dbf_b797_d86849f7616c 0 1 {"key11754418143696": "value-1"}
2025-08-05 18:22:27,467 INFO  [io.api.tes.ser.api.KafkaSerdesTester] (Thread-624) topic-dc3150df_3d98_4dbf_b797_d86849f7616c 0 2 {"key11754418143696": "value-2"}
2025-08-05 18:22:27,467 INFO  [io.api.tes.ser.api.KafkaSerdesTester] (Thread-624) topic-dc3150df_3d98_4dbf_b797_d86849f7616c 0 3 {"key11754418143696": "value-3"}
2025-08-05 18:22:27,467 INFO  [io.api.tes.ser.api.KafkaSerdesTester] (Thread-624) topic-dc3150df_3d98_4dbf_b797_d86849f7616c 0 4 {"key11754418143696": "value-4"}
2025-08-05 18:22:27,467 INFO  [io.api.tes.ser.api.KafkaSerdesTester] (Thread-624) topic-dc3150df_3d98_4dbf_b797_d86849f7616c 0 5 {"key11754418143696": "value-5"}
2025-08-05 18:22:27,467 INFO  [io.api.tes.ser.api.KafkaSerdesTester] (Thread-624) topic-dc3150df_3d98_4dbf_b797_d86849f7616c 0 6 {"key11754418143696": "value-6"}
2025-08-05 18:22:27,467 INFO  [io.api.tes.ser.api.KafkaSerdesTester] (Thread-624) topic-dc3150df_3d98_4dbf_b797_d86849f7616c 0 7 {"key11754418143696": "value-7"}
2025-08-05 18:22:27,467 INFO  [io.api.tes.ser.api.KafkaSerdesTester] (Thread-624) topic-dc3150df_3d98_4dbf_b797_d86849f7616c 0 8 {"key11754418143696": "value-8"}
2025-08-05 18:22:27,467 INFO  [io.api.tes.ser.api.KafkaSerdesTester] (Thread-624) topic-dc3150df_3d98_4dbf_b797_d86849f7616c 0 9 {"key11754418143696": "value-9"}
2025-08-05 18:22:27,468 INFO  [io.api.tes.ser.api.KafkaSerdesTester] (Thread-624) Consumed 10 messages
2025-08-05 18:22:27,476 INFO  [org.apa.kaf.cli.con.int.ConsumerRebalanceListenerInvoker] (Thread-624) [Consumer clientId=consumer-Consumer-topic-dc3150df_3d98_4dbf_b797_d86849f7616c-4, groupId=Consumer-topic-dc3150df_3d98_4dbf_b797_d86849f7616c] Revoke previously assigned partitions topic-dc3150df_3d98_4dbf_b797_d86849f7616c-0
2025-08-05 18:22:27,476 INFO  [org.apa.kaf.cli.con.int.ConsumerCoordinator] (Thread-624) [Consumer clientId=consumer-Consumer-topic-dc3150df_3d98_4dbf_b797_d86849f7616c-4, groupId=Consumer-topic-dc3150df_3d98_4dbf_b797_d86849f7616c] Member consumer-Consumer-topic-dc3150df_3d98_4dbf_b797_d86849f7616c-4-d32284f1-d983-4fe2-83dc-9792dbbce817 sending LeaveGroup request to coordinator localhost:32769 (id: 2147483647 rack: null) due to the consumer is being closed
2025-08-05 18:22:27,477 INFO  [org.apa.kaf.cli.con.int.ConsumerCoordinator] (Thread-624) [Consumer clientId=consumer-Consumer-topic-dc3150df_3d98_4dbf_b797_d86849f7616c-4, groupId=Consumer-topic-dc3150df_3d98_4dbf_b797_d86849f7616c] Resetting generation and member id due to: consumer pro-actively leaving the group
2025-08-05 18:22:27,477 INFO  [org.apa.kaf.cli.con.int.ConsumerCoordinator] (Thread-624) [Consumer clientId=consumer-Consumer-topic-dc3150df_3d98_4dbf_b797_d86849f7616c-4, groupId=Consumer-topic-dc3150df_3d98_4dbf_b797_d86849f7616c] Request joining group due to: consumer pro-actively leaving the group
2025-08-05 18:22:27,974 INFO  [org.apa.kaf.com.met.Metrics] (Thread-624) Metrics scheduler closed
2025-08-05 18:22:27,974 INFO  [org.apa.kaf.com.met.Metrics] (Thread-624) Closing reporter org.apache.kafka.common.metrics.JmxReporter
2025-08-05 18:22:27,974 INFO  [org.apa.kaf.com.met.Metrics] (Thread-624) Closing reporter org.apache.kafka.common.telemetry.internals.ClientTelemetryReporter
2025-08-05 18:22:27,974 INFO  [org.apa.kaf.com.met.Metrics] (Thread-624) Metrics reporters closed
2025-08-05 18:22:27,978 INFO  [org.apa.kaf.com.uti.AppInfoParser] (Thread-624) App info kafka.consumer for consumer-Consumer-topic-dc3150df_3d98_4dbf_b797_d86849f7616c-4 unregistered
2025-08-05 18:22:28,212 INFO  [io.api.tes.uti.TestSeparator] (main) io.apicurio.tests.serdes.apicurio.AvroSerdeIT.testTopicIdStrategyAutoRegister-FINISHED
2025-08-05 18:22:28,213 INFO  [io.api.tes.uti.TestSeparator] (main) ############################################################################
Test passed: testTopicIdStrategyAutoRegister
]]></system-out>
  </testcase>
  <testcase name="testRecordIdStrategydFindLatest" classname="io.apicurio.tests.serdes.apicurio.AvroSerdeIT" time="5.318">
    <system-out><![CDATA[2025-08-05 18:22:28,215 INFO  [io.api.tes.uti.TestSeparator] (main) ############################################################################
2025-08-05 18:22:28,215 INFO  [io.api.tes.uti.TestSeparator] (main) io.apicurio.tests.serdes.apicurio.AvroSerdeIT.testRecordIdStrategydFindLatest-STARTED
2025-08-05 18:22:28,216 INFO  [io.api.tes.ser.api.AvroSerdeIT] (main) Registering Avro Schema: {"type":"record","name":"scc59070exd847x476bx91f8x69ed49f27beb","namespace":"sb69d568axfb50x4fc3x8dcfx43328965a7a6","fields":[{"name":"key11754418148215","type":"string"}]}
**** Registry Base URL: http://registry-app-inmemory.apps.ci419.apicurio-testing.org:80
2025-08-05 18:22:29,386 INFO  [org.apa.kaf.cli.pro.ProducerConfig] (main) ProducerConfig values: 
	acks = -1
	auto.include.jmx.reporter = true
	batch.size = 16384
	bootstrap.servers = [PLAINTEXT://localhost:32769]
	buffer.memory = 33554432
	client.dns.lookup = use_all_dns_ips
	client.id = Producer-topic-849e7315_9ab2_4010_9b41_492bf46a9e8f
	compression.gzip.level = -1
	compression.lz4.level = 9
	compression.type = none
	compression.zstd.level = 3
	connections.max.idle.ms = 10000
	delivery.timeout.ms = 120000
	enable.idempotence = true
	enable.metrics.push = true
	interceptor.classes = []
	key.serializer = class org.apache.kafka.common.serialization.StringSerializer
	linger.ms = 0
	max.block.ms = 60000
	max.in.flight.requests.per.connection = 5
	max.request.size = 1048576
	metadata.max.age.ms = 300000
	metadata.max.idle.ms = 300000
	metadata.recovery.strategy = none
	metric.reporters = []
	metrics.num.samples = 2
	metrics.recording.level = INFO
	metrics.sample.window.ms = 30000
	partitioner.adaptive.partitioning.enable = true
	partitioner.availability.timeout.ms = 0
	partitioner.class = null
	partitioner.ignore.keys = false
	receive.buffer.bytes = 32768
	reconnect.backoff.max.ms = 1000
	reconnect.backoff.ms = 50
	request.timeout.ms = 5000
	retries = 2147483647
	retry.backoff.max.ms = 1000
	retry.backoff.ms = 100
	sasl.client.callback.handler.class = null
	sasl.jaas.config = null
	sasl.kerberos.kinit.cmd = /usr/bin/kinit
	sasl.kerberos.min.time.before.relogin = 60000
	sasl.kerberos.service.name = null
	sasl.kerberos.ticket.renew.jitter = 0.05
	sasl.kerberos.ticket.renew.window.factor = 0.8
	sasl.login.callback.handler.class = null
	sasl.login.class = null
	sasl.login.connect.timeout.ms = null
	sasl.login.read.timeout.ms = null
	sasl.login.refresh.buffer.seconds = 300
	sasl.login.refresh.min.period.seconds = 60
	sasl.login.refresh.window.factor = 0.8
	sasl.login.refresh.window.jitter = 0.05
	sasl.login.retry.backoff.max.ms = 10000
	sasl.login.retry.backoff.ms = 100
	sasl.mechanism = GSSAPI
	sasl.oauthbearer.clock.skew.seconds = 30
	sasl.oauthbearer.expected.audience = null
	sasl.oauthbearer.expected.issuer = null
	sasl.oauthbearer.header.urlencode = false
	sasl.oauthbearer.jwks.endpoint.refresh.ms = 3600000
	sasl.oauthbearer.jwks.endpoint.retry.backoff.max.ms = 10000
	sasl.oauthbearer.jwks.endpoint.retry.backoff.ms = 100
	sasl.oauthbearer.jwks.endpoint.url = null
	sasl.oauthbearer.scope.claim.name = scope
	sasl.oauthbearer.sub.claim.name = sub
	sasl.oauthbearer.token.endpoint.url = null
	security.protocol = PLAINTEXT
	security.providers = null
	send.buffer.bytes = 131072
	socket.connection.setup.timeout.max.ms = 30000
	socket.connection.setup.timeout.ms = 10000
	ssl.cipher.suites = null
	ssl.enabled.protocols = [TLSv1.2, TLSv1.3]
	ssl.endpoint.identification.algorithm = https
	ssl.engine.factory.class = null
	ssl.key.password = null
	ssl.keymanager.algorithm = SunX509
	ssl.keystore.certificate.chain = null
	ssl.keystore.key = null
	ssl.keystore.location = null
	ssl.keystore.password = null
	ssl.keystore.type = JKS
	ssl.protocol = TLSv1.3
	ssl.provider = null
	ssl.secure.random.implementation = null
	ssl.trustmanager.algorithm = PKIX
	ssl.truststore.certificates = null
	ssl.truststore.location = null
	ssl.truststore.password = null
	ssl.truststore.type = JKS
	transaction.timeout.ms = 60000
	transactional.id = null
	value.serializer = class io.apicurio.registry.serde.avro.AvroKafkaSerializer

2025-08-05 18:22:29,386 INFO  [org.apa.kaf.com.tel.int.KafkaMetricsCollector] (main) initializing Kafka metrics collector
2025-08-05 18:22:29,390 INFO  [org.apa.kaf.cli.pro.KafkaProducer] (main) [Producer clientId=Producer-topic-849e7315_9ab2_4010_9b41_492bf46a9e8f] Instantiated an idempotent producer.
2025-08-05 18:22:29,392 INFO  [org.apa.kaf.cli.pro.ProducerConfig] (main) These configurations '[apicurio.registry.find-latest, apicurio.registry.url, apicurio.registry.artifact-resolver-strategy]' were supplied but are not used yet.
2025-08-05 18:22:29,392 INFO  [org.apa.kaf.com.uti.AppInfoParser] (main) Kafka version: 3.9.1
2025-08-05 18:22:29,392 INFO  [org.apa.kaf.com.uti.AppInfoParser] (main) Kafka commitId: f745dfdcee2b9851
2025-08-05 18:22:29,392 INFO  [org.apa.kaf.com.uti.AppInfoParser] (main) Kafka startTimeMs: 1754418149392
2025-08-05 18:22:29,392 INFO  [io.api.tes.ser.api.SimpleSerdesTesterBuilder$SimpleSerdesTester] (main) Using producer configuration: {apicurio.registry.find-latest=true, apicurio.registry.url=http://registry-app-inmemory.apps.ci419.apicurio-testing.org:80/apis/registry/v3, apicurio.registry.artifact-resolver-strategy=io.apicurio.registry.serde.avro.strategy.RecordIdStrategy, value.serializer=io.apicurio.registry.serde.avro.AvroKafkaSerializer, request.timeout.ms=5000, acks=all, bootstrap.servers=PLAINTEXT://localhost:32769, connections.max.idle.ms=10000, key.serializer=org.apache.kafka.common.serialization.StringSerializer, client.id=Producer-topic-849e7315_9ab2_4010_9b41_492bf46a9e8f}
2025-08-05 18:22:29,392 INFO  [io.api.tes.ser.api.SimpleSerdesTesterBuilder$SimpleSerdesTester] (main) Using consumer configuration: {}
2025-08-05 18:22:29,394 INFO  [io.api.tes.ser.api.KafkaSerdesTester] (Thread-627) Sending message {"key11754418148215": "value-0"} to topic topic-849e7315_9ab2_4010_9b41_492bf46a9e8f
2025-08-05 18:22:29,400 INFO  [org.apa.kaf.cli.Metadata] (kafka-producer-network-thread | Producer-topic-849e7315_9ab2_4010_9b41_492bf46a9e8f) [Producer clientId=Producer-topic-849e7315_9ab2_4010_9b41_492bf46a9e8f] Cluster ID: PopyJKdlRzKjlQHMpYFwRA
2025-08-05 18:22:29,402 INFO  [org.apa.kaf.cli.pro.int.TransactionManager] (kafka-producer-network-thread | Producer-topic-849e7315_9ab2_4010_9b41_492bf46a9e8f) [Producer clientId=Producer-topic-849e7315_9ab2_4010_9b41_492bf46a9e8f] ProducerId set to 5 with epoch 0
2025-08-05 18:22:29,711 INFO  [io.api.tes.ser.api.KafkaSerdesTester] (Thread-627) Sending message {"key11754418148215": "value-1"} to topic topic-849e7315_9ab2_4010_9b41_492bf46a9e8f
2025-08-05 18:22:29,713 INFO  [io.api.tes.ser.api.KafkaSerdesTester] (Thread-627) Sending message {"key11754418148215": "value-2"} to topic topic-849e7315_9ab2_4010_9b41_492bf46a9e8f
2025-08-05 18:22:29,715 INFO  [io.api.tes.ser.api.KafkaSerdesTester] (Thread-627) Sending message {"key11754418148215": "value-3"} to topic topic-849e7315_9ab2_4010_9b41_492bf46a9e8f
2025-08-05 18:22:29,716 INFO  [io.api.tes.ser.api.KafkaSerdesTester] (Thread-627) Sending message {"key11754418148215": "value-4"} to topic topic-849e7315_9ab2_4010_9b41_492bf46a9e8f
2025-08-05 18:22:29,719 INFO  [io.api.tes.ser.api.KafkaSerdesTester] (Thread-627) Sending message {"key11754418148215": "value-5"} to topic topic-849e7315_9ab2_4010_9b41_492bf46a9e8f
2025-08-05 18:22:29,720 INFO  [io.api.tes.ser.api.KafkaSerdesTester] (Thread-627) Sending message {"key11754418148215": "value-6"} to topic topic-849e7315_9ab2_4010_9b41_492bf46a9e8f
2025-08-05 18:22:29,722 INFO  [io.api.tes.ser.api.KafkaSerdesTester] (Thread-627) Sending message {"key11754418148215": "value-7"} to topic topic-849e7315_9ab2_4010_9b41_492bf46a9e8f
2025-08-05 18:22:29,724 INFO  [io.api.tes.ser.api.KafkaSerdesTester] (Thread-627) Sending message {"key11754418148215": "value-8"} to topic topic-849e7315_9ab2_4010_9b41_492bf46a9e8f
2025-08-05 18:22:29,727 INFO  [io.api.tes.ser.api.KafkaSerdesTester] (Thread-627) Sending message {"key11754418148215": "value-9"} to topic topic-849e7315_9ab2_4010_9b41_492bf46a9e8f
2025-08-05 18:22:29,729 INFO  [io.api.tes.ser.api.KafkaSerdesTester] (Thread-627) Produced 10 messages
2025-08-05 18:22:29,729 INFO  [org.apa.kaf.cli.pro.KafkaProducer] (Thread-627) [Producer clientId=Producer-topic-849e7315_9ab2_4010_9b41_492bf46a9e8f] Closing the Kafka producer with timeoutMillis = 9223372036854775807 ms.
2025-08-05 18:22:29,732 INFO  [org.apa.kaf.com.met.Metrics] (Thread-627) Metrics scheduler closed
2025-08-05 18:22:29,732 INFO  [org.apa.kaf.com.met.Metrics] (Thread-627) Closing reporter org.apache.kafka.common.metrics.JmxReporter
2025-08-05 18:22:29,732 INFO  [org.apa.kaf.com.met.Metrics] (Thread-627) Closing reporter org.apache.kafka.common.telemetry.internals.ClientTelemetryReporter
2025-08-05 18:22:29,732 INFO  [org.apa.kaf.com.met.Metrics] (Thread-627) Metrics reporters closed
2025-08-05 18:22:29,732 INFO  [org.apa.kaf.com.uti.AppInfoParser] (Thread-627) App info kafka.producer for Producer-topic-849e7315_9ab2_4010_9b41_492bf46a9e8f unregistered
**** Registry Base URL: http://registry-app-inmemory.apps.ci419.apicurio-testing.org:80
2025-08-05 18:22:29,733 INFO  [org.apa.kaf.cli.con.ConsumerConfig] (main) ConsumerConfig values: 
	allow.auto.create.topics = true
	auto.commit.interval.ms = 500
	auto.include.jmx.reporter = true
	auto.offset.reset = earliest
	bootstrap.servers = [PLAINTEXT://localhost:32769]
	check.crcs = true
	client.dns.lookup = use_all_dns_ips
	client.id = consumer-Consumer-topic-849e7315_9ab2_4010_9b41_492bf46a9e8f-5
	client.rack = 
	connections.max.idle.ms = 10000
	default.api.timeout.ms = 60000
	enable.auto.commit = true
	enable.metrics.push = true
	exclude.internal.topics = true
	fetch.max.bytes = 52428800
	fetch.max.wait.ms = 500
	fetch.min.bytes = 1
	group.id = Consumer-topic-849e7315_9ab2_4010_9b41_492bf46a9e8f
	group.instance.id = null
	group.protocol = classic
	group.remote.assignor = null
	heartbeat.interval.ms = 3000
	interceptor.classes = []
	internal.leave.group.on.close = true
	internal.throw.on.fetch.stable.offset.unsupported = false
	isolation.level = read_uncommitted
	key.deserializer = class org.apache.kafka.common.serialization.StringDeserializer
	max.partition.fetch.bytes = 1048576
	max.poll.interval.ms = 300000
	max.poll.records = 500
	metadata.max.age.ms = 300000
	metadata.recovery.strategy = none
	metric.reporters = []
	metrics.num.samples = 2
	metrics.recording.level = INFO
	metrics.sample.window.ms = 30000
	partition.assignment.strategy = [class org.apache.kafka.clients.consumer.RangeAssignor, class org.apache.kafka.clients.consumer.CooperativeStickyAssignor]
	receive.buffer.bytes = 65536
	reconnect.backoff.max.ms = 1000
	reconnect.backoff.ms = 50
	request.timeout.ms = 5000
	retry.backoff.max.ms = 1000
	retry.backoff.ms = 100
	sasl.client.callback.handler.class = null
	sasl.jaas.config = null
	sasl.kerberos.kinit.cmd = /usr/bin/kinit
	sasl.kerberos.min.time.before.relogin = 60000
	sasl.kerberos.service.name = null
	sasl.kerberos.ticket.renew.jitter = 0.05
	sasl.kerberos.ticket.renew.window.factor = 0.8
	sasl.login.callback.handler.class = null
	sasl.login.class = null
	sasl.login.connect.timeout.ms = null
	sasl.login.read.timeout.ms = null
	sasl.login.refresh.buffer.seconds = 300
	sasl.login.refresh.min.period.seconds = 60
	sasl.login.refresh.window.factor = 0.8
	sasl.login.refresh.window.jitter = 0.05
	sasl.login.retry.backoff.max.ms = 10000
	sasl.login.retry.backoff.ms = 100
	sasl.mechanism = GSSAPI
	sasl.oauthbearer.clock.skew.seconds = 30
	sasl.oauthbearer.expected.audience = null
	sasl.oauthbearer.expected.issuer = null
	sasl.oauthbearer.header.urlencode = false
	sasl.oauthbearer.jwks.endpoint.refresh.ms = 3600000
	sasl.oauthbearer.jwks.endpoint.retry.backoff.max.ms = 10000
	sasl.oauthbearer.jwks.endpoint.retry.backoff.ms = 100
	sasl.oauthbearer.jwks.endpoint.url = null
	sasl.oauthbearer.scope.claim.name = scope
	sasl.oauthbearer.sub.claim.name = sub
	sasl.oauthbearer.token.endpoint.url = null
	security.protocol = PLAINTEXT
	security.providers = null
	send.buffer.bytes = 131072
	session.timeout.ms = 45000
	socket.connection.setup.timeout.max.ms = 30000
	socket.connection.setup.timeout.ms = 10000
	ssl.cipher.suites = null
	ssl.enabled.protocols = [TLSv1.2, TLSv1.3]
	ssl.endpoint.identification.algorithm = https
	ssl.engine.factory.class = null
	ssl.key.password = null
	ssl.keymanager.algorithm = SunX509
	ssl.keystore.certificate.chain = null
	ssl.keystore.key = null
	ssl.keystore.location = null
	ssl.keystore.password = null
	ssl.keystore.type = JKS
	ssl.protocol = TLSv1.3
	ssl.provider = null
	ssl.secure.random.implementation = null
	ssl.trustmanager.algorithm = PKIX
	ssl.truststore.certificates = null
	ssl.truststore.location = null
	ssl.truststore.password = null
	ssl.truststore.type = JKS
	value.deserializer = class io.apicurio.registry.serde.avro.AvroKafkaDeserializer

2025-08-05 18:22:29,733 INFO  [org.apa.kaf.com.tel.int.KafkaMetricsCollector] (main) initializing Kafka metrics collector
2025-08-05 18:22:29,746 INFO  [org.apa.kaf.cli.con.ConsumerConfig] (main) These configurations '[apicurio.registry.url]' were supplied but are not used yet.
2025-08-05 18:22:29,747 INFO  [org.apa.kaf.com.uti.AppInfoParser] (main) Kafka version: 3.9.1
2025-08-05 18:22:29,747 INFO  [org.apa.kaf.com.uti.AppInfoParser] (main) Kafka commitId: f745dfdcee2b9851
2025-08-05 18:22:29,747 INFO  [org.apa.kaf.com.uti.AppInfoParser] (main) Kafka startTimeMs: 1754418149747
2025-08-05 18:22:29,750 INFO  [org.apa.kaf.cli.con.int.ClassicKafkaConsumer] (Thread-630) [Consumer clientId=consumer-Consumer-topic-849e7315_9ab2_4010_9b41_492bf46a9e8f-5, groupId=Consumer-topic-849e7315_9ab2_4010_9b41_492bf46a9e8f] Subscribed to topic(s): topic-849e7315_9ab2_4010_9b41_492bf46a9e8f
2025-08-05 18:22:29,762 INFO  [org.apa.kaf.cli.Metadata] (Thread-630) [Consumer clientId=consumer-Consumer-topic-849e7315_9ab2_4010_9b41_492bf46a9e8f-5, groupId=Consumer-topic-849e7315_9ab2_4010_9b41_492bf46a9e8f] Cluster ID: PopyJKdlRzKjlQHMpYFwRA
2025-08-05 18:22:29,762 INFO  [org.apa.kaf.cli.con.int.ConsumerCoordinator] (Thread-630) [Consumer clientId=consumer-Consumer-topic-849e7315_9ab2_4010_9b41_492bf46a9e8f-5, groupId=Consumer-topic-849e7315_9ab2_4010_9b41_492bf46a9e8f] Discovered group coordinator localhost:32769 (id: 2147483647 rack: null)
2025-08-05 18:22:29,768 INFO  [org.apa.kaf.cli.con.int.ConsumerCoordinator] (Thread-630) [Consumer clientId=consumer-Consumer-topic-849e7315_9ab2_4010_9b41_492bf46a9e8f-5, groupId=Consumer-topic-849e7315_9ab2_4010_9b41_492bf46a9e8f] (Re-)joining group
2025-08-05 18:22:29,773 INFO  [org.apa.kaf.cli.con.int.ConsumerCoordinator] (Thread-630) [Consumer clientId=consumer-Consumer-topic-849e7315_9ab2_4010_9b41_492bf46a9e8f-5, groupId=Consumer-topic-849e7315_9ab2_4010_9b41_492bf46a9e8f] Request joining group due to: need to re-join with the given member-id: consumer-Consumer-topic-849e7315_9ab2_4010_9b41_492bf46a9e8f-5-5050b3ab-383a-426a-a469-57d08422c526
2025-08-05 18:22:29,773 INFO  [org.apa.kaf.cli.con.int.ConsumerCoordinator] (Thread-630) [Consumer clientId=consumer-Consumer-topic-849e7315_9ab2_4010_9b41_492bf46a9e8f-5, groupId=Consumer-topic-849e7315_9ab2_4010_9b41_492bf46a9e8f] (Re-)joining group
2025-08-05 18:22:30,750 INFO  [io.api.tes.ser.api.KafkaSerdesTester] (Thread-630) None found
2025-08-05 18:22:31,751 INFO  [io.api.tes.ser.api.KafkaSerdesTester] (Thread-630) None found
2025-08-05 18:22:32,751 INFO  [io.api.tes.ser.api.KafkaSerdesTester] (Thread-630) None found
2025-08-05 18:22:32,776 INFO  [org.apa.kaf.cli.con.int.ConsumerCoordinator] (Thread-630) [Consumer clientId=consumer-Consumer-topic-849e7315_9ab2_4010_9b41_492bf46a9e8f-5, groupId=Consumer-topic-849e7315_9ab2_4010_9b41_492bf46a9e8f] Successfully joined group with generation Generation{generationId=1, memberId='consumer-Consumer-topic-849e7315_9ab2_4010_9b41_492bf46a9e8f-5-5050b3ab-383a-426a-a469-57d08422c526', protocol='range'}
2025-08-05 18:22:32,776 INFO  [org.apa.kaf.cli.con.int.ConsumerCoordinator] (Thread-630) [Consumer clientId=consumer-Consumer-topic-849e7315_9ab2_4010_9b41_492bf46a9e8f-5, groupId=Consumer-topic-849e7315_9ab2_4010_9b41_492bf46a9e8f] Finished assignment for group at generation 1: {consumer-Consumer-topic-849e7315_9ab2_4010_9b41_492bf46a9e8f-5-5050b3ab-383a-426a-a469-57d08422c526=Assignment(partitions=[topic-849e7315_9ab2_4010_9b41_492bf46a9e8f-0])}
2025-08-05 18:22:32,783 INFO  [org.apa.kaf.cli.con.int.ConsumerCoordinator] (Thread-630) [Consumer clientId=consumer-Consumer-topic-849e7315_9ab2_4010_9b41_492bf46a9e8f-5, groupId=Consumer-topic-849e7315_9ab2_4010_9b41_492bf46a9e8f] Successfully synced group in generation Generation{generationId=1, memberId='consumer-Consumer-topic-849e7315_9ab2_4010_9b41_492bf46a9e8f-5-5050b3ab-383a-426a-a469-57d08422c526', protocol='range'}
2025-08-05 18:22:32,783 INFO  [org.apa.kaf.cli.con.int.ConsumerCoordinator] (Thread-630) [Consumer clientId=consumer-Consumer-topic-849e7315_9ab2_4010_9b41_492bf46a9e8f-5, groupId=Consumer-topic-849e7315_9ab2_4010_9b41_492bf46a9e8f] Notifying assignor about the new Assignment(partitions=[topic-849e7315_9ab2_4010_9b41_492bf46a9e8f-0])
2025-08-05 18:22:32,783 INFO  [org.apa.kaf.cli.con.int.ConsumerRebalanceListenerInvoker] (Thread-630) [Consumer clientId=consumer-Consumer-topic-849e7315_9ab2_4010_9b41_492bf46a9e8f-5, groupId=Consumer-topic-849e7315_9ab2_4010_9b41_492bf46a9e8f] Adding newly assigned partitions: topic-849e7315_9ab2_4010_9b41_492bf46a9e8f-0
2025-08-05 18:22:32,784 INFO  [org.apa.kaf.cli.con.int.ConsumerCoordinator] (Thread-630) [Consumer clientId=consumer-Consumer-topic-849e7315_9ab2_4010_9b41_492bf46a9e8f-5, groupId=Consumer-topic-849e7315_9ab2_4010_9b41_492bf46a9e8f] Found no committed offset for partition topic-849e7315_9ab2_4010_9b41_492bf46a9e8f-0
2025-08-05 18:22:32,788 INFO  [org.apa.kaf.cli.con.int.SubscriptionState] (Thread-630) [Consumer clientId=consumer-Consumer-topic-849e7315_9ab2_4010_9b41_492bf46a9e8f-5, groupId=Consumer-topic-849e7315_9ab2_4010_9b41_492bf46a9e8f] Resetting offset for partition topic-849e7315_9ab2_4010_9b41_492bf46a9e8f-0 to position FetchPosition{offset=0, offsetEpoch=Optional.empty, currentLeader=LeaderAndEpoch{leader=Optional[localhost:32769 (id: 0 rack: null)], epoch=0}}.
2025-08-05 18:22:33,024 INFO  [io.api.tes.ser.api.KafkaSerdesTester] (Thread-630) topic-849e7315_9ab2_4010_9b41_492bf46a9e8f 0 0 {"key11754418148215": "value-0"}
2025-08-05 18:22:33,024 INFO  [io.api.tes.ser.api.KafkaSerdesTester] (Thread-630) topic-849e7315_9ab2_4010_9b41_492bf46a9e8f 0 1 {"key11754418148215": "value-1"}
2025-08-05 18:22:33,024 INFO  [io.api.tes.ser.api.KafkaSerdesTester] (Thread-630) topic-849e7315_9ab2_4010_9b41_492bf46a9e8f 0 2 {"key11754418148215": "value-2"}
2025-08-05 18:22:33,024 INFO  [io.api.tes.ser.api.KafkaSerdesTester] (Thread-630) topic-849e7315_9ab2_4010_9b41_492bf46a9e8f 0 3 {"key11754418148215": "value-3"}
2025-08-05 18:22:33,024 INFO  [io.api.tes.ser.api.KafkaSerdesTester] (Thread-630) topic-849e7315_9ab2_4010_9b41_492bf46a9e8f 0 4 {"key11754418148215": "value-4"}
2025-08-05 18:22:33,024 INFO  [io.api.tes.ser.api.KafkaSerdesTester] (Thread-630) topic-849e7315_9ab2_4010_9b41_492bf46a9e8f 0 5 {"key11754418148215": "value-5"}
2025-08-05 18:22:33,024 INFO  [io.api.tes.ser.api.KafkaSerdesTester] (Thread-630) topic-849e7315_9ab2_4010_9b41_492bf46a9e8f 0 6 {"key11754418148215": "value-6"}
2025-08-05 18:22:33,025 INFO  [io.api.tes.ser.api.KafkaSerdesTester] (Thread-630) topic-849e7315_9ab2_4010_9b41_492bf46a9e8f 0 7 {"key11754418148215": "value-7"}
2025-08-05 18:22:33,025 INFO  [io.api.tes.ser.api.KafkaSerdesTester] (Thread-630) topic-849e7315_9ab2_4010_9b41_492bf46a9e8f 0 8 {"key11754418148215": "value-8"}
2025-08-05 18:22:33,025 INFO  [io.api.tes.ser.api.KafkaSerdesTester] (Thread-630) topic-849e7315_9ab2_4010_9b41_492bf46a9e8f 0 9 {"key11754418148215": "value-9"}
2025-08-05 18:22:33,025 INFO  [io.api.tes.ser.api.KafkaSerdesTester] (Thread-630) Consumed 10 messages
2025-08-05 18:22:33,032 INFO  [org.apa.kaf.cli.con.int.ConsumerRebalanceListenerInvoker] (Thread-630) [Consumer clientId=consumer-Consumer-topic-849e7315_9ab2_4010_9b41_492bf46a9e8f-5, groupId=Consumer-topic-849e7315_9ab2_4010_9b41_492bf46a9e8f] Revoke previously assigned partitions topic-849e7315_9ab2_4010_9b41_492bf46a9e8f-0
2025-08-05 18:22:33,032 INFO  [org.apa.kaf.cli.con.int.ConsumerCoordinator] (Thread-630) [Consumer clientId=consumer-Consumer-topic-849e7315_9ab2_4010_9b41_492bf46a9e8f-5, groupId=Consumer-topic-849e7315_9ab2_4010_9b41_492bf46a9e8f] Member consumer-Consumer-topic-849e7315_9ab2_4010_9b41_492bf46a9e8f-5-5050b3ab-383a-426a-a469-57d08422c526 sending LeaveGroup request to coordinator localhost:32769 (id: 2147483647 rack: null) due to the consumer is being closed
2025-08-05 18:22:33,032 INFO  [org.apa.kaf.cli.con.int.ConsumerCoordinator] (Thread-630) [Consumer clientId=consumer-Consumer-topic-849e7315_9ab2_4010_9b41_492bf46a9e8f-5, groupId=Consumer-topic-849e7315_9ab2_4010_9b41_492bf46a9e8f] Resetting generation and member id due to: consumer pro-actively leaving the group
2025-08-05 18:22:33,032 INFO  [org.apa.kaf.cli.con.int.ConsumerCoordinator] (Thread-630) [Consumer clientId=consumer-Consumer-topic-849e7315_9ab2_4010_9b41_492bf46a9e8f-5, groupId=Consumer-topic-849e7315_9ab2_4010_9b41_492bf46a9e8f] Request joining group due to: consumer pro-actively leaving the group
2025-08-05 18:22:33,528 INFO  [org.apa.kaf.com.met.Metrics] (Thread-630) Metrics scheduler closed
2025-08-05 18:22:33,528 INFO  [org.apa.kaf.com.met.Metrics] (Thread-630) Closing reporter org.apache.kafka.common.metrics.JmxReporter
2025-08-05 18:22:33,528 INFO  [org.apa.kaf.com.met.Metrics] (Thread-630) Closing reporter org.apache.kafka.common.telemetry.internals.ClientTelemetryReporter
2025-08-05 18:22:33,528 INFO  [org.apa.kaf.com.met.Metrics] (Thread-630) Metrics reporters closed
2025-08-05 18:22:33,530 INFO  [org.apa.kaf.com.uti.AppInfoParser] (Thread-630) App info kafka.consumer for consumer-Consumer-topic-849e7315_9ab2_4010_9b41_492bf46a9e8f-5 unregistered
2025-08-05 18:22:33,531 INFO  [io.api.tes.uti.TestSeparator] (main) io.apicurio.tests.serdes.apicurio.AvroSerdeIT.testRecordIdStrategydFindLatest-FINISHED
2025-08-05 18:22:33,531 INFO  [io.api.tes.uti.TestSeparator] (main) ############################################################################
Test passed: testRecordIdStrategydFindLatest
]]></system-out>
  </testcase>
  <testcase name="testReflectAutoRegister" classname="io.apicurio.tests.serdes.apicurio.AvroSerdeIT" time="4.347">
    <system-out><![CDATA[2025-08-05 18:22:33,534 INFO  [io.api.tes.uti.TestSeparator] (main) ############################################################################
2025-08-05 18:22:33,534 INFO  [io.api.tes.uti.TestSeparator] (main) io.apicurio.tests.serdes.apicurio.AvroSerdeIT.testReflectAutoRegister-STARTED
**** Registry Base URL: http://registry-app-inmemory.apps.ci419.apicurio-testing.org:80
2025-08-05 18:22:33,536 INFO  [org.apa.kaf.cli.pro.ProducerConfig] (main) ProducerConfig values: 
	acks = -1
	auto.include.jmx.reporter = true
	batch.size = 16384
	bootstrap.servers = [PLAINTEXT://localhost:32769]
	buffer.memory = 33554432
	client.dns.lookup = use_all_dns_ips
	client.id = Producer-topic-b5c61813_f4e5_40ac_ac41_9976f0d1b75d
	compression.gzip.level = -1
	compression.lz4.level = 9
	compression.type = none
	compression.zstd.level = 3
	connections.max.idle.ms = 10000
	delivery.timeout.ms = 120000
	enable.idempotence = true
	enable.metrics.push = true
	interceptor.classes = []
	key.serializer = class org.apache.kafka.common.serialization.StringSerializer
	linger.ms = 0
	max.block.ms = 60000
	max.in.flight.requests.per.connection = 5
	max.request.size = 1048576
	metadata.max.age.ms = 300000
	metadata.max.idle.ms = 300000
	metadata.recovery.strategy = none
	metric.reporters = []
	metrics.num.samples = 2
	metrics.recording.level = INFO
	metrics.sample.window.ms = 30000
	partitioner.adaptive.partitioning.enable = true
	partitioner.availability.timeout.ms = 0
	partitioner.class = null
	partitioner.ignore.keys = false
	receive.buffer.bytes = 32768
	reconnect.backoff.max.ms = 1000
	reconnect.backoff.ms = 50
	request.timeout.ms = 5000
	retries = 2147483647
	retry.backoff.max.ms = 1000
	retry.backoff.ms = 100
	sasl.client.callback.handler.class = null
	sasl.jaas.config = null
	sasl.kerberos.kinit.cmd = /usr/bin/kinit
	sasl.kerberos.min.time.before.relogin = 60000
	sasl.kerberos.service.name = null
	sasl.kerberos.ticket.renew.jitter = 0.05
	sasl.kerberos.ticket.renew.window.factor = 0.8
	sasl.login.callback.handler.class = null
	sasl.login.class = null
	sasl.login.connect.timeout.ms = null
	sasl.login.read.timeout.ms = null
	sasl.login.refresh.buffer.seconds = 300
	sasl.login.refresh.min.period.seconds = 60
	sasl.login.refresh.window.factor = 0.8
	sasl.login.refresh.window.jitter = 0.05
	sasl.login.retry.backoff.max.ms = 10000
	sasl.login.retry.backoff.ms = 100
	sasl.mechanism = GSSAPI
	sasl.oauthbearer.clock.skew.seconds = 30
	sasl.oauthbearer.expected.audience = null
	sasl.oauthbearer.expected.issuer = null
	sasl.oauthbearer.header.urlencode = false
	sasl.oauthbearer.jwks.endpoint.refresh.ms = 3600000
	sasl.oauthbearer.jwks.endpoint.retry.backoff.max.ms = 10000
	sasl.oauthbearer.jwks.endpoint.retry.backoff.ms = 100
	sasl.oauthbearer.jwks.endpoint.url = null
	sasl.oauthbearer.scope.claim.name = scope
	sasl.oauthbearer.sub.claim.name = sub
	sasl.oauthbearer.token.endpoint.url = null
	security.protocol = PLAINTEXT
	security.providers = null
	send.buffer.bytes = 131072
	socket.connection.setup.timeout.max.ms = 30000
	socket.connection.setup.timeout.ms = 10000
	ssl.cipher.suites = null
	ssl.enabled.protocols = [TLSv1.2, TLSv1.3]
	ssl.endpoint.identification.algorithm = https
	ssl.engine.factory.class = null
	ssl.key.password = null
	ssl.keymanager.algorithm = SunX509
	ssl.keystore.certificate.chain = null
	ssl.keystore.key = null
	ssl.keystore.location = null
	ssl.keystore.password = null
	ssl.keystore.type = JKS
	ssl.protocol = TLSv1.3
	ssl.provider = null
	ssl.secure.random.implementation = null
	ssl.trustmanager.algorithm = PKIX
	ssl.truststore.certificates = null
	ssl.truststore.location = null
	ssl.truststore.password = null
	ssl.truststore.type = JKS
	transaction.timeout.ms = 60000
	transactional.id = null
	value.serializer = class io.apicurio.registry.serde.avro.AvroKafkaSerializer

2025-08-05 18:22:33,537 INFO  [org.apa.kaf.com.tel.int.KafkaMetricsCollector] (main) initializing Kafka metrics collector
2025-08-05 18:22:33,547 INFO  [org.apa.kaf.cli.pro.KafkaProducer] (main) [Producer clientId=Producer-topic-b5c61813_f4e5_40ac_ac41_9976f0d1b75d] Instantiated an idempotent producer.
2025-08-05 18:22:33,551 INFO  [org.apa.kaf.cli.pro.ProducerConfig] (main) These configurations '[apicurio.registry.url, apicurio.registry.auto-register, apicurio.registry.artifact-resolver-strategy, apicurio.registry.avro-datum-provider]' were supplied but are not used yet.
2025-08-05 18:22:33,551 INFO  [org.apa.kaf.com.uti.AppInfoParser] (main) Kafka version: 3.9.1
2025-08-05 18:22:33,551 INFO  [org.apa.kaf.com.uti.AppInfoParser] (main) Kafka commitId: f745dfdcee2b9851
2025-08-05 18:22:33,551 INFO  [org.apa.kaf.com.uti.AppInfoParser] (main) Kafka startTimeMs: 1754418153551
2025-08-05 18:22:33,551 INFO  [io.api.tes.ser.api.SimpleSerdesTesterBuilder$SimpleSerdesTester] (main) Using producer configuration: {apicurio.registry.url=http://registry-app-inmemory.apps.ci419.apicurio-testing.org:80/apis/registry/v3, apicurio.registry.auto-register=true, apicurio.registry.artifact-resolver-strategy=io.apicurio.registry.serde.strategy.TopicIdStrategy, value.serializer=io.apicurio.registry.serde.avro.AvroKafkaSerializer, request.timeout.ms=5000, acks=all, bootstrap.servers=PLAINTEXT://localhost:32769, connections.max.idle.ms=10000, key.serializer=org.apache.kafka.common.serialization.StringSerializer, apicurio.registry.avro-datum-provider=io.apicurio.registry.serde.avro.ReflectAvroDatumProvider, client.id=Producer-topic-b5c61813_f4e5_40ac_ac41_9976f0d1b75d}
2025-08-05 18:22:33,551 INFO  [io.api.tes.ser.api.SimpleSerdesTesterBuilder$SimpleSerdesTester] (main) Using consumer configuration: {apicurio.registry.avro-datum-provider=io.apicurio.registry.serde.avro.ReflectAvroDatumProvider}
2025-08-05 18:22:33,551 INFO  [io.api.tes.ser.api.KafkaSerdesTester] (Thread-633) Sending message io.apicurio.tests.common.serdes.TestObject@3dbd29cb to topic topic-b5c61813_f4e5_40ac_ac41_9976f0d1b75d
2025-08-05 18:22:33,558 WARN  [org.apa.kaf.cli.NetworkClient] (kafka-producer-network-thread | Producer-topic-b5c61813_f4e5_40ac_ac41_9976f0d1b75d) [Producer clientId=Producer-topic-b5c61813_f4e5_40ac_ac41_9976f0d1b75d] The metadata response from the cluster reported a recoverable issue with correlation id 1 : {topic-b5c61813_f4e5_40ac_ac41_9976f0d1b75d=UNKNOWN_TOPIC_OR_PARTITION}
2025-08-05 18:22:33,558 INFO  [org.apa.kaf.cli.Metadata] (kafka-producer-network-thread | Producer-topic-b5c61813_f4e5_40ac_ac41_9976f0d1b75d) [Producer clientId=Producer-topic-b5c61813_f4e5_40ac_ac41_9976f0d1b75d] Cluster ID: PopyJKdlRzKjlQHMpYFwRA
2025-08-05 18:22:33,558 INFO  [org.apa.kaf.cli.pro.int.TransactionManager] (kafka-producer-network-thread | Producer-topic-b5c61813_f4e5_40ac_ac41_9976f0d1b75d) [Producer clientId=Producer-topic-b5c61813_f4e5_40ac_ac41_9976f0d1b75d] ProducerId set to 6 with epoch 0
2025-08-05 18:22:33,849 INFO  [io.api.tes.ser.api.KafkaSerdesTester] (Thread-633) Sending message io.apicurio.tests.common.serdes.TestObject@3dbd29cb to topic topic-b5c61813_f4e5_40ac_ac41_9976f0d1b75d
2025-08-05 18:22:33,852 INFO  [io.api.tes.ser.api.KafkaSerdesTester] (Thread-633) Sending message io.apicurio.tests.common.serdes.TestObject@3dbd29cb to topic topic-b5c61813_f4e5_40ac_ac41_9976f0d1b75d
2025-08-05 18:22:33,855 INFO  [io.api.tes.ser.api.KafkaSerdesTester] (Thread-633) Sending message io.apicurio.tests.common.serdes.TestObject@3dbd29cb to topic topic-b5c61813_f4e5_40ac_ac41_9976f0d1b75d
2025-08-05 18:22:33,858 INFO  [io.api.tes.ser.api.KafkaSerdesTester] (Thread-633) Sending message io.apicurio.tests.common.serdes.TestObject@3dbd29cb to topic topic-b5c61813_f4e5_40ac_ac41_9976f0d1b75d
2025-08-05 18:22:33,859 INFO  [io.api.tes.ser.api.KafkaSerdesTester] (Thread-633) Sending message io.apicurio.tests.common.serdes.TestObject@3dbd29cb to topic topic-b5c61813_f4e5_40ac_ac41_9976f0d1b75d
2025-08-05 18:22:33,862 INFO  [io.api.tes.ser.api.KafkaSerdesTester] (Thread-633) Sending message io.apicurio.tests.common.serdes.TestObject@3dbd29cb to topic topic-b5c61813_f4e5_40ac_ac41_9976f0d1b75d
2025-08-05 18:22:33,863 INFO  [io.api.tes.ser.api.KafkaSerdesTester] (Thread-633) Sending message io.apicurio.tests.common.serdes.TestObject@3dbd29cb to topic topic-b5c61813_f4e5_40ac_ac41_9976f0d1b75d
2025-08-05 18:22:33,865 INFO  [io.api.tes.ser.api.KafkaSerdesTester] (Thread-633) Sending message io.apicurio.tests.common.serdes.TestObject@3dbd29cb to topic topic-b5c61813_f4e5_40ac_ac41_9976f0d1b75d
2025-08-05 18:22:33,867 INFO  [io.api.tes.ser.api.KafkaSerdesTester] (Thread-633) Sending message io.apicurio.tests.common.serdes.TestObject@3dbd29cb to topic topic-b5c61813_f4e5_40ac_ac41_9976f0d1b75d
2025-08-05 18:22:33,869 INFO  [io.api.tes.ser.api.KafkaSerdesTester] (Thread-633) Produced 10 messages
2025-08-05 18:22:33,869 INFO  [org.apa.kaf.cli.pro.KafkaProducer] (Thread-633) [Producer clientId=Producer-topic-b5c61813_f4e5_40ac_ac41_9976f0d1b75d] Closing the Kafka producer with timeoutMillis = 9223372036854775807 ms.
2025-08-05 18:22:33,872 INFO  [org.apa.kaf.com.met.Metrics] (Thread-633) Metrics scheduler closed
2025-08-05 18:22:33,872 INFO  [org.apa.kaf.com.met.Metrics] (Thread-633) Closing reporter org.apache.kafka.common.metrics.JmxReporter
2025-08-05 18:22:33,872 INFO  [org.apa.kaf.com.met.Metrics] (Thread-633) Closing reporter org.apache.kafka.common.telemetry.internals.ClientTelemetryReporter
2025-08-05 18:22:33,872 INFO  [org.apa.kaf.com.met.Metrics] (Thread-633) Metrics reporters closed
2025-08-05 18:22:33,872 INFO  [org.apa.kaf.com.uti.AppInfoParser] (Thread-633) App info kafka.producer for Producer-topic-b5c61813_f4e5_40ac_ac41_9976f0d1b75d unregistered
**** Registry Base URL: http://registry-app-inmemory.apps.ci419.apicurio-testing.org:80
2025-08-05 18:22:34,101 INFO  [org.apa.kaf.cli.con.ConsumerConfig] (main) ConsumerConfig values: 
	allow.auto.create.topics = true
	auto.commit.interval.ms = 500
	auto.include.jmx.reporter = true
	auto.offset.reset = earliest
	bootstrap.servers = [PLAINTEXT://localhost:32769]
	check.crcs = true
	client.dns.lookup = use_all_dns_ips
	client.id = consumer-Consumer-topic-b5c61813_f4e5_40ac_ac41_9976f0d1b75d-6
	client.rack = 
	connections.max.idle.ms = 10000
	default.api.timeout.ms = 60000
	enable.auto.commit = true
	enable.metrics.push = true
	exclude.internal.topics = true
	fetch.max.bytes = 52428800
	fetch.max.wait.ms = 500
	fetch.min.bytes = 1
	group.id = Consumer-topic-b5c61813_f4e5_40ac_ac41_9976f0d1b75d
	group.instance.id = null
	group.protocol = classic
	group.remote.assignor = null
	heartbeat.interval.ms = 3000
	interceptor.classes = []
	internal.leave.group.on.close = true
	internal.throw.on.fetch.stable.offset.unsupported = false
	isolation.level = read_uncommitted
	key.deserializer = class org.apache.kafka.common.serialization.StringDeserializer
	max.partition.fetch.bytes = 1048576
	max.poll.interval.ms = 300000
	max.poll.records = 500
	metadata.max.age.ms = 300000
	metadata.recovery.strategy = none
	metric.reporters = []
	metrics.num.samples = 2
	metrics.recording.level = INFO
	metrics.sample.window.ms = 30000
	partition.assignment.strategy = [class org.apache.kafka.clients.consumer.RangeAssignor, class org.apache.kafka.clients.consumer.CooperativeStickyAssignor]
	receive.buffer.bytes = 65536
	reconnect.backoff.max.ms = 1000
	reconnect.backoff.ms = 50
	request.timeout.ms = 5000
	retry.backoff.max.ms = 1000
	retry.backoff.ms = 100
	sasl.client.callback.handler.class = null
	sasl.jaas.config = null
	sasl.kerberos.kinit.cmd = /usr/bin/kinit
	sasl.kerberos.min.time.before.relogin = 60000
	sasl.kerberos.service.name = null
	sasl.kerberos.ticket.renew.jitter = 0.05
	sasl.kerberos.ticket.renew.window.factor = 0.8
	sasl.login.callback.handler.class = null
	sasl.login.class = null
	sasl.login.connect.timeout.ms = null
	sasl.login.read.timeout.ms = null
	sasl.login.refresh.buffer.seconds = 300
	sasl.login.refresh.min.period.seconds = 60
	sasl.login.refresh.window.factor = 0.8
	sasl.login.refresh.window.jitter = 0.05
	sasl.login.retry.backoff.max.ms = 10000
	sasl.login.retry.backoff.ms = 100
	sasl.mechanism = GSSAPI
	sasl.oauthbearer.clock.skew.seconds = 30
	sasl.oauthbearer.expected.audience = null
	sasl.oauthbearer.expected.issuer = null
	sasl.oauthbearer.header.urlencode = false
	sasl.oauthbearer.jwks.endpoint.refresh.ms = 3600000
	sasl.oauthbearer.jwks.endpoint.retry.backoff.max.ms = 10000
	sasl.oauthbearer.jwks.endpoint.retry.backoff.ms = 100
	sasl.oauthbearer.jwks.endpoint.url = null
	sasl.oauthbearer.scope.claim.name = scope
	sasl.oauthbearer.sub.claim.name = sub
	sasl.oauthbearer.token.endpoint.url = null
	security.protocol = PLAINTEXT
	security.providers = null
	send.buffer.bytes = 131072
	session.timeout.ms = 45000
	socket.connection.setup.timeout.max.ms = 30000
	socket.connection.setup.timeout.ms = 10000
	ssl.cipher.suites = null
	ssl.enabled.protocols = [TLSv1.2, TLSv1.3]
	ssl.endpoint.identification.algorithm = https
	ssl.engine.factory.class = null
	ssl.key.password = null
	ssl.keymanager.algorithm = SunX509
	ssl.keystore.certificate.chain = null
	ssl.keystore.key = null
	ssl.keystore.location = null
	ssl.keystore.password = null
	ssl.keystore.type = JKS
	ssl.protocol = TLSv1.3
	ssl.provider = null
	ssl.secure.random.implementation = null
	ssl.trustmanager.algorithm = PKIX
	ssl.truststore.certificates = null
	ssl.truststore.location = null
	ssl.truststore.password = null
	ssl.truststore.type = JKS
	value.deserializer = class io.apicurio.registry.serde.avro.AvroKafkaDeserializer

2025-08-05 18:22:34,102 INFO  [org.apa.kaf.com.tel.int.KafkaMetricsCollector] (main) initializing Kafka metrics collector
2025-08-05 18:22:34,108 INFO  [org.apa.kaf.cli.con.ConsumerConfig] (main) These configurations '[apicurio.registry.url, apicurio.registry.avro-datum-provider]' were supplied but are not used yet.
2025-08-05 18:22:34,108 INFO  [org.apa.kaf.com.uti.AppInfoParser] (main) Kafka version: 3.9.1
2025-08-05 18:22:34,108 INFO  [org.apa.kaf.com.uti.AppInfoParser] (main) Kafka commitId: f745dfdcee2b9851
2025-08-05 18:22:34,108 INFO  [org.apa.kaf.com.uti.AppInfoParser] (main) Kafka startTimeMs: 1754418154108
2025-08-05 18:22:34,108 INFO  [org.apa.kaf.cli.con.int.ClassicKafkaConsumer] (Thread-636) [Consumer clientId=consumer-Consumer-topic-b5c61813_f4e5_40ac_ac41_9976f0d1b75d-6, groupId=Consumer-topic-b5c61813_f4e5_40ac_ac41_9976f0d1b75d] Subscribed to topic(s): topic-b5c61813_f4e5_40ac_ac41_9976f0d1b75d
2025-08-05 18:22:34,117 INFO  [org.apa.kaf.cli.Metadata] (Thread-636) [Consumer clientId=consumer-Consumer-topic-b5c61813_f4e5_40ac_ac41_9976f0d1b75d-6, groupId=Consumer-topic-b5c61813_f4e5_40ac_ac41_9976f0d1b75d] Cluster ID: PopyJKdlRzKjlQHMpYFwRA
2025-08-05 18:22:34,117 INFO  [org.apa.kaf.cli.con.int.ConsumerCoordinator] (Thread-636) [Consumer clientId=consumer-Consumer-topic-b5c61813_f4e5_40ac_ac41_9976f0d1b75d-6, groupId=Consumer-topic-b5c61813_f4e5_40ac_ac41_9976f0d1b75d] Discovered group coordinator localhost:32769 (id: 2147483647 rack: null)
2025-08-05 18:22:34,121 INFO  [org.apa.kaf.cli.con.int.ConsumerCoordinator] (Thread-636) [Consumer clientId=consumer-Consumer-topic-b5c61813_f4e5_40ac_ac41_9976f0d1b75d-6, groupId=Consumer-topic-b5c61813_f4e5_40ac_ac41_9976f0d1b75d] (Re-)joining group
2025-08-05 18:22:34,125 INFO  [org.apa.kaf.cli.con.int.ConsumerCoordinator] (Thread-636) [Consumer clientId=consumer-Consumer-topic-b5c61813_f4e5_40ac_ac41_9976f0d1b75d-6, groupId=Consumer-topic-b5c61813_f4e5_40ac_ac41_9976f0d1b75d] Request joining group due to: need to re-join with the given member-id: consumer-Consumer-topic-b5c61813_f4e5_40ac_ac41_9976f0d1b75d-6-44c26a34-33be-456b-bfb9-92c2da5b66bb
2025-08-05 18:22:34,125 INFO  [org.apa.kaf.cli.con.int.ConsumerCoordinator] (Thread-636) [Consumer clientId=consumer-Consumer-topic-b5c61813_f4e5_40ac_ac41_9976f0d1b75d-6, groupId=Consumer-topic-b5c61813_f4e5_40ac_ac41_9976f0d1b75d] (Re-)joining group
2025-08-05 18:22:35,108 INFO  [io.api.tes.ser.api.KafkaSerdesTester] (Thread-636) None found
2025-08-05 18:22:36,108 INFO  [io.api.tes.ser.api.KafkaSerdesTester] (Thread-636) None found
2025-08-05 18:22:37,108 INFO  [io.api.tes.ser.api.KafkaSerdesTester] (Thread-636) None found
2025-08-05 18:22:37,128 INFO  [org.apa.kaf.cli.con.int.ConsumerCoordinator] (Thread-636) [Consumer clientId=consumer-Consumer-topic-b5c61813_f4e5_40ac_ac41_9976f0d1b75d-6, groupId=Consumer-topic-b5c61813_f4e5_40ac_ac41_9976f0d1b75d] Successfully joined group with generation Generation{generationId=1, memberId='consumer-Consumer-topic-b5c61813_f4e5_40ac_ac41_9976f0d1b75d-6-44c26a34-33be-456b-bfb9-92c2da5b66bb', protocol='range'}
2025-08-05 18:22:37,128 INFO  [org.apa.kaf.cli.con.int.ConsumerCoordinator] (Thread-636) [Consumer clientId=consumer-Consumer-topic-b5c61813_f4e5_40ac_ac41_9976f0d1b75d-6, groupId=Consumer-topic-b5c61813_f4e5_40ac_ac41_9976f0d1b75d] Finished assignment for group at generation 1: {consumer-Consumer-topic-b5c61813_f4e5_40ac_ac41_9976f0d1b75d-6-44c26a34-33be-456b-bfb9-92c2da5b66bb=Assignment(partitions=[topic-b5c61813_f4e5_40ac_ac41_9976f0d1b75d-0])}
2025-08-05 18:22:37,135 INFO  [org.apa.kaf.cli.con.int.ConsumerCoordinator] (Thread-636) [Consumer clientId=consumer-Consumer-topic-b5c61813_f4e5_40ac_ac41_9976f0d1b75d-6, groupId=Consumer-topic-b5c61813_f4e5_40ac_ac41_9976f0d1b75d] Successfully synced group in generation Generation{generationId=1, memberId='consumer-Consumer-topic-b5c61813_f4e5_40ac_ac41_9976f0d1b75d-6-44c26a34-33be-456b-bfb9-92c2da5b66bb', protocol='range'}
2025-08-05 18:22:37,135 INFO  [org.apa.kaf.cli.con.int.ConsumerCoordinator] (Thread-636) [Consumer clientId=consumer-Consumer-topic-b5c61813_f4e5_40ac_ac41_9976f0d1b75d-6, groupId=Consumer-topic-b5c61813_f4e5_40ac_ac41_9976f0d1b75d] Notifying assignor about the new Assignment(partitions=[topic-b5c61813_f4e5_40ac_ac41_9976f0d1b75d-0])
2025-08-05 18:22:37,135 INFO  [org.apa.kaf.cli.con.int.ConsumerRebalanceListenerInvoker] (Thread-636) [Consumer clientId=consumer-Consumer-topic-b5c61813_f4e5_40ac_ac41_9976f0d1b75d-6, groupId=Consumer-topic-b5c61813_f4e5_40ac_ac41_9976f0d1b75d] Adding newly assigned partitions: topic-b5c61813_f4e5_40ac_ac41_9976f0d1b75d-0
2025-08-05 18:22:37,136 INFO  [org.apa.kaf.cli.con.int.ConsumerCoordinator] (Thread-636) [Consumer clientId=consumer-Consumer-topic-b5c61813_f4e5_40ac_ac41_9976f0d1b75d-6, groupId=Consumer-topic-b5c61813_f4e5_40ac_ac41_9976f0d1b75d] Found no committed offset for partition topic-b5c61813_f4e5_40ac_ac41_9976f0d1b75d-0
2025-08-05 18:22:37,143 INFO  [org.apa.kaf.cli.con.int.SubscriptionState] (Thread-636) [Consumer clientId=consumer-Consumer-topic-b5c61813_f4e5_40ac_ac41_9976f0d1b75d-6, groupId=Consumer-topic-b5c61813_f4e5_40ac_ac41_9976f0d1b75d] Resetting offset for partition topic-b5c61813_f4e5_40ac_ac41_9976f0d1b75d-0 to position FetchPosition{offset=0, offsetEpoch=Optional.empty, currentLeader=LeaderAndEpoch{leader=Optional[localhost:32769 (id: 0 rack: null)], epoch=0}}.
2025-08-05 18:22:37,368 INFO  [io.api.tes.ser.api.KafkaSerdesTester] (Thread-636) topic-b5c61813_f4e5_40ac_ac41_9976f0d1b75d 0 0 io.apicurio.tests.common.serdes.TestObject@3dbd29cb
2025-08-05 18:22:37,369 INFO  [io.api.tes.ser.api.KafkaSerdesTester] (Thread-636) topic-b5c61813_f4e5_40ac_ac41_9976f0d1b75d 0 1 io.apicurio.tests.common.serdes.TestObject@3dbd29cb
2025-08-05 18:22:37,369 INFO  [io.api.tes.ser.api.KafkaSerdesTester] (Thread-636) topic-b5c61813_f4e5_40ac_ac41_9976f0d1b75d 0 2 io.apicurio.tests.common.serdes.TestObject@3dbd29cb
2025-08-05 18:22:37,369 INFO  [io.api.tes.ser.api.KafkaSerdesTester] (Thread-636) topic-b5c61813_f4e5_40ac_ac41_9976f0d1b75d 0 3 io.apicurio.tests.common.serdes.TestObject@3dbd29cb
2025-08-05 18:22:37,369 INFO  [io.api.tes.ser.api.KafkaSerdesTester] (Thread-636) topic-b5c61813_f4e5_40ac_ac41_9976f0d1b75d 0 4 io.apicurio.tests.common.serdes.TestObject@3dbd29cb
2025-08-05 18:22:37,369 INFO  [io.api.tes.ser.api.KafkaSerdesTester] (Thread-636) topic-b5c61813_f4e5_40ac_ac41_9976f0d1b75d 0 5 io.apicurio.tests.common.serdes.TestObject@3dbd29cb
2025-08-05 18:22:37,369 INFO  [io.api.tes.ser.api.KafkaSerdesTester] (Thread-636) topic-b5c61813_f4e5_40ac_ac41_9976f0d1b75d 0 6 io.apicurio.tests.common.serdes.TestObject@3dbd29cb
2025-08-05 18:22:37,369 INFO  [io.api.tes.ser.api.KafkaSerdesTester] (Thread-636) topic-b5c61813_f4e5_40ac_ac41_9976f0d1b75d 0 7 io.apicurio.tests.common.serdes.TestObject@3dbd29cb
2025-08-05 18:22:37,369 INFO  [io.api.tes.ser.api.KafkaSerdesTester] (Thread-636) topic-b5c61813_f4e5_40ac_ac41_9976f0d1b75d 0 8 io.apicurio.tests.common.serdes.TestObject@3dbd29cb
2025-08-05 18:22:37,369 INFO  [io.api.tes.ser.api.KafkaSerdesTester] (Thread-636) topic-b5c61813_f4e5_40ac_ac41_9976f0d1b75d 0 9 io.apicurio.tests.common.serdes.TestObject@3dbd29cb
2025-08-05 18:22:37,369 INFO  [io.api.tes.ser.api.KafkaSerdesTester] (Thread-636) Consumed 10 messages
2025-08-05 18:22:37,378 INFO  [org.apa.kaf.cli.con.int.ConsumerRebalanceListenerInvoker] (Thread-636) [Consumer clientId=consumer-Consumer-topic-b5c61813_f4e5_40ac_ac41_9976f0d1b75d-6, groupId=Consumer-topic-b5c61813_f4e5_40ac_ac41_9976f0d1b75d] Revoke previously assigned partitions topic-b5c61813_f4e5_40ac_ac41_9976f0d1b75d-0
2025-08-05 18:22:37,378 INFO  [org.apa.kaf.cli.con.int.ConsumerCoordinator] (Thread-636) [Consumer clientId=consumer-Consumer-topic-b5c61813_f4e5_40ac_ac41_9976f0d1b75d-6, groupId=Consumer-topic-b5c61813_f4e5_40ac_ac41_9976f0d1b75d] Member consumer-Consumer-topic-b5c61813_f4e5_40ac_ac41_9976f0d1b75d-6-44c26a34-33be-456b-bfb9-92c2da5b66bb sending LeaveGroup request to coordinator localhost:32769 (id: 2147483647 rack: null) due to the consumer is being closed
2025-08-05 18:22:37,378 INFO  [org.apa.kaf.cli.con.int.ConsumerCoordinator] (Thread-636) [Consumer clientId=consumer-Consumer-topic-b5c61813_f4e5_40ac_ac41_9976f0d1b75d-6, groupId=Consumer-topic-b5c61813_f4e5_40ac_ac41_9976f0d1b75d] Resetting generation and member id due to: consumer pro-actively leaving the group
2025-08-05 18:22:37,378 INFO  [org.apa.kaf.cli.con.int.ConsumerCoordinator] (Thread-636) [Consumer clientId=consumer-Consumer-topic-b5c61813_f4e5_40ac_ac41_9976f0d1b75d-6, groupId=Consumer-topic-b5c61813_f4e5_40ac_ac41_9976f0d1b75d] Request joining group due to: consumer pro-actively leaving the group
2025-08-05 18:22:37,872 INFO  [org.apa.kaf.com.met.Metrics] (Thread-636) Metrics scheduler closed
2025-08-05 18:22:37,872 INFO  [org.apa.kaf.com.met.Metrics] (Thread-636) Closing reporter org.apache.kafka.common.metrics.JmxReporter
2025-08-05 18:22:37,872 INFO  [org.apa.kaf.com.met.Metrics] (Thread-636) Closing reporter org.apache.kafka.common.telemetry.internals.ClientTelemetryReporter
2025-08-05 18:22:37,872 INFO  [org.apa.kaf.com.met.Metrics] (Thread-636) Metrics reporters closed
2025-08-05 18:22:37,876 INFO  [org.apa.kaf.com.uti.AppInfoParser] (Thread-636) App info kafka.consumer for consumer-Consumer-topic-b5c61813_f4e5_40ac_ac41_9976f0d1b75d-6 unregistered
2025-08-05 18:22:37,877 INFO  [io.api.tes.uti.TestSeparator] (main) io.apicurio.tests.serdes.apicurio.AvroSerdeIT.testReflectAutoRegister-FINISHED
2025-08-05 18:22:37,877 INFO  [io.api.tes.uti.TestSeparator] (main) ############################################################################
Test passed: testReflectAutoRegister
]]></system-out>
  </testcase>
  <testcase name="testArtifactNotFound" classname="io.apicurio.tests.serdes.apicurio.AvroSerdeIT" time="0.386">
    <system-out><![CDATA[2025-08-05 18:22:37,879 INFO  [io.api.tes.uti.TestSeparator] (main) ############################################################################
2025-08-05 18:22:37,880 INFO  [io.api.tes.uti.TestSeparator] (main) io.apicurio.tests.serdes.apicurio.AvroSerdeIT.testArtifactNotFound-STARTED
**** Registry Base URL: http://registry-app-inmemory.apps.ci419.apicurio-testing.org:80
2025-08-05 18:22:37,883 INFO  [org.apa.kaf.cli.pro.ProducerConfig] (main) ProducerConfig values: 
	acks = -1
	auto.include.jmx.reporter = true
	batch.size = 16384
	bootstrap.servers = [PLAINTEXT://localhost:32769]
	buffer.memory = 33554432
	client.dns.lookup = use_all_dns_ips
	client.id = Producer-sf7a1a470x4679x4f72xb9e5x753b518a7990
	compression.gzip.level = -1
	compression.lz4.level = 9
	compression.type = none
	compression.zstd.level = 3
	connections.max.idle.ms = 10000
	delivery.timeout.ms = 120000
	enable.idempotence = true
	enable.metrics.push = true
	interceptor.classes = []
	key.serializer = class org.apache.kafka.common.serialization.StringSerializer
	linger.ms = 0
	max.block.ms = 60000
	max.in.flight.requests.per.connection = 5
	max.request.size = 1048576
	metadata.max.age.ms = 300000
	metadata.max.idle.ms = 300000
	metadata.recovery.strategy = none
	metric.reporters = []
	metrics.num.samples = 2
	metrics.recording.level = INFO
	metrics.sample.window.ms = 30000
	partitioner.adaptive.partitioning.enable = true
	partitioner.availability.timeout.ms = 0
	partitioner.class = null
	partitioner.ignore.keys = false
	receive.buffer.bytes = 32768
	reconnect.backoff.max.ms = 1000
	reconnect.backoff.ms = 50
	request.timeout.ms = 5000
	retries = 2147483647
	retry.backoff.max.ms = 1000
	retry.backoff.ms = 100
	sasl.client.callback.handler.class = null
	sasl.jaas.config = null
	sasl.kerberos.kinit.cmd = /usr/bin/kinit
	sasl.kerberos.min.time.before.relogin = 60000
	sasl.kerberos.service.name = null
	sasl.kerberos.ticket.renew.jitter = 0.05
	sasl.kerberos.ticket.renew.window.factor = 0.8
	sasl.login.callback.handler.class = null
	sasl.login.class = null
	sasl.login.connect.timeout.ms = null
	sasl.login.read.timeout.ms = null
	sasl.login.refresh.buffer.seconds = 300
	sasl.login.refresh.min.period.seconds = 60
	sasl.login.refresh.window.factor = 0.8
	sasl.login.refresh.window.jitter = 0.05
	sasl.login.retry.backoff.max.ms = 10000
	sasl.login.retry.backoff.ms = 100
	sasl.mechanism = GSSAPI
	sasl.oauthbearer.clock.skew.seconds = 30
	sasl.oauthbearer.expected.audience = null
	sasl.oauthbearer.expected.issuer = null
	sasl.oauthbearer.header.urlencode = false
	sasl.oauthbearer.jwks.endpoint.refresh.ms = 3600000
	sasl.oauthbearer.jwks.endpoint.retry.backoff.max.ms = 10000
	sasl.oauthbearer.jwks.endpoint.retry.backoff.ms = 100
	sasl.oauthbearer.jwks.endpoint.url = null
	sasl.oauthbearer.scope.claim.name = scope
	sasl.oauthbearer.sub.claim.name = sub
	sasl.oauthbearer.token.endpoint.url = null
	security.protocol = PLAINTEXT
	security.providers = null
	send.buffer.bytes = 131072
	socket.connection.setup.timeout.max.ms = 30000
	socket.connection.setup.timeout.ms = 10000
	ssl.cipher.suites = null
	ssl.enabled.protocols = [TLSv1.2, TLSv1.3]
	ssl.endpoint.identification.algorithm = https
	ssl.engine.factory.class = null
	ssl.key.password = null
	ssl.keymanager.algorithm = SunX509
	ssl.keystore.certificate.chain = null
	ssl.keystore.key = null
	ssl.keystore.location = null
	ssl.keystore.password = null
	ssl.keystore.type = JKS
	ssl.protocol = TLSv1.3
	ssl.provider = null
	ssl.secure.random.implementation = null
	ssl.trustmanager.algorithm = PKIX
	ssl.truststore.certificates = null
	ssl.truststore.location = null
	ssl.truststore.password = null
	ssl.truststore.type = JKS
	transaction.timeout.ms = 60000
	transactional.id = null
	value.serializer = class io.apicurio.registry.serde.avro.AvroKafkaSerializer

2025-08-05 18:22:37,883 INFO  [org.apa.kaf.com.tel.int.KafkaMetricsCollector] (main) initializing Kafka metrics collector
2025-08-05 18:22:37,886 INFO  [org.apa.kaf.cli.pro.KafkaProducer] (main) [Producer clientId=Producer-sf7a1a470x4679x4f72xb9e5x753b518a7990] Instantiated an idempotent producer.
2025-08-05 18:22:37,889 INFO  [org.apa.kaf.cli.pro.ProducerConfig] (main) These configurations '[apicurio.registry.url, apicurio.registry.artifact-resolver-strategy]' were supplied but are not used yet.
2025-08-05 18:22:37,889 INFO  [org.apa.kaf.com.uti.AppInfoParser] (main) Kafka version: 3.9.1
2025-08-05 18:22:37,889 INFO  [org.apa.kaf.com.uti.AppInfoParser] (main) Kafka commitId: f745dfdcee2b9851
2025-08-05 18:22:37,889 INFO  [org.apa.kaf.com.uti.AppInfoParser] (main) Kafka startTimeMs: 1754418157889
2025-08-05 18:22:37,894 INFO  [io.api.tes.ser.api.KafkaSerdesTester] (Thread-639) Sending message {"keyB": "value-0"} to topic sf7a1a470x4679x4f72xb9e5x753b518a7990
2025-08-05 18:22:37,895 INFO  [org.apa.kaf.cli.Metadata] (kafka-producer-network-thread | Producer-sf7a1a470x4679x4f72xb9e5x753b518a7990) [Producer clientId=Producer-sf7a1a470x4679x4f72xb9e5x753b518a7990] Cluster ID: PopyJKdlRzKjlQHMpYFwRA
2025-08-05 18:22:37,896 INFO  [org.apa.kaf.cli.pro.int.TransactionManager] (kafka-producer-network-thread | Producer-sf7a1a470x4679x4f72xb9e5x753b518a7990) [Producer clientId=Producer-sf7a1a470x4679x4f72xb9e5x753b518a7990] ProducerId set to 7 with epoch 0
2025-08-05 18:22:37,903 WARN  [org.apa.kaf.cli.NetworkClient] (kafka-producer-network-thread | Producer-sf7a1a470x4679x4f72xb9e5x753b518a7990) [Producer clientId=Producer-sf7a1a470x4679x4f72xb9e5x753b518a7990] The metadata response from the cluster reported a recoverable issue with correlation id 5 : {sf7a1a470x4679x4f72xb9e5x753b518a7990=UNKNOWN_TOPIC_OR_PARTITION}
2025-08-05 18:22:38,019 INFO  [DefaultSchemaResolver] (Thread-639) Retrieving schema content using string: {"type":"record","name":"myrecord","namespace":"mygroup","fields":[{"name":"keyB","type":"string"}]}
2025-08-05 18:22:38,255 INFO  [org.apa.kaf.cli.pro.KafkaProducer] (Thread-639) [Producer clientId=Producer-sf7a1a470x4679x4f72xb9e5x753b518a7990] Closing the Kafka producer with timeoutMillis = 9223372036854775807 ms.
2025-08-05 18:22:38,260 INFO  [org.apa.kaf.com.met.Metrics] (Thread-639) Metrics scheduler closed
2025-08-05 18:22:38,260 INFO  [org.apa.kaf.com.met.Metrics] (Thread-639) Closing reporter org.apache.kafka.common.metrics.JmxReporter
2025-08-05 18:22:38,260 INFO  [org.apa.kaf.com.met.Metrics] (Thread-639) Closing reporter org.apache.kafka.common.telemetry.internals.ClientTelemetryReporter
2025-08-05 18:22:38,260 INFO  [org.apa.kaf.com.met.Metrics] (Thread-639) Metrics reporters closed
2025-08-05 18:22:38,260 INFO  [org.apa.kaf.com.uti.AppInfoParser] (Thread-639) App info kafka.producer for Producer-sf7a1a470x4679x4f72xb9e5x753b518a7990 unregistered
2025-08-05 18:22:38,261 INFO  [io.api.tes.uti.TestSeparator] (main) io.apicurio.tests.serdes.apicurio.AvroSerdeIT.testArtifactNotFound-FINISHED
2025-08-05 18:22:38,261 INFO  [io.api.tes.uti.TestSeparator] (main) ############################################################################
Test passed: testArtifactNotFound
]]></system-out>
    <system-err><![CDATA[java.lang.RuntimeException: Could not resolve artifact reference by content: {"type":"record","name":"myrecord","namespace":"mygroup","fields":[{"name":"keyB","type":"string"}]}&ArtifactReference [groupId=default, artifactId=sf7a1a470x4679x4f72xb9e5x753b518a7990-value, version=null, globalId=null, contentId=null, contentHash=null]
	at io.apicurio.registry.resolver.DefaultSchemaResolver.lambda$handleResolveSchemaByContent$3(DefaultSchemaResolver.java:265)
	at io.apicurio.registry.resolver.cache.ERCache.lambda$getValue$0(ERCache.java:174)
	at io.apicurio.registry.resolver.cache.ERCache.retry(ERCache.java:227)
	at io.apicurio.registry.resolver.cache.ERCache.getValue(ERCache.java:173)
	at io.apicurio.registry.resolver.cache.ERCache.getByContent(ERCache.java:147)
	at io.apicurio.registry.resolver.DefaultSchemaResolver.handleResolveSchemaByContent(DefaultSchemaResolver.java:253)
	at io.apicurio.registry.resolver.DefaultSchemaResolver.getSchemaFromRegistry(DefaultSchemaResolver.java:138)
	at io.apicurio.registry.resolver.DefaultSchemaResolver.lambda$resolveSchema$0(DefaultSchemaResolver.java:84)
	at java.base/java.util.Optional.orElseGet(Optional.java:364)
	at io.apicurio.registry.resolver.DefaultSchemaResolver.resolveSchema(DefaultSchemaResolver.java:84)
	at io.apicurio.registry.serde.AbstractSerializer.serializeData(AbstractSerializer.java:62)
	at io.apicurio.registry.serde.KafkaSerializer.serialize(KafkaSerializer.java:77)
	at org.apache.kafka.clients.producer.KafkaProducer.doSend(KafkaProducer.java:1046)
	at org.apache.kafka.clients.producer.KafkaProducer.send(KafkaProducer.java:993)
	at org.apache.kafka.clients.producer.KafkaProducer.send(KafkaProducer.java:875)
	at io.apicurio.tests.serdes.apicurio.KafkaSerdesTester.lambda$produceMessages$3(KafkaSerdesTester.java:138)
	at java.base/java.util.concurrent.CompletableFuture$AsyncSupply.run(CompletableFuture.java:1768)
	at java.base/java.lang.Thread.run(Thread.java:840)
]]></system-err>
  </testcase>
  <testcase name="testAvroSerDesFailDifferentSchemaByRecordName" classname="io.apicurio.tests.serdes.apicurio.AvroSerdeIT" time="1.338">
    <system-out><![CDATA[2025-08-05 18:22:38,267 INFO  [io.api.tes.uti.TestSeparator] (main) ############################################################################
2025-08-05 18:22:38,267 INFO  [io.api.tes.uti.TestSeparator] (main) io.apicurio.tests.serdes.apicurio.AvroSerdeIT.testAvroSerDesFailDifferentSchemaByRecordName-STARTED
**** Registry Base URL: http://registry-app-inmemory.apps.ci419.apicurio-testing.org:80
2025-08-05 18:22:39,434 INFO  [org.apa.kaf.cli.pro.ProducerConfig] (main) ProducerConfig values: 
	acks = -1
	auto.include.jmx.reporter = true
	batch.size = 16384
	bootstrap.servers = [PLAINTEXT://localhost:32769]
	buffer.memory = 33554432
	client.dns.lookup = use_all_dns_ips
	client.id = Producer-topic-17f4fef4_69fe_4c52_b48d_1a822f0c9d8d
	compression.gzip.level = -1
	compression.lz4.level = 9
	compression.type = none
	compression.zstd.level = 3
	connections.max.idle.ms = 10000
	delivery.timeout.ms = 120000
	enable.idempotence = true
	enable.metrics.push = true
	interceptor.classes = []
	key.serializer = class org.apache.kafka.common.serialization.StringSerializer
	linger.ms = 0
	max.block.ms = 60000
	max.in.flight.requests.per.connection = 5
	max.request.size = 1048576
	metadata.max.age.ms = 300000
	metadata.max.idle.ms = 300000
	metadata.recovery.strategy = none
	metric.reporters = []
	metrics.num.samples = 2
	metrics.recording.level = INFO
	metrics.sample.window.ms = 30000
	partitioner.adaptive.partitioning.enable = true
	partitioner.availability.timeout.ms = 0
	partitioner.class = null
	partitioner.ignore.keys = false
	receive.buffer.bytes = 32768
	reconnect.backoff.max.ms = 1000
	reconnect.backoff.ms = 50
	request.timeout.ms = 5000
	retries = 2147483647
	retry.backoff.max.ms = 1000
	retry.backoff.ms = 100
	sasl.client.callback.handler.class = null
	sasl.jaas.config = null
	sasl.kerberos.kinit.cmd = /usr/bin/kinit
	sasl.kerberos.min.time.before.relogin = 60000
	sasl.kerberos.service.name = null
	sasl.kerberos.ticket.renew.jitter = 0.05
	sasl.kerberos.ticket.renew.window.factor = 0.8
	sasl.login.callback.handler.class = null
	sasl.login.class = null
	sasl.login.connect.timeout.ms = null
	sasl.login.read.timeout.ms = null
	sasl.login.refresh.buffer.seconds = 300
	sasl.login.refresh.min.period.seconds = 60
	sasl.login.refresh.window.factor = 0.8
	sasl.login.refresh.window.jitter = 0.05
	sasl.login.retry.backoff.max.ms = 10000
	sasl.login.retry.backoff.ms = 100
	sasl.mechanism = GSSAPI
	sasl.oauthbearer.clock.skew.seconds = 30
	sasl.oauthbearer.expected.audience = null
	sasl.oauthbearer.expected.issuer = null
	sasl.oauthbearer.header.urlencode = false
	sasl.oauthbearer.jwks.endpoint.refresh.ms = 3600000
	sasl.oauthbearer.jwks.endpoint.retry.backoff.max.ms = 10000
	sasl.oauthbearer.jwks.endpoint.retry.backoff.ms = 100
	sasl.oauthbearer.jwks.endpoint.url = null
	sasl.oauthbearer.scope.claim.name = scope
	sasl.oauthbearer.sub.claim.name = sub
	sasl.oauthbearer.token.endpoint.url = null
	security.protocol = PLAINTEXT
	security.providers = null
	send.buffer.bytes = 131072
	socket.connection.setup.timeout.max.ms = 30000
	socket.connection.setup.timeout.ms = 10000
	ssl.cipher.suites = null
	ssl.enabled.protocols = [TLSv1.2, TLSv1.3]
	ssl.endpoint.identification.algorithm = https
	ssl.engine.factory.class = null
	ssl.key.password = null
	ssl.keymanager.algorithm = SunX509
	ssl.keystore.certificate.chain = null
	ssl.keystore.key = null
	ssl.keystore.location = null
	ssl.keystore.password = null
	ssl.keystore.type = JKS
	ssl.protocol = TLSv1.3
	ssl.provider = null
	ssl.secure.random.implementation = null
	ssl.trustmanager.algorithm = PKIX
	ssl.truststore.certificates = null
	ssl.truststore.location = null
	ssl.truststore.password = null
	ssl.truststore.type = JKS
	transaction.timeout.ms = 60000
	transactional.id = null
	value.serializer = class io.apicurio.registry.serde.avro.AvroKafkaSerializer

2025-08-05 18:22:39,435 INFO  [org.apa.kaf.com.tel.int.KafkaMetricsCollector] (main) initializing Kafka metrics collector
2025-08-05 18:22:39,438 INFO  [org.apa.kaf.cli.pro.KafkaProducer] (main) [Producer clientId=Producer-topic-17f4fef4_69fe_4c52_b48d_1a822f0c9d8d] Instantiated an idempotent producer.
2025-08-05 18:22:39,441 INFO  [org.apa.kaf.cli.pro.ProducerConfig] (main) These configurations '[apicurio.registry.find-latest, apicurio.registry.url, apicurio.registry.artifact-resolver-strategy]' were supplied but are not used yet.
2025-08-05 18:22:39,441 INFO  [org.apa.kaf.com.uti.AppInfoParser] (main) Kafka version: 3.9.1
2025-08-05 18:22:39,441 INFO  [org.apa.kaf.com.uti.AppInfoParser] (main) Kafka commitId: f745dfdcee2b9851
2025-08-05 18:22:39,441 INFO  [org.apa.kaf.com.uti.AppInfoParser] (main) Kafka startTimeMs: 1754418159441
2025-08-05 18:22:39,443 INFO  [io.api.tes.ser.api.KafkaSerdesTester] (Thread-642) Sending message {"keyB": "value-0"} to topic topic-17f4fef4_69fe_4c52_b48d_1a822f0c9d8d
2025-08-05 18:22:39,447 INFO  [org.apa.kaf.cli.Metadata] (kafka-producer-network-thread | Producer-topic-17f4fef4_69fe_4c52_b48d_1a822f0c9d8d) [Producer clientId=Producer-topic-17f4fef4_69fe_4c52_b48d_1a822f0c9d8d] Cluster ID: PopyJKdlRzKjlQHMpYFwRA
2025-08-05 18:22:39,448 INFO  [org.apa.kaf.cli.pro.int.TransactionManager] (kafka-producer-network-thread | Producer-topic-17f4fef4_69fe_4c52_b48d_1a822f0c9d8d) [Producer clientId=Producer-topic-17f4fef4_69fe_4c52_b48d_1a822f0c9d8d] ProducerId set to 8 with epoch 0
2025-08-05 18:22:39,596 INFO  [org.apa.kaf.cli.pro.KafkaProducer] (Thread-642) [Producer clientId=Producer-topic-17f4fef4_69fe_4c52_b48d_1a822f0c9d8d] Closing the Kafka producer with timeoutMillis = 9223372036854775807 ms.
2025-08-05 18:22:39,598 INFO  [org.apa.kaf.com.met.Metrics] (Thread-642) Metrics scheduler closed
2025-08-05 18:22:39,598 INFO  [org.apa.kaf.com.met.Metrics] (Thread-642) Closing reporter org.apache.kafka.common.metrics.JmxReporter
2025-08-05 18:22:39,598 INFO  [org.apa.kaf.com.met.Metrics] (Thread-642) Closing reporter org.apache.kafka.common.telemetry.internals.ClientTelemetryReporter
2025-08-05 18:22:39,598 INFO  [org.apa.kaf.com.met.Metrics] (Thread-642) Metrics reporters closed
2025-08-05 18:22:39,598 INFO  [org.apa.kaf.com.uti.AppInfoParser] (Thread-642) App info kafka.producer for Producer-topic-17f4fef4_69fe_4c52_b48d_1a822f0c9d8d unregistered
2025-08-05 18:22:39,600 INFO  [io.api.tes.uti.TestSeparator] (main) io.apicurio.tests.serdes.apicurio.AvroSerdeIT.testAvroSerDesFailDifferentSchemaByRecordName-FINISHED
2025-08-05 18:22:39,600 INFO  [io.api.tes.uti.TestSeparator] (main) ############################################################################
Test passed: testAvroSerDesFailDifferentSchemaByRecordName
]]></system-out>
    <system-err><![CDATA[io.apicurio.registry.rest.client.models.ProblemDetails
	at io.apicurio.registry.rest.client.models.ProblemDetails.createFromDiscriminatorValue(ProblemDetails.java:58)
	at io.kiota.serialization.json.JsonParseNode.getObjectValue(JsonParseNode.java:247)
	at io.kiota.http.vertx.VertXRequestAdapter.lambda$throwIfFailedResponse$0(VertXRequestAdapter.java:400)
	at com.microsoft.kiota.ApiExceptionBuilder.<init>(ApiExceptionBuilder.java:26)
	at io.kiota.http.vertx.VertXRequestAdapter.throwIfFailedResponse(VertXRequestAdapter.java:399)
	at io.kiota.http.vertx.VertXRequestAdapter.send(VertXRequestAdapter.java:170)
	at io.apicurio.registry.rest.client.groups.item.artifacts.item.versions.item.WithVersionExpressionItemRequestBuilder.get(WithVersionExpressionItemRequestBuilder.java:128)
	at io.apicurio.registry.rest.client.groups.item.artifacts.item.versions.item.WithVersionExpressionItemRequestBuilder.get(WithVersionExpressionItemRequestBuilder.java:111)
	at io.apicurio.registry.resolver.client.RegistryClientFacadeImpl.getVersionCoordinatesByGAV(RegistryClientFacadeImpl.java:159)
	at io.apicurio.registry.resolver.DefaultSchemaResolver.resolveByCoordinates(DefaultSchemaResolver.java:352)
	at io.apicurio.registry.resolver.DefaultSchemaResolver.lambda$resolveSchemaByArtifactReferenceCached$6(DefaultSchemaResolver.java:340)
	at io.apicurio.registry.resolver.cache.ERCache.lambda$getValue$0(ERCache.java:174)
	at io.apicurio.registry.resolver.cache.ERCache.retry(ERCache.java:227)
	at io.apicurio.registry.resolver.cache.ERCache.getValue(ERCache.java:173)
	at io.apicurio.registry.resolver.cache.ERCache.getByArtifactCoordinates(ERCache.java:158)
	at io.apicurio.registry.resolver.DefaultSchemaResolver.resolveSchemaByArtifactReferenceCached(DefaultSchemaResolver.java:338)
	at io.apicurio.registry.resolver.DefaultSchemaResolver.resolveSchemaByCoordinates(DefaultSchemaResolver.java:193)
	at io.apicurio.registry.resolver.DefaultSchemaResolver.getSchemaFromRegistry(DefaultSchemaResolver.java:130)
	at io.apicurio.registry.resolver.DefaultSchemaResolver.lambda$resolveSchema$0(DefaultSchemaResolver.java:84)
	at java.base/java.util.Optional.orElseGet(Optional.java:364)
	at io.apicurio.registry.resolver.DefaultSchemaResolver.resolveSchema(DefaultSchemaResolver.java:84)
	at io.apicurio.registry.serde.AbstractSerializer.serializeData(AbstractSerializer.java:62)
	at io.apicurio.registry.serde.KafkaSerializer.serialize(KafkaSerializer.java:77)
	at org.apache.kafka.clients.producer.KafkaProducer.doSend(KafkaProducer.java:1046)
	at org.apache.kafka.clients.producer.KafkaProducer.send(KafkaProducer.java:993)
	at org.apache.kafka.clients.producer.KafkaProducer.send(KafkaProducer.java:875)
	at io.apicurio.tests.serdes.apicurio.KafkaSerdesTester.lambda$produceMessages$3(KafkaSerdesTester.java:138)
	at java.base/java.util.concurrent.CompletableFuture$AsyncSupply.run(CompletableFuture.java:1768)
	at java.base/java.lang.Thread.run(Thread.java:840)
]]></system-err>
  </testcase>
  <testcase name="testTopicIdStrategyFindLatest" classname="io.apicurio.tests.serdes.apicurio.AvroSerdeIT" time="5.439">
    <system-out><![CDATA[2025-08-05 18:22:39,603 INFO  [io.api.tes.uti.TestSeparator] (main) ############################################################################
2025-08-05 18:22:39,603 INFO  [io.api.tes.uti.TestSeparator] (main) io.apicurio.tests.serdes.apicurio.AvroSerdeIT.testTopicIdStrategyFindLatest-STARTED
2025-08-05 18:22:39,605 INFO  [io.api.tes.ser.api.AvroSerdeIT] (main) Registering Avro Schema: {"type":"record","name":"myrecordapicurio1","fields":[{"name":"key11754418159605","type":"string"}]}
**** Registry Base URL: http://registry-app-inmemory.apps.ci419.apicurio-testing.org:80
2025-08-05 18:22:40,771 INFO  [org.apa.kaf.cli.pro.ProducerConfig] (main) ProducerConfig values: 
	acks = -1
	auto.include.jmx.reporter = true
	batch.size = 16384
	bootstrap.servers = [PLAINTEXT://localhost:32769]
	buffer.memory = 33554432
	client.dns.lookup = use_all_dns_ips
	client.id = Producer-topic-9b95ab1c_da5a_43a1_a403_e12dbe1b8be9
	compression.gzip.level = -1
	compression.lz4.level = 9
	compression.type = none
	compression.zstd.level = 3
	connections.max.idle.ms = 10000
	delivery.timeout.ms = 120000
	enable.idempotence = true
	enable.metrics.push = true
	interceptor.classes = []
	key.serializer = class org.apache.kafka.common.serialization.StringSerializer
	linger.ms = 0
	max.block.ms = 60000
	max.in.flight.requests.per.connection = 5
	max.request.size = 1048576
	metadata.max.age.ms = 300000
	metadata.max.idle.ms = 300000
	metadata.recovery.strategy = none
	metric.reporters = []
	metrics.num.samples = 2
	metrics.recording.level = INFO
	metrics.sample.window.ms = 30000
	partitioner.adaptive.partitioning.enable = true
	partitioner.availability.timeout.ms = 0
	partitioner.class = null
	partitioner.ignore.keys = false
	receive.buffer.bytes = 32768
	reconnect.backoff.max.ms = 1000
	reconnect.backoff.ms = 50
	request.timeout.ms = 5000
	retries = 2147483647
	retry.backoff.max.ms = 1000
	retry.backoff.ms = 100
	sasl.client.callback.handler.class = null
	sasl.jaas.config = null
	sasl.kerberos.kinit.cmd = /usr/bin/kinit
	sasl.kerberos.min.time.before.relogin = 60000
	sasl.kerberos.service.name = null
	sasl.kerberos.ticket.renew.jitter = 0.05
	sasl.kerberos.ticket.renew.window.factor = 0.8
	sasl.login.callback.handler.class = null
	sasl.login.class = null
	sasl.login.connect.timeout.ms = null
	sasl.login.read.timeout.ms = null
	sasl.login.refresh.buffer.seconds = 300
	sasl.login.refresh.min.period.seconds = 60
	sasl.login.refresh.window.factor = 0.8
	sasl.login.refresh.window.jitter = 0.05
	sasl.login.retry.backoff.max.ms = 10000
	sasl.login.retry.backoff.ms = 100
	sasl.mechanism = GSSAPI
	sasl.oauthbearer.clock.skew.seconds = 30
	sasl.oauthbearer.expected.audience = null
	sasl.oauthbearer.expected.issuer = null
	sasl.oauthbearer.header.urlencode = false
	sasl.oauthbearer.jwks.endpoint.refresh.ms = 3600000
	sasl.oauthbearer.jwks.endpoint.retry.backoff.max.ms = 10000
	sasl.oauthbearer.jwks.endpoint.retry.backoff.ms = 100
	sasl.oauthbearer.jwks.endpoint.url = null
	sasl.oauthbearer.scope.claim.name = scope
	sasl.oauthbearer.sub.claim.name = sub
	sasl.oauthbearer.token.endpoint.url = null
	security.protocol = PLAINTEXT
	security.providers = null
	send.buffer.bytes = 131072
	socket.connection.setup.timeout.max.ms = 30000
	socket.connection.setup.timeout.ms = 10000
	ssl.cipher.suites = null
	ssl.enabled.protocols = [TLSv1.2, TLSv1.3]
	ssl.endpoint.identification.algorithm = https
	ssl.engine.factory.class = null
	ssl.key.password = null
	ssl.keymanager.algorithm = SunX509
	ssl.keystore.certificate.chain = null
	ssl.keystore.key = null
	ssl.keystore.location = null
	ssl.keystore.password = null
	ssl.keystore.type = JKS
	ssl.protocol = TLSv1.3
	ssl.provider = null
	ssl.secure.random.implementation = null
	ssl.trustmanager.algorithm = PKIX
	ssl.truststore.certificates = null
	ssl.truststore.location = null
	ssl.truststore.password = null
	ssl.truststore.type = JKS
	transaction.timeout.ms = 60000
	transactional.id = null
	value.serializer = class io.apicurio.registry.serde.avro.AvroKafkaSerializer

2025-08-05 18:22:40,771 INFO  [org.apa.kaf.com.tel.int.KafkaMetricsCollector] (main) initializing Kafka metrics collector
2025-08-05 18:22:40,774 INFO  [org.apa.kaf.cli.pro.KafkaProducer] (main) [Producer clientId=Producer-topic-9b95ab1c_da5a_43a1_a403_e12dbe1b8be9] Instantiated an idempotent producer.
2025-08-05 18:22:40,777 INFO  [org.apa.kaf.cli.pro.ProducerConfig] (main) These configurations '[apicurio.registry.find-latest, apicurio.registry.url, apicurio.registry.artifact-resolver-strategy]' were supplied but are not used yet.
2025-08-05 18:22:40,777 INFO  [org.apa.kaf.com.uti.AppInfoParser] (main) Kafka version: 3.9.1
2025-08-05 18:22:40,777 INFO  [org.apa.kaf.com.uti.AppInfoParser] (main) Kafka commitId: f745dfdcee2b9851
2025-08-05 18:22:40,777 INFO  [org.apa.kaf.com.uti.AppInfoParser] (main) Kafka startTimeMs: 1754418160777
2025-08-05 18:22:40,777 INFO  [io.api.tes.ser.api.SimpleSerdesTesterBuilder$SimpleSerdesTester] (main) Using producer configuration: {apicurio.registry.find-latest=true, apicurio.registry.url=http://registry-app-inmemory.apps.ci419.apicurio-testing.org:80/apis/registry/v3, apicurio.registry.artifact-resolver-strategy=io.apicurio.registry.serde.strategy.TopicIdStrategy, value.serializer=io.apicurio.registry.serde.avro.AvroKafkaSerializer, request.timeout.ms=5000, acks=all, bootstrap.servers=PLAINTEXT://localhost:32769, connections.max.idle.ms=10000, key.serializer=org.apache.kafka.common.serialization.StringSerializer, client.id=Producer-topic-9b95ab1c_da5a_43a1_a403_e12dbe1b8be9}
2025-08-05 18:22:40,777 INFO  [io.api.tes.ser.api.SimpleSerdesTesterBuilder$SimpleSerdesTester] (main) Using consumer configuration: {}
2025-08-05 18:22:40,777 INFO  [io.api.tes.ser.api.KafkaSerdesTester] (Thread-645) Sending message {"key11754418159605": "value-0"} to topic topic-9b95ab1c_da5a_43a1_a403_e12dbe1b8be9
2025-08-05 18:22:40,781 INFO  [org.apa.kaf.cli.Metadata] (kafka-producer-network-thread | Producer-topic-9b95ab1c_da5a_43a1_a403_e12dbe1b8be9) [Producer clientId=Producer-topic-9b95ab1c_da5a_43a1_a403_e12dbe1b8be9] Cluster ID: PopyJKdlRzKjlQHMpYFwRA
2025-08-05 18:22:40,782 INFO  [org.apa.kaf.cli.pro.int.TransactionManager] (kafka-producer-network-thread | Producer-topic-9b95ab1c_da5a_43a1_a403_e12dbe1b8be9) [Producer clientId=Producer-topic-9b95ab1c_da5a_43a1_a403_e12dbe1b8be9] ProducerId set to 9 with epoch 0
2025-08-05 18:22:41,091 INFO  [io.api.tes.ser.api.KafkaSerdesTester] (Thread-645) Sending message {"key11754418159605": "value-1"} to topic topic-9b95ab1c_da5a_43a1_a403_e12dbe1b8be9
2025-08-05 18:22:41,093 INFO  [io.api.tes.ser.api.KafkaSerdesTester] (Thread-645) Sending message {"key11754418159605": "value-2"} to topic topic-9b95ab1c_da5a_43a1_a403_e12dbe1b8be9
2025-08-05 18:22:41,095 INFO  [io.api.tes.ser.api.KafkaSerdesTester] (Thread-645) Sending message {"key11754418159605": "value-3"} to topic topic-9b95ab1c_da5a_43a1_a403_e12dbe1b8be9
2025-08-05 18:22:41,097 INFO  [io.api.tes.ser.api.KafkaSerdesTester] (Thread-645) Sending message {"key11754418159605": "value-4"} to topic topic-9b95ab1c_da5a_43a1_a403_e12dbe1b8be9
2025-08-05 18:22:41,098 INFO  [io.api.tes.ser.api.KafkaSerdesTester] (Thread-645) Sending message {"key11754418159605": "value-5"} to topic topic-9b95ab1c_da5a_43a1_a403_e12dbe1b8be9
2025-08-05 18:22:41,100 INFO  [io.api.tes.ser.api.KafkaSerdesTester] (Thread-645) Sending message {"key11754418159605": "value-6"} to topic topic-9b95ab1c_da5a_43a1_a403_e12dbe1b8be9
2025-08-05 18:22:41,104 INFO  [io.api.tes.ser.api.KafkaSerdesTester] (Thread-645) Sending message {"key11754418159605": "value-7"} to topic topic-9b95ab1c_da5a_43a1_a403_e12dbe1b8be9
2025-08-05 18:22:41,106 INFO  [io.api.tes.ser.api.KafkaSerdesTester] (Thread-645) Sending message {"key11754418159605": "value-8"} to topic topic-9b95ab1c_da5a_43a1_a403_e12dbe1b8be9
2025-08-05 18:22:41,108 INFO  [io.api.tes.ser.api.KafkaSerdesTester] (Thread-645) Sending message {"key11754418159605": "value-9"} to topic topic-9b95ab1c_da5a_43a1_a403_e12dbe1b8be9
2025-08-05 18:22:41,110 INFO  [io.api.tes.ser.api.KafkaSerdesTester] (Thread-645) Produced 10 messages
2025-08-05 18:22:41,111 INFO  [org.apa.kaf.cli.pro.KafkaProducer] (Thread-645) [Producer clientId=Producer-topic-9b95ab1c_da5a_43a1_a403_e12dbe1b8be9] Closing the Kafka producer with timeoutMillis = 9223372036854775807 ms.
2025-08-05 18:22:41,114 INFO  [org.apa.kaf.com.met.Metrics] (Thread-645) Metrics scheduler closed
2025-08-05 18:22:41,114 INFO  [org.apa.kaf.com.met.Metrics] (Thread-645) Closing reporter org.apache.kafka.common.metrics.JmxReporter
2025-08-05 18:22:41,114 INFO  [org.apa.kaf.com.met.Metrics] (Thread-645) Closing reporter org.apache.kafka.common.telemetry.internals.ClientTelemetryReporter
2025-08-05 18:22:41,114 INFO  [org.apa.kaf.com.met.Metrics] (Thread-645) Metrics reporters closed
2025-08-05 18:22:41,114 INFO  [org.apa.kaf.com.uti.AppInfoParser] (Thread-645) App info kafka.producer for Producer-topic-9b95ab1c_da5a_43a1_a403_e12dbe1b8be9 unregistered
**** Registry Base URL: http://registry-app-inmemory.apps.ci419.apicurio-testing.org:80
2025-08-05 18:22:41,118 INFO  [org.apa.kaf.cli.con.ConsumerConfig] (main) ConsumerConfig values: 
	allow.auto.create.topics = true
	auto.commit.interval.ms = 500
	auto.include.jmx.reporter = true
	auto.offset.reset = earliest
	bootstrap.servers = [PLAINTEXT://localhost:32769]
	check.crcs = true
	client.dns.lookup = use_all_dns_ips
	client.id = consumer-Consumer-topic-9b95ab1c_da5a_43a1_a403_e12dbe1b8be9-7
	client.rack = 
	connections.max.idle.ms = 10000
	default.api.timeout.ms = 60000
	enable.auto.commit = true
	enable.metrics.push = true
	exclude.internal.topics = true
	fetch.max.bytes = 52428800
	fetch.max.wait.ms = 500
	fetch.min.bytes = 1
	group.id = Consumer-topic-9b95ab1c_da5a_43a1_a403_e12dbe1b8be9
	group.instance.id = null
	group.protocol = classic
	group.remote.assignor = null
	heartbeat.interval.ms = 3000
	interceptor.classes = []
	internal.leave.group.on.close = true
	internal.throw.on.fetch.stable.offset.unsupported = false
	isolation.level = read_uncommitted
	key.deserializer = class org.apache.kafka.common.serialization.StringDeserializer
	max.partition.fetch.bytes = 1048576
	max.poll.interval.ms = 300000
	max.poll.records = 500
	metadata.max.age.ms = 300000
	metadata.recovery.strategy = none
	metric.reporters = []
	metrics.num.samples = 2
	metrics.recording.level = INFO
	metrics.sample.window.ms = 30000
	partition.assignment.strategy = [class org.apache.kafka.clients.consumer.RangeAssignor, class org.apache.kafka.clients.consumer.CooperativeStickyAssignor]
	receive.buffer.bytes = 65536
	reconnect.backoff.max.ms = 1000
	reconnect.backoff.ms = 50
	request.timeout.ms = 5000
	retry.backoff.max.ms = 1000
	retry.backoff.ms = 100
	sasl.client.callback.handler.class = null
	sasl.jaas.config = null
	sasl.kerberos.kinit.cmd = /usr/bin/kinit
	sasl.kerberos.min.time.before.relogin = 60000
	sasl.kerberos.service.name = null
	sasl.kerberos.ticket.renew.jitter = 0.05
	sasl.kerberos.ticket.renew.window.factor = 0.8
	sasl.login.callback.handler.class = null
	sasl.login.class = null
	sasl.login.connect.timeout.ms = null
	sasl.login.read.timeout.ms = null
	sasl.login.refresh.buffer.seconds = 300
	sasl.login.refresh.min.period.seconds = 60
	sasl.login.refresh.window.factor = 0.8
	sasl.login.refresh.window.jitter = 0.05
	sasl.login.retry.backoff.max.ms = 10000
	sasl.login.retry.backoff.ms = 100
	sasl.mechanism = GSSAPI
	sasl.oauthbearer.clock.skew.seconds = 30
	sasl.oauthbearer.expected.audience = null
	sasl.oauthbearer.expected.issuer = null
	sasl.oauthbearer.header.urlencode = false
	sasl.oauthbearer.jwks.endpoint.refresh.ms = 3600000
	sasl.oauthbearer.jwks.endpoint.retry.backoff.max.ms = 10000
	sasl.oauthbearer.jwks.endpoint.retry.backoff.ms = 100
	sasl.oauthbearer.jwks.endpoint.url = null
	sasl.oauthbearer.scope.claim.name = scope
	sasl.oauthbearer.sub.claim.name = sub
	sasl.oauthbearer.token.endpoint.url = null
	security.protocol = PLAINTEXT
	security.providers = null
	send.buffer.bytes = 131072
	session.timeout.ms = 45000
	socket.connection.setup.timeout.max.ms = 30000
	socket.connection.setup.timeout.ms = 10000
	ssl.cipher.suites = null
	ssl.enabled.protocols = [TLSv1.2, TLSv1.3]
	ssl.endpoint.identification.algorithm = https
	ssl.engine.factory.class = null
	ssl.key.password = null
	ssl.keymanager.algorithm = SunX509
	ssl.keystore.certificate.chain = null
	ssl.keystore.key = null
	ssl.keystore.location = null
	ssl.keystore.password = null
	ssl.keystore.type = JKS
	ssl.protocol = TLSv1.3
	ssl.provider = null
	ssl.secure.random.implementation = null
	ssl.trustmanager.algorithm = PKIX
	ssl.truststore.certificates = null
	ssl.truststore.location = null
	ssl.truststore.password = null
	ssl.truststore.type = JKS
	value.deserializer = class io.apicurio.registry.serde.avro.AvroKafkaDeserializer

2025-08-05 18:22:41,118 INFO  [org.apa.kaf.com.tel.int.KafkaMetricsCollector] (main) initializing Kafka metrics collector
2025-08-05 18:22:41,125 INFO  [org.apa.kaf.cli.con.ConsumerConfig] (main) These configurations '[apicurio.registry.url]' were supplied but are not used yet.
2025-08-05 18:22:41,125 INFO  [org.apa.kaf.com.uti.AppInfoParser] (main) Kafka version: 3.9.1
2025-08-05 18:22:41,125 INFO  [org.apa.kaf.com.uti.AppInfoParser] (main) Kafka commitId: f745dfdcee2b9851
2025-08-05 18:22:41,125 INFO  [org.apa.kaf.com.uti.AppInfoParser] (main) Kafka startTimeMs: 1754418161125
2025-08-05 18:22:41,127 INFO  [org.apa.kaf.cli.con.int.ClassicKafkaConsumer] (Thread-648) [Consumer clientId=consumer-Consumer-topic-9b95ab1c_da5a_43a1_a403_e12dbe1b8be9-7, groupId=Consumer-topic-9b95ab1c_da5a_43a1_a403_e12dbe1b8be9] Subscribed to topic(s): topic-9b95ab1c_da5a_43a1_a403_e12dbe1b8be9
2025-08-05 18:22:41,133 INFO  [org.apa.kaf.cli.Metadata] (Thread-648) [Consumer clientId=consumer-Consumer-topic-9b95ab1c_da5a_43a1_a403_e12dbe1b8be9-7, groupId=Consumer-topic-9b95ab1c_da5a_43a1_a403_e12dbe1b8be9] Cluster ID: PopyJKdlRzKjlQHMpYFwRA
2025-08-05 18:22:41,135 INFO  [org.apa.kaf.cli.con.int.ConsumerCoordinator] (Thread-648) [Consumer clientId=consumer-Consumer-topic-9b95ab1c_da5a_43a1_a403_e12dbe1b8be9-7, groupId=Consumer-topic-9b95ab1c_da5a_43a1_a403_e12dbe1b8be9] Discovered group coordinator localhost:32769 (id: 2147483647 rack: null)
2025-08-05 18:22:41,136 INFO  [org.apa.kaf.cli.con.int.ConsumerCoordinator] (Thread-648) [Consumer clientId=consumer-Consumer-topic-9b95ab1c_da5a_43a1_a403_e12dbe1b8be9-7, groupId=Consumer-topic-9b95ab1c_da5a_43a1_a403_e12dbe1b8be9] (Re-)joining group
2025-08-05 18:22:41,138 INFO  [org.apa.kaf.cli.con.int.ConsumerCoordinator] (Thread-648) [Consumer clientId=consumer-Consumer-topic-9b95ab1c_da5a_43a1_a403_e12dbe1b8be9-7, groupId=Consumer-topic-9b95ab1c_da5a_43a1_a403_e12dbe1b8be9] Request joining group due to: need to re-join with the given member-id: consumer-Consumer-topic-9b95ab1c_da5a_43a1_a403_e12dbe1b8be9-7-56c1248f-77f7-413e-b7cc-05da61189213
2025-08-05 18:22:41,138 INFO  [org.apa.kaf.cli.con.int.ConsumerCoordinator] (Thread-648) [Consumer clientId=consumer-Consumer-topic-9b95ab1c_da5a_43a1_a403_e12dbe1b8be9-7, groupId=Consumer-topic-9b95ab1c_da5a_43a1_a403_e12dbe1b8be9] (Re-)joining group
2025-08-05 18:22:42,127 INFO  [io.api.tes.ser.api.KafkaSerdesTester] (Thread-648) None found
2025-08-05 18:22:43,127 INFO  [io.api.tes.ser.api.KafkaSerdesTester] (Thread-648) None found
2025-08-05 18:22:44,128 INFO  [io.api.tes.ser.api.KafkaSerdesTester] (Thread-648) None found
2025-08-05 18:22:44,143 INFO  [org.apa.kaf.cli.con.int.ConsumerCoordinator] (Thread-648) [Consumer clientId=consumer-Consumer-topic-9b95ab1c_da5a_43a1_a403_e12dbe1b8be9-7, groupId=Consumer-topic-9b95ab1c_da5a_43a1_a403_e12dbe1b8be9] Successfully joined group with generation Generation{generationId=1, memberId='consumer-Consumer-topic-9b95ab1c_da5a_43a1_a403_e12dbe1b8be9-7-56c1248f-77f7-413e-b7cc-05da61189213', protocol='range'}
2025-08-05 18:22:44,143 INFO  [org.apa.kaf.cli.con.int.ConsumerCoordinator] (Thread-648) [Consumer clientId=consumer-Consumer-topic-9b95ab1c_da5a_43a1_a403_e12dbe1b8be9-7, groupId=Consumer-topic-9b95ab1c_da5a_43a1_a403_e12dbe1b8be9] Finished assignment for group at generation 1: {consumer-Consumer-topic-9b95ab1c_da5a_43a1_a403_e12dbe1b8be9-7-56c1248f-77f7-413e-b7cc-05da61189213=Assignment(partitions=[topic-9b95ab1c_da5a_43a1_a403_e12dbe1b8be9-0])}
2025-08-05 18:22:44,150 INFO  [org.apa.kaf.cli.con.int.ConsumerCoordinator] (Thread-648) [Consumer clientId=consumer-Consumer-topic-9b95ab1c_da5a_43a1_a403_e12dbe1b8be9-7, groupId=Consumer-topic-9b95ab1c_da5a_43a1_a403_e12dbe1b8be9] Successfully synced group in generation Generation{generationId=1, memberId='consumer-Consumer-topic-9b95ab1c_da5a_43a1_a403_e12dbe1b8be9-7-56c1248f-77f7-413e-b7cc-05da61189213', protocol='range'}
2025-08-05 18:22:44,150 INFO  [org.apa.kaf.cli.con.int.ConsumerCoordinator] (Thread-648) [Consumer clientId=consumer-Consumer-topic-9b95ab1c_da5a_43a1_a403_e12dbe1b8be9-7, groupId=Consumer-topic-9b95ab1c_da5a_43a1_a403_e12dbe1b8be9] Notifying assignor about the new Assignment(partitions=[topic-9b95ab1c_da5a_43a1_a403_e12dbe1b8be9-0])
2025-08-05 18:22:44,150 INFO  [org.apa.kaf.cli.con.int.ConsumerRebalanceListenerInvoker] (Thread-648) [Consumer clientId=consumer-Consumer-topic-9b95ab1c_da5a_43a1_a403_e12dbe1b8be9-7, groupId=Consumer-topic-9b95ab1c_da5a_43a1_a403_e12dbe1b8be9] Adding newly assigned partitions: topic-9b95ab1c_da5a_43a1_a403_e12dbe1b8be9-0
2025-08-05 18:22:44,151 INFO  [org.apa.kaf.cli.con.int.ConsumerCoordinator] (Thread-648) [Consumer clientId=consumer-Consumer-topic-9b95ab1c_da5a_43a1_a403_e12dbe1b8be9-7, groupId=Consumer-topic-9b95ab1c_da5a_43a1_a403_e12dbe1b8be9] Found no committed offset for partition topic-9b95ab1c_da5a_43a1_a403_e12dbe1b8be9-0
2025-08-05 18:22:44,155 INFO  [org.apa.kaf.cli.con.int.SubscriptionState] (Thread-648) [Consumer clientId=consumer-Consumer-topic-9b95ab1c_da5a_43a1_a403_e12dbe1b8be9-7, groupId=Consumer-topic-9b95ab1c_da5a_43a1_a403_e12dbe1b8be9] Resetting offset for partition topic-9b95ab1c_da5a_43a1_a403_e12dbe1b8be9-0 to position FetchPosition{offset=0, offsetEpoch=Optional.empty, currentLeader=LeaderAndEpoch{leader=Optional[localhost:32769 (id: 0 rack: null)], epoch=0}}.
2025-08-05 18:22:44,534 INFO  [io.api.tes.ser.api.KafkaSerdesTester] (Thread-648) topic-9b95ab1c_da5a_43a1_a403_e12dbe1b8be9 0 0 {"key11754418159605": "value-0"}
2025-08-05 18:22:44,534 INFO  [io.api.tes.ser.api.KafkaSerdesTester] (Thread-648) topic-9b95ab1c_da5a_43a1_a403_e12dbe1b8be9 0 1 {"key11754418159605": "value-1"}
2025-08-05 18:22:44,534 INFO  [io.api.tes.ser.api.KafkaSerdesTester] (Thread-648) topic-9b95ab1c_da5a_43a1_a403_e12dbe1b8be9 0 2 {"key11754418159605": "value-2"}
2025-08-05 18:22:44,534 INFO  [io.api.tes.ser.api.KafkaSerdesTester] (Thread-648) topic-9b95ab1c_da5a_43a1_a403_e12dbe1b8be9 0 3 {"key11754418159605": "value-3"}
2025-08-05 18:22:44,535 INFO  [io.api.tes.ser.api.KafkaSerdesTester] (Thread-648) topic-9b95ab1c_da5a_43a1_a403_e12dbe1b8be9 0 4 {"key11754418159605": "value-4"}
2025-08-05 18:22:44,535 INFO  [io.api.tes.ser.api.KafkaSerdesTester] (Thread-648) topic-9b95ab1c_da5a_43a1_a403_e12dbe1b8be9 0 5 {"key11754418159605": "value-5"}
2025-08-05 18:22:44,535 INFO  [io.api.tes.ser.api.KafkaSerdesTester] (Thread-648) topic-9b95ab1c_da5a_43a1_a403_e12dbe1b8be9 0 6 {"key11754418159605": "value-6"}
2025-08-05 18:22:44,535 INFO  [io.api.tes.ser.api.KafkaSerdesTester] (Thread-648) topic-9b95ab1c_da5a_43a1_a403_e12dbe1b8be9 0 7 {"key11754418159605": "value-7"}
2025-08-05 18:22:44,535 INFO  [io.api.tes.ser.api.KafkaSerdesTester] (Thread-648) topic-9b95ab1c_da5a_43a1_a403_e12dbe1b8be9 0 8 {"key11754418159605": "value-8"}
2025-08-05 18:22:44,535 INFO  [io.api.tes.ser.api.KafkaSerdesTester] (Thread-648) topic-9b95ab1c_da5a_43a1_a403_e12dbe1b8be9 0 9 {"key11754418159605": "value-9"}
2025-08-05 18:22:44,535 INFO  [io.api.tes.ser.api.KafkaSerdesTester] (Thread-648) Consumed 10 messages
2025-08-05 18:22:44,542 INFO  [org.apa.kaf.cli.con.int.ConsumerRebalanceListenerInvoker] (Thread-648) [Consumer clientId=consumer-Consumer-topic-9b95ab1c_da5a_43a1_a403_e12dbe1b8be9-7, groupId=Consumer-topic-9b95ab1c_da5a_43a1_a403_e12dbe1b8be9] Revoke previously assigned partitions topic-9b95ab1c_da5a_43a1_a403_e12dbe1b8be9-0
2025-08-05 18:22:44,542 INFO  [org.apa.kaf.cli.con.int.ConsumerCoordinator] (Thread-648) [Consumer clientId=consumer-Consumer-topic-9b95ab1c_da5a_43a1_a403_e12dbe1b8be9-7, groupId=Consumer-topic-9b95ab1c_da5a_43a1_a403_e12dbe1b8be9] Member consumer-Consumer-topic-9b95ab1c_da5a_43a1_a403_e12dbe1b8be9-7-56c1248f-77f7-413e-b7cc-05da61189213 sending LeaveGroup request to coordinator localhost:32769 (id: 2147483647 rack: null) due to the consumer is being closed
2025-08-05 18:22:44,542 INFO  [org.apa.kaf.cli.con.int.ConsumerCoordinator] (Thread-648) [Consumer clientId=consumer-Consumer-topic-9b95ab1c_da5a_43a1_a403_e12dbe1b8be9-7, groupId=Consumer-topic-9b95ab1c_da5a_43a1_a403_e12dbe1b8be9] Resetting generation and member id due to: consumer pro-actively leaving the group
2025-08-05 18:22:44,542 INFO  [org.apa.kaf.cli.con.int.ConsumerCoordinator] (Thread-648) [Consumer clientId=consumer-Consumer-topic-9b95ab1c_da5a_43a1_a403_e12dbe1b8be9-7, groupId=Consumer-topic-9b95ab1c_da5a_43a1_a403_e12dbe1b8be9] Request joining group due to: consumer pro-actively leaving the group
2025-08-05 18:22:45,037 INFO  [org.apa.kaf.com.met.Metrics] (Thread-648) Metrics scheduler closed
2025-08-05 18:22:45,037 INFO  [org.apa.kaf.com.met.Metrics] (Thread-648) Closing reporter org.apache.kafka.common.metrics.JmxReporter
2025-08-05 18:22:45,037 INFO  [org.apa.kaf.com.met.Metrics] (Thread-648) Closing reporter org.apache.kafka.common.telemetry.internals.ClientTelemetryReporter
2025-08-05 18:22:45,038 INFO  [org.apa.kaf.com.met.Metrics] (Thread-648) Metrics reporters closed
2025-08-05 18:22:45,040 INFO  [org.apa.kaf.com.uti.AppInfoParser] (Thread-648) App info kafka.consumer for consumer-Consumer-topic-9b95ab1c_da5a_43a1_a403_e12dbe1b8be9-7 unregistered
2025-08-05 18:22:45,041 INFO  [io.api.tes.uti.TestSeparator] (main) io.apicurio.tests.serdes.apicurio.AvroSerdeIT.testTopicIdStrategyFindLatest-FINISHED
2025-08-05 18:22:45,041 INFO  [io.api.tes.uti.TestSeparator] (main) ############################################################################
Test passed: testTopicIdStrategyFindLatest
]]></system-out>
  </testcase>
  <testcase name="testAvroUnionWithSpecificReader" classname="io.apicurio.tests.serdes.apicurio.AvroSerdeIT" time="0.404">
    <error message="java.lang.RuntimeException: io.apicurio.registry.rest.client.models.RuleViolationProblemDetails" type="java.util.concurrent.ExecutionException"><![CDATA[java.util.concurrent.ExecutionException: java.lang.RuntimeException: io.apicurio.registry.rest.client.models.RuleViolationProblemDetails
	at java.base/java.util.concurrent.CompletableFuture.reportGet(CompletableFuture.java:396)
	at java.base/java.util.concurrent.CompletableFuture.get(CompletableFuture.java:2096)
	at io.apicurio.tests.serdes.apicurio.KafkaSerdesTester.produceMessages(KafkaSerdesTester.java:160)
	at io.apicurio.tests.serdes.apicurio.KafkaSerdesTester.produceMessages(KafkaSerdesTester.java:123)
	at io.apicurio.tests.serdes.apicurio.SimpleSerdesTesterBuilder$SimpleSerdesTester.test(SimpleSerdesTesterBuilder.java:139)
	at io.apicurio.tests.serdes.apicurio.AvroSerdeIT.testAvroUnionWithSpecificReader(AvroSerdeIT.java:838)
	at java.base/java.lang.reflect.Method.invoke(Method.java:569)
	at java.base/java.util.ArrayList.forEach(ArrayList.java:1511)
	at java.base/java.util.ArrayList.forEach(ArrayList.java:1511)
Caused by: java.lang.RuntimeException: io.apicurio.registry.rest.client.models.RuleViolationProblemDetails
	at io.apicurio.registry.resolver.cache.ERCache.retry(ERCache.java:242)
	at io.apicurio.registry.resolver.cache.ERCache.getValue(ERCache.java:173)
	at io.apicurio.registry.resolver.cache.ERCache.getByContent(ERCache.java:147)
	at io.apicurio.registry.resolver.DefaultSchemaResolver.handleAutoCreateArtifact(DefaultSchemaResolver.java:295)
	at io.apicurio.registry.resolver.DefaultSchemaResolver.getSchemaFromRegistry(DefaultSchemaResolver.java:120)
	at io.apicurio.registry.resolver.DefaultSchemaResolver.lambda$resolveSchema$0(DefaultSchemaResolver.java:84)
	at java.base/java.util.Optional.orElseGet(Optional.java:364)
	at io.apicurio.registry.resolver.DefaultSchemaResolver.resolveSchema(DefaultSchemaResolver.java:84)
	at io.apicurio.registry.serde.AbstractSerializer.serializeData(AbstractSerializer.java:62)
	at io.apicurio.registry.serde.KafkaSerializer.serialize(KafkaSerializer.java:77)
	at org.apache.kafka.clients.producer.KafkaProducer.doSend(KafkaProducer.java:1046)
	at org.apache.kafka.clients.producer.KafkaProducer.send(KafkaProducer.java:993)
	at org.apache.kafka.clients.producer.KafkaProducer.send(KafkaProducer.java:875)
	at io.apicurio.tests.serdes.apicurio.KafkaSerdesTester.lambda$produceMessages$3(KafkaSerdesTester.java:138)
	at java.base/java.util.concurrent.CompletableFuture$AsyncSupply.run(CompletableFuture.java:1768)
	at java.base/java.lang.Thread.run(Thread.java:840)
Caused by: io.apicurio.registry.rest.client.models.RuleViolationProblemDetails
	at io.apicurio.registry.rest.client.models.RuleViolationProblemDetails.createFromDiscriminatorValue(RuleViolationProblemDetails.java:62)
	at io.kiota.serialization.json.JsonParseNode.getObjectValue(JsonParseNode.java:247)
	at io.kiota.http.vertx.VertXRequestAdapter.lambda$throwIfFailedResponse$0(VertXRequestAdapter.java:400)
	at com.microsoft.kiota.ApiExceptionBuilder.<init>(ApiExceptionBuilder.java:26)
	at io.kiota.http.vertx.VertXRequestAdapter.throwIfFailedResponse(VertXRequestAdapter.java:399)
	at io.kiota.http.vertx.VertXRequestAdapter.send(VertXRequestAdapter.java:170)
	at io.apicurio.registry.rest.client.groups.item.artifacts.ArtifactsRequestBuilder.post(ArtifactsRequestBuilder.java:130)
	at io.apicurio.registry.resolver.client.RegistryClientFacadeImpl.createSchema(RegistryClientFacadeImpl.java:144)
	at io.apicurio.registry.resolver.DefaultSchemaResolver.lambda$handleAutoCreateArtifact$4(DefaultSchemaResolver.java:307)
	at io.apicurio.registry.resolver.cache.ERCache.lambda$getValue$0(ERCache.java:174)
	at io.apicurio.registry.resolver.cache.ERCache.retry(ERCache.java:227)
	... 15 more
]]></error>
    <system-out><![CDATA[2025-08-05 18:22:45,043 INFO  [io.api.tes.uti.TestSeparator] (main) ############################################################################
2025-08-05 18:22:45,043 INFO  [io.api.tes.uti.TestSeparator] (main) io.apicurio.tests.serdes.apicurio.AvroSerdeIT.testAvroUnionWithSpecificReader-STARTED
**** Registry Base URL: http://registry-app-inmemory.apps.ci419.apicurio-testing.org:80
2025-08-05 18:22:45,050 INFO  [org.apa.kaf.cli.pro.ProducerConfig] (main) ProducerConfig values: 
	acks = -1
	auto.include.jmx.reporter = true
	batch.size = 16384
	bootstrap.servers = [PLAINTEXT://localhost:32769]
	buffer.memory = 33554432
	client.dns.lookup = use_all_dns_ips
	client.id = Producer-topic-9450b177_86bd_4f87_8a65_3a591fc8fecc
	compression.gzip.level = -1
	compression.lz4.level = 9
	compression.type = none
	compression.zstd.level = 3
	connections.max.idle.ms = 10000
	delivery.timeout.ms = 120000
	enable.idempotence = true
	enable.metrics.push = true
	interceptor.classes = []
	key.serializer = class org.apache.kafka.common.serialization.StringSerializer
	linger.ms = 0
	max.block.ms = 60000
	max.in.flight.requests.per.connection = 5
	max.request.size = 1048576
	metadata.max.age.ms = 300000
	metadata.max.idle.ms = 300000
	metadata.recovery.strategy = none
	metric.reporters = []
	metrics.num.samples = 2
	metrics.recording.level = INFO
	metrics.sample.window.ms = 30000
	partitioner.adaptive.partitioning.enable = true
	partitioner.availability.timeout.ms = 0
	partitioner.class = null
	partitioner.ignore.keys = false
	receive.buffer.bytes = 32768
	reconnect.backoff.max.ms = 1000
	reconnect.backoff.ms = 50
	request.timeout.ms = 5000
	retries = 2147483647
	retry.backoff.max.ms = 1000
	retry.backoff.ms = 100
	sasl.client.callback.handler.class = null
	sasl.jaas.config = null
	sasl.kerberos.kinit.cmd = /usr/bin/kinit
	sasl.kerberos.min.time.before.relogin = 60000
	sasl.kerberos.service.name = null
	sasl.kerberos.ticket.renew.jitter = 0.05
	sasl.kerberos.ticket.renew.window.factor = 0.8
	sasl.login.callback.handler.class = null
	sasl.login.class = null
	sasl.login.connect.timeout.ms = null
	sasl.login.read.timeout.ms = null
	sasl.login.refresh.buffer.seconds = 300
	sasl.login.refresh.min.period.seconds = 60
	sasl.login.refresh.window.factor = 0.8
	sasl.login.refresh.window.jitter = 0.05
	sasl.login.retry.backoff.max.ms = 10000
	sasl.login.retry.backoff.ms = 100
	sasl.mechanism = GSSAPI
	sasl.oauthbearer.clock.skew.seconds = 30
	sasl.oauthbearer.expected.audience = null
	sasl.oauthbearer.expected.issuer = null
	sasl.oauthbearer.header.urlencode = false
	sasl.oauthbearer.jwks.endpoint.refresh.ms = 3600000
	sasl.oauthbearer.jwks.endpoint.retry.backoff.max.ms = 10000
	sasl.oauthbearer.jwks.endpoint.retry.backoff.ms = 100
	sasl.oauthbearer.jwks.endpoint.url = null
	sasl.oauthbearer.scope.claim.name = scope
	sasl.oauthbearer.sub.claim.name = sub
	sasl.oauthbearer.token.endpoint.url = null
	security.protocol = PLAINTEXT
	security.providers = null
	send.buffer.bytes = 131072
	socket.connection.setup.timeout.max.ms = 30000
	socket.connection.setup.timeout.ms = 10000
	ssl.cipher.suites = null
	ssl.enabled.protocols = [TLSv1.2, TLSv1.3]
	ssl.endpoint.identification.algorithm = https
	ssl.engine.factory.class = null
	ssl.key.password = null
	ssl.keymanager.algorithm = SunX509
	ssl.keystore.certificate.chain = null
	ssl.keystore.key = null
	ssl.keystore.location = null
	ssl.keystore.password = null
	ssl.keystore.type = JKS
	ssl.protocol = TLSv1.3
	ssl.provider = null
	ssl.secure.random.implementation = null
	ssl.trustmanager.algorithm = PKIX
	ssl.truststore.certificates = null
	ssl.truststore.location = null
	ssl.truststore.password = null
	ssl.truststore.type = JKS
	transaction.timeout.ms = 60000
	transactional.id = null
	value.serializer = class io.apicurio.registry.serde.avro.AvroKafkaSerializer

2025-08-05 18:22:45,050 INFO  [org.apa.kaf.com.tel.int.KafkaMetricsCollector] (main) initializing Kafka metrics collector
2025-08-05 18:22:45,054 INFO  [org.apa.kaf.cli.pro.KafkaProducer] (main) [Producer clientId=Producer-topic-9450b177_86bd_4f87_8a65_3a591fc8fecc] Instantiated an idempotent producer.
2025-08-05 18:22:45,056 INFO  [org.apa.kaf.cli.pro.ProducerConfig] (main) These configurations '[apicurio.registry.url, apicurio.registry.auto-register, apicurio.registry.artifact-resolver-strategy]' were supplied but are not used yet.
2025-08-05 18:22:45,057 INFO  [org.apa.kaf.com.uti.AppInfoParser] (main) Kafka version: 3.9.1
2025-08-05 18:22:45,057 INFO  [org.apa.kaf.com.uti.AppInfoParser] (main) Kafka commitId: f745dfdcee2b9851
2025-08-05 18:22:45,057 INFO  [org.apa.kaf.com.uti.AppInfoParser] (main) Kafka startTimeMs: 1754418165057
2025-08-05 18:22:45,057 INFO  [io.api.tes.ser.api.SimpleSerdesTesterBuilder$SimpleSerdesTester] (main) Using producer configuration: {apicurio.registry.url=http://registry-app-inmemory.apps.ci419.apicurio-testing.org:80/apis/registry/v3, apicurio.registry.auto-register=true, apicurio.registry.artifact-resolver-strategy=io.apicurio.registry.serde.strategy.TopicIdStrategy, value.serializer=io.apicurio.registry.serde.avro.AvroKafkaSerializer, request.timeout.ms=5000, acks=all, bootstrap.servers=PLAINTEXT://localhost:32769, connections.max.idle.ms=10000, key.serializer=org.apache.kafka.common.serialization.StringSerializer, client.id=Producer-topic-9450b177_86bd_4f87_8a65_3a591fc8fecc}
2025-08-05 18:22:45,057 INFO  [io.api.tes.ser.api.SimpleSerdesTesterBuilder$SimpleSerdesTester] (main) Using consumer configuration: {}
2025-08-05 18:22:45,059 INFO  [io.api.tes.ser.api.KafkaSerdesTester] (Thread-651) Sending message {"id": "record-0"} to topic topic-9450b177_86bd_4f87_8a65_3a591fc8fecc
2025-08-05 18:22:45,066 WARN  [org.apa.kaf.cli.NetworkClient] (kafka-producer-network-thread | Producer-topic-9450b177_86bd_4f87_8a65_3a591fc8fecc) [Producer clientId=Producer-topic-9450b177_86bd_4f87_8a65_3a591fc8fecc] The metadata response from the cluster reported a recoverable issue with correlation id 1 : {topic-9450b177_86bd_4f87_8a65_3a591fc8fecc=UNKNOWN_TOPIC_OR_PARTITION}
2025-08-05 18:22:45,066 INFO  [org.apa.kaf.cli.Metadata] (kafka-producer-network-thread | Producer-topic-9450b177_86bd_4f87_8a65_3a591fc8fecc) [Producer clientId=Producer-topic-9450b177_86bd_4f87_8a65_3a591fc8fecc] Cluster ID: PopyJKdlRzKjlQHMpYFwRA
2025-08-05 18:22:45,066 INFO  [org.apa.kaf.cli.pro.int.TransactionManager] (kafka-producer-network-thread | Producer-topic-9450b177_86bd_4f87_8a65_3a591fc8fecc) [Producer clientId=Producer-topic-9450b177_86bd_4f87_8a65_3a591fc8fecc] ProducerId set to 10 with epoch 0
2025-08-05 18:22:45,351 INFO  [io.api.tes.ser.api.KafkaSerdesTester] (Thread-651) Sending message {"value": 1} to topic topic-9450b177_86bd_4f87_8a65_3a591fc8fecc
2025-08-05 18:22:45,438 INFO  [org.apa.kaf.cli.pro.KafkaProducer] (Thread-651) [Producer clientId=Producer-topic-9450b177_86bd_4f87_8a65_3a591fc8fecc] Closing the Kafka producer with timeoutMillis = 9223372036854775807 ms.
2025-08-05 18:22:45,441 INFO  [org.apa.kaf.com.met.Metrics] (Thread-651) Metrics scheduler closed
2025-08-05 18:22:45,441 INFO  [org.apa.kaf.com.met.Metrics] (Thread-651) Closing reporter org.apache.kafka.common.metrics.JmxReporter
2025-08-05 18:22:45,441 INFO  [org.apa.kaf.com.met.Metrics] (Thread-651) Closing reporter org.apache.kafka.common.telemetry.internals.ClientTelemetryReporter
2025-08-05 18:22:45,441 INFO  [org.apa.kaf.com.met.Metrics] (Thread-651) Metrics reporters closed
2025-08-05 18:22:45,442 INFO  [org.apa.kaf.com.uti.AppInfoParser] (Thread-651) App info kafka.producer for Producer-topic-9450b177_86bd_4f87_8a65_3a591fc8fecc unregistered
2025-08-05 18:22:45,443 INFO  [io.api.tes.uti.TestSeparator] (main) io.apicurio.tests.serdes.apicurio.AvroSerdeIT.testAvroUnionWithSpecificReader-FINISHED
2025-08-05 18:22:45,443 INFO  [io.api.tes.uti.TestSeparator] (main) ############################################################################
2025-08-05 18:22:45,443 ERROR [io.api.reg.uti.tes.TestUtils] (main) === TEST FAILED ===
2025-08-05 18:22:45,443 ERROR [io.api.reg.uti.tes.TestUtils] (main) Class: class io.apicurio.tests.serdes.apicurio.AvroSerdeIT
2025-08-05 18:22:45,443 ERROR [io.api.reg.uti.tes.TestUtils] (main) Test:  testAvroUnionWithSpecificReader
2025-08-05 18:22:45,443 ERROR [io.api.reg.uti.tes.TestUtils] (main) ID:    [engine:junit-jupiter]/[class:io.apicurio.tests.serdes.apicurio.AvroSerdeIT]/[method:testAvroUnionWithSpecificReader()]
2025-08-05 18:22:45,443 ERROR [io.api.reg.uti.tes.TestUtils] (main) Error: ExecutionException - java.lang.RuntimeException: io.apicurio.registry.rest.client.models.RuleViolationProblemDetails
2025-08-05 18:22:45,444 ERROR [io.api.reg.uti.tes.TestUtils] (main) === =========== ===
]]></system-out>
    <system-err><![CDATA[io.apicurio.registry.rest.client.models.RuleViolationProblemDetails
	at io.apicurio.registry.rest.client.models.RuleViolationProblemDetails.createFromDiscriminatorValue(RuleViolationProblemDetails.java:62)
	at io.kiota.serialization.json.JsonParseNode.getObjectValue(JsonParseNode.java:247)
	at io.kiota.http.vertx.VertXRequestAdapter.lambda$throwIfFailedResponse$0(VertXRequestAdapter.java:400)
	at com.microsoft.kiota.ApiExceptionBuilder.<init>(ApiExceptionBuilder.java:26)
	at io.kiota.http.vertx.VertXRequestAdapter.throwIfFailedResponse(VertXRequestAdapter.java:399)
	at io.kiota.http.vertx.VertXRequestAdapter.send(VertXRequestAdapter.java:170)
	at io.apicurio.registry.rest.client.groups.item.artifacts.ArtifactsRequestBuilder.post(ArtifactsRequestBuilder.java:130)
	at io.apicurio.registry.resolver.client.RegistryClientFacadeImpl.createSchema(RegistryClientFacadeImpl.java:144)
	at io.apicurio.registry.resolver.DefaultSchemaResolver.lambda$handleAutoCreateArtifact$4(DefaultSchemaResolver.java:307)
	at io.apicurio.registry.resolver.cache.ERCache.lambda$getValue$0(ERCache.java:174)
	at io.apicurio.registry.resolver.cache.ERCache.retry(ERCache.java:227)
	at io.apicurio.registry.resolver.cache.ERCache.getValue(ERCache.java:173)
	at io.apicurio.registry.resolver.cache.ERCache.getByContent(ERCache.java:147)
	at io.apicurio.registry.resolver.DefaultSchemaResolver.handleAutoCreateArtifact(DefaultSchemaResolver.java:295)
	at io.apicurio.registry.resolver.DefaultSchemaResolver.getSchemaFromRegistry(DefaultSchemaResolver.java:120)
	at io.apicurio.registry.resolver.DefaultSchemaResolver.lambda$resolveSchema$0(DefaultSchemaResolver.java:84)
	at java.base/java.util.Optional.orElseGet(Optional.java:364)
	at io.apicurio.registry.resolver.DefaultSchemaResolver.resolveSchema(DefaultSchemaResolver.java:84)
	at io.apicurio.registry.serde.AbstractSerializer.serializeData(AbstractSerializer.java:62)
	at io.apicurio.registry.serde.KafkaSerializer.serialize(KafkaSerializer.java:77)
	at org.apache.kafka.clients.producer.KafkaProducer.doSend(KafkaProducer.java:1046)
	at org.apache.kafka.clients.producer.KafkaProducer.send(KafkaProducer.java:993)
	at org.apache.kafka.clients.producer.KafkaProducer.send(KafkaProducer.java:875)
	at io.apicurio.tests.serdes.apicurio.KafkaSerdesTester.lambda$produceMessages$3(KafkaSerdesTester.java:138)
	at java.base/java.util.concurrent.CompletableFuture$AsyncSupply.run(CompletableFuture.java:1768)
	at java.base/java.lang.Thread.run(Thread.java:840)
io.apicurio.registry.rest.client.models.RuleViolationProblemDetails
	at io.apicurio.registry.rest.client.models.RuleViolationProblemDetails.createFromDiscriminatorValue(RuleViolationProblemDetails.java:62)
	at io.kiota.serialization.json.JsonParseNode.getObjectValue(JsonParseNode.java:247)
	at io.kiota.http.vertx.VertXRequestAdapter.lambda$throwIfFailedResponse$0(VertXRequestAdapter.java:400)
	at com.microsoft.kiota.ApiExceptionBuilder.<init>(ApiExceptionBuilder.java:26)
	at io.kiota.http.vertx.VertXRequestAdapter.throwIfFailedResponse(VertXRequestAdapter.java:399)
	at io.kiota.http.vertx.VertXRequestAdapter.send(VertXRequestAdapter.java:170)
	at io.apicurio.registry.rest.client.groups.item.artifacts.ArtifactsRequestBuilder.post(ArtifactsRequestBuilder.java:130)
	at io.apicurio.registry.resolver.client.RegistryClientFacadeImpl.createSchema(RegistryClientFacadeImpl.java:144)
	at io.apicurio.registry.resolver.DefaultSchemaResolver.lambda$handleAutoCreateArtifact$4(DefaultSchemaResolver.java:307)
	at io.apicurio.registry.resolver.cache.ERCache.lambda$getValue$0(ERCache.java:174)
	at io.apicurio.registry.resolver.cache.ERCache.retry(ERCache.java:227)
	at io.apicurio.registry.resolver.cache.ERCache.getValue(ERCache.java:173)
	at io.apicurio.registry.resolver.cache.ERCache.getByContent(ERCache.java:147)
	at io.apicurio.registry.resolver.DefaultSchemaResolver.handleAutoCreateArtifact(DefaultSchemaResolver.java:295)
	at io.apicurio.registry.resolver.DefaultSchemaResolver.getSchemaFromRegistry(DefaultSchemaResolver.java:120)
	at io.apicurio.registry.resolver.DefaultSchemaResolver.lambda$resolveSchema$0(DefaultSchemaResolver.java:84)
	at java.base/java.util.Optional.orElseGet(Optional.java:364)
	at io.apicurio.registry.resolver.DefaultSchemaResolver.resolveSchema(DefaultSchemaResolver.java:84)
	at io.apicurio.registry.serde.AbstractSerializer.serializeData(AbstractSerializer.java:62)
	at io.apicurio.registry.serde.KafkaSerializer.serialize(KafkaSerializer.java:77)
	at org.apache.kafka.clients.producer.KafkaProducer.doSend(KafkaProducer.java:1046)
	at org.apache.kafka.clients.producer.KafkaProducer.send(KafkaProducer.java:993)
	at org.apache.kafka.clients.producer.KafkaProducer.send(KafkaProducer.java:875)
	at io.apicurio.tests.serdes.apicurio.KafkaSerdesTester.lambda$produceMessages$3(KafkaSerdesTester.java:138)
	at java.base/java.util.concurrent.CompletableFuture$AsyncSupply.run(CompletableFuture.java:1768)
	at java.base/java.lang.Thread.run(Thread.java:840)
]]></system-err>
  </testcase>
  <testcase name="testEvolveAvroApicurioReusingClient" classname="io.apicurio.tests.serdes.apicurio.AvroSerdeIT" time="4.754">
    <error type="io.apicurio.registry.rest.client.models.RuleViolationProblemDetails"><![CDATA[io.apicurio.registry.rest.client.models.RuleViolationProblemDetails
	at io.apicurio.registry.rest.client.models.RuleViolationProblemDetails.createFromDiscriminatorValue(RuleViolationProblemDetails.java:62)
	at io.kiota.serialization.json.JsonParseNode.getObjectValue(JsonParseNode.java:247)
	at io.kiota.http.vertx.VertXRequestAdapter.lambda$throwIfFailedResponse$0(VertXRequestAdapter.java:400)
	at com.microsoft.kiota.ApiExceptionBuilder.<init>(ApiExceptionBuilder.java:26)
	at io.kiota.http.vertx.VertXRequestAdapter.throwIfFailedResponse(VertXRequestAdapter.java:399)
	at io.kiota.http.vertx.VertXRequestAdapter.send(VertXRequestAdapter.java:170)
	at io.apicurio.registry.rest.client.groups.item.artifacts.item.versions.VersionsRequestBuilder.post(VersionsRequestBuilder.java:117)
	at io.apicurio.registry.rest.client.groups.item.artifacts.item.versions.VersionsRequestBuilder.post(VersionsRequestBuilder.java:94)
	at io.apicurio.tests.ApicurioRegistryBaseIT.createArtifactVersion(ApicurioRegistryBaseIT.java:218)
	at io.apicurio.tests.serdes.apicurio.AvroSerdeIT.evolveSchemaTest(AvroSerdeIT.java:337)
	at io.apicurio.tests.serdes.apicurio.AvroSerdeIT.testEvolveAvroApicurioReusingClient(AvroSerdeIT.java:281)
	at java.base/java.lang.reflect.Method.invoke(Method.java:569)
	at java.base/java.util.ArrayList.forEach(ArrayList.java:1511)
	at java.base/java.util.ArrayList.forEach(ArrayList.java:1511)
]]></error>
    <system-out><![CDATA[2025-08-05 18:22:45,448 INFO  [io.api.tes.uti.TestSeparator] (main) ############################################################################
2025-08-05 18:22:45,448 INFO  [io.api.tes.uti.TestSeparator] (main) io.apicurio.tests.serdes.apicurio.AvroSerdeIT.testEvolveAvroApicurioReusingClient-STARTED
2025-08-05 18:22:45,450 INFO  [io.api.tes.ser.api.AvroSerdeIT] (main) Registering Avro Schema: {"type":"record","name":"s2a3e6c8exfe26x4385xaf17xe037e91d59e0","namespace":"ns_dbfb1f79_2f9e_4775_801f_dfa3cbe57d73","fields":[{"name":"key11754418165449","type":"string"}]}
**** Registry Base URL: http://registry-app-inmemory.apps.ci419.apicurio-testing.org:80
2025-08-05 18:22:46,615 INFO  [org.apa.kaf.cli.pro.ProducerConfig] (main) ProducerConfig values: 
	acks = -1
	auto.include.jmx.reporter = true
	batch.size = 16384
	bootstrap.servers = [PLAINTEXT://localhost:32769]
	buffer.memory = 33554432
	client.dns.lookup = use_all_dns_ips
	client.id = Producer-topic-810d7bbf_6cbf_4587_9cc1_62a04256597b
	compression.gzip.level = -1
	compression.lz4.level = 9
	compression.type = none
	compression.zstd.level = 3
	connections.max.idle.ms = 10000
	delivery.timeout.ms = 120000
	enable.idempotence = true
	enable.metrics.push = true
	interceptor.classes = []
	key.serializer = class org.apache.kafka.common.serialization.StringSerializer
	linger.ms = 0
	max.block.ms = 60000
	max.in.flight.requests.per.connection = 5
	max.request.size = 1048576
	metadata.max.age.ms = 300000
	metadata.max.idle.ms = 300000
	metadata.recovery.strategy = none
	metric.reporters = []
	metrics.num.samples = 2
	metrics.recording.level = INFO
	metrics.sample.window.ms = 30000
	partitioner.adaptive.partitioning.enable = true
	partitioner.availability.timeout.ms = 0
	partitioner.class = null
	partitioner.ignore.keys = false
	receive.buffer.bytes = 32768
	reconnect.backoff.max.ms = 1000
	reconnect.backoff.ms = 50
	request.timeout.ms = 5000
	retries = 2147483647
	retry.backoff.max.ms = 1000
	retry.backoff.ms = 100
	sasl.client.callback.handler.class = null
	sasl.jaas.config = null
	sasl.kerberos.kinit.cmd = /usr/bin/kinit
	sasl.kerberos.min.time.before.relogin = 60000
	sasl.kerberos.service.name = null
	sasl.kerberos.ticket.renew.jitter = 0.05
	sasl.kerberos.ticket.renew.window.factor = 0.8
	sasl.login.callback.handler.class = null
	sasl.login.class = null
	sasl.login.connect.timeout.ms = null
	sasl.login.read.timeout.ms = null
	sasl.login.refresh.buffer.seconds = 300
	sasl.login.refresh.min.period.seconds = 60
	sasl.login.refresh.window.factor = 0.8
	sasl.login.refresh.window.jitter = 0.05
	sasl.login.retry.backoff.max.ms = 10000
	sasl.login.retry.backoff.ms = 100
	sasl.mechanism = GSSAPI
	sasl.oauthbearer.clock.skew.seconds = 30
	sasl.oauthbearer.expected.audience = null
	sasl.oauthbearer.expected.issuer = null
	sasl.oauthbearer.header.urlencode = false
	sasl.oauthbearer.jwks.endpoint.refresh.ms = 3600000
	sasl.oauthbearer.jwks.endpoint.retry.backoff.max.ms = 10000
	sasl.oauthbearer.jwks.endpoint.retry.backoff.ms = 100
	sasl.oauthbearer.jwks.endpoint.url = null
	sasl.oauthbearer.scope.claim.name = scope
	sasl.oauthbearer.sub.claim.name = sub
	sasl.oauthbearer.token.endpoint.url = null
	security.protocol = PLAINTEXT
	security.providers = null
	send.buffer.bytes = 131072
	socket.connection.setup.timeout.max.ms = 30000
	socket.connection.setup.timeout.ms = 10000
	ssl.cipher.suites = null
	ssl.enabled.protocols = [TLSv1.2, TLSv1.3]
	ssl.endpoint.identification.algorithm = https
	ssl.engine.factory.class = null
	ssl.key.password = null
	ssl.keymanager.algorithm = SunX509
	ssl.keystore.certificate.chain = null
	ssl.keystore.key = null
	ssl.keystore.location = null
	ssl.keystore.password = null
	ssl.keystore.type = JKS
	ssl.protocol = TLSv1.3
	ssl.provider = null
	ssl.secure.random.implementation = null
	ssl.trustmanager.algorithm = PKIX
	ssl.truststore.certificates = null
	ssl.truststore.location = null
	ssl.truststore.password = null
	ssl.truststore.type = JKS
	transaction.timeout.ms = 60000
	transactional.id = null
	value.serializer = class io.apicurio.registry.serde.avro.AvroKafkaSerializer

2025-08-05 18:22:46,615 INFO  [org.apa.kaf.com.tel.int.KafkaMetricsCollector] (main) initializing Kafka metrics collector
2025-08-05 18:22:46,619 INFO  [org.apa.kaf.cli.pro.KafkaProducer] (main) [Producer clientId=Producer-topic-810d7bbf_6cbf_4587_9cc1_62a04256597b] Instantiated an idempotent producer.
2025-08-05 18:22:46,621 INFO  [org.apa.kaf.cli.pro.ProducerConfig] (main) These configurations '[apicurio.registry.url, apicurio.registry.artifact-resolver-strategy]' were supplied but are not used yet.
2025-08-05 18:22:46,621 INFO  [org.apa.kaf.com.uti.AppInfoParser] (main) Kafka version: 3.9.1
2025-08-05 18:22:46,621 INFO  [org.apa.kaf.com.uti.AppInfoParser] (main) Kafka commitId: f745dfdcee2b9851
2025-08-05 18:22:46,621 INFO  [org.apa.kaf.com.uti.AppInfoParser] (main) Kafka startTimeMs: 1754418166621
**** Registry Base URL: http://registry-app-inmemory.apps.ci419.apicurio-testing.org:80
2025-08-05 18:22:46,622 INFO  [org.apa.kaf.cli.con.ConsumerConfig] (main) ConsumerConfig values: 
	allow.auto.create.topics = true
	auto.commit.interval.ms = 500
	auto.include.jmx.reporter = true
	auto.offset.reset = earliest
	bootstrap.servers = [PLAINTEXT://localhost:32769]
	check.crcs = true
	client.dns.lookup = use_all_dns_ips
	client.id = consumer-Consumer-topic-810d7bbf_6cbf_4587_9cc1_62a04256597b-8
	client.rack = 
	connections.max.idle.ms = 10000
	default.api.timeout.ms = 60000
	enable.auto.commit = true
	enable.metrics.push = true
	exclude.internal.topics = true
	fetch.max.bytes = 52428800
	fetch.max.wait.ms = 500
	fetch.min.bytes = 1
	group.id = Consumer-topic-810d7bbf_6cbf_4587_9cc1_62a04256597b
	group.instance.id = null
	group.protocol = classic
	group.remote.assignor = null
	heartbeat.interval.ms = 3000
	interceptor.classes = []
	internal.leave.group.on.close = true
	internal.throw.on.fetch.stable.offset.unsupported = false
	isolation.level = read_uncommitted
	key.deserializer = class org.apache.kafka.common.serialization.StringDeserializer
	max.partition.fetch.bytes = 1048576
	max.poll.interval.ms = 300000
	max.poll.records = 500
	metadata.max.age.ms = 300000
	metadata.recovery.strategy = none
	metric.reporters = []
	metrics.num.samples = 2
	metrics.recording.level = INFO
	metrics.sample.window.ms = 30000
	partition.assignment.strategy = [class org.apache.kafka.clients.consumer.RangeAssignor, class org.apache.kafka.clients.consumer.CooperativeStickyAssignor]
	receive.buffer.bytes = 65536
	reconnect.backoff.max.ms = 1000
	reconnect.backoff.ms = 50
	request.timeout.ms = 5000
	retry.backoff.max.ms = 1000
	retry.backoff.ms = 100
	sasl.client.callback.handler.class = null
	sasl.jaas.config = null
	sasl.kerberos.kinit.cmd = /usr/bin/kinit
	sasl.kerberos.min.time.before.relogin = 60000
	sasl.kerberos.service.name = null
	sasl.kerberos.ticket.renew.jitter = 0.05
	sasl.kerberos.ticket.renew.window.factor = 0.8
	sasl.login.callback.handler.class = null
	sasl.login.class = null
	sasl.login.connect.timeout.ms = null
	sasl.login.read.timeout.ms = null
	sasl.login.refresh.buffer.seconds = 300
	sasl.login.refresh.min.period.seconds = 60
	sasl.login.refresh.window.factor = 0.8
	sasl.login.refresh.window.jitter = 0.05
	sasl.login.retry.backoff.max.ms = 10000
	sasl.login.retry.backoff.ms = 100
	sasl.mechanism = GSSAPI
	sasl.oauthbearer.clock.skew.seconds = 30
	sasl.oauthbearer.expected.audience = null
	sasl.oauthbearer.expected.issuer = null
	sasl.oauthbearer.header.urlencode = false
	sasl.oauthbearer.jwks.endpoint.refresh.ms = 3600000
	sasl.oauthbearer.jwks.endpoint.retry.backoff.max.ms = 10000
	sasl.oauthbearer.jwks.endpoint.retry.backoff.ms = 100
	sasl.oauthbearer.jwks.endpoint.url = null
	sasl.oauthbearer.scope.claim.name = scope
	sasl.oauthbearer.sub.claim.name = sub
	sasl.oauthbearer.token.endpoint.url = null
	security.protocol = PLAINTEXT
	security.providers = null
	send.buffer.bytes = 131072
	session.timeout.ms = 45000
	socket.connection.setup.timeout.max.ms = 30000
	socket.connection.setup.timeout.ms = 10000
	ssl.cipher.suites = null
	ssl.enabled.protocols = [TLSv1.2, TLSv1.3]
	ssl.endpoint.identification.algorithm = https
	ssl.engine.factory.class = null
	ssl.key.password = null
	ssl.keymanager.algorithm = SunX509
	ssl.keystore.certificate.chain = null
	ssl.keystore.key = null
	ssl.keystore.location = null
	ssl.keystore.password = null
	ssl.keystore.type = JKS
	ssl.protocol = TLSv1.3
	ssl.provider = null
	ssl.secure.random.implementation = null
	ssl.trustmanager.algorithm = PKIX
	ssl.truststore.certificates = null
	ssl.truststore.location = null
	ssl.truststore.password = null
	ssl.truststore.type = JKS
	value.deserializer = class io.apicurio.registry.serde.avro.AvroKafkaDeserializer

2025-08-05 18:22:46,622 INFO  [org.apa.kaf.com.tel.int.KafkaMetricsCollector] (main) initializing Kafka metrics collector
2025-08-05 18:22:46,632 INFO  [org.apa.kaf.cli.Metadata] (kafka-producer-network-thread | Producer-topic-810d7bbf_6cbf_4587_9cc1_62a04256597b) [Producer clientId=Producer-topic-810d7bbf_6cbf_4587_9cc1_62a04256597b] Cluster ID: PopyJKdlRzKjlQHMpYFwRA
2025-08-05 18:22:46,634 INFO  [org.apa.kaf.cli.pro.int.TransactionManager] (kafka-producer-network-thread | Producer-topic-810d7bbf_6cbf_4587_9cc1_62a04256597b) [Producer clientId=Producer-topic-810d7bbf_6cbf_4587_9cc1_62a04256597b] ProducerId set to 11 with epoch 0
2025-08-05 18:22:46,637 INFO  [org.apa.kaf.cli.con.ConsumerConfig] (main) These configurations '[apicurio.registry.url]' were supplied but are not used yet.
2025-08-05 18:22:46,637 INFO  [org.apa.kaf.com.uti.AppInfoParser] (main) Kafka version: 3.9.1
2025-08-05 18:22:46,637 INFO  [org.apa.kaf.com.uti.AppInfoParser] (main) Kafka commitId: f745dfdcee2b9851
2025-08-05 18:22:46,637 INFO  [org.apa.kaf.com.uti.AppInfoParser] (main) Kafka startTimeMs: 1754418166637
2025-08-05 18:22:46,639 INFO  [io.api.tes.ser.api.KafkaSerdesTester] (Thread-656) Sending message {"key11754418165449": "value-0"} to topic topic-810d7bbf_6cbf_4587_9cc1_62a04256597b
2025-08-05 18:22:46,644 INFO  [DefaultSchemaResolver] (Thread-656) Retrieving schema content using string: {"type":"record","name":"s2a3e6c8exfe26x4385xaf17xe037e91d59e0","namespace":"ns_dbfb1f79_2f9e_4775_801f_dfa3cbe57d73","fields":[{"name":"key11754418165449","type":"string"}]}
2025-08-05 18:22:46,804 INFO  [io.api.tes.ser.api.KafkaSerdesTester] (Thread-656) Sending message {"key11754418165449": "value-1"} to topic topic-810d7bbf_6cbf_4587_9cc1_62a04256597b
2025-08-05 18:22:46,806 INFO  [io.api.tes.ser.api.KafkaSerdesTester] (Thread-656) Sending message {"key11754418165449": "value-2"} to topic topic-810d7bbf_6cbf_4587_9cc1_62a04256597b
2025-08-05 18:22:46,808 INFO  [io.api.tes.ser.api.KafkaSerdesTester] (Thread-656) Sending message {"key11754418165449": "value-3"} to topic topic-810d7bbf_6cbf_4587_9cc1_62a04256597b
2025-08-05 18:22:46,814 INFO  [io.api.tes.ser.api.KafkaSerdesTester] (Thread-656) Sending message {"key11754418165449": "value-4"} to topic topic-810d7bbf_6cbf_4587_9cc1_62a04256597b
2025-08-05 18:22:46,818 INFO  [io.api.tes.ser.api.KafkaSerdesTester] (Thread-656) Sending message {"key11754418165449": "value-5"} to topic topic-810d7bbf_6cbf_4587_9cc1_62a04256597b
2025-08-05 18:22:46,820 INFO  [io.api.tes.ser.api.KafkaSerdesTester] (Thread-656) Sending message {"key11754418165449": "value-6"} to topic topic-810d7bbf_6cbf_4587_9cc1_62a04256597b
2025-08-05 18:22:46,823 INFO  [io.api.tes.ser.api.KafkaSerdesTester] (Thread-656) Sending message {"key11754418165449": "value-7"} to topic topic-810d7bbf_6cbf_4587_9cc1_62a04256597b
2025-08-05 18:22:46,825 INFO  [io.api.tes.ser.api.KafkaSerdesTester] (Thread-656) Sending message {"key11754418165449": "value-8"} to topic topic-810d7bbf_6cbf_4587_9cc1_62a04256597b
2025-08-05 18:22:46,829 INFO  [io.api.tes.ser.api.KafkaSerdesTester] (Thread-656) Sending message {"key11754418165449": "value-9"} to topic topic-810d7bbf_6cbf_4587_9cc1_62a04256597b
2025-08-05 18:22:46,831 INFO  [io.api.tes.ser.api.KafkaSerdesTester] (Thread-656) Produced 10 messages
2025-08-05 18:22:46,833 INFO  [org.apa.kaf.cli.con.int.ClassicKafkaConsumer] (Thread-657) [Consumer clientId=consumer-Consumer-topic-810d7bbf_6cbf_4587_9cc1_62a04256597b-8, groupId=Consumer-topic-810d7bbf_6cbf_4587_9cc1_62a04256597b] Subscribed to topic(s): topic-810d7bbf_6cbf_4587_9cc1_62a04256597b
2025-08-05 18:22:46,840 INFO  [org.apa.kaf.cli.Metadata] (Thread-657) [Consumer clientId=consumer-Consumer-topic-810d7bbf_6cbf_4587_9cc1_62a04256597b-8, groupId=Consumer-topic-810d7bbf_6cbf_4587_9cc1_62a04256597b] Cluster ID: PopyJKdlRzKjlQHMpYFwRA
2025-08-05 18:22:46,843 INFO  [org.apa.kaf.cli.con.int.ConsumerCoordinator] (Thread-657) [Consumer clientId=consumer-Consumer-topic-810d7bbf_6cbf_4587_9cc1_62a04256597b-8, groupId=Consumer-topic-810d7bbf_6cbf_4587_9cc1_62a04256597b] Discovered group coordinator localhost:32769 (id: 2147483647 rack: null)
2025-08-05 18:22:46,847 INFO  [org.apa.kaf.cli.con.int.ConsumerCoordinator] (Thread-657) [Consumer clientId=consumer-Consumer-topic-810d7bbf_6cbf_4587_9cc1_62a04256597b-8, groupId=Consumer-topic-810d7bbf_6cbf_4587_9cc1_62a04256597b] (Re-)joining group
2025-08-05 18:22:46,853 INFO  [org.apa.kaf.cli.con.int.ConsumerCoordinator] (Thread-657) [Consumer clientId=consumer-Consumer-topic-810d7bbf_6cbf_4587_9cc1_62a04256597b-8, groupId=Consumer-topic-810d7bbf_6cbf_4587_9cc1_62a04256597b] Request joining group due to: need to re-join with the given member-id: consumer-Consumer-topic-810d7bbf_6cbf_4587_9cc1_62a04256597b-8-e3e7ff79-9e28-4555-a8bb-e07dda9ea174
2025-08-05 18:22:46,853 INFO  [org.apa.kaf.cli.con.int.ConsumerCoordinator] (Thread-657) [Consumer clientId=consumer-Consumer-topic-810d7bbf_6cbf_4587_9cc1_62a04256597b-8, groupId=Consumer-topic-810d7bbf_6cbf_4587_9cc1_62a04256597b] (Re-)joining group
2025-08-05 18:22:47,835 INFO  [io.api.tes.ser.api.KafkaSerdesTester] (Thread-657) None found
2025-08-05 18:22:48,835 INFO  [io.api.tes.ser.api.KafkaSerdesTester] (Thread-657) None found
2025-08-05 18:22:49,835 INFO  [io.api.tes.ser.api.KafkaSerdesTester] (Thread-657) None found
2025-08-05 18:22:49,855 INFO  [org.apa.kaf.cli.con.int.ConsumerCoordinator] (Thread-657) [Consumer clientId=consumer-Consumer-topic-810d7bbf_6cbf_4587_9cc1_62a04256597b-8, groupId=Consumer-topic-810d7bbf_6cbf_4587_9cc1_62a04256597b] Successfully joined group with generation Generation{generationId=1, memberId='consumer-Consumer-topic-810d7bbf_6cbf_4587_9cc1_62a04256597b-8-e3e7ff79-9e28-4555-a8bb-e07dda9ea174', protocol='range'}
2025-08-05 18:22:49,855 INFO  [org.apa.kaf.cli.con.int.ConsumerCoordinator] (Thread-657) [Consumer clientId=consumer-Consumer-topic-810d7bbf_6cbf_4587_9cc1_62a04256597b-8, groupId=Consumer-topic-810d7bbf_6cbf_4587_9cc1_62a04256597b] Finished assignment for group at generation 1: {consumer-Consumer-topic-810d7bbf_6cbf_4587_9cc1_62a04256597b-8-e3e7ff79-9e28-4555-a8bb-e07dda9ea174=Assignment(partitions=[topic-810d7bbf_6cbf_4587_9cc1_62a04256597b-0])}
2025-08-05 18:22:49,862 INFO  [org.apa.kaf.cli.con.int.ConsumerCoordinator] (Thread-657) [Consumer clientId=consumer-Consumer-topic-810d7bbf_6cbf_4587_9cc1_62a04256597b-8, groupId=Consumer-topic-810d7bbf_6cbf_4587_9cc1_62a04256597b] Successfully synced group in generation Generation{generationId=1, memberId='consumer-Consumer-topic-810d7bbf_6cbf_4587_9cc1_62a04256597b-8-e3e7ff79-9e28-4555-a8bb-e07dda9ea174', protocol='range'}
2025-08-05 18:22:49,862 INFO  [org.apa.kaf.cli.con.int.ConsumerCoordinator] (Thread-657) [Consumer clientId=consumer-Consumer-topic-810d7bbf_6cbf_4587_9cc1_62a04256597b-8, groupId=Consumer-topic-810d7bbf_6cbf_4587_9cc1_62a04256597b] Notifying assignor about the new Assignment(partitions=[topic-810d7bbf_6cbf_4587_9cc1_62a04256597b-0])
2025-08-05 18:22:49,862 INFO  [org.apa.kaf.cli.con.int.ConsumerRebalanceListenerInvoker] (Thread-657) [Consumer clientId=consumer-Consumer-topic-810d7bbf_6cbf_4587_9cc1_62a04256597b-8, groupId=Consumer-topic-810d7bbf_6cbf_4587_9cc1_62a04256597b] Adding newly assigned partitions: topic-810d7bbf_6cbf_4587_9cc1_62a04256597b-0
2025-08-05 18:22:49,863 INFO  [org.apa.kaf.cli.con.int.ConsumerCoordinator] (Thread-657) [Consumer clientId=consumer-Consumer-topic-810d7bbf_6cbf_4587_9cc1_62a04256597b-8, groupId=Consumer-topic-810d7bbf_6cbf_4587_9cc1_62a04256597b] Found no committed offset for partition topic-810d7bbf_6cbf_4587_9cc1_62a04256597b-0
2025-08-05 18:22:49,867 INFO  [org.apa.kaf.cli.con.int.SubscriptionState] (Thread-657) [Consumer clientId=consumer-Consumer-topic-810d7bbf_6cbf_4587_9cc1_62a04256597b-8, groupId=Consumer-topic-810d7bbf_6cbf_4587_9cc1_62a04256597b] Resetting offset for partition topic-810d7bbf_6cbf_4587_9cc1_62a04256597b-0 to position FetchPosition{offset=0, offsetEpoch=Optional.empty, currentLeader=LeaderAndEpoch{leader=Optional[localhost:32769 (id: 0 rack: null)], epoch=0}}.
2025-08-05 18:22:50,112 INFO  [io.api.tes.ser.api.KafkaSerdesTester] (Thread-657) topic-810d7bbf_6cbf_4587_9cc1_62a04256597b 0 0 {"key11754418165449": "value-0"}
2025-08-05 18:22:50,112 INFO  [io.api.tes.ser.api.KafkaSerdesTester] (Thread-657) topic-810d7bbf_6cbf_4587_9cc1_62a04256597b 0 1 {"key11754418165449": "value-1"}
2025-08-05 18:22:50,112 INFO  [io.api.tes.ser.api.KafkaSerdesTester] (Thread-657) topic-810d7bbf_6cbf_4587_9cc1_62a04256597b 0 2 {"key11754418165449": "value-2"}
2025-08-05 18:22:50,112 INFO  [io.api.tes.ser.api.KafkaSerdesTester] (Thread-657) topic-810d7bbf_6cbf_4587_9cc1_62a04256597b 0 3 {"key11754418165449": "value-3"}
2025-08-05 18:22:50,112 INFO  [io.api.tes.ser.api.KafkaSerdesTester] (Thread-657) topic-810d7bbf_6cbf_4587_9cc1_62a04256597b 0 4 {"key11754418165449": "value-4"}
2025-08-05 18:22:50,112 INFO  [io.api.tes.ser.api.KafkaSerdesTester] (Thread-657) topic-810d7bbf_6cbf_4587_9cc1_62a04256597b 0 5 {"key11754418165449": "value-5"}
2025-08-05 18:22:50,112 INFO  [io.api.tes.ser.api.KafkaSerdesTester] (Thread-657) topic-810d7bbf_6cbf_4587_9cc1_62a04256597b 0 6 {"key11754418165449": "value-6"}
2025-08-05 18:22:50,113 INFO  [io.api.tes.ser.api.KafkaSerdesTester] (Thread-657) topic-810d7bbf_6cbf_4587_9cc1_62a04256597b 0 7 {"key11754418165449": "value-7"}
2025-08-05 18:22:50,113 INFO  [io.api.tes.ser.api.KafkaSerdesTester] (Thread-657) topic-810d7bbf_6cbf_4587_9cc1_62a04256597b 0 8 {"key11754418165449": "value-8"}
2025-08-05 18:22:50,113 INFO  [io.api.tes.ser.api.KafkaSerdesTester] (Thread-657) topic-810d7bbf_6cbf_4587_9cc1_62a04256597b 0 9 {"key11754418165449": "value-9"}
2025-08-05 18:22:50,113 INFO  [io.api.tes.ser.api.KafkaSerdesTester] (Thread-657) Consumed 10 messages
2025-08-05 18:22:50,113 INFO  [io.api.tes.ser.api.AvroSerdeIT] (main) Registering Avro Schema 2: {"type":"record","name":"s2a3e6c8exfe26x4385xaf17xe037e91d59e0","namespace":"ns_dbfb1f79_2f9e_4775_801f_dfa3cbe57d73","fields":[{"name":"key11754418165449","type":"string"},{"name":"key21754418170113","type":"string"}]}
2025-08-05 18:22:50,197 INFO  [io.api.tes.uti.TestSeparator] (main) io.apicurio.tests.serdes.apicurio.AvroSerdeIT.testEvolveAvroApicurioReusingClient-FINISHED
2025-08-05 18:22:50,197 INFO  [io.api.tes.uti.TestSeparator] (main) ############################################################################
2025-08-05 18:22:50,198 ERROR [io.api.reg.uti.tes.TestUtils] (main) === TEST FAILED ===
2025-08-05 18:22:50,198 ERROR [io.api.reg.uti.tes.TestUtils] (main) Class: class io.apicurio.tests.serdes.apicurio.AvroSerdeIT
2025-08-05 18:22:50,198 ERROR [io.api.reg.uti.tes.TestUtils] (main) Test:  testEvolveAvroApicurioReusingClient
2025-08-05 18:22:50,198 ERROR [io.api.reg.uti.tes.TestUtils] (main) ID:    [engine:junit-jupiter]/[class:io.apicurio.tests.serdes.apicurio.AvroSerdeIT]/[method:testEvolveAvroApicurioReusingClient()]
2025-08-05 18:22:50,198 ERROR [io.api.reg.uti.tes.TestUtils] (main) Error: RuleViolationProblemDetails - null
2025-08-05 18:22:50,198 ERROR [io.api.reg.uti.tes.TestUtils] (main) Rule Violation Problem Details
2025-08-05 18:22:50,198 ERROR [io.api.reg.uti.tes.TestUtils] (main)     Name:     RuleViolationException
2025-08-05 18:22:50,198 ERROR [io.api.reg.uti.tes.TestUtils] (main)     Title:    Incompatible artifact: topic-810d7bbf_6cbf_4587_9cc1_62a04256597b-s2a3e6c8exfe26x4385xaf17xe037e91d59e0 [AVRO], num of incompatible diffs: {1}, list of diff types: [key21754418170113 at /fields/1]
2025-08-05 18:22:50,198 ERROR [io.api.reg.uti.tes.TestUtils] (main)     Detail:   Incompatible artifact: topic-810d7bbf_6cbf_4587_9cc1_62a04256597b-s2a3e6c8exfe26x4385xaf17xe037e91d59e0 [AVRO], num of incompatible diffs: {1}, list of diff types: [key21754418170113 at /fields/1] Causes: key21754418170113 at /fields/1
2025-08-05 18:22:50,198 ERROR [io.api.reg.uti.tes.TestUtils] (main)     Instance: null
2025-08-05 18:22:50,198 ERROR [io.api.reg.uti.tes.TestUtils] (main)     Type:     null
2025-08-05 18:22:50,198 ERROR [io.api.reg.uti.tes.TestUtils] (main)     Message:  null
2025-08-05 18:22:50,198 ERROR [io.api.reg.uti.tes.TestUtils] (main)     Status:   409
2025-08-05 18:22:50,198 ERROR [io.api.reg.uti.tes.TestUtils] (main)     Causes:
2025-08-05 18:22:50,198 ERROR [io.api.reg.uti.tes.TestUtils] (main)         Context:     /fields/1
2025-08-05 18:22:50,198 ERROR [io.api.reg.uti.tes.TestUtils] (main)         Description: key21754418170113
2025-08-05 18:22:50,198 ERROR [io.api.reg.uti.tes.TestUtils] (main)         ---
2025-08-05 18:22:50,199 ERROR [io.api.reg.uti.tes.TestUtils] (main) === =========== ===
]]></system-out>
    <system-err><![CDATA[io.apicurio.registry.rest.client.models.RuleViolationProblemDetails
	at io.apicurio.registry.rest.client.models.RuleViolationProblemDetails.createFromDiscriminatorValue(RuleViolationProblemDetails.java:62)
	at io.kiota.serialization.json.JsonParseNode.getObjectValue(JsonParseNode.java:247)
	at io.kiota.http.vertx.VertXRequestAdapter.lambda$throwIfFailedResponse$0(VertXRequestAdapter.java:400)
	at com.microsoft.kiota.ApiExceptionBuilder.<init>(ApiExceptionBuilder.java:26)
	at io.kiota.http.vertx.VertXRequestAdapter.throwIfFailedResponse(VertXRequestAdapter.java:399)
	at io.kiota.http.vertx.VertXRequestAdapter.send(VertXRequestAdapter.java:170)
	at io.apicurio.registry.rest.client.groups.item.artifacts.item.versions.VersionsRequestBuilder.post(VersionsRequestBuilder.java:117)
	at io.apicurio.registry.rest.client.groups.item.artifacts.item.versions.VersionsRequestBuilder.post(VersionsRequestBuilder.java:94)
	at io.apicurio.tests.ApicurioRegistryBaseIT.createArtifactVersion(ApicurioRegistryBaseIT.java:218)
	at io.apicurio.tests.serdes.apicurio.AvroSerdeIT.evolveSchemaTest(AvroSerdeIT.java:337)
	at io.apicurio.tests.serdes.apicurio.AvroSerdeIT.testEvolveAvroApicurioReusingClient(AvroSerdeIT.java:281)
	at java.base/jdk.internal.reflect.NativeMethodAccessorImpl.invoke0(Native Method)
	at java.base/jdk.internal.reflect.NativeMethodAccessorImpl.invoke(NativeMethodAccessorImpl.java:77)
	at java.base/jdk.internal.reflect.DelegatingMethodAccessorImpl.invoke(DelegatingMethodAccessorImpl.java:43)
	at java.base/java.lang.reflect.Method.invoke(Method.java:569)
	at org.junit.platform.commons.util.ReflectionUtils.invokeMethod(ReflectionUtils.java:775)
	at org.junit.platform.commons.support.ReflectionSupport.invokeMethod(ReflectionSupport.java:479)
	at org.junit.jupiter.engine.execution.MethodInvocation.proceed(MethodInvocation.java:60)
	at org.junit.jupiter.engine.execution.InvocationInterceptorChain$ValidatingInvocation.proceed(InvocationInterceptorChain.java:131)
	at org.junit.jupiter.engine.extension.TimeoutExtension.intercept(TimeoutExtension.java:161)
	at org.junit.jupiter.engine.extension.TimeoutExtension.interceptTestableMethod(TimeoutExtension.java:152)
	at org.junit.jupiter.engine.extension.TimeoutExtension.interceptTestMethod(TimeoutExtension.java:91)
	at org.junit.jupiter.engine.execution.InterceptingExecutableInvoker$ReflectiveInterceptorCall.lambda$ofVoidMethod$0(InterceptingExecutableInvoker.java:112)
	at org.junit.jupiter.engine.execution.InterceptingExecutableInvoker.lambda$invoke$0(InterceptingExecutableInvoker.java:94)
	at org.junit.jupiter.engine.execution.InvocationInterceptorChain$InterceptedInvocation.proceed(InvocationInterceptorChain.java:106)
	at org.junit.jupiter.engine.execution.InvocationInterceptorChain.proceed(InvocationInterceptorChain.java:64)
	at org.junit.jupiter.engine.execution.InvocationInterceptorChain.chainAndInvoke(InvocationInterceptorChain.java:45)
	at org.junit.jupiter.engine.execution.InvocationInterceptorChain.invoke(InvocationInterceptorChain.java:37)
	at org.junit.jupiter.engine.execution.InterceptingExecutableInvoker.invoke(InterceptingExecutableInvoker.java:93)
	at org.junit.jupiter.engine.execution.InterceptingExecutableInvoker.invoke(InterceptingExecutableInvoker.java:87)
	at org.junit.jupiter.engine.descriptor.TestMethodTestDescriptor.lambda$invokeTestMethod$7(TestMethodTestDescriptor.java:216)
	at org.junit.platform.engine.support.hierarchical.ThrowableCollector.execute(ThrowableCollector.java:73)
	at org.junit.jupiter.engine.descriptor.TestMethodTestDescriptor.invokeTestMethod(TestMethodTestDescriptor.java:212)
	at org.junit.jupiter.engine.descriptor.TestMethodTestDescriptor.execute(TestMethodTestDescriptor.java:137)
	at org.junit.jupiter.engine.descriptor.TestMethodTestDescriptor.execute(TestMethodTestDescriptor.java:69)
	at org.junit.platform.engine.support.hierarchical.NodeTestTask.lambda$executeRecursively$6(NodeTestTask.java:156)
	at org.junit.platform.engine.support.hierarchical.ThrowableCollector.execute(ThrowableCollector.java:73)
	at org.junit.platform.engine.support.hierarchical.NodeTestTask.lambda$executeRecursively$8(NodeTestTask.java:146)
	at org.junit.platform.engine.support.hierarchical.Node.around(Node.java:137)
	at org.junit.platform.engine.support.hierarchical.NodeTestTask.lambda$executeRecursively$9(NodeTestTask.java:144)
	at org.junit.platform.engine.support.hierarchical.ThrowableCollector.execute(ThrowableCollector.java:73)
	at org.junit.platform.engine.support.hierarchical.NodeTestTask.executeRecursively(NodeTestTask.java:143)
	at org.junit.platform.engine.support.hierarchical.NodeTestTask.execute(NodeTestTask.java:100)
	at java.base/java.util.ArrayList.forEach(ArrayList.java:1511)
	at org.junit.platform.engine.support.hierarchical.SameThreadHierarchicalTestExecutorService.invokeAll(SameThreadHierarchicalTestExecutorService.java:41)
	at org.junit.platform.engine.support.hierarchical.NodeTestTask.lambda$executeRecursively$6(NodeTestTask.java:160)
	at org.junit.platform.engine.support.hierarchical.ThrowableCollector.execute(ThrowableCollector.java:73)
	at org.junit.platform.engine.support.hierarchical.NodeTestTask.lambda$executeRecursively$8(NodeTestTask.java:146)
	at org.junit.platform.engine.support.hierarchical.Node.around(Node.java:137)
	at org.junit.platform.engine.support.hierarchical.NodeTestTask.lambda$executeRecursively$9(NodeTestTask.java:144)
	at org.junit.platform.engine.support.hierarchical.ThrowableCollector.execute(ThrowableCollector.java:73)
	at org.junit.platform.engine.support.hierarchical.NodeTestTask.executeRecursively(NodeTestTask.java:143)
	at org.junit.platform.engine.support.hierarchical.NodeTestTask.execute(NodeTestTask.java:100)
	at java.base/java.util.ArrayList.forEach(ArrayList.java:1511)
	at org.junit.platform.engine.support.hierarchical.SameThreadHierarchicalTestExecutorService.invokeAll(SameThreadHierarchicalTestExecutorService.java:41)
	at org.junit.platform.engine.support.hierarchical.NodeTestTask.lambda$executeRecursively$6(NodeTestTask.java:160)
	at org.junit.platform.engine.support.hierarchical.ThrowableCollector.execute(ThrowableCollector.java:73)
	at org.junit.platform.engine.support.hierarchical.NodeTestTask.lambda$executeRecursively$8(NodeTestTask.java:146)
	at org.junit.platform.engine.support.hierarchical.Node.around(Node.java:137)
	at org.junit.platform.engine.support.hierarchical.NodeTestTask.lambda$executeRecursively$9(NodeTestTask.java:144)
	at org.junit.platform.engine.support.hierarchical.ThrowableCollector.execute(ThrowableCollector.java:73)
	at org.junit.platform.engine.support.hierarchical.NodeTestTask.executeRecursively(NodeTestTask.java:143)
	at org.junit.platform.engine.support.hierarchical.NodeTestTask.execute(NodeTestTask.java:100)
	at org.junit.platform.engine.support.hierarchical.SameThreadHierarchicalTestExecutorService.submit(SameThreadHierarchicalTestExecutorService.java:35)
	at org.junit.platform.engine.support.hierarchical.HierarchicalTestExecutor.execute(HierarchicalTestExecutor.java:57)
	at org.junit.platform.engine.support.hierarchical.HierarchicalTestEngine.execute(HierarchicalTestEngine.java:54)
	at org.junit.platform.launcher.core.EngineExecutionOrchestrator.execute(EngineExecutionOrchestrator.java:201)
	at org.junit.platform.launcher.core.EngineExecutionOrchestrator.execute(EngineExecutionOrchestrator.java:170)
	at org.junit.platform.launcher.core.EngineExecutionOrchestrator.execute(EngineExecutionOrchestrator.java:94)
	at org.junit.platform.launcher.core.EngineExecutionOrchestrator.lambda$execute$0(EngineExecutionOrchestrator.java:59)
	at org.junit.platform.launcher.core.EngineExecutionOrchestrator.withInterceptedStreams(EngineExecutionOrchestrator.java:142)
	at org.junit.platform.launcher.core.EngineExecutionOrchestrator.execute(EngineExecutionOrchestrator.java:58)
	at org.junit.platform.launcher.core.DefaultLauncher.execute(DefaultLauncher.java:103)
	at org.junit.platform.launcher.core.DefaultLauncher.execute(DefaultLauncher.java:85)
	at org.junit.platform.launcher.core.DelegatingLauncher.execute(DelegatingLauncher.java:47)
	at org.junit.platform.launcher.core.InterceptingLauncher.lambda$execute$1(InterceptingLauncher.java:39)
	at org.junit.platform.launcher.core.ClasspathAlignmentCheckingLauncherInterceptor.intercept(ClasspathAlignmentCheckingLauncherInterceptor.java:25)
	at org.junit.platform.launcher.core.InterceptingLauncher.execute(InterceptingLauncher.java:38)
	at org.junit.platform.launcher.core.DelegatingLauncher.execute(DelegatingLauncher.java:47)
	at org.apache.maven.surefire.junitplatform.LazyLauncher.execute(LazyLauncher.java:56)
	at org.apache.maven.surefire.junitplatform.JUnitPlatformProvider.execute(JUnitPlatformProvider.java:184)
	at org.apache.maven.surefire.junitplatform.JUnitPlatformProvider.invokeAllTests(JUnitPlatformProvider.java:148)
	at org.apache.maven.surefire.junitplatform.JUnitPlatformProvider.invoke(JUnitPlatformProvider.java:122)
	at org.apache.maven.surefire.booter.ForkedBooter.runSuitesInProcess(ForkedBooter.java:385)
	at org.apache.maven.surefire.booter.ForkedBooter.execute(ForkedBooter.java:162)
	at org.apache.maven.surefire.booter.ForkedBooter.run(ForkedBooter.java:507)
	at org.apache.maven.surefire.booter.ForkedBooter.main(ForkedBooter.java:495)
]]></system-err>
  </testcase>
  <testcase name="testProducerUsesDefaultConsumerUsesGlobalId" classname="io.apicurio.tests.serdes.apicurio.AvroSerdeIT" time="0.0">
    <skipped message="void io.apicurio.tests.serdes.apicurio.AvroSerdeIT.testProducerUsesDefaultConsumerUsesGlobalId() throws java.lang.Exception is @Disabled"/>
  </testcase>
  <testcase name="testEvolveAvroApicurio" classname="io.apicurio.tests.serdes.apicurio.AvroSerdeIT" time="5.237">
    <error type="io.apicurio.registry.rest.client.models.RuleViolationProblemDetails"><![CDATA[io.apicurio.registry.rest.client.models.RuleViolationProblemDetails
	at io.apicurio.registry.rest.client.models.RuleViolationProblemDetails.createFromDiscriminatorValue(RuleViolationProblemDetails.java:62)
	at io.kiota.serialization.json.JsonParseNode.getObjectValue(JsonParseNode.java:247)
	at io.kiota.http.vertx.VertXRequestAdapter.lambda$throwIfFailedResponse$0(VertXRequestAdapter.java:400)
	at com.microsoft.kiota.ApiExceptionBuilder.<init>(ApiExceptionBuilder.java:26)
	at io.kiota.http.vertx.VertXRequestAdapter.throwIfFailedResponse(VertXRequestAdapter.java:399)
	at io.kiota.http.vertx.VertXRequestAdapter.send(VertXRequestAdapter.java:170)
	at io.apicurio.registry.rest.client.groups.item.artifacts.item.versions.VersionsRequestBuilder.post(VersionsRequestBuilder.java:117)
	at io.apicurio.registry.rest.client.groups.item.artifacts.item.versions.VersionsRequestBuilder.post(VersionsRequestBuilder.java:94)
	at io.apicurio.tests.ApicurioRegistryBaseIT.createArtifactVersion(ApicurioRegistryBaseIT.java:218)
	at io.apicurio.tests.serdes.apicurio.AvroSerdeIT.evolveSchemaTest(AvroSerdeIT.java:337)
	at io.apicurio.tests.serdes.apicurio.AvroSerdeIT.testEvolveAvroApicurio(AvroSerdeIT.java:275)
	at java.base/java.lang.reflect.Method.invoke(Method.java:569)
	at java.base/java.util.ArrayList.forEach(ArrayList.java:1511)
	at java.base/java.util.ArrayList.forEach(ArrayList.java:1511)
]]></error>
    <system-out><![CDATA[2025-08-05 18:22:50,201 INFO  [io.api.tes.uti.TestSeparator] (main) ############################################################################
2025-08-05 18:22:50,201 INFO  [io.api.tes.uti.TestSeparator] (main) io.apicurio.tests.serdes.apicurio.AvroSerdeIT.testEvolveAvroApicurio-STARTED
2025-08-05 18:22:50,219 INFO  [io.api.tes.ser.api.AvroSerdeIT] (main) Registering Avro Schema: {"type":"record","name":"s2f730e8dx3076x4185x9d5dx1905e95e673c","namespace":"ns_8cb09727_aaee_4a8d_902f_f285bfb6d5a0","fields":[{"name":"key11754418170218","type":"string"}]}
**** Registry Base URL: http://registry-app-inmemory.apps.ci419.apicurio-testing.org:80
2025-08-05 18:22:51,385 INFO  [org.apa.kaf.cli.pro.ProducerConfig] (main) ProducerConfig values: 
	acks = -1
	auto.include.jmx.reporter = true
	batch.size = 16384
	bootstrap.servers = [PLAINTEXT://localhost:32769]
	buffer.memory = 33554432
	client.dns.lookup = use_all_dns_ips
	client.id = Producer-topic-07e8a21d_555f_4ef3_9923_1c31e71e73d7
	compression.gzip.level = -1
	compression.lz4.level = 9
	compression.type = none
	compression.zstd.level = 3
	connections.max.idle.ms = 10000
	delivery.timeout.ms = 120000
	enable.idempotence = true
	enable.metrics.push = true
	interceptor.classes = []
	key.serializer = class org.apache.kafka.common.serialization.StringSerializer
	linger.ms = 0
	max.block.ms = 60000
	max.in.flight.requests.per.connection = 5
	max.request.size = 1048576
	metadata.max.age.ms = 300000
	metadata.max.idle.ms = 300000
	metadata.recovery.strategy = none
	metric.reporters = []
	metrics.num.samples = 2
	metrics.recording.level = INFO
	metrics.sample.window.ms = 30000
	partitioner.adaptive.partitioning.enable = true
	partitioner.availability.timeout.ms = 0
	partitioner.class = null
	partitioner.ignore.keys = false
	receive.buffer.bytes = 32768
	reconnect.backoff.max.ms = 1000
	reconnect.backoff.ms = 50
	request.timeout.ms = 5000
	retries = 2147483647
	retry.backoff.max.ms = 1000
	retry.backoff.ms = 100
	sasl.client.callback.handler.class = null
	sasl.jaas.config = null
	sasl.kerberos.kinit.cmd = /usr/bin/kinit
	sasl.kerberos.min.time.before.relogin = 60000
	sasl.kerberos.service.name = null
	sasl.kerberos.ticket.renew.jitter = 0.05
	sasl.kerberos.ticket.renew.window.factor = 0.8
	sasl.login.callback.handler.class = null
	sasl.login.class = null
	sasl.login.connect.timeout.ms = null
	sasl.login.read.timeout.ms = null
	sasl.login.refresh.buffer.seconds = 300
	sasl.login.refresh.min.period.seconds = 60
	sasl.login.refresh.window.factor = 0.8
	sasl.login.refresh.window.jitter = 0.05
	sasl.login.retry.backoff.max.ms = 10000
	sasl.login.retry.backoff.ms = 100
	sasl.mechanism = GSSAPI
	sasl.oauthbearer.clock.skew.seconds = 30
	sasl.oauthbearer.expected.audience = null
	sasl.oauthbearer.expected.issuer = null
	sasl.oauthbearer.header.urlencode = false
	sasl.oauthbearer.jwks.endpoint.refresh.ms = 3600000
	sasl.oauthbearer.jwks.endpoint.retry.backoff.max.ms = 10000
	sasl.oauthbearer.jwks.endpoint.retry.backoff.ms = 100
	sasl.oauthbearer.jwks.endpoint.url = null
	sasl.oauthbearer.scope.claim.name = scope
	sasl.oauthbearer.sub.claim.name = sub
	sasl.oauthbearer.token.endpoint.url = null
	security.protocol = PLAINTEXT
	security.providers = null
	send.buffer.bytes = 131072
	socket.connection.setup.timeout.max.ms = 30000
	socket.connection.setup.timeout.ms = 10000
	ssl.cipher.suites = null
	ssl.enabled.protocols = [TLSv1.2, TLSv1.3]
	ssl.endpoint.identification.algorithm = https
	ssl.engine.factory.class = null
	ssl.key.password = null
	ssl.keymanager.algorithm = SunX509
	ssl.keystore.certificate.chain = null
	ssl.keystore.key = null
	ssl.keystore.location = null
	ssl.keystore.password = null
	ssl.keystore.type = JKS
	ssl.protocol = TLSv1.3
	ssl.provider = null
	ssl.secure.random.implementation = null
	ssl.trustmanager.algorithm = PKIX
	ssl.truststore.certificates = null
	ssl.truststore.location = null
	ssl.truststore.password = null
	ssl.truststore.type = JKS
	transaction.timeout.ms = 60000
	transactional.id = null
	value.serializer = class io.apicurio.registry.serde.avro.AvroKafkaSerializer

2025-08-05 18:22:51,385 INFO  [org.apa.kaf.com.tel.int.KafkaMetricsCollector] (main) initializing Kafka metrics collector
2025-08-05 18:22:51,391 INFO  [org.apa.kaf.cli.pro.KafkaProducer] (main) [Producer clientId=Producer-topic-07e8a21d_555f_4ef3_9923_1c31e71e73d7] Instantiated an idempotent producer.
2025-08-05 18:22:51,393 INFO  [org.apa.kaf.cli.pro.ProducerConfig] (main) These configurations '[apicurio.registry.url, apicurio.registry.artifact-resolver-strategy]' were supplied but are not used yet.
2025-08-05 18:22:51,393 INFO  [org.apa.kaf.com.uti.AppInfoParser] (main) Kafka version: 3.9.1
2025-08-05 18:22:51,393 INFO  [org.apa.kaf.com.uti.AppInfoParser] (main) Kafka commitId: f745dfdcee2b9851
2025-08-05 18:22:51,393 INFO  [org.apa.kaf.com.uti.AppInfoParser] (main) Kafka startTimeMs: 1754418171393
**** Registry Base URL: http://registry-app-inmemory.apps.ci419.apicurio-testing.org:80
2025-08-05 18:22:51,393 INFO  [org.apa.kaf.cli.con.ConsumerConfig] (main) ConsumerConfig values: 
	allow.auto.create.topics = true
	auto.commit.interval.ms = 500
	auto.include.jmx.reporter = true
	auto.offset.reset = earliest
	bootstrap.servers = [PLAINTEXT://localhost:32769]
	check.crcs = true
	client.dns.lookup = use_all_dns_ips
	client.id = consumer-Consumer-topic-07e8a21d_555f_4ef3_9923_1c31e71e73d7-9
	client.rack = 
	connections.max.idle.ms = 10000
	default.api.timeout.ms = 60000
	enable.auto.commit = true
	enable.metrics.push = true
	exclude.internal.topics = true
	fetch.max.bytes = 52428800
	fetch.max.wait.ms = 500
	fetch.min.bytes = 1
	group.id = Consumer-topic-07e8a21d_555f_4ef3_9923_1c31e71e73d7
	group.instance.id = null
	group.protocol = classic
	group.remote.assignor = null
	heartbeat.interval.ms = 3000
	interceptor.classes = []
	internal.leave.group.on.close = true
	internal.throw.on.fetch.stable.offset.unsupported = false
	isolation.level = read_uncommitted
	key.deserializer = class org.apache.kafka.common.serialization.StringDeserializer
	max.partition.fetch.bytes = 1048576
	max.poll.interval.ms = 300000
	max.poll.records = 500
	metadata.max.age.ms = 300000
	metadata.recovery.strategy = none
	metric.reporters = []
	metrics.num.samples = 2
	metrics.recording.level = INFO
	metrics.sample.window.ms = 30000
	partition.assignment.strategy = [class org.apache.kafka.clients.consumer.RangeAssignor, class org.apache.kafka.clients.consumer.CooperativeStickyAssignor]
	receive.buffer.bytes = 65536
	reconnect.backoff.max.ms = 1000
	reconnect.backoff.ms = 50
	request.timeout.ms = 5000
	retry.backoff.max.ms = 1000
	retry.backoff.ms = 100
	sasl.client.callback.handler.class = null
	sasl.jaas.config = null
	sasl.kerberos.kinit.cmd = /usr/bin/kinit
	sasl.kerberos.min.time.before.relogin = 60000
	sasl.kerberos.service.name = null
	sasl.kerberos.ticket.renew.jitter = 0.05
	sasl.kerberos.ticket.renew.window.factor = 0.8
	sasl.login.callback.handler.class = null
	sasl.login.class = null
	sasl.login.connect.timeout.ms = null
	sasl.login.read.timeout.ms = null
	sasl.login.refresh.buffer.seconds = 300
	sasl.login.refresh.min.period.seconds = 60
	sasl.login.refresh.window.factor = 0.8
	sasl.login.refresh.window.jitter = 0.05
	sasl.login.retry.backoff.max.ms = 10000
	sasl.login.retry.backoff.ms = 100
	sasl.mechanism = GSSAPI
	sasl.oauthbearer.clock.skew.seconds = 30
	sasl.oauthbearer.expected.audience = null
	sasl.oauthbearer.expected.issuer = null
	sasl.oauthbearer.header.urlencode = false
	sasl.oauthbearer.jwks.endpoint.refresh.ms = 3600000
	sasl.oauthbearer.jwks.endpoint.retry.backoff.max.ms = 10000
	sasl.oauthbearer.jwks.endpoint.retry.backoff.ms = 100
	sasl.oauthbearer.jwks.endpoint.url = null
	sasl.oauthbearer.scope.claim.name = scope
	sasl.oauthbearer.sub.claim.name = sub
	sasl.oauthbearer.token.endpoint.url = null
	security.protocol = PLAINTEXT
	security.providers = null
	send.buffer.bytes = 131072
	session.timeout.ms = 45000
	socket.connection.setup.timeout.max.ms = 30000
	socket.connection.setup.timeout.ms = 10000
	ssl.cipher.suites = null
	ssl.enabled.protocols = [TLSv1.2, TLSv1.3]
	ssl.endpoint.identification.algorithm = https
	ssl.engine.factory.class = null
	ssl.key.password = null
	ssl.keymanager.algorithm = SunX509
	ssl.keystore.certificate.chain = null
	ssl.keystore.key = null
	ssl.keystore.location = null
	ssl.keystore.password = null
	ssl.keystore.type = JKS
	ssl.protocol = TLSv1.3
	ssl.provider = null
	ssl.secure.random.implementation = null
	ssl.trustmanager.algorithm = PKIX
	ssl.truststore.certificates = null
	ssl.truststore.location = null
	ssl.truststore.password = null
	ssl.truststore.type = JKS
	value.deserializer = class io.apicurio.registry.serde.avro.AvroKafkaDeserializer

2025-08-05 18:22:51,393 INFO  [org.apa.kaf.com.tel.int.KafkaMetricsCollector] (main) initializing Kafka metrics collector
2025-08-05 18:22:51,398 INFO  [org.apa.kaf.cli.Metadata] (kafka-producer-network-thread | Producer-topic-07e8a21d_555f_4ef3_9923_1c31e71e73d7) [Producer clientId=Producer-topic-07e8a21d_555f_4ef3_9923_1c31e71e73d7] Cluster ID: PopyJKdlRzKjlQHMpYFwRA
2025-08-05 18:22:51,399 INFO  [org.apa.kaf.cli.pro.int.TransactionManager] (kafka-producer-network-thread | Producer-topic-07e8a21d_555f_4ef3_9923_1c31e71e73d7) [Producer clientId=Producer-topic-07e8a21d_555f_4ef3_9923_1c31e71e73d7] ProducerId set to 12 with epoch 0
2025-08-05 18:22:51,402 INFO  [org.apa.kaf.cli.con.ConsumerConfig] (main) These configurations '[apicurio.registry.url]' were supplied but are not used yet.
2025-08-05 18:22:51,402 INFO  [org.apa.kaf.com.uti.AppInfoParser] (main) Kafka version: 3.9.1
2025-08-05 18:22:51,402 INFO  [org.apa.kaf.com.uti.AppInfoParser] (main) Kafka commitId: f745dfdcee2b9851
2025-08-05 18:22:51,402 INFO  [org.apa.kaf.com.uti.AppInfoParser] (main) Kafka startTimeMs: 1754418171402
2025-08-05 18:22:51,402 INFO  [io.api.tes.ser.api.KafkaSerdesTester] (Thread-662) Sending message {"key11754418170218": "value-0"} to topic topic-07e8a21d_555f_4ef3_9923_1c31e71e73d7
2025-08-05 18:22:51,406 INFO  [DefaultSchemaResolver] (Thread-662) Retrieving schema content using string: {"type":"record","name":"s2f730e8dx3076x4185x9d5dx1905e95e673c","namespace":"ns_8cb09727_aaee_4a8d_902f_f285bfb6d5a0","fields":[{"name":"key11754418170218","type":"string"}]}
2025-08-05 18:22:51,560 INFO  [io.api.tes.ser.api.KafkaSerdesTester] (Thread-662) Sending message {"key11754418170218": "value-1"} to topic topic-07e8a21d_555f_4ef3_9923_1c31e71e73d7
2025-08-05 18:22:51,564 INFO  [io.api.tes.ser.api.KafkaSerdesTester] (Thread-662) Sending message {"key11754418170218": "value-2"} to topic topic-07e8a21d_555f_4ef3_9923_1c31e71e73d7
2025-08-05 18:22:51,565 INFO  [io.api.tes.ser.api.KafkaSerdesTester] (Thread-662) Sending message {"key11754418170218": "value-3"} to topic topic-07e8a21d_555f_4ef3_9923_1c31e71e73d7
2025-08-05 18:22:51,567 INFO  [io.api.tes.ser.api.KafkaSerdesTester] (Thread-662) Sending message {"key11754418170218": "value-4"} to topic topic-07e8a21d_555f_4ef3_9923_1c31e71e73d7
2025-08-05 18:22:51,570 INFO  [io.api.tes.ser.api.KafkaSerdesTester] (Thread-662) Sending message {"key11754418170218": "value-5"} to topic topic-07e8a21d_555f_4ef3_9923_1c31e71e73d7
2025-08-05 18:22:51,572 INFO  [io.api.tes.ser.api.KafkaSerdesTester] (Thread-662) Sending message {"key11754418170218": "value-6"} to topic topic-07e8a21d_555f_4ef3_9923_1c31e71e73d7
2025-08-05 18:22:51,573 INFO  [io.api.tes.ser.api.KafkaSerdesTester] (Thread-662) Sending message {"key11754418170218": "value-7"} to topic topic-07e8a21d_555f_4ef3_9923_1c31e71e73d7
2025-08-05 18:22:51,575 INFO  [io.api.tes.ser.api.KafkaSerdesTester] (Thread-662) Sending message {"key11754418170218": "value-8"} to topic topic-07e8a21d_555f_4ef3_9923_1c31e71e73d7
2025-08-05 18:22:51,577 INFO  [io.api.tes.ser.api.KafkaSerdesTester] (Thread-662) Sending message {"key11754418170218": "value-9"} to topic topic-07e8a21d_555f_4ef3_9923_1c31e71e73d7
2025-08-05 18:22:51,579 INFO  [io.api.tes.ser.api.KafkaSerdesTester] (Thread-662) Produced 10 messages
2025-08-05 18:22:51,579 INFO  [org.apa.kaf.cli.pro.KafkaProducer] (Thread-662) [Producer clientId=Producer-topic-07e8a21d_555f_4ef3_9923_1c31e71e73d7] Closing the Kafka producer with timeoutMillis = 9223372036854775807 ms.
2025-08-05 18:22:51,583 INFO  [org.apa.kaf.com.met.Metrics] (Thread-662) Metrics scheduler closed
2025-08-05 18:22:51,583 INFO  [org.apa.kaf.com.met.Metrics] (Thread-662) Closing reporter org.apache.kafka.common.metrics.JmxReporter
2025-08-05 18:22:51,583 INFO  [org.apa.kaf.com.met.Metrics] (Thread-662) Closing reporter org.apache.kafka.common.telemetry.internals.ClientTelemetryReporter
2025-08-05 18:22:51,583 INFO  [org.apa.kaf.com.met.Metrics] (Thread-662) Metrics reporters closed
2025-08-05 18:22:51,583 INFO  [org.apa.kaf.com.uti.AppInfoParser] (Thread-662) App info kafka.producer for Producer-topic-07e8a21d_555f_4ef3_9923_1c31e71e73d7 unregistered
2025-08-05 18:22:51,585 INFO  [org.apa.kaf.cli.con.int.ClassicKafkaConsumer] (Thread-663) [Consumer clientId=consumer-Consumer-topic-07e8a21d_555f_4ef3_9923_1c31e71e73d7-9, groupId=Consumer-topic-07e8a21d_555f_4ef3_9923_1c31e71e73d7] Subscribed to topic(s): topic-07e8a21d_555f_4ef3_9923_1c31e71e73d7
2025-08-05 18:22:51,590 INFO  [org.apa.kaf.cli.Metadata] (Thread-663) [Consumer clientId=consumer-Consumer-topic-07e8a21d_555f_4ef3_9923_1c31e71e73d7-9, groupId=Consumer-topic-07e8a21d_555f_4ef3_9923_1c31e71e73d7] Cluster ID: PopyJKdlRzKjlQHMpYFwRA
2025-08-05 18:22:51,591 INFO  [org.apa.kaf.cli.con.int.ConsumerCoordinator] (Thread-663) [Consumer clientId=consumer-Consumer-topic-07e8a21d_555f_4ef3_9923_1c31e71e73d7-9, groupId=Consumer-topic-07e8a21d_555f_4ef3_9923_1c31e71e73d7] Discovered group coordinator localhost:32769 (id: 2147483647 rack: null)
2025-08-05 18:22:51,594 INFO  [org.apa.kaf.cli.con.int.ConsumerCoordinator] (Thread-663) [Consumer clientId=consumer-Consumer-topic-07e8a21d_555f_4ef3_9923_1c31e71e73d7-9, groupId=Consumer-topic-07e8a21d_555f_4ef3_9923_1c31e71e73d7] (Re-)joining group
2025-08-05 18:22:51,596 INFO  [org.apa.kaf.cli.con.int.ConsumerCoordinator] (Thread-663) [Consumer clientId=consumer-Consumer-topic-07e8a21d_555f_4ef3_9923_1c31e71e73d7-9, groupId=Consumer-topic-07e8a21d_555f_4ef3_9923_1c31e71e73d7] Request joining group due to: need to re-join with the given member-id: consumer-Consumer-topic-07e8a21d_555f_4ef3_9923_1c31e71e73d7-9-4300edbf-9de8-43bd-bf68-dbf401b6750b
2025-08-05 18:22:51,596 INFO  [org.apa.kaf.cli.con.int.ConsumerCoordinator] (Thread-663) [Consumer clientId=consumer-Consumer-topic-07e8a21d_555f_4ef3_9923_1c31e71e73d7-9, groupId=Consumer-topic-07e8a21d_555f_4ef3_9923_1c31e71e73d7] (Re-)joining group
2025-08-05 18:22:52,585 INFO  [io.api.tes.ser.api.KafkaSerdesTester] (Thread-663) None found
2025-08-05 18:22:53,586 INFO  [io.api.tes.ser.api.KafkaSerdesTester] (Thread-663) None found
2025-08-05 18:22:54,586 INFO  [io.api.tes.ser.api.KafkaSerdesTester] (Thread-663) None found
2025-08-05 18:22:54,599 INFO  [org.apa.kaf.cli.con.int.ConsumerCoordinator] (Thread-663) [Consumer clientId=consumer-Consumer-topic-07e8a21d_555f_4ef3_9923_1c31e71e73d7-9, groupId=Consumer-topic-07e8a21d_555f_4ef3_9923_1c31e71e73d7] Successfully joined group with generation Generation{generationId=1, memberId='consumer-Consumer-topic-07e8a21d_555f_4ef3_9923_1c31e71e73d7-9-4300edbf-9de8-43bd-bf68-dbf401b6750b', protocol='range'}
2025-08-05 18:22:54,600 INFO  [org.apa.kaf.cli.con.int.ConsumerCoordinator] (Thread-663) [Consumer clientId=consumer-Consumer-topic-07e8a21d_555f_4ef3_9923_1c31e71e73d7-9, groupId=Consumer-topic-07e8a21d_555f_4ef3_9923_1c31e71e73d7] Finished assignment for group at generation 1: {consumer-Consumer-topic-07e8a21d_555f_4ef3_9923_1c31e71e73d7-9-4300edbf-9de8-43bd-bf68-dbf401b6750b=Assignment(partitions=[topic-07e8a21d_555f_4ef3_9923_1c31e71e73d7-0])}
2025-08-05 18:22:54,607 INFO  [org.apa.kaf.cli.con.int.ConsumerCoordinator] (Thread-663) [Consumer clientId=consumer-Consumer-topic-07e8a21d_555f_4ef3_9923_1c31e71e73d7-9, groupId=Consumer-topic-07e8a21d_555f_4ef3_9923_1c31e71e73d7] Successfully synced group in generation Generation{generationId=1, memberId='consumer-Consumer-topic-07e8a21d_555f_4ef3_9923_1c31e71e73d7-9-4300edbf-9de8-43bd-bf68-dbf401b6750b', protocol='range'}
2025-08-05 18:22:54,607 INFO  [org.apa.kaf.cli.con.int.ConsumerCoordinator] (Thread-663) [Consumer clientId=consumer-Consumer-topic-07e8a21d_555f_4ef3_9923_1c31e71e73d7-9, groupId=Consumer-topic-07e8a21d_555f_4ef3_9923_1c31e71e73d7] Notifying assignor about the new Assignment(partitions=[topic-07e8a21d_555f_4ef3_9923_1c31e71e73d7-0])
2025-08-05 18:22:54,607 INFO  [org.apa.kaf.cli.con.int.ConsumerRebalanceListenerInvoker] (Thread-663) [Consumer clientId=consumer-Consumer-topic-07e8a21d_555f_4ef3_9923_1c31e71e73d7-9, groupId=Consumer-topic-07e8a21d_555f_4ef3_9923_1c31e71e73d7] Adding newly assigned partitions: topic-07e8a21d_555f_4ef3_9923_1c31e71e73d7-0
2025-08-05 18:22:54,608 INFO  [org.apa.kaf.cli.con.int.ConsumerCoordinator] (Thread-663) [Consumer clientId=consumer-Consumer-topic-07e8a21d_555f_4ef3_9923_1c31e71e73d7-9, groupId=Consumer-topic-07e8a21d_555f_4ef3_9923_1c31e71e73d7] Found no committed offset for partition topic-07e8a21d_555f_4ef3_9923_1c31e71e73d7-0
2025-08-05 18:22:54,614 INFO  [org.apa.kaf.cli.con.int.SubscriptionState] (Thread-663) [Consumer clientId=consumer-Consumer-topic-07e8a21d_555f_4ef3_9923_1c31e71e73d7-9, groupId=Consumer-topic-07e8a21d_555f_4ef3_9923_1c31e71e73d7] Resetting offset for partition topic-07e8a21d_555f_4ef3_9923_1c31e71e73d7-0 to position FetchPosition{offset=0, offsetEpoch=Optional.empty, currentLeader=LeaderAndEpoch{leader=Optional[localhost:32769 (id: 0 rack: null)], epoch=0}}.
2025-08-05 18:22:54,840 INFO  [io.api.tes.ser.api.KafkaSerdesTester] (Thread-663) topic-07e8a21d_555f_4ef3_9923_1c31e71e73d7 0 0 {"key11754418170218": "value-0"}
2025-08-05 18:22:54,840 INFO  [io.api.tes.ser.api.KafkaSerdesTester] (Thread-663) topic-07e8a21d_555f_4ef3_9923_1c31e71e73d7 0 1 {"key11754418170218": "value-1"}
2025-08-05 18:22:54,840 INFO  [io.api.tes.ser.api.KafkaSerdesTester] (Thread-663) topic-07e8a21d_555f_4ef3_9923_1c31e71e73d7 0 2 {"key11754418170218": "value-2"}
2025-08-05 18:22:54,840 INFO  [io.api.tes.ser.api.KafkaSerdesTester] (Thread-663) topic-07e8a21d_555f_4ef3_9923_1c31e71e73d7 0 3 {"key11754418170218": "value-3"}
2025-08-05 18:22:54,840 INFO  [io.api.tes.ser.api.KafkaSerdesTester] (Thread-663) topic-07e8a21d_555f_4ef3_9923_1c31e71e73d7 0 4 {"key11754418170218": "value-4"}
2025-08-05 18:22:54,840 INFO  [io.api.tes.ser.api.KafkaSerdesTester] (Thread-663) topic-07e8a21d_555f_4ef3_9923_1c31e71e73d7 0 5 {"key11754418170218": "value-5"}
2025-08-05 18:22:54,840 INFO  [io.api.tes.ser.api.KafkaSerdesTester] (Thread-663) topic-07e8a21d_555f_4ef3_9923_1c31e71e73d7 0 6 {"key11754418170218": "value-6"}
2025-08-05 18:22:54,841 INFO  [io.api.tes.ser.api.KafkaSerdesTester] (Thread-663) topic-07e8a21d_555f_4ef3_9923_1c31e71e73d7 0 7 {"key11754418170218": "value-7"}
2025-08-05 18:22:54,841 INFO  [io.api.tes.ser.api.KafkaSerdesTester] (Thread-663) topic-07e8a21d_555f_4ef3_9923_1c31e71e73d7 0 8 {"key11754418170218": "value-8"}
2025-08-05 18:22:54,841 INFO  [io.api.tes.ser.api.KafkaSerdesTester] (Thread-663) topic-07e8a21d_555f_4ef3_9923_1c31e71e73d7 0 9 {"key11754418170218": "value-9"}
2025-08-05 18:22:54,841 INFO  [io.api.tes.ser.api.KafkaSerdesTester] (Thread-663) Consumed 10 messages
2025-08-05 18:22:54,849 INFO  [org.apa.kaf.cli.con.int.ConsumerRebalanceListenerInvoker] (Thread-663) [Consumer clientId=consumer-Consumer-topic-07e8a21d_555f_4ef3_9923_1c31e71e73d7-9, groupId=Consumer-topic-07e8a21d_555f_4ef3_9923_1c31e71e73d7] Revoke previously assigned partitions topic-07e8a21d_555f_4ef3_9923_1c31e71e73d7-0
2025-08-05 18:22:54,849 INFO  [org.apa.kaf.cli.con.int.ConsumerCoordinator] (Thread-663) [Consumer clientId=consumer-Consumer-topic-07e8a21d_555f_4ef3_9923_1c31e71e73d7-9, groupId=Consumer-topic-07e8a21d_555f_4ef3_9923_1c31e71e73d7] Member consumer-Consumer-topic-07e8a21d_555f_4ef3_9923_1c31e71e73d7-9-4300edbf-9de8-43bd-bf68-dbf401b6750b sending LeaveGroup request to coordinator localhost:32769 (id: 2147483647 rack: null) due to the consumer is being closed
2025-08-05 18:22:54,849 INFO  [org.apa.kaf.cli.con.int.ConsumerCoordinator] (Thread-663) [Consumer clientId=consumer-Consumer-topic-07e8a21d_555f_4ef3_9923_1c31e71e73d7-9, groupId=Consumer-topic-07e8a21d_555f_4ef3_9923_1c31e71e73d7] Resetting generation and member id due to: consumer pro-actively leaving the group
2025-08-05 18:22:54,849 INFO  [org.apa.kaf.cli.con.int.ConsumerCoordinator] (Thread-663) [Consumer clientId=consumer-Consumer-topic-07e8a21d_555f_4ef3_9923_1c31e71e73d7-9, groupId=Consumer-topic-07e8a21d_555f_4ef3_9923_1c31e71e73d7] Request joining group due to: consumer pro-actively leaving the group
2025-08-05 18:22:55,346 INFO  [org.apa.kaf.com.met.Metrics] (Thread-663) Metrics scheduler closed
2025-08-05 18:22:55,346 INFO  [org.apa.kaf.com.met.Metrics] (Thread-663) Closing reporter org.apache.kafka.common.metrics.JmxReporter
2025-08-05 18:22:55,346 INFO  [org.apa.kaf.com.met.Metrics] (Thread-663) Closing reporter org.apache.kafka.common.telemetry.internals.ClientTelemetryReporter
2025-08-05 18:22:55,346 INFO  [org.apa.kaf.com.met.Metrics] (Thread-663) Metrics reporters closed
2025-08-05 18:22:55,352 INFO  [org.apa.kaf.com.uti.AppInfoParser] (Thread-663) App info kafka.consumer for consumer-Consumer-topic-07e8a21d_555f_4ef3_9923_1c31e71e73d7-9 unregistered
2025-08-05 18:22:55,353 INFO  [io.api.tes.ser.api.AvroSerdeIT] (main) Registering Avro Schema 2: {"type":"record","name":"s2f730e8dx3076x4185x9d5dx1905e95e673c","namespace":"ns_8cb09727_aaee_4a8d_902f_f285bfb6d5a0","fields":[{"name":"key11754418170218","type":"string"},{"name":"key21754418175353","type":"string"}]}
2025-08-05 18:22:55,436 INFO  [io.api.tes.uti.TestSeparator] (main) io.apicurio.tests.serdes.apicurio.AvroSerdeIT.testEvolveAvroApicurio-FINISHED
2025-08-05 18:22:55,436 INFO  [io.api.tes.uti.TestSeparator] (main) ############################################################################
2025-08-05 18:22:55,436 ERROR [io.api.reg.uti.tes.TestUtils] (main) === TEST FAILED ===
2025-08-05 18:22:55,436 ERROR [io.api.reg.uti.tes.TestUtils] (main) Class: class io.apicurio.tests.serdes.apicurio.AvroSerdeIT
2025-08-05 18:22:55,436 ERROR [io.api.reg.uti.tes.TestUtils] (main) Test:  testEvolveAvroApicurio
2025-08-05 18:22:55,436 ERROR [io.api.reg.uti.tes.TestUtils] (main) ID:    [engine:junit-jupiter]/[class:io.apicurio.tests.serdes.apicurio.AvroSerdeIT]/[method:testEvolveAvroApicurio()]
2025-08-05 18:22:55,436 ERROR [io.api.reg.uti.tes.TestUtils] (main) Error: RuleViolationProblemDetails - null
2025-08-05 18:22:55,437 ERROR [io.api.reg.uti.tes.TestUtils] (main) Rule Violation Problem Details
2025-08-05 18:22:55,437 ERROR [io.api.reg.uti.tes.TestUtils] (main)     Name:     RuleViolationException
2025-08-05 18:22:55,437 ERROR [io.api.reg.uti.tes.TestUtils] (main)     Title:    Incompatible artifact: topic-07e8a21d_555f_4ef3_9923_1c31e71e73d7-s2f730e8dx3076x4185x9d5dx1905e95e673c [AVRO], num of incompatible diffs: {1}, list of diff types: [key21754418175353 at /fields/1]
2025-08-05 18:22:55,437 ERROR [io.api.reg.uti.tes.TestUtils] (main)     Detail:   Incompatible artifact: topic-07e8a21d_555f_4ef3_9923_1c31e71e73d7-s2f730e8dx3076x4185x9d5dx1905e95e673c [AVRO], num of incompatible diffs: {1}, list of diff types: [key21754418175353 at /fields/1] Causes: key21754418175353 at /fields/1
2025-08-05 18:22:55,437 ERROR [io.api.reg.uti.tes.TestUtils] (main)     Instance: null
2025-08-05 18:22:55,437 ERROR [io.api.reg.uti.tes.TestUtils] (main)     Type:     null
2025-08-05 18:22:55,437 ERROR [io.api.reg.uti.tes.TestUtils] (main)     Message:  null
2025-08-05 18:22:55,437 ERROR [io.api.reg.uti.tes.TestUtils] (main)     Status:   409
2025-08-05 18:22:55,437 ERROR [io.api.reg.uti.tes.TestUtils] (main)     Causes:
2025-08-05 18:22:55,437 ERROR [io.api.reg.uti.tes.TestUtils] (main)         Context:     /fields/1
2025-08-05 18:22:55,437 ERROR [io.api.reg.uti.tes.TestUtils] (main)         Description: key21754418175353
2025-08-05 18:22:55,437 ERROR [io.api.reg.uti.tes.TestUtils] (main)         ---
2025-08-05 18:22:55,438 ERROR [io.api.reg.uti.tes.TestUtils] (main) === =========== ===
]]></system-out>
    <system-err><![CDATA[io.apicurio.registry.rest.client.models.RuleViolationProblemDetails
	at io.apicurio.registry.rest.client.models.RuleViolationProblemDetails.createFromDiscriminatorValue(RuleViolationProblemDetails.java:62)
	at io.kiota.serialization.json.JsonParseNode.getObjectValue(JsonParseNode.java:247)
	at io.kiota.http.vertx.VertXRequestAdapter.lambda$throwIfFailedResponse$0(VertXRequestAdapter.java:400)
	at com.microsoft.kiota.ApiExceptionBuilder.<init>(ApiExceptionBuilder.java:26)
	at io.kiota.http.vertx.VertXRequestAdapter.throwIfFailedResponse(VertXRequestAdapter.java:399)
	at io.kiota.http.vertx.VertXRequestAdapter.send(VertXRequestAdapter.java:170)
	at io.apicurio.registry.rest.client.groups.item.artifacts.item.versions.VersionsRequestBuilder.post(VersionsRequestBuilder.java:117)
	at io.apicurio.registry.rest.client.groups.item.artifacts.item.versions.VersionsRequestBuilder.post(VersionsRequestBuilder.java:94)
	at io.apicurio.tests.ApicurioRegistryBaseIT.createArtifactVersion(ApicurioRegistryBaseIT.java:218)
	at io.apicurio.tests.serdes.apicurio.AvroSerdeIT.evolveSchemaTest(AvroSerdeIT.java:337)
	at io.apicurio.tests.serdes.apicurio.AvroSerdeIT.testEvolveAvroApicurio(AvroSerdeIT.java:275)
	at java.base/jdk.internal.reflect.NativeMethodAccessorImpl.invoke0(Native Method)
	at java.base/jdk.internal.reflect.NativeMethodAccessorImpl.invoke(NativeMethodAccessorImpl.java:77)
	at java.base/jdk.internal.reflect.DelegatingMethodAccessorImpl.invoke(DelegatingMethodAccessorImpl.java:43)
	at java.base/java.lang.reflect.Method.invoke(Method.java:569)
	at org.junit.platform.commons.util.ReflectionUtils.invokeMethod(ReflectionUtils.java:775)
	at org.junit.platform.commons.support.ReflectionSupport.invokeMethod(ReflectionSupport.java:479)
	at org.junit.jupiter.engine.execution.MethodInvocation.proceed(MethodInvocation.java:60)
	at org.junit.jupiter.engine.execution.InvocationInterceptorChain$ValidatingInvocation.proceed(InvocationInterceptorChain.java:131)
	at org.junit.jupiter.engine.extension.TimeoutExtension.intercept(TimeoutExtension.java:161)
	at org.junit.jupiter.engine.extension.TimeoutExtension.interceptTestableMethod(TimeoutExtension.java:152)
	at org.junit.jupiter.engine.extension.TimeoutExtension.interceptTestMethod(TimeoutExtension.java:91)
	at org.junit.jupiter.engine.execution.InterceptingExecutableInvoker$ReflectiveInterceptorCall.lambda$ofVoidMethod$0(InterceptingExecutableInvoker.java:112)
	at org.junit.jupiter.engine.execution.InterceptingExecutableInvoker.lambda$invoke$0(InterceptingExecutableInvoker.java:94)
	at org.junit.jupiter.engine.execution.InvocationInterceptorChain$InterceptedInvocation.proceed(InvocationInterceptorChain.java:106)
	at org.junit.jupiter.engine.execution.InvocationInterceptorChain.proceed(InvocationInterceptorChain.java:64)
	at org.junit.jupiter.engine.execution.InvocationInterceptorChain.chainAndInvoke(InvocationInterceptorChain.java:45)
	at org.junit.jupiter.engine.execution.InvocationInterceptorChain.invoke(InvocationInterceptorChain.java:37)
	at org.junit.jupiter.engine.execution.InterceptingExecutableInvoker.invoke(InterceptingExecutableInvoker.java:93)
	at org.junit.jupiter.engine.execution.InterceptingExecutableInvoker.invoke(InterceptingExecutableInvoker.java:87)
	at org.junit.jupiter.engine.descriptor.TestMethodTestDescriptor.lambda$invokeTestMethod$7(TestMethodTestDescriptor.java:216)
	at org.junit.platform.engine.support.hierarchical.ThrowableCollector.execute(ThrowableCollector.java:73)
	at org.junit.jupiter.engine.descriptor.TestMethodTestDescriptor.invokeTestMethod(TestMethodTestDescriptor.java:212)
	at org.junit.jupiter.engine.descriptor.TestMethodTestDescriptor.execute(TestMethodTestDescriptor.java:137)
	at org.junit.jupiter.engine.descriptor.TestMethodTestDescriptor.execute(TestMethodTestDescriptor.java:69)
	at org.junit.platform.engine.support.hierarchical.NodeTestTask.lambda$executeRecursively$6(NodeTestTask.java:156)
	at org.junit.platform.engine.support.hierarchical.ThrowableCollector.execute(ThrowableCollector.java:73)
	at org.junit.platform.engine.support.hierarchical.NodeTestTask.lambda$executeRecursively$8(NodeTestTask.java:146)
	at org.junit.platform.engine.support.hierarchical.Node.around(Node.java:137)
	at org.junit.platform.engine.support.hierarchical.NodeTestTask.lambda$executeRecursively$9(NodeTestTask.java:144)
	at org.junit.platform.engine.support.hierarchical.ThrowableCollector.execute(ThrowableCollector.java:73)
	at org.junit.platform.engine.support.hierarchical.NodeTestTask.executeRecursively(NodeTestTask.java:143)
	at org.junit.platform.engine.support.hierarchical.NodeTestTask.execute(NodeTestTask.java:100)
	at java.base/java.util.ArrayList.forEach(ArrayList.java:1511)
	at org.junit.platform.engine.support.hierarchical.SameThreadHierarchicalTestExecutorService.invokeAll(SameThreadHierarchicalTestExecutorService.java:41)
	at org.junit.platform.engine.support.hierarchical.NodeTestTask.lambda$executeRecursively$6(NodeTestTask.java:160)
	at org.junit.platform.engine.support.hierarchical.ThrowableCollector.execute(ThrowableCollector.java:73)
	at org.junit.platform.engine.support.hierarchical.NodeTestTask.lambda$executeRecursively$8(NodeTestTask.java:146)
	at org.junit.platform.engine.support.hierarchical.Node.around(Node.java:137)
	at org.junit.platform.engine.support.hierarchical.NodeTestTask.lambda$executeRecursively$9(NodeTestTask.java:144)
	at org.junit.platform.engine.support.hierarchical.ThrowableCollector.execute(ThrowableCollector.java:73)
	at org.junit.platform.engine.support.hierarchical.NodeTestTask.executeRecursively(NodeTestTask.java:143)
	at org.junit.platform.engine.support.hierarchical.NodeTestTask.execute(NodeTestTask.java:100)
	at java.base/java.util.ArrayList.forEach(ArrayList.java:1511)
	at org.junit.platform.engine.support.hierarchical.SameThreadHierarchicalTestExecutorService.invokeAll(SameThreadHierarchicalTestExecutorService.java:41)
	at org.junit.platform.engine.support.hierarchical.NodeTestTask.lambda$executeRecursively$6(NodeTestTask.java:160)
	at org.junit.platform.engine.support.hierarchical.ThrowableCollector.execute(ThrowableCollector.java:73)
	at org.junit.platform.engine.support.hierarchical.NodeTestTask.lambda$executeRecursively$8(NodeTestTask.java:146)
	at org.junit.platform.engine.support.hierarchical.Node.around(Node.java:137)
	at org.junit.platform.engine.support.hierarchical.NodeTestTask.lambda$executeRecursively$9(NodeTestTask.java:144)
	at org.junit.platform.engine.support.hierarchical.ThrowableCollector.execute(ThrowableCollector.java:73)
	at org.junit.platform.engine.support.hierarchical.NodeTestTask.executeRecursively(NodeTestTask.java:143)
	at org.junit.platform.engine.support.hierarchical.NodeTestTask.execute(NodeTestTask.java:100)
	at org.junit.platform.engine.support.hierarchical.SameThreadHierarchicalTestExecutorService.submit(SameThreadHierarchicalTestExecutorService.java:35)
	at org.junit.platform.engine.support.hierarchical.HierarchicalTestExecutor.execute(HierarchicalTestExecutor.java:57)
	at org.junit.platform.engine.support.hierarchical.HierarchicalTestEngine.execute(HierarchicalTestEngine.java:54)
	at org.junit.platform.launcher.core.EngineExecutionOrchestrator.execute(EngineExecutionOrchestrator.java:201)
	at org.junit.platform.launcher.core.EngineExecutionOrchestrator.execute(EngineExecutionOrchestrator.java:170)
	at org.junit.platform.launcher.core.EngineExecutionOrchestrator.execute(EngineExecutionOrchestrator.java:94)
	at org.junit.platform.launcher.core.EngineExecutionOrchestrator.lambda$execute$0(EngineExecutionOrchestrator.java:59)
	at org.junit.platform.launcher.core.EngineExecutionOrchestrator.withInterceptedStreams(EngineExecutionOrchestrator.java:142)
	at org.junit.platform.launcher.core.EngineExecutionOrchestrator.execute(EngineExecutionOrchestrator.java:58)
	at org.junit.platform.launcher.core.DefaultLauncher.execute(DefaultLauncher.java:103)
	at org.junit.platform.launcher.core.DefaultLauncher.execute(DefaultLauncher.java:85)
	at org.junit.platform.launcher.core.DelegatingLauncher.execute(DelegatingLauncher.java:47)
	at org.junit.platform.launcher.core.InterceptingLauncher.lambda$execute$1(InterceptingLauncher.java:39)
	at org.junit.platform.launcher.core.ClasspathAlignmentCheckingLauncherInterceptor.intercept(ClasspathAlignmentCheckingLauncherInterceptor.java:25)
	at org.junit.platform.launcher.core.InterceptingLauncher.execute(InterceptingLauncher.java:38)
	at org.junit.platform.launcher.core.DelegatingLauncher.execute(DelegatingLauncher.java:47)
	at org.apache.maven.surefire.junitplatform.LazyLauncher.execute(LazyLauncher.java:56)
	at org.apache.maven.surefire.junitplatform.JUnitPlatformProvider.execute(JUnitPlatformProvider.java:184)
	at org.apache.maven.surefire.junitplatform.JUnitPlatformProvider.invokeAllTests(JUnitPlatformProvider.java:148)
	at org.apache.maven.surefire.junitplatform.JUnitPlatformProvider.invoke(JUnitPlatformProvider.java:122)
	at org.apache.maven.surefire.booter.ForkedBooter.runSuitesInProcess(ForkedBooter.java:385)
	at org.apache.maven.surefire.booter.ForkedBooter.execute(ForkedBooter.java:162)
	at org.apache.maven.surefire.booter.ForkedBooter.run(ForkedBooter.java:507)
	at org.apache.maven.surefire.booter.ForkedBooter.main(ForkedBooter.java:495)
]]></system-err>
  </testcase>
  <testcase name="testTopicRecordIdStrategydFindLatest" classname="io.apicurio.tests.serdes.apicurio.AvroSerdeIT" time="5.283">
    <system-out><![CDATA[2025-08-05 18:22:55,440 INFO  [io.api.tes.uti.TestSeparator] (main) ############################################################################
2025-08-05 18:22:55,440 INFO  [io.api.tes.uti.TestSeparator] (main) io.apicurio.tests.serdes.apicurio.AvroSerdeIT.testTopicRecordIdStrategydFindLatest-STARTED
2025-08-05 18:22:55,444 INFO  [io.api.tes.ser.api.AvroSerdeIT] (main) Registering Avro Schema: {"type":"record","name":"s69aa43b2x04e3x44e5x9db0x5c6ad14449dd","namespace":"s37315787x74b5x447bxaa11xad1864532e63","fields":[{"name":"key11754418175444","type":"string"}]}
**** Registry Base URL: http://registry-app-inmemory.apps.ci419.apicurio-testing.org:80
2025-08-05 18:22:56,608 INFO  [org.apa.kaf.cli.pro.ProducerConfig] (main) ProducerConfig values: 
	acks = -1
	auto.include.jmx.reporter = true
	batch.size = 16384
	bootstrap.servers = [PLAINTEXT://localhost:32769]
	buffer.memory = 33554432
	client.dns.lookup = use_all_dns_ips
	client.id = Producer-topic-798a9c67_2e02_4b96_bb86_3ddf2d12de1c
	compression.gzip.level = -1
	compression.lz4.level = 9
	compression.type = none
	compression.zstd.level = 3
	connections.max.idle.ms = 10000
	delivery.timeout.ms = 120000
	enable.idempotence = true
	enable.metrics.push = true
	interceptor.classes = []
	key.serializer = class org.apache.kafka.common.serialization.StringSerializer
	linger.ms = 0
	max.block.ms = 60000
	max.in.flight.requests.per.connection = 5
	max.request.size = 1048576
	metadata.max.age.ms = 300000
	metadata.max.idle.ms = 300000
	metadata.recovery.strategy = none
	metric.reporters = []
	metrics.num.samples = 2
	metrics.recording.level = INFO
	metrics.sample.window.ms = 30000
	partitioner.adaptive.partitioning.enable = true
	partitioner.availability.timeout.ms = 0
	partitioner.class = null
	partitioner.ignore.keys = false
	receive.buffer.bytes = 32768
	reconnect.backoff.max.ms = 1000
	reconnect.backoff.ms = 50
	request.timeout.ms = 5000
	retries = 2147483647
	retry.backoff.max.ms = 1000
	retry.backoff.ms = 100
	sasl.client.callback.handler.class = null
	sasl.jaas.config = null
	sasl.kerberos.kinit.cmd = /usr/bin/kinit
	sasl.kerberos.min.time.before.relogin = 60000
	sasl.kerberos.service.name = null
	sasl.kerberos.ticket.renew.jitter = 0.05
	sasl.kerberos.ticket.renew.window.factor = 0.8
	sasl.login.callback.handler.class = null
	sasl.login.class = null
	sasl.login.connect.timeout.ms = null
	sasl.login.read.timeout.ms = null
	sasl.login.refresh.buffer.seconds = 300
	sasl.login.refresh.min.period.seconds = 60
	sasl.login.refresh.window.factor = 0.8
	sasl.login.refresh.window.jitter = 0.05
	sasl.login.retry.backoff.max.ms = 10000
	sasl.login.retry.backoff.ms = 100
	sasl.mechanism = GSSAPI
	sasl.oauthbearer.clock.skew.seconds = 30
	sasl.oauthbearer.expected.audience = null
	sasl.oauthbearer.expected.issuer = null
	sasl.oauthbearer.header.urlencode = false
	sasl.oauthbearer.jwks.endpoint.refresh.ms = 3600000
	sasl.oauthbearer.jwks.endpoint.retry.backoff.max.ms = 10000
	sasl.oauthbearer.jwks.endpoint.retry.backoff.ms = 100
	sasl.oauthbearer.jwks.endpoint.url = null
	sasl.oauthbearer.scope.claim.name = scope
	sasl.oauthbearer.sub.claim.name = sub
	sasl.oauthbearer.token.endpoint.url = null
	security.protocol = PLAINTEXT
	security.providers = null
	send.buffer.bytes = 131072
	socket.connection.setup.timeout.max.ms = 30000
	socket.connection.setup.timeout.ms = 10000
	ssl.cipher.suites = null
	ssl.enabled.protocols = [TLSv1.2, TLSv1.3]
	ssl.endpoint.identification.algorithm = https
	ssl.engine.factory.class = null
	ssl.key.password = null
	ssl.keymanager.algorithm = SunX509
	ssl.keystore.certificate.chain = null
	ssl.keystore.key = null
	ssl.keystore.location = null
	ssl.keystore.password = null
	ssl.keystore.type = JKS
	ssl.protocol = TLSv1.3
	ssl.provider = null
	ssl.secure.random.implementation = null
	ssl.trustmanager.algorithm = PKIX
	ssl.truststore.certificates = null
	ssl.truststore.location = null
	ssl.truststore.password = null
	ssl.truststore.type = JKS
	transaction.timeout.ms = 60000
	transactional.id = null
	value.serializer = class io.apicurio.registry.serde.avro.AvroKafkaSerializer

2025-08-05 18:22:56,609 INFO  [org.apa.kaf.com.tel.int.KafkaMetricsCollector] (main) initializing Kafka metrics collector
2025-08-05 18:22:56,611 INFO  [org.apa.kaf.cli.pro.KafkaProducer] (main) [Producer clientId=Producer-topic-798a9c67_2e02_4b96_bb86_3ddf2d12de1c] Instantiated an idempotent producer.
2025-08-05 18:22:56,613 INFO  [org.apa.kaf.cli.pro.ProducerConfig] (main) These configurations '[apicurio.registry.find-latest, apicurio.registry.url, apicurio.registry.artifact-resolver-strategy]' were supplied but are not used yet.
2025-08-05 18:22:56,613 INFO  [org.apa.kaf.com.uti.AppInfoParser] (main) Kafka version: 3.9.1
2025-08-05 18:22:56,613 INFO  [org.apa.kaf.com.uti.AppInfoParser] (main) Kafka commitId: f745dfdcee2b9851
2025-08-05 18:22:56,613 INFO  [org.apa.kaf.com.uti.AppInfoParser] (main) Kafka startTimeMs: 1754418176613
2025-08-05 18:22:56,613 INFO  [io.api.tes.ser.api.SimpleSerdesTesterBuilder$SimpleSerdesTester] (main) Using producer configuration: {apicurio.registry.find-latest=true, apicurio.registry.url=http://registry-app-inmemory.apps.ci419.apicurio-testing.org:80/apis/registry/v3, apicurio.registry.artifact-resolver-strategy=io.apicurio.registry.serde.avro.strategy.TopicRecordIdStrategy, value.serializer=io.apicurio.registry.serde.avro.AvroKafkaSerializer, request.timeout.ms=5000, acks=all, bootstrap.servers=PLAINTEXT://localhost:32769, connections.max.idle.ms=10000, key.serializer=org.apache.kafka.common.serialization.StringSerializer, client.id=Producer-topic-798a9c67_2e02_4b96_bb86_3ddf2d12de1c}
2025-08-05 18:22:56,613 INFO  [io.api.tes.ser.api.SimpleSerdesTesterBuilder$SimpleSerdesTester] (main) Using consumer configuration: {}
2025-08-05 18:22:56,614 INFO  [io.api.tes.ser.api.KafkaSerdesTester] (Thread-666) Sending message {"key11754418175444": "value-0"} to topic topic-798a9c67_2e02_4b96_bb86_3ddf2d12de1c
2025-08-05 18:22:56,617 INFO  [org.apa.kaf.cli.Metadata] (kafka-producer-network-thread | Producer-topic-798a9c67_2e02_4b96_bb86_3ddf2d12de1c) [Producer clientId=Producer-topic-798a9c67_2e02_4b96_bb86_3ddf2d12de1c] Cluster ID: PopyJKdlRzKjlQHMpYFwRA
2025-08-05 18:22:56,618 INFO  [org.apa.kaf.cli.pro.int.TransactionManager] (kafka-producer-network-thread | Producer-topic-798a9c67_2e02_4b96_bb86_3ddf2d12de1c) [Producer clientId=Producer-topic-798a9c67_2e02_4b96_bb86_3ddf2d12de1c] ProducerId set to 13 with epoch 0
2025-08-05 18:22:56,916 INFO  [io.api.tes.ser.api.KafkaSerdesTester] (Thread-666) Sending message {"key11754418175444": "value-1"} to topic topic-798a9c67_2e02_4b96_bb86_3ddf2d12de1c
2025-08-05 18:22:56,919 INFO  [io.api.tes.ser.api.KafkaSerdesTester] (Thread-666) Sending message {"key11754418175444": "value-2"} to topic topic-798a9c67_2e02_4b96_bb86_3ddf2d12de1c
2025-08-05 18:22:56,922 INFO  [io.api.tes.ser.api.KafkaSerdesTester] (Thread-666) Sending message {"key11754418175444": "value-3"} to topic topic-798a9c67_2e02_4b96_bb86_3ddf2d12de1c
2025-08-05 18:22:56,923 INFO  [io.api.tes.ser.api.KafkaSerdesTester] (Thread-666) Sending message {"key11754418175444": "value-4"} to topic topic-798a9c67_2e02_4b96_bb86_3ddf2d12de1c
2025-08-05 18:22:56,925 INFO  [io.api.tes.ser.api.KafkaSerdesTester] (Thread-666) Sending message {"key11754418175444": "value-5"} to topic topic-798a9c67_2e02_4b96_bb86_3ddf2d12de1c
2025-08-05 18:22:56,927 INFO  [io.api.tes.ser.api.KafkaSerdesTester] (Thread-666) Sending message {"key11754418175444": "value-6"} to topic topic-798a9c67_2e02_4b96_bb86_3ddf2d12de1c
2025-08-05 18:22:56,929 INFO  [io.api.tes.ser.api.KafkaSerdesTester] (Thread-666) Sending message {"key11754418175444": "value-7"} to topic topic-798a9c67_2e02_4b96_bb86_3ddf2d12de1c
2025-08-05 18:22:56,931 INFO  [io.api.tes.ser.api.KafkaSerdesTester] (Thread-666) Sending message {"key11754418175444": "value-8"} to topic topic-798a9c67_2e02_4b96_bb86_3ddf2d12de1c
2025-08-05 18:22:56,932 INFO  [io.api.tes.ser.api.KafkaSerdesTester] (Thread-666) Sending message {"key11754418175444": "value-9"} to topic topic-798a9c67_2e02_4b96_bb86_3ddf2d12de1c
2025-08-05 18:22:56,933 INFO  [io.api.tes.ser.api.KafkaSerdesTester] (Thread-666) Produced 10 messages
2025-08-05 18:22:56,933 INFO  [org.apa.kaf.cli.pro.KafkaProducer] (Thread-666) [Producer clientId=Producer-topic-798a9c67_2e02_4b96_bb86_3ddf2d12de1c] Closing the Kafka producer with timeoutMillis = 9223372036854775807 ms.
2025-08-05 18:22:56,936 INFO  [org.apa.kaf.com.met.Metrics] (Thread-666) Metrics scheduler closed
2025-08-05 18:22:56,936 INFO  [org.apa.kaf.com.met.Metrics] (Thread-666) Closing reporter org.apache.kafka.common.metrics.JmxReporter
2025-08-05 18:22:56,936 INFO  [org.apa.kaf.com.met.Metrics] (Thread-666) Closing reporter org.apache.kafka.common.telemetry.internals.ClientTelemetryReporter
2025-08-05 18:22:56,936 INFO  [org.apa.kaf.com.met.Metrics] (Thread-666) Metrics reporters closed
2025-08-05 18:22:56,936 INFO  [org.apa.kaf.com.uti.AppInfoParser] (Thread-666) App info kafka.producer for Producer-topic-798a9c67_2e02_4b96_bb86_3ddf2d12de1c unregistered
**** Registry Base URL: http://registry-app-inmemory.apps.ci419.apicurio-testing.org:80
2025-08-05 18:22:56,937 INFO  [org.apa.kaf.cli.con.ConsumerConfig] (main) ConsumerConfig values: 
	allow.auto.create.topics = true
	auto.commit.interval.ms = 500
	auto.include.jmx.reporter = true
	auto.offset.reset = earliest
	bootstrap.servers = [PLAINTEXT://localhost:32769]
	check.crcs = true
	client.dns.lookup = use_all_dns_ips
	client.id = consumer-Consumer-topic-798a9c67_2e02_4b96_bb86_3ddf2d12de1c-10
	client.rack = 
	connections.max.idle.ms = 10000
	default.api.timeout.ms = 60000
	enable.auto.commit = true
	enable.metrics.push = true
	exclude.internal.topics = true
	fetch.max.bytes = 52428800
	fetch.max.wait.ms = 500
	fetch.min.bytes = 1
	group.id = Consumer-topic-798a9c67_2e02_4b96_bb86_3ddf2d12de1c
	group.instance.id = null
	group.protocol = classic
	group.remote.assignor = null
	heartbeat.interval.ms = 3000
	interceptor.classes = []
	internal.leave.group.on.close = true
	internal.throw.on.fetch.stable.offset.unsupported = false
	isolation.level = read_uncommitted
	key.deserializer = class org.apache.kafka.common.serialization.StringDeserializer
	max.partition.fetch.bytes = 1048576
	max.poll.interval.ms = 300000
	max.poll.records = 500
	metadata.max.age.ms = 300000
	metadata.recovery.strategy = none
	metric.reporters = []
	metrics.num.samples = 2
	metrics.recording.level = INFO
	metrics.sample.window.ms = 30000
	partition.assignment.strategy = [class org.apache.kafka.clients.consumer.RangeAssignor, class org.apache.kafka.clients.consumer.CooperativeStickyAssignor]
	receive.buffer.bytes = 65536
	reconnect.backoff.max.ms = 1000
	reconnect.backoff.ms = 50
	request.timeout.ms = 5000
	retry.backoff.max.ms = 1000
	retry.backoff.ms = 100
	sasl.client.callback.handler.class = null
	sasl.jaas.config = null
	sasl.kerberos.kinit.cmd = /usr/bin/kinit
	sasl.kerberos.min.time.before.relogin = 60000
	sasl.kerberos.service.name = null
	sasl.kerberos.ticket.renew.jitter = 0.05
	sasl.kerberos.ticket.renew.window.factor = 0.8
	sasl.login.callback.handler.class = null
	sasl.login.class = null
	sasl.login.connect.timeout.ms = null
	sasl.login.read.timeout.ms = null
	sasl.login.refresh.buffer.seconds = 300
	sasl.login.refresh.min.period.seconds = 60
	sasl.login.refresh.window.factor = 0.8
	sasl.login.refresh.window.jitter = 0.05
	sasl.login.retry.backoff.max.ms = 10000
	sasl.login.retry.backoff.ms = 100
	sasl.mechanism = GSSAPI
	sasl.oauthbearer.clock.skew.seconds = 30
	sasl.oauthbearer.expected.audience = null
	sasl.oauthbearer.expected.issuer = null
	sasl.oauthbearer.header.urlencode = false
	sasl.oauthbearer.jwks.endpoint.refresh.ms = 3600000
	sasl.oauthbearer.jwks.endpoint.retry.backoff.max.ms = 10000
	sasl.oauthbearer.jwks.endpoint.retry.backoff.ms = 100
	sasl.oauthbearer.jwks.endpoint.url = null
	sasl.oauthbearer.scope.claim.name = scope
	sasl.oauthbearer.sub.claim.name = sub
	sasl.oauthbearer.token.endpoint.url = null
	security.protocol = PLAINTEXT
	security.providers = null
	send.buffer.bytes = 131072
	session.timeout.ms = 45000
	socket.connection.setup.timeout.max.ms = 30000
	socket.connection.setup.timeout.ms = 10000
	ssl.cipher.suites = null
	ssl.enabled.protocols = [TLSv1.2, TLSv1.3]
	ssl.endpoint.identification.algorithm = https
	ssl.engine.factory.class = null
	ssl.key.password = null
	ssl.keymanager.algorithm = SunX509
	ssl.keystore.certificate.chain = null
	ssl.keystore.key = null
	ssl.keystore.location = null
	ssl.keystore.password = null
	ssl.keystore.type = JKS
	ssl.protocol = TLSv1.3
	ssl.provider = null
	ssl.secure.random.implementation = null
	ssl.trustmanager.algorithm = PKIX
	ssl.truststore.certificates = null
	ssl.truststore.location = null
	ssl.truststore.password = null
	ssl.truststore.type = JKS
	value.deserializer = class io.apicurio.registry.serde.avro.AvroKafkaDeserializer

2025-08-05 18:22:56,938 INFO  [org.apa.kaf.com.tel.int.KafkaMetricsCollector] (main) initializing Kafka metrics collector
2025-08-05 18:22:56,955 INFO  [org.apa.kaf.cli.con.ConsumerConfig] (main) These configurations '[apicurio.registry.url]' were supplied but are not used yet.
2025-08-05 18:22:56,955 INFO  [org.apa.kaf.com.uti.AppInfoParser] (main) Kafka version: 3.9.1
2025-08-05 18:22:56,955 INFO  [org.apa.kaf.com.uti.AppInfoParser] (main) Kafka commitId: f745dfdcee2b9851
2025-08-05 18:22:56,955 INFO  [org.apa.kaf.com.uti.AppInfoParser] (main) Kafka startTimeMs: 1754418176955
2025-08-05 18:22:56,956 INFO  [org.apa.kaf.cli.con.int.ClassicKafkaConsumer] (Thread-669) [Consumer clientId=consumer-Consumer-topic-798a9c67_2e02_4b96_bb86_3ddf2d12de1c-10, groupId=Consumer-topic-798a9c67_2e02_4b96_bb86_3ddf2d12de1c] Subscribed to topic(s): topic-798a9c67_2e02_4b96_bb86_3ddf2d12de1c
2025-08-05 18:22:56,966 INFO  [org.apa.kaf.cli.Metadata] (Thread-669) [Consumer clientId=consumer-Consumer-topic-798a9c67_2e02_4b96_bb86_3ddf2d12de1c-10, groupId=Consumer-topic-798a9c67_2e02_4b96_bb86_3ddf2d12de1c] Cluster ID: PopyJKdlRzKjlQHMpYFwRA
2025-08-05 18:22:56,967 INFO  [org.apa.kaf.cli.con.int.ConsumerCoordinator] (Thread-669) [Consumer clientId=consumer-Consumer-topic-798a9c67_2e02_4b96_bb86_3ddf2d12de1c-10, groupId=Consumer-topic-798a9c67_2e02_4b96_bb86_3ddf2d12de1c] Discovered group coordinator localhost:32769 (id: 2147483647 rack: null)
2025-08-05 18:22:56,969 INFO  [org.apa.kaf.cli.con.int.ConsumerCoordinator] (Thread-669) [Consumer clientId=consumer-Consumer-topic-798a9c67_2e02_4b96_bb86_3ddf2d12de1c-10, groupId=Consumer-topic-798a9c67_2e02_4b96_bb86_3ddf2d12de1c] (Re-)joining group
2025-08-05 18:22:56,973 INFO  [org.apa.kaf.cli.con.int.ConsumerCoordinator] (Thread-669) [Consumer clientId=consumer-Consumer-topic-798a9c67_2e02_4b96_bb86_3ddf2d12de1c-10, groupId=Consumer-topic-798a9c67_2e02_4b96_bb86_3ddf2d12de1c] Request joining group due to: need to re-join with the given member-id: consumer-Consumer-topic-798a9c67_2e02_4b96_bb86_3ddf2d12de1c-10-0e79f2b6-505a-4c98-bd6d-459214ec2797
2025-08-05 18:22:56,973 INFO  [org.apa.kaf.cli.con.int.ConsumerCoordinator] (Thread-669) [Consumer clientId=consumer-Consumer-topic-798a9c67_2e02_4b96_bb86_3ddf2d12de1c-10, groupId=Consumer-topic-798a9c67_2e02_4b96_bb86_3ddf2d12de1c] (Re-)joining group
2025-08-05 18:22:57,956 INFO  [io.api.tes.ser.api.KafkaSerdesTester] (Thread-669) None found
2025-08-05 18:22:58,956 INFO  [io.api.tes.ser.api.KafkaSerdesTester] (Thread-669) None found
2025-08-05 18:22:59,956 INFO  [io.api.tes.ser.api.KafkaSerdesTester] (Thread-669) None found
2025-08-05 18:22:59,976 INFO  [org.apa.kaf.cli.con.int.ConsumerCoordinator] (Thread-669) [Consumer clientId=consumer-Consumer-topic-798a9c67_2e02_4b96_bb86_3ddf2d12de1c-10, groupId=Consumer-topic-798a9c67_2e02_4b96_bb86_3ddf2d12de1c] Successfully joined group with generation Generation{generationId=1, memberId='consumer-Consumer-topic-798a9c67_2e02_4b96_bb86_3ddf2d12de1c-10-0e79f2b6-505a-4c98-bd6d-459214ec2797', protocol='range'}
2025-08-05 18:22:59,976 INFO  [org.apa.kaf.cli.con.int.ConsumerCoordinator] (Thread-669) [Consumer clientId=consumer-Consumer-topic-798a9c67_2e02_4b96_bb86_3ddf2d12de1c-10, groupId=Consumer-topic-798a9c67_2e02_4b96_bb86_3ddf2d12de1c] Finished assignment for group at generation 1: {consumer-Consumer-topic-798a9c67_2e02_4b96_bb86_3ddf2d12de1c-10-0e79f2b6-505a-4c98-bd6d-459214ec2797=Assignment(partitions=[topic-798a9c67_2e02_4b96_bb86_3ddf2d12de1c-0])}
2025-08-05 18:22:59,983 INFO  [org.apa.kaf.cli.con.int.ConsumerCoordinator] (Thread-669) [Consumer clientId=consumer-Consumer-topic-798a9c67_2e02_4b96_bb86_3ddf2d12de1c-10, groupId=Consumer-topic-798a9c67_2e02_4b96_bb86_3ddf2d12de1c] Successfully synced group in generation Generation{generationId=1, memberId='consumer-Consumer-topic-798a9c67_2e02_4b96_bb86_3ddf2d12de1c-10-0e79f2b6-505a-4c98-bd6d-459214ec2797', protocol='range'}
2025-08-05 18:22:59,983 INFO  [org.apa.kaf.cli.con.int.ConsumerCoordinator] (Thread-669) [Consumer clientId=consumer-Consumer-topic-798a9c67_2e02_4b96_bb86_3ddf2d12de1c-10, groupId=Consumer-topic-798a9c67_2e02_4b96_bb86_3ddf2d12de1c] Notifying assignor about the new Assignment(partitions=[topic-798a9c67_2e02_4b96_bb86_3ddf2d12de1c-0])
2025-08-05 18:22:59,983 INFO  [org.apa.kaf.cli.con.int.ConsumerRebalanceListenerInvoker] (Thread-669) [Consumer clientId=consumer-Consumer-topic-798a9c67_2e02_4b96_bb86_3ddf2d12de1c-10, groupId=Consumer-topic-798a9c67_2e02_4b96_bb86_3ddf2d12de1c] Adding newly assigned partitions: topic-798a9c67_2e02_4b96_bb86_3ddf2d12de1c-0
2025-08-05 18:22:59,984 INFO  [org.apa.kaf.cli.con.int.ConsumerCoordinator] (Thread-669) [Consumer clientId=consumer-Consumer-topic-798a9c67_2e02_4b96_bb86_3ddf2d12de1c-10, groupId=Consumer-topic-798a9c67_2e02_4b96_bb86_3ddf2d12de1c] Found no committed offset for partition topic-798a9c67_2e02_4b96_bb86_3ddf2d12de1c-0
2025-08-05 18:22:59,985 INFO  [org.apa.kaf.cli.con.int.SubscriptionState] (Thread-669) [Consumer clientId=consumer-Consumer-topic-798a9c67_2e02_4b96_bb86_3ddf2d12de1c-10, groupId=Consumer-topic-798a9c67_2e02_4b96_bb86_3ddf2d12de1c] Resetting offset for partition topic-798a9c67_2e02_4b96_bb86_3ddf2d12de1c-0 to position FetchPosition{offset=0, offsetEpoch=Optional.empty, currentLeader=LeaderAndEpoch{leader=Optional[localhost:32769 (id: 0 rack: null)], epoch=0}}.
2025-08-05 18:23:00,216 INFO  [io.api.tes.ser.api.KafkaSerdesTester] (Thread-669) topic-798a9c67_2e02_4b96_bb86_3ddf2d12de1c 0 0 {"key11754418175444": "value-0"}
2025-08-05 18:23:00,216 INFO  [io.api.tes.ser.api.KafkaSerdesTester] (Thread-669) topic-798a9c67_2e02_4b96_bb86_3ddf2d12de1c 0 1 {"key11754418175444": "value-1"}
2025-08-05 18:23:00,216 INFO  [io.api.tes.ser.api.KafkaSerdesTester] (Thread-669) topic-798a9c67_2e02_4b96_bb86_3ddf2d12de1c 0 2 {"key11754418175444": "value-2"}
2025-08-05 18:23:00,216 INFO  [io.api.tes.ser.api.KafkaSerdesTester] (Thread-669) topic-798a9c67_2e02_4b96_bb86_3ddf2d12de1c 0 3 {"key11754418175444": "value-3"}
2025-08-05 18:23:00,216 INFO  [io.api.tes.ser.api.KafkaSerdesTester] (Thread-669) topic-798a9c67_2e02_4b96_bb86_3ddf2d12de1c 0 4 {"key11754418175444": "value-4"}
2025-08-05 18:23:00,216 INFO  [io.api.tes.ser.api.KafkaSerdesTester] (Thread-669) topic-798a9c67_2e02_4b96_bb86_3ddf2d12de1c 0 5 {"key11754418175444": "value-5"}
2025-08-05 18:23:00,216 INFO  [io.api.tes.ser.api.KafkaSerdesTester] (Thread-669) topic-798a9c67_2e02_4b96_bb86_3ddf2d12de1c 0 6 {"key11754418175444": "value-6"}
2025-08-05 18:23:00,216 INFO  [io.api.tes.ser.api.KafkaSerdesTester] (Thread-669) topic-798a9c67_2e02_4b96_bb86_3ddf2d12de1c 0 7 {"key11754418175444": "value-7"}
2025-08-05 18:23:00,216 INFO  [io.api.tes.ser.api.KafkaSerdesTester] (Thread-669) topic-798a9c67_2e02_4b96_bb86_3ddf2d12de1c 0 8 {"key11754418175444": "value-8"}
2025-08-05 18:23:00,216 INFO  [io.api.tes.ser.api.KafkaSerdesTester] (Thread-669) topic-798a9c67_2e02_4b96_bb86_3ddf2d12de1c 0 9 {"key11754418175444": "value-9"}
2025-08-05 18:23:00,216 INFO  [io.api.tes.ser.api.KafkaSerdesTester] (Thread-669) Consumed 10 messages
2025-08-05 18:23:00,224 INFO  [org.apa.kaf.cli.con.int.ConsumerRebalanceListenerInvoker] (Thread-669) [Consumer clientId=consumer-Consumer-topic-798a9c67_2e02_4b96_bb86_3ddf2d12de1c-10, groupId=Consumer-topic-798a9c67_2e02_4b96_bb86_3ddf2d12de1c] Revoke previously assigned partitions topic-798a9c67_2e02_4b96_bb86_3ddf2d12de1c-0
2025-08-05 18:23:00,224 INFO  [org.apa.kaf.cli.con.int.ConsumerCoordinator] (Thread-669) [Consumer clientId=consumer-Consumer-topic-798a9c67_2e02_4b96_bb86_3ddf2d12de1c-10, groupId=Consumer-topic-798a9c67_2e02_4b96_bb86_3ddf2d12de1c] Member consumer-Consumer-topic-798a9c67_2e02_4b96_bb86_3ddf2d12de1c-10-0e79f2b6-505a-4c98-bd6d-459214ec2797 sending LeaveGroup request to coordinator localhost:32769 (id: 2147483647 rack: null) due to the consumer is being closed
2025-08-05 18:23:00,224 INFO  [org.apa.kaf.cli.con.int.ConsumerCoordinator] (Thread-669) [Consumer clientId=consumer-Consumer-topic-798a9c67_2e02_4b96_bb86_3ddf2d12de1c-10, groupId=Consumer-topic-798a9c67_2e02_4b96_bb86_3ddf2d12de1c] Resetting generation and member id due to: consumer pro-actively leaving the group
2025-08-05 18:23:00,224 INFO  [org.apa.kaf.cli.con.int.ConsumerCoordinator] (Thread-669) [Consumer clientId=consumer-Consumer-topic-798a9c67_2e02_4b96_bb86_3ddf2d12de1c-10, groupId=Consumer-topic-798a9c67_2e02_4b96_bb86_3ddf2d12de1c] Request joining group due to: consumer pro-actively leaving the group
2025-08-05 18:23:00,719 INFO  [org.apa.kaf.com.met.Metrics] (Thread-669) Metrics scheduler closed
2025-08-05 18:23:00,719 INFO  [org.apa.kaf.com.met.Metrics] (Thread-669) Closing reporter org.apache.kafka.common.metrics.JmxReporter
2025-08-05 18:23:00,719 INFO  [org.apa.kaf.com.met.Metrics] (Thread-669) Closing reporter org.apache.kafka.common.telemetry.internals.ClientTelemetryReporter
2025-08-05 18:23:00,719 INFO  [org.apa.kaf.com.met.Metrics] (Thread-669) Metrics reporters closed
2025-08-05 18:23:00,721 INFO  [org.apa.kaf.com.uti.AppInfoParser] (Thread-669) App info kafka.consumer for consumer-Consumer-topic-798a9c67_2e02_4b96_bb86_3ddf2d12de1c-10 unregistered
2025-08-05 18:23:00,722 INFO  [io.api.tes.uti.TestSeparator] (main) io.apicurio.tests.serdes.apicurio.AvroSerdeIT.testTopicRecordIdStrategydFindLatest-FINISHED
2025-08-05 18:23:00,722 INFO  [io.api.tes.uti.TestSeparator] (main) ############################################################################
Test passed: testTopicRecordIdStrategydFindLatest
]]></system-out>
  </testcase>
  <testcase name="testAvroConfluentForMultipleTopics" classname="io.apicurio.tests.serdes.apicurio.AvroSerdeIT" time="13.087">
    <system-out><![CDATA[2025-08-05 18:23:00,723 INFO  [io.api.tes.uti.TestSeparator] (main) ############################################################################
2025-08-05 18:23:00,723 INFO  [io.api.tes.uti.TestSeparator] (main) io.apicurio.tests.serdes.apicurio.AvroSerdeIT.testAvroConfluentForMultipleTopics-STARTED
2025-08-05 18:23:00,724 INFO  [io.api.tes.ser.api.AvroSerdeIT] (main) Registering Avro Schema: {"type":"record","name":"myrecordconfluent","fields":[{"name":"key11754418180724","type":"string"}]}
**** Registry Base URL: http://registry-app-inmemory.apps.ci419.apicurio-testing.org:80
2025-08-05 18:23:01,891 INFO  [org.apa.kaf.cli.pro.ProducerConfig] (main) ProducerConfig values: 
	acks = -1
	auto.include.jmx.reporter = true
	batch.size = 16384
	bootstrap.servers = [PLAINTEXT://localhost:32769]
	buffer.memory = 33554432
	client.dns.lookup = use_all_dns_ips
	client.id = Producer-topic-5838b7d2_826b_4f06_b96c_36cd376c1510
	compression.gzip.level = -1
	compression.lz4.level = 9
	compression.type = none
	compression.zstd.level = 3
	connections.max.idle.ms = 10000
	delivery.timeout.ms = 120000
	enable.idempotence = true
	enable.metrics.push = true
	interceptor.classes = []
	key.serializer = class org.apache.kafka.common.serialization.StringSerializer
	linger.ms = 0
	max.block.ms = 60000
	max.in.flight.requests.per.connection = 5
	max.request.size = 1048576
	metadata.max.age.ms = 300000
	metadata.max.idle.ms = 300000
	metadata.recovery.strategy = none
	metric.reporters = []
	metrics.num.samples = 2
	metrics.recording.level = INFO
	metrics.sample.window.ms = 30000
	partitioner.adaptive.partitioning.enable = true
	partitioner.availability.timeout.ms = 0
	partitioner.class = null
	partitioner.ignore.keys = false
	receive.buffer.bytes = 32768
	reconnect.backoff.max.ms = 1000
	reconnect.backoff.ms = 50
	request.timeout.ms = 5000
	retries = 2147483647
	retry.backoff.max.ms = 1000
	retry.backoff.ms = 100
	sasl.client.callback.handler.class = null
	sasl.jaas.config = null
	sasl.kerberos.kinit.cmd = /usr/bin/kinit
	sasl.kerberos.min.time.before.relogin = 60000
	sasl.kerberos.service.name = null
	sasl.kerberos.ticket.renew.jitter = 0.05
	sasl.kerberos.ticket.renew.window.factor = 0.8
	sasl.login.callback.handler.class = null
	sasl.login.class = null
	sasl.login.connect.timeout.ms = null
	sasl.login.read.timeout.ms = null
	sasl.login.refresh.buffer.seconds = 300
	sasl.login.refresh.min.period.seconds = 60
	sasl.login.refresh.window.factor = 0.8
	sasl.login.refresh.window.jitter = 0.05
	sasl.login.retry.backoff.max.ms = 10000
	sasl.login.retry.backoff.ms = 100
	sasl.mechanism = GSSAPI
	sasl.oauthbearer.clock.skew.seconds = 30
	sasl.oauthbearer.expected.audience = null
	sasl.oauthbearer.expected.issuer = null
	sasl.oauthbearer.header.urlencode = false
	sasl.oauthbearer.jwks.endpoint.refresh.ms = 3600000
	sasl.oauthbearer.jwks.endpoint.retry.backoff.max.ms = 10000
	sasl.oauthbearer.jwks.endpoint.retry.backoff.ms = 100
	sasl.oauthbearer.jwks.endpoint.url = null
	sasl.oauthbearer.scope.claim.name = scope
	sasl.oauthbearer.sub.claim.name = sub
	sasl.oauthbearer.token.endpoint.url = null
	security.protocol = PLAINTEXT
	security.providers = null
	send.buffer.bytes = 131072
	socket.connection.setup.timeout.max.ms = 30000
	socket.connection.setup.timeout.ms = 10000
	ssl.cipher.suites = null
	ssl.enabled.protocols = [TLSv1.2, TLSv1.3]
	ssl.endpoint.identification.algorithm = https
	ssl.engine.factory.class = null
	ssl.key.password = null
	ssl.keymanager.algorithm = SunX509
	ssl.keystore.certificate.chain = null
	ssl.keystore.key = null
	ssl.keystore.location = null
	ssl.keystore.password = null
	ssl.keystore.type = JKS
	ssl.protocol = TLSv1.3
	ssl.provider = null
	ssl.secure.random.implementation = null
	ssl.trustmanager.algorithm = PKIX
	ssl.truststore.certificates = null
	ssl.truststore.location = null
	ssl.truststore.password = null
	ssl.truststore.type = JKS
	transaction.timeout.ms = 60000
	transactional.id = null
	value.serializer = class io.apicurio.registry.serde.avro.AvroKafkaSerializer

2025-08-05 18:23:01,891 INFO  [org.apa.kaf.com.tel.int.KafkaMetricsCollector] (main) initializing Kafka metrics collector
2025-08-05 18:23:01,895 INFO  [org.apa.kaf.cli.pro.KafkaProducer] (main) [Producer clientId=Producer-topic-5838b7d2_826b_4f06_b96c_36cd376c1510] Instantiated an idempotent producer.
2025-08-05 18:23:01,898 INFO  [org.apa.kaf.cli.pro.ProducerConfig] (main) These configurations '[apicurio.registry.url, apicurio.registry.artifact-resolver-strategy]' were supplied but are not used yet.
2025-08-05 18:23:01,898 INFO  [org.apa.kaf.com.uti.AppInfoParser] (main) Kafka version: 3.9.1
2025-08-05 18:23:01,898 INFO  [org.apa.kaf.com.uti.AppInfoParser] (main) Kafka commitId: f745dfdcee2b9851
2025-08-05 18:23:01,898 INFO  [org.apa.kaf.com.uti.AppInfoParser] (main) Kafka startTimeMs: 1754418181898
**** Registry Base URL: http://registry-app-inmemory.apps.ci419.apicurio-testing.org:80
2025-08-05 18:23:01,899 INFO  [org.apa.kaf.cli.pro.ProducerConfig] (main) ProducerConfig values: 
	acks = -1
	auto.include.jmx.reporter = true
	batch.size = 16384
	bootstrap.servers = [PLAINTEXT://localhost:32769]
	buffer.memory = 33554432
	client.dns.lookup = use_all_dns_ips
	client.id = Producer-topic-a240aaf3_eaf9_4838_8fc7_72ea0985d04e
	compression.gzip.level = -1
	compression.lz4.level = 9
	compression.type = none
	compression.zstd.level = 3
	connections.max.idle.ms = 10000
	delivery.timeout.ms = 120000
	enable.idempotence = true
	enable.metrics.push = true
	interceptor.classes = []
	key.serializer = class org.apache.kafka.common.serialization.StringSerializer
	linger.ms = 0
	max.block.ms = 60000
	max.in.flight.requests.per.connection = 5
	max.request.size = 1048576
	metadata.max.age.ms = 300000
	metadata.max.idle.ms = 300000
	metadata.recovery.strategy = none
	metric.reporters = []
	metrics.num.samples = 2
	metrics.recording.level = INFO
	metrics.sample.window.ms = 30000
	partitioner.adaptive.partitioning.enable = true
	partitioner.availability.timeout.ms = 0
	partitioner.class = null
	partitioner.ignore.keys = false
	receive.buffer.bytes = 32768
	reconnect.backoff.max.ms = 1000
	reconnect.backoff.ms = 50
	request.timeout.ms = 5000
	retries = 2147483647
	retry.backoff.max.ms = 1000
	retry.backoff.ms = 100
	sasl.client.callback.handler.class = null
	sasl.jaas.config = null
	sasl.kerberos.kinit.cmd = /usr/bin/kinit
	sasl.kerberos.min.time.before.relogin = 60000
	sasl.kerberos.service.name = null
	sasl.kerberos.ticket.renew.jitter = 0.05
	sasl.kerberos.ticket.renew.window.factor = 0.8
	sasl.login.callback.handler.class = null
	sasl.login.class = null
	sasl.login.connect.timeout.ms = null
	sasl.login.read.timeout.ms = null
	sasl.login.refresh.buffer.seconds = 300
	sasl.login.refresh.min.period.seconds = 60
	sasl.login.refresh.window.factor = 0.8
	sasl.login.refresh.window.jitter = 0.05
	sasl.login.retry.backoff.max.ms = 10000
	sasl.login.retry.backoff.ms = 100
	sasl.mechanism = GSSAPI
	sasl.oauthbearer.clock.skew.seconds = 30
	sasl.oauthbearer.expected.audience = null
	sasl.oauthbearer.expected.issuer = null
	sasl.oauthbearer.header.urlencode = false
	sasl.oauthbearer.jwks.endpoint.refresh.ms = 3600000
	sasl.oauthbearer.jwks.endpoint.retry.backoff.max.ms = 10000
	sasl.oauthbearer.jwks.endpoint.retry.backoff.ms = 100
	sasl.oauthbearer.jwks.endpoint.url = null
	sasl.oauthbearer.scope.claim.name = scope
	sasl.oauthbearer.sub.claim.name = sub
	sasl.oauthbearer.token.endpoint.url = null
	security.protocol = PLAINTEXT
	security.providers = null
	send.buffer.bytes = 131072
	socket.connection.setup.timeout.max.ms = 30000
	socket.connection.setup.timeout.ms = 10000
	ssl.cipher.suites = null
	ssl.enabled.protocols = [TLSv1.2, TLSv1.3]
	ssl.endpoint.identification.algorithm = https
	ssl.engine.factory.class = null
	ssl.key.password = null
	ssl.keymanager.algorithm = SunX509
	ssl.keystore.certificate.chain = null
	ssl.keystore.key = null
	ssl.keystore.location = null
	ssl.keystore.password = null
	ssl.keystore.type = JKS
	ssl.protocol = TLSv1.3
	ssl.provider = null
	ssl.secure.random.implementation = null
	ssl.trustmanager.algorithm = PKIX
	ssl.truststore.certificates = null
	ssl.truststore.location = null
	ssl.truststore.password = null
	ssl.truststore.type = JKS
	transaction.timeout.ms = 60000
	transactional.id = null
	value.serializer = class io.apicurio.registry.serde.avro.AvroKafkaSerializer

2025-08-05 18:23:01,900 INFO  [org.apa.kaf.com.tel.int.KafkaMetricsCollector] (main) initializing Kafka metrics collector
2025-08-05 18:23:01,904 INFO  [org.apa.kaf.cli.Metadata] (kafka-producer-network-thread | Producer-topic-5838b7d2_826b_4f06_b96c_36cd376c1510) [Producer clientId=Producer-topic-5838b7d2_826b_4f06_b96c_36cd376c1510] Cluster ID: PopyJKdlRzKjlQHMpYFwRA
2025-08-05 18:23:01,904 INFO  [org.apa.kaf.cli.pro.int.TransactionManager] (kafka-producer-network-thread | Producer-topic-5838b7d2_826b_4f06_b96c_36cd376c1510) [Producer clientId=Producer-topic-5838b7d2_826b_4f06_b96c_36cd376c1510] ProducerId set to 14 with epoch 0
2025-08-05 18:23:01,905 INFO  [org.apa.kaf.cli.pro.KafkaProducer] (main) [Producer clientId=Producer-topic-a240aaf3_eaf9_4838_8fc7_72ea0985d04e] Instantiated an idempotent producer.
2025-08-05 18:23:01,909 INFO  [org.apa.kaf.cli.pro.ProducerConfig] (main) These configurations '[apicurio.registry.url, apicurio.registry.artifact-resolver-strategy]' were supplied but are not used yet.
2025-08-05 18:23:01,909 INFO  [org.apa.kaf.com.uti.AppInfoParser] (main) Kafka version: 3.9.1
2025-08-05 18:23:01,909 INFO  [org.apa.kaf.com.uti.AppInfoParser] (main) Kafka commitId: f745dfdcee2b9851
2025-08-05 18:23:01,909 INFO  [org.apa.kaf.com.uti.AppInfoParser] (main) Kafka startTimeMs: 1754418181909
**** Registry Base URL: http://registry-app-inmemory.apps.ci419.apicurio-testing.org:80
2025-08-05 18:23:01,910 INFO  [org.apa.kaf.cli.pro.ProducerConfig] (main) ProducerConfig values: 
	acks = -1
	auto.include.jmx.reporter = true
	batch.size = 16384
	bootstrap.servers = [PLAINTEXT://localhost:32769]
	buffer.memory = 33554432
	client.dns.lookup = use_all_dns_ips
	client.id = Producer-topic-fb5a8bef_ae26_4a7d_836a_dc6740934d79
	compression.gzip.level = -1
	compression.lz4.level = 9
	compression.type = none
	compression.zstd.level = 3
	connections.max.idle.ms = 10000
	delivery.timeout.ms = 120000
	enable.idempotence = true
	enable.metrics.push = true
	interceptor.classes = []
	key.serializer = class org.apache.kafka.common.serialization.StringSerializer
	linger.ms = 0
	max.block.ms = 60000
	max.in.flight.requests.per.connection = 5
	max.request.size = 1048576
	metadata.max.age.ms = 300000
	metadata.max.idle.ms = 300000
	metadata.recovery.strategy = none
	metric.reporters = []
	metrics.num.samples = 2
	metrics.recording.level = INFO
	metrics.sample.window.ms = 30000
	partitioner.adaptive.partitioning.enable = true
	partitioner.availability.timeout.ms = 0
	partitioner.class = null
	partitioner.ignore.keys = false
	receive.buffer.bytes = 32768
	reconnect.backoff.max.ms = 1000
	reconnect.backoff.ms = 50
	request.timeout.ms = 5000
	retries = 2147483647
	retry.backoff.max.ms = 1000
	retry.backoff.ms = 100
	sasl.client.callback.handler.class = null
	sasl.jaas.config = null
	sasl.kerberos.kinit.cmd = /usr/bin/kinit
	sasl.kerberos.min.time.before.relogin = 60000
	sasl.kerberos.service.name = null
	sasl.kerberos.ticket.renew.jitter = 0.05
	sasl.kerberos.ticket.renew.window.factor = 0.8
	sasl.login.callback.handler.class = null
	sasl.login.class = null
	sasl.login.connect.timeout.ms = null
	sasl.login.read.timeout.ms = null
	sasl.login.refresh.buffer.seconds = 300
	sasl.login.refresh.min.period.seconds = 60
	sasl.login.refresh.window.factor = 0.8
	sasl.login.refresh.window.jitter = 0.05
	sasl.login.retry.backoff.max.ms = 10000
	sasl.login.retry.backoff.ms = 100
	sasl.mechanism = GSSAPI
	sasl.oauthbearer.clock.skew.seconds = 30
	sasl.oauthbearer.expected.audience = null
	sasl.oauthbearer.expected.issuer = null
	sasl.oauthbearer.header.urlencode = false
	sasl.oauthbearer.jwks.endpoint.refresh.ms = 3600000
	sasl.oauthbearer.jwks.endpoint.retry.backoff.max.ms = 10000
	sasl.oauthbearer.jwks.endpoint.retry.backoff.ms = 100
	sasl.oauthbearer.jwks.endpoint.url = null
	sasl.oauthbearer.scope.claim.name = scope
	sasl.oauthbearer.sub.claim.name = sub
	sasl.oauthbearer.token.endpoint.url = null
	security.protocol = PLAINTEXT
	security.providers = null
	send.buffer.bytes = 131072
	socket.connection.setup.timeout.max.ms = 30000
	socket.connection.setup.timeout.ms = 10000
	ssl.cipher.suites = null
	ssl.enabled.protocols = [TLSv1.2, TLSv1.3]
	ssl.endpoint.identification.algorithm = https
	ssl.engine.factory.class = null
	ssl.key.password = null
	ssl.keymanager.algorithm = SunX509
	ssl.keystore.certificate.chain = null
	ssl.keystore.key = null
	ssl.keystore.location = null
	ssl.keystore.password = null
	ssl.keystore.type = JKS
	ssl.protocol = TLSv1.3
	ssl.provider = null
	ssl.secure.random.implementation = null
	ssl.trustmanager.algorithm = PKIX
	ssl.truststore.certificates = null
	ssl.truststore.location = null
	ssl.truststore.password = null
	ssl.truststore.type = JKS
	transaction.timeout.ms = 60000
	transactional.id = null
	value.serializer = class io.apicurio.registry.serde.avro.AvroKafkaSerializer

2025-08-05 18:23:01,910 INFO  [org.apa.kaf.com.tel.int.KafkaMetricsCollector] (main) initializing Kafka metrics collector
2025-08-05 18:23:01,913 INFO  [org.apa.kaf.cli.Metadata] (kafka-producer-network-thread | Producer-topic-a240aaf3_eaf9_4838_8fc7_72ea0985d04e) [Producer clientId=Producer-topic-a240aaf3_eaf9_4838_8fc7_72ea0985d04e] Cluster ID: PopyJKdlRzKjlQHMpYFwRA
2025-08-05 18:23:01,914 INFO  [org.apa.kaf.cli.pro.int.TransactionManager] (kafka-producer-network-thread | Producer-topic-a240aaf3_eaf9_4838_8fc7_72ea0985d04e) [Producer clientId=Producer-topic-a240aaf3_eaf9_4838_8fc7_72ea0985d04e] ProducerId set to 15 with epoch 0
2025-08-05 18:23:01,916 INFO  [org.apa.kaf.cli.pro.KafkaProducer] (main) [Producer clientId=Producer-topic-fb5a8bef_ae26_4a7d_836a_dc6740934d79] Instantiated an idempotent producer.
2025-08-05 18:23:01,917 INFO  [org.apa.kaf.cli.pro.ProducerConfig] (main) These configurations '[apicurio.registry.url, apicurio.registry.artifact-resolver-strategy]' were supplied but are not used yet.
2025-08-05 18:23:01,918 INFO  [org.apa.kaf.com.uti.AppInfoParser] (main) Kafka version: 3.9.1
2025-08-05 18:23:01,918 INFO  [org.apa.kaf.com.uti.AppInfoParser] (main) Kafka commitId: f745dfdcee2b9851
2025-08-05 18:23:01,918 INFO  [org.apa.kaf.com.uti.AppInfoParser] (main) Kafka startTimeMs: 1754418181918
**** Registry Base URL: http://registry-app-inmemory.apps.ci419.apicurio-testing.org:80
2025-08-05 18:23:01,918 INFO  [org.apa.kaf.cli.con.ConsumerConfig] (main) ConsumerConfig values: 
	allow.auto.create.topics = true
	auto.commit.interval.ms = 500
	auto.include.jmx.reporter = true
	auto.offset.reset = earliest
	bootstrap.servers = [PLAINTEXT://localhost:32769]
	check.crcs = true
	client.dns.lookup = use_all_dns_ips
	client.id = consumer-Consumer-topic-5838b7d2_826b_4f06_b96c_36cd376c1510-11
	client.rack = 
	connections.max.idle.ms = 10000
	default.api.timeout.ms = 60000
	enable.auto.commit = true
	enable.metrics.push = true
	exclude.internal.topics = true
	fetch.max.bytes = 52428800
	fetch.max.wait.ms = 500
	fetch.min.bytes = 1
	group.id = Consumer-topic-5838b7d2_826b_4f06_b96c_36cd376c1510
	group.instance.id = null
	group.protocol = classic
	group.remote.assignor = null
	heartbeat.interval.ms = 3000
	interceptor.classes = []
	internal.leave.group.on.close = true
	internal.throw.on.fetch.stable.offset.unsupported = false
	isolation.level = read_uncommitted
	key.deserializer = class org.apache.kafka.common.serialization.StringDeserializer
	max.partition.fetch.bytes = 1048576
	max.poll.interval.ms = 300000
	max.poll.records = 500
	metadata.max.age.ms = 300000
	metadata.recovery.strategy = none
	metric.reporters = []
	metrics.num.samples = 2
	metrics.recording.level = INFO
	metrics.sample.window.ms = 30000
	partition.assignment.strategy = [class org.apache.kafka.clients.consumer.RangeAssignor, class org.apache.kafka.clients.consumer.CooperativeStickyAssignor]
	receive.buffer.bytes = 65536
	reconnect.backoff.max.ms = 1000
	reconnect.backoff.ms = 50
	request.timeout.ms = 5000
	retry.backoff.max.ms = 1000
	retry.backoff.ms = 100
	sasl.client.callback.handler.class = null
	sasl.jaas.config = null
	sasl.kerberos.kinit.cmd = /usr/bin/kinit
	sasl.kerberos.min.time.before.relogin = 60000
	sasl.kerberos.service.name = null
	sasl.kerberos.ticket.renew.jitter = 0.05
	sasl.kerberos.ticket.renew.window.factor = 0.8
	sasl.login.callback.handler.class = null
	sasl.login.class = null
	sasl.login.connect.timeout.ms = null
	sasl.login.read.timeout.ms = null
	sasl.login.refresh.buffer.seconds = 300
	sasl.login.refresh.min.period.seconds = 60
	sasl.login.refresh.window.factor = 0.8
	sasl.login.refresh.window.jitter = 0.05
	sasl.login.retry.backoff.max.ms = 10000
	sasl.login.retry.backoff.ms = 100
	sasl.mechanism = GSSAPI
	sasl.oauthbearer.clock.skew.seconds = 30
	sasl.oauthbearer.expected.audience = null
	sasl.oauthbearer.expected.issuer = null
	sasl.oauthbearer.header.urlencode = false
	sasl.oauthbearer.jwks.endpoint.refresh.ms = 3600000
	sasl.oauthbearer.jwks.endpoint.retry.backoff.max.ms = 10000
	sasl.oauthbearer.jwks.endpoint.retry.backoff.ms = 100
	sasl.oauthbearer.jwks.endpoint.url = null
	sasl.oauthbearer.scope.claim.name = scope
	sasl.oauthbearer.sub.claim.name = sub
	sasl.oauthbearer.token.endpoint.url = null
	security.protocol = PLAINTEXT
	security.providers = null
	send.buffer.bytes = 131072
	session.timeout.ms = 45000
	socket.connection.setup.timeout.max.ms = 30000
	socket.connection.setup.timeout.ms = 10000
	ssl.cipher.suites = null
	ssl.enabled.protocols = [TLSv1.2, TLSv1.3]
	ssl.endpoint.identification.algorithm = https
	ssl.engine.factory.class = null
	ssl.key.password = null
	ssl.keymanager.algorithm = SunX509
	ssl.keystore.certificate.chain = null
	ssl.keystore.key = null
	ssl.keystore.location = null
	ssl.keystore.password = null
	ssl.keystore.type = JKS
	ssl.protocol = TLSv1.3
	ssl.provider = null
	ssl.secure.random.implementation = null
	ssl.trustmanager.algorithm = PKIX
	ssl.truststore.certificates = null
	ssl.truststore.location = null
	ssl.truststore.password = null
	ssl.truststore.type = JKS
	value.deserializer = class io.apicurio.registry.serde.avro.AvroKafkaDeserializer

2025-08-05 18:23:01,918 INFO  [org.apa.kaf.com.tel.int.KafkaMetricsCollector] (main) initializing Kafka metrics collector
2025-08-05 18:23:01,923 INFO  [org.apa.kaf.cli.Metadata] (kafka-producer-network-thread | Producer-topic-fb5a8bef_ae26_4a7d_836a_dc6740934d79) [Producer clientId=Producer-topic-fb5a8bef_ae26_4a7d_836a_dc6740934d79] Cluster ID: PopyJKdlRzKjlQHMpYFwRA
2025-08-05 18:23:01,923 INFO  [org.apa.kaf.cli.pro.int.TransactionManager] (kafka-producer-network-thread | Producer-topic-fb5a8bef_ae26_4a7d_836a_dc6740934d79) [Producer clientId=Producer-topic-fb5a8bef_ae26_4a7d_836a_dc6740934d79] ProducerId set to 16 with epoch 0
2025-08-05 18:23:01,926 INFO  [org.apa.kaf.cli.con.ConsumerConfig] (main) These configurations '[apicurio.registry.url]' were supplied but are not used yet.
2025-08-05 18:23:01,926 INFO  [org.apa.kaf.com.uti.AppInfoParser] (main) Kafka version: 3.9.1
2025-08-05 18:23:01,926 INFO  [org.apa.kaf.com.uti.AppInfoParser] (main) Kafka commitId: f745dfdcee2b9851
2025-08-05 18:23:01,926 INFO  [org.apa.kaf.com.uti.AppInfoParser] (main) Kafka startTimeMs: 1754418181926
**** Registry Base URL: http://registry-app-inmemory.apps.ci419.apicurio-testing.org:80
2025-08-05 18:23:01,927 INFO  [org.apa.kaf.cli.con.ConsumerConfig] (main) ConsumerConfig values: 
	allow.auto.create.topics = true
	auto.commit.interval.ms = 500
	auto.include.jmx.reporter = true
	auto.offset.reset = earliest
	bootstrap.servers = [PLAINTEXT://localhost:32769]
	check.crcs = true
	client.dns.lookup = use_all_dns_ips
	client.id = consumer-Consumer-topic-a240aaf3_eaf9_4838_8fc7_72ea0985d04e-12
	client.rack = 
	connections.max.idle.ms = 10000
	default.api.timeout.ms = 60000
	enable.auto.commit = true
	enable.metrics.push = true
	exclude.internal.topics = true
	fetch.max.bytes = 52428800
	fetch.max.wait.ms = 500
	fetch.min.bytes = 1
	group.id = Consumer-topic-a240aaf3_eaf9_4838_8fc7_72ea0985d04e
	group.instance.id = null
	group.protocol = classic
	group.remote.assignor = null
	heartbeat.interval.ms = 3000
	interceptor.classes = []
	internal.leave.group.on.close = true
	internal.throw.on.fetch.stable.offset.unsupported = false
	isolation.level = read_uncommitted
	key.deserializer = class org.apache.kafka.common.serialization.StringDeserializer
	max.partition.fetch.bytes = 1048576
	max.poll.interval.ms = 300000
	max.poll.records = 500
	metadata.max.age.ms = 300000
	metadata.recovery.strategy = none
	metric.reporters = []
	metrics.num.samples = 2
	metrics.recording.level = INFO
	metrics.sample.window.ms = 30000
	partition.assignment.strategy = [class org.apache.kafka.clients.consumer.RangeAssignor, class org.apache.kafka.clients.consumer.CooperativeStickyAssignor]
	receive.buffer.bytes = 65536
	reconnect.backoff.max.ms = 1000
	reconnect.backoff.ms = 50
	request.timeout.ms = 5000
	retry.backoff.max.ms = 1000
	retry.backoff.ms = 100
	sasl.client.callback.handler.class = null
	sasl.jaas.config = null
	sasl.kerberos.kinit.cmd = /usr/bin/kinit
	sasl.kerberos.min.time.before.relogin = 60000
	sasl.kerberos.service.name = null
	sasl.kerberos.ticket.renew.jitter = 0.05
	sasl.kerberos.ticket.renew.window.factor = 0.8
	sasl.login.callback.handler.class = null
	sasl.login.class = null
	sasl.login.connect.timeout.ms = null
	sasl.login.read.timeout.ms = null
	sasl.login.refresh.buffer.seconds = 300
	sasl.login.refresh.min.period.seconds = 60
	sasl.login.refresh.window.factor = 0.8
	sasl.login.refresh.window.jitter = 0.05
	sasl.login.retry.backoff.max.ms = 10000
	sasl.login.retry.backoff.ms = 100
	sasl.mechanism = GSSAPI
	sasl.oauthbearer.clock.skew.seconds = 30
	sasl.oauthbearer.expected.audience = null
	sasl.oauthbearer.expected.issuer = null
	sasl.oauthbearer.header.urlencode = false
	sasl.oauthbearer.jwks.endpoint.refresh.ms = 3600000
	sasl.oauthbearer.jwks.endpoint.retry.backoff.max.ms = 10000
	sasl.oauthbearer.jwks.endpoint.retry.backoff.ms = 100
	sasl.oauthbearer.jwks.endpoint.url = null
	sasl.oauthbearer.scope.claim.name = scope
	sasl.oauthbearer.sub.claim.name = sub
	sasl.oauthbearer.token.endpoint.url = null
	security.protocol = PLAINTEXT
	security.providers = null
	send.buffer.bytes = 131072
	session.timeout.ms = 45000
	socket.connection.setup.timeout.max.ms = 30000
	socket.connection.setup.timeout.ms = 10000
	ssl.cipher.suites = null
	ssl.enabled.protocols = [TLSv1.2, TLSv1.3]
	ssl.endpoint.identification.algorithm = https
	ssl.engine.factory.class = null
	ssl.key.password = null
	ssl.keymanager.algorithm = SunX509
	ssl.keystore.certificate.chain = null
	ssl.keystore.key = null
	ssl.keystore.location = null
	ssl.keystore.password = null
	ssl.keystore.type = JKS
	ssl.protocol = TLSv1.3
	ssl.provider = null
	ssl.secure.random.implementation = null
	ssl.trustmanager.algorithm = PKIX
	ssl.truststore.certificates = null
	ssl.truststore.location = null
	ssl.truststore.password = null
	ssl.truststore.type = JKS
	value.deserializer = class io.apicurio.registry.serde.avro.AvroKafkaDeserializer

2025-08-05 18:23:01,927 INFO  [org.apa.kaf.com.tel.int.KafkaMetricsCollector] (main) initializing Kafka metrics collector
2025-08-05 18:23:01,931 INFO  [org.apa.kaf.cli.con.ConsumerConfig] (main) These configurations '[apicurio.registry.url]' were supplied but are not used yet.
2025-08-05 18:23:01,931 INFO  [org.apa.kaf.com.uti.AppInfoParser] (main) Kafka version: 3.9.1
2025-08-05 18:23:01,931 INFO  [org.apa.kaf.com.uti.AppInfoParser] (main) Kafka commitId: f745dfdcee2b9851
2025-08-05 18:23:01,931 INFO  [org.apa.kaf.com.uti.AppInfoParser] (main) Kafka startTimeMs: 1754418181931
**** Registry Base URL: http://registry-app-inmemory.apps.ci419.apicurio-testing.org:80
2025-08-05 18:23:01,931 INFO  [org.apa.kaf.cli.con.ConsumerConfig] (main) ConsumerConfig values: 
	allow.auto.create.topics = true
	auto.commit.interval.ms = 500
	auto.include.jmx.reporter = true
	auto.offset.reset = earliest
	bootstrap.servers = [PLAINTEXT://localhost:32769]
	check.crcs = true
	client.dns.lookup = use_all_dns_ips
	client.id = consumer-Consumer-topic-fb5a8bef_ae26_4a7d_836a_dc6740934d79-13
	client.rack = 
	connections.max.idle.ms = 10000
	default.api.timeout.ms = 60000
	enable.auto.commit = true
	enable.metrics.push = true
	exclude.internal.topics = true
	fetch.max.bytes = 52428800
	fetch.max.wait.ms = 500
	fetch.min.bytes = 1
	group.id = Consumer-topic-fb5a8bef_ae26_4a7d_836a_dc6740934d79
	group.instance.id = null
	group.protocol = classic
	group.remote.assignor = null
	heartbeat.interval.ms = 3000
	interceptor.classes = []
	internal.leave.group.on.close = true
	internal.throw.on.fetch.stable.offset.unsupported = false
	isolation.level = read_uncommitted
	key.deserializer = class org.apache.kafka.common.serialization.StringDeserializer
	max.partition.fetch.bytes = 1048576
	max.poll.interval.ms = 300000
	max.poll.records = 500
	metadata.max.age.ms = 300000
	metadata.recovery.strategy = none
	metric.reporters = []
	metrics.num.samples = 2
	metrics.recording.level = INFO
	metrics.sample.window.ms = 30000
	partition.assignment.strategy = [class org.apache.kafka.clients.consumer.RangeAssignor, class org.apache.kafka.clients.consumer.CooperativeStickyAssignor]
	receive.buffer.bytes = 65536
	reconnect.backoff.max.ms = 1000
	reconnect.backoff.ms = 50
	request.timeout.ms = 5000
	retry.backoff.max.ms = 1000
	retry.backoff.ms = 100
	sasl.client.callback.handler.class = null
	sasl.jaas.config = null
	sasl.kerberos.kinit.cmd = /usr/bin/kinit
	sasl.kerberos.min.time.before.relogin = 60000
	sasl.kerberos.service.name = null
	sasl.kerberos.ticket.renew.jitter = 0.05
	sasl.kerberos.ticket.renew.window.factor = 0.8
	sasl.login.callback.handler.class = null
	sasl.login.class = null
	sasl.login.connect.timeout.ms = null
	sasl.login.read.timeout.ms = null
	sasl.login.refresh.buffer.seconds = 300
	sasl.login.refresh.min.period.seconds = 60
	sasl.login.refresh.window.factor = 0.8
	sasl.login.refresh.window.jitter = 0.05
	sasl.login.retry.backoff.max.ms = 10000
	sasl.login.retry.backoff.ms = 100
	sasl.mechanism = GSSAPI
	sasl.oauthbearer.clock.skew.seconds = 30
	sasl.oauthbearer.expected.audience = null
	sasl.oauthbearer.expected.issuer = null
	sasl.oauthbearer.header.urlencode = false
	sasl.oauthbearer.jwks.endpoint.refresh.ms = 3600000
	sasl.oauthbearer.jwks.endpoint.retry.backoff.max.ms = 10000
	sasl.oauthbearer.jwks.endpoint.retry.backoff.ms = 100
	sasl.oauthbearer.jwks.endpoint.url = null
	sasl.oauthbearer.scope.claim.name = scope
	sasl.oauthbearer.sub.claim.name = sub
	sasl.oauthbearer.token.endpoint.url = null
	security.protocol = PLAINTEXT
	security.providers = null
	send.buffer.bytes = 131072
	session.timeout.ms = 45000
	socket.connection.setup.timeout.max.ms = 30000
	socket.connection.setup.timeout.ms = 10000
	ssl.cipher.suites = null
	ssl.enabled.protocols = [TLSv1.2, TLSv1.3]
	ssl.endpoint.identification.algorithm = https
	ssl.engine.factory.class = null
	ssl.key.password = null
	ssl.keymanager.algorithm = SunX509
	ssl.keystore.certificate.chain = null
	ssl.keystore.key = null
	ssl.keystore.location = null
	ssl.keystore.password = null
	ssl.keystore.type = JKS
	ssl.protocol = TLSv1.3
	ssl.provider = null
	ssl.secure.random.implementation = null
	ssl.trustmanager.algorithm = PKIX
	ssl.truststore.certificates = null
	ssl.truststore.location = null
	ssl.truststore.password = null
	ssl.truststore.type = JKS
	value.deserializer = class io.apicurio.registry.serde.avro.AvroKafkaDeserializer

2025-08-05 18:23:01,931 INFO  [org.apa.kaf.com.tel.int.KafkaMetricsCollector] (main) initializing Kafka metrics collector
2025-08-05 18:23:01,935 INFO  [org.apa.kaf.cli.con.ConsumerConfig] (main) These configurations '[apicurio.registry.url]' were supplied but are not used yet.
2025-08-05 18:23:01,935 INFO  [org.apa.kaf.com.uti.AppInfoParser] (main) Kafka version: 3.9.1
2025-08-05 18:23:01,935 INFO  [org.apa.kaf.com.uti.AppInfoParser] (main) Kafka commitId: f745dfdcee2b9851
2025-08-05 18:23:01,935 INFO  [org.apa.kaf.com.uti.AppInfoParser] (main) Kafka startTimeMs: 1754418181935
2025-08-05 18:23:01,936 INFO  [io.api.tes.ser.api.KafkaSerdesTester] (Thread-682) Sending message {"key11754418180724": "value-0"} to topic topic-5838b7d2_826b_4f06_b96c_36cd376c1510
2025-08-05 18:23:01,940 INFO  [DefaultSchemaResolver] (Thread-682) Retrieving schema content using string: {"type":"record","name":"myrecordconfluent","fields":[{"name":"key11754418180724","type":"string"}]}
2025-08-05 18:23:02,100 INFO  [io.api.tes.ser.api.KafkaSerdesTester] (Thread-682) Sending message {"key11754418180724": "value-1"} to topic topic-5838b7d2_826b_4f06_b96c_36cd376c1510
2025-08-05 18:23:02,103 INFO  [io.api.tes.ser.api.KafkaSerdesTester] (Thread-682) Sending message {"key11754418180724": "value-2"} to topic topic-5838b7d2_826b_4f06_b96c_36cd376c1510
2025-08-05 18:23:02,104 INFO  [io.api.tes.ser.api.KafkaSerdesTester] (Thread-682) Sending message {"key11754418180724": "value-3"} to topic topic-5838b7d2_826b_4f06_b96c_36cd376c1510
2025-08-05 18:23:02,107 INFO  [io.api.tes.ser.api.KafkaSerdesTester] (Thread-682) Sending message {"key11754418180724": "value-4"} to topic topic-5838b7d2_826b_4f06_b96c_36cd376c1510
2025-08-05 18:23:02,109 INFO  [io.api.tes.ser.api.KafkaSerdesTester] (Thread-682) Sending message {"key11754418180724": "value-5"} to topic topic-5838b7d2_826b_4f06_b96c_36cd376c1510
2025-08-05 18:23:02,111 INFO  [io.api.tes.ser.api.KafkaSerdesTester] (Thread-682) Sending message {"key11754418180724": "value-6"} to topic topic-5838b7d2_826b_4f06_b96c_36cd376c1510
2025-08-05 18:23:02,112 INFO  [io.api.tes.ser.api.KafkaSerdesTester] (Thread-682) Sending message {"key11754418180724": "value-7"} to topic topic-5838b7d2_826b_4f06_b96c_36cd376c1510
2025-08-05 18:23:02,114 INFO  [io.api.tes.ser.api.KafkaSerdesTester] (Thread-682) Sending message {"key11754418180724": "value-8"} to topic topic-5838b7d2_826b_4f06_b96c_36cd376c1510
2025-08-05 18:23:02,116 INFO  [io.api.tes.ser.api.KafkaSerdesTester] (Thread-682) Sending message {"key11754418180724": "value-9"} to topic topic-5838b7d2_826b_4f06_b96c_36cd376c1510
2025-08-05 18:23:02,118 INFO  [io.api.tes.ser.api.KafkaSerdesTester] (Thread-682) Produced 10 messages
2025-08-05 18:23:02,118 INFO  [org.apa.kaf.cli.pro.KafkaProducer] (Thread-682) [Producer clientId=Producer-topic-5838b7d2_826b_4f06_b96c_36cd376c1510] Closing the Kafka producer with timeoutMillis = 9223372036854775807 ms.
2025-08-05 18:23:02,129 INFO  [org.apa.kaf.com.met.Metrics] (Thread-682) Metrics scheduler closed
2025-08-05 18:23:02,129 INFO  [org.apa.kaf.com.met.Metrics] (Thread-682) Closing reporter org.apache.kafka.common.metrics.JmxReporter
2025-08-05 18:23:02,129 INFO  [org.apa.kaf.com.met.Metrics] (Thread-682) Closing reporter org.apache.kafka.common.telemetry.internals.ClientTelemetryReporter
2025-08-05 18:23:02,129 INFO  [org.apa.kaf.com.met.Metrics] (Thread-682) Metrics reporters closed
2025-08-05 18:23:02,129 INFO  [org.apa.kaf.com.uti.AppInfoParser] (Thread-682) App info kafka.producer for Producer-topic-5838b7d2_826b_4f06_b96c_36cd376c1510 unregistered
2025-08-05 18:23:02,131 INFO  [io.api.tes.ser.api.KafkaSerdesTester] (Thread-683) Sending message {"key11754418180724": "value-0"} to topic topic-a240aaf3_eaf9_4838_8fc7_72ea0985d04e
2025-08-05 18:23:02,139 INFO  [DefaultSchemaResolver] (Thread-683) Retrieving schema content using string: {"type":"record","name":"myrecordconfluent","fields":[{"name":"key11754418180724","type":"string"}]}
2025-08-05 18:23:02,290 INFO  [io.api.tes.ser.api.KafkaSerdesTester] (Thread-683) Sending message {"key11754418180724": "value-1"} to topic topic-a240aaf3_eaf9_4838_8fc7_72ea0985d04e
2025-08-05 18:23:02,295 INFO  [io.api.tes.ser.api.KafkaSerdesTester] (Thread-683) Sending message {"key11754418180724": "value-2"} to topic topic-a240aaf3_eaf9_4838_8fc7_72ea0985d04e
2025-08-05 18:23:02,297 INFO  [io.api.tes.ser.api.KafkaSerdesTester] (Thread-683) Sending message {"key11754418180724": "value-3"} to topic topic-a240aaf3_eaf9_4838_8fc7_72ea0985d04e
2025-08-05 18:23:02,300 INFO  [io.api.tes.ser.api.KafkaSerdesTester] (Thread-683) Sending message {"key11754418180724": "value-4"} to topic topic-a240aaf3_eaf9_4838_8fc7_72ea0985d04e
2025-08-05 18:23:02,302 INFO  [io.api.tes.ser.api.KafkaSerdesTester] (Thread-683) Sending message {"key11754418180724": "value-5"} to topic topic-a240aaf3_eaf9_4838_8fc7_72ea0985d04e
2025-08-05 18:23:02,303 INFO  [io.api.tes.ser.api.KafkaSerdesTester] (Thread-683) Sending message {"key11754418180724": "value-6"} to topic topic-a240aaf3_eaf9_4838_8fc7_72ea0985d04e
2025-08-05 18:23:02,305 INFO  [io.api.tes.ser.api.KafkaSerdesTester] (Thread-683) Sending message {"key11754418180724": "value-7"} to topic topic-a240aaf3_eaf9_4838_8fc7_72ea0985d04e
2025-08-05 18:23:02,309 INFO  [io.api.tes.ser.api.KafkaSerdesTester] (Thread-683) Sending message {"key11754418180724": "value-8"} to topic topic-a240aaf3_eaf9_4838_8fc7_72ea0985d04e
2025-08-05 18:23:02,310 INFO  [io.api.tes.ser.api.KafkaSerdesTester] (Thread-683) Sending message {"key11754418180724": "value-9"} to topic topic-a240aaf3_eaf9_4838_8fc7_72ea0985d04e
2025-08-05 18:23:02,312 INFO  [io.api.tes.ser.api.KafkaSerdesTester] (Thread-683) Produced 10 messages
2025-08-05 18:23:02,312 INFO  [org.apa.kaf.cli.pro.KafkaProducer] (Thread-683) [Producer clientId=Producer-topic-a240aaf3_eaf9_4838_8fc7_72ea0985d04e] Closing the Kafka producer with timeoutMillis = 9223372036854775807 ms.
2025-08-05 18:23:02,313 INFO  [org.apa.kaf.com.met.Metrics] (Thread-683) Metrics scheduler closed
2025-08-05 18:23:02,313 INFO  [org.apa.kaf.com.met.Metrics] (Thread-683) Closing reporter org.apache.kafka.common.metrics.JmxReporter
2025-08-05 18:23:02,313 INFO  [org.apa.kaf.com.met.Metrics] (Thread-683) Closing reporter org.apache.kafka.common.telemetry.internals.ClientTelemetryReporter
2025-08-05 18:23:02,313 INFO  [org.apa.kaf.com.met.Metrics] (Thread-683) Metrics reporters closed
2025-08-05 18:23:02,314 INFO  [org.apa.kaf.com.uti.AppInfoParser] (Thread-683) App info kafka.producer for Producer-topic-a240aaf3_eaf9_4838_8fc7_72ea0985d04e unregistered
2025-08-05 18:23:02,314 INFO  [io.api.tes.ser.api.KafkaSerdesTester] (Thread-684) Sending message {"key11754418180724": "value-0"} to topic topic-fb5a8bef_ae26_4a7d_836a_dc6740934d79
2025-08-05 18:23:02,321 INFO  [DefaultSchemaResolver] (Thread-684) Retrieving schema content using string: {"type":"record","name":"myrecordconfluent","fields":[{"name":"key11754418180724","type":"string"}]}
2025-08-05 18:23:02,476 INFO  [io.api.tes.ser.api.KafkaSerdesTester] (Thread-684) Sending message {"key11754418180724": "value-1"} to topic topic-fb5a8bef_ae26_4a7d_836a_dc6740934d79
2025-08-05 18:23:02,477 INFO  [io.api.tes.ser.api.KafkaSerdesTester] (Thread-684) Sending message {"key11754418180724": "value-2"} to topic topic-fb5a8bef_ae26_4a7d_836a_dc6740934d79
2025-08-05 18:23:02,479 INFO  [io.api.tes.ser.api.KafkaSerdesTester] (Thread-684) Sending message {"key11754418180724": "value-3"} to topic topic-fb5a8bef_ae26_4a7d_836a_dc6740934d79
2025-08-05 18:23:02,481 INFO  [io.api.tes.ser.api.KafkaSerdesTester] (Thread-684) Sending message {"key11754418180724": "value-4"} to topic topic-fb5a8bef_ae26_4a7d_836a_dc6740934d79
2025-08-05 18:23:02,483 INFO  [io.api.tes.ser.api.KafkaSerdesTester] (Thread-684) Sending message {"key11754418180724": "value-5"} to topic topic-fb5a8bef_ae26_4a7d_836a_dc6740934d79
2025-08-05 18:23:02,485 INFO  [io.api.tes.ser.api.KafkaSerdesTester] (Thread-684) Sending message {"key11754418180724": "value-6"} to topic topic-fb5a8bef_ae26_4a7d_836a_dc6740934d79
2025-08-05 18:23:02,493 INFO  [io.api.tes.ser.api.KafkaSerdesTester] (Thread-684) Sending message {"key11754418180724": "value-7"} to topic topic-fb5a8bef_ae26_4a7d_836a_dc6740934d79
2025-08-05 18:23:02,500 INFO  [io.api.tes.ser.api.KafkaSerdesTester] (Thread-684) Sending message {"key11754418180724": "value-8"} to topic topic-fb5a8bef_ae26_4a7d_836a_dc6740934d79
2025-08-05 18:23:02,502 INFO  [io.api.tes.ser.api.KafkaSerdesTester] (Thread-684) Sending message {"key11754418180724": "value-9"} to topic topic-fb5a8bef_ae26_4a7d_836a_dc6740934d79
2025-08-05 18:23:02,510 INFO  [io.api.tes.ser.api.KafkaSerdesTester] (Thread-684) Produced 10 messages
2025-08-05 18:23:02,510 INFO  [org.apa.kaf.cli.pro.KafkaProducer] (Thread-684) [Producer clientId=Producer-topic-fb5a8bef_ae26_4a7d_836a_dc6740934d79] Closing the Kafka producer with timeoutMillis = 9223372036854775807 ms.
2025-08-05 18:23:02,512 INFO  [org.apa.kaf.com.met.Metrics] (Thread-684) Metrics scheduler closed
2025-08-05 18:23:02,512 INFO  [org.apa.kaf.com.met.Metrics] (Thread-684) Closing reporter org.apache.kafka.common.metrics.JmxReporter
2025-08-05 18:23:02,512 INFO  [org.apa.kaf.com.met.Metrics] (Thread-684) Closing reporter org.apache.kafka.common.telemetry.internals.ClientTelemetryReporter
2025-08-05 18:23:02,512 INFO  [org.apa.kaf.com.met.Metrics] (Thread-684) Metrics reporters closed
2025-08-05 18:23:02,512 INFO  [org.apa.kaf.com.uti.AppInfoParser] (Thread-684) App info kafka.producer for Producer-topic-fb5a8bef_ae26_4a7d_836a_dc6740934d79 unregistered
2025-08-05 18:23:02,514 INFO  [org.apa.kaf.cli.con.int.ClassicKafkaConsumer] (Thread-685) [Consumer clientId=consumer-Consumer-topic-5838b7d2_826b_4f06_b96c_36cd376c1510-11, groupId=Consumer-topic-5838b7d2_826b_4f06_b96c_36cd376c1510] Subscribed to topic(s): topic-5838b7d2_826b_4f06_b96c_36cd376c1510
2025-08-05 18:23:02,520 INFO  [org.apa.kaf.cli.Metadata] (Thread-685) [Consumer clientId=consumer-Consumer-topic-5838b7d2_826b_4f06_b96c_36cd376c1510-11, groupId=Consumer-topic-5838b7d2_826b_4f06_b96c_36cd376c1510] Cluster ID: PopyJKdlRzKjlQHMpYFwRA
2025-08-05 18:23:02,522 INFO  [org.apa.kaf.cli.con.int.ConsumerCoordinator] (Thread-685) [Consumer clientId=consumer-Consumer-topic-5838b7d2_826b_4f06_b96c_36cd376c1510-11, groupId=Consumer-topic-5838b7d2_826b_4f06_b96c_36cd376c1510] Discovered group coordinator localhost:32769 (id: 2147483647 rack: null)
2025-08-05 18:23:02,526 INFO  [org.apa.kaf.cli.con.int.ConsumerCoordinator] (Thread-685) [Consumer clientId=consumer-Consumer-topic-5838b7d2_826b_4f06_b96c_36cd376c1510-11, groupId=Consumer-topic-5838b7d2_826b_4f06_b96c_36cd376c1510] (Re-)joining group
2025-08-05 18:23:02,531 INFO  [org.apa.kaf.cli.con.int.ConsumerCoordinator] (Thread-685) [Consumer clientId=consumer-Consumer-topic-5838b7d2_826b_4f06_b96c_36cd376c1510-11, groupId=Consumer-topic-5838b7d2_826b_4f06_b96c_36cd376c1510] Request joining group due to: need to re-join with the given member-id: consumer-Consumer-topic-5838b7d2_826b_4f06_b96c_36cd376c1510-11-2976b04e-0160-4e9b-a875-601cf099d576
2025-08-05 18:23:02,531 INFO  [org.apa.kaf.cli.con.int.ConsumerCoordinator] (Thread-685) [Consumer clientId=consumer-Consumer-topic-5838b7d2_826b_4f06_b96c_36cd376c1510-11, groupId=Consumer-topic-5838b7d2_826b_4f06_b96c_36cd376c1510] (Re-)joining group
2025-08-05 18:23:03,514 INFO  [io.api.tes.ser.api.KafkaSerdesTester] (Thread-685) None found
2025-08-05 18:23:04,515 INFO  [io.api.tes.ser.api.KafkaSerdesTester] (Thread-685) None found
2025-08-05 18:23:05,515 INFO  [io.api.tes.ser.api.KafkaSerdesTester] (Thread-685) None found
2025-08-05 18:23:05,533 INFO  [org.apa.kaf.cli.con.int.ConsumerCoordinator] (Thread-685) [Consumer clientId=consumer-Consumer-topic-5838b7d2_826b_4f06_b96c_36cd376c1510-11, groupId=Consumer-topic-5838b7d2_826b_4f06_b96c_36cd376c1510] Successfully joined group with generation Generation{generationId=1, memberId='consumer-Consumer-topic-5838b7d2_826b_4f06_b96c_36cd376c1510-11-2976b04e-0160-4e9b-a875-601cf099d576', protocol='range'}
2025-08-05 18:23:05,534 INFO  [org.apa.kaf.cli.con.int.ConsumerCoordinator] (Thread-685) [Consumer clientId=consumer-Consumer-topic-5838b7d2_826b_4f06_b96c_36cd376c1510-11, groupId=Consumer-topic-5838b7d2_826b_4f06_b96c_36cd376c1510] Finished assignment for group at generation 1: {consumer-Consumer-topic-5838b7d2_826b_4f06_b96c_36cd376c1510-11-2976b04e-0160-4e9b-a875-601cf099d576=Assignment(partitions=[topic-5838b7d2_826b_4f06_b96c_36cd376c1510-0])}
2025-08-05 18:23:05,540 INFO  [org.apa.kaf.cli.con.int.ConsumerCoordinator] (Thread-685) [Consumer clientId=consumer-Consumer-topic-5838b7d2_826b_4f06_b96c_36cd376c1510-11, groupId=Consumer-topic-5838b7d2_826b_4f06_b96c_36cd376c1510] Successfully synced group in generation Generation{generationId=1, memberId='consumer-Consumer-topic-5838b7d2_826b_4f06_b96c_36cd376c1510-11-2976b04e-0160-4e9b-a875-601cf099d576', protocol='range'}
2025-08-05 18:23:05,540 INFO  [org.apa.kaf.cli.con.int.ConsumerCoordinator] (Thread-685) [Consumer clientId=consumer-Consumer-topic-5838b7d2_826b_4f06_b96c_36cd376c1510-11, groupId=Consumer-topic-5838b7d2_826b_4f06_b96c_36cd376c1510] Notifying assignor about the new Assignment(partitions=[topic-5838b7d2_826b_4f06_b96c_36cd376c1510-0])
2025-08-05 18:23:05,540 INFO  [org.apa.kaf.cli.con.int.ConsumerRebalanceListenerInvoker] (Thread-685) [Consumer clientId=consumer-Consumer-topic-5838b7d2_826b_4f06_b96c_36cd376c1510-11, groupId=Consumer-topic-5838b7d2_826b_4f06_b96c_36cd376c1510] Adding newly assigned partitions: topic-5838b7d2_826b_4f06_b96c_36cd376c1510-0
2025-08-05 18:23:05,541 INFO  [org.apa.kaf.cli.con.int.ConsumerCoordinator] (Thread-685) [Consumer clientId=consumer-Consumer-topic-5838b7d2_826b_4f06_b96c_36cd376c1510-11, groupId=Consumer-topic-5838b7d2_826b_4f06_b96c_36cd376c1510] Found no committed offset for partition topic-5838b7d2_826b_4f06_b96c_36cd376c1510-0
2025-08-05 18:23:05,542 INFO  [org.apa.kaf.cli.con.int.SubscriptionState] (Thread-685) [Consumer clientId=consumer-Consumer-topic-5838b7d2_826b_4f06_b96c_36cd376c1510-11, groupId=Consumer-topic-5838b7d2_826b_4f06_b96c_36cd376c1510] Resetting offset for partition topic-5838b7d2_826b_4f06_b96c_36cd376c1510-0 to position FetchPosition{offset=0, offsetEpoch=Optional.empty, currentLeader=LeaderAndEpoch{leader=Optional[localhost:32769 (id: 0 rack: null)], epoch=0}}.
2025-08-05 18:23:05,782 INFO  [io.api.tes.ser.api.KafkaSerdesTester] (Thread-685) topic-5838b7d2_826b_4f06_b96c_36cd376c1510 0 0 {"key11754418180724": "value-0"}
2025-08-05 18:23:05,782 INFO  [io.api.tes.ser.api.KafkaSerdesTester] (Thread-685) topic-5838b7d2_826b_4f06_b96c_36cd376c1510 0 1 {"key11754418180724": "value-1"}
2025-08-05 18:23:05,782 INFO  [io.api.tes.ser.api.KafkaSerdesTester] (Thread-685) topic-5838b7d2_826b_4f06_b96c_36cd376c1510 0 2 {"key11754418180724": "value-2"}
2025-08-05 18:23:05,782 INFO  [io.api.tes.ser.api.KafkaSerdesTester] (Thread-685) topic-5838b7d2_826b_4f06_b96c_36cd376c1510 0 3 {"key11754418180724": "value-3"}
2025-08-05 18:23:05,782 INFO  [io.api.tes.ser.api.KafkaSerdesTester] (Thread-685) topic-5838b7d2_826b_4f06_b96c_36cd376c1510 0 4 {"key11754418180724": "value-4"}
2025-08-05 18:23:05,782 INFO  [io.api.tes.ser.api.KafkaSerdesTester] (Thread-685) topic-5838b7d2_826b_4f06_b96c_36cd376c1510 0 5 {"key11754418180724": "value-5"}
2025-08-05 18:23:05,782 INFO  [io.api.tes.ser.api.KafkaSerdesTester] (Thread-685) topic-5838b7d2_826b_4f06_b96c_36cd376c1510 0 6 {"key11754418180724": "value-6"}
2025-08-05 18:23:05,782 INFO  [io.api.tes.ser.api.KafkaSerdesTester] (Thread-685) topic-5838b7d2_826b_4f06_b96c_36cd376c1510 0 7 {"key11754418180724": "value-7"}
2025-08-05 18:23:05,782 INFO  [io.api.tes.ser.api.KafkaSerdesTester] (Thread-685) topic-5838b7d2_826b_4f06_b96c_36cd376c1510 0 8 {"key11754418180724": "value-8"}
2025-08-05 18:23:05,782 INFO  [io.api.tes.ser.api.KafkaSerdesTester] (Thread-685) topic-5838b7d2_826b_4f06_b96c_36cd376c1510 0 9 {"key11754418180724": "value-9"}
2025-08-05 18:23:05,782 INFO  [io.api.tes.ser.api.KafkaSerdesTester] (Thread-685) Consumed 10 messages
2025-08-05 18:23:05,790 INFO  [org.apa.kaf.cli.con.int.ConsumerRebalanceListenerInvoker] (Thread-685) [Consumer clientId=consumer-Consumer-topic-5838b7d2_826b_4f06_b96c_36cd376c1510-11, groupId=Consumer-topic-5838b7d2_826b_4f06_b96c_36cd376c1510] Revoke previously assigned partitions topic-5838b7d2_826b_4f06_b96c_36cd376c1510-0
2025-08-05 18:23:05,790 INFO  [org.apa.kaf.cli.con.int.ConsumerCoordinator] (Thread-685) [Consumer clientId=consumer-Consumer-topic-5838b7d2_826b_4f06_b96c_36cd376c1510-11, groupId=Consumer-topic-5838b7d2_826b_4f06_b96c_36cd376c1510] Member consumer-Consumer-topic-5838b7d2_826b_4f06_b96c_36cd376c1510-11-2976b04e-0160-4e9b-a875-601cf099d576 sending LeaveGroup request to coordinator localhost:32769 (id: 2147483647 rack: null) due to the consumer is being closed
2025-08-05 18:23:05,790 INFO  [org.apa.kaf.cli.con.int.ConsumerCoordinator] (Thread-685) [Consumer clientId=consumer-Consumer-topic-5838b7d2_826b_4f06_b96c_36cd376c1510-11, groupId=Consumer-topic-5838b7d2_826b_4f06_b96c_36cd376c1510] Resetting generation and member id due to: consumer pro-actively leaving the group
2025-08-05 18:23:05,790 INFO  [org.apa.kaf.cli.con.int.ConsumerCoordinator] (Thread-685) [Consumer clientId=consumer-Consumer-topic-5838b7d2_826b_4f06_b96c_36cd376c1510-11, groupId=Consumer-topic-5838b7d2_826b_4f06_b96c_36cd376c1510] Request joining group due to: consumer pro-actively leaving the group
2025-08-05 18:23:06,284 INFO  [org.apa.kaf.com.met.Metrics] (Thread-685) Metrics scheduler closed
2025-08-05 18:23:06,284 INFO  [org.apa.kaf.com.met.Metrics] (Thread-685) Closing reporter org.apache.kafka.common.metrics.JmxReporter
2025-08-05 18:23:06,284 INFO  [org.apa.kaf.com.met.Metrics] (Thread-685) Closing reporter org.apache.kafka.common.telemetry.internals.ClientTelemetryReporter
2025-08-05 18:23:06,284 INFO  [org.apa.kaf.com.met.Metrics] (Thread-685) Metrics reporters closed
2025-08-05 18:23:06,287 INFO  [org.apa.kaf.com.uti.AppInfoParser] (Thread-685) App info kafka.consumer for consumer-Consumer-topic-5838b7d2_826b_4f06_b96c_36cd376c1510-11 unregistered
2025-08-05 18:23:06,289 INFO  [org.apa.kaf.cli.con.int.ClassicKafkaConsumer] (Thread-686) [Consumer clientId=consumer-Consumer-topic-a240aaf3_eaf9_4838_8fc7_72ea0985d04e-12, groupId=Consumer-topic-a240aaf3_eaf9_4838_8fc7_72ea0985d04e] Subscribed to topic(s): topic-a240aaf3_eaf9_4838_8fc7_72ea0985d04e
2025-08-05 18:23:06,294 INFO  [org.apa.kaf.cli.Metadata] (Thread-686) [Consumer clientId=consumer-Consumer-topic-a240aaf3_eaf9_4838_8fc7_72ea0985d04e-12, groupId=Consumer-topic-a240aaf3_eaf9_4838_8fc7_72ea0985d04e] Cluster ID: PopyJKdlRzKjlQHMpYFwRA
2025-08-05 18:23:06,294 INFO  [org.apa.kaf.cli.con.int.ConsumerCoordinator] (Thread-686) [Consumer clientId=consumer-Consumer-topic-a240aaf3_eaf9_4838_8fc7_72ea0985d04e-12, groupId=Consumer-topic-a240aaf3_eaf9_4838_8fc7_72ea0985d04e] Discovered group coordinator localhost:32769 (id: 2147483647 rack: null)
2025-08-05 18:23:06,297 INFO  [org.apa.kaf.cli.con.int.ConsumerCoordinator] (Thread-686) [Consumer clientId=consumer-Consumer-topic-a240aaf3_eaf9_4838_8fc7_72ea0985d04e-12, groupId=Consumer-topic-a240aaf3_eaf9_4838_8fc7_72ea0985d04e] (Re-)joining group
2025-08-05 18:23:06,302 INFO  [org.apa.kaf.cli.con.int.ConsumerCoordinator] (Thread-686) [Consumer clientId=consumer-Consumer-topic-a240aaf3_eaf9_4838_8fc7_72ea0985d04e-12, groupId=Consumer-topic-a240aaf3_eaf9_4838_8fc7_72ea0985d04e] Request joining group due to: need to re-join with the given member-id: consumer-Consumer-topic-a240aaf3_eaf9_4838_8fc7_72ea0985d04e-12-a0a1df1c-290b-4372-81ac-1b9907b1265a
2025-08-05 18:23:06,302 INFO  [org.apa.kaf.cli.con.int.ConsumerCoordinator] (Thread-686) [Consumer clientId=consumer-Consumer-topic-a240aaf3_eaf9_4838_8fc7_72ea0985d04e-12, groupId=Consumer-topic-a240aaf3_eaf9_4838_8fc7_72ea0985d04e] (Re-)joining group
2025-08-05 18:23:07,289 INFO  [io.api.tes.ser.api.KafkaSerdesTester] (Thread-686) None found
2025-08-05 18:23:08,289 INFO  [io.api.tes.ser.api.KafkaSerdesTester] (Thread-686) None found
2025-08-05 18:23:09,289 INFO  [io.api.tes.ser.api.KafkaSerdesTester] (Thread-686) None found
2025-08-05 18:23:09,305 INFO  [org.apa.kaf.cli.con.int.ConsumerCoordinator] (Thread-686) [Consumer clientId=consumer-Consumer-topic-a240aaf3_eaf9_4838_8fc7_72ea0985d04e-12, groupId=Consumer-topic-a240aaf3_eaf9_4838_8fc7_72ea0985d04e] Successfully joined group with generation Generation{generationId=1, memberId='consumer-Consumer-topic-a240aaf3_eaf9_4838_8fc7_72ea0985d04e-12-a0a1df1c-290b-4372-81ac-1b9907b1265a', protocol='range'}
2025-08-05 18:23:09,305 INFO  [org.apa.kaf.cli.con.int.ConsumerCoordinator] (Thread-686) [Consumer clientId=consumer-Consumer-topic-a240aaf3_eaf9_4838_8fc7_72ea0985d04e-12, groupId=Consumer-topic-a240aaf3_eaf9_4838_8fc7_72ea0985d04e] Finished assignment for group at generation 1: {consumer-Consumer-topic-a240aaf3_eaf9_4838_8fc7_72ea0985d04e-12-a0a1df1c-290b-4372-81ac-1b9907b1265a=Assignment(partitions=[topic-a240aaf3_eaf9_4838_8fc7_72ea0985d04e-0])}
2025-08-05 18:23:09,312 INFO  [org.apa.kaf.cli.con.int.ConsumerCoordinator] (Thread-686) [Consumer clientId=consumer-Consumer-topic-a240aaf3_eaf9_4838_8fc7_72ea0985d04e-12, groupId=Consumer-topic-a240aaf3_eaf9_4838_8fc7_72ea0985d04e] Successfully synced group in generation Generation{generationId=1, memberId='consumer-Consumer-topic-a240aaf3_eaf9_4838_8fc7_72ea0985d04e-12-a0a1df1c-290b-4372-81ac-1b9907b1265a', protocol='range'}
2025-08-05 18:23:09,312 INFO  [org.apa.kaf.cli.con.int.ConsumerCoordinator] (Thread-686) [Consumer clientId=consumer-Consumer-topic-a240aaf3_eaf9_4838_8fc7_72ea0985d04e-12, groupId=Consumer-topic-a240aaf3_eaf9_4838_8fc7_72ea0985d04e] Notifying assignor about the new Assignment(partitions=[topic-a240aaf3_eaf9_4838_8fc7_72ea0985d04e-0])
2025-08-05 18:23:09,312 INFO  [org.apa.kaf.cli.con.int.ConsumerRebalanceListenerInvoker] (Thread-686) [Consumer clientId=consumer-Consumer-topic-a240aaf3_eaf9_4838_8fc7_72ea0985d04e-12, groupId=Consumer-topic-a240aaf3_eaf9_4838_8fc7_72ea0985d04e] Adding newly assigned partitions: topic-a240aaf3_eaf9_4838_8fc7_72ea0985d04e-0
2025-08-05 18:23:09,313 INFO  [org.apa.kaf.cli.con.int.ConsumerCoordinator] (Thread-686) [Consumer clientId=consumer-Consumer-topic-a240aaf3_eaf9_4838_8fc7_72ea0985d04e-12, groupId=Consumer-topic-a240aaf3_eaf9_4838_8fc7_72ea0985d04e] Found no committed offset for partition topic-a240aaf3_eaf9_4838_8fc7_72ea0985d04e-0
2025-08-05 18:23:09,317 INFO  [org.apa.kaf.cli.con.int.SubscriptionState] (Thread-686) [Consumer clientId=consumer-Consumer-topic-a240aaf3_eaf9_4838_8fc7_72ea0985d04e-12, groupId=Consumer-topic-a240aaf3_eaf9_4838_8fc7_72ea0985d04e] Resetting offset for partition topic-a240aaf3_eaf9_4838_8fc7_72ea0985d04e-0 to position FetchPosition{offset=0, offsetEpoch=Optional.empty, currentLeader=LeaderAndEpoch{leader=Optional[localhost:32769 (id: 0 rack: null)], epoch=0}}.
2025-08-05 18:23:09,540 INFO  [io.api.tes.ser.api.KafkaSerdesTester] (Thread-686) topic-a240aaf3_eaf9_4838_8fc7_72ea0985d04e 0 0 {"key11754418180724": "value-0"}
2025-08-05 18:23:09,540 INFO  [io.api.tes.ser.api.KafkaSerdesTester] (Thread-686) topic-a240aaf3_eaf9_4838_8fc7_72ea0985d04e 0 1 {"key11754418180724": "value-1"}
2025-08-05 18:23:09,540 INFO  [io.api.tes.ser.api.KafkaSerdesTester] (Thread-686) topic-a240aaf3_eaf9_4838_8fc7_72ea0985d04e 0 2 {"key11754418180724": "value-2"}
2025-08-05 18:23:09,540 INFO  [io.api.tes.ser.api.KafkaSerdesTester] (Thread-686) topic-a240aaf3_eaf9_4838_8fc7_72ea0985d04e 0 3 {"key11754418180724": "value-3"}
2025-08-05 18:23:09,540 INFO  [io.api.tes.ser.api.KafkaSerdesTester] (Thread-686) topic-a240aaf3_eaf9_4838_8fc7_72ea0985d04e 0 4 {"key11754418180724": "value-4"}
2025-08-05 18:23:09,540 INFO  [io.api.tes.ser.api.KafkaSerdesTester] (Thread-686) topic-a240aaf3_eaf9_4838_8fc7_72ea0985d04e 0 5 {"key11754418180724": "value-5"}
2025-08-05 18:23:09,540 INFO  [io.api.tes.ser.api.KafkaSerdesTester] (Thread-686) topic-a240aaf3_eaf9_4838_8fc7_72ea0985d04e 0 6 {"key11754418180724": "value-6"}
2025-08-05 18:23:09,540 INFO  [io.api.tes.ser.api.KafkaSerdesTester] (Thread-686) topic-a240aaf3_eaf9_4838_8fc7_72ea0985d04e 0 7 {"key11754418180724": "value-7"}
2025-08-05 18:23:09,540 INFO  [io.api.tes.ser.api.KafkaSerdesTester] (Thread-686) topic-a240aaf3_eaf9_4838_8fc7_72ea0985d04e 0 8 {"key11754418180724": "value-8"}
2025-08-05 18:23:09,540 INFO  [io.api.tes.ser.api.KafkaSerdesTester] (Thread-686) topic-a240aaf3_eaf9_4838_8fc7_72ea0985d04e 0 9 {"key11754418180724": "value-9"}
2025-08-05 18:23:09,540 INFO  [io.api.tes.ser.api.KafkaSerdesTester] (Thread-686) Consumed 10 messages
2025-08-05 18:23:09,548 INFO  [org.apa.kaf.cli.con.int.ConsumerRebalanceListenerInvoker] (Thread-686) [Consumer clientId=consumer-Consumer-topic-a240aaf3_eaf9_4838_8fc7_72ea0985d04e-12, groupId=Consumer-topic-a240aaf3_eaf9_4838_8fc7_72ea0985d04e] Revoke previously assigned partitions topic-a240aaf3_eaf9_4838_8fc7_72ea0985d04e-0
2025-08-05 18:23:09,548 INFO  [org.apa.kaf.cli.con.int.ConsumerCoordinator] (Thread-686) [Consumer clientId=consumer-Consumer-topic-a240aaf3_eaf9_4838_8fc7_72ea0985d04e-12, groupId=Consumer-topic-a240aaf3_eaf9_4838_8fc7_72ea0985d04e] Member consumer-Consumer-topic-a240aaf3_eaf9_4838_8fc7_72ea0985d04e-12-a0a1df1c-290b-4372-81ac-1b9907b1265a sending LeaveGroup request to coordinator localhost:32769 (id: 2147483647 rack: null) due to the consumer is being closed
2025-08-05 18:23:09,548 INFO  [org.apa.kaf.cli.con.int.ConsumerCoordinator] (Thread-686) [Consumer clientId=consumer-Consumer-topic-a240aaf3_eaf9_4838_8fc7_72ea0985d04e-12, groupId=Consumer-topic-a240aaf3_eaf9_4838_8fc7_72ea0985d04e] Resetting generation and member id due to: consumer pro-actively leaving the group
2025-08-05 18:23:09,548 INFO  [org.apa.kaf.cli.con.int.ConsumerCoordinator] (Thread-686) [Consumer clientId=consumer-Consumer-topic-a240aaf3_eaf9_4838_8fc7_72ea0985d04e-12, groupId=Consumer-topic-a240aaf3_eaf9_4838_8fc7_72ea0985d04e] Request joining group due to: consumer pro-actively leaving the group
2025-08-05 18:23:10,043 INFO  [org.apa.kaf.com.met.Metrics] (Thread-686) Metrics scheduler closed
2025-08-05 18:23:10,043 INFO  [org.apa.kaf.com.met.Metrics] (Thread-686) Closing reporter org.apache.kafka.common.metrics.JmxReporter
2025-08-05 18:23:10,043 INFO  [org.apa.kaf.com.met.Metrics] (Thread-686) Closing reporter org.apache.kafka.common.telemetry.internals.ClientTelemetryReporter
2025-08-05 18:23:10,043 INFO  [org.apa.kaf.com.met.Metrics] (Thread-686) Metrics reporters closed
2025-08-05 18:23:10,046 INFO  [org.apa.kaf.com.uti.AppInfoParser] (Thread-686) App info kafka.consumer for consumer-Consumer-topic-a240aaf3_eaf9_4838_8fc7_72ea0985d04e-12 unregistered
2025-08-05 18:23:10,047 INFO  [org.apa.kaf.cli.con.int.ClassicKafkaConsumer] (Thread-687) [Consumer clientId=consumer-Consumer-topic-fb5a8bef_ae26_4a7d_836a_dc6740934d79-13, groupId=Consumer-topic-fb5a8bef_ae26_4a7d_836a_dc6740934d79] Subscribed to topic(s): topic-fb5a8bef_ae26_4a7d_836a_dc6740934d79
2025-08-05 18:23:10,053 INFO  [org.apa.kaf.cli.Metadata] (Thread-687) [Consumer clientId=consumer-Consumer-topic-fb5a8bef_ae26_4a7d_836a_dc6740934d79-13, groupId=Consumer-topic-fb5a8bef_ae26_4a7d_836a_dc6740934d79] Cluster ID: PopyJKdlRzKjlQHMpYFwRA
2025-08-05 18:23:10,055 INFO  [org.apa.kaf.cli.con.int.ConsumerCoordinator] (Thread-687) [Consumer clientId=consumer-Consumer-topic-fb5a8bef_ae26_4a7d_836a_dc6740934d79-13, groupId=Consumer-topic-fb5a8bef_ae26_4a7d_836a_dc6740934d79] Discovered group coordinator localhost:32769 (id: 2147483647 rack: null)
2025-08-05 18:23:10,057 INFO  [org.apa.kaf.cli.con.int.ConsumerCoordinator] (Thread-687) [Consumer clientId=consumer-Consumer-topic-fb5a8bef_ae26_4a7d_836a_dc6740934d79-13, groupId=Consumer-topic-fb5a8bef_ae26_4a7d_836a_dc6740934d79] (Re-)joining group
2025-08-05 18:23:10,061 INFO  [org.apa.kaf.cli.con.int.ConsumerCoordinator] (Thread-687) [Consumer clientId=consumer-Consumer-topic-fb5a8bef_ae26_4a7d_836a_dc6740934d79-13, groupId=Consumer-topic-fb5a8bef_ae26_4a7d_836a_dc6740934d79] Request joining group due to: need to re-join with the given member-id: consumer-Consumer-topic-fb5a8bef_ae26_4a7d_836a_dc6740934d79-13-3f14acfb-0705-48ce-b3e5-9dfcd48eccc4
2025-08-05 18:23:10,061 INFO  [org.apa.kaf.cli.con.int.ConsumerCoordinator] (Thread-687) [Consumer clientId=consumer-Consumer-topic-fb5a8bef_ae26_4a7d_836a_dc6740934d79-13, groupId=Consumer-topic-fb5a8bef_ae26_4a7d_836a_dc6740934d79] (Re-)joining group
2025-08-05 18:23:11,047 INFO  [io.api.tes.ser.api.KafkaSerdesTester] (Thread-687) None found
2025-08-05 18:23:12,048 INFO  [io.api.tes.ser.api.KafkaSerdesTester] (Thread-687) None found
2025-08-05 18:23:13,048 INFO  [io.api.tes.ser.api.KafkaSerdesTester] (Thread-687) None found
2025-08-05 18:23:13,063 INFO  [org.apa.kaf.cli.con.int.ConsumerCoordinator] (Thread-687) [Consumer clientId=consumer-Consumer-topic-fb5a8bef_ae26_4a7d_836a_dc6740934d79-13, groupId=Consumer-topic-fb5a8bef_ae26_4a7d_836a_dc6740934d79] Successfully joined group with generation Generation{generationId=1, memberId='consumer-Consumer-topic-fb5a8bef_ae26_4a7d_836a_dc6740934d79-13-3f14acfb-0705-48ce-b3e5-9dfcd48eccc4', protocol='range'}
2025-08-05 18:23:13,063 INFO  [org.apa.kaf.cli.con.int.ConsumerCoordinator] (Thread-687) [Consumer clientId=consumer-Consumer-topic-fb5a8bef_ae26_4a7d_836a_dc6740934d79-13, groupId=Consumer-topic-fb5a8bef_ae26_4a7d_836a_dc6740934d79] Finished assignment for group at generation 1: {consumer-Consumer-topic-fb5a8bef_ae26_4a7d_836a_dc6740934d79-13-3f14acfb-0705-48ce-b3e5-9dfcd48eccc4=Assignment(partitions=[topic-fb5a8bef_ae26_4a7d_836a_dc6740934d79-0])}
2025-08-05 18:23:13,069 INFO  [org.apa.kaf.cli.con.int.ConsumerCoordinator] (Thread-687) [Consumer clientId=consumer-Consumer-topic-fb5a8bef_ae26_4a7d_836a_dc6740934d79-13, groupId=Consumer-topic-fb5a8bef_ae26_4a7d_836a_dc6740934d79] Successfully synced group in generation Generation{generationId=1, memberId='consumer-Consumer-topic-fb5a8bef_ae26_4a7d_836a_dc6740934d79-13-3f14acfb-0705-48ce-b3e5-9dfcd48eccc4', protocol='range'}
2025-08-05 18:23:13,069 INFO  [org.apa.kaf.cli.con.int.ConsumerCoordinator] (Thread-687) [Consumer clientId=consumer-Consumer-topic-fb5a8bef_ae26_4a7d_836a_dc6740934d79-13, groupId=Consumer-topic-fb5a8bef_ae26_4a7d_836a_dc6740934d79] Notifying assignor about the new Assignment(partitions=[topic-fb5a8bef_ae26_4a7d_836a_dc6740934d79-0])
2025-08-05 18:23:13,069 INFO  [org.apa.kaf.cli.con.int.ConsumerRebalanceListenerInvoker] (Thread-687) [Consumer clientId=consumer-Consumer-topic-fb5a8bef_ae26_4a7d_836a_dc6740934d79-13, groupId=Consumer-topic-fb5a8bef_ae26_4a7d_836a_dc6740934d79] Adding newly assigned partitions: topic-fb5a8bef_ae26_4a7d_836a_dc6740934d79-0
2025-08-05 18:23:13,070 INFO  [org.apa.kaf.cli.con.int.ConsumerCoordinator] (Thread-687) [Consumer clientId=consumer-Consumer-topic-fb5a8bef_ae26_4a7d_836a_dc6740934d79-13, groupId=Consumer-topic-fb5a8bef_ae26_4a7d_836a_dc6740934d79] Found no committed offset for partition topic-fb5a8bef_ae26_4a7d_836a_dc6740934d79-0
2025-08-05 18:23:13,071 INFO  [org.apa.kaf.cli.con.int.SubscriptionState] (Thread-687) [Consumer clientId=consumer-Consumer-topic-fb5a8bef_ae26_4a7d_836a_dc6740934d79-13, groupId=Consumer-topic-fb5a8bef_ae26_4a7d_836a_dc6740934d79] Resetting offset for partition topic-fb5a8bef_ae26_4a7d_836a_dc6740934d79-0 to position FetchPosition{offset=0, offsetEpoch=Optional.empty, currentLeader=LeaderAndEpoch{leader=Optional[localhost:32769 (id: 0 rack: null)], epoch=0}}.
2025-08-05 18:23:13,301 INFO  [io.api.tes.ser.api.KafkaSerdesTester] (Thread-687) topic-fb5a8bef_ae26_4a7d_836a_dc6740934d79 0 0 {"key11754418180724": "value-0"}
2025-08-05 18:23:13,301 INFO  [io.api.tes.ser.api.KafkaSerdesTester] (Thread-687) topic-fb5a8bef_ae26_4a7d_836a_dc6740934d79 0 1 {"key11754418180724": "value-1"}
2025-08-05 18:23:13,301 INFO  [io.api.tes.ser.api.KafkaSerdesTester] (Thread-687) topic-fb5a8bef_ae26_4a7d_836a_dc6740934d79 0 2 {"key11754418180724": "value-2"}
2025-08-05 18:23:13,301 INFO  [io.api.tes.ser.api.KafkaSerdesTester] (Thread-687) topic-fb5a8bef_ae26_4a7d_836a_dc6740934d79 0 3 {"key11754418180724": "value-3"}
2025-08-05 18:23:13,301 INFO  [io.api.tes.ser.api.KafkaSerdesTester] (Thread-687) topic-fb5a8bef_ae26_4a7d_836a_dc6740934d79 0 4 {"key11754418180724": "value-4"}
2025-08-05 18:23:13,301 INFO  [io.api.tes.ser.api.KafkaSerdesTester] (Thread-687) topic-fb5a8bef_ae26_4a7d_836a_dc6740934d79 0 5 {"key11754418180724": "value-5"}
2025-08-05 18:23:13,302 INFO  [io.api.tes.ser.api.KafkaSerdesTester] (Thread-687) topic-fb5a8bef_ae26_4a7d_836a_dc6740934d79 0 6 {"key11754418180724": "value-6"}
2025-08-05 18:23:13,302 INFO  [io.api.tes.ser.api.KafkaSerdesTester] (Thread-687) topic-fb5a8bef_ae26_4a7d_836a_dc6740934d79 0 7 {"key11754418180724": "value-7"}
2025-08-05 18:23:13,302 INFO  [io.api.tes.ser.api.KafkaSerdesTester] (Thread-687) topic-fb5a8bef_ae26_4a7d_836a_dc6740934d79 0 8 {"key11754418180724": "value-8"}
2025-08-05 18:23:13,302 INFO  [io.api.tes.ser.api.KafkaSerdesTester] (Thread-687) topic-fb5a8bef_ae26_4a7d_836a_dc6740934d79 0 9 {"key11754418180724": "value-9"}
2025-08-05 18:23:13,302 INFO  [io.api.tes.ser.api.KafkaSerdesTester] (Thread-687) Consumed 10 messages
2025-08-05 18:23:13,309 INFO  [org.apa.kaf.cli.con.int.ConsumerRebalanceListenerInvoker] (Thread-687) [Consumer clientId=consumer-Consumer-topic-fb5a8bef_ae26_4a7d_836a_dc6740934d79-13, groupId=Consumer-topic-fb5a8bef_ae26_4a7d_836a_dc6740934d79] Revoke previously assigned partitions topic-fb5a8bef_ae26_4a7d_836a_dc6740934d79-0
2025-08-05 18:23:13,309 INFO  [org.apa.kaf.cli.con.int.ConsumerCoordinator] (Thread-687) [Consumer clientId=consumer-Consumer-topic-fb5a8bef_ae26_4a7d_836a_dc6740934d79-13, groupId=Consumer-topic-fb5a8bef_ae26_4a7d_836a_dc6740934d79] Member consumer-Consumer-topic-fb5a8bef_ae26_4a7d_836a_dc6740934d79-13-3f14acfb-0705-48ce-b3e5-9dfcd48eccc4 sending LeaveGroup request to coordinator localhost:32769 (id: 2147483647 rack: null) due to the consumer is being closed
2025-08-05 18:23:13,310 INFO  [org.apa.kaf.cli.con.int.ConsumerCoordinator] (Thread-687) [Consumer clientId=consumer-Consumer-topic-fb5a8bef_ae26_4a7d_836a_dc6740934d79-13, groupId=Consumer-topic-fb5a8bef_ae26_4a7d_836a_dc6740934d79] Resetting generation and member id due to: consumer pro-actively leaving the group
2025-08-05 18:23:13,310 INFO  [org.apa.kaf.cli.con.int.ConsumerCoordinator] (Thread-687) [Consumer clientId=consumer-Consumer-topic-fb5a8bef_ae26_4a7d_836a_dc6740934d79-13, groupId=Consumer-topic-fb5a8bef_ae26_4a7d_836a_dc6740934d79] Request joining group due to: consumer pro-actively leaving the group
2025-08-05 18:23:13,806 INFO  [org.apa.kaf.com.met.Metrics] (Thread-687) Metrics scheduler closed
2025-08-05 18:23:13,806 INFO  [org.apa.kaf.com.met.Metrics] (Thread-687) Closing reporter org.apache.kafka.common.metrics.JmxReporter
2025-08-05 18:23:13,806 INFO  [org.apa.kaf.com.met.Metrics] (Thread-687) Closing reporter org.apache.kafka.common.telemetry.internals.ClientTelemetryReporter
2025-08-05 18:23:13,806 INFO  [org.apa.kaf.com.met.Metrics] (Thread-687) Metrics reporters closed
2025-08-05 18:23:13,808 INFO  [org.apa.kaf.com.uti.AppInfoParser] (Thread-687) App info kafka.consumer for consumer-Consumer-topic-fb5a8bef_ae26_4a7d_836a_dc6740934d79-13 unregistered
2025-08-05 18:23:13,808 INFO  [io.api.tes.uti.TestSeparator] (main) io.apicurio.tests.serdes.apicurio.AvroSerdeIT.testAvroConfluentForMultipleTopics-FINISHED
2025-08-05 18:23:13,808 INFO  [io.api.tes.uti.TestSeparator] (main) ############################################################################
Test passed: testAvroConfluentForMultipleTopics
]]></system-out>
  </testcase>
  <testcase name="testFirstRequestFailsRateLimited" classname="io.apicurio.tests.serdes.apicurio.AvroSerdeIT" time="0.949">
    <system-out><![CDATA[2025-08-05 18:23:13,813 INFO  [io.api.tes.uti.TestSeparator] (main) ############################################################################
2025-08-05 18:23:13,813 INFO  [io.api.tes.uti.TestSeparator] (main) io.apicurio.tests.serdes.apicurio.AvroSerdeIT.testFirstRequestFailsRateLimited-STARTED
2025-08-05 18:23:14,246 WARN  [org.ecl.jet.ser.AbstractConnector] (main) Acceptors should be <= availableProcessors: NetworkTrafficServerConnector@1613e5ab{HTTP/1.1, (http/1.1, h2c)}{0.0.0.0:0} 
2025-08-05 18:23:14,359 INFO  [org.ecl.jet.ser.Server] (main) jetty-11.0.15; built: 2023-04-11T18:37:53.775Z; git: 5bc5e562c8d05c5862505aebe5cf83a61bdbcb96; jvm 17.0.16+8
2025-08-05 18:23:14,383 INFO  [org.ecl.jet.ser.han.ContextHandler] (main) Started o.e.j.s.ServletContextHandler@7de752dd{/__admin,null,AVAILABLE}
2025-08-05 18:23:14,391 INFO  [org.ecl.jet.ser.han.Con.ROOT] (main) RequestHandlerClass from context returned com.github.tomakehurst.wiremock.http.StubRequestHandler. Normalized mapped under returned 'null'
2025-08-05 18:23:14,391 INFO  [org.ecl.jet.ser.han.ContextHandler] (main) Started o.e.j.s.ServletContextHandler@326471ab{/,null,AVAILABLE}
2025-08-05 18:23:14,398 INFO  [org.ecl.jet.ser.AbstractConnector] (main) Started NetworkTrafficServerConnector@1613e5ab{HTTP/1.1, (http/1.1, h2c)}{0.0.0.0:36317}
2025-08-05 18:23:14,400 INFO  [org.ecl.jet.ser.Server] (main) Started Server@7c5024c1{STARTING}[11.0.15,sto=1000] @99485ms
**** Registry Base URL: http://registry-app-inmemory.apps.ci419.apicurio-testing.org:80
2025-08-05 18:23:14,419 INFO  [org.apa.kaf.cli.pro.ProducerConfig] (main) ProducerConfig values: 
	acks = -1
	auto.include.jmx.reporter = true
	batch.size = 16384
	bootstrap.servers = [PLAINTEXT://localhost:32769]
	buffer.memory = 33554432
	client.dns.lookup = use_all_dns_ips
	client.id = Producer-topic-42ed810e_dcc0_4b43_9e85_15a033d296c2
	compression.gzip.level = -1
	compression.lz4.level = 9
	compression.type = none
	compression.zstd.level = 3
	connections.max.idle.ms = 10000
	delivery.timeout.ms = 120000
	enable.idempotence = true
	enable.metrics.push = true
	interceptor.classes = []
	key.serializer = class org.apache.kafka.common.serialization.StringSerializer
	linger.ms = 0
	max.block.ms = 60000
	max.in.flight.requests.per.connection = 5
	max.request.size = 1048576
	metadata.max.age.ms = 300000
	metadata.max.idle.ms = 300000
	metadata.recovery.strategy = none
	metric.reporters = []
	metrics.num.samples = 2
	metrics.recording.level = INFO
	metrics.sample.window.ms = 30000
	partitioner.adaptive.partitioning.enable = true
	partitioner.availability.timeout.ms = 0
	partitioner.class = null
	partitioner.ignore.keys = false
	receive.buffer.bytes = 32768
	reconnect.backoff.max.ms = 1000
	reconnect.backoff.ms = 50
	request.timeout.ms = 5000
	retries = 2147483647
	retry.backoff.max.ms = 1000
	retry.backoff.ms = 100
	sasl.client.callback.handler.class = null
	sasl.jaas.config = null
	sasl.kerberos.kinit.cmd = /usr/bin/kinit
	sasl.kerberos.min.time.before.relogin = 60000
	sasl.kerberos.service.name = null
	sasl.kerberos.ticket.renew.jitter = 0.05
	sasl.kerberos.ticket.renew.window.factor = 0.8
	sasl.login.callback.handler.class = null
	sasl.login.class = null
	sasl.login.connect.timeout.ms = null
	sasl.login.read.timeout.ms = null
	sasl.login.refresh.buffer.seconds = 300
	sasl.login.refresh.min.period.seconds = 60
	sasl.login.refresh.window.factor = 0.8
	sasl.login.refresh.window.jitter = 0.05
	sasl.login.retry.backoff.max.ms = 10000
	sasl.login.retry.backoff.ms = 100
	sasl.mechanism = GSSAPI
	sasl.oauthbearer.clock.skew.seconds = 30
	sasl.oauthbearer.expected.audience = null
	sasl.oauthbearer.expected.issuer = null
	sasl.oauthbearer.header.urlencode = false
	sasl.oauthbearer.jwks.endpoint.refresh.ms = 3600000
	sasl.oauthbearer.jwks.endpoint.retry.backoff.max.ms = 10000
	sasl.oauthbearer.jwks.endpoint.retry.backoff.ms = 100
	sasl.oauthbearer.jwks.endpoint.url = null
	sasl.oauthbearer.scope.claim.name = scope
	sasl.oauthbearer.sub.claim.name = sub
	sasl.oauthbearer.token.endpoint.url = null
	security.protocol = PLAINTEXT
	security.providers = null
	send.buffer.bytes = 131072
	socket.connection.setup.timeout.max.ms = 30000
	socket.connection.setup.timeout.ms = 10000
	ssl.cipher.suites = null
	ssl.enabled.protocols = [TLSv1.2, TLSv1.3]
	ssl.endpoint.identification.algorithm = https
	ssl.engine.factory.class = null
	ssl.key.password = null
	ssl.keymanager.algorithm = SunX509
	ssl.keystore.certificate.chain = null
	ssl.keystore.key = null
	ssl.keystore.location = null
	ssl.keystore.password = null
	ssl.keystore.type = JKS
	ssl.protocol = TLSv1.3
	ssl.provider = null
	ssl.secure.random.implementation = null
	ssl.trustmanager.algorithm = PKIX
	ssl.truststore.certificates = null
	ssl.truststore.location = null
	ssl.truststore.password = null
	ssl.truststore.type = JKS
	transaction.timeout.ms = 60000
	transactional.id = null
	value.serializer = class io.apicurio.registry.serde.avro.AvroKafkaSerializer

2025-08-05 18:23:14,420 INFO  [org.apa.kaf.com.tel.int.KafkaMetricsCollector] (main) initializing Kafka metrics collector
2025-08-05 18:23:14,424 INFO  [org.apa.kaf.cli.pro.KafkaProducer] (main) [Producer clientId=Producer-topic-42ed810e_dcc0_4b43_9e85_15a033d296c2] Instantiated an idempotent producer.
2025-08-05 18:23:14,427 INFO  [org.apa.kaf.cli.pro.ProducerConfig] (main) These configurations '[apicurio.registry.url, apicurio.registry.artifact-resolver-strategy]' were supplied but are not used yet.
2025-08-05 18:23:14,427 INFO  [org.apa.kaf.com.uti.AppInfoParser] (main) Kafka version: 3.9.1
2025-08-05 18:23:14,427 INFO  [org.apa.kaf.com.uti.AppInfoParser] (main) Kafka commitId: f745dfdcee2b9851
2025-08-05 18:23:14,427 INFO  [org.apa.kaf.com.uti.AppInfoParser] (main) Kafka startTimeMs: 1754418194427
2025-08-05 18:23:14,429 INFO  [io.api.tes.ser.api.KafkaSerdesTester] (Thread-698) Sending message {"keyB": "value-0"} to topic topic-42ed810e_dcc0_4b43_9e85_15a033d296c2
2025-08-05 18:23:14,441 WARN  [org.apa.kaf.cli.NetworkClient] (kafka-producer-network-thread | Producer-topic-42ed810e_dcc0_4b43_9e85_15a033d296c2) [Producer clientId=Producer-topic-42ed810e_dcc0_4b43_9e85_15a033d296c2] The metadata response from the cluster reported a recoverable issue with correlation id 1 : {topic-42ed810e_dcc0_4b43_9e85_15a033d296c2=UNKNOWN_TOPIC_OR_PARTITION}
2025-08-05 18:23:14,441 INFO  [org.apa.kaf.cli.Metadata] (kafka-producer-network-thread | Producer-topic-42ed810e_dcc0_4b43_9e85_15a033d296c2) [Producer clientId=Producer-topic-42ed810e_dcc0_4b43_9e85_15a033d296c2] Cluster ID: PopyJKdlRzKjlQHMpYFwRA
2025-08-05 18:23:14,442 INFO  [org.apa.kaf.cli.pro.int.TransactionManager] (kafka-producer-network-thread | Producer-topic-42ed810e_dcc0_4b43_9e85_15a033d296c2) [Producer clientId=Producer-topic-42ed810e_dcc0_4b43_9e85_15a033d296c2] ProducerId set to 17 with epoch 0
2025-08-05 18:23:14,554 INFO  [DefaultSchemaResolver] (Thread-698) Retrieving schema content using string: {"type":"record","name":"myrecord","namespace":"mygroup","fields":[{"name":"keyB","type":"string"}]}
2025-08-05 18:23:14,742 INFO  [org.apa.kaf.cli.pro.KafkaProducer] (Thread-698) [Producer clientId=Producer-topic-42ed810e_dcc0_4b43_9e85_15a033d296c2] Closing the Kafka producer with timeoutMillis = 9223372036854775807 ms.
2025-08-05 18:23:14,745 INFO  [org.apa.kaf.com.met.Metrics] (Thread-698) Metrics scheduler closed
2025-08-05 18:23:14,745 INFO  [org.apa.kaf.com.met.Metrics] (Thread-698) Closing reporter org.apache.kafka.common.metrics.JmxReporter
2025-08-05 18:23:14,745 INFO  [org.apa.kaf.com.met.Metrics] (Thread-698) Closing reporter org.apache.kafka.common.telemetry.internals.ClientTelemetryReporter
2025-08-05 18:23:14,745 INFO  [org.apa.kaf.com.met.Metrics] (Thread-698) Metrics reporters closed
2025-08-05 18:23:14,748 INFO  [org.apa.kaf.com.uti.AppInfoParser] (Thread-698) App info kafka.producer for Producer-topic-42ed810e_dcc0_4b43_9e85_15a033d296c2 unregistered
2025-08-05 18:23:14,749 INFO  [org.ecl.jet.ser.Server] (main) Stopped Server@7c5024c1{STOPPING}[11.0.15,sto=1000]
2025-08-05 18:23:14,749 INFO  [org.ecl.jet.ser.Server] (main) Shutdown Server@7c5024c1{STOPPING}[11.0.15,sto=1000]
2025-08-05 18:23:14,755 INFO  [org.ecl.jet.ser.AbstractConnector] (main) Stopped NetworkTrafficServerConnector@1613e5ab{HTTP/1.1, (http/1.1, h2c)}{0.0.0.0:0}
2025-08-05 18:23:14,756 INFO  [org.ecl.jet.ser.han.ContextHandler] (main) Stopped o.e.j.s.ServletContextHandler@326471ab{/,null,STOPPED}
2025-08-05 18:23:14,756 INFO  [org.ecl.jet.ser.han.ContextHandler] (main) Stopped o.e.j.s.ServletContextHandler@7de752dd{/__admin,null,STOPPED}
2025-08-05 18:23:14,758 INFO  [io.api.tes.uti.TestSeparator] (main) io.apicurio.tests.serdes.apicurio.AvroSerdeIT.testFirstRequestFailsRateLimited-FINISHED
2025-08-05 18:23:14,759 INFO  [io.api.tes.uti.TestSeparator] (main) ############################################################################
Test passed: testFirstRequestFailsRateLimited
]]></system-out>
    <system-err><![CDATA[com.microsoft.kiota.ApiException: the server returned an unexpected status code and no error class is registered for this code 429
	at com.microsoft.kiota.ApiExceptionBuilder.withMessage(ApiExceptionBuilder.java:45)
	at io.kiota.http.vertx.VertXRequestAdapter.throwIfFailedResponse(VertXRequestAdapter.java:370)
	at io.kiota.http.vertx.VertXRequestAdapter.send(VertXRequestAdapter.java:170)
	at io.apicurio.registry.rest.client.search.versions.VersionsRequestBuilder.post(VersionsRequestBuilder.java:94)
	at io.apicurio.registry.resolver.client.RegistryClientFacadeImpl.searchVersionsByContent(RegistryClientFacadeImpl.java:106)
	at io.apicurio.registry.resolver.DefaultSchemaResolver.lambda$handleResolveSchemaByContent$3(DefaultSchemaResolver.java:258)
	at io.apicurio.registry.resolver.cache.ERCache.lambda$getValue$0(ERCache.java:174)
	at io.apicurio.registry.resolver.cache.ERCache.retry(ERCache.java:227)
	at io.apicurio.registry.resolver.cache.ERCache.getValue(ERCache.java:173)
	at io.apicurio.registry.resolver.cache.ERCache.getByContent(ERCache.java:147)
	at io.apicurio.registry.resolver.DefaultSchemaResolver.handleResolveSchemaByContent(DefaultSchemaResolver.java:253)
	at io.apicurio.registry.resolver.DefaultSchemaResolver.getSchemaFromRegistry(DefaultSchemaResolver.java:138)
	at io.apicurio.registry.resolver.DefaultSchemaResolver.lambda$resolveSchema$0(DefaultSchemaResolver.java:84)
	at java.base/java.util.Optional.orElseGet(Optional.java:364)
	at io.apicurio.registry.resolver.DefaultSchemaResolver.resolveSchema(DefaultSchemaResolver.java:84)
	at io.apicurio.registry.serde.AbstractSerializer.serializeData(AbstractSerializer.java:62)
	at io.apicurio.registry.serde.KafkaSerializer.serialize(KafkaSerializer.java:77)
	at org.apache.kafka.clients.producer.KafkaProducer.doSend(KafkaProducer.java:1046)
	at org.apache.kafka.clients.producer.KafkaProducer.send(KafkaProducer.java:993)
	at org.apache.kafka.clients.producer.KafkaProducer.send(KafkaProducer.java:875)
	at io.apicurio.tests.serdes.apicurio.KafkaSerdesTester.lambda$produceMessages$3(KafkaSerdesTester.java:138)
	at java.base/java.util.concurrent.CompletableFuture$AsyncSupply.run(CompletableFuture.java:1768)
	at java.base/java.lang.Thread.run(Thread.java:840)
]]></system-err>
  </testcase>
  <testcase name="testFirstEmptyFieldConfusedAsMagicByte" classname="io.apicurio.tests.serdes.apicurio.AvroSerdeIT" time="4.229">
    <system-out><![CDATA[2025-08-05 18:23:14,766 INFO  [io.api.tes.uti.TestSeparator] (main) ############################################################################
2025-08-05 18:23:14,766 INFO  [io.api.tes.uti.TestSeparator] (main) io.apicurio.tests.serdes.apicurio.AvroSerdeIT.testFirstEmptyFieldConfusedAsMagicByte-STARTED
**** Registry Base URL: http://registry-app-inmemory.apps.ci419.apicurio-testing.org:80
2025-08-05 18:23:14,771 INFO  [org.apa.kaf.cli.pro.ProducerConfig] (main) ProducerConfig values: 
	acks = -1
	auto.include.jmx.reporter = true
	batch.size = 16384
	bootstrap.servers = [PLAINTEXT://localhost:32769]
	buffer.memory = 33554432
	client.dns.lookup = use_all_dns_ips
	client.id = Producer-topic-1e6925ee_6785_42e9_bdec_d6cf0d65dd46
	compression.gzip.level = -1
	compression.lz4.level = 9
	compression.type = none
	compression.zstd.level = 3
	connections.max.idle.ms = 10000
	delivery.timeout.ms = 120000
	enable.idempotence = true
	enable.metrics.push = true
	interceptor.classes = []
	key.serializer = class org.apache.kafka.common.serialization.StringSerializer
	linger.ms = 0
	max.block.ms = 60000
	max.in.flight.requests.per.connection = 5
	max.request.size = 1048576
	metadata.max.age.ms = 300000
	metadata.max.idle.ms = 300000
	metadata.recovery.strategy = none
	metric.reporters = []
	metrics.num.samples = 2
	metrics.recording.level = INFO
	metrics.sample.window.ms = 30000
	partitioner.adaptive.partitioning.enable = true
	partitioner.availability.timeout.ms = 0
	partitioner.class = null
	partitioner.ignore.keys = false
	receive.buffer.bytes = 32768
	reconnect.backoff.max.ms = 1000
	reconnect.backoff.ms = 50
	request.timeout.ms = 5000
	retries = 2147483647
	retry.backoff.max.ms = 1000
	retry.backoff.ms = 100
	sasl.client.callback.handler.class = null
	sasl.jaas.config = null
	sasl.kerberos.kinit.cmd = /usr/bin/kinit
	sasl.kerberos.min.time.before.relogin = 60000
	sasl.kerberos.service.name = null
	sasl.kerberos.ticket.renew.jitter = 0.05
	sasl.kerberos.ticket.renew.window.factor = 0.8
	sasl.login.callback.handler.class = null
	sasl.login.class = null
	sasl.login.connect.timeout.ms = null
	sasl.login.read.timeout.ms = null
	sasl.login.refresh.buffer.seconds = 300
	sasl.login.refresh.min.period.seconds = 60
	sasl.login.refresh.window.factor = 0.8
	sasl.login.refresh.window.jitter = 0.05
	sasl.login.retry.backoff.max.ms = 10000
	sasl.login.retry.backoff.ms = 100
	sasl.mechanism = GSSAPI
	sasl.oauthbearer.clock.skew.seconds = 30
	sasl.oauthbearer.expected.audience = null
	sasl.oauthbearer.expected.issuer = null
	sasl.oauthbearer.header.urlencode = false
	sasl.oauthbearer.jwks.endpoint.refresh.ms = 3600000
	sasl.oauthbearer.jwks.endpoint.retry.backoff.max.ms = 10000
	sasl.oauthbearer.jwks.endpoint.retry.backoff.ms = 100
	sasl.oauthbearer.jwks.endpoint.url = null
	sasl.oauthbearer.scope.claim.name = scope
	sasl.oauthbearer.sub.claim.name = sub
	sasl.oauthbearer.token.endpoint.url = null
	security.protocol = PLAINTEXT
	security.providers = null
	send.buffer.bytes = 131072
	socket.connection.setup.timeout.max.ms = 30000
	socket.connection.setup.timeout.ms = 10000
	ssl.cipher.suites = null
	ssl.enabled.protocols = [TLSv1.2, TLSv1.3]
	ssl.endpoint.identification.algorithm = https
	ssl.engine.factory.class = null
	ssl.key.password = null
	ssl.keymanager.algorithm = SunX509
	ssl.keystore.certificate.chain = null
	ssl.keystore.key = null
	ssl.keystore.location = null
	ssl.keystore.password = null
	ssl.keystore.type = JKS
	ssl.protocol = TLSv1.3
	ssl.provider = null
	ssl.secure.random.implementation = null
	ssl.trustmanager.algorithm = PKIX
	ssl.truststore.certificates = null
	ssl.truststore.location = null
	ssl.truststore.password = null
	ssl.truststore.type = JKS
	transaction.timeout.ms = 60000
	transactional.id = null
	value.serializer = class io.apicurio.registry.serde.avro.AvroKafkaSerializer

2025-08-05 18:23:14,771 INFO  [org.apa.kaf.com.tel.int.KafkaMetricsCollector] (main) initializing Kafka metrics collector
2025-08-05 18:23:14,775 INFO  [org.apa.kaf.cli.pro.KafkaProducer] (main) [Producer clientId=Producer-topic-1e6925ee_6785_42e9_bdec_d6cf0d65dd46] Instantiated an idempotent producer.
2025-08-05 18:23:14,777 INFO  [org.apa.kaf.cli.pro.ProducerConfig] (main) These configurations '[apicurio.registry.url, apicurio.registry.auto-register, apicurio.registry.artifact-resolver-strategy]' were supplied but are not used yet.
2025-08-05 18:23:14,777 INFO  [org.apa.kaf.com.uti.AppInfoParser] (main) Kafka version: 3.9.1
2025-08-05 18:23:14,777 INFO  [org.apa.kaf.com.uti.AppInfoParser] (main) Kafka commitId: f745dfdcee2b9851
2025-08-05 18:23:14,777 INFO  [org.apa.kaf.com.uti.AppInfoParser] (main) Kafka startTimeMs: 1754418194777
2025-08-05 18:23:14,777 INFO  [io.api.tes.ser.api.SimpleSerdesTesterBuilder$SimpleSerdesTester] (main) Using producer configuration: {apicurio.registry.url=http://registry-app-inmemory.apps.ci419.apicurio-testing.org:80/apis/registry/v3, apicurio.registry.auto-register=true, apicurio.registry.artifact-resolver-strategy=io.apicurio.registry.serde.strategy.SimpleTopicIdStrategy, value.serializer=io.apicurio.registry.serde.avro.AvroKafkaSerializer, request.timeout.ms=5000, acks=all, bootstrap.servers=PLAINTEXT://localhost:32769, connections.max.idle.ms=10000, key.serializer=org.apache.kafka.common.serialization.StringSerializer, client.id=Producer-topic-1e6925ee_6785_42e9_bdec_d6cf0d65dd46}
2025-08-05 18:23:14,777 INFO  [io.api.tes.ser.api.SimpleSerdesTesterBuilder$SimpleSerdesTester] (main) Using consumer configuration: {}
2025-08-05 18:23:14,779 INFO  [io.api.tes.ser.api.KafkaSerdesTester] (Thread-701) Sending message {"username": null} to topic topic-1e6925ee_6785_42e9_bdec_d6cf0d65dd46
2025-08-05 18:23:14,782 WARN  [org.apa.kaf.cli.NetworkClient] (kafka-producer-network-thread | Producer-topic-1e6925ee_6785_42e9_bdec_d6cf0d65dd46) [Producer clientId=Producer-topic-1e6925ee_6785_42e9_bdec_d6cf0d65dd46] The metadata response from the cluster reported a recoverable issue with correlation id 1 : {topic-1e6925ee_6785_42e9_bdec_d6cf0d65dd46=UNKNOWN_TOPIC_OR_PARTITION}
2025-08-05 18:23:14,782 INFO  [org.apa.kaf.cli.Metadata] (kafka-producer-network-thread | Producer-topic-1e6925ee_6785_42e9_bdec_d6cf0d65dd46) [Producer clientId=Producer-topic-1e6925ee_6785_42e9_bdec_d6cf0d65dd46] Cluster ID: PopyJKdlRzKjlQHMpYFwRA
2025-08-05 18:23:14,785 INFO  [org.apa.kaf.cli.pro.int.TransactionManager] (kafka-producer-network-thread | Producer-topic-1e6925ee_6785_42e9_bdec_d6cf0d65dd46) [Producer clientId=Producer-topic-1e6925ee_6785_42e9_bdec_d6cf0d65dd46] ProducerId set to 18 with epoch 0
2025-08-05 18:23:15,058 INFO  [io.api.tes.ser.api.KafkaSerdesTester] (Thread-701) Sending message {"username": null} to topic topic-1e6925ee_6785_42e9_bdec_d6cf0d65dd46
2025-08-05 18:23:15,060 INFO  [io.api.tes.ser.api.KafkaSerdesTester] (Thread-701) Sending message {"username": "value-2"} to topic topic-1e6925ee_6785_42e9_bdec_d6cf0d65dd46
2025-08-05 18:23:15,061 INFO  [io.api.tes.ser.api.KafkaSerdesTester] (Thread-701) Sending message {"username": null} to topic topic-1e6925ee_6785_42e9_bdec_d6cf0d65dd46
2025-08-05 18:23:15,062 INFO  [io.api.tes.ser.api.KafkaSerdesTester] (Thread-701) Sending message {"username": "value-4"} to topic topic-1e6925ee_6785_42e9_bdec_d6cf0d65dd46
2025-08-05 18:23:15,064 INFO  [io.api.tes.ser.api.KafkaSerdesTester] (Thread-701) Sending message {"username": null} to topic topic-1e6925ee_6785_42e9_bdec_d6cf0d65dd46
2025-08-05 18:23:15,065 INFO  [io.api.tes.ser.api.KafkaSerdesTester] (Thread-701) Sending message {"username": "value-6"} to topic topic-1e6925ee_6785_42e9_bdec_d6cf0d65dd46
2025-08-05 18:23:15,068 INFO  [io.api.tes.ser.api.KafkaSerdesTester] (Thread-701) Sending message {"username": null} to topic topic-1e6925ee_6785_42e9_bdec_d6cf0d65dd46
2025-08-05 18:23:15,070 INFO  [io.api.tes.ser.api.KafkaSerdesTester] (Thread-701) Sending message {"username": "value-8"} to topic topic-1e6925ee_6785_42e9_bdec_d6cf0d65dd46
2025-08-05 18:23:15,072 INFO  [io.api.tes.ser.api.KafkaSerdesTester] (Thread-701) Sending message {"username": null} to topic topic-1e6925ee_6785_42e9_bdec_d6cf0d65dd46
2025-08-05 18:23:15,075 INFO  [io.api.tes.ser.api.KafkaSerdesTester] (Thread-701) Produced 10 messages
2025-08-05 18:23:15,075 INFO  [org.apa.kaf.cli.pro.KafkaProducer] (Thread-701) [Producer clientId=Producer-topic-1e6925ee_6785_42e9_bdec_d6cf0d65dd46] Closing the Kafka producer with timeoutMillis = 9223372036854775807 ms.
2025-08-05 18:23:15,077 INFO  [org.apa.kaf.com.met.Metrics] (Thread-701) Metrics scheduler closed
2025-08-05 18:23:15,077 INFO  [org.apa.kaf.com.met.Metrics] (Thread-701) Closing reporter org.apache.kafka.common.metrics.JmxReporter
2025-08-05 18:23:15,077 INFO  [org.apa.kaf.com.met.Metrics] (Thread-701) Closing reporter org.apache.kafka.common.telemetry.internals.ClientTelemetryReporter
2025-08-05 18:23:15,077 INFO  [org.apa.kaf.com.met.Metrics] (Thread-701) Metrics reporters closed
2025-08-05 18:23:15,077 INFO  [org.apa.kaf.com.uti.AppInfoParser] (Thread-701) App info kafka.producer for Producer-topic-1e6925ee_6785_42e9_bdec_d6cf0d65dd46 unregistered
**** Registry Base URL: http://registry-app-inmemory.apps.ci419.apicurio-testing.org:80
2025-08-05 18:23:15,232 INFO  [org.apa.kaf.cli.con.ConsumerConfig] (main) ConsumerConfig values: 
	allow.auto.create.topics = true
	auto.commit.interval.ms = 500
	auto.include.jmx.reporter = true
	auto.offset.reset = earliest
	bootstrap.servers = [PLAINTEXT://localhost:32769]
	check.crcs = true
	client.dns.lookup = use_all_dns_ips
	client.id = consumer-Consumer-topic-1e6925ee_6785_42e9_bdec_d6cf0d65dd46-14
	client.rack = 
	connections.max.idle.ms = 10000
	default.api.timeout.ms = 60000
	enable.auto.commit = true
	enable.metrics.push = true
	exclude.internal.topics = true
	fetch.max.bytes = 52428800
	fetch.max.wait.ms = 500
	fetch.min.bytes = 1
	group.id = Consumer-topic-1e6925ee_6785_42e9_bdec_d6cf0d65dd46
	group.instance.id = null
	group.protocol = classic
	group.remote.assignor = null
	heartbeat.interval.ms = 3000
	interceptor.classes = []
	internal.leave.group.on.close = true
	internal.throw.on.fetch.stable.offset.unsupported = false
	isolation.level = read_uncommitted
	key.deserializer = class org.apache.kafka.common.serialization.StringDeserializer
	max.partition.fetch.bytes = 1048576
	max.poll.interval.ms = 300000
	max.poll.records = 500
	metadata.max.age.ms = 300000
	metadata.recovery.strategy = none
	metric.reporters = []
	metrics.num.samples = 2
	metrics.recording.level = INFO
	metrics.sample.window.ms = 30000
	partition.assignment.strategy = [class org.apache.kafka.clients.consumer.RangeAssignor, class org.apache.kafka.clients.consumer.CooperativeStickyAssignor]
	receive.buffer.bytes = 65536
	reconnect.backoff.max.ms = 1000
	reconnect.backoff.ms = 50
	request.timeout.ms = 5000
	retry.backoff.max.ms = 1000
	retry.backoff.ms = 100
	sasl.client.callback.handler.class = null
	sasl.jaas.config = null
	sasl.kerberos.kinit.cmd = /usr/bin/kinit
	sasl.kerberos.min.time.before.relogin = 60000
	sasl.kerberos.service.name = null
	sasl.kerberos.ticket.renew.jitter = 0.05
	sasl.kerberos.ticket.renew.window.factor = 0.8
	sasl.login.callback.handler.class = null
	sasl.login.class = null
	sasl.login.connect.timeout.ms = null
	sasl.login.read.timeout.ms = null
	sasl.login.refresh.buffer.seconds = 300
	sasl.login.refresh.min.period.seconds = 60
	sasl.login.refresh.window.factor = 0.8
	sasl.login.refresh.window.jitter = 0.05
	sasl.login.retry.backoff.max.ms = 10000
	sasl.login.retry.backoff.ms = 100
	sasl.mechanism = GSSAPI
	sasl.oauthbearer.clock.skew.seconds = 30
	sasl.oauthbearer.expected.audience = null
	sasl.oauthbearer.expected.issuer = null
	sasl.oauthbearer.header.urlencode = false
	sasl.oauthbearer.jwks.endpoint.refresh.ms = 3600000
	sasl.oauthbearer.jwks.endpoint.retry.backoff.max.ms = 10000
	sasl.oauthbearer.jwks.endpoint.retry.backoff.ms = 100
	sasl.oauthbearer.jwks.endpoint.url = null
	sasl.oauthbearer.scope.claim.name = scope
	sasl.oauthbearer.sub.claim.name = sub
	sasl.oauthbearer.token.endpoint.url = null
	security.protocol = PLAINTEXT
	security.providers = null
	send.buffer.bytes = 131072
	session.timeout.ms = 45000
	socket.connection.setup.timeout.max.ms = 30000
	socket.connection.setup.timeout.ms = 10000
	ssl.cipher.suites = null
	ssl.enabled.protocols = [TLSv1.2, TLSv1.3]
	ssl.endpoint.identification.algorithm = https
	ssl.engine.factory.class = null
	ssl.key.password = null
	ssl.keymanager.algorithm = SunX509
	ssl.keystore.certificate.chain = null
	ssl.keystore.key = null
	ssl.keystore.location = null
	ssl.keystore.password = null
	ssl.keystore.type = JKS
	ssl.protocol = TLSv1.3
	ssl.provider = null
	ssl.secure.random.implementation = null
	ssl.trustmanager.algorithm = PKIX
	ssl.truststore.certificates = null
	ssl.truststore.location = null
	ssl.truststore.password = null
	ssl.truststore.type = JKS
	value.deserializer = class io.apicurio.registry.serde.avro.AvroKafkaDeserializer

2025-08-05 18:23:15,232 INFO  [org.apa.kaf.com.tel.int.KafkaMetricsCollector] (main) initializing Kafka metrics collector
2025-08-05 18:23:15,238 INFO  [org.apa.kaf.cli.con.ConsumerConfig] (main) These configurations '[apicurio.registry.url]' were supplied but are not used yet.
2025-08-05 18:23:15,238 INFO  [org.apa.kaf.com.uti.AppInfoParser] (main) Kafka version: 3.9.1
2025-08-05 18:23:15,238 INFO  [org.apa.kaf.com.uti.AppInfoParser] (main) Kafka commitId: f745dfdcee2b9851
2025-08-05 18:23:15,238 INFO  [org.apa.kaf.com.uti.AppInfoParser] (main) Kafka startTimeMs: 1754418195238
2025-08-05 18:23:15,238 INFO  [org.apa.kaf.cli.con.int.ClassicKafkaConsumer] (Thread-704) [Consumer clientId=consumer-Consumer-topic-1e6925ee_6785_42e9_bdec_d6cf0d65dd46-14, groupId=Consumer-topic-1e6925ee_6785_42e9_bdec_d6cf0d65dd46] Subscribed to topic(s): topic-1e6925ee_6785_42e9_bdec_d6cf0d65dd46
2025-08-05 18:23:15,244 INFO  [org.apa.kaf.cli.Metadata] (Thread-704) [Consumer clientId=consumer-Consumer-topic-1e6925ee_6785_42e9_bdec_d6cf0d65dd46-14, groupId=Consumer-topic-1e6925ee_6785_42e9_bdec_d6cf0d65dd46] Cluster ID: PopyJKdlRzKjlQHMpYFwRA
2025-08-05 18:23:15,244 INFO  [org.apa.kaf.cli.con.int.ConsumerCoordinator] (Thread-704) [Consumer clientId=consumer-Consumer-topic-1e6925ee_6785_42e9_bdec_d6cf0d65dd46-14, groupId=Consumer-topic-1e6925ee_6785_42e9_bdec_d6cf0d65dd46] Discovered group coordinator localhost:32769 (id: 2147483647 rack: null)
2025-08-05 18:23:15,245 INFO  [org.apa.kaf.cli.con.int.ConsumerCoordinator] (Thread-704) [Consumer clientId=consumer-Consumer-topic-1e6925ee_6785_42e9_bdec_d6cf0d65dd46-14, groupId=Consumer-topic-1e6925ee_6785_42e9_bdec_d6cf0d65dd46] (Re-)joining group
2025-08-05 18:23:15,247 INFO  [org.apa.kaf.cli.con.int.ConsumerCoordinator] (Thread-704) [Consumer clientId=consumer-Consumer-topic-1e6925ee_6785_42e9_bdec_d6cf0d65dd46-14, groupId=Consumer-topic-1e6925ee_6785_42e9_bdec_d6cf0d65dd46] Request joining group due to: need to re-join with the given member-id: consumer-Consumer-topic-1e6925ee_6785_42e9_bdec_d6cf0d65dd46-14-c66ccded-de5d-4194-9463-fbe0953f668a
2025-08-05 18:23:15,247 INFO  [org.apa.kaf.cli.con.int.ConsumerCoordinator] (Thread-704) [Consumer clientId=consumer-Consumer-topic-1e6925ee_6785_42e9_bdec_d6cf0d65dd46-14, groupId=Consumer-topic-1e6925ee_6785_42e9_bdec_d6cf0d65dd46] (Re-)joining group
2025-08-05 18:23:16,239 INFO  [io.api.tes.ser.api.KafkaSerdesTester] (Thread-704) None found
2025-08-05 18:23:17,239 INFO  [io.api.tes.ser.api.KafkaSerdesTester] (Thread-704) None found
2025-08-05 18:23:18,239 INFO  [io.api.tes.ser.api.KafkaSerdesTester] (Thread-704) None found
2025-08-05 18:23:18,249 INFO  [org.apa.kaf.cli.con.int.ConsumerCoordinator] (Thread-704) [Consumer clientId=consumer-Consumer-topic-1e6925ee_6785_42e9_bdec_d6cf0d65dd46-14, groupId=Consumer-topic-1e6925ee_6785_42e9_bdec_d6cf0d65dd46] Successfully joined group with generation Generation{generationId=1, memberId='consumer-Consumer-topic-1e6925ee_6785_42e9_bdec_d6cf0d65dd46-14-c66ccded-de5d-4194-9463-fbe0953f668a', protocol='range'}
2025-08-05 18:23:18,250 INFO  [org.apa.kaf.cli.con.int.ConsumerCoordinator] (Thread-704) [Consumer clientId=consumer-Consumer-topic-1e6925ee_6785_42e9_bdec_d6cf0d65dd46-14, groupId=Consumer-topic-1e6925ee_6785_42e9_bdec_d6cf0d65dd46] Finished assignment for group at generation 1: {consumer-Consumer-topic-1e6925ee_6785_42e9_bdec_d6cf0d65dd46-14-c66ccded-de5d-4194-9463-fbe0953f668a=Assignment(partitions=[topic-1e6925ee_6785_42e9_bdec_d6cf0d65dd46-0])}
2025-08-05 18:23:18,256 INFO  [org.apa.kaf.cli.con.int.ConsumerCoordinator] (Thread-704) [Consumer clientId=consumer-Consumer-topic-1e6925ee_6785_42e9_bdec_d6cf0d65dd46-14, groupId=Consumer-topic-1e6925ee_6785_42e9_bdec_d6cf0d65dd46] Successfully synced group in generation Generation{generationId=1, memberId='consumer-Consumer-topic-1e6925ee_6785_42e9_bdec_d6cf0d65dd46-14-c66ccded-de5d-4194-9463-fbe0953f668a', protocol='range'}
2025-08-05 18:23:18,256 INFO  [org.apa.kaf.cli.con.int.ConsumerCoordinator] (Thread-704) [Consumer clientId=consumer-Consumer-topic-1e6925ee_6785_42e9_bdec_d6cf0d65dd46-14, groupId=Consumer-topic-1e6925ee_6785_42e9_bdec_d6cf0d65dd46] Notifying assignor about the new Assignment(partitions=[topic-1e6925ee_6785_42e9_bdec_d6cf0d65dd46-0])
2025-08-05 18:23:18,257 INFO  [org.apa.kaf.cli.con.int.ConsumerRebalanceListenerInvoker] (Thread-704) [Consumer clientId=consumer-Consumer-topic-1e6925ee_6785_42e9_bdec_d6cf0d65dd46-14, groupId=Consumer-topic-1e6925ee_6785_42e9_bdec_d6cf0d65dd46] Adding newly assigned partitions: topic-1e6925ee_6785_42e9_bdec_d6cf0d65dd46-0
2025-08-05 18:23:18,258 INFO  [org.apa.kaf.cli.con.int.ConsumerCoordinator] (Thread-704) [Consumer clientId=consumer-Consumer-topic-1e6925ee_6785_42e9_bdec_d6cf0d65dd46-14, groupId=Consumer-topic-1e6925ee_6785_42e9_bdec_d6cf0d65dd46] Found no committed offset for partition topic-1e6925ee_6785_42e9_bdec_d6cf0d65dd46-0
2025-08-05 18:23:18,262 INFO  [org.apa.kaf.cli.con.int.SubscriptionState] (Thread-704) [Consumer clientId=consumer-Consumer-topic-1e6925ee_6785_42e9_bdec_d6cf0d65dd46-14, groupId=Consumer-topic-1e6925ee_6785_42e9_bdec_d6cf0d65dd46] Resetting offset for partition topic-1e6925ee_6785_42e9_bdec_d6cf0d65dd46-0 to position FetchPosition{offset=0, offsetEpoch=Optional.empty, currentLeader=LeaderAndEpoch{leader=Optional[localhost:32769 (id: 0 rack: null)], epoch=0}}.
2025-08-05 18:23:18,491 INFO  [io.api.tes.ser.api.KafkaSerdesTester] (Thread-704) topic-1e6925ee_6785_42e9_bdec_d6cf0d65dd46 0 0 {"username": null}
2025-08-05 18:23:18,491 INFO  [io.api.tes.ser.api.KafkaSerdesTester] (Thread-704) topic-1e6925ee_6785_42e9_bdec_d6cf0d65dd46 0 1 {"username": null}
2025-08-05 18:23:18,491 INFO  [io.api.tes.ser.api.KafkaSerdesTester] (Thread-704) topic-1e6925ee_6785_42e9_bdec_d6cf0d65dd46 0 2 {"username": "value-2"}
2025-08-05 18:23:18,491 INFO  [io.api.tes.ser.api.KafkaSerdesTester] (Thread-704) topic-1e6925ee_6785_42e9_bdec_d6cf0d65dd46 0 3 {"username": null}
2025-08-05 18:23:18,491 INFO  [io.api.tes.ser.api.KafkaSerdesTester] (Thread-704) topic-1e6925ee_6785_42e9_bdec_d6cf0d65dd46 0 4 {"username": "value-4"}
2025-08-05 18:23:18,491 INFO  [io.api.tes.ser.api.KafkaSerdesTester] (Thread-704) topic-1e6925ee_6785_42e9_bdec_d6cf0d65dd46 0 5 {"username": null}
2025-08-05 18:23:18,491 INFO  [io.api.tes.ser.api.KafkaSerdesTester] (Thread-704) topic-1e6925ee_6785_42e9_bdec_d6cf0d65dd46 0 6 {"username": "value-6"}
2025-08-05 18:23:18,491 INFO  [io.api.tes.ser.api.KafkaSerdesTester] (Thread-704) topic-1e6925ee_6785_42e9_bdec_d6cf0d65dd46 0 7 {"username": null}
2025-08-05 18:23:18,491 INFO  [io.api.tes.ser.api.KafkaSerdesTester] (Thread-704) topic-1e6925ee_6785_42e9_bdec_d6cf0d65dd46 0 8 {"username": "value-8"}
2025-08-05 18:23:18,491 INFO  [io.api.tes.ser.api.KafkaSerdesTester] (Thread-704) topic-1e6925ee_6785_42e9_bdec_d6cf0d65dd46 0 9 {"username": null}
2025-08-05 18:23:18,491 INFO  [io.api.tes.ser.api.KafkaSerdesTester] (Thread-704) Consumed 10 messages
2025-08-05 18:23:18,498 INFO  [org.apa.kaf.cli.con.int.ConsumerRebalanceListenerInvoker] (Thread-704) [Consumer clientId=consumer-Consumer-topic-1e6925ee_6785_42e9_bdec_d6cf0d65dd46-14, groupId=Consumer-topic-1e6925ee_6785_42e9_bdec_d6cf0d65dd46] Revoke previously assigned partitions topic-1e6925ee_6785_42e9_bdec_d6cf0d65dd46-0
2025-08-05 18:23:18,498 INFO  [org.apa.kaf.cli.con.int.ConsumerCoordinator] (Thread-704) [Consumer clientId=consumer-Consumer-topic-1e6925ee_6785_42e9_bdec_d6cf0d65dd46-14, groupId=Consumer-topic-1e6925ee_6785_42e9_bdec_d6cf0d65dd46] Member consumer-Consumer-topic-1e6925ee_6785_42e9_bdec_d6cf0d65dd46-14-c66ccded-de5d-4194-9463-fbe0953f668a sending LeaveGroup request to coordinator localhost:32769 (id: 2147483647 rack: null) due to the consumer is being closed
2025-08-05 18:23:18,498 INFO  [org.apa.kaf.cli.con.int.ConsumerCoordinator] (Thread-704) [Consumer clientId=consumer-Consumer-topic-1e6925ee_6785_42e9_bdec_d6cf0d65dd46-14, groupId=Consumer-topic-1e6925ee_6785_42e9_bdec_d6cf0d65dd46] Resetting generation and member id due to: consumer pro-actively leaving the group
2025-08-05 18:23:18,498 INFO  [org.apa.kaf.cli.con.int.ConsumerCoordinator] (Thread-704) [Consumer clientId=consumer-Consumer-topic-1e6925ee_6785_42e9_bdec_d6cf0d65dd46-14, groupId=Consumer-topic-1e6925ee_6785_42e9_bdec_d6cf0d65dd46] Request joining group due to: consumer pro-actively leaving the group
2025-08-05 18:23:18,992 INFO  [org.apa.kaf.com.met.Metrics] (Thread-704) Metrics scheduler closed
2025-08-05 18:23:18,992 INFO  [org.apa.kaf.com.met.Metrics] (Thread-704) Closing reporter org.apache.kafka.common.metrics.JmxReporter
2025-08-05 18:23:18,992 INFO  [org.apa.kaf.com.met.Metrics] (Thread-704) Closing reporter org.apache.kafka.common.telemetry.internals.ClientTelemetryReporter
2025-08-05 18:23:18,992 INFO  [org.apa.kaf.com.met.Metrics] (Thread-704) Metrics reporters closed
2025-08-05 18:23:18,994 INFO  [org.apa.kaf.com.uti.AppInfoParser] (Thread-704) App info kafka.consumer for consumer-Consumer-topic-1e6925ee_6785_42e9_bdec_d6cf0d65dd46-14 unregistered
2025-08-05 18:23:18,994 INFO  [io.api.tes.uti.TestSeparator] (main) io.apicurio.tests.serdes.apicurio.AvroSerdeIT.testFirstEmptyFieldConfusedAsMagicByte-FINISHED
2025-08-05 18:23:18,994 INFO  [io.api.tes.uti.TestSeparator] (main) ############################################################################
Test passed: testFirstEmptyFieldConfusedAsMagicByte
]]></system-out>
  </testcase>
  <testcase name="testAvroSerDesFailDifferentSchemaByContent" classname="io.apicurio.tests.serdes.apicurio.AvroSerdeIT" time="1.423">
    <system-out><![CDATA[2025-08-05 18:23:18,996 INFO  [io.api.tes.uti.TestSeparator] (main) ############################################################################
2025-08-05 18:23:18,996 INFO  [io.api.tes.uti.TestSeparator] (main) io.apicurio.tests.serdes.apicurio.AvroSerdeIT.testAvroSerDesFailDifferentSchemaByContent-STARTED
**** Registry Base URL: http://registry-app-inmemory.apps.ci419.apicurio-testing.org:80
2025-08-05 18:23:20,163 INFO  [org.apa.kaf.cli.pro.ProducerConfig] (main) ProducerConfig values: 
	acks = -1
	auto.include.jmx.reporter = true
	batch.size = 16384
	bootstrap.servers = [PLAINTEXT://localhost:32769]
	buffer.memory = 33554432
	client.dns.lookup = use_all_dns_ips
	client.id = Producer-topic-07bc8270_612f_4fe9_bc91_bd752088d5a8
	compression.gzip.level = -1
	compression.lz4.level = 9
	compression.type = none
	compression.zstd.level = 3
	connections.max.idle.ms = 10000
	delivery.timeout.ms = 120000
	enable.idempotence = true
	enable.metrics.push = true
	interceptor.classes = []
	key.serializer = class org.apache.kafka.common.serialization.StringSerializer
	linger.ms = 0
	max.block.ms = 60000
	max.in.flight.requests.per.connection = 5
	max.request.size = 1048576
	metadata.max.age.ms = 300000
	metadata.max.idle.ms = 300000
	metadata.recovery.strategy = none
	metric.reporters = []
	metrics.num.samples = 2
	metrics.recording.level = INFO
	metrics.sample.window.ms = 30000
	partitioner.adaptive.partitioning.enable = true
	partitioner.availability.timeout.ms = 0
	partitioner.class = null
	partitioner.ignore.keys = false
	receive.buffer.bytes = 32768
	reconnect.backoff.max.ms = 1000
	reconnect.backoff.ms = 50
	request.timeout.ms = 5000
	retries = 2147483647
	retry.backoff.max.ms = 1000
	retry.backoff.ms = 100
	sasl.client.callback.handler.class = null
	sasl.jaas.config = null
	sasl.kerberos.kinit.cmd = /usr/bin/kinit
	sasl.kerberos.min.time.before.relogin = 60000
	sasl.kerberos.service.name = null
	sasl.kerberos.ticket.renew.jitter = 0.05
	sasl.kerberos.ticket.renew.window.factor = 0.8
	sasl.login.callback.handler.class = null
	sasl.login.class = null
	sasl.login.connect.timeout.ms = null
	sasl.login.read.timeout.ms = null
	sasl.login.refresh.buffer.seconds = 300
	sasl.login.refresh.min.period.seconds = 60
	sasl.login.refresh.window.factor = 0.8
	sasl.login.refresh.window.jitter = 0.05
	sasl.login.retry.backoff.max.ms = 10000
	sasl.login.retry.backoff.ms = 100
	sasl.mechanism = GSSAPI
	sasl.oauthbearer.clock.skew.seconds = 30
	sasl.oauthbearer.expected.audience = null
	sasl.oauthbearer.expected.issuer = null
	sasl.oauthbearer.header.urlencode = false
	sasl.oauthbearer.jwks.endpoint.refresh.ms = 3600000
	sasl.oauthbearer.jwks.endpoint.retry.backoff.max.ms = 10000
	sasl.oauthbearer.jwks.endpoint.retry.backoff.ms = 100
	sasl.oauthbearer.jwks.endpoint.url = null
	sasl.oauthbearer.scope.claim.name = scope
	sasl.oauthbearer.sub.claim.name = sub
	sasl.oauthbearer.token.endpoint.url = null
	security.protocol = PLAINTEXT
	security.providers = null
	send.buffer.bytes = 131072
	socket.connection.setup.timeout.max.ms = 30000
	socket.connection.setup.timeout.ms = 10000
	ssl.cipher.suites = null
	ssl.enabled.protocols = [TLSv1.2, TLSv1.3]
	ssl.endpoint.identification.algorithm = https
	ssl.engine.factory.class = null
	ssl.key.password = null
	ssl.keymanager.algorithm = SunX509
	ssl.keystore.certificate.chain = null
	ssl.keystore.key = null
	ssl.keystore.location = null
	ssl.keystore.password = null
	ssl.keystore.type = JKS
	ssl.protocol = TLSv1.3
	ssl.provider = null
	ssl.secure.random.implementation = null
	ssl.trustmanager.algorithm = PKIX
	ssl.truststore.certificates = null
	ssl.truststore.location = null
	ssl.truststore.password = null
	ssl.truststore.type = JKS
	transaction.timeout.ms = 60000
	transactional.id = null
	value.serializer = class io.apicurio.registry.serde.avro.AvroKafkaSerializer

2025-08-05 18:23:20,163 INFO  [org.apa.kaf.com.tel.int.KafkaMetricsCollector] (main) initializing Kafka metrics collector
2025-08-05 18:23:20,167 INFO  [org.apa.kaf.cli.pro.KafkaProducer] (main) [Producer clientId=Producer-topic-07bc8270_612f_4fe9_bc91_bd752088d5a8] Instantiated an idempotent producer.
2025-08-05 18:23:20,171 INFO  [org.apa.kaf.cli.pro.ProducerConfig] (main) These configurations '[apicurio.registry.url, apicurio.registry.artifact-resolver-strategy]' were supplied but are not used yet.
2025-08-05 18:23:20,171 INFO  [org.apa.kaf.com.uti.AppInfoParser] (main) Kafka version: 3.9.1
2025-08-05 18:23:20,171 INFO  [org.apa.kaf.com.uti.AppInfoParser] (main) Kafka commitId: f745dfdcee2b9851
2025-08-05 18:23:20,171 INFO  [org.apa.kaf.com.uti.AppInfoParser] (main) Kafka startTimeMs: 1754418200171
2025-08-05 18:23:20,172 INFO  [io.api.tes.ser.api.KafkaSerdesTester] (Thread-707) Sending message {"keyB": "value-0"} to topic topic-07bc8270_612f_4fe9_bc91_bd752088d5a8
2025-08-05 18:23:20,175 INFO  [org.apa.kaf.cli.Metadata] (kafka-producer-network-thread | Producer-topic-07bc8270_612f_4fe9_bc91_bd752088d5a8) [Producer clientId=Producer-topic-07bc8270_612f_4fe9_bc91_bd752088d5a8] Cluster ID: PopyJKdlRzKjlQHMpYFwRA
2025-08-05 18:23:20,178 INFO  [org.apa.kaf.cli.pro.int.TransactionManager] (kafka-producer-network-thread | Producer-topic-07bc8270_612f_4fe9_bc91_bd752088d5a8) [Producer clientId=Producer-topic-07bc8270_612f_4fe9_bc91_bd752088d5a8] ProducerId set to 19 with epoch 0
2025-08-05 18:23:20,181 INFO  [DefaultSchemaResolver] (Thread-707) Retrieving schema content using string: {"type":"record","name":"s07ece10bx27eax4ee5x8e76x1efd285dc38e","namespace":"s2da3accax1c57x4f04xb128x9398e9072861","fields":[{"name":"keyB","type":"string"}]}
2025-08-05 18:23:20,413 INFO  [org.apa.kaf.cli.pro.KafkaProducer] (Thread-707) [Producer clientId=Producer-topic-07bc8270_612f_4fe9_bc91_bd752088d5a8] Closing the Kafka producer with timeoutMillis = 9223372036854775807 ms.
2025-08-05 18:23:20,417 INFO  [org.apa.kaf.com.met.Metrics] (Thread-707) Metrics scheduler closed
2025-08-05 18:23:20,417 INFO  [org.apa.kaf.com.met.Metrics] (Thread-707) Closing reporter org.apache.kafka.common.metrics.JmxReporter
2025-08-05 18:23:20,417 INFO  [org.apa.kaf.com.met.Metrics] (Thread-707) Closing reporter org.apache.kafka.common.telemetry.internals.ClientTelemetryReporter
2025-08-05 18:23:20,417 INFO  [org.apa.kaf.com.met.Metrics] (Thread-707) Metrics reporters closed
2025-08-05 18:23:20,417 INFO  [org.apa.kaf.com.uti.AppInfoParser] (Thread-707) App info kafka.producer for Producer-topic-07bc8270_612f_4fe9_bc91_bd752088d5a8 unregistered
2025-08-05 18:23:20,418 INFO  [io.api.tes.uti.TestSeparator] (main) io.apicurio.tests.serdes.apicurio.AvroSerdeIT.testAvroSerDesFailDifferentSchemaByContent-FINISHED
2025-08-05 18:23:20,418 INFO  [io.api.tes.uti.TestSeparator] (main) ############################################################################
Test passed: testAvroSerDesFailDifferentSchemaByContent
]]></system-out>
    <system-err><![CDATA[java.lang.RuntimeException: Could not resolve artifact reference by content: {"type":"record","name":"s07ece10bx27eax4ee5x8e76x1efd285dc38e","namespace":"s2da3accax1c57x4f04xb128x9398e9072861","fields":[{"name":"keyB","type":"string"}]}&ArtifactReference [groupId=s2da3accax1c57x4f04xb128x9398e9072861, artifactId=s07ece10bx27eax4ee5x8e76x1efd285dc38e, version=null, globalId=null, contentId=null, contentHash=null]
	at io.apicurio.registry.resolver.DefaultSchemaResolver.lambda$handleResolveSchemaByContent$3(DefaultSchemaResolver.java:265)
	at io.apicurio.registry.resolver.cache.ERCache.lambda$getValue$0(ERCache.java:174)
	at io.apicurio.registry.resolver.cache.ERCache.retry(ERCache.java:227)
	at io.apicurio.registry.resolver.cache.ERCache.getValue(ERCache.java:173)
	at io.apicurio.registry.resolver.cache.ERCache.getByContent(ERCache.java:147)
	at io.apicurio.registry.resolver.DefaultSchemaResolver.handleResolveSchemaByContent(DefaultSchemaResolver.java:253)
	at io.apicurio.registry.resolver.DefaultSchemaResolver.getSchemaFromRegistry(DefaultSchemaResolver.java:138)
	at io.apicurio.registry.resolver.DefaultSchemaResolver.lambda$resolveSchema$0(DefaultSchemaResolver.java:84)
	at java.base/java.util.Optional.orElseGet(Optional.java:364)
	at io.apicurio.registry.resolver.DefaultSchemaResolver.resolveSchema(DefaultSchemaResolver.java:84)
	at io.apicurio.registry.serde.AbstractSerializer.serializeData(AbstractSerializer.java:62)
	at io.apicurio.registry.serde.KafkaSerializer.serialize(KafkaSerializer.java:77)
	at org.apache.kafka.clients.producer.KafkaProducer.doSend(KafkaProducer.java:1046)
	at org.apache.kafka.clients.producer.KafkaProducer.send(KafkaProducer.java:993)
	at org.apache.kafka.clients.producer.KafkaProducer.send(KafkaProducer.java:875)
	at io.apicurio.tests.serdes.apicurio.KafkaSerdesTester.lambda$produceMessages$3(KafkaSerdesTester.java:138)
	at java.base/java.util.concurrent.CompletableFuture$AsyncSupply.run(CompletableFuture.java:1768)
	at java.base/java.lang.Thread.run(Thread.java:840)
]]></system-err>
  </testcase>
  <testcase name="testGlobalIdInBody" classname="io.apicurio.tests.serdes.apicurio.AvroSerdeIT" time="4.197">
    <system-out><![CDATA[2025-08-05 18:23:20,420 INFO  [io.api.tes.uti.TestSeparator] (main) ############################################################################
2025-08-05 18:23:20,420 INFO  [io.api.tes.uti.TestSeparator] (main) io.apicurio.tests.serdes.apicurio.AvroSerdeIT.testGlobalIdInBody-STARTED
**** Registry Base URL: http://registry-app-inmemory.apps.ci419.apicurio-testing.org:80
2025-08-05 18:23:20,426 INFO  [org.apa.kaf.cli.pro.ProducerConfig] (main) ProducerConfig values: 
	acks = -1
	auto.include.jmx.reporter = true
	batch.size = 16384
	bootstrap.servers = [PLAINTEXT://localhost:32769]
	buffer.memory = 33554432
	client.dns.lookup = use_all_dns_ips
	client.id = Producer-topic-f927b6b2_a58d_4bf4_8c63_477a4b083043
	compression.gzip.level = -1
	compression.lz4.level = 9
	compression.type = none
	compression.zstd.level = 3
	connections.max.idle.ms = 10000
	delivery.timeout.ms = 120000
	enable.idempotence = true
	enable.metrics.push = true
	interceptor.classes = []
	key.serializer = class org.apache.kafka.common.serialization.StringSerializer
	linger.ms = 0
	max.block.ms = 60000
	max.in.flight.requests.per.connection = 5
	max.request.size = 1048576
	metadata.max.age.ms = 300000
	metadata.max.idle.ms = 300000
	metadata.recovery.strategy = none
	metric.reporters = []
	metrics.num.samples = 2
	metrics.recording.level = INFO
	metrics.sample.window.ms = 30000
	partitioner.adaptive.partitioning.enable = true
	partitioner.availability.timeout.ms = 0
	partitioner.class = null
	partitioner.ignore.keys = false
	receive.buffer.bytes = 32768
	reconnect.backoff.max.ms = 1000
	reconnect.backoff.ms = 50
	request.timeout.ms = 5000
	retries = 2147483647
	retry.backoff.max.ms = 1000
	retry.backoff.ms = 100
	sasl.client.callback.handler.class = null
	sasl.jaas.config = null
	sasl.kerberos.kinit.cmd = /usr/bin/kinit
	sasl.kerberos.min.time.before.relogin = 60000
	sasl.kerberos.service.name = null
	sasl.kerberos.ticket.renew.jitter = 0.05
	sasl.kerberos.ticket.renew.window.factor = 0.8
	sasl.login.callback.handler.class = null
	sasl.login.class = null
	sasl.login.connect.timeout.ms = null
	sasl.login.read.timeout.ms = null
	sasl.login.refresh.buffer.seconds = 300
	sasl.login.refresh.min.period.seconds = 60
	sasl.login.refresh.window.factor = 0.8
	sasl.login.refresh.window.jitter = 0.05
	sasl.login.retry.backoff.max.ms = 10000
	sasl.login.retry.backoff.ms = 100
	sasl.mechanism = GSSAPI
	sasl.oauthbearer.clock.skew.seconds = 30
	sasl.oauthbearer.expected.audience = null
	sasl.oauthbearer.expected.issuer = null
	sasl.oauthbearer.header.urlencode = false
	sasl.oauthbearer.jwks.endpoint.refresh.ms = 3600000
	sasl.oauthbearer.jwks.endpoint.retry.backoff.max.ms = 10000
	sasl.oauthbearer.jwks.endpoint.retry.backoff.ms = 100
	sasl.oauthbearer.jwks.endpoint.url = null
	sasl.oauthbearer.scope.claim.name = scope
	sasl.oauthbearer.sub.claim.name = sub
	sasl.oauthbearer.token.endpoint.url = null
	security.protocol = PLAINTEXT
	security.providers = null
	send.buffer.bytes = 131072
	socket.connection.setup.timeout.max.ms = 30000
	socket.connection.setup.timeout.ms = 10000
	ssl.cipher.suites = null
	ssl.enabled.protocols = [TLSv1.2, TLSv1.3]
	ssl.endpoint.identification.algorithm = https
	ssl.engine.factory.class = null
	ssl.key.password = null
	ssl.keymanager.algorithm = SunX509
	ssl.keystore.certificate.chain = null
	ssl.keystore.key = null
	ssl.keystore.location = null
	ssl.keystore.password = null
	ssl.keystore.type = JKS
	ssl.protocol = TLSv1.3
	ssl.provider = null
	ssl.secure.random.implementation = null
	ssl.trustmanager.algorithm = PKIX
	ssl.truststore.certificates = null
	ssl.truststore.location = null
	ssl.truststore.password = null
	ssl.truststore.type = JKS
	transaction.timeout.ms = 60000
	transactional.id = null
	value.serializer = class io.apicurio.registry.serde.avro.AvroKafkaSerializer

2025-08-05 18:23:20,427 INFO  [org.apa.kaf.com.tel.int.KafkaMetricsCollector] (main) initializing Kafka metrics collector
2025-08-05 18:23:20,430 INFO  [org.apa.kaf.cli.pro.KafkaProducer] (main) [Producer clientId=Producer-topic-f927b6b2_a58d_4bf4_8c63_477a4b083043] Instantiated an idempotent producer.
2025-08-05 18:23:20,434 INFO  [org.apa.kaf.cli.pro.ProducerConfig] (main) These configurations '[apicurio.registry.url, apicurio.registry.auto-register, apicurio.registry.use-id, apicurio.registry.artifact-resolver-strategy]' were supplied but are not used yet.
2025-08-05 18:23:20,434 INFO  [org.apa.kaf.com.uti.AppInfoParser] (main) Kafka version: 3.9.1
2025-08-05 18:23:20,434 INFO  [org.apa.kaf.com.uti.AppInfoParser] (main) Kafka commitId: f745dfdcee2b9851
2025-08-05 18:23:20,434 INFO  [org.apa.kaf.com.uti.AppInfoParser] (main) Kafka startTimeMs: 1754418200434
2025-08-05 18:23:20,435 INFO  [io.api.tes.ser.api.SimpleSerdesTesterBuilder$SimpleSerdesTester] (main) Using producer configuration: {apicurio.registry.url=http://registry-app-inmemory.apps.ci419.apicurio-testing.org:80/apis/registry/v3, apicurio.registry.auto-register=true, apicurio.registry.use-id=globalId, apicurio.registry.artifact-resolver-strategy=io.apicurio.registry.serde.strategy.TopicIdStrategy, value.serializer=io.apicurio.registry.serde.avro.AvroKafkaSerializer, request.timeout.ms=5000, acks=all, bootstrap.servers=PLAINTEXT://localhost:32769, connections.max.idle.ms=10000, key.serializer=org.apache.kafka.common.serialization.StringSerializer, client.id=Producer-topic-f927b6b2_a58d_4bf4_8c63_477a4b083043}
2025-08-05 18:23:20,435 INFO  [io.api.tes.ser.api.SimpleSerdesTesterBuilder$SimpleSerdesTester] (main) Using consumer configuration: {apicurio.registry.use-id=globalId}
2025-08-05 18:23:20,435 INFO  [io.api.tes.ser.api.KafkaSerdesTester] (Thread-710) Sending message {"key11754418200420": "value-0"} to topic topic-f927b6b2_a58d_4bf4_8c63_477a4b083043
2025-08-05 18:23:20,441 WARN  [org.apa.kaf.cli.NetworkClient] (kafka-producer-network-thread | Producer-topic-f927b6b2_a58d_4bf4_8c63_477a4b083043) [Producer clientId=Producer-topic-f927b6b2_a58d_4bf4_8c63_477a4b083043] The metadata response from the cluster reported a recoverable issue with correlation id 1 : {topic-f927b6b2_a58d_4bf4_8c63_477a4b083043=UNKNOWN_TOPIC_OR_PARTITION}
2025-08-05 18:23:20,441 INFO  [org.apa.kaf.cli.Metadata] (kafka-producer-network-thread | Producer-topic-f927b6b2_a58d_4bf4_8c63_477a4b083043) [Producer clientId=Producer-topic-f927b6b2_a58d_4bf4_8c63_477a4b083043] Cluster ID: PopyJKdlRzKjlQHMpYFwRA
2025-08-05 18:23:20,444 INFO  [org.apa.kaf.cli.pro.int.TransactionManager] (kafka-producer-network-thread | Producer-topic-f927b6b2_a58d_4bf4_8c63_477a4b083043) [Producer clientId=Producer-topic-f927b6b2_a58d_4bf4_8c63_477a4b083043] ProducerId set to 20 with epoch 0
2025-08-05 18:23:20,698 INFO  [io.api.tes.ser.api.KafkaSerdesTester] (Thread-710) Sending message {"key11754418200420": "value-1"} to topic topic-f927b6b2_a58d_4bf4_8c63_477a4b083043
2025-08-05 18:23:20,699 INFO  [io.api.tes.ser.api.KafkaSerdesTester] (Thread-710) Sending message {"key11754418200420": "value-2"} to topic topic-f927b6b2_a58d_4bf4_8c63_477a4b083043
2025-08-05 18:23:20,700 INFO  [io.api.tes.ser.api.KafkaSerdesTester] (Thread-710) Sending message {"key11754418200420": "value-3"} to topic topic-f927b6b2_a58d_4bf4_8c63_477a4b083043
2025-08-05 18:23:20,701 INFO  [io.api.tes.ser.api.KafkaSerdesTester] (Thread-710) Sending message {"key11754418200420": "value-4"} to topic topic-f927b6b2_a58d_4bf4_8c63_477a4b083043
2025-08-05 18:23:20,703 INFO  [io.api.tes.ser.api.KafkaSerdesTester] (Thread-710) Sending message {"key11754418200420": "value-5"} to topic topic-f927b6b2_a58d_4bf4_8c63_477a4b083043
2025-08-05 18:23:20,704 INFO  [io.api.tes.ser.api.KafkaSerdesTester] (Thread-710) Sending message {"key11754418200420": "value-6"} to topic topic-f927b6b2_a58d_4bf4_8c63_477a4b083043
2025-08-05 18:23:20,705 INFO  [io.api.tes.ser.api.KafkaSerdesTester] (Thread-710) Sending message {"key11754418200420": "value-7"} to topic topic-f927b6b2_a58d_4bf4_8c63_477a4b083043
2025-08-05 18:23:20,706 INFO  [io.api.tes.ser.api.KafkaSerdesTester] (Thread-710) Sending message {"key11754418200420": "value-8"} to topic topic-f927b6b2_a58d_4bf4_8c63_477a4b083043
2025-08-05 18:23:20,707 INFO  [io.api.tes.ser.api.KafkaSerdesTester] (Thread-710) Sending message {"key11754418200420": "value-9"} to topic topic-f927b6b2_a58d_4bf4_8c63_477a4b083043
2025-08-05 18:23:20,708 INFO  [io.api.tes.ser.api.KafkaSerdesTester] (Thread-710) Produced 10 messages
2025-08-05 18:23:20,708 INFO  [org.apa.kaf.cli.pro.KafkaProducer] (Thread-710) [Producer clientId=Producer-topic-f927b6b2_a58d_4bf4_8c63_477a4b083043] Closing the Kafka producer with timeoutMillis = 9223372036854775807 ms.
2025-08-05 18:23:20,709 INFO  [org.apa.kaf.com.met.Metrics] (Thread-710) Metrics scheduler closed
2025-08-05 18:23:20,709 INFO  [org.apa.kaf.com.met.Metrics] (Thread-710) Closing reporter org.apache.kafka.common.metrics.JmxReporter
2025-08-05 18:23:20,709 INFO  [org.apa.kaf.com.met.Metrics] (Thread-710) Closing reporter org.apache.kafka.common.telemetry.internals.ClientTelemetryReporter
2025-08-05 18:23:20,709 INFO  [org.apa.kaf.com.met.Metrics] (Thread-710) Metrics reporters closed
2025-08-05 18:23:20,710 INFO  [org.apa.kaf.com.uti.AppInfoParser] (Thread-710) App info kafka.producer for Producer-topic-f927b6b2_a58d_4bf4_8c63_477a4b083043 unregistered
**** Registry Base URL: http://registry-app-inmemory.apps.ci419.apicurio-testing.org:80
2025-08-05 18:23:20,863 INFO  [org.apa.kaf.cli.con.ConsumerConfig] (main) ConsumerConfig values: 
	allow.auto.create.topics = true
	auto.commit.interval.ms = 500
	auto.include.jmx.reporter = true
	auto.offset.reset = earliest
	bootstrap.servers = [PLAINTEXT://localhost:32769]
	check.crcs = true
	client.dns.lookup = use_all_dns_ips
	client.id = consumer-Consumer-topic-f927b6b2_a58d_4bf4_8c63_477a4b083043-15
	client.rack = 
	connections.max.idle.ms = 10000
	default.api.timeout.ms = 60000
	enable.auto.commit = true
	enable.metrics.push = true
	exclude.internal.topics = true
	fetch.max.bytes = 52428800
	fetch.max.wait.ms = 500
	fetch.min.bytes = 1
	group.id = Consumer-topic-f927b6b2_a58d_4bf4_8c63_477a4b083043
	group.instance.id = null
	group.protocol = classic
	group.remote.assignor = null
	heartbeat.interval.ms = 3000
	interceptor.classes = []
	internal.leave.group.on.close = true
	internal.throw.on.fetch.stable.offset.unsupported = false
	isolation.level = read_uncommitted
	key.deserializer = class org.apache.kafka.common.serialization.StringDeserializer
	max.partition.fetch.bytes = 1048576
	max.poll.interval.ms = 300000
	max.poll.records = 500
	metadata.max.age.ms = 300000
	metadata.recovery.strategy = none
	metric.reporters = []
	metrics.num.samples = 2
	metrics.recording.level = INFO
	metrics.sample.window.ms = 30000
	partition.assignment.strategy = [class org.apache.kafka.clients.consumer.RangeAssignor, class org.apache.kafka.clients.consumer.CooperativeStickyAssignor]
	receive.buffer.bytes = 65536
	reconnect.backoff.max.ms = 1000
	reconnect.backoff.ms = 50
	request.timeout.ms = 5000
	retry.backoff.max.ms = 1000
	retry.backoff.ms = 100
	sasl.client.callback.handler.class = null
	sasl.jaas.config = null
	sasl.kerberos.kinit.cmd = /usr/bin/kinit
	sasl.kerberos.min.time.before.relogin = 60000
	sasl.kerberos.service.name = null
	sasl.kerberos.ticket.renew.jitter = 0.05
	sasl.kerberos.ticket.renew.window.factor = 0.8
	sasl.login.callback.handler.class = null
	sasl.login.class = null
	sasl.login.connect.timeout.ms = null
	sasl.login.read.timeout.ms = null
	sasl.login.refresh.buffer.seconds = 300
	sasl.login.refresh.min.period.seconds = 60
	sasl.login.refresh.window.factor = 0.8
	sasl.login.refresh.window.jitter = 0.05
	sasl.login.retry.backoff.max.ms = 10000
	sasl.login.retry.backoff.ms = 100
	sasl.mechanism = GSSAPI
	sasl.oauthbearer.clock.skew.seconds = 30
	sasl.oauthbearer.expected.audience = null
	sasl.oauthbearer.expected.issuer = null
	sasl.oauthbearer.header.urlencode = false
	sasl.oauthbearer.jwks.endpoint.refresh.ms = 3600000
	sasl.oauthbearer.jwks.endpoint.retry.backoff.max.ms = 10000
	sasl.oauthbearer.jwks.endpoint.retry.backoff.ms = 100
	sasl.oauthbearer.jwks.endpoint.url = null
	sasl.oauthbearer.scope.claim.name = scope
	sasl.oauthbearer.sub.claim.name = sub
	sasl.oauthbearer.token.endpoint.url = null
	security.protocol = PLAINTEXT
	security.providers = null
	send.buffer.bytes = 131072
	session.timeout.ms = 45000
	socket.connection.setup.timeout.max.ms = 30000
	socket.connection.setup.timeout.ms = 10000
	ssl.cipher.suites = null
	ssl.enabled.protocols = [TLSv1.2, TLSv1.3]
	ssl.endpoint.identification.algorithm = https
	ssl.engine.factory.class = null
	ssl.key.password = null
	ssl.keymanager.algorithm = SunX509
	ssl.keystore.certificate.chain = null
	ssl.keystore.key = null
	ssl.keystore.location = null
	ssl.keystore.password = null
	ssl.keystore.type = JKS
	ssl.protocol = TLSv1.3
	ssl.provider = null
	ssl.secure.random.implementation = null
	ssl.trustmanager.algorithm = PKIX
	ssl.truststore.certificates = null
	ssl.truststore.location = null
	ssl.truststore.password = null
	ssl.truststore.type = JKS
	value.deserializer = class io.apicurio.registry.serde.avro.AvroKafkaDeserializer

2025-08-05 18:23:20,863 INFO  [org.apa.kaf.com.tel.int.KafkaMetricsCollector] (main) initializing Kafka metrics collector
2025-08-05 18:23:20,867 INFO  [org.apa.kaf.cli.con.ConsumerConfig] (main) These configurations '[apicurio.registry.url, apicurio.registry.use-id]' were supplied but are not used yet.
2025-08-05 18:23:20,867 INFO  [org.apa.kaf.com.uti.AppInfoParser] (main) Kafka version: 3.9.1
2025-08-05 18:23:20,867 INFO  [org.apa.kaf.com.uti.AppInfoParser] (main) Kafka commitId: f745dfdcee2b9851
2025-08-05 18:23:20,867 INFO  [org.apa.kaf.com.uti.AppInfoParser] (main) Kafka startTimeMs: 1754418200867
2025-08-05 18:23:20,868 INFO  [org.apa.kaf.cli.con.int.ClassicKafkaConsumer] (Thread-713) [Consumer clientId=consumer-Consumer-topic-f927b6b2_a58d_4bf4_8c63_477a4b083043-15, groupId=Consumer-topic-f927b6b2_a58d_4bf4_8c63_477a4b083043] Subscribed to topic(s): topic-f927b6b2_a58d_4bf4_8c63_477a4b083043
2025-08-05 18:23:20,870 INFO  [org.apa.kaf.cli.Metadata] (Thread-713) [Consumer clientId=consumer-Consumer-topic-f927b6b2_a58d_4bf4_8c63_477a4b083043-15, groupId=Consumer-topic-f927b6b2_a58d_4bf4_8c63_477a4b083043] Cluster ID: PopyJKdlRzKjlQHMpYFwRA
2025-08-05 18:23:20,872 INFO  [org.apa.kaf.cli.con.int.ConsumerCoordinator] (Thread-713) [Consumer clientId=consumer-Consumer-topic-f927b6b2_a58d_4bf4_8c63_477a4b083043-15, groupId=Consumer-topic-f927b6b2_a58d_4bf4_8c63_477a4b083043] Discovered group coordinator localhost:32769 (id: 2147483647 rack: null)
2025-08-05 18:23:20,873 INFO  [org.apa.kaf.cli.con.int.ConsumerCoordinator] (Thread-713) [Consumer clientId=consumer-Consumer-topic-f927b6b2_a58d_4bf4_8c63_477a4b083043-15, groupId=Consumer-topic-f927b6b2_a58d_4bf4_8c63_477a4b083043] (Re-)joining group
2025-08-05 18:23:20,875 INFO  [org.apa.kaf.cli.con.int.ConsumerCoordinator] (Thread-713) [Consumer clientId=consumer-Consumer-topic-f927b6b2_a58d_4bf4_8c63_477a4b083043-15, groupId=Consumer-topic-f927b6b2_a58d_4bf4_8c63_477a4b083043] Request joining group due to: need to re-join with the given member-id: consumer-Consumer-topic-f927b6b2_a58d_4bf4_8c63_477a4b083043-15-6103f4fb-3ce1-4472-bfda-47b4c50212bf
2025-08-05 18:23:20,875 INFO  [org.apa.kaf.cli.con.int.ConsumerCoordinator] (Thread-713) [Consumer clientId=consumer-Consumer-topic-f927b6b2_a58d_4bf4_8c63_477a4b083043-15, groupId=Consumer-topic-f927b6b2_a58d_4bf4_8c63_477a4b083043] (Re-)joining group
2025-08-05 18:23:21,868 INFO  [io.api.tes.ser.api.KafkaSerdesTester] (Thread-713) None found
2025-08-05 18:23:22,869 INFO  [io.api.tes.ser.api.KafkaSerdesTester] (Thread-713) None found
2025-08-05 18:23:23,870 INFO  [io.api.tes.ser.api.KafkaSerdesTester] (Thread-713) None found
2025-08-05 18:23:23,877 INFO  [org.apa.kaf.cli.con.int.ConsumerCoordinator] (Thread-713) [Consumer clientId=consumer-Consumer-topic-f927b6b2_a58d_4bf4_8c63_477a4b083043-15, groupId=Consumer-topic-f927b6b2_a58d_4bf4_8c63_477a4b083043] Successfully joined group with generation Generation{generationId=1, memberId='consumer-Consumer-topic-f927b6b2_a58d_4bf4_8c63_477a4b083043-15-6103f4fb-3ce1-4472-bfda-47b4c50212bf', protocol='range'}
2025-08-05 18:23:23,877 INFO  [org.apa.kaf.cli.con.int.ConsumerCoordinator] (Thread-713) [Consumer clientId=consumer-Consumer-topic-f927b6b2_a58d_4bf4_8c63_477a4b083043-15, groupId=Consumer-topic-f927b6b2_a58d_4bf4_8c63_477a4b083043] Finished assignment for group at generation 1: {consumer-Consumer-topic-f927b6b2_a58d_4bf4_8c63_477a4b083043-15-6103f4fb-3ce1-4472-bfda-47b4c50212bf=Assignment(partitions=[topic-f927b6b2_a58d_4bf4_8c63_477a4b083043-0])}
2025-08-05 18:23:23,884 INFO  [org.apa.kaf.cli.con.int.ConsumerCoordinator] (Thread-713) [Consumer clientId=consumer-Consumer-topic-f927b6b2_a58d_4bf4_8c63_477a4b083043-15, groupId=Consumer-topic-f927b6b2_a58d_4bf4_8c63_477a4b083043] Successfully synced group in generation Generation{generationId=1, memberId='consumer-Consumer-topic-f927b6b2_a58d_4bf4_8c63_477a4b083043-15-6103f4fb-3ce1-4472-bfda-47b4c50212bf', protocol='range'}
2025-08-05 18:23:23,884 INFO  [org.apa.kaf.cli.con.int.ConsumerCoordinator] (Thread-713) [Consumer clientId=consumer-Consumer-topic-f927b6b2_a58d_4bf4_8c63_477a4b083043-15, groupId=Consumer-topic-f927b6b2_a58d_4bf4_8c63_477a4b083043] Notifying assignor about the new Assignment(partitions=[topic-f927b6b2_a58d_4bf4_8c63_477a4b083043-0])
2025-08-05 18:23:23,884 INFO  [org.apa.kaf.cli.con.int.ConsumerRebalanceListenerInvoker] (Thread-713) [Consumer clientId=consumer-Consumer-topic-f927b6b2_a58d_4bf4_8c63_477a4b083043-15, groupId=Consumer-topic-f927b6b2_a58d_4bf4_8c63_477a4b083043] Adding newly assigned partitions: topic-f927b6b2_a58d_4bf4_8c63_477a4b083043-0
2025-08-05 18:23:23,885 INFO  [org.apa.kaf.cli.con.int.ConsumerCoordinator] (Thread-713) [Consumer clientId=consumer-Consumer-topic-f927b6b2_a58d_4bf4_8c63_477a4b083043-15, groupId=Consumer-topic-f927b6b2_a58d_4bf4_8c63_477a4b083043] Found no committed offset for partition topic-f927b6b2_a58d_4bf4_8c63_477a4b083043-0
2025-08-05 18:23:23,887 INFO  [org.apa.kaf.cli.con.int.SubscriptionState] (Thread-713) [Consumer clientId=consumer-Consumer-topic-f927b6b2_a58d_4bf4_8c63_477a4b083043-15, groupId=Consumer-topic-f927b6b2_a58d_4bf4_8c63_477a4b083043] Resetting offset for partition topic-f927b6b2_a58d_4bf4_8c63_477a4b083043-0 to position FetchPosition{offset=0, offsetEpoch=Optional.empty, currentLeader=LeaderAndEpoch{leader=Optional[localhost:32769 (id: 0 rack: null)], epoch=0}}.
2025-08-05 18:23:24,106 INFO  [io.api.tes.ser.api.KafkaSerdesTester] (Thread-713) topic-f927b6b2_a58d_4bf4_8c63_477a4b083043 0 0 {"key11754418200420": "value-0"}
2025-08-05 18:23:24,106 INFO  [io.api.tes.ser.api.KafkaSerdesTester] (Thread-713) topic-f927b6b2_a58d_4bf4_8c63_477a4b083043 0 1 {"key11754418200420": "value-1"}
2025-08-05 18:23:24,106 INFO  [io.api.tes.ser.api.KafkaSerdesTester] (Thread-713) topic-f927b6b2_a58d_4bf4_8c63_477a4b083043 0 2 {"key11754418200420": "value-2"}
2025-08-05 18:23:24,107 INFO  [io.api.tes.ser.api.KafkaSerdesTester] (Thread-713) topic-f927b6b2_a58d_4bf4_8c63_477a4b083043 0 3 {"key11754418200420": "value-3"}
2025-08-05 18:23:24,107 INFO  [io.api.tes.ser.api.KafkaSerdesTester] (Thread-713) topic-f927b6b2_a58d_4bf4_8c63_477a4b083043 0 4 {"key11754418200420": "value-4"}
2025-08-05 18:23:24,107 INFO  [io.api.tes.ser.api.KafkaSerdesTester] (Thread-713) topic-f927b6b2_a58d_4bf4_8c63_477a4b083043 0 5 {"key11754418200420": "value-5"}
2025-08-05 18:23:24,107 INFO  [io.api.tes.ser.api.KafkaSerdesTester] (Thread-713) topic-f927b6b2_a58d_4bf4_8c63_477a4b083043 0 6 {"key11754418200420": "value-6"}
2025-08-05 18:23:24,107 INFO  [io.api.tes.ser.api.KafkaSerdesTester] (Thread-713) topic-f927b6b2_a58d_4bf4_8c63_477a4b083043 0 7 {"key11754418200420": "value-7"}
2025-08-05 18:23:24,107 INFO  [io.api.tes.ser.api.KafkaSerdesTester] (Thread-713) topic-f927b6b2_a58d_4bf4_8c63_477a4b083043 0 8 {"key11754418200420": "value-8"}
2025-08-05 18:23:24,107 INFO  [io.api.tes.ser.api.KafkaSerdesTester] (Thread-713) topic-f927b6b2_a58d_4bf4_8c63_477a4b083043 0 9 {"key11754418200420": "value-9"}
2025-08-05 18:23:24,107 INFO  [io.api.tes.ser.api.KafkaSerdesTester] (Thread-713) Consumed 10 messages
2025-08-05 18:23:24,116 INFO  [org.apa.kaf.cli.con.int.ConsumerRebalanceListenerInvoker] (Thread-713) [Consumer clientId=consumer-Consumer-topic-f927b6b2_a58d_4bf4_8c63_477a4b083043-15, groupId=Consumer-topic-f927b6b2_a58d_4bf4_8c63_477a4b083043] Revoke previously assigned partitions topic-f927b6b2_a58d_4bf4_8c63_477a4b083043-0
2025-08-05 18:23:24,116 INFO  [org.apa.kaf.cli.con.int.ConsumerCoordinator] (Thread-713) [Consumer clientId=consumer-Consumer-topic-f927b6b2_a58d_4bf4_8c63_477a4b083043-15, groupId=Consumer-topic-f927b6b2_a58d_4bf4_8c63_477a4b083043] Member consumer-Consumer-topic-f927b6b2_a58d_4bf4_8c63_477a4b083043-15-6103f4fb-3ce1-4472-bfda-47b4c50212bf sending LeaveGroup request to coordinator localhost:32769 (id: 2147483647 rack: null) due to the consumer is being closed
2025-08-05 18:23:24,116 INFO  [org.apa.kaf.cli.con.int.ConsumerCoordinator] (Thread-713) [Consumer clientId=consumer-Consumer-topic-f927b6b2_a58d_4bf4_8c63_477a4b083043-15, groupId=Consumer-topic-f927b6b2_a58d_4bf4_8c63_477a4b083043] Resetting generation and member id due to: consumer pro-actively leaving the group
2025-08-05 18:23:24,116 INFO  [org.apa.kaf.cli.con.int.ConsumerCoordinator] (Thread-713) [Consumer clientId=consumer-Consumer-topic-f927b6b2_a58d_4bf4_8c63_477a4b083043-15, groupId=Consumer-topic-f927b6b2_a58d_4bf4_8c63_477a4b083043] Request joining group due to: consumer pro-actively leaving the group
2025-08-05 18:23:24,612 INFO  [org.apa.kaf.com.met.Metrics] (Thread-713) Metrics scheduler closed
2025-08-05 18:23:24,612 INFO  [org.apa.kaf.com.met.Metrics] (Thread-713) Closing reporter org.apache.kafka.common.metrics.JmxReporter
2025-08-05 18:23:24,612 INFO  [org.apa.kaf.com.met.Metrics] (Thread-713) Closing reporter org.apache.kafka.common.telemetry.internals.ClientTelemetryReporter
2025-08-05 18:23:24,612 INFO  [org.apa.kaf.com.met.Metrics] (Thread-713) Metrics reporters closed
2025-08-05 18:23:24,614 INFO  [org.apa.kaf.com.uti.AppInfoParser] (Thread-713) App info kafka.consumer for consumer-Consumer-topic-f927b6b2_a58d_4bf4_8c63_477a4b083043-15 unregistered
2025-08-05 18:23:24,616 INFO  [io.api.tes.uti.TestSeparator] (main) io.apicurio.tests.serdes.apicurio.AvroSerdeIT.testGlobalIdInBody-FINISHED
2025-08-05 18:23:24,616 INFO  [io.api.tes.uti.TestSeparator] (main) ############################################################################
Test passed: testGlobalIdInBody
]]></system-out>
  </testcase>
  <testcase name="testProducerUsesGlobalIdConsumerUsesDefault" classname="io.apicurio.tests.serdes.apicurio.AvroSerdeIT" time="0.0">
    <skipped message="void io.apicurio.tests.serdes.apicurio.AvroSerdeIT.testProducerUsesGlobalIdConsumerUsesDefault() throws java.lang.Exception is @Disabled"/>
  </testcase>
</testsuite>