<?xml version="1.0" encoding="UTF-8"?>
<testsuite xmlns:xsi="http://www.w3.org/2001/XMLSchema-instance" xsi:noNamespaceSchemaLocation="https://maven.apache.org/surefire/maven-failsafe-plugin/xsd/failsafe-test-report.xsd" version="3.0.2" name="io.apicurio.tests.serdes.apicurio.AvroSerdeIT" time="102.078" tests="21" errors="0" skipped="2" failures="0">
  <properties>
    <property name="java.specification.version" value="17"/>
    <property name="sun.jnu.encoding" value="UTF-8"/>
    <property name="java.class.path" value="/home/runner/work/apicurio-testing/apicurio-testing/cache/clusters/ci419/namespaces/ksql047/tests/integration/apicurio-registry/integration-tests/target/test-classes:/home/runner/work/apicurio-testing/apicurio-testing/cache/clusters/ci419/namespaces/ksql047/tests/integration/apicurio-registry/integration-tests/target/apicurio-registry-integration-tests-3.0.15.jar:/home/runner/.m2/repository/io/quarkus/quarkus-junit5/3.20.2/quarkus-junit5-3.20.2.jar:/home/runner/.m2/repository/io/quarkus/quarkus-bootstrap-core/3.20.2/quarkus-bootstrap-core-3.20.2.jar:/home/runner/.m2/repository/io/quarkus/quarkus-classloader-commons/3.20.2/quarkus-classloader-commons-3.20.2.jar:/home/runner/.m2/repository/io/quarkus/quarkus-bootstrap-app-model/3.20.2/quarkus-bootstrap-app-model-3.20.2.jar:/home/runner/.m2/repository/io/smallrye/common/smallrye-common-io/2.12.0/smallrye-common-io-2.12.0.jar:/home/runner/.m2/repository/org/eclipse/sisu/org.eclipse.sisu.inject/0.9.0.M3/org.eclipse.sisu.inject-0.9.0.M3.jar:/home/runner/.m2/repository/io/quarkus/quarkus-test-common/3.20.2/quarkus-test-common-3.20.2.jar:/home/runner/.m2/repository/io/quarkus/quarkus-core-deployment/3.20.2/quarkus-core-deployment-3.20.2.jar:/home/runner/.m2/repository/org/aesh/readline/2.6/readline-2.6.jar:/home/runner/.m2/repository/org/fusesource/jansi/jansi/2.4.0/jansi-2.4.0.jar:/home/runner/.m2/repository/org/aesh/aesh/2.8.2/aesh-2.8.2.jar:/home/runner/.m2/repository/io/quarkus/gizmo/gizmo/1.8.0/gizmo-1.8.0.jar:/home/runner/.m2/repository/org/ow2/asm/asm-util/9.7.1/asm-util-9.7.1.jar:/home/runner/.m2/repository/org/ow2/asm/asm-analysis/9.7.1/asm-analysis-9.7.1.jar:/home/runner/.m2/repository/org/ow2/asm/asm-commons/9.7.1/asm-commons-9.7.1.jar:/home/runner/.m2/repository/org/ow2/asm/asm-tree/9.7.1/asm-tree-9.7.1.jar:/home/runner/.m2/repository/io/quarkus/quarkus-hibernate-validator-spi/3.20.2/quarkus-hibernate-validator-spi-3.20.2.jar:/home/runner/.m2/repository/io/quarkus/quarkus-class-change-agent/3.20.2/quarkus-class-change-agent-3.20.2.jar:/home/runner/.m2/repository/io/quarkus/quarkus-devtools-utilities/3.20.2/quarkus-devtools-utilities-3.20.2.jar:/home/runner/.m2/repository/io/quarkus/quarkus-builder/3.20.2/quarkus-builder-3.20.2.jar:/home/runner/.m2/repository/org/graalvm/sdk/nativeimage/23.1.2/nativeimage-23.1.2.jar:/home/runner/.m2/repository/org/graalvm/sdk/word/23.1.2/word-23.1.2.jar:/home/runner/.m2/repository/io/quarkus/quarkus-bootstrap-maven-resolver/3.20.2/quarkus-bootstrap-maven-resolver-3.20.2.jar:/home/runner/.m2/repository/io/smallrye/beanbag/smallrye-beanbag-maven/1.5.2/smallrye-beanbag-maven-1.5.2.jar:/home/runner/.m2/repository/io/smallrye/beanbag/smallrye-beanbag-sisu/1.5.2/smallrye-beanbag-sisu-1.5.2.jar:/home/runner/.m2/repository/io/smallrye/beanbag/smallrye-beanbag/1.5.2/smallrye-beanbag-1.5.2.jar:/home/runner/.m2/repository/javax/inject/javax.inject/1/javax.inject-1.jar:/home/runner/.m2/repository/org/apache/maven/maven-artifact/3.9.9/maven-artifact-3.9.9.jar:/home/runner/.m2/repository/org/apache/maven/maven-builder-support/3.9.9/maven-builder-support-3.9.9.jar:/home/runner/.m2/repository/org/apache/maven/maven-model/3.9.9/maven-model-3.9.9.jar:/home/runner/.m2/repository/org/apache/maven/maven-model-builder/3.9.9/maven-model-builder-3.9.9.jar:/home/runner/.m2/repository/org/apache/maven/maven-repository-metadata/3.9.9/maven-repository-metadata-3.9.9.jar:/home/runner/.m2/repository/org/apache/maven/maven-settings/3.9.9/maven-settings-3.9.9.jar:/home/runner/.m2/repository/org/apache/maven/resolver/maven-resolver-api/1.9.22/maven-resolver-api-1.9.22.jar:/home/runner/.m2/repository/org/apache/maven/resolver/maven-resolver-impl/1.9.22/maven-resolver-impl-1.9.22.jar:/home/runner/.m2/repository/org/apache/maven/resolver/maven-resolver-named-locks/1.9.22/maven-resolver-named-locks-1.9.22.jar:/home/runner/.m2/repository/org/apache/maven/resolver/maven-resolver-spi/1.9.22/maven-resolver-spi-1.9.22.jar:/home/runner/.m2/repository/org/apache/maven/resolver/maven-resolver-util/1.9.22/maven-resolver-util-1.9.22.jar:/home/runner/.m2/repository/org/apache/maven/resolver/maven-resolver-transport-http/1.9.20/maven-resolver-transport-http-1.9.20.jar:/home/runner/.m2/repository/org/apache/maven/wagon/wagon-provider-api/3.5.3/wagon-provider-api-3.5.3.jar:/home/runner/.m2/repository/org/apache/maven/wagon/wagon-http-shared/3.5.3/wagon-http-shared-3.5.3.jar:/home/runner/.m2/repository/org/codehaus/plexus/plexus-interpolation/1.26/plexus-interpolation-1.26.jar:/home/runner/.m2/repository/org/codehaus/plexus/plexus-utils/3.5.1/plexus-utils-3.5.1.jar:/home/runner/.m2/repository/org/codehaus/plexus/plexus-xml/4.0.1/plexus-xml-4.0.1.jar:/home/runner/.m2/repository/org/apache/maven/maven-xml-impl/4.0.0-alpha-5/maven-xml-impl-4.0.0-alpha-5.jar:/home/runner/.m2/repository/org/apache/maven/maven-api-xml/4.0.0-alpha-5/maven-api-xml-4.0.0-alpha-5.jar:/home/runner/.m2/repository/org/apache/maven/maven-api-meta/4.0.0-alpha-5/maven-api-meta-4.0.0-alpha-5.jar:/home/runner/.m2/repository/org/codehaus/plexus/plexus-cipher/2.0/plexus-cipher-2.0.jar:/home/runner/.m2/repository/org/codehaus/plexus/plexus-sec-dispatcher/2.0/plexus-sec-dispatcher-2.0.jar:/home/runner/.m2/repository/org/apache/maven/maven-embedder/3.9.9/maven-embedder-3.9.9.jar:/home/runner/.m2/repository/org/apache/maven/maven-core/3.9.9/maven-core-3.9.9.jar:/home/runner/.m2/repository/org/codehaus/plexus/plexus-component-annotations/2.1.0/plexus-component-annotations-2.1.0.jar:/home/runner/.m2/repository/org/apache/maven/maven-plugin-api/3.9.9/maven-plugin-api-3.9.9.jar:/home/runner/.m2/repository/org/apache/maven/shared/maven-shared-utils/3.4.2/maven-shared-utils-3.4.2.jar:/home/runner/.m2/repository/com/google/inject/guice/5.1.0/guice-5.1.0.jar:/home/runner/.m2/repository/aopalliance/aopalliance/1.0/aopalliance-1.0.jar:/home/runner/.m2/repository/org/codehaus/plexus/plexus-classworlds/2.6.0/plexus-classworlds-2.6.0.jar:/home/runner/.m2/repository/commons-cli/commons-cli/1.8.0/commons-cli-1.8.0.jar:/home/runner/.m2/repository/org/eclipse/sisu/org.eclipse.sisu.plexus/0.9.0.M3/org.eclipse.sisu.plexus-0.9.0.M3.jar:/home/runner/.m2/repository/org/apache/maven/maven-settings-builder/3.9.9/maven-settings-builder-3.9.9.jar:/home/runner/.m2/repository/org/apache/maven/maven-resolver-provider/3.9.9/maven-resolver-provider-3.9.9.jar:/home/runner/.m2/repository/org/apache/maven/resolver/maven-resolver-connector-basic/1.9.22/maven-resolver-connector-basic-1.9.22.jar:/home/runner/.m2/repository/org/apache/maven/resolver/maven-resolver-transport-wagon/1.9.22/maven-resolver-transport-wagon-1.9.22.jar:/home/runner/.m2/repository/org/apache/maven/wagon/wagon-http/3.5.3/wagon-http-3.5.3.jar:/home/runner/.m2/repository/org/apache/maven/wagon/wagon-file/3.5.3/wagon-file-3.5.3.jar:/home/runner/.m2/repository/io/quarkus/quarkus-bootstrap-gradle-resolver/3.20.2/quarkus-bootstrap-gradle-resolver-3.20.2.jar:/home/runner/.m2/repository/io/smallrye/jandex/3.3.0/jandex-3.3.0.jar:/home/runner/.m2/repository/org/jboss/logging/commons-logging-jboss-logging/1.0.0.Final/commons-logging-jboss-logging-1.0.0.Final.jar:/home/runner/.m2/repository/io/quarkus/quarkus-junit5-config/3.20.2/quarkus-junit5-config-3.20.2.jar:/home/runner/.m2/repository/org/junit/jupiter/junit-jupiter-api/5.12.1/junit-jupiter-api-5.12.1.jar:/home/runner/.m2/repository/io/smallrye/config/smallrye-config/3.11.4/smallrye-config-3.11.4.jar:/home/runner/.m2/repository/io/smallrye/config/smallrye-config-core/3.11.4/smallrye-config-core-3.11.4.jar:/home/runner/.m2/repository/io/smallrye/common/smallrye-common-classloader/2.12.0/smallrye-common-classloader-2.12.0.jar:/home/runner/.m2/repository/io/smallrye/config/smallrye-config-common/3.11.4/smallrye-config-common-3.11.4.jar:/home/runner/.m2/repository/org/junit/jupiter/junit-jupiter/5.12.1/junit-jupiter-5.12.1.jar:/home/runner/.m2/repository/org/junit/jupiter/junit-jupiter-params/5.12.1/junit-jupiter-params-5.12.1.jar:/home/runner/.m2/repository/org/junit/jupiter/junit-jupiter-engine/5.12.1/junit-jupiter-engine-5.12.1.jar:/home/runner/.m2/repository/io/quarkus/quarkus-core/3.20.2/quarkus-core-3.20.2.jar:/home/runner/.m2/repository/jakarta/enterprise/jakarta.enterprise.cdi-api/4.1.0/jakarta.enterprise.cdi-api-4.1.0.jar:/home/runner/.m2/repository/jakarta/enterprise/jakarta.enterprise.lang-model/4.1.0/jakarta.enterprise.lang-model-4.1.0.jar:/home/runner/.m2/repository/jakarta/el/jakarta.el-api/5.0.1/jakarta.el-api-5.0.1.jar:/home/runner/.m2/repository/jakarta/interceptor/jakarta.interceptor-api/2.2.0/jakarta.interceptor-api-2.2.0.jar:/home/runner/.m2/repository/jakarta/inject/jakarta.inject-api/2.0.1/jakarta.inject-api-2.0.1.jar:/home/runner/.m2/repository/io/smallrye/common/smallrye-common-os/2.12.0/smallrye-common-os-2.12.0.jar:/home/runner/.m2/repository/io/quarkus/quarkus-ide-launcher/3.20.2/quarkus-ide-launcher-3.20.2.jar:/home/runner/.m2/repository/io/quarkus/quarkus-development-mode-spi/3.20.2/quarkus-development-mode-spi-3.20.2.jar:/home/runner/.m2/repository/org/jboss/logging/jboss-logging/3.6.1.Final/jboss-logging-3.6.1.Final.jar:/home/runner/.m2/repository/org/jboss/logmanager/jboss-logmanager/3.1.2.Final/jboss-logmanager-3.1.2.Final.jar:/home/runner/.m2/repository/io/smallrye/common/smallrye-common-constraint/2.12.0/smallrye-common-constraint-2.12.0.jar:/home/runner/.m2/repository/io/smallrye/common/smallrye-common-cpu/2.12.0/smallrye-common-cpu-2.12.0.jar:/home/runner/.m2/repository/io/smallrye/common/smallrye-common-expression/2.12.0/smallrye-common-expression-2.12.0.jar:/home/runner/.m2/repository/io/smallrye/common/smallrye-common-net/2.12.0/smallrye-common-net-2.12.0.jar:/home/runner/.m2/repository/io/smallrye/common/smallrye-common-ref/2.12.0/smallrye-common-ref-2.12.0.jar:/home/runner/.m2/repository/jakarta/json/jakarta.json-api/2.1.3/jakarta.json-api-2.1.3.jar:/home/runner/.m2/repository/org/eclipse/parsson/parsson/1.1.7/parsson-1.1.7.jar:/home/runner/.m2/repository/org/jboss/logging/jboss-logging-annotations/3.0.4.Final/jboss-logging-annotations-3.0.4.Final.jar:/home/runner/.m2/repository/org/jboss/threads/jboss-threads/3.8.0.Final/jboss-threads-3.8.0.Final.jar:/home/runner/.m2/repository/io/smallrye/common/smallrye-common-annotation/2.12.0/smallrye-common-annotation-2.12.0.jar:/home/runner/.m2/repository/io/smallrye/common/smallrye-common-function/2.12.0/smallrye-common-function-2.12.0.jar:/home/runner/.m2/repository/org/jboss/slf4j/slf4j-jboss-logmanager/2.0.0.Final/slf4j-jboss-logmanager-2.0.0.Final.jar:/home/runner/.m2/repository/org/wildfly/common/wildfly-common/2.0.1/wildfly-common-2.0.1.jar:/home/runner/.m2/repository/io/quarkus/quarkus-bootstrap-runner/3.20.2/quarkus-bootstrap-runner-3.20.2.jar:/home/runner/.m2/repository/io/github/crac/org-crac/0.1.3/org-crac-0.1.3.jar:/home/runner/.m2/repository/io/quarkus/quarkus-fs-util/0.0.10/quarkus-fs-util-0.0.10.jar:/home/runner/.m2/repository/org/jboss/marshalling/jboss-marshalling/2.2.2.Final/jboss-marshalling-2.2.2.Final.jar:/home/runner/.m2/repository/io/fabric8/kubernetes-client/7.1.0/kubernetes-client-7.1.0.jar:/home/runner/.m2/repository/io/fabric8/kubernetes-client-api/7.1.0/kubernetes-client-api-7.1.0.jar:/home/runner/.m2/repository/io/fabric8/kubernetes-model-core/7.1.0/kubernetes-model-core-7.1.0.jar:/home/runner/.m2/repository/io/fabric8/kubernetes-model-common/7.1.0/kubernetes-model-common-7.1.0.jar:/home/runner/.m2/repository/javax/annotation/javax.annotation-api/1.3.2/javax.annotation-api-1.3.2.jar:/home/runner/.m2/repository/io/fabric8/kubernetes-model-gatewayapi/7.1.0/kubernetes-model-gatewayapi-7.1.0.jar:/home/runner/.m2/repository/io/fabric8/kubernetes-model-resource/7.1.0/kubernetes-model-resource-7.1.0.jar:/home/runner/.m2/repository/io/fabric8/kubernetes-model-rbac/7.1.0/kubernetes-model-rbac-7.1.0.jar:/home/runner/.m2/repository/io/fabric8/kubernetes-model-admissionregistration/7.1.0/kubernetes-model-admissionregistration-7.1.0.jar:/home/runner/.m2/repository/io/fabric8/kubernetes-model-apps/7.1.0/kubernetes-model-apps-7.1.0.jar:/home/runner/.m2/repository/io/fabric8/kubernetes-model-autoscaling/7.1.0/kubernetes-model-autoscaling-7.1.0.jar:/home/runner/.m2/repository/io/fabric8/kubernetes-model-apiextensions/7.1.0/kubernetes-model-apiextensions-7.1.0.jar:/home/runner/.m2/repository/io/fabric8/kubernetes-model-batch/7.1.0/kubernetes-model-batch-7.1.0.jar:/home/runner/.m2/repository/io/fabric8/kubernetes-model-certificates/7.1.0/kubernetes-model-certificates-7.1.0.jar:/home/runner/.m2/repository/io/fabric8/kubernetes-model-coordination/7.1.0/kubernetes-model-coordination-7.1.0.jar:/home/runner/.m2/repository/io/fabric8/kubernetes-model-discovery/7.1.0/kubernetes-model-discovery-7.1.0.jar:/home/runner/.m2/repository/io/fabric8/kubernetes-model-events/7.1.0/kubernetes-model-events-7.1.0.jar:/home/runner/.m2/repository/io/fabric8/kubernetes-model-extensions/7.1.0/kubernetes-model-extensions-7.1.0.jar:/home/runner/.m2/repository/io/fabric8/kubernetes-model-flowcontrol/7.1.0/kubernetes-model-flowcontrol-7.1.0.jar:/home/runner/.m2/repository/io/fabric8/kubernetes-model-networking/7.1.0/kubernetes-model-networking-7.1.0.jar:/home/runner/.m2/repository/io/fabric8/kubernetes-model-metrics/7.1.0/kubernetes-model-metrics-7.1.0.jar:/home/runner/.m2/repository/io/fabric8/kubernetes-model-policy/7.1.0/kubernetes-model-policy-7.1.0.jar:/home/runner/.m2/repository/io/fabric8/kubernetes-model-scheduling/7.1.0/kubernetes-model-scheduling-7.1.0.jar:/home/runner/.m2/repository/io/fabric8/kubernetes-model-storageclass/7.1.0/kubernetes-model-storageclass-7.1.0.jar:/home/runner/.m2/repository/io/fabric8/kubernetes-model-node/7.1.0/kubernetes-model-node-7.1.0.jar:/home/runner/.m2/repository/org/snakeyaml/snakeyaml-engine/2.9/snakeyaml-engine-2.9.jar:/home/runner/.m2/repository/com/fasterxml/jackson/dataformat/jackson-dataformat-yaml/2.18.2/jackson-dataformat-yaml-2.18.2.jar:/home/runner/.m2/repository/com/fasterxml/jackson/datatype/jackson-datatype-jsr310/2.18.2/jackson-datatype-jsr310-2.18.2.jar:/home/runner/.m2/repository/io/fabric8/zjsonpatch/7.1.0/zjsonpatch-7.1.0.jar:/home/runner/.m2/repository/io/fabric8/kubernetes-httpclient-vertx/7.1.0/kubernetes-httpclient-vertx-7.1.0.jar:/home/runner/.m2/repository/io/vertx/vertx-web-client/4.5.16/vertx-web-client-4.5.16.jar:/home/runner/.m2/repository/io/vertx/vertx-web-common/4.5.16/vertx-web-common-4.5.16.jar:/home/runner/.m2/repository/io/vertx/vertx-auth-common/4.5.16/vertx-auth-common-4.5.16.jar:/home/runner/.m2/repository/io/vertx/vertx-uri-template/4.5.16/vertx-uri-template-4.5.16.jar:/home/runner/.m2/repository/io/fabric8/openshift-client/7.1.0/openshift-client-7.1.0.jar:/home/runner/.m2/repository/io/fabric8/openshift-client-api/7.1.0/openshift-client-api-7.1.0.jar:/home/runner/.m2/repository/io/fabric8/openshift-model/7.1.0/openshift-model-7.1.0.jar:/home/runner/.m2/repository/io/fabric8/openshift-model-autoscaling/7.1.0/openshift-model-autoscaling-7.1.0.jar:/home/runner/.m2/repository/io/fabric8/openshift-model-operator/7.1.0/openshift-model-operator-7.1.0.jar:/home/runner/.m2/repository/io/fabric8/openshift-model-operatorhub/7.1.0/openshift-model-operatorhub-7.1.0.jar:/home/runner/.m2/repository/io/fabric8/openshift-model-machine/7.1.0/openshift-model-machine-7.1.0.jar:/home/runner/.m2/repository/io/fabric8/openshift-model-whereabouts/7.1.0/openshift-model-whereabouts-7.1.0.jar:/home/runner/.m2/repository/io/fabric8/openshift-model-monitoring/7.1.0/openshift-model-monitoring-7.1.0.jar:/home/runner/.m2/repository/io/fabric8/openshift-model-storageversionmigrator/7.1.0/openshift-model-storageversionmigrator-7.1.0.jar:/home/runner/.m2/repository/io/fabric8/openshift-model-tuned/7.1.0/openshift-model-tuned-7.1.0.jar:/home/runner/.m2/repository/io/fabric8/openshift-model-console/7.1.0/openshift-model-console-7.1.0.jar:/home/runner/.m2/repository/io/fabric8/openshift-model-config/7.1.0/openshift-model-config-7.1.0.jar:/home/runner/.m2/repository/io/fabric8/openshift-model-machineconfiguration/7.1.0/openshift-model-machineconfiguration-7.1.0.jar:/home/runner/.m2/repository/io/fabric8/openshift-model-miscellaneous/7.1.0/openshift-model-miscellaneous-7.1.0.jar:/home/runner/.m2/repository/io/fabric8/openshift-model-hive/7.1.0/openshift-model-hive-7.1.0.jar:/home/runner/.m2/repository/io/fabric8/openshift-model-installer/7.1.0/openshift-model-installer-7.1.0.jar:/home/runner/.m2/repository/org/junit/platform/junit-platform-launcher/1.12.1/junit-platform-launcher-1.12.1.jar:/home/runner/.m2/repository/org/junit/platform/junit-platform-engine/1.12.1/junit-platform-engine-1.12.1.jar:/home/runner/.m2/repository/org/opentest4j/opentest4j/1.3.0/opentest4j-1.3.0.jar:/home/runner/.m2/repository/org/junit/platform/junit-platform-commons/1.12.1/junit-platform-commons-1.12.1.jar:/home/runner/.m2/repository/org/apiguardian/apiguardian-api/1.1.2/apiguardian-api-1.1.2.jar:/home/runner/.m2/repository/jakarta/ws/rs/jakarta.ws.rs-api/3.1.0/jakarta.ws.rs-api-3.1.0.jar:/home/runner/work/apicurio-testing/apicurio-testing/cache/clusters/ci419/namespaces/ksql047/tests/integration/apicurio-registry/java-sdk/target/apicurio-registry-java-sdk-3.0.15.jar:/home/runner/.m2/repository/com/microsoft/kiota/microsoft-kiota-abstractions/1.8.10/microsoft-kiota-abstractions-1.8.10.jar:/home/runner/.m2/repository/io/github/std-uritemplate/std-uritemplate/2.0.0/std-uritemplate-2.0.0.jar:/home/runner/.m2/repository/io/kiota/kiota-http-jdk/0.0.29/kiota-http-jdk-0.0.29.jar:/home/runner/.m2/repository/io/kiota/kiota-http-vertx/0.0.29/kiota-http-vertx-0.0.29.jar:/home/runner/.m2/repository/io/kiota/kiota-serialization-jackson/0.0.29/kiota-serialization-jackson-0.0.29.jar:/home/runner/.m2/repository/com/microsoft/kiota/microsoft-kiota-serialization-text/1.8.10/microsoft-kiota-serialization-text-1.8.10.jar:/home/runner/.m2/repository/com/microsoft/kiota/microsoft-kiota-serialization-form/1.8.10/microsoft-kiota-serialization-form-1.8.10.jar:/home/runner/.m2/repository/com/microsoft/kiota/microsoft-kiota-serialization-multipart/1.8.10/microsoft-kiota-serialization-multipart-1.8.10.jar:/home/runner/.m2/repository/jakarta/annotation/jakarta.annotation-api/3.0.0/jakarta.annotation-api-3.0.0.jar:/home/runner/.m2/repository/io/vertx/vertx-auth-oauth2/4.5.16/vertx-auth-oauth2-4.5.16.jar:/home/runner/work/apicurio-testing/apicurio-testing/cache/clusters/ci419/namespaces/ksql047/tests/integration/apicurio-registry/java-sdk-v2/target/apicurio-registry-v2-java-sdk-3.0.15.jar:/home/runner/work/apicurio-testing/apicurio-testing/cache/clusters/ci419/namespaces/ksql047/tests/integration/apicurio-registry/utils/kafka/target/apicurio-registry-utils-kafka-3.0.15-tests.jar:/home/runner/.m2/repository/org/eclipse/microprofile/config/microprofile-config-api/3.1/microprofile-config-api-3.1.jar:/home/runner/.m2/repository/org/apache/kafka/kafka-clients/3.9.1/kafka-clients-3.9.1.jar:/home/runner/.m2/repository/com/github/luben/zstd-jni/1.5.6-4/zstd-jni-1.5.6-4.jar:/home/runner/.m2/repository/org/lz4/lz4-java/1.8.0/lz4-java-1.8.0.jar:/home/runner/.m2/repository/org/xerial/snappy/snappy-java/1.1.10.5/snappy-java-1.1.10.5.jar:/home/runner/.m2/repository/org/slf4j/slf4j-api/2.0.6/slf4j-api-2.0.6.jar:/home/runner/work/apicurio-testing/apicurio-testing/cache/clusters/ci419/namespaces/ksql047/tests/integration/apicurio-registry/utils/tests/target/apicurio-registry-utils-tests-3.0.15.jar:/home/runner/work/apicurio-testing/apicurio-testing/cache/clusters/ci419/namespaces/ksql047/tests/integration/apicurio-registry/common/target/apicurio-registry-common-3.0.15.jar:/home/runner/.m2/repository/jakarta/validation/jakarta.validation-api/3.0.2/jakarta.validation-api-3.0.2.jar:/home/runner/.m2/repository/com/github/dasniko/testcontainers-keycloak/3.8.0/testcontainers-keycloak-3.8.0.jar:/home/runner/.m2/repository/org/testcontainers/testcontainers/1.20.6/testcontainers-1.20.6.jar:/home/runner/.m2/repository/org/rnorth/duct-tape/duct-tape/1.0.8/duct-tape-1.0.8.jar:/home/runner/.m2/repository/com/github/docker-java/docker-java-transport-zerodep/3.4.1/docker-java-transport-zerodep-3.4.1.jar:/home/runner/.m2/repository/com/github/docker-java/docker-java-transport/3.4.1/docker-java-transport-3.4.1.jar:/home/runner/.m2/repository/net/java/dev/jna/jna/5.8.0/jna-5.8.0.jar:/home/runner/.m2/repository/io/quarkus/quarkus-junit4-mock/3.20.2/quarkus-junit4-mock-3.20.2.jar:/home/runner/.m2/repository/org/jboss/shrinkwrap/shrinkwrap-api/2.0.0-beta-2/shrinkwrap-api-2.0.0-beta-2.jar:/home/runner/.m2/repository/org/jboss/shrinkwrap/shrinkwrap-impl-base/2.0.0-beta-2/shrinkwrap-impl-base-2.0.0-beta-2.jar:/home/runner/.m2/repository/org/jboss/shrinkwrap/shrinkwrap-spi/2.0.0-beta-2/shrinkwrap-spi-2.0.0-beta-2.jar:/home/runner/.m2/repository/org/keycloak/keycloak-admin-client/26.0.4/keycloak-admin-client-26.0.4.jar:/home/runner/.m2/repository/org/keycloak/keycloak-client-common-synced/26.0.4/keycloak-client-common-synced-26.0.4.jar:/home/runner/.m2/repository/jakarta/activation/jakarta.activation-api/2.1.3/jakarta.activation-api-2.1.3.jar:/home/runner/.m2/repository/org/eclipse/microprofile/openapi/microprofile-openapi-api/4.0.2/microprofile-openapi-api-4.0.2.jar:/home/runner/.m2/repository/org/jboss/resteasy/resteasy-client/6.2.12.Final/resteasy-client-6.2.12.Final.jar:/home/runner/.m2/repository/org/jboss/resteasy/resteasy-client-api/6.2.12.Final/resteasy-client-api-6.2.12.Final.jar:/home/runner/.m2/repository/org/jboss/resteasy/resteasy-core-spi/6.2.12.Final/resteasy-core-spi-6.2.12.Final.jar:/home/runner/.m2/repository/org/jboss/resteasy/resteasy-core/6.2.12.Final/resteasy-core-6.2.12.Final.jar:/home/runner/.m2/repository/org/eclipse/angus/angus-activation/2.0.2/angus-activation-2.0.2.jar:/home/runner/.m2/repository/com/ibm/async/asyncutil/0.1.0/asyncutil-0.1.0.jar:/home/runner/.m2/repository/org/reactivestreams/reactive-streams/1.0.4/reactive-streams-1.0.4.jar:/home/runner/.m2/repository/org/jboss/resteasy/resteasy-multipart-provider/6.2.12.Final/resteasy-multipart-provider-6.2.12.Final.jar:/home/runner/.m2/repository/jakarta/mail/jakarta.mail-api/2.1.3/jakarta.mail-api-2.1.3.jar:/home/runner/.m2/repository/org/eclipse/angus/angus-mail/2.0.3/angus-mail-2.0.3.jar:/home/runner/.m2/repository/org/apache/james/apache-mime4j-dom/0.8.12/apache-mime4j-dom-0.8.12.jar:/home/runner/.m2/repository/org/apache/james/apache-mime4j-core/0.8.12/apache-mime4j-core-0.8.12.jar:/home/runner/.m2/repository/org/apache/james/apache-mime4j-storage/0.8.12/apache-mime4j-storage-0.8.12.jar:/home/runner/.m2/repository/org/jboss/resteasy/resteasy-jackson2-provider/6.2.12.Final/resteasy-jackson2-provider-6.2.12.Final.jar:/home/runner/.m2/repository/com/fasterxml/jackson/jakarta/rs/jackson-jakarta-rs-base/2.18.2/jackson-jakarta-rs-base-2.18.2.jar:/home/runner/.m2/repository/com/fasterxml/jackson/jakarta/rs/jackson-jakarta-rs-json-provider/2.18.2/jackson-jakarta-rs-json-provider-2.18.2.jar:/home/runner/.m2/repository/com/fasterxml/jackson/module/jackson-module-jakarta-xmlbind-annotations/2.18.2/jackson-module-jakarta-xmlbind-annotations-2.18.2.jar:/home/runner/.m2/repository/com/github/java-json-tools/json-patch/1.13/json-patch-1.13.jar:/home/runner/.m2/repository/com/github/java-json-tools/msg-simple/1.2/msg-simple-1.2.jar:/home/runner/.m2/repository/com/github/java-json-tools/btf/1.3/btf-1.3.jar:/home/runner/.m2/repository/com/github/java-json-tools/jackson-coreutils/2.0/jackson-coreutils-2.0.jar:/home/runner/.m2/repository/org/jboss/resteasy/resteasy-jaxb-provider/6.2.12.Final/resteasy-jaxb-provider-6.2.12.Final.jar:/home/runner/.m2/repository/org/glassfish/jaxb/codemodel/4.0.5/codemodel-4.0.5.jar:/home/runner/.m2/repository/org/glassfish/jaxb/jaxb-core/4.0.5/jaxb-core-4.0.5.jar:/home/runner/.m2/repository/org/glassfish/jaxb/jaxb-jxc/4.0.5/jaxb-jxc-4.0.5.jar:/home/runner/.m2/repository/org/glassfish/jaxb/jaxb-runtime/4.0.5/jaxb-runtime-4.0.5.jar:/home/runner/.m2/repository/org/glassfish/jaxb/txw2/4.0.5/txw2-4.0.5.jar:/home/runner/.m2/repository/org/glassfish/jaxb/jaxb-xjc/4.0.5/jaxb-xjc-4.0.5.jar:/home/runner/.m2/repository/org/glassfish/jaxb/xsom/4.0.5/xsom-4.0.5.jar:/home/runner/.m2/repository/com/sun/istack/istack-commons-runtime/4.1.2/istack-commons-runtime-4.1.2.jar:/home/runner/.m2/repository/com/sun/istack/istack-commons-tools/4.1.2/istack-commons-tools-4.1.2.jar:/home/runner/.m2/repository/com/sun/xml/bind/external/relaxng-datatype/4.0.5/relaxng-datatype-4.0.5.jar:/home/runner/.m2/repository/com/sun/xml/bind/external/rngom/4.0.5/rngom-4.0.5.jar:/home/runner/.m2/repository/org/testcontainers/mssqlserver/1.20.6/mssqlserver-1.20.6.jar:/home/runner/.m2/repository/org/testcontainers/jdbc/1.20.6/jdbc-1.20.6.jar:/home/runner/.m2/repository/org/testcontainers/database-commons/1.20.6/database-commons-1.20.6.jar:/home/runner/.m2/repository/org/testcontainers/mysql/1.20.6/mysql-1.20.6.jar:/home/runner/.m2/repository/io/strimzi/strimzi-test-container/0.112.0/strimzi-test-container-0.112.0.jar:/home/runner/.m2/repository/org/testcontainers/toxiproxy/1.20.6/toxiproxy-1.20.6.jar:/home/runner/.m2/repository/com/github/docker-java/docker-java-api/3.4.1/docker-java-api-3.4.1.jar:/home/runner/.m2/repository/org/apache/logging/log4j/log4j-slf4j-impl/2.19.0/log4j-slf4j-impl-2.19.0.jar:/home/runner/.m2/repository/org/apache/logging/log4j/log4j-api/2.24.3/log4j-api-2.24.3.jar:/home/runner/.m2/repository/org/apache/logging/log4j/log4j-core/2.19.0/log4j-core-2.19.0.jar:/home/runner/.m2/repository/eu/rekawek/toxiproxy/toxiproxy-java/2.1.7/toxiproxy-java-2.1.7.jar:/home/runner/.m2/repository/org/testcontainers/pulsar/1.21.3/pulsar-1.21.3.jar:/home/runner/.m2/repository/io/debezium/debezium-testing-testcontainers/2.7.4.Final/debezium-testing-testcontainers-2.7.4.Final.jar:/home/runner/.m2/repository/org/testcontainers/kafka/1.20.6/kafka-1.20.6.jar:/home/runner/.m2/repository/com/squareup/okhttp3/okhttp/4.8.1/okhttp-4.8.1.jar:/home/runner/.m2/repository/com/squareup/okio/okio/3.10.2/okio-3.10.2.jar:/home/runner/.m2/repository/com/squareup/okio/okio-jvm/3.10.2/okio-jvm-3.10.2.jar:/home/runner/.m2/repository/org/jetbrains/kotlin/kotlin-stdlib/2.0.21/kotlin-stdlib-2.0.21.jar:/home/runner/.m2/repository/org/awaitility/awaitility/4.3.0/awaitility-4.3.0.jar:/home/runner/.m2/repository/org/testcontainers/mongodb/1.20.6/mongodb-1.20.6.jar:/home/runner/.m2/repository/org/testcontainers/mariadb/1.20.6/mariadb-1.20.6.jar:/home/runner/.m2/repository/org/testcontainers/oracle-xe/1.20.6/oracle-xe-1.20.6.jar:/home/runner/.m2/repository/org/testcontainers/postgresql/1.20.6/postgresql-1.20.6.jar:/home/runner/.m2/repository/org/wiremock/wiremock/3.0.1/wiremock-3.0.1.jar:/home/runner/.m2/repository/org/eclipse/jetty/jetty-server/11.0.15/jetty-server-11.0.15.jar:/home/runner/.m2/repository/org/eclipse/jetty/toolchain/jetty-jakarta-servlet-api/5.0.2/jetty-jakarta-servlet-api-5.0.2.jar:/home/runner/.m2/repository/org/eclipse/jetty/jetty-http/11.0.15/jetty-http-11.0.15.jar:/home/runner/.m2/repository/org/eclipse/jetty/jetty-io/11.0.15/jetty-io-11.0.15.jar:/home/runner/.m2/repository/org/eclipse/jetty/jetty-servlet/11.0.15/jetty-servlet-11.0.15.jar:/home/runner/.m2/repository/org/eclipse/jetty/jetty-security/11.0.15/jetty-security-11.0.15.jar:/home/runner/.m2/repository/org/eclipse/jetty/jetty-servlets/11.0.15/jetty-servlets-11.0.15.jar:/home/runner/.m2/repository/org/eclipse/jetty/jetty-util/11.0.15/jetty-util-11.0.15.jar:/home/runner/.m2/repository/org/eclipse/jetty/jetty-webapp/11.0.15/jetty-webapp-11.0.15.jar:/home/runner/.m2/repository/org/eclipse/jetty/jetty-xml/11.0.15/jetty-xml-11.0.15.jar:/home/runner/.m2/repository/org/eclipse/jetty/jetty-proxy/11.0.15/jetty-proxy-11.0.15.jar:/home/runner/.m2/repository/org/eclipse/jetty/jetty-client/11.0.15/jetty-client-11.0.15.jar:/home/runner/.m2/repository/org/eclipse/jetty/http2/http2-server/11.0.15/http2-server-11.0.15.jar:/home/runner/.m2/repository/org/eclipse/jetty/http2/http2-common/11.0.15/http2-common-11.0.15.jar:/home/runner/.m2/repository/org/eclipse/jetty/http2/http2-hpack/11.0.15/http2-hpack-11.0.15.jar:/home/runner/.m2/repository/org/eclipse/jetty/jetty-alpn-server/11.0.15/jetty-alpn-server-11.0.15.jar:/home/runner/.m2/repository/org/eclipse/jetty/jetty-alpn-java-server/11.0.15/jetty-alpn-java-server-11.0.15.jar:/home/runner/.m2/repository/org/eclipse/jetty/jetty-alpn-java-client/11.0.15/jetty-alpn-java-client-11.0.15.jar:/home/runner/.m2/repository/org/eclipse/jetty/jetty-alpn-client/11.0.15/jetty-alpn-client-11.0.15.jar:/home/runner/.m2/repository/org/apache/httpcomponents/client5/httpclient5/5.2.1/httpclient5-5.2.1.jar:/home/runner/.m2/repository/org/apache/httpcomponents/core5/httpcore5/5.2/httpcore5-5.2.jar:/home/runner/.m2/repository/org/apache/httpcomponents/core5/httpcore5-h2/5.2/httpcore5-h2-5.2.jar:/home/runner/.m2/repository/org/xmlunit/xmlunit-core/2.9.1/xmlunit-core-2.9.1.jar:/home/runner/.m2/repository/jakarta/xml/bind/jakarta.xml.bind-api/4.0.2/jakarta.xml.bind-api-4.0.2.jar:/home/runner/.m2/repository/org/xmlunit/xmlunit-legacy/2.9.1/xmlunit-legacy-2.9.1.jar:/home/runner/.m2/repository/org/xmlunit/xmlunit-placeholders/2.9.1/xmlunit-placeholders-2.9.1.jar:/home/runner/.m2/repository/net/javacrumbs/json-unit/json-unit-core/2.38.0/json-unit-core-2.38.0.jar:/home/runner/.m2/repository/org/hamcrest/hamcrest-core/2.2/hamcrest-core-2.2.jar:/home/runner/.m2/repository/com/jayway/jsonpath/json-path/2.8.0/json-path-2.8.0.jar:/home/runner/.m2/repository/net/minidev/json-smart/2.4.10/json-smart-2.4.10.jar:/home/runner/.m2/repository/net/minidev/accessors-smart/2.4.9/accessors-smart-2.4.9.jar:/home/runner/.m2/repository/org/ow2/asm/asm/9.7.1/asm-9.7.1.jar:/home/runner/.m2/repository/net/sf/jopt-simple/jopt-simple/5.0.4/jopt-simple-5.0.4.jar:/home/runner/.m2/repository/com/github/jknack/handlebars/4.3.1/handlebars-4.3.1.jar:/home/runner/.m2/repository/com/github/jknack/handlebars-helpers/4.3.1/handlebars-helpers-4.3.1.jar:/home/runner/.m2/repository/commons-fileupload/commons-fileupload/1.5/commons-fileupload-1.5.jar:/home/runner/.m2/repository/com/networknt/json-schema-validator/1.5.8/json-schema-validator-1.5.8.jar:/home/runner/.m2/repository/com/ethlo/time/itu/1.10.3/itu-1.10.3.jar:/home/runner/.m2/repository/io/quarkus/quarkus-smallrye-jwt-build/3.20.2/quarkus-smallrye-jwt-build-3.20.2.jar:/home/runner/.m2/repository/io/smallrye/smallrye-jwt-build/4.6.2/smallrye-jwt-build-4.6.2.jar:/home/runner/.m2/repository/org/eclipse/microprofile/jwt/microprofile-jwt-auth-api/2.1/microprofile-jwt-auth-api-2.1.jar:/home/runner/.m2/repository/org/bitbucket/b_c/jose4j/0.9.6/jose4j-0.9.6.jar:/home/runner/.m2/repository/io/smallrye/smallrye-jwt-common/4.6.2/smallrye-jwt-common-4.6.2.jar:/home/runner/.m2/repository/io/quarkus/quarkus-jsonp/3.20.2/quarkus-jsonp-3.20.2.jar:/home/runner/.m2/repository/io/quarkus/quarkus-arc/3.20.2/quarkus-arc-3.20.2.jar:/home/runner/.m2/repository/io/quarkus/arc/arc/3.20.2/arc-3.20.2.jar:/home/runner/.m2/repository/jakarta/transaction/jakarta.transaction-api/2.0.1/jakarta.transaction-api-2.0.1.jar:/home/runner/.m2/repository/io/smallrye/reactive/mutiny/2.9.2/mutiny-2.9.2.jar:/home/runner/.m2/repository/org/jctools/jctools-core/4.0.5/jctools-core-4.0.5.jar:/home/runner/.m2/repository/org/eclipse/microprofile/context-propagation/microprofile-context-propagation-api/1.3/microprofile-context-propagation-api-1.3.jar:/home/runner/.m2/repository/io/apicurio/apicurio-common-rest-client-common/0.1.18.Final/apicurio-common-rest-client-common-0.1.18.Final.jar:/home/runner/work/apicurio-testing/apicurio-testing/cache/clusters/ci419/namespaces/ksql047/tests/integration/apicurio-registry/utils/maven-plugin/target/apicurio-registry-maven-plugin-3.0.15.jar:/home/runner/.m2/repository/com/fasterxml/jackson/core/jackson-databind/2.18.2/jackson-databind-2.18.2.jar:/home/runner/.m2/repository/org/apache/avro/avro/1.12.0/avro-1.12.0.jar:/home/runner/.m2/repository/com/google/protobuf/protobuf-java/4.32.1/protobuf-java-4.32.1.jar:/home/runner/.m2/repository/com/google/protobuf/protobuf-java-util/4.32.1/protobuf-java-util-4.32.1.jar:/home/runner/.m2/repository/com/google/code/findbugs/jsr305/3.0.2/jsr305-3.0.2.jar:/home/runner/.m2/repository/com/google/code/gson/gson/2.12.1/gson-2.12.1.jar:/home/runner/.m2/repository/com/google/errorprone/error_prone_annotations/2.36.0/error_prone_annotations-2.36.0.jar:/home/runner/.m2/repository/com/google/j2objc/j2objc-annotations/2.8/j2objc-annotations-2.8.jar:/home/runner/work/apicurio-testing/apicurio-testing/cache/clusters/ci419/namespaces/ksql047/tests/integration/apicurio-registry/schema-util/util-provider/target/apicurio-registry-schema-util-provider-3.0.15.jar:/home/runner/work/apicurio-testing/apicurio-testing/cache/clusters/ci419/namespaces/ksql047/tests/integration/apicurio-registry/schema-util/common/target/apicurio-registry-schema-util-common-3.0.15.jar:/home/runner/.m2/repository/com/fasterxml/jackson/module/jackson-module-parameter-names/2.18.2/jackson-module-parameter-names-2.18.2.jar:/home/runner/.m2/repository/com/fasterxml/jackson/datatype/jackson-datatype-json-org/2.18.2/jackson-datatype-json-org-2.18.2.jar:/home/runner/work/apicurio-testing/apicurio-testing/cache/clusters/ci419/namespaces/ksql047/tests/integration/apicurio-registry/schema-util/json/target/apicurio-registry-schema-util-json-3.0.15.jar:/home/runner/.m2/repository/com/github/erosb/everit-json-schema/1.14.5/everit-json-schema-1.14.5.jar:/home/runner/.m2/repository/commons-validator/commons-validator/1.9.0/commons-validator-1.9.0.jar:/home/runner/.m2/repository/commons-digester/commons-digester/2.1/commons-digester-2.1.jar:/home/runner/.m2/repository/commons-collections/commons-collections/3.2.2/commons-collections-3.2.2.jar:/home/runner/.m2/repository/com/damnhandy/handy-uri-templates/2.1.8/handy-uri-templates-2.1.8.jar:/home/runner/.m2/repository/joda-time/joda-time/2.10.2/joda-time-2.10.2.jar:/home/runner/.m2/repository/com/github/erosb/json-sKema/0.20.0/json-sKema-0.20.0.jar:/home/runner/.m2/repository/io/vertx/vertx-json-schema/4.5.16/vertx-json-schema-4.5.16.jar:/home/runner/work/apicurio-testing/apicurio-testing/cache/clusters/ci419/namespaces/ksql047/tests/integration/apicurio-registry/schema-util/protobuf/target/apicurio-registry-schema-util-protobuf-3.0.15.jar:/home/runner/work/apicurio-testing/apicurio-testing/cache/clusters/ci419/namespaces/ksql047/tests/integration/apicurio-registry/utils/protobuf-schema-utilities/target/apicurio-registry-protobuf-schema-utilities-3.0.15.jar:/home/runner/.m2/repository/com/google/api/grpc/proto-google-common-protos/2.52.0/proto-google-common-protos-2.52.0.jar:/home/runner/.m2/repository/com/squareup/wire/wire-schema-jvm/5.3.3/wire-schema-jvm-5.3.3.jar:/home/runner/.m2/repository/com/palantir/javapoet/javapoet/0.6.0/javapoet-0.6.0.jar:/home/runner/.m2/repository/com/squareup/kotlinpoet-jvm/2.0.0/kotlinpoet-jvm-2.0.0.jar:/home/runner/.m2/repository/org/jetbrains/kotlin/kotlin-reflect/2.0.21/kotlin-reflect-2.0.21.jar:/home/runner/.m2/repository/com/squareup/wire/wire-runtime-jvm/5.3.3/wire-runtime-jvm-5.3.3.jar:/home/runner/.m2/repository/com/ibm/icu/icu4j/76.1/icu4j-76.1.jar:/home/runner/.m2/repository/com/squareup/okio/okio-fakefilesystem/3.10.2/okio-fakefilesystem-3.10.2.jar:/home/runner/.m2/repository/com/squareup/okio/okio-fakefilesystem-jvm/3.10.2/okio-fakefilesystem-jvm-3.10.2.jar:/home/runner/.m2/repository/org/jetbrains/kotlinx/kotlinx-datetime-jvm/0.6.1/kotlinx-datetime-jvm-0.6.1.jar:/home/runner/work/apicurio-testing/apicurio-testing/cache/clusters/ci419/namespaces/ksql047/tests/integration/apicurio-registry/schema-util/asyncapi/target/apicurio-registry-schema-util-asyncapi-3.0.15.jar:/home/runner/work/apicurio-testing/apicurio-testing/cache/clusters/ci419/namespaces/ksql047/tests/integration/apicurio-registry/schema-util/avro/target/apicurio-registry-schema-util-avro-3.0.15.jar:/home/runner/work/apicurio-testing/apicurio-testing/cache/clusters/ci419/namespaces/ksql047/tests/integration/apicurio-registry/schema-util/graphql/target/apicurio-registry-schema-util-graphql-3.0.15.jar:/home/runner/.m2/repository/com/graphql-java/graphql-java/22.4/graphql-java-22.4.jar:/home/runner/.m2/repository/com/graphql-java/java-dataloader/3.3.0/java-dataloader-3.3.0.jar:/home/runner/work/apicurio-testing/apicurio-testing/cache/clusters/ci419/namespaces/ksql047/tests/integration/apicurio-registry/schema-util/kconnect/target/apicurio-registry-schema-util-kconnect-3.0.15.jar:/home/runner/work/apicurio-testing/apicurio-testing/cache/clusters/ci419/namespaces/ksql047/tests/integration/apicurio-registry/schema-util/openapi/target/apicurio-registry-schema-util-openapi-3.0.15.jar:/home/runner/.m2/repository/io/apicurio/apicurio-data-models/2.2.2/apicurio-data-models-2.2.2.jar:/home/runner/.m2/repository/org/slf4j/jcl-over-slf4j/2.0.6/jcl-over-slf4j-2.0.6.jar:/home/runner/.m2/repository/org/openapitools/openapidiff/openapi-diff-core/2.1.2/openapi-diff-core-2.1.2.jar:/home/runner/.m2/repository/io/swagger/parser/v3/swagger-parser/2.1.28/swagger-parser-2.1.28.jar:/home/runner/.m2/repository/io/swagger/parser/v3/swagger-parser-v2-converter/2.1.28/swagger-parser-v2-converter-2.1.28.jar:/home/runner/.m2/repository/io/swagger/swagger-core/1.6.16/swagger-core-1.6.16.jar:/home/runner/.m2/repository/io/swagger/swagger-models/1.6.16/swagger-models-1.6.16.jar:/home/runner/.m2/repository/io/swagger/swagger-annotations/1.6.16/swagger-annotations-1.6.16.jar:/home/runner/.m2/repository/io/swagger/swagger-parser/1.0.75/swagger-parser-1.0.75.jar:/home/runner/.m2/repository/io/swagger/swagger-parser-safe-url-resolver/1.0.75/swagger-parser-safe-url-resolver-1.0.75.jar:/home/runner/.m2/repository/io/swagger/swagger-compat-spec-parser/1.0.75/swagger-compat-spec-parser-1.0.75.jar:/home/runner/.m2/repository/com/github/java-json-tools/json-schema-validator/2.2.14/json-schema-validator-2.2.14.jar:/home/runner/.m2/repository/com/github/java-json-tools/jackson-coreutils-equivalence/1.0/jackson-coreutils-equivalence-1.0.jar:/home/runner/.m2/repository/com/github/java-json-tools/json-schema-core/1.2.14/json-schema-core-1.2.14.jar:/home/runner/.m2/repository/com/github/java-json-tools/uri-template/0.10/uri-template-0.10.jar:/home/runner/.m2/repository/com/googlecode/libphonenumber/libphonenumber/8.11.1/libphonenumber-8.11.1.jar:/home/runner/.m2/repository/com/j2html/j2html/1.6.0/j2html-1.6.0.jar:/home/runner/.m2/repository/org/apache/commons/commons-collections4/4.5.0/commons-collections4-4.5.0.jar:/home/runner/.m2/repository/io/swagger/parser/v3/swagger-parser-v3/2.1.31/swagger-parser-v3-2.1.31.jar:/home/runner/.m2/repository/io/swagger/core/v3/swagger-models/2.2.34/swagger-models-2.2.34.jar:/home/runner/.m2/repository/io/swagger/core/v3/swagger-core/2.2.34/swagger-core-2.2.34.jar:/home/runner/.m2/repository/io/swagger/parser/v3/swagger-parser-core/2.1.31/swagger-parser-core-2.1.31.jar:/home/runner/.m2/repository/io/swagger/parser/v3/swagger-parser-safe-url-resolver/2.1.31/swagger-parser-safe-url-resolver-2.1.31.jar:/home/runner/work/apicurio-testing/apicurio-testing/cache/clusters/ci419/namespaces/ksql047/tests/integration/apicurio-registry/schema-util/wsdl/target/apicurio-registry-schema-util-wsdl-3.0.15.jar:/home/runner/.m2/repository/wsdl4j/wsdl4j/1.6.3/wsdl4j-1.6.3.jar:/home/runner/work/apicurio-testing/apicurio-testing/cache/clusters/ci419/namespaces/ksql047/tests/integration/apicurio-registry/schema-util/xml/target/apicurio-registry-schema-util-xml-3.0.15.jar:/home/runner/.m2/repository/org/apache/santuario/xmlsec/4.0.4/xmlsec-4.0.4.jar:/home/runner/.m2/repository/com/fasterxml/woodstox/woodstox-core/7.1.1/woodstox-core-7.1.1.jar:/home/runner/.m2/repository/org/codehaus/woodstox/stax2-api/4.2.2/stax2-api-4.2.2.jar:/home/runner/work/apicurio-testing/apicurio-testing/cache/clusters/ci419/namespaces/ksql047/tests/integration/apicurio-registry/schema-util/xsd/target/apicurio-registry-schema-util-xsd-3.0.15.jar:/home/runner/work/apicurio-testing/apicurio-testing/cache/clusters/ci419/namespaces/ksql047/tests/integration/apicurio-registry/serdes/kafka/jsonschema-serde/target/apicurio-registry-jsonschema-serde-kafka-3.0.15.jar:/home/runner/work/apicurio-testing/apicurio-testing/cache/clusters/ci419/namespaces/ksql047/tests/integration/apicurio-registry/serdes/kafka/serde-kafka-common/target/apicurio-registry-serde-kafka-common-3.0.15.jar:/home/runner/work/apicurio-testing/apicurio-testing/cache/clusters/ci419/namespaces/ksql047/tests/integration/apicurio-registry/serdes/generic/serde-common/target/apicurio-registry-serde-common-3.0.15.jar:/home/runner/work/apicurio-testing/apicurio-testing/cache/clusters/ci419/namespaces/ksql047/tests/integration/apicurio-registry/serdes/generic/serde-common-jsonschema/target/apicurio-registry-serde-common-jsonschema-3.0.15.jar:/home/runner/.m2/repository/org/json/json/20250107/json-20250107.jar:/home/runner/work/apicurio-testing/apicurio-testing/cache/clusters/ci419/namespaces/ksql047/tests/integration/apicurio-registry/serdes/kafka/avro-serde/target/apicurio-registry-avro-serde-kafka-3.0.15.jar:/home/runner/work/apicurio-testing/apicurio-testing/cache/clusters/ci419/namespaces/ksql047/tests/integration/apicurio-registry/serdes/generic/serde-common-avro/target/apicurio-registry-serde-common-avro-3.0.15.jar:/home/runner/work/apicurio-testing/apicurio-testing/cache/clusters/ci419/namespaces/ksql047/tests/integration/apicurio-registry/serdes/kafka/protobuf-serde/target/apicurio-registry-protobuf-serde-kafka-3.0.15.jar:/home/runner/work/apicurio-testing/apicurio-testing/cache/clusters/ci419/namespaces/ksql047/tests/integration/apicurio-registry/serdes/generic/serde-common-protobuf/target/apicurio-registry-serde-common-protobuf-3.0.15.jar:/home/runner/.m2/repository/com/squareup/wire/wire-schema/5.3.3/wire-schema-5.3.3.jar:/home/runner/.m2/repository/com/squareup/wire/wire-runtime/5.3.3/wire-runtime-5.3.3.jar:/home/runner/work/apicurio-testing/apicurio-testing/cache/clusters/ci419/namespaces/ksql047/tests/integration/apicurio-registry/serdes/pulsar/avro-serde/target/apicurio-registry-avro-serde-pulsar-3.0.15.jar:/home/runner/.m2/repository/org/apache/pulsar/pulsar-functions-api/3.3.8/pulsar-functions-api-3.3.8.jar:/home/runner/work/apicurio-testing/apicurio-testing/cache/clusters/ci419/namespaces/ksql047/tests/integration/apicurio-registry/serdes/nats/avro-serde/target/apicurio-registry-avro-serde-nats-3.0.15.jar:/home/runner/.m2/repository/io/nats/jnats/2.21.4/jnats-2.21.4.jar:/home/runner/.m2/repository/org/bouncycastle/bcprov-lts8on/2.73.7/bcprov-lts8on-2.73.7.jar:/home/runner/.m2/repository/org/jetbrains/annotations/26.0.2/annotations-26.0.2.jar:/home/runner/work/apicurio-testing/apicurio-testing/cache/clusters/ci419/namespaces/ksql047/tests/integration/apicurio-registry/utils/converter/target/apicurio-registry-utils-converter-3.0.15.jar:/home/runner/work/apicurio-testing/apicurio-testing/cache/clusters/ci419/namespaces/ksql047/tests/integration/apicurio-registry/schema-resolver/target/apicurio-registry-schema-resolver-3.0.15.jar:/home/runner/.m2/repository/org/apache/kafka/connect-api/3.9.1/connect-api-3.9.1.jar:/home/runner/.m2/repository/javax/ws/rs/javax.ws.rs-api/2.1.1/javax.ws.rs-api-2.1.1.jar:/home/runner/.m2/repository/org/apache/kafka/connect-json/3.9.1/connect-json-3.9.1.jar:/home/runner/.m2/repository/com/fasterxml/jackson/datatype/jackson-datatype-jdk8/2.18.2/jackson-datatype-jdk8-2.18.2.jar:/home/runner/.m2/repository/com/fasterxml/jackson/module/jackson-module-afterburner/2.18.2/jackson-module-afterburner-2.18.2.jar:/home/runner/work/apicurio-testing/apicurio-testing/cache/clusters/ci419/namespaces/ksql047/tests/integration/apicurio-registry/utils/kafka/target/apicurio-registry-utils-kafka-3.0.15.jar:/home/runner/.m2/repository/org/apache/pulsar/pulsar-client/3.3.8/pulsar-client-3.3.8.jar:/home/runner/.m2/repository/org/apache/pulsar/pulsar-client-api/3.3.8/pulsar-client-api-3.3.8.jar:/home/runner/.m2/repository/org/apache/pulsar/pulsar-client-admin-api/3.3.8/pulsar-client-admin-api-3.3.8.jar:/home/runner/.m2/repository/org/apache/pulsar/bouncy-castle-bc/3.3.8/bouncy-castle-bc-3.3.8-pkg.jar:/home/runner/.m2/repository/org/bouncycastle/bcpkix-jdk18on/1.81/bcpkix-jdk18on-1.81.jar:/home/runner/.m2/repository/org/bouncycastle/bcutil-jdk18on/1.81/bcutil-jdk18on-1.81.jar:/home/runner/.m2/repository/org/bouncycastle/bcprov-jdk18on/1.81/bcprov-jdk18on-1.81.jar:/home/runner/.m2/repository/io/opentelemetry/opentelemetry-api/1.44.1/opentelemetry-api-1.44.1.jar:/home/runner/.m2/repository/io/opentelemetry/opentelemetry-context/1.44.1/opentelemetry-context-1.44.1.jar:/home/runner/.m2/repository/io/opentelemetry/opentelemetry-api-incubator/1.44.1-alpha/opentelemetry-api-incubator-1.44.1-alpha.jar:/home/runner/.m2/repository/com/fasterxml/jackson/core/jackson-annotations/2.18.2/jackson-annotations-2.18.2.jar:/home/runner/.m2/repository/javax/validation/validation-api/1.1.0.Final/validation-api-1.1.0.Final.jar:/home/runner/.m2/repository/org/jspecify/jspecify/1.0.0/jspecify-1.0.0.jar:/home/runner/.m2/repository/org/apache/commons/commons-configuration2/2.12.0/commons-configuration2-2.12.0.jar:/home/runner/.m2/repository/commons-logging/commons-logging/1.3.5/commons-logging-1.3.5.jar:/home/runner/.m2/repository/org/apache/commons/commons-text/1.13.0/commons-text-1.13.0.jar:/home/runner/.m2/repository/io/confluent/kafka-avro-serializer/8.0.0/kafka-avro-serializer-8.0.0.jar:/home/runner/.m2/repository/org/apache/commons/commons-compress/1.27.1/commons-compress-1.27.1.jar:/home/runner/.m2/repository/io/confluent/kafka-schema-serializer/8.0.0/kafka-schema-serializer-8.0.0.jar:/home/runner/.m2/repository/com/fasterxml/jackson/dataformat/jackson-dataformat-csv/2.18.2/jackson-dataformat-csv-2.18.2.jar:/home/runner/.m2/repository/io/confluent/kafka-schema-registry-client/8.0.0/kafka-schema-registry-client-8.0.0.jar:/home/runner/.m2/repository/org/yaml/snakeyaml/2.3/snakeyaml-2.3.jar:/home/runner/.m2/repository/io/swagger/core/v3/swagger-annotations/2.2.29/swagger-annotations-2.2.29.jar:/home/runner/.m2/repository/com/google/guava/guava/33.4.0-jre/guava-33.4.0-jre.jar:/home/runner/.m2/repository/com/google/guava/failureaccess/1.0.1/failureaccess-1.0.1.jar:/home/runner/.m2/repository/org/checkerframework/checker-qual/3.49.0/checker-qual-3.49.0.jar:/home/runner/.m2/repository/io/confluent/logredactor/1.0.13/logredactor-1.0.13.jar:/home/runner/.m2/repository/com/google/re2j/re2j/1.6/re2j-1.6.jar:/home/runner/.m2/repository/io/confluent/logredactor-metrics/1.0.13/logredactor-metrics-1.0.13.jar:/home/runner/.m2/repository/com/eclipsesource/minimal-json/minimal-json/0.9.5/minimal-json-0.9.5.jar:/home/runner/.m2/repository/io/confluent/common-utils/8.0.0/common-utils-8.0.0.jar:/home/runner/.m2/repository/io/confluent/kafka-connect-avro-converter/8.0.0/kafka-connect-avro-converter-8.0.0.jar:/home/runner/.m2/repository/io/confluent/kafka-connect-avro-data/8.0.0/kafka-connect-avro-data-8.0.0.jar:/home/runner/.m2/repository/io/confluent/kafka-schema-converter/8.0.0/kafka-schema-converter-8.0.0.jar:/home/runner/.m2/repository/io/rest-assured/rest-assured/5.5.1/rest-assured-5.5.1.jar:/home/runner/.m2/repository/org/apache/groovy/groovy/4.0.22/groovy-4.0.22.jar:/home/runner/.m2/repository/org/apache/groovy/groovy-xml/4.0.22/groovy-xml-4.0.22.jar:/home/runner/.m2/repository/org/apache/httpcomponents/httpclient/4.5.14/httpclient-4.5.14.jar:/home/runner/.m2/repository/org/apache/httpcomponents/httpcore/4.4.16/httpcore-4.4.16.jar:/home/runner/.m2/repository/org/apache/httpcomponents/httpmime/4.5.14/httpmime-4.5.14.jar:/home/runner/.m2/repository/org/hamcrest/hamcrest/2.2/hamcrest-2.2.jar:/home/runner/.m2/repository/org/ccil/cowan/tagsoup/tagsoup/1.2.1/tagsoup-1.2.1.jar:/home/runner/.m2/repository/io/rest-assured/json-path/5.5.1/json-path-5.5.1.jar:/home/runner/.m2/repository/org/apache/groovy/groovy-json/4.0.22/groovy-json-4.0.22.jar:/home/runner/.m2/repository/io/rest-assured/rest-assured-common/5.5.1/rest-assured-common-5.5.1.jar:/home/runner/.m2/repository/io/rest-assured/xml-path/5.5.1/xml-path-5.5.1.jar:/home/runner/.m2/repository/io/zonky/test/embedded-postgres/2.1.0/embedded-postgres-2.1.0.jar:/home/runner/.m2/repository/io/zonky/test/postgres/embedded-postgres-binaries-windows-amd64/14.15.0/embedded-postgres-binaries-windows-amd64-14.15.0.jar:/home/runner/.m2/repository/io/zonky/test/postgres/embedded-postgres-binaries-darwin-amd64/14.15.0/embedded-postgres-binaries-darwin-amd64-14.15.0.jar:/home/runner/.m2/repository/io/zonky/test/postgres/embedded-postgres-binaries-linux-amd64/14.15.0/embedded-postgres-binaries-linux-amd64-14.15.0.jar:/home/runner/.m2/repository/io/zonky/test/postgres/embedded-postgres-binaries-linux-amd64-alpine/14.15.0/embedded-postgres-binaries-linux-amd64-alpine-14.15.0.jar:/home/runner/.m2/repository/org/apache/commons/commons-lang3/3.17.0/commons-lang3-3.17.0.jar:/home/runner/.m2/repository/org/tukaani/xz/1.10/xz-1.10.jar:/home/runner/.m2/repository/commons-codec/commons-codec/1.19.0/commons-codec-1.19.0.jar:/home/runner/.m2/repository/org/postgresql/postgresql/42.7.7/postgresql-42.7.7.jar:/home/runner/.m2/repository/commons-io/commons-io/2.18.0/commons-io-2.18.0.jar:/home/runner/work/apicurio-testing/apicurio-testing/cache/clusters/ci419/namespaces/ksql047/tests/integration/apicurio-registry/utils/importexport/target/apicurio-registry-utils-import-export-3.0.15.jar:/home/runner/.m2/repository/io/vertx/vertx-core/4.5.16/vertx-core-4.5.16.jar:/home/runner/.m2/repository/io/netty/netty-common/4.1.121.Final/netty-common-4.1.121.Final.jar:/home/runner/.m2/repository/io/netty/netty-buffer/4.1.121.Final/netty-buffer-4.1.121.Final.jar:/home/runner/.m2/repository/io/netty/netty-transport/4.1.121.Final/netty-transport-4.1.121.Final.jar:/home/runner/.m2/repository/io/netty/netty-handler/4.1.121.Final/netty-handler-4.1.121.Final.jar:/home/runner/.m2/repository/io/netty/netty-transport-native-unix-common/4.1.121.Final/netty-transport-native-unix-common-4.1.121.Final.jar:/home/runner/.m2/repository/io/netty/netty-codec/4.1.121.Final/netty-codec-4.1.121.Final.jar:/home/runner/.m2/repository/io/netty/netty-handler-proxy/4.1.121.Final/netty-handler-proxy-4.1.121.Final.jar:/home/runner/.m2/repository/io/netty/netty-codec-socks/4.1.121.Final/netty-codec-socks-4.1.121.Final.jar:/home/runner/.m2/repository/io/netty/netty-codec-http/4.1.121.Final/netty-codec-http-4.1.121.Final.jar:/home/runner/.m2/repository/io/netty/netty-codec-http2/4.1.121.Final/netty-codec-http2-4.1.121.Final.jar:/home/runner/.m2/repository/io/netty/netty-resolver/4.1.121.Final/netty-resolver-4.1.121.Final.jar:/home/runner/.m2/repository/io/netty/netty-resolver-dns/4.1.121.Final/netty-resolver-dns-4.1.121.Final.jar:/home/runner/.m2/repository/io/netty/netty-codec-dns/4.1.121.Final/netty-codec-dns-4.1.121.Final.jar:/home/runner/.m2/repository/com/fasterxml/jackson/core/jackson-core/2.18.2/jackson-core-2.18.2.jar:"/>
    <property name="java.vm.vendor" value="Eclipse Adoptium"/>
    <property name="maven.javadoc.skip" value="true"/>
    <property name="sun.arch.data.model" value="64"/>
    <property name="java.vendor.url" value="https://adoptium.net/"/>
    <property name="user.timezone" value="Etc/UTC"/>
    <property name="os.name" value="Linux"/>
    <property name="java.vm.specification.version" value="17"/>
    <property name="sun.java.launcher" value="SUN_STANDARD"/>
    <property name="quarkus.http.test-port" value="80"/>
    <property name="sun.boot.library.path" value="/usr/lib/jvm/temurin-17-jdk-amd64/lib"/>
    <property name="sun.java.command" value="/home/runner/work/apicurio-testing/apicurio-testing/cache/clusters/ci419/namespaces/ksql047/tests/integration/apicurio-registry/integration-tests/target/surefire/surefirebooter-20251008133116573_3.jar /home/runner/work/apicurio-testing/apicurio-testing/cache/clusters/ci419/namespaces/ksql047/tests/integration/apicurio-registry/integration-tests/target/surefire 2025-10-08T13-31-16_514-jvmRun1 surefire-20251008133116573_1tmp surefire_0-20251008133116573_2tmp"/>
    <property name="maven.home" value="/home/runner/.m2/wrapper/dists/apache-maven-3.9.8-bin/4fnp1ql35bgk2a0p7m31ovbgb0/apache-maven-3.9.8"/>
    <property name="jdk.debug" value="release"/>
    <property name="surefire.test.class.path" value="/home/runner/work/apicurio-testing/apicurio-testing/cache/clusters/ci419/namespaces/ksql047/tests/integration/apicurio-registry/integration-tests/target/test-classes:/home/runner/work/apicurio-testing/apicurio-testing/cache/clusters/ci419/namespaces/ksql047/tests/integration/apicurio-registry/integration-tests/target/apicurio-registry-integration-tests-3.0.15.jar:/home/runner/.m2/repository/io/quarkus/quarkus-junit5/3.20.2/quarkus-junit5-3.20.2.jar:/home/runner/.m2/repository/io/quarkus/quarkus-bootstrap-core/3.20.2/quarkus-bootstrap-core-3.20.2.jar:/home/runner/.m2/repository/io/quarkus/quarkus-classloader-commons/3.20.2/quarkus-classloader-commons-3.20.2.jar:/home/runner/.m2/repository/io/quarkus/quarkus-bootstrap-app-model/3.20.2/quarkus-bootstrap-app-model-3.20.2.jar:/home/runner/.m2/repository/io/smallrye/common/smallrye-common-io/2.12.0/smallrye-common-io-2.12.0.jar:/home/runner/.m2/repository/org/eclipse/sisu/org.eclipse.sisu.inject/0.9.0.M3/org.eclipse.sisu.inject-0.9.0.M3.jar:/home/runner/.m2/repository/io/quarkus/quarkus-test-common/3.20.2/quarkus-test-common-3.20.2.jar:/home/runner/.m2/repository/io/quarkus/quarkus-core-deployment/3.20.2/quarkus-core-deployment-3.20.2.jar:/home/runner/.m2/repository/org/aesh/readline/2.6/readline-2.6.jar:/home/runner/.m2/repository/org/fusesource/jansi/jansi/2.4.0/jansi-2.4.0.jar:/home/runner/.m2/repository/org/aesh/aesh/2.8.2/aesh-2.8.2.jar:/home/runner/.m2/repository/io/quarkus/gizmo/gizmo/1.8.0/gizmo-1.8.0.jar:/home/runner/.m2/repository/org/ow2/asm/asm-util/9.7.1/asm-util-9.7.1.jar:/home/runner/.m2/repository/org/ow2/asm/asm-analysis/9.7.1/asm-analysis-9.7.1.jar:/home/runner/.m2/repository/org/ow2/asm/asm-commons/9.7.1/asm-commons-9.7.1.jar:/home/runner/.m2/repository/org/ow2/asm/asm-tree/9.7.1/asm-tree-9.7.1.jar:/home/runner/.m2/repository/io/quarkus/quarkus-hibernate-validator-spi/3.20.2/quarkus-hibernate-validator-spi-3.20.2.jar:/home/runner/.m2/repository/io/quarkus/quarkus-class-change-agent/3.20.2/quarkus-class-change-agent-3.20.2.jar:/home/runner/.m2/repository/io/quarkus/quarkus-devtools-utilities/3.20.2/quarkus-devtools-utilities-3.20.2.jar:/home/runner/.m2/repository/io/quarkus/quarkus-builder/3.20.2/quarkus-builder-3.20.2.jar:/home/runner/.m2/repository/org/graalvm/sdk/nativeimage/23.1.2/nativeimage-23.1.2.jar:/home/runner/.m2/repository/org/graalvm/sdk/word/23.1.2/word-23.1.2.jar:/home/runner/.m2/repository/io/quarkus/quarkus-bootstrap-maven-resolver/3.20.2/quarkus-bootstrap-maven-resolver-3.20.2.jar:/home/runner/.m2/repository/io/smallrye/beanbag/smallrye-beanbag-maven/1.5.2/smallrye-beanbag-maven-1.5.2.jar:/home/runner/.m2/repository/io/smallrye/beanbag/smallrye-beanbag-sisu/1.5.2/smallrye-beanbag-sisu-1.5.2.jar:/home/runner/.m2/repository/io/smallrye/beanbag/smallrye-beanbag/1.5.2/smallrye-beanbag-1.5.2.jar:/home/runner/.m2/repository/javax/inject/javax.inject/1/javax.inject-1.jar:/home/runner/.m2/repository/org/apache/maven/maven-artifact/3.9.9/maven-artifact-3.9.9.jar:/home/runner/.m2/repository/org/apache/maven/maven-builder-support/3.9.9/maven-builder-support-3.9.9.jar:/home/runner/.m2/repository/org/apache/maven/maven-model/3.9.9/maven-model-3.9.9.jar:/home/runner/.m2/repository/org/apache/maven/maven-model-builder/3.9.9/maven-model-builder-3.9.9.jar:/home/runner/.m2/repository/org/apache/maven/maven-repository-metadata/3.9.9/maven-repository-metadata-3.9.9.jar:/home/runner/.m2/repository/org/apache/maven/maven-settings/3.9.9/maven-settings-3.9.9.jar:/home/runner/.m2/repository/org/apache/maven/resolver/maven-resolver-api/1.9.22/maven-resolver-api-1.9.22.jar:/home/runner/.m2/repository/org/apache/maven/resolver/maven-resolver-impl/1.9.22/maven-resolver-impl-1.9.22.jar:/home/runner/.m2/repository/org/apache/maven/resolver/maven-resolver-named-locks/1.9.22/maven-resolver-named-locks-1.9.22.jar:/home/runner/.m2/repository/org/apache/maven/resolver/maven-resolver-spi/1.9.22/maven-resolver-spi-1.9.22.jar:/home/runner/.m2/repository/org/apache/maven/resolver/maven-resolver-util/1.9.22/maven-resolver-util-1.9.22.jar:/home/runner/.m2/repository/org/apache/maven/resolver/maven-resolver-transport-http/1.9.20/maven-resolver-transport-http-1.9.20.jar:/home/runner/.m2/repository/org/apache/maven/wagon/wagon-provider-api/3.5.3/wagon-provider-api-3.5.3.jar:/home/runner/.m2/repository/org/apache/maven/wagon/wagon-http-shared/3.5.3/wagon-http-shared-3.5.3.jar:/home/runner/.m2/repository/org/codehaus/plexus/plexus-interpolation/1.26/plexus-interpolation-1.26.jar:/home/runner/.m2/repository/org/codehaus/plexus/plexus-utils/3.5.1/plexus-utils-3.5.1.jar:/home/runner/.m2/repository/org/codehaus/plexus/plexus-xml/4.0.1/plexus-xml-4.0.1.jar:/home/runner/.m2/repository/org/apache/maven/maven-xml-impl/4.0.0-alpha-5/maven-xml-impl-4.0.0-alpha-5.jar:/home/runner/.m2/repository/org/apache/maven/maven-api-xml/4.0.0-alpha-5/maven-api-xml-4.0.0-alpha-5.jar:/home/runner/.m2/repository/org/apache/maven/maven-api-meta/4.0.0-alpha-5/maven-api-meta-4.0.0-alpha-5.jar:/home/runner/.m2/repository/org/codehaus/plexus/plexus-cipher/2.0/plexus-cipher-2.0.jar:/home/runner/.m2/repository/org/codehaus/plexus/plexus-sec-dispatcher/2.0/plexus-sec-dispatcher-2.0.jar:/home/runner/.m2/repository/org/apache/maven/maven-embedder/3.9.9/maven-embedder-3.9.9.jar:/home/runner/.m2/repository/org/apache/maven/maven-core/3.9.9/maven-core-3.9.9.jar:/home/runner/.m2/repository/org/codehaus/plexus/plexus-component-annotations/2.1.0/plexus-component-annotations-2.1.0.jar:/home/runner/.m2/repository/org/apache/maven/maven-plugin-api/3.9.9/maven-plugin-api-3.9.9.jar:/home/runner/.m2/repository/org/apache/maven/shared/maven-shared-utils/3.4.2/maven-shared-utils-3.4.2.jar:/home/runner/.m2/repository/com/google/inject/guice/5.1.0/guice-5.1.0.jar:/home/runner/.m2/repository/aopalliance/aopalliance/1.0/aopalliance-1.0.jar:/home/runner/.m2/repository/org/codehaus/plexus/plexus-classworlds/2.6.0/plexus-classworlds-2.6.0.jar:/home/runner/.m2/repository/commons-cli/commons-cli/1.8.0/commons-cli-1.8.0.jar:/home/runner/.m2/repository/org/eclipse/sisu/org.eclipse.sisu.plexus/0.9.0.M3/org.eclipse.sisu.plexus-0.9.0.M3.jar:/home/runner/.m2/repository/org/apache/maven/maven-settings-builder/3.9.9/maven-settings-builder-3.9.9.jar:/home/runner/.m2/repository/org/apache/maven/maven-resolver-provider/3.9.9/maven-resolver-provider-3.9.9.jar:/home/runner/.m2/repository/org/apache/maven/resolver/maven-resolver-connector-basic/1.9.22/maven-resolver-connector-basic-1.9.22.jar:/home/runner/.m2/repository/org/apache/maven/resolver/maven-resolver-transport-wagon/1.9.22/maven-resolver-transport-wagon-1.9.22.jar:/home/runner/.m2/repository/org/apache/maven/wagon/wagon-http/3.5.3/wagon-http-3.5.3.jar:/home/runner/.m2/repository/org/apache/maven/wagon/wagon-file/3.5.3/wagon-file-3.5.3.jar:/home/runner/.m2/repository/io/quarkus/quarkus-bootstrap-gradle-resolver/3.20.2/quarkus-bootstrap-gradle-resolver-3.20.2.jar:/home/runner/.m2/repository/io/smallrye/jandex/3.3.0/jandex-3.3.0.jar:/home/runner/.m2/repository/org/jboss/logging/commons-logging-jboss-logging/1.0.0.Final/commons-logging-jboss-logging-1.0.0.Final.jar:/home/runner/.m2/repository/io/quarkus/quarkus-junit5-config/3.20.2/quarkus-junit5-config-3.20.2.jar:/home/runner/.m2/repository/org/junit/jupiter/junit-jupiter-api/5.12.1/junit-jupiter-api-5.12.1.jar:/home/runner/.m2/repository/io/smallrye/config/smallrye-config/3.11.4/smallrye-config-3.11.4.jar:/home/runner/.m2/repository/io/smallrye/config/smallrye-config-core/3.11.4/smallrye-config-core-3.11.4.jar:/home/runner/.m2/repository/io/smallrye/common/smallrye-common-classloader/2.12.0/smallrye-common-classloader-2.12.0.jar:/home/runner/.m2/repository/io/smallrye/config/smallrye-config-common/3.11.4/smallrye-config-common-3.11.4.jar:/home/runner/.m2/repository/org/junit/jupiter/junit-jupiter/5.12.1/junit-jupiter-5.12.1.jar:/home/runner/.m2/repository/org/junit/jupiter/junit-jupiter-params/5.12.1/junit-jupiter-params-5.12.1.jar:/home/runner/.m2/repository/org/junit/jupiter/junit-jupiter-engine/5.12.1/junit-jupiter-engine-5.12.1.jar:/home/runner/.m2/repository/io/quarkus/quarkus-core/3.20.2/quarkus-core-3.20.2.jar:/home/runner/.m2/repository/jakarta/enterprise/jakarta.enterprise.cdi-api/4.1.0/jakarta.enterprise.cdi-api-4.1.0.jar:/home/runner/.m2/repository/jakarta/enterprise/jakarta.enterprise.lang-model/4.1.0/jakarta.enterprise.lang-model-4.1.0.jar:/home/runner/.m2/repository/jakarta/el/jakarta.el-api/5.0.1/jakarta.el-api-5.0.1.jar:/home/runner/.m2/repository/jakarta/interceptor/jakarta.interceptor-api/2.2.0/jakarta.interceptor-api-2.2.0.jar:/home/runner/.m2/repository/jakarta/inject/jakarta.inject-api/2.0.1/jakarta.inject-api-2.0.1.jar:/home/runner/.m2/repository/io/smallrye/common/smallrye-common-os/2.12.0/smallrye-common-os-2.12.0.jar:/home/runner/.m2/repository/io/quarkus/quarkus-ide-launcher/3.20.2/quarkus-ide-launcher-3.20.2.jar:/home/runner/.m2/repository/io/quarkus/quarkus-development-mode-spi/3.20.2/quarkus-development-mode-spi-3.20.2.jar:/home/runner/.m2/repository/org/jboss/logging/jboss-logging/3.6.1.Final/jboss-logging-3.6.1.Final.jar:/home/runner/.m2/repository/org/jboss/logmanager/jboss-logmanager/3.1.2.Final/jboss-logmanager-3.1.2.Final.jar:/home/runner/.m2/repository/io/smallrye/common/smallrye-common-constraint/2.12.0/smallrye-common-constraint-2.12.0.jar:/home/runner/.m2/repository/io/smallrye/common/smallrye-common-cpu/2.12.0/smallrye-common-cpu-2.12.0.jar:/home/runner/.m2/repository/io/smallrye/common/smallrye-common-expression/2.12.0/smallrye-common-expression-2.12.0.jar:/home/runner/.m2/repository/io/smallrye/common/smallrye-common-net/2.12.0/smallrye-common-net-2.12.0.jar:/home/runner/.m2/repository/io/smallrye/common/smallrye-common-ref/2.12.0/smallrye-common-ref-2.12.0.jar:/home/runner/.m2/repository/jakarta/json/jakarta.json-api/2.1.3/jakarta.json-api-2.1.3.jar:/home/runner/.m2/repository/org/eclipse/parsson/parsson/1.1.7/parsson-1.1.7.jar:/home/runner/.m2/repository/org/jboss/logging/jboss-logging-annotations/3.0.4.Final/jboss-logging-annotations-3.0.4.Final.jar:/home/runner/.m2/repository/org/jboss/threads/jboss-threads/3.8.0.Final/jboss-threads-3.8.0.Final.jar:/home/runner/.m2/repository/io/smallrye/common/smallrye-common-annotation/2.12.0/smallrye-common-annotation-2.12.0.jar:/home/runner/.m2/repository/io/smallrye/common/smallrye-common-function/2.12.0/smallrye-common-function-2.12.0.jar:/home/runner/.m2/repository/org/jboss/slf4j/slf4j-jboss-logmanager/2.0.0.Final/slf4j-jboss-logmanager-2.0.0.Final.jar:/home/runner/.m2/repository/org/wildfly/common/wildfly-common/2.0.1/wildfly-common-2.0.1.jar:/home/runner/.m2/repository/io/quarkus/quarkus-bootstrap-runner/3.20.2/quarkus-bootstrap-runner-3.20.2.jar:/home/runner/.m2/repository/io/github/crac/org-crac/0.1.3/org-crac-0.1.3.jar:/home/runner/.m2/repository/io/quarkus/quarkus-fs-util/0.0.10/quarkus-fs-util-0.0.10.jar:/home/runner/.m2/repository/org/jboss/marshalling/jboss-marshalling/2.2.2.Final/jboss-marshalling-2.2.2.Final.jar:/home/runner/.m2/repository/io/fabric8/kubernetes-client/7.1.0/kubernetes-client-7.1.0.jar:/home/runner/.m2/repository/io/fabric8/kubernetes-client-api/7.1.0/kubernetes-client-api-7.1.0.jar:/home/runner/.m2/repository/io/fabric8/kubernetes-model-core/7.1.0/kubernetes-model-core-7.1.0.jar:/home/runner/.m2/repository/io/fabric8/kubernetes-model-common/7.1.0/kubernetes-model-common-7.1.0.jar:/home/runner/.m2/repository/javax/annotation/javax.annotation-api/1.3.2/javax.annotation-api-1.3.2.jar:/home/runner/.m2/repository/io/fabric8/kubernetes-model-gatewayapi/7.1.0/kubernetes-model-gatewayapi-7.1.0.jar:/home/runner/.m2/repository/io/fabric8/kubernetes-model-resource/7.1.0/kubernetes-model-resource-7.1.0.jar:/home/runner/.m2/repository/io/fabric8/kubernetes-model-rbac/7.1.0/kubernetes-model-rbac-7.1.0.jar:/home/runner/.m2/repository/io/fabric8/kubernetes-model-admissionregistration/7.1.0/kubernetes-model-admissionregistration-7.1.0.jar:/home/runner/.m2/repository/io/fabric8/kubernetes-model-apps/7.1.0/kubernetes-model-apps-7.1.0.jar:/home/runner/.m2/repository/io/fabric8/kubernetes-model-autoscaling/7.1.0/kubernetes-model-autoscaling-7.1.0.jar:/home/runner/.m2/repository/io/fabric8/kubernetes-model-apiextensions/7.1.0/kubernetes-model-apiextensions-7.1.0.jar:/home/runner/.m2/repository/io/fabric8/kubernetes-model-batch/7.1.0/kubernetes-model-batch-7.1.0.jar:/home/runner/.m2/repository/io/fabric8/kubernetes-model-certificates/7.1.0/kubernetes-model-certificates-7.1.0.jar:/home/runner/.m2/repository/io/fabric8/kubernetes-model-coordination/7.1.0/kubernetes-model-coordination-7.1.0.jar:/home/runner/.m2/repository/io/fabric8/kubernetes-model-discovery/7.1.0/kubernetes-model-discovery-7.1.0.jar:/home/runner/.m2/repository/io/fabric8/kubernetes-model-events/7.1.0/kubernetes-model-events-7.1.0.jar:/home/runner/.m2/repository/io/fabric8/kubernetes-model-extensions/7.1.0/kubernetes-model-extensions-7.1.0.jar:/home/runner/.m2/repository/io/fabric8/kubernetes-model-flowcontrol/7.1.0/kubernetes-model-flowcontrol-7.1.0.jar:/home/runner/.m2/repository/io/fabric8/kubernetes-model-networking/7.1.0/kubernetes-model-networking-7.1.0.jar:/home/runner/.m2/repository/io/fabric8/kubernetes-model-metrics/7.1.0/kubernetes-model-metrics-7.1.0.jar:/home/runner/.m2/repository/io/fabric8/kubernetes-model-policy/7.1.0/kubernetes-model-policy-7.1.0.jar:/home/runner/.m2/repository/io/fabric8/kubernetes-model-scheduling/7.1.0/kubernetes-model-scheduling-7.1.0.jar:/home/runner/.m2/repository/io/fabric8/kubernetes-model-storageclass/7.1.0/kubernetes-model-storageclass-7.1.0.jar:/home/runner/.m2/repository/io/fabric8/kubernetes-model-node/7.1.0/kubernetes-model-node-7.1.0.jar:/home/runner/.m2/repository/org/snakeyaml/snakeyaml-engine/2.9/snakeyaml-engine-2.9.jar:/home/runner/.m2/repository/com/fasterxml/jackson/dataformat/jackson-dataformat-yaml/2.18.2/jackson-dataformat-yaml-2.18.2.jar:/home/runner/.m2/repository/com/fasterxml/jackson/datatype/jackson-datatype-jsr310/2.18.2/jackson-datatype-jsr310-2.18.2.jar:/home/runner/.m2/repository/io/fabric8/zjsonpatch/7.1.0/zjsonpatch-7.1.0.jar:/home/runner/.m2/repository/io/fabric8/kubernetes-httpclient-vertx/7.1.0/kubernetes-httpclient-vertx-7.1.0.jar:/home/runner/.m2/repository/io/vertx/vertx-web-client/4.5.16/vertx-web-client-4.5.16.jar:/home/runner/.m2/repository/io/vertx/vertx-web-common/4.5.16/vertx-web-common-4.5.16.jar:/home/runner/.m2/repository/io/vertx/vertx-auth-common/4.5.16/vertx-auth-common-4.5.16.jar:/home/runner/.m2/repository/io/vertx/vertx-uri-template/4.5.16/vertx-uri-template-4.5.16.jar:/home/runner/.m2/repository/io/fabric8/openshift-client/7.1.0/openshift-client-7.1.0.jar:/home/runner/.m2/repository/io/fabric8/openshift-client-api/7.1.0/openshift-client-api-7.1.0.jar:/home/runner/.m2/repository/io/fabric8/openshift-model/7.1.0/openshift-model-7.1.0.jar:/home/runner/.m2/repository/io/fabric8/openshift-model-autoscaling/7.1.0/openshift-model-autoscaling-7.1.0.jar:/home/runner/.m2/repository/io/fabric8/openshift-model-operator/7.1.0/openshift-model-operator-7.1.0.jar:/home/runner/.m2/repository/io/fabric8/openshift-model-operatorhub/7.1.0/openshift-model-operatorhub-7.1.0.jar:/home/runner/.m2/repository/io/fabric8/openshift-model-machine/7.1.0/openshift-model-machine-7.1.0.jar:/home/runner/.m2/repository/io/fabric8/openshift-model-whereabouts/7.1.0/openshift-model-whereabouts-7.1.0.jar:/home/runner/.m2/repository/io/fabric8/openshift-model-monitoring/7.1.0/openshift-model-monitoring-7.1.0.jar:/home/runner/.m2/repository/io/fabric8/openshift-model-storageversionmigrator/7.1.0/openshift-model-storageversionmigrator-7.1.0.jar:/home/runner/.m2/repository/io/fabric8/openshift-model-tuned/7.1.0/openshift-model-tuned-7.1.0.jar:/home/runner/.m2/repository/io/fabric8/openshift-model-console/7.1.0/openshift-model-console-7.1.0.jar:/home/runner/.m2/repository/io/fabric8/openshift-model-config/7.1.0/openshift-model-config-7.1.0.jar:/home/runner/.m2/repository/io/fabric8/openshift-model-machineconfiguration/7.1.0/openshift-model-machineconfiguration-7.1.0.jar:/home/runner/.m2/repository/io/fabric8/openshift-model-miscellaneous/7.1.0/openshift-model-miscellaneous-7.1.0.jar:/home/runner/.m2/repository/io/fabric8/openshift-model-hive/7.1.0/openshift-model-hive-7.1.0.jar:/home/runner/.m2/repository/io/fabric8/openshift-model-installer/7.1.0/openshift-model-installer-7.1.0.jar:/home/runner/.m2/repository/org/junit/platform/junit-platform-launcher/1.12.1/junit-platform-launcher-1.12.1.jar:/home/runner/.m2/repository/org/junit/platform/junit-platform-engine/1.12.1/junit-platform-engine-1.12.1.jar:/home/runner/.m2/repository/org/opentest4j/opentest4j/1.3.0/opentest4j-1.3.0.jar:/home/runner/.m2/repository/org/junit/platform/junit-platform-commons/1.12.1/junit-platform-commons-1.12.1.jar:/home/runner/.m2/repository/org/apiguardian/apiguardian-api/1.1.2/apiguardian-api-1.1.2.jar:/home/runner/.m2/repository/jakarta/ws/rs/jakarta.ws.rs-api/3.1.0/jakarta.ws.rs-api-3.1.0.jar:/home/runner/work/apicurio-testing/apicurio-testing/cache/clusters/ci419/namespaces/ksql047/tests/integration/apicurio-registry/java-sdk/target/apicurio-registry-java-sdk-3.0.15.jar:/home/runner/.m2/repository/com/microsoft/kiota/microsoft-kiota-abstractions/1.8.10/microsoft-kiota-abstractions-1.8.10.jar:/home/runner/.m2/repository/io/github/std-uritemplate/std-uritemplate/2.0.0/std-uritemplate-2.0.0.jar:/home/runner/.m2/repository/io/kiota/kiota-http-jdk/0.0.29/kiota-http-jdk-0.0.29.jar:/home/runner/.m2/repository/io/kiota/kiota-http-vertx/0.0.29/kiota-http-vertx-0.0.29.jar:/home/runner/.m2/repository/io/kiota/kiota-serialization-jackson/0.0.29/kiota-serialization-jackson-0.0.29.jar:/home/runner/.m2/repository/com/microsoft/kiota/microsoft-kiota-serialization-text/1.8.10/microsoft-kiota-serialization-text-1.8.10.jar:/home/runner/.m2/repository/com/microsoft/kiota/microsoft-kiota-serialization-form/1.8.10/microsoft-kiota-serialization-form-1.8.10.jar:/home/runner/.m2/repository/com/microsoft/kiota/microsoft-kiota-serialization-multipart/1.8.10/microsoft-kiota-serialization-multipart-1.8.10.jar:/home/runner/.m2/repository/jakarta/annotation/jakarta.annotation-api/3.0.0/jakarta.annotation-api-3.0.0.jar:/home/runner/.m2/repository/io/vertx/vertx-auth-oauth2/4.5.16/vertx-auth-oauth2-4.5.16.jar:/home/runner/work/apicurio-testing/apicurio-testing/cache/clusters/ci419/namespaces/ksql047/tests/integration/apicurio-registry/java-sdk-v2/target/apicurio-registry-v2-java-sdk-3.0.15.jar:/home/runner/work/apicurio-testing/apicurio-testing/cache/clusters/ci419/namespaces/ksql047/tests/integration/apicurio-registry/utils/kafka/target/apicurio-registry-utils-kafka-3.0.15-tests.jar:/home/runner/.m2/repository/org/eclipse/microprofile/config/microprofile-config-api/3.1/microprofile-config-api-3.1.jar:/home/runner/.m2/repository/org/apache/kafka/kafka-clients/3.9.1/kafka-clients-3.9.1.jar:/home/runner/.m2/repository/com/github/luben/zstd-jni/1.5.6-4/zstd-jni-1.5.6-4.jar:/home/runner/.m2/repository/org/lz4/lz4-java/1.8.0/lz4-java-1.8.0.jar:/home/runner/.m2/repository/org/xerial/snappy/snappy-java/1.1.10.5/snappy-java-1.1.10.5.jar:/home/runner/.m2/repository/org/slf4j/slf4j-api/2.0.6/slf4j-api-2.0.6.jar:/home/runner/work/apicurio-testing/apicurio-testing/cache/clusters/ci419/namespaces/ksql047/tests/integration/apicurio-registry/utils/tests/target/apicurio-registry-utils-tests-3.0.15.jar:/home/runner/work/apicurio-testing/apicurio-testing/cache/clusters/ci419/namespaces/ksql047/tests/integration/apicurio-registry/common/target/apicurio-registry-common-3.0.15.jar:/home/runner/.m2/repository/jakarta/validation/jakarta.validation-api/3.0.2/jakarta.validation-api-3.0.2.jar:/home/runner/.m2/repository/com/github/dasniko/testcontainers-keycloak/3.8.0/testcontainers-keycloak-3.8.0.jar:/home/runner/.m2/repository/org/testcontainers/testcontainers/1.20.6/testcontainers-1.20.6.jar:/home/runner/.m2/repository/org/rnorth/duct-tape/duct-tape/1.0.8/duct-tape-1.0.8.jar:/home/runner/.m2/repository/com/github/docker-java/docker-java-transport-zerodep/3.4.1/docker-java-transport-zerodep-3.4.1.jar:/home/runner/.m2/repository/com/github/docker-java/docker-java-transport/3.4.1/docker-java-transport-3.4.1.jar:/home/runner/.m2/repository/net/java/dev/jna/jna/5.8.0/jna-5.8.0.jar:/home/runner/.m2/repository/io/quarkus/quarkus-junit4-mock/3.20.2/quarkus-junit4-mock-3.20.2.jar:/home/runner/.m2/repository/org/jboss/shrinkwrap/shrinkwrap-api/2.0.0-beta-2/shrinkwrap-api-2.0.0-beta-2.jar:/home/runner/.m2/repository/org/jboss/shrinkwrap/shrinkwrap-impl-base/2.0.0-beta-2/shrinkwrap-impl-base-2.0.0-beta-2.jar:/home/runner/.m2/repository/org/jboss/shrinkwrap/shrinkwrap-spi/2.0.0-beta-2/shrinkwrap-spi-2.0.0-beta-2.jar:/home/runner/.m2/repository/org/keycloak/keycloak-admin-client/26.0.4/keycloak-admin-client-26.0.4.jar:/home/runner/.m2/repository/org/keycloak/keycloak-client-common-synced/26.0.4/keycloak-client-common-synced-26.0.4.jar:/home/runner/.m2/repository/jakarta/activation/jakarta.activation-api/2.1.3/jakarta.activation-api-2.1.3.jar:/home/runner/.m2/repository/org/eclipse/microprofile/openapi/microprofile-openapi-api/4.0.2/microprofile-openapi-api-4.0.2.jar:/home/runner/.m2/repository/org/jboss/resteasy/resteasy-client/6.2.12.Final/resteasy-client-6.2.12.Final.jar:/home/runner/.m2/repository/org/jboss/resteasy/resteasy-client-api/6.2.12.Final/resteasy-client-api-6.2.12.Final.jar:/home/runner/.m2/repository/org/jboss/resteasy/resteasy-core-spi/6.2.12.Final/resteasy-core-spi-6.2.12.Final.jar:/home/runner/.m2/repository/org/jboss/resteasy/resteasy-core/6.2.12.Final/resteasy-core-6.2.12.Final.jar:/home/runner/.m2/repository/org/eclipse/angus/angus-activation/2.0.2/angus-activation-2.0.2.jar:/home/runner/.m2/repository/com/ibm/async/asyncutil/0.1.0/asyncutil-0.1.0.jar:/home/runner/.m2/repository/org/reactivestreams/reactive-streams/1.0.4/reactive-streams-1.0.4.jar:/home/runner/.m2/repository/org/jboss/resteasy/resteasy-multipart-provider/6.2.12.Final/resteasy-multipart-provider-6.2.12.Final.jar:/home/runner/.m2/repository/jakarta/mail/jakarta.mail-api/2.1.3/jakarta.mail-api-2.1.3.jar:/home/runner/.m2/repository/org/eclipse/angus/angus-mail/2.0.3/angus-mail-2.0.3.jar:/home/runner/.m2/repository/org/apache/james/apache-mime4j-dom/0.8.12/apache-mime4j-dom-0.8.12.jar:/home/runner/.m2/repository/org/apache/james/apache-mime4j-core/0.8.12/apache-mime4j-core-0.8.12.jar:/home/runner/.m2/repository/org/apache/james/apache-mime4j-storage/0.8.12/apache-mime4j-storage-0.8.12.jar:/home/runner/.m2/repository/org/jboss/resteasy/resteasy-jackson2-provider/6.2.12.Final/resteasy-jackson2-provider-6.2.12.Final.jar:/home/runner/.m2/repository/com/fasterxml/jackson/jakarta/rs/jackson-jakarta-rs-base/2.18.2/jackson-jakarta-rs-base-2.18.2.jar:/home/runner/.m2/repository/com/fasterxml/jackson/jakarta/rs/jackson-jakarta-rs-json-provider/2.18.2/jackson-jakarta-rs-json-provider-2.18.2.jar:/home/runner/.m2/repository/com/fasterxml/jackson/module/jackson-module-jakarta-xmlbind-annotations/2.18.2/jackson-module-jakarta-xmlbind-annotations-2.18.2.jar:/home/runner/.m2/repository/com/github/java-json-tools/json-patch/1.13/json-patch-1.13.jar:/home/runner/.m2/repository/com/github/java-json-tools/msg-simple/1.2/msg-simple-1.2.jar:/home/runner/.m2/repository/com/github/java-json-tools/btf/1.3/btf-1.3.jar:/home/runner/.m2/repository/com/github/java-json-tools/jackson-coreutils/2.0/jackson-coreutils-2.0.jar:/home/runner/.m2/repository/org/jboss/resteasy/resteasy-jaxb-provider/6.2.12.Final/resteasy-jaxb-provider-6.2.12.Final.jar:/home/runner/.m2/repository/org/glassfish/jaxb/codemodel/4.0.5/codemodel-4.0.5.jar:/home/runner/.m2/repository/org/glassfish/jaxb/jaxb-core/4.0.5/jaxb-core-4.0.5.jar:/home/runner/.m2/repository/org/glassfish/jaxb/jaxb-jxc/4.0.5/jaxb-jxc-4.0.5.jar:/home/runner/.m2/repository/org/glassfish/jaxb/jaxb-runtime/4.0.5/jaxb-runtime-4.0.5.jar:/home/runner/.m2/repository/org/glassfish/jaxb/txw2/4.0.5/txw2-4.0.5.jar:/home/runner/.m2/repository/org/glassfish/jaxb/jaxb-xjc/4.0.5/jaxb-xjc-4.0.5.jar:/home/runner/.m2/repository/org/glassfish/jaxb/xsom/4.0.5/xsom-4.0.5.jar:/home/runner/.m2/repository/com/sun/istack/istack-commons-runtime/4.1.2/istack-commons-runtime-4.1.2.jar:/home/runner/.m2/repository/com/sun/istack/istack-commons-tools/4.1.2/istack-commons-tools-4.1.2.jar:/home/runner/.m2/repository/com/sun/xml/bind/external/relaxng-datatype/4.0.5/relaxng-datatype-4.0.5.jar:/home/runner/.m2/repository/com/sun/xml/bind/external/rngom/4.0.5/rngom-4.0.5.jar:/home/runner/.m2/repository/org/testcontainers/mssqlserver/1.20.6/mssqlserver-1.20.6.jar:/home/runner/.m2/repository/org/testcontainers/jdbc/1.20.6/jdbc-1.20.6.jar:/home/runner/.m2/repository/org/testcontainers/database-commons/1.20.6/database-commons-1.20.6.jar:/home/runner/.m2/repository/org/testcontainers/mysql/1.20.6/mysql-1.20.6.jar:/home/runner/.m2/repository/io/strimzi/strimzi-test-container/0.112.0/strimzi-test-container-0.112.0.jar:/home/runner/.m2/repository/org/testcontainers/toxiproxy/1.20.6/toxiproxy-1.20.6.jar:/home/runner/.m2/repository/com/github/docker-java/docker-java-api/3.4.1/docker-java-api-3.4.1.jar:/home/runner/.m2/repository/org/apache/logging/log4j/log4j-slf4j-impl/2.19.0/log4j-slf4j-impl-2.19.0.jar:/home/runner/.m2/repository/org/apache/logging/log4j/log4j-api/2.24.3/log4j-api-2.24.3.jar:/home/runner/.m2/repository/org/apache/logging/log4j/log4j-core/2.19.0/log4j-core-2.19.0.jar:/home/runner/.m2/repository/eu/rekawek/toxiproxy/toxiproxy-java/2.1.7/toxiproxy-java-2.1.7.jar:/home/runner/.m2/repository/org/testcontainers/pulsar/1.21.3/pulsar-1.21.3.jar:/home/runner/.m2/repository/io/debezium/debezium-testing-testcontainers/2.7.4.Final/debezium-testing-testcontainers-2.7.4.Final.jar:/home/runner/.m2/repository/org/testcontainers/kafka/1.20.6/kafka-1.20.6.jar:/home/runner/.m2/repository/com/squareup/okhttp3/okhttp/4.8.1/okhttp-4.8.1.jar:/home/runner/.m2/repository/com/squareup/okio/okio/3.10.2/okio-3.10.2.jar:/home/runner/.m2/repository/com/squareup/okio/okio-jvm/3.10.2/okio-jvm-3.10.2.jar:/home/runner/.m2/repository/org/jetbrains/kotlin/kotlin-stdlib/2.0.21/kotlin-stdlib-2.0.21.jar:/home/runner/.m2/repository/org/awaitility/awaitility/4.3.0/awaitility-4.3.0.jar:/home/runner/.m2/repository/org/testcontainers/mongodb/1.20.6/mongodb-1.20.6.jar:/home/runner/.m2/repository/org/testcontainers/mariadb/1.20.6/mariadb-1.20.6.jar:/home/runner/.m2/repository/org/testcontainers/oracle-xe/1.20.6/oracle-xe-1.20.6.jar:/home/runner/.m2/repository/org/testcontainers/postgresql/1.20.6/postgresql-1.20.6.jar:/home/runner/.m2/repository/org/wiremock/wiremock/3.0.1/wiremock-3.0.1.jar:/home/runner/.m2/repository/org/eclipse/jetty/jetty-server/11.0.15/jetty-server-11.0.15.jar:/home/runner/.m2/repository/org/eclipse/jetty/toolchain/jetty-jakarta-servlet-api/5.0.2/jetty-jakarta-servlet-api-5.0.2.jar:/home/runner/.m2/repository/org/eclipse/jetty/jetty-http/11.0.15/jetty-http-11.0.15.jar:/home/runner/.m2/repository/org/eclipse/jetty/jetty-io/11.0.15/jetty-io-11.0.15.jar:/home/runner/.m2/repository/org/eclipse/jetty/jetty-servlet/11.0.15/jetty-servlet-11.0.15.jar:/home/runner/.m2/repository/org/eclipse/jetty/jetty-security/11.0.15/jetty-security-11.0.15.jar:/home/runner/.m2/repository/org/eclipse/jetty/jetty-servlets/11.0.15/jetty-servlets-11.0.15.jar:/home/runner/.m2/repository/org/eclipse/jetty/jetty-util/11.0.15/jetty-util-11.0.15.jar:/home/runner/.m2/repository/org/eclipse/jetty/jetty-webapp/11.0.15/jetty-webapp-11.0.15.jar:/home/runner/.m2/repository/org/eclipse/jetty/jetty-xml/11.0.15/jetty-xml-11.0.15.jar:/home/runner/.m2/repository/org/eclipse/jetty/jetty-proxy/11.0.15/jetty-proxy-11.0.15.jar:/home/runner/.m2/repository/org/eclipse/jetty/jetty-client/11.0.15/jetty-client-11.0.15.jar:/home/runner/.m2/repository/org/eclipse/jetty/http2/http2-server/11.0.15/http2-server-11.0.15.jar:/home/runner/.m2/repository/org/eclipse/jetty/http2/http2-common/11.0.15/http2-common-11.0.15.jar:/home/runner/.m2/repository/org/eclipse/jetty/http2/http2-hpack/11.0.15/http2-hpack-11.0.15.jar:/home/runner/.m2/repository/org/eclipse/jetty/jetty-alpn-server/11.0.15/jetty-alpn-server-11.0.15.jar:/home/runner/.m2/repository/org/eclipse/jetty/jetty-alpn-java-server/11.0.15/jetty-alpn-java-server-11.0.15.jar:/home/runner/.m2/repository/org/eclipse/jetty/jetty-alpn-java-client/11.0.15/jetty-alpn-java-client-11.0.15.jar:/home/runner/.m2/repository/org/eclipse/jetty/jetty-alpn-client/11.0.15/jetty-alpn-client-11.0.15.jar:/home/runner/.m2/repository/org/apache/httpcomponents/client5/httpclient5/5.2.1/httpclient5-5.2.1.jar:/home/runner/.m2/repository/org/apache/httpcomponents/core5/httpcore5/5.2/httpcore5-5.2.jar:/home/runner/.m2/repository/org/apache/httpcomponents/core5/httpcore5-h2/5.2/httpcore5-h2-5.2.jar:/home/runner/.m2/repository/org/xmlunit/xmlunit-core/2.9.1/xmlunit-core-2.9.1.jar:/home/runner/.m2/repository/jakarta/xml/bind/jakarta.xml.bind-api/4.0.2/jakarta.xml.bind-api-4.0.2.jar:/home/runner/.m2/repository/org/xmlunit/xmlunit-legacy/2.9.1/xmlunit-legacy-2.9.1.jar:/home/runner/.m2/repository/org/xmlunit/xmlunit-placeholders/2.9.1/xmlunit-placeholders-2.9.1.jar:/home/runner/.m2/repository/net/javacrumbs/json-unit/json-unit-core/2.38.0/json-unit-core-2.38.0.jar:/home/runner/.m2/repository/org/hamcrest/hamcrest-core/2.2/hamcrest-core-2.2.jar:/home/runner/.m2/repository/com/jayway/jsonpath/json-path/2.8.0/json-path-2.8.0.jar:/home/runner/.m2/repository/net/minidev/json-smart/2.4.10/json-smart-2.4.10.jar:/home/runner/.m2/repository/net/minidev/accessors-smart/2.4.9/accessors-smart-2.4.9.jar:/home/runner/.m2/repository/org/ow2/asm/asm/9.7.1/asm-9.7.1.jar:/home/runner/.m2/repository/net/sf/jopt-simple/jopt-simple/5.0.4/jopt-simple-5.0.4.jar:/home/runner/.m2/repository/com/github/jknack/handlebars/4.3.1/handlebars-4.3.1.jar:/home/runner/.m2/repository/com/github/jknack/handlebars-helpers/4.3.1/handlebars-helpers-4.3.1.jar:/home/runner/.m2/repository/commons-fileupload/commons-fileupload/1.5/commons-fileupload-1.5.jar:/home/runner/.m2/repository/com/networknt/json-schema-validator/1.5.8/json-schema-validator-1.5.8.jar:/home/runner/.m2/repository/com/ethlo/time/itu/1.10.3/itu-1.10.3.jar:/home/runner/.m2/repository/io/quarkus/quarkus-smallrye-jwt-build/3.20.2/quarkus-smallrye-jwt-build-3.20.2.jar:/home/runner/.m2/repository/io/smallrye/smallrye-jwt-build/4.6.2/smallrye-jwt-build-4.6.2.jar:/home/runner/.m2/repository/org/eclipse/microprofile/jwt/microprofile-jwt-auth-api/2.1/microprofile-jwt-auth-api-2.1.jar:/home/runner/.m2/repository/org/bitbucket/b_c/jose4j/0.9.6/jose4j-0.9.6.jar:/home/runner/.m2/repository/io/smallrye/smallrye-jwt-common/4.6.2/smallrye-jwt-common-4.6.2.jar:/home/runner/.m2/repository/io/quarkus/quarkus-jsonp/3.20.2/quarkus-jsonp-3.20.2.jar:/home/runner/.m2/repository/io/quarkus/quarkus-arc/3.20.2/quarkus-arc-3.20.2.jar:/home/runner/.m2/repository/io/quarkus/arc/arc/3.20.2/arc-3.20.2.jar:/home/runner/.m2/repository/jakarta/transaction/jakarta.transaction-api/2.0.1/jakarta.transaction-api-2.0.1.jar:/home/runner/.m2/repository/io/smallrye/reactive/mutiny/2.9.2/mutiny-2.9.2.jar:/home/runner/.m2/repository/org/jctools/jctools-core/4.0.5/jctools-core-4.0.5.jar:/home/runner/.m2/repository/org/eclipse/microprofile/context-propagation/microprofile-context-propagation-api/1.3/microprofile-context-propagation-api-1.3.jar:/home/runner/.m2/repository/io/apicurio/apicurio-common-rest-client-common/0.1.18.Final/apicurio-common-rest-client-common-0.1.18.Final.jar:/home/runner/work/apicurio-testing/apicurio-testing/cache/clusters/ci419/namespaces/ksql047/tests/integration/apicurio-registry/utils/maven-plugin/target/apicurio-registry-maven-plugin-3.0.15.jar:/home/runner/.m2/repository/com/fasterxml/jackson/core/jackson-databind/2.18.2/jackson-databind-2.18.2.jar:/home/runner/.m2/repository/org/apache/avro/avro/1.12.0/avro-1.12.0.jar:/home/runner/.m2/repository/com/google/protobuf/protobuf-java/4.32.1/protobuf-java-4.32.1.jar:/home/runner/.m2/repository/com/google/protobuf/protobuf-java-util/4.32.1/protobuf-java-util-4.32.1.jar:/home/runner/.m2/repository/com/google/code/findbugs/jsr305/3.0.2/jsr305-3.0.2.jar:/home/runner/.m2/repository/com/google/code/gson/gson/2.12.1/gson-2.12.1.jar:/home/runner/.m2/repository/com/google/errorprone/error_prone_annotations/2.36.0/error_prone_annotations-2.36.0.jar:/home/runner/.m2/repository/com/google/j2objc/j2objc-annotations/2.8/j2objc-annotations-2.8.jar:/home/runner/work/apicurio-testing/apicurio-testing/cache/clusters/ci419/namespaces/ksql047/tests/integration/apicurio-registry/schema-util/util-provider/target/apicurio-registry-schema-util-provider-3.0.15.jar:/home/runner/work/apicurio-testing/apicurio-testing/cache/clusters/ci419/namespaces/ksql047/tests/integration/apicurio-registry/schema-util/common/target/apicurio-registry-schema-util-common-3.0.15.jar:/home/runner/.m2/repository/com/fasterxml/jackson/module/jackson-module-parameter-names/2.18.2/jackson-module-parameter-names-2.18.2.jar:/home/runner/.m2/repository/com/fasterxml/jackson/datatype/jackson-datatype-json-org/2.18.2/jackson-datatype-json-org-2.18.2.jar:/home/runner/work/apicurio-testing/apicurio-testing/cache/clusters/ci419/namespaces/ksql047/tests/integration/apicurio-registry/schema-util/json/target/apicurio-registry-schema-util-json-3.0.15.jar:/home/runner/.m2/repository/com/github/erosb/everit-json-schema/1.14.5/everit-json-schema-1.14.5.jar:/home/runner/.m2/repository/commons-validator/commons-validator/1.9.0/commons-validator-1.9.0.jar:/home/runner/.m2/repository/commons-digester/commons-digester/2.1/commons-digester-2.1.jar:/home/runner/.m2/repository/commons-collections/commons-collections/3.2.2/commons-collections-3.2.2.jar:/home/runner/.m2/repository/com/damnhandy/handy-uri-templates/2.1.8/handy-uri-templates-2.1.8.jar:/home/runner/.m2/repository/joda-time/joda-time/2.10.2/joda-time-2.10.2.jar:/home/runner/.m2/repository/com/github/erosb/json-sKema/0.20.0/json-sKema-0.20.0.jar:/home/runner/.m2/repository/io/vertx/vertx-json-schema/4.5.16/vertx-json-schema-4.5.16.jar:/home/runner/work/apicurio-testing/apicurio-testing/cache/clusters/ci419/namespaces/ksql047/tests/integration/apicurio-registry/schema-util/protobuf/target/apicurio-registry-schema-util-protobuf-3.0.15.jar:/home/runner/work/apicurio-testing/apicurio-testing/cache/clusters/ci419/namespaces/ksql047/tests/integration/apicurio-registry/utils/protobuf-schema-utilities/target/apicurio-registry-protobuf-schema-utilities-3.0.15.jar:/home/runner/.m2/repository/com/google/api/grpc/proto-google-common-protos/2.52.0/proto-google-common-protos-2.52.0.jar:/home/runner/.m2/repository/com/squareup/wire/wire-schema-jvm/5.3.3/wire-schema-jvm-5.3.3.jar:/home/runner/.m2/repository/com/palantir/javapoet/javapoet/0.6.0/javapoet-0.6.0.jar:/home/runner/.m2/repository/com/squareup/kotlinpoet-jvm/2.0.0/kotlinpoet-jvm-2.0.0.jar:/home/runner/.m2/repository/org/jetbrains/kotlin/kotlin-reflect/2.0.21/kotlin-reflect-2.0.21.jar:/home/runner/.m2/repository/com/squareup/wire/wire-runtime-jvm/5.3.3/wire-runtime-jvm-5.3.3.jar:/home/runner/.m2/repository/com/ibm/icu/icu4j/76.1/icu4j-76.1.jar:/home/runner/.m2/repository/com/squareup/okio/okio-fakefilesystem/3.10.2/okio-fakefilesystem-3.10.2.jar:/home/runner/.m2/repository/com/squareup/okio/okio-fakefilesystem-jvm/3.10.2/okio-fakefilesystem-jvm-3.10.2.jar:/home/runner/.m2/repository/org/jetbrains/kotlinx/kotlinx-datetime-jvm/0.6.1/kotlinx-datetime-jvm-0.6.1.jar:/home/runner/work/apicurio-testing/apicurio-testing/cache/clusters/ci419/namespaces/ksql047/tests/integration/apicurio-registry/schema-util/asyncapi/target/apicurio-registry-schema-util-asyncapi-3.0.15.jar:/home/runner/work/apicurio-testing/apicurio-testing/cache/clusters/ci419/namespaces/ksql047/tests/integration/apicurio-registry/schema-util/avro/target/apicurio-registry-schema-util-avro-3.0.15.jar:/home/runner/work/apicurio-testing/apicurio-testing/cache/clusters/ci419/namespaces/ksql047/tests/integration/apicurio-registry/schema-util/graphql/target/apicurio-registry-schema-util-graphql-3.0.15.jar:/home/runner/.m2/repository/com/graphql-java/graphql-java/22.4/graphql-java-22.4.jar:/home/runner/.m2/repository/com/graphql-java/java-dataloader/3.3.0/java-dataloader-3.3.0.jar:/home/runner/work/apicurio-testing/apicurio-testing/cache/clusters/ci419/namespaces/ksql047/tests/integration/apicurio-registry/schema-util/kconnect/target/apicurio-registry-schema-util-kconnect-3.0.15.jar:/home/runner/work/apicurio-testing/apicurio-testing/cache/clusters/ci419/namespaces/ksql047/tests/integration/apicurio-registry/schema-util/openapi/target/apicurio-registry-schema-util-openapi-3.0.15.jar:/home/runner/.m2/repository/io/apicurio/apicurio-data-models/2.2.2/apicurio-data-models-2.2.2.jar:/home/runner/.m2/repository/org/slf4j/jcl-over-slf4j/2.0.6/jcl-over-slf4j-2.0.6.jar:/home/runner/.m2/repository/org/openapitools/openapidiff/openapi-diff-core/2.1.2/openapi-diff-core-2.1.2.jar:/home/runner/.m2/repository/io/swagger/parser/v3/swagger-parser/2.1.28/swagger-parser-2.1.28.jar:/home/runner/.m2/repository/io/swagger/parser/v3/swagger-parser-v2-converter/2.1.28/swagger-parser-v2-converter-2.1.28.jar:/home/runner/.m2/repository/io/swagger/swagger-core/1.6.16/swagger-core-1.6.16.jar:/home/runner/.m2/repository/io/swagger/swagger-models/1.6.16/swagger-models-1.6.16.jar:/home/runner/.m2/repository/io/swagger/swagger-annotations/1.6.16/swagger-annotations-1.6.16.jar:/home/runner/.m2/repository/io/swagger/swagger-parser/1.0.75/swagger-parser-1.0.75.jar:/home/runner/.m2/repository/io/swagger/swagger-parser-safe-url-resolver/1.0.75/swagger-parser-safe-url-resolver-1.0.75.jar:/home/runner/.m2/repository/io/swagger/swagger-compat-spec-parser/1.0.75/swagger-compat-spec-parser-1.0.75.jar:/home/runner/.m2/repository/com/github/java-json-tools/json-schema-validator/2.2.14/json-schema-validator-2.2.14.jar:/home/runner/.m2/repository/com/github/java-json-tools/jackson-coreutils-equivalence/1.0/jackson-coreutils-equivalence-1.0.jar:/home/runner/.m2/repository/com/github/java-json-tools/json-schema-core/1.2.14/json-schema-core-1.2.14.jar:/home/runner/.m2/repository/com/github/java-json-tools/uri-template/0.10/uri-template-0.10.jar:/home/runner/.m2/repository/com/googlecode/libphonenumber/libphonenumber/8.11.1/libphonenumber-8.11.1.jar:/home/runner/.m2/repository/com/j2html/j2html/1.6.0/j2html-1.6.0.jar:/home/runner/.m2/repository/org/apache/commons/commons-collections4/4.5.0/commons-collections4-4.5.0.jar:/home/runner/.m2/repository/io/swagger/parser/v3/swagger-parser-v3/2.1.31/swagger-parser-v3-2.1.31.jar:/home/runner/.m2/repository/io/swagger/core/v3/swagger-models/2.2.34/swagger-models-2.2.34.jar:/home/runner/.m2/repository/io/swagger/core/v3/swagger-core/2.2.34/swagger-core-2.2.34.jar:/home/runner/.m2/repository/io/swagger/parser/v3/swagger-parser-core/2.1.31/swagger-parser-core-2.1.31.jar:/home/runner/.m2/repository/io/swagger/parser/v3/swagger-parser-safe-url-resolver/2.1.31/swagger-parser-safe-url-resolver-2.1.31.jar:/home/runner/work/apicurio-testing/apicurio-testing/cache/clusters/ci419/namespaces/ksql047/tests/integration/apicurio-registry/schema-util/wsdl/target/apicurio-registry-schema-util-wsdl-3.0.15.jar:/home/runner/.m2/repository/wsdl4j/wsdl4j/1.6.3/wsdl4j-1.6.3.jar:/home/runner/work/apicurio-testing/apicurio-testing/cache/clusters/ci419/namespaces/ksql047/tests/integration/apicurio-registry/schema-util/xml/target/apicurio-registry-schema-util-xml-3.0.15.jar:/home/runner/.m2/repository/org/apache/santuario/xmlsec/4.0.4/xmlsec-4.0.4.jar:/home/runner/.m2/repository/com/fasterxml/woodstox/woodstox-core/7.1.1/woodstox-core-7.1.1.jar:/home/runner/.m2/repository/org/codehaus/woodstox/stax2-api/4.2.2/stax2-api-4.2.2.jar:/home/runner/work/apicurio-testing/apicurio-testing/cache/clusters/ci419/namespaces/ksql047/tests/integration/apicurio-registry/schema-util/xsd/target/apicurio-registry-schema-util-xsd-3.0.15.jar:/home/runner/work/apicurio-testing/apicurio-testing/cache/clusters/ci419/namespaces/ksql047/tests/integration/apicurio-registry/serdes/kafka/jsonschema-serde/target/apicurio-registry-jsonschema-serde-kafka-3.0.15.jar:/home/runner/work/apicurio-testing/apicurio-testing/cache/clusters/ci419/namespaces/ksql047/tests/integration/apicurio-registry/serdes/kafka/serde-kafka-common/target/apicurio-registry-serde-kafka-common-3.0.15.jar:/home/runner/work/apicurio-testing/apicurio-testing/cache/clusters/ci419/namespaces/ksql047/tests/integration/apicurio-registry/serdes/generic/serde-common/target/apicurio-registry-serde-common-3.0.15.jar:/home/runner/work/apicurio-testing/apicurio-testing/cache/clusters/ci419/namespaces/ksql047/tests/integration/apicurio-registry/serdes/generic/serde-common-jsonschema/target/apicurio-registry-serde-common-jsonschema-3.0.15.jar:/home/runner/.m2/repository/org/json/json/20250107/json-20250107.jar:/home/runner/work/apicurio-testing/apicurio-testing/cache/clusters/ci419/namespaces/ksql047/tests/integration/apicurio-registry/serdes/kafka/avro-serde/target/apicurio-registry-avro-serde-kafka-3.0.15.jar:/home/runner/work/apicurio-testing/apicurio-testing/cache/clusters/ci419/namespaces/ksql047/tests/integration/apicurio-registry/serdes/generic/serde-common-avro/target/apicurio-registry-serde-common-avro-3.0.15.jar:/home/runner/work/apicurio-testing/apicurio-testing/cache/clusters/ci419/namespaces/ksql047/tests/integration/apicurio-registry/serdes/kafka/protobuf-serde/target/apicurio-registry-protobuf-serde-kafka-3.0.15.jar:/home/runner/work/apicurio-testing/apicurio-testing/cache/clusters/ci419/namespaces/ksql047/tests/integration/apicurio-registry/serdes/generic/serde-common-protobuf/target/apicurio-registry-serde-common-protobuf-3.0.15.jar:/home/runner/.m2/repository/com/squareup/wire/wire-schema/5.3.3/wire-schema-5.3.3.jar:/home/runner/.m2/repository/com/squareup/wire/wire-runtime/5.3.3/wire-runtime-5.3.3.jar:/home/runner/work/apicurio-testing/apicurio-testing/cache/clusters/ci419/namespaces/ksql047/tests/integration/apicurio-registry/serdes/pulsar/avro-serde/target/apicurio-registry-avro-serde-pulsar-3.0.15.jar:/home/runner/.m2/repository/org/apache/pulsar/pulsar-functions-api/3.3.8/pulsar-functions-api-3.3.8.jar:/home/runner/work/apicurio-testing/apicurio-testing/cache/clusters/ci419/namespaces/ksql047/tests/integration/apicurio-registry/serdes/nats/avro-serde/target/apicurio-registry-avro-serde-nats-3.0.15.jar:/home/runner/.m2/repository/io/nats/jnats/2.21.4/jnats-2.21.4.jar:/home/runner/.m2/repository/org/bouncycastle/bcprov-lts8on/2.73.7/bcprov-lts8on-2.73.7.jar:/home/runner/.m2/repository/org/jetbrains/annotations/26.0.2/annotations-26.0.2.jar:/home/runner/work/apicurio-testing/apicurio-testing/cache/clusters/ci419/namespaces/ksql047/tests/integration/apicurio-registry/utils/converter/target/apicurio-registry-utils-converter-3.0.15.jar:/home/runner/work/apicurio-testing/apicurio-testing/cache/clusters/ci419/namespaces/ksql047/tests/integration/apicurio-registry/schema-resolver/target/apicurio-registry-schema-resolver-3.0.15.jar:/home/runner/.m2/repository/org/apache/kafka/connect-api/3.9.1/connect-api-3.9.1.jar:/home/runner/.m2/repository/javax/ws/rs/javax.ws.rs-api/2.1.1/javax.ws.rs-api-2.1.1.jar:/home/runner/.m2/repository/org/apache/kafka/connect-json/3.9.1/connect-json-3.9.1.jar:/home/runner/.m2/repository/com/fasterxml/jackson/datatype/jackson-datatype-jdk8/2.18.2/jackson-datatype-jdk8-2.18.2.jar:/home/runner/.m2/repository/com/fasterxml/jackson/module/jackson-module-afterburner/2.18.2/jackson-module-afterburner-2.18.2.jar:/home/runner/work/apicurio-testing/apicurio-testing/cache/clusters/ci419/namespaces/ksql047/tests/integration/apicurio-registry/utils/kafka/target/apicurio-registry-utils-kafka-3.0.15.jar:/home/runner/.m2/repository/org/apache/pulsar/pulsar-client/3.3.8/pulsar-client-3.3.8.jar:/home/runner/.m2/repository/org/apache/pulsar/pulsar-client-api/3.3.8/pulsar-client-api-3.3.8.jar:/home/runner/.m2/repository/org/apache/pulsar/pulsar-client-admin-api/3.3.8/pulsar-client-admin-api-3.3.8.jar:/home/runner/.m2/repository/org/apache/pulsar/bouncy-castle-bc/3.3.8/bouncy-castle-bc-3.3.8-pkg.jar:/home/runner/.m2/repository/org/bouncycastle/bcpkix-jdk18on/1.81/bcpkix-jdk18on-1.81.jar:/home/runner/.m2/repository/org/bouncycastle/bcutil-jdk18on/1.81/bcutil-jdk18on-1.81.jar:/home/runner/.m2/repository/org/bouncycastle/bcprov-jdk18on/1.81/bcprov-jdk18on-1.81.jar:/home/runner/.m2/repository/io/opentelemetry/opentelemetry-api/1.44.1/opentelemetry-api-1.44.1.jar:/home/runner/.m2/repository/io/opentelemetry/opentelemetry-context/1.44.1/opentelemetry-context-1.44.1.jar:/home/runner/.m2/repository/io/opentelemetry/opentelemetry-api-incubator/1.44.1-alpha/opentelemetry-api-incubator-1.44.1-alpha.jar:/home/runner/.m2/repository/com/fasterxml/jackson/core/jackson-annotations/2.18.2/jackson-annotations-2.18.2.jar:/home/runner/.m2/repository/javax/validation/validation-api/1.1.0.Final/validation-api-1.1.0.Final.jar:/home/runner/.m2/repository/org/jspecify/jspecify/1.0.0/jspecify-1.0.0.jar:/home/runner/.m2/repository/org/apache/commons/commons-configuration2/2.12.0/commons-configuration2-2.12.0.jar:/home/runner/.m2/repository/commons-logging/commons-logging/1.3.5/commons-logging-1.3.5.jar:/home/runner/.m2/repository/org/apache/commons/commons-text/1.13.0/commons-text-1.13.0.jar:/home/runner/.m2/repository/io/confluent/kafka-avro-serializer/8.0.0/kafka-avro-serializer-8.0.0.jar:/home/runner/.m2/repository/org/apache/commons/commons-compress/1.27.1/commons-compress-1.27.1.jar:/home/runner/.m2/repository/io/confluent/kafka-schema-serializer/8.0.0/kafka-schema-serializer-8.0.0.jar:/home/runner/.m2/repository/com/fasterxml/jackson/dataformat/jackson-dataformat-csv/2.18.2/jackson-dataformat-csv-2.18.2.jar:/home/runner/.m2/repository/io/confluent/kafka-schema-registry-client/8.0.0/kafka-schema-registry-client-8.0.0.jar:/home/runner/.m2/repository/org/yaml/snakeyaml/2.3/snakeyaml-2.3.jar:/home/runner/.m2/repository/io/swagger/core/v3/swagger-annotations/2.2.29/swagger-annotations-2.2.29.jar:/home/runner/.m2/repository/com/google/guava/guava/33.4.0-jre/guava-33.4.0-jre.jar:/home/runner/.m2/repository/com/google/guava/failureaccess/1.0.1/failureaccess-1.0.1.jar:/home/runner/.m2/repository/org/checkerframework/checker-qual/3.49.0/checker-qual-3.49.0.jar:/home/runner/.m2/repository/io/confluent/logredactor/1.0.13/logredactor-1.0.13.jar:/home/runner/.m2/repository/com/google/re2j/re2j/1.6/re2j-1.6.jar:/home/runner/.m2/repository/io/confluent/logredactor-metrics/1.0.13/logredactor-metrics-1.0.13.jar:/home/runner/.m2/repository/com/eclipsesource/minimal-json/minimal-json/0.9.5/minimal-json-0.9.5.jar:/home/runner/.m2/repository/io/confluent/common-utils/8.0.0/common-utils-8.0.0.jar:/home/runner/.m2/repository/io/confluent/kafka-connect-avro-converter/8.0.0/kafka-connect-avro-converter-8.0.0.jar:/home/runner/.m2/repository/io/confluent/kafka-connect-avro-data/8.0.0/kafka-connect-avro-data-8.0.0.jar:/home/runner/.m2/repository/io/confluent/kafka-schema-converter/8.0.0/kafka-schema-converter-8.0.0.jar:/home/runner/.m2/repository/io/rest-assured/rest-assured/5.5.1/rest-assured-5.5.1.jar:/home/runner/.m2/repository/org/apache/groovy/groovy/4.0.22/groovy-4.0.22.jar:/home/runner/.m2/repository/org/apache/groovy/groovy-xml/4.0.22/groovy-xml-4.0.22.jar:/home/runner/.m2/repository/org/apache/httpcomponents/httpclient/4.5.14/httpclient-4.5.14.jar:/home/runner/.m2/repository/org/apache/httpcomponents/httpcore/4.4.16/httpcore-4.4.16.jar:/home/runner/.m2/repository/org/apache/httpcomponents/httpmime/4.5.14/httpmime-4.5.14.jar:/home/runner/.m2/repository/org/hamcrest/hamcrest/2.2/hamcrest-2.2.jar:/home/runner/.m2/repository/org/ccil/cowan/tagsoup/tagsoup/1.2.1/tagsoup-1.2.1.jar:/home/runner/.m2/repository/io/rest-assured/json-path/5.5.1/json-path-5.5.1.jar:/home/runner/.m2/repository/org/apache/groovy/groovy-json/4.0.22/groovy-json-4.0.22.jar:/home/runner/.m2/repository/io/rest-assured/rest-assured-common/5.5.1/rest-assured-common-5.5.1.jar:/home/runner/.m2/repository/io/rest-assured/xml-path/5.5.1/xml-path-5.5.1.jar:/home/runner/.m2/repository/io/zonky/test/embedded-postgres/2.1.0/embedded-postgres-2.1.0.jar:/home/runner/.m2/repository/io/zonky/test/postgres/embedded-postgres-binaries-windows-amd64/14.15.0/embedded-postgres-binaries-windows-amd64-14.15.0.jar:/home/runner/.m2/repository/io/zonky/test/postgres/embedded-postgres-binaries-darwin-amd64/14.15.0/embedded-postgres-binaries-darwin-amd64-14.15.0.jar:/home/runner/.m2/repository/io/zonky/test/postgres/embedded-postgres-binaries-linux-amd64/14.15.0/embedded-postgres-binaries-linux-amd64-14.15.0.jar:/home/runner/.m2/repository/io/zonky/test/postgres/embedded-postgres-binaries-linux-amd64-alpine/14.15.0/embedded-postgres-binaries-linux-amd64-alpine-14.15.0.jar:/home/runner/.m2/repository/org/apache/commons/commons-lang3/3.17.0/commons-lang3-3.17.0.jar:/home/runner/.m2/repository/org/tukaani/xz/1.10/xz-1.10.jar:/home/runner/.m2/repository/commons-codec/commons-codec/1.19.0/commons-codec-1.19.0.jar:/home/runner/.m2/repository/org/postgresql/postgresql/42.7.7/postgresql-42.7.7.jar:/home/runner/.m2/repository/commons-io/commons-io/2.18.0/commons-io-2.18.0.jar:/home/runner/work/apicurio-testing/apicurio-testing/cache/clusters/ci419/namespaces/ksql047/tests/integration/apicurio-registry/utils/importexport/target/apicurio-registry-utils-import-export-3.0.15.jar:/home/runner/.m2/repository/io/vertx/vertx-core/4.5.16/vertx-core-4.5.16.jar:/home/runner/.m2/repository/io/netty/netty-common/4.1.121.Final/netty-common-4.1.121.Final.jar:/home/runner/.m2/repository/io/netty/netty-buffer/4.1.121.Final/netty-buffer-4.1.121.Final.jar:/home/runner/.m2/repository/io/netty/netty-transport/4.1.121.Final/netty-transport-4.1.121.Final.jar:/home/runner/.m2/repository/io/netty/netty-handler/4.1.121.Final/netty-handler-4.1.121.Final.jar:/home/runner/.m2/repository/io/netty/netty-transport-native-unix-common/4.1.121.Final/netty-transport-native-unix-common-4.1.121.Final.jar:/home/runner/.m2/repository/io/netty/netty-codec/4.1.121.Final/netty-codec-4.1.121.Final.jar:/home/runner/.m2/repository/io/netty/netty-handler-proxy/4.1.121.Final/netty-handler-proxy-4.1.121.Final.jar:/home/runner/.m2/repository/io/netty/netty-codec-socks/4.1.121.Final/netty-codec-socks-4.1.121.Final.jar:/home/runner/.m2/repository/io/netty/netty-codec-http/4.1.121.Final/netty-codec-http-4.1.121.Final.jar:/home/runner/.m2/repository/io/netty/netty-codec-http2/4.1.121.Final/netty-codec-http2-4.1.121.Final.jar:/home/runner/.m2/repository/io/netty/netty-resolver/4.1.121.Final/netty-resolver-4.1.121.Final.jar:/home/runner/.m2/repository/io/netty/netty-resolver-dns/4.1.121.Final/netty-resolver-dns-4.1.121.Final.jar:/home/runner/.m2/repository/io/netty/netty-codec-dns/4.1.121.Final/netty-codec-dns-4.1.121.Final.jar:/home/runner/.m2/repository/com/fasterxml/jackson/core/jackson-core/2.18.2/jackson-core-2.18.2.jar:"/>
    <property name="sun.cpu.endian" value="little"/>
    <property name="user.home" value="/home/runner"/>
    <property name="user.language" value="en"/>
    <property name="jboss.log-version" value="false"/>
    <property name="java.specification.vendor" value="Oracle Corporation"/>
    <property name="java.version.date" value="2025-07-15"/>
    <property name="java.home" value="/usr/lib/jvm/temurin-17-jdk-amd64"/>
    <property name="file.separator" value="/"/>
    <property name="basedir" value="/home/runner/work/apicurio-testing/apicurio-testing/cache/clusters/ci419/namespaces/ksql047/tests/integration/apicurio-registry/integration-tests"/>
    <property name="java.vm.compressedOopsMode" value="Zero based"/>
    <property name="line.separator" value="&#10;"/>
    <property name="java.specification.name" value="Java Platform API Specification"/>
    <property name="java.vm.specification.vendor" value="Oracle Corporation"/>
    <property name="quarkus.http.test-host" value="registry-app-ksql047.apps.ci419.apicurio-testing.org"/>
    <property name="surefire.real.class.path" value="/home/runner/work/apicurio-testing/apicurio-testing/cache/clusters/ci419/namespaces/ksql047/tests/integration/apicurio-registry/integration-tests/target/surefire/surefirebooter-20251008133116573_3.jar"/>
    <property name="sun.management.compiler" value="HotSpot 64-Bit Tiered Compilers"/>
    <property name="org.eclipse.jetty.http.HttpGenerator.STRICT" value="true"/>
    <property name="java.runtime.version" value="17.0.16+8"/>
    <property name="user.name" value="runner"/>
    <property name="path.separator" value=":"/>
    <property name="os.version" value="6.11.0-1018-azure"/>
    <property name="java.runtime.name" value="OpenJDK Runtime Environment"/>
    <property name="file.encoding" value="UTF-8"/>
    <property name="jnidispatch.path" value="/home/runner/.cache/JNA/temp/jna13730766293909210502.tmp"/>
    <property name="java.vm.name" value="OpenJDK 64-Bit Server VM"/>
    <property name="jna.platform.library.path" value="/usr/lib/x86_64-linux-gnu:/lib/x86_64-linux-gnu:/usr/lib64:/lib64:/usr/lib:/lib:/lib32:/usr/local/lib:/usr/lib/x86_64-linux-gnu/libfakeroot"/>
    <property name="java.vendor.version" value="Temurin-17.0.16+8"/>
    <property name="quarkus.oidc.token-path" value="https://keycloak-ksql047.apps.ci419.apicurio-testing.org/realms/registry/protocol/openid-connect/token"/>
    <property name="quarkus.http.host" value="registry-app-ksql047.apps.ci419.apicurio-testing.org"/>
    <property name="localRepository" value="/home/runner/.m2/repository"/>
    <property name="javax.xml.xpath.XPathFactory:http://java.sun.com/jaxp/xpath/dom" value="com.sun.org.apache.xpath.internal.jaxp.XPathFactoryImpl"/>
    <property name="jna.loaded" value="true"/>
    <property name="java.vendor.url.bug" value="https://github.com/adoptium/adoptium-support/issues"/>
    <property name="jetty.git.hash" value="5bc5e562c8d05c5862505aebe5cf83a61bdbcb96"/>
    <property name="java.io.tmpdir" value="/tmp"/>
    <property name="quarkus.http.test-protocol" value="http"/>
    <property name="java.version" value="17.0.16"/>
    <property name="user.dir" value="/home/runner/work/apicurio-testing/apicurio-testing/cache/clusters/ci419/namespaces/ksql047/tests/integration/apicurio-registry/integration-tests"/>
    <property name="os.arch" value="amd64"/>
    <property name="groups" value="( smoke | serdes | acceptance | ui)"/>
    <property name="java.vm.specification.name" value="Java Virtual Machine Specification"/>
    <property name="native.encoding" value="UTF-8"/>
    <property name="java.util.logging.manager" value="org.jboss.logmanager.LogManager"/>
    <property name="java.library.path" value="/usr/java/packages/lib:/usr/lib64:/lib64:/lib:/usr/lib"/>
    <property name="jdk.console" value="java.base"/>
    <property name="java.vm.info" value="mixed mode, sharing"/>
    <property name="java.vendor" value="Eclipse Adoptium"/>
    <property name="java.vm.version" value="17.0.16+8"/>
    <property name="java.specification.maintenance.version" value="1"/>
    <property name="sun.io.unicode.encoding" value="UnicodeLittle"/>
    <property name="javax.xml.transform.TransformerFactory" value="com.sun.org.apache.xalan.internal.xsltc.trax.TransformerFactoryImpl"/>
    <property name="java.class.version" value="61.0"/>
  </properties>
  <testcase name="testGlobalIdInHeaders" classname="io.apicurio.tests.serdes.apicurio.AvroSerdeIT" time="5.359">
    <system-out><![CDATA[**** Registry Base URL: http://registry-app-ksql047.apps.ci419.apicurio-testing.org:80
**** Registry Base URL: http://registry-app-ksql047.apps.ci419.apicurio-testing.org:80
2025-10-08 13:31:25,868 INFO  [io.api.tes.ser.api.AvroSerdeIT] (main) RestAssured configured with http://registry-app-ksql047.apps.ci419.apicurio-testing.org:80/apis/registry/v3
2025-10-08 13:31:25,946 INFO  [io.api.tes.uti.KafkaFacade] (main) Starting kafka container
2025-10-08 13:31:25,977 INFO  [org.tes.ima.PullPolicy] (main) Image pull policy will be performed by: DefaultPullPolicy()
2025-10-08 13:31:25,979 INFO  [org.tes.uti.ImageNameSubstitutor] (main) Image name substitution will be performed by: DefaultImageNameSubstitutor (composite of 'ConfigurationFileImageNameSubstitutor' and 'PrefixingImageNameSubstitutor')
2025-10-08 13:31:25,989 INFO  [org.tes.DockerClientFactory] (main) Testcontainers version: 1.20.6
2025-10-08 13:31:26,431 INFO  [org.tes.doc.DockerClientProviderStrategy] (main) Found Docker environment with local Unix socket (unix:///var/run/docker.sock)
2025-10-08 13:31:26,440 INFO  [org.tes.DockerClientFactory] (main) Docker host IP address is localhost
2025-10-08 13:31:26,455 INFO  [org.tes.DockerClientFactory] (main) Connected to docker: 
  Server Version: 28.0.4
  API Version: 1.48
  Operating System: Ubuntu 24.04.3 LTS
  Total Memory: 15995 MB
2025-10-08 13:31:26,482 INFO  [tc.tes.11.0] (main) Pulling docker image: testcontainers/ryuk:0.11.0. Please be patient; this may take some time but only needs to be done once.
2025-10-08 13:31:27,075 INFO  [tc.tes.11.0] (docker-java-stream--1295187651) Starting to pull image
2025-10-08 13:31:27,103 INFO  [tc.tes.11.0] (docker-java-stream--1295187651) Pulling image layers:  0 pending,  0 downloaded,  0 extracted, (0 bytes/0 bytes)
2025-10-08 13:31:27,506 INFO  [tc.tes.11.0] (docker-java-stream--1295187651) Pulling image layers:  2 pending,  1 downloaded,  0 extracted, (114 KB/? MB)
2025-10-08 13:31:27,516 INFO  [tc.tes.11.0] (docker-java-stream--1295187651) Pulling image layers:  1 pending,  2 downloaded,  0 extracted, (3 MB/? MB)
2025-10-08 13:31:27,622 INFO  [tc.tes.11.0] (docker-java-stream--1295187651) Pulling image layers:  1 pending,  2 downloaded,  1 extracted, (3 MB/? MB)
2025-10-08 13:31:27,994 INFO  [tc.tes.11.0] (docker-java-stream--1295187651) Pulling image layers:  1 pending,  2 downloaded,  2 extracted, (4 MB/? MB)
2025-10-08 13:31:28,038 INFO  [tc.tes.11.0] (docker-java-stream--1295187651) Pulling image layers:  1 pending,  2 downloaded,  3 extracted, (10 MB/? MB)
2025-10-08 13:31:28,045 INFO  [tc.tes.11.0] (main) Image testcontainers/ryuk:0.11.0 pull took PT1.563009319S
2025-10-08 13:31:28,064 INFO  [tc.tes.11.0] (main) Creating container for image: testcontainers/ryuk:0.11.0
2025-10-08 13:31:28,118 INFO  [tc.tes.11.0] (main) Container testcontainers/ryuk:0.11.0 is starting: 3d0bd15068092f062d4e2dd2ab5250fec9d840f2c50ce3dc0d7583b255b23301
2025-10-08 13:31:28,466 INFO  [tc.tes.11.0] (main) Container testcontainers/ryuk:0.11.0 started in PT0.402017092S
2025-10-08 13:31:28,474 INFO  [org.tes.uti.RyukResourceReaper] (main) Ryuk started - will monitor and terminate Testcontainers containers on JVM exit
2025-10-08 13:31:28,474 INFO  [org.tes.DockerClientFactory] (main) Checking the system...
2025-10-08 13:31:28,475 INFO  [org.tes.DockerClientFactory] (main) ✔︎ Docker server version should be at least 1.6.0
2025-10-08 13:31:28,478 INFO  [io.str.tes.con.KafkaVersionService] (main) Latest release of Kafka is:LogicalKafkaVersionEntity{version='4.1.0', image='quay.io/strimzi-test-container/test-container:0.112.0-kafka-4.1.0'}
2025-10-08 13:31:28,478 INFO  [io.str.tes.con.KafkaVersionService] (main) Latest release of Kafka is:LogicalKafkaVersionEntity{version='4.1.0', image='quay.io/strimzi-test-container/test-container:0.112.0-kafka-4.1.0'}
2025-10-08 13:31:28,478 INFO  [io.str.tes.con.KafkaVersionService] (main) No Kafka version specified. Using latest release: 4.1.0
2025-10-08 13:31:28,482 INFO  [tc.qua.io/.112.0-k.1.0] (main) Pulling docker image: quay.io/strimzi-test-container/test-container:0.112.0-kafka-4.1.0. Please be patient; this may take some time but only needs to be done once.
2025-10-08 13:31:29,092 INFO  [tc.qua.io/.112.0-k.1.0] (docker-java-stream--1807218272) Starting to pull image
2025-10-08 13:31:29,093 INFO  [tc.qua.io/.112.0-k.1.0] (docker-java-stream--1807218272) Pulling image layers:  0 pending,  0 downloaded,  0 extracted, (0 bytes/0 bytes)
2025-10-08 13:31:29,603 INFO  [tc.qua.io/.112.0-k.1.0] (docker-java-stream--1807218272) Pulling image layers:  6 pending,  1 downloaded,  0 extracted, (3 MB/? MB)
2025-10-08 13:31:29,778 INFO  [tc.qua.io/.112.0-k.1.0] (docker-java-stream--1807218272) Pulling image layers:  5 pending,  2 downloaded,  0 extracted, (23 MB/? MB)
2025-10-08 13:31:30,395 INFO  [tc.qua.io/.112.0-k.1.0] (docker-java-stream--1807218272) Pulling image layers:  4 pending,  3 downloaded,  0 extracted, (117 MB/? MB)
2025-10-08 13:31:30,448 INFO  [tc.qua.io/.112.0-k.1.0] (docker-java-stream--1807218272) Pulling image layers:  3 pending,  4 downloaded,  0 extracted, (122 MB/? MB)
2025-10-08 13:31:30,621 INFO  [tc.qua.io/.112.0-k.1.0] (docker-java-stream--1807218272) Pulling image layers:  2 pending,  5 downloaded,  0 extracted, (125 MB/? MB)
2025-10-08 13:31:30,703 INFO  [tc.qua.io/.112.0-k.1.0] (docker-java-stream--1807218272) Pulling image layers:  1 pending,  6 downloaded,  0 extracted, (128 MB/? MB)
2025-10-08 13:31:31,289 INFO  [tc.qua.io/.112.0-k.1.0] (docker-java-stream--1807218272) Pulling image layers:  1 pending,  6 downloaded,  1 extracted, (155 MB/? MB)
2025-10-08 13:31:33,801 INFO  [tc.qua.io/.112.0-k.1.0] (docker-java-stream--1807218272) Pulling image layers:  0 pending,  7 downloaded,  1 extracted, (245 MB/250 MB)
2025-10-08 13:31:34,185 INFO  [tc.qua.io/.112.0-k.1.0] (docker-java-stream--1807218272) Pulling image layers:  0 pending,  7 downloaded,  2 extracted, (245 MB/250 MB)
2025-10-08 13:31:34,227 INFO  [tc.qua.io/.112.0-k.1.0] (docker-java-stream--1807218272) Pulling image layers:  0 pending,  7 downloaded,  3 extracted, (245 MB/250 MB)
2025-10-08 13:31:34,238 INFO  [tc.qua.io/.112.0-k.1.0] (docker-java-stream--1807218272) Pulling image layers:  0 pending,  7 downloaded,  4 extracted, (245 MB/250 MB)
2025-10-08 13:31:34,832 INFO  [tc.qua.io/.112.0-k.1.0] (docker-java-stream--1807218272) Pulling image layers:  0 pending,  7 downloaded,  5 extracted, (248 MB/250 MB)
2025-10-08 13:31:34,892 INFO  [tc.qua.io/.112.0-k.1.0] (docker-java-stream--1807218272) Pulling image layers:  0 pending,  7 downloaded,  6 extracted, (250 MB/250 MB)
2025-10-08 13:31:34,899 INFO  [tc.qua.io/.112.0-k.1.0] (docker-java-stream--1807218272) Pulling image layers:  0 pending,  7 downloaded,  7 extracted, (250 MB/250 MB)
2025-10-08 13:31:34,905 INFO  [tc.qua.io/.112.0-k.1.0] (docker-java-stream--1807218272) Pull complete. 7 layers, pulled in 5s (downloaded 250 MB at 50 MB/s)
2025-10-08 13:31:34,905 INFO  [tc.qua.io/.112.0-k.1.0] (main) Image quay.io/strimzi-test-container/test-container:0.112.0-kafka-4.1.0 pull took PT6.42253701S
2025-10-08 13:31:34,908 INFO  [tc.qua.io/.112.0-k.1.0] (main) Creating container for image: quay.io/strimzi-test-container/test-container:0.112.0-kafka-4.1.0
2025-10-08 13:31:34,975 INFO  [tc.qua.io/.112.0-k.1.0] (main) Container quay.io/strimzi-test-container/test-container:0.112.0-kafka-4.1.0 is starting: a9db30987012ab8ddfe240eda1424f5fcdd9452f4425c6eeb3c82f47a55dfb33
2025-10-08 13:31:35,142 INFO  [io.str.tes.con.StrimziKafkaContainer] (main) Mapped port: 32769
2025-10-08 13:31:35,143 WARN  [io.str.tes.con.StrimziKafkaContainer] (main) Node ID is not set. Using broker ID 0 as the default node ID.
2025-10-08 13:31:35,143 INFO  [io.str.tes.con.StrimziKafkaContainer] (main) This is all advertised listeners for Kafka PLAINTEXT://localhost:32769,BROKER1://172.18.0.2:9091,CONTROLLER://broker-0:9094
2025-10-08 13:31:35,173 INFO  [io.str.tes.con.StrimziKafkaContainer] (main) New `cluster.id` has been generated: SVjZkHnAQ8mYJ12eIV0raA
2025-10-08 13:31:35,174 INFO  [io.str.tes.con.StrimziKafkaContainer] (main) Copying command to 'STARTER_SCRIPT' script.
2025-10-08 13:31:39,310 INFO  [tc.qua.io/.112.0-k.1.0] (main) Container quay.io/strimzi-test-container/test-container:0.112.0-kafka-4.1.0 started in PT4.402681289S
2025-10-08 13:31:39,312 INFO  [io.api.tes.uti.TestSeparator] (main) ############################################################################
2025-10-08 13:31:39,312 INFO  [io.api.tes.uti.TestSeparator] (main) io.apicurio.tests.serdes.apicurio.AvroSerdeIT.testGlobalIdInHeaders-STARTED
2025-10-08 13:31:39,322 INFO  [org.apa.kaf.cli.adm.AdminClientConfig] (main) AdminClientConfig values: 
	auto.include.jmx.reporter = true
	bootstrap.controllers = []
	bootstrap.servers = [PLAINTEXT://localhost:32769]
	client.dns.lookup = use_all_dns_ips
	client.id = 
	connections.max.idle.ms = 10000
	default.api.timeout.ms = 60000
	enable.metrics.push = true
	metadata.max.age.ms = 300000
	metadata.recovery.strategy = none
	metric.reporters = []
	metrics.num.samples = 2
	metrics.recording.level = INFO
	metrics.sample.window.ms = 30000
	receive.buffer.bytes = 65536
	reconnect.backoff.max.ms = 1000
	reconnect.backoff.ms = 50
	request.timeout.ms = 5000
	retries = 2147483647
	retry.backoff.max.ms = 1000
	retry.backoff.ms = 100
	sasl.client.callback.handler.class = null
	sasl.jaas.config = null
	sasl.kerberos.kinit.cmd = /usr/bin/kinit
	sasl.kerberos.min.time.before.relogin = 60000
	sasl.kerberos.service.name = null
	sasl.kerberos.ticket.renew.jitter = 0.05
	sasl.kerberos.ticket.renew.window.factor = 0.8
	sasl.login.callback.handler.class = null
	sasl.login.class = null
	sasl.login.connect.timeout.ms = null
	sasl.login.read.timeout.ms = null
	sasl.login.refresh.buffer.seconds = 300
	sasl.login.refresh.min.period.seconds = 60
	sasl.login.refresh.window.factor = 0.8
	sasl.login.refresh.window.jitter = 0.05
	sasl.login.retry.backoff.max.ms = 10000
	sasl.login.retry.backoff.ms = 100
	sasl.mechanism = GSSAPI
	sasl.oauthbearer.clock.skew.seconds = 30
	sasl.oauthbearer.expected.audience = null
	sasl.oauthbearer.expected.issuer = null
	sasl.oauthbearer.header.urlencode = false
	sasl.oauthbearer.jwks.endpoint.refresh.ms = 3600000
	sasl.oauthbearer.jwks.endpoint.retry.backoff.max.ms = 10000
	sasl.oauthbearer.jwks.endpoint.retry.backoff.ms = 100
	sasl.oauthbearer.jwks.endpoint.url = null
	sasl.oauthbearer.scope.claim.name = scope
	sasl.oauthbearer.sub.claim.name = sub
	sasl.oauthbearer.token.endpoint.url = null
	security.protocol = PLAINTEXT
	security.providers = null
	send.buffer.bytes = 131072
	socket.connection.setup.timeout.max.ms = 30000
	socket.connection.setup.timeout.ms = 10000
	ssl.cipher.suites = null
	ssl.enabled.protocols = [TLSv1.2, TLSv1.3]
	ssl.endpoint.identification.algorithm = https
	ssl.engine.factory.class = null
	ssl.key.password = null
	ssl.keymanager.algorithm = SunX509
	ssl.keystore.certificate.chain = null
	ssl.keystore.key = null
	ssl.keystore.location = null
	ssl.keystore.password = null
	ssl.keystore.type = JKS
	ssl.protocol = TLSv1.3
	ssl.provider = null
	ssl.secure.random.implementation = null
	ssl.trustmanager.algorithm = PKIX
	ssl.truststore.certificates = null
	ssl.truststore.location = null
	ssl.truststore.password = null
	ssl.truststore.type = JKS

2025-10-08 13:31:39,766 INFO  [org.apa.kaf.com.uti.AppInfoParser] (main) Kafka version: 3.9.1
2025-10-08 13:31:39,766 INFO  [org.apa.kaf.com.uti.AppInfoParser] (main) Kafka commitId: f745dfdcee2b9851
2025-10-08 13:31:39,766 INFO  [org.apa.kaf.com.uti.AppInfoParser] (main) Kafka startTimeMs: 1759930299765
**** Registry Base URL: http://registry-app-ksql047.apps.ci419.apicurio-testing.org:80
2025-10-08 13:31:39,792 INFO  [org.apa.kaf.cli.pro.ProducerConfig] (main) ProducerConfig values: 
	acks = -1
	auto.include.jmx.reporter = true
	batch.size = 16384
	bootstrap.servers = [PLAINTEXT://localhost:32769]
	buffer.memory = 33554432
	client.dns.lookup = use_all_dns_ips
	client.id = Producer-topic-fce8b08e_f1da_48ad_9a9c_f0b3afd1992a
	compression.gzip.level = -1
	compression.lz4.level = 9
	compression.type = none
	compression.zstd.level = 3
	connections.max.idle.ms = 10000
	delivery.timeout.ms = 120000
	enable.idempotence = true
	enable.metrics.push = true
	interceptor.classes = []
	key.serializer = class org.apache.kafka.common.serialization.StringSerializer
	linger.ms = 0
	max.block.ms = 60000
	max.in.flight.requests.per.connection = 5
	max.request.size = 1048576
	metadata.max.age.ms = 300000
	metadata.max.idle.ms = 300000
	metadata.recovery.strategy = none
	metric.reporters = []
	metrics.num.samples = 2
	metrics.recording.level = INFO
	metrics.sample.window.ms = 30000
	partitioner.adaptive.partitioning.enable = true
	partitioner.availability.timeout.ms = 0
	partitioner.class = null
	partitioner.ignore.keys = false
	receive.buffer.bytes = 32768
	reconnect.backoff.max.ms = 1000
	reconnect.backoff.ms = 50
	request.timeout.ms = 5000
	retries = 2147483647
	retry.backoff.max.ms = 1000
	retry.backoff.ms = 100
	sasl.client.callback.handler.class = null
	sasl.jaas.config = null
	sasl.kerberos.kinit.cmd = /usr/bin/kinit
	sasl.kerberos.min.time.before.relogin = 60000
	sasl.kerberos.service.name = null
	sasl.kerberos.ticket.renew.jitter = 0.05
	sasl.kerberos.ticket.renew.window.factor = 0.8
	sasl.login.callback.handler.class = null
	sasl.login.class = null
	sasl.login.connect.timeout.ms = null
	sasl.login.read.timeout.ms = null
	sasl.login.refresh.buffer.seconds = 300
	sasl.login.refresh.min.period.seconds = 60
	sasl.login.refresh.window.factor = 0.8
	sasl.login.refresh.window.jitter = 0.05
	sasl.login.retry.backoff.max.ms = 10000
	sasl.login.retry.backoff.ms = 100
	sasl.mechanism = GSSAPI
	sasl.oauthbearer.clock.skew.seconds = 30
	sasl.oauthbearer.expected.audience = null
	sasl.oauthbearer.expected.issuer = null
	sasl.oauthbearer.header.urlencode = false
	sasl.oauthbearer.jwks.endpoint.refresh.ms = 3600000
	sasl.oauthbearer.jwks.endpoint.retry.backoff.max.ms = 10000
	sasl.oauthbearer.jwks.endpoint.retry.backoff.ms = 100
	sasl.oauthbearer.jwks.endpoint.url = null
	sasl.oauthbearer.scope.claim.name = scope
	sasl.oauthbearer.sub.claim.name = sub
	sasl.oauthbearer.token.endpoint.url = null
	security.protocol = PLAINTEXT
	security.providers = null
	send.buffer.bytes = 131072
	socket.connection.setup.timeout.max.ms = 30000
	socket.connection.setup.timeout.ms = 10000
	ssl.cipher.suites = null
	ssl.enabled.protocols = [TLSv1.2, TLSv1.3]
	ssl.endpoint.identification.algorithm = https
	ssl.engine.factory.class = null
	ssl.key.password = null
	ssl.keymanager.algorithm = SunX509
	ssl.keystore.certificate.chain = null
	ssl.keystore.key = null
	ssl.keystore.location = null
	ssl.keystore.password = null
	ssl.keystore.type = JKS
	ssl.protocol = TLSv1.3
	ssl.provider = null
	ssl.secure.random.implementation = null
	ssl.trustmanager.algorithm = PKIX
	ssl.truststore.certificates = null
	ssl.truststore.location = null
	ssl.truststore.password = null
	ssl.truststore.type = JKS
	transaction.timeout.ms = 60000
	transactional.id = null
	value.serializer = class io.apicurio.registry.serde.avro.AvroKafkaSerializer

2025-10-08 13:31:39,817 INFO  [org.apa.kaf.com.tel.int.KafkaMetricsCollector] (main) initializing Kafka metrics collector
2025-10-08 13:31:39,831 INFO  [org.apa.kaf.cli.pro.KafkaProducer] (main) [Producer clientId=Producer-topic-fce8b08e_f1da_48ad_9a9c_f0b3afd1992a] Instantiated an idempotent producer.
2025-10-08 13:31:39,850 INFO  [org.apa.kaf.cli.pro.ProducerConfig] (main) These configurations '[apicurio.registry.url, apicurio.registry.auto-register, apicurio.registry.use-id, apicurio.registry.artifact-resolver-strategy]' were supplied but are not used yet.
2025-10-08 13:31:39,850 INFO  [org.apa.kaf.com.uti.AppInfoParser] (main) Kafka version: 3.9.1
2025-10-08 13:31:39,851 INFO  [org.apa.kaf.com.uti.AppInfoParser] (main) Kafka commitId: f745dfdcee2b9851
2025-10-08 13:31:39,851 INFO  [org.apa.kaf.com.uti.AppInfoParser] (main) Kafka startTimeMs: 1759930299850
2025-10-08 13:31:39,851 INFO  [io.api.tes.ser.api.SimpleSerdesTesterBuilder$SimpleSerdesTester] (main) Using producer configuration: {apicurio.registry.url=http://registry-app-ksql047.apps.ci419.apicurio-testing.org:80/apis/registry/v3, apicurio.registry.auto-register=true, apicurio.registry.use-id=globalId, apicurio.registry.artifact-resolver-strategy=io.apicurio.registry.serde.strategy.TopicIdStrategy, value.serializer=io.apicurio.registry.serde.avro.AvroKafkaSerializer, request.timeout.ms=5000, acks=all, bootstrap.servers=PLAINTEXT://localhost:32769, connections.max.idle.ms=10000, key.serializer=org.apache.kafka.common.serialization.StringSerializer, client.id=Producer-topic-fce8b08e_f1da_48ad_9a9c_f0b3afd1992a}
2025-10-08 13:31:39,851 INFO  [io.api.tes.ser.api.SimpleSerdesTesterBuilder$SimpleSerdesTester] (main) Using consumer configuration: {apicurio.registry.use-id=globalId}
2025-10-08 13:31:39,854 INFO  [io.api.tes.ser.api.KafkaSerdesTester] (ForkJoinPool.commonPool-worker-3) Sending message {"key11759930299780": "value-0"} to topic topic-fce8b08e_f1da_48ad_9a9c_f0b3afd1992a
2025-10-08 13:31:40,086 WARN  [org.apa.kaf.cli.NetworkClient] (kafka-producer-network-thread | Producer-topic-fce8b08e_f1da_48ad_9a9c_f0b3afd1992a) [Producer clientId=Producer-topic-fce8b08e_f1da_48ad_9a9c_f0b3afd1992a] The metadata response from the cluster reported a recoverable issue with correlation id 1 : {topic-fce8b08e_f1da_48ad_9a9c_f0b3afd1992a=UNKNOWN_TOPIC_OR_PARTITION}
2025-10-08 13:31:40,087 INFO  [org.apa.kaf.cli.Metadata] (kafka-producer-network-thread | Producer-topic-fce8b08e_f1da_48ad_9a9c_f0b3afd1992a) [Producer clientId=Producer-topic-fce8b08e_f1da_48ad_9a9c_f0b3afd1992a] Cluster ID: SVjZkHnAQ8mYJ12eIV0raA
2025-10-08 13:31:40,208 INFO  [org.apa.kaf.cli.pro.int.TransactionManager] (kafka-producer-network-thread | Producer-topic-fce8b08e_f1da_48ad_9a9c_f0b3afd1992a) [Producer clientId=Producer-topic-fce8b08e_f1da_48ad_9a9c_f0b3afd1992a] ProducerId set to 0 with epoch 0
2025-10-08 13:31:40,366 INFO  [io.api.tes.ser.api.KafkaSerdesTester] (ForkJoinPool.commonPool-worker-3) Sending message {"key11759930299780": "value-1"} to topic topic-fce8b08e_f1da_48ad_9a9c_f0b3afd1992a
2025-10-08 13:31:40,369 INFO  [io.api.tes.ser.api.KafkaSerdesTester] (ForkJoinPool.commonPool-worker-3) Sending message {"key11759930299780": "value-2"} to topic topic-fce8b08e_f1da_48ad_9a9c_f0b3afd1992a
2025-10-08 13:31:40,372 INFO  [io.api.tes.ser.api.KafkaSerdesTester] (ForkJoinPool.commonPool-worker-3) Sending message {"key11759930299780": "value-3"} to topic topic-fce8b08e_f1da_48ad_9a9c_f0b3afd1992a
2025-10-08 13:31:40,374 INFO  [io.api.tes.ser.api.KafkaSerdesTester] (ForkJoinPool.commonPool-worker-3) Sending message {"key11759930299780": "value-4"} to topic topic-fce8b08e_f1da_48ad_9a9c_f0b3afd1992a
2025-10-08 13:31:40,377 INFO  [io.api.tes.ser.api.KafkaSerdesTester] (ForkJoinPool.commonPool-worker-3) Sending message {"key11759930299780": "value-5"} to topic topic-fce8b08e_f1da_48ad_9a9c_f0b3afd1992a
2025-10-08 13:31:40,379 INFO  [io.api.tes.ser.api.KafkaSerdesTester] (ForkJoinPool.commonPool-worker-3) Sending message {"key11759930299780": "value-6"} to topic topic-fce8b08e_f1da_48ad_9a9c_f0b3afd1992a
2025-10-08 13:31:40,382 INFO  [io.api.tes.ser.api.KafkaSerdesTester] (ForkJoinPool.commonPool-worker-3) Sending message {"key11759930299780": "value-7"} to topic topic-fce8b08e_f1da_48ad_9a9c_f0b3afd1992a
2025-10-08 13:31:40,383 INFO  [io.api.tes.ser.api.KafkaSerdesTester] (ForkJoinPool.commonPool-worker-3) Sending message {"key11759930299780": "value-8"} to topic topic-fce8b08e_f1da_48ad_9a9c_f0b3afd1992a
2025-10-08 13:31:40,386 INFO  [io.api.tes.ser.api.KafkaSerdesTester] (ForkJoinPool.commonPool-worker-3) Sending message {"key11759930299780": "value-9"} to topic topic-fce8b08e_f1da_48ad_9a9c_f0b3afd1992a
2025-10-08 13:31:40,388 INFO  [io.api.tes.ser.api.KafkaSerdesTester] (ForkJoinPool.commonPool-worker-3) Produced 10 messages
2025-10-08 13:31:40,388 INFO  [org.apa.kaf.cli.pro.KafkaProducer] (ForkJoinPool.commonPool-worker-3) [Producer clientId=Producer-topic-fce8b08e_f1da_48ad_9a9c_f0b3afd1992a] Closing the Kafka producer with timeoutMillis = 9223372036854775807 ms.
2025-10-08 13:31:40,398 INFO  [org.apa.kaf.com.met.Metrics] (ForkJoinPool.commonPool-worker-3) Metrics scheduler closed
2025-10-08 13:31:40,399 INFO  [org.apa.kaf.com.met.Metrics] (ForkJoinPool.commonPool-worker-3) Closing reporter org.apache.kafka.common.metrics.JmxReporter
2025-10-08 13:31:40,399 INFO  [org.apa.kaf.com.met.Metrics] (ForkJoinPool.commonPool-worker-3) Closing reporter org.apache.kafka.common.telemetry.internals.ClientTelemetryReporter
2025-10-08 13:31:40,399 INFO  [org.apa.kaf.com.met.Metrics] (ForkJoinPool.commonPool-worker-3) Metrics reporters closed
2025-10-08 13:31:40,400 INFO  [org.apa.kaf.com.uti.AppInfoParser] (ForkJoinPool.commonPool-worker-3) App info kafka.producer for Producer-topic-fce8b08e_f1da_48ad_9a9c_f0b3afd1992a unregistered
**** Registry Base URL: http://registry-app-ksql047.apps.ci419.apicurio-testing.org:80
2025-10-08 13:31:40,478 INFO  [org.apa.kaf.cli.con.ConsumerConfig] (main) ConsumerConfig values: 
	allow.auto.create.topics = true
	auto.commit.interval.ms = 500
	auto.include.jmx.reporter = true
	auto.offset.reset = earliest
	bootstrap.servers = [PLAINTEXT://localhost:32769]
	check.crcs = true
	client.dns.lookup = use_all_dns_ips
	client.id = consumer-Consumer-topic-fce8b08e_f1da_48ad_9a9c_f0b3afd1992a-1
	client.rack = 
	connections.max.idle.ms = 10000
	default.api.timeout.ms = 60000
	enable.auto.commit = true
	enable.metrics.push = true
	exclude.internal.topics = true
	fetch.max.bytes = 52428800
	fetch.max.wait.ms = 500
	fetch.min.bytes = 1
	group.id = Consumer-topic-fce8b08e_f1da_48ad_9a9c_f0b3afd1992a
	group.instance.id = null
	group.protocol = classic
	group.remote.assignor = null
	heartbeat.interval.ms = 3000
	interceptor.classes = []
	internal.leave.group.on.close = true
	internal.throw.on.fetch.stable.offset.unsupported = false
	isolation.level = read_uncommitted
	key.deserializer = class org.apache.kafka.common.serialization.StringDeserializer
	max.partition.fetch.bytes = 1048576
	max.poll.interval.ms = 300000
	max.poll.records = 500
	metadata.max.age.ms = 300000
	metadata.recovery.strategy = none
	metric.reporters = []
	metrics.num.samples = 2
	metrics.recording.level = INFO
	metrics.sample.window.ms = 30000
	partition.assignment.strategy = [class org.apache.kafka.clients.consumer.RangeAssignor, class org.apache.kafka.clients.consumer.CooperativeStickyAssignor]
	receive.buffer.bytes = 65536
	reconnect.backoff.max.ms = 1000
	reconnect.backoff.ms = 50
	request.timeout.ms = 5000
	retry.backoff.max.ms = 1000
	retry.backoff.ms = 100
	sasl.client.callback.handler.class = null
	sasl.jaas.config = null
	sasl.kerberos.kinit.cmd = /usr/bin/kinit
	sasl.kerberos.min.time.before.relogin = 60000
	sasl.kerberos.service.name = null
	sasl.kerberos.ticket.renew.jitter = 0.05
	sasl.kerberos.ticket.renew.window.factor = 0.8
	sasl.login.callback.handler.class = null
	sasl.login.class = null
	sasl.login.connect.timeout.ms = null
	sasl.login.read.timeout.ms = null
	sasl.login.refresh.buffer.seconds = 300
	sasl.login.refresh.min.period.seconds = 60
	sasl.login.refresh.window.factor = 0.8
	sasl.login.refresh.window.jitter = 0.05
	sasl.login.retry.backoff.max.ms = 10000
	sasl.login.retry.backoff.ms = 100
	sasl.mechanism = GSSAPI
	sasl.oauthbearer.clock.skew.seconds = 30
	sasl.oauthbearer.expected.audience = null
	sasl.oauthbearer.expected.issuer = null
	sasl.oauthbearer.header.urlencode = false
	sasl.oauthbearer.jwks.endpoint.refresh.ms = 3600000
	sasl.oauthbearer.jwks.endpoint.retry.backoff.max.ms = 10000
	sasl.oauthbearer.jwks.endpoint.retry.backoff.ms = 100
	sasl.oauthbearer.jwks.endpoint.url = null
	sasl.oauthbearer.scope.claim.name = scope
	sasl.oauthbearer.sub.claim.name = sub
	sasl.oauthbearer.token.endpoint.url = null
	security.protocol = PLAINTEXT
	security.providers = null
	send.buffer.bytes = 131072
	session.timeout.ms = 45000
	socket.connection.setup.timeout.max.ms = 30000
	socket.connection.setup.timeout.ms = 10000
	ssl.cipher.suites = null
	ssl.enabled.protocols = [TLSv1.2, TLSv1.3]
	ssl.endpoint.identification.algorithm = https
	ssl.engine.factory.class = null
	ssl.key.password = null
	ssl.keymanager.algorithm = SunX509
	ssl.keystore.certificate.chain = null
	ssl.keystore.key = null
	ssl.keystore.location = null
	ssl.keystore.password = null
	ssl.keystore.type = JKS
	ssl.protocol = TLSv1.3
	ssl.provider = null
	ssl.secure.random.implementation = null
	ssl.trustmanager.algorithm = PKIX
	ssl.truststore.certificates = null
	ssl.truststore.location = null
	ssl.truststore.password = null
	ssl.truststore.type = JKS
	value.deserializer = class io.apicurio.registry.serde.avro.AvroKafkaDeserializer

2025-10-08 13:31:40,485 INFO  [org.apa.kaf.com.tel.int.KafkaMetricsCollector] (main) initializing Kafka metrics collector
2025-10-08 13:31:40,532 INFO  [org.apa.kaf.cli.con.ConsumerConfig] (main) These configurations '[apicurio.registry.url, apicurio.registry.use-id]' were supplied but are not used yet.
2025-10-08 13:31:40,532 INFO  [org.apa.kaf.com.uti.AppInfoParser] (main) Kafka version: 3.9.1
2025-10-08 13:31:40,532 INFO  [org.apa.kaf.com.uti.AppInfoParser] (main) Kafka commitId: f745dfdcee2b9851
2025-10-08 13:31:40,532 INFO  [org.apa.kaf.com.uti.AppInfoParser] (main) Kafka startTimeMs: 1759930300532
2025-10-08 13:31:40,534 INFO  [org.apa.kaf.cli.con.int.ClassicKafkaConsumer] (ForkJoinPool.commonPool-worker-3) [Consumer clientId=consumer-Consumer-topic-fce8b08e_f1da_48ad_9a9c_f0b3afd1992a-1, groupId=Consumer-topic-fce8b08e_f1da_48ad_9a9c_f0b3afd1992a] Subscribed to topic(s): topic-fce8b08e_f1da_48ad_9a9c_f0b3afd1992a
2025-10-08 13:31:40,550 INFO  [org.apa.kaf.cli.Metadata] (ForkJoinPool.commonPool-worker-3) [Consumer clientId=consumer-Consumer-topic-fce8b08e_f1da_48ad_9a9c_f0b3afd1992a-1, groupId=Consumer-topic-fce8b08e_f1da_48ad_9a9c_f0b3afd1992a] Cluster ID: SVjZkHnAQ8mYJ12eIV0raA
2025-10-08 13:31:40,694 INFO  [org.apa.kaf.cli.con.int.ConsumerCoordinator] (ForkJoinPool.commonPool-worker-3) [Consumer clientId=consumer-Consumer-topic-fce8b08e_f1da_48ad_9a9c_f0b3afd1992a-1, groupId=Consumer-topic-fce8b08e_f1da_48ad_9a9c_f0b3afd1992a] Discovered group coordinator localhost:32769 (id: 2147483647 rack: null)
2025-10-08 13:31:40,705 INFO  [org.apa.kaf.cli.con.int.ConsumerCoordinator] (ForkJoinPool.commonPool-worker-3) [Consumer clientId=consumer-Consumer-topic-fce8b08e_f1da_48ad_9a9c_f0b3afd1992a-1, groupId=Consumer-topic-fce8b08e_f1da_48ad_9a9c_f0b3afd1992a] (Re-)joining group
2025-10-08 13:31:40,728 INFO  [org.apa.kaf.cli.con.int.ConsumerCoordinator] (ForkJoinPool.commonPool-worker-3) [Consumer clientId=consumer-Consumer-topic-fce8b08e_f1da_48ad_9a9c_f0b3afd1992a-1, groupId=Consumer-topic-fce8b08e_f1da_48ad_9a9c_f0b3afd1992a] Group coordinator localhost:32769 (id: 2147483647 rack: null) is unavailable or invalid due to cause: error response NOT_COORDINATOR. isDisconnected: false. Rediscovery will be attempted.
2025-10-08 13:31:40,729 INFO  [org.apa.kaf.cli.con.int.ConsumerCoordinator] (ForkJoinPool.commonPool-worker-3) [Consumer clientId=consumer-Consumer-topic-fce8b08e_f1da_48ad_9a9c_f0b3afd1992a-1, groupId=Consumer-topic-fce8b08e_f1da_48ad_9a9c_f0b3afd1992a] Requesting disconnect from last known coordinator localhost:32769 (id: 2147483647 rack: null)
2025-10-08 13:31:40,729 INFO  [org.apa.kaf.cli.con.int.ConsumerCoordinator] (ForkJoinPool.commonPool-worker-3) [Consumer clientId=consumer-Consumer-topic-fce8b08e_f1da_48ad_9a9c_f0b3afd1992a-1, groupId=Consumer-topic-fce8b08e_f1da_48ad_9a9c_f0b3afd1992a] JoinGroup failed: This is not the correct coordinator. Marking coordinator unknown. Sent generation was Generation{generationId=-1, memberId='', protocol='null'}
2025-10-08 13:31:40,729 INFO  [org.apa.kaf.cli.NetworkClient] (ForkJoinPool.commonPool-worker-3) [Consumer clientId=consumer-Consumer-topic-fce8b08e_f1da_48ad_9a9c_f0b3afd1992a-1, groupId=Consumer-topic-fce8b08e_f1da_48ad_9a9c_f0b3afd1992a] Client requested disconnect from node 2147483647
2025-10-08 13:31:40,733 INFO  [org.apa.kaf.cli.con.int.ConsumerCoordinator] (ForkJoinPool.commonPool-worker-3) [Consumer clientId=consumer-Consumer-topic-fce8b08e_f1da_48ad_9a9c_f0b3afd1992a-1, groupId=Consumer-topic-fce8b08e_f1da_48ad_9a9c_f0b3afd1992a] Discovered group coordinator localhost:32769 (id: 2147483647 rack: null)
2025-10-08 13:31:40,733 INFO  [org.apa.kaf.cli.con.int.ConsumerCoordinator] (ForkJoinPool.commonPool-worker-3) [Consumer clientId=consumer-Consumer-topic-fce8b08e_f1da_48ad_9a9c_f0b3afd1992a-1, groupId=Consumer-topic-fce8b08e_f1da_48ad_9a9c_f0b3afd1992a] Group coordinator localhost:32769 (id: 2147483647 rack: null) is unavailable or invalid due to cause: coordinator unavailable. isDisconnected: false. Rediscovery will be attempted.
2025-10-08 13:31:40,733 INFO  [org.apa.kaf.cli.con.int.ConsumerCoordinator] (ForkJoinPool.commonPool-worker-3) [Consumer clientId=consumer-Consumer-topic-fce8b08e_f1da_48ad_9a9c_f0b3afd1992a-1, groupId=Consumer-topic-fce8b08e_f1da_48ad_9a9c_f0b3afd1992a] Requesting disconnect from last known coordinator localhost:32769 (id: 2147483647 rack: null)
2025-10-08 13:31:40,852 INFO  [org.apa.kaf.cli.con.int.ConsumerCoordinator] (ForkJoinPool.commonPool-worker-3) [Consumer clientId=consumer-Consumer-topic-fce8b08e_f1da_48ad_9a9c_f0b3afd1992a-1, groupId=Consumer-topic-fce8b08e_f1da_48ad_9a9c_f0b3afd1992a] Discovered group coordinator localhost:32769 (id: 2147483647 rack: null)
2025-10-08 13:31:40,853 INFO  [org.apa.kaf.cli.con.int.ConsumerCoordinator] (ForkJoinPool.commonPool-worker-3) [Consumer clientId=consumer-Consumer-topic-fce8b08e_f1da_48ad_9a9c_f0b3afd1992a-1, groupId=Consumer-topic-fce8b08e_f1da_48ad_9a9c_f0b3afd1992a] Request joining group due to: rebalance failed due to 'This is not the correct coordinator.' (NotCoordinatorException)
2025-10-08 13:31:40,854 INFO  [org.apa.kaf.cli.con.int.ConsumerCoordinator] (ForkJoinPool.commonPool-worker-3) [Consumer clientId=consumer-Consumer-topic-fce8b08e_f1da_48ad_9a9c_f0b3afd1992a-1, groupId=Consumer-topic-fce8b08e_f1da_48ad_9a9c_f0b3afd1992a] (Re-)joining group
2025-10-08 13:31:40,857 INFO  [org.apa.kaf.cli.con.int.ConsumerCoordinator] (ForkJoinPool.commonPool-worker-3) [Consumer clientId=consumer-Consumer-topic-fce8b08e_f1da_48ad_9a9c_f0b3afd1992a-1, groupId=Consumer-topic-fce8b08e_f1da_48ad_9a9c_f0b3afd1992a] Group coordinator localhost:32769 (id: 2147483647 rack: null) is unavailable or invalid due to cause: error response NOT_COORDINATOR. isDisconnected: false. Rediscovery will be attempted.
2025-10-08 13:31:40,857 INFO  [org.apa.kaf.cli.con.int.ConsumerCoordinator] (ForkJoinPool.commonPool-worker-3) [Consumer clientId=consumer-Consumer-topic-fce8b08e_f1da_48ad_9a9c_f0b3afd1992a-1, groupId=Consumer-topic-fce8b08e_f1da_48ad_9a9c_f0b3afd1992a] Requesting disconnect from last known coordinator localhost:32769 (id: 2147483647 rack: null)
2025-10-08 13:31:40,857 INFO  [org.apa.kaf.cli.con.int.ConsumerCoordinator] (ForkJoinPool.commonPool-worker-3) [Consumer clientId=consumer-Consumer-topic-fce8b08e_f1da_48ad_9a9c_f0b3afd1992a-1, groupId=Consumer-topic-fce8b08e_f1da_48ad_9a9c_f0b3afd1992a] JoinGroup failed: This is not the correct coordinator. Marking coordinator unknown. Sent generation was Generation{generationId=-1, memberId='', protocol='null'}
2025-10-08 13:31:40,858 INFO  [org.apa.kaf.cli.NetworkClient] (ForkJoinPool.commonPool-worker-3) [Consumer clientId=consumer-Consumer-topic-fce8b08e_f1da_48ad_9a9c_f0b3afd1992a-1, groupId=Consumer-topic-fce8b08e_f1da_48ad_9a9c_f0b3afd1992a] Client requested disconnect from node 2147483647
2025-10-08 13:31:40,862 INFO  [org.apa.kaf.cli.con.int.ConsumerCoordinator] (ForkJoinPool.commonPool-worker-3) [Consumer clientId=consumer-Consumer-topic-fce8b08e_f1da_48ad_9a9c_f0b3afd1992a-1, groupId=Consumer-topic-fce8b08e_f1da_48ad_9a9c_f0b3afd1992a] Discovered group coordinator localhost:32769 (id: 2147483647 rack: null)
2025-10-08 13:31:40,862 INFO  [org.apa.kaf.cli.con.int.ConsumerCoordinator] (ForkJoinPool.commonPool-worker-3) [Consumer clientId=consumer-Consumer-topic-fce8b08e_f1da_48ad_9a9c_f0b3afd1992a-1, groupId=Consumer-topic-fce8b08e_f1da_48ad_9a9c_f0b3afd1992a] Group coordinator localhost:32769 (id: 2147483647 rack: null) is unavailable or invalid due to cause: coordinator unavailable. isDisconnected: false. Rediscovery will be attempted.
2025-10-08 13:31:40,862 INFO  [org.apa.kaf.cli.con.int.ConsumerCoordinator] (ForkJoinPool.commonPool-worker-3) [Consumer clientId=consumer-Consumer-topic-fce8b08e_f1da_48ad_9a9c_f0b3afd1992a-1, groupId=Consumer-topic-fce8b08e_f1da_48ad_9a9c_f0b3afd1992a] Requesting disconnect from last known coordinator localhost:32769 (id: 2147483647 rack: null)
2025-10-08 13:31:40,950 INFO  [org.apa.kaf.cli.con.int.ConsumerCoordinator] (ForkJoinPool.commonPool-worker-3) [Consumer clientId=consumer-Consumer-topic-fce8b08e_f1da_48ad_9a9c_f0b3afd1992a-1, groupId=Consumer-topic-fce8b08e_f1da_48ad_9a9c_f0b3afd1992a] Discovered group coordinator localhost:32769 (id: 2147483647 rack: null)
2025-10-08 13:31:40,953 INFO  [org.apa.kaf.cli.con.int.ConsumerCoordinator] (ForkJoinPool.commonPool-worker-3) [Consumer clientId=consumer-Consumer-topic-fce8b08e_f1da_48ad_9a9c_f0b3afd1992a-1, groupId=Consumer-topic-fce8b08e_f1da_48ad_9a9c_f0b3afd1992a] Request joining group due to: rebalance failed due to 'This is not the correct coordinator.' (NotCoordinatorException)
2025-10-08 13:31:40,954 INFO  [org.apa.kaf.cli.con.int.ConsumerCoordinator] (ForkJoinPool.commonPool-worker-3) [Consumer clientId=consumer-Consumer-topic-fce8b08e_f1da_48ad_9a9c_f0b3afd1992a-1, groupId=Consumer-topic-fce8b08e_f1da_48ad_9a9c_f0b3afd1992a] (Re-)joining group
2025-10-08 13:31:40,962 INFO  [org.apa.kaf.cli.con.int.ConsumerCoordinator] (ForkJoinPool.commonPool-worker-3) [Consumer clientId=consumer-Consumer-topic-fce8b08e_f1da_48ad_9a9c_f0b3afd1992a-1, groupId=Consumer-topic-fce8b08e_f1da_48ad_9a9c_f0b3afd1992a] Request joining group due to: need to re-join with the given member-id: consumer-Consumer-topic-fce8b08e_f1da_48ad_9a9c_f0b3afd1992a-1-83465584-7808-4fef-b17e-266d1ec817dd
2025-10-08 13:31:40,962 INFO  [org.apa.kaf.cli.con.int.ConsumerCoordinator] (ForkJoinPool.commonPool-worker-3) [Consumer clientId=consumer-Consumer-topic-fce8b08e_f1da_48ad_9a9c_f0b3afd1992a-1, groupId=Consumer-topic-fce8b08e_f1da_48ad_9a9c_f0b3afd1992a] (Re-)joining group
2025-10-08 13:31:41,535 INFO  [io.api.tes.ser.api.KafkaSerdesTester] (ForkJoinPool.commonPool-worker-3) None found
2025-10-08 13:31:42,535 INFO  [io.api.tes.ser.api.KafkaSerdesTester] (ForkJoinPool.commonPool-worker-3) None found
2025-10-08 13:31:43,535 INFO  [io.api.tes.ser.api.KafkaSerdesTester] (ForkJoinPool.commonPool-worker-3) None found
2025-10-08 13:31:43,974 INFO  [org.apa.kaf.cli.con.int.ConsumerCoordinator] (ForkJoinPool.commonPool-worker-3) [Consumer clientId=consumer-Consumer-topic-fce8b08e_f1da_48ad_9a9c_f0b3afd1992a-1, groupId=Consumer-topic-fce8b08e_f1da_48ad_9a9c_f0b3afd1992a] Successfully joined group with generation Generation{generationId=1, memberId='consumer-Consumer-topic-fce8b08e_f1da_48ad_9a9c_f0b3afd1992a-1-83465584-7808-4fef-b17e-266d1ec817dd', protocol='range'}
2025-10-08 13:31:43,980 INFO  [org.apa.kaf.cli.con.int.ConsumerCoordinator] (ForkJoinPool.commonPool-worker-3) [Consumer clientId=consumer-Consumer-topic-fce8b08e_f1da_48ad_9a9c_f0b3afd1992a-1, groupId=Consumer-topic-fce8b08e_f1da_48ad_9a9c_f0b3afd1992a] Finished assignment for group at generation 1: {consumer-Consumer-topic-fce8b08e_f1da_48ad_9a9c_f0b3afd1992a-1-83465584-7808-4fef-b17e-266d1ec817dd=Assignment(partitions=[topic-fce8b08e_f1da_48ad_9a9c_f0b3afd1992a-0])}
2025-10-08 13:31:43,991 INFO  [org.apa.kaf.cli.con.int.ConsumerCoordinator] (ForkJoinPool.commonPool-worker-3) [Consumer clientId=consumer-Consumer-topic-fce8b08e_f1da_48ad_9a9c_f0b3afd1992a-1, groupId=Consumer-topic-fce8b08e_f1da_48ad_9a9c_f0b3afd1992a] Successfully synced group in generation Generation{generationId=1, memberId='consumer-Consumer-topic-fce8b08e_f1da_48ad_9a9c_f0b3afd1992a-1-83465584-7808-4fef-b17e-266d1ec817dd', protocol='range'}
2025-10-08 13:31:43,992 INFO  [org.apa.kaf.cli.con.int.ConsumerCoordinator] (ForkJoinPool.commonPool-worker-3) [Consumer clientId=consumer-Consumer-topic-fce8b08e_f1da_48ad_9a9c_f0b3afd1992a-1, groupId=Consumer-topic-fce8b08e_f1da_48ad_9a9c_f0b3afd1992a] Notifying assignor about the new Assignment(partitions=[topic-fce8b08e_f1da_48ad_9a9c_f0b3afd1992a-0])
2025-10-08 13:31:43,994 INFO  [org.apa.kaf.cli.con.int.ConsumerRebalanceListenerInvoker] (ForkJoinPool.commonPool-worker-3) [Consumer clientId=consumer-Consumer-topic-fce8b08e_f1da_48ad_9a9c_f0b3afd1992a-1, groupId=Consumer-topic-fce8b08e_f1da_48ad_9a9c_f0b3afd1992a] Adding newly assigned partitions: topic-fce8b08e_f1da_48ad_9a9c_f0b3afd1992a-0
2025-10-08 13:31:44,003 INFO  [org.apa.kaf.cli.con.int.ConsumerCoordinator] (ForkJoinPool.commonPool-worker-3) [Consumer clientId=consumer-Consumer-topic-fce8b08e_f1da_48ad_9a9c_f0b3afd1992a-1, groupId=Consumer-topic-fce8b08e_f1da_48ad_9a9c_f0b3afd1992a] Found no committed offset for partition topic-fce8b08e_f1da_48ad_9a9c_f0b3afd1992a-0
2025-10-08 13:31:44,015 INFO  [org.apa.kaf.cli.con.int.SubscriptionState] (ForkJoinPool.commonPool-worker-3) [Consumer clientId=consumer-Consumer-topic-fce8b08e_f1da_48ad_9a9c_f0b3afd1992a-1, groupId=Consumer-topic-fce8b08e_f1da_48ad_9a9c_f0b3afd1992a] Resetting offset for partition topic-fce8b08e_f1da_48ad_9a9c_f0b3afd1992a-0 to position FetchPosition{offset=0, offsetEpoch=Optional.empty, currentLeader=LeaderAndEpoch{leader=Optional[localhost:32769 (id: 0 rack: null)], epoch=0}}.
2025-10-08 13:31:44,151 INFO  [io.api.tes.ser.api.KafkaSerdesTester] (ForkJoinPool.commonPool-worker-3) topic-fce8b08e_f1da_48ad_9a9c_f0b3afd1992a 0 0 {"key11759930299780": "value-0"}
2025-10-08 13:31:44,152 INFO  [io.api.tes.ser.api.KafkaSerdesTester] (ForkJoinPool.commonPool-worker-3) topic-fce8b08e_f1da_48ad_9a9c_f0b3afd1992a 0 1 {"key11759930299780": "value-1"}
2025-10-08 13:31:44,152 INFO  [io.api.tes.ser.api.KafkaSerdesTester] (ForkJoinPool.commonPool-worker-3) topic-fce8b08e_f1da_48ad_9a9c_f0b3afd1992a 0 2 {"key11759930299780": "value-2"}
2025-10-08 13:31:44,152 INFO  [io.api.tes.ser.api.KafkaSerdesTester] (ForkJoinPool.commonPool-worker-3) topic-fce8b08e_f1da_48ad_9a9c_f0b3afd1992a 0 3 {"key11759930299780": "value-3"}
2025-10-08 13:31:44,152 INFO  [io.api.tes.ser.api.KafkaSerdesTester] (ForkJoinPool.commonPool-worker-3) topic-fce8b08e_f1da_48ad_9a9c_f0b3afd1992a 0 4 {"key11759930299780": "value-4"}
2025-10-08 13:31:44,152 INFO  [io.api.tes.ser.api.KafkaSerdesTester] (ForkJoinPool.commonPool-worker-3) topic-fce8b08e_f1da_48ad_9a9c_f0b3afd1992a 0 5 {"key11759930299780": "value-5"}
2025-10-08 13:31:44,152 INFO  [io.api.tes.ser.api.KafkaSerdesTester] (ForkJoinPool.commonPool-worker-3) topic-fce8b08e_f1da_48ad_9a9c_f0b3afd1992a 0 6 {"key11759930299780": "value-6"}
2025-10-08 13:31:44,152 INFO  [io.api.tes.ser.api.KafkaSerdesTester] (ForkJoinPool.commonPool-worker-3) topic-fce8b08e_f1da_48ad_9a9c_f0b3afd1992a 0 7 {"key11759930299780": "value-7"}
2025-10-08 13:31:44,153 INFO  [io.api.tes.ser.api.KafkaSerdesTester] (ForkJoinPool.commonPool-worker-3) topic-fce8b08e_f1da_48ad_9a9c_f0b3afd1992a 0 8 {"key11759930299780": "value-8"}
2025-10-08 13:31:44,153 INFO  [io.api.tes.ser.api.KafkaSerdesTester] (ForkJoinPool.commonPool-worker-3) topic-fce8b08e_f1da_48ad_9a9c_f0b3afd1992a 0 9 {"key11759930299780": "value-9"}
2025-10-08 13:31:44,153 INFO  [io.api.tes.ser.api.KafkaSerdesTester] (ForkJoinPool.commonPool-worker-3) Consumed 10 messages
2025-10-08 13:31:44,173 INFO  [org.apa.kaf.cli.con.int.ConsumerRebalanceListenerInvoker] (ForkJoinPool.commonPool-worker-3) [Consumer clientId=consumer-Consumer-topic-fce8b08e_f1da_48ad_9a9c_f0b3afd1992a-1, groupId=Consumer-topic-fce8b08e_f1da_48ad_9a9c_f0b3afd1992a] Revoke previously assigned partitions topic-fce8b08e_f1da_48ad_9a9c_f0b3afd1992a-0
2025-10-08 13:31:44,174 INFO  [org.apa.kaf.cli.con.int.ConsumerCoordinator] (ForkJoinPool.commonPool-worker-3) [Consumer clientId=consumer-Consumer-topic-fce8b08e_f1da_48ad_9a9c_f0b3afd1992a-1, groupId=Consumer-topic-fce8b08e_f1da_48ad_9a9c_f0b3afd1992a] Member consumer-Consumer-topic-fce8b08e_f1da_48ad_9a9c_f0b3afd1992a-1-83465584-7808-4fef-b17e-266d1ec817dd sending LeaveGroup request to coordinator localhost:32769 (id: 2147483647 rack: null) due to the consumer is being closed
2025-10-08 13:31:44,175 INFO  [org.apa.kaf.cli.con.int.ConsumerCoordinator] (ForkJoinPool.commonPool-worker-3) [Consumer clientId=consumer-Consumer-topic-fce8b08e_f1da_48ad_9a9c_f0b3afd1992a-1, groupId=Consumer-topic-fce8b08e_f1da_48ad_9a9c_f0b3afd1992a] Resetting generation and member id due to: consumer pro-actively leaving the group
2025-10-08 13:31:44,175 INFO  [org.apa.kaf.cli.con.int.ConsumerCoordinator] (ForkJoinPool.commonPool-worker-3) [Consumer clientId=consumer-Consumer-topic-fce8b08e_f1da_48ad_9a9c_f0b3afd1992a-1, groupId=Consumer-topic-fce8b08e_f1da_48ad_9a9c_f0b3afd1992a] Request joining group due to: consumer pro-actively leaving the group
2025-10-08 13:31:44,663 INFO  [org.apa.kaf.com.met.Metrics] (ForkJoinPool.commonPool-worker-3) Metrics scheduler closed
2025-10-08 13:31:44,663 INFO  [org.apa.kaf.com.met.Metrics] (ForkJoinPool.commonPool-worker-3) Closing reporter org.apache.kafka.common.metrics.JmxReporter
2025-10-08 13:31:44,663 INFO  [org.apa.kaf.com.met.Metrics] (ForkJoinPool.commonPool-worker-3) Closing reporter org.apache.kafka.common.telemetry.internals.ClientTelemetryReporter
2025-10-08 13:31:44,663 INFO  [org.apa.kaf.com.met.Metrics] (ForkJoinPool.commonPool-worker-3) Metrics reporters closed
2025-10-08 13:31:44,669 INFO  [org.apa.kaf.com.uti.AppInfoParser] (ForkJoinPool.commonPool-worker-3) App info kafka.consumer for consumer-Consumer-topic-fce8b08e_f1da_48ad_9a9c_f0b3afd1992a-1 unregistered
2025-10-08 13:31:44,670 INFO  [io.api.tes.uti.TestSeparator] (main) io.apicurio.tests.serdes.apicurio.AvroSerdeIT.testGlobalIdInHeaders-FINISHED
2025-10-08 13:31:44,670 INFO  [io.api.tes.uti.TestSeparator] (main) ############################################################################
Test passed: testGlobalIdInHeaders
]]></system-out>
  </testcase>
  <testcase name="testSimpleTopicIdStrategyFindLatest" classname="io.apicurio.tests.serdes.apicurio.AvroSerdeIT" time="5.123">
    <system-out><![CDATA[2025-10-08 13:31:44,671 INFO  [io.api.tes.uti.TestSeparator] (main) ############################################################################
2025-10-08 13:31:44,671 INFO  [io.api.tes.uti.TestSeparator] (main) io.apicurio.tests.serdes.apicurio.AvroSerdeIT.testSimpleTopicIdStrategyFindLatest-STARTED
2025-10-08 13:31:44,674 INFO  [io.api.tes.ser.api.AvroSerdeIT] (main) Registering Avro Schema: {"type":"record","name":"myrecordapicurio1","fields":[{"name":"key11759930304673","type":"string"}]}
**** Registry Base URL: http://registry-app-ksql047.apps.ci419.apicurio-testing.org:80
2025-10-08 13:31:45,788 INFO  [org.apa.kaf.cli.pro.ProducerConfig] (main) ProducerConfig values: 
	acks = -1
	auto.include.jmx.reporter = true
	batch.size = 16384
	bootstrap.servers = [PLAINTEXT://localhost:32769]
	buffer.memory = 33554432
	client.dns.lookup = use_all_dns_ips
	client.id = Producer-topic-a96af2a6_f393_4675_84d6_01f5e686cb19
	compression.gzip.level = -1
	compression.lz4.level = 9
	compression.type = none
	compression.zstd.level = 3
	connections.max.idle.ms = 10000
	delivery.timeout.ms = 120000
	enable.idempotence = true
	enable.metrics.push = true
	interceptor.classes = []
	key.serializer = class org.apache.kafka.common.serialization.StringSerializer
	linger.ms = 0
	max.block.ms = 60000
	max.in.flight.requests.per.connection = 5
	max.request.size = 1048576
	metadata.max.age.ms = 300000
	metadata.max.idle.ms = 300000
	metadata.recovery.strategy = none
	metric.reporters = []
	metrics.num.samples = 2
	metrics.recording.level = INFO
	metrics.sample.window.ms = 30000
	partitioner.adaptive.partitioning.enable = true
	partitioner.availability.timeout.ms = 0
	partitioner.class = null
	partitioner.ignore.keys = false
	receive.buffer.bytes = 32768
	reconnect.backoff.max.ms = 1000
	reconnect.backoff.ms = 50
	request.timeout.ms = 5000
	retries = 2147483647
	retry.backoff.max.ms = 1000
	retry.backoff.ms = 100
	sasl.client.callback.handler.class = null
	sasl.jaas.config = null
	sasl.kerberos.kinit.cmd = /usr/bin/kinit
	sasl.kerberos.min.time.before.relogin = 60000
	sasl.kerberos.service.name = null
	sasl.kerberos.ticket.renew.jitter = 0.05
	sasl.kerberos.ticket.renew.window.factor = 0.8
	sasl.login.callback.handler.class = null
	sasl.login.class = null
	sasl.login.connect.timeout.ms = null
	sasl.login.read.timeout.ms = null
	sasl.login.refresh.buffer.seconds = 300
	sasl.login.refresh.min.period.seconds = 60
	sasl.login.refresh.window.factor = 0.8
	sasl.login.refresh.window.jitter = 0.05
	sasl.login.retry.backoff.max.ms = 10000
	sasl.login.retry.backoff.ms = 100
	sasl.mechanism = GSSAPI
	sasl.oauthbearer.clock.skew.seconds = 30
	sasl.oauthbearer.expected.audience = null
	sasl.oauthbearer.expected.issuer = null
	sasl.oauthbearer.header.urlencode = false
	sasl.oauthbearer.jwks.endpoint.refresh.ms = 3600000
	sasl.oauthbearer.jwks.endpoint.retry.backoff.max.ms = 10000
	sasl.oauthbearer.jwks.endpoint.retry.backoff.ms = 100
	sasl.oauthbearer.jwks.endpoint.url = null
	sasl.oauthbearer.scope.claim.name = scope
	sasl.oauthbearer.sub.claim.name = sub
	sasl.oauthbearer.token.endpoint.url = null
	security.protocol = PLAINTEXT
	security.providers = null
	send.buffer.bytes = 131072
	socket.connection.setup.timeout.max.ms = 30000
	socket.connection.setup.timeout.ms = 10000
	ssl.cipher.suites = null
	ssl.enabled.protocols = [TLSv1.2, TLSv1.3]
	ssl.endpoint.identification.algorithm = https
	ssl.engine.factory.class = null
	ssl.key.password = null
	ssl.keymanager.algorithm = SunX509
	ssl.keystore.certificate.chain = null
	ssl.keystore.key = null
	ssl.keystore.location = null
	ssl.keystore.password = null
	ssl.keystore.type = JKS
	ssl.protocol = TLSv1.3
	ssl.provider = null
	ssl.secure.random.implementation = null
	ssl.trustmanager.algorithm = PKIX
	ssl.truststore.certificates = null
	ssl.truststore.location = null
	ssl.truststore.password = null
	ssl.truststore.type = JKS
	transaction.timeout.ms = 60000
	transactional.id = null
	value.serializer = class io.apicurio.registry.serde.avro.AvroKafkaSerializer

2025-10-08 13:31:45,789 INFO  [org.apa.kaf.com.tel.int.KafkaMetricsCollector] (main) initializing Kafka metrics collector
2025-10-08 13:31:45,793 INFO  [org.apa.kaf.cli.pro.KafkaProducer] (main) [Producer clientId=Producer-topic-a96af2a6_f393_4675_84d6_01f5e686cb19] Instantiated an idempotent producer.
2025-10-08 13:31:45,798 INFO  [org.apa.kaf.cli.pro.ProducerConfig] (main) These configurations '[apicurio.registry.find-latest, apicurio.registry.artifact.group-id, apicurio.registry.url, apicurio.registry.artifact-resolver-strategy]' were supplied but are not used yet.
2025-10-08 13:31:45,798 INFO  [org.apa.kaf.com.uti.AppInfoParser] (main) Kafka version: 3.9.1
2025-10-08 13:31:45,798 INFO  [org.apa.kaf.com.uti.AppInfoParser] (main) Kafka commitId: f745dfdcee2b9851
2025-10-08 13:31:45,798 INFO  [org.apa.kaf.com.uti.AppInfoParser] (main) Kafka startTimeMs: 1759930305798
2025-10-08 13:31:45,800 INFO  [io.api.tes.ser.api.SimpleSerdesTesterBuilder$SimpleSerdesTester] (main) Using producer configuration: {apicurio.registry.find-latest=true, apicurio.registry.artifact.group-id=topic-a96af2a6_f393_4675_84d6_01f5e686cb19, apicurio.registry.url=http://registry-app-ksql047.apps.ci419.apicurio-testing.org:80/apis/registry/v3, apicurio.registry.artifact-resolver-strategy=io.apicurio.registry.serde.strategy.SimpleTopicIdStrategy, value.serializer=io.apicurio.registry.serde.avro.AvroKafkaSerializer, request.timeout.ms=5000, acks=all, bootstrap.servers=PLAINTEXT://localhost:32769, connections.max.idle.ms=10000, key.serializer=org.apache.kafka.common.serialization.StringSerializer, client.id=Producer-topic-a96af2a6_f393_4675_84d6_01f5e686cb19}
2025-10-08 13:31:45,800 INFO  [io.api.tes.ser.api.SimpleSerdesTesterBuilder$SimpleSerdesTester] (main) Using consumer configuration: {}
2025-10-08 13:31:45,801 INFO  [io.api.tes.ser.api.KafkaSerdesTester] (ForkJoinPool.commonPool-worker-3) Sending message {"key11759930304673": "value-0"} to topic topic-a96af2a6_f393_4675_84d6_01f5e686cb19
2025-10-08 13:31:45,809 INFO  [org.apa.kaf.cli.Metadata] (kafka-producer-network-thread | Producer-topic-a96af2a6_f393_4675_84d6_01f5e686cb19) [Producer clientId=Producer-topic-a96af2a6_f393_4675_84d6_01f5e686cb19] Cluster ID: SVjZkHnAQ8mYJ12eIV0raA
2025-10-08 13:31:45,809 INFO  [org.apa.kaf.cli.pro.int.TransactionManager] (kafka-producer-network-thread | Producer-topic-a96af2a6_f393_4675_84d6_01f5e686cb19) [Producer clientId=Producer-topic-a96af2a6_f393_4675_84d6_01f5e686cb19] ProducerId set to 1 with epoch 0
2025-10-08 13:31:45,946 INFO  [io.api.tes.ser.api.KafkaSerdesTester] (ForkJoinPool.commonPool-worker-3) Sending message {"key11759930304673": "value-1"} to topic topic-a96af2a6_f393_4675_84d6_01f5e686cb19
2025-10-08 13:31:45,949 INFO  [io.api.tes.ser.api.KafkaSerdesTester] (ForkJoinPool.commonPool-worker-3) Sending message {"key11759930304673": "value-2"} to topic topic-a96af2a6_f393_4675_84d6_01f5e686cb19
2025-10-08 13:31:45,951 INFO  [io.api.tes.ser.api.KafkaSerdesTester] (ForkJoinPool.commonPool-worker-3) Sending message {"key11759930304673": "value-3"} to topic topic-a96af2a6_f393_4675_84d6_01f5e686cb19
2025-10-08 13:31:45,954 INFO  [io.api.tes.ser.api.KafkaSerdesTester] (ForkJoinPool.commonPool-worker-3) Sending message {"key11759930304673": "value-4"} to topic topic-a96af2a6_f393_4675_84d6_01f5e686cb19
2025-10-08 13:31:45,956 INFO  [io.api.tes.ser.api.KafkaSerdesTester] (ForkJoinPool.commonPool-worker-3) Sending message {"key11759930304673": "value-5"} to topic topic-a96af2a6_f393_4675_84d6_01f5e686cb19
2025-10-08 13:31:45,958 INFO  [io.api.tes.ser.api.KafkaSerdesTester] (ForkJoinPool.commonPool-worker-3) Sending message {"key11759930304673": "value-6"} to topic topic-a96af2a6_f393_4675_84d6_01f5e686cb19
2025-10-08 13:31:45,960 INFO  [io.api.tes.ser.api.KafkaSerdesTester] (ForkJoinPool.commonPool-worker-3) Sending message {"key11759930304673": "value-7"} to topic topic-a96af2a6_f393_4675_84d6_01f5e686cb19
2025-10-08 13:31:45,962 INFO  [io.api.tes.ser.api.KafkaSerdesTester] (ForkJoinPool.commonPool-worker-3) Sending message {"key11759930304673": "value-8"} to topic topic-a96af2a6_f393_4675_84d6_01f5e686cb19
2025-10-08 13:31:45,964 INFO  [io.api.tes.ser.api.KafkaSerdesTester] (ForkJoinPool.commonPool-worker-3) Sending message {"key11759930304673": "value-9"} to topic topic-a96af2a6_f393_4675_84d6_01f5e686cb19
2025-10-08 13:31:45,966 INFO  [io.api.tes.ser.api.KafkaSerdesTester] (ForkJoinPool.commonPool-worker-3) Produced 10 messages
2025-10-08 13:31:45,967 INFO  [org.apa.kaf.cli.pro.KafkaProducer] (ForkJoinPool.commonPool-worker-3) [Producer clientId=Producer-topic-a96af2a6_f393_4675_84d6_01f5e686cb19] Closing the Kafka producer with timeoutMillis = 9223372036854775807 ms.
2025-10-08 13:31:45,970 INFO  [org.apa.kaf.com.met.Metrics] (ForkJoinPool.commonPool-worker-3) Metrics scheduler closed
2025-10-08 13:31:45,970 INFO  [org.apa.kaf.com.met.Metrics] (ForkJoinPool.commonPool-worker-3) Closing reporter org.apache.kafka.common.metrics.JmxReporter
2025-10-08 13:31:45,970 INFO  [org.apa.kaf.com.met.Metrics] (ForkJoinPool.commonPool-worker-3) Closing reporter org.apache.kafka.common.telemetry.internals.ClientTelemetryReporter
2025-10-08 13:31:45,970 INFO  [org.apa.kaf.com.met.Metrics] (ForkJoinPool.commonPool-worker-3) Metrics reporters closed
2025-10-08 13:31:45,971 INFO  [org.apa.kaf.com.uti.AppInfoParser] (ForkJoinPool.commonPool-worker-3) App info kafka.producer for Producer-topic-a96af2a6_f393_4675_84d6_01f5e686cb19 unregistered
**** Registry Base URL: http://registry-app-ksql047.apps.ci419.apicurio-testing.org:80
2025-10-08 13:31:45,971 INFO  [org.apa.kaf.cli.con.ConsumerConfig] (main) ConsumerConfig values: 
	allow.auto.create.topics = true
	auto.commit.interval.ms = 500
	auto.include.jmx.reporter = true
	auto.offset.reset = earliest
	bootstrap.servers = [PLAINTEXT://localhost:32769]
	check.crcs = true
	client.dns.lookup = use_all_dns_ips
	client.id = consumer-Consumer-topic-a96af2a6_f393_4675_84d6_01f5e686cb19-2
	client.rack = 
	connections.max.idle.ms = 10000
	default.api.timeout.ms = 60000
	enable.auto.commit = true
	enable.metrics.push = true
	exclude.internal.topics = true
	fetch.max.bytes = 52428800
	fetch.max.wait.ms = 500
	fetch.min.bytes = 1
	group.id = Consumer-topic-a96af2a6_f393_4675_84d6_01f5e686cb19
	group.instance.id = null
	group.protocol = classic
	group.remote.assignor = null
	heartbeat.interval.ms = 3000
	interceptor.classes = []
	internal.leave.group.on.close = true
	internal.throw.on.fetch.stable.offset.unsupported = false
	isolation.level = read_uncommitted
	key.deserializer = class org.apache.kafka.common.serialization.StringDeserializer
	max.partition.fetch.bytes = 1048576
	max.poll.interval.ms = 300000
	max.poll.records = 500
	metadata.max.age.ms = 300000
	metadata.recovery.strategy = none
	metric.reporters = []
	metrics.num.samples = 2
	metrics.recording.level = INFO
	metrics.sample.window.ms = 30000
	partition.assignment.strategy = [class org.apache.kafka.clients.consumer.RangeAssignor, class org.apache.kafka.clients.consumer.CooperativeStickyAssignor]
	receive.buffer.bytes = 65536
	reconnect.backoff.max.ms = 1000
	reconnect.backoff.ms = 50
	request.timeout.ms = 5000
	retry.backoff.max.ms = 1000
	retry.backoff.ms = 100
	sasl.client.callback.handler.class = null
	sasl.jaas.config = null
	sasl.kerberos.kinit.cmd = /usr/bin/kinit
	sasl.kerberos.min.time.before.relogin = 60000
	sasl.kerberos.service.name = null
	sasl.kerberos.ticket.renew.jitter = 0.05
	sasl.kerberos.ticket.renew.window.factor = 0.8
	sasl.login.callback.handler.class = null
	sasl.login.class = null
	sasl.login.connect.timeout.ms = null
	sasl.login.read.timeout.ms = null
	sasl.login.refresh.buffer.seconds = 300
	sasl.login.refresh.min.period.seconds = 60
	sasl.login.refresh.window.factor = 0.8
	sasl.login.refresh.window.jitter = 0.05
	sasl.login.retry.backoff.max.ms = 10000
	sasl.login.retry.backoff.ms = 100
	sasl.mechanism = GSSAPI
	sasl.oauthbearer.clock.skew.seconds = 30
	sasl.oauthbearer.expected.audience = null
	sasl.oauthbearer.expected.issuer = null
	sasl.oauthbearer.header.urlencode = false
	sasl.oauthbearer.jwks.endpoint.refresh.ms = 3600000
	sasl.oauthbearer.jwks.endpoint.retry.backoff.max.ms = 10000
	sasl.oauthbearer.jwks.endpoint.retry.backoff.ms = 100
	sasl.oauthbearer.jwks.endpoint.url = null
	sasl.oauthbearer.scope.claim.name = scope
	sasl.oauthbearer.sub.claim.name = sub
	sasl.oauthbearer.token.endpoint.url = null
	security.protocol = PLAINTEXT
	security.providers = null
	send.buffer.bytes = 131072
	session.timeout.ms = 45000
	socket.connection.setup.timeout.max.ms = 30000
	socket.connection.setup.timeout.ms = 10000
	ssl.cipher.suites = null
	ssl.enabled.protocols = [TLSv1.2, TLSv1.3]
	ssl.endpoint.identification.algorithm = https
	ssl.engine.factory.class = null
	ssl.key.password = null
	ssl.keymanager.algorithm = SunX509
	ssl.keystore.certificate.chain = null
	ssl.keystore.key = null
	ssl.keystore.location = null
	ssl.keystore.password = null
	ssl.keystore.type = JKS
	ssl.protocol = TLSv1.3
	ssl.provider = null
	ssl.secure.random.implementation = null
	ssl.trustmanager.algorithm = PKIX
	ssl.truststore.certificates = null
	ssl.truststore.location = null
	ssl.truststore.password = null
	ssl.truststore.type = JKS
	value.deserializer = class io.apicurio.registry.serde.avro.AvroKafkaDeserializer

2025-10-08 13:31:45,972 INFO  [org.apa.kaf.com.tel.int.KafkaMetricsCollector] (main) initializing Kafka metrics collector
2025-10-08 13:31:45,982 INFO  [org.apa.kaf.cli.con.ConsumerConfig] (main) These configurations '[apicurio.registry.url]' were supplied but are not used yet.
2025-10-08 13:31:45,982 INFO  [org.apa.kaf.com.uti.AppInfoParser] (main) Kafka version: 3.9.1
2025-10-08 13:31:45,982 INFO  [org.apa.kaf.com.uti.AppInfoParser] (main) Kafka commitId: f745dfdcee2b9851
2025-10-08 13:31:45,982 INFO  [org.apa.kaf.com.uti.AppInfoParser] (main) Kafka startTimeMs: 1759930305982
2025-10-08 13:31:45,983 INFO  [org.apa.kaf.cli.con.int.ClassicKafkaConsumer] (ForkJoinPool.commonPool-worker-3) [Consumer clientId=consumer-Consumer-topic-a96af2a6_f393_4675_84d6_01f5e686cb19-2, groupId=Consumer-topic-a96af2a6_f393_4675_84d6_01f5e686cb19] Subscribed to topic(s): topic-a96af2a6_f393_4675_84d6_01f5e686cb19
2025-10-08 13:31:45,990 INFO  [org.apa.kaf.cli.Metadata] (ForkJoinPool.commonPool-worker-3) [Consumer clientId=consumer-Consumer-topic-a96af2a6_f393_4675_84d6_01f5e686cb19-2, groupId=Consumer-topic-a96af2a6_f393_4675_84d6_01f5e686cb19] Cluster ID: SVjZkHnAQ8mYJ12eIV0raA
2025-10-08 13:31:45,990 INFO  [org.apa.kaf.cli.con.int.ConsumerCoordinator] (ForkJoinPool.commonPool-worker-3) [Consumer clientId=consumer-Consumer-topic-a96af2a6_f393_4675_84d6_01f5e686cb19-2, groupId=Consumer-topic-a96af2a6_f393_4675_84d6_01f5e686cb19] Discovered group coordinator localhost:32769 (id: 2147483647 rack: null)
2025-10-08 13:31:45,992 INFO  [org.apa.kaf.cli.con.int.ConsumerCoordinator] (ForkJoinPool.commonPool-worker-3) [Consumer clientId=consumer-Consumer-topic-a96af2a6_f393_4675_84d6_01f5e686cb19-2, groupId=Consumer-topic-a96af2a6_f393_4675_84d6_01f5e686cb19] (Re-)joining group
2025-10-08 13:31:45,996 INFO  [org.apa.kaf.cli.con.int.ConsumerCoordinator] (ForkJoinPool.commonPool-worker-3) [Consumer clientId=consumer-Consumer-topic-a96af2a6_f393_4675_84d6_01f5e686cb19-2, groupId=Consumer-topic-a96af2a6_f393_4675_84d6_01f5e686cb19] Request joining group due to: need to re-join with the given member-id: consumer-Consumer-topic-a96af2a6_f393_4675_84d6_01f5e686cb19-2-16b712d9-619d-49df-ac80-ad8f3620288d
2025-10-08 13:31:45,997 INFO  [org.apa.kaf.cli.con.int.ConsumerCoordinator] (ForkJoinPool.commonPool-worker-3) [Consumer clientId=consumer-Consumer-topic-a96af2a6_f393_4675_84d6_01f5e686cb19-2, groupId=Consumer-topic-a96af2a6_f393_4675_84d6_01f5e686cb19] (Re-)joining group
2025-10-08 13:31:46,983 INFO  [io.api.tes.ser.api.KafkaSerdesTester] (ForkJoinPool.commonPool-worker-3) None found
2025-10-08 13:31:47,983 INFO  [io.api.tes.ser.api.KafkaSerdesTester] (ForkJoinPool.commonPool-worker-3) None found
2025-10-08 13:31:48,983 INFO  [io.api.tes.ser.api.KafkaSerdesTester] (ForkJoinPool.commonPool-worker-3) None found
2025-10-08 13:31:48,999 INFO  [org.apa.kaf.cli.con.int.ConsumerCoordinator] (ForkJoinPool.commonPool-worker-3) [Consumer clientId=consumer-Consumer-topic-a96af2a6_f393_4675_84d6_01f5e686cb19-2, groupId=Consumer-topic-a96af2a6_f393_4675_84d6_01f5e686cb19] Successfully joined group with generation Generation{generationId=1, memberId='consumer-Consumer-topic-a96af2a6_f393_4675_84d6_01f5e686cb19-2-16b712d9-619d-49df-ac80-ad8f3620288d', protocol='range'}
2025-10-08 13:31:49,000 INFO  [org.apa.kaf.cli.con.int.ConsumerCoordinator] (ForkJoinPool.commonPool-worker-3) [Consumer clientId=consumer-Consumer-topic-a96af2a6_f393_4675_84d6_01f5e686cb19-2, groupId=Consumer-topic-a96af2a6_f393_4675_84d6_01f5e686cb19] Finished assignment for group at generation 1: {consumer-Consumer-topic-a96af2a6_f393_4675_84d6_01f5e686cb19-2-16b712d9-619d-49df-ac80-ad8f3620288d=Assignment(partitions=[topic-a96af2a6_f393_4675_84d6_01f5e686cb19-0])}
2025-10-08 13:31:49,009 INFO  [org.apa.kaf.cli.con.int.ConsumerCoordinator] (ForkJoinPool.commonPool-worker-3) [Consumer clientId=consumer-Consumer-topic-a96af2a6_f393_4675_84d6_01f5e686cb19-2, groupId=Consumer-topic-a96af2a6_f393_4675_84d6_01f5e686cb19] Successfully synced group in generation Generation{generationId=1, memberId='consumer-Consumer-topic-a96af2a6_f393_4675_84d6_01f5e686cb19-2-16b712d9-619d-49df-ac80-ad8f3620288d', protocol='range'}
2025-10-08 13:31:49,009 INFO  [org.apa.kaf.cli.con.int.ConsumerCoordinator] (ForkJoinPool.commonPool-worker-3) [Consumer clientId=consumer-Consumer-topic-a96af2a6_f393_4675_84d6_01f5e686cb19-2, groupId=Consumer-topic-a96af2a6_f393_4675_84d6_01f5e686cb19] Notifying assignor about the new Assignment(partitions=[topic-a96af2a6_f393_4675_84d6_01f5e686cb19-0])
2025-10-08 13:31:49,009 INFO  [org.apa.kaf.cli.con.int.ConsumerRebalanceListenerInvoker] (ForkJoinPool.commonPool-worker-3) [Consumer clientId=consumer-Consumer-topic-a96af2a6_f393_4675_84d6_01f5e686cb19-2, groupId=Consumer-topic-a96af2a6_f393_4675_84d6_01f5e686cb19] Adding newly assigned partitions: topic-a96af2a6_f393_4675_84d6_01f5e686cb19-0
2025-10-08 13:31:49,011 INFO  [org.apa.kaf.cli.con.int.ConsumerCoordinator] (ForkJoinPool.commonPool-worker-3) [Consumer clientId=consumer-Consumer-topic-a96af2a6_f393_4675_84d6_01f5e686cb19-2, groupId=Consumer-topic-a96af2a6_f393_4675_84d6_01f5e686cb19] Found no committed offset for partition topic-a96af2a6_f393_4675_84d6_01f5e686cb19-0
2025-10-08 13:31:49,016 INFO  [org.apa.kaf.cli.con.int.SubscriptionState] (ForkJoinPool.commonPool-worker-3) [Consumer clientId=consumer-Consumer-topic-a96af2a6_f393_4675_84d6_01f5e686cb19-2, groupId=Consumer-topic-a96af2a6_f393_4675_84d6_01f5e686cb19] Resetting offset for partition topic-a96af2a6_f393_4675_84d6_01f5e686cb19-0 to position FetchPosition{offset=0, offsetEpoch=Optional.empty, currentLeader=LeaderAndEpoch{leader=Optional[localhost:32769 (id: 0 rack: null)], epoch=0}}.
2025-10-08 13:31:49,286 INFO  [io.api.tes.ser.api.KafkaSerdesTester] (ForkJoinPool.commonPool-worker-3) topic-a96af2a6_f393_4675_84d6_01f5e686cb19 0 0 {"key11759930304673": "value-0"}
2025-10-08 13:31:49,286 INFO  [io.api.tes.ser.api.KafkaSerdesTester] (ForkJoinPool.commonPool-worker-3) topic-a96af2a6_f393_4675_84d6_01f5e686cb19 0 1 {"key11759930304673": "value-1"}
2025-10-08 13:31:49,286 INFO  [io.api.tes.ser.api.KafkaSerdesTester] (ForkJoinPool.commonPool-worker-3) topic-a96af2a6_f393_4675_84d6_01f5e686cb19 0 2 {"key11759930304673": "value-2"}
2025-10-08 13:31:49,287 INFO  [io.api.tes.ser.api.KafkaSerdesTester] (ForkJoinPool.commonPool-worker-3) topic-a96af2a6_f393_4675_84d6_01f5e686cb19 0 3 {"key11759930304673": "value-3"}
2025-10-08 13:31:49,287 INFO  [io.api.tes.ser.api.KafkaSerdesTester] (ForkJoinPool.commonPool-worker-3) topic-a96af2a6_f393_4675_84d6_01f5e686cb19 0 4 {"key11759930304673": "value-4"}
2025-10-08 13:31:49,287 INFO  [io.api.tes.ser.api.KafkaSerdesTester] (ForkJoinPool.commonPool-worker-3) topic-a96af2a6_f393_4675_84d6_01f5e686cb19 0 5 {"key11759930304673": "value-5"}
2025-10-08 13:31:49,287 INFO  [io.api.tes.ser.api.KafkaSerdesTester] (ForkJoinPool.commonPool-worker-3) topic-a96af2a6_f393_4675_84d6_01f5e686cb19 0 6 {"key11759930304673": "value-6"}
2025-10-08 13:31:49,287 INFO  [io.api.tes.ser.api.KafkaSerdesTester] (ForkJoinPool.commonPool-worker-3) topic-a96af2a6_f393_4675_84d6_01f5e686cb19 0 7 {"key11759930304673": "value-7"}
2025-10-08 13:31:49,287 INFO  [io.api.tes.ser.api.KafkaSerdesTester] (ForkJoinPool.commonPool-worker-3) topic-a96af2a6_f393_4675_84d6_01f5e686cb19 0 8 {"key11759930304673": "value-8"}
2025-10-08 13:31:49,287 INFO  [io.api.tes.ser.api.KafkaSerdesTester] (ForkJoinPool.commonPool-worker-3) topic-a96af2a6_f393_4675_84d6_01f5e686cb19 0 9 {"key11759930304673": "value-9"}
2025-10-08 13:31:49,287 INFO  [io.api.tes.ser.api.KafkaSerdesTester] (ForkJoinPool.commonPool-worker-3) Consumed 10 messages
2025-10-08 13:31:49,295 INFO  [org.apa.kaf.cli.con.int.ConsumerRebalanceListenerInvoker] (ForkJoinPool.commonPool-worker-3) [Consumer clientId=consumer-Consumer-topic-a96af2a6_f393_4675_84d6_01f5e686cb19-2, groupId=Consumer-topic-a96af2a6_f393_4675_84d6_01f5e686cb19] Revoke previously assigned partitions topic-a96af2a6_f393_4675_84d6_01f5e686cb19-0
2025-10-08 13:31:49,295 INFO  [org.apa.kaf.cli.con.int.ConsumerCoordinator] (ForkJoinPool.commonPool-worker-3) [Consumer clientId=consumer-Consumer-topic-a96af2a6_f393_4675_84d6_01f5e686cb19-2, groupId=Consumer-topic-a96af2a6_f393_4675_84d6_01f5e686cb19] Member consumer-Consumer-topic-a96af2a6_f393_4675_84d6_01f5e686cb19-2-16b712d9-619d-49df-ac80-ad8f3620288d sending LeaveGroup request to coordinator localhost:32769 (id: 2147483647 rack: null) due to the consumer is being closed
2025-10-08 13:31:49,296 INFO  [org.apa.kaf.cli.con.int.ConsumerCoordinator] (ForkJoinPool.commonPool-worker-3) [Consumer clientId=consumer-Consumer-topic-a96af2a6_f393_4675_84d6_01f5e686cb19-2, groupId=Consumer-topic-a96af2a6_f393_4675_84d6_01f5e686cb19] Resetting generation and member id due to: consumer pro-actively leaving the group
2025-10-08 13:31:49,296 INFO  [org.apa.kaf.cli.con.int.ConsumerCoordinator] (ForkJoinPool.commonPool-worker-3) [Consumer clientId=consumer-Consumer-topic-a96af2a6_f393_4675_84d6_01f5e686cb19-2, groupId=Consumer-topic-a96af2a6_f393_4675_84d6_01f5e686cb19] Request joining group due to: consumer pro-actively leaving the group
2025-10-08 13:31:49,789 INFO  [org.apa.kaf.com.met.Metrics] (ForkJoinPool.commonPool-worker-3) Metrics scheduler closed
2025-10-08 13:31:49,789 INFO  [org.apa.kaf.com.met.Metrics] (ForkJoinPool.commonPool-worker-3) Closing reporter org.apache.kafka.common.metrics.JmxReporter
2025-10-08 13:31:49,789 INFO  [org.apa.kaf.com.met.Metrics] (ForkJoinPool.commonPool-worker-3) Closing reporter org.apache.kafka.common.telemetry.internals.ClientTelemetryReporter
2025-10-08 13:31:49,790 INFO  [org.apa.kaf.com.met.Metrics] (ForkJoinPool.commonPool-worker-3) Metrics reporters closed
2025-10-08 13:31:49,793 INFO  [org.apa.kaf.com.uti.AppInfoParser] (ForkJoinPool.commonPool-worker-3) App info kafka.consumer for consumer-Consumer-topic-a96af2a6_f393_4675_84d6_01f5e686cb19-2 unregistered
2025-10-08 13:31:49,793 INFO  [io.api.tes.uti.TestSeparator] (main) io.apicurio.tests.serdes.apicurio.AvroSerdeIT.testSimpleTopicIdStrategyFindLatest-FINISHED
2025-10-08 13:31:49,794 INFO  [io.api.tes.uti.TestSeparator] (main) ############################################################################
Test passed: testSimpleTopicIdStrategyFindLatest
]]></system-out>
  </testcase>
  <testcase name="testWrongSchema" classname="io.apicurio.tests.serdes.apicurio.AvroSerdeIT" time="1.218">
    <system-out><![CDATA[2025-10-08 13:31:49,795 INFO  [io.api.tes.uti.TestSeparator] (main) ############################################################################
2025-10-08 13:31:49,795 INFO  [io.api.tes.uti.TestSeparator] (main) io.apicurio.tests.serdes.apicurio.AvroSerdeIT.testWrongSchema-STARTED
**** Registry Base URL: http://registry-app-ksql047.apps.ci419.apicurio-testing.org:80
2025-10-08 13:31:50,912 INFO  [org.apa.kaf.cli.pro.ProducerConfig] (main) ProducerConfig values: 
	acks = -1
	auto.include.jmx.reporter = true
	batch.size = 16384
	bootstrap.servers = [PLAINTEXT://localhost:32769]
	buffer.memory = 33554432
	client.dns.lookup = use_all_dns_ips
	client.id = Producer-sbb2f8bbcxe422x49abx8f40x514f3a972822
	compression.gzip.level = -1
	compression.lz4.level = 9
	compression.type = none
	compression.zstd.level = 3
	connections.max.idle.ms = 10000
	delivery.timeout.ms = 120000
	enable.idempotence = true
	enable.metrics.push = true
	interceptor.classes = []
	key.serializer = class org.apache.kafka.common.serialization.StringSerializer
	linger.ms = 0
	max.block.ms = 60000
	max.in.flight.requests.per.connection = 5
	max.request.size = 1048576
	metadata.max.age.ms = 300000
	metadata.max.idle.ms = 300000
	metadata.recovery.strategy = none
	metric.reporters = []
	metrics.num.samples = 2
	metrics.recording.level = INFO
	metrics.sample.window.ms = 30000
	partitioner.adaptive.partitioning.enable = true
	partitioner.availability.timeout.ms = 0
	partitioner.class = null
	partitioner.ignore.keys = false
	receive.buffer.bytes = 32768
	reconnect.backoff.max.ms = 1000
	reconnect.backoff.ms = 50
	request.timeout.ms = 5000
	retries = 2147483647
	retry.backoff.max.ms = 1000
	retry.backoff.ms = 100
	sasl.client.callback.handler.class = null
	sasl.jaas.config = null
	sasl.kerberos.kinit.cmd = /usr/bin/kinit
	sasl.kerberos.min.time.before.relogin = 60000
	sasl.kerberos.service.name = null
	sasl.kerberos.ticket.renew.jitter = 0.05
	sasl.kerberos.ticket.renew.window.factor = 0.8
	sasl.login.callback.handler.class = null
	sasl.login.class = null
	sasl.login.connect.timeout.ms = null
	sasl.login.read.timeout.ms = null
	sasl.login.refresh.buffer.seconds = 300
	sasl.login.refresh.min.period.seconds = 60
	sasl.login.refresh.window.factor = 0.8
	sasl.login.refresh.window.jitter = 0.05
	sasl.login.retry.backoff.max.ms = 10000
	sasl.login.retry.backoff.ms = 100
	sasl.mechanism = GSSAPI
	sasl.oauthbearer.clock.skew.seconds = 30
	sasl.oauthbearer.expected.audience = null
	sasl.oauthbearer.expected.issuer = null
	sasl.oauthbearer.header.urlencode = false
	sasl.oauthbearer.jwks.endpoint.refresh.ms = 3600000
	sasl.oauthbearer.jwks.endpoint.retry.backoff.max.ms = 10000
	sasl.oauthbearer.jwks.endpoint.retry.backoff.ms = 100
	sasl.oauthbearer.jwks.endpoint.url = null
	sasl.oauthbearer.scope.claim.name = scope
	sasl.oauthbearer.sub.claim.name = sub
	sasl.oauthbearer.token.endpoint.url = null
	security.protocol = PLAINTEXT
	security.providers = null
	send.buffer.bytes = 131072
	socket.connection.setup.timeout.max.ms = 30000
	socket.connection.setup.timeout.ms = 10000
	ssl.cipher.suites = null
	ssl.enabled.protocols = [TLSv1.2, TLSv1.3]
	ssl.endpoint.identification.algorithm = https
	ssl.engine.factory.class = null
	ssl.key.password = null
	ssl.keymanager.algorithm = SunX509
	ssl.keystore.certificate.chain = null
	ssl.keystore.key = null
	ssl.keystore.location = null
	ssl.keystore.password = null
	ssl.keystore.type = JKS
	ssl.protocol = TLSv1.3
	ssl.provider = null
	ssl.secure.random.implementation = null
	ssl.trustmanager.algorithm = PKIX
	ssl.truststore.certificates = null
	ssl.truststore.location = null
	ssl.truststore.password = null
	ssl.truststore.type = JKS
	transaction.timeout.ms = 60000
	transactional.id = null
	value.serializer = class io.apicurio.registry.serde.avro.AvroKafkaSerializer

2025-10-08 13:31:50,912 INFO  [org.apa.kaf.com.tel.int.KafkaMetricsCollector] (main) initializing Kafka metrics collector
2025-10-08 13:31:50,922 INFO  [org.apa.kaf.cli.pro.KafkaProducer] (main) [Producer clientId=Producer-sbb2f8bbcxe422x49abx8f40x514f3a972822] Instantiated an idempotent producer.
2025-10-08 13:31:50,926 INFO  [org.apa.kaf.cli.pro.ProducerConfig] (main) These configurations '[apicurio.registry.find-latest, apicurio.registry.url, apicurio.registry.artifact-resolver-strategy]' were supplied but are not used yet.
2025-10-08 13:31:50,926 INFO  [org.apa.kaf.com.uti.AppInfoParser] (main) Kafka version: 3.9.1
2025-10-08 13:31:50,926 INFO  [org.apa.kaf.com.uti.AppInfoParser] (main) Kafka commitId: f745dfdcee2b9851
2025-10-08 13:31:50,926 INFO  [org.apa.kaf.com.uti.AppInfoParser] (main) Kafka startTimeMs: 1759930310926
2025-10-08 13:31:50,927 INFO  [io.api.tes.ser.api.KafkaSerdesTester] (ForkJoinPool.commonPool-worker-3) Sending message {"keyB": "value-0"} to topic sbb2f8bbcxe422x49abx8f40x514f3a972822
2025-10-08 13:31:50,930 INFO  [org.apa.kaf.cli.Metadata] (kafka-producer-network-thread | Producer-sbb2f8bbcxe422x49abx8f40x514f3a972822) [Producer clientId=Producer-sbb2f8bbcxe422x49abx8f40x514f3a972822] Cluster ID: SVjZkHnAQ8mYJ12eIV0raA
2025-10-08 13:31:50,931 INFO  [org.apa.kaf.cli.pro.int.TransactionManager] (kafka-producer-network-thread | Producer-sbb2f8bbcxe422x49abx8f40x514f3a972822) [Producer clientId=Producer-sbb2f8bbcxe422x49abx8f40x514f3a972822] ProducerId set to 2 with epoch 0
2025-10-08 13:31:51,007 INFO  [org.apa.kaf.cli.pro.KafkaProducer] (ForkJoinPool.commonPool-worker-3) [Producer clientId=Producer-sbb2f8bbcxe422x49abx8f40x514f3a972822] Closing the Kafka producer with timeoutMillis = 9223372036854775807 ms.
2025-10-08 13:31:51,011 INFO  [org.apa.kaf.com.met.Metrics] (ForkJoinPool.commonPool-worker-3) Metrics scheduler closed
2025-10-08 13:31:51,011 INFO  [org.apa.kaf.com.met.Metrics] (ForkJoinPool.commonPool-worker-3) Closing reporter org.apache.kafka.common.metrics.JmxReporter
2025-10-08 13:31:51,011 INFO  [org.apa.kaf.com.met.Metrics] (ForkJoinPool.commonPool-worker-3) Closing reporter org.apache.kafka.common.telemetry.internals.ClientTelemetryReporter
2025-10-08 13:31:51,011 INFO  [org.apa.kaf.com.met.Metrics] (ForkJoinPool.commonPool-worker-3) Metrics reporters closed
2025-10-08 13:31:51,011 INFO  [org.apa.kaf.com.uti.AppInfoParser] (ForkJoinPool.commonPool-worker-3) App info kafka.producer for Producer-sbb2f8bbcxe422x49abx8f40x514f3a972822 unregistered
2025-10-08 13:31:51,012 INFO  [io.api.tes.uti.TestSeparator] (main) io.apicurio.tests.serdes.apicurio.AvroSerdeIT.testWrongSchema-FINISHED
2025-10-08 13:31:51,012 INFO  [io.api.tes.uti.TestSeparator] (main) ############################################################################
Test passed: testWrongSchema
]]></system-out>
    <system-err><![CDATA[io.apicurio.registry.rest.client.models.ProblemDetails
	at io.apicurio.registry.rest.client.models.ProblemDetails.createFromDiscriminatorValue(ProblemDetails.java:58)
	at io.kiota.serialization.json.JsonParseNode.getObjectValue(JsonParseNode.java:247)
	at io.kiota.http.vertx.VertXRequestAdapter.lambda$throwIfFailedResponse$0(VertXRequestAdapter.java:400)
	at com.microsoft.kiota.ApiExceptionBuilder.<init>(ApiExceptionBuilder.java:26)
	at io.kiota.http.vertx.VertXRequestAdapter.throwIfFailedResponse(VertXRequestAdapter.java:399)
	at io.kiota.http.vertx.VertXRequestAdapter.send(VertXRequestAdapter.java:170)
	at jdk.internal.reflect.GeneratedMethodAccessor33.invoke(Unknown Source)
	at java.base/jdk.internal.reflect.DelegatingMethodAccessorImpl.invoke(DelegatingMethodAccessorImpl.java:43)
	at java.base/java.lang.reflect.Method.invoke(Method.java:569)
	at io.apicurio.registry.client.RegistryClientFactory$RetryInvocationHandler.invoke(RegistryClientFactory.java:146)
	at jdk.proxy2/jdk.proxy2.$Proxy65.send(Unknown Source)
	at io.apicurio.registry.rest.client.groups.item.artifacts.item.versions.item.WithVersionExpressionItemRequestBuilder.get(WithVersionExpressionItemRequestBuilder.java:128)
	at io.apicurio.registry.rest.client.groups.item.artifacts.item.versions.item.WithVersionExpressionItemRequestBuilder.get(WithVersionExpressionItemRequestBuilder.java:111)
	at io.apicurio.registry.resolver.client.RegistryClientFacadeImpl.getVersionCoordinatesByGAV(RegistryClientFacadeImpl.java:159)
	at io.apicurio.registry.resolver.DefaultSchemaResolver.resolveByCoordinates(DefaultSchemaResolver.java:352)
	at io.apicurio.registry.resolver.DefaultSchemaResolver.lambda$resolveSchemaByArtifactReferenceCached$6(DefaultSchemaResolver.java:340)
	at io.apicurio.registry.resolver.cache.ERCache.lambda$getValue$0(ERCache.java:174)
	at io.apicurio.registry.resolver.cache.ERCache.retry(ERCache.java:227)
	at io.apicurio.registry.resolver.cache.ERCache.getValue(ERCache.java:173)
	at io.apicurio.registry.resolver.cache.ERCache.getByArtifactCoordinates(ERCache.java:158)
	at io.apicurio.registry.resolver.DefaultSchemaResolver.resolveSchemaByArtifactReferenceCached(DefaultSchemaResolver.java:338)
	at io.apicurio.registry.resolver.DefaultSchemaResolver.resolveSchemaByCoordinates(DefaultSchemaResolver.java:193)
	at io.apicurio.registry.resolver.DefaultSchemaResolver.getSchemaFromRegistry(DefaultSchemaResolver.java:130)
	at io.apicurio.registry.resolver.DefaultSchemaResolver.lambda$resolveSchema$0(DefaultSchemaResolver.java:84)
	at java.base/java.util.Optional.orElseGet(Optional.java:364)
	at io.apicurio.registry.resolver.DefaultSchemaResolver.resolveSchema(DefaultSchemaResolver.java:84)
	at io.apicurio.registry.serde.AbstractSerializer.serializeData(AbstractSerializer.java:62)
	at io.apicurio.registry.serde.KafkaSerializer.serialize(KafkaSerializer.java:77)
	at org.apache.kafka.clients.producer.KafkaProducer.doSend(KafkaProducer.java:1046)
	at org.apache.kafka.clients.producer.KafkaProducer.send(KafkaProducer.java:993)
	at org.apache.kafka.clients.producer.KafkaProducer.send(KafkaProducer.java:875)
	at io.apicurio.tests.serdes.apicurio.KafkaSerdesTester.lambda$produceMessages$3(KafkaSerdesTester.java:138)
	at java.base/java.util.concurrent.CompletableFuture$AsyncSupply.run(CompletableFuture.java:1768)
	at java.base/java.util.concurrent.CompletableFuture$AsyncSupply.exec(CompletableFuture.java:1760)
	at java.base/java.util.concurrent.ForkJoinTask.doExec(ForkJoinTask.java:373)
	at java.base/java.util.concurrent.ForkJoinPool$WorkQueue.topLevelExec(ForkJoinPool.java:1182)
	at java.base/java.util.concurrent.ForkJoinPool.scan(ForkJoinPool.java:1655)
	at java.base/java.util.concurrent.ForkJoinPool.runWorker(ForkJoinPool.java:1622)
	at java.base/java.util.concurrent.ForkJoinWorkerThread.run(ForkJoinWorkerThread.java:165)
]]></system-err>
  </testcase>
  <testcase name="testAvroJSON" classname="io.apicurio.tests.serdes.apicurio.AvroSerdeIT" time="3.986">
    <system-out><![CDATA[2025-10-08 13:31:51,014 INFO  [io.api.tes.uti.TestSeparator] (main) ############################################################################
2025-10-08 13:31:51,014 INFO  [io.api.tes.uti.TestSeparator] (main) io.apicurio.tests.serdes.apicurio.AvroSerdeIT.testAvroJSON-STARTED
**** Registry Base URL: http://registry-app-ksql047.apps.ci419.apicurio-testing.org:80
2025-10-08 13:31:51,016 INFO  [org.apa.kaf.cli.pro.ProducerConfig] (main) ProducerConfig values: 
	acks = -1
	auto.include.jmx.reporter = true
	batch.size = 16384
	bootstrap.servers = [PLAINTEXT://localhost:32769]
	buffer.memory = 33554432
	client.dns.lookup = use_all_dns_ips
	client.id = Producer-topic-eafac10b_f473_4f8a_ba4a_d34f09ff7e37
	compression.gzip.level = -1
	compression.lz4.level = 9
	compression.type = none
	compression.zstd.level = 3
	connections.max.idle.ms = 10000
	delivery.timeout.ms = 120000
	enable.idempotence = true
	enable.metrics.push = true
	interceptor.classes = []
	key.serializer = class org.apache.kafka.common.serialization.StringSerializer
	linger.ms = 0
	max.block.ms = 60000
	max.in.flight.requests.per.connection = 5
	max.request.size = 1048576
	metadata.max.age.ms = 300000
	metadata.max.idle.ms = 300000
	metadata.recovery.strategy = none
	metric.reporters = []
	metrics.num.samples = 2
	metrics.recording.level = INFO
	metrics.sample.window.ms = 30000
	partitioner.adaptive.partitioning.enable = true
	partitioner.availability.timeout.ms = 0
	partitioner.class = null
	partitioner.ignore.keys = false
	receive.buffer.bytes = 32768
	reconnect.backoff.max.ms = 1000
	reconnect.backoff.ms = 50
	request.timeout.ms = 5000
	retries = 2147483647
	retry.backoff.max.ms = 1000
	retry.backoff.ms = 100
	sasl.client.callback.handler.class = null
	sasl.jaas.config = null
	sasl.kerberos.kinit.cmd = /usr/bin/kinit
	sasl.kerberos.min.time.before.relogin = 60000
	sasl.kerberos.service.name = null
	sasl.kerberos.ticket.renew.jitter = 0.05
	sasl.kerberos.ticket.renew.window.factor = 0.8
	sasl.login.callback.handler.class = null
	sasl.login.class = null
	sasl.login.connect.timeout.ms = null
	sasl.login.read.timeout.ms = null
	sasl.login.refresh.buffer.seconds = 300
	sasl.login.refresh.min.period.seconds = 60
	sasl.login.refresh.window.factor = 0.8
	sasl.login.refresh.window.jitter = 0.05
	sasl.login.retry.backoff.max.ms = 10000
	sasl.login.retry.backoff.ms = 100
	sasl.mechanism = GSSAPI
	sasl.oauthbearer.clock.skew.seconds = 30
	sasl.oauthbearer.expected.audience = null
	sasl.oauthbearer.expected.issuer = null
	sasl.oauthbearer.header.urlencode = false
	sasl.oauthbearer.jwks.endpoint.refresh.ms = 3600000
	sasl.oauthbearer.jwks.endpoint.retry.backoff.max.ms = 10000
	sasl.oauthbearer.jwks.endpoint.retry.backoff.ms = 100
	sasl.oauthbearer.jwks.endpoint.url = null
	sasl.oauthbearer.scope.claim.name = scope
	sasl.oauthbearer.sub.claim.name = sub
	sasl.oauthbearer.token.endpoint.url = null
	security.protocol = PLAINTEXT
	security.providers = null
	send.buffer.bytes = 131072
	socket.connection.setup.timeout.max.ms = 30000
	socket.connection.setup.timeout.ms = 10000
	ssl.cipher.suites = null
	ssl.enabled.protocols = [TLSv1.2, TLSv1.3]
	ssl.endpoint.identification.algorithm = https
	ssl.engine.factory.class = null
	ssl.key.password = null
	ssl.keymanager.algorithm = SunX509
	ssl.keystore.certificate.chain = null
	ssl.keystore.key = null
	ssl.keystore.location = null
	ssl.keystore.password = null
	ssl.keystore.type = JKS
	ssl.protocol = TLSv1.3
	ssl.provider = null
	ssl.secure.random.implementation = null
	ssl.trustmanager.algorithm = PKIX
	ssl.truststore.certificates = null
	ssl.truststore.location = null
	ssl.truststore.password = null
	ssl.truststore.type = JKS
	transaction.timeout.ms = 60000
	transactional.id = null
	value.serializer = class io.apicurio.registry.serde.avro.AvroKafkaSerializer

2025-10-08 13:31:51,016 INFO  [org.apa.kaf.com.tel.int.KafkaMetricsCollector] (main) initializing Kafka metrics collector
2025-10-08 13:31:51,024 INFO  [org.apa.kaf.cli.pro.KafkaProducer] (main) [Producer clientId=Producer-topic-eafac10b_f473_4f8a_ba4a_d34f09ff7e37] Instantiated an idempotent producer.
2025-10-08 13:31:51,027 INFO  [org.apa.kaf.cli.pro.ProducerConfig] (main) These configurations '[apicurio.registry.avro.encoding, apicurio.registry.url, apicurio.registry.auto-register, apicurio.registry.artifact-resolver-strategy]' were supplied but are not used yet.
2025-10-08 13:31:51,027 INFO  [org.apa.kaf.com.uti.AppInfoParser] (main) Kafka version: 3.9.1
2025-10-08 13:31:51,027 INFO  [org.apa.kaf.com.uti.AppInfoParser] (main) Kafka commitId: f745dfdcee2b9851
2025-10-08 13:31:51,027 INFO  [org.apa.kaf.com.uti.AppInfoParser] (main) Kafka startTimeMs: 1759930311027
2025-10-08 13:31:51,027 INFO  [io.api.tes.ser.api.SimpleSerdesTesterBuilder$SimpleSerdesTester] (main) Using producer configuration: {apicurio.registry.avro.encoding=JSON, apicurio.registry.url=http://registry-app-ksql047.apps.ci419.apicurio-testing.org:80/apis/registry/v3, apicurio.registry.auto-register=true, apicurio.registry.artifact-resolver-strategy=io.apicurio.registry.serde.strategy.TopicIdStrategy, value.serializer=io.apicurio.registry.serde.avro.AvroKafkaSerializer, request.timeout.ms=5000, acks=all, bootstrap.servers=PLAINTEXT://localhost:32769, connections.max.idle.ms=10000, key.serializer=org.apache.kafka.common.serialization.StringSerializer, client.id=Producer-topic-eafac10b_f473_4f8a_ba4a_d34f09ff7e37}
2025-10-08 13:31:51,027 INFO  [io.api.tes.ser.api.SimpleSerdesTesterBuilder$SimpleSerdesTester] (main) Using consumer configuration: {apicurio.registry.avro.encoding=JSON}
2025-10-08 13:31:51,027 INFO  [io.api.tes.ser.api.KafkaSerdesTester] (ForkJoinPool.commonPool-worker-3) Sending message {"bar": "value-0"} to topic topic-eafac10b_f473_4f8a_ba4a_d34f09ff7e37
2025-10-08 13:31:51,031 WARN  [org.apa.kaf.cli.NetworkClient] (kafka-producer-network-thread | Producer-topic-eafac10b_f473_4f8a_ba4a_d34f09ff7e37) [Producer clientId=Producer-topic-eafac10b_f473_4f8a_ba4a_d34f09ff7e37] The metadata response from the cluster reported a recoverable issue with correlation id 1 : {topic-eafac10b_f473_4f8a_ba4a_d34f09ff7e37=UNKNOWN_TOPIC_OR_PARTITION}
2025-10-08 13:31:51,031 INFO  [org.apa.kaf.cli.Metadata] (kafka-producer-network-thread | Producer-topic-eafac10b_f473_4f8a_ba4a_d34f09ff7e37) [Producer clientId=Producer-topic-eafac10b_f473_4f8a_ba4a_d34f09ff7e37] Cluster ID: SVjZkHnAQ8mYJ12eIV0raA
2025-10-08 13:31:51,032 INFO  [org.apa.kaf.cli.pro.int.TransactionManager] (kafka-producer-network-thread | Producer-topic-eafac10b_f473_4f8a_ba4a_d34f09ff7e37) [Producer clientId=Producer-topic-eafac10b_f473_4f8a_ba4a_d34f09ff7e37] ProducerId set to 3 with epoch 0
2025-10-08 13:31:51,266 INFO  [io.api.tes.ser.api.KafkaSerdesTester] (ForkJoinPool.commonPool-worker-3) Sending message {"bar": "value-1"} to topic topic-eafac10b_f473_4f8a_ba4a_d34f09ff7e37
2025-10-08 13:31:51,268 INFO  [io.api.tes.ser.api.KafkaSerdesTester] (ForkJoinPool.commonPool-worker-3) Sending message {"bar": "value-2"} to topic topic-eafac10b_f473_4f8a_ba4a_d34f09ff7e37
2025-10-08 13:31:51,271 INFO  [io.api.tes.ser.api.KafkaSerdesTester] (ForkJoinPool.commonPool-worker-3) Sending message {"bar": "value-3"} to topic topic-eafac10b_f473_4f8a_ba4a_d34f09ff7e37
2025-10-08 13:31:51,273 INFO  [io.api.tes.ser.api.KafkaSerdesTester] (ForkJoinPool.commonPool-worker-3) Sending message {"bar": "value-4"} to topic topic-eafac10b_f473_4f8a_ba4a_d34f09ff7e37
2025-10-08 13:31:51,275 INFO  [io.api.tes.ser.api.KafkaSerdesTester] (ForkJoinPool.commonPool-worker-3) Sending message {"bar": "value-5"} to topic topic-eafac10b_f473_4f8a_ba4a_d34f09ff7e37
2025-10-08 13:31:51,276 INFO  [io.api.tes.ser.api.KafkaSerdesTester] (ForkJoinPool.commonPool-worker-3) Sending message {"bar": "value-6"} to topic topic-eafac10b_f473_4f8a_ba4a_d34f09ff7e37
2025-10-08 13:31:51,278 INFO  [io.api.tes.ser.api.KafkaSerdesTester] (ForkJoinPool.commonPool-worker-3) Sending message {"bar": "value-7"} to topic topic-eafac10b_f473_4f8a_ba4a_d34f09ff7e37
2025-10-08 13:31:51,281 INFO  [io.api.tes.ser.api.KafkaSerdesTester] (ForkJoinPool.commonPool-worker-3) Sending message {"bar": "value-8"} to topic topic-eafac10b_f473_4f8a_ba4a_d34f09ff7e37
2025-10-08 13:31:51,283 INFO  [io.api.tes.ser.api.KafkaSerdesTester] (ForkJoinPool.commonPool-worker-3) Sending message {"bar": "value-9"} to topic topic-eafac10b_f473_4f8a_ba4a_d34f09ff7e37
2025-10-08 13:31:51,286 INFO  [io.api.tes.ser.api.KafkaSerdesTester] (ForkJoinPool.commonPool-worker-3) Produced 10 messages
2025-10-08 13:31:51,286 INFO  [org.apa.kaf.cli.pro.KafkaProducer] (ForkJoinPool.commonPool-worker-3) [Producer clientId=Producer-topic-eafac10b_f473_4f8a_ba4a_d34f09ff7e37] Closing the Kafka producer with timeoutMillis = 9223372036854775807 ms.
2025-10-08 13:31:51,289 INFO  [org.apa.kaf.com.met.Metrics] (ForkJoinPool.commonPool-worker-3) Metrics scheduler closed
2025-10-08 13:31:51,289 INFO  [org.apa.kaf.com.met.Metrics] (ForkJoinPool.commonPool-worker-3) Closing reporter org.apache.kafka.common.metrics.JmxReporter
2025-10-08 13:31:51,289 INFO  [org.apa.kaf.com.met.Metrics] (ForkJoinPool.commonPool-worker-3) Closing reporter org.apache.kafka.common.telemetry.internals.ClientTelemetryReporter
2025-10-08 13:31:51,289 INFO  [org.apa.kaf.com.met.Metrics] (ForkJoinPool.commonPool-worker-3) Metrics reporters closed
2025-10-08 13:31:51,290 INFO  [org.apa.kaf.com.uti.AppInfoParser] (ForkJoinPool.commonPool-worker-3) App info kafka.producer for Producer-topic-eafac10b_f473_4f8a_ba4a_d34f09ff7e37 unregistered
**** Registry Base URL: http://registry-app-ksql047.apps.ci419.apicurio-testing.org:80
2025-10-08 13:31:51,358 INFO  [org.apa.kaf.cli.con.ConsumerConfig] (main) ConsumerConfig values: 
	allow.auto.create.topics = true
	auto.commit.interval.ms = 500
	auto.include.jmx.reporter = true
	auto.offset.reset = earliest
	bootstrap.servers = [PLAINTEXT://localhost:32769]
	check.crcs = true
	client.dns.lookup = use_all_dns_ips
	client.id = consumer-Consumer-topic-eafac10b_f473_4f8a_ba4a_d34f09ff7e37-3
	client.rack = 
	connections.max.idle.ms = 10000
	default.api.timeout.ms = 60000
	enable.auto.commit = true
	enable.metrics.push = true
	exclude.internal.topics = true
	fetch.max.bytes = 52428800
	fetch.max.wait.ms = 500
	fetch.min.bytes = 1
	group.id = Consumer-topic-eafac10b_f473_4f8a_ba4a_d34f09ff7e37
	group.instance.id = null
	group.protocol = classic
	group.remote.assignor = null
	heartbeat.interval.ms = 3000
	interceptor.classes = []
	internal.leave.group.on.close = true
	internal.throw.on.fetch.stable.offset.unsupported = false
	isolation.level = read_uncommitted
	key.deserializer = class org.apache.kafka.common.serialization.StringDeserializer
	max.partition.fetch.bytes = 1048576
	max.poll.interval.ms = 300000
	max.poll.records = 500
	metadata.max.age.ms = 300000
	metadata.recovery.strategy = none
	metric.reporters = []
	metrics.num.samples = 2
	metrics.recording.level = INFO
	metrics.sample.window.ms = 30000
	partition.assignment.strategy = [class org.apache.kafka.clients.consumer.RangeAssignor, class org.apache.kafka.clients.consumer.CooperativeStickyAssignor]
	receive.buffer.bytes = 65536
	reconnect.backoff.max.ms = 1000
	reconnect.backoff.ms = 50
	request.timeout.ms = 5000
	retry.backoff.max.ms = 1000
	retry.backoff.ms = 100
	sasl.client.callback.handler.class = null
	sasl.jaas.config = null
	sasl.kerberos.kinit.cmd = /usr/bin/kinit
	sasl.kerberos.min.time.before.relogin = 60000
	sasl.kerberos.service.name = null
	sasl.kerberos.ticket.renew.jitter = 0.05
	sasl.kerberos.ticket.renew.window.factor = 0.8
	sasl.login.callback.handler.class = null
	sasl.login.class = null
	sasl.login.connect.timeout.ms = null
	sasl.login.read.timeout.ms = null
	sasl.login.refresh.buffer.seconds = 300
	sasl.login.refresh.min.period.seconds = 60
	sasl.login.refresh.window.factor = 0.8
	sasl.login.refresh.window.jitter = 0.05
	sasl.login.retry.backoff.max.ms = 10000
	sasl.login.retry.backoff.ms = 100
	sasl.mechanism = GSSAPI
	sasl.oauthbearer.clock.skew.seconds = 30
	sasl.oauthbearer.expected.audience = null
	sasl.oauthbearer.expected.issuer = null
	sasl.oauthbearer.header.urlencode = false
	sasl.oauthbearer.jwks.endpoint.refresh.ms = 3600000
	sasl.oauthbearer.jwks.endpoint.retry.backoff.max.ms = 10000
	sasl.oauthbearer.jwks.endpoint.retry.backoff.ms = 100
	sasl.oauthbearer.jwks.endpoint.url = null
	sasl.oauthbearer.scope.claim.name = scope
	sasl.oauthbearer.sub.claim.name = sub
	sasl.oauthbearer.token.endpoint.url = null
	security.protocol = PLAINTEXT
	security.providers = null
	send.buffer.bytes = 131072
	session.timeout.ms = 45000
	socket.connection.setup.timeout.max.ms = 30000
	socket.connection.setup.timeout.ms = 10000
	ssl.cipher.suites = null
	ssl.enabled.protocols = [TLSv1.2, TLSv1.3]
	ssl.endpoint.identification.algorithm = https
	ssl.engine.factory.class = null
	ssl.key.password = null
	ssl.keymanager.algorithm = SunX509
	ssl.keystore.certificate.chain = null
	ssl.keystore.key = null
	ssl.keystore.location = null
	ssl.keystore.password = null
	ssl.keystore.type = JKS
	ssl.protocol = TLSv1.3
	ssl.provider = null
	ssl.secure.random.implementation = null
	ssl.trustmanager.algorithm = PKIX
	ssl.truststore.certificates = null
	ssl.truststore.location = null
	ssl.truststore.password = null
	ssl.truststore.type = JKS
	value.deserializer = class io.apicurio.registry.serde.avro.AvroKafkaDeserializer

2025-10-08 13:31:51,358 INFO  [org.apa.kaf.com.tel.int.KafkaMetricsCollector] (main) initializing Kafka metrics collector
2025-10-08 13:31:51,363 INFO  [org.apa.kaf.cli.con.ConsumerConfig] (main) These configurations '[apicurio.registry.avro.encoding, apicurio.registry.url]' were supplied but are not used yet.
2025-10-08 13:31:51,363 INFO  [org.apa.kaf.com.uti.AppInfoParser] (main) Kafka version: 3.9.1
2025-10-08 13:31:51,363 INFO  [org.apa.kaf.com.uti.AppInfoParser] (main) Kafka commitId: f745dfdcee2b9851
2025-10-08 13:31:51,363 INFO  [org.apa.kaf.com.uti.AppInfoParser] (main) Kafka startTimeMs: 1759930311363
2025-10-08 13:31:51,364 INFO  [org.apa.kaf.cli.con.int.ClassicKafkaConsumer] (ForkJoinPool.commonPool-worker-3) [Consumer clientId=consumer-Consumer-topic-eafac10b_f473_4f8a_ba4a_d34f09ff7e37-3, groupId=Consumer-topic-eafac10b_f473_4f8a_ba4a_d34f09ff7e37] Subscribed to topic(s): topic-eafac10b_f473_4f8a_ba4a_d34f09ff7e37
2025-10-08 13:31:51,373 INFO  [org.apa.kaf.cli.Metadata] (ForkJoinPool.commonPool-worker-3) [Consumer clientId=consumer-Consumer-topic-eafac10b_f473_4f8a_ba4a_d34f09ff7e37-3, groupId=Consumer-topic-eafac10b_f473_4f8a_ba4a_d34f09ff7e37] Cluster ID: SVjZkHnAQ8mYJ12eIV0raA
2025-10-08 13:31:51,374 INFO  [org.apa.kaf.cli.con.int.ConsumerCoordinator] (ForkJoinPool.commonPool-worker-3) [Consumer clientId=consumer-Consumer-topic-eafac10b_f473_4f8a_ba4a_d34f09ff7e37-3, groupId=Consumer-topic-eafac10b_f473_4f8a_ba4a_d34f09ff7e37] Discovered group coordinator localhost:32769 (id: 2147483647 rack: null)
2025-10-08 13:31:51,375 INFO  [org.apa.kaf.cli.con.int.ConsumerCoordinator] (ForkJoinPool.commonPool-worker-3) [Consumer clientId=consumer-Consumer-topic-eafac10b_f473_4f8a_ba4a_d34f09ff7e37-3, groupId=Consumer-topic-eafac10b_f473_4f8a_ba4a_d34f09ff7e37] (Re-)joining group
2025-10-08 13:31:51,377 INFO  [org.apa.kaf.cli.con.int.ConsumerCoordinator] (ForkJoinPool.commonPool-worker-3) [Consumer clientId=consumer-Consumer-topic-eafac10b_f473_4f8a_ba4a_d34f09ff7e37-3, groupId=Consumer-topic-eafac10b_f473_4f8a_ba4a_d34f09ff7e37] Request joining group due to: need to re-join with the given member-id: consumer-Consumer-topic-eafac10b_f473_4f8a_ba4a_d34f09ff7e37-3-eb06a706-7f32-4e7c-8379-355061c5cea4
2025-10-08 13:31:51,378 INFO  [org.apa.kaf.cli.con.int.ConsumerCoordinator] (ForkJoinPool.commonPool-worker-3) [Consumer clientId=consumer-Consumer-topic-eafac10b_f473_4f8a_ba4a_d34f09ff7e37-3, groupId=Consumer-topic-eafac10b_f473_4f8a_ba4a_d34f09ff7e37] (Re-)joining group
2025-10-08 13:31:52,364 INFO  [io.api.tes.ser.api.KafkaSerdesTester] (ForkJoinPool.commonPool-worker-3) None found
2025-10-08 13:31:53,365 INFO  [io.api.tes.ser.api.KafkaSerdesTester] (ForkJoinPool.commonPool-worker-3) None found
2025-10-08 13:31:54,365 INFO  [io.api.tes.ser.api.KafkaSerdesTester] (ForkJoinPool.commonPool-worker-3) None found
2025-10-08 13:31:54,380 INFO  [org.apa.kaf.cli.con.int.ConsumerCoordinator] (ForkJoinPool.commonPool-worker-3) [Consumer clientId=consumer-Consumer-topic-eafac10b_f473_4f8a_ba4a_d34f09ff7e37-3, groupId=Consumer-topic-eafac10b_f473_4f8a_ba4a_d34f09ff7e37] Successfully joined group with generation Generation{generationId=1, memberId='consumer-Consumer-topic-eafac10b_f473_4f8a_ba4a_d34f09ff7e37-3-eb06a706-7f32-4e7c-8379-355061c5cea4', protocol='range'}
2025-10-08 13:31:54,380 INFO  [org.apa.kaf.cli.con.int.ConsumerCoordinator] (ForkJoinPool.commonPool-worker-3) [Consumer clientId=consumer-Consumer-topic-eafac10b_f473_4f8a_ba4a_d34f09ff7e37-3, groupId=Consumer-topic-eafac10b_f473_4f8a_ba4a_d34f09ff7e37] Finished assignment for group at generation 1: {consumer-Consumer-topic-eafac10b_f473_4f8a_ba4a_d34f09ff7e37-3-eb06a706-7f32-4e7c-8379-355061c5cea4=Assignment(partitions=[topic-eafac10b_f473_4f8a_ba4a_d34f09ff7e37-0])}
2025-10-08 13:31:54,387 INFO  [org.apa.kaf.cli.con.int.ConsumerCoordinator] (ForkJoinPool.commonPool-worker-3) [Consumer clientId=consumer-Consumer-topic-eafac10b_f473_4f8a_ba4a_d34f09ff7e37-3, groupId=Consumer-topic-eafac10b_f473_4f8a_ba4a_d34f09ff7e37] Successfully synced group in generation Generation{generationId=1, memberId='consumer-Consumer-topic-eafac10b_f473_4f8a_ba4a_d34f09ff7e37-3-eb06a706-7f32-4e7c-8379-355061c5cea4', protocol='range'}
2025-10-08 13:31:54,388 INFO  [org.apa.kaf.cli.con.int.ConsumerCoordinator] (ForkJoinPool.commonPool-worker-3) [Consumer clientId=consumer-Consumer-topic-eafac10b_f473_4f8a_ba4a_d34f09ff7e37-3, groupId=Consumer-topic-eafac10b_f473_4f8a_ba4a_d34f09ff7e37] Notifying assignor about the new Assignment(partitions=[topic-eafac10b_f473_4f8a_ba4a_d34f09ff7e37-0])
2025-10-08 13:31:54,388 INFO  [org.apa.kaf.cli.con.int.ConsumerRebalanceListenerInvoker] (ForkJoinPool.commonPool-worker-3) [Consumer clientId=consumer-Consumer-topic-eafac10b_f473_4f8a_ba4a_d34f09ff7e37-3, groupId=Consumer-topic-eafac10b_f473_4f8a_ba4a_d34f09ff7e37] Adding newly assigned partitions: topic-eafac10b_f473_4f8a_ba4a_d34f09ff7e37-0
2025-10-08 13:31:54,389 INFO  [org.apa.kaf.cli.con.int.ConsumerCoordinator] (ForkJoinPool.commonPool-worker-3) [Consumer clientId=consumer-Consumer-topic-eafac10b_f473_4f8a_ba4a_d34f09ff7e37-3, groupId=Consumer-topic-eafac10b_f473_4f8a_ba4a_d34f09ff7e37] Found no committed offset for partition topic-eafac10b_f473_4f8a_ba4a_d34f09ff7e37-0
2025-10-08 13:31:54,393 INFO  [org.apa.kaf.cli.con.int.SubscriptionState] (ForkJoinPool.commonPool-worker-3) [Consumer clientId=consumer-Consumer-topic-eafac10b_f473_4f8a_ba4a_d34f09ff7e37-3, groupId=Consumer-topic-eafac10b_f473_4f8a_ba4a_d34f09ff7e37] Resetting offset for partition topic-eafac10b_f473_4f8a_ba4a_d34f09ff7e37-0 to position FetchPosition{offset=0, offsetEpoch=Optional.empty, currentLeader=LeaderAndEpoch{leader=Optional[localhost:32769 (id: 0 rack: null)], epoch=0}}.
2025-10-08 13:31:54,493 INFO  [io.api.tes.ser.api.KafkaSerdesTester] (ForkJoinPool.commonPool-worker-3) topic-eafac10b_f473_4f8a_ba4a_d34f09ff7e37 0 0 {"bar": "value-0"}
2025-10-08 13:31:54,493 INFO  [io.api.tes.ser.api.KafkaSerdesTester] (ForkJoinPool.commonPool-worker-3) topic-eafac10b_f473_4f8a_ba4a_d34f09ff7e37 0 1 {"bar": "value-1"}
2025-10-08 13:31:54,493 INFO  [io.api.tes.ser.api.KafkaSerdesTester] (ForkJoinPool.commonPool-worker-3) topic-eafac10b_f473_4f8a_ba4a_d34f09ff7e37 0 2 {"bar": "value-2"}
2025-10-08 13:31:54,494 INFO  [io.api.tes.ser.api.KafkaSerdesTester] (ForkJoinPool.commonPool-worker-3) topic-eafac10b_f473_4f8a_ba4a_d34f09ff7e37 0 3 {"bar": "value-3"}
2025-10-08 13:31:54,494 INFO  [io.api.tes.ser.api.KafkaSerdesTester] (ForkJoinPool.commonPool-worker-3) topic-eafac10b_f473_4f8a_ba4a_d34f09ff7e37 0 4 {"bar": "value-4"}
2025-10-08 13:31:54,494 INFO  [io.api.tes.ser.api.KafkaSerdesTester] (ForkJoinPool.commonPool-worker-3) topic-eafac10b_f473_4f8a_ba4a_d34f09ff7e37 0 5 {"bar": "value-5"}
2025-10-08 13:31:54,494 INFO  [io.api.tes.ser.api.KafkaSerdesTester] (ForkJoinPool.commonPool-worker-3) topic-eafac10b_f473_4f8a_ba4a_d34f09ff7e37 0 6 {"bar": "value-6"}
2025-10-08 13:31:54,494 INFO  [io.api.tes.ser.api.KafkaSerdesTester] (ForkJoinPool.commonPool-worker-3) topic-eafac10b_f473_4f8a_ba4a_d34f09ff7e37 0 7 {"bar": "value-7"}
2025-10-08 13:31:54,494 INFO  [io.api.tes.ser.api.KafkaSerdesTester] (ForkJoinPool.commonPool-worker-3) topic-eafac10b_f473_4f8a_ba4a_d34f09ff7e37 0 8 {"bar": "value-8"}
2025-10-08 13:31:54,494 INFO  [io.api.tes.ser.api.KafkaSerdesTester] (ForkJoinPool.commonPool-worker-3) topic-eafac10b_f473_4f8a_ba4a_d34f09ff7e37 0 9 {"bar": "value-9"}
2025-10-08 13:31:54,494 INFO  [io.api.tes.ser.api.KafkaSerdesTester] (ForkJoinPool.commonPool-worker-3) Consumed 10 messages
2025-10-08 13:31:54,501 INFO  [org.apa.kaf.cli.con.int.ConsumerRebalanceListenerInvoker] (ForkJoinPool.commonPool-worker-3) [Consumer clientId=consumer-Consumer-topic-eafac10b_f473_4f8a_ba4a_d34f09ff7e37-3, groupId=Consumer-topic-eafac10b_f473_4f8a_ba4a_d34f09ff7e37] Revoke previously assigned partitions topic-eafac10b_f473_4f8a_ba4a_d34f09ff7e37-0
2025-10-08 13:31:54,501 INFO  [org.apa.kaf.cli.con.int.ConsumerCoordinator] (ForkJoinPool.commonPool-worker-3) [Consumer clientId=consumer-Consumer-topic-eafac10b_f473_4f8a_ba4a_d34f09ff7e37-3, groupId=Consumer-topic-eafac10b_f473_4f8a_ba4a_d34f09ff7e37] Member consumer-Consumer-topic-eafac10b_f473_4f8a_ba4a_d34f09ff7e37-3-eb06a706-7f32-4e7c-8379-355061c5cea4 sending LeaveGroup request to coordinator localhost:32769 (id: 2147483647 rack: null) due to the consumer is being closed
2025-10-08 13:31:54,502 INFO  [org.apa.kaf.cli.con.int.ConsumerCoordinator] (ForkJoinPool.commonPool-worker-3) [Consumer clientId=consumer-Consumer-topic-eafac10b_f473_4f8a_ba4a_d34f09ff7e37-3, groupId=Consumer-topic-eafac10b_f473_4f8a_ba4a_d34f09ff7e37] Resetting generation and member id due to: consumer pro-actively leaving the group
2025-10-08 13:31:54,502 INFO  [org.apa.kaf.cli.con.int.ConsumerCoordinator] (ForkJoinPool.commonPool-worker-3) [Consumer clientId=consumer-Consumer-topic-eafac10b_f473_4f8a_ba4a_d34f09ff7e37-3, groupId=Consumer-topic-eafac10b_f473_4f8a_ba4a_d34f09ff7e37] Request joining group due to: consumer pro-actively leaving the group
2025-10-08 13:31:54,996 INFO  [org.apa.kaf.com.met.Metrics] (ForkJoinPool.commonPool-worker-3) Metrics scheduler closed
2025-10-08 13:31:54,996 INFO  [org.apa.kaf.com.met.Metrics] (ForkJoinPool.commonPool-worker-3) Closing reporter org.apache.kafka.common.metrics.JmxReporter
2025-10-08 13:31:54,996 INFO  [org.apa.kaf.com.met.Metrics] (ForkJoinPool.commonPool-worker-3) Closing reporter org.apache.kafka.common.telemetry.internals.ClientTelemetryReporter
2025-10-08 13:31:54,996 INFO  [org.apa.kaf.com.met.Metrics] (ForkJoinPool.commonPool-worker-3) Metrics reporters closed
2025-10-08 13:31:54,998 INFO  [org.apa.kaf.com.uti.AppInfoParser] (ForkJoinPool.commonPool-worker-3) App info kafka.consumer for consumer-Consumer-topic-eafac10b_f473_4f8a_ba4a_d34f09ff7e37-3 unregistered
2025-10-08 13:31:54,998 INFO  [io.api.tes.uti.TestSeparator] (main) io.apicurio.tests.serdes.apicurio.AvroSerdeIT.testAvroJSON-FINISHED
2025-10-08 13:31:54,998 INFO  [io.api.tes.uti.TestSeparator] (main) ############################################################################
Test passed: testAvroJSON
]]></system-out>
  </testcase>
  <testcase name="testTopicIdStrategyAutoRegister" classname="io.apicurio.tests.serdes.apicurio.AvroSerdeIT" time="4.042">
    <system-out><![CDATA[2025-10-08 13:31:55,000 INFO  [io.api.tes.uti.TestSeparator] (main) ############################################################################
2025-10-08 13:31:55,000 INFO  [io.api.tes.uti.TestSeparator] (main) io.apicurio.tests.serdes.apicurio.AvroSerdeIT.testTopicIdStrategyAutoRegister-STARTED
**** Registry Base URL: http://registry-app-ksql047.apps.ci419.apicurio-testing.org:80
2025-10-08 13:31:55,002 INFO  [org.apa.kaf.cli.pro.ProducerConfig] (main) ProducerConfig values: 
	acks = -1
	auto.include.jmx.reporter = true
	batch.size = 16384
	bootstrap.servers = [PLAINTEXT://localhost:32769]
	buffer.memory = 33554432
	client.dns.lookup = use_all_dns_ips
	client.id = Producer-topic-2f171546_bb5a_4f8a_857e_5076becb3362
	compression.gzip.level = -1
	compression.lz4.level = 9
	compression.type = none
	compression.zstd.level = 3
	connections.max.idle.ms = 10000
	delivery.timeout.ms = 120000
	enable.idempotence = true
	enable.metrics.push = true
	interceptor.classes = []
	key.serializer = class org.apache.kafka.common.serialization.StringSerializer
	linger.ms = 0
	max.block.ms = 60000
	max.in.flight.requests.per.connection = 5
	max.request.size = 1048576
	metadata.max.age.ms = 300000
	metadata.max.idle.ms = 300000
	metadata.recovery.strategy = none
	metric.reporters = []
	metrics.num.samples = 2
	metrics.recording.level = INFO
	metrics.sample.window.ms = 30000
	partitioner.adaptive.partitioning.enable = true
	partitioner.availability.timeout.ms = 0
	partitioner.class = null
	partitioner.ignore.keys = false
	receive.buffer.bytes = 32768
	reconnect.backoff.max.ms = 1000
	reconnect.backoff.ms = 50
	request.timeout.ms = 5000
	retries = 2147483647
	retry.backoff.max.ms = 1000
	retry.backoff.ms = 100
	sasl.client.callback.handler.class = null
	sasl.jaas.config = null
	sasl.kerberos.kinit.cmd = /usr/bin/kinit
	sasl.kerberos.min.time.before.relogin = 60000
	sasl.kerberos.service.name = null
	sasl.kerberos.ticket.renew.jitter = 0.05
	sasl.kerberos.ticket.renew.window.factor = 0.8
	sasl.login.callback.handler.class = null
	sasl.login.class = null
	sasl.login.connect.timeout.ms = null
	sasl.login.read.timeout.ms = null
	sasl.login.refresh.buffer.seconds = 300
	sasl.login.refresh.min.period.seconds = 60
	sasl.login.refresh.window.factor = 0.8
	sasl.login.refresh.window.jitter = 0.05
	sasl.login.retry.backoff.max.ms = 10000
	sasl.login.retry.backoff.ms = 100
	sasl.mechanism = GSSAPI
	sasl.oauthbearer.clock.skew.seconds = 30
	sasl.oauthbearer.expected.audience = null
	sasl.oauthbearer.expected.issuer = null
	sasl.oauthbearer.header.urlencode = false
	sasl.oauthbearer.jwks.endpoint.refresh.ms = 3600000
	sasl.oauthbearer.jwks.endpoint.retry.backoff.max.ms = 10000
	sasl.oauthbearer.jwks.endpoint.retry.backoff.ms = 100
	sasl.oauthbearer.jwks.endpoint.url = null
	sasl.oauthbearer.scope.claim.name = scope
	sasl.oauthbearer.sub.claim.name = sub
	sasl.oauthbearer.token.endpoint.url = null
	security.protocol = PLAINTEXT
	security.providers = null
	send.buffer.bytes = 131072
	socket.connection.setup.timeout.max.ms = 30000
	socket.connection.setup.timeout.ms = 10000
	ssl.cipher.suites = null
	ssl.enabled.protocols = [TLSv1.2, TLSv1.3]
	ssl.endpoint.identification.algorithm = https
	ssl.engine.factory.class = null
	ssl.key.password = null
	ssl.keymanager.algorithm = SunX509
	ssl.keystore.certificate.chain = null
	ssl.keystore.key = null
	ssl.keystore.location = null
	ssl.keystore.password = null
	ssl.keystore.type = JKS
	ssl.protocol = TLSv1.3
	ssl.provider = null
	ssl.secure.random.implementation = null
	ssl.trustmanager.algorithm = PKIX
	ssl.truststore.certificates = null
	ssl.truststore.location = null
	ssl.truststore.password = null
	ssl.truststore.type = JKS
	transaction.timeout.ms = 60000
	transactional.id = null
	value.serializer = class io.apicurio.registry.serde.avro.AvroKafkaSerializer

2025-10-08 13:31:55,003 INFO  [org.apa.kaf.com.tel.int.KafkaMetricsCollector] (main) initializing Kafka metrics collector
2025-10-08 13:31:55,006 INFO  [org.apa.kaf.cli.pro.KafkaProducer] (main) [Producer clientId=Producer-topic-2f171546_bb5a_4f8a_857e_5076becb3362] Instantiated an idempotent producer.
2025-10-08 13:31:55,010 INFO  [org.apa.kaf.cli.pro.ProducerConfig] (main) These configurations '[apicurio.registry.url, apicurio.registry.auto-register, apicurio.registry.artifact-resolver-strategy]' were supplied but are not used yet.
2025-10-08 13:31:55,010 INFO  [org.apa.kaf.com.uti.AppInfoParser] (main) Kafka version: 3.9.1
2025-10-08 13:31:55,010 INFO  [org.apa.kaf.com.uti.AppInfoParser] (main) Kafka commitId: f745dfdcee2b9851
2025-10-08 13:31:55,010 INFO  [org.apa.kaf.com.uti.AppInfoParser] (main) Kafka startTimeMs: 1759930315010
2025-10-08 13:31:55,010 INFO  [io.api.tes.ser.api.SimpleSerdesTesterBuilder$SimpleSerdesTester] (main) Using producer configuration: {apicurio.registry.url=http://registry-app-ksql047.apps.ci419.apicurio-testing.org:80/apis/registry/v3, apicurio.registry.auto-register=true, apicurio.registry.artifact-resolver-strategy=io.apicurio.registry.serde.strategy.TopicIdStrategy, value.serializer=io.apicurio.registry.serde.avro.AvroKafkaSerializer, request.timeout.ms=5000, acks=all, bootstrap.servers=PLAINTEXT://localhost:32769, connections.max.idle.ms=10000, key.serializer=org.apache.kafka.common.serialization.StringSerializer, client.id=Producer-topic-2f171546_bb5a_4f8a_857e_5076becb3362}
2025-10-08 13:31:55,010 INFO  [io.api.tes.ser.api.SimpleSerdesTesterBuilder$SimpleSerdesTester] (main) Using consumer configuration: {}
2025-10-08 13:31:55,011 INFO  [io.api.tes.ser.api.KafkaSerdesTester] (ForkJoinPool.commonPool-worker-3) Sending message {"key11759930315000": "value-0"} to topic topic-2f171546_bb5a_4f8a_857e_5076becb3362
2025-10-08 13:31:55,016 WARN  [org.apa.kaf.cli.NetworkClient] (kafka-producer-network-thread | Producer-topic-2f171546_bb5a_4f8a_857e_5076becb3362) [Producer clientId=Producer-topic-2f171546_bb5a_4f8a_857e_5076becb3362] The metadata response from the cluster reported a recoverable issue with correlation id 1 : {topic-2f171546_bb5a_4f8a_857e_5076becb3362=UNKNOWN_TOPIC_OR_PARTITION}
2025-10-08 13:31:55,017 INFO  [org.apa.kaf.cli.Metadata] (kafka-producer-network-thread | Producer-topic-2f171546_bb5a_4f8a_857e_5076becb3362) [Producer clientId=Producer-topic-2f171546_bb5a_4f8a_857e_5076becb3362] Cluster ID: SVjZkHnAQ8mYJ12eIV0raA
2025-10-08 13:31:55,018 INFO  [org.apa.kaf.cli.pro.int.TransactionManager] (kafka-producer-network-thread | Producer-topic-2f171546_bb5a_4f8a_857e_5076becb3362) [Producer clientId=Producer-topic-2f171546_bb5a_4f8a_857e_5076becb3362] ProducerId set to 4 with epoch 0
2025-10-08 13:31:55,250 INFO  [io.api.tes.ser.api.KafkaSerdesTester] (ForkJoinPool.commonPool-worker-3) Sending message {"key11759930315000": "value-1"} to topic topic-2f171546_bb5a_4f8a_857e_5076becb3362
2025-10-08 13:31:55,254 INFO  [io.api.tes.ser.api.KafkaSerdesTester] (ForkJoinPool.commonPool-worker-3) Sending message {"key11759930315000": "value-2"} to topic topic-2f171546_bb5a_4f8a_857e_5076becb3362
2025-10-08 13:31:55,256 INFO  [io.api.tes.ser.api.KafkaSerdesTester] (ForkJoinPool.commonPool-worker-3) Sending message {"key11759930315000": "value-3"} to topic topic-2f171546_bb5a_4f8a_857e_5076becb3362
2025-10-08 13:31:55,258 INFO  [io.api.tes.ser.api.KafkaSerdesTester] (ForkJoinPool.commonPool-worker-3) Sending message {"key11759930315000": "value-4"} to topic topic-2f171546_bb5a_4f8a_857e_5076becb3362
2025-10-08 13:31:55,260 INFO  [io.api.tes.ser.api.KafkaSerdesTester] (ForkJoinPool.commonPool-worker-3) Sending message {"key11759930315000": "value-5"} to topic topic-2f171546_bb5a_4f8a_857e_5076becb3362
2025-10-08 13:31:55,261 INFO  [io.api.tes.ser.api.KafkaSerdesTester] (ForkJoinPool.commonPool-worker-3) Sending message {"key11759930315000": "value-6"} to topic topic-2f171546_bb5a_4f8a_857e_5076becb3362
2025-10-08 13:31:55,263 INFO  [io.api.tes.ser.api.KafkaSerdesTester] (ForkJoinPool.commonPool-worker-3) Sending message {"key11759930315000": "value-7"} to topic topic-2f171546_bb5a_4f8a_857e_5076becb3362
2025-10-08 13:31:55,265 INFO  [io.api.tes.ser.api.KafkaSerdesTester] (ForkJoinPool.commonPool-worker-3) Sending message {"key11759930315000": "value-8"} to topic topic-2f171546_bb5a_4f8a_857e_5076becb3362
2025-10-08 13:31:55,266 INFO  [io.api.tes.ser.api.KafkaSerdesTester] (ForkJoinPool.commonPool-worker-3) Sending message {"key11759930315000": "value-9"} to topic topic-2f171546_bb5a_4f8a_857e_5076becb3362
2025-10-08 13:31:55,267 INFO  [io.api.tes.ser.api.KafkaSerdesTester] (ForkJoinPool.commonPool-worker-3) Produced 10 messages
2025-10-08 13:31:55,268 INFO  [org.apa.kaf.cli.pro.KafkaProducer] (ForkJoinPool.commonPool-worker-3) [Producer clientId=Producer-topic-2f171546_bb5a_4f8a_857e_5076becb3362] Closing the Kafka producer with timeoutMillis = 9223372036854775807 ms.
2025-10-08 13:31:55,270 INFO  [org.apa.kaf.com.met.Metrics] (ForkJoinPool.commonPool-worker-3) Metrics scheduler closed
2025-10-08 13:31:55,270 INFO  [org.apa.kaf.com.met.Metrics] (ForkJoinPool.commonPool-worker-3) Closing reporter org.apache.kafka.common.metrics.JmxReporter
2025-10-08 13:31:55,270 INFO  [org.apa.kaf.com.met.Metrics] (ForkJoinPool.commonPool-worker-3) Closing reporter org.apache.kafka.common.telemetry.internals.ClientTelemetryReporter
2025-10-08 13:31:55,270 INFO  [org.apa.kaf.com.met.Metrics] (ForkJoinPool.commonPool-worker-3) Metrics reporters closed
2025-10-08 13:31:55,270 INFO  [org.apa.kaf.com.uti.AppInfoParser] (ForkJoinPool.commonPool-worker-3) App info kafka.producer for Producer-topic-2f171546_bb5a_4f8a_857e_5076becb3362 unregistered
**** Registry Base URL: http://registry-app-ksql047.apps.ci419.apicurio-testing.org:80
2025-10-08 13:31:55,342 INFO  [org.apa.kaf.cli.con.ConsumerConfig] (main) ConsumerConfig values: 
	allow.auto.create.topics = true
	auto.commit.interval.ms = 500
	auto.include.jmx.reporter = true
	auto.offset.reset = earliest
	bootstrap.servers = [PLAINTEXT://localhost:32769]
	check.crcs = true
	client.dns.lookup = use_all_dns_ips
	client.id = consumer-Consumer-topic-2f171546_bb5a_4f8a_857e_5076becb3362-4
	client.rack = 
	connections.max.idle.ms = 10000
	default.api.timeout.ms = 60000
	enable.auto.commit = true
	enable.metrics.push = true
	exclude.internal.topics = true
	fetch.max.bytes = 52428800
	fetch.max.wait.ms = 500
	fetch.min.bytes = 1
	group.id = Consumer-topic-2f171546_bb5a_4f8a_857e_5076becb3362
	group.instance.id = null
	group.protocol = classic
	group.remote.assignor = null
	heartbeat.interval.ms = 3000
	interceptor.classes = []
	internal.leave.group.on.close = true
	internal.throw.on.fetch.stable.offset.unsupported = false
	isolation.level = read_uncommitted
	key.deserializer = class org.apache.kafka.common.serialization.StringDeserializer
	max.partition.fetch.bytes = 1048576
	max.poll.interval.ms = 300000
	max.poll.records = 500
	metadata.max.age.ms = 300000
	metadata.recovery.strategy = none
	metric.reporters = []
	metrics.num.samples = 2
	metrics.recording.level = INFO
	metrics.sample.window.ms = 30000
	partition.assignment.strategy = [class org.apache.kafka.clients.consumer.RangeAssignor, class org.apache.kafka.clients.consumer.CooperativeStickyAssignor]
	receive.buffer.bytes = 65536
	reconnect.backoff.max.ms = 1000
	reconnect.backoff.ms = 50
	request.timeout.ms = 5000
	retry.backoff.max.ms = 1000
	retry.backoff.ms = 100
	sasl.client.callback.handler.class = null
	sasl.jaas.config = null
	sasl.kerberos.kinit.cmd = /usr/bin/kinit
	sasl.kerberos.min.time.before.relogin = 60000
	sasl.kerberos.service.name = null
	sasl.kerberos.ticket.renew.jitter = 0.05
	sasl.kerberos.ticket.renew.window.factor = 0.8
	sasl.login.callback.handler.class = null
	sasl.login.class = null
	sasl.login.connect.timeout.ms = null
	sasl.login.read.timeout.ms = null
	sasl.login.refresh.buffer.seconds = 300
	sasl.login.refresh.min.period.seconds = 60
	sasl.login.refresh.window.factor = 0.8
	sasl.login.refresh.window.jitter = 0.05
	sasl.login.retry.backoff.max.ms = 10000
	sasl.login.retry.backoff.ms = 100
	sasl.mechanism = GSSAPI
	sasl.oauthbearer.clock.skew.seconds = 30
	sasl.oauthbearer.expected.audience = null
	sasl.oauthbearer.expected.issuer = null
	sasl.oauthbearer.header.urlencode = false
	sasl.oauthbearer.jwks.endpoint.refresh.ms = 3600000
	sasl.oauthbearer.jwks.endpoint.retry.backoff.max.ms = 10000
	sasl.oauthbearer.jwks.endpoint.retry.backoff.ms = 100
	sasl.oauthbearer.jwks.endpoint.url = null
	sasl.oauthbearer.scope.claim.name = scope
	sasl.oauthbearer.sub.claim.name = sub
	sasl.oauthbearer.token.endpoint.url = null
	security.protocol = PLAINTEXT
	security.providers = null
	send.buffer.bytes = 131072
	session.timeout.ms = 45000
	socket.connection.setup.timeout.max.ms = 30000
	socket.connection.setup.timeout.ms = 10000
	ssl.cipher.suites = null
	ssl.enabled.protocols = [TLSv1.2, TLSv1.3]
	ssl.endpoint.identification.algorithm = https
	ssl.engine.factory.class = null
	ssl.key.password = null
	ssl.keymanager.algorithm = SunX509
	ssl.keystore.certificate.chain = null
	ssl.keystore.key = null
	ssl.keystore.location = null
	ssl.keystore.password = null
	ssl.keystore.type = JKS
	ssl.protocol = TLSv1.3
	ssl.provider = null
	ssl.secure.random.implementation = null
	ssl.trustmanager.algorithm = PKIX
	ssl.truststore.certificates = null
	ssl.truststore.location = null
	ssl.truststore.password = null
	ssl.truststore.type = JKS
	value.deserializer = class io.apicurio.registry.serde.avro.AvroKafkaDeserializer

2025-10-08 13:31:55,343 INFO  [org.apa.kaf.com.tel.int.KafkaMetricsCollector] (main) initializing Kafka metrics collector
2025-10-08 13:31:55,349 INFO  [org.apa.kaf.cli.con.ConsumerConfig] (main) These configurations '[apicurio.registry.url]' were supplied but are not used yet.
2025-10-08 13:31:55,349 INFO  [org.apa.kaf.com.uti.AppInfoParser] (main) Kafka version: 3.9.1
2025-10-08 13:31:55,349 INFO  [org.apa.kaf.com.uti.AppInfoParser] (main) Kafka commitId: f745dfdcee2b9851
2025-10-08 13:31:55,349 INFO  [org.apa.kaf.com.uti.AppInfoParser] (main) Kafka startTimeMs: 1759930315349
2025-10-08 13:31:55,350 INFO  [org.apa.kaf.cli.con.int.ClassicKafkaConsumer] (ForkJoinPool.commonPool-worker-3) [Consumer clientId=consumer-Consumer-topic-2f171546_bb5a_4f8a_857e_5076becb3362-4, groupId=Consumer-topic-2f171546_bb5a_4f8a_857e_5076becb3362] Subscribed to topic(s): topic-2f171546_bb5a_4f8a_857e_5076becb3362
2025-10-08 13:31:55,354 INFO  [org.apa.kaf.cli.Metadata] (ForkJoinPool.commonPool-worker-3) [Consumer clientId=consumer-Consumer-topic-2f171546_bb5a_4f8a_857e_5076becb3362-4, groupId=Consumer-topic-2f171546_bb5a_4f8a_857e_5076becb3362] Cluster ID: SVjZkHnAQ8mYJ12eIV0raA
2025-10-08 13:31:55,356 INFO  [org.apa.kaf.cli.con.int.ConsumerCoordinator] (ForkJoinPool.commonPool-worker-3) [Consumer clientId=consumer-Consumer-topic-2f171546_bb5a_4f8a_857e_5076becb3362-4, groupId=Consumer-topic-2f171546_bb5a_4f8a_857e_5076becb3362] Discovered group coordinator localhost:32769 (id: 2147483647 rack: null)
2025-10-08 13:31:55,359 INFO  [org.apa.kaf.cli.con.int.ConsumerCoordinator] (ForkJoinPool.commonPool-worker-3) [Consumer clientId=consumer-Consumer-topic-2f171546_bb5a_4f8a_857e_5076becb3362-4, groupId=Consumer-topic-2f171546_bb5a_4f8a_857e_5076becb3362] (Re-)joining group
2025-10-08 13:31:55,361 INFO  [org.apa.kaf.cli.con.int.ConsumerCoordinator] (ForkJoinPool.commonPool-worker-3) [Consumer clientId=consumer-Consumer-topic-2f171546_bb5a_4f8a_857e_5076becb3362-4, groupId=Consumer-topic-2f171546_bb5a_4f8a_857e_5076becb3362] Request joining group due to: need to re-join with the given member-id: consumer-Consumer-topic-2f171546_bb5a_4f8a_857e_5076becb3362-4-7cb445d1-41b7-4b28-b5e2-f6968890c58e
2025-10-08 13:31:55,361 INFO  [org.apa.kaf.cli.con.int.ConsumerCoordinator] (ForkJoinPool.commonPool-worker-3) [Consumer clientId=consumer-Consumer-topic-2f171546_bb5a_4f8a_857e_5076becb3362-4, groupId=Consumer-topic-2f171546_bb5a_4f8a_857e_5076becb3362] (Re-)joining group
2025-10-08 13:31:56,351 INFO  [io.api.tes.ser.api.KafkaSerdesTester] (ForkJoinPool.commonPool-worker-3) None found
2025-10-08 13:31:57,351 INFO  [io.api.tes.ser.api.KafkaSerdesTester] (ForkJoinPool.commonPool-worker-3) None found
2025-10-08 13:31:58,351 INFO  [io.api.tes.ser.api.KafkaSerdesTester] (ForkJoinPool.commonPool-worker-3) None found
2025-10-08 13:31:58,363 INFO  [org.apa.kaf.cli.con.int.ConsumerCoordinator] (ForkJoinPool.commonPool-worker-3) [Consumer clientId=consumer-Consumer-topic-2f171546_bb5a_4f8a_857e_5076becb3362-4, groupId=Consumer-topic-2f171546_bb5a_4f8a_857e_5076becb3362] Successfully joined group with generation Generation{generationId=1, memberId='consumer-Consumer-topic-2f171546_bb5a_4f8a_857e_5076becb3362-4-7cb445d1-41b7-4b28-b5e2-f6968890c58e', protocol='range'}
2025-10-08 13:31:58,363 INFO  [org.apa.kaf.cli.con.int.ConsumerCoordinator] (ForkJoinPool.commonPool-worker-3) [Consumer clientId=consumer-Consumer-topic-2f171546_bb5a_4f8a_857e_5076becb3362-4, groupId=Consumer-topic-2f171546_bb5a_4f8a_857e_5076becb3362] Finished assignment for group at generation 1: {consumer-Consumer-topic-2f171546_bb5a_4f8a_857e_5076becb3362-4-7cb445d1-41b7-4b28-b5e2-f6968890c58e=Assignment(partitions=[topic-2f171546_bb5a_4f8a_857e_5076becb3362-0])}
2025-10-08 13:31:58,370 INFO  [org.apa.kaf.cli.con.int.ConsumerCoordinator] (ForkJoinPool.commonPool-worker-3) [Consumer clientId=consumer-Consumer-topic-2f171546_bb5a_4f8a_857e_5076becb3362-4, groupId=Consumer-topic-2f171546_bb5a_4f8a_857e_5076becb3362] Successfully synced group in generation Generation{generationId=1, memberId='consumer-Consumer-topic-2f171546_bb5a_4f8a_857e_5076becb3362-4-7cb445d1-41b7-4b28-b5e2-f6968890c58e', protocol='range'}
2025-10-08 13:31:58,371 INFO  [org.apa.kaf.cli.con.int.ConsumerCoordinator] (ForkJoinPool.commonPool-worker-3) [Consumer clientId=consumer-Consumer-topic-2f171546_bb5a_4f8a_857e_5076becb3362-4, groupId=Consumer-topic-2f171546_bb5a_4f8a_857e_5076becb3362] Notifying assignor about the new Assignment(partitions=[topic-2f171546_bb5a_4f8a_857e_5076becb3362-0])
2025-10-08 13:31:58,371 INFO  [org.apa.kaf.cli.con.int.ConsumerRebalanceListenerInvoker] (ForkJoinPool.commonPool-worker-3) [Consumer clientId=consumer-Consumer-topic-2f171546_bb5a_4f8a_857e_5076becb3362-4, groupId=Consumer-topic-2f171546_bb5a_4f8a_857e_5076becb3362] Adding newly assigned partitions: topic-2f171546_bb5a_4f8a_857e_5076becb3362-0
2025-10-08 13:31:58,372 INFO  [org.apa.kaf.cli.con.int.ConsumerCoordinator] (ForkJoinPool.commonPool-worker-3) [Consumer clientId=consumer-Consumer-topic-2f171546_bb5a_4f8a_857e_5076becb3362-4, groupId=Consumer-topic-2f171546_bb5a_4f8a_857e_5076becb3362] Found no committed offset for partition topic-2f171546_bb5a_4f8a_857e_5076becb3362-0
2025-10-08 13:31:58,376 INFO  [org.apa.kaf.cli.con.int.SubscriptionState] (ForkJoinPool.commonPool-worker-3) [Consumer clientId=consumer-Consumer-topic-2f171546_bb5a_4f8a_857e_5076becb3362-4, groupId=Consumer-topic-2f171546_bb5a_4f8a_857e_5076becb3362] Resetting offset for partition topic-2f171546_bb5a_4f8a_857e_5076becb3362-0 to position FetchPosition{offset=0, offsetEpoch=Optional.empty, currentLeader=LeaderAndEpoch{leader=Optional[localhost:32769 (id: 0 rack: null)], epoch=0}}.
2025-10-08 13:31:58,471 INFO  [io.api.tes.ser.api.KafkaSerdesTester] (ForkJoinPool.commonPool-worker-3) topic-2f171546_bb5a_4f8a_857e_5076becb3362 0 0 {"key11759930315000": "value-0"}
2025-10-08 13:31:58,471 INFO  [io.api.tes.ser.api.KafkaSerdesTester] (ForkJoinPool.commonPool-worker-3) topic-2f171546_bb5a_4f8a_857e_5076becb3362 0 1 {"key11759930315000": "value-1"}
2025-10-08 13:31:58,471 INFO  [io.api.tes.ser.api.KafkaSerdesTester] (ForkJoinPool.commonPool-worker-3) topic-2f171546_bb5a_4f8a_857e_5076becb3362 0 2 {"key11759930315000": "value-2"}
2025-10-08 13:31:58,471 INFO  [io.api.tes.ser.api.KafkaSerdesTester] (ForkJoinPool.commonPool-worker-3) topic-2f171546_bb5a_4f8a_857e_5076becb3362 0 3 {"key11759930315000": "value-3"}
2025-10-08 13:31:58,471 INFO  [io.api.tes.ser.api.KafkaSerdesTester] (ForkJoinPool.commonPool-worker-3) topic-2f171546_bb5a_4f8a_857e_5076becb3362 0 4 {"key11759930315000": "value-4"}
2025-10-08 13:31:58,472 INFO  [io.api.tes.ser.api.KafkaSerdesTester] (ForkJoinPool.commonPool-worker-3) topic-2f171546_bb5a_4f8a_857e_5076becb3362 0 5 {"key11759930315000": "value-5"}
2025-10-08 13:31:58,472 INFO  [io.api.tes.ser.api.KafkaSerdesTester] (ForkJoinPool.commonPool-worker-3) topic-2f171546_bb5a_4f8a_857e_5076becb3362 0 6 {"key11759930315000": "value-6"}
2025-10-08 13:31:58,472 INFO  [io.api.tes.ser.api.KafkaSerdesTester] (ForkJoinPool.commonPool-worker-3) topic-2f171546_bb5a_4f8a_857e_5076becb3362 0 7 {"key11759930315000": "value-7"}
2025-10-08 13:31:58,472 INFO  [io.api.tes.ser.api.KafkaSerdesTester] (ForkJoinPool.commonPool-worker-3) topic-2f171546_bb5a_4f8a_857e_5076becb3362 0 8 {"key11759930315000": "value-8"}
2025-10-08 13:31:58,472 INFO  [io.api.tes.ser.api.KafkaSerdesTester] (ForkJoinPool.commonPool-worker-3) topic-2f171546_bb5a_4f8a_857e_5076becb3362 0 9 {"key11759930315000": "value-9"}
2025-10-08 13:31:58,472 INFO  [io.api.tes.ser.api.KafkaSerdesTester] (ForkJoinPool.commonPool-worker-3) Consumed 10 messages
2025-10-08 13:31:58,479 INFO  [org.apa.kaf.cli.con.int.ConsumerRebalanceListenerInvoker] (ForkJoinPool.commonPool-worker-3) [Consumer clientId=consumer-Consumer-topic-2f171546_bb5a_4f8a_857e_5076becb3362-4, groupId=Consumer-topic-2f171546_bb5a_4f8a_857e_5076becb3362] Revoke previously assigned partitions topic-2f171546_bb5a_4f8a_857e_5076becb3362-0
2025-10-08 13:31:58,479 INFO  [org.apa.kaf.cli.con.int.ConsumerCoordinator] (ForkJoinPool.commonPool-worker-3) [Consumer clientId=consumer-Consumer-topic-2f171546_bb5a_4f8a_857e_5076becb3362-4, groupId=Consumer-topic-2f171546_bb5a_4f8a_857e_5076becb3362] Member consumer-Consumer-topic-2f171546_bb5a_4f8a_857e_5076becb3362-4-7cb445d1-41b7-4b28-b5e2-f6968890c58e sending LeaveGroup request to coordinator localhost:32769 (id: 2147483647 rack: null) due to the consumer is being closed
2025-10-08 13:31:58,480 INFO  [org.apa.kaf.cli.con.int.ConsumerCoordinator] (ForkJoinPool.commonPool-worker-3) [Consumer clientId=consumer-Consumer-topic-2f171546_bb5a_4f8a_857e_5076becb3362-4, groupId=Consumer-topic-2f171546_bb5a_4f8a_857e_5076becb3362] Resetting generation and member id due to: consumer pro-actively leaving the group
2025-10-08 13:31:58,480 INFO  [org.apa.kaf.cli.con.int.ConsumerCoordinator] (ForkJoinPool.commonPool-worker-3) [Consumer clientId=consumer-Consumer-topic-2f171546_bb5a_4f8a_857e_5076becb3362-4, groupId=Consumer-topic-2f171546_bb5a_4f8a_857e_5076becb3362] Request joining group due to: consumer pro-actively leaving the group
2025-10-08 13:31:58,974 INFO  [org.apa.kaf.com.met.Metrics] (ForkJoinPool.commonPool-worker-3) Metrics scheduler closed
2025-10-08 13:31:58,974 INFO  [org.apa.kaf.com.met.Metrics] (ForkJoinPool.commonPool-worker-3) Closing reporter org.apache.kafka.common.metrics.JmxReporter
2025-10-08 13:31:58,974 INFO  [org.apa.kaf.com.met.Metrics] (ForkJoinPool.commonPool-worker-3) Closing reporter org.apache.kafka.common.telemetry.internals.ClientTelemetryReporter
2025-10-08 13:31:58,974 INFO  [org.apa.kaf.com.met.Metrics] (ForkJoinPool.commonPool-worker-3) Metrics reporters closed
2025-10-08 13:31:58,976 INFO  [org.apa.kaf.com.uti.AppInfoParser] (ForkJoinPool.commonPool-worker-3) App info kafka.consumer for consumer-Consumer-topic-2f171546_bb5a_4f8a_857e_5076becb3362-4 unregistered
2025-10-08 13:31:59,041 INFO  [io.api.tes.uti.TestSeparator] (main) io.apicurio.tests.serdes.apicurio.AvroSerdeIT.testTopicIdStrategyAutoRegister-FINISHED
2025-10-08 13:31:59,041 INFO  [io.api.tes.uti.TestSeparator] (main) ############################################################################
Test passed: testTopicIdStrategyAutoRegister
]]></system-out>
  </testcase>
  <testcase name="testRecordIdStrategydFindLatest" classname="io.apicurio.tests.serdes.apicurio.AvroSerdeIT" time="4.906">
    <system-out><![CDATA[2025-10-08 13:31:59,042 INFO  [io.api.tes.uti.TestSeparator] (main) ############################################################################
2025-10-08 13:31:59,042 INFO  [io.api.tes.uti.TestSeparator] (main) io.apicurio.tests.serdes.apicurio.AvroSerdeIT.testRecordIdStrategydFindLatest-STARTED
2025-10-08 13:31:59,043 INFO  [io.api.tes.ser.api.AvroSerdeIT] (main) Registering Avro Schema: {"type":"record","name":"sb50f7b27xe385x47f3xaef6xd63fba4f61ed","namespace":"s48162afdxdb6bx433ex8395x91cd0f6bbbe3","fields":[{"name":"key11759930319043","type":"string"}]}
**** Registry Base URL: http://registry-app-ksql047.apps.ci419.apicurio-testing.org:80
2025-10-08 13:32:00,151 INFO  [org.apa.kaf.cli.pro.ProducerConfig] (main) ProducerConfig values: 
	acks = -1
	auto.include.jmx.reporter = true
	batch.size = 16384
	bootstrap.servers = [PLAINTEXT://localhost:32769]
	buffer.memory = 33554432
	client.dns.lookup = use_all_dns_ips
	client.id = Producer-topic-0d1f868b_221e_437c_9d84_cfc454ca9cbe
	compression.gzip.level = -1
	compression.lz4.level = 9
	compression.type = none
	compression.zstd.level = 3
	connections.max.idle.ms = 10000
	delivery.timeout.ms = 120000
	enable.idempotence = true
	enable.metrics.push = true
	interceptor.classes = []
	key.serializer = class org.apache.kafka.common.serialization.StringSerializer
	linger.ms = 0
	max.block.ms = 60000
	max.in.flight.requests.per.connection = 5
	max.request.size = 1048576
	metadata.max.age.ms = 300000
	metadata.max.idle.ms = 300000
	metadata.recovery.strategy = none
	metric.reporters = []
	metrics.num.samples = 2
	metrics.recording.level = INFO
	metrics.sample.window.ms = 30000
	partitioner.adaptive.partitioning.enable = true
	partitioner.availability.timeout.ms = 0
	partitioner.class = null
	partitioner.ignore.keys = false
	receive.buffer.bytes = 32768
	reconnect.backoff.max.ms = 1000
	reconnect.backoff.ms = 50
	request.timeout.ms = 5000
	retries = 2147483647
	retry.backoff.max.ms = 1000
	retry.backoff.ms = 100
	sasl.client.callback.handler.class = null
	sasl.jaas.config = null
	sasl.kerberos.kinit.cmd = /usr/bin/kinit
	sasl.kerberos.min.time.before.relogin = 60000
	sasl.kerberos.service.name = null
	sasl.kerberos.ticket.renew.jitter = 0.05
	sasl.kerberos.ticket.renew.window.factor = 0.8
	sasl.login.callback.handler.class = null
	sasl.login.class = null
	sasl.login.connect.timeout.ms = null
	sasl.login.read.timeout.ms = null
	sasl.login.refresh.buffer.seconds = 300
	sasl.login.refresh.min.period.seconds = 60
	sasl.login.refresh.window.factor = 0.8
	sasl.login.refresh.window.jitter = 0.05
	sasl.login.retry.backoff.max.ms = 10000
	sasl.login.retry.backoff.ms = 100
	sasl.mechanism = GSSAPI
	sasl.oauthbearer.clock.skew.seconds = 30
	sasl.oauthbearer.expected.audience = null
	sasl.oauthbearer.expected.issuer = null
	sasl.oauthbearer.header.urlencode = false
	sasl.oauthbearer.jwks.endpoint.refresh.ms = 3600000
	sasl.oauthbearer.jwks.endpoint.retry.backoff.max.ms = 10000
	sasl.oauthbearer.jwks.endpoint.retry.backoff.ms = 100
	sasl.oauthbearer.jwks.endpoint.url = null
	sasl.oauthbearer.scope.claim.name = scope
	sasl.oauthbearer.sub.claim.name = sub
	sasl.oauthbearer.token.endpoint.url = null
	security.protocol = PLAINTEXT
	security.providers = null
	send.buffer.bytes = 131072
	socket.connection.setup.timeout.max.ms = 30000
	socket.connection.setup.timeout.ms = 10000
	ssl.cipher.suites = null
	ssl.enabled.protocols = [TLSv1.2, TLSv1.3]
	ssl.endpoint.identification.algorithm = https
	ssl.engine.factory.class = null
	ssl.key.password = null
	ssl.keymanager.algorithm = SunX509
	ssl.keystore.certificate.chain = null
	ssl.keystore.key = null
	ssl.keystore.location = null
	ssl.keystore.password = null
	ssl.keystore.type = JKS
	ssl.protocol = TLSv1.3
	ssl.provider = null
	ssl.secure.random.implementation = null
	ssl.trustmanager.algorithm = PKIX
	ssl.truststore.certificates = null
	ssl.truststore.location = null
	ssl.truststore.password = null
	ssl.truststore.type = JKS
	transaction.timeout.ms = 60000
	transactional.id = null
	value.serializer = class io.apicurio.registry.serde.avro.AvroKafkaSerializer

2025-10-08 13:32:00,151 INFO  [org.apa.kaf.com.tel.int.KafkaMetricsCollector] (main) initializing Kafka metrics collector
2025-10-08 13:32:00,155 INFO  [org.apa.kaf.cli.pro.KafkaProducer] (main) [Producer clientId=Producer-topic-0d1f868b_221e_437c_9d84_cfc454ca9cbe] Instantiated an idempotent producer.
2025-10-08 13:32:00,158 INFO  [org.apa.kaf.cli.pro.ProducerConfig] (main) These configurations '[apicurio.registry.find-latest, apicurio.registry.url, apicurio.registry.artifact-resolver-strategy]' were supplied but are not used yet.
2025-10-08 13:32:00,158 INFO  [org.apa.kaf.com.uti.AppInfoParser] (main) Kafka version: 3.9.1
2025-10-08 13:32:00,158 INFO  [org.apa.kaf.com.uti.AppInfoParser] (main) Kafka commitId: f745dfdcee2b9851
2025-10-08 13:32:00,158 INFO  [org.apa.kaf.com.uti.AppInfoParser] (main) Kafka startTimeMs: 1759930320158
2025-10-08 13:32:00,158 INFO  [io.api.tes.ser.api.SimpleSerdesTesterBuilder$SimpleSerdesTester] (main) Using producer configuration: {apicurio.registry.find-latest=true, apicurio.registry.url=http://registry-app-ksql047.apps.ci419.apicurio-testing.org:80/apis/registry/v3, apicurio.registry.artifact-resolver-strategy=io.apicurio.registry.serde.avro.strategy.RecordIdStrategy, value.serializer=io.apicurio.registry.serde.avro.AvroKafkaSerializer, request.timeout.ms=5000, acks=all, bootstrap.servers=PLAINTEXT://localhost:32769, connections.max.idle.ms=10000, key.serializer=org.apache.kafka.common.serialization.StringSerializer, client.id=Producer-topic-0d1f868b_221e_437c_9d84_cfc454ca9cbe}
2025-10-08 13:32:00,158 INFO  [io.api.tes.ser.api.SimpleSerdesTesterBuilder$SimpleSerdesTester] (main) Using consumer configuration: {}
2025-10-08 13:32:00,158 INFO  [io.api.tes.ser.api.KafkaSerdesTester] (ForkJoinPool.commonPool-worker-3) Sending message {"key11759930319043": "value-0"} to topic topic-0d1f868b_221e_437c_9d84_cfc454ca9cbe
2025-10-08 13:32:00,162 INFO  [org.apa.kaf.cli.Metadata] (kafka-producer-network-thread | Producer-topic-0d1f868b_221e_437c_9d84_cfc454ca9cbe) [Producer clientId=Producer-topic-0d1f868b_221e_437c_9d84_cfc454ca9cbe] Cluster ID: SVjZkHnAQ8mYJ12eIV0raA
2025-10-08 13:32:00,162 INFO  [org.apa.kaf.cli.pro.int.TransactionManager] (kafka-producer-network-thread | Producer-topic-0d1f868b_221e_437c_9d84_cfc454ca9cbe) [Producer clientId=Producer-topic-0d1f868b_221e_437c_9d84_cfc454ca9cbe] ProducerId set to 5 with epoch 0
2025-10-08 13:32:00,295 INFO  [io.api.tes.ser.api.KafkaSerdesTester] (ForkJoinPool.commonPool-worker-3) Sending message {"key11759930319043": "value-1"} to topic topic-0d1f868b_221e_437c_9d84_cfc454ca9cbe
2025-10-08 13:32:00,297 INFO  [io.api.tes.ser.api.KafkaSerdesTester] (ForkJoinPool.commonPool-worker-3) Sending message {"key11759930319043": "value-2"} to topic topic-0d1f868b_221e_437c_9d84_cfc454ca9cbe
2025-10-08 13:32:00,299 INFO  [io.api.tes.ser.api.KafkaSerdesTester] (ForkJoinPool.commonPool-worker-3) Sending message {"key11759930319043": "value-3"} to topic topic-0d1f868b_221e_437c_9d84_cfc454ca9cbe
2025-10-08 13:32:00,300 INFO  [io.api.tes.ser.api.KafkaSerdesTester] (ForkJoinPool.commonPool-worker-3) Sending message {"key11759930319043": "value-4"} to topic topic-0d1f868b_221e_437c_9d84_cfc454ca9cbe
2025-10-08 13:32:00,302 INFO  [io.api.tes.ser.api.KafkaSerdesTester] (ForkJoinPool.commonPool-worker-3) Sending message {"key11759930319043": "value-5"} to topic topic-0d1f868b_221e_437c_9d84_cfc454ca9cbe
2025-10-08 13:32:00,304 INFO  [io.api.tes.ser.api.KafkaSerdesTester] (ForkJoinPool.commonPool-worker-3) Sending message {"key11759930319043": "value-6"} to topic topic-0d1f868b_221e_437c_9d84_cfc454ca9cbe
2025-10-08 13:32:00,305 INFO  [io.api.tes.ser.api.KafkaSerdesTester] (ForkJoinPool.commonPool-worker-3) Sending message {"key11759930319043": "value-7"} to topic topic-0d1f868b_221e_437c_9d84_cfc454ca9cbe
2025-10-08 13:32:00,307 INFO  [io.api.tes.ser.api.KafkaSerdesTester] (ForkJoinPool.commonPool-worker-3) Sending message {"key11759930319043": "value-8"} to topic topic-0d1f868b_221e_437c_9d84_cfc454ca9cbe
2025-10-08 13:32:00,309 INFO  [io.api.tes.ser.api.KafkaSerdesTester] (ForkJoinPool.commonPool-worker-3) Sending message {"key11759930319043": "value-9"} to topic topic-0d1f868b_221e_437c_9d84_cfc454ca9cbe
2025-10-08 13:32:00,311 INFO  [io.api.tes.ser.api.KafkaSerdesTester] (ForkJoinPool.commonPool-worker-3) Produced 10 messages
2025-10-08 13:32:00,311 INFO  [org.apa.kaf.cli.pro.KafkaProducer] (ForkJoinPool.commonPool-worker-3) [Producer clientId=Producer-topic-0d1f868b_221e_437c_9d84_cfc454ca9cbe] Closing the Kafka producer with timeoutMillis = 9223372036854775807 ms.
2025-10-08 13:32:00,313 INFO  [org.apa.kaf.com.met.Metrics] (ForkJoinPool.commonPool-worker-3) Metrics scheduler closed
2025-10-08 13:32:00,313 INFO  [org.apa.kaf.com.met.Metrics] (ForkJoinPool.commonPool-worker-3) Closing reporter org.apache.kafka.common.metrics.JmxReporter
2025-10-08 13:32:00,313 INFO  [org.apa.kaf.com.met.Metrics] (ForkJoinPool.commonPool-worker-3) Closing reporter org.apache.kafka.common.telemetry.internals.ClientTelemetryReporter
2025-10-08 13:32:00,313 INFO  [org.apa.kaf.com.met.Metrics] (ForkJoinPool.commonPool-worker-3) Metrics reporters closed
2025-10-08 13:32:00,313 INFO  [org.apa.kaf.com.uti.AppInfoParser] (ForkJoinPool.commonPool-worker-3) App info kafka.producer for Producer-topic-0d1f868b_221e_437c_9d84_cfc454ca9cbe unregistered
**** Registry Base URL: http://registry-app-ksql047.apps.ci419.apicurio-testing.org:80
2025-10-08 13:32:00,314 INFO  [org.apa.kaf.cli.con.ConsumerConfig] (main) ConsumerConfig values: 
	allow.auto.create.topics = true
	auto.commit.interval.ms = 500
	auto.include.jmx.reporter = true
	auto.offset.reset = earliest
	bootstrap.servers = [PLAINTEXT://localhost:32769]
	check.crcs = true
	client.dns.lookup = use_all_dns_ips
	client.id = consumer-Consumer-topic-0d1f868b_221e_437c_9d84_cfc454ca9cbe-5
	client.rack = 
	connections.max.idle.ms = 10000
	default.api.timeout.ms = 60000
	enable.auto.commit = true
	enable.metrics.push = true
	exclude.internal.topics = true
	fetch.max.bytes = 52428800
	fetch.max.wait.ms = 500
	fetch.min.bytes = 1
	group.id = Consumer-topic-0d1f868b_221e_437c_9d84_cfc454ca9cbe
	group.instance.id = null
	group.protocol = classic
	group.remote.assignor = null
	heartbeat.interval.ms = 3000
	interceptor.classes = []
	internal.leave.group.on.close = true
	internal.throw.on.fetch.stable.offset.unsupported = false
	isolation.level = read_uncommitted
	key.deserializer = class org.apache.kafka.common.serialization.StringDeserializer
	max.partition.fetch.bytes = 1048576
	max.poll.interval.ms = 300000
	max.poll.records = 500
	metadata.max.age.ms = 300000
	metadata.recovery.strategy = none
	metric.reporters = []
	metrics.num.samples = 2
	metrics.recording.level = INFO
	metrics.sample.window.ms = 30000
	partition.assignment.strategy = [class org.apache.kafka.clients.consumer.RangeAssignor, class org.apache.kafka.clients.consumer.CooperativeStickyAssignor]
	receive.buffer.bytes = 65536
	reconnect.backoff.max.ms = 1000
	reconnect.backoff.ms = 50
	request.timeout.ms = 5000
	retry.backoff.max.ms = 1000
	retry.backoff.ms = 100
	sasl.client.callback.handler.class = null
	sasl.jaas.config = null
	sasl.kerberos.kinit.cmd = /usr/bin/kinit
	sasl.kerberos.min.time.before.relogin = 60000
	sasl.kerberos.service.name = null
	sasl.kerberos.ticket.renew.jitter = 0.05
	sasl.kerberos.ticket.renew.window.factor = 0.8
	sasl.login.callback.handler.class = null
	sasl.login.class = null
	sasl.login.connect.timeout.ms = null
	sasl.login.read.timeout.ms = null
	sasl.login.refresh.buffer.seconds = 300
	sasl.login.refresh.min.period.seconds = 60
	sasl.login.refresh.window.factor = 0.8
	sasl.login.refresh.window.jitter = 0.05
	sasl.login.retry.backoff.max.ms = 10000
	sasl.login.retry.backoff.ms = 100
	sasl.mechanism = GSSAPI
	sasl.oauthbearer.clock.skew.seconds = 30
	sasl.oauthbearer.expected.audience = null
	sasl.oauthbearer.expected.issuer = null
	sasl.oauthbearer.header.urlencode = false
	sasl.oauthbearer.jwks.endpoint.refresh.ms = 3600000
	sasl.oauthbearer.jwks.endpoint.retry.backoff.max.ms = 10000
	sasl.oauthbearer.jwks.endpoint.retry.backoff.ms = 100
	sasl.oauthbearer.jwks.endpoint.url = null
	sasl.oauthbearer.scope.claim.name = scope
	sasl.oauthbearer.sub.claim.name = sub
	sasl.oauthbearer.token.endpoint.url = null
	security.protocol = PLAINTEXT
	security.providers = null
	send.buffer.bytes = 131072
	session.timeout.ms = 45000
	socket.connection.setup.timeout.max.ms = 30000
	socket.connection.setup.timeout.ms = 10000
	ssl.cipher.suites = null
	ssl.enabled.protocols = [TLSv1.2, TLSv1.3]
	ssl.endpoint.identification.algorithm = https
	ssl.engine.factory.class = null
	ssl.key.password = null
	ssl.keymanager.algorithm = SunX509
	ssl.keystore.certificate.chain = null
	ssl.keystore.key = null
	ssl.keystore.location = null
	ssl.keystore.password = null
	ssl.keystore.type = JKS
	ssl.protocol = TLSv1.3
	ssl.provider = null
	ssl.secure.random.implementation = null
	ssl.trustmanager.algorithm = PKIX
	ssl.truststore.certificates = null
	ssl.truststore.location = null
	ssl.truststore.password = null
	ssl.truststore.type = JKS
	value.deserializer = class io.apicurio.registry.serde.avro.AvroKafkaDeserializer

2025-10-08 13:32:00,314 INFO  [org.apa.kaf.com.tel.int.KafkaMetricsCollector] (main) initializing Kafka metrics collector
2025-10-08 13:32:00,321 INFO  [org.apa.kaf.cli.con.ConsumerConfig] (main) These configurations '[apicurio.registry.url]' were supplied but are not used yet.
2025-10-08 13:32:00,321 INFO  [org.apa.kaf.com.uti.AppInfoParser] (main) Kafka version: 3.9.1
2025-10-08 13:32:00,321 INFO  [org.apa.kaf.com.uti.AppInfoParser] (main) Kafka commitId: f745dfdcee2b9851
2025-10-08 13:32:00,321 INFO  [org.apa.kaf.com.uti.AppInfoParser] (main) Kafka startTimeMs: 1759930320321
2025-10-08 13:32:00,321 INFO  [org.apa.kaf.cli.con.int.ClassicKafkaConsumer] (ForkJoinPool.commonPool-worker-3) [Consumer clientId=consumer-Consumer-topic-0d1f868b_221e_437c_9d84_cfc454ca9cbe-5, groupId=Consumer-topic-0d1f868b_221e_437c_9d84_cfc454ca9cbe] Subscribed to topic(s): topic-0d1f868b_221e_437c_9d84_cfc454ca9cbe
2025-10-08 13:32:00,326 INFO  [org.apa.kaf.cli.Metadata] (ForkJoinPool.commonPool-worker-3) [Consumer clientId=consumer-Consumer-topic-0d1f868b_221e_437c_9d84_cfc454ca9cbe-5, groupId=Consumer-topic-0d1f868b_221e_437c_9d84_cfc454ca9cbe] Cluster ID: SVjZkHnAQ8mYJ12eIV0raA
2025-10-08 13:32:00,327 INFO  [org.apa.kaf.cli.con.int.ConsumerCoordinator] (ForkJoinPool.commonPool-worker-3) [Consumer clientId=consumer-Consumer-topic-0d1f868b_221e_437c_9d84_cfc454ca9cbe-5, groupId=Consumer-topic-0d1f868b_221e_437c_9d84_cfc454ca9cbe] Discovered group coordinator localhost:32769 (id: 2147483647 rack: null)
2025-10-08 13:32:00,329 INFO  [org.apa.kaf.cli.con.int.ConsumerCoordinator] (ForkJoinPool.commonPool-worker-3) [Consumer clientId=consumer-Consumer-topic-0d1f868b_221e_437c_9d84_cfc454ca9cbe-5, groupId=Consumer-topic-0d1f868b_221e_437c_9d84_cfc454ca9cbe] (Re-)joining group
2025-10-08 13:32:00,331 INFO  [org.apa.kaf.cli.con.int.ConsumerCoordinator] (ForkJoinPool.commonPool-worker-3) [Consumer clientId=consumer-Consumer-topic-0d1f868b_221e_437c_9d84_cfc454ca9cbe-5, groupId=Consumer-topic-0d1f868b_221e_437c_9d84_cfc454ca9cbe] Request joining group due to: need to re-join with the given member-id: consumer-Consumer-topic-0d1f868b_221e_437c_9d84_cfc454ca9cbe-5-04a078d3-fc5a-4494-be7f-35e72eef096d
2025-10-08 13:32:00,331 INFO  [org.apa.kaf.cli.con.int.ConsumerCoordinator] (ForkJoinPool.commonPool-worker-3) [Consumer clientId=consumer-Consumer-topic-0d1f868b_221e_437c_9d84_cfc454ca9cbe-5, groupId=Consumer-topic-0d1f868b_221e_437c_9d84_cfc454ca9cbe] (Re-)joining group
2025-10-08 13:32:01,321 INFO  [io.api.tes.ser.api.KafkaSerdesTester] (ForkJoinPool.commonPool-worker-3) None found
2025-10-08 13:32:02,322 INFO  [io.api.tes.ser.api.KafkaSerdesTester] (ForkJoinPool.commonPool-worker-3) None found
2025-10-08 13:32:03,322 INFO  [io.api.tes.ser.api.KafkaSerdesTester] (ForkJoinPool.commonPool-worker-3) None found
2025-10-08 13:32:03,333 INFO  [org.apa.kaf.cli.con.int.ConsumerCoordinator] (ForkJoinPool.commonPool-worker-3) [Consumer clientId=consumer-Consumer-topic-0d1f868b_221e_437c_9d84_cfc454ca9cbe-5, groupId=Consumer-topic-0d1f868b_221e_437c_9d84_cfc454ca9cbe] Successfully joined group with generation Generation{generationId=1, memberId='consumer-Consumer-topic-0d1f868b_221e_437c_9d84_cfc454ca9cbe-5-04a078d3-fc5a-4494-be7f-35e72eef096d', protocol='range'}
2025-10-08 13:32:03,333 INFO  [org.apa.kaf.cli.con.int.ConsumerCoordinator] (ForkJoinPool.commonPool-worker-3) [Consumer clientId=consumer-Consumer-topic-0d1f868b_221e_437c_9d84_cfc454ca9cbe-5, groupId=Consumer-topic-0d1f868b_221e_437c_9d84_cfc454ca9cbe] Finished assignment for group at generation 1: {consumer-Consumer-topic-0d1f868b_221e_437c_9d84_cfc454ca9cbe-5-04a078d3-fc5a-4494-be7f-35e72eef096d=Assignment(partitions=[topic-0d1f868b_221e_437c_9d84_cfc454ca9cbe-0])}
2025-10-08 13:32:03,340 INFO  [org.apa.kaf.cli.con.int.ConsumerCoordinator] (ForkJoinPool.commonPool-worker-3) [Consumer clientId=consumer-Consumer-topic-0d1f868b_221e_437c_9d84_cfc454ca9cbe-5, groupId=Consumer-topic-0d1f868b_221e_437c_9d84_cfc454ca9cbe] Successfully synced group in generation Generation{generationId=1, memberId='consumer-Consumer-topic-0d1f868b_221e_437c_9d84_cfc454ca9cbe-5-04a078d3-fc5a-4494-be7f-35e72eef096d', protocol='range'}
2025-10-08 13:32:03,340 INFO  [org.apa.kaf.cli.con.int.ConsumerCoordinator] (ForkJoinPool.commonPool-worker-3) [Consumer clientId=consumer-Consumer-topic-0d1f868b_221e_437c_9d84_cfc454ca9cbe-5, groupId=Consumer-topic-0d1f868b_221e_437c_9d84_cfc454ca9cbe] Notifying assignor about the new Assignment(partitions=[topic-0d1f868b_221e_437c_9d84_cfc454ca9cbe-0])
2025-10-08 13:32:03,340 INFO  [org.apa.kaf.cli.con.int.ConsumerRebalanceListenerInvoker] (ForkJoinPool.commonPool-worker-3) [Consumer clientId=consumer-Consumer-topic-0d1f868b_221e_437c_9d84_cfc454ca9cbe-5, groupId=Consumer-topic-0d1f868b_221e_437c_9d84_cfc454ca9cbe] Adding newly assigned partitions: topic-0d1f868b_221e_437c_9d84_cfc454ca9cbe-0
2025-10-08 13:32:03,341 INFO  [org.apa.kaf.cli.con.int.ConsumerCoordinator] (ForkJoinPool.commonPool-worker-3) [Consumer clientId=consumer-Consumer-topic-0d1f868b_221e_437c_9d84_cfc454ca9cbe-5, groupId=Consumer-topic-0d1f868b_221e_437c_9d84_cfc454ca9cbe] Found no committed offset for partition topic-0d1f868b_221e_437c_9d84_cfc454ca9cbe-0
2025-10-08 13:32:03,345 INFO  [org.apa.kaf.cli.con.int.SubscriptionState] (ForkJoinPool.commonPool-worker-3) [Consumer clientId=consumer-Consumer-topic-0d1f868b_221e_437c_9d84_cfc454ca9cbe-5, groupId=Consumer-topic-0d1f868b_221e_437c_9d84_cfc454ca9cbe] Resetting offset for partition topic-0d1f868b_221e_437c_9d84_cfc454ca9cbe-0 to position FetchPosition{offset=0, offsetEpoch=Optional.empty, currentLeader=LeaderAndEpoch{leader=Optional[localhost:32769 (id: 0 rack: null)], epoch=0}}.
2025-10-08 13:32:03,442 INFO  [io.api.tes.ser.api.KafkaSerdesTester] (ForkJoinPool.commonPool-worker-3) topic-0d1f868b_221e_437c_9d84_cfc454ca9cbe 0 0 {"key11759930319043": "value-0"}
2025-10-08 13:32:03,442 INFO  [io.api.tes.ser.api.KafkaSerdesTester] (ForkJoinPool.commonPool-worker-3) topic-0d1f868b_221e_437c_9d84_cfc454ca9cbe 0 1 {"key11759930319043": "value-1"}
2025-10-08 13:32:03,443 INFO  [io.api.tes.ser.api.KafkaSerdesTester] (ForkJoinPool.commonPool-worker-3) topic-0d1f868b_221e_437c_9d84_cfc454ca9cbe 0 2 {"key11759930319043": "value-2"}
2025-10-08 13:32:03,443 INFO  [io.api.tes.ser.api.KafkaSerdesTester] (ForkJoinPool.commonPool-worker-3) topic-0d1f868b_221e_437c_9d84_cfc454ca9cbe 0 3 {"key11759930319043": "value-3"}
2025-10-08 13:32:03,443 INFO  [io.api.tes.ser.api.KafkaSerdesTester] (ForkJoinPool.commonPool-worker-3) topic-0d1f868b_221e_437c_9d84_cfc454ca9cbe 0 4 {"key11759930319043": "value-4"}
2025-10-08 13:32:03,443 INFO  [io.api.tes.ser.api.KafkaSerdesTester] (ForkJoinPool.commonPool-worker-3) topic-0d1f868b_221e_437c_9d84_cfc454ca9cbe 0 5 {"key11759930319043": "value-5"}
2025-10-08 13:32:03,443 INFO  [io.api.tes.ser.api.KafkaSerdesTester] (ForkJoinPool.commonPool-worker-3) topic-0d1f868b_221e_437c_9d84_cfc454ca9cbe 0 6 {"key11759930319043": "value-6"}
2025-10-08 13:32:03,443 INFO  [io.api.tes.ser.api.KafkaSerdesTester] (ForkJoinPool.commonPool-worker-3) topic-0d1f868b_221e_437c_9d84_cfc454ca9cbe 0 7 {"key11759930319043": "value-7"}
2025-10-08 13:32:03,443 INFO  [io.api.tes.ser.api.KafkaSerdesTester] (ForkJoinPool.commonPool-worker-3) topic-0d1f868b_221e_437c_9d84_cfc454ca9cbe 0 8 {"key11759930319043": "value-8"}
2025-10-08 13:32:03,443 INFO  [io.api.tes.ser.api.KafkaSerdesTester] (ForkJoinPool.commonPool-worker-3) topic-0d1f868b_221e_437c_9d84_cfc454ca9cbe 0 9 {"key11759930319043": "value-9"}
2025-10-08 13:32:03,444 INFO  [io.api.tes.ser.api.KafkaSerdesTester] (ForkJoinPool.commonPool-worker-3) Consumed 10 messages
2025-10-08 13:32:03,451 INFO  [org.apa.kaf.cli.con.int.ConsumerRebalanceListenerInvoker] (ForkJoinPool.commonPool-worker-3) [Consumer clientId=consumer-Consumer-topic-0d1f868b_221e_437c_9d84_cfc454ca9cbe-5, groupId=Consumer-topic-0d1f868b_221e_437c_9d84_cfc454ca9cbe] Revoke previously assigned partitions topic-0d1f868b_221e_437c_9d84_cfc454ca9cbe-0
2025-10-08 13:32:03,451 INFO  [org.apa.kaf.cli.con.int.ConsumerCoordinator] (ForkJoinPool.commonPool-worker-3) [Consumer clientId=consumer-Consumer-topic-0d1f868b_221e_437c_9d84_cfc454ca9cbe-5, groupId=Consumer-topic-0d1f868b_221e_437c_9d84_cfc454ca9cbe] Member consumer-Consumer-topic-0d1f868b_221e_437c_9d84_cfc454ca9cbe-5-04a078d3-fc5a-4494-be7f-35e72eef096d sending LeaveGroup request to coordinator localhost:32769 (id: 2147483647 rack: null) due to the consumer is being closed
2025-10-08 13:32:03,451 INFO  [org.apa.kaf.cli.con.int.ConsumerCoordinator] (ForkJoinPool.commonPool-worker-3) [Consumer clientId=consumer-Consumer-topic-0d1f868b_221e_437c_9d84_cfc454ca9cbe-5, groupId=Consumer-topic-0d1f868b_221e_437c_9d84_cfc454ca9cbe] Resetting generation and member id due to: consumer pro-actively leaving the group
2025-10-08 13:32:03,451 INFO  [org.apa.kaf.cli.con.int.ConsumerCoordinator] (ForkJoinPool.commonPool-worker-3) [Consumer clientId=consumer-Consumer-topic-0d1f868b_221e_437c_9d84_cfc454ca9cbe-5, groupId=Consumer-topic-0d1f868b_221e_437c_9d84_cfc454ca9cbe] Request joining group due to: consumer pro-actively leaving the group
2025-10-08 13:32:03,946 INFO  [org.apa.kaf.com.met.Metrics] (ForkJoinPool.commonPool-worker-3) Metrics scheduler closed
2025-10-08 13:32:03,946 INFO  [org.apa.kaf.com.met.Metrics] (ForkJoinPool.commonPool-worker-3) Closing reporter org.apache.kafka.common.metrics.JmxReporter
2025-10-08 13:32:03,946 INFO  [org.apa.kaf.com.met.Metrics] (ForkJoinPool.commonPool-worker-3) Closing reporter org.apache.kafka.common.telemetry.internals.ClientTelemetryReporter
2025-10-08 13:32:03,946 INFO  [org.apa.kaf.com.met.Metrics] (ForkJoinPool.commonPool-worker-3) Metrics reporters closed
2025-10-08 13:32:03,948 INFO  [org.apa.kaf.com.uti.AppInfoParser] (ForkJoinPool.commonPool-worker-3) App info kafka.consumer for consumer-Consumer-topic-0d1f868b_221e_437c_9d84_cfc454ca9cbe-5 unregistered
2025-10-08 13:32:03,948 INFO  [io.api.tes.uti.TestSeparator] (main) io.apicurio.tests.serdes.apicurio.AvroSerdeIT.testRecordIdStrategydFindLatest-FINISHED
2025-10-08 13:32:03,948 INFO  [io.api.tes.uti.TestSeparator] (main) ############################################################################
Test passed: testRecordIdStrategydFindLatest
]]></system-out>
  </testcase>
  <testcase name="testReflectAutoRegister" classname="io.apicurio.tests.serdes.apicurio.AvroSerdeIT" time="3.98">
    <system-out><![CDATA[2025-10-08 13:32:03,950 INFO  [io.api.tes.uti.TestSeparator] (main) ############################################################################
2025-10-08 13:32:03,950 INFO  [io.api.tes.uti.TestSeparator] (main) io.apicurio.tests.serdes.apicurio.AvroSerdeIT.testReflectAutoRegister-STARTED
**** Registry Base URL: http://registry-app-ksql047.apps.ci419.apicurio-testing.org:80
2025-10-08 13:32:03,952 INFO  [org.apa.kaf.cli.pro.ProducerConfig] (main) ProducerConfig values: 
	acks = -1
	auto.include.jmx.reporter = true
	batch.size = 16384
	bootstrap.servers = [PLAINTEXT://localhost:32769]
	buffer.memory = 33554432
	client.dns.lookup = use_all_dns_ips
	client.id = Producer-topic-47af1277_06d7_46e0_b321_ddb99ceeba93
	compression.gzip.level = -1
	compression.lz4.level = 9
	compression.type = none
	compression.zstd.level = 3
	connections.max.idle.ms = 10000
	delivery.timeout.ms = 120000
	enable.idempotence = true
	enable.metrics.push = true
	interceptor.classes = []
	key.serializer = class org.apache.kafka.common.serialization.StringSerializer
	linger.ms = 0
	max.block.ms = 60000
	max.in.flight.requests.per.connection = 5
	max.request.size = 1048576
	metadata.max.age.ms = 300000
	metadata.max.idle.ms = 300000
	metadata.recovery.strategy = none
	metric.reporters = []
	metrics.num.samples = 2
	metrics.recording.level = INFO
	metrics.sample.window.ms = 30000
	partitioner.adaptive.partitioning.enable = true
	partitioner.availability.timeout.ms = 0
	partitioner.class = null
	partitioner.ignore.keys = false
	receive.buffer.bytes = 32768
	reconnect.backoff.max.ms = 1000
	reconnect.backoff.ms = 50
	request.timeout.ms = 5000
	retries = 2147483647
	retry.backoff.max.ms = 1000
	retry.backoff.ms = 100
	sasl.client.callback.handler.class = null
	sasl.jaas.config = null
	sasl.kerberos.kinit.cmd = /usr/bin/kinit
	sasl.kerberos.min.time.before.relogin = 60000
	sasl.kerberos.service.name = null
	sasl.kerberos.ticket.renew.jitter = 0.05
	sasl.kerberos.ticket.renew.window.factor = 0.8
	sasl.login.callback.handler.class = null
	sasl.login.class = null
	sasl.login.connect.timeout.ms = null
	sasl.login.read.timeout.ms = null
	sasl.login.refresh.buffer.seconds = 300
	sasl.login.refresh.min.period.seconds = 60
	sasl.login.refresh.window.factor = 0.8
	sasl.login.refresh.window.jitter = 0.05
	sasl.login.retry.backoff.max.ms = 10000
	sasl.login.retry.backoff.ms = 100
	sasl.mechanism = GSSAPI
	sasl.oauthbearer.clock.skew.seconds = 30
	sasl.oauthbearer.expected.audience = null
	sasl.oauthbearer.expected.issuer = null
	sasl.oauthbearer.header.urlencode = false
	sasl.oauthbearer.jwks.endpoint.refresh.ms = 3600000
	sasl.oauthbearer.jwks.endpoint.retry.backoff.max.ms = 10000
	sasl.oauthbearer.jwks.endpoint.retry.backoff.ms = 100
	sasl.oauthbearer.jwks.endpoint.url = null
	sasl.oauthbearer.scope.claim.name = scope
	sasl.oauthbearer.sub.claim.name = sub
	sasl.oauthbearer.token.endpoint.url = null
	security.protocol = PLAINTEXT
	security.providers = null
	send.buffer.bytes = 131072
	socket.connection.setup.timeout.max.ms = 30000
	socket.connection.setup.timeout.ms = 10000
	ssl.cipher.suites = null
	ssl.enabled.protocols = [TLSv1.2, TLSv1.3]
	ssl.endpoint.identification.algorithm = https
	ssl.engine.factory.class = null
	ssl.key.password = null
	ssl.keymanager.algorithm = SunX509
	ssl.keystore.certificate.chain = null
	ssl.keystore.key = null
	ssl.keystore.location = null
	ssl.keystore.password = null
	ssl.keystore.type = JKS
	ssl.protocol = TLSv1.3
	ssl.provider = null
	ssl.secure.random.implementation = null
	ssl.trustmanager.algorithm = PKIX
	ssl.truststore.certificates = null
	ssl.truststore.location = null
	ssl.truststore.password = null
	ssl.truststore.type = JKS
	transaction.timeout.ms = 60000
	transactional.id = null
	value.serializer = class io.apicurio.registry.serde.avro.AvroKafkaSerializer

2025-10-08 13:32:03,952 INFO  [org.apa.kaf.com.tel.int.KafkaMetricsCollector] (main) initializing Kafka metrics collector
2025-10-08 13:32:03,962 INFO  [org.apa.kaf.cli.pro.KafkaProducer] (main) [Producer clientId=Producer-topic-47af1277_06d7_46e0_b321_ddb99ceeba93] Instantiated an idempotent producer.
2025-10-08 13:32:03,963 INFO  [org.apa.kaf.cli.pro.ProducerConfig] (main) These configurations '[apicurio.registry.url, apicurio.registry.auto-register, apicurio.registry.artifact-resolver-strategy, apicurio.registry.avro-datum-provider]' were supplied but are not used yet.
2025-10-08 13:32:03,963 INFO  [org.apa.kaf.com.uti.AppInfoParser] (main) Kafka version: 3.9.1
2025-10-08 13:32:03,963 INFO  [org.apa.kaf.com.uti.AppInfoParser] (main) Kafka commitId: f745dfdcee2b9851
2025-10-08 13:32:03,963 INFO  [org.apa.kaf.com.uti.AppInfoParser] (main) Kafka startTimeMs: 1759930323963
2025-10-08 13:32:03,964 INFO  [io.api.tes.ser.api.SimpleSerdesTesterBuilder$SimpleSerdesTester] (main) Using producer configuration: {apicurio.registry.url=http://registry-app-ksql047.apps.ci419.apicurio-testing.org:80/apis/registry/v3, apicurio.registry.auto-register=true, apicurio.registry.artifact-resolver-strategy=io.apicurio.registry.serde.strategy.TopicIdStrategy, value.serializer=io.apicurio.registry.serde.avro.AvroKafkaSerializer, request.timeout.ms=5000, acks=all, bootstrap.servers=PLAINTEXT://localhost:32769, connections.max.idle.ms=10000, key.serializer=org.apache.kafka.common.serialization.StringSerializer, apicurio.registry.avro-datum-provider=io.apicurio.registry.serde.avro.ReflectAvroDatumProvider, client.id=Producer-topic-47af1277_06d7_46e0_b321_ddb99ceeba93}
2025-10-08 13:32:03,964 INFO  [io.api.tes.ser.api.SimpleSerdesTesterBuilder$SimpleSerdesTester] (main) Using consumer configuration: {apicurio.registry.avro-datum-provider=io.apicurio.registry.serde.avro.ReflectAvroDatumProvider}
2025-10-08 13:32:03,964 INFO  [io.api.tes.ser.api.KafkaSerdesTester] (ForkJoinPool.commonPool-worker-3) Sending message io.apicurio.tests.common.serdes.TestObject@3dbd29cb to topic topic-47af1277_06d7_46e0_b321_ddb99ceeba93
2025-10-08 13:32:03,967 WARN  [org.apa.kaf.cli.NetworkClient] (kafka-producer-network-thread | Producer-topic-47af1277_06d7_46e0_b321_ddb99ceeba93) [Producer clientId=Producer-topic-47af1277_06d7_46e0_b321_ddb99ceeba93] The metadata response from the cluster reported a recoverable issue with correlation id 1 : {topic-47af1277_06d7_46e0_b321_ddb99ceeba93=UNKNOWN_TOPIC_OR_PARTITION}
2025-10-08 13:32:03,967 INFO  [org.apa.kaf.cli.Metadata] (kafka-producer-network-thread | Producer-topic-47af1277_06d7_46e0_b321_ddb99ceeba93) [Producer clientId=Producer-topic-47af1277_06d7_46e0_b321_ddb99ceeba93] Cluster ID: SVjZkHnAQ8mYJ12eIV0raA
2025-10-08 13:32:03,967 INFO  [org.apa.kaf.cli.pro.int.TransactionManager] (kafka-producer-network-thread | Producer-topic-47af1277_06d7_46e0_b321_ddb99ceeba93) [Producer clientId=Producer-topic-47af1277_06d7_46e0_b321_ddb99ceeba93] ProducerId set to 6 with epoch 0
2025-10-08 13:32:04,209 INFO  [io.api.tes.ser.api.KafkaSerdesTester] (ForkJoinPool.commonPool-worker-3) Sending message io.apicurio.tests.common.serdes.TestObject@3dbd29cb to topic topic-47af1277_06d7_46e0_b321_ddb99ceeba93
2025-10-08 13:32:04,212 INFO  [io.api.tes.ser.api.KafkaSerdesTester] (ForkJoinPool.commonPool-worker-3) Sending message io.apicurio.tests.common.serdes.TestObject@3dbd29cb to topic topic-47af1277_06d7_46e0_b321_ddb99ceeba93
2025-10-08 13:32:04,213 INFO  [io.api.tes.ser.api.KafkaSerdesTester] (ForkJoinPool.commonPool-worker-3) Sending message io.apicurio.tests.common.serdes.TestObject@3dbd29cb to topic topic-47af1277_06d7_46e0_b321_ddb99ceeba93
2025-10-08 13:32:04,215 INFO  [io.api.tes.ser.api.KafkaSerdesTester] (ForkJoinPool.commonPool-worker-3) Sending message io.apicurio.tests.common.serdes.TestObject@3dbd29cb to topic topic-47af1277_06d7_46e0_b321_ddb99ceeba93
2025-10-08 13:32:04,216 INFO  [io.api.tes.ser.api.KafkaSerdesTester] (ForkJoinPool.commonPool-worker-3) Sending message io.apicurio.tests.common.serdes.TestObject@3dbd29cb to topic topic-47af1277_06d7_46e0_b321_ddb99ceeba93
2025-10-08 13:32:04,218 INFO  [io.api.tes.ser.api.KafkaSerdesTester] (ForkJoinPool.commonPool-worker-3) Sending message io.apicurio.tests.common.serdes.TestObject@3dbd29cb to topic topic-47af1277_06d7_46e0_b321_ddb99ceeba93
2025-10-08 13:32:04,220 INFO  [io.api.tes.ser.api.KafkaSerdesTester] (ForkJoinPool.commonPool-worker-3) Sending message io.apicurio.tests.common.serdes.TestObject@3dbd29cb to topic topic-47af1277_06d7_46e0_b321_ddb99ceeba93
2025-10-08 13:32:04,221 INFO  [io.api.tes.ser.api.KafkaSerdesTester] (ForkJoinPool.commonPool-worker-3) Sending message io.apicurio.tests.common.serdes.TestObject@3dbd29cb to topic topic-47af1277_06d7_46e0_b321_ddb99ceeba93
2025-10-08 13:32:04,223 INFO  [io.api.tes.ser.api.KafkaSerdesTester] (ForkJoinPool.commonPool-worker-3) Sending message io.apicurio.tests.common.serdes.TestObject@3dbd29cb to topic topic-47af1277_06d7_46e0_b321_ddb99ceeba93
2025-10-08 13:32:04,224 INFO  [io.api.tes.ser.api.KafkaSerdesTester] (ForkJoinPool.commonPool-worker-3) Produced 10 messages
2025-10-08 13:32:04,224 INFO  [org.apa.kaf.cli.pro.KafkaProducer] (ForkJoinPool.commonPool-worker-3) [Producer clientId=Producer-topic-47af1277_06d7_46e0_b321_ddb99ceeba93] Closing the Kafka producer with timeoutMillis = 9223372036854775807 ms.
2025-10-08 13:32:04,226 INFO  [org.apa.kaf.com.met.Metrics] (ForkJoinPool.commonPool-worker-3) Metrics scheduler closed
2025-10-08 13:32:04,226 INFO  [org.apa.kaf.com.met.Metrics] (ForkJoinPool.commonPool-worker-3) Closing reporter org.apache.kafka.common.metrics.JmxReporter
2025-10-08 13:32:04,226 INFO  [org.apa.kaf.com.met.Metrics] (ForkJoinPool.commonPool-worker-3) Closing reporter org.apache.kafka.common.telemetry.internals.ClientTelemetryReporter
2025-10-08 13:32:04,226 INFO  [org.apa.kaf.com.met.Metrics] (ForkJoinPool.commonPool-worker-3) Metrics reporters closed
2025-10-08 13:32:04,226 INFO  [org.apa.kaf.com.uti.AppInfoParser] (ForkJoinPool.commonPool-worker-3) App info kafka.producer for Producer-topic-47af1277_06d7_46e0_b321_ddb99ceeba93 unregistered
**** Registry Base URL: http://registry-app-ksql047.apps.ci419.apicurio-testing.org:80
2025-10-08 13:32:04,295 INFO  [org.apa.kaf.cli.con.ConsumerConfig] (main) ConsumerConfig values: 
	allow.auto.create.topics = true
	auto.commit.interval.ms = 500
	auto.include.jmx.reporter = true
	auto.offset.reset = earliest
	bootstrap.servers = [PLAINTEXT://localhost:32769]
	check.crcs = true
	client.dns.lookup = use_all_dns_ips
	client.id = consumer-Consumer-topic-47af1277_06d7_46e0_b321_ddb99ceeba93-6
	client.rack = 
	connections.max.idle.ms = 10000
	default.api.timeout.ms = 60000
	enable.auto.commit = true
	enable.metrics.push = true
	exclude.internal.topics = true
	fetch.max.bytes = 52428800
	fetch.max.wait.ms = 500
	fetch.min.bytes = 1
	group.id = Consumer-topic-47af1277_06d7_46e0_b321_ddb99ceeba93
	group.instance.id = null
	group.protocol = classic
	group.remote.assignor = null
	heartbeat.interval.ms = 3000
	interceptor.classes = []
	internal.leave.group.on.close = true
	internal.throw.on.fetch.stable.offset.unsupported = false
	isolation.level = read_uncommitted
	key.deserializer = class org.apache.kafka.common.serialization.StringDeserializer
	max.partition.fetch.bytes = 1048576
	max.poll.interval.ms = 300000
	max.poll.records = 500
	metadata.max.age.ms = 300000
	metadata.recovery.strategy = none
	metric.reporters = []
	metrics.num.samples = 2
	metrics.recording.level = INFO
	metrics.sample.window.ms = 30000
	partition.assignment.strategy = [class org.apache.kafka.clients.consumer.RangeAssignor, class org.apache.kafka.clients.consumer.CooperativeStickyAssignor]
	receive.buffer.bytes = 65536
	reconnect.backoff.max.ms = 1000
	reconnect.backoff.ms = 50
	request.timeout.ms = 5000
	retry.backoff.max.ms = 1000
	retry.backoff.ms = 100
	sasl.client.callback.handler.class = null
	sasl.jaas.config = null
	sasl.kerberos.kinit.cmd = /usr/bin/kinit
	sasl.kerberos.min.time.before.relogin = 60000
	sasl.kerberos.service.name = null
	sasl.kerberos.ticket.renew.jitter = 0.05
	sasl.kerberos.ticket.renew.window.factor = 0.8
	sasl.login.callback.handler.class = null
	sasl.login.class = null
	sasl.login.connect.timeout.ms = null
	sasl.login.read.timeout.ms = null
	sasl.login.refresh.buffer.seconds = 300
	sasl.login.refresh.min.period.seconds = 60
	sasl.login.refresh.window.factor = 0.8
	sasl.login.refresh.window.jitter = 0.05
	sasl.login.retry.backoff.max.ms = 10000
	sasl.login.retry.backoff.ms = 100
	sasl.mechanism = GSSAPI
	sasl.oauthbearer.clock.skew.seconds = 30
	sasl.oauthbearer.expected.audience = null
	sasl.oauthbearer.expected.issuer = null
	sasl.oauthbearer.header.urlencode = false
	sasl.oauthbearer.jwks.endpoint.refresh.ms = 3600000
	sasl.oauthbearer.jwks.endpoint.retry.backoff.max.ms = 10000
	sasl.oauthbearer.jwks.endpoint.retry.backoff.ms = 100
	sasl.oauthbearer.jwks.endpoint.url = null
	sasl.oauthbearer.scope.claim.name = scope
	sasl.oauthbearer.sub.claim.name = sub
	sasl.oauthbearer.token.endpoint.url = null
	security.protocol = PLAINTEXT
	security.providers = null
	send.buffer.bytes = 131072
	session.timeout.ms = 45000
	socket.connection.setup.timeout.max.ms = 30000
	socket.connection.setup.timeout.ms = 10000
	ssl.cipher.suites = null
	ssl.enabled.protocols = [TLSv1.2, TLSv1.3]
	ssl.endpoint.identification.algorithm = https
	ssl.engine.factory.class = null
	ssl.key.password = null
	ssl.keymanager.algorithm = SunX509
	ssl.keystore.certificate.chain = null
	ssl.keystore.key = null
	ssl.keystore.location = null
	ssl.keystore.password = null
	ssl.keystore.type = JKS
	ssl.protocol = TLSv1.3
	ssl.provider = null
	ssl.secure.random.implementation = null
	ssl.trustmanager.algorithm = PKIX
	ssl.truststore.certificates = null
	ssl.truststore.location = null
	ssl.truststore.password = null
	ssl.truststore.type = JKS
	value.deserializer = class io.apicurio.registry.serde.avro.AvroKafkaDeserializer

2025-10-08 13:32:04,295 INFO  [org.apa.kaf.com.tel.int.KafkaMetricsCollector] (main) initializing Kafka metrics collector
2025-10-08 13:32:04,299 INFO  [org.apa.kaf.cli.con.ConsumerConfig] (main) These configurations '[apicurio.registry.url, apicurio.registry.avro-datum-provider]' were supplied but are not used yet.
2025-10-08 13:32:04,299 INFO  [org.apa.kaf.com.uti.AppInfoParser] (main) Kafka version: 3.9.1
2025-10-08 13:32:04,299 INFO  [org.apa.kaf.com.uti.AppInfoParser] (main) Kafka commitId: f745dfdcee2b9851
2025-10-08 13:32:04,299 INFO  [org.apa.kaf.com.uti.AppInfoParser] (main) Kafka startTimeMs: 1759930324299
2025-10-08 13:32:04,300 INFO  [org.apa.kaf.cli.con.int.ClassicKafkaConsumer] (ForkJoinPool.commonPool-worker-3) [Consumer clientId=consumer-Consumer-topic-47af1277_06d7_46e0_b321_ddb99ceeba93-6, groupId=Consumer-topic-47af1277_06d7_46e0_b321_ddb99ceeba93] Subscribed to topic(s): topic-47af1277_06d7_46e0_b321_ddb99ceeba93
2025-10-08 13:32:04,303 INFO  [org.apa.kaf.cli.Metadata] (ForkJoinPool.commonPool-worker-3) [Consumer clientId=consumer-Consumer-topic-47af1277_06d7_46e0_b321_ddb99ceeba93-6, groupId=Consumer-topic-47af1277_06d7_46e0_b321_ddb99ceeba93] Cluster ID: SVjZkHnAQ8mYJ12eIV0raA
2025-10-08 13:32:04,304 INFO  [org.apa.kaf.cli.con.int.ConsumerCoordinator] (ForkJoinPool.commonPool-worker-3) [Consumer clientId=consumer-Consumer-topic-47af1277_06d7_46e0_b321_ddb99ceeba93-6, groupId=Consumer-topic-47af1277_06d7_46e0_b321_ddb99ceeba93] Discovered group coordinator localhost:32769 (id: 2147483647 rack: null)
2025-10-08 13:32:04,305 INFO  [org.apa.kaf.cli.con.int.ConsumerCoordinator] (ForkJoinPool.commonPool-worker-3) [Consumer clientId=consumer-Consumer-topic-47af1277_06d7_46e0_b321_ddb99ceeba93-6, groupId=Consumer-topic-47af1277_06d7_46e0_b321_ddb99ceeba93] (Re-)joining group
2025-10-08 13:32:04,308 INFO  [org.apa.kaf.cli.con.int.ConsumerCoordinator] (ForkJoinPool.commonPool-worker-3) [Consumer clientId=consumer-Consumer-topic-47af1277_06d7_46e0_b321_ddb99ceeba93-6, groupId=Consumer-topic-47af1277_06d7_46e0_b321_ddb99ceeba93] Request joining group due to: need to re-join with the given member-id: consumer-Consumer-topic-47af1277_06d7_46e0_b321_ddb99ceeba93-6-0145471a-94a4-4667-ba83-9804d6323ae6
2025-10-08 13:32:04,308 INFO  [org.apa.kaf.cli.con.int.ConsumerCoordinator] (ForkJoinPool.commonPool-worker-3) [Consumer clientId=consumer-Consumer-topic-47af1277_06d7_46e0_b321_ddb99ceeba93-6, groupId=Consumer-topic-47af1277_06d7_46e0_b321_ddb99ceeba93] (Re-)joining group
2025-10-08 13:32:05,300 INFO  [io.api.tes.ser.api.KafkaSerdesTester] (ForkJoinPool.commonPool-worker-3) None found
2025-10-08 13:32:06,301 INFO  [io.api.tes.ser.api.KafkaSerdesTester] (ForkJoinPool.commonPool-worker-3) None found
2025-10-08 13:32:07,301 INFO  [io.api.tes.ser.api.KafkaSerdesTester] (ForkJoinPool.commonPool-worker-3) None found
2025-10-08 13:32:07,310 INFO  [org.apa.kaf.cli.con.int.ConsumerCoordinator] (ForkJoinPool.commonPool-worker-3) [Consumer clientId=consumer-Consumer-topic-47af1277_06d7_46e0_b321_ddb99ceeba93-6, groupId=Consumer-topic-47af1277_06d7_46e0_b321_ddb99ceeba93] Successfully joined group with generation Generation{generationId=1, memberId='consumer-Consumer-topic-47af1277_06d7_46e0_b321_ddb99ceeba93-6-0145471a-94a4-4667-ba83-9804d6323ae6', protocol='range'}
2025-10-08 13:32:07,310 INFO  [org.apa.kaf.cli.con.int.ConsumerCoordinator] (ForkJoinPool.commonPool-worker-3) [Consumer clientId=consumer-Consumer-topic-47af1277_06d7_46e0_b321_ddb99ceeba93-6, groupId=Consumer-topic-47af1277_06d7_46e0_b321_ddb99ceeba93] Finished assignment for group at generation 1: {consumer-Consumer-topic-47af1277_06d7_46e0_b321_ddb99ceeba93-6-0145471a-94a4-4667-ba83-9804d6323ae6=Assignment(partitions=[topic-47af1277_06d7_46e0_b321_ddb99ceeba93-0])}
2025-10-08 13:32:07,317 INFO  [org.apa.kaf.cli.con.int.ConsumerCoordinator] (ForkJoinPool.commonPool-worker-3) [Consumer clientId=consumer-Consumer-topic-47af1277_06d7_46e0_b321_ddb99ceeba93-6, groupId=Consumer-topic-47af1277_06d7_46e0_b321_ddb99ceeba93] Successfully synced group in generation Generation{generationId=1, memberId='consumer-Consumer-topic-47af1277_06d7_46e0_b321_ddb99ceeba93-6-0145471a-94a4-4667-ba83-9804d6323ae6', protocol='range'}
2025-10-08 13:32:07,317 INFO  [org.apa.kaf.cli.con.int.ConsumerCoordinator] (ForkJoinPool.commonPool-worker-3) [Consumer clientId=consumer-Consumer-topic-47af1277_06d7_46e0_b321_ddb99ceeba93-6, groupId=Consumer-topic-47af1277_06d7_46e0_b321_ddb99ceeba93] Notifying assignor about the new Assignment(partitions=[topic-47af1277_06d7_46e0_b321_ddb99ceeba93-0])
2025-10-08 13:32:07,318 INFO  [org.apa.kaf.cli.con.int.ConsumerRebalanceListenerInvoker] (ForkJoinPool.commonPool-worker-3) [Consumer clientId=consumer-Consumer-topic-47af1277_06d7_46e0_b321_ddb99ceeba93-6, groupId=Consumer-topic-47af1277_06d7_46e0_b321_ddb99ceeba93] Adding newly assigned partitions: topic-47af1277_06d7_46e0_b321_ddb99ceeba93-0
2025-10-08 13:32:07,319 INFO  [org.apa.kaf.cli.con.int.ConsumerCoordinator] (ForkJoinPool.commonPool-worker-3) [Consumer clientId=consumer-Consumer-topic-47af1277_06d7_46e0_b321_ddb99ceeba93-6, groupId=Consumer-topic-47af1277_06d7_46e0_b321_ddb99ceeba93] Found no committed offset for partition topic-47af1277_06d7_46e0_b321_ddb99ceeba93-0
2025-10-08 13:32:07,322 INFO  [org.apa.kaf.cli.con.int.SubscriptionState] (ForkJoinPool.commonPool-worker-3) [Consumer clientId=consumer-Consumer-topic-47af1277_06d7_46e0_b321_ddb99ceeba93-6, groupId=Consumer-topic-47af1277_06d7_46e0_b321_ddb99ceeba93] Resetting offset for partition topic-47af1277_06d7_46e0_b321_ddb99ceeba93-0 to position FetchPosition{offset=0, offsetEpoch=Optional.empty, currentLeader=LeaderAndEpoch{leader=Optional[localhost:32769 (id: 0 rack: null)], epoch=0}}.
2025-10-08 13:32:07,423 INFO  [io.api.tes.ser.api.KafkaSerdesTester] (ForkJoinPool.commonPool-worker-3) topic-47af1277_06d7_46e0_b321_ddb99ceeba93 0 0 io.apicurio.tests.common.serdes.TestObject@3dbd29cb
2025-10-08 13:32:07,424 INFO  [io.api.tes.ser.api.KafkaSerdesTester] (ForkJoinPool.commonPool-worker-3) topic-47af1277_06d7_46e0_b321_ddb99ceeba93 0 1 io.apicurio.tests.common.serdes.TestObject@3dbd29cb
2025-10-08 13:32:07,424 INFO  [io.api.tes.ser.api.KafkaSerdesTester] (ForkJoinPool.commonPool-worker-3) topic-47af1277_06d7_46e0_b321_ddb99ceeba93 0 2 io.apicurio.tests.common.serdes.TestObject@3dbd29cb
2025-10-08 13:32:07,424 INFO  [io.api.tes.ser.api.KafkaSerdesTester] (ForkJoinPool.commonPool-worker-3) topic-47af1277_06d7_46e0_b321_ddb99ceeba93 0 3 io.apicurio.tests.common.serdes.TestObject@3dbd29cb
2025-10-08 13:32:07,424 INFO  [io.api.tes.ser.api.KafkaSerdesTester] (ForkJoinPool.commonPool-worker-3) topic-47af1277_06d7_46e0_b321_ddb99ceeba93 0 4 io.apicurio.tests.common.serdes.TestObject@3dbd29cb
2025-10-08 13:32:07,424 INFO  [io.api.tes.ser.api.KafkaSerdesTester] (ForkJoinPool.commonPool-worker-3) topic-47af1277_06d7_46e0_b321_ddb99ceeba93 0 5 io.apicurio.tests.common.serdes.TestObject@3dbd29cb
2025-10-08 13:32:07,424 INFO  [io.api.tes.ser.api.KafkaSerdesTester] (ForkJoinPool.commonPool-worker-3) topic-47af1277_06d7_46e0_b321_ddb99ceeba93 0 6 io.apicurio.tests.common.serdes.TestObject@3dbd29cb
2025-10-08 13:32:07,424 INFO  [io.api.tes.ser.api.KafkaSerdesTester] (ForkJoinPool.commonPool-worker-3) topic-47af1277_06d7_46e0_b321_ddb99ceeba93 0 7 io.apicurio.tests.common.serdes.TestObject@3dbd29cb
2025-10-08 13:32:07,424 INFO  [io.api.tes.ser.api.KafkaSerdesTester] (ForkJoinPool.commonPool-worker-3) topic-47af1277_06d7_46e0_b321_ddb99ceeba93 0 8 io.apicurio.tests.common.serdes.TestObject@3dbd29cb
2025-10-08 13:32:07,424 INFO  [io.api.tes.ser.api.KafkaSerdesTester] (ForkJoinPool.commonPool-worker-3) topic-47af1277_06d7_46e0_b321_ddb99ceeba93 0 9 io.apicurio.tests.common.serdes.TestObject@3dbd29cb
2025-10-08 13:32:07,424 INFO  [io.api.tes.ser.api.KafkaSerdesTester] (ForkJoinPool.commonPool-worker-3) Consumed 10 messages
2025-10-08 13:32:07,432 INFO  [org.apa.kaf.cli.con.int.ConsumerRebalanceListenerInvoker] (ForkJoinPool.commonPool-worker-3) [Consumer clientId=consumer-Consumer-topic-47af1277_06d7_46e0_b321_ddb99ceeba93-6, groupId=Consumer-topic-47af1277_06d7_46e0_b321_ddb99ceeba93] Revoke previously assigned partitions topic-47af1277_06d7_46e0_b321_ddb99ceeba93-0
2025-10-08 13:32:07,432 INFO  [org.apa.kaf.cli.con.int.ConsumerCoordinator] (ForkJoinPool.commonPool-worker-3) [Consumer clientId=consumer-Consumer-topic-47af1277_06d7_46e0_b321_ddb99ceeba93-6, groupId=Consumer-topic-47af1277_06d7_46e0_b321_ddb99ceeba93] Member consumer-Consumer-topic-47af1277_06d7_46e0_b321_ddb99ceeba93-6-0145471a-94a4-4667-ba83-9804d6323ae6 sending LeaveGroup request to coordinator localhost:32769 (id: 2147483647 rack: null) due to the consumer is being closed
2025-10-08 13:32:07,432 INFO  [org.apa.kaf.cli.con.int.ConsumerCoordinator] (ForkJoinPool.commonPool-worker-3) [Consumer clientId=consumer-Consumer-topic-47af1277_06d7_46e0_b321_ddb99ceeba93-6, groupId=Consumer-topic-47af1277_06d7_46e0_b321_ddb99ceeba93] Resetting generation and member id due to: consumer pro-actively leaving the group
2025-10-08 13:32:07,432 INFO  [org.apa.kaf.cli.con.int.ConsumerCoordinator] (ForkJoinPool.commonPool-worker-3) [Consumer clientId=consumer-Consumer-topic-47af1277_06d7_46e0_b321_ddb99ceeba93-6, groupId=Consumer-topic-47af1277_06d7_46e0_b321_ddb99ceeba93] Request joining group due to: consumer pro-actively leaving the group
2025-10-08 13:32:07,926 INFO  [org.apa.kaf.com.met.Metrics] (ForkJoinPool.commonPool-worker-3) Metrics scheduler closed
2025-10-08 13:32:07,926 INFO  [org.apa.kaf.com.met.Metrics] (ForkJoinPool.commonPool-worker-3) Closing reporter org.apache.kafka.common.metrics.JmxReporter
2025-10-08 13:32:07,926 INFO  [org.apa.kaf.com.met.Metrics] (ForkJoinPool.commonPool-worker-3) Closing reporter org.apache.kafka.common.telemetry.internals.ClientTelemetryReporter
2025-10-08 13:32:07,926 INFO  [org.apa.kaf.com.met.Metrics] (ForkJoinPool.commonPool-worker-3) Metrics reporters closed
2025-10-08 13:32:07,928 INFO  [org.apa.kaf.com.uti.AppInfoParser] (ForkJoinPool.commonPool-worker-3) App info kafka.consumer for consumer-Consumer-topic-47af1277_06d7_46e0_b321_ddb99ceeba93-6 unregistered
2025-10-08 13:32:07,928 INFO  [io.api.tes.uti.TestSeparator] (main) io.apicurio.tests.serdes.apicurio.AvroSerdeIT.testReflectAutoRegister-FINISHED
2025-10-08 13:32:07,928 INFO  [io.api.tes.uti.TestSeparator] (main) ############################################################################
Test passed: testReflectAutoRegister
]]></system-out>
  </testcase>
  <testcase name="testArtifactNotFound" classname="io.apicurio.tests.serdes.apicurio.AvroSerdeIT" time="0.244">
    <system-out><![CDATA[2025-10-08 13:32:07,930 INFO  [io.api.tes.uti.TestSeparator] (main) ############################################################################
2025-10-08 13:32:07,930 INFO  [io.api.tes.uti.TestSeparator] (main) io.apicurio.tests.serdes.apicurio.AvroSerdeIT.testArtifactNotFound-STARTED
**** Registry Base URL: http://registry-app-ksql047.apps.ci419.apicurio-testing.org:80
2025-10-08 13:32:07,931 INFO  [org.apa.kaf.cli.pro.ProducerConfig] (main) ProducerConfig values: 
	acks = -1
	auto.include.jmx.reporter = true
	batch.size = 16384
	bootstrap.servers = [PLAINTEXT://localhost:32769]
	buffer.memory = 33554432
	client.dns.lookup = use_all_dns_ips
	client.id = Producer-sab854fe5x56ecx450ex864cxd185381e9da7
	compression.gzip.level = -1
	compression.lz4.level = 9
	compression.type = none
	compression.zstd.level = 3
	connections.max.idle.ms = 10000
	delivery.timeout.ms = 120000
	enable.idempotence = true
	enable.metrics.push = true
	interceptor.classes = []
	key.serializer = class org.apache.kafka.common.serialization.StringSerializer
	linger.ms = 0
	max.block.ms = 60000
	max.in.flight.requests.per.connection = 5
	max.request.size = 1048576
	metadata.max.age.ms = 300000
	metadata.max.idle.ms = 300000
	metadata.recovery.strategy = none
	metric.reporters = []
	metrics.num.samples = 2
	metrics.recording.level = INFO
	metrics.sample.window.ms = 30000
	partitioner.adaptive.partitioning.enable = true
	partitioner.availability.timeout.ms = 0
	partitioner.class = null
	partitioner.ignore.keys = false
	receive.buffer.bytes = 32768
	reconnect.backoff.max.ms = 1000
	reconnect.backoff.ms = 50
	request.timeout.ms = 5000
	retries = 2147483647
	retry.backoff.max.ms = 1000
	retry.backoff.ms = 100
	sasl.client.callback.handler.class = null
	sasl.jaas.config = null
	sasl.kerberos.kinit.cmd = /usr/bin/kinit
	sasl.kerberos.min.time.before.relogin = 60000
	sasl.kerberos.service.name = null
	sasl.kerberos.ticket.renew.jitter = 0.05
	sasl.kerberos.ticket.renew.window.factor = 0.8
	sasl.login.callback.handler.class = null
	sasl.login.class = null
	sasl.login.connect.timeout.ms = null
	sasl.login.read.timeout.ms = null
	sasl.login.refresh.buffer.seconds = 300
	sasl.login.refresh.min.period.seconds = 60
	sasl.login.refresh.window.factor = 0.8
	sasl.login.refresh.window.jitter = 0.05
	sasl.login.retry.backoff.max.ms = 10000
	sasl.login.retry.backoff.ms = 100
	sasl.mechanism = GSSAPI
	sasl.oauthbearer.clock.skew.seconds = 30
	sasl.oauthbearer.expected.audience = null
	sasl.oauthbearer.expected.issuer = null
	sasl.oauthbearer.header.urlencode = false
	sasl.oauthbearer.jwks.endpoint.refresh.ms = 3600000
	sasl.oauthbearer.jwks.endpoint.retry.backoff.max.ms = 10000
	sasl.oauthbearer.jwks.endpoint.retry.backoff.ms = 100
	sasl.oauthbearer.jwks.endpoint.url = null
	sasl.oauthbearer.scope.claim.name = scope
	sasl.oauthbearer.sub.claim.name = sub
	sasl.oauthbearer.token.endpoint.url = null
	security.protocol = PLAINTEXT
	security.providers = null
	send.buffer.bytes = 131072
	socket.connection.setup.timeout.max.ms = 30000
	socket.connection.setup.timeout.ms = 10000
	ssl.cipher.suites = null
	ssl.enabled.protocols = [TLSv1.2, TLSv1.3]
	ssl.endpoint.identification.algorithm = https
	ssl.engine.factory.class = null
	ssl.key.password = null
	ssl.keymanager.algorithm = SunX509
	ssl.keystore.certificate.chain = null
	ssl.keystore.key = null
	ssl.keystore.location = null
	ssl.keystore.password = null
	ssl.keystore.type = JKS
	ssl.protocol = TLSv1.3
	ssl.provider = null
	ssl.secure.random.implementation = null
	ssl.trustmanager.algorithm = PKIX
	ssl.truststore.certificates = null
	ssl.truststore.location = null
	ssl.truststore.password = null
	ssl.truststore.type = JKS
	transaction.timeout.ms = 60000
	transactional.id = null
	value.serializer = class io.apicurio.registry.serde.avro.AvroKafkaSerializer

2025-10-08 13:32:07,932 INFO  [org.apa.kaf.com.tel.int.KafkaMetricsCollector] (main) initializing Kafka metrics collector
2025-10-08 13:32:07,936 INFO  [org.apa.kaf.cli.pro.KafkaProducer] (main) [Producer clientId=Producer-sab854fe5x56ecx450ex864cxd185381e9da7] Instantiated an idempotent producer.
2025-10-08 13:32:07,939 INFO  [org.apa.kaf.cli.pro.ProducerConfig] (main) These configurations '[apicurio.registry.url, apicurio.registry.artifact-resolver-strategy]' were supplied but are not used yet.
2025-10-08 13:32:07,939 INFO  [org.apa.kaf.com.uti.AppInfoParser] (main) Kafka version: 3.9.1
2025-10-08 13:32:07,939 INFO  [org.apa.kaf.com.uti.AppInfoParser] (main) Kafka commitId: f745dfdcee2b9851
2025-10-08 13:32:07,939 INFO  [org.apa.kaf.com.uti.AppInfoParser] (main) Kafka startTimeMs: 1759930327939
2025-10-08 13:32:07,940 INFO  [io.api.tes.ser.api.KafkaSerdesTester] (ForkJoinPool.commonPool-worker-3) Sending message {"keyB": "value-0"} to topic sab854fe5x56ecx450ex864cxd185381e9da7
2025-10-08 13:32:07,943 WARN  [org.apa.kaf.cli.NetworkClient] (kafka-producer-network-thread | Producer-sab854fe5x56ecx450ex864cxd185381e9da7) [Producer clientId=Producer-sab854fe5x56ecx450ex864cxd185381e9da7] The metadata response from the cluster reported a recoverable issue with correlation id 1 : {sab854fe5x56ecx450ex864cxd185381e9da7=UNKNOWN_TOPIC_OR_PARTITION}
2025-10-08 13:32:07,943 INFO  [org.apa.kaf.cli.Metadata] (kafka-producer-network-thread | Producer-sab854fe5x56ecx450ex864cxd185381e9da7) [Producer clientId=Producer-sab854fe5x56ecx450ex864cxd185381e9da7] Cluster ID: SVjZkHnAQ8mYJ12eIV0raA
2025-10-08 13:32:07,943 INFO  [org.apa.kaf.cli.pro.int.TransactionManager] (kafka-producer-network-thread | Producer-sab854fe5x56ecx450ex864cxd185381e9da7) [Producer clientId=Producer-sab854fe5x56ecx450ex864cxd185381e9da7] ProducerId set to 7 with epoch 0
2025-10-08 13:32:08,064 INFO  [DefaultSchemaResolver] (ForkJoinPool.commonPool-worker-3) Retrieving schema content using string: {"type":"record","name":"myrecord","namespace":"mygroup","fields":[{"name":"keyB","type":"string"}]}
2025-10-08 13:32:08,169 INFO  [org.apa.kaf.cli.pro.KafkaProducer] (ForkJoinPool.commonPool-worker-3) [Producer clientId=Producer-sab854fe5x56ecx450ex864cxd185381e9da7] Closing the Kafka producer with timeoutMillis = 9223372036854775807 ms.
2025-10-08 13:32:08,171 INFO  [org.apa.kaf.com.met.Metrics] (ForkJoinPool.commonPool-worker-3) Metrics scheduler closed
2025-10-08 13:32:08,171 INFO  [org.apa.kaf.com.met.Metrics] (ForkJoinPool.commonPool-worker-3) Closing reporter org.apache.kafka.common.metrics.JmxReporter
2025-10-08 13:32:08,171 INFO  [org.apa.kaf.com.met.Metrics] (ForkJoinPool.commonPool-worker-3) Closing reporter org.apache.kafka.common.telemetry.internals.ClientTelemetryReporter
2025-10-08 13:32:08,171 INFO  [org.apa.kaf.com.met.Metrics] (ForkJoinPool.commonPool-worker-3) Metrics reporters closed
2025-10-08 13:32:08,172 INFO  [org.apa.kaf.com.uti.AppInfoParser] (ForkJoinPool.commonPool-worker-3) App info kafka.producer for Producer-sab854fe5x56ecx450ex864cxd185381e9da7 unregistered
2025-10-08 13:32:08,172 INFO  [io.api.tes.uti.TestSeparator] (main) io.apicurio.tests.serdes.apicurio.AvroSerdeIT.testArtifactNotFound-FINISHED
2025-10-08 13:32:08,172 INFO  [io.api.tes.uti.TestSeparator] (main) ############################################################################
Test passed: testArtifactNotFound
]]></system-out>
    <system-err><![CDATA[java.lang.RuntimeException: Could not resolve artifact reference by content: {"type":"record","name":"myrecord","namespace":"mygroup","fields":[{"name":"keyB","type":"string"}]}&ArtifactReference [groupId=default, artifactId=sab854fe5x56ecx450ex864cxd185381e9da7-value, version=null, globalId=null, contentId=null, contentHash=null]
	at io.apicurio.registry.resolver.DefaultSchemaResolver.lambda$handleResolveSchemaByContent$3(DefaultSchemaResolver.java:265)
	at io.apicurio.registry.resolver.cache.ERCache.lambda$getValue$0(ERCache.java:174)
	at io.apicurio.registry.resolver.cache.ERCache.retry(ERCache.java:227)
	at io.apicurio.registry.resolver.cache.ERCache.getValue(ERCache.java:173)
	at io.apicurio.registry.resolver.cache.ERCache.getByContent(ERCache.java:147)
	at io.apicurio.registry.resolver.DefaultSchemaResolver.handleResolveSchemaByContent(DefaultSchemaResolver.java:253)
	at io.apicurio.registry.resolver.DefaultSchemaResolver.getSchemaFromRegistry(DefaultSchemaResolver.java:138)
	at io.apicurio.registry.resolver.DefaultSchemaResolver.lambda$resolveSchema$0(DefaultSchemaResolver.java:84)
	at java.base/java.util.Optional.orElseGet(Optional.java:364)
	at io.apicurio.registry.resolver.DefaultSchemaResolver.resolveSchema(DefaultSchemaResolver.java:84)
	at io.apicurio.registry.serde.AbstractSerializer.serializeData(AbstractSerializer.java:62)
	at io.apicurio.registry.serde.KafkaSerializer.serialize(KafkaSerializer.java:77)
	at org.apache.kafka.clients.producer.KafkaProducer.doSend(KafkaProducer.java:1046)
	at org.apache.kafka.clients.producer.KafkaProducer.send(KafkaProducer.java:993)
	at org.apache.kafka.clients.producer.KafkaProducer.send(KafkaProducer.java:875)
	at io.apicurio.tests.serdes.apicurio.KafkaSerdesTester.lambda$produceMessages$3(KafkaSerdesTester.java:138)
	at java.base/java.util.concurrent.CompletableFuture$AsyncSupply.run(CompletableFuture.java:1768)
	at java.base/java.util.concurrent.CompletableFuture$AsyncSupply.exec(CompletableFuture.java:1760)
	at java.base/java.util.concurrent.ForkJoinTask.doExec(ForkJoinTask.java:373)
	at java.base/java.util.concurrent.ForkJoinPool$WorkQueue.topLevelExec(ForkJoinPool.java:1182)
	at java.base/java.util.concurrent.ForkJoinPool.scan(ForkJoinPool.java:1655)
	at java.base/java.util.concurrent.ForkJoinPool.runWorker(ForkJoinPool.java:1622)
	at java.base/java.util.concurrent.ForkJoinWorkerThread.run(ForkJoinWorkerThread.java:165)
]]></system-err>
  </testcase>
  <testcase name="testAvroSerDesFailDifferentSchemaByRecordName" classname="io.apicurio.tests.serdes.apicurio.AvroSerdeIT" time="1.182">
    <system-out><![CDATA[2025-10-08 13:32:08,174 INFO  [io.api.tes.uti.TestSeparator] (main) ############################################################################
2025-10-08 13:32:08,174 INFO  [io.api.tes.uti.TestSeparator] (main) io.apicurio.tests.serdes.apicurio.AvroSerdeIT.testAvroSerDesFailDifferentSchemaByRecordName-STARTED
**** Registry Base URL: http://registry-app-ksql047.apps.ci419.apicurio-testing.org:80
2025-10-08 13:32:09,281 INFO  [org.apa.kaf.cli.pro.ProducerConfig] (main) ProducerConfig values: 
	acks = -1
	auto.include.jmx.reporter = true
	batch.size = 16384
	bootstrap.servers = [PLAINTEXT://localhost:32769]
	buffer.memory = 33554432
	client.dns.lookup = use_all_dns_ips
	client.id = Producer-topic-f0a79d86_d77e_4129_b08a_c34612650c41
	compression.gzip.level = -1
	compression.lz4.level = 9
	compression.type = none
	compression.zstd.level = 3
	connections.max.idle.ms = 10000
	delivery.timeout.ms = 120000
	enable.idempotence = true
	enable.metrics.push = true
	interceptor.classes = []
	key.serializer = class org.apache.kafka.common.serialization.StringSerializer
	linger.ms = 0
	max.block.ms = 60000
	max.in.flight.requests.per.connection = 5
	max.request.size = 1048576
	metadata.max.age.ms = 300000
	metadata.max.idle.ms = 300000
	metadata.recovery.strategy = none
	metric.reporters = []
	metrics.num.samples = 2
	metrics.recording.level = INFO
	metrics.sample.window.ms = 30000
	partitioner.adaptive.partitioning.enable = true
	partitioner.availability.timeout.ms = 0
	partitioner.class = null
	partitioner.ignore.keys = false
	receive.buffer.bytes = 32768
	reconnect.backoff.max.ms = 1000
	reconnect.backoff.ms = 50
	request.timeout.ms = 5000
	retries = 2147483647
	retry.backoff.max.ms = 1000
	retry.backoff.ms = 100
	sasl.client.callback.handler.class = null
	sasl.jaas.config = null
	sasl.kerberos.kinit.cmd = /usr/bin/kinit
	sasl.kerberos.min.time.before.relogin = 60000
	sasl.kerberos.service.name = null
	sasl.kerberos.ticket.renew.jitter = 0.05
	sasl.kerberos.ticket.renew.window.factor = 0.8
	sasl.login.callback.handler.class = null
	sasl.login.class = null
	sasl.login.connect.timeout.ms = null
	sasl.login.read.timeout.ms = null
	sasl.login.refresh.buffer.seconds = 300
	sasl.login.refresh.min.period.seconds = 60
	sasl.login.refresh.window.factor = 0.8
	sasl.login.refresh.window.jitter = 0.05
	sasl.login.retry.backoff.max.ms = 10000
	sasl.login.retry.backoff.ms = 100
	sasl.mechanism = GSSAPI
	sasl.oauthbearer.clock.skew.seconds = 30
	sasl.oauthbearer.expected.audience = null
	sasl.oauthbearer.expected.issuer = null
	sasl.oauthbearer.header.urlencode = false
	sasl.oauthbearer.jwks.endpoint.refresh.ms = 3600000
	sasl.oauthbearer.jwks.endpoint.retry.backoff.max.ms = 10000
	sasl.oauthbearer.jwks.endpoint.retry.backoff.ms = 100
	sasl.oauthbearer.jwks.endpoint.url = null
	sasl.oauthbearer.scope.claim.name = scope
	sasl.oauthbearer.sub.claim.name = sub
	sasl.oauthbearer.token.endpoint.url = null
	security.protocol = PLAINTEXT
	security.providers = null
	send.buffer.bytes = 131072
	socket.connection.setup.timeout.max.ms = 30000
	socket.connection.setup.timeout.ms = 10000
	ssl.cipher.suites = null
	ssl.enabled.protocols = [TLSv1.2, TLSv1.3]
	ssl.endpoint.identification.algorithm = https
	ssl.engine.factory.class = null
	ssl.key.password = null
	ssl.keymanager.algorithm = SunX509
	ssl.keystore.certificate.chain = null
	ssl.keystore.key = null
	ssl.keystore.location = null
	ssl.keystore.password = null
	ssl.keystore.type = JKS
	ssl.protocol = TLSv1.3
	ssl.provider = null
	ssl.secure.random.implementation = null
	ssl.trustmanager.algorithm = PKIX
	ssl.truststore.certificates = null
	ssl.truststore.location = null
	ssl.truststore.password = null
	ssl.truststore.type = JKS
	transaction.timeout.ms = 60000
	transactional.id = null
	value.serializer = class io.apicurio.registry.serde.avro.AvroKafkaSerializer

2025-10-08 13:32:09,281 INFO  [org.apa.kaf.com.tel.int.KafkaMetricsCollector] (main) initializing Kafka metrics collector
2025-10-08 13:32:09,284 INFO  [org.apa.kaf.cli.pro.KafkaProducer] (main) [Producer clientId=Producer-topic-f0a79d86_d77e_4129_b08a_c34612650c41] Instantiated an idempotent producer.
2025-10-08 13:32:09,285 INFO  [org.apa.kaf.cli.pro.ProducerConfig] (main) These configurations '[apicurio.registry.find-latest, apicurio.registry.url, apicurio.registry.artifact-resolver-strategy]' were supplied but are not used yet.
2025-10-08 13:32:09,285 INFO  [org.apa.kaf.com.uti.AppInfoParser] (main) Kafka version: 3.9.1
2025-10-08 13:32:09,285 INFO  [org.apa.kaf.com.uti.AppInfoParser] (main) Kafka commitId: f745dfdcee2b9851
2025-10-08 13:32:09,285 INFO  [org.apa.kaf.com.uti.AppInfoParser] (main) Kafka startTimeMs: 1759930329285
2025-10-08 13:32:09,286 INFO  [io.api.tes.ser.api.KafkaSerdesTester] (ForkJoinPool.commonPool-worker-3) Sending message {"keyB": "value-0"} to topic topic-f0a79d86_d77e_4129_b08a_c34612650c41
2025-10-08 13:32:09,289 INFO  [org.apa.kaf.cli.Metadata] (kafka-producer-network-thread | Producer-topic-f0a79d86_d77e_4129_b08a_c34612650c41) [Producer clientId=Producer-topic-f0a79d86_d77e_4129_b08a_c34612650c41] Cluster ID: SVjZkHnAQ8mYJ12eIV0raA
2025-10-08 13:32:09,289 INFO  [org.apa.kaf.cli.pro.int.TransactionManager] (kafka-producer-network-thread | Producer-topic-f0a79d86_d77e_4129_b08a_c34612650c41) [Producer clientId=Producer-topic-f0a79d86_d77e_4129_b08a_c34612650c41] ProducerId set to 8 with epoch 0
2025-10-08 13:32:09,352 INFO  [org.apa.kaf.cli.pro.KafkaProducer] (ForkJoinPool.commonPool-worker-3) [Producer clientId=Producer-topic-f0a79d86_d77e_4129_b08a_c34612650c41] Closing the Kafka producer with timeoutMillis = 9223372036854775807 ms.
2025-10-08 13:32:09,354 INFO  [org.apa.kaf.com.met.Metrics] (ForkJoinPool.commonPool-worker-3) Metrics scheduler closed
2025-10-08 13:32:09,354 INFO  [org.apa.kaf.com.met.Metrics] (ForkJoinPool.commonPool-worker-3) Closing reporter org.apache.kafka.common.metrics.JmxReporter
2025-10-08 13:32:09,354 INFO  [org.apa.kaf.com.met.Metrics] (ForkJoinPool.commonPool-worker-3) Closing reporter org.apache.kafka.common.telemetry.internals.ClientTelemetryReporter
2025-10-08 13:32:09,354 INFO  [org.apa.kaf.com.met.Metrics] (ForkJoinPool.commonPool-worker-3) Metrics reporters closed
2025-10-08 13:32:09,354 INFO  [org.apa.kaf.com.uti.AppInfoParser] (ForkJoinPool.commonPool-worker-3) App info kafka.producer for Producer-topic-f0a79d86_d77e_4129_b08a_c34612650c41 unregistered
2025-10-08 13:32:09,354 INFO  [io.api.tes.uti.TestSeparator] (main) io.apicurio.tests.serdes.apicurio.AvroSerdeIT.testAvroSerDesFailDifferentSchemaByRecordName-FINISHED
2025-10-08 13:32:09,355 INFO  [io.api.tes.uti.TestSeparator] (main) ############################################################################
Test passed: testAvroSerDesFailDifferentSchemaByRecordName
]]></system-out>
    <system-err><![CDATA[io.apicurio.registry.rest.client.models.ProblemDetails
	at io.apicurio.registry.rest.client.models.ProblemDetails.createFromDiscriminatorValue(ProblemDetails.java:58)
	at io.kiota.serialization.json.JsonParseNode.getObjectValue(JsonParseNode.java:247)
	at io.kiota.http.vertx.VertXRequestAdapter.lambda$throwIfFailedResponse$0(VertXRequestAdapter.java:400)
	at com.microsoft.kiota.ApiExceptionBuilder.<init>(ApiExceptionBuilder.java:26)
	at io.kiota.http.vertx.VertXRequestAdapter.throwIfFailedResponse(VertXRequestAdapter.java:399)
	at io.kiota.http.vertx.VertXRequestAdapter.send(VertXRequestAdapter.java:170)
	at jdk.internal.reflect.GeneratedMethodAccessor33.invoke(Unknown Source)
	at java.base/jdk.internal.reflect.DelegatingMethodAccessorImpl.invoke(DelegatingMethodAccessorImpl.java:43)
	at java.base/java.lang.reflect.Method.invoke(Method.java:569)
	at io.apicurio.registry.client.RegistryClientFactory$RetryInvocationHandler.invoke(RegistryClientFactory.java:146)
	at jdk.proxy2/jdk.proxy2.$Proxy65.send(Unknown Source)
	at io.apicurio.registry.rest.client.groups.item.artifacts.item.versions.item.WithVersionExpressionItemRequestBuilder.get(WithVersionExpressionItemRequestBuilder.java:128)
	at io.apicurio.registry.rest.client.groups.item.artifacts.item.versions.item.WithVersionExpressionItemRequestBuilder.get(WithVersionExpressionItemRequestBuilder.java:111)
	at io.apicurio.registry.resolver.client.RegistryClientFacadeImpl.getVersionCoordinatesByGAV(RegistryClientFacadeImpl.java:159)
	at io.apicurio.registry.resolver.DefaultSchemaResolver.resolveByCoordinates(DefaultSchemaResolver.java:352)
	at io.apicurio.registry.resolver.DefaultSchemaResolver.lambda$resolveSchemaByArtifactReferenceCached$6(DefaultSchemaResolver.java:340)
	at io.apicurio.registry.resolver.cache.ERCache.lambda$getValue$0(ERCache.java:174)
	at io.apicurio.registry.resolver.cache.ERCache.retry(ERCache.java:227)
	at io.apicurio.registry.resolver.cache.ERCache.getValue(ERCache.java:173)
	at io.apicurio.registry.resolver.cache.ERCache.getByArtifactCoordinates(ERCache.java:158)
	at io.apicurio.registry.resolver.DefaultSchemaResolver.resolveSchemaByArtifactReferenceCached(DefaultSchemaResolver.java:338)
	at io.apicurio.registry.resolver.DefaultSchemaResolver.resolveSchemaByCoordinates(DefaultSchemaResolver.java:193)
	at io.apicurio.registry.resolver.DefaultSchemaResolver.getSchemaFromRegistry(DefaultSchemaResolver.java:130)
	at io.apicurio.registry.resolver.DefaultSchemaResolver.lambda$resolveSchema$0(DefaultSchemaResolver.java:84)
	at java.base/java.util.Optional.orElseGet(Optional.java:364)
	at io.apicurio.registry.resolver.DefaultSchemaResolver.resolveSchema(DefaultSchemaResolver.java:84)
	at io.apicurio.registry.serde.AbstractSerializer.serializeData(AbstractSerializer.java:62)
	at io.apicurio.registry.serde.KafkaSerializer.serialize(KafkaSerializer.java:77)
	at org.apache.kafka.clients.producer.KafkaProducer.doSend(KafkaProducer.java:1046)
	at org.apache.kafka.clients.producer.KafkaProducer.send(KafkaProducer.java:993)
	at org.apache.kafka.clients.producer.KafkaProducer.send(KafkaProducer.java:875)
	at io.apicurio.tests.serdes.apicurio.KafkaSerdesTester.lambda$produceMessages$3(KafkaSerdesTester.java:138)
	at java.base/java.util.concurrent.CompletableFuture$AsyncSupply.run(CompletableFuture.java:1768)
	at java.base/java.util.concurrent.CompletableFuture$AsyncSupply.exec(CompletableFuture.java:1760)
	at java.base/java.util.concurrent.ForkJoinTask.doExec(ForkJoinTask.java:373)
	at java.base/java.util.concurrent.ForkJoinPool$WorkQueue.topLevelExec(ForkJoinPool.java:1182)
	at java.base/java.util.concurrent.ForkJoinPool.scan(ForkJoinPool.java:1655)
	at java.base/java.util.concurrent.ForkJoinPool.runWorker(ForkJoinPool.java:1622)
	at java.base/java.util.concurrent.ForkJoinWorkerThread.run(ForkJoinWorkerThread.java:165)
]]></system-err>
  </testcase>
  <testcase name="testTopicIdStrategyFindLatest" classname="io.apicurio.tests.serdes.apicurio.AvroSerdeIT" time="4.903">
    <system-out><![CDATA[2025-10-08 13:32:09,357 INFO  [io.api.tes.uti.TestSeparator] (main) ############################################################################
2025-10-08 13:32:09,357 INFO  [io.api.tes.uti.TestSeparator] (main) io.apicurio.tests.serdes.apicurio.AvroSerdeIT.testTopicIdStrategyFindLatest-STARTED
2025-10-08 13:32:09,358 INFO  [io.api.tes.ser.api.AvroSerdeIT] (main) Registering Avro Schema: {"type":"record","name":"myrecordapicurio1","fields":[{"name":"key11759930329357","type":"string"}]}
**** Registry Base URL: http://registry-app-ksql047.apps.ci419.apicurio-testing.org:80
2025-10-08 13:32:10,467 INFO  [org.apa.kaf.cli.pro.ProducerConfig] (main) ProducerConfig values: 
	acks = -1
	auto.include.jmx.reporter = true
	batch.size = 16384
	bootstrap.servers = [PLAINTEXT://localhost:32769]
	buffer.memory = 33554432
	client.dns.lookup = use_all_dns_ips
	client.id = Producer-topic-e846d422_c292_4a12_9aca_b809f528faf1
	compression.gzip.level = -1
	compression.lz4.level = 9
	compression.type = none
	compression.zstd.level = 3
	connections.max.idle.ms = 10000
	delivery.timeout.ms = 120000
	enable.idempotence = true
	enable.metrics.push = true
	interceptor.classes = []
	key.serializer = class org.apache.kafka.common.serialization.StringSerializer
	linger.ms = 0
	max.block.ms = 60000
	max.in.flight.requests.per.connection = 5
	max.request.size = 1048576
	metadata.max.age.ms = 300000
	metadata.max.idle.ms = 300000
	metadata.recovery.strategy = none
	metric.reporters = []
	metrics.num.samples = 2
	metrics.recording.level = INFO
	metrics.sample.window.ms = 30000
	partitioner.adaptive.partitioning.enable = true
	partitioner.availability.timeout.ms = 0
	partitioner.class = null
	partitioner.ignore.keys = false
	receive.buffer.bytes = 32768
	reconnect.backoff.max.ms = 1000
	reconnect.backoff.ms = 50
	request.timeout.ms = 5000
	retries = 2147483647
	retry.backoff.max.ms = 1000
	retry.backoff.ms = 100
	sasl.client.callback.handler.class = null
	sasl.jaas.config = null
	sasl.kerberos.kinit.cmd = /usr/bin/kinit
	sasl.kerberos.min.time.before.relogin = 60000
	sasl.kerberos.service.name = null
	sasl.kerberos.ticket.renew.jitter = 0.05
	sasl.kerberos.ticket.renew.window.factor = 0.8
	sasl.login.callback.handler.class = null
	sasl.login.class = null
	sasl.login.connect.timeout.ms = null
	sasl.login.read.timeout.ms = null
	sasl.login.refresh.buffer.seconds = 300
	sasl.login.refresh.min.period.seconds = 60
	sasl.login.refresh.window.factor = 0.8
	sasl.login.refresh.window.jitter = 0.05
	sasl.login.retry.backoff.max.ms = 10000
	sasl.login.retry.backoff.ms = 100
	sasl.mechanism = GSSAPI
	sasl.oauthbearer.clock.skew.seconds = 30
	sasl.oauthbearer.expected.audience = null
	sasl.oauthbearer.expected.issuer = null
	sasl.oauthbearer.header.urlencode = false
	sasl.oauthbearer.jwks.endpoint.refresh.ms = 3600000
	sasl.oauthbearer.jwks.endpoint.retry.backoff.max.ms = 10000
	sasl.oauthbearer.jwks.endpoint.retry.backoff.ms = 100
	sasl.oauthbearer.jwks.endpoint.url = null
	sasl.oauthbearer.scope.claim.name = scope
	sasl.oauthbearer.sub.claim.name = sub
	sasl.oauthbearer.token.endpoint.url = null
	security.protocol = PLAINTEXT
	security.providers = null
	send.buffer.bytes = 131072
	socket.connection.setup.timeout.max.ms = 30000
	socket.connection.setup.timeout.ms = 10000
	ssl.cipher.suites = null
	ssl.enabled.protocols = [TLSv1.2, TLSv1.3]
	ssl.endpoint.identification.algorithm = https
	ssl.engine.factory.class = null
	ssl.key.password = null
	ssl.keymanager.algorithm = SunX509
	ssl.keystore.certificate.chain = null
	ssl.keystore.key = null
	ssl.keystore.location = null
	ssl.keystore.password = null
	ssl.keystore.type = JKS
	ssl.protocol = TLSv1.3
	ssl.provider = null
	ssl.secure.random.implementation = null
	ssl.trustmanager.algorithm = PKIX
	ssl.truststore.certificates = null
	ssl.truststore.location = null
	ssl.truststore.password = null
	ssl.truststore.type = JKS
	transaction.timeout.ms = 60000
	transactional.id = null
	value.serializer = class io.apicurio.registry.serde.avro.AvroKafkaSerializer

2025-10-08 13:32:10,467 INFO  [org.apa.kaf.com.tel.int.KafkaMetricsCollector] (main) initializing Kafka metrics collector
2025-10-08 13:32:10,471 INFO  [org.apa.kaf.cli.pro.KafkaProducer] (main) [Producer clientId=Producer-topic-e846d422_c292_4a12_9aca_b809f528faf1] Instantiated an idempotent producer.
2025-10-08 13:32:10,473 INFO  [org.apa.kaf.cli.pro.ProducerConfig] (main) These configurations '[apicurio.registry.find-latest, apicurio.registry.url, apicurio.registry.artifact-resolver-strategy]' were supplied but are not used yet.
2025-10-08 13:32:10,473 INFO  [org.apa.kaf.com.uti.AppInfoParser] (main) Kafka version: 3.9.1
2025-10-08 13:32:10,473 INFO  [org.apa.kaf.com.uti.AppInfoParser] (main) Kafka commitId: f745dfdcee2b9851
2025-10-08 13:32:10,473 INFO  [org.apa.kaf.com.uti.AppInfoParser] (main) Kafka startTimeMs: 1759930330473
2025-10-08 13:32:10,474 INFO  [io.api.tes.ser.api.SimpleSerdesTesterBuilder$SimpleSerdesTester] (main) Using producer configuration: {apicurio.registry.find-latest=true, apicurio.registry.url=http://registry-app-ksql047.apps.ci419.apicurio-testing.org:80/apis/registry/v3, apicurio.registry.artifact-resolver-strategy=io.apicurio.registry.serde.strategy.TopicIdStrategy, value.serializer=io.apicurio.registry.serde.avro.AvroKafkaSerializer, request.timeout.ms=5000, acks=all, bootstrap.servers=PLAINTEXT://localhost:32769, connections.max.idle.ms=10000, key.serializer=org.apache.kafka.common.serialization.StringSerializer, client.id=Producer-topic-e846d422_c292_4a12_9aca_b809f528faf1}
2025-10-08 13:32:10,474 INFO  [io.api.tes.ser.api.SimpleSerdesTesterBuilder$SimpleSerdesTester] (main) Using consumer configuration: {}
2025-10-08 13:32:10,474 INFO  [io.api.tes.ser.api.KafkaSerdesTester] (ForkJoinPool.commonPool-worker-3) Sending message {"key11759930329357": "value-0"} to topic topic-e846d422_c292_4a12_9aca_b809f528faf1
2025-10-08 13:32:10,477 INFO  [org.apa.kaf.cli.Metadata] (kafka-producer-network-thread | Producer-topic-e846d422_c292_4a12_9aca_b809f528faf1) [Producer clientId=Producer-topic-e846d422_c292_4a12_9aca_b809f528faf1] Cluster ID: SVjZkHnAQ8mYJ12eIV0raA
2025-10-08 13:32:10,477 INFO  [org.apa.kaf.cli.pro.int.TransactionManager] (kafka-producer-network-thread | Producer-topic-e846d422_c292_4a12_9aca_b809f528faf1) [Producer clientId=Producer-topic-e846d422_c292_4a12_9aca_b809f528faf1] ProducerId set to 9 with epoch 0
2025-10-08 13:32:10,609 INFO  [io.api.tes.ser.api.KafkaSerdesTester] (ForkJoinPool.commonPool-worker-3) Sending message {"key11759930329357": "value-1"} to topic topic-e846d422_c292_4a12_9aca_b809f528faf1
2025-10-08 13:32:10,611 INFO  [io.api.tes.ser.api.KafkaSerdesTester] (ForkJoinPool.commonPool-worker-3) Sending message {"key11759930329357": "value-2"} to topic topic-e846d422_c292_4a12_9aca_b809f528faf1
2025-10-08 13:32:10,613 INFO  [io.api.tes.ser.api.KafkaSerdesTester] (ForkJoinPool.commonPool-worker-3) Sending message {"key11759930329357": "value-3"} to topic topic-e846d422_c292_4a12_9aca_b809f528faf1
2025-10-08 13:32:10,614 INFO  [io.api.tes.ser.api.KafkaSerdesTester] (ForkJoinPool.commonPool-worker-3) Sending message {"key11759930329357": "value-4"} to topic topic-e846d422_c292_4a12_9aca_b809f528faf1
2025-10-08 13:32:10,616 INFO  [io.api.tes.ser.api.KafkaSerdesTester] (ForkJoinPool.commonPool-worker-3) Sending message {"key11759930329357": "value-5"} to topic topic-e846d422_c292_4a12_9aca_b809f528faf1
2025-10-08 13:32:10,617 INFO  [io.api.tes.ser.api.KafkaSerdesTester] (ForkJoinPool.commonPool-worker-3) Sending message {"key11759930329357": "value-6"} to topic topic-e846d422_c292_4a12_9aca_b809f528faf1
2025-10-08 13:32:10,618 INFO  [io.api.tes.ser.api.KafkaSerdesTester] (ForkJoinPool.commonPool-worker-3) Sending message {"key11759930329357": "value-7"} to topic topic-e846d422_c292_4a12_9aca_b809f528faf1
2025-10-08 13:32:10,620 INFO  [io.api.tes.ser.api.KafkaSerdesTester] (ForkJoinPool.commonPool-worker-3) Sending message {"key11759930329357": "value-8"} to topic topic-e846d422_c292_4a12_9aca_b809f528faf1
2025-10-08 13:32:10,622 INFO  [io.api.tes.ser.api.KafkaSerdesTester] (ForkJoinPool.commonPool-worker-3) Sending message {"key11759930329357": "value-9"} to topic topic-e846d422_c292_4a12_9aca_b809f528faf1
2025-10-08 13:32:10,623 INFO  [io.api.tes.ser.api.KafkaSerdesTester] (ForkJoinPool.commonPool-worker-3) Produced 10 messages
2025-10-08 13:32:10,623 INFO  [org.apa.kaf.cli.pro.KafkaProducer] (ForkJoinPool.commonPool-worker-3) [Producer clientId=Producer-topic-e846d422_c292_4a12_9aca_b809f528faf1] Closing the Kafka producer with timeoutMillis = 9223372036854775807 ms.
2025-10-08 13:32:10,625 INFO  [org.apa.kaf.com.met.Metrics] (ForkJoinPool.commonPool-worker-3) Metrics scheduler closed
2025-10-08 13:32:10,625 INFO  [org.apa.kaf.com.met.Metrics] (ForkJoinPool.commonPool-worker-3) Closing reporter org.apache.kafka.common.metrics.JmxReporter
2025-10-08 13:32:10,625 INFO  [org.apa.kaf.com.met.Metrics] (ForkJoinPool.commonPool-worker-3) Closing reporter org.apache.kafka.common.telemetry.internals.ClientTelemetryReporter
2025-10-08 13:32:10,625 INFO  [org.apa.kaf.com.met.Metrics] (ForkJoinPool.commonPool-worker-3) Metrics reporters closed
2025-10-08 13:32:10,626 INFO  [org.apa.kaf.com.uti.AppInfoParser] (ForkJoinPool.commonPool-worker-3) App info kafka.producer for Producer-topic-e846d422_c292_4a12_9aca_b809f528faf1 unregistered
**** Registry Base URL: http://registry-app-ksql047.apps.ci419.apicurio-testing.org:80
2025-10-08 13:32:10,626 INFO  [org.apa.kaf.cli.con.ConsumerConfig] (main) ConsumerConfig values: 
	allow.auto.create.topics = true
	auto.commit.interval.ms = 500
	auto.include.jmx.reporter = true
	auto.offset.reset = earliest
	bootstrap.servers = [PLAINTEXT://localhost:32769]
	check.crcs = true
	client.dns.lookup = use_all_dns_ips
	client.id = consumer-Consumer-topic-e846d422_c292_4a12_9aca_b809f528faf1-7
	client.rack = 
	connections.max.idle.ms = 10000
	default.api.timeout.ms = 60000
	enable.auto.commit = true
	enable.metrics.push = true
	exclude.internal.topics = true
	fetch.max.bytes = 52428800
	fetch.max.wait.ms = 500
	fetch.min.bytes = 1
	group.id = Consumer-topic-e846d422_c292_4a12_9aca_b809f528faf1
	group.instance.id = null
	group.protocol = classic
	group.remote.assignor = null
	heartbeat.interval.ms = 3000
	interceptor.classes = []
	internal.leave.group.on.close = true
	internal.throw.on.fetch.stable.offset.unsupported = false
	isolation.level = read_uncommitted
	key.deserializer = class org.apache.kafka.common.serialization.StringDeserializer
	max.partition.fetch.bytes = 1048576
	max.poll.interval.ms = 300000
	max.poll.records = 500
	metadata.max.age.ms = 300000
	metadata.recovery.strategy = none
	metric.reporters = []
	metrics.num.samples = 2
	metrics.recording.level = INFO
	metrics.sample.window.ms = 30000
	partition.assignment.strategy = [class org.apache.kafka.clients.consumer.RangeAssignor, class org.apache.kafka.clients.consumer.CooperativeStickyAssignor]
	receive.buffer.bytes = 65536
	reconnect.backoff.max.ms = 1000
	reconnect.backoff.ms = 50
	request.timeout.ms = 5000
	retry.backoff.max.ms = 1000
	retry.backoff.ms = 100
	sasl.client.callback.handler.class = null
	sasl.jaas.config = null
	sasl.kerberos.kinit.cmd = /usr/bin/kinit
	sasl.kerberos.min.time.before.relogin = 60000
	sasl.kerberos.service.name = null
	sasl.kerberos.ticket.renew.jitter = 0.05
	sasl.kerberos.ticket.renew.window.factor = 0.8
	sasl.login.callback.handler.class = null
	sasl.login.class = null
	sasl.login.connect.timeout.ms = null
	sasl.login.read.timeout.ms = null
	sasl.login.refresh.buffer.seconds = 300
	sasl.login.refresh.min.period.seconds = 60
	sasl.login.refresh.window.factor = 0.8
	sasl.login.refresh.window.jitter = 0.05
	sasl.login.retry.backoff.max.ms = 10000
	sasl.login.retry.backoff.ms = 100
	sasl.mechanism = GSSAPI
	sasl.oauthbearer.clock.skew.seconds = 30
	sasl.oauthbearer.expected.audience = null
	sasl.oauthbearer.expected.issuer = null
	sasl.oauthbearer.header.urlencode = false
	sasl.oauthbearer.jwks.endpoint.refresh.ms = 3600000
	sasl.oauthbearer.jwks.endpoint.retry.backoff.max.ms = 10000
	sasl.oauthbearer.jwks.endpoint.retry.backoff.ms = 100
	sasl.oauthbearer.jwks.endpoint.url = null
	sasl.oauthbearer.scope.claim.name = scope
	sasl.oauthbearer.sub.claim.name = sub
	sasl.oauthbearer.token.endpoint.url = null
	security.protocol = PLAINTEXT
	security.providers = null
	send.buffer.bytes = 131072
	session.timeout.ms = 45000
	socket.connection.setup.timeout.max.ms = 30000
	socket.connection.setup.timeout.ms = 10000
	ssl.cipher.suites = null
	ssl.enabled.protocols = [TLSv1.2, TLSv1.3]
	ssl.endpoint.identification.algorithm = https
	ssl.engine.factory.class = null
	ssl.key.password = null
	ssl.keymanager.algorithm = SunX509
	ssl.keystore.certificate.chain = null
	ssl.keystore.key = null
	ssl.keystore.location = null
	ssl.keystore.password = null
	ssl.keystore.type = JKS
	ssl.protocol = TLSv1.3
	ssl.provider = null
	ssl.secure.random.implementation = null
	ssl.trustmanager.algorithm = PKIX
	ssl.truststore.certificates = null
	ssl.truststore.location = null
	ssl.truststore.password = null
	ssl.truststore.type = JKS
	value.deserializer = class io.apicurio.registry.serde.avro.AvroKafkaDeserializer

2025-10-08 13:32:10,627 INFO  [org.apa.kaf.com.tel.int.KafkaMetricsCollector] (main) initializing Kafka metrics collector
2025-10-08 13:32:10,632 INFO  [org.apa.kaf.cli.con.ConsumerConfig] (main) These configurations '[apicurio.registry.url]' were supplied but are not used yet.
2025-10-08 13:32:10,632 INFO  [org.apa.kaf.com.uti.AppInfoParser] (main) Kafka version: 3.9.1
2025-10-08 13:32:10,632 INFO  [org.apa.kaf.com.uti.AppInfoParser] (main) Kafka commitId: f745dfdcee2b9851
2025-10-08 13:32:10,632 INFO  [org.apa.kaf.com.uti.AppInfoParser] (main) Kafka startTimeMs: 1759930330632
2025-10-08 13:32:10,632 INFO  [org.apa.kaf.cli.con.int.ClassicKafkaConsumer] (ForkJoinPool.commonPool-worker-3) [Consumer clientId=consumer-Consumer-topic-e846d422_c292_4a12_9aca_b809f528faf1-7, groupId=Consumer-topic-e846d422_c292_4a12_9aca_b809f528faf1] Subscribed to topic(s): topic-e846d422_c292_4a12_9aca_b809f528faf1
2025-10-08 13:32:10,636 INFO  [org.apa.kaf.cli.Metadata] (ForkJoinPool.commonPool-worker-3) [Consumer clientId=consumer-Consumer-topic-e846d422_c292_4a12_9aca_b809f528faf1-7, groupId=Consumer-topic-e846d422_c292_4a12_9aca_b809f528faf1] Cluster ID: SVjZkHnAQ8mYJ12eIV0raA
2025-10-08 13:32:10,636 INFO  [org.apa.kaf.cli.con.int.ConsumerCoordinator] (ForkJoinPool.commonPool-worker-3) [Consumer clientId=consumer-Consumer-topic-e846d422_c292_4a12_9aca_b809f528faf1-7, groupId=Consumer-topic-e846d422_c292_4a12_9aca_b809f528faf1] Discovered group coordinator localhost:32769 (id: 2147483647 rack: null)
2025-10-08 13:32:10,637 INFO  [org.apa.kaf.cli.con.int.ConsumerCoordinator] (ForkJoinPool.commonPool-worker-3) [Consumer clientId=consumer-Consumer-topic-e846d422_c292_4a12_9aca_b809f528faf1-7, groupId=Consumer-topic-e846d422_c292_4a12_9aca_b809f528faf1] (Re-)joining group
2025-10-08 13:32:10,639 INFO  [org.apa.kaf.cli.con.int.ConsumerCoordinator] (ForkJoinPool.commonPool-worker-3) [Consumer clientId=consumer-Consumer-topic-e846d422_c292_4a12_9aca_b809f528faf1-7, groupId=Consumer-topic-e846d422_c292_4a12_9aca_b809f528faf1] Request joining group due to: need to re-join with the given member-id: consumer-Consumer-topic-e846d422_c292_4a12_9aca_b809f528faf1-7-1bfd1b38-d851-461b-b1d9-8f85d4160f3a
2025-10-08 13:32:10,639 INFO  [org.apa.kaf.cli.con.int.ConsumerCoordinator] (ForkJoinPool.commonPool-worker-3) [Consumer clientId=consumer-Consumer-topic-e846d422_c292_4a12_9aca_b809f528faf1-7, groupId=Consumer-topic-e846d422_c292_4a12_9aca_b809f528faf1] (Re-)joining group
2025-10-08 13:32:11,633 INFO  [io.api.tes.ser.api.KafkaSerdesTester] (ForkJoinPool.commonPool-worker-3) None found
2025-10-08 13:32:12,633 INFO  [io.api.tes.ser.api.KafkaSerdesTester] (ForkJoinPool.commonPool-worker-3) None found
2025-10-08 13:32:13,633 INFO  [io.api.tes.ser.api.KafkaSerdesTester] (ForkJoinPool.commonPool-worker-3) None found
2025-10-08 13:32:13,641 INFO  [org.apa.kaf.cli.con.int.ConsumerCoordinator] (ForkJoinPool.commonPool-worker-3) [Consumer clientId=consumer-Consumer-topic-e846d422_c292_4a12_9aca_b809f528faf1-7, groupId=Consumer-topic-e846d422_c292_4a12_9aca_b809f528faf1] Successfully joined group with generation Generation{generationId=1, memberId='consumer-Consumer-topic-e846d422_c292_4a12_9aca_b809f528faf1-7-1bfd1b38-d851-461b-b1d9-8f85d4160f3a', protocol='range'}
2025-10-08 13:32:13,641 INFO  [org.apa.kaf.cli.con.int.ConsumerCoordinator] (ForkJoinPool.commonPool-worker-3) [Consumer clientId=consumer-Consumer-topic-e846d422_c292_4a12_9aca_b809f528faf1-7, groupId=Consumer-topic-e846d422_c292_4a12_9aca_b809f528faf1] Finished assignment for group at generation 1: {consumer-Consumer-topic-e846d422_c292_4a12_9aca_b809f528faf1-7-1bfd1b38-d851-461b-b1d9-8f85d4160f3a=Assignment(partitions=[topic-e846d422_c292_4a12_9aca_b809f528faf1-0])}
2025-10-08 13:32:13,648 INFO  [org.apa.kaf.cli.con.int.ConsumerCoordinator] (ForkJoinPool.commonPool-worker-3) [Consumer clientId=consumer-Consumer-topic-e846d422_c292_4a12_9aca_b809f528faf1-7, groupId=Consumer-topic-e846d422_c292_4a12_9aca_b809f528faf1] Successfully synced group in generation Generation{generationId=1, memberId='consumer-Consumer-topic-e846d422_c292_4a12_9aca_b809f528faf1-7-1bfd1b38-d851-461b-b1d9-8f85d4160f3a', protocol='range'}
2025-10-08 13:32:13,648 INFO  [org.apa.kaf.cli.con.int.ConsumerCoordinator] (ForkJoinPool.commonPool-worker-3) [Consumer clientId=consumer-Consumer-topic-e846d422_c292_4a12_9aca_b809f528faf1-7, groupId=Consumer-topic-e846d422_c292_4a12_9aca_b809f528faf1] Notifying assignor about the new Assignment(partitions=[topic-e846d422_c292_4a12_9aca_b809f528faf1-0])
2025-10-08 13:32:13,649 INFO  [org.apa.kaf.cli.con.int.ConsumerRebalanceListenerInvoker] (ForkJoinPool.commonPool-worker-3) [Consumer clientId=consumer-Consumer-topic-e846d422_c292_4a12_9aca_b809f528faf1-7, groupId=Consumer-topic-e846d422_c292_4a12_9aca_b809f528faf1] Adding newly assigned partitions: topic-e846d422_c292_4a12_9aca_b809f528faf1-0
2025-10-08 13:32:13,650 INFO  [org.apa.kaf.cli.con.int.ConsumerCoordinator] (ForkJoinPool.commonPool-worker-3) [Consumer clientId=consumer-Consumer-topic-e846d422_c292_4a12_9aca_b809f528faf1-7, groupId=Consumer-topic-e846d422_c292_4a12_9aca_b809f528faf1] Found no committed offset for partition topic-e846d422_c292_4a12_9aca_b809f528faf1-0
2025-10-08 13:32:13,653 INFO  [org.apa.kaf.cli.con.int.SubscriptionState] (ForkJoinPool.commonPool-worker-3) [Consumer clientId=consumer-Consumer-topic-e846d422_c292_4a12_9aca_b809f528faf1-7, groupId=Consumer-topic-e846d422_c292_4a12_9aca_b809f528faf1] Resetting offset for partition topic-e846d422_c292_4a12_9aca_b809f528faf1-0 to position FetchPosition{offset=0, offsetEpoch=Optional.empty, currentLeader=LeaderAndEpoch{leader=Optional[localhost:32769 (id: 0 rack: null)], epoch=0}}.
2025-10-08 13:32:13,753 INFO  [io.api.tes.ser.api.KafkaSerdesTester] (ForkJoinPool.commonPool-worker-3) topic-e846d422_c292_4a12_9aca_b809f528faf1 0 0 {"key11759930329357": "value-0"}
2025-10-08 13:32:13,753 INFO  [io.api.tes.ser.api.KafkaSerdesTester] (ForkJoinPool.commonPool-worker-3) topic-e846d422_c292_4a12_9aca_b809f528faf1 0 1 {"key11759930329357": "value-1"}
2025-10-08 13:32:13,753 INFO  [io.api.tes.ser.api.KafkaSerdesTester] (ForkJoinPool.commonPool-worker-3) topic-e846d422_c292_4a12_9aca_b809f528faf1 0 2 {"key11759930329357": "value-2"}
2025-10-08 13:32:13,753 INFO  [io.api.tes.ser.api.KafkaSerdesTester] (ForkJoinPool.commonPool-worker-3) topic-e846d422_c292_4a12_9aca_b809f528faf1 0 3 {"key11759930329357": "value-3"}
2025-10-08 13:32:13,753 INFO  [io.api.tes.ser.api.KafkaSerdesTester] (ForkJoinPool.commonPool-worker-3) topic-e846d422_c292_4a12_9aca_b809f528faf1 0 4 {"key11759930329357": "value-4"}
2025-10-08 13:32:13,753 INFO  [io.api.tes.ser.api.KafkaSerdesTester] (ForkJoinPool.commonPool-worker-3) topic-e846d422_c292_4a12_9aca_b809f528faf1 0 5 {"key11759930329357": "value-5"}
2025-10-08 13:32:13,753 INFO  [io.api.tes.ser.api.KafkaSerdesTester] (ForkJoinPool.commonPool-worker-3) topic-e846d422_c292_4a12_9aca_b809f528faf1 0 6 {"key11759930329357": "value-6"}
2025-10-08 13:32:13,753 INFO  [io.api.tes.ser.api.KafkaSerdesTester] (ForkJoinPool.commonPool-worker-3) topic-e846d422_c292_4a12_9aca_b809f528faf1 0 7 {"key11759930329357": "value-7"}
2025-10-08 13:32:13,753 INFO  [io.api.tes.ser.api.KafkaSerdesTester] (ForkJoinPool.commonPool-worker-3) topic-e846d422_c292_4a12_9aca_b809f528faf1 0 8 {"key11759930329357": "value-8"}
2025-10-08 13:32:13,753 INFO  [io.api.tes.ser.api.KafkaSerdesTester] (ForkJoinPool.commonPool-worker-3) topic-e846d422_c292_4a12_9aca_b809f528faf1 0 9 {"key11759930329357": "value-9"}
2025-10-08 13:32:13,753 INFO  [io.api.tes.ser.api.KafkaSerdesTester] (ForkJoinPool.commonPool-worker-3) Consumed 10 messages
2025-10-08 13:32:13,760 INFO  [org.apa.kaf.cli.con.int.ConsumerRebalanceListenerInvoker] (ForkJoinPool.commonPool-worker-3) [Consumer clientId=consumer-Consumer-topic-e846d422_c292_4a12_9aca_b809f528faf1-7, groupId=Consumer-topic-e846d422_c292_4a12_9aca_b809f528faf1] Revoke previously assigned partitions topic-e846d422_c292_4a12_9aca_b809f528faf1-0
2025-10-08 13:32:13,760 INFO  [org.apa.kaf.cli.con.int.ConsumerCoordinator] (ForkJoinPool.commonPool-worker-3) [Consumer clientId=consumer-Consumer-topic-e846d422_c292_4a12_9aca_b809f528faf1-7, groupId=Consumer-topic-e846d422_c292_4a12_9aca_b809f528faf1] Member consumer-Consumer-topic-e846d422_c292_4a12_9aca_b809f528faf1-7-1bfd1b38-d851-461b-b1d9-8f85d4160f3a sending LeaveGroup request to coordinator localhost:32769 (id: 2147483647 rack: null) due to the consumer is being closed
2025-10-08 13:32:13,760 INFO  [org.apa.kaf.cli.con.int.ConsumerCoordinator] (ForkJoinPool.commonPool-worker-3) [Consumer clientId=consumer-Consumer-topic-e846d422_c292_4a12_9aca_b809f528faf1-7, groupId=Consumer-topic-e846d422_c292_4a12_9aca_b809f528faf1] Resetting generation and member id due to: consumer pro-actively leaving the group
2025-10-08 13:32:13,760 INFO  [org.apa.kaf.cli.con.int.ConsumerCoordinator] (ForkJoinPool.commonPool-worker-3) [Consumer clientId=consumer-Consumer-topic-e846d422_c292_4a12_9aca_b809f528faf1-7, groupId=Consumer-topic-e846d422_c292_4a12_9aca_b809f528faf1] Request joining group due to: consumer pro-actively leaving the group
2025-10-08 13:32:14,255 INFO  [org.apa.kaf.com.met.Metrics] (ForkJoinPool.commonPool-worker-3) Metrics scheduler closed
2025-10-08 13:32:14,255 INFO  [org.apa.kaf.com.met.Metrics] (ForkJoinPool.commonPool-worker-3) Closing reporter org.apache.kafka.common.metrics.JmxReporter
2025-10-08 13:32:14,256 INFO  [org.apa.kaf.com.met.Metrics] (ForkJoinPool.commonPool-worker-3) Closing reporter org.apache.kafka.common.telemetry.internals.ClientTelemetryReporter
2025-10-08 13:32:14,256 INFO  [org.apa.kaf.com.met.Metrics] (ForkJoinPool.commonPool-worker-3) Metrics reporters closed
2025-10-08 13:32:14,257 INFO  [org.apa.kaf.com.uti.AppInfoParser] (ForkJoinPool.commonPool-worker-3) App info kafka.consumer for consumer-Consumer-topic-e846d422_c292_4a12_9aca_b809f528faf1-7 unregistered
2025-10-08 13:32:14,257 INFO  [io.api.tes.uti.TestSeparator] (main) io.apicurio.tests.serdes.apicurio.AvroSerdeIT.testTopicIdStrategyFindLatest-FINISHED
2025-10-08 13:32:14,257 INFO  [io.api.tes.uti.TestSeparator] (main) ############################################################################
Test passed: testTopicIdStrategyFindLatest
]]></system-out>
  </testcase>
  <testcase name="testAvroUnionWithSpecificReader" classname="io.apicurio.tests.serdes.apicurio.AvroSerdeIT" time="4.206">
    <system-out><![CDATA[2025-10-08 13:32:14,259 INFO  [io.api.tes.uti.TestSeparator] (main) ############################################################################
2025-10-08 13:32:14,259 INFO  [io.api.tes.uti.TestSeparator] (main) io.apicurio.tests.serdes.apicurio.AvroSerdeIT.testAvroUnionWithSpecificReader-STARTED
**** Registry Base URL: http://registry-app-ksql047.apps.ci419.apicurio-testing.org:80
2025-10-08 13:32:14,262 INFO  [org.apa.kaf.cli.pro.ProducerConfig] (main) ProducerConfig values: 
	acks = -1
	auto.include.jmx.reporter = true
	batch.size = 16384
	bootstrap.servers = [PLAINTEXT://localhost:32769]
	buffer.memory = 33554432
	client.dns.lookup = use_all_dns_ips
	client.id = Producer-topic-fa360fe7_c665_4751_8b05_be12a95edabc
	compression.gzip.level = -1
	compression.lz4.level = 9
	compression.type = none
	compression.zstd.level = 3
	connections.max.idle.ms = 10000
	delivery.timeout.ms = 120000
	enable.idempotence = true
	enable.metrics.push = true
	interceptor.classes = []
	key.serializer = class org.apache.kafka.common.serialization.StringSerializer
	linger.ms = 0
	max.block.ms = 60000
	max.in.flight.requests.per.connection = 5
	max.request.size = 1048576
	metadata.max.age.ms = 300000
	metadata.max.idle.ms = 300000
	metadata.recovery.strategy = none
	metric.reporters = []
	metrics.num.samples = 2
	metrics.recording.level = INFO
	metrics.sample.window.ms = 30000
	partitioner.adaptive.partitioning.enable = true
	partitioner.availability.timeout.ms = 0
	partitioner.class = null
	partitioner.ignore.keys = false
	receive.buffer.bytes = 32768
	reconnect.backoff.max.ms = 1000
	reconnect.backoff.ms = 50
	request.timeout.ms = 5000
	retries = 2147483647
	retry.backoff.max.ms = 1000
	retry.backoff.ms = 100
	sasl.client.callback.handler.class = null
	sasl.jaas.config = null
	sasl.kerberos.kinit.cmd = /usr/bin/kinit
	sasl.kerberos.min.time.before.relogin = 60000
	sasl.kerberos.service.name = null
	sasl.kerberos.ticket.renew.jitter = 0.05
	sasl.kerberos.ticket.renew.window.factor = 0.8
	sasl.login.callback.handler.class = null
	sasl.login.class = null
	sasl.login.connect.timeout.ms = null
	sasl.login.read.timeout.ms = null
	sasl.login.refresh.buffer.seconds = 300
	sasl.login.refresh.min.period.seconds = 60
	sasl.login.refresh.window.factor = 0.8
	sasl.login.refresh.window.jitter = 0.05
	sasl.login.retry.backoff.max.ms = 10000
	sasl.login.retry.backoff.ms = 100
	sasl.mechanism = GSSAPI
	sasl.oauthbearer.clock.skew.seconds = 30
	sasl.oauthbearer.expected.audience = null
	sasl.oauthbearer.expected.issuer = null
	sasl.oauthbearer.header.urlencode = false
	sasl.oauthbearer.jwks.endpoint.refresh.ms = 3600000
	sasl.oauthbearer.jwks.endpoint.retry.backoff.max.ms = 10000
	sasl.oauthbearer.jwks.endpoint.retry.backoff.ms = 100
	sasl.oauthbearer.jwks.endpoint.url = null
	sasl.oauthbearer.scope.claim.name = scope
	sasl.oauthbearer.sub.claim.name = sub
	sasl.oauthbearer.token.endpoint.url = null
	security.protocol = PLAINTEXT
	security.providers = null
	send.buffer.bytes = 131072
	socket.connection.setup.timeout.max.ms = 30000
	socket.connection.setup.timeout.ms = 10000
	ssl.cipher.suites = null
	ssl.enabled.protocols = [TLSv1.2, TLSv1.3]
	ssl.endpoint.identification.algorithm = https
	ssl.engine.factory.class = null
	ssl.key.password = null
	ssl.keymanager.algorithm = SunX509
	ssl.keystore.certificate.chain = null
	ssl.keystore.key = null
	ssl.keystore.location = null
	ssl.keystore.password = null
	ssl.keystore.type = JKS
	ssl.protocol = TLSv1.3
	ssl.provider = null
	ssl.secure.random.implementation = null
	ssl.trustmanager.algorithm = PKIX
	ssl.truststore.certificates = null
	ssl.truststore.location = null
	ssl.truststore.password = null
	ssl.truststore.type = JKS
	transaction.timeout.ms = 60000
	transactional.id = null
	value.serializer = class io.apicurio.registry.serde.avro.AvroKafkaSerializer

2025-10-08 13:32:14,262 INFO  [org.apa.kaf.com.tel.int.KafkaMetricsCollector] (main) initializing Kafka metrics collector
2025-10-08 13:32:14,265 INFO  [org.apa.kaf.cli.pro.KafkaProducer] (main) [Producer clientId=Producer-topic-fa360fe7_c665_4751_8b05_be12a95edabc] Instantiated an idempotent producer.
2025-10-08 13:32:14,267 INFO  [org.apa.kaf.cli.pro.ProducerConfig] (main) These configurations '[apicurio.registry.url, apicurio.registry.auto-register, apicurio.registry.artifact-resolver-strategy]' were supplied but are not used yet.
2025-10-08 13:32:14,267 INFO  [org.apa.kaf.com.uti.AppInfoParser] (main) Kafka version: 3.9.1
2025-10-08 13:32:14,267 INFO  [org.apa.kaf.com.uti.AppInfoParser] (main) Kafka commitId: f745dfdcee2b9851
2025-10-08 13:32:14,267 INFO  [org.apa.kaf.com.uti.AppInfoParser] (main) Kafka startTimeMs: 1759930334267
2025-10-08 13:32:14,268 INFO  [io.api.tes.ser.api.SimpleSerdesTesterBuilder$SimpleSerdesTester] (main) Using producer configuration: {apicurio.registry.url=http://registry-app-ksql047.apps.ci419.apicurio-testing.org:80/apis/registry/v3, apicurio.registry.auto-register=true, apicurio.registry.artifact-resolver-strategy=io.apicurio.registry.serde.strategy.TopicIdStrategy, value.serializer=io.apicurio.registry.serde.avro.AvroKafkaSerializer, request.timeout.ms=5000, acks=all, bootstrap.servers=PLAINTEXT://localhost:32769, connections.max.idle.ms=10000, key.serializer=org.apache.kafka.common.serialization.StringSerializer, client.id=Producer-topic-fa360fe7_c665_4751_8b05_be12a95edabc}
2025-10-08 13:32:14,268 INFO  [io.api.tes.ser.api.SimpleSerdesTesterBuilder$SimpleSerdesTester] (main) Using consumer configuration: {}
2025-10-08 13:32:14,268 INFO  [io.api.tes.ser.api.KafkaSerdesTester] (ForkJoinPool.commonPool-worker-3) Sending message {"id": "record-0"} to topic topic-fa360fe7_c665_4751_8b05_be12a95edabc
2025-10-08 13:32:14,271 WARN  [org.apa.kaf.cli.NetworkClient] (kafka-producer-network-thread | Producer-topic-fa360fe7_c665_4751_8b05_be12a95edabc) [Producer clientId=Producer-topic-fa360fe7_c665_4751_8b05_be12a95edabc] The metadata response from the cluster reported a recoverable issue with correlation id 1 : {topic-fa360fe7_c665_4751_8b05_be12a95edabc=UNKNOWN_TOPIC_OR_PARTITION}
2025-10-08 13:32:14,271 INFO  [org.apa.kaf.cli.Metadata] (kafka-producer-network-thread | Producer-topic-fa360fe7_c665_4751_8b05_be12a95edabc) [Producer clientId=Producer-topic-fa360fe7_c665_4751_8b05_be12a95edabc] Cluster ID: SVjZkHnAQ8mYJ12eIV0raA
2025-10-08 13:32:14,271 INFO  [org.apa.kaf.cli.pro.int.TransactionManager] (kafka-producer-network-thread | Producer-topic-fa360fe7_c665_4751_8b05_be12a95edabc) [Producer clientId=Producer-topic-fa360fe7_c665_4751_8b05_be12a95edabc] ProducerId set to 10 with epoch 0
2025-10-08 13:32:14,496 INFO  [io.api.tes.ser.api.KafkaSerdesTester] (ForkJoinPool.commonPool-worker-3) Sending message {"value": 1} to topic topic-fa360fe7_c665_4751_8b05_be12a95edabc
2025-10-08 13:32:14,581 INFO  [io.api.tes.ser.api.KafkaSerdesTester] (ForkJoinPool.commonPool-worker-3) Sending message {"active": true} to topic topic-fa360fe7_c665_4751_8b05_be12a95edabc
2025-10-08 13:32:14,662 INFO  [io.api.tes.ser.api.KafkaSerdesTester] (ForkJoinPool.commonPool-worker-3) Sending message {"id": "record-3"} to topic topic-fa360fe7_c665_4751_8b05_be12a95edabc
2025-10-08 13:32:14,663 INFO  [io.api.tes.ser.api.KafkaSerdesTester] (ForkJoinPool.commonPool-worker-3) Sending message {"value": 4} to topic topic-fa360fe7_c665_4751_8b05_be12a95edabc
2025-10-08 13:32:14,664 INFO  [io.api.tes.ser.api.KafkaSerdesTester] (ForkJoinPool.commonPool-worker-3) Sending message {"active": false} to topic topic-fa360fe7_c665_4751_8b05_be12a95edabc
2025-10-08 13:32:14,666 INFO  [io.api.tes.ser.api.KafkaSerdesTester] (ForkJoinPool.commonPool-worker-3) Sending message {"id": "record-6"} to topic topic-fa360fe7_c665_4751_8b05_be12a95edabc
2025-10-08 13:32:14,667 INFO  [io.api.tes.ser.api.KafkaSerdesTester] (ForkJoinPool.commonPool-worker-3) Sending message {"value": 7} to topic topic-fa360fe7_c665_4751_8b05_be12a95edabc
2025-10-08 13:32:14,669 INFO  [io.api.tes.ser.api.KafkaSerdesTester] (ForkJoinPool.commonPool-worker-3) Sending message {"active": true} to topic topic-fa360fe7_c665_4751_8b05_be12a95edabc
2025-10-08 13:32:14,671 INFO  [io.api.tes.ser.api.KafkaSerdesTester] (ForkJoinPool.commonPool-worker-3) Sending message {"id": "record-9"} to topic topic-fa360fe7_c665_4751_8b05_be12a95edabc
2025-10-08 13:32:14,672 INFO  [io.api.tes.ser.api.KafkaSerdesTester] (ForkJoinPool.commonPool-worker-3) Produced 10 messages
2025-10-08 13:32:14,672 INFO  [org.apa.kaf.cli.pro.KafkaProducer] (ForkJoinPool.commonPool-worker-3) [Producer clientId=Producer-topic-fa360fe7_c665_4751_8b05_be12a95edabc] Closing the Kafka producer with timeoutMillis = 9223372036854775807 ms.
2025-10-08 13:32:14,674 INFO  [org.apa.kaf.com.met.Metrics] (ForkJoinPool.commonPool-worker-3) Metrics scheduler closed
2025-10-08 13:32:14,674 INFO  [org.apa.kaf.com.met.Metrics] (ForkJoinPool.commonPool-worker-3) Closing reporter org.apache.kafka.common.metrics.JmxReporter
2025-10-08 13:32:14,674 INFO  [org.apa.kaf.com.met.Metrics] (ForkJoinPool.commonPool-worker-3) Closing reporter org.apache.kafka.common.telemetry.internals.ClientTelemetryReporter
2025-10-08 13:32:14,674 INFO  [org.apa.kaf.com.met.Metrics] (ForkJoinPool.commonPool-worker-3) Metrics reporters closed
2025-10-08 13:32:14,675 INFO  [org.apa.kaf.com.uti.AppInfoParser] (ForkJoinPool.commonPool-worker-3) App info kafka.producer for Producer-topic-fa360fe7_c665_4751_8b05_be12a95edabc unregistered
2025-10-08 13:32:14,708 INFO  [io.api.tes.ser.api.AvroSerdeIT] (main) Artifact topic-fa360fe7_c665_4751_8b05_be12a95edabc-value found in registry with globalId 25
**** Registry Base URL: http://registry-app-ksql047.apps.ci419.apicurio-testing.org:80
2025-10-08 13:32:14,709 INFO  [org.apa.kaf.cli.con.ConsumerConfig] (main) ConsumerConfig values: 
	allow.auto.create.topics = true
	auto.commit.interval.ms = 500
	auto.include.jmx.reporter = true
	auto.offset.reset = earliest
	bootstrap.servers = [PLAINTEXT://localhost:32769]
	check.crcs = true
	client.dns.lookup = use_all_dns_ips
	client.id = consumer-Consumer-topic-fa360fe7_c665_4751_8b05_be12a95edabc-8
	client.rack = 
	connections.max.idle.ms = 10000
	default.api.timeout.ms = 60000
	enable.auto.commit = true
	enable.metrics.push = true
	exclude.internal.topics = true
	fetch.max.bytes = 52428800
	fetch.max.wait.ms = 500
	fetch.min.bytes = 1
	group.id = Consumer-topic-fa360fe7_c665_4751_8b05_be12a95edabc
	group.instance.id = null
	group.protocol = classic
	group.remote.assignor = null
	heartbeat.interval.ms = 3000
	interceptor.classes = []
	internal.leave.group.on.close = true
	internal.throw.on.fetch.stable.offset.unsupported = false
	isolation.level = read_uncommitted
	key.deserializer = class org.apache.kafka.common.serialization.StringDeserializer
	max.partition.fetch.bytes = 1048576
	max.poll.interval.ms = 300000
	max.poll.records = 500
	metadata.max.age.ms = 300000
	metadata.recovery.strategy = none
	metric.reporters = []
	metrics.num.samples = 2
	metrics.recording.level = INFO
	metrics.sample.window.ms = 30000
	partition.assignment.strategy = [class org.apache.kafka.clients.consumer.RangeAssignor, class org.apache.kafka.clients.consumer.CooperativeStickyAssignor]
	receive.buffer.bytes = 65536
	reconnect.backoff.max.ms = 1000
	reconnect.backoff.ms = 50
	request.timeout.ms = 5000
	retry.backoff.max.ms = 1000
	retry.backoff.ms = 100
	sasl.client.callback.handler.class = null
	sasl.jaas.config = null
	sasl.kerberos.kinit.cmd = /usr/bin/kinit
	sasl.kerberos.min.time.before.relogin = 60000
	sasl.kerberos.service.name = null
	sasl.kerberos.ticket.renew.jitter = 0.05
	sasl.kerberos.ticket.renew.window.factor = 0.8
	sasl.login.callback.handler.class = null
	sasl.login.class = null
	sasl.login.connect.timeout.ms = null
	sasl.login.read.timeout.ms = null
	sasl.login.refresh.buffer.seconds = 300
	sasl.login.refresh.min.period.seconds = 60
	sasl.login.refresh.window.factor = 0.8
	sasl.login.refresh.window.jitter = 0.05
	sasl.login.retry.backoff.max.ms = 10000
	sasl.login.retry.backoff.ms = 100
	sasl.mechanism = GSSAPI
	sasl.oauthbearer.clock.skew.seconds = 30
	sasl.oauthbearer.expected.audience = null
	sasl.oauthbearer.expected.issuer = null
	sasl.oauthbearer.header.urlencode = false
	sasl.oauthbearer.jwks.endpoint.refresh.ms = 3600000
	sasl.oauthbearer.jwks.endpoint.retry.backoff.max.ms = 10000
	sasl.oauthbearer.jwks.endpoint.retry.backoff.ms = 100
	sasl.oauthbearer.jwks.endpoint.url = null
	sasl.oauthbearer.scope.claim.name = scope
	sasl.oauthbearer.sub.claim.name = sub
	sasl.oauthbearer.token.endpoint.url = null
	security.protocol = PLAINTEXT
	security.providers = null
	send.buffer.bytes = 131072
	session.timeout.ms = 45000
	socket.connection.setup.timeout.max.ms = 30000
	socket.connection.setup.timeout.ms = 10000
	ssl.cipher.suites = null
	ssl.enabled.protocols = [TLSv1.2, TLSv1.3]
	ssl.endpoint.identification.algorithm = https
	ssl.engine.factory.class = null
	ssl.key.password = null
	ssl.keymanager.algorithm = SunX509
	ssl.keystore.certificate.chain = null
	ssl.keystore.key = null
	ssl.keystore.location = null
	ssl.keystore.password = null
	ssl.keystore.type = JKS
	ssl.protocol = TLSv1.3
	ssl.provider = null
	ssl.secure.random.implementation = null
	ssl.trustmanager.algorithm = PKIX
	ssl.truststore.certificates = null
	ssl.truststore.location = null
	ssl.truststore.password = null
	ssl.truststore.type = JKS
	value.deserializer = class io.apicurio.registry.serde.avro.AvroKafkaDeserializer

2025-10-08 13:32:14,709 INFO  [org.apa.kaf.com.tel.int.KafkaMetricsCollector] (main) initializing Kafka metrics collector
2025-10-08 13:32:14,713 INFO  [org.apa.kaf.cli.con.ConsumerConfig] (main) These configurations '[apicurio.registry.url]' were supplied but are not used yet.
2025-10-08 13:32:14,713 INFO  [org.apa.kaf.com.uti.AppInfoParser] (main) Kafka version: 3.9.1
2025-10-08 13:32:14,714 INFO  [org.apa.kaf.com.uti.AppInfoParser] (main) Kafka commitId: f745dfdcee2b9851
2025-10-08 13:32:14,714 INFO  [org.apa.kaf.com.uti.AppInfoParser] (main) Kafka startTimeMs: 1759930334713
2025-10-08 13:32:14,714 INFO  [org.apa.kaf.cli.con.int.ClassicKafkaConsumer] (ForkJoinPool.commonPool-worker-3) [Consumer clientId=consumer-Consumer-topic-fa360fe7_c665_4751_8b05_be12a95edabc-8, groupId=Consumer-topic-fa360fe7_c665_4751_8b05_be12a95edabc] Subscribed to topic(s): topic-fa360fe7_c665_4751_8b05_be12a95edabc
2025-10-08 13:32:14,717 INFO  [org.apa.kaf.cli.Metadata] (ForkJoinPool.commonPool-worker-3) [Consumer clientId=consumer-Consumer-topic-fa360fe7_c665_4751_8b05_be12a95edabc-8, groupId=Consumer-topic-fa360fe7_c665_4751_8b05_be12a95edabc] Cluster ID: SVjZkHnAQ8mYJ12eIV0raA
2025-10-08 13:32:14,718 INFO  [org.apa.kaf.cli.con.int.ConsumerCoordinator] (ForkJoinPool.commonPool-worker-3) [Consumer clientId=consumer-Consumer-topic-fa360fe7_c665_4751_8b05_be12a95edabc-8, groupId=Consumer-topic-fa360fe7_c665_4751_8b05_be12a95edabc] Discovered group coordinator localhost:32769 (id: 2147483647 rack: null)
2025-10-08 13:32:14,718 INFO  [org.apa.kaf.cli.con.int.ConsumerCoordinator] (ForkJoinPool.commonPool-worker-3) [Consumer clientId=consumer-Consumer-topic-fa360fe7_c665_4751_8b05_be12a95edabc-8, groupId=Consumer-topic-fa360fe7_c665_4751_8b05_be12a95edabc] (Re-)joining group
2025-10-08 13:32:14,720 INFO  [org.apa.kaf.cli.con.int.ConsumerCoordinator] (ForkJoinPool.commonPool-worker-3) [Consumer clientId=consumer-Consumer-topic-fa360fe7_c665_4751_8b05_be12a95edabc-8, groupId=Consumer-topic-fa360fe7_c665_4751_8b05_be12a95edabc] Request joining group due to: need to re-join with the given member-id: consumer-Consumer-topic-fa360fe7_c665_4751_8b05_be12a95edabc-8-ace53ea1-33a0-4cc1-9f5c-1d784adddc3f
2025-10-08 13:32:14,720 INFO  [org.apa.kaf.cli.con.int.ConsumerCoordinator] (ForkJoinPool.commonPool-worker-3) [Consumer clientId=consumer-Consumer-topic-fa360fe7_c665_4751_8b05_be12a95edabc-8, groupId=Consumer-topic-fa360fe7_c665_4751_8b05_be12a95edabc] (Re-)joining group
2025-10-08 13:32:15,714 INFO  [io.api.tes.ser.api.KafkaSerdesTester] (ForkJoinPool.commonPool-worker-3) None found
2025-10-08 13:32:16,714 INFO  [io.api.tes.ser.api.KafkaSerdesTester] (ForkJoinPool.commonPool-worker-3) None found
2025-10-08 13:32:17,715 INFO  [io.api.tes.ser.api.KafkaSerdesTester] (ForkJoinPool.commonPool-worker-3) None found
2025-10-08 13:32:17,722 INFO  [org.apa.kaf.cli.con.int.ConsumerCoordinator] (ForkJoinPool.commonPool-worker-3) [Consumer clientId=consumer-Consumer-topic-fa360fe7_c665_4751_8b05_be12a95edabc-8, groupId=Consumer-topic-fa360fe7_c665_4751_8b05_be12a95edabc] Successfully joined group with generation Generation{generationId=1, memberId='consumer-Consumer-topic-fa360fe7_c665_4751_8b05_be12a95edabc-8-ace53ea1-33a0-4cc1-9f5c-1d784adddc3f', protocol='range'}
2025-10-08 13:32:17,723 INFO  [org.apa.kaf.cli.con.int.ConsumerCoordinator] (ForkJoinPool.commonPool-worker-3) [Consumer clientId=consumer-Consumer-topic-fa360fe7_c665_4751_8b05_be12a95edabc-8, groupId=Consumer-topic-fa360fe7_c665_4751_8b05_be12a95edabc] Finished assignment for group at generation 1: {consumer-Consumer-topic-fa360fe7_c665_4751_8b05_be12a95edabc-8-ace53ea1-33a0-4cc1-9f5c-1d784adddc3f=Assignment(partitions=[topic-fa360fe7_c665_4751_8b05_be12a95edabc-0])}
2025-10-08 13:32:17,730 INFO  [org.apa.kaf.cli.con.int.ConsumerCoordinator] (ForkJoinPool.commonPool-worker-3) [Consumer clientId=consumer-Consumer-topic-fa360fe7_c665_4751_8b05_be12a95edabc-8, groupId=Consumer-topic-fa360fe7_c665_4751_8b05_be12a95edabc] Successfully synced group in generation Generation{generationId=1, memberId='consumer-Consumer-topic-fa360fe7_c665_4751_8b05_be12a95edabc-8-ace53ea1-33a0-4cc1-9f5c-1d784adddc3f', protocol='range'}
2025-10-08 13:32:17,730 INFO  [org.apa.kaf.cli.con.int.ConsumerCoordinator] (ForkJoinPool.commonPool-worker-3) [Consumer clientId=consumer-Consumer-topic-fa360fe7_c665_4751_8b05_be12a95edabc-8, groupId=Consumer-topic-fa360fe7_c665_4751_8b05_be12a95edabc] Notifying assignor about the new Assignment(partitions=[topic-fa360fe7_c665_4751_8b05_be12a95edabc-0])
2025-10-08 13:32:17,730 INFO  [org.apa.kaf.cli.con.int.ConsumerRebalanceListenerInvoker] (ForkJoinPool.commonPool-worker-3) [Consumer clientId=consumer-Consumer-topic-fa360fe7_c665_4751_8b05_be12a95edabc-8, groupId=Consumer-topic-fa360fe7_c665_4751_8b05_be12a95edabc] Adding newly assigned partitions: topic-fa360fe7_c665_4751_8b05_be12a95edabc-0
2025-10-08 13:32:17,731 INFO  [org.apa.kaf.cli.con.int.ConsumerCoordinator] (ForkJoinPool.commonPool-worker-3) [Consumer clientId=consumer-Consumer-topic-fa360fe7_c665_4751_8b05_be12a95edabc-8, groupId=Consumer-topic-fa360fe7_c665_4751_8b05_be12a95edabc] Found no committed offset for partition topic-fa360fe7_c665_4751_8b05_be12a95edabc-0
2025-10-08 13:32:17,735 INFO  [org.apa.kaf.cli.con.int.SubscriptionState] (ForkJoinPool.commonPool-worker-3) [Consumer clientId=consumer-Consumer-topic-fa360fe7_c665_4751_8b05_be12a95edabc-8, groupId=Consumer-topic-fa360fe7_c665_4751_8b05_be12a95edabc] Resetting offset for partition topic-fa360fe7_c665_4751_8b05_be12a95edabc-0 to position FetchPosition{offset=0, offsetEpoch=Optional.empty, currentLeader=LeaderAndEpoch{leader=Optional[localhost:32769 (id: 0 rack: null)], epoch=0}}.
2025-10-08 13:32:17,960 INFO  [io.api.tes.ser.api.KafkaSerdesTester] (ForkJoinPool.commonPool-worker-3) topic-fa360fe7_c665_4751_8b05_be12a95edabc 0 0 {"id": "record-0"}
2025-10-08 13:32:17,960 INFO  [io.api.tes.ser.api.KafkaSerdesTester] (ForkJoinPool.commonPool-worker-3) topic-fa360fe7_c665_4751_8b05_be12a95edabc 0 1 {"value": 1}
2025-10-08 13:32:17,960 INFO  [io.api.tes.ser.api.KafkaSerdesTester] (ForkJoinPool.commonPool-worker-3) topic-fa360fe7_c665_4751_8b05_be12a95edabc 0 2 {"active": true}
2025-10-08 13:32:17,960 INFO  [io.api.tes.ser.api.KafkaSerdesTester] (ForkJoinPool.commonPool-worker-3) topic-fa360fe7_c665_4751_8b05_be12a95edabc 0 3 {"id": "record-3"}
2025-10-08 13:32:17,960 INFO  [io.api.tes.ser.api.KafkaSerdesTester] (ForkJoinPool.commonPool-worker-3) topic-fa360fe7_c665_4751_8b05_be12a95edabc 0 4 {"value": 4}
2025-10-08 13:32:17,960 INFO  [io.api.tes.ser.api.KafkaSerdesTester] (ForkJoinPool.commonPool-worker-3) topic-fa360fe7_c665_4751_8b05_be12a95edabc 0 5 {"active": false}
2025-10-08 13:32:17,960 INFO  [io.api.tes.ser.api.KafkaSerdesTester] (ForkJoinPool.commonPool-worker-3) topic-fa360fe7_c665_4751_8b05_be12a95edabc 0 6 {"id": "record-6"}
2025-10-08 13:32:17,960 INFO  [io.api.tes.ser.api.KafkaSerdesTester] (ForkJoinPool.commonPool-worker-3) topic-fa360fe7_c665_4751_8b05_be12a95edabc 0 7 {"value": 7}
2025-10-08 13:32:17,960 INFO  [io.api.tes.ser.api.KafkaSerdesTester] (ForkJoinPool.commonPool-worker-3) topic-fa360fe7_c665_4751_8b05_be12a95edabc 0 8 {"active": true}
2025-10-08 13:32:17,960 INFO  [io.api.tes.ser.api.KafkaSerdesTester] (ForkJoinPool.commonPool-worker-3) topic-fa360fe7_c665_4751_8b05_be12a95edabc 0 9 {"id": "record-9"}
2025-10-08 13:32:17,960 INFO  [io.api.tes.ser.api.KafkaSerdesTester] (ForkJoinPool.commonPool-worker-3) Consumed 10 messages
2025-10-08 13:32:17,967 INFO  [org.apa.kaf.cli.con.int.ConsumerRebalanceListenerInvoker] (ForkJoinPool.commonPool-worker-3) [Consumer clientId=consumer-Consumer-topic-fa360fe7_c665_4751_8b05_be12a95edabc-8, groupId=Consumer-topic-fa360fe7_c665_4751_8b05_be12a95edabc] Revoke previously assigned partitions topic-fa360fe7_c665_4751_8b05_be12a95edabc-0
2025-10-08 13:32:17,968 INFO  [org.apa.kaf.cli.con.int.ConsumerCoordinator] (ForkJoinPool.commonPool-worker-3) [Consumer clientId=consumer-Consumer-topic-fa360fe7_c665_4751_8b05_be12a95edabc-8, groupId=Consumer-topic-fa360fe7_c665_4751_8b05_be12a95edabc] Member consumer-Consumer-topic-fa360fe7_c665_4751_8b05_be12a95edabc-8-ace53ea1-33a0-4cc1-9f5c-1d784adddc3f sending LeaveGroup request to coordinator localhost:32769 (id: 2147483647 rack: null) due to the consumer is being closed
2025-10-08 13:32:17,968 INFO  [org.apa.kaf.cli.con.int.ConsumerCoordinator] (ForkJoinPool.commonPool-worker-3) [Consumer clientId=consumer-Consumer-topic-fa360fe7_c665_4751_8b05_be12a95edabc-8, groupId=Consumer-topic-fa360fe7_c665_4751_8b05_be12a95edabc] Resetting generation and member id due to: consumer pro-actively leaving the group
2025-10-08 13:32:17,968 INFO  [org.apa.kaf.cli.con.int.ConsumerCoordinator] (ForkJoinPool.commonPool-worker-3) [Consumer clientId=consumer-Consumer-topic-fa360fe7_c665_4751_8b05_be12a95edabc-8, groupId=Consumer-topic-fa360fe7_c665_4751_8b05_be12a95edabc] Request joining group due to: consumer pro-actively leaving the group
2025-10-08 13:32:18,462 INFO  [org.apa.kaf.com.met.Metrics] (ForkJoinPool.commonPool-worker-3) Metrics scheduler closed
2025-10-08 13:32:18,462 INFO  [org.apa.kaf.com.met.Metrics] (ForkJoinPool.commonPool-worker-3) Closing reporter org.apache.kafka.common.metrics.JmxReporter
2025-10-08 13:32:18,462 INFO  [org.apa.kaf.com.met.Metrics] (ForkJoinPool.commonPool-worker-3) Closing reporter org.apache.kafka.common.telemetry.internals.ClientTelemetryReporter
2025-10-08 13:32:18,462 INFO  [org.apa.kaf.com.met.Metrics] (ForkJoinPool.commonPool-worker-3) Metrics reporters closed
2025-10-08 13:32:18,464 INFO  [org.apa.kaf.com.uti.AppInfoParser] (ForkJoinPool.commonPool-worker-3) App info kafka.consumer for consumer-Consumer-topic-fa360fe7_c665_4751_8b05_be12a95edabc-8 unregistered
2025-10-08 13:32:18,464 INFO  [io.api.tes.uti.TestSeparator] (main) io.apicurio.tests.serdes.apicurio.AvroSerdeIT.testAvroUnionWithSpecificReader-FINISHED
2025-10-08 13:32:18,464 INFO  [io.api.tes.uti.TestSeparator] (main) ############################################################################
Test passed: testAvroUnionWithSpecificReader
]]></system-out>
  </testcase>
  <testcase name="testEvolveAvroApicurioReusingClient" classname="io.apicurio.tests.serdes.apicurio.AvroSerdeIT" time="7.52">
    <system-out><![CDATA[2025-10-08 13:32:18,466 INFO  [io.api.tes.uti.TestSeparator] (main) ############################################################################
2025-10-08 13:32:18,466 INFO  [io.api.tes.uti.TestSeparator] (main) io.apicurio.tests.serdes.apicurio.AvroSerdeIT.testEvolveAvroApicurioReusingClient-STARTED
2025-10-08 13:32:18,467 INFO  [io.api.tes.ser.api.AvroSerdeIT] (main) Registering Avro Schema: {"type":"record","name":"s52172ea5x19abx4c74xa97bx0ac24f0b5076","namespace":"ns_57b2ee9b_2a05_4e31_b8c5_0f6a1b366f57","fields":[{"name":"key11759930338466","type":"string"}]}
**** Registry Base URL: http://registry-app-ksql047.apps.ci419.apicurio-testing.org:80
2025-10-08 13:32:19,573 INFO  [org.apa.kaf.cli.pro.ProducerConfig] (main) ProducerConfig values: 
	acks = -1
	auto.include.jmx.reporter = true
	batch.size = 16384
	bootstrap.servers = [PLAINTEXT://localhost:32769]
	buffer.memory = 33554432
	client.dns.lookup = use_all_dns_ips
	client.id = Producer-topic-ee26cef2_11d0_4bd8_9d33_38f5bf055d14
	compression.gzip.level = -1
	compression.lz4.level = 9
	compression.type = none
	compression.zstd.level = 3
	connections.max.idle.ms = 10000
	delivery.timeout.ms = 120000
	enable.idempotence = true
	enable.metrics.push = true
	interceptor.classes = []
	key.serializer = class org.apache.kafka.common.serialization.StringSerializer
	linger.ms = 0
	max.block.ms = 60000
	max.in.flight.requests.per.connection = 5
	max.request.size = 1048576
	metadata.max.age.ms = 300000
	metadata.max.idle.ms = 300000
	metadata.recovery.strategy = none
	metric.reporters = []
	metrics.num.samples = 2
	metrics.recording.level = INFO
	metrics.sample.window.ms = 30000
	partitioner.adaptive.partitioning.enable = true
	partitioner.availability.timeout.ms = 0
	partitioner.class = null
	partitioner.ignore.keys = false
	receive.buffer.bytes = 32768
	reconnect.backoff.max.ms = 1000
	reconnect.backoff.ms = 50
	request.timeout.ms = 5000
	retries = 2147483647
	retry.backoff.max.ms = 1000
	retry.backoff.ms = 100
	sasl.client.callback.handler.class = null
	sasl.jaas.config = null
	sasl.kerberos.kinit.cmd = /usr/bin/kinit
	sasl.kerberos.min.time.before.relogin = 60000
	sasl.kerberos.service.name = null
	sasl.kerberos.ticket.renew.jitter = 0.05
	sasl.kerberos.ticket.renew.window.factor = 0.8
	sasl.login.callback.handler.class = null
	sasl.login.class = null
	sasl.login.connect.timeout.ms = null
	sasl.login.read.timeout.ms = null
	sasl.login.refresh.buffer.seconds = 300
	sasl.login.refresh.min.period.seconds = 60
	sasl.login.refresh.window.factor = 0.8
	sasl.login.refresh.window.jitter = 0.05
	sasl.login.retry.backoff.max.ms = 10000
	sasl.login.retry.backoff.ms = 100
	sasl.mechanism = GSSAPI
	sasl.oauthbearer.clock.skew.seconds = 30
	sasl.oauthbearer.expected.audience = null
	sasl.oauthbearer.expected.issuer = null
	sasl.oauthbearer.header.urlencode = false
	sasl.oauthbearer.jwks.endpoint.refresh.ms = 3600000
	sasl.oauthbearer.jwks.endpoint.retry.backoff.max.ms = 10000
	sasl.oauthbearer.jwks.endpoint.retry.backoff.ms = 100
	sasl.oauthbearer.jwks.endpoint.url = null
	sasl.oauthbearer.scope.claim.name = scope
	sasl.oauthbearer.sub.claim.name = sub
	sasl.oauthbearer.token.endpoint.url = null
	security.protocol = PLAINTEXT
	security.providers = null
	send.buffer.bytes = 131072
	socket.connection.setup.timeout.max.ms = 30000
	socket.connection.setup.timeout.ms = 10000
	ssl.cipher.suites = null
	ssl.enabled.protocols = [TLSv1.2, TLSv1.3]
	ssl.endpoint.identification.algorithm = https
	ssl.engine.factory.class = null
	ssl.key.password = null
	ssl.keymanager.algorithm = SunX509
	ssl.keystore.certificate.chain = null
	ssl.keystore.key = null
	ssl.keystore.location = null
	ssl.keystore.password = null
	ssl.keystore.type = JKS
	ssl.protocol = TLSv1.3
	ssl.provider = null
	ssl.secure.random.implementation = null
	ssl.trustmanager.algorithm = PKIX
	ssl.truststore.certificates = null
	ssl.truststore.location = null
	ssl.truststore.password = null
	ssl.truststore.type = JKS
	transaction.timeout.ms = 60000
	transactional.id = null
	value.serializer = class io.apicurio.registry.serde.avro.AvroKafkaSerializer

2025-10-08 13:32:19,573 INFO  [org.apa.kaf.com.tel.int.KafkaMetricsCollector] (main) initializing Kafka metrics collector
2025-10-08 13:32:19,576 INFO  [org.apa.kaf.cli.pro.KafkaProducer] (main) [Producer clientId=Producer-topic-ee26cef2_11d0_4bd8_9d33_38f5bf055d14] Instantiated an idempotent producer.
2025-10-08 13:32:19,578 INFO  [org.apa.kaf.cli.pro.ProducerConfig] (main) These configurations '[apicurio.registry.url, apicurio.registry.artifact-resolver-strategy]' were supplied but are not used yet.
2025-10-08 13:32:19,578 INFO  [org.apa.kaf.com.uti.AppInfoParser] (main) Kafka version: 3.9.1
2025-10-08 13:32:19,578 INFO  [org.apa.kaf.com.uti.AppInfoParser] (main) Kafka commitId: f745dfdcee2b9851
2025-10-08 13:32:19,578 INFO  [org.apa.kaf.com.uti.AppInfoParser] (main) Kafka startTimeMs: 1759930339578
**** Registry Base URL: http://registry-app-ksql047.apps.ci419.apicurio-testing.org:80
2025-10-08 13:32:19,578 INFO  [org.apa.kaf.cli.con.ConsumerConfig] (main) ConsumerConfig values: 
	allow.auto.create.topics = true
	auto.commit.interval.ms = 500
	auto.include.jmx.reporter = true
	auto.offset.reset = earliest
	bootstrap.servers = [PLAINTEXT://localhost:32769]
	check.crcs = true
	client.dns.lookup = use_all_dns_ips
	client.id = consumer-Consumer-topic-ee26cef2_11d0_4bd8_9d33_38f5bf055d14-9
	client.rack = 
	connections.max.idle.ms = 10000
	default.api.timeout.ms = 60000
	enable.auto.commit = true
	enable.metrics.push = true
	exclude.internal.topics = true
	fetch.max.bytes = 52428800
	fetch.max.wait.ms = 500
	fetch.min.bytes = 1
	group.id = Consumer-topic-ee26cef2_11d0_4bd8_9d33_38f5bf055d14
	group.instance.id = null
	group.protocol = classic
	group.remote.assignor = null
	heartbeat.interval.ms = 3000
	interceptor.classes = []
	internal.leave.group.on.close = true
	internal.throw.on.fetch.stable.offset.unsupported = false
	isolation.level = read_uncommitted
	key.deserializer = class org.apache.kafka.common.serialization.StringDeserializer
	max.partition.fetch.bytes = 1048576
	max.poll.interval.ms = 300000
	max.poll.records = 500
	metadata.max.age.ms = 300000
	metadata.recovery.strategy = none
	metric.reporters = []
	metrics.num.samples = 2
	metrics.recording.level = INFO
	metrics.sample.window.ms = 30000
	partition.assignment.strategy = [class org.apache.kafka.clients.consumer.RangeAssignor, class org.apache.kafka.clients.consumer.CooperativeStickyAssignor]
	receive.buffer.bytes = 65536
	reconnect.backoff.max.ms = 1000
	reconnect.backoff.ms = 50
	request.timeout.ms = 5000
	retry.backoff.max.ms = 1000
	retry.backoff.ms = 100
	sasl.client.callback.handler.class = null
	sasl.jaas.config = null
	sasl.kerberos.kinit.cmd = /usr/bin/kinit
	sasl.kerberos.min.time.before.relogin = 60000
	sasl.kerberos.service.name = null
	sasl.kerberos.ticket.renew.jitter = 0.05
	sasl.kerberos.ticket.renew.window.factor = 0.8
	sasl.login.callback.handler.class = null
	sasl.login.class = null
	sasl.login.connect.timeout.ms = null
	sasl.login.read.timeout.ms = null
	sasl.login.refresh.buffer.seconds = 300
	sasl.login.refresh.min.period.seconds = 60
	sasl.login.refresh.window.factor = 0.8
	sasl.login.refresh.window.jitter = 0.05
	sasl.login.retry.backoff.max.ms = 10000
	sasl.login.retry.backoff.ms = 100
	sasl.mechanism = GSSAPI
	sasl.oauthbearer.clock.skew.seconds = 30
	sasl.oauthbearer.expected.audience = null
	sasl.oauthbearer.expected.issuer = null
	sasl.oauthbearer.header.urlencode = false
	sasl.oauthbearer.jwks.endpoint.refresh.ms = 3600000
	sasl.oauthbearer.jwks.endpoint.retry.backoff.max.ms = 10000
	sasl.oauthbearer.jwks.endpoint.retry.backoff.ms = 100
	sasl.oauthbearer.jwks.endpoint.url = null
	sasl.oauthbearer.scope.claim.name = scope
	sasl.oauthbearer.sub.claim.name = sub
	sasl.oauthbearer.token.endpoint.url = null
	security.protocol = PLAINTEXT
	security.providers = null
	send.buffer.bytes = 131072
	session.timeout.ms = 45000
	socket.connection.setup.timeout.max.ms = 30000
	socket.connection.setup.timeout.ms = 10000
	ssl.cipher.suites = null
	ssl.enabled.protocols = [TLSv1.2, TLSv1.3]
	ssl.endpoint.identification.algorithm = https
	ssl.engine.factory.class = null
	ssl.key.password = null
	ssl.keymanager.algorithm = SunX509
	ssl.keystore.certificate.chain = null
	ssl.keystore.key = null
	ssl.keystore.location = null
	ssl.keystore.password = null
	ssl.keystore.type = JKS
	ssl.protocol = TLSv1.3
	ssl.provider = null
	ssl.secure.random.implementation = null
	ssl.trustmanager.algorithm = PKIX
	ssl.truststore.certificates = null
	ssl.truststore.location = null
	ssl.truststore.password = null
	ssl.truststore.type = JKS
	value.deserializer = class io.apicurio.registry.serde.avro.AvroKafkaDeserializer

2025-10-08 13:32:19,579 INFO  [org.apa.kaf.com.tel.int.KafkaMetricsCollector] (main) initializing Kafka metrics collector
2025-10-08 13:32:19,581 INFO  [org.apa.kaf.cli.Metadata] (kafka-producer-network-thread | Producer-topic-ee26cef2_11d0_4bd8_9d33_38f5bf055d14) [Producer clientId=Producer-topic-ee26cef2_11d0_4bd8_9d33_38f5bf055d14] Cluster ID: SVjZkHnAQ8mYJ12eIV0raA
2025-10-08 13:32:19,582 INFO  [org.apa.kaf.cli.pro.int.TransactionManager] (kafka-producer-network-thread | Producer-topic-ee26cef2_11d0_4bd8_9d33_38f5bf055d14) [Producer clientId=Producer-topic-ee26cef2_11d0_4bd8_9d33_38f5bf055d14] ProducerId set to 11 with epoch 0
2025-10-08 13:32:19,583 INFO  [org.apa.kaf.cli.con.ConsumerConfig] (main) These configurations '[apicurio.registry.url]' were supplied but are not used yet.
2025-10-08 13:32:19,584 INFO  [org.apa.kaf.com.uti.AppInfoParser] (main) Kafka version: 3.9.1
2025-10-08 13:32:19,584 INFO  [org.apa.kaf.com.uti.AppInfoParser] (main) Kafka commitId: f745dfdcee2b9851
2025-10-08 13:32:19,584 INFO  [org.apa.kaf.com.uti.AppInfoParser] (main) Kafka startTimeMs: 1759930339584
2025-10-08 13:32:19,585 INFO  [io.api.tes.ser.api.KafkaSerdesTester] (ForkJoinPool.commonPool-worker-3) Sending message {"key11759930338466": "value-0"} to topic topic-ee26cef2_11d0_4bd8_9d33_38f5bf055d14
2025-10-08 13:32:19,590 INFO  [DefaultSchemaResolver] (ForkJoinPool.commonPool-worker-3) Retrieving schema content using string: {"type":"record","name":"s52172ea5x19abx4c74xa97bx0ac24f0b5076","namespace":"ns_57b2ee9b_2a05_4e31_b8c5_0f6a1b366f57","fields":[{"name":"key11759930338466","type":"string"}]}
2025-10-08 13:32:19,656 INFO  [io.api.tes.ser.api.KafkaSerdesTester] (ForkJoinPool.commonPool-worker-3) Sending message {"key11759930338466": "value-1"} to topic topic-ee26cef2_11d0_4bd8_9d33_38f5bf055d14
2025-10-08 13:32:19,658 INFO  [io.api.tes.ser.api.KafkaSerdesTester] (ForkJoinPool.commonPool-worker-3) Sending message {"key11759930338466": "value-2"} to topic topic-ee26cef2_11d0_4bd8_9d33_38f5bf055d14
2025-10-08 13:32:19,659 INFO  [io.api.tes.ser.api.KafkaSerdesTester] (ForkJoinPool.commonPool-worker-3) Sending message {"key11759930338466": "value-3"} to topic topic-ee26cef2_11d0_4bd8_9d33_38f5bf055d14
2025-10-08 13:32:19,660 INFO  [io.api.tes.ser.api.KafkaSerdesTester] (ForkJoinPool.commonPool-worker-3) Sending message {"key11759930338466": "value-4"} to topic topic-ee26cef2_11d0_4bd8_9d33_38f5bf055d14
2025-10-08 13:32:19,662 INFO  [io.api.tes.ser.api.KafkaSerdesTester] (ForkJoinPool.commonPool-worker-3) Sending message {"key11759930338466": "value-5"} to topic topic-ee26cef2_11d0_4bd8_9d33_38f5bf055d14
2025-10-08 13:32:19,663 INFO  [io.api.tes.ser.api.KafkaSerdesTester] (ForkJoinPool.commonPool-worker-3) Sending message {"key11759930338466": "value-6"} to topic topic-ee26cef2_11d0_4bd8_9d33_38f5bf055d14
2025-10-08 13:32:19,665 INFO  [io.api.tes.ser.api.KafkaSerdesTester] (ForkJoinPool.commonPool-worker-3) Sending message {"key11759930338466": "value-7"} to topic topic-ee26cef2_11d0_4bd8_9d33_38f5bf055d14
2025-10-08 13:32:19,666 INFO  [io.api.tes.ser.api.KafkaSerdesTester] (ForkJoinPool.commonPool-worker-3) Sending message {"key11759930338466": "value-8"} to topic topic-ee26cef2_11d0_4bd8_9d33_38f5bf055d14
2025-10-08 13:32:19,668 INFO  [io.api.tes.ser.api.KafkaSerdesTester] (ForkJoinPool.commonPool-worker-3) Sending message {"key11759930338466": "value-9"} to topic topic-ee26cef2_11d0_4bd8_9d33_38f5bf055d14
2025-10-08 13:32:19,669 INFO  [io.api.tes.ser.api.KafkaSerdesTester] (ForkJoinPool.commonPool-worker-3) Produced 10 messages
2025-10-08 13:32:19,670 INFO  [org.apa.kaf.cli.con.int.ClassicKafkaConsumer] (ForkJoinPool.commonPool-worker-3) [Consumer clientId=consumer-Consumer-topic-ee26cef2_11d0_4bd8_9d33_38f5bf055d14-9, groupId=Consumer-topic-ee26cef2_11d0_4bd8_9d33_38f5bf055d14] Subscribed to topic(s): topic-ee26cef2_11d0_4bd8_9d33_38f5bf055d14
2025-10-08 13:32:19,673 INFO  [org.apa.kaf.cli.Metadata] (ForkJoinPool.commonPool-worker-3) [Consumer clientId=consumer-Consumer-topic-ee26cef2_11d0_4bd8_9d33_38f5bf055d14-9, groupId=Consumer-topic-ee26cef2_11d0_4bd8_9d33_38f5bf055d14] Cluster ID: SVjZkHnAQ8mYJ12eIV0raA
2025-10-08 13:32:19,673 INFO  [org.apa.kaf.cli.con.int.ConsumerCoordinator] (ForkJoinPool.commonPool-worker-3) [Consumer clientId=consumer-Consumer-topic-ee26cef2_11d0_4bd8_9d33_38f5bf055d14-9, groupId=Consumer-topic-ee26cef2_11d0_4bd8_9d33_38f5bf055d14] Discovered group coordinator localhost:32769 (id: 2147483647 rack: null)
2025-10-08 13:32:19,674 INFO  [org.apa.kaf.cli.con.int.ConsumerCoordinator] (ForkJoinPool.commonPool-worker-3) [Consumer clientId=consumer-Consumer-topic-ee26cef2_11d0_4bd8_9d33_38f5bf055d14-9, groupId=Consumer-topic-ee26cef2_11d0_4bd8_9d33_38f5bf055d14] (Re-)joining group
2025-10-08 13:32:19,676 INFO  [org.apa.kaf.cli.con.int.ConsumerCoordinator] (ForkJoinPool.commonPool-worker-3) [Consumer clientId=consumer-Consumer-topic-ee26cef2_11d0_4bd8_9d33_38f5bf055d14-9, groupId=Consumer-topic-ee26cef2_11d0_4bd8_9d33_38f5bf055d14] Request joining group due to: need to re-join with the given member-id: consumer-Consumer-topic-ee26cef2_11d0_4bd8_9d33_38f5bf055d14-9-8fd91102-0781-438b-84f5-e86f761d0887
2025-10-08 13:32:19,676 INFO  [org.apa.kaf.cli.con.int.ConsumerCoordinator] (ForkJoinPool.commonPool-worker-3) [Consumer clientId=consumer-Consumer-topic-ee26cef2_11d0_4bd8_9d33_38f5bf055d14-9, groupId=Consumer-topic-ee26cef2_11d0_4bd8_9d33_38f5bf055d14] (Re-)joining group
2025-10-08 13:32:20,671 INFO  [io.api.tes.ser.api.KafkaSerdesTester] (ForkJoinPool.commonPool-worker-3) None found
2025-10-08 13:32:21,671 INFO  [io.api.tes.ser.api.KafkaSerdesTester] (ForkJoinPool.commonPool-worker-3) None found
2025-10-08 13:32:22,671 INFO  [io.api.tes.ser.api.KafkaSerdesTester] (ForkJoinPool.commonPool-worker-3) None found
2025-10-08 13:32:22,679 INFO  [org.apa.kaf.cli.con.int.ConsumerCoordinator] (ForkJoinPool.commonPool-worker-3) [Consumer clientId=consumer-Consumer-topic-ee26cef2_11d0_4bd8_9d33_38f5bf055d14-9, groupId=Consumer-topic-ee26cef2_11d0_4bd8_9d33_38f5bf055d14] Successfully joined group with generation Generation{generationId=1, memberId='consumer-Consumer-topic-ee26cef2_11d0_4bd8_9d33_38f5bf055d14-9-8fd91102-0781-438b-84f5-e86f761d0887', protocol='range'}
2025-10-08 13:32:22,679 INFO  [org.apa.kaf.cli.con.int.ConsumerCoordinator] (ForkJoinPool.commonPool-worker-3) [Consumer clientId=consumer-Consumer-topic-ee26cef2_11d0_4bd8_9d33_38f5bf055d14-9, groupId=Consumer-topic-ee26cef2_11d0_4bd8_9d33_38f5bf055d14] Finished assignment for group at generation 1: {consumer-Consumer-topic-ee26cef2_11d0_4bd8_9d33_38f5bf055d14-9-8fd91102-0781-438b-84f5-e86f761d0887=Assignment(partitions=[topic-ee26cef2_11d0_4bd8_9d33_38f5bf055d14-0])}
2025-10-08 13:32:22,686 INFO  [org.apa.kaf.cli.con.int.ConsumerCoordinator] (ForkJoinPool.commonPool-worker-3) [Consumer clientId=consumer-Consumer-topic-ee26cef2_11d0_4bd8_9d33_38f5bf055d14-9, groupId=Consumer-topic-ee26cef2_11d0_4bd8_9d33_38f5bf055d14] Successfully synced group in generation Generation{generationId=1, memberId='consumer-Consumer-topic-ee26cef2_11d0_4bd8_9d33_38f5bf055d14-9-8fd91102-0781-438b-84f5-e86f761d0887', protocol='range'}
2025-10-08 13:32:22,686 INFO  [org.apa.kaf.cli.con.int.ConsumerCoordinator] (ForkJoinPool.commonPool-worker-3) [Consumer clientId=consumer-Consumer-topic-ee26cef2_11d0_4bd8_9d33_38f5bf055d14-9, groupId=Consumer-topic-ee26cef2_11d0_4bd8_9d33_38f5bf055d14] Notifying assignor about the new Assignment(partitions=[topic-ee26cef2_11d0_4bd8_9d33_38f5bf055d14-0])
2025-10-08 13:32:22,686 INFO  [org.apa.kaf.cli.con.int.ConsumerRebalanceListenerInvoker] (ForkJoinPool.commonPool-worker-3) [Consumer clientId=consumer-Consumer-topic-ee26cef2_11d0_4bd8_9d33_38f5bf055d14-9, groupId=Consumer-topic-ee26cef2_11d0_4bd8_9d33_38f5bf055d14] Adding newly assigned partitions: topic-ee26cef2_11d0_4bd8_9d33_38f5bf055d14-0
2025-10-08 13:32:22,687 INFO  [org.apa.kaf.cli.con.int.ConsumerCoordinator] (ForkJoinPool.commonPool-worker-3) [Consumer clientId=consumer-Consumer-topic-ee26cef2_11d0_4bd8_9d33_38f5bf055d14-9, groupId=Consumer-topic-ee26cef2_11d0_4bd8_9d33_38f5bf055d14] Found no committed offset for partition topic-ee26cef2_11d0_4bd8_9d33_38f5bf055d14-0
2025-10-08 13:32:22,690 INFO  [org.apa.kaf.cli.con.int.SubscriptionState] (ForkJoinPool.commonPool-worker-3) [Consumer clientId=consumer-Consumer-topic-ee26cef2_11d0_4bd8_9d33_38f5bf055d14-9, groupId=Consumer-topic-ee26cef2_11d0_4bd8_9d33_38f5bf055d14] Resetting offset for partition topic-ee26cef2_11d0_4bd8_9d33_38f5bf055d14-0 to position FetchPosition{offset=0, offsetEpoch=Optional.empty, currentLeader=LeaderAndEpoch{leader=Optional[localhost:32769 (id: 0 rack: null)], epoch=0}}.
2025-10-08 13:32:22,993 INFO  [io.api.tes.ser.api.KafkaSerdesTester] (ForkJoinPool.commonPool-worker-3) topic-ee26cef2_11d0_4bd8_9d33_38f5bf055d14 0 0 {"key11759930338466": "value-0"}
2025-10-08 13:32:22,993 INFO  [io.api.tes.ser.api.KafkaSerdesTester] (ForkJoinPool.commonPool-worker-3) topic-ee26cef2_11d0_4bd8_9d33_38f5bf055d14 0 1 {"key11759930338466": "value-1"}
2025-10-08 13:32:22,993 INFO  [io.api.tes.ser.api.KafkaSerdesTester] (ForkJoinPool.commonPool-worker-3) topic-ee26cef2_11d0_4bd8_9d33_38f5bf055d14 0 2 {"key11759930338466": "value-2"}
2025-10-08 13:32:22,993 INFO  [io.api.tes.ser.api.KafkaSerdesTester] (ForkJoinPool.commonPool-worker-3) topic-ee26cef2_11d0_4bd8_9d33_38f5bf055d14 0 3 {"key11759930338466": "value-3"}
2025-10-08 13:32:22,993 INFO  [io.api.tes.ser.api.KafkaSerdesTester] (ForkJoinPool.commonPool-worker-3) topic-ee26cef2_11d0_4bd8_9d33_38f5bf055d14 0 4 {"key11759930338466": "value-4"}
2025-10-08 13:32:22,993 INFO  [io.api.tes.ser.api.KafkaSerdesTester] (ForkJoinPool.commonPool-worker-3) topic-ee26cef2_11d0_4bd8_9d33_38f5bf055d14 0 5 {"key11759930338466": "value-5"}
2025-10-08 13:32:22,993 INFO  [io.api.tes.ser.api.KafkaSerdesTester] (ForkJoinPool.commonPool-worker-3) topic-ee26cef2_11d0_4bd8_9d33_38f5bf055d14 0 6 {"key11759930338466": "value-6"}
2025-10-08 13:32:22,993 INFO  [io.api.tes.ser.api.KafkaSerdesTester] (ForkJoinPool.commonPool-worker-3) topic-ee26cef2_11d0_4bd8_9d33_38f5bf055d14 0 7 {"key11759930338466": "value-7"}
2025-10-08 13:32:22,993 INFO  [io.api.tes.ser.api.KafkaSerdesTester] (ForkJoinPool.commonPool-worker-3) topic-ee26cef2_11d0_4bd8_9d33_38f5bf055d14 0 8 {"key11759930338466": "value-8"}
2025-10-08 13:32:22,993 INFO  [io.api.tes.ser.api.KafkaSerdesTester] (ForkJoinPool.commonPool-worker-3) topic-ee26cef2_11d0_4bd8_9d33_38f5bf055d14 0 9 {"key11759930338466": "value-9"}
2025-10-08 13:32:22,993 INFO  [io.api.tes.ser.api.KafkaSerdesTester] (ForkJoinPool.commonPool-worker-3) Consumed 10 messages
2025-10-08 13:32:22,994 INFO  [io.api.tes.ser.api.AvroSerdeIT] (main) Registering Avro Schema 2: {"type":"record","name":"s52172ea5x19abx4c74xa97bx0ac24f0b5076","namespace":"ns_57b2ee9b_2a05_4e31_b8c5_0f6a1b366f57","fields":[{"name":"key11759930338466","type":"string"},{"name":"key21759930342993","type":"string"}]}
2025-10-08 13:32:24,096 INFO  [io.api.tes.ser.api.KafkaSerdesTester] (ForkJoinPool.commonPool-worker-3) Sending message {"key11759930338466": "value-0", "key21759930342993": "value-0"} to topic topic-ee26cef2_11d0_4bd8_9d33_38f5bf055d14
2025-10-08 13:32:24,096 INFO  [DefaultSchemaResolver] (ForkJoinPool.commonPool-worker-3) Retrieving schema content using string: {"type":"record","name":"s52172ea5x19abx4c74xa97bx0ac24f0b5076","namespace":"ns_57b2ee9b_2a05_4e31_b8c5_0f6a1b366f57","fields":[{"name":"key11759930338466","type":"string"},{"name":"key21759930342993","type":"string"}]}
2025-10-08 13:32:24,137 INFO  [io.api.tes.ser.api.KafkaSerdesTester] (ForkJoinPool.commonPool-worker-3) Sending message {"key11759930338466": "value-1", "key21759930342993": "value-1"} to topic topic-ee26cef2_11d0_4bd8_9d33_38f5bf055d14
2025-10-08 13:32:24,139 INFO  [io.api.tes.ser.api.KafkaSerdesTester] (ForkJoinPool.commonPool-worker-3) Sending message {"key11759930338466": "value-2", "key21759930342993": "value-2"} to topic topic-ee26cef2_11d0_4bd8_9d33_38f5bf055d14
2025-10-08 13:32:24,141 INFO  [io.api.tes.ser.api.KafkaSerdesTester] (ForkJoinPool.commonPool-worker-3) Sending message {"key11759930338466": "value-3", "key21759930342993": "value-3"} to topic topic-ee26cef2_11d0_4bd8_9d33_38f5bf055d14
2025-10-08 13:32:24,142 INFO  [io.api.tes.ser.api.KafkaSerdesTester] (ForkJoinPool.commonPool-worker-3) Sending message {"key11759930338466": "value-4", "key21759930342993": "value-4"} to topic topic-ee26cef2_11d0_4bd8_9d33_38f5bf055d14
2025-10-08 13:32:24,144 INFO  [io.api.tes.ser.api.KafkaSerdesTester] (ForkJoinPool.commonPool-worker-3) Sending message {"key11759930338466": "value-5", "key21759930342993": "value-5"} to topic topic-ee26cef2_11d0_4bd8_9d33_38f5bf055d14
2025-10-08 13:32:24,145 INFO  [io.api.tes.ser.api.KafkaSerdesTester] (ForkJoinPool.commonPool-worker-3) Sending message {"key11759930338466": "value-6", "key21759930342993": "value-6"} to topic topic-ee26cef2_11d0_4bd8_9d33_38f5bf055d14
2025-10-08 13:32:24,146 INFO  [io.api.tes.ser.api.KafkaSerdesTester] (ForkJoinPool.commonPool-worker-3) Sending message {"key11759930338466": "value-7", "key21759930342993": "value-7"} to topic topic-ee26cef2_11d0_4bd8_9d33_38f5bf055d14
2025-10-08 13:32:24,148 INFO  [io.api.tes.ser.api.KafkaSerdesTester] (ForkJoinPool.commonPool-worker-3) Sending message {"key11759930338466": "value-8", "key21759930342993": "value-8"} to topic topic-ee26cef2_11d0_4bd8_9d33_38f5bf055d14
2025-10-08 13:32:24,150 INFO  [io.api.tes.ser.api.KafkaSerdesTester] (ForkJoinPool.commonPool-worker-3) Sending message {"key11759930338466": "value-9", "key21759930342993": "value-9"} to topic topic-ee26cef2_11d0_4bd8_9d33_38f5bf055d14
2025-10-08 13:32:24,152 INFO  [io.api.tes.ser.api.KafkaSerdesTester] (ForkJoinPool.commonPool-worker-3) Produced 10 messages
2025-10-08 13:32:24,152 INFO  [io.api.tes.ser.api.KafkaSerdesTester] (ForkJoinPool.commonPool-worker-3) Sending message {"key11759930338466": "value-0"} to topic topic-ee26cef2_11d0_4bd8_9d33_38f5bf055d14
2025-10-08 13:32:24,153 INFO  [io.api.tes.ser.api.KafkaSerdesTester] (ForkJoinPool.commonPool-worker-3) Sending message {"key11759930338466": "value-1"} to topic topic-ee26cef2_11d0_4bd8_9d33_38f5bf055d14
2025-10-08 13:32:24,155 INFO  [io.api.tes.ser.api.KafkaSerdesTester] (ForkJoinPool.commonPool-worker-3) Sending message {"key11759930338466": "value-2"} to topic topic-ee26cef2_11d0_4bd8_9d33_38f5bf055d14
2025-10-08 13:32:24,156 INFO  [io.api.tes.ser.api.KafkaSerdesTester] (ForkJoinPool.commonPool-worker-3) Sending message {"key11759930338466": "value-3"} to topic topic-ee26cef2_11d0_4bd8_9d33_38f5bf055d14
2025-10-08 13:32:24,157 INFO  [io.api.tes.ser.api.KafkaSerdesTester] (ForkJoinPool.commonPool-worker-3) Sending message {"key11759930338466": "value-4"} to topic topic-ee26cef2_11d0_4bd8_9d33_38f5bf055d14
2025-10-08 13:32:24,158 INFO  [io.api.tes.ser.api.KafkaSerdesTester] (ForkJoinPool.commonPool-worker-3) Sending message {"key11759930338466": "value-5"} to topic topic-ee26cef2_11d0_4bd8_9d33_38f5bf055d14
2025-10-08 13:32:24,160 INFO  [io.api.tes.ser.api.KafkaSerdesTester] (ForkJoinPool.commonPool-worker-3) Sending message {"key11759930338466": "value-6"} to topic topic-ee26cef2_11d0_4bd8_9d33_38f5bf055d14
2025-10-08 13:32:24,161 INFO  [io.api.tes.ser.api.KafkaSerdesTester] (ForkJoinPool.commonPool-worker-3) Sending message {"key11759930338466": "value-7"} to topic topic-ee26cef2_11d0_4bd8_9d33_38f5bf055d14
2025-10-08 13:32:24,162 INFO  [io.api.tes.ser.api.KafkaSerdesTester] (ForkJoinPool.commonPool-worker-3) Sending message {"key11759930338466": "value-8"} to topic topic-ee26cef2_11d0_4bd8_9d33_38f5bf055d14
2025-10-08 13:32:24,164 INFO  [io.api.tes.ser.api.KafkaSerdesTester] (ForkJoinPool.commonPool-worker-3) Sending message {"key11759930338466": "value-9"} to topic topic-ee26cef2_11d0_4bd8_9d33_38f5bf055d14
2025-10-08 13:32:24,165 INFO  [io.api.tes.ser.api.KafkaSerdesTester] (ForkJoinPool.commonPool-worker-3) Produced 10 messages
2025-10-08 13:32:24,166 INFO  [org.apa.kaf.cli.con.int.ClassicKafkaConsumer] (ForkJoinPool.commonPool-worker-3) [Consumer clientId=consumer-Consumer-topic-ee26cef2_11d0_4bd8_9d33_38f5bf055d14-9, groupId=Consumer-topic-ee26cef2_11d0_4bd8_9d33_38f5bf055d14] Subscribed to topic(s): topic-ee26cef2_11d0_4bd8_9d33_38f5bf055d14
2025-10-08 13:32:24,232 INFO  [io.api.tes.ser.api.KafkaSerdesTester] (ForkJoinPool.commonPool-worker-3) topic-ee26cef2_11d0_4bd8_9d33_38f5bf055d14 0 10 {"key11759930338466": "value-0", "key21759930342993": "value-0"}
2025-10-08 13:32:24,232 INFO  [io.api.tes.ser.api.KafkaSerdesTester] (ForkJoinPool.commonPool-worker-3) topic-ee26cef2_11d0_4bd8_9d33_38f5bf055d14 0 11 {"key11759930338466": "value-1", "key21759930342993": "value-1"}
2025-10-08 13:32:24,232 INFO  [io.api.tes.ser.api.KafkaSerdesTester] (ForkJoinPool.commonPool-worker-3) topic-ee26cef2_11d0_4bd8_9d33_38f5bf055d14 0 12 {"key11759930338466": "value-2", "key21759930342993": "value-2"}
2025-10-08 13:32:24,233 INFO  [io.api.tes.ser.api.KafkaSerdesTester] (ForkJoinPool.commonPool-worker-3) topic-ee26cef2_11d0_4bd8_9d33_38f5bf055d14 0 13 {"key11759930338466": "value-3", "key21759930342993": "value-3"}
2025-10-08 13:32:24,233 INFO  [io.api.tes.ser.api.KafkaSerdesTester] (ForkJoinPool.commonPool-worker-3) topic-ee26cef2_11d0_4bd8_9d33_38f5bf055d14 0 14 {"key11759930338466": "value-4", "key21759930342993": "value-4"}
2025-10-08 13:32:24,233 INFO  [io.api.tes.ser.api.KafkaSerdesTester] (ForkJoinPool.commonPool-worker-3) topic-ee26cef2_11d0_4bd8_9d33_38f5bf055d14 0 15 {"key11759930338466": "value-5", "key21759930342993": "value-5"}
2025-10-08 13:32:24,233 INFO  [io.api.tes.ser.api.KafkaSerdesTester] (ForkJoinPool.commonPool-worker-3) topic-ee26cef2_11d0_4bd8_9d33_38f5bf055d14 0 16 {"key11759930338466": "value-6", "key21759930342993": "value-6"}
2025-10-08 13:32:24,233 INFO  [io.api.tes.ser.api.KafkaSerdesTester] (ForkJoinPool.commonPool-worker-3) topic-ee26cef2_11d0_4bd8_9d33_38f5bf055d14 0 17 {"key11759930338466": "value-7", "key21759930342993": "value-7"}
2025-10-08 13:32:24,233 INFO  [io.api.tes.ser.api.KafkaSerdesTester] (ForkJoinPool.commonPool-worker-3) topic-ee26cef2_11d0_4bd8_9d33_38f5bf055d14 0 18 {"key11759930338466": "value-8", "key21759930342993": "value-8"}
2025-10-08 13:32:24,233 INFO  [io.api.tes.ser.api.KafkaSerdesTester] (ForkJoinPool.commonPool-worker-3) topic-ee26cef2_11d0_4bd8_9d33_38f5bf055d14 0 19 {"key11759930338466": "value-9", "key21759930342993": "value-9"}
2025-10-08 13:32:24,233 INFO  [io.api.tes.ser.api.KafkaSerdesTester] (ForkJoinPool.commonPool-worker-3) topic-ee26cef2_11d0_4bd8_9d33_38f5bf055d14 0 20 {"key11759930338466": "value-0"}
2025-10-08 13:32:24,233 INFO  [io.api.tes.ser.api.KafkaSerdesTester] (ForkJoinPool.commonPool-worker-3) topic-ee26cef2_11d0_4bd8_9d33_38f5bf055d14 0 21 {"key11759930338466": "value-1"}
2025-10-08 13:32:24,233 INFO  [io.api.tes.ser.api.KafkaSerdesTester] (ForkJoinPool.commonPool-worker-3) topic-ee26cef2_11d0_4bd8_9d33_38f5bf055d14 0 22 {"key11759930338466": "value-2"}
2025-10-08 13:32:24,233 INFO  [io.api.tes.ser.api.KafkaSerdesTester] (ForkJoinPool.commonPool-worker-3) topic-ee26cef2_11d0_4bd8_9d33_38f5bf055d14 0 23 {"key11759930338466": "value-3"}
2025-10-08 13:32:24,233 INFO  [io.api.tes.ser.api.KafkaSerdesTester] (ForkJoinPool.commonPool-worker-3) topic-ee26cef2_11d0_4bd8_9d33_38f5bf055d14 0 24 {"key11759930338466": "value-4"}
2025-10-08 13:32:24,233 INFO  [io.api.tes.ser.api.KafkaSerdesTester] (ForkJoinPool.commonPool-worker-3) topic-ee26cef2_11d0_4bd8_9d33_38f5bf055d14 0 25 {"key11759930338466": "value-5"}
2025-10-08 13:32:24,233 INFO  [io.api.tes.ser.api.KafkaSerdesTester] (ForkJoinPool.commonPool-worker-3) topic-ee26cef2_11d0_4bd8_9d33_38f5bf055d14 0 26 {"key11759930338466": "value-6"}
2025-10-08 13:32:24,233 INFO  [io.api.tes.ser.api.KafkaSerdesTester] (ForkJoinPool.commonPool-worker-3) topic-ee26cef2_11d0_4bd8_9d33_38f5bf055d14 0 27 {"key11759930338466": "value-7"}
2025-10-08 13:32:24,233 INFO  [io.api.tes.ser.api.KafkaSerdesTester] (ForkJoinPool.commonPool-worker-3) topic-ee26cef2_11d0_4bd8_9d33_38f5bf055d14 0 28 {"key11759930338466": "value-8"}
2025-10-08 13:32:24,233 INFO  [io.api.tes.ser.api.KafkaSerdesTester] (ForkJoinPool.commonPool-worker-3) topic-ee26cef2_11d0_4bd8_9d33_38f5bf055d14 0 29 {"key11759930338466": "value-9"}
2025-10-08 13:32:24,233 INFO  [io.api.tes.ser.api.KafkaSerdesTester] (ForkJoinPool.commonPool-worker-3) Consumed 20 messages
2025-10-08 13:32:24,234 INFO  [io.api.tes.ser.api.AvroSerdeIT] (main) Registering Avro Schema 3: {"type":"record","name":"s52172ea5x19abx4c74xa97bx0ac24f0b5076","namespace":"ns_57b2ee9b_2a05_4e31_b8c5_0f6a1b366f57","fields":[{"name":"key11759930338466","type":"string"},{"name":"key21759930342993","type":"string"},{"name":"key31759930344234","type":"string"}]}
2025-10-08 13:32:25,333 INFO  [io.api.tes.ser.api.KafkaSerdesTester] (ForkJoinPool.commonPool-worker-3) Sending message {"key11759930338466": "value-0", "key21759930342993": "value-0", "key31759930344234": "value-0"} to topic topic-ee26cef2_11d0_4bd8_9d33_38f5bf055d14
2025-10-08 13:32:25,333 INFO  [DefaultSchemaResolver] (ForkJoinPool.commonPool-worker-3) Retrieving schema content using string: {"type":"record","name":"s52172ea5x19abx4c74xa97bx0ac24f0b5076","namespace":"ns_57b2ee9b_2a05_4e31_b8c5_0f6a1b366f57","fields":[{"name":"key11759930338466","type":"string"},{"name":"key21759930342993","type":"string"},{"name":"key31759930344234","type":"string"}]}
2025-10-08 13:32:25,372 INFO  [io.api.tes.ser.api.KafkaSerdesTester] (ForkJoinPool.commonPool-worker-3) Sending message {"key11759930338466": "value-1", "key21759930342993": "value-1", "key31759930344234": "value-1"} to topic topic-ee26cef2_11d0_4bd8_9d33_38f5bf055d14
2025-10-08 13:32:25,373 INFO  [io.api.tes.ser.api.KafkaSerdesTester] (ForkJoinPool.commonPool-worker-3) Sending message {"key11759930338466": "value-2", "key21759930342993": "value-2", "key31759930344234": "value-2"} to topic topic-ee26cef2_11d0_4bd8_9d33_38f5bf055d14
2025-10-08 13:32:25,374 INFO  [io.api.tes.ser.api.KafkaSerdesTester] (ForkJoinPool.commonPool-worker-3) Sending message {"key11759930338466": "value-3", "key21759930342993": "value-3", "key31759930344234": "value-3"} to topic topic-ee26cef2_11d0_4bd8_9d33_38f5bf055d14
2025-10-08 13:32:25,376 INFO  [io.api.tes.ser.api.KafkaSerdesTester] (ForkJoinPool.commonPool-worker-3) Sending message {"key11759930338466": "value-4", "key21759930342993": "value-4", "key31759930344234": "value-4"} to topic topic-ee26cef2_11d0_4bd8_9d33_38f5bf055d14
2025-10-08 13:32:25,377 INFO  [io.api.tes.ser.api.KafkaSerdesTester] (ForkJoinPool.commonPool-worker-3) Sending message {"key11759930338466": "value-5", "key21759930342993": "value-5", "key31759930344234": "value-5"} to topic topic-ee26cef2_11d0_4bd8_9d33_38f5bf055d14
2025-10-08 13:32:25,378 INFO  [io.api.tes.ser.api.KafkaSerdesTester] (ForkJoinPool.commonPool-worker-3) Sending message {"key11759930338466": "value-6", "key21759930342993": "value-6", "key31759930344234": "value-6"} to topic topic-ee26cef2_11d0_4bd8_9d33_38f5bf055d14
2025-10-08 13:32:25,380 INFO  [io.api.tes.ser.api.KafkaSerdesTester] (ForkJoinPool.commonPool-worker-3) Sending message {"key11759930338466": "value-7", "key21759930342993": "value-7", "key31759930344234": "value-7"} to topic topic-ee26cef2_11d0_4bd8_9d33_38f5bf055d14
2025-10-08 13:32:25,381 INFO  [io.api.tes.ser.api.KafkaSerdesTester] (ForkJoinPool.commonPool-worker-3) Sending message {"key11759930338466": "value-8", "key21759930342993": "value-8", "key31759930344234": "value-8"} to topic topic-ee26cef2_11d0_4bd8_9d33_38f5bf055d14
2025-10-08 13:32:25,383 INFO  [io.api.tes.ser.api.KafkaSerdesTester] (ForkJoinPool.commonPool-worker-3) Sending message {"key11759930338466": "value-9", "key21759930342993": "value-9", "key31759930344234": "value-9"} to topic topic-ee26cef2_11d0_4bd8_9d33_38f5bf055d14
2025-10-08 13:32:25,384 INFO  [io.api.tes.ser.api.KafkaSerdesTester] (ForkJoinPool.commonPool-worker-3) Produced 10 messages
2025-10-08 13:32:25,385 INFO  [io.api.tes.ser.api.KafkaSerdesTester] (ForkJoinPool.commonPool-worker-3) Sending message {"key11759930338466": "value-0", "key21759930342993": "value-0"} to topic topic-ee26cef2_11d0_4bd8_9d33_38f5bf055d14
2025-10-08 13:32:25,387 INFO  [io.api.tes.ser.api.KafkaSerdesTester] (ForkJoinPool.commonPool-worker-3) Sending message {"key11759930338466": "value-1", "key21759930342993": "value-1"} to topic topic-ee26cef2_11d0_4bd8_9d33_38f5bf055d14
2025-10-08 13:32:25,389 INFO  [io.api.tes.ser.api.KafkaSerdesTester] (ForkJoinPool.commonPool-worker-3) Sending message {"key11759930338466": "value-2", "key21759930342993": "value-2"} to topic topic-ee26cef2_11d0_4bd8_9d33_38f5bf055d14
2025-10-08 13:32:25,390 INFO  [io.api.tes.ser.api.KafkaSerdesTester] (ForkJoinPool.commonPool-worker-3) Sending message {"key11759930338466": "value-3", "key21759930342993": "value-3"} to topic topic-ee26cef2_11d0_4bd8_9d33_38f5bf055d14
2025-10-08 13:32:25,392 INFO  [io.api.tes.ser.api.KafkaSerdesTester] (ForkJoinPool.commonPool-worker-3) Sending message {"key11759930338466": "value-4", "key21759930342993": "value-4"} to topic topic-ee26cef2_11d0_4bd8_9d33_38f5bf055d14
2025-10-08 13:32:25,393 INFO  [io.api.tes.ser.api.KafkaSerdesTester] (ForkJoinPool.commonPool-worker-3) Sending message {"key11759930338466": "value-5", "key21759930342993": "value-5"} to topic topic-ee26cef2_11d0_4bd8_9d33_38f5bf055d14
2025-10-08 13:32:25,395 INFO  [io.api.tes.ser.api.KafkaSerdesTester] (ForkJoinPool.commonPool-worker-3) Sending message {"key11759930338466": "value-6", "key21759930342993": "value-6"} to topic topic-ee26cef2_11d0_4bd8_9d33_38f5bf055d14
2025-10-08 13:32:25,396 INFO  [io.api.tes.ser.api.KafkaSerdesTester] (ForkJoinPool.commonPool-worker-3) Sending message {"key11759930338466": "value-7", "key21759930342993": "value-7"} to topic topic-ee26cef2_11d0_4bd8_9d33_38f5bf055d14
2025-10-08 13:32:25,398 INFO  [io.api.tes.ser.api.KafkaSerdesTester] (ForkJoinPool.commonPool-worker-3) Sending message {"key11759930338466": "value-8", "key21759930342993": "value-8"} to topic topic-ee26cef2_11d0_4bd8_9d33_38f5bf055d14
2025-10-08 13:32:25,400 INFO  [io.api.tes.ser.api.KafkaSerdesTester] (ForkJoinPool.commonPool-worker-3) Sending message {"key11759930338466": "value-9", "key21759930342993": "value-9"} to topic topic-ee26cef2_11d0_4bd8_9d33_38f5bf055d14
2025-10-08 13:32:25,401 INFO  [io.api.tes.ser.api.KafkaSerdesTester] (ForkJoinPool.commonPool-worker-3) Produced 10 messages
2025-10-08 13:32:25,401 INFO  [io.api.tes.ser.api.KafkaSerdesTester] (ForkJoinPool.commonPool-worker-3) Sending message {"key11759930338466": "value-0"} to topic topic-ee26cef2_11d0_4bd8_9d33_38f5bf055d14
2025-10-08 13:32:25,402 INFO  [io.api.tes.ser.api.KafkaSerdesTester] (ForkJoinPool.commonPool-worker-3) Sending message {"key11759930338466": "value-1"} to topic topic-ee26cef2_11d0_4bd8_9d33_38f5bf055d14
2025-10-08 13:32:25,403 INFO  [io.api.tes.ser.api.KafkaSerdesTester] (ForkJoinPool.commonPool-worker-3) Sending message {"key11759930338466": "value-2"} to topic topic-ee26cef2_11d0_4bd8_9d33_38f5bf055d14
2025-10-08 13:32:25,405 INFO  [io.api.tes.ser.api.KafkaSerdesTester] (ForkJoinPool.commonPool-worker-3) Sending message {"key11759930338466": "value-3"} to topic topic-ee26cef2_11d0_4bd8_9d33_38f5bf055d14
2025-10-08 13:32:25,406 INFO  [io.api.tes.ser.api.KafkaSerdesTester] (ForkJoinPool.commonPool-worker-3) Sending message {"key11759930338466": "value-4"} to topic topic-ee26cef2_11d0_4bd8_9d33_38f5bf055d14
2025-10-08 13:32:25,407 INFO  [io.api.tes.ser.api.KafkaSerdesTester] (ForkJoinPool.commonPool-worker-3) Sending message {"key11759930338466": "value-5"} to topic topic-ee26cef2_11d0_4bd8_9d33_38f5bf055d14
2025-10-08 13:32:25,409 INFO  [io.api.tes.ser.api.KafkaSerdesTester] (ForkJoinPool.commonPool-worker-3) Sending message {"key11759930338466": "value-6"} to topic topic-ee26cef2_11d0_4bd8_9d33_38f5bf055d14
2025-10-08 13:32:25,410 INFO  [io.api.tes.ser.api.KafkaSerdesTester] (ForkJoinPool.commonPool-worker-3) Sending message {"key11759930338466": "value-7"} to topic topic-ee26cef2_11d0_4bd8_9d33_38f5bf055d14
2025-10-08 13:32:25,411 INFO  [io.api.tes.ser.api.KafkaSerdesTester] (ForkJoinPool.commonPool-worker-3) Sending message {"key11759930338466": "value-8"} to topic topic-ee26cef2_11d0_4bd8_9d33_38f5bf055d14
2025-10-08 13:32:25,412 INFO  [io.api.tes.ser.api.KafkaSerdesTester] (ForkJoinPool.commonPool-worker-3) Sending message {"key11759930338466": "value-9"} to topic topic-ee26cef2_11d0_4bd8_9d33_38f5bf055d14
2025-10-08 13:32:25,413 INFO  [io.api.tes.ser.api.KafkaSerdesTester] (ForkJoinPool.commonPool-worker-3) Produced 10 messages
2025-10-08 13:32:25,414 INFO  [org.apa.kaf.cli.con.int.ClassicKafkaConsumer] (ForkJoinPool.commonPool-worker-3) [Consumer clientId=consumer-Consumer-topic-ee26cef2_11d0_4bd8_9d33_38f5bf055d14-9, groupId=Consumer-topic-ee26cef2_11d0_4bd8_9d33_38f5bf055d14] Subscribed to topic(s): topic-ee26cef2_11d0_4bd8_9d33_38f5bf055d14
2025-10-08 13:32:25,480 INFO  [io.api.tes.ser.api.KafkaSerdesTester] (ForkJoinPool.commonPool-worker-3) topic-ee26cef2_11d0_4bd8_9d33_38f5bf055d14 0 30 {"key11759930338466": "value-0", "key21759930342993": "value-0", "key31759930344234": "value-0"}
2025-10-08 13:32:25,480 INFO  [io.api.tes.ser.api.KafkaSerdesTester] (ForkJoinPool.commonPool-worker-3) topic-ee26cef2_11d0_4bd8_9d33_38f5bf055d14 0 31 {"key11759930338466": "value-1", "key21759930342993": "value-1", "key31759930344234": "value-1"}
2025-10-08 13:32:25,480 INFO  [io.api.tes.ser.api.KafkaSerdesTester] (ForkJoinPool.commonPool-worker-3) topic-ee26cef2_11d0_4bd8_9d33_38f5bf055d14 0 32 {"key11759930338466": "value-2", "key21759930342993": "value-2", "key31759930344234": "value-2"}
2025-10-08 13:32:25,480 INFO  [io.api.tes.ser.api.KafkaSerdesTester] (ForkJoinPool.commonPool-worker-3) topic-ee26cef2_11d0_4bd8_9d33_38f5bf055d14 0 33 {"key11759930338466": "value-3", "key21759930342993": "value-3", "key31759930344234": "value-3"}
2025-10-08 13:32:25,480 INFO  [io.api.tes.ser.api.KafkaSerdesTester] (ForkJoinPool.commonPool-worker-3) topic-ee26cef2_11d0_4bd8_9d33_38f5bf055d14 0 34 {"key11759930338466": "value-4", "key21759930342993": "value-4", "key31759930344234": "value-4"}
2025-10-08 13:32:25,480 INFO  [io.api.tes.ser.api.KafkaSerdesTester] (ForkJoinPool.commonPool-worker-3) topic-ee26cef2_11d0_4bd8_9d33_38f5bf055d14 0 35 {"key11759930338466": "value-5", "key21759930342993": "value-5", "key31759930344234": "value-5"}
2025-10-08 13:32:25,480 INFO  [io.api.tes.ser.api.KafkaSerdesTester] (ForkJoinPool.commonPool-worker-3) topic-ee26cef2_11d0_4bd8_9d33_38f5bf055d14 0 36 {"key11759930338466": "value-6", "key21759930342993": "value-6", "key31759930344234": "value-6"}
2025-10-08 13:32:25,480 INFO  [io.api.tes.ser.api.KafkaSerdesTester] (ForkJoinPool.commonPool-worker-3) topic-ee26cef2_11d0_4bd8_9d33_38f5bf055d14 0 37 {"key11759930338466": "value-7", "key21759930342993": "value-7", "key31759930344234": "value-7"}
2025-10-08 13:32:25,480 INFO  [io.api.tes.ser.api.KafkaSerdesTester] (ForkJoinPool.commonPool-worker-3) topic-ee26cef2_11d0_4bd8_9d33_38f5bf055d14 0 38 {"key11759930338466": "value-8", "key21759930342993": "value-8", "key31759930344234": "value-8"}
2025-10-08 13:32:25,481 INFO  [io.api.tes.ser.api.KafkaSerdesTester] (ForkJoinPool.commonPool-worker-3) topic-ee26cef2_11d0_4bd8_9d33_38f5bf055d14 0 39 {"key11759930338466": "value-9", "key21759930342993": "value-9", "key31759930344234": "value-9"}
2025-10-08 13:32:25,481 INFO  [io.api.tes.ser.api.KafkaSerdesTester] (ForkJoinPool.commonPool-worker-3) topic-ee26cef2_11d0_4bd8_9d33_38f5bf055d14 0 40 {"key11759930338466": "value-0", "key21759930342993": "value-0"}
2025-10-08 13:32:25,481 INFO  [io.api.tes.ser.api.KafkaSerdesTester] (ForkJoinPool.commonPool-worker-3) topic-ee26cef2_11d0_4bd8_9d33_38f5bf055d14 0 41 {"key11759930338466": "value-1", "key21759930342993": "value-1"}
2025-10-08 13:32:25,481 INFO  [io.api.tes.ser.api.KafkaSerdesTester] (ForkJoinPool.commonPool-worker-3) topic-ee26cef2_11d0_4bd8_9d33_38f5bf055d14 0 42 {"key11759930338466": "value-2", "key21759930342993": "value-2"}
2025-10-08 13:32:25,481 INFO  [io.api.tes.ser.api.KafkaSerdesTester] (ForkJoinPool.commonPool-worker-3) topic-ee26cef2_11d0_4bd8_9d33_38f5bf055d14 0 43 {"key11759930338466": "value-3", "key21759930342993": "value-3"}
2025-10-08 13:32:25,481 INFO  [io.api.tes.ser.api.KafkaSerdesTester] (ForkJoinPool.commonPool-worker-3) topic-ee26cef2_11d0_4bd8_9d33_38f5bf055d14 0 44 {"key11759930338466": "value-4", "key21759930342993": "value-4"}
2025-10-08 13:32:25,481 INFO  [io.api.tes.ser.api.KafkaSerdesTester] (ForkJoinPool.commonPool-worker-3) topic-ee26cef2_11d0_4bd8_9d33_38f5bf055d14 0 45 {"key11759930338466": "value-5", "key21759930342993": "value-5"}
2025-10-08 13:32:25,481 INFO  [io.api.tes.ser.api.KafkaSerdesTester] (ForkJoinPool.commonPool-worker-3) topic-ee26cef2_11d0_4bd8_9d33_38f5bf055d14 0 46 {"key11759930338466": "value-6", "key21759930342993": "value-6"}
2025-10-08 13:32:25,481 INFO  [io.api.tes.ser.api.KafkaSerdesTester] (ForkJoinPool.commonPool-worker-3) topic-ee26cef2_11d0_4bd8_9d33_38f5bf055d14 0 47 {"key11759930338466": "value-7", "key21759930342993": "value-7"}
2025-10-08 13:32:25,481 INFO  [io.api.tes.ser.api.KafkaSerdesTester] (ForkJoinPool.commonPool-worker-3) topic-ee26cef2_11d0_4bd8_9d33_38f5bf055d14 0 48 {"key11759930338466": "value-8", "key21759930342993": "value-8"}
2025-10-08 13:32:25,481 INFO  [io.api.tes.ser.api.KafkaSerdesTester] (ForkJoinPool.commonPool-worker-3) topic-ee26cef2_11d0_4bd8_9d33_38f5bf055d14 0 49 {"key11759930338466": "value-9", "key21759930342993": "value-9"}
2025-10-08 13:32:25,481 INFO  [io.api.tes.ser.api.KafkaSerdesTester] (ForkJoinPool.commonPool-worker-3) topic-ee26cef2_11d0_4bd8_9d33_38f5bf055d14 0 50 {"key11759930338466": "value-0"}
2025-10-08 13:32:25,481 INFO  [io.api.tes.ser.api.KafkaSerdesTester] (ForkJoinPool.commonPool-worker-3) topic-ee26cef2_11d0_4bd8_9d33_38f5bf055d14 0 51 {"key11759930338466": "value-1"}
2025-10-08 13:32:25,481 INFO  [io.api.tes.ser.api.KafkaSerdesTester] (ForkJoinPool.commonPool-worker-3) topic-ee26cef2_11d0_4bd8_9d33_38f5bf055d14 0 52 {"key11759930338466": "value-2"}
2025-10-08 13:32:25,481 INFO  [io.api.tes.ser.api.KafkaSerdesTester] (ForkJoinPool.commonPool-worker-3) topic-ee26cef2_11d0_4bd8_9d33_38f5bf055d14 0 53 {"key11759930338466": "value-3"}
2025-10-08 13:32:25,481 INFO  [io.api.tes.ser.api.KafkaSerdesTester] (ForkJoinPool.commonPool-worker-3) topic-ee26cef2_11d0_4bd8_9d33_38f5bf055d14 0 54 {"key11759930338466": "value-4"}
2025-10-08 13:32:25,481 INFO  [io.api.tes.ser.api.KafkaSerdesTester] (ForkJoinPool.commonPool-worker-3) topic-ee26cef2_11d0_4bd8_9d33_38f5bf055d14 0 55 {"key11759930338466": "value-5"}
2025-10-08 13:32:25,481 INFO  [io.api.tes.ser.api.KafkaSerdesTester] (ForkJoinPool.commonPool-worker-3) topic-ee26cef2_11d0_4bd8_9d33_38f5bf055d14 0 56 {"key11759930338466": "value-6"}
2025-10-08 13:32:25,481 INFO  [io.api.tes.ser.api.KafkaSerdesTester] (ForkJoinPool.commonPool-worker-3) topic-ee26cef2_11d0_4bd8_9d33_38f5bf055d14 0 57 {"key11759930338466": "value-7"}
2025-10-08 13:32:25,481 INFO  [io.api.tes.ser.api.KafkaSerdesTester] (ForkJoinPool.commonPool-worker-3) topic-ee26cef2_11d0_4bd8_9d33_38f5bf055d14 0 58 {"key11759930338466": "value-8"}
2025-10-08 13:32:25,481 INFO  [io.api.tes.ser.api.KafkaSerdesTester] (ForkJoinPool.commonPool-worker-3) topic-ee26cef2_11d0_4bd8_9d33_38f5bf055d14 0 59 {"key11759930338466": "value-9"}
2025-10-08 13:32:25,481 INFO  [io.api.tes.ser.api.KafkaSerdesTester] (ForkJoinPool.commonPool-worker-3) Consumed 30 messages
2025-10-08 13:32:25,481 INFO  [org.apa.kaf.cli.pro.KafkaProducer] (main) [Producer clientId=Producer-topic-ee26cef2_11d0_4bd8_9d33_38f5bf055d14] Closing the Kafka producer with timeoutMillis = 9223372036854775807 ms.
2025-10-08 13:32:25,483 INFO  [org.apa.kaf.com.met.Metrics] (main) Metrics scheduler closed
2025-10-08 13:32:25,483 INFO  [org.apa.kaf.com.met.Metrics] (main) Closing reporter org.apache.kafka.common.metrics.JmxReporter
2025-10-08 13:32:25,483 INFO  [org.apa.kaf.com.met.Metrics] (main) Closing reporter org.apache.kafka.common.telemetry.internals.ClientTelemetryReporter
2025-10-08 13:32:25,483 INFO  [org.apa.kaf.com.met.Metrics] (main) Metrics reporters closed
2025-10-08 13:32:25,483 INFO  [org.apa.kaf.com.uti.AppInfoParser] (main) App info kafka.producer for Producer-topic-ee26cef2_11d0_4bd8_9d33_38f5bf055d14 unregistered
2025-10-08 13:32:25,490 INFO  [org.apa.kaf.cli.con.int.ConsumerRebalanceListenerInvoker] (main) [Consumer clientId=consumer-Consumer-topic-ee26cef2_11d0_4bd8_9d33_38f5bf055d14-9, groupId=Consumer-topic-ee26cef2_11d0_4bd8_9d33_38f5bf055d14] Revoke previously assigned partitions topic-ee26cef2_11d0_4bd8_9d33_38f5bf055d14-0
2025-10-08 13:32:25,490 INFO  [org.apa.kaf.cli.con.int.ConsumerCoordinator] (main) [Consumer clientId=consumer-Consumer-topic-ee26cef2_11d0_4bd8_9d33_38f5bf055d14-9, groupId=Consumer-topic-ee26cef2_11d0_4bd8_9d33_38f5bf055d14] Member consumer-Consumer-topic-ee26cef2_11d0_4bd8_9d33_38f5bf055d14-9-8fd91102-0781-438b-84f5-e86f761d0887 sending LeaveGroup request to coordinator localhost:32769 (id: 2147483647 rack: null) due to the consumer is being closed
2025-10-08 13:32:25,490 INFO  [org.apa.kaf.cli.con.int.ConsumerCoordinator] (main) [Consumer clientId=consumer-Consumer-topic-ee26cef2_11d0_4bd8_9d33_38f5bf055d14-9, groupId=Consumer-topic-ee26cef2_11d0_4bd8_9d33_38f5bf055d14] Resetting generation and member id due to: consumer pro-actively leaving the group
2025-10-08 13:32:25,490 INFO  [org.apa.kaf.cli.con.int.ConsumerCoordinator] (main) [Consumer clientId=consumer-Consumer-topic-ee26cef2_11d0_4bd8_9d33_38f5bf055d14-9, groupId=Consumer-topic-ee26cef2_11d0_4bd8_9d33_38f5bf055d14] Request joining group due to: consumer pro-actively leaving the group
2025-10-08 13:32:25,982 INFO  [org.apa.kaf.com.met.Metrics] (main) Metrics scheduler closed
2025-10-08 13:32:25,982 INFO  [org.apa.kaf.com.met.Metrics] (main) Closing reporter org.apache.kafka.common.metrics.JmxReporter
2025-10-08 13:32:25,982 INFO  [org.apa.kaf.com.met.Metrics] (main) Closing reporter org.apache.kafka.common.telemetry.internals.ClientTelemetryReporter
2025-10-08 13:32:25,982 INFO  [org.apa.kaf.com.met.Metrics] (main) Metrics reporters closed
2025-10-08 13:32:25,985 INFO  [org.apa.kaf.com.uti.AppInfoParser] (main) App info kafka.consumer for consumer-Consumer-topic-ee26cef2_11d0_4bd8_9d33_38f5bf055d14-9 unregistered
2025-10-08 13:32:25,985 INFO  [io.api.tes.uti.TestSeparator] (main) io.apicurio.tests.serdes.apicurio.AvroSerdeIT.testEvolveAvroApicurioReusingClient-FINISHED
2025-10-08 13:32:25,985 INFO  [io.api.tes.uti.TestSeparator] (main) ############################################################################
Test passed: testEvolveAvroApicurioReusingClient
]]></system-out>
  </testcase>
  <testcase name="testProducerUsesDefaultConsumerUsesGlobalId" classname="io.apicurio.tests.serdes.apicurio.AvroSerdeIT" time="0.0">
    <skipped message="void io.apicurio.tests.serdes.apicurio.AvroSerdeIT.testProducerUsesDefaultConsumerUsesGlobalId() throws java.lang.Exception is @Disabled"/>
  </testcase>
  <testcase name="testEvolveAvroApicurio" classname="io.apicurio.tests.serdes.apicurio.AvroSerdeIT" time="14.919">
    <system-out><![CDATA[2025-10-08 13:32:25,989 INFO  [io.api.tes.uti.TestSeparator] (main) ############################################################################
2025-10-08 13:32:25,990 INFO  [io.api.tes.uti.TestSeparator] (main) io.apicurio.tests.serdes.apicurio.AvroSerdeIT.testEvolveAvroApicurio-STARTED
2025-10-08 13:32:25,990 INFO  [io.api.tes.ser.api.AvroSerdeIT] (main) Registering Avro Schema: {"type":"record","name":"sef81f2e6xd765x4381x9da6x999474623fe3","namespace":"ns_8aba9441_cd74_4175_b479_e723851b89e9","fields":[{"name":"key11759930345990","type":"string"}]}
**** Registry Base URL: http://registry-app-ksql047.apps.ci419.apicurio-testing.org:80
2025-10-08 13:32:27,096 INFO  [org.apa.kaf.cli.pro.ProducerConfig] (main) ProducerConfig values: 
	acks = -1
	auto.include.jmx.reporter = true
	batch.size = 16384
	bootstrap.servers = [PLAINTEXT://localhost:32769]
	buffer.memory = 33554432
	client.dns.lookup = use_all_dns_ips
	client.id = Producer-topic-8e0ceb07_c09d_4545_ac5b_68c56a8c7cff
	compression.gzip.level = -1
	compression.lz4.level = 9
	compression.type = none
	compression.zstd.level = 3
	connections.max.idle.ms = 10000
	delivery.timeout.ms = 120000
	enable.idempotence = true
	enable.metrics.push = true
	interceptor.classes = []
	key.serializer = class org.apache.kafka.common.serialization.StringSerializer
	linger.ms = 0
	max.block.ms = 60000
	max.in.flight.requests.per.connection = 5
	max.request.size = 1048576
	metadata.max.age.ms = 300000
	metadata.max.idle.ms = 300000
	metadata.recovery.strategy = none
	metric.reporters = []
	metrics.num.samples = 2
	metrics.recording.level = INFO
	metrics.sample.window.ms = 30000
	partitioner.adaptive.partitioning.enable = true
	partitioner.availability.timeout.ms = 0
	partitioner.class = null
	partitioner.ignore.keys = false
	receive.buffer.bytes = 32768
	reconnect.backoff.max.ms = 1000
	reconnect.backoff.ms = 50
	request.timeout.ms = 5000
	retries = 2147483647
	retry.backoff.max.ms = 1000
	retry.backoff.ms = 100
	sasl.client.callback.handler.class = null
	sasl.jaas.config = null
	sasl.kerberos.kinit.cmd = /usr/bin/kinit
	sasl.kerberos.min.time.before.relogin = 60000
	sasl.kerberos.service.name = null
	sasl.kerberos.ticket.renew.jitter = 0.05
	sasl.kerberos.ticket.renew.window.factor = 0.8
	sasl.login.callback.handler.class = null
	sasl.login.class = null
	sasl.login.connect.timeout.ms = null
	sasl.login.read.timeout.ms = null
	sasl.login.refresh.buffer.seconds = 300
	sasl.login.refresh.min.period.seconds = 60
	sasl.login.refresh.window.factor = 0.8
	sasl.login.refresh.window.jitter = 0.05
	sasl.login.retry.backoff.max.ms = 10000
	sasl.login.retry.backoff.ms = 100
	sasl.mechanism = GSSAPI
	sasl.oauthbearer.clock.skew.seconds = 30
	sasl.oauthbearer.expected.audience = null
	sasl.oauthbearer.expected.issuer = null
	sasl.oauthbearer.header.urlencode = false
	sasl.oauthbearer.jwks.endpoint.refresh.ms = 3600000
	sasl.oauthbearer.jwks.endpoint.retry.backoff.max.ms = 10000
	sasl.oauthbearer.jwks.endpoint.retry.backoff.ms = 100
	sasl.oauthbearer.jwks.endpoint.url = null
	sasl.oauthbearer.scope.claim.name = scope
	sasl.oauthbearer.sub.claim.name = sub
	sasl.oauthbearer.token.endpoint.url = null
	security.protocol = PLAINTEXT
	security.providers = null
	send.buffer.bytes = 131072
	socket.connection.setup.timeout.max.ms = 30000
	socket.connection.setup.timeout.ms = 10000
	ssl.cipher.suites = null
	ssl.enabled.protocols = [TLSv1.2, TLSv1.3]
	ssl.endpoint.identification.algorithm = https
	ssl.engine.factory.class = null
	ssl.key.password = null
	ssl.keymanager.algorithm = SunX509
	ssl.keystore.certificate.chain = null
	ssl.keystore.key = null
	ssl.keystore.location = null
	ssl.keystore.password = null
	ssl.keystore.type = JKS
	ssl.protocol = TLSv1.3
	ssl.provider = null
	ssl.secure.random.implementation = null
	ssl.trustmanager.algorithm = PKIX
	ssl.truststore.certificates = null
	ssl.truststore.location = null
	ssl.truststore.password = null
	ssl.truststore.type = JKS
	transaction.timeout.ms = 60000
	transactional.id = null
	value.serializer = class io.apicurio.registry.serde.avro.AvroKafkaSerializer

2025-10-08 13:32:27,097 INFO  [org.apa.kaf.com.tel.int.KafkaMetricsCollector] (main) initializing Kafka metrics collector
2025-10-08 13:32:27,100 INFO  [org.apa.kaf.cli.pro.KafkaProducer] (main) [Producer clientId=Producer-topic-8e0ceb07_c09d_4545_ac5b_68c56a8c7cff] Instantiated an idempotent producer.
2025-10-08 13:32:27,102 INFO  [org.apa.kaf.cli.pro.ProducerConfig] (main) These configurations '[apicurio.registry.url, apicurio.registry.artifact-resolver-strategy]' were supplied but are not used yet.
2025-10-08 13:32:27,102 INFO  [org.apa.kaf.com.uti.AppInfoParser] (main) Kafka version: 3.9.1
2025-10-08 13:32:27,102 INFO  [org.apa.kaf.com.uti.AppInfoParser] (main) Kafka commitId: f745dfdcee2b9851
2025-10-08 13:32:27,102 INFO  [org.apa.kaf.com.uti.AppInfoParser] (main) Kafka startTimeMs: 1759930347102
**** Registry Base URL: http://registry-app-ksql047.apps.ci419.apicurio-testing.org:80
2025-10-08 13:32:27,102 INFO  [org.apa.kaf.cli.con.ConsumerConfig] (main) ConsumerConfig values: 
	allow.auto.create.topics = true
	auto.commit.interval.ms = 500
	auto.include.jmx.reporter = true
	auto.offset.reset = earliest
	bootstrap.servers = [PLAINTEXT://localhost:32769]
	check.crcs = true
	client.dns.lookup = use_all_dns_ips
	client.id = consumer-Consumer-topic-8e0ceb07_c09d_4545_ac5b_68c56a8c7cff-10
	client.rack = 
	connections.max.idle.ms = 10000
	default.api.timeout.ms = 60000
	enable.auto.commit = true
	enable.metrics.push = true
	exclude.internal.topics = true
	fetch.max.bytes = 52428800
	fetch.max.wait.ms = 500
	fetch.min.bytes = 1
	group.id = Consumer-topic-8e0ceb07_c09d_4545_ac5b_68c56a8c7cff
	group.instance.id = null
	group.protocol = classic
	group.remote.assignor = null
	heartbeat.interval.ms = 3000
	interceptor.classes = []
	internal.leave.group.on.close = true
	internal.throw.on.fetch.stable.offset.unsupported = false
	isolation.level = read_uncommitted
	key.deserializer = class org.apache.kafka.common.serialization.StringDeserializer
	max.partition.fetch.bytes = 1048576
	max.poll.interval.ms = 300000
	max.poll.records = 500
	metadata.max.age.ms = 300000
	metadata.recovery.strategy = none
	metric.reporters = []
	metrics.num.samples = 2
	metrics.recording.level = INFO
	metrics.sample.window.ms = 30000
	partition.assignment.strategy = [class org.apache.kafka.clients.consumer.RangeAssignor, class org.apache.kafka.clients.consumer.CooperativeStickyAssignor]
	receive.buffer.bytes = 65536
	reconnect.backoff.max.ms = 1000
	reconnect.backoff.ms = 50
	request.timeout.ms = 5000
	retry.backoff.max.ms = 1000
	retry.backoff.ms = 100
	sasl.client.callback.handler.class = null
	sasl.jaas.config = null
	sasl.kerberos.kinit.cmd = /usr/bin/kinit
	sasl.kerberos.min.time.before.relogin = 60000
	sasl.kerberos.service.name = null
	sasl.kerberos.ticket.renew.jitter = 0.05
	sasl.kerberos.ticket.renew.window.factor = 0.8
	sasl.login.callback.handler.class = null
	sasl.login.class = null
	sasl.login.connect.timeout.ms = null
	sasl.login.read.timeout.ms = null
	sasl.login.refresh.buffer.seconds = 300
	sasl.login.refresh.min.period.seconds = 60
	sasl.login.refresh.window.factor = 0.8
	sasl.login.refresh.window.jitter = 0.05
	sasl.login.retry.backoff.max.ms = 10000
	sasl.login.retry.backoff.ms = 100
	sasl.mechanism = GSSAPI
	sasl.oauthbearer.clock.skew.seconds = 30
	sasl.oauthbearer.expected.audience = null
	sasl.oauthbearer.expected.issuer = null
	sasl.oauthbearer.header.urlencode = false
	sasl.oauthbearer.jwks.endpoint.refresh.ms = 3600000
	sasl.oauthbearer.jwks.endpoint.retry.backoff.max.ms = 10000
	sasl.oauthbearer.jwks.endpoint.retry.backoff.ms = 100
	sasl.oauthbearer.jwks.endpoint.url = null
	sasl.oauthbearer.scope.claim.name = scope
	sasl.oauthbearer.sub.claim.name = sub
	sasl.oauthbearer.token.endpoint.url = null
	security.protocol = PLAINTEXT
	security.providers = null
	send.buffer.bytes = 131072
	session.timeout.ms = 45000
	socket.connection.setup.timeout.max.ms = 30000
	socket.connection.setup.timeout.ms = 10000
	ssl.cipher.suites = null
	ssl.enabled.protocols = [TLSv1.2, TLSv1.3]
	ssl.endpoint.identification.algorithm = https
	ssl.engine.factory.class = null
	ssl.key.password = null
	ssl.keymanager.algorithm = SunX509
	ssl.keystore.certificate.chain = null
	ssl.keystore.key = null
	ssl.keystore.location = null
	ssl.keystore.password = null
	ssl.keystore.type = JKS
	ssl.protocol = TLSv1.3
	ssl.provider = null
	ssl.secure.random.implementation = null
	ssl.trustmanager.algorithm = PKIX
	ssl.truststore.certificates = null
	ssl.truststore.location = null
	ssl.truststore.password = null
	ssl.truststore.type = JKS
	value.deserializer = class io.apicurio.registry.serde.avro.AvroKafkaDeserializer

2025-10-08 13:32:27,103 INFO  [org.apa.kaf.com.tel.int.KafkaMetricsCollector] (main) initializing Kafka metrics collector
2025-10-08 13:32:27,105 INFO  [org.apa.kaf.cli.Metadata] (kafka-producer-network-thread | Producer-topic-8e0ceb07_c09d_4545_ac5b_68c56a8c7cff) [Producer clientId=Producer-topic-8e0ceb07_c09d_4545_ac5b_68c56a8c7cff] Cluster ID: SVjZkHnAQ8mYJ12eIV0raA
2025-10-08 13:32:27,106 INFO  [org.apa.kaf.cli.pro.int.TransactionManager] (kafka-producer-network-thread | Producer-topic-8e0ceb07_c09d_4545_ac5b_68c56a8c7cff) [Producer clientId=Producer-topic-8e0ceb07_c09d_4545_ac5b_68c56a8c7cff] ProducerId set to 12 with epoch 0
2025-10-08 13:32:27,107 INFO  [org.apa.kaf.cli.con.ConsumerConfig] (main) These configurations '[apicurio.registry.url]' were supplied but are not used yet.
2025-10-08 13:32:27,107 INFO  [org.apa.kaf.com.uti.AppInfoParser] (main) Kafka version: 3.9.1
2025-10-08 13:32:27,107 INFO  [org.apa.kaf.com.uti.AppInfoParser] (main) Kafka commitId: f745dfdcee2b9851
2025-10-08 13:32:27,107 INFO  [org.apa.kaf.com.uti.AppInfoParser] (main) Kafka startTimeMs: 1759930347107
2025-10-08 13:32:27,107 INFO  [io.api.tes.ser.api.KafkaSerdesTester] (ForkJoinPool.commonPool-worker-3) Sending message {"key11759930345990": "value-0"} to topic topic-8e0ceb07_c09d_4545_ac5b_68c56a8c7cff
2025-10-08 13:32:27,111 INFO  [DefaultSchemaResolver] (ForkJoinPool.commonPool-worker-3) Retrieving schema content using string: {"type":"record","name":"sef81f2e6xd765x4381x9da6x999474623fe3","namespace":"ns_8aba9441_cd74_4175_b479_e723851b89e9","fields":[{"name":"key11759930345990","type":"string"}]}
2025-10-08 13:32:27,178 INFO  [io.api.tes.ser.api.KafkaSerdesTester] (ForkJoinPool.commonPool-worker-3) Sending message {"key11759930345990": "value-1"} to topic topic-8e0ceb07_c09d_4545_ac5b_68c56a8c7cff
2025-10-08 13:32:27,179 INFO  [io.api.tes.ser.api.KafkaSerdesTester] (ForkJoinPool.commonPool-worker-3) Sending message {"key11759930345990": "value-2"} to topic topic-8e0ceb07_c09d_4545_ac5b_68c56a8c7cff
2025-10-08 13:32:27,181 INFO  [io.api.tes.ser.api.KafkaSerdesTester] (ForkJoinPool.commonPool-worker-3) Sending message {"key11759930345990": "value-3"} to topic topic-8e0ceb07_c09d_4545_ac5b_68c56a8c7cff
2025-10-08 13:32:27,182 INFO  [io.api.tes.ser.api.KafkaSerdesTester] (ForkJoinPool.commonPool-worker-3) Sending message {"key11759930345990": "value-4"} to topic topic-8e0ceb07_c09d_4545_ac5b_68c56a8c7cff
2025-10-08 13:32:27,183 INFO  [io.api.tes.ser.api.KafkaSerdesTester] (ForkJoinPool.commonPool-worker-3) Sending message {"key11759930345990": "value-5"} to topic topic-8e0ceb07_c09d_4545_ac5b_68c56a8c7cff
2025-10-08 13:32:27,184 INFO  [io.api.tes.ser.api.KafkaSerdesTester] (ForkJoinPool.commonPool-worker-3) Sending message {"key11759930345990": "value-6"} to topic topic-8e0ceb07_c09d_4545_ac5b_68c56a8c7cff
2025-10-08 13:32:27,185 INFO  [io.api.tes.ser.api.KafkaSerdesTester] (ForkJoinPool.commonPool-worker-3) Sending message {"key11759930345990": "value-7"} to topic topic-8e0ceb07_c09d_4545_ac5b_68c56a8c7cff
2025-10-08 13:32:27,186 INFO  [io.api.tes.ser.api.KafkaSerdesTester] (ForkJoinPool.commonPool-worker-3) Sending message {"key11759930345990": "value-8"} to topic topic-8e0ceb07_c09d_4545_ac5b_68c56a8c7cff
2025-10-08 13:32:27,187 INFO  [io.api.tes.ser.api.KafkaSerdesTester] (ForkJoinPool.commonPool-worker-3) Sending message {"key11759930345990": "value-9"} to topic topic-8e0ceb07_c09d_4545_ac5b_68c56a8c7cff
2025-10-08 13:32:27,188 INFO  [io.api.tes.ser.api.KafkaSerdesTester] (ForkJoinPool.commonPool-worker-3) Produced 10 messages
2025-10-08 13:32:27,188 INFO  [org.apa.kaf.cli.pro.KafkaProducer] (ForkJoinPool.commonPool-worker-3) [Producer clientId=Producer-topic-8e0ceb07_c09d_4545_ac5b_68c56a8c7cff] Closing the Kafka producer with timeoutMillis = 9223372036854775807 ms.
2025-10-08 13:32:27,190 INFO  [org.apa.kaf.com.met.Metrics] (ForkJoinPool.commonPool-worker-3) Metrics scheduler closed
2025-10-08 13:32:27,190 INFO  [org.apa.kaf.com.met.Metrics] (ForkJoinPool.commonPool-worker-3) Closing reporter org.apache.kafka.common.metrics.JmxReporter
2025-10-08 13:32:27,190 INFO  [org.apa.kaf.com.met.Metrics] (ForkJoinPool.commonPool-worker-3) Closing reporter org.apache.kafka.common.telemetry.internals.ClientTelemetryReporter
2025-10-08 13:32:27,190 INFO  [org.apa.kaf.com.met.Metrics] (ForkJoinPool.commonPool-worker-3) Metrics reporters closed
2025-10-08 13:32:27,190 INFO  [org.apa.kaf.com.uti.AppInfoParser] (ForkJoinPool.commonPool-worker-3) App info kafka.producer for Producer-topic-8e0ceb07_c09d_4545_ac5b_68c56a8c7cff unregistered
2025-10-08 13:32:27,190 INFO  [org.apa.kaf.cli.con.int.ClassicKafkaConsumer] (ForkJoinPool.commonPool-worker-3) [Consumer clientId=consumer-Consumer-topic-8e0ceb07_c09d_4545_ac5b_68c56a8c7cff-10, groupId=Consumer-topic-8e0ceb07_c09d_4545_ac5b_68c56a8c7cff] Subscribed to topic(s): topic-8e0ceb07_c09d_4545_ac5b_68c56a8c7cff
2025-10-08 13:32:27,194 INFO  [org.apa.kaf.cli.Metadata] (ForkJoinPool.commonPool-worker-3) [Consumer clientId=consumer-Consumer-topic-8e0ceb07_c09d_4545_ac5b_68c56a8c7cff-10, groupId=Consumer-topic-8e0ceb07_c09d_4545_ac5b_68c56a8c7cff] Cluster ID: SVjZkHnAQ8mYJ12eIV0raA
2025-10-08 13:32:27,194 INFO  [org.apa.kaf.cli.con.int.ConsumerCoordinator] (ForkJoinPool.commonPool-worker-3) [Consumer clientId=consumer-Consumer-topic-8e0ceb07_c09d_4545_ac5b_68c56a8c7cff-10, groupId=Consumer-topic-8e0ceb07_c09d_4545_ac5b_68c56a8c7cff] Discovered group coordinator localhost:32769 (id: 2147483647 rack: null)
2025-10-08 13:32:27,195 INFO  [org.apa.kaf.cli.con.int.ConsumerCoordinator] (ForkJoinPool.commonPool-worker-3) [Consumer clientId=consumer-Consumer-topic-8e0ceb07_c09d_4545_ac5b_68c56a8c7cff-10, groupId=Consumer-topic-8e0ceb07_c09d_4545_ac5b_68c56a8c7cff] (Re-)joining group
2025-10-08 13:32:27,198 INFO  [org.apa.kaf.cli.con.int.ConsumerCoordinator] (ForkJoinPool.commonPool-worker-3) [Consumer clientId=consumer-Consumer-topic-8e0ceb07_c09d_4545_ac5b_68c56a8c7cff-10, groupId=Consumer-topic-8e0ceb07_c09d_4545_ac5b_68c56a8c7cff] Request joining group due to: need to re-join with the given member-id: consumer-Consumer-topic-8e0ceb07_c09d_4545_ac5b_68c56a8c7cff-10-6fcc8673-5573-4f9c-98f3-a528daea6f57
2025-10-08 13:32:27,198 INFO  [org.apa.kaf.cli.con.int.ConsumerCoordinator] (ForkJoinPool.commonPool-worker-3) [Consumer clientId=consumer-Consumer-topic-8e0ceb07_c09d_4545_ac5b_68c56a8c7cff-10, groupId=Consumer-topic-8e0ceb07_c09d_4545_ac5b_68c56a8c7cff] (Re-)joining group
2025-10-08 13:32:28,190 INFO  [io.api.tes.ser.api.KafkaSerdesTester] (ForkJoinPool.commonPool-worker-3) None found
2025-10-08 13:32:29,190 INFO  [io.api.tes.ser.api.KafkaSerdesTester] (ForkJoinPool.commonPool-worker-3) None found
2025-10-08 13:32:30,190 INFO  [io.api.tes.ser.api.KafkaSerdesTester] (ForkJoinPool.commonPool-worker-3) None found
2025-10-08 13:32:30,199 INFO  [org.apa.kaf.cli.con.int.ConsumerCoordinator] (ForkJoinPool.commonPool-worker-3) [Consumer clientId=consumer-Consumer-topic-8e0ceb07_c09d_4545_ac5b_68c56a8c7cff-10, groupId=Consumer-topic-8e0ceb07_c09d_4545_ac5b_68c56a8c7cff] Successfully joined group with generation Generation{generationId=1, memberId='consumer-Consumer-topic-8e0ceb07_c09d_4545_ac5b_68c56a8c7cff-10-6fcc8673-5573-4f9c-98f3-a528daea6f57', protocol='range'}
2025-10-08 13:32:30,200 INFO  [org.apa.kaf.cli.con.int.ConsumerCoordinator] (ForkJoinPool.commonPool-worker-3) [Consumer clientId=consumer-Consumer-topic-8e0ceb07_c09d_4545_ac5b_68c56a8c7cff-10, groupId=Consumer-topic-8e0ceb07_c09d_4545_ac5b_68c56a8c7cff] Finished assignment for group at generation 1: {consumer-Consumer-topic-8e0ceb07_c09d_4545_ac5b_68c56a8c7cff-10-6fcc8673-5573-4f9c-98f3-a528daea6f57=Assignment(partitions=[topic-8e0ceb07_c09d_4545_ac5b_68c56a8c7cff-0])}
2025-10-08 13:32:30,207 INFO  [org.apa.kaf.cli.con.int.ConsumerCoordinator] (ForkJoinPool.commonPool-worker-3) [Consumer clientId=consumer-Consumer-topic-8e0ceb07_c09d_4545_ac5b_68c56a8c7cff-10, groupId=Consumer-topic-8e0ceb07_c09d_4545_ac5b_68c56a8c7cff] Successfully synced group in generation Generation{generationId=1, memberId='consumer-Consumer-topic-8e0ceb07_c09d_4545_ac5b_68c56a8c7cff-10-6fcc8673-5573-4f9c-98f3-a528daea6f57', protocol='range'}
2025-10-08 13:32:30,207 INFO  [org.apa.kaf.cli.con.int.ConsumerCoordinator] (ForkJoinPool.commonPool-worker-3) [Consumer clientId=consumer-Consumer-topic-8e0ceb07_c09d_4545_ac5b_68c56a8c7cff-10, groupId=Consumer-topic-8e0ceb07_c09d_4545_ac5b_68c56a8c7cff] Notifying assignor about the new Assignment(partitions=[topic-8e0ceb07_c09d_4545_ac5b_68c56a8c7cff-0])
2025-10-08 13:32:30,207 INFO  [org.apa.kaf.cli.con.int.ConsumerRebalanceListenerInvoker] (ForkJoinPool.commonPool-worker-3) [Consumer clientId=consumer-Consumer-topic-8e0ceb07_c09d_4545_ac5b_68c56a8c7cff-10, groupId=Consumer-topic-8e0ceb07_c09d_4545_ac5b_68c56a8c7cff] Adding newly assigned partitions: topic-8e0ceb07_c09d_4545_ac5b_68c56a8c7cff-0
2025-10-08 13:32:30,208 INFO  [org.apa.kaf.cli.con.int.ConsumerCoordinator] (ForkJoinPool.commonPool-worker-3) [Consumer clientId=consumer-Consumer-topic-8e0ceb07_c09d_4545_ac5b_68c56a8c7cff-10, groupId=Consumer-topic-8e0ceb07_c09d_4545_ac5b_68c56a8c7cff] Found no committed offset for partition topic-8e0ceb07_c09d_4545_ac5b_68c56a8c7cff-0
2025-10-08 13:32:30,211 INFO  [org.apa.kaf.cli.con.int.SubscriptionState] (ForkJoinPool.commonPool-worker-3) [Consumer clientId=consumer-Consumer-topic-8e0ceb07_c09d_4545_ac5b_68c56a8c7cff-10, groupId=Consumer-topic-8e0ceb07_c09d_4545_ac5b_68c56a8c7cff] Resetting offset for partition topic-8e0ceb07_c09d_4545_ac5b_68c56a8c7cff-0 to position FetchPosition{offset=0, offsetEpoch=Optional.empty, currentLeader=LeaderAndEpoch{leader=Optional[localhost:32769 (id: 0 rack: null)], epoch=0}}.
2025-10-08 13:32:30,312 INFO  [io.api.tes.ser.api.KafkaSerdesTester] (ForkJoinPool.commonPool-worker-3) topic-8e0ceb07_c09d_4545_ac5b_68c56a8c7cff 0 0 {"key11759930345990": "value-0"}
2025-10-08 13:32:30,312 INFO  [io.api.tes.ser.api.KafkaSerdesTester] (ForkJoinPool.commonPool-worker-3) topic-8e0ceb07_c09d_4545_ac5b_68c56a8c7cff 0 1 {"key11759930345990": "value-1"}
2025-10-08 13:32:30,312 INFO  [io.api.tes.ser.api.KafkaSerdesTester] (ForkJoinPool.commonPool-worker-3) topic-8e0ceb07_c09d_4545_ac5b_68c56a8c7cff 0 2 {"key11759930345990": "value-2"}
2025-10-08 13:32:30,312 INFO  [io.api.tes.ser.api.KafkaSerdesTester] (ForkJoinPool.commonPool-worker-3) topic-8e0ceb07_c09d_4545_ac5b_68c56a8c7cff 0 3 {"key11759930345990": "value-3"}
2025-10-08 13:32:30,312 INFO  [io.api.tes.ser.api.KafkaSerdesTester] (ForkJoinPool.commonPool-worker-3) topic-8e0ceb07_c09d_4545_ac5b_68c56a8c7cff 0 4 {"key11759930345990": "value-4"}
2025-10-08 13:32:30,312 INFO  [io.api.tes.ser.api.KafkaSerdesTester] (ForkJoinPool.commonPool-worker-3) topic-8e0ceb07_c09d_4545_ac5b_68c56a8c7cff 0 5 {"key11759930345990": "value-5"}
2025-10-08 13:32:30,312 INFO  [io.api.tes.ser.api.KafkaSerdesTester] (ForkJoinPool.commonPool-worker-3) topic-8e0ceb07_c09d_4545_ac5b_68c56a8c7cff 0 6 {"key11759930345990": "value-6"}
2025-10-08 13:32:30,312 INFO  [io.api.tes.ser.api.KafkaSerdesTester] (ForkJoinPool.commonPool-worker-3) topic-8e0ceb07_c09d_4545_ac5b_68c56a8c7cff 0 7 {"key11759930345990": "value-7"}
2025-10-08 13:32:30,312 INFO  [io.api.tes.ser.api.KafkaSerdesTester] (ForkJoinPool.commonPool-worker-3) topic-8e0ceb07_c09d_4545_ac5b_68c56a8c7cff 0 8 {"key11759930345990": "value-8"}
2025-10-08 13:32:30,312 INFO  [io.api.tes.ser.api.KafkaSerdesTester] (ForkJoinPool.commonPool-worker-3) topic-8e0ceb07_c09d_4545_ac5b_68c56a8c7cff 0 9 {"key11759930345990": "value-9"}
2025-10-08 13:32:30,312 INFO  [io.api.tes.ser.api.KafkaSerdesTester] (ForkJoinPool.commonPool-worker-3) Consumed 10 messages
2025-10-08 13:32:30,319 INFO  [org.apa.kaf.cli.con.int.ConsumerRebalanceListenerInvoker] (ForkJoinPool.commonPool-worker-3) [Consumer clientId=consumer-Consumer-topic-8e0ceb07_c09d_4545_ac5b_68c56a8c7cff-10, groupId=Consumer-topic-8e0ceb07_c09d_4545_ac5b_68c56a8c7cff] Revoke previously assigned partitions topic-8e0ceb07_c09d_4545_ac5b_68c56a8c7cff-0
2025-10-08 13:32:30,319 INFO  [org.apa.kaf.cli.con.int.ConsumerCoordinator] (ForkJoinPool.commonPool-worker-3) [Consumer clientId=consumer-Consumer-topic-8e0ceb07_c09d_4545_ac5b_68c56a8c7cff-10, groupId=Consumer-topic-8e0ceb07_c09d_4545_ac5b_68c56a8c7cff] Member consumer-Consumer-topic-8e0ceb07_c09d_4545_ac5b_68c56a8c7cff-10-6fcc8673-5573-4f9c-98f3-a528daea6f57 sending LeaveGroup request to coordinator localhost:32769 (id: 2147483647 rack: null) due to the consumer is being closed
2025-10-08 13:32:30,320 INFO  [org.apa.kaf.cli.con.int.ConsumerCoordinator] (ForkJoinPool.commonPool-worker-3) [Consumer clientId=consumer-Consumer-topic-8e0ceb07_c09d_4545_ac5b_68c56a8c7cff-10, groupId=Consumer-topic-8e0ceb07_c09d_4545_ac5b_68c56a8c7cff] Resetting generation and member id due to: consumer pro-actively leaving the group
2025-10-08 13:32:30,320 INFO  [org.apa.kaf.cli.con.int.ConsumerCoordinator] (ForkJoinPool.commonPool-worker-3) [Consumer clientId=consumer-Consumer-topic-8e0ceb07_c09d_4545_ac5b_68c56a8c7cff-10, groupId=Consumer-topic-8e0ceb07_c09d_4545_ac5b_68c56a8c7cff] Request joining group due to: consumer pro-actively leaving the group
2025-10-08 13:32:30,813 INFO  [org.apa.kaf.com.met.Metrics] (ForkJoinPool.commonPool-worker-3) Metrics scheduler closed
2025-10-08 13:32:30,813 INFO  [org.apa.kaf.com.met.Metrics] (ForkJoinPool.commonPool-worker-3) Closing reporter org.apache.kafka.common.metrics.JmxReporter
2025-10-08 13:32:30,814 INFO  [org.apa.kaf.com.met.Metrics] (ForkJoinPool.commonPool-worker-3) Closing reporter org.apache.kafka.common.telemetry.internals.ClientTelemetryReporter
2025-10-08 13:32:30,814 INFO  [org.apa.kaf.com.met.Metrics] (ForkJoinPool.commonPool-worker-3) Metrics reporters closed
2025-10-08 13:32:30,815 INFO  [org.apa.kaf.com.uti.AppInfoParser] (ForkJoinPool.commonPool-worker-3) App info kafka.consumer for consumer-Consumer-topic-8e0ceb07_c09d_4545_ac5b_68c56a8c7cff-10 unregistered
2025-10-08 13:32:30,816 INFO  [io.api.tes.ser.api.AvroSerdeIT] (main) Registering Avro Schema 2: {"type":"record","name":"sef81f2e6xd765x4381x9da6x999474623fe3","namespace":"ns_8aba9441_cd74_4175_b479_e723851b89e9","fields":[{"name":"key11759930345990","type":"string"},{"name":"key21759930350815","type":"string"}]}
**** Registry Base URL: http://registry-app-ksql047.apps.ci419.apicurio-testing.org:80
2025-10-08 13:32:31,916 INFO  [org.apa.kaf.cli.pro.ProducerConfig] (main) ProducerConfig values: 
	acks = -1
	auto.include.jmx.reporter = true
	batch.size = 16384
	bootstrap.servers = [PLAINTEXT://localhost:32769]
	buffer.memory = 33554432
	client.dns.lookup = use_all_dns_ips
	client.id = Producer-topic-8e0ceb07_c09d_4545_ac5b_68c56a8c7cff
	compression.gzip.level = -1
	compression.lz4.level = 9
	compression.type = none
	compression.zstd.level = 3
	connections.max.idle.ms = 10000
	delivery.timeout.ms = 120000
	enable.idempotence = true
	enable.metrics.push = true
	interceptor.classes = []
	key.serializer = class org.apache.kafka.common.serialization.StringSerializer
	linger.ms = 0
	max.block.ms = 60000
	max.in.flight.requests.per.connection = 5
	max.request.size = 1048576
	metadata.max.age.ms = 300000
	metadata.max.idle.ms = 300000
	metadata.recovery.strategy = none
	metric.reporters = []
	metrics.num.samples = 2
	metrics.recording.level = INFO
	metrics.sample.window.ms = 30000
	partitioner.adaptive.partitioning.enable = true
	partitioner.availability.timeout.ms = 0
	partitioner.class = null
	partitioner.ignore.keys = false
	receive.buffer.bytes = 32768
	reconnect.backoff.max.ms = 1000
	reconnect.backoff.ms = 50
	request.timeout.ms = 5000
	retries = 2147483647
	retry.backoff.max.ms = 1000
	retry.backoff.ms = 100
	sasl.client.callback.handler.class = null
	sasl.jaas.config = null
	sasl.kerberos.kinit.cmd = /usr/bin/kinit
	sasl.kerberos.min.time.before.relogin = 60000
	sasl.kerberos.service.name = null
	sasl.kerberos.ticket.renew.jitter = 0.05
	sasl.kerberos.ticket.renew.window.factor = 0.8
	sasl.login.callback.handler.class = null
	sasl.login.class = null
	sasl.login.connect.timeout.ms = null
	sasl.login.read.timeout.ms = null
	sasl.login.refresh.buffer.seconds = 300
	sasl.login.refresh.min.period.seconds = 60
	sasl.login.refresh.window.factor = 0.8
	sasl.login.refresh.window.jitter = 0.05
	sasl.login.retry.backoff.max.ms = 10000
	sasl.login.retry.backoff.ms = 100
	sasl.mechanism = GSSAPI
	sasl.oauthbearer.clock.skew.seconds = 30
	sasl.oauthbearer.expected.audience = null
	sasl.oauthbearer.expected.issuer = null
	sasl.oauthbearer.header.urlencode = false
	sasl.oauthbearer.jwks.endpoint.refresh.ms = 3600000
	sasl.oauthbearer.jwks.endpoint.retry.backoff.max.ms = 10000
	sasl.oauthbearer.jwks.endpoint.retry.backoff.ms = 100
	sasl.oauthbearer.jwks.endpoint.url = null
	sasl.oauthbearer.scope.claim.name = scope
	sasl.oauthbearer.sub.claim.name = sub
	sasl.oauthbearer.token.endpoint.url = null
	security.protocol = PLAINTEXT
	security.providers = null
	send.buffer.bytes = 131072
	socket.connection.setup.timeout.max.ms = 30000
	socket.connection.setup.timeout.ms = 10000
	ssl.cipher.suites = null
	ssl.enabled.protocols = [TLSv1.2, TLSv1.3]
	ssl.endpoint.identification.algorithm = https
	ssl.engine.factory.class = null
	ssl.key.password = null
	ssl.keymanager.algorithm = SunX509
	ssl.keystore.certificate.chain = null
	ssl.keystore.key = null
	ssl.keystore.location = null
	ssl.keystore.password = null
	ssl.keystore.type = JKS
	ssl.protocol = TLSv1.3
	ssl.provider = null
	ssl.secure.random.implementation = null
	ssl.trustmanager.algorithm = PKIX
	ssl.truststore.certificates = null
	ssl.truststore.location = null
	ssl.truststore.password = null
	ssl.truststore.type = JKS
	transaction.timeout.ms = 60000
	transactional.id = null
	value.serializer = class io.apicurio.registry.serde.avro.AvroKafkaSerializer

2025-10-08 13:32:31,916 INFO  [org.apa.kaf.com.tel.int.KafkaMetricsCollector] (main) initializing Kafka metrics collector
2025-10-08 13:32:31,919 INFO  [org.apa.kaf.cli.pro.KafkaProducer] (main) [Producer clientId=Producer-topic-8e0ceb07_c09d_4545_ac5b_68c56a8c7cff] Instantiated an idempotent producer.
2025-10-08 13:32:31,921 INFO  [org.apa.kaf.cli.pro.ProducerConfig] (main) These configurations '[apicurio.registry.url, apicurio.registry.artifact-resolver-strategy]' were supplied but are not used yet.
2025-10-08 13:32:31,921 INFO  [org.apa.kaf.com.uti.AppInfoParser] (main) Kafka version: 3.9.1
2025-10-08 13:32:31,921 INFO  [org.apa.kaf.com.uti.AppInfoParser] (main) Kafka commitId: f745dfdcee2b9851
2025-10-08 13:32:31,921 INFO  [org.apa.kaf.com.uti.AppInfoParser] (main) Kafka startTimeMs: 1759930351921
2025-10-08 13:32:31,921 INFO  [io.api.tes.ser.api.KafkaSerdesTester] (ForkJoinPool.commonPool-worker-3) Sending message {"key11759930345990": "value-0", "key21759930350815": "value-0"} to topic topic-8e0ceb07_c09d_4545_ac5b_68c56a8c7cff
2025-10-08 13:32:31,923 INFO  [org.apa.kaf.cli.Metadata] (kafka-producer-network-thread | Producer-topic-8e0ceb07_c09d_4545_ac5b_68c56a8c7cff) [Producer clientId=Producer-topic-8e0ceb07_c09d_4545_ac5b_68c56a8c7cff] Cluster ID: SVjZkHnAQ8mYJ12eIV0raA
2025-10-08 13:32:31,924 INFO  [org.apa.kaf.cli.pro.int.TransactionManager] (kafka-producer-network-thread | Producer-topic-8e0ceb07_c09d_4545_ac5b_68c56a8c7cff) [Producer clientId=Producer-topic-8e0ceb07_c09d_4545_ac5b_68c56a8c7cff] ProducerId set to 13 with epoch 0
2025-10-08 13:32:31,924 INFO  [DefaultSchemaResolver] (ForkJoinPool.commonPool-worker-3) Retrieving schema content using string: {"type":"record","name":"sef81f2e6xd765x4381x9da6x999474623fe3","namespace":"ns_8aba9441_cd74_4175_b479_e723851b89e9","fields":[{"name":"key11759930345990","type":"string"},{"name":"key21759930350815","type":"string"}]}
2025-10-08 13:32:31,991 INFO  [io.api.tes.ser.api.KafkaSerdesTester] (ForkJoinPool.commonPool-worker-3) Sending message {"key11759930345990": "value-1", "key21759930350815": "value-1"} to topic topic-8e0ceb07_c09d_4545_ac5b_68c56a8c7cff
2025-10-08 13:32:31,993 INFO  [io.api.tes.ser.api.KafkaSerdesTester] (ForkJoinPool.commonPool-worker-3) Sending message {"key11759930345990": "value-2", "key21759930350815": "value-2"} to topic topic-8e0ceb07_c09d_4545_ac5b_68c56a8c7cff
2025-10-08 13:32:31,994 INFO  [io.api.tes.ser.api.KafkaSerdesTester] (ForkJoinPool.commonPool-worker-3) Sending message {"key11759930345990": "value-3", "key21759930350815": "value-3"} to topic topic-8e0ceb07_c09d_4545_ac5b_68c56a8c7cff
2025-10-08 13:32:31,996 INFO  [io.api.tes.ser.api.KafkaSerdesTester] (ForkJoinPool.commonPool-worker-3) Sending message {"key11759930345990": "value-4", "key21759930350815": "value-4"} to topic topic-8e0ceb07_c09d_4545_ac5b_68c56a8c7cff
2025-10-08 13:32:31,998 INFO  [io.api.tes.ser.api.KafkaSerdesTester] (ForkJoinPool.commonPool-worker-3) Sending message {"key11759930345990": "value-5", "key21759930350815": "value-5"} to topic topic-8e0ceb07_c09d_4545_ac5b_68c56a8c7cff
2025-10-08 13:32:31,999 INFO  [io.api.tes.ser.api.KafkaSerdesTester] (ForkJoinPool.commonPool-worker-3) Sending message {"key11759930345990": "value-6", "key21759930350815": "value-6"} to topic topic-8e0ceb07_c09d_4545_ac5b_68c56a8c7cff
2025-10-08 13:32:32,000 INFO  [io.api.tes.ser.api.KafkaSerdesTester] (ForkJoinPool.commonPool-worker-3) Sending message {"key11759930345990": "value-7", "key21759930350815": "value-7"} to topic topic-8e0ceb07_c09d_4545_ac5b_68c56a8c7cff
2025-10-08 13:32:32,001 INFO  [io.api.tes.ser.api.KafkaSerdesTester] (ForkJoinPool.commonPool-worker-3) Sending message {"key11759930345990": "value-8", "key21759930350815": "value-8"} to topic topic-8e0ceb07_c09d_4545_ac5b_68c56a8c7cff
2025-10-08 13:32:32,003 INFO  [io.api.tes.ser.api.KafkaSerdesTester] (ForkJoinPool.commonPool-worker-3) Sending message {"key11759930345990": "value-9", "key21759930350815": "value-9"} to topic topic-8e0ceb07_c09d_4545_ac5b_68c56a8c7cff
2025-10-08 13:32:32,004 INFO  [io.api.tes.ser.api.KafkaSerdesTester] (ForkJoinPool.commonPool-worker-3) Produced 10 messages
2025-10-08 13:32:32,004 INFO  [org.apa.kaf.cli.pro.KafkaProducer] (ForkJoinPool.commonPool-worker-3) [Producer clientId=Producer-topic-8e0ceb07_c09d_4545_ac5b_68c56a8c7cff] Closing the Kafka producer with timeoutMillis = 9223372036854775807 ms.
2025-10-08 13:32:32,006 INFO  [org.apa.kaf.com.met.Metrics] (ForkJoinPool.commonPool-worker-3) Metrics scheduler closed
2025-10-08 13:32:32,006 INFO  [org.apa.kaf.com.met.Metrics] (ForkJoinPool.commonPool-worker-3) Closing reporter org.apache.kafka.common.metrics.JmxReporter
2025-10-08 13:32:32,006 INFO  [org.apa.kaf.com.met.Metrics] (ForkJoinPool.commonPool-worker-3) Closing reporter org.apache.kafka.common.telemetry.internals.ClientTelemetryReporter
2025-10-08 13:32:32,006 INFO  [org.apa.kaf.com.met.Metrics] (ForkJoinPool.commonPool-worker-3) Metrics reporters closed
2025-10-08 13:32:32,006 INFO  [org.apa.kaf.com.uti.AppInfoParser] (ForkJoinPool.commonPool-worker-3) App info kafka.producer for Producer-topic-8e0ceb07_c09d_4545_ac5b_68c56a8c7cff unregistered
**** Registry Base URL: http://registry-app-ksql047.apps.ci419.apicurio-testing.org:80
2025-10-08 13:32:32,007 INFO  [org.apa.kaf.cli.pro.ProducerConfig] (main) ProducerConfig values: 
	acks = -1
	auto.include.jmx.reporter = true
	batch.size = 16384
	bootstrap.servers = [PLAINTEXT://localhost:32769]
	buffer.memory = 33554432
	client.dns.lookup = use_all_dns_ips
	client.id = Producer-topic-8e0ceb07_c09d_4545_ac5b_68c56a8c7cff
	compression.gzip.level = -1
	compression.lz4.level = 9
	compression.type = none
	compression.zstd.level = 3
	connections.max.idle.ms = 10000
	delivery.timeout.ms = 120000
	enable.idempotence = true
	enable.metrics.push = true
	interceptor.classes = []
	key.serializer = class org.apache.kafka.common.serialization.StringSerializer
	linger.ms = 0
	max.block.ms = 60000
	max.in.flight.requests.per.connection = 5
	max.request.size = 1048576
	metadata.max.age.ms = 300000
	metadata.max.idle.ms = 300000
	metadata.recovery.strategy = none
	metric.reporters = []
	metrics.num.samples = 2
	metrics.recording.level = INFO
	metrics.sample.window.ms = 30000
	partitioner.adaptive.partitioning.enable = true
	partitioner.availability.timeout.ms = 0
	partitioner.class = null
	partitioner.ignore.keys = false
	receive.buffer.bytes = 32768
	reconnect.backoff.max.ms = 1000
	reconnect.backoff.ms = 50
	request.timeout.ms = 5000
	retries = 2147483647
	retry.backoff.max.ms = 1000
	retry.backoff.ms = 100
	sasl.client.callback.handler.class = null
	sasl.jaas.config = null
	sasl.kerberos.kinit.cmd = /usr/bin/kinit
	sasl.kerberos.min.time.before.relogin = 60000
	sasl.kerberos.service.name = null
	sasl.kerberos.ticket.renew.jitter = 0.05
	sasl.kerberos.ticket.renew.window.factor = 0.8
	sasl.login.callback.handler.class = null
	sasl.login.class = null
	sasl.login.connect.timeout.ms = null
	sasl.login.read.timeout.ms = null
	sasl.login.refresh.buffer.seconds = 300
	sasl.login.refresh.min.period.seconds = 60
	sasl.login.refresh.window.factor = 0.8
	sasl.login.refresh.window.jitter = 0.05
	sasl.login.retry.backoff.max.ms = 10000
	sasl.login.retry.backoff.ms = 100
	sasl.mechanism = GSSAPI
	sasl.oauthbearer.clock.skew.seconds = 30
	sasl.oauthbearer.expected.audience = null
	sasl.oauthbearer.expected.issuer = null
	sasl.oauthbearer.header.urlencode = false
	sasl.oauthbearer.jwks.endpoint.refresh.ms = 3600000
	sasl.oauthbearer.jwks.endpoint.retry.backoff.max.ms = 10000
	sasl.oauthbearer.jwks.endpoint.retry.backoff.ms = 100
	sasl.oauthbearer.jwks.endpoint.url = null
	sasl.oauthbearer.scope.claim.name = scope
	sasl.oauthbearer.sub.claim.name = sub
	sasl.oauthbearer.token.endpoint.url = null
	security.protocol = PLAINTEXT
	security.providers = null
	send.buffer.bytes = 131072
	socket.connection.setup.timeout.max.ms = 30000
	socket.connection.setup.timeout.ms = 10000
	ssl.cipher.suites = null
	ssl.enabled.protocols = [TLSv1.2, TLSv1.3]
	ssl.endpoint.identification.algorithm = https
	ssl.engine.factory.class = null
	ssl.key.password = null
	ssl.keymanager.algorithm = SunX509
	ssl.keystore.certificate.chain = null
	ssl.keystore.key = null
	ssl.keystore.location = null
	ssl.keystore.password = null
	ssl.keystore.type = JKS
	ssl.protocol = TLSv1.3
	ssl.provider = null
	ssl.secure.random.implementation = null
	ssl.trustmanager.algorithm = PKIX
	ssl.truststore.certificates = null
	ssl.truststore.location = null
	ssl.truststore.password = null
	ssl.truststore.type = JKS
	transaction.timeout.ms = 60000
	transactional.id = null
	value.serializer = class io.apicurio.registry.serde.avro.AvroKafkaSerializer

2025-10-08 13:32:32,007 INFO  [org.apa.kaf.com.tel.int.KafkaMetricsCollector] (main) initializing Kafka metrics collector
2025-10-08 13:32:32,011 INFO  [org.apa.kaf.cli.pro.KafkaProducer] (main) [Producer clientId=Producer-topic-8e0ceb07_c09d_4545_ac5b_68c56a8c7cff] Instantiated an idempotent producer.
2025-10-08 13:32:32,013 INFO  [org.apa.kaf.cli.pro.ProducerConfig] (main) These configurations '[apicurio.registry.url, apicurio.registry.artifact-resolver-strategy]' were supplied but are not used yet.
2025-10-08 13:32:32,013 INFO  [org.apa.kaf.com.uti.AppInfoParser] (main) Kafka version: 3.9.1
2025-10-08 13:32:32,013 INFO  [org.apa.kaf.com.uti.AppInfoParser] (main) Kafka commitId: f745dfdcee2b9851
2025-10-08 13:32:32,013 INFO  [org.apa.kaf.com.uti.AppInfoParser] (main) Kafka startTimeMs: 1759930352013
2025-10-08 13:32:32,013 INFO  [io.api.tes.ser.api.KafkaSerdesTester] (ForkJoinPool.commonPool-worker-3) Sending message {"key11759930345990": "value-0"} to topic topic-8e0ceb07_c09d_4545_ac5b_68c56a8c7cff
2025-10-08 13:32:32,017 INFO  [org.apa.kaf.cli.Metadata] (kafka-producer-network-thread | Producer-topic-8e0ceb07_c09d_4545_ac5b_68c56a8c7cff) [Producer clientId=Producer-topic-8e0ceb07_c09d_4545_ac5b_68c56a8c7cff] Cluster ID: SVjZkHnAQ8mYJ12eIV0raA
2025-10-08 13:32:32,017 INFO  [org.apa.kaf.cli.pro.int.TransactionManager] (kafka-producer-network-thread | Producer-topic-8e0ceb07_c09d_4545_ac5b_68c56a8c7cff) [Producer clientId=Producer-topic-8e0ceb07_c09d_4545_ac5b_68c56a8c7cff] ProducerId set to 14 with epoch 0
2025-10-08 13:32:32,017 INFO  [DefaultSchemaResolver] (ForkJoinPool.commonPool-worker-3) Retrieving schema content using string: {"type":"record","name":"sef81f2e6xd765x4381x9da6x999474623fe3","namespace":"ns_8aba9441_cd74_4175_b479_e723851b89e9","fields":[{"name":"key11759930345990","type":"string"}]}
2025-10-08 13:32:32,085 INFO  [io.api.tes.ser.api.KafkaSerdesTester] (ForkJoinPool.commonPool-worker-3) Sending message {"key11759930345990": "value-1"} to topic topic-8e0ceb07_c09d_4545_ac5b_68c56a8c7cff
2025-10-08 13:32:32,086 INFO  [io.api.tes.ser.api.KafkaSerdesTester] (ForkJoinPool.commonPool-worker-3) Sending message {"key11759930345990": "value-2"} to topic topic-8e0ceb07_c09d_4545_ac5b_68c56a8c7cff
2025-10-08 13:32:32,087 INFO  [io.api.tes.ser.api.KafkaSerdesTester] (ForkJoinPool.commonPool-worker-3) Sending message {"key11759930345990": "value-3"} to topic topic-8e0ceb07_c09d_4545_ac5b_68c56a8c7cff
2025-10-08 13:32:32,088 INFO  [io.api.tes.ser.api.KafkaSerdesTester] (ForkJoinPool.commonPool-worker-3) Sending message {"key11759930345990": "value-4"} to topic topic-8e0ceb07_c09d_4545_ac5b_68c56a8c7cff
2025-10-08 13:32:32,089 INFO  [io.api.tes.ser.api.KafkaSerdesTester] (ForkJoinPool.commonPool-worker-3) Sending message {"key11759930345990": "value-5"} to topic topic-8e0ceb07_c09d_4545_ac5b_68c56a8c7cff
2025-10-08 13:32:32,090 INFO  [io.api.tes.ser.api.KafkaSerdesTester] (ForkJoinPool.commonPool-worker-3) Sending message {"key11759930345990": "value-6"} to topic topic-8e0ceb07_c09d_4545_ac5b_68c56a8c7cff
2025-10-08 13:32:32,091 INFO  [io.api.tes.ser.api.KafkaSerdesTester] (ForkJoinPool.commonPool-worker-3) Sending message {"key11759930345990": "value-7"} to topic topic-8e0ceb07_c09d_4545_ac5b_68c56a8c7cff
2025-10-08 13:32:32,092 INFO  [io.api.tes.ser.api.KafkaSerdesTester] (ForkJoinPool.commonPool-worker-3) Sending message {"key11759930345990": "value-8"} to topic topic-8e0ceb07_c09d_4545_ac5b_68c56a8c7cff
2025-10-08 13:32:32,093 INFO  [io.api.tes.ser.api.KafkaSerdesTester] (ForkJoinPool.commonPool-worker-3) Sending message {"key11759930345990": "value-9"} to topic topic-8e0ceb07_c09d_4545_ac5b_68c56a8c7cff
2025-10-08 13:32:32,094 INFO  [io.api.tes.ser.api.KafkaSerdesTester] (ForkJoinPool.commonPool-worker-3) Produced 10 messages
2025-10-08 13:32:32,094 INFO  [org.apa.kaf.cli.pro.KafkaProducer] (ForkJoinPool.commonPool-worker-3) [Producer clientId=Producer-topic-8e0ceb07_c09d_4545_ac5b_68c56a8c7cff] Closing the Kafka producer with timeoutMillis = 9223372036854775807 ms.
2025-10-08 13:32:32,096 INFO  [org.apa.kaf.com.met.Metrics] (ForkJoinPool.commonPool-worker-3) Metrics scheduler closed
2025-10-08 13:32:32,096 INFO  [org.apa.kaf.com.met.Metrics] (ForkJoinPool.commonPool-worker-3) Closing reporter org.apache.kafka.common.metrics.JmxReporter
2025-10-08 13:32:32,096 INFO  [org.apa.kaf.com.met.Metrics] (ForkJoinPool.commonPool-worker-3) Closing reporter org.apache.kafka.common.telemetry.internals.ClientTelemetryReporter
2025-10-08 13:32:32,096 INFO  [org.apa.kaf.com.met.Metrics] (ForkJoinPool.commonPool-worker-3) Metrics reporters closed
2025-10-08 13:32:32,096 INFO  [org.apa.kaf.com.uti.AppInfoParser] (ForkJoinPool.commonPool-worker-3) App info kafka.producer for Producer-topic-8e0ceb07_c09d_4545_ac5b_68c56a8c7cff unregistered
**** Registry Base URL: http://registry-app-ksql047.apps.ci419.apicurio-testing.org:80
2025-10-08 13:32:32,097 INFO  [org.apa.kaf.cli.con.ConsumerConfig] (main) ConsumerConfig values: 
	allow.auto.create.topics = true
	auto.commit.interval.ms = 500
	auto.include.jmx.reporter = true
	auto.offset.reset = earliest
	bootstrap.servers = [PLAINTEXT://localhost:32769]
	check.crcs = true
	client.dns.lookup = use_all_dns_ips
	client.id = consumer-Consumer-topic-8e0ceb07_c09d_4545_ac5b_68c56a8c7cff-11
	client.rack = 
	connections.max.idle.ms = 10000
	default.api.timeout.ms = 60000
	enable.auto.commit = true
	enable.metrics.push = true
	exclude.internal.topics = true
	fetch.max.bytes = 52428800
	fetch.max.wait.ms = 500
	fetch.min.bytes = 1
	group.id = Consumer-topic-8e0ceb07_c09d_4545_ac5b_68c56a8c7cff
	group.instance.id = null
	group.protocol = classic
	group.remote.assignor = null
	heartbeat.interval.ms = 3000
	interceptor.classes = []
	internal.leave.group.on.close = true
	internal.throw.on.fetch.stable.offset.unsupported = false
	isolation.level = read_uncommitted
	key.deserializer = class org.apache.kafka.common.serialization.StringDeserializer
	max.partition.fetch.bytes = 1048576
	max.poll.interval.ms = 300000
	max.poll.records = 500
	metadata.max.age.ms = 300000
	metadata.recovery.strategy = none
	metric.reporters = []
	metrics.num.samples = 2
	metrics.recording.level = INFO
	metrics.sample.window.ms = 30000
	partition.assignment.strategy = [class org.apache.kafka.clients.consumer.RangeAssignor, class org.apache.kafka.clients.consumer.CooperativeStickyAssignor]
	receive.buffer.bytes = 65536
	reconnect.backoff.max.ms = 1000
	reconnect.backoff.ms = 50
	request.timeout.ms = 5000
	retry.backoff.max.ms = 1000
	retry.backoff.ms = 100
	sasl.client.callback.handler.class = null
	sasl.jaas.config = null
	sasl.kerberos.kinit.cmd = /usr/bin/kinit
	sasl.kerberos.min.time.before.relogin = 60000
	sasl.kerberos.service.name = null
	sasl.kerberos.ticket.renew.jitter = 0.05
	sasl.kerberos.ticket.renew.window.factor = 0.8
	sasl.login.callback.handler.class = null
	sasl.login.class = null
	sasl.login.connect.timeout.ms = null
	sasl.login.read.timeout.ms = null
	sasl.login.refresh.buffer.seconds = 300
	sasl.login.refresh.min.period.seconds = 60
	sasl.login.refresh.window.factor = 0.8
	sasl.login.refresh.window.jitter = 0.05
	sasl.login.retry.backoff.max.ms = 10000
	sasl.login.retry.backoff.ms = 100
	sasl.mechanism = GSSAPI
	sasl.oauthbearer.clock.skew.seconds = 30
	sasl.oauthbearer.expected.audience = null
	sasl.oauthbearer.expected.issuer = null
	sasl.oauthbearer.header.urlencode = false
	sasl.oauthbearer.jwks.endpoint.refresh.ms = 3600000
	sasl.oauthbearer.jwks.endpoint.retry.backoff.max.ms = 10000
	sasl.oauthbearer.jwks.endpoint.retry.backoff.ms = 100
	sasl.oauthbearer.jwks.endpoint.url = null
	sasl.oauthbearer.scope.claim.name = scope
	sasl.oauthbearer.sub.claim.name = sub
	sasl.oauthbearer.token.endpoint.url = null
	security.protocol = PLAINTEXT
	security.providers = null
	send.buffer.bytes = 131072
	session.timeout.ms = 45000
	socket.connection.setup.timeout.max.ms = 30000
	socket.connection.setup.timeout.ms = 10000
	ssl.cipher.suites = null
	ssl.enabled.protocols = [TLSv1.2, TLSv1.3]
	ssl.endpoint.identification.algorithm = https
	ssl.engine.factory.class = null
	ssl.key.password = null
	ssl.keymanager.algorithm = SunX509
	ssl.keystore.certificate.chain = null
	ssl.keystore.key = null
	ssl.keystore.location = null
	ssl.keystore.password = null
	ssl.keystore.type = JKS
	ssl.protocol = TLSv1.3
	ssl.provider = null
	ssl.secure.random.implementation = null
	ssl.trustmanager.algorithm = PKIX
	ssl.truststore.certificates = null
	ssl.truststore.location = null
	ssl.truststore.password = null
	ssl.truststore.type = JKS
	value.deserializer = class io.apicurio.registry.serde.avro.AvroKafkaDeserializer

2025-10-08 13:32:32,097 INFO  [org.apa.kaf.com.tel.int.KafkaMetricsCollector] (main) initializing Kafka metrics collector
2025-10-08 13:32:32,102 INFO  [org.apa.kaf.cli.con.ConsumerConfig] (main) These configurations '[apicurio.registry.url]' were supplied but are not used yet.
2025-10-08 13:32:32,102 INFO  [org.apa.kaf.com.uti.AppInfoParser] (main) Kafka version: 3.9.1
2025-10-08 13:32:32,102 INFO  [org.apa.kaf.com.uti.AppInfoParser] (main) Kafka commitId: f745dfdcee2b9851
2025-10-08 13:32:32,102 INFO  [org.apa.kaf.com.uti.AppInfoParser] (main) Kafka startTimeMs: 1759930352102
2025-10-08 13:32:32,102 INFO  [org.apa.kaf.cli.con.int.ClassicKafkaConsumer] (ForkJoinPool.commonPool-worker-3) [Consumer clientId=consumer-Consumer-topic-8e0ceb07_c09d_4545_ac5b_68c56a8c7cff-11, groupId=Consumer-topic-8e0ceb07_c09d_4545_ac5b_68c56a8c7cff] Subscribed to topic(s): topic-8e0ceb07_c09d_4545_ac5b_68c56a8c7cff
2025-10-08 13:32:32,105 INFO  [org.apa.kaf.cli.Metadata] (ForkJoinPool.commonPool-worker-3) [Consumer clientId=consumer-Consumer-topic-8e0ceb07_c09d_4545_ac5b_68c56a8c7cff-11, groupId=Consumer-topic-8e0ceb07_c09d_4545_ac5b_68c56a8c7cff] Cluster ID: SVjZkHnAQ8mYJ12eIV0raA
2025-10-08 13:32:32,106 INFO  [org.apa.kaf.cli.con.int.ConsumerCoordinator] (ForkJoinPool.commonPool-worker-3) [Consumer clientId=consumer-Consumer-topic-8e0ceb07_c09d_4545_ac5b_68c56a8c7cff-11, groupId=Consumer-topic-8e0ceb07_c09d_4545_ac5b_68c56a8c7cff] Discovered group coordinator localhost:32769 (id: 2147483647 rack: null)
2025-10-08 13:32:32,107 INFO  [org.apa.kaf.cli.con.int.ConsumerCoordinator] (ForkJoinPool.commonPool-worker-3) [Consumer clientId=consumer-Consumer-topic-8e0ceb07_c09d_4545_ac5b_68c56a8c7cff-11, groupId=Consumer-topic-8e0ceb07_c09d_4545_ac5b_68c56a8c7cff] (Re-)joining group
2025-10-08 13:32:32,108 INFO  [org.apa.kaf.cli.con.int.ConsumerCoordinator] (ForkJoinPool.commonPool-worker-3) [Consumer clientId=consumer-Consumer-topic-8e0ceb07_c09d_4545_ac5b_68c56a8c7cff-11, groupId=Consumer-topic-8e0ceb07_c09d_4545_ac5b_68c56a8c7cff] Request joining group due to: need to re-join with the given member-id: consumer-Consumer-topic-8e0ceb07_c09d_4545_ac5b_68c56a8c7cff-11-e3593dcb-1045-44ee-b686-5d11d61e46f1
2025-10-08 13:32:32,109 INFO  [org.apa.kaf.cli.con.int.ConsumerCoordinator] (ForkJoinPool.commonPool-worker-3) [Consumer clientId=consumer-Consumer-topic-8e0ceb07_c09d_4545_ac5b_68c56a8c7cff-11, groupId=Consumer-topic-8e0ceb07_c09d_4545_ac5b_68c56a8c7cff] (Re-)joining group
2025-10-08 13:32:33,103 INFO  [io.api.tes.ser.api.KafkaSerdesTester] (ForkJoinPool.commonPool-worker-3) None found
2025-10-08 13:32:34,103 INFO  [io.api.tes.ser.api.KafkaSerdesTester] (ForkJoinPool.commonPool-worker-3) None found
2025-10-08 13:32:35,105 INFO  [io.api.tes.ser.api.KafkaSerdesTester] (ForkJoinPool.commonPool-worker-3) None found
2025-10-08 13:32:35,110 INFO  [org.apa.kaf.cli.con.int.ConsumerCoordinator] (ForkJoinPool.commonPool-worker-3) [Consumer clientId=consumer-Consumer-topic-8e0ceb07_c09d_4545_ac5b_68c56a8c7cff-11, groupId=Consumer-topic-8e0ceb07_c09d_4545_ac5b_68c56a8c7cff] Successfully joined group with generation Generation{generationId=3, memberId='consumer-Consumer-topic-8e0ceb07_c09d_4545_ac5b_68c56a8c7cff-11-e3593dcb-1045-44ee-b686-5d11d61e46f1', protocol='range'}
2025-10-08 13:32:35,110 INFO  [org.apa.kaf.cli.con.int.ConsumerCoordinator] (ForkJoinPool.commonPool-worker-3) [Consumer clientId=consumer-Consumer-topic-8e0ceb07_c09d_4545_ac5b_68c56a8c7cff-11, groupId=Consumer-topic-8e0ceb07_c09d_4545_ac5b_68c56a8c7cff] Finished assignment for group at generation 3: {consumer-Consumer-topic-8e0ceb07_c09d_4545_ac5b_68c56a8c7cff-11-e3593dcb-1045-44ee-b686-5d11d61e46f1=Assignment(partitions=[topic-8e0ceb07_c09d_4545_ac5b_68c56a8c7cff-0])}
2025-10-08 13:32:35,117 INFO  [org.apa.kaf.cli.con.int.ConsumerCoordinator] (ForkJoinPool.commonPool-worker-3) [Consumer clientId=consumer-Consumer-topic-8e0ceb07_c09d_4545_ac5b_68c56a8c7cff-11, groupId=Consumer-topic-8e0ceb07_c09d_4545_ac5b_68c56a8c7cff] Successfully synced group in generation Generation{generationId=3, memberId='consumer-Consumer-topic-8e0ceb07_c09d_4545_ac5b_68c56a8c7cff-11-e3593dcb-1045-44ee-b686-5d11d61e46f1', protocol='range'}
2025-10-08 13:32:35,117 INFO  [org.apa.kaf.cli.con.int.ConsumerCoordinator] (ForkJoinPool.commonPool-worker-3) [Consumer clientId=consumer-Consumer-topic-8e0ceb07_c09d_4545_ac5b_68c56a8c7cff-11, groupId=Consumer-topic-8e0ceb07_c09d_4545_ac5b_68c56a8c7cff] Notifying assignor about the new Assignment(partitions=[topic-8e0ceb07_c09d_4545_ac5b_68c56a8c7cff-0])
2025-10-08 13:32:35,117 INFO  [org.apa.kaf.cli.con.int.ConsumerRebalanceListenerInvoker] (ForkJoinPool.commonPool-worker-3) [Consumer clientId=consumer-Consumer-topic-8e0ceb07_c09d_4545_ac5b_68c56a8c7cff-11, groupId=Consumer-topic-8e0ceb07_c09d_4545_ac5b_68c56a8c7cff] Adding newly assigned partitions: topic-8e0ceb07_c09d_4545_ac5b_68c56a8c7cff-0
2025-10-08 13:32:35,119 INFO  [org.apa.kaf.cli.con.int.ConsumerUtils] (ForkJoinPool.commonPool-worker-3) Setting offset for partition topic-8e0ceb07_c09d_4545_ac5b_68c56a8c7cff-0 to the committed offset FetchPosition{offset=10, offsetEpoch=Optional[0], currentLeader=LeaderAndEpoch{leader=Optional[localhost:32769 (id: 0 rack: null)], epoch=0}}
2025-10-08 13:32:35,288 INFO  [io.api.tes.ser.api.KafkaSerdesTester] (ForkJoinPool.commonPool-worker-3) topic-8e0ceb07_c09d_4545_ac5b_68c56a8c7cff 0 10 {"key11759930345990": "value-0", "key21759930350815": "value-0"}
2025-10-08 13:32:35,288 INFO  [io.api.tes.ser.api.KafkaSerdesTester] (ForkJoinPool.commonPool-worker-3) topic-8e0ceb07_c09d_4545_ac5b_68c56a8c7cff 0 11 {"key11759930345990": "value-1", "key21759930350815": "value-1"}
2025-10-08 13:32:35,288 INFO  [io.api.tes.ser.api.KafkaSerdesTester] (ForkJoinPool.commonPool-worker-3) topic-8e0ceb07_c09d_4545_ac5b_68c56a8c7cff 0 12 {"key11759930345990": "value-2", "key21759930350815": "value-2"}
2025-10-08 13:32:35,288 INFO  [io.api.tes.ser.api.KafkaSerdesTester] (ForkJoinPool.commonPool-worker-3) topic-8e0ceb07_c09d_4545_ac5b_68c56a8c7cff 0 13 {"key11759930345990": "value-3", "key21759930350815": "value-3"}
2025-10-08 13:32:35,288 INFO  [io.api.tes.ser.api.KafkaSerdesTester] (ForkJoinPool.commonPool-worker-3) topic-8e0ceb07_c09d_4545_ac5b_68c56a8c7cff 0 14 {"key11759930345990": "value-4", "key21759930350815": "value-4"}
2025-10-08 13:32:35,288 INFO  [io.api.tes.ser.api.KafkaSerdesTester] (ForkJoinPool.commonPool-worker-3) topic-8e0ceb07_c09d_4545_ac5b_68c56a8c7cff 0 15 {"key11759930345990": "value-5", "key21759930350815": "value-5"}
2025-10-08 13:32:35,288 INFO  [io.api.tes.ser.api.KafkaSerdesTester] (ForkJoinPool.commonPool-worker-3) topic-8e0ceb07_c09d_4545_ac5b_68c56a8c7cff 0 16 {"key11759930345990": "value-6", "key21759930350815": "value-6"}
2025-10-08 13:32:35,288 INFO  [io.api.tes.ser.api.KafkaSerdesTester] (ForkJoinPool.commonPool-worker-3) topic-8e0ceb07_c09d_4545_ac5b_68c56a8c7cff 0 17 {"key11759930345990": "value-7", "key21759930350815": "value-7"}
2025-10-08 13:32:35,289 INFO  [io.api.tes.ser.api.KafkaSerdesTester] (ForkJoinPool.commonPool-worker-3) topic-8e0ceb07_c09d_4545_ac5b_68c56a8c7cff 0 18 {"key11759930345990": "value-8", "key21759930350815": "value-8"}
2025-10-08 13:32:35,289 INFO  [io.api.tes.ser.api.KafkaSerdesTester] (ForkJoinPool.commonPool-worker-3) topic-8e0ceb07_c09d_4545_ac5b_68c56a8c7cff 0 19 {"key11759930345990": "value-9", "key21759930350815": "value-9"}
2025-10-08 13:32:35,289 INFO  [io.api.tes.ser.api.KafkaSerdesTester] (ForkJoinPool.commonPool-worker-3) topic-8e0ceb07_c09d_4545_ac5b_68c56a8c7cff 0 20 {"key11759930345990": "value-0"}
2025-10-08 13:32:35,289 INFO  [io.api.tes.ser.api.KafkaSerdesTester] (ForkJoinPool.commonPool-worker-3) topic-8e0ceb07_c09d_4545_ac5b_68c56a8c7cff 0 21 {"key11759930345990": "value-1"}
2025-10-08 13:32:35,289 INFO  [io.api.tes.ser.api.KafkaSerdesTester] (ForkJoinPool.commonPool-worker-3) topic-8e0ceb07_c09d_4545_ac5b_68c56a8c7cff 0 22 {"key11759930345990": "value-2"}
2025-10-08 13:32:35,289 INFO  [io.api.tes.ser.api.KafkaSerdesTester] (ForkJoinPool.commonPool-worker-3) topic-8e0ceb07_c09d_4545_ac5b_68c56a8c7cff 0 23 {"key11759930345990": "value-3"}
2025-10-08 13:32:35,289 INFO  [io.api.tes.ser.api.KafkaSerdesTester] (ForkJoinPool.commonPool-worker-3) topic-8e0ceb07_c09d_4545_ac5b_68c56a8c7cff 0 24 {"key11759930345990": "value-4"}
2025-10-08 13:32:35,289 INFO  [io.api.tes.ser.api.KafkaSerdesTester] (ForkJoinPool.commonPool-worker-3) topic-8e0ceb07_c09d_4545_ac5b_68c56a8c7cff 0 25 {"key11759930345990": "value-5"}
2025-10-08 13:32:35,289 INFO  [io.api.tes.ser.api.KafkaSerdesTester] (ForkJoinPool.commonPool-worker-3) topic-8e0ceb07_c09d_4545_ac5b_68c56a8c7cff 0 26 {"key11759930345990": "value-6"}
2025-10-08 13:32:35,289 INFO  [io.api.tes.ser.api.KafkaSerdesTester] (ForkJoinPool.commonPool-worker-3) topic-8e0ceb07_c09d_4545_ac5b_68c56a8c7cff 0 27 {"key11759930345990": "value-7"}
2025-10-08 13:32:35,289 INFO  [io.api.tes.ser.api.KafkaSerdesTester] (ForkJoinPool.commonPool-worker-3) topic-8e0ceb07_c09d_4545_ac5b_68c56a8c7cff 0 28 {"key11759930345990": "value-8"}
2025-10-08 13:32:35,289 INFO  [io.api.tes.ser.api.KafkaSerdesTester] (ForkJoinPool.commonPool-worker-3) topic-8e0ceb07_c09d_4545_ac5b_68c56a8c7cff 0 29 {"key11759930345990": "value-9"}
2025-10-08 13:32:35,289 INFO  [io.api.tes.ser.api.KafkaSerdesTester] (ForkJoinPool.commonPool-worker-3) Consumed 20 messages
2025-10-08 13:32:35,295 INFO  [org.apa.kaf.cli.con.int.ConsumerRebalanceListenerInvoker] (ForkJoinPool.commonPool-worker-3) [Consumer clientId=consumer-Consumer-topic-8e0ceb07_c09d_4545_ac5b_68c56a8c7cff-11, groupId=Consumer-topic-8e0ceb07_c09d_4545_ac5b_68c56a8c7cff] Revoke previously assigned partitions topic-8e0ceb07_c09d_4545_ac5b_68c56a8c7cff-0
2025-10-08 13:32:35,295 INFO  [org.apa.kaf.cli.con.int.ConsumerCoordinator] (ForkJoinPool.commonPool-worker-3) [Consumer clientId=consumer-Consumer-topic-8e0ceb07_c09d_4545_ac5b_68c56a8c7cff-11, groupId=Consumer-topic-8e0ceb07_c09d_4545_ac5b_68c56a8c7cff] Member consumer-Consumer-topic-8e0ceb07_c09d_4545_ac5b_68c56a8c7cff-11-e3593dcb-1045-44ee-b686-5d11d61e46f1 sending LeaveGroup request to coordinator localhost:32769 (id: 2147483647 rack: null) due to the consumer is being closed
2025-10-08 13:32:35,295 INFO  [org.apa.kaf.cli.con.int.ConsumerCoordinator] (ForkJoinPool.commonPool-worker-3) [Consumer clientId=consumer-Consumer-topic-8e0ceb07_c09d_4545_ac5b_68c56a8c7cff-11, groupId=Consumer-topic-8e0ceb07_c09d_4545_ac5b_68c56a8c7cff] Resetting generation and member id due to: consumer pro-actively leaving the group
2025-10-08 13:32:35,295 INFO  [org.apa.kaf.cli.con.int.ConsumerCoordinator] (ForkJoinPool.commonPool-worker-3) [Consumer clientId=consumer-Consumer-topic-8e0ceb07_c09d_4545_ac5b_68c56a8c7cff-11, groupId=Consumer-topic-8e0ceb07_c09d_4545_ac5b_68c56a8c7cff] Request joining group due to: consumer pro-actively leaving the group
2025-10-08 13:32:35,790 INFO  [org.apa.kaf.com.met.Metrics] (ForkJoinPool.commonPool-worker-3) Metrics scheduler closed
2025-10-08 13:32:35,790 INFO  [org.apa.kaf.com.met.Metrics] (ForkJoinPool.commonPool-worker-3) Closing reporter org.apache.kafka.common.metrics.JmxReporter
2025-10-08 13:32:35,790 INFO  [org.apa.kaf.com.met.Metrics] (ForkJoinPool.commonPool-worker-3) Closing reporter org.apache.kafka.common.telemetry.internals.ClientTelemetryReporter
2025-10-08 13:32:35,790 INFO  [org.apa.kaf.com.met.Metrics] (ForkJoinPool.commonPool-worker-3) Metrics reporters closed
2025-10-08 13:32:35,792 INFO  [org.apa.kaf.com.uti.AppInfoParser] (ForkJoinPool.commonPool-worker-3) App info kafka.consumer for consumer-Consumer-topic-8e0ceb07_c09d_4545_ac5b_68c56a8c7cff-11 unregistered
2025-10-08 13:32:35,793 INFO  [io.api.tes.ser.api.AvroSerdeIT] (main) Registering Avro Schema 3: {"type":"record","name":"sef81f2e6xd765x4381x9da6x999474623fe3","namespace":"ns_8aba9441_cd74_4175_b479_e723851b89e9","fields":[{"name":"key11759930345990","type":"string"},{"name":"key21759930350815","type":"string"},{"name":"key31759930355792","type":"string"}]}
**** Registry Base URL: http://registry-app-ksql047.apps.ci419.apicurio-testing.org:80
2025-10-08 13:32:36,890 INFO  [org.apa.kaf.cli.pro.ProducerConfig] (main) ProducerConfig values: 
	acks = -1
	auto.include.jmx.reporter = true
	batch.size = 16384
	bootstrap.servers = [PLAINTEXT://localhost:32769]
	buffer.memory = 33554432
	client.dns.lookup = use_all_dns_ips
	client.id = Producer-topic-8e0ceb07_c09d_4545_ac5b_68c56a8c7cff
	compression.gzip.level = -1
	compression.lz4.level = 9
	compression.type = none
	compression.zstd.level = 3
	connections.max.idle.ms = 10000
	delivery.timeout.ms = 120000
	enable.idempotence = true
	enable.metrics.push = true
	interceptor.classes = []
	key.serializer = class org.apache.kafka.common.serialization.StringSerializer
	linger.ms = 0
	max.block.ms = 60000
	max.in.flight.requests.per.connection = 5
	max.request.size = 1048576
	metadata.max.age.ms = 300000
	metadata.max.idle.ms = 300000
	metadata.recovery.strategy = none
	metric.reporters = []
	metrics.num.samples = 2
	metrics.recording.level = INFO
	metrics.sample.window.ms = 30000
	partitioner.adaptive.partitioning.enable = true
	partitioner.availability.timeout.ms = 0
	partitioner.class = null
	partitioner.ignore.keys = false
	receive.buffer.bytes = 32768
	reconnect.backoff.max.ms = 1000
	reconnect.backoff.ms = 50
	request.timeout.ms = 5000
	retries = 2147483647
	retry.backoff.max.ms = 1000
	retry.backoff.ms = 100
	sasl.client.callback.handler.class = null
	sasl.jaas.config = null
	sasl.kerberos.kinit.cmd = /usr/bin/kinit
	sasl.kerberos.min.time.before.relogin = 60000
	sasl.kerberos.service.name = null
	sasl.kerberos.ticket.renew.jitter = 0.05
	sasl.kerberos.ticket.renew.window.factor = 0.8
	sasl.login.callback.handler.class = null
	sasl.login.class = null
	sasl.login.connect.timeout.ms = null
	sasl.login.read.timeout.ms = null
	sasl.login.refresh.buffer.seconds = 300
	sasl.login.refresh.min.period.seconds = 60
	sasl.login.refresh.window.factor = 0.8
	sasl.login.refresh.window.jitter = 0.05
	sasl.login.retry.backoff.max.ms = 10000
	sasl.login.retry.backoff.ms = 100
	sasl.mechanism = GSSAPI
	sasl.oauthbearer.clock.skew.seconds = 30
	sasl.oauthbearer.expected.audience = null
	sasl.oauthbearer.expected.issuer = null
	sasl.oauthbearer.header.urlencode = false
	sasl.oauthbearer.jwks.endpoint.refresh.ms = 3600000
	sasl.oauthbearer.jwks.endpoint.retry.backoff.max.ms = 10000
	sasl.oauthbearer.jwks.endpoint.retry.backoff.ms = 100
	sasl.oauthbearer.jwks.endpoint.url = null
	sasl.oauthbearer.scope.claim.name = scope
	sasl.oauthbearer.sub.claim.name = sub
	sasl.oauthbearer.token.endpoint.url = null
	security.protocol = PLAINTEXT
	security.providers = null
	send.buffer.bytes = 131072
	socket.connection.setup.timeout.max.ms = 30000
	socket.connection.setup.timeout.ms = 10000
	ssl.cipher.suites = null
	ssl.enabled.protocols = [TLSv1.2, TLSv1.3]
	ssl.endpoint.identification.algorithm = https
	ssl.engine.factory.class = null
	ssl.key.password = null
	ssl.keymanager.algorithm = SunX509
	ssl.keystore.certificate.chain = null
	ssl.keystore.key = null
	ssl.keystore.location = null
	ssl.keystore.password = null
	ssl.keystore.type = JKS
	ssl.protocol = TLSv1.3
	ssl.provider = null
	ssl.secure.random.implementation = null
	ssl.trustmanager.algorithm = PKIX
	ssl.truststore.certificates = null
	ssl.truststore.location = null
	ssl.truststore.password = null
	ssl.truststore.type = JKS
	transaction.timeout.ms = 60000
	transactional.id = null
	value.serializer = class io.apicurio.registry.serde.avro.AvroKafkaSerializer

2025-10-08 13:32:36,890 INFO  [org.apa.kaf.com.tel.int.KafkaMetricsCollector] (main) initializing Kafka metrics collector
2025-10-08 13:32:36,893 INFO  [org.apa.kaf.cli.pro.KafkaProducer] (main) [Producer clientId=Producer-topic-8e0ceb07_c09d_4545_ac5b_68c56a8c7cff] Instantiated an idempotent producer.
2025-10-08 13:32:36,895 INFO  [org.apa.kaf.cli.pro.ProducerConfig] (main) These configurations '[apicurio.registry.url, apicurio.registry.artifact-resolver-strategy]' were supplied but are not used yet.
2025-10-08 13:32:36,895 INFO  [org.apa.kaf.com.uti.AppInfoParser] (main) Kafka version: 3.9.1
2025-10-08 13:32:36,895 INFO  [org.apa.kaf.com.uti.AppInfoParser] (main) Kafka commitId: f745dfdcee2b9851
2025-10-08 13:32:36,895 INFO  [org.apa.kaf.com.uti.AppInfoParser] (main) Kafka startTimeMs: 1759930356895
2025-10-08 13:32:36,895 INFO  [io.api.tes.ser.api.KafkaSerdesTester] (ForkJoinPool.commonPool-worker-3) Sending message {"key11759930345990": "value-0", "key21759930350815": "value-0", "key31759930355792": "value-0"} to topic topic-8e0ceb07_c09d_4545_ac5b_68c56a8c7cff
2025-10-08 13:32:36,898 INFO  [org.apa.kaf.cli.Metadata] (kafka-producer-network-thread | Producer-topic-8e0ceb07_c09d_4545_ac5b_68c56a8c7cff) [Producer clientId=Producer-topic-8e0ceb07_c09d_4545_ac5b_68c56a8c7cff] Cluster ID: SVjZkHnAQ8mYJ12eIV0raA
2025-10-08 13:32:36,898 INFO  [org.apa.kaf.cli.pro.int.TransactionManager] (kafka-producer-network-thread | Producer-topic-8e0ceb07_c09d_4545_ac5b_68c56a8c7cff) [Producer clientId=Producer-topic-8e0ceb07_c09d_4545_ac5b_68c56a8c7cff] ProducerId set to 15 with epoch 0
2025-10-08 13:32:36,898 INFO  [DefaultSchemaResolver] (ForkJoinPool.commonPool-worker-3) Retrieving schema content using string: {"type":"record","name":"sef81f2e6xd765x4381x9da6x999474623fe3","namespace":"ns_8aba9441_cd74_4175_b479_e723851b89e9","fields":[{"name":"key11759930345990","type":"string"},{"name":"key21759930350815","type":"string"},{"name":"key31759930355792","type":"string"}]}
2025-10-08 13:32:36,965 INFO  [io.api.tes.ser.api.KafkaSerdesTester] (ForkJoinPool.commonPool-worker-3) Sending message {"key11759930345990": "value-1", "key21759930350815": "value-1", "key31759930355792": "value-1"} to topic topic-8e0ceb07_c09d_4545_ac5b_68c56a8c7cff
2025-10-08 13:32:36,967 INFO  [io.api.tes.ser.api.KafkaSerdesTester] (ForkJoinPool.commonPool-worker-3) Sending message {"key11759930345990": "value-2", "key21759930350815": "value-2", "key31759930355792": "value-2"} to topic topic-8e0ceb07_c09d_4545_ac5b_68c56a8c7cff
2025-10-08 13:32:36,968 INFO  [io.api.tes.ser.api.KafkaSerdesTester] (ForkJoinPool.commonPool-worker-3) Sending message {"key11759930345990": "value-3", "key21759930350815": "value-3", "key31759930355792": "value-3"} to topic topic-8e0ceb07_c09d_4545_ac5b_68c56a8c7cff
2025-10-08 13:32:36,970 INFO  [io.api.tes.ser.api.KafkaSerdesTester] (ForkJoinPool.commonPool-worker-3) Sending message {"key11759930345990": "value-4", "key21759930350815": "value-4", "key31759930355792": "value-4"} to topic topic-8e0ceb07_c09d_4545_ac5b_68c56a8c7cff
2025-10-08 13:32:36,971 INFO  [io.api.tes.ser.api.KafkaSerdesTester] (ForkJoinPool.commonPool-worker-3) Sending message {"key11759930345990": "value-5", "key21759930350815": "value-5", "key31759930355792": "value-5"} to topic topic-8e0ceb07_c09d_4545_ac5b_68c56a8c7cff
2025-10-08 13:32:36,972 INFO  [io.api.tes.ser.api.KafkaSerdesTester] (ForkJoinPool.commonPool-worker-3) Sending message {"key11759930345990": "value-6", "key21759930350815": "value-6", "key31759930355792": "value-6"} to topic topic-8e0ceb07_c09d_4545_ac5b_68c56a8c7cff
2025-10-08 13:32:36,974 INFO  [io.api.tes.ser.api.KafkaSerdesTester] (ForkJoinPool.commonPool-worker-3) Sending message {"key11759930345990": "value-7", "key21759930350815": "value-7", "key31759930355792": "value-7"} to topic topic-8e0ceb07_c09d_4545_ac5b_68c56a8c7cff
2025-10-08 13:32:36,975 INFO  [io.api.tes.ser.api.KafkaSerdesTester] (ForkJoinPool.commonPool-worker-3) Sending message {"key11759930345990": "value-8", "key21759930350815": "value-8", "key31759930355792": "value-8"} to topic topic-8e0ceb07_c09d_4545_ac5b_68c56a8c7cff
2025-10-08 13:32:36,976 INFO  [io.api.tes.ser.api.KafkaSerdesTester] (ForkJoinPool.commonPool-worker-3) Sending message {"key11759930345990": "value-9", "key21759930350815": "value-9", "key31759930355792": "value-9"} to topic topic-8e0ceb07_c09d_4545_ac5b_68c56a8c7cff
2025-10-08 13:32:36,977 INFO  [io.api.tes.ser.api.KafkaSerdesTester] (ForkJoinPool.commonPool-worker-3) Produced 10 messages
2025-10-08 13:32:36,977 INFO  [org.apa.kaf.cli.pro.KafkaProducer] (ForkJoinPool.commonPool-worker-3) [Producer clientId=Producer-topic-8e0ceb07_c09d_4545_ac5b_68c56a8c7cff] Closing the Kafka producer with timeoutMillis = 9223372036854775807 ms.
2025-10-08 13:32:36,978 INFO  [org.apa.kaf.com.met.Metrics] (ForkJoinPool.commonPool-worker-3) Metrics scheduler closed
2025-10-08 13:32:36,978 INFO  [org.apa.kaf.com.met.Metrics] (ForkJoinPool.commonPool-worker-3) Closing reporter org.apache.kafka.common.metrics.JmxReporter
2025-10-08 13:32:36,978 INFO  [org.apa.kaf.com.met.Metrics] (ForkJoinPool.commonPool-worker-3) Closing reporter org.apache.kafka.common.telemetry.internals.ClientTelemetryReporter
2025-10-08 13:32:36,978 INFO  [org.apa.kaf.com.met.Metrics] (ForkJoinPool.commonPool-worker-3) Metrics reporters closed
2025-10-08 13:32:36,978 INFO  [org.apa.kaf.com.uti.AppInfoParser] (ForkJoinPool.commonPool-worker-3) App info kafka.producer for Producer-topic-8e0ceb07_c09d_4545_ac5b_68c56a8c7cff unregistered
**** Registry Base URL: http://registry-app-ksql047.apps.ci419.apicurio-testing.org:80
2025-10-08 13:32:36,979 INFO  [org.apa.kaf.cli.pro.ProducerConfig] (main) ProducerConfig values: 
	acks = -1
	auto.include.jmx.reporter = true
	batch.size = 16384
	bootstrap.servers = [PLAINTEXT://localhost:32769]
	buffer.memory = 33554432
	client.dns.lookup = use_all_dns_ips
	client.id = Producer-topic-8e0ceb07_c09d_4545_ac5b_68c56a8c7cff
	compression.gzip.level = -1
	compression.lz4.level = 9
	compression.type = none
	compression.zstd.level = 3
	connections.max.idle.ms = 10000
	delivery.timeout.ms = 120000
	enable.idempotence = true
	enable.metrics.push = true
	interceptor.classes = []
	key.serializer = class org.apache.kafka.common.serialization.StringSerializer
	linger.ms = 0
	max.block.ms = 60000
	max.in.flight.requests.per.connection = 5
	max.request.size = 1048576
	metadata.max.age.ms = 300000
	metadata.max.idle.ms = 300000
	metadata.recovery.strategy = none
	metric.reporters = []
	metrics.num.samples = 2
	metrics.recording.level = INFO
	metrics.sample.window.ms = 30000
	partitioner.adaptive.partitioning.enable = true
	partitioner.availability.timeout.ms = 0
	partitioner.class = null
	partitioner.ignore.keys = false
	receive.buffer.bytes = 32768
	reconnect.backoff.max.ms = 1000
	reconnect.backoff.ms = 50
	request.timeout.ms = 5000
	retries = 2147483647
	retry.backoff.max.ms = 1000
	retry.backoff.ms = 100
	sasl.client.callback.handler.class = null
	sasl.jaas.config = null
	sasl.kerberos.kinit.cmd = /usr/bin/kinit
	sasl.kerberos.min.time.before.relogin = 60000
	sasl.kerberos.service.name = null
	sasl.kerberos.ticket.renew.jitter = 0.05
	sasl.kerberos.ticket.renew.window.factor = 0.8
	sasl.login.callback.handler.class = null
	sasl.login.class = null
	sasl.login.connect.timeout.ms = null
	sasl.login.read.timeout.ms = null
	sasl.login.refresh.buffer.seconds = 300
	sasl.login.refresh.min.period.seconds = 60
	sasl.login.refresh.window.factor = 0.8
	sasl.login.refresh.window.jitter = 0.05
	sasl.login.retry.backoff.max.ms = 10000
	sasl.login.retry.backoff.ms = 100
	sasl.mechanism = GSSAPI
	sasl.oauthbearer.clock.skew.seconds = 30
	sasl.oauthbearer.expected.audience = null
	sasl.oauthbearer.expected.issuer = null
	sasl.oauthbearer.header.urlencode = false
	sasl.oauthbearer.jwks.endpoint.refresh.ms = 3600000
	sasl.oauthbearer.jwks.endpoint.retry.backoff.max.ms = 10000
	sasl.oauthbearer.jwks.endpoint.retry.backoff.ms = 100
	sasl.oauthbearer.jwks.endpoint.url = null
	sasl.oauthbearer.scope.claim.name = scope
	sasl.oauthbearer.sub.claim.name = sub
	sasl.oauthbearer.token.endpoint.url = null
	security.protocol = PLAINTEXT
	security.providers = null
	send.buffer.bytes = 131072
	socket.connection.setup.timeout.max.ms = 30000
	socket.connection.setup.timeout.ms = 10000
	ssl.cipher.suites = null
	ssl.enabled.protocols = [TLSv1.2, TLSv1.3]
	ssl.endpoint.identification.algorithm = https
	ssl.engine.factory.class = null
	ssl.key.password = null
	ssl.keymanager.algorithm = SunX509
	ssl.keystore.certificate.chain = null
	ssl.keystore.key = null
	ssl.keystore.location = null
	ssl.keystore.password = null
	ssl.keystore.type = JKS
	ssl.protocol = TLSv1.3
	ssl.provider = null
	ssl.secure.random.implementation = null
	ssl.trustmanager.algorithm = PKIX
	ssl.truststore.certificates = null
	ssl.truststore.location = null
	ssl.truststore.password = null
	ssl.truststore.type = JKS
	transaction.timeout.ms = 60000
	transactional.id = null
	value.serializer = class io.apicurio.registry.serde.avro.AvroKafkaSerializer

2025-10-08 13:32:36,979 INFO  [org.apa.kaf.com.tel.int.KafkaMetricsCollector] (main) initializing Kafka metrics collector
2025-10-08 13:32:36,983 INFO  [org.apa.kaf.cli.pro.KafkaProducer] (main) [Producer clientId=Producer-topic-8e0ceb07_c09d_4545_ac5b_68c56a8c7cff] Instantiated an idempotent producer.
2025-10-08 13:32:36,985 INFO  [org.apa.kaf.cli.pro.ProducerConfig] (main) These configurations '[apicurio.registry.url, apicurio.registry.artifact-resolver-strategy]' were supplied but are not used yet.
2025-10-08 13:32:36,985 INFO  [org.apa.kaf.com.uti.AppInfoParser] (main) Kafka version: 3.9.1
2025-10-08 13:32:36,985 INFO  [org.apa.kaf.com.uti.AppInfoParser] (main) Kafka commitId: f745dfdcee2b9851
2025-10-08 13:32:36,985 INFO  [org.apa.kaf.com.uti.AppInfoParser] (main) Kafka startTimeMs: 1759930356985
2025-10-08 13:32:36,985 INFO  [io.api.tes.ser.api.KafkaSerdesTester] (ForkJoinPool.commonPool-worker-3) Sending message {"key11759930345990": "value-0", "key21759930350815": "value-0"} to topic topic-8e0ceb07_c09d_4545_ac5b_68c56a8c7cff
2025-10-08 13:32:36,988 INFO  [org.apa.kaf.cli.Metadata] (kafka-producer-network-thread | Producer-topic-8e0ceb07_c09d_4545_ac5b_68c56a8c7cff) [Producer clientId=Producer-topic-8e0ceb07_c09d_4545_ac5b_68c56a8c7cff] Cluster ID: SVjZkHnAQ8mYJ12eIV0raA
2025-10-08 13:32:36,988 INFO  [org.apa.kaf.cli.pro.int.TransactionManager] (kafka-producer-network-thread | Producer-topic-8e0ceb07_c09d_4545_ac5b_68c56a8c7cff) [Producer clientId=Producer-topic-8e0ceb07_c09d_4545_ac5b_68c56a8c7cff] ProducerId set to 16 with epoch 0
2025-10-08 13:32:36,988 INFO  [DefaultSchemaResolver] (ForkJoinPool.commonPool-worker-3) Retrieving schema content using string: {"type":"record","name":"sef81f2e6xd765x4381x9da6x999474623fe3","namespace":"ns_8aba9441_cd74_4175_b479_e723851b89e9","fields":[{"name":"key11759930345990","type":"string"},{"name":"key21759930350815","type":"string"}]}
2025-10-08 13:32:37,055 INFO  [io.api.tes.ser.api.KafkaSerdesTester] (ForkJoinPool.commonPool-worker-3) Sending message {"key11759930345990": "value-1", "key21759930350815": "value-1"} to topic topic-8e0ceb07_c09d_4545_ac5b_68c56a8c7cff
2025-10-08 13:32:37,057 INFO  [io.api.tes.ser.api.KafkaSerdesTester] (ForkJoinPool.commonPool-worker-3) Sending message {"key11759930345990": "value-2", "key21759930350815": "value-2"} to topic topic-8e0ceb07_c09d_4545_ac5b_68c56a8c7cff
2025-10-08 13:32:37,058 INFO  [io.api.tes.ser.api.KafkaSerdesTester] (ForkJoinPool.commonPool-worker-3) Sending message {"key11759930345990": "value-3", "key21759930350815": "value-3"} to topic topic-8e0ceb07_c09d_4545_ac5b_68c56a8c7cff
2025-10-08 13:32:37,059 INFO  [io.api.tes.ser.api.KafkaSerdesTester] (ForkJoinPool.commonPool-worker-3) Sending message {"key11759930345990": "value-4", "key21759930350815": "value-4"} to topic topic-8e0ceb07_c09d_4545_ac5b_68c56a8c7cff
2025-10-08 13:32:37,060 INFO  [io.api.tes.ser.api.KafkaSerdesTester] (ForkJoinPool.commonPool-worker-3) Sending message {"key11759930345990": "value-5", "key21759930350815": "value-5"} to topic topic-8e0ceb07_c09d_4545_ac5b_68c56a8c7cff
2025-10-08 13:32:37,061 INFO  [io.api.tes.ser.api.KafkaSerdesTester] (ForkJoinPool.commonPool-worker-3) Sending message {"key11759930345990": "value-6", "key21759930350815": "value-6"} to topic topic-8e0ceb07_c09d_4545_ac5b_68c56a8c7cff
2025-10-08 13:32:37,062 INFO  [io.api.tes.ser.api.KafkaSerdesTester] (ForkJoinPool.commonPool-worker-3) Sending message {"key11759930345990": "value-7", "key21759930350815": "value-7"} to topic topic-8e0ceb07_c09d_4545_ac5b_68c56a8c7cff
2025-10-08 13:32:37,064 INFO  [io.api.tes.ser.api.KafkaSerdesTester] (ForkJoinPool.commonPool-worker-3) Sending message {"key11759930345990": "value-8", "key21759930350815": "value-8"} to topic topic-8e0ceb07_c09d_4545_ac5b_68c56a8c7cff
2025-10-08 13:32:37,065 INFO  [io.api.tes.ser.api.KafkaSerdesTester] (ForkJoinPool.commonPool-worker-3) Sending message {"key11759930345990": "value-9", "key21759930350815": "value-9"} to topic topic-8e0ceb07_c09d_4545_ac5b_68c56a8c7cff
2025-10-08 13:32:37,067 INFO  [io.api.tes.ser.api.KafkaSerdesTester] (ForkJoinPool.commonPool-worker-3) Produced 10 messages
2025-10-08 13:32:37,067 INFO  [org.apa.kaf.cli.pro.KafkaProducer] (ForkJoinPool.commonPool-worker-3) [Producer clientId=Producer-topic-8e0ceb07_c09d_4545_ac5b_68c56a8c7cff] Closing the Kafka producer with timeoutMillis = 9223372036854775807 ms.
2025-10-08 13:32:37,069 INFO  [org.apa.kaf.com.met.Metrics] (ForkJoinPool.commonPool-worker-3) Metrics scheduler closed
2025-10-08 13:32:37,069 INFO  [org.apa.kaf.com.met.Metrics] (ForkJoinPool.commonPool-worker-3) Closing reporter org.apache.kafka.common.metrics.JmxReporter
2025-10-08 13:32:37,069 INFO  [org.apa.kaf.com.met.Metrics] (ForkJoinPool.commonPool-worker-3) Closing reporter org.apache.kafka.common.telemetry.internals.ClientTelemetryReporter
2025-10-08 13:32:37,069 INFO  [org.apa.kaf.com.met.Metrics] (ForkJoinPool.commonPool-worker-3) Metrics reporters closed
2025-10-08 13:32:37,069 INFO  [org.apa.kaf.com.uti.AppInfoParser] (ForkJoinPool.commonPool-worker-3) App info kafka.producer for Producer-topic-8e0ceb07_c09d_4545_ac5b_68c56a8c7cff unregistered
**** Registry Base URL: http://registry-app-ksql047.apps.ci419.apicurio-testing.org:80
2025-10-08 13:32:37,070 INFO  [org.apa.kaf.cli.pro.ProducerConfig] (main) ProducerConfig values: 
	acks = -1
	auto.include.jmx.reporter = true
	batch.size = 16384
	bootstrap.servers = [PLAINTEXT://localhost:32769]
	buffer.memory = 33554432
	client.dns.lookup = use_all_dns_ips
	client.id = Producer-topic-8e0ceb07_c09d_4545_ac5b_68c56a8c7cff
	compression.gzip.level = -1
	compression.lz4.level = 9
	compression.type = none
	compression.zstd.level = 3
	connections.max.idle.ms = 10000
	delivery.timeout.ms = 120000
	enable.idempotence = true
	enable.metrics.push = true
	interceptor.classes = []
	key.serializer = class org.apache.kafka.common.serialization.StringSerializer
	linger.ms = 0
	max.block.ms = 60000
	max.in.flight.requests.per.connection = 5
	max.request.size = 1048576
	metadata.max.age.ms = 300000
	metadata.max.idle.ms = 300000
	metadata.recovery.strategy = none
	metric.reporters = []
	metrics.num.samples = 2
	metrics.recording.level = INFO
	metrics.sample.window.ms = 30000
	partitioner.adaptive.partitioning.enable = true
	partitioner.availability.timeout.ms = 0
	partitioner.class = null
	partitioner.ignore.keys = false
	receive.buffer.bytes = 32768
	reconnect.backoff.max.ms = 1000
	reconnect.backoff.ms = 50
	request.timeout.ms = 5000
	retries = 2147483647
	retry.backoff.max.ms = 1000
	retry.backoff.ms = 100
	sasl.client.callback.handler.class = null
	sasl.jaas.config = null
	sasl.kerberos.kinit.cmd = /usr/bin/kinit
	sasl.kerberos.min.time.before.relogin = 60000
	sasl.kerberos.service.name = null
	sasl.kerberos.ticket.renew.jitter = 0.05
	sasl.kerberos.ticket.renew.window.factor = 0.8
	sasl.login.callback.handler.class = null
	sasl.login.class = null
	sasl.login.connect.timeout.ms = null
	sasl.login.read.timeout.ms = null
	sasl.login.refresh.buffer.seconds = 300
	sasl.login.refresh.min.period.seconds = 60
	sasl.login.refresh.window.factor = 0.8
	sasl.login.refresh.window.jitter = 0.05
	sasl.login.retry.backoff.max.ms = 10000
	sasl.login.retry.backoff.ms = 100
	sasl.mechanism = GSSAPI
	sasl.oauthbearer.clock.skew.seconds = 30
	sasl.oauthbearer.expected.audience = null
	sasl.oauthbearer.expected.issuer = null
	sasl.oauthbearer.header.urlencode = false
	sasl.oauthbearer.jwks.endpoint.refresh.ms = 3600000
	sasl.oauthbearer.jwks.endpoint.retry.backoff.max.ms = 10000
	sasl.oauthbearer.jwks.endpoint.retry.backoff.ms = 100
	sasl.oauthbearer.jwks.endpoint.url = null
	sasl.oauthbearer.scope.claim.name = scope
	sasl.oauthbearer.sub.claim.name = sub
	sasl.oauthbearer.token.endpoint.url = null
	security.protocol = PLAINTEXT
	security.providers = null
	send.buffer.bytes = 131072
	socket.connection.setup.timeout.max.ms = 30000
	socket.connection.setup.timeout.ms = 10000
	ssl.cipher.suites = null
	ssl.enabled.protocols = [TLSv1.2, TLSv1.3]
	ssl.endpoint.identification.algorithm = https
	ssl.engine.factory.class = null
	ssl.key.password = null
	ssl.keymanager.algorithm = SunX509
	ssl.keystore.certificate.chain = null
	ssl.keystore.key = null
	ssl.keystore.location = null
	ssl.keystore.password = null
	ssl.keystore.type = JKS
	ssl.protocol = TLSv1.3
	ssl.provider = null
	ssl.secure.random.implementation = null
	ssl.trustmanager.algorithm = PKIX
	ssl.truststore.certificates = null
	ssl.truststore.location = null
	ssl.truststore.password = null
	ssl.truststore.type = JKS
	transaction.timeout.ms = 60000
	transactional.id = null
	value.serializer = class io.apicurio.registry.serde.avro.AvroKafkaSerializer

2025-10-08 13:32:37,070 INFO  [org.apa.kaf.com.tel.int.KafkaMetricsCollector] (main) initializing Kafka metrics collector
2025-10-08 13:32:37,074 INFO  [org.apa.kaf.cli.pro.KafkaProducer] (main) [Producer clientId=Producer-topic-8e0ceb07_c09d_4545_ac5b_68c56a8c7cff] Instantiated an idempotent producer.
2025-10-08 13:32:37,076 INFO  [org.apa.kaf.cli.pro.ProducerConfig] (main) These configurations '[apicurio.registry.url, apicurio.registry.artifact-resolver-strategy]' were supplied but are not used yet.
2025-10-08 13:32:37,076 INFO  [org.apa.kaf.com.uti.AppInfoParser] (main) Kafka version: 3.9.1
2025-10-08 13:32:37,076 INFO  [org.apa.kaf.com.uti.AppInfoParser] (main) Kafka commitId: f745dfdcee2b9851
2025-10-08 13:32:37,076 INFO  [org.apa.kaf.com.uti.AppInfoParser] (main) Kafka startTimeMs: 1759930357076
2025-10-08 13:32:37,076 INFO  [io.api.tes.ser.api.KafkaSerdesTester] (ForkJoinPool.commonPool-worker-3) Sending message {"key11759930345990": "value-0"} to topic topic-8e0ceb07_c09d_4545_ac5b_68c56a8c7cff
2025-10-08 13:32:37,082 INFO  [org.apa.kaf.cli.Metadata] (kafka-producer-network-thread | Producer-topic-8e0ceb07_c09d_4545_ac5b_68c56a8c7cff) [Producer clientId=Producer-topic-8e0ceb07_c09d_4545_ac5b_68c56a8c7cff] Cluster ID: SVjZkHnAQ8mYJ12eIV0raA
2025-10-08 13:32:37,082 INFO  [org.apa.kaf.cli.pro.int.TransactionManager] (kafka-producer-network-thread | Producer-topic-8e0ceb07_c09d_4545_ac5b_68c56a8c7cff) [Producer clientId=Producer-topic-8e0ceb07_c09d_4545_ac5b_68c56a8c7cff] ProducerId set to 17 with epoch 0
2025-10-08 13:32:37,083 INFO  [DefaultSchemaResolver] (ForkJoinPool.commonPool-worker-3) Retrieving schema content using string: {"type":"record","name":"sef81f2e6xd765x4381x9da6x999474623fe3","namespace":"ns_8aba9441_cd74_4175_b479_e723851b89e9","fields":[{"name":"key11759930345990","type":"string"}]}
2025-10-08 13:32:37,151 INFO  [io.api.tes.ser.api.KafkaSerdesTester] (ForkJoinPool.commonPool-worker-3) Sending message {"key11759930345990": "value-1"} to topic topic-8e0ceb07_c09d_4545_ac5b_68c56a8c7cff
2025-10-08 13:32:37,152 INFO  [io.api.tes.ser.api.KafkaSerdesTester] (ForkJoinPool.commonPool-worker-3) Sending message {"key11759930345990": "value-2"} to topic topic-8e0ceb07_c09d_4545_ac5b_68c56a8c7cff
2025-10-08 13:32:37,154 INFO  [io.api.tes.ser.api.KafkaSerdesTester] (ForkJoinPool.commonPool-worker-3) Sending message {"key11759930345990": "value-3"} to topic topic-8e0ceb07_c09d_4545_ac5b_68c56a8c7cff
2025-10-08 13:32:37,155 INFO  [io.api.tes.ser.api.KafkaSerdesTester] (ForkJoinPool.commonPool-worker-3) Sending message {"key11759930345990": "value-4"} to topic topic-8e0ceb07_c09d_4545_ac5b_68c56a8c7cff
2025-10-08 13:32:37,156 INFO  [io.api.tes.ser.api.KafkaSerdesTester] (ForkJoinPool.commonPool-worker-3) Sending message {"key11759930345990": "value-5"} to topic topic-8e0ceb07_c09d_4545_ac5b_68c56a8c7cff
2025-10-08 13:32:37,157 INFO  [io.api.tes.ser.api.KafkaSerdesTester] (ForkJoinPool.commonPool-worker-3) Sending message {"key11759930345990": "value-6"} to topic topic-8e0ceb07_c09d_4545_ac5b_68c56a8c7cff
2025-10-08 13:32:37,159 INFO  [io.api.tes.ser.api.KafkaSerdesTester] (ForkJoinPool.commonPool-worker-3) Sending message {"key11759930345990": "value-7"} to topic topic-8e0ceb07_c09d_4545_ac5b_68c56a8c7cff
2025-10-08 13:32:37,160 INFO  [io.api.tes.ser.api.KafkaSerdesTester] (ForkJoinPool.commonPool-worker-3) Sending message {"key11759930345990": "value-8"} to topic topic-8e0ceb07_c09d_4545_ac5b_68c56a8c7cff
2025-10-08 13:32:37,161 INFO  [io.api.tes.ser.api.KafkaSerdesTester] (ForkJoinPool.commonPool-worker-3) Sending message {"key11759930345990": "value-9"} to topic topic-8e0ceb07_c09d_4545_ac5b_68c56a8c7cff
2025-10-08 13:32:37,162 INFO  [io.api.tes.ser.api.KafkaSerdesTester] (ForkJoinPool.commonPool-worker-3) Produced 10 messages
2025-10-08 13:32:37,162 INFO  [org.apa.kaf.cli.pro.KafkaProducer] (ForkJoinPool.commonPool-worker-3) [Producer clientId=Producer-topic-8e0ceb07_c09d_4545_ac5b_68c56a8c7cff] Closing the Kafka producer with timeoutMillis = 9223372036854775807 ms.
2025-10-08 13:32:37,163 INFO  [org.apa.kaf.com.met.Metrics] (ForkJoinPool.commonPool-worker-3) Metrics scheduler closed
2025-10-08 13:32:37,163 INFO  [org.apa.kaf.com.met.Metrics] (ForkJoinPool.commonPool-worker-3) Closing reporter org.apache.kafka.common.metrics.JmxReporter
2025-10-08 13:32:37,163 INFO  [org.apa.kaf.com.met.Metrics] (ForkJoinPool.commonPool-worker-3) Closing reporter org.apache.kafka.common.telemetry.internals.ClientTelemetryReporter
2025-10-08 13:32:37,163 INFO  [org.apa.kaf.com.met.Metrics] (ForkJoinPool.commonPool-worker-3) Metrics reporters closed
2025-10-08 13:32:37,164 INFO  [org.apa.kaf.com.uti.AppInfoParser] (ForkJoinPool.commonPool-worker-3) App info kafka.producer for Producer-topic-8e0ceb07_c09d_4545_ac5b_68c56a8c7cff unregistered
**** Registry Base URL: http://registry-app-ksql047.apps.ci419.apicurio-testing.org:80
2025-10-08 13:32:37,164 INFO  [org.apa.kaf.cli.con.ConsumerConfig] (main) ConsumerConfig values: 
	allow.auto.create.topics = true
	auto.commit.interval.ms = 500
	auto.include.jmx.reporter = true
	auto.offset.reset = earliest
	bootstrap.servers = [PLAINTEXT://localhost:32769]
	check.crcs = true
	client.dns.lookup = use_all_dns_ips
	client.id = consumer-Consumer-topic-8e0ceb07_c09d_4545_ac5b_68c56a8c7cff-12
	client.rack = 
	connections.max.idle.ms = 10000
	default.api.timeout.ms = 60000
	enable.auto.commit = true
	enable.metrics.push = true
	exclude.internal.topics = true
	fetch.max.bytes = 52428800
	fetch.max.wait.ms = 500
	fetch.min.bytes = 1
	group.id = Consumer-topic-8e0ceb07_c09d_4545_ac5b_68c56a8c7cff
	group.instance.id = null
	group.protocol = classic
	group.remote.assignor = null
	heartbeat.interval.ms = 3000
	interceptor.classes = []
	internal.leave.group.on.close = true
	internal.throw.on.fetch.stable.offset.unsupported = false
	isolation.level = read_uncommitted
	key.deserializer = class org.apache.kafka.common.serialization.StringDeserializer
	max.partition.fetch.bytes = 1048576
	max.poll.interval.ms = 300000
	max.poll.records = 500
	metadata.max.age.ms = 300000
	metadata.recovery.strategy = none
	metric.reporters = []
	metrics.num.samples = 2
	metrics.recording.level = INFO
	metrics.sample.window.ms = 30000
	partition.assignment.strategy = [class org.apache.kafka.clients.consumer.RangeAssignor, class org.apache.kafka.clients.consumer.CooperativeStickyAssignor]
	receive.buffer.bytes = 65536
	reconnect.backoff.max.ms = 1000
	reconnect.backoff.ms = 50
	request.timeout.ms = 5000
	retry.backoff.max.ms = 1000
	retry.backoff.ms = 100
	sasl.client.callback.handler.class = null
	sasl.jaas.config = null
	sasl.kerberos.kinit.cmd = /usr/bin/kinit
	sasl.kerberos.min.time.before.relogin = 60000
	sasl.kerberos.service.name = null
	sasl.kerberos.ticket.renew.jitter = 0.05
	sasl.kerberos.ticket.renew.window.factor = 0.8
	sasl.login.callback.handler.class = null
	sasl.login.class = null
	sasl.login.connect.timeout.ms = null
	sasl.login.read.timeout.ms = null
	sasl.login.refresh.buffer.seconds = 300
	sasl.login.refresh.min.period.seconds = 60
	sasl.login.refresh.window.factor = 0.8
	sasl.login.refresh.window.jitter = 0.05
	sasl.login.retry.backoff.max.ms = 10000
	sasl.login.retry.backoff.ms = 100
	sasl.mechanism = GSSAPI
	sasl.oauthbearer.clock.skew.seconds = 30
	sasl.oauthbearer.expected.audience = null
	sasl.oauthbearer.expected.issuer = null
	sasl.oauthbearer.header.urlencode = false
	sasl.oauthbearer.jwks.endpoint.refresh.ms = 3600000
	sasl.oauthbearer.jwks.endpoint.retry.backoff.max.ms = 10000
	sasl.oauthbearer.jwks.endpoint.retry.backoff.ms = 100
	sasl.oauthbearer.jwks.endpoint.url = null
	sasl.oauthbearer.scope.claim.name = scope
	sasl.oauthbearer.sub.claim.name = sub
	sasl.oauthbearer.token.endpoint.url = null
	security.protocol = PLAINTEXT
	security.providers = null
	send.buffer.bytes = 131072
	session.timeout.ms = 45000
	socket.connection.setup.timeout.max.ms = 30000
	socket.connection.setup.timeout.ms = 10000
	ssl.cipher.suites = null
	ssl.enabled.protocols = [TLSv1.2, TLSv1.3]
	ssl.endpoint.identification.algorithm = https
	ssl.engine.factory.class = null
	ssl.key.password = null
	ssl.keymanager.algorithm = SunX509
	ssl.keystore.certificate.chain = null
	ssl.keystore.key = null
	ssl.keystore.location = null
	ssl.keystore.password = null
	ssl.keystore.type = JKS
	ssl.protocol = TLSv1.3
	ssl.provider = null
	ssl.secure.random.implementation = null
	ssl.trustmanager.algorithm = PKIX
	ssl.truststore.certificates = null
	ssl.truststore.location = null
	ssl.truststore.password = null
	ssl.truststore.type = JKS
	value.deserializer = class io.apicurio.registry.serde.avro.AvroKafkaDeserializer

2025-10-08 13:32:37,164 INFO  [org.apa.kaf.com.tel.int.KafkaMetricsCollector] (main) initializing Kafka metrics collector
2025-10-08 13:32:37,169 INFO  [org.apa.kaf.cli.con.ConsumerConfig] (main) These configurations '[apicurio.registry.url]' were supplied but are not used yet.
2025-10-08 13:32:37,169 INFO  [org.apa.kaf.com.uti.AppInfoParser] (main) Kafka version: 3.9.1
2025-10-08 13:32:37,169 INFO  [org.apa.kaf.com.uti.AppInfoParser] (main) Kafka commitId: f745dfdcee2b9851
2025-10-08 13:32:37,169 INFO  [org.apa.kaf.com.uti.AppInfoParser] (main) Kafka startTimeMs: 1759930357169
2025-10-08 13:32:37,169 INFO  [org.apa.kaf.cli.con.int.ClassicKafkaConsumer] (ForkJoinPool.commonPool-worker-3) [Consumer clientId=consumer-Consumer-topic-8e0ceb07_c09d_4545_ac5b_68c56a8c7cff-12, groupId=Consumer-topic-8e0ceb07_c09d_4545_ac5b_68c56a8c7cff] Subscribed to topic(s): topic-8e0ceb07_c09d_4545_ac5b_68c56a8c7cff
2025-10-08 13:32:37,172 INFO  [org.apa.kaf.cli.Metadata] (ForkJoinPool.commonPool-worker-3) [Consumer clientId=consumer-Consumer-topic-8e0ceb07_c09d_4545_ac5b_68c56a8c7cff-12, groupId=Consumer-topic-8e0ceb07_c09d_4545_ac5b_68c56a8c7cff] Cluster ID: SVjZkHnAQ8mYJ12eIV0raA
2025-10-08 13:32:37,172 INFO  [org.apa.kaf.cli.con.int.ConsumerCoordinator] (ForkJoinPool.commonPool-worker-3) [Consumer clientId=consumer-Consumer-topic-8e0ceb07_c09d_4545_ac5b_68c56a8c7cff-12, groupId=Consumer-topic-8e0ceb07_c09d_4545_ac5b_68c56a8c7cff] Discovered group coordinator localhost:32769 (id: 2147483647 rack: null)
2025-10-08 13:32:37,173 INFO  [org.apa.kaf.cli.con.int.ConsumerCoordinator] (ForkJoinPool.commonPool-worker-3) [Consumer clientId=consumer-Consumer-topic-8e0ceb07_c09d_4545_ac5b_68c56a8c7cff-12, groupId=Consumer-topic-8e0ceb07_c09d_4545_ac5b_68c56a8c7cff] (Re-)joining group
2025-10-08 13:32:37,175 INFO  [org.apa.kaf.cli.con.int.ConsumerCoordinator] (ForkJoinPool.commonPool-worker-3) [Consumer clientId=consumer-Consumer-topic-8e0ceb07_c09d_4545_ac5b_68c56a8c7cff-12, groupId=Consumer-topic-8e0ceb07_c09d_4545_ac5b_68c56a8c7cff] Request joining group due to: need to re-join with the given member-id: consumer-Consumer-topic-8e0ceb07_c09d_4545_ac5b_68c56a8c7cff-12-707f0641-414e-4fa0-a16a-20ec9afea2ba
2025-10-08 13:32:37,175 INFO  [org.apa.kaf.cli.con.int.ConsumerCoordinator] (ForkJoinPool.commonPool-worker-3) [Consumer clientId=consumer-Consumer-topic-8e0ceb07_c09d_4545_ac5b_68c56a8c7cff-12, groupId=Consumer-topic-8e0ceb07_c09d_4545_ac5b_68c56a8c7cff] (Re-)joining group
2025-10-08 13:32:38,169 INFO  [io.api.tes.ser.api.KafkaSerdesTester] (ForkJoinPool.commonPool-worker-3) None found
2025-10-08 13:32:39,170 INFO  [io.api.tes.ser.api.KafkaSerdesTester] (ForkJoinPool.commonPool-worker-3) None found
2025-10-08 13:32:40,170 INFO  [io.api.tes.ser.api.KafkaSerdesTester] (ForkJoinPool.commonPool-worker-3) None found
2025-10-08 13:32:40,177 INFO  [org.apa.kaf.cli.con.int.ConsumerCoordinator] (ForkJoinPool.commonPool-worker-3) [Consumer clientId=consumer-Consumer-topic-8e0ceb07_c09d_4545_ac5b_68c56a8c7cff-12, groupId=Consumer-topic-8e0ceb07_c09d_4545_ac5b_68c56a8c7cff] Successfully joined group with generation Generation{generationId=5, memberId='consumer-Consumer-topic-8e0ceb07_c09d_4545_ac5b_68c56a8c7cff-12-707f0641-414e-4fa0-a16a-20ec9afea2ba', protocol='range'}
2025-10-08 13:32:40,177 INFO  [org.apa.kaf.cli.con.int.ConsumerCoordinator] (ForkJoinPool.commonPool-worker-3) [Consumer clientId=consumer-Consumer-topic-8e0ceb07_c09d_4545_ac5b_68c56a8c7cff-12, groupId=Consumer-topic-8e0ceb07_c09d_4545_ac5b_68c56a8c7cff] Finished assignment for group at generation 5: {consumer-Consumer-topic-8e0ceb07_c09d_4545_ac5b_68c56a8c7cff-12-707f0641-414e-4fa0-a16a-20ec9afea2ba=Assignment(partitions=[topic-8e0ceb07_c09d_4545_ac5b_68c56a8c7cff-0])}
2025-10-08 13:32:40,184 INFO  [org.apa.kaf.cli.con.int.ConsumerCoordinator] (ForkJoinPool.commonPool-worker-3) [Consumer clientId=consumer-Consumer-topic-8e0ceb07_c09d_4545_ac5b_68c56a8c7cff-12, groupId=Consumer-topic-8e0ceb07_c09d_4545_ac5b_68c56a8c7cff] Successfully synced group in generation Generation{generationId=5, memberId='consumer-Consumer-topic-8e0ceb07_c09d_4545_ac5b_68c56a8c7cff-12-707f0641-414e-4fa0-a16a-20ec9afea2ba', protocol='range'}
2025-10-08 13:32:40,184 INFO  [org.apa.kaf.cli.con.int.ConsumerCoordinator] (ForkJoinPool.commonPool-worker-3) [Consumer clientId=consumer-Consumer-topic-8e0ceb07_c09d_4545_ac5b_68c56a8c7cff-12, groupId=Consumer-topic-8e0ceb07_c09d_4545_ac5b_68c56a8c7cff] Notifying assignor about the new Assignment(partitions=[topic-8e0ceb07_c09d_4545_ac5b_68c56a8c7cff-0])
2025-10-08 13:32:40,184 INFO  [org.apa.kaf.cli.con.int.ConsumerRebalanceListenerInvoker] (ForkJoinPool.commonPool-worker-3) [Consumer clientId=consumer-Consumer-topic-8e0ceb07_c09d_4545_ac5b_68c56a8c7cff-12, groupId=Consumer-topic-8e0ceb07_c09d_4545_ac5b_68c56a8c7cff] Adding newly assigned partitions: topic-8e0ceb07_c09d_4545_ac5b_68c56a8c7cff-0
2025-10-08 13:32:40,185 INFO  [org.apa.kaf.cli.con.int.ConsumerUtils] (ForkJoinPool.commonPool-worker-3) Setting offset for partition topic-8e0ceb07_c09d_4545_ac5b_68c56a8c7cff-0 to the committed offset FetchPosition{offset=30, offsetEpoch=Optional[0], currentLeader=LeaderAndEpoch{leader=Optional[localhost:32769 (id: 0 rack: null)], epoch=0}}
2025-10-08 13:32:40,403 INFO  [io.api.tes.ser.api.KafkaSerdesTester] (ForkJoinPool.commonPool-worker-3) topic-8e0ceb07_c09d_4545_ac5b_68c56a8c7cff 0 30 {"key11759930345990": "value-0", "key21759930350815": "value-0", "key31759930355792": "value-0"}
2025-10-08 13:32:40,403 INFO  [io.api.tes.ser.api.KafkaSerdesTester] (ForkJoinPool.commonPool-worker-3) topic-8e0ceb07_c09d_4545_ac5b_68c56a8c7cff 0 31 {"key11759930345990": "value-1", "key21759930350815": "value-1", "key31759930355792": "value-1"}
2025-10-08 13:32:40,403 INFO  [io.api.tes.ser.api.KafkaSerdesTester] (ForkJoinPool.commonPool-worker-3) topic-8e0ceb07_c09d_4545_ac5b_68c56a8c7cff 0 32 {"key11759930345990": "value-2", "key21759930350815": "value-2", "key31759930355792": "value-2"}
2025-10-08 13:32:40,403 INFO  [io.api.tes.ser.api.KafkaSerdesTester] (ForkJoinPool.commonPool-worker-3) topic-8e0ceb07_c09d_4545_ac5b_68c56a8c7cff 0 33 {"key11759930345990": "value-3", "key21759930350815": "value-3", "key31759930355792": "value-3"}
2025-10-08 13:32:40,403 INFO  [io.api.tes.ser.api.KafkaSerdesTester] (ForkJoinPool.commonPool-worker-3) topic-8e0ceb07_c09d_4545_ac5b_68c56a8c7cff 0 34 {"key11759930345990": "value-4", "key21759930350815": "value-4", "key31759930355792": "value-4"}
2025-10-08 13:32:40,403 INFO  [io.api.tes.ser.api.KafkaSerdesTester] (ForkJoinPool.commonPool-worker-3) topic-8e0ceb07_c09d_4545_ac5b_68c56a8c7cff 0 35 {"key11759930345990": "value-5", "key21759930350815": "value-5", "key31759930355792": "value-5"}
2025-10-08 13:32:40,403 INFO  [io.api.tes.ser.api.KafkaSerdesTester] (ForkJoinPool.commonPool-worker-3) topic-8e0ceb07_c09d_4545_ac5b_68c56a8c7cff 0 36 {"key11759930345990": "value-6", "key21759930350815": "value-6", "key31759930355792": "value-6"}
2025-10-08 13:32:40,403 INFO  [io.api.tes.ser.api.KafkaSerdesTester] (ForkJoinPool.commonPool-worker-3) topic-8e0ceb07_c09d_4545_ac5b_68c56a8c7cff 0 37 {"key11759930345990": "value-7", "key21759930350815": "value-7", "key31759930355792": "value-7"}
2025-10-08 13:32:40,403 INFO  [io.api.tes.ser.api.KafkaSerdesTester] (ForkJoinPool.commonPool-worker-3) topic-8e0ceb07_c09d_4545_ac5b_68c56a8c7cff 0 38 {"key11759930345990": "value-8", "key21759930350815": "value-8", "key31759930355792": "value-8"}
2025-10-08 13:32:40,403 INFO  [io.api.tes.ser.api.KafkaSerdesTester] (ForkJoinPool.commonPool-worker-3) topic-8e0ceb07_c09d_4545_ac5b_68c56a8c7cff 0 39 {"key11759930345990": "value-9", "key21759930350815": "value-9", "key31759930355792": "value-9"}
2025-10-08 13:32:40,403 INFO  [io.api.tes.ser.api.KafkaSerdesTester] (ForkJoinPool.commonPool-worker-3) topic-8e0ceb07_c09d_4545_ac5b_68c56a8c7cff 0 40 {"key11759930345990": "value-0", "key21759930350815": "value-0"}
2025-10-08 13:32:40,403 INFO  [io.api.tes.ser.api.KafkaSerdesTester] (ForkJoinPool.commonPool-worker-3) topic-8e0ceb07_c09d_4545_ac5b_68c56a8c7cff 0 41 {"key11759930345990": "value-1", "key21759930350815": "value-1"}
2025-10-08 13:32:40,403 INFO  [io.api.tes.ser.api.KafkaSerdesTester] (ForkJoinPool.commonPool-worker-3) topic-8e0ceb07_c09d_4545_ac5b_68c56a8c7cff 0 42 {"key11759930345990": "value-2", "key21759930350815": "value-2"}
2025-10-08 13:32:40,403 INFO  [io.api.tes.ser.api.KafkaSerdesTester] (ForkJoinPool.commonPool-worker-3) topic-8e0ceb07_c09d_4545_ac5b_68c56a8c7cff 0 43 {"key11759930345990": "value-3", "key21759930350815": "value-3"}
2025-10-08 13:32:40,403 INFO  [io.api.tes.ser.api.KafkaSerdesTester] (ForkJoinPool.commonPool-worker-3) topic-8e0ceb07_c09d_4545_ac5b_68c56a8c7cff 0 44 {"key11759930345990": "value-4", "key21759930350815": "value-4"}
2025-10-08 13:32:40,403 INFO  [io.api.tes.ser.api.KafkaSerdesTester] (ForkJoinPool.commonPool-worker-3) topic-8e0ceb07_c09d_4545_ac5b_68c56a8c7cff 0 45 {"key11759930345990": "value-5", "key21759930350815": "value-5"}
2025-10-08 13:32:40,403 INFO  [io.api.tes.ser.api.KafkaSerdesTester] (ForkJoinPool.commonPool-worker-3) topic-8e0ceb07_c09d_4545_ac5b_68c56a8c7cff 0 46 {"key11759930345990": "value-6", "key21759930350815": "value-6"}
2025-10-08 13:32:40,403 INFO  [io.api.tes.ser.api.KafkaSerdesTester] (ForkJoinPool.commonPool-worker-3) topic-8e0ceb07_c09d_4545_ac5b_68c56a8c7cff 0 47 {"key11759930345990": "value-7", "key21759930350815": "value-7"}
2025-10-08 13:32:40,403 INFO  [io.api.tes.ser.api.KafkaSerdesTester] (ForkJoinPool.commonPool-worker-3) topic-8e0ceb07_c09d_4545_ac5b_68c56a8c7cff 0 48 {"key11759930345990": "value-8", "key21759930350815": "value-8"}
2025-10-08 13:32:40,403 INFO  [io.api.tes.ser.api.KafkaSerdesTester] (ForkJoinPool.commonPool-worker-3) topic-8e0ceb07_c09d_4545_ac5b_68c56a8c7cff 0 49 {"key11759930345990": "value-9", "key21759930350815": "value-9"}
2025-10-08 13:32:40,404 INFO  [io.api.tes.ser.api.KafkaSerdesTester] (ForkJoinPool.commonPool-worker-3) topic-8e0ceb07_c09d_4545_ac5b_68c56a8c7cff 0 50 {"key11759930345990": "value-0"}
2025-10-08 13:32:40,404 INFO  [io.api.tes.ser.api.KafkaSerdesTester] (ForkJoinPool.commonPool-worker-3) topic-8e0ceb07_c09d_4545_ac5b_68c56a8c7cff 0 51 {"key11759930345990": "value-1"}
2025-10-08 13:32:40,404 INFO  [io.api.tes.ser.api.KafkaSerdesTester] (ForkJoinPool.commonPool-worker-3) topic-8e0ceb07_c09d_4545_ac5b_68c56a8c7cff 0 52 {"key11759930345990": "value-2"}
2025-10-08 13:32:40,404 INFO  [io.api.tes.ser.api.KafkaSerdesTester] (ForkJoinPool.commonPool-worker-3) topic-8e0ceb07_c09d_4545_ac5b_68c56a8c7cff 0 53 {"key11759930345990": "value-3"}
2025-10-08 13:32:40,404 INFO  [io.api.tes.ser.api.KafkaSerdesTester] (ForkJoinPool.commonPool-worker-3) topic-8e0ceb07_c09d_4545_ac5b_68c56a8c7cff 0 54 {"key11759930345990": "value-4"}
2025-10-08 13:32:40,404 INFO  [io.api.tes.ser.api.KafkaSerdesTester] (ForkJoinPool.commonPool-worker-3) topic-8e0ceb07_c09d_4545_ac5b_68c56a8c7cff 0 55 {"key11759930345990": "value-5"}
2025-10-08 13:32:40,404 INFO  [io.api.tes.ser.api.KafkaSerdesTester] (ForkJoinPool.commonPool-worker-3) topic-8e0ceb07_c09d_4545_ac5b_68c56a8c7cff 0 56 {"key11759930345990": "value-6"}
2025-10-08 13:32:40,404 INFO  [io.api.tes.ser.api.KafkaSerdesTester] (ForkJoinPool.commonPool-worker-3) topic-8e0ceb07_c09d_4545_ac5b_68c56a8c7cff 0 57 {"key11759930345990": "value-7"}
2025-10-08 13:32:40,404 INFO  [io.api.tes.ser.api.KafkaSerdesTester] (ForkJoinPool.commonPool-worker-3) topic-8e0ceb07_c09d_4545_ac5b_68c56a8c7cff 0 58 {"key11759930345990": "value-8"}
2025-10-08 13:32:40,404 INFO  [io.api.tes.ser.api.KafkaSerdesTester] (ForkJoinPool.commonPool-worker-3) topic-8e0ceb07_c09d_4545_ac5b_68c56a8c7cff 0 59 {"key11759930345990": "value-9"}
2025-10-08 13:32:40,404 INFO  [io.api.tes.ser.api.KafkaSerdesTester] (ForkJoinPool.commonPool-worker-3) Consumed 30 messages
2025-10-08 13:32:40,411 INFO  [org.apa.kaf.cli.con.int.ConsumerRebalanceListenerInvoker] (ForkJoinPool.commonPool-worker-3) [Consumer clientId=consumer-Consumer-topic-8e0ceb07_c09d_4545_ac5b_68c56a8c7cff-12, groupId=Consumer-topic-8e0ceb07_c09d_4545_ac5b_68c56a8c7cff] Revoke previously assigned partitions topic-8e0ceb07_c09d_4545_ac5b_68c56a8c7cff-0
2025-10-08 13:32:40,411 INFO  [org.apa.kaf.cli.con.int.ConsumerCoordinator] (ForkJoinPool.commonPool-worker-3) [Consumer clientId=consumer-Consumer-topic-8e0ceb07_c09d_4545_ac5b_68c56a8c7cff-12, groupId=Consumer-topic-8e0ceb07_c09d_4545_ac5b_68c56a8c7cff] Member consumer-Consumer-topic-8e0ceb07_c09d_4545_ac5b_68c56a8c7cff-12-707f0641-414e-4fa0-a16a-20ec9afea2ba sending LeaveGroup request to coordinator localhost:32769 (id: 2147483647 rack: null) due to the consumer is being closed
2025-10-08 13:32:40,411 INFO  [org.apa.kaf.cli.con.int.ConsumerCoordinator] (ForkJoinPool.commonPool-worker-3) [Consumer clientId=consumer-Consumer-topic-8e0ceb07_c09d_4545_ac5b_68c56a8c7cff-12, groupId=Consumer-topic-8e0ceb07_c09d_4545_ac5b_68c56a8c7cff] Resetting generation and member id due to: consumer pro-actively leaving the group
2025-10-08 13:32:40,411 INFO  [org.apa.kaf.cli.con.int.ConsumerCoordinator] (ForkJoinPool.commonPool-worker-3) [Consumer clientId=consumer-Consumer-topic-8e0ceb07_c09d_4545_ac5b_68c56a8c7cff-12, groupId=Consumer-topic-8e0ceb07_c09d_4545_ac5b_68c56a8c7cff] Request joining group due to: consumer pro-actively leaving the group
2025-10-08 13:32:40,905 INFO  [org.apa.kaf.com.met.Metrics] (ForkJoinPool.commonPool-worker-3) Metrics scheduler closed
2025-10-08 13:32:40,905 INFO  [org.apa.kaf.com.met.Metrics] (ForkJoinPool.commonPool-worker-3) Closing reporter org.apache.kafka.common.metrics.JmxReporter
2025-10-08 13:32:40,905 INFO  [org.apa.kaf.com.met.Metrics] (ForkJoinPool.commonPool-worker-3) Closing reporter org.apache.kafka.common.telemetry.internals.ClientTelemetryReporter
2025-10-08 13:32:40,905 INFO  [org.apa.kaf.com.met.Metrics] (ForkJoinPool.commonPool-worker-3) Metrics reporters closed
2025-10-08 13:32:40,906 INFO  [org.apa.kaf.com.uti.AppInfoParser] (ForkJoinPool.commonPool-worker-3) App info kafka.consumer for consumer-Consumer-topic-8e0ceb07_c09d_4545_ac5b_68c56a8c7cff-12 unregistered
2025-10-08 13:32:40,906 INFO  [org.apa.kaf.cli.pro.KafkaProducer] (main) [Producer clientId=Producer-topic-8e0ceb07_c09d_4545_ac5b_68c56a8c7cff] Closing the Kafka producer with timeoutMillis = 9223372036854775807 ms.
2025-10-08 13:32:40,906 INFO  [org.apa.kaf.com.met.Metrics] (main) Metrics scheduler closed
2025-10-08 13:32:40,906 INFO  [org.apa.kaf.com.met.Metrics] (main) Closing reporter org.apache.kafka.common.metrics.JmxReporter
2025-10-08 13:32:40,906 INFO  [org.apa.kaf.com.met.Metrics] (main) Closing reporter org.apache.kafka.common.telemetry.internals.ClientTelemetryReporter
2025-10-08 13:32:40,906 INFO  [org.apa.kaf.com.met.Metrics] (main) Metrics reporters closed
2025-10-08 13:32:40,906 INFO  [org.apa.kaf.com.uti.AppInfoParser] (main) App info kafka.producer for Producer-topic-8e0ceb07_c09d_4545_ac5b_68c56a8c7cff unregistered
2025-10-08 13:32:40,907 INFO  [io.api.tes.uti.TestSeparator] (main) io.apicurio.tests.serdes.apicurio.AvroSerdeIT.testEvolveAvroApicurio-FINISHED
2025-10-08 13:32:40,907 INFO  [io.api.tes.uti.TestSeparator] (main) ############################################################################
Test passed: testEvolveAvroApicurio
]]></system-out>
  </testcase>
  <testcase name="testTopicRecordIdStrategydFindLatest" classname="io.apicurio.tests.serdes.apicurio.AvroSerdeIT" time="4.896">
    <system-out><![CDATA[2025-10-08 13:32:40,908 INFO  [io.api.tes.uti.TestSeparator] (main) ############################################################################
2025-10-08 13:32:40,908 INFO  [io.api.tes.uti.TestSeparator] (main) io.apicurio.tests.serdes.apicurio.AvroSerdeIT.testTopicRecordIdStrategydFindLatest-STARTED
2025-10-08 13:32:40,909 INFO  [io.api.tes.ser.api.AvroSerdeIT] (main) Registering Avro Schema: {"type":"record","name":"s2127675cxda6fx42d1xafb4x571526015ef6","namespace":"se6c75955xa4a0x42f6x8b5fx1ddddf413b9b","fields":[{"name":"key11759930360908","type":"string"}]}
**** Registry Base URL: http://registry-app-ksql047.apps.ci419.apicurio-testing.org:80
2025-10-08 13:32:42,019 INFO  [org.apa.kaf.cli.pro.ProducerConfig] (main) ProducerConfig values: 
	acks = -1
	auto.include.jmx.reporter = true
	batch.size = 16384
	bootstrap.servers = [PLAINTEXT://localhost:32769]
	buffer.memory = 33554432
	client.dns.lookup = use_all_dns_ips
	client.id = Producer-topic-18d750cd_50be_434b_b7a5_e63a0a9ac40a
	compression.gzip.level = -1
	compression.lz4.level = 9
	compression.type = none
	compression.zstd.level = 3
	connections.max.idle.ms = 10000
	delivery.timeout.ms = 120000
	enable.idempotence = true
	enable.metrics.push = true
	interceptor.classes = []
	key.serializer = class org.apache.kafka.common.serialization.StringSerializer
	linger.ms = 0
	max.block.ms = 60000
	max.in.flight.requests.per.connection = 5
	max.request.size = 1048576
	metadata.max.age.ms = 300000
	metadata.max.idle.ms = 300000
	metadata.recovery.strategy = none
	metric.reporters = []
	metrics.num.samples = 2
	metrics.recording.level = INFO
	metrics.sample.window.ms = 30000
	partitioner.adaptive.partitioning.enable = true
	partitioner.availability.timeout.ms = 0
	partitioner.class = null
	partitioner.ignore.keys = false
	receive.buffer.bytes = 32768
	reconnect.backoff.max.ms = 1000
	reconnect.backoff.ms = 50
	request.timeout.ms = 5000
	retries = 2147483647
	retry.backoff.max.ms = 1000
	retry.backoff.ms = 100
	sasl.client.callback.handler.class = null
	sasl.jaas.config = null
	sasl.kerberos.kinit.cmd = /usr/bin/kinit
	sasl.kerberos.min.time.before.relogin = 60000
	sasl.kerberos.service.name = null
	sasl.kerberos.ticket.renew.jitter = 0.05
	sasl.kerberos.ticket.renew.window.factor = 0.8
	sasl.login.callback.handler.class = null
	sasl.login.class = null
	sasl.login.connect.timeout.ms = null
	sasl.login.read.timeout.ms = null
	sasl.login.refresh.buffer.seconds = 300
	sasl.login.refresh.min.period.seconds = 60
	sasl.login.refresh.window.factor = 0.8
	sasl.login.refresh.window.jitter = 0.05
	sasl.login.retry.backoff.max.ms = 10000
	sasl.login.retry.backoff.ms = 100
	sasl.mechanism = GSSAPI
	sasl.oauthbearer.clock.skew.seconds = 30
	sasl.oauthbearer.expected.audience = null
	sasl.oauthbearer.expected.issuer = null
	sasl.oauthbearer.header.urlencode = false
	sasl.oauthbearer.jwks.endpoint.refresh.ms = 3600000
	sasl.oauthbearer.jwks.endpoint.retry.backoff.max.ms = 10000
	sasl.oauthbearer.jwks.endpoint.retry.backoff.ms = 100
	sasl.oauthbearer.jwks.endpoint.url = null
	sasl.oauthbearer.scope.claim.name = scope
	sasl.oauthbearer.sub.claim.name = sub
	sasl.oauthbearer.token.endpoint.url = null
	security.protocol = PLAINTEXT
	security.providers = null
	send.buffer.bytes = 131072
	socket.connection.setup.timeout.max.ms = 30000
	socket.connection.setup.timeout.ms = 10000
	ssl.cipher.suites = null
	ssl.enabled.protocols = [TLSv1.2, TLSv1.3]
	ssl.endpoint.identification.algorithm = https
	ssl.engine.factory.class = null
	ssl.key.password = null
	ssl.keymanager.algorithm = SunX509
	ssl.keystore.certificate.chain = null
	ssl.keystore.key = null
	ssl.keystore.location = null
	ssl.keystore.password = null
	ssl.keystore.type = JKS
	ssl.protocol = TLSv1.3
	ssl.provider = null
	ssl.secure.random.implementation = null
	ssl.trustmanager.algorithm = PKIX
	ssl.truststore.certificates = null
	ssl.truststore.location = null
	ssl.truststore.password = null
	ssl.truststore.type = JKS
	transaction.timeout.ms = 60000
	transactional.id = null
	value.serializer = class io.apicurio.registry.serde.avro.AvroKafkaSerializer

2025-10-08 13:32:42,019 INFO  [org.apa.kaf.com.tel.int.KafkaMetricsCollector] (main) initializing Kafka metrics collector
2025-10-08 13:32:42,022 INFO  [org.apa.kaf.cli.pro.KafkaProducer] (main) [Producer clientId=Producer-topic-18d750cd_50be_434b_b7a5_e63a0a9ac40a] Instantiated an idempotent producer.
2025-10-08 13:32:42,023 INFO  [org.apa.kaf.cli.pro.ProducerConfig] (main) These configurations '[apicurio.registry.find-latest, apicurio.registry.url, apicurio.registry.artifact-resolver-strategy]' were supplied but are not used yet.
2025-10-08 13:32:42,023 INFO  [org.apa.kaf.com.uti.AppInfoParser] (main) Kafka version: 3.9.1
2025-10-08 13:32:42,023 INFO  [org.apa.kaf.com.uti.AppInfoParser] (main) Kafka commitId: f745dfdcee2b9851
2025-10-08 13:32:42,023 INFO  [org.apa.kaf.com.uti.AppInfoParser] (main) Kafka startTimeMs: 1759930362023
2025-10-08 13:32:42,023 INFO  [io.api.tes.ser.api.SimpleSerdesTesterBuilder$SimpleSerdesTester] (main) Using producer configuration: {apicurio.registry.find-latest=true, apicurio.registry.url=http://registry-app-ksql047.apps.ci419.apicurio-testing.org:80/apis/registry/v3, apicurio.registry.artifact-resolver-strategy=io.apicurio.registry.serde.avro.strategy.TopicRecordIdStrategy, value.serializer=io.apicurio.registry.serde.avro.AvroKafkaSerializer, request.timeout.ms=5000, acks=all, bootstrap.servers=PLAINTEXT://localhost:32769, connections.max.idle.ms=10000, key.serializer=org.apache.kafka.common.serialization.StringSerializer, client.id=Producer-topic-18d750cd_50be_434b_b7a5_e63a0a9ac40a}
2025-10-08 13:32:42,024 INFO  [io.api.tes.ser.api.SimpleSerdesTesterBuilder$SimpleSerdesTester] (main) Using consumer configuration: {}
2025-10-08 13:32:42,024 INFO  [io.api.tes.ser.api.KafkaSerdesTester] (ForkJoinPool.commonPool-worker-3) Sending message {"key11759930360908": "value-0"} to topic topic-18d750cd_50be_434b_b7a5_e63a0a9ac40a
2025-10-08 13:32:42,026 INFO  [org.apa.kaf.cli.Metadata] (kafka-producer-network-thread | Producer-topic-18d750cd_50be_434b_b7a5_e63a0a9ac40a) [Producer clientId=Producer-topic-18d750cd_50be_434b_b7a5_e63a0a9ac40a] Cluster ID: SVjZkHnAQ8mYJ12eIV0raA
2025-10-08 13:32:42,027 INFO  [org.apa.kaf.cli.pro.int.TransactionManager] (kafka-producer-network-thread | Producer-topic-18d750cd_50be_434b_b7a5_e63a0a9ac40a) [Producer clientId=Producer-topic-18d750cd_50be_434b_b7a5_e63a0a9ac40a] ProducerId set to 18 with epoch 0
2025-10-08 13:32:42,156 INFO  [io.api.tes.ser.api.KafkaSerdesTester] (ForkJoinPool.commonPool-worker-3) Sending message {"key11759930360908": "value-1"} to topic topic-18d750cd_50be_434b_b7a5_e63a0a9ac40a
2025-10-08 13:32:42,157 INFO  [io.api.tes.ser.api.KafkaSerdesTester] (ForkJoinPool.commonPool-worker-3) Sending message {"key11759930360908": "value-2"} to topic topic-18d750cd_50be_434b_b7a5_e63a0a9ac40a
2025-10-08 13:32:42,158 INFO  [io.api.tes.ser.api.KafkaSerdesTester] (ForkJoinPool.commonPool-worker-3) Sending message {"key11759930360908": "value-3"} to topic topic-18d750cd_50be_434b_b7a5_e63a0a9ac40a
2025-10-08 13:32:42,160 INFO  [io.api.tes.ser.api.KafkaSerdesTester] (ForkJoinPool.commonPool-worker-3) Sending message {"key11759930360908": "value-4"} to topic topic-18d750cd_50be_434b_b7a5_e63a0a9ac40a
2025-10-08 13:32:42,161 INFO  [io.api.tes.ser.api.KafkaSerdesTester] (ForkJoinPool.commonPool-worker-3) Sending message {"key11759930360908": "value-5"} to topic topic-18d750cd_50be_434b_b7a5_e63a0a9ac40a
2025-10-08 13:32:42,162 INFO  [io.api.tes.ser.api.KafkaSerdesTester] (ForkJoinPool.commonPool-worker-3) Sending message {"key11759930360908": "value-6"} to topic topic-18d750cd_50be_434b_b7a5_e63a0a9ac40a
2025-10-08 13:32:42,163 INFO  [io.api.tes.ser.api.KafkaSerdesTester] (ForkJoinPool.commonPool-worker-3) Sending message {"key11759930360908": "value-7"} to topic topic-18d750cd_50be_434b_b7a5_e63a0a9ac40a
2025-10-08 13:32:42,164 INFO  [io.api.tes.ser.api.KafkaSerdesTester] (ForkJoinPool.commonPool-worker-3) Sending message {"key11759930360908": "value-8"} to topic topic-18d750cd_50be_434b_b7a5_e63a0a9ac40a
2025-10-08 13:32:42,166 INFO  [io.api.tes.ser.api.KafkaSerdesTester] (ForkJoinPool.commonPool-worker-3) Sending message {"key11759930360908": "value-9"} to topic topic-18d750cd_50be_434b_b7a5_e63a0a9ac40a
2025-10-08 13:32:42,167 INFO  [io.api.tes.ser.api.KafkaSerdesTester] (ForkJoinPool.commonPool-worker-3) Produced 10 messages
2025-10-08 13:32:42,167 INFO  [org.apa.kaf.cli.pro.KafkaProducer] (ForkJoinPool.commonPool-worker-3) [Producer clientId=Producer-topic-18d750cd_50be_434b_b7a5_e63a0a9ac40a] Closing the Kafka producer with timeoutMillis = 9223372036854775807 ms.
2025-10-08 13:32:42,169 INFO  [org.apa.kaf.com.met.Metrics] (ForkJoinPool.commonPool-worker-3) Metrics scheduler closed
2025-10-08 13:32:42,169 INFO  [org.apa.kaf.com.met.Metrics] (ForkJoinPool.commonPool-worker-3) Closing reporter org.apache.kafka.common.metrics.JmxReporter
2025-10-08 13:32:42,169 INFO  [org.apa.kaf.com.met.Metrics] (ForkJoinPool.commonPool-worker-3) Closing reporter org.apache.kafka.common.telemetry.internals.ClientTelemetryReporter
2025-10-08 13:32:42,169 INFO  [org.apa.kaf.com.met.Metrics] (ForkJoinPool.commonPool-worker-3) Metrics reporters closed
2025-10-08 13:32:42,169 INFO  [org.apa.kaf.com.uti.AppInfoParser] (ForkJoinPool.commonPool-worker-3) App info kafka.producer for Producer-topic-18d750cd_50be_434b_b7a5_e63a0a9ac40a unregistered
**** Registry Base URL: http://registry-app-ksql047.apps.ci419.apicurio-testing.org:80
2025-10-08 13:32:42,170 INFO  [org.apa.kaf.cli.con.ConsumerConfig] (main) ConsumerConfig values: 
	allow.auto.create.topics = true
	auto.commit.interval.ms = 500
	auto.include.jmx.reporter = true
	auto.offset.reset = earliest
	bootstrap.servers = [PLAINTEXT://localhost:32769]
	check.crcs = true
	client.dns.lookup = use_all_dns_ips
	client.id = consumer-Consumer-topic-18d750cd_50be_434b_b7a5_e63a0a9ac40a-13
	client.rack = 
	connections.max.idle.ms = 10000
	default.api.timeout.ms = 60000
	enable.auto.commit = true
	enable.metrics.push = true
	exclude.internal.topics = true
	fetch.max.bytes = 52428800
	fetch.max.wait.ms = 500
	fetch.min.bytes = 1
	group.id = Consumer-topic-18d750cd_50be_434b_b7a5_e63a0a9ac40a
	group.instance.id = null
	group.protocol = classic
	group.remote.assignor = null
	heartbeat.interval.ms = 3000
	interceptor.classes = []
	internal.leave.group.on.close = true
	internal.throw.on.fetch.stable.offset.unsupported = false
	isolation.level = read_uncommitted
	key.deserializer = class org.apache.kafka.common.serialization.StringDeserializer
	max.partition.fetch.bytes = 1048576
	max.poll.interval.ms = 300000
	max.poll.records = 500
	metadata.max.age.ms = 300000
	metadata.recovery.strategy = none
	metric.reporters = []
	metrics.num.samples = 2
	metrics.recording.level = INFO
	metrics.sample.window.ms = 30000
	partition.assignment.strategy = [class org.apache.kafka.clients.consumer.RangeAssignor, class org.apache.kafka.clients.consumer.CooperativeStickyAssignor]
	receive.buffer.bytes = 65536
	reconnect.backoff.max.ms = 1000
	reconnect.backoff.ms = 50
	request.timeout.ms = 5000
	retry.backoff.max.ms = 1000
	retry.backoff.ms = 100
	sasl.client.callback.handler.class = null
	sasl.jaas.config = null
	sasl.kerberos.kinit.cmd = /usr/bin/kinit
	sasl.kerberos.min.time.before.relogin = 60000
	sasl.kerberos.service.name = null
	sasl.kerberos.ticket.renew.jitter = 0.05
	sasl.kerberos.ticket.renew.window.factor = 0.8
	sasl.login.callback.handler.class = null
	sasl.login.class = null
	sasl.login.connect.timeout.ms = null
	sasl.login.read.timeout.ms = null
	sasl.login.refresh.buffer.seconds = 300
	sasl.login.refresh.min.period.seconds = 60
	sasl.login.refresh.window.factor = 0.8
	sasl.login.refresh.window.jitter = 0.05
	sasl.login.retry.backoff.max.ms = 10000
	sasl.login.retry.backoff.ms = 100
	sasl.mechanism = GSSAPI
	sasl.oauthbearer.clock.skew.seconds = 30
	sasl.oauthbearer.expected.audience = null
	sasl.oauthbearer.expected.issuer = null
	sasl.oauthbearer.header.urlencode = false
	sasl.oauthbearer.jwks.endpoint.refresh.ms = 3600000
	sasl.oauthbearer.jwks.endpoint.retry.backoff.max.ms = 10000
	sasl.oauthbearer.jwks.endpoint.retry.backoff.ms = 100
	sasl.oauthbearer.jwks.endpoint.url = null
	sasl.oauthbearer.scope.claim.name = scope
	sasl.oauthbearer.sub.claim.name = sub
	sasl.oauthbearer.token.endpoint.url = null
	security.protocol = PLAINTEXT
	security.providers = null
	send.buffer.bytes = 131072
	session.timeout.ms = 45000
	socket.connection.setup.timeout.max.ms = 30000
	socket.connection.setup.timeout.ms = 10000
	ssl.cipher.suites = null
	ssl.enabled.protocols = [TLSv1.2, TLSv1.3]
	ssl.endpoint.identification.algorithm = https
	ssl.engine.factory.class = null
	ssl.key.password = null
	ssl.keymanager.algorithm = SunX509
	ssl.keystore.certificate.chain = null
	ssl.keystore.key = null
	ssl.keystore.location = null
	ssl.keystore.password = null
	ssl.keystore.type = JKS
	ssl.protocol = TLSv1.3
	ssl.provider = null
	ssl.secure.random.implementation = null
	ssl.trustmanager.algorithm = PKIX
	ssl.truststore.certificates = null
	ssl.truststore.location = null
	ssl.truststore.password = null
	ssl.truststore.type = JKS
	value.deserializer = class io.apicurio.registry.serde.avro.AvroKafkaDeserializer

2025-10-08 13:32:42,170 INFO  [org.apa.kaf.com.tel.int.KafkaMetricsCollector] (main) initializing Kafka metrics collector
2025-10-08 13:32:42,177 INFO  [org.apa.kaf.cli.con.ConsumerConfig] (main) These configurations '[apicurio.registry.url]' were supplied but are not used yet.
2025-10-08 13:32:42,178 INFO  [org.apa.kaf.com.uti.AppInfoParser] (main) Kafka version: 3.9.1
2025-10-08 13:32:42,178 INFO  [org.apa.kaf.com.uti.AppInfoParser] (main) Kafka commitId: f745dfdcee2b9851
2025-10-08 13:32:42,178 INFO  [org.apa.kaf.com.uti.AppInfoParser] (main) Kafka startTimeMs: 1759930362178
2025-10-08 13:32:42,178 INFO  [org.apa.kaf.cli.con.int.ClassicKafkaConsumer] (ForkJoinPool.commonPool-worker-3) [Consumer clientId=consumer-Consumer-topic-18d750cd_50be_434b_b7a5_e63a0a9ac40a-13, groupId=Consumer-topic-18d750cd_50be_434b_b7a5_e63a0a9ac40a] Subscribed to topic(s): topic-18d750cd_50be_434b_b7a5_e63a0a9ac40a
2025-10-08 13:32:42,183 INFO  [org.apa.kaf.cli.Metadata] (ForkJoinPool.commonPool-worker-3) [Consumer clientId=consumer-Consumer-topic-18d750cd_50be_434b_b7a5_e63a0a9ac40a-13, groupId=Consumer-topic-18d750cd_50be_434b_b7a5_e63a0a9ac40a] Cluster ID: SVjZkHnAQ8mYJ12eIV0raA
2025-10-08 13:32:42,183 INFO  [org.apa.kaf.cli.con.int.ConsumerCoordinator] (ForkJoinPool.commonPool-worker-3) [Consumer clientId=consumer-Consumer-topic-18d750cd_50be_434b_b7a5_e63a0a9ac40a-13, groupId=Consumer-topic-18d750cd_50be_434b_b7a5_e63a0a9ac40a] Discovered group coordinator localhost:32769 (id: 2147483647 rack: null)
2025-10-08 13:32:42,184 INFO  [org.apa.kaf.cli.con.int.ConsumerCoordinator] (ForkJoinPool.commonPool-worker-3) [Consumer clientId=consumer-Consumer-topic-18d750cd_50be_434b_b7a5_e63a0a9ac40a-13, groupId=Consumer-topic-18d750cd_50be_434b_b7a5_e63a0a9ac40a] (Re-)joining group
2025-10-08 13:32:42,187 INFO  [org.apa.kaf.cli.con.int.ConsumerCoordinator] (ForkJoinPool.commonPool-worker-3) [Consumer clientId=consumer-Consumer-topic-18d750cd_50be_434b_b7a5_e63a0a9ac40a-13, groupId=Consumer-topic-18d750cd_50be_434b_b7a5_e63a0a9ac40a] Request joining group due to: need to re-join with the given member-id: consumer-Consumer-topic-18d750cd_50be_434b_b7a5_e63a0a9ac40a-13-6fe455b9-88ab-474c-9d68-9251d886eac4
2025-10-08 13:32:42,187 INFO  [org.apa.kaf.cli.con.int.ConsumerCoordinator] (ForkJoinPool.commonPool-worker-3) [Consumer clientId=consumer-Consumer-topic-18d750cd_50be_434b_b7a5_e63a0a9ac40a-13, groupId=Consumer-topic-18d750cd_50be_434b_b7a5_e63a0a9ac40a] (Re-)joining group
2025-10-08 13:32:43,178 INFO  [io.api.tes.ser.api.KafkaSerdesTester] (ForkJoinPool.commonPool-worker-3) None found
2025-10-08 13:32:44,178 INFO  [io.api.tes.ser.api.KafkaSerdesTester] (ForkJoinPool.commonPool-worker-3) None found
2025-10-08 13:32:45,179 INFO  [io.api.tes.ser.api.KafkaSerdesTester] (ForkJoinPool.commonPool-worker-3) None found
2025-10-08 13:32:45,190 INFO  [org.apa.kaf.cli.con.int.ConsumerCoordinator] (ForkJoinPool.commonPool-worker-3) [Consumer clientId=consumer-Consumer-topic-18d750cd_50be_434b_b7a5_e63a0a9ac40a-13, groupId=Consumer-topic-18d750cd_50be_434b_b7a5_e63a0a9ac40a] Successfully joined group with generation Generation{generationId=1, memberId='consumer-Consumer-topic-18d750cd_50be_434b_b7a5_e63a0a9ac40a-13-6fe455b9-88ab-474c-9d68-9251d886eac4', protocol='range'}
2025-10-08 13:32:45,190 INFO  [org.apa.kaf.cli.con.int.ConsumerCoordinator] (ForkJoinPool.commonPool-worker-3) [Consumer clientId=consumer-Consumer-topic-18d750cd_50be_434b_b7a5_e63a0a9ac40a-13, groupId=Consumer-topic-18d750cd_50be_434b_b7a5_e63a0a9ac40a] Finished assignment for group at generation 1: {consumer-Consumer-topic-18d750cd_50be_434b_b7a5_e63a0a9ac40a-13-6fe455b9-88ab-474c-9d68-9251d886eac4=Assignment(partitions=[topic-18d750cd_50be_434b_b7a5_e63a0a9ac40a-0])}
2025-10-08 13:32:45,197 INFO  [org.apa.kaf.cli.con.int.ConsumerCoordinator] (ForkJoinPool.commonPool-worker-3) [Consumer clientId=consumer-Consumer-topic-18d750cd_50be_434b_b7a5_e63a0a9ac40a-13, groupId=Consumer-topic-18d750cd_50be_434b_b7a5_e63a0a9ac40a] Successfully synced group in generation Generation{generationId=1, memberId='consumer-Consumer-topic-18d750cd_50be_434b_b7a5_e63a0a9ac40a-13-6fe455b9-88ab-474c-9d68-9251d886eac4', protocol='range'}
2025-10-08 13:32:45,197 INFO  [org.apa.kaf.cli.con.int.ConsumerCoordinator] (ForkJoinPool.commonPool-worker-3) [Consumer clientId=consumer-Consumer-topic-18d750cd_50be_434b_b7a5_e63a0a9ac40a-13, groupId=Consumer-topic-18d750cd_50be_434b_b7a5_e63a0a9ac40a] Notifying assignor about the new Assignment(partitions=[topic-18d750cd_50be_434b_b7a5_e63a0a9ac40a-0])
2025-10-08 13:32:45,197 INFO  [org.apa.kaf.cli.con.int.ConsumerRebalanceListenerInvoker] (ForkJoinPool.commonPool-worker-3) [Consumer clientId=consumer-Consumer-topic-18d750cd_50be_434b_b7a5_e63a0a9ac40a-13, groupId=Consumer-topic-18d750cd_50be_434b_b7a5_e63a0a9ac40a] Adding newly assigned partitions: topic-18d750cd_50be_434b_b7a5_e63a0a9ac40a-0
2025-10-08 13:32:45,198 INFO  [org.apa.kaf.cli.con.int.ConsumerCoordinator] (ForkJoinPool.commonPool-worker-3) [Consumer clientId=consumer-Consumer-topic-18d750cd_50be_434b_b7a5_e63a0a9ac40a-13, groupId=Consumer-topic-18d750cd_50be_434b_b7a5_e63a0a9ac40a] Found no committed offset for partition topic-18d750cd_50be_434b_b7a5_e63a0a9ac40a-0
2025-10-08 13:32:45,201 INFO  [org.apa.kaf.cli.con.int.SubscriptionState] (ForkJoinPool.commonPool-worker-3) [Consumer clientId=consumer-Consumer-topic-18d750cd_50be_434b_b7a5_e63a0a9ac40a-13, groupId=Consumer-topic-18d750cd_50be_434b_b7a5_e63a0a9ac40a] Resetting offset for partition topic-18d750cd_50be_434b_b7a5_e63a0a9ac40a-0 to position FetchPosition{offset=0, offsetEpoch=Optional.empty, currentLeader=LeaderAndEpoch{leader=Optional[localhost:32769 (id: 0 rack: null)], epoch=0}}.
2025-10-08 13:32:45,297 INFO  [io.api.tes.ser.api.KafkaSerdesTester] (ForkJoinPool.commonPool-worker-3) topic-18d750cd_50be_434b_b7a5_e63a0a9ac40a 0 0 {"key11759930360908": "value-0"}
2025-10-08 13:32:45,297 INFO  [io.api.tes.ser.api.KafkaSerdesTester] (ForkJoinPool.commonPool-worker-3) topic-18d750cd_50be_434b_b7a5_e63a0a9ac40a 0 1 {"key11759930360908": "value-1"}
2025-10-08 13:32:45,297 INFO  [io.api.tes.ser.api.KafkaSerdesTester] (ForkJoinPool.commonPool-worker-3) topic-18d750cd_50be_434b_b7a5_e63a0a9ac40a 0 2 {"key11759930360908": "value-2"}
2025-10-08 13:32:45,297 INFO  [io.api.tes.ser.api.KafkaSerdesTester] (ForkJoinPool.commonPool-worker-3) topic-18d750cd_50be_434b_b7a5_e63a0a9ac40a 0 3 {"key11759930360908": "value-3"}
2025-10-08 13:32:45,297 INFO  [io.api.tes.ser.api.KafkaSerdesTester] (ForkJoinPool.commonPool-worker-3) topic-18d750cd_50be_434b_b7a5_e63a0a9ac40a 0 4 {"key11759930360908": "value-4"}
2025-10-08 13:32:45,297 INFO  [io.api.tes.ser.api.KafkaSerdesTester] (ForkJoinPool.commonPool-worker-3) topic-18d750cd_50be_434b_b7a5_e63a0a9ac40a 0 5 {"key11759930360908": "value-5"}
2025-10-08 13:32:45,297 INFO  [io.api.tes.ser.api.KafkaSerdesTester] (ForkJoinPool.commonPool-worker-3) topic-18d750cd_50be_434b_b7a5_e63a0a9ac40a 0 6 {"key11759930360908": "value-6"}
2025-10-08 13:32:45,297 INFO  [io.api.tes.ser.api.KafkaSerdesTester] (ForkJoinPool.commonPool-worker-3) topic-18d750cd_50be_434b_b7a5_e63a0a9ac40a 0 7 {"key11759930360908": "value-7"}
2025-10-08 13:32:45,297 INFO  [io.api.tes.ser.api.KafkaSerdesTester] (ForkJoinPool.commonPool-worker-3) topic-18d750cd_50be_434b_b7a5_e63a0a9ac40a 0 8 {"key11759930360908": "value-8"}
2025-10-08 13:32:45,297 INFO  [io.api.tes.ser.api.KafkaSerdesTester] (ForkJoinPool.commonPool-worker-3) topic-18d750cd_50be_434b_b7a5_e63a0a9ac40a 0 9 {"key11759930360908": "value-9"}
2025-10-08 13:32:45,297 INFO  [io.api.tes.ser.api.KafkaSerdesTester] (ForkJoinPool.commonPool-worker-3) Consumed 10 messages
2025-10-08 13:32:45,304 INFO  [org.apa.kaf.cli.con.int.ConsumerRebalanceListenerInvoker] (ForkJoinPool.commonPool-worker-3) [Consumer clientId=consumer-Consumer-topic-18d750cd_50be_434b_b7a5_e63a0a9ac40a-13, groupId=Consumer-topic-18d750cd_50be_434b_b7a5_e63a0a9ac40a] Revoke previously assigned partitions topic-18d750cd_50be_434b_b7a5_e63a0a9ac40a-0
2025-10-08 13:32:45,304 INFO  [org.apa.kaf.cli.con.int.ConsumerCoordinator] (ForkJoinPool.commonPool-worker-3) [Consumer clientId=consumer-Consumer-topic-18d750cd_50be_434b_b7a5_e63a0a9ac40a-13, groupId=Consumer-topic-18d750cd_50be_434b_b7a5_e63a0a9ac40a] Member consumer-Consumer-topic-18d750cd_50be_434b_b7a5_e63a0a9ac40a-13-6fe455b9-88ab-474c-9d68-9251d886eac4 sending LeaveGroup request to coordinator localhost:32769 (id: 2147483647 rack: null) due to the consumer is being closed
2025-10-08 13:32:45,305 INFO  [org.apa.kaf.cli.con.int.ConsumerCoordinator] (ForkJoinPool.commonPool-worker-3) [Consumer clientId=consumer-Consumer-topic-18d750cd_50be_434b_b7a5_e63a0a9ac40a-13, groupId=Consumer-topic-18d750cd_50be_434b_b7a5_e63a0a9ac40a] Resetting generation and member id due to: consumer pro-actively leaving the group
2025-10-08 13:32:45,305 INFO  [org.apa.kaf.cli.con.int.ConsumerCoordinator] (ForkJoinPool.commonPool-worker-3) [Consumer clientId=consumer-Consumer-topic-18d750cd_50be_434b_b7a5_e63a0a9ac40a-13, groupId=Consumer-topic-18d750cd_50be_434b_b7a5_e63a0a9ac40a] Request joining group due to: consumer pro-actively leaving the group
2025-10-08 13:32:45,800 INFO  [org.apa.kaf.com.met.Metrics] (ForkJoinPool.commonPool-worker-3) Metrics scheduler closed
2025-10-08 13:32:45,800 INFO  [org.apa.kaf.com.met.Metrics] (ForkJoinPool.commonPool-worker-3) Closing reporter org.apache.kafka.common.metrics.JmxReporter
2025-10-08 13:32:45,800 INFO  [org.apa.kaf.com.met.Metrics] (ForkJoinPool.commonPool-worker-3) Closing reporter org.apache.kafka.common.telemetry.internals.ClientTelemetryReporter
2025-10-08 13:32:45,800 INFO  [org.apa.kaf.com.met.Metrics] (ForkJoinPool.commonPool-worker-3) Metrics reporters closed
2025-10-08 13:32:45,802 INFO  [org.apa.kaf.com.uti.AppInfoParser] (ForkJoinPool.commonPool-worker-3) App info kafka.consumer for consumer-Consumer-topic-18d750cd_50be_434b_b7a5_e63a0a9ac40a-13 unregistered
2025-10-08 13:32:45,802 INFO  [io.api.tes.uti.TestSeparator] (main) io.apicurio.tests.serdes.apicurio.AvroSerdeIT.testTopicRecordIdStrategydFindLatest-FINISHED
2025-10-08 13:32:45,802 INFO  [io.api.tes.uti.TestSeparator] (main) ############################################################################
Test passed: testTopicRecordIdStrategydFindLatest
]]></system-out>
  </testcase>
  <testcase name="testAvroConfluentForMultipleTopics" classname="io.apicurio.tests.serdes.apicurio.AvroSerdeIT" time="12.235">
    <system-out><![CDATA[2025-10-08 13:32:45,804 INFO  [io.api.tes.uti.TestSeparator] (main) ############################################################################
2025-10-08 13:32:45,804 INFO  [io.api.tes.uti.TestSeparator] (main) io.apicurio.tests.serdes.apicurio.AvroSerdeIT.testAvroConfluentForMultipleTopics-STARTED
2025-10-08 13:32:45,805 INFO  [io.api.tes.ser.api.AvroSerdeIT] (main) Registering Avro Schema: {"type":"record","name":"myrecordconfluent","fields":[{"name":"key11759930365804","type":"string"}]}
**** Registry Base URL: http://registry-app-ksql047.apps.ci419.apicurio-testing.org:80
2025-10-08 13:32:46,910 INFO  [org.apa.kaf.cli.pro.ProducerConfig] (main) ProducerConfig values: 
	acks = -1
	auto.include.jmx.reporter = true
	batch.size = 16384
	bootstrap.servers = [PLAINTEXT://localhost:32769]
	buffer.memory = 33554432
	client.dns.lookup = use_all_dns_ips
	client.id = Producer-topic-4cacba49_f082_42b7_a938_5b8c6c066b90
	compression.gzip.level = -1
	compression.lz4.level = 9
	compression.type = none
	compression.zstd.level = 3
	connections.max.idle.ms = 10000
	delivery.timeout.ms = 120000
	enable.idempotence = true
	enable.metrics.push = true
	interceptor.classes = []
	key.serializer = class org.apache.kafka.common.serialization.StringSerializer
	linger.ms = 0
	max.block.ms = 60000
	max.in.flight.requests.per.connection = 5
	max.request.size = 1048576
	metadata.max.age.ms = 300000
	metadata.max.idle.ms = 300000
	metadata.recovery.strategy = none
	metric.reporters = []
	metrics.num.samples = 2
	metrics.recording.level = INFO
	metrics.sample.window.ms = 30000
	partitioner.adaptive.partitioning.enable = true
	partitioner.availability.timeout.ms = 0
	partitioner.class = null
	partitioner.ignore.keys = false
	receive.buffer.bytes = 32768
	reconnect.backoff.max.ms = 1000
	reconnect.backoff.ms = 50
	request.timeout.ms = 5000
	retries = 2147483647
	retry.backoff.max.ms = 1000
	retry.backoff.ms = 100
	sasl.client.callback.handler.class = null
	sasl.jaas.config = null
	sasl.kerberos.kinit.cmd = /usr/bin/kinit
	sasl.kerberos.min.time.before.relogin = 60000
	sasl.kerberos.service.name = null
	sasl.kerberos.ticket.renew.jitter = 0.05
	sasl.kerberos.ticket.renew.window.factor = 0.8
	sasl.login.callback.handler.class = null
	sasl.login.class = null
	sasl.login.connect.timeout.ms = null
	sasl.login.read.timeout.ms = null
	sasl.login.refresh.buffer.seconds = 300
	sasl.login.refresh.min.period.seconds = 60
	sasl.login.refresh.window.factor = 0.8
	sasl.login.refresh.window.jitter = 0.05
	sasl.login.retry.backoff.max.ms = 10000
	sasl.login.retry.backoff.ms = 100
	sasl.mechanism = GSSAPI
	sasl.oauthbearer.clock.skew.seconds = 30
	sasl.oauthbearer.expected.audience = null
	sasl.oauthbearer.expected.issuer = null
	sasl.oauthbearer.header.urlencode = false
	sasl.oauthbearer.jwks.endpoint.refresh.ms = 3600000
	sasl.oauthbearer.jwks.endpoint.retry.backoff.max.ms = 10000
	sasl.oauthbearer.jwks.endpoint.retry.backoff.ms = 100
	sasl.oauthbearer.jwks.endpoint.url = null
	sasl.oauthbearer.scope.claim.name = scope
	sasl.oauthbearer.sub.claim.name = sub
	sasl.oauthbearer.token.endpoint.url = null
	security.protocol = PLAINTEXT
	security.providers = null
	send.buffer.bytes = 131072
	socket.connection.setup.timeout.max.ms = 30000
	socket.connection.setup.timeout.ms = 10000
	ssl.cipher.suites = null
	ssl.enabled.protocols = [TLSv1.2, TLSv1.3]
	ssl.endpoint.identification.algorithm = https
	ssl.engine.factory.class = null
	ssl.key.password = null
	ssl.keymanager.algorithm = SunX509
	ssl.keystore.certificate.chain = null
	ssl.keystore.key = null
	ssl.keystore.location = null
	ssl.keystore.password = null
	ssl.keystore.type = JKS
	ssl.protocol = TLSv1.3
	ssl.provider = null
	ssl.secure.random.implementation = null
	ssl.trustmanager.algorithm = PKIX
	ssl.truststore.certificates = null
	ssl.truststore.location = null
	ssl.truststore.password = null
	ssl.truststore.type = JKS
	transaction.timeout.ms = 60000
	transactional.id = null
	value.serializer = class io.apicurio.registry.serde.avro.AvroKafkaSerializer

2025-10-08 13:32:46,910 INFO  [org.apa.kaf.com.tel.int.KafkaMetricsCollector] (main) initializing Kafka metrics collector
2025-10-08 13:32:46,913 INFO  [org.apa.kaf.cli.pro.KafkaProducer] (main) [Producer clientId=Producer-topic-4cacba49_f082_42b7_a938_5b8c6c066b90] Instantiated an idempotent producer.
2025-10-08 13:32:46,914 INFO  [org.apa.kaf.cli.pro.ProducerConfig] (main) These configurations '[apicurio.registry.url, apicurio.registry.artifact-resolver-strategy]' were supplied but are not used yet.
2025-10-08 13:32:46,914 INFO  [org.apa.kaf.com.uti.AppInfoParser] (main) Kafka version: 3.9.1
2025-10-08 13:32:46,914 INFO  [org.apa.kaf.com.uti.AppInfoParser] (main) Kafka commitId: f745dfdcee2b9851
2025-10-08 13:32:46,914 INFO  [org.apa.kaf.com.uti.AppInfoParser] (main) Kafka startTimeMs: 1759930366914
**** Registry Base URL: http://registry-app-ksql047.apps.ci419.apicurio-testing.org:80
2025-10-08 13:32:46,915 INFO  [org.apa.kaf.cli.pro.ProducerConfig] (main) ProducerConfig values: 
	acks = -1
	auto.include.jmx.reporter = true
	batch.size = 16384
	bootstrap.servers = [PLAINTEXT://localhost:32769]
	buffer.memory = 33554432
	client.dns.lookup = use_all_dns_ips
	client.id = Producer-topic-6e205b09_4a32_4a0a_b871_552492daa690
	compression.gzip.level = -1
	compression.lz4.level = 9
	compression.type = none
	compression.zstd.level = 3
	connections.max.idle.ms = 10000
	delivery.timeout.ms = 120000
	enable.idempotence = true
	enable.metrics.push = true
	interceptor.classes = []
	key.serializer = class org.apache.kafka.common.serialization.StringSerializer
	linger.ms = 0
	max.block.ms = 60000
	max.in.flight.requests.per.connection = 5
	max.request.size = 1048576
	metadata.max.age.ms = 300000
	metadata.max.idle.ms = 300000
	metadata.recovery.strategy = none
	metric.reporters = []
	metrics.num.samples = 2
	metrics.recording.level = INFO
	metrics.sample.window.ms = 30000
	partitioner.adaptive.partitioning.enable = true
	partitioner.availability.timeout.ms = 0
	partitioner.class = null
	partitioner.ignore.keys = false
	receive.buffer.bytes = 32768
	reconnect.backoff.max.ms = 1000
	reconnect.backoff.ms = 50
	request.timeout.ms = 5000
	retries = 2147483647
	retry.backoff.max.ms = 1000
	retry.backoff.ms = 100
	sasl.client.callback.handler.class = null
	sasl.jaas.config = null
	sasl.kerberos.kinit.cmd = /usr/bin/kinit
	sasl.kerberos.min.time.before.relogin = 60000
	sasl.kerberos.service.name = null
	sasl.kerberos.ticket.renew.jitter = 0.05
	sasl.kerberos.ticket.renew.window.factor = 0.8
	sasl.login.callback.handler.class = null
	sasl.login.class = null
	sasl.login.connect.timeout.ms = null
	sasl.login.read.timeout.ms = null
	sasl.login.refresh.buffer.seconds = 300
	sasl.login.refresh.min.period.seconds = 60
	sasl.login.refresh.window.factor = 0.8
	sasl.login.refresh.window.jitter = 0.05
	sasl.login.retry.backoff.max.ms = 10000
	sasl.login.retry.backoff.ms = 100
	sasl.mechanism = GSSAPI
	sasl.oauthbearer.clock.skew.seconds = 30
	sasl.oauthbearer.expected.audience = null
	sasl.oauthbearer.expected.issuer = null
	sasl.oauthbearer.header.urlencode = false
	sasl.oauthbearer.jwks.endpoint.refresh.ms = 3600000
	sasl.oauthbearer.jwks.endpoint.retry.backoff.max.ms = 10000
	sasl.oauthbearer.jwks.endpoint.retry.backoff.ms = 100
	sasl.oauthbearer.jwks.endpoint.url = null
	sasl.oauthbearer.scope.claim.name = scope
	sasl.oauthbearer.sub.claim.name = sub
	sasl.oauthbearer.token.endpoint.url = null
	security.protocol = PLAINTEXT
	security.providers = null
	send.buffer.bytes = 131072
	socket.connection.setup.timeout.max.ms = 30000
	socket.connection.setup.timeout.ms = 10000
	ssl.cipher.suites = null
	ssl.enabled.protocols = [TLSv1.2, TLSv1.3]
	ssl.endpoint.identification.algorithm = https
	ssl.engine.factory.class = null
	ssl.key.password = null
	ssl.keymanager.algorithm = SunX509
	ssl.keystore.certificate.chain = null
	ssl.keystore.key = null
	ssl.keystore.location = null
	ssl.keystore.password = null
	ssl.keystore.type = JKS
	ssl.protocol = TLSv1.3
	ssl.provider = null
	ssl.secure.random.implementation = null
	ssl.trustmanager.algorithm = PKIX
	ssl.truststore.certificates = null
	ssl.truststore.location = null
	ssl.truststore.password = null
	ssl.truststore.type = JKS
	transaction.timeout.ms = 60000
	transactional.id = null
	value.serializer = class io.apicurio.registry.serde.avro.AvroKafkaSerializer

2025-10-08 13:32:46,915 INFO  [org.apa.kaf.com.tel.int.KafkaMetricsCollector] (main) initializing Kafka metrics collector
2025-10-08 13:32:46,918 INFO  [org.apa.kaf.cli.Metadata] (kafka-producer-network-thread | Producer-topic-4cacba49_f082_42b7_a938_5b8c6c066b90) [Producer clientId=Producer-topic-4cacba49_f082_42b7_a938_5b8c6c066b90] Cluster ID: SVjZkHnAQ8mYJ12eIV0raA
2025-10-08 13:32:46,918 INFO  [org.apa.kaf.cli.pro.KafkaProducer] (main) [Producer clientId=Producer-topic-6e205b09_4a32_4a0a_b871_552492daa690] Instantiated an idempotent producer.
2025-10-08 13:32:46,918 INFO  [org.apa.kaf.cli.pro.int.TransactionManager] (kafka-producer-network-thread | Producer-topic-4cacba49_f082_42b7_a938_5b8c6c066b90) [Producer clientId=Producer-topic-4cacba49_f082_42b7_a938_5b8c6c066b90] ProducerId set to 19 with epoch 0
2025-10-08 13:32:46,920 INFO  [org.apa.kaf.cli.pro.ProducerConfig] (main) These configurations '[apicurio.registry.url, apicurio.registry.artifact-resolver-strategy]' were supplied but are not used yet.
2025-10-08 13:32:46,920 INFO  [org.apa.kaf.com.uti.AppInfoParser] (main) Kafka version: 3.9.1
2025-10-08 13:32:46,920 INFO  [org.apa.kaf.com.uti.AppInfoParser] (main) Kafka commitId: f745dfdcee2b9851
2025-10-08 13:32:46,920 INFO  [org.apa.kaf.com.uti.AppInfoParser] (main) Kafka startTimeMs: 1759930366920
**** Registry Base URL: http://registry-app-ksql047.apps.ci419.apicurio-testing.org:80
2025-10-08 13:32:46,921 INFO  [org.apa.kaf.cli.pro.ProducerConfig] (main) ProducerConfig values: 
	acks = -1
	auto.include.jmx.reporter = true
	batch.size = 16384
	bootstrap.servers = [PLAINTEXT://localhost:32769]
	buffer.memory = 33554432
	client.dns.lookup = use_all_dns_ips
	client.id = Producer-topic-67c9932c_dd72_421c_a6dc_405aa7ca81f8
	compression.gzip.level = -1
	compression.lz4.level = 9
	compression.type = none
	compression.zstd.level = 3
	connections.max.idle.ms = 10000
	delivery.timeout.ms = 120000
	enable.idempotence = true
	enable.metrics.push = true
	interceptor.classes = []
	key.serializer = class org.apache.kafka.common.serialization.StringSerializer
	linger.ms = 0
	max.block.ms = 60000
	max.in.flight.requests.per.connection = 5
	max.request.size = 1048576
	metadata.max.age.ms = 300000
	metadata.max.idle.ms = 300000
	metadata.recovery.strategy = none
	metric.reporters = []
	metrics.num.samples = 2
	metrics.recording.level = INFO
	metrics.sample.window.ms = 30000
	partitioner.adaptive.partitioning.enable = true
	partitioner.availability.timeout.ms = 0
	partitioner.class = null
	partitioner.ignore.keys = false
	receive.buffer.bytes = 32768
	reconnect.backoff.max.ms = 1000
	reconnect.backoff.ms = 50
	request.timeout.ms = 5000
	retries = 2147483647
	retry.backoff.max.ms = 1000
	retry.backoff.ms = 100
	sasl.client.callback.handler.class = null
	sasl.jaas.config = null
	sasl.kerberos.kinit.cmd = /usr/bin/kinit
	sasl.kerberos.min.time.before.relogin = 60000
	sasl.kerberos.service.name = null
	sasl.kerberos.ticket.renew.jitter = 0.05
	sasl.kerberos.ticket.renew.window.factor = 0.8
	sasl.login.callback.handler.class = null
	sasl.login.class = null
	sasl.login.connect.timeout.ms = null
	sasl.login.read.timeout.ms = null
	sasl.login.refresh.buffer.seconds = 300
	sasl.login.refresh.min.period.seconds = 60
	sasl.login.refresh.window.factor = 0.8
	sasl.login.refresh.window.jitter = 0.05
	sasl.login.retry.backoff.max.ms = 10000
	sasl.login.retry.backoff.ms = 100
	sasl.mechanism = GSSAPI
	sasl.oauthbearer.clock.skew.seconds = 30
	sasl.oauthbearer.expected.audience = null
	sasl.oauthbearer.expected.issuer = null
	sasl.oauthbearer.header.urlencode = false
	sasl.oauthbearer.jwks.endpoint.refresh.ms = 3600000
	sasl.oauthbearer.jwks.endpoint.retry.backoff.max.ms = 10000
	sasl.oauthbearer.jwks.endpoint.retry.backoff.ms = 100
	sasl.oauthbearer.jwks.endpoint.url = null
	sasl.oauthbearer.scope.claim.name = scope
	sasl.oauthbearer.sub.claim.name = sub
	sasl.oauthbearer.token.endpoint.url = null
	security.protocol = PLAINTEXT
	security.providers = null
	send.buffer.bytes = 131072
	socket.connection.setup.timeout.max.ms = 30000
	socket.connection.setup.timeout.ms = 10000
	ssl.cipher.suites = null
	ssl.enabled.protocols = [TLSv1.2, TLSv1.3]
	ssl.endpoint.identification.algorithm = https
	ssl.engine.factory.class = null
	ssl.key.password = null
	ssl.keymanager.algorithm = SunX509
	ssl.keystore.certificate.chain = null
	ssl.keystore.key = null
	ssl.keystore.location = null
	ssl.keystore.password = null
	ssl.keystore.type = JKS
	ssl.protocol = TLSv1.3
	ssl.provider = null
	ssl.secure.random.implementation = null
	ssl.trustmanager.algorithm = PKIX
	ssl.truststore.certificates = null
	ssl.truststore.location = null
	ssl.truststore.password = null
	ssl.truststore.type = JKS
	transaction.timeout.ms = 60000
	transactional.id = null
	value.serializer = class io.apicurio.registry.serde.avro.AvroKafkaSerializer

2025-10-08 13:32:46,921 INFO  [org.apa.kaf.com.tel.int.KafkaMetricsCollector] (main) initializing Kafka metrics collector
2025-10-08 13:32:46,923 INFO  [org.apa.kaf.cli.Metadata] (kafka-producer-network-thread | Producer-topic-6e205b09_4a32_4a0a_b871_552492daa690) [Producer clientId=Producer-topic-6e205b09_4a32_4a0a_b871_552492daa690] Cluster ID: SVjZkHnAQ8mYJ12eIV0raA
2025-10-08 13:32:46,923 INFO  [org.apa.kaf.cli.pro.int.TransactionManager] (kafka-producer-network-thread | Producer-topic-6e205b09_4a32_4a0a_b871_552492daa690) [Producer clientId=Producer-topic-6e205b09_4a32_4a0a_b871_552492daa690] ProducerId set to 20 with epoch 0
2025-10-08 13:32:46,923 INFO  [org.apa.kaf.cli.pro.KafkaProducer] (main) [Producer clientId=Producer-topic-67c9932c_dd72_421c_a6dc_405aa7ca81f8] Instantiated an idempotent producer.
2025-10-08 13:32:46,925 INFO  [org.apa.kaf.cli.pro.ProducerConfig] (main) These configurations '[apicurio.registry.url, apicurio.registry.artifact-resolver-strategy]' were supplied but are not used yet.
2025-10-08 13:32:46,925 INFO  [org.apa.kaf.com.uti.AppInfoParser] (main) Kafka version: 3.9.1
2025-10-08 13:32:46,925 INFO  [org.apa.kaf.com.uti.AppInfoParser] (main) Kafka commitId: f745dfdcee2b9851
2025-10-08 13:32:46,925 INFO  [org.apa.kaf.com.uti.AppInfoParser] (main) Kafka startTimeMs: 1759930366925
**** Registry Base URL: http://registry-app-ksql047.apps.ci419.apicurio-testing.org:80
2025-10-08 13:32:46,925 INFO  [org.apa.kaf.cli.con.ConsumerConfig] (main) ConsumerConfig values: 
	allow.auto.create.topics = true
	auto.commit.interval.ms = 500
	auto.include.jmx.reporter = true
	auto.offset.reset = earliest
	bootstrap.servers = [PLAINTEXT://localhost:32769]
	check.crcs = true
	client.dns.lookup = use_all_dns_ips
	client.id = consumer-Consumer-topic-4cacba49_f082_42b7_a938_5b8c6c066b90-14
	client.rack = 
	connections.max.idle.ms = 10000
	default.api.timeout.ms = 60000
	enable.auto.commit = true
	enable.metrics.push = true
	exclude.internal.topics = true
	fetch.max.bytes = 52428800
	fetch.max.wait.ms = 500
	fetch.min.bytes = 1
	group.id = Consumer-topic-4cacba49_f082_42b7_a938_5b8c6c066b90
	group.instance.id = null
	group.protocol = classic
	group.remote.assignor = null
	heartbeat.interval.ms = 3000
	interceptor.classes = []
	internal.leave.group.on.close = true
	internal.throw.on.fetch.stable.offset.unsupported = false
	isolation.level = read_uncommitted
	key.deserializer = class org.apache.kafka.common.serialization.StringDeserializer
	max.partition.fetch.bytes = 1048576
	max.poll.interval.ms = 300000
	max.poll.records = 500
	metadata.max.age.ms = 300000
	metadata.recovery.strategy = none
	metric.reporters = []
	metrics.num.samples = 2
	metrics.recording.level = INFO
	metrics.sample.window.ms = 30000
	partition.assignment.strategy = [class org.apache.kafka.clients.consumer.RangeAssignor, class org.apache.kafka.clients.consumer.CooperativeStickyAssignor]
	receive.buffer.bytes = 65536
	reconnect.backoff.max.ms = 1000
	reconnect.backoff.ms = 50
	request.timeout.ms = 5000
	retry.backoff.max.ms = 1000
	retry.backoff.ms = 100
	sasl.client.callback.handler.class = null
	sasl.jaas.config = null
	sasl.kerberos.kinit.cmd = /usr/bin/kinit
	sasl.kerberos.min.time.before.relogin = 60000
	sasl.kerberos.service.name = null
	sasl.kerberos.ticket.renew.jitter = 0.05
	sasl.kerberos.ticket.renew.window.factor = 0.8
	sasl.login.callback.handler.class = null
	sasl.login.class = null
	sasl.login.connect.timeout.ms = null
	sasl.login.read.timeout.ms = null
	sasl.login.refresh.buffer.seconds = 300
	sasl.login.refresh.min.period.seconds = 60
	sasl.login.refresh.window.factor = 0.8
	sasl.login.refresh.window.jitter = 0.05
	sasl.login.retry.backoff.max.ms = 10000
	sasl.login.retry.backoff.ms = 100
	sasl.mechanism = GSSAPI
	sasl.oauthbearer.clock.skew.seconds = 30
	sasl.oauthbearer.expected.audience = null
	sasl.oauthbearer.expected.issuer = null
	sasl.oauthbearer.header.urlencode = false
	sasl.oauthbearer.jwks.endpoint.refresh.ms = 3600000
	sasl.oauthbearer.jwks.endpoint.retry.backoff.max.ms = 10000
	sasl.oauthbearer.jwks.endpoint.retry.backoff.ms = 100
	sasl.oauthbearer.jwks.endpoint.url = null
	sasl.oauthbearer.scope.claim.name = scope
	sasl.oauthbearer.sub.claim.name = sub
	sasl.oauthbearer.token.endpoint.url = null
	security.protocol = PLAINTEXT
	security.providers = null
	send.buffer.bytes = 131072
	session.timeout.ms = 45000
	socket.connection.setup.timeout.max.ms = 30000
	socket.connection.setup.timeout.ms = 10000
	ssl.cipher.suites = null
	ssl.enabled.protocols = [TLSv1.2, TLSv1.3]
	ssl.endpoint.identification.algorithm = https
	ssl.engine.factory.class = null
	ssl.key.password = null
	ssl.keymanager.algorithm = SunX509
	ssl.keystore.certificate.chain = null
	ssl.keystore.key = null
	ssl.keystore.location = null
	ssl.keystore.password = null
	ssl.keystore.type = JKS
	ssl.protocol = TLSv1.3
	ssl.provider = null
	ssl.secure.random.implementation = null
	ssl.trustmanager.algorithm = PKIX
	ssl.truststore.certificates = null
	ssl.truststore.location = null
	ssl.truststore.password = null
	ssl.truststore.type = JKS
	value.deserializer = class io.apicurio.registry.serde.avro.AvroKafkaDeserializer

2025-10-08 13:32:46,926 INFO  [org.apa.kaf.com.tel.int.KafkaMetricsCollector] (main) initializing Kafka metrics collector
2025-10-08 13:32:46,929 INFO  [org.apa.kaf.cli.con.ConsumerConfig] (main) These configurations '[apicurio.registry.url]' were supplied but are not used yet.
2025-10-08 13:32:46,929 INFO  [org.apa.kaf.com.uti.AppInfoParser] (main) Kafka version: 3.9.1
2025-10-08 13:32:46,929 INFO  [org.apa.kaf.com.uti.AppInfoParser] (main) Kafka commitId: f745dfdcee2b9851
2025-10-08 13:32:46,929 INFO  [org.apa.kaf.com.uti.AppInfoParser] (main) Kafka startTimeMs: 1759930366929
**** Registry Base URL: http://registry-app-ksql047.apps.ci419.apicurio-testing.org:80
2025-10-08 13:32:46,929 INFO  [org.apa.kaf.cli.con.ConsumerConfig] (main) ConsumerConfig values: 
	allow.auto.create.topics = true
	auto.commit.interval.ms = 500
	auto.include.jmx.reporter = true
	auto.offset.reset = earliest
	bootstrap.servers = [PLAINTEXT://localhost:32769]
	check.crcs = true
	client.dns.lookup = use_all_dns_ips
	client.id = consumer-Consumer-topic-6e205b09_4a32_4a0a_b871_552492daa690-15
	client.rack = 
	connections.max.idle.ms = 10000
	default.api.timeout.ms = 60000
	enable.auto.commit = true
	enable.metrics.push = true
	exclude.internal.topics = true
	fetch.max.bytes = 52428800
	fetch.max.wait.ms = 500
	fetch.min.bytes = 1
	group.id = Consumer-topic-6e205b09_4a32_4a0a_b871_552492daa690
	group.instance.id = null
	group.protocol = classic
	group.remote.assignor = null
	heartbeat.interval.ms = 3000
	interceptor.classes = []
	internal.leave.group.on.close = true
	internal.throw.on.fetch.stable.offset.unsupported = false
	isolation.level = read_uncommitted
	key.deserializer = class org.apache.kafka.common.serialization.StringDeserializer
	max.partition.fetch.bytes = 1048576
	max.poll.interval.ms = 300000
	max.poll.records = 500
	metadata.max.age.ms = 300000
	metadata.recovery.strategy = none
	metric.reporters = []
	metrics.num.samples = 2
	metrics.recording.level = INFO
	metrics.sample.window.ms = 30000
	partition.assignment.strategy = [class org.apache.kafka.clients.consumer.RangeAssignor, class org.apache.kafka.clients.consumer.CooperativeStickyAssignor]
	receive.buffer.bytes = 65536
	reconnect.backoff.max.ms = 1000
	reconnect.backoff.ms = 50
	request.timeout.ms = 5000
	retry.backoff.max.ms = 1000
	retry.backoff.ms = 100
	sasl.client.callback.handler.class = null
	sasl.jaas.config = null
	sasl.kerberos.kinit.cmd = /usr/bin/kinit
	sasl.kerberos.min.time.before.relogin = 60000
	sasl.kerberos.service.name = null
	sasl.kerberos.ticket.renew.jitter = 0.05
	sasl.kerberos.ticket.renew.window.factor = 0.8
	sasl.login.callback.handler.class = null
	sasl.login.class = null
	sasl.login.connect.timeout.ms = null
	sasl.login.read.timeout.ms = null
	sasl.login.refresh.buffer.seconds = 300
	sasl.login.refresh.min.period.seconds = 60
	sasl.login.refresh.window.factor = 0.8
	sasl.login.refresh.window.jitter = 0.05
	sasl.login.retry.backoff.max.ms = 10000
	sasl.login.retry.backoff.ms = 100
	sasl.mechanism = GSSAPI
	sasl.oauthbearer.clock.skew.seconds = 30
	sasl.oauthbearer.expected.audience = null
	sasl.oauthbearer.expected.issuer = null
	sasl.oauthbearer.header.urlencode = false
	sasl.oauthbearer.jwks.endpoint.refresh.ms = 3600000
	sasl.oauthbearer.jwks.endpoint.retry.backoff.max.ms = 10000
	sasl.oauthbearer.jwks.endpoint.retry.backoff.ms = 100
	sasl.oauthbearer.jwks.endpoint.url = null
	sasl.oauthbearer.scope.claim.name = scope
	sasl.oauthbearer.sub.claim.name = sub
	sasl.oauthbearer.token.endpoint.url = null
	security.protocol = PLAINTEXT
	security.providers = null
	send.buffer.bytes = 131072
	session.timeout.ms = 45000
	socket.connection.setup.timeout.max.ms = 30000
	socket.connection.setup.timeout.ms = 10000
	ssl.cipher.suites = null
	ssl.enabled.protocols = [TLSv1.2, TLSv1.3]
	ssl.endpoint.identification.algorithm = https
	ssl.engine.factory.class = null
	ssl.key.password = null
	ssl.keymanager.algorithm = SunX509
	ssl.keystore.certificate.chain = null
	ssl.keystore.key = null
	ssl.keystore.location = null
	ssl.keystore.password = null
	ssl.keystore.type = JKS
	ssl.protocol = TLSv1.3
	ssl.provider = null
	ssl.secure.random.implementation = null
	ssl.trustmanager.algorithm = PKIX
	ssl.truststore.certificates = null
	ssl.truststore.location = null
	ssl.truststore.password = null
	ssl.truststore.type = JKS
	value.deserializer = class io.apicurio.registry.serde.avro.AvroKafkaDeserializer

2025-10-08 13:32:46,930 INFO  [org.apa.kaf.com.tel.int.KafkaMetricsCollector] (main) initializing Kafka metrics collector
2025-10-08 13:32:46,933 INFO  [org.apa.kaf.cli.Metadata] (kafka-producer-network-thread | Producer-topic-67c9932c_dd72_421c_a6dc_405aa7ca81f8) [Producer clientId=Producer-topic-67c9932c_dd72_421c_a6dc_405aa7ca81f8] Cluster ID: SVjZkHnAQ8mYJ12eIV0raA
2025-10-08 13:32:46,933 INFO  [org.apa.kaf.cli.pro.int.TransactionManager] (kafka-producer-network-thread | Producer-topic-67c9932c_dd72_421c_a6dc_405aa7ca81f8) [Producer clientId=Producer-topic-67c9932c_dd72_421c_a6dc_405aa7ca81f8] ProducerId set to 21 with epoch 0
2025-10-08 13:32:46,935 INFO  [org.apa.kaf.cli.con.ConsumerConfig] (main) These configurations '[apicurio.registry.url]' were supplied but are not used yet.
2025-10-08 13:32:46,935 INFO  [org.apa.kaf.com.uti.AppInfoParser] (main) Kafka version: 3.9.1
2025-10-08 13:32:46,935 INFO  [org.apa.kaf.com.uti.AppInfoParser] (main) Kafka commitId: f745dfdcee2b9851
2025-10-08 13:32:46,935 INFO  [org.apa.kaf.com.uti.AppInfoParser] (main) Kafka startTimeMs: 1759930366935
**** Registry Base URL: http://registry-app-ksql047.apps.ci419.apicurio-testing.org:80
2025-10-08 13:32:46,936 INFO  [org.apa.kaf.cli.con.ConsumerConfig] (main) ConsumerConfig values: 
	allow.auto.create.topics = true
	auto.commit.interval.ms = 500
	auto.include.jmx.reporter = true
	auto.offset.reset = earliest
	bootstrap.servers = [PLAINTEXT://localhost:32769]
	check.crcs = true
	client.dns.lookup = use_all_dns_ips
	client.id = consumer-Consumer-topic-67c9932c_dd72_421c_a6dc_405aa7ca81f8-16
	client.rack = 
	connections.max.idle.ms = 10000
	default.api.timeout.ms = 60000
	enable.auto.commit = true
	enable.metrics.push = true
	exclude.internal.topics = true
	fetch.max.bytes = 52428800
	fetch.max.wait.ms = 500
	fetch.min.bytes = 1
	group.id = Consumer-topic-67c9932c_dd72_421c_a6dc_405aa7ca81f8
	group.instance.id = null
	group.protocol = classic
	group.remote.assignor = null
	heartbeat.interval.ms = 3000
	interceptor.classes = []
	internal.leave.group.on.close = true
	internal.throw.on.fetch.stable.offset.unsupported = false
	isolation.level = read_uncommitted
	key.deserializer = class org.apache.kafka.common.serialization.StringDeserializer
	max.partition.fetch.bytes = 1048576
	max.poll.interval.ms = 300000
	max.poll.records = 500
	metadata.max.age.ms = 300000
	metadata.recovery.strategy = none
	metric.reporters = []
	metrics.num.samples = 2
	metrics.recording.level = INFO
	metrics.sample.window.ms = 30000
	partition.assignment.strategy = [class org.apache.kafka.clients.consumer.RangeAssignor, class org.apache.kafka.clients.consumer.CooperativeStickyAssignor]
	receive.buffer.bytes = 65536
	reconnect.backoff.max.ms = 1000
	reconnect.backoff.ms = 50
	request.timeout.ms = 5000
	retry.backoff.max.ms = 1000
	retry.backoff.ms = 100
	sasl.client.callback.handler.class = null
	sasl.jaas.config = null
	sasl.kerberos.kinit.cmd = /usr/bin/kinit
	sasl.kerberos.min.time.before.relogin = 60000
	sasl.kerberos.service.name = null
	sasl.kerberos.ticket.renew.jitter = 0.05
	sasl.kerberos.ticket.renew.window.factor = 0.8
	sasl.login.callback.handler.class = null
	sasl.login.class = null
	sasl.login.connect.timeout.ms = null
	sasl.login.read.timeout.ms = null
	sasl.login.refresh.buffer.seconds = 300
	sasl.login.refresh.min.period.seconds = 60
	sasl.login.refresh.window.factor = 0.8
	sasl.login.refresh.window.jitter = 0.05
	sasl.login.retry.backoff.max.ms = 10000
	sasl.login.retry.backoff.ms = 100
	sasl.mechanism = GSSAPI
	sasl.oauthbearer.clock.skew.seconds = 30
	sasl.oauthbearer.expected.audience = null
	sasl.oauthbearer.expected.issuer = null
	sasl.oauthbearer.header.urlencode = false
	sasl.oauthbearer.jwks.endpoint.refresh.ms = 3600000
	sasl.oauthbearer.jwks.endpoint.retry.backoff.max.ms = 10000
	sasl.oauthbearer.jwks.endpoint.retry.backoff.ms = 100
	sasl.oauthbearer.jwks.endpoint.url = null
	sasl.oauthbearer.scope.claim.name = scope
	sasl.oauthbearer.sub.claim.name = sub
	sasl.oauthbearer.token.endpoint.url = null
	security.protocol = PLAINTEXT
	security.providers = null
	send.buffer.bytes = 131072
	session.timeout.ms = 45000
	socket.connection.setup.timeout.max.ms = 30000
	socket.connection.setup.timeout.ms = 10000
	ssl.cipher.suites = null
	ssl.enabled.protocols = [TLSv1.2, TLSv1.3]
	ssl.endpoint.identification.algorithm = https
	ssl.engine.factory.class = null
	ssl.key.password = null
	ssl.keymanager.algorithm = SunX509
	ssl.keystore.certificate.chain = null
	ssl.keystore.key = null
	ssl.keystore.location = null
	ssl.keystore.password = null
	ssl.keystore.type = JKS
	ssl.protocol = TLSv1.3
	ssl.provider = null
	ssl.secure.random.implementation = null
	ssl.trustmanager.algorithm = PKIX
	ssl.truststore.certificates = null
	ssl.truststore.location = null
	ssl.truststore.password = null
	ssl.truststore.type = JKS
	value.deserializer = class io.apicurio.registry.serde.avro.AvroKafkaDeserializer

2025-10-08 13:32:46,936 INFO  [org.apa.kaf.com.tel.int.KafkaMetricsCollector] (main) initializing Kafka metrics collector
2025-10-08 13:32:46,940 INFO  [org.apa.kaf.cli.con.ConsumerConfig] (main) These configurations '[apicurio.registry.url]' were supplied but are not used yet.
2025-10-08 13:32:46,940 INFO  [org.apa.kaf.com.uti.AppInfoParser] (main) Kafka version: 3.9.1
2025-10-08 13:32:46,940 INFO  [org.apa.kaf.com.uti.AppInfoParser] (main) Kafka commitId: f745dfdcee2b9851
2025-10-08 13:32:46,940 INFO  [org.apa.kaf.com.uti.AppInfoParser] (main) Kafka startTimeMs: 1759930366940
2025-10-08 13:32:46,941 INFO  [io.api.tes.ser.api.KafkaSerdesTester] (ForkJoinPool.commonPool-worker-3) Sending message {"key11759930365804": "value-0"} to topic topic-4cacba49_f082_42b7_a938_5b8c6c066b90
2025-10-08 13:32:46,944 INFO  [DefaultSchemaResolver] (ForkJoinPool.commonPool-worker-3) Retrieving schema content using string: {"type":"record","name":"myrecordconfluent","fields":[{"name":"key11759930365804","type":"string"}]}
2025-10-08 13:32:47,010 INFO  [io.api.tes.ser.api.KafkaSerdesTester] (ForkJoinPool.commonPool-worker-3) Sending message {"key11759930365804": "value-1"} to topic topic-4cacba49_f082_42b7_a938_5b8c6c066b90
2025-10-08 13:32:47,011 INFO  [io.api.tes.ser.api.KafkaSerdesTester] (ForkJoinPool.commonPool-worker-3) Sending message {"key11759930365804": "value-2"} to topic topic-4cacba49_f082_42b7_a938_5b8c6c066b90
2025-10-08 13:32:47,012 INFO  [io.api.tes.ser.api.KafkaSerdesTester] (ForkJoinPool.commonPool-worker-3) Sending message {"key11759930365804": "value-3"} to topic topic-4cacba49_f082_42b7_a938_5b8c6c066b90
2025-10-08 13:32:47,013 INFO  [io.api.tes.ser.api.KafkaSerdesTester] (ForkJoinPool.commonPool-worker-3) Sending message {"key11759930365804": "value-4"} to topic topic-4cacba49_f082_42b7_a938_5b8c6c066b90
2025-10-08 13:32:47,014 INFO  [io.api.tes.ser.api.KafkaSerdesTester] (ForkJoinPool.commonPool-worker-3) Sending message {"key11759930365804": "value-5"} to topic topic-4cacba49_f082_42b7_a938_5b8c6c066b90
2025-10-08 13:32:47,015 INFO  [io.api.tes.ser.api.KafkaSerdesTester] (ForkJoinPool.commonPool-worker-3) Sending message {"key11759930365804": "value-6"} to topic topic-4cacba49_f082_42b7_a938_5b8c6c066b90
2025-10-08 13:32:47,016 INFO  [io.api.tes.ser.api.KafkaSerdesTester] (ForkJoinPool.commonPool-worker-3) Sending message {"key11759930365804": "value-7"} to topic topic-4cacba49_f082_42b7_a938_5b8c6c066b90
2025-10-08 13:32:47,017 INFO  [io.api.tes.ser.api.KafkaSerdesTester] (ForkJoinPool.commonPool-worker-3) Sending message {"key11759930365804": "value-8"} to topic topic-4cacba49_f082_42b7_a938_5b8c6c066b90
2025-10-08 13:32:47,018 INFO  [io.api.tes.ser.api.KafkaSerdesTester] (ForkJoinPool.commonPool-worker-3) Sending message {"key11759930365804": "value-9"} to topic topic-4cacba49_f082_42b7_a938_5b8c6c066b90
2025-10-08 13:32:47,019 INFO  [io.api.tes.ser.api.KafkaSerdesTester] (ForkJoinPool.commonPool-worker-3) Produced 10 messages
2025-10-08 13:32:47,019 INFO  [org.apa.kaf.cli.pro.KafkaProducer] (ForkJoinPool.commonPool-worker-3) [Producer clientId=Producer-topic-4cacba49_f082_42b7_a938_5b8c6c066b90] Closing the Kafka producer with timeoutMillis = 9223372036854775807 ms.
2025-10-08 13:32:47,020 INFO  [org.apa.kaf.com.met.Metrics] (ForkJoinPool.commonPool-worker-3) Metrics scheduler closed
2025-10-08 13:32:47,020 INFO  [org.apa.kaf.com.met.Metrics] (ForkJoinPool.commonPool-worker-3) Closing reporter org.apache.kafka.common.metrics.JmxReporter
2025-10-08 13:32:47,020 INFO  [org.apa.kaf.com.met.Metrics] (ForkJoinPool.commonPool-worker-3) Closing reporter org.apache.kafka.common.telemetry.internals.ClientTelemetryReporter
2025-10-08 13:32:47,020 INFO  [org.apa.kaf.com.met.Metrics] (ForkJoinPool.commonPool-worker-3) Metrics reporters closed
2025-10-08 13:32:47,021 INFO  [org.apa.kaf.com.uti.AppInfoParser] (ForkJoinPool.commonPool-worker-3) App info kafka.producer for Producer-topic-4cacba49_f082_42b7_a938_5b8c6c066b90 unregistered
2025-10-08 13:32:47,021 INFO  [io.api.tes.ser.api.KafkaSerdesTester] (ForkJoinPool.commonPool-worker-3) Sending message {"key11759930365804": "value-0"} to topic topic-6e205b09_4a32_4a0a_b871_552492daa690
2025-10-08 13:32:47,025 INFO  [DefaultSchemaResolver] (ForkJoinPool.commonPool-worker-3) Retrieving schema content using string: {"type":"record","name":"myrecordconfluent","fields":[{"name":"key11759930365804","type":"string"}]}
2025-10-08 13:32:47,092 INFO  [io.api.tes.ser.api.KafkaSerdesTester] (ForkJoinPool.commonPool-worker-3) Sending message {"key11759930365804": "value-1"} to topic topic-6e205b09_4a32_4a0a_b871_552492daa690
2025-10-08 13:32:47,093 INFO  [io.api.tes.ser.api.KafkaSerdesTester] (ForkJoinPool.commonPool-worker-3) Sending message {"key11759930365804": "value-2"} to topic topic-6e205b09_4a32_4a0a_b871_552492daa690
2025-10-08 13:32:47,094 INFO  [io.api.tes.ser.api.KafkaSerdesTester] (ForkJoinPool.commonPool-worker-3) Sending message {"key11759930365804": "value-3"} to topic topic-6e205b09_4a32_4a0a_b871_552492daa690
2025-10-08 13:32:47,095 INFO  [io.api.tes.ser.api.KafkaSerdesTester] (ForkJoinPool.commonPool-worker-3) Sending message {"key11759930365804": "value-4"} to topic topic-6e205b09_4a32_4a0a_b871_552492daa690
2025-10-08 13:32:47,096 INFO  [io.api.tes.ser.api.KafkaSerdesTester] (ForkJoinPool.commonPool-worker-3) Sending message {"key11759930365804": "value-5"} to topic topic-6e205b09_4a32_4a0a_b871_552492daa690
2025-10-08 13:32:47,097 INFO  [io.api.tes.ser.api.KafkaSerdesTester] (ForkJoinPool.commonPool-worker-3) Sending message {"key11759930365804": "value-6"} to topic topic-6e205b09_4a32_4a0a_b871_552492daa690
2025-10-08 13:32:47,098 INFO  [io.api.tes.ser.api.KafkaSerdesTester] (ForkJoinPool.commonPool-worker-3) Sending message {"key11759930365804": "value-7"} to topic topic-6e205b09_4a32_4a0a_b871_552492daa690
2025-10-08 13:32:47,099 INFO  [io.api.tes.ser.api.KafkaSerdesTester] (ForkJoinPool.commonPool-worker-3) Sending message {"key11759930365804": "value-8"} to topic topic-6e205b09_4a32_4a0a_b871_552492daa690
2025-10-08 13:32:47,100 INFO  [io.api.tes.ser.api.KafkaSerdesTester] (ForkJoinPool.commonPool-worker-3) Sending message {"key11759930365804": "value-9"} to topic topic-6e205b09_4a32_4a0a_b871_552492daa690
2025-10-08 13:32:47,101 INFO  [io.api.tes.ser.api.KafkaSerdesTester] (ForkJoinPool.commonPool-worker-3) Produced 10 messages
2025-10-08 13:32:47,101 INFO  [org.apa.kaf.cli.pro.KafkaProducer] (ForkJoinPool.commonPool-worker-3) [Producer clientId=Producer-topic-6e205b09_4a32_4a0a_b871_552492daa690] Closing the Kafka producer with timeoutMillis = 9223372036854775807 ms.
2025-10-08 13:32:47,103 INFO  [org.apa.kaf.com.met.Metrics] (ForkJoinPool.commonPool-worker-3) Metrics scheduler closed
2025-10-08 13:32:47,103 INFO  [org.apa.kaf.com.met.Metrics] (ForkJoinPool.commonPool-worker-3) Closing reporter org.apache.kafka.common.metrics.JmxReporter
2025-10-08 13:32:47,103 INFO  [org.apa.kaf.com.met.Metrics] (ForkJoinPool.commonPool-worker-3) Closing reporter org.apache.kafka.common.telemetry.internals.ClientTelemetryReporter
2025-10-08 13:32:47,103 INFO  [org.apa.kaf.com.met.Metrics] (ForkJoinPool.commonPool-worker-3) Metrics reporters closed
2025-10-08 13:32:47,103 INFO  [org.apa.kaf.com.uti.AppInfoParser] (ForkJoinPool.commonPool-worker-3) App info kafka.producer for Producer-topic-6e205b09_4a32_4a0a_b871_552492daa690 unregistered
2025-10-08 13:32:47,104 INFO  [io.api.tes.ser.api.KafkaSerdesTester] (ForkJoinPool.commonPool-worker-3) Sending message {"key11759930365804": "value-0"} to topic topic-67c9932c_dd72_421c_a6dc_405aa7ca81f8
2025-10-08 13:32:47,107 INFO  [DefaultSchemaResolver] (ForkJoinPool.commonPool-worker-3) Retrieving schema content using string: {"type":"record","name":"myrecordconfluent","fields":[{"name":"key11759930365804","type":"string"}]}
2025-10-08 13:32:47,170 INFO  [io.api.tes.ser.api.KafkaSerdesTester] (ForkJoinPool.commonPool-worker-3) Sending message {"key11759930365804": "value-1"} to topic topic-67c9932c_dd72_421c_a6dc_405aa7ca81f8
2025-10-08 13:32:47,172 INFO  [io.api.tes.ser.api.KafkaSerdesTester] (ForkJoinPool.commonPool-worker-3) Sending message {"key11759930365804": "value-2"} to topic topic-67c9932c_dd72_421c_a6dc_405aa7ca81f8
2025-10-08 13:32:47,173 INFO  [io.api.tes.ser.api.KafkaSerdesTester] (ForkJoinPool.commonPool-worker-3) Sending message {"key11759930365804": "value-3"} to topic topic-67c9932c_dd72_421c_a6dc_405aa7ca81f8
2025-10-08 13:32:47,174 INFO  [io.api.tes.ser.api.KafkaSerdesTester] (ForkJoinPool.commonPool-worker-3) Sending message {"key11759930365804": "value-4"} to topic topic-67c9932c_dd72_421c_a6dc_405aa7ca81f8
2025-10-08 13:32:47,175 INFO  [io.api.tes.ser.api.KafkaSerdesTester] (ForkJoinPool.commonPool-worker-3) Sending message {"key11759930365804": "value-5"} to topic topic-67c9932c_dd72_421c_a6dc_405aa7ca81f8
2025-10-08 13:32:47,176 INFO  [io.api.tes.ser.api.KafkaSerdesTester] (ForkJoinPool.commonPool-worker-3) Sending message {"key11759930365804": "value-6"} to topic topic-67c9932c_dd72_421c_a6dc_405aa7ca81f8
2025-10-08 13:32:47,178 INFO  [io.api.tes.ser.api.KafkaSerdesTester] (ForkJoinPool.commonPool-worker-3) Sending message {"key11759930365804": "value-7"} to topic topic-67c9932c_dd72_421c_a6dc_405aa7ca81f8
2025-10-08 13:32:47,180 INFO  [io.api.tes.ser.api.KafkaSerdesTester] (ForkJoinPool.commonPool-worker-3) Sending message {"key11759930365804": "value-8"} to topic topic-67c9932c_dd72_421c_a6dc_405aa7ca81f8
2025-10-08 13:32:47,181 INFO  [io.api.tes.ser.api.KafkaSerdesTester] (ForkJoinPool.commonPool-worker-3) Sending message {"key11759930365804": "value-9"} to topic topic-67c9932c_dd72_421c_a6dc_405aa7ca81f8
2025-10-08 13:32:47,183 INFO  [io.api.tes.ser.api.KafkaSerdesTester] (ForkJoinPool.commonPool-worker-3) Produced 10 messages
2025-10-08 13:32:47,183 INFO  [org.apa.kaf.cli.pro.KafkaProducer] (ForkJoinPool.commonPool-worker-3) [Producer clientId=Producer-topic-67c9932c_dd72_421c_a6dc_405aa7ca81f8] Closing the Kafka producer with timeoutMillis = 9223372036854775807 ms.
2025-10-08 13:32:47,184 INFO  [org.apa.kaf.com.met.Metrics] (ForkJoinPool.commonPool-worker-3) Metrics scheduler closed
2025-10-08 13:32:47,184 INFO  [org.apa.kaf.com.met.Metrics] (ForkJoinPool.commonPool-worker-3) Closing reporter org.apache.kafka.common.metrics.JmxReporter
2025-10-08 13:32:47,184 INFO  [org.apa.kaf.com.met.Metrics] (ForkJoinPool.commonPool-worker-3) Closing reporter org.apache.kafka.common.telemetry.internals.ClientTelemetryReporter
2025-10-08 13:32:47,184 INFO  [org.apa.kaf.com.met.Metrics] (ForkJoinPool.commonPool-worker-3) Metrics reporters closed
2025-10-08 13:32:47,184 INFO  [org.apa.kaf.com.uti.AppInfoParser] (ForkJoinPool.commonPool-worker-3) App info kafka.producer for Producer-topic-67c9932c_dd72_421c_a6dc_405aa7ca81f8 unregistered
2025-10-08 13:32:47,185 INFO  [org.apa.kaf.cli.con.int.ClassicKafkaConsumer] (ForkJoinPool.commonPool-worker-3) [Consumer clientId=consumer-Consumer-topic-4cacba49_f082_42b7_a938_5b8c6c066b90-14, groupId=Consumer-topic-4cacba49_f082_42b7_a938_5b8c6c066b90] Subscribed to topic(s): topic-4cacba49_f082_42b7_a938_5b8c6c066b90
2025-10-08 13:32:47,188 INFO  [org.apa.kaf.cli.Metadata] (ForkJoinPool.commonPool-worker-3) [Consumer clientId=consumer-Consumer-topic-4cacba49_f082_42b7_a938_5b8c6c066b90-14, groupId=Consumer-topic-4cacba49_f082_42b7_a938_5b8c6c066b90] Cluster ID: SVjZkHnAQ8mYJ12eIV0raA
2025-10-08 13:32:47,189 INFO  [org.apa.kaf.cli.con.int.ConsumerCoordinator] (ForkJoinPool.commonPool-worker-3) [Consumer clientId=consumer-Consumer-topic-4cacba49_f082_42b7_a938_5b8c6c066b90-14, groupId=Consumer-topic-4cacba49_f082_42b7_a938_5b8c6c066b90] Discovered group coordinator localhost:32769 (id: 2147483647 rack: null)
2025-10-08 13:32:47,190 INFO  [org.apa.kaf.cli.con.int.ConsumerCoordinator] (ForkJoinPool.commonPool-worker-3) [Consumer clientId=consumer-Consumer-topic-4cacba49_f082_42b7_a938_5b8c6c066b90-14, groupId=Consumer-topic-4cacba49_f082_42b7_a938_5b8c6c066b90] (Re-)joining group
2025-10-08 13:32:47,192 INFO  [org.apa.kaf.cli.con.int.ConsumerCoordinator] (ForkJoinPool.commonPool-worker-3) [Consumer clientId=consumer-Consumer-topic-4cacba49_f082_42b7_a938_5b8c6c066b90-14, groupId=Consumer-topic-4cacba49_f082_42b7_a938_5b8c6c066b90] Request joining group due to: need to re-join with the given member-id: consumer-Consumer-topic-4cacba49_f082_42b7_a938_5b8c6c066b90-14-3ee339a7-0dd7-42ef-9d8f-9c004e104800
2025-10-08 13:32:47,192 INFO  [org.apa.kaf.cli.con.int.ConsumerCoordinator] (ForkJoinPool.commonPool-worker-3) [Consumer clientId=consumer-Consumer-topic-4cacba49_f082_42b7_a938_5b8c6c066b90-14, groupId=Consumer-topic-4cacba49_f082_42b7_a938_5b8c6c066b90] (Re-)joining group
2025-10-08 13:32:48,185 INFO  [io.api.tes.ser.api.KafkaSerdesTester] (ForkJoinPool.commonPool-worker-3) None found
2025-10-08 13:32:49,185 INFO  [io.api.tes.ser.api.KafkaSerdesTester] (ForkJoinPool.commonPool-worker-3) None found
2025-10-08 13:32:50,186 INFO  [io.api.tes.ser.api.KafkaSerdesTester] (ForkJoinPool.commonPool-worker-3) None found
2025-10-08 13:32:50,193 INFO  [org.apa.kaf.cli.con.int.ConsumerCoordinator] (ForkJoinPool.commonPool-worker-3) [Consumer clientId=consumer-Consumer-topic-4cacba49_f082_42b7_a938_5b8c6c066b90-14, groupId=Consumer-topic-4cacba49_f082_42b7_a938_5b8c6c066b90] Successfully joined group with generation Generation{generationId=1, memberId='consumer-Consumer-topic-4cacba49_f082_42b7_a938_5b8c6c066b90-14-3ee339a7-0dd7-42ef-9d8f-9c004e104800', protocol='range'}
2025-10-08 13:32:50,194 INFO  [org.apa.kaf.cli.con.int.ConsumerCoordinator] (ForkJoinPool.commonPool-worker-3) [Consumer clientId=consumer-Consumer-topic-4cacba49_f082_42b7_a938_5b8c6c066b90-14, groupId=Consumer-topic-4cacba49_f082_42b7_a938_5b8c6c066b90] Finished assignment for group at generation 1: {consumer-Consumer-topic-4cacba49_f082_42b7_a938_5b8c6c066b90-14-3ee339a7-0dd7-42ef-9d8f-9c004e104800=Assignment(partitions=[topic-4cacba49_f082_42b7_a938_5b8c6c066b90-0])}
2025-10-08 13:32:50,200 INFO  [org.apa.kaf.cli.con.int.ConsumerCoordinator] (ForkJoinPool.commonPool-worker-3) [Consumer clientId=consumer-Consumer-topic-4cacba49_f082_42b7_a938_5b8c6c066b90-14, groupId=Consumer-topic-4cacba49_f082_42b7_a938_5b8c6c066b90] Successfully synced group in generation Generation{generationId=1, memberId='consumer-Consumer-topic-4cacba49_f082_42b7_a938_5b8c6c066b90-14-3ee339a7-0dd7-42ef-9d8f-9c004e104800', protocol='range'}
2025-10-08 13:32:50,200 INFO  [org.apa.kaf.cli.con.int.ConsumerCoordinator] (ForkJoinPool.commonPool-worker-3) [Consumer clientId=consumer-Consumer-topic-4cacba49_f082_42b7_a938_5b8c6c066b90-14, groupId=Consumer-topic-4cacba49_f082_42b7_a938_5b8c6c066b90] Notifying assignor about the new Assignment(partitions=[topic-4cacba49_f082_42b7_a938_5b8c6c066b90-0])
2025-10-08 13:32:50,200 INFO  [org.apa.kaf.cli.con.int.ConsumerRebalanceListenerInvoker] (ForkJoinPool.commonPool-worker-3) [Consumer clientId=consumer-Consumer-topic-4cacba49_f082_42b7_a938_5b8c6c066b90-14, groupId=Consumer-topic-4cacba49_f082_42b7_a938_5b8c6c066b90] Adding newly assigned partitions: topic-4cacba49_f082_42b7_a938_5b8c6c066b90-0
2025-10-08 13:32:50,201 INFO  [org.apa.kaf.cli.con.int.ConsumerCoordinator] (ForkJoinPool.commonPool-worker-3) [Consumer clientId=consumer-Consumer-topic-4cacba49_f082_42b7_a938_5b8c6c066b90-14, groupId=Consumer-topic-4cacba49_f082_42b7_a938_5b8c6c066b90] Found no committed offset for partition topic-4cacba49_f082_42b7_a938_5b8c6c066b90-0
2025-10-08 13:32:50,204 INFO  [org.apa.kaf.cli.con.int.SubscriptionState] (ForkJoinPool.commonPool-worker-3) [Consumer clientId=consumer-Consumer-topic-4cacba49_f082_42b7_a938_5b8c6c066b90-14, groupId=Consumer-topic-4cacba49_f082_42b7_a938_5b8c6c066b90] Resetting offset for partition topic-4cacba49_f082_42b7_a938_5b8c6c066b90-0 to position FetchPosition{offset=0, offsetEpoch=Optional.empty, currentLeader=LeaderAndEpoch{leader=Optional[localhost:32769 (id: 0 rack: null)], epoch=0}}.
2025-10-08 13:32:50,299 INFO  [io.api.tes.ser.api.KafkaSerdesTester] (ForkJoinPool.commonPool-worker-3) topic-4cacba49_f082_42b7_a938_5b8c6c066b90 0 0 {"key11759930365804": "value-0"}
2025-10-08 13:32:50,299 INFO  [io.api.tes.ser.api.KafkaSerdesTester] (ForkJoinPool.commonPool-worker-3) topic-4cacba49_f082_42b7_a938_5b8c6c066b90 0 1 {"key11759930365804": "value-1"}
2025-10-08 13:32:50,299 INFO  [io.api.tes.ser.api.KafkaSerdesTester] (ForkJoinPool.commonPool-worker-3) topic-4cacba49_f082_42b7_a938_5b8c6c066b90 0 2 {"key11759930365804": "value-2"}
2025-10-08 13:32:50,299 INFO  [io.api.tes.ser.api.KafkaSerdesTester] (ForkJoinPool.commonPool-worker-3) topic-4cacba49_f082_42b7_a938_5b8c6c066b90 0 3 {"key11759930365804": "value-3"}
2025-10-08 13:32:50,300 INFO  [io.api.tes.ser.api.KafkaSerdesTester] (ForkJoinPool.commonPool-worker-3) topic-4cacba49_f082_42b7_a938_5b8c6c066b90 0 4 {"key11759930365804": "value-4"}
2025-10-08 13:32:50,300 INFO  [io.api.tes.ser.api.KafkaSerdesTester] (ForkJoinPool.commonPool-worker-3) topic-4cacba49_f082_42b7_a938_5b8c6c066b90 0 5 {"key11759930365804": "value-5"}
2025-10-08 13:32:50,300 INFO  [io.api.tes.ser.api.KafkaSerdesTester] (ForkJoinPool.commonPool-worker-3) topic-4cacba49_f082_42b7_a938_5b8c6c066b90 0 6 {"key11759930365804": "value-6"}
2025-10-08 13:32:50,300 INFO  [io.api.tes.ser.api.KafkaSerdesTester] (ForkJoinPool.commonPool-worker-3) topic-4cacba49_f082_42b7_a938_5b8c6c066b90 0 7 {"key11759930365804": "value-7"}
2025-10-08 13:32:50,300 INFO  [io.api.tes.ser.api.KafkaSerdesTester] (ForkJoinPool.commonPool-worker-3) topic-4cacba49_f082_42b7_a938_5b8c6c066b90 0 8 {"key11759930365804": "value-8"}
2025-10-08 13:32:50,300 INFO  [io.api.tes.ser.api.KafkaSerdesTester] (ForkJoinPool.commonPool-worker-3) topic-4cacba49_f082_42b7_a938_5b8c6c066b90 0 9 {"key11759930365804": "value-9"}
2025-10-08 13:32:50,300 INFO  [io.api.tes.ser.api.KafkaSerdesTester] (ForkJoinPool.commonPool-worker-3) Consumed 10 messages
2025-10-08 13:32:50,307 INFO  [org.apa.kaf.cli.con.int.ConsumerRebalanceListenerInvoker] (ForkJoinPool.commonPool-worker-3) [Consumer clientId=consumer-Consumer-topic-4cacba49_f082_42b7_a938_5b8c6c066b90-14, groupId=Consumer-topic-4cacba49_f082_42b7_a938_5b8c6c066b90] Revoke previously assigned partitions topic-4cacba49_f082_42b7_a938_5b8c6c066b90-0
2025-10-08 13:32:50,307 INFO  [org.apa.kaf.cli.con.int.ConsumerCoordinator] (ForkJoinPool.commonPool-worker-3) [Consumer clientId=consumer-Consumer-topic-4cacba49_f082_42b7_a938_5b8c6c066b90-14, groupId=Consumer-topic-4cacba49_f082_42b7_a938_5b8c6c066b90] Member consumer-Consumer-topic-4cacba49_f082_42b7_a938_5b8c6c066b90-14-3ee339a7-0dd7-42ef-9d8f-9c004e104800 sending LeaveGroup request to coordinator localhost:32769 (id: 2147483647 rack: null) due to the consumer is being closed
2025-10-08 13:32:50,307 INFO  [org.apa.kaf.cli.con.int.ConsumerCoordinator] (ForkJoinPool.commonPool-worker-3) [Consumer clientId=consumer-Consumer-topic-4cacba49_f082_42b7_a938_5b8c6c066b90-14, groupId=Consumer-topic-4cacba49_f082_42b7_a938_5b8c6c066b90] Resetting generation and member id due to: consumer pro-actively leaving the group
2025-10-08 13:32:50,307 INFO  [org.apa.kaf.cli.con.int.ConsumerCoordinator] (ForkJoinPool.commonPool-worker-3) [Consumer clientId=consumer-Consumer-topic-4cacba49_f082_42b7_a938_5b8c6c066b90-14, groupId=Consumer-topic-4cacba49_f082_42b7_a938_5b8c6c066b90] Request joining group due to: consumer pro-actively leaving the group
2025-10-08 13:32:50,802 INFO  [org.apa.kaf.com.met.Metrics] (ForkJoinPool.commonPool-worker-3) Metrics scheduler closed
2025-10-08 13:32:50,802 INFO  [org.apa.kaf.com.met.Metrics] (ForkJoinPool.commonPool-worker-3) Closing reporter org.apache.kafka.common.metrics.JmxReporter
2025-10-08 13:32:50,802 INFO  [org.apa.kaf.com.met.Metrics] (ForkJoinPool.commonPool-worker-3) Closing reporter org.apache.kafka.common.telemetry.internals.ClientTelemetryReporter
2025-10-08 13:32:50,802 INFO  [org.apa.kaf.com.met.Metrics] (ForkJoinPool.commonPool-worker-3) Metrics reporters closed
2025-10-08 13:32:50,804 INFO  [org.apa.kaf.com.uti.AppInfoParser] (ForkJoinPool.commonPool-worker-3) App info kafka.consumer for consumer-Consumer-topic-4cacba49_f082_42b7_a938_5b8c6c066b90-14 unregistered
2025-10-08 13:32:50,804 INFO  [org.apa.kaf.cli.con.int.ClassicKafkaConsumer] (ForkJoinPool.commonPool-worker-3) [Consumer clientId=consumer-Consumer-topic-6e205b09_4a32_4a0a_b871_552492daa690-15, groupId=Consumer-topic-6e205b09_4a32_4a0a_b871_552492daa690] Subscribed to topic(s): topic-6e205b09_4a32_4a0a_b871_552492daa690
2025-10-08 13:32:50,808 INFO  [org.apa.kaf.cli.Metadata] (ForkJoinPool.commonPool-worker-3) [Consumer clientId=consumer-Consumer-topic-6e205b09_4a32_4a0a_b871_552492daa690-15, groupId=Consumer-topic-6e205b09_4a32_4a0a_b871_552492daa690] Cluster ID: SVjZkHnAQ8mYJ12eIV0raA
2025-10-08 13:32:50,808 INFO  [org.apa.kaf.cli.con.int.ConsumerCoordinator] (ForkJoinPool.commonPool-worker-3) [Consumer clientId=consumer-Consumer-topic-6e205b09_4a32_4a0a_b871_552492daa690-15, groupId=Consumer-topic-6e205b09_4a32_4a0a_b871_552492daa690] Discovered group coordinator localhost:32769 (id: 2147483647 rack: null)
2025-10-08 13:32:50,809 INFO  [org.apa.kaf.cli.con.int.ConsumerCoordinator] (ForkJoinPool.commonPool-worker-3) [Consumer clientId=consumer-Consumer-topic-6e205b09_4a32_4a0a_b871_552492daa690-15, groupId=Consumer-topic-6e205b09_4a32_4a0a_b871_552492daa690] (Re-)joining group
2025-10-08 13:32:50,810 INFO  [org.apa.kaf.cli.con.int.ConsumerCoordinator] (ForkJoinPool.commonPool-worker-3) [Consumer clientId=consumer-Consumer-topic-6e205b09_4a32_4a0a_b871_552492daa690-15, groupId=Consumer-topic-6e205b09_4a32_4a0a_b871_552492daa690] Request joining group due to: need to re-join with the given member-id: consumer-Consumer-topic-6e205b09_4a32_4a0a_b871_552492daa690-15-83a37872-93c3-4d23-b47e-2e073fc974f3
2025-10-08 13:32:50,810 INFO  [org.apa.kaf.cli.con.int.ConsumerCoordinator] (ForkJoinPool.commonPool-worker-3) [Consumer clientId=consumer-Consumer-topic-6e205b09_4a32_4a0a_b871_552492daa690-15, groupId=Consumer-topic-6e205b09_4a32_4a0a_b871_552492daa690] (Re-)joining group
2025-10-08 13:32:51,804 INFO  [io.api.tes.ser.api.KafkaSerdesTester] (ForkJoinPool.commonPool-worker-3) None found
2025-10-08 13:32:52,804 INFO  [io.api.tes.ser.api.KafkaSerdesTester] (ForkJoinPool.commonPool-worker-3) None found
2025-10-08 13:32:53,804 INFO  [io.api.tes.ser.api.KafkaSerdesTester] (ForkJoinPool.commonPool-worker-3) None found
2025-10-08 13:32:53,812 INFO  [org.apa.kaf.cli.con.int.ConsumerCoordinator] (ForkJoinPool.commonPool-worker-3) [Consumer clientId=consumer-Consumer-topic-6e205b09_4a32_4a0a_b871_552492daa690-15, groupId=Consumer-topic-6e205b09_4a32_4a0a_b871_552492daa690] Successfully joined group with generation Generation{generationId=1, memberId='consumer-Consumer-topic-6e205b09_4a32_4a0a_b871_552492daa690-15-83a37872-93c3-4d23-b47e-2e073fc974f3', protocol='range'}
2025-10-08 13:32:53,812 INFO  [org.apa.kaf.cli.con.int.ConsumerCoordinator] (ForkJoinPool.commonPool-worker-3) [Consumer clientId=consumer-Consumer-topic-6e205b09_4a32_4a0a_b871_552492daa690-15, groupId=Consumer-topic-6e205b09_4a32_4a0a_b871_552492daa690] Finished assignment for group at generation 1: {consumer-Consumer-topic-6e205b09_4a32_4a0a_b871_552492daa690-15-83a37872-93c3-4d23-b47e-2e073fc974f3=Assignment(partitions=[topic-6e205b09_4a32_4a0a_b871_552492daa690-0])}
2025-10-08 13:32:53,818 INFO  [org.apa.kaf.cli.con.int.ConsumerCoordinator] (ForkJoinPool.commonPool-worker-3) [Consumer clientId=consumer-Consumer-topic-6e205b09_4a32_4a0a_b871_552492daa690-15, groupId=Consumer-topic-6e205b09_4a32_4a0a_b871_552492daa690] Successfully synced group in generation Generation{generationId=1, memberId='consumer-Consumer-topic-6e205b09_4a32_4a0a_b871_552492daa690-15-83a37872-93c3-4d23-b47e-2e073fc974f3', protocol='range'}
2025-10-08 13:32:53,818 INFO  [org.apa.kaf.cli.con.int.ConsumerCoordinator] (ForkJoinPool.commonPool-worker-3) [Consumer clientId=consumer-Consumer-topic-6e205b09_4a32_4a0a_b871_552492daa690-15, groupId=Consumer-topic-6e205b09_4a32_4a0a_b871_552492daa690] Notifying assignor about the new Assignment(partitions=[topic-6e205b09_4a32_4a0a_b871_552492daa690-0])
2025-10-08 13:32:53,818 INFO  [org.apa.kaf.cli.con.int.ConsumerRebalanceListenerInvoker] (ForkJoinPool.commonPool-worker-3) [Consumer clientId=consumer-Consumer-topic-6e205b09_4a32_4a0a_b871_552492daa690-15, groupId=Consumer-topic-6e205b09_4a32_4a0a_b871_552492daa690] Adding newly assigned partitions: topic-6e205b09_4a32_4a0a_b871_552492daa690-0
2025-10-08 13:32:53,819 INFO  [org.apa.kaf.cli.con.int.ConsumerCoordinator] (ForkJoinPool.commonPool-worker-3) [Consumer clientId=consumer-Consumer-topic-6e205b09_4a32_4a0a_b871_552492daa690-15, groupId=Consumer-topic-6e205b09_4a32_4a0a_b871_552492daa690] Found no committed offset for partition topic-6e205b09_4a32_4a0a_b871_552492daa690-0
2025-10-08 13:32:53,822 INFO  [org.apa.kaf.cli.con.int.SubscriptionState] (ForkJoinPool.commonPool-worker-3) [Consumer clientId=consumer-Consumer-topic-6e205b09_4a32_4a0a_b871_552492daa690-15, groupId=Consumer-topic-6e205b09_4a32_4a0a_b871_552492daa690] Resetting offset for partition topic-6e205b09_4a32_4a0a_b871_552492daa690-0 to position FetchPosition{offset=0, offsetEpoch=Optional.empty, currentLeader=LeaderAndEpoch{leader=Optional[localhost:32769 (id: 0 rack: null)], epoch=0}}.
2025-10-08 13:32:53,915 INFO  [io.api.tes.ser.api.KafkaSerdesTester] (ForkJoinPool.commonPool-worker-3) topic-6e205b09_4a32_4a0a_b871_552492daa690 0 0 {"key11759930365804": "value-0"}
2025-10-08 13:32:53,915 INFO  [io.api.tes.ser.api.KafkaSerdesTester] (ForkJoinPool.commonPool-worker-3) topic-6e205b09_4a32_4a0a_b871_552492daa690 0 1 {"key11759930365804": "value-1"}
2025-10-08 13:32:53,915 INFO  [io.api.tes.ser.api.KafkaSerdesTester] (ForkJoinPool.commonPool-worker-3) topic-6e205b09_4a32_4a0a_b871_552492daa690 0 2 {"key11759930365804": "value-2"}
2025-10-08 13:32:53,915 INFO  [io.api.tes.ser.api.KafkaSerdesTester] (ForkJoinPool.commonPool-worker-3) topic-6e205b09_4a32_4a0a_b871_552492daa690 0 3 {"key11759930365804": "value-3"}
2025-10-08 13:32:53,915 INFO  [io.api.tes.ser.api.KafkaSerdesTester] (ForkJoinPool.commonPool-worker-3) topic-6e205b09_4a32_4a0a_b871_552492daa690 0 4 {"key11759930365804": "value-4"}
2025-10-08 13:32:53,915 INFO  [io.api.tes.ser.api.KafkaSerdesTester] (ForkJoinPool.commonPool-worker-3) topic-6e205b09_4a32_4a0a_b871_552492daa690 0 5 {"key11759930365804": "value-5"}
2025-10-08 13:32:53,915 INFO  [io.api.tes.ser.api.KafkaSerdesTester] (ForkJoinPool.commonPool-worker-3) topic-6e205b09_4a32_4a0a_b871_552492daa690 0 6 {"key11759930365804": "value-6"}
2025-10-08 13:32:53,915 INFO  [io.api.tes.ser.api.KafkaSerdesTester] (ForkJoinPool.commonPool-worker-3) topic-6e205b09_4a32_4a0a_b871_552492daa690 0 7 {"key11759930365804": "value-7"}
2025-10-08 13:32:53,915 INFO  [io.api.tes.ser.api.KafkaSerdesTester] (ForkJoinPool.commonPool-worker-3) topic-6e205b09_4a32_4a0a_b871_552492daa690 0 8 {"key11759930365804": "value-8"}
2025-10-08 13:32:53,915 INFO  [io.api.tes.ser.api.KafkaSerdesTester] (ForkJoinPool.commonPool-worker-3) topic-6e205b09_4a32_4a0a_b871_552492daa690 0 9 {"key11759930365804": "value-9"}
2025-10-08 13:32:53,915 INFO  [io.api.tes.ser.api.KafkaSerdesTester] (ForkJoinPool.commonPool-worker-3) Consumed 10 messages
2025-10-08 13:32:53,922 INFO  [org.apa.kaf.cli.con.int.ConsumerRebalanceListenerInvoker] (ForkJoinPool.commonPool-worker-3) [Consumer clientId=consumer-Consumer-topic-6e205b09_4a32_4a0a_b871_552492daa690-15, groupId=Consumer-topic-6e205b09_4a32_4a0a_b871_552492daa690] Revoke previously assigned partitions topic-6e205b09_4a32_4a0a_b871_552492daa690-0
2025-10-08 13:32:53,922 INFO  [org.apa.kaf.cli.con.int.ConsumerCoordinator] (ForkJoinPool.commonPool-worker-3) [Consumer clientId=consumer-Consumer-topic-6e205b09_4a32_4a0a_b871_552492daa690-15, groupId=Consumer-topic-6e205b09_4a32_4a0a_b871_552492daa690] Member consumer-Consumer-topic-6e205b09_4a32_4a0a_b871_552492daa690-15-83a37872-93c3-4d23-b47e-2e073fc974f3 sending LeaveGroup request to coordinator localhost:32769 (id: 2147483647 rack: null) due to the consumer is being closed
2025-10-08 13:32:53,922 INFO  [org.apa.kaf.cli.con.int.ConsumerCoordinator] (ForkJoinPool.commonPool-worker-3) [Consumer clientId=consumer-Consumer-topic-6e205b09_4a32_4a0a_b871_552492daa690-15, groupId=Consumer-topic-6e205b09_4a32_4a0a_b871_552492daa690] Resetting generation and member id due to: consumer pro-actively leaving the group
2025-10-08 13:32:53,922 INFO  [org.apa.kaf.cli.con.int.ConsumerCoordinator] (ForkJoinPool.commonPool-worker-3) [Consumer clientId=consumer-Consumer-topic-6e205b09_4a32_4a0a_b871_552492daa690-15, groupId=Consumer-topic-6e205b09_4a32_4a0a_b871_552492daa690] Request joining group due to: consumer pro-actively leaving the group
2025-10-08 13:32:54,418 INFO  [org.apa.kaf.com.met.Metrics] (ForkJoinPool.commonPool-worker-3) Metrics scheduler closed
2025-10-08 13:32:54,418 INFO  [org.apa.kaf.com.met.Metrics] (ForkJoinPool.commonPool-worker-3) Closing reporter org.apache.kafka.common.metrics.JmxReporter
2025-10-08 13:32:54,418 INFO  [org.apa.kaf.com.met.Metrics] (ForkJoinPool.commonPool-worker-3) Closing reporter org.apache.kafka.common.telemetry.internals.ClientTelemetryReporter
2025-10-08 13:32:54,418 INFO  [org.apa.kaf.com.met.Metrics] (ForkJoinPool.commonPool-worker-3) Metrics reporters closed
2025-10-08 13:32:54,420 INFO  [org.apa.kaf.com.uti.AppInfoParser] (ForkJoinPool.commonPool-worker-3) App info kafka.consumer for consumer-Consumer-topic-6e205b09_4a32_4a0a_b871_552492daa690-15 unregistered
2025-10-08 13:32:54,420 INFO  [org.apa.kaf.cli.con.int.ClassicKafkaConsumer] (ForkJoinPool.commonPool-worker-3) [Consumer clientId=consumer-Consumer-topic-67c9932c_dd72_421c_a6dc_405aa7ca81f8-16, groupId=Consumer-topic-67c9932c_dd72_421c_a6dc_405aa7ca81f8] Subscribed to topic(s): topic-67c9932c_dd72_421c_a6dc_405aa7ca81f8
2025-10-08 13:32:54,424 INFO  [org.apa.kaf.cli.Metadata] (ForkJoinPool.commonPool-worker-3) [Consumer clientId=consumer-Consumer-topic-67c9932c_dd72_421c_a6dc_405aa7ca81f8-16, groupId=Consumer-topic-67c9932c_dd72_421c_a6dc_405aa7ca81f8] Cluster ID: SVjZkHnAQ8mYJ12eIV0raA
2025-10-08 13:32:54,425 INFO  [org.apa.kaf.cli.con.int.ConsumerCoordinator] (ForkJoinPool.commonPool-worker-3) [Consumer clientId=consumer-Consumer-topic-67c9932c_dd72_421c_a6dc_405aa7ca81f8-16, groupId=Consumer-topic-67c9932c_dd72_421c_a6dc_405aa7ca81f8] Discovered group coordinator localhost:32769 (id: 2147483647 rack: null)
2025-10-08 13:32:54,425 INFO  [org.apa.kaf.cli.con.int.ConsumerCoordinator] (ForkJoinPool.commonPool-worker-3) [Consumer clientId=consumer-Consumer-topic-67c9932c_dd72_421c_a6dc_405aa7ca81f8-16, groupId=Consumer-topic-67c9932c_dd72_421c_a6dc_405aa7ca81f8] (Re-)joining group
2025-10-08 13:32:54,427 INFO  [org.apa.kaf.cli.con.int.ConsumerCoordinator] (ForkJoinPool.commonPool-worker-3) [Consumer clientId=consumer-Consumer-topic-67c9932c_dd72_421c_a6dc_405aa7ca81f8-16, groupId=Consumer-topic-67c9932c_dd72_421c_a6dc_405aa7ca81f8] Request joining group due to: need to re-join with the given member-id: consumer-Consumer-topic-67c9932c_dd72_421c_a6dc_405aa7ca81f8-16-549df2a3-8af4-4ec4-8abe-620cdab364af
2025-10-08 13:32:54,427 INFO  [org.apa.kaf.cli.con.int.ConsumerCoordinator] (ForkJoinPool.commonPool-worker-3) [Consumer clientId=consumer-Consumer-topic-67c9932c_dd72_421c_a6dc_405aa7ca81f8-16, groupId=Consumer-topic-67c9932c_dd72_421c_a6dc_405aa7ca81f8] (Re-)joining group
2025-10-08 13:32:55,420 INFO  [io.api.tes.ser.api.KafkaSerdesTester] (ForkJoinPool.commonPool-worker-3) None found
2025-10-08 13:32:56,420 INFO  [io.api.tes.ser.api.KafkaSerdesTester] (ForkJoinPool.commonPool-worker-3) None found
2025-10-08 13:32:57,420 INFO  [io.api.tes.ser.api.KafkaSerdesTester] (ForkJoinPool.commonPool-worker-3) None found
2025-10-08 13:32:57,428 INFO  [org.apa.kaf.cli.con.int.ConsumerCoordinator] (ForkJoinPool.commonPool-worker-3) [Consumer clientId=consumer-Consumer-topic-67c9932c_dd72_421c_a6dc_405aa7ca81f8-16, groupId=Consumer-topic-67c9932c_dd72_421c_a6dc_405aa7ca81f8] Successfully joined group with generation Generation{generationId=1, memberId='consumer-Consumer-topic-67c9932c_dd72_421c_a6dc_405aa7ca81f8-16-549df2a3-8af4-4ec4-8abe-620cdab364af', protocol='range'}
2025-10-08 13:32:57,428 INFO  [org.apa.kaf.cli.con.int.ConsumerCoordinator] (ForkJoinPool.commonPool-worker-3) [Consumer clientId=consumer-Consumer-topic-67c9932c_dd72_421c_a6dc_405aa7ca81f8-16, groupId=Consumer-topic-67c9932c_dd72_421c_a6dc_405aa7ca81f8] Finished assignment for group at generation 1: {consumer-Consumer-topic-67c9932c_dd72_421c_a6dc_405aa7ca81f8-16-549df2a3-8af4-4ec4-8abe-620cdab364af=Assignment(partitions=[topic-67c9932c_dd72_421c_a6dc_405aa7ca81f8-0])}
2025-10-08 13:32:57,435 INFO  [org.apa.kaf.cli.con.int.ConsumerCoordinator] (ForkJoinPool.commonPool-worker-3) [Consumer clientId=consumer-Consumer-topic-67c9932c_dd72_421c_a6dc_405aa7ca81f8-16, groupId=Consumer-topic-67c9932c_dd72_421c_a6dc_405aa7ca81f8] Successfully synced group in generation Generation{generationId=1, memberId='consumer-Consumer-topic-67c9932c_dd72_421c_a6dc_405aa7ca81f8-16-549df2a3-8af4-4ec4-8abe-620cdab364af', protocol='range'}
2025-10-08 13:32:57,435 INFO  [org.apa.kaf.cli.con.int.ConsumerCoordinator] (ForkJoinPool.commonPool-worker-3) [Consumer clientId=consumer-Consumer-topic-67c9932c_dd72_421c_a6dc_405aa7ca81f8-16, groupId=Consumer-topic-67c9932c_dd72_421c_a6dc_405aa7ca81f8] Notifying assignor about the new Assignment(partitions=[topic-67c9932c_dd72_421c_a6dc_405aa7ca81f8-0])
2025-10-08 13:32:57,435 INFO  [org.apa.kaf.cli.con.int.ConsumerRebalanceListenerInvoker] (ForkJoinPool.commonPool-worker-3) [Consumer clientId=consumer-Consumer-topic-67c9932c_dd72_421c_a6dc_405aa7ca81f8-16, groupId=Consumer-topic-67c9932c_dd72_421c_a6dc_405aa7ca81f8] Adding newly assigned partitions: topic-67c9932c_dd72_421c_a6dc_405aa7ca81f8-0
2025-10-08 13:32:57,436 INFO  [org.apa.kaf.cli.con.int.ConsumerCoordinator] (ForkJoinPool.commonPool-worker-3) [Consumer clientId=consumer-Consumer-topic-67c9932c_dd72_421c_a6dc_405aa7ca81f8-16, groupId=Consumer-topic-67c9932c_dd72_421c_a6dc_405aa7ca81f8] Found no committed offset for partition topic-67c9932c_dd72_421c_a6dc_405aa7ca81f8-0
2025-10-08 13:32:57,439 INFO  [org.apa.kaf.cli.con.int.SubscriptionState] (ForkJoinPool.commonPool-worker-3) [Consumer clientId=consumer-Consumer-topic-67c9932c_dd72_421c_a6dc_405aa7ca81f8-16, groupId=Consumer-topic-67c9932c_dd72_421c_a6dc_405aa7ca81f8] Resetting offset for partition topic-67c9932c_dd72_421c_a6dc_405aa7ca81f8-0 to position FetchPosition{offset=0, offsetEpoch=Optional.empty, currentLeader=LeaderAndEpoch{leader=Optional[localhost:32769 (id: 0 rack: null)], epoch=0}}.
2025-10-08 13:32:57,532 INFO  [io.api.tes.ser.api.KafkaSerdesTester] (ForkJoinPool.commonPool-worker-3) topic-67c9932c_dd72_421c_a6dc_405aa7ca81f8 0 0 {"key11759930365804": "value-0"}
2025-10-08 13:32:57,532 INFO  [io.api.tes.ser.api.KafkaSerdesTester] (ForkJoinPool.commonPool-worker-3) topic-67c9932c_dd72_421c_a6dc_405aa7ca81f8 0 1 {"key11759930365804": "value-1"}
2025-10-08 13:32:57,533 INFO  [io.api.tes.ser.api.KafkaSerdesTester] (ForkJoinPool.commonPool-worker-3) topic-67c9932c_dd72_421c_a6dc_405aa7ca81f8 0 2 {"key11759930365804": "value-2"}
2025-10-08 13:32:57,533 INFO  [io.api.tes.ser.api.KafkaSerdesTester] (ForkJoinPool.commonPool-worker-3) topic-67c9932c_dd72_421c_a6dc_405aa7ca81f8 0 3 {"key11759930365804": "value-3"}
2025-10-08 13:32:57,533 INFO  [io.api.tes.ser.api.KafkaSerdesTester] (ForkJoinPool.commonPool-worker-3) topic-67c9932c_dd72_421c_a6dc_405aa7ca81f8 0 4 {"key11759930365804": "value-4"}
2025-10-08 13:32:57,533 INFO  [io.api.tes.ser.api.KafkaSerdesTester] (ForkJoinPool.commonPool-worker-3) topic-67c9932c_dd72_421c_a6dc_405aa7ca81f8 0 5 {"key11759930365804": "value-5"}
2025-10-08 13:32:57,533 INFO  [io.api.tes.ser.api.KafkaSerdesTester] (ForkJoinPool.commonPool-worker-3) topic-67c9932c_dd72_421c_a6dc_405aa7ca81f8 0 6 {"key11759930365804": "value-6"}
2025-10-08 13:32:57,533 INFO  [io.api.tes.ser.api.KafkaSerdesTester] (ForkJoinPool.commonPool-worker-3) topic-67c9932c_dd72_421c_a6dc_405aa7ca81f8 0 7 {"key11759930365804": "value-7"}
2025-10-08 13:32:57,533 INFO  [io.api.tes.ser.api.KafkaSerdesTester] (ForkJoinPool.commonPool-worker-3) topic-67c9932c_dd72_421c_a6dc_405aa7ca81f8 0 8 {"key11759930365804": "value-8"}
2025-10-08 13:32:57,533 INFO  [io.api.tes.ser.api.KafkaSerdesTester] (ForkJoinPool.commonPool-worker-3) topic-67c9932c_dd72_421c_a6dc_405aa7ca81f8 0 9 {"key11759930365804": "value-9"}
2025-10-08 13:32:57,533 INFO  [io.api.tes.ser.api.KafkaSerdesTester] (ForkJoinPool.commonPool-worker-3) Consumed 10 messages
2025-10-08 13:32:57,540 INFO  [org.apa.kaf.cli.con.int.ConsumerRebalanceListenerInvoker] (ForkJoinPool.commonPool-worker-3) [Consumer clientId=consumer-Consumer-topic-67c9932c_dd72_421c_a6dc_405aa7ca81f8-16, groupId=Consumer-topic-67c9932c_dd72_421c_a6dc_405aa7ca81f8] Revoke previously assigned partitions topic-67c9932c_dd72_421c_a6dc_405aa7ca81f8-0
2025-10-08 13:32:57,540 INFO  [org.apa.kaf.cli.con.int.ConsumerCoordinator] (ForkJoinPool.commonPool-worker-3) [Consumer clientId=consumer-Consumer-topic-67c9932c_dd72_421c_a6dc_405aa7ca81f8-16, groupId=Consumer-topic-67c9932c_dd72_421c_a6dc_405aa7ca81f8] Member consumer-Consumer-topic-67c9932c_dd72_421c_a6dc_405aa7ca81f8-16-549df2a3-8af4-4ec4-8abe-620cdab364af sending LeaveGroup request to coordinator localhost:32769 (id: 2147483647 rack: null) due to the consumer is being closed
2025-10-08 13:32:57,540 INFO  [org.apa.kaf.cli.con.int.ConsumerCoordinator] (ForkJoinPool.commonPool-worker-3) [Consumer clientId=consumer-Consumer-topic-67c9932c_dd72_421c_a6dc_405aa7ca81f8-16, groupId=Consumer-topic-67c9932c_dd72_421c_a6dc_405aa7ca81f8] Resetting generation and member id due to: consumer pro-actively leaving the group
2025-10-08 13:32:57,540 INFO  [org.apa.kaf.cli.con.int.ConsumerCoordinator] (ForkJoinPool.commonPool-worker-3) [Consumer clientId=consumer-Consumer-topic-67c9932c_dd72_421c_a6dc_405aa7ca81f8-16, groupId=Consumer-topic-67c9932c_dd72_421c_a6dc_405aa7ca81f8] Request joining group due to: consumer pro-actively leaving the group
2025-10-08 13:32:58,035 INFO  [org.apa.kaf.com.met.Metrics] (ForkJoinPool.commonPool-worker-3) Metrics scheduler closed
2025-10-08 13:32:58,035 INFO  [org.apa.kaf.com.met.Metrics] (ForkJoinPool.commonPool-worker-3) Closing reporter org.apache.kafka.common.metrics.JmxReporter
2025-10-08 13:32:58,035 INFO  [org.apa.kaf.com.met.Metrics] (ForkJoinPool.commonPool-worker-3) Closing reporter org.apache.kafka.common.telemetry.internals.ClientTelemetryReporter
2025-10-08 13:32:58,035 INFO  [org.apa.kaf.com.met.Metrics] (ForkJoinPool.commonPool-worker-3) Metrics reporters closed
2025-10-08 13:32:58,037 INFO  [org.apa.kaf.com.uti.AppInfoParser] (ForkJoinPool.commonPool-worker-3) App info kafka.consumer for consumer-Consumer-topic-67c9932c_dd72_421c_a6dc_405aa7ca81f8-16 unregistered
2025-10-08 13:32:58,037 INFO  [io.api.tes.uti.TestSeparator] (main) io.apicurio.tests.serdes.apicurio.AvroSerdeIT.testAvroConfluentForMultipleTopics-FINISHED
2025-10-08 13:32:58,037 INFO  [io.api.tes.uti.TestSeparator] (main) ############################################################################
Test passed: testAvroConfluentForMultipleTopics
]]></system-out>
  </testcase>
  <testcase name="testFirstRequestFailsRateLimited" classname="io.apicurio.tests.serdes.apicurio.AvroSerdeIT" time="0.733">
    <system-out><![CDATA[2025-10-08 13:32:58,039 INFO  [io.api.tes.uti.TestSeparator] (main) ############################################################################
2025-10-08 13:32:58,039 INFO  [io.api.tes.uti.TestSeparator] (main) io.apicurio.tests.serdes.apicurio.AvroSerdeIT.testFirstRequestFailsRateLimited-STARTED
2025-10-08 13:32:58,472 INFO  [org.ecl.jet.ser.Server] (main) jetty-11.0.15; built: 2023-04-11T18:37:53.775Z; git: 5bc5e562c8d05c5862505aebe5cf83a61bdbcb96; jvm 17.0.16+8
2025-10-08 13:32:58,505 INFO  [org.ecl.jet.ser.han.ContextHandler] (main) Started o.e.j.s.ServletContextHandler@19601dc5{/__admin,null,AVAILABLE}
2025-10-08 13:32:58,511 INFO  [org.ecl.jet.ser.han.Con.ROOT] (main) RequestHandlerClass from context returned com.github.tomakehurst.wiremock.http.StubRequestHandler. Normalized mapped under returned 'null'
2025-10-08 13:32:58,512 INFO  [org.ecl.jet.ser.han.ContextHandler] (main) Started o.e.j.s.ServletContextHandler@7316742f{/,null,AVAILABLE}
2025-10-08 13:32:58,517 INFO  [org.ecl.jet.ser.AbstractConnector] (main) Started NetworkTrafficServerConnector@22b0f013{HTTP/1.1, (http/1.1, h2c)}{0.0.0.0:41833}
2025-10-08 13:32:58,518 INFO  [org.ecl.jet.ser.Server] (main) Started Server@4d500865{STARTING}[11.0.15,sto=1000] @101880ms
**** Registry Base URL: http://registry-app-ksql047.apps.ci419.apicurio-testing.org:80
2025-10-08 13:32:58,524 INFO  [org.apa.kaf.cli.pro.ProducerConfig] (main) ProducerConfig values: 
	acks = -1
	auto.include.jmx.reporter = true
	batch.size = 16384
	bootstrap.servers = [PLAINTEXT://localhost:32769]
	buffer.memory = 33554432
	client.dns.lookup = use_all_dns_ips
	client.id = Producer-topic-27cd50c3_5d45_4958_8ad5_32f4b4e6330e
	compression.gzip.level = -1
	compression.lz4.level = 9
	compression.type = none
	compression.zstd.level = 3
	connections.max.idle.ms = 10000
	delivery.timeout.ms = 120000
	enable.idempotence = true
	enable.metrics.push = true
	interceptor.classes = []
	key.serializer = class org.apache.kafka.common.serialization.StringSerializer
	linger.ms = 0
	max.block.ms = 60000
	max.in.flight.requests.per.connection = 5
	max.request.size = 1048576
	metadata.max.age.ms = 300000
	metadata.max.idle.ms = 300000
	metadata.recovery.strategy = none
	metric.reporters = []
	metrics.num.samples = 2
	metrics.recording.level = INFO
	metrics.sample.window.ms = 30000
	partitioner.adaptive.partitioning.enable = true
	partitioner.availability.timeout.ms = 0
	partitioner.class = null
	partitioner.ignore.keys = false
	receive.buffer.bytes = 32768
	reconnect.backoff.max.ms = 1000
	reconnect.backoff.ms = 50
	request.timeout.ms = 5000
	retries = 2147483647
	retry.backoff.max.ms = 1000
	retry.backoff.ms = 100
	sasl.client.callback.handler.class = null
	sasl.jaas.config = null
	sasl.kerberos.kinit.cmd = /usr/bin/kinit
	sasl.kerberos.min.time.before.relogin = 60000
	sasl.kerberos.service.name = null
	sasl.kerberos.ticket.renew.jitter = 0.05
	sasl.kerberos.ticket.renew.window.factor = 0.8
	sasl.login.callback.handler.class = null
	sasl.login.class = null
	sasl.login.connect.timeout.ms = null
	sasl.login.read.timeout.ms = null
	sasl.login.refresh.buffer.seconds = 300
	sasl.login.refresh.min.period.seconds = 60
	sasl.login.refresh.window.factor = 0.8
	sasl.login.refresh.window.jitter = 0.05
	sasl.login.retry.backoff.max.ms = 10000
	sasl.login.retry.backoff.ms = 100
	sasl.mechanism = GSSAPI
	sasl.oauthbearer.clock.skew.seconds = 30
	sasl.oauthbearer.expected.audience = null
	sasl.oauthbearer.expected.issuer = null
	sasl.oauthbearer.header.urlencode = false
	sasl.oauthbearer.jwks.endpoint.refresh.ms = 3600000
	sasl.oauthbearer.jwks.endpoint.retry.backoff.max.ms = 10000
	sasl.oauthbearer.jwks.endpoint.retry.backoff.ms = 100
	sasl.oauthbearer.jwks.endpoint.url = null
	sasl.oauthbearer.scope.claim.name = scope
	sasl.oauthbearer.sub.claim.name = sub
	sasl.oauthbearer.token.endpoint.url = null
	security.protocol = PLAINTEXT
	security.providers = null
	send.buffer.bytes = 131072
	socket.connection.setup.timeout.max.ms = 30000
	socket.connection.setup.timeout.ms = 10000
	ssl.cipher.suites = null
	ssl.enabled.protocols = [TLSv1.2, TLSv1.3]
	ssl.endpoint.identification.algorithm = https
	ssl.engine.factory.class = null
	ssl.key.password = null
	ssl.keymanager.algorithm = SunX509
	ssl.keystore.certificate.chain = null
	ssl.keystore.key = null
	ssl.keystore.location = null
	ssl.keystore.password = null
	ssl.keystore.type = JKS
	ssl.protocol = TLSv1.3
	ssl.provider = null
	ssl.secure.random.implementation = null
	ssl.trustmanager.algorithm = PKIX
	ssl.truststore.certificates = null
	ssl.truststore.location = null
	ssl.truststore.password = null
	ssl.truststore.type = JKS
	transaction.timeout.ms = 60000
	transactional.id = null
	value.serializer = class io.apicurio.registry.serde.avro.AvroKafkaSerializer

2025-10-08 13:32:58,524 INFO  [org.apa.kaf.com.tel.int.KafkaMetricsCollector] (main) initializing Kafka metrics collector
2025-10-08 13:32:58,527 INFO  [org.apa.kaf.cli.pro.KafkaProducer] (main) [Producer clientId=Producer-topic-27cd50c3_5d45_4958_8ad5_32f4b4e6330e] Instantiated an idempotent producer.
2025-10-08 13:32:58,528 INFO  [org.apa.kaf.cli.pro.ProducerConfig] (main) These configurations '[apicurio.registry.url, apicurio.registry.artifact-resolver-strategy]' were supplied but are not used yet.
2025-10-08 13:32:58,529 INFO  [org.apa.kaf.com.uti.AppInfoParser] (main) Kafka version: 3.9.1
2025-10-08 13:32:58,529 INFO  [org.apa.kaf.com.uti.AppInfoParser] (main) Kafka commitId: f745dfdcee2b9851
2025-10-08 13:32:58,529 INFO  [org.apa.kaf.com.uti.AppInfoParser] (main) Kafka startTimeMs: 1759930378529
2025-10-08 13:32:58,529 INFO  [io.api.tes.ser.api.KafkaSerdesTester] (ForkJoinPool.commonPool-worker-3) Sending message {"keyB": "value-0"} to topic topic-27cd50c3_5d45_4958_8ad5_32f4b4e6330e
2025-10-08 13:32:58,534 WARN  [org.apa.kaf.cli.NetworkClient] (kafka-producer-network-thread | Producer-topic-27cd50c3_5d45_4958_8ad5_32f4b4e6330e) [Producer clientId=Producer-topic-27cd50c3_5d45_4958_8ad5_32f4b4e6330e] The metadata response from the cluster reported a recoverable issue with correlation id 1 : {topic-27cd50c3_5d45_4958_8ad5_32f4b4e6330e=UNKNOWN_TOPIC_OR_PARTITION}
2025-10-08 13:32:58,534 INFO  [org.apa.kaf.cli.Metadata] (kafka-producer-network-thread | Producer-topic-27cd50c3_5d45_4958_8ad5_32f4b4e6330e) [Producer clientId=Producer-topic-27cd50c3_5d45_4958_8ad5_32f4b4e6330e] Cluster ID: SVjZkHnAQ8mYJ12eIV0raA
2025-10-08 13:32:58,534 INFO  [org.apa.kaf.cli.pro.int.TransactionManager] (kafka-producer-network-thread | Producer-topic-27cd50c3_5d45_4958_8ad5_32f4b4e6330e) [Producer clientId=Producer-topic-27cd50c3_5d45_4958_8ad5_32f4b4e6330e] ProducerId set to 22 with epoch 0
2025-10-08 13:32:58,644 INFO  [DefaultSchemaResolver] (ForkJoinPool.commonPool-worker-3) Retrieving schema content using string: {"type":"record","name":"myrecord","namespace":"mygroup","fields":[{"name":"keyB","type":"string"}]}
2025-10-08 13:32:58,759 INFO  [org.apa.kaf.cli.pro.KafkaProducer] (ForkJoinPool.commonPool-worker-3) [Producer clientId=Producer-topic-27cd50c3_5d45_4958_8ad5_32f4b4e6330e] Closing the Kafka producer with timeoutMillis = 9223372036854775807 ms.
2025-10-08 13:32:58,761 INFO  [org.apa.kaf.com.met.Metrics] (ForkJoinPool.commonPool-worker-3) Metrics scheduler closed
2025-10-08 13:32:58,761 INFO  [org.apa.kaf.com.met.Metrics] (ForkJoinPool.commonPool-worker-3) Closing reporter org.apache.kafka.common.metrics.JmxReporter
2025-10-08 13:32:58,762 INFO  [org.apa.kaf.com.met.Metrics] (ForkJoinPool.commonPool-worker-3) Closing reporter org.apache.kafka.common.telemetry.internals.ClientTelemetryReporter
2025-10-08 13:32:58,762 INFO  [org.apa.kaf.com.met.Metrics] (ForkJoinPool.commonPool-worker-3) Metrics reporters closed
2025-10-08 13:32:58,762 INFO  [org.apa.kaf.com.uti.AppInfoParser] (ForkJoinPool.commonPool-worker-3) App info kafka.producer for Producer-topic-27cd50c3_5d45_4958_8ad5_32f4b4e6330e unregistered
2025-10-08 13:32:58,765 INFO  [org.ecl.jet.ser.Server] (main) Stopped Server@4d500865{STOPPING}[11.0.15,sto=1000]
2025-10-08 13:32:58,765 INFO  [org.ecl.jet.ser.Server] (main) Shutdown Server@4d500865{STOPPING}[11.0.15,sto=1000]
2025-10-08 13:32:58,768 INFO  [org.ecl.jet.ser.AbstractConnector] (main) Stopped NetworkTrafficServerConnector@22b0f013{HTTP/1.1, (http/1.1, h2c)}{0.0.0.0:0}
2025-10-08 13:32:58,769 INFO  [org.ecl.jet.ser.han.ContextHandler] (main) Stopped o.e.j.s.ServletContextHandler@7316742f{/,null,STOPPED}
2025-10-08 13:32:58,770 INFO  [org.ecl.jet.ser.han.ContextHandler] (main) Stopped o.e.j.s.ServletContextHandler@19601dc5{/__admin,null,STOPPED}
2025-10-08 13:32:58,771 INFO  [io.api.tes.uti.TestSeparator] (main) io.apicurio.tests.serdes.apicurio.AvroSerdeIT.testFirstRequestFailsRateLimited-FINISHED
2025-10-08 13:32:58,771 INFO  [io.api.tes.uti.TestSeparator] (main) ############################################################################
Test passed: testFirstRequestFailsRateLimited
]]></system-out>
    <system-err><![CDATA[com.microsoft.kiota.ApiException: the server returned an unexpected status code and no error class is registered for this code 429
	at com.microsoft.kiota.ApiExceptionBuilder.withMessage(ApiExceptionBuilder.java:45)
	at io.kiota.http.vertx.VertXRequestAdapter.throwIfFailedResponse(VertXRequestAdapter.java:370)
	at io.kiota.http.vertx.VertXRequestAdapter.send(VertXRequestAdapter.java:170)
	at jdk.internal.reflect.GeneratedMethodAccessor33.invoke(Unknown Source)
	at java.base/jdk.internal.reflect.DelegatingMethodAccessorImpl.invoke(DelegatingMethodAccessorImpl.java:43)
	at java.base/java.lang.reflect.Method.invoke(Method.java:569)
	at io.apicurio.registry.client.RegistryClientFactory$RetryInvocationHandler.invoke(RegistryClientFactory.java:146)
	at jdk.proxy2/jdk.proxy2.$Proxy65.send(Unknown Source)
	at io.apicurio.registry.rest.client.search.versions.VersionsRequestBuilder.post(VersionsRequestBuilder.java:94)
	at io.apicurio.registry.resolver.client.RegistryClientFacadeImpl.searchVersionsByContent(RegistryClientFacadeImpl.java:106)
	at io.apicurio.registry.resolver.DefaultSchemaResolver.lambda$handleResolveSchemaByContent$3(DefaultSchemaResolver.java:258)
	at io.apicurio.registry.resolver.cache.ERCache.lambda$getValue$0(ERCache.java:174)
	at io.apicurio.registry.resolver.cache.ERCache.retry(ERCache.java:227)
	at io.apicurio.registry.resolver.cache.ERCache.getValue(ERCache.java:173)
	at io.apicurio.registry.resolver.cache.ERCache.getByContent(ERCache.java:147)
	at io.apicurio.registry.resolver.DefaultSchemaResolver.handleResolveSchemaByContent(DefaultSchemaResolver.java:253)
	at io.apicurio.registry.resolver.DefaultSchemaResolver.getSchemaFromRegistry(DefaultSchemaResolver.java:138)
	at io.apicurio.registry.resolver.DefaultSchemaResolver.lambda$resolveSchema$0(DefaultSchemaResolver.java:84)
	at java.base/java.util.Optional.orElseGet(Optional.java:364)
	at io.apicurio.registry.resolver.DefaultSchemaResolver.resolveSchema(DefaultSchemaResolver.java:84)
	at io.apicurio.registry.serde.AbstractSerializer.serializeData(AbstractSerializer.java:62)
	at io.apicurio.registry.serde.KafkaSerializer.serialize(KafkaSerializer.java:77)
	at org.apache.kafka.clients.producer.KafkaProducer.doSend(KafkaProducer.java:1046)
	at org.apache.kafka.clients.producer.KafkaProducer.send(KafkaProducer.java:993)
	at org.apache.kafka.clients.producer.KafkaProducer.send(KafkaProducer.java:875)
	at io.apicurio.tests.serdes.apicurio.KafkaSerdesTester.lambda$produceMessages$3(KafkaSerdesTester.java:138)
	at java.base/java.util.concurrent.CompletableFuture$AsyncSupply.run(CompletableFuture.java:1768)
	at java.base/java.util.concurrent.CompletableFuture$AsyncSupply.exec(CompletableFuture.java:1760)
	at java.base/java.util.concurrent.ForkJoinTask.doExec(ForkJoinTask.java:373)
	at java.base/java.util.concurrent.ForkJoinPool$WorkQueue.topLevelExec(ForkJoinPool.java:1182)
	at java.base/java.util.concurrent.ForkJoinPool.scan(ForkJoinPool.java:1655)
	at java.base/java.util.concurrent.ForkJoinPool.runWorker(ForkJoinPool.java:1622)
	at java.base/java.util.concurrent.ForkJoinWorkerThread.run(ForkJoinWorkerThread.java:165)
]]></system-err>
  </testcase>
  <testcase name="testFirstEmptyFieldConfusedAsMagicByte" classname="io.apicurio.tests.serdes.apicurio.AvroSerdeIT" time="3.948">
    <system-out><![CDATA[2025-10-08 13:32:58,773 INFO  [io.api.tes.uti.TestSeparator] (main) ############################################################################
2025-10-08 13:32:58,773 INFO  [io.api.tes.uti.TestSeparator] (main) io.apicurio.tests.serdes.apicurio.AvroSerdeIT.testFirstEmptyFieldConfusedAsMagicByte-STARTED
**** Registry Base URL: http://registry-app-ksql047.apps.ci419.apicurio-testing.org:80
2025-10-08 13:32:58,774 INFO  [org.apa.kaf.cli.pro.ProducerConfig] (main) ProducerConfig values: 
	acks = -1
	auto.include.jmx.reporter = true
	batch.size = 16384
	bootstrap.servers = [PLAINTEXT://localhost:32769]
	buffer.memory = 33554432
	client.dns.lookup = use_all_dns_ips
	client.id = Producer-topic-a46a1d9a_fc9e_488b_9658_e4584e27a53c
	compression.gzip.level = -1
	compression.lz4.level = 9
	compression.type = none
	compression.zstd.level = 3
	connections.max.idle.ms = 10000
	delivery.timeout.ms = 120000
	enable.idempotence = true
	enable.metrics.push = true
	interceptor.classes = []
	key.serializer = class org.apache.kafka.common.serialization.StringSerializer
	linger.ms = 0
	max.block.ms = 60000
	max.in.flight.requests.per.connection = 5
	max.request.size = 1048576
	metadata.max.age.ms = 300000
	metadata.max.idle.ms = 300000
	metadata.recovery.strategy = none
	metric.reporters = []
	metrics.num.samples = 2
	metrics.recording.level = INFO
	metrics.sample.window.ms = 30000
	partitioner.adaptive.partitioning.enable = true
	partitioner.availability.timeout.ms = 0
	partitioner.class = null
	partitioner.ignore.keys = false
	receive.buffer.bytes = 32768
	reconnect.backoff.max.ms = 1000
	reconnect.backoff.ms = 50
	request.timeout.ms = 5000
	retries = 2147483647
	retry.backoff.max.ms = 1000
	retry.backoff.ms = 100
	sasl.client.callback.handler.class = null
	sasl.jaas.config = null
	sasl.kerberos.kinit.cmd = /usr/bin/kinit
	sasl.kerberos.min.time.before.relogin = 60000
	sasl.kerberos.service.name = null
	sasl.kerberos.ticket.renew.jitter = 0.05
	sasl.kerberos.ticket.renew.window.factor = 0.8
	sasl.login.callback.handler.class = null
	sasl.login.class = null
	sasl.login.connect.timeout.ms = null
	sasl.login.read.timeout.ms = null
	sasl.login.refresh.buffer.seconds = 300
	sasl.login.refresh.min.period.seconds = 60
	sasl.login.refresh.window.factor = 0.8
	sasl.login.refresh.window.jitter = 0.05
	sasl.login.retry.backoff.max.ms = 10000
	sasl.login.retry.backoff.ms = 100
	sasl.mechanism = GSSAPI
	sasl.oauthbearer.clock.skew.seconds = 30
	sasl.oauthbearer.expected.audience = null
	sasl.oauthbearer.expected.issuer = null
	sasl.oauthbearer.header.urlencode = false
	sasl.oauthbearer.jwks.endpoint.refresh.ms = 3600000
	sasl.oauthbearer.jwks.endpoint.retry.backoff.max.ms = 10000
	sasl.oauthbearer.jwks.endpoint.retry.backoff.ms = 100
	sasl.oauthbearer.jwks.endpoint.url = null
	sasl.oauthbearer.scope.claim.name = scope
	sasl.oauthbearer.sub.claim.name = sub
	sasl.oauthbearer.token.endpoint.url = null
	security.protocol = PLAINTEXT
	security.providers = null
	send.buffer.bytes = 131072
	socket.connection.setup.timeout.max.ms = 30000
	socket.connection.setup.timeout.ms = 10000
	ssl.cipher.suites = null
	ssl.enabled.protocols = [TLSv1.2, TLSv1.3]
	ssl.endpoint.identification.algorithm = https
	ssl.engine.factory.class = null
	ssl.key.password = null
	ssl.keymanager.algorithm = SunX509
	ssl.keystore.certificate.chain = null
	ssl.keystore.key = null
	ssl.keystore.location = null
	ssl.keystore.password = null
	ssl.keystore.type = JKS
	ssl.protocol = TLSv1.3
	ssl.provider = null
	ssl.secure.random.implementation = null
	ssl.trustmanager.algorithm = PKIX
	ssl.truststore.certificates = null
	ssl.truststore.location = null
	ssl.truststore.password = null
	ssl.truststore.type = JKS
	transaction.timeout.ms = 60000
	transactional.id = null
	value.serializer = class io.apicurio.registry.serde.avro.AvroKafkaSerializer

2025-10-08 13:32:58,775 INFO  [org.apa.kaf.com.tel.int.KafkaMetricsCollector] (main) initializing Kafka metrics collector
2025-10-08 13:32:58,778 INFO  [org.apa.kaf.cli.pro.KafkaProducer] (main) [Producer clientId=Producer-topic-a46a1d9a_fc9e_488b_9658_e4584e27a53c] Instantiated an idempotent producer.
2025-10-08 13:32:58,782 INFO  [org.apa.kaf.cli.pro.ProducerConfig] (main) These configurations '[apicurio.registry.url, apicurio.registry.auto-register, apicurio.registry.artifact-resolver-strategy]' were supplied but are not used yet.
2025-10-08 13:32:58,782 INFO  [org.apa.kaf.com.uti.AppInfoParser] (main) Kafka version: 3.9.1
2025-10-08 13:32:58,782 INFO  [org.apa.kaf.com.uti.AppInfoParser] (main) Kafka commitId: f745dfdcee2b9851
2025-10-08 13:32:58,782 INFO  [org.apa.kaf.com.uti.AppInfoParser] (main) Kafka startTimeMs: 1759930378782
2025-10-08 13:32:58,782 INFO  [io.api.tes.ser.api.SimpleSerdesTesterBuilder$SimpleSerdesTester] (main) Using producer configuration: {apicurio.registry.url=http://registry-app-ksql047.apps.ci419.apicurio-testing.org:80/apis/registry/v3, apicurio.registry.auto-register=true, apicurio.registry.artifact-resolver-strategy=io.apicurio.registry.serde.strategy.SimpleTopicIdStrategy, value.serializer=io.apicurio.registry.serde.avro.AvroKafkaSerializer, request.timeout.ms=5000, acks=all, bootstrap.servers=PLAINTEXT://localhost:32769, connections.max.idle.ms=10000, key.serializer=org.apache.kafka.common.serialization.StringSerializer, client.id=Producer-topic-a46a1d9a_fc9e_488b_9658_e4584e27a53c}
2025-10-08 13:32:58,782 INFO  [io.api.tes.ser.api.SimpleSerdesTesterBuilder$SimpleSerdesTester] (main) Using consumer configuration: {}
2025-10-08 13:32:58,785 INFO  [io.api.tes.ser.api.KafkaSerdesTester] (ForkJoinPool.commonPool-worker-3) Sending message {"username": null} to topic topic-a46a1d9a_fc9e_488b_9658_e4584e27a53c
2025-10-08 13:32:58,787 WARN  [org.apa.kaf.cli.NetworkClient] (kafka-producer-network-thread | Producer-topic-a46a1d9a_fc9e_488b_9658_e4584e27a53c) [Producer clientId=Producer-topic-a46a1d9a_fc9e_488b_9658_e4584e27a53c] The metadata response from the cluster reported a recoverable issue with correlation id 1 : {topic-a46a1d9a_fc9e_488b_9658_e4584e27a53c=UNKNOWN_TOPIC_OR_PARTITION}
2025-10-08 13:32:58,787 INFO  [org.apa.kaf.cli.Metadata] (kafka-producer-network-thread | Producer-topic-a46a1d9a_fc9e_488b_9658_e4584e27a53c) [Producer clientId=Producer-topic-a46a1d9a_fc9e_488b_9658_e4584e27a53c] Cluster ID: SVjZkHnAQ8mYJ12eIV0raA
2025-10-08 13:32:58,791 INFO  [org.apa.kaf.cli.pro.int.TransactionManager] (kafka-producer-network-thread | Producer-topic-a46a1d9a_fc9e_488b_9658_e4584e27a53c) [Producer clientId=Producer-topic-a46a1d9a_fc9e_488b_9658_e4584e27a53c] ProducerId set to 23 with epoch 0
2025-10-08 13:32:59,013 INFO  [io.api.tes.ser.api.KafkaSerdesTester] (ForkJoinPool.commonPool-worker-3) Sending message {"username": null} to topic topic-a46a1d9a_fc9e_488b_9658_e4584e27a53c
2025-10-08 13:32:59,014 INFO  [io.api.tes.ser.api.KafkaSerdesTester] (ForkJoinPool.commonPool-worker-3) Sending message {"username": "value-2"} to topic topic-a46a1d9a_fc9e_488b_9658_e4584e27a53c
2025-10-08 13:32:59,015 INFO  [io.api.tes.ser.api.KafkaSerdesTester] (ForkJoinPool.commonPool-worker-3) Sending message {"username": null} to topic topic-a46a1d9a_fc9e_488b_9658_e4584e27a53c
2025-10-08 13:32:59,016 INFO  [io.api.tes.ser.api.KafkaSerdesTester] (ForkJoinPool.commonPool-worker-3) Sending message {"username": "value-4"} to topic topic-a46a1d9a_fc9e_488b_9658_e4584e27a53c
2025-10-08 13:32:59,018 INFO  [io.api.tes.ser.api.KafkaSerdesTester] (ForkJoinPool.commonPool-worker-3) Sending message {"username": null} to topic topic-a46a1d9a_fc9e_488b_9658_e4584e27a53c
2025-10-08 13:32:59,019 INFO  [io.api.tes.ser.api.KafkaSerdesTester] (ForkJoinPool.commonPool-worker-3) Sending message {"username": "value-6"} to topic topic-a46a1d9a_fc9e_488b_9658_e4584e27a53c
2025-10-08 13:32:59,020 INFO  [io.api.tes.ser.api.KafkaSerdesTester] (ForkJoinPool.commonPool-worker-3) Sending message {"username": null} to topic topic-a46a1d9a_fc9e_488b_9658_e4584e27a53c
2025-10-08 13:32:59,022 INFO  [io.api.tes.ser.api.KafkaSerdesTester] (ForkJoinPool.commonPool-worker-3) Sending message {"username": "value-8"} to topic topic-a46a1d9a_fc9e_488b_9658_e4584e27a53c
2025-10-08 13:32:59,023 INFO  [io.api.tes.ser.api.KafkaSerdesTester] (ForkJoinPool.commonPool-worker-3) Sending message {"username": null} to topic topic-a46a1d9a_fc9e_488b_9658_e4584e27a53c
2025-10-08 13:32:59,024 INFO  [io.api.tes.ser.api.KafkaSerdesTester] (ForkJoinPool.commonPool-worker-3) Produced 10 messages
2025-10-08 13:32:59,024 INFO  [org.apa.kaf.cli.pro.KafkaProducer] (ForkJoinPool.commonPool-worker-3) [Producer clientId=Producer-topic-a46a1d9a_fc9e_488b_9658_e4584e27a53c] Closing the Kafka producer with timeoutMillis = 9223372036854775807 ms.
2025-10-08 13:32:59,025 INFO  [org.apa.kaf.com.met.Metrics] (ForkJoinPool.commonPool-worker-3) Metrics scheduler closed
2025-10-08 13:32:59,025 INFO  [org.apa.kaf.com.met.Metrics] (ForkJoinPool.commonPool-worker-3) Closing reporter org.apache.kafka.common.metrics.JmxReporter
2025-10-08 13:32:59,025 INFO  [org.apa.kaf.com.met.Metrics] (ForkJoinPool.commonPool-worker-3) Closing reporter org.apache.kafka.common.telemetry.internals.ClientTelemetryReporter
2025-10-08 13:32:59,026 INFO  [org.apa.kaf.com.met.Metrics] (ForkJoinPool.commonPool-worker-3) Metrics reporters closed
2025-10-08 13:32:59,026 INFO  [org.apa.kaf.com.uti.AppInfoParser] (ForkJoinPool.commonPool-worker-3) App info kafka.producer for Producer-topic-a46a1d9a_fc9e_488b_9658_e4584e27a53c unregistered
**** Registry Base URL: http://registry-app-ksql047.apps.ci419.apicurio-testing.org:80
2025-10-08 13:32:59,091 INFO  [org.apa.kaf.cli.con.ConsumerConfig] (main) ConsumerConfig values: 
	allow.auto.create.topics = true
	auto.commit.interval.ms = 500
	auto.include.jmx.reporter = true
	auto.offset.reset = earliest
	bootstrap.servers = [PLAINTEXT://localhost:32769]
	check.crcs = true
	client.dns.lookup = use_all_dns_ips
	client.id = consumer-Consumer-topic-a46a1d9a_fc9e_488b_9658_e4584e27a53c-17
	client.rack = 
	connections.max.idle.ms = 10000
	default.api.timeout.ms = 60000
	enable.auto.commit = true
	enable.metrics.push = true
	exclude.internal.topics = true
	fetch.max.bytes = 52428800
	fetch.max.wait.ms = 500
	fetch.min.bytes = 1
	group.id = Consumer-topic-a46a1d9a_fc9e_488b_9658_e4584e27a53c
	group.instance.id = null
	group.protocol = classic
	group.remote.assignor = null
	heartbeat.interval.ms = 3000
	interceptor.classes = []
	internal.leave.group.on.close = true
	internal.throw.on.fetch.stable.offset.unsupported = false
	isolation.level = read_uncommitted
	key.deserializer = class org.apache.kafka.common.serialization.StringDeserializer
	max.partition.fetch.bytes = 1048576
	max.poll.interval.ms = 300000
	max.poll.records = 500
	metadata.max.age.ms = 300000
	metadata.recovery.strategy = none
	metric.reporters = []
	metrics.num.samples = 2
	metrics.recording.level = INFO
	metrics.sample.window.ms = 30000
	partition.assignment.strategy = [class org.apache.kafka.clients.consumer.RangeAssignor, class org.apache.kafka.clients.consumer.CooperativeStickyAssignor]
	receive.buffer.bytes = 65536
	reconnect.backoff.max.ms = 1000
	reconnect.backoff.ms = 50
	request.timeout.ms = 5000
	retry.backoff.max.ms = 1000
	retry.backoff.ms = 100
	sasl.client.callback.handler.class = null
	sasl.jaas.config = null
	sasl.kerberos.kinit.cmd = /usr/bin/kinit
	sasl.kerberos.min.time.before.relogin = 60000
	sasl.kerberos.service.name = null
	sasl.kerberos.ticket.renew.jitter = 0.05
	sasl.kerberos.ticket.renew.window.factor = 0.8
	sasl.login.callback.handler.class = null
	sasl.login.class = null
	sasl.login.connect.timeout.ms = null
	sasl.login.read.timeout.ms = null
	sasl.login.refresh.buffer.seconds = 300
	sasl.login.refresh.min.period.seconds = 60
	sasl.login.refresh.window.factor = 0.8
	sasl.login.refresh.window.jitter = 0.05
	sasl.login.retry.backoff.max.ms = 10000
	sasl.login.retry.backoff.ms = 100
	sasl.mechanism = GSSAPI
	sasl.oauthbearer.clock.skew.seconds = 30
	sasl.oauthbearer.expected.audience = null
	sasl.oauthbearer.expected.issuer = null
	sasl.oauthbearer.header.urlencode = false
	sasl.oauthbearer.jwks.endpoint.refresh.ms = 3600000
	sasl.oauthbearer.jwks.endpoint.retry.backoff.max.ms = 10000
	sasl.oauthbearer.jwks.endpoint.retry.backoff.ms = 100
	sasl.oauthbearer.jwks.endpoint.url = null
	sasl.oauthbearer.scope.claim.name = scope
	sasl.oauthbearer.sub.claim.name = sub
	sasl.oauthbearer.token.endpoint.url = null
	security.protocol = PLAINTEXT
	security.providers = null
	send.buffer.bytes = 131072
	session.timeout.ms = 45000
	socket.connection.setup.timeout.max.ms = 30000
	socket.connection.setup.timeout.ms = 10000
	ssl.cipher.suites = null
	ssl.enabled.protocols = [TLSv1.2, TLSv1.3]
	ssl.endpoint.identification.algorithm = https
	ssl.engine.factory.class = null
	ssl.key.password = null
	ssl.keymanager.algorithm = SunX509
	ssl.keystore.certificate.chain = null
	ssl.keystore.key = null
	ssl.keystore.location = null
	ssl.keystore.password = null
	ssl.keystore.type = JKS
	ssl.protocol = TLSv1.3
	ssl.provider = null
	ssl.secure.random.implementation = null
	ssl.trustmanager.algorithm = PKIX
	ssl.truststore.certificates = null
	ssl.truststore.location = null
	ssl.truststore.password = null
	ssl.truststore.type = JKS
	value.deserializer = class io.apicurio.registry.serde.avro.AvroKafkaDeserializer

2025-10-08 13:32:59,091 INFO  [org.apa.kaf.com.tel.int.KafkaMetricsCollector] (main) initializing Kafka metrics collector
2025-10-08 13:32:59,096 INFO  [org.apa.kaf.cli.con.ConsumerConfig] (main) These configurations '[apicurio.registry.url]' were supplied but are not used yet.
2025-10-08 13:32:59,096 INFO  [org.apa.kaf.com.uti.AppInfoParser] (main) Kafka version: 3.9.1
2025-10-08 13:32:59,096 INFO  [org.apa.kaf.com.uti.AppInfoParser] (main) Kafka commitId: f745dfdcee2b9851
2025-10-08 13:32:59,096 INFO  [org.apa.kaf.com.uti.AppInfoParser] (main) Kafka startTimeMs: 1759930379096
2025-10-08 13:32:59,096 INFO  [org.apa.kaf.cli.con.int.ClassicKafkaConsumer] (ForkJoinPool.commonPool-worker-3) [Consumer clientId=consumer-Consumer-topic-a46a1d9a_fc9e_488b_9658_e4584e27a53c-17, groupId=Consumer-topic-a46a1d9a_fc9e_488b_9658_e4584e27a53c] Subscribed to topic(s): topic-a46a1d9a_fc9e_488b_9658_e4584e27a53c
2025-10-08 13:32:59,099 INFO  [org.apa.kaf.cli.Metadata] (ForkJoinPool.commonPool-worker-3) [Consumer clientId=consumer-Consumer-topic-a46a1d9a_fc9e_488b_9658_e4584e27a53c-17, groupId=Consumer-topic-a46a1d9a_fc9e_488b_9658_e4584e27a53c] Cluster ID: SVjZkHnAQ8mYJ12eIV0raA
2025-10-08 13:32:59,100 INFO  [org.apa.kaf.cli.con.int.ConsumerCoordinator] (ForkJoinPool.commonPool-worker-3) [Consumer clientId=consumer-Consumer-topic-a46a1d9a_fc9e_488b_9658_e4584e27a53c-17, groupId=Consumer-topic-a46a1d9a_fc9e_488b_9658_e4584e27a53c] Discovered group coordinator localhost:32769 (id: 2147483647 rack: null)
2025-10-08 13:32:59,101 INFO  [org.apa.kaf.cli.con.int.ConsumerCoordinator] (ForkJoinPool.commonPool-worker-3) [Consumer clientId=consumer-Consumer-topic-a46a1d9a_fc9e_488b_9658_e4584e27a53c-17, groupId=Consumer-topic-a46a1d9a_fc9e_488b_9658_e4584e27a53c] (Re-)joining group
2025-10-08 13:32:59,103 INFO  [org.apa.kaf.cli.con.int.ConsumerCoordinator] (ForkJoinPool.commonPool-worker-3) [Consumer clientId=consumer-Consumer-topic-a46a1d9a_fc9e_488b_9658_e4584e27a53c-17, groupId=Consumer-topic-a46a1d9a_fc9e_488b_9658_e4584e27a53c] Request joining group due to: need to re-join with the given member-id: consumer-Consumer-topic-a46a1d9a_fc9e_488b_9658_e4584e27a53c-17-90ca0960-45df-437d-83bb-6e87b4b309b3
2025-10-08 13:32:59,103 INFO  [org.apa.kaf.cli.con.int.ConsumerCoordinator] (ForkJoinPool.commonPool-worker-3) [Consumer clientId=consumer-Consumer-topic-a46a1d9a_fc9e_488b_9658_e4584e27a53c-17, groupId=Consumer-topic-a46a1d9a_fc9e_488b_9658_e4584e27a53c] (Re-)joining group
2025-10-08 13:33:00,096 INFO  [io.api.tes.ser.api.KafkaSerdesTester] (ForkJoinPool.commonPool-worker-3) None found
2025-10-08 13:33:01,097 INFO  [io.api.tes.ser.api.KafkaSerdesTester] (ForkJoinPool.commonPool-worker-3) None found
2025-10-08 13:33:02,098 INFO  [io.api.tes.ser.api.KafkaSerdesTester] (ForkJoinPool.commonPool-worker-3) None found
2025-10-08 13:33:02,104 INFO  [org.apa.kaf.cli.con.int.ConsumerCoordinator] (ForkJoinPool.commonPool-worker-3) [Consumer clientId=consumer-Consumer-topic-a46a1d9a_fc9e_488b_9658_e4584e27a53c-17, groupId=Consumer-topic-a46a1d9a_fc9e_488b_9658_e4584e27a53c] Successfully joined group with generation Generation{generationId=1, memberId='consumer-Consumer-topic-a46a1d9a_fc9e_488b_9658_e4584e27a53c-17-90ca0960-45df-437d-83bb-6e87b4b309b3', protocol='range'}
2025-10-08 13:33:02,105 INFO  [org.apa.kaf.cli.con.int.ConsumerCoordinator] (ForkJoinPool.commonPool-worker-3) [Consumer clientId=consumer-Consumer-topic-a46a1d9a_fc9e_488b_9658_e4584e27a53c-17, groupId=Consumer-topic-a46a1d9a_fc9e_488b_9658_e4584e27a53c] Finished assignment for group at generation 1: {consumer-Consumer-topic-a46a1d9a_fc9e_488b_9658_e4584e27a53c-17-90ca0960-45df-437d-83bb-6e87b4b309b3=Assignment(partitions=[topic-a46a1d9a_fc9e_488b_9658_e4584e27a53c-0])}
2025-10-08 13:33:02,111 INFO  [org.apa.kaf.cli.con.int.ConsumerCoordinator] (ForkJoinPool.commonPool-worker-3) [Consumer clientId=consumer-Consumer-topic-a46a1d9a_fc9e_488b_9658_e4584e27a53c-17, groupId=Consumer-topic-a46a1d9a_fc9e_488b_9658_e4584e27a53c] Successfully synced group in generation Generation{generationId=1, memberId='consumer-Consumer-topic-a46a1d9a_fc9e_488b_9658_e4584e27a53c-17-90ca0960-45df-437d-83bb-6e87b4b309b3', protocol='range'}
2025-10-08 13:33:02,112 INFO  [org.apa.kaf.cli.con.int.ConsumerCoordinator] (ForkJoinPool.commonPool-worker-3) [Consumer clientId=consumer-Consumer-topic-a46a1d9a_fc9e_488b_9658_e4584e27a53c-17, groupId=Consumer-topic-a46a1d9a_fc9e_488b_9658_e4584e27a53c] Notifying assignor about the new Assignment(partitions=[topic-a46a1d9a_fc9e_488b_9658_e4584e27a53c-0])
2025-10-08 13:33:02,112 INFO  [org.apa.kaf.cli.con.int.ConsumerRebalanceListenerInvoker] (ForkJoinPool.commonPool-worker-3) [Consumer clientId=consumer-Consumer-topic-a46a1d9a_fc9e_488b_9658_e4584e27a53c-17, groupId=Consumer-topic-a46a1d9a_fc9e_488b_9658_e4584e27a53c] Adding newly assigned partitions: topic-a46a1d9a_fc9e_488b_9658_e4584e27a53c-0
2025-10-08 13:33:02,113 INFO  [org.apa.kaf.cli.con.int.ConsumerCoordinator] (ForkJoinPool.commonPool-worker-3) [Consumer clientId=consumer-Consumer-topic-a46a1d9a_fc9e_488b_9658_e4584e27a53c-17, groupId=Consumer-topic-a46a1d9a_fc9e_488b_9658_e4584e27a53c] Found no committed offset for partition topic-a46a1d9a_fc9e_488b_9658_e4584e27a53c-0
2025-10-08 13:33:02,115 INFO  [org.apa.kaf.cli.con.int.SubscriptionState] (ForkJoinPool.commonPool-worker-3) [Consumer clientId=consumer-Consumer-topic-a46a1d9a_fc9e_488b_9658_e4584e27a53c-17, groupId=Consumer-topic-a46a1d9a_fc9e_488b_9658_e4584e27a53c] Resetting offset for partition topic-a46a1d9a_fc9e_488b_9658_e4584e27a53c-0 to position FetchPosition{offset=0, offsetEpoch=Optional.empty, currentLeader=LeaderAndEpoch{leader=Optional[localhost:32769 (id: 0 rack: null)], epoch=0}}.
2025-10-08 13:33:02,216 INFO  [io.api.tes.ser.api.KafkaSerdesTester] (ForkJoinPool.commonPool-worker-3) topic-a46a1d9a_fc9e_488b_9658_e4584e27a53c 0 0 {"username": null}
2025-10-08 13:33:02,216 INFO  [io.api.tes.ser.api.KafkaSerdesTester] (ForkJoinPool.commonPool-worker-3) topic-a46a1d9a_fc9e_488b_9658_e4584e27a53c 0 1 {"username": null}
2025-10-08 13:33:02,217 INFO  [io.api.tes.ser.api.KafkaSerdesTester] (ForkJoinPool.commonPool-worker-3) topic-a46a1d9a_fc9e_488b_9658_e4584e27a53c 0 2 {"username": "value-2"}
2025-10-08 13:33:02,217 INFO  [io.api.tes.ser.api.KafkaSerdesTester] (ForkJoinPool.commonPool-worker-3) topic-a46a1d9a_fc9e_488b_9658_e4584e27a53c 0 3 {"username": null}
2025-10-08 13:33:02,217 INFO  [io.api.tes.ser.api.KafkaSerdesTester] (ForkJoinPool.commonPool-worker-3) topic-a46a1d9a_fc9e_488b_9658_e4584e27a53c 0 4 {"username": "value-4"}
2025-10-08 13:33:02,217 INFO  [io.api.tes.ser.api.KafkaSerdesTester] (ForkJoinPool.commonPool-worker-3) topic-a46a1d9a_fc9e_488b_9658_e4584e27a53c 0 5 {"username": null}
2025-10-08 13:33:02,217 INFO  [io.api.tes.ser.api.KafkaSerdesTester] (ForkJoinPool.commonPool-worker-3) topic-a46a1d9a_fc9e_488b_9658_e4584e27a53c 0 6 {"username": "value-6"}
2025-10-08 13:33:02,217 INFO  [io.api.tes.ser.api.KafkaSerdesTester] (ForkJoinPool.commonPool-worker-3) topic-a46a1d9a_fc9e_488b_9658_e4584e27a53c 0 7 {"username": null}
2025-10-08 13:33:02,217 INFO  [io.api.tes.ser.api.KafkaSerdesTester] (ForkJoinPool.commonPool-worker-3) topic-a46a1d9a_fc9e_488b_9658_e4584e27a53c 0 8 {"username": "value-8"}
2025-10-08 13:33:02,217 INFO  [io.api.tes.ser.api.KafkaSerdesTester] (ForkJoinPool.commonPool-worker-3) topic-a46a1d9a_fc9e_488b_9658_e4584e27a53c 0 9 {"username": null}
2025-10-08 13:33:02,217 INFO  [io.api.tes.ser.api.KafkaSerdesTester] (ForkJoinPool.commonPool-worker-3) Consumed 10 messages
2025-10-08 13:33:02,224 INFO  [org.apa.kaf.cli.con.int.ConsumerRebalanceListenerInvoker] (ForkJoinPool.commonPool-worker-3) [Consumer clientId=consumer-Consumer-topic-a46a1d9a_fc9e_488b_9658_e4584e27a53c-17, groupId=Consumer-topic-a46a1d9a_fc9e_488b_9658_e4584e27a53c] Revoke previously assigned partitions topic-a46a1d9a_fc9e_488b_9658_e4584e27a53c-0
2025-10-08 13:33:02,224 INFO  [org.apa.kaf.cli.con.int.ConsumerCoordinator] (ForkJoinPool.commonPool-worker-3) [Consumer clientId=consumer-Consumer-topic-a46a1d9a_fc9e_488b_9658_e4584e27a53c-17, groupId=Consumer-topic-a46a1d9a_fc9e_488b_9658_e4584e27a53c] Member consumer-Consumer-topic-a46a1d9a_fc9e_488b_9658_e4584e27a53c-17-90ca0960-45df-437d-83bb-6e87b4b309b3 sending LeaveGroup request to coordinator localhost:32769 (id: 2147483647 rack: null) due to the consumer is being closed
2025-10-08 13:33:02,224 INFO  [org.apa.kaf.cli.con.int.ConsumerCoordinator] (ForkJoinPool.commonPool-worker-3) [Consumer clientId=consumer-Consumer-topic-a46a1d9a_fc9e_488b_9658_e4584e27a53c-17, groupId=Consumer-topic-a46a1d9a_fc9e_488b_9658_e4584e27a53c] Resetting generation and member id due to: consumer pro-actively leaving the group
2025-10-08 13:33:02,224 INFO  [org.apa.kaf.cli.con.int.ConsumerCoordinator] (ForkJoinPool.commonPool-worker-3) [Consumer clientId=consumer-Consumer-topic-a46a1d9a_fc9e_488b_9658_e4584e27a53c-17, groupId=Consumer-topic-a46a1d9a_fc9e_488b_9658_e4584e27a53c] Request joining group due to: consumer pro-actively leaving the group
2025-10-08 13:33:02,718 INFO  [org.apa.kaf.com.met.Metrics] (ForkJoinPool.commonPool-worker-3) Metrics scheduler closed
2025-10-08 13:33:02,718 INFO  [org.apa.kaf.com.met.Metrics] (ForkJoinPool.commonPool-worker-3) Closing reporter org.apache.kafka.common.metrics.JmxReporter
2025-10-08 13:33:02,718 INFO  [org.apa.kaf.com.met.Metrics] (ForkJoinPool.commonPool-worker-3) Closing reporter org.apache.kafka.common.telemetry.internals.ClientTelemetryReporter
2025-10-08 13:33:02,718 INFO  [org.apa.kaf.com.met.Metrics] (ForkJoinPool.commonPool-worker-3) Metrics reporters closed
2025-10-08 13:33:02,720 INFO  [org.apa.kaf.com.uti.AppInfoParser] (ForkJoinPool.commonPool-worker-3) App info kafka.consumer for consumer-Consumer-topic-a46a1d9a_fc9e_488b_9658_e4584e27a53c-17 unregistered
2025-10-08 13:33:02,720 INFO  [io.api.tes.uti.TestSeparator] (main) io.apicurio.tests.serdes.apicurio.AvroSerdeIT.testFirstEmptyFieldConfusedAsMagicByte-FINISHED
2025-10-08 13:33:02,720 INFO  [io.api.tes.uti.TestSeparator] (main) ############################################################################
Test passed: testFirstEmptyFieldConfusedAsMagicByte
]]></system-out>
  </testcase>
  <testcase name="testAvroSerDesFailDifferentSchemaByContent" classname="io.apicurio.tests.serdes.apicurio.AvroSerdeIT" time="1.216">
    <system-out><![CDATA[2025-10-08 13:33:02,721 INFO  [io.api.tes.uti.TestSeparator] (main) ############################################################################
2025-10-08 13:33:02,721 INFO  [io.api.tes.uti.TestSeparator] (main) io.apicurio.tests.serdes.apicurio.AvroSerdeIT.testAvroSerDesFailDifferentSchemaByContent-STARTED
**** Registry Base URL: http://registry-app-ksql047.apps.ci419.apicurio-testing.org:80
2025-10-08 13:33:03,829 INFO  [org.apa.kaf.cli.pro.ProducerConfig] (main) ProducerConfig values: 
	acks = -1
	auto.include.jmx.reporter = true
	batch.size = 16384
	bootstrap.servers = [PLAINTEXT://localhost:32769]
	buffer.memory = 33554432
	client.dns.lookup = use_all_dns_ips
	client.id = Producer-topic-61f9d8da_a211_47ef_9336_3c14e0ac389b
	compression.gzip.level = -1
	compression.lz4.level = 9
	compression.type = none
	compression.zstd.level = 3
	connections.max.idle.ms = 10000
	delivery.timeout.ms = 120000
	enable.idempotence = true
	enable.metrics.push = true
	interceptor.classes = []
	key.serializer = class org.apache.kafka.common.serialization.StringSerializer
	linger.ms = 0
	max.block.ms = 60000
	max.in.flight.requests.per.connection = 5
	max.request.size = 1048576
	metadata.max.age.ms = 300000
	metadata.max.idle.ms = 300000
	metadata.recovery.strategy = none
	metric.reporters = []
	metrics.num.samples = 2
	metrics.recording.level = INFO
	metrics.sample.window.ms = 30000
	partitioner.adaptive.partitioning.enable = true
	partitioner.availability.timeout.ms = 0
	partitioner.class = null
	partitioner.ignore.keys = false
	receive.buffer.bytes = 32768
	reconnect.backoff.max.ms = 1000
	reconnect.backoff.ms = 50
	request.timeout.ms = 5000
	retries = 2147483647
	retry.backoff.max.ms = 1000
	retry.backoff.ms = 100
	sasl.client.callback.handler.class = null
	sasl.jaas.config = null
	sasl.kerberos.kinit.cmd = /usr/bin/kinit
	sasl.kerberos.min.time.before.relogin = 60000
	sasl.kerberos.service.name = null
	sasl.kerberos.ticket.renew.jitter = 0.05
	sasl.kerberos.ticket.renew.window.factor = 0.8
	sasl.login.callback.handler.class = null
	sasl.login.class = null
	sasl.login.connect.timeout.ms = null
	sasl.login.read.timeout.ms = null
	sasl.login.refresh.buffer.seconds = 300
	sasl.login.refresh.min.period.seconds = 60
	sasl.login.refresh.window.factor = 0.8
	sasl.login.refresh.window.jitter = 0.05
	sasl.login.retry.backoff.max.ms = 10000
	sasl.login.retry.backoff.ms = 100
	sasl.mechanism = GSSAPI
	sasl.oauthbearer.clock.skew.seconds = 30
	sasl.oauthbearer.expected.audience = null
	sasl.oauthbearer.expected.issuer = null
	sasl.oauthbearer.header.urlencode = false
	sasl.oauthbearer.jwks.endpoint.refresh.ms = 3600000
	sasl.oauthbearer.jwks.endpoint.retry.backoff.max.ms = 10000
	sasl.oauthbearer.jwks.endpoint.retry.backoff.ms = 100
	sasl.oauthbearer.jwks.endpoint.url = null
	sasl.oauthbearer.scope.claim.name = scope
	sasl.oauthbearer.sub.claim.name = sub
	sasl.oauthbearer.token.endpoint.url = null
	security.protocol = PLAINTEXT
	security.providers = null
	send.buffer.bytes = 131072
	socket.connection.setup.timeout.max.ms = 30000
	socket.connection.setup.timeout.ms = 10000
	ssl.cipher.suites = null
	ssl.enabled.protocols = [TLSv1.2, TLSv1.3]
	ssl.endpoint.identification.algorithm = https
	ssl.engine.factory.class = null
	ssl.key.password = null
	ssl.keymanager.algorithm = SunX509
	ssl.keystore.certificate.chain = null
	ssl.keystore.key = null
	ssl.keystore.location = null
	ssl.keystore.password = null
	ssl.keystore.type = JKS
	ssl.protocol = TLSv1.3
	ssl.provider = null
	ssl.secure.random.implementation = null
	ssl.trustmanager.algorithm = PKIX
	ssl.truststore.certificates = null
	ssl.truststore.location = null
	ssl.truststore.password = null
	ssl.truststore.type = JKS
	transaction.timeout.ms = 60000
	transactional.id = null
	value.serializer = class io.apicurio.registry.serde.avro.AvroKafkaSerializer

2025-10-08 13:33:03,829 INFO  [org.apa.kaf.com.tel.int.KafkaMetricsCollector] (main) initializing Kafka metrics collector
2025-10-08 13:33:03,832 INFO  [org.apa.kaf.cli.pro.KafkaProducer] (main) [Producer clientId=Producer-topic-61f9d8da_a211_47ef_9336_3c14e0ac389b] Instantiated an idempotent producer.
2025-10-08 13:33:03,833 INFO  [org.apa.kaf.cli.pro.ProducerConfig] (main) These configurations '[apicurio.registry.url, apicurio.registry.artifact-resolver-strategy]' were supplied but are not used yet.
2025-10-08 13:33:03,833 INFO  [org.apa.kaf.com.uti.AppInfoParser] (main) Kafka version: 3.9.1
2025-10-08 13:33:03,833 INFO  [org.apa.kaf.com.uti.AppInfoParser] (main) Kafka commitId: f745dfdcee2b9851
2025-10-08 13:33:03,833 INFO  [org.apa.kaf.com.uti.AppInfoParser] (main) Kafka startTimeMs: 1759930383833
2025-10-08 13:33:03,834 INFO  [io.api.tes.ser.api.KafkaSerdesTester] (ForkJoinPool.commonPool-worker-3) Sending message {"keyB": "value-0"} to topic topic-61f9d8da_a211_47ef_9336_3c14e0ac389b
2025-10-08 13:33:03,836 INFO  [org.apa.kaf.cli.Metadata] (kafka-producer-network-thread | Producer-topic-61f9d8da_a211_47ef_9336_3c14e0ac389b) [Producer clientId=Producer-topic-61f9d8da_a211_47ef_9336_3c14e0ac389b] Cluster ID: SVjZkHnAQ8mYJ12eIV0raA
2025-10-08 13:33:03,836 INFO  [org.apa.kaf.cli.pro.int.TransactionManager] (kafka-producer-network-thread | Producer-topic-61f9d8da_a211_47ef_9336_3c14e0ac389b) [Producer clientId=Producer-topic-61f9d8da_a211_47ef_9336_3c14e0ac389b] ProducerId set to 24 with epoch 0
2025-10-08 13:33:03,837 INFO  [DefaultSchemaResolver] (ForkJoinPool.commonPool-worker-3) Retrieving schema content using string: {"type":"record","name":"s219d358bxeca7x4868xa0abx268caf50bd3a","namespace":"sf7a7fa4bx8533x4326x8588x76dfacd40dd9","fields":[{"name":"keyB","type":"string"}]}
2025-10-08 13:33:03,935 INFO  [org.apa.kaf.cli.pro.KafkaProducer] (ForkJoinPool.commonPool-worker-3) [Producer clientId=Producer-topic-61f9d8da_a211_47ef_9336_3c14e0ac389b] Closing the Kafka producer with timeoutMillis = 9223372036854775807 ms.
2025-10-08 13:33:03,936 INFO  [org.apa.kaf.com.met.Metrics] (ForkJoinPool.commonPool-worker-3) Metrics scheduler closed
2025-10-08 13:33:03,936 INFO  [org.apa.kaf.com.met.Metrics] (ForkJoinPool.commonPool-worker-3) Closing reporter org.apache.kafka.common.metrics.JmxReporter
2025-10-08 13:33:03,936 INFO  [org.apa.kaf.com.met.Metrics] (ForkJoinPool.commonPool-worker-3) Closing reporter org.apache.kafka.common.telemetry.internals.ClientTelemetryReporter
2025-10-08 13:33:03,936 INFO  [org.apa.kaf.com.met.Metrics] (ForkJoinPool.commonPool-worker-3) Metrics reporters closed
2025-10-08 13:33:03,936 INFO  [org.apa.kaf.com.uti.AppInfoParser] (ForkJoinPool.commonPool-worker-3) App info kafka.producer for Producer-topic-61f9d8da_a211_47ef_9336_3c14e0ac389b unregistered
2025-10-08 13:33:03,936 INFO  [io.api.tes.uti.TestSeparator] (main) io.apicurio.tests.serdes.apicurio.AvroSerdeIT.testAvroSerDesFailDifferentSchemaByContent-FINISHED
2025-10-08 13:33:03,936 INFO  [io.api.tes.uti.TestSeparator] (main) ############################################################################
Test passed: testAvroSerDesFailDifferentSchemaByContent
]]></system-out>
    <system-err><![CDATA[java.lang.RuntimeException: Could not resolve artifact reference by content: {"type":"record","name":"s219d358bxeca7x4868xa0abx268caf50bd3a","namespace":"sf7a7fa4bx8533x4326x8588x76dfacd40dd9","fields":[{"name":"keyB","type":"string"}]}&ArtifactReference [groupId=sf7a7fa4bx8533x4326x8588x76dfacd40dd9, artifactId=s219d358bxeca7x4868xa0abx268caf50bd3a, version=null, globalId=null, contentId=null, contentHash=null]
	at io.apicurio.registry.resolver.DefaultSchemaResolver.lambda$handleResolveSchemaByContent$3(DefaultSchemaResolver.java:265)
	at io.apicurio.registry.resolver.cache.ERCache.lambda$getValue$0(ERCache.java:174)
	at io.apicurio.registry.resolver.cache.ERCache.retry(ERCache.java:227)
	at io.apicurio.registry.resolver.cache.ERCache.getValue(ERCache.java:173)
	at io.apicurio.registry.resolver.cache.ERCache.getByContent(ERCache.java:147)
	at io.apicurio.registry.resolver.DefaultSchemaResolver.handleResolveSchemaByContent(DefaultSchemaResolver.java:253)
	at io.apicurio.registry.resolver.DefaultSchemaResolver.getSchemaFromRegistry(DefaultSchemaResolver.java:138)
	at io.apicurio.registry.resolver.DefaultSchemaResolver.lambda$resolveSchema$0(DefaultSchemaResolver.java:84)
	at java.base/java.util.Optional.orElseGet(Optional.java:364)
	at io.apicurio.registry.resolver.DefaultSchemaResolver.resolveSchema(DefaultSchemaResolver.java:84)
	at io.apicurio.registry.serde.AbstractSerializer.serializeData(AbstractSerializer.java:62)
	at io.apicurio.registry.serde.KafkaSerializer.serialize(KafkaSerializer.java:77)
	at org.apache.kafka.clients.producer.KafkaProducer.doSend(KafkaProducer.java:1046)
	at org.apache.kafka.clients.producer.KafkaProducer.send(KafkaProducer.java:993)
	at org.apache.kafka.clients.producer.KafkaProducer.send(KafkaProducer.java:875)
	at io.apicurio.tests.serdes.apicurio.KafkaSerdesTester.lambda$produceMessages$3(KafkaSerdesTester.java:138)
	at java.base/java.util.concurrent.CompletableFuture$AsyncSupply.run(CompletableFuture.java:1768)
	at java.base/java.util.concurrent.CompletableFuture$AsyncSupply.exec(CompletableFuture.java:1760)
	at java.base/java.util.concurrent.ForkJoinTask.doExec(ForkJoinTask.java:373)
	at java.base/java.util.concurrent.ForkJoinPool$WorkQueue.topLevelExec(ForkJoinPool.java:1182)
	at java.base/java.util.concurrent.ForkJoinPool.scan(ForkJoinPool.java:1655)
	at java.base/java.util.concurrent.ForkJoinPool.runWorker(ForkJoinPool.java:1622)
	at java.base/java.util.concurrent.ForkJoinWorkerThread.run(ForkJoinWorkerThread.java:165)
]]></system-err>
  </testcase>
  <testcase name="testGlobalIdInBody" classname="io.apicurio.tests.serdes.apicurio.AvroSerdeIT" time="3.929">
    <system-out><![CDATA[2025-10-08 13:33:03,938 INFO  [io.api.tes.uti.TestSeparator] (main) ############################################################################
2025-10-08 13:33:03,938 INFO  [io.api.tes.uti.TestSeparator] (main) io.apicurio.tests.serdes.apicurio.AvroSerdeIT.testGlobalIdInBody-STARTED
**** Registry Base URL: http://registry-app-ksql047.apps.ci419.apicurio-testing.org:80
2025-10-08 13:33:03,940 INFO  [org.apa.kaf.cli.pro.ProducerConfig] (main) ProducerConfig values: 
	acks = -1
	auto.include.jmx.reporter = true
	batch.size = 16384
	bootstrap.servers = [PLAINTEXT://localhost:32769]
	buffer.memory = 33554432
	client.dns.lookup = use_all_dns_ips
	client.id = Producer-topic-2110bfa6_2a36_432b_927f_9c17336e8024
	compression.gzip.level = -1
	compression.lz4.level = 9
	compression.type = none
	compression.zstd.level = 3
	connections.max.idle.ms = 10000
	delivery.timeout.ms = 120000
	enable.idempotence = true
	enable.metrics.push = true
	interceptor.classes = []
	key.serializer = class org.apache.kafka.common.serialization.StringSerializer
	linger.ms = 0
	max.block.ms = 60000
	max.in.flight.requests.per.connection = 5
	max.request.size = 1048576
	metadata.max.age.ms = 300000
	metadata.max.idle.ms = 300000
	metadata.recovery.strategy = none
	metric.reporters = []
	metrics.num.samples = 2
	metrics.recording.level = INFO
	metrics.sample.window.ms = 30000
	partitioner.adaptive.partitioning.enable = true
	partitioner.availability.timeout.ms = 0
	partitioner.class = null
	partitioner.ignore.keys = false
	receive.buffer.bytes = 32768
	reconnect.backoff.max.ms = 1000
	reconnect.backoff.ms = 50
	request.timeout.ms = 5000
	retries = 2147483647
	retry.backoff.max.ms = 1000
	retry.backoff.ms = 100
	sasl.client.callback.handler.class = null
	sasl.jaas.config = null
	sasl.kerberos.kinit.cmd = /usr/bin/kinit
	sasl.kerberos.min.time.before.relogin = 60000
	sasl.kerberos.service.name = null
	sasl.kerberos.ticket.renew.jitter = 0.05
	sasl.kerberos.ticket.renew.window.factor = 0.8
	sasl.login.callback.handler.class = null
	sasl.login.class = null
	sasl.login.connect.timeout.ms = null
	sasl.login.read.timeout.ms = null
	sasl.login.refresh.buffer.seconds = 300
	sasl.login.refresh.min.period.seconds = 60
	sasl.login.refresh.window.factor = 0.8
	sasl.login.refresh.window.jitter = 0.05
	sasl.login.retry.backoff.max.ms = 10000
	sasl.login.retry.backoff.ms = 100
	sasl.mechanism = GSSAPI
	sasl.oauthbearer.clock.skew.seconds = 30
	sasl.oauthbearer.expected.audience = null
	sasl.oauthbearer.expected.issuer = null
	sasl.oauthbearer.header.urlencode = false
	sasl.oauthbearer.jwks.endpoint.refresh.ms = 3600000
	sasl.oauthbearer.jwks.endpoint.retry.backoff.max.ms = 10000
	sasl.oauthbearer.jwks.endpoint.retry.backoff.ms = 100
	sasl.oauthbearer.jwks.endpoint.url = null
	sasl.oauthbearer.scope.claim.name = scope
	sasl.oauthbearer.sub.claim.name = sub
	sasl.oauthbearer.token.endpoint.url = null
	security.protocol = PLAINTEXT
	security.providers = null
	send.buffer.bytes = 131072
	socket.connection.setup.timeout.max.ms = 30000
	socket.connection.setup.timeout.ms = 10000
	ssl.cipher.suites = null
	ssl.enabled.protocols = [TLSv1.2, TLSv1.3]
	ssl.endpoint.identification.algorithm = https
	ssl.engine.factory.class = null
	ssl.key.password = null
	ssl.keymanager.algorithm = SunX509
	ssl.keystore.certificate.chain = null
	ssl.keystore.key = null
	ssl.keystore.location = null
	ssl.keystore.password = null
	ssl.keystore.type = JKS
	ssl.protocol = TLSv1.3
	ssl.provider = null
	ssl.secure.random.implementation = null
	ssl.trustmanager.algorithm = PKIX
	ssl.truststore.certificates = null
	ssl.truststore.location = null
	ssl.truststore.password = null
	ssl.truststore.type = JKS
	transaction.timeout.ms = 60000
	transactional.id = null
	value.serializer = class io.apicurio.registry.serde.avro.AvroKafkaSerializer

2025-10-08 13:33:03,940 INFO  [org.apa.kaf.com.tel.int.KafkaMetricsCollector] (main) initializing Kafka metrics collector
2025-10-08 13:33:03,943 INFO  [org.apa.kaf.cli.pro.KafkaProducer] (main) [Producer clientId=Producer-topic-2110bfa6_2a36_432b_927f_9c17336e8024] Instantiated an idempotent producer.
2025-10-08 13:33:03,944 INFO  [org.apa.kaf.cli.pro.ProducerConfig] (main) These configurations '[apicurio.registry.url, apicurio.registry.auto-register, apicurio.registry.use-id, apicurio.registry.artifact-resolver-strategy]' were supplied but are not used yet.
2025-10-08 13:33:03,944 INFO  [org.apa.kaf.com.uti.AppInfoParser] (main) Kafka version: 3.9.1
2025-10-08 13:33:03,944 INFO  [org.apa.kaf.com.uti.AppInfoParser] (main) Kafka commitId: f745dfdcee2b9851
2025-10-08 13:33:03,944 INFO  [org.apa.kaf.com.uti.AppInfoParser] (main) Kafka startTimeMs: 1759930383944
2025-10-08 13:33:03,944 INFO  [io.api.tes.ser.api.SimpleSerdesTesterBuilder$SimpleSerdesTester] (main) Using producer configuration: {apicurio.registry.url=http://registry-app-ksql047.apps.ci419.apicurio-testing.org:80/apis/registry/v3, apicurio.registry.auto-register=true, apicurio.registry.use-id=globalId, apicurio.registry.artifact-resolver-strategy=io.apicurio.registry.serde.strategy.TopicIdStrategy, value.serializer=io.apicurio.registry.serde.avro.AvroKafkaSerializer, request.timeout.ms=5000, acks=all, bootstrap.servers=PLAINTEXT://localhost:32769, connections.max.idle.ms=10000, key.serializer=org.apache.kafka.common.serialization.StringSerializer, client.id=Producer-topic-2110bfa6_2a36_432b_927f_9c17336e8024}
2025-10-08 13:33:03,944 INFO  [io.api.tes.ser.api.SimpleSerdesTesterBuilder$SimpleSerdesTester] (main) Using consumer configuration: {apicurio.registry.use-id=globalId}
2025-10-08 13:33:03,945 INFO  [io.api.tes.ser.api.KafkaSerdesTester] (ForkJoinPool.commonPool-worker-3) Sending message {"key11759930383938": "value-0"} to topic topic-2110bfa6_2a36_432b_927f_9c17336e8024
2025-10-08 13:33:03,948 WARN  [org.apa.kaf.cli.NetworkClient] (kafka-producer-network-thread | Producer-topic-2110bfa6_2a36_432b_927f_9c17336e8024) [Producer clientId=Producer-topic-2110bfa6_2a36_432b_927f_9c17336e8024] The metadata response from the cluster reported a recoverable issue with correlation id 1 : {topic-2110bfa6_2a36_432b_927f_9c17336e8024=UNKNOWN_TOPIC_OR_PARTITION}
2025-10-08 13:33:03,948 INFO  [org.apa.kaf.cli.Metadata] (kafka-producer-network-thread | Producer-topic-2110bfa6_2a36_432b_927f_9c17336e8024) [Producer clientId=Producer-topic-2110bfa6_2a36_432b_927f_9c17336e8024] Cluster ID: SVjZkHnAQ8mYJ12eIV0raA
2025-10-08 13:33:03,948 INFO  [org.apa.kaf.cli.pro.int.TransactionManager] (kafka-producer-network-thread | Producer-topic-2110bfa6_2a36_432b_927f_9c17336e8024) [Producer clientId=Producer-topic-2110bfa6_2a36_432b_927f_9c17336e8024] ProducerId set to 25 with epoch 0
2025-10-08 13:33:04,166 INFO  [io.api.tes.ser.api.KafkaSerdesTester] (ForkJoinPool.commonPool-worker-3) Sending message {"key11759930383938": "value-1"} to topic topic-2110bfa6_2a36_432b_927f_9c17336e8024
2025-10-08 13:33:04,167 INFO  [io.api.tes.ser.api.KafkaSerdesTester] (ForkJoinPool.commonPool-worker-3) Sending message {"key11759930383938": "value-2"} to topic topic-2110bfa6_2a36_432b_927f_9c17336e8024
2025-10-08 13:33:04,168 INFO  [io.api.tes.ser.api.KafkaSerdesTester] (ForkJoinPool.commonPool-worker-3) Sending message {"key11759930383938": "value-3"} to topic topic-2110bfa6_2a36_432b_927f_9c17336e8024
2025-10-08 13:33:04,169 INFO  [io.api.tes.ser.api.KafkaSerdesTester] (ForkJoinPool.commonPool-worker-3) Sending message {"key11759930383938": "value-4"} to topic topic-2110bfa6_2a36_432b_927f_9c17336e8024
2025-10-08 13:33:04,170 INFO  [io.api.tes.ser.api.KafkaSerdesTester] (ForkJoinPool.commonPool-worker-3) Sending message {"key11759930383938": "value-5"} to topic topic-2110bfa6_2a36_432b_927f_9c17336e8024
2025-10-08 13:33:04,172 INFO  [io.api.tes.ser.api.KafkaSerdesTester] (ForkJoinPool.commonPool-worker-3) Sending message {"key11759930383938": "value-6"} to topic topic-2110bfa6_2a36_432b_927f_9c17336e8024
2025-10-08 13:33:04,173 INFO  [io.api.tes.ser.api.KafkaSerdesTester] (ForkJoinPool.commonPool-worker-3) Sending message {"key11759930383938": "value-7"} to topic topic-2110bfa6_2a36_432b_927f_9c17336e8024
2025-10-08 13:33:04,175 INFO  [io.api.tes.ser.api.KafkaSerdesTester] (ForkJoinPool.commonPool-worker-3) Sending message {"key11759930383938": "value-8"} to topic topic-2110bfa6_2a36_432b_927f_9c17336e8024
2025-10-08 13:33:04,176 INFO  [io.api.tes.ser.api.KafkaSerdesTester] (ForkJoinPool.commonPool-worker-3) Sending message {"key11759930383938": "value-9"} to topic topic-2110bfa6_2a36_432b_927f_9c17336e8024
2025-10-08 13:33:04,177 INFO  [io.api.tes.ser.api.KafkaSerdesTester] (ForkJoinPool.commonPool-worker-3) Produced 10 messages
2025-10-08 13:33:04,177 INFO  [org.apa.kaf.cli.pro.KafkaProducer] (ForkJoinPool.commonPool-worker-3) [Producer clientId=Producer-topic-2110bfa6_2a36_432b_927f_9c17336e8024] Closing the Kafka producer with timeoutMillis = 9223372036854775807 ms.
2025-10-08 13:33:04,179 INFO  [org.apa.kaf.com.met.Metrics] (ForkJoinPool.commonPool-worker-3) Metrics scheduler closed
2025-10-08 13:33:04,179 INFO  [org.apa.kaf.com.met.Metrics] (ForkJoinPool.commonPool-worker-3) Closing reporter org.apache.kafka.common.metrics.JmxReporter
2025-10-08 13:33:04,179 INFO  [org.apa.kaf.com.met.Metrics] (ForkJoinPool.commonPool-worker-3) Closing reporter org.apache.kafka.common.telemetry.internals.ClientTelemetryReporter
2025-10-08 13:33:04,179 INFO  [org.apa.kaf.com.met.Metrics] (ForkJoinPool.commonPool-worker-3) Metrics reporters closed
2025-10-08 13:33:04,179 INFO  [org.apa.kaf.com.uti.AppInfoParser] (ForkJoinPool.commonPool-worker-3) App info kafka.producer for Producer-topic-2110bfa6_2a36_432b_927f_9c17336e8024 unregistered
**** Registry Base URL: http://registry-app-ksql047.apps.ci419.apicurio-testing.org:80
2025-10-08 13:33:04,244 INFO  [org.apa.kaf.cli.con.ConsumerConfig] (main) ConsumerConfig values: 
	allow.auto.create.topics = true
	auto.commit.interval.ms = 500
	auto.include.jmx.reporter = true
	auto.offset.reset = earliest
	bootstrap.servers = [PLAINTEXT://localhost:32769]
	check.crcs = true
	client.dns.lookup = use_all_dns_ips
	client.id = consumer-Consumer-topic-2110bfa6_2a36_432b_927f_9c17336e8024-18
	client.rack = 
	connections.max.idle.ms = 10000
	default.api.timeout.ms = 60000
	enable.auto.commit = true
	enable.metrics.push = true
	exclude.internal.topics = true
	fetch.max.bytes = 52428800
	fetch.max.wait.ms = 500
	fetch.min.bytes = 1
	group.id = Consumer-topic-2110bfa6_2a36_432b_927f_9c17336e8024
	group.instance.id = null
	group.protocol = classic
	group.remote.assignor = null
	heartbeat.interval.ms = 3000
	interceptor.classes = []
	internal.leave.group.on.close = true
	internal.throw.on.fetch.stable.offset.unsupported = false
	isolation.level = read_uncommitted
	key.deserializer = class org.apache.kafka.common.serialization.StringDeserializer
	max.partition.fetch.bytes = 1048576
	max.poll.interval.ms = 300000
	max.poll.records = 500
	metadata.max.age.ms = 300000
	metadata.recovery.strategy = none
	metric.reporters = []
	metrics.num.samples = 2
	metrics.recording.level = INFO
	metrics.sample.window.ms = 30000
	partition.assignment.strategy = [class org.apache.kafka.clients.consumer.RangeAssignor, class org.apache.kafka.clients.consumer.CooperativeStickyAssignor]
	receive.buffer.bytes = 65536
	reconnect.backoff.max.ms = 1000
	reconnect.backoff.ms = 50
	request.timeout.ms = 5000
	retry.backoff.max.ms = 1000
	retry.backoff.ms = 100
	sasl.client.callback.handler.class = null
	sasl.jaas.config = null
	sasl.kerberos.kinit.cmd = /usr/bin/kinit
	sasl.kerberos.min.time.before.relogin = 60000
	sasl.kerberos.service.name = null
	sasl.kerberos.ticket.renew.jitter = 0.05
	sasl.kerberos.ticket.renew.window.factor = 0.8
	sasl.login.callback.handler.class = null
	sasl.login.class = null
	sasl.login.connect.timeout.ms = null
	sasl.login.read.timeout.ms = null
	sasl.login.refresh.buffer.seconds = 300
	sasl.login.refresh.min.period.seconds = 60
	sasl.login.refresh.window.factor = 0.8
	sasl.login.refresh.window.jitter = 0.05
	sasl.login.retry.backoff.max.ms = 10000
	sasl.login.retry.backoff.ms = 100
	sasl.mechanism = GSSAPI
	sasl.oauthbearer.clock.skew.seconds = 30
	sasl.oauthbearer.expected.audience = null
	sasl.oauthbearer.expected.issuer = null
	sasl.oauthbearer.header.urlencode = false
	sasl.oauthbearer.jwks.endpoint.refresh.ms = 3600000
	sasl.oauthbearer.jwks.endpoint.retry.backoff.max.ms = 10000
	sasl.oauthbearer.jwks.endpoint.retry.backoff.ms = 100
	sasl.oauthbearer.jwks.endpoint.url = null
	sasl.oauthbearer.scope.claim.name = scope
	sasl.oauthbearer.sub.claim.name = sub
	sasl.oauthbearer.token.endpoint.url = null
	security.protocol = PLAINTEXT
	security.providers = null
	send.buffer.bytes = 131072
	session.timeout.ms = 45000
	socket.connection.setup.timeout.max.ms = 30000
	socket.connection.setup.timeout.ms = 10000
	ssl.cipher.suites = null
	ssl.enabled.protocols = [TLSv1.2, TLSv1.3]
	ssl.endpoint.identification.algorithm = https
	ssl.engine.factory.class = null
	ssl.key.password = null
	ssl.keymanager.algorithm = SunX509
	ssl.keystore.certificate.chain = null
	ssl.keystore.key = null
	ssl.keystore.location = null
	ssl.keystore.password = null
	ssl.keystore.type = JKS
	ssl.protocol = TLSv1.3
	ssl.provider = null
	ssl.secure.random.implementation = null
	ssl.trustmanager.algorithm = PKIX
	ssl.truststore.certificates = null
	ssl.truststore.location = null
	ssl.truststore.password = null
	ssl.truststore.type = JKS
	value.deserializer = class io.apicurio.registry.serde.avro.AvroKafkaDeserializer

2025-10-08 13:33:04,244 INFO  [org.apa.kaf.com.tel.int.KafkaMetricsCollector] (main) initializing Kafka metrics collector
2025-10-08 13:33:04,248 INFO  [org.apa.kaf.cli.con.ConsumerConfig] (main) These configurations '[apicurio.registry.url, apicurio.registry.use-id]' were supplied but are not used yet.
2025-10-08 13:33:04,248 INFO  [org.apa.kaf.com.uti.AppInfoParser] (main) Kafka version: 3.9.1
2025-10-08 13:33:04,249 INFO  [org.apa.kaf.com.uti.AppInfoParser] (main) Kafka commitId: f745dfdcee2b9851
2025-10-08 13:33:04,249 INFO  [org.apa.kaf.com.uti.AppInfoParser] (main) Kafka startTimeMs: 1759930384248
2025-10-08 13:33:04,249 INFO  [org.apa.kaf.cli.con.int.ClassicKafkaConsumer] (ForkJoinPool.commonPool-worker-3) [Consumer clientId=consumer-Consumer-topic-2110bfa6_2a36_432b_927f_9c17336e8024-18, groupId=Consumer-topic-2110bfa6_2a36_432b_927f_9c17336e8024] Subscribed to topic(s): topic-2110bfa6_2a36_432b_927f_9c17336e8024
2025-10-08 13:33:04,252 INFO  [org.apa.kaf.cli.Metadata] (ForkJoinPool.commonPool-worker-3) [Consumer clientId=consumer-Consumer-topic-2110bfa6_2a36_432b_927f_9c17336e8024-18, groupId=Consumer-topic-2110bfa6_2a36_432b_927f_9c17336e8024] Cluster ID: SVjZkHnAQ8mYJ12eIV0raA
2025-10-08 13:33:04,252 INFO  [org.apa.kaf.cli.con.int.ConsumerCoordinator] (ForkJoinPool.commonPool-worker-3) [Consumer clientId=consumer-Consumer-topic-2110bfa6_2a36_432b_927f_9c17336e8024-18, groupId=Consumer-topic-2110bfa6_2a36_432b_927f_9c17336e8024] Discovered group coordinator localhost:32769 (id: 2147483647 rack: null)
2025-10-08 13:33:04,253 INFO  [org.apa.kaf.cli.con.int.ConsumerCoordinator] (ForkJoinPool.commonPool-worker-3) [Consumer clientId=consumer-Consumer-topic-2110bfa6_2a36_432b_927f_9c17336e8024-18, groupId=Consumer-topic-2110bfa6_2a36_432b_927f_9c17336e8024] (Re-)joining group
2025-10-08 13:33:04,255 INFO  [org.apa.kaf.cli.con.int.ConsumerCoordinator] (ForkJoinPool.commonPool-worker-3) [Consumer clientId=consumer-Consumer-topic-2110bfa6_2a36_432b_927f_9c17336e8024-18, groupId=Consumer-topic-2110bfa6_2a36_432b_927f_9c17336e8024] Request joining group due to: need to re-join with the given member-id: consumer-Consumer-topic-2110bfa6_2a36_432b_927f_9c17336e8024-18-9418c028-65c4-4990-9e9c-1851da647453
2025-10-08 13:33:04,255 INFO  [org.apa.kaf.cli.con.int.ConsumerCoordinator] (ForkJoinPool.commonPool-worker-3) [Consumer clientId=consumer-Consumer-topic-2110bfa6_2a36_432b_927f_9c17336e8024-18, groupId=Consumer-topic-2110bfa6_2a36_432b_927f_9c17336e8024] (Re-)joining group
2025-10-08 13:33:05,250 INFO  [io.api.tes.ser.api.KafkaSerdesTester] (ForkJoinPool.commonPool-worker-3) None found
2025-10-08 13:33:06,250 INFO  [io.api.tes.ser.api.KafkaSerdesTester] (ForkJoinPool.commonPool-worker-3) None found
2025-10-08 13:33:07,250 INFO  [io.api.tes.ser.api.KafkaSerdesTester] (ForkJoinPool.commonPool-worker-3) None found
2025-10-08 13:33:07,256 INFO  [org.apa.kaf.cli.con.int.ConsumerCoordinator] (ForkJoinPool.commonPool-worker-3) [Consumer clientId=consumer-Consumer-topic-2110bfa6_2a36_432b_927f_9c17336e8024-18, groupId=Consumer-topic-2110bfa6_2a36_432b_927f_9c17336e8024] Successfully joined group with generation Generation{generationId=1, memberId='consumer-Consumer-topic-2110bfa6_2a36_432b_927f_9c17336e8024-18-9418c028-65c4-4990-9e9c-1851da647453', protocol='range'}
2025-10-08 13:33:07,256 INFO  [org.apa.kaf.cli.con.int.ConsumerCoordinator] (ForkJoinPool.commonPool-worker-3) [Consumer clientId=consumer-Consumer-topic-2110bfa6_2a36_432b_927f_9c17336e8024-18, groupId=Consumer-topic-2110bfa6_2a36_432b_927f_9c17336e8024] Finished assignment for group at generation 1: {consumer-Consumer-topic-2110bfa6_2a36_432b_927f_9c17336e8024-18-9418c028-65c4-4990-9e9c-1851da647453=Assignment(partitions=[topic-2110bfa6_2a36_432b_927f_9c17336e8024-0])}
2025-10-08 13:33:07,263 INFO  [org.apa.kaf.cli.con.int.ConsumerCoordinator] (ForkJoinPool.commonPool-worker-3) [Consumer clientId=consumer-Consumer-topic-2110bfa6_2a36_432b_927f_9c17336e8024-18, groupId=Consumer-topic-2110bfa6_2a36_432b_927f_9c17336e8024] Successfully synced group in generation Generation{generationId=1, memberId='consumer-Consumer-topic-2110bfa6_2a36_432b_927f_9c17336e8024-18-9418c028-65c4-4990-9e9c-1851da647453', protocol='range'}
2025-10-08 13:33:07,263 INFO  [org.apa.kaf.cli.con.int.ConsumerCoordinator] (ForkJoinPool.commonPool-worker-3) [Consumer clientId=consumer-Consumer-topic-2110bfa6_2a36_432b_927f_9c17336e8024-18, groupId=Consumer-topic-2110bfa6_2a36_432b_927f_9c17336e8024] Notifying assignor about the new Assignment(partitions=[topic-2110bfa6_2a36_432b_927f_9c17336e8024-0])
2025-10-08 13:33:07,263 INFO  [org.apa.kaf.cli.con.int.ConsumerRebalanceListenerInvoker] (ForkJoinPool.commonPool-worker-3) [Consumer clientId=consumer-Consumer-topic-2110bfa6_2a36_432b_927f_9c17336e8024-18, groupId=Consumer-topic-2110bfa6_2a36_432b_927f_9c17336e8024] Adding newly assigned partitions: topic-2110bfa6_2a36_432b_927f_9c17336e8024-0
2025-10-08 13:33:07,264 INFO  [org.apa.kaf.cli.con.int.ConsumerCoordinator] (ForkJoinPool.commonPool-worker-3) [Consumer clientId=consumer-Consumer-topic-2110bfa6_2a36_432b_927f_9c17336e8024-18, groupId=Consumer-topic-2110bfa6_2a36_432b_927f_9c17336e8024] Found no committed offset for partition topic-2110bfa6_2a36_432b_927f_9c17336e8024-0
2025-10-08 13:33:07,266 INFO  [org.apa.kaf.cli.con.int.SubscriptionState] (ForkJoinPool.commonPool-worker-3) [Consumer clientId=consumer-Consumer-topic-2110bfa6_2a36_432b_927f_9c17336e8024-18, groupId=Consumer-topic-2110bfa6_2a36_432b_927f_9c17336e8024] Resetting offset for partition topic-2110bfa6_2a36_432b_927f_9c17336e8024-0 to position FetchPosition{offset=0, offsetEpoch=Optional.empty, currentLeader=LeaderAndEpoch{leader=Optional[localhost:32769 (id: 0 rack: null)], epoch=0}}.
2025-10-08 13:33:07,361 INFO  [io.api.tes.ser.api.KafkaSerdesTester] (ForkJoinPool.commonPool-worker-3) topic-2110bfa6_2a36_432b_927f_9c17336e8024 0 0 {"key11759930383938": "value-0"}
2025-10-08 13:33:07,361 INFO  [io.api.tes.ser.api.KafkaSerdesTester] (ForkJoinPool.commonPool-worker-3) topic-2110bfa6_2a36_432b_927f_9c17336e8024 0 1 {"key11759930383938": "value-1"}
2025-10-08 13:33:07,361 INFO  [io.api.tes.ser.api.KafkaSerdesTester] (ForkJoinPool.commonPool-worker-3) topic-2110bfa6_2a36_432b_927f_9c17336e8024 0 2 {"key11759930383938": "value-2"}
2025-10-08 13:33:07,361 INFO  [io.api.tes.ser.api.KafkaSerdesTester] (ForkJoinPool.commonPool-worker-3) topic-2110bfa6_2a36_432b_927f_9c17336e8024 0 3 {"key11759930383938": "value-3"}
2025-10-08 13:33:07,361 INFO  [io.api.tes.ser.api.KafkaSerdesTester] (ForkJoinPool.commonPool-worker-3) topic-2110bfa6_2a36_432b_927f_9c17336e8024 0 4 {"key11759930383938": "value-4"}
2025-10-08 13:33:07,361 INFO  [io.api.tes.ser.api.KafkaSerdesTester] (ForkJoinPool.commonPool-worker-3) topic-2110bfa6_2a36_432b_927f_9c17336e8024 0 5 {"key11759930383938": "value-5"}
2025-10-08 13:33:07,361 INFO  [io.api.tes.ser.api.KafkaSerdesTester] (ForkJoinPool.commonPool-worker-3) topic-2110bfa6_2a36_432b_927f_9c17336e8024 0 6 {"key11759930383938": "value-6"}
2025-10-08 13:33:07,361 INFO  [io.api.tes.ser.api.KafkaSerdesTester] (ForkJoinPool.commonPool-worker-3) topic-2110bfa6_2a36_432b_927f_9c17336e8024 0 7 {"key11759930383938": "value-7"}
2025-10-08 13:33:07,361 INFO  [io.api.tes.ser.api.KafkaSerdesTester] (ForkJoinPool.commonPool-worker-3) topic-2110bfa6_2a36_432b_927f_9c17336e8024 0 8 {"key11759930383938": "value-8"}
2025-10-08 13:33:07,361 INFO  [io.api.tes.ser.api.KafkaSerdesTester] (ForkJoinPool.commonPool-worker-3) topic-2110bfa6_2a36_432b_927f_9c17336e8024 0 9 {"key11759930383938": "value-9"}
2025-10-08 13:33:07,361 INFO  [io.api.tes.ser.api.KafkaSerdesTester] (ForkJoinPool.commonPool-worker-3) Consumed 10 messages
2025-10-08 13:33:07,368 INFO  [org.apa.kaf.cli.con.int.ConsumerRebalanceListenerInvoker] (ForkJoinPool.commonPool-worker-3) [Consumer clientId=consumer-Consumer-topic-2110bfa6_2a36_432b_927f_9c17336e8024-18, groupId=Consumer-topic-2110bfa6_2a36_432b_927f_9c17336e8024] Revoke previously assigned partitions topic-2110bfa6_2a36_432b_927f_9c17336e8024-0
2025-10-08 13:33:07,368 INFO  [org.apa.kaf.cli.con.int.ConsumerCoordinator] (ForkJoinPool.commonPool-worker-3) [Consumer clientId=consumer-Consumer-topic-2110bfa6_2a36_432b_927f_9c17336e8024-18, groupId=Consumer-topic-2110bfa6_2a36_432b_927f_9c17336e8024] Member consumer-Consumer-topic-2110bfa6_2a36_432b_927f_9c17336e8024-18-9418c028-65c4-4990-9e9c-1851da647453 sending LeaveGroup request to coordinator localhost:32769 (id: 2147483647 rack: null) due to the consumer is being closed
2025-10-08 13:33:07,368 INFO  [org.apa.kaf.cli.con.int.ConsumerCoordinator] (ForkJoinPool.commonPool-worker-3) [Consumer clientId=consumer-Consumer-topic-2110bfa6_2a36_432b_927f_9c17336e8024-18, groupId=Consumer-topic-2110bfa6_2a36_432b_927f_9c17336e8024] Resetting generation and member id due to: consumer pro-actively leaving the group
2025-10-08 13:33:07,368 INFO  [org.apa.kaf.cli.con.int.ConsumerCoordinator] (ForkJoinPool.commonPool-worker-3) [Consumer clientId=consumer-Consumer-topic-2110bfa6_2a36_432b_927f_9c17336e8024-18, groupId=Consumer-topic-2110bfa6_2a36_432b_927f_9c17336e8024] Request joining group due to: consumer pro-actively leaving the group
2025-10-08 13:33:07,862 INFO  [org.apa.kaf.com.met.Metrics] (ForkJoinPool.commonPool-worker-3) Metrics scheduler closed
2025-10-08 13:33:07,863 INFO  [org.apa.kaf.com.met.Metrics] (ForkJoinPool.commonPool-worker-3) Closing reporter org.apache.kafka.common.metrics.JmxReporter
2025-10-08 13:33:07,863 INFO  [org.apa.kaf.com.met.Metrics] (ForkJoinPool.commonPool-worker-3) Closing reporter org.apache.kafka.common.telemetry.internals.ClientTelemetryReporter
2025-10-08 13:33:07,863 INFO  [org.apa.kaf.com.met.Metrics] (ForkJoinPool.commonPool-worker-3) Metrics reporters closed
2025-10-08 13:33:07,864 INFO  [org.apa.kaf.com.uti.AppInfoParser] (ForkJoinPool.commonPool-worker-3) App info kafka.consumer for consumer-Consumer-topic-2110bfa6_2a36_432b_927f_9c17336e8024-18 unregistered
2025-10-08 13:33:07,865 INFO  [io.api.tes.uti.TestSeparator] (main) io.apicurio.tests.serdes.apicurio.AvroSerdeIT.testGlobalIdInBody-FINISHED
2025-10-08 13:33:07,866 INFO  [io.api.tes.uti.TestSeparator] (main) ############################################################################
Test passed: testGlobalIdInBody
]]></system-out>
  </testcase>
  <testcase name="testProducerUsesGlobalIdConsumerUsesDefault" classname="io.apicurio.tests.serdes.apicurio.AvroSerdeIT" time="0.0">
    <skipped message="void io.apicurio.tests.serdes.apicurio.AvroSerdeIT.testProducerUsesGlobalIdConsumerUsesDefault() throws java.lang.Exception is @Disabled"/>
  </testcase>
</testsuite>