<?xml version="1.0" encoding="UTF-8"?>
<testsuite xmlns:xsi="http://www.w3.org/2001/XMLSchema-instance" xsi:noNamespaceSchemaLocation="https://maven.apache.org/surefire/maven-failsafe-plugin/xsd/failsafe-test-report.xsd" version="3.0.2" name="io.apicurio.tests.serdes.apicurio.AvroSerdeIT" time="117.686" tests="21" errors="0" skipped="2" failures="0">
  <properties>
    <property name="java.specification.version" value="17"/>
    <property name="sun.jnu.encoding" value="UTF-8"/>
    <property name="java.class.path" value="/home/runner/work/apicurio-testing/apicurio-testing/clusters/ci419/namespaces/ksql047/tests/integration/apicurio-registry/integration-tests/target/test-classes:/home/runner/work/apicurio-testing/apicurio-testing/clusters/ci419/namespaces/ksql047/tests/integration/apicurio-registry/integration-tests/target/apicurio-registry-integration-tests-3.0.12-SNAPSHOT.jar:/home/runner/.m2/repository/io/quarkus/quarkus-junit5/3.20.2/quarkus-junit5-3.20.2.jar:/home/runner/.m2/repository/io/quarkus/quarkus-bootstrap-core/3.20.2/quarkus-bootstrap-core-3.20.2.jar:/home/runner/.m2/repository/io/quarkus/quarkus-classloader-commons/3.20.2/quarkus-classloader-commons-3.20.2.jar:/home/runner/.m2/repository/io/quarkus/quarkus-bootstrap-app-model/3.20.2/quarkus-bootstrap-app-model-3.20.2.jar:/home/runner/.m2/repository/io/smallrye/common/smallrye-common-io/2.12.0/smallrye-common-io-2.12.0.jar:/home/runner/.m2/repository/org/eclipse/sisu/org.eclipse.sisu.inject/0.9.0.M3/org.eclipse.sisu.inject-0.9.0.M3.jar:/home/runner/.m2/repository/io/quarkus/quarkus-test-common/3.20.2/quarkus-test-common-3.20.2.jar:/home/runner/.m2/repository/io/quarkus/quarkus-core-deployment/3.20.2/quarkus-core-deployment-3.20.2.jar:/home/runner/.m2/repository/org/aesh/readline/2.6/readline-2.6.jar:/home/runner/.m2/repository/org/fusesource/jansi/jansi/2.4.0/jansi-2.4.0.jar:/home/runner/.m2/repository/org/aesh/aesh/2.8.2/aesh-2.8.2.jar:/home/runner/.m2/repository/io/quarkus/gizmo/gizmo/1.8.0/gizmo-1.8.0.jar:/home/runner/.m2/repository/org/ow2/asm/asm-util/9.7.1/asm-util-9.7.1.jar:/home/runner/.m2/repository/org/ow2/asm/asm-analysis/9.7.1/asm-analysis-9.7.1.jar:/home/runner/.m2/repository/org/ow2/asm/asm-commons/9.7.1/asm-commons-9.7.1.jar:/home/runner/.m2/repository/org/ow2/asm/asm-tree/9.7.1/asm-tree-9.7.1.jar:/home/runner/.m2/repository/io/quarkus/quarkus-hibernate-validator-spi/3.20.2/quarkus-hibernate-validator-spi-3.20.2.jar:/home/runner/.m2/repository/io/quarkus/quarkus-class-change-agent/3.20.2/quarkus-class-change-agent-3.20.2.jar:/home/runner/.m2/repository/io/quarkus/quarkus-devtools-utilities/3.20.2/quarkus-devtools-utilities-3.20.2.jar:/home/runner/.m2/repository/io/quarkus/quarkus-builder/3.20.2/quarkus-builder-3.20.2.jar:/home/runner/.m2/repository/org/graalvm/sdk/nativeimage/23.1.2/nativeimage-23.1.2.jar:/home/runner/.m2/repository/org/graalvm/sdk/word/23.1.2/word-23.1.2.jar:/home/runner/.m2/repository/io/quarkus/quarkus-bootstrap-maven-resolver/3.20.2/quarkus-bootstrap-maven-resolver-3.20.2.jar:/home/runner/.m2/repository/io/smallrye/beanbag/smallrye-beanbag-maven/1.5.2/smallrye-beanbag-maven-1.5.2.jar:/home/runner/.m2/repository/io/smallrye/beanbag/smallrye-beanbag-sisu/1.5.2/smallrye-beanbag-sisu-1.5.2.jar:/home/runner/.m2/repository/io/smallrye/beanbag/smallrye-beanbag/1.5.2/smallrye-beanbag-1.5.2.jar:/home/runner/.m2/repository/javax/inject/javax.inject/1/javax.inject-1.jar:/home/runner/.m2/repository/org/apache/maven/maven-artifact/3.9.9/maven-artifact-3.9.9.jar:/home/runner/.m2/repository/org/apache/maven/maven-builder-support/3.9.9/maven-builder-support-3.9.9.jar:/home/runner/.m2/repository/org/apache/maven/maven-model/3.9.9/maven-model-3.9.9.jar:/home/runner/.m2/repository/org/apache/maven/maven-model-builder/3.9.9/maven-model-builder-3.9.9.jar:/home/runner/.m2/repository/org/apache/maven/maven-repository-metadata/3.9.9/maven-repository-metadata-3.9.9.jar:/home/runner/.m2/repository/org/apache/maven/maven-settings/3.9.9/maven-settings-3.9.9.jar:/home/runner/.m2/repository/org/apache/maven/resolver/maven-resolver-api/1.9.22/maven-resolver-api-1.9.22.jar:/home/runner/.m2/repository/org/apache/maven/resolver/maven-resolver-impl/1.9.22/maven-resolver-impl-1.9.22.jar:/home/runner/.m2/repository/org/apache/maven/resolver/maven-resolver-named-locks/1.9.22/maven-resolver-named-locks-1.9.22.jar:/home/runner/.m2/repository/org/apache/maven/resolver/maven-resolver-spi/1.9.22/maven-resolver-spi-1.9.22.jar:/home/runner/.m2/repository/org/apache/maven/resolver/maven-resolver-util/1.9.22/maven-resolver-util-1.9.22.jar:/home/runner/.m2/repository/org/apache/maven/resolver/maven-resolver-transport-http/1.9.20/maven-resolver-transport-http-1.9.20.jar:/home/runner/.m2/repository/org/apache/maven/wagon/wagon-provider-api/3.5.3/wagon-provider-api-3.5.3.jar:/home/runner/.m2/repository/org/apache/maven/wagon/wagon-http-shared/3.5.3/wagon-http-shared-3.5.3.jar:/home/runner/.m2/repository/org/codehaus/plexus/plexus-interpolation/1.26/plexus-interpolation-1.26.jar:/home/runner/.m2/repository/org/codehaus/plexus/plexus-utils/3.5.1/plexus-utils-3.5.1.jar:/home/runner/.m2/repository/org/codehaus/plexus/plexus-xml/4.0.1/plexus-xml-4.0.1.jar:/home/runner/.m2/repository/org/apache/maven/maven-xml-impl/4.0.0-alpha-5/maven-xml-impl-4.0.0-alpha-5.jar:/home/runner/.m2/repository/org/apache/maven/maven-api-xml/4.0.0-alpha-5/maven-api-xml-4.0.0-alpha-5.jar:/home/runner/.m2/repository/org/apache/maven/maven-api-meta/4.0.0-alpha-5/maven-api-meta-4.0.0-alpha-5.jar:/home/runner/.m2/repository/org/codehaus/plexus/plexus-cipher/2.0/plexus-cipher-2.0.jar:/home/runner/.m2/repository/org/codehaus/plexus/plexus-sec-dispatcher/2.0/plexus-sec-dispatcher-2.0.jar:/home/runner/.m2/repository/org/apache/maven/maven-embedder/3.9.9/maven-embedder-3.9.9.jar:/home/runner/.m2/repository/org/apache/maven/maven-core/3.9.9/maven-core-3.9.9.jar:/home/runner/.m2/repository/org/codehaus/plexus/plexus-component-annotations/2.1.0/plexus-component-annotations-2.1.0.jar:/home/runner/.m2/repository/org/apache/maven/maven-plugin-api/3.9.9/maven-plugin-api-3.9.9.jar:/home/runner/.m2/repository/org/apache/maven/shared/maven-shared-utils/3.4.2/maven-shared-utils-3.4.2.jar:/home/runner/.m2/repository/com/google/inject/guice/5.1.0/guice-5.1.0.jar:/home/runner/.m2/repository/aopalliance/aopalliance/1.0/aopalliance-1.0.jar:/home/runner/.m2/repository/org/codehaus/plexus/plexus-classworlds/2.6.0/plexus-classworlds-2.6.0.jar:/home/runner/.m2/repository/commons-cli/commons-cli/1.8.0/commons-cli-1.8.0.jar:/home/runner/.m2/repository/org/eclipse/sisu/org.eclipse.sisu.plexus/0.9.0.M3/org.eclipse.sisu.plexus-0.9.0.M3.jar:/home/runner/.m2/repository/org/apache/maven/maven-settings-builder/3.9.9/maven-settings-builder-3.9.9.jar:/home/runner/.m2/repository/org/apache/maven/maven-resolver-provider/3.9.9/maven-resolver-provider-3.9.9.jar:/home/runner/.m2/repository/org/apache/maven/resolver/maven-resolver-connector-basic/1.9.22/maven-resolver-connector-basic-1.9.22.jar:/home/runner/.m2/repository/org/apache/maven/resolver/maven-resolver-transport-wagon/1.9.22/maven-resolver-transport-wagon-1.9.22.jar:/home/runner/.m2/repository/org/apache/maven/wagon/wagon-http/3.5.3/wagon-http-3.5.3.jar:/home/runner/.m2/repository/org/apache/maven/wagon/wagon-file/3.5.3/wagon-file-3.5.3.jar:/home/runner/.m2/repository/io/quarkus/quarkus-bootstrap-gradle-resolver/3.20.2/quarkus-bootstrap-gradle-resolver-3.20.2.jar:/home/runner/.m2/repository/io/smallrye/jandex/3.3.0/jandex-3.3.0.jar:/home/runner/.m2/repository/org/jboss/logging/commons-logging-jboss-logging/1.0.0.Final/commons-logging-jboss-logging-1.0.0.Final.jar:/home/runner/.m2/repository/io/quarkus/quarkus-junit5-config/3.20.2/quarkus-junit5-config-3.20.2.jar:/home/runner/.m2/repository/org/junit/jupiter/junit-jupiter-api/5.12.1/junit-jupiter-api-5.12.1.jar:/home/runner/.m2/repository/io/smallrye/config/smallrye-config/3.11.4/smallrye-config-3.11.4.jar:/home/runner/.m2/repository/io/smallrye/config/smallrye-config-core/3.11.4/smallrye-config-core-3.11.4.jar:/home/runner/.m2/repository/io/smallrye/common/smallrye-common-classloader/2.12.0/smallrye-common-classloader-2.12.0.jar:/home/runner/.m2/repository/io/smallrye/config/smallrye-config-common/3.11.4/smallrye-config-common-3.11.4.jar:/home/runner/.m2/repository/org/junit/jupiter/junit-jupiter/5.12.1/junit-jupiter-5.12.1.jar:/home/runner/.m2/repository/org/junit/jupiter/junit-jupiter-params/5.12.1/junit-jupiter-params-5.12.1.jar:/home/runner/.m2/repository/org/junit/jupiter/junit-jupiter-engine/5.12.1/junit-jupiter-engine-5.12.1.jar:/home/runner/.m2/repository/io/quarkus/quarkus-core/3.20.2/quarkus-core-3.20.2.jar:/home/runner/.m2/repository/jakarta/enterprise/jakarta.enterprise.cdi-api/4.1.0/jakarta.enterprise.cdi-api-4.1.0.jar:/home/runner/.m2/repository/jakarta/enterprise/jakarta.enterprise.lang-model/4.1.0/jakarta.enterprise.lang-model-4.1.0.jar:/home/runner/.m2/repository/jakarta/el/jakarta.el-api/5.0.1/jakarta.el-api-5.0.1.jar:/home/runner/.m2/repository/jakarta/interceptor/jakarta.interceptor-api/2.2.0/jakarta.interceptor-api-2.2.0.jar:/home/runner/.m2/repository/jakarta/inject/jakarta.inject-api/2.0.1/jakarta.inject-api-2.0.1.jar:/home/runner/.m2/repository/io/smallrye/common/smallrye-common-os/2.12.0/smallrye-common-os-2.12.0.jar:/home/runner/.m2/repository/io/quarkus/quarkus-ide-launcher/3.20.2/quarkus-ide-launcher-3.20.2.jar:/home/runner/.m2/repository/io/quarkus/quarkus-development-mode-spi/3.20.2/quarkus-development-mode-spi-3.20.2.jar:/home/runner/.m2/repository/org/jboss/logging/jboss-logging/3.6.1.Final/jboss-logging-3.6.1.Final.jar:/home/runner/.m2/repository/org/jboss/logmanager/jboss-logmanager/3.1.2.Final/jboss-logmanager-3.1.2.Final.jar:/home/runner/.m2/repository/io/smallrye/common/smallrye-common-constraint/2.12.0/smallrye-common-constraint-2.12.0.jar:/home/runner/.m2/repository/io/smallrye/common/smallrye-common-cpu/2.12.0/smallrye-common-cpu-2.12.0.jar:/home/runner/.m2/repository/io/smallrye/common/smallrye-common-expression/2.12.0/smallrye-common-expression-2.12.0.jar:/home/runner/.m2/repository/io/smallrye/common/smallrye-common-net/2.12.0/smallrye-common-net-2.12.0.jar:/home/runner/.m2/repository/io/smallrye/common/smallrye-common-ref/2.12.0/smallrye-common-ref-2.12.0.jar:/home/runner/.m2/repository/jakarta/json/jakarta.json-api/2.1.3/jakarta.json-api-2.1.3.jar:/home/runner/.m2/repository/org/eclipse/parsson/parsson/1.1.7/parsson-1.1.7.jar:/home/runner/.m2/repository/org/jboss/logging/jboss-logging-annotations/3.0.4.Final/jboss-logging-annotations-3.0.4.Final.jar:/home/runner/.m2/repository/org/jboss/threads/jboss-threads/3.8.0.Final/jboss-threads-3.8.0.Final.jar:/home/runner/.m2/repository/io/smallrye/common/smallrye-common-annotation/2.12.0/smallrye-common-annotation-2.12.0.jar:/home/runner/.m2/repository/io/smallrye/common/smallrye-common-function/2.12.0/smallrye-common-function-2.12.0.jar:/home/runner/.m2/repository/org/jboss/slf4j/slf4j-jboss-logmanager/2.0.0.Final/slf4j-jboss-logmanager-2.0.0.Final.jar:/home/runner/.m2/repository/org/wildfly/common/wildfly-common/2.0.1/wildfly-common-2.0.1.jar:/home/runner/.m2/repository/io/quarkus/quarkus-bootstrap-runner/3.20.2/quarkus-bootstrap-runner-3.20.2.jar:/home/runner/.m2/repository/io/github/crac/org-crac/0.1.3/org-crac-0.1.3.jar:/home/runner/.m2/repository/io/quarkus/quarkus-fs-util/0.0.10/quarkus-fs-util-0.0.10.jar:/home/runner/.m2/repository/org/jboss/marshalling/jboss-marshalling/2.2.2.Final/jboss-marshalling-2.2.2.Final.jar:/home/runner/.m2/repository/io/fabric8/kubernetes-client/7.1.0/kubernetes-client-7.1.0.jar:/home/runner/.m2/repository/io/fabric8/kubernetes-client-api/7.1.0/kubernetes-client-api-7.1.0.jar:/home/runner/.m2/repository/io/fabric8/kubernetes-model-core/7.1.0/kubernetes-model-core-7.1.0.jar:/home/runner/.m2/repository/io/fabric8/kubernetes-model-common/7.1.0/kubernetes-model-common-7.1.0.jar:/home/runner/.m2/repository/javax/annotation/javax.annotation-api/1.3.2/javax.annotation-api-1.3.2.jar:/home/runner/.m2/repository/io/fabric8/kubernetes-model-gatewayapi/7.1.0/kubernetes-model-gatewayapi-7.1.0.jar:/home/runner/.m2/repository/io/fabric8/kubernetes-model-resource/7.1.0/kubernetes-model-resource-7.1.0.jar:/home/runner/.m2/repository/io/fabric8/kubernetes-model-rbac/7.1.0/kubernetes-model-rbac-7.1.0.jar:/home/runner/.m2/repository/io/fabric8/kubernetes-model-admissionregistration/7.1.0/kubernetes-model-admissionregistration-7.1.0.jar:/home/runner/.m2/repository/io/fabric8/kubernetes-model-apps/7.1.0/kubernetes-model-apps-7.1.0.jar:/home/runner/.m2/repository/io/fabric8/kubernetes-model-autoscaling/7.1.0/kubernetes-model-autoscaling-7.1.0.jar:/home/runner/.m2/repository/io/fabric8/kubernetes-model-apiextensions/7.1.0/kubernetes-model-apiextensions-7.1.0.jar:/home/runner/.m2/repository/io/fabric8/kubernetes-model-batch/7.1.0/kubernetes-model-batch-7.1.0.jar:/home/runner/.m2/repository/io/fabric8/kubernetes-model-certificates/7.1.0/kubernetes-model-certificates-7.1.0.jar:/home/runner/.m2/repository/io/fabric8/kubernetes-model-coordination/7.1.0/kubernetes-model-coordination-7.1.0.jar:/home/runner/.m2/repository/io/fabric8/kubernetes-model-discovery/7.1.0/kubernetes-model-discovery-7.1.0.jar:/home/runner/.m2/repository/io/fabric8/kubernetes-model-events/7.1.0/kubernetes-model-events-7.1.0.jar:/home/runner/.m2/repository/io/fabric8/kubernetes-model-extensions/7.1.0/kubernetes-model-extensions-7.1.0.jar:/home/runner/.m2/repository/io/fabric8/kubernetes-model-flowcontrol/7.1.0/kubernetes-model-flowcontrol-7.1.0.jar:/home/runner/.m2/repository/io/fabric8/kubernetes-model-networking/7.1.0/kubernetes-model-networking-7.1.0.jar:/home/runner/.m2/repository/io/fabric8/kubernetes-model-metrics/7.1.0/kubernetes-model-metrics-7.1.0.jar:/home/runner/.m2/repository/io/fabric8/kubernetes-model-policy/7.1.0/kubernetes-model-policy-7.1.0.jar:/home/runner/.m2/repository/io/fabric8/kubernetes-model-scheduling/7.1.0/kubernetes-model-scheduling-7.1.0.jar:/home/runner/.m2/repository/io/fabric8/kubernetes-model-storageclass/7.1.0/kubernetes-model-storageclass-7.1.0.jar:/home/runner/.m2/repository/io/fabric8/kubernetes-model-node/7.1.0/kubernetes-model-node-7.1.0.jar:/home/runner/.m2/repository/org/snakeyaml/snakeyaml-engine/2.9/snakeyaml-engine-2.9.jar:/home/runner/.m2/repository/com/fasterxml/jackson/dataformat/jackson-dataformat-yaml/2.18.2/jackson-dataformat-yaml-2.18.2.jar:/home/runner/.m2/repository/com/fasterxml/jackson/datatype/jackson-datatype-jsr310/2.18.2/jackson-datatype-jsr310-2.18.2.jar:/home/runner/.m2/repository/io/fabric8/zjsonpatch/7.1.0/zjsonpatch-7.1.0.jar:/home/runner/.m2/repository/io/fabric8/kubernetes-httpclient-vertx/7.1.0/kubernetes-httpclient-vertx-7.1.0.jar:/home/runner/.m2/repository/io/vertx/vertx-web-client/4.5.16/vertx-web-client-4.5.16.jar:/home/runner/.m2/repository/io/vertx/vertx-web-common/4.5.16/vertx-web-common-4.5.16.jar:/home/runner/.m2/repository/io/vertx/vertx-auth-common/4.5.16/vertx-auth-common-4.5.16.jar:/home/runner/.m2/repository/io/vertx/vertx-uri-template/4.5.16/vertx-uri-template-4.5.16.jar:/home/runner/.m2/repository/io/fabric8/openshift-client/7.1.0/openshift-client-7.1.0.jar:/home/runner/.m2/repository/io/fabric8/openshift-client-api/7.1.0/openshift-client-api-7.1.0.jar:/home/runner/.m2/repository/io/fabric8/openshift-model/7.1.0/openshift-model-7.1.0.jar:/home/runner/.m2/repository/io/fabric8/openshift-model-autoscaling/7.1.0/openshift-model-autoscaling-7.1.0.jar:/home/runner/.m2/repository/io/fabric8/openshift-model-operator/7.1.0/openshift-model-operator-7.1.0.jar:/home/runner/.m2/repository/io/fabric8/openshift-model-operatorhub/7.1.0/openshift-model-operatorhub-7.1.0.jar:/home/runner/.m2/repository/io/fabric8/openshift-model-machine/7.1.0/openshift-model-machine-7.1.0.jar:/home/runner/.m2/repository/io/fabric8/openshift-model-whereabouts/7.1.0/openshift-model-whereabouts-7.1.0.jar:/home/runner/.m2/repository/io/fabric8/openshift-model-monitoring/7.1.0/openshift-model-monitoring-7.1.0.jar:/home/runner/.m2/repository/io/fabric8/openshift-model-storageversionmigrator/7.1.0/openshift-model-storageversionmigrator-7.1.0.jar:/home/runner/.m2/repository/io/fabric8/openshift-model-tuned/7.1.0/openshift-model-tuned-7.1.0.jar:/home/runner/.m2/repository/io/fabric8/openshift-model-console/7.1.0/openshift-model-console-7.1.0.jar:/home/runner/.m2/repository/io/fabric8/openshift-model-config/7.1.0/openshift-model-config-7.1.0.jar:/home/runner/.m2/repository/io/fabric8/openshift-model-machineconfiguration/7.1.0/openshift-model-machineconfiguration-7.1.0.jar:/home/runner/.m2/repository/io/fabric8/openshift-model-miscellaneous/7.1.0/openshift-model-miscellaneous-7.1.0.jar:/home/runner/.m2/repository/io/fabric8/openshift-model-hive/7.1.0/openshift-model-hive-7.1.0.jar:/home/runner/.m2/repository/io/fabric8/openshift-model-installer/7.1.0/openshift-model-installer-7.1.0.jar:/home/runner/.m2/repository/org/junit/platform/junit-platform-launcher/1.12.1/junit-platform-launcher-1.12.1.jar:/home/runner/.m2/repository/org/junit/platform/junit-platform-engine/1.12.1/junit-platform-engine-1.12.1.jar:/home/runner/.m2/repository/org/opentest4j/opentest4j/1.3.0/opentest4j-1.3.0.jar:/home/runner/.m2/repository/org/junit/platform/junit-platform-commons/1.12.1/junit-platform-commons-1.12.1.jar:/home/runner/.m2/repository/org/apiguardian/apiguardian-api/1.1.2/apiguardian-api-1.1.2.jar:/home/runner/.m2/repository/jakarta/ws/rs/jakarta.ws.rs-api/3.1.0/jakarta.ws.rs-api-3.1.0.jar:/home/runner/work/apicurio-testing/apicurio-testing/clusters/ci419/namespaces/ksql047/tests/integration/apicurio-registry/java-sdk/target/apicurio-registry-java-sdk-3.0.12-SNAPSHOT.jar:/home/runner/.m2/repository/com/microsoft/kiota/microsoft-kiota-abstractions/1.8.8/microsoft-kiota-abstractions-1.8.8.jar:/home/runner/.m2/repository/io/github/std-uritemplate/std-uritemplate/2.0.0/std-uritemplate-2.0.0.jar:/home/runner/.m2/repository/io/kiota/kiota-http-jdk/0.0.29/kiota-http-jdk-0.0.29.jar:/home/runner/.m2/repository/io/kiota/kiota-http-vertx/0.0.29/kiota-http-vertx-0.0.29.jar:/home/runner/.m2/repository/io/kiota/kiota-serialization-jackson/0.0.29/kiota-serialization-jackson-0.0.29.jar:/home/runner/.m2/repository/com/microsoft/kiota/microsoft-kiota-serialization-text/1.8.8/microsoft-kiota-serialization-text-1.8.8.jar:/home/runner/.m2/repository/com/microsoft/kiota/microsoft-kiota-serialization-form/1.8.8/microsoft-kiota-serialization-form-1.8.8.jar:/home/runner/.m2/repository/com/microsoft/kiota/microsoft-kiota-serialization-multipart/1.8.8/microsoft-kiota-serialization-multipart-1.8.8.jar:/home/runner/.m2/repository/jakarta/annotation/jakarta.annotation-api/3.0.0/jakarta.annotation-api-3.0.0.jar:/home/runner/.m2/repository/io/vertx/vertx-auth-oauth2/4.5.16/vertx-auth-oauth2-4.5.16.jar:/home/runner/work/apicurio-testing/apicurio-testing/clusters/ci419/namespaces/ksql047/tests/integration/apicurio-registry/java-sdk-v2/target/apicurio-registry-v2-java-sdk-3.0.12-SNAPSHOT.jar:/home/runner/work/apicurio-testing/apicurio-testing/clusters/ci419/namespaces/ksql047/tests/integration/apicurio-registry/utils/kafka/target/apicurio-registry-utils-kafka-3.0.12-SNAPSHOT-tests.jar:/home/runner/.m2/repository/org/eclipse/microprofile/config/microprofile-config-api/3.1/microprofile-config-api-3.1.jar:/home/runner/.m2/repository/org/apache/kafka/kafka-clients/3.9.1/kafka-clients-3.9.1.jar:/home/runner/.m2/repository/com/github/luben/zstd-jni/1.5.6-4/zstd-jni-1.5.6-4.jar:/home/runner/.m2/repository/org/lz4/lz4-java/1.8.0/lz4-java-1.8.0.jar:/home/runner/.m2/repository/org/xerial/snappy/snappy-java/1.1.10.5/snappy-java-1.1.10.5.jar:/home/runner/.m2/repository/org/slf4j/slf4j-api/2.0.6/slf4j-api-2.0.6.jar:/home/runner/work/apicurio-testing/apicurio-testing/clusters/ci419/namespaces/ksql047/tests/integration/apicurio-registry/utils/tests/target/apicurio-registry-utils-tests-3.0.12-SNAPSHOT.jar:/home/runner/work/apicurio-testing/apicurio-testing/clusters/ci419/namespaces/ksql047/tests/integration/apicurio-registry/common/target/apicurio-registry-common-3.0.12-SNAPSHOT.jar:/home/runner/.m2/repository/jakarta/validation/jakarta.validation-api/3.0.2/jakarta.validation-api-3.0.2.jar:/home/runner/.m2/repository/com/github/dasniko/testcontainers-keycloak/3.8.0/testcontainers-keycloak-3.8.0.jar:/home/runner/.m2/repository/org/testcontainers/testcontainers/1.20.6/testcontainers-1.20.6.jar:/home/runner/.m2/repository/org/rnorth/duct-tape/duct-tape/1.0.8/duct-tape-1.0.8.jar:/home/runner/.m2/repository/com/github/docker-java/docker-java-transport-zerodep/3.4.1/docker-java-transport-zerodep-3.4.1.jar:/home/runner/.m2/repository/com/github/docker-java/docker-java-transport/3.4.1/docker-java-transport-3.4.1.jar:/home/runner/.m2/repository/net/java/dev/jna/jna/5.8.0/jna-5.8.0.jar:/home/runner/.m2/repository/io/quarkus/quarkus-junit4-mock/3.20.2/quarkus-junit4-mock-3.20.2.jar:/home/runner/.m2/repository/org/jboss/shrinkwrap/shrinkwrap-api/2.0.0-beta-2/shrinkwrap-api-2.0.0-beta-2.jar:/home/runner/.m2/repository/org/jboss/shrinkwrap/shrinkwrap-impl-base/2.0.0-beta-2/shrinkwrap-impl-base-2.0.0-beta-2.jar:/home/runner/.m2/repository/org/jboss/shrinkwrap/shrinkwrap-spi/2.0.0-beta-2/shrinkwrap-spi-2.0.0-beta-2.jar:/home/runner/.m2/repository/org/keycloak/keycloak-admin-client/26.0.4/keycloak-admin-client-26.0.4.jar:/home/runner/.m2/repository/org/keycloak/keycloak-client-common-synced/26.0.4/keycloak-client-common-synced-26.0.4.jar:/home/runner/.m2/repository/jakarta/activation/jakarta.activation-api/2.1.3/jakarta.activation-api-2.1.3.jar:/home/runner/.m2/repository/org/eclipse/microprofile/openapi/microprofile-openapi-api/4.0.2/microprofile-openapi-api-4.0.2.jar:/home/runner/.m2/repository/org/jboss/resteasy/resteasy-client/6.2.12.Final/resteasy-client-6.2.12.Final.jar:/home/runner/.m2/repository/org/jboss/resteasy/resteasy-client-api/6.2.12.Final/resteasy-client-api-6.2.12.Final.jar:/home/runner/.m2/repository/org/jboss/resteasy/resteasy-core-spi/6.2.12.Final/resteasy-core-spi-6.2.12.Final.jar:/home/runner/.m2/repository/org/jboss/resteasy/resteasy-core/6.2.12.Final/resteasy-core-6.2.12.Final.jar:/home/runner/.m2/repository/org/eclipse/angus/angus-activation/2.0.2/angus-activation-2.0.2.jar:/home/runner/.m2/repository/com/ibm/async/asyncutil/0.1.0/asyncutil-0.1.0.jar:/home/runner/.m2/repository/org/reactivestreams/reactive-streams/1.0.4/reactive-streams-1.0.4.jar:/home/runner/.m2/repository/org/jboss/resteasy/resteasy-multipart-provider/6.2.12.Final/resteasy-multipart-provider-6.2.12.Final.jar:/home/runner/.m2/repository/jakarta/mail/jakarta.mail-api/2.1.3/jakarta.mail-api-2.1.3.jar:/home/runner/.m2/repository/org/eclipse/angus/angus-mail/2.0.3/angus-mail-2.0.3.jar:/home/runner/.m2/repository/org/apache/james/apache-mime4j-dom/0.8.12/apache-mime4j-dom-0.8.12.jar:/home/runner/.m2/repository/org/apache/james/apache-mime4j-core/0.8.12/apache-mime4j-core-0.8.12.jar:/home/runner/.m2/repository/org/apache/james/apache-mime4j-storage/0.8.12/apache-mime4j-storage-0.8.12.jar:/home/runner/.m2/repository/org/jboss/resteasy/resteasy-jackson2-provider/6.2.12.Final/resteasy-jackson2-provider-6.2.12.Final.jar:/home/runner/.m2/repository/com/fasterxml/jackson/jakarta/rs/jackson-jakarta-rs-base/2.18.2/jackson-jakarta-rs-base-2.18.2.jar:/home/runner/.m2/repository/com/fasterxml/jackson/jakarta/rs/jackson-jakarta-rs-json-provider/2.18.2/jackson-jakarta-rs-json-provider-2.18.2.jar:/home/runner/.m2/repository/com/fasterxml/jackson/module/jackson-module-jakarta-xmlbind-annotations/2.18.2/jackson-module-jakarta-xmlbind-annotations-2.18.2.jar:/home/runner/.m2/repository/com/github/java-json-tools/json-patch/1.13/json-patch-1.13.jar:/home/runner/.m2/repository/com/github/java-json-tools/msg-simple/1.2/msg-simple-1.2.jar:/home/runner/.m2/repository/com/github/java-json-tools/btf/1.3/btf-1.3.jar:/home/runner/.m2/repository/com/github/java-json-tools/jackson-coreutils/2.0/jackson-coreutils-2.0.jar:/home/runner/.m2/repository/org/jboss/resteasy/resteasy-jaxb-provider/6.2.12.Final/resteasy-jaxb-provider-6.2.12.Final.jar:/home/runner/.m2/repository/org/glassfish/jaxb/codemodel/4.0.5/codemodel-4.0.5.jar:/home/runner/.m2/repository/org/glassfish/jaxb/jaxb-core/4.0.5/jaxb-core-4.0.5.jar:/home/runner/.m2/repository/org/glassfish/jaxb/jaxb-jxc/4.0.5/jaxb-jxc-4.0.5.jar:/home/runner/.m2/repository/org/glassfish/jaxb/jaxb-runtime/4.0.5/jaxb-runtime-4.0.5.jar:/home/runner/.m2/repository/org/glassfish/jaxb/txw2/4.0.5/txw2-4.0.5.jar:/home/runner/.m2/repository/org/glassfish/jaxb/jaxb-xjc/4.0.5/jaxb-xjc-4.0.5.jar:/home/runner/.m2/repository/org/glassfish/jaxb/xsom/4.0.5/xsom-4.0.5.jar:/home/runner/.m2/repository/com/sun/istack/istack-commons-runtime/4.1.2/istack-commons-runtime-4.1.2.jar:/home/runner/.m2/repository/com/sun/istack/istack-commons-tools/4.1.2/istack-commons-tools-4.1.2.jar:/home/runner/.m2/repository/com/sun/xml/bind/external/relaxng-datatype/4.0.5/relaxng-datatype-4.0.5.jar:/home/runner/.m2/repository/com/sun/xml/bind/external/rngom/4.0.5/rngom-4.0.5.jar:/home/runner/.m2/repository/org/testcontainers/mssqlserver/1.20.6/mssqlserver-1.20.6.jar:/home/runner/.m2/repository/org/testcontainers/jdbc/1.20.6/jdbc-1.20.6.jar:/home/runner/.m2/repository/org/testcontainers/database-commons/1.20.6/database-commons-1.20.6.jar:/home/runner/.m2/repository/org/testcontainers/mysql/1.20.6/mysql-1.20.6.jar:/home/runner/.m2/repository/io/strimzi/strimzi-test-container/0.111.0/strimzi-test-container-0.111.0.jar:/home/runner/.m2/repository/org/testcontainers/toxiproxy/1.20.6/toxiproxy-1.20.6.jar:/home/runner/.m2/repository/com/github/docker-java/docker-java-api/3.4.1/docker-java-api-3.4.1.jar:/home/runner/.m2/repository/org/apache/logging/log4j/log4j-slf4j-impl/2.19.0/log4j-slf4j-impl-2.19.0.jar:/home/runner/.m2/repository/org/apache/logging/log4j/log4j-api/2.24.3/log4j-api-2.24.3.jar:/home/runner/.m2/repository/org/apache/logging/log4j/log4j-core/2.19.0/log4j-core-2.19.0.jar:/home/runner/.m2/repository/eu/rekawek/toxiproxy/toxiproxy-java/2.1.7/toxiproxy-java-2.1.7.jar:/home/runner/.m2/repository/org/testcontainers/pulsar/1.21.3/pulsar-1.21.3.jar:/home/runner/.m2/repository/io/debezium/debezium-testing-testcontainers/2.7.4.Final/debezium-testing-testcontainers-2.7.4.Final.jar:/home/runner/.m2/repository/org/testcontainers/kafka/1.20.6/kafka-1.20.6.jar:/home/runner/.m2/repository/com/squareup/okhttp3/okhttp/4.8.1/okhttp-4.8.1.jar:/home/runner/.m2/repository/com/squareup/okio/okio/3.10.2/okio-3.10.2.jar:/home/runner/.m2/repository/com/squareup/okio/okio-jvm/3.10.2/okio-jvm-3.10.2.jar:/home/runner/.m2/repository/org/jetbrains/kotlin/kotlin-stdlib/2.0.21/kotlin-stdlib-2.0.21.jar:/home/runner/.m2/repository/org/awaitility/awaitility/4.3.0/awaitility-4.3.0.jar:/home/runner/.m2/repository/org/testcontainers/mongodb/1.20.6/mongodb-1.20.6.jar:/home/runner/.m2/repository/org/testcontainers/mariadb/1.20.6/mariadb-1.20.6.jar:/home/runner/.m2/repository/org/testcontainers/oracle-xe/1.20.6/oracle-xe-1.20.6.jar:/home/runner/.m2/repository/org/testcontainers/postgresql/1.20.6/postgresql-1.20.6.jar:/home/runner/.m2/repository/org/wiremock/wiremock/3.0.1/wiremock-3.0.1.jar:/home/runner/.m2/repository/org/eclipse/jetty/jetty-server/11.0.15/jetty-server-11.0.15.jar:/home/runner/.m2/repository/org/eclipse/jetty/toolchain/jetty-jakarta-servlet-api/5.0.2/jetty-jakarta-servlet-api-5.0.2.jar:/home/runner/.m2/repository/org/eclipse/jetty/jetty-http/11.0.15/jetty-http-11.0.15.jar:/home/runner/.m2/repository/org/eclipse/jetty/jetty-io/11.0.15/jetty-io-11.0.15.jar:/home/runner/.m2/repository/org/eclipse/jetty/jetty-servlet/11.0.15/jetty-servlet-11.0.15.jar:/home/runner/.m2/repository/org/eclipse/jetty/jetty-security/11.0.15/jetty-security-11.0.15.jar:/home/runner/.m2/repository/org/eclipse/jetty/jetty-servlets/11.0.15/jetty-servlets-11.0.15.jar:/home/runner/.m2/repository/org/eclipse/jetty/jetty-util/11.0.15/jetty-util-11.0.15.jar:/home/runner/.m2/repository/org/eclipse/jetty/jetty-webapp/11.0.15/jetty-webapp-11.0.15.jar:/home/runner/.m2/repository/org/eclipse/jetty/jetty-xml/11.0.15/jetty-xml-11.0.15.jar:/home/runner/.m2/repository/org/eclipse/jetty/jetty-proxy/11.0.15/jetty-proxy-11.0.15.jar:/home/runner/.m2/repository/org/eclipse/jetty/jetty-client/11.0.15/jetty-client-11.0.15.jar:/home/runner/.m2/repository/org/eclipse/jetty/http2/http2-server/11.0.15/http2-server-11.0.15.jar:/home/runner/.m2/repository/org/eclipse/jetty/http2/http2-common/11.0.15/http2-common-11.0.15.jar:/home/runner/.m2/repository/org/eclipse/jetty/http2/http2-hpack/11.0.15/http2-hpack-11.0.15.jar:/home/runner/.m2/repository/org/eclipse/jetty/jetty-alpn-server/11.0.15/jetty-alpn-server-11.0.15.jar:/home/runner/.m2/repository/org/eclipse/jetty/jetty-alpn-java-server/11.0.15/jetty-alpn-java-server-11.0.15.jar:/home/runner/.m2/repository/org/eclipse/jetty/jetty-alpn-java-client/11.0.15/jetty-alpn-java-client-11.0.15.jar:/home/runner/.m2/repository/org/eclipse/jetty/jetty-alpn-client/11.0.15/jetty-alpn-client-11.0.15.jar:/home/runner/.m2/repository/org/apache/httpcomponents/client5/httpclient5/5.2.1/httpclient5-5.2.1.jar:/home/runner/.m2/repository/org/apache/httpcomponents/core5/httpcore5/5.2/httpcore5-5.2.jar:/home/runner/.m2/repository/org/apache/httpcomponents/core5/httpcore5-h2/5.2/httpcore5-h2-5.2.jar:/home/runner/.m2/repository/org/xmlunit/xmlunit-core/2.9.1/xmlunit-core-2.9.1.jar:/home/runner/.m2/repository/jakarta/xml/bind/jakarta.xml.bind-api/4.0.2/jakarta.xml.bind-api-4.0.2.jar:/home/runner/.m2/repository/org/xmlunit/xmlunit-legacy/2.9.1/xmlunit-legacy-2.9.1.jar:/home/runner/.m2/repository/org/xmlunit/xmlunit-placeholders/2.9.1/xmlunit-placeholders-2.9.1.jar:/home/runner/.m2/repository/net/javacrumbs/json-unit/json-unit-core/2.38.0/json-unit-core-2.38.0.jar:/home/runner/.m2/repository/org/hamcrest/hamcrest-core/2.2/hamcrest-core-2.2.jar:/home/runner/.m2/repository/com/jayway/jsonpath/json-path/2.8.0/json-path-2.8.0.jar:/home/runner/.m2/repository/net/minidev/json-smart/2.4.10/json-smart-2.4.10.jar:/home/runner/.m2/repository/net/minidev/accessors-smart/2.4.9/accessors-smart-2.4.9.jar:/home/runner/.m2/repository/org/ow2/asm/asm/9.7.1/asm-9.7.1.jar:/home/runner/.m2/repository/net/sf/jopt-simple/jopt-simple/5.0.4/jopt-simple-5.0.4.jar:/home/runner/.m2/repository/com/github/jknack/handlebars/4.3.1/handlebars-4.3.1.jar:/home/runner/.m2/repository/com/github/jknack/handlebars-helpers/4.3.1/handlebars-helpers-4.3.1.jar:/home/runner/.m2/repository/commons-fileupload/commons-fileupload/1.5/commons-fileupload-1.5.jar:/home/runner/.m2/repository/com/networknt/json-schema-validator/1.5.8/json-schema-validator-1.5.8.jar:/home/runner/.m2/repository/com/ethlo/time/itu/1.10.3/itu-1.10.3.jar:/home/runner/.m2/repository/io/quarkus/quarkus-smallrye-jwt-build/3.20.2/quarkus-smallrye-jwt-build-3.20.2.jar:/home/runner/.m2/repository/io/smallrye/smallrye-jwt-build/4.6.2/smallrye-jwt-build-4.6.2.jar:/home/runner/.m2/repository/org/eclipse/microprofile/jwt/microprofile-jwt-auth-api/2.1/microprofile-jwt-auth-api-2.1.jar:/home/runner/.m2/repository/org/bitbucket/b_c/jose4j/0.9.6/jose4j-0.9.6.jar:/home/runner/.m2/repository/io/smallrye/smallrye-jwt-common/4.6.2/smallrye-jwt-common-4.6.2.jar:/home/runner/.m2/repository/io/quarkus/quarkus-jsonp/3.20.2/quarkus-jsonp-3.20.2.jar:/home/runner/.m2/repository/io/quarkus/quarkus-arc/3.20.2/quarkus-arc-3.20.2.jar:/home/runner/.m2/repository/io/quarkus/arc/arc/3.20.2/arc-3.20.2.jar:/home/runner/.m2/repository/jakarta/transaction/jakarta.transaction-api/2.0.1/jakarta.transaction-api-2.0.1.jar:/home/runner/.m2/repository/io/smallrye/reactive/mutiny/2.9.2/mutiny-2.9.2.jar:/home/runner/.m2/repository/org/jctools/jctools-core/4.0.5/jctools-core-4.0.5.jar:/home/runner/.m2/repository/org/eclipse/microprofile/context-propagation/microprofile-context-propagation-api/1.3/microprofile-context-propagation-api-1.3.jar:/home/runner/.m2/repository/io/apicurio/apicurio-common-rest-client-common/0.1.18.Final/apicurio-common-rest-client-common-0.1.18.Final.jar:/home/runner/work/apicurio-testing/apicurio-testing/clusters/ci419/namespaces/ksql047/tests/integration/apicurio-registry/utils/maven-plugin/target/apicurio-registry-maven-plugin-3.0.12-SNAPSHOT.jar:/home/runner/.m2/repository/com/fasterxml/jackson/core/jackson-databind/2.18.2/jackson-databind-2.18.2.jar:/home/runner/.m2/repository/org/apache/avro/avro/1.12.0/avro-1.12.0.jar:/home/runner/.m2/repository/com/google/protobuf/protobuf-java/4.31.1/protobuf-java-4.31.1.jar:/home/runner/.m2/repository/com/google/protobuf/protobuf-java-util/4.31.1/protobuf-java-util-4.31.1.jar:/home/runner/.m2/repository/com/google/code/findbugs/jsr305/3.0.2/jsr305-3.0.2.jar:/home/runner/.m2/repository/com/google/code/gson/gson/2.12.1/gson-2.12.1.jar:/home/runner/.m2/repository/com/google/errorprone/error_prone_annotations/2.36.0/error_prone_annotations-2.36.0.jar:/home/runner/.m2/repository/com/google/j2objc/j2objc-annotations/2.8/j2objc-annotations-2.8.jar:/home/runner/work/apicurio-testing/apicurio-testing/clusters/ci419/namespaces/ksql047/tests/integration/apicurio-registry/schema-util/util-provider/target/apicurio-registry-schema-util-provider-3.0.12-SNAPSHOT.jar:/home/runner/work/apicurio-testing/apicurio-testing/clusters/ci419/namespaces/ksql047/tests/integration/apicurio-registry/schema-util/common/target/apicurio-registry-schema-util-common-3.0.12-SNAPSHOT.jar:/home/runner/.m2/repository/com/fasterxml/jackson/module/jackson-module-parameter-names/2.18.2/jackson-module-parameter-names-2.18.2.jar:/home/runner/.m2/repository/com/fasterxml/jackson/datatype/jackson-datatype-json-org/2.18.2/jackson-datatype-json-org-2.18.2.jar:/home/runner/work/apicurio-testing/apicurio-testing/clusters/ci419/namespaces/ksql047/tests/integration/apicurio-registry/schema-util/json/target/apicurio-registry-schema-util-json-3.0.12-SNAPSHOT.jar:/home/runner/.m2/repository/com/github/erosb/everit-json-schema/1.14.5/everit-json-schema-1.14.5.jar:/home/runner/.m2/repository/commons-validator/commons-validator/1.9.0/commons-validator-1.9.0.jar:/home/runner/.m2/repository/commons-digester/commons-digester/2.1/commons-digester-2.1.jar:/home/runner/.m2/repository/commons-collections/commons-collections/3.2.2/commons-collections-3.2.2.jar:/home/runner/.m2/repository/com/damnhandy/handy-uri-templates/2.1.8/handy-uri-templates-2.1.8.jar:/home/runner/.m2/repository/joda-time/joda-time/2.10.2/joda-time-2.10.2.jar:/home/runner/.m2/repository/com/github/erosb/json-sKema/0.20.0/json-sKema-0.20.0.jar:/home/runner/.m2/repository/io/vertx/vertx-json-schema/4.5.16/vertx-json-schema-4.5.16.jar:/home/runner/work/apicurio-testing/apicurio-testing/clusters/ci419/namespaces/ksql047/tests/integration/apicurio-registry/schema-util/protobuf/target/apicurio-registry-schema-util-protobuf-3.0.12-SNAPSHOT.jar:/home/runner/work/apicurio-testing/apicurio-testing/clusters/ci419/namespaces/ksql047/tests/integration/apicurio-registry/utils/protobuf-schema-utilities/target/apicurio-registry-protobuf-schema-utilities-3.0.12-SNAPSHOT.jar:/home/runner/.m2/repository/com/google/api/grpc/proto-google-common-protos/2.52.0/proto-google-common-protos-2.52.0.jar:/home/runner/.m2/repository/com/squareup/wire/wire-schema-jvm/5.3.3/wire-schema-jvm-5.3.3.jar:/home/runner/.m2/repository/com/palantir/javapoet/javapoet/0.6.0/javapoet-0.6.0.jar:/home/runner/.m2/repository/com/squareup/kotlinpoet-jvm/2.0.0/kotlinpoet-jvm-2.0.0.jar:/home/runner/.m2/repository/org/jetbrains/kotlin/kotlin-reflect/2.0.21/kotlin-reflect-2.0.21.jar:/home/runner/.m2/repository/com/squareup/wire/wire-runtime-jvm/5.3.3/wire-runtime-jvm-5.3.3.jar:/home/runner/.m2/repository/com/ibm/icu/icu4j/76.1/icu4j-76.1.jar:/home/runner/.m2/repository/com/squareup/okio/okio-fakefilesystem/3.10.2/okio-fakefilesystem-3.10.2.jar:/home/runner/.m2/repository/com/squareup/okio/okio-fakefilesystem-jvm/3.10.2/okio-fakefilesystem-jvm-3.10.2.jar:/home/runner/.m2/repository/org/jetbrains/kotlinx/kotlinx-datetime-jvm/0.6.1/kotlinx-datetime-jvm-0.6.1.jar:/home/runner/work/apicurio-testing/apicurio-testing/clusters/ci419/namespaces/ksql047/tests/integration/apicurio-registry/schema-util/asyncapi/target/apicurio-registry-schema-util-asyncapi-3.0.12-SNAPSHOT.jar:/home/runner/work/apicurio-testing/apicurio-testing/clusters/ci419/namespaces/ksql047/tests/integration/apicurio-registry/schema-util/avro/target/apicurio-registry-schema-util-avro-3.0.12-SNAPSHOT.jar:/home/runner/work/apicurio-testing/apicurio-testing/clusters/ci419/namespaces/ksql047/tests/integration/apicurio-registry/schema-util/graphql/target/apicurio-registry-schema-util-graphql-3.0.12-SNAPSHOT.jar:/home/runner/.m2/repository/com/graphql-java/graphql-java/22.4/graphql-java-22.4.jar:/home/runner/.m2/repository/com/graphql-java/java-dataloader/3.3.0/java-dataloader-3.3.0.jar:/home/runner/work/apicurio-testing/apicurio-testing/clusters/ci419/namespaces/ksql047/tests/integration/apicurio-registry/schema-util/kconnect/target/apicurio-registry-schema-util-kconnect-3.0.12-SNAPSHOT.jar:/home/runner/work/apicurio-testing/apicurio-testing/clusters/ci419/namespaces/ksql047/tests/integration/apicurio-registry/schema-util/openapi/target/apicurio-registry-schema-util-openapi-3.0.12-SNAPSHOT.jar:/home/runner/.m2/repository/io/apicurio/apicurio-data-models/2.2.2/apicurio-data-models-2.2.2.jar:/home/runner/.m2/repository/org/openapitools/openapidiff/openapi-diff-core/2.1.2/openapi-diff-core-2.1.2.jar:/home/runner/.m2/repository/io/swagger/parser/v3/swagger-parser/2.1.28/swagger-parser-2.1.28.jar:/home/runner/.m2/repository/io/swagger/parser/v3/swagger-parser-v2-converter/2.1.28/swagger-parser-v2-converter-2.1.28.jar:/home/runner/.m2/repository/io/swagger/swagger-core/1.6.16/swagger-core-1.6.16.jar:/home/runner/.m2/repository/io/swagger/swagger-models/1.6.16/swagger-models-1.6.16.jar:/home/runner/.m2/repository/io/swagger/swagger-annotations/1.6.16/swagger-annotations-1.6.16.jar:/home/runner/.m2/repository/io/swagger/swagger-parser/1.0.75/swagger-parser-1.0.75.jar:/home/runner/.m2/repository/io/swagger/swagger-parser-safe-url-resolver/1.0.75/swagger-parser-safe-url-resolver-1.0.75.jar:/home/runner/.m2/repository/io/swagger/swagger-compat-spec-parser/1.0.75/swagger-compat-spec-parser-1.0.75.jar:/home/runner/.m2/repository/com/github/java-json-tools/json-schema-validator/2.2.14/json-schema-validator-2.2.14.jar:/home/runner/.m2/repository/com/github/java-json-tools/jackson-coreutils-equivalence/1.0/jackson-coreutils-equivalence-1.0.jar:/home/runner/.m2/repository/com/github/java-json-tools/json-schema-core/1.2.14/json-schema-core-1.2.14.jar:/home/runner/.m2/repository/com/github/java-json-tools/uri-template/0.10/uri-template-0.10.jar:/home/runner/.m2/repository/com/googlecode/libphonenumber/libphonenumber/8.11.1/libphonenumber-8.11.1.jar:/home/runner/.m2/repository/com/j2html/j2html/1.6.0/j2html-1.6.0.jar:/home/runner/.m2/repository/org/apache/commons/commons-collections4/4.5.0/commons-collections4-4.5.0.jar:/home/runner/.m2/repository/org/slf4j/jcl-over-slf4j/2.0.17/jcl-over-slf4j-2.0.17.jar:/home/runner/.m2/repository/io/swagger/parser/v3/swagger-parser-v3/2.1.31/swagger-parser-v3-2.1.31.jar:/home/runner/.m2/repository/io/swagger/core/v3/swagger-models/2.2.34/swagger-models-2.2.34.jar:/home/runner/.m2/repository/io/swagger/core/v3/swagger-core/2.2.34/swagger-core-2.2.34.jar:/home/runner/.m2/repository/io/swagger/parser/v3/swagger-parser-core/2.1.31/swagger-parser-core-2.1.31.jar:/home/runner/.m2/repository/io/swagger/parser/v3/swagger-parser-safe-url-resolver/2.1.31/swagger-parser-safe-url-resolver-2.1.31.jar:/home/runner/work/apicurio-testing/apicurio-testing/clusters/ci419/namespaces/ksql047/tests/integration/apicurio-registry/schema-util/wsdl/target/apicurio-registry-schema-util-wsdl-3.0.12-SNAPSHOT.jar:/home/runner/.m2/repository/wsdl4j/wsdl4j/1.6.3/wsdl4j-1.6.3.jar:/home/runner/work/apicurio-testing/apicurio-testing/clusters/ci419/namespaces/ksql047/tests/integration/apicurio-registry/schema-util/xml/target/apicurio-registry-schema-util-xml-3.0.12-SNAPSHOT.jar:/home/runner/.m2/repository/org/apache/santuario/xmlsec/4.0.4/xmlsec-4.0.4.jar:/home/runner/.m2/repository/com/fasterxml/woodstox/woodstox-core/7.1.1/woodstox-core-7.1.1.jar:/home/runner/.m2/repository/org/codehaus/woodstox/stax2-api/4.2.2/stax2-api-4.2.2.jar:/home/runner/work/apicurio-testing/apicurio-testing/clusters/ci419/namespaces/ksql047/tests/integration/apicurio-registry/schema-util/xsd/target/apicurio-registry-schema-util-xsd-3.0.12-SNAPSHOT.jar:/home/runner/work/apicurio-testing/apicurio-testing/clusters/ci419/namespaces/ksql047/tests/integration/apicurio-registry/serdes/kafka/jsonschema-serde/target/apicurio-registry-jsonschema-serde-kafka-3.0.12-SNAPSHOT.jar:/home/runner/work/apicurio-testing/apicurio-testing/clusters/ci419/namespaces/ksql047/tests/integration/apicurio-registry/serdes/kafka/serde-kafka-common/target/apicurio-registry-serde-kafka-common-3.0.12-SNAPSHOT.jar:/home/runner/work/apicurio-testing/apicurio-testing/clusters/ci419/namespaces/ksql047/tests/integration/apicurio-registry/serdes/generic/serde-common/target/apicurio-registry-serde-common-3.0.12-SNAPSHOT.jar:/home/runner/work/apicurio-testing/apicurio-testing/clusters/ci419/namespaces/ksql047/tests/integration/apicurio-registry/serdes/generic/serde-common-jsonschema/target/apicurio-registry-serde-common-jsonschema-3.0.12-SNAPSHOT.jar:/home/runner/.m2/repository/org/json/json/20250107/json-20250107.jar:/home/runner/work/apicurio-testing/apicurio-testing/clusters/ci419/namespaces/ksql047/tests/integration/apicurio-registry/serdes/kafka/avro-serde/target/apicurio-registry-avro-serde-kafka-3.0.12-SNAPSHOT.jar:/home/runner/work/apicurio-testing/apicurio-testing/clusters/ci419/namespaces/ksql047/tests/integration/apicurio-registry/serdes/generic/serde-common-avro/target/apicurio-registry-serde-common-avro-3.0.12-SNAPSHOT.jar:/home/runner/work/apicurio-testing/apicurio-testing/clusters/ci419/namespaces/ksql047/tests/integration/apicurio-registry/serdes/kafka/protobuf-serde/target/apicurio-registry-protobuf-serde-kafka-3.0.12-SNAPSHOT.jar:/home/runner/work/apicurio-testing/apicurio-testing/clusters/ci419/namespaces/ksql047/tests/integration/apicurio-registry/serdes/generic/serde-common-protobuf/target/apicurio-registry-serde-common-protobuf-3.0.12-SNAPSHOT.jar:/home/runner/.m2/repository/com/squareup/wire/wire-schema/5.3.3/wire-schema-5.3.3.jar:/home/runner/.m2/repository/com/squareup/wire/wire-runtime/5.3.3/wire-runtime-5.3.3.jar:/home/runner/work/apicurio-testing/apicurio-testing/clusters/ci419/namespaces/ksql047/tests/integration/apicurio-registry/serdes/pulsar/avro-serde/target/apicurio-registry-avro-serde-pulsar-3.0.12-SNAPSHOT.jar:/home/runner/.m2/repository/org/apache/pulsar/pulsar-functions-api/3.3.8/pulsar-functions-api-3.3.8.jar:/home/runner/work/apicurio-testing/apicurio-testing/clusters/ci419/namespaces/ksql047/tests/integration/apicurio-registry/serdes/nats/avro-serde/target/apicurio-registry-avro-serde-nats-3.0.12-SNAPSHOT.jar:/home/runner/.m2/repository/io/nats/jnats/2.21.4/jnats-2.21.4.jar:/home/runner/.m2/repository/org/bouncycastle/bcprov-lts8on/2.73.7/bcprov-lts8on-2.73.7.jar:/home/runner/.m2/repository/org/jetbrains/annotations/26.0.2/annotations-26.0.2.jar:/home/runner/work/apicurio-testing/apicurio-testing/clusters/ci419/namespaces/ksql047/tests/integration/apicurio-registry/utils/converter/target/apicurio-registry-utils-converter-3.0.12-SNAPSHOT.jar:/home/runner/work/apicurio-testing/apicurio-testing/clusters/ci419/namespaces/ksql047/tests/integration/apicurio-registry/schema-resolver/target/apicurio-registry-schema-resolver-3.0.12-SNAPSHOT.jar:/home/runner/.m2/repository/org/apache/kafka/connect-api/3.9.1/connect-api-3.9.1.jar:/home/runner/.m2/repository/javax/ws/rs/javax.ws.rs-api/2.1.1/javax.ws.rs-api-2.1.1.jar:/home/runner/.m2/repository/org/apache/kafka/connect-json/3.9.1/connect-json-3.9.1.jar:/home/runner/.m2/repository/com/fasterxml/jackson/datatype/jackson-datatype-jdk8/2.18.2/jackson-datatype-jdk8-2.18.2.jar:/home/runner/.m2/repository/com/fasterxml/jackson/module/jackson-module-afterburner/2.18.2/jackson-module-afterburner-2.18.2.jar:/home/runner/work/apicurio-testing/apicurio-testing/clusters/ci419/namespaces/ksql047/tests/integration/apicurio-registry/utils/kafka/target/apicurio-registry-utils-kafka-3.0.12-SNAPSHOT.jar:/home/runner/.m2/repository/org/apache/pulsar/pulsar-client/3.3.8/pulsar-client-3.3.8.jar:/home/runner/.m2/repository/org/apache/pulsar/pulsar-client-api/3.3.8/pulsar-client-api-3.3.8.jar:/home/runner/.m2/repository/org/apache/pulsar/pulsar-client-admin-api/3.3.8/pulsar-client-admin-api-3.3.8.jar:/home/runner/.m2/repository/org/apache/pulsar/bouncy-castle-bc/3.3.8/bouncy-castle-bc-3.3.8-pkg.jar:/home/runner/.m2/repository/org/bouncycastle/bcpkix-jdk18on/1.81/bcpkix-jdk18on-1.81.jar:/home/runner/.m2/repository/org/bouncycastle/bcutil-jdk18on/1.81/bcutil-jdk18on-1.81.jar:/home/runner/.m2/repository/org/bouncycastle/bcprov-jdk18on/1.81/bcprov-jdk18on-1.81.jar:/home/runner/.m2/repository/io/opentelemetry/opentelemetry-api/1.44.1/opentelemetry-api-1.44.1.jar:/home/runner/.m2/repository/io/opentelemetry/opentelemetry-context/1.44.1/opentelemetry-context-1.44.1.jar:/home/runner/.m2/repository/io/opentelemetry/opentelemetry-api-incubator/1.44.1-alpha/opentelemetry-api-incubator-1.44.1-alpha.jar:/home/runner/.m2/repository/com/fasterxml/jackson/core/jackson-annotations/2.18.2/jackson-annotations-2.18.2.jar:/home/runner/.m2/repository/javax/validation/validation-api/1.1.0.Final/validation-api-1.1.0.Final.jar:/home/runner/.m2/repository/org/jspecify/jspecify/1.0.0/jspecify-1.0.0.jar:/home/runner/.m2/repository/org/apache/commons/commons-configuration2/2.12.0/commons-configuration2-2.12.0.jar:/home/runner/.m2/repository/commons-logging/commons-logging/1.3.5/commons-logging-1.3.5.jar:/home/runner/.m2/repository/org/apache/commons/commons-text/1.13.0/commons-text-1.13.0.jar:/home/runner/.m2/repository/io/confluent/kafka-avro-serializer/8.0.0/kafka-avro-serializer-8.0.0.jar:/home/runner/.m2/repository/org/apache/commons/commons-compress/1.27.1/commons-compress-1.27.1.jar:/home/runner/.m2/repository/io/confluent/kafka-schema-serializer/8.0.0/kafka-schema-serializer-8.0.0.jar:/home/runner/.m2/repository/com/fasterxml/jackson/dataformat/jackson-dataformat-csv/2.18.2/jackson-dataformat-csv-2.18.2.jar:/home/runner/.m2/repository/io/confluent/kafka-schema-registry-client/8.0.0/kafka-schema-registry-client-8.0.0.jar:/home/runner/.m2/repository/org/yaml/snakeyaml/2.3/snakeyaml-2.3.jar:/home/runner/.m2/repository/io/swagger/core/v3/swagger-annotations/2.2.29/swagger-annotations-2.2.29.jar:/home/runner/.m2/repository/com/google/guava/guava/33.4.0-jre/guava-33.4.0-jre.jar:/home/runner/.m2/repository/com/google/guava/failureaccess/1.0.1/failureaccess-1.0.1.jar:/home/runner/.m2/repository/org/checkerframework/checker-qual/3.49.0/checker-qual-3.49.0.jar:/home/runner/.m2/repository/io/confluent/logredactor/1.0.13/logredactor-1.0.13.jar:/home/runner/.m2/repository/com/google/re2j/re2j/1.6/re2j-1.6.jar:/home/runner/.m2/repository/io/confluent/logredactor-metrics/1.0.13/logredactor-metrics-1.0.13.jar:/home/runner/.m2/repository/com/eclipsesource/minimal-json/minimal-json/0.9.5/minimal-json-0.9.5.jar:/home/runner/.m2/repository/io/confluent/common-utils/8.0.0/common-utils-8.0.0.jar:/home/runner/.m2/repository/io/confluent/kafka-connect-avro-converter/8.0.0/kafka-connect-avro-converter-8.0.0.jar:/home/runner/.m2/repository/io/confluent/kafka-connect-avro-data/8.0.0/kafka-connect-avro-data-8.0.0.jar:/home/runner/.m2/repository/io/confluent/kafka-schema-converter/8.0.0/kafka-schema-converter-8.0.0.jar:/home/runner/.m2/repository/io/rest-assured/rest-assured/5.5.1/rest-assured-5.5.1.jar:/home/runner/.m2/repository/org/apache/groovy/groovy/4.0.22/groovy-4.0.22.jar:/home/runner/.m2/repository/org/apache/groovy/groovy-xml/4.0.22/groovy-xml-4.0.22.jar:/home/runner/.m2/repository/org/apache/httpcomponents/httpclient/4.5.14/httpclient-4.5.14.jar:/home/runner/.m2/repository/org/apache/httpcomponents/httpcore/4.4.16/httpcore-4.4.16.jar:/home/runner/.m2/repository/org/apache/httpcomponents/httpmime/4.5.14/httpmime-4.5.14.jar:/home/runner/.m2/repository/org/hamcrest/hamcrest/2.2/hamcrest-2.2.jar:/home/runner/.m2/repository/org/ccil/cowan/tagsoup/tagsoup/1.2.1/tagsoup-1.2.1.jar:/home/runner/.m2/repository/io/rest-assured/json-path/5.5.1/json-path-5.5.1.jar:/home/runner/.m2/repository/org/apache/groovy/groovy-json/4.0.22/groovy-json-4.0.22.jar:/home/runner/.m2/repository/io/rest-assured/rest-assured-common/5.5.1/rest-assured-common-5.5.1.jar:/home/runner/.m2/repository/io/rest-assured/xml-path/5.5.1/xml-path-5.5.1.jar:/home/runner/.m2/repository/io/zonky/test/embedded-postgres/2.1.0/embedded-postgres-2.1.0.jar:/home/runner/.m2/repository/io/zonky/test/postgres/embedded-postgres-binaries-windows-amd64/14.15.0/embedded-postgres-binaries-windows-amd64-14.15.0.jar:/home/runner/.m2/repository/io/zonky/test/postgres/embedded-postgres-binaries-darwin-amd64/14.15.0/embedded-postgres-binaries-darwin-amd64-14.15.0.jar:/home/runner/.m2/repository/io/zonky/test/postgres/embedded-postgres-binaries-linux-amd64/14.15.0/embedded-postgres-binaries-linux-amd64-14.15.0.jar:/home/runner/.m2/repository/io/zonky/test/postgres/embedded-postgres-binaries-linux-amd64-alpine/14.15.0/embedded-postgres-binaries-linux-amd64-alpine-14.15.0.jar:/home/runner/.m2/repository/org/apache/commons/commons-lang3/3.17.0/commons-lang3-3.17.0.jar:/home/runner/.m2/repository/org/tukaani/xz/1.10/xz-1.10.jar:/home/runner/.m2/repository/commons-codec/commons-codec/1.19.0/commons-codec-1.19.0.jar:/home/runner/.m2/repository/org/postgresql/postgresql/42.7.7/postgresql-42.7.7.jar:/home/runner/.m2/repository/commons-io/commons-io/2.18.0/commons-io-2.18.0.jar:/home/runner/work/apicurio-testing/apicurio-testing/clusters/ci419/namespaces/ksql047/tests/integration/apicurio-registry/utils/importexport/target/apicurio-registry-utils-import-export-3.0.12-SNAPSHOT.jar:/home/runner/.m2/repository/io/vertx/vertx-core/4.5.16/vertx-core-4.5.16.jar:/home/runner/.m2/repository/io/netty/netty-common/4.1.121.Final/netty-common-4.1.121.Final.jar:/home/runner/.m2/repository/io/netty/netty-buffer/4.1.121.Final/netty-buffer-4.1.121.Final.jar:/home/runner/.m2/repository/io/netty/netty-transport/4.1.121.Final/netty-transport-4.1.121.Final.jar:/home/runner/.m2/repository/io/netty/netty-handler/4.1.121.Final/netty-handler-4.1.121.Final.jar:/home/runner/.m2/repository/io/netty/netty-transport-native-unix-common/4.1.121.Final/netty-transport-native-unix-common-4.1.121.Final.jar:/home/runner/.m2/repository/io/netty/netty-codec/4.1.121.Final/netty-codec-4.1.121.Final.jar:/home/runner/.m2/repository/io/netty/netty-handler-proxy/4.1.121.Final/netty-handler-proxy-4.1.121.Final.jar:/home/runner/.m2/repository/io/netty/netty-codec-socks/4.1.121.Final/netty-codec-socks-4.1.121.Final.jar:/home/runner/.m2/repository/io/netty/netty-codec-http/4.1.121.Final/netty-codec-http-4.1.121.Final.jar:/home/runner/.m2/repository/io/netty/netty-codec-http2/4.1.121.Final/netty-codec-http2-4.1.121.Final.jar:/home/runner/.m2/repository/io/netty/netty-resolver/4.1.121.Final/netty-resolver-4.1.121.Final.jar:/home/runner/.m2/repository/io/netty/netty-resolver-dns/4.1.121.Final/netty-resolver-dns-4.1.121.Final.jar:/home/runner/.m2/repository/io/netty/netty-codec-dns/4.1.121.Final/netty-codec-dns-4.1.121.Final.jar:/home/runner/.m2/repository/com/fasterxml/jackson/core/jackson-core/2.18.2/jackson-core-2.18.2.jar:"/>
    <property name="java.vm.vendor" value="Eclipse Adoptium"/>
    <property name="maven.javadoc.skip" value="true"/>
    <property name="sun.arch.data.model" value="64"/>
    <property name="java.vendor.url" value="https://adoptium.net/"/>
    <property name="user.timezone" value="Etc/UTC"/>
    <property name="os.name" value="Linux"/>
    <property name="java.vm.specification.version" value="17"/>
    <property name="sun.java.launcher" value="SUN_STANDARD"/>
    <property name="quarkus.http.test-port" value="80"/>
    <property name="sun.boot.library.path" value="/usr/lib/jvm/temurin-17-jdk-amd64/lib"/>
    <property name="sun.java.command" value="/home/runner/work/apicurio-testing/apicurio-testing/clusters/ci419/namespaces/ksql047/tests/integration/apicurio-registry/integration-tests/target/surefire/surefirebooter-20250807122723565_3.jar /home/runner/work/apicurio-testing/apicurio-testing/clusters/ci419/namespaces/ksql047/tests/integration/apicurio-registry/integration-tests/target/surefire 2025-08-07T12-27-23_454-jvmRun1 surefire-20250807122723565_1tmp surefire_0-20250807122723565_2tmp"/>
    <property name="maven.home" value="/home/runner/.m2/wrapper/dists/apache-maven-3.9.8-bin/4fnp1ql35bgk2a0p7m31ovbgb0/apache-maven-3.9.8"/>
    <property name="jdk.debug" value="release"/>
    <property name="surefire.test.class.path" value="/home/runner/work/apicurio-testing/apicurio-testing/clusters/ci419/namespaces/ksql047/tests/integration/apicurio-registry/integration-tests/target/test-classes:/home/runner/work/apicurio-testing/apicurio-testing/clusters/ci419/namespaces/ksql047/tests/integration/apicurio-registry/integration-tests/target/apicurio-registry-integration-tests-3.0.12-SNAPSHOT.jar:/home/runner/.m2/repository/io/quarkus/quarkus-junit5/3.20.2/quarkus-junit5-3.20.2.jar:/home/runner/.m2/repository/io/quarkus/quarkus-bootstrap-core/3.20.2/quarkus-bootstrap-core-3.20.2.jar:/home/runner/.m2/repository/io/quarkus/quarkus-classloader-commons/3.20.2/quarkus-classloader-commons-3.20.2.jar:/home/runner/.m2/repository/io/quarkus/quarkus-bootstrap-app-model/3.20.2/quarkus-bootstrap-app-model-3.20.2.jar:/home/runner/.m2/repository/io/smallrye/common/smallrye-common-io/2.12.0/smallrye-common-io-2.12.0.jar:/home/runner/.m2/repository/org/eclipse/sisu/org.eclipse.sisu.inject/0.9.0.M3/org.eclipse.sisu.inject-0.9.0.M3.jar:/home/runner/.m2/repository/io/quarkus/quarkus-test-common/3.20.2/quarkus-test-common-3.20.2.jar:/home/runner/.m2/repository/io/quarkus/quarkus-core-deployment/3.20.2/quarkus-core-deployment-3.20.2.jar:/home/runner/.m2/repository/org/aesh/readline/2.6/readline-2.6.jar:/home/runner/.m2/repository/org/fusesource/jansi/jansi/2.4.0/jansi-2.4.0.jar:/home/runner/.m2/repository/org/aesh/aesh/2.8.2/aesh-2.8.2.jar:/home/runner/.m2/repository/io/quarkus/gizmo/gizmo/1.8.0/gizmo-1.8.0.jar:/home/runner/.m2/repository/org/ow2/asm/asm-util/9.7.1/asm-util-9.7.1.jar:/home/runner/.m2/repository/org/ow2/asm/asm-analysis/9.7.1/asm-analysis-9.7.1.jar:/home/runner/.m2/repository/org/ow2/asm/asm-commons/9.7.1/asm-commons-9.7.1.jar:/home/runner/.m2/repository/org/ow2/asm/asm-tree/9.7.1/asm-tree-9.7.1.jar:/home/runner/.m2/repository/io/quarkus/quarkus-hibernate-validator-spi/3.20.2/quarkus-hibernate-validator-spi-3.20.2.jar:/home/runner/.m2/repository/io/quarkus/quarkus-class-change-agent/3.20.2/quarkus-class-change-agent-3.20.2.jar:/home/runner/.m2/repository/io/quarkus/quarkus-devtools-utilities/3.20.2/quarkus-devtools-utilities-3.20.2.jar:/home/runner/.m2/repository/io/quarkus/quarkus-builder/3.20.2/quarkus-builder-3.20.2.jar:/home/runner/.m2/repository/org/graalvm/sdk/nativeimage/23.1.2/nativeimage-23.1.2.jar:/home/runner/.m2/repository/org/graalvm/sdk/word/23.1.2/word-23.1.2.jar:/home/runner/.m2/repository/io/quarkus/quarkus-bootstrap-maven-resolver/3.20.2/quarkus-bootstrap-maven-resolver-3.20.2.jar:/home/runner/.m2/repository/io/smallrye/beanbag/smallrye-beanbag-maven/1.5.2/smallrye-beanbag-maven-1.5.2.jar:/home/runner/.m2/repository/io/smallrye/beanbag/smallrye-beanbag-sisu/1.5.2/smallrye-beanbag-sisu-1.5.2.jar:/home/runner/.m2/repository/io/smallrye/beanbag/smallrye-beanbag/1.5.2/smallrye-beanbag-1.5.2.jar:/home/runner/.m2/repository/javax/inject/javax.inject/1/javax.inject-1.jar:/home/runner/.m2/repository/org/apache/maven/maven-artifact/3.9.9/maven-artifact-3.9.9.jar:/home/runner/.m2/repository/org/apache/maven/maven-builder-support/3.9.9/maven-builder-support-3.9.9.jar:/home/runner/.m2/repository/org/apache/maven/maven-model/3.9.9/maven-model-3.9.9.jar:/home/runner/.m2/repository/org/apache/maven/maven-model-builder/3.9.9/maven-model-builder-3.9.9.jar:/home/runner/.m2/repository/org/apache/maven/maven-repository-metadata/3.9.9/maven-repository-metadata-3.9.9.jar:/home/runner/.m2/repository/org/apache/maven/maven-settings/3.9.9/maven-settings-3.9.9.jar:/home/runner/.m2/repository/org/apache/maven/resolver/maven-resolver-api/1.9.22/maven-resolver-api-1.9.22.jar:/home/runner/.m2/repository/org/apache/maven/resolver/maven-resolver-impl/1.9.22/maven-resolver-impl-1.9.22.jar:/home/runner/.m2/repository/org/apache/maven/resolver/maven-resolver-named-locks/1.9.22/maven-resolver-named-locks-1.9.22.jar:/home/runner/.m2/repository/org/apache/maven/resolver/maven-resolver-spi/1.9.22/maven-resolver-spi-1.9.22.jar:/home/runner/.m2/repository/org/apache/maven/resolver/maven-resolver-util/1.9.22/maven-resolver-util-1.9.22.jar:/home/runner/.m2/repository/org/apache/maven/resolver/maven-resolver-transport-http/1.9.20/maven-resolver-transport-http-1.9.20.jar:/home/runner/.m2/repository/org/apache/maven/wagon/wagon-provider-api/3.5.3/wagon-provider-api-3.5.3.jar:/home/runner/.m2/repository/org/apache/maven/wagon/wagon-http-shared/3.5.3/wagon-http-shared-3.5.3.jar:/home/runner/.m2/repository/org/codehaus/plexus/plexus-interpolation/1.26/plexus-interpolation-1.26.jar:/home/runner/.m2/repository/org/codehaus/plexus/plexus-utils/3.5.1/plexus-utils-3.5.1.jar:/home/runner/.m2/repository/org/codehaus/plexus/plexus-xml/4.0.1/plexus-xml-4.0.1.jar:/home/runner/.m2/repository/org/apache/maven/maven-xml-impl/4.0.0-alpha-5/maven-xml-impl-4.0.0-alpha-5.jar:/home/runner/.m2/repository/org/apache/maven/maven-api-xml/4.0.0-alpha-5/maven-api-xml-4.0.0-alpha-5.jar:/home/runner/.m2/repository/org/apache/maven/maven-api-meta/4.0.0-alpha-5/maven-api-meta-4.0.0-alpha-5.jar:/home/runner/.m2/repository/org/codehaus/plexus/plexus-cipher/2.0/plexus-cipher-2.0.jar:/home/runner/.m2/repository/org/codehaus/plexus/plexus-sec-dispatcher/2.0/plexus-sec-dispatcher-2.0.jar:/home/runner/.m2/repository/org/apache/maven/maven-embedder/3.9.9/maven-embedder-3.9.9.jar:/home/runner/.m2/repository/org/apache/maven/maven-core/3.9.9/maven-core-3.9.9.jar:/home/runner/.m2/repository/org/codehaus/plexus/plexus-component-annotations/2.1.0/plexus-component-annotations-2.1.0.jar:/home/runner/.m2/repository/org/apache/maven/maven-plugin-api/3.9.9/maven-plugin-api-3.9.9.jar:/home/runner/.m2/repository/org/apache/maven/shared/maven-shared-utils/3.4.2/maven-shared-utils-3.4.2.jar:/home/runner/.m2/repository/com/google/inject/guice/5.1.0/guice-5.1.0.jar:/home/runner/.m2/repository/aopalliance/aopalliance/1.0/aopalliance-1.0.jar:/home/runner/.m2/repository/org/codehaus/plexus/plexus-classworlds/2.6.0/plexus-classworlds-2.6.0.jar:/home/runner/.m2/repository/commons-cli/commons-cli/1.8.0/commons-cli-1.8.0.jar:/home/runner/.m2/repository/org/eclipse/sisu/org.eclipse.sisu.plexus/0.9.0.M3/org.eclipse.sisu.plexus-0.9.0.M3.jar:/home/runner/.m2/repository/org/apache/maven/maven-settings-builder/3.9.9/maven-settings-builder-3.9.9.jar:/home/runner/.m2/repository/org/apache/maven/maven-resolver-provider/3.9.9/maven-resolver-provider-3.9.9.jar:/home/runner/.m2/repository/org/apache/maven/resolver/maven-resolver-connector-basic/1.9.22/maven-resolver-connector-basic-1.9.22.jar:/home/runner/.m2/repository/org/apache/maven/resolver/maven-resolver-transport-wagon/1.9.22/maven-resolver-transport-wagon-1.9.22.jar:/home/runner/.m2/repository/org/apache/maven/wagon/wagon-http/3.5.3/wagon-http-3.5.3.jar:/home/runner/.m2/repository/org/apache/maven/wagon/wagon-file/3.5.3/wagon-file-3.5.3.jar:/home/runner/.m2/repository/io/quarkus/quarkus-bootstrap-gradle-resolver/3.20.2/quarkus-bootstrap-gradle-resolver-3.20.2.jar:/home/runner/.m2/repository/io/smallrye/jandex/3.3.0/jandex-3.3.0.jar:/home/runner/.m2/repository/org/jboss/logging/commons-logging-jboss-logging/1.0.0.Final/commons-logging-jboss-logging-1.0.0.Final.jar:/home/runner/.m2/repository/io/quarkus/quarkus-junit5-config/3.20.2/quarkus-junit5-config-3.20.2.jar:/home/runner/.m2/repository/org/junit/jupiter/junit-jupiter-api/5.12.1/junit-jupiter-api-5.12.1.jar:/home/runner/.m2/repository/io/smallrye/config/smallrye-config/3.11.4/smallrye-config-3.11.4.jar:/home/runner/.m2/repository/io/smallrye/config/smallrye-config-core/3.11.4/smallrye-config-core-3.11.4.jar:/home/runner/.m2/repository/io/smallrye/common/smallrye-common-classloader/2.12.0/smallrye-common-classloader-2.12.0.jar:/home/runner/.m2/repository/io/smallrye/config/smallrye-config-common/3.11.4/smallrye-config-common-3.11.4.jar:/home/runner/.m2/repository/org/junit/jupiter/junit-jupiter/5.12.1/junit-jupiter-5.12.1.jar:/home/runner/.m2/repository/org/junit/jupiter/junit-jupiter-params/5.12.1/junit-jupiter-params-5.12.1.jar:/home/runner/.m2/repository/org/junit/jupiter/junit-jupiter-engine/5.12.1/junit-jupiter-engine-5.12.1.jar:/home/runner/.m2/repository/io/quarkus/quarkus-core/3.20.2/quarkus-core-3.20.2.jar:/home/runner/.m2/repository/jakarta/enterprise/jakarta.enterprise.cdi-api/4.1.0/jakarta.enterprise.cdi-api-4.1.0.jar:/home/runner/.m2/repository/jakarta/enterprise/jakarta.enterprise.lang-model/4.1.0/jakarta.enterprise.lang-model-4.1.0.jar:/home/runner/.m2/repository/jakarta/el/jakarta.el-api/5.0.1/jakarta.el-api-5.0.1.jar:/home/runner/.m2/repository/jakarta/interceptor/jakarta.interceptor-api/2.2.0/jakarta.interceptor-api-2.2.0.jar:/home/runner/.m2/repository/jakarta/inject/jakarta.inject-api/2.0.1/jakarta.inject-api-2.0.1.jar:/home/runner/.m2/repository/io/smallrye/common/smallrye-common-os/2.12.0/smallrye-common-os-2.12.0.jar:/home/runner/.m2/repository/io/quarkus/quarkus-ide-launcher/3.20.2/quarkus-ide-launcher-3.20.2.jar:/home/runner/.m2/repository/io/quarkus/quarkus-development-mode-spi/3.20.2/quarkus-development-mode-spi-3.20.2.jar:/home/runner/.m2/repository/org/jboss/logging/jboss-logging/3.6.1.Final/jboss-logging-3.6.1.Final.jar:/home/runner/.m2/repository/org/jboss/logmanager/jboss-logmanager/3.1.2.Final/jboss-logmanager-3.1.2.Final.jar:/home/runner/.m2/repository/io/smallrye/common/smallrye-common-constraint/2.12.0/smallrye-common-constraint-2.12.0.jar:/home/runner/.m2/repository/io/smallrye/common/smallrye-common-cpu/2.12.0/smallrye-common-cpu-2.12.0.jar:/home/runner/.m2/repository/io/smallrye/common/smallrye-common-expression/2.12.0/smallrye-common-expression-2.12.0.jar:/home/runner/.m2/repository/io/smallrye/common/smallrye-common-net/2.12.0/smallrye-common-net-2.12.0.jar:/home/runner/.m2/repository/io/smallrye/common/smallrye-common-ref/2.12.0/smallrye-common-ref-2.12.0.jar:/home/runner/.m2/repository/jakarta/json/jakarta.json-api/2.1.3/jakarta.json-api-2.1.3.jar:/home/runner/.m2/repository/org/eclipse/parsson/parsson/1.1.7/parsson-1.1.7.jar:/home/runner/.m2/repository/org/jboss/logging/jboss-logging-annotations/3.0.4.Final/jboss-logging-annotations-3.0.4.Final.jar:/home/runner/.m2/repository/org/jboss/threads/jboss-threads/3.8.0.Final/jboss-threads-3.8.0.Final.jar:/home/runner/.m2/repository/io/smallrye/common/smallrye-common-annotation/2.12.0/smallrye-common-annotation-2.12.0.jar:/home/runner/.m2/repository/io/smallrye/common/smallrye-common-function/2.12.0/smallrye-common-function-2.12.0.jar:/home/runner/.m2/repository/org/jboss/slf4j/slf4j-jboss-logmanager/2.0.0.Final/slf4j-jboss-logmanager-2.0.0.Final.jar:/home/runner/.m2/repository/org/wildfly/common/wildfly-common/2.0.1/wildfly-common-2.0.1.jar:/home/runner/.m2/repository/io/quarkus/quarkus-bootstrap-runner/3.20.2/quarkus-bootstrap-runner-3.20.2.jar:/home/runner/.m2/repository/io/github/crac/org-crac/0.1.3/org-crac-0.1.3.jar:/home/runner/.m2/repository/io/quarkus/quarkus-fs-util/0.0.10/quarkus-fs-util-0.0.10.jar:/home/runner/.m2/repository/org/jboss/marshalling/jboss-marshalling/2.2.2.Final/jboss-marshalling-2.2.2.Final.jar:/home/runner/.m2/repository/io/fabric8/kubernetes-client/7.1.0/kubernetes-client-7.1.0.jar:/home/runner/.m2/repository/io/fabric8/kubernetes-client-api/7.1.0/kubernetes-client-api-7.1.0.jar:/home/runner/.m2/repository/io/fabric8/kubernetes-model-core/7.1.0/kubernetes-model-core-7.1.0.jar:/home/runner/.m2/repository/io/fabric8/kubernetes-model-common/7.1.0/kubernetes-model-common-7.1.0.jar:/home/runner/.m2/repository/javax/annotation/javax.annotation-api/1.3.2/javax.annotation-api-1.3.2.jar:/home/runner/.m2/repository/io/fabric8/kubernetes-model-gatewayapi/7.1.0/kubernetes-model-gatewayapi-7.1.0.jar:/home/runner/.m2/repository/io/fabric8/kubernetes-model-resource/7.1.0/kubernetes-model-resource-7.1.0.jar:/home/runner/.m2/repository/io/fabric8/kubernetes-model-rbac/7.1.0/kubernetes-model-rbac-7.1.0.jar:/home/runner/.m2/repository/io/fabric8/kubernetes-model-admissionregistration/7.1.0/kubernetes-model-admissionregistration-7.1.0.jar:/home/runner/.m2/repository/io/fabric8/kubernetes-model-apps/7.1.0/kubernetes-model-apps-7.1.0.jar:/home/runner/.m2/repository/io/fabric8/kubernetes-model-autoscaling/7.1.0/kubernetes-model-autoscaling-7.1.0.jar:/home/runner/.m2/repository/io/fabric8/kubernetes-model-apiextensions/7.1.0/kubernetes-model-apiextensions-7.1.0.jar:/home/runner/.m2/repository/io/fabric8/kubernetes-model-batch/7.1.0/kubernetes-model-batch-7.1.0.jar:/home/runner/.m2/repository/io/fabric8/kubernetes-model-certificates/7.1.0/kubernetes-model-certificates-7.1.0.jar:/home/runner/.m2/repository/io/fabric8/kubernetes-model-coordination/7.1.0/kubernetes-model-coordination-7.1.0.jar:/home/runner/.m2/repository/io/fabric8/kubernetes-model-discovery/7.1.0/kubernetes-model-discovery-7.1.0.jar:/home/runner/.m2/repository/io/fabric8/kubernetes-model-events/7.1.0/kubernetes-model-events-7.1.0.jar:/home/runner/.m2/repository/io/fabric8/kubernetes-model-extensions/7.1.0/kubernetes-model-extensions-7.1.0.jar:/home/runner/.m2/repository/io/fabric8/kubernetes-model-flowcontrol/7.1.0/kubernetes-model-flowcontrol-7.1.0.jar:/home/runner/.m2/repository/io/fabric8/kubernetes-model-networking/7.1.0/kubernetes-model-networking-7.1.0.jar:/home/runner/.m2/repository/io/fabric8/kubernetes-model-metrics/7.1.0/kubernetes-model-metrics-7.1.0.jar:/home/runner/.m2/repository/io/fabric8/kubernetes-model-policy/7.1.0/kubernetes-model-policy-7.1.0.jar:/home/runner/.m2/repository/io/fabric8/kubernetes-model-scheduling/7.1.0/kubernetes-model-scheduling-7.1.0.jar:/home/runner/.m2/repository/io/fabric8/kubernetes-model-storageclass/7.1.0/kubernetes-model-storageclass-7.1.0.jar:/home/runner/.m2/repository/io/fabric8/kubernetes-model-node/7.1.0/kubernetes-model-node-7.1.0.jar:/home/runner/.m2/repository/org/snakeyaml/snakeyaml-engine/2.9/snakeyaml-engine-2.9.jar:/home/runner/.m2/repository/com/fasterxml/jackson/dataformat/jackson-dataformat-yaml/2.18.2/jackson-dataformat-yaml-2.18.2.jar:/home/runner/.m2/repository/com/fasterxml/jackson/datatype/jackson-datatype-jsr310/2.18.2/jackson-datatype-jsr310-2.18.2.jar:/home/runner/.m2/repository/io/fabric8/zjsonpatch/7.1.0/zjsonpatch-7.1.0.jar:/home/runner/.m2/repository/io/fabric8/kubernetes-httpclient-vertx/7.1.0/kubernetes-httpclient-vertx-7.1.0.jar:/home/runner/.m2/repository/io/vertx/vertx-web-client/4.5.16/vertx-web-client-4.5.16.jar:/home/runner/.m2/repository/io/vertx/vertx-web-common/4.5.16/vertx-web-common-4.5.16.jar:/home/runner/.m2/repository/io/vertx/vertx-auth-common/4.5.16/vertx-auth-common-4.5.16.jar:/home/runner/.m2/repository/io/vertx/vertx-uri-template/4.5.16/vertx-uri-template-4.5.16.jar:/home/runner/.m2/repository/io/fabric8/openshift-client/7.1.0/openshift-client-7.1.0.jar:/home/runner/.m2/repository/io/fabric8/openshift-client-api/7.1.0/openshift-client-api-7.1.0.jar:/home/runner/.m2/repository/io/fabric8/openshift-model/7.1.0/openshift-model-7.1.0.jar:/home/runner/.m2/repository/io/fabric8/openshift-model-autoscaling/7.1.0/openshift-model-autoscaling-7.1.0.jar:/home/runner/.m2/repository/io/fabric8/openshift-model-operator/7.1.0/openshift-model-operator-7.1.0.jar:/home/runner/.m2/repository/io/fabric8/openshift-model-operatorhub/7.1.0/openshift-model-operatorhub-7.1.0.jar:/home/runner/.m2/repository/io/fabric8/openshift-model-machine/7.1.0/openshift-model-machine-7.1.0.jar:/home/runner/.m2/repository/io/fabric8/openshift-model-whereabouts/7.1.0/openshift-model-whereabouts-7.1.0.jar:/home/runner/.m2/repository/io/fabric8/openshift-model-monitoring/7.1.0/openshift-model-monitoring-7.1.0.jar:/home/runner/.m2/repository/io/fabric8/openshift-model-storageversionmigrator/7.1.0/openshift-model-storageversionmigrator-7.1.0.jar:/home/runner/.m2/repository/io/fabric8/openshift-model-tuned/7.1.0/openshift-model-tuned-7.1.0.jar:/home/runner/.m2/repository/io/fabric8/openshift-model-console/7.1.0/openshift-model-console-7.1.0.jar:/home/runner/.m2/repository/io/fabric8/openshift-model-config/7.1.0/openshift-model-config-7.1.0.jar:/home/runner/.m2/repository/io/fabric8/openshift-model-machineconfiguration/7.1.0/openshift-model-machineconfiguration-7.1.0.jar:/home/runner/.m2/repository/io/fabric8/openshift-model-miscellaneous/7.1.0/openshift-model-miscellaneous-7.1.0.jar:/home/runner/.m2/repository/io/fabric8/openshift-model-hive/7.1.0/openshift-model-hive-7.1.0.jar:/home/runner/.m2/repository/io/fabric8/openshift-model-installer/7.1.0/openshift-model-installer-7.1.0.jar:/home/runner/.m2/repository/org/junit/platform/junit-platform-launcher/1.12.1/junit-platform-launcher-1.12.1.jar:/home/runner/.m2/repository/org/junit/platform/junit-platform-engine/1.12.1/junit-platform-engine-1.12.1.jar:/home/runner/.m2/repository/org/opentest4j/opentest4j/1.3.0/opentest4j-1.3.0.jar:/home/runner/.m2/repository/org/junit/platform/junit-platform-commons/1.12.1/junit-platform-commons-1.12.1.jar:/home/runner/.m2/repository/org/apiguardian/apiguardian-api/1.1.2/apiguardian-api-1.1.2.jar:/home/runner/.m2/repository/jakarta/ws/rs/jakarta.ws.rs-api/3.1.0/jakarta.ws.rs-api-3.1.0.jar:/home/runner/work/apicurio-testing/apicurio-testing/clusters/ci419/namespaces/ksql047/tests/integration/apicurio-registry/java-sdk/target/apicurio-registry-java-sdk-3.0.12-SNAPSHOT.jar:/home/runner/.m2/repository/com/microsoft/kiota/microsoft-kiota-abstractions/1.8.8/microsoft-kiota-abstractions-1.8.8.jar:/home/runner/.m2/repository/io/github/std-uritemplate/std-uritemplate/2.0.0/std-uritemplate-2.0.0.jar:/home/runner/.m2/repository/io/kiota/kiota-http-jdk/0.0.29/kiota-http-jdk-0.0.29.jar:/home/runner/.m2/repository/io/kiota/kiota-http-vertx/0.0.29/kiota-http-vertx-0.0.29.jar:/home/runner/.m2/repository/io/kiota/kiota-serialization-jackson/0.0.29/kiota-serialization-jackson-0.0.29.jar:/home/runner/.m2/repository/com/microsoft/kiota/microsoft-kiota-serialization-text/1.8.8/microsoft-kiota-serialization-text-1.8.8.jar:/home/runner/.m2/repository/com/microsoft/kiota/microsoft-kiota-serialization-form/1.8.8/microsoft-kiota-serialization-form-1.8.8.jar:/home/runner/.m2/repository/com/microsoft/kiota/microsoft-kiota-serialization-multipart/1.8.8/microsoft-kiota-serialization-multipart-1.8.8.jar:/home/runner/.m2/repository/jakarta/annotation/jakarta.annotation-api/3.0.0/jakarta.annotation-api-3.0.0.jar:/home/runner/.m2/repository/io/vertx/vertx-auth-oauth2/4.5.16/vertx-auth-oauth2-4.5.16.jar:/home/runner/work/apicurio-testing/apicurio-testing/clusters/ci419/namespaces/ksql047/tests/integration/apicurio-registry/java-sdk-v2/target/apicurio-registry-v2-java-sdk-3.0.12-SNAPSHOT.jar:/home/runner/work/apicurio-testing/apicurio-testing/clusters/ci419/namespaces/ksql047/tests/integration/apicurio-registry/utils/kafka/target/apicurio-registry-utils-kafka-3.0.12-SNAPSHOT-tests.jar:/home/runner/.m2/repository/org/eclipse/microprofile/config/microprofile-config-api/3.1/microprofile-config-api-3.1.jar:/home/runner/.m2/repository/org/apache/kafka/kafka-clients/3.9.1/kafka-clients-3.9.1.jar:/home/runner/.m2/repository/com/github/luben/zstd-jni/1.5.6-4/zstd-jni-1.5.6-4.jar:/home/runner/.m2/repository/org/lz4/lz4-java/1.8.0/lz4-java-1.8.0.jar:/home/runner/.m2/repository/org/xerial/snappy/snappy-java/1.1.10.5/snappy-java-1.1.10.5.jar:/home/runner/.m2/repository/org/slf4j/slf4j-api/2.0.6/slf4j-api-2.0.6.jar:/home/runner/work/apicurio-testing/apicurio-testing/clusters/ci419/namespaces/ksql047/tests/integration/apicurio-registry/utils/tests/target/apicurio-registry-utils-tests-3.0.12-SNAPSHOT.jar:/home/runner/work/apicurio-testing/apicurio-testing/clusters/ci419/namespaces/ksql047/tests/integration/apicurio-registry/common/target/apicurio-registry-common-3.0.12-SNAPSHOT.jar:/home/runner/.m2/repository/jakarta/validation/jakarta.validation-api/3.0.2/jakarta.validation-api-3.0.2.jar:/home/runner/.m2/repository/com/github/dasniko/testcontainers-keycloak/3.8.0/testcontainers-keycloak-3.8.0.jar:/home/runner/.m2/repository/org/testcontainers/testcontainers/1.20.6/testcontainers-1.20.6.jar:/home/runner/.m2/repository/org/rnorth/duct-tape/duct-tape/1.0.8/duct-tape-1.0.8.jar:/home/runner/.m2/repository/com/github/docker-java/docker-java-transport-zerodep/3.4.1/docker-java-transport-zerodep-3.4.1.jar:/home/runner/.m2/repository/com/github/docker-java/docker-java-transport/3.4.1/docker-java-transport-3.4.1.jar:/home/runner/.m2/repository/net/java/dev/jna/jna/5.8.0/jna-5.8.0.jar:/home/runner/.m2/repository/io/quarkus/quarkus-junit4-mock/3.20.2/quarkus-junit4-mock-3.20.2.jar:/home/runner/.m2/repository/org/jboss/shrinkwrap/shrinkwrap-api/2.0.0-beta-2/shrinkwrap-api-2.0.0-beta-2.jar:/home/runner/.m2/repository/org/jboss/shrinkwrap/shrinkwrap-impl-base/2.0.0-beta-2/shrinkwrap-impl-base-2.0.0-beta-2.jar:/home/runner/.m2/repository/org/jboss/shrinkwrap/shrinkwrap-spi/2.0.0-beta-2/shrinkwrap-spi-2.0.0-beta-2.jar:/home/runner/.m2/repository/org/keycloak/keycloak-admin-client/26.0.4/keycloak-admin-client-26.0.4.jar:/home/runner/.m2/repository/org/keycloak/keycloak-client-common-synced/26.0.4/keycloak-client-common-synced-26.0.4.jar:/home/runner/.m2/repository/jakarta/activation/jakarta.activation-api/2.1.3/jakarta.activation-api-2.1.3.jar:/home/runner/.m2/repository/org/eclipse/microprofile/openapi/microprofile-openapi-api/4.0.2/microprofile-openapi-api-4.0.2.jar:/home/runner/.m2/repository/org/jboss/resteasy/resteasy-client/6.2.12.Final/resteasy-client-6.2.12.Final.jar:/home/runner/.m2/repository/org/jboss/resteasy/resteasy-client-api/6.2.12.Final/resteasy-client-api-6.2.12.Final.jar:/home/runner/.m2/repository/org/jboss/resteasy/resteasy-core-spi/6.2.12.Final/resteasy-core-spi-6.2.12.Final.jar:/home/runner/.m2/repository/org/jboss/resteasy/resteasy-core/6.2.12.Final/resteasy-core-6.2.12.Final.jar:/home/runner/.m2/repository/org/eclipse/angus/angus-activation/2.0.2/angus-activation-2.0.2.jar:/home/runner/.m2/repository/com/ibm/async/asyncutil/0.1.0/asyncutil-0.1.0.jar:/home/runner/.m2/repository/org/reactivestreams/reactive-streams/1.0.4/reactive-streams-1.0.4.jar:/home/runner/.m2/repository/org/jboss/resteasy/resteasy-multipart-provider/6.2.12.Final/resteasy-multipart-provider-6.2.12.Final.jar:/home/runner/.m2/repository/jakarta/mail/jakarta.mail-api/2.1.3/jakarta.mail-api-2.1.3.jar:/home/runner/.m2/repository/org/eclipse/angus/angus-mail/2.0.3/angus-mail-2.0.3.jar:/home/runner/.m2/repository/org/apache/james/apache-mime4j-dom/0.8.12/apache-mime4j-dom-0.8.12.jar:/home/runner/.m2/repository/org/apache/james/apache-mime4j-core/0.8.12/apache-mime4j-core-0.8.12.jar:/home/runner/.m2/repository/org/apache/james/apache-mime4j-storage/0.8.12/apache-mime4j-storage-0.8.12.jar:/home/runner/.m2/repository/org/jboss/resteasy/resteasy-jackson2-provider/6.2.12.Final/resteasy-jackson2-provider-6.2.12.Final.jar:/home/runner/.m2/repository/com/fasterxml/jackson/jakarta/rs/jackson-jakarta-rs-base/2.18.2/jackson-jakarta-rs-base-2.18.2.jar:/home/runner/.m2/repository/com/fasterxml/jackson/jakarta/rs/jackson-jakarta-rs-json-provider/2.18.2/jackson-jakarta-rs-json-provider-2.18.2.jar:/home/runner/.m2/repository/com/fasterxml/jackson/module/jackson-module-jakarta-xmlbind-annotations/2.18.2/jackson-module-jakarta-xmlbind-annotations-2.18.2.jar:/home/runner/.m2/repository/com/github/java-json-tools/json-patch/1.13/json-patch-1.13.jar:/home/runner/.m2/repository/com/github/java-json-tools/msg-simple/1.2/msg-simple-1.2.jar:/home/runner/.m2/repository/com/github/java-json-tools/btf/1.3/btf-1.3.jar:/home/runner/.m2/repository/com/github/java-json-tools/jackson-coreutils/2.0/jackson-coreutils-2.0.jar:/home/runner/.m2/repository/org/jboss/resteasy/resteasy-jaxb-provider/6.2.12.Final/resteasy-jaxb-provider-6.2.12.Final.jar:/home/runner/.m2/repository/org/glassfish/jaxb/codemodel/4.0.5/codemodel-4.0.5.jar:/home/runner/.m2/repository/org/glassfish/jaxb/jaxb-core/4.0.5/jaxb-core-4.0.5.jar:/home/runner/.m2/repository/org/glassfish/jaxb/jaxb-jxc/4.0.5/jaxb-jxc-4.0.5.jar:/home/runner/.m2/repository/org/glassfish/jaxb/jaxb-runtime/4.0.5/jaxb-runtime-4.0.5.jar:/home/runner/.m2/repository/org/glassfish/jaxb/txw2/4.0.5/txw2-4.0.5.jar:/home/runner/.m2/repository/org/glassfish/jaxb/jaxb-xjc/4.0.5/jaxb-xjc-4.0.5.jar:/home/runner/.m2/repository/org/glassfish/jaxb/xsom/4.0.5/xsom-4.0.5.jar:/home/runner/.m2/repository/com/sun/istack/istack-commons-runtime/4.1.2/istack-commons-runtime-4.1.2.jar:/home/runner/.m2/repository/com/sun/istack/istack-commons-tools/4.1.2/istack-commons-tools-4.1.2.jar:/home/runner/.m2/repository/com/sun/xml/bind/external/relaxng-datatype/4.0.5/relaxng-datatype-4.0.5.jar:/home/runner/.m2/repository/com/sun/xml/bind/external/rngom/4.0.5/rngom-4.0.5.jar:/home/runner/.m2/repository/org/testcontainers/mssqlserver/1.20.6/mssqlserver-1.20.6.jar:/home/runner/.m2/repository/org/testcontainers/jdbc/1.20.6/jdbc-1.20.6.jar:/home/runner/.m2/repository/org/testcontainers/database-commons/1.20.6/database-commons-1.20.6.jar:/home/runner/.m2/repository/org/testcontainers/mysql/1.20.6/mysql-1.20.6.jar:/home/runner/.m2/repository/io/strimzi/strimzi-test-container/0.111.0/strimzi-test-container-0.111.0.jar:/home/runner/.m2/repository/org/testcontainers/toxiproxy/1.20.6/toxiproxy-1.20.6.jar:/home/runner/.m2/repository/com/github/docker-java/docker-java-api/3.4.1/docker-java-api-3.4.1.jar:/home/runner/.m2/repository/org/apache/logging/log4j/log4j-slf4j-impl/2.19.0/log4j-slf4j-impl-2.19.0.jar:/home/runner/.m2/repository/org/apache/logging/log4j/log4j-api/2.24.3/log4j-api-2.24.3.jar:/home/runner/.m2/repository/org/apache/logging/log4j/log4j-core/2.19.0/log4j-core-2.19.0.jar:/home/runner/.m2/repository/eu/rekawek/toxiproxy/toxiproxy-java/2.1.7/toxiproxy-java-2.1.7.jar:/home/runner/.m2/repository/org/testcontainers/pulsar/1.21.3/pulsar-1.21.3.jar:/home/runner/.m2/repository/io/debezium/debezium-testing-testcontainers/2.7.4.Final/debezium-testing-testcontainers-2.7.4.Final.jar:/home/runner/.m2/repository/org/testcontainers/kafka/1.20.6/kafka-1.20.6.jar:/home/runner/.m2/repository/com/squareup/okhttp3/okhttp/4.8.1/okhttp-4.8.1.jar:/home/runner/.m2/repository/com/squareup/okio/okio/3.10.2/okio-3.10.2.jar:/home/runner/.m2/repository/com/squareup/okio/okio-jvm/3.10.2/okio-jvm-3.10.2.jar:/home/runner/.m2/repository/org/jetbrains/kotlin/kotlin-stdlib/2.0.21/kotlin-stdlib-2.0.21.jar:/home/runner/.m2/repository/org/awaitility/awaitility/4.3.0/awaitility-4.3.0.jar:/home/runner/.m2/repository/org/testcontainers/mongodb/1.20.6/mongodb-1.20.6.jar:/home/runner/.m2/repository/org/testcontainers/mariadb/1.20.6/mariadb-1.20.6.jar:/home/runner/.m2/repository/org/testcontainers/oracle-xe/1.20.6/oracle-xe-1.20.6.jar:/home/runner/.m2/repository/org/testcontainers/postgresql/1.20.6/postgresql-1.20.6.jar:/home/runner/.m2/repository/org/wiremock/wiremock/3.0.1/wiremock-3.0.1.jar:/home/runner/.m2/repository/org/eclipse/jetty/jetty-server/11.0.15/jetty-server-11.0.15.jar:/home/runner/.m2/repository/org/eclipse/jetty/toolchain/jetty-jakarta-servlet-api/5.0.2/jetty-jakarta-servlet-api-5.0.2.jar:/home/runner/.m2/repository/org/eclipse/jetty/jetty-http/11.0.15/jetty-http-11.0.15.jar:/home/runner/.m2/repository/org/eclipse/jetty/jetty-io/11.0.15/jetty-io-11.0.15.jar:/home/runner/.m2/repository/org/eclipse/jetty/jetty-servlet/11.0.15/jetty-servlet-11.0.15.jar:/home/runner/.m2/repository/org/eclipse/jetty/jetty-security/11.0.15/jetty-security-11.0.15.jar:/home/runner/.m2/repository/org/eclipse/jetty/jetty-servlets/11.0.15/jetty-servlets-11.0.15.jar:/home/runner/.m2/repository/org/eclipse/jetty/jetty-util/11.0.15/jetty-util-11.0.15.jar:/home/runner/.m2/repository/org/eclipse/jetty/jetty-webapp/11.0.15/jetty-webapp-11.0.15.jar:/home/runner/.m2/repository/org/eclipse/jetty/jetty-xml/11.0.15/jetty-xml-11.0.15.jar:/home/runner/.m2/repository/org/eclipse/jetty/jetty-proxy/11.0.15/jetty-proxy-11.0.15.jar:/home/runner/.m2/repository/org/eclipse/jetty/jetty-client/11.0.15/jetty-client-11.0.15.jar:/home/runner/.m2/repository/org/eclipse/jetty/http2/http2-server/11.0.15/http2-server-11.0.15.jar:/home/runner/.m2/repository/org/eclipse/jetty/http2/http2-common/11.0.15/http2-common-11.0.15.jar:/home/runner/.m2/repository/org/eclipse/jetty/http2/http2-hpack/11.0.15/http2-hpack-11.0.15.jar:/home/runner/.m2/repository/org/eclipse/jetty/jetty-alpn-server/11.0.15/jetty-alpn-server-11.0.15.jar:/home/runner/.m2/repository/org/eclipse/jetty/jetty-alpn-java-server/11.0.15/jetty-alpn-java-server-11.0.15.jar:/home/runner/.m2/repository/org/eclipse/jetty/jetty-alpn-java-client/11.0.15/jetty-alpn-java-client-11.0.15.jar:/home/runner/.m2/repository/org/eclipse/jetty/jetty-alpn-client/11.0.15/jetty-alpn-client-11.0.15.jar:/home/runner/.m2/repository/org/apache/httpcomponents/client5/httpclient5/5.2.1/httpclient5-5.2.1.jar:/home/runner/.m2/repository/org/apache/httpcomponents/core5/httpcore5/5.2/httpcore5-5.2.jar:/home/runner/.m2/repository/org/apache/httpcomponents/core5/httpcore5-h2/5.2/httpcore5-h2-5.2.jar:/home/runner/.m2/repository/org/xmlunit/xmlunit-core/2.9.1/xmlunit-core-2.9.1.jar:/home/runner/.m2/repository/jakarta/xml/bind/jakarta.xml.bind-api/4.0.2/jakarta.xml.bind-api-4.0.2.jar:/home/runner/.m2/repository/org/xmlunit/xmlunit-legacy/2.9.1/xmlunit-legacy-2.9.1.jar:/home/runner/.m2/repository/org/xmlunit/xmlunit-placeholders/2.9.1/xmlunit-placeholders-2.9.1.jar:/home/runner/.m2/repository/net/javacrumbs/json-unit/json-unit-core/2.38.0/json-unit-core-2.38.0.jar:/home/runner/.m2/repository/org/hamcrest/hamcrest-core/2.2/hamcrest-core-2.2.jar:/home/runner/.m2/repository/com/jayway/jsonpath/json-path/2.8.0/json-path-2.8.0.jar:/home/runner/.m2/repository/net/minidev/json-smart/2.4.10/json-smart-2.4.10.jar:/home/runner/.m2/repository/net/minidev/accessors-smart/2.4.9/accessors-smart-2.4.9.jar:/home/runner/.m2/repository/org/ow2/asm/asm/9.7.1/asm-9.7.1.jar:/home/runner/.m2/repository/net/sf/jopt-simple/jopt-simple/5.0.4/jopt-simple-5.0.4.jar:/home/runner/.m2/repository/com/github/jknack/handlebars/4.3.1/handlebars-4.3.1.jar:/home/runner/.m2/repository/com/github/jknack/handlebars-helpers/4.3.1/handlebars-helpers-4.3.1.jar:/home/runner/.m2/repository/commons-fileupload/commons-fileupload/1.5/commons-fileupload-1.5.jar:/home/runner/.m2/repository/com/networknt/json-schema-validator/1.5.8/json-schema-validator-1.5.8.jar:/home/runner/.m2/repository/com/ethlo/time/itu/1.10.3/itu-1.10.3.jar:/home/runner/.m2/repository/io/quarkus/quarkus-smallrye-jwt-build/3.20.2/quarkus-smallrye-jwt-build-3.20.2.jar:/home/runner/.m2/repository/io/smallrye/smallrye-jwt-build/4.6.2/smallrye-jwt-build-4.6.2.jar:/home/runner/.m2/repository/org/eclipse/microprofile/jwt/microprofile-jwt-auth-api/2.1/microprofile-jwt-auth-api-2.1.jar:/home/runner/.m2/repository/org/bitbucket/b_c/jose4j/0.9.6/jose4j-0.9.6.jar:/home/runner/.m2/repository/io/smallrye/smallrye-jwt-common/4.6.2/smallrye-jwt-common-4.6.2.jar:/home/runner/.m2/repository/io/quarkus/quarkus-jsonp/3.20.2/quarkus-jsonp-3.20.2.jar:/home/runner/.m2/repository/io/quarkus/quarkus-arc/3.20.2/quarkus-arc-3.20.2.jar:/home/runner/.m2/repository/io/quarkus/arc/arc/3.20.2/arc-3.20.2.jar:/home/runner/.m2/repository/jakarta/transaction/jakarta.transaction-api/2.0.1/jakarta.transaction-api-2.0.1.jar:/home/runner/.m2/repository/io/smallrye/reactive/mutiny/2.9.2/mutiny-2.9.2.jar:/home/runner/.m2/repository/org/jctools/jctools-core/4.0.5/jctools-core-4.0.5.jar:/home/runner/.m2/repository/org/eclipse/microprofile/context-propagation/microprofile-context-propagation-api/1.3/microprofile-context-propagation-api-1.3.jar:/home/runner/.m2/repository/io/apicurio/apicurio-common-rest-client-common/0.1.18.Final/apicurio-common-rest-client-common-0.1.18.Final.jar:/home/runner/work/apicurio-testing/apicurio-testing/clusters/ci419/namespaces/ksql047/tests/integration/apicurio-registry/utils/maven-plugin/target/apicurio-registry-maven-plugin-3.0.12-SNAPSHOT.jar:/home/runner/.m2/repository/com/fasterxml/jackson/core/jackson-databind/2.18.2/jackson-databind-2.18.2.jar:/home/runner/.m2/repository/org/apache/avro/avro/1.12.0/avro-1.12.0.jar:/home/runner/.m2/repository/com/google/protobuf/protobuf-java/4.31.1/protobuf-java-4.31.1.jar:/home/runner/.m2/repository/com/google/protobuf/protobuf-java-util/4.31.1/protobuf-java-util-4.31.1.jar:/home/runner/.m2/repository/com/google/code/findbugs/jsr305/3.0.2/jsr305-3.0.2.jar:/home/runner/.m2/repository/com/google/code/gson/gson/2.12.1/gson-2.12.1.jar:/home/runner/.m2/repository/com/google/errorprone/error_prone_annotations/2.36.0/error_prone_annotations-2.36.0.jar:/home/runner/.m2/repository/com/google/j2objc/j2objc-annotations/2.8/j2objc-annotations-2.8.jar:/home/runner/work/apicurio-testing/apicurio-testing/clusters/ci419/namespaces/ksql047/tests/integration/apicurio-registry/schema-util/util-provider/target/apicurio-registry-schema-util-provider-3.0.12-SNAPSHOT.jar:/home/runner/work/apicurio-testing/apicurio-testing/clusters/ci419/namespaces/ksql047/tests/integration/apicurio-registry/schema-util/common/target/apicurio-registry-schema-util-common-3.0.12-SNAPSHOT.jar:/home/runner/.m2/repository/com/fasterxml/jackson/module/jackson-module-parameter-names/2.18.2/jackson-module-parameter-names-2.18.2.jar:/home/runner/.m2/repository/com/fasterxml/jackson/datatype/jackson-datatype-json-org/2.18.2/jackson-datatype-json-org-2.18.2.jar:/home/runner/work/apicurio-testing/apicurio-testing/clusters/ci419/namespaces/ksql047/tests/integration/apicurio-registry/schema-util/json/target/apicurio-registry-schema-util-json-3.0.12-SNAPSHOT.jar:/home/runner/.m2/repository/com/github/erosb/everit-json-schema/1.14.5/everit-json-schema-1.14.5.jar:/home/runner/.m2/repository/commons-validator/commons-validator/1.9.0/commons-validator-1.9.0.jar:/home/runner/.m2/repository/commons-digester/commons-digester/2.1/commons-digester-2.1.jar:/home/runner/.m2/repository/commons-collections/commons-collections/3.2.2/commons-collections-3.2.2.jar:/home/runner/.m2/repository/com/damnhandy/handy-uri-templates/2.1.8/handy-uri-templates-2.1.8.jar:/home/runner/.m2/repository/joda-time/joda-time/2.10.2/joda-time-2.10.2.jar:/home/runner/.m2/repository/com/github/erosb/json-sKema/0.20.0/json-sKema-0.20.0.jar:/home/runner/.m2/repository/io/vertx/vertx-json-schema/4.5.16/vertx-json-schema-4.5.16.jar:/home/runner/work/apicurio-testing/apicurio-testing/clusters/ci419/namespaces/ksql047/tests/integration/apicurio-registry/schema-util/protobuf/target/apicurio-registry-schema-util-protobuf-3.0.12-SNAPSHOT.jar:/home/runner/work/apicurio-testing/apicurio-testing/clusters/ci419/namespaces/ksql047/tests/integration/apicurio-registry/utils/protobuf-schema-utilities/target/apicurio-registry-protobuf-schema-utilities-3.0.12-SNAPSHOT.jar:/home/runner/.m2/repository/com/google/api/grpc/proto-google-common-protos/2.52.0/proto-google-common-protos-2.52.0.jar:/home/runner/.m2/repository/com/squareup/wire/wire-schema-jvm/5.3.3/wire-schema-jvm-5.3.3.jar:/home/runner/.m2/repository/com/palantir/javapoet/javapoet/0.6.0/javapoet-0.6.0.jar:/home/runner/.m2/repository/com/squareup/kotlinpoet-jvm/2.0.0/kotlinpoet-jvm-2.0.0.jar:/home/runner/.m2/repository/org/jetbrains/kotlin/kotlin-reflect/2.0.21/kotlin-reflect-2.0.21.jar:/home/runner/.m2/repository/com/squareup/wire/wire-runtime-jvm/5.3.3/wire-runtime-jvm-5.3.3.jar:/home/runner/.m2/repository/com/ibm/icu/icu4j/76.1/icu4j-76.1.jar:/home/runner/.m2/repository/com/squareup/okio/okio-fakefilesystem/3.10.2/okio-fakefilesystem-3.10.2.jar:/home/runner/.m2/repository/com/squareup/okio/okio-fakefilesystem-jvm/3.10.2/okio-fakefilesystem-jvm-3.10.2.jar:/home/runner/.m2/repository/org/jetbrains/kotlinx/kotlinx-datetime-jvm/0.6.1/kotlinx-datetime-jvm-0.6.1.jar:/home/runner/work/apicurio-testing/apicurio-testing/clusters/ci419/namespaces/ksql047/tests/integration/apicurio-registry/schema-util/asyncapi/target/apicurio-registry-schema-util-asyncapi-3.0.12-SNAPSHOT.jar:/home/runner/work/apicurio-testing/apicurio-testing/clusters/ci419/namespaces/ksql047/tests/integration/apicurio-registry/schema-util/avro/target/apicurio-registry-schema-util-avro-3.0.12-SNAPSHOT.jar:/home/runner/work/apicurio-testing/apicurio-testing/clusters/ci419/namespaces/ksql047/tests/integration/apicurio-registry/schema-util/graphql/target/apicurio-registry-schema-util-graphql-3.0.12-SNAPSHOT.jar:/home/runner/.m2/repository/com/graphql-java/graphql-java/22.4/graphql-java-22.4.jar:/home/runner/.m2/repository/com/graphql-java/java-dataloader/3.3.0/java-dataloader-3.3.0.jar:/home/runner/work/apicurio-testing/apicurio-testing/clusters/ci419/namespaces/ksql047/tests/integration/apicurio-registry/schema-util/kconnect/target/apicurio-registry-schema-util-kconnect-3.0.12-SNAPSHOT.jar:/home/runner/work/apicurio-testing/apicurio-testing/clusters/ci419/namespaces/ksql047/tests/integration/apicurio-registry/schema-util/openapi/target/apicurio-registry-schema-util-openapi-3.0.12-SNAPSHOT.jar:/home/runner/.m2/repository/io/apicurio/apicurio-data-models/2.2.2/apicurio-data-models-2.2.2.jar:/home/runner/.m2/repository/org/openapitools/openapidiff/openapi-diff-core/2.1.2/openapi-diff-core-2.1.2.jar:/home/runner/.m2/repository/io/swagger/parser/v3/swagger-parser/2.1.28/swagger-parser-2.1.28.jar:/home/runner/.m2/repository/io/swagger/parser/v3/swagger-parser-v2-converter/2.1.28/swagger-parser-v2-converter-2.1.28.jar:/home/runner/.m2/repository/io/swagger/swagger-core/1.6.16/swagger-core-1.6.16.jar:/home/runner/.m2/repository/io/swagger/swagger-models/1.6.16/swagger-models-1.6.16.jar:/home/runner/.m2/repository/io/swagger/swagger-annotations/1.6.16/swagger-annotations-1.6.16.jar:/home/runner/.m2/repository/io/swagger/swagger-parser/1.0.75/swagger-parser-1.0.75.jar:/home/runner/.m2/repository/io/swagger/swagger-parser-safe-url-resolver/1.0.75/swagger-parser-safe-url-resolver-1.0.75.jar:/home/runner/.m2/repository/io/swagger/swagger-compat-spec-parser/1.0.75/swagger-compat-spec-parser-1.0.75.jar:/home/runner/.m2/repository/com/github/java-json-tools/json-schema-validator/2.2.14/json-schema-validator-2.2.14.jar:/home/runner/.m2/repository/com/github/java-json-tools/jackson-coreutils-equivalence/1.0/jackson-coreutils-equivalence-1.0.jar:/home/runner/.m2/repository/com/github/java-json-tools/json-schema-core/1.2.14/json-schema-core-1.2.14.jar:/home/runner/.m2/repository/com/github/java-json-tools/uri-template/0.10/uri-template-0.10.jar:/home/runner/.m2/repository/com/googlecode/libphonenumber/libphonenumber/8.11.1/libphonenumber-8.11.1.jar:/home/runner/.m2/repository/com/j2html/j2html/1.6.0/j2html-1.6.0.jar:/home/runner/.m2/repository/org/apache/commons/commons-collections4/4.5.0/commons-collections4-4.5.0.jar:/home/runner/.m2/repository/org/slf4j/jcl-over-slf4j/2.0.17/jcl-over-slf4j-2.0.17.jar:/home/runner/.m2/repository/io/swagger/parser/v3/swagger-parser-v3/2.1.31/swagger-parser-v3-2.1.31.jar:/home/runner/.m2/repository/io/swagger/core/v3/swagger-models/2.2.34/swagger-models-2.2.34.jar:/home/runner/.m2/repository/io/swagger/core/v3/swagger-core/2.2.34/swagger-core-2.2.34.jar:/home/runner/.m2/repository/io/swagger/parser/v3/swagger-parser-core/2.1.31/swagger-parser-core-2.1.31.jar:/home/runner/.m2/repository/io/swagger/parser/v3/swagger-parser-safe-url-resolver/2.1.31/swagger-parser-safe-url-resolver-2.1.31.jar:/home/runner/work/apicurio-testing/apicurio-testing/clusters/ci419/namespaces/ksql047/tests/integration/apicurio-registry/schema-util/wsdl/target/apicurio-registry-schema-util-wsdl-3.0.12-SNAPSHOT.jar:/home/runner/.m2/repository/wsdl4j/wsdl4j/1.6.3/wsdl4j-1.6.3.jar:/home/runner/work/apicurio-testing/apicurio-testing/clusters/ci419/namespaces/ksql047/tests/integration/apicurio-registry/schema-util/xml/target/apicurio-registry-schema-util-xml-3.0.12-SNAPSHOT.jar:/home/runner/.m2/repository/org/apache/santuario/xmlsec/4.0.4/xmlsec-4.0.4.jar:/home/runner/.m2/repository/com/fasterxml/woodstox/woodstox-core/7.1.1/woodstox-core-7.1.1.jar:/home/runner/.m2/repository/org/codehaus/woodstox/stax2-api/4.2.2/stax2-api-4.2.2.jar:/home/runner/work/apicurio-testing/apicurio-testing/clusters/ci419/namespaces/ksql047/tests/integration/apicurio-registry/schema-util/xsd/target/apicurio-registry-schema-util-xsd-3.0.12-SNAPSHOT.jar:/home/runner/work/apicurio-testing/apicurio-testing/clusters/ci419/namespaces/ksql047/tests/integration/apicurio-registry/serdes/kafka/jsonschema-serde/target/apicurio-registry-jsonschema-serde-kafka-3.0.12-SNAPSHOT.jar:/home/runner/work/apicurio-testing/apicurio-testing/clusters/ci419/namespaces/ksql047/tests/integration/apicurio-registry/serdes/kafka/serde-kafka-common/target/apicurio-registry-serde-kafka-common-3.0.12-SNAPSHOT.jar:/home/runner/work/apicurio-testing/apicurio-testing/clusters/ci419/namespaces/ksql047/tests/integration/apicurio-registry/serdes/generic/serde-common/target/apicurio-registry-serde-common-3.0.12-SNAPSHOT.jar:/home/runner/work/apicurio-testing/apicurio-testing/clusters/ci419/namespaces/ksql047/tests/integration/apicurio-registry/serdes/generic/serde-common-jsonschema/target/apicurio-registry-serde-common-jsonschema-3.0.12-SNAPSHOT.jar:/home/runner/.m2/repository/org/json/json/20250107/json-20250107.jar:/home/runner/work/apicurio-testing/apicurio-testing/clusters/ci419/namespaces/ksql047/tests/integration/apicurio-registry/serdes/kafka/avro-serde/target/apicurio-registry-avro-serde-kafka-3.0.12-SNAPSHOT.jar:/home/runner/work/apicurio-testing/apicurio-testing/clusters/ci419/namespaces/ksql047/tests/integration/apicurio-registry/serdes/generic/serde-common-avro/target/apicurio-registry-serde-common-avro-3.0.12-SNAPSHOT.jar:/home/runner/work/apicurio-testing/apicurio-testing/clusters/ci419/namespaces/ksql047/tests/integration/apicurio-registry/serdes/kafka/protobuf-serde/target/apicurio-registry-protobuf-serde-kafka-3.0.12-SNAPSHOT.jar:/home/runner/work/apicurio-testing/apicurio-testing/clusters/ci419/namespaces/ksql047/tests/integration/apicurio-registry/serdes/generic/serde-common-protobuf/target/apicurio-registry-serde-common-protobuf-3.0.12-SNAPSHOT.jar:/home/runner/.m2/repository/com/squareup/wire/wire-schema/5.3.3/wire-schema-5.3.3.jar:/home/runner/.m2/repository/com/squareup/wire/wire-runtime/5.3.3/wire-runtime-5.3.3.jar:/home/runner/work/apicurio-testing/apicurio-testing/clusters/ci419/namespaces/ksql047/tests/integration/apicurio-registry/serdes/pulsar/avro-serde/target/apicurio-registry-avro-serde-pulsar-3.0.12-SNAPSHOT.jar:/home/runner/.m2/repository/org/apache/pulsar/pulsar-functions-api/3.3.8/pulsar-functions-api-3.3.8.jar:/home/runner/work/apicurio-testing/apicurio-testing/clusters/ci419/namespaces/ksql047/tests/integration/apicurio-registry/serdes/nats/avro-serde/target/apicurio-registry-avro-serde-nats-3.0.12-SNAPSHOT.jar:/home/runner/.m2/repository/io/nats/jnats/2.21.4/jnats-2.21.4.jar:/home/runner/.m2/repository/org/bouncycastle/bcprov-lts8on/2.73.7/bcprov-lts8on-2.73.7.jar:/home/runner/.m2/repository/org/jetbrains/annotations/26.0.2/annotations-26.0.2.jar:/home/runner/work/apicurio-testing/apicurio-testing/clusters/ci419/namespaces/ksql047/tests/integration/apicurio-registry/utils/converter/target/apicurio-registry-utils-converter-3.0.12-SNAPSHOT.jar:/home/runner/work/apicurio-testing/apicurio-testing/clusters/ci419/namespaces/ksql047/tests/integration/apicurio-registry/schema-resolver/target/apicurio-registry-schema-resolver-3.0.12-SNAPSHOT.jar:/home/runner/.m2/repository/org/apache/kafka/connect-api/3.9.1/connect-api-3.9.1.jar:/home/runner/.m2/repository/javax/ws/rs/javax.ws.rs-api/2.1.1/javax.ws.rs-api-2.1.1.jar:/home/runner/.m2/repository/org/apache/kafka/connect-json/3.9.1/connect-json-3.9.1.jar:/home/runner/.m2/repository/com/fasterxml/jackson/datatype/jackson-datatype-jdk8/2.18.2/jackson-datatype-jdk8-2.18.2.jar:/home/runner/.m2/repository/com/fasterxml/jackson/module/jackson-module-afterburner/2.18.2/jackson-module-afterburner-2.18.2.jar:/home/runner/work/apicurio-testing/apicurio-testing/clusters/ci419/namespaces/ksql047/tests/integration/apicurio-registry/utils/kafka/target/apicurio-registry-utils-kafka-3.0.12-SNAPSHOT.jar:/home/runner/.m2/repository/org/apache/pulsar/pulsar-client/3.3.8/pulsar-client-3.3.8.jar:/home/runner/.m2/repository/org/apache/pulsar/pulsar-client-api/3.3.8/pulsar-client-api-3.3.8.jar:/home/runner/.m2/repository/org/apache/pulsar/pulsar-client-admin-api/3.3.8/pulsar-client-admin-api-3.3.8.jar:/home/runner/.m2/repository/org/apache/pulsar/bouncy-castle-bc/3.3.8/bouncy-castle-bc-3.3.8-pkg.jar:/home/runner/.m2/repository/org/bouncycastle/bcpkix-jdk18on/1.81/bcpkix-jdk18on-1.81.jar:/home/runner/.m2/repository/org/bouncycastle/bcutil-jdk18on/1.81/bcutil-jdk18on-1.81.jar:/home/runner/.m2/repository/org/bouncycastle/bcprov-jdk18on/1.81/bcprov-jdk18on-1.81.jar:/home/runner/.m2/repository/io/opentelemetry/opentelemetry-api/1.44.1/opentelemetry-api-1.44.1.jar:/home/runner/.m2/repository/io/opentelemetry/opentelemetry-context/1.44.1/opentelemetry-context-1.44.1.jar:/home/runner/.m2/repository/io/opentelemetry/opentelemetry-api-incubator/1.44.1-alpha/opentelemetry-api-incubator-1.44.1-alpha.jar:/home/runner/.m2/repository/com/fasterxml/jackson/core/jackson-annotations/2.18.2/jackson-annotations-2.18.2.jar:/home/runner/.m2/repository/javax/validation/validation-api/1.1.0.Final/validation-api-1.1.0.Final.jar:/home/runner/.m2/repository/org/jspecify/jspecify/1.0.0/jspecify-1.0.0.jar:/home/runner/.m2/repository/org/apache/commons/commons-configuration2/2.12.0/commons-configuration2-2.12.0.jar:/home/runner/.m2/repository/commons-logging/commons-logging/1.3.5/commons-logging-1.3.5.jar:/home/runner/.m2/repository/org/apache/commons/commons-text/1.13.0/commons-text-1.13.0.jar:/home/runner/.m2/repository/io/confluent/kafka-avro-serializer/8.0.0/kafka-avro-serializer-8.0.0.jar:/home/runner/.m2/repository/org/apache/commons/commons-compress/1.27.1/commons-compress-1.27.1.jar:/home/runner/.m2/repository/io/confluent/kafka-schema-serializer/8.0.0/kafka-schema-serializer-8.0.0.jar:/home/runner/.m2/repository/com/fasterxml/jackson/dataformat/jackson-dataformat-csv/2.18.2/jackson-dataformat-csv-2.18.2.jar:/home/runner/.m2/repository/io/confluent/kafka-schema-registry-client/8.0.0/kafka-schema-registry-client-8.0.0.jar:/home/runner/.m2/repository/org/yaml/snakeyaml/2.3/snakeyaml-2.3.jar:/home/runner/.m2/repository/io/swagger/core/v3/swagger-annotations/2.2.29/swagger-annotations-2.2.29.jar:/home/runner/.m2/repository/com/google/guava/guava/33.4.0-jre/guava-33.4.0-jre.jar:/home/runner/.m2/repository/com/google/guava/failureaccess/1.0.1/failureaccess-1.0.1.jar:/home/runner/.m2/repository/org/checkerframework/checker-qual/3.49.0/checker-qual-3.49.0.jar:/home/runner/.m2/repository/io/confluent/logredactor/1.0.13/logredactor-1.0.13.jar:/home/runner/.m2/repository/com/google/re2j/re2j/1.6/re2j-1.6.jar:/home/runner/.m2/repository/io/confluent/logredactor-metrics/1.0.13/logredactor-metrics-1.0.13.jar:/home/runner/.m2/repository/com/eclipsesource/minimal-json/minimal-json/0.9.5/minimal-json-0.9.5.jar:/home/runner/.m2/repository/io/confluent/common-utils/8.0.0/common-utils-8.0.0.jar:/home/runner/.m2/repository/io/confluent/kafka-connect-avro-converter/8.0.0/kafka-connect-avro-converter-8.0.0.jar:/home/runner/.m2/repository/io/confluent/kafka-connect-avro-data/8.0.0/kafka-connect-avro-data-8.0.0.jar:/home/runner/.m2/repository/io/confluent/kafka-schema-converter/8.0.0/kafka-schema-converter-8.0.0.jar:/home/runner/.m2/repository/io/rest-assured/rest-assured/5.5.1/rest-assured-5.5.1.jar:/home/runner/.m2/repository/org/apache/groovy/groovy/4.0.22/groovy-4.0.22.jar:/home/runner/.m2/repository/org/apache/groovy/groovy-xml/4.0.22/groovy-xml-4.0.22.jar:/home/runner/.m2/repository/org/apache/httpcomponents/httpclient/4.5.14/httpclient-4.5.14.jar:/home/runner/.m2/repository/org/apache/httpcomponents/httpcore/4.4.16/httpcore-4.4.16.jar:/home/runner/.m2/repository/org/apache/httpcomponents/httpmime/4.5.14/httpmime-4.5.14.jar:/home/runner/.m2/repository/org/hamcrest/hamcrest/2.2/hamcrest-2.2.jar:/home/runner/.m2/repository/org/ccil/cowan/tagsoup/tagsoup/1.2.1/tagsoup-1.2.1.jar:/home/runner/.m2/repository/io/rest-assured/json-path/5.5.1/json-path-5.5.1.jar:/home/runner/.m2/repository/org/apache/groovy/groovy-json/4.0.22/groovy-json-4.0.22.jar:/home/runner/.m2/repository/io/rest-assured/rest-assured-common/5.5.1/rest-assured-common-5.5.1.jar:/home/runner/.m2/repository/io/rest-assured/xml-path/5.5.1/xml-path-5.5.1.jar:/home/runner/.m2/repository/io/zonky/test/embedded-postgres/2.1.0/embedded-postgres-2.1.0.jar:/home/runner/.m2/repository/io/zonky/test/postgres/embedded-postgres-binaries-windows-amd64/14.15.0/embedded-postgres-binaries-windows-amd64-14.15.0.jar:/home/runner/.m2/repository/io/zonky/test/postgres/embedded-postgres-binaries-darwin-amd64/14.15.0/embedded-postgres-binaries-darwin-amd64-14.15.0.jar:/home/runner/.m2/repository/io/zonky/test/postgres/embedded-postgres-binaries-linux-amd64/14.15.0/embedded-postgres-binaries-linux-amd64-14.15.0.jar:/home/runner/.m2/repository/io/zonky/test/postgres/embedded-postgres-binaries-linux-amd64-alpine/14.15.0/embedded-postgres-binaries-linux-amd64-alpine-14.15.0.jar:/home/runner/.m2/repository/org/apache/commons/commons-lang3/3.17.0/commons-lang3-3.17.0.jar:/home/runner/.m2/repository/org/tukaani/xz/1.10/xz-1.10.jar:/home/runner/.m2/repository/commons-codec/commons-codec/1.19.0/commons-codec-1.19.0.jar:/home/runner/.m2/repository/org/postgresql/postgresql/42.7.7/postgresql-42.7.7.jar:/home/runner/.m2/repository/commons-io/commons-io/2.18.0/commons-io-2.18.0.jar:/home/runner/work/apicurio-testing/apicurio-testing/clusters/ci419/namespaces/ksql047/tests/integration/apicurio-registry/utils/importexport/target/apicurio-registry-utils-import-export-3.0.12-SNAPSHOT.jar:/home/runner/.m2/repository/io/vertx/vertx-core/4.5.16/vertx-core-4.5.16.jar:/home/runner/.m2/repository/io/netty/netty-common/4.1.121.Final/netty-common-4.1.121.Final.jar:/home/runner/.m2/repository/io/netty/netty-buffer/4.1.121.Final/netty-buffer-4.1.121.Final.jar:/home/runner/.m2/repository/io/netty/netty-transport/4.1.121.Final/netty-transport-4.1.121.Final.jar:/home/runner/.m2/repository/io/netty/netty-handler/4.1.121.Final/netty-handler-4.1.121.Final.jar:/home/runner/.m2/repository/io/netty/netty-transport-native-unix-common/4.1.121.Final/netty-transport-native-unix-common-4.1.121.Final.jar:/home/runner/.m2/repository/io/netty/netty-codec/4.1.121.Final/netty-codec-4.1.121.Final.jar:/home/runner/.m2/repository/io/netty/netty-handler-proxy/4.1.121.Final/netty-handler-proxy-4.1.121.Final.jar:/home/runner/.m2/repository/io/netty/netty-codec-socks/4.1.121.Final/netty-codec-socks-4.1.121.Final.jar:/home/runner/.m2/repository/io/netty/netty-codec-http/4.1.121.Final/netty-codec-http-4.1.121.Final.jar:/home/runner/.m2/repository/io/netty/netty-codec-http2/4.1.121.Final/netty-codec-http2-4.1.121.Final.jar:/home/runner/.m2/repository/io/netty/netty-resolver/4.1.121.Final/netty-resolver-4.1.121.Final.jar:/home/runner/.m2/repository/io/netty/netty-resolver-dns/4.1.121.Final/netty-resolver-dns-4.1.121.Final.jar:/home/runner/.m2/repository/io/netty/netty-codec-dns/4.1.121.Final/netty-codec-dns-4.1.121.Final.jar:/home/runner/.m2/repository/com/fasterxml/jackson/core/jackson-core/2.18.2/jackson-core-2.18.2.jar:"/>
    <property name="sun.cpu.endian" value="little"/>
    <property name="user.home" value="/home/runner"/>
    <property name="user.language" value="en"/>
    <property name="jboss.log-version" value="false"/>
    <property name="java.specification.vendor" value="Oracle Corporation"/>
    <property name="java.version.date" value="2025-07-15"/>
    <property name="java.home" value="/usr/lib/jvm/temurin-17-jdk-amd64"/>
    <property name="file.separator" value="/"/>
    <property name="basedir" value="/home/runner/work/apicurio-testing/apicurio-testing/clusters/ci419/namespaces/ksql047/tests/integration/apicurio-registry/integration-tests"/>
    <property name="java.vm.compressedOopsMode" value="32-bit"/>
    <property name="line.separator" value="&#10;"/>
    <property name="java.specification.name" value="Java Platform API Specification"/>
    <property name="java.vm.specification.vendor" value="Oracle Corporation"/>
    <property name="quarkus.http.test-host" value="registry-app-ksql047.apps.ci419.apicurio-testing.org"/>
    <property name="surefire.real.class.path" value="/home/runner/work/apicurio-testing/apicurio-testing/clusters/ci419/namespaces/ksql047/tests/integration/apicurio-registry/integration-tests/target/surefire/surefirebooter-20250807122723565_3.jar"/>
    <property name="sun.management.compiler" value="HotSpot 64-Bit Tiered Compilers"/>
    <property name="org.eclipse.jetty.http.HttpGenerator.STRICT" value="true"/>
    <property name="java.runtime.version" value="17.0.16+8"/>
    <property name="user.name" value="runner"/>
    <property name="path.separator" value=":"/>
    <property name="os.version" value="6.8.0-1031-azure"/>
    <property name="java.runtime.name" value="OpenJDK Runtime Environment"/>
    <property name="file.encoding" value="UTF-8"/>
    <property name="jnidispatch.path" value="/home/runner/.cache/JNA/temp/jna4686057982613199831.tmp"/>
    <property name="java.vm.name" value="OpenJDK 64-Bit Server VM"/>
    <property name="jna.platform.library.path" value="/usr/lib/x86_64-linux-gnu:/lib/x86_64-linux-gnu:/usr/lib64:/lib64:/usr/lib:/lib:/lib32:/usr/local/lib:/usr/lib/x86_64-linux-gnu/libfakeroot"/>
    <property name="java.vendor.version" value="Temurin-17.0.16+8"/>
    <property name="quarkus.oidc.token-path" value="https://keycloak-ksql047.apps.ci419.apicurio-testing.org/realms/registry/protocol/openid-connect/token"/>
    <property name="quarkus.http.host" value="registry-app-ksql047.apps.ci419.apicurio-testing.org"/>
    <property name="localRepository" value="/home/runner/.m2/repository"/>
    <property name="javax.xml.xpath.XPathFactory:http://java.sun.com/jaxp/xpath/dom" value="com.sun.org.apache.xpath.internal.jaxp.XPathFactoryImpl"/>
    <property name="jna.loaded" value="true"/>
    <property name="java.vendor.url.bug" value="https://github.com/adoptium/adoptium-support/issues"/>
    <property name="jetty.git.hash" value="5bc5e562c8d05c5862505aebe5cf83a61bdbcb96"/>
    <property name="java.io.tmpdir" value="/tmp"/>
    <property name="quarkus.http.test-protocol" value="http"/>
    <property name="java.version" value="17.0.16"/>
    <property name="user.dir" value="/home/runner/work/apicurio-testing/apicurio-testing/clusters/ci419/namespaces/ksql047/tests/integration/apicurio-registry/integration-tests"/>
    <property name="os.arch" value="amd64"/>
    <property name="groups" value="( smoke | serdes | acceptance | ui)"/>
    <property name="java.vm.specification.name" value="Java Virtual Machine Specification"/>
    <property name="native.encoding" value="UTF-8"/>
    <property name="java.util.logging.manager" value="org.jboss.logmanager.LogManager"/>
    <property name="java.library.path" value="/usr/java/packages/lib:/usr/lib64:/lib64:/lib:/usr/lib"/>
    <property name="jdk.console" value="java.base"/>
    <property name="java.vm.info" value="mixed mode, sharing"/>
    <property name="java.vendor" value="Eclipse Adoptium"/>
    <property name="java.vm.version" value="17.0.16+8"/>
    <property name="java.specification.maintenance.version" value="1"/>
    <property name="sun.io.unicode.encoding" value="UnicodeLittle"/>
    <property name="javax.xml.transform.TransformerFactory" value="com.sun.org.apache.xalan.internal.xsltc.trax.TransformerFactoryImpl"/>
    <property name="java.class.version" value="61.0"/>
  </properties>
  <testcase name="testGlobalIdInHeaders" classname="io.apicurio.tests.serdes.apicurio.AvroSerdeIT" time="6.21">
    <system-out><![CDATA[**** Registry Base URL: http://registry-app-ksql047.apps.ci419.apicurio-testing.org:80
**** Registry Base URL: http://registry-app-ksql047.apps.ci419.apicurio-testing.org:80
2025-08-07 12:27:37,502 INFO  [io.api.tes.ser.api.AvroSerdeIT] (main) RestAssured configured with http://registry-app-ksql047.apps.ci419.apicurio-testing.org:80/apis/registry/v3
2025-08-07 12:27:37,650 INFO  [io.api.tes.uti.KafkaFacade] (main) Starting kafka container
2025-08-07 12:27:37,688 INFO  [org.tes.ima.PullPolicy] (main) Image pull policy will be performed by: DefaultPullPolicy()
2025-08-07 12:27:37,691 INFO  [org.tes.uti.ImageNameSubstitutor] (main) Image name substitution will be performed by: DefaultImageNameSubstitutor (composite of 'ConfigurationFileImageNameSubstitutor' and 'PrefixingImageNameSubstitutor')
2025-08-07 12:27:37,700 INFO  [org.tes.DockerClientFactory] (main) Testcontainers version: 1.20.6
2025-08-07 12:27:38,217 INFO  [org.tes.doc.DockerClientProviderStrategy] (main) Found Docker environment with local Unix socket (unix:///var/run/docker.sock)
2025-08-07 12:27:38,225 INFO  [org.tes.DockerClientFactory] (main) Docker host IP address is localhost
2025-08-07 12:27:38,246 INFO  [org.tes.DockerClientFactory] (main) Connected to docker: 
  Server Version: 28.0.4
  API Version: 1.48
  Operating System: Ubuntu 22.04.5 LTS
  Total Memory: 7944 MB
2025-08-07 12:27:38,286 INFO  [tc.tes.11.0] (main) Pulling docker image: testcontainers/ryuk:0.11.0. Please be patient; this may take some time but only needs to be done once.
2025-08-07 12:27:39,275 INFO  [tc.tes.11.0] (docker-java-stream--1295187651) Starting to pull image
2025-08-07 12:27:39,292 INFO  [tc.tes.11.0] (docker-java-stream--1295187651) Pulling image layers:  0 pending,  0 downloaded,  0 extracted, (0 bytes/0 bytes)
2025-08-07 12:27:39,892 INFO  [tc.tes.11.0] (docker-java-stream--1295187651) Pulling image layers:  2 pending,  1 downloaded,  0 extracted, (116 KB/? MB)
2025-08-07 12:27:39,900 INFO  [tc.tes.11.0] (docker-java-stream--1295187651) Pulling image layers:  1 pending,  2 downloaded,  0 extracted, (116 KB/? MB)
2025-08-07 12:27:39,937 INFO  [tc.tes.11.0] (docker-java-stream--1295187651) Pulling image layers:  0 pending,  3 downloaded,  0 extracted, (144 KB/10 MB)
2025-08-07 12:27:40,030 INFO  [tc.tes.11.0] (docker-java-stream--1295187651) Pulling image layers:  0 pending,  3 downloaded,  1 extracted, (3 MB/10 MB)
2025-08-07 12:27:41,018 INFO  [tc.tes.11.0] (docker-java-stream--1295187651) Pulling image layers:  0 pending,  3 downloaded,  2 extracted, (4 MB/10 MB)
2025-08-07 12:27:41,063 INFO  [tc.tes.11.0] (docker-java-stream--1295187651) Pulling image layers:  0 pending,  3 downloaded,  3 extracted, (10 MB/10 MB)
2025-08-07 12:27:41,074 INFO  [tc.tes.11.0] (docker-java-stream--1295187651) Pull complete. 3 layers, pulled in 1s (downloaded 10 MB at 10 MB/s)
2025-08-07 12:27:41,074 INFO  [tc.tes.11.0] (main) Image testcontainers/ryuk:0.11.0 pull took PT2.788223825S
2025-08-07 12:27:41,102 INFO  [tc.tes.11.0] (main) Creating container for image: testcontainers/ryuk:0.11.0
2025-08-07 12:27:41,185 INFO  [tc.tes.11.0] (main) Container testcontainers/ryuk:0.11.0 is starting: 8e11e9222d052a45934f678931c91f4e8c2abf55b32bb907bf595cd4de3f7945
2025-08-07 12:27:41,501 INFO  [tc.tes.11.0] (main) Container testcontainers/ryuk:0.11.0 started in PT0.39969162S
2025-08-07 12:27:41,506 INFO  [org.tes.uti.RyukResourceReaper] (main) Ryuk started - will monitor and terminate Testcontainers containers on JVM exit
2025-08-07 12:27:41,506 INFO  [org.tes.DockerClientFactory] (main) Checking the system...
2025-08-07 12:27:41,507 INFO  [org.tes.DockerClientFactory] (main) ✔︎ Docker server version should be at least 1.6.0
2025-08-07 12:27:41,509 INFO  [io.str.tes.con.KafkaVersionService] (main) Latest release of Kafka is:LogicalKafkaVersionEntity{version='4.0.0', image='quay.io/strimzi-test-container/test-container:0.111.0-kafka-4.0.0'}
2025-08-07 12:27:41,510 INFO  [io.str.tes.con.KafkaVersionService] (main) Latest release of Kafka is:LogicalKafkaVersionEntity{version='4.0.0', image='quay.io/strimzi-test-container/test-container:0.111.0-kafka-4.0.0'}
2025-08-07 12:27:41,510 INFO  [io.str.tes.con.KafkaVersionService] (main) No Kafka version specified. Using latest release: 4.0.0
2025-08-07 12:27:41,514 INFO  [tc.qua.io/.111.0-k.0.0] (main) Pulling docker image: quay.io/strimzi-test-container/test-container:0.111.0-kafka-4.0.0. Please be patient; this may take some time but only needs to be done once.
2025-08-07 12:27:42,690 INFO  [tc.qua.io/.111.0-k.0.0] (docker-java-stream--29267298) Starting to pull image
2025-08-07 12:27:42,691 INFO  [tc.qua.io/.111.0-k.0.0] (docker-java-stream--29267298) Pulling image layers:  0 pending,  0 downloaded,  0 extracted, (0 bytes/0 bytes)
2025-08-07 12:27:43,459 INFO  [tc.qua.io/.111.0-k.0.0] (docker-java-stream--29267298) Pulling image layers:  6 pending,  1 downloaded,  0 extracted, (934 KB/? MB)
2025-08-07 12:27:43,795 INFO  [tc.qua.io/.111.0-k.0.0] (docker-java-stream--29267298) Pulling image layers:  5 pending,  2 downloaded,  0 extracted, (26 MB/? MB)
2025-08-07 12:27:44,447 INFO  [tc.qua.io/.111.0-k.0.0] (docker-java-stream--29267298) Pulling image layers:  4 pending,  3 downloaded,  0 extracted, (75 MB/? MB)
2025-08-07 12:27:44,958 INFO  [tc.qua.io/.111.0-k.0.0] (docker-java-stream--29267298) Pulling image layers:  3 pending,  4 downloaded,  0 extracted, (96 MB/? MB)
2025-08-07 12:27:45,312 INFO  [tc.qua.io/.111.0-k.0.0] (docker-java-stream--29267298) Pulling image layers:  2 pending,  5 downloaded,  0 extracted, (119 MB/? MB)
2025-08-07 12:27:45,544 INFO  [tc.qua.io/.111.0-k.0.0] (docker-java-stream--29267298) Pulling image layers:  2 pending,  5 downloaded,  1 extracted, (130 MB/? MB)
2025-08-07 12:27:47,075 INFO  [tc.qua.io/.111.0-k.0.0] (docker-java-stream--29267298) Pulling image layers:  1 pending,  6 downloaded,  1 extracted, (223 MB/? MB)
2025-08-07 12:27:47,864 INFO  [tc.qua.io/.111.0-k.0.0] (docker-java-stream--29267298) Pulling image layers:  0 pending,  7 downloaded,  1 extracted, (239 MB/249 MB)
2025-08-07 12:27:51,215 INFO  [tc.qua.io/.111.0-k.0.0] (docker-java-stream--29267298) Pulling image layers:  0 pending,  7 downloaded,  2 extracted, (240 MB/249 MB)
2025-08-07 12:27:51,253 INFO  [tc.qua.io/.111.0-k.0.0] (docker-java-stream--29267298) Pulling image layers:  0 pending,  7 downloaded,  3 extracted, (243 MB/249 MB)
2025-08-07 12:27:51,275 INFO  [tc.qua.io/.111.0-k.0.0] (docker-java-stream--29267298) Pulling image layers:  0 pending,  7 downloaded,  4 extracted, (243 MB/249 MB)
2025-08-07 12:27:52,416 INFO  [tc.qua.io/.111.0-k.0.0] (docker-java-stream--29267298) Pulling image layers:  0 pending,  7 downloaded,  5 extracted, (247 MB/249 MB)
2025-08-07 12:27:52,456 INFO  [tc.qua.io/.111.0-k.0.0] (docker-java-stream--29267298) Pulling image layers:  0 pending,  7 downloaded,  6 extracted, (249 MB/249 MB)
2025-08-07 12:27:52,473 INFO  [tc.qua.io/.111.0-k.0.0] (docker-java-stream--29267298) Pulling image layers:  0 pending,  7 downloaded,  7 extracted, (249 MB/249 MB)
2025-08-07 12:27:52,482 INFO  [tc.qua.io/.111.0-k.0.0] (main) Image quay.io/strimzi-test-container/test-container:0.111.0-kafka-4.0.0 pull took PT10.96852923S
2025-08-07 12:27:52,482 INFO  [tc.qua.io/.111.0-k.0.0] (docker-java-stream--29267298) Pull complete. 7 layers, pulled in 9s (downloaded 249 MB at 27 MB/s)
2025-08-07 12:27:52,486 INFO  [tc.qua.io/.111.0-k.0.0] (main) Creating container for image: quay.io/strimzi-test-container/test-container:0.111.0-kafka-4.0.0
2025-08-07 12:27:52,569 INFO  [tc.qua.io/.111.0-k.0.0] (main) Container quay.io/strimzi-test-container/test-container:0.111.0-kafka-4.0.0 is starting: ed6ed3e29234c6efd230c2b4ec13320932891cf7a15c522b3b5ea3ceecc475d5
2025-08-07 12:27:52,741 INFO  [io.str.tes.con.StrimziKafkaContainer] (main) Mapped port: 32769
2025-08-07 12:27:52,742 WARN  [io.str.tes.con.StrimziKafkaContainer] (main) Node ID is not set. Using broker ID 0 as the default node ID.
2025-08-07 12:27:52,743 INFO  [io.str.tes.con.StrimziKafkaContainer] (main) This is all advertised listeners for Kafka PLAINTEXT://localhost:32769,BROKER1://172.18.0.2:9091,CONTROLLER://broker-0:9094
2025-08-07 12:27:52,774 INFO  [io.str.tes.con.StrimziKafkaContainer] (main) New `cluster.id` has been generated: Iafv2PskRxGTuYEST4AQwQ
2025-08-07 12:27:52,776 INFO  [io.str.tes.con.StrimziKafkaContainer] (main) Copying command to 'STARTER_SCRIPT' script.
2025-08-07 12:27:58,173 INFO  [tc.qua.io/.111.0-k.0.0] (main) Container quay.io/strimzi-test-container/test-container:0.111.0-kafka-4.0.0 started in PT5.687048495S
2025-08-07 12:27:58,176 INFO  [io.api.tes.uti.TestSeparator] (main) ############################################################################
2025-08-07 12:27:58,176 INFO  [io.api.tes.uti.TestSeparator] (main) io.apicurio.tests.serdes.apicurio.AvroSerdeIT.testGlobalIdInHeaders-STARTED
2025-08-07 12:27:58,187 INFO  [org.apa.kaf.cli.adm.AdminClientConfig] (main) AdminClientConfig values: 
	auto.include.jmx.reporter = true
	bootstrap.controllers = []
	bootstrap.servers = [PLAINTEXT://localhost:32769]
	client.dns.lookup = use_all_dns_ips
	client.id = 
	connections.max.idle.ms = 10000
	default.api.timeout.ms = 60000
	enable.metrics.push = true
	metadata.max.age.ms = 300000
	metadata.recovery.strategy = none
	metric.reporters = []
	metrics.num.samples = 2
	metrics.recording.level = INFO
	metrics.sample.window.ms = 30000
	receive.buffer.bytes = 65536
	reconnect.backoff.max.ms = 1000
	reconnect.backoff.ms = 50
	request.timeout.ms = 5000
	retries = 2147483647
	retry.backoff.max.ms = 1000
	retry.backoff.ms = 100
	sasl.client.callback.handler.class = null
	sasl.jaas.config = null
	sasl.kerberos.kinit.cmd = /usr/bin/kinit
	sasl.kerberos.min.time.before.relogin = 60000
	sasl.kerberos.service.name = null
	sasl.kerberos.ticket.renew.jitter = 0.05
	sasl.kerberos.ticket.renew.window.factor = 0.8
	sasl.login.callback.handler.class = null
	sasl.login.class = null
	sasl.login.connect.timeout.ms = null
	sasl.login.read.timeout.ms = null
	sasl.login.refresh.buffer.seconds = 300
	sasl.login.refresh.min.period.seconds = 60
	sasl.login.refresh.window.factor = 0.8
	sasl.login.refresh.window.jitter = 0.05
	sasl.login.retry.backoff.max.ms = 10000
	sasl.login.retry.backoff.ms = 100
	sasl.mechanism = GSSAPI
	sasl.oauthbearer.clock.skew.seconds = 30
	sasl.oauthbearer.expected.audience = null
	sasl.oauthbearer.expected.issuer = null
	sasl.oauthbearer.header.urlencode = false
	sasl.oauthbearer.jwks.endpoint.refresh.ms = 3600000
	sasl.oauthbearer.jwks.endpoint.retry.backoff.max.ms = 10000
	sasl.oauthbearer.jwks.endpoint.retry.backoff.ms = 100
	sasl.oauthbearer.jwks.endpoint.url = null
	sasl.oauthbearer.scope.claim.name = scope
	sasl.oauthbearer.sub.claim.name = sub
	sasl.oauthbearer.token.endpoint.url = null
	security.protocol = PLAINTEXT
	security.providers = null
	send.buffer.bytes = 131072
	socket.connection.setup.timeout.max.ms = 30000
	socket.connection.setup.timeout.ms = 10000
	ssl.cipher.suites = null
	ssl.enabled.protocols = [TLSv1.2, TLSv1.3]
	ssl.endpoint.identification.algorithm = https
	ssl.engine.factory.class = null
	ssl.key.password = null
	ssl.keymanager.algorithm = SunX509
	ssl.keystore.certificate.chain = null
	ssl.keystore.key = null
	ssl.keystore.location = null
	ssl.keystore.password = null
	ssl.keystore.type = JKS
	ssl.protocol = TLSv1.3
	ssl.provider = null
	ssl.secure.random.implementation = null
	ssl.trustmanager.algorithm = PKIX
	ssl.truststore.certificates = null
	ssl.truststore.location = null
	ssl.truststore.password = null
	ssl.truststore.type = JKS

2025-08-07 12:27:58,340 INFO  [org.apa.kaf.com.uti.AppInfoParser] (main) Kafka version: 3.9.1
2025-08-07 12:27:58,340 INFO  [org.apa.kaf.com.uti.AppInfoParser] (main) Kafka commitId: f745dfdcee2b9851
2025-08-07 12:27:58,341 INFO  [org.apa.kaf.com.uti.AppInfoParser] (main) Kafka startTimeMs: 1754569678339
**** Registry Base URL: http://registry-app-ksql047.apps.ci419.apicurio-testing.org:80
2025-08-07 12:27:58,399 INFO  [org.apa.kaf.cli.pro.ProducerConfig] (main) ProducerConfig values: 
	acks = -1
	auto.include.jmx.reporter = true
	batch.size = 16384
	bootstrap.servers = [PLAINTEXT://localhost:32769]
	buffer.memory = 33554432
	client.dns.lookup = use_all_dns_ips
	client.id = Producer-topic-90d67ef6_075c_4403_a6b2_5b742ad1c950
	compression.gzip.level = -1
	compression.lz4.level = 9
	compression.type = none
	compression.zstd.level = 3
	connections.max.idle.ms = 10000
	delivery.timeout.ms = 120000
	enable.idempotence = true
	enable.metrics.push = true
	interceptor.classes = []
	key.serializer = class org.apache.kafka.common.serialization.StringSerializer
	linger.ms = 0
	max.block.ms = 60000
	max.in.flight.requests.per.connection = 5
	max.request.size = 1048576
	metadata.max.age.ms = 300000
	metadata.max.idle.ms = 300000
	metadata.recovery.strategy = none
	metric.reporters = []
	metrics.num.samples = 2
	metrics.recording.level = INFO
	metrics.sample.window.ms = 30000
	partitioner.adaptive.partitioning.enable = true
	partitioner.availability.timeout.ms = 0
	partitioner.class = null
	partitioner.ignore.keys = false
	receive.buffer.bytes = 32768
	reconnect.backoff.max.ms = 1000
	reconnect.backoff.ms = 50
	request.timeout.ms = 5000
	retries = 2147483647
	retry.backoff.max.ms = 1000
	retry.backoff.ms = 100
	sasl.client.callback.handler.class = null
	sasl.jaas.config = null
	sasl.kerberos.kinit.cmd = /usr/bin/kinit
	sasl.kerberos.min.time.before.relogin = 60000
	sasl.kerberos.service.name = null
	sasl.kerberos.ticket.renew.jitter = 0.05
	sasl.kerberos.ticket.renew.window.factor = 0.8
	sasl.login.callback.handler.class = null
	sasl.login.class = null
	sasl.login.connect.timeout.ms = null
	sasl.login.read.timeout.ms = null
	sasl.login.refresh.buffer.seconds = 300
	sasl.login.refresh.min.period.seconds = 60
	sasl.login.refresh.window.factor = 0.8
	sasl.login.refresh.window.jitter = 0.05
	sasl.login.retry.backoff.max.ms = 10000
	sasl.login.retry.backoff.ms = 100
	sasl.mechanism = GSSAPI
	sasl.oauthbearer.clock.skew.seconds = 30
	sasl.oauthbearer.expected.audience = null
	sasl.oauthbearer.expected.issuer = null
	sasl.oauthbearer.header.urlencode = false
	sasl.oauthbearer.jwks.endpoint.refresh.ms = 3600000
	sasl.oauthbearer.jwks.endpoint.retry.backoff.max.ms = 10000
	sasl.oauthbearer.jwks.endpoint.retry.backoff.ms = 100
	sasl.oauthbearer.jwks.endpoint.url = null
	sasl.oauthbearer.scope.claim.name = scope
	sasl.oauthbearer.sub.claim.name = sub
	sasl.oauthbearer.token.endpoint.url = null
	security.protocol = PLAINTEXT
	security.providers = null
	send.buffer.bytes = 131072
	socket.connection.setup.timeout.max.ms = 30000
	socket.connection.setup.timeout.ms = 10000
	ssl.cipher.suites = null
	ssl.enabled.protocols = [TLSv1.2, TLSv1.3]
	ssl.endpoint.identification.algorithm = https
	ssl.engine.factory.class = null
	ssl.key.password = null
	ssl.keymanager.algorithm = SunX509
	ssl.keystore.certificate.chain = null
	ssl.keystore.key = null
	ssl.keystore.location = null
	ssl.keystore.password = null
	ssl.keystore.type = JKS
	ssl.protocol = TLSv1.3
	ssl.provider = null
	ssl.secure.random.implementation = null
	ssl.trustmanager.algorithm = PKIX
	ssl.truststore.certificates = null
	ssl.truststore.location = null
	ssl.truststore.password = null
	ssl.truststore.type = JKS
	transaction.timeout.ms = 60000
	transactional.id = null
	value.serializer = class io.apicurio.registry.serde.avro.AvroKafkaSerializer

2025-08-07 12:27:58,473 INFO  [org.apa.kaf.com.tel.int.KafkaMetricsCollector] (main) initializing Kafka metrics collector
2025-08-07 12:27:58,506 INFO  [org.apa.kaf.cli.pro.KafkaProducer] (main) [Producer clientId=Producer-topic-90d67ef6_075c_4403_a6b2_5b742ad1c950] Instantiated an idempotent producer.
2025-08-07 12:27:58,569 INFO  [org.apa.kaf.cli.pro.ProducerConfig] (main) These configurations '[apicurio.registry.url, apicurio.registry.auto-register, apicurio.registry.use-id, apicurio.registry.artifact-resolver-strategy]' were supplied but are not used yet.
2025-08-07 12:27:58,570 INFO  [org.apa.kaf.com.uti.AppInfoParser] (main) Kafka version: 3.9.1
2025-08-07 12:27:58,570 INFO  [org.apa.kaf.com.uti.AppInfoParser] (main) Kafka commitId: f745dfdcee2b9851
2025-08-07 12:27:58,570 INFO  [org.apa.kaf.com.uti.AppInfoParser] (main) Kafka startTimeMs: 1754569678570
2025-08-07 12:27:58,572 INFO  [io.api.tes.ser.api.SimpleSerdesTesterBuilder$SimpleSerdesTester] (main) Using producer configuration: {apicurio.registry.url=http://registry-app-ksql047.apps.ci419.apicurio-testing.org:80/apis/registry/v3, apicurio.registry.auto-register=true, apicurio.registry.use-id=globalId, apicurio.registry.artifact-resolver-strategy=io.apicurio.registry.serde.strategy.TopicIdStrategy, value.serializer=io.apicurio.registry.serde.avro.AvroKafkaSerializer, request.timeout.ms=5000, acks=all, bootstrap.servers=PLAINTEXT://localhost:32769, connections.max.idle.ms=10000, key.serializer=org.apache.kafka.common.serialization.StringSerializer, client.id=Producer-topic-90d67ef6_075c_4403_a6b2_5b742ad1c950}
2025-08-07 12:27:58,573 INFO  [io.api.tes.ser.api.SimpleSerdesTesterBuilder$SimpleSerdesTester] (main) Using consumer configuration: {apicurio.registry.use-id=globalId}
2025-08-07 12:27:58,581 INFO  [io.api.tes.ser.api.KafkaSerdesTester] (Thread-600) Sending message {"key11754569678368": "value-0"} to topic topic-90d67ef6_075c_4403_a6b2_5b742ad1c950
2025-08-07 12:27:58,954 WARN  [org.apa.kaf.cli.NetworkClient] (kafka-producer-network-thread | Producer-topic-90d67ef6_075c_4403_a6b2_5b742ad1c950) [Producer clientId=Producer-topic-90d67ef6_075c_4403_a6b2_5b742ad1c950] The metadata response from the cluster reported a recoverable issue with correlation id 1 : {topic-90d67ef6_075c_4403_a6b2_5b742ad1c950=UNKNOWN_TOPIC_OR_PARTITION}
2025-08-07 12:27:58,955 INFO  [org.apa.kaf.cli.Metadata] (kafka-producer-network-thread | Producer-topic-90d67ef6_075c_4403_a6b2_5b742ad1c950) [Producer clientId=Producer-topic-90d67ef6_075c_4403_a6b2_5b742ad1c950] Cluster ID: Iafv2PskRxGTuYEST4AQwQ
2025-08-07 12:27:59,186 INFO  [org.apa.kaf.cli.pro.int.TransactionManager] (kafka-producer-network-thread | Producer-topic-90d67ef6_075c_4403_a6b2_5b742ad1c950) [Producer clientId=Producer-topic-90d67ef6_075c_4403_a6b2_5b742ad1c950] ProducerId set to 0 with epoch 0
2025-08-07 12:27:59,438 INFO  [io.api.tes.ser.api.KafkaSerdesTester] (Thread-600) Sending message {"key11754569678368": "value-1"} to topic topic-90d67ef6_075c_4403_a6b2_5b742ad1c950
2025-08-07 12:27:59,447 INFO  [io.api.tes.ser.api.KafkaSerdesTester] (Thread-600) Sending message {"key11754569678368": "value-2"} to topic topic-90d67ef6_075c_4403_a6b2_5b742ad1c950
2025-08-07 12:27:59,453 INFO  [io.api.tes.ser.api.KafkaSerdesTester] (Thread-600) Sending message {"key11754569678368": "value-3"} to topic topic-90d67ef6_075c_4403_a6b2_5b742ad1c950
2025-08-07 12:27:59,457 INFO  [io.api.tes.ser.api.KafkaSerdesTester] (Thread-600) Sending message {"key11754569678368": "value-4"} to topic topic-90d67ef6_075c_4403_a6b2_5b742ad1c950
2025-08-07 12:27:59,461 INFO  [io.api.tes.ser.api.KafkaSerdesTester] (Thread-600) Sending message {"key11754569678368": "value-5"} to topic topic-90d67ef6_075c_4403_a6b2_5b742ad1c950
2025-08-07 12:27:59,465 INFO  [io.api.tes.ser.api.KafkaSerdesTester] (Thread-600) Sending message {"key11754569678368": "value-6"} to topic topic-90d67ef6_075c_4403_a6b2_5b742ad1c950
2025-08-07 12:27:59,470 INFO  [io.api.tes.ser.api.KafkaSerdesTester] (Thread-600) Sending message {"key11754569678368": "value-7"} to topic topic-90d67ef6_075c_4403_a6b2_5b742ad1c950
2025-08-07 12:27:59,474 INFO  [io.api.tes.ser.api.KafkaSerdesTester] (Thread-600) Sending message {"key11754569678368": "value-8"} to topic topic-90d67ef6_075c_4403_a6b2_5b742ad1c950
2025-08-07 12:27:59,478 INFO  [io.api.tes.ser.api.KafkaSerdesTester] (Thread-600) Sending message {"key11754569678368": "value-9"} to topic topic-90d67ef6_075c_4403_a6b2_5b742ad1c950
2025-08-07 12:27:59,482 INFO  [io.api.tes.ser.api.KafkaSerdesTester] (Thread-600) Produced 10 messages
2025-08-07 12:27:59,483 INFO  [org.apa.kaf.cli.pro.KafkaProducer] (Thread-600) [Producer clientId=Producer-topic-90d67ef6_075c_4403_a6b2_5b742ad1c950] Closing the Kafka producer with timeoutMillis = 9223372036854775807 ms.
2025-08-07 12:27:59,503 INFO  [org.apa.kaf.com.met.Metrics] (Thread-600) Metrics scheduler closed
2025-08-07 12:27:59,503 INFO  [org.apa.kaf.com.met.Metrics] (Thread-600) Closing reporter org.apache.kafka.common.metrics.JmxReporter
2025-08-07 12:27:59,504 INFO  [org.apa.kaf.com.met.Metrics] (Thread-600) Closing reporter org.apache.kafka.common.telemetry.internals.ClientTelemetryReporter
2025-08-07 12:27:59,504 INFO  [org.apa.kaf.com.met.Metrics] (Thread-600) Metrics reporters closed
2025-08-07 12:27:59,507 INFO  [org.apa.kaf.com.uti.AppInfoParser] (Thread-600) App info kafka.producer for Producer-topic-90d67ef6_075c_4403_a6b2_5b742ad1c950 unregistered
**** Registry Base URL: http://registry-app-ksql047.apps.ci419.apicurio-testing.org:80
2025-08-07 12:27:59,662 INFO  [org.apa.kaf.cli.con.ConsumerConfig] (main) ConsumerConfig values: 
	allow.auto.create.topics = true
	auto.commit.interval.ms = 500
	auto.include.jmx.reporter = true
	auto.offset.reset = earliest
	bootstrap.servers = [PLAINTEXT://localhost:32769]
	check.crcs = true
	client.dns.lookup = use_all_dns_ips
	client.id = consumer-Consumer-topic-90d67ef6_075c_4403_a6b2_5b742ad1c950-1
	client.rack = 
	connections.max.idle.ms = 10000
	default.api.timeout.ms = 60000
	enable.auto.commit = true
	enable.metrics.push = true
	exclude.internal.topics = true
	fetch.max.bytes = 52428800
	fetch.max.wait.ms = 500
	fetch.min.bytes = 1
	group.id = Consumer-topic-90d67ef6_075c_4403_a6b2_5b742ad1c950
	group.instance.id = null
	group.protocol = classic
	group.remote.assignor = null
	heartbeat.interval.ms = 3000
	interceptor.classes = []
	internal.leave.group.on.close = true
	internal.throw.on.fetch.stable.offset.unsupported = false
	isolation.level = read_uncommitted
	key.deserializer = class org.apache.kafka.common.serialization.StringDeserializer
	max.partition.fetch.bytes = 1048576
	max.poll.interval.ms = 300000
	max.poll.records = 500
	metadata.max.age.ms = 300000
	metadata.recovery.strategy = none
	metric.reporters = []
	metrics.num.samples = 2
	metrics.recording.level = INFO
	metrics.sample.window.ms = 30000
	partition.assignment.strategy = [class org.apache.kafka.clients.consumer.RangeAssignor, class org.apache.kafka.clients.consumer.CooperativeStickyAssignor]
	receive.buffer.bytes = 65536
	reconnect.backoff.max.ms = 1000
	reconnect.backoff.ms = 50
	request.timeout.ms = 5000
	retry.backoff.max.ms = 1000
	retry.backoff.ms = 100
	sasl.client.callback.handler.class = null
	sasl.jaas.config = null
	sasl.kerberos.kinit.cmd = /usr/bin/kinit
	sasl.kerberos.min.time.before.relogin = 60000
	sasl.kerberos.service.name = null
	sasl.kerberos.ticket.renew.jitter = 0.05
	sasl.kerberos.ticket.renew.window.factor = 0.8
	sasl.login.callback.handler.class = null
	sasl.login.class = null
	sasl.login.connect.timeout.ms = null
	sasl.login.read.timeout.ms = null
	sasl.login.refresh.buffer.seconds = 300
	sasl.login.refresh.min.period.seconds = 60
	sasl.login.refresh.window.factor = 0.8
	sasl.login.refresh.window.jitter = 0.05
	sasl.login.retry.backoff.max.ms = 10000
	sasl.login.retry.backoff.ms = 100
	sasl.mechanism = GSSAPI
	sasl.oauthbearer.clock.skew.seconds = 30
	sasl.oauthbearer.expected.audience = null
	sasl.oauthbearer.expected.issuer = null
	sasl.oauthbearer.header.urlencode = false
	sasl.oauthbearer.jwks.endpoint.refresh.ms = 3600000
	sasl.oauthbearer.jwks.endpoint.retry.backoff.max.ms = 10000
	sasl.oauthbearer.jwks.endpoint.retry.backoff.ms = 100
	sasl.oauthbearer.jwks.endpoint.url = null
	sasl.oauthbearer.scope.claim.name = scope
	sasl.oauthbearer.sub.claim.name = sub
	sasl.oauthbearer.token.endpoint.url = null
	security.protocol = PLAINTEXT
	security.providers = null
	send.buffer.bytes = 131072
	session.timeout.ms = 45000
	socket.connection.setup.timeout.max.ms = 30000
	socket.connection.setup.timeout.ms = 10000
	ssl.cipher.suites = null
	ssl.enabled.protocols = [TLSv1.2, TLSv1.3]
	ssl.endpoint.identification.algorithm = https
	ssl.engine.factory.class = null
	ssl.key.password = null
	ssl.keymanager.algorithm = SunX509
	ssl.keystore.certificate.chain = null
	ssl.keystore.key = null
	ssl.keystore.location = null
	ssl.keystore.password = null
	ssl.keystore.type = JKS
	ssl.protocol = TLSv1.3
	ssl.provider = null
	ssl.secure.random.implementation = null
	ssl.trustmanager.algorithm = PKIX
	ssl.truststore.certificates = null
	ssl.truststore.location = null
	ssl.truststore.password = null
	ssl.truststore.type = JKS
	value.deserializer = class io.apicurio.registry.serde.avro.AvroKafkaDeserializer

2025-08-07 12:27:59,675 INFO  [org.apa.kaf.com.tel.int.KafkaMetricsCollector] (main) initializing Kafka metrics collector
2025-08-07 12:27:59,719 INFO  [org.apa.kaf.cli.con.ConsumerConfig] (main) These configurations '[apicurio.registry.url, apicurio.registry.use-id]' were supplied but are not used yet.
2025-08-07 12:27:59,719 INFO  [org.apa.kaf.com.uti.AppInfoParser] (main) Kafka version: 3.9.1
2025-08-07 12:27:59,719 INFO  [org.apa.kaf.com.uti.AppInfoParser] (main) Kafka commitId: f745dfdcee2b9851
2025-08-07 12:27:59,719 INFO  [org.apa.kaf.com.uti.AppInfoParser] (main) Kafka startTimeMs: 1754569679719
2025-08-07 12:27:59,721 INFO  [org.apa.kaf.cli.con.int.ClassicKafkaConsumer] (Thread-603) [Consumer clientId=consumer-Consumer-topic-90d67ef6_075c_4403_a6b2_5b742ad1c950-1, groupId=Consumer-topic-90d67ef6_075c_4403_a6b2_5b742ad1c950] Subscribed to topic(s): topic-90d67ef6_075c_4403_a6b2_5b742ad1c950
2025-08-07 12:27:59,738 INFO  [org.apa.kaf.cli.Metadata] (Thread-603) [Consumer clientId=consumer-Consumer-topic-90d67ef6_075c_4403_a6b2_5b742ad1c950-1, groupId=Consumer-topic-90d67ef6_075c_4403_a6b2_5b742ad1c950] Cluster ID: Iafv2PskRxGTuYEST4AQwQ
2025-08-07 12:27:59,881 INFO  [org.apa.kaf.cli.con.int.ConsumerCoordinator] (Thread-603) [Consumer clientId=consumer-Consumer-topic-90d67ef6_075c_4403_a6b2_5b742ad1c950-1, groupId=Consumer-topic-90d67ef6_075c_4403_a6b2_5b742ad1c950] Discovered group coordinator localhost:32769 (id: 2147483647 rack: null)
2025-08-07 12:27:59,893 INFO  [org.apa.kaf.cli.con.int.ConsumerCoordinator] (Thread-603) [Consumer clientId=consumer-Consumer-topic-90d67ef6_075c_4403_a6b2_5b742ad1c950-1, groupId=Consumer-topic-90d67ef6_075c_4403_a6b2_5b742ad1c950] (Re-)joining group
2025-08-07 12:27:59,930 INFO  [org.apa.kaf.cli.con.int.ConsumerCoordinator] (Thread-603) [Consumer clientId=consumer-Consumer-topic-90d67ef6_075c_4403_a6b2_5b742ad1c950-1, groupId=Consumer-topic-90d67ef6_075c_4403_a6b2_5b742ad1c950] Group coordinator localhost:32769 (id: 2147483647 rack: null) is unavailable or invalid due to cause: error response NOT_COORDINATOR. isDisconnected: false. Rediscovery will be attempted.
2025-08-07 12:27:59,930 INFO  [org.apa.kaf.cli.con.int.ConsumerCoordinator] (Thread-603) [Consumer clientId=consumer-Consumer-topic-90d67ef6_075c_4403_a6b2_5b742ad1c950-1, groupId=Consumer-topic-90d67ef6_075c_4403_a6b2_5b742ad1c950] Requesting disconnect from last known coordinator localhost:32769 (id: 2147483647 rack: null)
2025-08-07 12:27:59,932 INFO  [org.apa.kaf.cli.con.int.ConsumerCoordinator] (Thread-603) [Consumer clientId=consumer-Consumer-topic-90d67ef6_075c_4403_a6b2_5b742ad1c950-1, groupId=Consumer-topic-90d67ef6_075c_4403_a6b2_5b742ad1c950] JoinGroup failed: This is not the correct coordinator. Marking coordinator unknown. Sent generation was Generation{generationId=-1, memberId='', protocol='null'}
2025-08-07 12:27:59,933 INFO  [org.apa.kaf.cli.NetworkClient] (Thread-603) [Consumer clientId=consumer-Consumer-topic-90d67ef6_075c_4403_a6b2_5b742ad1c950-1, groupId=Consumer-topic-90d67ef6_075c_4403_a6b2_5b742ad1c950] Client requested disconnect from node 2147483647
2025-08-07 12:27:59,942 INFO  [org.apa.kaf.cli.con.int.ConsumerCoordinator] (Thread-603) [Consumer clientId=consumer-Consumer-topic-90d67ef6_075c_4403_a6b2_5b742ad1c950-1, groupId=Consumer-topic-90d67ef6_075c_4403_a6b2_5b742ad1c950] Discovered group coordinator localhost:32769 (id: 2147483647 rack: null)
2025-08-07 12:27:59,942 INFO  [org.apa.kaf.cli.con.int.ConsumerCoordinator] (Thread-603) [Consumer clientId=consumer-Consumer-topic-90d67ef6_075c_4403_a6b2_5b742ad1c950-1, groupId=Consumer-topic-90d67ef6_075c_4403_a6b2_5b742ad1c950] Group coordinator localhost:32769 (id: 2147483647 rack: null) is unavailable or invalid due to cause: coordinator unavailable. isDisconnected: false. Rediscovery will be attempted.
2025-08-07 12:27:59,942 INFO  [org.apa.kaf.cli.con.int.ConsumerCoordinator] (Thread-603) [Consumer clientId=consumer-Consumer-topic-90d67ef6_075c_4403_a6b2_5b742ad1c950-1, groupId=Consumer-topic-90d67ef6_075c_4403_a6b2_5b742ad1c950] Requesting disconnect from last known coordinator localhost:32769 (id: 2147483647 rack: null)
2025-08-07 12:28:00,066 INFO  [org.apa.kaf.cli.con.int.ConsumerCoordinator] (Thread-603) [Consumer clientId=consumer-Consumer-topic-90d67ef6_075c_4403_a6b2_5b742ad1c950-1, groupId=Consumer-topic-90d67ef6_075c_4403_a6b2_5b742ad1c950] Discovered group coordinator localhost:32769 (id: 2147483647 rack: null)
2025-08-07 12:28:00,068 INFO  [org.apa.kaf.cli.con.int.ConsumerCoordinator] (Thread-603) [Consumer clientId=consumer-Consumer-topic-90d67ef6_075c_4403_a6b2_5b742ad1c950-1, groupId=Consumer-topic-90d67ef6_075c_4403_a6b2_5b742ad1c950] Request joining group due to: rebalance failed due to 'This is not the correct coordinator.' (NotCoordinatorException)
2025-08-07 12:28:00,069 INFO  [org.apa.kaf.cli.con.int.ConsumerCoordinator] (Thread-603) [Consumer clientId=consumer-Consumer-topic-90d67ef6_075c_4403_a6b2_5b742ad1c950-1, groupId=Consumer-topic-90d67ef6_075c_4403_a6b2_5b742ad1c950] (Re-)joining group
2025-08-07 12:28:00,074 INFO  [org.apa.kaf.cli.con.int.ConsumerCoordinator] (Thread-603) [Consumer clientId=consumer-Consumer-topic-90d67ef6_075c_4403_a6b2_5b742ad1c950-1, groupId=Consumer-topic-90d67ef6_075c_4403_a6b2_5b742ad1c950] Group coordinator localhost:32769 (id: 2147483647 rack: null) is unavailable or invalid due to cause: error response NOT_COORDINATOR. isDisconnected: false. Rediscovery will be attempted.
2025-08-07 12:28:00,075 INFO  [org.apa.kaf.cli.con.int.ConsumerCoordinator] (Thread-603) [Consumer clientId=consumer-Consumer-topic-90d67ef6_075c_4403_a6b2_5b742ad1c950-1, groupId=Consumer-topic-90d67ef6_075c_4403_a6b2_5b742ad1c950] Requesting disconnect from last known coordinator localhost:32769 (id: 2147483647 rack: null)
2025-08-07 12:28:00,075 INFO  [org.apa.kaf.cli.con.int.ConsumerCoordinator] (Thread-603) [Consumer clientId=consumer-Consumer-topic-90d67ef6_075c_4403_a6b2_5b742ad1c950-1, groupId=Consumer-topic-90d67ef6_075c_4403_a6b2_5b742ad1c950] JoinGroup failed: This is not the correct coordinator. Marking coordinator unknown. Sent generation was Generation{generationId=-1, memberId='', protocol='null'}
2025-08-07 12:28:00,075 INFO  [org.apa.kaf.cli.NetworkClient] (Thread-603) [Consumer clientId=consumer-Consumer-topic-90d67ef6_075c_4403_a6b2_5b742ad1c950-1, groupId=Consumer-topic-90d67ef6_075c_4403_a6b2_5b742ad1c950] Client requested disconnect from node 2147483647
2025-08-07 12:28:00,086 INFO  [org.apa.kaf.cli.con.int.ConsumerCoordinator] (Thread-603) [Consumer clientId=consumer-Consumer-topic-90d67ef6_075c_4403_a6b2_5b742ad1c950-1, groupId=Consumer-topic-90d67ef6_075c_4403_a6b2_5b742ad1c950] Discovered group coordinator localhost:32769 (id: 2147483647 rack: null)
2025-08-07 12:28:00,086 INFO  [org.apa.kaf.cli.con.int.ConsumerCoordinator] (Thread-603) [Consumer clientId=consumer-Consumer-topic-90d67ef6_075c_4403_a6b2_5b742ad1c950-1, groupId=Consumer-topic-90d67ef6_075c_4403_a6b2_5b742ad1c950] Group coordinator localhost:32769 (id: 2147483647 rack: null) is unavailable or invalid due to cause: coordinator unavailable. isDisconnected: false. Rediscovery will be attempted.
2025-08-07 12:28:00,086 INFO  [org.apa.kaf.cli.con.int.ConsumerCoordinator] (Thread-603) [Consumer clientId=consumer-Consumer-topic-90d67ef6_075c_4403_a6b2_5b742ad1c950-1, groupId=Consumer-topic-90d67ef6_075c_4403_a6b2_5b742ad1c950] Requesting disconnect from last known coordinator localhost:32769 (id: 2147483647 rack: null)
2025-08-07 12:28:00,195 INFO  [org.apa.kaf.cli.con.int.ConsumerCoordinator] (Thread-603) [Consumer clientId=consumer-Consumer-topic-90d67ef6_075c_4403_a6b2_5b742ad1c950-1, groupId=Consumer-topic-90d67ef6_075c_4403_a6b2_5b742ad1c950] Discovered group coordinator localhost:32769 (id: 2147483647 rack: null)
2025-08-07 12:28:00,197 INFO  [org.apa.kaf.cli.con.int.ConsumerCoordinator] (Thread-603) [Consumer clientId=consumer-Consumer-topic-90d67ef6_075c_4403_a6b2_5b742ad1c950-1, groupId=Consumer-topic-90d67ef6_075c_4403_a6b2_5b742ad1c950] Request joining group due to: rebalance failed due to 'This is not the correct coordinator.' (NotCoordinatorException)
2025-08-07 12:28:00,200 INFO  [org.apa.kaf.cli.con.int.ConsumerCoordinator] (Thread-603) [Consumer clientId=consumer-Consumer-topic-90d67ef6_075c_4403_a6b2_5b742ad1c950-1, groupId=Consumer-topic-90d67ef6_075c_4403_a6b2_5b742ad1c950] (Re-)joining group
2025-08-07 12:28:00,205 INFO  [org.apa.kaf.cli.con.int.ConsumerCoordinator] (Thread-603) [Consumer clientId=consumer-Consumer-topic-90d67ef6_075c_4403_a6b2_5b742ad1c950-1, groupId=Consumer-topic-90d67ef6_075c_4403_a6b2_5b742ad1c950] Group coordinator localhost:32769 (id: 2147483647 rack: null) is unavailable or invalid due to cause: error response NOT_COORDINATOR. isDisconnected: false. Rediscovery will be attempted.
2025-08-07 12:28:00,205 INFO  [org.apa.kaf.cli.con.int.ConsumerCoordinator] (Thread-603) [Consumer clientId=consumer-Consumer-topic-90d67ef6_075c_4403_a6b2_5b742ad1c950-1, groupId=Consumer-topic-90d67ef6_075c_4403_a6b2_5b742ad1c950] Requesting disconnect from last known coordinator localhost:32769 (id: 2147483647 rack: null)
2025-08-07 12:28:00,205 INFO  [org.apa.kaf.cli.con.int.ConsumerCoordinator] (Thread-603) [Consumer clientId=consumer-Consumer-topic-90d67ef6_075c_4403_a6b2_5b742ad1c950-1, groupId=Consumer-topic-90d67ef6_075c_4403_a6b2_5b742ad1c950] JoinGroup failed: This is not the correct coordinator. Marking coordinator unknown. Sent generation was Generation{generationId=-1, memberId='', protocol='null'}
2025-08-07 12:28:00,205 INFO  [org.apa.kaf.cli.NetworkClient] (Thread-603) [Consumer clientId=consumer-Consumer-topic-90d67ef6_075c_4403_a6b2_5b742ad1c950-1, groupId=Consumer-topic-90d67ef6_075c_4403_a6b2_5b742ad1c950] Client requested disconnect from node 2147483647
2025-08-07 12:28:00,215 INFO  [org.apa.kaf.cli.con.int.ConsumerCoordinator] (Thread-603) [Consumer clientId=consumer-Consumer-topic-90d67ef6_075c_4403_a6b2_5b742ad1c950-1, groupId=Consumer-topic-90d67ef6_075c_4403_a6b2_5b742ad1c950] Discovered group coordinator localhost:32769 (id: 2147483647 rack: null)
2025-08-07 12:28:00,215 INFO  [org.apa.kaf.cli.con.int.ConsumerCoordinator] (Thread-603) [Consumer clientId=consumer-Consumer-topic-90d67ef6_075c_4403_a6b2_5b742ad1c950-1, groupId=Consumer-topic-90d67ef6_075c_4403_a6b2_5b742ad1c950] Group coordinator localhost:32769 (id: 2147483647 rack: null) is unavailable or invalid due to cause: coordinator unavailable. isDisconnected: false. Rediscovery will be attempted.
2025-08-07 12:28:00,215 INFO  [org.apa.kaf.cli.con.int.ConsumerCoordinator] (Thread-603) [Consumer clientId=consumer-Consumer-topic-90d67ef6_075c_4403_a6b2_5b742ad1c950-1, groupId=Consumer-topic-90d67ef6_075c_4403_a6b2_5b742ad1c950] Requesting disconnect from last known coordinator localhost:32769 (id: 2147483647 rack: null)
2025-08-07 12:28:00,309 INFO  [org.apa.kaf.cli.con.int.ConsumerCoordinator] (Thread-603) [Consumer clientId=consumer-Consumer-topic-90d67ef6_075c_4403_a6b2_5b742ad1c950-1, groupId=Consumer-topic-90d67ef6_075c_4403_a6b2_5b742ad1c950] Discovered group coordinator localhost:32769 (id: 2147483647 rack: null)
2025-08-07 12:28:00,310 INFO  [org.apa.kaf.cli.con.int.ConsumerCoordinator] (Thread-603) [Consumer clientId=consumer-Consumer-topic-90d67ef6_075c_4403_a6b2_5b742ad1c950-1, groupId=Consumer-topic-90d67ef6_075c_4403_a6b2_5b742ad1c950] Request joining group due to: rebalance failed due to 'This is not the correct coordinator.' (NotCoordinatorException)
2025-08-07 12:28:00,312 INFO  [org.apa.kaf.cli.con.int.ConsumerCoordinator] (Thread-603) [Consumer clientId=consumer-Consumer-topic-90d67ef6_075c_4403_a6b2_5b742ad1c950-1, groupId=Consumer-topic-90d67ef6_075c_4403_a6b2_5b742ad1c950] (Re-)joining group
2025-08-07 12:28:00,316 INFO  [org.apa.kaf.cli.con.int.ConsumerCoordinator] (Thread-603) [Consumer clientId=consumer-Consumer-topic-90d67ef6_075c_4403_a6b2_5b742ad1c950-1, groupId=Consumer-topic-90d67ef6_075c_4403_a6b2_5b742ad1c950] Group coordinator localhost:32769 (id: 2147483647 rack: null) is unavailable or invalid due to cause: error response NOT_COORDINATOR. isDisconnected: false. Rediscovery will be attempted.
2025-08-07 12:28:00,316 INFO  [org.apa.kaf.cli.con.int.ConsumerCoordinator] (Thread-603) [Consumer clientId=consumer-Consumer-topic-90d67ef6_075c_4403_a6b2_5b742ad1c950-1, groupId=Consumer-topic-90d67ef6_075c_4403_a6b2_5b742ad1c950] Requesting disconnect from last known coordinator localhost:32769 (id: 2147483647 rack: null)
2025-08-07 12:28:00,316 INFO  [org.apa.kaf.cli.con.int.ConsumerCoordinator] (Thread-603) [Consumer clientId=consumer-Consumer-topic-90d67ef6_075c_4403_a6b2_5b742ad1c950-1, groupId=Consumer-topic-90d67ef6_075c_4403_a6b2_5b742ad1c950] JoinGroup failed: This is not the correct coordinator. Marking coordinator unknown. Sent generation was Generation{generationId=-1, memberId='', protocol='null'}
2025-08-07 12:28:00,316 INFO  [org.apa.kaf.cli.NetworkClient] (Thread-603) [Consumer clientId=consumer-Consumer-topic-90d67ef6_075c_4403_a6b2_5b742ad1c950-1, groupId=Consumer-topic-90d67ef6_075c_4403_a6b2_5b742ad1c950] Client requested disconnect from node 2147483647
2025-08-07 12:28:00,320 INFO  [org.apa.kaf.cli.con.int.ConsumerCoordinator] (Thread-603) [Consumer clientId=consumer-Consumer-topic-90d67ef6_075c_4403_a6b2_5b742ad1c950-1, groupId=Consumer-topic-90d67ef6_075c_4403_a6b2_5b742ad1c950] Discovered group coordinator localhost:32769 (id: 2147483647 rack: null)
2025-08-07 12:28:00,321 INFO  [org.apa.kaf.cli.con.int.ConsumerCoordinator] (Thread-603) [Consumer clientId=consumer-Consumer-topic-90d67ef6_075c_4403_a6b2_5b742ad1c950-1, groupId=Consumer-topic-90d67ef6_075c_4403_a6b2_5b742ad1c950] Group coordinator localhost:32769 (id: 2147483647 rack: null) is unavailable or invalid due to cause: coordinator unavailable. isDisconnected: false. Rediscovery will be attempted.
2025-08-07 12:28:00,321 INFO  [org.apa.kaf.cli.con.int.ConsumerCoordinator] (Thread-603) [Consumer clientId=consumer-Consumer-topic-90d67ef6_075c_4403_a6b2_5b742ad1c950-1, groupId=Consumer-topic-90d67ef6_075c_4403_a6b2_5b742ad1c950] Requesting disconnect from last known coordinator localhost:32769 (id: 2147483647 rack: null)
2025-08-07 12:28:00,434 INFO  [org.apa.kaf.cli.con.int.ConsumerCoordinator] (Thread-603) [Consumer clientId=consumer-Consumer-topic-90d67ef6_075c_4403_a6b2_5b742ad1c950-1, groupId=Consumer-topic-90d67ef6_075c_4403_a6b2_5b742ad1c950] Discovered group coordinator localhost:32769 (id: 2147483647 rack: null)
2025-08-07 12:28:00,435 INFO  [org.apa.kaf.cli.con.int.ConsumerCoordinator] (Thread-603) [Consumer clientId=consumer-Consumer-topic-90d67ef6_075c_4403_a6b2_5b742ad1c950-1, groupId=Consumer-topic-90d67ef6_075c_4403_a6b2_5b742ad1c950] Request joining group due to: rebalance failed due to 'This is not the correct coordinator.' (NotCoordinatorException)
2025-08-07 12:28:00,436 INFO  [org.apa.kaf.cli.con.int.ConsumerCoordinator] (Thread-603) [Consumer clientId=consumer-Consumer-topic-90d67ef6_075c_4403_a6b2_5b742ad1c950-1, groupId=Consumer-topic-90d67ef6_075c_4403_a6b2_5b742ad1c950] (Re-)joining group
2025-08-07 12:28:00,455 INFO  [org.apa.kaf.cli.con.int.ConsumerCoordinator] (Thread-603) [Consumer clientId=consumer-Consumer-topic-90d67ef6_075c_4403_a6b2_5b742ad1c950-1, groupId=Consumer-topic-90d67ef6_075c_4403_a6b2_5b742ad1c950] Request joining group due to: need to re-join with the given member-id: consumer-Consumer-topic-90d67ef6_075c_4403_a6b2_5b742ad1c950-1-eb357ce7-bf7a-45a6-b40c-a79e25d455b2
2025-08-07 12:28:00,458 INFO  [org.apa.kaf.cli.con.int.ConsumerCoordinator] (Thread-603) [Consumer clientId=consumer-Consumer-topic-90d67ef6_075c_4403_a6b2_5b742ad1c950-1, groupId=Consumer-topic-90d67ef6_075c_4403_a6b2_5b742ad1c950] (Re-)joining group
2025-08-07 12:28:00,722 INFO  [io.api.tes.ser.api.KafkaSerdesTester] (Thread-603) None found
2025-08-07 12:28:01,722 INFO  [io.api.tes.ser.api.KafkaSerdesTester] (Thread-603) None found
2025-08-07 12:28:02,722 INFO  [io.api.tes.ser.api.KafkaSerdesTester] (Thread-603) None found
2025-08-07 12:28:03,474 INFO  [org.apa.kaf.cli.con.int.ConsumerCoordinator] (Thread-603) [Consumer clientId=consumer-Consumer-topic-90d67ef6_075c_4403_a6b2_5b742ad1c950-1, groupId=Consumer-topic-90d67ef6_075c_4403_a6b2_5b742ad1c950] Successfully joined group with generation Generation{generationId=1, memberId='consumer-Consumer-topic-90d67ef6_075c_4403_a6b2_5b742ad1c950-1-eb357ce7-bf7a-45a6-b40c-a79e25d455b2', protocol='range'}
2025-08-07 12:28:03,489 INFO  [org.apa.kaf.cli.con.int.ConsumerCoordinator] (Thread-603) [Consumer clientId=consumer-Consumer-topic-90d67ef6_075c_4403_a6b2_5b742ad1c950-1, groupId=Consumer-topic-90d67ef6_075c_4403_a6b2_5b742ad1c950] Finished assignment for group at generation 1: {consumer-Consumer-topic-90d67ef6_075c_4403_a6b2_5b742ad1c950-1-eb357ce7-bf7a-45a6-b40c-a79e25d455b2=Assignment(partitions=[topic-90d67ef6_075c_4403_a6b2_5b742ad1c950-0])}
2025-08-07 12:28:03,518 INFO  [org.apa.kaf.cli.con.int.ConsumerCoordinator] (Thread-603) [Consumer clientId=consumer-Consumer-topic-90d67ef6_075c_4403_a6b2_5b742ad1c950-1, groupId=Consumer-topic-90d67ef6_075c_4403_a6b2_5b742ad1c950] Successfully synced group in generation Generation{generationId=1, memberId='consumer-Consumer-topic-90d67ef6_075c_4403_a6b2_5b742ad1c950-1-eb357ce7-bf7a-45a6-b40c-a79e25d455b2', protocol='range'}
2025-08-07 12:28:03,519 INFO  [org.apa.kaf.cli.con.int.ConsumerCoordinator] (Thread-603) [Consumer clientId=consumer-Consumer-topic-90d67ef6_075c_4403_a6b2_5b742ad1c950-1, groupId=Consumer-topic-90d67ef6_075c_4403_a6b2_5b742ad1c950] Notifying assignor about the new Assignment(partitions=[topic-90d67ef6_075c_4403_a6b2_5b742ad1c950-0])
2025-08-07 12:28:03,523 INFO  [org.apa.kaf.cli.con.int.ConsumerRebalanceListenerInvoker] (Thread-603) [Consumer clientId=consumer-Consumer-topic-90d67ef6_075c_4403_a6b2_5b742ad1c950-1, groupId=Consumer-topic-90d67ef6_075c_4403_a6b2_5b742ad1c950] Adding newly assigned partitions: topic-90d67ef6_075c_4403_a6b2_5b742ad1c950-0
2025-08-07 12:28:03,542 INFO  [org.apa.kaf.cli.con.int.ConsumerCoordinator] (Thread-603) [Consumer clientId=consumer-Consumer-topic-90d67ef6_075c_4403_a6b2_5b742ad1c950-1, groupId=Consumer-topic-90d67ef6_075c_4403_a6b2_5b742ad1c950] Found no committed offset for partition topic-90d67ef6_075c_4403_a6b2_5b742ad1c950-0
2025-08-07 12:28:03,562 INFO  [org.apa.kaf.cli.con.int.SubscriptionState] (Thread-603) [Consumer clientId=consumer-Consumer-topic-90d67ef6_075c_4403_a6b2_5b742ad1c950-1, groupId=Consumer-topic-90d67ef6_075c_4403_a6b2_5b742ad1c950] Resetting offset for partition topic-90d67ef6_075c_4403_a6b2_5b742ad1c950-0 to position FetchPosition{offset=0, offsetEpoch=Optional.empty, currentLeader=LeaderAndEpoch{leader=Optional[localhost:32769 (id: 0 rack: null)], epoch=0}}.
2025-08-07 12:28:03,857 INFO  [io.api.tes.ser.api.KafkaSerdesTester] (Thread-603) topic-90d67ef6_075c_4403_a6b2_5b742ad1c950 0 0 {"key11754569678368": "value-0"}
2025-08-07 12:28:03,857 INFO  [io.api.tes.ser.api.KafkaSerdesTester] (Thread-603) topic-90d67ef6_075c_4403_a6b2_5b742ad1c950 0 1 {"key11754569678368": "value-1"}
2025-08-07 12:28:03,857 INFO  [io.api.tes.ser.api.KafkaSerdesTester] (Thread-603) topic-90d67ef6_075c_4403_a6b2_5b742ad1c950 0 2 {"key11754569678368": "value-2"}
2025-08-07 12:28:03,857 INFO  [io.api.tes.ser.api.KafkaSerdesTester] (Thread-603) topic-90d67ef6_075c_4403_a6b2_5b742ad1c950 0 3 {"key11754569678368": "value-3"}
2025-08-07 12:28:03,857 INFO  [io.api.tes.ser.api.KafkaSerdesTester] (Thread-603) topic-90d67ef6_075c_4403_a6b2_5b742ad1c950 0 4 {"key11754569678368": "value-4"}
2025-08-07 12:28:03,857 INFO  [io.api.tes.ser.api.KafkaSerdesTester] (Thread-603) topic-90d67ef6_075c_4403_a6b2_5b742ad1c950 0 5 {"key11754569678368": "value-5"}
2025-08-07 12:28:03,858 INFO  [io.api.tes.ser.api.KafkaSerdesTester] (Thread-603) topic-90d67ef6_075c_4403_a6b2_5b742ad1c950 0 6 {"key11754569678368": "value-6"}
2025-08-07 12:28:03,858 INFO  [io.api.tes.ser.api.KafkaSerdesTester] (Thread-603) topic-90d67ef6_075c_4403_a6b2_5b742ad1c950 0 7 {"key11754569678368": "value-7"}
2025-08-07 12:28:03,858 INFO  [io.api.tes.ser.api.KafkaSerdesTester] (Thread-603) topic-90d67ef6_075c_4403_a6b2_5b742ad1c950 0 8 {"key11754569678368": "value-8"}
2025-08-07 12:28:03,858 INFO  [io.api.tes.ser.api.KafkaSerdesTester] (Thread-603) topic-90d67ef6_075c_4403_a6b2_5b742ad1c950 0 9 {"key11754569678368": "value-9"}
2025-08-07 12:28:03,858 INFO  [io.api.tes.ser.api.KafkaSerdesTester] (Thread-603) Consumed 10 messages
2025-08-07 12:28:03,880 INFO  [org.apa.kaf.cli.con.int.ConsumerRebalanceListenerInvoker] (Thread-603) [Consumer clientId=consumer-Consumer-topic-90d67ef6_075c_4403_a6b2_5b742ad1c950-1, groupId=Consumer-topic-90d67ef6_075c_4403_a6b2_5b742ad1c950] Revoke previously assigned partitions topic-90d67ef6_075c_4403_a6b2_5b742ad1c950-0
2025-08-07 12:28:03,880 INFO  [org.apa.kaf.cli.con.int.ConsumerCoordinator] (Thread-603) [Consumer clientId=consumer-Consumer-topic-90d67ef6_075c_4403_a6b2_5b742ad1c950-1, groupId=Consumer-topic-90d67ef6_075c_4403_a6b2_5b742ad1c950] Member consumer-Consumer-topic-90d67ef6_075c_4403_a6b2_5b742ad1c950-1-eb357ce7-bf7a-45a6-b40c-a79e25d455b2 sending LeaveGroup request to coordinator localhost:32769 (id: 2147483647 rack: null) due to the consumer is being closed
2025-08-07 12:28:03,881 INFO  [org.apa.kaf.cli.con.int.ConsumerCoordinator] (Thread-603) [Consumer clientId=consumer-Consumer-topic-90d67ef6_075c_4403_a6b2_5b742ad1c950-1, groupId=Consumer-topic-90d67ef6_075c_4403_a6b2_5b742ad1c950] Resetting generation and member id due to: consumer pro-actively leaving the group
2025-08-07 12:28:03,881 INFO  [org.apa.kaf.cli.con.int.ConsumerCoordinator] (Thread-603) [Consumer clientId=consumer-Consumer-topic-90d67ef6_075c_4403_a6b2_5b742ad1c950-1, groupId=Consumer-topic-90d67ef6_075c_4403_a6b2_5b742ad1c950] Request joining group due to: consumer pro-actively leaving the group
2025-08-07 12:28:04,373 INFO  [org.apa.kaf.com.met.Metrics] (Thread-603) Metrics scheduler closed
2025-08-07 12:28:04,374 INFO  [org.apa.kaf.com.met.Metrics] (Thread-603) Closing reporter org.apache.kafka.common.metrics.JmxReporter
2025-08-07 12:28:04,374 INFO  [org.apa.kaf.com.met.Metrics] (Thread-603) Closing reporter org.apache.kafka.common.telemetry.internals.ClientTelemetryReporter
2025-08-07 12:28:04,374 INFO  [org.apa.kaf.com.met.Metrics] (Thread-603) Metrics reporters closed
2025-08-07 12:28:04,383 INFO  [org.apa.kaf.com.uti.AppInfoParser] (Thread-603) App info kafka.consumer for consumer-Consumer-topic-90d67ef6_075c_4403_a6b2_5b742ad1c950-1 unregistered
2025-08-07 12:28:04,383 INFO  [io.api.tes.uti.TestSeparator] (main) io.apicurio.tests.serdes.apicurio.AvroSerdeIT.testGlobalIdInHeaders-FINISHED
2025-08-07 12:28:04,383 INFO  [io.api.tes.uti.TestSeparator] (main) ############################################################################
Test passed: testGlobalIdInHeaders
]]></system-out>
  </testcase>
  <testcase name="testSimpleTopicIdStrategyFindLatest" classname="io.apicurio.tests.serdes.apicurio.AvroSerdeIT" time="5.34">
    <system-out><![CDATA[2025-08-07 12:28:04,386 INFO  [io.api.tes.uti.TestSeparator] (main) ############################################################################
2025-08-07 12:28:04,386 INFO  [io.api.tes.uti.TestSeparator] (main) io.apicurio.tests.serdes.apicurio.AvroSerdeIT.testSimpleTopicIdStrategyFindLatest-STARTED
2025-08-07 12:28:04,389 INFO  [io.api.tes.ser.api.AvroSerdeIT] (main) Registering Avro Schema: {"type":"record","name":"myrecordapicurio1","fields":[{"name":"key11754569684388","type":"string"}]}
**** Registry Base URL: http://registry-app-ksql047.apps.ci419.apicurio-testing.org:80
2025-08-07 12:28:05,580 INFO  [org.apa.kaf.cli.pro.ProducerConfig] (main) ProducerConfig values: 
	acks = -1
	auto.include.jmx.reporter = true
	batch.size = 16384
	bootstrap.servers = [PLAINTEXT://localhost:32769]
	buffer.memory = 33554432
	client.dns.lookup = use_all_dns_ips
	client.id = Producer-topic-d24123e1_3e6f_4ca6_81ad_e30761822dcc
	compression.gzip.level = -1
	compression.lz4.level = 9
	compression.type = none
	compression.zstd.level = 3
	connections.max.idle.ms = 10000
	delivery.timeout.ms = 120000
	enable.idempotence = true
	enable.metrics.push = true
	interceptor.classes = []
	key.serializer = class org.apache.kafka.common.serialization.StringSerializer
	linger.ms = 0
	max.block.ms = 60000
	max.in.flight.requests.per.connection = 5
	max.request.size = 1048576
	metadata.max.age.ms = 300000
	metadata.max.idle.ms = 300000
	metadata.recovery.strategy = none
	metric.reporters = []
	metrics.num.samples = 2
	metrics.recording.level = INFO
	metrics.sample.window.ms = 30000
	partitioner.adaptive.partitioning.enable = true
	partitioner.availability.timeout.ms = 0
	partitioner.class = null
	partitioner.ignore.keys = false
	receive.buffer.bytes = 32768
	reconnect.backoff.max.ms = 1000
	reconnect.backoff.ms = 50
	request.timeout.ms = 5000
	retries = 2147483647
	retry.backoff.max.ms = 1000
	retry.backoff.ms = 100
	sasl.client.callback.handler.class = null
	sasl.jaas.config = null
	sasl.kerberos.kinit.cmd = /usr/bin/kinit
	sasl.kerberos.min.time.before.relogin = 60000
	sasl.kerberos.service.name = null
	sasl.kerberos.ticket.renew.jitter = 0.05
	sasl.kerberos.ticket.renew.window.factor = 0.8
	sasl.login.callback.handler.class = null
	sasl.login.class = null
	sasl.login.connect.timeout.ms = null
	sasl.login.read.timeout.ms = null
	sasl.login.refresh.buffer.seconds = 300
	sasl.login.refresh.min.period.seconds = 60
	sasl.login.refresh.window.factor = 0.8
	sasl.login.refresh.window.jitter = 0.05
	sasl.login.retry.backoff.max.ms = 10000
	sasl.login.retry.backoff.ms = 100
	sasl.mechanism = GSSAPI
	sasl.oauthbearer.clock.skew.seconds = 30
	sasl.oauthbearer.expected.audience = null
	sasl.oauthbearer.expected.issuer = null
	sasl.oauthbearer.header.urlencode = false
	sasl.oauthbearer.jwks.endpoint.refresh.ms = 3600000
	sasl.oauthbearer.jwks.endpoint.retry.backoff.max.ms = 10000
	sasl.oauthbearer.jwks.endpoint.retry.backoff.ms = 100
	sasl.oauthbearer.jwks.endpoint.url = null
	sasl.oauthbearer.scope.claim.name = scope
	sasl.oauthbearer.sub.claim.name = sub
	sasl.oauthbearer.token.endpoint.url = null
	security.protocol = PLAINTEXT
	security.providers = null
	send.buffer.bytes = 131072
	socket.connection.setup.timeout.max.ms = 30000
	socket.connection.setup.timeout.ms = 10000
	ssl.cipher.suites = null
	ssl.enabled.protocols = [TLSv1.2, TLSv1.3]
	ssl.endpoint.identification.algorithm = https
	ssl.engine.factory.class = null
	ssl.key.password = null
	ssl.keymanager.algorithm = SunX509
	ssl.keystore.certificate.chain = null
	ssl.keystore.key = null
	ssl.keystore.location = null
	ssl.keystore.password = null
	ssl.keystore.type = JKS
	ssl.protocol = TLSv1.3
	ssl.provider = null
	ssl.secure.random.implementation = null
	ssl.trustmanager.algorithm = PKIX
	ssl.truststore.certificates = null
	ssl.truststore.location = null
	ssl.truststore.password = null
	ssl.truststore.type = JKS
	transaction.timeout.ms = 60000
	transactional.id = null
	value.serializer = class io.apicurio.registry.serde.avro.AvroKafkaSerializer

2025-08-07 12:28:05,581 INFO  [org.apa.kaf.com.tel.int.KafkaMetricsCollector] (main) initializing Kafka metrics collector
2025-08-07 12:28:05,586 INFO  [org.apa.kaf.cli.pro.KafkaProducer] (main) [Producer clientId=Producer-topic-d24123e1_3e6f_4ca6_81ad_e30761822dcc] Instantiated an idempotent producer.
2025-08-07 12:28:05,590 INFO  [org.apa.kaf.cli.pro.ProducerConfig] (main) These configurations '[apicurio.registry.find-latest, apicurio.registry.artifact.group-id, apicurio.registry.url, apicurio.registry.artifact-resolver-strategy]' were supplied but are not used yet.
2025-08-07 12:28:05,591 INFO  [org.apa.kaf.com.uti.AppInfoParser] (main) Kafka version: 3.9.1
2025-08-07 12:28:05,591 INFO  [org.apa.kaf.com.uti.AppInfoParser] (main) Kafka commitId: f745dfdcee2b9851
2025-08-07 12:28:05,591 INFO  [org.apa.kaf.com.uti.AppInfoParser] (main) Kafka startTimeMs: 1754569685591
2025-08-07 12:28:05,591 INFO  [io.api.tes.ser.api.SimpleSerdesTesterBuilder$SimpleSerdesTester] (main) Using producer configuration: {apicurio.registry.find-latest=true, apicurio.registry.artifact.group-id=topic-d24123e1_3e6f_4ca6_81ad_e30761822dcc, apicurio.registry.url=http://registry-app-ksql047.apps.ci419.apicurio-testing.org:80/apis/registry/v3, apicurio.registry.artifact-resolver-strategy=io.apicurio.registry.serde.strategy.SimpleTopicIdStrategy, value.serializer=io.apicurio.registry.serde.avro.AvroKafkaSerializer, request.timeout.ms=5000, acks=all, bootstrap.servers=PLAINTEXT://localhost:32769, connections.max.idle.ms=10000, key.serializer=org.apache.kafka.common.serialization.StringSerializer, client.id=Producer-topic-d24123e1_3e6f_4ca6_81ad_e30761822dcc}
2025-08-07 12:28:05,591 INFO  [io.api.tes.ser.api.SimpleSerdesTesterBuilder$SimpleSerdesTester] (main) Using consumer configuration: {}
2025-08-07 12:28:05,594 INFO  [io.api.tes.ser.api.KafkaSerdesTester] (Thread-606) Sending message {"key11754569684388": "value-0"} to topic topic-d24123e1_3e6f_4ca6_81ad_e30761822dcc
2025-08-07 12:28:05,603 INFO  [org.apa.kaf.cli.Metadata] (kafka-producer-network-thread | Producer-topic-d24123e1_3e6f_4ca6_81ad_e30761822dcc) [Producer clientId=Producer-topic-d24123e1_3e6f_4ca6_81ad_e30761822dcc] Cluster ID: Iafv2PskRxGTuYEST4AQwQ
2025-08-07 12:28:05,607 INFO  [org.apa.kaf.cli.pro.int.TransactionManager] (kafka-producer-network-thread | Producer-topic-d24123e1_3e6f_4ca6_81ad_e30761822dcc) [Producer clientId=Producer-topic-d24123e1_3e6f_4ca6_81ad_e30761822dcc] ProducerId set to 1 with epoch 0
2025-08-07 12:28:05,915 INFO  [io.api.tes.ser.api.KafkaSerdesTester] (Thread-606) Sending message {"key11754569684388": "value-1"} to topic topic-d24123e1_3e6f_4ca6_81ad_e30761822dcc
2025-08-07 12:28:05,918 INFO  [io.api.tes.ser.api.KafkaSerdesTester] (Thread-606) Sending message {"key11754569684388": "value-2"} to topic topic-d24123e1_3e6f_4ca6_81ad_e30761822dcc
2025-08-07 12:28:05,921 INFO  [io.api.tes.ser.api.KafkaSerdesTester] (Thread-606) Sending message {"key11754569684388": "value-3"} to topic topic-d24123e1_3e6f_4ca6_81ad_e30761822dcc
2025-08-07 12:28:05,923 INFO  [io.api.tes.ser.api.KafkaSerdesTester] (Thread-606) Sending message {"key11754569684388": "value-4"} to topic topic-d24123e1_3e6f_4ca6_81ad_e30761822dcc
2025-08-07 12:28:05,925 INFO  [io.api.tes.ser.api.KafkaSerdesTester] (Thread-606) Sending message {"key11754569684388": "value-5"} to topic topic-d24123e1_3e6f_4ca6_81ad_e30761822dcc
2025-08-07 12:28:05,928 INFO  [io.api.tes.ser.api.KafkaSerdesTester] (Thread-606) Sending message {"key11754569684388": "value-6"} to topic topic-d24123e1_3e6f_4ca6_81ad_e30761822dcc
2025-08-07 12:28:05,931 INFO  [io.api.tes.ser.api.KafkaSerdesTester] (Thread-606) Sending message {"key11754569684388": "value-7"} to topic topic-d24123e1_3e6f_4ca6_81ad_e30761822dcc
2025-08-07 12:28:05,934 INFO  [io.api.tes.ser.api.KafkaSerdesTester] (Thread-606) Sending message {"key11754569684388": "value-8"} to topic topic-d24123e1_3e6f_4ca6_81ad_e30761822dcc
2025-08-07 12:28:05,937 INFO  [io.api.tes.ser.api.KafkaSerdesTester] (Thread-606) Sending message {"key11754569684388": "value-9"} to topic topic-d24123e1_3e6f_4ca6_81ad_e30761822dcc
2025-08-07 12:28:05,941 INFO  [io.api.tes.ser.api.KafkaSerdesTester] (Thread-606) Produced 10 messages
2025-08-07 12:28:05,941 INFO  [org.apa.kaf.cli.pro.KafkaProducer] (Thread-606) [Producer clientId=Producer-topic-d24123e1_3e6f_4ca6_81ad_e30761822dcc] Closing the Kafka producer with timeoutMillis = 9223372036854775807 ms.
2025-08-07 12:28:05,949 INFO  [org.apa.kaf.com.met.Metrics] (Thread-606) Metrics scheduler closed
2025-08-07 12:28:05,949 INFO  [org.apa.kaf.com.met.Metrics] (Thread-606) Closing reporter org.apache.kafka.common.metrics.JmxReporter
2025-08-07 12:28:05,949 INFO  [org.apa.kaf.com.met.Metrics] (Thread-606) Closing reporter org.apache.kafka.common.telemetry.internals.ClientTelemetryReporter
2025-08-07 12:28:05,949 INFO  [org.apa.kaf.com.met.Metrics] (Thread-606) Metrics reporters closed
2025-08-07 12:28:05,951 INFO  [org.apa.kaf.com.uti.AppInfoParser] (Thread-606) App info kafka.producer for Producer-topic-d24123e1_3e6f_4ca6_81ad_e30761822dcc unregistered
**** Registry Base URL: http://registry-app-ksql047.apps.ci419.apicurio-testing.org:80
2025-08-07 12:28:05,952 INFO  [org.apa.kaf.cli.con.ConsumerConfig] (main) ConsumerConfig values: 
	allow.auto.create.topics = true
	auto.commit.interval.ms = 500
	auto.include.jmx.reporter = true
	auto.offset.reset = earliest
	bootstrap.servers = [PLAINTEXT://localhost:32769]
	check.crcs = true
	client.dns.lookup = use_all_dns_ips
	client.id = consumer-Consumer-topic-d24123e1_3e6f_4ca6_81ad_e30761822dcc-2
	client.rack = 
	connections.max.idle.ms = 10000
	default.api.timeout.ms = 60000
	enable.auto.commit = true
	enable.metrics.push = true
	exclude.internal.topics = true
	fetch.max.bytes = 52428800
	fetch.max.wait.ms = 500
	fetch.min.bytes = 1
	group.id = Consumer-topic-d24123e1_3e6f_4ca6_81ad_e30761822dcc
	group.instance.id = null
	group.protocol = classic
	group.remote.assignor = null
	heartbeat.interval.ms = 3000
	interceptor.classes = []
	internal.leave.group.on.close = true
	internal.throw.on.fetch.stable.offset.unsupported = false
	isolation.level = read_uncommitted
	key.deserializer = class org.apache.kafka.common.serialization.StringDeserializer
	max.partition.fetch.bytes = 1048576
	max.poll.interval.ms = 300000
	max.poll.records = 500
	metadata.max.age.ms = 300000
	metadata.recovery.strategy = none
	metric.reporters = []
	metrics.num.samples = 2
	metrics.recording.level = INFO
	metrics.sample.window.ms = 30000
	partition.assignment.strategy = [class org.apache.kafka.clients.consumer.RangeAssignor, class org.apache.kafka.clients.consumer.CooperativeStickyAssignor]
	receive.buffer.bytes = 65536
	reconnect.backoff.max.ms = 1000
	reconnect.backoff.ms = 50
	request.timeout.ms = 5000
	retry.backoff.max.ms = 1000
	retry.backoff.ms = 100
	sasl.client.callback.handler.class = null
	sasl.jaas.config = null
	sasl.kerberos.kinit.cmd = /usr/bin/kinit
	sasl.kerberos.min.time.before.relogin = 60000
	sasl.kerberos.service.name = null
	sasl.kerberos.ticket.renew.jitter = 0.05
	sasl.kerberos.ticket.renew.window.factor = 0.8
	sasl.login.callback.handler.class = null
	sasl.login.class = null
	sasl.login.connect.timeout.ms = null
	sasl.login.read.timeout.ms = null
	sasl.login.refresh.buffer.seconds = 300
	sasl.login.refresh.min.period.seconds = 60
	sasl.login.refresh.window.factor = 0.8
	sasl.login.refresh.window.jitter = 0.05
	sasl.login.retry.backoff.max.ms = 10000
	sasl.login.retry.backoff.ms = 100
	sasl.mechanism = GSSAPI
	sasl.oauthbearer.clock.skew.seconds = 30
	sasl.oauthbearer.expected.audience = null
	sasl.oauthbearer.expected.issuer = null
	sasl.oauthbearer.header.urlencode = false
	sasl.oauthbearer.jwks.endpoint.refresh.ms = 3600000
	sasl.oauthbearer.jwks.endpoint.retry.backoff.max.ms = 10000
	sasl.oauthbearer.jwks.endpoint.retry.backoff.ms = 100
	sasl.oauthbearer.jwks.endpoint.url = null
	sasl.oauthbearer.scope.claim.name = scope
	sasl.oauthbearer.sub.claim.name = sub
	sasl.oauthbearer.token.endpoint.url = null
	security.protocol = PLAINTEXT
	security.providers = null
	send.buffer.bytes = 131072
	session.timeout.ms = 45000
	socket.connection.setup.timeout.max.ms = 30000
	socket.connection.setup.timeout.ms = 10000
	ssl.cipher.suites = null
	ssl.enabled.protocols = [TLSv1.2, TLSv1.3]
	ssl.endpoint.identification.algorithm = https
	ssl.engine.factory.class = null
	ssl.key.password = null
	ssl.keymanager.algorithm = SunX509
	ssl.keystore.certificate.chain = null
	ssl.keystore.key = null
	ssl.keystore.location = null
	ssl.keystore.password = null
	ssl.keystore.type = JKS
	ssl.protocol = TLSv1.3
	ssl.provider = null
	ssl.secure.random.implementation = null
	ssl.trustmanager.algorithm = PKIX
	ssl.truststore.certificates = null
	ssl.truststore.location = null
	ssl.truststore.password = null
	ssl.truststore.type = JKS
	value.deserializer = class io.apicurio.registry.serde.avro.AvroKafkaDeserializer

2025-08-07 12:28:05,953 INFO  [org.apa.kaf.com.tel.int.KafkaMetricsCollector] (main) initializing Kafka metrics collector
2025-08-07 12:28:05,964 INFO  [org.apa.kaf.cli.con.ConsumerConfig] (main) These configurations '[apicurio.registry.url]' were supplied but are not used yet.
2025-08-07 12:28:05,964 INFO  [org.apa.kaf.com.uti.AppInfoParser] (main) Kafka version: 3.9.1
2025-08-07 12:28:05,964 INFO  [org.apa.kaf.com.uti.AppInfoParser] (main) Kafka commitId: f745dfdcee2b9851
2025-08-07 12:28:05,964 INFO  [org.apa.kaf.com.uti.AppInfoParser] (main) Kafka startTimeMs: 1754569685964
2025-08-07 12:28:05,965 INFO  [org.apa.kaf.cli.con.int.ClassicKafkaConsumer] (Thread-609) [Consumer clientId=consumer-Consumer-topic-d24123e1_3e6f_4ca6_81ad_e30761822dcc-2, groupId=Consumer-topic-d24123e1_3e6f_4ca6_81ad_e30761822dcc] Subscribed to topic(s): topic-d24123e1_3e6f_4ca6_81ad_e30761822dcc
2025-08-07 12:28:05,973 INFO  [org.apa.kaf.cli.Metadata] (Thread-609) [Consumer clientId=consumer-Consumer-topic-d24123e1_3e6f_4ca6_81ad_e30761822dcc-2, groupId=Consumer-topic-d24123e1_3e6f_4ca6_81ad_e30761822dcc] Cluster ID: Iafv2PskRxGTuYEST4AQwQ
2025-08-07 12:28:05,974 INFO  [org.apa.kaf.cli.con.int.ConsumerCoordinator] (Thread-609) [Consumer clientId=consumer-Consumer-topic-d24123e1_3e6f_4ca6_81ad_e30761822dcc-2, groupId=Consumer-topic-d24123e1_3e6f_4ca6_81ad_e30761822dcc] Discovered group coordinator localhost:32769 (id: 2147483647 rack: null)
2025-08-07 12:28:05,976 INFO  [org.apa.kaf.cli.con.int.ConsumerCoordinator] (Thread-609) [Consumer clientId=consumer-Consumer-topic-d24123e1_3e6f_4ca6_81ad_e30761822dcc-2, groupId=Consumer-topic-d24123e1_3e6f_4ca6_81ad_e30761822dcc] (Re-)joining group
2025-08-07 12:28:05,980 INFO  [org.apa.kaf.cli.con.int.ConsumerCoordinator] (Thread-609) [Consumer clientId=consumer-Consumer-topic-d24123e1_3e6f_4ca6_81ad_e30761822dcc-2, groupId=Consumer-topic-d24123e1_3e6f_4ca6_81ad_e30761822dcc] Request joining group due to: need to re-join with the given member-id: consumer-Consumer-topic-d24123e1_3e6f_4ca6_81ad_e30761822dcc-2-7ec00098-23f3-447b-97cc-4dc490afe8db
2025-08-07 12:28:05,980 INFO  [org.apa.kaf.cli.con.int.ConsumerCoordinator] (Thread-609) [Consumer clientId=consumer-Consumer-topic-d24123e1_3e6f_4ca6_81ad_e30761822dcc-2, groupId=Consumer-topic-d24123e1_3e6f_4ca6_81ad_e30761822dcc] (Re-)joining group
2025-08-07 12:28:06,966 INFO  [io.api.tes.ser.api.KafkaSerdesTester] (Thread-609) None found
2025-08-07 12:28:07,966 INFO  [io.api.tes.ser.api.KafkaSerdesTester] (Thread-609) None found
2025-08-07 12:28:08,967 INFO  [io.api.tes.ser.api.KafkaSerdesTester] (Thread-609) None found
2025-08-07 12:28:08,983 INFO  [org.apa.kaf.cli.con.int.ConsumerCoordinator] (Thread-609) [Consumer clientId=consumer-Consumer-topic-d24123e1_3e6f_4ca6_81ad_e30761822dcc-2, groupId=Consumer-topic-d24123e1_3e6f_4ca6_81ad_e30761822dcc] Successfully joined group with generation Generation{generationId=1, memberId='consumer-Consumer-topic-d24123e1_3e6f_4ca6_81ad_e30761822dcc-2-7ec00098-23f3-447b-97cc-4dc490afe8db', protocol='range'}
2025-08-07 12:28:08,983 INFO  [org.apa.kaf.cli.con.int.ConsumerCoordinator] (Thread-609) [Consumer clientId=consumer-Consumer-topic-d24123e1_3e6f_4ca6_81ad_e30761822dcc-2, groupId=Consumer-topic-d24123e1_3e6f_4ca6_81ad_e30761822dcc] Finished assignment for group at generation 1: {consumer-Consumer-topic-d24123e1_3e6f_4ca6_81ad_e30761822dcc-2-7ec00098-23f3-447b-97cc-4dc490afe8db=Assignment(partitions=[topic-d24123e1_3e6f_4ca6_81ad_e30761822dcc-0])}
2025-08-07 12:28:08,991 INFO  [org.apa.kaf.cli.con.int.ConsumerCoordinator] (Thread-609) [Consumer clientId=consumer-Consumer-topic-d24123e1_3e6f_4ca6_81ad_e30761822dcc-2, groupId=Consumer-topic-d24123e1_3e6f_4ca6_81ad_e30761822dcc] Successfully synced group in generation Generation{generationId=1, memberId='consumer-Consumer-topic-d24123e1_3e6f_4ca6_81ad_e30761822dcc-2-7ec00098-23f3-447b-97cc-4dc490afe8db', protocol='range'}
2025-08-07 12:28:08,992 INFO  [org.apa.kaf.cli.con.int.ConsumerCoordinator] (Thread-609) [Consumer clientId=consumer-Consumer-topic-d24123e1_3e6f_4ca6_81ad_e30761822dcc-2, groupId=Consumer-topic-d24123e1_3e6f_4ca6_81ad_e30761822dcc] Notifying assignor about the new Assignment(partitions=[topic-d24123e1_3e6f_4ca6_81ad_e30761822dcc-0])
2025-08-07 12:28:08,992 INFO  [org.apa.kaf.cli.con.int.ConsumerRebalanceListenerInvoker] (Thread-609) [Consumer clientId=consumer-Consumer-topic-d24123e1_3e6f_4ca6_81ad_e30761822dcc-2, groupId=Consumer-topic-d24123e1_3e6f_4ca6_81ad_e30761822dcc] Adding newly assigned partitions: topic-d24123e1_3e6f_4ca6_81ad_e30761822dcc-0
2025-08-07 12:28:08,993 INFO  [org.apa.kaf.cli.con.int.ConsumerCoordinator] (Thread-609) [Consumer clientId=consumer-Consumer-topic-d24123e1_3e6f_4ca6_81ad_e30761822dcc-2, groupId=Consumer-topic-d24123e1_3e6f_4ca6_81ad_e30761822dcc] Found no committed offset for partition topic-d24123e1_3e6f_4ca6_81ad_e30761822dcc-0
2025-08-07 12:28:09,003 INFO  [org.apa.kaf.cli.con.int.SubscriptionState] (Thread-609) [Consumer clientId=consumer-Consumer-topic-d24123e1_3e6f_4ca6_81ad_e30761822dcc-2, groupId=Consumer-topic-d24123e1_3e6f_4ca6_81ad_e30761822dcc] Resetting offset for partition topic-d24123e1_3e6f_4ca6_81ad_e30761822dcc-0 to position FetchPosition{offset=0, offsetEpoch=Optional.empty, currentLeader=LeaderAndEpoch{leader=Optional[localhost:32769 (id: 0 rack: null)], epoch=0}}.
2025-08-07 12:28:09,211 INFO  [io.api.tes.ser.api.KafkaSerdesTester] (Thread-609) topic-d24123e1_3e6f_4ca6_81ad_e30761822dcc 0 0 {"key11754569684388": "value-0"}
2025-08-07 12:28:09,211 INFO  [io.api.tes.ser.api.KafkaSerdesTester] (Thread-609) topic-d24123e1_3e6f_4ca6_81ad_e30761822dcc 0 1 {"key11754569684388": "value-1"}
2025-08-07 12:28:09,212 INFO  [io.api.tes.ser.api.KafkaSerdesTester] (Thread-609) topic-d24123e1_3e6f_4ca6_81ad_e30761822dcc 0 2 {"key11754569684388": "value-2"}
2025-08-07 12:28:09,212 INFO  [io.api.tes.ser.api.KafkaSerdesTester] (Thread-609) topic-d24123e1_3e6f_4ca6_81ad_e30761822dcc 0 3 {"key11754569684388": "value-3"}
2025-08-07 12:28:09,212 INFO  [io.api.tes.ser.api.KafkaSerdesTester] (Thread-609) topic-d24123e1_3e6f_4ca6_81ad_e30761822dcc 0 4 {"key11754569684388": "value-4"}
2025-08-07 12:28:09,212 INFO  [io.api.tes.ser.api.KafkaSerdesTester] (Thread-609) topic-d24123e1_3e6f_4ca6_81ad_e30761822dcc 0 5 {"key11754569684388": "value-5"}
2025-08-07 12:28:09,212 INFO  [io.api.tes.ser.api.KafkaSerdesTester] (Thread-609) topic-d24123e1_3e6f_4ca6_81ad_e30761822dcc 0 6 {"key11754569684388": "value-6"}
2025-08-07 12:28:09,212 INFO  [io.api.tes.ser.api.KafkaSerdesTester] (Thread-609) topic-d24123e1_3e6f_4ca6_81ad_e30761822dcc 0 7 {"key11754569684388": "value-7"}
2025-08-07 12:28:09,212 INFO  [io.api.tes.ser.api.KafkaSerdesTester] (Thread-609) topic-d24123e1_3e6f_4ca6_81ad_e30761822dcc 0 8 {"key11754569684388": "value-8"}
2025-08-07 12:28:09,212 INFO  [io.api.tes.ser.api.KafkaSerdesTester] (Thread-609) topic-d24123e1_3e6f_4ca6_81ad_e30761822dcc 0 9 {"key11754569684388": "value-9"}
2025-08-07 12:28:09,212 INFO  [io.api.tes.ser.api.KafkaSerdesTester] (Thread-609) Consumed 10 messages
2025-08-07 12:28:09,222 INFO  [org.apa.kaf.cli.con.int.ConsumerRebalanceListenerInvoker] (Thread-609) [Consumer clientId=consumer-Consumer-topic-d24123e1_3e6f_4ca6_81ad_e30761822dcc-2, groupId=Consumer-topic-d24123e1_3e6f_4ca6_81ad_e30761822dcc] Revoke previously assigned partitions topic-d24123e1_3e6f_4ca6_81ad_e30761822dcc-0
2025-08-07 12:28:09,222 INFO  [org.apa.kaf.cli.con.int.ConsumerCoordinator] (Thread-609) [Consumer clientId=consumer-Consumer-topic-d24123e1_3e6f_4ca6_81ad_e30761822dcc-2, groupId=Consumer-topic-d24123e1_3e6f_4ca6_81ad_e30761822dcc] Member consumer-Consumer-topic-d24123e1_3e6f_4ca6_81ad_e30761822dcc-2-7ec00098-23f3-447b-97cc-4dc490afe8db sending LeaveGroup request to coordinator localhost:32769 (id: 2147483647 rack: null) due to the consumer is being closed
2025-08-07 12:28:09,223 INFO  [org.apa.kaf.cli.con.int.ConsumerCoordinator] (Thread-609) [Consumer clientId=consumer-Consumer-topic-d24123e1_3e6f_4ca6_81ad_e30761822dcc-2, groupId=Consumer-topic-d24123e1_3e6f_4ca6_81ad_e30761822dcc] Resetting generation and member id due to: consumer pro-actively leaving the group
2025-08-07 12:28:09,223 INFO  [org.apa.kaf.cli.con.int.ConsumerCoordinator] (Thread-609) [Consumer clientId=consumer-Consumer-topic-d24123e1_3e6f_4ca6_81ad_e30761822dcc-2, groupId=Consumer-topic-d24123e1_3e6f_4ca6_81ad_e30761822dcc] Request joining group due to: consumer pro-actively leaving the group
2025-08-07 12:28:09,718 INFO  [org.apa.kaf.com.met.Metrics] (Thread-609) Metrics scheduler closed
2025-08-07 12:28:09,718 INFO  [org.apa.kaf.com.met.Metrics] (Thread-609) Closing reporter org.apache.kafka.common.metrics.JmxReporter
2025-08-07 12:28:09,718 INFO  [org.apa.kaf.com.met.Metrics] (Thread-609) Closing reporter org.apache.kafka.common.telemetry.internals.ClientTelemetryReporter
2025-08-07 12:28:09,718 INFO  [org.apa.kaf.com.met.Metrics] (Thread-609) Metrics reporters closed
2025-08-07 12:28:09,722 INFO  [org.apa.kaf.com.uti.AppInfoParser] (Thread-609) App info kafka.consumer for consumer-Consumer-topic-d24123e1_3e6f_4ca6_81ad_e30761822dcc-2 unregistered
2025-08-07 12:28:09,725 INFO  [io.api.tes.uti.TestSeparator] (main) io.apicurio.tests.serdes.apicurio.AvroSerdeIT.testSimpleTopicIdStrategyFindLatest-FINISHED
2025-08-07 12:28:09,725 INFO  [io.api.tes.uti.TestSeparator] (main) ############################################################################
Test passed: testSimpleTopicIdStrategyFindLatest
]]></system-out>
  </testcase>
  <testcase name="testWrongSchema" classname="io.apicurio.tests.serdes.apicurio.AvroSerdeIT" time="1.386">
    <system-out><![CDATA[2025-08-07 12:28:09,728 INFO  [io.api.tes.uti.TestSeparator] (main) ############################################################################
2025-08-07 12:28:09,728 INFO  [io.api.tes.uti.TestSeparator] (main) io.apicurio.tests.serdes.apicurio.AvroSerdeIT.testWrongSchema-STARTED
**** Registry Base URL: http://registry-app-ksql047.apps.ci419.apicurio-testing.org:80
2025-08-07 12:28:10,928 INFO  [org.apa.kaf.cli.pro.ProducerConfig] (main) ProducerConfig values: 
	acks = -1
	auto.include.jmx.reporter = true
	batch.size = 16384
	bootstrap.servers = [PLAINTEXT://localhost:32769]
	buffer.memory = 33554432
	client.dns.lookup = use_all_dns_ips
	client.id = Producer-s9406a182x3c98x4ea2x9290x418d41784532
	compression.gzip.level = -1
	compression.lz4.level = 9
	compression.type = none
	compression.zstd.level = 3
	connections.max.idle.ms = 10000
	delivery.timeout.ms = 120000
	enable.idempotence = true
	enable.metrics.push = true
	interceptor.classes = []
	key.serializer = class org.apache.kafka.common.serialization.StringSerializer
	linger.ms = 0
	max.block.ms = 60000
	max.in.flight.requests.per.connection = 5
	max.request.size = 1048576
	metadata.max.age.ms = 300000
	metadata.max.idle.ms = 300000
	metadata.recovery.strategy = none
	metric.reporters = []
	metrics.num.samples = 2
	metrics.recording.level = INFO
	metrics.sample.window.ms = 30000
	partitioner.adaptive.partitioning.enable = true
	partitioner.availability.timeout.ms = 0
	partitioner.class = null
	partitioner.ignore.keys = false
	receive.buffer.bytes = 32768
	reconnect.backoff.max.ms = 1000
	reconnect.backoff.ms = 50
	request.timeout.ms = 5000
	retries = 2147483647
	retry.backoff.max.ms = 1000
	retry.backoff.ms = 100
	sasl.client.callback.handler.class = null
	sasl.jaas.config = null
	sasl.kerberos.kinit.cmd = /usr/bin/kinit
	sasl.kerberos.min.time.before.relogin = 60000
	sasl.kerberos.service.name = null
	sasl.kerberos.ticket.renew.jitter = 0.05
	sasl.kerberos.ticket.renew.window.factor = 0.8
	sasl.login.callback.handler.class = null
	sasl.login.class = null
	sasl.login.connect.timeout.ms = null
	sasl.login.read.timeout.ms = null
	sasl.login.refresh.buffer.seconds = 300
	sasl.login.refresh.min.period.seconds = 60
	sasl.login.refresh.window.factor = 0.8
	sasl.login.refresh.window.jitter = 0.05
	sasl.login.retry.backoff.max.ms = 10000
	sasl.login.retry.backoff.ms = 100
	sasl.mechanism = GSSAPI
	sasl.oauthbearer.clock.skew.seconds = 30
	sasl.oauthbearer.expected.audience = null
	sasl.oauthbearer.expected.issuer = null
	sasl.oauthbearer.header.urlencode = false
	sasl.oauthbearer.jwks.endpoint.refresh.ms = 3600000
	sasl.oauthbearer.jwks.endpoint.retry.backoff.max.ms = 10000
	sasl.oauthbearer.jwks.endpoint.retry.backoff.ms = 100
	sasl.oauthbearer.jwks.endpoint.url = null
	sasl.oauthbearer.scope.claim.name = scope
	sasl.oauthbearer.sub.claim.name = sub
	sasl.oauthbearer.token.endpoint.url = null
	security.protocol = PLAINTEXT
	security.providers = null
	send.buffer.bytes = 131072
	socket.connection.setup.timeout.max.ms = 30000
	socket.connection.setup.timeout.ms = 10000
	ssl.cipher.suites = null
	ssl.enabled.protocols = [TLSv1.2, TLSv1.3]
	ssl.endpoint.identification.algorithm = https
	ssl.engine.factory.class = null
	ssl.key.password = null
	ssl.keymanager.algorithm = SunX509
	ssl.keystore.certificate.chain = null
	ssl.keystore.key = null
	ssl.keystore.location = null
	ssl.keystore.password = null
	ssl.keystore.type = JKS
	ssl.protocol = TLSv1.3
	ssl.provider = null
	ssl.secure.random.implementation = null
	ssl.trustmanager.algorithm = PKIX
	ssl.truststore.certificates = null
	ssl.truststore.location = null
	ssl.truststore.password = null
	ssl.truststore.type = JKS
	transaction.timeout.ms = 60000
	transactional.id = null
	value.serializer = class io.apicurio.registry.serde.avro.AvroKafkaSerializer

2025-08-07 12:28:10,929 INFO  [org.apa.kaf.com.tel.int.KafkaMetricsCollector] (main) initializing Kafka metrics collector
2025-08-07 12:28:10,932 INFO  [org.apa.kaf.cli.pro.KafkaProducer] (main) [Producer clientId=Producer-s9406a182x3c98x4ea2x9290x418d41784532] Instantiated an idempotent producer.
2025-08-07 12:28:10,935 INFO  [org.apa.kaf.cli.pro.ProducerConfig] (main) These configurations '[apicurio.registry.find-latest, apicurio.registry.url, apicurio.registry.artifact-resolver-strategy]' were supplied but are not used yet.
2025-08-07 12:28:10,936 INFO  [org.apa.kaf.com.uti.AppInfoParser] (main) Kafka version: 3.9.1
2025-08-07 12:28:10,936 INFO  [org.apa.kaf.com.uti.AppInfoParser] (main) Kafka commitId: f745dfdcee2b9851
2025-08-07 12:28:10,936 INFO  [org.apa.kaf.com.uti.AppInfoParser] (main) Kafka startTimeMs: 1754569690935
2025-08-07 12:28:10,938 INFO  [io.api.tes.ser.api.KafkaSerdesTester] (Thread-612) Sending message {"keyB": "value-0"} to topic s9406a182x3c98x4ea2x9290x418d41784532
2025-08-07 12:28:10,947 INFO  [org.apa.kaf.cli.Metadata] (kafka-producer-network-thread | Producer-s9406a182x3c98x4ea2x9290x418d41784532) [Producer clientId=Producer-s9406a182x3c98x4ea2x9290x418d41784532] Cluster ID: Iafv2PskRxGTuYEST4AQwQ
2025-08-07 12:28:10,951 INFO  [org.apa.kaf.cli.pro.int.TransactionManager] (kafka-producer-network-thread | Producer-s9406a182x3c98x4ea2x9290x418d41784532) [Producer clientId=Producer-s9406a182x3c98x4ea2x9290x418d41784532] ProducerId set to 2 with epoch 0
2025-08-07 12:28:11,105 INFO  [org.apa.kaf.cli.pro.KafkaProducer] (Thread-612) [Producer clientId=Producer-s9406a182x3c98x4ea2x9290x418d41784532] Closing the Kafka producer with timeoutMillis = 9223372036854775807 ms.
2025-08-07 12:28:11,111 INFO  [org.apa.kaf.com.met.Metrics] (Thread-612) Metrics scheduler closed
2025-08-07 12:28:11,111 INFO  [org.apa.kaf.com.met.Metrics] (Thread-612) Closing reporter org.apache.kafka.common.metrics.JmxReporter
2025-08-07 12:28:11,111 INFO  [org.apa.kaf.com.met.Metrics] (Thread-612) Closing reporter org.apache.kafka.common.telemetry.internals.ClientTelemetryReporter
2025-08-07 12:28:11,111 INFO  [org.apa.kaf.com.met.Metrics] (Thread-612) Metrics reporters closed
2025-08-07 12:28:11,111 INFO  [org.apa.kaf.com.uti.AppInfoParser] (Thread-612) App info kafka.producer for Producer-s9406a182x3c98x4ea2x9290x418d41784532 unregistered
2025-08-07 12:28:11,112 INFO  [io.api.tes.uti.TestSeparator] (main) io.apicurio.tests.serdes.apicurio.AvroSerdeIT.testWrongSchema-FINISHED
2025-08-07 12:28:11,112 INFO  [io.api.tes.uti.TestSeparator] (main) ############################################################################
Test passed: testWrongSchema
]]></system-out>
    <system-err><![CDATA[io.apicurio.registry.rest.client.models.ProblemDetails
	at io.apicurio.registry.rest.client.models.ProblemDetails.createFromDiscriminatorValue(ProblemDetails.java:58)
	at io.kiota.serialization.json.JsonParseNode.getObjectValue(JsonParseNode.java:247)
	at io.kiota.http.vertx.VertXRequestAdapter.lambda$throwIfFailedResponse$0(VertXRequestAdapter.java:400)
	at com.microsoft.kiota.ApiExceptionBuilder.<init>(ApiExceptionBuilder.java:26)
	at io.kiota.http.vertx.VertXRequestAdapter.throwIfFailedResponse(VertXRequestAdapter.java:399)
	at io.kiota.http.vertx.VertXRequestAdapter.send(VertXRequestAdapter.java:170)
	at io.apicurio.registry.rest.client.groups.item.artifacts.item.versions.item.WithVersionExpressionItemRequestBuilder.get(WithVersionExpressionItemRequestBuilder.java:128)
	at io.apicurio.registry.rest.client.groups.item.artifacts.item.versions.item.WithVersionExpressionItemRequestBuilder.get(WithVersionExpressionItemRequestBuilder.java:111)
	at io.apicurio.registry.resolver.client.RegistryClientFacadeImpl.getVersionCoordinatesByGAV(RegistryClientFacadeImpl.java:159)
	at io.apicurio.registry.resolver.DefaultSchemaResolver.resolveByCoordinates(DefaultSchemaResolver.java:352)
	at io.apicurio.registry.resolver.DefaultSchemaResolver.lambda$resolveSchemaByArtifactReferenceCached$6(DefaultSchemaResolver.java:340)
	at io.apicurio.registry.resolver.cache.ERCache.lambda$getValue$0(ERCache.java:174)
	at io.apicurio.registry.resolver.cache.ERCache.retry(ERCache.java:227)
	at io.apicurio.registry.resolver.cache.ERCache.getValue(ERCache.java:173)
	at io.apicurio.registry.resolver.cache.ERCache.getByArtifactCoordinates(ERCache.java:158)
	at io.apicurio.registry.resolver.DefaultSchemaResolver.resolveSchemaByArtifactReferenceCached(DefaultSchemaResolver.java:338)
	at io.apicurio.registry.resolver.DefaultSchemaResolver.resolveSchemaByCoordinates(DefaultSchemaResolver.java:193)
	at io.apicurio.registry.resolver.DefaultSchemaResolver.getSchemaFromRegistry(DefaultSchemaResolver.java:130)
	at io.apicurio.registry.resolver.DefaultSchemaResolver.lambda$resolveSchema$0(DefaultSchemaResolver.java:84)
	at java.base/java.util.Optional.orElseGet(Optional.java:364)
	at io.apicurio.registry.resolver.DefaultSchemaResolver.resolveSchema(DefaultSchemaResolver.java:84)
	at io.apicurio.registry.serde.AbstractSerializer.serializeData(AbstractSerializer.java:62)
	at io.apicurio.registry.serde.KafkaSerializer.serialize(KafkaSerializer.java:77)
	at org.apache.kafka.clients.producer.KafkaProducer.doSend(KafkaProducer.java:1046)
	at org.apache.kafka.clients.producer.KafkaProducer.send(KafkaProducer.java:993)
	at org.apache.kafka.clients.producer.KafkaProducer.send(KafkaProducer.java:875)
	at io.apicurio.tests.serdes.apicurio.KafkaSerdesTester.lambda$produceMessages$3(KafkaSerdesTester.java:138)
	at java.base/java.util.concurrent.CompletableFuture$AsyncSupply.run(CompletableFuture.java:1768)
	at java.base/java.lang.Thread.run(Thread.java:840)
]]></system-err>
  </testcase>
  <testcase name="testAvroJSON" classname="io.apicurio.tests.serdes.apicurio.AvroSerdeIT" time="4.311">
    <system-out><![CDATA[2025-08-07 12:28:11,116 INFO  [io.api.tes.uti.TestSeparator] (main) ############################################################################
2025-08-07 12:28:11,116 INFO  [io.api.tes.uti.TestSeparator] (main) io.apicurio.tests.serdes.apicurio.AvroSerdeIT.testAvroJSON-STARTED
**** Registry Base URL: http://registry-app-ksql047.apps.ci419.apicurio-testing.org:80
2025-08-07 12:28:11,118 INFO  [org.apa.kaf.cli.pro.ProducerConfig] (main) ProducerConfig values: 
	acks = -1
	auto.include.jmx.reporter = true
	batch.size = 16384
	bootstrap.servers = [PLAINTEXT://localhost:32769]
	buffer.memory = 33554432
	client.dns.lookup = use_all_dns_ips
	client.id = Producer-topic-c07aac8c_b55f_4fc3_a0cd_2bec579f5b18
	compression.gzip.level = -1
	compression.lz4.level = 9
	compression.type = none
	compression.zstd.level = 3
	connections.max.idle.ms = 10000
	delivery.timeout.ms = 120000
	enable.idempotence = true
	enable.metrics.push = true
	interceptor.classes = []
	key.serializer = class org.apache.kafka.common.serialization.StringSerializer
	linger.ms = 0
	max.block.ms = 60000
	max.in.flight.requests.per.connection = 5
	max.request.size = 1048576
	metadata.max.age.ms = 300000
	metadata.max.idle.ms = 300000
	metadata.recovery.strategy = none
	metric.reporters = []
	metrics.num.samples = 2
	metrics.recording.level = INFO
	metrics.sample.window.ms = 30000
	partitioner.adaptive.partitioning.enable = true
	partitioner.availability.timeout.ms = 0
	partitioner.class = null
	partitioner.ignore.keys = false
	receive.buffer.bytes = 32768
	reconnect.backoff.max.ms = 1000
	reconnect.backoff.ms = 50
	request.timeout.ms = 5000
	retries = 2147483647
	retry.backoff.max.ms = 1000
	retry.backoff.ms = 100
	sasl.client.callback.handler.class = null
	sasl.jaas.config = null
	sasl.kerberos.kinit.cmd = /usr/bin/kinit
	sasl.kerberos.min.time.before.relogin = 60000
	sasl.kerberos.service.name = null
	sasl.kerberos.ticket.renew.jitter = 0.05
	sasl.kerberos.ticket.renew.window.factor = 0.8
	sasl.login.callback.handler.class = null
	sasl.login.class = null
	sasl.login.connect.timeout.ms = null
	sasl.login.read.timeout.ms = null
	sasl.login.refresh.buffer.seconds = 300
	sasl.login.refresh.min.period.seconds = 60
	sasl.login.refresh.window.factor = 0.8
	sasl.login.refresh.window.jitter = 0.05
	sasl.login.retry.backoff.max.ms = 10000
	sasl.login.retry.backoff.ms = 100
	sasl.mechanism = GSSAPI
	sasl.oauthbearer.clock.skew.seconds = 30
	sasl.oauthbearer.expected.audience = null
	sasl.oauthbearer.expected.issuer = null
	sasl.oauthbearer.header.urlencode = false
	sasl.oauthbearer.jwks.endpoint.refresh.ms = 3600000
	sasl.oauthbearer.jwks.endpoint.retry.backoff.max.ms = 10000
	sasl.oauthbearer.jwks.endpoint.retry.backoff.ms = 100
	sasl.oauthbearer.jwks.endpoint.url = null
	sasl.oauthbearer.scope.claim.name = scope
	sasl.oauthbearer.sub.claim.name = sub
	sasl.oauthbearer.token.endpoint.url = null
	security.protocol = PLAINTEXT
	security.providers = null
	send.buffer.bytes = 131072
	socket.connection.setup.timeout.max.ms = 30000
	socket.connection.setup.timeout.ms = 10000
	ssl.cipher.suites = null
	ssl.enabled.protocols = [TLSv1.2, TLSv1.3]
	ssl.endpoint.identification.algorithm = https
	ssl.engine.factory.class = null
	ssl.key.password = null
	ssl.keymanager.algorithm = SunX509
	ssl.keystore.certificate.chain = null
	ssl.keystore.key = null
	ssl.keystore.location = null
	ssl.keystore.password = null
	ssl.keystore.type = JKS
	ssl.protocol = TLSv1.3
	ssl.provider = null
	ssl.secure.random.implementation = null
	ssl.trustmanager.algorithm = PKIX
	ssl.truststore.certificates = null
	ssl.truststore.location = null
	ssl.truststore.password = null
	ssl.truststore.type = JKS
	transaction.timeout.ms = 60000
	transactional.id = null
	value.serializer = class io.apicurio.registry.serde.avro.AvroKafkaSerializer

2025-08-07 12:28:11,124 INFO  [org.apa.kaf.com.tel.int.KafkaMetricsCollector] (main) initializing Kafka metrics collector
2025-08-07 12:28:11,133 INFO  [org.apa.kaf.cli.pro.KafkaProducer] (main) [Producer clientId=Producer-topic-c07aac8c_b55f_4fc3_a0cd_2bec579f5b18] Instantiated an idempotent producer.
2025-08-07 12:28:11,136 INFO  [org.apa.kaf.cli.pro.ProducerConfig] (main) These configurations '[apicurio.registry.avro.encoding, apicurio.registry.url, apicurio.registry.auto-register, apicurio.registry.artifact-resolver-strategy]' were supplied but are not used yet.
2025-08-07 12:28:11,136 INFO  [org.apa.kaf.com.uti.AppInfoParser] (main) Kafka version: 3.9.1
2025-08-07 12:28:11,136 INFO  [org.apa.kaf.com.uti.AppInfoParser] (main) Kafka commitId: f745dfdcee2b9851
2025-08-07 12:28:11,136 INFO  [org.apa.kaf.com.uti.AppInfoParser] (main) Kafka startTimeMs: 1754569691136
2025-08-07 12:28:11,136 INFO  [io.api.tes.ser.api.SimpleSerdesTesterBuilder$SimpleSerdesTester] (main) Using producer configuration: {apicurio.registry.avro.encoding=JSON, apicurio.registry.url=http://registry-app-ksql047.apps.ci419.apicurio-testing.org:80/apis/registry/v3, apicurio.registry.auto-register=true, apicurio.registry.artifact-resolver-strategy=io.apicurio.registry.serde.strategy.TopicIdStrategy, value.serializer=io.apicurio.registry.serde.avro.AvroKafkaSerializer, request.timeout.ms=5000, acks=all, bootstrap.servers=PLAINTEXT://localhost:32769, connections.max.idle.ms=10000, key.serializer=org.apache.kafka.common.serialization.StringSerializer, client.id=Producer-topic-c07aac8c_b55f_4fc3_a0cd_2bec579f5b18}
2025-08-07 12:28:11,136 INFO  [io.api.tes.ser.api.SimpleSerdesTesterBuilder$SimpleSerdesTester] (main) Using consumer configuration: {apicurio.registry.avro.encoding=JSON}
2025-08-07 12:28:11,140 INFO  [io.api.tes.ser.api.KafkaSerdesTester] (Thread-615) Sending message {"bar": "value-0"} to topic topic-c07aac8c_b55f_4fc3_a0cd_2bec579f5b18
2025-08-07 12:28:11,145 WARN  [org.apa.kaf.cli.NetworkClient] (kafka-producer-network-thread | Producer-topic-c07aac8c_b55f_4fc3_a0cd_2bec579f5b18) [Producer clientId=Producer-topic-c07aac8c_b55f_4fc3_a0cd_2bec579f5b18] The metadata response from the cluster reported a recoverable issue with correlation id 1 : {topic-c07aac8c_b55f_4fc3_a0cd_2bec579f5b18=UNKNOWN_TOPIC_OR_PARTITION}
2025-08-07 12:28:11,145 INFO  [org.apa.kaf.cli.Metadata] (kafka-producer-network-thread | Producer-topic-c07aac8c_b55f_4fc3_a0cd_2bec579f5b18) [Producer clientId=Producer-topic-c07aac8c_b55f_4fc3_a0cd_2bec579f5b18] Cluster ID: Iafv2PskRxGTuYEST4AQwQ
2025-08-07 12:28:11,147 INFO  [org.apa.kaf.cli.pro.int.TransactionManager] (kafka-producer-network-thread | Producer-topic-c07aac8c_b55f_4fc3_a0cd_2bec579f5b18) [Producer clientId=Producer-topic-c07aac8c_b55f_4fc3_a0cd_2bec579f5b18] ProducerId set to 3 with epoch 0
2025-08-07 12:28:11,456 INFO  [io.api.tes.ser.api.KafkaSerdesTester] (Thread-615) Sending message {"bar": "value-1"} to topic topic-c07aac8c_b55f_4fc3_a0cd_2bec579f5b18
2025-08-07 12:28:11,458 INFO  [io.api.tes.ser.api.KafkaSerdesTester] (Thread-615) Sending message {"bar": "value-2"} to topic topic-c07aac8c_b55f_4fc3_a0cd_2bec579f5b18
2025-08-07 12:28:11,463 INFO  [io.api.tes.ser.api.KafkaSerdesTester] (Thread-615) Sending message {"bar": "value-3"} to topic topic-c07aac8c_b55f_4fc3_a0cd_2bec579f5b18
2025-08-07 12:28:11,467 INFO  [io.api.tes.ser.api.KafkaSerdesTester] (Thread-615) Sending message {"bar": "value-4"} to topic topic-c07aac8c_b55f_4fc3_a0cd_2bec579f5b18
2025-08-07 12:28:11,469 INFO  [io.api.tes.ser.api.KafkaSerdesTester] (Thread-615) Sending message {"bar": "value-5"} to topic topic-c07aac8c_b55f_4fc3_a0cd_2bec579f5b18
2025-08-07 12:28:11,472 INFO  [io.api.tes.ser.api.KafkaSerdesTester] (Thread-615) Sending message {"bar": "value-6"} to topic topic-c07aac8c_b55f_4fc3_a0cd_2bec579f5b18
2025-08-07 12:28:11,474 INFO  [io.api.tes.ser.api.KafkaSerdesTester] (Thread-615) Sending message {"bar": "value-7"} to topic topic-c07aac8c_b55f_4fc3_a0cd_2bec579f5b18
2025-08-07 12:28:11,477 INFO  [io.api.tes.ser.api.KafkaSerdesTester] (Thread-615) Sending message {"bar": "value-8"} to topic topic-c07aac8c_b55f_4fc3_a0cd_2bec579f5b18
2025-08-07 12:28:11,480 INFO  [io.api.tes.ser.api.KafkaSerdesTester] (Thread-615) Sending message {"bar": "value-9"} to topic topic-c07aac8c_b55f_4fc3_a0cd_2bec579f5b18
2025-08-07 12:28:11,483 INFO  [io.api.tes.ser.api.KafkaSerdesTester] (Thread-615) Produced 10 messages
2025-08-07 12:28:11,483 INFO  [org.apa.kaf.cli.pro.KafkaProducer] (Thread-615) [Producer clientId=Producer-topic-c07aac8c_b55f_4fc3_a0cd_2bec579f5b18] Closing the Kafka producer with timeoutMillis = 9223372036854775807 ms.
2025-08-07 12:28:11,486 INFO  [org.apa.kaf.com.met.Metrics] (Thread-615) Metrics scheduler closed
2025-08-07 12:28:11,486 INFO  [org.apa.kaf.com.met.Metrics] (Thread-615) Closing reporter org.apache.kafka.common.metrics.JmxReporter
2025-08-07 12:28:11,486 INFO  [org.apa.kaf.com.met.Metrics] (Thread-615) Closing reporter org.apache.kafka.common.telemetry.internals.ClientTelemetryReporter
2025-08-07 12:28:11,486 INFO  [org.apa.kaf.com.met.Metrics] (Thread-615) Metrics reporters closed
2025-08-07 12:28:11,487 INFO  [org.apa.kaf.com.uti.AppInfoParser] (Thread-615) App info kafka.producer for Producer-topic-c07aac8c_b55f_4fc3_a0cd_2bec579f5b18 unregistered
**** Registry Base URL: http://registry-app-ksql047.apps.ci419.apicurio-testing.org:80
2025-08-07 12:28:11,627 INFO  [org.apa.kaf.cli.con.ConsumerConfig] (main) ConsumerConfig values: 
	allow.auto.create.topics = true
	auto.commit.interval.ms = 500
	auto.include.jmx.reporter = true
	auto.offset.reset = earliest
	bootstrap.servers = [PLAINTEXT://localhost:32769]
	check.crcs = true
	client.dns.lookup = use_all_dns_ips
	client.id = consumer-Consumer-topic-c07aac8c_b55f_4fc3_a0cd_2bec579f5b18-3
	client.rack = 
	connections.max.idle.ms = 10000
	default.api.timeout.ms = 60000
	enable.auto.commit = true
	enable.metrics.push = true
	exclude.internal.topics = true
	fetch.max.bytes = 52428800
	fetch.max.wait.ms = 500
	fetch.min.bytes = 1
	group.id = Consumer-topic-c07aac8c_b55f_4fc3_a0cd_2bec579f5b18
	group.instance.id = null
	group.protocol = classic
	group.remote.assignor = null
	heartbeat.interval.ms = 3000
	interceptor.classes = []
	internal.leave.group.on.close = true
	internal.throw.on.fetch.stable.offset.unsupported = false
	isolation.level = read_uncommitted
	key.deserializer = class org.apache.kafka.common.serialization.StringDeserializer
	max.partition.fetch.bytes = 1048576
	max.poll.interval.ms = 300000
	max.poll.records = 500
	metadata.max.age.ms = 300000
	metadata.recovery.strategy = none
	metric.reporters = []
	metrics.num.samples = 2
	metrics.recording.level = INFO
	metrics.sample.window.ms = 30000
	partition.assignment.strategy = [class org.apache.kafka.clients.consumer.RangeAssignor, class org.apache.kafka.clients.consumer.CooperativeStickyAssignor]
	receive.buffer.bytes = 65536
	reconnect.backoff.max.ms = 1000
	reconnect.backoff.ms = 50
	request.timeout.ms = 5000
	retry.backoff.max.ms = 1000
	retry.backoff.ms = 100
	sasl.client.callback.handler.class = null
	sasl.jaas.config = null
	sasl.kerberos.kinit.cmd = /usr/bin/kinit
	sasl.kerberos.min.time.before.relogin = 60000
	sasl.kerberos.service.name = null
	sasl.kerberos.ticket.renew.jitter = 0.05
	sasl.kerberos.ticket.renew.window.factor = 0.8
	sasl.login.callback.handler.class = null
	sasl.login.class = null
	sasl.login.connect.timeout.ms = null
	sasl.login.read.timeout.ms = null
	sasl.login.refresh.buffer.seconds = 300
	sasl.login.refresh.min.period.seconds = 60
	sasl.login.refresh.window.factor = 0.8
	sasl.login.refresh.window.jitter = 0.05
	sasl.login.retry.backoff.max.ms = 10000
	sasl.login.retry.backoff.ms = 100
	sasl.mechanism = GSSAPI
	sasl.oauthbearer.clock.skew.seconds = 30
	sasl.oauthbearer.expected.audience = null
	sasl.oauthbearer.expected.issuer = null
	sasl.oauthbearer.header.urlencode = false
	sasl.oauthbearer.jwks.endpoint.refresh.ms = 3600000
	sasl.oauthbearer.jwks.endpoint.retry.backoff.max.ms = 10000
	sasl.oauthbearer.jwks.endpoint.retry.backoff.ms = 100
	sasl.oauthbearer.jwks.endpoint.url = null
	sasl.oauthbearer.scope.claim.name = scope
	sasl.oauthbearer.sub.claim.name = sub
	sasl.oauthbearer.token.endpoint.url = null
	security.protocol = PLAINTEXT
	security.providers = null
	send.buffer.bytes = 131072
	session.timeout.ms = 45000
	socket.connection.setup.timeout.max.ms = 30000
	socket.connection.setup.timeout.ms = 10000
	ssl.cipher.suites = null
	ssl.enabled.protocols = [TLSv1.2, TLSv1.3]
	ssl.endpoint.identification.algorithm = https
	ssl.engine.factory.class = null
	ssl.key.password = null
	ssl.keymanager.algorithm = SunX509
	ssl.keystore.certificate.chain = null
	ssl.keystore.key = null
	ssl.keystore.location = null
	ssl.keystore.password = null
	ssl.keystore.type = JKS
	ssl.protocol = TLSv1.3
	ssl.provider = null
	ssl.secure.random.implementation = null
	ssl.trustmanager.algorithm = PKIX
	ssl.truststore.certificates = null
	ssl.truststore.location = null
	ssl.truststore.password = null
	ssl.truststore.type = JKS
	value.deserializer = class io.apicurio.registry.serde.avro.AvroKafkaDeserializer

2025-08-07 12:28:11,628 INFO  [org.apa.kaf.com.tel.int.KafkaMetricsCollector] (main) initializing Kafka metrics collector
2025-08-07 12:28:11,636 INFO  [org.apa.kaf.cli.con.ConsumerConfig] (main) These configurations '[apicurio.registry.avro.encoding, apicurio.registry.url]' were supplied but are not used yet.
2025-08-07 12:28:11,636 INFO  [org.apa.kaf.com.uti.AppInfoParser] (main) Kafka version: 3.9.1
2025-08-07 12:28:11,636 INFO  [org.apa.kaf.com.uti.AppInfoParser] (main) Kafka commitId: f745dfdcee2b9851
2025-08-07 12:28:11,636 INFO  [org.apa.kaf.com.uti.AppInfoParser] (main) Kafka startTimeMs: 1754569691636
2025-08-07 12:28:11,637 INFO  [org.apa.kaf.cli.con.int.ClassicKafkaConsumer] (Thread-618) [Consumer clientId=consumer-Consumer-topic-c07aac8c_b55f_4fc3_a0cd_2bec579f5b18-3, groupId=Consumer-topic-c07aac8c_b55f_4fc3_a0cd_2bec579f5b18] Subscribed to topic(s): topic-c07aac8c_b55f_4fc3_a0cd_2bec579f5b18
2025-08-07 12:28:11,649 INFO  [org.apa.kaf.cli.Metadata] (Thread-618) [Consumer clientId=consumer-Consumer-topic-c07aac8c_b55f_4fc3_a0cd_2bec579f5b18-3, groupId=Consumer-topic-c07aac8c_b55f_4fc3_a0cd_2bec579f5b18] Cluster ID: Iafv2PskRxGTuYEST4AQwQ
2025-08-07 12:28:11,654 INFO  [org.apa.kaf.cli.con.int.ConsumerCoordinator] (Thread-618) [Consumer clientId=consumer-Consumer-topic-c07aac8c_b55f_4fc3_a0cd_2bec579f5b18-3, groupId=Consumer-topic-c07aac8c_b55f_4fc3_a0cd_2bec579f5b18] Discovered group coordinator localhost:32769 (id: 2147483647 rack: null)
2025-08-07 12:28:11,658 INFO  [org.apa.kaf.cli.con.int.ConsumerCoordinator] (Thread-618) [Consumer clientId=consumer-Consumer-topic-c07aac8c_b55f_4fc3_a0cd_2bec579f5b18-3, groupId=Consumer-topic-c07aac8c_b55f_4fc3_a0cd_2bec579f5b18] (Re-)joining group
2025-08-07 12:28:11,666 INFO  [org.apa.kaf.cli.con.int.ConsumerCoordinator] (Thread-618) [Consumer clientId=consumer-Consumer-topic-c07aac8c_b55f_4fc3_a0cd_2bec579f5b18-3, groupId=Consumer-topic-c07aac8c_b55f_4fc3_a0cd_2bec579f5b18] Request joining group due to: need to re-join with the given member-id: consumer-Consumer-topic-c07aac8c_b55f_4fc3_a0cd_2bec579f5b18-3-4dbe0804-1c94-437a-899e-d85b7f0cd481
2025-08-07 12:28:11,666 INFO  [org.apa.kaf.cli.con.int.ConsumerCoordinator] (Thread-618) [Consumer clientId=consumer-Consumer-topic-c07aac8c_b55f_4fc3_a0cd_2bec579f5b18-3, groupId=Consumer-topic-c07aac8c_b55f_4fc3_a0cd_2bec579f5b18] (Re-)joining group
2025-08-07 12:28:12,637 INFO  [io.api.tes.ser.api.KafkaSerdesTester] (Thread-618) None found
2025-08-07 12:28:13,637 INFO  [io.api.tes.ser.api.KafkaSerdesTester] (Thread-618) None found
2025-08-07 12:28:14,637 INFO  [io.api.tes.ser.api.KafkaSerdesTester] (Thread-618) None found
2025-08-07 12:28:14,669 INFO  [org.apa.kaf.cli.con.int.ConsumerCoordinator] (Thread-618) [Consumer clientId=consumer-Consumer-topic-c07aac8c_b55f_4fc3_a0cd_2bec579f5b18-3, groupId=Consumer-topic-c07aac8c_b55f_4fc3_a0cd_2bec579f5b18] Successfully joined group with generation Generation{generationId=1, memberId='consumer-Consumer-topic-c07aac8c_b55f_4fc3_a0cd_2bec579f5b18-3-4dbe0804-1c94-437a-899e-d85b7f0cd481', protocol='range'}
2025-08-07 12:28:14,670 INFO  [org.apa.kaf.cli.con.int.ConsumerCoordinator] (Thread-618) [Consumer clientId=consumer-Consumer-topic-c07aac8c_b55f_4fc3_a0cd_2bec579f5b18-3, groupId=Consumer-topic-c07aac8c_b55f_4fc3_a0cd_2bec579f5b18] Finished assignment for group at generation 1: {consumer-Consumer-topic-c07aac8c_b55f_4fc3_a0cd_2bec579f5b18-3-4dbe0804-1c94-437a-899e-d85b7f0cd481=Assignment(partitions=[topic-c07aac8c_b55f_4fc3_a0cd_2bec579f5b18-0])}
2025-08-07 12:28:14,677 INFO  [org.apa.kaf.cli.con.int.ConsumerCoordinator] (Thread-618) [Consumer clientId=consumer-Consumer-topic-c07aac8c_b55f_4fc3_a0cd_2bec579f5b18-3, groupId=Consumer-topic-c07aac8c_b55f_4fc3_a0cd_2bec579f5b18] Successfully synced group in generation Generation{generationId=1, memberId='consumer-Consumer-topic-c07aac8c_b55f_4fc3_a0cd_2bec579f5b18-3-4dbe0804-1c94-437a-899e-d85b7f0cd481', protocol='range'}
2025-08-07 12:28:14,677 INFO  [org.apa.kaf.cli.con.int.ConsumerCoordinator] (Thread-618) [Consumer clientId=consumer-Consumer-topic-c07aac8c_b55f_4fc3_a0cd_2bec579f5b18-3, groupId=Consumer-topic-c07aac8c_b55f_4fc3_a0cd_2bec579f5b18] Notifying assignor about the new Assignment(partitions=[topic-c07aac8c_b55f_4fc3_a0cd_2bec579f5b18-0])
2025-08-07 12:28:14,677 INFO  [org.apa.kaf.cli.con.int.ConsumerRebalanceListenerInvoker] (Thread-618) [Consumer clientId=consumer-Consumer-topic-c07aac8c_b55f_4fc3_a0cd_2bec579f5b18-3, groupId=Consumer-topic-c07aac8c_b55f_4fc3_a0cd_2bec579f5b18] Adding newly assigned partitions: topic-c07aac8c_b55f_4fc3_a0cd_2bec579f5b18-0
2025-08-07 12:28:14,679 INFO  [org.apa.kaf.cli.con.int.ConsumerCoordinator] (Thread-618) [Consumer clientId=consumer-Consumer-topic-c07aac8c_b55f_4fc3_a0cd_2bec579f5b18-3, groupId=Consumer-topic-c07aac8c_b55f_4fc3_a0cd_2bec579f5b18] Found no committed offset for partition topic-c07aac8c_b55f_4fc3_a0cd_2bec579f5b18-0
2025-08-07 12:28:14,687 INFO  [org.apa.kaf.cli.con.int.SubscriptionState] (Thread-618) [Consumer clientId=consumer-Consumer-topic-c07aac8c_b55f_4fc3_a0cd_2bec579f5b18-3, groupId=Consumer-topic-c07aac8c_b55f_4fc3_a0cd_2bec579f5b18] Resetting offset for partition topic-c07aac8c_b55f_4fc3_a0cd_2bec579f5b18-0 to position FetchPosition{offset=0, offsetEpoch=Optional.empty, currentLeader=LeaderAndEpoch{leader=Optional[localhost:32769 (id: 0 rack: null)], epoch=0}}.
2025-08-07 12:28:14,917 INFO  [io.api.tes.ser.api.KafkaSerdesTester] (Thread-618) topic-c07aac8c_b55f_4fc3_a0cd_2bec579f5b18 0 0 {"bar": "value-0"}
2025-08-07 12:28:14,917 INFO  [io.api.tes.ser.api.KafkaSerdesTester] (Thread-618) topic-c07aac8c_b55f_4fc3_a0cd_2bec579f5b18 0 1 {"bar": "value-1"}
2025-08-07 12:28:14,917 INFO  [io.api.tes.ser.api.KafkaSerdesTester] (Thread-618) topic-c07aac8c_b55f_4fc3_a0cd_2bec579f5b18 0 2 {"bar": "value-2"}
2025-08-07 12:28:14,917 INFO  [io.api.tes.ser.api.KafkaSerdesTester] (Thread-618) topic-c07aac8c_b55f_4fc3_a0cd_2bec579f5b18 0 3 {"bar": "value-3"}
2025-08-07 12:28:14,917 INFO  [io.api.tes.ser.api.KafkaSerdesTester] (Thread-618) topic-c07aac8c_b55f_4fc3_a0cd_2bec579f5b18 0 4 {"bar": "value-4"}
2025-08-07 12:28:14,917 INFO  [io.api.tes.ser.api.KafkaSerdesTester] (Thread-618) topic-c07aac8c_b55f_4fc3_a0cd_2bec579f5b18 0 5 {"bar": "value-5"}
2025-08-07 12:28:14,917 INFO  [io.api.tes.ser.api.KafkaSerdesTester] (Thread-618) topic-c07aac8c_b55f_4fc3_a0cd_2bec579f5b18 0 6 {"bar": "value-6"}
2025-08-07 12:28:14,917 INFO  [io.api.tes.ser.api.KafkaSerdesTester] (Thread-618) topic-c07aac8c_b55f_4fc3_a0cd_2bec579f5b18 0 7 {"bar": "value-7"}
2025-08-07 12:28:14,917 INFO  [io.api.tes.ser.api.KafkaSerdesTester] (Thread-618) topic-c07aac8c_b55f_4fc3_a0cd_2bec579f5b18 0 8 {"bar": "value-8"}
2025-08-07 12:28:14,918 INFO  [io.api.tes.ser.api.KafkaSerdesTester] (Thread-618) topic-c07aac8c_b55f_4fc3_a0cd_2bec579f5b18 0 9 {"bar": "value-9"}
2025-08-07 12:28:14,918 INFO  [io.api.tes.ser.api.KafkaSerdesTester] (Thread-618) Consumed 10 messages
2025-08-07 12:28:14,926 INFO  [org.apa.kaf.cli.con.int.ConsumerRebalanceListenerInvoker] (Thread-618) [Consumer clientId=consumer-Consumer-topic-c07aac8c_b55f_4fc3_a0cd_2bec579f5b18-3, groupId=Consumer-topic-c07aac8c_b55f_4fc3_a0cd_2bec579f5b18] Revoke previously assigned partitions topic-c07aac8c_b55f_4fc3_a0cd_2bec579f5b18-0
2025-08-07 12:28:14,926 INFO  [org.apa.kaf.cli.con.int.ConsumerCoordinator] (Thread-618) [Consumer clientId=consumer-Consumer-topic-c07aac8c_b55f_4fc3_a0cd_2bec579f5b18-3, groupId=Consumer-topic-c07aac8c_b55f_4fc3_a0cd_2bec579f5b18] Member consumer-Consumer-topic-c07aac8c_b55f_4fc3_a0cd_2bec579f5b18-3-4dbe0804-1c94-437a-899e-d85b7f0cd481 sending LeaveGroup request to coordinator localhost:32769 (id: 2147483647 rack: null) due to the consumer is being closed
2025-08-07 12:28:14,926 INFO  [org.apa.kaf.cli.con.int.ConsumerCoordinator] (Thread-618) [Consumer clientId=consumer-Consumer-topic-c07aac8c_b55f_4fc3_a0cd_2bec579f5b18-3, groupId=Consumer-topic-c07aac8c_b55f_4fc3_a0cd_2bec579f5b18] Resetting generation and member id due to: consumer pro-actively leaving the group
2025-08-07 12:28:14,926 INFO  [org.apa.kaf.cli.con.int.ConsumerCoordinator] (Thread-618) [Consumer clientId=consumer-Consumer-topic-c07aac8c_b55f_4fc3_a0cd_2bec579f5b18-3, groupId=Consumer-topic-c07aac8c_b55f_4fc3_a0cd_2bec579f5b18] Request joining group due to: consumer pro-actively leaving the group
2025-08-07 12:28:15,422 INFO  [org.apa.kaf.com.met.Metrics] (Thread-618) Metrics scheduler closed
2025-08-07 12:28:15,422 INFO  [org.apa.kaf.com.met.Metrics] (Thread-618) Closing reporter org.apache.kafka.common.metrics.JmxReporter
2025-08-07 12:28:15,422 INFO  [org.apa.kaf.com.met.Metrics] (Thread-618) Closing reporter org.apache.kafka.common.telemetry.internals.ClientTelemetryReporter
2025-08-07 12:28:15,422 INFO  [org.apa.kaf.com.met.Metrics] (Thread-618) Metrics reporters closed
2025-08-07 12:28:15,425 INFO  [org.apa.kaf.com.uti.AppInfoParser] (Thread-618) App info kafka.consumer for consumer-Consumer-topic-c07aac8c_b55f_4fc3_a0cd_2bec579f5b18-3 unregistered
2025-08-07 12:28:15,426 INFO  [io.api.tes.uti.TestSeparator] (main) io.apicurio.tests.serdes.apicurio.AvroSerdeIT.testAvroJSON-FINISHED
2025-08-07 12:28:15,426 INFO  [io.api.tes.uti.TestSeparator] (main) ############################################################################
Test passed: testAvroJSON
]]></system-out>
  </testcase>
  <testcase name="testTopicIdStrategyAutoRegister" classname="io.apicurio.tests.serdes.apicurio.AvroSerdeIT" time="4.398">
    <system-out><![CDATA[2025-08-07 12:28:15,428 INFO  [io.api.tes.uti.TestSeparator] (main) ############################################################################
2025-08-07 12:28:15,428 INFO  [io.api.tes.uti.TestSeparator] (main) io.apicurio.tests.serdes.apicurio.AvroSerdeIT.testTopicIdStrategyAutoRegister-STARTED
**** Registry Base URL: http://registry-app-ksql047.apps.ci419.apicurio-testing.org:80
2025-08-07 12:28:15,440 INFO  [org.apa.kaf.cli.pro.ProducerConfig] (main) ProducerConfig values: 
	acks = -1
	auto.include.jmx.reporter = true
	batch.size = 16384
	bootstrap.servers = [PLAINTEXT://localhost:32769]
	buffer.memory = 33554432
	client.dns.lookup = use_all_dns_ips
	client.id = Producer-topic-d25fd7de_1a51_438e_9d34_3d5fa75b8906
	compression.gzip.level = -1
	compression.lz4.level = 9
	compression.type = none
	compression.zstd.level = 3
	connections.max.idle.ms = 10000
	delivery.timeout.ms = 120000
	enable.idempotence = true
	enable.metrics.push = true
	interceptor.classes = []
	key.serializer = class org.apache.kafka.common.serialization.StringSerializer
	linger.ms = 0
	max.block.ms = 60000
	max.in.flight.requests.per.connection = 5
	max.request.size = 1048576
	metadata.max.age.ms = 300000
	metadata.max.idle.ms = 300000
	metadata.recovery.strategy = none
	metric.reporters = []
	metrics.num.samples = 2
	metrics.recording.level = INFO
	metrics.sample.window.ms = 30000
	partitioner.adaptive.partitioning.enable = true
	partitioner.availability.timeout.ms = 0
	partitioner.class = null
	partitioner.ignore.keys = false
	receive.buffer.bytes = 32768
	reconnect.backoff.max.ms = 1000
	reconnect.backoff.ms = 50
	request.timeout.ms = 5000
	retries = 2147483647
	retry.backoff.max.ms = 1000
	retry.backoff.ms = 100
	sasl.client.callback.handler.class = null
	sasl.jaas.config = null
	sasl.kerberos.kinit.cmd = /usr/bin/kinit
	sasl.kerberos.min.time.before.relogin = 60000
	sasl.kerberos.service.name = null
	sasl.kerberos.ticket.renew.jitter = 0.05
	sasl.kerberos.ticket.renew.window.factor = 0.8
	sasl.login.callback.handler.class = null
	sasl.login.class = null
	sasl.login.connect.timeout.ms = null
	sasl.login.read.timeout.ms = null
	sasl.login.refresh.buffer.seconds = 300
	sasl.login.refresh.min.period.seconds = 60
	sasl.login.refresh.window.factor = 0.8
	sasl.login.refresh.window.jitter = 0.05
	sasl.login.retry.backoff.max.ms = 10000
	sasl.login.retry.backoff.ms = 100
	sasl.mechanism = GSSAPI
	sasl.oauthbearer.clock.skew.seconds = 30
	sasl.oauthbearer.expected.audience = null
	sasl.oauthbearer.expected.issuer = null
	sasl.oauthbearer.header.urlencode = false
	sasl.oauthbearer.jwks.endpoint.refresh.ms = 3600000
	sasl.oauthbearer.jwks.endpoint.retry.backoff.max.ms = 10000
	sasl.oauthbearer.jwks.endpoint.retry.backoff.ms = 100
	sasl.oauthbearer.jwks.endpoint.url = null
	sasl.oauthbearer.scope.claim.name = scope
	sasl.oauthbearer.sub.claim.name = sub
	sasl.oauthbearer.token.endpoint.url = null
	security.protocol = PLAINTEXT
	security.providers = null
	send.buffer.bytes = 131072
	socket.connection.setup.timeout.max.ms = 30000
	socket.connection.setup.timeout.ms = 10000
	ssl.cipher.suites = null
	ssl.enabled.protocols = [TLSv1.2, TLSv1.3]
	ssl.endpoint.identification.algorithm = https
	ssl.engine.factory.class = null
	ssl.key.password = null
	ssl.keymanager.algorithm = SunX509
	ssl.keystore.certificate.chain = null
	ssl.keystore.key = null
	ssl.keystore.location = null
	ssl.keystore.password = null
	ssl.keystore.type = JKS
	ssl.protocol = TLSv1.3
	ssl.provider = null
	ssl.secure.random.implementation = null
	ssl.trustmanager.algorithm = PKIX
	ssl.truststore.certificates = null
	ssl.truststore.location = null
	ssl.truststore.password = null
	ssl.truststore.type = JKS
	transaction.timeout.ms = 60000
	transactional.id = null
	value.serializer = class io.apicurio.registry.serde.avro.AvroKafkaSerializer

2025-08-07 12:28:15,440 INFO  [org.apa.kaf.com.tel.int.KafkaMetricsCollector] (main) initializing Kafka metrics collector
2025-08-07 12:28:15,445 INFO  [org.apa.kaf.cli.pro.KafkaProducer] (main) [Producer clientId=Producer-topic-d25fd7de_1a51_438e_9d34_3d5fa75b8906] Instantiated an idempotent producer.
2025-08-07 12:28:15,448 INFO  [org.apa.kaf.cli.pro.ProducerConfig] (main) These configurations '[apicurio.registry.url, apicurio.registry.auto-register, apicurio.registry.artifact-resolver-strategy]' were supplied but are not used yet.
2025-08-07 12:28:15,449 INFO  [org.apa.kaf.com.uti.AppInfoParser] (main) Kafka version: 3.9.1
2025-08-07 12:28:15,450 INFO  [org.apa.kaf.com.uti.AppInfoParser] (main) Kafka commitId: f745dfdcee2b9851
2025-08-07 12:28:15,450 INFO  [org.apa.kaf.com.uti.AppInfoParser] (main) Kafka startTimeMs: 1754569695449
2025-08-07 12:28:15,450 INFO  [io.api.tes.ser.api.SimpleSerdesTesterBuilder$SimpleSerdesTester] (main) Using producer configuration: {apicurio.registry.url=http://registry-app-ksql047.apps.ci419.apicurio-testing.org:80/apis/registry/v3, apicurio.registry.auto-register=true, apicurio.registry.artifact-resolver-strategy=io.apicurio.registry.serde.strategy.TopicIdStrategy, value.serializer=io.apicurio.registry.serde.avro.AvroKafkaSerializer, request.timeout.ms=5000, acks=all, bootstrap.servers=PLAINTEXT://localhost:32769, connections.max.idle.ms=10000, key.serializer=org.apache.kafka.common.serialization.StringSerializer, client.id=Producer-topic-d25fd7de_1a51_438e_9d34_3d5fa75b8906}
2025-08-07 12:28:15,450 INFO  [io.api.tes.ser.api.SimpleSerdesTesterBuilder$SimpleSerdesTester] (main) Using consumer configuration: {}
2025-08-07 12:28:15,453 INFO  [io.api.tes.ser.api.KafkaSerdesTester] (Thread-621) Sending message {"key11754569695435": "value-0"} to topic topic-d25fd7de_1a51_438e_9d34_3d5fa75b8906
2025-08-07 12:28:15,460 WARN  [org.apa.kaf.cli.NetworkClient] (kafka-producer-network-thread | Producer-topic-d25fd7de_1a51_438e_9d34_3d5fa75b8906) [Producer clientId=Producer-topic-d25fd7de_1a51_438e_9d34_3d5fa75b8906] The metadata response from the cluster reported a recoverable issue with correlation id 1 : {topic-d25fd7de_1a51_438e_9d34_3d5fa75b8906=UNKNOWN_TOPIC_OR_PARTITION}
2025-08-07 12:28:15,460 INFO  [org.apa.kaf.cli.Metadata] (kafka-producer-network-thread | Producer-topic-d25fd7de_1a51_438e_9d34_3d5fa75b8906) [Producer clientId=Producer-topic-d25fd7de_1a51_438e_9d34_3d5fa75b8906] Cluster ID: Iafv2PskRxGTuYEST4AQwQ
2025-08-07 12:28:15,461 INFO  [org.apa.kaf.cli.pro.int.TransactionManager] (kafka-producer-network-thread | Producer-topic-d25fd7de_1a51_438e_9d34_3d5fa75b8906) [Producer clientId=Producer-topic-d25fd7de_1a51_438e_9d34_3d5fa75b8906] ProducerId set to 4 with epoch 0
2025-08-07 12:28:15,778 INFO  [io.api.tes.ser.api.KafkaSerdesTester] (Thread-621) Sending message {"key11754569695435": "value-1"} to topic topic-d25fd7de_1a51_438e_9d34_3d5fa75b8906
2025-08-07 12:28:15,781 INFO  [io.api.tes.ser.api.KafkaSerdesTester] (Thread-621) Sending message {"key11754569695435": "value-2"} to topic topic-d25fd7de_1a51_438e_9d34_3d5fa75b8906
2025-08-07 12:28:15,783 INFO  [io.api.tes.ser.api.KafkaSerdesTester] (Thread-621) Sending message {"key11754569695435": "value-3"} to topic topic-d25fd7de_1a51_438e_9d34_3d5fa75b8906
2025-08-07 12:28:15,785 INFO  [io.api.tes.ser.api.KafkaSerdesTester] (Thread-621) Sending message {"key11754569695435": "value-4"} to topic topic-d25fd7de_1a51_438e_9d34_3d5fa75b8906
2025-08-07 12:28:15,787 INFO  [io.api.tes.ser.api.KafkaSerdesTester] (Thread-621) Sending message {"key11754569695435": "value-5"} to topic topic-d25fd7de_1a51_438e_9d34_3d5fa75b8906
2025-08-07 12:28:15,789 INFO  [io.api.tes.ser.api.KafkaSerdesTester] (Thread-621) Sending message {"key11754569695435": "value-6"} to topic topic-d25fd7de_1a51_438e_9d34_3d5fa75b8906
2025-08-07 12:28:15,790 INFO  [io.api.tes.ser.api.KafkaSerdesTester] (Thread-621) Sending message {"key11754569695435": "value-7"} to topic topic-d25fd7de_1a51_438e_9d34_3d5fa75b8906
2025-08-07 12:28:15,792 INFO  [io.api.tes.ser.api.KafkaSerdesTester] (Thread-621) Sending message {"key11754569695435": "value-8"} to topic topic-d25fd7de_1a51_438e_9d34_3d5fa75b8906
2025-08-07 12:28:15,795 INFO  [io.api.tes.ser.api.KafkaSerdesTester] (Thread-621) Sending message {"key11754569695435": "value-9"} to topic topic-d25fd7de_1a51_438e_9d34_3d5fa75b8906
2025-08-07 12:28:15,796 INFO  [io.api.tes.ser.api.KafkaSerdesTester] (Thread-621) Produced 10 messages
2025-08-07 12:28:15,796 INFO  [org.apa.kaf.cli.pro.KafkaProducer] (Thread-621) [Producer clientId=Producer-topic-d25fd7de_1a51_438e_9d34_3d5fa75b8906] Closing the Kafka producer with timeoutMillis = 9223372036854775807 ms.
2025-08-07 12:28:15,799 INFO  [org.apa.kaf.com.met.Metrics] (Thread-621) Metrics scheduler closed
2025-08-07 12:28:15,799 INFO  [org.apa.kaf.com.met.Metrics] (Thread-621) Closing reporter org.apache.kafka.common.metrics.JmxReporter
2025-08-07 12:28:15,800 INFO  [org.apa.kaf.com.met.Metrics] (Thread-621) Closing reporter org.apache.kafka.common.telemetry.internals.ClientTelemetryReporter
2025-08-07 12:28:15,800 INFO  [org.apa.kaf.com.met.Metrics] (Thread-621) Metrics reporters closed
2025-08-07 12:28:15,800 INFO  [org.apa.kaf.com.uti.AppInfoParser] (Thread-621) App info kafka.producer for Producer-topic-d25fd7de_1a51_438e_9d34_3d5fa75b8906 unregistered
**** Registry Base URL: http://registry-app-ksql047.apps.ci419.apicurio-testing.org:80
2025-08-07 12:28:15,938 INFO  [org.apa.kaf.cli.con.ConsumerConfig] (main) ConsumerConfig values: 
	allow.auto.create.topics = true
	auto.commit.interval.ms = 500
	auto.include.jmx.reporter = true
	auto.offset.reset = earliest
	bootstrap.servers = [PLAINTEXT://localhost:32769]
	check.crcs = true
	client.dns.lookup = use_all_dns_ips
	client.id = consumer-Consumer-topic-d25fd7de_1a51_438e_9d34_3d5fa75b8906-4
	client.rack = 
	connections.max.idle.ms = 10000
	default.api.timeout.ms = 60000
	enable.auto.commit = true
	enable.metrics.push = true
	exclude.internal.topics = true
	fetch.max.bytes = 52428800
	fetch.max.wait.ms = 500
	fetch.min.bytes = 1
	group.id = Consumer-topic-d25fd7de_1a51_438e_9d34_3d5fa75b8906
	group.instance.id = null
	group.protocol = classic
	group.remote.assignor = null
	heartbeat.interval.ms = 3000
	interceptor.classes = []
	internal.leave.group.on.close = true
	internal.throw.on.fetch.stable.offset.unsupported = false
	isolation.level = read_uncommitted
	key.deserializer = class org.apache.kafka.common.serialization.StringDeserializer
	max.partition.fetch.bytes = 1048576
	max.poll.interval.ms = 300000
	max.poll.records = 500
	metadata.max.age.ms = 300000
	metadata.recovery.strategy = none
	metric.reporters = []
	metrics.num.samples = 2
	metrics.recording.level = INFO
	metrics.sample.window.ms = 30000
	partition.assignment.strategy = [class org.apache.kafka.clients.consumer.RangeAssignor, class org.apache.kafka.clients.consumer.CooperativeStickyAssignor]
	receive.buffer.bytes = 65536
	reconnect.backoff.max.ms = 1000
	reconnect.backoff.ms = 50
	request.timeout.ms = 5000
	retry.backoff.max.ms = 1000
	retry.backoff.ms = 100
	sasl.client.callback.handler.class = null
	sasl.jaas.config = null
	sasl.kerberos.kinit.cmd = /usr/bin/kinit
	sasl.kerberos.min.time.before.relogin = 60000
	sasl.kerberos.service.name = null
	sasl.kerberos.ticket.renew.jitter = 0.05
	sasl.kerberos.ticket.renew.window.factor = 0.8
	sasl.login.callback.handler.class = null
	sasl.login.class = null
	sasl.login.connect.timeout.ms = null
	sasl.login.read.timeout.ms = null
	sasl.login.refresh.buffer.seconds = 300
	sasl.login.refresh.min.period.seconds = 60
	sasl.login.refresh.window.factor = 0.8
	sasl.login.refresh.window.jitter = 0.05
	sasl.login.retry.backoff.max.ms = 10000
	sasl.login.retry.backoff.ms = 100
	sasl.mechanism = GSSAPI
	sasl.oauthbearer.clock.skew.seconds = 30
	sasl.oauthbearer.expected.audience = null
	sasl.oauthbearer.expected.issuer = null
	sasl.oauthbearer.header.urlencode = false
	sasl.oauthbearer.jwks.endpoint.refresh.ms = 3600000
	sasl.oauthbearer.jwks.endpoint.retry.backoff.max.ms = 10000
	sasl.oauthbearer.jwks.endpoint.retry.backoff.ms = 100
	sasl.oauthbearer.jwks.endpoint.url = null
	sasl.oauthbearer.scope.claim.name = scope
	sasl.oauthbearer.sub.claim.name = sub
	sasl.oauthbearer.token.endpoint.url = null
	security.protocol = PLAINTEXT
	security.providers = null
	send.buffer.bytes = 131072
	session.timeout.ms = 45000
	socket.connection.setup.timeout.max.ms = 30000
	socket.connection.setup.timeout.ms = 10000
	ssl.cipher.suites = null
	ssl.enabled.protocols = [TLSv1.2, TLSv1.3]
	ssl.endpoint.identification.algorithm = https
	ssl.engine.factory.class = null
	ssl.key.password = null
	ssl.keymanager.algorithm = SunX509
	ssl.keystore.certificate.chain = null
	ssl.keystore.key = null
	ssl.keystore.location = null
	ssl.keystore.password = null
	ssl.keystore.type = JKS
	ssl.protocol = TLSv1.3
	ssl.provider = null
	ssl.secure.random.implementation = null
	ssl.trustmanager.algorithm = PKIX
	ssl.truststore.certificates = null
	ssl.truststore.location = null
	ssl.truststore.password = null
	ssl.truststore.type = JKS
	value.deserializer = class io.apicurio.registry.serde.avro.AvroKafkaDeserializer

2025-08-07 12:28:15,939 INFO  [org.apa.kaf.com.tel.int.KafkaMetricsCollector] (main) initializing Kafka metrics collector
2025-08-07 12:28:15,945 INFO  [org.apa.kaf.cli.con.ConsumerConfig] (main) These configurations '[apicurio.registry.url]' were supplied but are not used yet.
2025-08-07 12:28:15,945 INFO  [org.apa.kaf.com.uti.AppInfoParser] (main) Kafka version: 3.9.1
2025-08-07 12:28:15,945 INFO  [org.apa.kaf.com.uti.AppInfoParser] (main) Kafka commitId: f745dfdcee2b9851
2025-08-07 12:28:15,945 INFO  [org.apa.kaf.com.uti.AppInfoParser] (main) Kafka startTimeMs: 1754569695945
2025-08-07 12:28:15,945 INFO  [org.apa.kaf.cli.con.int.ClassicKafkaConsumer] (Thread-624) [Consumer clientId=consumer-Consumer-topic-d25fd7de_1a51_438e_9d34_3d5fa75b8906-4, groupId=Consumer-topic-d25fd7de_1a51_438e_9d34_3d5fa75b8906] Subscribed to topic(s): topic-d25fd7de_1a51_438e_9d34_3d5fa75b8906
2025-08-07 12:28:15,954 INFO  [org.apa.kaf.cli.Metadata] (Thread-624) [Consumer clientId=consumer-Consumer-topic-d25fd7de_1a51_438e_9d34_3d5fa75b8906-4, groupId=Consumer-topic-d25fd7de_1a51_438e_9d34_3d5fa75b8906] Cluster ID: Iafv2PskRxGTuYEST4AQwQ
2025-08-07 12:28:15,954 INFO  [org.apa.kaf.cli.con.int.ConsumerCoordinator] (Thread-624) [Consumer clientId=consumer-Consumer-topic-d25fd7de_1a51_438e_9d34_3d5fa75b8906-4, groupId=Consumer-topic-d25fd7de_1a51_438e_9d34_3d5fa75b8906] Discovered group coordinator localhost:32769 (id: 2147483647 rack: null)
2025-08-07 12:28:15,956 INFO  [org.apa.kaf.cli.con.int.ConsumerCoordinator] (Thread-624) [Consumer clientId=consumer-Consumer-topic-d25fd7de_1a51_438e_9d34_3d5fa75b8906-4, groupId=Consumer-topic-d25fd7de_1a51_438e_9d34_3d5fa75b8906] (Re-)joining group
2025-08-07 12:28:15,959 INFO  [org.apa.kaf.cli.con.int.ConsumerCoordinator] (Thread-624) [Consumer clientId=consumer-Consumer-topic-d25fd7de_1a51_438e_9d34_3d5fa75b8906-4, groupId=Consumer-topic-d25fd7de_1a51_438e_9d34_3d5fa75b8906] Request joining group due to: need to re-join with the given member-id: consumer-Consumer-topic-d25fd7de_1a51_438e_9d34_3d5fa75b8906-4-cdfbb009-739e-4646-93eb-cafd36269111
2025-08-07 12:28:15,959 INFO  [org.apa.kaf.cli.con.int.ConsumerCoordinator] (Thread-624) [Consumer clientId=consumer-Consumer-topic-d25fd7de_1a51_438e_9d34_3d5fa75b8906-4, groupId=Consumer-topic-d25fd7de_1a51_438e_9d34_3d5fa75b8906] (Re-)joining group
2025-08-07 12:28:16,947 INFO  [io.api.tes.ser.api.KafkaSerdesTester] (Thread-624) None found
2025-08-07 12:28:17,947 INFO  [io.api.tes.ser.api.KafkaSerdesTester] (Thread-624) None found
2025-08-07 12:28:18,947 INFO  [io.api.tes.ser.api.KafkaSerdesTester] (Thread-624) None found
2025-08-07 12:28:18,961 INFO  [org.apa.kaf.cli.con.int.ConsumerCoordinator] (Thread-624) [Consumer clientId=consumer-Consumer-topic-d25fd7de_1a51_438e_9d34_3d5fa75b8906-4, groupId=Consumer-topic-d25fd7de_1a51_438e_9d34_3d5fa75b8906] Successfully joined group with generation Generation{generationId=1, memberId='consumer-Consumer-topic-d25fd7de_1a51_438e_9d34_3d5fa75b8906-4-cdfbb009-739e-4646-93eb-cafd36269111', protocol='range'}
2025-08-07 12:28:18,961 INFO  [org.apa.kaf.cli.con.int.ConsumerCoordinator] (Thread-624) [Consumer clientId=consumer-Consumer-topic-d25fd7de_1a51_438e_9d34_3d5fa75b8906-4, groupId=Consumer-topic-d25fd7de_1a51_438e_9d34_3d5fa75b8906] Finished assignment for group at generation 1: {consumer-Consumer-topic-d25fd7de_1a51_438e_9d34_3d5fa75b8906-4-cdfbb009-739e-4646-93eb-cafd36269111=Assignment(partitions=[topic-d25fd7de_1a51_438e_9d34_3d5fa75b8906-0])}
2025-08-07 12:28:18,968 INFO  [org.apa.kaf.cli.con.int.ConsumerCoordinator] (Thread-624) [Consumer clientId=consumer-Consumer-topic-d25fd7de_1a51_438e_9d34_3d5fa75b8906-4, groupId=Consumer-topic-d25fd7de_1a51_438e_9d34_3d5fa75b8906] Successfully synced group in generation Generation{generationId=1, memberId='consumer-Consumer-topic-d25fd7de_1a51_438e_9d34_3d5fa75b8906-4-cdfbb009-739e-4646-93eb-cafd36269111', protocol='range'}
2025-08-07 12:28:18,969 INFO  [org.apa.kaf.cli.con.int.ConsumerCoordinator] (Thread-624) [Consumer clientId=consumer-Consumer-topic-d25fd7de_1a51_438e_9d34_3d5fa75b8906-4, groupId=Consumer-topic-d25fd7de_1a51_438e_9d34_3d5fa75b8906] Notifying assignor about the new Assignment(partitions=[topic-d25fd7de_1a51_438e_9d34_3d5fa75b8906-0])
2025-08-07 12:28:18,969 INFO  [org.apa.kaf.cli.con.int.ConsumerRebalanceListenerInvoker] (Thread-624) [Consumer clientId=consumer-Consumer-topic-d25fd7de_1a51_438e_9d34_3d5fa75b8906-4, groupId=Consumer-topic-d25fd7de_1a51_438e_9d34_3d5fa75b8906] Adding newly assigned partitions: topic-d25fd7de_1a51_438e_9d34_3d5fa75b8906-0
2025-08-07 12:28:18,970 INFO  [org.apa.kaf.cli.con.int.ConsumerCoordinator] (Thread-624) [Consumer clientId=consumer-Consumer-topic-d25fd7de_1a51_438e_9d34_3d5fa75b8906-4, groupId=Consumer-topic-d25fd7de_1a51_438e_9d34_3d5fa75b8906] Found no committed offset for partition topic-d25fd7de_1a51_438e_9d34_3d5fa75b8906-0
2025-08-07 12:28:18,975 INFO  [org.apa.kaf.cli.con.int.SubscriptionState] (Thread-624) [Consumer clientId=consumer-Consumer-topic-d25fd7de_1a51_438e_9d34_3d5fa75b8906-4, groupId=Consumer-topic-d25fd7de_1a51_438e_9d34_3d5fa75b8906] Resetting offset for partition topic-d25fd7de_1a51_438e_9d34_3d5fa75b8906-0 to position FetchPosition{offset=0, offsetEpoch=Optional.empty, currentLeader=LeaderAndEpoch{leader=Optional[localhost:32769 (id: 0 rack: null)], epoch=0}}.
2025-08-07 12:28:19,179 INFO  [io.api.tes.ser.api.KafkaSerdesTester] (Thread-624) topic-d25fd7de_1a51_438e_9d34_3d5fa75b8906 0 0 {"key11754569695435": "value-0"}
2025-08-07 12:28:19,179 INFO  [io.api.tes.ser.api.KafkaSerdesTester] (Thread-624) topic-d25fd7de_1a51_438e_9d34_3d5fa75b8906 0 1 {"key11754569695435": "value-1"}
2025-08-07 12:28:19,179 INFO  [io.api.tes.ser.api.KafkaSerdesTester] (Thread-624) topic-d25fd7de_1a51_438e_9d34_3d5fa75b8906 0 2 {"key11754569695435": "value-2"}
2025-08-07 12:28:19,179 INFO  [io.api.tes.ser.api.KafkaSerdesTester] (Thread-624) topic-d25fd7de_1a51_438e_9d34_3d5fa75b8906 0 3 {"key11754569695435": "value-3"}
2025-08-07 12:28:19,179 INFO  [io.api.tes.ser.api.KafkaSerdesTester] (Thread-624) topic-d25fd7de_1a51_438e_9d34_3d5fa75b8906 0 4 {"key11754569695435": "value-4"}
2025-08-07 12:28:19,179 INFO  [io.api.tes.ser.api.KafkaSerdesTester] (Thread-624) topic-d25fd7de_1a51_438e_9d34_3d5fa75b8906 0 5 {"key11754569695435": "value-5"}
2025-08-07 12:28:19,179 INFO  [io.api.tes.ser.api.KafkaSerdesTester] (Thread-624) topic-d25fd7de_1a51_438e_9d34_3d5fa75b8906 0 6 {"key11754569695435": "value-6"}
2025-08-07 12:28:19,180 INFO  [io.api.tes.ser.api.KafkaSerdesTester] (Thread-624) topic-d25fd7de_1a51_438e_9d34_3d5fa75b8906 0 7 {"key11754569695435": "value-7"}
2025-08-07 12:28:19,180 INFO  [io.api.tes.ser.api.KafkaSerdesTester] (Thread-624) topic-d25fd7de_1a51_438e_9d34_3d5fa75b8906 0 8 {"key11754569695435": "value-8"}
2025-08-07 12:28:19,180 INFO  [io.api.tes.ser.api.KafkaSerdesTester] (Thread-624) topic-d25fd7de_1a51_438e_9d34_3d5fa75b8906 0 9 {"key11754569695435": "value-9"}
2025-08-07 12:28:19,180 INFO  [io.api.tes.ser.api.KafkaSerdesTester] (Thread-624) Consumed 10 messages
2025-08-07 12:28:19,187 INFO  [org.apa.kaf.cli.con.int.ConsumerRebalanceListenerInvoker] (Thread-624) [Consumer clientId=consumer-Consumer-topic-d25fd7de_1a51_438e_9d34_3d5fa75b8906-4, groupId=Consumer-topic-d25fd7de_1a51_438e_9d34_3d5fa75b8906] Revoke previously assigned partitions topic-d25fd7de_1a51_438e_9d34_3d5fa75b8906-0
2025-08-07 12:28:19,187 INFO  [org.apa.kaf.cli.con.int.ConsumerCoordinator] (Thread-624) [Consumer clientId=consumer-Consumer-topic-d25fd7de_1a51_438e_9d34_3d5fa75b8906-4, groupId=Consumer-topic-d25fd7de_1a51_438e_9d34_3d5fa75b8906] Member consumer-Consumer-topic-d25fd7de_1a51_438e_9d34_3d5fa75b8906-4-cdfbb009-739e-4646-93eb-cafd36269111 sending LeaveGroup request to coordinator localhost:32769 (id: 2147483647 rack: null) due to the consumer is being closed
2025-08-07 12:28:19,187 INFO  [org.apa.kaf.cli.con.int.ConsumerCoordinator] (Thread-624) [Consumer clientId=consumer-Consumer-topic-d25fd7de_1a51_438e_9d34_3d5fa75b8906-4, groupId=Consumer-topic-d25fd7de_1a51_438e_9d34_3d5fa75b8906] Resetting generation and member id due to: consumer pro-actively leaving the group
2025-08-07 12:28:19,187 INFO  [org.apa.kaf.cli.con.int.ConsumerCoordinator] (Thread-624) [Consumer clientId=consumer-Consumer-topic-d25fd7de_1a51_438e_9d34_3d5fa75b8906-4, groupId=Consumer-topic-d25fd7de_1a51_438e_9d34_3d5fa75b8906] Request joining group due to: consumer pro-actively leaving the group
2025-08-07 12:28:19,682 INFO  [org.apa.kaf.com.met.Metrics] (Thread-624) Metrics scheduler closed
2025-08-07 12:28:19,682 INFO  [org.apa.kaf.com.met.Metrics] (Thread-624) Closing reporter org.apache.kafka.common.metrics.JmxReporter
2025-08-07 12:28:19,682 INFO  [org.apa.kaf.com.met.Metrics] (Thread-624) Closing reporter org.apache.kafka.common.telemetry.internals.ClientTelemetryReporter
2025-08-07 12:28:19,682 INFO  [org.apa.kaf.com.met.Metrics] (Thread-624) Metrics reporters closed
2025-08-07 12:28:19,686 INFO  [org.apa.kaf.com.uti.AppInfoParser] (Thread-624) App info kafka.consumer for consumer-Consumer-topic-d25fd7de_1a51_438e_9d34_3d5fa75b8906-4 unregistered
2025-08-07 12:28:19,825 INFO  [io.api.tes.uti.TestSeparator] (main) io.apicurio.tests.serdes.apicurio.AvroSerdeIT.testTopicIdStrategyAutoRegister-FINISHED
2025-08-07 12:28:19,825 INFO  [io.api.tes.uti.TestSeparator] (main) ############################################################################
Test passed: testTopicIdStrategyAutoRegister
]]></system-out>
  </testcase>
  <testcase name="testRecordIdStrategydFindLatest" classname="io.apicurio.tests.serdes.apicurio.AvroSerdeIT" time="5.326">
    <system-out><![CDATA[2025-08-07 12:28:19,827 INFO  [io.api.tes.uti.TestSeparator] (main) ############################################################################
2025-08-07 12:28:19,827 INFO  [io.api.tes.uti.TestSeparator] (main) io.apicurio.tests.serdes.apicurio.AvroSerdeIT.testRecordIdStrategydFindLatest-STARTED
2025-08-07 12:28:19,829 INFO  [io.api.tes.ser.api.AvroSerdeIT] (main) Registering Avro Schema: {"type":"record","name":"s6af895a4x0adax4adexb8c1x297d812c1591","namespace":"s0db88b8bxf546x465dxab52x981d6eebb42b","fields":[{"name":"key11754569699827","type":"string"}]}
**** Registry Base URL: http://registry-app-ksql047.apps.ci419.apicurio-testing.org:80
2025-08-07 12:28:21,022 INFO  [org.apa.kaf.cli.pro.ProducerConfig] (main) ProducerConfig values: 
	acks = -1
	auto.include.jmx.reporter = true
	batch.size = 16384
	bootstrap.servers = [PLAINTEXT://localhost:32769]
	buffer.memory = 33554432
	client.dns.lookup = use_all_dns_ips
	client.id = Producer-topic-24d4504b_78d0_41b0_820e_5b93cd40f690
	compression.gzip.level = -1
	compression.lz4.level = 9
	compression.type = none
	compression.zstd.level = 3
	connections.max.idle.ms = 10000
	delivery.timeout.ms = 120000
	enable.idempotence = true
	enable.metrics.push = true
	interceptor.classes = []
	key.serializer = class org.apache.kafka.common.serialization.StringSerializer
	linger.ms = 0
	max.block.ms = 60000
	max.in.flight.requests.per.connection = 5
	max.request.size = 1048576
	metadata.max.age.ms = 300000
	metadata.max.idle.ms = 300000
	metadata.recovery.strategy = none
	metric.reporters = []
	metrics.num.samples = 2
	metrics.recording.level = INFO
	metrics.sample.window.ms = 30000
	partitioner.adaptive.partitioning.enable = true
	partitioner.availability.timeout.ms = 0
	partitioner.class = null
	partitioner.ignore.keys = false
	receive.buffer.bytes = 32768
	reconnect.backoff.max.ms = 1000
	reconnect.backoff.ms = 50
	request.timeout.ms = 5000
	retries = 2147483647
	retry.backoff.max.ms = 1000
	retry.backoff.ms = 100
	sasl.client.callback.handler.class = null
	sasl.jaas.config = null
	sasl.kerberos.kinit.cmd = /usr/bin/kinit
	sasl.kerberos.min.time.before.relogin = 60000
	sasl.kerberos.service.name = null
	sasl.kerberos.ticket.renew.jitter = 0.05
	sasl.kerberos.ticket.renew.window.factor = 0.8
	sasl.login.callback.handler.class = null
	sasl.login.class = null
	sasl.login.connect.timeout.ms = null
	sasl.login.read.timeout.ms = null
	sasl.login.refresh.buffer.seconds = 300
	sasl.login.refresh.min.period.seconds = 60
	sasl.login.refresh.window.factor = 0.8
	sasl.login.refresh.window.jitter = 0.05
	sasl.login.retry.backoff.max.ms = 10000
	sasl.login.retry.backoff.ms = 100
	sasl.mechanism = GSSAPI
	sasl.oauthbearer.clock.skew.seconds = 30
	sasl.oauthbearer.expected.audience = null
	sasl.oauthbearer.expected.issuer = null
	sasl.oauthbearer.header.urlencode = false
	sasl.oauthbearer.jwks.endpoint.refresh.ms = 3600000
	sasl.oauthbearer.jwks.endpoint.retry.backoff.max.ms = 10000
	sasl.oauthbearer.jwks.endpoint.retry.backoff.ms = 100
	sasl.oauthbearer.jwks.endpoint.url = null
	sasl.oauthbearer.scope.claim.name = scope
	sasl.oauthbearer.sub.claim.name = sub
	sasl.oauthbearer.token.endpoint.url = null
	security.protocol = PLAINTEXT
	security.providers = null
	send.buffer.bytes = 131072
	socket.connection.setup.timeout.max.ms = 30000
	socket.connection.setup.timeout.ms = 10000
	ssl.cipher.suites = null
	ssl.enabled.protocols = [TLSv1.2, TLSv1.3]
	ssl.endpoint.identification.algorithm = https
	ssl.engine.factory.class = null
	ssl.key.password = null
	ssl.keymanager.algorithm = SunX509
	ssl.keystore.certificate.chain = null
	ssl.keystore.key = null
	ssl.keystore.location = null
	ssl.keystore.password = null
	ssl.keystore.type = JKS
	ssl.protocol = TLSv1.3
	ssl.provider = null
	ssl.secure.random.implementation = null
	ssl.trustmanager.algorithm = PKIX
	ssl.truststore.certificates = null
	ssl.truststore.location = null
	ssl.truststore.password = null
	ssl.truststore.type = JKS
	transaction.timeout.ms = 60000
	transactional.id = null
	value.serializer = class io.apicurio.registry.serde.avro.AvroKafkaSerializer

2025-08-07 12:28:21,022 INFO  [org.apa.kaf.com.tel.int.KafkaMetricsCollector] (main) initializing Kafka metrics collector
2025-08-07 12:28:21,025 INFO  [org.apa.kaf.cli.pro.KafkaProducer] (main) [Producer clientId=Producer-topic-24d4504b_78d0_41b0_820e_5b93cd40f690] Instantiated an idempotent producer.
2025-08-07 12:28:21,029 INFO  [org.apa.kaf.cli.pro.ProducerConfig] (main) These configurations '[apicurio.registry.find-latest, apicurio.registry.url, apicurio.registry.artifact-resolver-strategy]' were supplied but are not used yet.
2025-08-07 12:28:21,029 INFO  [org.apa.kaf.com.uti.AppInfoParser] (main) Kafka version: 3.9.1
2025-08-07 12:28:21,029 INFO  [org.apa.kaf.com.uti.AppInfoParser] (main) Kafka commitId: f745dfdcee2b9851
2025-08-07 12:28:21,029 INFO  [org.apa.kaf.com.uti.AppInfoParser] (main) Kafka startTimeMs: 1754569701029
2025-08-07 12:28:21,031 INFO  [io.api.tes.ser.api.SimpleSerdesTesterBuilder$SimpleSerdesTester] (main) Using producer configuration: {apicurio.registry.find-latest=true, apicurio.registry.url=http://registry-app-ksql047.apps.ci419.apicurio-testing.org:80/apis/registry/v3, apicurio.registry.artifact-resolver-strategy=io.apicurio.registry.serde.avro.strategy.RecordIdStrategy, value.serializer=io.apicurio.registry.serde.avro.AvroKafkaSerializer, request.timeout.ms=5000, acks=all, bootstrap.servers=PLAINTEXT://localhost:32769, connections.max.idle.ms=10000, key.serializer=org.apache.kafka.common.serialization.StringSerializer, client.id=Producer-topic-24d4504b_78d0_41b0_820e_5b93cd40f690}
2025-08-07 12:28:21,031 INFO  [io.api.tes.ser.api.SimpleSerdesTesterBuilder$SimpleSerdesTester] (main) Using consumer configuration: {}
2025-08-07 12:28:21,032 INFO  [io.api.tes.ser.api.KafkaSerdesTester] (Thread-627) Sending message {"key11754569699827": "value-0"} to topic topic-24d4504b_78d0_41b0_820e_5b93cd40f690
2025-08-07 12:28:21,036 INFO  [org.apa.kaf.cli.Metadata] (kafka-producer-network-thread | Producer-topic-24d4504b_78d0_41b0_820e_5b93cd40f690) [Producer clientId=Producer-topic-24d4504b_78d0_41b0_820e_5b93cd40f690] Cluster ID: Iafv2PskRxGTuYEST4AQwQ
2025-08-07 12:28:21,039 INFO  [org.apa.kaf.cli.pro.int.TransactionManager] (kafka-producer-network-thread | Producer-topic-24d4504b_78d0_41b0_820e_5b93cd40f690) [Producer clientId=Producer-topic-24d4504b_78d0_41b0_820e_5b93cd40f690] ProducerId set to 5 with epoch 0
2025-08-07 12:28:21,328 INFO  [io.api.tes.ser.api.KafkaSerdesTester] (Thread-627) Sending message {"key11754569699827": "value-1"} to topic topic-24d4504b_78d0_41b0_820e_5b93cd40f690
2025-08-07 12:28:21,330 INFO  [io.api.tes.ser.api.KafkaSerdesTester] (Thread-627) Sending message {"key11754569699827": "value-2"} to topic topic-24d4504b_78d0_41b0_820e_5b93cd40f690
2025-08-07 12:28:21,332 INFO  [io.api.tes.ser.api.KafkaSerdesTester] (Thread-627) Sending message {"key11754569699827": "value-3"} to topic topic-24d4504b_78d0_41b0_820e_5b93cd40f690
2025-08-07 12:28:21,336 INFO  [io.api.tes.ser.api.KafkaSerdesTester] (Thread-627) Sending message {"key11754569699827": "value-4"} to topic topic-24d4504b_78d0_41b0_820e_5b93cd40f690
2025-08-07 12:28:21,342 INFO  [io.api.tes.ser.api.KafkaSerdesTester] (Thread-627) Sending message {"key11754569699827": "value-5"} to topic topic-24d4504b_78d0_41b0_820e_5b93cd40f690
2025-08-07 12:28:21,344 INFO  [io.api.tes.ser.api.KafkaSerdesTester] (Thread-627) Sending message {"key11754569699827": "value-6"} to topic topic-24d4504b_78d0_41b0_820e_5b93cd40f690
2025-08-07 12:28:21,347 INFO  [io.api.tes.ser.api.KafkaSerdesTester] (Thread-627) Sending message {"key11754569699827": "value-7"} to topic topic-24d4504b_78d0_41b0_820e_5b93cd40f690
2025-08-07 12:28:21,348 INFO  [io.api.tes.ser.api.KafkaSerdesTester] (Thread-627) Sending message {"key11754569699827": "value-8"} to topic topic-24d4504b_78d0_41b0_820e_5b93cd40f690
2025-08-07 12:28:21,350 INFO  [io.api.tes.ser.api.KafkaSerdesTester] (Thread-627) Sending message {"key11754569699827": "value-9"} to topic topic-24d4504b_78d0_41b0_820e_5b93cd40f690
2025-08-07 12:28:21,352 INFO  [io.api.tes.ser.api.KafkaSerdesTester] (Thread-627) Produced 10 messages
2025-08-07 12:28:21,352 INFO  [org.apa.kaf.cli.pro.KafkaProducer] (Thread-627) [Producer clientId=Producer-topic-24d4504b_78d0_41b0_820e_5b93cd40f690] Closing the Kafka producer with timeoutMillis = 9223372036854775807 ms.
2025-08-07 12:28:21,356 INFO  [org.apa.kaf.com.met.Metrics] (Thread-627) Metrics scheduler closed
2025-08-07 12:28:21,356 INFO  [org.apa.kaf.com.met.Metrics] (Thread-627) Closing reporter org.apache.kafka.common.metrics.JmxReporter
2025-08-07 12:28:21,356 INFO  [org.apa.kaf.com.met.Metrics] (Thread-627) Closing reporter org.apache.kafka.common.telemetry.internals.ClientTelemetryReporter
2025-08-07 12:28:21,356 INFO  [org.apa.kaf.com.met.Metrics] (Thread-627) Metrics reporters closed
2025-08-07 12:28:21,356 INFO  [org.apa.kaf.com.uti.AppInfoParser] (Thread-627) App info kafka.producer for Producer-topic-24d4504b_78d0_41b0_820e_5b93cd40f690 unregistered
**** Registry Base URL: http://registry-app-ksql047.apps.ci419.apicurio-testing.org:80
2025-08-07 12:28:21,357 INFO  [org.apa.kaf.cli.con.ConsumerConfig] (main) ConsumerConfig values: 
	allow.auto.create.topics = true
	auto.commit.interval.ms = 500
	auto.include.jmx.reporter = true
	auto.offset.reset = earliest
	bootstrap.servers = [PLAINTEXT://localhost:32769]
	check.crcs = true
	client.dns.lookup = use_all_dns_ips
	client.id = consumer-Consumer-topic-24d4504b_78d0_41b0_820e_5b93cd40f690-5
	client.rack = 
	connections.max.idle.ms = 10000
	default.api.timeout.ms = 60000
	enable.auto.commit = true
	enable.metrics.push = true
	exclude.internal.topics = true
	fetch.max.bytes = 52428800
	fetch.max.wait.ms = 500
	fetch.min.bytes = 1
	group.id = Consumer-topic-24d4504b_78d0_41b0_820e_5b93cd40f690
	group.instance.id = null
	group.protocol = classic
	group.remote.assignor = null
	heartbeat.interval.ms = 3000
	interceptor.classes = []
	internal.leave.group.on.close = true
	internal.throw.on.fetch.stable.offset.unsupported = false
	isolation.level = read_uncommitted
	key.deserializer = class org.apache.kafka.common.serialization.StringDeserializer
	max.partition.fetch.bytes = 1048576
	max.poll.interval.ms = 300000
	max.poll.records = 500
	metadata.max.age.ms = 300000
	metadata.recovery.strategy = none
	metric.reporters = []
	metrics.num.samples = 2
	metrics.recording.level = INFO
	metrics.sample.window.ms = 30000
	partition.assignment.strategy = [class org.apache.kafka.clients.consumer.RangeAssignor, class org.apache.kafka.clients.consumer.CooperativeStickyAssignor]
	receive.buffer.bytes = 65536
	reconnect.backoff.max.ms = 1000
	reconnect.backoff.ms = 50
	request.timeout.ms = 5000
	retry.backoff.max.ms = 1000
	retry.backoff.ms = 100
	sasl.client.callback.handler.class = null
	sasl.jaas.config = null
	sasl.kerberos.kinit.cmd = /usr/bin/kinit
	sasl.kerberos.min.time.before.relogin = 60000
	sasl.kerberos.service.name = null
	sasl.kerberos.ticket.renew.jitter = 0.05
	sasl.kerberos.ticket.renew.window.factor = 0.8
	sasl.login.callback.handler.class = null
	sasl.login.class = null
	sasl.login.connect.timeout.ms = null
	sasl.login.read.timeout.ms = null
	sasl.login.refresh.buffer.seconds = 300
	sasl.login.refresh.min.period.seconds = 60
	sasl.login.refresh.window.factor = 0.8
	sasl.login.refresh.window.jitter = 0.05
	sasl.login.retry.backoff.max.ms = 10000
	sasl.login.retry.backoff.ms = 100
	sasl.mechanism = GSSAPI
	sasl.oauthbearer.clock.skew.seconds = 30
	sasl.oauthbearer.expected.audience = null
	sasl.oauthbearer.expected.issuer = null
	sasl.oauthbearer.header.urlencode = false
	sasl.oauthbearer.jwks.endpoint.refresh.ms = 3600000
	sasl.oauthbearer.jwks.endpoint.retry.backoff.max.ms = 10000
	sasl.oauthbearer.jwks.endpoint.retry.backoff.ms = 100
	sasl.oauthbearer.jwks.endpoint.url = null
	sasl.oauthbearer.scope.claim.name = scope
	sasl.oauthbearer.sub.claim.name = sub
	sasl.oauthbearer.token.endpoint.url = null
	security.protocol = PLAINTEXT
	security.providers = null
	send.buffer.bytes = 131072
	session.timeout.ms = 45000
	socket.connection.setup.timeout.max.ms = 30000
	socket.connection.setup.timeout.ms = 10000
	ssl.cipher.suites = null
	ssl.enabled.protocols = [TLSv1.2, TLSv1.3]
	ssl.endpoint.identification.algorithm = https
	ssl.engine.factory.class = null
	ssl.key.password = null
	ssl.keymanager.algorithm = SunX509
	ssl.keystore.certificate.chain = null
	ssl.keystore.key = null
	ssl.keystore.location = null
	ssl.keystore.password = null
	ssl.keystore.type = JKS
	ssl.protocol = TLSv1.3
	ssl.provider = null
	ssl.secure.random.implementation = null
	ssl.trustmanager.algorithm = PKIX
	ssl.truststore.certificates = null
	ssl.truststore.location = null
	ssl.truststore.password = null
	ssl.truststore.type = JKS
	value.deserializer = class io.apicurio.registry.serde.avro.AvroKafkaDeserializer

2025-08-07 12:28:21,357 INFO  [org.apa.kaf.com.tel.int.KafkaMetricsCollector] (main) initializing Kafka metrics collector
2025-08-07 12:28:21,370 INFO  [org.apa.kaf.cli.con.ConsumerConfig] (main) These configurations '[apicurio.registry.url]' were supplied but are not used yet.
2025-08-07 12:28:21,370 INFO  [org.apa.kaf.com.uti.AppInfoParser] (main) Kafka version: 3.9.1
2025-08-07 12:28:21,370 INFO  [org.apa.kaf.com.uti.AppInfoParser] (main) Kafka commitId: f745dfdcee2b9851
2025-08-07 12:28:21,370 INFO  [org.apa.kaf.com.uti.AppInfoParser] (main) Kafka startTimeMs: 1754569701370
2025-08-07 12:28:21,371 INFO  [org.apa.kaf.cli.con.int.ClassicKafkaConsumer] (Thread-630) [Consumer clientId=consumer-Consumer-topic-24d4504b_78d0_41b0_820e_5b93cd40f690-5, groupId=Consumer-topic-24d4504b_78d0_41b0_820e_5b93cd40f690] Subscribed to topic(s): topic-24d4504b_78d0_41b0_820e_5b93cd40f690
2025-08-07 12:28:21,383 INFO  [org.apa.kaf.cli.Metadata] (Thread-630) [Consumer clientId=consumer-Consumer-topic-24d4504b_78d0_41b0_820e_5b93cd40f690-5, groupId=Consumer-topic-24d4504b_78d0_41b0_820e_5b93cd40f690] Cluster ID: Iafv2PskRxGTuYEST4AQwQ
2025-08-07 12:28:21,387 INFO  [org.apa.kaf.cli.con.int.ConsumerCoordinator] (Thread-630) [Consumer clientId=consumer-Consumer-topic-24d4504b_78d0_41b0_820e_5b93cd40f690-5, groupId=Consumer-topic-24d4504b_78d0_41b0_820e_5b93cd40f690] Discovered group coordinator localhost:32769 (id: 2147483647 rack: null)
2025-08-07 12:28:21,391 INFO  [org.apa.kaf.cli.con.int.ConsumerCoordinator] (Thread-630) [Consumer clientId=consumer-Consumer-topic-24d4504b_78d0_41b0_820e_5b93cd40f690-5, groupId=Consumer-topic-24d4504b_78d0_41b0_820e_5b93cd40f690] (Re-)joining group
2025-08-07 12:28:21,395 INFO  [org.apa.kaf.cli.con.int.ConsumerCoordinator] (Thread-630) [Consumer clientId=consumer-Consumer-topic-24d4504b_78d0_41b0_820e_5b93cd40f690-5, groupId=Consumer-topic-24d4504b_78d0_41b0_820e_5b93cd40f690] Request joining group due to: need to re-join with the given member-id: consumer-Consumer-topic-24d4504b_78d0_41b0_820e_5b93cd40f690-5-0aa9da8c-a2c3-4a03-80c1-0cdfdf552cdb
2025-08-07 12:28:21,398 INFO  [org.apa.kaf.cli.con.int.ConsumerCoordinator] (Thread-630) [Consumer clientId=consumer-Consumer-topic-24d4504b_78d0_41b0_820e_5b93cd40f690-5, groupId=Consumer-topic-24d4504b_78d0_41b0_820e_5b93cd40f690] (Re-)joining group
2025-08-07 12:28:22,371 INFO  [io.api.tes.ser.api.KafkaSerdesTester] (Thread-630) None found
2025-08-07 12:28:23,372 INFO  [io.api.tes.ser.api.KafkaSerdesTester] (Thread-630) None found
2025-08-07 12:28:24,372 INFO  [io.api.tes.ser.api.KafkaSerdesTester] (Thread-630) None found
2025-08-07 12:28:24,402 INFO  [org.apa.kaf.cli.con.int.ConsumerCoordinator] (Thread-630) [Consumer clientId=consumer-Consumer-topic-24d4504b_78d0_41b0_820e_5b93cd40f690-5, groupId=Consumer-topic-24d4504b_78d0_41b0_820e_5b93cd40f690] Successfully joined group with generation Generation{generationId=1, memberId='consumer-Consumer-topic-24d4504b_78d0_41b0_820e_5b93cd40f690-5-0aa9da8c-a2c3-4a03-80c1-0cdfdf552cdb', protocol='range'}
2025-08-07 12:28:24,403 INFO  [org.apa.kaf.cli.con.int.ConsumerCoordinator] (Thread-630) [Consumer clientId=consumer-Consumer-topic-24d4504b_78d0_41b0_820e_5b93cd40f690-5, groupId=Consumer-topic-24d4504b_78d0_41b0_820e_5b93cd40f690] Finished assignment for group at generation 1: {consumer-Consumer-topic-24d4504b_78d0_41b0_820e_5b93cd40f690-5-0aa9da8c-a2c3-4a03-80c1-0cdfdf552cdb=Assignment(partitions=[topic-24d4504b_78d0_41b0_820e_5b93cd40f690-0])}
2025-08-07 12:28:24,410 INFO  [org.apa.kaf.cli.con.int.ConsumerCoordinator] (Thread-630) [Consumer clientId=consumer-Consumer-topic-24d4504b_78d0_41b0_820e_5b93cd40f690-5, groupId=Consumer-topic-24d4504b_78d0_41b0_820e_5b93cd40f690] Successfully synced group in generation Generation{generationId=1, memberId='consumer-Consumer-topic-24d4504b_78d0_41b0_820e_5b93cd40f690-5-0aa9da8c-a2c3-4a03-80c1-0cdfdf552cdb', protocol='range'}
2025-08-07 12:28:24,410 INFO  [org.apa.kaf.cli.con.int.ConsumerCoordinator] (Thread-630) [Consumer clientId=consumer-Consumer-topic-24d4504b_78d0_41b0_820e_5b93cd40f690-5, groupId=Consumer-topic-24d4504b_78d0_41b0_820e_5b93cd40f690] Notifying assignor about the new Assignment(partitions=[topic-24d4504b_78d0_41b0_820e_5b93cd40f690-0])
2025-08-07 12:28:24,410 INFO  [org.apa.kaf.cli.con.int.ConsumerRebalanceListenerInvoker] (Thread-630) [Consumer clientId=consumer-Consumer-topic-24d4504b_78d0_41b0_820e_5b93cd40f690-5, groupId=Consumer-topic-24d4504b_78d0_41b0_820e_5b93cd40f690] Adding newly assigned partitions: topic-24d4504b_78d0_41b0_820e_5b93cd40f690-0
2025-08-07 12:28:24,412 INFO  [org.apa.kaf.cli.con.int.ConsumerCoordinator] (Thread-630) [Consumer clientId=consumer-Consumer-topic-24d4504b_78d0_41b0_820e_5b93cd40f690-5, groupId=Consumer-topic-24d4504b_78d0_41b0_820e_5b93cd40f690] Found no committed offset for partition topic-24d4504b_78d0_41b0_820e_5b93cd40f690-0
2025-08-07 12:28:24,414 INFO  [org.apa.kaf.cli.con.int.SubscriptionState] (Thread-630) [Consumer clientId=consumer-Consumer-topic-24d4504b_78d0_41b0_820e_5b93cd40f690-5, groupId=Consumer-topic-24d4504b_78d0_41b0_820e_5b93cd40f690] Resetting offset for partition topic-24d4504b_78d0_41b0_820e_5b93cd40f690-0 to position FetchPosition{offset=0, offsetEpoch=Optional.empty, currentLeader=LeaderAndEpoch{leader=Optional[localhost:32769 (id: 0 rack: null)], epoch=0}}.
2025-08-07 12:28:24,642 INFO  [io.api.tes.ser.api.KafkaSerdesTester] (Thread-630) topic-24d4504b_78d0_41b0_820e_5b93cd40f690 0 0 {"key11754569699827": "value-0"}
2025-08-07 12:28:24,642 INFO  [io.api.tes.ser.api.KafkaSerdesTester] (Thread-630) topic-24d4504b_78d0_41b0_820e_5b93cd40f690 0 1 {"key11754569699827": "value-1"}
2025-08-07 12:28:24,642 INFO  [io.api.tes.ser.api.KafkaSerdesTester] (Thread-630) topic-24d4504b_78d0_41b0_820e_5b93cd40f690 0 2 {"key11754569699827": "value-2"}
2025-08-07 12:28:24,642 INFO  [io.api.tes.ser.api.KafkaSerdesTester] (Thread-630) topic-24d4504b_78d0_41b0_820e_5b93cd40f690 0 3 {"key11754569699827": "value-3"}
2025-08-07 12:28:24,642 INFO  [io.api.tes.ser.api.KafkaSerdesTester] (Thread-630) topic-24d4504b_78d0_41b0_820e_5b93cd40f690 0 4 {"key11754569699827": "value-4"}
2025-08-07 12:28:24,642 INFO  [io.api.tes.ser.api.KafkaSerdesTester] (Thread-630) topic-24d4504b_78d0_41b0_820e_5b93cd40f690 0 5 {"key11754569699827": "value-5"}
2025-08-07 12:28:24,643 INFO  [io.api.tes.ser.api.KafkaSerdesTester] (Thread-630) topic-24d4504b_78d0_41b0_820e_5b93cd40f690 0 6 {"key11754569699827": "value-6"}
2025-08-07 12:28:24,643 INFO  [io.api.tes.ser.api.KafkaSerdesTester] (Thread-630) topic-24d4504b_78d0_41b0_820e_5b93cd40f690 0 7 {"key11754569699827": "value-7"}
2025-08-07 12:28:24,643 INFO  [io.api.tes.ser.api.KafkaSerdesTester] (Thread-630) topic-24d4504b_78d0_41b0_820e_5b93cd40f690 0 8 {"key11754569699827": "value-8"}
2025-08-07 12:28:24,643 INFO  [io.api.tes.ser.api.KafkaSerdesTester] (Thread-630) topic-24d4504b_78d0_41b0_820e_5b93cd40f690 0 9 {"key11754569699827": "value-9"}
2025-08-07 12:28:24,643 INFO  [io.api.tes.ser.api.KafkaSerdesTester] (Thread-630) Consumed 10 messages
2025-08-07 12:28:24,651 INFO  [org.apa.kaf.cli.con.int.ConsumerRebalanceListenerInvoker] (Thread-630) [Consumer clientId=consumer-Consumer-topic-24d4504b_78d0_41b0_820e_5b93cd40f690-5, groupId=Consumer-topic-24d4504b_78d0_41b0_820e_5b93cd40f690] Revoke previously assigned partitions topic-24d4504b_78d0_41b0_820e_5b93cd40f690-0
2025-08-07 12:28:24,651 INFO  [org.apa.kaf.cli.con.int.ConsumerCoordinator] (Thread-630) [Consumer clientId=consumer-Consumer-topic-24d4504b_78d0_41b0_820e_5b93cd40f690-5, groupId=Consumer-topic-24d4504b_78d0_41b0_820e_5b93cd40f690] Member consumer-Consumer-topic-24d4504b_78d0_41b0_820e_5b93cd40f690-5-0aa9da8c-a2c3-4a03-80c1-0cdfdf552cdb sending LeaveGroup request to coordinator localhost:32769 (id: 2147483647 rack: null) due to the consumer is being closed
2025-08-07 12:28:24,651 INFO  [org.apa.kaf.cli.con.int.ConsumerCoordinator] (Thread-630) [Consumer clientId=consumer-Consumer-topic-24d4504b_78d0_41b0_820e_5b93cd40f690-5, groupId=Consumer-topic-24d4504b_78d0_41b0_820e_5b93cd40f690] Resetting generation and member id due to: consumer pro-actively leaving the group
2025-08-07 12:28:24,651 INFO  [org.apa.kaf.cli.con.int.ConsumerCoordinator] (Thread-630) [Consumer clientId=consumer-Consumer-topic-24d4504b_78d0_41b0_820e_5b93cd40f690-5, groupId=Consumer-topic-24d4504b_78d0_41b0_820e_5b93cd40f690] Request joining group due to: consumer pro-actively leaving the group
2025-08-07 12:28:25,146 INFO  [org.apa.kaf.com.met.Metrics] (Thread-630) Metrics scheduler closed
2025-08-07 12:28:25,146 INFO  [org.apa.kaf.com.met.Metrics] (Thread-630) Closing reporter org.apache.kafka.common.metrics.JmxReporter
2025-08-07 12:28:25,146 INFO  [org.apa.kaf.com.met.Metrics] (Thread-630) Closing reporter org.apache.kafka.common.telemetry.internals.ClientTelemetryReporter
2025-08-07 12:28:25,146 INFO  [org.apa.kaf.com.met.Metrics] (Thread-630) Metrics reporters closed
2025-08-07 12:28:25,150 INFO  [org.apa.kaf.com.uti.AppInfoParser] (Thread-630) App info kafka.consumer for consumer-Consumer-topic-24d4504b_78d0_41b0_820e_5b93cd40f690-5 unregistered
2025-08-07 12:28:25,152 INFO  [io.api.tes.uti.TestSeparator] (main) io.apicurio.tests.serdes.apicurio.AvroSerdeIT.testRecordIdStrategydFindLatest-FINISHED
2025-08-07 12:28:25,152 INFO  [io.api.tes.uti.TestSeparator] (main) ############################################################################
Test passed: testRecordIdStrategydFindLatest
]]></system-out>
  </testcase>
  <testcase name="testReflectAutoRegister" classname="io.apicurio.tests.serdes.apicurio.AvroSerdeIT" time="4.274">
    <system-out><![CDATA[2025-08-07 12:28:25,156 INFO  [io.api.tes.uti.TestSeparator] (main) ############################################################################
2025-08-07 12:28:25,156 INFO  [io.api.tes.uti.TestSeparator] (main) io.apicurio.tests.serdes.apicurio.AvroSerdeIT.testReflectAutoRegister-STARTED
**** Registry Base URL: http://registry-app-ksql047.apps.ci419.apicurio-testing.org:80
2025-08-07 12:28:25,160 INFO  [org.apa.kaf.cli.pro.ProducerConfig] (main) ProducerConfig values: 
	acks = -1
	auto.include.jmx.reporter = true
	batch.size = 16384
	bootstrap.servers = [PLAINTEXT://localhost:32769]
	buffer.memory = 33554432
	client.dns.lookup = use_all_dns_ips
	client.id = Producer-topic-70c72baa_7b24_4c16_ae4f_8b44c4f24820
	compression.gzip.level = -1
	compression.lz4.level = 9
	compression.type = none
	compression.zstd.level = 3
	connections.max.idle.ms = 10000
	delivery.timeout.ms = 120000
	enable.idempotence = true
	enable.metrics.push = true
	interceptor.classes = []
	key.serializer = class org.apache.kafka.common.serialization.StringSerializer
	linger.ms = 0
	max.block.ms = 60000
	max.in.flight.requests.per.connection = 5
	max.request.size = 1048576
	metadata.max.age.ms = 300000
	metadata.max.idle.ms = 300000
	metadata.recovery.strategy = none
	metric.reporters = []
	metrics.num.samples = 2
	metrics.recording.level = INFO
	metrics.sample.window.ms = 30000
	partitioner.adaptive.partitioning.enable = true
	partitioner.availability.timeout.ms = 0
	partitioner.class = null
	partitioner.ignore.keys = false
	receive.buffer.bytes = 32768
	reconnect.backoff.max.ms = 1000
	reconnect.backoff.ms = 50
	request.timeout.ms = 5000
	retries = 2147483647
	retry.backoff.max.ms = 1000
	retry.backoff.ms = 100
	sasl.client.callback.handler.class = null
	sasl.jaas.config = null
	sasl.kerberos.kinit.cmd = /usr/bin/kinit
	sasl.kerberos.min.time.before.relogin = 60000
	sasl.kerberos.service.name = null
	sasl.kerberos.ticket.renew.jitter = 0.05
	sasl.kerberos.ticket.renew.window.factor = 0.8
	sasl.login.callback.handler.class = null
	sasl.login.class = null
	sasl.login.connect.timeout.ms = null
	sasl.login.read.timeout.ms = null
	sasl.login.refresh.buffer.seconds = 300
	sasl.login.refresh.min.period.seconds = 60
	sasl.login.refresh.window.factor = 0.8
	sasl.login.refresh.window.jitter = 0.05
	sasl.login.retry.backoff.max.ms = 10000
	sasl.login.retry.backoff.ms = 100
	sasl.mechanism = GSSAPI
	sasl.oauthbearer.clock.skew.seconds = 30
	sasl.oauthbearer.expected.audience = null
	sasl.oauthbearer.expected.issuer = null
	sasl.oauthbearer.header.urlencode = false
	sasl.oauthbearer.jwks.endpoint.refresh.ms = 3600000
	sasl.oauthbearer.jwks.endpoint.retry.backoff.max.ms = 10000
	sasl.oauthbearer.jwks.endpoint.retry.backoff.ms = 100
	sasl.oauthbearer.jwks.endpoint.url = null
	sasl.oauthbearer.scope.claim.name = scope
	sasl.oauthbearer.sub.claim.name = sub
	sasl.oauthbearer.token.endpoint.url = null
	security.protocol = PLAINTEXT
	security.providers = null
	send.buffer.bytes = 131072
	socket.connection.setup.timeout.max.ms = 30000
	socket.connection.setup.timeout.ms = 10000
	ssl.cipher.suites = null
	ssl.enabled.protocols = [TLSv1.2, TLSv1.3]
	ssl.endpoint.identification.algorithm = https
	ssl.engine.factory.class = null
	ssl.key.password = null
	ssl.keymanager.algorithm = SunX509
	ssl.keystore.certificate.chain = null
	ssl.keystore.key = null
	ssl.keystore.location = null
	ssl.keystore.password = null
	ssl.keystore.type = JKS
	ssl.protocol = TLSv1.3
	ssl.provider = null
	ssl.secure.random.implementation = null
	ssl.trustmanager.algorithm = PKIX
	ssl.truststore.certificates = null
	ssl.truststore.location = null
	ssl.truststore.password = null
	ssl.truststore.type = JKS
	transaction.timeout.ms = 60000
	transactional.id = null
	value.serializer = class io.apicurio.registry.serde.avro.AvroKafkaSerializer

2025-08-07 12:28:25,161 INFO  [org.apa.kaf.com.tel.int.KafkaMetricsCollector] (main) initializing Kafka metrics collector
2025-08-07 12:28:25,171 INFO  [org.apa.kaf.cli.pro.KafkaProducer] (main) [Producer clientId=Producer-topic-70c72baa_7b24_4c16_ae4f_8b44c4f24820] Instantiated an idempotent producer.
2025-08-07 12:28:25,174 INFO  [org.apa.kaf.cli.pro.ProducerConfig] (main) These configurations '[apicurio.registry.url, apicurio.registry.auto-register, apicurio.registry.artifact-resolver-strategy, apicurio.registry.avro-datum-provider]' were supplied but are not used yet.
2025-08-07 12:28:25,174 INFO  [org.apa.kaf.com.uti.AppInfoParser] (main) Kafka version: 3.9.1
2025-08-07 12:28:25,174 INFO  [org.apa.kaf.com.uti.AppInfoParser] (main) Kafka commitId: f745dfdcee2b9851
2025-08-07 12:28:25,174 INFO  [org.apa.kaf.com.uti.AppInfoParser] (main) Kafka startTimeMs: 1754569705174
2025-08-07 12:28:25,174 INFO  [io.api.tes.ser.api.SimpleSerdesTesterBuilder$SimpleSerdesTester] (main) Using producer configuration: {apicurio.registry.url=http://registry-app-ksql047.apps.ci419.apicurio-testing.org:80/apis/registry/v3, apicurio.registry.auto-register=true, apicurio.registry.artifact-resolver-strategy=io.apicurio.registry.serde.strategy.TopicIdStrategy, value.serializer=io.apicurio.registry.serde.avro.AvroKafkaSerializer, request.timeout.ms=5000, acks=all, bootstrap.servers=PLAINTEXT://localhost:32769, connections.max.idle.ms=10000, key.serializer=org.apache.kafka.common.serialization.StringSerializer, apicurio.registry.avro-datum-provider=io.apicurio.registry.serde.avro.ReflectAvroDatumProvider, client.id=Producer-topic-70c72baa_7b24_4c16_ae4f_8b44c4f24820}
2025-08-07 12:28:25,174 INFO  [io.api.tes.ser.api.SimpleSerdesTesterBuilder$SimpleSerdesTester] (main) Using consumer configuration: {apicurio.registry.avro-datum-provider=io.apicurio.registry.serde.avro.ReflectAvroDatumProvider}
2025-08-07 12:28:25,178 INFO  [io.api.tes.ser.api.KafkaSerdesTester] (Thread-633) Sending message io.apicurio.tests.common.serdes.TestObject@3dbd29cb to topic topic-70c72baa_7b24_4c16_ae4f_8b44c4f24820
2025-08-07 12:28:25,182 WARN  [org.apa.kaf.cli.NetworkClient] (kafka-producer-network-thread | Producer-topic-70c72baa_7b24_4c16_ae4f_8b44c4f24820) [Producer clientId=Producer-topic-70c72baa_7b24_4c16_ae4f_8b44c4f24820] The metadata response from the cluster reported a recoverable issue with correlation id 1 : {topic-70c72baa_7b24_4c16_ae4f_8b44c4f24820=UNKNOWN_TOPIC_OR_PARTITION}
2025-08-07 12:28:25,182 INFO  [org.apa.kaf.cli.Metadata] (kafka-producer-network-thread | Producer-topic-70c72baa_7b24_4c16_ae4f_8b44c4f24820) [Producer clientId=Producer-topic-70c72baa_7b24_4c16_ae4f_8b44c4f24820] Cluster ID: Iafv2PskRxGTuYEST4AQwQ
2025-08-07 12:28:25,184 INFO  [org.apa.kaf.cli.pro.int.TransactionManager] (kafka-producer-network-thread | Producer-topic-70c72baa_7b24_4c16_ae4f_8b44c4f24820) [Producer clientId=Producer-topic-70c72baa_7b24_4c16_ae4f_8b44c4f24820] ProducerId set to 6 with epoch 0
2025-08-07 12:28:25,509 INFO  [io.api.tes.ser.api.KafkaSerdesTester] (Thread-633) Sending message io.apicurio.tests.common.serdes.TestObject@3dbd29cb to topic topic-70c72baa_7b24_4c16_ae4f_8b44c4f24820
2025-08-07 12:28:25,515 INFO  [io.api.tes.ser.api.KafkaSerdesTester] (Thread-633) Sending message io.apicurio.tests.common.serdes.TestObject@3dbd29cb to topic topic-70c72baa_7b24_4c16_ae4f_8b44c4f24820
2025-08-07 12:28:25,517 INFO  [io.api.tes.ser.api.KafkaSerdesTester] (Thread-633) Sending message io.apicurio.tests.common.serdes.TestObject@3dbd29cb to topic topic-70c72baa_7b24_4c16_ae4f_8b44c4f24820
2025-08-07 12:28:25,519 INFO  [io.api.tes.ser.api.KafkaSerdesTester] (Thread-633) Sending message io.apicurio.tests.common.serdes.TestObject@3dbd29cb to topic topic-70c72baa_7b24_4c16_ae4f_8b44c4f24820
2025-08-07 12:28:25,521 INFO  [io.api.tes.ser.api.KafkaSerdesTester] (Thread-633) Sending message io.apicurio.tests.common.serdes.TestObject@3dbd29cb to topic topic-70c72baa_7b24_4c16_ae4f_8b44c4f24820
2025-08-07 12:28:25,523 INFO  [io.api.tes.ser.api.KafkaSerdesTester] (Thread-633) Sending message io.apicurio.tests.common.serdes.TestObject@3dbd29cb to topic topic-70c72baa_7b24_4c16_ae4f_8b44c4f24820
2025-08-07 12:28:25,525 INFO  [io.api.tes.ser.api.KafkaSerdesTester] (Thread-633) Sending message io.apicurio.tests.common.serdes.TestObject@3dbd29cb to topic topic-70c72baa_7b24_4c16_ae4f_8b44c4f24820
2025-08-07 12:28:25,527 INFO  [io.api.tes.ser.api.KafkaSerdesTester] (Thread-633) Sending message io.apicurio.tests.common.serdes.TestObject@3dbd29cb to topic topic-70c72baa_7b24_4c16_ae4f_8b44c4f24820
2025-08-07 12:28:25,531 INFO  [io.api.tes.ser.api.KafkaSerdesTester] (Thread-633) Sending message io.apicurio.tests.common.serdes.TestObject@3dbd29cb to topic topic-70c72baa_7b24_4c16_ae4f_8b44c4f24820
2025-08-07 12:28:25,535 INFO  [io.api.tes.ser.api.KafkaSerdesTester] (Thread-633) Produced 10 messages
2025-08-07 12:28:25,535 INFO  [org.apa.kaf.cli.pro.KafkaProducer] (Thread-633) [Producer clientId=Producer-topic-70c72baa_7b24_4c16_ae4f_8b44c4f24820] Closing the Kafka producer with timeoutMillis = 9223372036854775807 ms.
2025-08-07 12:28:25,539 INFO  [org.apa.kaf.com.met.Metrics] (Thread-633) Metrics scheduler closed
2025-08-07 12:28:25,539 INFO  [org.apa.kaf.com.met.Metrics] (Thread-633) Closing reporter org.apache.kafka.common.metrics.JmxReporter
2025-08-07 12:28:25,540 INFO  [org.apa.kaf.com.met.Metrics] (Thread-633) Closing reporter org.apache.kafka.common.telemetry.internals.ClientTelemetryReporter
2025-08-07 12:28:25,540 INFO  [org.apa.kaf.com.met.Metrics] (Thread-633) Metrics reporters closed
2025-08-07 12:28:25,540 INFO  [org.apa.kaf.com.uti.AppInfoParser] (Thread-633) App info kafka.producer for Producer-topic-70c72baa_7b24_4c16_ae4f_8b44c4f24820 unregistered
**** Registry Base URL: http://registry-app-ksql047.apps.ci419.apicurio-testing.org:80
2025-08-07 12:28:25,680 INFO  [org.apa.kaf.cli.con.ConsumerConfig] (main) ConsumerConfig values: 
	allow.auto.create.topics = true
	auto.commit.interval.ms = 500
	auto.include.jmx.reporter = true
	auto.offset.reset = earliest
	bootstrap.servers = [PLAINTEXT://localhost:32769]
	check.crcs = true
	client.dns.lookup = use_all_dns_ips
	client.id = consumer-Consumer-topic-70c72baa_7b24_4c16_ae4f_8b44c4f24820-6
	client.rack = 
	connections.max.idle.ms = 10000
	default.api.timeout.ms = 60000
	enable.auto.commit = true
	enable.metrics.push = true
	exclude.internal.topics = true
	fetch.max.bytes = 52428800
	fetch.max.wait.ms = 500
	fetch.min.bytes = 1
	group.id = Consumer-topic-70c72baa_7b24_4c16_ae4f_8b44c4f24820
	group.instance.id = null
	group.protocol = classic
	group.remote.assignor = null
	heartbeat.interval.ms = 3000
	interceptor.classes = []
	internal.leave.group.on.close = true
	internal.throw.on.fetch.stable.offset.unsupported = false
	isolation.level = read_uncommitted
	key.deserializer = class org.apache.kafka.common.serialization.StringDeserializer
	max.partition.fetch.bytes = 1048576
	max.poll.interval.ms = 300000
	max.poll.records = 500
	metadata.max.age.ms = 300000
	metadata.recovery.strategy = none
	metric.reporters = []
	metrics.num.samples = 2
	metrics.recording.level = INFO
	metrics.sample.window.ms = 30000
	partition.assignment.strategy = [class org.apache.kafka.clients.consumer.RangeAssignor, class org.apache.kafka.clients.consumer.CooperativeStickyAssignor]
	receive.buffer.bytes = 65536
	reconnect.backoff.max.ms = 1000
	reconnect.backoff.ms = 50
	request.timeout.ms = 5000
	retry.backoff.max.ms = 1000
	retry.backoff.ms = 100
	sasl.client.callback.handler.class = null
	sasl.jaas.config = null
	sasl.kerberos.kinit.cmd = /usr/bin/kinit
	sasl.kerberos.min.time.before.relogin = 60000
	sasl.kerberos.service.name = null
	sasl.kerberos.ticket.renew.jitter = 0.05
	sasl.kerberos.ticket.renew.window.factor = 0.8
	sasl.login.callback.handler.class = null
	sasl.login.class = null
	sasl.login.connect.timeout.ms = null
	sasl.login.read.timeout.ms = null
	sasl.login.refresh.buffer.seconds = 300
	sasl.login.refresh.min.period.seconds = 60
	sasl.login.refresh.window.factor = 0.8
	sasl.login.refresh.window.jitter = 0.05
	sasl.login.retry.backoff.max.ms = 10000
	sasl.login.retry.backoff.ms = 100
	sasl.mechanism = GSSAPI
	sasl.oauthbearer.clock.skew.seconds = 30
	sasl.oauthbearer.expected.audience = null
	sasl.oauthbearer.expected.issuer = null
	sasl.oauthbearer.header.urlencode = false
	sasl.oauthbearer.jwks.endpoint.refresh.ms = 3600000
	sasl.oauthbearer.jwks.endpoint.retry.backoff.max.ms = 10000
	sasl.oauthbearer.jwks.endpoint.retry.backoff.ms = 100
	sasl.oauthbearer.jwks.endpoint.url = null
	sasl.oauthbearer.scope.claim.name = scope
	sasl.oauthbearer.sub.claim.name = sub
	sasl.oauthbearer.token.endpoint.url = null
	security.protocol = PLAINTEXT
	security.providers = null
	send.buffer.bytes = 131072
	session.timeout.ms = 45000
	socket.connection.setup.timeout.max.ms = 30000
	socket.connection.setup.timeout.ms = 10000
	ssl.cipher.suites = null
	ssl.enabled.protocols = [TLSv1.2, TLSv1.3]
	ssl.endpoint.identification.algorithm = https
	ssl.engine.factory.class = null
	ssl.key.password = null
	ssl.keymanager.algorithm = SunX509
	ssl.keystore.certificate.chain = null
	ssl.keystore.key = null
	ssl.keystore.location = null
	ssl.keystore.password = null
	ssl.keystore.type = JKS
	ssl.protocol = TLSv1.3
	ssl.provider = null
	ssl.secure.random.implementation = null
	ssl.trustmanager.algorithm = PKIX
	ssl.truststore.certificates = null
	ssl.truststore.location = null
	ssl.truststore.password = null
	ssl.truststore.type = JKS
	value.deserializer = class io.apicurio.registry.serde.avro.AvroKafkaDeserializer

2025-08-07 12:28:25,680 INFO  [org.apa.kaf.com.tel.int.KafkaMetricsCollector] (main) initializing Kafka metrics collector
2025-08-07 12:28:25,685 INFO  [org.apa.kaf.cli.con.ConsumerConfig] (main) These configurations '[apicurio.registry.url, apicurio.registry.avro-datum-provider]' were supplied but are not used yet.
2025-08-07 12:28:25,685 INFO  [org.apa.kaf.com.uti.AppInfoParser] (main) Kafka version: 3.9.1
2025-08-07 12:28:25,685 INFO  [org.apa.kaf.com.uti.AppInfoParser] (main) Kafka commitId: f745dfdcee2b9851
2025-08-07 12:28:25,685 INFO  [org.apa.kaf.com.uti.AppInfoParser] (main) Kafka startTimeMs: 1754569705685
2025-08-07 12:28:25,686 INFO  [org.apa.kaf.cli.con.int.ClassicKafkaConsumer] (Thread-636) [Consumer clientId=consumer-Consumer-topic-70c72baa_7b24_4c16_ae4f_8b44c4f24820-6, groupId=Consumer-topic-70c72baa_7b24_4c16_ae4f_8b44c4f24820] Subscribed to topic(s): topic-70c72baa_7b24_4c16_ae4f_8b44c4f24820
2025-08-07 12:28:25,692 INFO  [org.apa.kaf.cli.Metadata] (Thread-636) [Consumer clientId=consumer-Consumer-topic-70c72baa_7b24_4c16_ae4f_8b44c4f24820-6, groupId=Consumer-topic-70c72baa_7b24_4c16_ae4f_8b44c4f24820] Cluster ID: Iafv2PskRxGTuYEST4AQwQ
2025-08-07 12:28:25,693 INFO  [org.apa.kaf.cli.con.int.ConsumerCoordinator] (Thread-636) [Consumer clientId=consumer-Consumer-topic-70c72baa_7b24_4c16_ae4f_8b44c4f24820-6, groupId=Consumer-topic-70c72baa_7b24_4c16_ae4f_8b44c4f24820] Discovered group coordinator localhost:32769 (id: 2147483647 rack: null)
2025-08-07 12:28:25,695 INFO  [org.apa.kaf.cli.con.int.ConsumerCoordinator] (Thread-636) [Consumer clientId=consumer-Consumer-topic-70c72baa_7b24_4c16_ae4f_8b44c4f24820-6, groupId=Consumer-topic-70c72baa_7b24_4c16_ae4f_8b44c4f24820] (Re-)joining group
2025-08-07 12:28:25,698 INFO  [org.apa.kaf.cli.con.int.ConsumerCoordinator] (Thread-636) [Consumer clientId=consumer-Consumer-topic-70c72baa_7b24_4c16_ae4f_8b44c4f24820-6, groupId=Consumer-topic-70c72baa_7b24_4c16_ae4f_8b44c4f24820] Request joining group due to: need to re-join with the given member-id: consumer-Consumer-topic-70c72baa_7b24_4c16_ae4f_8b44c4f24820-6-ef7a73d3-a687-42f3-b139-c82a5713e340
2025-08-07 12:28:25,698 INFO  [org.apa.kaf.cli.con.int.ConsumerCoordinator] (Thread-636) [Consumer clientId=consumer-Consumer-topic-70c72baa_7b24_4c16_ae4f_8b44c4f24820-6, groupId=Consumer-topic-70c72baa_7b24_4c16_ae4f_8b44c4f24820] (Re-)joining group
2025-08-07 12:28:26,686 INFO  [io.api.tes.ser.api.KafkaSerdesTester] (Thread-636) None found
2025-08-07 12:28:27,686 INFO  [io.api.tes.ser.api.KafkaSerdesTester] (Thread-636) None found
2025-08-07 12:28:28,686 INFO  [io.api.tes.ser.api.KafkaSerdesTester] (Thread-636) None found
2025-08-07 12:28:28,700 INFO  [org.apa.kaf.cli.con.int.ConsumerCoordinator] (Thread-636) [Consumer clientId=consumer-Consumer-topic-70c72baa_7b24_4c16_ae4f_8b44c4f24820-6, groupId=Consumer-topic-70c72baa_7b24_4c16_ae4f_8b44c4f24820] Successfully joined group with generation Generation{generationId=1, memberId='consumer-Consumer-topic-70c72baa_7b24_4c16_ae4f_8b44c4f24820-6-ef7a73d3-a687-42f3-b139-c82a5713e340', protocol='range'}
2025-08-07 12:28:28,700 INFO  [org.apa.kaf.cli.con.int.ConsumerCoordinator] (Thread-636) [Consumer clientId=consumer-Consumer-topic-70c72baa_7b24_4c16_ae4f_8b44c4f24820-6, groupId=Consumer-topic-70c72baa_7b24_4c16_ae4f_8b44c4f24820] Finished assignment for group at generation 1: {consumer-Consumer-topic-70c72baa_7b24_4c16_ae4f_8b44c4f24820-6-ef7a73d3-a687-42f3-b139-c82a5713e340=Assignment(partitions=[topic-70c72baa_7b24_4c16_ae4f_8b44c4f24820-0])}
2025-08-07 12:28:28,707 INFO  [org.apa.kaf.cli.con.int.ConsumerCoordinator] (Thread-636) [Consumer clientId=consumer-Consumer-topic-70c72baa_7b24_4c16_ae4f_8b44c4f24820-6, groupId=Consumer-topic-70c72baa_7b24_4c16_ae4f_8b44c4f24820] Successfully synced group in generation Generation{generationId=1, memberId='consumer-Consumer-topic-70c72baa_7b24_4c16_ae4f_8b44c4f24820-6-ef7a73d3-a687-42f3-b139-c82a5713e340', protocol='range'}
2025-08-07 12:28:28,708 INFO  [org.apa.kaf.cli.con.int.ConsumerCoordinator] (Thread-636) [Consumer clientId=consumer-Consumer-topic-70c72baa_7b24_4c16_ae4f_8b44c4f24820-6, groupId=Consumer-topic-70c72baa_7b24_4c16_ae4f_8b44c4f24820] Notifying assignor about the new Assignment(partitions=[topic-70c72baa_7b24_4c16_ae4f_8b44c4f24820-0])
2025-08-07 12:28:28,708 INFO  [org.apa.kaf.cli.con.int.ConsumerRebalanceListenerInvoker] (Thread-636) [Consumer clientId=consumer-Consumer-topic-70c72baa_7b24_4c16_ae4f_8b44c4f24820-6, groupId=Consumer-topic-70c72baa_7b24_4c16_ae4f_8b44c4f24820] Adding newly assigned partitions: topic-70c72baa_7b24_4c16_ae4f_8b44c4f24820-0
2025-08-07 12:28:28,709 INFO  [org.apa.kaf.cli.con.int.ConsumerCoordinator] (Thread-636) [Consumer clientId=consumer-Consumer-topic-70c72baa_7b24_4c16_ae4f_8b44c4f24820-6, groupId=Consumer-topic-70c72baa_7b24_4c16_ae4f_8b44c4f24820] Found no committed offset for partition topic-70c72baa_7b24_4c16_ae4f_8b44c4f24820-0
2025-08-07 12:28:28,713 INFO  [org.apa.kaf.cli.con.int.SubscriptionState] (Thread-636) [Consumer clientId=consumer-Consumer-topic-70c72baa_7b24_4c16_ae4f_8b44c4f24820-6, groupId=Consumer-topic-70c72baa_7b24_4c16_ae4f_8b44c4f24820] Resetting offset for partition topic-70c72baa_7b24_4c16_ae4f_8b44c4f24820-0 to position FetchPosition{offset=0, offsetEpoch=Optional.empty, currentLeader=LeaderAndEpoch{leader=Optional[localhost:32769 (id: 0 rack: null)], epoch=0}}.
2025-08-07 12:28:28,918 INFO  [io.api.tes.ser.api.KafkaSerdesTester] (Thread-636) topic-70c72baa_7b24_4c16_ae4f_8b44c4f24820 0 0 io.apicurio.tests.common.serdes.TestObject@3dbd29cb
2025-08-07 12:28:28,918 INFO  [io.api.tes.ser.api.KafkaSerdesTester] (Thread-636) topic-70c72baa_7b24_4c16_ae4f_8b44c4f24820 0 1 io.apicurio.tests.common.serdes.TestObject@3dbd29cb
2025-08-07 12:28:28,918 INFO  [io.api.tes.ser.api.KafkaSerdesTester] (Thread-636) topic-70c72baa_7b24_4c16_ae4f_8b44c4f24820 0 2 io.apicurio.tests.common.serdes.TestObject@3dbd29cb
2025-08-07 12:28:28,918 INFO  [io.api.tes.ser.api.KafkaSerdesTester] (Thread-636) topic-70c72baa_7b24_4c16_ae4f_8b44c4f24820 0 3 io.apicurio.tests.common.serdes.TestObject@3dbd29cb
2025-08-07 12:28:28,918 INFO  [io.api.tes.ser.api.KafkaSerdesTester] (Thread-636) topic-70c72baa_7b24_4c16_ae4f_8b44c4f24820 0 4 io.apicurio.tests.common.serdes.TestObject@3dbd29cb
2025-08-07 12:28:28,918 INFO  [io.api.tes.ser.api.KafkaSerdesTester] (Thread-636) topic-70c72baa_7b24_4c16_ae4f_8b44c4f24820 0 5 io.apicurio.tests.common.serdes.TestObject@3dbd29cb
2025-08-07 12:28:28,918 INFO  [io.api.tes.ser.api.KafkaSerdesTester] (Thread-636) topic-70c72baa_7b24_4c16_ae4f_8b44c4f24820 0 6 io.apicurio.tests.common.serdes.TestObject@3dbd29cb
2025-08-07 12:28:28,918 INFO  [io.api.tes.ser.api.KafkaSerdesTester] (Thread-636) topic-70c72baa_7b24_4c16_ae4f_8b44c4f24820 0 7 io.apicurio.tests.common.serdes.TestObject@3dbd29cb
2025-08-07 12:28:28,918 INFO  [io.api.tes.ser.api.KafkaSerdesTester] (Thread-636) topic-70c72baa_7b24_4c16_ae4f_8b44c4f24820 0 8 io.apicurio.tests.common.serdes.TestObject@3dbd29cb
2025-08-07 12:28:28,918 INFO  [io.api.tes.ser.api.KafkaSerdesTester] (Thread-636) topic-70c72baa_7b24_4c16_ae4f_8b44c4f24820 0 9 io.apicurio.tests.common.serdes.TestObject@3dbd29cb
2025-08-07 12:28:28,918 INFO  [io.api.tes.ser.api.KafkaSerdesTester] (Thread-636) Consumed 10 messages
2025-08-07 12:28:28,926 INFO  [org.apa.kaf.cli.con.int.ConsumerRebalanceListenerInvoker] (Thread-636) [Consumer clientId=consumer-Consumer-topic-70c72baa_7b24_4c16_ae4f_8b44c4f24820-6, groupId=Consumer-topic-70c72baa_7b24_4c16_ae4f_8b44c4f24820] Revoke previously assigned partitions topic-70c72baa_7b24_4c16_ae4f_8b44c4f24820-0
2025-08-07 12:28:28,926 INFO  [org.apa.kaf.cli.con.int.ConsumerCoordinator] (Thread-636) [Consumer clientId=consumer-Consumer-topic-70c72baa_7b24_4c16_ae4f_8b44c4f24820-6, groupId=Consumer-topic-70c72baa_7b24_4c16_ae4f_8b44c4f24820] Member consumer-Consumer-topic-70c72baa_7b24_4c16_ae4f_8b44c4f24820-6-ef7a73d3-a687-42f3-b139-c82a5713e340 sending LeaveGroup request to coordinator localhost:32769 (id: 2147483647 rack: null) due to the consumer is being closed
2025-08-07 12:28:28,927 INFO  [org.apa.kaf.cli.con.int.ConsumerCoordinator] (Thread-636) [Consumer clientId=consumer-Consumer-topic-70c72baa_7b24_4c16_ae4f_8b44c4f24820-6, groupId=Consumer-topic-70c72baa_7b24_4c16_ae4f_8b44c4f24820] Resetting generation and member id due to: consumer pro-actively leaving the group
2025-08-07 12:28:28,927 INFO  [org.apa.kaf.cli.con.int.ConsumerCoordinator] (Thread-636) [Consumer clientId=consumer-Consumer-topic-70c72baa_7b24_4c16_ae4f_8b44c4f24820-6, groupId=Consumer-topic-70c72baa_7b24_4c16_ae4f_8b44c4f24820] Request joining group due to: consumer pro-actively leaving the group
2025-08-07 12:28:29,422 INFO  [org.apa.kaf.com.met.Metrics] (Thread-636) Metrics scheduler closed
2025-08-07 12:28:29,422 INFO  [org.apa.kaf.com.met.Metrics] (Thread-636) Closing reporter org.apache.kafka.common.metrics.JmxReporter
2025-08-07 12:28:29,422 INFO  [org.apa.kaf.com.met.Metrics] (Thread-636) Closing reporter org.apache.kafka.common.telemetry.internals.ClientTelemetryReporter
2025-08-07 12:28:29,422 INFO  [org.apa.kaf.com.met.Metrics] (Thread-636) Metrics reporters closed
2025-08-07 12:28:29,425 INFO  [org.apa.kaf.com.uti.AppInfoParser] (Thread-636) App info kafka.consumer for consumer-Consumer-topic-70c72baa_7b24_4c16_ae4f_8b44c4f24820-6 unregistered
2025-08-07 12:28:29,426 INFO  [io.api.tes.uti.TestSeparator] (main) io.apicurio.tests.serdes.apicurio.AvroSerdeIT.testReflectAutoRegister-FINISHED
2025-08-07 12:28:29,426 INFO  [io.api.tes.uti.TestSeparator] (main) ############################################################################
Test passed: testReflectAutoRegister
]]></system-out>
  </testcase>
  <testcase name="testArtifactNotFound" classname="io.apicurio.tests.serdes.apicurio.AvroSerdeIT" time="0.373">
    <system-out><![CDATA[2025-08-07 12:28:29,428 INFO  [io.api.tes.uti.TestSeparator] (main) ############################################################################
2025-08-07 12:28:29,428 INFO  [io.api.tes.uti.TestSeparator] (main) io.apicurio.tests.serdes.apicurio.AvroSerdeIT.testArtifactNotFound-STARTED
**** Registry Base URL: http://registry-app-ksql047.apps.ci419.apicurio-testing.org:80
2025-08-07 12:28:29,432 INFO  [org.apa.kaf.cli.pro.ProducerConfig] (main) ProducerConfig values: 
	acks = -1
	auto.include.jmx.reporter = true
	batch.size = 16384
	bootstrap.servers = [PLAINTEXT://localhost:32769]
	buffer.memory = 33554432
	client.dns.lookup = use_all_dns_ips
	client.id = Producer-sb22c864dx04fcx459ax9192xb5e2a8d1d734
	compression.gzip.level = -1
	compression.lz4.level = 9
	compression.type = none
	compression.zstd.level = 3
	connections.max.idle.ms = 10000
	delivery.timeout.ms = 120000
	enable.idempotence = true
	enable.metrics.push = true
	interceptor.classes = []
	key.serializer = class org.apache.kafka.common.serialization.StringSerializer
	linger.ms = 0
	max.block.ms = 60000
	max.in.flight.requests.per.connection = 5
	max.request.size = 1048576
	metadata.max.age.ms = 300000
	metadata.max.idle.ms = 300000
	metadata.recovery.strategy = none
	metric.reporters = []
	metrics.num.samples = 2
	metrics.recording.level = INFO
	metrics.sample.window.ms = 30000
	partitioner.adaptive.partitioning.enable = true
	partitioner.availability.timeout.ms = 0
	partitioner.class = null
	partitioner.ignore.keys = false
	receive.buffer.bytes = 32768
	reconnect.backoff.max.ms = 1000
	reconnect.backoff.ms = 50
	request.timeout.ms = 5000
	retries = 2147483647
	retry.backoff.max.ms = 1000
	retry.backoff.ms = 100
	sasl.client.callback.handler.class = null
	sasl.jaas.config = null
	sasl.kerberos.kinit.cmd = /usr/bin/kinit
	sasl.kerberos.min.time.before.relogin = 60000
	sasl.kerberos.service.name = null
	sasl.kerberos.ticket.renew.jitter = 0.05
	sasl.kerberos.ticket.renew.window.factor = 0.8
	sasl.login.callback.handler.class = null
	sasl.login.class = null
	sasl.login.connect.timeout.ms = null
	sasl.login.read.timeout.ms = null
	sasl.login.refresh.buffer.seconds = 300
	sasl.login.refresh.min.period.seconds = 60
	sasl.login.refresh.window.factor = 0.8
	sasl.login.refresh.window.jitter = 0.05
	sasl.login.retry.backoff.max.ms = 10000
	sasl.login.retry.backoff.ms = 100
	sasl.mechanism = GSSAPI
	sasl.oauthbearer.clock.skew.seconds = 30
	sasl.oauthbearer.expected.audience = null
	sasl.oauthbearer.expected.issuer = null
	sasl.oauthbearer.header.urlencode = false
	sasl.oauthbearer.jwks.endpoint.refresh.ms = 3600000
	sasl.oauthbearer.jwks.endpoint.retry.backoff.max.ms = 10000
	sasl.oauthbearer.jwks.endpoint.retry.backoff.ms = 100
	sasl.oauthbearer.jwks.endpoint.url = null
	sasl.oauthbearer.scope.claim.name = scope
	sasl.oauthbearer.sub.claim.name = sub
	sasl.oauthbearer.token.endpoint.url = null
	security.protocol = PLAINTEXT
	security.providers = null
	send.buffer.bytes = 131072
	socket.connection.setup.timeout.max.ms = 30000
	socket.connection.setup.timeout.ms = 10000
	ssl.cipher.suites = null
	ssl.enabled.protocols = [TLSv1.2, TLSv1.3]
	ssl.endpoint.identification.algorithm = https
	ssl.engine.factory.class = null
	ssl.key.password = null
	ssl.keymanager.algorithm = SunX509
	ssl.keystore.certificate.chain = null
	ssl.keystore.key = null
	ssl.keystore.location = null
	ssl.keystore.password = null
	ssl.keystore.type = JKS
	ssl.protocol = TLSv1.3
	ssl.provider = null
	ssl.secure.random.implementation = null
	ssl.trustmanager.algorithm = PKIX
	ssl.truststore.certificates = null
	ssl.truststore.location = null
	ssl.truststore.password = null
	ssl.truststore.type = JKS
	transaction.timeout.ms = 60000
	transactional.id = null
	value.serializer = class io.apicurio.registry.serde.avro.AvroKafkaSerializer

2025-08-07 12:28:29,432 INFO  [org.apa.kaf.com.tel.int.KafkaMetricsCollector] (main) initializing Kafka metrics collector
2025-08-07 12:28:29,440 INFO  [org.apa.kaf.cli.pro.KafkaProducer] (main) [Producer clientId=Producer-sb22c864dx04fcx459ax9192xb5e2a8d1d734] Instantiated an idempotent producer.
2025-08-07 12:28:29,444 INFO  [org.apa.kaf.cli.pro.ProducerConfig] (main) These configurations '[apicurio.registry.url, apicurio.registry.artifact-resolver-strategy]' were supplied but are not used yet.
2025-08-07 12:28:29,445 INFO  [org.apa.kaf.com.uti.AppInfoParser] (main) Kafka version: 3.9.1
2025-08-07 12:28:29,445 INFO  [org.apa.kaf.com.uti.AppInfoParser] (main) Kafka commitId: f745dfdcee2b9851
2025-08-07 12:28:29,445 INFO  [org.apa.kaf.com.uti.AppInfoParser] (main) Kafka startTimeMs: 1754569709445
2025-08-07 12:28:29,447 INFO  [io.api.tes.ser.api.KafkaSerdesTester] (Thread-639) Sending message {"keyB": "value-0"} to topic sb22c864dx04fcx459ax9192xb5e2a8d1d734
2025-08-07 12:28:29,450 WARN  [org.apa.kaf.cli.NetworkClient] (kafka-producer-network-thread | Producer-sb22c864dx04fcx459ax9192xb5e2a8d1d734) [Producer clientId=Producer-sb22c864dx04fcx459ax9192xb5e2a8d1d734] The metadata response from the cluster reported a recoverable issue with correlation id 1 : {sb22c864dx04fcx459ax9192xb5e2a8d1d734=UNKNOWN_TOPIC_OR_PARTITION}
2025-08-07 12:28:29,450 INFO  [org.apa.kaf.cli.Metadata] (kafka-producer-network-thread | Producer-sb22c864dx04fcx459ax9192xb5e2a8d1d734) [Producer clientId=Producer-sb22c864dx04fcx459ax9192xb5e2a8d1d734] Cluster ID: Iafv2PskRxGTuYEST4AQwQ
2025-08-07 12:28:29,450 INFO  [org.apa.kaf.cli.pro.int.TransactionManager] (kafka-producer-network-thread | Producer-sb22c864dx04fcx459ax9192xb5e2a8d1d734) [Producer clientId=Producer-sb22c864dx04fcx459ax9192xb5e2a8d1d734] ProducerId set to 7 with epoch 0
2025-08-07 12:28:29,572 INFO  [DefaultSchemaResolver] (Thread-639) Retrieving schema content using string: {"type":"record","name":"myrecord","namespace":"mygroup","fields":[{"name":"keyB","type":"string"}]}
2025-08-07 12:28:29,794 INFO  [org.apa.kaf.cli.pro.KafkaProducer] (Thread-639) [Producer clientId=Producer-sb22c864dx04fcx459ax9192xb5e2a8d1d734] Closing the Kafka producer with timeoutMillis = 9223372036854775807 ms.
2025-08-07 12:28:29,798 INFO  [org.apa.kaf.com.met.Metrics] (Thread-639) Metrics scheduler closed
2025-08-07 12:28:29,798 INFO  [org.apa.kaf.com.met.Metrics] (Thread-639) Closing reporter org.apache.kafka.common.metrics.JmxReporter
2025-08-07 12:28:29,798 INFO  [org.apa.kaf.com.met.Metrics] (Thread-639) Closing reporter org.apache.kafka.common.telemetry.internals.ClientTelemetryReporter
2025-08-07 12:28:29,798 INFO  [org.apa.kaf.com.met.Metrics] (Thread-639) Metrics reporters closed
2025-08-07 12:28:29,798 INFO  [org.apa.kaf.com.uti.AppInfoParser] (Thread-639) App info kafka.producer for Producer-sb22c864dx04fcx459ax9192xb5e2a8d1d734 unregistered
2025-08-07 12:28:29,799 INFO  [io.api.tes.uti.TestSeparator] (main) io.apicurio.tests.serdes.apicurio.AvroSerdeIT.testArtifactNotFound-FINISHED
2025-08-07 12:28:29,799 INFO  [io.api.tes.uti.TestSeparator] (main) ############################################################################
Test passed: testArtifactNotFound
]]></system-out>
    <system-err><![CDATA[java.lang.RuntimeException: Could not resolve artifact reference by content: {"type":"record","name":"myrecord","namespace":"mygroup","fields":[{"name":"keyB","type":"string"}]}&ArtifactReference [groupId=default, artifactId=sb22c864dx04fcx459ax9192xb5e2a8d1d734-value, version=null, globalId=null, contentId=null, contentHash=null]
	at io.apicurio.registry.resolver.DefaultSchemaResolver.lambda$handleResolveSchemaByContent$3(DefaultSchemaResolver.java:265)
	at io.apicurio.registry.resolver.cache.ERCache.lambda$getValue$0(ERCache.java:174)
	at io.apicurio.registry.resolver.cache.ERCache.retry(ERCache.java:227)
	at io.apicurio.registry.resolver.cache.ERCache.getValue(ERCache.java:173)
	at io.apicurio.registry.resolver.cache.ERCache.getByContent(ERCache.java:147)
	at io.apicurio.registry.resolver.DefaultSchemaResolver.handleResolveSchemaByContent(DefaultSchemaResolver.java:253)
	at io.apicurio.registry.resolver.DefaultSchemaResolver.getSchemaFromRegistry(DefaultSchemaResolver.java:138)
	at io.apicurio.registry.resolver.DefaultSchemaResolver.lambda$resolveSchema$0(DefaultSchemaResolver.java:84)
	at java.base/java.util.Optional.orElseGet(Optional.java:364)
	at io.apicurio.registry.resolver.DefaultSchemaResolver.resolveSchema(DefaultSchemaResolver.java:84)
	at io.apicurio.registry.serde.AbstractSerializer.serializeData(AbstractSerializer.java:62)
	at io.apicurio.registry.serde.KafkaSerializer.serialize(KafkaSerializer.java:77)
	at org.apache.kafka.clients.producer.KafkaProducer.doSend(KafkaProducer.java:1046)
	at org.apache.kafka.clients.producer.KafkaProducer.send(KafkaProducer.java:993)
	at org.apache.kafka.clients.producer.KafkaProducer.send(KafkaProducer.java:875)
	at io.apicurio.tests.serdes.apicurio.KafkaSerdesTester.lambda$produceMessages$3(KafkaSerdesTester.java:138)
	at java.base/java.util.concurrent.CompletableFuture$AsyncSupply.run(CompletableFuture.java:1768)
	at java.base/java.lang.Thread.run(Thread.java:840)
]]></system-err>
  </testcase>
  <testcase name="testAvroSerDesFailDifferentSchemaByRecordName" classname="io.apicurio.tests.serdes.apicurio.AvroSerdeIT" time="1.339">
    <system-out><![CDATA[2025-08-07 12:28:29,802 INFO  [io.api.tes.uti.TestSeparator] (main) ############################################################################
2025-08-07 12:28:29,802 INFO  [io.api.tes.uti.TestSeparator] (main) io.apicurio.tests.serdes.apicurio.AvroSerdeIT.testAvroSerDesFailDifferentSchemaByRecordName-STARTED
**** Registry Base URL: http://registry-app-ksql047.apps.ci419.apicurio-testing.org:80
2025-08-07 12:28:30,981 INFO  [org.apa.kaf.cli.pro.ProducerConfig] (main) ProducerConfig values: 
	acks = -1
	auto.include.jmx.reporter = true
	batch.size = 16384
	bootstrap.servers = [PLAINTEXT://localhost:32769]
	buffer.memory = 33554432
	client.dns.lookup = use_all_dns_ips
	client.id = Producer-topic-93ce67fa_d709_42e2_9adf_711a3c343a03
	compression.gzip.level = -1
	compression.lz4.level = 9
	compression.type = none
	compression.zstd.level = 3
	connections.max.idle.ms = 10000
	delivery.timeout.ms = 120000
	enable.idempotence = true
	enable.metrics.push = true
	interceptor.classes = []
	key.serializer = class org.apache.kafka.common.serialization.StringSerializer
	linger.ms = 0
	max.block.ms = 60000
	max.in.flight.requests.per.connection = 5
	max.request.size = 1048576
	metadata.max.age.ms = 300000
	metadata.max.idle.ms = 300000
	metadata.recovery.strategy = none
	metric.reporters = []
	metrics.num.samples = 2
	metrics.recording.level = INFO
	metrics.sample.window.ms = 30000
	partitioner.adaptive.partitioning.enable = true
	partitioner.availability.timeout.ms = 0
	partitioner.class = null
	partitioner.ignore.keys = false
	receive.buffer.bytes = 32768
	reconnect.backoff.max.ms = 1000
	reconnect.backoff.ms = 50
	request.timeout.ms = 5000
	retries = 2147483647
	retry.backoff.max.ms = 1000
	retry.backoff.ms = 100
	sasl.client.callback.handler.class = null
	sasl.jaas.config = null
	sasl.kerberos.kinit.cmd = /usr/bin/kinit
	sasl.kerberos.min.time.before.relogin = 60000
	sasl.kerberos.service.name = null
	sasl.kerberos.ticket.renew.jitter = 0.05
	sasl.kerberos.ticket.renew.window.factor = 0.8
	sasl.login.callback.handler.class = null
	sasl.login.class = null
	sasl.login.connect.timeout.ms = null
	sasl.login.read.timeout.ms = null
	sasl.login.refresh.buffer.seconds = 300
	sasl.login.refresh.min.period.seconds = 60
	sasl.login.refresh.window.factor = 0.8
	sasl.login.refresh.window.jitter = 0.05
	sasl.login.retry.backoff.max.ms = 10000
	sasl.login.retry.backoff.ms = 100
	sasl.mechanism = GSSAPI
	sasl.oauthbearer.clock.skew.seconds = 30
	sasl.oauthbearer.expected.audience = null
	sasl.oauthbearer.expected.issuer = null
	sasl.oauthbearer.header.urlencode = false
	sasl.oauthbearer.jwks.endpoint.refresh.ms = 3600000
	sasl.oauthbearer.jwks.endpoint.retry.backoff.max.ms = 10000
	sasl.oauthbearer.jwks.endpoint.retry.backoff.ms = 100
	sasl.oauthbearer.jwks.endpoint.url = null
	sasl.oauthbearer.scope.claim.name = scope
	sasl.oauthbearer.sub.claim.name = sub
	sasl.oauthbearer.token.endpoint.url = null
	security.protocol = PLAINTEXT
	security.providers = null
	send.buffer.bytes = 131072
	socket.connection.setup.timeout.max.ms = 30000
	socket.connection.setup.timeout.ms = 10000
	ssl.cipher.suites = null
	ssl.enabled.protocols = [TLSv1.2, TLSv1.3]
	ssl.endpoint.identification.algorithm = https
	ssl.engine.factory.class = null
	ssl.key.password = null
	ssl.keymanager.algorithm = SunX509
	ssl.keystore.certificate.chain = null
	ssl.keystore.key = null
	ssl.keystore.location = null
	ssl.keystore.password = null
	ssl.keystore.type = JKS
	ssl.protocol = TLSv1.3
	ssl.provider = null
	ssl.secure.random.implementation = null
	ssl.trustmanager.algorithm = PKIX
	ssl.truststore.certificates = null
	ssl.truststore.location = null
	ssl.truststore.password = null
	ssl.truststore.type = JKS
	transaction.timeout.ms = 60000
	transactional.id = null
	value.serializer = class io.apicurio.registry.serde.avro.AvroKafkaSerializer

2025-08-07 12:28:30,981 INFO  [org.apa.kaf.com.tel.int.KafkaMetricsCollector] (main) initializing Kafka metrics collector
2025-08-07 12:28:30,987 INFO  [org.apa.kaf.cli.pro.KafkaProducer] (main) [Producer clientId=Producer-topic-93ce67fa_d709_42e2_9adf_711a3c343a03] Instantiated an idempotent producer.
2025-08-07 12:28:30,990 INFO  [org.apa.kaf.cli.pro.ProducerConfig] (main) These configurations '[apicurio.registry.find-latest, apicurio.registry.url, apicurio.registry.artifact-resolver-strategy]' were supplied but are not used yet.
2025-08-07 12:28:30,990 INFO  [org.apa.kaf.com.uti.AppInfoParser] (main) Kafka version: 3.9.1
2025-08-07 12:28:30,990 INFO  [org.apa.kaf.com.uti.AppInfoParser] (main) Kafka commitId: f745dfdcee2b9851
2025-08-07 12:28:30,990 INFO  [org.apa.kaf.com.uti.AppInfoParser] (main) Kafka startTimeMs: 1754569710990
2025-08-07 12:28:30,992 INFO  [io.api.tes.ser.api.KafkaSerdesTester] (Thread-642) Sending message {"keyB": "value-0"} to topic topic-93ce67fa_d709_42e2_9adf_711a3c343a03
2025-08-07 12:28:30,996 INFO  [org.apa.kaf.cli.Metadata] (kafka-producer-network-thread | Producer-topic-93ce67fa_d709_42e2_9adf_711a3c343a03) [Producer clientId=Producer-topic-93ce67fa_d709_42e2_9adf_711a3c343a03] Cluster ID: Iafv2PskRxGTuYEST4AQwQ
2025-08-07 12:28:30,997 INFO  [org.apa.kaf.cli.pro.int.TransactionManager] (kafka-producer-network-thread | Producer-topic-93ce67fa_d709_42e2_9adf_711a3c343a03) [Producer clientId=Producer-topic-93ce67fa_d709_42e2_9adf_711a3c343a03] ProducerId set to 8 with epoch 0
2025-08-07 12:28:31,136 INFO  [org.apa.kaf.cli.pro.KafkaProducer] (Thread-642) [Producer clientId=Producer-topic-93ce67fa_d709_42e2_9adf_711a3c343a03] Closing the Kafka producer with timeoutMillis = 9223372036854775807 ms.
2025-08-07 12:28:31,138 INFO  [org.apa.kaf.com.met.Metrics] (Thread-642) Metrics scheduler closed
2025-08-07 12:28:31,138 INFO  [org.apa.kaf.com.met.Metrics] (Thread-642) Closing reporter org.apache.kafka.common.metrics.JmxReporter
2025-08-07 12:28:31,138 INFO  [org.apa.kaf.com.met.Metrics] (Thread-642) Closing reporter org.apache.kafka.common.telemetry.internals.ClientTelemetryReporter
2025-08-07 12:28:31,138 INFO  [org.apa.kaf.com.met.Metrics] (Thread-642) Metrics reporters closed
2025-08-07 12:28:31,138 INFO  [org.apa.kaf.com.uti.AppInfoParser] (Thread-642) App info kafka.producer for Producer-topic-93ce67fa_d709_42e2_9adf_711a3c343a03 unregistered
2025-08-07 12:28:31,139 INFO  [io.api.tes.uti.TestSeparator] (main) io.apicurio.tests.serdes.apicurio.AvroSerdeIT.testAvroSerDesFailDifferentSchemaByRecordName-FINISHED
2025-08-07 12:28:31,139 INFO  [io.api.tes.uti.TestSeparator] (main) ############################################################################
Test passed: testAvroSerDesFailDifferentSchemaByRecordName
]]></system-out>
    <system-err><![CDATA[io.apicurio.registry.rest.client.models.ProblemDetails
	at io.apicurio.registry.rest.client.models.ProblemDetails.createFromDiscriminatorValue(ProblemDetails.java:58)
	at io.kiota.serialization.json.JsonParseNode.getObjectValue(JsonParseNode.java:247)
	at io.kiota.http.vertx.VertXRequestAdapter.lambda$throwIfFailedResponse$0(VertXRequestAdapter.java:400)
	at com.microsoft.kiota.ApiExceptionBuilder.<init>(ApiExceptionBuilder.java:26)
	at io.kiota.http.vertx.VertXRequestAdapter.throwIfFailedResponse(VertXRequestAdapter.java:399)
	at io.kiota.http.vertx.VertXRequestAdapter.send(VertXRequestAdapter.java:170)
	at io.apicurio.registry.rest.client.groups.item.artifacts.item.versions.item.WithVersionExpressionItemRequestBuilder.get(WithVersionExpressionItemRequestBuilder.java:128)
	at io.apicurio.registry.rest.client.groups.item.artifacts.item.versions.item.WithVersionExpressionItemRequestBuilder.get(WithVersionExpressionItemRequestBuilder.java:111)
	at io.apicurio.registry.resolver.client.RegistryClientFacadeImpl.getVersionCoordinatesByGAV(RegistryClientFacadeImpl.java:159)
	at io.apicurio.registry.resolver.DefaultSchemaResolver.resolveByCoordinates(DefaultSchemaResolver.java:352)
	at io.apicurio.registry.resolver.DefaultSchemaResolver.lambda$resolveSchemaByArtifactReferenceCached$6(DefaultSchemaResolver.java:340)
	at io.apicurio.registry.resolver.cache.ERCache.lambda$getValue$0(ERCache.java:174)
	at io.apicurio.registry.resolver.cache.ERCache.retry(ERCache.java:227)
	at io.apicurio.registry.resolver.cache.ERCache.getValue(ERCache.java:173)
	at io.apicurio.registry.resolver.cache.ERCache.getByArtifactCoordinates(ERCache.java:158)
	at io.apicurio.registry.resolver.DefaultSchemaResolver.resolveSchemaByArtifactReferenceCached(DefaultSchemaResolver.java:338)
	at io.apicurio.registry.resolver.DefaultSchemaResolver.resolveSchemaByCoordinates(DefaultSchemaResolver.java:193)
	at io.apicurio.registry.resolver.DefaultSchemaResolver.getSchemaFromRegistry(DefaultSchemaResolver.java:130)
	at io.apicurio.registry.resolver.DefaultSchemaResolver.lambda$resolveSchema$0(DefaultSchemaResolver.java:84)
	at java.base/java.util.Optional.orElseGet(Optional.java:364)
	at io.apicurio.registry.resolver.DefaultSchemaResolver.resolveSchema(DefaultSchemaResolver.java:84)
	at io.apicurio.registry.serde.AbstractSerializer.serializeData(AbstractSerializer.java:62)
	at io.apicurio.registry.serde.KafkaSerializer.serialize(KafkaSerializer.java:77)
	at org.apache.kafka.clients.producer.KafkaProducer.doSend(KafkaProducer.java:1046)
	at org.apache.kafka.clients.producer.KafkaProducer.send(KafkaProducer.java:993)
	at org.apache.kafka.clients.producer.KafkaProducer.send(KafkaProducer.java:875)
	at io.apicurio.tests.serdes.apicurio.KafkaSerdesTester.lambda$produceMessages$3(KafkaSerdesTester.java:138)
	at java.base/java.util.concurrent.CompletableFuture$AsyncSupply.run(CompletableFuture.java:1768)
	at java.base/java.lang.Thread.run(Thread.java:840)
]]></system-err>
  </testcase>
  <testcase name="testTopicIdStrategyFindLatest" classname="io.apicurio.tests.serdes.apicurio.AvroSerdeIT" time="5.334">
    <system-out><![CDATA[2025-08-07 12:28:31,142 INFO  [io.api.tes.uti.TestSeparator] (main) ############################################################################
2025-08-07 12:28:31,142 INFO  [io.api.tes.uti.TestSeparator] (main) io.apicurio.tests.serdes.apicurio.AvroSerdeIT.testTopicIdStrategyFindLatest-STARTED
2025-08-07 12:28:31,143 INFO  [io.api.tes.ser.api.AvroSerdeIT] (main) Registering Avro Schema: {"type":"record","name":"myrecordapicurio1","fields":[{"name":"key11754569711142","type":"string"}]}
**** Registry Base URL: http://registry-app-ksql047.apps.ci419.apicurio-testing.org:80
2025-08-07 12:28:32,324 INFO  [org.apa.kaf.cli.pro.ProducerConfig] (main) ProducerConfig values: 
	acks = -1
	auto.include.jmx.reporter = true
	batch.size = 16384
	bootstrap.servers = [PLAINTEXT://localhost:32769]
	buffer.memory = 33554432
	client.dns.lookup = use_all_dns_ips
	client.id = Producer-topic-211089a7_890c_4b31_ba48_c4941e5f5baa
	compression.gzip.level = -1
	compression.lz4.level = 9
	compression.type = none
	compression.zstd.level = 3
	connections.max.idle.ms = 10000
	delivery.timeout.ms = 120000
	enable.idempotence = true
	enable.metrics.push = true
	interceptor.classes = []
	key.serializer = class org.apache.kafka.common.serialization.StringSerializer
	linger.ms = 0
	max.block.ms = 60000
	max.in.flight.requests.per.connection = 5
	max.request.size = 1048576
	metadata.max.age.ms = 300000
	metadata.max.idle.ms = 300000
	metadata.recovery.strategy = none
	metric.reporters = []
	metrics.num.samples = 2
	metrics.recording.level = INFO
	metrics.sample.window.ms = 30000
	partitioner.adaptive.partitioning.enable = true
	partitioner.availability.timeout.ms = 0
	partitioner.class = null
	partitioner.ignore.keys = false
	receive.buffer.bytes = 32768
	reconnect.backoff.max.ms = 1000
	reconnect.backoff.ms = 50
	request.timeout.ms = 5000
	retries = 2147483647
	retry.backoff.max.ms = 1000
	retry.backoff.ms = 100
	sasl.client.callback.handler.class = null
	sasl.jaas.config = null
	sasl.kerberos.kinit.cmd = /usr/bin/kinit
	sasl.kerberos.min.time.before.relogin = 60000
	sasl.kerberos.service.name = null
	sasl.kerberos.ticket.renew.jitter = 0.05
	sasl.kerberos.ticket.renew.window.factor = 0.8
	sasl.login.callback.handler.class = null
	sasl.login.class = null
	sasl.login.connect.timeout.ms = null
	sasl.login.read.timeout.ms = null
	sasl.login.refresh.buffer.seconds = 300
	sasl.login.refresh.min.period.seconds = 60
	sasl.login.refresh.window.factor = 0.8
	sasl.login.refresh.window.jitter = 0.05
	sasl.login.retry.backoff.max.ms = 10000
	sasl.login.retry.backoff.ms = 100
	sasl.mechanism = GSSAPI
	sasl.oauthbearer.clock.skew.seconds = 30
	sasl.oauthbearer.expected.audience = null
	sasl.oauthbearer.expected.issuer = null
	sasl.oauthbearer.header.urlencode = false
	sasl.oauthbearer.jwks.endpoint.refresh.ms = 3600000
	sasl.oauthbearer.jwks.endpoint.retry.backoff.max.ms = 10000
	sasl.oauthbearer.jwks.endpoint.retry.backoff.ms = 100
	sasl.oauthbearer.jwks.endpoint.url = null
	sasl.oauthbearer.scope.claim.name = scope
	sasl.oauthbearer.sub.claim.name = sub
	sasl.oauthbearer.token.endpoint.url = null
	security.protocol = PLAINTEXT
	security.providers = null
	send.buffer.bytes = 131072
	socket.connection.setup.timeout.max.ms = 30000
	socket.connection.setup.timeout.ms = 10000
	ssl.cipher.suites = null
	ssl.enabled.protocols = [TLSv1.2, TLSv1.3]
	ssl.endpoint.identification.algorithm = https
	ssl.engine.factory.class = null
	ssl.key.password = null
	ssl.keymanager.algorithm = SunX509
	ssl.keystore.certificate.chain = null
	ssl.keystore.key = null
	ssl.keystore.location = null
	ssl.keystore.password = null
	ssl.keystore.type = JKS
	ssl.protocol = TLSv1.3
	ssl.provider = null
	ssl.secure.random.implementation = null
	ssl.trustmanager.algorithm = PKIX
	ssl.truststore.certificates = null
	ssl.truststore.location = null
	ssl.truststore.password = null
	ssl.truststore.type = JKS
	transaction.timeout.ms = 60000
	transactional.id = null
	value.serializer = class io.apicurio.registry.serde.avro.AvroKafkaSerializer

2025-08-07 12:28:32,325 INFO  [org.apa.kaf.com.tel.int.KafkaMetricsCollector] (main) initializing Kafka metrics collector
2025-08-07 12:28:32,328 INFO  [org.apa.kaf.cli.pro.KafkaProducer] (main) [Producer clientId=Producer-topic-211089a7_890c_4b31_ba48_c4941e5f5baa] Instantiated an idempotent producer.
2025-08-07 12:28:32,345 INFO  [org.apa.kaf.cli.pro.ProducerConfig] (main) These configurations '[apicurio.registry.find-latest, apicurio.registry.url, apicurio.registry.artifact-resolver-strategy]' were supplied but are not used yet.
2025-08-07 12:28:32,345 INFO  [org.apa.kaf.com.uti.AppInfoParser] (main) Kafka version: 3.9.1
2025-08-07 12:28:32,346 INFO  [org.apa.kaf.com.uti.AppInfoParser] (main) Kafka commitId: f745dfdcee2b9851
2025-08-07 12:28:32,346 INFO  [org.apa.kaf.com.uti.AppInfoParser] (main) Kafka startTimeMs: 1754569712345
2025-08-07 12:28:32,346 INFO  [io.api.tes.ser.api.SimpleSerdesTesterBuilder$SimpleSerdesTester] (main) Using producer configuration: {apicurio.registry.find-latest=true, apicurio.registry.url=http://registry-app-ksql047.apps.ci419.apicurio-testing.org:80/apis/registry/v3, apicurio.registry.artifact-resolver-strategy=io.apicurio.registry.serde.strategy.TopicIdStrategy, value.serializer=io.apicurio.registry.serde.avro.AvroKafkaSerializer, request.timeout.ms=5000, acks=all, bootstrap.servers=PLAINTEXT://localhost:32769, connections.max.idle.ms=10000, key.serializer=org.apache.kafka.common.serialization.StringSerializer, client.id=Producer-topic-211089a7_890c_4b31_ba48_c4941e5f5baa}
2025-08-07 12:28:32,346 INFO  [io.api.tes.ser.api.SimpleSerdesTesterBuilder$SimpleSerdesTester] (main) Using consumer configuration: {}
2025-08-07 12:28:32,346 INFO  [io.api.tes.ser.api.KafkaSerdesTester] (Thread-645) Sending message {"key11754569711142": "value-0"} to topic topic-211089a7_890c_4b31_ba48_c4941e5f5baa
2025-08-07 12:28:32,352 INFO  [org.apa.kaf.cli.Metadata] (kafka-producer-network-thread | Producer-topic-211089a7_890c_4b31_ba48_c4941e5f5baa) [Producer clientId=Producer-topic-211089a7_890c_4b31_ba48_c4941e5f5baa] Cluster ID: Iafv2PskRxGTuYEST4AQwQ
2025-08-07 12:28:32,354 INFO  [org.apa.kaf.cli.pro.int.TransactionManager] (kafka-producer-network-thread | Producer-topic-211089a7_890c_4b31_ba48_c4941e5f5baa) [Producer clientId=Producer-topic-211089a7_890c_4b31_ba48_c4941e5f5baa] ProducerId set to 9 with epoch 0
2025-08-07 12:28:32,651 INFO  [io.api.tes.ser.api.KafkaSerdesTester] (Thread-645) Sending message {"key11754569711142": "value-1"} to topic topic-211089a7_890c_4b31_ba48_c4941e5f5baa
2025-08-07 12:28:32,654 INFO  [io.api.tes.ser.api.KafkaSerdesTester] (Thread-645) Sending message {"key11754569711142": "value-2"} to topic topic-211089a7_890c_4b31_ba48_c4941e5f5baa
2025-08-07 12:28:32,657 INFO  [io.api.tes.ser.api.KafkaSerdesTester] (Thread-645) Sending message {"key11754569711142": "value-3"} to topic topic-211089a7_890c_4b31_ba48_c4941e5f5baa
2025-08-07 12:28:32,660 INFO  [io.api.tes.ser.api.KafkaSerdesTester] (Thread-645) Sending message {"key11754569711142": "value-4"} to topic topic-211089a7_890c_4b31_ba48_c4941e5f5baa
2025-08-07 12:28:32,661 INFO  [io.api.tes.ser.api.KafkaSerdesTester] (Thread-645) Sending message {"key11754569711142": "value-5"} to topic topic-211089a7_890c_4b31_ba48_c4941e5f5baa
2025-08-07 12:28:32,666 INFO  [io.api.tes.ser.api.KafkaSerdesTester] (Thread-645) Sending message {"key11754569711142": "value-6"} to topic topic-211089a7_890c_4b31_ba48_c4941e5f5baa
2025-08-07 12:28:32,673 INFO  [io.api.tes.ser.api.KafkaSerdesTester] (Thread-645) Sending message {"key11754569711142": "value-7"} to topic topic-211089a7_890c_4b31_ba48_c4941e5f5baa
2025-08-07 12:28:32,676 INFO  [io.api.tes.ser.api.KafkaSerdesTester] (Thread-645) Sending message {"key11754569711142": "value-8"} to topic topic-211089a7_890c_4b31_ba48_c4941e5f5baa
2025-08-07 12:28:32,681 INFO  [io.api.tes.ser.api.KafkaSerdesTester] (Thread-645) Sending message {"key11754569711142": "value-9"} to topic topic-211089a7_890c_4b31_ba48_c4941e5f5baa
2025-08-07 12:28:32,685 INFO  [io.api.tes.ser.api.KafkaSerdesTester] (Thread-645) Produced 10 messages
2025-08-07 12:28:32,685 INFO  [org.apa.kaf.cli.pro.KafkaProducer] (Thread-645) [Producer clientId=Producer-topic-211089a7_890c_4b31_ba48_c4941e5f5baa] Closing the Kafka producer with timeoutMillis = 9223372036854775807 ms.
2025-08-07 12:28:32,689 INFO  [org.apa.kaf.com.met.Metrics] (Thread-645) Metrics scheduler closed
2025-08-07 12:28:32,689 INFO  [org.apa.kaf.com.met.Metrics] (Thread-645) Closing reporter org.apache.kafka.common.metrics.JmxReporter
2025-08-07 12:28:32,690 INFO  [org.apa.kaf.com.met.Metrics] (Thread-645) Closing reporter org.apache.kafka.common.telemetry.internals.ClientTelemetryReporter
2025-08-07 12:28:32,690 INFO  [org.apa.kaf.com.met.Metrics] (Thread-645) Metrics reporters closed
2025-08-07 12:28:32,690 INFO  [org.apa.kaf.com.uti.AppInfoParser] (Thread-645) App info kafka.producer for Producer-topic-211089a7_890c_4b31_ba48_c4941e5f5baa unregistered
**** Registry Base URL: http://registry-app-ksql047.apps.ci419.apicurio-testing.org:80
2025-08-07 12:28:32,691 INFO  [org.apa.kaf.cli.con.ConsumerConfig] (main) ConsumerConfig values: 
	allow.auto.create.topics = true
	auto.commit.interval.ms = 500
	auto.include.jmx.reporter = true
	auto.offset.reset = earliest
	bootstrap.servers = [PLAINTEXT://localhost:32769]
	check.crcs = true
	client.dns.lookup = use_all_dns_ips
	client.id = consumer-Consumer-topic-211089a7_890c_4b31_ba48_c4941e5f5baa-7
	client.rack = 
	connections.max.idle.ms = 10000
	default.api.timeout.ms = 60000
	enable.auto.commit = true
	enable.metrics.push = true
	exclude.internal.topics = true
	fetch.max.bytes = 52428800
	fetch.max.wait.ms = 500
	fetch.min.bytes = 1
	group.id = Consumer-topic-211089a7_890c_4b31_ba48_c4941e5f5baa
	group.instance.id = null
	group.protocol = classic
	group.remote.assignor = null
	heartbeat.interval.ms = 3000
	interceptor.classes = []
	internal.leave.group.on.close = true
	internal.throw.on.fetch.stable.offset.unsupported = false
	isolation.level = read_uncommitted
	key.deserializer = class org.apache.kafka.common.serialization.StringDeserializer
	max.partition.fetch.bytes = 1048576
	max.poll.interval.ms = 300000
	max.poll.records = 500
	metadata.max.age.ms = 300000
	metadata.recovery.strategy = none
	metric.reporters = []
	metrics.num.samples = 2
	metrics.recording.level = INFO
	metrics.sample.window.ms = 30000
	partition.assignment.strategy = [class org.apache.kafka.clients.consumer.RangeAssignor, class org.apache.kafka.clients.consumer.CooperativeStickyAssignor]
	receive.buffer.bytes = 65536
	reconnect.backoff.max.ms = 1000
	reconnect.backoff.ms = 50
	request.timeout.ms = 5000
	retry.backoff.max.ms = 1000
	retry.backoff.ms = 100
	sasl.client.callback.handler.class = null
	sasl.jaas.config = null
	sasl.kerberos.kinit.cmd = /usr/bin/kinit
	sasl.kerberos.min.time.before.relogin = 60000
	sasl.kerberos.service.name = null
	sasl.kerberos.ticket.renew.jitter = 0.05
	sasl.kerberos.ticket.renew.window.factor = 0.8
	sasl.login.callback.handler.class = null
	sasl.login.class = null
	sasl.login.connect.timeout.ms = null
	sasl.login.read.timeout.ms = null
	sasl.login.refresh.buffer.seconds = 300
	sasl.login.refresh.min.period.seconds = 60
	sasl.login.refresh.window.factor = 0.8
	sasl.login.refresh.window.jitter = 0.05
	sasl.login.retry.backoff.max.ms = 10000
	sasl.login.retry.backoff.ms = 100
	sasl.mechanism = GSSAPI
	sasl.oauthbearer.clock.skew.seconds = 30
	sasl.oauthbearer.expected.audience = null
	sasl.oauthbearer.expected.issuer = null
	sasl.oauthbearer.header.urlencode = false
	sasl.oauthbearer.jwks.endpoint.refresh.ms = 3600000
	sasl.oauthbearer.jwks.endpoint.retry.backoff.max.ms = 10000
	sasl.oauthbearer.jwks.endpoint.retry.backoff.ms = 100
	sasl.oauthbearer.jwks.endpoint.url = null
	sasl.oauthbearer.scope.claim.name = scope
	sasl.oauthbearer.sub.claim.name = sub
	sasl.oauthbearer.token.endpoint.url = null
	security.protocol = PLAINTEXT
	security.providers = null
	send.buffer.bytes = 131072
	session.timeout.ms = 45000
	socket.connection.setup.timeout.max.ms = 30000
	socket.connection.setup.timeout.ms = 10000
	ssl.cipher.suites = null
	ssl.enabled.protocols = [TLSv1.2, TLSv1.3]
	ssl.endpoint.identification.algorithm = https
	ssl.engine.factory.class = null
	ssl.key.password = null
	ssl.keymanager.algorithm = SunX509
	ssl.keystore.certificate.chain = null
	ssl.keystore.key = null
	ssl.keystore.location = null
	ssl.keystore.password = null
	ssl.keystore.type = JKS
	ssl.protocol = TLSv1.3
	ssl.provider = null
	ssl.secure.random.implementation = null
	ssl.trustmanager.algorithm = PKIX
	ssl.truststore.certificates = null
	ssl.truststore.location = null
	ssl.truststore.password = null
	ssl.truststore.type = JKS
	value.deserializer = class io.apicurio.registry.serde.avro.AvroKafkaDeserializer

2025-08-07 12:28:32,691 INFO  [org.apa.kaf.com.tel.int.KafkaMetricsCollector] (main) initializing Kafka metrics collector
2025-08-07 12:28:32,709 INFO  [org.apa.kaf.cli.con.ConsumerConfig] (main) These configurations '[apicurio.registry.url]' were supplied but are not used yet.
2025-08-07 12:28:32,709 INFO  [org.apa.kaf.com.uti.AppInfoParser] (main) Kafka version: 3.9.1
2025-08-07 12:28:32,709 INFO  [org.apa.kaf.com.uti.AppInfoParser] (main) Kafka commitId: f745dfdcee2b9851
2025-08-07 12:28:32,709 INFO  [org.apa.kaf.com.uti.AppInfoParser] (main) Kafka startTimeMs: 1754569712709
2025-08-07 12:28:32,710 INFO  [org.apa.kaf.cli.con.int.ClassicKafkaConsumer] (Thread-648) [Consumer clientId=consumer-Consumer-topic-211089a7_890c_4b31_ba48_c4941e5f5baa-7, groupId=Consumer-topic-211089a7_890c_4b31_ba48_c4941e5f5baa] Subscribed to topic(s): topic-211089a7_890c_4b31_ba48_c4941e5f5baa
2025-08-07 12:28:32,716 INFO  [org.apa.kaf.cli.Metadata] (Thread-648) [Consumer clientId=consumer-Consumer-topic-211089a7_890c_4b31_ba48_c4941e5f5baa-7, groupId=Consumer-topic-211089a7_890c_4b31_ba48_c4941e5f5baa] Cluster ID: Iafv2PskRxGTuYEST4AQwQ
2025-08-07 12:28:32,717 INFO  [org.apa.kaf.cli.con.int.ConsumerCoordinator] (Thread-648) [Consumer clientId=consumer-Consumer-topic-211089a7_890c_4b31_ba48_c4941e5f5baa-7, groupId=Consumer-topic-211089a7_890c_4b31_ba48_c4941e5f5baa] Discovered group coordinator localhost:32769 (id: 2147483647 rack: null)
2025-08-07 12:28:32,718 INFO  [org.apa.kaf.cli.con.int.ConsumerCoordinator] (Thread-648) [Consumer clientId=consumer-Consumer-topic-211089a7_890c_4b31_ba48_c4941e5f5baa-7, groupId=Consumer-topic-211089a7_890c_4b31_ba48_c4941e5f5baa] (Re-)joining group
2025-08-07 12:28:32,721 INFO  [org.apa.kaf.cli.con.int.ConsumerCoordinator] (Thread-648) [Consumer clientId=consumer-Consumer-topic-211089a7_890c_4b31_ba48_c4941e5f5baa-7, groupId=Consumer-topic-211089a7_890c_4b31_ba48_c4941e5f5baa] Request joining group due to: need to re-join with the given member-id: consumer-Consumer-topic-211089a7_890c_4b31_ba48_c4941e5f5baa-7-53d3597c-d8da-4946-98ce-bb7846fea870
2025-08-07 12:28:32,721 INFO  [org.apa.kaf.cli.con.int.ConsumerCoordinator] (Thread-648) [Consumer clientId=consumer-Consumer-topic-211089a7_890c_4b31_ba48_c4941e5f5baa-7, groupId=Consumer-topic-211089a7_890c_4b31_ba48_c4941e5f5baa] (Re-)joining group
2025-08-07 12:28:33,710 INFO  [io.api.tes.ser.api.KafkaSerdesTester] (Thread-648) None found
2025-08-07 12:28:34,710 INFO  [io.api.tes.ser.api.KafkaSerdesTester] (Thread-648) None found
2025-08-07 12:28:35,710 INFO  [io.api.tes.ser.api.KafkaSerdesTester] (Thread-648) None found
2025-08-07 12:28:35,724 INFO  [org.apa.kaf.cli.con.int.ConsumerCoordinator] (Thread-648) [Consumer clientId=consumer-Consumer-topic-211089a7_890c_4b31_ba48_c4941e5f5baa-7, groupId=Consumer-topic-211089a7_890c_4b31_ba48_c4941e5f5baa] Successfully joined group with generation Generation{generationId=1, memberId='consumer-Consumer-topic-211089a7_890c_4b31_ba48_c4941e5f5baa-7-53d3597c-d8da-4946-98ce-bb7846fea870', protocol='range'}
2025-08-07 12:28:35,724 INFO  [org.apa.kaf.cli.con.int.ConsumerCoordinator] (Thread-648) [Consumer clientId=consumer-Consumer-topic-211089a7_890c_4b31_ba48_c4941e5f5baa-7, groupId=Consumer-topic-211089a7_890c_4b31_ba48_c4941e5f5baa] Finished assignment for group at generation 1: {consumer-Consumer-topic-211089a7_890c_4b31_ba48_c4941e5f5baa-7-53d3597c-d8da-4946-98ce-bb7846fea870=Assignment(partitions=[topic-211089a7_890c_4b31_ba48_c4941e5f5baa-0])}
2025-08-07 12:28:35,731 INFO  [org.apa.kaf.cli.con.int.ConsumerCoordinator] (Thread-648) [Consumer clientId=consumer-Consumer-topic-211089a7_890c_4b31_ba48_c4941e5f5baa-7, groupId=Consumer-topic-211089a7_890c_4b31_ba48_c4941e5f5baa] Successfully synced group in generation Generation{generationId=1, memberId='consumer-Consumer-topic-211089a7_890c_4b31_ba48_c4941e5f5baa-7-53d3597c-d8da-4946-98ce-bb7846fea870', protocol='range'}
2025-08-07 12:28:35,731 INFO  [org.apa.kaf.cli.con.int.ConsumerCoordinator] (Thread-648) [Consumer clientId=consumer-Consumer-topic-211089a7_890c_4b31_ba48_c4941e5f5baa-7, groupId=Consumer-topic-211089a7_890c_4b31_ba48_c4941e5f5baa] Notifying assignor about the new Assignment(partitions=[topic-211089a7_890c_4b31_ba48_c4941e5f5baa-0])
2025-08-07 12:28:35,731 INFO  [org.apa.kaf.cli.con.int.ConsumerRebalanceListenerInvoker] (Thread-648) [Consumer clientId=consumer-Consumer-topic-211089a7_890c_4b31_ba48_c4941e5f5baa-7, groupId=Consumer-topic-211089a7_890c_4b31_ba48_c4941e5f5baa] Adding newly assigned partitions: topic-211089a7_890c_4b31_ba48_c4941e5f5baa-0
2025-08-07 12:28:35,733 INFO  [org.apa.kaf.cli.con.int.ConsumerCoordinator] (Thread-648) [Consumer clientId=consumer-Consumer-topic-211089a7_890c_4b31_ba48_c4941e5f5baa-7, groupId=Consumer-topic-211089a7_890c_4b31_ba48_c4941e5f5baa] Found no committed offset for partition topic-211089a7_890c_4b31_ba48_c4941e5f5baa-0
2025-08-07 12:28:35,737 INFO  [org.apa.kaf.cli.con.int.SubscriptionState] (Thread-648) [Consumer clientId=consumer-Consumer-topic-211089a7_890c_4b31_ba48_c4941e5f5baa-7, groupId=Consumer-topic-211089a7_890c_4b31_ba48_c4941e5f5baa] Resetting offset for partition topic-211089a7_890c_4b31_ba48_c4941e5f5baa-0 to position FetchPosition{offset=0, offsetEpoch=Optional.empty, currentLeader=LeaderAndEpoch{leader=Optional[localhost:32769 (id: 0 rack: null)], epoch=0}}.
2025-08-07 12:28:35,967 INFO  [io.api.tes.ser.api.KafkaSerdesTester] (Thread-648) topic-211089a7_890c_4b31_ba48_c4941e5f5baa 0 0 {"key11754569711142": "value-0"}
2025-08-07 12:28:35,967 INFO  [io.api.tes.ser.api.KafkaSerdesTester] (Thread-648) topic-211089a7_890c_4b31_ba48_c4941e5f5baa 0 1 {"key11754569711142": "value-1"}
2025-08-07 12:28:35,967 INFO  [io.api.tes.ser.api.KafkaSerdesTester] (Thread-648) topic-211089a7_890c_4b31_ba48_c4941e5f5baa 0 2 {"key11754569711142": "value-2"}
2025-08-07 12:28:35,967 INFO  [io.api.tes.ser.api.KafkaSerdesTester] (Thread-648) topic-211089a7_890c_4b31_ba48_c4941e5f5baa 0 3 {"key11754569711142": "value-3"}
2025-08-07 12:28:35,967 INFO  [io.api.tes.ser.api.KafkaSerdesTester] (Thread-648) topic-211089a7_890c_4b31_ba48_c4941e5f5baa 0 4 {"key11754569711142": "value-4"}
2025-08-07 12:28:35,967 INFO  [io.api.tes.ser.api.KafkaSerdesTester] (Thread-648) topic-211089a7_890c_4b31_ba48_c4941e5f5baa 0 5 {"key11754569711142": "value-5"}
2025-08-07 12:28:35,967 INFO  [io.api.tes.ser.api.KafkaSerdesTester] (Thread-648) topic-211089a7_890c_4b31_ba48_c4941e5f5baa 0 6 {"key11754569711142": "value-6"}
2025-08-07 12:28:35,968 INFO  [io.api.tes.ser.api.KafkaSerdesTester] (Thread-648) topic-211089a7_890c_4b31_ba48_c4941e5f5baa 0 7 {"key11754569711142": "value-7"}
2025-08-07 12:28:35,968 INFO  [io.api.tes.ser.api.KafkaSerdesTester] (Thread-648) topic-211089a7_890c_4b31_ba48_c4941e5f5baa 0 8 {"key11754569711142": "value-8"}
2025-08-07 12:28:35,968 INFO  [io.api.tes.ser.api.KafkaSerdesTester] (Thread-648) topic-211089a7_890c_4b31_ba48_c4941e5f5baa 0 9 {"key11754569711142": "value-9"}
2025-08-07 12:28:35,968 INFO  [io.api.tes.ser.api.KafkaSerdesTester] (Thread-648) Consumed 10 messages
2025-08-07 12:28:35,975 INFO  [org.apa.kaf.cli.con.int.ConsumerRebalanceListenerInvoker] (Thread-648) [Consumer clientId=consumer-Consumer-topic-211089a7_890c_4b31_ba48_c4941e5f5baa-7, groupId=Consumer-topic-211089a7_890c_4b31_ba48_c4941e5f5baa] Revoke previously assigned partitions topic-211089a7_890c_4b31_ba48_c4941e5f5baa-0
2025-08-07 12:28:35,975 INFO  [org.apa.kaf.cli.con.int.ConsumerCoordinator] (Thread-648) [Consumer clientId=consumer-Consumer-topic-211089a7_890c_4b31_ba48_c4941e5f5baa-7, groupId=Consumer-topic-211089a7_890c_4b31_ba48_c4941e5f5baa] Member consumer-Consumer-topic-211089a7_890c_4b31_ba48_c4941e5f5baa-7-53d3597c-d8da-4946-98ce-bb7846fea870 sending LeaveGroup request to coordinator localhost:32769 (id: 2147483647 rack: null) due to the consumer is being closed
2025-08-07 12:28:35,975 INFO  [org.apa.kaf.cli.con.int.ConsumerCoordinator] (Thread-648) [Consumer clientId=consumer-Consumer-topic-211089a7_890c_4b31_ba48_c4941e5f5baa-7, groupId=Consumer-topic-211089a7_890c_4b31_ba48_c4941e5f5baa] Resetting generation and member id due to: consumer pro-actively leaving the group
2025-08-07 12:28:35,975 INFO  [org.apa.kaf.cli.con.int.ConsumerCoordinator] (Thread-648) [Consumer clientId=consumer-Consumer-topic-211089a7_890c_4b31_ba48_c4941e5f5baa-7, groupId=Consumer-topic-211089a7_890c_4b31_ba48_c4941e5f5baa] Request joining group due to: consumer pro-actively leaving the group
2025-08-07 12:28:36,470 INFO  [org.apa.kaf.com.met.Metrics] (Thread-648) Metrics scheduler closed
2025-08-07 12:28:36,470 INFO  [org.apa.kaf.com.met.Metrics] (Thread-648) Closing reporter org.apache.kafka.common.metrics.JmxReporter
2025-08-07 12:28:36,470 INFO  [org.apa.kaf.com.met.Metrics] (Thread-648) Closing reporter org.apache.kafka.common.telemetry.internals.ClientTelemetryReporter
2025-08-07 12:28:36,470 INFO  [org.apa.kaf.com.met.Metrics] (Thread-648) Metrics reporters closed
2025-08-07 12:28:36,472 INFO  [org.apa.kaf.com.uti.AppInfoParser] (Thread-648) App info kafka.consumer for consumer-Consumer-topic-211089a7_890c_4b31_ba48_c4941e5f5baa-7 unregistered
2025-08-07 12:28:36,473 INFO  [io.api.tes.uti.TestSeparator] (main) io.apicurio.tests.serdes.apicurio.AvroSerdeIT.testTopicIdStrategyFindLatest-FINISHED
2025-08-07 12:28:36,474 INFO  [io.api.tes.uti.TestSeparator] (main) ############################################################################
Test passed: testTopicIdStrategyFindLatest
]]></system-out>
  </testcase>
  <testcase name="testAvroUnionWithSpecificReader" classname="io.apicurio.tests.serdes.apicurio.AvroSerdeIT" time="4.893">
    <system-out><![CDATA[2025-08-07 12:28:36,475 INFO  [io.api.tes.uti.TestSeparator] (main) ############################################################################
2025-08-07 12:28:36,475 INFO  [io.api.tes.uti.TestSeparator] (main) io.apicurio.tests.serdes.apicurio.AvroSerdeIT.testAvroUnionWithSpecificReader-STARTED
**** Registry Base URL: http://registry-app-ksql047.apps.ci419.apicurio-testing.org:80
2025-08-07 12:28:36,481 INFO  [org.apa.kaf.cli.pro.ProducerConfig] (main) ProducerConfig values: 
	acks = -1
	auto.include.jmx.reporter = true
	batch.size = 16384
	bootstrap.servers = [PLAINTEXT://localhost:32769]
	buffer.memory = 33554432
	client.dns.lookup = use_all_dns_ips
	client.id = Producer-topic-54efda17_f5fa_422b_8570_f64cd8773734
	compression.gzip.level = -1
	compression.lz4.level = 9
	compression.type = none
	compression.zstd.level = 3
	connections.max.idle.ms = 10000
	delivery.timeout.ms = 120000
	enable.idempotence = true
	enable.metrics.push = true
	interceptor.classes = []
	key.serializer = class org.apache.kafka.common.serialization.StringSerializer
	linger.ms = 0
	max.block.ms = 60000
	max.in.flight.requests.per.connection = 5
	max.request.size = 1048576
	metadata.max.age.ms = 300000
	metadata.max.idle.ms = 300000
	metadata.recovery.strategy = none
	metric.reporters = []
	metrics.num.samples = 2
	metrics.recording.level = INFO
	metrics.sample.window.ms = 30000
	partitioner.adaptive.partitioning.enable = true
	partitioner.availability.timeout.ms = 0
	partitioner.class = null
	partitioner.ignore.keys = false
	receive.buffer.bytes = 32768
	reconnect.backoff.max.ms = 1000
	reconnect.backoff.ms = 50
	request.timeout.ms = 5000
	retries = 2147483647
	retry.backoff.max.ms = 1000
	retry.backoff.ms = 100
	sasl.client.callback.handler.class = null
	sasl.jaas.config = null
	sasl.kerberos.kinit.cmd = /usr/bin/kinit
	sasl.kerberos.min.time.before.relogin = 60000
	sasl.kerberos.service.name = null
	sasl.kerberos.ticket.renew.jitter = 0.05
	sasl.kerberos.ticket.renew.window.factor = 0.8
	sasl.login.callback.handler.class = null
	sasl.login.class = null
	sasl.login.connect.timeout.ms = null
	sasl.login.read.timeout.ms = null
	sasl.login.refresh.buffer.seconds = 300
	sasl.login.refresh.min.period.seconds = 60
	sasl.login.refresh.window.factor = 0.8
	sasl.login.refresh.window.jitter = 0.05
	sasl.login.retry.backoff.max.ms = 10000
	sasl.login.retry.backoff.ms = 100
	sasl.mechanism = GSSAPI
	sasl.oauthbearer.clock.skew.seconds = 30
	sasl.oauthbearer.expected.audience = null
	sasl.oauthbearer.expected.issuer = null
	sasl.oauthbearer.header.urlencode = false
	sasl.oauthbearer.jwks.endpoint.refresh.ms = 3600000
	sasl.oauthbearer.jwks.endpoint.retry.backoff.max.ms = 10000
	sasl.oauthbearer.jwks.endpoint.retry.backoff.ms = 100
	sasl.oauthbearer.jwks.endpoint.url = null
	sasl.oauthbearer.scope.claim.name = scope
	sasl.oauthbearer.sub.claim.name = sub
	sasl.oauthbearer.token.endpoint.url = null
	security.protocol = PLAINTEXT
	security.providers = null
	send.buffer.bytes = 131072
	socket.connection.setup.timeout.max.ms = 30000
	socket.connection.setup.timeout.ms = 10000
	ssl.cipher.suites = null
	ssl.enabled.protocols = [TLSv1.2, TLSv1.3]
	ssl.endpoint.identification.algorithm = https
	ssl.engine.factory.class = null
	ssl.key.password = null
	ssl.keymanager.algorithm = SunX509
	ssl.keystore.certificate.chain = null
	ssl.keystore.key = null
	ssl.keystore.location = null
	ssl.keystore.password = null
	ssl.keystore.type = JKS
	ssl.protocol = TLSv1.3
	ssl.provider = null
	ssl.secure.random.implementation = null
	ssl.trustmanager.algorithm = PKIX
	ssl.truststore.certificates = null
	ssl.truststore.location = null
	ssl.truststore.password = null
	ssl.truststore.type = JKS
	transaction.timeout.ms = 60000
	transactional.id = null
	value.serializer = class io.apicurio.registry.serde.avro.AvroKafkaSerializer

2025-08-07 12:28:36,485 INFO  [org.apa.kaf.com.tel.int.KafkaMetricsCollector] (main) initializing Kafka metrics collector
2025-08-07 12:28:36,495 INFO  [org.apa.kaf.cli.pro.KafkaProducer] (main) [Producer clientId=Producer-topic-54efda17_f5fa_422b_8570_f64cd8773734] Instantiated an idempotent producer.
2025-08-07 12:28:36,498 INFO  [org.apa.kaf.cli.pro.ProducerConfig] (main) These configurations '[apicurio.registry.url, apicurio.registry.auto-register, apicurio.registry.artifact-resolver-strategy]' were supplied but are not used yet.
2025-08-07 12:28:36,499 INFO  [org.apa.kaf.com.uti.AppInfoParser] (main) Kafka version: 3.9.1
2025-08-07 12:28:36,499 INFO  [org.apa.kaf.com.uti.AppInfoParser] (main) Kafka commitId: f745dfdcee2b9851
2025-08-07 12:28:36,499 INFO  [org.apa.kaf.com.uti.AppInfoParser] (main) Kafka startTimeMs: 1754569716499
2025-08-07 12:28:36,499 INFO  [io.api.tes.ser.api.SimpleSerdesTesterBuilder$SimpleSerdesTester] (main) Using producer configuration: {apicurio.registry.url=http://registry-app-ksql047.apps.ci419.apicurio-testing.org:80/apis/registry/v3, apicurio.registry.auto-register=true, apicurio.registry.artifact-resolver-strategy=io.apicurio.registry.serde.strategy.TopicIdStrategy, value.serializer=io.apicurio.registry.serde.avro.AvroKafkaSerializer, request.timeout.ms=5000, acks=all, bootstrap.servers=PLAINTEXT://localhost:32769, connections.max.idle.ms=10000, key.serializer=org.apache.kafka.common.serialization.StringSerializer, client.id=Producer-topic-54efda17_f5fa_422b_8570_f64cd8773734}
2025-08-07 12:28:36,499 INFO  [io.api.tes.ser.api.SimpleSerdesTesterBuilder$SimpleSerdesTester] (main) Using consumer configuration: {}
2025-08-07 12:28:36,502 INFO  [io.api.tes.ser.api.KafkaSerdesTester] (Thread-651) Sending message {"id": "record-0"} to topic topic-54efda17_f5fa_422b_8570_f64cd8773734
2025-08-07 12:28:36,508 WARN  [org.apa.kaf.cli.NetworkClient] (kafka-producer-network-thread | Producer-topic-54efda17_f5fa_422b_8570_f64cd8773734) [Producer clientId=Producer-topic-54efda17_f5fa_422b_8570_f64cd8773734] The metadata response from the cluster reported a recoverable issue with correlation id 1 : {topic-54efda17_f5fa_422b_8570_f64cd8773734=UNKNOWN_TOPIC_OR_PARTITION}
2025-08-07 12:28:36,508 INFO  [org.apa.kaf.cli.Metadata] (kafka-producer-network-thread | Producer-topic-54efda17_f5fa_422b_8570_f64cd8773734) [Producer clientId=Producer-topic-54efda17_f5fa_422b_8570_f64cd8773734] Cluster ID: Iafv2PskRxGTuYEST4AQwQ
2025-08-07 12:28:36,510 INFO  [org.apa.kaf.cli.pro.int.TransactionManager] (kafka-producer-network-thread | Producer-topic-54efda17_f5fa_422b_8570_f64cd8773734) [Producer clientId=Producer-topic-54efda17_f5fa_422b_8570_f64cd8773734] ProducerId set to 10 with epoch 0
2025-08-07 12:28:36,822 INFO  [io.api.tes.ser.api.KafkaSerdesTester] (Thread-651) Sending message {"value": 1} to topic topic-54efda17_f5fa_422b_8570_f64cd8773734
2025-08-07 12:28:36,945 INFO  [io.api.tes.ser.api.KafkaSerdesTester] (Thread-651) Sending message {"active": true} to topic topic-54efda17_f5fa_422b_8570_f64cd8773734
2025-08-07 12:28:37,069 INFO  [io.api.tes.ser.api.KafkaSerdesTester] (Thread-651) Sending message {"id": "record-3"} to topic topic-54efda17_f5fa_422b_8570_f64cd8773734
2025-08-07 12:28:37,072 INFO  [io.api.tes.ser.api.KafkaSerdesTester] (Thread-651) Sending message {"value": 4} to topic topic-54efda17_f5fa_422b_8570_f64cd8773734
2025-08-07 12:28:37,076 INFO  [io.api.tes.ser.api.KafkaSerdesTester] (Thread-651) Sending message {"active": false} to topic topic-54efda17_f5fa_422b_8570_f64cd8773734
2025-08-07 12:28:37,083 INFO  [io.api.tes.ser.api.KafkaSerdesTester] (Thread-651) Sending message {"id": "record-6"} to topic topic-54efda17_f5fa_422b_8570_f64cd8773734
2025-08-07 12:28:37,086 INFO  [io.api.tes.ser.api.KafkaSerdesTester] (Thread-651) Sending message {"value": 7} to topic topic-54efda17_f5fa_422b_8570_f64cd8773734
2025-08-07 12:28:37,090 INFO  [io.api.tes.ser.api.KafkaSerdesTester] (Thread-651) Sending message {"active": true} to topic topic-54efda17_f5fa_422b_8570_f64cd8773734
2025-08-07 12:28:37,092 INFO  [io.api.tes.ser.api.KafkaSerdesTester] (Thread-651) Sending message {"id": "record-9"} to topic topic-54efda17_f5fa_422b_8570_f64cd8773734
2025-08-07 12:28:37,096 INFO  [io.api.tes.ser.api.KafkaSerdesTester] (Thread-651) Produced 10 messages
2025-08-07 12:28:37,096 INFO  [org.apa.kaf.cli.pro.KafkaProducer] (Thread-651) [Producer clientId=Producer-topic-54efda17_f5fa_422b_8570_f64cd8773734] Closing the Kafka producer with timeoutMillis = 9223372036854775807 ms.
2025-08-07 12:28:37,101 INFO  [org.apa.kaf.com.met.Metrics] (Thread-651) Metrics scheduler closed
2025-08-07 12:28:37,101 INFO  [org.apa.kaf.com.met.Metrics] (Thread-651) Closing reporter org.apache.kafka.common.metrics.JmxReporter
2025-08-07 12:28:37,101 INFO  [org.apa.kaf.com.met.Metrics] (Thread-651) Closing reporter org.apache.kafka.common.telemetry.internals.ClientTelemetryReporter
2025-08-07 12:28:37,101 INFO  [org.apa.kaf.com.met.Metrics] (Thread-651) Metrics reporters closed
2025-08-07 12:28:37,101 INFO  [org.apa.kaf.com.uti.AppInfoParser] (Thread-651) App info kafka.producer for Producer-topic-54efda17_f5fa_422b_8570_f64cd8773734 unregistered
2025-08-07 12:28:37,171 INFO  [io.api.tes.ser.api.AvroSerdeIT] (main) Artifact topic-54efda17_f5fa_422b_8570_f64cd8773734-value found in registry with globalId 25
**** Registry Base URL: http://registry-app-ksql047.apps.ci419.apicurio-testing.org:80
2025-08-07 12:28:37,172 INFO  [org.apa.kaf.cli.con.ConsumerConfig] (main) ConsumerConfig values: 
	allow.auto.create.topics = true
	auto.commit.interval.ms = 500
	auto.include.jmx.reporter = true
	auto.offset.reset = earliest
	bootstrap.servers = [PLAINTEXT://localhost:32769]
	check.crcs = true
	client.dns.lookup = use_all_dns_ips
	client.id = consumer-Consumer-topic-54efda17_f5fa_422b_8570_f64cd8773734-8
	client.rack = 
	connections.max.idle.ms = 10000
	default.api.timeout.ms = 60000
	enable.auto.commit = true
	enable.metrics.push = true
	exclude.internal.topics = true
	fetch.max.bytes = 52428800
	fetch.max.wait.ms = 500
	fetch.min.bytes = 1
	group.id = Consumer-topic-54efda17_f5fa_422b_8570_f64cd8773734
	group.instance.id = null
	group.protocol = classic
	group.remote.assignor = null
	heartbeat.interval.ms = 3000
	interceptor.classes = []
	internal.leave.group.on.close = true
	internal.throw.on.fetch.stable.offset.unsupported = false
	isolation.level = read_uncommitted
	key.deserializer = class org.apache.kafka.common.serialization.StringDeserializer
	max.partition.fetch.bytes = 1048576
	max.poll.interval.ms = 300000
	max.poll.records = 500
	metadata.max.age.ms = 300000
	metadata.recovery.strategy = none
	metric.reporters = []
	metrics.num.samples = 2
	metrics.recording.level = INFO
	metrics.sample.window.ms = 30000
	partition.assignment.strategy = [class org.apache.kafka.clients.consumer.RangeAssignor, class org.apache.kafka.clients.consumer.CooperativeStickyAssignor]
	receive.buffer.bytes = 65536
	reconnect.backoff.max.ms = 1000
	reconnect.backoff.ms = 50
	request.timeout.ms = 5000
	retry.backoff.max.ms = 1000
	retry.backoff.ms = 100
	sasl.client.callback.handler.class = null
	sasl.jaas.config = null
	sasl.kerberos.kinit.cmd = /usr/bin/kinit
	sasl.kerberos.min.time.before.relogin = 60000
	sasl.kerberos.service.name = null
	sasl.kerberos.ticket.renew.jitter = 0.05
	sasl.kerberos.ticket.renew.window.factor = 0.8
	sasl.login.callback.handler.class = null
	sasl.login.class = null
	sasl.login.connect.timeout.ms = null
	sasl.login.read.timeout.ms = null
	sasl.login.refresh.buffer.seconds = 300
	sasl.login.refresh.min.period.seconds = 60
	sasl.login.refresh.window.factor = 0.8
	sasl.login.refresh.window.jitter = 0.05
	sasl.login.retry.backoff.max.ms = 10000
	sasl.login.retry.backoff.ms = 100
	sasl.mechanism = GSSAPI
	sasl.oauthbearer.clock.skew.seconds = 30
	sasl.oauthbearer.expected.audience = null
	sasl.oauthbearer.expected.issuer = null
	sasl.oauthbearer.header.urlencode = false
	sasl.oauthbearer.jwks.endpoint.refresh.ms = 3600000
	sasl.oauthbearer.jwks.endpoint.retry.backoff.max.ms = 10000
	sasl.oauthbearer.jwks.endpoint.retry.backoff.ms = 100
	sasl.oauthbearer.jwks.endpoint.url = null
	sasl.oauthbearer.scope.claim.name = scope
	sasl.oauthbearer.sub.claim.name = sub
	sasl.oauthbearer.token.endpoint.url = null
	security.protocol = PLAINTEXT
	security.providers = null
	send.buffer.bytes = 131072
	session.timeout.ms = 45000
	socket.connection.setup.timeout.max.ms = 30000
	socket.connection.setup.timeout.ms = 10000
	ssl.cipher.suites = null
	ssl.enabled.protocols = [TLSv1.2, TLSv1.3]
	ssl.endpoint.identification.algorithm = https
	ssl.engine.factory.class = null
	ssl.key.password = null
	ssl.keymanager.algorithm = SunX509
	ssl.keystore.certificate.chain = null
	ssl.keystore.key = null
	ssl.keystore.location = null
	ssl.keystore.password = null
	ssl.keystore.type = JKS
	ssl.protocol = TLSv1.3
	ssl.provider = null
	ssl.secure.random.implementation = null
	ssl.trustmanager.algorithm = PKIX
	ssl.truststore.certificates = null
	ssl.truststore.location = null
	ssl.truststore.password = null
	ssl.truststore.type = JKS
	value.deserializer = class io.apicurio.registry.serde.avro.AvroKafkaDeserializer

2025-08-07 12:28:37,172 INFO  [org.apa.kaf.com.tel.int.KafkaMetricsCollector] (main) initializing Kafka metrics collector
2025-08-07 12:28:37,180 INFO  [org.apa.kaf.cli.con.ConsumerConfig] (main) These configurations '[apicurio.registry.url]' were supplied but are not used yet.
2025-08-07 12:28:37,180 INFO  [org.apa.kaf.com.uti.AppInfoParser] (main) Kafka version: 3.9.1
2025-08-07 12:28:37,180 INFO  [org.apa.kaf.com.uti.AppInfoParser] (main) Kafka commitId: f745dfdcee2b9851
2025-08-07 12:28:37,180 INFO  [org.apa.kaf.com.uti.AppInfoParser] (main) Kafka startTimeMs: 1754569717180
2025-08-07 12:28:37,180 INFO  [org.apa.kaf.cli.con.int.ClassicKafkaConsumer] (Thread-654) [Consumer clientId=consumer-Consumer-topic-54efda17_f5fa_422b_8570_f64cd8773734-8, groupId=Consumer-topic-54efda17_f5fa_422b_8570_f64cd8773734] Subscribed to topic(s): topic-54efda17_f5fa_422b_8570_f64cd8773734
2025-08-07 12:28:37,187 INFO  [org.apa.kaf.cli.Metadata] (Thread-654) [Consumer clientId=consumer-Consumer-topic-54efda17_f5fa_422b_8570_f64cd8773734-8, groupId=Consumer-topic-54efda17_f5fa_422b_8570_f64cd8773734] Cluster ID: Iafv2PskRxGTuYEST4AQwQ
2025-08-07 12:28:37,188 INFO  [org.apa.kaf.cli.con.int.ConsumerCoordinator] (Thread-654) [Consumer clientId=consumer-Consumer-topic-54efda17_f5fa_422b_8570_f64cd8773734-8, groupId=Consumer-topic-54efda17_f5fa_422b_8570_f64cd8773734] Discovered group coordinator localhost:32769 (id: 2147483647 rack: null)
2025-08-07 12:28:37,190 INFO  [org.apa.kaf.cli.con.int.ConsumerCoordinator] (Thread-654) [Consumer clientId=consumer-Consumer-topic-54efda17_f5fa_422b_8570_f64cd8773734-8, groupId=Consumer-topic-54efda17_f5fa_422b_8570_f64cd8773734] (Re-)joining group
2025-08-07 12:28:37,193 INFO  [org.apa.kaf.cli.con.int.ConsumerCoordinator] (Thread-654) [Consumer clientId=consumer-Consumer-topic-54efda17_f5fa_422b_8570_f64cd8773734-8, groupId=Consumer-topic-54efda17_f5fa_422b_8570_f64cd8773734] Request joining group due to: need to re-join with the given member-id: consumer-Consumer-topic-54efda17_f5fa_422b_8570_f64cd8773734-8-16e4fdb7-c91f-4817-a940-6e598c86b70c
2025-08-07 12:28:37,193 INFO  [org.apa.kaf.cli.con.int.ConsumerCoordinator] (Thread-654) [Consumer clientId=consumer-Consumer-topic-54efda17_f5fa_422b_8570_f64cd8773734-8, groupId=Consumer-topic-54efda17_f5fa_422b_8570_f64cd8773734] (Re-)joining group
2025-08-07 12:28:38,180 INFO  [io.api.tes.ser.api.KafkaSerdesTester] (Thread-654) None found
2025-08-07 12:28:39,180 INFO  [io.api.tes.ser.api.KafkaSerdesTester] (Thread-654) None found
2025-08-07 12:28:40,180 INFO  [io.api.tes.ser.api.KafkaSerdesTester] (Thread-654) None found
2025-08-07 12:28:40,195 INFO  [org.apa.kaf.cli.con.int.ConsumerCoordinator] (Thread-654) [Consumer clientId=consumer-Consumer-topic-54efda17_f5fa_422b_8570_f64cd8773734-8, groupId=Consumer-topic-54efda17_f5fa_422b_8570_f64cd8773734] Successfully joined group with generation Generation{generationId=1, memberId='consumer-Consumer-topic-54efda17_f5fa_422b_8570_f64cd8773734-8-16e4fdb7-c91f-4817-a940-6e598c86b70c', protocol='range'}
2025-08-07 12:28:40,195 INFO  [org.apa.kaf.cli.con.int.ConsumerCoordinator] (Thread-654) [Consumer clientId=consumer-Consumer-topic-54efda17_f5fa_422b_8570_f64cd8773734-8, groupId=Consumer-topic-54efda17_f5fa_422b_8570_f64cd8773734] Finished assignment for group at generation 1: {consumer-Consumer-topic-54efda17_f5fa_422b_8570_f64cd8773734-8-16e4fdb7-c91f-4817-a940-6e598c86b70c=Assignment(partitions=[topic-54efda17_f5fa_422b_8570_f64cd8773734-0])}
2025-08-07 12:28:40,203 INFO  [org.apa.kaf.cli.con.int.ConsumerCoordinator] (Thread-654) [Consumer clientId=consumer-Consumer-topic-54efda17_f5fa_422b_8570_f64cd8773734-8, groupId=Consumer-topic-54efda17_f5fa_422b_8570_f64cd8773734] Successfully synced group in generation Generation{generationId=1, memberId='consumer-Consumer-topic-54efda17_f5fa_422b_8570_f64cd8773734-8-16e4fdb7-c91f-4817-a940-6e598c86b70c', protocol='range'}
2025-08-07 12:28:40,203 INFO  [org.apa.kaf.cli.con.int.ConsumerCoordinator] (Thread-654) [Consumer clientId=consumer-Consumer-topic-54efda17_f5fa_422b_8570_f64cd8773734-8, groupId=Consumer-topic-54efda17_f5fa_422b_8570_f64cd8773734] Notifying assignor about the new Assignment(partitions=[topic-54efda17_f5fa_422b_8570_f64cd8773734-0])
2025-08-07 12:28:40,203 INFO  [org.apa.kaf.cli.con.int.ConsumerRebalanceListenerInvoker] (Thread-654) [Consumer clientId=consumer-Consumer-topic-54efda17_f5fa_422b_8570_f64cd8773734-8, groupId=Consumer-topic-54efda17_f5fa_422b_8570_f64cd8773734] Adding newly assigned partitions: topic-54efda17_f5fa_422b_8570_f64cd8773734-0
2025-08-07 12:28:40,204 INFO  [org.apa.kaf.cli.con.int.ConsumerCoordinator] (Thread-654) [Consumer clientId=consumer-Consumer-topic-54efda17_f5fa_422b_8570_f64cd8773734-8, groupId=Consumer-topic-54efda17_f5fa_422b_8570_f64cd8773734] Found no committed offset for partition topic-54efda17_f5fa_422b_8570_f64cd8773734-0
2025-08-07 12:28:40,211 INFO  [org.apa.kaf.cli.con.int.SubscriptionState] (Thread-654) [Consumer clientId=consumer-Consumer-topic-54efda17_f5fa_422b_8570_f64cd8773734-8, groupId=Consumer-topic-54efda17_f5fa_422b_8570_f64cd8773734] Resetting offset for partition topic-54efda17_f5fa_422b_8570_f64cd8773734-0 to position FetchPosition{offset=0, offsetEpoch=Optional.empty, currentLeader=LeaderAndEpoch{leader=Optional[localhost:32769 (id: 0 rack: null)], epoch=0}}.
2025-08-07 12:28:40,861 INFO  [io.api.tes.ser.api.KafkaSerdesTester] (Thread-654) topic-54efda17_f5fa_422b_8570_f64cd8773734 0 0 {"id": "record-0"}
2025-08-07 12:28:40,862 INFO  [io.api.tes.ser.api.KafkaSerdesTester] (Thread-654) topic-54efda17_f5fa_422b_8570_f64cd8773734 0 1 {"value": 1}
2025-08-07 12:28:40,862 INFO  [io.api.tes.ser.api.KafkaSerdesTester] (Thread-654) topic-54efda17_f5fa_422b_8570_f64cd8773734 0 2 {"active": true}
2025-08-07 12:28:40,862 INFO  [io.api.tes.ser.api.KafkaSerdesTester] (Thread-654) topic-54efda17_f5fa_422b_8570_f64cd8773734 0 3 {"id": "record-3"}
2025-08-07 12:28:40,862 INFO  [io.api.tes.ser.api.KafkaSerdesTester] (Thread-654) topic-54efda17_f5fa_422b_8570_f64cd8773734 0 4 {"value": 4}
2025-08-07 12:28:40,862 INFO  [io.api.tes.ser.api.KafkaSerdesTester] (Thread-654) topic-54efda17_f5fa_422b_8570_f64cd8773734 0 5 {"active": false}
2025-08-07 12:28:40,862 INFO  [io.api.tes.ser.api.KafkaSerdesTester] (Thread-654) topic-54efda17_f5fa_422b_8570_f64cd8773734 0 6 {"id": "record-6"}
2025-08-07 12:28:40,862 INFO  [io.api.tes.ser.api.KafkaSerdesTester] (Thread-654) topic-54efda17_f5fa_422b_8570_f64cd8773734 0 7 {"value": 7}
2025-08-07 12:28:40,862 INFO  [io.api.tes.ser.api.KafkaSerdesTester] (Thread-654) topic-54efda17_f5fa_422b_8570_f64cd8773734 0 8 {"active": true}
2025-08-07 12:28:40,862 INFO  [io.api.tes.ser.api.KafkaSerdesTester] (Thread-654) topic-54efda17_f5fa_422b_8570_f64cd8773734 0 9 {"id": "record-9"}
2025-08-07 12:28:40,862 INFO  [io.api.tes.ser.api.KafkaSerdesTester] (Thread-654) Consumed 10 messages
2025-08-07 12:28:40,868 INFO  [org.apa.kaf.cli.con.int.ConsumerRebalanceListenerInvoker] (Thread-654) [Consumer clientId=consumer-Consumer-topic-54efda17_f5fa_422b_8570_f64cd8773734-8, groupId=Consumer-topic-54efda17_f5fa_422b_8570_f64cd8773734] Revoke previously assigned partitions topic-54efda17_f5fa_422b_8570_f64cd8773734-0
2025-08-07 12:28:40,868 INFO  [org.apa.kaf.cli.con.int.ConsumerCoordinator] (Thread-654) [Consumer clientId=consumer-Consumer-topic-54efda17_f5fa_422b_8570_f64cd8773734-8, groupId=Consumer-topic-54efda17_f5fa_422b_8570_f64cd8773734] Member consumer-Consumer-topic-54efda17_f5fa_422b_8570_f64cd8773734-8-16e4fdb7-c91f-4817-a940-6e598c86b70c sending LeaveGroup request to coordinator localhost:32769 (id: 2147483647 rack: null) due to the consumer is being closed
2025-08-07 12:28:40,869 INFO  [org.apa.kaf.cli.con.int.ConsumerCoordinator] (Thread-654) [Consumer clientId=consumer-Consumer-topic-54efda17_f5fa_422b_8570_f64cd8773734-8, groupId=Consumer-topic-54efda17_f5fa_422b_8570_f64cd8773734] Resetting generation and member id due to: consumer pro-actively leaving the group
2025-08-07 12:28:40,869 INFO  [org.apa.kaf.cli.con.int.ConsumerCoordinator] (Thread-654) [Consumer clientId=consumer-Consumer-topic-54efda17_f5fa_422b_8570_f64cd8773734-8, groupId=Consumer-topic-54efda17_f5fa_422b_8570_f64cd8773734] Request joining group due to: consumer pro-actively leaving the group
2025-08-07 12:28:41,364 INFO  [org.apa.kaf.com.met.Metrics] (Thread-654) Metrics scheduler closed
2025-08-07 12:28:41,364 INFO  [org.apa.kaf.com.met.Metrics] (Thread-654) Closing reporter org.apache.kafka.common.metrics.JmxReporter
2025-08-07 12:28:41,364 INFO  [org.apa.kaf.com.met.Metrics] (Thread-654) Closing reporter org.apache.kafka.common.telemetry.internals.ClientTelemetryReporter
2025-08-07 12:28:41,364 INFO  [org.apa.kaf.com.met.Metrics] (Thread-654) Metrics reporters closed
2025-08-07 12:28:41,367 INFO  [org.apa.kaf.com.uti.AppInfoParser] (Thread-654) App info kafka.consumer for consumer-Consumer-topic-54efda17_f5fa_422b_8570_f64cd8773734-8 unregistered
2025-08-07 12:28:41,367 INFO  [io.api.tes.uti.TestSeparator] (main) io.apicurio.tests.serdes.apicurio.AvroSerdeIT.testAvroUnionWithSpecificReader-FINISHED
2025-08-07 12:28:41,367 INFO  [io.api.tes.uti.TestSeparator] (main) ############################################################################
Test passed: testAvroUnionWithSpecificReader
]]></system-out>
  </testcase>
  <testcase name="testEvolveAvroApicurioReusingClient" classname="io.apicurio.tests.serdes.apicurio.AvroSerdeIT" time="8.016">
    <system-out><![CDATA[2025-08-07 12:28:41,371 INFO  [io.api.tes.uti.TestSeparator] (main) ############################################################################
2025-08-07 12:28:41,371 INFO  [io.api.tes.uti.TestSeparator] (main) io.apicurio.tests.serdes.apicurio.AvroSerdeIT.testEvolveAvroApicurioReusingClient-STARTED
2025-08-07 12:28:41,373 INFO  [io.api.tes.ser.api.AvroSerdeIT] (main) Registering Avro Schema: {"type":"record","name":"sea5e91f5x0f63x42f1xb8bfxd451c716f37e","namespace":"ns_691d3993_795e_433b_a481_ca488bc60cdc","fields":[{"name":"key11754569721372","type":"string"}]}
**** Registry Base URL: http://registry-app-ksql047.apps.ci419.apicurio-testing.org:80
2025-08-07 12:28:42,550 INFO  [org.apa.kaf.cli.pro.ProducerConfig] (main) ProducerConfig values: 
	acks = -1
	auto.include.jmx.reporter = true
	batch.size = 16384
	bootstrap.servers = [PLAINTEXT://localhost:32769]
	buffer.memory = 33554432
	client.dns.lookup = use_all_dns_ips
	client.id = Producer-topic-28d3e2ae_ae7b_43a7_b5a9_af162869581b
	compression.gzip.level = -1
	compression.lz4.level = 9
	compression.type = none
	compression.zstd.level = 3
	connections.max.idle.ms = 10000
	delivery.timeout.ms = 120000
	enable.idempotence = true
	enable.metrics.push = true
	interceptor.classes = []
	key.serializer = class org.apache.kafka.common.serialization.StringSerializer
	linger.ms = 0
	max.block.ms = 60000
	max.in.flight.requests.per.connection = 5
	max.request.size = 1048576
	metadata.max.age.ms = 300000
	metadata.max.idle.ms = 300000
	metadata.recovery.strategy = none
	metric.reporters = []
	metrics.num.samples = 2
	metrics.recording.level = INFO
	metrics.sample.window.ms = 30000
	partitioner.adaptive.partitioning.enable = true
	partitioner.availability.timeout.ms = 0
	partitioner.class = null
	partitioner.ignore.keys = false
	receive.buffer.bytes = 32768
	reconnect.backoff.max.ms = 1000
	reconnect.backoff.ms = 50
	request.timeout.ms = 5000
	retries = 2147483647
	retry.backoff.max.ms = 1000
	retry.backoff.ms = 100
	sasl.client.callback.handler.class = null
	sasl.jaas.config = null
	sasl.kerberos.kinit.cmd = /usr/bin/kinit
	sasl.kerberos.min.time.before.relogin = 60000
	sasl.kerberos.service.name = null
	sasl.kerberos.ticket.renew.jitter = 0.05
	sasl.kerberos.ticket.renew.window.factor = 0.8
	sasl.login.callback.handler.class = null
	sasl.login.class = null
	sasl.login.connect.timeout.ms = null
	sasl.login.read.timeout.ms = null
	sasl.login.refresh.buffer.seconds = 300
	sasl.login.refresh.min.period.seconds = 60
	sasl.login.refresh.window.factor = 0.8
	sasl.login.refresh.window.jitter = 0.05
	sasl.login.retry.backoff.max.ms = 10000
	sasl.login.retry.backoff.ms = 100
	sasl.mechanism = GSSAPI
	sasl.oauthbearer.clock.skew.seconds = 30
	sasl.oauthbearer.expected.audience = null
	sasl.oauthbearer.expected.issuer = null
	sasl.oauthbearer.header.urlencode = false
	sasl.oauthbearer.jwks.endpoint.refresh.ms = 3600000
	sasl.oauthbearer.jwks.endpoint.retry.backoff.max.ms = 10000
	sasl.oauthbearer.jwks.endpoint.retry.backoff.ms = 100
	sasl.oauthbearer.jwks.endpoint.url = null
	sasl.oauthbearer.scope.claim.name = scope
	sasl.oauthbearer.sub.claim.name = sub
	sasl.oauthbearer.token.endpoint.url = null
	security.protocol = PLAINTEXT
	security.providers = null
	send.buffer.bytes = 131072
	socket.connection.setup.timeout.max.ms = 30000
	socket.connection.setup.timeout.ms = 10000
	ssl.cipher.suites = null
	ssl.enabled.protocols = [TLSv1.2, TLSv1.3]
	ssl.endpoint.identification.algorithm = https
	ssl.engine.factory.class = null
	ssl.key.password = null
	ssl.keymanager.algorithm = SunX509
	ssl.keystore.certificate.chain = null
	ssl.keystore.key = null
	ssl.keystore.location = null
	ssl.keystore.password = null
	ssl.keystore.type = JKS
	ssl.protocol = TLSv1.3
	ssl.provider = null
	ssl.secure.random.implementation = null
	ssl.trustmanager.algorithm = PKIX
	ssl.truststore.certificates = null
	ssl.truststore.location = null
	ssl.truststore.password = null
	ssl.truststore.type = JKS
	transaction.timeout.ms = 60000
	transactional.id = null
	value.serializer = class io.apicurio.registry.serde.avro.AvroKafkaSerializer

2025-08-07 12:28:42,551 INFO  [org.apa.kaf.com.tel.int.KafkaMetricsCollector] (main) initializing Kafka metrics collector
2025-08-07 12:28:42,554 INFO  [org.apa.kaf.cli.pro.KafkaProducer] (main) [Producer clientId=Producer-topic-28d3e2ae_ae7b_43a7_b5a9_af162869581b] Instantiated an idempotent producer.
2025-08-07 12:28:42,556 INFO  [org.apa.kaf.cli.pro.ProducerConfig] (main) These configurations '[apicurio.registry.url, apicurio.registry.artifact-resolver-strategy]' were supplied but are not used yet.
2025-08-07 12:28:42,556 INFO  [org.apa.kaf.com.uti.AppInfoParser] (main) Kafka version: 3.9.1
2025-08-07 12:28:42,556 INFO  [org.apa.kaf.com.uti.AppInfoParser] (main) Kafka commitId: f745dfdcee2b9851
2025-08-07 12:28:42,556 INFO  [org.apa.kaf.com.uti.AppInfoParser] (main) Kafka startTimeMs: 1754569722556
**** Registry Base URL: http://registry-app-ksql047.apps.ci419.apicurio-testing.org:80
2025-08-07 12:28:42,557 INFO  [org.apa.kaf.cli.con.ConsumerConfig] (main) ConsumerConfig values: 
	allow.auto.create.topics = true
	auto.commit.interval.ms = 500
	auto.include.jmx.reporter = true
	auto.offset.reset = earliest
	bootstrap.servers = [PLAINTEXT://localhost:32769]
	check.crcs = true
	client.dns.lookup = use_all_dns_ips
	client.id = consumer-Consumer-topic-28d3e2ae_ae7b_43a7_b5a9_af162869581b-9
	client.rack = 
	connections.max.idle.ms = 10000
	default.api.timeout.ms = 60000
	enable.auto.commit = true
	enable.metrics.push = true
	exclude.internal.topics = true
	fetch.max.bytes = 52428800
	fetch.max.wait.ms = 500
	fetch.min.bytes = 1
	group.id = Consumer-topic-28d3e2ae_ae7b_43a7_b5a9_af162869581b
	group.instance.id = null
	group.protocol = classic
	group.remote.assignor = null
	heartbeat.interval.ms = 3000
	interceptor.classes = []
	internal.leave.group.on.close = true
	internal.throw.on.fetch.stable.offset.unsupported = false
	isolation.level = read_uncommitted
	key.deserializer = class org.apache.kafka.common.serialization.StringDeserializer
	max.partition.fetch.bytes = 1048576
	max.poll.interval.ms = 300000
	max.poll.records = 500
	metadata.max.age.ms = 300000
	metadata.recovery.strategy = none
	metric.reporters = []
	metrics.num.samples = 2
	metrics.recording.level = INFO
	metrics.sample.window.ms = 30000
	partition.assignment.strategy = [class org.apache.kafka.clients.consumer.RangeAssignor, class org.apache.kafka.clients.consumer.CooperativeStickyAssignor]
	receive.buffer.bytes = 65536
	reconnect.backoff.max.ms = 1000
	reconnect.backoff.ms = 50
	request.timeout.ms = 5000
	retry.backoff.max.ms = 1000
	retry.backoff.ms = 100
	sasl.client.callback.handler.class = null
	sasl.jaas.config = null
	sasl.kerberos.kinit.cmd = /usr/bin/kinit
	sasl.kerberos.min.time.before.relogin = 60000
	sasl.kerberos.service.name = null
	sasl.kerberos.ticket.renew.jitter = 0.05
	sasl.kerberos.ticket.renew.window.factor = 0.8
	sasl.login.callback.handler.class = null
	sasl.login.class = null
	sasl.login.connect.timeout.ms = null
	sasl.login.read.timeout.ms = null
	sasl.login.refresh.buffer.seconds = 300
	sasl.login.refresh.min.period.seconds = 60
	sasl.login.refresh.window.factor = 0.8
	sasl.login.refresh.window.jitter = 0.05
	sasl.login.retry.backoff.max.ms = 10000
	sasl.login.retry.backoff.ms = 100
	sasl.mechanism = GSSAPI
	sasl.oauthbearer.clock.skew.seconds = 30
	sasl.oauthbearer.expected.audience = null
	sasl.oauthbearer.expected.issuer = null
	sasl.oauthbearer.header.urlencode = false
	sasl.oauthbearer.jwks.endpoint.refresh.ms = 3600000
	sasl.oauthbearer.jwks.endpoint.retry.backoff.max.ms = 10000
	sasl.oauthbearer.jwks.endpoint.retry.backoff.ms = 100
	sasl.oauthbearer.jwks.endpoint.url = null
	sasl.oauthbearer.scope.claim.name = scope
	sasl.oauthbearer.sub.claim.name = sub
	sasl.oauthbearer.token.endpoint.url = null
	security.protocol = PLAINTEXT
	security.providers = null
	send.buffer.bytes = 131072
	session.timeout.ms = 45000
	socket.connection.setup.timeout.max.ms = 30000
	socket.connection.setup.timeout.ms = 10000
	ssl.cipher.suites = null
	ssl.enabled.protocols = [TLSv1.2, TLSv1.3]
	ssl.endpoint.identification.algorithm = https
	ssl.engine.factory.class = null
	ssl.key.password = null
	ssl.keymanager.algorithm = SunX509
	ssl.keystore.certificate.chain = null
	ssl.keystore.key = null
	ssl.keystore.location = null
	ssl.keystore.password = null
	ssl.keystore.type = JKS
	ssl.protocol = TLSv1.3
	ssl.provider = null
	ssl.secure.random.implementation = null
	ssl.trustmanager.algorithm = PKIX
	ssl.truststore.certificates = null
	ssl.truststore.location = null
	ssl.truststore.password = null
	ssl.truststore.type = JKS
	value.deserializer = class io.apicurio.registry.serde.avro.AvroKafkaDeserializer

2025-08-07 12:28:42,558 INFO  [org.apa.kaf.com.tel.int.KafkaMetricsCollector] (main) initializing Kafka metrics collector
2025-08-07 12:28:42,565 INFO  [org.apa.kaf.cli.Metadata] (kafka-producer-network-thread | Producer-topic-28d3e2ae_ae7b_43a7_b5a9_af162869581b) [Producer clientId=Producer-topic-28d3e2ae_ae7b_43a7_b5a9_af162869581b] Cluster ID: Iafv2PskRxGTuYEST4AQwQ
2025-08-07 12:28:42,566 INFO  [org.apa.kaf.cli.pro.int.TransactionManager] (kafka-producer-network-thread | Producer-topic-28d3e2ae_ae7b_43a7_b5a9_af162869581b) [Producer clientId=Producer-topic-28d3e2ae_ae7b_43a7_b5a9_af162869581b] ProducerId set to 11 with epoch 0
2025-08-07 12:28:42,566 INFO  [org.apa.kaf.cli.con.ConsumerConfig] (main) These configurations '[apicurio.registry.url]' were supplied but are not used yet.
2025-08-07 12:28:42,566 INFO  [org.apa.kaf.com.uti.AppInfoParser] (main) Kafka version: 3.9.1
2025-08-07 12:28:42,567 INFO  [org.apa.kaf.com.uti.AppInfoParser] (main) Kafka commitId: f745dfdcee2b9851
2025-08-07 12:28:42,567 INFO  [org.apa.kaf.com.uti.AppInfoParser] (main) Kafka startTimeMs: 1754569722566
2025-08-07 12:28:42,568 INFO  [io.api.tes.ser.api.KafkaSerdesTester] (Thread-659) Sending message {"key11754569721372": "value-0"} to topic topic-28d3e2ae_ae7b_43a7_b5a9_af162869581b
2025-08-07 12:28:42,573 INFO  [DefaultSchemaResolver] (Thread-659) Retrieving schema content using string: {"type":"record","name":"sea5e91f5x0f63x42f1xb8bfxd451c716f37e","namespace":"ns_691d3993_795e_433b_a481_ca488bc60cdc","fields":[{"name":"key11754569721372","type":"string"}]}
2025-08-07 12:28:42,717 INFO  [io.api.tes.ser.api.KafkaSerdesTester] (Thread-659) Sending message {"key11754569721372": "value-1"} to topic topic-28d3e2ae_ae7b_43a7_b5a9_af162869581b
2025-08-07 12:28:42,718 INFO  [io.api.tes.ser.api.KafkaSerdesTester] (Thread-659) Sending message {"key11754569721372": "value-2"} to topic topic-28d3e2ae_ae7b_43a7_b5a9_af162869581b
2025-08-07 12:28:42,720 INFO  [io.api.tes.ser.api.KafkaSerdesTester] (Thread-659) Sending message {"key11754569721372": "value-3"} to topic topic-28d3e2ae_ae7b_43a7_b5a9_af162869581b
2025-08-07 12:28:42,721 INFO  [io.api.tes.ser.api.KafkaSerdesTester] (Thread-659) Sending message {"key11754569721372": "value-4"} to topic topic-28d3e2ae_ae7b_43a7_b5a9_af162869581b
2025-08-07 12:28:42,723 INFO  [io.api.tes.ser.api.KafkaSerdesTester] (Thread-659) Sending message {"key11754569721372": "value-5"} to topic topic-28d3e2ae_ae7b_43a7_b5a9_af162869581b
2025-08-07 12:28:42,725 INFO  [io.api.tes.ser.api.KafkaSerdesTester] (Thread-659) Sending message {"key11754569721372": "value-6"} to topic topic-28d3e2ae_ae7b_43a7_b5a9_af162869581b
2025-08-07 12:28:42,728 INFO  [io.api.tes.ser.api.KafkaSerdesTester] (Thread-659) Sending message {"key11754569721372": "value-7"} to topic topic-28d3e2ae_ae7b_43a7_b5a9_af162869581b
2025-08-07 12:28:42,730 INFO  [io.api.tes.ser.api.KafkaSerdesTester] (Thread-659) Sending message {"key11754569721372": "value-8"} to topic topic-28d3e2ae_ae7b_43a7_b5a9_af162869581b
2025-08-07 12:28:42,732 INFO  [io.api.tes.ser.api.KafkaSerdesTester] (Thread-659) Sending message {"key11754569721372": "value-9"} to topic topic-28d3e2ae_ae7b_43a7_b5a9_af162869581b
2025-08-07 12:28:42,734 INFO  [io.api.tes.ser.api.KafkaSerdesTester] (Thread-659) Produced 10 messages
2025-08-07 12:28:42,735 INFO  [org.apa.kaf.cli.con.int.ClassicKafkaConsumer] (Thread-660) [Consumer clientId=consumer-Consumer-topic-28d3e2ae_ae7b_43a7_b5a9_af162869581b-9, groupId=Consumer-topic-28d3e2ae_ae7b_43a7_b5a9_af162869581b] Subscribed to topic(s): topic-28d3e2ae_ae7b_43a7_b5a9_af162869581b
2025-08-07 12:28:42,738 INFO  [org.apa.kaf.cli.Metadata] (Thread-660) [Consumer clientId=consumer-Consumer-topic-28d3e2ae_ae7b_43a7_b5a9_af162869581b-9, groupId=Consumer-topic-28d3e2ae_ae7b_43a7_b5a9_af162869581b] Cluster ID: Iafv2PskRxGTuYEST4AQwQ
2025-08-07 12:28:42,739 INFO  [org.apa.kaf.cli.con.int.ConsumerCoordinator] (Thread-660) [Consumer clientId=consumer-Consumer-topic-28d3e2ae_ae7b_43a7_b5a9_af162869581b-9, groupId=Consumer-topic-28d3e2ae_ae7b_43a7_b5a9_af162869581b] Discovered group coordinator localhost:32769 (id: 2147483647 rack: null)
2025-08-07 12:28:42,740 INFO  [org.apa.kaf.cli.con.int.ConsumerCoordinator] (Thread-660) [Consumer clientId=consumer-Consumer-topic-28d3e2ae_ae7b_43a7_b5a9_af162869581b-9, groupId=Consumer-topic-28d3e2ae_ae7b_43a7_b5a9_af162869581b] (Re-)joining group
2025-08-07 12:28:42,742 INFO  [org.apa.kaf.cli.con.int.ConsumerCoordinator] (Thread-660) [Consumer clientId=consumer-Consumer-topic-28d3e2ae_ae7b_43a7_b5a9_af162869581b-9, groupId=Consumer-topic-28d3e2ae_ae7b_43a7_b5a9_af162869581b] Request joining group due to: need to re-join with the given member-id: consumer-Consumer-topic-28d3e2ae_ae7b_43a7_b5a9_af162869581b-9-2f424bad-bc5c-4080-af1a-22881de6b39f
2025-08-07 12:28:42,742 INFO  [org.apa.kaf.cli.con.int.ConsumerCoordinator] (Thread-660) [Consumer clientId=consumer-Consumer-topic-28d3e2ae_ae7b_43a7_b5a9_af162869581b-9, groupId=Consumer-topic-28d3e2ae_ae7b_43a7_b5a9_af162869581b] (Re-)joining group
2025-08-07 12:28:43,735 INFO  [io.api.tes.ser.api.KafkaSerdesTester] (Thread-660) None found
2025-08-07 12:28:44,735 INFO  [io.api.tes.ser.api.KafkaSerdesTester] (Thread-660) None found
2025-08-07 12:28:45,736 INFO  [io.api.tes.ser.api.KafkaSerdesTester] (Thread-660) None found
2025-08-07 12:28:45,743 INFO  [org.apa.kaf.cli.con.int.ConsumerCoordinator] (Thread-660) [Consumer clientId=consumer-Consumer-topic-28d3e2ae_ae7b_43a7_b5a9_af162869581b-9, groupId=Consumer-topic-28d3e2ae_ae7b_43a7_b5a9_af162869581b] Successfully joined group with generation Generation{generationId=1, memberId='consumer-Consumer-topic-28d3e2ae_ae7b_43a7_b5a9_af162869581b-9-2f424bad-bc5c-4080-af1a-22881de6b39f', protocol='range'}
2025-08-07 12:28:45,744 INFO  [org.apa.kaf.cli.con.int.ConsumerCoordinator] (Thread-660) [Consumer clientId=consumer-Consumer-topic-28d3e2ae_ae7b_43a7_b5a9_af162869581b-9, groupId=Consumer-topic-28d3e2ae_ae7b_43a7_b5a9_af162869581b] Finished assignment for group at generation 1: {consumer-Consumer-topic-28d3e2ae_ae7b_43a7_b5a9_af162869581b-9-2f424bad-bc5c-4080-af1a-22881de6b39f=Assignment(partitions=[topic-28d3e2ae_ae7b_43a7_b5a9_af162869581b-0])}
2025-08-07 12:28:45,751 INFO  [org.apa.kaf.cli.con.int.ConsumerCoordinator] (Thread-660) [Consumer clientId=consumer-Consumer-topic-28d3e2ae_ae7b_43a7_b5a9_af162869581b-9, groupId=Consumer-topic-28d3e2ae_ae7b_43a7_b5a9_af162869581b] Successfully synced group in generation Generation{generationId=1, memberId='consumer-Consumer-topic-28d3e2ae_ae7b_43a7_b5a9_af162869581b-9-2f424bad-bc5c-4080-af1a-22881de6b39f', protocol='range'}
2025-08-07 12:28:45,751 INFO  [org.apa.kaf.cli.con.int.ConsumerCoordinator] (Thread-660) [Consumer clientId=consumer-Consumer-topic-28d3e2ae_ae7b_43a7_b5a9_af162869581b-9, groupId=Consumer-topic-28d3e2ae_ae7b_43a7_b5a9_af162869581b] Notifying assignor about the new Assignment(partitions=[topic-28d3e2ae_ae7b_43a7_b5a9_af162869581b-0])
2025-08-07 12:28:45,751 INFO  [org.apa.kaf.cli.con.int.ConsumerRebalanceListenerInvoker] (Thread-660) [Consumer clientId=consumer-Consumer-topic-28d3e2ae_ae7b_43a7_b5a9_af162869581b-9, groupId=Consumer-topic-28d3e2ae_ae7b_43a7_b5a9_af162869581b] Adding newly assigned partitions: topic-28d3e2ae_ae7b_43a7_b5a9_af162869581b-0
2025-08-07 12:28:45,752 INFO  [org.apa.kaf.cli.con.int.ConsumerCoordinator] (Thread-660) [Consumer clientId=consumer-Consumer-topic-28d3e2ae_ae7b_43a7_b5a9_af162869581b-9, groupId=Consumer-topic-28d3e2ae_ae7b_43a7_b5a9_af162869581b] Found no committed offset for partition topic-28d3e2ae_ae7b_43a7_b5a9_af162869581b-0
2025-08-07 12:28:45,758 INFO  [org.apa.kaf.cli.con.int.SubscriptionState] (Thread-660) [Consumer clientId=consumer-Consumer-topic-28d3e2ae_ae7b_43a7_b5a9_af162869581b-9, groupId=Consumer-topic-28d3e2ae_ae7b_43a7_b5a9_af162869581b] Resetting offset for partition topic-28d3e2ae_ae7b_43a7_b5a9_af162869581b-0 to position FetchPosition{offset=0, offsetEpoch=Optional.empty, currentLeader=LeaderAndEpoch{leader=Optional[localhost:32769 (id: 0 rack: null)], epoch=0}}.
2025-08-07 12:28:45,978 INFO  [io.api.tes.ser.api.KafkaSerdesTester] (Thread-660) topic-28d3e2ae_ae7b_43a7_b5a9_af162869581b 0 0 {"key11754569721372": "value-0"}
2025-08-07 12:28:45,978 INFO  [io.api.tes.ser.api.KafkaSerdesTester] (Thread-660) topic-28d3e2ae_ae7b_43a7_b5a9_af162869581b 0 1 {"key11754569721372": "value-1"}
2025-08-07 12:28:45,978 INFO  [io.api.tes.ser.api.KafkaSerdesTester] (Thread-660) topic-28d3e2ae_ae7b_43a7_b5a9_af162869581b 0 2 {"key11754569721372": "value-2"}
2025-08-07 12:28:45,978 INFO  [io.api.tes.ser.api.KafkaSerdesTester] (Thread-660) topic-28d3e2ae_ae7b_43a7_b5a9_af162869581b 0 3 {"key11754569721372": "value-3"}
2025-08-07 12:28:45,978 INFO  [io.api.tes.ser.api.KafkaSerdesTester] (Thread-660) topic-28d3e2ae_ae7b_43a7_b5a9_af162869581b 0 4 {"key11754569721372": "value-4"}
2025-08-07 12:28:45,978 INFO  [io.api.tes.ser.api.KafkaSerdesTester] (Thread-660) topic-28d3e2ae_ae7b_43a7_b5a9_af162869581b 0 5 {"key11754569721372": "value-5"}
2025-08-07 12:28:45,978 INFO  [io.api.tes.ser.api.KafkaSerdesTester] (Thread-660) topic-28d3e2ae_ae7b_43a7_b5a9_af162869581b 0 6 {"key11754569721372": "value-6"}
2025-08-07 12:28:45,978 INFO  [io.api.tes.ser.api.KafkaSerdesTester] (Thread-660) topic-28d3e2ae_ae7b_43a7_b5a9_af162869581b 0 7 {"key11754569721372": "value-7"}
2025-08-07 12:28:45,978 INFO  [io.api.tes.ser.api.KafkaSerdesTester] (Thread-660) topic-28d3e2ae_ae7b_43a7_b5a9_af162869581b 0 8 {"key11754569721372": "value-8"}
2025-08-07 12:28:45,978 INFO  [io.api.tes.ser.api.KafkaSerdesTester] (Thread-660) topic-28d3e2ae_ae7b_43a7_b5a9_af162869581b 0 9 {"key11754569721372": "value-9"}
2025-08-07 12:28:45,978 INFO  [io.api.tes.ser.api.KafkaSerdesTester] (Thread-660) Consumed 10 messages
2025-08-07 12:28:45,979 INFO  [io.api.tes.ser.api.AvroSerdeIT] (main) Registering Avro Schema 2: {"type":"record","name":"sea5e91f5x0f63x42f1xb8bfxd451c716f37e","namespace":"ns_691d3993_795e_433b_a481_ca488bc60cdc","fields":[{"name":"key11754569721372","type":"string"},{"name":"key21754569725978","type":"string"}]}
2025-08-07 12:28:47,147 INFO  [io.api.tes.ser.api.KafkaSerdesTester] (Thread-661) Sending message {"key11754569721372": "value-0", "key21754569725978": "value-0"} to topic topic-28d3e2ae_ae7b_43a7_b5a9_af162869581b
2025-08-07 12:28:47,148 INFO  [DefaultSchemaResolver] (Thread-661) Retrieving schema content using string: {"type":"record","name":"sea5e91f5x0f63x42f1xb8bfxd451c716f37e","namespace":"ns_691d3993_795e_433b_a481_ca488bc60cdc","fields":[{"name":"key11754569721372","type":"string"},{"name":"key21754569725978","type":"string"}]}
2025-08-07 12:28:47,228 INFO  [io.api.tes.ser.api.KafkaSerdesTester] (Thread-661) Sending message {"key11754569721372": "value-1", "key21754569725978": "value-1"} to topic topic-28d3e2ae_ae7b_43a7_b5a9_af162869581b
2025-08-07 12:28:47,229 INFO  [io.api.tes.ser.api.KafkaSerdesTester] (Thread-661) Sending message {"key11754569721372": "value-2", "key21754569725978": "value-2"} to topic topic-28d3e2ae_ae7b_43a7_b5a9_af162869581b
2025-08-07 12:28:47,231 INFO  [io.api.tes.ser.api.KafkaSerdesTester] (Thread-661) Sending message {"key11754569721372": "value-3", "key21754569725978": "value-3"} to topic topic-28d3e2ae_ae7b_43a7_b5a9_af162869581b
2025-08-07 12:28:47,233 INFO  [io.api.tes.ser.api.KafkaSerdesTester] (Thread-661) Sending message {"key11754569721372": "value-4", "key21754569725978": "value-4"} to topic topic-28d3e2ae_ae7b_43a7_b5a9_af162869581b
2025-08-07 12:28:47,235 INFO  [io.api.tes.ser.api.KafkaSerdesTester] (Thread-661) Sending message {"key11754569721372": "value-5", "key21754569725978": "value-5"} to topic topic-28d3e2ae_ae7b_43a7_b5a9_af162869581b
2025-08-07 12:28:47,237 INFO  [io.api.tes.ser.api.KafkaSerdesTester] (Thread-661) Sending message {"key11754569721372": "value-6", "key21754569725978": "value-6"} to topic topic-28d3e2ae_ae7b_43a7_b5a9_af162869581b
2025-08-07 12:28:47,239 INFO  [io.api.tes.ser.api.KafkaSerdesTester] (Thread-661) Sending message {"key11754569721372": "value-7", "key21754569725978": "value-7"} to topic topic-28d3e2ae_ae7b_43a7_b5a9_af162869581b
2025-08-07 12:28:47,240 INFO  [io.api.tes.ser.api.KafkaSerdesTester] (Thread-661) Sending message {"key11754569721372": "value-8", "key21754569725978": "value-8"} to topic topic-28d3e2ae_ae7b_43a7_b5a9_af162869581b
2025-08-07 12:28:47,242 INFO  [io.api.tes.ser.api.KafkaSerdesTester] (Thread-661) Sending message {"key11754569721372": "value-9", "key21754569725978": "value-9"} to topic topic-28d3e2ae_ae7b_43a7_b5a9_af162869581b
2025-08-07 12:28:47,244 INFO  [io.api.tes.ser.api.KafkaSerdesTester] (Thread-661) Produced 10 messages
2025-08-07 12:28:47,244 INFO  [io.api.tes.ser.api.KafkaSerdesTester] (Thread-662) Sending message {"key11754569721372": "value-0"} to topic topic-28d3e2ae_ae7b_43a7_b5a9_af162869581b
2025-08-07 12:28:47,246 INFO  [io.api.tes.ser.api.KafkaSerdesTester] (Thread-662) Sending message {"key11754569721372": "value-1"} to topic topic-28d3e2ae_ae7b_43a7_b5a9_af162869581b
2025-08-07 12:28:47,248 INFO  [io.api.tes.ser.api.KafkaSerdesTester] (Thread-662) Sending message {"key11754569721372": "value-2"} to topic topic-28d3e2ae_ae7b_43a7_b5a9_af162869581b
2025-08-07 12:28:47,250 INFO  [io.api.tes.ser.api.KafkaSerdesTester] (Thread-662) Sending message {"key11754569721372": "value-3"} to topic topic-28d3e2ae_ae7b_43a7_b5a9_af162869581b
2025-08-07 12:28:47,251 INFO  [io.api.tes.ser.api.KafkaSerdesTester] (Thread-662) Sending message {"key11754569721372": "value-4"} to topic topic-28d3e2ae_ae7b_43a7_b5a9_af162869581b
2025-08-07 12:28:47,253 INFO  [io.api.tes.ser.api.KafkaSerdesTester] (Thread-662) Sending message {"key11754569721372": "value-5"} to topic topic-28d3e2ae_ae7b_43a7_b5a9_af162869581b
2025-08-07 12:28:47,255 INFO  [io.api.tes.ser.api.KafkaSerdesTester] (Thread-662) Sending message {"key11754569721372": "value-6"} to topic topic-28d3e2ae_ae7b_43a7_b5a9_af162869581b
2025-08-07 12:28:47,257 INFO  [io.api.tes.ser.api.KafkaSerdesTester] (Thread-662) Sending message {"key11754569721372": "value-7"} to topic topic-28d3e2ae_ae7b_43a7_b5a9_af162869581b
2025-08-07 12:28:47,258 INFO  [io.api.tes.ser.api.KafkaSerdesTester] (Thread-662) Sending message {"key11754569721372": "value-8"} to topic topic-28d3e2ae_ae7b_43a7_b5a9_af162869581b
2025-08-07 12:28:47,259 INFO  [io.api.tes.ser.api.KafkaSerdesTester] (Thread-662) Sending message {"key11754569721372": "value-9"} to topic topic-28d3e2ae_ae7b_43a7_b5a9_af162869581b
2025-08-07 12:28:47,261 INFO  [io.api.tes.ser.api.KafkaSerdesTester] (Thread-662) Produced 10 messages
2025-08-07 12:28:47,263 INFO  [org.apa.kaf.cli.con.int.ClassicKafkaConsumer] (Thread-663) [Consumer clientId=consumer-Consumer-topic-28d3e2ae_ae7b_43a7_b5a9_af162869581b-9, groupId=Consumer-topic-28d3e2ae_ae7b_43a7_b5a9_af162869581b] Subscribed to topic(s): topic-28d3e2ae_ae7b_43a7_b5a9_af162869581b
2025-08-07 12:28:47,416 INFO  [io.api.tes.ser.api.KafkaSerdesTester] (Thread-663) topic-28d3e2ae_ae7b_43a7_b5a9_af162869581b 0 10 {"key11754569721372": "value-0", "key21754569725978": "value-0"}
2025-08-07 12:28:47,417 INFO  [io.api.tes.ser.api.KafkaSerdesTester] (Thread-663) topic-28d3e2ae_ae7b_43a7_b5a9_af162869581b 0 11 {"key11754569721372": "value-1", "key21754569725978": "value-1"}
2025-08-07 12:28:47,417 INFO  [io.api.tes.ser.api.KafkaSerdesTester] (Thread-663) topic-28d3e2ae_ae7b_43a7_b5a9_af162869581b 0 12 {"key11754569721372": "value-2", "key21754569725978": "value-2"}
2025-08-07 12:28:47,417 INFO  [io.api.tes.ser.api.KafkaSerdesTester] (Thread-663) topic-28d3e2ae_ae7b_43a7_b5a9_af162869581b 0 13 {"key11754569721372": "value-3", "key21754569725978": "value-3"}
2025-08-07 12:28:47,417 INFO  [io.api.tes.ser.api.KafkaSerdesTester] (Thread-663) topic-28d3e2ae_ae7b_43a7_b5a9_af162869581b 0 14 {"key11754569721372": "value-4", "key21754569725978": "value-4"}
2025-08-07 12:28:47,417 INFO  [io.api.tes.ser.api.KafkaSerdesTester] (Thread-663) topic-28d3e2ae_ae7b_43a7_b5a9_af162869581b 0 15 {"key11754569721372": "value-5", "key21754569725978": "value-5"}
2025-08-07 12:28:47,417 INFO  [io.api.tes.ser.api.KafkaSerdesTester] (Thread-663) topic-28d3e2ae_ae7b_43a7_b5a9_af162869581b 0 16 {"key11754569721372": "value-6", "key21754569725978": "value-6"}
2025-08-07 12:28:47,417 INFO  [io.api.tes.ser.api.KafkaSerdesTester] (Thread-663) topic-28d3e2ae_ae7b_43a7_b5a9_af162869581b 0 17 {"key11754569721372": "value-7", "key21754569725978": "value-7"}
2025-08-07 12:28:47,417 INFO  [io.api.tes.ser.api.KafkaSerdesTester] (Thread-663) topic-28d3e2ae_ae7b_43a7_b5a9_af162869581b 0 18 {"key11754569721372": "value-8", "key21754569725978": "value-8"}
2025-08-07 12:28:47,417 INFO  [io.api.tes.ser.api.KafkaSerdesTester] (Thread-663) topic-28d3e2ae_ae7b_43a7_b5a9_af162869581b 0 19 {"key11754569721372": "value-9", "key21754569725978": "value-9"}
2025-08-07 12:28:47,417 INFO  [io.api.tes.ser.api.KafkaSerdesTester] (Thread-663) topic-28d3e2ae_ae7b_43a7_b5a9_af162869581b 0 20 {"key11754569721372": "value-0"}
2025-08-07 12:28:47,417 INFO  [io.api.tes.ser.api.KafkaSerdesTester] (Thread-663) topic-28d3e2ae_ae7b_43a7_b5a9_af162869581b 0 21 {"key11754569721372": "value-1"}
2025-08-07 12:28:47,417 INFO  [io.api.tes.ser.api.KafkaSerdesTester] (Thread-663) topic-28d3e2ae_ae7b_43a7_b5a9_af162869581b 0 22 {"key11754569721372": "value-2"}
2025-08-07 12:28:47,417 INFO  [io.api.tes.ser.api.KafkaSerdesTester] (Thread-663) topic-28d3e2ae_ae7b_43a7_b5a9_af162869581b 0 23 {"key11754569721372": "value-3"}
2025-08-07 12:28:47,417 INFO  [io.api.tes.ser.api.KafkaSerdesTester] (Thread-663) topic-28d3e2ae_ae7b_43a7_b5a9_af162869581b 0 24 {"key11754569721372": "value-4"}
2025-08-07 12:28:47,417 INFO  [io.api.tes.ser.api.KafkaSerdesTester] (Thread-663) topic-28d3e2ae_ae7b_43a7_b5a9_af162869581b 0 25 {"key11754569721372": "value-5"}
2025-08-07 12:28:47,417 INFO  [io.api.tes.ser.api.KafkaSerdesTester] (Thread-663) topic-28d3e2ae_ae7b_43a7_b5a9_af162869581b 0 26 {"key11754569721372": "value-6"}
2025-08-07 12:28:47,417 INFO  [io.api.tes.ser.api.KafkaSerdesTester] (Thread-663) topic-28d3e2ae_ae7b_43a7_b5a9_af162869581b 0 27 {"key11754569721372": "value-7"}
2025-08-07 12:28:47,417 INFO  [io.api.tes.ser.api.KafkaSerdesTester] (Thread-663) topic-28d3e2ae_ae7b_43a7_b5a9_af162869581b 0 28 {"key11754569721372": "value-8"}
2025-08-07 12:28:47,417 INFO  [io.api.tes.ser.api.KafkaSerdesTester] (Thread-663) topic-28d3e2ae_ae7b_43a7_b5a9_af162869581b 0 29 {"key11754569721372": "value-9"}
2025-08-07 12:28:47,417 INFO  [io.api.tes.ser.api.KafkaSerdesTester] (Thread-663) Consumed 20 messages
2025-08-07 12:28:47,418 INFO  [io.api.tes.ser.api.AvroSerdeIT] (main) Registering Avro Schema 3: {"type":"record","name":"sea5e91f5x0f63x42f1xb8bfxd451c716f37e","namespace":"ns_691d3993_795e_433b_a481_ca488bc60cdc","fields":[{"name":"key11754569721372","type":"string"},{"name":"key21754569725978","type":"string"},{"name":"key31754569727418","type":"string"}]}
2025-08-07 12:28:48,584 INFO  [io.api.tes.ser.api.KafkaSerdesTester] (Thread-664) Sending message {"key11754569721372": "value-0", "key21754569725978": "value-0", "key31754569727418": "value-0"} to topic topic-28d3e2ae_ae7b_43a7_b5a9_af162869581b
2025-08-07 12:28:48,584 INFO  [DefaultSchemaResolver] (Thread-664) Retrieving schema content using string: {"type":"record","name":"sea5e91f5x0f63x42f1xb8bfxd451c716f37e","namespace":"ns_691d3993_795e_433b_a481_ca488bc60cdc","fields":[{"name":"key11754569721372","type":"string"},{"name":"key21754569725978","type":"string"},{"name":"key31754569727418","type":"string"}]}
2025-08-07 12:28:48,659 INFO  [io.api.tes.ser.api.KafkaSerdesTester] (Thread-664) Sending message {"key11754569721372": "value-1", "key21754569725978": "value-1", "key31754569727418": "value-1"} to topic topic-28d3e2ae_ae7b_43a7_b5a9_af162869581b
2025-08-07 12:28:48,661 INFO  [io.api.tes.ser.api.KafkaSerdesTester] (Thread-664) Sending message {"key11754569721372": "value-2", "key21754569725978": "value-2", "key31754569727418": "value-2"} to topic topic-28d3e2ae_ae7b_43a7_b5a9_af162869581b
2025-08-07 12:28:48,664 INFO  [io.api.tes.ser.api.KafkaSerdesTester] (Thread-664) Sending message {"key11754569721372": "value-3", "key21754569725978": "value-3", "key31754569727418": "value-3"} to topic topic-28d3e2ae_ae7b_43a7_b5a9_af162869581b
2025-08-07 12:28:48,666 INFO  [io.api.tes.ser.api.KafkaSerdesTester] (Thread-664) Sending message {"key11754569721372": "value-4", "key21754569725978": "value-4", "key31754569727418": "value-4"} to topic topic-28d3e2ae_ae7b_43a7_b5a9_af162869581b
2025-08-07 12:28:48,668 INFO  [io.api.tes.ser.api.KafkaSerdesTester] (Thread-664) Sending message {"key11754569721372": "value-5", "key21754569725978": "value-5", "key31754569727418": "value-5"} to topic topic-28d3e2ae_ae7b_43a7_b5a9_af162869581b
2025-08-07 12:28:48,670 INFO  [io.api.tes.ser.api.KafkaSerdesTester] (Thread-664) Sending message {"key11754569721372": "value-6", "key21754569725978": "value-6", "key31754569727418": "value-6"} to topic topic-28d3e2ae_ae7b_43a7_b5a9_af162869581b
2025-08-07 12:28:48,671 INFO  [io.api.tes.ser.api.KafkaSerdesTester] (Thread-664) Sending message {"key11754569721372": "value-7", "key21754569725978": "value-7", "key31754569727418": "value-7"} to topic topic-28d3e2ae_ae7b_43a7_b5a9_af162869581b
2025-08-07 12:28:48,673 INFO  [io.api.tes.ser.api.KafkaSerdesTester] (Thread-664) Sending message {"key11754569721372": "value-8", "key21754569725978": "value-8", "key31754569727418": "value-8"} to topic topic-28d3e2ae_ae7b_43a7_b5a9_af162869581b
2025-08-07 12:28:48,675 INFO  [io.api.tes.ser.api.KafkaSerdesTester] (Thread-664) Sending message {"key11754569721372": "value-9", "key21754569725978": "value-9", "key31754569727418": "value-9"} to topic topic-28d3e2ae_ae7b_43a7_b5a9_af162869581b
2025-08-07 12:28:48,677 INFO  [io.api.tes.ser.api.KafkaSerdesTester] (Thread-664) Produced 10 messages
2025-08-07 12:28:48,678 INFO  [io.api.tes.ser.api.KafkaSerdesTester] (Thread-665) Sending message {"key11754569721372": "value-0", "key21754569725978": "value-0"} to topic topic-28d3e2ae_ae7b_43a7_b5a9_af162869581b
2025-08-07 12:28:48,679 INFO  [io.api.tes.ser.api.KafkaSerdesTester] (Thread-665) Sending message {"key11754569721372": "value-1", "key21754569725978": "value-1"} to topic topic-28d3e2ae_ae7b_43a7_b5a9_af162869581b
2025-08-07 12:28:48,681 INFO  [io.api.tes.ser.api.KafkaSerdesTester] (Thread-665) Sending message {"key11754569721372": "value-2", "key21754569725978": "value-2"} to topic topic-28d3e2ae_ae7b_43a7_b5a9_af162869581b
2025-08-07 12:28:48,682 INFO  [io.api.tes.ser.api.KafkaSerdesTester] (Thread-665) Sending message {"key11754569721372": "value-3", "key21754569725978": "value-3"} to topic topic-28d3e2ae_ae7b_43a7_b5a9_af162869581b
2025-08-07 12:28:48,684 INFO  [io.api.tes.ser.api.KafkaSerdesTester] (Thread-665) Sending message {"key11754569721372": "value-4", "key21754569725978": "value-4"} to topic topic-28d3e2ae_ae7b_43a7_b5a9_af162869581b
2025-08-07 12:28:48,685 INFO  [io.api.tes.ser.api.KafkaSerdesTester] (Thread-665) Sending message {"key11754569721372": "value-5", "key21754569725978": "value-5"} to topic topic-28d3e2ae_ae7b_43a7_b5a9_af162869581b
2025-08-07 12:28:48,687 INFO  [io.api.tes.ser.api.KafkaSerdesTester] (Thread-665) Sending message {"key11754569721372": "value-6", "key21754569725978": "value-6"} to topic topic-28d3e2ae_ae7b_43a7_b5a9_af162869581b
2025-08-07 12:28:48,691 INFO  [io.api.tes.ser.api.KafkaSerdesTester] (Thread-665) Sending message {"key11754569721372": "value-7", "key21754569725978": "value-7"} to topic topic-28d3e2ae_ae7b_43a7_b5a9_af162869581b
2025-08-07 12:28:48,700 INFO  [io.api.tes.ser.api.KafkaSerdesTester] (Thread-665) Sending message {"key11754569721372": "value-8", "key21754569725978": "value-8"} to topic topic-28d3e2ae_ae7b_43a7_b5a9_af162869581b
2025-08-07 12:28:48,703 INFO  [io.api.tes.ser.api.KafkaSerdesTester] (Thread-665) Sending message {"key11754569721372": "value-9", "key21754569725978": "value-9"} to topic topic-28d3e2ae_ae7b_43a7_b5a9_af162869581b
2025-08-07 12:28:48,704 INFO  [io.api.tes.ser.api.KafkaSerdesTester] (Thread-665) Produced 10 messages
2025-08-07 12:28:48,705 INFO  [io.api.tes.ser.api.KafkaSerdesTester] (Thread-666) Sending message {"key11754569721372": "value-0"} to topic topic-28d3e2ae_ae7b_43a7_b5a9_af162869581b
2025-08-07 12:28:48,707 INFO  [io.api.tes.ser.api.KafkaSerdesTester] (Thread-666) Sending message {"key11754569721372": "value-1"} to topic topic-28d3e2ae_ae7b_43a7_b5a9_af162869581b
2025-08-07 12:28:48,709 INFO  [io.api.tes.ser.api.KafkaSerdesTester] (Thread-666) Sending message {"key11754569721372": "value-2"} to topic topic-28d3e2ae_ae7b_43a7_b5a9_af162869581b
2025-08-07 12:28:48,711 INFO  [io.api.tes.ser.api.KafkaSerdesTester] (Thread-666) Sending message {"key11754569721372": "value-3"} to topic topic-28d3e2ae_ae7b_43a7_b5a9_af162869581b
2025-08-07 12:28:48,713 INFO  [io.api.tes.ser.api.KafkaSerdesTester] (Thread-666) Sending message {"key11754569721372": "value-4"} to topic topic-28d3e2ae_ae7b_43a7_b5a9_af162869581b
2025-08-07 12:28:48,716 INFO  [io.api.tes.ser.api.KafkaSerdesTester] (Thread-666) Sending message {"key11754569721372": "value-5"} to topic topic-28d3e2ae_ae7b_43a7_b5a9_af162869581b
2025-08-07 12:28:48,717 INFO  [io.api.tes.ser.api.KafkaSerdesTester] (Thread-666) Sending message {"key11754569721372": "value-6"} to topic topic-28d3e2ae_ae7b_43a7_b5a9_af162869581b
2025-08-07 12:28:48,718 INFO  [io.api.tes.ser.api.KafkaSerdesTester] (Thread-666) Sending message {"key11754569721372": "value-7"} to topic topic-28d3e2ae_ae7b_43a7_b5a9_af162869581b
2025-08-07 12:28:48,720 INFO  [io.api.tes.ser.api.KafkaSerdesTester] (Thread-666) Sending message {"key11754569721372": "value-8"} to topic topic-28d3e2ae_ae7b_43a7_b5a9_af162869581b
2025-08-07 12:28:48,721 INFO  [io.api.tes.ser.api.KafkaSerdesTester] (Thread-666) Sending message {"key11754569721372": "value-9"} to topic topic-28d3e2ae_ae7b_43a7_b5a9_af162869581b
2025-08-07 12:28:48,723 INFO  [io.api.tes.ser.api.KafkaSerdesTester] (Thread-666) Produced 10 messages
2025-08-07 12:28:48,724 INFO  [org.apa.kaf.cli.con.int.ClassicKafkaConsumer] (Thread-667) [Consumer clientId=consumer-Consumer-topic-28d3e2ae_ae7b_43a7_b5a9_af162869581b-9, groupId=Consumer-topic-28d3e2ae_ae7b_43a7_b5a9_af162869581b] Subscribed to topic(s): topic-28d3e2ae_ae7b_43a7_b5a9_af162869581b
2025-08-07 12:28:48,879 INFO  [io.api.tes.ser.api.KafkaSerdesTester] (Thread-667) topic-28d3e2ae_ae7b_43a7_b5a9_af162869581b 0 30 {"key11754569721372": "value-0", "key21754569725978": "value-0", "key31754569727418": "value-0"}
2025-08-07 12:28:48,879 INFO  [io.api.tes.ser.api.KafkaSerdesTester] (Thread-667) topic-28d3e2ae_ae7b_43a7_b5a9_af162869581b 0 31 {"key11754569721372": "value-1", "key21754569725978": "value-1", "key31754569727418": "value-1"}
2025-08-07 12:28:48,879 INFO  [io.api.tes.ser.api.KafkaSerdesTester] (Thread-667) topic-28d3e2ae_ae7b_43a7_b5a9_af162869581b 0 32 {"key11754569721372": "value-2", "key21754569725978": "value-2", "key31754569727418": "value-2"}
2025-08-07 12:28:48,879 INFO  [io.api.tes.ser.api.KafkaSerdesTester] (Thread-667) topic-28d3e2ae_ae7b_43a7_b5a9_af162869581b 0 33 {"key11754569721372": "value-3", "key21754569725978": "value-3", "key31754569727418": "value-3"}
2025-08-07 12:28:48,880 INFO  [io.api.tes.ser.api.KafkaSerdesTester] (Thread-667) topic-28d3e2ae_ae7b_43a7_b5a9_af162869581b 0 34 {"key11754569721372": "value-4", "key21754569725978": "value-4", "key31754569727418": "value-4"}
2025-08-07 12:28:48,880 INFO  [io.api.tes.ser.api.KafkaSerdesTester] (Thread-667) topic-28d3e2ae_ae7b_43a7_b5a9_af162869581b 0 35 {"key11754569721372": "value-5", "key21754569725978": "value-5", "key31754569727418": "value-5"}
2025-08-07 12:28:48,880 INFO  [io.api.tes.ser.api.KafkaSerdesTester] (Thread-667) topic-28d3e2ae_ae7b_43a7_b5a9_af162869581b 0 36 {"key11754569721372": "value-6", "key21754569725978": "value-6", "key31754569727418": "value-6"}
2025-08-07 12:28:48,880 INFO  [io.api.tes.ser.api.KafkaSerdesTester] (Thread-667) topic-28d3e2ae_ae7b_43a7_b5a9_af162869581b 0 37 {"key11754569721372": "value-7", "key21754569725978": "value-7", "key31754569727418": "value-7"}
2025-08-07 12:28:48,880 INFO  [io.api.tes.ser.api.KafkaSerdesTester] (Thread-667) topic-28d3e2ae_ae7b_43a7_b5a9_af162869581b 0 38 {"key11754569721372": "value-8", "key21754569725978": "value-8", "key31754569727418": "value-8"}
2025-08-07 12:28:48,880 INFO  [io.api.tes.ser.api.KafkaSerdesTester] (Thread-667) topic-28d3e2ae_ae7b_43a7_b5a9_af162869581b 0 39 {"key11754569721372": "value-9", "key21754569725978": "value-9", "key31754569727418": "value-9"}
2025-08-07 12:28:48,880 INFO  [io.api.tes.ser.api.KafkaSerdesTester] (Thread-667) topic-28d3e2ae_ae7b_43a7_b5a9_af162869581b 0 40 {"key11754569721372": "value-0", "key21754569725978": "value-0"}
2025-08-07 12:28:48,880 INFO  [io.api.tes.ser.api.KafkaSerdesTester] (Thread-667) topic-28d3e2ae_ae7b_43a7_b5a9_af162869581b 0 41 {"key11754569721372": "value-1", "key21754569725978": "value-1"}
2025-08-07 12:28:48,880 INFO  [io.api.tes.ser.api.KafkaSerdesTester] (Thread-667) topic-28d3e2ae_ae7b_43a7_b5a9_af162869581b 0 42 {"key11754569721372": "value-2", "key21754569725978": "value-2"}
2025-08-07 12:28:48,880 INFO  [io.api.tes.ser.api.KafkaSerdesTester] (Thread-667) topic-28d3e2ae_ae7b_43a7_b5a9_af162869581b 0 43 {"key11754569721372": "value-3", "key21754569725978": "value-3"}
2025-08-07 12:28:48,880 INFO  [io.api.tes.ser.api.KafkaSerdesTester] (Thread-667) topic-28d3e2ae_ae7b_43a7_b5a9_af162869581b 0 44 {"key11754569721372": "value-4", "key21754569725978": "value-4"}
2025-08-07 12:28:48,880 INFO  [io.api.tes.ser.api.KafkaSerdesTester] (Thread-667) topic-28d3e2ae_ae7b_43a7_b5a9_af162869581b 0 45 {"key11754569721372": "value-5", "key21754569725978": "value-5"}
2025-08-07 12:28:48,880 INFO  [io.api.tes.ser.api.KafkaSerdesTester] (Thread-667) topic-28d3e2ae_ae7b_43a7_b5a9_af162869581b 0 46 {"key11754569721372": "value-6", "key21754569725978": "value-6"}
2025-08-07 12:28:48,880 INFO  [io.api.tes.ser.api.KafkaSerdesTester] (Thread-667) topic-28d3e2ae_ae7b_43a7_b5a9_af162869581b 0 47 {"key11754569721372": "value-7", "key21754569725978": "value-7"}
2025-08-07 12:28:48,880 INFO  [io.api.tes.ser.api.KafkaSerdesTester] (Thread-667) topic-28d3e2ae_ae7b_43a7_b5a9_af162869581b 0 48 {"key11754569721372": "value-8", "key21754569725978": "value-8"}
2025-08-07 12:28:48,880 INFO  [io.api.tes.ser.api.KafkaSerdesTester] (Thread-667) topic-28d3e2ae_ae7b_43a7_b5a9_af162869581b 0 49 {"key11754569721372": "value-9", "key21754569725978": "value-9"}
2025-08-07 12:28:48,880 INFO  [io.api.tes.ser.api.KafkaSerdesTester] (Thread-667) topic-28d3e2ae_ae7b_43a7_b5a9_af162869581b 0 50 {"key11754569721372": "value-0"}
2025-08-07 12:28:48,880 INFO  [io.api.tes.ser.api.KafkaSerdesTester] (Thread-667) topic-28d3e2ae_ae7b_43a7_b5a9_af162869581b 0 51 {"key11754569721372": "value-1"}
2025-08-07 12:28:48,880 INFO  [io.api.tes.ser.api.KafkaSerdesTester] (Thread-667) topic-28d3e2ae_ae7b_43a7_b5a9_af162869581b 0 52 {"key11754569721372": "value-2"}
2025-08-07 12:28:48,880 INFO  [io.api.tes.ser.api.KafkaSerdesTester] (Thread-667) topic-28d3e2ae_ae7b_43a7_b5a9_af162869581b 0 53 {"key11754569721372": "value-3"}
2025-08-07 12:28:48,880 INFO  [io.api.tes.ser.api.KafkaSerdesTester] (Thread-667) topic-28d3e2ae_ae7b_43a7_b5a9_af162869581b 0 54 {"key11754569721372": "value-4"}
2025-08-07 12:28:48,880 INFO  [io.api.tes.ser.api.KafkaSerdesTester] (Thread-667) topic-28d3e2ae_ae7b_43a7_b5a9_af162869581b 0 55 {"key11754569721372": "value-5"}
2025-08-07 12:28:48,880 INFO  [io.api.tes.ser.api.KafkaSerdesTester] (Thread-667) topic-28d3e2ae_ae7b_43a7_b5a9_af162869581b 0 56 {"key11754569721372": "value-6"}
2025-08-07 12:28:48,880 INFO  [io.api.tes.ser.api.KafkaSerdesTester] (Thread-667) topic-28d3e2ae_ae7b_43a7_b5a9_af162869581b 0 57 {"key11754569721372": "value-7"}
2025-08-07 12:28:48,881 INFO  [io.api.tes.ser.api.KafkaSerdesTester] (Thread-667) topic-28d3e2ae_ae7b_43a7_b5a9_af162869581b 0 58 {"key11754569721372": "value-8"}
2025-08-07 12:28:48,881 INFO  [io.api.tes.ser.api.KafkaSerdesTester] (Thread-667) topic-28d3e2ae_ae7b_43a7_b5a9_af162869581b 0 59 {"key11754569721372": "value-9"}
2025-08-07 12:28:48,881 INFO  [io.api.tes.ser.api.KafkaSerdesTester] (Thread-667) Consumed 30 messages
2025-08-07 12:28:48,881 INFO  [org.apa.kaf.cli.pro.KafkaProducer] (main) [Producer clientId=Producer-topic-28d3e2ae_ae7b_43a7_b5a9_af162869581b] Closing the Kafka producer with timeoutMillis = 9223372036854775807 ms.
2025-08-07 12:28:48,883 INFO  [org.apa.kaf.com.met.Metrics] (main) Metrics scheduler closed
2025-08-07 12:28:48,883 INFO  [org.apa.kaf.com.met.Metrics] (main) Closing reporter org.apache.kafka.common.metrics.JmxReporter
2025-08-07 12:28:48,883 INFO  [org.apa.kaf.com.met.Metrics] (main) Closing reporter org.apache.kafka.common.telemetry.internals.ClientTelemetryReporter
2025-08-07 12:28:48,883 INFO  [org.apa.kaf.com.met.Metrics] (main) Metrics reporters closed
2025-08-07 12:28:48,883 INFO  [org.apa.kaf.com.uti.AppInfoParser] (main) App info kafka.producer for Producer-topic-28d3e2ae_ae7b_43a7_b5a9_af162869581b unregistered
2025-08-07 12:28:48,894 INFO  [org.apa.kaf.cli.con.int.ConsumerRebalanceListenerInvoker] (main) [Consumer clientId=consumer-Consumer-topic-28d3e2ae_ae7b_43a7_b5a9_af162869581b-9, groupId=Consumer-topic-28d3e2ae_ae7b_43a7_b5a9_af162869581b] Revoke previously assigned partitions topic-28d3e2ae_ae7b_43a7_b5a9_af162869581b-0
2025-08-07 12:28:48,895 INFO  [org.apa.kaf.cli.con.int.ConsumerCoordinator] (main) [Consumer clientId=consumer-Consumer-topic-28d3e2ae_ae7b_43a7_b5a9_af162869581b-9, groupId=Consumer-topic-28d3e2ae_ae7b_43a7_b5a9_af162869581b] Member consumer-Consumer-topic-28d3e2ae_ae7b_43a7_b5a9_af162869581b-9-2f424bad-bc5c-4080-af1a-22881de6b39f sending LeaveGroup request to coordinator localhost:32769 (id: 2147483647 rack: null) due to the consumer is being closed
2025-08-07 12:28:48,895 INFO  [org.apa.kaf.cli.con.int.ConsumerCoordinator] (main) [Consumer clientId=consumer-Consumer-topic-28d3e2ae_ae7b_43a7_b5a9_af162869581b-9, groupId=Consumer-topic-28d3e2ae_ae7b_43a7_b5a9_af162869581b] Resetting generation and member id due to: consumer pro-actively leaving the group
2025-08-07 12:28:48,895 INFO  [org.apa.kaf.cli.con.int.ConsumerCoordinator] (main) [Consumer clientId=consumer-Consumer-topic-28d3e2ae_ae7b_43a7_b5a9_af162869581b-9, groupId=Consumer-topic-28d3e2ae_ae7b_43a7_b5a9_af162869581b] Request joining group due to: consumer pro-actively leaving the group
2025-08-07 12:28:49,381 INFO  [org.apa.kaf.com.met.Metrics] (main) Metrics scheduler closed
2025-08-07 12:28:49,381 INFO  [org.apa.kaf.com.met.Metrics] (main) Closing reporter org.apache.kafka.common.metrics.JmxReporter
2025-08-07 12:28:49,381 INFO  [org.apa.kaf.com.met.Metrics] (main) Closing reporter org.apache.kafka.common.telemetry.internals.ClientTelemetryReporter
2025-08-07 12:28:49,381 INFO  [org.apa.kaf.com.met.Metrics] (main) Metrics reporters closed
2025-08-07 12:28:49,383 INFO  [org.apa.kaf.com.uti.AppInfoParser] (main) App info kafka.consumer for consumer-Consumer-topic-28d3e2ae_ae7b_43a7_b5a9_af162869581b-9 unregistered
2025-08-07 12:28:49,384 INFO  [io.api.tes.uti.TestSeparator] (main) io.apicurio.tests.serdes.apicurio.AvroSerdeIT.testEvolveAvroApicurioReusingClient-FINISHED
2025-08-07 12:28:49,384 INFO  [io.api.tes.uti.TestSeparator] (main) ############################################################################
Test passed: testEvolveAvroApicurioReusingClient
]]></system-out>
  </testcase>
  <testcase name="testProducerUsesDefaultConsumerUsesGlobalId" classname="io.apicurio.tests.serdes.apicurio.AvroSerdeIT" time="0.0">
    <skipped message="void io.apicurio.tests.serdes.apicurio.AvroSerdeIT.testProducerUsesDefaultConsumerUsesGlobalId() throws java.lang.Exception is @Disabled"/>
  </testcase>
  <testcase name="testEvolveAvroApicurio" classname="io.apicurio.tests.serdes.apicurio.AvroSerdeIT" time="16.339">
    <system-out><![CDATA[2025-08-07 12:28:49,392 INFO  [io.api.tes.uti.TestSeparator] (main) ############################################################################
2025-08-07 12:28:49,392 INFO  [io.api.tes.uti.TestSeparator] (main) io.apicurio.tests.serdes.apicurio.AvroSerdeIT.testEvolveAvroApicurio-STARTED
2025-08-07 12:28:49,392 INFO  [io.api.tes.ser.api.AvroSerdeIT] (main) Registering Avro Schema: {"type":"record","name":"s9b394a38x10bdx404fx9ff1x24c215d28c07","namespace":"ns_af310b85_f765_42cb_ad97_106158844de6","fields":[{"name":"key11754569729392","type":"string"}]}
**** Registry Base URL: http://registry-app-ksql047.apps.ci419.apicurio-testing.org:80
2025-08-07 12:28:50,567 INFO  [org.apa.kaf.cli.pro.ProducerConfig] (main) ProducerConfig values: 
	acks = -1
	auto.include.jmx.reporter = true
	batch.size = 16384
	bootstrap.servers = [PLAINTEXT://localhost:32769]
	buffer.memory = 33554432
	client.dns.lookup = use_all_dns_ips
	client.id = Producer-topic-da170e64_4995_48b2_bfaf_df36f8b4a69f
	compression.gzip.level = -1
	compression.lz4.level = 9
	compression.type = none
	compression.zstd.level = 3
	connections.max.idle.ms = 10000
	delivery.timeout.ms = 120000
	enable.idempotence = true
	enable.metrics.push = true
	interceptor.classes = []
	key.serializer = class org.apache.kafka.common.serialization.StringSerializer
	linger.ms = 0
	max.block.ms = 60000
	max.in.flight.requests.per.connection = 5
	max.request.size = 1048576
	metadata.max.age.ms = 300000
	metadata.max.idle.ms = 300000
	metadata.recovery.strategy = none
	metric.reporters = []
	metrics.num.samples = 2
	metrics.recording.level = INFO
	metrics.sample.window.ms = 30000
	partitioner.adaptive.partitioning.enable = true
	partitioner.availability.timeout.ms = 0
	partitioner.class = null
	partitioner.ignore.keys = false
	receive.buffer.bytes = 32768
	reconnect.backoff.max.ms = 1000
	reconnect.backoff.ms = 50
	request.timeout.ms = 5000
	retries = 2147483647
	retry.backoff.max.ms = 1000
	retry.backoff.ms = 100
	sasl.client.callback.handler.class = null
	sasl.jaas.config = null
	sasl.kerberos.kinit.cmd = /usr/bin/kinit
	sasl.kerberos.min.time.before.relogin = 60000
	sasl.kerberos.service.name = null
	sasl.kerberos.ticket.renew.jitter = 0.05
	sasl.kerberos.ticket.renew.window.factor = 0.8
	sasl.login.callback.handler.class = null
	sasl.login.class = null
	sasl.login.connect.timeout.ms = null
	sasl.login.read.timeout.ms = null
	sasl.login.refresh.buffer.seconds = 300
	sasl.login.refresh.min.period.seconds = 60
	sasl.login.refresh.window.factor = 0.8
	sasl.login.refresh.window.jitter = 0.05
	sasl.login.retry.backoff.max.ms = 10000
	sasl.login.retry.backoff.ms = 100
	sasl.mechanism = GSSAPI
	sasl.oauthbearer.clock.skew.seconds = 30
	sasl.oauthbearer.expected.audience = null
	sasl.oauthbearer.expected.issuer = null
	sasl.oauthbearer.header.urlencode = false
	sasl.oauthbearer.jwks.endpoint.refresh.ms = 3600000
	sasl.oauthbearer.jwks.endpoint.retry.backoff.max.ms = 10000
	sasl.oauthbearer.jwks.endpoint.retry.backoff.ms = 100
	sasl.oauthbearer.jwks.endpoint.url = null
	sasl.oauthbearer.scope.claim.name = scope
	sasl.oauthbearer.sub.claim.name = sub
	sasl.oauthbearer.token.endpoint.url = null
	security.protocol = PLAINTEXT
	security.providers = null
	send.buffer.bytes = 131072
	socket.connection.setup.timeout.max.ms = 30000
	socket.connection.setup.timeout.ms = 10000
	ssl.cipher.suites = null
	ssl.enabled.protocols = [TLSv1.2, TLSv1.3]
	ssl.endpoint.identification.algorithm = https
	ssl.engine.factory.class = null
	ssl.key.password = null
	ssl.keymanager.algorithm = SunX509
	ssl.keystore.certificate.chain = null
	ssl.keystore.key = null
	ssl.keystore.location = null
	ssl.keystore.password = null
	ssl.keystore.type = JKS
	ssl.protocol = TLSv1.3
	ssl.provider = null
	ssl.secure.random.implementation = null
	ssl.trustmanager.algorithm = PKIX
	ssl.truststore.certificates = null
	ssl.truststore.location = null
	ssl.truststore.password = null
	ssl.truststore.type = JKS
	transaction.timeout.ms = 60000
	transactional.id = null
	value.serializer = class io.apicurio.registry.serde.avro.AvroKafkaSerializer

2025-08-07 12:28:50,567 INFO  [org.apa.kaf.com.tel.int.KafkaMetricsCollector] (main) initializing Kafka metrics collector
2025-08-07 12:28:50,571 INFO  [org.apa.kaf.cli.pro.KafkaProducer] (main) [Producer clientId=Producer-topic-da170e64_4995_48b2_bfaf_df36f8b4a69f] Instantiated an idempotent producer.
2025-08-07 12:28:50,573 INFO  [org.apa.kaf.cli.pro.ProducerConfig] (main) These configurations '[apicurio.registry.url, apicurio.registry.artifact-resolver-strategy]' were supplied but are not used yet.
2025-08-07 12:28:50,573 INFO  [org.apa.kaf.com.uti.AppInfoParser] (main) Kafka version: 3.9.1
2025-08-07 12:28:50,573 INFO  [org.apa.kaf.com.uti.AppInfoParser] (main) Kafka commitId: f745dfdcee2b9851
2025-08-07 12:28:50,573 INFO  [org.apa.kaf.com.uti.AppInfoParser] (main) Kafka startTimeMs: 1754569730573
**** Registry Base URL: http://registry-app-ksql047.apps.ci419.apicurio-testing.org:80
2025-08-07 12:28:50,573 INFO  [org.apa.kaf.cli.con.ConsumerConfig] (main) ConsumerConfig values: 
	allow.auto.create.topics = true
	auto.commit.interval.ms = 500
	auto.include.jmx.reporter = true
	auto.offset.reset = earliest
	bootstrap.servers = [PLAINTEXT://localhost:32769]
	check.crcs = true
	client.dns.lookup = use_all_dns_ips
	client.id = consumer-Consumer-topic-da170e64_4995_48b2_bfaf_df36f8b4a69f-10
	client.rack = 
	connections.max.idle.ms = 10000
	default.api.timeout.ms = 60000
	enable.auto.commit = true
	enable.metrics.push = true
	exclude.internal.topics = true
	fetch.max.bytes = 52428800
	fetch.max.wait.ms = 500
	fetch.min.bytes = 1
	group.id = Consumer-topic-da170e64_4995_48b2_bfaf_df36f8b4a69f
	group.instance.id = null
	group.protocol = classic
	group.remote.assignor = null
	heartbeat.interval.ms = 3000
	interceptor.classes = []
	internal.leave.group.on.close = true
	internal.throw.on.fetch.stable.offset.unsupported = false
	isolation.level = read_uncommitted
	key.deserializer = class org.apache.kafka.common.serialization.StringDeserializer
	max.partition.fetch.bytes = 1048576
	max.poll.interval.ms = 300000
	max.poll.records = 500
	metadata.max.age.ms = 300000
	metadata.recovery.strategy = none
	metric.reporters = []
	metrics.num.samples = 2
	metrics.recording.level = INFO
	metrics.sample.window.ms = 30000
	partition.assignment.strategy = [class org.apache.kafka.clients.consumer.RangeAssignor, class org.apache.kafka.clients.consumer.CooperativeStickyAssignor]
	receive.buffer.bytes = 65536
	reconnect.backoff.max.ms = 1000
	reconnect.backoff.ms = 50
	request.timeout.ms = 5000
	retry.backoff.max.ms = 1000
	retry.backoff.ms = 100
	sasl.client.callback.handler.class = null
	sasl.jaas.config = null
	sasl.kerberos.kinit.cmd = /usr/bin/kinit
	sasl.kerberos.min.time.before.relogin = 60000
	sasl.kerberos.service.name = null
	sasl.kerberos.ticket.renew.jitter = 0.05
	sasl.kerberos.ticket.renew.window.factor = 0.8
	sasl.login.callback.handler.class = null
	sasl.login.class = null
	sasl.login.connect.timeout.ms = null
	sasl.login.read.timeout.ms = null
	sasl.login.refresh.buffer.seconds = 300
	sasl.login.refresh.min.period.seconds = 60
	sasl.login.refresh.window.factor = 0.8
	sasl.login.refresh.window.jitter = 0.05
	sasl.login.retry.backoff.max.ms = 10000
	sasl.login.retry.backoff.ms = 100
	sasl.mechanism = GSSAPI
	sasl.oauthbearer.clock.skew.seconds = 30
	sasl.oauthbearer.expected.audience = null
	sasl.oauthbearer.expected.issuer = null
	sasl.oauthbearer.header.urlencode = false
	sasl.oauthbearer.jwks.endpoint.refresh.ms = 3600000
	sasl.oauthbearer.jwks.endpoint.retry.backoff.max.ms = 10000
	sasl.oauthbearer.jwks.endpoint.retry.backoff.ms = 100
	sasl.oauthbearer.jwks.endpoint.url = null
	sasl.oauthbearer.scope.claim.name = scope
	sasl.oauthbearer.sub.claim.name = sub
	sasl.oauthbearer.token.endpoint.url = null
	security.protocol = PLAINTEXT
	security.providers = null
	send.buffer.bytes = 131072
	session.timeout.ms = 45000
	socket.connection.setup.timeout.max.ms = 30000
	socket.connection.setup.timeout.ms = 10000
	ssl.cipher.suites = null
	ssl.enabled.protocols = [TLSv1.2, TLSv1.3]
	ssl.endpoint.identification.algorithm = https
	ssl.engine.factory.class = null
	ssl.key.password = null
	ssl.keymanager.algorithm = SunX509
	ssl.keystore.certificate.chain = null
	ssl.keystore.key = null
	ssl.keystore.location = null
	ssl.keystore.password = null
	ssl.keystore.type = JKS
	ssl.protocol = TLSv1.3
	ssl.provider = null
	ssl.secure.random.implementation = null
	ssl.trustmanager.algorithm = PKIX
	ssl.truststore.certificates = null
	ssl.truststore.location = null
	ssl.truststore.password = null
	ssl.truststore.type = JKS
	value.deserializer = class io.apicurio.registry.serde.avro.AvroKafkaDeserializer

2025-08-07 12:28:50,574 INFO  [org.apa.kaf.com.tel.int.KafkaMetricsCollector] (main) initializing Kafka metrics collector
2025-08-07 12:28:50,579 INFO  [org.apa.kaf.cli.Metadata] (kafka-producer-network-thread | Producer-topic-da170e64_4995_48b2_bfaf_df36f8b4a69f) [Producer clientId=Producer-topic-da170e64_4995_48b2_bfaf_df36f8b4a69f] Cluster ID: Iafv2PskRxGTuYEST4AQwQ
2025-08-07 12:28:50,580 INFO  [org.apa.kaf.cli.pro.int.TransactionManager] (kafka-producer-network-thread | Producer-topic-da170e64_4995_48b2_bfaf_df36f8b4a69f) [Producer clientId=Producer-topic-da170e64_4995_48b2_bfaf_df36f8b4a69f] ProducerId set to 12 with epoch 0
2025-08-07 12:28:50,582 INFO  [org.apa.kaf.cli.con.ConsumerConfig] (main) These configurations '[apicurio.registry.url]' were supplied but are not used yet.
2025-08-07 12:28:50,582 INFO  [org.apa.kaf.com.uti.AppInfoParser] (main) Kafka version: 3.9.1
2025-08-07 12:28:50,582 INFO  [org.apa.kaf.com.uti.AppInfoParser] (main) Kafka commitId: f745dfdcee2b9851
2025-08-07 12:28:50,582 INFO  [org.apa.kaf.com.uti.AppInfoParser] (main) Kafka startTimeMs: 1754569730582
2025-08-07 12:28:50,583 INFO  [io.api.tes.ser.api.KafkaSerdesTester] (Thread-672) Sending message {"key11754569729392": "value-0"} to topic topic-da170e64_4995_48b2_bfaf_df36f8b4a69f
2025-08-07 12:28:50,588 INFO  [DefaultSchemaResolver] (Thread-672) Retrieving schema content using string: {"type":"record","name":"s9b394a38x10bdx404fx9ff1x24c215d28c07","namespace":"ns_af310b85_f765_42cb_ad97_106158844de6","fields":[{"name":"key11754569729392","type":"string"}]}
2025-08-07 12:28:50,740 INFO  [io.api.tes.ser.api.KafkaSerdesTester] (Thread-672) Sending message {"key11754569729392": "value-1"} to topic topic-da170e64_4995_48b2_bfaf_df36f8b4a69f
2025-08-07 12:28:50,742 INFO  [io.api.tes.ser.api.KafkaSerdesTester] (Thread-672) Sending message {"key11754569729392": "value-2"} to topic topic-da170e64_4995_48b2_bfaf_df36f8b4a69f
2025-08-07 12:28:50,744 INFO  [io.api.tes.ser.api.KafkaSerdesTester] (Thread-672) Sending message {"key11754569729392": "value-3"} to topic topic-da170e64_4995_48b2_bfaf_df36f8b4a69f
2025-08-07 12:28:50,745 INFO  [io.api.tes.ser.api.KafkaSerdesTester] (Thread-672) Sending message {"key11754569729392": "value-4"} to topic topic-da170e64_4995_48b2_bfaf_df36f8b4a69f
2025-08-07 12:28:50,746 INFO  [io.api.tes.ser.api.KafkaSerdesTester] (Thread-672) Sending message {"key11754569729392": "value-5"} to topic topic-da170e64_4995_48b2_bfaf_df36f8b4a69f
2025-08-07 12:28:50,748 INFO  [io.api.tes.ser.api.KafkaSerdesTester] (Thread-672) Sending message {"key11754569729392": "value-6"} to topic topic-da170e64_4995_48b2_bfaf_df36f8b4a69f
2025-08-07 12:28:50,754 INFO  [io.api.tes.ser.api.KafkaSerdesTester] (Thread-672) Sending message {"key11754569729392": "value-7"} to topic topic-da170e64_4995_48b2_bfaf_df36f8b4a69f
2025-08-07 12:28:50,756 INFO  [io.api.tes.ser.api.KafkaSerdesTester] (Thread-672) Sending message {"key11754569729392": "value-8"} to topic topic-da170e64_4995_48b2_bfaf_df36f8b4a69f
2025-08-07 12:28:50,759 INFO  [io.api.tes.ser.api.KafkaSerdesTester] (Thread-672) Sending message {"key11754569729392": "value-9"} to topic topic-da170e64_4995_48b2_bfaf_df36f8b4a69f
2025-08-07 12:28:50,762 INFO  [io.api.tes.ser.api.KafkaSerdesTester] (Thread-672) Produced 10 messages
2025-08-07 12:28:50,762 INFO  [org.apa.kaf.cli.pro.KafkaProducer] (Thread-672) [Producer clientId=Producer-topic-da170e64_4995_48b2_bfaf_df36f8b4a69f] Closing the Kafka producer with timeoutMillis = 9223372036854775807 ms.
2025-08-07 12:28:50,765 INFO  [org.apa.kaf.com.met.Metrics] (Thread-672) Metrics scheduler closed
2025-08-07 12:28:50,765 INFO  [org.apa.kaf.com.met.Metrics] (Thread-672) Closing reporter org.apache.kafka.common.metrics.JmxReporter
2025-08-07 12:28:50,765 INFO  [org.apa.kaf.com.met.Metrics] (Thread-672) Closing reporter org.apache.kafka.common.telemetry.internals.ClientTelemetryReporter
2025-08-07 12:28:50,766 INFO  [org.apa.kaf.com.met.Metrics] (Thread-672) Metrics reporters closed
2025-08-07 12:28:50,766 INFO  [org.apa.kaf.com.uti.AppInfoParser] (Thread-672) App info kafka.producer for Producer-topic-da170e64_4995_48b2_bfaf_df36f8b4a69f unregistered
2025-08-07 12:28:50,766 INFO  [org.apa.kaf.cli.con.int.ClassicKafkaConsumer] (Thread-673) [Consumer clientId=consumer-Consumer-topic-da170e64_4995_48b2_bfaf_df36f8b4a69f-10, groupId=Consumer-topic-da170e64_4995_48b2_bfaf_df36f8b4a69f] Subscribed to topic(s): topic-da170e64_4995_48b2_bfaf_df36f8b4a69f
2025-08-07 12:28:50,772 INFO  [org.apa.kaf.cli.Metadata] (Thread-673) [Consumer clientId=consumer-Consumer-topic-da170e64_4995_48b2_bfaf_df36f8b4a69f-10, groupId=Consumer-topic-da170e64_4995_48b2_bfaf_df36f8b4a69f] Cluster ID: Iafv2PskRxGTuYEST4AQwQ
2025-08-07 12:28:50,773 INFO  [org.apa.kaf.cli.con.int.ConsumerCoordinator] (Thread-673) [Consumer clientId=consumer-Consumer-topic-da170e64_4995_48b2_bfaf_df36f8b4a69f-10, groupId=Consumer-topic-da170e64_4995_48b2_bfaf_df36f8b4a69f] Discovered group coordinator localhost:32769 (id: 2147483647 rack: null)
2025-08-07 12:28:50,775 INFO  [org.apa.kaf.cli.con.int.ConsumerCoordinator] (Thread-673) [Consumer clientId=consumer-Consumer-topic-da170e64_4995_48b2_bfaf_df36f8b4a69f-10, groupId=Consumer-topic-da170e64_4995_48b2_bfaf_df36f8b4a69f] (Re-)joining group
2025-08-07 12:28:50,777 INFO  [org.apa.kaf.cli.con.int.ConsumerCoordinator] (Thread-673) [Consumer clientId=consumer-Consumer-topic-da170e64_4995_48b2_bfaf_df36f8b4a69f-10, groupId=Consumer-topic-da170e64_4995_48b2_bfaf_df36f8b4a69f] Request joining group due to: need to re-join with the given member-id: consumer-Consumer-topic-da170e64_4995_48b2_bfaf_df36f8b4a69f-10-5c90f5c4-c6bf-44d1-91d0-7dbf0a93cf3f
2025-08-07 12:28:50,777 INFO  [org.apa.kaf.cli.con.int.ConsumerCoordinator] (Thread-673) [Consumer clientId=consumer-Consumer-topic-da170e64_4995_48b2_bfaf_df36f8b4a69f-10, groupId=Consumer-topic-da170e64_4995_48b2_bfaf_df36f8b4a69f] (Re-)joining group
2025-08-07 12:28:51,767 INFO  [io.api.tes.ser.api.KafkaSerdesTester] (Thread-673) None found
2025-08-07 12:28:52,768 INFO  [io.api.tes.ser.api.KafkaSerdesTester] (Thread-673) None found
2025-08-07 12:28:53,769 INFO  [io.api.tes.ser.api.KafkaSerdesTester] (Thread-673) None found
2025-08-07 12:28:53,778 INFO  [org.apa.kaf.cli.con.int.ConsumerCoordinator] (Thread-673) [Consumer clientId=consumer-Consumer-topic-da170e64_4995_48b2_bfaf_df36f8b4a69f-10, groupId=Consumer-topic-da170e64_4995_48b2_bfaf_df36f8b4a69f] Successfully joined group with generation Generation{generationId=1, memberId='consumer-Consumer-topic-da170e64_4995_48b2_bfaf_df36f8b4a69f-10-5c90f5c4-c6bf-44d1-91d0-7dbf0a93cf3f', protocol='range'}
2025-08-07 12:28:53,779 INFO  [org.apa.kaf.cli.con.int.ConsumerCoordinator] (Thread-673) [Consumer clientId=consumer-Consumer-topic-da170e64_4995_48b2_bfaf_df36f8b4a69f-10, groupId=Consumer-topic-da170e64_4995_48b2_bfaf_df36f8b4a69f] Finished assignment for group at generation 1: {consumer-Consumer-topic-da170e64_4995_48b2_bfaf_df36f8b4a69f-10-5c90f5c4-c6bf-44d1-91d0-7dbf0a93cf3f=Assignment(partitions=[topic-da170e64_4995_48b2_bfaf_df36f8b4a69f-0])}
2025-08-07 12:28:53,786 INFO  [org.apa.kaf.cli.con.int.ConsumerCoordinator] (Thread-673) [Consumer clientId=consumer-Consumer-topic-da170e64_4995_48b2_bfaf_df36f8b4a69f-10, groupId=Consumer-topic-da170e64_4995_48b2_bfaf_df36f8b4a69f] Successfully synced group in generation Generation{generationId=1, memberId='consumer-Consumer-topic-da170e64_4995_48b2_bfaf_df36f8b4a69f-10-5c90f5c4-c6bf-44d1-91d0-7dbf0a93cf3f', protocol='range'}
2025-08-07 12:28:53,786 INFO  [org.apa.kaf.cli.con.int.ConsumerCoordinator] (Thread-673) [Consumer clientId=consumer-Consumer-topic-da170e64_4995_48b2_bfaf_df36f8b4a69f-10, groupId=Consumer-topic-da170e64_4995_48b2_bfaf_df36f8b4a69f] Notifying assignor about the new Assignment(partitions=[topic-da170e64_4995_48b2_bfaf_df36f8b4a69f-0])
2025-08-07 12:28:53,786 INFO  [org.apa.kaf.cli.con.int.ConsumerRebalanceListenerInvoker] (Thread-673) [Consumer clientId=consumer-Consumer-topic-da170e64_4995_48b2_bfaf_df36f8b4a69f-10, groupId=Consumer-topic-da170e64_4995_48b2_bfaf_df36f8b4a69f] Adding newly assigned partitions: topic-da170e64_4995_48b2_bfaf_df36f8b4a69f-0
2025-08-07 12:28:53,787 INFO  [org.apa.kaf.cli.con.int.ConsumerCoordinator] (Thread-673) [Consumer clientId=consumer-Consumer-topic-da170e64_4995_48b2_bfaf_df36f8b4a69f-10, groupId=Consumer-topic-da170e64_4995_48b2_bfaf_df36f8b4a69f] Found no committed offset for partition topic-da170e64_4995_48b2_bfaf_df36f8b4a69f-0
2025-08-07 12:28:53,790 INFO  [org.apa.kaf.cli.con.int.SubscriptionState] (Thread-673) [Consumer clientId=consumer-Consumer-topic-da170e64_4995_48b2_bfaf_df36f8b4a69f-10, groupId=Consumer-topic-da170e64_4995_48b2_bfaf_df36f8b4a69f] Resetting offset for partition topic-da170e64_4995_48b2_bfaf_df36f8b4a69f-0 to position FetchPosition{offset=0, offsetEpoch=Optional.empty, currentLeader=LeaderAndEpoch{leader=Optional[localhost:32769 (id: 0 rack: null)], epoch=0}}.
2025-08-07 12:28:53,999 INFO  [io.api.tes.ser.api.KafkaSerdesTester] (Thread-673) topic-da170e64_4995_48b2_bfaf_df36f8b4a69f 0 0 {"key11754569729392": "value-0"}
2025-08-07 12:28:53,999 INFO  [io.api.tes.ser.api.KafkaSerdesTester] (Thread-673) topic-da170e64_4995_48b2_bfaf_df36f8b4a69f 0 1 {"key11754569729392": "value-1"}
2025-08-07 12:28:53,999 INFO  [io.api.tes.ser.api.KafkaSerdesTester] (Thread-673) topic-da170e64_4995_48b2_bfaf_df36f8b4a69f 0 2 {"key11754569729392": "value-2"}
2025-08-07 12:28:53,999 INFO  [io.api.tes.ser.api.KafkaSerdesTester] (Thread-673) topic-da170e64_4995_48b2_bfaf_df36f8b4a69f 0 3 {"key11754569729392": "value-3"}
2025-08-07 12:28:53,999 INFO  [io.api.tes.ser.api.KafkaSerdesTester] (Thread-673) topic-da170e64_4995_48b2_bfaf_df36f8b4a69f 0 4 {"key11754569729392": "value-4"}
2025-08-07 12:28:53,999 INFO  [io.api.tes.ser.api.KafkaSerdesTester] (Thread-673) topic-da170e64_4995_48b2_bfaf_df36f8b4a69f 0 5 {"key11754569729392": "value-5"}
2025-08-07 12:28:53,999 INFO  [io.api.tes.ser.api.KafkaSerdesTester] (Thread-673) topic-da170e64_4995_48b2_bfaf_df36f8b4a69f 0 6 {"key11754569729392": "value-6"}
2025-08-07 12:28:54,000 INFO  [io.api.tes.ser.api.KafkaSerdesTester] (Thread-673) topic-da170e64_4995_48b2_bfaf_df36f8b4a69f 0 7 {"key11754569729392": "value-7"}
2025-08-07 12:28:54,000 INFO  [io.api.tes.ser.api.KafkaSerdesTester] (Thread-673) topic-da170e64_4995_48b2_bfaf_df36f8b4a69f 0 8 {"key11754569729392": "value-8"}
2025-08-07 12:28:54,000 INFO  [io.api.tes.ser.api.KafkaSerdesTester] (Thread-673) topic-da170e64_4995_48b2_bfaf_df36f8b4a69f 0 9 {"key11754569729392": "value-9"}
2025-08-07 12:28:54,000 INFO  [io.api.tes.ser.api.KafkaSerdesTester] (Thread-673) Consumed 10 messages
2025-08-07 12:28:54,007 INFO  [org.apa.kaf.cli.con.int.ConsumerRebalanceListenerInvoker] (Thread-673) [Consumer clientId=consumer-Consumer-topic-da170e64_4995_48b2_bfaf_df36f8b4a69f-10, groupId=Consumer-topic-da170e64_4995_48b2_bfaf_df36f8b4a69f] Revoke previously assigned partitions topic-da170e64_4995_48b2_bfaf_df36f8b4a69f-0
2025-08-07 12:28:54,007 INFO  [org.apa.kaf.cli.con.int.ConsumerCoordinator] (Thread-673) [Consumer clientId=consumer-Consumer-topic-da170e64_4995_48b2_bfaf_df36f8b4a69f-10, groupId=Consumer-topic-da170e64_4995_48b2_bfaf_df36f8b4a69f] Member consumer-Consumer-topic-da170e64_4995_48b2_bfaf_df36f8b4a69f-10-5c90f5c4-c6bf-44d1-91d0-7dbf0a93cf3f sending LeaveGroup request to coordinator localhost:32769 (id: 2147483647 rack: null) due to the consumer is being closed
2025-08-07 12:28:54,007 INFO  [org.apa.kaf.cli.con.int.ConsumerCoordinator] (Thread-673) [Consumer clientId=consumer-Consumer-topic-da170e64_4995_48b2_bfaf_df36f8b4a69f-10, groupId=Consumer-topic-da170e64_4995_48b2_bfaf_df36f8b4a69f] Resetting generation and member id due to: consumer pro-actively leaving the group
2025-08-07 12:28:54,007 INFO  [org.apa.kaf.cli.con.int.ConsumerCoordinator] (Thread-673) [Consumer clientId=consumer-Consumer-topic-da170e64_4995_48b2_bfaf_df36f8b4a69f-10, groupId=Consumer-topic-da170e64_4995_48b2_bfaf_df36f8b4a69f] Request joining group due to: consumer pro-actively leaving the group
2025-08-07 12:28:54,501 INFO  [org.apa.kaf.com.met.Metrics] (Thread-673) Metrics scheduler closed
2025-08-07 12:28:54,501 INFO  [org.apa.kaf.com.met.Metrics] (Thread-673) Closing reporter org.apache.kafka.common.metrics.JmxReporter
2025-08-07 12:28:54,501 INFO  [org.apa.kaf.com.met.Metrics] (Thread-673) Closing reporter org.apache.kafka.common.telemetry.internals.ClientTelemetryReporter
2025-08-07 12:28:54,501 INFO  [org.apa.kaf.com.met.Metrics] (Thread-673) Metrics reporters closed
2025-08-07 12:28:54,503 INFO  [org.apa.kaf.com.uti.AppInfoParser] (Thread-673) App info kafka.consumer for consumer-Consumer-topic-da170e64_4995_48b2_bfaf_df36f8b4a69f-10 unregistered
2025-08-07 12:28:54,504 INFO  [io.api.tes.ser.api.AvroSerdeIT] (main) Registering Avro Schema 2: {"type":"record","name":"s9b394a38x10bdx404fx9ff1x24c215d28c07","namespace":"ns_af310b85_f765_42cb_ad97_106158844de6","fields":[{"name":"key11754569729392","type":"string"},{"name":"key21754569734504","type":"string"}]}
**** Registry Base URL: http://registry-app-ksql047.apps.ci419.apicurio-testing.org:80
2025-08-07 12:28:55,672 INFO  [org.apa.kaf.cli.pro.ProducerConfig] (main) ProducerConfig values: 
	acks = -1
	auto.include.jmx.reporter = true
	batch.size = 16384
	bootstrap.servers = [PLAINTEXT://localhost:32769]
	buffer.memory = 33554432
	client.dns.lookup = use_all_dns_ips
	client.id = Producer-topic-da170e64_4995_48b2_bfaf_df36f8b4a69f
	compression.gzip.level = -1
	compression.lz4.level = 9
	compression.type = none
	compression.zstd.level = 3
	connections.max.idle.ms = 10000
	delivery.timeout.ms = 120000
	enable.idempotence = true
	enable.metrics.push = true
	interceptor.classes = []
	key.serializer = class org.apache.kafka.common.serialization.StringSerializer
	linger.ms = 0
	max.block.ms = 60000
	max.in.flight.requests.per.connection = 5
	max.request.size = 1048576
	metadata.max.age.ms = 300000
	metadata.max.idle.ms = 300000
	metadata.recovery.strategy = none
	metric.reporters = []
	metrics.num.samples = 2
	metrics.recording.level = INFO
	metrics.sample.window.ms = 30000
	partitioner.adaptive.partitioning.enable = true
	partitioner.availability.timeout.ms = 0
	partitioner.class = null
	partitioner.ignore.keys = false
	receive.buffer.bytes = 32768
	reconnect.backoff.max.ms = 1000
	reconnect.backoff.ms = 50
	request.timeout.ms = 5000
	retries = 2147483647
	retry.backoff.max.ms = 1000
	retry.backoff.ms = 100
	sasl.client.callback.handler.class = null
	sasl.jaas.config = null
	sasl.kerberos.kinit.cmd = /usr/bin/kinit
	sasl.kerberos.min.time.before.relogin = 60000
	sasl.kerberos.service.name = null
	sasl.kerberos.ticket.renew.jitter = 0.05
	sasl.kerberos.ticket.renew.window.factor = 0.8
	sasl.login.callback.handler.class = null
	sasl.login.class = null
	sasl.login.connect.timeout.ms = null
	sasl.login.read.timeout.ms = null
	sasl.login.refresh.buffer.seconds = 300
	sasl.login.refresh.min.period.seconds = 60
	sasl.login.refresh.window.factor = 0.8
	sasl.login.refresh.window.jitter = 0.05
	sasl.login.retry.backoff.max.ms = 10000
	sasl.login.retry.backoff.ms = 100
	sasl.mechanism = GSSAPI
	sasl.oauthbearer.clock.skew.seconds = 30
	sasl.oauthbearer.expected.audience = null
	sasl.oauthbearer.expected.issuer = null
	sasl.oauthbearer.header.urlencode = false
	sasl.oauthbearer.jwks.endpoint.refresh.ms = 3600000
	sasl.oauthbearer.jwks.endpoint.retry.backoff.max.ms = 10000
	sasl.oauthbearer.jwks.endpoint.retry.backoff.ms = 100
	sasl.oauthbearer.jwks.endpoint.url = null
	sasl.oauthbearer.scope.claim.name = scope
	sasl.oauthbearer.sub.claim.name = sub
	sasl.oauthbearer.token.endpoint.url = null
	security.protocol = PLAINTEXT
	security.providers = null
	send.buffer.bytes = 131072
	socket.connection.setup.timeout.max.ms = 30000
	socket.connection.setup.timeout.ms = 10000
	ssl.cipher.suites = null
	ssl.enabled.protocols = [TLSv1.2, TLSv1.3]
	ssl.endpoint.identification.algorithm = https
	ssl.engine.factory.class = null
	ssl.key.password = null
	ssl.keymanager.algorithm = SunX509
	ssl.keystore.certificate.chain = null
	ssl.keystore.key = null
	ssl.keystore.location = null
	ssl.keystore.password = null
	ssl.keystore.type = JKS
	ssl.protocol = TLSv1.3
	ssl.provider = null
	ssl.secure.random.implementation = null
	ssl.trustmanager.algorithm = PKIX
	ssl.truststore.certificates = null
	ssl.truststore.location = null
	ssl.truststore.password = null
	ssl.truststore.type = JKS
	transaction.timeout.ms = 60000
	transactional.id = null
	value.serializer = class io.apicurio.registry.serde.avro.AvroKafkaSerializer

2025-08-07 12:28:55,673 INFO  [org.apa.kaf.com.tel.int.KafkaMetricsCollector] (main) initializing Kafka metrics collector
2025-08-07 12:28:55,676 INFO  [org.apa.kaf.cli.pro.KafkaProducer] (main) [Producer clientId=Producer-topic-da170e64_4995_48b2_bfaf_df36f8b4a69f] Instantiated an idempotent producer.
2025-08-07 12:28:55,678 INFO  [org.apa.kaf.cli.pro.ProducerConfig] (main) These configurations '[apicurio.registry.url, apicurio.registry.artifact-resolver-strategy]' were supplied but are not used yet.
2025-08-07 12:28:55,678 INFO  [org.apa.kaf.com.uti.AppInfoParser] (main) Kafka version: 3.9.1
2025-08-07 12:28:55,678 INFO  [org.apa.kaf.com.uti.AppInfoParser] (main) Kafka commitId: f745dfdcee2b9851
2025-08-07 12:28:55,678 INFO  [org.apa.kaf.com.uti.AppInfoParser] (main) Kafka startTimeMs: 1754569735678
2025-08-07 12:28:55,681 INFO  [io.api.tes.ser.api.KafkaSerdesTester] (Thread-676) Sending message {"key11754569729392": "value-0", "key21754569734504": "value-0"} to topic topic-da170e64_4995_48b2_bfaf_df36f8b4a69f
2025-08-07 12:28:55,683 INFO  [org.apa.kaf.cli.Metadata] (kafka-producer-network-thread | Producer-topic-da170e64_4995_48b2_bfaf_df36f8b4a69f) [Producer clientId=Producer-topic-da170e64_4995_48b2_bfaf_df36f8b4a69f] Cluster ID: Iafv2PskRxGTuYEST4AQwQ
2025-08-07 12:28:55,684 INFO  [DefaultSchemaResolver] (Thread-676) Retrieving schema content using string: {"type":"record","name":"s9b394a38x10bdx404fx9ff1x24c215d28c07","namespace":"ns_af310b85_f765_42cb_ad97_106158844de6","fields":[{"name":"key11754569729392","type":"string"},{"name":"key21754569734504","type":"string"}]}
2025-08-07 12:28:55,684 INFO  [org.apa.kaf.cli.pro.int.TransactionManager] (kafka-producer-network-thread | Producer-topic-da170e64_4995_48b2_bfaf_df36f8b4a69f) [Producer clientId=Producer-topic-da170e64_4995_48b2_bfaf_df36f8b4a69f] ProducerId set to 13 with epoch 0
2025-08-07 12:28:55,830 INFO  [io.api.tes.ser.api.KafkaSerdesTester] (Thread-676) Sending message {"key11754569729392": "value-1", "key21754569734504": "value-1"} to topic topic-da170e64_4995_48b2_bfaf_df36f8b4a69f
2025-08-07 12:28:55,831 INFO  [io.api.tes.ser.api.KafkaSerdesTester] (Thread-676) Sending message {"key11754569729392": "value-2", "key21754569734504": "value-2"} to topic topic-da170e64_4995_48b2_bfaf_df36f8b4a69f
2025-08-07 12:28:55,833 INFO  [io.api.tes.ser.api.KafkaSerdesTester] (Thread-676) Sending message {"key11754569729392": "value-3", "key21754569734504": "value-3"} to topic topic-da170e64_4995_48b2_bfaf_df36f8b4a69f
2025-08-07 12:28:55,834 INFO  [io.api.tes.ser.api.KafkaSerdesTester] (Thread-676) Sending message {"key11754569729392": "value-4", "key21754569734504": "value-4"} to topic topic-da170e64_4995_48b2_bfaf_df36f8b4a69f
2025-08-07 12:28:55,838 INFO  [io.api.tes.ser.api.KafkaSerdesTester] (Thread-676) Sending message {"key11754569729392": "value-5", "key21754569734504": "value-5"} to topic topic-da170e64_4995_48b2_bfaf_df36f8b4a69f
2025-08-07 12:28:55,841 INFO  [io.api.tes.ser.api.KafkaSerdesTester] (Thread-676) Sending message {"key11754569729392": "value-6", "key21754569734504": "value-6"} to topic topic-da170e64_4995_48b2_bfaf_df36f8b4a69f
2025-08-07 12:28:55,843 INFO  [io.api.tes.ser.api.KafkaSerdesTester] (Thread-676) Sending message {"key11754569729392": "value-7", "key21754569734504": "value-7"} to topic topic-da170e64_4995_48b2_bfaf_df36f8b4a69f
2025-08-07 12:28:55,847 INFO  [io.api.tes.ser.api.KafkaSerdesTester] (Thread-676) Sending message {"key11754569729392": "value-8", "key21754569734504": "value-8"} to topic topic-da170e64_4995_48b2_bfaf_df36f8b4a69f
2025-08-07 12:28:55,848 INFO  [io.api.tes.ser.api.KafkaSerdesTester] (Thread-676) Sending message {"key11754569729392": "value-9", "key21754569734504": "value-9"} to topic topic-da170e64_4995_48b2_bfaf_df36f8b4a69f
2025-08-07 12:28:55,852 INFO  [io.api.tes.ser.api.KafkaSerdesTester] (Thread-676) Produced 10 messages
2025-08-07 12:28:55,852 INFO  [org.apa.kaf.cli.pro.KafkaProducer] (Thread-676) [Producer clientId=Producer-topic-da170e64_4995_48b2_bfaf_df36f8b4a69f] Closing the Kafka producer with timeoutMillis = 9223372036854775807 ms.
2025-08-07 12:28:55,857 INFO  [org.apa.kaf.com.met.Metrics] (Thread-676) Metrics scheduler closed
2025-08-07 12:28:55,857 INFO  [org.apa.kaf.com.met.Metrics] (Thread-676) Closing reporter org.apache.kafka.common.metrics.JmxReporter
2025-08-07 12:28:55,857 INFO  [org.apa.kaf.com.met.Metrics] (Thread-676) Closing reporter org.apache.kafka.common.telemetry.internals.ClientTelemetryReporter
2025-08-07 12:28:55,857 INFO  [org.apa.kaf.com.met.Metrics] (Thread-676) Metrics reporters closed
2025-08-07 12:28:55,859 INFO  [org.apa.kaf.com.uti.AppInfoParser] (Thread-676) App info kafka.producer for Producer-topic-da170e64_4995_48b2_bfaf_df36f8b4a69f unregistered
**** Registry Base URL: http://registry-app-ksql047.apps.ci419.apicurio-testing.org:80
2025-08-07 12:28:55,860 INFO  [org.apa.kaf.cli.pro.ProducerConfig] (main) ProducerConfig values: 
	acks = -1
	auto.include.jmx.reporter = true
	batch.size = 16384
	bootstrap.servers = [PLAINTEXT://localhost:32769]
	buffer.memory = 33554432
	client.dns.lookup = use_all_dns_ips
	client.id = Producer-topic-da170e64_4995_48b2_bfaf_df36f8b4a69f
	compression.gzip.level = -1
	compression.lz4.level = 9
	compression.type = none
	compression.zstd.level = 3
	connections.max.idle.ms = 10000
	delivery.timeout.ms = 120000
	enable.idempotence = true
	enable.metrics.push = true
	interceptor.classes = []
	key.serializer = class org.apache.kafka.common.serialization.StringSerializer
	linger.ms = 0
	max.block.ms = 60000
	max.in.flight.requests.per.connection = 5
	max.request.size = 1048576
	metadata.max.age.ms = 300000
	metadata.max.idle.ms = 300000
	metadata.recovery.strategy = none
	metric.reporters = []
	metrics.num.samples = 2
	metrics.recording.level = INFO
	metrics.sample.window.ms = 30000
	partitioner.adaptive.partitioning.enable = true
	partitioner.availability.timeout.ms = 0
	partitioner.class = null
	partitioner.ignore.keys = false
	receive.buffer.bytes = 32768
	reconnect.backoff.max.ms = 1000
	reconnect.backoff.ms = 50
	request.timeout.ms = 5000
	retries = 2147483647
	retry.backoff.max.ms = 1000
	retry.backoff.ms = 100
	sasl.client.callback.handler.class = null
	sasl.jaas.config = null
	sasl.kerberos.kinit.cmd = /usr/bin/kinit
	sasl.kerberos.min.time.before.relogin = 60000
	sasl.kerberos.service.name = null
	sasl.kerberos.ticket.renew.jitter = 0.05
	sasl.kerberos.ticket.renew.window.factor = 0.8
	sasl.login.callback.handler.class = null
	sasl.login.class = null
	sasl.login.connect.timeout.ms = null
	sasl.login.read.timeout.ms = null
	sasl.login.refresh.buffer.seconds = 300
	sasl.login.refresh.min.period.seconds = 60
	sasl.login.refresh.window.factor = 0.8
	sasl.login.refresh.window.jitter = 0.05
	sasl.login.retry.backoff.max.ms = 10000
	sasl.login.retry.backoff.ms = 100
	sasl.mechanism = GSSAPI
	sasl.oauthbearer.clock.skew.seconds = 30
	sasl.oauthbearer.expected.audience = null
	sasl.oauthbearer.expected.issuer = null
	sasl.oauthbearer.header.urlencode = false
	sasl.oauthbearer.jwks.endpoint.refresh.ms = 3600000
	sasl.oauthbearer.jwks.endpoint.retry.backoff.max.ms = 10000
	sasl.oauthbearer.jwks.endpoint.retry.backoff.ms = 100
	sasl.oauthbearer.jwks.endpoint.url = null
	sasl.oauthbearer.scope.claim.name = scope
	sasl.oauthbearer.sub.claim.name = sub
	sasl.oauthbearer.token.endpoint.url = null
	security.protocol = PLAINTEXT
	security.providers = null
	send.buffer.bytes = 131072
	socket.connection.setup.timeout.max.ms = 30000
	socket.connection.setup.timeout.ms = 10000
	ssl.cipher.suites = null
	ssl.enabled.protocols = [TLSv1.2, TLSv1.3]
	ssl.endpoint.identification.algorithm = https
	ssl.engine.factory.class = null
	ssl.key.password = null
	ssl.keymanager.algorithm = SunX509
	ssl.keystore.certificate.chain = null
	ssl.keystore.key = null
	ssl.keystore.location = null
	ssl.keystore.password = null
	ssl.keystore.type = JKS
	ssl.protocol = TLSv1.3
	ssl.provider = null
	ssl.secure.random.implementation = null
	ssl.trustmanager.algorithm = PKIX
	ssl.truststore.certificates = null
	ssl.truststore.location = null
	ssl.truststore.password = null
	ssl.truststore.type = JKS
	transaction.timeout.ms = 60000
	transactional.id = null
	value.serializer = class io.apicurio.registry.serde.avro.AvroKafkaSerializer

2025-08-07 12:28:55,860 INFO  [org.apa.kaf.com.tel.int.KafkaMetricsCollector] (main) initializing Kafka metrics collector
2025-08-07 12:28:55,869 INFO  [org.apa.kaf.cli.pro.KafkaProducer] (main) [Producer clientId=Producer-topic-da170e64_4995_48b2_bfaf_df36f8b4a69f] Instantiated an idempotent producer.
2025-08-07 12:28:55,875 INFO  [org.apa.kaf.cli.pro.ProducerConfig] (main) These configurations '[apicurio.registry.url, apicurio.registry.artifact-resolver-strategy]' were supplied but are not used yet.
2025-08-07 12:28:55,875 INFO  [org.apa.kaf.com.uti.AppInfoParser] (main) Kafka version: 3.9.1
2025-08-07 12:28:55,875 INFO  [org.apa.kaf.com.uti.AppInfoParser] (main) Kafka commitId: f745dfdcee2b9851
2025-08-07 12:28:55,875 INFO  [org.apa.kaf.com.uti.AppInfoParser] (main) Kafka startTimeMs: 1754569735875
2025-08-07 12:28:55,879 INFO  [io.api.tes.ser.api.KafkaSerdesTester] (Thread-679) Sending message {"key11754569729392": "value-0"} to topic topic-da170e64_4995_48b2_bfaf_df36f8b4a69f
2025-08-07 12:28:55,884 INFO  [org.apa.kaf.cli.Metadata] (kafka-producer-network-thread | Producer-topic-da170e64_4995_48b2_bfaf_df36f8b4a69f) [Producer clientId=Producer-topic-da170e64_4995_48b2_bfaf_df36f8b4a69f] Cluster ID: Iafv2PskRxGTuYEST4AQwQ
2025-08-07 12:28:55,884 INFO  [DefaultSchemaResolver] (Thread-679) Retrieving schema content using string: {"type":"record","name":"s9b394a38x10bdx404fx9ff1x24c215d28c07","namespace":"ns_af310b85_f765_42cb_ad97_106158844de6","fields":[{"name":"key11754569729392","type":"string"}]}
2025-08-07 12:28:55,886 INFO  [org.apa.kaf.cli.pro.int.TransactionManager] (kafka-producer-network-thread | Producer-topic-da170e64_4995_48b2_bfaf_df36f8b4a69f) [Producer clientId=Producer-topic-da170e64_4995_48b2_bfaf_df36f8b4a69f] ProducerId set to 14 with epoch 0
2025-08-07 12:28:56,037 INFO  [io.api.tes.ser.api.KafkaSerdesTester] (Thread-679) Sending message {"key11754569729392": "value-1"} to topic topic-da170e64_4995_48b2_bfaf_df36f8b4a69f
2025-08-07 12:28:56,038 INFO  [io.api.tes.ser.api.KafkaSerdesTester] (Thread-679) Sending message {"key11754569729392": "value-2"} to topic topic-da170e64_4995_48b2_bfaf_df36f8b4a69f
2025-08-07 12:28:56,040 INFO  [io.api.tes.ser.api.KafkaSerdesTester] (Thread-679) Sending message {"key11754569729392": "value-3"} to topic topic-da170e64_4995_48b2_bfaf_df36f8b4a69f
2025-08-07 12:28:56,041 INFO  [io.api.tes.ser.api.KafkaSerdesTester] (Thread-679) Sending message {"key11754569729392": "value-4"} to topic topic-da170e64_4995_48b2_bfaf_df36f8b4a69f
2025-08-07 12:28:56,042 INFO  [io.api.tes.ser.api.KafkaSerdesTester] (Thread-679) Sending message {"key11754569729392": "value-5"} to topic topic-da170e64_4995_48b2_bfaf_df36f8b4a69f
2025-08-07 12:28:56,043 INFO  [io.api.tes.ser.api.KafkaSerdesTester] (Thread-679) Sending message {"key11754569729392": "value-6"} to topic topic-da170e64_4995_48b2_bfaf_df36f8b4a69f
2025-08-07 12:28:56,044 INFO  [io.api.tes.ser.api.KafkaSerdesTester] (Thread-679) Sending message {"key11754569729392": "value-7"} to topic topic-da170e64_4995_48b2_bfaf_df36f8b4a69f
2025-08-07 12:28:56,045 INFO  [io.api.tes.ser.api.KafkaSerdesTester] (Thread-679) Sending message {"key11754569729392": "value-8"} to topic topic-da170e64_4995_48b2_bfaf_df36f8b4a69f
2025-08-07 12:28:56,046 INFO  [io.api.tes.ser.api.KafkaSerdesTester] (Thread-679) Sending message {"key11754569729392": "value-9"} to topic topic-da170e64_4995_48b2_bfaf_df36f8b4a69f
2025-08-07 12:28:56,048 INFO  [io.api.tes.ser.api.KafkaSerdesTester] (Thread-679) Produced 10 messages
2025-08-07 12:28:56,048 INFO  [org.apa.kaf.cli.pro.KafkaProducer] (Thread-679) [Producer clientId=Producer-topic-da170e64_4995_48b2_bfaf_df36f8b4a69f] Closing the Kafka producer with timeoutMillis = 9223372036854775807 ms.
2025-08-07 12:28:56,051 INFO  [org.apa.kaf.com.met.Metrics] (Thread-679) Metrics scheduler closed
2025-08-07 12:28:56,051 INFO  [org.apa.kaf.com.met.Metrics] (Thread-679) Closing reporter org.apache.kafka.common.metrics.JmxReporter
2025-08-07 12:28:56,051 INFO  [org.apa.kaf.com.met.Metrics] (Thread-679) Closing reporter org.apache.kafka.common.telemetry.internals.ClientTelemetryReporter
2025-08-07 12:28:56,051 INFO  [org.apa.kaf.com.met.Metrics] (Thread-679) Metrics reporters closed
2025-08-07 12:28:56,051 INFO  [org.apa.kaf.com.uti.AppInfoParser] (Thread-679) App info kafka.producer for Producer-topic-da170e64_4995_48b2_bfaf_df36f8b4a69f unregistered
**** Registry Base URL: http://registry-app-ksql047.apps.ci419.apicurio-testing.org:80
2025-08-07 12:28:56,052 INFO  [org.apa.kaf.cli.con.ConsumerConfig] (main) ConsumerConfig values: 
	allow.auto.create.topics = true
	auto.commit.interval.ms = 500
	auto.include.jmx.reporter = true
	auto.offset.reset = earliest
	bootstrap.servers = [PLAINTEXT://localhost:32769]
	check.crcs = true
	client.dns.lookup = use_all_dns_ips
	client.id = consumer-Consumer-topic-da170e64_4995_48b2_bfaf_df36f8b4a69f-11
	client.rack = 
	connections.max.idle.ms = 10000
	default.api.timeout.ms = 60000
	enable.auto.commit = true
	enable.metrics.push = true
	exclude.internal.topics = true
	fetch.max.bytes = 52428800
	fetch.max.wait.ms = 500
	fetch.min.bytes = 1
	group.id = Consumer-topic-da170e64_4995_48b2_bfaf_df36f8b4a69f
	group.instance.id = null
	group.protocol = classic
	group.remote.assignor = null
	heartbeat.interval.ms = 3000
	interceptor.classes = []
	internal.leave.group.on.close = true
	internal.throw.on.fetch.stable.offset.unsupported = false
	isolation.level = read_uncommitted
	key.deserializer = class org.apache.kafka.common.serialization.StringDeserializer
	max.partition.fetch.bytes = 1048576
	max.poll.interval.ms = 300000
	max.poll.records = 500
	metadata.max.age.ms = 300000
	metadata.recovery.strategy = none
	metric.reporters = []
	metrics.num.samples = 2
	metrics.recording.level = INFO
	metrics.sample.window.ms = 30000
	partition.assignment.strategy = [class org.apache.kafka.clients.consumer.RangeAssignor, class org.apache.kafka.clients.consumer.CooperativeStickyAssignor]
	receive.buffer.bytes = 65536
	reconnect.backoff.max.ms = 1000
	reconnect.backoff.ms = 50
	request.timeout.ms = 5000
	retry.backoff.max.ms = 1000
	retry.backoff.ms = 100
	sasl.client.callback.handler.class = null
	sasl.jaas.config = null
	sasl.kerberos.kinit.cmd = /usr/bin/kinit
	sasl.kerberos.min.time.before.relogin = 60000
	sasl.kerberos.service.name = null
	sasl.kerberos.ticket.renew.jitter = 0.05
	sasl.kerberos.ticket.renew.window.factor = 0.8
	sasl.login.callback.handler.class = null
	sasl.login.class = null
	sasl.login.connect.timeout.ms = null
	sasl.login.read.timeout.ms = null
	sasl.login.refresh.buffer.seconds = 300
	sasl.login.refresh.min.period.seconds = 60
	sasl.login.refresh.window.factor = 0.8
	sasl.login.refresh.window.jitter = 0.05
	sasl.login.retry.backoff.max.ms = 10000
	sasl.login.retry.backoff.ms = 100
	sasl.mechanism = GSSAPI
	sasl.oauthbearer.clock.skew.seconds = 30
	sasl.oauthbearer.expected.audience = null
	sasl.oauthbearer.expected.issuer = null
	sasl.oauthbearer.header.urlencode = false
	sasl.oauthbearer.jwks.endpoint.refresh.ms = 3600000
	sasl.oauthbearer.jwks.endpoint.retry.backoff.max.ms = 10000
	sasl.oauthbearer.jwks.endpoint.retry.backoff.ms = 100
	sasl.oauthbearer.jwks.endpoint.url = null
	sasl.oauthbearer.scope.claim.name = scope
	sasl.oauthbearer.sub.claim.name = sub
	sasl.oauthbearer.token.endpoint.url = null
	security.protocol = PLAINTEXT
	security.providers = null
	send.buffer.bytes = 131072
	session.timeout.ms = 45000
	socket.connection.setup.timeout.max.ms = 30000
	socket.connection.setup.timeout.ms = 10000
	ssl.cipher.suites = null
	ssl.enabled.protocols = [TLSv1.2, TLSv1.3]
	ssl.endpoint.identification.algorithm = https
	ssl.engine.factory.class = null
	ssl.key.password = null
	ssl.keymanager.algorithm = SunX509
	ssl.keystore.certificate.chain = null
	ssl.keystore.key = null
	ssl.keystore.location = null
	ssl.keystore.password = null
	ssl.keystore.type = JKS
	ssl.protocol = TLSv1.3
	ssl.provider = null
	ssl.secure.random.implementation = null
	ssl.trustmanager.algorithm = PKIX
	ssl.truststore.certificates = null
	ssl.truststore.location = null
	ssl.truststore.password = null
	ssl.truststore.type = JKS
	value.deserializer = class io.apicurio.registry.serde.avro.AvroKafkaDeserializer

2025-08-07 12:28:56,052 INFO  [org.apa.kaf.com.tel.int.KafkaMetricsCollector] (main) initializing Kafka metrics collector
2025-08-07 12:28:56,059 INFO  [org.apa.kaf.cli.con.ConsumerConfig] (main) These configurations '[apicurio.registry.url]' were supplied but are not used yet.
2025-08-07 12:28:56,059 INFO  [org.apa.kaf.com.uti.AppInfoParser] (main) Kafka version: 3.9.1
2025-08-07 12:28:56,059 INFO  [org.apa.kaf.com.uti.AppInfoParser] (main) Kafka commitId: f745dfdcee2b9851
2025-08-07 12:28:56,059 INFO  [org.apa.kaf.com.uti.AppInfoParser] (main) Kafka startTimeMs: 1754569736059
2025-08-07 12:28:56,059 INFO  [org.apa.kaf.cli.con.int.ClassicKafkaConsumer] (Thread-682) [Consumer clientId=consumer-Consumer-topic-da170e64_4995_48b2_bfaf_df36f8b4a69f-11, groupId=Consumer-topic-da170e64_4995_48b2_bfaf_df36f8b4a69f] Subscribed to topic(s): topic-da170e64_4995_48b2_bfaf_df36f8b4a69f
2025-08-07 12:28:56,063 INFO  [org.apa.kaf.cli.Metadata] (Thread-682) [Consumer clientId=consumer-Consumer-topic-da170e64_4995_48b2_bfaf_df36f8b4a69f-11, groupId=Consumer-topic-da170e64_4995_48b2_bfaf_df36f8b4a69f] Cluster ID: Iafv2PskRxGTuYEST4AQwQ
2025-08-07 12:28:56,065 INFO  [org.apa.kaf.cli.con.int.ConsumerCoordinator] (Thread-682) [Consumer clientId=consumer-Consumer-topic-da170e64_4995_48b2_bfaf_df36f8b4a69f-11, groupId=Consumer-topic-da170e64_4995_48b2_bfaf_df36f8b4a69f] Discovered group coordinator localhost:32769 (id: 2147483647 rack: null)
2025-08-07 12:28:56,067 INFO  [org.apa.kaf.cli.con.int.ConsumerCoordinator] (Thread-682) [Consumer clientId=consumer-Consumer-topic-da170e64_4995_48b2_bfaf_df36f8b4a69f-11, groupId=Consumer-topic-da170e64_4995_48b2_bfaf_df36f8b4a69f] (Re-)joining group
2025-08-07 12:28:56,070 INFO  [org.apa.kaf.cli.con.int.ConsumerCoordinator] (Thread-682) [Consumer clientId=consumer-Consumer-topic-da170e64_4995_48b2_bfaf_df36f8b4a69f-11, groupId=Consumer-topic-da170e64_4995_48b2_bfaf_df36f8b4a69f] Request joining group due to: need to re-join with the given member-id: consumer-Consumer-topic-da170e64_4995_48b2_bfaf_df36f8b4a69f-11-b52487cd-8297-4208-8e70-1ae54b170206
2025-08-07 12:28:56,070 INFO  [org.apa.kaf.cli.con.int.ConsumerCoordinator] (Thread-682) [Consumer clientId=consumer-Consumer-topic-da170e64_4995_48b2_bfaf_df36f8b4a69f-11, groupId=Consumer-topic-da170e64_4995_48b2_bfaf_df36f8b4a69f] (Re-)joining group
2025-08-07 12:28:57,059 INFO  [io.api.tes.ser.api.KafkaSerdesTester] (Thread-682) None found
2025-08-07 12:28:58,059 INFO  [io.api.tes.ser.api.KafkaSerdesTester] (Thread-682) None found
2025-08-07 12:28:59,059 INFO  [io.api.tes.ser.api.KafkaSerdesTester] (Thread-682) None found
2025-08-07 12:28:59,073 INFO  [org.apa.kaf.cli.con.int.ConsumerCoordinator] (Thread-682) [Consumer clientId=consumer-Consumer-topic-da170e64_4995_48b2_bfaf_df36f8b4a69f-11, groupId=Consumer-topic-da170e64_4995_48b2_bfaf_df36f8b4a69f] Successfully joined group with generation Generation{generationId=3, memberId='consumer-Consumer-topic-da170e64_4995_48b2_bfaf_df36f8b4a69f-11-b52487cd-8297-4208-8e70-1ae54b170206', protocol='range'}
2025-08-07 12:28:59,074 INFO  [org.apa.kaf.cli.con.int.ConsumerCoordinator] (Thread-682) [Consumer clientId=consumer-Consumer-topic-da170e64_4995_48b2_bfaf_df36f8b4a69f-11, groupId=Consumer-topic-da170e64_4995_48b2_bfaf_df36f8b4a69f] Finished assignment for group at generation 3: {consumer-Consumer-topic-da170e64_4995_48b2_bfaf_df36f8b4a69f-11-b52487cd-8297-4208-8e70-1ae54b170206=Assignment(partitions=[topic-da170e64_4995_48b2_bfaf_df36f8b4a69f-0])}
2025-08-07 12:28:59,081 INFO  [org.apa.kaf.cli.con.int.ConsumerCoordinator] (Thread-682) [Consumer clientId=consumer-Consumer-topic-da170e64_4995_48b2_bfaf_df36f8b4a69f-11, groupId=Consumer-topic-da170e64_4995_48b2_bfaf_df36f8b4a69f] Successfully synced group in generation Generation{generationId=3, memberId='consumer-Consumer-topic-da170e64_4995_48b2_bfaf_df36f8b4a69f-11-b52487cd-8297-4208-8e70-1ae54b170206', protocol='range'}
2025-08-07 12:28:59,081 INFO  [org.apa.kaf.cli.con.int.ConsumerCoordinator] (Thread-682) [Consumer clientId=consumer-Consumer-topic-da170e64_4995_48b2_bfaf_df36f8b4a69f-11, groupId=Consumer-topic-da170e64_4995_48b2_bfaf_df36f8b4a69f] Notifying assignor about the new Assignment(partitions=[topic-da170e64_4995_48b2_bfaf_df36f8b4a69f-0])
2025-08-07 12:28:59,081 INFO  [org.apa.kaf.cli.con.int.ConsumerRebalanceListenerInvoker] (Thread-682) [Consumer clientId=consumer-Consumer-topic-da170e64_4995_48b2_bfaf_df36f8b4a69f-11, groupId=Consumer-topic-da170e64_4995_48b2_bfaf_df36f8b4a69f] Adding newly assigned partitions: topic-da170e64_4995_48b2_bfaf_df36f8b4a69f-0
2025-08-07 12:28:59,083 INFO  [org.apa.kaf.cli.con.int.ConsumerUtils] (Thread-682) Setting offset for partition topic-da170e64_4995_48b2_bfaf_df36f8b4a69f-0 to the committed offset FetchPosition{offset=10, offsetEpoch=Optional[0], currentLeader=LeaderAndEpoch{leader=Optional[localhost:32769 (id: 0 rack: null)], epoch=0}}
2025-08-07 12:28:59,446 INFO  [io.api.tes.ser.api.KafkaSerdesTester] (Thread-682) topic-da170e64_4995_48b2_bfaf_df36f8b4a69f 0 10 {"key11754569729392": "value-0", "key21754569734504": "value-0"}
2025-08-07 12:28:59,446 INFO  [io.api.tes.ser.api.KafkaSerdesTester] (Thread-682) topic-da170e64_4995_48b2_bfaf_df36f8b4a69f 0 11 {"key11754569729392": "value-1", "key21754569734504": "value-1"}
2025-08-07 12:28:59,446 INFO  [io.api.tes.ser.api.KafkaSerdesTester] (Thread-682) topic-da170e64_4995_48b2_bfaf_df36f8b4a69f 0 12 {"key11754569729392": "value-2", "key21754569734504": "value-2"}
2025-08-07 12:28:59,446 INFO  [io.api.tes.ser.api.KafkaSerdesTester] (Thread-682) topic-da170e64_4995_48b2_bfaf_df36f8b4a69f 0 13 {"key11754569729392": "value-3", "key21754569734504": "value-3"}
2025-08-07 12:28:59,446 INFO  [io.api.tes.ser.api.KafkaSerdesTester] (Thread-682) topic-da170e64_4995_48b2_bfaf_df36f8b4a69f 0 14 {"key11754569729392": "value-4", "key21754569734504": "value-4"}
2025-08-07 12:28:59,446 INFO  [io.api.tes.ser.api.KafkaSerdesTester] (Thread-682) topic-da170e64_4995_48b2_bfaf_df36f8b4a69f 0 15 {"key11754569729392": "value-5", "key21754569734504": "value-5"}
2025-08-07 12:28:59,446 INFO  [io.api.tes.ser.api.KafkaSerdesTester] (Thread-682) topic-da170e64_4995_48b2_bfaf_df36f8b4a69f 0 16 {"key11754569729392": "value-6", "key21754569734504": "value-6"}
2025-08-07 12:28:59,446 INFO  [io.api.tes.ser.api.KafkaSerdesTester] (Thread-682) topic-da170e64_4995_48b2_bfaf_df36f8b4a69f 0 17 {"key11754569729392": "value-7", "key21754569734504": "value-7"}
2025-08-07 12:28:59,446 INFO  [io.api.tes.ser.api.KafkaSerdesTester] (Thread-682) topic-da170e64_4995_48b2_bfaf_df36f8b4a69f 0 18 {"key11754569729392": "value-8", "key21754569734504": "value-8"}
2025-08-07 12:28:59,446 INFO  [io.api.tes.ser.api.KafkaSerdesTester] (Thread-682) topic-da170e64_4995_48b2_bfaf_df36f8b4a69f 0 19 {"key11754569729392": "value-9", "key21754569734504": "value-9"}
2025-08-07 12:28:59,446 INFO  [io.api.tes.ser.api.KafkaSerdesTester] (Thread-682) topic-da170e64_4995_48b2_bfaf_df36f8b4a69f 0 20 {"key11754569729392": "value-0"}
2025-08-07 12:28:59,446 INFO  [io.api.tes.ser.api.KafkaSerdesTester] (Thread-682) topic-da170e64_4995_48b2_bfaf_df36f8b4a69f 0 21 {"key11754569729392": "value-1"}
2025-08-07 12:28:59,446 INFO  [io.api.tes.ser.api.KafkaSerdesTester] (Thread-682) topic-da170e64_4995_48b2_bfaf_df36f8b4a69f 0 22 {"key11754569729392": "value-2"}
2025-08-07 12:28:59,446 INFO  [io.api.tes.ser.api.KafkaSerdesTester] (Thread-682) topic-da170e64_4995_48b2_bfaf_df36f8b4a69f 0 23 {"key11754569729392": "value-3"}
2025-08-07 12:28:59,446 INFO  [io.api.tes.ser.api.KafkaSerdesTester] (Thread-682) topic-da170e64_4995_48b2_bfaf_df36f8b4a69f 0 24 {"key11754569729392": "value-4"}
2025-08-07 12:28:59,446 INFO  [io.api.tes.ser.api.KafkaSerdesTester] (Thread-682) topic-da170e64_4995_48b2_bfaf_df36f8b4a69f 0 25 {"key11754569729392": "value-5"}
2025-08-07 12:28:59,447 INFO  [io.api.tes.ser.api.KafkaSerdesTester] (Thread-682) topic-da170e64_4995_48b2_bfaf_df36f8b4a69f 0 26 {"key11754569729392": "value-6"}
2025-08-07 12:28:59,447 INFO  [io.api.tes.ser.api.KafkaSerdesTester] (Thread-682) topic-da170e64_4995_48b2_bfaf_df36f8b4a69f 0 27 {"key11754569729392": "value-7"}
2025-08-07 12:28:59,447 INFO  [io.api.tes.ser.api.KafkaSerdesTester] (Thread-682) topic-da170e64_4995_48b2_bfaf_df36f8b4a69f 0 28 {"key11754569729392": "value-8"}
2025-08-07 12:28:59,447 INFO  [io.api.tes.ser.api.KafkaSerdesTester] (Thread-682) topic-da170e64_4995_48b2_bfaf_df36f8b4a69f 0 29 {"key11754569729392": "value-9"}
2025-08-07 12:28:59,447 INFO  [io.api.tes.ser.api.KafkaSerdesTester] (Thread-682) Consumed 20 messages
2025-08-07 12:28:59,454 INFO  [org.apa.kaf.cli.con.int.ConsumerRebalanceListenerInvoker] (Thread-682) [Consumer clientId=consumer-Consumer-topic-da170e64_4995_48b2_bfaf_df36f8b4a69f-11, groupId=Consumer-topic-da170e64_4995_48b2_bfaf_df36f8b4a69f] Revoke previously assigned partitions topic-da170e64_4995_48b2_bfaf_df36f8b4a69f-0
2025-08-07 12:28:59,454 INFO  [org.apa.kaf.cli.con.int.ConsumerCoordinator] (Thread-682) [Consumer clientId=consumer-Consumer-topic-da170e64_4995_48b2_bfaf_df36f8b4a69f-11, groupId=Consumer-topic-da170e64_4995_48b2_bfaf_df36f8b4a69f] Member consumer-Consumer-topic-da170e64_4995_48b2_bfaf_df36f8b4a69f-11-b52487cd-8297-4208-8e70-1ae54b170206 sending LeaveGroup request to coordinator localhost:32769 (id: 2147483647 rack: null) due to the consumer is being closed
2025-08-07 12:28:59,455 INFO  [org.apa.kaf.cli.con.int.ConsumerCoordinator] (Thread-682) [Consumer clientId=consumer-Consumer-topic-da170e64_4995_48b2_bfaf_df36f8b4a69f-11, groupId=Consumer-topic-da170e64_4995_48b2_bfaf_df36f8b4a69f] Resetting generation and member id due to: consumer pro-actively leaving the group
2025-08-07 12:28:59,455 INFO  [org.apa.kaf.cli.con.int.ConsumerCoordinator] (Thread-682) [Consumer clientId=consumer-Consumer-topic-da170e64_4995_48b2_bfaf_df36f8b4a69f-11, groupId=Consumer-topic-da170e64_4995_48b2_bfaf_df36f8b4a69f] Request joining group due to: consumer pro-actively leaving the group
2025-08-07 12:28:59,950 INFO  [org.apa.kaf.com.met.Metrics] (Thread-682) Metrics scheduler closed
2025-08-07 12:28:59,950 INFO  [org.apa.kaf.com.met.Metrics] (Thread-682) Closing reporter org.apache.kafka.common.metrics.JmxReporter
2025-08-07 12:28:59,950 INFO  [org.apa.kaf.com.met.Metrics] (Thread-682) Closing reporter org.apache.kafka.common.telemetry.internals.ClientTelemetryReporter
2025-08-07 12:28:59,950 INFO  [org.apa.kaf.com.met.Metrics] (Thread-682) Metrics reporters closed
2025-08-07 12:28:59,952 INFO  [org.apa.kaf.com.uti.AppInfoParser] (Thread-682) App info kafka.consumer for consumer-Consumer-topic-da170e64_4995_48b2_bfaf_df36f8b4a69f-11 unregistered
2025-08-07 12:28:59,953 INFO  [io.api.tes.ser.api.AvroSerdeIT] (main) Registering Avro Schema 3: {"type":"record","name":"s9b394a38x10bdx404fx9ff1x24c215d28c07","namespace":"ns_af310b85_f765_42cb_ad97_106158844de6","fields":[{"name":"key11754569729392","type":"string"},{"name":"key21754569734504","type":"string"},{"name":"key31754569739953","type":"string"}]}
**** Registry Base URL: http://registry-app-ksql047.apps.ci419.apicurio-testing.org:80
2025-08-07 12:29:01,122 INFO  [org.apa.kaf.cli.pro.ProducerConfig] (main) ProducerConfig values: 
	acks = -1
	auto.include.jmx.reporter = true
	batch.size = 16384
	bootstrap.servers = [PLAINTEXT://localhost:32769]
	buffer.memory = 33554432
	client.dns.lookup = use_all_dns_ips
	client.id = Producer-topic-da170e64_4995_48b2_bfaf_df36f8b4a69f
	compression.gzip.level = -1
	compression.lz4.level = 9
	compression.type = none
	compression.zstd.level = 3
	connections.max.idle.ms = 10000
	delivery.timeout.ms = 120000
	enable.idempotence = true
	enable.metrics.push = true
	interceptor.classes = []
	key.serializer = class org.apache.kafka.common.serialization.StringSerializer
	linger.ms = 0
	max.block.ms = 60000
	max.in.flight.requests.per.connection = 5
	max.request.size = 1048576
	metadata.max.age.ms = 300000
	metadata.max.idle.ms = 300000
	metadata.recovery.strategy = none
	metric.reporters = []
	metrics.num.samples = 2
	metrics.recording.level = INFO
	metrics.sample.window.ms = 30000
	partitioner.adaptive.partitioning.enable = true
	partitioner.availability.timeout.ms = 0
	partitioner.class = null
	partitioner.ignore.keys = false
	receive.buffer.bytes = 32768
	reconnect.backoff.max.ms = 1000
	reconnect.backoff.ms = 50
	request.timeout.ms = 5000
	retries = 2147483647
	retry.backoff.max.ms = 1000
	retry.backoff.ms = 100
	sasl.client.callback.handler.class = null
	sasl.jaas.config = null
	sasl.kerberos.kinit.cmd = /usr/bin/kinit
	sasl.kerberos.min.time.before.relogin = 60000
	sasl.kerberos.service.name = null
	sasl.kerberos.ticket.renew.jitter = 0.05
	sasl.kerberos.ticket.renew.window.factor = 0.8
	sasl.login.callback.handler.class = null
	sasl.login.class = null
	sasl.login.connect.timeout.ms = null
	sasl.login.read.timeout.ms = null
	sasl.login.refresh.buffer.seconds = 300
	sasl.login.refresh.min.period.seconds = 60
	sasl.login.refresh.window.factor = 0.8
	sasl.login.refresh.window.jitter = 0.05
	sasl.login.retry.backoff.max.ms = 10000
	sasl.login.retry.backoff.ms = 100
	sasl.mechanism = GSSAPI
	sasl.oauthbearer.clock.skew.seconds = 30
	sasl.oauthbearer.expected.audience = null
	sasl.oauthbearer.expected.issuer = null
	sasl.oauthbearer.header.urlencode = false
	sasl.oauthbearer.jwks.endpoint.refresh.ms = 3600000
	sasl.oauthbearer.jwks.endpoint.retry.backoff.max.ms = 10000
	sasl.oauthbearer.jwks.endpoint.retry.backoff.ms = 100
	sasl.oauthbearer.jwks.endpoint.url = null
	sasl.oauthbearer.scope.claim.name = scope
	sasl.oauthbearer.sub.claim.name = sub
	sasl.oauthbearer.token.endpoint.url = null
	security.protocol = PLAINTEXT
	security.providers = null
	send.buffer.bytes = 131072
	socket.connection.setup.timeout.max.ms = 30000
	socket.connection.setup.timeout.ms = 10000
	ssl.cipher.suites = null
	ssl.enabled.protocols = [TLSv1.2, TLSv1.3]
	ssl.endpoint.identification.algorithm = https
	ssl.engine.factory.class = null
	ssl.key.password = null
	ssl.keymanager.algorithm = SunX509
	ssl.keystore.certificate.chain = null
	ssl.keystore.key = null
	ssl.keystore.location = null
	ssl.keystore.password = null
	ssl.keystore.type = JKS
	ssl.protocol = TLSv1.3
	ssl.provider = null
	ssl.secure.random.implementation = null
	ssl.trustmanager.algorithm = PKIX
	ssl.truststore.certificates = null
	ssl.truststore.location = null
	ssl.truststore.password = null
	ssl.truststore.type = JKS
	transaction.timeout.ms = 60000
	transactional.id = null
	value.serializer = class io.apicurio.registry.serde.avro.AvroKafkaSerializer

2025-08-07 12:29:01,122 INFO  [org.apa.kaf.com.tel.int.KafkaMetricsCollector] (main) initializing Kafka metrics collector
2025-08-07 12:29:01,126 INFO  [org.apa.kaf.cli.pro.KafkaProducer] (main) [Producer clientId=Producer-topic-da170e64_4995_48b2_bfaf_df36f8b4a69f] Instantiated an idempotent producer.
2025-08-07 12:29:01,127 INFO  [org.apa.kaf.cli.pro.ProducerConfig] (main) These configurations '[apicurio.registry.url, apicurio.registry.artifact-resolver-strategy]' were supplied but are not used yet.
2025-08-07 12:29:01,127 INFO  [org.apa.kaf.com.uti.AppInfoParser] (main) Kafka version: 3.9.1
2025-08-07 12:29:01,128 INFO  [org.apa.kaf.com.uti.AppInfoParser] (main) Kafka commitId: f745dfdcee2b9851
2025-08-07 12:29:01,128 INFO  [org.apa.kaf.com.uti.AppInfoParser] (main) Kafka startTimeMs: 1754569741127
2025-08-07 12:29:01,128 INFO  [io.api.tes.ser.api.KafkaSerdesTester] (Thread-685) Sending message {"key11754569729392": "value-0", "key21754569734504": "value-0", "key31754569739953": "value-0"} to topic topic-da170e64_4995_48b2_bfaf_df36f8b4a69f
2025-08-07 12:29:01,131 INFO  [org.apa.kaf.cli.Metadata] (kafka-producer-network-thread | Producer-topic-da170e64_4995_48b2_bfaf_df36f8b4a69f) [Producer clientId=Producer-topic-da170e64_4995_48b2_bfaf_df36f8b4a69f] Cluster ID: Iafv2PskRxGTuYEST4AQwQ
2025-08-07 12:29:01,131 INFO  [org.apa.kaf.cli.pro.int.TransactionManager] (kafka-producer-network-thread | Producer-topic-da170e64_4995_48b2_bfaf_df36f8b4a69f) [Producer clientId=Producer-topic-da170e64_4995_48b2_bfaf_df36f8b4a69f] ProducerId set to 15 with epoch 0
2025-08-07 12:29:01,131 INFO  [DefaultSchemaResolver] (Thread-685) Retrieving schema content using string: {"type":"record","name":"s9b394a38x10bdx404fx9ff1x24c215d28c07","namespace":"ns_af310b85_f765_42cb_ad97_106158844de6","fields":[{"name":"key11754569729392","type":"string"},{"name":"key21754569734504","type":"string"},{"name":"key31754569739953","type":"string"}]}
2025-08-07 12:29:01,275 INFO  [io.api.tes.ser.api.KafkaSerdesTester] (Thread-685) Sending message {"key11754569729392": "value-1", "key21754569734504": "value-1", "key31754569739953": "value-1"} to topic topic-da170e64_4995_48b2_bfaf_df36f8b4a69f
2025-08-07 12:29:01,278 INFO  [io.api.tes.ser.api.KafkaSerdesTester] (Thread-685) Sending message {"key11754569729392": "value-2", "key21754569734504": "value-2", "key31754569739953": "value-2"} to topic topic-da170e64_4995_48b2_bfaf_df36f8b4a69f
2025-08-07 12:29:01,281 INFO  [io.api.tes.ser.api.KafkaSerdesTester] (Thread-685) Sending message {"key11754569729392": "value-3", "key21754569734504": "value-3", "key31754569739953": "value-3"} to topic topic-da170e64_4995_48b2_bfaf_df36f8b4a69f
2025-08-07 12:29:01,283 INFO  [io.api.tes.ser.api.KafkaSerdesTester] (Thread-685) Sending message {"key11754569729392": "value-4", "key21754569734504": "value-4", "key31754569739953": "value-4"} to topic topic-da170e64_4995_48b2_bfaf_df36f8b4a69f
2025-08-07 12:29:01,286 INFO  [io.api.tes.ser.api.KafkaSerdesTester] (Thread-685) Sending message {"key11754569729392": "value-5", "key21754569734504": "value-5", "key31754569739953": "value-5"} to topic topic-da170e64_4995_48b2_bfaf_df36f8b4a69f
2025-08-07 12:29:01,289 INFO  [io.api.tes.ser.api.KafkaSerdesTester] (Thread-685) Sending message {"key11754569729392": "value-6", "key21754569734504": "value-6", "key31754569739953": "value-6"} to topic topic-da170e64_4995_48b2_bfaf_df36f8b4a69f
2025-08-07 12:29:01,290 INFO  [io.api.tes.ser.api.KafkaSerdesTester] (Thread-685) Sending message {"key11754569729392": "value-7", "key21754569734504": "value-7", "key31754569739953": "value-7"} to topic topic-da170e64_4995_48b2_bfaf_df36f8b4a69f
2025-08-07 12:29:01,292 INFO  [io.api.tes.ser.api.KafkaSerdesTester] (Thread-685) Sending message {"key11754569729392": "value-8", "key21754569734504": "value-8", "key31754569739953": "value-8"} to topic topic-da170e64_4995_48b2_bfaf_df36f8b4a69f
2025-08-07 12:29:01,294 INFO  [io.api.tes.ser.api.KafkaSerdesTester] (Thread-685) Sending message {"key11754569729392": "value-9", "key21754569734504": "value-9", "key31754569739953": "value-9"} to topic topic-da170e64_4995_48b2_bfaf_df36f8b4a69f
2025-08-07 12:29:01,296 INFO  [io.api.tes.ser.api.KafkaSerdesTester] (Thread-685) Produced 10 messages
2025-08-07 12:29:01,296 INFO  [org.apa.kaf.cli.pro.KafkaProducer] (Thread-685) [Producer clientId=Producer-topic-da170e64_4995_48b2_bfaf_df36f8b4a69f] Closing the Kafka producer with timeoutMillis = 9223372036854775807 ms.
2025-08-07 12:29:01,299 INFO  [org.apa.kaf.com.met.Metrics] (Thread-685) Metrics scheduler closed
2025-08-07 12:29:01,299 INFO  [org.apa.kaf.com.met.Metrics] (Thread-685) Closing reporter org.apache.kafka.common.metrics.JmxReporter
2025-08-07 12:29:01,299 INFO  [org.apa.kaf.com.met.Metrics] (Thread-685) Closing reporter org.apache.kafka.common.telemetry.internals.ClientTelemetryReporter
2025-08-07 12:29:01,299 INFO  [org.apa.kaf.com.met.Metrics] (Thread-685) Metrics reporters closed
2025-08-07 12:29:01,299 INFO  [org.apa.kaf.com.uti.AppInfoParser] (Thread-685) App info kafka.producer for Producer-topic-da170e64_4995_48b2_bfaf_df36f8b4a69f unregistered
**** Registry Base URL: http://registry-app-ksql047.apps.ci419.apicurio-testing.org:80
2025-08-07 12:29:01,301 INFO  [org.apa.kaf.cli.pro.ProducerConfig] (main) ProducerConfig values: 
	acks = -1
	auto.include.jmx.reporter = true
	batch.size = 16384
	bootstrap.servers = [PLAINTEXT://localhost:32769]
	buffer.memory = 33554432
	client.dns.lookup = use_all_dns_ips
	client.id = Producer-topic-da170e64_4995_48b2_bfaf_df36f8b4a69f
	compression.gzip.level = -1
	compression.lz4.level = 9
	compression.type = none
	compression.zstd.level = 3
	connections.max.idle.ms = 10000
	delivery.timeout.ms = 120000
	enable.idempotence = true
	enable.metrics.push = true
	interceptor.classes = []
	key.serializer = class org.apache.kafka.common.serialization.StringSerializer
	linger.ms = 0
	max.block.ms = 60000
	max.in.flight.requests.per.connection = 5
	max.request.size = 1048576
	metadata.max.age.ms = 300000
	metadata.max.idle.ms = 300000
	metadata.recovery.strategy = none
	metric.reporters = []
	metrics.num.samples = 2
	metrics.recording.level = INFO
	metrics.sample.window.ms = 30000
	partitioner.adaptive.partitioning.enable = true
	partitioner.availability.timeout.ms = 0
	partitioner.class = null
	partitioner.ignore.keys = false
	receive.buffer.bytes = 32768
	reconnect.backoff.max.ms = 1000
	reconnect.backoff.ms = 50
	request.timeout.ms = 5000
	retries = 2147483647
	retry.backoff.max.ms = 1000
	retry.backoff.ms = 100
	sasl.client.callback.handler.class = null
	sasl.jaas.config = null
	sasl.kerberos.kinit.cmd = /usr/bin/kinit
	sasl.kerberos.min.time.before.relogin = 60000
	sasl.kerberos.service.name = null
	sasl.kerberos.ticket.renew.jitter = 0.05
	sasl.kerberos.ticket.renew.window.factor = 0.8
	sasl.login.callback.handler.class = null
	sasl.login.class = null
	sasl.login.connect.timeout.ms = null
	sasl.login.read.timeout.ms = null
	sasl.login.refresh.buffer.seconds = 300
	sasl.login.refresh.min.period.seconds = 60
	sasl.login.refresh.window.factor = 0.8
	sasl.login.refresh.window.jitter = 0.05
	sasl.login.retry.backoff.max.ms = 10000
	sasl.login.retry.backoff.ms = 100
	sasl.mechanism = GSSAPI
	sasl.oauthbearer.clock.skew.seconds = 30
	sasl.oauthbearer.expected.audience = null
	sasl.oauthbearer.expected.issuer = null
	sasl.oauthbearer.header.urlencode = false
	sasl.oauthbearer.jwks.endpoint.refresh.ms = 3600000
	sasl.oauthbearer.jwks.endpoint.retry.backoff.max.ms = 10000
	sasl.oauthbearer.jwks.endpoint.retry.backoff.ms = 100
	sasl.oauthbearer.jwks.endpoint.url = null
	sasl.oauthbearer.scope.claim.name = scope
	sasl.oauthbearer.sub.claim.name = sub
	sasl.oauthbearer.token.endpoint.url = null
	security.protocol = PLAINTEXT
	security.providers = null
	send.buffer.bytes = 131072
	socket.connection.setup.timeout.max.ms = 30000
	socket.connection.setup.timeout.ms = 10000
	ssl.cipher.suites = null
	ssl.enabled.protocols = [TLSv1.2, TLSv1.3]
	ssl.endpoint.identification.algorithm = https
	ssl.engine.factory.class = null
	ssl.key.password = null
	ssl.keymanager.algorithm = SunX509
	ssl.keystore.certificate.chain = null
	ssl.keystore.key = null
	ssl.keystore.location = null
	ssl.keystore.password = null
	ssl.keystore.type = JKS
	ssl.protocol = TLSv1.3
	ssl.provider = null
	ssl.secure.random.implementation = null
	ssl.trustmanager.algorithm = PKIX
	ssl.truststore.certificates = null
	ssl.truststore.location = null
	ssl.truststore.password = null
	ssl.truststore.type = JKS
	transaction.timeout.ms = 60000
	transactional.id = null
	value.serializer = class io.apicurio.registry.serde.avro.AvroKafkaSerializer

2025-08-07 12:29:01,301 INFO  [org.apa.kaf.com.tel.int.KafkaMetricsCollector] (main) initializing Kafka metrics collector
2025-08-07 12:29:01,316 INFO  [org.apa.kaf.cli.pro.KafkaProducer] (main) [Producer clientId=Producer-topic-da170e64_4995_48b2_bfaf_df36f8b4a69f] Instantiated an idempotent producer.
2025-08-07 12:29:01,321 INFO  [org.apa.kaf.cli.pro.ProducerConfig] (main) These configurations '[apicurio.registry.url, apicurio.registry.artifact-resolver-strategy]' were supplied but are not used yet.
2025-08-07 12:29:01,321 INFO  [org.apa.kaf.com.uti.AppInfoParser] (main) Kafka version: 3.9.1
2025-08-07 12:29:01,321 INFO  [org.apa.kaf.com.uti.AppInfoParser] (main) Kafka commitId: f745dfdcee2b9851
2025-08-07 12:29:01,321 INFO  [org.apa.kaf.com.uti.AppInfoParser] (main) Kafka startTimeMs: 1754569741321
2025-08-07 12:29:01,322 INFO  [io.api.tes.ser.api.KafkaSerdesTester] (Thread-688) Sending message {"key11754569729392": "value-0", "key21754569734504": "value-0"} to topic topic-da170e64_4995_48b2_bfaf_df36f8b4a69f
2025-08-07 12:29:01,332 INFO  [org.apa.kaf.cli.Metadata] (kafka-producer-network-thread | Producer-topic-da170e64_4995_48b2_bfaf_df36f8b4a69f) [Producer clientId=Producer-topic-da170e64_4995_48b2_bfaf_df36f8b4a69f] Cluster ID: Iafv2PskRxGTuYEST4AQwQ
2025-08-07 12:29:01,332 INFO  [DefaultSchemaResolver] (Thread-688) Retrieving schema content using string: {"type":"record","name":"s9b394a38x10bdx404fx9ff1x24c215d28c07","namespace":"ns_af310b85_f765_42cb_ad97_106158844de6","fields":[{"name":"key11754569729392","type":"string"},{"name":"key21754569734504","type":"string"}]}
2025-08-07 12:29:01,334 INFO  [org.apa.kaf.cli.pro.int.TransactionManager] (kafka-producer-network-thread | Producer-topic-da170e64_4995_48b2_bfaf_df36f8b4a69f) [Producer clientId=Producer-topic-da170e64_4995_48b2_bfaf_df36f8b4a69f] ProducerId set to 16 with epoch 0
2025-08-07 12:29:01,481 INFO  [io.api.tes.ser.api.KafkaSerdesTester] (Thread-688) Sending message {"key11754569729392": "value-1", "key21754569734504": "value-1"} to topic topic-da170e64_4995_48b2_bfaf_df36f8b4a69f
2025-08-07 12:29:01,483 INFO  [io.api.tes.ser.api.KafkaSerdesTester] (Thread-688) Sending message {"key11754569729392": "value-2", "key21754569734504": "value-2"} to topic topic-da170e64_4995_48b2_bfaf_df36f8b4a69f
2025-08-07 12:29:01,485 INFO  [io.api.tes.ser.api.KafkaSerdesTester] (Thread-688) Sending message {"key11754569729392": "value-3", "key21754569734504": "value-3"} to topic topic-da170e64_4995_48b2_bfaf_df36f8b4a69f
2025-08-07 12:29:01,490 INFO  [io.api.tes.ser.api.KafkaSerdesTester] (Thread-688) Sending message {"key11754569729392": "value-4", "key21754569734504": "value-4"} to topic topic-da170e64_4995_48b2_bfaf_df36f8b4a69f
2025-08-07 12:29:01,493 INFO  [io.api.tes.ser.api.KafkaSerdesTester] (Thread-688) Sending message {"key11754569729392": "value-5", "key21754569734504": "value-5"} to topic topic-da170e64_4995_48b2_bfaf_df36f8b4a69f
2025-08-07 12:29:01,497 INFO  [io.api.tes.ser.api.KafkaSerdesTester] (Thread-688) Sending message {"key11754569729392": "value-6", "key21754569734504": "value-6"} to topic topic-da170e64_4995_48b2_bfaf_df36f8b4a69f
2025-08-07 12:29:01,500 INFO  [io.api.tes.ser.api.KafkaSerdesTester] (Thread-688) Sending message {"key11754569729392": "value-7", "key21754569734504": "value-7"} to topic topic-da170e64_4995_48b2_bfaf_df36f8b4a69f
2025-08-07 12:29:01,501 INFO  [io.api.tes.ser.api.KafkaSerdesTester] (Thread-688) Sending message {"key11754569729392": "value-8", "key21754569734504": "value-8"} to topic topic-da170e64_4995_48b2_bfaf_df36f8b4a69f
2025-08-07 12:29:01,506 INFO  [io.api.tes.ser.api.KafkaSerdesTester] (Thread-688) Sending message {"key11754569729392": "value-9", "key21754569734504": "value-9"} to topic topic-da170e64_4995_48b2_bfaf_df36f8b4a69f
2025-08-07 12:29:01,507 INFO  [io.api.tes.ser.api.KafkaSerdesTester] (Thread-688) Produced 10 messages
2025-08-07 12:29:01,508 INFO  [org.apa.kaf.cli.pro.KafkaProducer] (Thread-688) [Producer clientId=Producer-topic-da170e64_4995_48b2_bfaf_df36f8b4a69f] Closing the Kafka producer with timeoutMillis = 9223372036854775807 ms.
2025-08-07 12:29:01,511 INFO  [org.apa.kaf.com.met.Metrics] (Thread-688) Metrics scheduler closed
2025-08-07 12:29:01,511 INFO  [org.apa.kaf.com.met.Metrics] (Thread-688) Closing reporter org.apache.kafka.common.metrics.JmxReporter
2025-08-07 12:29:01,511 INFO  [org.apa.kaf.com.met.Metrics] (Thread-688) Closing reporter org.apache.kafka.common.telemetry.internals.ClientTelemetryReporter
2025-08-07 12:29:01,511 INFO  [org.apa.kaf.com.met.Metrics] (Thread-688) Metrics reporters closed
2025-08-07 12:29:01,513 INFO  [org.apa.kaf.com.uti.AppInfoParser] (Thread-688) App info kafka.producer for Producer-topic-da170e64_4995_48b2_bfaf_df36f8b4a69f unregistered
**** Registry Base URL: http://registry-app-ksql047.apps.ci419.apicurio-testing.org:80
2025-08-07 12:29:01,515 INFO  [org.apa.kaf.cli.pro.ProducerConfig] (main) ProducerConfig values: 
	acks = -1
	auto.include.jmx.reporter = true
	batch.size = 16384
	bootstrap.servers = [PLAINTEXT://localhost:32769]
	buffer.memory = 33554432
	client.dns.lookup = use_all_dns_ips
	client.id = Producer-topic-da170e64_4995_48b2_bfaf_df36f8b4a69f
	compression.gzip.level = -1
	compression.lz4.level = 9
	compression.type = none
	compression.zstd.level = 3
	connections.max.idle.ms = 10000
	delivery.timeout.ms = 120000
	enable.idempotence = true
	enable.metrics.push = true
	interceptor.classes = []
	key.serializer = class org.apache.kafka.common.serialization.StringSerializer
	linger.ms = 0
	max.block.ms = 60000
	max.in.flight.requests.per.connection = 5
	max.request.size = 1048576
	metadata.max.age.ms = 300000
	metadata.max.idle.ms = 300000
	metadata.recovery.strategy = none
	metric.reporters = []
	metrics.num.samples = 2
	metrics.recording.level = INFO
	metrics.sample.window.ms = 30000
	partitioner.adaptive.partitioning.enable = true
	partitioner.availability.timeout.ms = 0
	partitioner.class = null
	partitioner.ignore.keys = false
	receive.buffer.bytes = 32768
	reconnect.backoff.max.ms = 1000
	reconnect.backoff.ms = 50
	request.timeout.ms = 5000
	retries = 2147483647
	retry.backoff.max.ms = 1000
	retry.backoff.ms = 100
	sasl.client.callback.handler.class = null
	sasl.jaas.config = null
	sasl.kerberos.kinit.cmd = /usr/bin/kinit
	sasl.kerberos.min.time.before.relogin = 60000
	sasl.kerberos.service.name = null
	sasl.kerberos.ticket.renew.jitter = 0.05
	sasl.kerberos.ticket.renew.window.factor = 0.8
	sasl.login.callback.handler.class = null
	sasl.login.class = null
	sasl.login.connect.timeout.ms = null
	sasl.login.read.timeout.ms = null
	sasl.login.refresh.buffer.seconds = 300
	sasl.login.refresh.min.period.seconds = 60
	sasl.login.refresh.window.factor = 0.8
	sasl.login.refresh.window.jitter = 0.05
	sasl.login.retry.backoff.max.ms = 10000
	sasl.login.retry.backoff.ms = 100
	sasl.mechanism = GSSAPI
	sasl.oauthbearer.clock.skew.seconds = 30
	sasl.oauthbearer.expected.audience = null
	sasl.oauthbearer.expected.issuer = null
	sasl.oauthbearer.header.urlencode = false
	sasl.oauthbearer.jwks.endpoint.refresh.ms = 3600000
	sasl.oauthbearer.jwks.endpoint.retry.backoff.max.ms = 10000
	sasl.oauthbearer.jwks.endpoint.retry.backoff.ms = 100
	sasl.oauthbearer.jwks.endpoint.url = null
	sasl.oauthbearer.scope.claim.name = scope
	sasl.oauthbearer.sub.claim.name = sub
	sasl.oauthbearer.token.endpoint.url = null
	security.protocol = PLAINTEXT
	security.providers = null
	send.buffer.bytes = 131072
	socket.connection.setup.timeout.max.ms = 30000
	socket.connection.setup.timeout.ms = 10000
	ssl.cipher.suites = null
	ssl.enabled.protocols = [TLSv1.2, TLSv1.3]
	ssl.endpoint.identification.algorithm = https
	ssl.engine.factory.class = null
	ssl.key.password = null
	ssl.keymanager.algorithm = SunX509
	ssl.keystore.certificate.chain = null
	ssl.keystore.key = null
	ssl.keystore.location = null
	ssl.keystore.password = null
	ssl.keystore.type = JKS
	ssl.protocol = TLSv1.3
	ssl.provider = null
	ssl.secure.random.implementation = null
	ssl.trustmanager.algorithm = PKIX
	ssl.truststore.certificates = null
	ssl.truststore.location = null
	ssl.truststore.password = null
	ssl.truststore.type = JKS
	transaction.timeout.ms = 60000
	transactional.id = null
	value.serializer = class io.apicurio.registry.serde.avro.AvroKafkaSerializer

2025-08-07 12:29:01,515 INFO  [org.apa.kaf.com.tel.int.KafkaMetricsCollector] (main) initializing Kafka metrics collector
2025-08-07 12:29:01,523 INFO  [org.apa.kaf.cli.pro.KafkaProducer] (main) [Producer clientId=Producer-topic-da170e64_4995_48b2_bfaf_df36f8b4a69f] Instantiated an idempotent producer.
2025-08-07 12:29:01,526 INFO  [org.apa.kaf.cli.pro.ProducerConfig] (main) These configurations '[apicurio.registry.url, apicurio.registry.artifact-resolver-strategy]' were supplied but are not used yet.
2025-08-07 12:29:01,526 INFO  [org.apa.kaf.com.uti.AppInfoParser] (main) Kafka version: 3.9.1
2025-08-07 12:29:01,526 INFO  [org.apa.kaf.com.uti.AppInfoParser] (main) Kafka commitId: f745dfdcee2b9851
2025-08-07 12:29:01,526 INFO  [org.apa.kaf.com.uti.AppInfoParser] (main) Kafka startTimeMs: 1754569741526
2025-08-07 12:29:01,527 INFO  [io.api.tes.ser.api.KafkaSerdesTester] (Thread-691) Sending message {"key11754569729392": "value-0"} to topic topic-da170e64_4995_48b2_bfaf_df36f8b4a69f
2025-08-07 12:29:01,530 INFO  [org.apa.kaf.cli.Metadata] (kafka-producer-network-thread | Producer-topic-da170e64_4995_48b2_bfaf_df36f8b4a69f) [Producer clientId=Producer-topic-da170e64_4995_48b2_bfaf_df36f8b4a69f] Cluster ID: Iafv2PskRxGTuYEST4AQwQ
2025-08-07 12:29:01,530 INFO  [org.apa.kaf.cli.pro.int.TransactionManager] (kafka-producer-network-thread | Producer-topic-da170e64_4995_48b2_bfaf_df36f8b4a69f) [Producer clientId=Producer-topic-da170e64_4995_48b2_bfaf_df36f8b4a69f] ProducerId set to 17 with epoch 0
2025-08-07 12:29:01,530 INFO  [DefaultSchemaResolver] (Thread-691) Retrieving schema content using string: {"type":"record","name":"s9b394a38x10bdx404fx9ff1x24c215d28c07","namespace":"ns_af310b85_f765_42cb_ad97_106158844de6","fields":[{"name":"key11754569729392","type":"string"}]}
2025-08-07 12:29:01,677 INFO  [io.api.tes.ser.api.KafkaSerdesTester] (Thread-691) Sending message {"key11754569729392": "value-1"} to topic topic-da170e64_4995_48b2_bfaf_df36f8b4a69f
2025-08-07 12:29:01,680 INFO  [io.api.tes.ser.api.KafkaSerdesTester] (Thread-691) Sending message {"key11754569729392": "value-2"} to topic topic-da170e64_4995_48b2_bfaf_df36f8b4a69f
2025-08-07 12:29:01,683 INFO  [io.api.tes.ser.api.KafkaSerdesTester] (Thread-691) Sending message {"key11754569729392": "value-3"} to topic topic-da170e64_4995_48b2_bfaf_df36f8b4a69f
2025-08-07 12:29:01,686 INFO  [io.api.tes.ser.api.KafkaSerdesTester] (Thread-691) Sending message {"key11754569729392": "value-4"} to topic topic-da170e64_4995_48b2_bfaf_df36f8b4a69f
2025-08-07 12:29:01,689 INFO  [io.api.tes.ser.api.KafkaSerdesTester] (Thread-691) Sending message {"key11754569729392": "value-5"} to topic topic-da170e64_4995_48b2_bfaf_df36f8b4a69f
2025-08-07 12:29:01,690 INFO  [io.api.tes.ser.api.KafkaSerdesTester] (Thread-691) Sending message {"key11754569729392": "value-6"} to topic topic-da170e64_4995_48b2_bfaf_df36f8b4a69f
2025-08-07 12:29:01,692 INFO  [io.api.tes.ser.api.KafkaSerdesTester] (Thread-691) Sending message {"key11754569729392": "value-7"} to topic topic-da170e64_4995_48b2_bfaf_df36f8b4a69f
2025-08-07 12:29:01,693 INFO  [io.api.tes.ser.api.KafkaSerdesTester] (Thread-691) Sending message {"key11754569729392": "value-8"} to topic topic-da170e64_4995_48b2_bfaf_df36f8b4a69f
2025-08-07 12:29:01,694 INFO  [io.api.tes.ser.api.KafkaSerdesTester] (Thread-691) Sending message {"key11754569729392": "value-9"} to topic topic-da170e64_4995_48b2_bfaf_df36f8b4a69f
2025-08-07 12:29:01,695 INFO  [io.api.tes.ser.api.KafkaSerdesTester] (Thread-691) Produced 10 messages
2025-08-07 12:29:01,695 INFO  [org.apa.kaf.cli.pro.KafkaProducer] (Thread-691) [Producer clientId=Producer-topic-da170e64_4995_48b2_bfaf_df36f8b4a69f] Closing the Kafka producer with timeoutMillis = 9223372036854775807 ms.
2025-08-07 12:29:01,698 INFO  [org.apa.kaf.com.met.Metrics] (Thread-691) Metrics scheduler closed
2025-08-07 12:29:01,698 INFO  [org.apa.kaf.com.met.Metrics] (Thread-691) Closing reporter org.apache.kafka.common.metrics.JmxReporter
2025-08-07 12:29:01,698 INFO  [org.apa.kaf.com.met.Metrics] (Thread-691) Closing reporter org.apache.kafka.common.telemetry.internals.ClientTelemetryReporter
2025-08-07 12:29:01,698 INFO  [org.apa.kaf.com.met.Metrics] (Thread-691) Metrics reporters closed
2025-08-07 12:29:01,698 INFO  [org.apa.kaf.com.uti.AppInfoParser] (Thread-691) App info kafka.producer for Producer-topic-da170e64_4995_48b2_bfaf_df36f8b4a69f unregistered
**** Registry Base URL: http://registry-app-ksql047.apps.ci419.apicurio-testing.org:80
2025-08-07 12:29:01,699 INFO  [org.apa.kaf.cli.con.ConsumerConfig] (main) ConsumerConfig values: 
	allow.auto.create.topics = true
	auto.commit.interval.ms = 500
	auto.include.jmx.reporter = true
	auto.offset.reset = earliest
	bootstrap.servers = [PLAINTEXT://localhost:32769]
	check.crcs = true
	client.dns.lookup = use_all_dns_ips
	client.id = consumer-Consumer-topic-da170e64_4995_48b2_bfaf_df36f8b4a69f-12
	client.rack = 
	connections.max.idle.ms = 10000
	default.api.timeout.ms = 60000
	enable.auto.commit = true
	enable.metrics.push = true
	exclude.internal.topics = true
	fetch.max.bytes = 52428800
	fetch.max.wait.ms = 500
	fetch.min.bytes = 1
	group.id = Consumer-topic-da170e64_4995_48b2_bfaf_df36f8b4a69f
	group.instance.id = null
	group.protocol = classic
	group.remote.assignor = null
	heartbeat.interval.ms = 3000
	interceptor.classes = []
	internal.leave.group.on.close = true
	internal.throw.on.fetch.stable.offset.unsupported = false
	isolation.level = read_uncommitted
	key.deserializer = class org.apache.kafka.common.serialization.StringDeserializer
	max.partition.fetch.bytes = 1048576
	max.poll.interval.ms = 300000
	max.poll.records = 500
	metadata.max.age.ms = 300000
	metadata.recovery.strategy = none
	metric.reporters = []
	metrics.num.samples = 2
	metrics.recording.level = INFO
	metrics.sample.window.ms = 30000
	partition.assignment.strategy = [class org.apache.kafka.clients.consumer.RangeAssignor, class org.apache.kafka.clients.consumer.CooperativeStickyAssignor]
	receive.buffer.bytes = 65536
	reconnect.backoff.max.ms = 1000
	reconnect.backoff.ms = 50
	request.timeout.ms = 5000
	retry.backoff.max.ms = 1000
	retry.backoff.ms = 100
	sasl.client.callback.handler.class = null
	sasl.jaas.config = null
	sasl.kerberos.kinit.cmd = /usr/bin/kinit
	sasl.kerberos.min.time.before.relogin = 60000
	sasl.kerberos.service.name = null
	sasl.kerberos.ticket.renew.jitter = 0.05
	sasl.kerberos.ticket.renew.window.factor = 0.8
	sasl.login.callback.handler.class = null
	sasl.login.class = null
	sasl.login.connect.timeout.ms = null
	sasl.login.read.timeout.ms = null
	sasl.login.refresh.buffer.seconds = 300
	sasl.login.refresh.min.period.seconds = 60
	sasl.login.refresh.window.factor = 0.8
	sasl.login.refresh.window.jitter = 0.05
	sasl.login.retry.backoff.max.ms = 10000
	sasl.login.retry.backoff.ms = 100
	sasl.mechanism = GSSAPI
	sasl.oauthbearer.clock.skew.seconds = 30
	sasl.oauthbearer.expected.audience = null
	sasl.oauthbearer.expected.issuer = null
	sasl.oauthbearer.header.urlencode = false
	sasl.oauthbearer.jwks.endpoint.refresh.ms = 3600000
	sasl.oauthbearer.jwks.endpoint.retry.backoff.max.ms = 10000
	sasl.oauthbearer.jwks.endpoint.retry.backoff.ms = 100
	sasl.oauthbearer.jwks.endpoint.url = null
	sasl.oauthbearer.scope.claim.name = scope
	sasl.oauthbearer.sub.claim.name = sub
	sasl.oauthbearer.token.endpoint.url = null
	security.protocol = PLAINTEXT
	security.providers = null
	send.buffer.bytes = 131072
	session.timeout.ms = 45000
	socket.connection.setup.timeout.max.ms = 30000
	socket.connection.setup.timeout.ms = 10000
	ssl.cipher.suites = null
	ssl.enabled.protocols = [TLSv1.2, TLSv1.3]
	ssl.endpoint.identification.algorithm = https
	ssl.engine.factory.class = null
	ssl.key.password = null
	ssl.keymanager.algorithm = SunX509
	ssl.keystore.certificate.chain = null
	ssl.keystore.key = null
	ssl.keystore.location = null
	ssl.keystore.password = null
	ssl.keystore.type = JKS
	ssl.protocol = TLSv1.3
	ssl.provider = null
	ssl.secure.random.implementation = null
	ssl.trustmanager.algorithm = PKIX
	ssl.truststore.certificates = null
	ssl.truststore.location = null
	ssl.truststore.password = null
	ssl.truststore.type = JKS
	value.deserializer = class io.apicurio.registry.serde.avro.AvroKafkaDeserializer

2025-08-07 12:29:01,700 INFO  [org.apa.kaf.com.tel.int.KafkaMetricsCollector] (main) initializing Kafka metrics collector
2025-08-07 12:29:01,707 INFO  [org.apa.kaf.cli.con.ConsumerConfig] (main) These configurations '[apicurio.registry.url]' were supplied but are not used yet.
2025-08-07 12:29:01,707 INFO  [org.apa.kaf.com.uti.AppInfoParser] (main) Kafka version: 3.9.1
2025-08-07 12:29:01,708 INFO  [org.apa.kaf.com.uti.AppInfoParser] (main) Kafka commitId: f745dfdcee2b9851
2025-08-07 12:29:01,708 INFO  [org.apa.kaf.com.uti.AppInfoParser] (main) Kafka startTimeMs: 1754569741707
2025-08-07 12:29:01,708 INFO  [org.apa.kaf.cli.con.int.ClassicKafkaConsumer] (Thread-694) [Consumer clientId=consumer-Consumer-topic-da170e64_4995_48b2_bfaf_df36f8b4a69f-12, groupId=Consumer-topic-da170e64_4995_48b2_bfaf_df36f8b4a69f] Subscribed to topic(s): topic-da170e64_4995_48b2_bfaf_df36f8b4a69f
2025-08-07 12:29:01,712 INFO  [org.apa.kaf.cli.Metadata] (Thread-694) [Consumer clientId=consumer-Consumer-topic-da170e64_4995_48b2_bfaf_df36f8b4a69f-12, groupId=Consumer-topic-da170e64_4995_48b2_bfaf_df36f8b4a69f] Cluster ID: Iafv2PskRxGTuYEST4AQwQ
2025-08-07 12:29:01,716 INFO  [org.apa.kaf.cli.con.int.ConsumerCoordinator] (Thread-694) [Consumer clientId=consumer-Consumer-topic-da170e64_4995_48b2_bfaf_df36f8b4a69f-12, groupId=Consumer-topic-da170e64_4995_48b2_bfaf_df36f8b4a69f] Discovered group coordinator localhost:32769 (id: 2147483647 rack: null)
2025-08-07 12:29:01,718 INFO  [org.apa.kaf.cli.con.int.ConsumerCoordinator] (Thread-694) [Consumer clientId=consumer-Consumer-topic-da170e64_4995_48b2_bfaf_df36f8b4a69f-12, groupId=Consumer-topic-da170e64_4995_48b2_bfaf_df36f8b4a69f] (Re-)joining group
2025-08-07 12:29:01,723 INFO  [org.apa.kaf.cli.con.int.ConsumerCoordinator] (Thread-694) [Consumer clientId=consumer-Consumer-topic-da170e64_4995_48b2_bfaf_df36f8b4a69f-12, groupId=Consumer-topic-da170e64_4995_48b2_bfaf_df36f8b4a69f] Request joining group due to: need to re-join with the given member-id: consumer-Consumer-topic-da170e64_4995_48b2_bfaf_df36f8b4a69f-12-22d3847c-fc29-4da5-a433-f7ede763af65
2025-08-07 12:29:01,723 INFO  [org.apa.kaf.cli.con.int.ConsumerCoordinator] (Thread-694) [Consumer clientId=consumer-Consumer-topic-da170e64_4995_48b2_bfaf_df36f8b4a69f-12, groupId=Consumer-topic-da170e64_4995_48b2_bfaf_df36f8b4a69f] (Re-)joining group
2025-08-07 12:29:02,709 INFO  [io.api.tes.ser.api.KafkaSerdesTester] (Thread-694) None found
2025-08-07 12:29:03,709 INFO  [io.api.tes.ser.api.KafkaSerdesTester] (Thread-694) None found
2025-08-07 12:29:04,709 INFO  [io.api.tes.ser.api.KafkaSerdesTester] (Thread-694) None found
2025-08-07 12:29:04,724 INFO  [org.apa.kaf.cli.con.int.ConsumerCoordinator] (Thread-694) [Consumer clientId=consumer-Consumer-topic-da170e64_4995_48b2_bfaf_df36f8b4a69f-12, groupId=Consumer-topic-da170e64_4995_48b2_bfaf_df36f8b4a69f] Successfully joined group with generation Generation{generationId=5, memberId='consumer-Consumer-topic-da170e64_4995_48b2_bfaf_df36f8b4a69f-12-22d3847c-fc29-4da5-a433-f7ede763af65', protocol='range'}
2025-08-07 12:29:04,725 INFO  [org.apa.kaf.cli.con.int.ConsumerCoordinator] (Thread-694) [Consumer clientId=consumer-Consumer-topic-da170e64_4995_48b2_bfaf_df36f8b4a69f-12, groupId=Consumer-topic-da170e64_4995_48b2_bfaf_df36f8b4a69f] Finished assignment for group at generation 5: {consumer-Consumer-topic-da170e64_4995_48b2_bfaf_df36f8b4a69f-12-22d3847c-fc29-4da5-a433-f7ede763af65=Assignment(partitions=[topic-da170e64_4995_48b2_bfaf_df36f8b4a69f-0])}
2025-08-07 12:29:04,731 INFO  [org.apa.kaf.cli.con.int.ConsumerCoordinator] (Thread-694) [Consumer clientId=consumer-Consumer-topic-da170e64_4995_48b2_bfaf_df36f8b4a69f-12, groupId=Consumer-topic-da170e64_4995_48b2_bfaf_df36f8b4a69f] Successfully synced group in generation Generation{generationId=5, memberId='consumer-Consumer-topic-da170e64_4995_48b2_bfaf_df36f8b4a69f-12-22d3847c-fc29-4da5-a433-f7ede763af65', protocol='range'}
2025-08-07 12:29:04,732 INFO  [org.apa.kaf.cli.con.int.ConsumerCoordinator] (Thread-694) [Consumer clientId=consumer-Consumer-topic-da170e64_4995_48b2_bfaf_df36f8b4a69f-12, groupId=Consumer-topic-da170e64_4995_48b2_bfaf_df36f8b4a69f] Notifying assignor about the new Assignment(partitions=[topic-da170e64_4995_48b2_bfaf_df36f8b4a69f-0])
2025-08-07 12:29:04,732 INFO  [org.apa.kaf.cli.con.int.ConsumerRebalanceListenerInvoker] (Thread-694) [Consumer clientId=consumer-Consumer-topic-da170e64_4995_48b2_bfaf_df36f8b4a69f-12, groupId=Consumer-topic-da170e64_4995_48b2_bfaf_df36f8b4a69f] Adding newly assigned partitions: topic-da170e64_4995_48b2_bfaf_df36f8b4a69f-0
2025-08-07 12:29:04,733 INFO  [org.apa.kaf.cli.con.int.ConsumerUtils] (Thread-694) Setting offset for partition topic-da170e64_4995_48b2_bfaf_df36f8b4a69f-0 to the committed offset FetchPosition{offset=30, offsetEpoch=Optional[0], currentLeader=LeaderAndEpoch{leader=Optional[localhost:32769 (id: 0 rack: null)], epoch=0}}
2025-08-07 12:29:05,221 INFO  [io.api.tes.ser.api.KafkaSerdesTester] (Thread-694) topic-da170e64_4995_48b2_bfaf_df36f8b4a69f 0 30 {"key11754569729392": "value-0", "key21754569734504": "value-0", "key31754569739953": "value-0"}
2025-08-07 12:29:05,222 INFO  [io.api.tes.ser.api.KafkaSerdesTester] (Thread-694) topic-da170e64_4995_48b2_bfaf_df36f8b4a69f 0 31 {"key11754569729392": "value-1", "key21754569734504": "value-1", "key31754569739953": "value-1"}
2025-08-07 12:29:05,222 INFO  [io.api.tes.ser.api.KafkaSerdesTester] (Thread-694) topic-da170e64_4995_48b2_bfaf_df36f8b4a69f 0 32 {"key11754569729392": "value-2", "key21754569734504": "value-2", "key31754569739953": "value-2"}
2025-08-07 12:29:05,222 INFO  [io.api.tes.ser.api.KafkaSerdesTester] (Thread-694) topic-da170e64_4995_48b2_bfaf_df36f8b4a69f 0 33 {"key11754569729392": "value-3", "key21754569734504": "value-3", "key31754569739953": "value-3"}
2025-08-07 12:29:05,222 INFO  [io.api.tes.ser.api.KafkaSerdesTester] (Thread-694) topic-da170e64_4995_48b2_bfaf_df36f8b4a69f 0 34 {"key11754569729392": "value-4", "key21754569734504": "value-4", "key31754569739953": "value-4"}
2025-08-07 12:29:05,222 INFO  [io.api.tes.ser.api.KafkaSerdesTester] (Thread-694) topic-da170e64_4995_48b2_bfaf_df36f8b4a69f 0 35 {"key11754569729392": "value-5", "key21754569734504": "value-5", "key31754569739953": "value-5"}
2025-08-07 12:29:05,222 INFO  [io.api.tes.ser.api.KafkaSerdesTester] (Thread-694) topic-da170e64_4995_48b2_bfaf_df36f8b4a69f 0 36 {"key11754569729392": "value-6", "key21754569734504": "value-6", "key31754569739953": "value-6"}
2025-08-07 12:29:05,222 INFO  [io.api.tes.ser.api.KafkaSerdesTester] (Thread-694) topic-da170e64_4995_48b2_bfaf_df36f8b4a69f 0 37 {"key11754569729392": "value-7", "key21754569734504": "value-7", "key31754569739953": "value-7"}
2025-08-07 12:29:05,222 INFO  [io.api.tes.ser.api.KafkaSerdesTester] (Thread-694) topic-da170e64_4995_48b2_bfaf_df36f8b4a69f 0 38 {"key11754569729392": "value-8", "key21754569734504": "value-8", "key31754569739953": "value-8"}
2025-08-07 12:29:05,222 INFO  [io.api.tes.ser.api.KafkaSerdesTester] (Thread-694) topic-da170e64_4995_48b2_bfaf_df36f8b4a69f 0 39 {"key11754569729392": "value-9", "key21754569734504": "value-9", "key31754569739953": "value-9"}
2025-08-07 12:29:05,222 INFO  [io.api.tes.ser.api.KafkaSerdesTester] (Thread-694) topic-da170e64_4995_48b2_bfaf_df36f8b4a69f 0 40 {"key11754569729392": "value-0", "key21754569734504": "value-0"}
2025-08-07 12:29:05,222 INFO  [io.api.tes.ser.api.KafkaSerdesTester] (Thread-694) topic-da170e64_4995_48b2_bfaf_df36f8b4a69f 0 41 {"key11754569729392": "value-1", "key21754569734504": "value-1"}
2025-08-07 12:29:05,222 INFO  [io.api.tes.ser.api.KafkaSerdesTester] (Thread-694) topic-da170e64_4995_48b2_bfaf_df36f8b4a69f 0 42 {"key11754569729392": "value-2", "key21754569734504": "value-2"}
2025-08-07 12:29:05,222 INFO  [io.api.tes.ser.api.KafkaSerdesTester] (Thread-694) topic-da170e64_4995_48b2_bfaf_df36f8b4a69f 0 43 {"key11754569729392": "value-3", "key21754569734504": "value-3"}
2025-08-07 12:29:05,222 INFO  [io.api.tes.ser.api.KafkaSerdesTester] (Thread-694) topic-da170e64_4995_48b2_bfaf_df36f8b4a69f 0 44 {"key11754569729392": "value-4", "key21754569734504": "value-4"}
2025-08-07 12:29:05,222 INFO  [io.api.tes.ser.api.KafkaSerdesTester] (Thread-694) topic-da170e64_4995_48b2_bfaf_df36f8b4a69f 0 45 {"key11754569729392": "value-5", "key21754569734504": "value-5"}
2025-08-07 12:29:05,222 INFO  [io.api.tes.ser.api.KafkaSerdesTester] (Thread-694) topic-da170e64_4995_48b2_bfaf_df36f8b4a69f 0 46 {"key11754569729392": "value-6", "key21754569734504": "value-6"}
2025-08-07 12:29:05,222 INFO  [io.api.tes.ser.api.KafkaSerdesTester] (Thread-694) topic-da170e64_4995_48b2_bfaf_df36f8b4a69f 0 47 {"key11754569729392": "value-7", "key21754569734504": "value-7"}
2025-08-07 12:29:05,222 INFO  [io.api.tes.ser.api.KafkaSerdesTester] (Thread-694) topic-da170e64_4995_48b2_bfaf_df36f8b4a69f 0 48 {"key11754569729392": "value-8", "key21754569734504": "value-8"}
2025-08-07 12:29:05,222 INFO  [io.api.tes.ser.api.KafkaSerdesTester] (Thread-694) topic-da170e64_4995_48b2_bfaf_df36f8b4a69f 0 49 {"key11754569729392": "value-9", "key21754569734504": "value-9"}
2025-08-07 12:29:05,222 INFO  [io.api.tes.ser.api.KafkaSerdesTester] (Thread-694) topic-da170e64_4995_48b2_bfaf_df36f8b4a69f 0 50 {"key11754569729392": "value-0"}
2025-08-07 12:29:05,222 INFO  [io.api.tes.ser.api.KafkaSerdesTester] (Thread-694) topic-da170e64_4995_48b2_bfaf_df36f8b4a69f 0 51 {"key11754569729392": "value-1"}
2025-08-07 12:29:05,222 INFO  [io.api.tes.ser.api.KafkaSerdesTester] (Thread-694) topic-da170e64_4995_48b2_bfaf_df36f8b4a69f 0 52 {"key11754569729392": "value-2"}
2025-08-07 12:29:05,222 INFO  [io.api.tes.ser.api.KafkaSerdesTester] (Thread-694) topic-da170e64_4995_48b2_bfaf_df36f8b4a69f 0 53 {"key11754569729392": "value-3"}
2025-08-07 12:29:05,222 INFO  [io.api.tes.ser.api.KafkaSerdesTester] (Thread-694) topic-da170e64_4995_48b2_bfaf_df36f8b4a69f 0 54 {"key11754569729392": "value-4"}
2025-08-07 12:29:05,223 INFO  [io.api.tes.ser.api.KafkaSerdesTester] (Thread-694) topic-da170e64_4995_48b2_bfaf_df36f8b4a69f 0 55 {"key11754569729392": "value-5"}
2025-08-07 12:29:05,223 INFO  [io.api.tes.ser.api.KafkaSerdesTester] (Thread-694) topic-da170e64_4995_48b2_bfaf_df36f8b4a69f 0 56 {"key11754569729392": "value-6"}
2025-08-07 12:29:05,223 INFO  [io.api.tes.ser.api.KafkaSerdesTester] (Thread-694) topic-da170e64_4995_48b2_bfaf_df36f8b4a69f 0 57 {"key11754569729392": "value-7"}
2025-08-07 12:29:05,223 INFO  [io.api.tes.ser.api.KafkaSerdesTester] (Thread-694) topic-da170e64_4995_48b2_bfaf_df36f8b4a69f 0 58 {"key11754569729392": "value-8"}
2025-08-07 12:29:05,223 INFO  [io.api.tes.ser.api.KafkaSerdesTester] (Thread-694) topic-da170e64_4995_48b2_bfaf_df36f8b4a69f 0 59 {"key11754569729392": "value-9"}
2025-08-07 12:29:05,223 INFO  [io.api.tes.ser.api.KafkaSerdesTester] (Thread-694) Consumed 30 messages
2025-08-07 12:29:05,230 INFO  [org.apa.kaf.cli.con.int.ConsumerRebalanceListenerInvoker] (Thread-694) [Consumer clientId=consumer-Consumer-topic-da170e64_4995_48b2_bfaf_df36f8b4a69f-12, groupId=Consumer-topic-da170e64_4995_48b2_bfaf_df36f8b4a69f] Revoke previously assigned partitions topic-da170e64_4995_48b2_bfaf_df36f8b4a69f-0
2025-08-07 12:29:05,230 INFO  [org.apa.kaf.cli.con.int.ConsumerCoordinator] (Thread-694) [Consumer clientId=consumer-Consumer-topic-da170e64_4995_48b2_bfaf_df36f8b4a69f-12, groupId=Consumer-topic-da170e64_4995_48b2_bfaf_df36f8b4a69f] Member consumer-Consumer-topic-da170e64_4995_48b2_bfaf_df36f8b4a69f-12-22d3847c-fc29-4da5-a433-f7ede763af65 sending LeaveGroup request to coordinator localhost:32769 (id: 2147483647 rack: null) due to the consumer is being closed
2025-08-07 12:29:05,230 INFO  [org.apa.kaf.cli.con.int.ConsumerCoordinator] (Thread-694) [Consumer clientId=consumer-Consumer-topic-da170e64_4995_48b2_bfaf_df36f8b4a69f-12, groupId=Consumer-topic-da170e64_4995_48b2_bfaf_df36f8b4a69f] Resetting generation and member id due to: consumer pro-actively leaving the group
2025-08-07 12:29:05,230 INFO  [org.apa.kaf.cli.con.int.ConsumerCoordinator] (Thread-694) [Consumer clientId=consumer-Consumer-topic-da170e64_4995_48b2_bfaf_df36f8b4a69f-12, groupId=Consumer-topic-da170e64_4995_48b2_bfaf_df36f8b4a69f] Request joining group due to: consumer pro-actively leaving the group
2025-08-07 12:29:05,726 INFO  [org.apa.kaf.com.met.Metrics] (Thread-694) Metrics scheduler closed
2025-08-07 12:29:05,726 INFO  [org.apa.kaf.com.met.Metrics] (Thread-694) Closing reporter org.apache.kafka.common.metrics.JmxReporter
2025-08-07 12:29:05,726 INFO  [org.apa.kaf.com.met.Metrics] (Thread-694) Closing reporter org.apache.kafka.common.telemetry.internals.ClientTelemetryReporter
2025-08-07 12:29:05,726 INFO  [org.apa.kaf.com.met.Metrics] (Thread-694) Metrics reporters closed
2025-08-07 12:29:05,728 INFO  [org.apa.kaf.com.uti.AppInfoParser] (Thread-694) App info kafka.consumer for consumer-Consumer-topic-da170e64_4995_48b2_bfaf_df36f8b4a69f-12 unregistered
2025-08-07 12:29:05,728 INFO  [org.apa.kaf.cli.pro.KafkaProducer] (main) [Producer clientId=Producer-topic-da170e64_4995_48b2_bfaf_df36f8b4a69f] Closing the Kafka producer with timeoutMillis = 9223372036854775807 ms.
2025-08-07 12:29:05,728 INFO  [org.apa.kaf.com.met.Metrics] (main) Metrics scheduler closed
2025-08-07 12:29:05,728 INFO  [org.apa.kaf.com.met.Metrics] (main) Closing reporter org.apache.kafka.common.metrics.JmxReporter
2025-08-07 12:29:05,728 INFO  [org.apa.kaf.com.met.Metrics] (main) Closing reporter org.apache.kafka.common.telemetry.internals.ClientTelemetryReporter
2025-08-07 12:29:05,728 INFO  [org.apa.kaf.com.met.Metrics] (main) Metrics reporters closed
2025-08-07 12:29:05,728 INFO  [org.apa.kaf.com.uti.AppInfoParser] (main) App info kafka.producer for Producer-topic-da170e64_4995_48b2_bfaf_df36f8b4a69f unregistered
2025-08-07 12:29:05,729 INFO  [io.api.tes.uti.TestSeparator] (main) io.apicurio.tests.serdes.apicurio.AvroSerdeIT.testEvolveAvroApicurio-FINISHED
2025-08-07 12:29:05,729 INFO  [io.api.tes.uti.TestSeparator] (main) ############################################################################
Test passed: testEvolveAvroApicurio
]]></system-out>
  </testcase>
  <testcase name="testTopicRecordIdStrategydFindLatest" classname="io.apicurio.tests.serdes.apicurio.AvroSerdeIT" time="5.244">
    <system-out><![CDATA[2025-08-07 12:29:05,730 INFO  [io.api.tes.uti.TestSeparator] (main) ############################################################################
2025-08-07 12:29:05,730 INFO  [io.api.tes.uti.TestSeparator] (main) io.apicurio.tests.serdes.apicurio.AvroSerdeIT.testTopicRecordIdStrategydFindLatest-STARTED
2025-08-07 12:29:05,735 INFO  [io.api.tes.ser.api.AvroSerdeIT] (main) Registering Avro Schema: {"type":"record","name":"s7a144986xa7dax4b26x8582xaaa9a0d5e512","namespace":"s296d546axdd47x4202xa29cx8c2d1e931a35","fields":[{"name":"key11754569745731","type":"string"}]}
**** Registry Base URL: http://registry-app-ksql047.apps.ci419.apicurio-testing.org:80
2025-08-07 12:29:06,910 INFO  [org.apa.kaf.cli.pro.ProducerConfig] (main) ProducerConfig values: 
	acks = -1
	auto.include.jmx.reporter = true
	batch.size = 16384
	bootstrap.servers = [PLAINTEXT://localhost:32769]
	buffer.memory = 33554432
	client.dns.lookup = use_all_dns_ips
	client.id = Producer-topic-da81f080_92b1_46af_912e_9959c086ef59
	compression.gzip.level = -1
	compression.lz4.level = 9
	compression.type = none
	compression.zstd.level = 3
	connections.max.idle.ms = 10000
	delivery.timeout.ms = 120000
	enable.idempotence = true
	enable.metrics.push = true
	interceptor.classes = []
	key.serializer = class org.apache.kafka.common.serialization.StringSerializer
	linger.ms = 0
	max.block.ms = 60000
	max.in.flight.requests.per.connection = 5
	max.request.size = 1048576
	metadata.max.age.ms = 300000
	metadata.max.idle.ms = 300000
	metadata.recovery.strategy = none
	metric.reporters = []
	metrics.num.samples = 2
	metrics.recording.level = INFO
	metrics.sample.window.ms = 30000
	partitioner.adaptive.partitioning.enable = true
	partitioner.availability.timeout.ms = 0
	partitioner.class = null
	partitioner.ignore.keys = false
	receive.buffer.bytes = 32768
	reconnect.backoff.max.ms = 1000
	reconnect.backoff.ms = 50
	request.timeout.ms = 5000
	retries = 2147483647
	retry.backoff.max.ms = 1000
	retry.backoff.ms = 100
	sasl.client.callback.handler.class = null
	sasl.jaas.config = null
	sasl.kerberos.kinit.cmd = /usr/bin/kinit
	sasl.kerberos.min.time.before.relogin = 60000
	sasl.kerberos.service.name = null
	sasl.kerberos.ticket.renew.jitter = 0.05
	sasl.kerberos.ticket.renew.window.factor = 0.8
	sasl.login.callback.handler.class = null
	sasl.login.class = null
	sasl.login.connect.timeout.ms = null
	sasl.login.read.timeout.ms = null
	sasl.login.refresh.buffer.seconds = 300
	sasl.login.refresh.min.period.seconds = 60
	sasl.login.refresh.window.factor = 0.8
	sasl.login.refresh.window.jitter = 0.05
	sasl.login.retry.backoff.max.ms = 10000
	sasl.login.retry.backoff.ms = 100
	sasl.mechanism = GSSAPI
	sasl.oauthbearer.clock.skew.seconds = 30
	sasl.oauthbearer.expected.audience = null
	sasl.oauthbearer.expected.issuer = null
	sasl.oauthbearer.header.urlencode = false
	sasl.oauthbearer.jwks.endpoint.refresh.ms = 3600000
	sasl.oauthbearer.jwks.endpoint.retry.backoff.max.ms = 10000
	sasl.oauthbearer.jwks.endpoint.retry.backoff.ms = 100
	sasl.oauthbearer.jwks.endpoint.url = null
	sasl.oauthbearer.scope.claim.name = scope
	sasl.oauthbearer.sub.claim.name = sub
	sasl.oauthbearer.token.endpoint.url = null
	security.protocol = PLAINTEXT
	security.providers = null
	send.buffer.bytes = 131072
	socket.connection.setup.timeout.max.ms = 30000
	socket.connection.setup.timeout.ms = 10000
	ssl.cipher.suites = null
	ssl.enabled.protocols = [TLSv1.2, TLSv1.3]
	ssl.endpoint.identification.algorithm = https
	ssl.engine.factory.class = null
	ssl.key.password = null
	ssl.keymanager.algorithm = SunX509
	ssl.keystore.certificate.chain = null
	ssl.keystore.key = null
	ssl.keystore.location = null
	ssl.keystore.password = null
	ssl.keystore.type = JKS
	ssl.protocol = TLSv1.3
	ssl.provider = null
	ssl.secure.random.implementation = null
	ssl.trustmanager.algorithm = PKIX
	ssl.truststore.certificates = null
	ssl.truststore.location = null
	ssl.truststore.password = null
	ssl.truststore.type = JKS
	transaction.timeout.ms = 60000
	transactional.id = null
	value.serializer = class io.apicurio.registry.serde.avro.AvroKafkaSerializer

2025-08-07 12:29:06,910 INFO  [org.apa.kaf.com.tel.int.KafkaMetricsCollector] (main) initializing Kafka metrics collector
2025-08-07 12:29:06,913 INFO  [org.apa.kaf.cli.pro.KafkaProducer] (main) [Producer clientId=Producer-topic-da81f080_92b1_46af_912e_9959c086ef59] Instantiated an idempotent producer.
2025-08-07 12:29:06,915 INFO  [org.apa.kaf.cli.pro.ProducerConfig] (main) These configurations '[apicurio.registry.find-latest, apicurio.registry.url, apicurio.registry.artifact-resolver-strategy]' were supplied but are not used yet.
2025-08-07 12:29:06,915 INFO  [org.apa.kaf.com.uti.AppInfoParser] (main) Kafka version: 3.9.1
2025-08-07 12:29:06,915 INFO  [org.apa.kaf.com.uti.AppInfoParser] (main) Kafka commitId: f745dfdcee2b9851
2025-08-07 12:29:06,915 INFO  [org.apa.kaf.com.uti.AppInfoParser] (main) Kafka startTimeMs: 1754569746915
2025-08-07 12:29:06,915 INFO  [io.api.tes.ser.api.SimpleSerdesTesterBuilder$SimpleSerdesTester] (main) Using producer configuration: {apicurio.registry.find-latest=true, apicurio.registry.url=http://registry-app-ksql047.apps.ci419.apicurio-testing.org:80/apis/registry/v3, apicurio.registry.artifact-resolver-strategy=io.apicurio.registry.serde.avro.strategy.TopicRecordIdStrategy, value.serializer=io.apicurio.registry.serde.avro.AvroKafkaSerializer, request.timeout.ms=5000, acks=all, bootstrap.servers=PLAINTEXT://localhost:32769, connections.max.idle.ms=10000, key.serializer=org.apache.kafka.common.serialization.StringSerializer, client.id=Producer-topic-da81f080_92b1_46af_912e_9959c086ef59}
2025-08-07 12:29:06,915 INFO  [io.api.tes.ser.api.SimpleSerdesTesterBuilder$SimpleSerdesTester] (main) Using consumer configuration: {}
2025-08-07 12:29:06,917 INFO  [io.api.tes.ser.api.KafkaSerdesTester] (Thread-697) Sending message {"key11754569745731": "value-0"} to topic topic-da81f080_92b1_46af_912e_9959c086ef59
2025-08-07 12:29:06,922 INFO  [org.apa.kaf.cli.Metadata] (kafka-producer-network-thread | Producer-topic-da81f080_92b1_46af_912e_9959c086ef59) [Producer clientId=Producer-topic-da81f080_92b1_46af_912e_9959c086ef59] Cluster ID: Iafv2PskRxGTuYEST4AQwQ
2025-08-07 12:29:06,926 INFO  [org.apa.kaf.cli.pro.int.TransactionManager] (kafka-producer-network-thread | Producer-topic-da81f080_92b1_46af_912e_9959c086ef59) [Producer clientId=Producer-topic-da81f080_92b1_46af_912e_9959c086ef59] ProducerId set to 18 with epoch 0
2025-08-07 12:29:07,209 INFO  [io.api.tes.ser.api.KafkaSerdesTester] (Thread-697) Sending message {"key11754569745731": "value-1"} to topic topic-da81f080_92b1_46af_912e_9959c086ef59
2025-08-07 12:29:07,211 INFO  [io.api.tes.ser.api.KafkaSerdesTester] (Thread-697) Sending message {"key11754569745731": "value-2"} to topic topic-da81f080_92b1_46af_912e_9959c086ef59
2025-08-07 12:29:07,213 INFO  [io.api.tes.ser.api.KafkaSerdesTester] (Thread-697) Sending message {"key11754569745731": "value-3"} to topic topic-da81f080_92b1_46af_912e_9959c086ef59
2025-08-07 12:29:07,214 INFO  [io.api.tes.ser.api.KafkaSerdesTester] (Thread-697) Sending message {"key11754569745731": "value-4"} to topic topic-da81f080_92b1_46af_912e_9959c086ef59
2025-08-07 12:29:07,216 INFO  [io.api.tes.ser.api.KafkaSerdesTester] (Thread-697) Sending message {"key11754569745731": "value-5"} to topic topic-da81f080_92b1_46af_912e_9959c086ef59
2025-08-07 12:29:07,217 INFO  [io.api.tes.ser.api.KafkaSerdesTester] (Thread-697) Sending message {"key11754569745731": "value-6"} to topic topic-da81f080_92b1_46af_912e_9959c086ef59
2025-08-07 12:29:07,219 INFO  [io.api.tes.ser.api.KafkaSerdesTester] (Thread-697) Sending message {"key11754569745731": "value-7"} to topic topic-da81f080_92b1_46af_912e_9959c086ef59
2025-08-07 12:29:07,222 INFO  [io.api.tes.ser.api.KafkaSerdesTester] (Thread-697) Sending message {"key11754569745731": "value-8"} to topic topic-da81f080_92b1_46af_912e_9959c086ef59
2025-08-07 12:29:07,224 INFO  [io.api.tes.ser.api.KafkaSerdesTester] (Thread-697) Sending message {"key11754569745731": "value-9"} to topic topic-da81f080_92b1_46af_912e_9959c086ef59
2025-08-07 12:29:07,225 INFO  [io.api.tes.ser.api.KafkaSerdesTester] (Thread-697) Produced 10 messages
2025-08-07 12:29:07,225 INFO  [org.apa.kaf.cli.pro.KafkaProducer] (Thread-697) [Producer clientId=Producer-topic-da81f080_92b1_46af_912e_9959c086ef59] Closing the Kafka producer with timeoutMillis = 9223372036854775807 ms.
2025-08-07 12:29:07,227 INFO  [org.apa.kaf.com.met.Metrics] (Thread-697) Metrics scheduler closed
2025-08-07 12:29:07,227 INFO  [org.apa.kaf.com.met.Metrics] (Thread-697) Closing reporter org.apache.kafka.common.metrics.JmxReporter
2025-08-07 12:29:07,227 INFO  [org.apa.kaf.com.met.Metrics] (Thread-697) Closing reporter org.apache.kafka.common.telemetry.internals.ClientTelemetryReporter
2025-08-07 12:29:07,227 INFO  [org.apa.kaf.com.met.Metrics] (Thread-697) Metrics reporters closed
2025-08-07 12:29:07,227 INFO  [org.apa.kaf.com.uti.AppInfoParser] (Thread-697) App info kafka.producer for Producer-topic-da81f080_92b1_46af_912e_9959c086ef59 unregistered
**** Registry Base URL: http://registry-app-ksql047.apps.ci419.apicurio-testing.org:80
2025-08-07 12:29:07,228 INFO  [org.apa.kaf.cli.con.ConsumerConfig] (main) ConsumerConfig values: 
	allow.auto.create.topics = true
	auto.commit.interval.ms = 500
	auto.include.jmx.reporter = true
	auto.offset.reset = earliest
	bootstrap.servers = [PLAINTEXT://localhost:32769]
	check.crcs = true
	client.dns.lookup = use_all_dns_ips
	client.id = consumer-Consumer-topic-da81f080_92b1_46af_912e_9959c086ef59-13
	client.rack = 
	connections.max.idle.ms = 10000
	default.api.timeout.ms = 60000
	enable.auto.commit = true
	enable.metrics.push = true
	exclude.internal.topics = true
	fetch.max.bytes = 52428800
	fetch.max.wait.ms = 500
	fetch.min.bytes = 1
	group.id = Consumer-topic-da81f080_92b1_46af_912e_9959c086ef59
	group.instance.id = null
	group.protocol = classic
	group.remote.assignor = null
	heartbeat.interval.ms = 3000
	interceptor.classes = []
	internal.leave.group.on.close = true
	internal.throw.on.fetch.stable.offset.unsupported = false
	isolation.level = read_uncommitted
	key.deserializer = class org.apache.kafka.common.serialization.StringDeserializer
	max.partition.fetch.bytes = 1048576
	max.poll.interval.ms = 300000
	max.poll.records = 500
	metadata.max.age.ms = 300000
	metadata.recovery.strategy = none
	metric.reporters = []
	metrics.num.samples = 2
	metrics.recording.level = INFO
	metrics.sample.window.ms = 30000
	partition.assignment.strategy = [class org.apache.kafka.clients.consumer.RangeAssignor, class org.apache.kafka.clients.consumer.CooperativeStickyAssignor]
	receive.buffer.bytes = 65536
	reconnect.backoff.max.ms = 1000
	reconnect.backoff.ms = 50
	request.timeout.ms = 5000
	retry.backoff.max.ms = 1000
	retry.backoff.ms = 100
	sasl.client.callback.handler.class = null
	sasl.jaas.config = null
	sasl.kerberos.kinit.cmd = /usr/bin/kinit
	sasl.kerberos.min.time.before.relogin = 60000
	sasl.kerberos.service.name = null
	sasl.kerberos.ticket.renew.jitter = 0.05
	sasl.kerberos.ticket.renew.window.factor = 0.8
	sasl.login.callback.handler.class = null
	sasl.login.class = null
	sasl.login.connect.timeout.ms = null
	sasl.login.read.timeout.ms = null
	sasl.login.refresh.buffer.seconds = 300
	sasl.login.refresh.min.period.seconds = 60
	sasl.login.refresh.window.factor = 0.8
	sasl.login.refresh.window.jitter = 0.05
	sasl.login.retry.backoff.max.ms = 10000
	sasl.login.retry.backoff.ms = 100
	sasl.mechanism = GSSAPI
	sasl.oauthbearer.clock.skew.seconds = 30
	sasl.oauthbearer.expected.audience = null
	sasl.oauthbearer.expected.issuer = null
	sasl.oauthbearer.header.urlencode = false
	sasl.oauthbearer.jwks.endpoint.refresh.ms = 3600000
	sasl.oauthbearer.jwks.endpoint.retry.backoff.max.ms = 10000
	sasl.oauthbearer.jwks.endpoint.retry.backoff.ms = 100
	sasl.oauthbearer.jwks.endpoint.url = null
	sasl.oauthbearer.scope.claim.name = scope
	sasl.oauthbearer.sub.claim.name = sub
	sasl.oauthbearer.token.endpoint.url = null
	security.protocol = PLAINTEXT
	security.providers = null
	send.buffer.bytes = 131072
	session.timeout.ms = 45000
	socket.connection.setup.timeout.max.ms = 30000
	socket.connection.setup.timeout.ms = 10000
	ssl.cipher.suites = null
	ssl.enabled.protocols = [TLSv1.2, TLSv1.3]
	ssl.endpoint.identification.algorithm = https
	ssl.engine.factory.class = null
	ssl.key.password = null
	ssl.keymanager.algorithm = SunX509
	ssl.keystore.certificate.chain = null
	ssl.keystore.key = null
	ssl.keystore.location = null
	ssl.keystore.password = null
	ssl.keystore.type = JKS
	ssl.protocol = TLSv1.3
	ssl.provider = null
	ssl.secure.random.implementation = null
	ssl.trustmanager.algorithm = PKIX
	ssl.truststore.certificates = null
	ssl.truststore.location = null
	ssl.truststore.password = null
	ssl.truststore.type = JKS
	value.deserializer = class io.apicurio.registry.serde.avro.AvroKafkaDeserializer

2025-08-07 12:29:07,228 INFO  [org.apa.kaf.com.tel.int.KafkaMetricsCollector] (main) initializing Kafka metrics collector
2025-08-07 12:29:07,233 INFO  [org.apa.kaf.cli.con.ConsumerConfig] (main) These configurations '[apicurio.registry.url]' were supplied but are not used yet.
2025-08-07 12:29:07,233 INFO  [org.apa.kaf.com.uti.AppInfoParser] (main) Kafka version: 3.9.1
2025-08-07 12:29:07,233 INFO  [org.apa.kaf.com.uti.AppInfoParser] (main) Kafka commitId: f745dfdcee2b9851
2025-08-07 12:29:07,233 INFO  [org.apa.kaf.com.uti.AppInfoParser] (main) Kafka startTimeMs: 1754569747233
2025-08-07 12:29:07,234 INFO  [org.apa.kaf.cli.con.int.ClassicKafkaConsumer] (Thread-700) [Consumer clientId=consumer-Consumer-topic-da81f080_92b1_46af_912e_9959c086ef59-13, groupId=Consumer-topic-da81f080_92b1_46af_912e_9959c086ef59] Subscribed to topic(s): topic-da81f080_92b1_46af_912e_9959c086ef59
2025-08-07 12:29:07,237 INFO  [org.apa.kaf.cli.Metadata] (Thread-700) [Consumer clientId=consumer-Consumer-topic-da81f080_92b1_46af_912e_9959c086ef59-13, groupId=Consumer-topic-da81f080_92b1_46af_912e_9959c086ef59] Cluster ID: Iafv2PskRxGTuYEST4AQwQ
2025-08-07 12:29:07,238 INFO  [org.apa.kaf.cli.con.int.ConsumerCoordinator] (Thread-700) [Consumer clientId=consumer-Consumer-topic-da81f080_92b1_46af_912e_9959c086ef59-13, groupId=Consumer-topic-da81f080_92b1_46af_912e_9959c086ef59] Discovered group coordinator localhost:32769 (id: 2147483647 rack: null)
2025-08-07 12:29:07,239 INFO  [org.apa.kaf.cli.con.int.ConsumerCoordinator] (Thread-700) [Consumer clientId=consumer-Consumer-topic-da81f080_92b1_46af_912e_9959c086ef59-13, groupId=Consumer-topic-da81f080_92b1_46af_912e_9959c086ef59] (Re-)joining group
2025-08-07 12:29:07,242 INFO  [org.apa.kaf.cli.con.int.ConsumerCoordinator] (Thread-700) [Consumer clientId=consumer-Consumer-topic-da81f080_92b1_46af_912e_9959c086ef59-13, groupId=Consumer-topic-da81f080_92b1_46af_912e_9959c086ef59] Request joining group due to: need to re-join with the given member-id: consumer-Consumer-topic-da81f080_92b1_46af_912e_9959c086ef59-13-18c47f84-d423-41e7-bb2c-5abeafcd0ac0
2025-08-07 12:29:07,242 INFO  [org.apa.kaf.cli.con.int.ConsumerCoordinator] (Thread-700) [Consumer clientId=consumer-Consumer-topic-da81f080_92b1_46af_912e_9959c086ef59-13, groupId=Consumer-topic-da81f080_92b1_46af_912e_9959c086ef59] (Re-)joining group
2025-08-07 12:29:08,234 INFO  [io.api.tes.ser.api.KafkaSerdesTester] (Thread-700) None found
2025-08-07 12:29:09,234 INFO  [io.api.tes.ser.api.KafkaSerdesTester] (Thread-700) None found
2025-08-07 12:29:10,234 INFO  [io.api.tes.ser.api.KafkaSerdesTester] (Thread-700) None found
2025-08-07 12:29:10,244 INFO  [org.apa.kaf.cli.con.int.ConsumerCoordinator] (Thread-700) [Consumer clientId=consumer-Consumer-topic-da81f080_92b1_46af_912e_9959c086ef59-13, groupId=Consumer-topic-da81f080_92b1_46af_912e_9959c086ef59] Successfully joined group with generation Generation{generationId=1, memberId='consumer-Consumer-topic-da81f080_92b1_46af_912e_9959c086ef59-13-18c47f84-d423-41e7-bb2c-5abeafcd0ac0', protocol='range'}
2025-08-07 12:29:10,244 INFO  [org.apa.kaf.cli.con.int.ConsumerCoordinator] (Thread-700) [Consumer clientId=consumer-Consumer-topic-da81f080_92b1_46af_912e_9959c086ef59-13, groupId=Consumer-topic-da81f080_92b1_46af_912e_9959c086ef59] Finished assignment for group at generation 1: {consumer-Consumer-topic-da81f080_92b1_46af_912e_9959c086ef59-13-18c47f84-d423-41e7-bb2c-5abeafcd0ac0=Assignment(partitions=[topic-da81f080_92b1_46af_912e_9959c086ef59-0])}
2025-08-07 12:29:10,251 INFO  [org.apa.kaf.cli.con.int.ConsumerCoordinator] (Thread-700) [Consumer clientId=consumer-Consumer-topic-da81f080_92b1_46af_912e_9959c086ef59-13, groupId=Consumer-topic-da81f080_92b1_46af_912e_9959c086ef59] Successfully synced group in generation Generation{generationId=1, memberId='consumer-Consumer-topic-da81f080_92b1_46af_912e_9959c086ef59-13-18c47f84-d423-41e7-bb2c-5abeafcd0ac0', protocol='range'}
2025-08-07 12:29:10,251 INFO  [org.apa.kaf.cli.con.int.ConsumerCoordinator] (Thread-700) [Consumer clientId=consumer-Consumer-topic-da81f080_92b1_46af_912e_9959c086ef59-13, groupId=Consumer-topic-da81f080_92b1_46af_912e_9959c086ef59] Notifying assignor about the new Assignment(partitions=[topic-da81f080_92b1_46af_912e_9959c086ef59-0])
2025-08-07 12:29:10,251 INFO  [org.apa.kaf.cli.con.int.ConsumerRebalanceListenerInvoker] (Thread-700) [Consumer clientId=consumer-Consumer-topic-da81f080_92b1_46af_912e_9959c086ef59-13, groupId=Consumer-topic-da81f080_92b1_46af_912e_9959c086ef59] Adding newly assigned partitions: topic-da81f080_92b1_46af_912e_9959c086ef59-0
2025-08-07 12:29:10,252 INFO  [org.apa.kaf.cli.con.int.ConsumerCoordinator] (Thread-700) [Consumer clientId=consumer-Consumer-topic-da81f080_92b1_46af_912e_9959c086ef59-13, groupId=Consumer-topic-da81f080_92b1_46af_912e_9959c086ef59] Found no committed offset for partition topic-da81f080_92b1_46af_912e_9959c086ef59-0
2025-08-07 12:29:10,255 INFO  [org.apa.kaf.cli.con.int.SubscriptionState] (Thread-700) [Consumer clientId=consumer-Consumer-topic-da81f080_92b1_46af_912e_9959c086ef59-13, groupId=Consumer-topic-da81f080_92b1_46af_912e_9959c086ef59] Resetting offset for partition topic-da81f080_92b1_46af_912e_9959c086ef59-0 to position FetchPosition{offset=0, offsetEpoch=Optional.empty, currentLeader=LeaderAndEpoch{leader=Optional[localhost:32769 (id: 0 rack: null)], epoch=0}}.
2025-08-07 12:29:10,467 INFO  [io.api.tes.ser.api.KafkaSerdesTester] (Thread-700) topic-da81f080_92b1_46af_912e_9959c086ef59 0 0 {"key11754569745731": "value-0"}
2025-08-07 12:29:10,468 INFO  [io.api.tes.ser.api.KafkaSerdesTester] (Thread-700) topic-da81f080_92b1_46af_912e_9959c086ef59 0 1 {"key11754569745731": "value-1"}
2025-08-07 12:29:10,468 INFO  [io.api.tes.ser.api.KafkaSerdesTester] (Thread-700) topic-da81f080_92b1_46af_912e_9959c086ef59 0 2 {"key11754569745731": "value-2"}
2025-08-07 12:29:10,468 INFO  [io.api.tes.ser.api.KafkaSerdesTester] (Thread-700) topic-da81f080_92b1_46af_912e_9959c086ef59 0 3 {"key11754569745731": "value-3"}
2025-08-07 12:29:10,468 INFO  [io.api.tes.ser.api.KafkaSerdesTester] (Thread-700) topic-da81f080_92b1_46af_912e_9959c086ef59 0 4 {"key11754569745731": "value-4"}
2025-08-07 12:29:10,468 INFO  [io.api.tes.ser.api.KafkaSerdesTester] (Thread-700) topic-da81f080_92b1_46af_912e_9959c086ef59 0 5 {"key11754569745731": "value-5"}
2025-08-07 12:29:10,468 INFO  [io.api.tes.ser.api.KafkaSerdesTester] (Thread-700) topic-da81f080_92b1_46af_912e_9959c086ef59 0 6 {"key11754569745731": "value-6"}
2025-08-07 12:29:10,468 INFO  [io.api.tes.ser.api.KafkaSerdesTester] (Thread-700) topic-da81f080_92b1_46af_912e_9959c086ef59 0 7 {"key11754569745731": "value-7"}
2025-08-07 12:29:10,468 INFO  [io.api.tes.ser.api.KafkaSerdesTester] (Thread-700) topic-da81f080_92b1_46af_912e_9959c086ef59 0 8 {"key11754569745731": "value-8"}
2025-08-07 12:29:10,468 INFO  [io.api.tes.ser.api.KafkaSerdesTester] (Thread-700) topic-da81f080_92b1_46af_912e_9959c086ef59 0 9 {"key11754569745731": "value-9"}
2025-08-07 12:29:10,468 INFO  [io.api.tes.ser.api.KafkaSerdesTester] (Thread-700) Consumed 10 messages
2025-08-07 12:29:10,476 INFO  [org.apa.kaf.cli.con.int.ConsumerRebalanceListenerInvoker] (Thread-700) [Consumer clientId=consumer-Consumer-topic-da81f080_92b1_46af_912e_9959c086ef59-13, groupId=Consumer-topic-da81f080_92b1_46af_912e_9959c086ef59] Revoke previously assigned partitions topic-da81f080_92b1_46af_912e_9959c086ef59-0
2025-08-07 12:29:10,476 INFO  [org.apa.kaf.cli.con.int.ConsumerCoordinator] (Thread-700) [Consumer clientId=consumer-Consumer-topic-da81f080_92b1_46af_912e_9959c086ef59-13, groupId=Consumer-topic-da81f080_92b1_46af_912e_9959c086ef59] Member consumer-Consumer-topic-da81f080_92b1_46af_912e_9959c086ef59-13-18c47f84-d423-41e7-bb2c-5abeafcd0ac0 sending LeaveGroup request to coordinator localhost:32769 (id: 2147483647 rack: null) due to the consumer is being closed
2025-08-07 12:29:10,476 INFO  [org.apa.kaf.cli.con.int.ConsumerCoordinator] (Thread-700) [Consumer clientId=consumer-Consumer-topic-da81f080_92b1_46af_912e_9959c086ef59-13, groupId=Consumer-topic-da81f080_92b1_46af_912e_9959c086ef59] Resetting generation and member id due to: consumer pro-actively leaving the group
2025-08-07 12:29:10,476 INFO  [org.apa.kaf.cli.con.int.ConsumerCoordinator] (Thread-700) [Consumer clientId=consumer-Consumer-topic-da81f080_92b1_46af_912e_9959c086ef59-13, groupId=Consumer-topic-da81f080_92b1_46af_912e_9959c086ef59] Request joining group due to: consumer pro-actively leaving the group
2025-08-07 12:29:10,971 INFO  [org.apa.kaf.com.met.Metrics] (Thread-700) Metrics scheduler closed
2025-08-07 12:29:10,971 INFO  [org.apa.kaf.com.met.Metrics] (Thread-700) Closing reporter org.apache.kafka.common.metrics.JmxReporter
2025-08-07 12:29:10,971 INFO  [org.apa.kaf.com.met.Metrics] (Thread-700) Closing reporter org.apache.kafka.common.telemetry.internals.ClientTelemetryReporter
2025-08-07 12:29:10,971 INFO  [org.apa.kaf.com.met.Metrics] (Thread-700) Metrics reporters closed
2025-08-07 12:29:10,973 INFO  [org.apa.kaf.com.uti.AppInfoParser] (Thread-700) App info kafka.consumer for consumer-Consumer-topic-da81f080_92b1_46af_912e_9959c086ef59-13 unregistered
2025-08-07 12:29:10,973 INFO  [io.api.tes.uti.TestSeparator] (main) io.apicurio.tests.serdes.apicurio.AvroSerdeIT.testTopicRecordIdStrategydFindLatest-FINISHED
2025-08-07 12:29:10,973 INFO  [io.api.tes.uti.TestSeparator] (main) ############################################################################
Test passed: testTopicRecordIdStrategydFindLatest
]]></system-out>
  </testcase>
  <testcase name="testAvroConfluentForMultipleTopics" classname="io.apicurio.tests.serdes.apicurio.AvroSerdeIT" time="12.976">
    <system-out><![CDATA[2025-08-07 12:29:10,975 INFO  [io.api.tes.uti.TestSeparator] (main) ############################################################################
2025-08-07 12:29:10,975 INFO  [io.api.tes.uti.TestSeparator] (main) io.apicurio.tests.serdes.apicurio.AvroSerdeIT.testAvroConfluentForMultipleTopics-STARTED
2025-08-07 12:29:10,976 INFO  [io.api.tes.ser.api.AvroSerdeIT] (main) Registering Avro Schema: {"type":"record","name":"myrecordconfluent","fields":[{"name":"key11754569750975","type":"string"}]}
**** Registry Base URL: http://registry-app-ksql047.apps.ci419.apicurio-testing.org:80
2025-08-07 12:29:12,162 INFO  [org.apa.kaf.cli.pro.ProducerConfig] (main) ProducerConfig values: 
	acks = -1
	auto.include.jmx.reporter = true
	batch.size = 16384
	bootstrap.servers = [PLAINTEXT://localhost:32769]
	buffer.memory = 33554432
	client.dns.lookup = use_all_dns_ips
	client.id = Producer-topic-39fe36a1_678b_492f_91c6_d7b78be69353
	compression.gzip.level = -1
	compression.lz4.level = 9
	compression.type = none
	compression.zstd.level = 3
	connections.max.idle.ms = 10000
	delivery.timeout.ms = 120000
	enable.idempotence = true
	enable.metrics.push = true
	interceptor.classes = []
	key.serializer = class org.apache.kafka.common.serialization.StringSerializer
	linger.ms = 0
	max.block.ms = 60000
	max.in.flight.requests.per.connection = 5
	max.request.size = 1048576
	metadata.max.age.ms = 300000
	metadata.max.idle.ms = 300000
	metadata.recovery.strategy = none
	metric.reporters = []
	metrics.num.samples = 2
	metrics.recording.level = INFO
	metrics.sample.window.ms = 30000
	partitioner.adaptive.partitioning.enable = true
	partitioner.availability.timeout.ms = 0
	partitioner.class = null
	partitioner.ignore.keys = false
	receive.buffer.bytes = 32768
	reconnect.backoff.max.ms = 1000
	reconnect.backoff.ms = 50
	request.timeout.ms = 5000
	retries = 2147483647
	retry.backoff.max.ms = 1000
	retry.backoff.ms = 100
	sasl.client.callback.handler.class = null
	sasl.jaas.config = null
	sasl.kerberos.kinit.cmd = /usr/bin/kinit
	sasl.kerberos.min.time.before.relogin = 60000
	sasl.kerberos.service.name = null
	sasl.kerberos.ticket.renew.jitter = 0.05
	sasl.kerberos.ticket.renew.window.factor = 0.8
	sasl.login.callback.handler.class = null
	sasl.login.class = null
	sasl.login.connect.timeout.ms = null
	sasl.login.read.timeout.ms = null
	sasl.login.refresh.buffer.seconds = 300
	sasl.login.refresh.min.period.seconds = 60
	sasl.login.refresh.window.factor = 0.8
	sasl.login.refresh.window.jitter = 0.05
	sasl.login.retry.backoff.max.ms = 10000
	sasl.login.retry.backoff.ms = 100
	sasl.mechanism = GSSAPI
	sasl.oauthbearer.clock.skew.seconds = 30
	sasl.oauthbearer.expected.audience = null
	sasl.oauthbearer.expected.issuer = null
	sasl.oauthbearer.header.urlencode = false
	sasl.oauthbearer.jwks.endpoint.refresh.ms = 3600000
	sasl.oauthbearer.jwks.endpoint.retry.backoff.max.ms = 10000
	sasl.oauthbearer.jwks.endpoint.retry.backoff.ms = 100
	sasl.oauthbearer.jwks.endpoint.url = null
	sasl.oauthbearer.scope.claim.name = scope
	sasl.oauthbearer.sub.claim.name = sub
	sasl.oauthbearer.token.endpoint.url = null
	security.protocol = PLAINTEXT
	security.providers = null
	send.buffer.bytes = 131072
	socket.connection.setup.timeout.max.ms = 30000
	socket.connection.setup.timeout.ms = 10000
	ssl.cipher.suites = null
	ssl.enabled.protocols = [TLSv1.2, TLSv1.3]
	ssl.endpoint.identification.algorithm = https
	ssl.engine.factory.class = null
	ssl.key.password = null
	ssl.keymanager.algorithm = SunX509
	ssl.keystore.certificate.chain = null
	ssl.keystore.key = null
	ssl.keystore.location = null
	ssl.keystore.password = null
	ssl.keystore.type = JKS
	ssl.protocol = TLSv1.3
	ssl.provider = null
	ssl.secure.random.implementation = null
	ssl.trustmanager.algorithm = PKIX
	ssl.truststore.certificates = null
	ssl.truststore.location = null
	ssl.truststore.password = null
	ssl.truststore.type = JKS
	transaction.timeout.ms = 60000
	transactional.id = null
	value.serializer = class io.apicurio.registry.serde.avro.AvroKafkaSerializer

2025-08-07 12:29:12,162 INFO  [org.apa.kaf.com.tel.int.KafkaMetricsCollector] (main) initializing Kafka metrics collector
2025-08-07 12:29:12,165 INFO  [org.apa.kaf.cli.pro.KafkaProducer] (main) [Producer clientId=Producer-topic-39fe36a1_678b_492f_91c6_d7b78be69353] Instantiated an idempotent producer.
2025-08-07 12:29:12,167 INFO  [org.apa.kaf.cli.pro.ProducerConfig] (main) These configurations '[apicurio.registry.url, apicurio.registry.artifact-resolver-strategy]' were supplied but are not used yet.
2025-08-07 12:29:12,167 INFO  [org.apa.kaf.com.uti.AppInfoParser] (main) Kafka version: 3.9.1
2025-08-07 12:29:12,167 INFO  [org.apa.kaf.com.uti.AppInfoParser] (main) Kafka commitId: f745dfdcee2b9851
2025-08-07 12:29:12,167 INFO  [org.apa.kaf.com.uti.AppInfoParser] (main) Kafka startTimeMs: 1754569752167
**** Registry Base URL: http://registry-app-ksql047.apps.ci419.apicurio-testing.org:80
2025-08-07 12:29:12,167 INFO  [org.apa.kaf.cli.pro.ProducerConfig] (main) ProducerConfig values: 
	acks = -1
	auto.include.jmx.reporter = true
	batch.size = 16384
	bootstrap.servers = [PLAINTEXT://localhost:32769]
	buffer.memory = 33554432
	client.dns.lookup = use_all_dns_ips
	client.id = Producer-topic-cee4ef55_589f_4588_87f9_af1b36634a95
	compression.gzip.level = -1
	compression.lz4.level = 9
	compression.type = none
	compression.zstd.level = 3
	connections.max.idle.ms = 10000
	delivery.timeout.ms = 120000
	enable.idempotence = true
	enable.metrics.push = true
	interceptor.classes = []
	key.serializer = class org.apache.kafka.common.serialization.StringSerializer
	linger.ms = 0
	max.block.ms = 60000
	max.in.flight.requests.per.connection = 5
	max.request.size = 1048576
	metadata.max.age.ms = 300000
	metadata.max.idle.ms = 300000
	metadata.recovery.strategy = none
	metric.reporters = []
	metrics.num.samples = 2
	metrics.recording.level = INFO
	metrics.sample.window.ms = 30000
	partitioner.adaptive.partitioning.enable = true
	partitioner.availability.timeout.ms = 0
	partitioner.class = null
	partitioner.ignore.keys = false
	receive.buffer.bytes = 32768
	reconnect.backoff.max.ms = 1000
	reconnect.backoff.ms = 50
	request.timeout.ms = 5000
	retries = 2147483647
	retry.backoff.max.ms = 1000
	retry.backoff.ms = 100
	sasl.client.callback.handler.class = null
	sasl.jaas.config = null
	sasl.kerberos.kinit.cmd = /usr/bin/kinit
	sasl.kerberos.min.time.before.relogin = 60000
	sasl.kerberos.service.name = null
	sasl.kerberos.ticket.renew.jitter = 0.05
	sasl.kerberos.ticket.renew.window.factor = 0.8
	sasl.login.callback.handler.class = null
	sasl.login.class = null
	sasl.login.connect.timeout.ms = null
	sasl.login.read.timeout.ms = null
	sasl.login.refresh.buffer.seconds = 300
	sasl.login.refresh.min.period.seconds = 60
	sasl.login.refresh.window.factor = 0.8
	sasl.login.refresh.window.jitter = 0.05
	sasl.login.retry.backoff.max.ms = 10000
	sasl.login.retry.backoff.ms = 100
	sasl.mechanism = GSSAPI
	sasl.oauthbearer.clock.skew.seconds = 30
	sasl.oauthbearer.expected.audience = null
	sasl.oauthbearer.expected.issuer = null
	sasl.oauthbearer.header.urlencode = false
	sasl.oauthbearer.jwks.endpoint.refresh.ms = 3600000
	sasl.oauthbearer.jwks.endpoint.retry.backoff.max.ms = 10000
	sasl.oauthbearer.jwks.endpoint.retry.backoff.ms = 100
	sasl.oauthbearer.jwks.endpoint.url = null
	sasl.oauthbearer.scope.claim.name = scope
	sasl.oauthbearer.sub.claim.name = sub
	sasl.oauthbearer.token.endpoint.url = null
	security.protocol = PLAINTEXT
	security.providers = null
	send.buffer.bytes = 131072
	socket.connection.setup.timeout.max.ms = 30000
	socket.connection.setup.timeout.ms = 10000
	ssl.cipher.suites = null
	ssl.enabled.protocols = [TLSv1.2, TLSv1.3]
	ssl.endpoint.identification.algorithm = https
	ssl.engine.factory.class = null
	ssl.key.password = null
	ssl.keymanager.algorithm = SunX509
	ssl.keystore.certificate.chain = null
	ssl.keystore.key = null
	ssl.keystore.location = null
	ssl.keystore.password = null
	ssl.keystore.type = JKS
	ssl.protocol = TLSv1.3
	ssl.provider = null
	ssl.secure.random.implementation = null
	ssl.trustmanager.algorithm = PKIX
	ssl.truststore.certificates = null
	ssl.truststore.location = null
	ssl.truststore.password = null
	ssl.truststore.type = JKS
	transaction.timeout.ms = 60000
	transactional.id = null
	value.serializer = class io.apicurio.registry.serde.avro.AvroKafkaSerializer

2025-08-07 12:29:12,168 INFO  [org.apa.kaf.com.tel.int.KafkaMetricsCollector] (main) initializing Kafka metrics collector
2025-08-07 12:29:12,173 INFO  [org.apa.kaf.cli.Metadata] (kafka-producer-network-thread | Producer-topic-39fe36a1_678b_492f_91c6_d7b78be69353) [Producer clientId=Producer-topic-39fe36a1_678b_492f_91c6_d7b78be69353] Cluster ID: Iafv2PskRxGTuYEST4AQwQ
2025-08-07 12:29:12,174 INFO  [org.apa.kaf.cli.pro.int.TransactionManager] (kafka-producer-network-thread | Producer-topic-39fe36a1_678b_492f_91c6_d7b78be69353) [Producer clientId=Producer-topic-39fe36a1_678b_492f_91c6_d7b78be69353] ProducerId set to 19 with epoch 0
2025-08-07 12:29:12,174 INFO  [org.apa.kaf.cli.pro.KafkaProducer] (main) [Producer clientId=Producer-topic-cee4ef55_589f_4588_87f9_af1b36634a95] Instantiated an idempotent producer.
2025-08-07 12:29:12,176 INFO  [org.apa.kaf.cli.pro.ProducerConfig] (main) These configurations '[apicurio.registry.url, apicurio.registry.artifact-resolver-strategy]' were supplied but are not used yet.
2025-08-07 12:29:12,176 INFO  [org.apa.kaf.com.uti.AppInfoParser] (main) Kafka version: 3.9.1
2025-08-07 12:29:12,176 INFO  [org.apa.kaf.com.uti.AppInfoParser] (main) Kafka commitId: f745dfdcee2b9851
2025-08-07 12:29:12,176 INFO  [org.apa.kaf.com.uti.AppInfoParser] (main) Kafka startTimeMs: 1754569752176
**** Registry Base URL: http://registry-app-ksql047.apps.ci419.apicurio-testing.org:80
2025-08-07 12:29:12,176 INFO  [org.apa.kaf.cli.pro.ProducerConfig] (main) ProducerConfig values: 
	acks = -1
	auto.include.jmx.reporter = true
	batch.size = 16384
	bootstrap.servers = [PLAINTEXT://localhost:32769]
	buffer.memory = 33554432
	client.dns.lookup = use_all_dns_ips
	client.id = Producer-topic-d4afe770_2678_4ff6_bce5_4d1d529cb9bf
	compression.gzip.level = -1
	compression.lz4.level = 9
	compression.type = none
	compression.zstd.level = 3
	connections.max.idle.ms = 10000
	delivery.timeout.ms = 120000
	enable.idempotence = true
	enable.metrics.push = true
	interceptor.classes = []
	key.serializer = class org.apache.kafka.common.serialization.StringSerializer
	linger.ms = 0
	max.block.ms = 60000
	max.in.flight.requests.per.connection = 5
	max.request.size = 1048576
	metadata.max.age.ms = 300000
	metadata.max.idle.ms = 300000
	metadata.recovery.strategy = none
	metric.reporters = []
	metrics.num.samples = 2
	metrics.recording.level = INFO
	metrics.sample.window.ms = 30000
	partitioner.adaptive.partitioning.enable = true
	partitioner.availability.timeout.ms = 0
	partitioner.class = null
	partitioner.ignore.keys = false
	receive.buffer.bytes = 32768
	reconnect.backoff.max.ms = 1000
	reconnect.backoff.ms = 50
	request.timeout.ms = 5000
	retries = 2147483647
	retry.backoff.max.ms = 1000
	retry.backoff.ms = 100
	sasl.client.callback.handler.class = null
	sasl.jaas.config = null
	sasl.kerberos.kinit.cmd = /usr/bin/kinit
	sasl.kerberos.min.time.before.relogin = 60000
	sasl.kerberos.service.name = null
	sasl.kerberos.ticket.renew.jitter = 0.05
	sasl.kerberos.ticket.renew.window.factor = 0.8
	sasl.login.callback.handler.class = null
	sasl.login.class = null
	sasl.login.connect.timeout.ms = null
	sasl.login.read.timeout.ms = null
	sasl.login.refresh.buffer.seconds = 300
	sasl.login.refresh.min.period.seconds = 60
	sasl.login.refresh.window.factor = 0.8
	sasl.login.refresh.window.jitter = 0.05
	sasl.login.retry.backoff.max.ms = 10000
	sasl.login.retry.backoff.ms = 100
	sasl.mechanism = GSSAPI
	sasl.oauthbearer.clock.skew.seconds = 30
	sasl.oauthbearer.expected.audience = null
	sasl.oauthbearer.expected.issuer = null
	sasl.oauthbearer.header.urlencode = false
	sasl.oauthbearer.jwks.endpoint.refresh.ms = 3600000
	sasl.oauthbearer.jwks.endpoint.retry.backoff.max.ms = 10000
	sasl.oauthbearer.jwks.endpoint.retry.backoff.ms = 100
	sasl.oauthbearer.jwks.endpoint.url = null
	sasl.oauthbearer.scope.claim.name = scope
	sasl.oauthbearer.sub.claim.name = sub
	sasl.oauthbearer.token.endpoint.url = null
	security.protocol = PLAINTEXT
	security.providers = null
	send.buffer.bytes = 131072
	socket.connection.setup.timeout.max.ms = 30000
	socket.connection.setup.timeout.ms = 10000
	ssl.cipher.suites = null
	ssl.enabled.protocols = [TLSv1.2, TLSv1.3]
	ssl.endpoint.identification.algorithm = https
	ssl.engine.factory.class = null
	ssl.key.password = null
	ssl.keymanager.algorithm = SunX509
	ssl.keystore.certificate.chain = null
	ssl.keystore.key = null
	ssl.keystore.location = null
	ssl.keystore.password = null
	ssl.keystore.type = JKS
	ssl.protocol = TLSv1.3
	ssl.provider = null
	ssl.secure.random.implementation = null
	ssl.trustmanager.algorithm = PKIX
	ssl.truststore.certificates = null
	ssl.truststore.location = null
	ssl.truststore.password = null
	ssl.truststore.type = JKS
	transaction.timeout.ms = 60000
	transactional.id = null
	value.serializer = class io.apicurio.registry.serde.avro.AvroKafkaSerializer

2025-08-07 12:29:12,177 INFO  [org.apa.kaf.com.tel.int.KafkaMetricsCollector] (main) initializing Kafka metrics collector
2025-08-07 12:29:12,181 INFO  [org.apa.kaf.cli.Metadata] (kafka-producer-network-thread | Producer-topic-cee4ef55_589f_4588_87f9_af1b36634a95) [Producer clientId=Producer-topic-cee4ef55_589f_4588_87f9_af1b36634a95] Cluster ID: Iafv2PskRxGTuYEST4AQwQ
2025-08-07 12:29:12,183 INFO  [org.apa.kaf.cli.pro.KafkaProducer] (main) [Producer clientId=Producer-topic-d4afe770_2678_4ff6_bce5_4d1d529cb9bf] Instantiated an idempotent producer.
2025-08-07 12:29:12,183 INFO  [org.apa.kaf.cli.pro.int.TransactionManager] (kafka-producer-network-thread | Producer-topic-cee4ef55_589f_4588_87f9_af1b36634a95) [Producer clientId=Producer-topic-cee4ef55_589f_4588_87f9_af1b36634a95] ProducerId set to 20 with epoch 0
2025-08-07 12:29:12,193 INFO  [org.apa.kaf.cli.pro.ProducerConfig] (main) These configurations '[apicurio.registry.url, apicurio.registry.artifact-resolver-strategy]' were supplied but are not used yet.
2025-08-07 12:29:12,193 INFO  [org.apa.kaf.com.uti.AppInfoParser] (main) Kafka version: 3.9.1
2025-08-07 12:29:12,193 INFO  [org.apa.kaf.com.uti.AppInfoParser] (main) Kafka commitId: f745dfdcee2b9851
2025-08-07 12:29:12,193 INFO  [org.apa.kaf.com.uti.AppInfoParser] (main) Kafka startTimeMs: 1754569752193
**** Registry Base URL: http://registry-app-ksql047.apps.ci419.apicurio-testing.org:80
2025-08-07 12:29:12,193 INFO  [org.apa.kaf.cli.Metadata] (kafka-producer-network-thread | Producer-topic-d4afe770_2678_4ff6_bce5_4d1d529cb9bf) [Producer clientId=Producer-topic-d4afe770_2678_4ff6_bce5_4d1d529cb9bf] Cluster ID: Iafv2PskRxGTuYEST4AQwQ
2025-08-07 12:29:12,195 INFO  [org.apa.kaf.cli.pro.int.TransactionManager] (kafka-producer-network-thread | Producer-topic-d4afe770_2678_4ff6_bce5_4d1d529cb9bf) [Producer clientId=Producer-topic-d4afe770_2678_4ff6_bce5_4d1d529cb9bf] ProducerId set to 21 with epoch 0
2025-08-07 12:29:12,197 INFO  [org.apa.kaf.cli.con.ConsumerConfig] (main) ConsumerConfig values: 
	allow.auto.create.topics = true
	auto.commit.interval.ms = 500
	auto.include.jmx.reporter = true
	auto.offset.reset = earliest
	bootstrap.servers = [PLAINTEXT://localhost:32769]
	check.crcs = true
	client.dns.lookup = use_all_dns_ips
	client.id = consumer-Consumer-topic-39fe36a1_678b_492f_91c6_d7b78be69353-14
	client.rack = 
	connections.max.idle.ms = 10000
	default.api.timeout.ms = 60000
	enable.auto.commit = true
	enable.metrics.push = true
	exclude.internal.topics = true
	fetch.max.bytes = 52428800
	fetch.max.wait.ms = 500
	fetch.min.bytes = 1
	group.id = Consumer-topic-39fe36a1_678b_492f_91c6_d7b78be69353
	group.instance.id = null
	group.protocol = classic
	group.remote.assignor = null
	heartbeat.interval.ms = 3000
	interceptor.classes = []
	internal.leave.group.on.close = true
	internal.throw.on.fetch.stable.offset.unsupported = false
	isolation.level = read_uncommitted
	key.deserializer = class org.apache.kafka.common.serialization.StringDeserializer
	max.partition.fetch.bytes = 1048576
	max.poll.interval.ms = 300000
	max.poll.records = 500
	metadata.max.age.ms = 300000
	metadata.recovery.strategy = none
	metric.reporters = []
	metrics.num.samples = 2
	metrics.recording.level = INFO
	metrics.sample.window.ms = 30000
	partition.assignment.strategy = [class org.apache.kafka.clients.consumer.RangeAssignor, class org.apache.kafka.clients.consumer.CooperativeStickyAssignor]
	receive.buffer.bytes = 65536
	reconnect.backoff.max.ms = 1000
	reconnect.backoff.ms = 50
	request.timeout.ms = 5000
	retry.backoff.max.ms = 1000
	retry.backoff.ms = 100
	sasl.client.callback.handler.class = null
	sasl.jaas.config = null
	sasl.kerberos.kinit.cmd = /usr/bin/kinit
	sasl.kerberos.min.time.before.relogin = 60000
	sasl.kerberos.service.name = null
	sasl.kerberos.ticket.renew.jitter = 0.05
	sasl.kerberos.ticket.renew.window.factor = 0.8
	sasl.login.callback.handler.class = null
	sasl.login.class = null
	sasl.login.connect.timeout.ms = null
	sasl.login.read.timeout.ms = null
	sasl.login.refresh.buffer.seconds = 300
	sasl.login.refresh.min.period.seconds = 60
	sasl.login.refresh.window.factor = 0.8
	sasl.login.refresh.window.jitter = 0.05
	sasl.login.retry.backoff.max.ms = 10000
	sasl.login.retry.backoff.ms = 100
	sasl.mechanism = GSSAPI
	sasl.oauthbearer.clock.skew.seconds = 30
	sasl.oauthbearer.expected.audience = null
	sasl.oauthbearer.expected.issuer = null
	sasl.oauthbearer.header.urlencode = false
	sasl.oauthbearer.jwks.endpoint.refresh.ms = 3600000
	sasl.oauthbearer.jwks.endpoint.retry.backoff.max.ms = 10000
	sasl.oauthbearer.jwks.endpoint.retry.backoff.ms = 100
	sasl.oauthbearer.jwks.endpoint.url = null
	sasl.oauthbearer.scope.claim.name = scope
	sasl.oauthbearer.sub.claim.name = sub
	sasl.oauthbearer.token.endpoint.url = null
	security.protocol = PLAINTEXT
	security.providers = null
	send.buffer.bytes = 131072
	session.timeout.ms = 45000
	socket.connection.setup.timeout.max.ms = 30000
	socket.connection.setup.timeout.ms = 10000
	ssl.cipher.suites = null
	ssl.enabled.protocols = [TLSv1.2, TLSv1.3]
	ssl.endpoint.identification.algorithm = https
	ssl.engine.factory.class = null
	ssl.key.password = null
	ssl.keymanager.algorithm = SunX509
	ssl.keystore.certificate.chain = null
	ssl.keystore.key = null
	ssl.keystore.location = null
	ssl.keystore.password = null
	ssl.keystore.type = JKS
	ssl.protocol = TLSv1.3
	ssl.provider = null
	ssl.secure.random.implementation = null
	ssl.trustmanager.algorithm = PKIX
	ssl.truststore.certificates = null
	ssl.truststore.location = null
	ssl.truststore.password = null
	ssl.truststore.type = JKS
	value.deserializer = class io.apicurio.registry.serde.avro.AvroKafkaDeserializer

2025-08-07 12:29:12,197 INFO  [org.apa.kaf.com.tel.int.KafkaMetricsCollector] (main) initializing Kafka metrics collector
2025-08-07 12:29:12,203 INFO  [org.apa.kaf.cli.con.ConsumerConfig] (main) These configurations '[apicurio.registry.url]' were supplied but are not used yet.
2025-08-07 12:29:12,203 INFO  [org.apa.kaf.com.uti.AppInfoParser] (main) Kafka version: 3.9.1
2025-08-07 12:29:12,203 INFO  [org.apa.kaf.com.uti.AppInfoParser] (main) Kafka commitId: f745dfdcee2b9851
2025-08-07 12:29:12,203 INFO  [org.apa.kaf.com.uti.AppInfoParser] (main) Kafka startTimeMs: 1754569752203
**** Registry Base URL: http://registry-app-ksql047.apps.ci419.apicurio-testing.org:80
2025-08-07 12:29:12,204 INFO  [org.apa.kaf.cli.con.ConsumerConfig] (main) ConsumerConfig values: 
	allow.auto.create.topics = true
	auto.commit.interval.ms = 500
	auto.include.jmx.reporter = true
	auto.offset.reset = earliest
	bootstrap.servers = [PLAINTEXT://localhost:32769]
	check.crcs = true
	client.dns.lookup = use_all_dns_ips
	client.id = consumer-Consumer-topic-cee4ef55_589f_4588_87f9_af1b36634a95-15
	client.rack = 
	connections.max.idle.ms = 10000
	default.api.timeout.ms = 60000
	enable.auto.commit = true
	enable.metrics.push = true
	exclude.internal.topics = true
	fetch.max.bytes = 52428800
	fetch.max.wait.ms = 500
	fetch.min.bytes = 1
	group.id = Consumer-topic-cee4ef55_589f_4588_87f9_af1b36634a95
	group.instance.id = null
	group.protocol = classic
	group.remote.assignor = null
	heartbeat.interval.ms = 3000
	interceptor.classes = []
	internal.leave.group.on.close = true
	internal.throw.on.fetch.stable.offset.unsupported = false
	isolation.level = read_uncommitted
	key.deserializer = class org.apache.kafka.common.serialization.StringDeserializer
	max.partition.fetch.bytes = 1048576
	max.poll.interval.ms = 300000
	max.poll.records = 500
	metadata.max.age.ms = 300000
	metadata.recovery.strategy = none
	metric.reporters = []
	metrics.num.samples = 2
	metrics.recording.level = INFO
	metrics.sample.window.ms = 30000
	partition.assignment.strategy = [class org.apache.kafka.clients.consumer.RangeAssignor, class org.apache.kafka.clients.consumer.CooperativeStickyAssignor]
	receive.buffer.bytes = 65536
	reconnect.backoff.max.ms = 1000
	reconnect.backoff.ms = 50
	request.timeout.ms = 5000
	retry.backoff.max.ms = 1000
	retry.backoff.ms = 100
	sasl.client.callback.handler.class = null
	sasl.jaas.config = null
	sasl.kerberos.kinit.cmd = /usr/bin/kinit
	sasl.kerberos.min.time.before.relogin = 60000
	sasl.kerberos.service.name = null
	sasl.kerberos.ticket.renew.jitter = 0.05
	sasl.kerberos.ticket.renew.window.factor = 0.8
	sasl.login.callback.handler.class = null
	sasl.login.class = null
	sasl.login.connect.timeout.ms = null
	sasl.login.read.timeout.ms = null
	sasl.login.refresh.buffer.seconds = 300
	sasl.login.refresh.min.period.seconds = 60
	sasl.login.refresh.window.factor = 0.8
	sasl.login.refresh.window.jitter = 0.05
	sasl.login.retry.backoff.max.ms = 10000
	sasl.login.retry.backoff.ms = 100
	sasl.mechanism = GSSAPI
	sasl.oauthbearer.clock.skew.seconds = 30
	sasl.oauthbearer.expected.audience = null
	sasl.oauthbearer.expected.issuer = null
	sasl.oauthbearer.header.urlencode = false
	sasl.oauthbearer.jwks.endpoint.refresh.ms = 3600000
	sasl.oauthbearer.jwks.endpoint.retry.backoff.max.ms = 10000
	sasl.oauthbearer.jwks.endpoint.retry.backoff.ms = 100
	sasl.oauthbearer.jwks.endpoint.url = null
	sasl.oauthbearer.scope.claim.name = scope
	sasl.oauthbearer.sub.claim.name = sub
	sasl.oauthbearer.token.endpoint.url = null
	security.protocol = PLAINTEXT
	security.providers = null
	send.buffer.bytes = 131072
	session.timeout.ms = 45000
	socket.connection.setup.timeout.max.ms = 30000
	socket.connection.setup.timeout.ms = 10000
	ssl.cipher.suites = null
	ssl.enabled.protocols = [TLSv1.2, TLSv1.3]
	ssl.endpoint.identification.algorithm = https
	ssl.engine.factory.class = null
	ssl.key.password = null
	ssl.keymanager.algorithm = SunX509
	ssl.keystore.certificate.chain = null
	ssl.keystore.key = null
	ssl.keystore.location = null
	ssl.keystore.password = null
	ssl.keystore.type = JKS
	ssl.protocol = TLSv1.3
	ssl.provider = null
	ssl.secure.random.implementation = null
	ssl.trustmanager.algorithm = PKIX
	ssl.truststore.certificates = null
	ssl.truststore.location = null
	ssl.truststore.password = null
	ssl.truststore.type = JKS
	value.deserializer = class io.apicurio.registry.serde.avro.AvroKafkaDeserializer

2025-08-07 12:29:12,204 INFO  [org.apa.kaf.com.tel.int.KafkaMetricsCollector] (main) initializing Kafka metrics collector
2025-08-07 12:29:12,209 INFO  [org.apa.kaf.cli.con.ConsumerConfig] (main) These configurations '[apicurio.registry.url]' were supplied but are not used yet.
2025-08-07 12:29:12,209 INFO  [org.apa.kaf.com.uti.AppInfoParser] (main) Kafka version: 3.9.1
2025-08-07 12:29:12,209 INFO  [org.apa.kaf.com.uti.AppInfoParser] (main) Kafka commitId: f745dfdcee2b9851
2025-08-07 12:29:12,209 INFO  [org.apa.kaf.com.uti.AppInfoParser] (main) Kafka startTimeMs: 1754569752209
**** Registry Base URL: http://registry-app-ksql047.apps.ci419.apicurio-testing.org:80
2025-08-07 12:29:12,209 INFO  [org.apa.kaf.cli.con.ConsumerConfig] (main) ConsumerConfig values: 
	allow.auto.create.topics = true
	auto.commit.interval.ms = 500
	auto.include.jmx.reporter = true
	auto.offset.reset = earliest
	bootstrap.servers = [PLAINTEXT://localhost:32769]
	check.crcs = true
	client.dns.lookup = use_all_dns_ips
	client.id = consumer-Consumer-topic-d4afe770_2678_4ff6_bce5_4d1d529cb9bf-16
	client.rack = 
	connections.max.idle.ms = 10000
	default.api.timeout.ms = 60000
	enable.auto.commit = true
	enable.metrics.push = true
	exclude.internal.topics = true
	fetch.max.bytes = 52428800
	fetch.max.wait.ms = 500
	fetch.min.bytes = 1
	group.id = Consumer-topic-d4afe770_2678_4ff6_bce5_4d1d529cb9bf
	group.instance.id = null
	group.protocol = classic
	group.remote.assignor = null
	heartbeat.interval.ms = 3000
	interceptor.classes = []
	internal.leave.group.on.close = true
	internal.throw.on.fetch.stable.offset.unsupported = false
	isolation.level = read_uncommitted
	key.deserializer = class org.apache.kafka.common.serialization.StringDeserializer
	max.partition.fetch.bytes = 1048576
	max.poll.interval.ms = 300000
	max.poll.records = 500
	metadata.max.age.ms = 300000
	metadata.recovery.strategy = none
	metric.reporters = []
	metrics.num.samples = 2
	metrics.recording.level = INFO
	metrics.sample.window.ms = 30000
	partition.assignment.strategy = [class org.apache.kafka.clients.consumer.RangeAssignor, class org.apache.kafka.clients.consumer.CooperativeStickyAssignor]
	receive.buffer.bytes = 65536
	reconnect.backoff.max.ms = 1000
	reconnect.backoff.ms = 50
	request.timeout.ms = 5000
	retry.backoff.max.ms = 1000
	retry.backoff.ms = 100
	sasl.client.callback.handler.class = null
	sasl.jaas.config = null
	sasl.kerberos.kinit.cmd = /usr/bin/kinit
	sasl.kerberos.min.time.before.relogin = 60000
	sasl.kerberos.service.name = null
	sasl.kerberos.ticket.renew.jitter = 0.05
	sasl.kerberos.ticket.renew.window.factor = 0.8
	sasl.login.callback.handler.class = null
	sasl.login.class = null
	sasl.login.connect.timeout.ms = null
	sasl.login.read.timeout.ms = null
	sasl.login.refresh.buffer.seconds = 300
	sasl.login.refresh.min.period.seconds = 60
	sasl.login.refresh.window.factor = 0.8
	sasl.login.refresh.window.jitter = 0.05
	sasl.login.retry.backoff.max.ms = 10000
	sasl.login.retry.backoff.ms = 100
	sasl.mechanism = GSSAPI
	sasl.oauthbearer.clock.skew.seconds = 30
	sasl.oauthbearer.expected.audience = null
	sasl.oauthbearer.expected.issuer = null
	sasl.oauthbearer.header.urlencode = false
	sasl.oauthbearer.jwks.endpoint.refresh.ms = 3600000
	sasl.oauthbearer.jwks.endpoint.retry.backoff.max.ms = 10000
	sasl.oauthbearer.jwks.endpoint.retry.backoff.ms = 100
	sasl.oauthbearer.jwks.endpoint.url = null
	sasl.oauthbearer.scope.claim.name = scope
	sasl.oauthbearer.sub.claim.name = sub
	sasl.oauthbearer.token.endpoint.url = null
	security.protocol = PLAINTEXT
	security.providers = null
	send.buffer.bytes = 131072
	session.timeout.ms = 45000
	socket.connection.setup.timeout.max.ms = 30000
	socket.connection.setup.timeout.ms = 10000
	ssl.cipher.suites = null
	ssl.enabled.protocols = [TLSv1.2, TLSv1.3]
	ssl.endpoint.identification.algorithm = https
	ssl.engine.factory.class = null
	ssl.key.password = null
	ssl.keymanager.algorithm = SunX509
	ssl.keystore.certificate.chain = null
	ssl.keystore.key = null
	ssl.keystore.location = null
	ssl.keystore.password = null
	ssl.keystore.type = JKS
	ssl.protocol = TLSv1.3
	ssl.provider = null
	ssl.secure.random.implementation = null
	ssl.trustmanager.algorithm = PKIX
	ssl.truststore.certificates = null
	ssl.truststore.location = null
	ssl.truststore.password = null
	ssl.truststore.type = JKS
	value.deserializer = class io.apicurio.registry.serde.avro.AvroKafkaDeserializer

2025-08-07 12:29:12,209 INFO  [org.apa.kaf.com.tel.int.KafkaMetricsCollector] (main) initializing Kafka metrics collector
2025-08-07 12:29:12,214 INFO  [org.apa.kaf.cli.con.ConsumerConfig] (main) These configurations '[apicurio.registry.url]' were supplied but are not used yet.
2025-08-07 12:29:12,214 INFO  [org.apa.kaf.com.uti.AppInfoParser] (main) Kafka version: 3.9.1
2025-08-07 12:29:12,214 INFO  [org.apa.kaf.com.uti.AppInfoParser] (main) Kafka commitId: f745dfdcee2b9851
2025-08-07 12:29:12,214 INFO  [org.apa.kaf.com.uti.AppInfoParser] (main) Kafka startTimeMs: 1754569752214
2025-08-07 12:29:12,215 INFO  [io.api.tes.ser.api.KafkaSerdesTester] (Thread-713) Sending message {"key11754569750975": "value-0"} to topic topic-39fe36a1_678b_492f_91c6_d7b78be69353
2025-08-07 12:29:12,221 INFO  [DefaultSchemaResolver] (Thread-713) Retrieving schema content using string: {"type":"record","name":"myrecordconfluent","fields":[{"name":"key11754569750975","type":"string"}]}
2025-08-07 12:29:12,363 INFO  [io.api.tes.ser.api.KafkaSerdesTester] (Thread-713) Sending message {"key11754569750975": "value-1"} to topic topic-39fe36a1_678b_492f_91c6_d7b78be69353
2025-08-07 12:29:12,365 INFO  [io.api.tes.ser.api.KafkaSerdesTester] (Thread-713) Sending message {"key11754569750975": "value-2"} to topic topic-39fe36a1_678b_492f_91c6_d7b78be69353
2025-08-07 12:29:12,366 INFO  [io.api.tes.ser.api.KafkaSerdesTester] (Thread-713) Sending message {"key11754569750975": "value-3"} to topic topic-39fe36a1_678b_492f_91c6_d7b78be69353
2025-08-07 12:29:12,368 INFO  [io.api.tes.ser.api.KafkaSerdesTester] (Thread-713) Sending message {"key11754569750975": "value-4"} to topic topic-39fe36a1_678b_492f_91c6_d7b78be69353
2025-08-07 12:29:12,369 INFO  [io.api.tes.ser.api.KafkaSerdesTester] (Thread-713) Sending message {"key11754569750975": "value-5"} to topic topic-39fe36a1_678b_492f_91c6_d7b78be69353
2025-08-07 12:29:12,370 INFO  [io.api.tes.ser.api.KafkaSerdesTester] (Thread-713) Sending message {"key11754569750975": "value-6"} to topic topic-39fe36a1_678b_492f_91c6_d7b78be69353
2025-08-07 12:29:12,371 INFO  [io.api.tes.ser.api.KafkaSerdesTester] (Thread-713) Sending message {"key11754569750975": "value-7"} to topic topic-39fe36a1_678b_492f_91c6_d7b78be69353
2025-08-07 12:29:12,372 INFO  [io.api.tes.ser.api.KafkaSerdesTester] (Thread-713) Sending message {"key11754569750975": "value-8"} to topic topic-39fe36a1_678b_492f_91c6_d7b78be69353
2025-08-07 12:29:12,373 INFO  [io.api.tes.ser.api.KafkaSerdesTester] (Thread-713) Sending message {"key11754569750975": "value-9"} to topic topic-39fe36a1_678b_492f_91c6_d7b78be69353
2025-08-07 12:29:12,374 INFO  [io.api.tes.ser.api.KafkaSerdesTester] (Thread-713) Produced 10 messages
2025-08-07 12:29:12,374 INFO  [org.apa.kaf.cli.pro.KafkaProducer] (Thread-713) [Producer clientId=Producer-topic-39fe36a1_678b_492f_91c6_d7b78be69353] Closing the Kafka producer with timeoutMillis = 9223372036854775807 ms.
2025-08-07 12:29:12,376 INFO  [org.apa.kaf.com.met.Metrics] (Thread-713) Metrics scheduler closed
2025-08-07 12:29:12,376 INFO  [org.apa.kaf.com.met.Metrics] (Thread-713) Closing reporter org.apache.kafka.common.metrics.JmxReporter
2025-08-07 12:29:12,376 INFO  [org.apa.kaf.com.met.Metrics] (Thread-713) Closing reporter org.apache.kafka.common.telemetry.internals.ClientTelemetryReporter
2025-08-07 12:29:12,376 INFO  [org.apa.kaf.com.met.Metrics] (Thread-713) Metrics reporters closed
2025-08-07 12:29:12,376 INFO  [org.apa.kaf.com.uti.AppInfoParser] (Thread-713) App info kafka.producer for Producer-topic-39fe36a1_678b_492f_91c6_d7b78be69353 unregistered
2025-08-07 12:29:12,377 INFO  [io.api.tes.ser.api.KafkaSerdesTester] (Thread-714) Sending message {"key11754569750975": "value-0"} to topic topic-cee4ef55_589f_4588_87f9_af1b36634a95
2025-08-07 12:29:12,380 INFO  [DefaultSchemaResolver] (Thread-714) Retrieving schema content using string: {"type":"record","name":"myrecordconfluent","fields":[{"name":"key11754569750975","type":"string"}]}
2025-08-07 12:29:12,528 INFO  [io.api.tes.ser.api.KafkaSerdesTester] (Thread-714) Sending message {"key11754569750975": "value-1"} to topic topic-cee4ef55_589f_4588_87f9_af1b36634a95
2025-08-07 12:29:12,529 INFO  [io.api.tes.ser.api.KafkaSerdesTester] (Thread-714) Sending message {"key11754569750975": "value-2"} to topic topic-cee4ef55_589f_4588_87f9_af1b36634a95
2025-08-07 12:29:12,531 INFO  [io.api.tes.ser.api.KafkaSerdesTester] (Thread-714) Sending message {"key11754569750975": "value-3"} to topic topic-cee4ef55_589f_4588_87f9_af1b36634a95
2025-08-07 12:29:12,532 INFO  [io.api.tes.ser.api.KafkaSerdesTester] (Thread-714) Sending message {"key11754569750975": "value-4"} to topic topic-cee4ef55_589f_4588_87f9_af1b36634a95
2025-08-07 12:29:12,533 INFO  [io.api.tes.ser.api.KafkaSerdesTester] (Thread-714) Sending message {"key11754569750975": "value-5"} to topic topic-cee4ef55_589f_4588_87f9_af1b36634a95
2025-08-07 12:29:12,534 INFO  [io.api.tes.ser.api.KafkaSerdesTester] (Thread-714) Sending message {"key11754569750975": "value-6"} to topic topic-cee4ef55_589f_4588_87f9_af1b36634a95
2025-08-07 12:29:12,535 INFO  [io.api.tes.ser.api.KafkaSerdesTester] (Thread-714) Sending message {"key11754569750975": "value-7"} to topic topic-cee4ef55_589f_4588_87f9_af1b36634a95
2025-08-07 12:29:12,537 INFO  [io.api.tes.ser.api.KafkaSerdesTester] (Thread-714) Sending message {"key11754569750975": "value-8"} to topic topic-cee4ef55_589f_4588_87f9_af1b36634a95
2025-08-07 12:29:12,538 INFO  [io.api.tes.ser.api.KafkaSerdesTester] (Thread-714) Sending message {"key11754569750975": "value-9"} to topic topic-cee4ef55_589f_4588_87f9_af1b36634a95
2025-08-07 12:29:12,539 INFO  [io.api.tes.ser.api.KafkaSerdesTester] (Thread-714) Produced 10 messages
2025-08-07 12:29:12,539 INFO  [org.apa.kaf.cli.pro.KafkaProducer] (Thread-714) [Producer clientId=Producer-topic-cee4ef55_589f_4588_87f9_af1b36634a95] Closing the Kafka producer with timeoutMillis = 9223372036854775807 ms.
2025-08-07 12:29:12,542 INFO  [org.apa.kaf.com.met.Metrics] (Thread-714) Metrics scheduler closed
2025-08-07 12:29:12,542 INFO  [org.apa.kaf.com.met.Metrics] (Thread-714) Closing reporter org.apache.kafka.common.metrics.JmxReporter
2025-08-07 12:29:12,542 INFO  [org.apa.kaf.com.met.Metrics] (Thread-714) Closing reporter org.apache.kafka.common.telemetry.internals.ClientTelemetryReporter
2025-08-07 12:29:12,542 INFO  [org.apa.kaf.com.met.Metrics] (Thread-714) Metrics reporters closed
2025-08-07 12:29:12,542 INFO  [org.apa.kaf.com.uti.AppInfoParser] (Thread-714) App info kafka.producer for Producer-topic-cee4ef55_589f_4588_87f9_af1b36634a95 unregistered
2025-08-07 12:29:12,544 INFO  [io.api.tes.ser.api.KafkaSerdesTester] (Thread-715) Sending message {"key11754569750975": "value-0"} to topic topic-d4afe770_2678_4ff6_bce5_4d1d529cb9bf
2025-08-07 12:29:12,546 INFO  [DefaultSchemaResolver] (Thread-715) Retrieving schema content using string: {"type":"record","name":"myrecordconfluent","fields":[{"name":"key11754569750975","type":"string"}]}
2025-08-07 12:29:12,692 INFO  [io.api.tes.ser.api.KafkaSerdesTester] (Thread-715) Sending message {"key11754569750975": "value-1"} to topic topic-d4afe770_2678_4ff6_bce5_4d1d529cb9bf
2025-08-07 12:29:12,694 INFO  [io.api.tes.ser.api.KafkaSerdesTester] (Thread-715) Sending message {"key11754569750975": "value-2"} to topic topic-d4afe770_2678_4ff6_bce5_4d1d529cb9bf
2025-08-07 12:29:12,696 INFO  [io.api.tes.ser.api.KafkaSerdesTester] (Thread-715) Sending message {"key11754569750975": "value-3"} to topic topic-d4afe770_2678_4ff6_bce5_4d1d529cb9bf
2025-08-07 12:29:12,697 INFO  [io.api.tes.ser.api.KafkaSerdesTester] (Thread-715) Sending message {"key11754569750975": "value-4"} to topic topic-d4afe770_2678_4ff6_bce5_4d1d529cb9bf
2025-08-07 12:29:12,699 INFO  [io.api.tes.ser.api.KafkaSerdesTester] (Thread-715) Sending message {"key11754569750975": "value-5"} to topic topic-d4afe770_2678_4ff6_bce5_4d1d529cb9bf
2025-08-07 12:29:12,700 INFO  [io.api.tes.ser.api.KafkaSerdesTester] (Thread-715) Sending message {"key11754569750975": "value-6"} to topic topic-d4afe770_2678_4ff6_bce5_4d1d529cb9bf
2025-08-07 12:29:12,702 INFO  [io.api.tes.ser.api.KafkaSerdesTester] (Thread-715) Sending message {"key11754569750975": "value-7"} to topic topic-d4afe770_2678_4ff6_bce5_4d1d529cb9bf
2025-08-07 12:29:12,704 INFO  [io.api.tes.ser.api.KafkaSerdesTester] (Thread-715) Sending message {"key11754569750975": "value-8"} to topic topic-d4afe770_2678_4ff6_bce5_4d1d529cb9bf
2025-08-07 12:29:12,705 INFO  [io.api.tes.ser.api.KafkaSerdesTester] (Thread-715) Sending message {"key11754569750975": "value-9"} to topic topic-d4afe770_2678_4ff6_bce5_4d1d529cb9bf
2025-08-07 12:29:12,706 INFO  [io.api.tes.ser.api.KafkaSerdesTester] (Thread-715) Produced 10 messages
2025-08-07 12:29:12,706 INFO  [org.apa.kaf.cli.pro.KafkaProducer] (Thread-715) [Producer clientId=Producer-topic-d4afe770_2678_4ff6_bce5_4d1d529cb9bf] Closing the Kafka producer with timeoutMillis = 9223372036854775807 ms.
2025-08-07 12:29:12,709 INFO  [org.apa.kaf.com.met.Metrics] (Thread-715) Metrics scheduler closed
2025-08-07 12:29:12,709 INFO  [org.apa.kaf.com.met.Metrics] (Thread-715) Closing reporter org.apache.kafka.common.metrics.JmxReporter
2025-08-07 12:29:12,709 INFO  [org.apa.kaf.com.met.Metrics] (Thread-715) Closing reporter org.apache.kafka.common.telemetry.internals.ClientTelemetryReporter
2025-08-07 12:29:12,709 INFO  [org.apa.kaf.com.met.Metrics] (Thread-715) Metrics reporters closed
2025-08-07 12:29:12,709 INFO  [org.apa.kaf.com.uti.AppInfoParser] (Thread-715) App info kafka.producer for Producer-topic-d4afe770_2678_4ff6_bce5_4d1d529cb9bf unregistered
2025-08-07 12:29:12,710 INFO  [org.apa.kaf.cli.con.int.ClassicKafkaConsumer] (Thread-716) [Consumer clientId=consumer-Consumer-topic-39fe36a1_678b_492f_91c6_d7b78be69353-14, groupId=Consumer-topic-39fe36a1_678b_492f_91c6_d7b78be69353] Subscribed to topic(s): topic-39fe36a1_678b_492f_91c6_d7b78be69353
2025-08-07 12:29:12,716 INFO  [org.apa.kaf.cli.Metadata] (Thread-716) [Consumer clientId=consumer-Consumer-topic-39fe36a1_678b_492f_91c6_d7b78be69353-14, groupId=Consumer-topic-39fe36a1_678b_492f_91c6_d7b78be69353] Cluster ID: Iafv2PskRxGTuYEST4AQwQ
2025-08-07 12:29:12,716 INFO  [org.apa.kaf.cli.con.int.ConsumerCoordinator] (Thread-716) [Consumer clientId=consumer-Consumer-topic-39fe36a1_678b_492f_91c6_d7b78be69353-14, groupId=Consumer-topic-39fe36a1_678b_492f_91c6_d7b78be69353] Discovered group coordinator localhost:32769 (id: 2147483647 rack: null)
2025-08-07 12:29:12,718 INFO  [org.apa.kaf.cli.con.int.ConsumerCoordinator] (Thread-716) [Consumer clientId=consumer-Consumer-topic-39fe36a1_678b_492f_91c6_d7b78be69353-14, groupId=Consumer-topic-39fe36a1_678b_492f_91c6_d7b78be69353] (Re-)joining group
2025-08-07 12:29:12,724 INFO  [org.apa.kaf.cli.con.int.ConsumerCoordinator] (Thread-716) [Consumer clientId=consumer-Consumer-topic-39fe36a1_678b_492f_91c6_d7b78be69353-14, groupId=Consumer-topic-39fe36a1_678b_492f_91c6_d7b78be69353] Request joining group due to: need to re-join with the given member-id: consumer-Consumer-topic-39fe36a1_678b_492f_91c6_d7b78be69353-14-7466a2cf-9d95-4202-bab7-5ba0dade816e
2025-08-07 12:29:12,724 INFO  [org.apa.kaf.cli.con.int.ConsumerCoordinator] (Thread-716) [Consumer clientId=consumer-Consumer-topic-39fe36a1_678b_492f_91c6_d7b78be69353-14, groupId=Consumer-topic-39fe36a1_678b_492f_91c6_d7b78be69353] (Re-)joining group
2025-08-07 12:29:13,710 INFO  [io.api.tes.ser.api.KafkaSerdesTester] (Thread-716) None found
2025-08-07 12:29:14,711 INFO  [io.api.tes.ser.api.KafkaSerdesTester] (Thread-716) None found
2025-08-07 12:29:15,712 INFO  [io.api.tes.ser.api.KafkaSerdesTester] (Thread-716) None found
2025-08-07 12:29:15,726 INFO  [org.apa.kaf.cli.con.int.ConsumerCoordinator] (Thread-716) [Consumer clientId=consumer-Consumer-topic-39fe36a1_678b_492f_91c6_d7b78be69353-14, groupId=Consumer-topic-39fe36a1_678b_492f_91c6_d7b78be69353] Successfully joined group with generation Generation{generationId=1, memberId='consumer-Consumer-topic-39fe36a1_678b_492f_91c6_d7b78be69353-14-7466a2cf-9d95-4202-bab7-5ba0dade816e', protocol='range'}
2025-08-07 12:29:15,726 INFO  [org.apa.kaf.cli.con.int.ConsumerCoordinator] (Thread-716) [Consumer clientId=consumer-Consumer-topic-39fe36a1_678b_492f_91c6_d7b78be69353-14, groupId=Consumer-topic-39fe36a1_678b_492f_91c6_d7b78be69353] Finished assignment for group at generation 1: {consumer-Consumer-topic-39fe36a1_678b_492f_91c6_d7b78be69353-14-7466a2cf-9d95-4202-bab7-5ba0dade816e=Assignment(partitions=[topic-39fe36a1_678b_492f_91c6_d7b78be69353-0])}
2025-08-07 12:29:15,733 INFO  [org.apa.kaf.cli.con.int.ConsumerCoordinator] (Thread-716) [Consumer clientId=consumer-Consumer-topic-39fe36a1_678b_492f_91c6_d7b78be69353-14, groupId=Consumer-topic-39fe36a1_678b_492f_91c6_d7b78be69353] Successfully synced group in generation Generation{generationId=1, memberId='consumer-Consumer-topic-39fe36a1_678b_492f_91c6_d7b78be69353-14-7466a2cf-9d95-4202-bab7-5ba0dade816e', protocol='range'}
2025-08-07 12:29:15,733 INFO  [org.apa.kaf.cli.con.int.ConsumerCoordinator] (Thread-716) [Consumer clientId=consumer-Consumer-topic-39fe36a1_678b_492f_91c6_d7b78be69353-14, groupId=Consumer-topic-39fe36a1_678b_492f_91c6_d7b78be69353] Notifying assignor about the new Assignment(partitions=[topic-39fe36a1_678b_492f_91c6_d7b78be69353-0])
2025-08-07 12:29:15,734 INFO  [org.apa.kaf.cli.con.int.ConsumerRebalanceListenerInvoker] (Thread-716) [Consumer clientId=consumer-Consumer-topic-39fe36a1_678b_492f_91c6_d7b78be69353-14, groupId=Consumer-topic-39fe36a1_678b_492f_91c6_d7b78be69353] Adding newly assigned partitions: topic-39fe36a1_678b_492f_91c6_d7b78be69353-0
2025-08-07 12:29:15,734 INFO  [org.apa.kaf.cli.con.int.ConsumerCoordinator] (Thread-716) [Consumer clientId=consumer-Consumer-topic-39fe36a1_678b_492f_91c6_d7b78be69353-14, groupId=Consumer-topic-39fe36a1_678b_492f_91c6_d7b78be69353] Found no committed offset for partition topic-39fe36a1_678b_492f_91c6_d7b78be69353-0
2025-08-07 12:29:15,737 INFO  [org.apa.kaf.cli.con.int.SubscriptionState] (Thread-716) [Consumer clientId=consumer-Consumer-topic-39fe36a1_678b_492f_91c6_d7b78be69353-14, groupId=Consumer-topic-39fe36a1_678b_492f_91c6_d7b78be69353] Resetting offset for partition topic-39fe36a1_678b_492f_91c6_d7b78be69353-0 to position FetchPosition{offset=0, offsetEpoch=Optional.empty, currentLeader=LeaderAndEpoch{leader=Optional[localhost:32769 (id: 0 rack: null)], epoch=0}}.
2025-08-07 12:29:15,948 INFO  [io.api.tes.ser.api.KafkaSerdesTester] (Thread-716) topic-39fe36a1_678b_492f_91c6_d7b78be69353 0 0 {"key11754569750975": "value-0"}
2025-08-07 12:29:15,948 INFO  [io.api.tes.ser.api.KafkaSerdesTester] (Thread-716) topic-39fe36a1_678b_492f_91c6_d7b78be69353 0 1 {"key11754569750975": "value-1"}
2025-08-07 12:29:15,948 INFO  [io.api.tes.ser.api.KafkaSerdesTester] (Thread-716) topic-39fe36a1_678b_492f_91c6_d7b78be69353 0 2 {"key11754569750975": "value-2"}
2025-08-07 12:29:15,948 INFO  [io.api.tes.ser.api.KafkaSerdesTester] (Thread-716) topic-39fe36a1_678b_492f_91c6_d7b78be69353 0 3 {"key11754569750975": "value-3"}
2025-08-07 12:29:15,948 INFO  [io.api.tes.ser.api.KafkaSerdesTester] (Thread-716) topic-39fe36a1_678b_492f_91c6_d7b78be69353 0 4 {"key11754569750975": "value-4"}
2025-08-07 12:29:15,948 INFO  [io.api.tes.ser.api.KafkaSerdesTester] (Thread-716) topic-39fe36a1_678b_492f_91c6_d7b78be69353 0 5 {"key11754569750975": "value-5"}
2025-08-07 12:29:15,948 INFO  [io.api.tes.ser.api.KafkaSerdesTester] (Thread-716) topic-39fe36a1_678b_492f_91c6_d7b78be69353 0 6 {"key11754569750975": "value-6"}
2025-08-07 12:29:15,948 INFO  [io.api.tes.ser.api.KafkaSerdesTester] (Thread-716) topic-39fe36a1_678b_492f_91c6_d7b78be69353 0 7 {"key11754569750975": "value-7"}
2025-08-07 12:29:15,948 INFO  [io.api.tes.ser.api.KafkaSerdesTester] (Thread-716) topic-39fe36a1_678b_492f_91c6_d7b78be69353 0 8 {"key11754569750975": "value-8"}
2025-08-07 12:29:15,948 INFO  [io.api.tes.ser.api.KafkaSerdesTester] (Thread-716) topic-39fe36a1_678b_492f_91c6_d7b78be69353 0 9 {"key11754569750975": "value-9"}
2025-08-07 12:29:15,948 INFO  [io.api.tes.ser.api.KafkaSerdesTester] (Thread-716) Consumed 10 messages
2025-08-07 12:29:15,956 INFO  [org.apa.kaf.cli.con.int.ConsumerRebalanceListenerInvoker] (Thread-716) [Consumer clientId=consumer-Consumer-topic-39fe36a1_678b_492f_91c6_d7b78be69353-14, groupId=Consumer-topic-39fe36a1_678b_492f_91c6_d7b78be69353] Revoke previously assigned partitions topic-39fe36a1_678b_492f_91c6_d7b78be69353-0
2025-08-07 12:29:15,956 INFO  [org.apa.kaf.cli.con.int.ConsumerCoordinator] (Thread-716) [Consumer clientId=consumer-Consumer-topic-39fe36a1_678b_492f_91c6_d7b78be69353-14, groupId=Consumer-topic-39fe36a1_678b_492f_91c6_d7b78be69353] Member consumer-Consumer-topic-39fe36a1_678b_492f_91c6_d7b78be69353-14-7466a2cf-9d95-4202-bab7-5ba0dade816e sending LeaveGroup request to coordinator localhost:32769 (id: 2147483647 rack: null) due to the consumer is being closed
2025-08-07 12:29:15,957 INFO  [org.apa.kaf.cli.con.int.ConsumerCoordinator] (Thread-716) [Consumer clientId=consumer-Consumer-topic-39fe36a1_678b_492f_91c6_d7b78be69353-14, groupId=Consumer-topic-39fe36a1_678b_492f_91c6_d7b78be69353] Resetting generation and member id due to: consumer pro-actively leaving the group
2025-08-07 12:29:15,957 INFO  [org.apa.kaf.cli.con.int.ConsumerCoordinator] (Thread-716) [Consumer clientId=consumer-Consumer-topic-39fe36a1_678b_492f_91c6_d7b78be69353-14, groupId=Consumer-topic-39fe36a1_678b_492f_91c6_d7b78be69353] Request joining group due to: consumer pro-actively leaving the group
2025-08-07 12:29:16,451 INFO  [org.apa.kaf.com.met.Metrics] (Thread-716) Metrics scheduler closed
2025-08-07 12:29:16,451 INFO  [org.apa.kaf.com.met.Metrics] (Thread-716) Closing reporter org.apache.kafka.common.metrics.JmxReporter
2025-08-07 12:29:16,451 INFO  [org.apa.kaf.com.met.Metrics] (Thread-716) Closing reporter org.apache.kafka.common.telemetry.internals.ClientTelemetryReporter
2025-08-07 12:29:16,451 INFO  [org.apa.kaf.com.met.Metrics] (Thread-716) Metrics reporters closed
2025-08-07 12:29:16,454 INFO  [org.apa.kaf.com.uti.AppInfoParser] (Thread-716) App info kafka.consumer for consumer-Consumer-topic-39fe36a1_678b_492f_91c6_d7b78be69353-14 unregistered
2025-08-07 12:29:16,455 INFO  [org.apa.kaf.cli.con.int.ClassicKafkaConsumer] (Thread-717) [Consumer clientId=consumer-Consumer-topic-cee4ef55_589f_4588_87f9_af1b36634a95-15, groupId=Consumer-topic-cee4ef55_589f_4588_87f9_af1b36634a95] Subscribed to topic(s): topic-cee4ef55_589f_4588_87f9_af1b36634a95
2025-08-07 12:29:16,459 INFO  [org.apa.kaf.cli.Metadata] (Thread-717) [Consumer clientId=consumer-Consumer-topic-cee4ef55_589f_4588_87f9_af1b36634a95-15, groupId=Consumer-topic-cee4ef55_589f_4588_87f9_af1b36634a95] Cluster ID: Iafv2PskRxGTuYEST4AQwQ
2025-08-07 12:29:16,460 INFO  [org.apa.kaf.cli.con.int.ConsumerCoordinator] (Thread-717) [Consumer clientId=consumer-Consumer-topic-cee4ef55_589f_4588_87f9_af1b36634a95-15, groupId=Consumer-topic-cee4ef55_589f_4588_87f9_af1b36634a95] Discovered group coordinator localhost:32769 (id: 2147483647 rack: null)
2025-08-07 12:29:16,461 INFO  [org.apa.kaf.cli.con.int.ConsumerCoordinator] (Thread-717) [Consumer clientId=consumer-Consumer-topic-cee4ef55_589f_4588_87f9_af1b36634a95-15, groupId=Consumer-topic-cee4ef55_589f_4588_87f9_af1b36634a95] (Re-)joining group
2025-08-07 12:29:16,463 INFO  [org.apa.kaf.cli.con.int.ConsumerCoordinator] (Thread-717) [Consumer clientId=consumer-Consumer-topic-cee4ef55_589f_4588_87f9_af1b36634a95-15, groupId=Consumer-topic-cee4ef55_589f_4588_87f9_af1b36634a95] Request joining group due to: need to re-join with the given member-id: consumer-Consumer-topic-cee4ef55_589f_4588_87f9_af1b36634a95-15-c88b77d1-60af-41a4-b502-082a3d61fb99
2025-08-07 12:29:16,463 INFO  [org.apa.kaf.cli.con.int.ConsumerCoordinator] (Thread-717) [Consumer clientId=consumer-Consumer-topic-cee4ef55_589f_4588_87f9_af1b36634a95-15, groupId=Consumer-topic-cee4ef55_589f_4588_87f9_af1b36634a95] (Re-)joining group
2025-08-07 12:29:17,455 INFO  [io.api.tes.ser.api.KafkaSerdesTester] (Thread-717) None found
2025-08-07 12:29:18,455 INFO  [io.api.tes.ser.api.KafkaSerdesTester] (Thread-717) None found
2025-08-07 12:29:19,455 INFO  [io.api.tes.ser.api.KafkaSerdesTester] (Thread-717) None found
2025-08-07 12:29:19,465 INFO  [org.apa.kaf.cli.con.int.ConsumerCoordinator] (Thread-717) [Consumer clientId=consumer-Consumer-topic-cee4ef55_589f_4588_87f9_af1b36634a95-15, groupId=Consumer-topic-cee4ef55_589f_4588_87f9_af1b36634a95] Successfully joined group with generation Generation{generationId=1, memberId='consumer-Consumer-topic-cee4ef55_589f_4588_87f9_af1b36634a95-15-c88b77d1-60af-41a4-b502-082a3d61fb99', protocol='range'}
2025-08-07 12:29:19,465 INFO  [org.apa.kaf.cli.con.int.ConsumerCoordinator] (Thread-717) [Consumer clientId=consumer-Consumer-topic-cee4ef55_589f_4588_87f9_af1b36634a95-15, groupId=Consumer-topic-cee4ef55_589f_4588_87f9_af1b36634a95] Finished assignment for group at generation 1: {consumer-Consumer-topic-cee4ef55_589f_4588_87f9_af1b36634a95-15-c88b77d1-60af-41a4-b502-082a3d61fb99=Assignment(partitions=[topic-cee4ef55_589f_4588_87f9_af1b36634a95-0])}
2025-08-07 12:29:19,472 INFO  [org.apa.kaf.cli.con.int.ConsumerCoordinator] (Thread-717) [Consumer clientId=consumer-Consumer-topic-cee4ef55_589f_4588_87f9_af1b36634a95-15, groupId=Consumer-topic-cee4ef55_589f_4588_87f9_af1b36634a95] Successfully synced group in generation Generation{generationId=1, memberId='consumer-Consumer-topic-cee4ef55_589f_4588_87f9_af1b36634a95-15-c88b77d1-60af-41a4-b502-082a3d61fb99', protocol='range'}
2025-08-07 12:29:19,472 INFO  [org.apa.kaf.cli.con.int.ConsumerCoordinator] (Thread-717) [Consumer clientId=consumer-Consumer-topic-cee4ef55_589f_4588_87f9_af1b36634a95-15, groupId=Consumer-topic-cee4ef55_589f_4588_87f9_af1b36634a95] Notifying assignor about the new Assignment(partitions=[topic-cee4ef55_589f_4588_87f9_af1b36634a95-0])
2025-08-07 12:29:19,472 INFO  [org.apa.kaf.cli.con.int.ConsumerRebalanceListenerInvoker] (Thread-717) [Consumer clientId=consumer-Consumer-topic-cee4ef55_589f_4588_87f9_af1b36634a95-15, groupId=Consumer-topic-cee4ef55_589f_4588_87f9_af1b36634a95] Adding newly assigned partitions: topic-cee4ef55_589f_4588_87f9_af1b36634a95-0
2025-08-07 12:29:19,472 INFO  [org.apa.kaf.cli.con.int.ConsumerCoordinator] (Thread-717) [Consumer clientId=consumer-Consumer-topic-cee4ef55_589f_4588_87f9_af1b36634a95-15, groupId=Consumer-topic-cee4ef55_589f_4588_87f9_af1b36634a95] Found no committed offset for partition topic-cee4ef55_589f_4588_87f9_af1b36634a95-0
2025-08-07 12:29:19,475 INFO  [org.apa.kaf.cli.con.int.SubscriptionState] (Thread-717) [Consumer clientId=consumer-Consumer-topic-cee4ef55_589f_4588_87f9_af1b36634a95-15, groupId=Consumer-topic-cee4ef55_589f_4588_87f9_af1b36634a95] Resetting offset for partition topic-cee4ef55_589f_4588_87f9_af1b36634a95-0 to position FetchPosition{offset=0, offsetEpoch=Optional.empty, currentLeader=LeaderAndEpoch{leader=Optional[localhost:32769 (id: 0 rack: null)], epoch=0}}.
2025-08-07 12:29:19,687 INFO  [io.api.tes.ser.api.KafkaSerdesTester] (Thread-717) topic-cee4ef55_589f_4588_87f9_af1b36634a95 0 0 {"key11754569750975": "value-0"}
2025-08-07 12:29:19,688 INFO  [io.api.tes.ser.api.KafkaSerdesTester] (Thread-717) topic-cee4ef55_589f_4588_87f9_af1b36634a95 0 1 {"key11754569750975": "value-1"}
2025-08-07 12:29:19,688 INFO  [io.api.tes.ser.api.KafkaSerdesTester] (Thread-717) topic-cee4ef55_589f_4588_87f9_af1b36634a95 0 2 {"key11754569750975": "value-2"}
2025-08-07 12:29:19,688 INFO  [io.api.tes.ser.api.KafkaSerdesTester] (Thread-717) topic-cee4ef55_589f_4588_87f9_af1b36634a95 0 3 {"key11754569750975": "value-3"}
2025-08-07 12:29:19,688 INFO  [io.api.tes.ser.api.KafkaSerdesTester] (Thread-717) topic-cee4ef55_589f_4588_87f9_af1b36634a95 0 4 {"key11754569750975": "value-4"}
2025-08-07 12:29:19,688 INFO  [io.api.tes.ser.api.KafkaSerdesTester] (Thread-717) topic-cee4ef55_589f_4588_87f9_af1b36634a95 0 5 {"key11754569750975": "value-5"}
2025-08-07 12:29:19,688 INFO  [io.api.tes.ser.api.KafkaSerdesTester] (Thread-717) topic-cee4ef55_589f_4588_87f9_af1b36634a95 0 6 {"key11754569750975": "value-6"}
2025-08-07 12:29:19,688 INFO  [io.api.tes.ser.api.KafkaSerdesTester] (Thread-717) topic-cee4ef55_589f_4588_87f9_af1b36634a95 0 7 {"key11754569750975": "value-7"}
2025-08-07 12:29:19,688 INFO  [io.api.tes.ser.api.KafkaSerdesTester] (Thread-717) topic-cee4ef55_589f_4588_87f9_af1b36634a95 0 8 {"key11754569750975": "value-8"}
2025-08-07 12:29:19,688 INFO  [io.api.tes.ser.api.KafkaSerdesTester] (Thread-717) topic-cee4ef55_589f_4588_87f9_af1b36634a95 0 9 {"key11754569750975": "value-9"}
2025-08-07 12:29:19,688 INFO  [io.api.tes.ser.api.KafkaSerdesTester] (Thread-717) Consumed 10 messages
2025-08-07 12:29:19,695 INFO  [org.apa.kaf.cli.con.int.ConsumerRebalanceListenerInvoker] (Thread-717) [Consumer clientId=consumer-Consumer-topic-cee4ef55_589f_4588_87f9_af1b36634a95-15, groupId=Consumer-topic-cee4ef55_589f_4588_87f9_af1b36634a95] Revoke previously assigned partitions topic-cee4ef55_589f_4588_87f9_af1b36634a95-0
2025-08-07 12:29:19,695 INFO  [org.apa.kaf.cli.con.int.ConsumerCoordinator] (Thread-717) [Consumer clientId=consumer-Consumer-topic-cee4ef55_589f_4588_87f9_af1b36634a95-15, groupId=Consumer-topic-cee4ef55_589f_4588_87f9_af1b36634a95] Member consumer-Consumer-topic-cee4ef55_589f_4588_87f9_af1b36634a95-15-c88b77d1-60af-41a4-b502-082a3d61fb99 sending LeaveGroup request to coordinator localhost:32769 (id: 2147483647 rack: null) due to the consumer is being closed
2025-08-07 12:29:19,695 INFO  [org.apa.kaf.cli.con.int.ConsumerCoordinator] (Thread-717) [Consumer clientId=consumer-Consumer-topic-cee4ef55_589f_4588_87f9_af1b36634a95-15, groupId=Consumer-topic-cee4ef55_589f_4588_87f9_af1b36634a95] Resetting generation and member id due to: consumer pro-actively leaving the group
2025-08-07 12:29:19,695 INFO  [org.apa.kaf.cli.con.int.ConsumerCoordinator] (Thread-717) [Consumer clientId=consumer-Consumer-topic-cee4ef55_589f_4588_87f9_af1b36634a95-15, groupId=Consumer-topic-cee4ef55_589f_4588_87f9_af1b36634a95] Request joining group due to: consumer pro-actively leaving the group
2025-08-07 12:29:20,190 INFO  [org.apa.kaf.com.met.Metrics] (Thread-717) Metrics scheduler closed
2025-08-07 12:29:20,190 INFO  [org.apa.kaf.com.met.Metrics] (Thread-717) Closing reporter org.apache.kafka.common.metrics.JmxReporter
2025-08-07 12:29:20,190 INFO  [org.apa.kaf.com.met.Metrics] (Thread-717) Closing reporter org.apache.kafka.common.telemetry.internals.ClientTelemetryReporter
2025-08-07 12:29:20,190 INFO  [org.apa.kaf.com.met.Metrics] (Thread-717) Metrics reporters closed
2025-08-07 12:29:20,192 INFO  [org.apa.kaf.com.uti.AppInfoParser] (Thread-717) App info kafka.consumer for consumer-Consumer-topic-cee4ef55_589f_4588_87f9_af1b36634a95-15 unregistered
2025-08-07 12:29:20,193 INFO  [org.apa.kaf.cli.con.int.ClassicKafkaConsumer] (Thread-718) [Consumer clientId=consumer-Consumer-topic-d4afe770_2678_4ff6_bce5_4d1d529cb9bf-16, groupId=Consumer-topic-d4afe770_2678_4ff6_bce5_4d1d529cb9bf] Subscribed to topic(s): topic-d4afe770_2678_4ff6_bce5_4d1d529cb9bf
2025-08-07 12:29:20,198 INFO  [org.apa.kaf.cli.Metadata] (Thread-718) [Consumer clientId=consumer-Consumer-topic-d4afe770_2678_4ff6_bce5_4d1d529cb9bf-16, groupId=Consumer-topic-d4afe770_2678_4ff6_bce5_4d1d529cb9bf] Cluster ID: Iafv2PskRxGTuYEST4AQwQ
2025-08-07 12:29:20,200 INFO  [org.apa.kaf.cli.con.int.ConsumerCoordinator] (Thread-718) [Consumer clientId=consumer-Consumer-topic-d4afe770_2678_4ff6_bce5_4d1d529cb9bf-16, groupId=Consumer-topic-d4afe770_2678_4ff6_bce5_4d1d529cb9bf] Discovered group coordinator localhost:32769 (id: 2147483647 rack: null)
2025-08-07 12:29:20,203 INFO  [org.apa.kaf.cli.con.int.ConsumerCoordinator] (Thread-718) [Consumer clientId=consumer-Consumer-topic-d4afe770_2678_4ff6_bce5_4d1d529cb9bf-16, groupId=Consumer-topic-d4afe770_2678_4ff6_bce5_4d1d529cb9bf] (Re-)joining group
2025-08-07 12:29:20,206 INFO  [org.apa.kaf.cli.con.int.ConsumerCoordinator] (Thread-718) [Consumer clientId=consumer-Consumer-topic-d4afe770_2678_4ff6_bce5_4d1d529cb9bf-16, groupId=Consumer-topic-d4afe770_2678_4ff6_bce5_4d1d529cb9bf] Request joining group due to: need to re-join with the given member-id: consumer-Consumer-topic-d4afe770_2678_4ff6_bce5_4d1d529cb9bf-16-f8eb1442-ae96-4548-8522-3be1f15b6c1e
2025-08-07 12:29:20,207 INFO  [org.apa.kaf.cli.con.int.ConsumerCoordinator] (Thread-718) [Consumer clientId=consumer-Consumer-topic-d4afe770_2678_4ff6_bce5_4d1d529cb9bf-16, groupId=Consumer-topic-d4afe770_2678_4ff6_bce5_4d1d529cb9bf] (Re-)joining group
2025-08-07 12:29:21,194 INFO  [io.api.tes.ser.api.KafkaSerdesTester] (Thread-718) None found
2025-08-07 12:29:22,194 INFO  [io.api.tes.ser.api.KafkaSerdesTester] (Thread-718) None found
2025-08-07 12:29:23,194 INFO  [io.api.tes.ser.api.KafkaSerdesTester] (Thread-718) None found
2025-08-07 12:29:23,208 INFO  [org.apa.kaf.cli.con.int.ConsumerCoordinator] (Thread-718) [Consumer clientId=consumer-Consumer-topic-d4afe770_2678_4ff6_bce5_4d1d529cb9bf-16, groupId=Consumer-topic-d4afe770_2678_4ff6_bce5_4d1d529cb9bf] Successfully joined group with generation Generation{generationId=1, memberId='consumer-Consumer-topic-d4afe770_2678_4ff6_bce5_4d1d529cb9bf-16-f8eb1442-ae96-4548-8522-3be1f15b6c1e', protocol='range'}
2025-08-07 12:29:23,209 INFO  [org.apa.kaf.cli.con.int.ConsumerCoordinator] (Thread-718) [Consumer clientId=consumer-Consumer-topic-d4afe770_2678_4ff6_bce5_4d1d529cb9bf-16, groupId=Consumer-topic-d4afe770_2678_4ff6_bce5_4d1d529cb9bf] Finished assignment for group at generation 1: {consumer-Consumer-topic-d4afe770_2678_4ff6_bce5_4d1d529cb9bf-16-f8eb1442-ae96-4548-8522-3be1f15b6c1e=Assignment(partitions=[topic-d4afe770_2678_4ff6_bce5_4d1d529cb9bf-0])}
2025-08-07 12:29:23,216 INFO  [org.apa.kaf.cli.con.int.ConsumerCoordinator] (Thread-718) [Consumer clientId=consumer-Consumer-topic-d4afe770_2678_4ff6_bce5_4d1d529cb9bf-16, groupId=Consumer-topic-d4afe770_2678_4ff6_bce5_4d1d529cb9bf] Successfully synced group in generation Generation{generationId=1, memberId='consumer-Consumer-topic-d4afe770_2678_4ff6_bce5_4d1d529cb9bf-16-f8eb1442-ae96-4548-8522-3be1f15b6c1e', protocol='range'}
2025-08-07 12:29:23,216 INFO  [org.apa.kaf.cli.con.int.ConsumerCoordinator] (Thread-718) [Consumer clientId=consumer-Consumer-topic-d4afe770_2678_4ff6_bce5_4d1d529cb9bf-16, groupId=Consumer-topic-d4afe770_2678_4ff6_bce5_4d1d529cb9bf] Notifying assignor about the new Assignment(partitions=[topic-d4afe770_2678_4ff6_bce5_4d1d529cb9bf-0])
2025-08-07 12:29:23,216 INFO  [org.apa.kaf.cli.con.int.ConsumerRebalanceListenerInvoker] (Thread-718) [Consumer clientId=consumer-Consumer-topic-d4afe770_2678_4ff6_bce5_4d1d529cb9bf-16, groupId=Consumer-topic-d4afe770_2678_4ff6_bce5_4d1d529cb9bf] Adding newly assigned partitions: topic-d4afe770_2678_4ff6_bce5_4d1d529cb9bf-0
2025-08-07 12:29:23,217 INFO  [org.apa.kaf.cli.con.int.ConsumerCoordinator] (Thread-718) [Consumer clientId=consumer-Consumer-topic-d4afe770_2678_4ff6_bce5_4d1d529cb9bf-16, groupId=Consumer-topic-d4afe770_2678_4ff6_bce5_4d1d529cb9bf] Found no committed offset for partition topic-d4afe770_2678_4ff6_bce5_4d1d529cb9bf-0
2025-08-07 12:29:23,224 INFO  [org.apa.kaf.cli.con.int.SubscriptionState] (Thread-718) [Consumer clientId=consumer-Consumer-topic-d4afe770_2678_4ff6_bce5_4d1d529cb9bf-16, groupId=Consumer-topic-d4afe770_2678_4ff6_bce5_4d1d529cb9bf] Resetting offset for partition topic-d4afe770_2678_4ff6_bce5_4d1d529cb9bf-0 to position FetchPosition{offset=0, offsetEpoch=Optional.empty, currentLeader=LeaderAndEpoch{leader=Optional[localhost:32769 (id: 0 rack: null)], epoch=0}}.
2025-08-07 12:29:23,442 INFO  [io.api.tes.ser.api.KafkaSerdesTester] (Thread-718) topic-d4afe770_2678_4ff6_bce5_4d1d529cb9bf 0 0 {"key11754569750975": "value-0"}
2025-08-07 12:29:23,442 INFO  [io.api.tes.ser.api.KafkaSerdesTester] (Thread-718) topic-d4afe770_2678_4ff6_bce5_4d1d529cb9bf 0 1 {"key11754569750975": "value-1"}
2025-08-07 12:29:23,442 INFO  [io.api.tes.ser.api.KafkaSerdesTester] (Thread-718) topic-d4afe770_2678_4ff6_bce5_4d1d529cb9bf 0 2 {"key11754569750975": "value-2"}
2025-08-07 12:29:23,442 INFO  [io.api.tes.ser.api.KafkaSerdesTester] (Thread-718) topic-d4afe770_2678_4ff6_bce5_4d1d529cb9bf 0 3 {"key11754569750975": "value-3"}
2025-08-07 12:29:23,443 INFO  [io.api.tes.ser.api.KafkaSerdesTester] (Thread-718) topic-d4afe770_2678_4ff6_bce5_4d1d529cb9bf 0 4 {"key11754569750975": "value-4"}
2025-08-07 12:29:23,443 INFO  [io.api.tes.ser.api.KafkaSerdesTester] (Thread-718) topic-d4afe770_2678_4ff6_bce5_4d1d529cb9bf 0 5 {"key11754569750975": "value-5"}
2025-08-07 12:29:23,443 INFO  [io.api.tes.ser.api.KafkaSerdesTester] (Thread-718) topic-d4afe770_2678_4ff6_bce5_4d1d529cb9bf 0 6 {"key11754569750975": "value-6"}
2025-08-07 12:29:23,443 INFO  [io.api.tes.ser.api.KafkaSerdesTester] (Thread-718) topic-d4afe770_2678_4ff6_bce5_4d1d529cb9bf 0 7 {"key11754569750975": "value-7"}
2025-08-07 12:29:23,443 INFO  [io.api.tes.ser.api.KafkaSerdesTester] (Thread-718) topic-d4afe770_2678_4ff6_bce5_4d1d529cb9bf 0 8 {"key11754569750975": "value-8"}
2025-08-07 12:29:23,443 INFO  [io.api.tes.ser.api.KafkaSerdesTester] (Thread-718) topic-d4afe770_2678_4ff6_bce5_4d1d529cb9bf 0 9 {"key11754569750975": "value-9"}
2025-08-07 12:29:23,443 INFO  [io.api.tes.ser.api.KafkaSerdesTester] (Thread-718) Consumed 10 messages
2025-08-07 12:29:23,450 INFO  [org.apa.kaf.cli.con.int.ConsumerRebalanceListenerInvoker] (Thread-718) [Consumer clientId=consumer-Consumer-topic-d4afe770_2678_4ff6_bce5_4d1d529cb9bf-16, groupId=Consumer-topic-d4afe770_2678_4ff6_bce5_4d1d529cb9bf] Revoke previously assigned partitions topic-d4afe770_2678_4ff6_bce5_4d1d529cb9bf-0
2025-08-07 12:29:23,450 INFO  [org.apa.kaf.cli.con.int.ConsumerCoordinator] (Thread-718) [Consumer clientId=consumer-Consumer-topic-d4afe770_2678_4ff6_bce5_4d1d529cb9bf-16, groupId=Consumer-topic-d4afe770_2678_4ff6_bce5_4d1d529cb9bf] Member consumer-Consumer-topic-d4afe770_2678_4ff6_bce5_4d1d529cb9bf-16-f8eb1442-ae96-4548-8522-3be1f15b6c1e sending LeaveGroup request to coordinator localhost:32769 (id: 2147483647 rack: null) due to the consumer is being closed
2025-08-07 12:29:23,450 INFO  [org.apa.kaf.cli.con.int.ConsumerCoordinator] (Thread-718) [Consumer clientId=consumer-Consumer-topic-d4afe770_2678_4ff6_bce5_4d1d529cb9bf-16, groupId=Consumer-topic-d4afe770_2678_4ff6_bce5_4d1d529cb9bf] Resetting generation and member id due to: consumer pro-actively leaving the group
2025-08-07 12:29:23,450 INFO  [org.apa.kaf.cli.con.int.ConsumerCoordinator] (Thread-718) [Consumer clientId=consumer-Consumer-topic-d4afe770_2678_4ff6_bce5_4d1d529cb9bf-16, groupId=Consumer-topic-d4afe770_2678_4ff6_bce5_4d1d529cb9bf] Request joining group due to: consumer pro-actively leaving the group
2025-08-07 12:29:23,945 INFO  [org.apa.kaf.com.met.Metrics] (Thread-718) Metrics scheduler closed
2025-08-07 12:29:23,945 INFO  [org.apa.kaf.com.met.Metrics] (Thread-718) Closing reporter org.apache.kafka.common.metrics.JmxReporter
2025-08-07 12:29:23,946 INFO  [org.apa.kaf.com.met.Metrics] (Thread-718) Closing reporter org.apache.kafka.common.telemetry.internals.ClientTelemetryReporter
2025-08-07 12:29:23,946 INFO  [org.apa.kaf.com.met.Metrics] (Thread-718) Metrics reporters closed
2025-08-07 12:29:23,948 INFO  [org.apa.kaf.com.uti.AppInfoParser] (Thread-718) App info kafka.consumer for consumer-Consumer-topic-d4afe770_2678_4ff6_bce5_4d1d529cb9bf-16 unregistered
2025-08-07 12:29:23,949 INFO  [io.api.tes.uti.TestSeparator] (main) io.apicurio.tests.serdes.apicurio.AvroSerdeIT.testAvroConfluentForMultipleTopics-FINISHED
2025-08-07 12:29:23,949 INFO  [io.api.tes.uti.TestSeparator] (main) ############################################################################
Test passed: testAvroConfluentForMultipleTopics
]]></system-out>
  </testcase>
  <testcase name="testFirstRequestFailsRateLimited" classname="io.apicurio.tests.serdes.apicurio.AvroSerdeIT" time="1.212">
    <system-out><![CDATA[2025-08-07 12:29:23,952 INFO  [io.api.tes.uti.TestSeparator] (main) ############################################################################
2025-08-07 12:29:23,952 INFO  [io.api.tes.uti.TestSeparator] (main) io.apicurio.tests.serdes.apicurio.AvroSerdeIT.testFirstRequestFailsRateLimited-STARTED
2025-08-07 12:29:24,630 WARN  [org.ecl.jet.ser.AbstractConnector] (main) Acceptors should be <= availableProcessors: NetworkTrafficServerConnector@16023bb2{HTTP/1.1, (http/1.1, h2c)}{0.0.0.0:0} 
2025-08-07 12:29:24,758 INFO  [org.ecl.jet.ser.Server] (main) jetty-11.0.15; built: 2023-04-11T18:37:53.775Z; git: 5bc5e562c8d05c5862505aebe5cf83a61bdbcb96; jvm 17.0.16+8
2025-08-07 12:29:24,805 INFO  [org.ecl.jet.ser.han.ContextHandler] (main) Started o.e.j.s.ServletContextHandler@3b05fba2{/__admin,null,AVAILABLE}
2025-08-07 12:29:24,816 INFO  [org.ecl.jet.ser.han.Con.ROOT] (main) RequestHandlerClass from context returned com.github.tomakehurst.wiremock.http.StubRequestHandler. Normalized mapped under returned 'null'
2025-08-07 12:29:24,817 INFO  [org.ecl.jet.ser.han.ContextHandler] (main) Started o.e.j.s.ServletContextHandler@4193b8a5{/,null,AVAILABLE}
2025-08-07 12:29:24,825 INFO  [org.ecl.jet.ser.AbstractConnector] (main) Started NetworkTrafficServerConnector@16023bb2{HTTP/1.1, (http/1.1, h2c)}{0.0.0.0:43661}
2025-08-07 12:29:24,827 INFO  [org.ecl.jet.ser.Server] (main) Started Server@4e02800b{STARTING}[11.0.15,sto=1000] @121177ms
**** Registry Base URL: http://registry-app-ksql047.apps.ci419.apicurio-testing.org:80
2025-08-07 12:29:24,838 INFO  [org.apa.kaf.cli.pro.ProducerConfig] (main) ProducerConfig values: 
	acks = -1
	auto.include.jmx.reporter = true
	batch.size = 16384
	bootstrap.servers = [PLAINTEXT://localhost:32769]
	buffer.memory = 33554432
	client.dns.lookup = use_all_dns_ips
	client.id = Producer-topic-918b93e9_4fd4_4563_a2a1_47dd3a5319c4
	compression.gzip.level = -1
	compression.lz4.level = 9
	compression.type = none
	compression.zstd.level = 3
	connections.max.idle.ms = 10000
	delivery.timeout.ms = 120000
	enable.idempotence = true
	enable.metrics.push = true
	interceptor.classes = []
	key.serializer = class org.apache.kafka.common.serialization.StringSerializer
	linger.ms = 0
	max.block.ms = 60000
	max.in.flight.requests.per.connection = 5
	max.request.size = 1048576
	metadata.max.age.ms = 300000
	metadata.max.idle.ms = 300000
	metadata.recovery.strategy = none
	metric.reporters = []
	metrics.num.samples = 2
	metrics.recording.level = INFO
	metrics.sample.window.ms = 30000
	partitioner.adaptive.partitioning.enable = true
	partitioner.availability.timeout.ms = 0
	partitioner.class = null
	partitioner.ignore.keys = false
	receive.buffer.bytes = 32768
	reconnect.backoff.max.ms = 1000
	reconnect.backoff.ms = 50
	request.timeout.ms = 5000
	retries = 2147483647
	retry.backoff.max.ms = 1000
	retry.backoff.ms = 100
	sasl.client.callback.handler.class = null
	sasl.jaas.config = null
	sasl.kerberos.kinit.cmd = /usr/bin/kinit
	sasl.kerberos.min.time.before.relogin = 60000
	sasl.kerberos.service.name = null
	sasl.kerberos.ticket.renew.jitter = 0.05
	sasl.kerberos.ticket.renew.window.factor = 0.8
	sasl.login.callback.handler.class = null
	sasl.login.class = null
	sasl.login.connect.timeout.ms = null
	sasl.login.read.timeout.ms = null
	sasl.login.refresh.buffer.seconds = 300
	sasl.login.refresh.min.period.seconds = 60
	sasl.login.refresh.window.factor = 0.8
	sasl.login.refresh.window.jitter = 0.05
	sasl.login.retry.backoff.max.ms = 10000
	sasl.login.retry.backoff.ms = 100
	sasl.mechanism = GSSAPI
	sasl.oauthbearer.clock.skew.seconds = 30
	sasl.oauthbearer.expected.audience = null
	sasl.oauthbearer.expected.issuer = null
	sasl.oauthbearer.header.urlencode = false
	sasl.oauthbearer.jwks.endpoint.refresh.ms = 3600000
	sasl.oauthbearer.jwks.endpoint.retry.backoff.max.ms = 10000
	sasl.oauthbearer.jwks.endpoint.retry.backoff.ms = 100
	sasl.oauthbearer.jwks.endpoint.url = null
	sasl.oauthbearer.scope.claim.name = scope
	sasl.oauthbearer.sub.claim.name = sub
	sasl.oauthbearer.token.endpoint.url = null
	security.protocol = PLAINTEXT
	security.providers = null
	send.buffer.bytes = 131072
	socket.connection.setup.timeout.max.ms = 30000
	socket.connection.setup.timeout.ms = 10000
	ssl.cipher.suites = null
	ssl.enabled.protocols = [TLSv1.2, TLSv1.3]
	ssl.endpoint.identification.algorithm = https
	ssl.engine.factory.class = null
	ssl.key.password = null
	ssl.keymanager.algorithm = SunX509
	ssl.keystore.certificate.chain = null
	ssl.keystore.key = null
	ssl.keystore.location = null
	ssl.keystore.password = null
	ssl.keystore.type = JKS
	ssl.protocol = TLSv1.3
	ssl.provider = null
	ssl.secure.random.implementation = null
	ssl.trustmanager.algorithm = PKIX
	ssl.truststore.certificates = null
	ssl.truststore.location = null
	ssl.truststore.password = null
	ssl.truststore.type = JKS
	transaction.timeout.ms = 60000
	transactional.id = null
	value.serializer = class io.apicurio.registry.serde.avro.AvroKafkaSerializer

2025-08-07 12:29:24,838 INFO  [org.apa.kaf.com.tel.int.KafkaMetricsCollector] (main) initializing Kafka metrics collector
2025-08-07 12:29:24,842 INFO  [org.apa.kaf.cli.pro.KafkaProducer] (main) [Producer clientId=Producer-topic-918b93e9_4fd4_4563_a2a1_47dd3a5319c4] Instantiated an idempotent producer.
2025-08-07 12:29:24,846 INFO  [org.apa.kaf.cli.pro.ProducerConfig] (main) These configurations '[apicurio.registry.url, apicurio.registry.artifact-resolver-strategy]' were supplied but are not used yet.
2025-08-07 12:29:24,846 INFO  [org.apa.kaf.com.uti.AppInfoParser] (main) Kafka version: 3.9.1
2025-08-07 12:29:24,846 INFO  [org.apa.kaf.com.uti.AppInfoParser] (main) Kafka commitId: f745dfdcee2b9851
2025-08-07 12:29:24,846 INFO  [org.apa.kaf.com.uti.AppInfoParser] (main) Kafka startTimeMs: 1754569764846
2025-08-07 12:29:24,848 INFO  [io.api.tes.ser.api.KafkaSerdesTester] (Thread-729) Sending message {"keyB": "value-0"} to topic topic-918b93e9_4fd4_4563_a2a1_47dd3a5319c4
2025-08-07 12:29:24,850 WARN  [org.apa.kaf.cli.NetworkClient] (kafka-producer-network-thread | Producer-topic-918b93e9_4fd4_4563_a2a1_47dd3a5319c4) [Producer clientId=Producer-topic-918b93e9_4fd4_4563_a2a1_47dd3a5319c4] The metadata response from the cluster reported a recoverable issue with correlation id 1 : {topic-918b93e9_4fd4_4563_a2a1_47dd3a5319c4=UNKNOWN_TOPIC_OR_PARTITION}
2025-08-07 12:29:24,850 INFO  [org.apa.kaf.cli.Metadata] (kafka-producer-network-thread | Producer-topic-918b93e9_4fd4_4563_a2a1_47dd3a5319c4) [Producer clientId=Producer-topic-918b93e9_4fd4_4563_a2a1_47dd3a5319c4] Cluster ID: Iafv2PskRxGTuYEST4AQwQ
2025-08-07 12:29:24,852 INFO  [org.apa.kaf.cli.pro.int.TransactionManager] (kafka-producer-network-thread | Producer-topic-918b93e9_4fd4_4563_a2a1_47dd3a5319c4) [Producer clientId=Producer-topic-918b93e9_4fd4_4563_a2a1_47dd3a5319c4] ProducerId set to 22 with epoch 0
2025-08-07 12:29:24,970 INFO  [DefaultSchemaResolver] (Thread-729) Retrieving schema content using string: {"type":"record","name":"myrecord","namespace":"mygroup","fields":[{"name":"keyB","type":"string"}]}
2025-08-07 12:29:25,148 INFO  [org.apa.kaf.cli.pro.KafkaProducer] (Thread-729) [Producer clientId=Producer-topic-918b93e9_4fd4_4563_a2a1_47dd3a5319c4] Closing the Kafka producer with timeoutMillis = 9223372036854775807 ms.
2025-08-07 12:29:25,151 INFO  [org.apa.kaf.com.met.Metrics] (Thread-729) Metrics scheduler closed
2025-08-07 12:29:25,151 INFO  [org.apa.kaf.com.met.Metrics] (Thread-729) Closing reporter org.apache.kafka.common.metrics.JmxReporter
2025-08-07 12:29:25,151 INFO  [org.apa.kaf.com.met.Metrics] (Thread-729) Closing reporter org.apache.kafka.common.telemetry.internals.ClientTelemetryReporter
2025-08-07 12:29:25,152 INFO  [org.apa.kaf.com.met.Metrics] (Thread-729) Metrics reporters closed
2025-08-07 12:29:25,152 INFO  [org.apa.kaf.com.uti.AppInfoParser] (Thread-729) App info kafka.producer for Producer-topic-918b93e9_4fd4_4563_a2a1_47dd3a5319c4 unregistered
2025-08-07 12:29:25,155 INFO  [org.ecl.jet.ser.Server] (main) Stopped Server@4e02800b{STOPPING}[11.0.15,sto=1000]
2025-08-07 12:29:25,155 INFO  [org.ecl.jet.ser.Server] (main) Shutdown Server@4e02800b{STOPPING}[11.0.15,sto=1000]
2025-08-07 12:29:25,159 INFO  [org.ecl.jet.ser.AbstractConnector] (main) Stopped NetworkTrafficServerConnector@16023bb2{HTTP/1.1, (http/1.1, h2c)}{0.0.0.0:0}
2025-08-07 12:29:25,160 INFO  [org.ecl.jet.ser.han.ContextHandler] (main) Stopped o.e.j.s.ServletContextHandler@4193b8a5{/,null,STOPPED}
2025-08-07 12:29:25,161 INFO  [org.ecl.jet.ser.han.ContextHandler] (main) Stopped o.e.j.s.ServletContextHandler@3b05fba2{/__admin,null,STOPPED}
2025-08-07 12:29:25,164 INFO  [io.api.tes.uti.TestSeparator] (main) io.apicurio.tests.serdes.apicurio.AvroSerdeIT.testFirstRequestFailsRateLimited-FINISHED
2025-08-07 12:29:25,164 INFO  [io.api.tes.uti.TestSeparator] (main) ############################################################################
Test passed: testFirstRequestFailsRateLimited
]]></system-out>
    <system-err><![CDATA[com.microsoft.kiota.ApiException: the server returned an unexpected status code and no error class is registered for this code 429
	at com.microsoft.kiota.ApiExceptionBuilder.withMessage(ApiExceptionBuilder.java:45)
	at io.kiota.http.vertx.VertXRequestAdapter.throwIfFailedResponse(VertXRequestAdapter.java:370)
	at io.kiota.http.vertx.VertXRequestAdapter.send(VertXRequestAdapter.java:170)
	at io.apicurio.registry.rest.client.search.versions.VersionsRequestBuilder.post(VersionsRequestBuilder.java:94)
	at io.apicurio.registry.resolver.client.RegistryClientFacadeImpl.searchVersionsByContent(RegistryClientFacadeImpl.java:106)
	at io.apicurio.registry.resolver.DefaultSchemaResolver.lambda$handleResolveSchemaByContent$3(DefaultSchemaResolver.java:258)
	at io.apicurio.registry.resolver.cache.ERCache.lambda$getValue$0(ERCache.java:174)
	at io.apicurio.registry.resolver.cache.ERCache.retry(ERCache.java:227)
	at io.apicurio.registry.resolver.cache.ERCache.getValue(ERCache.java:173)
	at io.apicurio.registry.resolver.cache.ERCache.getByContent(ERCache.java:147)
	at io.apicurio.registry.resolver.DefaultSchemaResolver.handleResolveSchemaByContent(DefaultSchemaResolver.java:253)
	at io.apicurio.registry.resolver.DefaultSchemaResolver.getSchemaFromRegistry(DefaultSchemaResolver.java:138)
	at io.apicurio.registry.resolver.DefaultSchemaResolver.lambda$resolveSchema$0(DefaultSchemaResolver.java:84)
	at java.base/java.util.Optional.orElseGet(Optional.java:364)
	at io.apicurio.registry.resolver.DefaultSchemaResolver.resolveSchema(DefaultSchemaResolver.java:84)
	at io.apicurio.registry.serde.AbstractSerializer.serializeData(AbstractSerializer.java:62)
	at io.apicurio.registry.serde.KafkaSerializer.serialize(KafkaSerializer.java:77)
	at org.apache.kafka.clients.producer.KafkaProducer.doSend(KafkaProducer.java:1046)
	at org.apache.kafka.clients.producer.KafkaProducer.send(KafkaProducer.java:993)
	at org.apache.kafka.clients.producer.KafkaProducer.send(KafkaProducer.java:875)
	at io.apicurio.tests.serdes.apicurio.KafkaSerdesTester.lambda$produceMessages$3(KafkaSerdesTester.java:138)
	at java.base/java.util.concurrent.CompletableFuture$AsyncSupply.run(CompletableFuture.java:1768)
	at java.base/java.lang.Thread.run(Thread.java:840)
]]></system-err>
  </testcase>
  <testcase name="testFirstEmptyFieldConfusedAsMagicByte" classname="io.apicurio.tests.serdes.apicurio.AvroSerdeIT" time="4.226">
    <system-out><![CDATA[2025-08-07 12:29:25,167 INFO  [io.api.tes.uti.TestSeparator] (main) ############################################################################
2025-08-07 12:29:25,167 INFO  [io.api.tes.uti.TestSeparator] (main) io.apicurio.tests.serdes.apicurio.AvroSerdeIT.testFirstEmptyFieldConfusedAsMagicByte-STARTED
**** Registry Base URL: http://registry-app-ksql047.apps.ci419.apicurio-testing.org:80
2025-08-07 12:29:25,176 INFO  [org.apa.kaf.cli.pro.ProducerConfig] (main) ProducerConfig values: 
	acks = -1
	auto.include.jmx.reporter = true
	batch.size = 16384
	bootstrap.servers = [PLAINTEXT://localhost:32769]
	buffer.memory = 33554432
	client.dns.lookup = use_all_dns_ips
	client.id = Producer-topic-006a59f0_9fda_4a48_b9a0_2ed80d3e3b89
	compression.gzip.level = -1
	compression.lz4.level = 9
	compression.type = none
	compression.zstd.level = 3
	connections.max.idle.ms = 10000
	delivery.timeout.ms = 120000
	enable.idempotence = true
	enable.metrics.push = true
	interceptor.classes = []
	key.serializer = class org.apache.kafka.common.serialization.StringSerializer
	linger.ms = 0
	max.block.ms = 60000
	max.in.flight.requests.per.connection = 5
	max.request.size = 1048576
	metadata.max.age.ms = 300000
	metadata.max.idle.ms = 300000
	metadata.recovery.strategy = none
	metric.reporters = []
	metrics.num.samples = 2
	metrics.recording.level = INFO
	metrics.sample.window.ms = 30000
	partitioner.adaptive.partitioning.enable = true
	partitioner.availability.timeout.ms = 0
	partitioner.class = null
	partitioner.ignore.keys = false
	receive.buffer.bytes = 32768
	reconnect.backoff.max.ms = 1000
	reconnect.backoff.ms = 50
	request.timeout.ms = 5000
	retries = 2147483647
	retry.backoff.max.ms = 1000
	retry.backoff.ms = 100
	sasl.client.callback.handler.class = null
	sasl.jaas.config = null
	sasl.kerberos.kinit.cmd = /usr/bin/kinit
	sasl.kerberos.min.time.before.relogin = 60000
	sasl.kerberos.service.name = null
	sasl.kerberos.ticket.renew.jitter = 0.05
	sasl.kerberos.ticket.renew.window.factor = 0.8
	sasl.login.callback.handler.class = null
	sasl.login.class = null
	sasl.login.connect.timeout.ms = null
	sasl.login.read.timeout.ms = null
	sasl.login.refresh.buffer.seconds = 300
	sasl.login.refresh.min.period.seconds = 60
	sasl.login.refresh.window.factor = 0.8
	sasl.login.refresh.window.jitter = 0.05
	sasl.login.retry.backoff.max.ms = 10000
	sasl.login.retry.backoff.ms = 100
	sasl.mechanism = GSSAPI
	sasl.oauthbearer.clock.skew.seconds = 30
	sasl.oauthbearer.expected.audience = null
	sasl.oauthbearer.expected.issuer = null
	sasl.oauthbearer.header.urlencode = false
	sasl.oauthbearer.jwks.endpoint.refresh.ms = 3600000
	sasl.oauthbearer.jwks.endpoint.retry.backoff.max.ms = 10000
	sasl.oauthbearer.jwks.endpoint.retry.backoff.ms = 100
	sasl.oauthbearer.jwks.endpoint.url = null
	sasl.oauthbearer.scope.claim.name = scope
	sasl.oauthbearer.sub.claim.name = sub
	sasl.oauthbearer.token.endpoint.url = null
	security.protocol = PLAINTEXT
	security.providers = null
	send.buffer.bytes = 131072
	socket.connection.setup.timeout.max.ms = 30000
	socket.connection.setup.timeout.ms = 10000
	ssl.cipher.suites = null
	ssl.enabled.protocols = [TLSv1.2, TLSv1.3]
	ssl.endpoint.identification.algorithm = https
	ssl.engine.factory.class = null
	ssl.key.password = null
	ssl.keymanager.algorithm = SunX509
	ssl.keystore.certificate.chain = null
	ssl.keystore.key = null
	ssl.keystore.location = null
	ssl.keystore.password = null
	ssl.keystore.type = JKS
	ssl.protocol = TLSv1.3
	ssl.provider = null
	ssl.secure.random.implementation = null
	ssl.trustmanager.algorithm = PKIX
	ssl.truststore.certificates = null
	ssl.truststore.location = null
	ssl.truststore.password = null
	ssl.truststore.type = JKS
	transaction.timeout.ms = 60000
	transactional.id = null
	value.serializer = class io.apicurio.registry.serde.avro.AvroKafkaSerializer

2025-08-07 12:29:25,176 INFO  [org.apa.kaf.com.tel.int.KafkaMetricsCollector] (main) initializing Kafka metrics collector
2025-08-07 12:29:25,179 INFO  [org.apa.kaf.cli.pro.KafkaProducer] (main) [Producer clientId=Producer-topic-006a59f0_9fda_4a48_b9a0_2ed80d3e3b89] Instantiated an idempotent producer.
2025-08-07 12:29:25,181 INFO  [org.apa.kaf.cli.pro.ProducerConfig] (main) These configurations '[apicurio.registry.url, apicurio.registry.auto-register, apicurio.registry.artifact-resolver-strategy]' were supplied but are not used yet.
2025-08-07 12:29:25,181 INFO  [org.apa.kaf.com.uti.AppInfoParser] (main) Kafka version: 3.9.1
2025-08-07 12:29:25,181 INFO  [org.apa.kaf.com.uti.AppInfoParser] (main) Kafka commitId: f745dfdcee2b9851
2025-08-07 12:29:25,181 INFO  [org.apa.kaf.com.uti.AppInfoParser] (main) Kafka startTimeMs: 1754569765181
2025-08-07 12:29:25,182 INFO  [io.api.tes.ser.api.SimpleSerdesTesterBuilder$SimpleSerdesTester] (main) Using producer configuration: {apicurio.registry.url=http://registry-app-ksql047.apps.ci419.apicurio-testing.org:80/apis/registry/v3, apicurio.registry.auto-register=true, apicurio.registry.artifact-resolver-strategy=io.apicurio.registry.serde.strategy.SimpleTopicIdStrategy, value.serializer=io.apicurio.registry.serde.avro.AvroKafkaSerializer, request.timeout.ms=5000, acks=all, bootstrap.servers=PLAINTEXT://localhost:32769, connections.max.idle.ms=10000, key.serializer=org.apache.kafka.common.serialization.StringSerializer, client.id=Producer-topic-006a59f0_9fda_4a48_b9a0_2ed80d3e3b89}
2025-08-07 12:29:25,182 INFO  [io.api.tes.ser.api.SimpleSerdesTesterBuilder$SimpleSerdesTester] (main) Using consumer configuration: {}
2025-08-07 12:29:25,183 INFO  [io.api.tes.ser.api.KafkaSerdesTester] (Thread-732) Sending message {"username": null} to topic topic-006a59f0_9fda_4a48_b9a0_2ed80d3e3b89
2025-08-07 12:29:25,187 WARN  [org.apa.kaf.cli.NetworkClient] (kafka-producer-network-thread | Producer-topic-006a59f0_9fda_4a48_b9a0_2ed80d3e3b89) [Producer clientId=Producer-topic-006a59f0_9fda_4a48_b9a0_2ed80d3e3b89] The metadata response from the cluster reported a recoverable issue with correlation id 1 : {topic-006a59f0_9fda_4a48_b9a0_2ed80d3e3b89=UNKNOWN_TOPIC_OR_PARTITION}
2025-08-07 12:29:25,187 INFO  [org.apa.kaf.cli.Metadata] (kafka-producer-network-thread | Producer-topic-006a59f0_9fda_4a48_b9a0_2ed80d3e3b89) [Producer clientId=Producer-topic-006a59f0_9fda_4a48_b9a0_2ed80d3e3b89] Cluster ID: Iafv2PskRxGTuYEST4AQwQ
2025-08-07 12:29:25,187 INFO  [org.apa.kaf.cli.pro.int.TransactionManager] (kafka-producer-network-thread | Producer-topic-006a59f0_9fda_4a48_b9a0_2ed80d3e3b89) [Producer clientId=Producer-topic-006a59f0_9fda_4a48_b9a0_2ed80d3e3b89] ProducerId set to 23 with epoch 0
2025-08-07 12:29:25,487 INFO  [io.api.tes.ser.api.KafkaSerdesTester] (Thread-732) Sending message {"username": null} to topic topic-006a59f0_9fda_4a48_b9a0_2ed80d3e3b89
2025-08-07 12:29:25,488 INFO  [io.api.tes.ser.api.KafkaSerdesTester] (Thread-732) Sending message {"username": "value-2"} to topic topic-006a59f0_9fda_4a48_b9a0_2ed80d3e3b89
2025-08-07 12:29:25,490 INFO  [io.api.tes.ser.api.KafkaSerdesTester] (Thread-732) Sending message {"username": null} to topic topic-006a59f0_9fda_4a48_b9a0_2ed80d3e3b89
2025-08-07 12:29:25,492 INFO  [io.api.tes.ser.api.KafkaSerdesTester] (Thread-732) Sending message {"username": "value-4"} to topic topic-006a59f0_9fda_4a48_b9a0_2ed80d3e3b89
2025-08-07 12:29:25,493 INFO  [io.api.tes.ser.api.KafkaSerdesTester] (Thread-732) Sending message {"username": null} to topic topic-006a59f0_9fda_4a48_b9a0_2ed80d3e3b89
2025-08-07 12:29:25,496 INFO  [io.api.tes.ser.api.KafkaSerdesTester] (Thread-732) Sending message {"username": "value-6"} to topic topic-006a59f0_9fda_4a48_b9a0_2ed80d3e3b89
2025-08-07 12:29:25,497 INFO  [io.api.tes.ser.api.KafkaSerdesTester] (Thread-732) Sending message {"username": null} to topic topic-006a59f0_9fda_4a48_b9a0_2ed80d3e3b89
2025-08-07 12:29:25,500 INFO  [io.api.tes.ser.api.KafkaSerdesTester] (Thread-732) Sending message {"username": "value-8"} to topic topic-006a59f0_9fda_4a48_b9a0_2ed80d3e3b89
2025-08-07 12:29:25,501 INFO  [io.api.tes.ser.api.KafkaSerdesTester] (Thread-732) Sending message {"username": null} to topic topic-006a59f0_9fda_4a48_b9a0_2ed80d3e3b89
2025-08-07 12:29:25,503 INFO  [io.api.tes.ser.api.KafkaSerdesTester] (Thread-732) Produced 10 messages
2025-08-07 12:29:25,503 INFO  [org.apa.kaf.cli.pro.KafkaProducer] (Thread-732) [Producer clientId=Producer-topic-006a59f0_9fda_4a48_b9a0_2ed80d3e3b89] Closing the Kafka producer with timeoutMillis = 9223372036854775807 ms.
2025-08-07 12:29:25,505 INFO  [org.apa.kaf.com.met.Metrics] (Thread-732) Metrics scheduler closed
2025-08-07 12:29:25,505 INFO  [org.apa.kaf.com.met.Metrics] (Thread-732) Closing reporter org.apache.kafka.common.metrics.JmxReporter
2025-08-07 12:29:25,505 INFO  [org.apa.kaf.com.met.Metrics] (Thread-732) Closing reporter org.apache.kafka.common.telemetry.internals.ClientTelemetryReporter
2025-08-07 12:29:25,505 INFO  [org.apa.kaf.com.met.Metrics] (Thread-732) Metrics reporters closed
2025-08-07 12:29:25,506 INFO  [org.apa.kaf.com.uti.AppInfoParser] (Thread-732) App info kafka.producer for Producer-topic-006a59f0_9fda_4a48_b9a0_2ed80d3e3b89 unregistered
**** Registry Base URL: http://registry-app-ksql047.apps.ci419.apicurio-testing.org:80
2025-08-07 12:29:25,641 INFO  [org.apa.kaf.cli.con.ConsumerConfig] (main) ConsumerConfig values: 
	allow.auto.create.topics = true
	auto.commit.interval.ms = 500
	auto.include.jmx.reporter = true
	auto.offset.reset = earliest
	bootstrap.servers = [PLAINTEXT://localhost:32769]
	check.crcs = true
	client.dns.lookup = use_all_dns_ips
	client.id = consumer-Consumer-topic-006a59f0_9fda_4a48_b9a0_2ed80d3e3b89-17
	client.rack = 
	connections.max.idle.ms = 10000
	default.api.timeout.ms = 60000
	enable.auto.commit = true
	enable.metrics.push = true
	exclude.internal.topics = true
	fetch.max.bytes = 52428800
	fetch.max.wait.ms = 500
	fetch.min.bytes = 1
	group.id = Consumer-topic-006a59f0_9fda_4a48_b9a0_2ed80d3e3b89
	group.instance.id = null
	group.protocol = classic
	group.remote.assignor = null
	heartbeat.interval.ms = 3000
	interceptor.classes = []
	internal.leave.group.on.close = true
	internal.throw.on.fetch.stable.offset.unsupported = false
	isolation.level = read_uncommitted
	key.deserializer = class org.apache.kafka.common.serialization.StringDeserializer
	max.partition.fetch.bytes = 1048576
	max.poll.interval.ms = 300000
	max.poll.records = 500
	metadata.max.age.ms = 300000
	metadata.recovery.strategy = none
	metric.reporters = []
	metrics.num.samples = 2
	metrics.recording.level = INFO
	metrics.sample.window.ms = 30000
	partition.assignment.strategy = [class org.apache.kafka.clients.consumer.RangeAssignor, class org.apache.kafka.clients.consumer.CooperativeStickyAssignor]
	receive.buffer.bytes = 65536
	reconnect.backoff.max.ms = 1000
	reconnect.backoff.ms = 50
	request.timeout.ms = 5000
	retry.backoff.max.ms = 1000
	retry.backoff.ms = 100
	sasl.client.callback.handler.class = null
	sasl.jaas.config = null
	sasl.kerberos.kinit.cmd = /usr/bin/kinit
	sasl.kerberos.min.time.before.relogin = 60000
	sasl.kerberos.service.name = null
	sasl.kerberos.ticket.renew.jitter = 0.05
	sasl.kerberos.ticket.renew.window.factor = 0.8
	sasl.login.callback.handler.class = null
	sasl.login.class = null
	sasl.login.connect.timeout.ms = null
	sasl.login.read.timeout.ms = null
	sasl.login.refresh.buffer.seconds = 300
	sasl.login.refresh.min.period.seconds = 60
	sasl.login.refresh.window.factor = 0.8
	sasl.login.refresh.window.jitter = 0.05
	sasl.login.retry.backoff.max.ms = 10000
	sasl.login.retry.backoff.ms = 100
	sasl.mechanism = GSSAPI
	sasl.oauthbearer.clock.skew.seconds = 30
	sasl.oauthbearer.expected.audience = null
	sasl.oauthbearer.expected.issuer = null
	sasl.oauthbearer.header.urlencode = false
	sasl.oauthbearer.jwks.endpoint.refresh.ms = 3600000
	sasl.oauthbearer.jwks.endpoint.retry.backoff.max.ms = 10000
	sasl.oauthbearer.jwks.endpoint.retry.backoff.ms = 100
	sasl.oauthbearer.jwks.endpoint.url = null
	sasl.oauthbearer.scope.claim.name = scope
	sasl.oauthbearer.sub.claim.name = sub
	sasl.oauthbearer.token.endpoint.url = null
	security.protocol = PLAINTEXT
	security.providers = null
	send.buffer.bytes = 131072
	session.timeout.ms = 45000
	socket.connection.setup.timeout.max.ms = 30000
	socket.connection.setup.timeout.ms = 10000
	ssl.cipher.suites = null
	ssl.enabled.protocols = [TLSv1.2, TLSv1.3]
	ssl.endpoint.identification.algorithm = https
	ssl.engine.factory.class = null
	ssl.key.password = null
	ssl.keymanager.algorithm = SunX509
	ssl.keystore.certificate.chain = null
	ssl.keystore.key = null
	ssl.keystore.location = null
	ssl.keystore.password = null
	ssl.keystore.type = JKS
	ssl.protocol = TLSv1.3
	ssl.provider = null
	ssl.secure.random.implementation = null
	ssl.trustmanager.algorithm = PKIX
	ssl.truststore.certificates = null
	ssl.truststore.location = null
	ssl.truststore.password = null
	ssl.truststore.type = JKS
	value.deserializer = class io.apicurio.registry.serde.avro.AvroKafkaDeserializer

2025-08-07 12:29:25,642 INFO  [org.apa.kaf.com.tel.int.KafkaMetricsCollector] (main) initializing Kafka metrics collector
2025-08-07 12:29:25,648 INFO  [org.apa.kaf.cli.con.ConsumerConfig] (main) These configurations '[apicurio.registry.url]' were supplied but are not used yet.
2025-08-07 12:29:25,648 INFO  [org.apa.kaf.com.uti.AppInfoParser] (main) Kafka version: 3.9.1
2025-08-07 12:29:25,648 INFO  [org.apa.kaf.com.uti.AppInfoParser] (main) Kafka commitId: f745dfdcee2b9851
2025-08-07 12:29:25,648 INFO  [org.apa.kaf.com.uti.AppInfoParser] (main) Kafka startTimeMs: 1754569765648
2025-08-07 12:29:25,649 INFO  [org.apa.kaf.cli.con.int.ClassicKafkaConsumer] (Thread-735) [Consumer clientId=consumer-Consumer-topic-006a59f0_9fda_4a48_b9a0_2ed80d3e3b89-17, groupId=Consumer-topic-006a59f0_9fda_4a48_b9a0_2ed80d3e3b89] Subscribed to topic(s): topic-006a59f0_9fda_4a48_b9a0_2ed80d3e3b89
2025-08-07 12:29:25,658 INFO  [org.apa.kaf.cli.Metadata] (Thread-735) [Consumer clientId=consumer-Consumer-topic-006a59f0_9fda_4a48_b9a0_2ed80d3e3b89-17, groupId=Consumer-topic-006a59f0_9fda_4a48_b9a0_2ed80d3e3b89] Cluster ID: Iafv2PskRxGTuYEST4AQwQ
2025-08-07 12:29:25,659 INFO  [org.apa.kaf.cli.con.int.ConsumerCoordinator] (Thread-735) [Consumer clientId=consumer-Consumer-topic-006a59f0_9fda_4a48_b9a0_2ed80d3e3b89-17, groupId=Consumer-topic-006a59f0_9fda_4a48_b9a0_2ed80d3e3b89] Discovered group coordinator localhost:32769 (id: 2147483647 rack: null)
2025-08-07 12:29:25,662 INFO  [org.apa.kaf.cli.con.int.ConsumerCoordinator] (Thread-735) [Consumer clientId=consumer-Consumer-topic-006a59f0_9fda_4a48_b9a0_2ed80d3e3b89-17, groupId=Consumer-topic-006a59f0_9fda_4a48_b9a0_2ed80d3e3b89] (Re-)joining group
2025-08-07 12:29:25,663 INFO  [org.apa.kaf.cli.con.int.ConsumerCoordinator] (Thread-735) [Consumer clientId=consumer-Consumer-topic-006a59f0_9fda_4a48_b9a0_2ed80d3e3b89-17, groupId=Consumer-topic-006a59f0_9fda_4a48_b9a0_2ed80d3e3b89] Request joining group due to: need to re-join with the given member-id: consumer-Consumer-topic-006a59f0_9fda_4a48_b9a0_2ed80d3e3b89-17-3726c065-6365-486c-8bed-ccdfbddc2b78
2025-08-07 12:29:25,663 INFO  [org.apa.kaf.cli.con.int.ConsumerCoordinator] (Thread-735) [Consumer clientId=consumer-Consumer-topic-006a59f0_9fda_4a48_b9a0_2ed80d3e3b89-17, groupId=Consumer-topic-006a59f0_9fda_4a48_b9a0_2ed80d3e3b89] (Re-)joining group
2025-08-07 12:29:26,649 INFO  [io.api.tes.ser.api.KafkaSerdesTester] (Thread-735) None found
2025-08-07 12:29:27,649 INFO  [io.api.tes.ser.api.KafkaSerdesTester] (Thread-735) None found
2025-08-07 12:29:28,649 INFO  [io.api.tes.ser.api.KafkaSerdesTester] (Thread-735) None found
2025-08-07 12:29:28,665 INFO  [org.apa.kaf.cli.con.int.ConsumerCoordinator] (Thread-735) [Consumer clientId=consumer-Consumer-topic-006a59f0_9fda_4a48_b9a0_2ed80d3e3b89-17, groupId=Consumer-topic-006a59f0_9fda_4a48_b9a0_2ed80d3e3b89] Successfully joined group with generation Generation{generationId=1, memberId='consumer-Consumer-topic-006a59f0_9fda_4a48_b9a0_2ed80d3e3b89-17-3726c065-6365-486c-8bed-ccdfbddc2b78', protocol='range'}
2025-08-07 12:29:28,665 INFO  [org.apa.kaf.cli.con.int.ConsumerCoordinator] (Thread-735) [Consumer clientId=consumer-Consumer-topic-006a59f0_9fda_4a48_b9a0_2ed80d3e3b89-17, groupId=Consumer-topic-006a59f0_9fda_4a48_b9a0_2ed80d3e3b89] Finished assignment for group at generation 1: {consumer-Consumer-topic-006a59f0_9fda_4a48_b9a0_2ed80d3e3b89-17-3726c065-6365-486c-8bed-ccdfbddc2b78=Assignment(partitions=[topic-006a59f0_9fda_4a48_b9a0_2ed80d3e3b89-0])}
2025-08-07 12:29:28,672 INFO  [org.apa.kaf.cli.con.int.ConsumerCoordinator] (Thread-735) [Consumer clientId=consumer-Consumer-topic-006a59f0_9fda_4a48_b9a0_2ed80d3e3b89-17, groupId=Consumer-topic-006a59f0_9fda_4a48_b9a0_2ed80d3e3b89] Successfully synced group in generation Generation{generationId=1, memberId='consumer-Consumer-topic-006a59f0_9fda_4a48_b9a0_2ed80d3e3b89-17-3726c065-6365-486c-8bed-ccdfbddc2b78', protocol='range'}
2025-08-07 12:29:28,672 INFO  [org.apa.kaf.cli.con.int.ConsumerCoordinator] (Thread-735) [Consumer clientId=consumer-Consumer-topic-006a59f0_9fda_4a48_b9a0_2ed80d3e3b89-17, groupId=Consumer-topic-006a59f0_9fda_4a48_b9a0_2ed80d3e3b89] Notifying assignor about the new Assignment(partitions=[topic-006a59f0_9fda_4a48_b9a0_2ed80d3e3b89-0])
2025-08-07 12:29:28,672 INFO  [org.apa.kaf.cli.con.int.ConsumerRebalanceListenerInvoker] (Thread-735) [Consumer clientId=consumer-Consumer-topic-006a59f0_9fda_4a48_b9a0_2ed80d3e3b89-17, groupId=Consumer-topic-006a59f0_9fda_4a48_b9a0_2ed80d3e3b89] Adding newly assigned partitions: topic-006a59f0_9fda_4a48_b9a0_2ed80d3e3b89-0
2025-08-07 12:29:28,673 INFO  [org.apa.kaf.cli.con.int.ConsumerCoordinator] (Thread-735) [Consumer clientId=consumer-Consumer-topic-006a59f0_9fda_4a48_b9a0_2ed80d3e3b89-17, groupId=Consumer-topic-006a59f0_9fda_4a48_b9a0_2ed80d3e3b89] Found no committed offset for partition topic-006a59f0_9fda_4a48_b9a0_2ed80d3e3b89-0
2025-08-07 12:29:28,675 INFO  [org.apa.kaf.cli.con.int.SubscriptionState] (Thread-735) [Consumer clientId=consumer-Consumer-topic-006a59f0_9fda_4a48_b9a0_2ed80d3e3b89-17, groupId=Consumer-topic-006a59f0_9fda_4a48_b9a0_2ed80d3e3b89] Resetting offset for partition topic-006a59f0_9fda_4a48_b9a0_2ed80d3e3b89-0 to position FetchPosition{offset=0, offsetEpoch=Optional.empty, currentLeader=LeaderAndEpoch{leader=Optional[localhost:32769 (id: 0 rack: null)], epoch=0}}.
2025-08-07 12:29:28,887 INFO  [io.api.tes.ser.api.KafkaSerdesTester] (Thread-735) topic-006a59f0_9fda_4a48_b9a0_2ed80d3e3b89 0 0 {"username": null}
2025-08-07 12:29:28,887 INFO  [io.api.tes.ser.api.KafkaSerdesTester] (Thread-735) topic-006a59f0_9fda_4a48_b9a0_2ed80d3e3b89 0 1 {"username": null}
2025-08-07 12:29:28,887 INFO  [io.api.tes.ser.api.KafkaSerdesTester] (Thread-735) topic-006a59f0_9fda_4a48_b9a0_2ed80d3e3b89 0 2 {"username": "value-2"}
2025-08-07 12:29:28,887 INFO  [io.api.tes.ser.api.KafkaSerdesTester] (Thread-735) topic-006a59f0_9fda_4a48_b9a0_2ed80d3e3b89 0 3 {"username": null}
2025-08-07 12:29:28,887 INFO  [io.api.tes.ser.api.KafkaSerdesTester] (Thread-735) topic-006a59f0_9fda_4a48_b9a0_2ed80d3e3b89 0 4 {"username": "value-4"}
2025-08-07 12:29:28,887 INFO  [io.api.tes.ser.api.KafkaSerdesTester] (Thread-735) topic-006a59f0_9fda_4a48_b9a0_2ed80d3e3b89 0 5 {"username": null}
2025-08-07 12:29:28,887 INFO  [io.api.tes.ser.api.KafkaSerdesTester] (Thread-735) topic-006a59f0_9fda_4a48_b9a0_2ed80d3e3b89 0 6 {"username": "value-6"}
2025-08-07 12:29:28,887 INFO  [io.api.tes.ser.api.KafkaSerdesTester] (Thread-735) topic-006a59f0_9fda_4a48_b9a0_2ed80d3e3b89 0 7 {"username": null}
2025-08-07 12:29:28,887 INFO  [io.api.tes.ser.api.KafkaSerdesTester] (Thread-735) topic-006a59f0_9fda_4a48_b9a0_2ed80d3e3b89 0 8 {"username": "value-8"}
2025-08-07 12:29:28,887 INFO  [io.api.tes.ser.api.KafkaSerdesTester] (Thread-735) topic-006a59f0_9fda_4a48_b9a0_2ed80d3e3b89 0 9 {"username": null}
2025-08-07 12:29:28,887 INFO  [io.api.tes.ser.api.KafkaSerdesTester] (Thread-735) Consumed 10 messages
2025-08-07 12:29:28,894 INFO  [org.apa.kaf.cli.con.int.ConsumerRebalanceListenerInvoker] (Thread-735) [Consumer clientId=consumer-Consumer-topic-006a59f0_9fda_4a48_b9a0_2ed80d3e3b89-17, groupId=Consumer-topic-006a59f0_9fda_4a48_b9a0_2ed80d3e3b89] Revoke previously assigned partitions topic-006a59f0_9fda_4a48_b9a0_2ed80d3e3b89-0
2025-08-07 12:29:28,895 INFO  [org.apa.kaf.cli.con.int.ConsumerCoordinator] (Thread-735) [Consumer clientId=consumer-Consumer-topic-006a59f0_9fda_4a48_b9a0_2ed80d3e3b89-17, groupId=Consumer-topic-006a59f0_9fda_4a48_b9a0_2ed80d3e3b89] Member consumer-Consumer-topic-006a59f0_9fda_4a48_b9a0_2ed80d3e3b89-17-3726c065-6365-486c-8bed-ccdfbddc2b78 sending LeaveGroup request to coordinator localhost:32769 (id: 2147483647 rack: null) due to the consumer is being closed
2025-08-07 12:29:28,895 INFO  [org.apa.kaf.cli.con.int.ConsumerCoordinator] (Thread-735) [Consumer clientId=consumer-Consumer-topic-006a59f0_9fda_4a48_b9a0_2ed80d3e3b89-17, groupId=Consumer-topic-006a59f0_9fda_4a48_b9a0_2ed80d3e3b89] Resetting generation and member id due to: consumer pro-actively leaving the group
2025-08-07 12:29:28,895 INFO  [org.apa.kaf.cli.con.int.ConsumerCoordinator] (Thread-735) [Consumer clientId=consumer-Consumer-topic-006a59f0_9fda_4a48_b9a0_2ed80d3e3b89-17, groupId=Consumer-topic-006a59f0_9fda_4a48_b9a0_2ed80d3e3b89] Request joining group due to: consumer pro-actively leaving the group
2025-08-07 12:29:29,389 INFO  [org.apa.kaf.com.met.Metrics] (Thread-735) Metrics scheduler closed
2025-08-07 12:29:29,389 INFO  [org.apa.kaf.com.met.Metrics] (Thread-735) Closing reporter org.apache.kafka.common.metrics.JmxReporter
2025-08-07 12:29:29,389 INFO  [org.apa.kaf.com.met.Metrics] (Thread-735) Closing reporter org.apache.kafka.common.telemetry.internals.ClientTelemetryReporter
2025-08-07 12:29:29,389 INFO  [org.apa.kaf.com.met.Metrics] (Thread-735) Metrics reporters closed
2025-08-07 12:29:29,391 INFO  [org.apa.kaf.com.uti.AppInfoParser] (Thread-735) App info kafka.consumer for consumer-Consumer-topic-006a59f0_9fda_4a48_b9a0_2ed80d3e3b89-17 unregistered
2025-08-07 12:29:29,392 INFO  [io.api.tes.uti.TestSeparator] (main) io.apicurio.tests.serdes.apicurio.AvroSerdeIT.testFirstEmptyFieldConfusedAsMagicByte-FINISHED
2025-08-07 12:29:29,392 INFO  [io.api.tes.uti.TestSeparator] (main) ############################################################################
Test passed: testFirstEmptyFieldConfusedAsMagicByte
]]></system-out>
  </testcase>
  <testcase name="testAvroSerDesFailDifferentSchemaByContent" classname="io.apicurio.tests.serdes.apicurio.AvroSerdeIT" time="1.411">
    <system-out><![CDATA[2025-08-07 12:29:29,395 INFO  [io.api.tes.uti.TestSeparator] (main) ############################################################################
2025-08-07 12:29:29,395 INFO  [io.api.tes.uti.TestSeparator] (main) io.apicurio.tests.serdes.apicurio.AvroSerdeIT.testAvroSerDesFailDifferentSchemaByContent-STARTED
**** Registry Base URL: http://registry-app-ksql047.apps.ci419.apicurio-testing.org:80
2025-08-07 12:29:30,576 INFO  [org.apa.kaf.cli.pro.ProducerConfig] (main) ProducerConfig values: 
	acks = -1
	auto.include.jmx.reporter = true
	batch.size = 16384
	bootstrap.servers = [PLAINTEXT://localhost:32769]
	buffer.memory = 33554432
	client.dns.lookup = use_all_dns_ips
	client.id = Producer-topic-f4b0b1d4_a8e5_42a1_b9c1_ea07c8c769e6
	compression.gzip.level = -1
	compression.lz4.level = 9
	compression.type = none
	compression.zstd.level = 3
	connections.max.idle.ms = 10000
	delivery.timeout.ms = 120000
	enable.idempotence = true
	enable.metrics.push = true
	interceptor.classes = []
	key.serializer = class org.apache.kafka.common.serialization.StringSerializer
	linger.ms = 0
	max.block.ms = 60000
	max.in.flight.requests.per.connection = 5
	max.request.size = 1048576
	metadata.max.age.ms = 300000
	metadata.max.idle.ms = 300000
	metadata.recovery.strategy = none
	metric.reporters = []
	metrics.num.samples = 2
	metrics.recording.level = INFO
	metrics.sample.window.ms = 30000
	partitioner.adaptive.partitioning.enable = true
	partitioner.availability.timeout.ms = 0
	partitioner.class = null
	partitioner.ignore.keys = false
	receive.buffer.bytes = 32768
	reconnect.backoff.max.ms = 1000
	reconnect.backoff.ms = 50
	request.timeout.ms = 5000
	retries = 2147483647
	retry.backoff.max.ms = 1000
	retry.backoff.ms = 100
	sasl.client.callback.handler.class = null
	sasl.jaas.config = null
	sasl.kerberos.kinit.cmd = /usr/bin/kinit
	sasl.kerberos.min.time.before.relogin = 60000
	sasl.kerberos.service.name = null
	sasl.kerberos.ticket.renew.jitter = 0.05
	sasl.kerberos.ticket.renew.window.factor = 0.8
	sasl.login.callback.handler.class = null
	sasl.login.class = null
	sasl.login.connect.timeout.ms = null
	sasl.login.read.timeout.ms = null
	sasl.login.refresh.buffer.seconds = 300
	sasl.login.refresh.min.period.seconds = 60
	sasl.login.refresh.window.factor = 0.8
	sasl.login.refresh.window.jitter = 0.05
	sasl.login.retry.backoff.max.ms = 10000
	sasl.login.retry.backoff.ms = 100
	sasl.mechanism = GSSAPI
	sasl.oauthbearer.clock.skew.seconds = 30
	sasl.oauthbearer.expected.audience = null
	sasl.oauthbearer.expected.issuer = null
	sasl.oauthbearer.header.urlencode = false
	sasl.oauthbearer.jwks.endpoint.refresh.ms = 3600000
	sasl.oauthbearer.jwks.endpoint.retry.backoff.max.ms = 10000
	sasl.oauthbearer.jwks.endpoint.retry.backoff.ms = 100
	sasl.oauthbearer.jwks.endpoint.url = null
	sasl.oauthbearer.scope.claim.name = scope
	sasl.oauthbearer.sub.claim.name = sub
	sasl.oauthbearer.token.endpoint.url = null
	security.protocol = PLAINTEXT
	security.providers = null
	send.buffer.bytes = 131072
	socket.connection.setup.timeout.max.ms = 30000
	socket.connection.setup.timeout.ms = 10000
	ssl.cipher.suites = null
	ssl.enabled.protocols = [TLSv1.2, TLSv1.3]
	ssl.endpoint.identification.algorithm = https
	ssl.engine.factory.class = null
	ssl.key.password = null
	ssl.keymanager.algorithm = SunX509
	ssl.keystore.certificate.chain = null
	ssl.keystore.key = null
	ssl.keystore.location = null
	ssl.keystore.password = null
	ssl.keystore.type = JKS
	ssl.protocol = TLSv1.3
	ssl.provider = null
	ssl.secure.random.implementation = null
	ssl.trustmanager.algorithm = PKIX
	ssl.truststore.certificates = null
	ssl.truststore.location = null
	ssl.truststore.password = null
	ssl.truststore.type = JKS
	transaction.timeout.ms = 60000
	transactional.id = null
	value.serializer = class io.apicurio.registry.serde.avro.AvroKafkaSerializer

2025-08-07 12:29:30,577 INFO  [org.apa.kaf.com.tel.int.KafkaMetricsCollector] (main) initializing Kafka metrics collector
2025-08-07 12:29:30,580 INFO  [org.apa.kaf.cli.pro.KafkaProducer] (main) [Producer clientId=Producer-topic-f4b0b1d4_a8e5_42a1_b9c1_ea07c8c769e6] Instantiated an idempotent producer.
2025-08-07 12:29:30,583 INFO  [org.apa.kaf.cli.pro.ProducerConfig] (main) These configurations '[apicurio.registry.url, apicurio.registry.artifact-resolver-strategy]' were supplied but are not used yet.
2025-08-07 12:29:30,583 INFO  [org.apa.kaf.com.uti.AppInfoParser] (main) Kafka version: 3.9.1
2025-08-07 12:29:30,583 INFO  [org.apa.kaf.com.uti.AppInfoParser] (main) Kafka commitId: f745dfdcee2b9851
2025-08-07 12:29:30,583 INFO  [org.apa.kaf.com.uti.AppInfoParser] (main) Kafka startTimeMs: 1754569770583
2025-08-07 12:29:30,583 INFO  [io.api.tes.ser.api.KafkaSerdesTester] (Thread-738) Sending message {"keyB": "value-0"} to topic topic-f4b0b1d4_a8e5_42a1_b9c1_ea07c8c769e6
2025-08-07 12:29:30,587 INFO  [org.apa.kaf.cli.Metadata] (kafka-producer-network-thread | Producer-topic-f4b0b1d4_a8e5_42a1_b9c1_ea07c8c769e6) [Producer clientId=Producer-topic-f4b0b1d4_a8e5_42a1_b9c1_ea07c8c769e6] Cluster ID: Iafv2PskRxGTuYEST4AQwQ
2025-08-07 12:29:30,588 INFO  [org.apa.kaf.cli.pro.int.TransactionManager] (kafka-producer-network-thread | Producer-topic-f4b0b1d4_a8e5_42a1_b9c1_ea07c8c769e6) [Producer clientId=Producer-topic-f4b0b1d4_a8e5_42a1_b9c1_ea07c8c769e6] ProducerId set to 24 with epoch 0
2025-08-07 12:29:30,588 INFO  [DefaultSchemaResolver] (Thread-738) Retrieving schema content using string: {"type":"record","name":"s7e0d4967x1ed8x4517x9756xda8540bd8413","namespace":"sdfbb98f2xe9fdx4654x9ec3xbef9d996bf03","fields":[{"name":"keyB","type":"string"}]}
2025-08-07 12:29:30,801 INFO  [org.apa.kaf.cli.pro.KafkaProducer] (Thread-738) [Producer clientId=Producer-topic-f4b0b1d4_a8e5_42a1_b9c1_ea07c8c769e6] Closing the Kafka producer with timeoutMillis = 9223372036854775807 ms.
2025-08-07 12:29:30,803 INFO  [org.apa.kaf.com.met.Metrics] (Thread-738) Metrics scheduler closed
2025-08-07 12:29:30,803 INFO  [org.apa.kaf.com.met.Metrics] (Thread-738) Closing reporter org.apache.kafka.common.metrics.JmxReporter
2025-08-07 12:29:30,803 INFO  [org.apa.kaf.com.met.Metrics] (Thread-738) Closing reporter org.apache.kafka.common.telemetry.internals.ClientTelemetryReporter
2025-08-07 12:29:30,803 INFO  [org.apa.kaf.com.met.Metrics] (Thread-738) Metrics reporters closed
2025-08-07 12:29:30,803 INFO  [org.apa.kaf.com.uti.AppInfoParser] (Thread-738) App info kafka.producer for Producer-topic-f4b0b1d4_a8e5_42a1_b9c1_ea07c8c769e6 unregistered
2025-08-07 12:29:30,803 INFO  [io.api.tes.uti.TestSeparator] (main) io.apicurio.tests.serdes.apicurio.AvroSerdeIT.testAvroSerDesFailDifferentSchemaByContent-FINISHED
2025-08-07 12:29:30,804 INFO  [io.api.tes.uti.TestSeparator] (main) ############################################################################
Test passed: testAvroSerDesFailDifferentSchemaByContent
]]></system-out>
    <system-err><![CDATA[java.lang.RuntimeException: Could not resolve artifact reference by content: {"type":"record","name":"s7e0d4967x1ed8x4517x9756xda8540bd8413","namespace":"sdfbb98f2xe9fdx4654x9ec3xbef9d996bf03","fields":[{"name":"keyB","type":"string"}]}&ArtifactReference [groupId=sdfbb98f2xe9fdx4654x9ec3xbef9d996bf03, artifactId=s7e0d4967x1ed8x4517x9756xda8540bd8413, version=null, globalId=null, contentId=null, contentHash=null]
	at io.apicurio.registry.resolver.DefaultSchemaResolver.lambda$handleResolveSchemaByContent$3(DefaultSchemaResolver.java:265)
	at io.apicurio.registry.resolver.cache.ERCache.lambda$getValue$0(ERCache.java:174)
	at io.apicurio.registry.resolver.cache.ERCache.retry(ERCache.java:227)
	at io.apicurio.registry.resolver.cache.ERCache.getValue(ERCache.java:173)
	at io.apicurio.registry.resolver.cache.ERCache.getByContent(ERCache.java:147)
	at io.apicurio.registry.resolver.DefaultSchemaResolver.handleResolveSchemaByContent(DefaultSchemaResolver.java:253)
	at io.apicurio.registry.resolver.DefaultSchemaResolver.getSchemaFromRegistry(DefaultSchemaResolver.java:138)
	at io.apicurio.registry.resolver.DefaultSchemaResolver.lambda$resolveSchema$0(DefaultSchemaResolver.java:84)
	at java.base/java.util.Optional.orElseGet(Optional.java:364)
	at io.apicurio.registry.resolver.DefaultSchemaResolver.resolveSchema(DefaultSchemaResolver.java:84)
	at io.apicurio.registry.serde.AbstractSerializer.serializeData(AbstractSerializer.java:62)
	at io.apicurio.registry.serde.KafkaSerializer.serialize(KafkaSerializer.java:77)
	at org.apache.kafka.clients.producer.KafkaProducer.doSend(KafkaProducer.java:1046)
	at org.apache.kafka.clients.producer.KafkaProducer.send(KafkaProducer.java:993)
	at org.apache.kafka.clients.producer.KafkaProducer.send(KafkaProducer.java:875)
	at io.apicurio.tests.serdes.apicurio.KafkaSerdesTester.lambda$produceMessages$3(KafkaSerdesTester.java:138)
	at java.base/java.util.concurrent.CompletableFuture$AsyncSupply.run(CompletableFuture.java:1768)
	at java.base/java.lang.Thread.run(Thread.java:840)
]]></system-err>
  </testcase>
  <testcase name="testGlobalIdInBody" classname="io.apicurio.tests.serdes.apicurio.AvroSerdeIT" time="4.249">
    <system-out><![CDATA[2025-08-07 12:29:30,811 INFO  [io.api.tes.uti.TestSeparator] (main) ############################################################################
2025-08-07 12:29:30,811 INFO  [io.api.tes.uti.TestSeparator] (main) io.apicurio.tests.serdes.apicurio.AvroSerdeIT.testGlobalIdInBody-STARTED
**** Registry Base URL: http://registry-app-ksql047.apps.ci419.apicurio-testing.org:80
2025-08-07 12:29:30,816 INFO  [org.apa.kaf.cli.pro.ProducerConfig] (main) ProducerConfig values: 
	acks = -1
	auto.include.jmx.reporter = true
	batch.size = 16384
	bootstrap.servers = [PLAINTEXT://localhost:32769]
	buffer.memory = 33554432
	client.dns.lookup = use_all_dns_ips
	client.id = Producer-topic-10b91540_150e_4a91_9bad_063058e72506
	compression.gzip.level = -1
	compression.lz4.level = 9
	compression.type = none
	compression.zstd.level = 3
	connections.max.idle.ms = 10000
	delivery.timeout.ms = 120000
	enable.idempotence = true
	enable.metrics.push = true
	interceptor.classes = []
	key.serializer = class org.apache.kafka.common.serialization.StringSerializer
	linger.ms = 0
	max.block.ms = 60000
	max.in.flight.requests.per.connection = 5
	max.request.size = 1048576
	metadata.max.age.ms = 300000
	metadata.max.idle.ms = 300000
	metadata.recovery.strategy = none
	metric.reporters = []
	metrics.num.samples = 2
	metrics.recording.level = INFO
	metrics.sample.window.ms = 30000
	partitioner.adaptive.partitioning.enable = true
	partitioner.availability.timeout.ms = 0
	partitioner.class = null
	partitioner.ignore.keys = false
	receive.buffer.bytes = 32768
	reconnect.backoff.max.ms = 1000
	reconnect.backoff.ms = 50
	request.timeout.ms = 5000
	retries = 2147483647
	retry.backoff.max.ms = 1000
	retry.backoff.ms = 100
	sasl.client.callback.handler.class = null
	sasl.jaas.config = null
	sasl.kerberos.kinit.cmd = /usr/bin/kinit
	sasl.kerberos.min.time.before.relogin = 60000
	sasl.kerberos.service.name = null
	sasl.kerberos.ticket.renew.jitter = 0.05
	sasl.kerberos.ticket.renew.window.factor = 0.8
	sasl.login.callback.handler.class = null
	sasl.login.class = null
	sasl.login.connect.timeout.ms = null
	sasl.login.read.timeout.ms = null
	sasl.login.refresh.buffer.seconds = 300
	sasl.login.refresh.min.period.seconds = 60
	sasl.login.refresh.window.factor = 0.8
	sasl.login.refresh.window.jitter = 0.05
	sasl.login.retry.backoff.max.ms = 10000
	sasl.login.retry.backoff.ms = 100
	sasl.mechanism = GSSAPI
	sasl.oauthbearer.clock.skew.seconds = 30
	sasl.oauthbearer.expected.audience = null
	sasl.oauthbearer.expected.issuer = null
	sasl.oauthbearer.header.urlencode = false
	sasl.oauthbearer.jwks.endpoint.refresh.ms = 3600000
	sasl.oauthbearer.jwks.endpoint.retry.backoff.max.ms = 10000
	sasl.oauthbearer.jwks.endpoint.retry.backoff.ms = 100
	sasl.oauthbearer.jwks.endpoint.url = null
	sasl.oauthbearer.scope.claim.name = scope
	sasl.oauthbearer.sub.claim.name = sub
	sasl.oauthbearer.token.endpoint.url = null
	security.protocol = PLAINTEXT
	security.providers = null
	send.buffer.bytes = 131072
	socket.connection.setup.timeout.max.ms = 30000
	socket.connection.setup.timeout.ms = 10000
	ssl.cipher.suites = null
	ssl.enabled.protocols = [TLSv1.2, TLSv1.3]
	ssl.endpoint.identification.algorithm = https
	ssl.engine.factory.class = null
	ssl.key.password = null
	ssl.keymanager.algorithm = SunX509
	ssl.keystore.certificate.chain = null
	ssl.keystore.key = null
	ssl.keystore.location = null
	ssl.keystore.password = null
	ssl.keystore.type = JKS
	ssl.protocol = TLSv1.3
	ssl.provider = null
	ssl.secure.random.implementation = null
	ssl.trustmanager.algorithm = PKIX
	ssl.truststore.certificates = null
	ssl.truststore.location = null
	ssl.truststore.password = null
	ssl.truststore.type = JKS
	transaction.timeout.ms = 60000
	transactional.id = null
	value.serializer = class io.apicurio.registry.serde.avro.AvroKafkaSerializer

2025-08-07 12:29:30,817 INFO  [org.apa.kaf.com.tel.int.KafkaMetricsCollector] (main) initializing Kafka metrics collector
2025-08-07 12:29:30,820 INFO  [org.apa.kaf.cli.pro.KafkaProducer] (main) [Producer clientId=Producer-topic-10b91540_150e_4a91_9bad_063058e72506] Instantiated an idempotent producer.
2025-08-07 12:29:30,822 INFO  [org.apa.kaf.cli.pro.ProducerConfig] (main) These configurations '[apicurio.registry.url, apicurio.registry.auto-register, apicurio.registry.use-id, apicurio.registry.artifact-resolver-strategy]' were supplied but are not used yet.
2025-08-07 12:29:30,822 INFO  [org.apa.kaf.com.uti.AppInfoParser] (main) Kafka version: 3.9.1
2025-08-07 12:29:30,822 INFO  [org.apa.kaf.com.uti.AppInfoParser] (main) Kafka commitId: f745dfdcee2b9851
2025-08-07 12:29:30,822 INFO  [org.apa.kaf.com.uti.AppInfoParser] (main) Kafka startTimeMs: 1754569770822
2025-08-07 12:29:30,822 INFO  [io.api.tes.ser.api.SimpleSerdesTesterBuilder$SimpleSerdesTester] (main) Using producer configuration: {apicurio.registry.url=http://registry-app-ksql047.apps.ci419.apicurio-testing.org:80/apis/registry/v3, apicurio.registry.auto-register=true, apicurio.registry.use-id=globalId, apicurio.registry.artifact-resolver-strategy=io.apicurio.registry.serde.strategy.TopicIdStrategy, value.serializer=io.apicurio.registry.serde.avro.AvroKafkaSerializer, request.timeout.ms=5000, acks=all, bootstrap.servers=PLAINTEXT://localhost:32769, connections.max.idle.ms=10000, key.serializer=org.apache.kafka.common.serialization.StringSerializer, client.id=Producer-topic-10b91540_150e_4a91_9bad_063058e72506}
2025-08-07 12:29:30,822 INFO  [io.api.tes.ser.api.SimpleSerdesTesterBuilder$SimpleSerdesTester] (main) Using consumer configuration: {apicurio.registry.use-id=globalId}
2025-08-07 12:29:30,824 INFO  [io.api.tes.ser.api.KafkaSerdesTester] (Thread-741) Sending message {"key11754569770813": "value-0"} to topic topic-10b91540_150e_4a91_9bad_063058e72506
2025-08-07 12:29:30,827 WARN  [org.apa.kaf.cli.NetworkClient] (kafka-producer-network-thread | Producer-topic-10b91540_150e_4a91_9bad_063058e72506) [Producer clientId=Producer-topic-10b91540_150e_4a91_9bad_063058e72506] The metadata response from the cluster reported a recoverable issue with correlation id 1 : {topic-10b91540_150e_4a91_9bad_063058e72506=UNKNOWN_TOPIC_OR_PARTITION}
2025-08-07 12:29:30,827 INFO  [org.apa.kaf.cli.Metadata] (kafka-producer-network-thread | Producer-topic-10b91540_150e_4a91_9bad_063058e72506) [Producer clientId=Producer-topic-10b91540_150e_4a91_9bad_063058e72506] Cluster ID: Iafv2PskRxGTuYEST4AQwQ
2025-08-07 12:29:30,828 INFO  [org.apa.kaf.cli.pro.int.TransactionManager] (kafka-producer-network-thread | Producer-topic-10b91540_150e_4a91_9bad_063058e72506) [Producer clientId=Producer-topic-10b91540_150e_4a91_9bad_063058e72506] ProducerId set to 25 with epoch 0
2025-08-07 12:29:31,131 INFO  [io.api.tes.ser.api.KafkaSerdesTester] (Thread-741) Sending message {"key11754569770813": "value-1"} to topic topic-10b91540_150e_4a91_9bad_063058e72506
2025-08-07 12:29:31,134 INFO  [io.api.tes.ser.api.KafkaSerdesTester] (Thread-741) Sending message {"key11754569770813": "value-2"} to topic topic-10b91540_150e_4a91_9bad_063058e72506
2025-08-07 12:29:31,135 INFO  [io.api.tes.ser.api.KafkaSerdesTester] (Thread-741) Sending message {"key11754569770813": "value-3"} to topic topic-10b91540_150e_4a91_9bad_063058e72506
2025-08-07 12:29:31,138 INFO  [io.api.tes.ser.api.KafkaSerdesTester] (Thread-741) Sending message {"key11754569770813": "value-4"} to topic topic-10b91540_150e_4a91_9bad_063058e72506
2025-08-07 12:29:31,140 INFO  [io.api.tes.ser.api.KafkaSerdesTester] (Thread-741) Sending message {"key11754569770813": "value-5"} to topic topic-10b91540_150e_4a91_9bad_063058e72506
2025-08-07 12:29:31,146 INFO  [io.api.tes.ser.api.KafkaSerdesTester] (Thread-741) Sending message {"key11754569770813": "value-6"} to topic topic-10b91540_150e_4a91_9bad_063058e72506
2025-08-07 12:29:31,153 INFO  [io.api.tes.ser.api.KafkaSerdesTester] (Thread-741) Sending message {"key11754569770813": "value-7"} to topic topic-10b91540_150e_4a91_9bad_063058e72506
2025-08-07 12:29:31,158 INFO  [io.api.tes.ser.api.KafkaSerdesTester] (Thread-741) Sending message {"key11754569770813": "value-8"} to topic topic-10b91540_150e_4a91_9bad_063058e72506
2025-08-07 12:29:31,162 INFO  [io.api.tes.ser.api.KafkaSerdesTester] (Thread-741) Sending message {"key11754569770813": "value-9"} to topic topic-10b91540_150e_4a91_9bad_063058e72506
2025-08-07 12:29:31,169 INFO  [io.api.tes.ser.api.KafkaSerdesTester] (Thread-741) Produced 10 messages
2025-08-07 12:29:31,169 INFO  [org.apa.kaf.cli.pro.KafkaProducer] (Thread-741) [Producer clientId=Producer-topic-10b91540_150e_4a91_9bad_063058e72506] Closing the Kafka producer with timeoutMillis = 9223372036854775807 ms.
2025-08-07 12:29:31,173 INFO  [org.apa.kaf.com.met.Metrics] (Thread-741) Metrics scheduler closed
2025-08-07 12:29:31,173 INFO  [org.apa.kaf.com.met.Metrics] (Thread-741) Closing reporter org.apache.kafka.common.metrics.JmxReporter
2025-08-07 12:29:31,173 INFO  [org.apa.kaf.com.met.Metrics] (Thread-741) Closing reporter org.apache.kafka.common.telemetry.internals.ClientTelemetryReporter
2025-08-07 12:29:31,173 INFO  [org.apa.kaf.com.met.Metrics] (Thread-741) Metrics reporters closed
2025-08-07 12:29:31,173 INFO  [org.apa.kaf.com.uti.AppInfoParser] (Thread-741) App info kafka.producer for Producer-topic-10b91540_150e_4a91_9bad_063058e72506 unregistered
**** Registry Base URL: http://registry-app-ksql047.apps.ci419.apicurio-testing.org:80
2025-08-07 12:29:31,308 INFO  [org.apa.kaf.cli.con.ConsumerConfig] (main) ConsumerConfig values: 
	allow.auto.create.topics = true
	auto.commit.interval.ms = 500
	auto.include.jmx.reporter = true
	auto.offset.reset = earliest
	bootstrap.servers = [PLAINTEXT://localhost:32769]
	check.crcs = true
	client.dns.lookup = use_all_dns_ips
	client.id = consumer-Consumer-topic-10b91540_150e_4a91_9bad_063058e72506-18
	client.rack = 
	connections.max.idle.ms = 10000
	default.api.timeout.ms = 60000
	enable.auto.commit = true
	enable.metrics.push = true
	exclude.internal.topics = true
	fetch.max.bytes = 52428800
	fetch.max.wait.ms = 500
	fetch.min.bytes = 1
	group.id = Consumer-topic-10b91540_150e_4a91_9bad_063058e72506
	group.instance.id = null
	group.protocol = classic
	group.remote.assignor = null
	heartbeat.interval.ms = 3000
	interceptor.classes = []
	internal.leave.group.on.close = true
	internal.throw.on.fetch.stable.offset.unsupported = false
	isolation.level = read_uncommitted
	key.deserializer = class org.apache.kafka.common.serialization.StringDeserializer
	max.partition.fetch.bytes = 1048576
	max.poll.interval.ms = 300000
	max.poll.records = 500
	metadata.max.age.ms = 300000
	metadata.recovery.strategy = none
	metric.reporters = []
	metrics.num.samples = 2
	metrics.recording.level = INFO
	metrics.sample.window.ms = 30000
	partition.assignment.strategy = [class org.apache.kafka.clients.consumer.RangeAssignor, class org.apache.kafka.clients.consumer.CooperativeStickyAssignor]
	receive.buffer.bytes = 65536
	reconnect.backoff.max.ms = 1000
	reconnect.backoff.ms = 50
	request.timeout.ms = 5000
	retry.backoff.max.ms = 1000
	retry.backoff.ms = 100
	sasl.client.callback.handler.class = null
	sasl.jaas.config = null
	sasl.kerberos.kinit.cmd = /usr/bin/kinit
	sasl.kerberos.min.time.before.relogin = 60000
	sasl.kerberos.service.name = null
	sasl.kerberos.ticket.renew.jitter = 0.05
	sasl.kerberos.ticket.renew.window.factor = 0.8
	sasl.login.callback.handler.class = null
	sasl.login.class = null
	sasl.login.connect.timeout.ms = null
	sasl.login.read.timeout.ms = null
	sasl.login.refresh.buffer.seconds = 300
	sasl.login.refresh.min.period.seconds = 60
	sasl.login.refresh.window.factor = 0.8
	sasl.login.refresh.window.jitter = 0.05
	sasl.login.retry.backoff.max.ms = 10000
	sasl.login.retry.backoff.ms = 100
	sasl.mechanism = GSSAPI
	sasl.oauthbearer.clock.skew.seconds = 30
	sasl.oauthbearer.expected.audience = null
	sasl.oauthbearer.expected.issuer = null
	sasl.oauthbearer.header.urlencode = false
	sasl.oauthbearer.jwks.endpoint.refresh.ms = 3600000
	sasl.oauthbearer.jwks.endpoint.retry.backoff.max.ms = 10000
	sasl.oauthbearer.jwks.endpoint.retry.backoff.ms = 100
	sasl.oauthbearer.jwks.endpoint.url = null
	sasl.oauthbearer.scope.claim.name = scope
	sasl.oauthbearer.sub.claim.name = sub
	sasl.oauthbearer.token.endpoint.url = null
	security.protocol = PLAINTEXT
	security.providers = null
	send.buffer.bytes = 131072
	session.timeout.ms = 45000
	socket.connection.setup.timeout.max.ms = 30000
	socket.connection.setup.timeout.ms = 10000
	ssl.cipher.suites = null
	ssl.enabled.protocols = [TLSv1.2, TLSv1.3]
	ssl.endpoint.identification.algorithm = https
	ssl.engine.factory.class = null
	ssl.key.password = null
	ssl.keymanager.algorithm = SunX509
	ssl.keystore.certificate.chain = null
	ssl.keystore.key = null
	ssl.keystore.location = null
	ssl.keystore.password = null
	ssl.keystore.type = JKS
	ssl.protocol = TLSv1.3
	ssl.provider = null
	ssl.secure.random.implementation = null
	ssl.trustmanager.algorithm = PKIX
	ssl.truststore.certificates = null
	ssl.truststore.location = null
	ssl.truststore.password = null
	ssl.truststore.type = JKS
	value.deserializer = class io.apicurio.registry.serde.avro.AvroKafkaDeserializer

2025-08-07 12:29:31,308 INFO  [org.apa.kaf.com.tel.int.KafkaMetricsCollector] (main) initializing Kafka metrics collector
2025-08-07 12:29:31,313 INFO  [org.apa.kaf.cli.con.ConsumerConfig] (main) These configurations '[apicurio.registry.url, apicurio.registry.use-id]' were supplied but are not used yet.
2025-08-07 12:29:31,313 INFO  [org.apa.kaf.com.uti.AppInfoParser] (main) Kafka version: 3.9.1
2025-08-07 12:29:31,313 INFO  [org.apa.kaf.com.uti.AppInfoParser] (main) Kafka commitId: f745dfdcee2b9851
2025-08-07 12:29:31,313 INFO  [org.apa.kaf.com.uti.AppInfoParser] (main) Kafka startTimeMs: 1754569771313
2025-08-07 12:29:31,313 INFO  [org.apa.kaf.cli.con.int.ClassicKafkaConsumer] (Thread-744) [Consumer clientId=consumer-Consumer-topic-10b91540_150e_4a91_9bad_063058e72506-18, groupId=Consumer-topic-10b91540_150e_4a91_9bad_063058e72506] Subscribed to topic(s): topic-10b91540_150e_4a91_9bad_063058e72506
2025-08-07 12:29:31,318 INFO  [org.apa.kaf.cli.Metadata] (Thread-744) [Consumer clientId=consumer-Consumer-topic-10b91540_150e_4a91_9bad_063058e72506-18, groupId=Consumer-topic-10b91540_150e_4a91_9bad_063058e72506] Cluster ID: Iafv2PskRxGTuYEST4AQwQ
2025-08-07 12:29:31,319 INFO  [org.apa.kaf.cli.con.int.ConsumerCoordinator] (Thread-744) [Consumer clientId=consumer-Consumer-topic-10b91540_150e_4a91_9bad_063058e72506-18, groupId=Consumer-topic-10b91540_150e_4a91_9bad_063058e72506] Discovered group coordinator localhost:32769 (id: 2147483647 rack: null)
2025-08-07 12:29:31,322 INFO  [org.apa.kaf.cli.con.int.ConsumerCoordinator] (Thread-744) [Consumer clientId=consumer-Consumer-topic-10b91540_150e_4a91_9bad_063058e72506-18, groupId=Consumer-topic-10b91540_150e_4a91_9bad_063058e72506] (Re-)joining group
2025-08-07 12:29:31,324 INFO  [org.apa.kaf.cli.con.int.ConsumerCoordinator] (Thread-744) [Consumer clientId=consumer-Consumer-topic-10b91540_150e_4a91_9bad_063058e72506-18, groupId=Consumer-topic-10b91540_150e_4a91_9bad_063058e72506] Request joining group due to: need to re-join with the given member-id: consumer-Consumer-topic-10b91540_150e_4a91_9bad_063058e72506-18-cd4a43fd-5f51-4441-826b-e668ad478fe1
2025-08-07 12:29:31,324 INFO  [org.apa.kaf.cli.con.int.ConsumerCoordinator] (Thread-744) [Consumer clientId=consumer-Consumer-topic-10b91540_150e_4a91_9bad_063058e72506-18, groupId=Consumer-topic-10b91540_150e_4a91_9bad_063058e72506] (Re-)joining group
2025-08-07 12:29:32,313 INFO  [io.api.tes.ser.api.KafkaSerdesTester] (Thread-744) None found
2025-08-07 12:29:33,313 INFO  [io.api.tes.ser.api.KafkaSerdesTester] (Thread-744) None found
2025-08-07 12:29:34,314 INFO  [io.api.tes.ser.api.KafkaSerdesTester] (Thread-744) None found
2025-08-07 12:29:34,326 INFO  [org.apa.kaf.cli.con.int.ConsumerCoordinator] (Thread-744) [Consumer clientId=consumer-Consumer-topic-10b91540_150e_4a91_9bad_063058e72506-18, groupId=Consumer-topic-10b91540_150e_4a91_9bad_063058e72506] Successfully joined group with generation Generation{generationId=1, memberId='consumer-Consumer-topic-10b91540_150e_4a91_9bad_063058e72506-18-cd4a43fd-5f51-4441-826b-e668ad478fe1', protocol='range'}
2025-08-07 12:29:34,326 INFO  [org.apa.kaf.cli.con.int.ConsumerCoordinator] (Thread-744) [Consumer clientId=consumer-Consumer-topic-10b91540_150e_4a91_9bad_063058e72506-18, groupId=Consumer-topic-10b91540_150e_4a91_9bad_063058e72506] Finished assignment for group at generation 1: {consumer-Consumer-topic-10b91540_150e_4a91_9bad_063058e72506-18-cd4a43fd-5f51-4441-826b-e668ad478fe1=Assignment(partitions=[topic-10b91540_150e_4a91_9bad_063058e72506-0])}
2025-08-07 12:29:34,333 INFO  [org.apa.kaf.cli.con.int.ConsumerCoordinator] (Thread-744) [Consumer clientId=consumer-Consumer-topic-10b91540_150e_4a91_9bad_063058e72506-18, groupId=Consumer-topic-10b91540_150e_4a91_9bad_063058e72506] Successfully synced group in generation Generation{generationId=1, memberId='consumer-Consumer-topic-10b91540_150e_4a91_9bad_063058e72506-18-cd4a43fd-5f51-4441-826b-e668ad478fe1', protocol='range'}
2025-08-07 12:29:34,333 INFO  [org.apa.kaf.cli.con.int.ConsumerCoordinator] (Thread-744) [Consumer clientId=consumer-Consumer-topic-10b91540_150e_4a91_9bad_063058e72506-18, groupId=Consumer-topic-10b91540_150e_4a91_9bad_063058e72506] Notifying assignor about the new Assignment(partitions=[topic-10b91540_150e_4a91_9bad_063058e72506-0])
2025-08-07 12:29:34,333 INFO  [org.apa.kaf.cli.con.int.ConsumerRebalanceListenerInvoker] (Thread-744) [Consumer clientId=consumer-Consumer-topic-10b91540_150e_4a91_9bad_063058e72506-18, groupId=Consumer-topic-10b91540_150e_4a91_9bad_063058e72506] Adding newly assigned partitions: topic-10b91540_150e_4a91_9bad_063058e72506-0
2025-08-07 12:29:34,334 INFO  [org.apa.kaf.cli.con.int.ConsumerCoordinator] (Thread-744) [Consumer clientId=consumer-Consumer-topic-10b91540_150e_4a91_9bad_063058e72506-18, groupId=Consumer-topic-10b91540_150e_4a91_9bad_063058e72506] Found no committed offset for partition topic-10b91540_150e_4a91_9bad_063058e72506-0
2025-08-07 12:29:34,335 INFO  [org.apa.kaf.cli.con.int.SubscriptionState] (Thread-744) [Consumer clientId=consumer-Consumer-topic-10b91540_150e_4a91_9bad_063058e72506-18, groupId=Consumer-topic-10b91540_150e_4a91_9bad_063058e72506] Resetting offset for partition topic-10b91540_150e_4a91_9bad_063058e72506-0 to position FetchPosition{offset=0, offsetEpoch=Optional.empty, currentLeader=LeaderAndEpoch{leader=Optional[localhost:32769 (id: 0 rack: null)], epoch=0}}.
2025-08-07 12:29:34,548 INFO  [io.api.tes.ser.api.KafkaSerdesTester] (Thread-744) topic-10b91540_150e_4a91_9bad_063058e72506 0 0 {"key11754569770813": "value-0"}
2025-08-07 12:29:34,548 INFO  [io.api.tes.ser.api.KafkaSerdesTester] (Thread-744) topic-10b91540_150e_4a91_9bad_063058e72506 0 1 {"key11754569770813": "value-1"}
2025-08-07 12:29:34,548 INFO  [io.api.tes.ser.api.KafkaSerdesTester] (Thread-744) topic-10b91540_150e_4a91_9bad_063058e72506 0 2 {"key11754569770813": "value-2"}
2025-08-07 12:29:34,548 INFO  [io.api.tes.ser.api.KafkaSerdesTester] (Thread-744) topic-10b91540_150e_4a91_9bad_063058e72506 0 3 {"key11754569770813": "value-3"}
2025-08-07 12:29:34,548 INFO  [io.api.tes.ser.api.KafkaSerdesTester] (Thread-744) topic-10b91540_150e_4a91_9bad_063058e72506 0 4 {"key11754569770813": "value-4"}
2025-08-07 12:29:34,548 INFO  [io.api.tes.ser.api.KafkaSerdesTester] (Thread-744) topic-10b91540_150e_4a91_9bad_063058e72506 0 5 {"key11754569770813": "value-5"}
2025-08-07 12:29:34,548 INFO  [io.api.tes.ser.api.KafkaSerdesTester] (Thread-744) topic-10b91540_150e_4a91_9bad_063058e72506 0 6 {"key11754569770813": "value-6"}
2025-08-07 12:29:34,548 INFO  [io.api.tes.ser.api.KafkaSerdesTester] (Thread-744) topic-10b91540_150e_4a91_9bad_063058e72506 0 7 {"key11754569770813": "value-7"}
2025-08-07 12:29:34,548 INFO  [io.api.tes.ser.api.KafkaSerdesTester] (Thread-744) topic-10b91540_150e_4a91_9bad_063058e72506 0 8 {"key11754569770813": "value-8"}
2025-08-07 12:29:34,548 INFO  [io.api.tes.ser.api.KafkaSerdesTester] (Thread-744) topic-10b91540_150e_4a91_9bad_063058e72506 0 9 {"key11754569770813": "value-9"}
2025-08-07 12:29:34,548 INFO  [io.api.tes.ser.api.KafkaSerdesTester] (Thread-744) Consumed 10 messages
2025-08-07 12:29:34,556 INFO  [org.apa.kaf.cli.con.int.ConsumerRebalanceListenerInvoker] (Thread-744) [Consumer clientId=consumer-Consumer-topic-10b91540_150e_4a91_9bad_063058e72506-18, groupId=Consumer-topic-10b91540_150e_4a91_9bad_063058e72506] Revoke previously assigned partitions topic-10b91540_150e_4a91_9bad_063058e72506-0
2025-08-07 12:29:34,556 INFO  [org.apa.kaf.cli.con.int.ConsumerCoordinator] (Thread-744) [Consumer clientId=consumer-Consumer-topic-10b91540_150e_4a91_9bad_063058e72506-18, groupId=Consumer-topic-10b91540_150e_4a91_9bad_063058e72506] Member consumer-Consumer-topic-10b91540_150e_4a91_9bad_063058e72506-18-cd4a43fd-5f51-4441-826b-e668ad478fe1 sending LeaveGroup request to coordinator localhost:32769 (id: 2147483647 rack: null) due to the consumer is being closed
2025-08-07 12:29:34,556 INFO  [org.apa.kaf.cli.con.int.ConsumerCoordinator] (Thread-744) [Consumer clientId=consumer-Consumer-topic-10b91540_150e_4a91_9bad_063058e72506-18, groupId=Consumer-topic-10b91540_150e_4a91_9bad_063058e72506] Resetting generation and member id due to: consumer pro-actively leaving the group
2025-08-07 12:29:34,556 INFO  [org.apa.kaf.cli.con.int.ConsumerCoordinator] (Thread-744) [Consumer clientId=consumer-Consumer-topic-10b91540_150e_4a91_9bad_063058e72506-18, groupId=Consumer-topic-10b91540_150e_4a91_9bad_063058e72506] Request joining group due to: consumer pro-actively leaving the group
2025-08-07 12:29:35,051 INFO  [org.apa.kaf.com.met.Metrics] (Thread-744) Metrics scheduler closed
2025-08-07 12:29:35,051 INFO  [org.apa.kaf.com.met.Metrics] (Thread-744) Closing reporter org.apache.kafka.common.metrics.JmxReporter
2025-08-07 12:29:35,051 INFO  [org.apa.kaf.com.met.Metrics] (Thread-744) Closing reporter org.apache.kafka.common.telemetry.internals.ClientTelemetryReporter
2025-08-07 12:29:35,051 INFO  [org.apa.kaf.com.met.Metrics] (Thread-744) Metrics reporters closed
2025-08-07 12:29:35,053 INFO  [org.apa.kaf.com.uti.AppInfoParser] (Thread-744) App info kafka.consumer for consumer-Consumer-topic-10b91540_150e_4a91_9bad_063058e72506-18 unregistered
2025-08-07 12:29:35,055 INFO  [io.api.tes.uti.TestSeparator] (main) io.apicurio.tests.serdes.apicurio.AvroSerdeIT.testGlobalIdInBody-FINISHED
2025-08-07 12:29:35,055 INFO  [io.api.tes.uti.TestSeparator] (main) ############################################################################
Test passed: testGlobalIdInBody
]]></system-out>
  </testcase>
  <testcase name="testProducerUsesGlobalIdConsumerUsesDefault" classname="io.apicurio.tests.serdes.apicurio.AvroSerdeIT" time="0.0">
    <skipped message="void io.apicurio.tests.serdes.apicurio.AvroSerdeIT.testProducerUsesGlobalIdConsumerUsesDefault() throws java.lang.Exception is @Disabled"/>
  </testcase>
</testsuite>